{
  "Plan": {
    "Node Type": "Aggregate",
    "Strategy": "Plain",
    "Partial Mode": "Simple",
    "Parallel Aware": false,
    "Startup Cost": 685841.84,
    "Total Cost": 685841.85,
    "Plan Rows": 1,
    "Plan Width": 96,
    "Actual Startup Time": 3385.31,
    "Actual Total Time": 3385.424,
    "Actual Rows": 1,
    "Actual Loops": 1,
    "Plans": [
      {
        "Node Type": "Merge Join",
        "Parent Relationship": "Outer",
        "Parallel Aware": false,
        "Join Type": "Inner",
        "Startup Cost": 673165.95,
        "Total Cost": 685841.83,
        "Plan Rows": 1,
        "Plan Width": 42,
        "Actual Startup Time": 3279.428,
        "Actual Total Time": 3384.826,
        "Actual Rows": 4711,
        "Actual Loops": 1,
        "Inner Unique": false,
        "Merge Cond": "(cn.id = mc.company_id)",
        "Plans": [
          {
            "Node Type": "Index Scan",
            "Parent Relationship": "Outer",
            "Parallel Aware": false,
            "Scan Direction": "Forward",
            "Index Name": "company_name_pkey",
            "Relation Name": "company_name",
            "Alias": "cn",
            "Startup Cost": 0.42,
            "Total Cost": 12469.43,
            "Plan Rows": 85931,
            "Plan Width": 23,
            "Actual Startup Time": 0.027,
            "Actual Total Time": 97.892,
            "Actual Rows": 84843,
            "Actual Loops": 1,
            "Filter": "((country_code)::text = '[us]'::text)",
            "Rows Removed by Filter": 150154
          },
          {
            "Node Type": "Sort",
            "Parent Relationship": "Inner",
            "Parallel Aware": false,
            "Startup Cost": 673165.53,
            "Total Cost": 673165.53,
            "Plan Rows": 1,
            "Plan Width": 27,
            "Actual Startup Time": 3279.382,
            "Actual Total Time": 3281.102,
            "Actual Rows": 15537,
            "Actual Loops": 1,
            "Sort Key": [
              "mc.company_id"
            ],
            "Sort Method": "quicksort",
            "Sort Space Used": 1539,
            "Sort Space Type": "Memory",
            "Plans": [
              {
                "Node Type": "Merge Join",
                "Parent Relationship": "Outer",
                "Parallel Aware": false,
                "Join Type": "Inner",
                "Startup Cost": 673165.49,
                "Total Cost": 673165.52,
                "Plan Rows": 1,
                "Plan Width": 27,
                "Actual Startup Time": 3273.623,
                "Actual Total Time": 3276.25,
                "Actual Rows": 15537,
                "Actual Loops": 1,
                "Inner Unique": true,
                "Merge Cond": "(mc.company_type_id = ct.id)",
                "Plans": [
                  {
                    "Node Type": "Sort",
                    "Parent Relationship": "Outer",
                    "Parallel Aware": false,
                    "Startup Cost": 673164.43,
                    "Total Cost": 673164.44,
                    "Plan Rows": 1,
                    "Plan Width": 31,
                    "Actual Startup Time": 3270.969,
                    "Actual Total Time": 3272.761,
                    "Actual Rows": 45006,
                    "Actual Loops": 1,
                    "Sort Key": [
                      "mc.company_type_id"
                    ],
                    "Sort Method": "quicksort",
                    "Sort Space Used": 5130,
                    "Sort Space Type": "Memory",
                    "Plans": [
                      {
                        "Node Type": "Merge Join",
                        "Parent Relationship": "Outer",
                        "Parallel Aware": false,
                        "Join Type": "Inner",
                        "Startup Cost": 526237.25,
                        "Total Cost": 673164.42,
                        "Plan Rows": 1,
                        "Plan Width": 31,
                        "Actual Startup Time": 2570.856,
                        "Actual Total Time": 3262.958,
                        "Actual Rows": 45006,
                        "Actual Loops": 1,
                        "Inner Unique": false,
                        "Merge Cond": "(mc.movie_id = t.id)",
                        "Plans": [
                          {
                            "Node Type": "Index Scan",
                            "Parent Relationship": "Outer",
                            "Parallel Aware": false,
                            "Scan Direction": "Forward",
                            "Index Name": "movie_id_movie_companies",
                            "Relation Name": "movie_companies",
                            "Alias": "mc",
                            "Startup Cost": 0.43,
                            "Total Cost": 140404.76,
                            "Plan Rows": 2609129,
                            "Plan Width": 12,
                            "Actual Startup Time": 0.016,
                            "Actual Total Time": 517.738,
                            "Actual Rows": 2609129,
                            "Actual Loops": 1
                          },
                          {
                            "Node Type": "Sort",
                            "Parent Relationship": "Inner",
                            "Parallel Aware": false,
                            "Startup Cost": 526236.82,
                            "Total Cost": 526236.82,
                            "Plan Rows": 1,
                            "Plan Width": 35,
                            "Actual Startup Time": 2570.624,
                            "Actual Total Time": 2573.453,
                            "Actual Rows": 45986,
                            "Actual Loops": 1,
                            "Sort Key": [
                              "mi_idx.movie_id"
                            ],
                            "Sort Method": "quicksort",
                            "Sort Space Used": 838,
                            "Sort Space Type": "Memory",
                            "Plans": [
                              {
                                "Node Type": "Merge Join",
                                "Parent Relationship": "Outer",
                                "Parallel Aware": false,
                                "Join Type": "Inner",
                                "Startup Cost": 526236.33,
                                "Total Cost": 526236.81,
                                "Plan Rows": 1,
                                "Plan Width": 35,
                                "Actual Startup Time": 2568.266,
                                "Actual Total Time": 2569.634,
                                "Actual Rows": 7964,
                                "Actual Loops": 1,
                                "Inner Unique": true,
                                "Merge Cond": "(mi.info_type_id = it1.id)",
                                "Plans": [
                                  {
                                    "Node Type": "Sort",
                                    "Parent Relationship": "Outer",
                                    "Parallel Aware": false,
                                    "Startup Cost": 526233.91,
                                    "Total Cost": 526234.14,
                                    "Plan Rows": 91,
                                    "Plan Width": 39,
                                    "Actual Startup Time": 2568.229,
                                    "Actual Total Time": 2568.628,
                                    "Actual Rows": 7964,
                                    "Actual Loops": 1,
                                    "Sort Key": [
                                      "mi.info_type_id"
                                    ],
                                    "Sort Method": "quicksort",
                                    "Sort Space Used": 852,
                                    "Sort Space Type": "Memory",
                                    "Plans": [
                                      {
                                        "Node Type": "Merge Join",
                                        "Parent Relationship": "Outer",
                                        "Parallel Aware": false,
                                        "Join Type": "Inner",
                                        "Startup Cost": 399283.71,
                                        "Total Cost": 526230.95,
                                        "Plan Rows": 91,
                                        "Plan Width": 39,
                                        "Actual Startup Time": 1395.647,
                                        "Actual Total Time": 2565.761,
                                        "Actual Rows": 7964,
                                        "Actual Loops": 1,
                                        "Inner Unique": false,
                                        "Merge Cond": "(t.id = mi.movie_id)",
                                        "Plans": [
                                          {
                                            "Node Type": "Merge Join",
                                            "Parent Relationship": "Outer",
                                            "Parallel Aware": false,
                                            "Join Type": "Inner",
                                            "Startup Cost": 43213.4,
                                            "Total Cost": 168719.01,
                                            "Plan Rows": 710,
                                            "Plan Width": 31,
                                            "Actual Startup Time": 201.786,
                                            "Actual Total Time": 1335.073,
                                            "Actual Rows": 52304,
                                            "Actual Loops": 1,
                                            "Inner Unique": false,
                                            "Merge Cond": "(t.id = mi_idx.movie_id)",
                                            "Plans": [
                                              {
                                                "Node Type": "Index Scan",
                                                "Parent Relationship": "Outer",
                                                "Parallel Aware": false,
                                                "Scan Direction": "Forward",
                                                "Index Name": "title_pkey",
                                                "Relation Name": "title",
                                                "Alias": "t",
                                                "Startup Cost": 0.43,
                                                "Total Cost": 123001.61,
                                                "Plan Rows": 1051436,
                                                "Plan Width": 21,
                                                "Actual Startup Time": 0.022,
                                                "Actual Total Time": 1063.098,
                                                "Actual Rows": 1042579,
                                                "Actual Loops": 1,
                                                "Filter": "((production_year >= 2000) AND (production_year <= 2010))",
                                                "Rows Removed by Filter": 1483231
                                              },
                                              {
                                                "Node Type": "Sort",
                                                "Parent Relationship": "Inner",
                                                "Parallel Aware": false,
                                                "Startup Cost": 43207.35,
                                                "Total Cost": 43211.62,
                                                "Plan Rows": 1708,
                                                "Plan Width": 10,
                                                "Actual Startup Time": 201.432,
                                                "Actual Total Time": 208.934,
                                                "Actual Rows": 121572,
                                                "Actual Loops": 1,
                                                "Sort Key": [
                                                  "mi_idx.movie_id"
                                                ],
                                                "Sort Method": "quicksort",
                                                "Sort Space Used": 8771,
                                                "Sort Space Type": "Memory",
                                                "Plans": [
                                                  {
                                                    "Node Type": "Merge Join",
                                                    "Parent Relationship": "Outer",
                                                    "Parallel Aware": false,
                                                    "Join Type": "Inner",
                                                    "Startup Cost": 42133.47,
                                                    "Total Cost": 43115.65,
                                                    "Plan Rows": 1708,
                                                    "Plan Width": 10,
                                                    "Actual Startup Time": 165.334,
                                                    "Actual Total Time": 182.165,
                                                    "Actual Rows": 121572,
                                                    "Actual Loops": 1,
                                                    "Inner Unique": false,
                                                    "Merge Cond": "(it2.id = mi_idx.info_type_id)",
                                                    "Plans": [
                                                      {
                                                        "Node Type": "Sort",
                                                        "Parent Relationship": "Outer",
                                                        "Parallel Aware": false,
                                                        "Startup Cost": 2.42,
                                                        "Total Cost": 2.43,
                                                        "Plan Rows": 1,
                                                        "Plan Width": 4,
                                                        "Actual Startup Time": 0.051,
                                                        "Actual Total Time": 0.052,
                                                        "Actual Rows": 1,
                                                        "Actual Loops": 1,
                                                        "Sort Key": [
                                                          "it2.id"
                                                        ],
                                                        "Sort Method": "quicksort",
                                                        "Sort Space Used": 25,
                                                        "Sort Space Type": "Memory",
                                                        "Plans": [
                                                          {
                                                            "Node Type": "Seq Scan",
                                                            "Parent Relationship": "Outer",
                                                            "Parallel Aware": false,
                                                            "Relation Name": "info_type",
                                                            "Alias": "it2",
                                                            "Startup Cost": 0.0,
                                                            "Total Cost": 2.41,
                                                            "Plan Rows": 1,
                                                            "Plan Width": 4,
                                                            "Actual Startup Time": 0.04,
                                                            "Actual Total Time": 0.045,
                                                            "Actual Rows": 1,
                                                            "Actual Loops": 1,
                                                            "Filter": "((info)::text = 'rating'::text)",
                                                            "Rows Removed by Filter": 112
                                                          }
                                                        ]
                                                      },
                                                      {
                                                        "Node Type": "Sort",
                                                        "Parent Relationship": "Inner",
                                                        "Parallel Aware": false,
                                                        "Startup Cost": 42131.04,
                                                        "Total Cost": 42613.59,
                                                        "Plan Rows": 193020,
                                                        "Plan Width": 14,
                                                        "Actual Startup Time": 158.174,
                                                        "Actual Total Time": 165.787,
                                                        "Actual Rows": 192806,
                                                        "Actual Loops": 1,
                                                        "Sort Key": [
                                                          "mi_idx.info_type_id"
                                                        ],
                                                        "Sort Method": "quicksort",
                                                        "Sort Space Used": 15241,
                                                        "Sort Space Type": "Memory",
                                                        "Plans": [
                                                          {
                                                            "Node Type": "Seq Scan",
                                                            "Parent Relationship": "Outer",
                                                            "Parallel Aware": false,
                                                            "Relation Name": "movie_info_idx",
                                                            "Alias": "mi_idx",
                                                            "Startup Cost": 0.0,
                                                            "Total Cost": 25185.44,
                                                            "Plan Rows": 193020,
                                                            "Plan Width": 14,
                                                            "Actual Startup Time": 0.044,
                                                            "Actual Total Time": 131.205,
                                                            "Actual Rows": 192839,
                                                            "Actual Loops": 1,
                                                            "Filter": "(info > '7.0'::text)",
                                                            "Rows Removed by Filter": 1187196
                                                          }
                                                        ]
                                                      }
                                                    ]
                                                  }
                                                ]
                                              }
                                            ]
                                          },
                                          {
                                            "Node Type": "Sort",
                                            "Parent Relationship": "Inner",
                                            "Parallel Aware": false,
                                            "Startup Cost": 356070.32,
                                            "Total Cost": 356878.17,
                                            "Plan Rows": 323142,
                                            "Plan Width": 8,
                                            "Actual Startup Time": 1192.938,
                                            "Actual Total Time": 1208.85,
                                            "Actual Rows": 327293,
                                            "Actual Loops": 1,
                                            "Sort Key": [
                                              "mi.movie_id"
                                            ],
                                            "Sort Method": "quicksort",
                                            "Sort Space Used": 27631,
                                            "Sort Space Type": "Memory",
                                            "Plans": [
                                              {
                                                "Node Type": "Gather",
                                                "Parent Relationship": "Outer",
                                                "Parallel Aware": false,
                                                "Startup Cost": 1000.0,
                                                "Total Cost": 326499.9,
                                                "Plan Rows": 323142,
                                                "Plan Width": 8,
                                                "Actual Startup Time": 689.732,
                                                "Actual Total Time": 1139.129,
                                                "Actual Rows": 327313,
                                                "Actual Loops": 1,
                                                "Workers Planned": 1,
                                                "Workers Launched": 1,
                                                "Single Copy": false,
                                                "Plans": [
                                                  {
                                                    "Node Type": "Seq Scan",
                                                    "Parent Relationship": "Outer",
                                                    "Parallel Aware": true,
                                                    "Relation Name": "movie_info",
                                                    "Alias": "mi",
                                                    "Startup Cost": 0.0,
                                                    "Total Cost": 293185.7,
                                                    "Plan Rows": 190084,
                                                    "Plan Width": 8,
                                                    "Actual Startup Time": 684.191,
                                                    "Actual Total Time": 1109.109,
                                                    "Actual Rows": 163656,
                                                    "Actual Loops": 2,
                                                    "Filter": "(info = ANY ('{Drama,Horror,Western,Family}'::text[]))",
                                                    "Rows Removed by Filter": 7254204
                                                  }
                                                ]
                                              }
                                            ]
                                          }
                                        ]
                                      }
                                    ]
                                  },
                                  {
                                    "Node Type": "Sort",
                                    "Parent Relationship": "Inner",
                                    "Parallel Aware": false,
                                    "Startup Cost": 2.42,
                                    "Total Cost": 2.43,
                                    "Plan Rows": 1,
                                    "Plan Width": 4,
                                    "Actual Startup Time": 0.032,
                                    "Actual Total Time": 0.033,
                                    "Actual Rows": 1,
                                    "Actual Loops": 1,
                                    "Sort Key": [
                                      "it1.id"
                                    ],
                                    "Sort Method": "quicksort",
                                    "Sort Space Used": 25,
                                    "Sort Space Type": "Memory",
                                    "Plans": [
                                      {
                                        "Node Type": "Seq Scan",
                                        "Parent Relationship": "Outer",
                                        "Parallel Aware": false,
                                        "Relation Name": "info_type",
                                        "Alias": "it1",
                                        "Startup Cost": 0.0,
                                        "Total Cost": 2.41,
                                        "Plan Rows": 1,
                                        "Plan Width": 4,
                                        "Actual Startup Time": 0.019,
                                        "Actual Total Time": 0.024,
                                        "Actual Rows": 1,
                                        "Actual Loops": 1,
                                        "Filter": "((info)::text = 'genres'::text)",
                                        "Rows Removed by Filter": 112
                                      }
                                    ]
                                  }
                                ]
                              }
                            ]
                          }
                        ]
                      }
                    ]
                  },
                  {
                    "Node Type": "Sort",
                    "Parent Relationship": "Inner",
                    "Parallel Aware": false,
                    "Startup Cost": 1.06,
                    "Total Cost": 1.06,
                    "Plan Rows": 1,
                    "Plan Width": 4,
                    "Actual Startup Time": 0.028,
                    "Actual Total Time": 0.029,
                    "Actual Rows": 1,
                    "Actual Loops": 1,
                    "Sort Key": [
                      "ct.id"
                    ],
                    "Sort Method": "quicksort",
                    "Sort Space Used": 25,
                    "Sort Space Type": "Memory",
                    "Plans": [
                      {
                        "Node Type": "Seq Scan",
                        "Parent Relationship": "Outer",
                        "Parallel Aware": false,
                        "Relation Name": "company_type",
                        "Alias": "ct",
                        "Startup Cost": 0.0,
                        "Total Cost": 1.05,
                        "Plan Rows": 1,
                        "Plan Width": 4,
                        "Actual Startup Time": 0.017,
                        "Actual Total Time": 0.018,
                        "Actual Rows": 1,
                        "Actual Loops": 1,
                        "Filter": "((kind)::text = 'production companies'::text)",
                        "Rows Removed by Filter": 3
                      }
                    ]
                  }
                ]
              }
            ]
          }
        ]
      }
    ]
  },
  "Planning Time": 2.578,
  "Triggers": [],
  "Execution Time": 3385.667
}