[
  {
    "Plan": {
      "Node Type": "Aggregate",
      "Strategy": "Plain",
      "Partial Mode": "Finalize",
      "Parallel Aware": false,
      "Startup Cost": 111796.6,
      "Total Cost": 111796.61,
      "Plan Rows": 1,
      "Plan Width": 8,
      "Actual Startup Time": 197.339,
      "Actual Total Time": 209.308,
      "Actual Rows": 1,
      "Actual Loops": 1,
      "Plans": [
        {
          "Node Type": "Gather",
          "Parent Relationship": "Outer",
          "Parallel Aware": false,
          "Startup Cost": 111796.08,
          "Total Cost": 111796.59,
          "Plan Rows": 5,
          "Plan Width": 8,
          "Actual Startup Time": 197.229,
          "Actual Total Time": 209.297,
          "Actual Rows": 6,
          "Actual Loops": 1,
          "Workers Planned": 5,
          "Workers Launched": 5,
          "Single Copy": false,
          "Plans": [
            {
              "Node Type": "Aggregate",
              "Strategy": "Plain",
              "Partial Mode": "Partial",
              "Parent Relationship": "Outer",
              "Parallel Aware": false,
              "Startup Cost": 110796.08,
              "Total Cost": 110796.09,
              "Plan Rows": 1,
              "Plan Width": 8,
              "Actual Startup Time": 187.458,
              "Actual Total Time": 187.459,
              "Actual Rows": 1,
              "Actual Loops": 6,
              "Plans": [
                {
                  "Node Type": "Index Scan",
                  "Parent Relationship": "Outer",
                  "Parallel Aware": true,
                  "Scan Direction": "Forward",
                  "Index Name": "role_id_cast_info",
                  "Relation Name": "cast_info",
                  "Alias": "ci",
                  "Startup Cost": 0.56,
                  "Total Cost": 110428.26,
                  "Plan Rows": 147128,
                  "Plan Width": 0,
                  "Actual Startup Time": 160.086,
                  "Actual Total Time": 184.444,
                  "Actual Rows": 54874,
                  "Actual Loops": 6,
                  "Index Cond": "(role_id = 3)",
                  "Rows Removed by Index Recheck": 0,
                  "Filter": "(person_id > 3013201)",
                  "Rows Removed by Filter": 613132
                }
              ]
            }
          ]
        }
      ]
    },
    "Planning Time": 0.209,
    "Triggers": [],
    "Execution Time": 209.368
  }
]