{
  "Plan": {
    "Node Type": "Aggregate",
    "Strategy": "Plain",
    "Partial Mode": "Finalize",
    "Parallel Aware": false,
    "Startup Cost": 133104.2,
    "Total Cost": 133104.21,
    "Plan Rows": 1,
    "Plan Width": 8,
    "Actual Startup Time": 613.669,
    "Actual Total Time": 629.386,
    "Actual Rows": 1,
    "Actual Loops": 1,
    "Plans": [
      {
        "Node Type": "Gather",
        "Parent Relationship": "Outer",
        "Parallel Aware": false,
        "Startup Cost": 133104.09,
        "Total Cost": 133104.2,
        "Plan Rows": 1,
        "Plan Width": 8,
        "Actual Startup Time": 612.973,
        "Actual Total Time": 629.375,
        "Actual Rows": 2,
        "Actual Loops": 1,
        "Workers Planned": 1,
        "Workers Launched": 1,
        "Single Copy": false,
        "Plans": [
          {
            "Node Type": "Aggregate",
            "Strategy": "Plain",
            "Partial Mode": "Partial",
            "Parent Relationship": "Outer",
            "Parallel Aware": false,
            "Startup Cost": 132104.09,
            "Total Cost": 132104.1,
            "Plan Rows": 1,
            "Plan Width": 8,
            "Actual Startup Time": 604.78,
            "Actual Total Time": 605.025,
            "Actual Rows": 1,
            "Actual Loops": 2,
            "Plans": [
              {
                "Node Type": "Hash Join",
                "Parent Relationship": "Outer",
                "Parallel Aware": true,
                "Join Type": "Inner",
                "Startup Cost": 97150.12,
                "Total Cost": 132061.99,
                "Plan Rows": 16841,
                "Plan Width": 0,
                "Actual Startup Time": 414.606,
                "Actual Total Time": 602.264,
                "Actual Rows": 45106,
                "Actual Loops": 2,
                "Inner Unique": false,
                "Hash Cond": "(mk.movie_id = t.id)",
                "Plans": [
                  {
                    "Node Type": "Bitmap Heap Scan",
                    "Parent Relationship": "Outer",
                    "Parallel Aware": true,
                    "Relation Name": "movie_keyword",
                    "Alias": "mk",
                    "Startup Cost": 22987.04,
                    "Total Cost": 55409.35,
                    "Plan Rows": 637465,
                    "Plan Width": 4,
                    "Actual Startup Time": 70.546,
                    "Actual Total Time": 193.359,
                    "Actual Rows": 548626,
                    "Actual Loops": 2,
                    "Recheck Cond": "(keyword_id < 1125)",
                    "Rows Removed by Index Recheck": 0,
                    "Exact Heap Blocks": 9964,
                    "Lossy Heap Blocks": 0,
                    "Plans": [
                      {
                        "Node Type": "Bitmap Index Scan",
                        "Parent Relationship": "Outer",
                        "Parallel Aware": false,
                        "Index Name": "keyword_id_movie_keyword",
                        "Startup Cost": 0.0,
                        "Total Cost": 22716.11,
                        "Plan Rows": 1083691,
                        "Plan Width": 0,
                        "Actual Startup Time": 66.862,
                        "Actual Total Time": 66.863,
                        "Actual Rows": 1097253,
                        "Actual Loops": 1,
                        "Index Cond": "(keyword_id < 1125)"
                      }
                    ]
                  },
                  {
                    "Node Type": "Hash",
                    "Parent Relationship": "Inner",
                    "Parallel Aware": true,
                    "Startup Cost": 73671.95,
                    "Total Cost": 73671.95,
                    "Plan Rows": 39290,
                    "Plan Width": 8,
                    "Actual Startup Time": 341.585,
                    "Actual Total Time": 341.828,
                    "Actual Rows": 29300,
                    "Actual Loops": 2,
                    "Hash Buckets": 131072,
                    "Original Hash Buckets": 131072,
                    "Hash Batches": 1,
                    "Original Hash Batches": 1,
                    "Peak Memory Usage": 3360,
                    "Plans": [
                      {
                        "Node Type": "Hash Join",
                        "Parent Relationship": "Outer",
                        "Parallel Aware": true,
                        "Join Type": "Inner",
                        "Startup Cost": 55488.16,
                        "Total Cost": 73671.95,
                        "Plan Rows": 39290,
                        "Plan Width": 8,
                        "Actual Startup Time": 184.189,
                        "Actual Total Time": 333.973,
                        "Actual Rows": 29300,
                        "Actual Loops": 2,
                        "Inner Unique": true,
                        "Hash Cond": "(mi_idx.movie_id = t.id)",
                        "Plans": [
                          {
                            "Node Type": "Seq Scan",
                            "Parent Relationship": "Outer",
                            "Parallel Aware": true,
                            "Relation Name": "movie_info_idx",
                            "Alias": "mi_idx",
                            "Startup Cost": 0.0,
                            "Total Cost": 16052.85,
                            "Plan Rows": 811785,
                            "Plan Width": 4,
                            "Actual Startup Time": 0.025,
                            "Actual Total Time": 64.307,
                            "Actual Rows": 690018,
                            "Actual Loops": 2
                          },
                          {
                            "Node Type": "Hash",
                            "Parent Relationship": "Inner",
                            "Parallel Aware": true,
                            "Startup Cost": 54588.39,
                            "Total Cost": 54588.39,
                            "Plan Rows": 71982,
                            "Plan Width": 4,
                            "Actual Startup Time": 182.316,
                            "Actual Total Time": 182.318,
                            "Actual Rows": 61430,
                            "Actual Loops": 2,
                            "Hash Buckets": 131072,
                            "Original Hash Buckets": 131072,
                            "Hash Batches": 1,
                            "Original Hash Batches": 1,
                            "Peak Memory Usage": 5888,
                            "Plans": [
                              {
                                "Node Type": "Seq Scan",
                                "Parent Relationship": "Outer",
                                "Parallel Aware": true,
                                "Relation Name": "title",
                                "Alias": "t",
                                "Startup Cost": 0.0,
                                "Total Cost": 54588.39,
                                "Plan Rows": 71982,
                                "Plan Width": 4,
                                "Actual Startup Time": 0.041,
                                "Actual Total Time": 160.188,
                                "Actual Rows": 61430,
                                "Actual Loops": 2,
                                "Filter": "(production_year = 2008)",
                                "Rows Removed by Filter": 1202726
                              }
                            ]
                          }
                        ]
                      }
                    ]
                  }
                ]
              }
            ]
          }
        ]
      }
    ]
  },
  "Planning Time": 1.004,
  "Triggers": [],
  "Execution Time": 629.489
}