[
    {
        "Bao": {
            "Bao prediction": "NaN",
            "Bao recommended hint": "(no hint)"
        }
    },
    {
        "Plan": {
            "Node Type": "Aggregate",
            "Strategy": "Plain",
            "Partial Mode": "Finalize",
            "Parallel Aware": false,
            "Startup Cost": 36978.46,
            "Total Cost": 36978.47,
            "Plan Rows": 1,
            "Plan Width": 8,
            "Actual Startup Time": 124.718,
            "Actual Total Time": 133.526,
            "Actual Rows": 1,
            "Actual Loops": 1,
            "Output": [
                "count(*)"
            ],
            "Plans": [
                {
                    "Node Type": "Gather",
                    "Parent Relationship": "Outer",
                    "Parallel Aware": false,
                    "Startup Cost": 36978.14,
                    "Total Cost": 36978.45,
                    "Plan Rows": 3,
                    "Plan Width": 8,
                    "Actual Startup Time": 124.454,
                    "Actual Total Time": 133.518,
                    "Actual Rows": 4,
                    "Actual Loops": 1,
                    "Output": [
                        "(PARTIAL count(*))"
                    ],
                    "Workers Planned": 3,
                    "Workers Launched": 3,
                    "Single Copy": false,
                    "Plans": [
                        {
                            "Node Type": "Aggregate",
                            "Strategy": "Plain",
                            "Partial Mode": "Partial",
                            "Parent Relationship": "Outer",
                            "Parallel Aware": false,
                            "Startup Cost": 35978.14,
                            "Total Cost": 35978.15,
                            "Plan Rows": 1,
                            "Plan Width": 8,
                            "Actual Startup Time": 115.619,
                            "Actual Total Time": 115.621,
                            "Actual Rows": 1,
                            "Actual Loops": 4,
                            "Output": [
                                "PARTIAL count(*)"
                            ],
                            "Workers": [
                                {
                                    "Worker Number": 0,
                                    "Actual Startup Time": 112.592,
                                    "Actual Total Time": 112.594,
                                    "Actual Rows": 1,
                                    "Actual Loops": 1
                                },
                                {
                                    "Worker Number": 1,
                                    "Actual Startup Time": 112.779,
                                    "Actual Total Time": 112.781,
                                    "Actual Rows": 1,
                                    "Actual Loops": 1
                                },
                                {
                                    "Worker Number": 2,
                                    "Actual Startup Time": 113.276,
                                    "Actual Total Time": 113.278,
                                    "Actual Rows": 1,
                                    "Actual Loops": 1
                                }
                            ],
                            "Plans": [
                                {
                                    "Node Type": "Bitmap Heap Scan",
                                    "Parent Relationship": "Outer",
                                    "Parallel Aware": true,
                                    "Relation Name": "movie_keyword",
                                    "Schema": "public",
                                    "Alias": "mk",
                                    "Startup Cost": 9384.09,
                                    "Total Cost": 35621.47,
                                    "Plan Rows": 142670,
                                    "Plan Width": 0,
                                    "Actual Startup Time": 40.888,
                                    "Actual Total Time": 109.03,
                                    "Actual Rows": 108150,
                                    "Actual Loops": 4,
                                    "Recheck Cond": "(mk.keyword_id > 40497)",
                                    "Rows Removed by Index Recheck": 0,
                                    "Exact Heap Blocks": 11334,
                                    "Lossy Heap Blocks": 0,
                                    "Workers": [
                                        {
                                            "Worker Number": 0,
                                            "Actual Startup Time": 37.859,
                                            "Actual Total Time": 106.533,
                                            "Actual Rows": 67118,
                                            "Actual Loops": 1
                                        },
                                        {
                                            "Worker Number": 1,
                                            "Actual Startup Time": 38.341,
                                            "Actual Total Time": 107.252,
                                            "Actual Rows": 81203,
                                            "Actual Loops": 1
                                        },
                                        {
                                            "Worker Number": 2,
                                            "Actual Startup Time": 38.538,
                                            "Actual Total Time": 107.069,
                                            "Actual Rows": 69545,
                                            "Actual Loops": 1
                                        }
                                    ],
                                    "Plans": [
                                        {
                                            "Node Type": "Bitmap Index Scan",
                                            "Parent Relationship": "Outer",
                                            "Parallel Aware": false,
                                            "Index Name": "keyword_id_movie_keyword",
                                            "Startup Cost": 0.0,
                                            "Total Cost": 9273.52,
                                            "Plan Rows": 442278,
                                            "Plan Width": 0,
                                            "Actual Startup Time": 45.49,
                                            "Actual Total Time": 45.49,
                                            "Actual Rows": 432600,
                                            "Actual Loops": 1,
                                            "Index Cond": "(mk.keyword_id > 40497)"
                                        }
                                    ]
                                }
                            ]
                        }
                    ]
                }
            ]
        },
        "Planning Time": 320.052,
        "Triggers": [],
        "Execution Time": 133.63
    }
]