[
    {
        "Bao": {
            "Bao prediction": "NaN",
            "Bao recommended hint": "(no hint)"
        }
    },
    {
        "Plan": {
            "Node Type": "Aggregate",
            "Strategy": "Plain",
            "Partial Mode": "Finalize",
            "Parallel Aware": false,
            "Startup Cost": 348942.32,
            "Total Cost": 348942.33,
            "Plan Rows": 1,
            "Plan Width": 8,
            "Actual Startup Time": 749.287,
            "Actual Total Time": 773.302,
            "Actual Rows": 1,
            "Actual Loops": 1,
            "Output": [
                "count(*)"
            ],
            "Plans": [
                {
                    "Node Type": "Gather",
                    "Parent Relationship": "Outer",
                    "Parallel Aware": false,
                    "Startup Cost": 348941.69,
                    "Total Cost": 348942.3,
                    "Plan Rows": 6,
                    "Plan Width": 8,
                    "Actual Startup Time": 749.225,
                    "Actual Total Time": 773.292,
                    "Actual Rows": 7,
                    "Actual Loops": 1,
                    "Output": [
                        "(PARTIAL count(*))"
                    ],
                    "Workers Planned": 6,
                    "Workers Launched": 6,
                    "Single Copy": false,
                    "Plans": [
                        {
                            "Node Type": "Aggregate",
                            "Strategy": "Plain",
                            "Partial Mode": "Partial",
                            "Parent Relationship": "Outer",
                            "Parallel Aware": false,
                            "Startup Cost": 347941.69,
                            "Total Cost": 347941.7,
                            "Plan Rows": 1,
                            "Plan Width": 8,
                            "Actual Startup Time": 739.056,
                            "Actual Total Time": 739.057,
                            "Actual Rows": 1,
                            "Actual Loops": 7,
                            "Output": [
                                "PARTIAL count(*)"
                            ],
                            "Workers": [
                                {
                                    "Worker Number": 0,
                                    "Actual Startup Time": 736.787,
                                    "Actual Total Time": 736.788,
                                    "Actual Rows": 1,
                                    "Actual Loops": 1
                                },
                                {
                                    "Worker Number": 1,
                                    "Actual Startup Time": 737.001,
                                    "Actual Total Time": 737.002,
                                    "Actual Rows": 1,
                                    "Actual Loops": 1
                                },
                                {
                                    "Worker Number": 2,
                                    "Actual Startup Time": 736.986,
                                    "Actual Total Time": 736.987,
                                    "Actual Rows": 1,
                                    "Actual Loops": 1
                                },
                                {
                                    "Worker Number": 3,
                                    "Actual Startup Time": 737.659,
                                    "Actual Total Time": 737.66,
                                    "Actual Rows": 1,
                                    "Actual Loops": 1
                                },
                                {
                                    "Worker Number": 4,
                                    "Actual Startup Time": 738.067,
                                    "Actual Total Time": 738.068,
                                    "Actual Rows": 1,
                                    "Actual Loops": 1
                                },
                                {
                                    "Worker Number": 5,
                                    "Actual Startup Time": 738.282,
                                    "Actual Total Time": 738.284,
                                    "Actual Rows": 1,
                                    "Actual Loops": 1
                                }
                            ],
                            "Plans": [
                                {
                                    "Node Type": "Seq Scan",
                                    "Parent Relationship": "Outer",
                                    "Parallel Aware": true,
                                    "Relation Name": "cast_info",
                                    "Schema": "public",
                                    "Alias": "ci",
                                    "Startup Cost": 0.0,
                                    "Total Cost": 343318.94,
                                    "Plan Rows": 1849101,
                                    "Plan Width": 0,
                                    "Actual Startup Time": 227.217,
                                    "Actual Total Time": 632.021,
                                    "Actual Rows": 2458058,
                                    "Actual Loops": 7,
                                    "Output": [
                                        "id",
                                        "person_id",
                                        "movie_id",
                                        "person_role_id",
                                        "note",
                                        "nr_order",
                                        "role_id"
                                    ],
                                    "Filter": "((ci.person_id > 1900754) AND (ci.role_id > 1))",
                                    "Rows Removed by Filter": 2719705,
                                    "Workers": [
                                        {
                                            "Worker Number": 0,
                                            "Actual Startup Time": 224.947,
                                            "Actual Total Time": 633.014,
                                            "Actual Rows": 2541025,
                                            "Actual Loops": 1
                                        },
                                        {
                                            "Worker Number": 1,
                                            "Actual Startup Time": 225.149,
                                            "Actual Total Time": 631.747,
                                            "Actual Rows": 2536097,
                                            "Actual Loops": 1
                                        },
                                        {
                                            "Worker Number": 2,
                                            "Actual Startup Time": 225.159,
                                            "Actual Total Time": 632.627,
                                            "Actual Rows": 2494139,
                                            "Actual Loops": 1
                                        },
                                        {
                                            "Worker Number": 3,
                                            "Actual Startup Time": 225.828,
                                            "Actual Total Time": 633.787,
                                            "Actual Rows": 2539515,
                                            "Actual Loops": 1
                                        },
                                        {
                                            "Worker Number": 4,
                                            "Actual Startup Time": 226.222,
                                            "Actual Total Time": 632.895,
                                            "Actual Rows": 2531911,
                                            "Actual Loops": 1
                                        },
                                        {
                                            "Worker Number": 5,
                                            "Actual Startup Time": 226.451,
                                            "Actual Total Time": 634.813,
                                            "Actual Rows": 2510931,
                                            "Actual Loops": 1
                                        }
                                    ]
                                }
                            ]
                        }
                    ]
                }
            ]
        },
        "Planning Time": 273.848,
        "Triggers": [],
        "Execution Time": 773.389
    }
]