[
  {
    "Plan": {
      "Node Type": "Aggregate",
      "Strategy": "Plain",
      "Partial Mode": "Finalize",
      "Parallel Aware": false,
      "Startup Cost": 47310.11,
      "Total Cost": 47310.12,
      "Plan Rows": 1,
      "Plan Width": 8,
      "Actual Startup Time": 99.709,
      "Actual Total Time": 113.209,
      "Actual Rows": 1,
      "Actual Loops": 1,
      "Plans": [
        {
          "Node Type": "Gather",
          "Parent Relationship": "Outer",
          "Parallel Aware": false,
          "Startup Cost": 47309.69,
          "Total Cost": 47310.1,
          "Plan Rows": 4,
          "Plan Width": 8,
          "Actual Startup Time": 99.562,
          "Actual Total Time": 113.2,
          "Actual Rows": 5,
          "Actual Loops": 1,
          "Workers Planned": 4,
          "Workers Launched": 4,
          "Single Copy": false,
          "Plans": [
            {
              "Node Type": "Aggregate",
              "Strategy": "Plain",
              "Partial Mode": "Partial",
              "Parent Relationship": "Outer",
              "Parallel Aware": false,
              "Startup Cost": 46309.69,
              "Total Cost": 46309.7,
              "Plan Rows": 1,
              "Plan Width": 8,
              "Actual Startup Time": 95.847,
              "Actual Total Time": 95.848,
              "Actual Rows": 1,
              "Actual Loops": 5,
              "Plans": [
                {
                  "Node Type": "Seq Scan",
                  "Parent Relationship": "Outer",
                  "Parallel Aware": true,
                  "Relation Name": "title",
                  "Alias": "t",
                  "Startup Cost": 0.0,
                  "Total Cost": 45479.59,
                  "Plan Rows": 332041,
                  "Plan Width": 0,
                  "Actual Startup Time": 0.027,
                  "Actual Total Time": 84.522,
                  "Actual Rows": 259626,
                  "Actual Loops": 5,
                  "Filter": "((kind_id > 1) AND (production_year < 2009))",
                  "Rows Removed by Filter": 246037
                }
              ]
            }
          ]
        }
      ]
    },
    "Planning Time": 0.123,
    "Triggers": [],
    "Execution Time": 113.248
  }
]