{
    "Plan": {
        "Node Type": "Aggregate",
        "Strategy": "Plain",
        "Partial Mode": "Finalize",
        "Parallel Aware": false,
        "Startup Cost": 325637.72,
        "Total Cost": 325637.73,
        "Plan Rows": 1,
        "Plan Width": 8,
        "Actual Startup Time": 2247.961,
        "Actual Total Time": 2294.196,
        "Actual Rows": 1,
        "Actual Loops": 1,
        "Output": [
            "count(*)"
        ],
        "Plans": [
            {
                "Node Type": "Gather",
                "Parent Relationship": "Outer",
                "Parallel Aware": false,
                "Startup Cost": 325637.09,
                "Total Cost": 325637.7,
                "Plan Rows": 6,
                "Plan Width": 8,
                "Actual Startup Time": 2215.018,
                "Actual Total Time": 2294.183,
                "Actual Rows": 7,
                "Actual Loops": 1,
                "Output": [
                    "(PARTIAL count(*))"
                ],
                "Workers Planned": 6,
                "Workers Launched": 6,
                "Single Copy": false,
                "Plans": [
                    {
                        "Node Type": "Aggregate",
                        "Strategy": "Plain",
                        "Partial Mode": "Partial",
                        "Parent Relationship": "Outer",
                        "Parallel Aware": false,
                        "Startup Cost": 324637.09,
                        "Total Cost": 324637.1,
                        "Plan Rows": 1,
                        "Plan Width": 8,
                        "Actual Startup Time": 2192.094,
                        "Actual Total Time": 2192.771,
                        "Actual Rows": 1,
                        "Actual Loops": 7,
                        "Output": [
                            "PARTIAL count(*)"
                        ],
                        "Workers": [
                            {
                                "Worker Number": 0,
                                "Actual Startup Time": 2187.913,
                                "Actual Total Time": 2187.918,
                                "Actual Rows": 1,
                                "Actual Loops": 1
                            },
                            {
                                "Worker Number": 1,
                                "Actual Startup Time": 2187.677,
                                "Actual Total Time": 2187.682,
                                "Actual Rows": 1,
                                "Actual Loops": 1
                            },
                            {
                                "Worker Number": 2,
                                "Actual Startup Time": 2190.96,
                                "Actual Total Time": 2190.965,
                                "Actual Rows": 1,
                                "Actual Loops": 1
                            },
                            {
                                "Worker Number": 3,
                                "Actual Startup Time": 2188.106,
                                "Actual Total Time": 2188.11,
                                "Actual Rows": 1,
                                "Actual Loops": 1
                            },
                            {
                                "Worker Number": 4,
                                "Actual Startup Time": 2187.979,
                                "Actual Total Time": 2187.985,
                                "Actual Rows": 1,
                                "Actual Loops": 1
                            },
                            {
                                "Worker Number": 5,
                                "Actual Startup Time": 2188.016,
                                "Actual Total Time": 2188.022,
                                "Actual Rows": 1,
                                "Actual Loops": 1
                            }
                        ],
                        "Plans": [
                            {
                                "Node Type": "Hash Join",
                                "Parent Relationship": "Outer",
                                "Parallel Aware": true,
                                "Join Type": "Inner",
                                "Startup Cost": 107614.01,
                                "Total Cost": 321121.92,
                                "Plan Rows": 1406069,
                                "Plan Width": 0,
                                "Actual Startup Time": 655.722,
                                "Actual Total Time": 1878.325,
                                "Actual Rows": 6583302,
                                "Actual Loops": 7,
                                "Inner Unique": false,
                                "Hash Cond": "(ci.movie_id = t.id)",
                                "Workers": [
                                    {
                                        "Worker Number": 0,
                                        "Actual Startup Time": 651.968,
                                        "Actual Total Time": 1872.402,
                                        "Actual Rows": 5731063,
                                        "Actual Loops": 1
                                    },
                                    {
                                        "Worker Number": 1,
                                        "Actual Startup Time": 651.782,
                                        "Actual Total Time": 1865.105,
                                        "Actual Rows": 5852888,
                                        "Actual Loops": 1
                                    },
                                    {
                                        "Worker Number": 2,
                                        "Actual Startup Time": 652.122,
                                        "Actual Total Time": 1867.527,
                                        "Actual Rows": 5715374,
                                        "Actual Loops": 1
                                    },
                                    {
                                        "Worker Number": 3,
                                        "Actual Startup Time": 651.854,
                                        "Actual Total Time": 1883.921,
                                        "Actual Rows": 7919339,
                                        "Actual Loops": 1
                                    },
                                    {
                                        "Worker Number": 4,
                                        "Actual Startup Time": 652.041,
                                        "Actual Total Time": 1868.013,
                                        "Actual Rows": 5128845,
                                        "Actual Loops": 1
                                    },
                                    {
                                        "Worker Number": 5,
                                        "Actual Startup Time": 652.176,
                                        "Actual Total Time": 1897.876,
                                        "Actual Rows": 7463906,
                                        "Actual Loops": 1
                                    }
                                ],
                                "Plans": [
                                    {
                                        "Node Type": "Index Scan",
                                        "Parent Relationship": "Outer",
                                        "Parallel Aware": true,
                                        "Scan Direction": "Forward",
                                        "Index Name": "role_id_cast_info",
                                        "Relation Name": "cast_info",
                                        "Schema": "public",
                                        "Alias": "ci",
                                        "Startup Cost": 0.56,
                                        "Total Cost": 204547.44,
                                        "Plan Rows": 1180088,
                                        "Plan Width": 4,
                                        "Actual Startup Time": 0.27,
                                        "Actual Total Time": 284.26,
                                        "Actual Rows": 1063546,
                                        "Actual Loops": 7,
                                        "Output": [
                                            "ci.id",
                                            "ci.person_id",
                                            "ci.movie_id",
                                            "ci.person_role_id",
                                            "ci.note",
                                            "ci.nr_order",
                                            "ci.role_id"
                                        ],
                                        "Index Cond": "(ci.role_id > 6)",
                                        "Rows Removed by Index Recheck": 0,
                                        "Filter": "(ci.person_id > 247339)",
                                        "Rows Removed by Filter": 38260,
                                        "Workers": [
                                            {
                                                "Worker Number": 0,
                                                "Actual Startup Time": 0.23,
                                                "Actual Total Time": 291.783,
                                                "Actual Rows": 903650,
                                                "Actual Loops": 1
                                            },
                                            {
                                                "Worker Number": 1,
                                                "Actual Startup Time": 0.085,
                                                "Actual Total Time": 292.665,
                                                "Actual Rows": 926923,
                                                "Actual Loops": 1
                                            },
                                            {
                                                "Worker Number": 2,
                                                "Actual Startup Time": 0.348,
                                                "Actual Total Time": 293.168,
                                                "Actual Rows": 912809,
                                                "Actual Loops": 1
                                            },
                                            {
                                                "Worker Number": 3,
                                                "Actual Startup Time": 0.118,
                                                "Actual Total Time": 287.766,
                                                "Actual Rows": 1273149,
                                                "Actual Loops": 1
                                            },
                                            {
                                                "Worker Number": 4,
                                                "Actual Startup Time": 0.423,
                                                "Actual Total Time": 296.606,
                                                "Actual Rows": 824542,
                                                "Actual Loops": 1
                                            },
                                            {
                                                "Worker Number": 5,
                                                "Actual Startup Time": 0.27,
                                                "Actual Total Time": 292.203,
                                                "Actual Rows": 1244080,
                                                "Actual Loops": 1
                                            }
                                        ]
                                    },
                                    {
                                        "Node Type": "Hash",
                                        "Parent Relationship": "Inner",
                                        "Parallel Aware": true,
                                        "Startup Cost": 95466.35,
                                        "Total Cost": 95466.35,
                                        "Plan Rows": 971768,
                                        "Plan Width": 8,
                                        "Actual Startup Time": 648.6,
                                        "Actual Total Time": 649.276,
                                        "Actual Rows": 430473,
                                        "Actual Loops": 7,
                                        "Output": [
                                            "t.id",
                                            "mk.movie_id"
                                        ],
                                        "Hash Buckets": 4194304,
                                        "Original Hash Buckets": 4194304,
                                        "Hash Batches": 1,
                                        "Original Hash Batches": 1,
                                        "Peak Memory Usage": 150752,
                                        "Workers": [
                                            {
                                                "Worker Number": 0,
                                                "Actual Startup Time": 651.174,
                                                "Actual Total Time": 651.177,
                                                "Actual Rows": 365611,
                                                "Actual Loops": 1
                                            },
                                            {
                                                "Worker Number": 1,
                                                "Actual Startup Time": 651.073,
                                                "Actual Total Time": 651.076,
                                                "Actual Rows": 376836,
                                                "Actual Loops": 1
                                            },
                                            {
                                                "Worker Number": 2,
                                                "Actual Startup Time": 651.345,
                                                "Actual Total Time": 651.349,
                                                "Actual Rows": 374686,
                                                "Actual Loops": 1
                                            },
                                            {
                                                "Worker Number": 3,
                                                "Actual Startup Time": 651.286,
                                                "Actual Total Time": 651.289,
                                                "Actual Rows": 407132,
                                                "Actual Loops": 1
                                            },
                                            {
                                                "Worker Number": 4,
                                                "Actual Startup Time": 651.093,
                                                "Actual Total Time": 651.098,
                                                "Actual Rows": 374833,
                                                "Actual Loops": 1
                                            },
                                            {
                                                "Worker Number": 5,
                                                "Actual Startup Time": 651.448,
                                                "Actual Total Time": 651.452,
                                                "Actual Rows": 515887,
                                                "Actual Loops": 1
                                            }
                                        ],
                                        "Plans": [
                                            {
                                                "Node Type": "Hash Join",
                                                "Parent Relationship": "Outer",
                                                "Parallel Aware": true,
                                                "Join Type": "Inner",
                                                "Startup Cost": 50219.81,
                                                "Total Cost": 95466.35,
                                                "Plan Rows": 971768,
                                                "Plan Width": 8,
                                                "Actual Startup Time": 282.623,
                                                "Actual Total Time": 494.003,
                                                "Actual Rows": 430473,
                                                "Actual Loops": 7,
                                                "Output": [
                                                    "t.id",
                                                    "mk.movie_id"
                                                ],
                                                "Inner Unique": true,
                                                "Hash Cond": "(mk.movie_id = t.id)",
                                                "Workers": [
                                                    {
                                                        "Worker Number": 0,
                                                        "Actual Startup Time": 282.611,
                                                        "Actual Total Time": 494.134,
                                                        "Actual Rows": 365611,
                                                        "Actual Loops": 1
                                                    },
                                                    {
                                                        "Worker Number": 1,
                                                        "Actual Startup Time": 282.644,
                                                        "Actual Total Time": 495.993,
                                                        "Actual Rows": 376836,
                                                        "Actual Loops": 1
                                                    },
                                                    {
                                                        "Worker Number": 2,
                                                        "Actual Startup Time": 282.603,
                                                        "Actual Total Time": 494.074,
                                                        "Actual Rows": 374686,
                                                        "Actual Loops": 1
                                                    },
                                                    {
                                                        "Worker Number": 3,
                                                        "Actual Startup Time": 282.593,
                                                        "Actual Total Time": 493.497,
                                                        "Actual Rows": 407132,
                                                        "Actual Loops": 1
                                                    },
                                                    {
                                                        "Worker Number": 4,
                                                        "Actual Startup Time": 282.601,
                                                        "Actual Total Time": 493.974,
                                                        "Actual Rows": 374833,
                                                        "Actual Loops": 1
                                                    },
                                                    {
                                                        "Worker Number": 5,
                                                        "Actual Startup Time": 282.578,
                                                        "Actual Total Time": 493.604,
                                                        "Actual Rows": 515887,
                                                        "Actual Loops": 1
                                                    }
                                                ],
                                                "Plans": [
                                                    {
                                                        "Node Type": "Seq Scan",
                                                        "Parent Relationship": "Outer",
                                                        "Parallel Aware": true,
                                                        "Relation Name": "movie_keyword",
                                                        "Schema": "public",
                                                        "Alias": "mk",
                                                        "Startup Cost": 0.0,
                                                        "Total Cost": 42695.65,
                                                        "Plan Rows": 971768,
                                                        "Plan Width": 4,
                                                        "Actual Startup Time": 0.092,
                                                        "Actual Total Time": 101.103,
                                                        "Actual Rows": 430473,
                                                        "Actual Loops": 7,
                                                        "Output": [
                                                            "mk.id",
                                                            "mk.movie_id",
                                                            "mk.keyword_id"
                                                        ],
                                                        "Filter": "(mk.keyword_id > 2185)",
                                                        "Rows Removed by Filter": 215803,
                                                        "Workers": [
                                                            {
                                                                "Worker Number": 0,
                                                                "Actual Startup Time": 0.079,
                                                                "Actual Total Time": 103.528,
                                                                "Actual Rows": 365611,
                                                                "Actual Loops": 1
                                                            },
                                                            {
                                                                "Worker Number": 1,
                                                                "Actual Startup Time": 0.06,
                                                                "Actual Total Time": 104.071,
                                                                "Actual Rows": 376836,
                                                                "Actual Loops": 1
                                                            },
                                                            {
                                                                "Worker Number": 2,
                                                                "Actual Startup Time": 0.063,
                                                                "Actual Total Time": 104.33,
                                                                "Actual Rows": 374686,
                                                                "Actual Loops": 1
                                                            },
                                                            {
                                                                "Worker Number": 3,
                                                                "Actual Startup Time": 0.051,
                                                                "Actual Total Time": 101.936,
                                                                "Actual Rows": 407132,
                                                                "Actual Loops": 1
                                                            },
                                                            {
                                                                "Worker Number": 4,
                                                                "Actual Startup Time": 0.088,
                                                                "Actual Total Time": 104.017,
                                                                "Actual Rows": 374833,
                                                                "Actual Loops": 1
                                                            },
                                                            {
                                                                "Worker Number": 5,
                                                                "Actual Startup Time": 0.145,
                                                                "Actual Total Time": 102.914,
                                                                "Actual Rows": 515887,
                                                                "Actual Loops": 1
                                                            }
                                                        ]
                                                    },
                                                    {
                                                        "Node Type": "Hash",
                                                        "Parent Relationship": "Inner",
                                                        "Parallel Aware": true,
                                                        "Startup Cost": 42318.81,
                                                        "Total Cost": 42318.81,
                                                        "Plan Rows": 632080,
                                                        "Plan Width": 4,
                                                        "Actual Startup Time": 278.772,
                                                        "Actual Total Time": 278.773,
                                                        "Actual Rows": 361187,
                                                        "Actual Loops": 7,
                                                        "Output": [
                                                            "t.id"
                                                        ],
                                                        "Hash Buckets": 4194304,
                                                        "Original Hash Buckets": 4194304,
                                                        "Hash Batches": 1,
                                                        "Original Hash Batches": 1,
                                                        "Peak Memory Usage": 131776,
                                                        "Workers": [
                                                            {
                                                                "Worker Number": 0,
                                                                "Actual Startup Time": 282.216,
                                                                "Actual Total Time": 282.217,
                                                                "Actual Rows": 311572,
                                                                "Actual Loops": 1
                                                            },
                                                            {
                                                                "Worker Number": 1,
                                                                "Actual Startup Time": 282.253,
                                                                "Actual Total Time": 282.254,
                                                                "Actual Rows": 323675,
                                                                "Actual Loops": 1
                                                            },
                                                            {
                                                                "Worker Number": 2,
                                                                "Actual Startup Time": 282.22,
                                                                "Actual Total Time": 282.221,
                                                                "Actual Rows": 325332,
                                                                "Actual Loops": 1
                                                            },
                                                            {
                                                                "Worker Number": 3,
                                                                "Actual Startup Time": 282.202,
                                                                "Actual Total Time": 282.204,
                                                                "Actual Rows": 302441,
                                                                "Actual Loops": 1
                                                            },
                                                            {
                                                                "Worker Number": 4,
                                                                "Actual Startup Time": 282.22,
                                                                "Actual Total Time": 282.221,
                                                                "Actual Rows": 319998,
                                                                "Actual Loops": 1
                                                            },
                                                            {
                                                                "Worker Number": 5,
                                                                "Actual Startup Time": 282.33,
                                                                "Actual Total Time": 282.331,
                                                                "Actual Rows": 397723,
                                                                "Actual Loops": 1
                                                            }
                                                        ],
                                                        "Plans": [
                                                            {
                                                                "Node Type": "Seq Scan",
                                                                "Parent Relationship": "Outer",
                                                                "Parallel Aware": true,
                                                                "Relation Name": "title",
                                                                "Schema": "public",
                                                                "Alias": "t",
                                                                "Startup Cost": 0.0,
                                                                "Total Cost": 42318.81,
                                                                "Plan Rows": 632080,
                                                                "Plan Width": 4,
                                                                "Actual Startup Time": 0.066,
                                                                "Actual Total Time": 79.975,
                                                                "Actual Rows": 361187,
                                                                "Actual Loops": 7,
                                                                "Output": [
                                                                    "t.id"
                                                                ],
                                                                "Workers": [
                                                                    {
                                                                        "Worker Number": 0,
                                                                        "Actual Startup Time": 0.073,
                                                                        "Actual Total Time": 83.393,
                                                                        "Actual Rows": 311572,
                                                                        "Actual Loops": 1
                                                                    },
                                                                    {
                                                                        "Worker Number": 1,
                                                                        "Actual Startup Time": 0.068,
                                                                        "Actual Total Time": 83.585,
                                                                        "Actual Rows": 323675,
                                                                        "Actual Loops": 1
                                                                    },
                                                                    {
                                                                        "Worker Number": 2,
                                                                        "Actual Startup Time": 0.096,
                                                                        "Actual Total Time": 84.563,
                                                                        "Actual Rows": 325332,
                                                                        "Actual Loops": 1
                                                                    },
                                                                    {
                                                                        "Worker Number": 3,
                                                                        "Actual Startup Time": 0.076,
                                                                        "Actual Total Time": 82.972,
                                                                        "Actual Rows": 302441,
                                                                        "Actual Loops": 1
                                                                    },
                                                                    {
                                                                        "Worker Number": 4,
                                                                        "Actual Startup Time": 0.068,
                                                                        "Actual Total Time": 83.999,
                                                                        "Actual Rows": 319998,
                                                                        "Actual Loops": 1
                                                                    },
                                                                    {
                                                                        "Worker Number": 5,
                                                                        "Actual Startup Time": 0.064,
                                                                        "Actual Total Time": 78.166,
                                                                        "Actual Rows": 397723,
                                                                        "Actual Loops": 1
                                                                    }
                                                                ]
                                                            }
                                                        ]
                                                    }
                                                ]
                                            }
                                        ]
                                    }
                                ]
                            }
                        ]
                    }
                ]
            }
        ]
    },
    "Planning Time": 1.54,
    "Triggers": [],
    "Execution Time": 2294.29
}