[
  {
    "Plan": {
      "Node Type": "Aggregate",
      "Strategy": "Plain",
      "Partial Mode": "Finalize",
      "Parallel Aware": false,
      "Startup Cost": 387578.32,
      "Total Cost": 387578.33,
      "Plan Rows": 1,
      "Plan Width": 8,
      "Actual Startup Time": 2596.31,
      "Actual Total Time": 2647.955,
      "Actual Rows": 1,
      "Actual Loops": 1,
      "Plans": [
        {
          "Node Type": "Gather",
          "Parent Relationship": "Outer",
          "Parallel Aware": false,
          "Startup Cost": 387577.7,
          "Total Cost": 387578.31,
          "Plan Rows": 6,
          "Plan Width": 8,
          "Actual Startup Time": 2587.39,
          "Actual Total Time": 2647.946,
          "Actual Rows": 7,
          "Actual Loops": 1,
          "Workers Planned": 6,
          "Workers Launched": 6,
          "Single Copy": false,
          "Plans": [
            {
              "Node Type": "Aggregate",
              "Strategy": "Plain",
              "Partial Mode": "Partial",
              "Parent Relationship": "Outer",
              "Parallel Aware": false,
              "Startup Cost": 386577.7,
              "Total Cost": 386577.71,
              "Plan Rows": 1,
              "Plan Width": 8,
              "Actual Startup Time": 2574.457,
              "Actual Total Time": 2574.46,
              "Actual Rows": 1,
              "Actual Loops": 7,
              "Plans": [
                {
                  "Node Type": "Hash Join",
                  "Parent Relationship": "Outer",
                  "Parallel Aware": true,
                  "Join Type": "Inner",
                  "Startup Cost": 49646.05,
                  "Total Cost": 378612.71,
                  "Plan Rows": 3185996,
                  "Plan Width": 0,
                  "Actual Startup Time": 184.396,
                  "Actual Total Time": 2436.513,
                  "Actual Rows": 3021733,
                  "Actual Loops": 7,
                  "Inner Unique": true,
                  "Hash Cond": "(ci.movie_id = t.id)",
                  "Plans": [
                    {
                      "Node Type": "Seq Scan",
                      "Parent Relationship": "Outer",
                      "Parallel Aware": true,
                      "Relation Name": "cast_info",
                      "Alias": "ci",
                      "Startup Cost": 0.0,
                      "Total Cost": 313106.51,
                      "Plan Rows": 6041951,
                      "Plan Width": 4,
                      "Actual Startup Time": 0.038,
                      "Actual Total Time": 527.995,
                      "Actual Rows": 5177763,
                      "Actual Loops": 7
                    },
                    {
                      "Node Type": "Hash",
                      "Parent Relationship": "Inner",
                      "Parallel Aware": true,
                      "Startup Cost": 45479.59,
                      "Total Cost": 45479.59,
                      "Plan Rows": 333317,
                      "Plan Width": 4,
                      "Actual Startup Time": 179.683,
                      "Actual Total Time": 179.684,
                      "Actual Rows": 206814,
                      "Actual Loops": 7,
                      "Hash Buckets": 2097152,
                      "Original Hash Buckets": 2097152,
                      "Hash Batches": 1,
                      "Original Hash Batches": 1,
                      "Peak Memory Usage": 73152,
                      "Plans": [
                        {
                          "Node Type": "Seq Scan",
                          "Parent Relationship": "Outer",
                          "Parallel Aware": true,
                          "Relation Name": "title",
                          "Alias": "t",
                          "Startup Cost": 0.0,
                          "Total Cost": 45479.59,
                          "Plan Rows": 333317,
                          "Plan Width": 4,
                          "Actual Startup Time": 0.034,
                          "Actual Total Time": 80.329,
                          "Actual Rows": 206814,
                          "Actual Loops": 7,
                          "Filter": "((kind_id > 1) AND (production_year > 1988))",
                          "Rows Removed by Filter": 154373
                        }
                      ]
                    }
                  ]
                }
              ]
            }
          ]
        }
      ]
    },
    "Planning Time": 0.475,
    "Triggers": [],
    "Execution Time": 2648.027
  }
]