[
  {
    "Plan": {
      "Node Type": "Aggregate",
      "Strategy": "Plain",
      "Partial Mode": "Finalize",
      "Parallel Aware": false,
      "Startup Cost": 63388.46,
      "Total Cost": 63388.47,
      "Plan Rows": 1,
      "Plan Width": 8,
      "Actual Startup Time": 312.618,
      "Actual Total Time": 324.443,
      "Actual Rows": 1,
      "Actual Loops": 1,
      "Plans": [
        {
          "Node Type": "Gather",
          "Parent Relationship": "Outer",
          "Parallel Aware": false,
          "Startup Cost": 63388.25,
          "Total Cost": 63388.46,
          "Plan Rows": 2,
          "Plan Width": 8,
          "Actual Startup Time": 310.108,
          "Actual Total Time": 324.433,
          "Actual Rows": 3,
          "Actual Loops": 1,
          "Workers Planned": 2,
          "Workers Launched": 2,
          "Single Copy": false,
          "Plans": [
            {
              "Node Type": "Aggregate",
              "Strategy": "Plain",
              "Partial Mode": "Partial",
              "Parent Relationship": "Outer",
              "Parallel Aware": false,
              "Startup Cost": 62388.25,
              "Total Cost": 62388.26,
              "Plan Rows": 1,
              "Plan Width": 8,
              "Actual Startup Time": 302.614,
              "Actual Total Time": 302.617,
              "Actual Rows": 1,
              "Actual Loops": 3,
              "Plans": [
                {
                  "Node Type": "Hash Join",
                  "Parent Relationship": "Outer",
                  "Parallel Aware": true,
                  "Join Type": "Inner",
                  "Startup Cost": 46929.75,
                  "Total Cost": 62124.31,
                  "Plan Rows": 105575,
                  "Plan Width": 0,
                  "Actual Startup Time": 189.111,
                  "Actual Total Time": 295.165,
                  "Actual Rows": 190576,
                  "Actual Loops": 3,
                  "Inner Unique": true,
                  "Hash Cond": "(mi_idx.movie_id = t.id)",
                  "Plans": [
                    {
                      "Node Type": "Seq Scan",
                      "Parent Relationship": "Outer",
                      "Parallel Aware": true,
                      "Relation Name": "movie_info_idx",
                      "Alias": "mi_idx",
                      "Startup Cost": 0.0,
                      "Total Cost": 13685.15,
                      "Plan Rows": 575015,
                      "Plan Width": 4,
                      "Actual Startup Time": 0.028,
                      "Actual Total Time": 35.359,
                      "Actual Rows": 460012,
                      "Actual Loops": 3
                    },
                    {
                      "Node Type": "Hash",
                      "Parent Relationship": "Inner",
                      "Parallel Aware": true,
                      "Startup Cost": 45479.1,
                      "Total Cost": 45479.1,
                      "Plan Rows": 116052,
                      "Plan Width": 4,
                      "Actual Startup Time": 184.849,
                      "Actual Total Time": 184.85,
                      "Actual Rows": 185831,
                      "Actual Loops": 3,
                      "Hash Buckets": 1048576,
                      "Original Hash Buckets": 524288,
                      "Hash Batches": 1,
                      "Original Hash Batches": 1,
                      "Peak Memory Usage": 34176,
                      "Plans": [
                        {
                          "Node Type": "Seq Scan",
                          "Parent Relationship": "Outer",
                          "Parallel Aware": true,
                          "Relation Name": "title",
                          "Alias": "t",
                          "Startup Cost": 0.0,
                          "Total Cost": 45479.1,
                          "Plan Rows": 116052,
                          "Plan Width": 4,
                          "Actual Startup Time": 0.051,
                          "Actual Total Time": 119.517,
                          "Actual Rows": 185831,
                          "Actual Loops": 3,
                          "Filter": "((kind_id < 7) AND (production_year < 2003))",
                          "Rows Removed by Filter": 656940
                        }
                      ]
                    }
                  ]
                }
              ]
            }
          ]
        }
      ]
    },
    "Planning Time": 0.585,
    "Triggers": [],
    "Execution Time": 324.502
  }
]