[
  {
    "Plan": {
      "Node Type": "Aggregate",
      "Strategy": "Plain",
      "Partial Mode": "Finalize",
      "Parallel Aware": false,
      "Startup Cost": 142814.59,
      "Total Cost": 142814.6,
      "Plan Rows": 1,
      "Plan Width": 8,
      "Actual Startup Time": 522.439,
      "Actual Total Time": 593.044,
      "Actual Rows": 1,
      "Actual Loops": 1,
      "Plans": [
        {
          "Node Type": "Gather",
          "Parent Relationship": "Outer",
          "Parallel Aware": false,
          "Startup Cost": 142814.27,
          "Total Cost": 142814.58,
          "Plan Rows": 3,
          "Plan Width": 8,
          "Actual Startup Time": 520.405,
          "Actual Total Time": 593.029,
          "Actual Rows": 4,
          "Actual Loops": 1,
          "Workers Planned": 3,
          "Workers Launched": 3,
          "Single Copy": false,
          "Plans": [
            {
              "Node Type": "Aggregate",
              "Strategy": "Plain",
              "Partial Mode": "Partial",
              "Parent Relationship": "Outer",
              "Parallel Aware": false,
              "Startup Cost": 141814.27,
              "Total Cost": 141814.28,
              "Plan Rows": 1,
              "Plan Width": 8,
              "Actual Startup Time": 510.972,
              "Actual Total Time": 511.05,
              "Actual Rows": 1,
              "Actual Loops": 4,
              "Plans": [
                {
                  "Node Type": "Nested Loop",
                  "Parent Relationship": "Outer",
                  "Parallel Aware": false,
                  "Join Type": "Inner",
                  "Startup Cost": 46262.09,
                  "Total Cost": 141488.2,
                  "Plan Rows": 130431,
                  "Plan Width": 0,
                  "Actual Startup Time": 228.394,
                  "Actual Total Time": 503.655,
                  "Actual Rows": 84892,
                  "Actual Loops": 4,
                  "Inner Unique": false,
                  "Join Filter": "(t.id = ci.movie_id)",
                  "Rows Removed by Join Filter": 0,
                  "Plans": [
                    {
                      "Node Type": "Hash Join",
                      "Parent Relationship": "Outer",
                      "Parallel Aware": true,
                      "Join Type": "Inner",
                      "Startup Cost": 46261.52,
                      "Total Cost": 77917.64,
                      "Plan Rows": 9097,
                      "Plan Width": 8,
                      "Actual Startup Time": 228.227,
                      "Actual Total Time": 255.47,
                      "Actual Rows": 2818,
                      "Actual Loops": 4,
                      "Inner Unique": true,
                      "Hash Cond": "(mc.movie_id = t.id)",
                      "Plans": [
                        {
                          "Node Type": "Seq Scan",
                          "Parent Relationship": "Outer",
                          "Parallel Aware": true,
                          "Relation Name": "movie_companies",
                          "Alias": "mc",
                          "Startup Cost": 0.0,
                          "Total Cost": 31414.82,
                          "Plan Rows": 91923,
                          "Plan Width": 4,
                          "Actual Startup Time": 38.687,
                          "Actual Total Time": 73.294,
                          "Actual Rows": 36098,
                          "Actual Loops": 4,
                          "Filter": "((company_id < 575) AND (company_type_id = 2))",
                          "Rows Removed by Filter": 616184
                        },
                        {
                          "Node Type": "Hash",
                          "Parent Relationship": "Inner",
                          "Parallel Aware": true,
                          "Startup Cost": 45479.59,
                          "Total Cost": 45479.59,
                          "Plan Rows": 62555,
                          "Plan Width": 4,
                          "Actual Startup Time": 163.989,
                          "Actual Total Time": 163.991,
                          "Actual Rows": 91654,
                          "Actual Loops": 4,
                          "Hash Buckets": 524288,
                          "Original Hash Buckets": 262144,
                          "Hash Batches": 1,
                          "Original Hash Batches": 1,
                          "Peak Memory Usage": 20544,
                          "Plans": [
                            {
                              "Node Type": "Seq Scan",
                              "Parent Relationship": "Outer",
                              "Parallel Aware": true,
                              "Relation Name": "title",
                              "Alias": "t",
                              "Startup Cost": 0.0,
                              "Total Cost": 45479.59,
                              "Plan Rows": 62555,
                              "Plan Width": 4,
                              "Actual Startup Time": 67.117,
                              "Actual Total Time": 120.184,
                              "Actual Rows": 91654,
                              "Actual Loops": 4,
                              "Filter": "((kind_id < 2) AND (production_year < 1999))",
                              "Rows Removed by Filter": 540424
                            }
                          ]
                        }
                      ]
                    },
                    {
                      "Node Type": "Index Only Scan",
                      "Parent Relationship": "Inner",
                      "Parallel Aware": false,
                      "Scan Direction": "Forward",
                      "Index Name": "movie_id_cast_info",
                      "Relation Name": "cast_info",
                      "Alias": "ci",
                      "Startup Cost": 0.56,
                      "Total Cost": 6.55,
                      "Plan Rows": 35,
                      "Plan Width": 4,
                      "Actual Startup Time": 0.01,
                      "Actual Total Time": 0.083,
                      "Actual Rows": 30,
                      "Actual Loops": 11273,
                      "Index Cond": "(movie_id = mc.movie_id)",
                      "Rows Removed by Index Recheck": 0,
                      "Heap Fetches": 339570
                    }
                  ]
                }
              ]
            }
          ]
        }
      ]
    },
    "Planning Time": 1.525,
    "Triggers": [],
    "Execution Time": 593.16
  }
]