[
  {
    "Plan": {
      "Node Type": "Aggregate",
      "Strategy": "Plain",
      "Partial Mode": "Finalize",
      "Parallel Aware": false,
      "Startup Cost": 143950.34,
      "Total Cost": 143950.35,
      "Plan Rows": 1,
      "Plan Width": 8,
      "Actual Startup Time": 449.598,
      "Actual Total Time": 508.912,
      "Actual Rows": 1,
      "Actual Loops": 1,
      "Plans": [
        {
          "Node Type": "Gather",
          "Parent Relationship": "Outer",
          "Parallel Aware": false,
          "Startup Cost": 143950.02,
          "Total Cost": 143950.33,
          "Plan Rows": 3,
          "Plan Width": 8,
          "Actual Startup Time": 448.069,
          "Actual Total Time": 508.901,
          "Actual Rows": 4,
          "Actual Loops": 1,
          "Workers Planned": 3,
          "Workers Launched": 3,
          "Single Copy": false,
          "Plans": [
            {
              "Node Type": "Aggregate",
              "Strategy": "Plain",
              "Partial Mode": "Partial",
              "Parent Relationship": "Outer",
              "Parallel Aware": false,
              "Startup Cost": 142950.02,
              "Total Cost": 142950.03,
              "Plan Rows": 1,
              "Plan Width": 8,
              "Actual Startup Time": 438.953,
              "Actual Total Time": 439.041,
              "Actual Rows": 1,
              "Actual Loops": 4,
              "Plans": [
                {
                  "Node Type": "Nested Loop",
                  "Parent Relationship": "Outer",
                  "Parallel Aware": false,
                  "Join Type": "Inner",
                  "Startup Cost": 46269.24,
                  "Total Cost": 142622.0,
                  "Plan Rows": 131208,
                  "Plan Width": 0,
                  "Actual Startup Time": 193.806,
                  "Actual Total Time": 432.691,
                  "Actual Rows": 84892,
                  "Actual Loops": 4,
                  "Inner Unique": false,
                  "Join Filter": "(t.id = ci.movie_id)",
                  "Rows Removed by Join Filter": 0,
                  "Plans": [
                    {
                      "Node Type": "Hash Join",
                      "Parent Relationship": "Outer",
                      "Parallel Aware": true,
                      "Join Type": "Inner",
                      "Startup Cost": 46268.67,
                      "Total Cost": 77924.01,
                      "Plan Rows": 9157,
                      "Plan Width": 8,
                      "Actual Startup Time": 193.688,
                      "Actual Total Time": 218.77,
                      "Actual Rows": 2818,
                      "Actual Loops": 4,
                      "Inner Unique": true,
                      "Hash Cond": "(mc.movie_id = t.id)",
                      "Plans": [
                        {
                          "Node Type": "Seq Scan",
                          "Parent Relationship": "Outer",
                          "Parallel Aware": true,
                          "Relation Name": "movie_companies",
                          "Alias": "mc",
                          "Startup Cost": 0.0,
                          "Total Cost": 31414.82,
                          "Plan Rows": 91627,
                          "Plan Width": 4,
                          "Actual Startup Time": 32.491,
                          "Actual Total Time": 62.966,
                          "Actual Rows": 36098,
                          "Actual Loops": 4,
                          "Filter": "((company_id < 575) AND (company_type_id = 2))",
                          "Rows Removed by Filter": 616184
                        },
                        {
                          "Node Type": "Hash",
                          "Parent Relationship": "Inner",
                          "Parallel Aware": true,
                          "Startup Cost": 45479.1,
                          "Total Cost": 45479.1,
                          "Plan Rows": 63166,
                          "Plan Width": 4,
                          "Actual Startup Time": 139.424,
                          "Actual Total Time": 139.424,
                          "Actual Rows": 91654,
                          "Actual Loops": 4,
                          "Hash Buckets": 524288,
                          "Original Hash Buckets": 262144,
                          "Hash Batches": 1,
                          "Original Hash Batches": 1,
                          "Peak Memory Usage": 20544,
                          "Plans": [
                            {
                              "Node Type": "Seq Scan",
                              "Parent Relationship": "Outer",
                              "Parallel Aware": true,
                              "Relation Name": "title",
                              "Alias": "t",
                              "Startup Cost": 0.0,
                              "Total Cost": 45479.1,
                              "Plan Rows": 63166,
                              "Plan Width": 4,
                              "Actual Startup Time": 59.476,
                              "Actual Total Time": 103.053,
                              "Actual Rows": 91654,
                              "Actual Loops": 4,
                              "Filter": "((kind_id < 2) AND (production_year < 1999))",
                              "Rows Removed by Filter": 540424
                            }
                          ]
                        }
                      ]
                    },
                    {
                      "Node Type": "Index Only Scan",
                      "Parent Relationship": "Inner",
                      "Parallel Aware": false,
                      "Scan Direction": "Forward",
                      "Index Name": "movie_id_cast_info",
                      "Relation Name": "cast_info",
                      "Alias": "ci",
                      "Startup Cost": 0.56,
                      "Total Cost": 6.6,
                      "Plan Rows": 37,
                      "Plan Width": 4,
                      "Actual Startup Time": 0.01,
                      "Actual Total Time": 0.072,
                      "Actual Rows": 30,
                      "Actual Loops": 11273,
                      "Index Cond": "(movie_id = mc.movie_id)",
                      "Rows Removed by Index Recheck": 0,
                      "Heap Fetches": 339570
                    }
                  ]
                }
              ]
            }
          ]
        }
      ]
    },
    "Planning Time": 1.507,
    "Triggers": [],
    "Execution Time": 509.024
  }
]