[
  {
    "Plan": {
      "Node Type": "Aggregate",
      "Strategy": "Plain",
      "Partial Mode": "Finalize",
      "Parallel Aware": false,
      "Startup Cost": 46480.01,
      "Total Cost": 46480.02,
      "Plan Rows": 1,
      "Plan Width": 8,
      "Actual Startup Time": 98.997,
      "Actual Total Time": 110.625,
      "Actual Rows": 1,
      "Actual Loops": 1,
      "Plans": [
        {
          "Node Type": "Gather",
          "Parent Relationship": "Outer",
          "Parallel Aware": false,
          "Startup Cost": 46479.59,
          "Total Cost": 46480.0,
          "Plan Rows": 4,
          "Plan Width": 8,
          "Actual Startup Time": 98.782,
          "Actual Total Time": 110.611,
          "Actual Rows": 5,
          "Actual Loops": 1,
          "Workers Planned": 4,
          "Workers Launched": 4,
          "Single Copy": false,
          "Plans": [
            {
              "Node Type": "Aggregate",
              "Strategy": "Plain",
              "Partial Mode": "Partial",
              "Parent Relationship": "Outer",
              "Parallel Aware": false,
              "Startup Cost": 45479.59,
              "Total Cost": 45479.6,
              "Plan Rows": 1,
              "Plan Width": 8,
              "Actual Startup Time": 92.108,
              "Actual Total Time": 92.111,
              "Actual Rows": 1,
              "Actual Loops": 5,
              "Plans": [
                {
                  "Node Type": "Seq Scan",
                  "Parent Relationship": "Outer",
                  "Parallel Aware": true,
                  "Relation Name": "title",
                  "Alias": "t",
                  "Startup Cost": 0.0,
                  "Total Cost": 45479.59,
                  "Plan Rows": 3,
                  "Plan Width": 0,
                  "Actual Startup Time": 63.517,
                  "Actual Total Time": 92.089,
                  "Actual Rows": 49,
                  "Actual Loops": 5,
                  "Filter": "((production_year < 1896) AND (kind_id = 1))",
                  "Rows Removed by Filter": 505613
                }
              ]
            }
          ]
        }
      ]
    },
    "Planning Time": 0.2,
    "Triggers": [],
    "Execution Time": 110.686
  }
]