{
    "Plan": {
        "Node Type": "Aggregate",
        "Strategy": "Plain",
        "Partial Mode": "Finalize",
        "Parallel Aware": false,
        "Startup Cost": 674721.25,
        "Total Cost": 674721.26,
        "Plan Rows": 1,
        "Plan Width": 8,
        "Actual Startup Time": 1832.13,
        "Actual Total Time": 1902.125,
        "Actual Rows": 1,
        "Actual Loops": 1,
        "Output": [
            "count(*)"
        ],
        "Plans": [
            {
                "Node Type": "Gather",
                "Parent Relationship": "Outer",
                "Parallel Aware": false,
                "Startup Cost": 674720.62,
                "Total Cost": 674721.23,
                "Plan Rows": 6,
                "Plan Width": 8,
                "Actual Startup Time": 1828.932,
                "Actual Total Time": 1902.112,
                "Actual Rows": 7,
                "Actual Loops": 1,
                "Output": [
                    "(PARTIAL count(*))"
                ],
                "Workers Planned": 6,
                "Workers Launched": 6,
                "Single Copy": false,
                "Plans": [
                    {
                        "Node Type": "Aggregate",
                        "Strategy": "Plain",
                        "Partial Mode": "Partial",
                        "Parent Relationship": "Outer",
                        "Parallel Aware": false,
                        "Startup Cost": 673720.62,
                        "Total Cost": 673720.63,
                        "Plan Rows": 1,
                        "Plan Width": 8,
                        "Actual Startup Time": 1817.154,
                        "Actual Total Time": 1817.158,
                        "Actual Rows": 1,
                        "Actual Loops": 7,
                        "Output": [
                            "PARTIAL count(*)"
                        ],
                        "Workers": [
                            {
                                "Worker Number": 0,
                                "Actual Startup Time": 1814.64,
                                "Actual Total Time": 1814.643,
                                "Actual Rows": 1,
                                "Actual Loops": 1
                            },
                            {
                                "Worker Number": 1,
                                "Actual Startup Time": 1815.054,
                                "Actual Total Time": 1815.059,
                                "Actual Rows": 1,
                                "Actual Loops": 1
                            },
                            {
                                "Worker Number": 2,
                                "Actual Startup Time": 1815.125,
                                "Actual Total Time": 1815.129,
                                "Actual Rows": 1,
                                "Actual Loops": 1
                            },
                            {
                                "Worker Number": 3,
                                "Actual Startup Time": 1815.107,
                                "Actual Total Time": 1815.111,
                                "Actual Rows": 1,
                                "Actual Loops": 1
                            },
                            {
                                "Worker Number": 4,
                                "Actual Startup Time": 1815.878,
                                "Actual Total Time": 1815.884,
                                "Actual Rows": 1,
                                "Actual Loops": 1
                            },
                            {
                                "Worker Number": 5,
                                "Actual Startup Time": 1816.562,
                                "Actual Total Time": 1816.566,
                                "Actual Rows": 1,
                                "Actual Loops": 1
                            }
                        ],
                        "Plans": [
                            {
                                "Node Type": "Hash Join",
                                "Parent Relationship": "Outer",
                                "Parallel Aware": true,
                                "Join Type": "Inner",
                                "Startup Cost": 380598.17,
                                "Total Cost": 673542.52,
                                "Plan Rows": 71241,
                                "Plan Width": 0,
                                "Actual Startup Time": 1033.458,
                                "Actual Total Time": 1817.126,
                                "Actual Rows": 114,
                                "Actual Loops": 7,
                                "Inner Unique": true,
                                "Hash Cond": "(ci.movie_id = t.id)",
                                "Workers": [
                                    {
                                        "Worker Number": 0,
                                        "Actual Startup Time": 1027.031,
                                        "Actual Total Time": 1814.615,
                                        "Actual Rows": 74,
                                        "Actual Loops": 1
                                    },
                                    {
                                        "Worker Number": 1,
                                        "Actual Startup Time": 1051.343,
                                        "Actual Total Time": 1815.027,
                                        "Actual Rows": 92,
                                        "Actual Loops": 1
                                    },
                                    {
                                        "Worker Number": 2,
                                        "Actual Startup Time": 1020.193,
                                        "Actual Total Time": 1815.085,
                                        "Actual Rows": 252,
                                        "Actual Loops": 1
                                    },
                                    {
                                        "Worker Number": 3,
                                        "Actual Startup Time": 1045.917,
                                        "Actual Total Time": 1815.083,
                                        "Actual Rows": 66,
                                        "Actual Loops": 1
                                    },
                                    {
                                        "Worker Number": 4,
                                        "Actual Startup Time": 1043.83,
                                        "Actual Total Time": 1815.86,
                                        "Actual Rows": 31,
                                        "Actual Loops": 1
                                    },
                                    {
                                        "Worker Number": 5,
                                        "Actual Startup Time": 1029.673,
                                        "Actual Total Time": 1816.533,
                                        "Actual Rows": 167,
                                        "Actual Loops": 1
                                    }
                                ],
                                "Plans": [
                                    {
                                        "Node Type": "Bitmap Heap Scan",
                                        "Parent Relationship": "Outer",
                                        "Parallel Aware": true,
                                        "Relation Name": "cast_info",
                                        "Schema": "public",
                                        "Alias": "ci",
                                        "Startup Cost": 311207.95,
                                        "Total Cost": 599217.45,
                                        "Plan Rows": 1879942,
                                        "Plan Width": 4,
                                        "Actual Startup Time": 824.738,
                                        "Actual Total Time": 1458.832,
                                        "Actual Rows": 1813246,
                                        "Actual Loops": 7,
                                        "Output": [
                                            "ci.id",
                                            "ci.person_id",
                                            "ci.movie_id",
                                            "ci.person_role_id",
                                            "ci.note",
                                            "ci.nr_order",
                                            "ci.role_id"
                                        ],
                                        "Recheck Cond": "(ci.person_id < 1389690)",
                                        "Rows Removed by Index Recheck": 0,
                                        "Filter": "(ci.role_id < 8)",
                                        "Rows Removed by Filter": 202650,
                                        "Exact Heap Blocks": 27253,
                                        "Lossy Heap Blocks": 0,
                                        "Workers": [
                                            {
                                                "Worker Number": 0,
                                                "Actual Startup Time": 824.71,
                                                "Actual Total Time": 1456.518,
                                                "Actual Rows": 1687862,
                                                "Actual Loops": 1
                                            },
                                            {
                                                "Worker Number": 1,
                                                "Actual Startup Time": 824.787,
                                                "Actual Total Time": 1457.53,
                                                "Actual Rows": 1713439,
                                                "Actual Loops": 1
                                            },
                                            {
                                                "Worker Number": 2,
                                                "Actual Startup Time": 824.998,
                                                "Actual Total Time": 1458.373,
                                                "Actual Rows": 1720559,
                                                "Actual Loops": 1
                                            },
                                            {
                                                "Worker Number": 3,
                                                "Actual Startup Time": 824.898,
                                                "Actual Total Time": 1458.231,
                                                "Actual Rows": 1711823,
                                                "Actual Loops": 1
                                            },
                                            {
                                                "Worker Number": 4,
                                                "Actual Startup Time": 824.4,
                                                "Actual Total Time": 1460.241,
                                                "Actual Rows": 1726040,
                                                "Actual Loops": 1
                                            },
                                            {
                                                "Worker Number": 5,
                                                "Actual Startup Time": 824.749,
                                                "Actual Total Time": 1456.773,
                                                "Actual Rows": 1676938,
                                                "Actual Loops": 1
                                            }
                                        ],
                                        "Plans": [
                                            {
                                                "Node Type": "Bitmap Index Scan",
                                                "Parent Relationship": "Outer",
                                                "Parallel Aware": false,
                                                "Index Name": "person_id_cast_info",
                                                "Startup Cost": 0.0,
                                                "Total Cost": 308388.04,
                                                "Plan Rows": 14128997,
                                                "Plan Width": 0,
                                                "Actual Startup Time": 777.813,
                                                "Actual Total Time": 777.814,
                                                "Actual Rows": 14111274,
                                                "Actual Loops": 1,
                                                "Index Cond": "(ci.person_id < 1389690)",
                                                "Workers": [
                                                    {
                                                        "Worker Number": 4,
                                                        "Actual Startup Time": 777.813,
                                                        "Actual Total Time": 777.814,
                                                        "Actual Rows": 14111274,
                                                        "Actual Loops": 1
                                                    }
                                                ]
                                            }
                                        ]
                                    },
                                    {
                                        "Node Type": "Hash",
                                        "Parent Relationship": "Inner",
                                        "Parallel Aware": true,
                                        "Startup Cost": 69090.8,
                                        "Total Cost": 69090.8,
                                        "Plan Rows": 23953,
                                        "Plan Width": 4,
                                        "Actual Startup Time": 151.884,
                                        "Actual Total Time": 151.886,
                                        "Actual Rows": 41,
                                        "Actual Loops": 7,
                                        "Output": [
                                            "t.id"
                                        ],
                                        "Hash Buckets": 131072,
                                        "Original Hash Buckets": 131072,
                                        "Hash Batches": 1,
                                        "Original Hash Batches": 1,
                                        "Peak Memory Usage": 1248,
                                        "Workers": [
                                            {
                                                "Worker Number": 0,
                                                "Actual Startup Time": 150.226,
                                                "Actual Total Time": 150.228,
                                                "Actual Rows": 36,
                                                "Actual Loops": 1
                                            },
                                            {
                                                "Worker Number": 1,
                                                "Actual Startup Time": 150.614,
                                                "Actual Total Time": 150.616,
                                                "Actual Rows": 38,
                                                "Actual Loops": 1
                                            },
                                            {
                                                "Worker Number": 2,
                                                "Actual Startup Time": 150.668,
                                                "Actual Total Time": 150.669,
                                                "Actual Rows": 32,
                                                "Actual Loops": 1
                                            },
                                            {
                                                "Worker Number": 3,
                                                "Actual Startup Time": 150.635,
                                                "Actual Total Time": 150.636,
                                                "Actual Rows": 43,
                                                "Actual Loops": 1
                                            },
                                            {
                                                "Worker Number": 4,
                                                "Actual Startup Time": 151.398,
                                                "Actual Total Time": 151.4,
                                                "Actual Rows": 30,
                                                "Actual Loops": 1
                                            },
                                            {
                                                "Worker Number": 5,
                                                "Actual Startup Time": 152.163,
                                                "Actual Total Time": 152.165,
                                                "Actual Rows": 40,
                                                "Actual Loops": 1
                                            }
                                        ],
                                        "Plans": [
                                            {
                                                "Node Type": "Bitmap Heap Scan",
                                                "Parent Relationship": "Outer",
                                                "Parallel Aware": true,
                                                "Relation Name": "title",
                                                "Schema": "public",
                                                "Alias": "t",
                                                "Startup Cost": 27344.66,
                                                "Total Cost": 69090.8,
                                                "Plan Rows": 23953,
                                                "Plan Width": 4,
                                                "Actual Startup Time": 85.999,
                                                "Actual Total Time": 151.616,
                                                "Actual Rows": 41,
                                                "Actual Loops": 7,
                                                "Output": [
                                                    "t.id"
                                                ],
                                                "Recheck Cond": "(t.kind_id = 7)",
                                                "Rows Removed by Index Recheck": 0,
                                                "Filter": "(t.production_year < 1948)",
                                                "Rows Removed by Filter": 220425,
                                                "Exact Heap Blocks": 5750,
                                                "Lossy Heap Blocks": 0,
                                                "Workers": [
                                                    {
                                                        "Worker Number": 0,
                                                        "Actual Startup Time": 108.75,
                                                        "Actual Total Time": 149.949,
                                                        "Actual Rows": 36,
                                                        "Actual Loops": 1
                                                    },
                                                    {
                                                        "Worker Number": 1,
                                                        "Actual Startup Time": 80.414,
                                                        "Actual Total Time": 150.313,
                                                        "Actual Rows": 38,
                                                        "Actual Loops": 1
                                                    },
                                                    {
                                                        "Worker Number": 2,
                                                        "Actual Startup Time": 79.382,
                                                        "Actual Total Time": 150.349,
                                                        "Actual Rows": 32,
                                                        "Actual Loops": 1
                                                    },
                                                    {
                                                        "Worker Number": 3,
                                                        "Actual Startup Time": 81.232,
                                                        "Actual Total Time": 150.331,
                                                        "Actual Rows": 43,
                                                        "Actual Loops": 1
                                                    },
                                                    {
                                                        "Worker Number": 4,
                                                        "Actual Startup Time": 99.124,
                                                        "Actual Total Time": 151.153,
                                                        "Actual Rows": 30,
                                                        "Actual Loops": 1
                                                    },
                                                    {
                                                        "Worker Number": 5,
                                                        "Actual Startup Time": 72.749,
                                                        "Actual Total Time": 151.833,
                                                        "Actual Rows": 40,
                                                        "Actual Loops": 1
                                                    }
                                                ],
                                                "Plans": [
                                                    {
                                                        "Node Type": "Bitmap Index Scan",
                                                        "Parent Relationship": "Outer",
                                                        "Parallel Aware": false,
                                                        "Index Name": "kind_id_title",
                                                        "Startup Cost": 0.0,
                                                        "Total Cost": 27320.71,
                                                        "Plan Rows": 1532837,
                                                        "Plan Width": 0,
                                                        "Actual Startup Time": 65.705,
                                                        "Actual Total Time": 65.705,
                                                        "Actual Rows": 1543264,
                                                        "Actual Loops": 1,
                                                        "Index Cond": "(t.kind_id = 7)"
                                                    }
                                                ]
                                            }
                                        ]
                                    }
                                ]
                            }
                        ]
                    }
                ]
            }
        ]
    },
    "Planning Time": 2.565,
    "Triggers": [],
    "Execution Time": 1902.541
}