[
  {
    "Plan": {
      "Node Type": "Aggregate",
      "Strategy": "Plain",
      "Partial Mode": "Finalize",
      "Parallel Aware": false,
      "Startup Cost": 32049.0,
      "Total Cost": 32049.01,
      "Plan Rows": 1,
      "Plan Width": 8,
      "Actual Startup Time": 116.612,
      "Actual Total Time": 124.526,
      "Actual Rows": 1,
      "Actual Loops": 1,
      "Plans": [
        {
          "Node Type": "Gather",
          "Parent Relationship": "Outer",
          "Parallel Aware": false,
          "Startup Cost": 32048.69,
          "Total Cost": 32049.0,
          "Plan Rows": 3,
          "Plan Width": 8,
          "Actual Startup Time": 116.525,
          "Actual Total Time": 124.52,
          "Actual Rows": 4,
          "Actual Loops": 1,
          "Workers Planned": 3,
          "Workers Launched": 3,
          "Single Copy": false,
          "Plans": [
            {
              "Node Type": "Aggregate",
              "Strategy": "Plain",
              "Partial Mode": "Partial",
              "Parent Relationship": "Outer",
              "Parallel Aware": false,
              "Startup Cost": 31048.69,
              "Total Cost": 31048.7,
              "Plan Rows": 1,
              "Plan Width": 8,
              "Actual Startup Time": 109.313,
              "Actual Total Time": 109.314,
              "Actual Rows": 1,
              "Actual Loops": 4,
              "Plans": [
                {
                  "Node Type": "Seq Scan",
                  "Parent Relationship": "Outer",
                  "Parallel Aware": true,
                  "Relation Name": "movie_companies",
                  "Alias": "mc",
                  "Startup Cost": 0.0,
                  "Total Cost": 29310.68,
                  "Plan Rows": 695202,
                  "Plan Width": 0,
                  "Actual Startup Time": 0.131,
                  "Actual Total Time": 84.882,
                  "Actual Rows": 539924,
                  "Actual Loops": 4,
                  "Filter": "(company_id > 358)",
                  "Rows Removed by Filter": 112358
                }
              ]
            }
          ]
        }
      ]
    },
    "Planning Time": 0.125,
    "Triggers": [],
    "Execution Time": 124.565
  }
]