[
  {
    "Plan": {
      "Node Type": "Aggregate",
      "Strategy": "Plain",
      "Partial Mode": "Finalize",
      "Parallel Aware": false,
      "Startup Cost": 201230.48,
      "Total Cost": 201230.49,
      "Plan Rows": 1,
      "Plan Width": 8,
      "Actual Startup Time": 319.108,
      "Actual Total Time": 333.631,
      "Actual Rows": 1,
      "Actual Loops": 1,
      "Plans": [
        {
          "Node Type": "Gather",
          "Parent Relationship": "Outer",
          "Parallel Aware": false,
          "Startup Cost": 201229.86,
          "Total Cost": 201230.47,
          "Plan Rows": 6,
          "Plan Width": 8,
          "Actual Startup Time": 318.99,
          "Actual Total Time": 333.622,
          "Actual Rows": 7,
          "Actual Loops": 1,
          "Workers Planned": 6,
          "Workers Launched": 6,
          "Single Copy": false,
          "Plans": [
            {
              "Node Type": "Aggregate",
              "Strategy": "Plain",
              "Partial Mode": "Partial",
              "Parent Relationship": "Outer",
              "Parallel Aware": false,
              "Startup Cost": 200229.86,
              "Total Cost": 200229.87,
              "Plan Rows": 1,
              "Plan Width": 8,
              "Actual Startup Time": 309.602,
              "Actual Total Time": 309.604,
              "Actual Rows": 1,
              "Actual Loops": 7,
              "Plans": [
                {
                  "Node Type": "Index Scan",
                  "Parent Relationship": "Outer",
                  "Parallel Aware": true,
                  "Scan Direction": "Forward",
                  "Index Name": "role_id_cast_info",
                  "Relation Name": "cast_info",
                  "Alias": "ci",
                  "Startup Cost": 0.56,
                  "Total Cost": 197877.72,
                  "Plan Rows": 940854,
                  "Plan Width": 0,
                  "Actual Startup Time": 0.139,
                  "Actual Total Time": 256.037,
                  "Actual Rows": 1064568,
                  "Actual Loops": 7,
                  "Index Cond": "(role_id = 2)",
                  "Rows Removed by Index Recheck": 0,
                  "Filter": "(person_id < 2847434)",
                  "Rows Removed by Filter": 0
                }
              ]
            }
          ]
        }
      ]
    },
    "Planning Time": 0.21,
    "Triggers": [],
    "Execution Time": 333.689
  }
]