[
  {
    "Plan": {
      "Node Type": "Aggregate",
      "Strategy": "Plain",
      "Partial Mode": "Finalize",
      "Parallel Aware": false,
      "Startup Cost": 32975.36,
      "Total Cost": 32975.37,
      "Plan Rows": 1,
      "Plan Width": 8,
      "Actual Startup Time": 88.678,
      "Actual Total Time": 93.724,
      "Actual Rows": 1,
      "Actual Loops": 1,
      "Plans": [
        {
          "Node Type": "Gather",
          "Parent Relationship": "Outer",
          "Parallel Aware": false,
          "Startup Cost": 32975.04,
          "Total Cost": 32975.35,
          "Plan Rows": 3,
          "Plan Width": 8,
          "Actual Startup Time": 88.544,
          "Actual Total Time": 93.718,
          "Actual Rows": 4,
          "Actual Loops": 1,
          "Workers Planned": 3,
          "Workers Launched": 3,
          "Single Copy": false,
          "Plans": [
            {
              "Node Type": "Aggregate",
              "Strategy": "Plain",
              "Partial Mode": "Partial",
              "Parent Relationship": "Outer",
              "Parallel Aware": false,
              "Startup Cost": 31975.04,
              "Total Cost": 31975.05,
              "Plan Rows": 1,
              "Plan Width": 8,
              "Actual Startup Time": 82.05,
              "Actual Total Time": 82.051,
              "Actual Rows": 1,
              "Actual Loops": 4,
              "Plans": [
                {
                  "Node Type": "Seq Scan",
                  "Parent Relationship": "Outer",
                  "Parallel Aware": true,
                  "Relation Name": "movie_companies",
                  "Alias": "mc",
                  "Startup Cost": 0.0,
                  "Total Cost": 31414.82,
                  "Plan Rows": 224088,
                  "Plan Width": 0,
                  "Actual Startup Time": 19.728,
                  "Actual Total Time": 76.212,
                  "Actual Rows": 118486,
                  "Actual Loops": 4,
                  "Filter": "((company_id > 10709) AND (company_type_id = 1))",
                  "Rows Removed by Filter": 533796
                }
              ]
            }
          ]
        }
      ]
    },
    "Planning Time": 0.179,
    "Triggers": [],
    "Execution Time": 93.77
  }
]