{
  "Plan": {
    "Node Type": "Aggregate",
    "Strategy": "Plain",
    "Partial Mode": "Finalize",
    "Parallel Aware": false,
    "Startup Cost": 751409.13,
    "Total Cost": 751409.14,
    "Plan Rows": 1,
    "Plan Width": 8,
    "Actual Startup Time": 4567.02,
    "Actual Total Time": 4639.632,
    "Actual Rows": 1,
    "Actual Loops": 1,
    "Plans": [
      {
        "Node Type": "Gather",
        "Parent Relationship": "Outer",
        "Parallel Aware": false,
        "Startup Cost": 751409.02,
        "Total Cost": 751409.13,
        "Plan Rows": 1,
        "Plan Width": 8,
        "Actual Startup Time": 4559.849,
        "Actual Total Time": 4639.619,
        "Actual Rows": 2,
        "Actual Loops": 1,
        "Workers Planned": 1,
        "Workers Launched": 1,
        "Single Copy": false,
        "Plans": [
          {
            "Node Type": "Aggregate",
            "Strategy": "Plain",
            "Partial Mode": "Partial",
            "Parent Relationship": "Outer",
            "Parallel Aware": false,
            "Startup Cost": 750409.02,
            "Total Cost": 750409.03,
            "Plan Rows": 1,
            "Plan Width": 8,
            "Actual Startup Time": 4553.567,
            "Actual Total Time": 4553.869,
            "Actual Rows": 1,
            "Actual Loops": 2,
            "Plans": [
              {
                "Node Type": "Hash Join",
                "Parent Relationship": "Outer",
                "Parallel Aware": true,
                "Join Type": "Inner",
                "Startup Cost": 117791.87,
                "Total Cost": 743930.43,
                "Plan Rows": 2591437,
                "Plan Width": 0,
                "Actual Startup Time": 1434.984,
                "Actual Total Time": 4366.523,
                "Actual Rows": 4323968,
                "Actual Loops": 2,
                "Inner Unique": false,
                "Hash Cond": "(ci.movie_id = t.id)",
                "Plans": [
                  {
                    "Node Type": "Seq Scan",
                    "Parent Relationship": "Outer",
                    "Parallel Aware": true,
                    "Relation Name": "cast_info",
                    "Alias": "ci",
                    "Startup Cost": 0.0,
                    "Total Cost": 572345.93,
                    "Plan Rows": 10279701,
                    "Plan Width": 4,
                    "Actual Startup Time": 520.234,
                    "Actual Total Time": 1811.856,
                    "Actual Rows": 8078666,
                    "Actual Loops": 2,
                    "Filter": "((person_id > 1599112) AND (role_id < 10))",
                    "Rows Removed by Filter": 10043506
                  },
                  {
                    "Node Type": "Hash",
                    "Parent Relationship": "Inner",
                    "Parallel Aware": true,
                    "Startup Cost": 113105.37,
                    "Total Cost": 113105.37,
                    "Plan Rows": 374920,
                    "Plan Width": 8,
                    "Actual Startup Time": 905.163,
                    "Actual Total Time": 905.464,
                    "Actual Rows": 324027,
                    "Actual Loops": 2,
                    "Hash Buckets": 1048576,
                    "Original Hash Buckets": 1048576,
                    "Hash Batches": 1,
                    "Original Hash Batches": 1,
                    "Peak Memory Usage": 33600,
                    "Plans": [
                      {
                        "Node Type": "Hash Join",
                        "Parent Relationship": "Outer",
                        "Parallel Aware": true,
                        "Join Type": "Inner",
                        "Startup Cost": 82980.7,
                        "Total Cost": 113105.37,
                        "Plan Rows": 374920,
                        "Plan Width": 8,
                        "Actual Startup Time": 619.298,
                        "Actual Total Time": 819.493,
                        "Actual Rows": 324027,
                        "Actual Loops": 2,
                        "Inner Unique": true,
                        "Hash Cond": "(mk.movie_id = t.id)",
                        "Plans": [
                          {
                            "Node Type": "Bitmap Heap Scan",
                            "Parent Relationship": "Outer",
                            "Parallel Aware": true,
                            "Relation Name": "movie_keyword",
                            "Alias": "mk",
                            "Startup Cost": 13520.0,
                            "Total Cost": 42660.5,
                            "Plan Rows": 374920,
                            "Plan Width": 4,
                            "Actual Startup Time": 32.155,
                            "Actual Total Time": 117.762,
                            "Actual Rows": 324027,
                            "Actual Loops": 2,
                            "Recheck Cond": "(keyword_id < 500)",
                            "Rows Removed by Index Recheck": 0,
                            "Exact Heap Blocks": 15158,
                            "Lossy Heap Blocks": 0,
                            "Plans": [
                              {
                                "Node Type": "Bitmap Index Scan",
                                "Parent Relationship": "Outer",
                                "Parallel Aware": false,
                                "Index Name": "keyword_id_movie_keyword",
                                "Startup Cost": 0.0,
                                "Total Cost": 13360.66,
                                "Plan Rows": 637364,
                                "Plan Width": 0,
                                "Actual Startup Time": 28.553,
                                "Actual Total Time": 28.554,
                                "Actual Rows": 648054,
                                "Actual Loops": 1,
                                "Index Cond": "(keyword_id < 500)"
                              }
                            ]
                          },
                          {
                            "Node Type": "Hash",
                            "Parent Relationship": "Inner",
                            "Parallel Aware": true,
                            "Startup Cost": 50870.31,
                            "Total Cost": 50870.31,
                            "Plan Rows": 1487231,
                            "Plan Width": 4,
                            "Actual Startup Time": 570.906,
                            "Actual Total Time": 570.907,
                            "Actual Rows": 1264156,
                            "Actual Loops": 2,
                            "Hash Buckets": 4194304,
                            "Original Hash Buckets": 4194304,
                            "Hash Batches": 1,
                            "Original Hash Batches": 1,
                            "Peak Memory Usage": 131712,
                            "Plans": [
                              {
                                "Node Type": "Seq Scan",
                                "Parent Relationship": "Outer",
                                "Parallel Aware": true,
                                "Relation Name": "title",
                                "Alias": "t",
                                "Startup Cost": 0.0,
                                "Total Cost": 50870.31,
                                "Plan Rows": 1487231,
                                "Plan Width": 4,
                                "Actual Startup Time": 0.037,
                                "Actual Total Time": 174.103,
                                "Actual Rows": 1264156,
                                "Actual Loops": 2
                              }
                            ]
                          }
                        ]
                      }
                    ]
                  }
                ]
              }
            ]
          }
        ]
      }
    ]
  },
  "Planning Time": 0.977,
  "Triggers": [],
  "Execution Time": 4639.753
}