[
  {
    "Plan": {
      "Node Type": "Aggregate",
      "Strategy": "Plain",
      "Partial Mode": "Finalize",
      "Parallel Aware": false,
      "Startup Cost": 45778.48,
      "Total Cost": 45778.49,
      "Plan Rows": 1,
      "Plan Width": 8,
      "Actual Startup Time": 151.579,
      "Actual Total Time": 161.265,
      "Actual Rows": 1,
      "Actual Loops": 1,
      "Plans": [
        {
          "Node Type": "Gather",
          "Parent Relationship": "Outer",
          "Parallel Aware": false,
          "Startup Cost": 45778.16,
          "Total Cost": 45778.47,
          "Plan Rows": 3,
          "Plan Width": 8,
          "Actual Startup Time": 151.342,
          "Actual Total Time": 161.258,
          "Actual Rows": 4,
          "Actual Loops": 1,
          "Workers Planned": 3,
          "Workers Launched": 3,
          "Single Copy": false,
          "Plans": [
            {
              "Node Type": "Aggregate",
              "Strategy": "Plain",
              "Partial Mode": "Partial",
              "Parent Relationship": "Outer",
              "Parallel Aware": false,
              "Startup Cost": 44778.16,
              "Total Cost": 44778.17,
              "Plan Rows": 1,
              "Plan Width": 8,
              "Actual Startup Time": 144.621,
              "Actual Total Time": 144.622,
              "Actual Rows": 1,
              "Actual Loops": 4,
              "Plans": [
                {
                  "Node Type": "Seq Scan",
                  "Parent Relationship": "Outer",
                  "Parallel Aware": true,
                  "Relation Name": "movie_keyword",
                  "Alias": "mk",
                  "Startup Cost": 0.0,
                  "Total Cost": 42695.65,
                  "Plan Rows": 833002,
                  "Plan Width": 0,
                  "Actual Startup Time": 0.43,
                  "Actual Total Time": 116.19,
                  "Actual Rows": 643904,
                  "Actual Loops": 4,
                  "Filter": "(keyword_id > 3371)",
                  "Rows Removed by Filter": 487078
                }
              ]
            }
          ]
        }
      ]
    },
    "Planning Time": 0.154,
    "Triggers": [],
    "Execution Time": 161.309
  }
]