[
  {
    "Plan": {
      "Node Type": "Aggregate",
      "Strategy": "Plain",
      "Partial Mode": "Simple",
      "Parallel Aware": false,
      "Startup Cost": 18873.08,
      "Total Cost": 18873.09,
      "Plan Rows": 1,
      "Plan Width": 8,
      "Actual Startup Time": 18.295,
      "Actual Total Time": 18.297,
      "Actual Rows": 1,
      "Actual Loops": 1,
      "Plans": [
        {
          "Node Type": "Bitmap Heap Scan",
          "Parent Relationship": "Outer",
          "Parallel Aware": false,
          "Relation Name": "movie_companies",
          "Alias": "mc",
          "Startup Cost": 310.97,
          "Total Cost": 18837.43,
          "Plan Rows": 14263,
          "Plan Width": 0,
          "Actual Startup Time": 4.328,
          "Actual Total Time": 16.429,
          "Actual Rows": 12894,
          "Actual Loops": 1,
          "Recheck Cond": "(company_id = 34)",
          "Rows Removed by Index Recheck": 0,
          "Exact Heap Blocks": 3822,
          "Lossy Heap Blocks": 0,
          "Plans": [
            {
              "Node Type": "Bitmap Index Scan",
              "Parent Relationship": "Outer",
              "Parallel Aware": false,
              "Index Name": "company_id_movie_companies",
              "Startup Cost": 0.0,
              "Total Cost": 307.4,
              "Plan Rows": 14263,
              "Plan Width": 0,
              "Actual Startup Time": 2.783,
              "Actual Total Time": 2.784,
              "Actual Rows": 12894,
              "Actual Loops": 1,
              "Index Cond": "(company_id = 34)"
            }
          ]
        }
      ]
    },
    "Planning Time": 0.16,
    "Triggers": [],
    "Execution Time": 18.355
  }
]