{
  "Plan": {
    "Node Type": "Aggregate",
    "Strategy": "Plain",
    "Partial Mode": "Finalize",
    "Parallel Aware": false,
    "Startup Cost": 622530.2,
    "Total Cost": 622530.21,
    "Plan Rows": 1,
    "Plan Width": 8,
    "Actual Startup Time": 3250.353,
    "Actual Total Time": 3318.851,
    "Actual Rows": 1,
    "Actual Loops": 1,
    "Plans": [
      {
        "Node Type": "Gather",
        "Parent Relationship": "Outer",
        "Parallel Aware": false,
        "Startup Cost": 622530.08,
        "Total Cost": 622530.19,
        "Plan Rows": 1,
        "Plan Width": 8,
        "Actual Startup Time": 3250.067,
        "Actual Total Time": 3318.842,
        "Actual Rows": 2,
        "Actual Loops": 1,
        "Workers Planned": 1,
        "Workers Launched": 1,
        "Single Copy": false,
        "Plans": [
          {
            "Node Type": "Aggregate",
            "Strategy": "Plain",
            "Partial Mode": "Partial",
            "Parent Relationship": "Outer",
            "Parallel Aware": false,
            "Startup Cost": 621530.08,
            "Total Cost": 621530.09,
            "Plan Rows": 1,
            "Plan Width": 8,
            "Actual Startup Time": 3244.576,
            "Actual Total Time": 3244.58,
            "Actual Rows": 1,
            "Actual Loops": 2,
            "Plans": [
              {
                "Node Type": "Hash Join",
                "Parent Relationship": "Outer",
                "Parallel Aware": true,
                "Join Type": "Inner",
                "Startup Cost": 58422.11,
                "Total Cost": 621270.73,
                "Plan Rows": 103742,
                "Plan Width": 0,
                "Actual Startup Time": 374.468,
                "Actual Total Time": 3238.925,
                "Actual Rows": 97730,
                "Actual Loops": 2,
                "Inner Unique": true,
                "Hash Cond": "(ci.movie_id = t.id)",
                "Plans": [
                  {
                    "Node Type": "Seq Scan",
                    "Parent Relationship": "Outer",
                    "Parallel Aware": true,
                    "Relation Name": "cast_info",
                    "Alias": "ci",
                    "Startup Cost": 0.0,
                    "Total Cost": 519069.44,
                    "Plan Rows": 16677754,
                    "Plan Width": 4,
                    "Actual Startup Time": 218.907,
                    "Actual Total Time": 1740.912,
                    "Actual Rows": 14106340,
                    "Actual Loops": 2,
                    "Filter": "(person_id > 785522)",
                    "Rows Removed by Filter": 4015832
                  },
                  {
                    "Node Type": "Hash",
                    "Parent Relationship": "Inner",
                    "Parallel Aware": true,
                    "Startup Cost": 58306.47,
                    "Total Cost": 58306.47,
                    "Plan Rows": 9251,
                    "Plan Width": 4,
                    "Actual Startup Time": 154.24,
                    "Actual Total Time": 154.241,
                    "Actual Rows": 8124,
                    "Actual Loops": 2,
                    "Hash Buckets": 16384,
                    "Original Hash Buckets": 16384,
                    "Hash Batches": 1,
                    "Original Hash Batches": 1,
                    "Peak Memory Usage": 800,
                    "Plans": [
                      {
                        "Node Type": "Seq Scan",
                        "Parent Relationship": "Outer",
                        "Parallel Aware": true,
                        "Relation Name": "title",
                        "Alias": "t",
                        "Startup Cost": 0.0,
                        "Total Cost": 58306.47,
                        "Plan Rows": 9251,
                        "Plan Width": 4,
                        "Actual Startup Time": 0.069,
                        "Actual Total Time": 151.289,
                        "Actual Rows": 8124,
                        "Actual Loops": 2,
                        "Filter": "((kind_id = 7) AND (production_year = 1993))",
                        "Rows Removed by Filter": 1256032
                      }
                    ]
                  }
                ]
              }
            ]
          }
        ]
      }
    ]
  },
  "Planning Time": 0.309,
  "Triggers": [],
  "Execution Time": 3318.926
}