{
    "Plan": {
        "Node Type": "Aggregate",
        "Strategy": "Plain",
        "Partial Mode": "Finalize",
        "Parallel Aware": false,
        "Startup Cost": 474344.48,
        "Total Cost": 474344.49,
        "Plan Rows": 1,
        "Plan Width": 8,
        "Actual Startup Time": 2743.077,
        "Actual Total Time": 2801.5,
        "Actual Rows": 1,
        "Actual Loops": 1,
        "Output": [
            "count(*)"
        ],
        "Plans": [
            {
                "Node Type": "Gather",
                "Parent Relationship": "Outer",
                "Parallel Aware": false,
                "Startup Cost": 474343.86,
                "Total Cost": 474344.47,
                "Plan Rows": 6,
                "Plan Width": 8,
                "Actual Startup Time": 2730.004,
                "Actual Total Time": 2801.487,
                "Actual Rows": 7,
                "Actual Loops": 1,
                "Output": [
                    "(PARTIAL count(*))"
                ],
                "Workers Planned": 6,
                "Workers Launched": 6,
                "Single Copy": false,
                "Plans": [
                    {
                        "Node Type": "Aggregate",
                        "Strategy": "Plain",
                        "Partial Mode": "Partial",
                        "Parent Relationship": "Outer",
                        "Parallel Aware": false,
                        "Startup Cost": 473343.86,
                        "Total Cost": 473343.87,
                        "Plan Rows": 1,
                        "Plan Width": 8,
                        "Actual Startup Time": 2686.633,
                        "Actual Total Time": 2686.911,
                        "Actual Rows": 1,
                        "Actual Loops": 7,
                        "Output": [
                            "PARTIAL count(*)"
                        ],
                        "Workers": [
                            {
                                "Worker Number": 0,
                                "Actual Startup Time": 2679.448,
                                "Actual Total Time": 2679.453,
                                "Actual Rows": 1,
                                "Actual Loops": 1
                            },
                            {
                                "Worker Number": 1,
                                "Actual Startup Time": 2679.44,
                                "Actual Total Time": 2679.447,
                                "Actual Rows": 1,
                                "Actual Loops": 1
                            },
                            {
                                "Worker Number": 2,
                                "Actual Startup Time": 2680.723,
                                "Actual Total Time": 2680.728,
                                "Actual Rows": 1,
                                "Actual Loops": 1
                            },
                            {
                                "Worker Number": 3,
                                "Actual Startup Time": 2679.158,
                                "Actual Total Time": 2679.163,
                                "Actual Rows": 1,
                                "Actual Loops": 1
                            },
                            {
                                "Worker Number": 4,
                                "Actual Startup Time": 2679.201,
                                "Actual Total Time": 2679.206,
                                "Actual Rows": 1,
                                "Actual Loops": 1
                            },
                            {
                                "Worker Number": 5,
                                "Actual Startup Time": 2679.437,
                                "Actual Total Time": 2679.444,
                                "Actual Rows": 1,
                                "Actual Loops": 1
                            }
                        ],
                        "Plans": [
                            {
                                "Node Type": "Hash Join",
                                "Parent Relationship": "Outer",
                                "Parallel Aware": true,
                                "Join Type": "Inner",
                                "Startup Cost": 97238.32,
                                "Total Cost": 465867.34,
                                "Plan Rows": 2990608,
                                "Plan Width": 0,
                                "Actual Startup Time": 612.308,
                                "Actual Total Time": 2439.569,
                                "Actual Rows": 4974147,
                                "Actual Loops": 7,
                                "Inner Unique": false,
                                "Hash Cond": "(ci.movie_id = t.id)",
                                "Workers": [
                                    {
                                        "Worker Number": 0,
                                        "Actual Startup Time": 605.298,
                                        "Actual Total Time": 2419.57,
                                        "Actual Rows": 4215561,
                                        "Actual Loops": 1
                                    },
                                    {
                                        "Worker Number": 1,
                                        "Actual Startup Time": 605.318,
                                        "Actual Total Time": 2422.803,
                                        "Actual Rows": 4070211,
                                        "Actual Loops": 1
                                    },
                                    {
                                        "Worker Number": 2,
                                        "Actual Startup Time": 605.208,
                                        "Actual Total Time": 2425.733,
                                        "Actual Rows": 4286484,
                                        "Actual Loops": 1
                                    },
                                    {
                                        "Worker Number": 3,
                                        "Actual Startup Time": 605.088,
                                        "Actual Total Time": 2453.774,
                                        "Actual Rows": 5825051,
                                        "Actual Loops": 1
                                    },
                                    {
                                        "Worker Number": 4,
                                        "Actual Startup Time": 605.071,
                                        "Actual Total Time": 2452.828,
                                        "Actual Rows": 5848214,
                                        "Actual Loops": 1
                                    },
                                    {
                                        "Worker Number": 5,
                                        "Actual Startup Time": 605.305,
                                        "Actual Total Time": 2418.345,
                                        "Actual Rows": 4185144,
                                        "Actual Loops": 1
                                    }
                                ],
                                "Plans": [
                                    {
                                        "Node Type": "Seq Scan",
                                        "Parent Relationship": "Outer",
                                        "Parallel Aware": true,
                                        "Relation Name": "cast_info",
                                        "Schema": "public",
                                        "Alias": "ci",
                                        "Startup Cost": 0.0,
                                        "Total Cost": 343318.94,
                                        "Plan Rows": 4176788,
                                        "Plan Width": 4,
                                        "Actual Startup Time": 100.56,
                                        "Actual Total Time": 793.811,
                                        "Actual Rows": 3447245,
                                        "Actual Loops": 7,
                                        "Output": [
                                            "ci.id",
                                            "ci.person_id",
                                            "ci.movie_id",
                                            "ci.person_role_id",
                                            "ci.note",
                                            "ci.nr_order",
                                            "ci.role_id"
                                        ],
                                        "Filter": "((ci.person_id > 760813) AND (ci.role_id < 10))",
                                        "Rows Removed by Filter": 1730519,
                                        "Workers": [
                                            {
                                                "Worker Number": 0,
                                                "Actual Startup Time": 100.564,
                                                "Actual Total Time": 809.954,
                                                "Actual Rows": 2884984,
                                                "Actual Loops": 1
                                            },
                                            {
                                                "Worker Number": 1,
                                                "Actual Startup Time": 100.579,
                                                "Actual Total Time": 817.557,
                                                "Actual Rows": 2846004,
                                                "Actual Loops": 1
                                            },
                                            {
                                                "Worker Number": 2,
                                                "Actual Startup Time": 100.571,
                                                "Actual Total Time": 812.96,
                                                "Actual Rows": 3044073,
                                                "Actual Loops": 1
                                            },
                                            {
                                                "Worker Number": 3,
                                                "Actual Startup Time": 100.574,
                                                "Actual Total Time": 791.986,
                                                "Actual Rows": 4022785,
                                                "Actual Loops": 1
                                            },
                                            {
                                                "Worker Number": 4,
                                                "Actual Startup Time": 100.587,
                                                "Actual Total Time": 793.121,
                                                "Actual Rows": 4032665,
                                                "Actual Loops": 1
                                            },
                                            {
                                                "Worker Number": 5,
                                                "Actual Startup Time": 100.497,
                                                "Actual Total Time": 806.817,
                                                "Actual Rows": 2821910,
                                                "Actual Loops": 1
                                            }
                                        ]
                                    },
                                    {
                                        "Node Type": "Hash",
                                        "Parent Relationship": "Inner",
                                        "Parallel Aware": true,
                                        "Startup Cost": 89938.75,
                                        "Total Cost": 89938.75,
                                        "Plan Rows": 583966,
                                        "Plan Width": 8,
                                        "Actual Startup Time": 503.259,
                                        "Actual Total Time": 503.534,
                                        "Actual Rows": 179013,
                                        "Actual Loops": 7,
                                        "Output": [
                                            "t.id",
                                            "mk.movie_id"
                                        ],
                                        "Hash Buckets": 2097152,
                                        "Original Hash Buckets": 2097152,
                                        "Hash Batches": 1,
                                        "Original Hash Batches": 1,
                                        "Peak Memory Usage": 65504,
                                        "Workers": [
                                            {
                                                "Worker Number": 0,
                                                "Actual Startup Time": 503.931,
                                                "Actual Total Time": 503.934,
                                                "Actual Rows": 148543,
                                                "Actual Loops": 1
                                            },
                                            {
                                                "Worker Number": 1,
                                                "Actual Startup Time": 503.933,
                                                "Actual Total Time": 503.937,
                                                "Actual Rows": 148440,
                                                "Actual Loops": 1
                                            },
                                            {
                                                "Worker Number": 2,
                                                "Actual Startup Time": 503.915,
                                                "Actual Total Time": 503.918,
                                                "Actual Rows": 150386,
                                                "Actual Loops": 1
                                            },
                                            {
                                                "Worker Number": 3,
                                                "Actual Startup Time": 503.622,
                                                "Actual Total Time": 503.626,
                                                "Actual Rows": 208178,
                                                "Actual Loops": 1
                                            },
                                            {
                                                "Worker Number": 4,
                                                "Actual Startup Time": 503.651,
                                                "Actual Total Time": 503.655,
                                                "Actual Rows": 214844,
                                                "Actual Loops": 1
                                            },
                                            {
                                                "Worker Number": 5,
                                                "Actual Startup Time": 503.778,
                                                "Actual Total Time": 503.782,
                                                "Actual Rows": 146821,
                                                "Actual Loops": 1
                                            }
                                        ],
                                        "Plans": [
                                            {
                                                "Node Type": "Hash Join",
                                                "Parent Relationship": "Outer",
                                                "Parallel Aware": true,
                                                "Join Type": "Inner",
                                                "Startup Cost": 47060.67,
                                                "Total Cost": 89938.75,
                                                "Plan Rows": 583966,
                                                "Plan Width": 8,
                                                "Actual Startup Time": 236.025,
                                                "Actual Total Time": 416.148,
                                                "Actual Rows": 179013,
                                                "Actual Loops": 7,
                                                "Output": [
                                                    "t.id",
                                                    "mk.movie_id"
                                                ],
                                                "Inner Unique": true,
                                                "Hash Cond": "(mk.movie_id = t.id)",
                                                "Workers": [
                                                    {
                                                        "Worker Number": 0,
                                                        "Actual Startup Time": 236.054,
                                                        "Actual Total Time": 416.608,
                                                        "Actual Rows": 148543,
                                                        "Actual Loops": 1
                                                    },
                                                    {
                                                        "Worker Number": 1,
                                                        "Actual Startup Time": 236.04,
                                                        "Actual Total Time": 415.85,
                                                        "Actual Rows": 148440,
                                                        "Actual Loops": 1
                                                    },
                                                    {
                                                        "Worker Number": 2,
                                                        "Actual Startup Time": 236.157,
                                                        "Actual Total Time": 415.672,
                                                        "Actual Rows": 150386,
                                                        "Actual Loops": 1
                                                    },
                                                    {
                                                        "Worker Number": 3,
                                                        "Actual Startup Time": 235.915,
                                                        "Actual Total Time": 415.969,
                                                        "Actual Rows": 208178,
                                                        "Actual Loops": 1
                                                    },
                                                    {
                                                        "Worker Number": 4,
                                                        "Actual Startup Time": 235.922,
                                                        "Actual Total Time": 415.692,
                                                        "Actual Rows": 214844,
                                                        "Actual Loops": 1
                                                    },
                                                    {
                                                        "Worker Number": 5,
                                                        "Actual Startup Time": 236.029,
                                                        "Actual Total Time": 417.646,
                                                        "Actual Rows": 146821,
                                                        "Actual Loops": 1
                                                    }
                                                ],
                                                "Plans": [
                                                    {
                                                        "Node Type": "Seq Scan",
                                                        "Parent Relationship": "Outer",
                                                        "Parallel Aware": true,
                                                        "Relation Name": "movie_keyword",
                                                        "Schema": "public",
                                                        "Alias": "mk",
                                                        "Startup Cost": 0.0,
                                                        "Total Cost": 39047.32,
                                                        "Plan Rows": 1459332,
                                                        "Plan Width": 4,
                                                        "Actual Startup Time": 0.025,
                                                        "Actual Total Time": 79.328,
                                                        "Actual Rows": 646276,
                                                        "Actual Loops": 7,
                                                        "Output": [
                                                            "mk.id",
                                                            "mk.movie_id",
                                                            "mk.keyword_id"
                                                        ],
                                                        "Workers": [
                                                            {
                                                                "Worker Number": 0,
                                                                "Actual Startup Time": 0.032,
                                                                "Actual Total Time": 81.191,
                                                                "Actual Rows": 538165,
                                                                "Actual Loops": 1
                                                            },
                                                            {
                                                                "Worker Number": 1,
                                                                "Actual Startup Time": 0.029,
                                                                "Actual Total Time": 80.75,
                                                                "Actual Rows": 536870,
                                                                "Actual Loops": 1
                                                            },
                                                            {
                                                                "Worker Number": 2,
                                                                "Actual Startup Time": 0.031,
                                                                "Actual Total Time": 80.568,
                                                                "Actual Rows": 534280,
                                                                "Actual Loops": 1
                                                            },
                                                            {
                                                                "Worker Number": 3,
                                                                "Actual Startup Time": 0.022,
                                                                "Actual Total Time": 83.934,
                                                                "Actual Rows": 759240,
                                                                "Actual Loops": 1
                                                            },
                                                            {
                                                                "Worker Number": 4,
                                                                "Actual Startup Time": 0.021,
                                                                "Actual Total Time": 83.334,
                                                                "Actual Rows": 754615,
                                                                "Actual Loops": 1
                                                            },
                                                            {
                                                                "Worker Number": 5,
                                                                "Actual Startup Time": 0.028,
                                                                "Actual Total Time": 80.932,
                                                                "Actual Rows": 532740,
                                                                "Actual Loops": 1
                                                            }
                                                        ]
                                                    },
                                                    {
                                                        "Node Type": "Hash",
                                                        "Parent Relationship": "Inner",
                                                        "Parallel Aware": true,
                                                        "Startup Cost": 43899.01,
                                                        "Total Cost": 43899.01,
                                                        "Plan Rows": 252933,
                                                        "Plan Width": 4,
                                                        "Actual Startup Time": 233.807,
                                                        "Actual Total Time": 233.809,
                                                        "Actual Rows": 144703,
                                                        "Actual Loops": 7,
                                                        "Output": [
                                                            "t.id"
                                                        ],
                                                        "Hash Buckets": 1048576,
                                                        "Original Hash Buckets": 1048576,
                                                        "Hash Batches": 1,
                                                        "Original Hash Batches": 1,
                                                        "Peak Memory Usage": 47904,
                                                        "Workers": [
                                                            {
                                                                "Worker Number": 0,
                                                                "Actual Startup Time": 235.652,
                                                                "Actual Total Time": 235.653,
                                                                "Actual Rows": 124677,
                                                                "Actual Loops": 1
                                                            },
                                                            {
                                                                "Worker Number": 1,
                                                                "Actual Startup Time": 235.647,
                                                                "Actual Total Time": 235.648,
                                                                "Actual Rows": 118555,
                                                                "Actual Loops": 1
                                                            },
                                                            {
                                                                "Worker Number": 2,
                                                                "Actual Startup Time": 235.615,
                                                                "Actual Total Time": 235.616,
                                                                "Actual Rows": 142658,
                                                                "Actual Loops": 1
                                                            },
                                                            {
                                                                "Worker Number": 3,
                                                                "Actual Startup Time": 235.792,
                                                                "Actual Total Time": 235.793,
                                                                "Actual Rows": 103306,
                                                                "Actual Loops": 1
                                                            },
                                                            {
                                                                "Worker Number": 4,
                                                                "Actual Startup Time": 235.758,
                                                                "Actual Total Time": 235.759,
                                                                "Actual Rows": 140639,
                                                                "Actual Loops": 1
                                                            },
                                                            {
                                                                "Worker Number": 5,
                                                                "Actual Startup Time": 235.607,
                                                                "Actual Total Time": 235.608,
                                                                "Actual Rows": 113294,
                                                                "Actual Loops": 1
                                                            }
                                                        ],
                                                        "Plans": [
                                                            {
                                                                "Node Type": "Seq Scan",
                                                                "Parent Relationship": "Outer",
                                                                "Parallel Aware": true,
                                                                "Relation Name": "title",
                                                                "Schema": "public",
                                                                "Alias": "t",
                                                                "Startup Cost": 0.0,
                                                                "Total Cost": 43899.01,
                                                                "Plan Rows": 252933,
                                                                "Plan Width": 4,
                                                                "Actual Startup Time": 0.065,
                                                                "Actual Total Time": 97.371,
                                                                "Actual Rows": 144703,
                                                                "Actual Loops": 7,
                                                                "Output": [
                                                                    "t.id"
                                                                ],
                                                                "Filter": "(t.production_year > 2005)",
                                                                "Rows Removed by Filter": 216485,
                                                                "Workers": [
                                                                    {
                                                                        "Worker Number": 0,
                                                                        "Actual Startup Time": 0.076,
                                                                        "Actual Total Time": 100.63,
                                                                        "Actual Rows": 124677,
                                                                        "Actual Loops": 1
                                                                    },
                                                                    {
                                                                        "Worker Number": 1,
                                                                        "Actual Startup Time": 0.067,
                                                                        "Actual Total Time": 100.758,
                                                                        "Actual Rows": 118555,
                                                                        "Actual Loops": 1
                                                                    },
                                                                    {
                                                                        "Worker Number": 2,
                                                                        "Actual Startup Time": 0.078,
                                                                        "Actual Total Time": 98.393,
                                                                        "Actual Rows": 142658,
                                                                        "Actual Loops": 1
                                                                    },
                                                                    {
                                                                        "Worker Number": 3,
                                                                        "Actual Startup Time": 0.068,
                                                                        "Actual Total Time": 100.022,
                                                                        "Actual Rows": 103306,
                                                                        "Actual Loops": 1
                                                                    },
                                                                    {
                                                                        "Worker Number": 4,
                                                                        "Actual Startup Time": 0.076,
                                                                        "Actual Total Time": 98.298,
                                                                        "Actual Rows": 140639,
                                                                        "Actual Loops": 1
                                                                    },
                                                                    {
                                                                        "Worker Number": 5,
                                                                        "Actual Startup Time": 0.073,
                                                                        "Actual Total Time": 100.958,
                                                                        "Actual Rows": 113294,
                                                                        "Actual Loops": 1
                                                                    }
                                                                ]
                                                            }
                                                        ]
                                                    }
                                                ]
                                            }
                                        ]
                                    }
                                ]
                            }
                        ]
                    }
                ]
            }
        ]
    },
    "Planning Time": 1.483,
    "Triggers": [],
    "Execution Time": 2801.604
}