{
  "Plan": {
    "Node Type": "Aggregate",
    "Strategy": "Plain",
    "Partial Mode": "Finalize",
    "Parallel Aware": false,
    "Startup Cost": 519555.53,
    "Total Cost": 519555.54,
    "Plan Rows": 1,
    "Plan Width": 8,
    "Actual Startup Time": 2654.814,
    "Actual Total Time": 2685.843,
    "Actual Rows": 1,
    "Actual Loops": 1,
    "Plans": [
      {
        "Node Type": "Gather",
        "Parent Relationship": "Outer",
        "Parallel Aware": false,
        "Startup Cost": 519555.42,
        "Total Cost": 519555.53,
        "Plan Rows": 1,
        "Plan Width": 8,
        "Actual Startup Time": 2645.234,
        "Actual Total Time": 2685.833,
        "Actual Rows": 2,
        "Actual Loops": 1,
        "Workers Planned": 1,
        "Workers Launched": 1,
        "Single Copy": false,
        "Plans": [
          {
            "Node Type": "Aggregate",
            "Strategy": "Plain",
            "Partial Mode": "Partial",
            "Parent Relationship": "Outer",
            "Parallel Aware": false,
            "Startup Cost": 518555.42,
            "Total Cost": 518555.43,
            "Plan Rows": 1,
            "Plan Width": 8,
            "Actual Startup Time": 2637.33,
            "Actual Total Time": 2637.336,
            "Actual Rows": 1,
            "Actual Loops": 2,
            "Plans": [
              {
                "Node Type": "Hash Join",
                "Parent Relationship": "Outer",
                "Parallel Aware": true,
                "Join Type": "Inner",
                "Startup Cost": 469684.11,
                "Total Cost": 515877.75,
                "Plan Rows": 1071066,
                "Plan Width": 0,
                "Actual Startup Time": 2123.593,
                "Actual Total Time": 2580.526,
                "Actual Rows": 1401640,
                "Actual Loops": 2,
                "Inner Unique": false,
                "Hash Cond": "(mc.movie_id = t.id)",
                "Plans": [
                  {
                    "Node Type": "Seq Scan",
                    "Parent Relationship": "Outer",
                    "Parallel Aware": true,
                    "Relation Name": "movie_companies",
                    "Alias": "mc",
                    "Startup Cost": 0.0,
                    "Total Cost": 34137.82,
                    "Plan Rows": 1534782,
                    "Plan Width": 4,
                    "Actual Startup Time": 0.023,
                    "Actual Total Time": 100.195,
                    "Actual Rows": 1304564,
                    "Actual Loops": 2
                  },
                  {
                    "Node Type": "Hash",
                    "Parent Relationship": "Inner",
                    "Parallel Aware": true,
                    "Startup Cost": 456710.59,
                    "Total Cost": 456710.59,
                    "Plan Rows": 1037882,
                    "Plan Width": 8,
                    "Actual Startup Time": 2109.267,
                    "Actual Total Time": 2109.269,
                    "Actual Rows": 606790,
                    "Actual Loops": 2,
                    "Hash Buckets": 2097152,
                    "Original Hash Buckets": 2097152,
                    "Hash Batches": 1,
                    "Original Hash Batches": 1,
                    "Peak Memory Usage": 63904,
                    "Plans": [
                      {
                        "Node Type": "Merge Join",
                        "Parent Relationship": "Outer",
                        "Parallel Aware": false,
                        "Join Type": "Inner",
                        "Startup Cost": 333958.64,
                        "Total Cost": 456710.59,
                        "Plan Rows": 1037882,
                        "Plan Width": 8,
                        "Actual Startup Time": 834.716,
                        "Actual Total Time": 1943.649,
                        "Actual Rows": 606790,
                        "Actual Loops": 2,
                        "Inner Unique": false,
                        "Merge Cond": "(t.id = ci.movie_id)",
                        "Plans": [
                          {
                            "Node Type": "Index Only Scan",
                            "Parent Relationship": "Outer",
                            "Parallel Aware": true,
                            "Scan Direction": "Forward",
                            "Index Name": "title_pkey",
                            "Relation Name": "title",
                            "Alias": "t",
                            "Startup Cost": 0.43,
                            "Total Cost": 99929.35,
                            "Plan Rows": 1487231,
                            "Plan Width": 4,
                            "Actual Startup Time": 0.097,
                            "Actual Total Time": 776.449,
                            "Actual Rows": 1262978,
                            "Actual Loops": 2,
                            "Heap Fetches": 2525956
                          },
                          {
                            "Node Type": "Sort",
                            "Parent Relationship": "Inner",
                            "Parallel Aware": false,
                            "Startup Cost": 333958.03,
                            "Total Cost": 338369.03,
                            "Plan Rows": 1764400,
                            "Plan Width": 4,
                            "Actual Startup Time": 834.575,
                            "Actual Total Time": 968.91,
                            "Actual Rows": 1213579,
                            "Actual Loops": 2,
                            "Sort Key": [
                              "ci.movie_id"
                            ],
                            "Sort Method": "quicksort",
                            "Sort Space Used": 106039,
                            "Sort Space Type": "Memory",
                            "Workers": [
                              {
                                "Worker Number": 0,
                                "Sort Method": "quicksort",
                                "Sort Space Used": 106039,
                                "Sort Space Type": "Memory"
                              }
                            ],
                            "Plans": [
                              {
                                "Node Type": "Index Scan",
                                "Parent Relationship": "Outer",
                                "Parallel Aware": false,
                                "Scan Direction": "Forward",
                                "Index Name": "role_id_cast_info",
                                "Relation Name": "cast_info",
                                "Alias": "ci",
                                "Startup Cost": 0.56,
                                "Total Cost": 150894.95,
                                "Plan Rows": 1764400,
                                "Plan Width": 4,
                                "Actual Startup Time": 0.155,
                                "Actual Total Time": 541.226,
                                "Actual Rows": 1213579,
                                "Actual Loops": 2,
                                "Index Cond": "(role_id = 3)",
                                "Rows Removed by Index Recheck": 0,
                                "Filter": "(person_id < 1557702)",
                                "Rows Removed by Filter": 2794458
                              }
                            ]
                          }
                        ]
                      }
                    ]
                  }
                ]
              }
            ]
          }
        ]
      }
    ]
  },
  "Planning Time": 0.864,
  "Triggers": [],
  "Execution Time": 2691.943
}