[
  {
    "Plan": {
      "Node Type": "Aggregate",
      "Strategy": "Plain",
      "Partial Mode": "Finalize",
      "Parallel Aware": false,
      "Startup Cost": 32290.14,
      "Total Cost": 32290.15,
      "Plan Rows": 1,
      "Plan Width": 8,
      "Actual Startup Time": 136.382,
      "Actual Total Time": 146.292,
      "Actual Rows": 1,
      "Actual Loops": 1,
      "Plans": [
        {
          "Node Type": "Gather",
          "Parent Relationship": "Outer",
          "Parallel Aware": false,
          "Startup Cost": 32289.82,
          "Total Cost": 32290.13,
          "Plan Rows": 3,
          "Plan Width": 8,
          "Actual Startup Time": 136.257,
          "Actual Total Time": 146.278,
          "Actual Rows": 4,
          "Actual Loops": 1,
          "Workers Planned": 3,
          "Workers Launched": 3,
          "Single Copy": false,
          "Plans": [
            {
              "Node Type": "Aggregate",
              "Strategy": "Plain",
              "Partial Mode": "Partial",
              "Parent Relationship": "Outer",
              "Parallel Aware": false,
              "Startup Cost": 31289.82,
              "Total Cost": 31289.83,
              "Plan Rows": 1,
              "Plan Width": 8,
              "Actual Startup Time": 130.573,
              "Actual Total Time": 130.575,
              "Actual Rows": 1,
              "Actual Loops": 4,
              "Plans": [
                {
                  "Node Type": "Seq Scan",
                  "Parent Relationship": "Outer",
                  "Parallel Aware": true,
                  "Relation Name": "movie_companies",
                  "Alias": "mc",
                  "Startup Cost": 0.0,
                  "Total Cost": 29310.68,
                  "Plan Rows": 791655,
                  "Plan Width": 0,
                  "Actual Startup Time": 0.024,
                  "Actual Total Time": 96.198,
                  "Actual Rows": 614521,
                  "Actual Loops": 4,
                  "Filter": "(company_id < 131621)",
                  "Rows Removed by Filter": 37761
                }
              ]
            }
          ]
        }
      ]
    },
    "Planning Time": 0.195,
    "Triggers": [],
    "Execution Time": 146.345
  }
]