[
  {
    "Plan": {
      "Node Type": "Aggregate",
      "Strategy": "Plain",
      "Partial Mode": "Finalize",
      "Parallel Aware": false,
      "Startup Cost": 354124.28,
      "Total Cost": 354124.29,
      "Plan Rows": 1,
      "Plan Width": 8,
      "Actual Startup Time": 822.822,
      "Actual Total Time": 879.498,
      "Actual Rows": 1,
      "Actual Loops": 1,
      "Plans": [
        {
          "Node Type": "Gather",
          "Parent Relationship": "Outer",
          "Parallel Aware": false,
          "Startup Cost": 354123.66,
          "Total Cost": 354124.27,
          "Plan Rows": 6,
          "Plan Width": 8,
          "Actual Startup Time": 822.686,
          "Actual Total Time": 879.487,
          "Actual Rows": 7,
          "Actual Loops": 1,
          "Workers Planned": 6,
          "Workers Launched": 6,
          "Single Copy": false,
          "Plans": [
            {
              "Node Type": "Aggregate",
              "Strategy": "Plain",
              "Partial Mode": "Partial",
              "Parent Relationship": "Outer",
              "Parallel Aware": false,
              "Startup Cost": 353123.66,
              "Total Cost": 353123.67,
              "Plan Rows": 1,
              "Plan Width": 8,
              "Actual Startup Time": 808.721,
              "Actual Total Time": 808.722,
              "Actual Rows": 1,
              "Actual Loops": 7,
              "Plans": [
                {
                  "Node Type": "Seq Scan",
                  "Parent Relationship": "Outer",
                  "Parallel Aware": true,
                  "Relation Name": "cast_info",
                  "Alias": "ci",
                  "Startup Cost": 0.0,
                  "Total Cost": 343257.03,
                  "Plan Rows": 3946652,
                  "Plan Width": 0,
                  "Actual Startup Time": 215.19,
                  "Actual Total Time": 677.636,
                  "Actual Rows": 3363296,
                  "Actual Loops": 7,
                  "Filter": "((person_id > 13303) AND (role_id > 1))",
                  "Rows Removed by Filter": 1814468
                }
              ]
            }
          ]
        }
      ]
    },
    "Planning Time": 0.442,
    "Triggers": [],
    "Execution Time": 879.569
  }
]