[
  {
    "Plan": {
      "Node Type": "Aggregate",
      "Strategy": "Plain",
      "Partial Mode": "Finalize",
      "Parallel Aware": false,
      "Startup Cost": 46764.25,
      "Total Cost": 46764.26,
      "Plan Rows": 1,
      "Plan Width": 8,
      "Actual Startup Time": 209.759,
      "Actual Total Time": 218.825,
      "Actual Rows": 1,
      "Actual Loops": 1,
      "Plans": [
        {
          "Node Type": "Gather",
          "Parent Relationship": "Outer",
          "Parallel Aware": false,
          "Startup Cost": 46763.93,
          "Total Cost": 46764.24,
          "Plan Rows": 3,
          "Plan Width": 8,
          "Actual Startup Time": 209.64,
          "Actual Total Time": 218.817,
          "Actual Rows": 4,
          "Actual Loops": 1,
          "Workers Planned": 3,
          "Workers Launched": 3,
          "Single Copy": false,
          "Plans": [
            {
              "Node Type": "Aggregate",
              "Strategy": "Plain",
              "Partial Mode": "Partial",
              "Parent Relationship": "Outer",
              "Parallel Aware": false,
              "Startup Cost": 45763.93,
              "Total Cost": 45763.94,
              "Plan Rows": 1,
              "Plan Width": 8,
              "Actual Startup Time": 201.079,
              "Actual Total Time": 201.08,
              "Actual Rows": 1,
              "Actual Loops": 4,
              "Plans": [
                {
                  "Node Type": "Seq Scan",
                  "Parent Relationship": "Outer",
                  "Parallel Aware": true,
                  "Relation Name": "movie_keyword",
                  "Alias": "mk",
                  "Startup Cost": 0.0,
                  "Total Cost": 42695.65,
                  "Plan Rows": 1227311,
                  "Plan Width": 0,
                  "Actual Startup Time": 0.062,
                  "Actual Total Time": 146.841,
                  "Actual Rows": 952046,
                  "Actual Loops": 4,
                  "Filter": "(keyword_id < 26327)",
                  "Rows Removed by Filter": 178937
                }
              ]
            }
          ]
        }
      ]
    },
    "Planning Time": 0.133,
    "Triggers": [],
    "Execution Time": 218.867
  }
]