[
  {
    "Plan": {
      "Node Type": "Aggregate",
      "Strategy": "Plain",
      "Partial Mode": "Finalize",
      "Parallel Aware": false,
      "Startup Cost": 97927.19,
      "Total Cost": 97927.2,
      "Plan Rows": 1,
      "Plan Width": 8,
      "Actual Startup Time": 457.951,
      "Actual Total Time": 475.364,
      "Actual Rows": 1,
      "Actual Loops": 1,
      "Plans": [
        {
          "Node Type": "Gather",
          "Parent Relationship": "Outer",
          "Parallel Aware": false,
          "Startup Cost": 97926.97,
          "Total Cost": 97927.18,
          "Plan Rows": 2,
          "Plan Width": 8,
          "Actual Startup Time": 456.031,
          "Actual Total Time": 475.351,
          "Actual Rows": 3,
          "Actual Loops": 1,
          "Workers Planned": 2,
          "Workers Launched": 2,
          "Single Copy": false,
          "Plans": [
            {
              "Node Type": "Aggregate",
              "Strategy": "Plain",
              "Partial Mode": "Partial",
              "Parent Relationship": "Outer",
              "Parallel Aware": false,
              "Startup Cost": 96926.97,
              "Total Cost": 96926.98,
              "Plan Rows": 1,
              "Plan Width": 8,
              "Actual Startup Time": 447.43,
              "Actual Total Time": 447.649,
              "Actual Rows": 1,
              "Actual Loops": 3,
              "Plans": [
                {
                  "Node Type": "Hash Join",
                  "Parent Relationship": "Outer",
                  "Parallel Aware": true,
                  "Join Type": "Inner",
                  "Startup Cost": 80711.32,
                  "Total Cost": 96739.87,
                  "Plan Rows": 74839,
                  "Plan Width": 0,
                  "Actual Startup Time": 360.353,
                  "Actual Total Time": 445.216,
                  "Actual Rows": 57923,
                  "Actual Loops": 3,
                  "Inner Unique": false,
                  "Hash Cond": "(mi_idx.movie_id = t.id)",
                  "Plans": [
                    {
                      "Node Type": "Seq Scan",
                      "Parent Relationship": "Outer",
                      "Parallel Aware": true,
                      "Relation Name": "movie_info_idx",
                      "Alias": "mi_idx",
                      "Startup Cost": 0.0,
                      "Total Cost": 13685.15,
                      "Plan Rows": 575015,
                      "Plan Width": 4,
                      "Actual Startup Time": 0.034,
                      "Actual Total Time": 34.502,
                      "Actual Rows": 460012,
                      "Actual Loops": 3
                    },
                    {
                      "Node Type": "Hash",
                      "Parent Relationship": "Inner",
                      "Parallel Aware": true,
                      "Startup Cost": 79683.0,
                      "Total Cost": 79683.0,
                      "Plan Rows": 82266,
                      "Plan Width": 8,
                      "Actual Startup Time": 355.936,
                      "Actual Total Time": 356.153,
                      "Actual Rows": 55896,
                      "Actual Loops": 3,
                      "Hash Buckets": 524288,
                      "Original Hash Buckets": 524288,
                      "Hash Batches": 1,
                      "Original Hash Batches": 1,
                      "Peak Memory Usage": 10720,
                      "Plans": [
                        {
                          "Node Type": "Hash Join",
                          "Parent Relationship": "Outer",
                          "Parallel Aware": true,
                          "Join Type": "Inner",
                          "Startup Cost": 33597.63,
                          "Total Cost": 79683.0,
                          "Plan Rows": 82266,
                          "Plan Width": 8,
                          "Actual Startup Time": 137.235,
                          "Actual Total Time": 337.899,
                          "Actual Rows": 55896,
                          "Actual Loops": 3,
                          "Inner Unique": false,
                          "Hash Cond": "(t.id = mc.movie_id)",
                          "Plans": [
                            {
                              "Node Type": "Seq Scan",
                              "Parent Relationship": "Outer",
                              "Parallel Aware": true,
                              "Relation Name": "title",
                              "Alias": "t",
                              "Startup Cost": 0.0,
                              "Total Cost": 43898.92,
                              "Plan Rows": 384216,
                              "Plan Width": 4,
                              "Actual Startup Time": 0.014,
                              "Actual Total Time": 104.536,
                              "Actual Rows": 514421,
                              "Actual Loops": 3,
                              "Filter": "(kind_id = 7)",
                              "Rows Removed by Filter": 328349
                            },
                            {
                              "Node Type": "Hash",
                              "Parent Relationship": "Inner",
                              "Parallel Aware": true,
                              "Startup Cost": 31414.82,
                              "Total Cost": 31414.82,
                              "Plan Rows": 174625,
                              "Plan Width": 4,
                              "Actual Startup Time": 132.696,
                              "Actual Total Time": 132.697,
                              "Actual Rows": 110296,
                              "Actual Loops": 3,
                              "Hash Buckets": 1048576,
                              "Original Hash Buckets": 1048576,
                              "Hash Batches": 1,
                              "Original Hash Batches": 1,
                              "Peak Memory Usage": 21152,
                              "Plans": [
                                {
                                  "Node Type": "Seq Scan",
                                  "Parent Relationship": "Outer",
                                  "Parallel Aware": true,
                                  "Relation Name": "movie_companies",
                                  "Alias": "mc",
                                  "Startup Cost": 0.0,
                                  "Total Cost": 31414.82,
                                  "Plan Rows": 174625,
                                  "Plan Width": 4,
                                  "Actual Startup Time": 54.498,
                                  "Actual Total Time": 93.9,
                                  "Actual Rows": 110296,
                                  "Actual Loops": 3,
                                  "Filter": "((company_id < 6425) AND (company_type_id = 2))",
                                  "Rows Removed by Filter": 759413
                                }
                              ]
                            }
                          ]
                        }
                      ]
                    }
                  ]
                }
              ]
            }
          ]
        }
      ]
    },
    "Planning Time": 1.345,
    "Triggers": [],
    "Execution Time": 475.447
  }
]