[
  {
    "Plan": {
      "Node Type": "Aggregate",
      "Strategy": "Plain",
      "Partial Mode": "Simple",
      "Parallel Aware": false,
      "Startup Cost": 3006.83,
      "Total Cost": 3006.84,
      "Plan Rows": 1,
      "Plan Width": 8,
      "Actual Startup Time": 3.173,
      "Actual Total Time": 3.176,
      "Actual Rows": 1,
      "Actual Loops": 1,
      "Plans": [
        {
          "Node Type": "Nested Loop",
          "Parent Relationship": "Outer",
          "Parallel Aware": false,
          "Join Type": "Inner",
          "Startup Cost": 6.78,
          "Total Cost": 3006.58,
          "Plan Rows": 97,
          "Plan Width": 0,
          "Actual Startup Time": 0.373,
          "Actual Total Time": 3.133,
          "Actual Rows": 125,
          "Actual Loops": 1,
          "Inner Unique": true,
          "Plans": [
            {
              "Node Type": "Bitmap Heap Scan",
              "Parent Relationship": "Outer",
              "Parallel Aware": false,
              "Relation Name": "movie_keyword",
              "Alias": "mk",
              "Startup Cost": 6.35,
              "Total Cost": 922.98,
              "Plan Rows": 248,
              "Plan Width": 4,
              "Actual Startup Time": 0.339,
              "Actual Total Time": 0.974,
              "Actual Rows": 135,
              "Actual Loops": 1,
              "Recheck Cond": "(keyword_id = 18779)",
              "Rows Removed by Index Recheck": 0,
              "Exact Heap Blocks": 132,
              "Lossy Heap Blocks": 0,
              "Plans": [
                {
                  "Node Type": "Bitmap Index Scan",
                  "Parent Relationship": "Outer",
                  "Parallel Aware": false,
                  "Index Name": "keyword_id_movie_keyword",
                  "Startup Cost": 0.0,
                  "Total Cost": 6.29,
                  "Plan Rows": 248,
                  "Plan Width": 0,
                  "Actual Startup Time": 0.287,
                  "Actual Total Time": 0.288,
                  "Actual Rows": 135,
                  "Actual Loops": 1,
                  "Index Cond": "(keyword_id = 18779)"
                }
              ]
            },
            {
              "Node Type": "Index Scan",
              "Parent Relationship": "Inner",
              "Parallel Aware": false,
              "Scan Direction": "Forward",
              "Index Name": "title_pkey",
              "Relation Name": "title",
              "Alias": "t",
              "Startup Cost": 0.43,
              "Total Cost": 8.4,
              "Plan Rows": 1,
              "Plan Width": 4,
              "Actual Startup Time": 0.015,
              "Actual Total Time": 0.015,
              "Actual Rows": 1,
              "Actual Loops": 135,
              "Index Cond": "(id = mk.movie_id)",
              "Rows Removed by Index Recheck": 0,
              "Filter": "(kind_id < 7)",
              "Rows Removed by Filter": 0
            }
          ]
        }
      ]
    },
    "Planning Time": 0.612,
    "Triggers": [],
    "Execution Time": 3.26
  }
]