[
  {
    "Plan": {
      "Node Type": "Aggregate",
      "Strategy": "Plain",
      "Partial Mode": "Finalize",
      "Parallel Aware": false,
      "Startup Cost": 80864.47,
      "Total Cost": 80864.48,
      "Plan Rows": 1,
      "Plan Width": 8,
      "Actual Startup Time": 299.478,
      "Actual Total Time": 315.342,
      "Actual Rows": 1,
      "Actual Loops": 1,
      "Plans": [
        {
          "Node Type": "Gather",
          "Parent Relationship": "Outer",
          "Parallel Aware": false,
          "Startup Cost": 80864.05,
          "Total Cost": 80864.46,
          "Plan Rows": 4,
          "Plan Width": 8,
          "Actual Startup Time": 295.089,
          "Actual Total Time": 315.333,
          "Actual Rows": 5,
          "Actual Loops": 1,
          "Workers Planned": 4,
          "Workers Launched": 4,
          "Single Copy": false,
          "Plans": [
            {
              "Node Type": "Aggregate",
              "Strategy": "Plain",
              "Partial Mode": "Partial",
              "Parent Relationship": "Outer",
              "Parallel Aware": false,
              "Startup Cost": 79864.05,
              "Total Cost": 79864.06,
              "Plan Rows": 1,
              "Plan Width": 8,
              "Actual Startup Time": 285.731,
              "Actual Total Time": 285.734,
              "Actual Rows": 1,
              "Actual Loops": 5,
              "Plans": [
                {
                  "Node Type": "Hash Join",
                  "Parent Relationship": "Outer",
                  "Parallel Aware": true,
                  "Join Type": "Inner",
                  "Startup Cost": 33711.06,
                  "Total Cost": 79662.25,
                  "Plan Rows": 80720,
                  "Plan Width": 0,
                  "Actual Startup Time": 115.44,
                  "Actual Total Time": 282.874,
                  "Actual Rows": 49006,
                  "Actual Loops": 5,
                  "Inner Unique": false,
                  "Hash Cond": "(t.id = mc.movie_id)",
                  "Plans": [
                    {
                      "Node Type": "Seq Scan",
                      "Parent Relationship": "Outer",
                      "Parallel Aware": true,
                      "Relation Name": "title",
                      "Alias": "t",
                      "Startup Cost": 0.0,
                      "Total Cost": 43898.92,
                      "Plan Rows": 358377,
                      "Plan Width": 4,
                      "Actual Startup Time": 0.018,
                      "Actual Total Time": 91.105,
                      "Actual Rows": 288660,
                      "Actual Loops": 5,
                      "Filter": "(production_year < 2006)",
                      "Rows Removed by Filter": 217003
                    },
                    {
                      "Node Type": "Hash",
                      "Parent Relationship": "Inner",
                      "Parallel Aware": true,
                      "Startup Cost": 31414.82,
                      "Total Cost": 31414.82,
                      "Plan Rows": 183699,
                      "Plan Width": 4,
                      "Actual Startup Time": 111.067,
                      "Actual Total Time": 111.068,
                      "Actual Rows": 72161,
                      "Actual Loops": 5,
                      "Hash Buckets": 1048576,
                      "Original Hash Buckets": 1048576,
                      "Hash Batches": 1,
                      "Original Hash Batches": 1,
                      "Peak Memory Usage": 22432,
                      "Plans": [
                        {
                          "Node Type": "Seq Scan",
                          "Parent Relationship": "Outer",
                          "Parallel Aware": true,
                          "Relation Name": "movie_companies",
                          "Alias": "mc",
                          "Startup Cost": 0.0,
                          "Total Cost": 31414.82,
                          "Plan Rows": 183699,
                          "Plan Width": 4,
                          "Actual Startup Time": 47.933,
                          "Actual Total Time": 78.696,
                          "Actual Rows": 72161,
                          "Actual Loops": 5,
                          "Filter": "((company_id < 7879) AND (company_type_id > 1))",
                          "Rows Removed by Filter": 449665
                        }
                      ]
                    }
                  ]
                }
              ]
            }
          ]
        }
      ]
    },
    "Planning Time": 0.595,
    "Triggers": [],
    "Execution Time": 315.409
  }
]