[
  {
    "Plan": {
      "Node Type": "Aggregate",
      "Strategy": "Plain",
      "Partial Mode": "Finalize",
      "Parallel Aware": false,
      "Startup Cost": 31621.75,
      "Total Cost": 31621.76,
      "Plan Rows": 1,
      "Plan Width": 8,
      "Actual Startup Time": 102.16,
      "Actual Total Time": 109.921,
      "Actual Rows": 1,
      "Actual Loops": 1,
      "Plans": [
        {
          "Node Type": "Gather",
          "Parent Relationship": "Outer",
          "Parallel Aware": false,
          "Startup Cost": 31621.43,
          "Total Cost": 31621.74,
          "Plan Rows": 3,
          "Plan Width": 8,
          "Actual Startup Time": 102.049,
          "Actual Total Time": 109.913,
          "Actual Rows": 4,
          "Actual Loops": 1,
          "Workers Planned": 3,
          "Workers Launched": 3,
          "Single Copy": false,
          "Plans": [
            {
              "Node Type": "Aggregate",
              "Strategy": "Plain",
              "Partial Mode": "Partial",
              "Parent Relationship": "Outer",
              "Parallel Aware": false,
              "Startup Cost": 30621.43,
              "Total Cost": 30621.44,
              "Plan Rows": 1,
              "Plan Width": 8,
              "Actual Startup Time": 96.818,
              "Actual Total Time": 96.819,
              "Actual Rows": 1,
              "Actual Loops": 4,
              "Plans": [
                {
                  "Node Type": "Seq Scan",
                  "Parent Relationship": "Outer",
                  "Parallel Aware": true,
                  "Relation Name": "movie_companies",
                  "Alias": "mc",
                  "Startup Cost": 0.0,
                  "Total Cost": 29310.68,
                  "Plan Rows": 524301,
                  "Plan Width": 0,
                  "Actual Startup Time": 0.026,
                  "Actual Total Time": 76.707,
                  "Actual Rows": 408703,
                  "Actual Loops": 4,
                  "Filter": "(company_id < 17546)",
                  "Rows Removed by Filter": 243579
                }
              ]
            }
          ]
        }
      ]
    },
    "Planning Time": 0.083,
    "Triggers": [],
    "Execution Time": 109.956
  }
]