{
    "Plan": {
        "Node Type": "Aggregate",
        "Strategy": "Plain",
        "Partial Mode": "Finalize",
        "Parallel Aware": false,
        "Startup Cost": 125313.91,
        "Total Cost": 125313.92,
        "Plan Rows": 1,
        "Plan Width": 8,
        "Actual Startup Time": 447.177,
        "Actual Total Time": 472.918,
        "Actual Rows": 1,
        "Actual Loops": 1,
        "Output": [
            "count(*)"
        ],
        "Plans": [
            {
                "Node Type": "Gather",
                "Parent Relationship": "Outer",
                "Parallel Aware": false,
                "Startup Cost": 125313.59,
                "Total Cost": 125313.9,
                "Plan Rows": 3,
                "Plan Width": 8,
                "Actual Startup Time": 444.462,
                "Actual Total Time": 472.907,
                "Actual Rows": 4,
                "Actual Loops": 1,
                "Output": [
                    "(PARTIAL count(*))"
                ],
                "Workers Planned": 3,
                "Workers Launched": 3,
                "Single Copy": false,
                "Plans": [
                    {
                        "Node Type": "Aggregate",
                        "Strategy": "Plain",
                        "Partial Mode": "Partial",
                        "Parent Relationship": "Outer",
                        "Parallel Aware": false,
                        "Startup Cost": 124313.59,
                        "Total Cost": 124313.6,
                        "Plan Rows": 1,
                        "Plan Width": 8,
                        "Actual Startup Time": 435.104,
                        "Actual Total Time": 435.164,
                        "Actual Rows": 1,
                        "Actual Loops": 4,
                        "Output": [
                            "PARTIAL count(*)"
                        ],
                        "Workers": [
                            {
                                "Worker Number": 0,
                                "Actual Startup Time": 431.743,
                                "Actual Total Time": 431.748,
                                "Actual Rows": 1,
                                "Actual Loops": 1
                            },
                            {
                                "Worker Number": 1,
                                "Actual Startup Time": 432.491,
                                "Actual Total Time": 432.497,
                                "Actual Rows": 1,
                                "Actual Loops": 1
                            },
                            {
                                "Worker Number": 2,
                                "Actual Startup Time": 432.492,
                                "Actual Total Time": 432.497,
                                "Actual Rows": 1,
                                "Actual Loops": 1
                            }
                        ],
                        "Plans": [
                            {
                                "Node Type": "Hash Join",
                                "Parent Relationship": "Outer",
                                "Parallel Aware": true,
                                "Join Type": "Inner",
                                "Startup Cost": 80819.31,
                                "Total Cost": 124231.21,
                                "Plan Rows": 32953,
                                "Plan Width": 0,
                                "Actual Startup Time": 324.68,
                                "Actual Total Time": 430.684,
                                "Actual Rows": 97685,
                                "Actual Loops": 4,
                                "Inner Unique": false,
                                "Hash Cond": "(mk.movie_id = t.id)",
                                "Workers": [
                                    {
                                        "Worker Number": 0,
                                        "Actual Startup Time": 321.163,
                                        "Actual Total Time": 427.536,
                                        "Actual Rows": 99207,
                                        "Actual Loops": 1
                                    },
                                    {
                                        "Worker Number": 1,
                                        "Actual Startup Time": 322.119,
                                        "Actual Total Time": 427.936,
                                        "Actual Rows": 66023,
                                        "Actual Loops": 1
                                    },
                                    {
                                        "Worker Number": 2,
                                        "Actual Startup Time": 322.13,
                                        "Actual Total Time": 428.382,
                                        "Actual Rows": 95190,
                                        "Actual Loops": 1
                                    }
                                ],
                                "Plans": [
                                    {
                                        "Node Type": "Seq Scan",
                                        "Parent Relationship": "Outer",
                                        "Parallel Aware": true,
                                        "Relation Name": "movie_keyword",
                                        "Schema": "public",
                                        "Alias": "mk",
                                        "Startup Cost": 0.0,
                                        "Total Cost": 42695.65,
                                        "Plan Rows": 169030,
                                        "Plan Width": 4,
                                        "Actual Startup Time": 4.358,
                                        "Actual Total Time": 104.617,
                                        "Actual Rows": 128575,
                                        "Actual Loops": 4,
                                        "Output": [
                                            "mk.id",
                                            "mk.movie_id",
                                            "mk.keyword_id"
                                        ],
                                        "Filter": "(mk.keyword_id > 35235)",
                                        "Rows Removed by Filter": 1002407,
                                        "Workers": [
                                            {
                                                "Worker Number": 0,
                                                "Actual Startup Time": 4.372,
                                                "Actual Total Time": 106.79,
                                                "Actual Rows": 129285,
                                                "Actual Loops": 1
                                            },
                                            {
                                                "Worker Number": 1,
                                                "Actual Startup Time": 4.399,
                                                "Actual Total Time": 105.828,
                                                "Actual Rows": 86798,
                                                "Actual Loops": 1
                                            },
                                            {
                                                "Worker Number": 2,
                                                "Actual Startup Time": 4.366,
                                                "Actual Total Time": 105.959,
                                                "Actual Rows": 122708,
                                                "Actual Loops": 1
                                            }
                                        ]
                                    },
                                    {
                                        "Node Type": "Hash",
                                        "Parent Relationship": "Inner",
                                        "Parallel Aware": true,
                                        "Startup Cost": 79279.01,
                                        "Total Cost": 79279.01,
                                        "Plan Rows": 123224,
                                        "Plan Width": 8,
                                        "Actual Startup Time": 296.089,
                                        "Actual Total Time": 296.147,
                                        "Actual Rows": 46387,
                                        "Actual Loops": 4,
                                        "Output": [
                                            "t.id",
                                            "mc.movie_id"
                                        ],
                                        "Hash Buckets": 524288,
                                        "Original Hash Buckets": 524288,
                                        "Hash Batches": 1,
                                        "Original Hash Batches": 1,
                                        "Peak Memory Usage": 11456,
                                        "Workers": [
                                            {
                                                "Worker Number": 0,
                                                "Actual Startup Time": 295.222,
                                                "Actual Total Time": 295.225,
                                                "Actual Rows": 50040,
                                                "Actual Loops": 1
                                            },
                                            {
                                                "Worker Number": 1,
                                                "Actual Startup Time": 296.198,
                                                "Actual Total Time": 296.201,
                                                "Actual Rows": 32935,
                                                "Actual Loops": 1
                                            },
                                            {
                                                "Worker Number": 2,
                                                "Actual Startup Time": 296.171,
                                                "Actual Total Time": 296.174,
                                                "Actual Rows": 46916,
                                                "Actual Loops": 1
                                            }
                                        ],
                                        "Plans": [
                                            {
                                                "Node Type": "Hash Join",
                                                "Parent Relationship": "Outer",
                                                "Parallel Aware": true,
                                                "Join Type": "Inner",
                                                "Startup Cost": 33402.31,
                                                "Total Cost": 79279.01,
                                                "Plan Rows": 123224,
                                                "Plan Width": 8,
                                                "Actual Startup Time": 202.673,
                                                "Actual Total Time": 281.667,
                                                "Actual Rows": 46387,
                                                "Actual Loops": 4,
                                                "Output": [
                                                    "t.id",
                                                    "mc.movie_id"
                                                ],
                                                "Inner Unique": false,
                                                "Hash Cond": "(t.id = mc.movie_id)",
                                                "Workers": [
                                                    {
                                                        "Worker Number": 0,
                                                        "Actual Startup Time": 201.049,
                                                        "Actual Total Time": 280.981,
                                                        "Actual Rows": 50040,
                                                        "Actual Loops": 1
                                                    },
                                                    {
                                                        "Worker Number": 1,
                                                        "Actual Startup Time": 202.157,
                                                        "Actual Total Time": 282.361,
                                                        "Actual Rows": 32935,
                                                        "Actual Loops": 1
                                                    },
                                                    {
                                                        "Worker Number": 2,
                                                        "Actual Startup Time": 204.246,
                                                        "Actual Total Time": 281.027,
                                                        "Actual Rows": 46916,
                                                        "Actual Loops": 1
                                                    }
                                                ],
                                                "Plans": [
                                                    {
                                                        "Node Type": "Seq Scan",
                                                        "Parent Relationship": "Outer",
                                                        "Parallel Aware": true,
                                                        "Relation Name": "title",
                                                        "Schema": "public",
                                                        "Alias": "t",
                                                        "Startup Cost": 0.0,
                                                        "Total Cost": 42318.81,
                                                        "Plan Rows": 632080,
                                                        "Plan Width": 4,
                                                        "Actual Startup Time": 0.022,
                                                        "Actual Total Time": 82.309,
                                                        "Actual Rows": 632078,
                                                        "Actual Loops": 4,
                                                        "Output": [
                                                            "t.id",
                                                            "t.title",
                                                            "t.imdb_index",
                                                            "t.kind_id",
                                                            "t.production_year",
                                                            "t.imdb_id",
                                                            "t.phonetic_code",
                                                            "t.episode_of_id",
                                                            "t.season_nr",
                                                            "t.episode_nr",
                                                            "t.series_years",
                                                            "t.md5sum"
                                                        ],
                                                        "Workers": [
                                                            {
                                                                "Worker Number": 0,
                                                                "Actual Startup Time": 0.023,
                                                                "Actual Total Time": 85.548,
                                                                "Actual Rows": 659121,
                                                                "Actual Loops": 1
                                                            },
                                                            {
                                                                "Worker Number": 1,
                                                                "Actual Startup Time": 0.03,
                                                                "Actual Total Time": 85.563,
                                                                "Actual Rows": 441423,
                                                                "Actual Loops": 1
                                                            },
                                                            {
                                                                "Worker Number": 2,
                                                                "Actual Startup Time": 0.028,
                                                                "Actual Total Time": 84.511,
                                                                "Actual Rows": 623008,
                                                                "Actual Loops": 1
                                                            }
                                                        ]
                                                    },
                                                    {
                                                        "Node Type": "Hash",
                                                        "Parent Relationship": "Inner",
                                                        "Parallel Aware": true,
                                                        "Startup Cost": 31414.82,
                                                        "Total Cost": 31414.82,
                                                        "Plan Rows": 158999,
                                                        "Plan Width": 4,
                                                        "Actual Startup Time": 100.393,
                                                        "Actual Total Time": 100.394,
                                                        "Actual Rows": 46387,
                                                        "Actual Loops": 4,
                                                        "Output": [
                                                            "mc.movie_id"
                                                        ],
                                                        "Hash Buckets": 524288,
                                                        "Original Hash Buckets": 524288,
                                                        "Hash Batches": 1,
                                                        "Original Hash Batches": 1,
                                                        "Peak Memory Usage": 11424,
                                                        "Workers": [
                                                            {
                                                                "Worker Number": 0,
                                                                "Actual Startup Time": 101.297,
                                                                "Actual Total Time": 101.298,
                                                                "Actual Rows": 45199,
                                                                "Actual Loops": 1
                                                            },
                                                            {
                                                                "Worker Number": 1,
                                                                "Actual Startup Time": 102.227,
                                                                "Actual Total Time": 102.228,
                                                                "Actual Rows": 32383,
                                                                "Actual Loops": 1
                                                            },
                                                            {
                                                                "Worker Number": 2,
                                                                "Actual Startup Time": 102.25,
                                                                "Actual Total Time": 102.251,
                                                                "Actual Rows": 41382,
                                                                "Actual Loops": 1
                                                            }
                                                        ],
                                                        "Plans": [
                                                            {
                                                                "Node Type": "Seq Scan",
                                                                "Parent Relationship": "Outer",
                                                                "Parallel Aware": true,
                                                                "Relation Name": "movie_companies",
                                                                "Schema": "public",
                                                                "Alias": "mc",
                                                                "Startup Cost": 0.0,
                                                                "Total Cost": 31414.82,
                                                                "Plan Rows": 158999,
                                                                "Plan Width": 4,
                                                                "Actual Startup Time": 23.823,
                                                                "Actual Total Time": 81.351,
                                                                "Actual Rows": 46387,
                                                                "Actual Loops": 4,
                                                                "Output": [
                                                                    "mc.movie_id"
                                                                ],
                                                                "Filter": "((mc.company_id > 16451) AND (mc.company_type_id < 2))",
                                                                "Rows Removed by Filter": 605896,
                                                                "Workers": [
                                                                    {
                                                                        "Worker Number": 0,
                                                                        "Actual Startup Time": 23.794,
                                                                        "Actual Total Time": 81.627,
                                                                        "Actual Rows": 45199,
                                                                        "Actual Loops": 1
                                                                    },
                                                                    {
                                                                        "Worker Number": 1,
                                                                        "Actual Startup Time": 23.817,
                                                                        "Actual Total Time": 82.058,
                                                                        "Actual Rows": 32383,
                                                                        "Actual Loops": 1
                                                                    },
                                                                    {
                                                                        "Worker Number": 2,
                                                                        "Actual Startup Time": 23.803,
                                                                        "Actual Total Time": 81.794,
                                                                        "Actual Rows": 41382,
                                                                        "Actual Loops": 1
                                                                    }
                                                                ]
                                                            }
                                                        ]
                                                    }
                                                ]
                                            }
                                        ]
                                    }
                                ]
                            }
                        ]
                    }
                ]
            }
        ]
    },
    "Planning Time": 1.676,
    "Triggers": [],
    "Execution Time": 473.015
}