{
  "Plan": {
    "Node Type": "Aggregate",
    "Strategy": "Plain",
    "Partial Mode": "Finalize",
    "Parallel Aware": false,
    "Startup Cost": 118165.25,
    "Total Cost": 118165.26,
    "Plan Rows": 1,
    "Plan Width": 8,
    "Actual Startup Time": 900.642,
    "Actual Total Time": 922.428,
    "Actual Rows": 1,
    "Actual Loops": 1,
    "Plans": [
      {
        "Node Type": "Gather",
        "Parent Relationship": "Outer",
        "Parallel Aware": false,
        "Startup Cost": 118165.14,
        "Total Cost": 118165.25,
        "Plan Rows": 1,
        "Plan Width": 8,
        "Actual Startup Time": 892.422,
        "Actual Total Time": 922.419,
        "Actual Rows": 2,
        "Actual Loops": 1,
        "Workers Planned": 1,
        "Workers Launched": 1,
        "Single Copy": false,
        "Plans": [
          {
            "Node Type": "Aggregate",
            "Strategy": "Plain",
            "Partial Mode": "Partial",
            "Parent Relationship": "Outer",
            "Parallel Aware": false,
            "Startup Cost": 117165.14,
            "Total Cost": 117165.15,
            "Plan Rows": 1,
            "Plan Width": 8,
            "Actual Startup Time": 880.983,
            "Actual Total Time": 880.988,
            "Actual Rows": 1,
            "Actual Loops": 2,
            "Plans": [
              {
                "Node Type": "Hash Join",
                "Parent Relationship": "Outer",
                "Parallel Aware": true,
                "Join Type": "Inner",
                "Startup Cost": 85078.6,
                "Total Cost": 116082.51,
                "Plan Rows": 433052,
                "Plan Width": 0,
                "Actual Startup Time": 635.987,
                "Actual Total Time": 861.304,
                "Actual Rows": 372378,
                "Actual Loops": 2,
                "Inner Unique": true,
                "Hash Cond": "(mk.movie_id = t.id)",
                "Plans": [
                  {
                    "Node Type": "Bitmap Heap Scan",
                    "Parent Relationship": "Outer",
                    "Parallel Aware": true,
                    "Relation Name": "movie_keyword",
                    "Alias": "mk",
                    "Startup Cost": 15617.9,
                    "Total Cost": 45485.05,
                    "Plan Rows": 433052,
                    "Plan Width": 4,
                    "Actual Startup Time": 37.555,
                    "Actual Total Time": 138.173,
                    "Actual Rows": 372378,
                    "Actual Loops": 2,
                    "Recheck Cond": "(keyword_id < 679)",
                    "Rows Removed by Index Recheck": 0,
                    "Exact Heap Blocks": 16477,
                    "Lossy Heap Blocks": 0,
                    "Plans": [
                      {
                        "Node Type": "Bitmap Index Scan",
                        "Parent Relationship": "Outer",
                        "Parallel Aware": false,
                        "Index Name": "keyword_id_movie_keyword",
                        "Startup Cost": 0.0,
                        "Total Cost": 15433.85,
                        "Plan Rows": 736189,
                        "Plan Width": 0,
                        "Actual Startup Time": 33.949,
                        "Actual Total Time": 33.95,
                        "Actual Rows": 744757,
                        "Actual Loops": 1,
                        "Index Cond": "(keyword_id < 679)"
                      }
                    ]
                  },
                  {
                    "Node Type": "Hash",
                    "Parent Relationship": "Inner",
                    "Parallel Aware": true,
                    "Startup Cost": 50870.31,
                    "Total Cost": 50870.31,
                    "Plan Rows": 1487231,
                    "Plan Width": 4,
                    "Actual Startup Time": 577.113,
                    "Actual Total Time": 577.114,
                    "Actual Rows": 1264156,
                    "Actual Loops": 2,
                    "Hash Buckets": 4194304,
                    "Original Hash Buckets": 4194304,
                    "Hash Batches": 1,
                    "Original Hash Batches": 1,
                    "Peak Memory Usage": 131712,
                    "Plans": [
                      {
                        "Node Type": "Seq Scan",
                        "Parent Relationship": "Outer",
                        "Parallel Aware": true,
                        "Relation Name": "title",
                        "Alias": "t",
                        "Startup Cost": 0.0,
                        "Total Cost": 50870.31,
                        "Plan Rows": 1487231,
                        "Plan Width": 4,
                        "Actual Startup Time": 0.024,
                        "Actual Total Time": 173.233,
                        "Actual Rows": 1264156,
                        "Actual Loops": 2
                      }
                    ]
                  }
                ]
              }
            ]
          }
        ]
      }
    ]
  },
  "Planning Time": 0.685,
  "Triggers": [],
  "Execution Time": 922.563
}