[
  {
    "Plan": {
      "Node Type": "Aggregate",
      "Strategy": "Plain",
      "Partial Mode": "Finalize",
      "Parallel Aware": false,
      "Startup Cost": 54059.17,
      "Total Cost": 54059.18,
      "Plan Rows": 1,
      "Plan Width": 8,
      "Actual Startup Time": 103.943,
      "Actual Total Time": 117.347,
      "Actual Rows": 1,
      "Actual Loops": 1,
      "Plans": [
        {
          "Node Type": "Gather",
          "Parent Relationship": "Outer",
          "Parallel Aware": false,
          "Startup Cost": 54058.75,
          "Total Cost": 54059.16,
          "Plan Rows": 4,
          "Plan Width": 8,
          "Actual Startup Time": 103.786,
          "Actual Total Time": 117.338,
          "Actual Rows": 5,
          "Actual Loops": 1,
          "Workers Planned": 4,
          "Workers Launched": 4,
          "Single Copy": false,
          "Plans": [
            {
              "Node Type": "Aggregate",
              "Strategy": "Plain",
              "Partial Mode": "Partial",
              "Parent Relationship": "Outer",
              "Parallel Aware": false,
              "Startup Cost": 53058.75,
              "Total Cost": 53058.76,
              "Plan Rows": 1,
              "Plan Width": 8,
              "Actual Startup Time": 97.971,
              "Actual Total Time": 97.973,
              "Actual Rows": 1,
              "Actual Loops": 5,
              "Plans": [
                {
                  "Node Type": "Nested Loop",
                  "Parent Relationship": "Outer",
                  "Parallel Aware": false,
                  "Join Type": "Inner",
                  "Startup Cost": 0.43,
                  "Total Cost": 53056.71,
                  "Plan Rows": 816,
                  "Plan Width": 0,
                  "Actual Startup Time": 61.477,
                  "Actual Total Time": 97.941,
                  "Actual Rows": 155,
                  "Actual Loops": 5,
                  "Inner Unique": false,
                  "Plans": [
                    {
                      "Node Type": "Seq Scan",
                      "Parent Relationship": "Outer",
                      "Parallel Aware": true,
                      "Relation Name": "title",
                      "Alias": "t",
                      "Startup Cost": 0.0,
                      "Total Cost": 43899.32,
                      "Plan Rows": 1496,
                      "Plan Width": 4,
                      "Actual Startup Time": 59.247,
                      "Actual Total Time": 89.256,
                      "Actual Rows": 1534,
                      "Actual Loops": 5,
                      "Filter": "(production_year = 1915)",
                      "Rows Removed by Filter": 504128
                    },
                    {
                      "Node Type": "Index Only Scan",
                      "Parent Relationship": "Inner",
                      "Parallel Aware": false,
                      "Scan Direction": "Forward",
                      "Index Name": "movie_id_movie_info_idx",
                      "Relation Name": "movie_info_idx",
                      "Alias": "mi_idx",
                      "Startup Cost": 0.43,
                      "Total Cost": 6.09,
                      "Plan Rows": 3,
                      "Plan Width": 4,
                      "Actual Startup Time": 0.005,
                      "Actual Total Time": 0.005,
                      "Actual Rows": 0,
                      "Actual Loops": 7670,
                      "Index Cond": "(movie_id = t.id)",
                      "Rows Removed by Index Recheck": 0,
                      "Heap Fetches": 777
                    }
                  ]
                }
              ]
            }
          ]
        }
      ]
    },
    "Planning Time": 0.349,
    "Triggers": [],
    "Execution Time": 117.394
  }
]