[
  {
    "Plan": {
      "Node Type": "Aggregate",
      "Strategy": "Plain",
      "Partial Mode": "Finalize",
      "Parallel Aware": false,
      "Startup Cost": 32861.32,
      "Total Cost": 32861.33,
      "Plan Rows": 1,
      "Plan Width": 8,
      "Actual Startup Time": 75.221,
      "Actual Total Time": 81.063,
      "Actual Rows": 1,
      "Actual Loops": 1,
      "Plans": [
        {
          "Node Type": "Gather",
          "Parent Relationship": "Outer",
          "Parallel Aware": false,
          "Startup Cost": 32861.0,
          "Total Cost": 32861.31,
          "Plan Rows": 3,
          "Plan Width": 8,
          "Actual Startup Time": 75.152,
          "Actual Total Time": 81.057,
          "Actual Rows": 4,
          "Actual Loops": 1,
          "Workers Planned": 3,
          "Workers Launched": 3,
          "Single Copy": false,
          "Plans": [
            {
              "Node Type": "Aggregate",
              "Strategy": "Plain",
              "Partial Mode": "Partial",
              "Parent Relationship": "Outer",
              "Parallel Aware": false,
              "Startup Cost": 31861.0,
              "Total Cost": 31861.01,
              "Plan Rows": 1,
              "Plan Width": 8,
              "Actual Startup Time": 72.0,
              "Actual Total Time": 72.001,
              "Actual Rows": 1,
              "Actual Loops": 4,
              "Plans": [
                {
                  "Node Type": "Seq Scan",
                  "Parent Relationship": "Outer",
                  "Parallel Aware": true,
                  "Relation Name": "movie_companies",
                  "Alias": "mc",
                  "Startup Cost": 0.0,
                  "Total Cost": 31414.82,
                  "Plan Rows": 178474,
                  "Plan Width": 0,
                  "Actual Startup Time": 0.022,
                  "Actual Total Time": 62.769,
                  "Actual Rows": 190793,
                  "Actual Loops": 4,
                  "Filter": "((company_id < 8142) AND (company_type_id < 2))",
                  "Rows Removed by Filter": 461489
                }
              ]
            }
          ]
        }
      ]
    },
    "Planning Time": 0.111,
    "Triggers": [],
    "Execution Time": 81.096
  }
]