[
  {
    "Plan": {
      "Node Type": "Aggregate",
      "Strategy": "Plain",
      "Partial Mode": "Finalize",
      "Parallel Aware": false,
      "Startup Cost": 292608.16,
      "Total Cost": 292608.17,
      "Plan Rows": 1,
      "Plan Width": 8,
      "Actual Startup Time": 172.197,
      "Actual Total Time": 181.448,
      "Actual Rows": 1,
      "Actual Loops": 1,
      "Plans": [
        {
          "Node Type": "Gather",
          "Parent Relationship": "Outer",
          "Parallel Aware": false,
          "Startup Cost": 292607.54,
          "Total Cost": 292608.15,
          "Plan Rows": 6,
          "Plan Width": 8,
          "Actual Startup Time": 171.682,
          "Actual Total Time": 181.435,
          "Actual Rows": 7,
          "Actual Loops": 1,
          "Workers Planned": 6,
          "Workers Launched": 6,
          "Single Copy": false,
          "Plans": [
            {
              "Node Type": "Aggregate",
              "Strategy": "Plain",
              "Partial Mode": "Partial",
              "Parent Relationship": "Outer",
              "Parallel Aware": false,
              "Startup Cost": 291607.54,
              "Total Cost": 291607.55,
              "Plan Rows": 1,
              "Plan Width": 8,
              "Actual Startup Time": 164.723,
              "Actual Total Time": 164.725,
              "Actual Rows": 1,
              "Actual Loops": 7,
              "Plans": [
                {
                  "Node Type": "Bitmap Heap Scan",
                  "Parent Relationship": "Outer",
                  "Parallel Aware": true,
                  "Relation Name": "cast_info",
                  "Alias": "ci",
                  "Startup Cost": 34727.75,
                  "Total Cost": 291376.21,
                  "Plan Rows": 92531,
                  "Plan Width": 0,
                  "Actual Startup Time": 79.699,
                  "Actual Total Time": 153.944,
                  "Actual Rows": 167313,
                  "Actual Loops": 7,
                  "Recheck Cond": "(person_id < 162744)",
                  "Rows Removed by Index Recheck": 0,
                  "Filter": "(role_id < 2)",
                  "Rows Removed by Filter": 65900,
                  "Exact Heap Blocks": 4302,
                  "Lossy Heap Blocks": 0,
                  "Plans": [
                    {
                      "Node Type": "Bitmap Index Scan",
                      "Parent Relationship": "Outer",
                      "Parallel Aware": false,
                      "Index Name": "person_id_cast_info",
                      "Startup Cost": 0.0,
                      "Total Cost": 34588.95,
                      "Plan Rows": 1584585,
                      "Plan Width": 0,
                      "Actual Startup Time": 82.888,
                      "Actual Total Time": 82.888,
                      "Actual Rows": 1632492,
                      "Actual Loops": 1,
                      "Index Cond": "(person_id < 162744)"
                    }
                  ]
                }
              ]
            }
          ]
        }
      ]
    },
    "Planning Time": 0.225,
    "Triggers": [],
    "Execution Time": 181.526
  }
]