[
  {
    "Plan": {
      "Node Type": "Aggregate",
      "Strategy": "Plain",
      "Partial Mode": "Finalize",
      "Parallel Aware": false,
      "Startup Cost": 32804.1,
      "Total Cost": 32804.11,
      "Plan Rows": 1,
      "Plan Width": 8,
      "Actual Startup Time": 91.207,
      "Actual Total Time": 99.828,
      "Actual Rows": 1,
      "Actual Loops": 1,
      "Plans": [
        {
          "Node Type": "Gather",
          "Parent Relationship": "Outer",
          "Parallel Aware": false,
          "Startup Cost": 32803.78,
          "Total Cost": 32804.09,
          "Plan Rows": 3,
          "Plan Width": 8,
          "Actual Startup Time": 91.058,
          "Actual Total Time": 99.819,
          "Actual Rows": 4,
          "Actual Loops": 1,
          "Workers Planned": 3,
          "Workers Launched": 3,
          "Single Copy": false,
          "Plans": [
            {
              "Node Type": "Aggregate",
              "Strategy": "Plain",
              "Partial Mode": "Partial",
              "Parent Relationship": "Outer",
              "Parallel Aware": false,
              "Startup Cost": 31803.78,
              "Total Cost": 31803.79,
              "Plan Rows": 1,
              "Plan Width": 8,
              "Actual Startup Time": 82.72,
              "Actual Total Time": 82.722,
              "Actual Rows": 1,
              "Actual Loops": 4,
              "Plans": [
                {
                  "Node Type": "Seq Scan",
                  "Parent Relationship": "Outer",
                  "Parallel Aware": true,
                  "Relation Name": "movie_companies",
                  "Alias": "mc",
                  "Startup Cost": 0.0,
                  "Total Cost": 31414.82,
                  "Plan Rows": 155585,
                  "Plan Width": 0,
                  "Actual Startup Time": 16.546,
                  "Actual Total Time": 80.109,
                  "Actual Rows": 42236,
                  "Actual Loops": 4,
                  "Filter": "((company_id > 17433) AND (company_type_id = 1))",
                  "Rows Removed by Filter": 610046
                }
              ]
            }
          ]
        }
      ]
    },
    "Planning Time": 0.099,
    "Triggers": [],
    "Execution Time": 99.857
  }
]