[
  {
    "Plan": {
      "Node Type": "Aggregate",
      "Strategy": "Plain",
      "Partial Mode": "Finalize",
      "Parallel Aware": false,
      "Startup Cost": 32798.58,
      "Total Cost": 32798.59,
      "Plan Rows": 1,
      "Plan Width": 8,
      "Actual Startup Time": 87.864,
      "Actual Total Time": 95.704,
      "Actual Rows": 1,
      "Actual Loops": 1,
      "Plans": [
        {
          "Node Type": "Gather",
          "Parent Relationship": "Outer",
          "Parallel Aware": false,
          "Startup Cost": 32798.26,
          "Total Cost": 32798.57,
          "Plan Rows": 3,
          "Plan Width": 8,
          "Actual Startup Time": 87.754,
          "Actual Total Time": 95.696,
          "Actual Rows": 4,
          "Actual Loops": 1,
          "Workers Planned": 3,
          "Workers Launched": 3,
          "Single Copy": false,
          "Plans": [
            {
              "Node Type": "Aggregate",
              "Strategy": "Plain",
              "Partial Mode": "Partial",
              "Parent Relationship": "Outer",
              "Parallel Aware": false,
              "Startup Cost": 31798.26,
              "Total Cost": 31798.27,
              "Plan Rows": 1,
              "Plan Width": 8,
              "Actual Startup Time": 79.189,
              "Actual Total Time": 79.19,
              "Actual Rows": 1,
              "Actual Loops": 4,
              "Plans": [
                {
                  "Node Type": "Seq Scan",
                  "Parent Relationship": "Outer",
                  "Parallel Aware": true,
                  "Relation Name": "movie_companies",
                  "Alias": "mc",
                  "Startup Cost": 0.0,
                  "Total Cost": 31414.82,
                  "Plan Rows": 153376,
                  "Plan Width": 0,
                  "Actual Startup Time": 24.628,
                  "Actual Total Time": 77.031,
                  "Actual Rows": 42236,
                  "Actual Loops": 4,
                  "Filter": "((company_id > 17433) AND (company_type_id = 1))",
                  "Rows Removed by Filter": 610046
                }
              ]
            }
          ]
        }
      ]
    },
    "Planning Time": 0.22,
    "Triggers": [],
    "Execution Time": 95.76
  }
]