[
  {
    "Plan": {
      "Node Type": "Aggregate",
      "Strategy": "Plain",
      "Partial Mode": "Finalize",
      "Parallel Aware": false,
      "Startup Cost": 109378.79,
      "Total Cost": 109378.8,
      "Plan Rows": 1,
      "Plan Width": 8,
      "Actual Startup Time": 505.88,
      "Actual Total Time": 527.503,
      "Actual Rows": 1,
      "Actual Loops": 1,
      "Plans": [
        {
          "Node Type": "Gather",
          "Parent Relationship": "Outer",
          "Parallel Aware": false,
          "Startup Cost": 109378.58,
          "Total Cost": 109378.79,
          "Plan Rows": 2,
          "Plan Width": 8,
          "Actual Startup Time": 504.144,
          "Actual Total Time": 527.493,
          "Actual Rows": 3,
          "Actual Loops": 1,
          "Workers Planned": 2,
          "Workers Launched": 2,
          "Single Copy": false,
          "Plans": [
            {
              "Node Type": "Aggregate",
              "Strategy": "Plain",
              "Partial Mode": "Partial",
              "Parent Relationship": "Outer",
              "Parallel Aware": false,
              "Startup Cost": 108378.58,
              "Total Cost": 108378.59,
              "Plan Rows": 1,
              "Plan Width": 8,
              "Actual Startup Time": 499.739,
              "Actual Total Time": 499.901,
              "Actual Rows": 1,
              "Actual Loops": 3,
              "Plans": [
                {
                  "Node Type": "Hash Join",
                  "Parent Relationship": "Outer",
                  "Parallel Aware": true,
                  "Join Type": "Inner",
                  "Startup Cost": 91601.14,
                  "Total Cost": 108280.91,
                  "Plan Rows": 39065,
                  "Plan Width": 0,
                  "Actual Startup Time": 417.939,
                  "Actual Total Time": 497.972,
                  "Actual Rows": 41171,
                  "Actual Loops": 3,
                  "Inner Unique": false,
                  "Hash Cond": "(mi_idx.movie_id = t.id)",
                  "Plans": [
                    {
                      "Node Type": "Seq Scan",
                      "Parent Relationship": "Outer",
                      "Parallel Aware": true,
                      "Relation Name": "movie_info_idx",
                      "Alias": "mi_idx",
                      "Startup Cost": 0.0,
                      "Total Cost": 15122.68,
                      "Plan Rows": 381618,
                      "Plan Width": 4,
                      "Actual Startup Time": 0.027,
                      "Actual Total Time": 49.15,
                      "Actual Rows": 306617,
                      "Actual Loops": 3,
                      "Filter": "(info_type_id < 101)",
                      "Rows Removed by Filter": 153395
                    },
                    {
                      "Node Type": "Hash",
                      "Parent Relationship": "Inner",
                      "Parallel Aware": true,
                      "Startup Cost": 90557.49,
                      "Total Cost": 90557.49,
                      "Plan Rows": 83492,
                      "Plan Width": 8,
                      "Actual Startup Time": 415.06,
                      "Actual Total Time": 415.22,
                      "Actual Rows": 33068,
                      "Actual Loops": 3,
                      "Hash Buckets": 262144,
                      "Original Hash Buckets": 262144,
                      "Hash Batches": 1,
                      "Original Hash Batches": 1,
                      "Peak Memory Usage": 5984,
                      "Plans": [
                        {
                          "Node Type": "Hash Join",
                          "Parent Relationship": "Outer",
                          "Parallel Aware": true,
                          "Join Type": "Inner",
                          "Startup Cost": 44399.47,
                          "Total Cost": 90557.49,
                          "Plan Rows": 83492,
                          "Plan Width": 8,
                          "Actual Startup Time": 141.458,
                          "Actual Total Time": 406.182,
                          "Actual Rows": 33068,
                          "Actual Loops": 3,
                          "Inner Unique": true,
                          "Hash Cond": "(mk.movie_id = t.id)",
                          "Plans": [
                            {
                              "Node Type": "Seq Scan",
                              "Parent Relationship": "Outer",
                              "Parallel Aware": true,
                              "Relation Name": "movie_keyword",
                              "Alias": "mk",
                              "Startup Cost": 0.0,
                              "Total Cost": 42695.65,
                              "Plan Rows": 1318993,
                              "Plan Width": 4,
                              "Actual Startup Time": 0.039,
                              "Actual Total Time": 156.803,
                              "Actual Rows": 1362581,
                              "Actual Loops": 3,
                              "Filter": "(keyword_id > 335)",
                              "Rows Removed by Filter": 145396
                            },
                            {
                              "Node Type": "Hash",
                              "Parent Relationship": "Inner",
                              "Parallel Aware": true,
                              "Startup Cost": 43899.32,
                              "Total Cost": 43899.32,
                              "Plan Rows": 40012,
                              "Plan Width": 4,
                              "Actual Startup Time": 140.044,
                              "Actual Total Time": 140.046,
                              "Actual Rows": 54769,
                              "Actual Loops": 3,
                              "Hash Buckets": 262144,
                              "Original Hash Buckets": 262144,
                              "Hash Batches": 1,
                              "Original Hash Batches": 1,
                              "Peak Memory Usage": 8512,
                              "Plans": [
                                {
                                  "Node Type": "Seq Scan",
                                  "Parent Relationship": "Outer",
                                  "Parallel Aware": true,
                                  "Relation Name": "title",
                                  "Alias": "t",
                                  "Startup Cost": 0.0,
                                  "Total Cost": 43899.32,
                                  "Plan Rows": 40012,
                                  "Plan Width": 4,
                                  "Actual Startup Time": 0.04,
                                  "Actual Total Time": 117.483,
                                  "Actual Rows": 54769,
                                  "Actual Loops": 3,
                                  "Filter": "(production_year = 2012)",
                                  "Rows Removed by Filter": 788002
                                }
                              ]
                            }
                          ]
                        }
                      ]
                    }
                  ]
                }
              ]
            }
          ]
        }
      ]
    },
    "Planning Time": 1.159,
    "Triggers": [],
    "Execution Time": 527.579
  }
]