[
  {
    "Plan": {
      "Node Type": "Aggregate",
      "Strategy": "Plain",
      "Partial Mode": "Finalize",
      "Parallel Aware": false,
      "Startup Cost": 47117.04,
      "Total Cost": 47117.05,
      "Plan Rows": 1,
      "Plan Width": 8,
      "Actual Startup Time": 178.468,
      "Actual Total Time": 187.753,
      "Actual Rows": 1,
      "Actual Loops": 1,
      "Plans": [
        {
          "Node Type": "Gather",
          "Parent Relationship": "Outer",
          "Parallel Aware": false,
          "Startup Cost": 47116.73,
          "Total Cost": 47117.04,
          "Plan Rows": 3,
          "Plan Width": 8,
          "Actual Startup Time": 178.321,
          "Actual Total Time": 187.742,
          "Actual Rows": 4,
          "Actual Loops": 1,
          "Workers Planned": 3,
          "Workers Launched": 3,
          "Single Copy": false,
          "Plans": [
            {
              "Node Type": "Aggregate",
              "Strategy": "Plain",
              "Partial Mode": "Partial",
              "Parent Relationship": "Outer",
              "Parallel Aware": false,
              "Startup Cost": 46116.73,
              "Total Cost": 46116.74,
              "Plan Rows": 1,
              "Plan Width": 8,
              "Actual Startup Time": 172.091,
              "Actual Total Time": 172.092,
              "Actual Rows": 1,
              "Actual Loops": 4,
              "Plans": [
                {
                  "Node Type": "Seq Scan",
                  "Parent Relationship": "Outer",
                  "Parallel Aware": true,
                  "Relation Name": "movie_keyword",
                  "Alias": "mk",
                  "Startup Cost": 0.0,
                  "Total Cost": 42695.65,
                  "Plan Rows": 1368429,
                  "Plan Width": 0,
                  "Actual Startup Time": 0.052,
                  "Actual Total Time": 125.568,
                  "Actual Rows": 1061470,
                  "Actual Loops": 4,
                  "Filter": "(keyword_id < 57166)",
                  "Rows Removed by Filter": 69513
                }
              ]
            }
          ]
        }
      ]
    },
    "Planning Time": 0.193,
    "Triggers": [],
    "Execution Time": 187.812
  }
]