[
  {
    "Plan": {
      "Node Type": "Aggregate",
      "Strategy": "Plain",
      "Partial Mode": "Finalize",
      "Parallel Aware": false,
      "Startup Cost": 41777.2,
      "Total Cost": 41777.21,
      "Plan Rows": 1,
      "Plan Width": 8,
      "Actual Startup Time": 53.38,
      "Actual Total Time": 60.068,
      "Actual Rows": 1,
      "Actual Loops": 1,
      "Plans": [
        {
          "Node Type": "Gather",
          "Parent Relationship": "Outer",
          "Parallel Aware": false,
          "Startup Cost": 41776.78,
          "Total Cost": 41777.19,
          "Plan Rows": 4,
          "Plan Width": 8,
          "Actual Startup Time": 53.132,
          "Actual Total Time": 60.062,
          "Actual Rows": 5,
          "Actual Loops": 1,
          "Workers Planned": 4,
          "Workers Launched": 4,
          "Single Copy": false,
          "Plans": [
            {
              "Node Type": "Aggregate",
              "Strategy": "Plain",
              "Partial Mode": "Partial",
              "Parent Relationship": "Outer",
              "Parallel Aware": false,
              "Startup Cost": 40776.78,
              "Total Cost": 40776.79,
              "Plan Rows": 1,
              "Plan Width": 8,
              "Actual Startup Time": 47.106,
              "Actual Total Time": 47.107,
              "Actual Rows": 1,
              "Actual Loops": 5,
              "Plans": [
                {
                  "Node Type": "Nested Loop",
                  "Parent Relationship": "Outer",
                  "Parallel Aware": false,
                  "Join Type": "Inner",
                  "Startup Cost": 1698.01,
                  "Total Cost": 40776.43,
                  "Plan Rows": 140,
                  "Plan Width": 0,
                  "Actual Startup Time": 7.979,
                  "Actual Total Time": 47.062,
                  "Actual Rows": 253,
                  "Actual Loops": 5,
                  "Inner Unique": false,
                  "Plans": [
                    {
                      "Node Type": "Bitmap Heap Scan",
                      "Parent Relationship": "Outer",
                      "Parallel Aware": true,
                      "Relation Name": "title",
                      "Alias": "t",
                      "Startup Cost": 1697.58,
                      "Total Cost": 38052.09,
                      "Plan Rows": 136,
                      "Plan Width": 4,
                      "Actual Startup Time": 7.849,
                      "Actual Total Time": 44.484,
                      "Actual Rows": 132,
                      "Actual Loops": 5,
                      "Recheck Cond": "(kind_id = 2)",
                      "Rows Removed by Index Recheck": 0,
                      "Filter": "(production_year = 1975)",
                      "Rows Removed by Filter": 18038,
                      "Exact Heap Blocks": 11219,
                      "Lossy Heap Blocks": 0,
                      "Plans": [
                        {
                          "Node Type": "Bitmap Index Scan",
                          "Parent Relationship": "Outer",
                          "Parallel Aware": false,
                          "Index Name": "kind_id_title",
                          "Startup Cost": 0.0,
                          "Total Cost": 1697.45,
                          "Plan Rows": 95069,
                          "Plan Width": 0,
                          "Actual Startup Time": 7.732,
                          "Actual Total Time": 7.733,
                          "Actual Rows": 90852,
                          "Actual Loops": 1,
                          "Index Cond": "(kind_id = 2)"
                        }
                      ]
                    },
                    {
                      "Node Type": "Index Only Scan",
                      "Parent Relationship": "Inner",
                      "Parallel Aware": false,
                      "Scan Direction": "Forward",
                      "Index Name": "movie_id_movie_companies",
                      "Relation Name": "movie_companies",
                      "Alias": "mc",
                      "Startup Cost": 0.43,
                      "Total Cost": 19.98,
                      "Plan Rows": 5,
                      "Plan Width": 4,
                      "Actual Startup Time": 0.015,
                      "Actual Total Time": 0.019,
                      "Actual Rows": 2,
                      "Actual Loops": 660,
                      "Index Cond": "(movie_id = t.id)",
                      "Rows Removed by Index Recheck": 0,
                      "Heap Fetches": 1265
                    }
                  ]
                }
              ]
            }
          ]
        }
      ]
    },
    "Planning Time": 0.264,
    "Triggers": [],
    "Execution Time": 60.111
  }
]