{
  "Plan": {
    "Node Type": "Aggregate",
    "Strategy": "Plain",
    "Partial Mode": "Finalize",
    "Parallel Aware": false,
    "Startup Cost": 141419.87,
    "Total Cost": 141419.88,
    "Plan Rows": 1,
    "Plan Width": 8,
    "Actual Startup Time": 452.381,
    "Actual Total Time": 465.463,
    "Actual Rows": 1,
    "Actual Loops": 1,
    "Plans": [
      {
        "Node Type": "Gather",
        "Parent Relationship": "Outer",
        "Parallel Aware": false,
        "Startup Cost": 141419.76,
        "Total Cost": 141419.87,
        "Plan Rows": 1,
        "Plan Width": 8,
        "Actual Startup Time": 451.634,
        "Actual Total Time": 465.456,
        "Actual Rows": 2,
        "Actual Loops": 1,
        "Workers Planned": 1,
        "Workers Launched": 1,
        "Single Copy": false,
        "Plans": [
          {
            "Node Type": "Aggregate",
            "Strategy": "Plain",
            "Partial Mode": "Partial",
            "Parent Relationship": "Outer",
            "Parallel Aware": false,
            "Startup Cost": 140419.76,
            "Total Cost": 140419.77,
            "Plan Rows": 1,
            "Plan Width": 8,
            "Actual Startup Time": 445.148,
            "Actual Total Time": 445.155,
            "Actual Rows": 1,
            "Actual Loops": 2,
            "Plans": [
              {
                "Node Type": "Hash Join",
                "Parent Relationship": "Outer",
                "Parallel Aware": true,
                "Join Type": "Inner",
                "Startup Cost": 78854.68,
                "Total Cost": 140388.34,
                "Plan Rows": 12567,
                "Plan Width": 0,
                "Actual Startup Time": 288.851,
                "Actual Total Time": 438.126,
                "Actual Rows": 163853,
                "Actual Loops": 2,
                "Inner Unique": false,
                "Hash Cond": "(mk.movie_id = t.id)",
                "Plans": [
                  {
                    "Node Type": "Seq Scan",
                    "Parent Relationship": "Outer",
                    "Parallel Aware": true,
                    "Relation Name": "movie_keyword",
                    "Alias": "mk",
                    "Startup Cost": 0.0,
                    "Total Cost": 57718.19,
                    "Plan Rows": 997746,
                    "Plan Width": 4,
                    "Actual Startup Time": 0.712,
                    "Actual Total Time": 167.029,
                    "Actual Rows": 850212,
                    "Actual Loops": 2,
                    "Filter": "(keyword_id > 8459)",
                    "Rows Removed by Filter": 1411754
                  },
                  {
                    "Node Type": "Hash",
                    "Parent Relationship": "Inner",
                    "Parallel Aware": true,
                    "Startup Cost": 78620.53,
                    "Total Cost": 78620.53,
                    "Plan Rows": 18732,
                    "Plan Width": 8,
                    "Actual Startup Time": 193.823,
                    "Actual Total Time": 193.828,
                    "Actual Rows": 49570,
                    "Actual Loops": 2,
                    "Hash Buckets": 131072,
                    "Original Hash Buckets": 32768,
                    "Hash Batches": 1,
                    "Original Hash Batches": 1,
                    "Peak Memory Usage": 5696,
                    "Plans": [
                      {
                        "Node Type": "Hash Join",
                        "Parent Relationship": "Outer",
                        "Parallel Aware": true,
                        "Join Type": "Inner",
                        "Startup Cost": 35197.02,
                        "Total Cost": 78620.53,
                        "Plan Rows": 18732,
                        "Plan Width": 8,
                        "Actual Startup Time": 81.825,
                        "Actual Total Time": 181.479,
                        "Actual Rows": 49570,
                        "Actual Loops": 2,
                        "Inner Unique": false,
                        "Hash Cond": "(t.id = mc.movie_id)",
                        "Plans": [
                          {
                            "Node Type": "Bitmap Heap Scan",
                            "Parent Relationship": "Outer",
                            "Parallel Aware": true,
                            "Relation Name": "title",
                            "Alias": "t",
                            "Startup Cost": 11988.66,
                            "Total Cost": 52863.55,
                            "Plan Rows": 390151,
                            "Plan Width": 4,
                            "Actual Startup Time": 21.716,
                            "Actual Total Time": 70.018,
                            "Actual Rows": 331412,
                            "Actual Loops": 2,
                            "Recheck Cond": "(kind_id = 1)",
                            "Rows Removed by Index Recheck": 0,
                            "Exact Heap Blocks": 7438,
                            "Lossy Heap Blocks": 0,
                            "Plans": [
                              {
                                "Node Type": "Bitmap Index Scan",
                                "Parent Relationship": "Outer",
                                "Parallel Aware": false,
                                "Index Name": "kind_id_title",
                                "Startup Cost": 0.0,
                                "Total Cost": 11822.85,
                                "Plan Rows": 663256,
                                "Plan Width": 0,
                                "Actual Startup Time": 19.936,
                                "Actual Total Time": 19.937,
                                "Actual Rows": 662825,
                                "Actual Loops": 1,
                                "Index Cond": "(kind_id = 1)"
                              }
                            ]
                          },
                          {
                            "Node Type": "Hash",
                            "Parent Relationship": "Inner",
                            "Parallel Aware": true,
                            "Startup Cost": 22315.78,
                            "Total Cost": 22315.78,
                            "Plan Rows": 71406,
                            "Plan Width": 4,
                            "Actual Startup Time": 54.315,
                            "Actual Total Time": 54.317,
                            "Actual Rows": 58423,
                            "Actual Loops": 2,
                            "Hash Buckets": 131072,
                            "Original Hash Buckets": 131072,
                            "Hash Batches": 1,
                            "Original Hash Batches": 1,
                            "Peak Memory Usage": 5632,
                            "Plans": [
                              {
                                "Node Type": "Bitmap Heap Scan",
                                "Parent Relationship": "Outer",
                                "Parallel Aware": true,
                                "Relation Name": "movie_companies",
                                "Alias": "mc",
                                "Startup Cost": 2633.2,
                                "Total Cost": 22315.78,
                                "Plan Rows": 71406,
                                "Plan Width": 4,
                                "Actual Startup Time": 15.541,
                                "Actual Total Time": 39.705,
                                "Actual Rows": 58423,
                                "Actual Loops": 2,
                                "Recheck Cond": "(company_id > 148110)",
                                "Rows Removed by Index Recheck": 0,
                                "Exact Heap Blocks": 2717,
                                "Lossy Heap Blocks": 0,
                                "Plans": [
                                  {
                                    "Node Type": "Bitmap Index Scan",
                                    "Parent Relationship": "Outer",
                                    "Parallel Aware": false,
                                    "Index Name": "company_id_movie_companies",
                                    "Startup Cost": 0.0,
                                    "Total Cost": 2602.86,
                                    "Plan Rows": 121390,
                                    "Plan Width": 0,
                                    "Actual Startup Time": 18.498,
                                    "Actual Total Time": 18.498,
                                    "Actual Rows": 116846,
                                    "Actual Loops": 1,
                                    "Index Cond": "(company_id > 148110)"
                                  }
                                ]
                              }
                            ]
                          }
                        ]
                      }
                    ]
                  }
                ]
              }
            ]
          }
        ]
      }
    ]
  },
  "Planning Time": 1.087,
  "Triggers": [],
  "Execution Time": 465.578
}