{
  "Plan": {
    "Node Type": "Aggregate",
    "Strategy": "Plain",
    "Partial Mode": "Finalize",
    "Parallel Aware": false,
    "Startup Cost": 331879.89,
    "Total Cost": 331879.9,
    "Plan Rows": 1,
    "Plan Width": 8,
    "Actual Startup Time": 1620.571,
    "Actual Total Time": 1660.2,
    "Actual Rows": 1,
    "Actual Loops": 1,
    "Plans": [
      {
        "Node Type": "Gather",
        "Parent Relationship": "Outer",
        "Parallel Aware": false,
        "Startup Cost": 331879.78,
        "Total Cost": 331879.89,
        "Plan Rows": 1,
        "Plan Width": 8,
        "Actual Startup Time": 1620.19,
        "Actual Total Time": 1660.194,
        "Actual Rows": 2,
        "Actual Loops": 1,
        "Workers Planned": 1,
        "Workers Launched": 1,
        "Single Copy": false,
        "Plans": [
          {
            "Node Type": "Aggregate",
            "Strategy": "Plain",
            "Partial Mode": "Partial",
            "Parent Relationship": "Outer",
            "Parallel Aware": false,
            "Startup Cost": 330879.78,
            "Total Cost": 330879.79,
            "Plan Rows": 1,
            "Plan Width": 8,
            "Actual Startup Time": 1614.55,
            "Actual Total Time": 1614.553,
            "Actual Rows": 1,
            "Actual Loops": 2,
            "Plans": [
              {
                "Node Type": "Hash Join",
                "Parent Relationship": "Outer",
                "Parallel Aware": true,
                "Join Type": "Inner",
                "Startup Cost": 58670.53,
                "Total Cost": 330454.02,
                "Plan Rows": 170304,
                "Plan Width": 0,
                "Actual Startup Time": 169.278,
                "Actual Total Time": 1585.633,
                "Actual Rows": 702262,
                "Actual Loops": 2,
                "Inner Unique": true,
                "Hash Cond": "(mi.movie_id = t.id)",
                "Plans": [
                  {
                    "Node Type": "Seq Scan",
                    "Parent Relationship": "Outer",
                    "Parallel Aware": true,
                    "Relation Name": "movie_info",
                    "Alias": "mi",
                    "Startup Cost": 0.0,
                    "Total Cost": 248955.74,
                    "Plan Rows": 8696274,
                    "Plan Width": 4,
                    "Actual Startup Time": 0.008,
                    "Actual Total Time": 592.141,
                    "Actual Rows": 7417860,
                    "Actual Loops": 2
                  },
                  {
                    "Node Type": "Hash",
                    "Parent Relationship": "Inner",
                    "Parallel Aware": true,
                    "Startup Cost": 58306.47,
                    "Total Cost": 58306.47,
                    "Plan Rows": 29125,
                    "Plan Width": 4,
                    "Actual Startup Time": 148.592,
                    "Actual Total Time": 148.593,
                    "Actual Rows": 63928,
                    "Actual Loops": 2,
                    "Hash Buckets": 131072,
                    "Original Hash Buckets": 65536,
                    "Hash Batches": 1,
                    "Original Hash Batches": 1,
                    "Peak Memory Usage": 6560,
                    "Plans": [
                      {
                        "Node Type": "Seq Scan",
                        "Parent Relationship": "Outer",
                        "Parallel Aware": true,
                        "Relation Name": "title",
                        "Alias": "t",
                        "Startup Cost": 0.0,
                        "Total Cost": 58306.47,
                        "Plan Rows": 29125,
                        "Plan Width": 4,
                        "Actual Startup Time": 81.053,
                        "Actual Total Time": 134.43,
                        "Actual Rows": 63928,
                        "Actual Loops": 2,
                        "Filter": "((kind_id < 7) AND (production_year < 1935))",
                        "Rows Removed by Filter": 1200228
                      }
                    ]
                  }
                ]
              }
            ]
          }
        ]
      }
    ]
  },
  "Planning Time": 0.473,
  "Triggers": [],
  "Execution Time": 1660.279
}