[
  {
    "Plan": {
      "Node Type": "Aggregate",
      "Strategy": "Plain",
      "Partial Mode": "Finalize",
      "Parallel Aware": false,
      "Startup Cost": 25948.43,
      "Total Cost": 25948.44,
      "Plan Rows": 1,
      "Plan Width": 8,
      "Actual Startup Time": 82.38,
      "Actual Total Time": 88.818,
      "Actual Rows": 1,
      "Actual Loops": 1,
      "Plans": [
        {
          "Node Type": "Gather",
          "Parent Relationship": "Outer",
          "Parallel Aware": false,
          "Startup Cost": 25948.11,
          "Total Cost": 25948.42,
          "Plan Rows": 3,
          "Plan Width": 8,
          "Actual Startup Time": 82.158,
          "Actual Total Time": 88.812,
          "Actual Rows": 4,
          "Actual Loops": 1,
          "Workers Planned": 3,
          "Workers Launched": 3,
          "Single Copy": false,
          "Plans": [
            {
              "Node Type": "Aggregate",
              "Strategy": "Plain",
              "Partial Mode": "Partial",
              "Parent Relationship": "Outer",
              "Parallel Aware": false,
              "Startup Cost": 24948.11,
              "Total Cost": 24948.12,
              "Plan Rows": 1,
              "Plan Width": 8,
              "Actual Startup Time": 74.409,
              "Actual Total Time": 74.41,
              "Actual Rows": 1,
              "Actual Loops": 4,
              "Plans": [
                {
                  "Node Type": "Bitmap Heap Scan",
                  "Parent Relationship": "Outer",
                  "Parallel Aware": true,
                  "Relation Name": "movie_companies",
                  "Alias": "mc",
                  "Startup Cost": 4952.5,
                  "Total Cost": 24854.05,
                  "Plan Rows": 37625,
                  "Plan Width": 0,
                  "Actual Startup Time": 61.905,
                  "Actual Total Time": 73.631,
                  "Actual Rows": 13268,
                  "Actual Loops": 4,
                  "Recheck Cond": "(company_id < 92)",
                  "Rows Removed by Index Recheck": 0,
                  "Filter": "(company_type_id = 2)",
                  "Rows Removed by Filter": 44134,
                  "Exact Heap Blocks": 8717,
                  "Lossy Heap Blocks": 0,
                  "Plans": [
                    {
                      "Node Type": "Bitmap Index Scan",
                      "Parent Relationship": "Outer",
                      "Parallel Aware": false,
                      "Index Name": "company_id_movie_companies",
                      "Startup Cost": 0.0,
                      "Total Cost": 4923.34,
                      "Plan Rows": 229721,
                      "Plan Width": 0,
                      "Actual Startup Time": 27.886,
                      "Actual Total Time": 27.887,
                      "Actual Rows": 229604,
                      "Actual Loops": 1,
                      "Index Cond": "(company_id < 92)"
                    }
                  ]
                }
              ]
            }
          ]
        }
      ]
    },
    "Planning Time": 0.233,
    "Triggers": [],
    "Execution Time": 88.895
  }
]