{
    "Plan": {
        "Node Type": "Aggregate",
        "Strategy": "Plain",
        "Partial Mode": "Simple",
        "Parallel Aware": false,
        "Startup Cost": 5541.76,
        "Total Cost": 5541.77,
        "Plan Rows": 1,
        "Plan Width": 8,
        "Actual Startup Time": 28.752,
        "Actual Total Time": 28.755,
        "Actual Rows": 1,
        "Actual Loops": 1,
        "Output": [
            "count(*)"
        ],
        "Plans": [
            {
                "Node Type": "Nested Loop",
                "Parent Relationship": "Outer",
                "Parallel Aware": false,
                "Join Type": "Inner",
                "Startup Cost": 1.42,
                "Total Cost": 5540.46,
                "Plan Rows": 520,
                "Plan Width": 0,
                "Actual Startup Time": 11.467,
                "Actual Total Time": 28.447,
                "Actual Rows": 1206,
                "Actual Loops": 1,
                "Inner Unique": false,
                "Plans": [
                    {
                        "Node Type": "Nested Loop",
                        "Parent Relationship": "Outer",
                        "Parallel Aware": false,
                        "Join Type": "Inner",
                        "Startup Cost": 0.99,
                        "Total Cost": 5231.87,
                        "Plan Rows": 504,
                        "Plan Width": 8,
                        "Actual Startup Time": 11.442,
                        "Actual Total Time": 23.382,
                        "Actual Rows": 412,
                        "Actual Loops": 1,
                        "Output": [
                            "t.id",
                            "ci.movie_id"
                        ],
                        "Inner Unique": true,
                        "Plans": [
                            {
                                "Node Type": "Index Scan",
                                "Parent Relationship": "Outer",
                                "Parallel Aware": false,
                                "Scan Direction": "Forward",
                                "Index Name": "person_id_cast_info",
                                "Relation Name": "cast_info",
                                "Schema": "public",
                                "Alias": "ci",
                                "Startup Cost": 0.56,
                                "Total Cost": 1038.33,
                                "Plan Rows": 504,
                                "Plan Width": 4,
                                "Actual Startup Time": 11.405,
                                "Actual Total Time": 19.454,
                                "Actual Rows": 412,
                                "Actual Loops": 1,
                                "Output": [
                                    "ci.id",
                                    "ci.person_id",
                                    "ci.movie_id",
                                    "ci.person_role_id",
                                    "ci.note",
                                    "ci.nr_order",
                                    "ci.role_id"
                                ],
                                "Index Cond": "(ci.person_id = 2912421)",
                                "Rows Removed by Index Recheck": 0
                            },
                            {
                                "Node Type": "Index Only Scan",
                                "Parent Relationship": "Inner",
                                "Parallel Aware": false,
                                "Scan Direction": "Forward",
                                "Index Name": "title_pkey",
                                "Relation Name": "title",
                                "Schema": "public",
                                "Alias": "t",
                                "Startup Cost": 0.43,
                                "Total Cost": 8.32,
                                "Plan Rows": 1,
                                "Plan Width": 4,
                                "Actual Startup Time": 0.008,
                                "Actual Total Time": 0.008,
                                "Actual Rows": 1,
                                "Actual Loops": 412,
                                "Output": [
                                    "t.id"
                                ],
                                "Index Cond": "(t.id = ci.movie_id)",
                                "Rows Removed by Index Recheck": 0,
                                "Heap Fetches": 412
                            }
                        ]
                    },
                    {
                        "Node Type": "Index Only Scan",
                        "Parent Relationship": "Inner",
                        "Parallel Aware": false,
                        "Scan Direction": "Forward",
                        "Index Name": "movie_id_movie_companies",
                        "Relation Name": "movie_companies",
                        "Schema": "public",
                        "Alias": "mc",
                        "Startup Cost": 0.43,
                        "Total Cost": 0.56,
                        "Plan Rows": 5,
                        "Plan Width": 4,
                        "Actual Startup Time": 0.008,
                        "Actual Total Time": 0.011,
                        "Actual Rows": 3,
                        "Actual Loops": 412,
                        "Output": [
                            "mc.movie_id"
                        ],
                        "Index Cond": "(mc.movie_id = t.id)",
                        "Rows Removed by Index Recheck": 0,
                        "Heap Fetches": 1206
                    }
                ]
            }
        ]
    },
    "Planning Time": 1.614,
    "Triggers": [],
    "Execution Time": 28.832
}