[
  {
    "Plan": {
      "Node Type": "Aggregate",
      "Strategy": "Plain",
      "Partial Mode": "Finalize",
      "Parallel Aware": false,
      "Startup Cost": 92586.22,
      "Total Cost": 92586.23,
      "Plan Rows": 1,
      "Plan Width": 8,
      "Actual Startup Time": 326.788,
      "Actual Total Time": 343.633,
      "Actual Rows": 1,
      "Actual Loops": 1,
      "Plans": [
        {
          "Node Type": "Gather",
          "Parent Relationship": "Outer",
          "Parallel Aware": false,
          "Startup Cost": 92585.9,
          "Total Cost": 92586.21,
          "Plan Rows": 3,
          "Plan Width": 8,
          "Actual Startup Time": 324.131,
          "Actual Total Time": 343.62,
          "Actual Rows": 4,
          "Actual Loops": 1,
          "Workers Planned": 3,
          "Workers Launched": 3,
          "Single Copy": false,
          "Plans": [
            {
              "Node Type": "Aggregate",
              "Strategy": "Plain",
              "Partial Mode": "Partial",
              "Parent Relationship": "Outer",
              "Parallel Aware": false,
              "Startup Cost": 91585.9,
              "Total Cost": 91585.91,
              "Plan Rows": 1,
              "Plan Width": 8,
              "Actual Startup Time": 314.975,
              "Actual Total Time": 314.981,
              "Actual Rows": 1,
              "Actual Loops": 4,
              "Plans": [
                {
                  "Node Type": "Hash Join",
                  "Parent Relationship": "Outer",
                  "Parallel Aware": true,
                  "Join Type": "Inner",
                  "Startup Cost": 48071.5,
                  "Total Cost": 91390.97,
                  "Plan Rows": 77975,
                  "Plan Width": 0,
                  "Actual Startup Time": 177.353,
                  "Actual Total Time": 309.656,
                  "Actual Rows": 130116,
                  "Actual Loops": 4,
                  "Inner Unique": true,
                  "Hash Cond": "(mk.movie_id = t.id)",
                  "Plans": [
                    {
                      "Node Type": "Seq Scan",
                      "Parent Relationship": "Outer",
                      "Parallel Aware": true,
                      "Relation Name": "movie_keyword",
                      "Alias": "mk",
                      "Startup Cost": 0.0,
                      "Total Cost": 42695.65,
                      "Plan Rows": 237644,
                      "Plan Width": 4,
                      "Actual Startup Time": 0.024,
                      "Actual Total Time": 85.894,
                      "Actual Rows": 187044,
                      "Actual Loops": 4,
                      "Filter": "(keyword_id < 680)",
                      "Rows Removed by Filter": 943938
                    },
                    {
                      "Node Type": "Hash",
                      "Parent Relationship": "Inner",
                      "Parallel Aware": true,
                      "Startup Cost": 45479.1,
                      "Total Cost": 45479.1,
                      "Plan Rows": 207392,
                      "Plan Width": 4,
                      "Actual Startup Time": 172.005,
                      "Actual Total Time": 172.006,
                      "Actual Rows": 184499,
                      "Actual Loops": 4,
                      "Hash Buckets": 1048576,
                      "Original Hash Buckets": 1048576,
                      "Hash Batches": 1,
                      "Original Hash Batches": 1,
                      "Peak Memory Usage": 37152,
                      "Plans": [
                        {
                          "Node Type": "Seq Scan",
                          "Parent Relationship": "Outer",
                          "Parallel Aware": true,
                          "Relation Name": "title",
                          "Alias": "t",
                          "Startup Cost": 0.0,
                          "Total Cost": 45479.1,
                          "Plan Rows": 207392,
                          "Plan Width": 4,
                          "Actual Startup Time": 0.04,
                          "Actual Total Time": 104.882,
                          "Actual Rows": 184499,
                          "Actual Loops": 4,
                          "Filter": "((kind_id < 7) AND (production_year > 1968))",
                          "Rows Removed by Filter": 447579
                        }
                      ]
                    }
                  ]
                }
              ]
            }
          ]
        }
      ]
    },
    "Planning Time": 0.613,
    "Triggers": [],
    "Execution Time": 343.71
  }
]