[
  {
    "Plan": {
      "Node Type": "Aggregate",
      "Strategy": "Plain",
      "Partial Mode": "Finalize",
      "Parallel Aware": false,
      "Startup Cost": 92903.63,
      "Total Cost": 92903.64,
      "Plan Rows": 1,
      "Plan Width": 8,
      "Actual Startup Time": 365.635,
      "Actual Total Time": 389.211,
      "Actual Rows": 1,
      "Actual Loops": 1,
      "Plans": [
        {
          "Node Type": "Gather",
          "Parent Relationship": "Outer",
          "Parallel Aware": false,
          "Startup Cost": 92903.31,
          "Total Cost": 92903.62,
          "Plan Rows": 3,
          "Plan Width": 8,
          "Actual Startup Time": 363.471,
          "Actual Total Time": 389.2,
          "Actual Rows": 4,
          "Actual Loops": 1,
          "Workers Planned": 3,
          "Workers Launched": 3,
          "Single Copy": false,
          "Plans": [
            {
              "Node Type": "Aggregate",
              "Strategy": "Plain",
              "Partial Mode": "Partial",
              "Parent Relationship": "Outer",
              "Parallel Aware": false,
              "Startup Cost": 91903.31,
              "Total Cost": 91903.32,
              "Plan Rows": 1,
              "Plan Width": 8,
              "Actual Startup Time": 354.183,
              "Actual Total Time": 354.19,
              "Actual Rows": 1,
              "Actual Loops": 4,
              "Plans": [
                {
                  "Node Type": "Nested Loop",
                  "Parent Relationship": "Outer",
                  "Parallel Aware": false,
                  "Join Type": "Inner",
                  "Startup Cost": 53727.08,
                  "Total Cost": 91876.41,
                  "Plan Rows": 10761,
                  "Plan Width": 0,
                  "Actual Startup Time": 165.359,
                  "Actual Total Time": 349.107,
                  "Actual Rows": 87588,
                  "Actual Loops": 4,
                  "Inner Unique": false,
                  "Join Filter": "(t.id = mc.movie_id)",
                  "Rows Removed by Join Filter": 0,
                  "Plans": [
                    {
                      "Node Type": "Hash Join",
                      "Parent Relationship": "Outer",
                      "Parallel Aware": true,
                      "Join Type": "Inner",
                      "Startup Cost": 53726.65,
                      "Total Cost": 80259.22,
                      "Plan Rows": 13735,
                      "Plan Width": 8,
                      "Actual Startup Time": 165.276,
                      "Actual Total Time": 250.167,
                      "Actual Rows": 17723,
                      "Actual Loops": 4,
                      "Inner Unique": true,
                      "Hash Cond": "(mk.movie_id = t.id)",
                      "Plans": [
                        {
                          "Node Type": "Bitmap Heap Scan",
                          "Parent Relationship": "Outer",
                          "Parallel Aware": true,
                          "Relation Name": "movie_keyword",
                          "Alias": "mk",
                          "Startup Cost": 9038.09,
                          "Total Cost": 35209.91,
                          "Plan Rows": 137426,
                          "Plan Width": 4,
                          "Actual Startup Time": 27.609,
                          "Actual Total Time": 83.492,
                          "Actual Rows": 110633,
                          "Actual Loops": 4,
                          "Recheck Cond": "(keyword_id < 347)",
                          "Rows Removed by Index Recheck": 0,
                          "Exact Heap Blocks": 5877,
                          "Lossy Heap Blocks": 0,
                          "Plans": [
                            {
                              "Node Type": "Bitmap Index Scan",
                              "Parent Relationship": "Outer",
                              "Parallel Aware": false,
                              "Index Name": "keyword_id_movie_keyword",
                              "Startup Cost": 0.0,
                              "Total Cost": 8931.58,
                              "Plan Rows": 426020,
                              "Plan Width": 0,
                              "Actual Startup Time": 23.907,
                              "Actual Total Time": 23.907,
                              "Actual Rows": 442531,
                              "Actual Loops": 1,
                              "Index Cond": "(keyword_id < 347)"
                            }
                          ]
                        },
                        {
                          "Node Type": "Hash",
                          "Parent Relationship": "Inner",
                          "Parallel Aware": true,
                          "Startup Cost": 43898.92,
                          "Total Cost": 43898.92,
                          "Plan Rows": 63172,
                          "Plan Width": 4,
                          "Actual Startup Time": 135.153,
                          "Actual Total Time": 135.156,
                          "Actual Rows": 65898,
                          "Actual Loops": 4,
                          "Hash Buckets": 524288,
                          "Original Hash Buckets": 262144,
                          "Hash Batches": 1,
                          "Original Hash Batches": 1,
                          "Peak Memory Usage": 16544,
                          "Plans": [
                            {
                              "Node Type": "Seq Scan",
                              "Parent Relationship": "Outer",
                              "Parallel Aware": true,
                              "Relation Name": "title",
                              "Alias": "t",
                              "Startup Cost": 0.0,
                              "Total Cost": 43898.92,
                              "Plan Rows": 63172,
                              "Plan Width": 4,
                              "Actual Startup Time": 0.061,
                              "Actual Total Time": 102.369,
                              "Actual Rows": 65898,
                              "Actual Loops": 4,
                              "Filter": "(production_year < 1962)",
                              "Rows Removed by Filter": 566180
                            }
                          ]
                        }
                      ]
                    },
                    {
                      "Node Type": "Index Scan",
                      "Parent Relationship": "Inner",
                      "Parallel Aware": false,
                      "Scan Direction": "Forward",
                      "Index Name": "movie_id_movie_companies",
                      "Relation Name": "movie_companies",
                      "Alias": "mc",
                      "Startup Cost": 0.43,
                      "Total Cost": 0.8,
                      "Plan Rows": 4,
                      "Plan Width": 4,
                      "Actual Startup Time": 0.003,
                      "Actual Total Time": 0.005,
                      "Actual Rows": 5,
                      "Actual Loops": 70892,
                      "Index Cond": "(movie_id = mk.movie_id)",
                      "Rows Removed by Index Recheck": 0,
                      "Filter": "(company_id < 57061)",
                      "Rows Removed by Filter": 0
                    }
                  ]
                }
              ]
            }
          ]
        }
      ]
    },
    "Planning Time": 1.475,
    "Triggers": [],
    "Execution Time": 389.332
  }
]