[
  {
    "Plan": {
      "Node Type": "Aggregate",
      "Strategy": "Plain",
      "Partial Mode": "Finalize",
      "Parallel Aware": false,
      "Startup Cost": 72335.51,
      "Total Cost": 72335.52,
      "Plan Rows": 1,
      "Plan Width": 8,
      "Actual Startup Time": 128.923,
      "Actual Total Time": 148.931,
      "Actual Rows": 1,
      "Actual Loops": 1,
      "Plans": [
        {
          "Node Type": "Gather",
          "Parent Relationship": "Outer",
          "Parallel Aware": false,
          "Startup Cost": 72335.09,
          "Total Cost": 72335.5,
          "Plan Rows": 4,
          "Plan Width": 8,
          "Actual Startup Time": 128.791,
          "Actual Total Time": 148.923,
          "Actual Rows": 5,
          "Actual Loops": 1,
          "Workers Planned": 4,
          "Workers Launched": 4,
          "Single Copy": false,
          "Plans": [
            {
              "Node Type": "Aggregate",
              "Strategy": "Plain",
              "Partial Mode": "Partial",
              "Parent Relationship": "Outer",
              "Parallel Aware": false,
              "Startup Cost": 71335.09,
              "Total Cost": 71335.1,
              "Plan Rows": 1,
              "Plan Width": 8,
              "Actual Startup Time": 119.822,
              "Actual Total Time": 119.824,
              "Actual Rows": 1,
              "Actual Loops": 5,
              "Plans": [
                {
                  "Node Type": "Nested Loop",
                  "Parent Relationship": "Outer",
                  "Parallel Aware": false,
                  "Join Type": "Inner",
                  "Startup Cost": 0.99,
                  "Total Cost": 71330.17,
                  "Plan Rows": 1966,
                  "Plan Width": 0,
                  "Actual Startup Time": 2.045,
                  "Actual Total Time": 119.691,
                  "Actual Rows": 1074,
                  "Actual Loops": 5,
                  "Inner Unique": false,
                  "Join Filter": "(t.id = ci.movie_id)",
                  "Rows Removed by Join Filter": 0,
                  "Plans": [
                    {
                      "Node Type": "Nested Loop",
                      "Parent Relationship": "Outer",
                      "Parallel Aware": false,
                      "Join Type": "Inner",
                      "Startup Cost": 0.43,
                      "Total Cost": 68550.77,
                      "Plan Rows": 1048,
                      "Plan Width": 8,
                      "Actual Startup Time": 0.838,
                      "Actual Total Time": 76.961,
                      "Actual Rows": 649,
                      "Actual Loops": 5,
                      "Inner Unique": false,
                      "Plans": [
                        {
                          "Node Type": "Seq Scan",
                          "Parent Relationship": "Outer",
                          "Parallel Aware": true,
                          "Relation Name": "title",
                          "Alias": "t",
                          "Startup Cost": 0.0,
                          "Total Cost": 45479.1,
                          "Plan Rows": 2062,
                          "Plan Width": 4,
                          "Actual Startup Time": 0.183,
                          "Actual Total Time": 66.832,
                          "Actual Rows": 1620,
                          "Actual Loops": 5,
                          "Filter": "((kind_id = 7) AND (production_year = 1978))",
                          "Rows Removed by Filter": 504043
                        },
                        {
                          "Node Type": "Index Scan",
                          "Parent Relationship": "Inner",
                          "Parallel Aware": false,
                          "Scan Direction": "Forward",
                          "Index Name": "movie_id_movie_companies",
                          "Relation Name": "movie_companies",
                          "Alias": "mc",
                          "Startup Cost": 0.43,
                          "Total Cost": 11.16,
                          "Plan Rows": 3,
                          "Plan Width": 4,
                          "Actual Startup Time": 0.005,
                          "Actual Total Time": 0.006,
                          "Actual Rows": 0,
                          "Actual Loops": 8098,
                          "Index Cond": "(movie_id = t.id)",
                          "Rows Removed by Index Recheck": 0,
                          "Filter": "(company_type_id < 2)",
                          "Rows Removed by Filter": 0
                        }
                      ]
                    },
                    {
                      "Node Type": "Index Scan",
                      "Parent Relationship": "Inner",
                      "Parallel Aware": false,
                      "Scan Direction": "Forward",
                      "Index Name": "movie_id_cast_info",
                      "Relation Name": "cast_info",
                      "Alias": "ci",
                      "Startup Cost": 0.56,
                      "Total Cost": 2.59,
                      "Plan Rows": 5,
                      "Plan Width": 4,
                      "Actual Startup Time": 0.051,
                      "Actual Total Time": 0.065,
                      "Actual Rows": 2,
                      "Actual Loops": 3244,
                      "Index Cond": "(movie_id = mc.movie_id)",
                      "Rows Removed by Index Recheck": 0,
                      "Filter": "((person_id < 719444) AND (role_id > 1))",
                      "Rows Removed by Filter": 22
                    }
                  ]
                }
              ]
            }
          ]
        }
      ]
    },
    "Planning Time": 1.507,
    "Triggers": [],
    "Execution Time": 149.024
  }
]