[
  {
    "Plan": {
      "Node Type": "Aggregate",
      "Strategy": "Plain",
      "Partial Mode": "Finalize",
      "Parallel Aware": false,
      "Startup Cost": 45851.37,
      "Total Cost": 45851.38,
      "Plan Rows": 1,
      "Plan Width": 8,
      "Actual Startup Time": 167.394,
      "Actual Total Time": 177.51,
      "Actual Rows": 1,
      "Actual Loops": 1,
      "Plans": [
        {
          "Node Type": "Gather",
          "Parent Relationship": "Outer",
          "Parallel Aware": false,
          "Startup Cost": 45851.05,
          "Total Cost": 45851.36,
          "Plan Rows": 3,
          "Plan Width": 8,
          "Actual Startup Time": 167.301,
          "Actual Total Time": 177.5,
          "Actual Rows": 4,
          "Actual Loops": 1,
          "Workers Planned": 3,
          "Workers Launched": 3,
          "Single Copy": false,
          "Plans": [
            {
              "Node Type": "Aggregate",
              "Strategy": "Plain",
              "Partial Mode": "Partial",
              "Parent Relationship": "Outer",
              "Parallel Aware": false,
              "Startup Cost": 44851.05,
              "Total Cost": 44851.06,
              "Plan Rows": 1,
              "Plan Width": 8,
              "Actual Startup Time": 159.87,
              "Actual Total Time": 159.872,
              "Actual Rows": 1,
              "Actual Loops": 4,
              "Plans": [
                {
                  "Node Type": "Seq Scan",
                  "Parent Relationship": "Outer",
                  "Parallel Aware": true,
                  "Relation Name": "movie_keyword",
                  "Alias": "mk",
                  "Startup Cost": 0.0,
                  "Total Cost": 42695.65,
                  "Plan Rows": 862160,
                  "Plan Width": 0,
                  "Actual Startup Time": 0.496,
                  "Actual Total Time": 126.937,
                  "Actual Rows": 665988,
                  "Actual Loops": 4,
                  "Filter": "(keyword_id > 3107)",
                  "Rows Removed by Filter": 464994
                }
              ]
            }
          ]
        }
      ]
    },
    "Planning Time": 0.191,
    "Triggers": [],
    "Execution Time": 177.569
  }
]