[
  {
    "Plan": {
      "Node Type": "Aggregate",
      "Strategy": "Plain",
      "Partial Mode": "Finalize",
      "Parallel Aware": false,
      "Startup Cost": 119385.93,
      "Total Cost": 119385.94,
      "Plan Rows": 1,
      "Plan Width": 8,
      "Actual Startup Time": 201.273,
      "Actual Total Time": 218.364,
      "Actual Rows": 1,
      "Actual Loops": 1,
      "Plans": [
        {
          "Node Type": "Gather",
          "Parent Relationship": "Outer",
          "Parallel Aware": false,
          "Startup Cost": 119385.41,
          "Total Cost": 119385.92,
          "Plan Rows": 5,
          "Plan Width": 8,
          "Actual Startup Time": 201.12,
          "Actual Total Time": 218.352,
          "Actual Rows": 6,
          "Actual Loops": 1,
          "Workers Planned": 5,
          "Workers Launched": 5,
          "Single Copy": false,
          "Plans": [
            {
              "Node Type": "Aggregate",
              "Strategy": "Plain",
              "Partial Mode": "Partial",
              "Parent Relationship": "Outer",
              "Parallel Aware": false,
              "Startup Cost": 118385.41,
              "Total Cost": 118385.42,
              "Plan Rows": 1,
              "Plan Width": 8,
              "Actual Startup Time": 194.657,
              "Actual Total Time": 194.659,
              "Actual Rows": 1,
              "Actual Loops": 6,
              "Plans": [
                {
                  "Node Type": "Index Scan",
                  "Parent Relationship": "Outer",
                  "Parallel Aware": true,
                  "Scan Direction": "Forward",
                  "Index Name": "role_id_cast_info",
                  "Relation Name": "cast_info",
                  "Alias": "ci",
                  "Startup Cost": 0.56,
                  "Total Cost": 118067.1,
                  "Plan Rows": 127321,
                  "Plan Width": 0,
                  "Actual Startup Time": 0.092,
                  "Actual Total Time": 172.278,
                  "Actual Rows": 425267,
                  "Actual Loops": 6,
                  "Index Cond": "(role_id = 10)",
                  "Rows Removed by Index Recheck": 0,
                  "Filter": "(person_id > 3133176)",
                  "Rows Removed by Filter": 295236
                }
              ]
            }
          ]
        }
      ]
    },
    "Planning Time": 0.135,
    "Triggers": [],
    "Execution Time": 218.413
  }
]