{
  "Plan": {
    "Node Type": "Aggregate",
    "Strategy": "Plain",
    "Partial Mode": "Simple",
    "Parallel Aware": false,
    "Startup Cost": 220824.42,
    "Total Cost": 220824.43,
    "Plan Rows": 1,
    "Plan Width": 8,
    "Actual Startup Time": 2157.731,
    "Actual Total Time": 2157.735,
    "Actual Rows": 1,
    "Actual Loops": 1,
    "Plans": [
      {
        "Node Type": "Hash Join",
        "Parent Relationship": "Outer",
        "Parallel Aware": false,
        "Join Type": "Inner",
        "Startup Cost": 219756.01,
        "Total Cost": 220822.93,
        "Plan Rows": 596,
        "Plan Width": 0,
        "Actual Startup Time": 2156.052,
        "Actual Total Time": 2157.726,
        "Actual Rows": 38,
        "Actual Loops": 1,
        "Inner Unique": false,
        "Hash Cond": "(ci.movie_id = t.id)",
        "Plans": [
          {
            "Node Type": "Index Scan",
            "Parent Relationship": "Outer",
            "Parallel Aware": false,
            "Scan Direction": "Forward",
            "Index Name": "person_id_cast_info",
            "Relation Name": "cast_info",
            "Alias": "ci",
            "Startup Cost": 0.56,
            "Total Cost": 1058.43,
            "Plan Rows": 497,
            "Plan Width": 4,
            "Actual Startup Time": 0.739,
            "Actual Total Time": 1.688,
            "Actual Rows": 2708,
            "Actual Loops": 1,
            "Index Cond": "(person_id = 2069223)",
            "Rows Removed by Index Recheck": 0
          },
          {
            "Node Type": "Hash",
            "Parent Relationship": "Inner",
            "Parallel Aware": false,
            "Startup Cost": 181848.24,
            "Total Cost": 181848.24,
            "Plan Rows": 3032576,
            "Plan Width": 8,
            "Actual Startup Time": 2148.861,
            "Actual Total Time": 2148.863,
            "Actual Rows": 3018123,
            "Actual Loops": 1,
            "Hash Buckets": 4194304,
            "Original Hash Buckets": 4194304,
            "Hash Batches": 1,
            "Original Hash Batches": 1,
            "Peak Memory Usage": 150664,
            "Plans": [
              {
                "Node Type": "Hash Join",
                "Parent Relationship": "Outer",
                "Parallel Aware": false,
                "Join Type": "Inner",
                "Startup Cost": 92884.59,
                "Total Cost": 181848.24,
                "Plan Rows": 3032576,
                "Plan Width": 8,
                "Actual Startup Time": 829.103,
                "Actual Total Time": 1729.079,
                "Actual Rows": 3018123,
                "Actual Loops": 1,
                "Inner Unique": true,
                "Hash Cond": "(mk.movie_id = t.id)",
                "Plans": [
                  {
                    "Node Type": "Seq Scan",
                    "Parent Relationship": "Outer",
                    "Parallel Aware": false,
                    "Relation Name": "movie_keyword",
                    "Alias": "mk",
                    "Startup Cost": 0.0,
                    "Total Cost": 81003.12,
                    "Plan Rows": 3032576,
                    "Plan Width": 4,
                    "Actual Startup Time": 1.011,
                    "Actual Total Time": 389.758,
                    "Actual Rows": 3018123,
                    "Actual Loops": 1,
                    "Filter": "(keyword_id > 2172)",
                    "Rows Removed by Filter": 1505807
                  },
                  {
                    "Node Type": "Hash",
                    "Parent Relationship": "Inner",
                    "Parallel Aware": false,
                    "Startup Cost": 61280.93,
                    "Total Cost": 61280.93,
                    "Plan Rows": 2528293,
                    "Plan Width": 4,
                    "Actual Startup Time": 798.994,
                    "Actual Total Time": 798.995,
                    "Actual Rows": 2528312,
                    "Actual Loops": 1,
                    "Hash Buckets": 4194304,
                    "Original Hash Buckets": 4194304,
                    "Hash Batches": 1,
                    "Original Hash Batches": 1,
                    "Peak Memory Usage": 121654,
                    "Plans": [
                      {
                        "Node Type": "Seq Scan",
                        "Parent Relationship": "Outer",
                        "Parallel Aware": false,
                        "Relation Name": "title",
                        "Alias": "t",
                        "Startup Cost": 0.0,
                        "Total Cost": 61280.93,
                        "Plan Rows": 2528293,
                        "Plan Width": 4,
                        "Actual Startup Time": 0.016,
                        "Actual Total Time": 263.632,
                        "Actual Rows": 2528312,
                        "Actual Loops": 1
                      }
                    ]
                  }
                ]
              }
            ]
          }
        ]
      }
    ]
  },
  "Planning Time": 0.932,
  "Triggers": [],
  "Execution Time": 2174.901
}