[
  {
    "Plan": {
      "Node Type": "Aggregate",
      "Strategy": "Plain",
      "Partial Mode": "Finalize",
      "Parallel Aware": false,
      "Startup Cost": 342953.57,
      "Total Cost": 342953.58,
      "Plan Rows": 1,
      "Plan Width": 8,
      "Actual Startup Time": 835.954,
      "Actual Total Time": 892.835,
      "Actual Rows": 1,
      "Actual Loops": 1,
      "Plans": [
        {
          "Node Type": "Gather",
          "Parent Relationship": "Outer",
          "Parallel Aware": false,
          "Startup Cost": 342952.94,
          "Total Cost": 342953.55,
          "Plan Rows": 6,
          "Plan Width": 8,
          "Actual Startup Time": 835.824,
          "Actual Total Time": 892.824,
          "Actual Rows": 7,
          "Actual Loops": 1,
          "Workers Planned": 6,
          "Workers Launched": 6,
          "Single Copy": false,
          "Plans": [
            {
              "Node Type": "Aggregate",
              "Strategy": "Plain",
              "Partial Mode": "Partial",
              "Parent Relationship": "Outer",
              "Parallel Aware": false,
              "Startup Cost": 341952.94,
              "Total Cost": 341952.95,
              "Plan Rows": 1,
              "Plan Width": 8,
              "Actual Startup Time": 827.669,
              "Actual Total Time": 827.671,
              "Actual Rows": 1,
              "Actual Loops": 7,
              "Plans": [
                {
                  "Node Type": "Seq Scan",
                  "Parent Relationship": "Outer",
                  "Parallel Aware": true,
                  "Relation Name": "cast_info",
                  "Alias": "ci",
                  "Startup Cost": 0.0,
                  "Total Cost": 328162.03,
                  "Plan Rows": 5516366,
                  "Plan Width": 0,
                  "Actual Startup Time": 46.011,
                  "Actual Total Time": 634.698,
                  "Actual Rows": 4720170,
                  "Actual Loops": 7,
                  "Filter": "(person_id > 309851)",
                  "Rows Removed by Filter": 457593
                }
              ]
            }
          ]
        }
      ]
    },
    "Planning Time": 0.207,
    "Triggers": [],
    "Execution Time": 892.911
  }
]