[
  {
    "Plan": {
      "Node Type": "Aggregate",
      "Strategy": "Plain",
      "Partial Mode": "Finalize",
      "Parallel Aware": false,
      "Startup Cost": 326681.58,
      "Total Cost": 326681.59,
      "Plan Rows": 1,
      "Plan Width": 8,
      "Actual Startup Time": 1536.215,
      "Actual Total Time": 1647.664,
      "Actual Rows": 1,
      "Actual Loops": 1,
      "Plans": [
        {
          "Node Type": "Gather",
          "Parent Relationship": "Outer",
          "Parallel Aware": false,
          "Startup Cost": 326681.06,
          "Total Cost": 326681.57,
          "Plan Rows": 5,
          "Plan Width": 8,
          "Actual Startup Time": 1535.357,
          "Actual Total Time": 1647.645,
          "Actual Rows": 6,
          "Actual Loops": 1,
          "Workers Planned": 5,
          "Workers Launched": 5,
          "Single Copy": false,
          "Plans": [
            {
              "Node Type": "Aggregate",
              "Strategy": "Plain",
              "Partial Mode": "Partial",
              "Parent Relationship": "Outer",
              "Parallel Aware": false,
              "Startup Cost": 325681.06,
              "Total Cost": 325681.07,
              "Plan Rows": 1,
              "Plan Width": 8,
              "Actual Startup Time": 1524.4,
              "Actual Total Time": 1524.404,
              "Actual Rows": 1,
              "Actual Loops": 6,
              "Plans": [
                {
                  "Node Type": "Nested Loop",
                  "Parent Relationship": "Outer",
                  "Parallel Aware": false,
                  "Join Type": "Inner",
                  "Startup Cost": 44114.64,
                  "Total Cost": 325266.78,
                  "Plan Rows": 165711,
                  "Plan Width": 0,
                  "Actual Startup Time": 103.815,
                  "Actual Total Time": 1511.049,
                  "Actual Rows": 259515,
                  "Actual Loops": 6,
                  "Inner Unique": false,
                  "Join Filter": "(t.id = ci.movie_id)",
                  "Rows Removed by Join Filter": 0,
                  "Plans": [
                    {
                      "Node Type": "Hash Join",
                      "Parent Relationship": "Outer",
                      "Parallel Aware": true,
                      "Join Type": "Inner",
                      "Startup Cost": 44114.08,
                      "Total Cost": 247769.16,
                      "Plan Rows": 48789,
                      "Plan Width": 8,
                      "Actual Startup Time": 103.408,
                      "Actual Total Time": 563.672,
                      "Actual Rows": 27372,
                      "Actual Loops": 6,
                      "Inner Unique": true,
                      "Hash Cond": "(mi.movie_id = t.id)",
                      "Plans": [
                        {
                          "Node Type": "Seq Scan",
                          "Parent Relationship": "Outer",
                          "Parallel Aware": true,
                          "Relation Name": "movie_info",
                          "Alias": "mi",
                          "Startup Cost": 0.0,
                          "Total Cost": 198952.16,
                          "Plan Rows": 1791583,
                          "Plan Width": 4,
                          "Actual Startup Time": 16.701,
                          "Actual Total Time": 315.848,
                          "Actual Rows": 1491793,
                          "Actual Loops": 6,
                          "Filter": "(info_type_id > 6)",
                          "Rows Removed by Filter": 980827
                        },
                        {
                          "Node Type": "Hash",
                          "Parent Relationship": "Inner",
                          "Parallel Aware": true,
                          "Startup Cost": 43898.92,
                          "Total Cost": 43898.92,
                          "Plan Rows": 17213,
                          "Plan Width": 4,
                          "Actual Startup Time": 85.055,
                          "Actual Total Time": 85.056,
                          "Actual Rows": 11224,
                          "Actual Loops": 6,
                          "Hash Buckets": 131072,
                          "Original Hash Buckets": 131072,
                          "Hash Batches": 1,
                          "Original Hash Batches": 1,
                          "Peak Memory Usage": 3744,
                          "Plans": [
                            {
                              "Node Type": "Seq Scan",
                              "Parent Relationship": "Outer",
                              "Parallel Aware": true,
                              "Relation Name": "title",
                              "Alias": "t",
                              "Startup Cost": 0.0,
                              "Total Cost": 43898.92,
                              "Plan Rows": 17213,
                              "Plan Width": 4,
                              "Actual Startup Time": 0.054,
                              "Actual Total Time": 78.935,
                              "Actual Rows": 11224,
                              "Actual Loops": 6,
                              "Filter": "(production_year > 2012)",
                              "Rows Removed by Filter": 410162
                            }
                          ]
                        }
                      ]
                    },
                    {
                      "Node Type": "Index Scan",
                      "Parent Relationship": "Inner",
                      "Parallel Aware": false,
                      "Scan Direction": "Forward",
                      "Index Name": "movie_id_cast_info",
                      "Relation Name": "cast_info",
                      "Alias": "ci",
                      "Startup Cost": 0.56,
                      "Total Cost": 1.48,
                      "Plan Rows": 9,
                      "Plan Width": 4,
                      "Actual Startup Time": 0.026,
                      "Actual Total Time": 0.033,
                      "Actual Rows": 9,
                      "Actual Loops": 164229,
                      "Index Cond": "(movie_id = mi.movie_id)",
                      "Rows Removed by Index Recheck": 0,
                      "Filter": "(role_id > 5)",
                      "Rows Removed by Filter": 20
                    }
                  ]
                }
              ]
            }
          ]
        }
      ]
    },
    "Planning Time": 1.432,
    "Triggers": [],
    "Execution Time": 1647.78
  }
]