[
  {
    "Plan": {
      "Node Type": "Aggregate",
      "Strategy": "Plain",
      "Partial Mode": "Finalize",
      "Parallel Aware": false,
      "Startup Cost": 25062.59,
      "Total Cost": 25062.6,
      "Plan Rows": 1,
      "Plan Width": 8,
      "Actual Startup Time": 28.905,
      "Actual Total Time": 31.612,
      "Actual Rows": 1,
      "Actual Loops": 1,
      "Plans": [
        {
          "Node Type": "Gather",
          "Parent Relationship": "Outer",
          "Parallel Aware": false,
          "Startup Cost": 25062.27,
          "Total Cost": 25062.58,
          "Plan Rows": 3,
          "Plan Width": 8,
          "Actual Startup Time": 28.773,
          "Actual Total Time": 31.605,
          "Actual Rows": 4,
          "Actual Loops": 1,
          "Workers Planned": 3,
          "Workers Launched": 3,
          "Single Copy": false,
          "Plans": [
            {
              "Node Type": "Aggregate",
              "Strategy": "Plain",
              "Partial Mode": "Partial",
              "Parent Relationship": "Outer",
              "Parallel Aware": false,
              "Startup Cost": 24062.27,
              "Total Cost": 24062.28,
              "Plan Rows": 1,
              "Plan Width": 8,
              "Actual Startup Time": 24.582,
              "Actual Total Time": 24.583,
              "Actual Rows": 1,
              "Actual Loops": 4,
              "Plans": [
                {
                  "Node Type": "Bitmap Heap Scan",
                  "Parent Relationship": "Outer",
                  "Parallel Aware": true,
                  "Relation Name": "movie_companies",
                  "Alias": "mc",
                  "Startup Cost": 4309.87,
                  "Total Cost": 23901.87,
                  "Plan Rows": 64160,
                  "Plan Width": 0,
                  "Actual Startup Time": 5.262,
                  "Actual Total Time": 21.926,
                  "Actual Rows": 50614,
                  "Actual Loops": 4,
                  "Recheck Cond": "(company_id > 112695)",
                  "Rows Removed by Index Recheck": 0,
                  "Exact Heap Blocks": 1935,
                  "Lossy Heap Blocks": 0,
                  "Plans": [
                    {
                      "Node Type": "Bitmap Index Scan",
                      "Parent Relationship": "Outer",
                      "Parallel Aware": false,
                      "Index Name": "company_id_movie_companies",
                      "Startup Cost": 0.0,
                      "Total Cost": 4260.15,
                      "Plan Rows": 198896,
                      "Plan Width": 0,
                      "Actual Startup Time": 8.4,
                      "Actual Total Time": 8.401,
                      "Actual Rows": 202454,
                      "Actual Loops": 1,
                      "Index Cond": "(company_id > 112695)"
                    }
                  ]
                }
              ]
            }
          ]
        }
      ]
    },
    "Planning Time": 0.073,
    "Triggers": [],
    "Execution Time": 31.655
  }
]