[
  {
    "Plan": {
      "Node Type": "Aggregate",
      "Strategy": "Plain",
      "Partial Mode": "Finalize",
      "Parallel Aware": false,
      "Startup Cost": 25303.42,
      "Total Cost": 25303.43,
      "Plan Rows": 1,
      "Plan Width": 8,
      "Actual Startup Time": 54.687,
      "Actual Total Time": 58.472,
      "Actual Rows": 1,
      "Actual Loops": 1,
      "Plans": [
        {
          "Node Type": "Gather",
          "Parent Relationship": "Outer",
          "Parallel Aware": false,
          "Startup Cost": 25303.11,
          "Total Cost": 25303.42,
          "Plan Rows": 3,
          "Plan Width": 8,
          "Actual Startup Time": 54.496,
          "Actual Total Time": 58.466,
          "Actual Rows": 4,
          "Actual Loops": 1,
          "Workers Planned": 3,
          "Workers Launched": 3,
          "Single Copy": false,
          "Plans": [
            {
              "Node Type": "Aggregate",
              "Strategy": "Plain",
              "Partial Mode": "Partial",
              "Parent Relationship": "Outer",
              "Parallel Aware": false,
              "Startup Cost": 24303.11,
              "Total Cost": 24303.12,
              "Plan Rows": 1,
              "Plan Width": 8,
              "Actual Startup Time": 47.135,
              "Actual Total Time": 47.136,
              "Actual Rows": 1,
              "Actual Loops": 4,
              "Plans": [
                {
                  "Node Type": "Bitmap Heap Scan",
                  "Parent Relationship": "Outer",
                  "Parallel Aware": true,
                  "Relation Name": "movie_companies",
                  "Alias": "mc",
                  "Startup Cost": 4507.34,
                  "Total Cost": 24135.48,
                  "Plan Rows": 67051,
                  "Plan Width": 0,
                  "Actual Startup Time": 14.318,
                  "Actual Total Time": 42.889,
                  "Actual Rows": 50614,
                  "Actual Loops": 4,
                  "Recheck Cond": "(company_id > 112695)",
                  "Rows Removed by Index Recheck": 0,
                  "Exact Heap Blocks": 2558,
                  "Lossy Heap Blocks": 0,
                  "Plans": [
                    {
                      "Node Type": "Bitmap Index Scan",
                      "Parent Relationship": "Outer",
                      "Parallel Aware": false,
                      "Index Name": "company_id_movie_companies",
                      "Startup Cost": 0.0,
                      "Total Cost": 4455.37,
                      "Plan Rows": 207859,
                      "Plan Width": 0,
                      "Actual Startup Time": 19.611,
                      "Actual Total Time": 19.611,
                      "Actual Rows": 202454,
                      "Actual Loops": 1,
                      "Index Cond": "(company_id > 112695)"
                    }
                  ]
                }
              ]
            }
          ]
        }
      ]
    },
    "Planning Time": 0.121,
    "Triggers": [],
    "Execution Time": 58.521
  }
]