[
  {
    "Plan": {
      "Node Type": "Aggregate",
      "Strategy": "Plain",
      "Partial Mode": "Simple",
      "Parallel Aware": false,
      "Startup Cost": 42747.51,
      "Total Cost": 42747.52,
      "Plan Rows": 1,
      "Plan Width": 64,
      "Actual Startup Time": 597.238,
      "Actual Total Time": 674.212,
      "Actual Rows": 1,
      "Actual Loops": 1,
      "Plans": [
        {
          "Node Type": "Gather",
          "Parent Relationship": "Outer",
          "Parallel Aware": false,
          "Startup Cost": 5741.71,
          "Total Cost": 42747.5,
          "Plan Rows": 3,
          "Plan Width": 33,
          "Actual Startup Time": 597.11,
          "Actual Total Time": 674.199,
          "Actual Rows": 1,
          "Actual Loops": 1,
          "Workers Planned": 3,
          "Workers Launched": 3,
          "Single Copy": false,
          "Plans": [
            {
              "Node Type": "Nested Loop",
              "Parent Relationship": "Outer",
              "Parallel Aware": false,
              "Join Type": "Inner",
              "Startup Cost": 4741.71,
              "Total Cost": 41747.2,
              "Plan Rows": 1,
              "Plan Width": 33,
              "Actual Startup Time": 445.71,
              "Actual Total Time": 586.815,
              "Actual Rows": 0,
              "Actual Loops": 4,
              "Inner Unique": true,
              "Plans": [
                {
                  "Node Type": "Nested Loop",
                  "Parent Relationship": "Outer",
                  "Parallel Aware": false,
                  "Join Type": "Inner",
                  "Startup Cost": 4741.57,
                  "Total Cost": 41747.01,
                  "Plan Rows": 1,
                  "Plan Width": 37,
                  "Actual Startup Time": 445.687,
                  "Actual Total Time": 586.792,
                  "Actual Rows": 0,
                  "Actual Loops": 4,
                  "Inner Unique": true,
                  "Plans": [
                    {
                      "Node Type": "Nested Loop",
                      "Parent Relationship": "Outer",
                      "Parallel Aware": false,
                      "Join Type": "Inner",
                      "Startup Cost": 4741.44,
                      "Total Cost": 41746.86,
                      "Plan Rows": 1,
                      "Plan Width": 41,
                      "Actual Startup Time": 445.672,
                      "Actual Total Time": 586.776,
                      "Actual Rows": 0,
                      "Actual Loops": 4,
                      "Inner Unique": true,
                      "Plans": [
                        {
                          "Node Type": "Nested Loop",
                          "Parent Relationship": "Outer",
                          "Parallel Aware": false,
                          "Join Type": "Inner",
                          "Startup Cost": 4741.01,
                          "Total Cost": 41738.51,
                          "Plan Rows": 1,
                          "Plan Width": 29,
                          "Actual Startup Time": 445.633,
                          "Actual Total Time": 586.735,
                          "Actual Rows": 0,
                          "Actual Loops": 4,
                          "Inner Unique": false,
                          "Join Filter": "(t.id = ci.movie_id)",
                          "Rows Removed by Join Filter": 0,
                          "Plans": [
                            {
                              "Node Type": "Nested Loop",
                              "Parent Relationship": "Outer",
                              "Parallel Aware": false,
                              "Join Type": "Inner",
                              "Startup Cost": 4740.45,
                              "Total Cost": 38479.66,
                              "Plan Rows": 1748,
                              "Plan Width": 29,
                              "Actual Startup Time": 19.585,
                              "Actual Total Time": 248.185,
                              "Actual Rows": 3083,
                              "Actual Loops": 4,
                              "Inner Unique": true,
                              "Plans": [
                                {
                                  "Node Type": "Hash Join",
                                  "Parent Relationship": "Outer",
                                  "Parallel Aware": true,
                                  "Join Type": "Inner",
                                  "Startup Cost": 4740.02,
                                  "Total Cost": 34155.95,
                                  "Plan Rows": 8331,
                                  "Plan Width": 8,
                                  "Actual Startup Time": 18.944,
                                  "Actual Total Time": 168.512,
                                  "Actual Rows": 14102,
                                  "Actual Loops": 4,
                                  "Inner Unique": true,
                                  "Hash Cond": "(mc.company_id = cn.id)",
                                  "Plans": [
                                    {
                                      "Node Type": "Seq Scan",
                                      "Parent Relationship": "Outer",
                                      "Parallel Aware": true,
                                      "Relation Name": "movie_companies",
                                      "Alias": "mc",
                                      "Startup Cost": 0.0,
                                      "Total Cost": 27206.55,
                                      "Plan Rows": 841655,
                                      "Plan Width": 12,
                                      "Actual Startup Time": 0.026,
                                      "Actual Total Time": 71.08,
                                      "Actual Rows": 652282,
                                      "Actual Loops": 4
                                    },
                                    {
                                      "Node Type": "Hash",
                                      "Parent Relationship": "Inner",
                                      "Parallel Aware": true,
                                      "Startup Cost": 4722.92,
                                      "Total Cost": 4722.92,
                                      "Plan Rows": 1368,
                                      "Plan Width": 4,
                                      "Actual Startup Time": 17.806,
                                      "Actual Total Time": 17.807,
                                      "Actual Rows": 585,
                                      "Actual Loops": 4,
                                      "Hash Buckets": 4096,
                                      "Original Hash Buckets": 4096,
                                      "Hash Batches": 1,
                                      "Original Hash Batches": 1,
                                      "Peak Memory Usage": 192,
                                      "Plans": [
                                        {
                                          "Node Type": "Seq Scan",
                                          "Parent Relationship": "Outer",
                                          "Parallel Aware": true,
                                          "Relation Name": "company_name",
                                          "Alias": "cn",
                                          "Startup Cost": 0.0,
                                          "Total Cost": 4722.92,
                                          "Plan Rows": 1368,
                                          "Plan Width": 4,
                                          "Actual Startup Time": 0.068,
                                          "Actual Total Time": 17.247,
                                          "Actual Rows": 585,
                                          "Actual Loops": 4,
                                          "Filter": "((country_code)::text = '[nl]'::text)",
                                          "Rows Removed by Filter": 58164
                                        }
                                      ]
                                    }
                                  ]
                                },
                                {
                                  "Node Type": "Index Scan",
                                  "Parent Relationship": "Inner",
                                  "Parallel Aware": false,
                                  "Scan Direction": "Forward",
                                  "Index Name": "title_pkey",
                                  "Relation Name": "title",
                                  "Alias": "t",
                                  "Startup Cost": 0.43,
                                  "Total Cost": 0.52,
                                  "Plan Rows": 1,
                                  "Plan Width": 21,
                                  "Actual Startup Time": 0.005,
                                  "Actual Total Time": 0.005,
                                  "Actual Rows": 0,
                                  "Actual Loops": 56410,
                                  "Index Cond": "(id = mc.movie_id)",
                                  "Rows Removed by Index Recheck": 0,
                                  "Filter": "(production_year > 2009)",
                                  "Rows Removed by Filter": 1
                                }
                              ]
                            },
                            {
                              "Node Type": "Index Scan",
                              "Parent Relationship": "Inner",
                              "Parallel Aware": false,
                              "Scan Direction": "Forward",
                              "Index Name": "movie_id_cast_info",
                              "Relation Name": "cast_info",
                              "Alias": "ci",
                              "Startup Cost": 0.56,
                              "Total Cost": 1.85,
                              "Plan Rows": 1,
                              "Plan Width": 12,
                              "Actual Startup Time": 0.109,
                              "Actual Total Time": 0.109,
                              "Actual Rows": 0,
                              "Actual Loops": 12332,
                              "Index Cond": "(movie_id = mc.movie_id)",
                              "Rows Removed by Index Recheck": 0,
                              "Filter": "(note ~~ '%Rylan)%'::text)",
                              "Rows Removed by Filter": 65
                            }
                          ]
                        },
                        {
                          "Node Type": "Index Scan",
                          "Parent Relationship": "Inner",
                          "Parallel Aware": false,
                          "Scan Direction": "Forward",
                          "Index Name": "char_name_pkey",
                          "Relation Name": "char_name",
                          "Alias": "chn",
                          "Startup Cost": 0.43,
                          "Total Cost": 8.35,
                          "Plan Rows": 1,
                          "Plan Width": 20,
                          "Actual Startup Time": 0.152,
                          "Actual Total Time": 0.152,
                          "Actual Rows": 1,
                          "Actual Loops": 1,
                          "Index Cond": "(id = ci.person_role_id)",
                          "Rows Removed by Index Recheck": 0
                        }
                      ]
                    },
                    {
                      "Node Type": "Index Only Scan",
                      "Parent Relationship": "Inner",
                      "Parallel Aware": false,
                      "Scan Direction": "Forward",
                      "Index Name": "company_type_pkey",
                      "Relation Name": "company_type",
                      "Alias": "ct",
                      "Startup Cost": 0.13,
                      "Total Cost": 0.15,
                      "Plan Rows": 1,
                      "Plan Width": 4,
                      "Actual Startup Time": 0.056,
                      "Actual Total Time": 0.056,
                      "Actual Rows": 1,
                      "Actual Loops": 1,
                      "Index Cond": "(id = mc.company_type_id)",
                      "Rows Removed by Index Recheck": 0,
                      "Heap Fetches": 1
                    }
                  ]
                },
                {
                  "Node Type": "Index Only Scan",
                  "Parent Relationship": "Inner",
                  "Parallel Aware": false,
                  "Scan Direction": "Forward",
                  "Index Name": "role_type_pkey",
                  "Relation Name": "role_type",
                  "Alias": "rt",
                  "Startup Cost": 0.14,
                  "Total Cost": 0.18,
                  "Plan Rows": 1,
                  "Plan Width": 4,
                  "Actual Startup Time": 0.081,
                  "Actual Total Time": 0.081,
                  "Actual Rows": 1,
                  "Actual Loops": 1,
                  "Index Cond": "(id = ci.role_id)",
                  "Rows Removed by Index Recheck": 0,
                  "Heap Fetches": 1
                }
              ]
            }
          ]
        }
      ]
    },
    "Planning Time": 12.209,
    "Triggers": [],
    "Execution Time": 674.736
  }
]