[
  {
    "Plan": {
      "Node Type": "Aggregate",
      "Strategy": "Plain",
      "Partial Mode": "Finalize",
      "Parallel Aware": false,
      "Startup Cost": 341231.86,
      "Total Cost": 341231.87,
      "Plan Rows": 1,
      "Plan Width": 8,
      "Actual Startup Time": 789.858,
      "Actual Total Time": 854.008,
      "Actual Rows": 1,
      "Actual Loops": 1,
      "Plans": [
        {
          "Node Type": "Gather",
          "Parent Relationship": "Outer",
          "Parallel Aware": false,
          "Startup Cost": 341231.23,
          "Total Cost": 341231.84,
          "Plan Rows": 6,
          "Plan Width": 8,
          "Actual Startup Time": 789.7,
          "Actual Total Time": 853.996,
          "Actual Rows": 7,
          "Actual Loops": 1,
          "Workers Planned": 6,
          "Workers Launched": 6,
          "Single Copy": false,
          "Plans": [
            {
              "Node Type": "Aggregate",
              "Strategy": "Plain",
              "Partial Mode": "Partial",
              "Parent Relationship": "Outer",
              "Parallel Aware": false,
              "Startup Cost": 340231.23,
              "Total Cost": 340231.24,
              "Plan Rows": 1,
              "Plan Width": 8,
              "Actual Startup Time": 778.931,
              "Actual Total Time": 778.932,
              "Actual Rows": 1,
              "Actual Loops": 7,
              "Plans": [
                {
                  "Node Type": "Seq Scan",
                  "Parent Relationship": "Outer",
                  "Parallel Aware": true,
                  "Relation Name": "cast_info",
                  "Alias": "ci",
                  "Startup Cost": 0.0,
                  "Total Cost": 328162.03,
                  "Plan Rows": 4827682,
                  "Plan Width": 0,
                  "Actual Startup Time": 92.981,
                  "Actual Total Time": 615.893,
                  "Actual Rows": 4112129,
                  "Actual Loops": 7,
                  "Filter": "(person_id > 722094)",
                  "Rows Removed by Filter": 1065635
                }
              ]
            }
          ]
        }
      ]
    },
    "Planning Time": 0.182,
    "Triggers": [],
    "Execution Time": 854.083
  }
]