{
  "Plan": {
    "Node Type": "Aggregate",
    "Strategy": "Plain",
    "Partial Mode": "Finalize",
    "Parallel Aware": false,
    "Startup Cost": 122323.09,
    "Total Cost": 122323.1,
    "Plan Rows": 1,
    "Plan Width": 8,
    "Actual Startup Time": 437.126,
    "Actual Total Time": 454.132,
    "Actual Rows": 1,
    "Actual Loops": 1,
    "Plans": [
      {
        "Node Type": "Gather",
        "Parent Relationship": "Outer",
        "Parallel Aware": false,
        "Startup Cost": 122322.98,
        "Total Cost": 122323.09,
        "Plan Rows": 1,
        "Plan Width": 8,
        "Actual Startup Time": 436.865,
        "Actual Total Time": 454.125,
        "Actual Rows": 2,
        "Actual Loops": 1,
        "Workers Planned": 1,
        "Workers Launched": 1,
        "Single Copy": false,
        "Plans": [
          {
            "Node Type": "Aggregate",
            "Strategy": "Plain",
            "Partial Mode": "Partial",
            "Parent Relationship": "Outer",
            "Parallel Aware": false,
            "Startup Cost": 121322.98,
            "Total Cost": 121322.99,
            "Plan Rows": 1,
            "Plan Width": 8,
            "Actual Startup Time": 431.158,
            "Actual Total Time": 431.161,
            "Actual Rows": 1,
            "Actual Loops": 2,
            "Plans": [
              {
                "Node Type": "Hash Join",
                "Parent Relationship": "Outer",
                "Parallel Aware": true,
                "Join Type": "Inner",
                "Startup Cost": 58537.82,
                "Total Cost": 121263.63,
                "Plan Rows": 23741,
                "Plan Width": 0,
                "Actual Startup Time": 148.026,
                "Actual Total Time": 430.936,
                "Actual Rows": 4664,
                "Actual Loops": 2,
                "Inner Unique": true,
                "Hash Cond": "(mk.movie_id = t.id)",
                "Plans": [
                  {
                    "Node Type": "Seq Scan",
                    "Parent Relationship": "Outer",
                    "Parallel Aware": true,
                    "Relation Name": "movie_keyword",
                    "Alias": "mk",
                    "Startup Cost": 0.0,
                    "Total Cost": 57718.19,
                    "Plan Rows": 1907660,
                    "Plan Width": 4,
                    "Actual Startup Time": 0.014,
                    "Actual Total Time": 186.625,
                    "Actual Rows": 1618043,
                    "Actual Loops": 2,
                    "Filter": "(keyword_id < 13732)",
                    "Rows Removed by Filter": 643922
                  },
                  {
                    "Node Type": "Hash",
                    "Parent Relationship": "Inner",
                    "Parallel Aware": true,
                    "Startup Cost": 58306.47,
                    "Total Cost": 58306.47,
                    "Plan Rows": 18508,
                    "Plan Width": 4,
                    "Actual Startup Time": 146.12,
                    "Actual Total Time": 146.121,
                    "Actual Rows": 18042,
                    "Actual Loops": 2,
                    "Hash Buckets": 65536,
                    "Original Hash Buckets": 32768,
                    "Hash Batches": 1,
                    "Original Hash Batches": 1,
                    "Peak Memory Usage": 2208,
                    "Plans": [
                      {
                        "Node Type": "Seq Scan",
                        "Parent Relationship": "Outer",
                        "Parallel Aware": true,
                        "Relation Name": "title",
                        "Alias": "t",
                        "Startup Cost": 0.0,
                        "Total Cost": 58306.47,
                        "Plan Rows": 18508,
                        "Plan Width": 4,
                        "Actual Startup Time": 0.062,
                        "Actual Total Time": 138.841,
                        "Actual Rows": 18042,
                        "Actual Loops": 2,
                        "Filter": "((kind_id > 4) AND (production_year = 2000))",
                        "Rows Removed by Filter": 1246114
                      }
                    ]
                  }
                ]
              }
            ]
          }
        ]
      }
    ]
  },
  "Planning Time": 0.462,
  "Triggers": [],
  "Execution Time": 454.201
}