[
  {
    "Plan": {
      "Node Type": "Aggregate",
      "Strategy": "Plain",
      "Partial Mode": "Finalize",
      "Parallel Aware": false,
      "Startup Cost": 32733.51,
      "Total Cost": 32733.52,
      "Plan Rows": 1,
      "Plan Width": 8,
      "Actual Startup Time": 93.774,
      "Actual Total Time": 101.779,
      "Actual Rows": 1,
      "Actual Loops": 1,
      "Plans": [
        {
          "Node Type": "Gather",
          "Parent Relationship": "Outer",
          "Parallel Aware": false,
          "Startup Cost": 32733.19,
          "Total Cost": 32733.5,
          "Plan Rows": 3,
          "Plan Width": 8,
          "Actual Startup Time": 93.653,
          "Actual Total Time": 101.77,
          "Actual Rows": 4,
          "Actual Loops": 1,
          "Workers Planned": 3,
          "Workers Launched": 3,
          "Single Copy": false,
          "Plans": [
            {
              "Node Type": "Aggregate",
              "Strategy": "Plain",
              "Partial Mode": "Partial",
              "Parent Relationship": "Outer",
              "Parallel Aware": false,
              "Startup Cost": 31733.19,
              "Total Cost": 31733.2,
              "Plan Rows": 1,
              "Plan Width": 8,
              "Actual Startup Time": 85.195,
              "Actual Total Time": 85.196,
              "Actual Rows": 1,
              "Actual Loops": 4,
              "Plans": [
                {
                  "Node Type": "Seq Scan",
                  "Parent Relationship": "Outer",
                  "Parallel Aware": true,
                  "Relation Name": "movie_companies",
                  "Alias": "mc",
                  "Startup Cost": 0.0,
                  "Total Cost": 31414.82,
                  "Plan Rows": 127348,
                  "Plan Width": 0,
                  "Actual Startup Time": 0.045,
                  "Actual Total Time": 75.125,
                  "Actual Rows": 140931,
                  "Actual Loops": 4,
                  "Filter": "((company_id < 1717) AND (company_type_id = 1))",
                  "Rows Removed by Filter": 511351
                }
              ]
            }
          ]
        }
      ]
    },
    "Planning Time": 0.216,
    "Triggers": [],
    "Execution Time": 101.844
  }
]