[
    {
        "Bao": {
            "Bao prediction": 744.145,
            "Bao recommended hint": "(no hint)"
        }
    },
    {
        "Plan": {
            "Node Type": "Aggregate",
            "Strategy": "Plain",
            "Partial Mode": "Finalize",
            "Parallel Aware": false,
            "Startup Cost": 398938.95,
            "Total Cost": 398938.96,
            "Plan Rows": 1,
            "Plan Width": 8,
            "Actual Startup Time": 1476.322,
            "Actual Total Time": 1512.522,
            "Actual Rows": 1,
            "Actual Loops": 1,
            "Output": [
                "count(*)"
            ],
            "Plans": [
                {
                    "Node Type": "Gather",
                    "Parent Relationship": "Outer",
                    "Parallel Aware": false,
                    "Startup Cost": 398938.33,
                    "Total Cost": 398938.94,
                    "Plan Rows": 6,
                    "Plan Width": 8,
                    "Actual Startup Time": 1471.393,
                    "Actual Total Time": 1512.513,
                    "Actual Rows": 7,
                    "Actual Loops": 1,
                    "Output": [
                        "(PARTIAL count(*))"
                    ],
                    "Workers Planned": 6,
                    "Workers Launched": 6,
                    "Single Copy": false,
                    "Plans": [
                        {
                            "Node Type": "Aggregate",
                            "Strategy": "Plain",
                            "Partial Mode": "Partial",
                            "Parent Relationship": "Outer",
                            "Parallel Aware": false,
                            "Startup Cost": 397938.33,
                            "Total Cost": 397938.34,
                            "Plan Rows": 1,
                            "Plan Width": 8,
                            "Actual Startup Time": 1461.722,
                            "Actual Total Time": 1461.725,
                            "Actual Rows": 1,
                            "Actual Loops": 7,
                            "Output": [
                                "PARTIAL count(*)"
                            ],
                            "Workers": [
                                {
                                    "Worker Number": 0,
                                    "Actual Startup Time": 1459.191,
                                    "Actual Total Time": 1459.193,
                                    "Actual Rows": 1,
                                    "Actual Loops": 1
                                },
                                {
                                    "Worker Number": 1,
                                    "Actual Startup Time": 1459.623,
                                    "Actual Total Time": 1459.625,
                                    "Actual Rows": 1,
                                    "Actual Loops": 1
                                },
                                {
                                    "Worker Number": 2,
                                    "Actual Startup Time": 1459.633,
                                    "Actual Total Time": 1459.636,
                                    "Actual Rows": 1,
                                    "Actual Loops": 1
                                },
                                {
                                    "Worker Number": 3,
                                    "Actual Startup Time": 1462.549,
                                    "Actual Total Time": 1462.553,
                                    "Actual Rows": 1,
                                    "Actual Loops": 1
                                },
                                {
                                    "Worker Number": 4,
                                    "Actual Startup Time": 1460.127,
                                    "Actual Total Time": 1460.13,
                                    "Actual Rows": 1,
                                    "Actual Loops": 1
                                },
                                {
                                    "Worker Number": 5,
                                    "Actual Startup Time": 1460.485,
                                    "Actual Total Time": 1460.488,
                                    "Actual Rows": 1,
                                    "Actual Loops": 1
                                }
                            ],
                            "Plans": [
                                {
                                    "Node Type": "Hash Join",
                                    "Parent Relationship": "Outer",
                                    "Parallel Aware": true,
                                    "Join Type": "Inner",
                                    "Startup Cost": 46616.11,
                                    "Total Cost": 396973.74,
                                    "Plan Rows": 385834,
                                    "Plan Width": 0,
                                    "Actual Startup Time": 347.724,
                                    "Actual Total Time": 1437.418,
                                    "Actual Rows": 335680,
                                    "Actual Loops": 7,
                                    "Inner Unique": true,
                                    "Hash Cond": "(ci.movie_id = t.id)",
                                    "Workers": [
                                        {
                                            "Worker Number": 0,
                                            "Actual Startup Time": 345.219,
                                            "Actual Total Time": 1434.958,
                                            "Actual Rows": 328688,
                                            "Actual Loops": 1
                                        },
                                        {
                                            "Worker Number": 1,
                                            "Actual Startup Time": 345.628,
                                            "Actual Total Time": 1435.757,
                                            "Actual Rows": 324272,
                                            "Actual Loops": 1
                                        },
                                        {
                                            "Worker Number": 2,
                                            "Actual Startup Time": 345.727,
                                            "Actual Total Time": 1435.325,
                                            "Actual Rows": 329328,
                                            "Actual Loops": 1
                                        },
                                        {
                                            "Worker Number": 3,
                                            "Actual Startup Time": 348.562,
                                            "Actual Total Time": 1438.002,
                                            "Actual Rows": 332166,
                                            "Actual Loops": 1
                                        },
                                        {
                                            "Worker Number": 4,
                                            "Actual Startup Time": 346.215,
                                            "Actual Total Time": 1436.026,
                                            "Actual Rows": 326963,
                                            "Actual Loops": 1
                                        },
                                        {
                                            "Worker Number": 5,
                                            "Actual Startup Time": 346.681,
                                            "Actual Total Time": 1436.059,
                                            "Actual Rows": 332362,
                                            "Actual Loops": 1
                                        }
                                    ],
                                    "Plans": [
                                        {
                                            "Node Type": "Seq Scan",
                                            "Parent Relationship": "Outer",
                                            "Parallel Aware": true,
                                            "Relation Name": "cast_info",
                                            "Schema": "public",
                                            "Alias": "ci",
                                            "Startup Cost": 0.0,
                                            "Total Cost": 343318.94,
                                            "Plan Rows": 2681403,
                                            "Plan Width": 4,
                                            "Actual Startup Time": 221.103,
                                            "Actual Total Time": 864.715,
                                            "Actual Rows": 2034224,
                                            "Actual Loops": 7,
                                            "Output": [
                                                "ci.id",
                                                "ci.person_id",
                                                "ci.movie_id",
                                                "ci.person_role_id",
                                                "ci.note",
                                                "ci.nr_order",
                                                "ci.role_id"
                                            ],
                                            "Filter": "((ci.person_id > 1432038) AND (ci.role_id < 5))",
                                            "Rows Removed by Filter": 3143540,
                                            "Workers": [
                                                {
                                                    "Worker Number": 0,
                                                    "Actual Startup Time": 221.122,
                                                    "Actual Total Time": 862.231,
                                                    "Actual Rows": 2003908,
                                                    "Actual Loops": 1
                                                },
                                                {
                                                    "Worker Number": 1,
                                                    "Actual Startup Time": 221.096,
                                                    "Actual Total Time": 871.114,
                                                    "Actual Rows": 1987485,
                                                    "Actual Loops": 1
                                                },
                                                {
                                                    "Worker Number": 2,
                                                    "Actual Startup Time": 221.102,
                                                    "Actual Total Time": 871.667,
                                                    "Actual Rows": 1990621,
                                                    "Actual Loops": 1
                                                },
                                                {
                                                    "Worker Number": 3,
                                                    "Actual Startup Time": 221.11,
                                                    "Actual Total Time": 862.853,
                                                    "Actual Rows": 1994297,
                                                    "Actual Loops": 1
                                                },
                                                {
                                                    "Worker Number": 4,
                                                    "Actual Startup Time": 221.1,
                                                    "Actual Total Time": 861.024,
                                                    "Actual Rows": 1988927,
                                                    "Actual Loops": 1
                                                },
                                                {
                                                    "Worker Number": 5,
                                                    "Actual Startup Time": 221.084,
                                                    "Actual Total Time": 871.003,
                                                    "Actual Rows": 1989653,
                                                    "Actual Loops": 1
                                                }
                                            ]
                                        },
                                        {
                                            "Node Type": "Hash",
                                            "Parent Relationship": "Inner",
                                            "Parallel Aware": true,
                                            "Startup Cost": 45479.21,
                                            "Total Cost": 45479.21,
                                            "Plan Rows": 90952,
                                            "Plan Width": 4,
                                            "Actual Startup Time": 124.164,
                                            "Actual Total Time": 124.165,
                                            "Actual Rows": 67196,
                                            "Actual Loops": 7,
                                            "Output": [
                                                "t.id"
                                            ],
                                            "Hash Buckets": 524288,
                                            "Original Hash Buckets": 524288,
                                            "Hash Batches": 1,
                                            "Original Hash Batches": 1,
                                            "Peak Memory Usage": 22592,
                                            "Workers": [
                                                {
                                                    "Worker Number": 0,
                                                    "Actual Startup Time": 123.336,
                                                    "Actual Total Time": 123.337,
                                                    "Actual Rows": 63459,
                                                    "Actual Loops": 1
                                                },
                                                {
                                                    "Worker Number": 1,
                                                    "Actual Startup Time": 123.791,
                                                    "Actual Total Time": 123.792,
                                                    "Actual Rows": 63464,
                                                    "Actual Loops": 1
                                                },
                                                {
                                                    "Worker Number": 2,
                                                    "Actual Startup Time": 123.803,
                                                    "Actual Total Time": 123.804,
                                                    "Actual Rows": 63985,
                                                    "Actual Loops": 1
                                                },
                                                {
                                                    "Worker Number": 3,
                                                    "Actual Startup Time": 126.993,
                                                    "Actual Total Time": 126.994,
                                                    "Actual Rows": 64455,
                                                    "Actual Loops": 1
                                                },
                                                {
                                                    "Worker Number": 4,
                                                    "Actual Startup Time": 124.326,
                                                    "Actual Total Time": 124.326,
                                                    "Actual Rows": 63364,
                                                    "Actual Loops": 1
                                                },
                                                {
                                                    "Worker Number": 5,
                                                    "Actual Startup Time": 124.643,
                                                    "Actual Total Time": 124.644,
                                                    "Actual Rows": 64617,
                                                    "Actual Loops": 1
                                                }
                                            ],
                                            "Plans": [
                                                {
                                                    "Node Type": "Seq Scan",
                                                    "Parent Relationship": "Outer",
                                                    "Parallel Aware": true,
                                                    "Relation Name": "title",
                                                    "Schema": "public",
                                                    "Alias": "t",
                                                    "Startup Cost": 0.0,
                                                    "Total Cost": 45479.21,
                                                    "Plan Rows": 90952,
                                                    "Plan Width": 4,
                                                    "Actual Startup Time": 0.061,
                                                    "Actual Total Time": 91.062,
                                                    "Actual Rows": 67196,
                                                    "Actual Loops": 7,
                                                    "Output": [
                                                        "t.id"
                                                    ],
                                                    "Filter": "((t.kind_id < 7) AND (t.production_year < 1998))",
                                                    "Rows Removed by Filter": 293992,
                                                    "Workers": [
                                                        {
                                                            "Worker Number": 0,
                                                            "Actual Startup Time": 0.068,
                                                            "Actual Total Time": 90.771,
                                                            "Actual Rows": 63459,
                                                            "Actual Loops": 1
                                                        },
                                                        {
                                                            "Worker Number": 1,
                                                            "Actual Startup Time": 0.072,
                                                            "Actual Total Time": 91.538,
                                                            "Actual Rows": 63464,
                                                            "Actual Loops": 1
                                                        },
                                                        {
                                                            "Worker Number": 2,
                                                            "Actual Startup Time": 0.092,
                                                            "Actual Total Time": 92.167,
                                                            "Actual Rows": 63985,
                                                            "Actual Loops": 1
                                                        },
                                                        {
                                                            "Worker Number": 3,
                                                            "Actual Startup Time": 0.029,
                                                            "Actual Total Time": 91.782,
                                                            "Actual Rows": 64455,
                                                            "Actual Loops": 1
                                                        },
                                                        {
                                                            "Worker Number": 4,
                                                            "Actual Startup Time": 0.058,
                                                            "Actual Total Time": 91.386,
                                                            "Actual Rows": 63364,
                                                            "Actual Loops": 1
                                                        },
                                                        {
                                                            "Worker Number": 5,
                                                            "Actual Startup Time": 0.065,
                                                            "Actual Total Time": 91.767,
                                                            "Actual Rows": 64617,
                                                            "Actual Loops": 1
                                                        }
                                                    ]
                                                }
                                            ]
                                        }
                                    ]
                                }
                            ]
                        }
                    ]
                }
            ]
        },
        "Planning Time": 4352.775,
        "Triggers": [],
        "Execution Time": 1512.64
    }
]