[
  {
    "Plan": {
      "Node Type": "Aggregate",
      "Strategy": "Plain",
      "Partial Mode": "Finalize",
      "Parallel Aware": false,
      "Startup Cost": 130000.44,
      "Total Cost": 130000.45,
      "Plan Rows": 1,
      "Plan Width": 8,
      "Actual Startup Time": 591.069,
      "Actual Total Time": 612.119,
      "Actual Rows": 1,
      "Actual Loops": 1,
      "Plans": [
        {
          "Node Type": "Gather",
          "Parent Relationship": "Outer",
          "Parallel Aware": false,
          "Startup Cost": 130000.12,
          "Total Cost": 130000.43,
          "Plan Rows": 3,
          "Plan Width": 8,
          "Actual Startup Time": 585.839,
          "Actual Total Time": 612.096,
          "Actual Rows": 4,
          "Actual Loops": 1,
          "Workers Planned": 3,
          "Workers Launched": 3,
          "Single Copy": false,
          "Plans": [
            {
              "Node Type": "Aggregate",
              "Strategy": "Plain",
              "Partial Mode": "Partial",
              "Parent Relationship": "Outer",
              "Parallel Aware": false,
              "Startup Cost": 129000.12,
              "Total Cost": 129000.13,
              "Plan Rows": 1,
              "Plan Width": 8,
              "Actual Startup Time": 576.86,
              "Actual Total Time": 577.049,
              "Actual Rows": 1,
              "Actual Loops": 4,
              "Plans": [
                {
                  "Node Type": "Hash Join",
                  "Parent Relationship": "Outer",
                  "Parallel Aware": true,
                  "Join Type": "Inner",
                  "Startup Cost": 82372.45,
                  "Total Cost": 128079.79,
                  "Plan Rows": 368132,
                  "Plan Width": 0,
                  "Actual Startup Time": 384.204,
                  "Actual Total Time": 569.713,
                  "Actual Rows": 189546,
                  "Actual Loops": 4,
                  "Inner Unique": false,
                  "Hash Cond": "(mk.movie_id = t.id)",
                  "Plans": [
                    {
                      "Node Type": "Seq Scan",
                      "Parent Relationship": "Outer",
                      "Parallel Aware": true,
                      "Relation Name": "movie_keyword",
                      "Alias": "mk",
                      "Startup Cost": 0.0,
                      "Total Cost": 39047.32,
                      "Plan Rows": 1459332,
                      "Plan Width": 4,
                      "Actual Startup Time": 0.029,
                      "Actual Total Time": 85.599,
                      "Actual Rows": 1130982,
                      "Actual Loops": 4
                    },
                    {
                      "Node Type": "Hash",
                      "Parent Relationship": "Inner",
                      "Parallel Aware": true,
                      "Startup Cost": 79800.73,
                      "Total Cost": 79800.73,
                      "Plan Rows": 205738,
                      "Plan Width": 8,
                      "Actual Startup Time": 379.155,
                      "Actual Total Time": 379.342,
                      "Actual Rows": 68259,
                      "Actual Loops": 4,
                      "Hash Buckets": 1048576,
                      "Original Hash Buckets": 1048576,
                      "Hash Batches": 1,
                      "Original Hash Batches": 1,
                      "Peak Memory Usage": 18944,
                      "Plans": [
                        {
                          "Node Type": "Hash Join",
                          "Parent Relationship": "Outer",
                          "Parallel Aware": true,
                          "Join Type": "Inner",
                          "Startup Cost": 49402.46,
                          "Total Cost": 79800.73,
                          "Plan Rows": 205738,
                          "Plan Width": 8,
                          "Actual Startup Time": 219.418,
                          "Actual Total Time": 352.213,
                          "Actual Rows": 68259,
                          "Actual Loops": 4,
                          "Inner Unique": true,
                          "Hash Cond": "(mc.movie_id = t.id)",
                          "Plans": [
                            {
                              "Node Type": "Seq Scan",
                              "Parent Relationship": "Outer",
                              "Parallel Aware": true,
                              "Relation Name": "movie_companies",
                              "Alias": "mc",
                              "Startup Cost": 0.0,
                              "Total Cost": 29310.68,
                              "Plan Rows": 414318,
                              "Plan Width": 4,
                              "Actual Startup Time": 0.021,
                              "Actual Total Time": 63.452,
                              "Actual Rows": 318562,
                              "Actual Loops": 4,
                              "Filter": "(company_type_id = 1)",
                              "Rows Removed by Filter": 333721
                            },
                            {
                              "Node Type": "Hash",
                              "Parent Relationship": "Inner",
                              "Parallel Aware": true,
                              "Startup Cost": 45479.1,
                              "Total Cost": 45479.1,
                              "Plan Rows": 313869,
                              "Plan Width": 4,
                              "Actual Startup Time": 214.934,
                              "Actual Total Time": 214.935,
                              "Actual Rows": 305384,
                              "Actual Loops": 4,
                              "Hash Buckets": 2097152,
                              "Original Hash Buckets": 2097152,
                              "Hash Batches": 1,
                              "Original Hash Batches": 1,
                              "Peak Memory Usage": 64224,
                              "Plans": [
                                {
                                  "Node Type": "Seq Scan",
                                  "Parent Relationship": "Outer",
                                  "Parallel Aware": true,
                                  "Relation Name": "title",
                                  "Alias": "t",
                                  "Startup Cost": 0.0,
                                  "Total Cost": 45479.1,
                                  "Plan Rows": 313869,
                                  "Plan Width": 4,
                                  "Actual Startup Time": 0.047,
                                  "Actual Total Time": 102.92,
                                  "Actual Rows": 305384,
                                  "Actual Loops": 4,
                                  "Filter": "((production_year < 2011) AND (kind_id = 7))",
                                  "Rows Removed by Filter": 326694
                                }
                              ]
                            }
                          ]
                        }
                      ]
                    }
                  ]
                }
              ]
            }
          ]
        }
      ]
    },
    "Planning Time": 1.396,
    "Triggers": [],
    "Execution Time": 612.201
  }
]