{
  "Plan": {
    "Node Type": "Aggregate",
    "Strategy": "Plain",
    "Partial Mode": "Finalize",
    "Parallel Aware": false,
    "Startup Cost": 351056.97,
    "Total Cost": 351056.98,
    "Plan Rows": 1,
    "Plan Width": 8,
    "Actual Startup Time": 2131.633,
    "Actual Total Time": 2188.269,
    "Actual Rows": 1,
    "Actual Loops": 1,
    "Plans": [
      {
        "Node Type": "Gather",
        "Parent Relationship": "Outer",
        "Parallel Aware": false,
        "Startup Cost": 351056.86,
        "Total Cost": 351056.97,
        "Plan Rows": 1,
        "Plan Width": 8,
        "Actual Startup Time": 2128.93,
        "Actual Total Time": 2188.26,
        "Actual Rows": 2,
        "Actual Loops": 1,
        "Workers Planned": 1,
        "Workers Launched": 1,
        "Single Copy": false,
        "Plans": [
          {
            "Node Type": "Aggregate",
            "Strategy": "Plain",
            "Partial Mode": "Partial",
            "Parent Relationship": "Outer",
            "Parallel Aware": false,
            "Startup Cost": 350056.86,
            "Total Cost": 350056.87,
            "Plan Rows": 1,
            "Plan Width": 8,
            "Actual Startup Time": 2123.498,
            "Actual Total Time": 2123.502,
            "Actual Rows": 1,
            "Actual Loops": 2,
            "Plans": [
              {
                "Node Type": "Hash Join",
                "Parent Relationship": "Outer",
                "Parallel Aware": true,
                "Join Type": "Inner",
                "Startup Cost": 60373.46,
                "Total Cost": 345716.17,
                "Plan Rows": 1736275,
                "Plan Width": 0,
                "Actual Startup Time": 277.418,
                "Actual Total Time": 2071.014,
                "Actual Rows": 1118628,
                "Actual Loops": 2,
                "Inner Unique": true,
                "Hash Cond": "(mi.movie_id = t.id)",
                "Plans": [
                  {
                    "Node Type": "Seq Scan",
                    "Parent Relationship": "Outer",
                    "Parallel Aware": true,
                    "Relation Name": "movie_info",
                    "Alias": "mi",
                    "Startup Cost": 0.0,
                    "Total Cost": 270696.42,
                    "Plan Rows": 5579529,
                    "Plan Width": 4,
                    "Actual Startup Time": 0.011,
                    "Actual Total Time": 824.439,
                    "Actual Rows": 4782576,
                    "Actual Loops": 2,
                    "Filter": "(info_type_id < 16)",
                    "Rows Removed by Filter": 2635284
                  },
                  {
                    "Node Type": "Hash",
                    "Parent Relationship": "Inner",
                    "Parallel Aware": true,
                    "Startup Cost": 54588.39,
                    "Total Cost": 54588.39,
                    "Plan Rows": 462806,
                    "Plan Width": 4,
                    "Actual Startup Time": 266.235,
                    "Actual Total Time": 266.236,
                    "Actual Rows": 392463,
                    "Actual Loops": 2,
                    "Hash Buckets": 1048576,
                    "Original Hash Buckets": 1048576,
                    "Hash Batches": 1,
                    "Original Hash Batches": 1,
                    "Peak Memory Usage": 38912,
                    "Plans": [
                      {
                        "Node Type": "Seq Scan",
                        "Parent Relationship": "Outer",
                        "Parallel Aware": true,
                        "Relation Name": "title",
                        "Alias": "t",
                        "Startup Cost": 0.0,
                        "Total Cost": 54588.39,
                        "Plan Rows": 462806,
                        "Plan Width": 4,
                        "Actual Startup Time": 0.034,
                        "Actual Total Time": 159.447,
                        "Actual Rows": 392463,
                        "Actual Loops": 2,
                        "Filter": "(production_year > 2007)",
                        "Rows Removed by Filter": 871693
                      }
                    ]
                  }
                ]
              }
            ]
          }
        ]
      }
    ]
  },
  "Planning Time": 0.564,
  "Triggers": [],
  "Execution Time": 2188.349
}