[
  {
    "Plan": {
      "Node Type": "Aggregate",
      "Strategy": "Plain",
      "Partial Mode": "Finalize",
      "Parallel Aware": false,
      "Startup Cost": 93673.07,
      "Total Cost": 93673.08,
      "Plan Rows": 1,
      "Plan Width": 8,
      "Actual Startup Time": 523.318,
      "Actual Total Time": 541.596,
      "Actual Rows": 1,
      "Actual Loops": 1,
      "Plans": [
        {
          "Node Type": "Gather",
          "Parent Relationship": "Outer",
          "Parallel Aware": false,
          "Startup Cost": 93672.76,
          "Total Cost": 93673.07,
          "Plan Rows": 3,
          "Plan Width": 8,
          "Actual Startup Time": 515.98,
          "Actual Total Time": 541.587,
          "Actual Rows": 4,
          "Actual Loops": 1,
          "Workers Planned": 3,
          "Workers Launched": 3,
          "Single Copy": false,
          "Plans": [
            {
              "Node Type": "Aggregate",
              "Strategy": "Plain",
              "Partial Mode": "Partial",
              "Parent Relationship": "Outer",
              "Parallel Aware": false,
              "Startup Cost": 92672.76,
              "Total Cost": 92672.77,
              "Plan Rows": 1,
              "Plan Width": 8,
              "Actual Startup Time": 497.342,
              "Actual Total Time": 497.346,
              "Actual Rows": 1,
              "Actual Loops": 4,
              "Plans": [
                {
                  "Node Type": "Hash Join",
                  "Parent Relationship": "Outer",
                  "Parallel Aware": true,
                  "Join Type": "Inner",
                  "Startup Cost": 64414.18,
                  "Total Cost": 92133.1,
                  "Plan Rows": 215863,
                  "Plan Width": 0,
                  "Actual Startup Time": 379.348,
                  "Actual Total Time": 489.409,
                  "Actual Rows": 164690,
                  "Actual Loops": 4,
                  "Inner Unique": true,
                  "Hash Cond": "(mk.movie_id = t.id)",
                  "Plans": [
                    {
                      "Node Type": "Bitmap Heap Scan",
                      "Parent Relationship": "Outer",
                      "Parallel Aware": true,
                      "Relation Name": "movie_keyword",
                      "Alias": "mk",
                      "Startup Cost": 14194.53,
                      "Total Cost": 41346.81,
                      "Plan Rows": 215863,
                      "Plan Width": 4,
                      "Actual Startup Time": 42.046,
                      "Actual Total Time": 100.327,
                      "Actual Rows": 164690,
                      "Actual Loops": 4,
                      "Recheck Cond": "(keyword_id > 28547)",
                      "Rows Removed by Index Recheck": 0,
                      "Exact Heap Blocks": 7666,
                      "Lossy Heap Blocks": 0,
                      "Plans": [
                        {
                          "Node Type": "Bitmap Index Scan",
                          "Parent Relationship": "Outer",
                          "Parallel Aware": false,
                          "Index Name": "keyword_id_movie_keyword",
                          "Startup Cost": 0.0,
                          "Total Cost": 14027.24,
                          "Plan Rows": 669174,
                          "Plan Width": 0,
                          "Actual Startup Time": 38.396,
                          "Actual Total Time": 38.396,
                          "Actual Rows": 658761,
                          "Actual Loops": 1,
                          "Index Cond": "(keyword_id > 28547)"
                        }
                      ]
                    },
                    {
                      "Node Type": "Hash",
                      "Parent Relationship": "Inner",
                      "Parallel Aware": true,
                      "Startup Cost": 42318.73,
                      "Total Cost": 42318.73,
                      "Plan Rows": 632073,
                      "Plan Width": 4,
                      "Actual Startup Time": 326.262,
                      "Actual Total Time": 326.263,
                      "Actual Rows": 632078,
                      "Actual Loops": 4,
                      "Hash Buckets": 4194304,
                      "Original Hash Buckets": 4194304,
                      "Hash Batches": 1,
                      "Original Hash Batches": 1,
                      "Peak Memory Usage": 131712,
                      "Plans": [
                        {
                          "Node Type": "Seq Scan",
                          "Parent Relationship": "Outer",
                          "Parallel Aware": true,
                          "Relation Name": "title",
                          "Alias": "t",
                          "Startup Cost": 0.0,
                          "Total Cost": 42318.73,
                          "Plan Rows": 632073,
                          "Plan Width": 4,
                          "Actual Startup Time": 0.031,
                          "Actual Total Time": 96.306,
                          "Actual Rows": 632078,
                          "Actual Loops": 4
                        }
                      ]
                    }
                  ]
                }
              ]
            }
          ]
        }
      ]
    },
    "Planning Time": 0.524,
    "Triggers": [],
    "Execution Time": 541.67
  }
]