[
  {
    "Plan": {
      "Node Type": "Aggregate",
      "Strategy": "Plain",
      "Partial Mode": "Finalize",
      "Parallel Aware": false,
      "Startup Cost": 254359.66,
      "Total Cost": 254359.67,
      "Plan Rows": 1,
      "Plan Width": 8,
      "Actual Startup Time": 329.888,
      "Actual Total Time": 342.861,
      "Actual Rows": 1,
      "Actual Loops": 1,
      "Plans": [
        {
          "Node Type": "Gather",
          "Parent Relationship": "Outer",
          "Parallel Aware": false,
          "Startup Cost": 254359.03,
          "Total Cost": 254359.64,
          "Plan Rows": 6,
          "Plan Width": 8,
          "Actual Startup Time": 329.817,
          "Actual Total Time": 342.856,
          "Actual Rows": 7,
          "Actual Loops": 1,
          "Workers Planned": 6,
          "Workers Launched": 6,
          "Single Copy": false,
          "Plans": [
            {
              "Node Type": "Aggregate",
              "Strategy": "Plain",
              "Partial Mode": "Partial",
              "Parent Relationship": "Outer",
              "Parallel Aware": false,
              "Startup Cost": 253359.03,
              "Total Cost": 253359.04,
              "Plan Rows": 1,
              "Plan Width": 8,
              "Actual Startup Time": 325.451,
              "Actual Total Time": 325.452,
              "Actual Rows": 1,
              "Actual Loops": 7,
              "Plans": [
                {
                  "Node Type": "Index Scan",
                  "Parent Relationship": "Outer",
                  "Parallel Aware": true,
                  "Scan Direction": "Forward",
                  "Index Name": "role_id_cast_info",
                  "Relation Name": "cast_info",
                  "Alias": "ci",
                  "Startup Cost": 0.56,
                  "Total Cost": 251544.36,
                  "Plan Rows": 725871,
                  "Plan Width": 0,
                  "Actual Startup Time": 0.088,
                  "Actual Total Time": 276.515,
                  "Actual Rows": 992872,
                  "Actual Loops": 7,
                  "Index Cond": "(role_id > 4)",
                  "Rows Removed by Index Recheck": 0,
                  "Filter": "(person_id > 1932440)",
                  "Rows Removed by Filter": 347800
                }
              ]
            }
          ]
        }
      ]
    },
    "Planning Time": 0.115,
    "Triggers": [],
    "Execution Time": 342.9
  }
]