{
  "Plan": {
    "Node Type": "Aggregate",
    "Strategy": "Plain",
    "Partial Mode": "Finalize",
    "Parallel Aware": false,
    "Startup Cost": 157512.91,
    "Total Cost": 157512.92,
    "Plan Rows": 1,
    "Plan Width": 8,
    "Actual Startup Time": 1011.501,
    "Actual Total Time": 1029.045,
    "Actual Rows": 1,
    "Actual Loops": 1,
    "Plans": [
      {
        "Node Type": "Gather",
        "Parent Relationship": "Outer",
        "Parallel Aware": false,
        "Startup Cost": 157512.8,
        "Total Cost": 157512.91,
        "Plan Rows": 1,
        "Plan Width": 8,
        "Actual Startup Time": 1009.974,
        "Actual Total Time": 1029.034,
        "Actual Rows": 2,
        "Actual Loops": 1,
        "Workers Planned": 1,
        "Workers Launched": 1,
        "Single Copy": false,
        "Plans": [
          {
            "Node Type": "Aggregate",
            "Strategy": "Plain",
            "Partial Mode": "Partial",
            "Parent Relationship": "Outer",
            "Parallel Aware": false,
            "Startup Cost": 156512.8,
            "Total Cost": 156512.81,
            "Plan Rows": 1,
            "Plan Width": 8,
            "Actual Startup Time": 1003.902,
            "Actual Total Time": 1004.373,
            "Actual Rows": 1,
            "Actual Loops": 2,
            "Plans": [
              {
                "Node Type": "Hash Join",
                "Parent Relationship": "Outer",
                "Parallel Aware": true,
                "Join Type": "Inner",
                "Startup Cost": 92867.32,
                "Total Cost": 155737.1,
                "Plan Rows": 310279,
                "Plan Width": 0,
                "Actual Startup Time": 539.639,
                "Actual Total Time": 963.966,
                "Actual Rows": 1047658,
                "Actual Loops": 2,
                "Inner Unique": false,
                "Hash Cond": "(mk.movie_id = t.id)",
                "Plans": [
                  {
                    "Node Type": "Seq Scan",
                    "Parent Relationship": "Outer",
                    "Parallel Aware": true,
                    "Relation Name": "movie_keyword",
                    "Alias": "mk",
                    "Startup Cost": 0.0,
                    "Total Cost": 51065.35,
                    "Plan Rows": 2661135,
                    "Plan Width": 4,
                    "Actual Startup Time": 0.017,
                    "Actual Total Time": 157.93,
                    "Actual Rows": 2261965,
                    "Actual Loops": 2
                  },
                  {
                    "Node Type": "Hash",
                    "Parent Relationship": "Inner",
                    "Parallel Aware": true,
                    "Startup Cost": 90699.75,
                    "Total Cost": 90699.75,
                    "Plan Rows": 173406,
                    "Plan Width": 8,
                    "Actual Startup Time": 533.695,
                    "Actual Total Time": 534.165,
                    "Actual Rows": 146438,
                    "Actual Loops": 2,
                    "Hash Buckets": 524288,
                    "Original Hash Buckets": 524288,
                    "Hash Batches": 1,
                    "Original Hash Batches": 1,
                    "Peak Memory Usage": 15584,
                    "Plans": [
                      {
                        "Node Type": "Hash Join",
                        "Parent Relationship": "Outer",
                        "Parallel Aware": true,
                        "Join Type": "Inner",
                        "Startup Cost": 29514.2,
                        "Total Cost": 90699.75,
                        "Plan Rows": 173406,
                        "Plan Width": 8,
                        "Actual Startup Time": 126.519,
                        "Actual Total Time": 491.079,
                        "Actual Rows": 146438,
                        "Actual Loops": 2,
                        "Inner Unique": false,
                        "Hash Cond": "(t.id = mc.movie_id)",
                        "Plans": [
                          {
                            "Node Type": "Seq Scan",
                            "Parent Relationship": "Outer",
                            "Parallel Aware": true,
                            "Relation Name": "title",
                            "Alias": "t",
                            "Startup Cost": 0.0,
                            "Total Cost": 50870.31,
                            "Plan Rows": 1487231,
                            "Plan Width": 4,
                            "Actual Startup Time": 0.011,
                            "Actual Total Time": 128.237,
                            "Actual Rows": 1264156,
                            "Actual Loops": 2
                          },
                          {
                            "Node Type": "Hash",
                            "Parent Relationship": "Inner",
                            "Parallel Aware": true,
                            "Startup Cost": 27346.63,
                            "Total Cost": 27346.63,
                            "Plan Rows": 173406,
                            "Plan Width": 4,
                            "Actual Startup Time": 122.861,
                            "Actual Total Time": 122.863,
                            "Actual Rows": 146438,
                            "Actual Loops": 2,
                            "Hash Buckets": 524288,
                            "Original Hash Buckets": 524288,
                            "Hash Batches": 1,
                            "Original Hash Batches": 1,
                            "Peak Memory Usage": 15584,
                            "Plans": [
                              {
                                "Node Type": "Bitmap Heap Scan",
                                "Parent Relationship": "Outer",
                                "Parallel Aware": true,
                                "Relation Name": "movie_companies",
                                "Alias": "mc",
                                "Startup Cost": 6389.05,
                                "Total Cost": 27346.63,
                                "Plan Rows": 173406,
                                "Plan Width": 4,
                                "Actual Startup Time": 26.294,
                                "Actual Total Time": 80.019,
                                "Actual Rows": 146438,
                                "Actual Loops": 2,
                                "Recheck Cond": "(company_id < 160)",
                                "Rows Removed by Index Recheck": 0,
                                "Exact Heap Blocks": 11443,
                                "Lossy Heap Blocks": 0,
                                "Plans": [
                                  {
                                    "Node Type": "Bitmap Index Scan",
                                    "Parent Relationship": "Outer",
                                    "Parallel Aware": false,
                                    "Index Name": "company_id_movie_companies",
                                    "Startup Cost": 0.0,
                                    "Total Cost": 6315.35,
                                    "Plan Rows": 294790,
                                    "Plan Width": 0,
                                    "Actual Startup Time": 22.827,
                                    "Actual Total Time": 22.827,
                                    "Actual Rows": 292877,
                                    "Actual Loops": 1,
                                    "Index Cond": "(company_id < 160)"
                                  }
                                ]
                              }
                            ]
                          }
                        ]
                      }
                    ]
                  }
                ]
              }
            ]
          }
        ]
      }
    ]
  },
  "Planning Time": 1.045,
  "Triggers": [],
  "Execution Time": 1029.197
}