{
  "Plan": {
    "Node Type": "Aggregate",
    "Strategy": "Plain",
    "Partial Mode": "Finalize",
    "Parallel Aware": false,
    "Startup Cost": 164341.84,
    "Total Cost": 164341.85,
    "Plan Rows": 1,
    "Plan Width": 8,
    "Actual Startup Time": 766.413,
    "Actual Total Time": 785.591,
    "Actual Rows": 1,
    "Actual Loops": 1,
    "Plans": [
      {
        "Node Type": "Gather",
        "Parent Relationship": "Outer",
        "Parallel Aware": false,
        "Startup Cost": 164341.72,
        "Total Cost": 164341.83,
        "Plan Rows": 1,
        "Plan Width": 8,
        "Actual Startup Time": 764.654,
        "Actual Total Time": 785.584,
        "Actual Rows": 2,
        "Actual Loops": 1,
        "Workers Planned": 1,
        "Workers Launched": 1,
        "Single Copy": false,
        "Plans": [
          {
            "Node Type": "Aggregate",
            "Strategy": "Plain",
            "Partial Mode": "Partial",
            "Parent Relationship": "Outer",
            "Parallel Aware": false,
            "Startup Cost": 163341.72,
            "Total Cost": 163341.73,
            "Plan Rows": 1,
            "Plan Width": 8,
            "Actual Startup Time": 757.917,
            "Actual Total Time": 757.923,
            "Actual Rows": 1,
            "Actual Loops": 2,
            "Plans": [
              {
                "Node Type": "Hash Join",
                "Parent Relationship": "Outer",
                "Parallel Aware": true,
                "Join Type": "Inner",
                "Startup Cost": 100611.51,
                "Total Cost": 162839.0,
                "Plan Rows": 201089,
                "Plan Width": 0,
                "Actual Startup Time": 437.952,
                "Actual Total Time": 751.605,
                "Actual Rows": 160154,
                "Actual Loops": 2,
                "Inner Unique": false,
                "Hash Cond": "(mk.movie_id = t.id)",
                "Plans": [
                  {
                    "Node Type": "Seq Scan",
                    "Parent Relationship": "Outer",
                    "Parallel Aware": true,
                    "Relation Name": "movie_keyword",
                    "Alias": "mk",
                    "Startup Cost": 0.0,
                    "Total Cost": 51065.35,
                    "Plan Rows": 2661135,
                    "Plan Width": 4,
                    "Actual Startup Time": 0.015,
                    "Actual Total Time": 151.198,
                    "Actual Rows": 2261965,
                    "Actual Loops": 2
                  },
                  {
                    "Node Type": "Hash",
                    "Parent Relationship": "Inner",
                    "Parallel Aware": true,
                    "Startup Cost": 99206.73,
                    "Total Cost": 99206.73,
                    "Plan Rows": 112383,
                    "Plan Width": 8,
                    "Actual Startup Time": 427.154,
                    "Actual Total Time": 427.158,
                    "Actual Rows": 50292,
                    "Actual Loops": 2,
                    "Hash Buckets": 262144,
                    "Original Hash Buckets": 262144,
                    "Hash Batches": 1,
                    "Original Hash Batches": 1,
                    "Peak Memory Usage": 6016,
                    "Plans": [
                      {
                        "Node Type": "Hash Join",
                        "Parent Relationship": "Outer",
                        "Parallel Aware": true,
                        "Join Type": "Inner",
                        "Startup Cost": 36615.55,
                        "Total Cost": 99206.73,
                        "Plan Rows": 112383,
                        "Plan Width": 8,
                        "Actual Startup Time": 145.496,
                        "Actual Total Time": 412.235,
                        "Actual Rows": 50292,
                        "Actual Loops": 2,
                        "Inner Unique": false,
                        "Hash Cond": "(t.id = mc.movie_id)",
                        "Plans": [
                          {
                            "Node Type": "Seq Scan",
                            "Parent Relationship": "Outer",
                            "Parallel Aware": true,
                            "Relation Name": "title",
                            "Alias": "t",
                            "Startup Cost": 0.0,
                            "Total Cost": 58306.47,
                            "Plan Rows": 579781,
                            "Plan Width": 4,
                            "Actual Startup Time": 0.013,
                            "Actual Total Time": 148.209,
                            "Actual Rows": 461860,
                            "Actual Loops": 2,
                            "Filter": "((kind_id > 1) AND (production_year < 2005))",
                            "Rows Removed by Filter": 802296
                          },
                          {
                            "Node Type": "Hash",
                            "Parent Relationship": "Inner",
                            "Parallel Aware": true,
                            "Startup Cost": 33012.03,
                            "Total Cost": 33012.03,
                            "Plan Rows": 288281,
                            "Plan Width": 4,
                            "Actual Startup Time": 141.452,
                            "Actual Total Time": 141.454,
                            "Actual Rows": 249056,
                            "Actual Loops": 2,
                            "Hash Buckets": 524288,
                            "Original Hash Buckets": 524288,
                            "Hash Batches": 1,
                            "Original Hash Batches": 1,
                            "Peak Memory Usage": 23616,
                            "Plans": [
                              {
                                "Node Type": "Bitmap Heap Scan",
                                "Parent Relationship": "Outer",
                                "Parallel Aware": true,
                                "Relation Name": "movie_companies",
                                "Alias": "mc",
                                "Startup Cost": 10618.53,
                                "Total Cost": 33012.03,
                                "Plan Rows": 288281,
                                "Plan Width": 4,
                                "Actual Startup Time": 39.77,
                                "Actual Total Time": 90.076,
                                "Actual Rows": 249056,
                                "Actual Loops": 2,
                                "Recheck Cond": "(company_id > 74330)",
                                "Rows Removed by Index Recheck": 0,
                                "Exact Heap Blocks": 4508,
                                "Lossy Heap Blocks": 0,
                                "Plans": [
                                  {
                                    "Node Type": "Bitmap Index Scan",
                                    "Parent Relationship": "Outer",
                                    "Parallel Aware": false,
                                    "Index Name": "company_id_movie_companies",
                                    "Startup Cost": 0.0,
                                    "Total Cost": 10496.01,
                                    "Plan Rows": 490077,
                                    "Plan Width": 0,
                                    "Actual Startup Time": 38.626,
                                    "Actual Total Time": 38.627,
                                    "Actual Rows": 498112,
                                    "Actual Loops": 1,
                                    "Index Cond": "(company_id > 74330)"
                                  }
                                ]
                              }
                            ]
                          }
                        ]
                      }
                    ]
                  }
                ]
              }
            ]
          }
        ]
      }
    ]
  },
  "Planning Time": 1.018,
  "Triggers": [],
  "Execution Time": 785.69
}