[
  {
    "Plan": {
      "Node Type": "Aggregate",
      "Strategy": "Plain",
      "Partial Mode": "Finalize",
      "Parallel Aware": false,
      "Startup Cost": 102598.4,
      "Total Cost": 102598.41,
      "Plan Rows": 1,
      "Plan Width": 8,
      "Actual Startup Time": 709.247,
      "Actual Total Time": 724.349,
      "Actual Rows": 1,
      "Actual Loops": 1,
      "Plans": [
        {
          "Node Type": "Gather",
          "Parent Relationship": "Outer",
          "Parallel Aware": false,
          "Startup Cost": 102598.18,
          "Total Cost": 102598.39,
          "Plan Rows": 2,
          "Plan Width": 8,
          "Actual Startup Time": 701.322,
          "Actual Total Time": 724.341,
          "Actual Rows": 3,
          "Actual Loops": 1,
          "Workers Planned": 2,
          "Workers Launched": 2,
          "Single Copy": false,
          "Plans": [
            {
              "Node Type": "Aggregate",
              "Strategy": "Plain",
              "Partial Mode": "Partial",
              "Parent Relationship": "Outer",
              "Parallel Aware": false,
              "Startup Cost": 101598.18,
              "Total Cost": 101598.19,
              "Plan Rows": 1,
              "Plan Width": 8,
              "Actual Startup Time": 692.643,
              "Actual Total Time": 692.649,
              "Actual Rows": 1,
              "Actual Loops": 3,
              "Plans": [
                {
                  "Node Type": "Hash Join",
                  "Parent Relationship": "Outer",
                  "Parallel Aware": true,
                  "Join Type": "Inner",
                  "Startup Cost": 85175.68,
                  "Total Cost": 101344.48,
                  "Plan Rows": 101479,
                  "Plan Width": 0,
                  "Actual Startup Time": 595.228,
                  "Actual Total Time": 687.991,
                  "Actual Rows": 114159,
                  "Actual Loops": 3,
                  "Inner Unique": false,
                  "Hash Cond": "(mi_idx.movie_id = t.id)",
                  "Plans": [
                    {
                      "Node Type": "Seq Scan",
                      "Parent Relationship": "Outer",
                      "Parallel Aware": true,
                      "Relation Name": "movie_info_idx",
                      "Alias": "mi_idx",
                      "Startup Cost": 0.0,
                      "Total Cost": 13685.15,
                      "Plan Rows": 575015,
                      "Plan Width": 4,
                      "Actual Startup Time": 0.035,
                      "Actual Total Time": 35.558,
                      "Actual Rows": 460012,
                      "Actual Loops": 3
                    },
                    {
                      "Node Type": "Hash",
                      "Parent Relationship": "Inner",
                      "Parallel Aware": true,
                      "Startup Cost": 83376.41,
                      "Total Cost": 83376.41,
                      "Plan Rows": 143942,
                      "Plan Width": 8,
                      "Actual Startup Time": 590.449,
                      "Actual Total Time": 590.453,
                      "Actual Rows": 86170,
                      "Actual Loops": 3,
                      "Hash Buckets": 524288,
                      "Original Hash Buckets": 524288,
                      "Hash Batches": 1,
                      "Original Hash Batches": 1,
                      "Peak Memory Usage": 14272,
                      "Plans": [
                        {
                          "Node Type": "Hash Join",
                          "Parent Relationship": "Outer",
                          "Parallel Aware": true,
                          "Join Type": "Inner",
                          "Startup Cost": 51572.51,
                          "Total Cost": 83376.41,
                          "Plan Rows": 143942,
                          "Plan Width": 8,
                          "Actual Startup Time": 483.928,
                          "Actual Total Time": 566.505,
                          "Actual Rows": 86170,
                          "Actual Loops": 3,
                          "Inner Unique": true,
                          "Hash Cond": "(mc.movie_id = t.id)",
                          "Plans": [
                            {
                              "Node Type": "Seq Scan",
                              "Parent Relationship": "Outer",
                              "Parallel Aware": true,
                              "Relation Name": "movie_companies",
                              "Alias": "mc",
                              "Startup Cost": 0.0,
                              "Total Cost": 31414.82,
                              "Plan Rows": 148221,
                              "Plan Width": 4,
                              "Actual Startup Time": 37.933,
                              "Actual Total Time": 74.86,
                              "Actual Rows": 87283,
                              "Actual Loops": 3,
                              "Filter": "((company_id < 2853) AND (company_type_id > 1))",
                              "Rows Removed by Filter": 782427
                            },
                            {
                              "Node Type": "Hash",
                              "Parent Relationship": "Inner",
                              "Parallel Aware": true,
                              "Startup Cost": 43899.32,
                              "Total Cost": 43899.32,
                              "Plan Rows": 613855,
                              "Plan Width": 4,
                              "Actual Startup Time": 433.47,
                              "Actual Total Time": 433.472,
                              "Actual Rows": 818739,
                              "Actual Loops": 3,
                              "Hash Buckets": 4194304,
                              "Original Hash Buckets": 4194304,
                              "Hash Batches": 1,
                              "Original Hash Batches": 1,
                              "Peak Memory Usage": 128928,
                              "Plans": [
                                {
                                  "Node Type": "Seq Scan",
                                  "Parent Relationship": "Outer",
                                  "Parallel Aware": true,
                                  "Relation Name": "title",
                                  "Alias": "t",
                                  "Startup Cost": 0.0,
                                  "Total Cost": 43899.32,
                                  "Plan Rows": 613855,
                                  "Plan Width": 4,
                                  "Actual Startup Time": 0.062,
                                  "Actual Total Time": 139.202,
                                  "Actual Rows": 818739,
                                  "Actual Loops": 3,
                                  "Filter": "(production_year > 0)",
                                  "Rows Removed by Filter": 24031
                                }
                              ]
                            }
                          ]
                        }
                      ]
                    }
                  ]
                }
              ]
            }
          ]
        }
      ]
    },
    "Planning Time": 1.517,
    "Triggers": [],
    "Execution Time": 724.438
  }
]