{
  "Plan": {
    "Node Type": "Aggregate",
    "Strategy": "Plain",
    "Partial Mode": "Finalize",
    "Parallel Aware": false,
    "Startup Cost": 99508.63,
    "Total Cost": 99508.64,
    "Plan Rows": 1,
    "Plan Width": 8,
    "Actual Startup Time": 412.025,
    "Actual Total Time": 422.07,
    "Actual Rows": 1,
    "Actual Loops": 1,
    "Plans": [
      {
        "Node Type": "Gather",
        "Parent Relationship": "Outer",
        "Parallel Aware": false,
        "Startup Cost": 99508.52,
        "Total Cost": 99508.63,
        "Plan Rows": 1,
        "Plan Width": 8,
        "Actual Startup Time": 410.14,
        "Actual Total Time": 422.061,
        "Actual Rows": 2,
        "Actual Loops": 1,
        "Workers Planned": 1,
        "Workers Launched": 1,
        "Single Copy": false,
        "Plans": [
          {
            "Node Type": "Aggregate",
            "Strategy": "Plain",
            "Partial Mode": "Partial",
            "Parent Relationship": "Outer",
            "Parallel Aware": false,
            "Startup Cost": 98508.52,
            "Total Cost": 98508.53,
            "Plan Rows": 1,
            "Plan Width": 8,
            "Actual Startup Time": 404.332,
            "Actual Total Time": 404.336,
            "Actual Rows": 1,
            "Actual Loops": 2,
            "Plans": [
              {
                "Node Type": "Hash Join",
                "Parent Relationship": "Outer",
                "Parallel Aware": true,
                "Join Type": "Inner",
                "Startup Cost": 58114.13,
                "Total Cost": 98072.14,
                "Plan Rows": 174551,
                "Plan Width": 0,
                "Actual Startup Time": 228.474,
                "Actual Total Time": 391.556,
                "Actual Rows": 319240,
                "Actual Loops": 2,
                "Inner Unique": true,
                "Hash Cond": "(mc.movie_id = t.id)",
                "Plans": [
                  {
                    "Node Type": "Seq Scan",
                    "Parent Relationship": "Outer",
                    "Parallel Aware": true,
                    "Relation Name": "movie_companies",
                    "Alias": "mc",
                    "Startup Cost": 0.0,
                    "Total Cost": 37974.77,
                    "Plan Rows": 755522,
                    "Plan Width": 4,
                    "Actual Startup Time": 0.015,
                    "Actual Total Time": 108.908,
                    "Actual Rows": 637123,
                    "Actual Loops": 2,
                    "Filter": "(company_type_id < 2)",
                    "Rows Removed by Filter": 667442
                  },
                  {
                    "Node Type": "Hash",
                    "Parent Relationship": "Inner",
                    "Parallel Aware": true,
                    "Startup Cost": 53819.14,
                    "Total Cost": 53819.14,
                    "Plan Rows": 343599,
                    "Plan Width": 4,
                    "Actual Startup Time": 169.129,
                    "Actual Total Time": 169.131,
                    "Actual Rows": 297365,
                    "Actual Loops": 2,
                    "Hash Buckets": 1048576,
                    "Original Hash Buckets": 1048576,
                    "Hash Batches": 1,
                    "Original Hash Batches": 1,
                    "Peak Memory Usage": 31488,
                    "Plans": [
                      {
                        "Node Type": "Bitmap Heap Scan",
                        "Parent Relationship": "Outer",
                        "Parallel Aware": true,
                        "Relation Name": "title",
                        "Alias": "t",
                        "Startup Cost": 11968.88,
                        "Total Cost": 53819.14,
                        "Plan Rows": 343599,
                        "Plan Width": 4,
                        "Actual Startup Time": 31.303,
                        "Actual Total Time": 100.632,
                        "Actual Rows": 297365,
                        "Actual Loops": 2,
                        "Recheck Cond": "(kind_id = 1)",
                        "Rows Removed by Index Recheck": 0,
                        "Filter": "(production_year < 2012)",
                        "Rows Removed by Filter": 34048,
                        "Exact Heap Blocks": 7844,
                        "Lossy Heap Blocks": 0,
                        "Plans": [
                          {
                            "Node Type": "Bitmap Index Scan",
                            "Parent Relationship": "Outer",
                            "Parallel Aware": false,
                            "Index Name": "kind_id_title",
                            "Startup Cost": 0.0,
                            "Total Cost": 11822.85,
                            "Plan Rows": 663256,
                            "Plan Width": 0,
                            "Actual Startup Time": 29.407,
                            "Actual Total Time": 29.408,
                            "Actual Rows": 662825,
                            "Actual Loops": 1,
                            "Index Cond": "(kind_id = 1)"
                          }
                        ]
                      }
                    ]
                  }
                ]
              }
            ]
          }
        ]
      }
    ]
  },
  "Planning Time": 0.645,
  "Triggers": [],
  "Execution Time": 422.156
}