[
  {
    "Plan": {
      "Node Type": "Aggregate",
      "Strategy": "Plain",
      "Partial Mode": "Finalize",
      "Parallel Aware": false,
      "Startup Cost": 104654.33,
      "Total Cost": 104654.34,
      "Plan Rows": 1,
      "Plan Width": 8,
      "Actual Startup Time": 930.731,
      "Actual Total Time": 1003.658,
      "Actual Rows": 1,
      "Actual Loops": 1,
      "Plans": [
        {
          "Node Type": "Gather",
          "Parent Relationship": "Outer",
          "Parallel Aware": false,
          "Startup Cost": 104654.02,
          "Total Cost": 104654.33,
          "Plan Rows": 3,
          "Plan Width": 8,
          "Actual Startup Time": 920.444,
          "Actual Total Time": 1003.647,
          "Actual Rows": 4,
          "Actual Loops": 1,
          "Workers Planned": 3,
          "Workers Launched": 3,
          "Single Copy": false,
          "Plans": [
            {
              "Node Type": "Aggregate",
              "Strategy": "Plain",
              "Partial Mode": "Partial",
              "Parent Relationship": "Outer",
              "Parallel Aware": false,
              "Startup Cost": 103654.02,
              "Total Cost": 103654.03,
              "Plan Rows": 1,
              "Plan Width": 8,
              "Actual Startup Time": 907.904,
              "Actual Total Time": 907.909,
              "Actual Rows": 1,
              "Actual Loops": 4,
              "Plans": [
                {
                  "Node Type": "Nested Loop",
                  "Parent Relationship": "Outer",
                  "Parallel Aware": false,
                  "Join Type": "Inner",
                  "Startup Cost": 51140.94,
                  "Total Cost": 103550.22,
                  "Plan Rows": 41520,
                  "Plan Width": 0,
                  "Actual Startup Time": 388.688,
                  "Actual Total Time": 904.341,
                  "Actual Rows": 50942,
                  "Actual Loops": 4,
                  "Inner Unique": false,
                  "Plans": [
                    {
                      "Node Type": "Hash Join",
                      "Parent Relationship": "Outer",
                      "Parallel Aware": true,
                      "Join Type": "Inner",
                      "Startup Cost": 51140.37,
                      "Total Cost": 76446.35,
                      "Plan Rows": 13967,
                      "Plan Width": 8,
                      "Actual Startup Time": 388.547,
                      "Actual Total Time": 418.054,
                      "Actual Rows": 8300,
                      "Actual Loops": 4,
                      "Inner Unique": true,
                      "Hash Cond": "(mk.movie_id = t.id)",
                      "Plans": [
                        {
                          "Node Type": "Bitmap Heap Scan",
                          "Parent Relationship": "Outer",
                          "Parallel Aware": true,
                          "Relation Name": "movie_keyword",
                          "Alias": "mk",
                          "Startup Cost": 919.99,
                          "Total Cost": 26189.3,
                          "Plan Rows": 13967,
                          "Plan Width": 4,
                          "Actual Startup Time": 3.91,
                          "Actual Total Time": 19.178,
                          "Actual Rows": 8300,
                          "Actual Loops": 4,
                          "Recheck Cond": "(keyword_id < 41)",
                          "Rows Removed by Index Recheck": 0,
                          "Exact Heap Blocks": 4840,
                          "Lossy Heap Blocks": 0,
                          "Plans": [
                            {
                              "Node Type": "Bitmap Index Scan",
                              "Parent Relationship": "Outer",
                              "Parallel Aware": false,
                              "Index Name": "keyword_id_movie_keyword",
                              "Startup Cost": 0.0,
                              "Total Cost": 909.17,
                              "Plan Rows": 43298,
                              "Plan Width": 0,
                              "Actual Startup Time": 2.338,
                              "Actual Total Time": 2.338,
                              "Actual Rows": 33199,
                              "Actual Loops": 1,
                              "Index Cond": "(keyword_id < 41)"
                            }
                          ]
                        },
                        {
                          "Node Type": "Hash",
                          "Parent Relationship": "Inner",
                          "Parallel Aware": true,
                          "Startup Cost": 42319.06,
                          "Total Cost": 42319.06,
                          "Plan Rows": 632106,
                          "Plan Width": 4,
                          "Actual Startup Time": 376.315,
                          "Actual Total Time": 376.316,
                          "Actual Rows": 632078,
                          "Actual Loops": 4,
                          "Hash Buckets": 4194304,
                          "Original Hash Buckets": 4194304,
                          "Hash Batches": 1,
                          "Original Hash Batches": 1,
                          "Peak Memory Usage": 131744,
                          "Plans": [
                            {
                              "Node Type": "Seq Scan",
                              "Parent Relationship": "Outer",
                              "Parallel Aware": true,
                              "Relation Name": "title",
                              "Alias": "t",
                              "Startup Cost": 0.0,
                              "Total Cost": 42319.06,
                              "Plan Rows": 632106,
                              "Plan Width": 4,
                              "Actual Startup Time": 0.035,
                              "Actual Total Time": 112.613,
                              "Actual Rows": 632078,
                              "Actual Loops": 4
                            }
                          ]
                        }
                      ]
                    },
                    {
                      "Node Type": "Index Scan",
                      "Parent Relationship": "Inner",
                      "Parallel Aware": false,
                      "Scan Direction": "Forward",
                      "Index Name": "movie_id_cast_info",
                      "Relation Name": "cast_info",
                      "Alias": "ci",
                      "Startup Cost": 0.56,
                      "Total Cost": 1.87,
                      "Plan Rows": 7,
                      "Plan Width": 4,
                      "Actual Startup Time": 0.029,
                      "Actual Total Time": 0.058,
                      "Actual Rows": 6,
                      "Actual Loops": 33199,
                      "Index Cond": "(movie_id = t.id)",
                      "Rows Removed by Index Recheck": 0,
                      "Filter": "(role_id = 2)",
                      "Rows Removed by Filter": 26
                    }
                  ]
                }
              ]
            }
          ]
        }
      ]
    },
    "Planning Time": 0.448,
    "Triggers": [],
    "Execution Time": 1003.732
  }
]