{
  "Plan": {
    "Node Type": "Aggregate",
    "Strategy": "Plain",
    "Partial Mode": "Finalize",
    "Parallel Aware": false,
    "Startup Cost": 696400.01,
    "Total Cost": 696400.02,
    "Plan Rows": 1,
    "Plan Width": 8,
    "Actual Startup Time": 3602.696,
    "Actual Total Time": 3632.234,
    "Actual Rows": 1,
    "Actual Loops": 1,
    "Plans": [
      {
        "Node Type": "Gather",
        "Parent Relationship": "Outer",
        "Parallel Aware": false,
        "Startup Cost": 696399.9,
        "Total Cost": 696400.01,
        "Plan Rows": 1,
        "Plan Width": 8,
        "Actual Startup Time": 3052.964,
        "Actual Total Time": 3632.216,
        "Actual Rows": 2,
        "Actual Loops": 1,
        "Workers Planned": 1,
        "Workers Launched": 1,
        "Single Copy": false,
        "Plans": [
          {
            "Node Type": "Aggregate",
            "Strategy": "Plain",
            "Partial Mode": "Partial",
            "Parent Relationship": "Outer",
            "Parallel Aware": false,
            "Startup Cost": 695399.9,
            "Total Cost": 695399.91,
            "Plan Rows": 1,
            "Plan Width": 8,
            "Actual Startup Time": 3317.093,
            "Actual Total Time": 3317.1,
            "Actual Rows": 1,
            "Actual Loops": 2,
            "Plans": [
              {
                "Node Type": "Merge Join",
                "Parent Relationship": "Outer",
                "Parallel Aware": false,
                "Join Type": "Inner",
                "Startup Cost": 543444.39,
                "Total Cost": 694150.56,
                "Plan Rows": 499737,
                "Plan Width": 0,
                "Actual Startup Time": 1079.182,
                "Actual Total Time": 3264.959,
                "Actual Rows": 1023270,
                "Actual Loops": 2,
                "Inner Unique": false,
                "Merge Cond": "(mi.movie_id = t.id)",
                "Plans": [
                  {
                    "Node Type": "Sort",
                    "Parent Relationship": "Outer",
                    "Parallel Aware": false,
                    "Startup Cost": 419893.44,
                    "Total Cost": 424279.26,
                    "Plan Rows": 1754328,
                    "Plan Width": 4,
                    "Actual Startup Time": 676.221,
                    "Actual Total Time": 753.235,
                    "Actual Rows": 1518242,
                    "Actual Loops": 2,
                    "Sort Key": [
                      "mi.movie_id"
                    ],
                    "Sort Method": "quicksort",
                    "Sort Space Used": 140881,
                    "Sort Space Type": "Memory",
                    "Workers": [
                      {
                        "Worker Number": 0,
                        "Sort Method": "quicksort",
                        "Sort Space Used": 99770,
                        "Sort Space Type": "Memory"
                      }
                    ],
                    "Plans": [
                      {
                        "Node Type": "Bitmap Heap Scan",
                        "Parent Relationship": "Outer",
                        "Parallel Aware": true,
                        "Relation Name": "movie_info",
                        "Alias": "mi",
                        "Startup Cost": 54025.71,
                        "Total Cost": 237947.81,
                        "Plan Rows": 1754328,
                        "Plan Width": 4,
                        "Actual Startup Time": 105.754,
                        "Actual Total Time": 320.39,
                        "Actual Rows": 1518360,
                        "Actual Loops": 2,
                        "Recheck Cond": "(info_type_id = 16)",
                        "Rows Removed by Index Recheck": 0,
                        "Exact Heap Blocks": 16410,
                        "Lossy Heap Blocks": 0,
                        "Plans": [
                          {
                            "Node Type": "Bitmap Index Scan",
                            "Parent Relationship": "Outer",
                            "Parallel Aware": false,
                            "Index Name": "info_type_id_movie_info",
                            "Startup Cost": 0.0,
                            "Total Cost": 53280.12,
                            "Plan Rows": 2982358,
                            "Plan Width": 0,
                            "Actual Startup Time": 107.041,
                            "Actual Total Time": 107.042,
                            "Actual Rows": 3036719,
                            "Actual Loops": 1,
                            "Index Cond": "(info_type_id = 16)"
                          }
                        ]
                      }
                    ]
                  },
                  {
                    "Node Type": "Materialize",
                    "Parent Relationship": "Inner",
                    "Parallel Aware": false,
                    "Startup Cost": 123548.13,
                    "Total Cost": 258790.91,
                    "Plan Rows": 720208,
                    "Plan Width": 8,
                    "Actual Startup Time": 399.791,
                    "Actual Total Time": 2253.784,
                    "Actual Rows": 1420254,
                    "Actual Loops": 2,
                    "Plans": [
                      {
                        "Node Type": "Merge Join",
                        "Parent Relationship": "Outer",
                        "Parallel Aware": false,
                        "Join Type": "Inner",
                        "Startup Cost": 123548.13,
                        "Total Cost": 256990.39,
                        "Plan Rows": 720208,
                        "Plan Width": 8,
                        "Actual Startup Time": 399.785,
                        "Actual Total Time": 2097.835,
                        "Actual Rows": 723098,
                        "Actual Loops": 2,
                        "Inner Unique": false,
                        "Merge Cond": "(t.id = mc.movie_id)",
                        "Plans": [
                          {
                            "Node Type": "Index Scan",
                            "Parent Relationship": "Outer",
                            "Parallel Aware": false,
                            "Scan Direction": "Forward",
                            "Index Name": "title_pkey",
                            "Relation Name": "title",
                            "Alias": "t",
                            "Startup Cost": 0.43,
                            "Total Cost": 116660.7,
                            "Plan Rows": 2297075,
                            "Plan Width": 4,
                            "Actual Startup Time": 0.077,
                            "Actual Total Time": 1361.843,
                            "Actual Rows": 2290950,
                            "Actual Loops": 2,
                            "Filter": "(production_year > 1949)",
                            "Rows Removed by Filter": 234796
                          },
                          {
                            "Node Type": "Sort",
                            "Parent Relationship": "Inner",
                            "Parallel Aware": false,
                            "Startup Cost": 123545.25,
                            "Total Cost": 125527.0,
                            "Plan Rows": 792702,
                            "Plan Width": 4,
                            "Actual Startup Time": 399.677,
                            "Actual Total Time": 462.502,
                            "Actual Rows": 807315,
                            "Actual Loops": 2,
                            "Sort Key": [
                              "mc.movie_id"
                            ],
                            "Sort Method": "quicksort",
                            "Sort Space Used": 62419,
                            "Sort Space Type": "Memory",
                            "Workers": [
                              {
                                "Worker Number": 0,
                                "Sort Method": "quicksort",
                                "Sort Space Used": 62419,
                                "Sort Space Type": "Memory"
                              }
                            ],
                            "Plans": [
                              {
                                "Node Type": "Bitmap Heap Scan",
                                "Parent Relationship": "Outer",
                                "Parallel Aware": false,
                                "Relation Name": "movie_companies",
                                "Alias": "mc",
                                "Startup Cost": 17175.87,
                                "Total Cost": 45874.65,
                                "Plan Rows": 792702,
                                "Plan Width": 4,
                                "Actual Startup Time": 49.586,
                                "Actual Total Time": 188.473,
                                "Actual Rows": 807315,
                                "Actual Loops": 2,
                                "Recheck Cond": "(company_id > 29607)",
                                "Rows Removed by Index Recheck": 0,
                                "Exact Heap Blocks": 13913,
                                "Lossy Heap Blocks": 0,
                                "Plans": [
                                  {
                                    "Node Type": "Bitmap Index Scan",
                                    "Parent Relationship": "Outer",
                                    "Parallel Aware": false,
                                    "Index Name": "company_id_movie_companies",
                                    "Startup Cost": 0.0,
                                    "Total Cost": 16977.69,
                                    "Plan Rows": 792702,
                                    "Plan Width": 0,
                                    "Actual Startup Time": 47.289,
                                    "Actual Total Time": 47.289,
                                    "Actual Rows": 807315,
                                    "Actual Loops": 2,
                                    "Index Cond": "(company_id > 29607)"
                                  }
                                ]
                              }
                            ]
                          }
                        ]
                      }
                    ]
                  }
                ]
              }
            ]
          }
        ]
      }
    ]
  },
  "Planning Time": 1.113,
  "Triggers": [],
  "Execution Time": 3657.637
}