[
  {
    "Plan": {
      "Node Type": "Aggregate",
      "Strategy": "Plain",
      "Partial Mode": "Finalize",
      "Parallel Aware": false,
      "Startup Cost": 27908.94,
      "Total Cost": 27908.95,
      "Plan Rows": 1,
      "Plan Width": 8,
      "Actual Startup Time": 73.467,
      "Actual Total Time": 80.098,
      "Actual Rows": 1,
      "Actual Loops": 1,
      "Plans": [
        {
          "Node Type": "Gather",
          "Parent Relationship": "Outer",
          "Parallel Aware": false,
          "Startup Cost": 27908.52,
          "Total Cost": 27908.93,
          "Plan Rows": 4,
          "Plan Width": 8,
          "Actual Startup Time": 73.408,
          "Actual Total Time": 80.091,
          "Actual Rows": 5,
          "Actual Loops": 1,
          "Workers Planned": 4,
          "Workers Launched": 4,
          "Single Copy": false,
          "Plans": [
            {
              "Node Type": "Aggregate",
              "Strategy": "Plain",
              "Partial Mode": "Partial",
              "Parent Relationship": "Outer",
              "Parallel Aware": false,
              "Startup Cost": 26908.52,
              "Total Cost": 26908.53,
              "Plan Rows": 1,
              "Plan Width": 8,
              "Actual Startup Time": 65.151,
              "Actual Total Time": 65.152,
              "Actual Rows": 1,
              "Actual Loops": 5,
              "Plans": [
                {
                  "Node Type": "Index Scan",
                  "Parent Relationship": "Outer",
                  "Parallel Aware": true,
                  "Scan Direction": "Forward",
                  "Index Name": "role_id_cast_info",
                  "Relation Name": "cast_info",
                  "Alias": "ci",
                  "Startup Cost": 0.56,
                  "Total Cost": 26337.94,
                  "Plan Rows": 228230,
                  "Plan Width": 0,
                  "Actual Startup Time": 0.129,
                  "Actual Total Time": 53.977,
                  "Actual Rows": 179678,
                  "Actual Loops": 5,
                  "Index Cond": "(role_id = 5)",
                  "Rows Removed by Index Recheck": 0,
                  "Filter": "(person_id < 3843999)",
                  "Rows Removed by Filter": 0
                }
              ]
            }
          ]
        }
      ]
    },
    "Planning Time": 0.158,
    "Triggers": [],
    "Execution Time": 80.142
  }
]