[
  {
    "Plan": {
      "Node Type": "Aggregate",
      "Strategy": "Plain",
      "Partial Mode": "Finalize",
      "Parallel Aware": false,
      "Startup Cost": 17332.54,
      "Total Cost": 17332.55,
      "Plan Rows": 1,
      "Plan Width": 8,
      "Actual Startup Time": 45.973,
      "Actual Total Time": 50.83,
      "Actual Rows": 1,
      "Actual Loops": 1,
      "Plans": [
        {
          "Node Type": "Gather",
          "Parent Relationship": "Outer",
          "Parallel Aware": false,
          "Startup Cost": 17332.33,
          "Total Cost": 17332.54,
          "Plan Rows": 2,
          "Plan Width": 8,
          "Actual Startup Time": 45.863,
          "Actual Total Time": 50.823,
          "Actual Rows": 3,
          "Actual Loops": 1,
          "Workers Planned": 2,
          "Workers Launched": 2,
          "Single Copy": false,
          "Plans": [
            {
              "Node Type": "Aggregate",
              "Strategy": "Plain",
              "Partial Mode": "Partial",
              "Parent Relationship": "Outer",
              "Parallel Aware": false,
              "Startup Cost": 16332.33,
              "Total Cost": 16332.34,
              "Plan Rows": 1,
              "Plan Width": 8,
              "Actual Startup Time": 42.0,
              "Actual Total Time": 42.003,
              "Actual Rows": 1,
              "Actual Loops": 3,
              "Plans": [
                {
                  "Node Type": "Nested Loop",
                  "Parent Relationship": "Outer",
                  "Parallel Aware": false,
                  "Join Type": "Inner",
                  "Startup Cost": 86.47,
                  "Total Cost": 16329.34,
                  "Plan Rows": 1196,
                  "Plan Width": 0,
                  "Actual Startup Time": 30.043,
                  "Actual Total Time": 41.947,
                  "Actual Rows": 467,
                  "Actual Loops": 3,
                  "Inner Unique": false,
                  "Plans": [
                    {
                      "Node Type": "Nested Loop",
                      "Parent Relationship": "Outer",
                      "Parallel Aware": false,
                      "Join Type": "Inner",
                      "Startup Cost": 86.03,
                      "Total Cost": 15743.37,
                      "Plan Rows": 204,
                      "Plan Width": 8,
                      "Actual Startup Time": 29.796,
                      "Actual Total Time": 37.444,
                      "Actual Rows": 21,
                      "Actual Loops": 3,
                      "Inner Unique": true,
                      "Plans": [
                        {
                          "Node Type": "Bitmap Heap Scan",
                          "Parent Relationship": "Outer",
                          "Parallel Aware": true,
                          "Relation Name": "movie_companies",
                          "Alias": "mc",
                          "Startup Cost": 85.6,
                          "Total Cost": 9524.23,
                          "Plan Rows": 780,
                          "Plan Width": 4,
                          "Actual Startup Time": 1.446,
                          "Actual Total Time": 4.415,
                          "Actual Rows": 649,
                          "Actual Loops": 3,
                          "Recheck Cond": "(company_id = 181)",
                          "Rows Removed by Index Recheck": 0,
                          "Filter": "(company_type_id < 2)",
                          "Rows Removed by Filter": 478,
                          "Exact Heap Blocks": 624,
                          "Lossy Heap Blocks": 0,
                          "Plans": [
                            {
                              "Node Type": "Bitmap Index Scan",
                              "Parent Relationship": "Outer",
                              "Parallel Aware": false,
                              "Index Name": "company_id_movie_companies",
                              "Startup Cost": 0.0,
                              "Total Cost": 85.13,
                              "Plan Rows": 3827,
                              "Plan Width": 0,
                              "Actual Startup Time": 3.849,
                              "Actual Total Time": 3.851,
                              "Actual Rows": 3380,
                              "Actual Loops": 1,
                              "Index Cond": "(company_id = 181)"
                            }
                          ]
                        },
                        {
                          "Node Type": "Index Scan",
                          "Parent Relationship": "Inner",
                          "Parallel Aware": false,
                          "Scan Direction": "Forward",
                          "Index Name": "title_pkey",
                          "Relation Name": "title",
                          "Alias": "t",
                          "Startup Cost": 0.43,
                          "Total Cost": 7.97,
                          "Plan Rows": 1,
                          "Plan Width": 4,
                          "Actual Startup Time": 0.05,
                          "Actual Total Time": 0.05,
                          "Actual Rows": 0,
                          "Actual Loops": 1947,
                          "Index Cond": "(id = mc.movie_id)",
                          "Rows Removed by Index Recheck": 0,
                          "Filter": "(kind_id = 1)",
                          "Rows Removed by Filter": 1
                        }
                      ]
                    },
                    {
                      "Node Type": "Index Only Scan",
                      "Parent Relationship": "Inner",
                      "Parallel Aware": false,
                      "Scan Direction": "Forward",
                      "Index Name": "movie_id_movie_info",
                      "Relation Name": "movie_info",
                      "Alias": "mi",
                      "Startup Cost": 0.43,
                      "Total Cost": 2.46,
                      "Plan Rows": 41,
                      "Plan Width": 4,
                      "Actual Startup Time": 0.133,
                      "Actual Total Time": 0.211,
                      "Actual Rows": 22,
                      "Actual Loops": 63,
                      "Index Cond": "(movie_id = t.id)",
                      "Rows Removed by Index Recheck": 0,
                      "Heap Fetches": 1400
                    }
                  ]
                }
              ]
            }
          ]
        }
      ]
    },
    "Planning Time": 0.717,
    "Triggers": [],
    "Execution Time": 50.898
  }
]