[
  {
    "Plan": {
      "Node Type": "Aggregate",
      "Strategy": "Plain",
      "Partial Mode": "Finalize",
      "Parallel Aware": false,
      "Startup Cost": 45423.24,
      "Total Cost": 45423.25,
      "Plan Rows": 1,
      "Plan Width": 8,
      "Actual Startup Time": 150.493,
      "Actual Total Time": 159.492,
      "Actual Rows": 1,
      "Actual Loops": 1,
      "Plans": [
        {
          "Node Type": "Gather",
          "Parent Relationship": "Outer",
          "Parallel Aware": false,
          "Startup Cost": 45422.92,
          "Total Cost": 45423.23,
          "Plan Rows": 3,
          "Plan Width": 8,
          "Actual Startup Time": 150.36,
          "Actual Total Time": 159.482,
          "Actual Rows": 4,
          "Actual Loops": 1,
          "Workers Planned": 3,
          "Workers Launched": 3,
          "Single Copy": false,
          "Plans": [
            {
              "Node Type": "Aggregate",
              "Strategy": "Plain",
              "Partial Mode": "Partial",
              "Parent Relationship": "Outer",
              "Parallel Aware": false,
              "Startup Cost": 44422.92,
              "Total Cost": 44422.93,
              "Plan Rows": 1,
              "Plan Width": 8,
              "Actual Startup Time": 145.02,
              "Actual Total Time": 145.021,
              "Actual Rows": 1,
              "Actual Loops": 4,
              "Plans": [
                {
                  "Node Type": "Seq Scan",
                  "Parent Relationship": "Outer",
                  "Parallel Aware": true,
                  "Relation Name": "movie_keyword",
                  "Alias": "mk",
                  "Startup Cost": 0.0,
                  "Total Cost": 42695.65,
                  "Plan Rows": 690908,
                  "Plan Width": 0,
                  "Actual Startup Time": 0.494,
                  "Actual Total Time": 119.23,
                  "Actual Rows": 535420,
                  "Actual Loops": 4,
                  "Filter": "(keyword_id > 5460)",
                  "Rows Removed by Filter": 595562
                }
              ]
            }
          ]
        }
      ]
    },
    "Planning Time": 0.178,
    "Triggers": [],
    "Execution Time": 159.545
  }
]