[
  {
    "Plan": {
      "Node Type": "Aggregate",
      "Strategy": "Plain",
      "Partial Mode": "Finalize",
      "Parallel Aware": false,
      "Startup Cost": 41428.61,
      "Total Cost": 41428.62,
      "Plan Rows": 1,
      "Plan Width": 8,
      "Actual Startup Time": 154.637,
      "Actual Total Time": 161.737,
      "Actual Rows": 1,
      "Actual Loops": 1,
      "Plans": [
        {
          "Node Type": "Gather",
          "Parent Relationship": "Outer",
          "Parallel Aware": false,
          "Startup Cost": 41428.29,
          "Total Cost": 41428.6,
          "Plan Rows": 3,
          "Plan Width": 8,
          "Actual Startup Time": 154.397,
          "Actual Total Time": 161.728,
          "Actual Rows": 4,
          "Actual Loops": 1,
          "Workers Planned": 3,
          "Workers Launched": 3,
          "Single Copy": false,
          "Plans": [
            {
              "Node Type": "Aggregate",
              "Strategy": "Plain",
              "Partial Mode": "Partial",
              "Parent Relationship": "Outer",
              "Parallel Aware": false,
              "Startup Cost": 40428.29,
              "Total Cost": 40428.3,
              "Plan Rows": 1,
              "Plan Width": 8,
              "Actual Startup Time": 150.247,
              "Actual Total Time": 150.248,
              "Actual Rows": 1,
              "Actual Loops": 4,
              "Plans": [
                {
                  "Node Type": "Bitmap Heap Scan",
                  "Parent Relationship": "Outer",
                  "Parallel Aware": true,
                  "Relation Name": "movie_keyword",
                  "Alias": "mk",
                  "Startup Cost": 13007.79,
                  "Total Cost": 39933.88,
                  "Plan Rows": 197767,
                  "Plan Width": 0,
                  "Actual Startup Time": 62.286,
                  "Actual Total Time": 139.529,
                  "Actual Rows": 154789,
                  "Actual Loops": 4,
                  "Recheck Cond": "(keyword_id < 475)",
                  "Rows Removed by Index Recheck": 0,
                  "Exact Heap Blocks": 8431,
                  "Lossy Heap Blocks": 0,
                  "Plans": [
                    {
                      "Node Type": "Bitmap Index Scan",
                      "Parent Relationship": "Outer",
                      "Parallel Aware": false,
                      "Index Name": "keyword_id_movie_keyword",
                      "Startup Cost": 0.0,
                      "Total Cost": 12854.52,
                      "Plan Rows": 613078,
                      "Plan Width": 0,
                      "Actual Startup Time": 59.924,
                      "Actual Total Time": 59.924,
                      "Actual Rows": 619157,
                      "Actual Loops": 1,
                      "Index Cond": "(keyword_id < 475)"
                    }
                  ]
                }
              ]
            }
          ]
        }
      ]
    },
    "Planning Time": 0.228,
    "Triggers": [],
    "Execution Time": 161.817
  }
]