{
  "Plan": {
    "Node Type": "Aggregate",
    "Strategy": "Plain",
    "Partial Mode": "Finalize",
    "Parallel Aware": false,
    "Startup Cost": 86436.96,
    "Total Cost": 86436.97,
    "Plan Rows": 1,
    "Plan Width": 8,
    "Actual Startup Time": 362.987,
    "Actual Total Time": 372.457,
    "Actual Rows": 1,
    "Actual Loops": 1,
    "Plans": [
      {
        "Node Type": "Gather",
        "Parent Relationship": "Outer",
        "Parallel Aware": false,
        "Startup Cost": 86436.85,
        "Total Cost": 86436.96,
        "Plan Rows": 1,
        "Plan Width": 8,
        "Actual Startup Time": 362.457,
        "Actual Total Time": 372.45,
        "Actual Rows": 2,
        "Actual Loops": 1,
        "Workers Planned": 1,
        "Workers Launched": 1,
        "Single Copy": false,
        "Plans": [
          {
            "Node Type": "Aggregate",
            "Strategy": "Plain",
            "Partial Mode": "Partial",
            "Parent Relationship": "Outer",
            "Parallel Aware": false,
            "Startup Cost": 85436.85,
            "Total Cost": 85436.86,
            "Plan Rows": 1,
            "Plan Width": 8,
            "Actual Startup Time": 356.378,
            "Actual Total Time": 356.381,
            "Actual Rows": 1,
            "Actual Loops": 2,
            "Plans": [
              {
                "Node Type": "Hash Join",
                "Parent Relationship": "Outer",
                "Parallel Aware": true,
                "Join Type": "Inner",
                "Startup Cost": 24828.08,
                "Total Cost": 85304.64,
                "Plan Rows": 52881,
                "Plan Width": 0,
                "Actual Startup Time": 251.562,
                "Actual Total Time": 352.775,
                "Actual Rows": 86342,
                "Actual Loops": 2,
                "Inner Unique": false,
                "Hash Cond": "(t.id = mc.movie_id)",
                "Plans": [
                  {
                    "Node Type": "Seq Scan",
                    "Parent Relationship": "Outer",
                    "Parallel Aware": true,
                    "Relation Name": "title",
                    "Alias": "t",
                    "Startup Cost": 0.0,
                    "Total Cost": 50870.31,
                    "Plan Rows": 1487231,
                    "Plan Width": 4,
                    "Actual Startup Time": 0.009,
                    "Actual Total Time": 112.959,
                    "Actual Rows": 1264156,
                    "Actual Loops": 2
                  },
                  {
                    "Node Type": "Hash",
                    "Parent Relationship": "Inner",
                    "Parallel Aware": true,
                    "Startup Cost": 24167.07,
                    "Total Cost": 24167.07,
                    "Plan Rows": 52881,
                    "Plan Width": 4,
                    "Actual Startup Time": 69.686,
                    "Actual Total Time": 69.687,
                    "Actual Rows": 86342,
                    "Actual Loops": 2,
                    "Hash Buckets": 262144,
                    "Original Hash Buckets": 131072,
                    "Hash Batches": 1,
                    "Original Hash Batches": 1,
                    "Peak Memory Usage": 9856,
                    "Plans": [
                      {
                        "Node Type": "Bitmap Heap Scan",
                        "Parent Relationship": "Outer",
                        "Parallel Aware": true,
                        "Relation Name": "movie_companies",
                        "Alias": "mc",
                        "Startup Cost": 3814.82,
                        "Total Cost": 24167.07,
                        "Plan Rows": 52881,
                        "Plan Width": 4,
                        "Actual Startup Time": 18.147,
                        "Actual Total Time": 47.369,
                        "Actual Rows": 86342,
                        "Actual Loops": 2,
                        "Recheck Cond": "(company_id > 122854)",
                        "Rows Removed by Index Recheck": 0,
                        "Filter": "(company_type_id = 2)",
                        "Rows Removed by Filter": 0,
                        "Exact Heap Blocks": 3067,
                        "Lossy Heap Blocks": 0,
                        "Plans": [
                          {
                            "Node Type": "Bitmap Index Scan",
                            "Parent Relationship": "Outer",
                            "Parallel Aware": false,
                            "Index Name": "company_id_movie_companies",
                            "Startup Cost": 0.0,
                            "Total Cost": 3792.34,
                            "Plan Rows": 177055,
                            "Plan Width": 0,
                            "Actual Startup Time": 20.585,
                            "Actual Total Time": 20.585,
                            "Actual Rows": 172684,
                            "Actual Loops": 1,
                            "Index Cond": "(company_id > 122854)"
                          }
                        ]
                      }
                    ]
                  }
                ]
              }
            ]
          }
        ]
      }
    ]
  },
  "Planning Time": 0.713,
  "Triggers": [],
  "Execution Time": 372.545
}