[
  {
    "Plan": {
      "Node Type": "Aggregate",
      "Strategy": "Plain",
      "Partial Mode": "Finalize",
      "Parallel Aware": false,
      "Startup Cost": 91198.26,
      "Total Cost": 91198.27,
      "Plan Rows": 1,
      "Plan Width": 8,
      "Actual Startup Time": 243.923,
      "Actual Total Time": 262.982,
      "Actual Rows": 1,
      "Actual Loops": 1,
      "Plans": [
        {
          "Node Type": "Gather",
          "Parent Relationship": "Outer",
          "Parallel Aware": false,
          "Startup Cost": 91197.94,
          "Total Cost": 91198.25,
          "Plan Rows": 3,
          "Plan Width": 8,
          "Actual Startup Time": 243.426,
          "Actual Total Time": 262.976,
          "Actual Rows": 4,
          "Actual Loops": 1,
          "Workers Planned": 3,
          "Workers Launched": 3,
          "Single Copy": false,
          "Plans": [
            {
              "Node Type": "Aggregate",
              "Strategy": "Plain",
              "Partial Mode": "Partial",
              "Parent Relationship": "Outer",
              "Parallel Aware": false,
              "Startup Cost": 90197.94,
              "Total Cost": 90197.95,
              "Plan Rows": 1,
              "Plan Width": 8,
              "Actual Startup Time": 237.039,
              "Actual Total Time": 237.042,
              "Actual Rows": 1,
              "Actual Loops": 4,
              "Plans": [
                {
                  "Node Type": "Hash Join",
                  "Parent Relationship": "Outer",
                  "Parallel Aware": true,
                  "Join Type": "Inner",
                  "Startup Cost": 45610.39,
                  "Total Cost": 90168.58,
                  "Plan Rows": 11746,
                  "Plan Width": 0,
                  "Actual Startup Time": 124.397,
                  "Actual Total Time": 236.488,
                  "Actual Rows": 10982,
                  "Actual Loops": 4,
                  "Inner Unique": true,
                  "Hash Cond": "(mk.movie_id = t.id)",
                  "Plans": [
                    {
                      "Node Type": "Seq Scan",
                      "Parent Relationship": "Outer",
                      "Parallel Aware": true,
                      "Relation Name": "movie_keyword",
                      "Alias": "mk",
                      "Startup Cost": 0.0,
                      "Total Cost": 42695.65,
                      "Plan Rows": 709539,
                      "Plan Width": 4,
                      "Actual Startup Time": 0.298,
                      "Actual Total Time": 96.287,
                      "Actual Rows": 547276,
                      "Actual Loops": 4,
                      "Filter": "(keyword_id > 5159)",
                      "Rows Removed by Filter": 583707
                    },
                    {
                      "Node Type": "Hash",
                      "Parent Relationship": "Inner",
                      "Parallel Aware": true,
                      "Startup Cost": 45479.59,
                      "Total Cost": 45479.59,
                      "Plan Rows": 10464,
                      "Plan Width": 4,
                      "Actual Startup Time": 97.066,
                      "Actual Total Time": 97.067,
                      "Actual Rows": 28828,
                      "Actual Loops": 4,
                      "Hash Buckets": 131072,
                      "Original Hash Buckets": 65536,
                      "Hash Batches": 1,
                      "Original Hash Batches": 1,
                      "Peak Memory Usage": 6112,
                      "Plans": [
                        {
                          "Node Type": "Seq Scan",
                          "Parent Relationship": "Outer",
                          "Parallel Aware": true,
                          "Relation Name": "title",
                          "Alias": "t",
                          "Startup Cost": 0.0,
                          "Total Cost": 45479.59,
                          "Plan Rows": 10464,
                          "Plan Width": 4,
                          "Actual Startup Time": 52.313,
                          "Actual Total Time": 86.96,
                          "Actual Rows": 28828,
                          "Actual Loops": 4,
                          "Filter": "((kind_id < 7) AND (production_year < 1930))",
                          "Rows Removed by Filter": 603250
                        }
                      ]
                    }
                  ]
                }
              ]
            }
          ]
        }
      ]
    },
    "Planning Time": 0.171,
    "Triggers": [],
    "Execution Time": 263.01
  }
]