[
  {
    "Plan": {
      "Node Type": "Aggregate",
      "Strategy": "Plain",
      "Partial Mode": "Finalize",
      "Parallel Aware": false,
      "Startup Cost": 83043.73,
      "Total Cost": 83043.74,
      "Plan Rows": 1,
      "Plan Width": 8,
      "Actual Startup Time": 321.885,
      "Actual Total Time": 337.265,
      "Actual Rows": 1,
      "Actual Loops": 1,
      "Plans": [
        {
          "Node Type": "Gather",
          "Parent Relationship": "Outer",
          "Parallel Aware": false,
          "Startup Cost": 83043.31,
          "Total Cost": 83043.72,
          "Plan Rows": 4,
          "Plan Width": 8,
          "Actual Startup Time": 319.63,
          "Actual Total Time": 337.255,
          "Actual Rows": 5,
          "Actual Loops": 1,
          "Workers Planned": 4,
          "Workers Launched": 4,
          "Single Copy": false,
          "Plans": [
            {
              "Node Type": "Aggregate",
              "Strategy": "Plain",
              "Partial Mode": "Partial",
              "Parent Relationship": "Outer",
              "Parallel Aware": false,
              "Startup Cost": 82043.31,
              "Total Cost": 82043.32,
              "Plan Rows": 1,
              "Plan Width": 8,
              "Actual Startup Time": 311.948,
              "Actual Total Time": 311.951,
              "Actual Rows": 1,
              "Actual Loops": 5,
              "Plans": [
                {
                  "Node Type": "Hash Join",
                  "Parent Relationship": "Outer",
                  "Parallel Aware": true,
                  "Join Type": "Inner",
                  "Startup Cost": 35215.11,
                  "Total Cost": 81454.26,
                  "Plan Rows": 235618,
                  "Plan Width": 0,
                  "Actual Startup Time": 116.573,
                  "Actual Total Time": 306.406,
                  "Actual Rows": 125323,
                  "Actual Loops": 5,
                  "Inner Unique": false,
                  "Hash Cond": "(t.id = mc.movie_id)",
                  "Plans": [
                    {
                      "Node Type": "Seq Scan",
                      "Parent Relationship": "Outer",
                      "Parallel Aware": true,
                      "Relation Name": "title",
                      "Alias": "t",
                      "Startup Cost": 0.0,
                      "Total Cost": 42318.73,
                      "Plan Rows": 632073,
                      "Plan Width": 4,
                      "Actual Startup Time": 0.012,
                      "Actual Total Time": 63.799,
                      "Actual Rows": 505662,
                      "Actual Loops": 5
                    },
                    {
                      "Node Type": "Hash",
                      "Parent Relationship": "Inner",
                      "Parallel Aware": true,
                      "Startup Cost": 31414.82,
                      "Total Cost": 31414.82,
                      "Plan Rows": 304023,
                      "Plan Width": 4,
                      "Actual Startup Time": 113.114,
                      "Actual Total Time": 113.115,
                      "Actual Rows": 125323,
                      "Actual Loops": 5,
                      "Hash Buckets": 1048576,
                      "Original Hash Buckets": 1048576,
                      "Hash Batches": 1,
                      "Original Hash Batches": 1,
                      "Peak Memory Usage": 32832,
                      "Plans": [
                        {
                          "Node Type": "Seq Scan",
                          "Parent Relationship": "Outer",
                          "Parallel Aware": true,
                          "Relation Name": "movie_companies",
                          "Alias": "mc",
                          "Startup Cost": 0.0,
                          "Total Cost": 31414.82,
                          "Plan Rows": 304023,
                          "Plan Width": 4,
                          "Actual Startup Time": 41.741,
                          "Actual Total Time": 71.425,
                          "Actual Rows": 125323,
                          "Actual Loops": 5,
                          "Filter": "((company_id < 34358) AND (company_type_id > 1))",
                          "Rows Removed by Filter": 396502
                        }
                      ]
                    }
                  ]
                }
              ]
            }
          ]
        }
      ]
    },
    "Planning Time": 0.456,
    "Triggers": [],
    "Execution Time": 337.32
  }
]