[
  {
    "Plan": {
      "Node Type": "Aggregate",
      "Strategy": "Plain",
      "Partial Mode": "Finalize",
      "Parallel Aware": false,
      "Startup Cost": 46278.35,
      "Total Cost": 46278.36,
      "Plan Rows": 1,
      "Plan Width": 8,
      "Actual Startup Time": 157.529,
      "Actual Total Time": 165.476,
      "Actual Rows": 1,
      "Actual Loops": 1,
      "Plans": [
        {
          "Node Type": "Gather",
          "Parent Relationship": "Outer",
          "Parallel Aware": false,
          "Startup Cost": 46278.04,
          "Total Cost": 46278.35,
          "Plan Rows": 3,
          "Plan Width": 8,
          "Actual Startup Time": 157.418,
          "Actual Total Time": 165.468,
          "Actual Rows": 4,
          "Actual Loops": 1,
          "Workers Planned": 3,
          "Workers Launched": 3,
          "Single Copy": false,
          "Plans": [
            {
              "Node Type": "Aggregate",
              "Strategy": "Plain",
              "Partial Mode": "Partial",
              "Parent Relationship": "Outer",
              "Parallel Aware": false,
              "Startup Cost": 45278.04,
              "Total Cost": 45278.05,
              "Plan Rows": 1,
              "Plan Width": 8,
              "Actual Startup Time": 150.436,
              "Actual Total Time": 150.437,
              "Actual Rows": 1,
              "Actual Loops": 4,
              "Plans": [
                {
                  "Node Type": "Seq Scan",
                  "Parent Relationship": "Outer",
                  "Parallel Aware": true,
                  "Relation Name": "movie_keyword",
                  "Alias": "mk",
                  "Startup Cost": 0.0,
                  "Total Cost": 42695.65,
                  "Plan Rows": 1032953,
                  "Plan Width": 0,
                  "Actual Startup Time": 0.242,
                  "Actual Total Time": 115.477,
                  "Actual Rows": 796190,
                  "Actual Loops": 4,
                  "Filter": "(keyword_id > 1743)",
                  "Rows Removed by Filter": 334792
                }
              ]
            }
          ]
        }
      ]
    },
    "Planning Time": 0.184,
    "Triggers": [],
    "Execution Time": 165.531
  }
]