[
  {
    "Plan": {
      "Node Type": "Aggregate",
      "Strategy": "Plain",
      "Partial Mode": "Finalize",
      "Parallel Aware": false,
      "Startup Cost": 93363.61,
      "Total Cost": 93363.62,
      "Plan Rows": 1,
      "Plan Width": 8,
      "Actual Startup Time": 310.942,
      "Actual Total Time": 328.206,
      "Actual Rows": 1,
      "Actual Loops": 1,
      "Plans": [
        {
          "Node Type": "Gather",
          "Parent Relationship": "Outer",
          "Parallel Aware": false,
          "Startup Cost": 93363.29,
          "Total Cost": 93363.6,
          "Plan Rows": 3,
          "Plan Width": 8,
          "Actual Startup Time": 309.384,
          "Actual Total Time": 328.197,
          "Actual Rows": 4,
          "Actual Loops": 1,
          "Workers Planned": 3,
          "Workers Launched": 3,
          "Single Copy": false,
          "Plans": [
            {
              "Node Type": "Aggregate",
              "Strategy": "Plain",
              "Partial Mode": "Partial",
              "Parent Relationship": "Outer",
              "Parallel Aware": false,
              "Startup Cost": 92363.29,
              "Total Cost": 92363.3,
              "Plan Rows": 1,
              "Plan Width": 8,
              "Actual Startup Time": 300.884,
              "Actual Total Time": 300.886,
              "Actual Rows": 1,
              "Actual Loops": 4,
              "Plans": [
                {
                  "Node Type": "Hash Join",
                  "Parent Relationship": "Outer",
                  "Parallel Aware": true,
                  "Join Type": "Inner",
                  "Startup Cost": 47041.54,
                  "Total Cost": 91947.09,
                  "Plan Rows": 166482,
                  "Plan Width": 0,
                  "Actual Startup Time": 136.231,
                  "Actual Total Time": 298.834,
                  "Actual Rows": 47507,
                  "Actual Loops": 4,
                  "Inner Unique": true,
                  "Hash Cond": "(mk.movie_id = t.id)",
                  "Plans": [
                    {
                      "Node Type": "Seq Scan",
                      "Parent Relationship": "Outer",
                      "Parallel Aware": true,
                      "Relation Name": "movie_keyword",
                      "Alias": "mk",
                      "Startup Cost": 0.0,
                      "Total Cost": 42695.65,
                      "Plan Rows": 841865,
                      "Plan Width": 4,
                      "Actual Startup Time": 0.215,
                      "Actual Total Time": 103.499,
                      "Actual Rows": 651268,
                      "Actual Loops": 4,
                      "Filter": "(keyword_id > 3305)",
                      "Rows Removed by Filter": 479714
                    },
                    {
                      "Node Type": "Hash",
                      "Parent Relationship": "Inner",
                      "Parallel Aware": true,
                      "Startup Cost": 45479.1,
                      "Total Cost": 45479.1,
                      "Plan Rows": 124995,
                      "Plan Width": 4,
                      "Actual Startup Time": 132.42,
                      "Actual Total Time": 132.421,
                      "Actual Rows": 92145,
                      "Actual Loops": 4,
                      "Hash Buckets": 524288,
                      "Original Hash Buckets": 524288,
                      "Hash Batches": 1,
                      "Original Hash Batches": 1,
                      "Peak Memory Usage": 18560,
                      "Plans": [
                        {
                          "Node Type": "Seq Scan",
                          "Parent Relationship": "Outer",
                          "Parallel Aware": true,
                          "Relation Name": "title",
                          "Alias": "t",
                          "Startup Cost": 0.0,
                          "Total Cost": 45479.1,
                          "Plan Rows": 124995,
                          "Plan Width": 4,
                          "Actual Startup Time": 0.05,
                          "Actual Total Time": 98.288,
                          "Actual Rows": 92145,
                          "Actual Loops": 4,
                          "Filter": "((kind_id > 1) AND (production_year < 1990))",
                          "Rows Removed by Filter": 539933
                        }
                      ]
                    }
                  ]
                }
              ]
            }
          ]
        }
      ]
    },
    "Planning Time": 0.633,
    "Triggers": [],
    "Execution Time": 328.269
  }
]