[
  {
    "Plan": {
      "Node Type": "Aggregate",
      "Strategy": "Plain",
      "Partial Mode": "Finalize",
      "Parallel Aware": false,
      "Startup Cost": 48173.52,
      "Total Cost": 48173.53,
      "Plan Rows": 1,
      "Plan Width": 8,
      "Actual Startup Time": 98.837,
      "Actual Total Time": 113.025,
      "Actual Rows": 1,
      "Actual Loops": 1,
      "Plans": [
        {
          "Node Type": "Gather",
          "Parent Relationship": "Outer",
          "Parallel Aware": false,
          "Startup Cost": 48173.1,
          "Total Cost": 48173.51,
          "Plan Rows": 4,
          "Plan Width": 8,
          "Actual Startup Time": 98.708,
          "Actual Total Time": 113.017,
          "Actual Rows": 5,
          "Actual Loops": 1,
          "Workers Planned": 4,
          "Workers Launched": 4,
          "Single Copy": false,
          "Plans": [
            {
              "Node Type": "Aggregate",
              "Strategy": "Plain",
              "Partial Mode": "Partial",
              "Parent Relationship": "Outer",
              "Parallel Aware": false,
              "Startup Cost": 47173.1,
              "Total Cost": 47173.11,
              "Plan Rows": 1,
              "Plan Width": 8,
              "Actual Startup Time": 88.613,
              "Actual Total Time": 88.614,
              "Actual Rows": 1,
              "Actual Loops": 5,
              "Plans": [
                {
                  "Node Type": "Nested Loop",
                  "Parent Relationship": "Outer",
                  "Parallel Aware": false,
                  "Join Type": "Inner",
                  "Startup Cost": 0.43,
                  "Total Cost": 47172.9,
                  "Plan Rows": 77,
                  "Plan Width": 0,
                  "Actual Startup Time": 59.506,
                  "Actual Total Time": 88.595,
                  "Actual Rows": 98,
                  "Actual Loops": 5,
                  "Inner Unique": false,
                  "Plans": [
                    {
                      "Node Type": "Seq Scan",
                      "Parent Relationship": "Outer",
                      "Parallel Aware": true,
                      "Relation Name": "title",
                      "Alias": "t",
                      "Startup Cost": 0.0,
                      "Total Cost": 45479.1,
                      "Plan Rows": 210,
                      "Plan Width": 4,
                      "Actual Startup Time": 58.857,
                      "Actual Total Time": 83.667,
                      "Actual Rows": 802,
                      "Actual Loops": 5,
                      "Filter": "((kind_id = 1) AND (production_year = 1920))",
                      "Rows Removed by Filter": 504860
                    },
                    {
                      "Node Type": "Index Scan",
                      "Parent Relationship": "Inner",
                      "Parallel Aware": false,
                      "Scan Direction": "Forward",
                      "Index Name": "movie_id_movie_info_idx",
                      "Relation Name": "movie_info_idx",
                      "Alias": "mi_idx",
                      "Startup Cost": 0.43,
                      "Total Cost": 8.05,
                      "Plan Rows": 2,
                      "Plan Width": 4,
                      "Actual Startup Time": 0.006,
                      "Actual Total Time": 0.006,
                      "Actual Rows": 0,
                      "Actual Loops": 4012,
                      "Index Cond": "(movie_id = t.id)",
                      "Rows Removed by Index Recheck": 0,
                      "Filter": "(info_type_id > 99)",
                      "Rows Removed by Filter": 0
                    }
                  ]
                }
              ]
            }
          ]
        }
      ]
    },
    "Planning Time": 0.627,
    "Triggers": [],
    "Execution Time": 113.098
  }
]