[
    {
        "Bao": {
            "Bao prediction": "NaN",
            "Bao recommended hint": "(no hint)"
        }
    },
    {
        "Plan": {
            "Node Type": "Aggregate",
            "Strategy": "Plain",
            "Partial Mode": "Finalize",
            "Parallel Aware": false,
            "Startup Cost": 333491.98,
            "Total Cost": 333491.99,
            "Plan Rows": 1,
            "Plan Width": 8,
            "Actual Startup Time": 485.206,
            "Actual Total Time": 506.621,
            "Actual Rows": 1,
            "Actual Loops": 1,
            "Output": [
                "count(*)"
            ],
            "Plans": [
                {
                    "Node Type": "Gather",
                    "Parent Relationship": "Outer",
                    "Parallel Aware": false,
                    "Startup Cost": 333491.36,
                    "Total Cost": 333491.97,
                    "Plan Rows": 6,
                    "Plan Width": 8,
                    "Actual Startup Time": 464.674,
                    "Actual Total Time": 506.612,
                    "Actual Rows": 7,
                    "Actual Loops": 1,
                    "Output": [
                        "(PARTIAL count(*))"
                    ],
                    "Workers Planned": 6,
                    "Workers Launched": 6,
                    "Single Copy": false,
                    "Plans": [
                        {
                            "Node Type": "Aggregate",
                            "Strategy": "Plain",
                            "Partial Mode": "Partial",
                            "Parent Relationship": "Outer",
                            "Parallel Aware": false,
                            "Startup Cost": 332491.36,
                            "Total Cost": 332491.37,
                            "Plan Rows": 1,
                            "Plan Width": 8,
                            "Actual Startup Time": 451.776,
                            "Actual Total Time": 451.78,
                            "Actual Rows": 1,
                            "Actual Loops": 7,
                            "Output": [
                                "PARTIAL count(*)"
                            ],
                            "Workers": [
                                {
                                    "Worker Number": 0,
                                    "Actual Startup Time": 449.233,
                                    "Actual Total Time": 449.235,
                                    "Actual Rows": 1,
                                    "Actual Loops": 1
                                },
                                {
                                    "Worker Number": 1,
                                    "Actual Startup Time": 451.165,
                                    "Actual Total Time": 451.169,
                                    "Actual Rows": 1,
                                    "Actual Loops": 1
                                },
                                {
                                    "Worker Number": 2,
                                    "Actual Startup Time": 449.372,
                                    "Actual Total Time": 449.375,
                                    "Actual Rows": 1,
                                    "Actual Loops": 1
                                },
                                {
                                    "Worker Number": 3,
                                    "Actual Startup Time": 449.435,
                                    "Actual Total Time": 449.44,
                                    "Actual Rows": 1,
                                    "Actual Loops": 1
                                },
                                {
                                    "Worker Number": 4,
                                    "Actual Startup Time": 449.445,
                                    "Actual Total Time": 449.447,
                                    "Actual Rows": 1,
                                    "Actual Loops": 1
                                },
                                {
                                    "Worker Number": 5,
                                    "Actual Startup Time": 449.465,
                                    "Actual Total Time": 449.468,
                                    "Actual Rows": 1,
                                    "Actual Loops": 1
                                }
                            ],
                            "Plans": [
                                {
                                    "Node Type": "Hash Join",
                                    "Parent Relationship": "Outer",
                                    "Parallel Aware": true,
                                    "Join Type": "Inner",
                                    "Startup Cost": 76330.21,
                                    "Total Cost": 331998.57,
                                    "Plan Rows": 197115,
                                    "Plan Width": 0,
                                    "Actual Startup Time": 298.715,
                                    "Actual Total Time": 441.128,
                                    "Actual Rows": 182473,
                                    "Actual Loops": 7,
                                    "Inner Unique": true,
                                    "Hash Cond": "(ci.movie_id = t.id)",
                                    "Workers": [
                                        {
                                            "Worker Number": 0,
                                            "Actual Startup Time": 296.536,
                                            "Actual Total Time": 438.32,
                                            "Actual Rows": 140507,
                                            "Actual Loops": 1
                                        },
                                        {
                                            "Worker Number": 1,
                                            "Actual Startup Time": 296.271,
                                            "Actual Total Time": 440.082,
                                            "Actual Rows": 136910,
                                            "Actual Loops": 1
                                        },
                                        {
                                            "Worker Number": 2,
                                            "Actual Startup Time": 296.558,
                                            "Actual Total Time": 438.93,
                                            "Actual Rows": 201459,
                                            "Actual Loops": 1
                                        },
                                        {
                                            "Worker Number": 3,
                                            "Actual Startup Time": 296.914,
                                            "Actual Total Time": 438.436,
                                            "Actual Rows": 141992,
                                            "Actual Loops": 1
                                        },
                                        {
                                            "Worker Number": 4,
                                            "Actual Startup Time": 296.649,
                                            "Actual Total Time": 439.152,
                                            "Actual Rows": 199814,
                                            "Actual Loops": 1
                                        },
                                        {
                                            "Worker Number": 5,
                                            "Actual Startup Time": 296.385,
                                            "Actual Total Time": 439.178,
                                            "Actual Rows": 233107,
                                            "Actual Loops": 1
                                        }
                                    ],
                                    "Plans": [
                                        {
                                            "Node Type": "Bitmap Heap Scan",
                                            "Parent Relationship": "Outer",
                                            "Parallel Aware": true,
                                            "Relation Name": "cast_info",
                                            "Schema": "public",
                                            "Alias": "ci",
                                            "Startup Cost": 26110.4,
                                            "Total Cost": 281261.34,
                                            "Plan Rows": 197115,
                                            "Plan Width": 4,
                                            "Actual Startup Time": 61.861,
                                            "Actual Total Time": 102.892,
                                            "Actual Rows": 182473,
                                            "Actual Loops": 7,
                                            "Output": [
                                                "ci.id",
                                                "ci.person_id",
                                                "ci.movie_id",
                                                "ci.person_role_id",
                                                "ci.note",
                                                "ci.nr_order",
                                                "ci.role_id"
                                            ],
                                            "Recheck Cond": "(ci.person_id > 3814671)",
                                            "Rows Removed by Index Recheck": 0,
                                            "Exact Heap Blocks": 3183,
                                            "Lossy Heap Blocks": 0,
                                            "Workers": [
                                                {
                                                    "Worker Number": 0,
                                                    "Actual Startup Time": 61.959,
                                                    "Actual Total Time": 103.474,
                                                    "Actual Rows": 140507,
                                                    "Actual Loops": 1
                                                },
                                                {
                                                    "Worker Number": 1,
                                                    "Actual Startup Time": 61.726,
                                                    "Actual Total Time": 104.461,
                                                    "Actual Rows": 136910,
                                                    "Actual Loops": 1
                                                },
                                                {
                                                    "Worker Number": 2,
                                                    "Actual Startup Time": 61.809,
                                                    "Actual Total Time": 104.19,
                                                    "Actual Rows": 201459,
                                                    "Actual Loops": 1
                                                },
                                                {
                                                    "Worker Number": 3,
                                                    "Actual Startup Time": 61.999,
                                                    "Actual Total Time": 103.798,
                                                    "Actual Rows": 141992,
                                                    "Actual Loops": 1
                                                },
                                                {
                                                    "Worker Number": 4,
                                                    "Actual Startup Time": 61.898,
                                                    "Actual Total Time": 104.041,
                                                    "Actual Rows": 199814,
                                                    "Actual Loops": 1
                                                },
                                                {
                                                    "Worker Number": 5,
                                                    "Actual Startup Time": 61.625,
                                                    "Actual Total Time": 103.518,
                                                    "Actual Rows": 233107,
                                                    "Actual Loops": 1
                                                }
                                            ],
                                            "Plans": [
                                                {
                                                    "Node Type": "Bitmap Index Scan",
                                                    "Parent Relationship": "Outer",
                                                    "Parallel Aware": false,
                                                    "Index Name": "person_id_cast_info",
                                                    "Startup Cost": 0.0,
                                                    "Total Cost": 25814.73,
                                                    "Plan Rows": 1182689,
                                                    "Plan Width": 0,
                                                    "Actual Startup Time": 58.921,
                                                    "Actual Total Time": 58.922,
                                                    "Actual Rows": 1277310,
                                                    "Actual Loops": 1,
                                                    "Index Cond": "(ci.person_id > 3814671)",
                                                    "Workers": [
                                                        {
                                                            "Worker Number": 5,
                                                            "Actual Startup Time": 58.921,
                                                            "Actual Total Time": 58.922,
                                                            "Actual Rows": 1277310,
                                                            "Actual Loops": 1
                                                        }
                                                    ]
                                                }
                                            ]
                                        },
                                        {
                                            "Node Type": "Hash",
                                            "Parent Relationship": "Inner",
                                            "Parallel Aware": true,
                                            "Startup Cost": 42318.81,
                                            "Total Cost": 42318.81,
                                            "Plan Rows": 632080,
                                            "Plan Width": 4,
                                            "Actual Startup Time": 232.519,
                                            "Actual Total Time": 232.52,
                                            "Actual Rows": 361187,
                                            "Actual Loops": 7,
                                            "Output": [
                                                "t.id"
                                            ],
                                            "Hash Buckets": 4194304,
                                            "Original Hash Buckets": 4194304,
                                            "Hash Batches": 1,
                                            "Original Hash Batches": 1,
                                            "Peak Memory Usage": 131776,
                                            "Workers": [
                                                {
                                                    "Worker Number": 0,
                                                    "Actual Startup Time": 234.126,
                                                    "Actual Total Time": 234.127,
                                                    "Actual Rows": 253423,
                                                    "Actual Loops": 1
                                                },
                                                {
                                                    "Worker Number": 1,
                                                    "Actual Startup Time": 234.038,
                                                    "Actual Total Time": 234.039,
                                                    "Actual Rows": 235043,
                                                    "Actual Loops": 1
                                                },
                                                {
                                                    "Worker Number": 2,
                                                    "Actual Startup Time": 234.27,
                                                    "Actual Total Time": 234.271,
                                                    "Actual Rows": 390813,
                                                    "Actual Loops": 1
                                                },
                                                {
                                                    "Worker Number": 3,
                                                    "Actual Startup Time": 234.215,
                                                    "Actual Total Time": 234.216,
                                                    "Actual Rows": 359299,
                                                    "Actual Loops": 1
                                                },
                                                {
                                                    "Worker Number": 4,
                                                    "Actual Startup Time": 234.181,
                                                    "Actual Total Time": 234.182,
                                                    "Actual Rows": 375554,
                                                    "Actual Loops": 1
                                                },
                                                {
                                                    "Worker Number": 5,
                                                    "Actual Startup Time": 234.188,
                                                    "Actual Total Time": 234.189,
                                                    "Actual Rows": 382594,
                                                    "Actual Loops": 1
                                                }
                                            ],
                                            "Plans": [
                                                {
                                                    "Node Type": "Seq Scan",
                                                    "Parent Relationship": "Outer",
                                                    "Parallel Aware": true,
                                                    "Relation Name": "title",
                                                    "Schema": "public",
                                                    "Alias": "t",
                                                    "Startup Cost": 0.0,
                                                    "Total Cost": 42318.81,
                                                    "Plan Rows": 632080,
                                                    "Plan Width": 4,
                                                    "Actual Startup Time": 0.04,
                                                    "Actual Total Time": 68.278,
                                                    "Actual Rows": 361187,
                                                    "Actual Loops": 7,
                                                    "Output": [
                                                        "t.id"
                                                    ],
                                                    "Workers": [
                                                        {
                                                            "Worker Number": 0,
                                                            "Actual Startup Time": 0.053,
                                                            "Actual Total Time": 71.066,
                                                            "Actual Rows": 253423,
                                                            "Actual Loops": 1
                                                        },
                                                        {
                                                            "Worker Number": 1,
                                                            "Actual Startup Time": 0.044,
                                                            "Actual Total Time": 72.157,
                                                            "Actual Rows": 235043,
                                                            "Actual Loops": 1
                                                        },
                                                        {
                                                            "Worker Number": 2,
                                                            "Actual Startup Time": 0.045,
                                                            "Actual Total Time": 69.544,
                                                            "Actual Rows": 390813,
                                                            "Actual Loops": 1
                                                        },
                                                        {
                                                            "Worker Number": 3,
                                                            "Actual Startup Time": 0.035,
                                                            "Actual Total Time": 70.091,
                                                            "Actual Rows": 359299,
                                                            "Actual Loops": 1
                                                        },
                                                        {
                                                            "Worker Number": 4,
                                                            "Actual Startup Time": 0.044,
                                                            "Actual Total Time": 69.386,
                                                            "Actual Rows": 375554,
                                                            "Actual Loops": 1
                                                        },
                                                        {
                                                            "Worker Number": 5,
                                                            "Actual Startup Time": 0.052,
                                                            "Actual Total Time": 69.941,
                                                            "Actual Rows": 382594,
                                                            "Actual Loops": 1
                                                        }
                                                    ]
                                                }
                                            ]
                                        }
                                    ]
                                }
                            ]
                        }
                    ]
                }
            ]
        },
        "Planning Time": 187.524,
        "Triggers": [],
        "Execution Time": 506.679
    }
]