[
    {
        "Bao": {
            "Bao prediction": "NaN",
            "Bao recommended hint": "(no hint)"
        }
    },
    {
        "Plan": {
            "Node Type": "Aggregate",
            "Strategy": "Plain",
            "Partial Mode": "Finalize",
            "Parallel Aware": false,
            "Startup Cost": 33336.39,
            "Total Cost": 33336.4,
            "Plan Rows": 1,
            "Plan Width": 8,
            "Actual Startup Time": 96.563,
            "Actual Total Time": 102.464,
            "Actual Rows": 1,
            "Actual Loops": 1,
            "Output": [
                "count(*)"
            ],
            "Plans": [
                {
                    "Node Type": "Gather",
                    "Parent Relationship": "Outer",
                    "Parallel Aware": false,
                    "Startup Cost": 33336.07,
                    "Total Cost": 33336.38,
                    "Plan Rows": 3,
                    "Plan Width": 8,
                    "Actual Startup Time": 96.467,
                    "Actual Total Time": 102.456,
                    "Actual Rows": 4,
                    "Actual Loops": 1,
                    "Output": [
                        "(PARTIAL count(*))"
                    ],
                    "Workers Planned": 3,
                    "Workers Launched": 3,
                    "Single Copy": false,
                    "Plans": [
                        {
                            "Node Type": "Aggregate",
                            "Strategy": "Plain",
                            "Partial Mode": "Partial",
                            "Parent Relationship": "Outer",
                            "Parallel Aware": false,
                            "Startup Cost": 32336.07,
                            "Total Cost": 32336.08,
                            "Plan Rows": 1,
                            "Plan Width": 8,
                            "Actual Startup Time": 88.263,
                            "Actual Total Time": 88.264,
                            "Actual Rows": 1,
                            "Actual Loops": 4,
                            "Output": [
                                "PARTIAL count(*)"
                            ],
                            "Workers": [
                                {
                                    "Worker Number": 0,
                                    "Actual Startup Time": 85.143,
                                    "Actual Total Time": 85.144,
                                    "Actual Rows": 1,
                                    "Actual Loops": 1
                                },
                                {
                                    "Worker Number": 1,
                                    "Actual Startup Time": 85.843,
                                    "Actual Total Time": 85.844,
                                    "Actual Rows": 1,
                                    "Actual Loops": 1
                                },
                                {
                                    "Worker Number": 2,
                                    "Actual Startup Time": 86.213,
                                    "Actual Total Time": 86.214,
                                    "Actual Rows": 1,
                                    "Actual Loops": 1
                                }
                            ],
                            "Plans": [
                                {
                                    "Node Type": "Seq Scan",
                                    "Parent Relationship": "Outer",
                                    "Parallel Aware": true,
                                    "Relation Name": "movie_companies",
                                    "Schema": "public",
                                    "Alias": "mc",
                                    "Startup Cost": 0.0,
                                    "Total Cost": 31414.82,
                                    "Plan Rows": 368500,
                                    "Plan Width": 0,
                                    "Actual Startup Time": 45.62,
                                    "Actual Total Time": 78.751,
                                    "Actual Rows": 240320,
                                    "Actual Loops": 4,
                                    "Output": [
                                        "id",
                                        "movie_id",
                                        "company_id",
                                        "company_type_id",
                                        "note"
                                    ],
                                    "Filter": "((mc.company_id < 85125) AND (mc.company_type_id > 1))",
                                    "Rows Removed by Filter": 411963,
                                    "Workers": [
                                        {
                                            "Worker Number": 0,
                                            "Actual Startup Time": 42.492,
                                            "Actual Total Time": 75.748,
                                            "Actual Rows": 232115,
                                            "Actual Loops": 1
                                        },
                                        {
                                            "Worker Number": 1,
                                            "Actual Startup Time": 43.203,
                                            "Actual Total Time": 76.665,
                                            "Actual Rows": 227120,
                                            "Actual Loops": 1
                                        },
                                        {
                                            "Worker Number": 2,
                                            "Actual Startup Time": 43.568,
                                            "Actual Total Time": 76.968,
                                            "Actual Rows": 228574,
                                            "Actual Loops": 1
                                        }
                                    ]
                                }
                            ]
                        }
                    ]
                }
            ]
        },
        "Planning Time": 211.907,
        "Triggers": [],
        "Execution Time": 102.544
    }
]