[
  {
    "Plan": {
      "Node Type": "Aggregate",
      "Strategy": "Plain",
      "Partial Mode": "Finalize",
      "Parallel Aware": false,
      "Startup Cost": 60145.05,
      "Total Cost": 60145.06,
      "Plan Rows": 1,
      "Plan Width": 8,
      "Actual Startup Time": 187.437,
      "Actual Total Time": 201.338,
      "Actual Rows": 1,
      "Actual Loops": 1,
      "Plans": [
        {
          "Node Type": "Gather",
          "Parent Relationship": "Outer",
          "Parallel Aware": false,
          "Startup Cost": 60144.83,
          "Total Cost": 60145.04,
          "Plan Rows": 2,
          "Plan Width": 8,
          "Actual Startup Time": 187.268,
          "Actual Total Time": 201.328,
          "Actual Rows": 3,
          "Actual Loops": 1,
          "Workers Planned": 2,
          "Workers Launched": 2,
          "Single Copy": false,
          "Plans": [
            {
              "Node Type": "Aggregate",
              "Strategy": "Plain",
              "Partial Mode": "Partial",
              "Parent Relationship": "Outer",
              "Parallel Aware": false,
              "Startup Cost": 59144.83,
              "Total Cost": 59144.84,
              "Plan Rows": 1,
              "Plan Width": 8,
              "Actual Startup Time": 180.115,
              "Actual Total Time": 180.121,
              "Actual Rows": 1,
              "Actual Loops": 3,
              "Plans": [
                {
                  "Node Type": "Hash Join",
                  "Parent Relationship": "Outer",
                  "Parallel Aware": true,
                  "Join Type": "Inner",
                  "Startup Cost": 43942.37,
                  "Total Cost": 59136.93,
                  "Plan Rows": 3162,
                  "Plan Width": 0,
                  "Actual Startup Time": 111.507,
                  "Actual Total Time": 179.949,
                  "Actual Rows": 3105,
                  "Actual Loops": 3,
                  "Inner Unique": true,
                  "Hash Cond": "(mi_idx.movie_id = t.id)",
                  "Plans": [
                    {
                      "Node Type": "Seq Scan",
                      "Parent Relationship": "Outer",
                      "Parallel Aware": true,
                      "Relation Name": "movie_info_idx",
                      "Alias": "mi_idx",
                      "Startup Cost": 0.0,
                      "Total Cost": 13685.15,
                      "Plan Rows": 575015,
                      "Plan Width": 4,
                      "Actual Startup Time": 0.022,
                      "Actual Total Time": 34.707,
                      "Actual Rows": 460012,
                      "Actual Loops": 3
                    },
                    {
                      "Node Type": "Hash",
                      "Parent Relationship": "Inner",
                      "Parallel Aware": true,
                      "Startup Cost": 43898.92,
                      "Total Cost": 43898.92,
                      "Plan Rows": 3476,
                      "Plan Width": 4,
                      "Actual Startup Time": 109.834,
                      "Actual Total Time": 109.834,
                      "Actual Rows": 4354,
                      "Actual Loops": 3,
                      "Hash Buckets": 16384,
                      "Original Hash Buckets": 16384,
                      "Hash Batches": 1,
                      "Original Hash Batches": 1,
                      "Peak Memory Usage": 672,
                      "Plans": [
                        {
                          "Node Type": "Seq Scan",
                          "Parent Relationship": "Outer",
                          "Parallel Aware": true,
                          "Relation Name": "title",
                          "Alias": "t",
                          "Startup Cost": 0.0,
                          "Total Cost": 43898.92,
                          "Plan Rows": 3476,
                          "Plan Width": 4,
                          "Actual Startup Time": 0.244,
                          "Actual Total Time": 107.717,
                          "Actual Rows": 4354,
                          "Actual Loops": 3,
                          "Filter": "(production_year = 1965)",
                          "Rows Removed by Filter": 838416
                        }
                      ]
                    }
                  ]
                }
              ]
            }
          ]
        }
      ]
    },
    "Planning Time": 0.598,
    "Triggers": [],
    "Execution Time": 201.408
  }
]