[
  {
    "Plan": {
      "Node Type": "Aggregate",
      "Strategy": "Plain",
      "Partial Mode": "Finalize",
      "Parallel Aware": false,
      "Startup Cost": 342836.93,
      "Total Cost": 342836.95,
      "Plan Rows": 1,
      "Plan Width": 8,
      "Actual Startup Time": 820.977,
      "Actual Total Time": 888.693,
      "Actual Rows": 1,
      "Actual Loops": 1,
      "Plans": [
        {
          "Node Type": "Gather",
          "Parent Relationship": "Outer",
          "Parallel Aware": false,
          "Startup Cost": 342836.31,
          "Total Cost": 342836.92,
          "Plan Rows": 6,
          "Plan Width": 8,
          "Actual Startup Time": 820.726,
          "Actual Total Time": 888.685,
          "Actual Rows": 7,
          "Actual Loops": 1,
          "Workers Planned": 6,
          "Workers Launched": 6,
          "Single Copy": false,
          "Plans": [
            {
              "Node Type": "Aggregate",
              "Strategy": "Plain",
              "Partial Mode": "Partial",
              "Parent Relationship": "Outer",
              "Parallel Aware": false,
              "Startup Cost": 341836.31,
              "Total Cost": 341836.32,
              "Plan Rows": 1,
              "Plan Width": 8,
              "Actual Startup Time": 810.411,
              "Actual Total Time": 810.412,
              "Actual Rows": 1,
              "Actual Loops": 7,
              "Plans": [
                {
                  "Node Type": "Seq Scan",
                  "Parent Relationship": "Outer",
                  "Parallel Aware": true,
                  "Relation Name": "cast_info",
                  "Alias": "ci",
                  "Startup Cost": 0.0,
                  "Total Cost": 328162.03,
                  "Plan Rows": 5469714,
                  "Plan Width": 0,
                  "Actual Startup Time": 0.05,
                  "Actual Total Time": 618.212,
                  "Actual Rows": 4711255,
                  "Actual Loops": 7,
                  "Filter": "(person_id < 3460772)",
                  "Rows Removed by Filter": 466508
                }
              ]
            }
          ]
        }
      ]
    },
    "Planning Time": 0.128,
    "Triggers": [],
    "Execution Time": 888.751
  }
]