[
  {
    "Plan": {
      "Node Type": "Aggregate",
      "Strategy": "Plain",
      "Partial Mode": "Finalize",
      "Parallel Aware": false,
      "Startup Cost": 352893.35,
      "Total Cost": 352893.36,
      "Plan Rows": 1,
      "Plan Width": 8,
      "Actual Startup Time": 903.886,
      "Actual Total Time": 967.064,
      "Actual Rows": 1,
      "Actual Loops": 1,
      "Plans": [
        {
          "Node Type": "Gather",
          "Parent Relationship": "Outer",
          "Parallel Aware": false,
          "Startup Cost": 352892.72,
          "Total Cost": 352893.33,
          "Plan Rows": 6,
          "Plan Width": 8,
          "Actual Startup Time": 903.756,
          "Actual Total Time": 967.051,
          "Actual Rows": 7,
          "Actual Loops": 1,
          "Workers Planned": 6,
          "Workers Launched": 6,
          "Single Copy": false,
          "Plans": [
            {
              "Node Type": "Aggregate",
              "Strategy": "Plain",
              "Partial Mode": "Partial",
              "Parent Relationship": "Outer",
              "Parallel Aware": false,
              "Startup Cost": 351892.72,
              "Total Cost": 351892.73,
              "Plan Rows": 1,
              "Plan Width": 8,
              "Actual Startup Time": 892.974,
              "Actual Total Time": 892.975,
              "Actual Rows": 1,
              "Actual Loops": 7,
              "Plans": [
                {
                  "Node Type": "Seq Scan",
                  "Parent Relationship": "Outer",
                  "Parallel Aware": true,
                  "Relation Name": "cast_info",
                  "Alias": "ci",
                  "Startup Cost": 0.0,
                  "Total Cost": 343257.03,
                  "Plan Rows": 3454277,
                  "Plan Width": 0,
                  "Actual Startup Time": 245.673,
                  "Actual Total Time": 759.599,
                  "Actual Rows": 2736426,
                  "Actual Loops": 7,
                  "Filter": "((person_id < 3254028) AND (role_id > 1))",
                  "Rows Removed by Filter": 2441337
                }
              ]
            }
          ]
        }
      ]
    },
    "Planning Time": 0.202,
    "Triggers": [],
    "Execution Time": 967.138
  }
]