[
  {
    "Plan": {
      "Node Type": "Aggregate",
      "Strategy": "Plain",
      "Partial Mode": "Finalize",
      "Parallel Aware": false,
      "Startup Cost": 405647.46,
      "Total Cost": 405647.47,
      "Plan Rows": 1,
      "Plan Width": 8,
      "Actual Startup Time": 1720.584,
      "Actual Total Time": 1786.443,
      "Actual Rows": 1,
      "Actual Loops": 1,
      "Plans": [
        {
          "Node Type": "Gather",
          "Parent Relationship": "Outer",
          "Parallel Aware": false,
          "Startup Cost": 405646.84,
          "Total Cost": 405647.45,
          "Plan Rows": 6,
          "Plan Width": 8,
          "Actual Startup Time": 1699.831,
          "Actual Total Time": 1786.43,
          "Actual Rows": 7,
          "Actual Loops": 1,
          "Workers Planned": 6,
          "Workers Launched": 6,
          "Single Copy": false,
          "Plans": [
            {
              "Node Type": "Aggregate",
              "Strategy": "Plain",
              "Partial Mode": "Partial",
              "Parent Relationship": "Outer",
              "Parallel Aware": false,
              "Startup Cost": 404646.84,
              "Total Cost": 404646.85,
              "Plan Rows": 1,
              "Plan Width": 8,
              "Actual Startup Time": 1676.05,
              "Actual Total Time": 1676.053,
              "Actual Rows": 1,
              "Actual Loops": 7,
              "Plans": [
                {
                  "Node Type": "Hash Join",
                  "Parent Relationship": "Outer",
                  "Parallel Aware": true,
                  "Join Type": "Inner",
                  "Startup Cost": 50219.64,
                  "Total Cost": 399197.98,
                  "Plan Rows": 2179542,
                  "Plan Width": 0,
                  "Actual Startup Time": 646.747,
                  "Actual Total Time": 1606.115,
                  "Actual Rows": 1273544,
                  "Actual Loops": 7,
                  "Inner Unique": true,
                  "Hash Cond": "(ci.movie_id = t.id)",
                  "Plans": [
                    {
                      "Node Type": "Seq Scan",
                      "Parent Relationship": "Outer",
                      "Parallel Aware": true,
                      "Relation Name": "cast_info",
                      "Alias": "ci",
                      "Startup Cost": 0.0,
                      "Total Cost": 343257.03,
                      "Plan Rows": 2179542,
                      "Plan Width": 4,
                      "Actual Startup Time": 375.114,
                      "Actual Total Time": 718.864,
                      "Actual Rows": 1273544,
                      "Actual Loops": 7,
                      "Filter": "((person_id < 2947484) AND (role_id > 2))",
                      "Rows Removed by Filter": 3904219
                    },
                    {
                      "Node Type": "Hash",
                      "Parent Relationship": "Inner",
                      "Parallel Aware": true,
                      "Startup Cost": 42318.73,
                      "Total Cost": 42318.73,
                      "Plan Rows": 632073,
                      "Plan Width": 4,
                      "Actual Startup Time": 264.262,
                      "Actual Total Time": 264.263,
                      "Actual Rows": 361187,
                      "Actual Loops": 7,
                      "Hash Buckets": 4194304,
                      "Original Hash Buckets": 4194304,
                      "Hash Batches": 1,
                      "Original Hash Batches": 1,
                      "Peak Memory Usage": 131776,
                      "Plans": [
                        {
                          "Node Type": "Seq Scan",
                          "Parent Relationship": "Outer",
                          "Parallel Aware": true,
                          "Relation Name": "title",
                          "Alias": "t",
                          "Startup Cost": 0.0,
                          "Total Cost": 42318.73,
                          "Plan Rows": 632073,
                          "Plan Width": 4,
                          "Actual Startup Time": 0.04,
                          "Actual Total Time": 79.878,
                          "Actual Rows": 361187,
                          "Actual Loops": 7
                        }
                      ]
                    }
                  ]
                }
              ]
            }
          ]
        }
      ]
    },
    "Planning Time": 0.639,
    "Triggers": [],
    "Execution Time": 1786.529
  }
]