[
  {
    "Plan": {
      "Node Type": "Aggregate",
      "Strategy": "Plain",
      "Partial Mode": "Finalize",
      "Parallel Aware": false,
      "Startup Cost": 352420.44,
      "Total Cost": 352420.45,
      "Plan Rows": 1,
      "Plan Width": 8,
      "Actual Startup Time": 819.704,
      "Actual Total Time": 864.475,
      "Actual Rows": 1,
      "Actual Loops": 1,
      "Plans": [
        {
          "Node Type": "Gather",
          "Parent Relationship": "Outer",
          "Parallel Aware": false,
          "Startup Cost": 352419.81,
          "Total Cost": 352420.42,
          "Plan Rows": 6,
          "Plan Width": 8,
          "Actual Startup Time": 819.508,
          "Actual Total Time": 864.463,
          "Actual Rows": 7,
          "Actual Loops": 1,
          "Workers Planned": 6,
          "Workers Launched": 6,
          "Single Copy": false,
          "Plans": [
            {
              "Node Type": "Aggregate",
              "Strategy": "Plain",
              "Partial Mode": "Partial",
              "Parent Relationship": "Outer",
              "Parallel Aware": false,
              "Startup Cost": 351419.81,
              "Total Cost": 351419.82,
              "Plan Rows": 1,
              "Plan Width": 8,
              "Actual Startup Time": 812.342,
              "Actual Total Time": 812.343,
              "Actual Rows": 1,
              "Actual Loops": 7,
              "Plans": [
                {
                  "Node Type": "Seq Scan",
                  "Parent Relationship": "Outer",
                  "Parallel Aware": true,
                  "Relation Name": "cast_info",
                  "Alias": "ci",
                  "Startup Cost": 0.0,
                  "Total Cost": 343316.27,
                  "Plan Rows": 3241417,
                  "Plan Width": 0,
                  "Actual Startup Time": 218.444,
                  "Actual Total Time": 691.09,
                  "Actual Rows": 2475307,
                  "Actual Loops": 7,
                  "Filter": "((person_id < 3027005) AND (role_id > 1))",
                  "Rows Removed by Filter": 2702457
                }
              ]
            }
          ]
        }
      ]
    },
    "Planning Time": 0.114,
    "Triggers": [],
    "Execution Time": 864.517
  }
]