[
    {
        "Bao": {
            "Bao prediction": "NaN",
            "Bao recommended hint": "(no hint)"
        }
    },
    {
        "Plan": {
            "Node Type": "Aggregate",
            "Strategy": "Plain",
            "Partial Mode": "Finalize",
            "Parallel Aware": false,
            "Startup Cost": 380043.92,
            "Total Cost": 380043.93,
            "Plan Rows": 1,
            "Plan Width": 8,
            "Actual Startup Time": 972.257,
            "Actual Total Time": 1020.586,
            "Actual Rows": 1,
            "Actual Loops": 1,
            "Output": [
                "count(*)"
            ],
            "Plans": [
                {
                    "Node Type": "Gather",
                    "Parent Relationship": "Outer",
                    "Parallel Aware": false,
                    "Startup Cost": 380043.3,
                    "Total Cost": 380043.91,
                    "Plan Rows": 6,
                    "Plan Width": 8,
                    "Actual Startup Time": 968.839,
                    "Actual Total Time": 1020.567,
                    "Actual Rows": 7,
                    "Actual Loops": 1,
                    "Output": [
                        "(PARTIAL count(*))"
                    ],
                    "Workers Planned": 6,
                    "Workers Launched": 6,
                    "Single Copy": false,
                    "Plans": [
                        {
                            "Node Type": "Aggregate",
                            "Strategy": "Plain",
                            "Partial Mode": "Partial",
                            "Parent Relationship": "Outer",
                            "Parallel Aware": false,
                            "Startup Cost": 379043.3,
                            "Total Cost": 379043.31,
                            "Plan Rows": 1,
                            "Plan Width": 8,
                            "Actual Startup Time": 958.305,
                            "Actual Total Time": 958.308,
                            "Actual Rows": 1,
                            "Actual Loops": 7,
                            "Output": [
                                "PARTIAL count(*)"
                            ],
                            "Workers": [
                                {
                                    "Worker Number": 0,
                                    "Actual Startup Time": 955.787,
                                    "Actual Total Time": 955.789,
                                    "Actual Rows": 1,
                                    "Actual Loops": 1
                                },
                                {
                                    "Worker Number": 1,
                                    "Actual Startup Time": 956.36,
                                    "Actual Total Time": 956.363,
                                    "Actual Rows": 1,
                                    "Actual Loops": 1
                                },
                                {
                                    "Worker Number": 2,
                                    "Actual Startup Time": 956.242,
                                    "Actual Total Time": 956.246,
                                    "Actual Rows": 1,
                                    "Actual Loops": 1
                                },
                                {
                                    "Worker Number": 3,
                                    "Actual Startup Time": 957.001,
                                    "Actual Total Time": 957.004,
                                    "Actual Rows": 1,
                                    "Actual Loops": 1
                                },
                                {
                                    "Worker Number": 4,
                                    "Actual Startup Time": 957.31,
                                    "Actual Total Time": 957.313,
                                    "Actual Rows": 1,
                                    "Actual Loops": 1
                                },
                                {
                                    "Worker Number": 5,
                                    "Actual Startup Time": 957.552,
                                    "Actual Total Time": 957.554,
                                    "Actual Rows": 1,
                                    "Actual Loops": 1
                                }
                            ],
                            "Plans": [
                                {
                                    "Node Type": "Hash Join",
                                    "Parent Relationship": "Outer",
                                    "Parallel Aware": true,
                                    "Join Type": "Inner",
                                    "Startup Cost": 46473.41,
                                    "Total Cost": 378577.11,
                                    "Plan Rows": 186475,
                                    "Plan Width": 0,
                                    "Actual Startup Time": 409.44,
                                    "Actual Total Time": 947.355,
                                    "Actual Rows": 177588,
                                    "Actual Loops": 7,
                                    "Inner Unique": true,
                                    "Hash Cond": "(ci.movie_id = t.id)",
                                    "Workers": [
                                        {
                                            "Worker Number": 0,
                                            "Actual Startup Time": 406.759,
                                            "Actual Total Time": 944.112,
                                            "Actual Rows": 147092,
                                            "Actual Loops": 1
                                        },
                                        {
                                            "Worker Number": 1,
                                            "Actual Startup Time": 407.053,
                                            "Actual Total Time": 944.54,
                                            "Actual Rows": 145152,
                                            "Actual Loops": 1
                                        },
                                        {
                                            "Worker Number": 2,
                                            "Actual Startup Time": 408.029,
                                            "Actual Total Time": 944.523,
                                            "Actual Rows": 146299,
                                            "Actual Loops": 1
                                        },
                                        {
                                            "Worker Number": 3,
                                            "Actual Startup Time": 408.226,
                                            "Actual Total Time": 946.916,
                                            "Actual Rows": 205585,
                                            "Actual Loops": 1
                                        },
                                        {
                                            "Worker Number": 4,
                                            "Actual Startup Time": 408.423,
                                            "Actual Total Time": 946.291,
                                            "Actual Rows": 134935,
                                            "Actual Loops": 1
                                        },
                                        {
                                            "Worker Number": 5,
                                            "Actual Startup Time": 408.715,
                                            "Actual Total Time": 947.418,
                                            "Actual Rows": 208414,
                                            "Actual Loops": 1
                                        }
                                    ],
                                    "Plans": [
                                        {
                                            "Node Type": "Seq Scan",
                                            "Parent Relationship": "Outer",
                                            "Parallel Aware": true,
                                            "Relation Name": "cast_info",
                                            "Schema": "public",
                                            "Alias": "ci",
                                            "Startup Cost": 0.0,
                                            "Total Cost": 328213.62,
                                            "Plan Rows": 1481934,
                                            "Plan Width": 4,
                                            "Actual Startup Time": 304.984,
                                            "Actual Total Time": 567.613,
                                            "Actual Rows": 1266510,
                                            "Actual Loops": 7,
                                            "Output": [
                                                "ci.id",
                                                "ci.person_id",
                                                "ci.movie_id",
                                                "ci.person_role_id",
                                                "ci.note",
                                                "ci.nr_order",
                                                "ci.role_id"
                                            ],
                                            "Filter": "(ci.person_id > 2806512)",
                                            "Rows Removed by Filter": 3911253,
                                            "Workers": [
                                                {
                                                    "Worker Number": 0,
                                                    "Actual Startup Time": 304.913,
                                                    "Actual Total Time": 578.1,
                                                    "Actual Rows": 1042591,
                                                    "Actual Loops": 1
                                                },
                                                {
                                                    "Worker Number": 1,
                                                    "Actual Startup Time": 304.994,
                                                    "Actual Total Time": 575.888,
                                                    "Actual Rows": 1034236,
                                                    "Actual Loops": 1
                                                },
                                                {
                                                    "Worker Number": 2,
                                                    "Actual Startup Time": 304.925,
                                                    "Actual Total Time": 574.9,
                                                    "Actual Rows": 1031968,
                                                    "Actual Loops": 1
                                                },
                                                {
                                                    "Worker Number": 3,
                                                    "Actual Startup Time": 305.028,
                                                    "Actual Total Time": 561.107,
                                                    "Actual Rows": 1454664,
                                                    "Actual Loops": 1
                                                },
                                                {
                                                    "Worker Number": 4,
                                                    "Actual Startup Time": 305.009,
                                                    "Actual Total Time": 574.36,
                                                    "Actual Rows": 981753,
                                                    "Actual Loops": 1
                                                },
                                                {
                                                    "Worker Number": 5,
                                                    "Actual Startup Time": 305.023,
                                                    "Actual Total Time": 563.773,
                                                    "Actual Rows": 1490363,
                                                    "Actual Loops": 1
                                                }
                                            ]
                                        },
                                        {
                                            "Node Type": "Hash",
                                            "Parent Relationship": "Inner",
                                            "Parallel Aware": true,
                                            "Startup Cost": 45479.21,
                                            "Total Cost": 45479.21,
                                            "Plan Rows": 79536,
                                            "Plan Width": 4,
                                            "Actual Startup Time": 102.574,
                                            "Actual Total Time": 102.575,
                                            "Actual Rows": 57249,
                                            "Actual Loops": 7,
                                            "Output": [
                                                "t.id"
                                            ],
                                            "Hash Buckets": 524288,
                                            "Original Hash Buckets": 524288,
                                            "Hash Batches": 1,
                                            "Original Hash Batches": 1,
                                            "Peak Memory Usage": 19904,
                                            "Workers": [
                                                {
                                                    "Worker Number": 0,
                                                    "Actual Startup Time": 100.932,
                                                    "Actual Total Time": 100.933,
                                                    "Actual Rows": 44606,
                                                    "Actual Loops": 1
                                                },
                                                {
                                                    "Worker Number": 1,
                                                    "Actual Startup Time": 101.179,
                                                    "Actual Total Time": 101.18,
                                                    "Actual Rows": 45921,
                                                    "Actual Loops": 1
                                                },
                                                {
                                                    "Worker Number": 2,
                                                    "Actual Startup Time": 101.3,
                                                    "Actual Total Time": 101.301,
                                                    "Actual Rows": 44403,
                                                    "Actual Loops": 1
                                                },
                                                {
                                                    "Worker Number": 3,
                                                    "Actual Startup Time": 102.342,
                                                    "Actual Total Time": 102.343,
                                                    "Actual Rows": 67220,
                                                    "Actual Loops": 1
                                                },
                                                {
                                                    "Worker Number": 4,
                                                    "Actual Startup Time": 102.513,
                                                    "Actual Total Time": 102.514,
                                                    "Actual Rows": 45739,
                                                    "Actual Loops": 1
                                                },
                                                {
                                                    "Worker Number": 5,
                                                    "Actual Startup Time": 102.625,
                                                    "Actual Total Time": 102.626,
                                                    "Actual Rows": 68114,
                                                    "Actual Loops": 1
                                                }
                                            ],
                                            "Plans": [
                                                {
                                                    "Node Type": "Seq Scan",
                                                    "Parent Relationship": "Outer",
                                                    "Parallel Aware": true,
                                                    "Relation Name": "title",
                                                    "Schema": "public",
                                                    "Alias": "t",
                                                    "Startup Cost": 0.0,
                                                    "Total Cost": 45479.21,
                                                    "Plan Rows": 79536,
                                                    "Plan Width": 4,
                                                    "Actual Startup Time": 44.973,
                                                    "Actual Total Time": 76.896,
                                                    "Actual Rows": 57249,
                                                    "Actual Loops": 7,
                                                    "Output": [
                                                        "t.id"
                                                    ],
                                                    "Filter": "((t.production_year < 2003) AND (t.kind_id = 1))",
                                                    "Rows Removed by Filter": 303939,
                                                    "Workers": [
                                                        {
                                                            "Worker Number": 0,
                                                            "Actual Startup Time": 43.308,
                                                            "Actual Total Time": 76.295,
                                                            "Actual Rows": 44606,
                                                            "Actual Loops": 1
                                                        },
                                                        {
                                                            "Worker Number": 1,
                                                            "Actual Startup Time": 43.448,
                                                            "Actual Total Time": 76.994,
                                                            "Actual Rows": 45921,
                                                            "Actual Loops": 1
                                                        },
                                                        {
                                                            "Worker Number": 2,
                                                            "Actual Startup Time": 44.01,
                                                            "Actual Total Time": 76.392,
                                                            "Actual Rows": 44403,
                                                            "Actual Loops": 1
                                                        },
                                                        {
                                                            "Worker Number": 3,
                                                            "Actual Startup Time": 44.547,
                                                            "Actual Total Time": 76.443,
                                                            "Actual Rows": 67220,
                                                            "Actual Loops": 1
                                                        },
                                                        {
                                                            "Worker Number": 4,
                                                            "Actual Startup Time": 45.083,
                                                            "Actual Total Time": 77.951,
                                                            "Actual Rows": 45739,
                                                            "Actual Loops": 1
                                                        },
                                                        {
                                                            "Worker Number": 5,
                                                            "Actual Startup Time": 45.002,
                                                            "Actual Total Time": 76.482,
                                                            "Actual Rows": 68114,
                                                            "Actual Loops": 1
                                                        }
                                                    ]
                                                }
                                            ]
                                        }
                                    ]
                                }
                            ]
                        }
                    ]
                }
            ]
        },
        "Planning Time": 213.313,
        "Triggers": [],
        "Execution Time": 1020.706
    }
]