{
  "Plan": {
    "Node Type": "Aggregate",
    "Strategy": "Plain",
    "Partial Mode": "Finalize",
    "Parallel Aware": false,
    "Startup Cost": 221732.48,
    "Total Cost": 221732.49,
    "Plan Rows": 1,
    "Plan Width": 8,
    "Actual Startup Time": 956.702,
    "Actual Total Time": 978.742,
    "Actual Rows": 1,
    "Actual Loops": 1,
    "Plans": [
      {
        "Node Type": "Gather",
        "Parent Relationship": "Outer",
        "Parallel Aware": false,
        "Startup Cost": 221732.36,
        "Total Cost": 221732.47,
        "Plan Rows": 1,
        "Plan Width": 8,
        "Actual Startup Time": 955.463,
        "Actual Total Time": 978.734,
        "Actual Rows": 2,
        "Actual Loops": 1,
        "Workers Planned": 1,
        "Workers Launched": 1,
        "Single Copy": false,
        "Plans": [
          {
            "Node Type": "Aggregate",
            "Strategy": "Plain",
            "Partial Mode": "Partial",
            "Parent Relationship": "Outer",
            "Parallel Aware": false,
            "Startup Cost": 220732.36,
            "Total Cost": 220732.37,
            "Plan Rows": 1,
            "Plan Width": 8,
            "Actual Startup Time": 949.313,
            "Actual Total Time": 949.493,
            "Actual Rows": 1,
            "Actual Loops": 2,
            "Plans": [
              {
                "Node Type": "Hash Join",
                "Parent Relationship": "Outer",
                "Parallel Aware": true,
                "Join Type": "Inner",
                "Startup Cost": 197953.25,
                "Total Cost": 220645.38,
                "Plan Rows": 34792,
                "Plan Width": 0,
                "Actual Startup Time": 879.724,
                "Actual Total Time": 948.314,
                "Actual Rows": 24950,
                "Actual Loops": 2,
                "Inner Unique": false,
                "Hash Cond": "(mc.movie_id = t.id)",
                "Plans": [
                  {
                    "Node Type": "Bitmap Heap Scan",
                    "Parent Relationship": "Outer",
                    "Parallel Aware": true,
                    "Relation Name": "movie_companies",
                    "Alias": "mc",
                    "Startup Cost": 8382.23,
                    "Total Cost": 30016.44,
                    "Plan Rows": 227537,
                    "Plan Width": 4,
                    "Actual Startup Time": 22.658,
                    "Actual Total Time": 54.999,
                    "Actual Rows": 196828,
                    "Actual Loops": 2,
                    "Recheck Cond": "(company_id > 82945)",
                    "Rows Removed by Index Recheck": 0,
                    "Exact Heap Blocks": 3597,
                    "Lossy Heap Blocks": 0,
                    "Plans": [
                      {
                        "Node Type": "Bitmap Index Scan",
                        "Parent Relationship": "Outer",
                        "Parallel Aware": false,
                        "Index Name": "company_id_movie_companies",
                        "Startup Cost": 0.0,
                        "Total Cost": 8285.53,
                        "Plan Rows": 386813,
                        "Plan Width": 0,
                        "Actual Startup Time": 21.809,
                        "Actual Total Time": 21.81,
                        "Actual Rows": 393655,
                        "Actual Loops": 1,
                        "Index Cond": "(company_id > 82945)"
                      }
                    ]
                  },
                  {
                    "Node Type": "Hash",
                    "Parent Relationship": "Inner",
                    "Parallel Aware": true,
                    "Startup Cost": 186728.44,
                    "Total Cost": 186728.44,
                    "Plan Rows": 227406,
                    "Plan Width": 8,
                    "Actual Startup Time": 851.409,
                    "Actual Total Time": 851.587,
                    "Actual Rows": 65871,
                    "Actual Loops": 2,
                    "Hash Buckets": 524288,
                    "Original Hash Buckets": 524288,
                    "Hash Batches": 1,
                    "Original Hash Batches": 1,
                    "Peak Memory Usage": 9280,
                    "Plans": [
                      {
                        "Node Type": "Hash Join",
                        "Parent Relationship": "Outer",
                        "Parallel Aware": true,
                        "Join Type": "Inner",
                        "Startup Cost": 56364.94,
                        "Total Cost": 186728.44,
                        "Plan Rows": 227406,
                        "Plan Width": 8,
                        "Actual Startup Time": 185.744,
                        "Actual Total Time": 828.121,
                        "Actual Rows": 65871,
                        "Actual Loops": 2,
                        "Inner Unique": true,
                        "Hash Cond": "(ci.movie_id = t.id)",
                        "Plans": [
                          {
                            "Node Type": "Index Scan",
                            "Parent Relationship": "Outer",
                            "Parallel Aware": true,
                            "Scan Direction": "Forward",
                            "Index Name": "role_id_cast_info",
                            "Relation Name": "cast_info",
                            "Alias": "ci",
                            "Startup Cost": 0.56,
                            "Total Cost": 124115.52,
                            "Plan Rows": 2380394,
                            "Plan Width": 4,
                            "Actual Startup Time": 0.071,
                            "Actual Total Time": 300.965,
                            "Actual Rows": 2004018,
                            "Actual Loops": 2,
                            "Index Cond": "(role_id = 3)",
                            "Rows Removed by Index Recheck": 0
                          },
                          {
                            "Node Type": "Hash",
                            "Parent Relationship": "Inner",
                            "Parallel Aware": true,
                            "Startup Cost": 54588.39,
                            "Total Cost": 54588.39,
                            "Plan Rows": 142079,
                            "Plan Width": 4,
                            "Actual Startup Time": 183.696,
                            "Actual Total Time": 183.697,
                            "Actual Rows": 126260,
                            "Actual Loops": 2,
                            "Hash Buckets": 262144,
                            "Original Hash Buckets": 262144,
                            "Hash Batches": 1,
                            "Original Hash Batches": 1,
                            "Peak Memory Usage": 11968,
                            "Plans": [
                              {
                                "Node Type": "Seq Scan",
                                "Parent Relationship": "Outer",
                                "Parallel Aware": true,
                                "Relation Name": "title",
                                "Alias": "t",
                                "Startup Cost": 0.0,
                                "Total Cost": 54588.39,
                                "Plan Rows": 142079,
                                "Plan Width": 4,
                                "Actual Startup Time": 0.038,
                                "Actual Total Time": 145.121,
                                "Actual Rows": 126260,
                                "Actual Loops": 2,
                                "Filter": "(production_year < 1961)",
                                "Rows Removed by Filter": 1137896
                              }
                            ]
                          }
                        ]
                      }
                    ]
                  }
                ]
              }
            ]
          }
        ]
      }
    ]
  },
  "Planning Time": 1.018,
  "Triggers": [],
  "Execution Time": 978.848
}