[
  {
    "Plan": {
      "Node Type": "Aggregate",
      "Strategy": "Plain",
      "Partial Mode": "Finalize",
      "Parallel Aware": false,
      "Startup Cost": 219937.68,
      "Total Cost": 219937.69,
      "Plan Rows": 1,
      "Plan Width": 8,
      "Actual Startup Time": 166.721,
      "Actual Total Time": 179.552,
      "Actual Rows": 1,
      "Actual Loops": 1,
      "Plans": [
        {
          "Node Type": "Gather",
          "Parent Relationship": "Outer",
          "Parallel Aware": false,
          "Startup Cost": 219937.15,
          "Total Cost": 219937.66,
          "Plan Rows": 5,
          "Plan Width": 8,
          "Actual Startup Time": 165.221,
          "Actual Total Time": 179.544,
          "Actual Rows": 6,
          "Actual Loops": 1,
          "Workers Planned": 5,
          "Workers Launched": 5,
          "Single Copy": false,
          "Plans": [
            {
              "Node Type": "Aggregate",
              "Strategy": "Plain",
              "Partial Mode": "Partial",
              "Parent Relationship": "Outer",
              "Parallel Aware": false,
              "Startup Cost": 218937.15,
              "Total Cost": 218937.16,
              "Plan Rows": 1,
              "Plan Width": 8,
              "Actual Startup Time": 156.91,
              "Actual Total Time": 156.915,
              "Actual Rows": 1,
              "Actual Loops": 6,
              "Plans": [
                {
                  "Node Type": "Hash Join",
                  "Parent Relationship": "Outer",
                  "Parallel Aware": true,
                  "Join Type": "Inner",
                  "Startup Cost": 55450.29,
                  "Total Cost": 218898.36,
                  "Plan Rows": 15517,
                  "Plan Width": 0,
                  "Actual Startup Time": 122.497,
                  "Actual Total Time": 155.859,
                  "Actual Rows": 16051,
                  "Actual Loops": 6,
                  "Inner Unique": true,
                  "Hash Cond": "(mi.movie_id = t.id)",
                  "Plans": [
                    {
                      "Node Type": "Bitmap Heap Scan",
                      "Parent Relationship": "Outer",
                      "Parallel Aware": true,
                      "Relation Name": "movie_info",
                      "Alias": "mi",
                      "Startup Cost": 8696.29,
                      "Total Cost": 171891.83,
                      "Plan Rows": 96203,
                      "Plan Width": 4,
                      "Actual Startup Time": 15.853,
                      "Actual Total Time": 28.234,
                      "Actual Rows": 79074,
                      "Actual Loops": 6,
                      "Recheck Cond": "(info_type_id = 6)",
                      "Rows Removed by Index Recheck": 0,
                      "Exact Heap Blocks": 641,
                      "Lossy Heap Blocks": 0,
                      "Plans": [
                        {
                          "Node Type": "Bitmap Index Scan",
                          "Parent Relationship": "Outer",
                          "Parallel Aware": false,
                          "Index Name": "info_type_id_movie_info",
                          "Startup Cost": 0.0,
                          "Total Cost": 8576.04,
                          "Plan Rows": 481014,
                          "Plan Width": 0,
                          "Actual Startup Time": 15.475,
                          "Actual Total Time": 15.476,
                          "Actual Rows": 474443,
                          "Actual Loops": 1,
                          "Index Cond": "(info_type_id = 6)"
                        }
                      ]
                    },
                    {
                      "Node Type": "Hash",
                      "Parent Relationship": "Inner",
                      "Parallel Aware": true,
                      "Startup Cost": 45479.59,
                      "Total Cost": 45479.59,
                      "Plan Rows": 101953,
                      "Plan Width": 4,
                      "Actual Startup Time": 104.191,
                      "Actual Total Time": 104.191,
                      "Actual Rows": 46886,
                      "Actual Loops": 6,
                      "Hash Buckets": 524288,
                      "Original Hash Buckets": 524288,
                      "Hash Batches": 1,
                      "Original Hash Batches": 1,
                      "Peak Memory Usage": 15200,
                      "Plans": [
                        {
                          "Node Type": "Seq Scan",
                          "Parent Relationship": "Outer",
                          "Parallel Aware": true,
                          "Relation Name": "title",
                          "Alias": "t",
                          "Startup Cost": 0.0,
                          "Total Cost": 45479.59,
                          "Plan Rows": 101953,
                          "Plan Width": 4,
                          "Actual Startup Time": 0.036,
                          "Actual Total Time": 81.342,
                          "Actual Rows": 46886,
                          "Actual Loops": 6,
                          "Filter": "((kind_id > 1) AND (production_year < 1984))",
                          "Rows Removed by Filter": 374500
                        }
                      ]
                    }
                  ]
                }
              ]
            }
          ]
        }
      ]
    },
    "Planning Time": 0.557,
    "Triggers": [],
    "Execution Time": 179.643
  }
]