{
  "Plan": {
    "Node Type": "Aggregate",
    "Strategy": "Plain",
    "Partial Mode": "Finalize",
    "Parallel Aware": false,
    "Startup Cost": 98459.02,
    "Total Cost": 98459.03,
    "Plan Rows": 1,
    "Plan Width": 8,
    "Actual Startup Time": 265.34,
    "Actual Total Time": 277.542,
    "Actual Rows": 1,
    "Actual Loops": 1,
    "Plans": [
      {
        "Node Type": "Gather",
        "Parent Relationship": "Outer",
        "Parallel Aware": false,
        "Startup Cost": 98458.91,
        "Total Cost": 98459.02,
        "Plan Rows": 1,
        "Plan Width": 8,
        "Actual Startup Time": 265.24,
        "Actual Total Time": 277.535,
        "Actual Rows": 2,
        "Actual Loops": 1,
        "Workers Planned": 1,
        "Workers Launched": 1,
        "Single Copy": false,
        "Plans": [
          {
            "Node Type": "Aggregate",
            "Strategy": "Plain",
            "Partial Mode": "Partial",
            "Parent Relationship": "Outer",
            "Parallel Aware": false,
            "Startup Cost": 97458.91,
            "Total Cost": 97458.92,
            "Plan Rows": 1,
            "Plan Width": 8,
            "Actual Startup Time": 259.644,
            "Actual Total Time": 259.647,
            "Actual Rows": 1,
            "Actual Loops": 2,
            "Plans": [
              {
                "Node Type": "Hash Join",
                "Parent Relationship": "Outer",
                "Parallel Aware": true,
                "Join Type": "Inner",
                "Startup Cost": 58372.02,
                "Total Cost": 97455.19,
                "Plan Rows": 1489,
                "Plan Width": 0,
                "Actual Startup Time": 183.578,
                "Actual Total Time": 259.584,
                "Actual Rows": 1270,
                "Actual Loops": 2,
                "Inner Unique": true,
                "Hash Cond": "(mc.movie_id = t.id)",
                "Plans": [
                  {
                    "Node Type": "Seq Scan",
                    "Parent Relationship": "Outer",
                    "Parallel Aware": true,
                    "Relation Name": "movie_companies",
                    "Alias": "mc",
                    "Startup Cost": 0.0,
                    "Total Cost": 37974.77,
                    "Plan Rows": 422246,
                    "Plan Width": 4,
                    "Actual Startup Time": 22.036,
                    "Actual Total Time": 96.796,
                    "Actual Rows": 366370,
                    "Actual Loops": 2,
                    "Filter": "(company_id > 40144)",
                    "Rows Removed by Filter": 938194
                  },
                  {
                    "Node Type": "Hash",
                    "Parent Relationship": "Inner",
                    "Parallel Aware": true,
                    "Startup Cost": 58306.47,
                    "Total Cost": 58306.47,
                    "Plan Rows": 5244,
                    "Plan Width": 4,
                    "Actual Startup Time": 135.919,
                    "Actual Total Time": 135.92,
                    "Actual Rows": 4409,
                    "Actual Loops": 2,
                    "Hash Buckets": 16384,
                    "Original Hash Buckets": 16384,
                    "Hash Batches": 1,
                    "Original Hash Batches": 1,
                    "Peak Memory Usage": 512,
                    "Plans": [
                      {
                        "Node Type": "Seq Scan",
                        "Parent Relationship": "Outer",
                        "Parallel Aware": true,
                        "Relation Name": "title",
                        "Alias": "t",
                        "Startup Cost": 0.0,
                        "Total Cost": 58306.47,
                        "Plan Rows": 5244,
                        "Plan Width": 4,
                        "Actual Startup Time": 0.093,
                        "Actual Total Time": 134.153,
                        "Actual Rows": 4409,
                        "Actual Loops": 2,
                        "Filter": "((kind_id = 7) AND (production_year = 1967))",
                        "Rows Removed by Filter": 1259747
                      }
                    ]
                  }
                ]
              }
            ]
          }
        ]
      }
    ]
  },
  "Planning Time": 0.473,
  "Triggers": [],
  "Execution Time": 277.614
}