{
  "Plan": {
    "Node Type": "Aggregate",
    "Strategy": "Plain",
    "Partial Mode": "Finalize",
    "Parallel Aware": false,
    "Startup Cost": 711156.35,
    "Total Cost": 711156.36,
    "Plan Rows": 1,
    "Plan Width": 8,
    "Actual Startup Time": 2497.613,
    "Actual Total Time": 2573.015,
    "Actual Rows": 1,
    "Actual Loops": 1,
    "Plans": [
      {
        "Node Type": "Gather",
        "Parent Relationship": "Outer",
        "Parallel Aware": false,
        "Startup Cost": 711156.24,
        "Total Cost": 711156.35,
        "Plan Rows": 1,
        "Plan Width": 8,
        "Actual Startup Time": 2496.267,
        "Actual Total Time": 2573.007,
        "Actual Rows": 2,
        "Actual Loops": 1,
        "Workers Planned": 1,
        "Workers Launched": 1,
        "Single Copy": false,
        "Plans": [
          {
            "Node Type": "Aggregate",
            "Strategy": "Plain",
            "Partial Mode": "Partial",
            "Parent Relationship": "Outer",
            "Parallel Aware": false,
            "Startup Cost": 710156.24,
            "Total Cost": 710156.25,
            "Plan Rows": 1,
            "Plan Width": 8,
            "Actual Startup Time": 2490.286,
            "Actual Total Time": 2490.291,
            "Actual Rows": 1,
            "Actual Loops": 2,
            "Plans": [
              {
                "Node Type": "Hash Join",
                "Parent Relationship": "Outer",
                "Parallel Aware": true,
                "Join Type": "Inner",
                "Startup Cost": 644136.33,
                "Total Cost": 709420.22,
                "Plan Rows": 294408,
                "Plan Width": 0,
                "Actual Startup Time": 2190.983,
                "Actual Total Time": 2477.708,
                "Actual Rows": 322404,
                "Actual Loops": 2,
                "Inner Unique": false,
                "Hash Cond": "(mk.movie_id = t.id)",
                "Plans": [
                  {
                    "Node Type": "Seq Scan",
                    "Parent Relationship": "Outer",
                    "Parallel Aware": true,
                    "Relation Name": "movie_keyword",
                    "Alias": "mk",
                    "Startup Cost": 0.0,
                    "Total Cost": 57718.19,
                    "Plan Rows": 1166778,
                    "Plan Width": 4,
                    "Actual Startup Time": 0.029,
                    "Actual Total Time": 176.177,
                    "Actual Rows": 997191,
                    "Actual Loops": 2,
                    "Filter": "(keyword_id < 3522)",
                    "Rows Removed by Filter": 1264774
                  },
                  {
                    "Node Type": "Hash",
                    "Parent Relationship": "Inner",
                    "Parallel Aware": true,
                    "Startup Cost": 639445.5,
                    "Total Cost": 639445.5,
                    "Plan Rows": 375266,
                    "Plan Width": 8,
                    "Actual Startup Time": 2181.413,
                    "Actual Total Time": 2181.417,
                    "Actual Rows": 102230,
                    "Actual Loops": 2,
                    "Hash Buckets": 1048576,
                    "Original Hash Buckets": 1048576,
                    "Hash Batches": 1,
                    "Original Hash Batches": 1,
                    "Peak Memory Usage": 16224,
                    "Plans": [
                      {
                        "Node Type": "Hash Join",
                        "Parent Relationship": "Outer",
                        "Parallel Aware": true,
                        "Join Type": "Inner",
                        "Startup Cost": 56281.15,
                        "Total Cost": 639445.5,
                        "Plan Rows": 375266,
                        "Plan Width": 8,
                        "Actual Startup Time": 919.138,
                        "Actual Total Time": 2142.591,
                        "Actual Rows": 102230,
                        "Actual Loops": 2,
                        "Inner Unique": true,
                        "Hash Cond": "(ci.movie_id = t.id)",
                        "Plans": [
                          {
                            "Node Type": "Seq Scan",
                            "Parent Relationship": "Outer",
                            "Parallel Aware": true,
                            "Relation Name": "cast_info",
                            "Alias": "ci",
                            "Startup Cost": 0.0,
                            "Total Cost": 572345.93,
                            "Plan Rows": 4121295,
                            "Plan Width": 4,
                            "Actual Startup Time": 612.363,
                            "Actual Total Time": 1662.889,
                            "Actual Rows": 1502542,
                            "Actual Loops": 2,
                            "Filter": "((person_id < 1051961) AND (role_id > 1))",
                            "Rows Removed by Filter": 16619630
                          },
                          {
                            "Node Type": "Hash",
                            "Parent Relationship": "Inner",
                            "Parallel Aware": true,
                            "Startup Cost": 54588.39,
                            "Total Cost": 54588.39,
                            "Plan Rows": 135421,
                            "Plan Width": 4,
                            "Actual Startup Time": 189.272,
                            "Actual Total Time": 189.273,
                            "Actual Rows": 120700,
                            "Actual Loops": 2,
                            "Hash Buckets": 262144,
                            "Original Hash Buckets": 262144,
                            "Hash Batches": 1,
                            "Original Hash Batches": 1,
                            "Peak Memory Usage": 11520,
                            "Plans": [
                              {
                                "Node Type": "Seq Scan",
                                "Parent Relationship": "Outer",
                                "Parallel Aware": true,
                                "Relation Name": "title",
                                "Alias": "t",
                                "Startup Cost": 0.0,
                                "Total Cost": 54588.39,
                                "Plan Rows": 135421,
                                "Plan Width": 4,
                                "Actual Startup Time": 0.073,
                                "Actual Total Time": 154.755,
                                "Actual Rows": 120700,
                                "Actual Loops": 2,
                                "Filter": "(production_year < 1960)",
                                "Rows Removed by Filter": 1143456
                              }
                            ]
                          }
                        ]
                      }
                    ]
                  }
                ]
              }
            ]
          }
        ]
      }
    ]
  },
  "Planning Time": 1.004,
  "Triggers": [],
  "Execution Time": 2573.112
}