[
  {
    "Plan": {
      "Node Type": "Aggregate",
      "Strategy": "Plain",
      "Partial Mode": "Finalize",
      "Parallel Aware": false,
      "Startup Cost": 44114.69,
      "Total Cost": 44114.7,
      "Plan Rows": 1,
      "Plan Width": 8,
      "Actual Startup Time": 41.021,
      "Actual Total Time": 46.589,
      "Actual Rows": 1,
      "Actual Loops": 1,
      "Plans": [
        {
          "Node Type": "Gather",
          "Parent Relationship": "Outer",
          "Parallel Aware": false,
          "Startup Cost": 44114.48,
          "Total Cost": 44114.69,
          "Plan Rows": 2,
          "Plan Width": 8,
          "Actual Startup Time": 40.826,
          "Actual Total Time": 46.585,
          "Actual Rows": 3,
          "Actual Loops": 1,
          "Workers Planned": 2,
          "Workers Launched": 2,
          "Single Copy": false,
          "Plans": [
            {
              "Node Type": "Aggregate",
              "Strategy": "Plain",
              "Partial Mode": "Partial",
              "Parent Relationship": "Outer",
              "Parallel Aware": false,
              "Startup Cost": 43114.48,
              "Total Cost": 43114.49,
              "Plan Rows": 1,
              "Plan Width": 8,
              "Actual Startup Time": 32.913,
              "Actual Total Time": 32.914,
              "Actual Rows": 1,
              "Actual Loops": 3,
              "Plans": [
                {
                  "Node Type": "Nested Loop",
                  "Parent Relationship": "Outer",
                  "Parallel Aware": false,
                  "Join Type": "Inner",
                  "Startup Cost": 194.98,
                  "Total Cost": 43105.05,
                  "Plan Rows": 3770,
                  "Plan Width": 0,
                  "Actual Startup Time": 1.344,
                  "Actual Total Time": 32.52,
                  "Actual Rows": 3515,
                  "Actual Loops": 3,
                  "Inner Unique": true,
                  "Plans": [
                    {
                      "Node Type": "Bitmap Heap Scan",
                      "Parent Relationship": "Outer",
                      "Parallel Aware": true,
                      "Relation Name": "movie_keyword",
                      "Alias": "mk",
                      "Startup Cost": 194.55,
                      "Total Cost": 17984.64,
                      "Plan Rows": 3770,
                      "Plan Width": 4,
                      "Actual Startup Time": 1.145,
                      "Actual Total Time": 9.862,
                      "Actual Rows": 3515,
                      "Actual Loops": 3,
                      "Recheck Cond": "(keyword_id = 398)",
                      "Rows Removed by Index Recheck": 0,
                      "Exact Heap Blocks": 4723,
                      "Lossy Heap Blocks": 0,
                      "Plans": [
                        {
                          "Node Type": "Bitmap Index Scan",
                          "Parent Relationship": "Outer",
                          "Parallel Aware": false,
                          "Index Name": "keyword_id_movie_keyword",
                          "Startup Cost": 0.0,
                          "Total Cost": 192.29,
                          "Plan Rows": 9048,
                          "Plan Width": 0,
                          "Actual Startup Time": 1.936,
                          "Actual Total Time": 1.936,
                          "Actual Rows": 10544,
                          "Actual Loops": 1,
                          "Index Cond": "(keyword_id = 398)"
                        }
                      ]
                    },
                    {
                      "Node Type": "Index Only Scan",
                      "Parent Relationship": "Inner",
                      "Parallel Aware": false,
                      "Scan Direction": "Forward",
                      "Index Name": "title_pkey",
                      "Relation Name": "title",
                      "Alias": "t",
                      "Startup Cost": 0.43,
                      "Total Cost": 6.66,
                      "Plan Rows": 1,
                      "Plan Width": 4,
                      "Actual Startup Time": 0.006,
                      "Actual Total Time": 0.006,
                      "Actual Rows": 1,
                      "Actual Loops": 10544,
                      "Index Cond": "(id = mk.movie_id)",
                      "Rows Removed by Index Recheck": 0,
                      "Heap Fetches": 10544
                    }
                  ]
                }
              ]
            }
          ]
        }
      ]
    },
    "Planning Time": 0.23,
    "Triggers": [],
    "Execution Time": 46.626
  }
]