[
  {
    "Plan": {
      "Node Type": "Aggregate",
      "Strategy": "Plain",
      "Partial Mode": "Finalize",
      "Parallel Aware": false,
      "Startup Cost": 45807.83,
      "Total Cost": 45807.84,
      "Plan Rows": 1,
      "Plan Width": 8,
      "Actual Startup Time": 48.435,
      "Actual Total Time": 55.312,
      "Actual Rows": 1,
      "Actual Loops": 1,
      "Plans": [
        {
          "Node Type": "Gather",
          "Parent Relationship": "Outer",
          "Parallel Aware": false,
          "Startup Cost": 45807.52,
          "Total Cost": 45807.83,
          "Plan Rows": 3,
          "Plan Width": 8,
          "Actual Startup Time": 48.317,
          "Actual Total Time": 55.305,
          "Actual Rows": 4,
          "Actual Loops": 1,
          "Workers Planned": 3,
          "Workers Launched": 3,
          "Single Copy": false,
          "Plans": [
            {
              "Node Type": "Aggregate",
              "Strategy": "Plain",
              "Partial Mode": "Partial",
              "Parent Relationship": "Outer",
              "Parallel Aware": false,
              "Startup Cost": 44807.52,
              "Total Cost": 44807.53,
              "Plan Rows": 1,
              "Plan Width": 8,
              "Actual Startup Time": 40.237,
              "Actual Total Time": 40.256,
              "Actual Rows": 1,
              "Actual Loops": 4,
              "Plans": [
                {
                  "Node Type": "Nested Loop",
                  "Parent Relationship": "Outer",
                  "Parallel Aware": false,
                  "Join Type": "Inner",
                  "Startup Cost": 257.19,
                  "Total Cost": 44797.91,
                  "Plan Rows": 3843,
                  "Plan Width": 0,
                  "Actual Startup Time": 2.626,
                  "Actual Total Time": 39.773,
                  "Actual Rows": 2636,
                  "Actual Loops": 4,
                  "Inner Unique": true,
                  "Plans": [
                    {
                      "Node Type": "Bitmap Heap Scan",
                      "Parent Relationship": "Outer",
                      "Parallel Aware": true,
                      "Relation Name": "movie_keyword",
                      "Alias": "mk",
                      "Startup Cost": 256.76,
                      "Total Cost": 20636.31,
                      "Plan Rows": 3843,
                      "Plan Width": 4,
                      "Actual Startup Time": 2.438,
                      "Actual Total Time": 12.374,
                      "Actual Rows": 2636,
                      "Actual Loops": 4,
                      "Recheck Cond": "(keyword_id = 398)",
                      "Rows Removed by Index Recheck": 0,
                      "Exact Heap Blocks": 3619,
                      "Lossy Heap Blocks": 0,
                      "Plans": [
                        {
                          "Node Type": "Bitmap Index Scan",
                          "Parent Relationship": "Outer",
                          "Parallel Aware": false,
                          "Index Name": "keyword_id_movie_keyword",
                          "Startup Cost": 0.0,
                          "Total Cost": 253.78,
                          "Plan Rows": 11913,
                          "Plan Width": 0,
                          "Actual Startup Time": 6.314,
                          "Actual Total Time": 6.388,
                          "Actual Rows": 10544,
                          "Actual Loops": 1,
                          "Index Cond": "(keyword_id = 398)"
                        }
                      ]
                    },
                    {
                      "Node Type": "Index Only Scan",
                      "Parent Relationship": "Inner",
                      "Parallel Aware": false,
                      "Scan Direction": "Forward",
                      "Index Name": "title_pkey",
                      "Relation Name": "title",
                      "Alias": "t",
                      "Startup Cost": 0.43,
                      "Total Cost": 6.29,
                      "Plan Rows": 1,
                      "Plan Width": 4,
                      "Actual Startup Time": 0.01,
                      "Actual Total Time": 0.01,
                      "Actual Rows": 1,
                      "Actual Loops": 10544,
                      "Index Cond": "(id = mk.movie_id)",
                      "Rows Removed by Index Recheck": 0,
                      "Heap Fetches": 10544
                    }
                  ]
                }
              ]
            }
          ]
        }
      ]
    },
    "Planning Time": 0.658,
    "Triggers": [],
    "Execution Time": 55.398
  }
]