[
    {
        "Bao": {
            "Bao prediction": "NaN",
            "Bao recommended hint": "(no hint)"
        }
    },
    {
        "Plan": {
            "Node Type": "Aggregate",
            "Strategy": "Plain",
            "Partial Mode": "Finalize",
            "Parallel Aware": false,
            "Startup Cost": 71566.73,
            "Total Cost": 71566.74,
            "Plan Rows": 1,
            "Plan Width": 8,
            "Actual Startup Time": 222.25,
            "Actual Total Time": 231.405,
            "Actual Rows": 1,
            "Actual Loops": 1,
            "Output": [
                "count(*)"
            ],
            "Plans": [
                {
                    "Node Type": "Gather",
                    "Parent Relationship": "Outer",
                    "Parallel Aware": false,
                    "Startup Cost": 71566.31,
                    "Total Cost": 71566.72,
                    "Plan Rows": 4,
                    "Plan Width": 8,
                    "Actual Startup Time": 220.162,
                    "Actual Total Time": 231.397,
                    "Actual Rows": 5,
                    "Actual Loops": 1,
                    "Output": [
                        "(PARTIAL count(*))"
                    ],
                    "Workers Planned": 4,
                    "Workers Launched": 4,
                    "Single Copy": false,
                    "Plans": [
                        {
                            "Node Type": "Aggregate",
                            "Strategy": "Plain",
                            "Partial Mode": "Partial",
                            "Parent Relationship": "Outer",
                            "Parallel Aware": false,
                            "Startup Cost": 70566.31,
                            "Total Cost": 70566.32,
                            "Plan Rows": 1,
                            "Plan Width": 8,
                            "Actual Startup Time": 210.768,
                            "Actual Total Time": 210.772,
                            "Actual Rows": 1,
                            "Actual Loops": 5,
                            "Output": [
                                "PARTIAL count(*)"
                            ],
                            "Workers": [
                                {
                                    "Worker Number": 0,
                                    "Actual Startup Time": 208.198,
                                    "Actual Total Time": 208.201,
                                    "Actual Rows": 1,
                                    "Actual Loops": 1
                                },
                                {
                                    "Worker Number": 1,
                                    "Actual Startup Time": 208.381,
                                    "Actual Total Time": 208.386,
                                    "Actual Rows": 1,
                                    "Actual Loops": 1
                                },
                                {
                                    "Worker Number": 2,
                                    "Actual Startup Time": 208.521,
                                    "Actual Total Time": 208.524,
                                    "Actual Rows": 1,
                                    "Actual Loops": 1
                                },
                                {
                                    "Worker Number": 3,
                                    "Actual Startup Time": 208.882,
                                    "Actual Total Time": 208.885,
                                    "Actual Rows": 1,
                                    "Actual Loops": 1
                                }
                            ],
                            "Plans": [
                                {
                                    "Node Type": "Hash Join",
                                    "Parent Relationship": "Outer",
                                    "Parallel Aware": true,
                                    "Join Type": "Inner",
                                    "Startup Cost": 24797.87,
                                    "Total Cost": 70440.02,
                                    "Plan Rows": 50514,
                                    "Plan Width": 0,
                                    "Actual Startup Time": 58.186,
                                    "Actual Total Time": 208.375,
                                    "Actual Rows": 40658,
                                    "Actual Loops": 5,
                                    "Inner Unique": false,
                                    "Hash Cond": "(t.id = mc.movie_id)",
                                    "Workers": [
                                        {
                                            "Worker Number": 0,
                                            "Actual Startup Time": 55.458,
                                            "Actual Total Time": 205.701,
                                            "Actual Rows": 28515,
                                            "Actual Loops": 1
                                        },
                                        {
                                            "Worker Number": 1,
                                            "Actual Startup Time": 55.847,
                                            "Actual Total Time": 205.797,
                                            "Actual Rows": 29700,
                                            "Actual Loops": 1
                                        },
                                        {
                                            "Worker Number": 2,
                                            "Actual Startup Time": 56.009,
                                            "Actual Total Time": 206.279,
                                            "Actual Rows": 42537,
                                            "Actual Loops": 1
                                        },
                                        {
                                            "Worker Number": 3,
                                            "Actual Startup Time": 56.322,
                                            "Actual Total Time": 206.568,
                                            "Actual Rows": 45487,
                                            "Actual Loops": 1
                                        }
                                    ],
                                    "Plans": [
                                        {
                                            "Node Type": "Seq Scan",
                                            "Parent Relationship": "Outer",
                                            "Parallel Aware": true,
                                            "Relation Name": "title",
                                            "Schema": "public",
                                            "Alias": "t",
                                            "Startup Cost": 0.0,
                                            "Total Cost": 42318.81,
                                            "Plan Rows": 632080,
                                            "Plan Width": 4,
                                            "Actual Startup Time": 0.008,
                                            "Actual Total Time": 64.637,
                                            "Actual Rows": 505662,
                                            "Actual Loops": 5,
                                            "Output": [
                                                "t.id",
                                                "t.title",
                                                "t.imdb_index",
                                                "t.kind_id",
                                                "t.production_year",
                                                "t.imdb_id",
                                                "t.phonetic_code",
                                                "t.episode_of_id",
                                                "t.season_nr",
                                                "t.episode_nr",
                                                "t.series_years",
                                                "t.md5sum"
                                            ],
                                            "Workers": [
                                                {
                                                    "Worker Number": 0,
                                                    "Actual Startup Time": 0.007,
                                                    "Actual Total Time": 67.319,
                                                    "Actual Rows": 356362,
                                                    "Actual Loops": 1
                                                },
                                                {
                                                    "Worker Number": 1,
                                                    "Actual Startup Time": 0.012,
                                                    "Actual Total Time": 67.818,
                                                    "Actual Rows": 368285,
                                                    "Actual Loops": 1
                                                },
                                                {
                                                    "Worker Number": 2,
                                                    "Actual Startup Time": 0.006,
                                                    "Actual Total Time": 64.424,
                                                    "Actual Rows": 528776,
                                                    "Actual Loops": 1
                                                },
                                                {
                                                    "Worker Number": 3,
                                                    "Actual Startup Time": 0.007,
                                                    "Actual Total Time": 65.232,
                                                    "Actual Rows": 569060,
                                                    "Actual Loops": 1
                                                }
                                            ]
                                        },
                                        {
                                            "Node Type": "Hash",
                                            "Parent Relationship": "Inner",
                                            "Parallel Aware": true,
                                            "Startup Cost": 23983.12,
                                            "Total Cost": 23983.12,
                                            "Plan Rows": 65180,
                                            "Plan Width": 4,
                                            "Actual Startup Time": 57.208,
                                            "Actual Total Time": 57.21,
                                            "Actual Rows": 40658,
                                            "Actual Loops": 5,
                                            "Output": [
                                                "mc.movie_id"
                                            ],
                                            "Hash Buckets": 262144,
                                            "Original Hash Buckets": 262144,
                                            "Hash Batches": 1,
                                            "Original Hash Batches": 1,
                                            "Peak Memory Usage": 10080,
                                            "Workers": [
                                                {
                                                    "Worker Number": 0,
                                                    "Actual Startup Time": 55.035,
                                                    "Actual Total Time": 55.036,
                                                    "Actual Rows": 24952,
                                                    "Actual Loops": 1
                                                },
                                                {
                                                    "Worker Number": 1,
                                                    "Actual Startup Time": 55.413,
                                                    "Actual Total Time": 55.415,
                                                    "Actual Rows": 27118,
                                                    "Actual Loops": 1
                                                },
                                                {
                                                    "Worker Number": 2,
                                                    "Actual Startup Time": 55.575,
                                                    "Actual Total Time": 55.576,
                                                    "Actual Rows": 28400,
                                                    "Actual Loops": 1
                                                },
                                                {
                                                    "Worker Number": 3,
                                                    "Actual Startup Time": 55.923,
                                                    "Actual Total Time": 55.924,
                                                    "Actual Rows": 28591,
                                                    "Actual Loops": 1
                                                }
                                            ],
                                            "Plans": [
                                                {
                                                    "Node Type": "Bitmap Heap Scan",
                                                    "Parent Relationship": "Outer",
                                                    "Parallel Aware": true,
                                                    "Relation Name": "movie_companies",
                                                    "Schema": "public",
                                                    "Alias": "mc",
                                                    "Startup Cost": 4378.37,
                                                    "Total Cost": 23983.12,
                                                    "Plan Rows": 65180,
                                                    "Plan Width": 4,
                                                    "Actual Startup Time": 6.58,
                                                    "Actual Total Time": 42.041,
                                                    "Actual Rows": 40658,
                                                    "Actual Loops": 5,
                                                    "Output": [
                                                        "mc.movie_id"
                                                    ],
                                                    "Recheck Cond": "(mc.company_id < 67)",
                                                    "Rows Removed by Index Recheck": 0,
                                                    "Exact Heap Blocks": 7430,
                                                    "Lossy Heap Blocks": 0,
                                                    "Workers": [
                                                        {
                                                            "Worker Number": 0,
                                                            "Actual Startup Time": 4.489,
                                                            "Actual Total Time": 40.4,
                                                            "Actual Rows": 24952,
                                                            "Actual Loops": 1
                                                        },
                                                        {
                                                            "Worker Number": 1,
                                                            "Actual Startup Time": 4.902,
                                                            "Actual Total Time": 41.865,
                                                            "Actual Rows": 27118,
                                                            "Actual Loops": 1
                                                        },
                                                        {
                                                            "Worker Number": 2,
                                                            "Actual Startup Time": 4.906,
                                                            "Actual Total Time": 41.045,
                                                            "Actual Rows": 28400,
                                                            "Actual Loops": 1
                                                        },
                                                        {
                                                            "Worker Number": 3,
                                                            "Actual Startup Time": 5.257,
                                                            "Actual Total Time": 42.212,
                                                            "Actual Rows": 28591,
                                                            "Actual Loops": 1
                                                        }
                                                    ],
                                                    "Plans": [
                                                        {
                                                            "Node Type": "Bitmap Index Scan",
                                                            "Parent Relationship": "Outer",
                                                            "Parallel Aware": false,
                                                            "Index Name": "company_id_movie_companies",
                                                            "Startup Cost": 0.0,
                                                            "Total Cost": 4327.86,
                                                            "Plan Rows": 202057,
                                                            "Plan Width": 0,
                                                            "Actual Startup Time": 10.709,
                                                            "Actual Total Time": 10.709,
                                                            "Actual Rows": 203291,
                                                            "Actual Loops": 1,
                                                            "Index Cond": "(mc.company_id < 67)"
                                                        }
                                                    ]
                                                }
                                            ]
                                        }
                                    ]
                                }
                            ]
                        }
                    ]
                }
            ]
        },
        "Planning Time": 194.153,
        "Triggers": [],
        "Execution Time": 231.462
    }
]