[
    {
        "Bao": {
            "Bao prediction": 492.56,
            "Bao recommended hint": "SET enable_mergejoin TO off; "
        }
    },
    {
        "Plan": {
            "Node Type": "Aggregate",
            "Strategy": "Plain",
            "Partial Mode": "Finalize",
            "Parallel Aware": false,
            "Startup Cost": 350002.22,
            "Total Cost": 350002.23,
            "Plan Rows": 1,
            "Plan Width": 8,
            "Actual Startup Time": 690.802,
            "Actual Total Time": 719.158,
            "Actual Rows": 1,
            "Actual Loops": 1,
            "Output": [
                "count(*)"
            ],
            "Plans": [
                {
                    "Node Type": "Gather",
                    "Parent Relationship": "Outer",
                    "Parallel Aware": false,
                    "Startup Cost": 350001.59,
                    "Total Cost": 350002.2,
                    "Plan Rows": 6,
                    "Plan Width": 8,
                    "Actual Startup Time": 690.708,
                    "Actual Total Time": 719.15,
                    "Actual Rows": 7,
                    "Actual Loops": 1,
                    "Output": [
                        "(PARTIAL count(*))"
                    ],
                    "Workers Planned": 6,
                    "Workers Launched": 6,
                    "Single Copy": false,
                    "Plans": [
                        {
                            "Node Type": "Aggregate",
                            "Strategy": "Plain",
                            "Partial Mode": "Partial",
                            "Parent Relationship": "Outer",
                            "Parallel Aware": false,
                            "Startup Cost": 349001.59,
                            "Total Cost": 349001.6,
                            "Plan Rows": 1,
                            "Plan Width": 8,
                            "Actual Startup Time": 681.413,
                            "Actual Total Time": 681.414,
                            "Actual Rows": 1,
                            "Actual Loops": 7,
                            "Output": [
                                "PARTIAL count(*)"
                            ],
                            "Workers": [
                                {
                                    "Worker Number": 0,
                                    "Actual Startup Time": 679.415,
                                    "Actual Total Time": 679.416,
                                    "Actual Rows": 1,
                                    "Actual Loops": 1
                                },
                                {
                                    "Worker Number": 1,
                                    "Actual Startup Time": 679.737,
                                    "Actual Total Time": 679.738,
                                    "Actual Rows": 1,
                                    "Actual Loops": 1
                                },
                                {
                                    "Worker Number": 2,
                                    "Actual Startup Time": 680.122,
                                    "Actual Total Time": 680.123,
                                    "Actual Rows": 1,
                                    "Actual Loops": 1
                                },
                                {
                                    "Worker Number": 3,
                                    "Actual Startup Time": 680.198,
                                    "Actual Total Time": 680.199,
                                    "Actual Rows": 1,
                                    "Actual Loops": 1
                                },
                                {
                                    "Worker Number": 4,
                                    "Actual Startup Time": 680.216,
                                    "Actual Total Time": 680.217,
                                    "Actual Rows": 1,
                                    "Actual Loops": 1
                                },
                                {
                                    "Worker Number": 5,
                                    "Actual Startup Time": 680.302,
                                    "Actual Total Time": 680.303,
                                    "Actual Rows": 1,
                                    "Actual Loops": 1
                                }
                            ],
                            "Plans": [
                                {
                                    "Node Type": "Seq Scan",
                                    "Parent Relationship": "Outer",
                                    "Parallel Aware": true,
                                    "Relation Name": "cast_info",
                                    "Schema": "public",
                                    "Alias": "ci",
                                    "Startup Cost": 0.0,
                                    "Total Cost": 343318.94,
                                    "Plan Rows": 2273061,
                                    "Plan Width": 0,
                                    "Actual Startup Time": 222.175,
                                    "Actual Total Time": 623.727,
                                    "Actual Rows": 1183429,
                                    "Actual Loops": 7,
                                    "Output": [
                                        "id",
                                        "person_id",
                                        "movie_id",
                                        "person_role_id",
                                        "note",
                                        "nr_order",
                                        "role_id"
                                    ],
                                    "Filter": "((ci.person_id < 2112960) AND (ci.role_id > 1))",
                                    "Rows Removed by Filter": 3994334,
                                    "Workers": [
                                        {
                                            "Worker Number": 0,
                                            "Actual Startup Time": 220.203,
                                            "Actual Total Time": 621.403,
                                            "Actual Rows": 857987,
                                            "Actual Loops": 1
                                        },
                                        {
                                            "Worker Number": 1,
                                            "Actual Startup Time": 220.479,
                                            "Actual Total Time": 621.743,
                                            "Actual Rows": 853202,
                                            "Actual Loops": 1
                                        },
                                        {
                                            "Worker Number": 2,
                                            "Actual Startup Time": 220.872,
                                            "Actual Total Time": 623.875,
                                            "Actual Rows": 1339026,
                                            "Actual Loops": 1
                                        },
                                        {
                                            "Worker Number": 3,
                                            "Actual Startup Time": 220.991,
                                            "Actual Total Time": 623.108,
                                            "Actual Rows": 932743,
                                            "Actual Loops": 1
                                        },
                                        {
                                            "Worker Number": 4,
                                            "Actual Startup Time": 220.964,
                                            "Actual Total Time": 624.713,
                                            "Actual Rows": 1312413,
                                            "Actual Loops": 1
                                        },
                                        {
                                            "Worker Number": 5,
                                            "Actual Startup Time": 221.062,
                                            "Actual Total Time": 624.037,
                                            "Actual Rows": 1342080,
                                            "Actual Loops": 1
                                        }
                                    ]
                                }
                            ]
                        }
                    ]
                }
            ]
        },
        "Planning Time": 571.973,
        "Triggers": [],
        "Execution Time": 719.285
    }
]