[
  {
    "Plan": {
      "Node Type": "Aggregate",
      "Strategy": "Plain",
      "Partial Mode": "Finalize",
      "Parallel Aware": false,
      "Startup Cost": 323826.7,
      "Total Cost": 323826.71,
      "Plan Rows": 1,
      "Plan Width": 8,
      "Actual Startup Time": 1223.967,
      "Actual Total Time": 1246.1,
      "Actual Rows": 1,
      "Actual Loops": 1,
      "Plans": [
        {
          "Node Type": "Gather",
          "Parent Relationship": "Outer",
          "Parallel Aware": false,
          "Startup Cost": 323826.17,
          "Total Cost": 323826.68,
          "Plan Rows": 5,
          "Plan Width": 8,
          "Actual Startup Time": 1212.812,
          "Actual Total Time": 1246.092,
          "Actual Rows": 6,
          "Actual Loops": 1,
          "Workers Planned": 5,
          "Workers Launched": 5,
          "Single Copy": false,
          "Plans": [
            {
              "Node Type": "Aggregate",
              "Strategy": "Plain",
              "Partial Mode": "Partial",
              "Parent Relationship": "Outer",
              "Parallel Aware": false,
              "Startup Cost": 322826.17,
              "Total Cost": 322826.18,
              "Plan Rows": 1,
              "Plan Width": 8,
              "Actual Startup Time": 1198.664,
              "Actual Total Time": 1198.787,
              "Actual Rows": 1,
              "Actual Loops": 6,
              "Plans": [
                {
                  "Node Type": "Hash Join",
                  "Parent Relationship": "Outer",
                  "Parallel Aware": true,
                  "Join Type": "Inner",
                  "Startup Cost": 104136.62,
                  "Total Cost": 317830.87,
                  "Plan Rows": 1998121,
                  "Plan Width": 0,
                  "Actual Startup Time": 398.768,
                  "Actual Total Time": 1108.777,
                  "Actual Rows": 2242811,
                  "Actual Loops": 6,
                  "Inner Unique": false,
                  "Hash Cond": "(mi.movie_id = t.id)",
                  "Plans": [
                    {
                      "Node Type": "Seq Scan",
                      "Parent Relationship": "Outer",
                      "Parallel Aware": true,
                      "Relation Name": "movie_info",
                      "Alias": "mi",
                      "Startup Cost": 0.0,
                      "Total Cost": 198880.74,
                      "Plan Rows": 2231456,
                      "Plan Width": 4,
                      "Actual Startup Time": 0.023,
                      "Actual Total Time": 296.568,
                      "Actual Rows": 1868457,
                      "Actual Loops": 6,
                      "Filter": "(info_type_id > 3)",
                      "Rows Removed by Filter": 604163
                    },
                    {
                      "Node Type": "Hash",
                      "Parent Relationship": "Inner",
                      "Parallel Aware": true,
                      "Startup Cost": 95007.81,
                      "Total Cost": 95007.81,
                      "Plan Rows": 730305,
                      "Plan Width": 8,
                      "Actual Startup Time": 392.278,
                      "Actual Total Time": 392.4,
                      "Actual Rows": 183978,
                      "Actual Loops": 6,
                      "Hash Buckets": 4194304,
                      "Original Hash Buckets": 4194304,
                      "Hash Batches": 1,
                      "Original Hash Batches": 1,
                      "Peak Memory Usage": 76032,
                      "Plans": [
                        {
                          "Node Type": "Hash Join",
                          "Parent Relationship": "Outer",
                          "Parallel Aware": true,
                          "Join Type": "Inner",
                          "Startup Cost": 49702.03,
                          "Total Cost": 95007.81,
                          "Plan Rows": 730305,
                          "Plan Width": 8,
                          "Actual Startup Time": 193.232,
                          "Actual Total Time": 332.256,
                          "Actual Rows": 183978,
                          "Actual Loops": 6,
                          "Inner Unique": true,
                          "Hash Cond": "(mk.movie_id = t.id)",
                          "Plans": [
                            {
                              "Node Type": "Seq Scan",
                              "Parent Relationship": "Outer",
                              "Parallel Aware": true,
                              "Relation Name": "movie_keyword",
                              "Alias": "mk",
                              "Startup Cost": 0.0,
                              "Total Cost": 42695.65,
                              "Plan Rows": 994334,
                              "Plan Width": 4,
                              "Actual Startup Time": 0.083,
                              "Actual Total Time": 73.247,
                              "Actual Rows": 513792,
                              "Actual Loops": 6,
                              "Filter": "(keyword_id > 2010)",
                              "Rows Removed by Filter": 240197
                            },
                            {
                              "Node Type": "Hash",
                              "Parent Relationship": "Inner",
                              "Parallel Aware": true,
                              "Startup Cost": 43899.01,
                              "Total Cost": 43899.01,
                              "Plan Rows": 464242,
                              "Plan Width": 4,
                              "Actual Startup Time": 191.04,
                              "Actual Total Time": 191.041,
                              "Actual Rows": 310914,
                              "Actual Loops": 6,
                              "Hash Buckets": 2097152,
                              "Original Hash Buckets": 2097152,
                              "Hash Batches": 1,
                              "Original Hash Batches": 1,
                              "Peak Memory Usage": 89440,
                              "Plans": [
                                {
                                  "Node Type": "Seq Scan",
                                  "Parent Relationship": "Outer",
                                  "Parallel Aware": true,
                                  "Relation Name": "title",
                                  "Alias": "t",
                                  "Startup Cost": 0.0,
                                  "Total Cost": 43899.01,
                                  "Plan Rows": 464242,
                                  "Plan Width": 4,
                                  "Actual Startup Time": 0.062,
                                  "Actual Total Time": 75.687,
                                  "Actual Rows": 310914,
                                  "Actual Loops": 6,
                                  "Filter": "(kind_id > 1)",
                                  "Rows Removed by Filter": 110471
                                }
                              ]
                            }
                          ]
                        }
                      ]
                    }
                  ]
                }
              ]
            }
          ]
        }
      ]
    },
    "Planning Time": 0.774,
    "Triggers": [],
    "Execution Time": 1246.155
  }
]