[
  {
    "Bao": {
      "Bao prediction": 1365.139,
      "Bao recommended hint": "SET enable_nestloop TO off; SET enable_hashjoin TO off; "
    }
  },
  {
    "Plan": {
      "Node Type": "Aggregate",
      "Strategy": "Plain",
      "Partial Mode": "Simple",
      "Parallel Aware": false,
      "Startup Cost": 697855.96,
      "Total Cost": 697855.97,
      "Plan Rows": 1,
      "Plan Width": 64,
      "Actual Startup Time": 4143.012,
      "Actual Total Time": 4143.173,
      "Actual Rows": 1,
      "Actual Loops": 1,
      "Plans": [
        {
          "Node Type": "Merge Join",
          "Parent Relationship": "Outer",
          "Parallel Aware": false,
          "Join Type": "Inner",
          "Startup Cost": 554963.63,
          "Total Cost": 697835.07,
          "Plan Rows": 4178,
          "Plan Width": 38,
          "Actual Startup Time": 2604.654,
          "Actual Total Time": 4142.139,
          "Actual Rows": 11347,
          "Actual Loops": 1,
          "Inner Unique": false,
          "Merge Cond": "(t.id = at.movie_id)",
          "Plans": [
            {
              "Node Type": "Merge Join",
              "Parent Relationship": "Outer",
              "Parallel Aware": false,
              "Join Type": "Inner",
              "Startup Cost": 554957.35,
              "Total Cost": 675938.36,
              "Plan Rows": 1621,
              "Plan Width": 33,
              "Actual Startup Time": 2596.332,
              "Actual Total Time": 3907.332,
              "Actual Rows": 25564,
              "Actual Loops": 1,
              "Inner Unique": false,
              "Merge Cond": "(t.id = mi.movie_id)",
              "Plans": [
                {
                  "Node Type": "Index Scan",
                  "Parent Relationship": "Outer",
                  "Parallel Aware": false,
                  "Scan Direction": "Forward",
                  "Index Name": "title_pkey",
                  "Relation Name": "title",
                  "Alias": "t",
                  "Startup Cost": 0.43,
                  "Total Cost": 116680.33,
                  "Plan Rows": 1758722,
                  "Plan Width": 21,
                  "Actual Startup Time": 0.014,
                  "Actual Total Time": 1221.249,
                  "Actual Rows": 1747289,
                  "Actual Loops": 1,
                  "Filter": "(production_year > 1990)",
                  "Rows Removed by Filter": 775982
                },
                {
                  "Node Type": "Sort",
                  "Parent Relationship": "Inner",
                  "Parallel Aware": false,
                  "Startup Cost": 554953.69,
                  "Total Cost": 554959.52,
                  "Plan Rows": 2331,
                  "Plan Width": 12,
                  "Actual Startup Time": 2596.247,
                  "Actual Total Time": 2598.851,
                  "Actual Rows": 25738,
                  "Actual Loops": 1,
                  "Sort Key": [
                    "mc.movie_id"
                  ],
                  "Sort Method": "quicksort",
                  "Sort Space Used": 1975,
                  "Sort Space Type": "Memory",
                  "Plans": [
                    {
                      "Node Type": "Merge Join",
                      "Parent Relationship": "Outer",
                      "Parallel Aware": false,
                      "Join Type": "Inner",
                      "Startup Cost": 542093.31,
                      "Total Cost": 554823.31,
                      "Plan Rows": 2331,
                      "Plan Width": 12,
                      "Actual Startup Time": 2466.997,
                      "Actual Total Time": 2591.376,
                      "Actual Rows": 25738,
                      "Actual Loops": 1,
                      "Inner Unique": false,
                      "Merge Cond": "(cn.id = mc.company_id)",
                      "Plans": [
                        {
                          "Node Type": "Index Scan",
                          "Parent Relationship": "Outer",
                          "Parallel Aware": false,
                          "Scan Direction": "Forward",
                          "Index Name": "company_name_pkey",
                          "Relation Name": "company_name",
                          "Alias": "cn",
                          "Startup Cost": 0.42,
                          "Total Cost": 12469.43,
                          "Plan Rows": 85931,
                          "Plan Width": 4,
                          "Actual Startup Time": 0.011,
                          "Actual Total Time": 110.165,
                          "Actual Rows": 84788,
                          "Actual Loops": 1,
                          "Filter": "((country_code)::text = '[us]'::text)",
                          "Rows Removed by Filter": 149658
                        },
                        {
                          "Node Type": "Sort",
                          "Parent Relationship": "Inner",
                          "Parallel Aware": false,
                          "Startup Cost": 542091.91,
                          "Total Cost": 542107.83,
                          "Plan Rows": 6366,
                          "Plan Width": 16,
                          "Actual Startup Time": 2466.967,
                          "Actual Total Time": 2472.104,
                          "Actual Rows": 52749,
                          "Actual Loops": 1,
                          "Sort Key": [
                            "mc.company_id"
                          ],
                          "Sort Method": "quicksort",
                          "Sort Space Used": 4009,
                          "Sort Space Type": "Memory",
                          "Plans": [
                            {
                              "Node Type": "Merge Join",
                              "Parent Relationship": "Outer",
                              "Parallel Aware": false,
                              "Join Type": "Inner",
                              "Startup Cost": 536266.51,
                              "Total Cost": 541689.7,
                              "Plan Rows": 6366,
                              "Plan Width": 16,
                              "Actual Startup Time": 2389.532,
                              "Actual Total Time": 2455.821,
                              "Actual Rows": 52749,
                              "Actual Loops": 1,
                              "Inner Unique": false,
                              "Merge Cond": "(k.id = mk.keyword_id)",
                              "Plans": [
                                {
                                  "Node Type": "Index Only Scan",
                                  "Parent Relationship": "Outer",
                                  "Parallel Aware": false,
                                  "Scan Direction": "Forward",
                                  "Index Name": "keyword_pkey",
                                  "Relation Name": "keyword",
                                  "Alias": "k",
                                  "Startup Cost": 0.42,
                                  "Total Cost": 5007.75,
                                  "Plan Rows": 134170,
                                  "Plan Width": 4,
                                  "Actual Startup Time": 0.04,
                                  "Actual Total Time": 47.863,
                                  "Actual Rows": 133881,
                                  "Actual Loops": 1,
                                  "Heap Fetches": 133881
                                },
                                {
                                  "Node Type": "Sort",
                                  "Parent Relationship": "Inner",
                                  "Parallel Aware": false,
                                  "Startup Cost": 536265.98,
                                  "Total Cost": 536281.89,
                                  "Plan Rows": 6366,
                                  "Plan Width": 20,
                                  "Actual Startup Time": 2389.488,
                                  "Actual Total Time": 2394.673,
                                  "Actual Rows": 52749,
                                  "Actual Loops": 1,
                                  "Sort Key": [
                                    "mk.keyword_id"
                                  ],
                                  "Sort Method": "quicksort",
                                  "Sort Space Used": 5658,
                                  "Sort Space Type": "Memory",
                                  "Plans": [
                                    {
                                      "Node Type": "Merge Join",
                                      "Parent Relationship": "Outer",
                                      "Parallel Aware": false,
                                      "Join Type": "Inner",
                                      "Startup Cost": 347310.41,
                                      "Total Cost": 535863.77,
                                      "Plan Rows": 6366,
                                      "Plan Width": 20,
                                      "Actual Startup Time": 1496.076,
                                      "Actual Total Time": 2376.128,
                                      "Actual Rows": 52749,
                                      "Actual Loops": 1,
                                      "Inner Unique": false,
                                      "Merge Cond": "(mk.movie_id = mi.movie_id)",
                                      "Plans": [
                                        {
                                          "Node Type": "Index Scan",
                                          "Parent Relationship": "Outer",
                                          "Parallel Aware": false,
                                          "Scan Direction": "Forward",
                                          "Index Name": "movie_id_movie_keyword",
                                          "Relation Name": "movie_keyword",
                                          "Alias": "mk",
                                          "Startup Cost": 0.43,
                                          "Total Cost": 177148.48,
                                          "Plan Rows": 4523930,
                                          "Plan Width": 8,
                                          "Actual Startup Time": 0.018,
                                          "Actual Total Time": 608.638,
                                          "Actual Rows": 4523865,
                                          "Actual Loops": 1
                                        },
                                        {
                                          "Node Type": "Sort",
                                          "Parent Relationship": "Inner",
                                          "Parallel Aware": false,
                                          "Startup Cost": 347309.97,
                                          "Total Cost": 347311.24,
                                          "Plan Rows": 508,
                                          "Plan Width": 12,
                                          "Actual Startup Time": 1496.051,
                                          "Actual Total Time": 1499.766,
                                          "Actual Rows": 62085,
                                          "Actual Loops": 1,
                                          "Sort Key": [
                                            "mc.movie_id"
                                          ],
                                          "Sort Method": "quicksort",
                                          "Sort Space Used": 1060,
                                          "Sort Space Type": "Memory",
                                          "Plans": [
                                            {
                                              "Node Type": "Merge Join",
                                              "Parent Relationship": "Outer",
                                              "Parallel Aware": false,
                                              "Join Type": "Inner",
                                              "Startup Cost": 347279.47,
                                              "Total Cost": 347287.14,
                                              "Plan Rows": 508,
                                              "Plan Width": 12,
                                              "Actual Startup Time": 1490.919,
                                              "Actual Total Time": 1493.161,
                                              "Actual Rows": 14401,
                                              "Actual Loops": 1,
                                              "Inner Unique": true,
                                              "Merge Cond": "(mc.company_type_id = ct.id)",
                                              "Plans": [
                                                {
                                                  "Node Type": "Sort",
                                                  "Parent Relationship": "Outer",
                                                  "Parallel Aware": false,
                                                  "Startup Cost": 347278.39,
                                                  "Total Cost": 347279.67,
                                                  "Plan Rows": 510,
                                                  "Plan Width": 16,
                                                  "Actual Startup Time": 1490.894,
                                                  "Actual Total Time": 1491.583,
                                                  "Actual Rows": 14401,
                                                  "Actual Loops": 1,
                                                  "Sort Key": [
                                                    "mc.company_type_id"
                                                  ],
                                                  "Sort Method": "quicksort",
                                                  "Sort Space Used": 1060,
                                                  "Sort Space Type": "Memory",
                                                  "Plans": [
                                                    {
                                                      "Node Type": "Merge Join",
                                                      "Parent Relationship": "Outer",
                                                      "Parallel Aware": false,
                                                      "Join Type": "Inner",
                                                      "Startup Cost": 200322.51,
                                                      "Total Cost": 347255.46,
                                                      "Plan Rows": 510,
                                                      "Plan Width": 16,
                                                      "Actual Startup Time": 432.311,
                                                      "Actual Total Time": 1486.246,
                                                      "Actual Rows": 14401,
                                                      "Actual Loops": 1,
                                                      "Inner Unique": false,
                                                      "Merge Cond": "(mc.movie_id = mi.movie_id)",
                                                      "Plans": [
                                                        {
                                                          "Node Type": "Index Scan",
                                                          "Parent Relationship": "Outer",
                                                          "Parallel Aware": false,
                                                          "Scan Direction": "Forward",
                                                          "Index Name": "movie_id_movie_companies",
                                                          "Relation Name": "movie_companies",
                                                          "Alias": "mc",
                                                          "Startup Cost": 0.43,
                                                          "Total Cost": 140404.76,
                                                          "Plan Rows": 2609129,
                                                          "Plan Width": 12,
                                                          "Actual Startup Time": 0.017,
                                                          "Actual Total Time": 816.677,
                                                          "Actual Rows": 2608949,
                                                          "Actual Loops": 1
                                                        },
                                                        {
                                                          "Node Type": "Sort",
                                                          "Parent Relationship": "Inner",
                                                          "Parallel Aware": false,
                                                          "Startup Cost": 200320.22,
                                                          "Total Cost": 200320.47,
                                                          "Plan Rows": 102,
                                                          "Plan Width": 4,
                                                          "Actual Startup Time": 432.263,
                                                          "Actual Total Time": 434.573,
                                                          "Actual Rows": 17501,
                                                          "Actual Loops": 1,
                                                          "Sort Key": [
                                                            "mi.movie_id"
                                                          ],
                                                          "Sort Method": "quicksort",
                                                          "Sort Space Used": 885,
                                                          "Sort Space Type": "Memory",
                                                          "Plans": [
                                                            {
                                                              "Node Type": "Gather",
                                                              "Parent Relationship": "Outer",
                                                              "Parallel Aware": false,
                                                              "Startup Cost": 200294.92,
                                                              "Total Cost": 200316.82,
                                                              "Plan Rows": 102,
                                                              "Plan Width": 4,
                                                              "Actual Startup Time": 427.366,
                                                              "Actual Total Time": 429.363,
                                                              "Actual Rows": 10679,
                                                              "Actual Loops": 1,
                                                              "Workers Planned": 5,
                                                              "Workers Launched": 5,
                                                              "Single Copy": false,
                                                              "Plans": [
                                                                {
                                                                  "Node Type": "Merge Join",
                                                                  "Parent Relationship": "Outer",
                                                                  "Parallel Aware": false,
                                                                  "Join Type": "Inner",
                                                                  "Startup Cost": 199294.92,
                                                                  "Total Cost": 199306.62,
                                                                  "Plan Rows": 20,
                                                                  "Plan Width": 4,
                                                                  "Actual Startup Time": 416.398,
                                                                  "Actual Total Time": 416.742,
                                                                  "Actual Rows": 1780,
                                                                  "Actual Loops": 6,
                                                                  "Inner Unique": true,
                                                                  "Merge Cond": "(mi.info_type_id = it1.id)",
                                                                  "Plans": [
                                                                    {
                                                                      "Node Type": "Sort",
                                                                      "Parent Relationship": "Outer",
                                                                      "Parallel Aware": false,
                                                                      "Startup Cost": 199292.5,
                                                                      "Total Cost": 199298.24,
                                                                      "Plan Rows": 2297,
                                                                      "Plan Width": 8,
                                                                      "Actual Startup Time": 416.295,
                                                                      "Actual Total Time": 416.385,
                                                                      "Actual Rows": 1786,
                                                                      "Actual Loops": 6,
                                                                      "Sort Key": [
                                                                        "mi.info_type_id"
                                                                      ],
                                                                      "Sort Method": "quicksort",
                                                                      "Sort Space Used": 116,
                                                                      "Sort Space Type": "Memory",
                                                                      "Workers": [
                                                                        {
                                                                          "Worker Number": 0,
                                                                          "Sort Method": "quicksort",
                                                                          "Sort Space Used": 208,
                                                                          "Sort Space Type": "Memory"
                                                                        },
                                                                        {
                                                                          "Worker Number": 1,
                                                                          "Sort Method": "quicksort",
                                                                          "Sort Space Used": 216,
                                                                          "Sort Space Type": "Memory"
                                                                        },
                                                                        {
                                                                          "Worker Number": 2,
                                                                          "Sort Method": "quicksort",
                                                                          "Sort Space Used": 117,
                                                                          "Sort Space Type": "Memory"
                                                                        },
                                                                        {
                                                                          "Worker Number": 3,
                                                                          "Sort Method": "quicksort",
                                                                          "Sort Space Used": 117,
                                                                          "Sort Space Type": "Memory"
                                                                        },
                                                                        {
                                                                          "Worker Number": 4,
                                                                          "Sort Method": "quicksort",
                                                                          "Sort Space Used": 119,
                                                                          "Sort Space Type": "Memory"
                                                                        }
                                                                      ],
                                                                      "Plans": [
                                                                        {
                                                                          "Node Type": "Seq Scan",
                                                                          "Parent Relationship": "Outer",
                                                                          "Parallel Aware": true,
                                                                          "Relation Name": "movie_info",
                                                                          "Alias": "mi",
                                                                          "Startup Cost": 0.0,
                                                                          "Total Cost": 199164.27,
                                                                          "Plan Rows": 2297,
                                                                          "Plan Width": 8,
                                                                          "Actual Startup Time": 56.762,
                                                                          "Actual Total Time": 415.344,
                                                                          "Actual Rows": 1802,
                                                                          "Actual Loops": 6,
                                                                          "Filter": "(note ~~ '%internet%'::text)",
                                                                          "Rows Removed by Filter": 2470818
                                                                        }
                                                                      ]
                                                                    },
                                                                    {
                                                                      "Node Type": "Sort",
                                                                      "Parent Relationship": "Inner",
                                                                      "Parallel Aware": false,
                                                                      "Startup Cost": 2.42,
                                                                      "Total Cost": 2.43,
                                                                      "Plan Rows": 1,
                                                                      "Plan Width": 4,
                                                                      "Actual Startup Time": 0.093,
                                                                      "Actual Total Time": 0.094,
                                                                      "Actual Rows": 1,
                                                                      "Actual Loops": 6,
                                                                      "Sort Key": [
                                                                        "it1.id"
                                                                      ],
                                                                      "Sort Method": "quicksort",
                                                                      "Sort Space Used": 25,
                                                                      "Sort Space Type": "Memory",
                                                                      "Workers": [
                                                                        {
                                                                          "Worker Number": 0,
                                                                          "Sort Method": "quicksort",
                                                                          "Sort Space Used": 25,
                                                                          "Sort Space Type": "Memory"
                                                                        },
                                                                        {
                                                                          "Worker Number": 1,
                                                                          "Sort Method": "quicksort",
                                                                          "Sort Space Used": 25,
                                                                          "Sort Space Type": "Memory"
                                                                        },
                                                                        {
                                                                          "Worker Number": 2,
                                                                          "Sort Method": "quicksort",
                                                                          "Sort Space Used": 25,
                                                                          "Sort Space Type": "Memory"
                                                                        },
                                                                        {
                                                                          "Worker Number": 3,
                                                                          "Sort Method": "quicksort",
                                                                          "Sort Space Used": 25,
                                                                          "Sort Space Type": "Memory"
                                                                        },
                                                                        {
                                                                          "Worker Number": 4,
                                                                          "Sort Method": "quicksort",
                                                                          "Sort Space Used": 25,
                                                                          "Sort Space Type": "Memory"
                                                                        }
                                                                      ],
                                                                      "Plans": [
                                                                        {
                                                                          "Node Type": "Seq Scan",
                                                                          "Parent Relationship": "Outer",
                                                                          "Parallel Aware": false,
                                                                          "Relation Name": "info_type",
                                                                          "Alias": "it1",
                                                                          "Startup Cost": 0.0,
                                                                          "Total Cost": 2.41,
                                                                          "Plan Rows": 1,
                                                                          "Plan Width": 4,
                                                                          "Actual Startup Time": 0.058,
                                                                          "Actual Total Time": 0.064,
                                                                          "Actual Rows": 1,
                                                                          "Actual Loops": 6,
                                                                          "Filter": "((info)::text = 'release dates'::text)",
                                                                          "Rows Removed by Filter": 112
                                                                        }
                                                                      ]
                                                                    }
                                                                  ]
                                                                }
                                                              ]
                                                            }
                                                          ]
                                                        }
                                                      ]
                                                    }
                                                  ]
                                                },
                                                {
                                                  "Node Type": "Sort",
                                                  "Parent Relationship": "Inner",
                                                  "Parallel Aware": false,
                                                  "Startup Cost": 1.08,
                                                  "Total Cost": 1.09,
                                                  "Plan Rows": 4,
                                                  "Plan Width": 4,
                                                  "Actual Startup Time": 0.022,
                                                  "Actual Total Time": 0.023,
                                                  "Actual Rows": 2,
                                                  "Actual Loops": 1,
                                                  "Sort Key": [
                                                    "ct.id"
                                                  ],
                                                  "Sort Method": "quicksort",
                                                  "Sort Space Used": 25,
                                                  "Sort Space Type": "Memory",
                                                  "Plans": [
                                                    {
                                                      "Node Type": "Seq Scan",
                                                      "Parent Relationship": "Outer",
                                                      "Parallel Aware": false,
                                                      "Relation Name": "company_type",
                                                      "Alias": "ct",
                                                      "Startup Cost": 0.0,
                                                      "Total Cost": 1.04,
                                                      "Plan Rows": 4,
                                                      "Plan Width": 4,
                                                      "Actual Startup Time": 0.011,
                                                      "Actual Total Time": 0.012,
                                                      "Actual Rows": 4,
                                                      "Actual Loops": 1
                                                    }
                                                  ]
                                                }
                                              ]
                                            }
                                          ]
                                        }
                                      ]
                                    }
                                  ]
                                }
                              ]
                            }
                          ]
                        }
                      ]
                    }
                  ]
                }
              ]
            },
            {
              "Node Type": "Index Scan",
              "Parent Relationship": "Inner",
              "Parallel Aware": false,
              "Scan Direction": "Forward",
              "Index Name": "movie_id_aka_title",
              "Relation Name": "aka_title",
              "Alias": "at",
              "Startup Cost": 0.42,
              "Total Cost": 21135.93,
              "Plan Rows": 361472,
              "Plan Width": 25,
              "Actual Startup Time": 0.016,
              "Actual Total Time": 209.113,
              "Actual Rows": 371412,
              "Actual Loops": 1
            }
          ]
        }
      ]
    },
    "Planning Time": 798.953,
    "Triggers": [],
    "Execution Time": 4145.149
  }
]