[
  {
    "Plan": {
      "Node Type": "Aggregate",
      "Strategy": "Plain",
      "Partial Mode": "Simple",
      "Parallel Aware": false,
      "Startup Cost": 7497.47,
      "Total Cost": 7497.48,
      "Plan Rows": 1,
      "Plan Width": 96,
      "Actual Startup Time": 191.591,
      "Actual Total Time": 191.599,
      "Actual Rows": 1,
      "Actual Loops": 1,
      "Output": [
        "min(chn.name)",
        "min(mi_idx.info)",
        "min(t.title)"
      ],
      "Plans": [
        {
          "Node Type": "Nested Loop",
          "Parent Relationship": "Outer",
          "Parallel Aware": false,
          "Join Type": "Inner",
          "Startup Cost": 13.77,
          "Total Cost": 7497.46,
          "Plan Rows": 1,
          "Plan Width": 38,
          "Actual Startup Time": 117.162,
          "Actual Total Time": 191.566,
          "Actual Rows": 29,
          "Actual Loops": 1,
          "Output": [
            "chn.name",
            "mi_idx.info",
            "t.title"
          ],
          "Inner Unique": true,
          "Plans": [
            {
              "Node Type": "Nested Loop",
              "Parent Relationship": "Outer",
              "Parallel Aware": false,
              "Join Type": "Inner",
              "Startup Cost": 13.64,
              "Total Cost": 7497.29,
              "Plan Rows": 1,
              "Plan Width": 42,
              "Actual Startup Time": 117.151,
              "Actual Total Time": 191.485,
              "Actual Rows": 29,
              "Actual Loops": 1,
              "Output": [
                "cc.status_id",
                "chn.name",
                "mi_idx.info",
                "t.title"
              ],
              "Inner Unique": true,
              "Plans": [
                {
                  "Node Type": "Nested Loop",
                  "Parent Relationship": "Outer",
                  "Parallel Aware": false,
                  "Join Type": "Inner",
                  "Startup Cost": 13.51,
                  "Total Cost": 7497.12,
                  "Plan Rows": 1,
                  "Plan Width": 46,
                  "Actual Startup Time": 50.9,
                  "Actual Total Time": 191.385,
                  "Actual Rows": 34,
                  "Actual Loops": 1,
                  "Output": [
                    "cc.status_id",
                    "chn.name",
                    "mi_idx.info",
                    "t.title",
                    "t.kind_id"
                  ],
                  "Inner Unique": true,
                  "Join Filter": "(mk.movie_id = t.id)",
                  "Rows Removed by Join Filter": 0,
                  "Plans": [
                    {
                      "Node Type": "Nested Loop",
                      "Parent Relationship": "Outer",
                      "Parallel Aware": false,
                      "Join Type": "Inner",
                      "Startup Cost": 13.08,
                      "Total Cost": 7496.65,
                      "Plan Rows": 1,
                      "Plan Width": 41,
                      "Actual Startup Time": 30.112,
                      "Actual Total Time": 190.298,
                      "Actual Rows": 68,
                      "Actual Loops": 1,
                      "Output": [
                        "cc.movie_id",
                        "cc.status_id",
                        "ci.movie_id",
                        "chn.name",
                        "mi_idx.info",
                        "mi_idx.movie_id",
                        "mk.movie_id"
                      ],
                      "Inner Unique": false,
                      "Join Filter": "(cc.subject_id = cct1.id)",
                      "Rows Removed by Join Filter": 61,
                      "Plans": [
                        {
                          "Node Type": "Seq Scan",
                          "Parent Relationship": "Outer",
                          "Parallel Aware": false,
                          "Relation Name": "comp_cast_type",
                          "Schema": "public",
                          "Alias": "cct1",
                          "Startup Cost": 0.0,
                          "Total Cost": 1.05,
                          "Plan Rows": 1,
                          "Plan Width": 4,
                          "Actual Startup Time": 0.071,
                          "Actual Total Time": 0.074,
                          "Actual Rows": 1,
                          "Actual Loops": 1,
                          "Output": [
                            "cct1.id",
                            "cct1.kind"
                          ],
                          "Filter": "((cct1.kind)::text = 'cast'::text)",
                          "Rows Removed by Filter": 3
                        },
                        {
                          "Node Type": "Nested Loop",
                          "Parent Relationship": "Inner",
                          "Parallel Aware": false,
                          "Join Type": "Inner",
                          "Startup Cost": 13.08,
                          "Total Cost": 7494.35,
                          "Plan Rows": 100,
                          "Plan Width": 45,
                          "Actual Startup Time": 30.036,
                          "Actual Total Time": 190.186,
                          "Actual Rows": 129,
                          "Actual Loops": 1,
                          "Output": [
                            "cc.movie_id",
                            "cc.subject_id",
                            "cc.status_id",
                            "ci.movie_id",
                            "chn.name",
                            "mi_idx.info",
                            "mi_idx.movie_id",
                            "mk.movie_id"
                          ],
                          "Inner Unique": true,
                          "Plans": [
                            {
                              "Node Type": "Nested Loop",
                              "Parent Relationship": "Outer",
                              "Parallel Aware": false,
                              "Join Type": "Inner",
                              "Startup Cost": 12.65,
                              "Total Cost": 7493.89,
                              "Plan Rows": 1,
                              "Plan Width": 49,
                              "Actual Startup Time": 29.936,
                              "Actual Total Time": 185.799,
                              "Actual Rows": 129,
                              "Actual Loops": 1,
                              "Output": [
                                "cc.movie_id",
                                "cc.subject_id",
                                "cc.status_id",
                                "ci.movie_id",
                                "ci.person_id",
                                "chn.name",
                                "mi_idx.info",
                                "mi_idx.movie_id",
                                "mk.movie_id"
                              ],
                              "Inner Unique": true,
                              "Plans": [
                                {
                                  "Node Type": "Nested Loop",
                                  "Parent Relationship": "Outer",
                                  "Parallel Aware": false,
                                  "Join Type": "Inner",
                                  "Startup Cost": 12.22,
                                  "Total Cost": 7493.44,
                                  "Plan Rows": 1,
                                  "Plan Width": 37,
                                  "Actual Startup Time": 29.557,
                                  "Actual Total Time": 151.233,
                                  "Actual Rows": 3317,
                                  "Actual Loops": 1,
                                  "Output": [
                                    "cc.movie_id",
                                    "cc.subject_id",
                                    "cc.status_id",
                                    "ci.movie_id",
                                    "ci.person_role_id",
                                    "ci.person_id",
                                    "mi_idx.info",
                                    "mi_idx.movie_id",
                                    "mk.movie_id"
                                  ],
                                  "Inner Unique": false,
                                  "Plans": [
                                    {
                                      "Node Type": "Nested Loop",
                                      "Parent Relationship": "Outer",
                                      "Parallel Aware": false,
                                      "Join Type": "Inner",
                                      "Startup Cost": 11.65,
                                      "Total Cost": 7491.52,
                                      "Plan Rows": 1,
                                      "Plan Width": 25,
                                      "Actual Startup Time": 29.272,
                                      "Actual Total Time": 116.858,
                                      "Actual Rows": 37,
                                      "Actual Loops": 1,
                                      "Output": [
                                        "cc.movie_id",
                                        "cc.subject_id",
                                        "cc.status_id",
                                        "mi_idx.info",
                                        "mi_idx.movie_id",
                                        "mk.movie_id"
                                      ],
                                      "Inner Unique": false,
                                      "Plans": [
                                        {
                                          "Node Type": "Nested Loop",
                                          "Parent Relationship": "Outer",
                                          "Parallel Aware": false,
                                          "Join Type": "Inner",
                                          "Startup Cost": 11.23,
                                          "Total Cost": 7491.04,
                                          "Plan Rows": 1,
                                          "Plan Width": 13,
                                          "Actual Startup Time": 5.091,
                                          "Actual Total Time": 114.68,
                                          "Actual Rows": 61,
                                          "Actual Loops": 1,
                                          "Output": [
                                            "mi_idx.info",
                                            "mi_idx.movie_id",
                                            "mk.movie_id"
                                          ],
                                          "Inner Unique": false,
                                          "Join Filter": "(mi_idx.info_type_id = it2.id)",
                                          "Rows Removed by Join Filter": 144,
                                          "Plans": [
                                            {
                                              "Node Type": "Seq Scan",
                                              "Parent Relationship": "Outer",
                                              "Parallel Aware": false,
                                              "Relation Name": "info_type",
                                              "Schema": "public",
                                              "Alias": "it2",
                                              "Startup Cost": 0.0,
                                              "Total Cost": 2.41,
                                              "Plan Rows": 1,
                                              "Plan Width": 4,
                                              "Actual Startup Time": 0.04,
                                              "Actual Total Time": 0.043,
                                              "Actual Rows": 1,
                                              "Actual Loops": 1,
                                              "Output": [
                                                "it2.id",
                                                "it2.info"
                                              ],
                                              "Filter": "((it2.info)::text = 'rating'::text)",
                                              "Rows Removed by Filter": 112
                                            },
                                            {
                                              "Node Type": "Nested Loop",
                                              "Parent Relationship": "Inner",
                                              "Parallel Aware": false,
                                              "Join Type": "Inner",
                                              "Startup Cost": 11.23,
                                              "Total Cost": 7488.41,
                                              "Plan Rows": 17,
                                              "Plan Width": 17,
                                              "Actual Startup Time": 5.048,
                                              "Actual Total Time": 114.578,
                                              "Actual Rows": 205,
                                              "Actual Loops": 1,
                                              "Output": [
                                                "mk.movie_id",
                                                "mi_idx.info",
                                                "mi_idx.movie_id",
                                                "mi_idx.info_type_id"
                                              ],
                                              "Inner Unique": false,
                                              "Plans": [
                                                {
                                                  "Node Type": "Nested Loop",
                                                  "Parent Relationship": "Outer",
                                                  "Parallel Aware": false,
                                                  "Join Type": "Inner",
                                                  "Startup Cost": 10.8,
                                                  "Total Cost": 7419.56,
                                                  "Plan Rows": 135,
                                                  "Plan Width": 4,
                                                  "Actual Startup Time": 4.002,
                                                  "Actual Total Time": 66.561,
                                                  "Actual Rows": 2122,
                                                  "Actual Loops": 1,
                                                  "Output": [
                                                    "mk.movie_id"
                                                  ],
                                                  "Inner Unique": false,
                                                  "Plans": [
                                                    {
                                                      "Node Type": "Seq Scan",
                                                      "Parent Relationship": "Outer",
                                                      "Parallel Aware": false,
                                                      "Relation Name": "keyword",
                                                      "Schema": "public",
                                                      "Alias": "k",
                                                      "Startup Cost": 0.0,
                                                      "Total Cost": 2961.55,
                                                      "Plan Rows": 4,
                                                      "Plan Width": 4,
                                                      "Actual Startup Time": 3.605,
                                                      "Actual Total Time": 29.469,
                                                      "Actual Rows": 4,
                                                      "Actual Loops": 1,
                                                      "Output": [
                                                        "k.id",
                                                        "k.keyword",
                                                        "k.phonetic_code"
                                                      ],
                                                      "Filter": "(k.keyword = ANY ('{second-part,magnet,claw,marvel-comics}'::text[]))",
                                                      "Rows Removed by Filter": 134166
                                                    },
                                                    {
                                                      "Node Type": "Bitmap Heap Scan",
                                                      "Parent Relationship": "Inner",
                                                      "Parallel Aware": false,
                                                      "Relation Name": "movie_keyword",
                                                      "Schema": "public",
                                                      "Alias": "mk",
                                                      "Startup Cost": 10.8,
                                                      "Total Cost": 1111.44,
                                                      "Plan Rows": 306,
                                                      "Plan Width": 8,
                                                      "Actual Startup Time": 0.398,
                                                      "Actual Total Time": 9.05,
                                                      "Actual Rows": 530,
                                                      "Actual Loops": 4,
                                                      "Output": [
                                                        "mk.id",
                                                        "mk.movie_id",
                                                        "mk.keyword_id"
                                                      ],
                                                      "Recheck Cond": "(mk.keyword_id = k.id)",
                                                      "Rows Removed by Index Recheck": 0,
                                                      "Exact Heap Blocks": 1843,
                                                      "Lossy Heap Blocks": 0,
                                                      "Plans": [
                                                        {
                                                          "Node Type": "Bitmap Index Scan",
                                                          "Parent Relationship": "Outer",
                                                          "Parallel Aware": false,
                                                          "Index Name": "keyword_id_movie_keyword",
                                                          "Startup Cost": 0.0,
                                                          "Total Cost": 10.73,
                                                          "Plan Rows": 306,
                                                          "Plan Width": 0,
                                                          "Actual Startup Time": 0.274,
                                                          "Actual Total Time": 0.274,
                                                          "Actual Rows": 530,
                                                          "Actual Loops": 4,
                                                          "Index Cond": "(mk.keyword_id = k.id)"
                                                        }
                                                      ]
                                                    }
                                                  ]
                                                },
                                                {
                                                  "Node Type": "Index Scan",
                                                  "Parent Relationship": "Inner",
                                                  "Parallel Aware": false,
                                                  "Scan Direction": "Forward",
                                                  "Index Name": "movie_id_movie_info_idx",
                                                  "Relation Name": "movie_info_idx",
                                                  "Schema": "public",
                                                  "Alias": "mi_idx",
                                                  "Startup Cost": 0.43,
                                                  "Total Cost": 0.5,
                                                  "Plan Rows": 1,
                                                  "Plan Width": 13,
                                                  "Actual Startup Time": 0.022,
                                                  "Actual Total Time": 0.022,
                                                  "Actual Rows": 0,
                                                  "Actual Loops": 2122,
                                                  "Output": [
                                                    "mi_idx.id",
                                                    "mi_idx.movie_id",
                                                    "mi_idx.info_type_id",
                                                    "mi_idx.info",
                                                    "mi_idx.note"
                                                  ],
                                                  "Index Cond": "(mi_idx.movie_id = mk.movie_id)",
                                                  "Rows Removed by Index Recheck": 0,
                                                  "Filter": "(mi_idx.info > '8.0'::text)",
                                                  "Rows Removed by Filter": 2
                                                }
                                              ]
                                            }
                                          ]
                                        },
                                        {
                                          "Node Type": "Index Scan",
                                          "Parent Relationship": "Inner",
                                          "Parallel Aware": false,
                                          "Scan Direction": "Forward",
                                          "Index Name": "movie_id_complete_cast",
                                          "Relation Name": "complete_cast",
                                          "Schema": "public",
                                          "Alias": "cc",
                                          "Startup Cost": 0.42,
                                          "Total Cost": 0.46,
                                          "Plan Rows": 2,
                                          "Plan Width": 12,
                                          "Actual Startup Time": 0.031,
                                          "Actual Total Time": 0.035,
                                          "Actual Rows": 1,
                                          "Actual Loops": 61,
                                          "Output": [
                                            "cc.id",
                                            "cc.movie_id",
                                            "cc.subject_id",
                                            "cc.status_id"
                                          ],
                                          "Index Cond": "(cc.movie_id = mk.movie_id)",
                                          "Rows Removed by Index Recheck": 0
                                        }
                                      ]
                                    },
                                    {
                                      "Node Type": "Index Scan",
                                      "Parent Relationship": "Inner",
                                      "Parallel Aware": false,
                                      "Scan Direction": "Forward",
                                      "Index Name": "movie_id_cast_info",
                                      "Relation Name": "cast_info",
                                      "Schema": "public",
                                      "Alias": "ci",
                                      "Startup Cost": 0.56,
                                      "Total Cost": 1.55,
                                      "Plan Rows": 37,
                                      "Plan Width": 12,
                                      "Actual Startup Time": 0.059,
                                      "Actual Total Time": 0.898,
                                      "Actual Rows": 90,
                                      "Actual Loops": 37,
                                      "Output": [
                                        "ci.id",
                                        "ci.person_id",
                                        "ci.movie_id",
                                        "ci.person_role_id",
                                        "ci.note",
                                        "ci.nr_order",
                                        "ci.role_id"
                                      ],
                                      "Index Cond": "(ci.movie_id = mk.movie_id)",
                                      "Rows Removed by Index Recheck": 0
                                    }
                                  ]
                                },
                                {
                                  "Node Type": "Index Scan",
                                  "Parent Relationship": "Inner",
                                  "Parallel Aware": false,
                                  "Scan Direction": "Forward",
                                  "Index Name": "char_name_pkey",
                                  "Relation Name": "char_name",
                                  "Schema": "public",
                                  "Alias": "chn",
                                  "Startup Cost": 0.43,
                                  "Total Cost": 0.46,
                                  "Plan Rows": 1,
                                  "Plan Width": 20,
                                  "Actual Startup Time": 0.01,
                                  "Actual Total Time": 0.01,
                                  "Actual Rows": 0,
                                  "Actual Loops": 3317,
                                  "Output": [
                                    "chn.id",
                                    "chn.name",
                                    "chn.imdb_index",
                                    "chn.imdb_id",
                                    "chn.name_pcode_nf",
                                    "chn.surname_pcode",
                                    "chn.md5sum"
                                  ],
                                  "Index Cond": "(chn.id = ci.person_role_id)",
                                  "Rows Removed by Index Recheck": 0,
                                  "Filter": "((chn.name IS NOT NULL) AND ((chn.name ~~ '%man%'::text) OR (chn.name ~~ '%Man%'::text)))",
                                  "Rows Removed by Filter": 0
                                }
                              ]
                            },
                            {
                              "Node Type": "Index Only Scan",
                              "Parent Relationship": "Inner",
                              "Parallel Aware": false,
                              "Scan Direction": "Forward",
                              "Index Name": "name_pkey",
                              "Relation Name": "name",
                              "Schema": "public",
                              "Alias": "n",
                              "Startup Cost": 0.43,
                              "Total Cost": 0.46,
                              "Plan Rows": 1,
                              "Plan Width": 4,
                              "Actual Startup Time": 0.033,
                              "Actual Total Time": 0.033,
                              "Actual Rows": 1,
                              "Actual Loops": 129,
                              "Output": [
                                "n.id"
                              ],
                              "Index Cond": "(n.id = ci.person_id)",
                              "Rows Removed by Index Recheck": 0,
                              "Heap Fetches": 129
                            }
                          ]
                        }
                      ]
                    },
                    {
                      "Node Type": "Index Scan",
                      "Parent Relationship": "Inner",
                      "Parallel Aware": false,
                      "Scan Direction": "Forward",
                      "Index Name": "title_pkey",
                      "Relation Name": "title",
                      "Schema": "public",
                      "Alias": "t",
                      "Startup Cost": 0.43,
                      "Total Cost": 0.45,
                      "Plan Rows": 1,
                      "Plan Width": 25,
                      "Actual Startup Time": 0.015,
                      "Actual Total Time": 0.015,
                      "Actual Rows": 0,
                      "Actual Loops": 68,
                      "Output": [
                        "t.id",
                        "t.title",
                        "t.imdb_index",
                        "t.kind_id",
                        "t.production_year",
                        "t.imdb_id",
                        "t.phonetic_code",
                        "t.episode_of_id",
                        "t.season_nr",
                        "t.episode_nr",
                        "t.series_years",
                        "t.md5sum"
                      ],
                      "Index Cond": "(t.id = ci.movie_id)",
                      "Rows Removed by Index Recheck": 0,
                      "Filter": "(t.production_year > 1996)",
                      "Rows Removed by Filter": 0
                    }
                  ]
                },
                {
                  "Node Type": "Index Scan",
                  "Parent Relationship": "Inner",
                  "Parallel Aware": false,
                  "Scan Direction": "Forward",
                  "Index Name": "kind_type_pkey",
                  "Relation Name": "kind_type",
                  "Schema": "public",
                  "Alias": "kt",
                  "Startup Cost": 0.13,
                  "Total Cost": 0.15,
                  "Plan Rows": 1,
                  "Plan Width": 4,
                  "Actual Startup Time": 0.002,
                  "Actual Total Time": 0.002,
                  "Actual Rows": 1,
                  "Actual Loops": 34,
                  "Output": [
                    "kt.id",
                    "kt.kind"
                  ],
                  "Index Cond": "(kt.id = t.kind_id)",
                  "Rows Removed by Index Recheck": 0,
                  "Filter": "((kt.kind)::text = 'movie'::text)",
                  "Rows Removed by Filter": 0
                }
              ]
            },
            {
              "Node Type": "Index Scan",
              "Parent Relationship": "Inner",
              "Parallel Aware": false,
              "Scan Direction": "Forward",
              "Index Name": "comp_cast_type_pkey",
              "Relation Name": "comp_cast_type",
              "Schema": "public",
              "Alias": "cct2",
              "Startup Cost": 0.13,
              "Total Cost": 0.15,
              "Plan Rows": 1,
              "Plan Width": 4,
              "Actual Startup Time": 0.002,
              "Actual Total Time": 0.002,
              "Actual Rows": 1,
              "Actual Loops": 29,
              "Output": [
                "cct2.id",
                "cct2.kind"
              ],
              "Index Cond": "(cct2.id = cc.status_id)",
              "Rows Removed by Index Recheck": 0,
              "Filter": "((cct2.kind)::text ~~ '%complete%'::text)",
              "Rows Removed by Filter": 0
            }
          ]
        }
      ]
    },
    "Planning Time": 144512.985,
    "Triggers": [],
    "Execution Time": 192.162
  }
]