{
  "Plan": {
    "Node Type": "Aggregate",
    "Strategy": "Plain",
    "Partial Mode": "Finalize",
    "Parallel Aware": false,
    "Startup Cost": 113888.19,
    "Total Cost": 113888.2,
    "Plan Rows": 1,
    "Plan Width": 8,
    "Actual Startup Time": 836.562,
    "Actual Total Time": 852.631,
    "Actual Rows": 1,
    "Actual Loops": 1,
    "Plans": [
      {
        "Node Type": "Gather",
        "Parent Relationship": "Outer",
        "Parallel Aware": false,
        "Startup Cost": 113888.08,
        "Total Cost": 113888.19,
        "Plan Rows": 1,
        "Plan Width": 8,
        "Actual Startup Time": 833.348,
        "Actual Total Time": 852.625,
        "Actual Rows": 2,
        "Actual Loops": 1,
        "Workers Planned": 1,
        "Workers Launched": 1,
        "Single Copy": false,
        "Plans": [
          {
            "Node Type": "Aggregate",
            "Strategy": "Plain",
            "Partial Mode": "Partial",
            "Parent Relationship": "Outer",
            "Parallel Aware": false,
            "Startup Cost": 112888.08,
            "Total Cost": 112888.09,
            "Plan Rows": 1,
            "Plan Width": 8,
            "Actual Startup Time": 828.201,
            "Actual Total Time": 828.205,
            "Actual Rows": 1,
            "Actual Loops": 2,
            "Plans": [
              {
                "Node Type": "Hash Join",
                "Parent Relationship": "Outer",
                "Parallel Aware": true,
                "Join Type": "Inner",
                "Startup Cost": 48342.86,
                "Total Cost": 111581.85,
                "Plan Rows": 522491,
                "Plan Width": 0,
                "Actual Startup Time": 288.153,
                "Actual Total Time": 806.804,
                "Actual Rows": 542166,
                "Actual Loops": 2,
                "Inner Unique": false,
                "Hash Cond": "(t.id = mc.movie_id)",
                "Plans": [
                  {
                    "Node Type": "Seq Scan",
                    "Parent Relationship": "Outer",
                    "Parallel Aware": true,
                    "Relation Name": "title",
                    "Alias": "t",
                    "Startup Cost": 0.0,
                    "Total Cost": 50870.31,
                    "Plan Rows": 1487231,
                    "Plan Width": 4,
                    "Actual Startup Time": 0.01,
                    "Actual Total Time": 122.69,
                    "Actual Rows": 1264156,
                    "Actual Loops": 2
                  },
                  {
                    "Node Type": "Hash",
                    "Parent Relationship": "Inner",
                    "Parallel Aware": true,
                    "Startup Cost": 41811.73,
                    "Total Cost": 41811.73,
                    "Plan Rows": 522491,
                    "Plan Width": 4,
                    "Actual Startup Time": 279.353,
                    "Actual Total Time": 279.353,
                    "Actual Rows": 542166,
                    "Actual Loops": 2,
                    "Hash Buckets": 2097152,
                    "Original Hash Buckets": 1048576,
                    "Hash Batches": 1,
                    "Original Hash Batches": 1,
                    "Peak Memory Usage": 67040,
                    "Plans": [
                      {
                        "Node Type": "Seq Scan",
                        "Parent Relationship": "Outer",
                        "Parallel Aware": true,
                        "Relation Name": "movie_companies",
                        "Alias": "mc",
                        "Startup Cost": 0.0,
                        "Total Cost": 41811.73,
                        "Plan Rows": 522491,
                        "Plan Width": 4,
                        "Actual Startup Time": 67.173,
                        "Actual Total Time": 142.28,
                        "Actual Rows": 542166,
                        "Actual Loops": 2,
                        "Filter": "((company_id > 2416) AND (company_type_id = 2))",
                        "Rows Removed by Filter": 762399
                      }
                    ]
                  }
                ]
              }
            ]
          }
        ]
      }
    ]
  },
  "Planning Time": 0.549,
  "Triggers": [],
  "Execution Time": 852.712
}