{
    "Plan": {
        "Node Type": "Aggregate",
        "Strategy": "Plain",
        "Partial Mode": "Finalize",
        "Parallel Aware": false,
        "Startup Cost": 64101.09,
        "Total Cost": 64101.1,
        "Plan Rows": 1,
        "Plan Width": 8,
        "Actual Startup Time": 117.067,
        "Actual Total Time": 131.64,
        "Actual Rows": 1,
        "Actual Loops": 1,
        "Output": [
            "count(*)"
        ],
        "Plans": [
            {
                "Node Type": "Gather",
                "Parent Relationship": "Outer",
                "Parallel Aware": false,
                "Startup Cost": 64100.67,
                "Total Cost": 64101.08,
                "Plan Rows": 4,
                "Plan Width": 8,
                "Actual Startup Time": 116.94,
                "Actual Total Time": 131.632,
                "Actual Rows": 5,
                "Actual Loops": 1,
                "Output": [
                    "(PARTIAL count(*))"
                ],
                "Workers Planned": 4,
                "Workers Launched": 4,
                "Single Copy": false,
                "Plans": [
                    {
                        "Node Type": "Aggregate",
                        "Strategy": "Plain",
                        "Partial Mode": "Partial",
                        "Parent Relationship": "Outer",
                        "Parallel Aware": false,
                        "Startup Cost": 63100.67,
                        "Total Cost": 63100.68,
                        "Plan Rows": 1,
                        "Plan Width": 8,
                        "Actual Startup Time": 106.778,
                        "Actual Total Time": 106.78,
                        "Actual Rows": 1,
                        "Actual Loops": 5,
                        "Output": [
                            "PARTIAL count(*)"
                        ],
                        "Workers": [
                            {
                                "Worker Number": 0,
                                "Actual Startup Time": 104.11,
                                "Actual Total Time": 104.112,
                                "Actual Rows": 1,
                                "Actual Loops": 1
                            },
                            {
                                "Worker Number": 1,
                                "Actual Startup Time": 104.432,
                                "Actual Total Time": 104.433,
                                "Actual Rows": 1,
                                "Actual Loops": 1
                            },
                            {
                                "Worker Number": 2,
                                "Actual Startup Time": 104.123,
                                "Actual Total Time": 104.125,
                                "Actual Rows": 1,
                                "Actual Loops": 1
                            },
                            {
                                "Worker Number": 3,
                                "Actual Startup Time": 105.124,
                                "Actual Total Time": 105.125,
                                "Actual Rows": 1,
                                "Actual Loops": 1
                            }
                        ],
                        "Plans": [
                            {
                                "Node Type": "Nested Loop",
                                "Parent Relationship": "Outer",
                                "Parallel Aware": false,
                                "Join Type": "Inner",
                                "Startup Cost": 0.86,
                                "Total Cost": 63077.82,
                                "Plan Rows": 9139,
                                "Plan Width": 0,
                                "Actual Startup Time": 1.187,
                                "Actual Total Time": 106.085,
                                "Actual Rows": 10092,
                                "Actual Loops": 5,
                                "Inner Unique": false,
                                "Join Filter": "(t.id = mi.movie_id)",
                                "Rows Removed by Join Filter": 0,
                                "Workers": [
                                    {
                                        "Worker Number": 0,
                                        "Actual Startup Time": 1.888,
                                        "Actual Total Time": 103.474,
                                        "Actual Rows": 8910,
                                        "Actual Loops": 1
                                    },
                                    {
                                        "Worker Number": 1,
                                        "Actual Startup Time": 1.474,
                                        "Actual Total Time": 103.835,
                                        "Actual Rows": 8589,
                                        "Actual Loops": 1
                                    },
                                    {
                                        "Worker Number": 2,
                                        "Actual Startup Time": 1.139,
                                        "Actual Total Time": 103.557,
                                        "Actual Rows": 7518,
                                        "Actual Loops": 1
                                    },
                                    {
                                        "Worker Number": 3,
                                        "Actual Startup Time": 1.157,
                                        "Actual Total Time": 104.502,
                                        "Actual Rows": 8949,
                                        "Actual Loops": 1
                                    }
                                ],
                                "Plans": [
                                    {
                                        "Node Type": "Nested Loop",
                                        "Parent Relationship": "Outer",
                                        "Parallel Aware": false,
                                        "Join Type": "Inner",
                                        "Startup Cost": 0.43,
                                        "Total Cost": 59583.1,
                                        "Plan Rows": 1566,
                                        "Plan Width": 8,
                                        "Actual Startup Time": 0.938,
                                        "Actual Total Time": 87.11,
                                        "Actual Rows": 1057,
                                        "Actual Loops": 5,
                                        "Output": [
                                            "t.id",
                                            "mi_idx.movie_id"
                                        ],
                                        "Inner Unique": false,
                                        "Workers": [
                                            {
                                                "Worker Number": 0,
                                                "Actual Startup Time": 1.562,
                                                "Actual Total Time": 83.065,
                                                "Actual Rows": 894,
                                                "Actual Loops": 1
                                            },
                                            {
                                                "Worker Number": 1,
                                                "Actual Startup Time": 1.171,
                                                "Actual Total Time": 84.651,
                                                "Actual Rows": 885,
                                                "Actual Loops": 1
                                            },
                                            {
                                                "Worker Number": 2,
                                                "Actual Startup Time": 0.831,
                                                "Actual Total Time": 83.215,
                                                "Actual Rows": 741,
                                                "Actual Loops": 1
                                            },
                                            {
                                                "Worker Number": 3,
                                                "Actual Startup Time": 0.874,
                                                "Actual Total Time": 84.332,
                                                "Actual Rows": 936,
                                                "Actual Loops": 1
                                            }
                                        ],
                                        "Plans": [
                                            {
                                                "Node Type": "Seq Scan",
                                                "Parent Relationship": "Outer",
                                                "Parallel Aware": true,
                                                "Relation Name": "title",
                                                "Schema": "public",
                                                "Alias": "t",
                                                "Startup Cost": 0.0,
                                                "Total Cost": 45479.21,
                                                "Plan Rows": 2869,
                                                "Plan Width": 4,
                                                "Actual Startup Time": 0.167,
                                                "Actual Total Time": 74.427,
                                                "Actual Rows": 2532,
                                                "Actual Loops": 5,
                                                "Output": [
                                                    "t.id",
                                                    "t.title",
                                                    "t.imdb_index",
                                                    "t.kind_id",
                                                    "t.production_year",
                                                    "t.imdb_id",
                                                    "t.phonetic_code",
                                                    "t.episode_of_id",
                                                    "t.season_nr",
                                                    "t.episode_nr",
                                                    "t.series_years",
                                                    "t.md5sum"
                                                ],
                                                "Filter": "((t.kind_id > 3) AND (t.production_year = 1986))",
                                                "Rows Removed by Filter": 503131,
                                                "Workers": [
                                                    {
                                                        "Worker Number": 0,
                                                        "Actual Startup Time": 0.289,
                                                        "Actual Total Time": 70.028,
                                                        "Actual Rows": 2194,
                                                        "Actual Loops": 1
                                                    },
                                                    {
                                                        "Worker Number": 1,
                                                        "Actual Startup Time": 0.194,
                                                        "Actual Total Time": 71.876,
                                                        "Actual Rows": 2126,
                                                        "Actual Loops": 1
                                                    },
                                                    {
                                                        "Worker Number": 2,
                                                        "Actual Startup Time": 0.148,
                                                        "Actual Total Time": 69.926,
                                                        "Actual Rows": 1847,
                                                        "Actual Loops": 1
                                                    },
                                                    {
                                                        "Worker Number": 3,
                                                        "Actual Startup Time": 0.16,
                                                        "Actual Total Time": 71.321,
                                                        "Actual Rows": 2174,
                                                        "Actual Loops": 1
                                                    }
                                                ]
                                            },
                                            {
                                                "Node Type": "Index Only Scan",
                                                "Parent Relationship": "Inner",
                                                "Parallel Aware": false,
                                                "Scan Direction": "Forward",
                                                "Index Name": "movie_id_movie_info_idx",
                                                "Relation Name": "movie_info_idx",
                                                "Schema": "public",
                                                "Alias": "mi_idx",
                                                "Startup Cost": 0.43,
                                                "Total Cost": 4.89,
                                                "Plan Rows": 3,
                                                "Plan Width": 4,
                                                "Actual Startup Time": 0.004,
                                                "Actual Total Time": 0.004,
                                                "Actual Rows": 0,
                                                "Actual Loops": 12658,
                                                "Output": [
                                                    "mi_idx.movie_id"
                                                ],
                                                "Index Cond": "(mi_idx.movie_id = t.id)",
                                                "Rows Removed by Index Recheck": 0,
                                                "Heap Fetches": 5286,
                                                "Workers": [
                                                    {
                                                        "Worker Number": 0,
                                                        "Actual Startup Time": 0.005,
                                                        "Actual Total Time": 0.005,
                                                        "Actual Rows": 0,
                                                        "Actual Loops": 2194
                                                    },
                                                    {
                                                        "Worker Number": 1,
                                                        "Actual Startup Time": 0.005,
                                                        "Actual Total Time": 0.005,
                                                        "Actual Rows": 0,
                                                        "Actual Loops": 2126
                                                    },
                                                    {
                                                        "Worker Number": 2,
                                                        "Actual Startup Time": 0.006,
                                                        "Actual Total Time": 0.007,
                                                        "Actual Rows": 0,
                                                        "Actual Loops": 1847
                                                    },
                                                    {
                                                        "Worker Number": 3,
                                                        "Actual Startup Time": 0.005,
                                                        "Actual Total Time": 0.005,
                                                        "Actual Rows": 0,
                                                        "Actual Loops": 2174
                                                    }
                                                ]
                                            }
                                        ]
                                    },
                                    {
                                        "Node Type": "Index Only Scan",
                                        "Parent Relationship": "Inner",
                                        "Parallel Aware": false,
                                        "Scan Direction": "Forward",
                                        "Index Name": "movie_id_movie_info",
                                        "Relation Name": "movie_info",
                                        "Schema": "public",
                                        "Alias": "mi",
                                        "Startup Cost": 0.43,
                                        "Total Cost": 1.74,
                                        "Plan Rows": 39,
                                        "Plan Width": 4,
                                        "Actual Startup Time": 0.006,
                                        "Actual Total Time": 0.016,
                                        "Actual Rows": 10,
                                        "Actual Loops": 5286,
                                        "Output": [
                                            "mi.movie_id"
                                        ],
                                        "Index Cond": "(mi.movie_id = mi_idx.movie_id)",
                                        "Rows Removed by Index Recheck": 0,
                                        "Heap Fetches": 50460,
                                        "Workers": [
                                            {
                                                "Worker Number": 0,
                                                "Actual Startup Time": 0.008,
                                                "Actual Total Time": 0.021,
                                                "Actual Rows": 10,
                                                "Actual Loops": 894
                                            },
                                            {
                                                "Worker Number": 1,
                                                "Actual Startup Time": 0.008,
                                                "Actual Total Time": 0.02,
                                                "Actual Rows": 10,
                                                "Actual Loops": 885
                                            },
                                            {
                                                "Worker Number": 2,
                                                "Actual Startup Time": 0.01,
                                                "Actual Total Time": 0.026,
                                                "Actual Rows": 10,
                                                "Actual Loops": 741
                                            },
                                            {
                                                "Worker Number": 3,
                                                "Actual Startup Time": 0.008,
                                                "Actual Total Time": 0.02,
                                                "Actual Rows": 10,
                                                "Actual Loops": 936
                                            }
                                        ]
                                    }
                                ]
                            }
                        ]
                    }
                ]
            }
        ]
    },
    "Planning Time": 1.449,
    "Triggers": [],
    "Execution Time": 131.726
}