[
  {
    "Plan": {
      "Node Type": "Aggregate",
      "Strategy": "Plain",
      "Partial Mode": "Finalize",
      "Parallel Aware": false,
      "Startup Cost": 50502.45,
      "Total Cost": 50502.46,
      "Plan Rows": 1,
      "Plan Width": 8,
      "Actual Startup Time": 106.491,
      "Actual Total Time": 120.059,
      "Actual Rows": 1,
      "Actual Loops": 1,
      "Plans": [
        {
          "Node Type": "Gather",
          "Parent Relationship": "Outer",
          "Parallel Aware": false,
          "Startup Cost": 50502.03,
          "Total Cost": 50502.44,
          "Plan Rows": 4,
          "Plan Width": 8,
          "Actual Startup Time": 106.212,
          "Actual Total Time": 120.047,
          "Actual Rows": 5,
          "Actual Loops": 1,
          "Workers Planned": 4,
          "Workers Launched": 4,
          "Single Copy": false,
          "Plans": [
            {
              "Node Type": "Aggregate",
              "Strategy": "Plain",
              "Partial Mode": "Partial",
              "Parent Relationship": "Outer",
              "Parallel Aware": false,
              "Startup Cost": 49502.03,
              "Total Cost": 49502.04,
              "Plan Rows": 1,
              "Plan Width": 8,
              "Actual Startup Time": 96.31,
              "Actual Total Time": 96.311,
              "Actual Rows": 1,
              "Actual Loops": 5,
              "Plans": [
                {
                  "Node Type": "Nested Loop",
                  "Parent Relationship": "Outer",
                  "Parallel Aware": false,
                  "Join Type": "Inner",
                  "Startup Cost": 0.43,
                  "Total Cost": 49501.3,
                  "Plan Rows": 294,
                  "Plan Width": 0,
                  "Actual Startup Time": 6.004,
                  "Actual Total Time": 96.237,
                  "Actual Rows": 695,
                  "Actual Loops": 5,
                  "Inner Unique": false,
                  "Plans": [
                    {
                      "Node Type": "Seq Scan",
                      "Parent Relationship": "Outer",
                      "Parallel Aware": true,
                      "Relation Name": "title",
                      "Alias": "t",
                      "Startup Cost": 0.0,
                      "Total Cost": 45479.59,
                      "Plan Rows": 540,
                      "Plan Width": 4,
                      "Actual Startup Time": 2.32,
                      "Actual Total Time": 89.579,
                      "Actual Rows": 609,
                      "Actual Loops": 5,
                      "Filter": "((kind_id < 4) AND (production_year = 1952))",
                      "Rows Removed by Filter": 505054
                    },
                    {
                      "Node Type": "Index Only Scan",
                      "Parent Relationship": "Inner",
                      "Parallel Aware": false,
                      "Scan Direction": "Forward",
                      "Index Name": "movie_id_movie_info_idx",
                      "Relation Name": "movie_info_idx",
                      "Alias": "mi_idx",
                      "Startup Cost": 0.43,
                      "Total Cost": 7.42,
                      "Plan Rows": 3,
                      "Plan Width": 4,
                      "Actual Startup Time": 0.01,
                      "Actual Total Time": 0.01,
                      "Actual Rows": 1,
                      "Actual Loops": 3043,
                      "Index Cond": "(movie_id = t.id)",
                      "Rows Removed by Index Recheck": 0,
                      "Heap Fetches": 3476
                    }
                  ]
                }
              ]
            }
          ]
        }
      ]
    },
    "Planning Time": 0.565,
    "Triggers": [],
    "Execution Time": 120.122
  }
]