[
  {
    "Plan": {
      "Node Type": "Aggregate",
      "Strategy": "Plain",
      "Partial Mode": "Finalize",
      "Parallel Aware": false,
      "Startup Cost": 333542.63,
      "Total Cost": 333542.64,
      "Plan Rows": 1,
      "Plan Width": 8,
      "Actual Startup Time": 536.023,
      "Actual Total Time": 559.691,
      "Actual Rows": 1,
      "Actual Loops": 1,
      "Plans": [
        {
          "Node Type": "Gather",
          "Parent Relationship": "Outer",
          "Parallel Aware": false,
          "Startup Cost": 333542.01,
          "Total Cost": 333542.62,
          "Plan Rows": 6,
          "Plan Width": 8,
          "Actual Startup Time": 535.853,
          "Actual Total Time": 559.68,
          "Actual Rows": 7,
          "Actual Loops": 1,
          "Workers Planned": 6,
          "Workers Launched": 6,
          "Single Copy": false,
          "Plans": [
            {
              "Node Type": "Aggregate",
              "Strategy": "Plain",
              "Partial Mode": "Partial",
              "Parent Relationship": "Outer",
              "Parallel Aware": false,
              "Startup Cost": 332542.01,
              "Total Cost": 332542.02,
              "Plan Rows": 1,
              "Plan Width": 8,
              "Actual Startup Time": 525.535,
              "Actual Total Time": 525.537,
              "Actual Rows": 1,
              "Actual Loops": 7,
              "Plans": [
                {
                  "Node Type": "Index Scan",
                  "Parent Relationship": "Outer",
                  "Parallel Aware": true,
                  "Scan Direction": "Forward",
                  "Index Name": "role_id_cast_info",
                  "Relation Name": "cast_info",
                  "Alias": "ci",
                  "Startup Cost": 0.56,
                  "Total Cost": 331632.96,
                  "Plan Rows": 363619,
                  "Plan Width": 0,
                  "Actual Startup Time": 0.295,
                  "Actual Total Time": 473.25,
                  "Actual Rows": 856803,
                  "Actual Loops": 7,
                  "Index Cond": "(role_id > 3)",
                  "Rows Removed by Index Recheck": 0,
                  "Filter": "(person_id > 3028207)",
                  "Rows Removed by Filter": 873718
                }
              ]
            }
          ]
        }
      ]
    },
    "Planning Time": 0.25,
    "Triggers": [],
    "Execution Time": 559.759
  }
]