[
  {
    "Plan": {
      "Node Type": "Aggregate",
      "Strategy": "Plain",
      "Partial Mode": "Finalize",
      "Parallel Aware": false,
      "Startup Cost": 78301.62,
      "Total Cost": 78301.63,
      "Plan Rows": 1,
      "Plan Width": 8,
      "Actual Startup Time": 275.065,
      "Actual Total Time": 292.465,
      "Actual Rows": 1,
      "Actual Loops": 1,
      "Plans": [
        {
          "Node Type": "Gather",
          "Parent Relationship": "Outer",
          "Parallel Aware": false,
          "Startup Cost": 78301.3,
          "Total Cost": 78301.61,
          "Plan Rows": 3,
          "Plan Width": 8,
          "Actual Startup Time": 273.828,
          "Actual Total Time": 292.454,
          "Actual Rows": 4,
          "Actual Loops": 1,
          "Workers Planned": 3,
          "Workers Launched": 3,
          "Single Copy": false,
          "Plans": [
            {
              "Node Type": "Aggregate",
              "Strategy": "Plain",
              "Partial Mode": "Partial",
              "Parent Relationship": "Outer",
              "Parallel Aware": false,
              "Startup Cost": 77301.3,
              "Total Cost": 77301.31,
              "Plan Rows": 1,
              "Plan Width": 8,
              "Actual Startup Time": 265.562,
              "Actual Total Time": 265.565,
              "Actual Rows": 1,
              "Actual Loops": 4,
              "Plans": [
                {
                  "Node Type": "Hash Join",
                  "Parent Relationship": "Outer",
                  "Parallel Aware": true,
                  "Join Type": "Inner",
                  "Startup Cost": 46703.32,
                  "Total Cost": 77135.76,
                  "Plan Rows": 66215,
                  "Plan Width": 0,
                  "Actual Startup Time": 203.669,
                  "Actual Total Time": 262.421,
                  "Actual Rows": 70608,
                  "Actual Loops": 4,
                  "Inner Unique": true,
                  "Hash Cond": "(mc.movie_id = t.id)",
                  "Plans": [
                    {
                      "Node Type": "Seq Scan",
                      "Parent Relationship": "Outer",
                      "Parallel Aware": true,
                      "Relation Name": "movie_companies",
                      "Alias": "mc",
                      "Startup Cost": 0.0,
                      "Total Cost": 29310.68,
                      "Plan Rows": 427336,
                      "Plan Width": 4,
                      "Actual Startup Time": 31.196,
                      "Actual Total Time": 70.676,
                      "Actual Rows": 333721,
                      "Actual Loops": 4,
                      "Filter": "(company_type_id > 1)",
                      "Rows Removed by Filter": 318562
                    },
                    {
                      "Node Type": "Hash",
                      "Parent Relationship": "Inner",
                      "Parallel Aware": true,
                      "Startup Cost": 45479.1,
                      "Total Cost": 45479.1,
                      "Plan Rows": 97938,
                      "Plan Width": 4,
                      "Actual Startup Time": 133.391,
                      "Actual Total Time": 133.392,
                      "Actual Rows": 72423,
                      "Actual Loops": 4,
                      "Hash Buckets": 524288,
                      "Original Hash Buckets": 524288,
                      "Hash Batches": 1,
                      "Original Hash Batches": 1,
                      "Peak Memory Usage": 15488,
                      "Plans": [
                        {
                          "Node Type": "Seq Scan",
                          "Parent Relationship": "Outer",
                          "Parallel Aware": true,
                          "Relation Name": "title",
                          "Alias": "t",
                          "Startup Cost": 0.0,
                          "Total Cost": 45479.1,
                          "Plan Rows": 97938,
                          "Plan Width": 4,
                          "Actual Startup Time": 50.578,
                          "Actual Total Time": 107.519,
                          "Actual Rows": 72423,
                          "Actual Loops": 4,
                          "Filter": "((production_year > 1998) AND (kind_id = 1))",
                          "Rows Removed by Filter": 559655
                        }
                      ]
                    }
                  ]
                }
              ]
            }
          ]
        }
      ]
    },
    "Planning Time": 0.638,
    "Triggers": [],
    "Execution Time": 292.534
  }
]