[
  {
    "Plan": {
      "Node Type": "Aggregate",
      "Strategy": "Plain",
      "Partial Mode": "Finalize",
      "Parallel Aware": false,
      "Startup Cost": 351647.86,
      "Total Cost": 351647.87,
      "Plan Rows": 1,
      "Plan Width": 8,
      "Actual Startup Time": 853.103,
      "Actual Total Time": 900.294,
      "Actual Rows": 1,
      "Actual Loops": 1,
      "Plans": [
        {
          "Node Type": "Gather",
          "Parent Relationship": "Outer",
          "Parallel Aware": false,
          "Startup Cost": 351647.23,
          "Total Cost": 351647.84,
          "Plan Rows": 6,
          "Plan Width": 8,
          "Actual Startup Time": 852.902,
          "Actual Total Time": 900.28,
          "Actual Rows": 7,
          "Actual Loops": 1,
          "Workers Planned": 6,
          "Workers Launched": 6,
          "Single Copy": false,
          "Plans": [
            {
              "Node Type": "Aggregate",
              "Strategy": "Plain",
              "Partial Mode": "Partial",
              "Parent Relationship": "Outer",
              "Parallel Aware": false,
              "Startup Cost": 350647.23,
              "Total Cost": 350647.24,
              "Plan Rows": 1,
              "Plan Width": 8,
              "Actual Startup Time": 847.246,
              "Actual Total Time": 847.249,
              "Actual Rows": 1,
              "Actual Loops": 7,
              "Plans": [
                {
                  "Node Type": "Seq Scan",
                  "Parent Relationship": "Outer",
                  "Parallel Aware": true,
                  "Relation Name": "cast_info",
                  "Alias": "ci",
                  "Startup Cost": 0.0,
                  "Total Cost": 343316.27,
                  "Plan Rows": 2932384,
                  "Plan Width": 0,
                  "Actual Startup Time": 0.036,
                  "Actual Total Time": 700.167,
                  "Actual Rows": 3028963,
                  "Actual Loops": 7,
                  "Filter": "((person_id < 2453800) AND (role_id < 5))",
                  "Rows Removed by Filter": 2148800
                }
              ]
            }
          ]
        }
      ]
    },
    "Planning Time": 0.239,
    "Triggers": [],
    "Execution Time": 900.369
  }
]