[
  {
    "Plan": {
      "Node Type": "Aggregate",
      "Strategy": "Plain",
      "Partial Mode": "Finalize",
      "Parallel Aware": false,
      "Startup Cost": 94512.31,
      "Total Cost": 94512.32,
      "Plan Rows": 1,
      "Plan Width": 8,
      "Actual Startup Time": 317.704,
      "Actual Total Time": 336.974,
      "Actual Rows": 1,
      "Actual Loops": 1,
      "Plans": [
        {
          "Node Type": "Gather",
          "Parent Relationship": "Outer",
          "Parallel Aware": false,
          "Startup Cost": 94512.0,
          "Total Cost": 94512.31,
          "Plan Rows": 3,
          "Plan Width": 8,
          "Actual Startup Time": 315.105,
          "Actual Total Time": 336.968,
          "Actual Rows": 4,
          "Actual Loops": 1,
          "Workers Planned": 3,
          "Workers Launched": 3,
          "Single Copy": false,
          "Plans": [
            {
              "Node Type": "Aggregate",
              "Strategy": "Plain",
              "Partial Mode": "Partial",
              "Parent Relationship": "Outer",
              "Parallel Aware": false,
              "Startup Cost": 93512.0,
              "Total Cost": 93512.01,
              "Plan Rows": 1,
              "Plan Width": 8,
              "Actual Startup Time": 306.555,
              "Actual Total Time": 306.559,
              "Actual Rows": 1,
              "Actual Loops": 4,
              "Plans": [
                {
                  "Node Type": "Nested Loop",
                  "Parent Relationship": "Outer",
                  "Parallel Aware": false,
                  "Join Type": "Inner",
                  "Startup Cost": 58103.9,
                  "Total Cost": 93478.94,
                  "Plan Rows": 13224,
                  "Plan Width": 0,
                  "Actual Startup Time": 237.366,
                  "Actual Total Time": 305.678,
                  "Actual Rows": 15650,
                  "Actual Loops": 4,
                  "Inner Unique": false,
                  "Plans": [
                    {
                      "Node Type": "Hash Join",
                      "Parent Relationship": "Outer",
                      "Parallel Aware": true,
                      "Join Type": "Inner",
                      "Startup Cost": 58103.47,
                      "Total Cost": 79379.6,
                      "Plan Rows": 24227,
                      "Plan Width": 8,
                      "Actual Startup Time": 237.278,
                      "Actual Total Time": 265.395,
                      "Actual Rows": 14850,
                      "Actual Loops": 4,
                      "Inner Unique": true,
                      "Hash Cond": "(mc.movie_id = t.id)",
                      "Plans": [
                        {
                          "Node Type": "Bitmap Heap Scan",
                          "Parent Relationship": "Outer",
                          "Parallel Aware": true,
                          "Relation Name": "movie_companies",
                          "Alias": "mc",
                          "Startup Cost": 10161.84,
                          "Total Cost": 31233.88,
                          "Plan Rows": 77752,
                          "Plan Width": 4,
                          "Actual Startup Time": 54.043,
                          "Actual Total Time": 67.452,
                          "Actual Rows": 29862,
                          "Actual Loops": 4,
                          "Recheck Cond": "(company_id < 401)",
                          "Rows Removed by Index Recheck": 0,
                          "Filter": "(company_type_id > 1)",
                          "Rows Removed by Filter": 86708,
                          "Exact Heap Blocks": 6392,
                          "Lossy Heap Blocks": 0,
                          "Plans": [
                            {
                              "Node Type": "Bitmap Index Scan",
                              "Parent Relationship": "Outer",
                              "Parallel Aware": false,
                              "Index Name": "company_id_movie_companies",
                              "Startup Cost": 0.0,
                              "Total Cost": 10101.59,
                              "Plan Rows": 471621,
                              "Plan Width": 0,
                              "Actual Startup Time": 20.18,
                              "Actual Total Time": 20.181,
                              "Actual Rows": 466280,
                              "Actual Loops": 1,
                              "Index Cond": "(company_id < 401)"
                            }
                          ]
                        },
                        {
                          "Node Type": "Hash",
                          "Parent Relationship": "Inner",
                          "Parallel Aware": true,
                          "Startup Cost": 45479.59,
                          "Total Cost": 45479.59,
                          "Plan Rows": 196963,
                          "Plan Width": 4,
                          "Actual Startup Time": 178.403,
                          "Actual Total Time": 178.405,
                          "Actual Rows": 173117,
                          "Actual Loops": 4,
                          "Hash Buckets": 1048576,
                          "Original Hash Buckets": 1048576,
                          "Hash Batches": 1,
                          "Original Hash Batches": 1,
                          "Peak Memory Usage": 35360,
                          "Plans": [
                            {
                              "Node Type": "Seq Scan",
                              "Parent Relationship": "Outer",
                              "Parallel Aware": true,
                              "Relation Name": "title",
                              "Alias": "t",
                              "Startup Cost": 0.0,
                              "Total Cost": 45479.59,
                              "Plan Rows": 196963,
                              "Plan Width": 4,
                              "Actual Startup Time": 0.035,
                              "Actual Total Time": 107.441,
                              "Actual Rows": 173117,
                              "Actual Loops": 4,
                              "Filter": "((kind_id > 1) AND (production_year < 2001))",
                              "Rows Removed by Filter": 458961
                            }
                          ]
                        }
                      ]
                    },
                    {
                      "Node Type": "Index Only Scan",
                      "Parent Relationship": "Inner",
                      "Parallel Aware": false,
                      "Scan Direction": "Forward",
                      "Index Name": "movie_id_movie_info_idx",
                      "Relation Name": "movie_info_idx",
                      "Alias": "mi_idx",
                      "Startup Cost": 0.43,
                      "Total Cost": 0.55,
                      "Plan Rows": 3,
                      "Plan Width": 4,
                      "Actual Startup Time": 0.002,
                      "Actual Total Time": 0.002,
                      "Actual Rows": 1,
                      "Actual Loops": 59402,
                      "Index Cond": "(movie_id = t.id)",
                      "Rows Removed by Index Recheck": 0,
                      "Heap Fetches": 62598
                    }
                  ]
                }
              ]
            }
          ]
        }
      ]
    },
    "Planning Time": 1.571,
    "Triggers": [],
    "Execution Time": 337.081
  }
]