[
  {
    "Plan": {
      "Node Type": "Aggregate",
      "Strategy": "Plain",
      "Partial Mode": "Simple",
      "Parallel Aware": false,
      "Startup Cost": 127300.41,
      "Total Cost": 127300.42,
      "Plan Rows": 1,
      "Plan Width": 96,
      "Actual Startup Time": 611.426,
      "Actual Total Time": 634.147,
      "Actual Rows": 1,
      "Actual Loops": 1,
      "Plans": [
        {
          "Node Type": "Hash Join",
          "Parent Relationship": "Outer",
          "Parallel Aware": false,
          "Join Type": "Inner",
          "Startup Cost": 81268.73,
          "Total Cost": 127300.4,
          "Plan Rows": 1,
          "Plan Width": 60,
          "Actual Startup Time": 413.616,
          "Actual Total Time": 632.972,
          "Actual Rows": 6946,
          "Actual Loops": 1,
          "Inner Unique": true,
          "Hash Cond": "(ml.link_type_id = lt.id)",
          "Plans": [
            {
              "Node Type": "Hash Join",
              "Parent Relationship": "Outer",
              "Parallel Aware": false,
              "Join Type": "Inner",
              "Startup Cost": 81267.33,
              "Total Cost": 127298.99,
              "Plan Rows": 1,
              "Plan Width": 64,
              "Actual Startup Time": 413.516,
              "Actual Total Time": 631.881,
              "Actual Rows": 6946,
              "Actual Loops": 1,
              "Inner Unique": false,
              "Hash Cond": "(t.id = ml.movie_id)",
              "Plans": [
                {
                  "Node Type": "Hash Join",
                  "Parent Relationship": "Outer",
                  "Parallel Aware": false,
                  "Join Type": "Inner",
                  "Startup Cost": 80429.39,
                  "Total Cost": 126460.34,
                  "Plan Rows": 1,
                  "Plan Width": 72,
                  "Actual Startup Time": 399.076,
                  "Actual Total Time": 616.136,
                  "Actual Rows": 4137,
                  "Actual Loops": 1,
                  "Inner Unique": true,
                  "Hash Cond": "(mc.company_type_id = ct.id)",
                  "Plans": [
                    {
                      "Node Type": "Gather",
                      "Parent Relationship": "Outer",
                      "Parallel Aware": false,
                      "Startup Cost": 80428.31,
                      "Total Cost": 126459.25,
                      "Plan Rows": 1,
                      "Plan Width": 76,
                      "Actual Startup Time": 399.0,
                      "Actual Total Time": 615.282,
                      "Actual Rows": 4279,
                      "Actual Loops": 1,
                      "Workers Planned": 4,
                      "Workers Launched": 4,
                      "Single Copy": false,
                      "Plans": [
                        {
                          "Node Type": "Hash Join",
                          "Parent Relationship": "Outer",
                          "Parallel Aware": true,
                          "Join Type": "Inner",
                          "Startup Cost": 79428.31,
                          "Total Cost": 125459.15,
                          "Plan Rows": 1,
                          "Plan Width": 76,
                          "Actual Startup Time": 397.54,
                          "Actual Total Time": 583.164,
                          "Actual Rows": 856,
                          "Actual Loops": 5,
                          "Inner Unique": false,
                          "Hash Cond": "(t.id = mk.movie_id)",
                          "Plans": [
                            {
                              "Node Type": "Seq Scan",
                              "Parent Relationship": "Outer",
                              "Parallel Aware": true,
                              "Relation Name": "title",
                              "Alias": "t",
                              "Startup Cost": 0.0,
                              "Total Cost": 43898.79,
                              "Plan Rows": 568545,
                              "Plan Width": 21,
                              "Actual Startup Time": 0.031,
                              "Actual Total Time": 156.013,
                              "Actual Rows": 457454,
                              "Actual Loops": 5,
                              "Filter": "(production_year > 1950)",
                              "Rows Removed by Filter": 48208
                            },
                            {
                              "Node Type": "Hash",
                              "Parent Relationship": "Inner",
                              "Parallel Aware": true,
                              "Startup Cost": 79428.29,
                              "Total Cost": 79428.29,
                              "Plan Rows": 1,
                              "Plan Width": 55,
                              "Actual Startup Time": 384.022,
                              "Actual Total Time": 384.041,
                              "Actual Rows": 984,
                              "Actual Loops": 5,
                              "Hash Buckets": 4096,
                              "Original Hash Buckets": 1024,
                              "Hash Batches": 1,
                              "Original Hash Batches": 1,
                              "Peak Memory Usage": 632,
                              "Plans": [
                                {
                                  "Node Type": "Hash Join",
                                  "Parent Relationship": "Outer",
                                  "Parallel Aware": true,
                                  "Join Type": "Inner",
                                  "Startup Cost": 51087.13,
                                  "Total Cost": 79428.29,
                                  "Plan Rows": 1,
                                  "Plan Width": 55,
                                  "Actual Startup Time": 258.652,
                                  "Actual Total Time": 361.641,
                                  "Actual Rows": 984,
                                  "Actual Loops": 5,
                                  "Inner Unique": false,
                                  "Hash Cond": "(mc.movie_id = mk.movie_id)",
                                  "Plans": [
                                    {
                                      "Node Type": "Hash Join",
                                      "Parent Relationship": "Outer",
                                      "Parallel Aware": true,
                                      "Join Type": "Inner",
                                      "Startup Cost": 5414.65,
                                      "Total Cost": 33755.27,
                                      "Plan Rows": 142,
                                      "Plan Width": 51,
                                      "Actual Startup Time": 15.597,
                                      "Actual Total Time": 120.74,
                                      "Actual Rows": 2779,
                                      "Actual Loops": 5,
                                      "Inner Unique": true,
                                      "Hash Cond": "(mc.company_id = cn.id)",
                                      "Plans": [
                                        {
                                          "Node Type": "Seq Scan",
                                          "Parent Relationship": "Outer",
                                          "Parallel Aware": true,
                                          "Relation Name": "movie_companies",
                                          "Alias": "mc",
                                          "Startup Cost": 0.0,
                                          "Total Cost": 27206.55,
                                          "Plan Rows": 432021,
                                          "Plan Width": 36,
                                          "Actual Startup Time": 0.027,
                                          "Actual Total Time": 88.008,
                                          "Actual Rows": 267428,
                                          "Actual Loops": 5,
                                          "Filter": "(note IS NOT NULL)",
                                          "Rows Removed by Filter": 254398
                                        },
                                        {
                                          "Node Type": "Hash",
                                          "Parent Relationship": "Inner",
                                          "Parallel Aware": true,
                                          "Startup Cost": 5414.09,
                                          "Total Cost": 5414.09,
                                          "Plan Rows": 45,
                                          "Plan Width": 23,
                                          "Actual Startup Time": 15.319,
                                          "Actual Total Time": 15.322,
                                          "Actual Rows": 18,
                                          "Actual Loops": 5,
                                          "Hash Buckets": 1024,
                                          "Original Hash Buckets": 1024,
                                          "Hash Batches": 1,
                                          "Original Hash Batches": 1,
                                          "Peak Memory Usage": 168,
                                          "Plans": [
                                            {
                                              "Node Type": "Seq Scan",
                                              "Parent Relationship": "Outer",
                                              "Parallel Aware": true,
                                              "Relation Name": "company_name",
                                              "Alias": "cn",
                                              "Startup Cost": 0.0,
                                              "Total Cost": 5414.09,
                                              "Plan Rows": 45,
                                              "Plan Width": 23,
                                              "Actual Startup Time": 0.214,
                                              "Actual Total Time": 15.258,
                                              "Actual Rows": 18,
                                              "Actual Loops": 5,
                                              "Filter": "(((country_code)::text <> '[pl]'::text) AND ((name ~~ '20th Century Fox%'::text) OR (name ~~ 'Twentieth Century Fox%'::text)))",
                                              "Rows Removed by Filter": 46982
                                            }
                                          ]
                                        }
                                      ]
                                    },
                                    {
                                      "Node Type": "Hash",
                                      "Parent Relationship": "Inner",
                                      "Parallel Aware": true,
                                      "Startup Cost": 45672.07,
                                      "Total Cost": 45672.07,
                                      "Plan Rows": 33,
                                      "Plan Width": 4,
                                      "Actual Startup Time": 239.764,
                                      "Actual Total Time": 239.769,
                                      "Actual Rows": 9481,
                                      "Actual Loops": 5,
                                      "Hash Buckets": 65536,
                                      "Original Hash Buckets": 1024,
                                      "Hash Batches": 1,
                                      "Original Hash Batches": 1,
                                      "Peak Memory Usage": 2936,
                                      "Plans": [
                                        {
                                          "Node Type": "Hash Join",
                                          "Parent Relationship": "Outer",
                                          "Parallel Aware": false,
                                          "Join Type": "Inner",
                                          "Startup Cost": 2793.88,
                                          "Total Cost": 45672.07,
                                          "Plan Rows": 33,
                                          "Plan Width": 4,
                                          "Actual Startup Time": 34.5,
                                          "Actual Total Time": 215.781,
                                          "Actual Rows": 9481,
                                          "Actual Loops": 5,
                                          "Inner Unique": true,
                                          "Hash Cond": "(mk.keyword_id = k.id)",
                                          "Plans": [
                                            {
                                              "Node Type": "Seq Scan",
                                              "Parent Relationship": "Outer",
                                              "Parallel Aware": true,
                                              "Relation Name": "movie_keyword",
                                              "Alias": "mk",
                                              "Startup Cost": 0.0,
                                              "Total Cost": 39047.32,
                                              "Plan Rows": 1459332,
                                              "Plan Width": 8,
                                              "Actual Startup Time": 0.062,
                                              "Actual Total Time": 120.226,
                                              "Actual Rows": 904786,
                                              "Actual Loops": 5
                                            },
                                            {
                                              "Node Type": "Hash",
                                              "Parent Relationship": "Inner",
                                              "Parallel Aware": false,
                                              "Startup Cost": 2793.84,
                                              "Total Cost": 2793.84,
                                              "Plan Rows": 3,
                                              "Plan Width": 4,
                                              "Actual Startup Time": 34.271,
                                              "Actual Total Time": 34.274,
                                              "Actual Rows": 3,
                                              "Actual Loops": 5,
                                              "Hash Buckets": 1024,
                                              "Original Hash Buckets": 1024,
                                              "Hash Batches": 1,
                                              "Original Hash Batches": 1,
                                              "Peak Memory Usage": 9,
                                              "Plans": [
                                                {
                                                  "Node Type": "Seq Scan",
                                                  "Parent Relationship": "Outer",
                                                  "Parallel Aware": false,
                                                  "Relation Name": "keyword",
                                                  "Alias": "k",
                                                  "Startup Cost": 0.0,
                                                  "Total Cost": 2793.84,
                                                  "Plan Rows": 3,
                                                  "Plan Width": 4,
                                                  "Actual Startup Time": 2.405,
                                                  "Actual Total Time": 34.24,
                                                  "Actual Rows": 3,
                                                  "Actual Loops": 5,
                                                  "Filter": "(keyword = ANY ('{sequel,revenge,based-on-novel}'::text[]))",
                                                  "Rows Removed by Filter": 134167
                                                }
                                              ]
                                            }
                                          ]
                                        }
                                      ]
                                    }
                                  ]
                                }
                              ]
                            }
                          ]
                        }
                      ]
                    },
                    {
                      "Node Type": "Hash",
                      "Parent Relationship": "Inner",
                      "Parallel Aware": false,
                      "Startup Cost": 1.05,
                      "Total Cost": 1.05,
                      "Plan Rows": 3,
                      "Plan Width": 4,
                      "Actual Startup Time": 0.03,
                      "Actual Total Time": 0.031,
                      "Actual Rows": 3,
                      "Actual Loops": 1,
                      "Hash Buckets": 1024,
                      "Original Hash Buckets": 1024,
                      "Hash Batches": 1,
                      "Original Hash Batches": 1,
                      "Peak Memory Usage": 9,
                      "Plans": [
                        {
                          "Node Type": "Seq Scan",
                          "Parent Relationship": "Outer",
                          "Parallel Aware": false,
                          "Relation Name": "company_type",
                          "Alias": "ct",
                          "Startup Cost": 0.0,
                          "Total Cost": 1.05,
                          "Plan Rows": 3,
                          "Plan Width": 4,
                          "Actual Startup Time": 0.022,
                          "Actual Total Time": 0.024,
                          "Actual Rows": 3,
                          "Actual Loops": 1,
                          "Filter": "((kind IS NOT NULL) AND ((kind)::text <> 'production companies'::text))",
                          "Rows Removed by Filter": 1
                        }
                      ]
                    }
                  ]
                },
                {
                  "Node Type": "Hash",
                  "Parent Relationship": "Inner",
                  "Parallel Aware": false,
                  "Startup Cost": 462.97,
                  "Total Cost": 462.97,
                  "Plan Rows": 29997,
                  "Plan Width": 8,
                  "Actual Startup Time": 14.143,
                  "Actual Total Time": 14.144,
                  "Actual Rows": 29997,
                  "Actual Loops": 1,
                  "Hash Buckets": 32768,
                  "Original Hash Buckets": 32768,
                  "Hash Batches": 1,
                  "Original Hash Batches": 1,
                  "Peak Memory Usage": 1428,
                  "Plans": [
                    {
                      "Node Type": "Seq Scan",
                      "Parent Relationship": "Outer",
                      "Parallel Aware": false,
                      "Relation Name": "movie_link",
                      "Alias": "ml",
                      "Startup Cost": 0.0,
                      "Total Cost": 462.97,
                      "Plan Rows": 29997,
                      "Plan Width": 8,
                      "Actual Startup Time": 0.045,
                      "Actual Total Time": 7.705,
                      "Actual Rows": 29997,
                      "Actual Loops": 1
                    }
                  ]
                }
              ]
            },
            {
              "Node Type": "Hash",
              "Parent Relationship": "Inner",
              "Parallel Aware": false,
              "Startup Cost": 1.18,
              "Total Cost": 1.18,
              "Plan Rows": 18,
              "Plan Width": 4,
              "Actual Startup Time": 0.046,
              "Actual Total Time": 0.048,
              "Actual Rows": 18,
              "Actual Loops": 1,
              "Hash Buckets": 1024,
              "Original Hash Buckets": 1024,
              "Hash Batches": 1,
              "Original Hash Batches": 1,
              "Peak Memory Usage": 9,
              "Plans": [
                {
                  "Node Type": "Seq Scan",
                  "Parent Relationship": "Outer",
                  "Parallel Aware": false,
                  "Relation Name": "link_type",
                  "Alias": "lt",
                  "Startup Cost": 0.0,
                  "Total Cost": 1.18,
                  "Plan Rows": 18,
                  "Plan Width": 4,
                  "Actual Startup Time": 0.029,
                  "Actual Total Time": 0.033,
                  "Actual Rows": 18,
                  "Actual Loops": 1
                }
              ]
            }
          ]
        }
      ]
    },
    "Planning Time": 13.997,
    "Triggers": [],
    "Execution Time": 634.682
  }
]