[
  {
    "Plan": {
      "Node Type": "Aggregate",
      "Strategy": "Plain",
      "Partial Mode": "Finalize",
      "Parallel Aware": false,
      "Startup Cost": 46830.96,
      "Total Cost": 46830.97,
      "Plan Rows": 1,
      "Plan Width": 8,
      "Actual Startup Time": 185.918,
      "Actual Total Time": 195.537,
      "Actual Rows": 1,
      "Actual Loops": 1,
      "Plans": [
        {
          "Node Type": "Gather",
          "Parent Relationship": "Outer",
          "Parallel Aware": false,
          "Startup Cost": 46830.65,
          "Total Cost": 46830.96,
          "Plan Rows": 3,
          "Plan Width": 8,
          "Actual Startup Time": 185.791,
          "Actual Total Time": 195.527,
          "Actual Rows": 4,
          "Actual Loops": 1,
          "Workers Planned": 3,
          "Workers Launched": 3,
          "Single Copy": false,
          "Plans": [
            {
              "Node Type": "Aggregate",
              "Strategy": "Plain",
              "Partial Mode": "Partial",
              "Parent Relationship": "Outer",
              "Parallel Aware": false,
              "Startup Cost": 45830.65,
              "Total Cost": 45830.66,
              "Plan Rows": 1,
              "Plan Width": 8,
              "Actual Startup Time": 178.985,
              "Actual Total Time": 178.986,
              "Actual Rows": 1,
              "Actual Loops": 4,
              "Plans": [
                {
                  "Node Type": "Seq Scan",
                  "Parent Relationship": "Outer",
                  "Parallel Aware": true,
                  "Relation Name": "movie_keyword",
                  "Alias": "mk",
                  "Startup Cost": 0.0,
                  "Total Cost": 42695.65,
                  "Plan Rows": 1253997,
                  "Plan Width": 0,
                  "Actual Startup Time": 0.055,
                  "Actual Total Time": 130.965,
                  "Actual Rows": 976522,
                  "Actual Loops": 4,
                  "Filter": "(keyword_id < 29524)",
                  "Rows Removed by Filter": 154461
                }
              ]
            }
          ]
        }
      ]
    },
    "Planning Time": 0.178,
    "Triggers": [],
    "Execution Time": 195.596
  }
]