[
  {
    "Plan": {
      "Node Type": "Aggregate",
      "Strategy": "Plain",
      "Partial Mode": "Finalize",
      "Parallel Aware": false,
      "Startup Cost": 127487.61,
      "Total Cost": 127487.62,
      "Plan Rows": 1,
      "Plan Width": 8,
      "Actual Startup Time": 752.216,
      "Actual Total Time": 774.978,
      "Actual Rows": 1,
      "Actual Loops": 1,
      "Plans": [
        {
          "Node Type": "Gather",
          "Parent Relationship": "Outer",
          "Parallel Aware": false,
          "Startup Cost": 127487.29,
          "Total Cost": 127487.6,
          "Plan Rows": 3,
          "Plan Width": 8,
          "Actual Startup Time": 744.295,
          "Actual Total Time": 774.966,
          "Actual Rows": 4,
          "Actual Loops": 1,
          "Workers Planned": 3,
          "Workers Launched": 3,
          "Single Copy": false,
          "Plans": [
            {
              "Node Type": "Aggregate",
              "Strategy": "Plain",
              "Partial Mode": "Partial",
              "Parent Relationship": "Outer",
              "Parallel Aware": false,
              "Startup Cost": 126487.29,
              "Total Cost": 126487.3,
              "Plan Rows": 1,
              "Plan Width": 8,
              "Actual Startup Time": 735.745,
              "Actual Total Time": 736.138,
              "Actual Rows": 1,
              "Actual Loops": 4,
              "Plans": [
                {
                  "Node Type": "Hash Join",
                  "Parent Relationship": "Outer",
                  "Parallel Aware": true,
                  "Join Type": "Inner",
                  "Startup Cost": 81486.88,
                  "Total Cost": 126133.24,
                  "Plan Rows": 141620,
                  "Plan Width": 0,
                  "Actual Startup Time": 520.005,
                  "Actual Total Time": 715.536,
                  "Actual Rows": 448216,
                  "Actual Loops": 4,
                  "Inner Unique": false,
                  "Hash Cond": "(mk.movie_id = t.id)",
                  "Plans": [
                    {
                      "Node Type": "Seq Scan",
                      "Parent Relationship": "Outer",
                      "Parallel Aware": true,
                      "Relation Name": "movie_keyword",
                      "Alias": "mk",
                      "Startup Cost": 0.0,
                      "Total Cost": 42695.65,
                      "Plan Rows": 425775,
                      "Plan Width": 4,
                      "Actual Startup Time": 0.035,
                      "Actual Total Time": 101.767,
                      "Actual Rows": 333103,
                      "Actual Loops": 4,
                      "Filter": "(keyword_id < 1741)",
                      "Rows Removed by Filter": 797880
                    },
                    {
                      "Node Type": "Hash",
                      "Parent Relationship": "Inner",
                      "Parallel Aware": true,
                      "Startup Cost": 78858.91,
                      "Total Cost": 78858.91,
                      "Plan Rows": 210238,
                      "Plan Width": 8,
                      "Actual Startup Time": 514.859,
                      "Actual Total Time": 515.25,
                      "Actual Rows": 213392,
                      "Actual Loops": 4,
                      "Hash Buckets": 1048576,
                      "Original Hash Buckets": 1048576,
                      "Hash Batches": 1,
                      "Original Hash Batches": 1,
                      "Peak Memory Usage": 41664,
                      "Plans": [
                        {
                          "Node Type": "Hash Join",
                          "Parent Relationship": "Outer",
                          "Parallel Aware": true,
                          "Join Type": "Inner",
                          "Startup Cost": 32701.62,
                          "Total Cost": 78858.91,
                          "Plan Rows": 210238,
                          "Plan Width": 8,
                          "Actual Startup Time": 158.563,
                          "Actual Total Time": 445.504,
                          "Actual Rows": 213392,
                          "Actual Loops": 4,
                          "Inner Unique": false,
                          "Hash Cond": "(t.id = mc.movie_id)",
                          "Plans": [
                            {
                              "Node Type": "Seq Scan",
                              "Parent Relationship": "Outer",
                              "Parallel Aware": true,
                              "Relation Name": "title",
                              "Alias": "t",
                              "Startup Cost": 0.0,
                              "Total Cost": 42318.73,
                              "Plan Rows": 632073,
                              "Plan Width": 4,
                              "Actual Startup Time": 0.021,
                              "Actual Total Time": 80.28,
                              "Actual Rows": 632078,
                              "Actual Loops": 4
                            },
                            {
                              "Node Type": "Hash",
                              "Parent Relationship": "Inner",
                              "Parallel Aware": true,
                              "Startup Cost": 29310.68,
                              "Total Cost": 29310.68,
                              "Plan Rows": 271275,
                              "Plan Width": 4,
                              "Actual Startup Time": 155.812,
                              "Actual Total Time": 155.814,
                              "Actual Rows": 213392,
                              "Actual Loops": 4,
                              "Hash Buckets": 1048576,
                              "Original Hash Buckets": 1048576,
                              "Hash Batches": 1,
                              "Original Hash Batches": 1,
                              "Peak Memory Usage": 41632,
                              "Plans": [
                                {
                                  "Node Type": "Seq Scan",
                                  "Parent Relationship": "Outer",
                                  "Parallel Aware": true,
                                  "Relation Name": "movie_companies",
                                  "Alias": "mc",
                                  "Startup Cost": 0.0,
                                  "Total Cost": 29310.68,
                                  "Plan Rows": 271275,
                                  "Plan Width": 4,
                                  "Actual Startup Time": 22.568,
                                  "Actual Total Time": 85.188,
                                  "Actual Rows": 213392,
                                  "Actual Loops": 4,
                                  "Filter": "(company_id > 24845)",
                                  "Rows Removed by Filter": 438890
                                }
                              ]
                            }
                          ]
                        }
                      ]
                    }
                  ]
                }
              ]
            }
          ]
        }
      ]
    },
    "Planning Time": 1.411,
    "Triggers": [],
    "Execution Time": 775.067
  }
]