[
  {
    "Plan": {
      "Node Type": "Aggregate",
      "Strategy": "Plain",
      "Partial Mode": "Simple",
      "Parallel Aware": false,
      "Startup Cost": 54268.48,
      "Total Cost": 54268.49,
      "Plan Rows": 1,
      "Plan Width": 64,
      "Actual Startup Time": 1344.815,
      "Actual Total Time": 1450.244,
      "Actual Rows": 1,
      "Actual Loops": 1,
      "Plans": [
        {
          "Node Type": "Nested Loop",
          "Parent Relationship": "Outer",
          "Parallel Aware": false,
          "Join Type": "Inner",
          "Startup Cost": 19129.77,
          "Total Cost": 54268.47,
          "Plan Rows": 1,
          "Plan Width": 32,
          "Actual Startup Time": 1240.779,
          "Actual Total Time": 1450.219,
          "Actual Rows": 24,
          "Actual Loops": 1,
          "Inner Unique": true,
          "Join Filter": "(pi.info_type_id = it.id)",
          "Rows Removed by Join Filter": 0,
          "Plans": [
            {
              "Node Type": "Nested Loop",
              "Parent Relationship": "Outer",
              "Parallel Aware": false,
              "Join Type": "Inner",
              "Startup Cost": 19129.77,
              "Total Cost": 54266.05,
              "Plan Rows": 1,
              "Plan Width": 36,
              "Actual Startup Time": 1240.756,
              "Actual Total Time": 1450.083,
              "Actual Rows": 24,
              "Actual Loops": 1,
              "Inner Unique": true,
              "Join Filter": "(an.person_id = n.id)",
              "Rows Removed by Join Filter": 0,
              "Plans": [
                {
                  "Node Type": "Gather",
                  "Parent Relationship": "Outer",
                  "Parallel Aware": false,
                  "Startup Cost": 19129.33,
                  "Total Cost": 54261.57,
                  "Plan Rows": 1,
                  "Plan Width": 33,
                  "Actual Startup Time": 1209.221,
                  "Actual Total Time": 1449.7,
                  "Actual Rows": 41,
                  "Actual Loops": 1,
                  "Workers Planned": 3,
                  "Workers Launched": 3,
                  "Single Copy": false,
                  "Plans": [
                    {
                      "Node Type": "Nested Loop",
                      "Parent Relationship": "Outer",
                      "Parallel Aware": false,
                      "Join Type": "Inner",
                      "Startup Cost": 18129.33,
                      "Total Cost": 53261.47,
                      "Plan Rows": 1,
                      "Plan Width": 33,
                      "Actual Startup Time": 1296.886,
                      "Actual Total Time": 1327.315,
                      "Actual Rows": 10,
                      "Actual Loops": 4,
                      "Inner Unique": false,
                      "Join Filter": "(an.person_id = pi.person_id)",
                      "Rows Removed by Join Filter": 0,
                      "Plans": [
                        {
                          "Node Type": "Hash Join",
                          "Parent Relationship": "Outer",
                          "Parallel Aware": false,
                          "Join Type": "Inner",
                          "Startup Cost": 18128.71,
                          "Total Cost": 33962.09,
                          "Plan Rows": 3872,
                          "Plan Width": 25,
                          "Actual Startup Time": 1228.954,
                          "Actual Total Time": 1270.738,
                          "Actual Rows": 5477,
                          "Actual Loops": 4,
                          "Inner Unique": false,
                          "Hash Cond": "(an.person_id = ci.person_id)",
                          "Plans": [
                            {
                              "Node Type": "Seq Scan",
                              "Parent Relationship": "Outer",
                              "Parallel Aware": true,
                              "Relation Name": "aka_name",
                              "Alias": "an",
                              "Startup Cost": 0.0,
                              "Total Cost": 15030.45,
                              "Plan Rows": 32177,
                              "Plan Width": 4,
                              "Actual Startup Time": 0.082,
                              "Actual Total Time": 36.031,
                              "Actual Rows": 17406,
                              "Actual Loops": 4,
                              "Filter": "(name ~~ '%z%'::text)",
                              "Rows Removed by Filter": 207930
                            },
                            {
                              "Node Type": "Hash",
                              "Parent Relationship": "Inner",
                              "Parallel Aware": false,
                              "Startup Cost": 17550.63,
                              "Total Cost": 17550.63,
                              "Plan Rows": 46247,
                              "Plan Width": 21,
                              "Actual Startup Time": 1227.796,
                              "Actual Total Time": 1227.802,
                              "Actual Rows": 351552,
                              "Actual Loops": 4,
                              "Hash Buckets": 524288,
                              "Original Hash Buckets": 65536,
                              "Hash Batches": 1,
                              "Original Hash Batches": 1,
                              "Peak Memory Usage": 22700,
                              "Plans": [
                                {
                                  "Node Type": "Nested Loop",
                                  "Parent Relationship": "Outer",
                                  "Parallel Aware": false,
                                  "Join Type": "Inner",
                                  "Startup Cost": 41.54,
                                  "Total Cost": 17550.63,
                                  "Plan Rows": 46247,
                                  "Plan Width": 21,
                                  "Actual Startup Time": 1.489,
                                  "Actual Total Time": 1089.935,
                                  "Actual Rows": 351552,
                                  "Actual Loops": 4,
                                  "Inner Unique": false,
                                  "Plans": [
                                    {
                                      "Node Type": "Nested Loop",
                                      "Parent Relationship": "Outer",
                                      "Parallel Aware": false,
                                      "Join Type": "Inner",
                                      "Startup Cost": 40.46,
                                      "Total Cost": 9667.74,
                                      "Plan Rows": 1348,
                                      "Plan Width": 25,
                                      "Actual Startup Time": 1.2,
                                      "Actual Total Time": 82.906,
                                      "Actual Rows": 4337,
                                      "Actual Loops": 4,
                                      "Inner Unique": true,
                                      "Plans": [
                                        {
                                          "Node Type": "Nested Loop",
                                          "Parent Relationship": "Outer",
                                          "Parallel Aware": false,
                                          "Join Type": "Inner",
                                          "Startup Cost": 38.82,
                                          "Total Cost": 245.23,
                                          "Plan Rows": 1666,
                                          "Plan Width": 4,
                                          "Actual Startup Time": 0.998,
                                          "Actual Total Time": 3.872,
                                          "Actual Rows": 5186,
                                          "Actual Loops": 4,
                                          "Inner Unique": false,
                                          "Plans": [
                                            {
                                              "Node Type": "Seq Scan",
                                              "Parent Relationship": "Outer",
                                              "Parallel Aware": false,
                                              "Relation Name": "link_type",
                                              "Alias": "lt",
                                              "Startup Cost": 0.0,
                                              "Total Cost": 1.23,
                                              "Plan Rows": 1,
                                              "Plan Width": 4,
                                              "Actual Startup Time": 0.074,
                                              "Actual Total Time": 0.079,
                                              "Actual Rows": 1,
                                              "Actual Loops": 4,
                                              "Filter": "((link)::text = 'features'::text)",
                                              "Rows Removed by Filter": 17
                                            },
                                            {
                                              "Node Type": "Bitmap Heap Scan",
                                              "Parent Relationship": "Inner",
                                              "Parallel Aware": false,
                                              "Relation Name": "movie_link",
                                              "Alias": "ml",
                                              "Startup Cost": 38.82,
                                              "Total Cost": 225.26,
                                              "Plan Rows": 1875,
                                              "Plan Width": 8,
                                              "Actual Startup Time": 0.913,
                                              "Actual Total Time": 2.776,
                                              "Actual Rows": 5186,
                                              "Actual Loops": 4,
                                              "Recheck Cond": "(link_type_id = lt.id)",
                                              "Rows Removed by Index Recheck": 0,
                                              "Exact Heap Blocks": 132,
                                              "Lossy Heap Blocks": 0,
                                              "Plans": [
                                                {
                                                  "Node Type": "Bitmap Index Scan",
                                                  "Parent Relationship": "Outer",
                                                  "Parallel Aware": false,
                                                  "Index Name": "link_type_id_movie_link",
                                                  "Startup Cost": 0.0,
                                                  "Total Cost": 38.35,
                                                  "Plan Rows": 1875,
                                                  "Plan Width": 0,
                                                  "Actual Startup Time": 0.855,
                                                  "Actual Total Time": 0.855,
                                                  "Actual Rows": 5186,
                                                  "Actual Loops": 4,
                                                  "Index Cond": "(link_type_id = lt.id)"
                                                }
                                              ]
                                            }
                                          ]
                                        },
                                        {
                                          "Node Type": "Bitmap Heap Scan",
                                          "Parent Relationship": "Inner",
                                          "Parallel Aware": false,
                                          "Relation Name": "title",
                                          "Alias": "t",
                                          "Startup Cost": 1.64,
                                          "Total Cost": 5.66,
                                          "Plan Rows": 1,
                                          "Plan Width": 21,
                                          "Actual Startup Time": 0.012,
                                          "Actual Total Time": 0.012,
                                          "Actual Rows": 1,
                                          "Actual Loops": 20744,
                                          "Recheck Cond": "(id = ml.linked_movie_id)",
                                          "Rows Removed by Index Recheck": 0,
                                          "Filter": "((production_year >= 1953) AND (production_year <= 2011))",
                                          "Rows Removed by Filter": 0,
                                          "Exact Heap Blocks": 5186,
                                          "Lossy Heap Blocks": 0,
                                          "Plans": [
                                            {
                                              "Node Type": "Bitmap Index Scan",
                                              "Parent Relationship": "Outer",
                                              "Parallel Aware": false,
                                              "Index Name": "title_pkey",
                                              "Startup Cost": 0.0,
                                              "Total Cost": 1.64,
                                              "Plan Rows": 1,
                                              "Plan Width": 0,
                                              "Actual Startup Time": 0.007,
                                              "Actual Total Time": 0.007,
                                              "Actual Rows": 1,
                                              "Actual Loops": 20744,
                                              "Index Cond": "(id = ml.linked_movie_id)"
                                            }
                                          ]
                                        }
                                      ]
                                    },
                                    {
                                      "Node Type": "Bitmap Heap Scan",
                                      "Parent Relationship": "Inner",
                                      "Parallel Aware": false,
                                      "Relation Name": "cast_info",
                                      "Alias": "ci",
                                      "Startup Cost": 1.08,
                                      "Total Cost": 5.51,
                                      "Plan Rows": 34,
                                      "Plan Width": 8,
                                      "Actual Startup Time": 0.028,
                                      "Actual Total Time": 0.217,
                                      "Actual Rows": 81,
                                      "Actual Loops": 17348,
                                      "Recheck Cond": "(movie_id = t.id)",
                                      "Rows Removed by Index Recheck": 0,
                                      "Exact Heap Blocks": 339914,
                                      "Lossy Heap Blocks": 0,
                                      "Plans": [
                                        {
                                          "Node Type": "Bitmap Index Scan",
                                          "Parent Relationship": "Outer",
                                          "Parallel Aware": false,
                                          "Index Name": "movie_id_cast_info",
                                          "Startup Cost": 0.0,
                                          "Total Cost": 1.07,
                                          "Plan Rows": 34,
                                          "Plan Width": 0,
                                          "Actual Startup Time": 0.017,
                                          "Actual Total Time": 0.017,
                                          "Actual Rows": 81,
                                          "Actual Loops": 17348,
                                          "Index Cond": "(movie_id = t.id)"
                                        }
                                      ]
                                    }
                                  ]
                                }
                              ]
                            }
                          ]
                        },
                        {
                          "Node Type": "Bitmap Heap Scan",
                          "Parent Relationship": "Inner",
                          "Parallel Aware": false,
                          "Relation Name": "person_info",
                          "Alias": "pi",
                          "Startup Cost": 0.61,
                          "Total Cost": 4.97,
                          "Plan Rows": 1,
                          "Plan Width": 8,
                          "Actual Startup Time": 0.009,
                          "Actual Total Time": 0.009,
                          "Actual Rows": 0,
                          "Actual Loops": 21909,
                          "Recheck Cond": "(person_id = ci.person_id)",
                          "Rows Removed by Index Recheck": 0,
                          "Filter": "(note = 'Volker Boehm'::text)",
                          "Rows Removed by Filter": 35,
                          "Exact Heap Blocks": 39626,
                          "Lossy Heap Blocks": 0,
                          "Plans": [
                            {
                              "Node Type": "Bitmap Index Scan",
                              "Parent Relationship": "Outer",
                              "Parallel Aware": false,
                              "Index Name": "person_id_person_info",
                              "Startup Cost": 0.0,
                              "Total Cost": 0.61,
                              "Plan Rows": 24,
                              "Plan Width": 0,
                              "Actual Startup Time": 0.004,
                              "Actual Total Time": 0.004,
                              "Actual Rows": 35,
                              "Actual Loops": 21909,
                              "Index Cond": "(person_id = ci.person_id)"
                            }
                          ]
                        }
                      ]
                    }
                  ]
                },
                {
                  "Node Type": "Bitmap Heap Scan",
                  "Parent Relationship": "Inner",
                  "Parallel Aware": false,
                  "Relation Name": "name",
                  "Alias": "n",
                  "Startup Cost": 0.44,
                  "Total Cost": 4.46,
                  "Plan Rows": 1,
                  "Plan Width": 19,
                  "Actual Startup Time": 0.007,
                  "Actual Total Time": 0.007,
                  "Actual Rows": 1,
                  "Actual Loops": 41,
                  "Recheck Cond": "(id = ci.person_id)",
                  "Rows Removed by Index Recheck": 0,
                  "Filter": "(((name_pcode_cf)::text >= 'A'::text) AND ((name_pcode_cf)::text <= 'U'::text) AND (((gender)::text = 'm'::text) OR (((gender)::text = 'f'::text) AND (name ~~ 'B%'::text))))",
                  "Rows Removed by Filter": 0,
                  "Exact Heap Blocks": 41,
                  "Lossy Heap Blocks": 0,
                  "Plans": [
                    {
                      "Node Type": "Bitmap Index Scan",
                      "Parent Relationship": "Outer",
                      "Parallel Aware": false,
                      "Index Name": "name_pkey",
                      "Startup Cost": 0.0,
                      "Total Cost": 0.44,
                      "Plan Rows": 1,
                      "Plan Width": 0,
                      "Actual Startup Time": 0.005,
                      "Actual Total Time": 0.005,
                      "Actual Rows": 1,
                      "Actual Loops": 41,
                      "Index Cond": "(id = ci.person_id)"
                    }
                  ]
                }
              ]
            },
            {
              "Node Type": "Seq Scan",
              "Parent Relationship": "Inner",
              "Parallel Aware": false,
              "Relation Name": "info_type",
              "Alias": "it",
              "Startup Cost": 0.0,
              "Total Cost": 2.41,
              "Plan Rows": 1,
              "Plan Width": 4,
              "Actual Startup Time": 0.004,
              "Actual Total Time": 0.004,
              "Actual Rows": 1,
              "Actual Loops": 24,
              "Filter": "((info)::text = 'mini biography'::text)",
              "Rows Removed by Filter": 18
            }
          ]
        }
      ]
    },
    "Planning Time": 12.332,
    "Triggers": [],
    "Execution Time": 1451.952
  }
]