[
  {
    "Plan": {
      "Node Type": "Aggregate",
      "Strategy": "Plain",
      "Partial Mode": "Simple",
      "Parallel Aware": false,
      "Startup Cost": 77021.82,
      "Total Cost": 77021.83,
      "Plan Rows": 1,
      "Plan Width": 8,
      "Actual Startup Time": 20.894,
      "Actual Total Time": 20.895,
      "Actual Rows": 1,
      "Actual Loops": 1,
      "Plans": [
        {
          "Node Type": "Bitmap Heap Scan",
          "Parent Relationship": "Outer",
          "Parallel Aware": false,
          "Relation Name": "movie_info",
          "Alias": "mi",
          "Startup Cost": 545.4,
          "Total Cost": 76946.67,
          "Plan Rows": 30060,
          "Plan Width": 0,
          "Actual Startup Time": 4.073,
          "Actual Total Time": 18.198,
          "Actual Rows": 30180,
          "Actual Loops": 1,
          "Recheck Cond": "(info_type_id = 110)",
          "Rows Removed by Index Recheck": 0,
          "Exact Heap Blocks": 3571,
          "Lossy Heap Blocks": 0,
          "Plans": [
            {
              "Node Type": "Bitmap Index Scan",
              "Parent Relationship": "Outer",
              "Parallel Aware": false,
              "Index Name": "info_type_id_movie_info",
              "Startup Cost": 0.0,
              "Total Cost": 537.88,
              "Plan Rows": 30060,
              "Plan Width": 0,
              "Actual Startup Time": 3.063,
              "Actual Total Time": 3.063,
              "Actual Rows": 30180,
              "Actual Loops": 1,
              "Index Cond": "(info_type_id = 110)"
            }
          ]
        }
      ]
    },
    "Planning Time": 0.122,
    "Triggers": [],
    "Execution Time": 20.939
  }
]