{
    "Plan": {
        "Node Type": "Aggregate",
        "Strategy": "Plain",
        "Partial Mode": "Simple",
        "Parallel Aware": false,
        "Startup Cost": 70007364632.62,
        "Total Cost": 70007364632.63,
        "Plan Rows": 1,
        "Plan Width": 64,
        "Actual Startup Time": 11433.235,
        "Actual Total Time": 11433.245,
        "Actual Rows": 1,
        "Actual Loops": 1,
        "Output": [
            "min(mi_idx.info)",
            "min(t.title)"
        ],
        "Plans": [
            {
                "Node Type": "Nested Loop",
                "Parent Relationship": "Outer",
                "Parallel Aware": false,
                "Join Type": "Inner",
                "Startup Cost": 70000005346.11,
                "Total Cost": 70007364632.62,
                "Plan Rows": 1,
                "Plan Width": 22,
                "Actual Startup Time": 6129.804,
                "Actual Total Time": 11433.213,
                "Actual Rows": 8,
                "Actual Loops": 1,
                "Output": [
                    "mi_idx.info",
                    "t.title"
                ],
                "Inner Unique": true,
                "Plans": [
                    {
                        "Node Type": "Nested Loop",
                        "Parent Relationship": "Outer",
                        "Parallel Aware": false,
                        "Join Type": "Inner",
                        "Startup Cost": 60000005345.96,
                        "Total Cost": 60007364624.43,
                        "Plan Rows": 1,
                        "Plan Width": 26,
                        "Actual Startup Time": 6129.795,
                        "Actual Total Time": 11433.159,
                        "Actual Rows": 8,
                        "Actual Loops": 1,
                        "Output": [
                            "mi_idx.info",
                            "mi_idx.info_type_id",
                            "t.title"
                        ],
                        "Inner Unique": false,
                        "Join Filter": "(t.id = mi_idx.movie_id)",
                        "Rows Removed by Join Filter": 0,
                        "Plans": [
                            {
                                "Node Type": "Nested Loop",
                                "Parent Relationship": "Outer",
                                "Parallel Aware": false,
                                "Join Type": "Inner",
                                "Startup Cost": 50000005345.51,
                                "Total Cost": 50007364619.92,
                                "Plan Rows": 1,
                                "Plan Width": 29,
                                "Actual Startup Time": 6129.766,
                                "Actual Total Time": 11432.989,
                                "Actual Rows": 8,
                                "Actual Loops": 1,
                                "Output": [
                                    "mi.movie_id",
                                    "mk.movie_id",
                                    "t.title",
                                    "t.id"
                                ],
                                "Inner Unique": true,
                                "Plans": [
                                    {
                                        "Node Type": "Hash Join",
                                        "Parent Relationship": "Outer",
                                        "Parallel Aware": false,
                                        "Join Type": "Inner",
                                        "Startup Cost": 40000005345.36,
                                        "Total Cost": 40007364611.74,
                                        "Plan Rows": 1,
                                        "Plan Width": 33,
                                        "Actual Startup Time": 583.491,
                                        "Actual Total Time": 11432.838,
                                        "Actual Rows": 15,
                                        "Actual Loops": 1,
                                        "Output": [
                                            "mk.movie_id",
                                            "mi.movie_id",
                                            "mi.info_type_id",
                                            "t.title",
                                            "t.id"
                                        ],
                                        "Inner Unique": false,
                                        "Hash Cond": "(t.kind_id = kt.id)",
                                        "Plans": [
                                            {
                                                "Node Type": "Hash Join",
                                                "Parent Relationship": "Outer",
                                                "Parallel Aware": false,
                                                "Join Type": "Inner",
                                                "Startup Cost": 30000005344.26,
                                                "Total Cost": 30007364610.63,
                                                "Plan Rows": 1,
                                                "Plan Width": 37,
                                                "Actual Startup Time": 583.387,
                                                "Actual Total Time": 11432.685,
                                                "Actual Rows": 49,
                                                "Actual Loops": 1,
                                                "Output": [
                                                    "mk.movie_id",
                                                    "mi.movie_id",
                                                    "mi.info_type_id",
                                                    "t.title",
                                                    "t.kind_id",
                                                    "t.id"
                                                ],
                                                "Inner Unique": true,
                                                "Hash Cond": "(mk.keyword_id = k.id)",
                                                "Plans": [
                                                    {
                                                        "Node Type": "Nested Loop",
                                                        "Parent Relationship": "Outer",
                                                        "Parallel Aware": false,
                                                        "Join Type": "Inner",
                                                        "Startup Cost": 20000000001.31,
                                                        "Total Cost": 20007359258.37,
                                                        "Plan Rows": 3546,
                                                        "Plan Width": 41,
                                                        "Actual Startup Time": 118.379,
                                                        "Actual Total Time": 11370.222,
                                                        "Actual Rows": 14190,
                                                        "Actual Loops": 1,
                                                        "Output": [
                                                            "mi.movie_id",
                                                            "mi.info_type_id",
                                                            "mk.movie_id",
                                                            "mk.keyword_id",
                                                            "t.title",
                                                            "t.kind_id",
                                                            "t.id"
                                                        ],
                                                        "Inner Unique": false,
                                                        "Join Filter": "(t.id = mk.movie_id)",
                                                        "Rows Removed by Join Filter": 0,
                                                        "Plans": [
                                                            {
                                                                "Node Type": "Nested Loop",
                                                                "Parent Relationship": "Outer",
                                                                "Parallel Aware": false,
                                                                "Join Type": "Inner",
                                                                "Startup Cost": 10000000000.46,
                                                                "Total Cost": 10007357496.02,
                                                                "Plan Rows": 294,
                                                                "Plan Width": 33,
                                                                "Actual Startup Time": 35.925,
                                                                "Actual Total Time": 11352.398,
                                                                "Actual Rows": 2079,
                                                                "Actual Loops": 1,
                                                                "Output": [
                                                                    "mi.movie_id",
                                                                    "mi.info_type_id",
                                                                    "t.title",
                                                                    "t.kind_id",
                                                                    "t.id"
                                                                ],
                                                                "Inner Unique": true,
                                                                "Plans": [
                                                                    {
                                                                        "Node Type": "Seq Scan",
                                                                        "Parent Relationship": "Outer",
                                                                        "Parallel Aware": false,
                                                                        "Relation Name": "movie_info",
                                                                        "Schema": "public",
                                                                        "Alias": "mi",
                                                                        "Startup Cost": 0.0,
                                                                        "Total Cost": 493982.64,
                                                                        "Plan Rows": 1530745,
                                                                        "Plan Width": 8,
                                                                        "Actual Startup Time": 0.019,
                                                                        "Actual Total Time": 3328.98,
                                                                        "Actual Rows": 1605778,
                                                                        "Actual Loops": 1,
                                                                        "Output": [
                                                                            "mi.id",
                                                                            "mi.movie_id",
                                                                            "mi.info_type_id",
                                                                            "mi.info",
                                                                            "mi.note"
                                                                        ],
                                                                        "Filter": "(mi.info = ANY ('{USA,Bulgaria,Denmark,English,Denish,Norway,Germany,German,Sweden,UK}'::text[]))",
                                                                        "Rows Removed by Filter": 13229942
                                                                    },
                                                                    {
                                                                        "Node Type": "Bitmap Heap Scan",
                                                                        "Parent Relationship": "Inner",
                                                                        "Parallel Aware": false,
                                                                        "Relation Name": "title",
                                                                        "Schema": "public",
                                                                        "Alias": "t",
                                                                        "Startup Cost": 0.46,
                                                                        "Total Cost": 4.48,
                                                                        "Plan Rows": 1,
                                                                        "Plan Width": 25,
                                                                        "Actual Startup Time": 0.003,
                                                                        "Actual Total Time": 0.003,
                                                                        "Actual Rows": 0,
                                                                        "Actual Loops": 1605778,
                                                                        "Output": [
                                                                            "t.id",
                                                                            "t.title",
                                                                            "t.imdb_index",
                                                                            "t.kind_id",
                                                                            "t.production_year",
                                                                            "t.imdb_id",
                                                                            "t.phonetic_code",
                                                                            "t.episode_of_id",
                                                                            "t.season_nr",
                                                                            "t.episode_nr",
                                                                            "t.series_years",
                                                                            "t.md5sum"
                                                                        ],
                                                                        "Recheck Cond": "(t.id = mi.movie_id)",
                                                                        "Rows Removed by Index Recheck": 0,
                                                                        "Filter": "((t.production_year > 1990) AND ((t.title ~~ '%murder%'::text) OR (t.title ~~ '%Murder%'::text) OR (t.title ~~ '%Mord%'::text)))",
                                                                        "Rows Removed by Filter": 1,
                                                                        "Exact Heap Blocks": 1605778,
                                                                        "Lossy Heap Blocks": 0,
                                                                        "Plans": [
                                                                            {
                                                                                "Node Type": "Bitmap Index Scan",
                                                                                "Parent Relationship": "Outer",
                                                                                "Parallel Aware": false,
                                                                                "Index Name": "title_pkey",
                                                                                "Startup Cost": 0.0,
                                                                                "Total Cost": 0.46,
                                                                                "Plan Rows": 1,
                                                                                "Plan Width": 0,
                                                                                "Actual Startup Time": 0.002,
                                                                                "Actual Total Time": 0.002,
                                                                                "Actual Rows": 1,
                                                                                "Actual Loops": 1605778,
                                                                                "Index Cond": "(t.id = mi.movie_id)"
                                                                            }
                                                                        ]
                                                                    }
                                                                ]
                                                            },
                                                            {
                                                                "Node Type": "Bitmap Heap Scan",
                                                                "Parent Relationship": "Inner",
                                                                "Parallel Aware": false,
                                                                "Relation Name": "movie_keyword",
                                                                "Schema": "public",
                                                                "Alias": "mk",
                                                                "Startup Cost": 0.84,
                                                                "Total Cost": 5.42,
                                                                "Plan Rows": 46,
                                                                "Plan Width": 8,
                                                                "Actual Startup Time": 0.005,
                                                                "Actual Total Time": 0.006,
                                                                "Actual Rows": 7,
                                                                "Actual Loops": 2079,
                                                                "Output": [
                                                                    "mk.id",
                                                                    "mk.movie_id",
                                                                    "mk.keyword_id"
                                                                ],
                                                                "Recheck Cond": "(mk.movie_id = mi.movie_id)",
                                                                "Rows Removed by Index Recheck": 0,
                                                                "Exact Heap Blocks": 1004,
                                                                "Lossy Heap Blocks": 0,
                                                                "Plans": [
                                                                    {
                                                                        "Node Type": "Bitmap Index Scan",
                                                                        "Parent Relationship": "Outer",
                                                                        "Parallel Aware": false,
                                                                        "Index Name": "movie_id_movie_keyword",
                                                                        "Startup Cost": 0.0,
                                                                        "Total Cost": 0.83,
                                                                        "Plan Rows": 46,
                                                                        "Plan Width": 0,
                                                                        "Actual Startup Time": 0.004,
                                                                        "Actual Total Time": 0.004,
                                                                        "Actual Rows": 7,
                                                                        "Actual Loops": 2079,
                                                                        "Index Cond": "(mk.movie_id = mi.movie_id)"
                                                                    }
                                                                ]
                                                            }
                                                        ]
                                                    },
                                                    {
                                                        "Node Type": "Hash",
                                                        "Parent Relationship": "Inner",
                                                        "Parallel Aware": false,
                                                        "Startup Cost": 10000005342.92,
                                                        "Total Cost": 10000005342.92,
                                                        "Plan Rows": 2,
                                                        "Plan Width": 4,
                                                        "Actual Startup Time": 60.707,
                                                        "Actual Total Time": 60.707,
                                                        "Actual Rows": 2,
                                                        "Actual Loops": 1,
                                                        "Output": [
                                                            "k.id"
                                                        ],
                                                        "Hash Buckets": 1024,
                                                        "Original Hash Buckets": 1024,
                                                        "Hash Batches": 1,
                                                        "Original Hash Batches": 1,
                                                        "Peak Memory Usage": 9,
                                                        "Plans": [
                                                            {
                                                                "Node Type": "Index Scan",
                                                                "Parent Relationship": "Outer",
                                                                "Parallel Aware": false,
                                                                "Scan Direction": "Forward",
                                                                "Index Name": "keyword_pkey",
                                                                "Relation Name": "keyword",
                                                                "Schema": "public",
                                                                "Alias": "k",
                                                                "Startup Cost": 10000000000.42,
                                                                "Total Cost": 10000005342.92,
                                                                "Plan Rows": 2,
                                                                "Plan Width": 4,
                                                                "Actual Startup Time": 2.114,
                                                                "Actual Total Time": 60.702,
                                                                "Actual Rows": 2,
                                                                "Actual Loops": 1,
                                                                "Output": [
                                                                    "k.id"
                                                                ],
                                                                "Filter": "(k.keyword = ANY ('{fight,whodunit}'::text[]))",
                                                                "Rows Removed by Filter": 134168
                                                            }
                                                        ]
                                                    }
                                                ]
                                            },
                                            {
                                                "Node Type": "Hash",
                                                "Parent Relationship": "Inner",
                                                "Parallel Aware": false,
                                                "Startup Cost": 10000000001.09,
                                                "Total Cost": 10000000001.09,
                                                "Plan Rows": 1,
                                                "Plan Width": 4,
                                                "Actual Startup Time": 0.052,
                                                "Actual Total Time": 0.053,
                                                "Actual Rows": 1,
                                                "Actual Loops": 1,
                                                "Output": [
                                                    "kt.id"
                                                ],
                                                "Hash Buckets": 1024,
                                                "Original Hash Buckets": 1024,
                                                "Hash Batches": 1,
                                                "Original Hash Batches": 1,
                                                "Peak Memory Usage": 9,
                                                "Plans": [
                                                    {
                                                        "Node Type": "Seq Scan",
                                                        "Parent Relationship": "Outer",
                                                        "Parallel Aware": false,
                                                        "Relation Name": "kind_type",
                                                        "Schema": "public",
                                                        "Alias": "kt",
                                                        "Startup Cost": 10000000000.0,
                                                        "Total Cost": 10000000001.09,
                                                        "Plan Rows": 1,
                                                        "Plan Width": 4,
                                                        "Actual Startup Time": 0.044,
                                                        "Actual Total Time": 0.045,
                                                        "Actual Rows": 1,
                                                        "Actual Loops": 1,
                                                        "Output": [
                                                            "kt.id"
                                                        ],
                                                        "Filter": "((kt.kind)::text = 'episode'::text)",
                                                        "Rows Removed by Filter": 6
                                                    }
                                                ]
                                            }
                                        ]
                                    },
                                    {
                                        "Node Type": "Bitmap Heap Scan",
                                        "Parent Relationship": "Inner",
                                        "Parallel Aware": false,
                                        "Relation Name": "info_type",
                                        "Schema": "public",
                                        "Alias": "it1",
                                        "Startup Cost": 0.15,
                                        "Total Cost": 4.17,
                                        "Plan Rows": 1,
                                        "Plan Width": 4,
                                        "Actual Startup Time": 0.006,
                                        "Actual Total Time": 0.006,
                                        "Actual Rows": 1,
                                        "Actual Loops": 15,
                                        "Output": [
                                            "it1.id",
                                            "it1.info"
                                        ],
                                        "Recheck Cond": "(it1.id = mi.info_type_id)",
                                        "Rows Removed by Index Recheck": 0,
                                        "Filter": "((it1.info)::text = 'countries'::text)",
                                        "Rows Removed by Filter": 0,
                                        "Exact Heap Blocks": 15,
                                        "Lossy Heap Blocks": 0,
                                        "Plans": [
                                            {
                                                "Node Type": "Bitmap Index Scan",
                                                "Parent Relationship": "Outer",
                                                "Parallel Aware": false,
                                                "Index Name": "info_type_pkey",
                                                "Startup Cost": 0.0,
                                                "Total Cost": 0.15,
                                                "Plan Rows": 1,
                                                "Plan Width": 0,
                                                "Actual Startup Time": 0.003,
                                                "Actual Total Time": 0.003,
                                                "Actual Rows": 1,
                                                "Actual Loops": 15,
                                                "Index Cond": "(it1.id = mi.info_type_id)"
                                            }
                                        ]
                                    }
                                ]
                            },
                            {
                                "Node Type": "Bitmap Heap Scan",
                                "Parent Relationship": "Inner",
                                "Parallel Aware": false,
                                "Relation Name": "movie_info_idx",
                                "Schema": "public",
                                "Alias": "mi_idx",
                                "Startup Cost": 0.46,
                                "Total Cost": 4.5,
                                "Plan Rows": 1,
                                "Plan Width": 13,
                                "Actual Startup Time": 0.016,
                                "Actual Total Time": 0.017,
                                "Actual Rows": 1,
                                "Actual Loops": 8,
                                "Output": [
                                    "mi_idx.id",
                                    "mi_idx.movie_id",
                                    "mi_idx.info_type_id",
                                    "mi_idx.info",
                                    "mi_idx.note"
                                ],
                                "Recheck Cond": "(mi_idx.movie_id = mk.movie_id)",
                                "Rows Removed by Index Recheck": 0,
                                "Filter": "(mi_idx.info > '6.4'::text)",
                                "Rows Removed by Filter": 2,
                                "Exact Heap Blocks": 8,
                                "Lossy Heap Blocks": 0,
                                "Plans": [
                                    {
                                        "Node Type": "Bitmap Index Scan",
                                        "Parent Relationship": "Outer",
                                        "Parallel Aware": false,
                                        "Index Name": "movie_id_movie_info_idx",
                                        "Startup Cost": 0.0,
                                        "Total Cost": 0.46,
                                        "Plan Rows": 3,
                                        "Plan Width": 0,
                                        "Actual Startup Time": 0.013,
                                        "Actual Total Time": 0.013,
                                        "Actual Rows": 3,
                                        "Actual Loops": 8,
                                        "Index Cond": "(mi_idx.movie_id = mk.movie_id)"
                                    }
                                ]
                            }
                        ]
                    },
                    {
                        "Node Type": "Bitmap Heap Scan",
                        "Parent Relationship": "Inner",
                        "Parallel Aware": false,
                        "Relation Name": "info_type",
                        "Schema": "public",
                        "Alias": "it2",
                        "Startup Cost": 0.15,
                        "Total Cost": 4.17,
                        "Plan Rows": 1,
                        "Plan Width": 4,
                        "Actual Startup Time": 0.003,
                        "Actual Total Time": 0.003,
                        "Actual Rows": 1,
                        "Actual Loops": 8,
                        "Output": [
                            "it2.id",
                            "it2.info"
                        ],
                        "Recheck Cond": "(it2.id = mi_idx.info_type_id)",
                        "Rows Removed by Index Recheck": 0,
                        "Filter": "((it2.info)::text = 'rating'::text)",
                        "Rows Removed by Filter": 0,
                        "Exact Heap Blocks": 8,
                        "Lossy Heap Blocks": 0,
                        "Plans": [
                            {
                                "Node Type": "Bitmap Index Scan",
                                "Parent Relationship": "Outer",
                                "Parallel Aware": false,
                                "Index Name": "info_type_pkey",
                                "Startup Cost": 0.0,
                                "Total Cost": 0.15,
                                "Plan Rows": 1,
                                "Plan Width": 0,
                                "Actual Startup Time": 0.001,
                                "Actual Total Time": 0.001,
                                "Actual Rows": 1,
                                "Actual Loops": 8,
                                "Index Cond": "(it2.id = mi_idx.info_type_id)"
                            }
                        ]
                    }
                ]
            }
        ]
    },
    "Planning Time": 6.625,
    "Triggers": [],
    "Execution Time": 11433.512
}