[
    {
        "Bao": {
            "Bao prediction": 672.752,
            "Bao recommended hint": "(no hint)"
        }
    },
    {
        "Plan": {
            "Node Type": "Aggregate",
            "Strategy": "Plain",
            "Partial Mode": "Finalize",
            "Parallel Aware": false,
            "Startup Cost": 91024.53,
            "Total Cost": 91024.54,
            "Plan Rows": 1,
            "Plan Width": 8,
            "Actual Startup Time": 257.637,
            "Actual Total Time": 267.733,
            "Actual Rows": 1,
            "Actual Loops": 1,
            "Output": [
                "count(*)"
            ],
            "Plans": [
                {
                    "Node Type": "Gather",
                    "Parent Relationship": "Outer",
                    "Parallel Aware": false,
                    "Startup Cost": 91024.21,
                    "Total Cost": 91024.52,
                    "Plan Rows": 3,
                    "Plan Width": 8,
                    "Actual Startup Time": 257.412,
                    "Actual Total Time": 267.725,
                    "Actual Rows": 4,
                    "Actual Loops": 1,
                    "Output": [
                        "(PARTIAL count(*))"
                    ],
                    "Workers Planned": 3,
                    "Workers Launched": 3,
                    "Single Copy": false,
                    "Plans": [
                        {
                            "Node Type": "Aggregate",
                            "Strategy": "Plain",
                            "Partial Mode": "Partial",
                            "Parent Relationship": "Outer",
                            "Parallel Aware": false,
                            "Startup Cost": 90024.21,
                            "Total Cost": 90024.22,
                            "Plan Rows": 1,
                            "Plan Width": 8,
                            "Actual Startup Time": 250.453,
                            "Actual Total Time": 250.456,
                            "Actual Rows": 1,
                            "Actual Loops": 4,
                            "Output": [
                                "PARTIAL count(*)"
                            ],
                            "Workers": [
                                {
                                    "Worker Number": 0,
                                    "Actual Startup Time": 246.961,
                                    "Actual Total Time": 246.964,
                                    "Actual Rows": 1,
                                    "Actual Loops": 1
                                },
                                {
                                    "Worker Number": 1,
                                    "Actual Startup Time": 247.324,
                                    "Actual Total Time": 247.326,
                                    "Actual Rows": 1,
                                    "Actual Loops": 1
                                },
                                {
                                    "Worker Number": 2,
                                    "Actual Startup Time": 250.775,
                                    "Actual Total Time": 250.777,
                                    "Actual Rows": 1,
                                    "Actual Loops": 1
                                }
                            ],
                            "Plans": [
                                {
                                    "Node Type": "Hash Join",
                                    "Parent Relationship": "Outer",
                                    "Parallel Aware": true,
                                    "Join Type": "Inner",
                                    "Startup Cost": 45623.03,
                                    "Total Cost": 89995.15,
                                    "Plan Rows": 11626,
                                    "Plan Width": 0,
                                    "Actual Startup Time": 98.377,
                                    "Actual Total Time": 249.417,
                                    "Actual Rows": 16906,
                                    "Actual Loops": 4,
                                    "Inner Unique": true,
                                    "Hash Cond": "(mk.movie_id = t.id)",
                                    "Workers": [
                                        {
                                            "Worker Number": 0,
                                            "Actual Startup Time": 94.91,
                                            "Actual Total Time": 245.836,
                                            "Actual Rows": 13326,
                                            "Actual Loops": 1
                                        },
                                        {
                                            "Worker Number": 1,
                                            "Actual Startup Time": 95.29,
                                            "Actual Total Time": 246.185,
                                            "Actual Rows": 13408,
                                            "Actual Loops": 1
                                        },
                                        {
                                            "Worker Number": 2,
                                            "Actual Startup Time": 98.64,
                                            "Actual Total Time": 249.741,
                                            "Actual Rows": 19237,
                                            "Actual Loops": 1
                                        }
                                    ],
                                    "Plans": [
                                        {
                                            "Node Type": "Seq Scan",
                                            "Parent Relationship": "Outer",
                                            "Parallel Aware": true,
                                            "Relation Name": "movie_keyword",
                                            "Schema": "public",
                                            "Alias": "mk",
                                            "Startup Cost": 0.0,
                                            "Total Cost": 42695.65,
                                            "Plan Rows": 638652,
                                            "Plan Width": 4,
                                            "Actual Startup Time": 0.013,
                                            "Actual Total Time": 109.549,
                                            "Actual Rows": 493815,
                                            "Actual Loops": 4,
                                            "Output": [
                                                "mk.id",
                                                "mk.movie_id",
                                                "mk.keyword_id"
                                            ],
                                            "Filter": "(mk.keyword_id < 3474)",
                                            "Rows Removed by Filter": 637168,
                                            "Workers": [
                                                {
                                                    "Worker Number": 0,
                                                    "Actual Startup Time": 0.015,
                                                    "Actual Total Time": 109.998,
                                                    "Actual Rows": 374650,
                                                    "Actual Loops": 1
                                                },
                                                {
                                                    "Worker Number": 1,
                                                    "Actual Startup Time": 0.013,
                                                    "Actual Total Time": 110.026,
                                                    "Actual Rows": 375111,
                                                    "Actual Loops": 1
                                                },
                                                {
                                                    "Worker Number": 2,
                                                    "Actual Startup Time": 0.015,
                                                    "Actual Total Time": 109.635,
                                                    "Actual Rows": 581860,
                                                    "Actual Loops": 1
                                                }
                                            ]
                                        },
                                        {
                                            "Node Type": "Hash",
                                            "Parent Relationship": "Inner",
                                            "Parallel Aware": true,
                                            "Startup Cost": 45479.21,
                                            "Total Cost": 45479.21,
                                            "Plan Rows": 11506,
                                            "Plan Width": 4,
                                            "Actual Startup Time": 97.088,
                                            "Actual Total Time": 97.089,
                                            "Actual Rows": 8872,
                                            "Actual Loops": 4,
                                            "Output": [
                                                "t.id"
                                            ],
                                            "Hash Buckets": 65536,
                                            "Original Hash Buckets": 65536,
                                            "Hash Batches": 1,
                                            "Original Hash Batches": 1,
                                            "Peak Memory Usage": 1984,
                                            "Workers": [
                                                {
                                                    "Worker Number": 0,
                                                    "Actual Startup Time": 94.087,
                                                    "Actual Total Time": 94.088,
                                                    "Actual Rows": 6466,
                                                    "Actual Loops": 1
                                                },
                                                {
                                                    "Worker Number": 1,
                                                    "Actual Startup Time": 94.371,
                                                    "Actual Total Time": 94.372,
                                                    "Actual Rows": 6704,
                                                    "Actual Loops": 1
                                                },
                                                {
                                                    "Worker Number": 2,
                                                    "Actual Startup Time": 98.149,
                                                    "Actual Total Time": 98.149,
                                                    "Actual Rows": 9817,
                                                    "Actual Loops": 1
                                                }
                                            ],
                                            "Plans": [
                                                {
                                                    "Node Type": "Seq Scan",
                                                    "Parent Relationship": "Outer",
                                                    "Parallel Aware": true,
                                                    "Relation Name": "title",
                                                    "Schema": "public",
                                                    "Alias": "t",
                                                    "Startup Cost": 0.0,
                                                    "Total Cost": 45479.21,
                                                    "Plan Rows": 11506,
                                                    "Plan Width": 4,
                                                    "Actual Startup Time": 0.179,
                                                    "Actual Total Time": 93.126,
                                                    "Actual Rows": 8872,
                                                    "Actual Loops": 4,
                                                    "Output": [
                                                        "t.id"
                                                    ],
                                                    "Filter": "((t.kind_id < 7) AND (t.production_year = 2007))",
                                                    "Rows Removed by Filter": 623206,
                                                    "Workers": [
                                                        {
                                                            "Worker Number": 0,
                                                            "Actual Startup Time": 0.359,
                                                            "Actual Total Time": 90.184,
                                                            "Actual Rows": 6466,
                                                            "Actual Loops": 1
                                                        },
                                                        {
                                                            "Worker Number": 1,
                                                            "Actual Startup Time": 0.194,
                                                            "Actual Total Time": 90.733,
                                                            "Actual Rows": 6704,
                                                            "Actual Loops": 1
                                                        },
                                                        {
                                                            "Worker Number": 2,
                                                            "Actual Startup Time": 0.026,
                                                            "Actual Total Time": 94.266,
                                                            "Actual Rows": 9817,
                                                            "Actual Loops": 1
                                                        }
                                                    ]
                                                }
                                            ]
                                        }
                                    ]
                                }
                            ]
                        }
                    ]
                }
            ]
        },
        "Planning Time": 229.403,
        "Triggers": [],
        "Execution Time": 267.827
    }
]