[
  {
    "Bao": {
      "Bao prediction": 449.525,
      "Bao recommended hint": "SET enable_nestloop TO off; SET enable_hashjoin TO off; "
    }
  },
  {
    "Plan": {
      "Node Type": "Aggregate",
      "Strategy": "Plain",
      "Partial Mode": "Finalize",
      "Parallel Aware": false,
      "Startup Cost": 71811.95,
      "Total Cost": 71811.96,
      "Plan Rows": 1,
      "Plan Width": 96,
      "Actual Startup Time": 376.5,
      "Actual Total Time": 385.819,
      "Actual Rows": 1,
      "Actual Loops": 1,
      "Plans": [
        {
          "Node Type": "Gather",
          "Parent Relationship": "Outer",
          "Parallel Aware": false,
          "Startup Cost": 71811.4,
          "Total Cost": 71811.91,
          "Plan Rows": 5,
          "Plan Width": 96,
          "Actual Startup Time": 335.615,
          "Actual Total Time": 385.792,
          "Actual Rows": 6,
          "Actual Loops": 1,
          "Workers Planned": 5,
          "Workers Launched": 5,
          "Single Copy": false,
          "Plans": [
            {
              "Node Type": "Aggregate",
              "Strategy": "Plain",
              "Partial Mode": "Partial",
              "Parent Relationship": "Outer",
              "Parallel Aware": false,
              "Startup Cost": 70811.4,
              "Total Cost": 70811.41,
              "Plan Rows": 1,
              "Plan Width": 96,
              "Actual Startup Time": 332.644,
              "Actual Total Time": 332.657,
              "Actual Rows": 1,
              "Actual Loops": 6,
              "Plans": [
                {
                  "Node Type": "Merge Join",
                  "Parent Relationship": "Outer",
                  "Parallel Aware": false,
                  "Join Type": "Inner",
                  "Startup Cost": 70811.37,
                  "Total Cost": 70811.39,
                  "Plan Rows": 1,
                  "Plan Width": 48,
                  "Actual Startup Time": 332.526,
                  "Actual Total Time": 332.6,
                  "Actual Rows": 312,
                  "Actual Loops": 6,
                  "Inner Unique": true,
                  "Merge Cond": "(mc.company_type_id = ct.id)",
                  "Plans": [
                    {
                      "Node Type": "Sort",
                      "Parent Relationship": "Outer",
                      "Parallel Aware": false,
                      "Startup Cost": 70810.31,
                      "Total Cost": 70810.31,
                      "Plan Rows": 1,
                      "Plan Width": 52,
                      "Actual Startup Time": 332.494,
                      "Actual Total Time": 332.52,
                      "Actual Rows": 328,
                      "Actual Loops": 6,
                      "Sort Key": [
                        "mc.company_type_id"
                      ],
                      "Sort Method": "quicksort",
                      "Sort Space Used": 25,
                      "Sort Space Type": "Memory",
                      "Workers": [
                        {
                          "Worker Number": 0,
                          "Sort Method": "quicksort",
                          "Sort Space Used": 117,
                          "Sort Space Type": "Memory"
                        },
                        {
                          "Worker Number": 1,
                          "Sort Method": "quicksort",
                          "Sort Space Used": 225,
                          "Sort Space Type": "Memory"
                        },
                        {
                          "Worker Number": 2,
                          "Sort Method": "quicksort",
                          "Sort Space Used": 25,
                          "Sort Space Type": "Memory"
                        },
                        {
                          "Worker Number": 3,
                          "Sort Method": "quicksort",
                          "Sort Space Used": 25,
                          "Sort Space Type": "Memory"
                        },
                        {
                          "Worker Number": 4,
                          "Sort Method": "quicksort",
                          "Sort Space Used": 25,
                          "Sort Space Type": "Memory"
                        }
                      ],
                      "Plans": [
                        {
                          "Node Type": "Merge Join",
                          "Parent Relationship": "Outer",
                          "Parallel Aware": false,
                          "Join Type": "Inner",
                          "Startup Cost": 70751.69,
                          "Total Cost": 70810.3,
                          "Plan Rows": 1,
                          "Plan Width": 52,
                          "Actual Startup Time": 332.161,
                          "Actual Total Time": 332.273,
                          "Actual Rows": 328,
                          "Actual Loops": 6,
                          "Inner Unique": true,
                          "Merge Cond": "(mk.keyword_id = k.id)",
                          "Plans": [
                            {
                              "Node Type": "Sort",
                              "Parent Relationship": "Outer",
                              "Parallel Aware": false,
                              "Startup Cost": 68125.34,
                              "Total Cost": 68154.74,
                              "Plan Rows": 11761,
                              "Plan Width": 56,
                              "Actual Startup Time": 320.838,
                              "Actual Total Time": 321.055,
                              "Actual Rows": 1463,
                              "Actual Loops": 6,
                              "Sort Key": [
                                "mk.keyword_id"
                              ],
                              "Sort Method": "quicksort",
                              "Sort Space Used": 327,
                              "Sort Space Type": "Memory",
                              "Workers": [
                                {
                                  "Worker Number": 0,
                                  "Sort Method": "quicksort",
                                  "Sort Space Used": 3629,
                                  "Sort Space Type": "Memory"
                                },
                                {
                                  "Worker Number": 1,
                                  "Sort Method": "quicksort",
                                  "Sort Space Used": 1534,
                                  "Sort Space Type": "Memory"
                                },
                                {
                                  "Worker Number": 2,
                                  "Sort Method": "quicksort",
                                  "Sort Space Used": 246,
                                  "Sort Space Type": "Memory"
                                },
                                {
                                  "Worker Number": 3,
                                  "Sort Method": "quicksort",
                                  "Sort Space Used": 55,
                                  "Sort Space Type": "Memory"
                                },
                                {
                                  "Worker Number": 4,
                                  "Sort Method": "quicksort",
                                  "Sort Space Used": 106,
                                  "Sort Space Type": "Memory"
                                }
                              ],
                              "Plans": [
                                {
                                  "Node Type": "Merge Join",
                                  "Parent Relationship": "Outer",
                                  "Parallel Aware": false,
                                  "Join Type": "Inner",
                                  "Startup Cost": 19338.19,
                                  "Total Cost": 67330.2,
                                  "Plan Rows": 11761,
                                  "Plan Width": 56,
                                  "Actual Startup Time": 186.123,
                                  "Actual Total Time": 318.141,
                                  "Actual Rows": 5672,
                                  "Actual Loops": 6,
                                  "Inner Unique": false,
                                  "Merge Cond": "(ml.movie_id = mk.movie_id)",
                                  "Plans": [
                                    {
                                      "Node Type": "Merge Join",
                                      "Parent Relationship": "Outer",
                                      "Parallel Aware": false,
                                      "Join Type": "Inner",
                                      "Startup Cost": 19337.76,
                                      "Total Cost": 63240.86,
                                      "Plan Rows": 253,
                                      "Plan Width": 68,
                                      "Actual Startup Time": 181.761,
                                      "Actual Total Time": 299.007,
                                      "Actual Rows": 680,
                                      "Actual Loops": 6,
                                      "Inner Unique": true,
                                      "Merge Cond": "(ml.movie_id = t.id)",
                                      "Plans": [
                                        {
                                          "Node Type": "Merge Join",
                                          "Parent Relationship": "Outer",
                                          "Parallel Aware": false,
                                          "Join Type": "Inner",
                                          "Startup Cost": 19337.33,
                                          "Total Cost": 53552.08,
                                          "Plan Rows": 337,
                                          "Plan Width": 47,
                                          "Actual Startup Time": 153.163,
                                          "Actual Total Time": 192.289,
                                          "Actual Rows": 688,
                                          "Actual Loops": 6,
                                          "Inner Unique": false,
                                          "Merge Cond": "(mi.movie_id = ml.movie_id)",
                                          "Plans": [
                                            {
                                              "Node Type": "Index Scan",
                                              "Parent Relationship": "Outer",
                                              "Parallel Aware": true,
                                              "Scan Direction": "Forward",
                                              "Index Name": "movie_id_movie_info",
                                              "Relation Name": "movie_info",
                                              "Alias": "mi",
                                              "Startup Cost": 0.43,
                                              "Total Cost": 995928.17,
                                              "Plan Rows": 184450,
                                              "Plan Width": 4,
                                              "Actual Startup Time": 0.608,
                                              "Actual Total Time": 48.796,
                                              "Actual Rows": 4777,
                                              "Actual Loops": 6,
                                              "Filter": "(info = ANY ('{Sweden,Norway,Germany,Denmark,Swedish,Denish,Norwegian,German,English}'::text[]))",
                                              "Rows Removed by Filter": 69025
                                            },
                                            {
                                              "Node Type": "Sort",
                                              "Parent Relationship": "Inner",
                                              "Parallel Aware": false,
                                              "Startup Cost": 19336.89,
                                              "Total Cost": 19339.27,
                                              "Plan Rows": 953,
                                              "Plan Width": 43,
                                              "Actual Startup Time": 142.771,
                                              "Actual Total Time": 142.922,
                                              "Actual Rows": 1692,
                                              "Actual Loops": 6,
                                              "Sort Key": [
                                                "mc.movie_id"
                                              ],
                                              "Sort Method": "quicksort",
                                              "Sort Space Used": 166,
                                              "Sort Space Type": "Memory",
                                              "Workers": [
                                                {
                                                  "Worker Number": 0,
                                                  "Sort Method": "quicksort",
                                                  "Sort Space Used": 166,
                                                  "Sort Space Type": "Memory"
                                                },
                                                {
                                                  "Worker Number": 1,
                                                  "Sort Method": "quicksort",
                                                  "Sort Space Used": 166,
                                                  "Sort Space Type": "Memory"
                                                },
                                                {
                                                  "Worker Number": 2,
                                                  "Sort Method": "quicksort",
                                                  "Sort Space Used": 166,
                                                  "Sort Space Type": "Memory"
                                                },
                                                {
                                                  "Worker Number": 3,
                                                  "Sort Method": "quicksort",
                                                  "Sort Space Used": 166,
                                                  "Sort Space Type": "Memory"
                                                },
                                                {
                                                  "Worker Number": 4,
                                                  "Sort Method": "quicksort",
                                                  "Sort Space Used": 166,
                                                  "Sort Space Type": "Memory"
                                                }
                                              ],
                                              "Plans": [
                                                {
                                                  "Node Type": "Merge Join",
                                                  "Parent Relationship": "Outer",
                                                  "Parallel Aware": false,
                                                  "Join Type": "Inner",
                                                  "Startup Cost": 18984.79,
                                                  "Total Cost": 19289.74,
                                                  "Plan Rows": 953,
                                                  "Plan Width": 43,
                                                  "Actual Startup Time": 138.421,
                                                  "Actual Total Time": 142.435,
                                                  "Actual Rows": 1200,
                                                  "Actual Loops": 6,
                                                  "Inner Unique": true,
                                                  "Merge Cond": "(mc.company_id = cn.id)",
                                                  "Plans": [
                                                    {
                                                      "Node Type": "Sort",
                                                      "Parent Relationship": "Outer",
                                                      "Parallel Aware": false,
                                                      "Startup Cost": 7530.18,
                                                      "Total Cost": 7540.32,
                                                      "Plan Rows": 4056,
                                                      "Plan Width": 28,
                                                      "Actual Startup Time": 62.259,
                                                      "Actual Total Time": 62.598,
                                                      "Actual Rows": 5069,
                                                      "Actual Loops": 6,
                                                      "Sort Key": [
                                                        "mc.company_id"
                                                      ],
                                                      "Sort Method": "quicksort",
                                                      "Sort Space Used": 589,
                                                      "Sort Space Type": "Memory",
                                                      "Workers": [
                                                        {
                                                          "Worker Number": 0,
                                                          "Sort Method": "quicksort",
                                                          "Sort Space Used": 589,
                                                          "Sort Space Type": "Memory"
                                                        },
                                                        {
                                                          "Worker Number": 1,
                                                          "Sort Method": "quicksort",
                                                          "Sort Space Used": 589,
                                                          "Sort Space Type": "Memory"
                                                        },
                                                        {
                                                          "Worker Number": 2,
                                                          "Sort Method": "quicksort",
                                                          "Sort Space Used": 589,
                                                          "Sort Space Type": "Memory"
                                                        },
                                                        {
                                                          "Worker Number": 3,
                                                          "Sort Method": "quicksort",
                                                          "Sort Space Used": 589,
                                                          "Sort Space Type": "Memory"
                                                        },
                                                        {
                                                          "Worker Number": 4,
                                                          "Sort Method": "quicksort",
                                                          "Sort Space Used": 589,
                                                          "Sort Space Type": "Memory"
                                                        }
                                                      ],
                                                      "Plans": [
                                                        {
                                                          "Node Type": "Merge Join",
                                                          "Parent Relationship": "Outer",
                                                          "Parallel Aware": false,
                                                          "Join Type": "Inner",
                                                          "Startup Cost": 1618.85,
                                                          "Total Cost": 7287.11,
                                                          "Plan Rows": 4056,
                                                          "Plan Width": 28,
                                                          "Actual Startup Time": 6.589,
                                                          "Actual Total Time": 60.445,
                                                          "Actual Rows": 5069,
                                                          "Actual Loops": 6,
                                                          "Inner Unique": false,
                                                          "Merge Cond": "(mc.movie_id = ml.movie_id)",
                                                          "Plans": [
                                                            {
                                                              "Node Type": "Index Scan",
                                                              "Parent Relationship": "Outer",
                                                              "Parallel Aware": false,
                                                              "Scan Direction": "Forward",
                                                              "Index Name": "movie_id_movie_companies",
                                                              "Relation Name": "movie_companies",
                                                              "Alias": "mc",
                                                              "Startup Cost": 0.43,
                                                              "Total Cost": 140404.76,
                                                              "Plan Rows": 1269863,
                                                              "Plan Width": 12,
                                                              "Actual Startup Time": 0.234,
                                                              "Actual Total Time": 49.55,
                                                              "Actual Rows": 49142,
                                                              "Actual Loops": 6,
                                                              "Filter": "(note IS NULL)",
                                                              "Rows Removed by Filter": 50735
                                                            },
                                                            {
                                                              "Node Type": "Sort",
                                                              "Parent Relationship": "Inner",
                                                              "Parallel Aware": false,
                                                              "Startup Cost": 1618.42,
                                                              "Total Cost": 1622.58,
                                                              "Plan Rows": 1666,
                                                              "Plan Width": 16,
                                                              "Actual Startup Time": 6.184,
                                                              "Actual Total Time": 6.501,
                                                              "Actual Rows": 5369,
                                                              "Actual Loops": 6,
                                                              "Sort Key": [
                                                                "ml.movie_id"
                                                              ],
                                                              "Sort Method": "quicksort",
                                                              "Sort Space Used": 205,
                                                              "Sort Space Type": "Memory",
                                                              "Workers": [
                                                                {
                                                                  "Worker Number": 0,
                                                                  "Sort Method": "quicksort",
                                                                  "Sort Space Used": 205,
                                                                  "Sort Space Type": "Memory"
                                                                },
                                                                {
                                                                  "Worker Number": 1,
                                                                  "Sort Method": "quicksort",
                                                                  "Sort Space Used": 205,
                                                                  "Sort Space Type": "Memory"
                                                                },
                                                                {
                                                                  "Worker Number": 2,
                                                                  "Sort Method": "quicksort",
                                                                  "Sort Space Used": 205,
                                                                  "Sort Space Type": "Memory"
                                                                },
                                                                {
                                                                  "Worker Number": 3,
                                                                  "Sort Method": "quicksort",
                                                                  "Sort Space Used": 205,
                                                                  "Sort Space Type": "Memory"
                                                                },
                                                                {
                                                                  "Worker Number": 4,
                                                                  "Sort Method": "quicksort",
                                                                  "Sort Space Used": 205,
                                                                  "Sort Space Type": "Memory"
                                                                }
                                                              ],
                                                              "Plans": [
                                                                {
                                                                  "Node Type": "Merge Join",
                                                                  "Parent Relationship": "Outer",
                                                                  "Parallel Aware": false,
                                                                  "Join Type": "Inner",
                                                                  "Startup Cost": 0.42,
                                                                  "Total Cost": 1529.27,
                                                                  "Plan Rows": 1666,
                                                                  "Plan Width": 16,
                                                                  "Actual Startup Time": 0.214,
                                                                  "Actual Total Time": 4.528,
                                                                  "Actual Rows": 2315,
                                                                  "Actual Loops": 6,
                                                                  "Inner Unique": false,
                                                                  "Merge Cond": "(lt.id = ml.link_type_id)",
                                                                  "Plans": [
                                                                    {
                                                                      "Node Type": "Index Scan",
                                                                      "Parent Relationship": "Outer",
                                                                      "Parallel Aware": false,
                                                                      "Scan Direction": "Forward",
                                                                      "Index Name": "link_type_pkey",
                                                                      "Relation Name": "link_type",
                                                                      "Alias": "lt",
                                                                      "Startup Cost": 0.14,
                                                                      "Total Cost": 12.45,
                                                                      "Plan Rows": 1,
                                                                      "Plan Width": 16,
                                                                      "Actual Startup Time": 0.076,
                                                                      "Actual Total Time": 0.088,
                                                                      "Actual Rows": 2,
                                                                      "Actual Loops": 6,
                                                                      "Filter": "((link)::text ~~ '%follow%'::text)",
                                                                      "Rows Removed by Filter": 16
                                                                    },
                                                                    {
                                                                      "Node Type": "Index Scan",
                                                                      "Parent Relationship": "Inner",
                                                                      "Parallel Aware": false,
                                                                      "Scan Direction": "Forward",
                                                                      "Index Name": "link_type_id_movie_link",
                                                                      "Relation Name": "movie_link",
                                                                      "Alias": "ml",
                                                                      "Startup Cost": 0.29,
                                                                      "Total Cost": 1425.16,
                                                                      "Plan Rows": 29997,
                                                                      "Plan Width": 8,
                                                                      "Actual Startup Time": 0.131,
                                                                      "Actual Total Time": 3.534,
                                                                      "Actual Rows": 2316,
                                                                      "Actual Loops": 6
                                                                    }
                                                                  ]
                                                                }
                                                              ]
                                                            }
                                                          ]
                                                        }
                                                      ]
                                                    },
                                                    {
                                                      "Node Type": "Sort",
                                                      "Parent Relationship": "Inner",
                                                      "Parallel Aware": false,
                                                      "Startup Cost": 11453.99,
                                                      "Total Cost": 11591.95,
                                                      "Plan Rows": 55187,
                                                      "Plan Width": 23,
                                                      "Actual Startup Time": 76.151,
                                                      "Actual Total Time": 77.839,
                                                      "Actual Rows": 14201,
                                                      "Actual Loops": 6,
                                                      "Sort Key": [
                                                        "cn.id"
                                                      ],
                                                      "Sort Method": "quicksort",
                                                      "Sort Space Used": 5023,
                                                      "Sort Space Type": "Memory",
                                                      "Workers": [
                                                        {
                                                          "Worker Number": 0,
                                                          "Sort Method": "quicksort",
                                                          "Sort Space Used": 5023,
                                                          "Sort Space Type": "Memory"
                                                        },
                                                        {
                                                          "Worker Number": 1,
                                                          "Sort Method": "quicksort",
                                                          "Sort Space Used": 5023,
                                                          "Sort Space Type": "Memory"
                                                        },
                                                        {
                                                          "Worker Number": 2,
                                                          "Sort Method": "quicksort",
                                                          "Sort Space Used": 5023,
                                                          "Sort Space Type": "Memory"
                                                        },
                                                        {
                                                          "Worker Number": 3,
                                                          "Sort Method": "quicksort",
                                                          "Sort Space Used": 5023,
                                                          "Sort Space Type": "Memory"
                                                        },
                                                        {
                                                          "Worker Number": 4,
                                                          "Sort Method": "quicksort",
                                                          "Sort Space Used": 5023,
                                                          "Sort Space Type": "Memory"
                                                        }
                                                      ],
                                                      "Plans": [
                                                        {
                                                          "Node Type": "Seq Scan",
                                                          "Parent Relationship": "Outer",
                                                          "Parallel Aware": false,
                                                          "Relation Name": "company_name",
                                                          "Alias": "cn",
                                                          "Startup Cost": 0.0,
                                                          "Total Cost": 7107.45,
                                                          "Plan Rows": 55187,
                                                          "Plan Width": 23,
                                                          "Actual Startup Time": 0.032,
                                                          "Actual Total Time": 58.487,
                                                          "Actual Rows": 48302,
                                                          "Actual Loops": 6,
                                                          "Filter": "(((country_code)::text <> '[pl]'::text) AND ((name ~~ '%Film%'::text) OR (name ~~ '%Warner%'::text)))",
                                                          "Rows Removed by Filter": 186695
                                                        }
                                                      ]
                                                    }
                                                  ]
                                                }
                                              ]
                                            }
                                          ]
                                        },
                                        {
                                          "Node Type": "Index Scan",
                                          "Parent Relationship": "Inner",
                                          "Parallel Aware": false,
                                          "Scan Direction": "Forward",
                                          "Index Name": "title_pkey",
                                          "Relation Name": "title",
                                          "Alias": "t",
                                          "Startup Cost": 0.43,
                                          "Total Cost": 123001.61,
                                          "Plan Rows": 1903094,
                                          "Plan Width": 21,
                                          "Actual Startup Time": 0.046,
                                          "Actual Total Time": 99.595,
                                          "Actual Rows": 120464,
                                          "Actual Loops": 6,
                                          "Filter": "((production_year >= 1950) AND (production_year <= 2010))",
                                          "Rows Removed by Filter": 34230
                                        }
                                      ]
                                    },
                                    {
                                      "Node Type": "Index Scan",
                                      "Parent Relationship": "Inner",
                                      "Parallel Aware": false,
                                      "Scan Direction": "Forward",
                                      "Index Name": "movie_id_movie_keyword",
                                      "Relation Name": "movie_keyword",
                                      "Alias": "mk",
                                      "Startup Cost": 0.43,
                                      "Total Cost": 177148.48,
                                      "Plan Rows": 4523930,
                                      "Plan Width": 8,
                                      "Actual Startup Time": 0.03,
                                      "Actual Total Time": 12.706,
                                      "Actual Rows": 81202,
                                      "Actual Loops": 6
                                    }
                                  ]
                                }
                              ]
                            },
                            {
                              "Node Type": "Sort",
                              "Parent Relationship": "Inner",
                              "Parallel Aware": false,
                              "Startup Cost": 2626.14,
                              "Total Cost": 2626.14,
                              "Plan Rows": 1,
                              "Plan Width": 4,
                              "Actual Startup Time": 10.999,
                              "Actual Total Time": 10.999,
                              "Actual Rows": 1,
                              "Actual Loops": 6,
                              "Sort Key": [
                                "k.id"
                              ],
                              "Sort Method": "quicksort",
                              "Sort Space Used": 25,
                              "Sort Space Type": "Memory",
                              "Workers": [
                                {
                                  "Worker Number": 0,
                                  "Sort Method": "quicksort",
                                  "Sort Space Used": 25,
                                  "Sort Space Type": "Memory"
                                },
                                {
                                  "Worker Number": 1,
                                  "Sort Method": "quicksort",
                                  "Sort Space Used": 25,
                                  "Sort Space Type": "Memory"
                                },
                                {
                                  "Worker Number": 2,
                                  "Sort Method": "quicksort",
                                  "Sort Space Used": 25,
                                  "Sort Space Type": "Memory"
                                },
                                {
                                  "Worker Number": 3,
                                  "Sort Method": "quicksort",
                                  "Sort Space Used": 25,
                                  "Sort Space Type": "Memory"
                                },
                                {
                                  "Worker Number": 4,
                                  "Sort Method": "quicksort",
                                  "Sort Space Used": 25,
                                  "Sort Space Type": "Memory"
                                }
                              ],
                              "Plans": [
                                {
                                  "Node Type": "Seq Scan",
                                  "Parent Relationship": "Outer",
                                  "Parallel Aware": false,
                                  "Relation Name": "keyword",
                                  "Alias": "k",
                                  "Startup Cost": 0.0,
                                  "Total Cost": 2626.12,
                                  "Plan Rows": 1,
                                  "Plan Width": 4,
                                  "Actual Startup Time": 0.615,
                                  "Actual Total Time": 10.987,
                                  "Actual Rows": 1,
                                  "Actual Loops": 6,
                                  "Filter": "(keyword = 'sequel'::text)",
                                  "Rows Removed by Filter": 134169
                                }
                              ]
                            }
                          ]
                        }
                      ]
                    },
                    {
                      "Node Type": "Sort",
                      "Parent Relationship": "Inner",
                      "Parallel Aware": false,
                      "Startup Cost": 1.06,
                      "Total Cost": 1.06,
                      "Plan Rows": 1,
                      "Plan Width": 4,
                      "Actual Startup Time": 0.032,
                      "Actual Total Time": 0.032,
                      "Actual Rows": 1,
                      "Actual Loops": 5,
                      "Sort Key": [
                        "ct.id"
                      ],
                      "Sort Method": "quicksort",
                      "Sort Space Used": 25,
                      "Sort Space Type": "Memory",
                      "Workers": [
                        {
                          "Worker Number": 0,
                          "Sort Method": "quicksort",
                          "Sort Space Used": 25,
                          "Sort Space Type": "Memory"
                        },
                        {
                          "Worker Number": 1,
                          "Sort Method": "quicksort",
                          "Sort Space Used": 25,
                          "Sort Space Type": "Memory"
                        },
                        {
                          "Worker Number": 2,
                          "Sort Method": "quicksort",
                          "Sort Space Used": 25,
                          "Sort Space Type": "Memory"
                        },
                        {
                          "Worker Number": 4,
                          "Sort Method": "quicksort",
                          "Sort Space Used": 25,
                          "Sort Space Type": "Memory"
                        }
                      ],
                      "Plans": [
                        {
                          "Node Type": "Seq Scan",
                          "Parent Relationship": "Outer",
                          "Parallel Aware": false,
                          "Relation Name": "company_type",
                          "Alias": "ct",
                          "Startup Cost": 0.0,
                          "Total Cost": 1.05,
                          "Plan Rows": 1,
                          "Plan Width": 4,
                          "Actual Startup Time": 0.021,
                          "Actual Total Time": 0.022,
                          "Actual Rows": 1,
                          "Actual Loops": 5,
                          "Filter": "((kind)::text = 'production companies'::text)",
                          "Rows Removed by Filter": 3
                        }
                      ]
                    }
                  ]
                }
              ]
            }
          ]
        }
      ]
    },
    "Planning Time": 499.346,
    "Triggers": [],
    "Execution Time": 387.127
  }
]