[
  {
    "Plan": {
      "Node Type": "Aggregate",
      "Strategy": "Plain",
      "Partial Mode": "Finalize",
      "Parallel Aware": false,
      "Startup Cost": 67268.93,
      "Total Cost": 67268.94,
      "Plan Rows": 1,
      "Plan Width": 8,
      "Actual Startup Time": 95.127,
      "Actual Total Time": 108.318,
      "Actual Rows": 1,
      "Actual Loops": 1,
      "Plans": [
        {
          "Node Type": "Gather",
          "Parent Relationship": "Outer",
          "Parallel Aware": false,
          "Startup Cost": 67268.51,
          "Total Cost": 67268.92,
          "Plan Rows": 4,
          "Plan Width": 8,
          "Actual Startup Time": 94.994,
          "Actual Total Time": 108.311,
          "Actual Rows": 5,
          "Actual Loops": 1,
          "Workers Planned": 4,
          "Workers Launched": 4,
          "Single Copy": false,
          "Plans": [
            {
              "Node Type": "Aggregate",
              "Strategy": "Plain",
              "Partial Mode": "Partial",
              "Parent Relationship": "Outer",
              "Parallel Aware": false,
              "Startup Cost": 66268.51,
              "Total Cost": 66268.52,
              "Plan Rows": 1,
              "Plan Width": 8,
              "Actual Startup Time": 88.053,
              "Actual Total Time": 88.055,
              "Actual Rows": 1,
              "Actual Loops": 5,
              "Plans": [
                {
                  "Node Type": "Nested Loop",
                  "Parent Relationship": "Outer",
                  "Parallel Aware": false,
                  "Join Type": "Inner",
                  "Startup Cost": 0.43,
                  "Total Cost": 66265.8,
                  "Plan Rows": 1084,
                  "Plan Width": 0,
                  "Actual Startup Time": 1.731,
                  "Actual Total Time": 87.874,
                  "Actual Rows": 1908,
                  "Actual Loops": 5,
                  "Inner Unique": false,
                  "Plans": [
                    {
                      "Node Type": "Seq Scan",
                      "Parent Relationship": "Outer",
                      "Parallel Aware": true,
                      "Relation Name": "title",
                      "Alias": "t",
                      "Startup Cost": 0.0,
                      "Total Cost": 45479.59,
                      "Plan Rows": 1636,
                      "Plan Width": 4,
                      "Actual Startup Time": 0.483,
                      "Actual Total Time": 71.575,
                      "Actual Rows": 1466,
                      "Actual Loops": 5,
                      "Filter": "((kind_id < 7) AND (production_year = 1984))",
                      "Rows Removed by Filter": 504197
                    },
                    {
                      "Node Type": "Index Scan",
                      "Parent Relationship": "Inner",
                      "Parallel Aware": false,
                      "Scan Direction": "Forward",
                      "Index Name": "movie_id_movie_companies",
                      "Relation Name": "movie_companies",
                      "Alias": "mc",
                      "Startup Cost": 0.43,
                      "Total Cost": 12.68,
                      "Plan Rows": 3,
                      "Plan Width": 4,
                      "Actual Startup Time": 0.01,
                      "Actual Total Time": 0.011,
                      "Actual Rows": 1,
                      "Actual Loops": 7329,
                      "Index Cond": "(movie_id = t.id)",
                      "Rows Removed by Index Recheck": 0,
                      "Filter": "(company_id > 3396)",
                      "Rows Removed by Filter": 1
                    }
                  ]
                }
              ]
            }
          ]
        }
      ]
    },
    "Planning Time": 0.655,
    "Triggers": [],
    "Execution Time": 108.385
  }
]