{
    "Plan": {
        "Node Type": "Aggregate",
        "Strategy": "Plain",
        "Partial Mode": "Finalize",
        "Parallel Aware": false,
        "Startup Cost": 390656.24,
        "Total Cost": 390656.25,
        "Plan Rows": 1,
        "Plan Width": 8,
        "Actual Startup Time": 675.3,
        "Actual Total Time": 726.195,
        "Actual Rows": 1,
        "Actual Loops": 1,
        "Output": [
            "count(*)"
        ],
        "Plans": [
            {
                "Node Type": "Gather",
                "Parent Relationship": "Outer",
                "Parallel Aware": false,
                "Startup Cost": 390655.62,
                "Total Cost": 390656.23,
                "Plan Rows": 6,
                "Plan Width": 8,
                "Actual Startup Time": 670.088,
                "Actual Total Time": 726.185,
                "Actual Rows": 7,
                "Actual Loops": 1,
                "Output": [
                    "(PARTIAL count(*))"
                ],
                "Workers Planned": 6,
                "Workers Launched": 6,
                "Single Copy": false,
                "Plans": [
                    {
                        "Node Type": "Aggregate",
                        "Strategy": "Plain",
                        "Partial Mode": "Partial",
                        "Parent Relationship": "Outer",
                        "Parallel Aware": false,
                        "Startup Cost": 389655.62,
                        "Total Cost": 389655.63,
                        "Plan Rows": 1,
                        "Plan Width": 8,
                        "Actual Startup Time": 660.266,
                        "Actual Total Time": 660.269,
                        "Actual Rows": 1,
                        "Actual Loops": 7,
                        "Output": [
                            "PARTIAL count(*)"
                        ],
                        "Workers": [
                            {
                                "Worker Number": 0,
                                "Actual Startup Time": 657.192,
                                "Actual Total Time": 657.194,
                                "Actual Rows": 1,
                                "Actual Loops": 1
                            },
                            {
                                "Worker Number": 1,
                                "Actual Startup Time": 657.795,
                                "Actual Total Time": 657.797,
                                "Actual Rows": 1,
                                "Actual Loops": 1
                            },
                            {
                                "Worker Number": 2,
                                "Actual Startup Time": 659.204,
                                "Actual Total Time": 659.206,
                                "Actual Rows": 1,
                                "Actual Loops": 1
                            },
                            {
                                "Worker Number": 3,
                                "Actual Startup Time": 659.85,
                                "Actual Total Time": 659.854,
                                "Actual Rows": 1,
                                "Actual Loops": 1
                            },
                            {
                                "Worker Number": 4,
                                "Actual Startup Time": 659.185,
                                "Actual Total Time": 659.187,
                                "Actual Rows": 1,
                                "Actual Loops": 1
                            },
                            {
                                "Worker Number": 5,
                                "Actual Startup Time": 659.305,
                                "Actual Total Time": 659.308,
                                "Actual Rows": 1,
                                "Actual Loops": 1
                            }
                        ],
                        "Plans": [
                            {
                                "Node Type": "Hash Join",
                                "Parent Relationship": "Outer",
                                "Parallel Aware": true,
                                "Join Type": "Inner",
                                "Startup Cost": 45996.98,
                                "Total Cost": 389587.05,
                                "Plan Rows": 27426,
                                "Plan Width": 0,
                                "Actual Startup Time": 410.498,
                                "Actual Total Time": 659.47,
                                "Actual Rows": 17334,
                                "Actual Loops": 7,
                                "Inner Unique": true,
                                "Hash Cond": "(ci.movie_id = t.id)",
                                "Workers": [
                                    {
                                        "Worker Number": 0,
                                        "Actual Startup Time": 407.513,
                                        "Actual Total Time": 656.325,
                                        "Actual Rows": 12128,
                                        "Actual Loops": 1
                                    },
                                    {
                                        "Worker Number": 1,
                                        "Actual Startup Time": 408.103,
                                        "Actual Total Time": 657.027,
                                        "Actual Rows": 17669,
                                        "Actual Loops": 1
                                    },
                                    {
                                        "Worker Number": 2,
                                        "Actual Startup Time": 409.534,
                                        "Actual Total Time": 658.414,
                                        "Actual Rows": 18354,
                                        "Actual Loops": 1
                                    },
                                    {
                                        "Worker Number": 3,
                                        "Actual Startup Time": 409.54,
                                        "Actual Total Time": 659.075,
                                        "Actual Rows": 17857,
                                        "Actual Loops": 1
                                    },
                                    {
                                        "Worker Number": 4,
                                        "Actual Startup Time": 409.508,
                                        "Actual Total Time": 658.369,
                                        "Actual Rows": 18872,
                                        "Actual Loops": 1
                                    },
                                    {
                                        "Worker Number": 5,
                                        "Actual Startup Time": 409.633,
                                        "Actual Total Time": 658.606,
                                        "Actual Rows": 15939,
                                        "Actual Loops": 1
                                    }
                                ],
                                "Plans": [
                                    {
                                        "Node Type": "Seq Scan",
                                        "Parent Relationship": "Outer",
                                        "Parallel Aware": true,
                                        "Relation Name": "cast_info",
                                        "Schema": "public",
                                        "Alias": "ci",
                                        "Startup Cost": 0.0,
                                        "Total Cost": 343318.94,
                                        "Plan Rows": 103288,
                                        "Plan Width": 4,
                                        "Actual Startup Time": 299.673,
                                        "Actual Total Time": 525.652,
                                        "Actual Rows": 57038,
                                        "Actual Loops": 7,
                                        "Output": [
                                            "ci.id",
                                            "ci.person_id",
                                            "ci.movie_id",
                                            "ci.person_role_id",
                                            "ci.note",
                                            "ci.nr_order",
                                            "ci.role_id"
                                        ],
                                        "Filter": "((ci.person_id < 142869) AND (ci.role_id > 2))",
                                        "Rows Removed by Filter": 5120725,
                                        "Workers": [
                                            {
                                                "Worker Number": 0,
                                                "Actual Startup Time": 299.657,
                                                "Actual Total Time": 527.622,
                                                "Actual Rows": 42561,
                                                "Actual Loops": 1
                                            },
                                            {
                                                "Worker Number": 1,
                                                "Actual Startup Time": 299.654,
                                                "Actual Total Time": 525.935,
                                                "Actual Rows": 60934,
                                                "Actual Loops": 1
                                            },
                                            {
                                                "Worker Number": 2,
                                                "Actual Startup Time": 299.677,
                                                "Actual Total Time": 526.144,
                                                "Actual Rows": 59159,
                                                "Actual Loops": 1
                                            },
                                            {
                                                "Worker Number": 3,
                                                "Actual Startup Time": 299.681,
                                                "Actual Total Time": 525.644,
                                                "Actual Rows": 60176,
                                                "Actual Loops": 1
                                            },
                                            {
                                                "Worker Number": 4,
                                                "Actual Startup Time": 299.679,
                                                "Actual Total Time": 526.082,
                                                "Actual Rows": 59842,
                                                "Actual Loops": 1
                                            },
                                            {
                                                "Worker Number": 5,
                                                "Actual Startup Time": 299.68,
                                                "Actual Total Time": 524.185,
                                                "Actual Rows": 49167,
                                                "Actual Loops": 1
                                            }
                                        ]
                                    },
                                    {
                                        "Node Type": "Hash",
                                        "Parent Relationship": "Inner",
                                        "Parallel Aware": true,
                                        "Startup Cost": 43899.01,
                                        "Total Cost": 43899.01,
                                        "Plan Rows": 167838,
                                        "Plan Width": 4,
                                        "Actual Startup Time": 107.925,
                                        "Actual Total Time": 107.926,
                                        "Actual Rows": 94689,
                                        "Actual Loops": 7,
                                        "Output": [
                                            "t.id"
                                        ],
                                        "Hash Buckets": 1048576,
                                        "Original Hash Buckets": 1048576,
                                        "Hash Batches": 1,
                                        "Original Hash Batches": 1,
                                        "Peak Memory Usage": 34240,
                                        "Workers": [
                                            {
                                                "Worker Number": 0,
                                                "Actual Startup Time": 107.161,
                                                "Actual Total Time": 107.162,
                                                "Actual Rows": 67558,
                                                "Actual Loops": 1
                                            },
                                            {
                                                "Worker Number": 1,
                                                "Actual Startup Time": 107.829,
                                                "Actual Total Time": 107.829,
                                                "Actual Rows": 99933,
                                                "Actual Loops": 1
                                            },
                                            {
                                                "Worker Number": 2,
                                                "Actual Startup Time": 109.255,
                                                "Actual Total Time": 109.256,
                                                "Actual Rows": 99663,
                                                "Actual Loops": 1
                                            },
                                            {
                                                "Worker Number": 3,
                                                "Actual Startup Time": 109.248,
                                                "Actual Total Time": 109.249,
                                                "Actual Rows": 99045,
                                                "Actual Loops": 1
                                            },
                                            {
                                                "Worker Number": 4,
                                                "Actual Startup Time": 109.237,
                                                "Actual Total Time": 109.238,
                                                "Actual Rows": 99755,
                                                "Actual Loops": 1
                                            },
                                            {
                                                "Worker Number": 5,
                                                "Actual Startup Time": 109.42,
                                                "Actual Total Time": 109.421,
                                                "Actual Rows": 79447,
                                                "Actual Loops": 1
                                            }
                                        ],
                                        "Plans": [
                                            {
                                                "Node Type": "Seq Scan",
                                                "Parent Relationship": "Outer",
                                                "Parallel Aware": true,
                                                "Relation Name": "title",
                                                "Schema": "public",
                                                "Alias": "t",
                                                "Startup Cost": 0.0,
                                                "Total Cost": 43899.01,
                                                "Plan Rows": 167838,
                                                "Plan Width": 4,
                                                "Actual Startup Time": 39.148,
                                                "Actual Total Time": 71.297,
                                                "Actual Rows": 94689,
                                                "Actual Loops": 7,
                                                "Output": [
                                                    "t.id"
                                                ],
                                                "Filter": "(t.kind_id = 1)",
                                                "Rows Removed by Filter": 266498,
                                                "Workers": [
                                                    {
                                                        "Worker Number": 0,
                                                        "Actual Startup Time": 44.85,
                                                        "Actual Total Time": 72.438,
                                                        "Actual Rows": 67558,
                                                        "Actual Loops": 1
                                                    },
                                                    {
                                                        "Worker Number": 1,
                                                        "Actual Startup Time": 44.682,
                                                        "Actual Total Time": 71.975,
                                                        "Actual Rows": 99933,
                                                        "Actual Loops": 1
                                                    },
                                                    {
                                                        "Worker Number": 2,
                                                        "Actual Startup Time": 44.805,
                                                        "Actual Total Time": 72.043,
                                                        "Actual Rows": 99663,
                                                        "Actual Loops": 1
                                                    },
                                                    {
                                                        "Worker Number": 3,
                                                        "Actual Startup Time": 44.755,
                                                        "Actual Total Time": 72.003,
                                                        "Actual Rows": 99045,
                                                        "Actual Loops": 1
                                                    },
                                                    {
                                                        "Worker Number": 4,
                                                        "Actual Startup Time": 5.368,
                                                        "Actual Total Time": 72.009,
                                                        "Actual Rows": 99755,
                                                        "Actual Loops": 1
                                                    },
                                                    {
                                                        "Worker Number": 5,
                                                        "Actual Startup Time": 44.749,
                                                        "Actual Total Time": 69.86,
                                                        "Actual Rows": 79447,
                                                        "Actual Loops": 1
                                                    }
                                                ]
                                            }
                                        ]
                                    }
                                ]
                            }
                        ]
                    }
                ]
            }
        ]
    },
    "Planning Time": 0.593,
    "Triggers": [],
    "Execution Time": 726.271
}