{
  "Plan": {
    "Node Type": "Aggregate",
    "Strategy": "Plain",
    "Partial Mode": "Finalize",
    "Parallel Aware": false,
    "Startup Cost": 124976.84,
    "Total Cost": 124976.85,
    "Plan Rows": 1,
    "Plan Width": 8,
    "Actual Startup Time": 579.598,
    "Actual Total Time": 593.88,
    "Actual Rows": 1,
    "Actual Loops": 1,
    "Plans": [
      {
        "Node Type": "Gather",
        "Parent Relationship": "Outer",
        "Parallel Aware": false,
        "Startup Cost": 124976.73,
        "Total Cost": 124976.84,
        "Plan Rows": 1,
        "Plan Width": 8,
        "Actual Startup Time": 578.789,
        "Actual Total Time": 593.873,
        "Actual Rows": 2,
        "Actual Loops": 1,
        "Workers Planned": 1,
        "Workers Launched": 1,
        "Single Copy": false,
        "Plans": [
          {
            "Node Type": "Aggregate",
            "Strategy": "Plain",
            "Partial Mode": "Partial",
            "Parent Relationship": "Outer",
            "Parallel Aware": false,
            "Startup Cost": 123976.73,
            "Total Cost": 123976.74,
            "Plan Rows": 1,
            "Plan Width": 8,
            "Actual Startup Time": 573.231,
            "Actual Total Time": 573.234,
            "Actual Rows": 1,
            "Actual Loops": 2,
            "Plans": [
              {
                "Node Type": "Hash Join",
                "Parent Relationship": "Outer",
                "Parallel Aware": true,
                "Join Type": "Inner",
                "Startup Cost": 60550.72,
                "Total Cost": 123388.16,
                "Plan Rows": 235428,
                "Plan Width": 0,
                "Actual Startup Time": 192.181,
                "Actual Total Time": 548.061,
                "Actual Rows": 648270,
                "Actual Loops": 2,
                "Inner Unique": true,
                "Hash Cond": "(mk.movie_id = t.id)",
                "Plans": [
                  {
                    "Node Type": "Seq Scan",
                    "Parent Relationship": "Outer",
                    "Parallel Aware": true,
                    "Relation Name": "movie_keyword",
                    "Alias": "mk",
                    "Startup Cost": 0.0,
                    "Total Cost": 57718.19,
                    "Plan Rows": 1950185,
                    "Plan Width": 4,
                    "Actual Startup Time": 0.014,
                    "Actual Total Time": 186.407,
                    "Actual Rows": 1654938,
                    "Actual Loops": 2,
                    "Filter": "(keyword_id < 15064)",
                    "Rows Removed by Filter": 607026
                  },
                  {
                    "Node Type": "Hash",
                    "Parent Relationship": "Inner",
                    "Parallel Aware": true,
                    "Startup Cost": 58306.47,
                    "Total Cost": 58306.47,
                    "Plan Rows": 179540,
                    "Plan Width": 4,
                    "Actual Startup Time": 186.728,
                    "Actual Total Time": 186.729,
                    "Actual Rows": 211109,
                    "Actual Loops": 2,
                    "Hash Buckets": 524288,
                    "Original Hash Buckets": 524288,
                    "Hash Batches": 1,
                    "Original Hash Batches": 1,
                    "Peak Memory Usage": 20640,
                    "Plans": [
                      {
                        "Node Type": "Seq Scan",
                        "Parent Relationship": "Outer",
                        "Parallel Aware": true,
                        "Relation Name": "title",
                        "Alias": "t",
                        "Startup Cost": 0.0,
                        "Total Cost": 58306.47,
                        "Plan Rows": 179540,
                        "Plan Width": 4,
                        "Actual Startup Time": 0.068,
                        "Actual Total Time": 141.542,
                        "Actual Rows": 211109,
                        "Actual Loops": 2,
                        "Filter": "((kind_id < 7) AND (production_year < 1994))",
                        "Rows Removed by Filter": 1053047
                      }
                    ]
                  }
                ]
              }
            ]
          }
        ]
      }
    ]
  },
  "Planning Time": 0.459,
  "Triggers": [],
  "Execution Time": 593.948
}