[
  {
    "Plan": {
      "Node Type": "Aggregate",
      "Strategy": "Plain",
      "Partial Mode": "Finalize",
      "Parallel Aware": false,
      "Startup Cost": 32615.19,
      "Total Cost": 32615.2,
      "Plan Rows": 1,
      "Plan Width": 8,
      "Actual Startup Time": 81.605,
      "Actual Total Time": 87.167,
      "Actual Rows": 1,
      "Actual Loops": 1,
      "Plans": [
        {
          "Node Type": "Gather",
          "Parent Relationship": "Outer",
          "Parallel Aware": false,
          "Startup Cost": 32614.87,
          "Total Cost": 32615.18,
          "Plan Rows": 3,
          "Plan Width": 8,
          "Actual Startup Time": 81.497,
          "Actual Total Time": 87.159,
          "Actual Rows": 4,
          "Actual Loops": 1,
          "Workers Planned": 3,
          "Workers Launched": 3,
          "Single Copy": false,
          "Plans": [
            {
              "Node Type": "Aggregate",
              "Strategy": "Plain",
              "Partial Mode": "Partial",
              "Parent Relationship": "Outer",
              "Parallel Aware": false,
              "Startup Cost": 31614.87,
              "Total Cost": 31614.88,
              "Plan Rows": 1,
              "Plan Width": 8,
              "Actual Startup Time": 73.286,
              "Actual Total Time": 73.287,
              "Actual Rows": 1,
              "Actual Loops": 4,
              "Plans": [
                {
                  "Node Type": "Seq Scan",
                  "Parent Relationship": "Outer",
                  "Parallel Aware": true,
                  "Relation Name": "movie_companies",
                  "Alias": "mc",
                  "Startup Cost": 0.0,
                  "Total Cost": 31414.82,
                  "Plan Rows": 80021,
                  "Plan Width": 0,
                  "Actual Startup Time": 46.309,
                  "Actual Total Time": 71.887,
                  "Actual Rows": 32933,
                  "Actual Loops": 4,
                  "Filter": "((company_id < 426) AND (company_type_id > 1))",
                  "Rows Removed by Filter": 619349
                }
              ]
            }
          ]
        }
      ]
    },
    "Planning Time": 0.201,
    "Triggers": [],
    "Execution Time": 87.22
  }
]