[
    {
        "Bao": {
            "Bao prediction": "NaN",
            "Bao recommended hint": "(no hint)"
        }
    },
    {
        "Plan": {
            "Node Type": "Aggregate",
            "Strategy": "Plain",
            "Partial Mode": "Finalize",
            "Parallel Aware": false,
            "Startup Cost": 207144.47,
            "Total Cost": 207144.48,
            "Plan Rows": 1,
            "Plan Width": 8,
            "Actual Startup Time": 314.257,
            "Actual Total Time": 326.068,
            "Actual Rows": 1,
            "Actual Loops": 1,
            "Output": [
                "count(*)"
            ],
            "Plans": [
                {
                    "Node Type": "Gather",
                    "Parent Relationship": "Outer",
                    "Parallel Aware": false,
                    "Startup Cost": 207143.84,
                    "Total Cost": 207144.45,
                    "Plan Rows": 6,
                    "Plan Width": 8,
                    "Actual Startup Time": 314.106,
                    "Actual Total Time": 326.06,
                    "Actual Rows": 7,
                    "Actual Loops": 1,
                    "Output": [
                        "(PARTIAL count(*))"
                    ],
                    "Workers Planned": 6,
                    "Workers Launched": 6,
                    "Single Copy": false,
                    "Plans": [
                        {
                            "Node Type": "Aggregate",
                            "Strategy": "Plain",
                            "Partial Mode": "Partial",
                            "Parent Relationship": "Outer",
                            "Parallel Aware": false,
                            "Startup Cost": 206143.84,
                            "Total Cost": 206143.85,
                            "Plan Rows": 1,
                            "Plan Width": 8,
                            "Actual Startup Time": 304.03,
                            "Actual Total Time": 304.031,
                            "Actual Rows": 1,
                            "Actual Loops": 7,
                            "Output": [
                                "PARTIAL count(*)"
                            ],
                            "Workers": [
                                {
                                    "Worker Number": 0,
                                    "Actual Startup Time": 301.611,
                                    "Actual Total Time": 301.612,
                                    "Actual Rows": 1,
                                    "Actual Loops": 1
                                },
                                {
                                    "Worker Number": 1,
                                    "Actual Startup Time": 301.773,
                                    "Actual Total Time": 301.775,
                                    "Actual Rows": 1,
                                    "Actual Loops": 1
                                },
                                {
                                    "Worker Number": 2,
                                    "Actual Startup Time": 302.314,
                                    "Actual Total Time": 302.315,
                                    "Actual Rows": 1,
                                    "Actual Loops": 1
                                },
                                {
                                    "Worker Number": 3,
                                    "Actual Startup Time": 302.554,
                                    "Actual Total Time": 302.555,
                                    "Actual Rows": 1,
                                    "Actual Loops": 1
                                },
                                {
                                    "Worker Number": 4,
                                    "Actual Startup Time": 303.084,
                                    "Actual Total Time": 303.085,
                                    "Actual Rows": 1,
                                    "Actual Loops": 1
                                },
                                {
                                    "Worker Number": 5,
                                    "Actual Startup Time": 303.141,
                                    "Actual Total Time": 303.142,
                                    "Actual Rows": 1,
                                    "Actual Loops": 1
                                }
                            ],
                            "Plans": [
                                {
                                    "Node Type": "Index Scan",
                                    "Parent Relationship": "Outer",
                                    "Parallel Aware": true,
                                    "Scan Direction": "Forward",
                                    "Index Name": "role_id_cast_info",
                                    "Relation Name": "cast_info",
                                    "Schema": "public",
                                    "Alias": "ci",
                                    "Startup Cost": 0.56,
                                    "Total Cost": 204547.44,
                                    "Plan Rows": 638561,
                                    "Plan Width": 0,
                                    "Actual Startup Time": 0.144,
                                    "Actual Total Time": 258.849,
                                    "Actual Rows": 843313,
                                    "Actual Loops": 7,
                                    "Output": [
                                        "id",
                                        "person_id",
                                        "movie_id",
                                        "person_role_id",
                                        "note",
                                        "nr_order",
                                        "role_id"
                                    ],
                                    "Index Cond": "(ci.role_id > 6)",
                                    "Rows Removed by Index Recheck": 0,
                                    "Filter": "(ci.person_id > 1776135)",
                                    "Rows Removed by Filter": 258492,
                                    "Workers": [
                                        {
                                            "Worker Number": 0,
                                            "Actual Startup Time": 0.122,
                                            "Actual Total Time": 254.822,
                                            "Actual Rows": 651183,
                                            "Actual Loops": 1
                                        },
                                        {
                                            "Worker Number": 1,
                                            "Actual Startup Time": 0.255,
                                            "Actual Total Time": 255.467,
                                            "Actual Rows": 644258,
                                            "Actual Loops": 1
                                        },
                                        {
                                            "Worker Number": 2,
                                            "Actual Startup Time": 0.163,
                                            "Actual Total Time": 259.479,
                                            "Actual Rows": 942540,
                                            "Actual Loops": 1
                                        },
                                        {
                                            "Worker Number": 3,
                                            "Actual Startup Time": 0.191,
                                            "Actual Total Time": 256.959,
                                            "Actual Rows": 633695,
                                            "Actual Loops": 1
                                        },
                                        {
                                            "Worker Number": 4,
                                            "Actual Startup Time": 0.123,
                                            "Actual Total Time": 258.629,
                                            "Actual Rows": 950219,
                                            "Actual Loops": 1
                                        },
                                        {
                                            "Worker Number": 5,
                                            "Actual Startup Time": 0.125,
                                            "Actual Total Time": 258.968,
                                            "Actual Rows": 946498,
                                            "Actual Loops": 1
                                        }
                                    ]
                                }
                            ]
                        }
                    ]
                }
            ]
        },
        "Planning Time": 181.994,
        "Triggers": [],
        "Execution Time": 326.118
    }
]