[
  {
    "Plan": {
      "Node Type": "Aggregate",
      "Strategy": "Plain",
      "Partial Mode": "Finalize",
      "Parallel Aware": false,
      "Startup Cost": 37375.54,
      "Total Cost": 37375.55,
      "Plan Rows": 1,
      "Plan Width": 8,
      "Actual Startup Time": 99.223,
      "Actual Total Time": 107.627,
      "Actual Rows": 1,
      "Actual Loops": 1,
      "Plans": [
        {
          "Node Type": "Gather",
          "Parent Relationship": "Outer",
          "Parallel Aware": false,
          "Startup Cost": 37375.23,
          "Total Cost": 37375.54,
          "Plan Rows": 3,
          "Plan Width": 8,
          "Actual Startup Time": 98.939,
          "Actual Total Time": 107.617,
          "Actual Rows": 4,
          "Actual Loops": 1,
          "Workers Planned": 3,
          "Workers Launched": 3,
          "Single Copy": false,
          "Plans": [
            {
              "Node Type": "Aggregate",
              "Strategy": "Plain",
              "Partial Mode": "Partial",
              "Parent Relationship": "Outer",
              "Parallel Aware": false,
              "Startup Cost": 36375.23,
              "Total Cost": 36375.24,
              "Plan Rows": 1,
              "Plan Width": 8,
              "Actual Startup Time": 95.649,
              "Actual Total Time": 95.65,
              "Actual Rows": 1,
              "Actual Loops": 4,
              "Plans": [
                {
                  "Node Type": "Bitmap Heap Scan",
                  "Parent Relationship": "Outer",
                  "Parallel Aware": true,
                  "Relation Name": "movie_keyword",
                  "Alias": "mk",
                  "Startup Cost": 9706.96,
                  "Total Cost": 36006.18,
                  "Plan Rows": 147618,
                  "Plan Width": 0,
                  "Actual Startup Time": 30.809,
                  "Actual Total Time": 89.792,
                  "Actual Rows": 113280,
                  "Actual Loops": 4,
                  "Recheck Cond": "(keyword_id > 39071)",
                  "Rows Removed by Index Recheck": 0,
                  "Exact Heap Blocks": 10014,
                  "Lossy Heap Blocks": 0,
                  "Plans": [
                    {
                      "Node Type": "Bitmap Index Scan",
                      "Parent Relationship": "Outer",
                      "Parallel Aware": false,
                      "Index Name": "keyword_id_movie_keyword",
                      "Startup Cost": 0.0,
                      "Total Cost": 9592.55,
                      "Plan Rows": 457616,
                      "Plan Width": 0,
                      "Actual Startup Time": 30.484,
                      "Actual Total Time": 30.485,
                      "Actual Rows": 453120,
                      "Actual Loops": 1,
                      "Index Cond": "(keyword_id > 39071)"
                    }
                  ]
                }
              ]
            }
          ]
        }
      ]
    },
    "Planning Time": 0.081,
    "Triggers": [],
    "Execution Time": 107.662
  }
]