[
  {
    "Plan": {
      "Node Type": "Aggregate",
      "Strategy": "Plain",
      "Partial Mode": "Finalize",
      "Parallel Aware": false,
      "Startup Cost": 292596.71,
      "Total Cost": 292596.72,
      "Plan Rows": 1,
      "Plan Width": 8,
      "Actual Startup Time": 1234.668,
      "Actual Total Time": 1286.487,
      "Actual Rows": 1,
      "Actual Loops": 1,
      "Plans": [
        {
          "Node Type": "Gather",
          "Parent Relationship": "Outer",
          "Parallel Aware": false,
          "Startup Cost": 292596.19,
          "Total Cost": 292596.7,
          "Plan Rows": 5,
          "Plan Width": 8,
          "Actual Startup Time": 1220.996,
          "Actual Total Time": 1286.474,
          "Actual Rows": 6,
          "Actual Loops": 1,
          "Workers Planned": 5,
          "Workers Launched": 5,
          "Single Copy": false,
          "Plans": [
            {
              "Node Type": "Aggregate",
              "Strategy": "Plain",
              "Partial Mode": "Partial",
              "Parent Relationship": "Outer",
              "Parallel Aware": false,
              "Startup Cost": 291596.19,
              "Total Cost": 291596.2,
              "Plan Rows": 1,
              "Plan Width": 8,
              "Actual Startup Time": 1214.099,
              "Actual Total Time": 1214.472,
              "Actual Rows": 1,
              "Actual Loops": 6,
              "Plans": [
                {
                  "Node Type": "Hash Join",
                  "Parent Relationship": "Outer",
                  "Parallel Aware": true,
                  "Join Type": "Inner",
                  "Startup Cost": 81839.39,
                  "Total Cost": 290598.7,
                  "Plan Rows": 398998,
                  "Plan Width": 0,
                  "Actual Startup Time": 366.113,
                  "Actual Total Time": 1154.685,
                  "Actual Rows": 1289926,
                  "Actual Loops": 6,
                  "Inner Unique": false,
                  "Hash Cond": "(mi.movie_id = t.id)",
                  "Plans": [
                    {
                      "Node Type": "Seq Scan",
                      "Parent Relationship": "Outer",
                      "Parallel Aware": true,
                      "Relation Name": "movie_info",
                      "Alias": "mi",
                      "Startup Cost": 0.0,
                      "Total Cost": 199108.24,
                      "Plan Rows": 2230394,
                      "Plan Width": 4,
                      "Actual Startup Time": 0.063,
                      "Actual Total Time": 373.485,
                      "Actual Rows": 1868457,
                      "Actual Loops": 6,
                      "Filter": "(info_type_id > 3)",
                      "Rows Removed by Filter": 604163
                    },
                    {
                      "Node Type": "Hash",
                      "Parent Relationship": "Inner",
                      "Parallel Aware": true,
                      "Startup Cost": 80015.55,
                      "Total Cost": 80015.55,
                      "Plan Rows": 145907,
                      "Plan Width": 8,
                      "Actual Startup Time": 363.685,
                      "Actual Total Time": 364.056,
                      "Actual Rows": 104118,
                      "Actual Loops": 6,
                      "Hash Buckets": 1048576,
                      "Original Hash Buckets": 524288,
                      "Hash Batches": 1,
                      "Original Hash Batches": 1,
                      "Peak Memory Usage": 36800,
                      "Plans": [
                        {
                          "Node Type": "Hash Join",
                          "Parent Relationship": "Outer",
                          "Parallel Aware": true,
                          "Join Type": "Inner",
                          "Startup Cost": 47831.02,
                          "Total Cost": 80015.55,
                          "Plan Rows": 145907,
                          "Plan Width": 8,
                          "Actual Startup Time": 209.64,
                          "Actual Total Time": 306.307,
                          "Actual Rows": 104118,
                          "Actual Loops": 6,
                          "Inner Unique": true,
                          "Hash Cond": "(mc.movie_id = t.id)",
                          "Plans": [
                            {
                              "Node Type": "Seq Scan",
                              "Parent Relationship": "Outer",
                              "Parallel Aware": true,
                              "Relation Name": "movie_companies",
                              "Alias": "mc",
                              "Startup Cost": 0.0,
                              "Total Cost": 31414.82,
                              "Plan Rows": 293223,
                              "Plan Width": 4,
                              "Actual Startup Time": 25.472,
                              "Actual Total Time": 57.041,
                              "Actual Rows": 181957,
                              "Actual Loops": 6,
                              "Filter": "((company_id > 2065) AND (company_type_id = 2))",
                              "Rows Removed by Filter": 252898
                            },
                            {
                              "Node Type": "Hash",
                              "Parent Relationship": "Inner",
                              "Parallel Aware": true,
                              "Startup Cost": 43899.32,
                              "Total Cost": 43899.32,
                              "Plan Rows": 314536,
                              "Plan Width": 4,
                              "Actual Startup Time": 181.729,
                              "Actual Total Time": 181.731,
                              "Actual Rows": 210617,
                              "Actual Loops": 6,
                              "Hash Buckets": 2097152,
                              "Original Hash Buckets": 2097152,
                              "Hash Batches": 1,
                              "Original Hash Batches": 1,
                              "Peak Memory Usage": 65920,
                              "Plans": [
                                {
                                  "Node Type": "Seq Scan",
                                  "Parent Relationship": "Outer",
                                  "Parallel Aware": true,
                                  "Relation Name": "title",
                                  "Alias": "t",
                                  "Startup Cost": 0.0,
                                  "Total Cost": 43899.32,
                                  "Plan Rows": 314536,
                                  "Plan Width": 4,
                                  "Actual Startup Time": 0.04,
                                  "Actual Total Time": 86.267,
                                  "Actual Rows": 210617,
                                  "Actual Loops": 6,
                                  "Filter": "(production_year < 2004)",
                                  "Rows Removed by Filter": 210769
                                }
                              ]
                            }
                          ]
                        }
                      ]
                    }
                  ]
                }
              ]
            }
          ]
        }
      ]
    },
    "Planning Time": 1.009,
    "Triggers": [],
    "Execution Time": 1286.547
  }
]