[
  {
    "Plan": {
      "Node Type": "Aggregate",
      "Strategy": "Plain",
      "Partial Mode": "Finalize",
      "Parallel Aware": false,
      "Startup Cost": 292384.61,
      "Total Cost": 292384.62,
      "Plan Rows": 1,
      "Plan Width": 8,
      "Actual Startup Time": 1116.79,
      "Actual Total Time": 1161.739,
      "Actual Rows": 1,
      "Actual Loops": 1,
      "Plans": [
        {
          "Node Type": "Gather",
          "Parent Relationship": "Outer",
          "Parallel Aware": false,
          "Startup Cost": 292384.08,
          "Total Cost": 292384.59,
          "Plan Rows": 5,
          "Plan Width": 8,
          "Actual Startup Time": 1105.647,
          "Actual Total Time": 1161.73,
          "Actual Rows": 6,
          "Actual Loops": 1,
          "Workers Planned": 5,
          "Workers Launched": 5,
          "Single Copy": false,
          "Plans": [
            {
              "Node Type": "Aggregate",
              "Strategy": "Plain",
              "Partial Mode": "Partial",
              "Parent Relationship": "Outer",
              "Parallel Aware": false,
              "Startup Cost": 291384.08,
              "Total Cost": 291384.09,
              "Plan Rows": 1,
              "Plan Width": 8,
              "Actual Startup Time": 1094.435,
              "Actual Total Time": 1094.44,
              "Actual Rows": 1,
              "Actual Loops": 6,
              "Plans": [
                {
                  "Node Type": "Hash Join",
                  "Parent Relationship": "Outer",
                  "Parallel Aware": true,
                  "Join Type": "Inner",
                  "Startup Cost": 81780.48,
                  "Total Cost": 290398.35,
                  "Plan Rows": 394294,
                  "Plan Width": 0,
                  "Actual Startup Time": 345.19,
                  "Actual Total Time": 1040.849,
                  "Actual Rows": 1289926,
                  "Actual Loops": 6,
                  "Inner Unique": false,
                  "Hash Cond": "(mi.movie_id = t.id)",
                  "Plans": [
                    {
                      "Node Type": "Seq Scan",
                      "Parent Relationship": "Outer",
                      "Parallel Aware": true,
                      "Relation Name": "movie_info",
                      "Alias": "mi",
                      "Startup Cost": 0.0,
                      "Total Cost": 198952.16,
                      "Plan Rows": 2238345,
                      "Plan Width": 4,
                      "Actual Startup Time": 0.023,
                      "Actual Total Time": 324.373,
                      "Actual Rows": 1868457,
                      "Actual Loops": 6,
                      "Filter": "(info_type_id > 3)",
                      "Rows Removed by Filter": 604163
                    },
                    {
                      "Node Type": "Hash",
                      "Parent Relationship": "Inner",
                      "Parallel Aware": true,
                      "Startup Cost": 79984.65,
                      "Total Cost": 79984.65,
                      "Plan Rows": 143667,
                      "Plan Width": 8,
                      "Actual Startup Time": 341.663,
                      "Actual Total Time": 341.667,
                      "Actual Rows": 104118,
                      "Actual Loops": 6,
                      "Hash Buckets": 1048576,
                      "Original Hash Buckets": 524288,
                      "Hash Batches": 1,
                      "Original Hash Batches": 1,
                      "Peak Memory Usage": 36832,
                      "Plans": [
                        {
                          "Node Type": "Hash Join",
                          "Parent Relationship": "Outer",
                          "Parallel Aware": true,
                          "Join Type": "Inner",
                          "Startup Cost": 47807.49,
                          "Total Cost": 79984.65,
                          "Plan Rows": 143667,
                          "Plan Width": 8,
                          "Actual Startup Time": 210.139,
                          "Actual Total Time": 295.401,
                          "Actual Rows": 104118,
                          "Actual Loops": 6,
                          "Inner Unique": true,
                          "Hash Cond": "(mc.movie_id = t.id)",
                          "Plans": [
                            {
                              "Node Type": "Seq Scan",
                              "Parent Relationship": "Outer",
                              "Parallel Aware": true,
                              "Relation Name": "movie_companies",
                              "Alias": "mc",
                              "Startup Cost": 0.0,
                              "Total Cost": 31414.82,
                              "Plan Rows": 290414,
                              "Plan Width": 4,
                              "Actual Startup Time": 22.715,
                              "Actual Total Time": 49.75,
                              "Actual Rows": 181957,
                              "Actual Loops": 6,
                              "Filter": "((company_id > 2065) AND (company_type_id = 2))",
                              "Rows Removed by Filter": 252898
                            },
                            {
                              "Node Type": "Hash",
                              "Parent Relationship": "Inner",
                              "Parallel Aware": true,
                              "Startup Cost": 43898.92,
                              "Total Cost": 43898.92,
                              "Plan Rows": 312686,
                              "Plan Width": 4,
                              "Actual Startup Time": 183.698,
                              "Actual Total Time": 183.699,
                              "Actual Rows": 210617,
                              "Actual Loops": 6,
                              "Hash Buckets": 2097152,
                              "Original Hash Buckets": 2097152,
                              "Hash Batches": 1,
                              "Original Hash Batches": 1,
                              "Peak Memory Usage": 65920,
                              "Plans": [
                                {
                                  "Node Type": "Seq Scan",
                                  "Parent Relationship": "Outer",
                                  "Parallel Aware": true,
                                  "Relation Name": "title",
                                  "Alias": "t",
                                  "Startup Cost": 0.0,
                                  "Total Cost": 43898.92,
                                  "Plan Rows": 312686,
                                  "Plan Width": 4,
                                  "Actual Startup Time": 0.043,
                                  "Actual Total Time": 82.04,
                                  "Actual Rows": 210617,
                                  "Actual Loops": 6,
                                  "Filter": "(production_year < 2004)",
                                  "Rows Removed by Filter": 210769
                                }
                              ]
                            }
                          ]
                        }
                      ]
                    }
                  ]
                }
              ]
            }
          ]
        }
      ]
    },
    "Planning Time": 1.502,
    "Triggers": [],
    "Execution Time": 1161.834
  }
]