[
    {
        "Bao": {
            "Bao prediction": "NaN",
            "Bao recommended hint": "(no hint)"
        }
    },
    {
        "Plan": {
            "Node Type": "Aggregate",
            "Strategy": "Plain",
            "Partial Mode": "Finalize",
            "Parallel Aware": false,
            "Startup Cost": 32824.77,
            "Total Cost": 32824.78,
            "Plan Rows": 1,
            "Plan Width": 8,
            "Actual Startup Time": 92.25,
            "Actual Total Time": 97.796,
            "Actual Rows": 1,
            "Actual Loops": 1,
            "Output": [
                "count(*)"
            ],
            "Plans": [
                {
                    "Node Type": "Gather",
                    "Parent Relationship": "Outer",
                    "Parallel Aware": false,
                    "Startup Cost": 32824.46,
                    "Total Cost": 32824.77,
                    "Plan Rows": 3,
                    "Plan Width": 8,
                    "Actual Startup Time": 92.192,
                    "Actual Total Time": 97.791,
                    "Actual Rows": 4,
                    "Actual Loops": 1,
                    "Output": [
                        "(PARTIAL count(*))"
                    ],
                    "Workers Planned": 3,
                    "Workers Launched": 3,
                    "Single Copy": false,
                    "Plans": [
                        {
                            "Node Type": "Aggregate",
                            "Strategy": "Plain",
                            "Partial Mode": "Partial",
                            "Parent Relationship": "Outer",
                            "Parallel Aware": false,
                            "Startup Cost": 31824.46,
                            "Total Cost": 31824.47,
                            "Plan Rows": 1,
                            "Plan Width": 8,
                            "Actual Startup Time": 84.023,
                            "Actual Total Time": 84.024,
                            "Actual Rows": 1,
                            "Actual Loops": 4,
                            "Output": [
                                "PARTIAL count(*)"
                            ],
                            "Workers": [
                                {
                                    "Worker Number": 0,
                                    "Actual Startup Time": 81.216,
                                    "Actual Total Time": 81.216,
                                    "Actual Rows": 1,
                                    "Actual Loops": 1
                                },
                                {
                                    "Worker Number": 1,
                                    "Actual Startup Time": 81.277,
                                    "Actual Total Time": 81.278,
                                    "Actual Rows": 1,
                                    "Actual Loops": 1
                                },
                                {
                                    "Worker Number": 2,
                                    "Actual Startup Time": 81.746,
                                    "Actual Total Time": 81.746,
                                    "Actual Rows": 1,
                                    "Actual Loops": 1
                                }
                            ],
                            "Plans": [
                                {
                                    "Node Type": "Seq Scan",
                                    "Parent Relationship": "Outer",
                                    "Parallel Aware": true,
                                    "Relation Name": "movie_companies",
                                    "Schema": "public",
                                    "Alias": "mc",
                                    "Startup Cost": 0.0,
                                    "Total Cost": 31414.82,
                                    "Plan Rows": 163855,
                                    "Plan Width": 0,
                                    "Actual Startup Time": 43.304,
                                    "Actual Total Time": 75.614,
                                    "Actual Rows": 204218,
                                    "Actual Loops": 4,
                                    "Output": [
                                        "id",
                                        "movie_id",
                                        "company_id",
                                        "company_type_id",
                                        "note"
                                    ],
                                    "Filter": "((mc.company_id > 16754) AND (mc.company_type_id > 1))",
                                    "Rows Removed by Filter": 448064,
                                    "Workers": [
                                        {
                                            "Worker Number": 0,
                                            "Actual Startup Time": 40.502,
                                            "Actual Total Time": 73.272,
                                            "Actual Rows": 195500,
                                            "Actual Loops": 1
                                        },
                                        {
                                            "Worker Number": 1,
                                            "Actual Startup Time": 40.524,
                                            "Actual Total Time": 73.17,
                                            "Actual Rows": 197307,
                                            "Actual Loops": 1
                                        },
                                        {
                                            "Worker Number": 2,
                                            "Actual Startup Time": 41.044,
                                            "Actual Total Time": 73.83,
                                            "Actual Rows": 195110,
                                            "Actual Loops": 1
                                        }
                                    ]
                                }
                            ]
                        }
                    ]
                }
            ]
        },
        "Planning Time": 198.073,
        "Triggers": [],
        "Execution Time": 97.85
    }
]