[
  {
    "Plan": {
      "Node Type": "Aggregate",
      "Strategy": "Plain",
      "Partial Mode": "Finalize",
      "Parallel Aware": false,
      "Startup Cost": 123562.79,
      "Total Cost": 123562.8,
      "Plan Rows": 1,
      "Plan Width": 8,
      "Actual Startup Time": 165.149,
      "Actual Total Time": 176.605,
      "Actual Rows": 1,
      "Actual Loops": 1,
      "Plans": [
        {
          "Node Type": "Gather",
          "Parent Relationship": "Outer",
          "Parallel Aware": false,
          "Startup Cost": 123562.68,
          "Total Cost": 123562.79,
          "Plan Rows": 1,
          "Plan Width": 8,
          "Actual Startup Time": 164.917,
          "Actual Total Time": 176.594,
          "Actual Rows": 2,
          "Actual Loops": 1,
          "Workers Planned": 1,
          "Workers Launched": 1,
          "Single Copy": false,
          "Plans": [
            {
              "Node Type": "Aggregate",
              "Strategy": "Plain",
              "Partial Mode": "Partial",
              "Parent Relationship": "Outer",
              "Parallel Aware": false,
              "Startup Cost": 122562.68,
              "Total Cost": 122562.69,
              "Plan Rows": 1,
              "Plan Width": 8,
              "Actual Startup Time": 158.907,
              "Actual Total Time": 158.91,
              "Actual Rows": 1,
              "Actual Loops": 2,
              "Plans": [
                {
                  "Node Type": "Hash Join",
                  "Parent Relationship": "Outer",
                  "Parallel Aware": true,
                  "Join Type": "Inner",
                  "Startup Cost": 45643.21,
                  "Total Cost": 122561.49,
                  "Plan Rows": 475,
                  "Plan Width": 0,
                  "Actual Startup Time": 151.912,
                  "Actual Total Time": 158.884,
                  "Actual Rows": 354,
                  "Actual Loops": 2,
                  "Inner Unique": true,
                  "Hash Cond": "(ci.movie_id = t.id)",
                  "Plans": [
                    {
                      "Node Type": "Index Scan",
                      "Parent Relationship": "Outer",
                      "Parallel Aware": true,
                      "Scan Direction": "Forward",
                      "Index Name": "person_id_cast_info",
                      "Relation Name": "cast_info",
                      "Alias": "ci",
                      "Startup Cost": 0.56,
                      "Total Cost": 76858.59,
                      "Plan Rows": 22954,
                      "Plan Width": 4,
                      "Actual Startup Time": 0.098,
                      "Actual Total Time": 3.417,
                      "Actual Rows": 17478,
                      "Actual Loops": 2,
                      "Index Cond": "(person_id < 4724)",
                      "Rows Removed by Index Recheck": 0
                    },
                    {
                      "Node Type": "Hash",
                      "Parent Relationship": "Inner",
                      "Parallel Aware": true,
                      "Startup Cost": 45479.1,
                      "Total Cost": 45479.1,
                      "Plan Rows": 13084,
                      "Plan Width": 4,
                      "Actual Startup Time": 150.339,
                      "Actual Total Time": 150.34,
                      "Actual Rows": 28455,
                      "Actual Loops": 2,
                      "Hash Buckets": 65536,
                      "Original Hash Buckets": 65536,
                      "Hash Batches": 1,
                      "Original Hash Batches": 1,
                      "Peak Memory Usage": 2784,
                      "Plans": [
                        {
                          "Node Type": "Seq Scan",
                          "Parent Relationship": "Outer",
                          "Parallel Aware": true,
                          "Relation Name": "title",
                          "Alias": "t",
                          "Startup Cost": 0.0,
                          "Total Cost": 45479.1,
                          "Plan Rows": 13084,
                          "Plan Width": 4,
                          "Actual Startup Time": 0.038,
                          "Actual Total Time": 142.178,
                          "Actual Rows": 28455,
                          "Actual Loops": 2,
                          "Filter": "((kind_id > 4) AND (production_year = 2004))",
                          "Rows Removed by Filter": 1235701
                        }
                      ]
                    }
                  ]
                }
              ]
            }
          ]
        }
      ]
    },
    "Planning Time": 0.608,
    "Triggers": [],
    "Execution Time": 176.675
  }
]