[
  {
    "Plan": {
      "Node Type": "Aggregate",
      "Strategy": "Plain",
      "Partial Mode": "Finalize",
      "Parallel Aware": false,
      "Startup Cost": 333608.62,
      "Total Cost": 333608.63,
      "Plan Rows": 1,
      "Plan Width": 8,
      "Actual Startup Time": 5351.758,
      "Actual Total Time": 5416.769,
      "Actual Rows": 1,
      "Actual Loops": 1,
      "Plans": [
        {
          "Node Type": "Gather",
          "Parent Relationship": "Outer",
          "Parallel Aware": false,
          "Startup Cost": 333608.1,
          "Total Cost": 333608.61,
          "Plan Rows": 5,
          "Plan Width": 8,
          "Actual Startup Time": 5338.91,
          "Actual Total Time": 5416.759,
          "Actual Rows": 6,
          "Actual Loops": 1,
          "Workers Planned": 5,
          "Workers Launched": 5,
          "Single Copy": false,
          "Plans": [
            {
              "Node Type": "Aggregate",
              "Strategy": "Plain",
              "Partial Mode": "Partial",
              "Parent Relationship": "Outer",
              "Parallel Aware": false,
              "Startup Cost": 332608.1,
              "Total Cost": 332608.11,
              "Plan Rows": 1,
              "Plan Width": 8,
              "Actual Startup Time": 5312.769,
              "Actual Total Time": 5312.778,
              "Actual Rows": 1,
              "Actual Loops": 6,
              "Plans": [
                {
                  "Node Type": "Hash Join",
                  "Parent Relationship": "Outer",
                  "Parallel Aware": true,
                  "Join Type": "Inner",
                  "Startup Cost": 108840.85,
                  "Total Cost": 323462.01,
                  "Plan Rows": 3658436,
                  "Plan Width": 0,
                  "Actual Startup Time": 695.656,
                  "Actual Total Time": 3945.234,
                  "Actual Rows": 32683638,
                  "Actual Loops": 6,
                  "Inner Unique": false,
                  "Hash Cond": "(mi.movie_id = t.id)",
                  "Plans": [
                    {
                      "Node Type": "Seq Scan",
                      "Parent Relationship": "Outer",
                      "Parallel Aware": true,
                      "Relation Name": "movie_info",
                      "Alias": "mi",
                      "Startup Cost": 0.0,
                      "Total Cost": 191685.19,
                      "Plan Rows": 2969219,
                      "Plan Width": 4,
                      "Actual Startup Time": 0.034,
                      "Actual Total Time": 347.013,
                      "Actual Rows": 2472620,
                      "Actual Loops": 6
                    },
                    {
                      "Node Type": "Hash",
                      "Parent Relationship": "Inner",
                      "Parallel Aware": true,
                      "Startup Cost": 96279.07,
                      "Total Cost": 96279.07,
                      "Plan Rows": 1004942,
                      "Plan Width": 8,
                      "Actual Startup Time": 687.187,
                      "Actual Total Time": 687.193,
                      "Actual Rows": 588163,
                      "Actual Loops": 6,
                      "Hash Buckets": 4194304,
                      "Original Hash Buckets": 4194304,
                      "Hash Batches": 1,
                      "Original Hash Batches": 1,
                      "Peak Memory Usage": 170912,
                      "Plans": [
                        {
                          "Node Type": "Hash Join",
                          "Parent Relationship": "Outer",
                          "Parallel Aware": true,
                          "Join Type": "Inner",
                          "Startup Cost": 50354.42,
                          "Total Cost": 96279.07,
                          "Plan Rows": 1004942,
                          "Plan Width": 8,
                          "Actual Startup Time": 291.421,
                          "Actual Total Time": 503.643,
                          "Actual Rows": 588163,
                          "Actual Loops": 6,
                          "Inner Unique": true,
                          "Hash Cond": "(mk.movie_id = t.id)",
                          "Plans": [
                            {
                              "Node Type": "Seq Scan",
                              "Parent Relationship": "Outer",
                              "Parallel Aware": true,
                              "Relation Name": "movie_keyword",
                              "Alias": "mk",
                              "Startup Cost": 0.0,
                              "Total Cost": 42695.65,
                              "Plan Rows": 1230094,
                              "Plan Width": 4,
                              "Actual Startup Time": 0.06,
                              "Actual Total Time": 93.464,
                              "Actual Rows": 634680,
                              "Actual Loops": 6,
                              "Filter": "(keyword_id > 613)",
                              "Rows Removed by Filter": 119308
                            },
                            {
                              "Node Type": "Hash",
                              "Parent Relationship": "Inner",
                              "Parallel Aware": true,
                              "Startup Cost": 43899.32,
                              "Total Cost": 43899.32,
                              "Plan Rows": 516408,
                              "Plan Width": 4,
                              "Actual Startup Time": 287.838,
                              "Actual Total Time": 287.84,
                              "Actual Rows": 344092,
                              "Actual Loops": 6,
                              "Hash Buckets": 2097152,
                              "Original Hash Buckets": 2097152,
                              "Hash Batches": 1,
                              "Original Hash Batches": 1,
                              "Peak Memory Usage": 97216,
                              "Plans": [
                                {
                                  "Node Type": "Seq Scan",
                                  "Parent Relationship": "Outer",
                                  "Parallel Aware": true,
                                  "Relation Name": "title",
                                  "Alias": "t",
                                  "Startup Cost": 0.0,
                                  "Total Cost": 43899.32,
                                  "Plan Rows": 516408,
                                  "Plan Width": 4,
                                  "Actual Startup Time": 0.068,
                                  "Actual Total Time": 105.245,
                                  "Actual Rows": 344092,
                                  "Actual Loops": 6,
                                  "Filter": "(production_year < 2011)",
                                  "Rows Removed by Filter": 77293
                                }
                              ]
                            }
                          ]
                        }
                      ]
                    }
                  ]
                }
              ]
            }
          ]
        }
      ]
    },
    "Planning Time": 0.459,
    "Triggers": [],
    "Execution Time": 5416.827
  }
]