{
  "Plan": {
    "Node Type": "Aggregate",
    "Strategy": "Plain",
    "Partial Mode": "Finalize",
    "Parallel Aware": false,
    "Startup Cost": 98946.28,
    "Total Cost": 98946.29,
    "Plan Rows": 1,
    "Plan Width": 8,
    "Actual Startup Time": 540.76,
    "Actual Total Time": 556.533,
    "Actual Rows": 1,
    "Actual Loops": 1,
    "Plans": [
      {
        "Node Type": "Gather",
        "Parent Relationship": "Outer",
        "Parallel Aware": false,
        "Startup Cost": 98946.16,
        "Total Cost": 98946.27,
        "Plan Rows": 1,
        "Plan Width": 8,
        "Actual Startup Time": 539.471,
        "Actual Total Time": 556.523,
        "Actual Rows": 2,
        "Actual Loops": 1,
        "Workers Planned": 1,
        "Workers Launched": 1,
        "Single Copy": false,
        "Plans": [
          {
            "Node Type": "Aggregate",
            "Strategy": "Plain",
            "Partial Mode": "Partial",
            "Parent Relationship": "Outer",
            "Parallel Aware": false,
            "Startup Cost": 97946.16,
            "Total Cost": 97946.17,
            "Plan Rows": 1,
            "Plan Width": 8,
            "Actual Startup Time": 535.011,
            "Actual Total Time": 535.015,
            "Actual Rows": 1,
            "Actual Loops": 2,
            "Plans": [
              {
                "Node Type": "Hash Join",
                "Parent Relationship": "Outer",
                "Parallel Aware": true,
                "Join Type": "Inner",
                "Startup Cost": 35513.87,
                "Total Cost": 97270.1,
                "Plan Rows": 270424,
                "Plan Width": 0,
                "Actual Startup Time": 148.562,
                "Actual Total Time": 525.911,
                "Actual Rows": 226882,
                "Actual Loops": 2,
                "Inner Unique": false,
                "Hash Cond": "(t.id = mc.movie_id)",
                "Plans": [
                  {
                    "Node Type": "Seq Scan",
                    "Parent Relationship": "Outer",
                    "Parallel Aware": true,
                    "Relation Name": "title",
                    "Alias": "t",
                    "Startup Cost": 0.0,
                    "Total Cost": 50870.31,
                    "Plan Rows": 1487231,
                    "Plan Width": 4,
                    "Actual Startup Time": 0.01,
                    "Actual Total Time": 116.449,
                    "Actual Rows": 1264156,
                    "Actual Loops": 2
                  },
                  {
                    "Node Type": "Hash",
                    "Parent Relationship": "Inner",
                    "Parallel Aware": true,
                    "Startup Cost": 32133.57,
                    "Total Cost": 32133.57,
                    "Plan Rows": 270424,
                    "Plan Width": 4,
                    "Actual Startup Time": 143.316,
                    "Actual Total Time": 143.317,
                    "Actual Rows": 226882,
                    "Actual Loops": 2,
                    "Hash Buckets": 524288,
                    "Original Hash Buckets": 524288,
                    "Hash Batches": 1,
                    "Original Hash Batches": 1,
                    "Peak Memory Usage": 21888,
                    "Plans": [
                      {
                        "Node Type": "Bitmap Heap Scan",
                        "Parent Relationship": "Outer",
                        "Parallel Aware": true,
                        "Relation Name": "movie_companies",
                        "Alias": "mc",
                        "Startup Cost": 9963.27,
                        "Total Cost": 32133.57,
                        "Plan Rows": 270424,
                        "Plan Width": 4,
                        "Actual Startup Time": 34.583,
                        "Actual Total Time": 94.995,
                        "Actual Rows": 226882,
                        "Actual Loops": 2,
                        "Recheck Cond": "(company_id < 381)",
                        "Rows Removed by Index Recheck": 0,
                        "Exact Heap Blocks": 11241,
                        "Lossy Heap Blocks": 0,
                        "Plans": [
                          {
                            "Node Type": "Bitmap Index Scan",
                            "Parent Relationship": "Outer",
                            "Parallel Aware": false,
                            "Index Name": "company_id_movie_companies",
                            "Startup Cost": 0.0,
                            "Total Cost": 9848.34,
                            "Plan Rows": 459721,
                            "Plan Width": 0,
                            "Actual Startup Time": 31.627,
                            "Actual Total Time": 31.628,
                            "Actual Rows": 453765,
                            "Actual Loops": 1,
                            "Index Cond": "(company_id < 381)"
                          }
                        ]
                      }
                    ]
                  }
                ]
              }
            ]
          }
        ]
      }
    ]
  },
  "Planning Time": 0.661,
  "Triggers": [],
  "Execution Time": 556.625
}