[
  {
    "Plan": {
      "Node Type": "Aggregate",
      "Strategy": "Plain",
      "Partial Mode": "Finalize",
      "Parallel Aware": false,
      "Startup Cost": 283866.99,
      "Total Cost": 283867.0,
      "Plan Rows": 1,
      "Plan Width": 8,
      "Actual Startup Time": 566.859,
      "Actual Total Time": 583.551,
      "Actual Rows": 1,
      "Actual Loops": 1,
      "Plans": [
        {
          "Node Type": "Gather",
          "Parent Relationship": "Outer",
          "Parallel Aware": false,
          "Startup Cost": 283866.67,
          "Total Cost": 283866.98,
          "Plan Rows": 3,
          "Plan Width": 8,
          "Actual Startup Time": 562.23,
          "Actual Total Time": 583.539,
          "Actual Rows": 4,
          "Actual Loops": 1,
          "Workers Planned": 3,
          "Workers Launched": 3,
          "Single Copy": false,
          "Plans": [
            {
              "Node Type": "Aggregate",
              "Strategy": "Plain",
              "Partial Mode": "Partial",
              "Parent Relationship": "Outer",
              "Parallel Aware": false,
              "Startup Cost": 282866.67,
              "Total Cost": 282866.68,
              "Plan Rows": 1,
              "Plan Width": 8,
              "Actual Startup Time": 556.157,
              "Actual Total Time": 556.282,
              "Actual Rows": 1,
              "Actual Loops": 4,
              "Plans": [
                {
                  "Node Type": "Hash Join",
                  "Parent Relationship": "Outer",
                  "Parallel Aware": true,
                  "Join Type": "Inner",
                  "Startup Cost": 235805.19,
                  "Total Cost": 282603.57,
                  "Plan Rows": 105240,
                  "Plan Width": 0,
                  "Actual Startup Time": 362.038,
                  "Actual Total Time": 547.1,
                  "Actual Rows": 229202,
                  "Actual Loops": 4,
                  "Inner Unique": false,
                  "Hash Cond": "(mk.movie_id = t.id)",
                  "Plans": [
                    {
                      "Node Type": "Seq Scan",
                      "Parent Relationship": "Outer",
                      "Parallel Aware": true,
                      "Relation Name": "movie_keyword",
                      "Alias": "mk",
                      "Startup Cost": 0.0,
                      "Total Cost": 42695.65,
                      "Plan Rows": 1037933,
                      "Plan Width": 4,
                      "Actual Startup Time": 0.123,
                      "Actual Total Time": 103.569,
                      "Actual Rows": 804551,
                      "Actual Loops": 4,
                      "Filter": "(keyword_id > 1711)",
                      "Rows Removed by Filter": 326432
                    },
                    {
                      "Node Type": "Hash",
                      "Parent Relationship": "Inner",
                      "Parallel Aware": true,
                      "Startup Cost": 235164.27,
                      "Total Cost": 235164.27,
                      "Plan Rows": 51273,
                      "Plan Width": 8,
                      "Actual Startup Time": 360.21,
                      "Actual Total Time": 360.334,
                      "Actual Rows": 92833,
                      "Actual Loops": 4,
                      "Hash Buckets": 524288,
                      "Original Hash Buckets": 262144,
                      "Hash Batches": 1,
                      "Original Hash Batches": 1,
                      "Peak Memory Usage": 20736,
                      "Plans": [
                        {
                          "Node Type": "Hash Join",
                          "Parent Relationship": "Outer",
                          "Parallel Aware": true,
                          "Join Type": "Inner",
                          "Startup Cost": 69195.29,
                          "Total Cost": 235164.27,
                          "Plan Rows": 51273,
                          "Plan Width": 8,
                          "Actual Startup Time": 194.511,
                          "Actual Total Time": 324.501,
                          "Actual Rows": 92833,
                          "Actual Loops": 4,
                          "Inner Unique": true,
                          "Hash Cond": "(mi.movie_id = t.id)",
                          "Plans": [
                            {
                              "Node Type": "Bitmap Heap Scan",
                              "Parent Relationship": "Outer",
                              "Parallel Aware": true,
                              "Relation Name": "movie_info",
                              "Alias": "mi",
                              "Startup Cost": 23754.83,
                              "Total Cost": 189033.77,
                              "Plan Rows": 262875,
                              "Plan Width": 4,
                              "Actual Startup Time": 61.693,
                              "Actual Total Time": 100.908,
                              "Actual Rows": 322232,
                              "Actual Loops": 4,
                              "Recheck Cond": "(info_type_id = 2)",
                              "Rows Removed by Index Recheck": 0,
                              "Exact Heap Blocks": 2246,
                              "Lossy Heap Blocks": 0,
                              "Plans": [
                                {
                                  "Node Type": "Bitmap Index Scan",
                                  "Parent Relationship": "Outer",
                                  "Parallel Aware": false,
                                  "Index Name": "info_type_id_movie_info",
                                  "Startup Cost": 0.0,
                                  "Total Cost": 23426.24,
                                  "Plan Rows": 1314374,
                                  "Plan Width": 0,
                                  "Actual Startup Time": 60.308,
                                  "Actual Total Time": 60.309,
                                  "Actual Rows": 1288928,
                                  "Actual Loops": 1,
                                  "Index Cond": "(info_type_id = 2)"
                                }
                              ]
                            },
                            {
                              "Node Type": "Hash",
                              "Parent Relationship": "Inner",
                              "Parallel Aware": true,
                              "Startup Cost": 43899.32,
                              "Total Cost": 43899.32,
                              "Plan Rows": 123291,
                              "Plan Width": 4,
                              "Actual Startup Time": 131.106,
                              "Actual Total Time": 131.108,
                              "Actual Rows": 127239,
                              "Actual Loops": 4,
                              "Hash Buckets": 524288,
                              "Original Hash Buckets": 524288,
                              "Hash Batches": 1,
                              "Original Hash Batches": 1,
                              "Peak Memory Usage": 24096,
                              "Plans": [
                                {
                                  "Node Type": "Seq Scan",
                                  "Parent Relationship": "Outer",
                                  "Parallel Aware": true,
                                  "Relation Name": "title",
                                  "Alias": "t",
                                  "Startup Cost": 0.0,
                                  "Total Cost": 43899.32,
                                  "Plan Rows": 123291,
                                  "Plan Width": 4,
                                  "Actual Startup Time": 0.037,
                                  "Actual Total Time": 90.195,
                                  "Actual Rows": 127239,
                                  "Actual Loops": 4,
                                  "Filter": "(production_year < 1980)",
                                  "Rows Removed by Filter": 504839
                                }
                              ]
                            }
                          ]
                        }
                      ]
                    }
                  ]
                }
              ]
            }
          ]
        }
      ]
    },
    "Planning Time": 0.96,
    "Triggers": [],
    "Execution Time": 583.617
  }
]