{
  "Plan": {
    "Node Type": "Aggregate",
    "Strategy": "Plain",
    "Partial Mode": "Finalize",
    "Parallel Aware": false,
    "Startup Cost": 2446707.29,
    "Total Cost": 2446707.3,
    "Plan Rows": 1,
    "Plan Width": 8,
    "Actual Startup Time": 12671.408,
    "Actual Total Time": 12740.154,
    "Actual Rows": 1,
    "Actual Loops": 1,
    "Plans": [
      {
        "Node Type": "Gather",
        "Parent Relationship": "Outer",
        "Parallel Aware": false,
        "Startup Cost": 2446707.18,
        "Total Cost": 2446707.29,
        "Plan Rows": 1,
        "Plan Width": 8,
        "Actual Startup Time": 12664.488,
        "Actual Total Time": 12740.146,
        "Actual Rows": 2,
        "Actual Loops": 1,
        "Workers Planned": 1,
        "Workers Launched": 1,
        "Single Copy": false,
        "Plans": [
          {
            "Node Type": "Aggregate",
            "Strategy": "Plain",
            "Partial Mode": "Partial",
            "Parent Relationship": "Outer",
            "Parallel Aware": false,
            "Startup Cost": 2445707.18,
            "Total Cost": 2445707.19,
            "Plan Rows": 1,
            "Plan Width": 8,
            "Actual Startup Time": 12633.131,
            "Actual Total Time": 12633.139,
            "Actual Rows": 1,
            "Actual Loops": 2,
            "Plans": [
              {
                "Node Type": "Merge Join",
                "Parent Relationship": "Outer",
                "Parallel Aware": false,
                "Join Type": "Inner",
                "Startup Cost": 2338746.39,
                "Total Cost": 2439672.76,
                "Plan Rows": 2413766,
                "Plan Width": 0,
                "Actual Startup Time": 10702.738,
                "Actual Total Time": 12576.812,
                "Actual Rows": 1442276,
                "Actual Loops": 2,
                "Inner Unique": false,
                "Merge Cond": "(t.id = mi.movie_id)",
                "Plans": [
                  {
                    "Node Type": "Sort",
                    "Parent Relationship": "Outer",
                    "Parallel Aware": false,
                    "Startup Cost": 2117936.16,
                    "Total Cost": 2150321.16,
                    "Plan Rows": 12954000,
                    "Plan Width": 8,
                    "Actual Startup Time": 10545.76,
                    "Actual Total Time": 11485.954,
                    "Actual Rows": 10709569,
                    "Actual Loops": 2,
                    "Sort Key": [
                      "t.id"
                    ],
                    "Sort Method": "quicksort",
                    "Sort Space Used": 899515,
                    "Sort Space Type": "Memory",
                    "Workers": [
                      {
                        "Worker Number": 0,
                        "Sort Method": "quicksort",
                        "Sort Space Used": 890975,
                        "Sort Space Type": "Memory"
                      }
                    ],
                    "Plans": [
                      {
                        "Node Type": "Hash Join",
                        "Parent Relationship": "Outer",
                        "Parallel Aware": true,
                        "Join Type": "Inner",
                        "Startup Cost": 65888.86,
                        "Total Cost": 587622.22,
                        "Plan Rows": 12954000,
                        "Plan Width": 8,
                        "Actual Startup Time": 360.843,
                        "Actual Total Time": 7906.248,
                        "Actual Rows": 10709942,
                        "Actual Loops": 2,
                        "Inner Unique": true,
                        "Hash Cond": "(ci.movie_id = t.id)",
                        "Plans": [
                          {
                            "Node Type": "Seq Scan",
                            "Parent Relationship": "Outer",
                            "Parallel Aware": true,
                            "Relation Name": "cast_info",
                            "Alias": "ci",
                            "Startup Cost": 0.0,
                            "Total Cost": 465792.95,
                            "Plan Rows": 21310595,
                            "Plan Width": 4,
                            "Actual Startup Time": 0.015,
                            "Actual Total Time": 1382.918,
                            "Actual Rows": 18122172,
                            "Actual Loops": 2
                          },
                          {
                            "Node Type": "Hash",
                            "Parent Relationship": "Inner",
                            "Parallel Aware": true,
                            "Startup Cost": 54588.39,
                            "Total Cost": 54588.39,
                            "Plan Rows": 904038,
                            "Plan Width": 4,
                            "Actual Startup Time": 346.226,
                            "Actual Total Time": 346.228,
                            "Actual Rows": 771632,
                            "Actual Loops": 2,
                            "Hash Buckets": 2097152,
                            "Original Hash Buckets": 2097152,
                            "Hash Batches": 1,
                            "Original Hash Batches": 1,
                            "Peak Memory Usage": 76800,
                            "Plans": [
                              {
                                "Node Type": "Seq Scan",
                                "Parent Relationship": "Outer",
                                "Parallel Aware": true,
                                "Relation Name": "title",
                                "Alias": "t",
                                "Startup Cost": 0.0,
                                "Total Cost": 54588.39,
                                "Plan Rows": 904038,
                                "Plan Width": 4,
                                "Actual Startup Time": 0.029,
                                "Actual Total Time": 154.794,
                                "Actual Rows": 771632,
                                "Actual Loops": 2,
                                "Filter": "(kind_id = 7)",
                                "Rows Removed by Filter": 492524
                              }
                            ]
                          }
                        ]
                      }
                    ]
                  },
                  {
                    "Node Type": "Sort",
                    "Parent Relationship": "Inner",
                    "Parallel Aware": false,
                    "Startup Cost": 220808.92,
                    "Total Cost": 221986.69,
                    "Plan Rows": 471106,
                    "Plan Width": 4,
                    "Actual Startup Time": 156.86,
                    "Actual Total Time": 219.487,
                    "Actual Rows": 1795648,
                    "Actual Loops": 2,
                    "Sort Key": [
                      "mi.movie_id"
                    ],
                    "Sort Method": "quicksort",
                    "Sort Space Used": 34528,
                    "Sort Space Type": "Memory",
                    "Workers": [
                      {
                        "Worker Number": 0,
                        "Sort Method": "quicksort",
                        "Sort Space Used": 34528,
                        "Sort Space Type": "Memory"
                      }
                    ],
                    "Plans": [
                      {
                        "Node Type": "Bitmap Heap Scan",
                        "Parent Relationship": "Outer",
                        "Parallel Aware": false,
                        "Relation Name": "movie_info",
                        "Alias": "mi",
                        "Startup Cost": 8535.51,
                        "Total Cost": 176417.33,
                        "Plan Rows": 471106,
                        "Plan Width": 4,
                        "Actual Startup Time": 18.683,
                        "Actual Total Time": 65.702,
                        "Actual Rows": 474443,
                        "Actual Loops": 2,
                        "Recheck Cond": "(info_type_id = 6)",
                        "Rows Removed by Index Recheck": 0,
                        "Exact Heap Blocks": 3203,
                        "Lossy Heap Blocks": 0,
                        "Plans": [
                          {
                            "Node Type": "Bitmap Index Scan",
                            "Parent Relationship": "Outer",
                            "Parallel Aware": false,
                            "Index Name": "info_type_id_movie_info",
                            "Startup Cost": 0.0,
                            "Total Cost": 8417.73,
                            "Plan Rows": 471106,
                            "Plan Width": 0,
                            "Actual Startup Time": 18.358,
                            "Actual Total Time": 18.358,
                            "Actual Rows": 474443,
                            "Actual Loops": 2,
                            "Index Cond": "(info_type_id = 6)"
                          }
                        ]
                      }
                    ]
                  }
                ]
              }
            ]
          }
        ]
      }
    ]
  },
  "Planning Time": 1.088,
  "Triggers": [],
  "Execution Time": 12806.451
}