[
  {
    "Plan": {
      "Node Type": "Aggregate",
      "Strategy": "Plain",
      "Partial Mode": "Finalize",
      "Parallel Aware": false,
      "Startup Cost": 113650.03,
      "Total Cost": 113650.04,
      "Plan Rows": 1,
      "Plan Width": 8,
      "Actual Startup Time": 794.777,
      "Actual Total Time": 816.25,
      "Actual Rows": 1,
      "Actual Loops": 1,
      "Plans": [
        {
          "Node Type": "Gather",
          "Parent Relationship": "Outer",
          "Parallel Aware": false,
          "Startup Cost": 113649.72,
          "Total Cost": 113650.03,
          "Plan Rows": 3,
          "Plan Width": 8,
          "Actual Startup Time": 788.831,
          "Actual Total Time": 816.241,
          "Actual Rows": 4,
          "Actual Loops": 1,
          "Workers Planned": 3,
          "Workers Launched": 3,
          "Single Copy": false,
          "Plans": [
            {
              "Node Type": "Aggregate",
              "Strategy": "Plain",
              "Partial Mode": "Partial",
              "Parent Relationship": "Outer",
              "Parallel Aware": false,
              "Startup Cost": 112649.72,
              "Total Cost": 112649.73,
              "Plan Rows": 1,
              "Plan Width": 8,
              "Actual Startup Time": 779.957,
              "Actual Total Time": 780.331,
              "Actual Rows": 1,
              "Actual Loops": 4,
              "Plans": [
                {
                  "Node Type": "Hash Join",
                  "Parent Relationship": "Outer",
                  "Parallel Aware": true,
                  "Join Type": "Inner",
                  "Startup Cost": 63907.18,
                  "Total Cost": 112259.34,
                  "Plan Rows": 156149,
                  "Plan Width": 0,
                  "Actual Startup Time": 376.261,
                  "Actual Total Time": 700.136,
                  "Actual Rows": 1643612,
                  "Actual Loops": 4,
                  "Inner Unique": false,
                  "Hash Cond": "(mk.movie_id = t.id)",
                  "Plans": [
                    {
                      "Node Type": "Seq Scan",
                      "Parent Relationship": "Outer",
                      "Parallel Aware": true,
                      "Relation Name": "movie_keyword",
                      "Alias": "mk",
                      "Startup Cost": 0.0,
                      "Total Cost": 42695.65,
                      "Plan Rows": 1334903,
                      "Plan Width": 4,
                      "Actual Startup Time": 0.045,
                      "Actual Total Time": 132.157,
                      "Actual Rows": 1037878,
                      "Actual Loops": 4,
                      "Filter": "(keyword_id < 45467)",
                      "Rows Removed by Filter": 93105
                    },
                    {
                      "Node Type": "Hash",
                      "Parent Relationship": "Inner",
                      "Parallel Aware": true,
                      "Startup Cost": 62366.85,
                      "Total Cost": 62366.85,
                      "Plan Rows": 123227,
                      "Plan Width": 8,
                      "Actual Startup Time": 330.454,
                      "Actual Total Time": 330.827,
                      "Actual Rows": 144327,
                      "Actual Loops": 4,
                      "Hash Buckets": 1048576,
                      "Original Hash Buckets": 524288,
                      "Hash Batches": 1,
                      "Original Hash Batches": 1,
                      "Peak Memory Usage": 34944,
                      "Plans": [
                        {
                          "Node Type": "Hash Join",
                          "Parent Relationship": "Outer",
                          "Parallel Aware": true,
                          "Join Type": "Inner",
                          "Startup Cost": 47172.29,
                          "Total Cost": 62366.85,
                          "Plan Rows": 123227,
                          "Plan Width": 8,
                          "Actual Startup Time": 209.346,
                          "Actual Total Time": 280.779,
                          "Actual Rows": 144327,
                          "Actual Loops": 4,
                          "Inner Unique": true,
                          "Hash Cond": "(mi_idx.movie_id = t.id)",
                          "Plans": [
                            {
                              "Node Type": "Seq Scan",
                              "Parent Relationship": "Outer",
                              "Parallel Aware": true,
                              "Relation Name": "movie_info_idx",
                              "Alias": "mi_idx",
                              "Startup Cost": 0.0,
                              "Total Cost": 13685.15,
                              "Plan Rows": 575015,
                              "Plan Width": 4,
                              "Actual Startup Time": 0.028,
                              "Actual Total Time": 34.878,
                              "Actual Rows": 345009,
                              "Actual Loops": 4
                            },
                            {
                              "Node Type": "Hash",
                              "Parent Relationship": "Inner",
                              "Parallel Aware": true,
                              "Startup Cost": 45479.1,
                              "Total Cost": 45479.1,
                              "Plan Rows": 135455,
                              "Plan Width": 4,
                              "Actual Startup Time": 172.777,
                              "Actual Total Time": 172.78,
                              "Actual Rows": 139330,
                              "Actual Loops": 4,
                              "Hash Buckets": 1048576,
                              "Original Hash Buckets": 1048576,
                              "Hash Batches": 1,
                              "Original Hash Batches": 1,
                              "Peak Memory Usage": 30048,
                              "Plans": [
                                {
                                  "Node Type": "Seq Scan",
                                  "Parent Relationship": "Outer",
                                  "Parallel Aware": true,
                                  "Relation Name": "title",
                                  "Alias": "t",
                                  "Startup Cost": 0.0,
                                  "Total Cost": 45479.1,
                                  "Plan Rows": 135455,
                                  "Plan Width": 4,
                                  "Actual Startup Time": 64.973,
                                  "Actual Total Time": 114.236,
                                  "Actual Rows": 139330,
                                  "Actual Loops": 4,
                                  "Filter": "((production_year < 2011) AND (kind_id = 1))",
                                  "Rows Removed by Filter": 492748
                                }
                              ]
                            }
                          ]
                        }
                      ]
                    }
                  ]
                }
              ]
            }
          ]
        }
      ]
    },
    "Planning Time": 1.335,
    "Triggers": [],
    "Execution Time": 816.333
  }
]