[
  {
    "Plan": {
      "Node Type": "Aggregate",
      "Strategy": "Plain",
      "Partial Mode": "Finalize",
      "Parallel Aware": false,
      "Startup Cost": 25218.86,
      "Total Cost": 25218.87,
      "Plan Rows": 1,
      "Plan Width": 8,
      "Actual Startup Time": 70.569,
      "Actual Total Time": 76.512,
      "Actual Rows": 1,
      "Actual Loops": 1,
      "Plans": [
        {
          "Node Type": "Gather",
          "Parent Relationship": "Outer",
          "Parallel Aware": false,
          "Startup Cost": 25218.54,
          "Total Cost": 25218.85,
          "Plan Rows": 3,
          "Plan Width": 8,
          "Actual Startup Time": 70.242,
          "Actual Total Time": 76.504,
          "Actual Rows": 4,
          "Actual Loops": 1,
          "Workers Planned": 3,
          "Workers Launched": 3,
          "Single Copy": false,
          "Plans": [
            {
              "Node Type": "Aggregate",
              "Strategy": "Plain",
              "Partial Mode": "Partial",
              "Parent Relationship": "Outer",
              "Parallel Aware": false,
              "Startup Cost": 24218.54,
              "Total Cost": 24218.55,
              "Plan Rows": 1,
              "Plan Width": 8,
              "Actual Startup Time": 62.566,
              "Actual Total Time": 62.567,
              "Actual Rows": 1,
              "Actual Loops": 4,
              "Plans": [
                {
                  "Node Type": "Bitmap Heap Scan",
                  "Parent Relationship": "Outer",
                  "Parallel Aware": true,
                  "Relation Name": "movie_companies",
                  "Alias": "mc",
                  "Startup Cost": 4365.42,
                  "Total Cost": 24135.6,
                  "Plan Rows": 33178,
                  "Plan Width": 0,
                  "Actual Startup Time": 52.467,
                  "Actual Total Time": 61.888,
                  "Actual Rows": 10282,
                  "Actual Loops": 4,
                  "Recheck Cond": "(company_id < 64)",
                  "Rows Removed by Index Recheck": 0,
                  "Filter": "(company_type_id = 2)",
                  "Rows Removed by Filter": 40110,
                  "Exact Heap Blocks": 10395,
                  "Lossy Heap Blocks": 0,
                  "Plans": [
                    {
                      "Node Type": "Bitmap Index Scan",
                      "Parent Relationship": "Outer",
                      "Parallel Aware": false,
                      "Index Name": "company_id_movie_companies",
                      "Startup Cost": 0.0,
                      "Total Cost": 4339.7,
                      "Plan Rows": 202570,
                      "Plan Width": 0,
                      "Actual Startup Time": 26.055,
                      "Actual Total Time": 26.055,
                      "Actual Rows": 201569,
                      "Actual Loops": 1,
                      "Index Cond": "(company_id < 64)"
                    }
                  ]
                }
              ]
            }
          ]
        }
      ]
    },
    "Planning Time": 0.208,
    "Triggers": [],
    "Execution Time": 76.576
  }
]