[
  {
    "Plan": {
      "Node Type": "Aggregate",
      "Strategy": "Plain",
      "Partial Mode": "Finalize",
      "Parallel Aware": false,
      "Startup Cost": 47309.52,
      "Total Cost": 47309.53,
      "Plan Rows": 1,
      "Plan Width": 8,
      "Actual Startup Time": 228.598,
      "Actual Total Time": 240.659,
      "Actual Rows": 1,
      "Actual Loops": 1,
      "Plans": [
        {
          "Node Type": "Gather",
          "Parent Relationship": "Outer",
          "Parallel Aware": false,
          "Startup Cost": 47309.2,
          "Total Cost": 47309.51,
          "Plan Rows": 3,
          "Plan Width": 8,
          "Actual Startup Time": 228.419,
          "Actual Total Time": 240.648,
          "Actual Rows": 4,
          "Actual Loops": 1,
          "Workers Planned": 3,
          "Workers Launched": 3,
          "Single Copy": false,
          "Plans": [
            {
              "Node Type": "Aggregate",
              "Strategy": "Plain",
              "Partial Mode": "Partial",
              "Parent Relationship": "Outer",
              "Parallel Aware": false,
              "Startup Cost": 46309.2,
              "Total Cost": 46309.21,
              "Plan Rows": 1,
              "Plan Width": 8,
              "Actual Startup Time": 221.192,
              "Actual Total Time": 221.194,
              "Actual Rows": 1,
              "Actual Loops": 4,
              "Plans": [
                {
                  "Node Type": "Seq Scan",
                  "Parent Relationship": "Outer",
                  "Parallel Aware": true,
                  "Relation Name": "movie_keyword",
                  "Alias": "mk",
                  "Startup Cost": 0.0,
                  "Total Cost": 42695.65,
                  "Plan Rows": 1445418,
                  "Plan Width": 0,
                  "Actual Startup Time": 0.058,
                  "Actual Total Time": 156.121,
                  "Actual Rows": 1119906,
                  "Actual Loops": 4,
                  "Filter": "(keyword_id < 102404)",
                  "Rows Removed by Filter": 11076
                }
              ]
            }
          ]
        }
      ]
    },
    "Planning Time": 0.307,
    "Triggers": [],
    "Execution Time": 240.718
  }
]