[
  {
    "Plan": {
      "Node Type": "Aggregate",
      "Strategy": "Plain",
      "Partial Mode": "Finalize",
      "Parallel Aware": false,
      "Startup Cost": 47308.14,
      "Total Cost": 47308.15,
      "Plan Rows": 1,
      "Plan Width": 8,
      "Actual Startup Time": 169.895,
      "Actual Total Time": 179.618,
      "Actual Rows": 1,
      "Actual Loops": 1,
      "Plans": [
        {
          "Node Type": "Gather",
          "Parent Relationship": "Outer",
          "Parallel Aware": false,
          "Startup Cost": 47307.82,
          "Total Cost": 47308.13,
          "Plan Rows": 3,
          "Plan Width": 8,
          "Actual Startup Time": 169.773,
          "Actual Total Time": 179.61,
          "Actual Rows": 4,
          "Actual Loops": 1,
          "Workers Planned": 3,
          "Workers Launched": 3,
          "Single Copy": false,
          "Plans": [
            {
              "Node Type": "Aggregate",
              "Strategy": "Plain",
              "Partial Mode": "Partial",
              "Parent Relationship": "Outer",
              "Parallel Aware": false,
              "Startup Cost": 46307.82,
              "Total Cost": 46307.83,
              "Plan Rows": 1,
              "Plan Width": 8,
              "Actual Startup Time": 165.081,
              "Actual Total Time": 165.082,
              "Actual Rows": 1,
              "Actual Loops": 4,
              "Plans": [
                {
                  "Node Type": "Seq Scan",
                  "Parent Relationship": "Outer",
                  "Parallel Aware": true,
                  "Relation Name": "movie_keyword",
                  "Alias": "mk",
                  "Startup Cost": 0.0,
                  "Total Cost": 42695.65,
                  "Plan Rows": 1444866,
                  "Plan Width": 0,
                  "Actual Startup Time": 0.033,
                  "Actual Total Time": 117.481,
                  "Actual Rows": 1119906,
                  "Actual Loops": 4,
                  "Filter": "(keyword_id < 102404)",
                  "Rows Removed by Filter": 11076
                }
              ]
            }
          ]
        }
      ]
    },
    "Planning Time": 0.196,
    "Triggers": [],
    "Execution Time": 179.661
  }
]