[
  {
    "Plan": {
      "Node Type": "Aggregate",
      "Strategy": "Plain",
      "Partial Mode": "Finalize",
      "Parallel Aware": false,
      "Startup Cost": 80779.58,
      "Total Cost": 80779.59,
      "Plan Rows": 1,
      "Plan Width": 8,
      "Actual Startup Time": 353.349,
      "Actual Total Time": 363.823,
      "Actual Rows": 1,
      "Actual Loops": 1,
      "Plans": [
        {
          "Node Type": "Gather",
          "Parent Relationship": "Outer",
          "Parallel Aware": false,
          "Startup Cost": 80779.26,
          "Total Cost": 80779.57,
          "Plan Rows": 3,
          "Plan Width": 8,
          "Actual Startup Time": 347.816,
          "Actual Total Time": 363.809,
          "Actual Rows": 4,
          "Actual Loops": 1,
          "Workers Planned": 3,
          "Workers Launched": 3,
          "Single Copy": false,
          "Plans": [
            {
              "Node Type": "Aggregate",
              "Strategy": "Plain",
              "Partial Mode": "Partial",
              "Parent Relationship": "Outer",
              "Parallel Aware": false,
              "Startup Cost": 79779.26,
              "Total Cost": 79779.27,
              "Plan Rows": 1,
              "Plan Width": 8,
              "Actual Startup Time": 337.697,
              "Actual Total Time": 337.701,
              "Actual Rows": 1,
              "Actual Loops": 4,
              "Plans": [
                {
                  "Node Type": "Hash Join",
                  "Parent Relationship": "Outer",
                  "Parallel Aware": true,
                  "Join Type": "Inner",
                  "Startup Cost": 47423.17,
                  "Total Cost": 79498.65,
                  "Plan Rows": 112245,
                  "Plan Width": 0,
                  "Actual Startup Time": 231.825,
                  "Actual Total Time": 333.718,
                  "Actual Rows": 87133,
                  "Actual Loops": 4,
                  "Inner Unique": true,
                  "Hash Cond": "(mc.movie_id = t.id)",
                  "Plans": [
                    {
                      "Node Type": "Seq Scan",
                      "Parent Relationship": "Outer",
                      "Parallel Aware": true,
                      "Relation Name": "movie_companies",
                      "Alias": "mc",
                      "Startup Cost": 0.0,
                      "Total Cost": 31414.82,
                      "Plan Rows": 251680,
                      "Plan Width": 4,
                      "Actual Startup Time": 2.632,
                      "Actual Total Time": 64.271,
                      "Actual Rows": 141638,
                      "Actual Loops": 4,
                      "Filter": "((company_id > 5223) AND (company_type_id < 2))",
                      "Rows Removed by Filter": 510644
                    },
                    {
                      "Node Type": "Hash",
                      "Parent Relationship": "Inner",
                      "Parallel Aware": true,
                      "Startup Cost": 43899.32,
                      "Total Cost": 43899.32,
                      "Plan Rows": 281908,
                      "Plan Width": 4,
                      "Actual Startup Time": 222.667,
                      "Actual Total Time": 222.669,
                      "Actual Rows": 283339,
                      "Actual Loops": 4,
                      "Hash Buckets": 2097152,
                      "Original Hash Buckets": 2097152,
                      "Hash Batches": 1,
                      "Original Hash Batches": 1,
                      "Peak Memory Usage": 60800,
                      "Plans": [
                        {
                          "Node Type": "Seq Scan",
                          "Parent Relationship": "Outer",
                          "Parallel Aware": true,
                          "Relation Name": "title",
                          "Alias": "t",
                          "Startup Cost": 0.0,
                          "Total Cost": 43899.32,
                          "Plan Rows": 281908,
                          "Plan Width": 4,
                          "Actual Startup Time": 0.111,
                          "Actual Total Time": 105.858,
                          "Actual Rows": 283339,
                          "Actual Loops": 4,
                          "Filter": "(production_year < 2002)",
                          "Rows Removed by Filter": 348739
                        }
                      ]
                    }
                  ]
                }
              ]
            }
          ]
        }
      ]
    },
    "Planning Time": 0.625,
    "Triggers": [],
    "Execution Time": 363.878
  }
]