[
  {
    "Plan": {
      "Node Type": "Aggregate",
      "Strategy": "Plain",
      "Partial Mode": "Finalize",
      "Parallel Aware": false,
      "Startup Cost": 44802.93,
      "Total Cost": 44802.94,
      "Plan Rows": 1,
      "Plan Width": 8,
      "Actual Startup Time": 133.173,
      "Actual Total Time": 143.61,
      "Actual Rows": 1,
      "Actual Loops": 1,
      "Plans": [
        {
          "Node Type": "Gather",
          "Parent Relationship": "Outer",
          "Parallel Aware": false,
          "Startup Cost": 44802.61,
          "Total Cost": 44802.92,
          "Plan Rows": 3,
          "Plan Width": 8,
          "Actual Startup Time": 133.068,
          "Actual Total Time": 143.601,
          "Actual Rows": 4,
          "Actual Loops": 1,
          "Workers Planned": 3,
          "Workers Launched": 3,
          "Single Copy": false,
          "Plans": [
            {
              "Node Type": "Aggregate",
              "Strategy": "Plain",
              "Partial Mode": "Partial",
              "Parent Relationship": "Outer",
              "Parallel Aware": false,
              "Startup Cost": 43802.61,
              "Total Cost": 43802.62,
              "Plan Rows": 1,
              "Plan Width": 8,
              "Actual Startup Time": 125.708,
              "Actual Total Time": 125.709,
              "Actual Rows": 1,
              "Actual Loops": 4,
              "Plans": [
                {
                  "Node Type": "Seq Scan",
                  "Parent Relationship": "Outer",
                  "Parallel Aware": true,
                  "Relation Name": "movie_keyword",
                  "Alias": "mk",
                  "Startup Cost": 0.0,
                  "Total Cost": 42695.65,
                  "Plan Rows": 442784,
                  "Plan Width": 0,
                  "Actual Startup Time": 1.289,
                  "Actual Total Time": 108.856,
                  "Actual Rows": 344039,
                  "Actual Loops": 4,
                  "Filter": "(keyword_id > 12109)",
                  "Rows Removed by Filter": 786943
                }
              ]
            }
          ]
        }
      ]
    },
    "Planning Time": 0.123,
    "Triggers": [],
    "Execution Time": 143.653
  }
]