[
  {
    "Plan": {
      "Node Type": "Aggregate",
      "Strategy": "Plain",
      "Partial Mode": "Finalize",
      "Parallel Aware": false,
      "Startup Cost": 78415.81,
      "Total Cost": 78415.82,
      "Plan Rows": 1,
      "Plan Width": 8,
      "Actual Startup Time": 440.9,
      "Actual Total Time": 457.243,
      "Actual Rows": 1,
      "Actual Loops": 1,
      "Plans": [
        {
          "Node Type": "Gather",
          "Parent Relationship": "Outer",
          "Parallel Aware": false,
          "Startup Cost": 78415.49,
          "Total Cost": 78415.8,
          "Plan Rows": 3,
          "Plan Width": 8,
          "Actual Startup Time": 432.243,
          "Actual Total Time": 457.234,
          "Actual Rows": 4,
          "Actual Loops": 1,
          "Workers Planned": 3,
          "Workers Launched": 3,
          "Single Copy": false,
          "Plans": [
            {
              "Node Type": "Aggregate",
              "Strategy": "Plain",
              "Partial Mode": "Partial",
              "Parent Relationship": "Outer",
              "Parallel Aware": false,
              "Startup Cost": 77415.49,
              "Total Cost": 77415.5,
              "Plan Rows": 1,
              "Plan Width": 8,
              "Actual Startup Time": 412.723,
              "Actual Total Time": 412.726,
              "Actual Rows": 1,
              "Actual Loops": 4,
              "Plans": [
                {
                  "Node Type": "Hash Join",
                  "Parent Relationship": "Outer",
                  "Parallel Aware": true,
                  "Join Type": "Inner",
                  "Startup Cost": 52382.0,
                  "Total Cost": 77333.29,
                  "Plan Rows": 32879,
                  "Plan Width": 0,
                  "Actual Startup Time": 358.072,
                  "Actual Total Time": 411.108,
                  "Actual Rows": 29150,
                  "Actual Loops": 4,
                  "Inner Unique": true,
                  "Hash Cond": "(mk.movie_id = t.id)",
                  "Plans": [
                    {
                      "Node Type": "Bitmap Heap Scan",
                      "Parent Relationship": "Outer",
                      "Parallel Aware": true,
                      "Relation Name": "movie_keyword",
                      "Alias": "mk",
                      "Startup Cost": 2162.35,
                      "Total Cost": 27027.34,
                      "Plan Rows": 32879,
                      "Plan Width": 4,
                      "Actual Startup Time": 11.314,
                      "Actual Total Time": 45.16,
                      "Actual Rows": 29150,
                      "Actual Loops": 4,
                      "Recheck Cond": "(keyword_id < 113)",
                      "Rows Removed by Index Recheck": 0,
                      "Exact Heap Blocks": 8917,
                      "Lossy Heap Blocks": 0,
                      "Plans": [
                        {
                          "Node Type": "Bitmap Index Scan",
                          "Parent Relationship": "Outer",
                          "Parallel Aware": false,
                          "Index Name": "keyword_id_movie_keyword",
                          "Startup Cost": 0.0,
                          "Total Cost": 2136.87,
                          "Plan Rows": 101925,
                          "Plan Width": 0,
                          "Actual Startup Time": 7.802,
                          "Actual Total Time": 7.803,
                          "Actual Rows": 116602,
                          "Actual Loops": 1,
                          "Index Cond": "(keyword_id < 113)"
                        }
                      ]
                    },
                    {
                      "Node Type": "Hash",
                      "Parent Relationship": "Inner",
                      "Parallel Aware": true,
                      "Startup Cost": 42318.73,
                      "Total Cost": 42318.73,
                      "Plan Rows": 632073,
                      "Plan Width": 4,
                      "Actual Startup Time": 335.06,
                      "Actual Total Time": 335.061,
                      "Actual Rows": 632078,
                      "Actual Loops": 4,
                      "Hash Buckets": 4194304,
                      "Original Hash Buckets": 4194304,
                      "Hash Batches": 1,
                      "Original Hash Batches": 1,
                      "Peak Memory Usage": 131744,
                      "Plans": [
                        {
                          "Node Type": "Seq Scan",
                          "Parent Relationship": "Outer",
                          "Parallel Aware": true,
                          "Relation Name": "title",
                          "Alias": "t",
                          "Startup Cost": 0.0,
                          "Total Cost": 42318.73,
                          "Plan Rows": 632073,
                          "Plan Width": 4,
                          "Actual Startup Time": 0.031,
                          "Actual Total Time": 102.369,
                          "Actual Rows": 632078,
                          "Actual Loops": 4
                        }
                      ]
                    }
                  ]
                }
              ]
            }
          ]
        }
      ]
    },
    "Planning Time": 0.599,
    "Triggers": [],
    "Execution Time": 457.334
  }
]