[
    {
        "Bao": {
            "Bao prediction": "NaN",
            "Bao recommended hint": "(no hint)"
        }
    },
    {
        "Plan": {
            "Node Type": "Aggregate",
            "Strategy": "Plain",
            "Partial Mode": "Finalize",
            "Parallel Aware": false,
            "Startup Cost": 236334.0,
            "Total Cost": 236334.01,
            "Plan Rows": 1,
            "Plan Width": 8,
            "Actual Startup Time": 213.143,
            "Actual Total Time": 221.95,
            "Actual Rows": 1,
            "Actual Loops": 1,
            "Output": [
                "count(*)"
            ],
            "Plans": [
                {
                    "Node Type": "Gather",
                    "Parent Relationship": "Outer",
                    "Parallel Aware": false,
                    "Startup Cost": 236333.48,
                    "Total Cost": 236333.99,
                    "Plan Rows": 5,
                    "Plan Width": 8,
                    "Actual Startup Time": 212.584,
                    "Actual Total Time": 221.941,
                    "Actual Rows": 6,
                    "Actual Loops": 1,
                    "Output": [
                        "(PARTIAL count(*))"
                    ],
                    "Workers Planned": 5,
                    "Workers Launched": 5,
                    "Single Copy": false,
                    "Plans": [
                        {
                            "Node Type": "Aggregate",
                            "Strategy": "Plain",
                            "Partial Mode": "Partial",
                            "Parent Relationship": "Outer",
                            "Parallel Aware": false,
                            "Startup Cost": 235333.48,
                            "Total Cost": 235333.49,
                            "Plan Rows": 1,
                            "Plan Width": 8,
                            "Actual Startup Time": 202.192,
                            "Actual Total Time": 202.196,
                            "Actual Rows": 1,
                            "Actual Loops": 6,
                            "Output": [
                                "PARTIAL count(*)"
                            ],
                            "Workers": [
                                {
                                    "Worker Number": 0,
                                    "Actual Startup Time": 199.544,
                                    "Actual Total Time": 199.547,
                                    "Actual Rows": 1,
                                    "Actual Loops": 1
                                },
                                {
                                    "Worker Number": 1,
                                    "Actual Startup Time": 199.938,
                                    "Actual Total Time": 199.942,
                                    "Actual Rows": 1,
                                    "Actual Loops": 1
                                },
                                {
                                    "Worker Number": 2,
                                    "Actual Startup Time": 200.006,
                                    "Actual Total Time": 200.011,
                                    "Actual Rows": 1,
                                    "Actual Loops": 1
                                },
                                {
                                    "Worker Number": 3,
                                    "Actual Startup Time": 200.714,
                                    "Actual Total Time": 200.718,
                                    "Actual Rows": 1,
                                    "Actual Loops": 1
                                },
                                {
                                    "Worker Number": 4,
                                    "Actual Startup Time": 200.934,
                                    "Actual Total Time": 200.937,
                                    "Actual Rows": 1,
                                    "Actual Loops": 1
                                }
                            ],
                            "Plans": [
                                {
                                    "Node Type": "Hash Join",
                                    "Parent Relationship": "Outer",
                                    "Parallel Aware": true,
                                    "Join Type": "Inner",
                                    "Startup Cost": 69368.68,
                                    "Total Cost": 235320.73,
                                    "Plan Rows": 5102,
                                    "Plan Width": 0,
                                    "Actual Startup Time": 129.983,
                                    "Actual Total Time": 202.026,
                                    "Actual Rows": 1172,
                                    "Actual Loops": 6,
                                    "Inner Unique": true,
                                    "Hash Cond": "(mi.movie_id = t.id)",
                                    "Workers": [
                                        {
                                            "Worker Number": 0,
                                            "Actual Startup Time": 127.295,
                                            "Actual Total Time": 199.36,
                                            "Actual Rows": 1012,
                                            "Actual Loops": 1
                                        },
                                        {
                                            "Worker Number": 1,
                                            "Actual Startup Time": 127.634,
                                            "Actual Total Time": 199.767,
                                            "Actual Rows": 809,
                                            "Actual Loops": 1
                                        },
                                        {
                                            "Worker Number": 2,
                                            "Actual Startup Time": 128.076,
                                            "Actual Total Time": 199.833,
                                            "Actual Rows": 927,
                                            "Actual Loops": 1
                                        },
                                        {
                                            "Worker Number": 3,
                                            "Actual Startup Time": 128.736,
                                            "Actual Total Time": 200.547,
                                            "Actual Rows": 935,
                                            "Actual Loops": 1
                                        },
                                        {
                                            "Worker Number": 4,
                                            "Actual Startup Time": 128.16,
                                            "Actual Total Time": 200.774,
                                            "Actual Rows": 2162,
                                            "Actual Loops": 1
                                        }
                                    ],
                                    "Plans": [
                                        {
                                            "Node Type": "Bitmap Heap Scan",
                                            "Parent Relationship": "Outer",
                                            "Parallel Aware": true,
                                            "Relation Name": "movie_info",
                                            "Schema": "public",
                                            "Alias": "mi",
                                            "Startup Cost": 23735.46,
                                            "Total Cost": 189000.4,
                                            "Plan Rows": 261755,
                                            "Plan Width": 4,
                                            "Actual Startup Time": 47.559,
                                            "Actual Total Time": 84.372,
                                            "Actual Rows": 214821,
                                            "Actual Loops": 6,
                                            "Output": [
                                                "mi.id",
                                                "mi.movie_id",
                                                "mi.info_type_id",
                                                "mi.info",
                                                "mi.note"
                                            ],
                                            "Recheck Cond": "(mi.info_type_id = 2)",
                                            "Rows Removed by Index Recheck": 0,
                                            "Exact Heap Blocks": 1567,
                                            "Lossy Heap Blocks": 0,
                                            "Workers": [
                                                {
                                                    "Worker Number": 0,
                                                    "Actual Startup Time": 47.543,
                                                    "Actual Total Time": 84.657,
                                                    "Actual Rows": 199060,
                                                    "Actual Loops": 1
                                                },
                                                {
                                                    "Worker Number": 1,
                                                    "Actual Startup Time": 47.703,
                                                    "Actual Total Time": 84.857,
                                                    "Actual Rows": 152881,
                                                    "Actual Loops": 1
                                                },
                                                {
                                                    "Worker Number": 2,
                                                    "Actual Startup Time": 47.721,
                                                    "Actual Total Time": 84.608,
                                                    "Actual Rows": 192918,
                                                    "Actual Loops": 1
                                                },
                                                {
                                                    "Worker Number": 3,
                                                    "Actual Startup Time": 47.502,
                                                    "Actual Total Time": 84.894,
                                                    "Actual Rows": 199697,
                                                    "Actual Loops": 1
                                                },
                                                {
                                                    "Worker Number": 4,
                                                    "Actual Startup Time": 47.325,
                                                    "Actual Total Time": 84.175,
                                                    "Actual Rows": 309510,
                                                    "Actual Loops": 1
                                                }
                                            ],
                                            "Plans": [
                                                {
                                                    "Node Type": "Bitmap Index Scan",
                                                    "Parent Relationship": "Outer",
                                                    "Parallel Aware": false,
                                                    "Index Name": "info_type_id_movie_info",
                                                    "Startup Cost": 0.0,
                                                    "Total Cost": 23408.26,
                                                    "Plan Rows": 1308777,
                                                    "Plan Width": 0,
                                                    "Actual Startup Time": 46.089,
                                                    "Actual Total Time": 46.089,
                                                    "Actual Rows": 1288928,
                                                    "Actual Loops": 1,
                                                    "Index Cond": "(mi.info_type_id = 2)",
                                                    "Workers": [
                                                        {
                                                            "Worker Number": 4,
                                                            "Actual Startup Time": 46.089,
                                                            "Actual Total Time": 46.089,
                                                            "Actual Rows": 1288928,
                                                            "Actual Loops": 1
                                                        }
                                                    ]
                                                }
                                            ]
                                        },
                                        {
                                            "Node Type": "Hash",
                                            "Parent Relationship": "Inner",
                                            "Parallel Aware": true,
                                            "Startup Cost": 45479.21,
                                            "Total Cost": 45479.21,
                                            "Plan Rows": 12321,
                                            "Plan Width": 4,
                                            "Actual Startup Time": 81.549,
                                            "Actual Total Time": 81.55,
                                            "Actual Rows": 7554,
                                            "Actual Loops": 6,
                                            "Output": [
                                                "t.id"
                                            ],
                                            "Hash Buckets": 65536,
                                            "Original Hash Buckets": 65536,
                                            "Hash Batches": 1,
                                            "Original Hash Batches": 1,
                                            "Peak Memory Usage": 2368,
                                            "Workers": [
                                                {
                                                    "Worker Number": 0,
                                                    "Actual Startup Time": 78.982,
                                                    "Actual Total Time": 78.982,
                                                    "Actual Rows": 5912,
                                                    "Actual Loops": 1
                                                },
                                                {
                                                    "Worker Number": 1,
                                                    "Actual Startup Time": 79.334,
                                                    "Actual Total Time": 79.335,
                                                    "Actual Rows": 5040,
                                                    "Actual Loops": 1
                                                },
                                                {
                                                    "Worker Number": 2,
                                                    "Actual Startup Time": 79.443,
                                                    "Actual Total Time": 79.445,
                                                    "Actual Rows": 6393,
                                                    "Actual Loops": 1
                                                },
                                                {
                                                    "Worker Number": 3,
                                                    "Actual Startup Time": 80.186,
                                                    "Actual Total Time": 80.186,
                                                    "Actual Rows": 6334,
                                                    "Actual Loops": 1
                                                },
                                                {
                                                    "Worker Number": 4,
                                                    "Actual Startup Time": 80.48,
                                                    "Actual Total Time": 80.481,
                                                    "Actual Rows": 6452,
                                                    "Actual Loops": 1
                                                }
                                            ],
                                            "Plans": [
                                                {
                                                    "Node Type": "Seq Scan",
                                                    "Parent Relationship": "Outer",
                                                    "Parallel Aware": true,
                                                    "Relation Name": "title",
                                                    "Schema": "public",
                                                    "Alias": "t",
                                                    "Startup Cost": 0.0,
                                                    "Total Cost": 45479.21,
                                                    "Plan Rows": 12321,
                                                    "Plan Width": 4,
                                                    "Actual Startup Time": 0.055,
                                                    "Actual Total Time": 77.451,
                                                    "Actual Rows": 7554,
                                                    "Actual Loops": 6,
                                                    "Output": [
                                                        "t.id"
                                                    ],
                                                    "Filter": "((t.kind_id > 1) AND (t.production_year > 2012))",
                                                    "Rows Removed by Filter": 413832,
                                                    "Workers": [
                                                        {
                                                            "Worker Number": 0,
                                                            "Actual Startup Time": 0.053,
                                                            "Actual Total Time": 75.284,
                                                            "Actual Rows": 5912,
                                                            "Actual Loops": 1
                                                        },
                                                        {
                                                            "Worker Number": 1,
                                                            "Actual Startup Time": 0.047,
                                                            "Actual Total Time": 75.614,
                                                            "Actual Rows": 5040,
                                                            "Actual Loops": 1
                                                        },
                                                        {
                                                            "Worker Number": 2,
                                                            "Actual Startup Time": 0.046,
                                                            "Actual Total Time": 75.323,
                                                            "Actual Rows": 6393,
                                                            "Actual Loops": 1
                                                        },
                                                        {
                                                            "Worker Number": 3,
                                                            "Actual Startup Time": 0.048,
                                                            "Actual Total Time": 76.432,
                                                            "Actual Rows": 6334,
                                                            "Actual Loops": 1
                                                        },
                                                        {
                                                            "Worker Number": 4,
                                                            "Actual Startup Time": 0.079,
                                                            "Actual Total Time": 76.683,
                                                            "Actual Rows": 6452,
                                                            "Actual Loops": 1
                                                        }
                                                    ]
                                                }
                                            ]
                                        }
                                    ]
                                }
                            ]
                        }
                    ]
                }
            ]
        },
        "Planning Time": 213.86,
        "Triggers": [],
        "Execution Time": 222.05
    }
]