[
  {
    "Plan": {
      "Node Type": "Aggregate",
      "Strategy": "Plain",
      "Partial Mode": "Finalize",
      "Parallel Aware": false,
      "Startup Cost": 413104.87,
      "Total Cost": 413104.88,
      "Plan Rows": 1,
      "Plan Width": 8,
      "Actual Startup Time": 1980.316,
      "Actual Total Time": 2037.622,
      "Actual Rows": 1,
      "Actual Loops": 1,
      "Plans": [
        {
          "Node Type": "Gather",
          "Parent Relationship": "Outer",
          "Parallel Aware": false,
          "Startup Cost": 413104.24,
          "Total Cost": 413104.85,
          "Plan Rows": 6,
          "Plan Width": 8,
          "Actual Startup Time": 1968.503,
          "Actual Total Time": 2037.608,
          "Actual Rows": 7,
          "Actual Loops": 1,
          "Workers Planned": 6,
          "Workers Launched": 6,
          "Single Copy": false,
          "Plans": [
            {
              "Node Type": "Aggregate",
              "Strategy": "Plain",
              "Partial Mode": "Partial",
              "Parent Relationship": "Outer",
              "Parallel Aware": false,
              "Startup Cost": 412104.24,
              "Total Cost": 412104.25,
              "Plan Rows": 1,
              "Plan Width": 8,
              "Actual Startup Time": 1956.324,
              "Actual Total Time": 1956.542,
              "Actual Rows": 1,
              "Actual Loops": 7,
              "Plans": [
                {
                  "Node Type": "Hash Join",
                  "Parent Relationship": "Outer",
                  "Parallel Aware": true,
                  "Join Type": "Inner",
                  "Startup Cost": 68436.99,
                  "Total Cost": 409140.46,
                  "Plan Rows": 1185514,
                  "Plan Width": 0,
                  "Actual Startup Time": 303.004,
                  "Actual Total Time": 1883.26,
                  "Actual Rows": 1324696,
                  "Actual Loops": 7,
                  "Inner Unique": false,
                  "Hash Cond": "(ci.movie_id = t.id)",
                  "Plans": [
                    {
                      "Node Type": "Seq Scan",
                      "Parent Relationship": "Outer",
                      "Parallel Aware": true,
                      "Relation Name": "cast_info",
                      "Alias": "ci",
                      "Startup Cost": 0.0,
                      "Total Cost": 313106.51,
                      "Plan Rows": 6041951,
                      "Plan Width": 4,
                      "Actual Startup Time": 0.038,
                      "Actual Total Time": 644.505,
                      "Actual Rows": 5177763,
                      "Actual Loops": 7
                    },
                    {
                      "Node Type": "Hash",
                      "Parent Relationship": "Inner",
                      "Parallel Aware": true,
                      "Startup Cost": 65853.08,
                      "Total Cost": 65853.08,
                      "Plan Rows": 206713,
                      "Plan Width": 8,
                      "Actual Startup Time": 300.969,
                      "Actual Total Time": 301.184,
                      "Actual Rows": 37591,
                      "Actual Loops": 7,
                      "Hash Buckets": 524288,
                      "Original Hash Buckets": 524288,
                      "Hash Batches": 1,
                      "Original Hash Batches": 1,
                      "Peak Memory Usage": 14528,
                      "Plans": [
                        {
                          "Node Type": "Hash Join",
                          "Parent Relationship": "Outer",
                          "Parallel Aware": true,
                          "Join Type": "Inner",
                          "Startup Cost": 49719.09,
                          "Total Cost": 65853.08,
                          "Plan Rows": 206713,
                          "Plan Width": 8,
                          "Actual Startup Time": 212.033,
                          "Actual Total Time": 281.985,
                          "Actual Rows": 37591,
                          "Actual Loops": 7,
                          "Inner Unique": true,
                          "Hash Cond": "(mi_idx.movie_id = t.id)",
                          "Plans": [
                            {
                              "Node Type": "Seq Scan",
                              "Parent Relationship": "Outer",
                              "Parallel Aware": true,
                              "Relation Name": "movie_info_idx",
                              "Alias": "mi_idx",
                              "Startup Cost": 0.0,
                              "Total Cost": 15122.68,
                              "Plan Rows": 385260,
                              "Plan Width": 4,
                              "Actual Startup Time": 0.023,
                              "Actual Total Time": 29.833,
                              "Actual Rows": 131444,
                              "Actual Loops": 7,
                              "Filter": "(info_type_id > 99)",
                              "Rows Removed by Filter": 65704
                            },
                            {
                              "Node Type": "Hash",
                              "Parent Relationship": "Inner",
                              "Parallel Aware": true,
                              "Startup Cost": 45479.59,
                              "Total Cost": 45479.59,
                              "Plan Rows": 339160,
                              "Plan Width": 4,
                              "Actual Startup Time": 208.899,
                              "Actual Total Time": 208.9,
                              "Actual Rows": 189683,
                              "Actual Loops": 7,
                              "Hash Buckets": 2097152,
                              "Original Hash Buckets": 2097152,
                              "Hash Batches": 1,
                              "Original Hash Batches": 1,
                              "Peak Memory Usage": 68448,
                              "Plans": [
                                {
                                  "Node Type": "Seq Scan",
                                  "Parent Relationship": "Outer",
                                  "Parallel Aware": true,
                                  "Relation Name": "title",
                                  "Alias": "t",
                                  "Startup Cost": 0.0,
                                  "Total Cost": 45479.59,
                                  "Plan Rows": 339160,
                                  "Plan Width": 4,
                                  "Actual Startup Time": 0.057,
                                  "Actual Total Time": 96.829,
                                  "Actual Rows": 189683,
                                  "Actual Loops": 7,
                                  "Filter": "((production_year < 2012) AND (kind_id = 7))",
                                  "Rows Removed by Filter": 171504
                                }
                              ]
                            }
                          ]
                        }
                      ]
                    }
                  ]
                }
              ]
            }
          ]
        }
      ]
    },
    "Planning Time": 0.585,
    "Triggers": [],
    "Execution Time": 2037.693
  }
]