[
  {
    "Plan": {
      "Node Type": "Aggregate",
      "Strategy": "Plain",
      "Partial Mode": "Finalize",
      "Parallel Aware": false,
      "Startup Cost": 589018.43,
      "Total Cost": 589018.44,
      "Plan Rows": 1,
      "Plan Width": 8,
      "Actual Startup Time": 2329.813,
      "Actual Total Time": 2387.639,
      "Actual Rows": 1,
      "Actual Loops": 1,
      "Plans": [
        {
          "Node Type": "Gather",
          "Parent Relationship": "Outer",
          "Parallel Aware": false,
          "Startup Cost": 589017.91,
          "Total Cost": 589018.42,
          "Plan Rows": 5,
          "Plan Width": 8,
          "Actual Startup Time": 2278.179,
          "Actual Total Time": 2387.622,
          "Actual Rows": 6,
          "Actual Loops": 1,
          "Workers Planned": 5,
          "Workers Launched": 5,
          "Single Copy": false,
          "Plans": [
            {
              "Node Type": "Aggregate",
              "Strategy": "Plain",
              "Partial Mode": "Partial",
              "Parent Relationship": "Outer",
              "Parallel Aware": false,
              "Startup Cost": 588017.91,
              "Total Cost": 588017.92,
              "Plan Rows": 1,
              "Plan Width": 8,
              "Actual Startup Time": 2257.127,
              "Actual Total Time": 2257.323,
              "Actual Rows": 1,
              "Actual Loops": 6,
              "Plans": [
                {
                  "Node Type": "Hash Join",
                  "Parent Relationship": "Outer",
                  "Parallel Aware": true,
                  "Join Type": "Inner",
                  "Startup Cost": 376443.51,
                  "Total Cost": 583870.23,
                  "Plan Rows": 1659070,
                  "Plan Width": 0,
                  "Actual Startup Time": 993.626,
                  "Actual Total Time": 2081.126,
                  "Actual Rows": 3923791,
                  "Actual Loops": 6,
                  "Inner Unique": false,
                  "Hash Cond": "(mi.movie_id = t.id)",
                  "Plans": [
                    {
                      "Node Type": "Seq Scan",
                      "Parent Relationship": "Outer",
                      "Parallel Aware": true,
                      "Relation Name": "movie_info",
                      "Alias": "mi",
                      "Startup Cost": 0.0,
                      "Total Cost": 198952.16,
                      "Plan Rows": 1522520,
                      "Plan Width": 4,
                      "Actual Startup Time": 17.08,
                      "Actual Total Time": 338.76,
                      "Actual Rows": 1258142,
                      "Actual Loops": 6,
                      "Filter": "(info_type_id > 7)",
                      "Rows Removed by Filter": 1214478
                    },
                    {
                      "Node Type": "Hash",
                      "Parent Relationship": "Inner",
                      "Parallel Aware": true,
                      "Startup Cost": 370703.84,
                      "Total Cost": 370703.84,
                      "Plan Rows": 459174,
                      "Plan Width": 8,
                      "Actual Startup Time": 969.099,
                      "Actual Total Time": 969.293,
                      "Actual Rows": 469527,
                      "Actual Loops": 6,
                      "Hash Buckets": 4194304,
                      "Original Hash Buckets": 4194304,
                      "Hash Batches": 1,
                      "Original Hash Batches": 1,
                      "Peak Memory Usage": 143072,
                      "Plans": [
                        {
                          "Node Type": "Hash Join",
                          "Parent Relationship": "Outer",
                          "Parallel Aware": true,
                          "Join Type": "Inner",
                          "Startup Cost": 111071.82,
                          "Total Cost": 370703.84,
                          "Plan Rows": 459174,
                          "Plan Width": 8,
                          "Actual Startup Time": 407.243,
                          "Actual Total Time": 757.298,
                          "Actual Rows": 469527,
                          "Actual Loops": 6,
                          "Inner Unique": true,
                          "Hash Cond": "(ci.movie_id = t.id)",
                          "Plans": [
                            {
                              "Node Type": "Bitmap Heap Scan",
                              "Parent Relationship": "Outer",
                              "Parallel Aware": true,
                              "Relation Name": "cast_info",
                              "Alias": "ci",
                              "Startup Cost": 60852.18,
                              "Total Cost": 319278.86,
                              "Plan Rows": 459174,
                              "Plan Width": 4,
                              "Actual Startup Time": 131.357,
                              "Actual Total Time": 212.81,
                              "Actual Rows": 469527,
                              "Actual Loops": 6,
                              "Recheck Cond": "(person_id < 272074)",
                              "Rows Removed by Index Recheck": 0,
                              "Exact Heap Blocks": 5933,
                              "Lossy Heap Blocks": 0,
                              "Plans": [
                                {
                                  "Node Type": "Bitmap Index Scan",
                                  "Parent Relationship": "Outer",
                                  "Parallel Aware": false,
                                  "Index Name": "person_id_cast_info",
                                  "Startup Cost": 0.0,
                                  "Total Cost": 60163.42,
                                  "Plan Rows": 2755047,
                                  "Plan Width": 0,
                                  "Actual Startup Time": 126.39,
                                  "Actual Total Time": 126.391,
                                  "Actual Rows": 2817162,
                                  "Actual Loops": 1,
                                  "Index Cond": "(person_id < 272074)"
                                }
                              ]
                            },
                            {
                              "Node Type": "Hash",
                              "Parent Relationship": "Inner",
                              "Parallel Aware": true,
                              "Startup Cost": 42318.73,
                              "Total Cost": 42318.73,
                              "Plan Rows": 632073,
                              "Plan Width": 4,
                              "Actual Startup Time": 271.934,
                              "Actual Total Time": 271.935,
                              "Actual Rows": 421385,
                              "Actual Loops": 6,
                              "Hash Buckets": 4194304,
                              "Original Hash Buckets": 4194304,
                              "Hash Batches": 1,
                              "Original Hash Batches": 1,
                              "Peak Memory Usage": 131776,
                              "Plans": [
                                {
                                  "Node Type": "Seq Scan",
                                  "Parent Relationship": "Outer",
                                  "Parallel Aware": true,
                                  "Relation Name": "title",
                                  "Alias": "t",
                                  "Startup Cost": 0.0,
                                  "Total Cost": 42318.73,
                                  "Plan Rows": 632073,
                                  "Plan Width": 4,
                                  "Actual Startup Time": 0.042,
                                  "Actual Total Time": 80.99,
                                  "Actual Rows": 421385,
                                  "Actual Loops": 6
                                }
                              ]
                            }
                          ]
                        }
                      ]
                    }
                  ]
                }
              ]
            }
          ]
        }
      ]
    },
    "Planning Time": 1.385,
    "Triggers": [],
    "Execution Time": 2387.768
  }
]