[
  {
    "Plan": {
      "Node Type": "Aggregate",
      "Strategy": "Plain",
      "Partial Mode": "Finalize",
      "Parallel Aware": false,
      "Startup Cost": 366802.07,
      "Total Cost": 366802.08,
      "Plan Rows": 1,
      "Plan Width": 8,
      "Actual Startup Time": 615.055,
      "Actual Total Time": 638.103,
      "Actual Rows": 1,
      "Actual Loops": 1,
      "Plans": [
        {
          "Node Type": "Gather",
          "Parent Relationship": "Outer",
          "Parallel Aware": false,
          "Startup Cost": 366801.44,
          "Total Cost": 366802.05,
          "Plan Rows": 6,
          "Plan Width": 8,
          "Actual Startup Time": 597.144,
          "Actual Total Time": 638.092,
          "Actual Rows": 7,
          "Actual Loops": 1,
          "Workers Planned": 6,
          "Workers Launched": 6,
          "Single Copy": false,
          "Plans": [
            {
              "Node Type": "Aggregate",
              "Strategy": "Plain",
              "Partial Mode": "Partial",
              "Parent Relationship": "Outer",
              "Parallel Aware": false,
              "Startup Cost": 365801.44,
              "Total Cost": 365801.45,
              "Plan Rows": 1,
              "Plan Width": 8,
              "Actual Startup Time": 578.944,
              "Actual Total Time": 578.949,
              "Actual Rows": 1,
              "Actual Loops": 7,
              "Plans": [
                {
                  "Node Type": "Hash Join",
                  "Parent Relationship": "Outer",
                  "Parallel Aware": true,
                  "Join Type": "Inner",
                  "Startup Cost": 105442.93,
                  "Total Cost": 365121.7,
                  "Plan Rows": 271895,
                  "Plan Width": 0,
                  "Actual Startup Time": 476.045,
                  "Actual Total Time": 573.415,
                  "Actual Rows": 105258,
                  "Actual Loops": 7,
                  "Inner Unique": true,
                  "Hash Cond": "(ci.movie_id = t.id)",
                  "Plans": [
                    {
                      "Node Type": "Bitmap Heap Scan",
                      "Parent Relationship": "Outer",
                      "Parallel Aware": true,
                      "Relation Name": "cast_info",
                      "Alias": "ci",
                      "Startup Cost": 55222.55,
                      "Total Cost": 314187.6,
                      "Plan Rows": 271895,
                      "Plan Width": 4,
                      "Actual Startup Time": 205.307,
                      "Actual Total Time": 241.048,
                      "Actual Rows": 105258,
                      "Actual Loops": 7,
                      "Recheck Cond": "(person_id < 250934)",
                      "Rows Removed by Index Recheck": 0,
                      "Filter": "(role_id > 1)",
                      "Rows Removed by Filter": 267615,
                      "Exact Heap Blocks": 4886,
                      "Lossy Heap Blocks": 0,
                      "Plans": [
                        {
                          "Node Type": "Bitmap Index Scan",
                          "Parent Relationship": "Outer",
                          "Parallel Aware": false,
                          "Index Name": "person_id_cast_info",
                          "Startup Cost": 0.0,
                          "Total Cost": 54814.71,
                          "Plan Rows": 2511219,
                          "Plan Width": 0,
                          "Actual Startup Time": 130.584,
                          "Actual Total Time": 130.584,
                          "Actual Rows": 2610111,
                          "Actual Loops": 1,
                          "Index Cond": "(person_id < 250934)"
                        }
                      ]
                    },
                    {
                      "Node Type": "Hash",
                      "Parent Relationship": "Inner",
                      "Parallel Aware": true,
                      "Startup Cost": 42319.06,
                      "Total Cost": 42319.06,
                      "Plan Rows": 632106,
                      "Plan Width": 4,
                      "Actual Startup Time": 265.051,
                      "Actual Total Time": 265.053,
                      "Actual Rows": 361187,
                      "Actual Loops": 7,
                      "Hash Buckets": 4194304,
                      "Original Hash Buckets": 4194304,
                      "Hash Batches": 1,
                      "Original Hash Batches": 1,
                      "Peak Memory Usage": 131776,
                      "Plans": [
                        {
                          "Node Type": "Seq Scan",
                          "Parent Relationship": "Outer",
                          "Parallel Aware": true,
                          "Relation Name": "title",
                          "Alias": "t",
                          "Startup Cost": 0.0,
                          "Total Cost": 42319.06,
                          "Plan Rows": 632106,
                          "Plan Width": 4,
                          "Actual Startup Time": 0.049,
                          "Actual Total Time": 78.194,
                          "Actual Rows": 361187,
                          "Actual Loops": 7
                        }
                      ]
                    }
                  ]
                }
              ]
            }
          ]
        }
      ]
    },
    "Planning Time": 0.348,
    "Triggers": [],
    "Execution Time": 638.161
  }
]