[
  {
    "Plan": {
      "Node Type": "Aggregate",
      "Strategy": "Plain",
      "Partial Mode": "Finalize",
      "Parallel Aware": false,
      "Startup Cost": 84541.26,
      "Total Cost": 84541.27,
      "Plan Rows": 1,
      "Plan Width": 8,
      "Actual Startup Time": 355.178,
      "Actual Total Time": 370.777,
      "Actual Rows": 1,
      "Actual Loops": 1,
      "Plans": [
        {
          "Node Type": "Gather",
          "Parent Relationship": "Outer",
          "Parallel Aware": false,
          "Startup Cost": 84540.94,
          "Total Cost": 84541.25,
          "Plan Rows": 3,
          "Plan Width": 8,
          "Actual Startup Time": 350.724,
          "Actual Total Time": 370.768,
          "Actual Rows": 4,
          "Actual Loops": 1,
          "Workers Planned": 3,
          "Workers Launched": 3,
          "Single Copy": false,
          "Plans": [
            {
              "Node Type": "Aggregate",
              "Strategy": "Plain",
              "Partial Mode": "Partial",
              "Parent Relationship": "Outer",
              "Parallel Aware": false,
              "Startup Cost": 83540.94,
              "Total Cost": 83540.95,
              "Plan Rows": 1,
              "Plan Width": 8,
              "Actual Startup Time": 337.538,
              "Actual Total Time": 337.544,
              "Actual Rows": 1,
              "Actual Loops": 4,
              "Plans": [
                {
                  "Node Type": "Hash Join",
                  "Parent Relationship": "Outer",
                  "Parallel Aware": true,
                  "Join Type": "Inner",
                  "Startup Cost": 56817.19,
                  "Total Cost": 83375.1,
                  "Plan Rows": 66337,
                  "Plan Width": 0,
                  "Actual Startup Time": 256.779,
                  "Actual Total Time": 335.397,
                  "Actual Rows": 37428,
                  "Actual Loops": 4,
                  "Inner Unique": true,
                  "Hash Cond": "(mk.movie_id = t.id)",
                  "Plans": [
                    {
                      "Node Type": "Bitmap Heap Scan",
                      "Parent Relationship": "Outer",
                      "Parallel Aware": true,
                      "Relation Name": "movie_keyword",
                      "Alias": "mk",
                      "Startup Cost": 9150.35,
                      "Total Cost": 35343.12,
                      "Plan Rows": 139102,
                      "Plan Width": 4,
                      "Actual Startup Time": 29.817,
                      "Actual Total Time": 80.363,
                      "Actual Rows": 104932,
                      "Actual Loops": 4,
                      "Recheck Cond": "(keyword_id > 41498)",
                      "Rows Removed by Index Recheck": 0,
                      "Exact Heap Blocks": 6843,
                      "Lossy Heap Blocks": 0,
                      "Plans": [
                        {
                          "Node Type": "Bitmap Index Scan",
                          "Parent Relationship": "Outer",
                          "Parallel Aware": false,
                          "Index Name": "keyword_id_movie_keyword",
                          "Startup Cost": 0.0,
                          "Total Cost": 9042.55,
                          "Plan Rows": 431215,
                          "Plan Width": 0,
                          "Actual Startup Time": 26.302,
                          "Actual Total Time": 26.303,
                          "Actual Rows": 419729,
                          "Actual Loops": 1,
                          "Index Cond": "(keyword_id > 41498)"
                        }
                      ]
                    },
                    {
                      "Node Type": "Hash",
                      "Parent Relationship": "Inner",
                      "Parallel Aware": true,
                      "Startup Cost": 43898.92,
                      "Total Cost": 43898.92,
                      "Plan Rows": 301434,
                      "Plan Width": 4,
                      "Actual Startup Time": 219.053,
                      "Actual Total Time": 219.056,
                      "Actual Rows": 298130,
                      "Actual Loops": 4,
                      "Hash Buckets": 2097152,
                      "Original Hash Buckets": 2097152,
                      "Hash Batches": 1,
                      "Original Hash Batches": 1,
                      "Peak Memory Usage": 63104,
                      "Plans": [
                        {
                          "Node Type": "Seq Scan",
                          "Parent Relationship": "Outer",
                          "Parallel Aware": true,
                          "Relation Name": "title",
                          "Alias": "t",
                          "Startup Cost": 0.0,
                          "Total Cost": 43898.92,
                          "Plan Rows": 301434,
                          "Plan Width": 4,
                          "Actual Startup Time": 0.048,
                          "Actual Total Time": 104.672,
                          "Actual Rows": 298130,
                          "Actual Loops": 4,
                          "Filter": "(production_year > 2003)",
                          "Rows Removed by Filter": 333948
                        }
                      ]
                    }
                  ]
                }
              ]
            }
          ]
        }
      ]
    },
    "Planning Time": 0.567,
    "Triggers": [],
    "Execution Time": 370.856
  }
]