[
  {
    "Plan": {
      "Node Type": "Aggregate",
      "Strategy": "Plain",
      "Partial Mode": "Finalize",
      "Parallel Aware": false,
      "Startup Cost": 352274.65,
      "Total Cost": 352274.66,
      "Plan Rows": 1,
      "Plan Width": 8,
      "Actual Startup Time": 788.977,
      "Actual Total Time": 848.071,
      "Actual Rows": 1,
      "Actual Loops": 1,
      "Plans": [
        {
          "Node Type": "Gather",
          "Parent Relationship": "Outer",
          "Parallel Aware": false,
          "Startup Cost": 352274.03,
          "Total Cost": 352274.64,
          "Plan Rows": 6,
          "Plan Width": 8,
          "Actual Startup Time": 788.758,
          "Actual Total Time": 848.06,
          "Actual Rows": 7,
          "Actual Loops": 1,
          "Workers Planned": 6,
          "Workers Launched": 6,
          "Single Copy": false,
          "Plans": [
            {
              "Node Type": "Aggregate",
              "Strategy": "Plain",
              "Partial Mode": "Partial",
              "Parent Relationship": "Outer",
              "Parallel Aware": false,
              "Startup Cost": 351274.03,
              "Total Cost": 351274.04,
              "Plan Rows": 1,
              "Plan Width": 8,
              "Actual Startup Time": 779.778,
              "Actual Total Time": 779.779,
              "Actual Rows": 1,
              "Actual Loops": 7,
              "Plans": [
                {
                  "Node Type": "Seq Scan",
                  "Parent Relationship": "Outer",
                  "Parallel Aware": true,
                  "Relation Name": "cast_info",
                  "Alias": "ci",
                  "Startup Cost": 0.0,
                  "Total Cost": 343257.03,
                  "Plan Rows": 3206799,
                  "Plan Width": 0,
                  "Actual Startup Time": 151.614,
                  "Actual Total Time": 675.509,
                  "Actual Rows": 2568955,
                  "Actual Loops": 7,
                  "Filter": "((person_id > 1153093) AND (role_id < 7))",
                  "Rows Removed by Filter": 2608809
                }
              ]
            }
          ]
        }
      ]
    },
    "Planning Time": 0.219,
    "Triggers": [],
    "Execution Time": 848.147
  }
]