[
    {
        "Bao": {
            "Bao prediction": "NaN",
            "Bao recommended hint": "(no hint)"
        }
    },
    {
        "Plan": {
            "Node Type": "Aggregate",
            "Strategy": "Plain",
            "Partial Mode": "Finalize",
            "Parallel Aware": false,
            "Startup Cost": 335095.13,
            "Total Cost": 335095.14,
            "Plan Rows": 1,
            "Plan Width": 8,
            "Actual Startup Time": 1045.707,
            "Actual Total Time": 1083.838,
            "Actual Rows": 1,
            "Actual Loops": 1,
            "Output": [
                "count(*)"
            ],
            "Plans": [
                {
                    "Node Type": "Gather",
                    "Parent Relationship": "Outer",
                    "Parallel Aware": false,
                    "Startup Cost": 335094.51,
                    "Total Cost": 335095.12,
                    "Plan Rows": 6,
                    "Plan Width": 8,
                    "Actual Startup Time": 1045.449,
                    "Actual Total Time": 1083.825,
                    "Actual Rows": 7,
                    "Actual Loops": 1,
                    "Output": [
                        "(PARTIAL count(*))"
                    ],
                    "Workers Planned": 6,
                    "Workers Launched": 6,
                    "Single Copy": false,
                    "Plans": [
                        {
                            "Node Type": "Aggregate",
                            "Strategy": "Plain",
                            "Partial Mode": "Partial",
                            "Parent Relationship": "Outer",
                            "Parallel Aware": false,
                            "Startup Cost": 334094.51,
                            "Total Cost": 334094.52,
                            "Plan Rows": 1,
                            "Plan Width": 8,
                            "Actual Startup Time": 1034.137,
                            "Actual Total Time": 1034.139,
                            "Actual Rows": 1,
                            "Actual Loops": 7,
                            "Output": [
                                "PARTIAL count(*)"
                            ],
                            "Workers": [
                                {
                                    "Worker Number": 0,
                                    "Actual Startup Time": 1030.798,
                                    "Actual Total Time": 1030.8,
                                    "Actual Rows": 1,
                                    "Actual Loops": 1
                                },
                                {
                                    "Worker Number": 1,
                                    "Actual Startup Time": 1032.513,
                                    "Actual Total Time": 1032.517,
                                    "Actual Rows": 1,
                                    "Actual Loops": 1
                                },
                                {
                                    "Worker Number": 2,
                                    "Actual Startup Time": 1032.604,
                                    "Actual Total Time": 1032.605,
                                    "Actual Rows": 1,
                                    "Actual Loops": 1
                                },
                                {
                                    "Worker Number": 3,
                                    "Actual Startup Time": 1032.521,
                                    "Actual Total Time": 1032.523,
                                    "Actual Rows": 1,
                                    "Actual Loops": 1
                                },
                                {
                                    "Worker Number": 4,
                                    "Actual Startup Time": 1032.582,
                                    "Actual Total Time": 1032.583,
                                    "Actual Rows": 1,
                                    "Actual Loops": 1
                                },
                                {
                                    "Worker Number": 5,
                                    "Actual Startup Time": 1033.333,
                                    "Actual Total Time": 1033.335,
                                    "Actual Rows": 1,
                                    "Actual Loops": 1
                                }
                            ],
                            "Plans": [
                                {
                                    "Node Type": "Seq Scan",
                                    "Parent Relationship": "Outer",
                                    "Parallel Aware": true,
                                    "Relation Name": "cast_info",
                                    "Schema": "public",
                                    "Alias": "ci",
                                    "Startup Cost": 0.0,
                                    "Total Cost": 328213.62,
                                    "Plan Rows": 2352356,
                                    "Plan Width": 0,
                                    "Actual Startup Time": 377.548,
                                    "Actual Total Time": 895.841,
                                    "Actual Rows": 2028576,
                                    "Actual Loops": 7,
                                    "Output": [
                                        "id",
                                        "person_id",
                                        "movie_id",
                                        "person_role_id",
                                        "note",
                                        "nr_order",
                                        "role_id"
                                    ],
                                    "Filter": "(ci.person_id > 2245098)",
                                    "Rows Removed by Filter": 3149187,
                                    "Workers": [
                                        {
                                            "Worker Number": 0,
                                            "Actual Startup Time": 374.196,
                                            "Actual Total Time": 901.47,
                                            "Actual Rows": 1955980,
                                            "Actual Loops": 1
                                        },
                                        {
                                            "Worker Number": 1,
                                            "Actual Startup Time": 375.944,
                                            "Actual Total Time": 895.465,
                                            "Actual Rows": 1960814,
                                            "Actual Loops": 1
                                        },
                                        {
                                            "Worker Number": 2,
                                            "Actual Startup Time": 376.013,
                                            "Actual Total Time": 896.882,
                                            "Actual Rows": 2044201,
                                            "Actual Loops": 1
                                        },
                                        {
                                            "Worker Number": 3,
                                            "Actual Startup Time": 375.936,
                                            "Actual Total Time": 896.944,
                                            "Actual Rows": 2031137,
                                            "Actual Loops": 1
                                        },
                                        {
                                            "Worker Number": 4,
                                            "Actual Startup Time": 376.006,
                                            "Actual Total Time": 896.754,
                                            "Actual Rows": 2051214,
                                            "Actual Loops": 1
                                        },
                                        {
                                            "Worker Number": 5,
                                            "Actual Startup Time": 376.735,
                                            "Actual Total Time": 902.438,
                                            "Actual Rows": 1951275,
                                            "Actual Loops": 1
                                        }
                                    ]
                                }
                            ]
                        }
                    ]
                }
            ]
        },
        "Planning Time": 296.187,
        "Triggers": [],
        "Execution Time": 1083.94
    }
]