{
  "Plan": {
    "Node Type": "Aggregate",
    "Strategy": "Plain",
    "Partial Mode": "Finalize",
    "Parallel Aware": false,
    "Startup Cost": 151351.43,
    "Total Cost": 151351.44,
    "Plan Rows": 1,
    "Plan Width": 8,
    "Actual Startup Time": 538.551,
    "Actual Total Time": 556.807,
    "Actual Rows": 1,
    "Actual Loops": 1,
    "Plans": [
      {
        "Node Type": "Gather",
        "Parent Relationship": "Outer",
        "Parallel Aware": false,
        "Startup Cost": 151351.32,
        "Total Cost": 151351.43,
        "Plan Rows": 1,
        "Plan Width": 8,
        "Actual Startup Time": 535.067,
        "Actual Total Time": 556.801,
        "Actual Rows": 2,
        "Actual Loops": 1,
        "Workers Planned": 1,
        "Workers Launched": 1,
        "Single Copy": false,
        "Plans": [
          {
            "Node Type": "Aggregate",
            "Strategy": "Plain",
            "Partial Mode": "Partial",
            "Parent Relationship": "Outer",
            "Parallel Aware": false,
            "Startup Cost": 150351.32,
            "Total Cost": 150351.33,
            "Plan Rows": 1,
            "Plan Width": 8,
            "Actual Startup Time": 529.459,
            "Actual Total Time": 529.466,
            "Actual Rows": 1,
            "Actual Loops": 2,
            "Plans": [
              {
                "Node Type": "Merge Join",
                "Parent Relationship": "Outer",
                "Parallel Aware": false,
                "Join Type": "Inner",
                "Startup Cost": 148501.91,
                "Total Cost": 150324.6,
                "Plan Rows": 10688,
                "Plan Width": 0,
                "Actual Startup Time": 508.63,
                "Actual Total Time": 528.921,
                "Actual Rows": 12980,
                "Actual Loops": 2,
                "Inner Unique": false,
                "Merge Cond": "(t.id = mc.movie_id)",
                "Plans": [
                  {
                    "Node Type": "Sort",
                    "Parent Relationship": "Outer",
                    "Parallel Aware": false,
                    "Startup Cost": 94181.47,
                    "Total Cost": 94487.13,
                    "Plan Rows": 122264,
                    "Plan Width": 8,
                    "Actual Startup Time": 405.907,
                    "Actual Total Time": 411.486,
                    "Actual Rows": 88734,
                    "Actual Loops": 2,
                    "Sort Key": [
                      "t.id"
                    ],
                    "Sort Method": "quicksort",
                    "Sort Space Used": 7533,
                    "Sort Space Type": "Memory",
                    "Workers": [
                      {
                        "Worker Number": 0,
                        "Sort Method": "quicksort",
                        "Sort Space Used": 6931,
                        "Sort Space Type": "Memory"
                      }
                    ],
                    "Plans": [
                      {
                        "Node Type": "Hash Join",
                        "Parent Relationship": "Outer",
                        "Parallel Aware": true,
                        "Join Type": "Inner",
                        "Startup Cost": 21471.87,
                        "Total Cost": 83850.38,
                        "Plan Rows": 122264,
                        "Plan Width": 8,
                        "Actual Startup Time": 117.74,
                        "Actual Total Time": 385.376,
                        "Actual Rows": 88734,
                        "Actual Loops": 2,
                        "Inner Unique": false,
                        "Hash Cond": "(t.id = mi_idx.movie_id)",
                        "Plans": [
                          {
                            "Node Type": "Seq Scan",
                            "Parent Relationship": "Outer",
                            "Parallel Aware": true,
                            "Relation Name": "title",
                            "Alias": "t",
                            "Startup Cost": 0.0,
                            "Total Cost": 58306.47,
                            "Plan Rows": 670570,
                            "Plan Width": 4,
                            "Actual Startup Time": 0.01,
                            "Actual Total Time": 145.928,
                            "Actual Rows": 547790,
                            "Actual Loops": 2,
                            "Filter": "((kind_id > 1) AND (production_year < 2007))",
                            "Rows Removed by Filter": 716366
                          },
                          {
                            "Node Type": "Hash",
                            "Parent Relationship": "Inner",
                            "Parallel Aware": true,
                            "Startup Cost": 18082.32,
                            "Total Cost": 18082.32,
                            "Plan Rows": 271164,
                            "Plan Width": 4,
                            "Actual Startup Time": 112.614,
                            "Actual Total Time": 112.615,
                            "Actual Rows": 230092,
                            "Actual Loops": 2,
                            "Hash Buckets": 524288,
                            "Original Hash Buckets": 524288,
                            "Hash Batches": 1,
                            "Original Hash Batches": 1,
                            "Peak Memory Usage": 22112,
                            "Plans": [
                              {
                                "Node Type": "Seq Scan",
                                "Parent Relationship": "Outer",
                                "Parallel Aware": true,
                                "Relation Name": "movie_info_idx",
                                "Alias": "mi_idx",
                                "Startup Cost": 0.0,
                                "Total Cost": 18082.32,
                                "Plan Rows": 271164,
                                "Plan Width": 4,
                                "Actual Startup Time": 0.046,
                                "Actual Total Time": 64.323,
                                "Actual Rows": 230092,
                                "Actual Loops": 2,
                                "Filter": "(info_type_id > 100)",
                                "Rows Removed by Filter": 459925
                              }
                            ]
                          }
                        ]
                      }
                    ]
                  },
                  {
                    "Node Type": "Sort",
                    "Parent Relationship": "Inner",
                    "Parallel Aware": false,
                    "Startup Cost": 54320.42,
                    "Total Cost": 54872.98,
                    "Plan Rows": 221024,
                    "Plan Width": 4,
                    "Actual Startup Time": 102.71,
                    "Actual Total Time": 106.175,
                    "Actual Rows": 102926,
                    "Actual Loops": 2,
                    "Sort Key": [
                      "mc.movie_id"
                    ],
                    "Sort Method": "quicksort",
                    "Sort Space Used": 7897,
                    "Sort Space Type": "Memory",
                    "Workers": [
                      {
                        "Worker Number": 0,
                        "Sort Method": "quicksort",
                        "Sort Space Used": 7897,
                        "Sort Space Type": "Memory"
                      }
                    ],
                    "Plans": [
                      {
                        "Node Type": "Bitmap Heap Scan",
                        "Parent Relationship": "Outer",
                        "Parallel Aware": false,
                        "Relation Name": "movie_companies",
                        "Alias": "mc",
                        "Startup Cost": 9380.56,
                        "Total Cost": 34700.3,
                        "Plan Rows": 221024,
                        "Plan Width": 4,
                        "Actual Startup Time": 57.19,
                        "Actual Total Time": 82.227,
                        "Actual Rows": 102927,
                        "Actual Loops": 2,
                        "Recheck Cond": "(company_id < 312)",
                        "Rows Removed by Index Recheck": 0,
                        "Filter": "(company_type_id = 2)",
                        "Rows Removed by Filter": 328363,
                        "Exact Heap Blocks": 18131,
                        "Lossy Heap Blocks": 0,
                        "Plans": [
                          {
                            "Node Type": "Bitmap Index Scan",
                            "Parent Relationship": "Outer",
                            "Parallel Aware": false,
                            "Index Name": "company_id_movie_companies",
                            "Startup Cost": 0.0,
                            "Total Cost": 9325.3,
                            "Plan Rows": 435316,
                            "Plan Width": 0,
                            "Actual Startup Time": 15.449,
                            "Actual Total Time": 15.449,
                            "Actual Rows": 431290,
                            "Actual Loops": 2,
                            "Index Cond": "(company_id < 312)"
                          }
                        ]
                      }
                    ]
                  }
                ]
              }
            ]
          }
        ]
      }
    ]
  },
  "Planning Time": 1.1,
  "Triggers": [],
  "Execution Time": 556.922
}