{
    "Plan": {
        "Node Type": "Aggregate",
        "Strategy": "Plain",
        "Partial Mode": "Finalize",
        "Parallel Aware": false,
        "Startup Cost": 620452.53,
        "Total Cost": 620452.54,
        "Plan Rows": 1,
        "Plan Width": 8,
        "Actual Startup Time": 7178.153,
        "Actual Total Time": 7252.472,
        "Actual Rows": 1,
        "Actual Loops": 1,
        "Output": [
            "count(*)"
        ],
        "Plans": [
            {
                "Node Type": "Gather",
                "Parent Relationship": "Outer",
                "Parallel Aware": false,
                "Startup Cost": 620451.9,
                "Total Cost": 620452.51,
                "Plan Rows": 6,
                "Plan Width": 8,
                "Actual Startup Time": 7165.356,
                "Actual Total Time": 7252.457,
                "Actual Rows": 7,
                "Actual Loops": 1,
                "Output": [
                    "(PARTIAL count(*))"
                ],
                "Workers Planned": 6,
                "Workers Launched": 6,
                "Single Copy": false,
                "Plans": [
                    {
                        "Node Type": "Aggregate",
                        "Strategy": "Plain",
                        "Partial Mode": "Partial",
                        "Parent Relationship": "Outer",
                        "Parallel Aware": false,
                        "Startup Cost": 619451.9,
                        "Total Cost": 619451.91,
                        "Plan Rows": 1,
                        "Plan Width": 8,
                        "Actual Startup Time": 7144.786,
                        "Actual Total Time": 7144.86,
                        "Actual Rows": 1,
                        "Actual Loops": 7,
                        "Output": [
                            "PARTIAL count(*)"
                        ],
                        "Workers": [
                            {
                                "Worker Number": 0,
                                "Actual Startup Time": 7141.03,
                                "Actual Total Time": 7141.034,
                                "Actual Rows": 1,
                                "Actual Loops": 1
                            },
                            {
                                "Worker Number": 1,
                                "Actual Startup Time": 7141.036,
                                "Actual Total Time": 7141.041,
                                "Actual Rows": 1,
                                "Actual Loops": 1
                            },
                            {
                                "Worker Number": 2,
                                "Actual Startup Time": 7140.688,
                                "Actual Total Time": 7140.695,
                                "Actual Rows": 1,
                                "Actual Loops": 1
                            },
                            {
                                "Worker Number": 3,
                                "Actual Startup Time": 7141.018,
                                "Actual Total Time": 7141.024,
                                "Actual Rows": 1,
                                "Actual Loops": 1
                            },
                            {
                                "Worker Number": 4,
                                "Actual Startup Time": 7140.988,
                                "Actual Total Time": 7140.993,
                                "Actual Rows": 1,
                                "Actual Loops": 1
                            },
                            {
                                "Worker Number": 5,
                                "Actual Startup Time": 7144.378,
                                "Actual Total Time": 7144.384,
                                "Actual Rows": 1,
                                "Actual Loops": 1
                            }
                        ],
                        "Plans": [
                            {
                                "Node Type": "Hash Join",
                                "Parent Relationship": "Outer",
                                "Parallel Aware": true,
                                "Join Type": "Inner",
                                "Startup Cost": 257907.65,
                                "Total Cost": 605130.81,
                                "Plan Rows": 5728437,
                                "Plan Width": 0,
                                "Actual Startup Time": 1027.352,
                                "Actual Total Time": 6158.195,
                                "Actual Rows": 23514903,
                                "Actual Loops": 7,
                                "Inner Unique": false,
                                "Hash Cond": "(ci.movie_id = t.id)",
                                "Workers": [
                                    {
                                        "Worker Number": 0,
                                        "Actual Startup Time": 1024.039,
                                        "Actual Total Time": 6126.428,
                                        "Actual Rows": 23740556,
                                        "Actual Loops": 1
                                    },
                                    {
                                        "Worker Number": 1,
                                        "Actual Startup Time": 1023.966,
                                        "Actual Total Time": 6195.132,
                                        "Actual Rows": 23482342,
                                        "Actual Loops": 1
                                    },
                                    {
                                        "Worker Number": 2,
                                        "Actual Startup Time": 1023.821,
                                        "Actual Total Time": 6199.574,
                                        "Actual Rows": 23148273,
                                        "Actual Loops": 1
                                    },
                                    {
                                        "Worker Number": 3,
                                        "Actual Startup Time": 1023.98,
                                        "Actual Total Time": 6202.976,
                                        "Actual Rows": 23242569,
                                        "Actual Loops": 1
                                    },
                                    {
                                        "Worker Number": 4,
                                        "Actual Startup Time": 1024.136,
                                        "Actual Total Time": 6116.041,
                                        "Actual Rows": 24127358,
                                        "Actual Loops": 1
                                    },
                                    {
                                        "Worker Number": 5,
                                        "Actual Startup Time": 1024.077,
                                        "Actual Total Time": 6101.556,
                                        "Actual Rows": 20473442,
                                        "Actual Loops": 1
                                    }
                                ],
                                "Plans": [
                                    {
                                        "Node Type": "Seq Scan",
                                        "Parent Relationship": "Outer",
                                        "Parallel Aware": true,
                                        "Relation Name": "cast_info",
                                        "Schema": "public",
                                        "Alias": "ci",
                                        "Startup Cost": 0.0,
                                        "Total Cost": 313108.29,
                                        "Plan Rows": 6042129,
                                        "Plan Width": 4,
                                        "Actual Startup Time": 0.034,
                                        "Actual Total Time": 562.028,
                                        "Actual Rows": 5177763,
                                        "Actual Loops": 7,
                                        "Output": [
                                            "ci.id",
                                            "ci.person_id",
                                            "ci.movie_id",
                                            "ci.person_role_id",
                                            "ci.note",
                                            "ci.nr_order",
                                            "ci.role_id"
                                        ],
                                        "Workers": [
                                            {
                                                "Worker Number": 0,
                                                "Actual Startup Time": 0.038,
                                                "Actual Total Time": 584.524,
                                                "Actual Rows": 5187824,
                                                "Actual Loops": 1
                                            },
                                            {
                                                "Worker Number": 1,
                                                "Actual Startup Time": 0.043,
                                                "Actual Total Time": 571.756,
                                                "Actual Rows": 5005191,
                                                "Actual Loops": 1
                                            },
                                            {
                                                "Worker Number": 2,
                                                "Actual Startup Time": 0.034,
                                                "Actual Total Time": 580.542,
                                                "Actual Rows": 5021181,
                                                "Actual Loops": 1
                                            },
                                            {
                                                "Worker Number": 3,
                                                "Actual Startup Time": 0.038,
                                                "Actual Total Time": 582.957,
                                                "Actual Rows": 5104935,
                                                "Actual Loops": 1
                                            },
                                            {
                                                "Worker Number": 4,
                                                "Actual Startup Time": 0.04,
                                                "Actual Total Time": 581.376,
                                                "Actual Rows": 5236452,
                                                "Actual Loops": 1
                                            },
                                            {
                                                "Worker Number": 5,
                                                "Actual Startup Time": 0.034,
                                                "Actual Total Time": 586.127,
                                                "Actual Rows": 4705183,
                                                "Actual Loops": 1
                                            }
                                        ]
                                    },
                                    {
                                        "Node Type": "Hash",
                                        "Parent Relationship": "Inner",
                                        "Parallel Aware": true,
                                        "Startup Cost": 251915.0,
                                        "Total Cost": 251915.0,
                                        "Plan Rows": 479412,
                                        "Plan Width": 8,
                                        "Actual Startup Time": 1020.63,
                                        "Actual Total Time": 1020.702,
                                        "Actual Rows": 486334,
                                        "Actual Loops": 7,
                                        "Output": [
                                            "t.id",
                                            "mi.movie_id"
                                        ],
                                        "Hash Buckets": 4194304,
                                        "Original Hash Buckets": 4194304,
                                        "Hash Batches": 1,
                                        "Original Hash Batches": 1,
                                        "Peak Memory Usage": 166048,
                                        "Workers": [
                                            {
                                                "Worker Number": 0,
                                                "Actual Startup Time": 1023.127,
                                                "Actual Total Time": 1023.13,
                                                "Actual Rows": 380604,
                                                "Actual Loops": 1
                                            },
                                            {
                                                "Worker Number": 1,
                                                "Actual Startup Time": 1023.216,
                                                "Actual Total Time": 1023.22,
                                                "Actual Rows": 481599,
                                                "Actual Loops": 1
                                            },
                                            {
                                                "Worker Number": 2,
                                                "Actual Startup Time": 1023.123,
                                                "Actual Total Time": 1023.128,
                                                "Actual Rows": 472507,
                                                "Actual Loops": 1
                                            },
                                            {
                                                "Worker Number": 3,
                                                "Actual Startup Time": 1023.236,
                                                "Actual Total Time": 1023.24,
                                                "Actual Rows": 485840,
                                                "Actual Loops": 1
                                            },
                                            {
                                                "Worker Number": 4,
                                                "Actual Startup Time": 1023.271,
                                                "Actual Total Time": 1023.274,
                                                "Actual Rows": 394698,
                                                "Actual Loops": 1
                                            },
                                            {
                                                "Worker Number": 5,
                                                "Actual Startup Time": 1023.305,
                                                "Actual Total Time": 1023.309,
                                                "Actual Rows": 553213,
                                                "Actual Loops": 1
                                            }
                                        ],
                                        "Plans": [
                                            {
                                                "Node Type": "Hash Join",
                                                "Parent Relationship": "Outer",
                                                "Parallel Aware": true,
                                                "Join Type": "Inner",
                                                "Startup Cost": 47176.68,
                                                "Total Cost": 251915.0,
                                                "Plan Rows": 479412,
                                                "Plan Width": 8,
                                                "Actual Startup Time": 120.808,
                                                "Actual Total Time": 817.519,
                                                "Actual Rows": 486334,
                                                "Actual Loops": 7,
                                                "Output": [
                                                    "t.id",
                                                    "mi.movie_id"
                                                ],
                                                "Inner Unique": true,
                                                "Hash Cond": "(mi.movie_id = t.id)",
                                                "Workers": [
                                                    {
                                                        "Worker Number": 0,
                                                        "Actual Startup Time": 120.806,
                                                        "Actual Total Time": 818.644,
                                                        "Actual Rows": 380604,
                                                        "Actual Loops": 1
                                                    },
                                                    {
                                                        "Worker Number": 1,
                                                        "Actual Startup Time": 120.761,
                                                        "Actual Total Time": 818.772,
                                                        "Actual Rows": 481599,
                                                        "Actual Loops": 1
                                                    },
                                                    {
                                                        "Worker Number": 2,
                                                        "Actual Startup Time": 120.804,
                                                        "Actual Total Time": 819.162,
                                                        "Actual Rows": 472507,
                                                        "Actual Loops": 1
                                                    },
                                                    {
                                                        "Worker Number": 3,
                                                        "Actual Startup Time": 120.755,
                                                        "Actual Total Time": 820.561,
                                                        "Actual Rows": 485840,
                                                        "Actual Loops": 1
                                                    },
                                                    {
                                                        "Worker Number": 4,
                                                        "Actual Startup Time": 120.962,
                                                        "Actual Total Time": 824.335,
                                                        "Actual Rows": 394698,
                                                        "Actual Loops": 1
                                                    },
                                                    {
                                                        "Worker Number": 5,
                                                        "Actual Startup Time": 120.662,
                                                        "Actual Total Time": 814.739,
                                                        "Actual Rows": 553213,
                                                        "Actual Loops": 1
                                                    }
                                                ],
                                                "Plans": [
                                                    {
                                                        "Node Type": "Seq Scan",
                                                        "Parent Relationship": "Outer",
                                                        "Parallel Aware": true,
                                                        "Relation Name": "movie_info",
                                                        "Schema": "public",
                                                        "Alias": "mi",
                                                        "Startup Cost": 0.0,
                                                        "Total Cost": 198880.74,
                                                        "Plan Rows": 2231456,
                                                        "Plan Width": 4,
                                                        "Actual Startup Time": 0.034,
                                                        "Actual Total Time": 349.529,
                                                        "Actual Rows": 1601535,
                                                        "Actual Loops": 7,
                                                        "Output": [
                                                            "mi.id",
                                                            "mi.movie_id",
                                                            "mi.info_type_id",
                                                            "mi.info",
                                                            "mi.note"
                                                        ],
                                                        "Filter": "(mi.info_type_id > 3)",
                                                        "Rows Removed by Filter": 517854,
                                                        "Workers": [
                                                            {
                                                                "Worker Number": 0,
                                                                "Actual Startup Time": 0.048,
                                                                "Actual Total Time": 369.098,
                                                                "Actual Rows": 1250826,
                                                                "Actual Loops": 1
                                                            },
                                                            {
                                                                "Worker Number": 1,
                                                                "Actual Startup Time": 0.041,
                                                                "Actual Total Time": 352.516,
                                                                "Actual Rows": 1560081,
                                                                "Actual Loops": 1
                                                            },
                                                            {
                                                                "Worker Number": 2,
                                                                "Actual Startup Time": 0.043,
                                                                "Actual Total Time": 355.399,
                                                                "Actual Rows": 1522309,
                                                                "Actual Loops": 1
                                                            },
                                                            {
                                                                "Worker Number": 3,
                                                                "Actual Startup Time": 0.035,
                                                                "Actual Total Time": 354.362,
                                                                "Actual Rows": 1570608,
                                                                "Actual Loops": 1
                                                            },
                                                            {
                                                                "Worker Number": 4,
                                                                "Actual Startup Time": 0.033,
                                                                "Actual Total Time": 370.639,
                                                                "Actual Rows": 1294690,
                                                                "Actual Loops": 1
                                                            },
                                                            {
                                                                "Worker Number": 5,
                                                                "Actual Startup Time": 0.03,
                                                                "Actual Total Time": 345.865,
                                                                "Actual Rows": 1827535,
                                                                "Actual Loops": 1
                                                            }
                                                        ]
                                                    },
                                                    {
                                                        "Node Type": "Hash",
                                                        "Parent Relationship": "Inner",
                                                        "Parallel Aware": true,
                                                        "Startup Cost": 45479.21,
                                                        "Total Cost": 45479.21,
                                                        "Plan Rows": 135798,
                                                        "Plan Width": 4,
                                                        "Actual Startup Time": 118.796,
                                                        "Actual Total Time": 118.797,
                                                        "Actual Rows": 65687,
                                                        "Actual Loops": 7,
                                                        "Output": [
                                                            "t.id"
                                                        ],
                                                        "Hash Buckets": 1048576,
                                                        "Original Hash Buckets": 1048576,
                                                        "Hash Batches": 1,
                                                        "Original Hash Batches": 1,
                                                        "Peak Memory Usage": 26304,
                                                        "Workers": [
                                                            {
                                                                "Worker Number": 0,
                                                                "Actual Startup Time": 119.546,
                                                                "Actual Total Time": 119.547,
                                                                "Actual Rows": 49363,
                                                                "Actual Loops": 1
                                                            },
                                                            {
                                                                "Worker Number": 1,
                                                                "Actual Startup Time": 119.598,
                                                                "Actual Total Time": 119.599,
                                                                "Actual Rows": 64287,
                                                                "Actual Loops": 1
                                                            },
                                                            {
                                                                "Worker Number": 2,
                                                                "Actual Startup Time": 119.541,
                                                                "Actual Total Time": 119.542,
                                                                "Actual Rows": 63118,
                                                                "Actual Loops": 1
                                                            },
                                                            {
                                                                "Worker Number": 3,
                                                                "Actual Startup Time": 119.556,
                                                                "Actual Total Time": 119.558,
                                                                "Actual Rows": 63616,
                                                                "Actual Loops": 1
                                                            },
                                                            {
                                                                "Worker Number": 4,
                                                                "Actual Startup Time": 119.572,
                                                                "Actual Total Time": 119.573,
                                                                "Actual Rows": 51749,
                                                                "Actual Loops": 1
                                                            },
                                                            {
                                                                "Worker Number": 5,
                                                                "Actual Startup Time": 119.416,
                                                                "Actual Total Time": 119.417,
                                                                "Actual Rows": 70400,
                                                                "Actual Loops": 1
                                                            }
                                                        ],
                                                        "Plans": [
                                                            {
                                                                "Node Type": "Seq Scan",
                                                                "Parent Relationship": "Outer",
                                                                "Parallel Aware": true,
                                                                "Relation Name": "title",
                                                                "Schema": "public",
                                                                "Alias": "t",
                                                                "Startup Cost": 0.0,
                                                                "Total Cost": 45479.21,
                                                                "Plan Rows": 135798,
                                                                "Plan Width": 4,
                                                                "Actual Startup Time": 0.084,
                                                                "Actual Total Time": 83.263,
                                                                "Actual Rows": 65687,
                                                                "Actual Loops": 7,
                                                                "Output": [
                                                                    "t.id"
                                                                ],
                                                                "Filter": "((t.kind_id < 7) AND (t.production_year > 2000))",
                                                                "Rows Removed by Filter": 295500,
                                                                "Workers": [
                                                                    {
                                                                        "Worker Number": 0,
                                                                        "Actual Startup Time": 0.083,
                                                                        "Actual Total Time": 85.671,
                                                                        "Actual Rows": 49363,
                                                                        "Actual Loops": 1
                                                                    },
                                                                    {
                                                                        "Worker Number": 1,
                                                                        "Actual Startup Time": 0.086,
                                                                        "Actual Total Time": 83.541,
                                                                        "Actual Rows": 64287,
                                                                        "Actual Loops": 1
                                                                    },
                                                                    {
                                                                        "Worker Number": 2,
                                                                        "Actual Startup Time": 0.086,
                                                                        "Actual Total Time": 84.459,
                                                                        "Actual Rows": 63118,
                                                                        "Actual Loops": 1
                                                                    },
                                                                    {
                                                                        "Worker Number": 3,
                                                                        "Actual Startup Time": 0.094,
                                                                        "Actual Total Time": 84.065,
                                                                        "Actual Rows": 63616,
                                                                        "Actual Loops": 1
                                                                    },
                                                                    {
                                                                        "Worker Number": 4,
                                                                        "Actual Startup Time": 0.138,
                                                                        "Actual Total Time": 78.258,
                                                                        "Actual Rows": 51749,
                                                                        "Actual Loops": 1
                                                                    },
                                                                    {
                                                                        "Worker Number": 5,
                                                                        "Actual Startup Time": 0.089,
                                                                        "Actual Total Time": 84.406,
                                                                        "Actual Rows": 70400,
                                                                        "Actual Loops": 1
                                                                    }
                                                                ]
                                                            }
                                                        ]
                                                    }
                                                ]
                                            }
                                        ]
                                    }
                                ]
                            }
                        ]
                    }
                ]
            }
        ]
    },
    "Planning Time": 1.546,
    "Triggers": [],
    "Execution Time": 7252.573
}