[
    {
        "Bao": {
            "Bao prediction": "NaN",
            "Bao recommended hint": "(no hint)"
        }
    },
    {
        "Plan": {
            "Node Type": "Aggregate",
            "Strategy": "Plain",
            "Partial Mode": "Finalize",
            "Parallel Aware": false,
            "Startup Cost": 366106.76,
            "Total Cost": 366106.77,
            "Plan Rows": 1,
            "Plan Width": 8,
            "Actual Startup Time": 955.256,
            "Actual Total Time": 994.489,
            "Actual Rows": 1,
            "Actual Loops": 1,
            "Output": [
                "count(*)"
            ],
            "Plans": [
                {
                    "Node Type": "Gather",
                    "Parent Relationship": "Outer",
                    "Parallel Aware": false,
                    "Startup Cost": 366106.24,
                    "Total Cost": 366106.75,
                    "Plan Rows": 5,
                    "Plan Width": 8,
                    "Actual Startup Time": 944.814,
                    "Actual Total Time": 994.478,
                    "Actual Rows": 6,
                    "Actual Loops": 1,
                    "Output": [
                        "(PARTIAL count(*))"
                    ],
                    "Workers Planned": 5,
                    "Workers Launched": 5,
                    "Single Copy": false,
                    "Plans": [
                        {
                            "Node Type": "Aggregate",
                            "Strategy": "Plain",
                            "Partial Mode": "Partial",
                            "Parent Relationship": "Outer",
                            "Parallel Aware": false,
                            "Startup Cost": 365106.24,
                            "Total Cost": 365106.25,
                            "Plan Rows": 1,
                            "Plan Width": 8,
                            "Actual Startup Time": 931.402,
                            "Actual Total Time": 931.673,
                            "Actual Rows": 1,
                            "Actual Loops": 6,
                            "Output": [
                                "PARTIAL count(*)"
                            ],
                            "Workers": [
                                {
                                    "Worker Number": 0,
                                    "Actual Startup Time": 928.544,
                                    "Actual Total Time": 928.549,
                                    "Actual Rows": 1,
                                    "Actual Loops": 1
                                },
                                {
                                    "Worker Number": 1,
                                    "Actual Startup Time": 929.72,
                                    "Actual Total Time": 929.725,
                                    "Actual Rows": 1,
                                    "Actual Loops": 1
                                },
                                {
                                    "Worker Number": 2,
                                    "Actual Startup Time": 928.69,
                                    "Actual Total Time": 928.696,
                                    "Actual Rows": 1,
                                    "Actual Loops": 1
                                },
                                {
                                    "Worker Number": 3,
                                    "Actual Startup Time": 928.45,
                                    "Actual Total Time": 928.455,
                                    "Actual Rows": 1,
                                    "Actual Loops": 1
                                },
                                {
                                    "Worker Number": 4,
                                    "Actual Startup Time": 928.924,
                                    "Actual Total Time": 928.929,
                                    "Actual Rows": 1,
                                    "Actual Loops": 1
                                }
                            ],
                            "Plans": [
                                {
                                    "Node Type": "Hash Join",
                                    "Parent Relationship": "Outer",
                                    "Parallel Aware": true,
                                    "Join Type": "Inner",
                                    "Startup Cost": 252812.17,
                                    "Total Cost": 363945.66,
                                    "Plan Rows": 464230,
                                    "Plan Width": 0,
                                    "Actual Startup Time": 633.209,
                                    "Actual Total Time": 913.955,
                                    "Actual Rows": 353643,
                                    "Actual Loops": 6,
                                    "Inner Unique": false,
                                    "Hash Cond": "(ci.movie_id = t.id)",
                                    "Workers": [
                                        {
                                            "Worker Number": 0,
                                            "Actual Startup Time": 630.643,
                                            "Actual Total Time": 909.466,
                                            "Actual Rows": 271814,
                                            "Actual Loops": 1
                                        },
                                        {
                                            "Worker Number": 1,
                                            "Actual Startup Time": 630.391,
                                            "Actual Total Time": 910.059,
                                            "Actual Rows": 278436,
                                            "Actual Loops": 1
                                        },
                                        {
                                            "Worker Number": 2,
                                            "Actual Startup Time": 631.109,
                                            "Actual Total Time": 912.223,
                                            "Actual Rows": 381228,
                                            "Actual Loops": 1
                                        },
                                        {
                                            "Worker Number": 3,
                                            "Actual Startup Time": 630.638,
                                            "Actual Total Time": 911.536,
                                            "Actual Rows": 388679,
                                            "Actual Loops": 1
                                        },
                                        {
                                            "Worker Number": 4,
                                            "Actual Startup Time": 630.641,
                                            "Actual Total Time": 911.736,
                                            "Actual Rows": 382709,
                                            "Actual Loops": 1
                                        }
                                    ],
                                    "Plans": [
                                        {
                                            "Node Type": "Index Scan",
                                            "Parent Relationship": "Outer",
                                            "Parallel Aware": true,
                                            "Scan Direction": "Forward",
                                            "Index Name": "role_id_cast_info",
                                            "Relation Name": "cast_info",
                                            "Schema": "public",
                                            "Alias": "ci",
                                            "Startup Cost": 0.56,
                                            "Total Cost": 107202.96,
                                            "Plan Rows": 800703,
                                            "Plan Width": 4,
                                            "Actual Startup Time": 0.27,
                                            "Actual Total Time": 117.095,
                                            "Actual Rows": 668006,
                                            "Actual Loops": 6,
                                            "Output": [
                                                "ci.id",
                                                "ci.person_id",
                                                "ci.movie_id",
                                                "ci.person_role_id",
                                                "ci.note",
                                                "ci.nr_order",
                                                "ci.role_id"
                                            ],
                                            "Index Cond": "(ci.role_id = 3)",
                                            "Rows Removed by Index Recheck": 0,
                                            "Workers": [
                                                {
                                                    "Worker Number": 0,
                                                    "Actual Startup Time": 0.393,
                                                    "Actual Total Time": 121.698,
                                                    "Actual Rows": 513255,
                                                    "Actual Loops": 1
                                                },
                                                {
                                                    "Worker Number": 1,
                                                    "Actual Startup Time": 0.121,
                                                    "Actual Total Time": 121.067,
                                                    "Actual Rows": 513257,
                                                    "Actual Loops": 1
                                                },
                                                {
                                                    "Worker Number": 2,
                                                    "Actual Startup Time": 0.307,
                                                    "Actual Total Time": 117.954,
                                                    "Actual Rows": 739079,
                                                    "Actual Loops": 1
                                                },
                                                {
                                                    "Worker Number": 3,
                                                    "Actual Startup Time": 0.512,
                                                    "Actual Total Time": 117.757,
                                                    "Actual Rows": 738298,
                                                    "Actual Loops": 1
                                                },
                                                {
                                                    "Worker Number": 4,
                                                    "Actual Startup Time": 0.144,
                                                    "Actual Total Time": 116.077,
                                                    "Actual Rows": 722563,
                                                    "Actual Loops": 1
                                                }
                                            ]
                                        },
                                        {
                                            "Node Type": "Hash",
                                            "Parent Relationship": "Inner",
                                            "Parallel Aware": true,
                                            "Startup Cost": 249146.95,
                                            "Total Cost": 249146.95,
                                            "Plan Rows": 293173,
                                            "Plan Width": 8,
                                            "Actual Startup Time": 627.869,
                                            "Actual Total Time": 628.138,
                                            "Actual Rows": 76893,
                                            "Actual Loops": 6,
                                            "Output": [
                                                "t.id",
                                                "mi.movie_id"
                                            ],
                                            "Hash Buckets": 2097152,
                                            "Original Hash Buckets": 2097152,
                                            "Hash Batches": 1,
                                            "Original Hash Batches": 1,
                                            "Peak Memory Usage": 34528,
                                            "Workers": [
                                                {
                                                    "Worker Number": 0,
                                                    "Actual Startup Time": 629.444,
                                                    "Actual Total Time": 629.448,
                                                    "Actual Rows": 58412,
                                                    "Actual Loops": 1
                                                },
                                                {
                                                    "Worker Number": 1,
                                                    "Actual Startup Time": 629.612,
                                                    "Actual Total Time": 629.615,
                                                    "Actual Rows": 58108,
                                                    "Actual Loops": 1
                                                },
                                                {
                                                    "Worker Number": 2,
                                                    "Actual Startup Time": 629.811,
                                                    "Actual Total Time": 629.815,
                                                    "Actual Rows": 81185,
                                                    "Actual Loops": 1
                                                },
                                                {
                                                    "Worker Number": 3,
                                                    "Actual Startup Time": 629.524,
                                                    "Actual Total Time": 629.528,
                                                    "Actual Rows": 80966,
                                                    "Actual Loops": 1
                                                },
                                                {
                                                    "Worker Number": 4,
                                                    "Actual Startup Time": 629.908,
                                                    "Actual Total Time": 629.912,
                                                    "Actual Rows": 83311,
                                                    "Actual Loops": 1
                                                }
                                            ],
                                            "Plans": [
                                                {
                                                    "Node Type": "Hash Join",
                                                    "Parent Relationship": "Outer",
                                                    "Parallel Aware": true,
                                                    "Join Type": "Inner",
                                                    "Startup Cost": 49096.28,
                                                    "Total Cost": 249146.95,
                                                    "Plan Rows": 293173,
                                                    "Plan Width": 8,
                                                    "Actual Startup Time": 221.975,
                                                    "Actual Total Time": 588.378,
                                                    "Actual Rows": 76893,
                                                    "Actual Loops": 6,
                                                    "Output": [
                                                        "t.id",
                                                        "mi.movie_id"
                                                    ],
                                                    "Inner Unique": true,
                                                    "Hash Cond": "(mi.movie_id = t.id)",
                                                    "Workers": [
                                                        {
                                                            "Worker Number": 0,
                                                            "Actual Startup Time": 222.006,
                                                            "Actual Total Time": 589.452,
                                                            "Actual Rows": 58412,
                                                            "Actual Loops": 1
                                                        },
                                                        {
                                                            "Worker Number": 1,
                                                            "Actual Startup Time": 221.965,
                                                            "Actual Total Time": 588.403,
                                                            "Actual Rows": 58108,
                                                            "Actual Loops": 1
                                                        },
                                                        {
                                                            "Worker Number": 2,
                                                            "Actual Startup Time": 221.939,
                                                            "Actual Total Time": 588.285,
                                                            "Actual Rows": 81185,
                                                            "Actual Loops": 1
                                                        },
                                                        {
                                                            "Worker Number": 3,
                                                            "Actual Startup Time": 221.937,
                                                            "Actual Total Time": 588.179,
                                                            "Actual Rows": 80966,
                                                            "Actual Loops": 1
                                                        },
                                                        {
                                                            "Worker Number": 4,
                                                            "Actual Startup Time": 221.925,
                                                            "Actual Total Time": 587.898,
                                                            "Actual Rows": 83311,
                                                            "Actual Loops": 1
                                                        }
                                                    ],
                                                    "Plans": [
                                                        {
                                                            "Node Type": "Seq Scan",
                                                            "Parent Relationship": "Outer",
                                                            "Parallel Aware": true,
                                                            "Relation Name": "movie_info",
                                                            "Schema": "public",
                                                            "Alias": "mi",
                                                            "Startup Cost": 0.0,
                                                            "Total Cost": 198880.74,
                                                            "Plan Rows": 445687,
                                                            "Plan Width": 4,
                                                            "Actual Startup Time": 15.218,
                                                            "Actual Total Time": 290.18,
                                                            "Actual Rows": 372308,
                                                            "Actual Loops": 6,
                                                            "Output": [
                                                                "mi.id",
                                                                "mi.movie_id",
                                                                "mi.info_type_id",
                                                                "mi.info",
                                                                "mi.note"
                                                            ],
                                                            "Filter": "(mi.info_type_id > 16)",
                                                            "Rows Removed by Filter": 2100312,
                                                            "Workers": [
                                                                {
                                                                    "Worker Number": 0,
                                                                    "Actual Startup Time": 15.24,
                                                                    "Actual Total Time": 296.905,
                                                                    "Actual Rows": 284964,
                                                                    "Actual Loops": 1
                                                                },
                                                                {
                                                                    "Worker Number": 1,
                                                                    "Actual Startup Time": 15.221,
                                                                    "Actual Total Time": 297.329,
                                                                    "Actual Rows": 285170,
                                                                    "Actual Loops": 1
                                                                },
                                                                {
                                                                    "Worker Number": 2,
                                                                    "Actual Startup Time": 15.165,
                                                                    "Actual Total Time": 292.217,
                                                                    "Actual Rows": 391892,
                                                                    "Actual Loops": 1
                                                                },
                                                                {
                                                                    "Worker Number": 3,
                                                                    "Actual Startup Time": 15.231,
                                                                    "Actual Total Time": 292.546,
                                                                    "Actual Rows": 393244,
                                                                    "Actual Loops": 1
                                                                },
                                                                {
                                                                    "Worker Number": 4,
                                                                    "Actual Startup Time": 15.238,
                                                                    "Actual Total Time": 289.677,
                                                                    "Actual Rows": 398847,
                                                                    "Actual Loops": 1
                                                                }
                                                            ]
                                                        },
                                                        {
                                                            "Node Type": "Hash",
                                                            "Parent Relationship": "Inner",
                                                            "Parallel Aware": true,
                                                            "Startup Cost": 43899.01,
                                                            "Total Cost": 43899.01,
                                                            "Plan Rows": 415782,
                                                            "Plan Width": 4,
                                                            "Actual Startup Time": 204.297,
                                                            "Actual Total Time": 204.298,
                                                            "Actual Rows": 279016,
                                                            "Actual Loops": 6,
                                                            "Output": [
                                                                "t.id"
                                                            ],
                                                            "Hash Buckets": 2097152,
                                                            "Original Hash Buckets": 2097152,
                                                            "Hash Batches": 1,
                                                            "Original Hash Batches": 1,
                                                            "Peak Memory Usage": 81952,
                                                            "Workers": [
                                                                {
                                                                    "Worker Number": 0,
                                                                    "Actual Startup Time": 206.653,
                                                                    "Actual Total Time": 206.654,
                                                                    "Actual Rows": 218206,
                                                                    "Actual Loops": 1
                                                                },
                                                                {
                                                                    "Worker Number": 1,
                                                                    "Actual Startup Time": 206.63,
                                                                    "Actual Total Time": 206.632,
                                                                    "Actual Rows": 219234,
                                                                    "Actual Loops": 1
                                                                },
                                                                {
                                                                    "Worker Number": 2,
                                                                    "Actual Startup Time": 206.477,
                                                                    "Actual Total Time": 206.478,
                                                                    "Actual Rows": 269872,
                                                                    "Actual Loops": 1
                                                                },
                                                                {
                                                                    "Worker Number": 3,
                                                                    "Actual Startup Time": 206.589,
                                                                    "Actual Total Time": 206.59,
                                                                    "Actual Rows": 267262,
                                                                    "Actual Loops": 1
                                                                },
                                                                {
                                                                    "Worker Number": 4,
                                                                    "Actual Startup Time": 206.578,
                                                                    "Actual Total Time": 206.579,
                                                                    "Actual Rows": 290222,
                                                                    "Actual Loops": 1
                                                                }
                                                            ],
                                                            "Plans": [
                                                                {
                                                                    "Node Type": "Seq Scan",
                                                                    "Parent Relationship": "Outer",
                                                                    "Parallel Aware": true,
                                                                    "Relation Name": "title",
                                                                    "Schema": "public",
                                                                    "Alias": "t",
                                                                    "Startup Cost": 0.0,
                                                                    "Total Cost": 43899.01,
                                                                    "Plan Rows": 415782,
                                                                    "Plan Width": 4,
                                                                    "Actual Startup Time": 0.046,
                                                                    "Actual Total Time": 80.899,
                                                                    "Actual Rows": 279016,
                                                                    "Actual Loops": 6,
                                                                    "Output": [
                                                                        "t.id"
                                                                    ],
                                                                    "Filter": "(t.kind_id > 3)",
                                                                    "Rows Removed by Filter": 142369,
                                                                    "Workers": [
                                                                        {
                                                                            "Worker Number": 0,
                                                                            "Actual Startup Time": 0.051,
                                                                            "Actual Total Time": 86.236,
                                                                            "Actual Rows": 218206,
                                                                            "Actual Loops": 1
                                                                        },
                                                                        {
                                                                            "Worker Number": 1,
                                                                            "Actual Startup Time": 0.049,
                                                                            "Actual Total Time": 86.609,
                                                                            "Actual Rows": 219234,
                                                                            "Actual Loops": 1
                                                                        },
                                                                        {
                                                                            "Worker Number": 2,
                                                                            "Actual Startup Time": 0.048,
                                                                            "Actual Total Time": 80.914,
                                                                            "Actual Rows": 269872,
                                                                            "Actual Loops": 1
                                                                        },
                                                                        {
                                                                            "Worker Number": 3,
                                                                            "Actual Startup Time": 0.062,
                                                                            "Actual Total Time": 80.534,
                                                                            "Actual Rows": 267262,
                                                                            "Actual Loops": 1
                                                                        },
                                                                        {
                                                                            "Worker Number": 4,
                                                                            "Actual Startup Time": 0.051,
                                                                            "Actual Total Time": 80.947,
                                                                            "Actual Rows": 290222,
                                                                            "Actual Loops": 1
                                                                        }
                                                                    ]
                                                                }
                                                            ]
                                                        }
                                                    ]
                                                }
                                            ]
                                        }
                                    ]
                                }
                            ]
                        }
                    ]
                }
            ]
        },
        "Planning Time": 197.827,
        "Triggers": [],
        "Execution Time": 994.618
    }
]