[
  {
    "Plan": {
      "Node Type": "Aggregate",
      "Strategy": "Plain",
      "Partial Mode": "Finalize",
      "Parallel Aware": false,
      "Startup Cost": 46068.65,
      "Total Cost": 46068.66,
      "Plan Rows": 1,
      "Plan Width": 8,
      "Actual Startup Time": 164.425,
      "Actual Total Time": 174.132,
      "Actual Rows": 1,
      "Actual Loops": 1,
      "Plans": [
        {
          "Node Type": "Gather",
          "Parent Relationship": "Outer",
          "Parallel Aware": false,
          "Startup Cost": 46068.33,
          "Total Cost": 46068.64,
          "Plan Rows": 3,
          "Plan Width": 8,
          "Actual Startup Time": 164.244,
          "Actual Total Time": 174.122,
          "Actual Rows": 4,
          "Actual Loops": 1,
          "Workers Planned": 3,
          "Workers Launched": 3,
          "Single Copy": false,
          "Plans": [
            {
              "Node Type": "Aggregate",
              "Strategy": "Plain",
              "Partial Mode": "Partial",
              "Parent Relationship": "Outer",
              "Parallel Aware": false,
              "Startup Cost": 45068.33,
              "Total Cost": 45068.34,
              "Plan Rows": 1,
              "Plan Width": 8,
              "Actual Startup Time": 155.679,
              "Actual Total Time": 155.681,
              "Actual Rows": 1,
              "Actual Loops": 4,
              "Plans": [
                {
                  "Node Type": "Seq Scan",
                  "Parent Relationship": "Outer",
                  "Parallel Aware": true,
                  "Relation Name": "movie_keyword",
                  "Alias": "mk",
                  "Startup Cost": 0.0,
                  "Total Cost": 42695.65,
                  "Plan Rows": 949070,
                  "Plan Width": 0,
                  "Actual Startup Time": 0.06,
                  "Actual Total Time": 120.831,
                  "Actual Rows": 737073,
                  "Actual Loops": 4,
                  "Filter": "(keyword_id < 9920)",
                  "Rows Removed by Filter": 393910
                }
              ]
            }
          ]
        }
      ]
    },
    "Planning Time": 0.194,
    "Triggers": [],
    "Execution Time": 174.188
  }
]