[
  {
    "Plan": {
      "Node Type": "Aggregate",
      "Strategy": "Plain",
      "Partial Mode": "Finalize",
      "Parallel Aware": false,
      "Startup Cost": 443259.83,
      "Total Cost": 443259.84,
      "Plan Rows": 1,
      "Plan Width": 8,
      "Actual Startup Time": 1415.349,
      "Actual Total Time": 1483.987,
      "Actual Rows": 1,
      "Actual Loops": 1,
      "Plans": [
        {
          "Node Type": "Gather",
          "Parent Relationship": "Outer",
          "Parallel Aware": false,
          "Startup Cost": 443259.51,
          "Total Cost": 443259.82,
          "Plan Rows": 3,
          "Plan Width": 8,
          "Actual Startup Time": 1409.541,
          "Actual Total Time": 1483.979,
          "Actual Rows": 4,
          "Actual Loops": 1,
          "Workers Planned": 3,
          "Workers Launched": 3,
          "Single Copy": false,
          "Plans": [
            {
              "Node Type": "Aggregate",
              "Strategy": "Plain",
              "Partial Mode": "Partial",
              "Parent Relationship": "Outer",
              "Parallel Aware": false,
              "Startup Cost": 442259.51,
              "Total Cost": 442259.52,
              "Plan Rows": 1,
              "Plan Width": 8,
              "Actual Startup Time": 1401.751,
              "Actual Total Time": 1401.758,
              "Actual Rows": 1,
              "Actual Loops": 4,
              "Plans": [
                {
                  "Node Type": "Hash Join",
                  "Parent Relationship": "Outer",
                  "Parallel Aware": true,
                  "Join Type": "Inner",
                  "Startup Cost": 392443.35,
                  "Total Cost": 441105.72,
                  "Plan Rows": 461515,
                  "Plan Width": 0,
                  "Actual Startup Time": 1184.3,
                  "Actual Total Time": 1378.245,
                  "Actual Rows": 583892,
                  "Actual Loops": 4,
                  "Inner Unique": false,
                  "Hash Cond": "(mk.movie_id = t.id)",
                  "Plans": [
                    {
                      "Node Type": "Seq Scan",
                      "Parent Relationship": "Outer",
                      "Parallel Aware": true,
                      "Relation Name": "movie_keyword",
                      "Alias": "mk",
                      "Startup Cost": 0.0,
                      "Total Cost": 42695.65,
                      "Plan Rows": 1386008,
                      "Plan Width": 4,
                      "Actual Startup Time": 0.025,
                      "Actual Total Time": 108.706,
                      "Actual Rows": 1074380,
                      "Actual Loops": 4,
                      "Filter": "(keyword_id > 181)",
                      "Rows Removed by Filter": 56602
                    },
                    {
                      "Node Type": "Hash",
                      "Parent Relationship": "Inner",
                      "Parallel Aware": true,
                      "Startup Cost": 390689.35,
                      "Total Cost": 390689.35,
                      "Plan Rows": 140320,
                      "Plan Width": 8,
                      "Actual Startup Time": 1144.772,
                      "Actual Total Time": 1144.777,
                      "Actual Rows": 74712,
                      "Actual Loops": 4,
                      "Hash Buckets": 1048576,
                      "Original Hash Buckets": 1048576,
                      "Hash Batches": 1,
                      "Original Hash Batches": 1,
                      "Peak Memory Usage": 19904,
                      "Plans": [
                        {
                          "Node Type": "Hash Join",
                          "Parent Relationship": "Outer",
                          "Parallel Aware": true,
                          "Join Type": "Inner",
                          "Startup Cost": 45962.36,
                          "Total Cost": 390689.35,
                          "Plan Rows": 140320,
                          "Plan Width": 8,
                          "Actual Startup Time": 840.912,
                          "Actual Total Time": 1116.829,
                          "Actual Rows": 74712,
                          "Actual Loops": 4,
                          "Inner Unique": true,
                          "Hash Cond": "(ci.movie_id = t.id)",
                          "Plans": [
                            {
                              "Node Type": "Seq Scan",
                              "Parent Relationship": "Outer",
                              "Parallel Aware": true,
                              "Relation Name": "cast_info",
                              "Alias": "ci",
                              "Startup Cost": 0.0,
                              "Total Cost": 343316.27,
                              "Plan Rows": 537417,
                              "Plan Width": 4,
                              "Actual Startup Time": 679.164,
                              "Actual Total Time": 874.535,
                              "Actual Rows": 261496,
                              "Actual Loops": 4,
                              "Filter": "((person_id > 3391999) AND (role_id < 10))",
                              "Rows Removed by Filter": 8799590
                            },
                            {
                              "Node Type": "Hash",
                              "Parent Relationship": "Inner",
                              "Parallel Aware": true,
                              "Startup Cost": 43899.32,
                              "Total Cost": 43899.32,
                              "Plan Rows": 165043,
                              "Plan Width": 4,
                              "Actual Startup Time": 159.812,
                              "Actual Total Time": 159.814,
                              "Actual Rows": 165706,
                              "Actual Loops": 4,
                              "Hash Buckets": 1048576,
                              "Original Hash Buckets": 1048576,
                              "Hash Batches": 1,
                              "Original Hash Batches": 1,
                              "Peak Memory Usage": 34176,
                              "Plans": [
                                {
                                  "Node Type": "Seq Scan",
                                  "Parent Relationship": "Outer",
                                  "Parallel Aware": true,
                                  "Relation Name": "title",
                                  "Alias": "t",
                                  "Startup Cost": 0.0,
                                  "Total Cost": 43899.32,
                                  "Plan Rows": 165043,
                                  "Plan Width": 4,
                                  "Actual Startup Time": 45.294,
                                  "Actual Total Time": 100.959,
                                  "Actual Rows": 165706,
                                  "Actual Loops": 4,
                                  "Filter": "(kind_id = 1)",
                                  "Rows Removed by Filter": 466372
                                }
                              ]
                            }
                          ]
                        }
                      ]
                    }
                  ]
                }
              ]
            }
          ]
        }
      ]
    },
    "Planning Time": 0.409,
    "Triggers": [],
    "Execution Time": 1484.045
  }
]