{
  "Plan": {
    "Node Type": "Aggregate",
    "Strategy": "Plain",
    "Partial Mode": "Finalize",
    "Parallel Aware": false,
    "Startup Cost": 1310491.49,
    "Total Cost": 1310491.5,
    "Plan Rows": 1,
    "Plan Width": 8,
    "Actual Startup Time": 7527.691,
    "Actual Total Time": 7585.435,
    "Actual Rows": 1,
    "Actual Loops": 1,
    "Plans": [
      {
        "Node Type": "Gather",
        "Parent Relationship": "Outer",
        "Parallel Aware": false,
        "Startup Cost": 1310491.38,
        "Total Cost": 1310491.49,
        "Plan Rows": 1,
        "Plan Width": 8,
        "Actual Startup Time": 7527.285,
        "Actual Total Time": 7585.427,
        "Actual Rows": 2,
        "Actual Loops": 1,
        "Workers Planned": 1,
        "Workers Launched": 1,
        "Single Copy": false,
        "Plans": [
          {
            "Node Type": "Aggregate",
            "Strategy": "Plain",
            "Partial Mode": "Partial",
            "Parent Relationship": "Outer",
            "Parallel Aware": false,
            "Startup Cost": 1309491.38,
            "Total Cost": 1309491.39,
            "Plan Rows": 1,
            "Plan Width": 8,
            "Actual Startup Time": 7523.341,
            "Actual Total Time": 7523.343,
            "Actual Rows": 1,
            "Actual Loops": 2,
            "Plans": [
              {
                "Node Type": "Merge Join",
                "Parent Relationship": "Outer",
                "Parallel Aware": false,
                "Join Type": "Inner",
                "Startup Cost": 7.86,
                "Total Cost": 1298443.21,
                "Plan Rows": 4419266,
                "Plan Width": 0,
                "Actual Startup Time": 4.497,
                "Actual Total Time": 7098.686,
                "Actual Rows": 10303866,
                "Actual Loops": 2,
                "Inner Unique": false,
                "Merge Cond": "(mi.movie_id = t.id)",
                "Plans": [
                  {
                    "Node Type": "Index Only Scan",
                    "Parent Relationship": "Outer",
                    "Parallel Aware": true,
                    "Scan Direction": "Forward",
                    "Index Name": "movie_id_movie_info",
                    "Relation Name": "movie_info",
                    "Alias": "mi",
                    "Startup Cost": 0.43,
                    "Total Cost": 1018223.42,
                    "Plan Rows": 8696274,
                    "Plan Width": 4,
                    "Actual Startup Time": 0.092,
                    "Actual Total Time": 2807.422,
                    "Actual Rows": 7417331,
                    "Actual Loops": 2,
                    "Heap Fetches": 14834662
                  },
                  {
                    "Node Type": "Materialize",
                    "Parent Relationship": "Inner",
                    "Parallel Aware": false,
                    "Startup Cost": 3.3,
                    "Total Cost": 195551.94,
                    "Plan Rows": 1284826,
                    "Plan Width": 8,
                    "Actual Startup Time": 0.242,
                    "Actual Total Time": 2837.253,
                    "Actual Rows": 10982772,
                    "Actual Loops": 2,
                    "Plans": [
                      {
                        "Node Type": "Merge Join",
                        "Parent Relationship": "Outer",
                        "Parallel Aware": false,
                        "Join Type": "Inner",
                        "Startup Cost": 3.3,
                        "Total Cost": 192339.87,
                        "Plan Rows": 1284826,
                        "Plan Width": 8,
                        "Actual Startup Time": 0.232,
                        "Actual Total Time": 2305.348,
                        "Actual Rows": 1358729,
                        "Actual Loops": 2,
                        "Inner Unique": true,
                        "Merge Cond": "(mi_idx.movie_id = t.id)",
                        "Plans": [
                          {
                            "Node Type": "Index Only Scan",
                            "Parent Relationship": "Outer",
                            "Parallel Aware": false,
                            "Scan Direction": "Forward",
                            "Index Name": "movie_id_movie_info_idx",
                            "Relation Name": "movie_info_idx",
                            "Alias": "mi_idx",
                            "Startup Cost": 0.43,
                            "Total Cost": 53620.22,
                            "Plan Rows": 1380035,
                            "Plan Width": 4,
                            "Actual Startup Time": 0.127,
                            "Actual Total Time": 340.699,
                            "Actual Rows": 1380035,
                            "Actual Loops": 2,
                            "Heap Fetches": 2760070
                          },
                          {
                            "Node Type": "Index Scan",
                            "Parent Relationship": "Inner",
                            "Parallel Aware": false,
                            "Scan Direction": "Forward",
                            "Index Name": "title_pkey",
                            "Relation Name": "title",
                            "Alias": "t",
                            "Startup Cost": 0.43,
                            "Total Cost": 116660.7,
                            "Plan Rows": 2353865,
                            "Plan Width": 4,
                            "Actual Startup Time": 0.084,
                            "Actual Total Time": 1669.549,
                            "Actual Rows": 2351077,
                            "Actual Loops": 2,
                            "Filter": "(production_year > 1925)",
                            "Rows Removed by Filter": 174716
                          }
                        ]
                      }
                    ]
                  }
                ]
              }
            ]
          }
        ]
      }
    ]
  },
  "Planning Time": 0.782,
  "Triggers": [],
  "Execution Time": 7585.542
}