{
  "Plan": {
    "Node Type": "Aggregate",
    "Strategy": "Plain",
    "Partial Mode": "Finalize",
    "Parallel Aware": false,
    "Startup Cost": 561572.18,
    "Total Cost": 561572.19,
    "Plan Rows": 1,
    "Plan Width": 8,
    "Actual Startup Time": 2832.025,
    "Actual Total Time": 2895.255,
    "Actual Rows": 1,
    "Actual Loops": 1,
    "Plans": [
      {
        "Node Type": "Gather",
        "Parent Relationship": "Outer",
        "Parallel Aware": false,
        "Startup Cost": 561572.07,
        "Total Cost": 561572.18,
        "Plan Rows": 1,
        "Plan Width": 8,
        "Actual Startup Time": 2831.819,
        "Actual Total Time": 2895.246,
        "Actual Rows": 2,
        "Actual Loops": 1,
        "Workers Planned": 1,
        "Workers Launched": 1,
        "Single Copy": false,
        "Plans": [
          {
            "Node Type": "Aggregate",
            "Strategy": "Plain",
            "Partial Mode": "Partial",
            "Parent Relationship": "Outer",
            "Parallel Aware": false,
            "Startup Cost": 560572.07,
            "Total Cost": 560572.08,
            "Plan Rows": 1,
            "Plan Width": 8,
            "Actual Startup Time": 2825.716,
            "Actual Total Time": 2825.72,
            "Actual Rows": 1,
            "Actual Loops": 2,
            "Plans": [
              {
                "Node Type": "Hash Join",
                "Parent Relationship": "Outer",
                "Parallel Aware": true,
                "Join Type": "Inner",
                "Startup Cost": 38527.1,
                "Total Cost": 560260.45,
                "Plan Rows": 124646,
                "Plan Width": 0,
                "Actual Startup Time": 68.701,
                "Actual Total Time": 2823.068,
                "Actual Rows": 39684,
                "Actual Loops": 2,
                "Inner Unique": true,
                "Hash Cond": "(ci.movie_id = t.id)",
                "Plans": [
                  {
                    "Node Type": "Seq Scan",
                    "Parent Relationship": "Outer",
                    "Parallel Aware": true,
                    "Relation Name": "cast_info",
                    "Alias": "ci",
                    "Startup Cost": 0.0,
                    "Total Cost": 465792.95,
                    "Plan Rows": 21310595,
                    "Plan Width": 4,
                    "Actual Startup Time": 0.013,
                    "Actual Total Time": 1287.198,
                    "Actual Rows": 18122172,
                    "Actual Loops": 2
                  },
                  {
                    "Node Type": "Hash",
                    "Parent Relationship": "Inner",
                    "Parallel Aware": true,
                    "Startup Cost": 38418.36,
                    "Total Cost": 38418.36,
                    "Plan Rows": 8699,
                    "Plan Width": 4,
                    "Actual Startup Time": 67.448,
                    "Actual Total Time": 67.45,
                    "Actual Rows": 5112,
                    "Actual Loops": 2,
                    "Hash Buckets": 16384,
                    "Original Hash Buckets": 16384,
                    "Hash Batches": 1,
                    "Original Hash Batches": 1,
                    "Peak Memory Usage": 544,
                    "Plans": [
                      {
                        "Node Type": "Bitmap Heap Scan",
                        "Parent Relationship": "Outer",
                        "Parallel Aware": true,
                        "Relation Name": "title",
                        "Alias": "t",
                        "Startup Cost": 1620.23,
                        "Total Cost": 38418.36,
                        "Plan Rows": 8699,
                        "Plan Width": 4,
                        "Actual Startup Time": 21.814,
                        "Actual Total Time": 65.975,
                        "Actual Rows": 5112,
                        "Actual Loops": 2,
                        "Recheck Cond": "(kind_id = 2)",
                        "Rows Removed by Index Recheck": 0,
                        "Filter": "(production_year < 1974)",
                        "Rows Removed by Filter": 40314,
                        "Exact Heap Blocks": 20994,
                        "Lossy Heap Blocks": 0,
                        "Plans": [
                          {
                            "Node Type": "Bitmap Index Scan",
                            "Parent Relationship": "Outer",
                            "Parallel Aware": false,
                            "Index Name": "kind_id_title",
                            "Startup Cost": 0.0,
                            "Total Cost": 1616.54,
                            "Plan Rows": 90681,
                            "Plan Width": 0,
                            "Actual Startup Time": 18.234,
                            "Actual Total Time": 18.234,
                            "Actual Rows": 90852,
                            "Actual Loops": 1,
                            "Index Cond": "(kind_id = 2)"
                          }
                        ]
                      }
                    ]
                  }
                ]
              }
            ]
          }
        ]
      }
    ]
  },
  "Planning Time": 0.627,
  "Triggers": [],
  "Execution Time": 2895.361
}