[
  {
    "Plan": {
      "Node Type": "Aggregate",
      "Strategy": "Plain",
      "Partial Mode": "Finalize",
      "Parallel Aware": false,
      "Startup Cost": 233704.45,
      "Total Cost": 233704.46,
      "Plan Rows": 1,
      "Plan Width": 8,
      "Actual Startup Time": 120.223,
      "Actual Total Time": 141.787,
      "Actual Rows": 1,
      "Actual Loops": 1,
      "Plans": [
        {
          "Node Type": "Gather",
          "Parent Relationship": "Outer",
          "Parallel Aware": false,
          "Startup Cost": 233704.03,
          "Total Cost": 233704.44,
          "Plan Rows": 4,
          "Plan Width": 8,
          "Actual Startup Time": 119.895,
          "Actual Total Time": 141.778,
          "Actual Rows": 5,
          "Actual Loops": 1,
          "Workers Planned": 4,
          "Workers Launched": 4,
          "Single Copy": false,
          "Plans": [
            {
              "Node Type": "Aggregate",
              "Strategy": "Plain",
              "Partial Mode": "Partial",
              "Parent Relationship": "Outer",
              "Parallel Aware": false,
              "Startup Cost": 232704.03,
              "Total Cost": 232704.04,
              "Plan Rows": 1,
              "Plan Width": 8,
              "Actual Startup Time": 110.279,
              "Actual Total Time": 110.281,
              "Actual Rows": 1,
              "Actual Loops": 5,
              "Plans": [
                {
                  "Node Type": "Nested Loop",
                  "Parent Relationship": "Outer",
                  "Parallel Aware": false,
                  "Join Type": "Inner",
                  "Startup Cost": 2183.45,
                  "Total Cost": 232670.02,
                  "Plan Rows": 13606,
                  "Plan Width": 0,
                  "Actual Startup Time": 14.503,
                  "Actual Total Time": 109.391,
                  "Actual Rows": 7418,
                  "Actual Loops": 5,
                  "Inner Unique": false,
                  "Plans": [
                    {
                      "Node Type": "Bitmap Heap Scan",
                      "Parent Relationship": "Outer",
                      "Parallel Aware": true,
                      "Relation Name": "title",
                      "Alias": "t",
                      "Startup Cost": 2182.89,
                      "Total Cost": 38639.14,
                      "Plan Rows": 1948,
                      "Plan Width": 4,
                      "Actual Startup Time": 14.153,
                      "Actual Total Time": 30.729,
                      "Actual Rows": 1402,
                      "Actual Loops": 5,
                      "Recheck Cond": "(kind_id = 4)",
                      "Rows Removed by Index Recheck": 0,
                      "Filter": "(production_year = 2011)",
                      "Rows Removed by Filter": 22244,
                      "Exact Heap Blocks": 7125,
                      "Lossy Heap Blocks": 0,
                      "Plans": [
                        {
                          "Node Type": "Bitmap Index Scan",
                          "Parent Relationship": "Outer",
                          "Parallel Aware": false,
                          "Index Name": "kind_id_title",
                          "Startup Cost": 0.0,
                          "Total Cost": 2180.94,
                          "Plan Rows": 122201,
                          "Plan Width": 0,
                          "Actual Startup Time": 18.38,
                          "Actual Total Time": 18.381,
                          "Actual Rows": 118234,
                          "Actual Loops": 1,
                          "Index Cond": "(kind_id = 4)"
                        }
                      ]
                    },
                    {
                      "Node Type": "Index Scan",
                      "Parent Relationship": "Inner",
                      "Parallel Aware": false,
                      "Scan Direction": "Forward",
                      "Index Name": "movie_id_cast_info",
                      "Relation Name": "cast_info",
                      "Alias": "ci",
                      "Startup Cost": 0.56,
                      "Total Cost": 99.43,
                      "Plan Rows": 18,
                      "Plan Width": 4,
                      "Actual Startup Time": 0.018,
                      "Actual Total Time": 0.055,
                      "Actual Rows": 5,
                      "Actual Loops": 7012,
                      "Index Cond": "(movie_id = t.id)",
                      "Rows Removed by Index Recheck": 0,
                      "Filter": "(person_id < 1753281)",
                      "Rows Removed by Filter": 5
                    }
                  ]
                }
              ]
            }
          ]
        }
      ]
    },
    "Planning Time": 0.66,
    "Triggers": [],
    "Execution Time": 141.91
  }
]