[
  {
    "Plan": {
      "Node Type": "Aggregate",
      "Strategy": "Plain",
      "Partial Mode": "Simple",
      "Parallel Aware": false,
      "Startup Cost": 458692.48,
      "Total Cost": 458692.49,
      "Plan Rows": 1,
      "Plan Width": 32,
      "Actual Startup Time": 3328.36,
      "Actual Total Time": 3328.546,
      "Actual Rows": 1,
      "Actual Loops": 1,
      "Plans": [
        {
          "Node Type": "Merge Join",
          "Parent Relationship": "Outer",
          "Parallel Aware": false,
          "Join Type": "Inner",
          "Startup Cost": 341623.14,
          "Total Cost": 458692.46,
          "Plan Rows": 8,
          "Plan Width": 17,
          "Actual Startup Time": 1442.764,
          "Actual Total Time": 3327.286,
          "Actual Rows": 7834,
          "Actual Loops": 1,
          "Inner Unique": false,
          "Merge Cond": "(t.id = mc.movie_id)",
          "Plans": [
            {
              "Node Type": "Merge Join",
              "Parent Relationship": "Outer",
              "Parallel Aware": false,
              "Join Type": "Inner",
              "Startup Cost": 199414.13,
              "Total Cost": 315939.37,
              "Plan Rows": 34,
              "Plan Width": 25,
              "Actual Startup Time": 735.246,
              "Actual Total Time": 2610.468,
              "Actual Rows": 41839,
              "Actual Loops": 1,
              "Inner Unique": false,
              "Merge Cond": "(t.id = mk.movie_id)",
              "Plans": [
                {
                  "Node Type": "Index Scan",
                  "Parent Relationship": "Outer",
                  "Parallel Aware": false,
                  "Scan Direction": "Forward",
                  "Index Name": "title_pkey",
                  "Relation Name": "title",
                  "Alias": "t",
                  "Startup Cost": 0.43,
                  "Total Cost": 110348.87,
                  "Plan Rows": 2528252,
                  "Plan Width": 21,
                  "Actual Startup Time": 0.01,
                  "Actual Total Time": 1665.004,
                  "Actual Rows": 2525756,
                  "Actual Loops": 1
                },
                {
                  "Node Type": "Sort",
                  "Parent Relationship": "Inner",
                  "Parallel Aware": false,
                  "Startup Cost": 199387.31,
                  "Total Cost": 199387.39,
                  "Plan Rows": 34,
                  "Plan Width": 4,
                  "Actual Startup Time": 732.462,
                  "Actual Total Time": 740.673,
                  "Actual Rows": 41839,
                  "Actual Loops": 1,
                  "Sort Key": [
                    "mk.movie_id"
                  ],
                  "Sort Method": "quicksort",
                  "Sort Space Used": 3498,
                  "Sort Space Type": "Memory",
                  "Plans": [
                    {
                      "Node Type": "Gather",
                      "Parent Relationship": "Outer",
                      "Parallel Aware": false,
                      "Startup Cost": 192106.05,
                      "Total Cost": 199386.44,
                      "Plan Rows": 34,
                      "Plan Width": 4,
                      "Actual Startup Time": 697.689,
                      "Actual Total Time": 718.425,
                      "Actual Rows": 41840,
                      "Actual Loops": 1,
                      "Workers Planned": 3,
                      "Workers Launched": 3,
                      "Single Copy": false,
                      "Plans": [
                        {
                          "Node Type": "Merge Join",
                          "Parent Relationship": "Outer",
                          "Parallel Aware": false,
                          "Join Type": "Inner",
                          "Startup Cost": 191106.05,
                          "Total Cost": 198383.04,
                          "Plan Rows": 11,
                          "Plan Width": 4,
                          "Actual Startup Time": 681.829,
                          "Actual Total Time": 685.846,
                          "Actual Rows": 10460,
                          "Actual Loops": 4,
                          "Inner Unique": true,
                          "Merge Cond": "(mk.keyword_id = k.id)",
                          "Plans": [
                            {
                              "Node Type": "Sort",
                              "Parent Relationship": "Outer",
                              "Parallel Aware": false,
                              "Startup Cost": 188460.13,
                              "Total Cost": 192108.46,
                              "Plan Rows": 1459332,
                              "Plan Width": 8,
                              "Actual Startup Time": 654.467,
                              "Actual Total Time": 663.774,
                              "Actual Rows": 40941,
                              "Actual Loops": 4,
                              "Sort Key": [
                                "mk.keyword_id"
                              ],
                              "Sort Method": "quicksort",
                              "Sort Space Used": 98840,
                              "Sort Space Type": "Memory",
                              "Workers": [
                                {
                                  "Worker Number": 0,
                                  "Sort Method": "quicksort",
                                  "Sort Space Used": 71474,
                                  "Sort Space Type": "Memory"
                                },
                                {
                                  "Worker Number": 1,
                                  "Sort Method": "quicksort",
                                  "Sort Space Used": 116889,
                                  "Sort Space Type": "Memory"
                                },
                                {
                                  "Worker Number": 2,
                                  "Sort Method": "quicksort",
                                  "Sort Space Used": 72315,
                                  "Sort Space Type": "Memory"
                                }
                              ],
                              "Plans": [
                                {
                                  "Node Type": "Seq Scan",
                                  "Parent Relationship": "Outer",
                                  "Parallel Aware": true,
                                  "Relation Name": "movie_keyword",
                                  "Alias": "mk",
                                  "Startup Cost": 0.0,
                                  "Total Cost": 39047.32,
                                  "Plan Rows": 1459332,
                                  "Plan Width": 8,
                                  "Actual Startup Time": 0.07,
                                  "Actual Total Time": 252.24,
                                  "Actual Rows": 1130982,
                                  "Actual Loops": 4
                                }
                              ]
                            },
                            {
                              "Node Type": "Sort",
                              "Parent Relationship": "Inner",
                              "Parallel Aware": false,
                              "Startup Cost": 2626.14,
                              "Total Cost": 2626.14,
                              "Plan Rows": 1,
                              "Plan Width": 4,
                              "Actual Startup Time": 17.279,
                              "Actual Total Time": 17.28,
                              "Actual Rows": 1,
                              "Actual Loops": 4,
                              "Sort Key": [
                                "k.id"
                              ],
                              "Sort Method": "quicksort",
                              "Sort Space Used": 25,
                              "Sort Space Type": "Memory",
                              "Workers": [
                                {
                                  "Worker Number": 0,
                                  "Sort Method": "quicksort",
                                  "Sort Space Used": 25,
                                  "Sort Space Type": "Memory"
                                },
                                {
                                  "Worker Number": 1,
                                  "Sort Method": "quicksort",
                                  "Sort Space Used": 25,
                                  "Sort Space Type": "Memory"
                                },
                                {
                                  "Worker Number": 2,
                                  "Sort Method": "quicksort",
                                  "Sort Space Used": 25,
                                  "Sort Space Type": "Memory"
                                }
                              ],
                              "Plans": [
                                {
                                  "Node Type": "Seq Scan",
                                  "Parent Relationship": "Outer",
                                  "Parallel Aware": false,
                                  "Relation Name": "keyword",
                                  "Alias": "k",
                                  "Startup Cost": 0.0,
                                  "Total Cost": 2626.12,
                                  "Plan Rows": 1,
                                  "Plan Width": 4,
                                  "Actual Startup Time": 0.915,
                                  "Actual Total Time": 17.265,
                                  "Actual Rows": 1,
                                  "Actual Loops": 4,
                                  "Filter": "(keyword = 'character-name-in-title'::text)",
                                  "Rows Removed by Filter": 134169
                                }
                              ]
                            }
                          ]
                        }
                      ]
                    }
                  ]
                }
              ]
            },
            {
              "Node Type": "Sort",
              "Parent Relationship": "Inner",
              "Parallel Aware": false,
              "Startup Cost": 142209.01,
              "Total Cost": 142481.0,
              "Plan Rows": 108797,
              "Plan Width": 4,
              "Actual Startup Time": 672.156,
              "Actual Total Time": 701.175,
              "Actual Rows": 148132,
              "Actual Loops": 1,
              "Sort Key": [
                "mc.movie_id"
              ],
              "Sort Method": "quicksort",
              "Sort Space Used": 13088,
              "Sort Space Type": "Memory",
              "Plans": [
                {
                  "Node Type": "Gather",
                  "Parent Relationship": "Outer",
                  "Parallel Aware": false,
                  "Startup Cost": 117621.03,
                  "Total Cost": 133107.45,
                  "Plan Rows": 108797,
                  "Plan Width": 4,
                  "Actual Startup Time": 437.639,
                  "Actual Total Time": 620.991,
                  "Actual Rows": 148132,
                  "Actual Loops": 1,
                  "Workers Planned": 3,
                  "Workers Launched": 3,
                  "Single Copy": false,
                  "Plans": [
                    {
                      "Node Type": "Merge Join",
                      "Parent Relationship": "Outer",
                      "Parallel Aware": false,
                      "Join Type": "Inner",
                      "Startup Cost": 116621.03,
                      "Total Cost": 121227.75,
                      "Plan Rows": 35096,
                      "Plan Width": 4,
                      "Actual Startup Time": 423.255,
                      "Actual Total Time": 575.982,
                      "Actual Rows": 37033,
                      "Actual Loops": 4,
                      "Inner Unique": true,
                      "Merge Cond": "(mc.company_id = cn.id)",
                      "Plans": [
                        {
                          "Node Type": "Sort",
                          "Parent Relationship": "Outer",
                          "Parallel Aware": false,
                          "Startup Cost": 110037.47,
                          "Total Cost": 112141.61,
                          "Plan Rows": 841655,
                          "Plan Width": 8,
                          "Actual Startup Time": 356.527,
                          "Actual Total Time": 454.287,
                          "Actual Rows": 652281,
                          "Actual Loops": 4,
                          "Sort Key": [
                            "mc.company_id"
                          ],
                          "Sort Method": "quicksort",
                          "Sort Space Used": 54372,
                          "Sort Space Type": "Memory",
                          "Workers": [
                            {
                              "Worker Number": 0,
                              "Sort Method": "quicksort",
                              "Sort Space Used": 52576,
                              "Sort Space Type": "Memory"
                            },
                            {
                              "Worker Number": 1,
                              "Sort Method": "quicksort",
                              "Sort Space Used": 51115,
                              "Sort Space Type": "Memory"
                            },
                            {
                              "Worker Number": 2,
                              "Sort Method": "quicksort",
                              "Sort Space Used": 62547,
                              "Sort Space Type": "Memory"
                            }
                          ],
                          "Plans": [
                            {
                              "Node Type": "Seq Scan",
                              "Parent Relationship": "Outer",
                              "Parallel Aware": true,
                              "Relation Name": "movie_companies",
                              "Alias": "mc",
                              "Startup Cost": 0.0,
                              "Total Cost": 27206.55,
                              "Plan Rows": 841655,
                              "Plan Width": 8,
                              "Actual Startup Time": 0.056,
                              "Actual Total Time": 145.699,
                              "Actual Rows": 652282,
                              "Actual Loops": 4
                            }
                          ]
                        },
                        {
                          "Node Type": "Sort",
                          "Parent Relationship": "Inner",
                          "Parallel Aware": false,
                          "Startup Cost": 6582.06,
                          "Total Cost": 6606.56,
                          "Plan Rows": 9799,
                          "Plan Width": 4,
                          "Actual Startup Time": 58.993,
                          "Actual Total Time": 60.538,
                          "Actual Rows": 9771,
                          "Actual Loops": 4,
                          "Sort Key": [
                            "cn.id"
                          ],
                          "Sort Method": "quicksort",
                          "Sort Space Used": 843,
                          "Sort Space Type": "Memory",
                          "Workers": [
                            {
                              "Worker Number": 0,
                              "Sort Method": "quicksort",
                              "Sort Space Used": 843,
                              "Sort Space Type": "Memory"
                            },
                            {
                              "Worker Number": 1,
                              "Sort Method": "quicksort",
                              "Sort Space Used": 843,
                              "Sort Space Type": "Memory"
                            },
                            {
                              "Worker Number": 2,
                              "Sort Method": "quicksort",
                              "Sort Space Used": 843,
                              "Sort Space Type": "Memory"
                            }
                          ],
                          "Plans": [
                            {
                              "Node Type": "Seq Scan",
                              "Parent Relationship": "Outer",
                              "Parallel Aware": false,
                              "Relation Name": "company_name",
                              "Alias": "cn",
                              "Startup Cost": 0.0,
                              "Total Cost": 5932.46,
                              "Plan Rows": 9799,
                              "Plan Width": 4,
                              "Actual Startup Time": 0.065,
                              "Actual Total Time": 54.681,
                              "Actual Rows": 9775,
                              "Actual Loops": 4,
                              "Filter": "((country_code)::text = '[de]'::text)",
                              "Rows Removed by Filter": 225222
                            }
                          ]
                        }
                      ]
                    }
                  ]
                }
              ]
            }
          ]
        }
      ]
    },
    "Planning Time": 7.867,
    "Triggers": [],
    "Execution Time": 3340.021
  }
]