[
  {
    "Plan": {
      "Node Type": "Aggregate",
      "Strategy": "Plain",
      "Partial Mode": "Finalize",
      "Parallel Aware": false,
      "Startup Cost": 315360.16,
      "Total Cost": 315360.17,
      "Plan Rows": 1,
      "Plan Width": 8,
      "Actual Startup Time": 1305.409,
      "Actual Total Time": 1349.163,
      "Actual Rows": 1,
      "Actual Loops": 1,
      "Plans": [
        {
          "Node Type": "Gather",
          "Parent Relationship": "Outer",
          "Parallel Aware": false,
          "Startup Cost": 315359.64,
          "Total Cost": 315360.15,
          "Plan Rows": 5,
          "Plan Width": 8,
          "Actual Startup Time": 1294.883,
          "Actual Total Time": 1349.153,
          "Actual Rows": 6,
          "Actual Loops": 1,
          "Workers Planned": 5,
          "Workers Launched": 5,
          "Single Copy": false,
          "Plans": [
            {
              "Node Type": "Aggregate",
              "Strategy": "Plain",
              "Partial Mode": "Partial",
              "Parent Relationship": "Outer",
              "Parallel Aware": false,
              "Startup Cost": 314359.64,
              "Total Cost": 314359.65,
              "Plan Rows": 1,
              "Plan Width": 8,
              "Actual Startup Time": 1279.598,
              "Actual Total Time": 1279.604,
              "Actual Rows": 1,
              "Actual Loops": 6,
              "Plans": [
                {
                  "Node Type": "Hash Join",
                  "Parent Relationship": "Outer",
                  "Parallel Aware": true,
                  "Join Type": "Inner",
                  "Startup Cost": 101354.16,
                  "Total Cost": 309837.39,
                  "Plan Rows": 1808898,
                  "Plan Width": 0,
                  "Actual Startup Time": 402.745,
                  "Actual Total Time": 1196.731,
                  "Actual Rows": 2090879,
                  "Actual Loops": 6,
                  "Inner Unique": false,
                  "Hash Cond": "(mi.movie_id = t.id)",
                  "Plans": [
                    {
                      "Node Type": "Seq Scan",
                      "Parent Relationship": "Outer",
                      "Parallel Aware": true,
                      "Relation Name": "movie_info",
                      "Alias": "mi",
                      "Startup Cost": 0.0,
                      "Total Cost": 191560.33,
                      "Plan Rows": 2956733,
                      "Plan Width": 4,
                      "Actual Startup Time": 0.032,
                      "Actual Total Time": 282.574,
                      "Actual Rows": 2472620,
                      "Actual Loops": 6
                    },
                    {
                      "Node Type": "Hash",
                      "Parent Relationship": "Inner",
                      "Parallel Aware": true,
                      "Startup Cost": 95117.14,
                      "Total Cost": 95117.14,
                      "Plan Rows": 498962,
                      "Plan Width": 8,
                      "Actual Startup Time": 396.943,
                      "Actual Total Time": 396.947,
                      "Actual Rows": 141793,
                      "Actual Loops": 6,
                      "Hash Buckets": 2097152,
                      "Original Hash Buckets": 2097152,
                      "Hash Batches": 1,
                      "Original Hash Batches": 1,
                      "Peak Memory Usage": 49760,
                      "Plans": [
                        {
                          "Node Type": "Hash Join",
                          "Parent Relationship": "Outer",
                          "Parallel Aware": true,
                          "Join Type": "Inner",
                          "Startup Cost": 50254.42,
                          "Total Cost": 95117.14,
                          "Plan Rows": 498962,
                          "Plan Width": 8,
                          "Actual Startup Time": 203.384,
                          "Actual Total Time": 344.802,
                          "Actual Rows": 141793,
                          "Actual Loops": 6,
                          "Inner Unique": true,
                          "Hash Cond": "(mk.movie_id = t.id)",
                          "Plans": [
                            {
                              "Node Type": "Seq Scan",
                              "Parent Relationship": "Outer",
                              "Parallel Aware": true,
                              "Relation Name": "movie_keyword",
                              "Alias": "mk",
                              "Startup Cost": 0.0,
                              "Total Cost": 42695.65,
                              "Plan Rows": 825547,
                              "Plan Width": 4,
                              "Actual Startup Time": 0.032,
                              "Actual Total Time": 77.496,
                              "Actual Rows": 426931,
                              "Actual Loops": 6,
                              "Filter": "(keyword_id < 6491)",
                              "Rows Removed by Filter": 327057
                            },
                            {
                              "Node Type": "Hash",
                              "Parent Relationship": "Inner",
                              "Parallel Aware": true,
                              "Startup Cost": 45479.1,
                              "Total Cost": 45479.1,
                              "Plan Rows": 382026,
                              "Plan Width": 4,
                              "Actual Startup Time": 200.827,
                              "Actual Total Time": 200.829,
                              "Actual Rows": 273280,
                              "Actual Loops": 6,
                              "Hash Buckets": 2097152,
                              "Original Hash Buckets": 2097152,
                              "Hash Batches": 1,
                              "Original Hash Batches": 1,
                              "Peak Memory Usage": 80608,
                              "Plans": [
                                {
                                  "Node Type": "Seq Scan",
                                  "Parent Relationship": "Outer",
                                  "Parallel Aware": true,
                                  "Relation Name": "title",
                                  "Alias": "t",
                                  "Startup Cost": 0.0,
                                  "Total Cost": 45479.1,
                                  "Plan Rows": 382026,
                                  "Plan Width": 4,
                                  "Actual Startup Time": 0.042,
                                  "Actual Total Time": 85.34,
                                  "Actual Rows": 273280,
                                  "Actual Loops": 6,
                                  "Filter": "((kind_id > 1) AND (production_year > 1971))",
                                  "Rows Removed by Filter": 148105
                                }
                              ]
                            }
                          ]
                        }
                      ]
                    }
                  ]
                }
              ]
            }
          ]
        }
      ]
    },
    "Planning Time": 1.38,
    "Triggers": [],
    "Execution Time": 1349.289
  }
]