[
  {
    "Plan": {
      "Node Type": "Aggregate",
      "Strategy": "Plain",
      "Partial Mode": "Finalize",
      "Parallel Aware": false,
      "Startup Cost": 121396.92,
      "Total Cost": 121396.93,
      "Plan Rows": 1,
      "Plan Width": 8,
      "Actual Startup Time": 50.949,
      "Actual Total Time": 59.047,
      "Actual Rows": 1,
      "Actual Loops": 1,
      "Plans": [
        {
          "Node Type": "Gather",
          "Parent Relationship": "Outer",
          "Parallel Aware": false,
          "Startup Cost": 121396.6,
          "Total Cost": 121396.91,
          "Plan Rows": 3,
          "Plan Width": 8,
          "Actual Startup Time": 50.823,
          "Actual Total Time": 59.025,
          "Actual Rows": 4,
          "Actual Loops": 1,
          "Workers Planned": 3,
          "Workers Launched": 3,
          "Single Copy": false,
          "Plans": [
            {
              "Node Type": "Aggregate",
              "Strategy": "Plain",
              "Partial Mode": "Partial",
              "Parent Relationship": "Outer",
              "Parallel Aware": false,
              "Startup Cost": 120396.6,
              "Total Cost": 120396.61,
              "Plan Rows": 1,
              "Plan Width": 8,
              "Actual Startup Time": 43.219,
              "Actual Total Time": 43.22,
              "Actual Rows": 1,
              "Actual Loops": 4,
              "Plans": [
                {
                  "Node Type": "Nested Loop",
                  "Parent Relationship": "Outer",
                  "Parallel Aware": false,
                  "Join Type": "Inner",
                  "Startup Cost": 546.81,
                  "Total Cost": 120392.43,
                  "Plan Rows": 1667,
                  "Plan Width": 0,
                  "Actual Startup Time": 22.366,
                  "Actual Total Time": 43.055,
                  "Actual Rows": 1576,
                  "Actual Loops": 4,
                  "Inner Unique": true,
                  "Plans": [
                    {
                      "Node Type": "Bitmap Heap Scan",
                      "Parent Relationship": "Outer",
                      "Parallel Aware": true,
                      "Relation Name": "movie_info",
                      "Alias": "mi",
                      "Startup Cost": 546.38,
                      "Total Cost": 76923.02,
                      "Plan Rows": 9738,
                      "Plan Width": 4,
                      "Actual Startup Time": 0.656,
                      "Actual Total Time": 7.357,
                      "Actual Rows": 7545,
                      "Actual Loops": 4,
                      "Recheck Cond": "(info_type_id = 110)",
                      "Rows Removed by Index Recheck": 0,
                      "Exact Heap Blocks": 2065,
                      "Lossy Heap Blocks": 0,
                      "Plans": [
                        {
                          "Node Type": "Bitmap Index Scan",
                          "Parent Relationship": "Outer",
                          "Parallel Aware": false,
                          "Index Name": "info_type_id_movie_info",
                          "Startup Cost": 0.0,
                          "Total Cost": 538.84,
                          "Plan Rows": 30187,
                          "Plan Width": 0,
                          "Actual Startup Time": 1.718,
                          "Actual Total Time": 1.719,
                          "Actual Rows": 30180,
                          "Actual Loops": 1,
                          "Index Cond": "(info_type_id = 110)"
                        }
                      ]
                    },
                    {
                      "Node Type": "Index Scan",
                      "Parent Relationship": "Inner",
                      "Parallel Aware": false,
                      "Scan Direction": "Forward",
                      "Index Name": "title_pkey",
                      "Relation Name": "title",
                      "Alias": "t",
                      "Startup Cost": 0.43,
                      "Total Cost": 4.46,
                      "Plan Rows": 1,
                      "Plan Width": 4,
                      "Actual Startup Time": 0.004,
                      "Actual Total Time": 0.004,
                      "Actual Rows": 0,
                      "Actual Loops": 30180,
                      "Index Cond": "(id = mi.movie_id)",
                      "Rows Removed by Index Recheck": 0,
                      "Filter": "((kind_id < 7) AND (production_year > 2004))",
                      "Rows Removed by Filter": 1
                    }
                  ]
                }
              ]
            }
          ]
        }
      ]
    },
    "Planning Time": 0.621,
    "Triggers": [],
    "Execution Time": 59.131
  }
]