{
  "Plan": {
    "Node Type": "Aggregate",
    "Strategy": "Plain",
    "Partial Mode": "Finalize",
    "Parallel Aware": false,
    "Startup Cost": 89105.86,
    "Total Cost": 89105.87,
    "Plan Rows": 1,
    "Plan Width": 8,
    "Actual Startup Time": 361.391,
    "Actual Total Time": 378.287,
    "Actual Rows": 1,
    "Actual Loops": 1,
    "Plans": [
      {
        "Node Type": "Gather",
        "Parent Relationship": "Outer",
        "Parallel Aware": false,
        "Startup Cost": 89105.75,
        "Total Cost": 89105.86,
        "Plan Rows": 1,
        "Plan Width": 8,
        "Actual Startup Time": 359.57,
        "Actual Total Time": 378.281,
        "Actual Rows": 2,
        "Actual Loops": 1,
        "Workers Planned": 1,
        "Workers Launched": 1,
        "Single Copy": false,
        "Plans": [
          {
            "Node Type": "Aggregate",
            "Strategy": "Plain",
            "Partial Mode": "Partial",
            "Parent Relationship": "Outer",
            "Parallel Aware": false,
            "Startup Cost": 88105.75,
            "Total Cost": 88105.76,
            "Plan Rows": 1,
            "Plan Width": 8,
            "Actual Startup Time": 353.548,
            "Actual Total Time": 353.551,
            "Actual Rows": 1,
            "Actual Loops": 2,
            "Plans": [
              {
                "Node Type": "Hash Join",
                "Parent Relationship": "Outer",
                "Parallel Aware": true,
                "Join Type": "Inner",
                "Startup Cost": 63105.55,
                "Total Cost": 88072.5,
                "Plan Rows": 13299,
                "Plan Width": 0,
                "Actual Startup Time": 317.472,
                "Actual Total Time": 351.997,
                "Actual Rows": 28159,
                "Actual Loops": 2,
                "Inner Unique": true,
                "Hash Cond": "(mk.movie_id = t.id)",
                "Plans": [
                  {
                    "Node Type": "Bitmap Heap Scan",
                    "Parent Relationship": "Outer",
                    "Parallel Aware": true,
                    "Relation Name": "movie_keyword",
                    "Alias": "mk",
                    "Startup Cost": 1227.25,
                    "Total Cost": 26105.18,
                    "Plan Rows": 33914,
                    "Plan Width": 4,
                    "Actual Startup Time": 5.337,
                    "Actual Total Time": 28.902,
                    "Actual Rows": 28159,
                    "Actual Loops": 2,
                    "Recheck Cond": "(keyword_id > 96723)",
                    "Rows Removed by Index Recheck": 0,
                    "Exact Heap Blocks": 9812,
                    "Lossy Heap Blocks": 0,
                    "Plans": [
                      {
                        "Node Type": "Bitmap Index Scan",
                        "Parent Relationship": "Outer",
                        "Parallel Aware": false,
                        "Index Name": "keyword_id_movie_keyword",
                        "Startup Cost": 0.0,
                        "Total Cost": 1212.84,
                        "Plan Rows": 57654,
                        "Plan Width": 0,
                        "Actual Startup Time": 3.509,
                        "Actual Total Time": 3.509,
                        "Actual Rows": 56318,
                        "Actual Loops": 1,
                        "Index Cond": "(keyword_id > 96723)"
                      }
                    ]
                  },
                  {
                    "Node Type": "Hash",
                    "Parent Relationship": "Inner",
                    "Parallel Aware": true,
                    "Startup Cost": 54588.39,
                    "Total Cost": 54588.39,
                    "Plan Rows": 583193,
                    "Plan Width": 4,
                    "Actual Startup Time": 303.097,
                    "Actual Total Time": 303.098,
                    "Actual Rows": 492524,
                    "Actual Loops": 2,
                    "Hash Buckets": 1048576,
                    "Original Hash Buckets": 1048576,
                    "Hash Batches": 1,
                    "Original Hash Batches": 1,
                    "Peak Memory Usage": 46784,
                    "Plans": [
                      {
                        "Node Type": "Seq Scan",
                        "Parent Relationship": "Outer",
                        "Parallel Aware": true,
                        "Relation Name": "title",
                        "Alias": "t",
                        "Startup Cost": 0.0,
                        "Total Cost": 54588.39,
                        "Plan Rows": 583193,
                        "Plan Width": 4,
                        "Actual Startup Time": 0.032,
                        "Actual Total Time": 172.727,
                        "Actual Rows": 492524,
                        "Actual Loops": 2,
                        "Filter": "(kind_id < 7)",
                        "Rows Removed by Filter": 771632
                      }
                    ]
                  }
                ]
              }
            ]
          }
        ]
      }
    ]
  },
  "Planning Time": 0.444,
  "Triggers": [],
  "Execution Time": 378.365
}