[
    {
        "Bao": {
            "Bao prediction": 618.428,
            "Bao recommended hint": "SET enable_mergejoin TO off; "
        }
    },
    {
        "Plan": {
            "Node Type": "Aggregate",
            "Strategy": "Plain",
            "Partial Mode": "Simple",
            "Parallel Aware": false,
            "Startup Cost": 39879.75,
            "Total Cost": 39879.76,
            "Plan Rows": 1,
            "Plan Width": 8,
            "Actual Startup Time": 60.651,
            "Actual Total Time": 60.653,
            "Actual Rows": 1,
            "Actual Loops": 1,
            "Output": [
                "count(*)"
            ],
            "Plans": [
                {
                    "Node Type": "Bitmap Heap Scan",
                    "Parent Relationship": "Outer",
                    "Parallel Aware": false,
                    "Relation Name": "title",
                    "Schema": "public",
                    "Alias": "t",
                    "Startup Cost": 2106.86,
                    "Total Cost": 39877.22,
                    "Plan Rows": 1012,
                    "Plan Width": 0,
                    "Actual Startup Time": 20.894,
                    "Actual Total Time": 60.557,
                    "Actual Rows": 953,
                    "Actual Loops": 1,
                    "Recheck Cond": "(t.kind_id = 4)",
                    "Rows Removed by Index Recheck": 0,
                    "Filter": "(t.production_year = 1989)",
                    "Rows Removed by Filter": 117281,
                    "Exact Heap Blocks": 12711,
                    "Lossy Heap Blocks": 0,
                    "Plans": [
                        {
                            "Node Type": "Bitmap Index Scan",
                            "Parent Relationship": "Outer",
                            "Parallel Aware": false,
                            "Index Name": "kind_id_title",
                            "Startup Cost": 0.0,
                            "Total Cost": 2106.61,
                            "Plan Rows": 118157,
                            "Plan Width": 0,
                            "Actual Startup Time": 15.896,
                            "Actual Total Time": 15.897,
                            "Actual Rows": 118234,
                            "Actual Loops": 1,
                            "Index Cond": "(t.kind_id = 4)"
                        }
                    ]
                }
            ]
        },
        "Planning Time": 2151.555,
        "Triggers": [],
        "Execution Time": 60.762
    }
]