[
  {
    "Plan": {
      "Node Type": "Aggregate",
      "Strategy": "Plain",
      "Partial Mode": "Finalize",
      "Parallel Aware": false,
      "Startup Cost": 377601.62,
      "Total Cost": 377601.63,
      "Plan Rows": 1,
      "Plan Width": 8,
      "Actual Startup Time": 1707.023,
      "Actual Total Time": 1760.968,
      "Actual Rows": 1,
      "Actual Loops": 1,
      "Plans": [
        {
          "Node Type": "Gather",
          "Parent Relationship": "Outer",
          "Parallel Aware": false,
          "Startup Cost": 377601.0,
          "Total Cost": 377601.61,
          "Plan Rows": 6,
          "Plan Width": 8,
          "Actual Startup Time": 1704.23,
          "Actual Total Time": 1760.955,
          "Actual Rows": 7,
          "Actual Loops": 1,
          "Workers Planned": 6,
          "Workers Launched": 6,
          "Single Copy": false,
          "Plans": [
            {
              "Node Type": "Aggregate",
              "Strategy": "Plain",
              "Partial Mode": "Partial",
              "Parent Relationship": "Outer",
              "Parallel Aware": false,
              "Startup Cost": 376601.0,
              "Total Cost": 376601.01,
              "Plan Rows": 1,
              "Plan Width": 8,
              "Actual Startup Time": 1696.656,
              "Actual Total Time": 1696.695,
              "Actual Rows": 1,
              "Actual Loops": 7,
              "Plans": [
                {
                  "Node Type": "Hash Join",
                  "Parent Relationship": "Outer",
                  "Parallel Aware": true,
                  "Join Type": "Inner",
                  "Startup Cost": 46219.62,
                  "Total Cost": 375186.28,
                  "Plan Rows": 565886,
                  "Plan Width": 0,
                  "Actual Startup Time": 108.041,
                  "Actual Total Time": 1659.299,
                  "Actual Rows": 712246,
                  "Actual Loops": 7,
                  "Inner Unique": true,
                  "Hash Cond": "(ci.movie_id = t.id)",
                  "Plans": [
                    {
                      "Node Type": "Seq Scan",
                      "Parent Relationship": "Outer",
                      "Parallel Aware": true,
                      "Relation Name": "cast_info",
                      "Alias": "ci",
                      "Startup Cost": 0.0,
                      "Total Cost": 313106.51,
                      "Plan Rows": 6041951,
                      "Plan Width": 4,
                      "Actual Startup Time": 0.037,
                      "Actual Total Time": 577.528,
                      "Actual Rows": 5177763,
                      "Actual Loops": 7
                    },
                    {
                      "Node Type": "Hash",
                      "Parent Relationship": "Inner",
                      "Parallel Aware": true,
                      "Startup Cost": 45479.59,
                      "Total Cost": 45479.59,
                      "Plan Rows": 59203,
                      "Plan Width": 4,
                      "Actual Startup Time": 106.804,
                      "Actual Total Time": 106.805,
                      "Actual Rows": 51363,
                      "Actual Loops": 7,
                      "Hash Buckets": 524288,
                      "Original Hash Buckets": 262144,
                      "Hash Batches": 1,
                      "Original Hash Batches": 1,
                      "Peak Memory Usage": 20416,
                      "Plans": [
                        {
                          "Node Type": "Seq Scan",
                          "Parent Relationship": "Outer",
                          "Parallel Aware": true,
                          "Relation Name": "title",
                          "Alias": "t",
                          "Startup Cost": 0.0,
                          "Total Cost": 45479.59,
                          "Plan Rows": 59203,
                          "Plan Width": 4,
                          "Actual Startup Time": 41.511,
                          "Actual Total Time": 74.822,
                          "Actual Rows": 51363,
                          "Actual Loops": 7,
                          "Filter": "((production_year < 1998) AND (kind_id = 1))",
                          "Rows Removed by Filter": 309824
                        }
                      ]
                    }
                  ]
                }
              ]
            }
          ]
        }
      ]
    },
    "Planning Time": 0.242,
    "Triggers": [],
    "Execution Time": 1761.017
  }
]