[
  {
    "Plan": {
      "Node Type": "Aggregate",
      "Strategy": "Plain",
      "Partial Mode": "Simple",
      "Parallel Aware": false,
      "Startup Cost": 160957.3,
      "Total Cost": 160957.31,
      "Plan Rows": 1,
      "Plan Width": 8,
      "Actual Startup Time": 28.337,
      "Actual Total Time": 28.338,
      "Actual Rows": 1,
      "Actual Loops": 1,
      "Plans": [
        {
          "Node Type": "Index Only Scan",
          "Parent Relationship": "Outer",
          "Parallel Aware": false,
          "Scan Direction": "Forward",
          "Index Name": "person_id_cast_info",
          "Relation Name": "cast_info",
          "Alias": "ci",
          "Startup Cost": 0.56,
          "Total Cost": 160723.47,
          "Plan Rows": 93533,
          "Plan Width": 0,
          "Actual Startup Time": 0.009,
          "Actual Total Time": 23.207,
          "Actual Rows": 100098,
          "Actual Loops": 1,
          "Index Cond": "(person_id < 11418)",
          "Rows Removed by Index Recheck": 0,
          "Heap Fetches": 100098
        }
      ]
    },
    "Planning Time": 0.153,
    "Triggers": [],
    "Execution Time": 28.358
  }
]