[
  {
    "Plan": {
      "Node Type": "Aggregate",
      "Strategy": "Plain",
      "Partial Mode": "Finalize",
      "Parallel Aware": false,
      "Startup Cost": 378038.7,
      "Total Cost": 378038.71,
      "Plan Rows": 1,
      "Plan Width": 8,
      "Actual Startup Time": 1061.021,
      "Actual Total Time": 1134.726,
      "Actual Rows": 1,
      "Actual Loops": 1,
      "Plans": [
        {
          "Node Type": "Gather",
          "Parent Relationship": "Outer",
          "Parallel Aware": false,
          "Startup Cost": 378038.08,
          "Total Cost": 378038.69,
          "Plan Rows": 6,
          "Plan Width": 8,
          "Actual Startup Time": 1058.4,
          "Actual Total Time": 1134.714,
          "Actual Rows": 7,
          "Actual Loops": 1,
          "Workers Planned": 6,
          "Workers Launched": 6,
          "Single Copy": false,
          "Plans": [
            {
              "Node Type": "Aggregate",
              "Strategy": "Plain",
              "Partial Mode": "Partial",
              "Parent Relationship": "Outer",
              "Parallel Aware": false,
              "Startup Cost": 377038.08,
              "Total Cost": 377038.09,
              "Plan Rows": 1,
              "Plan Width": 8,
              "Actual Startup Time": 1047.775,
              "Actual Total Time": 1047.779,
              "Actual Rows": 1,
              "Actual Loops": 7,
              "Plans": [
                {
                  "Node Type": "Hash Join",
                  "Parent Relationship": "Outer",
                  "Parallel Aware": true,
                  "Join Type": "Inner",
                  "Startup Cost": 44484.39,
                  "Total Cost": 376748.58,
                  "Plan Rows": 115800,
                  "Plan Width": 0,
                  "Actual Startup Time": 460.816,
                  "Actual Total Time": 1044.554,
                  "Actual Rows": 46489,
                  "Actual Loops": 7,
                  "Inner Unique": true,
                  "Hash Cond": "(ci.movie_id = t.id)",
                  "Plans": [
                    {
                      "Node Type": "Seq Scan",
                      "Parent Relationship": "Outer",
                      "Parallel Aware": true,
                      "Relation Name": "cast_info",
                      "Alias": "ci",
                      "Startup Cost": 0.0,
                      "Total Cost": 328162.03,
                      "Plan Rows": 1562724,
                      "Plan Width": 4,
                      "Actual Startup Time": 361.131,
                      "Actual Total Time": 688.402,
                      "Actual Rows": 1326309,
                      "Actual Loops": 7,
                      "Filter": "(person_id > 2773054)",
                      "Rows Removed by Filter": 3851454
                    },
                    {
                      "Node Type": "Hash",
                      "Parent Relationship": "Inner",
                      "Parallel Aware": true,
                      "Startup Cost": 43898.92,
                      "Total Cost": 43898.92,
                      "Plan Rows": 46838,
                      "Plan Width": 4,
                      "Actual Startup Time": 97.322,
                      "Actual Total Time": 97.323,
                      "Actual Rows": 27856,
                      "Actual Loops": 7,
                      "Hash Buckets": 262144,
                      "Original Hash Buckets": 262144,
                      "Hash Batches": 1,
                      "Original Hash Batches": 1,
                      "Peak Memory Usage": 9824,
                      "Plans": [
                        {
                          "Node Type": "Seq Scan",
                          "Parent Relationship": "Outer",
                          "Parallel Aware": true,
                          "Relation Name": "title",
                          "Alias": "t",
                          "Startup Cost": 0.0,
                          "Total Cost": 43898.92,
                          "Plan Rows": 46838,
                          "Plan Width": 4,
                          "Actual Startup Time": 0.14,
                          "Actual Total Time": 84.43,
                          "Actual Rows": 27856,
                          "Actual Loops": 7,
                          "Filter": "(production_year < 1955)",
                          "Rows Removed by Filter": 333332
                        }
                      ]
                    }
                  ]
                }
              ]
            }
          ]
        }
      ]
    },
    "Planning Time": 0.614,
    "Triggers": [],
    "Execution Time": 1134.818
  }
]