[
  {
    "Plan": {
      "Node Type": "Aggregate",
      "Strategy": "Plain",
      "Partial Mode": "Finalize",
      "Parallel Aware": false,
      "Startup Cost": 46485.95,
      "Total Cost": 46485.96,
      "Plan Rows": 1,
      "Plan Width": 8,
      "Actual Startup Time": 82.052,
      "Actual Total Time": 96.222,
      "Actual Rows": 1,
      "Actual Loops": 1,
      "Plans": [
        {
          "Node Type": "Gather",
          "Parent Relationship": "Outer",
          "Parallel Aware": false,
          "Startup Cost": 46485.53,
          "Total Cost": 46485.94,
          "Plan Rows": 4,
          "Plan Width": 8,
          "Actual Startup Time": 81.873,
          "Actual Total Time": 96.207,
          "Actual Rows": 5,
          "Actual Loops": 1,
          "Workers Planned": 4,
          "Workers Launched": 4,
          "Single Copy": false,
          "Plans": [
            {
              "Node Type": "Aggregate",
              "Strategy": "Plain",
              "Partial Mode": "Partial",
              "Parent Relationship": "Outer",
              "Parallel Aware": false,
              "Startup Cost": 45485.53,
              "Total Cost": 45485.54,
              "Plan Rows": 1,
              "Plan Width": 8,
              "Actual Startup Time": 77.566,
              "Actual Total Time": 77.568,
              "Actual Rows": 1,
              "Actual Loops": 5,
              "Plans": [
                {
                  "Node Type": "Seq Scan",
                  "Parent Relationship": "Outer",
                  "Parallel Aware": true,
                  "Relation Name": "title",
                  "Alias": "t",
                  "Startup Cost": 0.0,
                  "Total Cost": 45479.59,
                  "Plan Rows": 2377,
                  "Plan Width": 0,
                  "Actual Startup Time": 0.094,
                  "Actual Total Time": 77.38,
                  "Actual Rows": 1609,
                  "Actual Loops": 5,
                  "Filter": "((kind_id = 7) AND (production_year = 1980))",
                  "Rows Removed by Filter": 504054
                }
              ]
            }
          ]
        }
      ]
    },
    "Planning Time": 0.12,
    "Triggers": [],
    "Execution Time": 96.261
  }
]