[
  {
    "Plan": {
      "Node Type": "Aggregate",
      "Strategy": "Plain",
      "Partial Mode": "Finalize",
      "Parallel Aware": false,
      "Startup Cost": 76724.98,
      "Total Cost": 76724.99,
      "Plan Rows": 1,
      "Plan Width": 8,
      "Actual Startup Time": 103.573,
      "Actual Total Time": 119.208,
      "Actual Rows": 1,
      "Actual Loops": 1,
      "Plans": [
        {
          "Node Type": "Gather",
          "Parent Relationship": "Outer",
          "Parallel Aware": false,
          "Startup Cost": 76724.67,
          "Total Cost": 76724.98,
          "Plan Rows": 3,
          "Plan Width": 8,
          "Actual Startup Time": 103.404,
          "Actual Total Time": 119.198,
          "Actual Rows": 4,
          "Actual Loops": 1,
          "Workers Planned": 3,
          "Workers Launched": 3,
          "Single Copy": false,
          "Plans": [
            {
              "Node Type": "Aggregate",
              "Strategy": "Plain",
              "Partial Mode": "Partial",
              "Parent Relationship": "Outer",
              "Parallel Aware": false,
              "Startup Cost": 75724.67,
              "Total Cost": 75724.68,
              "Plan Rows": 1,
              "Plan Width": 8,
              "Actual Startup Time": 93.851,
              "Actual Total Time": 93.853,
              "Actual Rows": 1,
              "Actual Loops": 4,
              "Plans": [
                {
                  "Node Type": "Nested Loop",
                  "Parent Relationship": "Outer",
                  "Parallel Aware": false,
                  "Join Type": "Inner",
                  "Startup Cost": 271.87,
                  "Total Cost": 75712.36,
                  "Plan Rows": 4922,
                  "Plan Width": 0,
                  "Actual Startup Time": 2.828,
                  "Actual Total Time": 92.445,
                  "Actual Rows": 18417,
                  "Actual Loops": 4,
                  "Inner Unique": false,
                  "Plans": [
                    {
                      "Node Type": "Nested Loop",
                      "Parent Relationship": "Outer",
                      "Parallel Aware": false,
                      "Join Type": "Inner",
                      "Startup Cost": 271.44,
                      "Total Cost": 72792.35,
                      "Plan Rows": 4769,
                      "Plan Width": 8,
                      "Actual Startup Time": 2.637,
                      "Actual Total Time": 46.363,
                      "Actual Rows": 4151,
                      "Actual Loops": 4,
                      "Inner Unique": true,
                      "Plans": [
                        {
                          "Node Type": "Bitmap Heap Scan",
                          "Parent Relationship": "Outer",
                          "Parallel Aware": true,
                          "Relation Name": "movie_info",
                          "Alias": "mi",
                          "Startup Cost": 271.01,
                          "Total Cost": 44355.18,
                          "Plan Rows": 4769,
                          "Plan Width": 4,
                          "Actual Startup Time": 2.411,
                          "Actual Total Time": 8.334,
                          "Actual Rows": 4151,
                          "Actual Loops": 4,
                          "Recheck Cond": "(info_type_id = 102)",
                          "Rows Removed by Index Recheck": 0,
                          "Exact Heap Blocks": 1630,
                          "Lossy Heap Blocks": 0,
                          "Plans": [
                            {
                              "Node Type": "Bitmap Index Scan",
                              "Parent Relationship": "Outer",
                              "Parallel Aware": false,
                              "Index Name": "info_type_id_movie_info",
                              "Startup Cost": 0.0,
                              "Total Cost": 267.31,
                              "Plan Rows": 14784,
                              "Plan Width": 0,
                              "Actual Startup Time": 7.119,
                              "Actual Total Time": 7.119,
                              "Actual Rows": 16603,
                              "Actual Loops": 1,
                              "Index Cond": "(info_type_id = 102)"
                            }
                          ]
                        },
                        {
                          "Node Type": "Index Only Scan",
                          "Parent Relationship": "Inner",
                          "Parallel Aware": false,
                          "Scan Direction": "Forward",
                          "Index Name": "title_pkey",
                          "Relation Name": "title",
                          "Alias": "t",
                          "Startup Cost": 0.43,
                          "Total Cost": 5.96,
                          "Plan Rows": 1,
                          "Plan Width": 4,
                          "Actual Startup Time": 0.009,
                          "Actual Total Time": 0.009,
                          "Actual Rows": 1,
                          "Actual Loops": 16603,
                          "Index Cond": "(id = mi.movie_id)",
                          "Rows Removed by Index Recheck": 0,
                          "Heap Fetches": 16603
                        }
                      ]
                    },
                    {
                      "Node Type": "Index Only Scan",
                      "Parent Relationship": "Inner",
                      "Parallel Aware": false,
                      "Scan Direction": "Forward",
                      "Index Name": "movie_id_movie_companies",
                      "Relation Name": "movie_companies",
                      "Alias": "mc",
                      "Startup Cost": 0.43,
                      "Total Cost": 0.56,
                      "Plan Rows": 5,
                      "Plan Width": 4,
                      "Actual Startup Time": 0.008,
                      "Actual Total Time": 0.01,
                      "Actual Rows": 4,
                      "Actual Loops": 16603,
                      "Index Cond": "(movie_id = t.id)",
                      "Rows Removed by Index Recheck": 0,
                      "Heap Fetches": 73667
                    }
                  ]
                }
              ]
            }
          ]
        }
      ]
    },
    "Planning Time": 1.439,
    "Triggers": [],
    "Execution Time": 119.319
  }
]