{
  "Plan": {
    "Node Type": "Aggregate",
    "Strategy": "Plain",
    "Partial Mode": "Finalize",
    "Parallel Aware": false,
    "Startup Cost": 687930.03,
    "Total Cost": 687930.04,
    "Plan Rows": 1,
    "Plan Width": 8,
    "Actual Startup Time": 3149.783,
    "Actual Total Time": 3204.87,
    "Actual Rows": 1,
    "Actual Loops": 1,
    "Plans": [
      {
        "Node Type": "Gather",
        "Parent Relationship": "Outer",
        "Parallel Aware": false,
        "Startup Cost": 687929.92,
        "Total Cost": 687930.03,
        "Plan Rows": 1,
        "Plan Width": 8,
        "Actual Startup Time": 3149.5,
        "Actual Total Time": 3204.862,
        "Actual Rows": 2,
        "Actual Loops": 1,
        "Workers Planned": 1,
        "Workers Launched": 1,
        "Single Copy": false,
        "Plans": [
          {
            "Node Type": "Aggregate",
            "Strategy": "Plain",
            "Partial Mode": "Partial",
            "Parent Relationship": "Outer",
            "Parallel Aware": false,
            "Startup Cost": 686929.92,
            "Total Cost": 686929.93,
            "Plan Rows": 1,
            "Plan Width": 8,
            "Actual Startup Time": 3143.62,
            "Actual Total Time": 3143.625,
            "Actual Rows": 1,
            "Actual Loops": 2,
            "Plans": [
              {
                "Node Type": "Hash Join",
                "Parent Relationship": "Outer",
                "Parallel Aware": true,
                "Join Type": "Inner",
                "Startup Cost": 609816.71,
                "Total Cost": 686687.03,
                "Plan Rows": 97154,
                "Plan Width": 0,
                "Actual Startup Time": 2745.376,
                "Actual Total Time": 3108.67,
                "Actual Rows": 827133,
                "Actual Loops": 2,
                "Inner Unique": false,
                "Hash Cond": "(mk.movie_id = t.id)",
                "Plans": [
                  {
                    "Node Type": "Seq Scan",
                    "Parent Relationship": "Outer",
                    "Parallel Aware": true,
                    "Relation Name": "movie_keyword",
                    "Alias": "mk",
                    "Startup Cost": 0.0,
                    "Total Cost": 57718.19,
                    "Plan Rows": 2123502,
                    "Plan Width": 4,
                    "Actual Startup Time": 0.009,
                    "Actual Total Time": 186.72,
                    "Actual Rows": 1811286,
                    "Actual Loops": 2,
                    "Filter": "(keyword_id < 20485)",
                    "Rows Removed by Filter": 450680
                  },
                  {
                    "Node Type": "Hash",
                    "Parent Relationship": "Inner",
                    "Parallel Aware": true,
                    "Startup Cost": 608966.17,
                    "Total Cost": 608966.17,
                    "Plan Rows": 68043,
                    "Plan Width": 8,
                    "Actual Startup Time": 2742.431,
                    "Actual Total Time": 2742.435,
                    "Actual Rows": 61174,
                    "Actual Loops": 2,
                    "Hash Buckets": 131072,
                    "Original Hash Buckets": 131072,
                    "Hash Batches": 1,
                    "Original Hash Batches": 1,
                    "Peak Memory Usage": 5856,
                    "Plans": [
                      {
                        "Node Type": "Hash Join",
                        "Parent Relationship": "Outer",
                        "Parallel Aware": true,
                        "Join Type": "Inner",
                        "Startup Cost": 58411.93,
                        "Total Cost": 608966.17,
                        "Plan Rows": 68043,
                        "Plan Width": 8,
                        "Actual Startup Time": 148.337,
                        "Actual Total Time": 2718.377,
                        "Actual Rows": 61174,
                        "Actual Loops": 2,
                        "Inner Unique": true,
                        "Hash Cond": "(ci.movie_id = t.id)",
                        "Plans": [
                          {
                            "Node Type": "Seq Scan",
                            "Parent Relationship": "Outer",
                            "Parallel Aware": true,
                            "Relation Name": "cast_info",
                            "Alias": "ci",
                            "Startup Cost": 0.0,
                            "Total Cost": 519069.44,
                            "Plan Rows": 11994189,
                            "Plan Width": 4,
                            "Actual Startup Time": 0.015,
                            "Actual Total Time": 1599.49,
                            "Actual Rows": 10206926,
                            "Actual Loops": 2,
                            "Filter": "(person_id < 2053623)",
                            "Rows Removed by Filter": 7915246
                          },
                          {
                            "Node Type": "Hash",
                            "Parent Relationship": "Inner",
                            "Parallel Aware": true,
                            "Startup Cost": 58306.47,
                            "Total Cost": 58306.47,
                            "Plan Rows": 8437,
                            "Plan Width": 4,
                            "Actual Startup Time": 148.115,
                            "Actual Total Time": 148.117,
                            "Actual Rows": 6104,
                            "Actual Loops": 2,
                            "Hash Buckets": 16384,
                            "Original Hash Buckets": 16384,
                            "Hash Batches": 1,
                            "Original Hash Batches": 1,
                            "Peak Memory Usage": 640,
                            "Plans": [
                              {
                                "Node Type": "Seq Scan",
                                "Parent Relationship": "Outer",
                                "Parallel Aware": true,
                                "Relation Name": "title",
                                "Alias": "t",
                                "Startup Cost": 0.0,
                                "Total Cost": 58306.47,
                                "Plan Rows": 8437,
                                "Plan Width": 4,
                                "Actual Startup Time": 0.791,
                                "Actual Total Time": 145.95,
                                "Actual Rows": 6104,
                                "Actual Loops": 2,
                                "Filter": "((kind_id < 7) AND (production_year = 1996))",
                                "Rows Removed by Filter": 1258052
                              }
                            ]
                          }
                        ]
                      }
                    ]
                  }
                ]
              }
            ]
          }
        ]
      }
    ]
  },
  "Planning Time": 1.075,
  "Triggers": [],
  "Execution Time": 3204.971
}