[
  {
    "Plan": {
      "Node Type": "Aggregate",
      "Strategy": "Plain",
      "Partial Mode": "Finalize",
      "Parallel Aware": false,
      "Startup Cost": 204615.78,
      "Total Cost": 204615.79,
      "Plan Rows": 1,
      "Plan Width": 8,
      "Actual Startup Time": 258.885,
      "Actual Total Time": 280.517,
      "Actual Rows": 1,
      "Actual Loops": 1,
      "Plans": [
        {
          "Node Type": "Gather",
          "Parent Relationship": "Outer",
          "Parallel Aware": false,
          "Startup Cost": 204615.16,
          "Total Cost": 204615.77,
          "Plan Rows": 6,
          "Plan Width": 8,
          "Actual Startup Time": 258.709,
          "Actual Total Time": 280.503,
          "Actual Rows": 7,
          "Actual Loops": 1,
          "Workers Planned": 6,
          "Workers Launched": 6,
          "Single Copy": false,
          "Plans": [
            {
              "Node Type": "Aggregate",
              "Strategy": "Plain",
              "Partial Mode": "Partial",
              "Parent Relationship": "Outer",
              "Parallel Aware": false,
              "Startup Cost": 203615.16,
              "Total Cost": 203615.17,
              "Plan Rows": 1,
              "Plan Width": 8,
              "Actual Startup Time": 251.956,
              "Actual Total Time": 251.958,
              "Actual Rows": 1,
              "Actual Loops": 7,
              "Plans": [
                {
                  "Node Type": "Index Scan",
                  "Parent Relationship": "Outer",
                  "Parallel Aware": true,
                  "Scan Direction": "Forward",
                  "Index Name": "role_id_cast_info",
                  "Relation Name": "cast_info",
                  "Alias": "ci",
                  "Startup Cost": 0.56,
                  "Total Cost": 201884.69,
                  "Plan Rows": 692187,
                  "Plan Width": 0,
                  "Actual Startup Time": 0.09,
                  "Actual Total Time": 234.063,
                  "Actual Rows": 339342,
                  "Actual Loops": 7,
                  "Index Cond": "(role_id = 2)",
                  "Rows Removed by Index Recheck": 0,
                  "Filter": "(person_id < 2038391)",
                  "Rows Removed by Filter": 725225
                }
              ]
            }
          ]
        }
      ]
    },
    "Planning Time": 0.242,
    "Triggers": [],
    "Execution Time": 280.584
  }
]