[
    {
        "Bao": {
            "Bao prediction": "NaN",
            "Bao recommended hint": "(no hint)"
        }
    },
    {
        "Plan": {
            "Node Type": "Aggregate",
            "Strategy": "Plain",
            "Partial Mode": "Finalize",
            "Parallel Aware": false,
            "Startup Cost": 32695.5,
            "Total Cost": 32695.51,
            "Plan Rows": 1,
            "Plan Width": 8,
            "Actual Startup Time": 86.47,
            "Actual Total Time": 91.107,
            "Actual Rows": 1,
            "Actual Loops": 1,
            "Output": [
                "count(*)"
            ],
            "Plans": [
                {
                    "Node Type": "Gather",
                    "Parent Relationship": "Outer",
                    "Parallel Aware": false,
                    "Startup Cost": 32695.19,
                    "Total Cost": 32695.5,
                    "Plan Rows": 3,
                    "Plan Width": 8,
                    "Actual Startup Time": 86.343,
                    "Actual Total Time": 91.101,
                    "Actual Rows": 4,
                    "Actual Loops": 1,
                    "Output": [
                        "(PARTIAL count(*))"
                    ],
                    "Workers Planned": 3,
                    "Workers Launched": 3,
                    "Single Copy": false,
                    "Plans": [
                        {
                            "Node Type": "Aggregate",
                            "Strategy": "Plain",
                            "Partial Mode": "Partial",
                            "Parent Relationship": "Outer",
                            "Parallel Aware": false,
                            "Startup Cost": 31695.19,
                            "Total Cost": 31695.2,
                            "Plan Rows": 1,
                            "Plan Width": 8,
                            "Actual Startup Time": 78.569,
                            "Actual Total Time": 78.57,
                            "Actual Rows": 1,
                            "Actual Loops": 4,
                            "Output": [
                                "PARTIAL count(*)"
                            ],
                            "Workers": [
                                {
                                    "Worker Number": 0,
                                    "Actual Startup Time": 75.8,
                                    "Actual Total Time": 75.801,
                                    "Actual Rows": 1,
                                    "Actual Loops": 1
                                },
                                {
                                    "Worker Number": 1,
                                    "Actual Startup Time": 76.039,
                                    "Actual Total Time": 76.04,
                                    "Actual Rows": 1,
                                    "Actual Loops": 1
                                },
                                {
                                    "Worker Number": 2,
                                    "Actual Startup Time": 76.344,
                                    "Actual Total Time": 76.345,
                                    "Actual Rows": 1,
                                    "Actual Loops": 1
                                }
                            ],
                            "Plans": [
                                {
                                    "Node Type": "Seq Scan",
                                    "Parent Relationship": "Outer",
                                    "Parallel Aware": true,
                                    "Relation Name": "movie_companies",
                                    "Schema": "public",
                                    "Alias": "mc",
                                    "Startup Cost": 0.0,
                                    "Total Cost": 31414.82,
                                    "Plan Rows": 112147,
                                    "Plan Width": 0,
                                    "Actual Startup Time": 38.301,
                                    "Actual Total Time": 71.342,
                                    "Actual Rows": 162704,
                                    "Actual Loops": 4,
                                    "Output": [
                                        "id",
                                        "movie_id",
                                        "company_id",
                                        "company_type_id",
                                        "note"
                                    ],
                                    "Filter": "((mc.company_id > 49060) AND (mc.company_type_id = 2))",
                                    "Rows Removed by Filter": 489578,
                                    "Workers": [
                                        {
                                            "Worker Number": 0,
                                            "Actual Startup Time": 35.544,
                                            "Actual Total Time": 68.733,
                                            "Actual Rows": 171504,
                                            "Actual Loops": 1
                                        },
                                        {
                                            "Worker Number": 1,
                                            "Actual Startup Time": 35.765,
                                            "Actual Total Time": 69.034,
                                            "Actual Rows": 170313,
                                            "Actual Loops": 1
                                        },
                                        {
                                            "Worker Number": 2,
                                            "Actual Startup Time": 36.067,
                                            "Actual Total Time": 69.291,
                                            "Actual Rows": 105443,
                                            "Actual Loops": 1
                                        }
                                    ]
                                }
                            ]
                        }
                    ]
                }
            ]
        },
        "Planning Time": 182.305,
        "Triggers": [],
        "Execution Time": 91.147
    }
]