[
  {
    "Plan": {
      "Node Type": "Aggregate",
      "Strategy": "Plain",
      "Partial Mode": "Finalize",
      "Parallel Aware": false,
      "Startup Cost": 332314.74,
      "Total Cost": 332314.75,
      "Plan Rows": 1,
      "Plan Width": 8,
      "Actual Startup Time": 597.001,
      "Actual Total Time": 643.08,
      "Actual Rows": 1,
      "Actual Loops": 1,
      "Plans": [
        {
          "Node Type": "Gather",
          "Parent Relationship": "Outer",
          "Parallel Aware": false,
          "Startup Cost": 332314.11,
          "Total Cost": 332314.72,
          "Plan Rows": 6,
          "Plan Width": 8,
          "Actual Startup Time": 596.825,
          "Actual Total Time": 643.071,
          "Actual Rows": 7,
          "Actual Loops": 1,
          "Workers Planned": 6,
          "Workers Launched": 6,
          "Single Copy": false,
          "Plans": [
            {
              "Node Type": "Aggregate",
              "Strategy": "Plain",
              "Partial Mode": "Partial",
              "Parent Relationship": "Outer",
              "Parallel Aware": false,
              "Startup Cost": 331314.11,
              "Total Cost": 331314.12,
              "Plan Rows": 1,
              "Plan Width": 8,
              "Actual Startup Time": 590.357,
              "Actual Total Time": 590.358,
              "Actual Rows": 1,
              "Actual Loops": 7,
              "Plans": [
                {
                  "Node Type": "Seq Scan",
                  "Parent Relationship": "Outer",
                  "Parallel Aware": true,
                  "Relation Name": "cast_info",
                  "Alias": "ci",
                  "Startup Cost": 0.0,
                  "Total Cost": 328211.39,
                  "Plan Rows": 1241089,
                  "Plan Width": 0,
                  "Actual Startup Time": 322.802,
                  "Actual Total Time": 539.38,
                  "Actual Rows": 1053492,
                  "Actual Loops": 7,
                  "Filter": "(person_id > 2932982)",
                  "Rows Removed by Filter": 4124272
                }
              ]
            }
          ]
        }
      ]
    },
    "Planning Time": 0.152,
    "Triggers": [],
    "Execution Time": 643.133
  }
]