[
  {
    "Plan": {
      "Node Type": "Aggregate",
      "Strategy": "Plain",
      "Partial Mode": "Finalize",
      "Parallel Aware": false,
      "Startup Cost": 46485.56,
      "Total Cost": 46485.57,
      "Plan Rows": 1,
      "Plan Width": 8,
      "Actual Startup Time": 68.858,
      "Actual Total Time": 77.118,
      "Actual Rows": 1,
      "Actual Loops": 1,
      "Plans": [
        {
          "Node Type": "Gather",
          "Parent Relationship": "Outer",
          "Parallel Aware": false,
          "Startup Cost": 46485.14,
          "Total Cost": 46485.55,
          "Plan Rows": 4,
          "Plan Width": 8,
          "Actual Startup Time": 68.773,
          "Actual Total Time": 77.112,
          "Actual Rows": 5,
          "Actual Loops": 1,
          "Workers Planned": 4,
          "Workers Launched": 4,
          "Single Copy": false,
          "Plans": [
            {
              "Node Type": "Aggregate",
              "Strategy": "Plain",
              "Partial Mode": "Partial",
              "Parent Relationship": "Outer",
              "Parallel Aware": false,
              "Startup Cost": 45485.14,
              "Total Cost": 45485.15,
              "Plan Rows": 1,
              "Plan Width": 8,
              "Actual Startup Time": 64.664,
              "Actual Total Time": 64.665,
              "Actual Rows": 1,
              "Actual Loops": 5,
              "Plans": [
                {
                  "Node Type": "Seq Scan",
                  "Parent Relationship": "Outer",
                  "Parallel Aware": true,
                  "Relation Name": "title",
                  "Alias": "t",
                  "Startup Cost": 0.0,
                  "Total Cost": 45479.21,
                  "Plan Rows": 2372,
                  "Plan Width": 0,
                  "Actual Startup Time": 0.163,
                  "Actual Total Time": 64.48,
                  "Actual Rows": 2039,
                  "Actual Loops": 5,
                  "Filter": "((kind_id < 7) AND (production_year = 1992))",
                  "Rows Removed by Filter": 503623
                }
              ]
            }
          ]
        }
      ]
    },
    "Planning Time": 0.072,
    "Triggers": [],
    "Execution Time": 77.143
  }
]