{
  "Plan": {
    "Node Type": "Aggregate",
    "Strategy": "Plain",
    "Partial Mode": "Finalize",
    "Parallel Aware": false,
    "Startup Cost": 686665.17,
    "Total Cost": 686665.18,
    "Plan Rows": 1,
    "Plan Width": 8,
    "Actual Startup Time": 4410.37,
    "Actual Total Time": 4461.623,
    "Actual Rows": 1,
    "Actual Loops": 1,
    "Plans": [
      {
        "Node Type": "Gather",
        "Parent Relationship": "Outer",
        "Parallel Aware": false,
        "Startup Cost": 686665.06,
        "Total Cost": 686665.17,
        "Plan Rows": 1,
        "Plan Width": 8,
        "Actual Startup Time": 4409.24,
        "Actual Total Time": 4461.614,
        "Actual Rows": 2,
        "Actual Loops": 1,
        "Workers Planned": 1,
        "Workers Launched": 1,
        "Single Copy": false,
        "Plans": [
          {
            "Node Type": "Aggregate",
            "Strategy": "Plain",
            "Partial Mode": "Partial",
            "Parent Relationship": "Outer",
            "Parallel Aware": false,
            "Startup Cost": 685665.06,
            "Total Cost": 685665.07,
            "Plan Rows": 1,
            "Plan Width": 8,
            "Actual Startup Time": 4403.181,
            "Actual Total Time": 4403.185,
            "Actual Rows": 1,
            "Actual Loops": 2,
            "Plans": [
              {
                "Node Type": "Hash Join",
                "Parent Relationship": "Outer",
                "Parallel Aware": true,
                "Join Type": "Inner",
                "Startup Cost": 64105.44,
                "Total Cost": 674393.29,
                "Plan Rows": 4508708,
                "Plan Width": 0,
                "Actual Startup Time": 480.486,
                "Actual Total Time": 4278.752,
                "Actual Rows": 2948250,
                "Actual Loops": 2,
                "Inner Unique": true,
                "Hash Cond": "(ci.movie_id = t.id)",
                "Plans": [
                  {
                    "Node Type": "Seq Scan",
                    "Parent Relationship": "Outer",
                    "Parallel Aware": true,
                    "Relation Name": "cast_info",
                    "Alias": "ci",
                    "Startup Cost": 0.0,
                    "Total Cost": 572345.93,
                    "Plan Rows": 14454038,
                    "Plan Width": 4,
                    "Actual Startup Time": 217.705,
                    "Actual Total Time": 1786.39,
                    "Actual Rows": 11895471,
                    "Actual Loops": 2,
                    "Filter": "((person_id > 798271) AND (role_id < 10))",
                    "Rows Removed by Filter": 6226701
                  },
                  {
                    "Node Type": "Hash",
                    "Parent Relationship": "Inner",
                    "Parallel Aware": true,
                    "Startup Cost": 58306.47,
                    "Total Cost": 58306.47,
                    "Plan Rows": 463918,
                    "Plan Width": 4,
                    "Actual Startup Time": 253.252,
                    "Actual Total Time": 253.253,
                    "Actual Rows": 346234,
                    "Actual Loops": 2,
                    "Hash Buckets": 1048576,
                    "Original Hash Buckets": 1048576,
                    "Hash Batches": 1,
                    "Original Hash Batches": 1,
                    "Peak Memory Usage": 35328,
                    "Plans": [
                      {
                        "Node Type": "Seq Scan",
                        "Parent Relationship": "Outer",
                        "Parallel Aware": true,
                        "Relation Name": "title",
                        "Alias": "t",
                        "Startup Cost": 0.0,
                        "Total Cost": 58306.47,
                        "Plan Rows": 463918,
                        "Plan Width": 4,
                        "Actual Startup Time": 0.035,
                        "Actual Total Time": 159.129,
                        "Actual Rows": 346234,
                        "Actual Loops": 2,
                        "Filter": "((kind_id > 1) AND (production_year < 2001))",
                        "Rows Removed by Filter": 917922
                      }
                    ]
                  }
                ]
              }
            ]
          }
        ]
      }
    ]
  },
  "Planning Time": 0.653,
  "Triggers": [],
  "Execution Time": 4461.707
}