[
  {
    "Plan": {
      "Node Type": "Aggregate",
      "Strategy": "Plain",
      "Partial Mode": "Finalize",
      "Parallel Aware": false,
      "Startup Cost": 33383.42,
      "Total Cost": 33383.43,
      "Plan Rows": 1,
      "Plan Width": 8,
      "Actual Startup Time": 97.205,
      "Actual Total Time": 104.917,
      "Actual Rows": 1,
      "Actual Loops": 1,
      "Plans": [
        {
          "Node Type": "Gather",
          "Parent Relationship": "Outer",
          "Parallel Aware": false,
          "Startup Cost": 33383.11,
          "Total Cost": 33383.42,
          "Plan Rows": 3,
          "Plan Width": 8,
          "Actual Startup Time": 97.036,
          "Actual Total Time": 104.908,
          "Actual Rows": 4,
          "Actual Loops": 1,
          "Workers Planned": 3,
          "Workers Launched": 3,
          "Single Copy": false,
          "Plans": [
            {
              "Node Type": "Aggregate",
              "Strategy": "Plain",
              "Partial Mode": "Partial",
              "Parent Relationship": "Outer",
              "Parallel Aware": false,
              "Startup Cost": 32383.11,
              "Total Cost": 32383.12,
              "Plan Rows": 1,
              "Plan Width": 8,
              "Actual Startup Time": 91.597,
              "Actual Total Time": 91.598,
              "Actual Rows": 1,
              "Actual Loops": 4,
              "Plans": [
                {
                  "Node Type": "Seq Scan",
                  "Parent Relationship": "Outer",
                  "Parallel Aware": true,
                  "Relation Name": "movie_companies",
                  "Alias": "mc",
                  "Startup Cost": 0.0,
                  "Total Cost": 31414.82,
                  "Plan Rows": 387315,
                  "Plan Width": 0,
                  "Actual Startup Time": 43.227,
                  "Actual Total Time": 80.176,
                  "Actual Rows": 270015,
                  "Actual Loops": 4,
                  "Filter": "((company_id < 100309) AND (company_type_id > 1))",
                  "Rows Removed by Filter": 382267
                }
              ]
            }
          ]
        }
      ]
    },
    "Planning Time": 0.223,
    "Triggers": [],
    "Execution Time": 104.976
  }
]