[
  {
    "Plan": {
      "Node Type": "Aggregate",
      "Strategy": "Plain",
      "Partial Mode": "Finalize",
      "Parallel Aware": false,
      "Startup Cost": 33378.25,
      "Total Cost": 33378.26,
      "Plan Rows": 1,
      "Plan Width": 8,
      "Actual Startup Time": 112.616,
      "Actual Total Time": 120.785,
      "Actual Rows": 1,
      "Actual Loops": 1,
      "Plans": [
        {
          "Node Type": "Gather",
          "Parent Relationship": "Outer",
          "Parallel Aware": false,
          "Startup Cost": 33377.94,
          "Total Cost": 33378.25,
          "Plan Rows": 3,
          "Plan Width": 8,
          "Actual Startup Time": 112.48,
          "Actual Total Time": 120.775,
          "Actual Rows": 4,
          "Actual Loops": 1,
          "Workers Planned": 3,
          "Workers Launched": 3,
          "Single Copy": false,
          "Plans": [
            {
              "Node Type": "Aggregate",
              "Strategy": "Plain",
              "Partial Mode": "Partial",
              "Parent Relationship": "Outer",
              "Parallel Aware": false,
              "Startup Cost": 32377.94,
              "Total Cost": 32377.95,
              "Plan Rows": 1,
              "Plan Width": 8,
              "Actual Startup Time": 103.918,
              "Actual Total Time": 103.919,
              "Actual Rows": 1,
              "Actual Loops": 4,
              "Plans": [
                {
                  "Node Type": "Seq Scan",
                  "Parent Relationship": "Outer",
                  "Parallel Aware": true,
                  "Relation Name": "movie_companies",
                  "Alias": "mc",
                  "Startup Cost": 0.0,
                  "Total Cost": 31414.82,
                  "Plan Rows": 385247,
                  "Plan Width": 0,
                  "Actual Startup Time": 52.411,
                  "Actual Total Time": 92.054,
                  "Actual Rows": 270015,
                  "Actual Loops": 4,
                  "Filter": "((company_id < 100309) AND (company_type_id > 1))",
                  "Rows Removed by Filter": 382267
                }
              ]
            }
          ]
        }
      ]
    },
    "Planning Time": 0.193,
    "Triggers": [],
    "Execution Time": 120.839
  }
]