[
  {
    "Plan": {
      "Node Type": "Aggregate",
      "Strategy": "Plain",
      "Partial Mode": "Finalize",
      "Parallel Aware": false,
      "Startup Cost": 130239.16,
      "Total Cost": 130239.17,
      "Plan Rows": 1,
      "Plan Width": 8,
      "Actual Startup Time": 149.121,
      "Actual Total Time": 172.625,
      "Actual Rows": 1,
      "Actual Loops": 1,
      "Plans": [
        {
          "Node Type": "Gather",
          "Parent Relationship": "Outer",
          "Parallel Aware": false,
          "Startup Cost": 130238.74,
          "Total Cost": 130239.15,
          "Plan Rows": 4,
          "Plan Width": 8,
          "Actual Startup Time": 148.93,
          "Actual Total Time": 172.615,
          "Actual Rows": 5,
          "Actual Loops": 1,
          "Workers Planned": 4,
          "Workers Launched": 4,
          "Single Copy": false,
          "Plans": [
            {
              "Node Type": "Aggregate",
              "Strategy": "Plain",
              "Partial Mode": "Partial",
              "Parent Relationship": "Outer",
              "Parallel Aware": false,
              "Startup Cost": 129238.74,
              "Total Cost": 129238.75,
              "Plan Rows": 1,
              "Plan Width": 8,
              "Actual Startup Time": 138.849,
              "Actual Total Time": 138.851,
              "Actual Rows": 1,
              "Actual Loops": 5,
              "Plans": [
                {
                  "Node Type": "Nested Loop",
                  "Parent Relationship": "Outer",
                  "Parallel Aware": false,
                  "Join Type": "Inner",
                  "Startup Cost": 0.56,
                  "Total Cost": 129227.2,
                  "Plan Rows": 4615,
                  "Plan Width": 0,
                  "Actual Startup Time": 66.211,
                  "Actual Total Time": 138.198,
                  "Actual Rows": 6005,
                  "Actual Loops": 5,
                  "Inner Unique": false,
                  "Plans": [
                    {
                      "Node Type": "Seq Scan",
                      "Parent Relationship": "Outer",
                      "Parallel Aware": true,
                      "Relation Name": "title",
                      "Alias": "t",
                      "Startup Cost": 0.0,
                      "Total Cost": 43899.32,
                      "Plan Rows": 695,
                      "Plan Width": 4,
                      "Actual Startup Time": 61.238,
                      "Actual Total Time": 88.87,
                      "Actual Rows": 493,
                      "Actual Loops": 5,
                      "Filter": "(production_year = 1935)",
                      "Rows Removed by Filter": 505169
                    },
                    {
                      "Node Type": "Index Scan",
                      "Parent Relationship": "Inner",
                      "Parallel Aware": false,
                      "Scan Direction": "Forward",
                      "Index Name": "movie_id_cast_info",
                      "Relation Name": "cast_info",
                      "Alias": "ci",
                      "Startup Cost": 0.56,
                      "Total Cost": 122.61,
                      "Plan Rows": 16,
                      "Plan Width": 4,
                      "Actual Startup Time": 0.018,
                      "Actual Total Time": 0.098,
                      "Actual Rows": 12,
                      "Actual Loops": 2467,
                      "Index Cond": "(movie_id = t.id)",
                      "Rows Removed by Index Recheck": 0,
                      "Filter": "(person_id < 1677514)",
                      "Rows Removed by Filter": 8
                    }
                  ]
                }
              ]
            }
          ]
        }
      ]
    },
    "Planning Time": 0.616,
    "Triggers": [],
    "Execution Time": 172.706
  }
]