[
  {
    "Plan": {
      "Node Type": "Aggregate",
      "Strategy": "Plain",
      "Partial Mode": "Finalize",
      "Parallel Aware": false,
      "Startup Cost": 106436.36,
      "Total Cost": 106436.37,
      "Plan Rows": 1,
      "Plan Width": 8,
      "Actual Startup Time": 129.471,
      "Actual Total Time": 151.266,
      "Actual Rows": 1,
      "Actual Loops": 1,
      "Plans": [
        {
          "Node Type": "Gather",
          "Parent Relationship": "Outer",
          "Parallel Aware": false,
          "Startup Cost": 106435.94,
          "Total Cost": 106436.35,
          "Plan Rows": 4,
          "Plan Width": 8,
          "Actual Startup Time": 129.267,
          "Actual Total Time": 151.258,
          "Actual Rows": 5,
          "Actual Loops": 1,
          "Workers Planned": 4,
          "Workers Launched": 4,
          "Single Copy": false,
          "Plans": [
            {
              "Node Type": "Aggregate",
              "Strategy": "Plain",
              "Partial Mode": "Partial",
              "Parent Relationship": "Outer",
              "Parallel Aware": false,
              "Startup Cost": 105435.94,
              "Total Cost": 105435.95,
              "Plan Rows": 1,
              "Plan Width": 8,
              "Actual Startup Time": 119.655,
              "Actual Total Time": 119.657,
              "Actual Rows": 1,
              "Actual Loops": 5,
              "Plans": [
                {
                  "Node Type": "Nested Loop",
                  "Parent Relationship": "Outer",
                  "Parallel Aware": false,
                  "Join Type": "Inner",
                  "Startup Cost": 0.56,
                  "Total Cost": 105428.37,
                  "Plan Rows": 3029,
                  "Plan Width": 0,
                  "Actual Startup Time": 57.71,
                  "Actual Total Time": 119.11,
                  "Actual Rows": 6005,
                  "Actual Loops": 5,
                  "Inner Unique": false,
                  "Plans": [
                    {
                      "Node Type": "Seq Scan",
                      "Parent Relationship": "Outer",
                      "Parallel Aware": true,
                      "Relation Name": "title",
                      "Alias": "t",
                      "Startup Cost": 0.0,
                      "Total Cost": 43898.92,
                      "Plan Rows": 452,
                      "Plan Width": 4,
                      "Actual Startup Time": 53.671,
                      "Actual Total Time": 76.957,
                      "Actual Rows": 493,
                      "Actual Loops": 5,
                      "Filter": "(production_year = 1935)",
                      "Rows Removed by Filter": 505169
                    },
                    {
                      "Node Type": "Index Scan",
                      "Parent Relationship": "Inner",
                      "Parallel Aware": false,
                      "Scan Direction": "Forward",
                      "Index Name": "movie_id_cast_info",
                      "Relation Name": "cast_info",
                      "Alias": "ci",
                      "Startup Cost": 0.56,
                      "Total Cost": 135.96,
                      "Plan Rows": 17,
                      "Plan Width": 4,
                      "Actual Startup Time": 0.014,
                      "Actual Total Time": 0.084,
                      "Actual Rows": 12,
                      "Actual Loops": 2467,
                      "Index Cond": "(movie_id = t.id)",
                      "Rows Removed by Index Recheck": 0,
                      "Filter": "(person_id < 1677514)",
                      "Rows Removed by Filter": 8
                    }
                  ]
                }
              ]
            }
          ]
        }
      ]
    },
    "Planning Time": 0.601,
    "Triggers": [],
    "Execution Time": 151.342
  }
]