{
  "Plan": {
    "Node Type": "Aggregate",
    "Strategy": "Plain",
    "Partial Mode": "Finalize",
    "Parallel Aware": false,
    "Startup Cost": 310302.34,
    "Total Cost": 310302.35,
    "Plan Rows": 1,
    "Plan Width": 8,
    "Actual Startup Time": 493.206,
    "Actual Total Time": 521.679,
    "Actual Rows": 1,
    "Actual Loops": 1,
    "Plans": [
      {
        "Node Type": "Gather",
        "Parent Relationship": "Outer",
        "Parallel Aware": false,
        "Startup Cost": 310302.23,
        "Total Cost": 310302.34,
        "Plan Rows": 1,
        "Plan Width": 8,
        "Actual Startup Time": 492.712,
        "Actual Total Time": 521.661,
        "Actual Rows": 2,
        "Actual Loops": 1,
        "Workers Planned": 1,
        "Workers Launched": 1,
        "Single Copy": false,
        "Plans": [
          {
            "Node Type": "Aggregate",
            "Strategy": "Plain",
            "Partial Mode": "Partial",
            "Parent Relationship": "Outer",
            "Parallel Aware": false,
            "Startup Cost": 309302.23,
            "Total Cost": 309302.24,
            "Plan Rows": 1,
            "Plan Width": 8,
            "Actual Startup Time": 486.28,
            "Actual Total Time": 486.285,
            "Actual Rows": 1,
            "Actual Loops": 2,
            "Plans": [
              {
                "Node Type": "Nested Loop",
                "Parent Relationship": "Outer",
                "Parallel Aware": false,
                "Join Type": "Inner",
                "Startup Cost": 75002.72,
                "Total Cost": 309171.43,
                "Plan Rows": 52319,
                "Plan Width": 0,
                "Actual Startup Time": 163.045,
                "Actual Total Time": 479.726,
                "Actual Rows": 125043,
                "Actual Loops": 2,
                "Inner Unique": false,
                "Join Filter": "(t.id = mk.movie_id)",
                "Rows Removed by Join Filter": 0,
                "Plans": [
                  {
                    "Node Type": "Hash Join",
                    "Parent Relationship": "Outer",
                    "Parallel Aware": true,
                    "Join Type": "Inner",
                    "Startup Cost": 75002.29,
                    "Total Cost": 254309.17,
                    "Plan Rows": 29239,
                    "Plan Width": 8,
                    "Actual Startup Time": 162.947,
                    "Actual Total Time": 379.251,
                    "Actual Rows": 14217,
                    "Actual Loops": 2,
                    "Inner Unique": true,
                    "Hash Cond": "(mi.movie_id = t.id)",
                    "Plans": [
                      {
                        "Node Type": "Bitmap Heap Scan",
                        "Parent Relationship": "Outer",
                        "Parallel Aware": true,
                        "Relation Name": "movie_info",
                        "Alias": "mi",
                        "Startup Cost": 35254.11,
                        "Total Cost": 211556.11,
                        "Plan Rows": 1144719,
                        "Plan Width": 4,
                        "Actual Startup Time": 67.124,
                        "Actual Total Time": 207.528,
                        "Actual Rows": 932816,
                        "Actual Loops": 2,
                        "Recheck Cond": "(info_type_id > 17)",
                        "Rows Removed by Index Recheck": 0,
                        "Exact Heap Blocks": 28640,
                        "Lossy Heap Blocks": 0,
                        "Plans": [
                          {
                            "Node Type": "Bitmap Index Scan",
                            "Parent Relationship": "Outer",
                            "Parallel Aware": false,
                            "Index Name": "info_type_id_movie_info",
                            "Startup Cost": 0.0,
                            "Total Cost": 34767.61,
                            "Plan Rows": 1946023,
                            "Plan Width": 0,
                            "Actual Startup Time": 60.479,
                            "Actual Total Time": 60.479,
                            "Actual Rows": 1865632,
                            "Actual Loops": 1,
                            "Index Cond": "(info_type_id > 17)"
                          }
                        ]
                      },
                      {
                        "Node Type": "Hash",
                        "Parent Relationship": "Inner",
                        "Parallel Aware": true,
                        "Startup Cost": 39273.33,
                        "Total Cost": 39273.33,
                        "Plan Rows": 37988,
                        "Plan Width": 4,
                        "Actual Startup Time": 60.858,
                        "Actual Total Time": 60.859,
                        "Actual Rows": 26689,
                        "Actual Loops": 2,
                        "Hash Buckets": 65536,
                        "Original Hash Buckets": 65536,
                        "Hash Batches": 1,
                        "Original Hash Batches": 1,
                        "Peak Memory Usage": 2624,
                        "Plans": [
                          {
                            "Node Type": "Bitmap Heap Scan",
                            "Parent Relationship": "Outer",
                            "Parallel Aware": true,
                            "Relation Name": "title",
                            "Alias": "t",
                            "Startup Cost": 2197.08,
                            "Total Cost": 39273.33,
                            "Plan Rows": 37988,
                            "Plan Width": 4,
                            "Actual Startup Time": 15.499,
                            "Actual Total Time": 53.773,
                            "Actual Rows": 26689,
                            "Actual Loops": 2,
                            "Recheck Cond": "(kind_id = 4)",
                            "Rows Removed by Index Recheck": 0,
                            "Filter": "(production_year < 2005)",
                            "Rows Removed by Filter": 32428,
                            "Exact Heap Blocks": 10644,
                            "Lossy Heap Blocks": 0,
                            "Plans": [
                              {
                                "Node Type": "Bitmap Index Scan",
                                "Parent Relationship": "Outer",
                                "Parallel Aware": false,
                                "Index Name": "kind_id_title",
                                "Startup Cost": 0.0,
                                "Total Cost": 2180.94,
                                "Plan Rows": 122201,
                                "Plan Width": 0,
                                "Actual Startup Time": 16.424,
                                "Actual Total Time": 16.424,
                                "Actual Rows": 118234,
                                "Actual Loops": 1,
                                "Index Cond": "(kind_id = 4)"
                              }
                            ]
                          }
                        ]
                      }
                    ]
                  },
                  {
                    "Node Type": "Index Only Scan",
                    "Parent Relationship": "Inner",
                    "Parallel Aware": false,
                    "Scan Direction": "Forward",
                    "Index Name": "movie_id_movie_keyword",
                    "Relation Name": "movie_keyword",
                    "Alias": "mk",
                    "Startup Cost": 0.43,
                    "Total Cost": 1.31,
                    "Plan Rows": 45,
                    "Plan Width": 4,
                    "Actual Startup Time": 0.004,
                    "Actual Total Time": 0.006,
                    "Actual Rows": 9,
                    "Actual Loops": 28434,
                    "Index Cond": "(movie_id = mi.movie_id)",
                    "Rows Removed by Index Recheck": 0,
                    "Heap Fetches": 250086
                  }
                ]
              }
            ]
          }
        ]
      }
    ]
  },
  "Planning Time": 1.141,
  "Triggers": [],
  "Execution Time": 521.805
}