[
  {
    "Plan": {
      "Node Type": "Aggregate",
      "Strategy": "Plain",
      "Partial Mode": "Finalize",
      "Parallel Aware": false,
      "Startup Cost": 77680.06,
      "Total Cost": 77680.07,
      "Plan Rows": 1,
      "Plan Width": 8,
      "Actual Startup Time": 322.818,
      "Actual Total Time": 336.819,
      "Actual Rows": 1,
      "Actual Loops": 1,
      "Plans": [
        {
          "Node Type": "Gather",
          "Parent Relationship": "Outer",
          "Parallel Aware": false,
          "Startup Cost": 77679.64,
          "Total Cost": 77680.05,
          "Plan Rows": 4,
          "Plan Width": 8,
          "Actual Startup Time": 320.472,
          "Actual Total Time": 336.809,
          "Actual Rows": 5,
          "Actual Loops": 1,
          "Workers Planned": 4,
          "Workers Launched": 4,
          "Single Copy": false,
          "Plans": [
            {
              "Node Type": "Aggregate",
              "Strategy": "Plain",
              "Partial Mode": "Partial",
              "Parent Relationship": "Outer",
              "Parallel Aware": false,
              "Startup Cost": 76679.64,
              "Total Cost": 76679.65,
              "Plan Rows": 1,
              "Plan Width": 8,
              "Actual Startup Time": 310.443,
              "Actual Total Time": 310.503,
              "Actual Rows": 1,
              "Actual Loops": 5,
              "Plans": [
                {
                  "Node Type": "Hash Join",
                  "Parent Relationship": "Outer",
                  "Parallel Aware": true,
                  "Join Type": "Inner",
                  "Startup Cost": 30891.21,
                  "Total Cost": 76544.58,
                  "Plan Rows": 54024,
                  "Plan Width": 0,
                  "Actual Startup Time": 128.398,
                  "Actual Total Time": 306.163,
                  "Actual Rows": 86514,
                  "Actual Loops": 5,
                  "Inner Unique": false,
                  "Hash Cond": "(t.id = mc.movie_id)",
                  "Plans": [
                    {
                      "Node Type": "Seq Scan",
                      "Parent Relationship": "Outer",
                      "Parallel Aware": true,
                      "Relation Name": "title",
                      "Alias": "t",
                      "Startup Cost": 0.0,
                      "Total Cost": 42318.73,
                      "Plan Rows": 632073,
                      "Plan Width": 4,
                      "Actual Startup Time": 0.015,
                      "Actual Total Time": 69.211,
                      "Actual Rows": 505662,
                      "Actual Loops": 5
                    },
                    {
                      "Node Type": "Hash",
                      "Parent Relationship": "Inner",
                      "Parallel Aware": true,
                      "Startup Cost": 30019.86,
                      "Total Cost": 30019.86,
                      "Plan Rows": 69708,
                      "Plan Width": 4,
                      "Actual Startup Time": 114.406,
                      "Actual Total Time": 114.407,
                      "Actual Rows": 86514,
                      "Actual Loops": 5,
                      "Hash Buckets": 524288,
                      "Original Hash Buckets": 262144,
                      "Hash Batches": 1,
                      "Original Hash Batches": 1,
                      "Peak Memory Usage": 23168,
                      "Plans": [
                        {
                          "Node Type": "Bitmap Heap Scan",
                          "Parent Relationship": "Outer",
                          "Parallel Aware": true,
                          "Relation Name": "movie_companies",
                          "Alias": "mc",
                          "Startup Cost": 9170.48,
                          "Total Cost": 30019.86,
                          "Plan Rows": 69708,
                          "Plan Width": 4,
                          "Actual Startup Time": 38.441,
                          "Actual Total Time": 75.145,
                          "Actual Rows": 86514,
                          "Actual Loops": 5,
                          "Recheck Cond": "(company_id > 78883)",
                          "Rows Removed by Index Recheck": 0,
                          "Filter": "(company_type_id = 2)",
                          "Rows Removed by Filter": 0,
                          "Exact Heap Blocks": 2664,
                          "Lossy Heap Blocks": 0,
                          "Plans": [
                            {
                              "Node Type": "Bitmap Index Scan",
                              "Parent Relationship": "Outer",
                              "Parallel Aware": false,
                              "Index Name": "company_id_movie_companies",
                              "Startup Cost": 0.0,
                              "Total Cost": 9116.46,
                              "Plan Rows": 425604,
                              "Plan Width": 0,
                              "Actual Startup Time": 40.511,
                              "Actual Total Time": 40.511,
                              "Actual Rows": 432568,
                              "Actual Loops": 1,
                              "Index Cond": "(company_id > 78883)"
                            }
                          ]
                        }
                      ]
                    }
                  ]
                }
              ]
            }
          ]
        }
      ]
    },
    "Planning Time": 0.675,
    "Triggers": [],
    "Execution Time": 336.908
  }
]