[
  {
    "Plan": {
      "Node Type": "Aggregate",
      "Strategy": "Plain",
      "Partial Mode": "Finalize",
      "Parallel Aware": false,
      "Startup Cost": 46678.95,
      "Total Cost": 46678.96,
      "Plan Rows": 1,
      "Plan Width": 8,
      "Actual Startup Time": 163.437,
      "Actual Total Time": 174.171,
      "Actual Rows": 1,
      "Actual Loops": 1,
      "Plans": [
        {
          "Node Type": "Gather",
          "Parent Relationship": "Outer",
          "Parallel Aware": false,
          "Startup Cost": 46678.63,
          "Total Cost": 46678.94,
          "Plan Rows": 3,
          "Plan Width": 8,
          "Actual Startup Time": 163.295,
          "Actual Total Time": 174.164,
          "Actual Rows": 4,
          "Actual Loops": 1,
          "Workers Planned": 3,
          "Workers Launched": 3,
          "Single Copy": false,
          "Plans": [
            {
              "Node Type": "Aggregate",
              "Strategy": "Plain",
              "Partial Mode": "Partial",
              "Parent Relationship": "Outer",
              "Parallel Aware": false,
              "Startup Cost": 45678.63,
              "Total Cost": 45678.64,
              "Plan Rows": 1,
              "Plan Width": 8,
              "Actual Startup Time": 158.926,
              "Actual Total Time": 158.927,
              "Actual Rows": 1,
              "Actual Loops": 4,
              "Plans": [
                {
                  "Node Type": "Seq Scan",
                  "Parent Relationship": "Outer",
                  "Parallel Aware": true,
                  "Relation Name": "movie_keyword",
                  "Alias": "mk",
                  "Startup Cost": 0.0,
                  "Total Cost": 42695.65,
                  "Plan Rows": 1193191,
                  "Plan Width": 0,
                  "Actual Startup Time": 0.103,
                  "Actual Total Time": 118.134,
                  "Actual Rows": 925175,
                  "Actual Loops": 4,
                  "Filter": "(keyword_id > 786)",
                  "Rows Removed by Filter": 205807
                }
              ]
            }
          ]
        }
      ]
    },
    "Planning Time": 0.147,
    "Triggers": [],
    "Execution Time": 174.222
  }
]