[
    {
        "Bao": {
            "Bao prediction": 1274.211,
            "Bao recommended hint": "SET enable_mergejoin TO off; "
        }
    },
    {
        "Plan": {
            "Node Type": "Aggregate",
            "Strategy": "Plain",
            "Partial Mode": "Finalize",
            "Parallel Aware": false,
            "Startup Cost": 470376.09,
            "Total Cost": 470376.1,
            "Plan Rows": 1,
            "Plan Width": 8,
            "Actual Startup Time": 2854.125,
            "Actual Total Time": 2882.805,
            "Actual Rows": 1,
            "Actual Loops": 1,
            "Output": [
                "count(*)"
            ],
            "Plans": [
                {
                    "Node Type": "Gather",
                    "Parent Relationship": "Outer",
                    "Parallel Aware": false,
                    "Startup Cost": 470375.46,
                    "Total Cost": 470376.07,
                    "Plan Rows": 6,
                    "Plan Width": 8,
                    "Actual Startup Time": 2833.766,
                    "Actual Total Time": 2882.793,
                    "Actual Rows": 7,
                    "Actual Loops": 1,
                    "Output": [
                        "(PARTIAL count(*))"
                    ],
                    "Workers Planned": 6,
                    "Workers Launched": 6,
                    "Single Copy": false,
                    "Plans": [
                        {
                            "Node Type": "Aggregate",
                            "Strategy": "Plain",
                            "Partial Mode": "Partial",
                            "Parent Relationship": "Outer",
                            "Parallel Aware": false,
                            "Startup Cost": 469375.46,
                            "Total Cost": 469375.47,
                            "Plan Rows": 1,
                            "Plan Width": 8,
                            "Actual Startup Time": 2813.038,
                            "Actual Total Time": 2813.264,
                            "Actual Rows": 1,
                            "Actual Loops": 7,
                            "Output": [
                                "PARTIAL count(*)"
                            ],
                            "Workers": [
                                {
                                    "Worker Number": 0,
                                    "Actual Startup Time": 2809.556,
                                    "Actual Total Time": 2809.56,
                                    "Actual Rows": 1,
                                    "Actual Loops": 1
                                },
                                {
                                    "Worker Number": 1,
                                    "Actual Startup Time": 2809.53,
                                    "Actual Total Time": 2809.535,
                                    "Actual Rows": 1,
                                    "Actual Loops": 1
                                },
                                {
                                    "Worker Number": 2,
                                    "Actual Startup Time": 2809.592,
                                    "Actual Total Time": 2809.595,
                                    "Actual Rows": 1,
                                    "Actual Loops": 1
                                },
                                {
                                    "Worker Number": 3,
                                    "Actual Startup Time": 2809.587,
                                    "Actual Total Time": 2809.591,
                                    "Actual Rows": 1,
                                    "Actual Loops": 1
                                },
                                {
                                    "Worker Number": 4,
                                    "Actual Startup Time": 2810.553,
                                    "Actual Total Time": 2810.557,
                                    "Actual Rows": 1,
                                    "Actual Loops": 1
                                },
                                {
                                    "Worker Number": 5,
                                    "Actual Startup Time": 2809.626,
                                    "Actual Total Time": 2809.63,
                                    "Actual Rows": 1,
                                    "Actual Loops": 1
                                }
                            ],
                            "Plans": [
                                {
                                    "Node Type": "Hash Join",
                                    "Parent Relationship": "Outer",
                                    "Parallel Aware": true,
                                    "Join Type": "Inner",
                                    "Startup Cost": 104688.2,
                                    "Total Cost": 456747.99,
                                    "Plan Rows": 5050988,
                                    "Plan Width": 0,
                                    "Actual Startup Time": 490.397,
                                    "Actual Total Time": 2561.764,
                                    "Actual Rows": 4640354,
                                    "Actual Loops": 7,
                                    "Inner Unique": false,
                                    "Hash Cond": "(ci.movie_id = t.id)",
                                    "Workers": [
                                        {
                                            "Worker Number": 0,
                                            "Actual Startup Time": 487.041,
                                            "Actual Total Time": 2556.102,
                                            "Actual Rows": 4568572,
                                            "Actual Loops": 1
                                        },
                                        {
                                            "Worker Number": 1,
                                            "Actual Startup Time": 487.056,
                                            "Actual Total Time": 2557.052,
                                            "Actual Rows": 4620701,
                                            "Actual Loops": 1
                                        },
                                        {
                                            "Worker Number": 2,
                                            "Actual Startup Time": 487.094,
                                            "Actual Total Time": 2555.092,
                                            "Actual Rows": 4625245,
                                            "Actual Loops": 1
                                        },
                                        {
                                            "Worker Number": 3,
                                            "Actual Startup Time": 487.07,
                                            "Actual Total Time": 2559.134,
                                            "Actual Rows": 4576180,
                                            "Actual Loops": 1
                                        },
                                        {
                                            "Worker Number": 4,
                                            "Actual Startup Time": 487.103,
                                            "Actual Total Time": 2556.455,
                                            "Actual Rows": 4616875,
                                            "Actual Loops": 1
                                        },
                                        {
                                            "Worker Number": 5,
                                            "Actual Startup Time": 487.121,
                                            "Actual Total Time": 2574.314,
                                            "Actual Rows": 4515748,
                                            "Actual Loops": 1
                                        }
                                    ],
                                    "Plans": [
                                        {
                                            "Node Type": "Seq Scan",
                                            "Parent Relationship": "Outer",
                                            "Parallel Aware": true,
                                            "Relation Name": "cast_info",
                                            "Schema": "public",
                                            "Alias": "ci",
                                            "Startup Cost": 0.0,
                                            "Total Cost": 313108.29,
                                            "Plan Rows": 6042129,
                                            "Plan Width": 4,
                                            "Actual Startup Time": 0.027,
                                            "Actual Total Time": 561.449,
                                            "Actual Rows": 5177763,
                                            "Actual Loops": 7,
                                            "Output": [
                                                "ci.id",
                                                "ci.person_id",
                                                "ci.movie_id",
                                                "ci.person_role_id",
                                                "ci.note",
                                                "ci.nr_order",
                                                "ci.role_id"
                                            ],
                                            "Workers": [
                                                {
                                                    "Worker Number": 0,
                                                    "Actual Startup Time": 0.024,
                                                    "Actual Total Time": 572.777,
                                                    "Actual Rows": 5104160,
                                                    "Actual Loops": 1
                                                },
                                                {
                                                    "Worker Number": 1,
                                                    "Actual Startup Time": 0.025,
                                                    "Actual Total Time": 576.449,
                                                    "Actual Rows": 5175713,
                                                    "Actual Loops": 1
                                                },
                                                {
                                                    "Worker Number": 2,
                                                    "Actual Startup Time": 0.03,
                                                    "Actual Total Time": 572.348,
                                                    "Actual Rows": 5144868,
                                                    "Actual Loops": 1
                                                },
                                                {
                                                    "Worker Number": 3,
                                                    "Actual Startup Time": 0.033,
                                                    "Actual Total Time": 575.266,
                                                    "Actual Rows": 5142064,
                                                    "Actual Loops": 1
                                                },
                                                {
                                                    "Worker Number": 4,
                                                    "Actual Startup Time": 0.034,
                                                    "Actual Total Time": 572.58,
                                                    "Actual Rows": 5113332,
                                                    "Actual Loops": 1
                                                },
                                                {
                                                    "Worker Number": 5,
                                                    "Actual Startup Time": 0.035,
                                                    "Actual Total Time": 585.017,
                                                    "Actual Rows": 4998302,
                                                    "Actual Loops": 1
                                                }
                                            ]
                                        },
                                        {
                                            "Node Type": "Hash",
                                            "Parent Relationship": "Inner",
                                            "Parallel Aware": true,
                                            "Startup Cost": 96165.7,
                                            "Total Cost": 96165.7,
                                            "Plan Rows": 681800,
                                            "Plan Width": 8,
                                            "Actual Startup Time": 483.226,
                                            "Actual Total Time": 483.451,
                                            "Actual Rows": 157941,
                                            "Actual Loops": 7,
                                            "Output": [
                                                "t.id",
                                                "mk.movie_id"
                                            ],
                                            "Hash Buckets": 4194304,
                                            "Original Hash Buckets": 4194304,
                                            "Hash Batches": 1,
                                            "Original Hash Batches": 1,
                                            "Peak Memory Usage": 76096,
                                            "Workers": [
                                                {
                                                    "Worker Number": 0,
                                                    "Actual Startup Time": 486.18,
                                                    "Actual Total Time": 486.182,
                                                    "Actual Rows": 154034,
                                                    "Actual Loops": 1
                                                },
                                                {
                                                    "Worker Number": 1,
                                                    "Actual Startup Time": 486.109,
                                                    "Actual Total Time": 486.113,
                                                    "Actual Rows": 158334,
                                                    "Actual Loops": 1
                                                },
                                                {
                                                    "Worker Number": 2,
                                                    "Actual Startup Time": 486.175,
                                                    "Actual Total Time": 486.178,
                                                    "Actual Rows": 157018,
                                                    "Actual Loops": 1
                                                },
                                                {
                                                    "Worker Number": 3,
                                                    "Actual Startup Time": 486.276,
                                                    "Actual Total Time": 486.279,
                                                    "Actual Rows": 155984,
                                                    "Actual Loops": 1
                                                },
                                                {
                                                    "Worker Number": 4,
                                                    "Actual Startup Time": 486.168,
                                                    "Actual Total Time": 486.171,
                                                    "Actual Rows": 155948,
                                                    "Actual Loops": 1
                                                },
                                                {
                                                    "Worker Number": 5,
                                                    "Actual Startup Time": 486.292,
                                                    "Actual Total Time": 486.295,
                                                    "Actual Rows": 150116,
                                                    "Actual Loops": 1
                                                }
                                            ],
                                            "Plans": [
                                                {
                                                    "Node Type": "Hash Join",
                                                    "Parent Relationship": "Outer",
                                                    "Parallel Aware": true,
                                                    "Join Type": "Inner",
                                                    "Startup Cost": 50824.73,
                                                    "Total Cost": 96165.7,
                                                    "Plan Rows": 681800,
                                                    "Plan Width": 8,
                                                    "Actual Startup Time": 224.06,
                                                    "Actual Total Time": 405.856,
                                                    "Actual Rows": 157941,
                                                    "Actual Loops": 7,
                                                    "Output": [
                                                        "t.id",
                                                        "mk.movie_id"
                                                    ],
                                                    "Inner Unique": true,
                                                    "Hash Cond": "(mk.movie_id = t.id)",
                                                    "Workers": [
                                                        {
                                                            "Worker Number": 0,
                                                            "Actual Startup Time": 223.954,
                                                            "Actual Total Time": 405.624,
                                                            "Actual Rows": 154034,
                                                            "Actual Loops": 1
                                                        },
                                                        {
                                                            "Worker Number": 1,
                                                            "Actual Startup Time": 223.948,
                                                            "Actual Total Time": 406.207,
                                                            "Actual Rows": 158334,
                                                            "Actual Loops": 1
                                                        },
                                                        {
                                                            "Worker Number": 2,
                                                            "Actual Startup Time": 224.139,
                                                            "Actual Total Time": 405.216,
                                                            "Actual Rows": 157018,
                                                            "Actual Loops": 1
                                                        },
                                                        {
                                                            "Worker Number": 3,
                                                            "Actual Startup Time": 224.13,
                                                            "Actual Total Time": 405.333,
                                                            "Actual Rows": 155984,
                                                            "Actual Loops": 1
                                                        },
                                                        {
                                                            "Worker Number": 4,
                                                            "Actual Startup Time": 223.958,
                                                            "Actual Total Time": 405.566,
                                                            "Actual Rows": 155948,
                                                            "Actual Loops": 1
                                                        },
                                                        {
                                                            "Worker Number": 5,
                                                            "Actual Startup Time": 224.051,
                                                            "Actual Total Time": 405.327,
                                                            "Actual Rows": 150116,
                                                            "Actual Loops": 1
                                                        }
                                                    ],
                                                    "Plans": [
                                                        {
                                                            "Node Type": "Seq Scan",
                                                            "Parent Relationship": "Outer",
                                                            "Parallel Aware": true,
                                                            "Relation Name": "movie_keyword",
                                                            "Schema": "public",
                                                            "Alias": "mk",
                                                            "Startup Cost": 0.0,
                                                            "Total Cost": 42695.65,
                                                            "Plan Rows": 1007740,
                                                            "Plan Width": 4,
                                                            "Actual Startup Time": 0.02,
                                                            "Actual Total Time": 96.073,
                                                            "Actual Rows": 450739,
                                                            "Actual Loops": 7,
                                                            "Output": [
                                                                "mk.id",
                                                                "mk.movie_id",
                                                                "mk.keyword_id"
                                                            ],
                                                            "Filter": "(mk.keyword_id < 12200)",
                                                            "Rows Removed by Filter": 195537,
                                                            "Workers": [
                                                                {
                                                                    "Worker Number": 0,
                                                                    "Actual Startup Time": 0.019,
                                                                    "Actual Total Time": 97.455,
                                                                    "Actual Rows": 446976,
                                                                    "Actual Loops": 1
                                                                },
                                                                {
                                                                    "Worker Number": 1,
                                                                    "Actual Startup Time": 0.013,
                                                                    "Actual Total Time": 96.747,
                                                                    "Actual Rows": 444278,
                                                                    "Actual Loops": 1
                                                                },
                                                                {
                                                                    "Worker Number": 2,
                                                                    "Actual Startup Time": 0.026,
                                                                    "Actual Total Time": 97.13,
                                                                    "Actual Rows": 446060,
                                                                    "Actual Loops": 1
                                                                },
                                                                {
                                                                    "Worker Number": 3,
                                                                    "Actual Startup Time": 0.029,
                                                                    "Actual Total Time": 97.096,
                                                                    "Actual Rows": 445536,
                                                                    "Actual Loops": 1
                                                                },
                                                                {
                                                                    "Worker Number": 4,
                                                                    "Actual Startup Time": 0.017,
                                                                    "Actual Total Time": 97.328,
                                                                    "Actual Rows": 447588,
                                                                    "Actual Loops": 1
                                                                },
                                                                {
                                                                    "Worker Number": 5,
                                                                    "Actual Startup Time": 0.022,
                                                                    "Actual Total Time": 96.641,
                                                                    "Actual Rows": 429504,
                                                                    "Actual Loops": 1
                                                                }
                                                            ]
                                                        },
                                                        {
                                                            "Node Type": "Hash",
                                                            "Parent Relationship": "Inner",
                                                            "Parallel Aware": true,
                                                            "Startup Cost": 45479.21,
                                                            "Total Cost": 45479.21,
                                                            "Plan Rows": 427642,
                                                            "Plan Width": 4,
                                                            "Actual Startup Time": 221.567,
                                                            "Actual Total Time": 221.568,
                                                            "Actual Rows": 257128,
                                                            "Actual Loops": 7,
                                                            "Output": [
                                                                "t.id"
                                                            ],
                                                            "Hash Buckets": 2097152,
                                                            "Original Hash Buckets": 2097152,
                                                            "Hash Batches": 1,
                                                            "Original Hash Batches": 1,
                                                            "Peak Memory Usage": 86912,
                                                            "Workers": [
                                                                {
                                                                    "Worker Number": 0,
                                                                    "Actual Startup Time": 223.866,
                                                                    "Actual Total Time": 223.867,
                                                                    "Actual Rows": 245838,
                                                                    "Actual Loops": 1
                                                                },
                                                                {
                                                                    "Worker Number": 1,
                                                                    "Actual Startup Time": 223.849,
                                                                    "Actual Total Time": 223.85,
                                                                    "Actual Rows": 249687,
                                                                    "Actual Loops": 1
                                                                },
                                                                {
                                                                    "Worker Number": 2,
                                                                    "Actual Startup Time": 223.811,
                                                                    "Actual Total Time": 223.811,
                                                                    "Actual Rows": 248354,
                                                                    "Actual Loops": 1
                                                                },
                                                                {
                                                                    "Worker Number": 3,
                                                                    "Actual Startup Time": 223.82,
                                                                    "Actual Total Time": 223.822,
                                                                    "Actual Rows": 247029,
                                                                    "Actual Loops": 1
                                                                },
                                                                {
                                                                    "Worker Number": 4,
                                                                    "Actual Startup Time": 223.803,
                                                                    "Actual Total Time": 223.804,
                                                                    "Actual Rows": 248840,
                                                                    "Actual Loops": 1
                                                                },
                                                                {
                                                                    "Worker Number": 5,
                                                                    "Actual Startup Time": 223.787,
                                                                    "Actual Total Time": 223.789,
                                                                    "Actual Rows": 222581,
                                                                    "Actual Loops": 1
                                                                }
                                                            ],
                                                            "Plans": [
                                                                {
                                                                    "Node Type": "Seq Scan",
                                                                    "Parent Relationship": "Outer",
                                                                    "Parallel Aware": true,
                                                                    "Relation Name": "title",
                                                                    "Schema": "public",
                                                                    "Alias": "t",
                                                                    "Startup Cost": 0.0,
                                                                    "Total Cost": 45479.21,
                                                                    "Plan Rows": 427642,
                                                                    "Plan Width": 4,
                                                                    "Actual Startup Time": 0.042,
                                                                    "Actual Total Time": 94.06,
                                                                    "Actual Rows": 257128,
                                                                    "Actual Loops": 7,
                                                                    "Output": [
                                                                        "t.id"
                                                                    ],
                                                                    "Filter": "((t.kind_id > 1) AND (t.production_year > 1933))",
                                                                    "Rows Removed by Filter": 104059,
                                                                    "Workers": [
                                                                        {
                                                                            "Worker Number": 0,
                                                                            "Actual Startup Time": 0.047,
                                                                            "Actual Total Time": 96.323,
                                                                            "Actual Rows": 245838,
                                                                            "Actual Loops": 1
                                                                        },
                                                                        {
                                                                            "Worker Number": 1,
                                                                            "Actual Startup Time": 0.047,
                                                                            "Actual Total Time": 96.696,
                                                                            "Actual Rows": 249687,
                                                                            "Actual Loops": 1
                                                                        },
                                                                        {
                                                                            "Worker Number": 2,
                                                                            "Actual Startup Time": 0.049,
                                                                            "Actual Total Time": 96.38,
                                                                            "Actual Rows": 248354,
                                                                            "Actual Loops": 1
                                                                        },
                                                                        {
                                                                            "Worker Number": 3,
                                                                            "Actual Startup Time": 0.063,
                                                                            "Actual Total Time": 96.627,
                                                                            "Actual Rows": 247029,
                                                                            "Actual Loops": 1
                                                                        },
                                                                        {
                                                                            "Worker Number": 4,
                                                                            "Actual Startup Time": 0.027,
                                                                            "Actual Total Time": 96.447,
                                                                            "Actual Rows": 248840,
                                                                            "Actual Loops": 1
                                                                        },
                                                                        {
                                                                            "Worker Number": 5,
                                                                            "Actual Startup Time": 0.049,
                                                                            "Actual Total Time": 92.436,
                                                                            "Actual Rows": 222581,
                                                                            "Actual Loops": 1
                                                                        }
                                                                    ]
                                                                }
                                                            ]
                                                        }
                                                    ]
                                                }
                                            ]
                                        }
                                    ]
                                }
                            ]
                        }
                    ]
                }
            ]
        },
        "Planning Time": 2070.757,
        "Triggers": [],
        "Execution Time": 2882.933
    }
]