{
  "Plan": {
    "Node Type": "Aggregate",
    "Strategy": "Plain",
    "Partial Mode": "Finalize",
    "Parallel Aware": false,
    "Startup Cost": 54030.21,
    "Total Cost": 54030.22,
    "Plan Rows": 1,
    "Plan Width": 8,
    "Actual Startup Time": 210.825,
    "Actual Total Time": 245.595,
    "Actual Rows": 1,
    "Actual Loops": 1,
    "Plans": [
      {
        "Node Type": "Gather",
        "Parent Relationship": "Outer",
        "Parallel Aware": false,
        "Startup Cost": 54030.1,
        "Total Cost": 54030.21,
        "Plan Rows": 1,
        "Plan Width": 8,
        "Actual Startup Time": 210.593,
        "Actual Total Time": 245.587,
        "Actual Rows": 2,
        "Actual Loops": 1,
        "Workers Planned": 1,
        "Workers Launched": 1,
        "Single Copy": false,
        "Plans": [
          {
            "Node Type": "Aggregate",
            "Strategy": "Plain",
            "Partial Mode": "Partial",
            "Parent Relationship": "Outer",
            "Parallel Aware": false,
            "Startup Cost": 53030.1,
            "Total Cost": 53030.11,
            "Plan Rows": 1,
            "Plan Width": 8,
            "Actual Startup Time": 204.614,
            "Actual Total Time": 204.616,
            "Actual Rows": 1,
            "Actual Loops": 2,
            "Plans": [
              {
                "Node Type": "Nested Loop",
                "Parent Relationship": "Outer",
                "Parallel Aware": false,
                "Join Type": "Inner",
                "Startup Cost": 161.37,
                "Total Cost": 52877.98,
                "Plan Rows": 60848,
                "Plan Width": 0,
                "Actual Startup Time": 1.844,
                "Actual Total Time": 195.716,
                "Actual Rows": 158418,
                "Actual Loops": 2,
                "Inner Unique": false,
                "Plans": [
                  {
                    "Node Type": "Nested Loop",
                    "Parent Relationship": "Outer",
                    "Parallel Aware": false,
                    "Join Type": "Inner",
                    "Startup Cost": 160.81,
                    "Total Cost": 43587.32,
                    "Plan Rows": 4246,
                    "Plan Width": 8,
                    "Actual Startup Time": 1.704,
                    "Actual Total Time": 22.261,
                    "Actual Rows": 4118,
                    "Actual Loops": 2,
                    "Inner Unique": true,
                    "Plans": [
                      {
                        "Node Type": "Bitmap Heap Scan",
                        "Parent Relationship": "Outer",
                        "Parallel Aware": true,
                        "Relation Name": "movie_companies",
                        "Alias": "mc",
                        "Startup Cost": 160.38,
                        "Total Cost": 14123.23,
                        "Plan Rows": 4246,
                        "Plan Width": 4,
                        "Actual Startup Time": 1.578,
                        "Actual Total Time": 3.839,
                        "Actual Rows": 4118,
                        "Actual Loops": 2,
                        "Recheck Cond": "(company_id = 424)",
                        "Rows Removed by Index Recheck": 0,
                        "Exact Heap Blocks": 777,
                        "Lossy Heap Blocks": 0,
                        "Plans": [
                          {
                            "Node Type": "Bitmap Index Scan",
                            "Parent Relationship": "Outer",
                            "Parallel Aware": false,
                            "Index Name": "company_id_movie_companies",
                            "Startup Cost": 0.0,
                            "Total Cost": 158.57,
                            "Plan Rows": 7219,
                            "Plan Width": 0,
                            "Actual Startup Time": 2.577,
                            "Actual Total Time": 2.578,
                            "Actual Rows": 8235,
                            "Actual Loops": 1,
                            "Index Cond": "(company_id = 424)"
                          }
                        ]
                      },
                      {
                        "Node Type": "Index Only Scan",
                        "Parent Relationship": "Inner",
                        "Parallel Aware": false,
                        "Scan Direction": "Forward",
                        "Index Name": "title_pkey",
                        "Relation Name": "title",
                        "Alias": "t",
                        "Startup Cost": 0.43,
                        "Total Cost": 6.94,
                        "Plan Rows": 1,
                        "Plan Width": 4,
                        "Actual Startup Time": 0.004,
                        "Actual Total Time": 0.004,
                        "Actual Rows": 1,
                        "Actual Loops": 8235,
                        "Index Cond": "(id = mc.movie_id)",
                        "Rows Removed by Index Recheck": 0,
                        "Heap Fetches": 8235
                      }
                    ]
                  },
                  {
                    "Node Type": "Index Only Scan",
                    "Parent Relationship": "Inner",
                    "Parallel Aware": false,
                    "Scan Direction": "Forward",
                    "Index Name": "movie_id_cast_info",
                    "Relation Name": "cast_info",
                    "Alias": "ci",
                    "Startup Cost": 0.56,
                    "Total Cost": 1.82,
                    "Plan Rows": 37,
                    "Plan Width": 4,
                    "Actual Startup Time": 0.006,
                    "Actual Total Time": 0.039,
                    "Actual Rows": 38,
                    "Actual Loops": 8235,
                    "Index Cond": "(movie_id = t.id)",
                    "Rows Removed by Index Recheck": 0,
                    "Heap Fetches": 316835
                  }
                ]
              }
            ]
          }
        ]
      }
    ]
  },
  "Planning Time": 0.939,
  "Triggers": [],
  "Execution Time": 245.698
}