[
  {
    "Plan": {
      "Node Type": "Aggregate",
      "Strategy": "Plain",
      "Partial Mode": "Finalize",
      "Parallel Aware": false,
      "Startup Cost": 51013.23,
      "Total Cost": 51013.24,
      "Plan Rows": 1,
      "Plan Width": 8,
      "Actual Startup Time": 314.718,
      "Actual Total Time": 375.524,
      "Actual Rows": 1,
      "Actual Loops": 1,
      "Plans": [
        {
          "Node Type": "Gather",
          "Parent Relationship": "Outer",
          "Parallel Aware": false,
          "Startup Cost": 51013.02,
          "Total Cost": 51013.23,
          "Plan Rows": 2,
          "Plan Width": 8,
          "Actual Startup Time": 314.342,
          "Actual Total Time": 375.506,
          "Actual Rows": 3,
          "Actual Loops": 1,
          "Workers Planned": 2,
          "Workers Launched": 2,
          "Single Copy": false,
          "Plans": [
            {
              "Node Type": "Aggregate",
              "Strategy": "Plain",
              "Partial Mode": "Partial",
              "Parent Relationship": "Outer",
              "Parallel Aware": false,
              "Startup Cost": 50013.02,
              "Total Cost": 50013.03,
              "Plan Rows": 1,
              "Plan Width": 8,
              "Actual Startup Time": 305.757,
              "Actual Total Time": 305.76,
              "Actual Rows": 1,
              "Actual Loops": 3,
              "Plans": [
                {
                  "Node Type": "Nested Loop",
                  "Parent Relationship": "Outer",
                  "Parallel Aware": false,
                  "Join Type": "Inner",
                  "Startup Cost": 214.43,
                  "Total Cost": 49989.26,
                  "Plan Rows": 9501,
                  "Plan Width": 0,
                  "Actual Startup Time": 4.329,
                  "Actual Total Time": 292.332,
                  "Actual Rows": 175327,
                  "Actual Loops": 3,
                  "Inner Unique": false,
                  "Plans": [
                    {
                      "Node Type": "Nested Loop",
                      "Parent Relationship": "Outer",
                      "Parallel Aware": false,
                      "Join Type": "Inner",
                      "Startup Cost": 214.0,
                      "Total Cost": 46042.82,
                      "Plan Rows": 1618,
                      "Plan Width": 8,
                      "Actual Startup Time": 4.091,
                      "Actual Total Time": 64.312,
                      "Actual Rows": 3389,
                      "Actual Loops": 3,
                      "Inner Unique": true,
                      "Plans": [
                        {
                          "Node Type": "Bitmap Heap Scan",
                          "Parent Relationship": "Outer",
                          "Parallel Aware": true,
                          "Relation Name": "movie_keyword",
                          "Alias": "mk",
                          "Startup Cost": 213.57,
                          "Total Cost": 18918.84,
                          "Plan Rows": 4147,
                          "Plan Width": 4,
                          "Actual Startup Time": 3.934,
                          "Actual Total Time": 22.724,
                          "Actual Rows": 4215,
                          "Actual Loops": 3,
                          "Recheck Cond": "(keyword_id = 245)",
                          "Rows Removed by Index Recheck": 0,
                          "Exact Heap Blocks": 4716,
                          "Lossy Heap Blocks": 0,
                          "Plans": [
                            {
                              "Node Type": "Bitmap Index Scan",
                              "Parent Relationship": "Outer",
                              "Parallel Aware": false,
                              "Index Name": "keyword_id_movie_keyword",
                              "Startup Cost": 0.0,
                              "Total Cost": 211.08,
                              "Plan Rows": 9953,
                              "Plan Width": 0,
                              "Actual Startup Time": 7.62,
                              "Actual Total Time": 7.621,
                              "Actual Rows": 12645,
                              "Actual Loops": 1,
                              "Index Cond": "(keyword_id = 245)"
                            }
                          ]
                        },
                        {
                          "Node Type": "Index Scan",
                          "Parent Relationship": "Inner",
                          "Parallel Aware": false,
                          "Scan Direction": "Forward",
                          "Index Name": "title_pkey",
                          "Relation Name": "title",
                          "Alias": "t",
                          "Startup Cost": 0.43,
                          "Total Cost": 6.54,
                          "Plan Rows": 1,
                          "Plan Width": 4,
                          "Actual Startup Time": 0.009,
                          "Actual Total Time": 0.009,
                          "Actual Rows": 1,
                          "Actual Loops": 12645,
                          "Index Cond": "(id = mk.movie_id)",
                          "Rows Removed by Index Recheck": 0,
                          "Filter": "(kind_id < 7)",
                          "Rows Removed by Filter": 0
                        }
                      ]
                    },
                    {
                      "Node Type": "Index Only Scan",
                      "Parent Relationship": "Inner",
                      "Parallel Aware": false,
                      "Scan Direction": "Forward",
                      "Index Name": "movie_id_movie_info",
                      "Relation Name": "movie_info",
                      "Alias": "mi",
                      "Startup Cost": 0.43,
                      "Total Cost": 2.03,
                      "Plan Rows": 41,
                      "Plan Width": 4,
                      "Actual Startup Time": 0.013,
                      "Actual Total Time": 0.061,
                      "Actual Rows": 52,
                      "Actual Loops": 10168,
                      "Index Cond": "(movie_id = t.id)",
                      "Rows Removed by Index Recheck": 0,
                      "Heap Fetches": 525980
                    }
                  ]
                }
              ]
            }
          ]
        }
      ]
    },
    "Planning Time": 1.148,
    "Triggers": [],
    "Execution Time": 375.64
  }
]