{
  "Plan": {
    "Node Type": "Aggregate",
    "Strategy": "Plain",
    "Partial Mode": "Finalize",
    "Parallel Aware": false,
    "Startup Cost": 684264.38,
    "Total Cost": 684264.39,
    "Plan Rows": 1,
    "Plan Width": 8,
    "Actual Startup Time": 4996.99,
    "Actual Total Time": 5065.391,
    "Actual Rows": 1,
    "Actual Loops": 1,
    "Plans": [
      {
        "Node Type": "Gather",
        "Parent Relationship": "Outer",
        "Parallel Aware": false,
        "Startup Cost": 684264.26,
        "Total Cost": 684264.37,
        "Plan Rows": 1,
        "Plan Width": 8,
        "Actual Startup Time": 4988.38,
        "Actual Total Time": 5065.382,
        "Actual Rows": 2,
        "Actual Loops": 1,
        "Workers Planned": 1,
        "Workers Launched": 1,
        "Single Copy": false,
        "Plans": [
          {
            "Node Type": "Aggregate",
            "Strategy": "Plain",
            "Partial Mode": "Partial",
            "Parent Relationship": "Outer",
            "Parallel Aware": false,
            "Startup Cost": 683264.26,
            "Total Cost": 683264.27,
            "Plan Rows": 1,
            "Plan Width": 8,
            "Actual Startup Time": 4981.346,
            "Actual Total Time": 4983.35,
            "Actual Rows": 1,
            "Actual Loops": 2,
            "Plans": [
              {
                "Node Type": "Hash Join",
                "Parent Relationship": "Outer",
                "Parallel Aware": true,
                "Join Type": "Inner",
                "Startup Cost": 349562.72,
                "Total Cost": 676818.8,
                "Plan Rows": 2578184,
                "Plan Width": 0,
                "Actual Startup Time": 1868.145,
                "Actual Total Time": 4735.231,
                "Actual Rows": 6200184,
                "Actual Loops": 2,
                "Inner Unique": false,
                "Hash Cond": "(ci.movie_id = t.id)",
                "Plans": [
                  {
                    "Node Type": "Index Scan",
                    "Parent Relationship": "Outer",
                    "Parallel Aware": true,
                    "Scan Direction": "Forward",
                    "Index Name": "role_id_cast_info",
                    "Relation Name": "cast_info",
                    "Alias": "ci",
                    "Startup Cost": 0.56,
                    "Total Cost": 291150.53,
                    "Plan Rows": 5584086,
                    "Plan Width": 4,
                    "Actual Startup Time": 0.146,
                    "Actual Total Time": 624.248,
                    "Actual Rows": 4692352,
                    "Actual Loops": 2,
                    "Index Cond": "(role_id > 4)",
                    "Rows Removed by Index Recheck": 0
                  },
                  {
                    "Node Type": "Hash",
                    "Parent Relationship": "Inner",
                    "Parallel Aware": true,
                    "Startup Cost": 340978.93,
                    "Total Cost": 340978.93,
                    "Plan Rows": 686658,
                    "Plan Width": 8,
                    "Actual Startup Time": 1853.617,
                    "Actual Total Time": 1855.618,
                    "Actual Rows": 1303464,
                    "Actual Loops": 2,
                    "Hash Buckets": 4194304,
                    "Original Hash Buckets": 2097152,
                    "Hash Batches": 1,
                    "Original Hash Batches": 1,
                    "Peak Memory Usage": 151168,
                    "Plans": [
                      {
                        "Node Type": "Hash Join",
                        "Parent Relationship": "Outer",
                        "Parallel Aware": true,
                        "Join Type": "Inner",
                        "Startup Cost": 62762.29,
                        "Total Cost": 340978.93,
                        "Plan Rows": 686658,
                        "Plan Width": 8,
                        "Actual Startup Time": 236.322,
                        "Actual Total Time": 1465.149,
                        "Actual Rows": 1303464,
                        "Actual Loops": 2,
                        "Inner Unique": true,
                        "Hash Cond": "(mi.movie_id = t.id)",
                        "Plans": [
                          {
                            "Node Type": "Seq Scan",
                            "Parent Relationship": "Outer",
                            "Parallel Aware": true,
                            "Relation Name": "movie_info",
                            "Alias": "mi",
                            "Startup Cost": 0.0,
                            "Total Cost": 270696.42,
                            "Plan Rows": 2864842,
                            "Plan Width": 4,
                            "Actual Startup Time": 0.011,
                            "Actual Total Time": 639.279,
                            "Actual Rows": 2461983,
                            "Actual Loops": 2,
                            "Filter": "(info_type_id < 5)",
                            "Rows Removed by Filter": 4955877
                          },
                          {
                            "Node Type": "Hash",
                            "Parent Relationship": "Inner",
                            "Parallel Aware": true,
                            "Startup Cost": 58306.47,
                            "Total Cost": 58306.47,
                            "Plan Rows": 356466,
                            "Plan Width": 4,
                            "Actual Startup Time": 230.485,
                            "Actual Total Time": 230.486,
                            "Actual Rows": 337845,
                            "Actual Loops": 2,
                            "Hash Buckets": 1048576,
                            "Original Hash Buckets": 1048576,
                            "Hash Batches": 1,
                            "Original Hash Batches": 1,
                            "Peak Memory Usage": 34656,
                            "Plans": [
                              {
                                "Node Type": "Seq Scan",
                                "Parent Relationship": "Outer",
                                "Parallel Aware": true,
                                "Relation Name": "title",
                                "Alias": "t",
                                "Startup Cost": 0.0,
                                "Total Cost": 58306.47,
                                "Plan Rows": 356466,
                                "Plan Width": 4,
                                "Actual Startup Time": 0.03,
                                "Actual Total Time": 148.855,
                                "Actual Rows": 337845,
                                "Actual Loops": 2,
                                "Filter": "((kind_id < 7) AND (production_year < 2007))",
                                "Rows Removed by Filter": 926311
                              }
                            ]
                          }
                        ]
                      }
                    ]
                  }
                ]
              }
            ]
          }
        ]
      }
    ]
  },
  "Planning Time": 1.081,
  "Triggers": [],
  "Execution Time": 5065.49
}