[
  {
    "Plan": {
      "Node Type": "Aggregate",
      "Strategy": "Plain",
      "Partial Mode": "Finalize",
      "Parallel Aware": false,
      "Startup Cost": 98753.67,
      "Total Cost": 98753.68,
      "Plan Rows": 1,
      "Plan Width": 8,
      "Actual Startup Time": 464.829,
      "Actual Total Time": 480.778,
      "Actual Rows": 1,
      "Actual Loops": 1,
      "Plans": [
        {
          "Node Type": "Gather",
          "Parent Relationship": "Outer",
          "Parallel Aware": false,
          "Startup Cost": 98753.36,
          "Total Cost": 98753.67,
          "Plan Rows": 3,
          "Plan Width": 8,
          "Actual Startup Time": 457.346,
          "Actual Total Time": 480.766,
          "Actual Rows": 4,
          "Actual Loops": 1,
          "Workers Planned": 3,
          "Workers Launched": 3,
          "Single Copy": false,
          "Plans": [
            {
              "Node Type": "Aggregate",
              "Strategy": "Plain",
              "Partial Mode": "Partial",
              "Parent Relationship": "Outer",
              "Parallel Aware": false,
              "Startup Cost": 97753.36,
              "Total Cost": 97753.37,
              "Plan Rows": 1,
              "Plan Width": 8,
              "Actual Startup Time": 445.044,
              "Actual Total Time": 445.047,
              "Actual Rows": 1,
              "Actual Loops": 4,
              "Plans": [
                {
                  "Node Type": "Hash Join",
                  "Parent Relationship": "Outer",
                  "Parallel Aware": true,
                  "Join Type": "Inner",
                  "Startup Cost": 49580.49,
                  "Total Cost": 95941.34,
                  "Plan Rows": 724805,
                  "Plan Width": 0,
                  "Actual Startup Time": 231.383,
                  "Actual Total Time": 439.493,
                  "Actual Rows": 139185,
                  "Actual Loops": 4,
                  "Inner Unique": true,
                  "Hash Cond": "(mk.movie_id = t.id)",
                  "Plans": [
                    {
                      "Node Type": "Seq Scan",
                      "Parent Relationship": "Outer",
                      "Parallel Aware": true,
                      "Relation Name": "movie_keyword",
                      "Alias": "mk",
                      "Startup Cost": 0.0,
                      "Total Cost": 42695.65,
                      "Plan Rows": 1396264,
                      "Plan Width": 4,
                      "Actual Startup Time": 0.032,
                      "Actual Total Time": 107.649,
                      "Actual Rows": 1078906,
                      "Actual Loops": 4,
                      "Filter": "(keyword_id > 137)",
                      "Rows Removed by Filter": 52076
                    },
                    {
                      "Node Type": "Hash",
                      "Parent Relationship": "Inner",
                      "Parallel Aware": true,
                      "Startup Cost": 45479.1,
                      "Total Cost": 45479.1,
                      "Plan Rows": 328111,
                      "Plan Width": 4,
                      "Actual Startup Time": 223.356,
                      "Actual Total Time": 223.357,
                      "Actual Rows": 347881,
                      "Actual Loops": 4,
                      "Hash Buckets": 2097152,
                      "Original Hash Buckets": 2097152,
                      "Hash Batches": 1,
                      "Original Hash Batches": 1,
                      "Peak Memory Usage": 70880,
                      "Plans": [
                        {
                          "Node Type": "Seq Scan",
                          "Parent Relationship": "Outer",
                          "Parallel Aware": true,
                          "Relation Name": "title",
                          "Alias": "t",
                          "Startup Cost": 0.0,
                          "Total Cost": 45479.1,
                          "Plan Rows": 328111,
                          "Plan Width": 4,
                          "Actual Startup Time": 0.036,
                          "Actual Total Time": 103.59,
                          "Actual Rows": 347881,
                          "Actual Loops": 4,
                          "Filter": "((production_year > 1965) AND (kind_id = 7))",
                          "Rows Removed by Filter": 284197
                        }
                      ]
                    }
                  ]
                }
              ]
            }
          ]
        }
      ]
    },
    "Planning Time": 0.654,
    "Triggers": [],
    "Execution Time": 480.854
  }
]