{
  "Plan": {
    "Node Type": "Aggregate",
    "Strategy": "Plain",
    "Partial Mode": "Simple",
    "Parallel Aware": false,
    "Startup Cost": 20000387277.76,
    "Total Cost": 20000387277.77,
    "Plan Rows": 1,
    "Plan Width": 64,
    "Actual Startup Time": 2030.762,
    "Actual Total Time": 2074.48,
    "Actual Rows": 1,
    "Actual Loops": 1,
    "Plans": [
      {
        "Node Type": "Gather",
        "Parent Relationship": "Outer",
        "Parallel Aware": false,
        "Startup Cost": 20000157865.75,
        "Total Cost": 20000387277.76,
        "Plan Rows": 1,
        "Plan Width": 23,
        "Actual Startup Time": 1891.358,
        "Actual Total Time": 2074.349,
        "Actual Rows": 761,
        "Actual Loops": 1,
        "Workers Planned": 5,
        "Workers Launched": 5,
        "Single Copy": false,
        "Plans": [
          {
            "Node Type": "Nested Loop",
            "Parent Relationship": "Outer",
            "Parallel Aware": false,
            "Join Type": "Inner",
            "Startup Cost": 20000156865.75,
            "Total Cost": 20000386277.66,
            "Plan Rows": 1,
            "Plan Width": 23,
            "Actual Startup Time": 1878.662,
            "Actual Total Time": 2016.035,
            "Actual Rows": 127,
            "Actual Loops": 6,
            "Inner Unique": true,
            "Plans": [
              {
                "Node Type": "Hash Join",
                "Parent Relationship": "Outer",
                "Parallel Aware": true,
                "Join Type": "Inner",
                "Startup Cost": 20000156865.61,
                "Total Cost": 20000386277.47,
                "Plan Rows": 1,
                "Plan Width": 27,
                "Actual Startup Time": 1048.865,
                "Actual Total Time": 2015.684,
                "Actual Rows": 146,
                "Actual Loops": 6,
                "Inner Unique": false,
                "Hash Cond": "(mi.movie_id = t.id)",
                "Plans": [
                  {
                    "Node Type": "Seq Scan",
                    "Parent Relationship": "Outer",
                    "Parallel Aware": true,
                    "Relation Name": "movie_info",
                    "Alias": "mi",
                    "Startup Cost": 0.0,
                    "Total Cost": 228901.28,
                    "Plan Rows": 136153,
                    "Plan Width": 8,
                    "Actual Startup Time": 0.385,
                    "Actual Total Time": 971.215,
                    "Actual Rows": 117779,
                    "Actual Loops": 6,
                    "Filter": "(info = ANY ('{Sweden,Norway,Germany,Denmark,Swedish,Denish,Norwegian,German,USA,American}'::text[]))",
                    "Rows Removed by Filter": 2354841
                  },
                  {
                    "Node Type": "Hash",
                    "Parent Relationship": "Inner",
                    "Parallel Aware": true,
                    "Startup Cost": 20000156865.6,
                    "Total Cost": 20000156865.6,
                    "Plan Rows": 1,
                    "Plan Width": 35,
                    "Actual Startup Time": 1030.91,
                    "Actual Total Time": 1030.925,
                    "Actual Rows": 191,
                    "Actual Loops": 6,
                    "Hash Buckets": 1024,
                    "Original Hash Buckets": 1024,
                    "Hash Batches": 1,
                    "Original Hash Batches": 1,
                    "Peak Memory Usage": 200,
                    "Plans": [
                      {
                        "Node Type": "Nested Loop",
                        "Parent Relationship": "Outer",
                        "Parallel Aware": false,
                        "Join Type": "Inner",
                        "Startup Cost": 20000073743.47,
                        "Total Cost": 20000156865.6,
                        "Plan Rows": 1,
                        "Plan Width": 35,
                        "Actual Startup Time": 740.232,
                        "Actual Total Time": 1030.166,
                        "Actual Rows": 191,
                        "Actual Loops": 6,
                        "Inner Unique": true,
                        "Plans": [
                          {
                            "Node Type": "Nested Loop",
                            "Parent Relationship": "Outer",
                            "Parallel Aware": false,
                            "Join Type": "Inner",
                            "Startup Cost": 20000073743.33,
                            "Total Cost": 20000156864.93,
                            "Plan Rows": 4,
                            "Plan Width": 39,
                            "Actual Startup Time": 739.287,
                            "Actual Total Time": 1029.274,
                            "Actual Rows": 563,
                            "Actual Loops": 6,
                            "Inner Unique": true,
                            "Plans": [
                              {
                                "Node Type": "Nested Loop",
                                "Parent Relationship": "Outer",
                                "Parallel Aware": false,
                                "Join Type": "Inner",
                                "Startup Cost": 10000073742.91,
                                "Total Cost": 10000146932.59,
                                "Plan Rows": 22381,
                                "Plan Width": 43,
                                "Actual Startup Time": 736.003,
                                "Actual Total Time": 886.02,
                                "Actual Rows": 53822,
                                "Actual Loops": 6,
                                "Inner Unique": false,
                                "Join Filter": "(t.id = mk.movie_id)",
                                "Rows Removed by Join Filter": 0,
                                "Plans": [
                                  {
                                    "Node Type": "Merge Join",
                                    "Parent Relationship": "Outer",
                                    "Parallel Aware": false,
                                    "Join Type": "Inner",
                                    "Startup Cost": 73742.47,
                                    "Total Cost": 122557.18,
                                    "Plan Rows": 12509,
                                    "Plan Width": 35,
                                    "Actual Startup Time": 735.847,
                                    "Actual Total Time": 825.641,
                                    "Actual Rows": 8483,
                                    "Actual Loops": 6,
                                    "Inner Unique": false,
                                    "Merge Cond": "(mi_idx.movie_id = t.id)",
                                    "Plans": [
                                      {
                                        "Node Type": "Index Scan",
                                        "Parent Relationship": "Outer",
                                        "Parallel Aware": true,
                                        "Scan Direction": "Forward",
                                        "Index Name": "movie_id_movie_info_idx",
                                        "Relation Name": "movie_info_idx",
                                        "Alias": "mi_idx",
                                        "Startup Cost": 0.43,
                                        "Total Cost": 47010.07,
                                        "Plan Rows": 558940,
                                        "Plan Width": 14,
                                        "Actual Startup Time": 0.17,
                                        "Actual Total Time": 77.462,
                                        "Actual Rows": 222939,
                                        "Actual Loops": 6,
                                        "Filter": "(info < '8.5'::text)",
                                        "Rows Removed by Filter": 7067
                                      },
                                      {
                                        "Node Type": "Sort",
                                        "Parent Relationship": "Inner",
                                        "Parallel Aware": false,
                                        "Startup Cost": 73742.03,
                                        "Total Cost": 73883.5,
                                        "Plan Rows": 56589,
                                        "Plan Width": 21,
                                        "Actual Startup Time": 703.267,
                                        "Actual Total Time": 720.608,
                                        "Actual Rows": 104317,
                                        "Actual Loops": 6,
                                        "Sort Key": [
                                          "t.id"
                                        ],
                                        "Sort Method": "quicksort",
                                        "Sort Space Used": 9799,
                                        "Sort Space Type": "Memory",
                                        "Workers": [
                                          {
                                            "Worker Number": 0,
                                            "Sort Method": "quicksort",
                                            "Sort Space Used": 9799,
                                            "Sort Space Type": "Memory"
                                          },
                                          {
                                            "Worker Number": 1,
                                            "Sort Method": "quicksort",
                                            "Sort Space Used": 9799,
                                            "Sort Space Type": "Memory"
                                          },
                                          {
                                            "Worker Number": 2,
                                            "Sort Method": "quicksort",
                                            "Sort Space Used": 9799,
                                            "Sort Space Type": "Memory"
                                          },
                                          {
                                            "Worker Number": 3,
                                            "Sort Method": "quicksort",
                                            "Sort Space Used": 9799,
                                            "Sort Space Type": "Memory"
                                          },
                                          {
                                            "Worker Number": 4,
                                            "Sort Method": "quicksort",
                                            "Sort Space Used": 9799,
                                            "Sort Space Type": "Memory"
                                          }
                                        ],
                                        "Plans": [
                                          {
                                            "Node Type": "Hash Join",
                                            "Parent Relationship": "Outer",
                                            "Parallel Aware": false,
                                            "Join Type": "Inner",
                                            "Startup Cost": 1.1,
                                            "Total Cost": 69274.83,
                                            "Plan Rows": 56589,
                                            "Plan Width": 21,
                                            "Actual Startup Time": 36.0,
                                            "Actual Total Time": 655.683,
                                            "Actual Rows": 98992,
                                            "Actual Loops": 6,
                                            "Inner Unique": true,
                                            "Hash Cond": "(t.kind_id = kt.id)",
                                            "Plans": [
                                              {
                                                "Node Type": "Seq Scan",
                                                "Parent Relationship": "Outer",
                                                "Parallel Aware": false,
                                                "Relation Name": "title",
                                                "Alias": "t",
                                                "Startup Cost": 0.0,
                                                "Total Cost": 67604.36,
                                                "Plan Rows": 396120,
                                                "Plan Width": 25,
                                                "Actual Startup Time": 0.099,
                                                "Actual Total Time": 600.867,
                                                "Actual Rows": 391666,
                                                "Actual Loops": 6,
                                                "Filter": "(production_year > 2010)",
                                                "Rows Removed by Filter": 2136646
                                              },
                                              {
                                                "Node Type": "Hash",
                                                "Parent Relationship": "Inner",
                                                "Parallel Aware": false,
                                                "Startup Cost": 1.09,
                                                "Total Cost": 1.09,
                                                "Plan Rows": 1,
                                                "Plan Width": 4,
                                                "Actual Startup Time": 0.089,
                                                "Actual Total Time": 0.09,
                                                "Actual Rows": 1,
                                                "Actual Loops": 6,
                                                "Hash Buckets": 1024,
                                                "Original Hash Buckets": 1024,
                                                "Hash Batches": 1,
                                                "Original Hash Batches": 1,
                                                "Peak Memory Usage": 9,
                                                "Plans": [
                                                  {
                                                    "Node Type": "Seq Scan",
                                                    "Parent Relationship": "Outer",
                                                    "Parallel Aware": false,
                                                    "Relation Name": "kind_type",
                                                    "Alias": "kt",
                                                    "Startup Cost": 0.0,
                                                    "Total Cost": 1.09,
                                                    "Plan Rows": 1,
                                                    "Plan Width": 4,
                                                    "Actual Startup Time": 0.056,
                                                    "Actual Total Time": 0.061,
                                                    "Actual Rows": 1,
                                                    "Actual Loops": 6,
                                                    "Filter": "((kind)::text = 'movie'::text)",
                                                    "Rows Removed by Filter": 6
                                                  }
                                                ]
                                              }
                                            ]
                                          }
                                        ]
                                      }
                                    ]
                                  },
                                  {
                                    "Node Type": "Index Scan",
                                    "Parent Relationship": "Inner",
                                    "Parallel Aware": false,
                                    "Scan Direction": "Forward",
                                    "Index Name": "movie_id_movie_keyword",
                                    "Relation Name": "movie_keyword",
                                    "Alias": "mk",
                                    "Startup Cost": 0.43,
                                    "Total Cost": 1.37,
                                    "Plan Rows": 46,
                                    "Plan Width": 8,
                                    "Actual Startup Time": 0.005,
                                    "Actual Total Time": 0.006,
                                    "Actual Rows": 6,
                                    "Actual Loops": 50900,
                                    "Index Cond": "(movie_id = mi_idx.movie_id)",
                                    "Rows Removed by Index Recheck": 0
                                  }
                                ]
                              },
                              {
                                "Node Type": "Index Scan",
                                "Parent Relationship": "Inner",
                                "Parallel Aware": false,
                                "Scan Direction": "Forward",
                                "Index Name": "keyword_pkey",
                                "Relation Name": "keyword",
                                "Alias": "k",
                                "Startup Cost": 0.42,
                                "Total Cost": 0.44,
                                "Plan Rows": 1,
                                "Plan Width": 4,
                                "Actual Startup Time": 0.002,
                                "Actual Total Time": 0.002,
                                "Actual Rows": 0,
                                "Actual Loops": 322930,
                                "Index Cond": "(id = mk.keyword_id)",
                                "Rows Removed by Index Recheck": 0,
                                "Filter": "(keyword = ANY ('{murder,murder-in-title,blood,violence}'::text[]))",
                                "Rows Removed by Filter": 1
                              }
                            ]
                          },
                          {
                            "Node Type": "Index Scan",
                            "Parent Relationship": "Inner",
                            "Parallel Aware": false,
                            "Scan Direction": "Forward",
                            "Index Name": "info_type_pkey",
                            "Relation Name": "info_type",
                            "Alias": "it2",
                            "Startup Cost": 0.14,
                            "Total Cost": 0.16,
                            "Plan Rows": 1,
                            "Plan Width": 4,
                            "Actual Startup Time": 0.001,
                            "Actual Total Time": 0.001,
                            "Actual Rows": 0,
                            "Actual Loops": 3380,
                            "Index Cond": "(id = mi_idx.info_type_id)",
                            "Rows Removed by Index Recheck": 0,
                            "Filter": "((info)::text = 'rating'::text)",
                            "Rows Removed by Filter": 1
                          }
                        ]
                      }
                    ]
                  }
                ]
              },
              {
                "Node Type": "Index Scan",
                "Parent Relationship": "Inner",
                "Parallel Aware": false,
                "Scan Direction": "Forward",
                "Index Name": "info_type_pkey",
                "Relation Name": "info_type",
                "Alias": "it1",
                "Startup Cost": 0.14,
                "Total Cost": 0.16,
                "Plan Rows": 1,
                "Plan Width": 4,
                "Actual Startup Time": 0.002,
                "Actual Total Time": 0.002,
                "Actual Rows": 1,
                "Actual Loops": 878,
                "Index Cond": "(id = mi.info_type_id)",
                "Rows Removed by Index Recheck": 0,
                "Filter": "((info)::text = 'countries'::text)",
                "Rows Removed by Filter": 0
              }
            ]
          }
        ]
      }
    ]
  },
  "Planning Time": 14.355,
  "Triggers": [],
  "Execution Time": 2076.742
}