[
  {
    "Plan": {
      "Node Type": "Aggregate",
      "Strategy": "Plain",
      "Partial Mode": "Finalize",
      "Parallel Aware": false,
      "Startup Cost": 376820.44,
      "Total Cost": 376820.45,
      "Plan Rows": 1,
      "Plan Width": 8,
      "Actual Startup Time": 1683.429,
      "Actual Total Time": 1747.443,
      "Actual Rows": 1,
      "Actual Loops": 1,
      "Plans": [
        {
          "Node Type": "Gather",
          "Parent Relationship": "Outer",
          "Parallel Aware": false,
          "Startup Cost": 376819.81,
          "Total Cost": 376820.42,
          "Plan Rows": 6,
          "Plan Width": 8,
          "Actual Startup Time": 1681.799,
          "Actual Total Time": 1747.434,
          "Actual Rows": 7,
          "Actual Loops": 1,
          "Workers Planned": 6,
          "Workers Launched": 6,
          "Single Copy": false,
          "Plans": [
            {
              "Node Type": "Aggregate",
              "Strategy": "Plain",
              "Partial Mode": "Partial",
              "Parent Relationship": "Outer",
              "Parallel Aware": false,
              "Startup Cost": 375819.81,
              "Total Cost": 375819.82,
              "Plan Rows": 1,
              "Plan Width": 8,
              "Actual Startup Time": 1670.626,
              "Actual Total Time": 1670.629,
              "Actual Rows": 1,
              "Actual Loops": 7,
              "Plans": [
                {
                  "Node Type": "Hash Join",
                  "Parent Relationship": "Outer",
                  "Parallel Aware": true,
                  "Join Type": "Inner",
                  "Startup Cost": 45968.32,
                  "Total Cost": 374885.12,
                  "Plan Rows": 373876,
                  "Plan Width": 0,
                  "Actual Startup Time": 103.167,
                  "Actual Total Time": 1640.761,
                  "Actual Rows": 536506,
                  "Actual Loops": 7,
                  "Inner Unique": true,
                  "Hash Cond": "(ci.movie_id = t.id)",
                  "Plans": [
                    {
                      "Node Type": "Seq Scan",
                      "Parent Relationship": "Outer",
                      "Parallel Aware": true,
                      "Relation Name": "cast_info",
                      "Alias": "ci",
                      "Startup Cost": 0.0,
                      "Total Cost": 313067.02,
                      "Plan Rows": 6038002,
                      "Plan Width": 4,
                      "Actual Startup Time": 0.02,
                      "Actual Total Time": 603.425,
                      "Actual Rows": 5177763,
                      "Actual Loops": 7
                    },
                    {
                      "Node Type": "Hash",
                      "Parent Relationship": "Inner",
                      "Parallel Aware": true,
                      "Startup Cost": 45479.1,
                      "Total Cost": 45479.1,
                      "Plan Rows": 39138,
                      "Plan Width": 4,
                      "Actual Startup Time": 101.284,
                      "Actual Total Time": 101.285,
                      "Actual Rows": 42349,
                      "Actual Loops": 7,
                      "Hash Buckets": 524288,
                      "Original Hash Buckets": 262144,
                      "Hash Batches": 1,
                      "Original Hash Batches": 1,
                      "Peak Memory Usage": 17920,
                      "Plans": [
                        {
                          "Node Type": "Seq Scan",
                          "Parent Relationship": "Outer",
                          "Parallel Aware": true,
                          "Relation Name": "title",
                          "Alias": "t",
                          "Startup Cost": 0.0,
                          "Total Cost": 45479.1,
                          "Plan Rows": 39138,
                          "Plan Width": 4,
                          "Actual Startup Time": 47.965,
                          "Actual Total Time": 77.321,
                          "Actual Rows": 42349,
                          "Actual Loops": 7,
                          "Filter": "((production_year < 1986) AND (kind_id = 1))",
                          "Rows Removed by Filter": 318839
                        }
                      ]
                    }
                  ]
                }
              ]
            }
          ]
        }
      ]
    },
    "Planning Time": 0.6,
    "Triggers": [],
    "Execution Time": 1747.532
  }
]