{
  "Plan": {
    "Node Type": "Aggregate",
    "Strategy": "Plain",
    "Partial Mode": "Finalize",
    "Parallel Aware": false,
    "Startup Cost": 493692.34,
    "Total Cost": 493692.35,
    "Plan Rows": 1,
    "Plan Width": 8,
    "Actual Startup Time": 1796.418,
    "Actual Total Time": 1831.152,
    "Actual Rows": 1,
    "Actual Loops": 1,
    "Plans": [
      {
        "Node Type": "Gather",
        "Parent Relationship": "Outer",
        "Parallel Aware": false,
        "Startup Cost": 493692.23,
        "Total Cost": 493692.34,
        "Plan Rows": 1,
        "Plan Width": 8,
        "Actual Startup Time": 1793.066,
        "Actual Total Time": 1831.142,
        "Actual Rows": 2,
        "Actual Loops": 1,
        "Workers Planned": 1,
        "Workers Launched": 1,
        "Single Copy": false,
        "Plans": [
          {
            "Node Type": "Aggregate",
            "Strategy": "Plain",
            "Partial Mode": "Partial",
            "Parent Relationship": "Outer",
            "Parallel Aware": false,
            "Startup Cost": 492692.23,
            "Total Cost": 492692.24,
            "Plan Rows": 1,
            "Plan Width": 8,
            "Actual Startup Time": 1787.008,
            "Actual Total Time": 1787.539,
            "Actual Rows": 1,
            "Actual Loops": 2,
            "Plans": [
              {
                "Node Type": "Hash Join",
                "Parent Relationship": "Outer",
                "Parallel Aware": true,
                "Join Type": "Inner",
                "Startup Cost": 198747.22,
                "Total Cost": 490835.02,
                "Plan Rows": 742882,
                "Plan Width": 0,
                "Actual Startup Time": 1021.002,
                "Actual Total Time": 1752.657,
                "Actual Rows": 667249,
                "Actual Loops": 2,
                "Inner Unique": false,
                "Hash Cond": "(ci.movie_id = t.id)",
                "Plans": [
                  {
                    "Node Type": "Bitmap Heap Scan",
                    "Parent Relationship": "Outer",
                    "Parallel Aware": true,
                    "Relation Name": "cast_info",
                    "Alias": "ci",
                    "Startup Cost": 80942.54,
                    "Total Cost": 360576.39,
                    "Plan Rows": 2155748,
                    "Plan Width": 4,
                    "Actual Startup Time": 208.718,
                    "Actual Total Time": 433.532,
                    "Actual Rows": 1893839,
                    "Actual Loops": 2,
                    "Recheck Cond": "(person_id < 363350)",
                    "Rows Removed by Index Recheck": 0,
                    "Exact Heap Blocks": 24654,
                    "Lossy Heap Blocks": 0,
                    "Plans": [
                      {
                        "Node Type": "Bitmap Index Scan",
                        "Parent Relationship": "Outer",
                        "Parallel Aware": false,
                        "Index Name": "person_id_cast_info",
                        "Startup Cost": 0.0,
                        "Total Cost": 80026.35,
                        "Plan Rows": 3664771,
                        "Plan Width": 0,
                        "Actual Startup Time": 198.459,
                        "Actual Total Time": 198.46,
                        "Actual Rows": 3787678,
                        "Actual Loops": 1,
                        "Index Cond": "(person_id < 363350)"
                      }
                    ]
                  },
                  {
                    "Node Type": "Hash",
                    "Parent Relationship": "Inner",
                    "Parallel Aware": true,
                    "Startup Cost": 111398.33,
                    "Total Cost": 111398.33,
                    "Plan Rows": 512508,
                    "Plan Width": 8,
                    "Actual Startup Time": 802.864,
                    "Actual Total Time": 803.393,
                    "Actual Rows": 276028,
                    "Actual Loops": 2,
                    "Hash Buckets": 1048576,
                    "Original Hash Buckets": 1048576,
                    "Hash Batches": 1,
                    "Original Hash Batches": 1,
                    "Peak Memory Usage": 29792,
                    "Plans": [
                      {
                        "Node Type": "Hash Join",
                        "Parent Relationship": "Outer",
                        "Parallel Aware": true,
                        "Join Type": "Inner",
                        "Startup Cost": 48218.08,
                        "Total Cost": 111398.33,
                        "Plan Rows": 512508,
                        "Plan Width": 8,
                        "Actual Startup Time": 225.109,
                        "Actual Total Time": 712.964,
                        "Actual Rows": 276028,
                        "Actual Loops": 2,
                        "Inner Unique": false,
                        "Hash Cond": "(t.id = mc.movie_id)",
                        "Plans": [
                          {
                            "Node Type": "Seq Scan",
                            "Parent Relationship": "Outer",
                            "Parallel Aware": true,
                            "Relation Name": "title",
                            "Alias": "t",
                            "Startup Cost": 0.0,
                            "Total Cost": 50870.31,
                            "Plan Rows": 1487231,
                            "Plan Width": 4,
                            "Actual Startup Time": 0.017,
                            "Actual Total Time": 142.487,
                            "Actual Rows": 1264156,
                            "Actual Loops": 2
                          },
                          {
                            "Node Type": "Hash",
                            "Parent Relationship": "Inner",
                            "Parallel Aware": true,
                            "Startup Cost": 41811.73,
                            "Total Cost": 41811.73,
                            "Plan Rows": 512508,
                            "Plan Width": 4,
                            "Actual Startup Time": 219.545,
                            "Actual Total Time": 219.546,
                            "Actual Rows": 276028,
                            "Actual Loops": 2,
                            "Hash Buckets": 1048576,
                            "Original Hash Buckets": 1048576,
                            "Hash Batches": 1,
                            "Original Hash Batches": 1,
                            "Peak Memory Usage": 29824,
                            "Plans": [
                              {
                                "Node Type": "Seq Scan",
                                "Parent Relationship": "Outer",
                                "Parallel Aware": true,
                                "Relation Name": "movie_companies",
                                "Alias": "mc",
                                "Startup Cost": 0.0,
                                "Total Cost": 41811.73,
                                "Plan Rows": 512508,
                                "Plan Width": 4,
                                "Actual Startup Time": 70.347,
                                "Actual Total Time": 145.09,
                                "Actual Rows": 276028,
                                "Actual Loops": 2,
                                "Filter": "((company_id < 21004) AND (company_type_id > 1))",
                                "Rows Removed by Filter": 1028537
                              }
                            ]
                          }
                        ]
                      }
                    ]
                  }
                ]
              }
            ]
          }
        ]
      }
    ]
  },
  "Planning Time": 0.906,
  "Triggers": [],
  "Execution Time": 1831.26
}