[
  {
    "Plan": {
      "Node Type": "Aggregate",
      "Strategy": "Plain",
      "Partial Mode": "Finalize",
      "Parallel Aware": false,
      "Startup Cost": 32860.63,
      "Total Cost": 32860.64,
      "Plan Rows": 1,
      "Plan Width": 8,
      "Actual Startup Time": 85.311,
      "Actual Total Time": 93.106,
      "Actual Rows": 1,
      "Actual Loops": 1,
      "Plans": [
        {
          "Node Type": "Gather",
          "Parent Relationship": "Outer",
          "Parallel Aware": false,
          "Startup Cost": 32860.32,
          "Total Cost": 32860.63,
          "Plan Rows": 3,
          "Plan Width": 8,
          "Actual Startup Time": 85.187,
          "Actual Total Time": 93.098,
          "Actual Rows": 4,
          "Actual Loops": 1,
          "Workers Planned": 3,
          "Workers Launched": 3,
          "Single Copy": false,
          "Plans": [
            {
              "Node Type": "Aggregate",
              "Strategy": "Plain",
              "Partial Mode": "Partial",
              "Parent Relationship": "Outer",
              "Parallel Aware": false,
              "Startup Cost": 31860.32,
              "Total Cost": 31860.33,
              "Plan Rows": 1,
              "Plan Width": 8,
              "Actual Startup Time": 78.244,
              "Actual Total Time": 78.245,
              "Actual Rows": 1,
              "Actual Loops": 4,
              "Plans": [
                {
                  "Node Type": "Seq Scan",
                  "Parent Relationship": "Outer",
                  "Parallel Aware": true,
                  "Relation Name": "movie_companies",
                  "Alias": "mc",
                  "Startup Cost": 0.0,
                  "Total Cost": 31414.82,
                  "Plan Rows": 178199,
                  "Plan Width": 0,
                  "Actual Startup Time": 21.428,
                  "Actual Total Time": 75.043,
                  "Actual Rows": 66314,
                  "Actual Loops": 4,
                  "Filter": "((company_id > 13614) AND (company_type_id = 1))",
                  "Rows Removed by Filter": 585968
                }
              ]
            }
          ]
        }
      ]
    },
    "Planning Time": 0.187,
    "Triggers": [],
    "Execution Time": 93.155
  }
]