[
  {
    "Plan": {
      "Node Type": "Aggregate",
      "Strategy": "Plain",
      "Partial Mode": "Finalize",
      "Parallel Aware": false,
      "Startup Cost": 72830.51,
      "Total Cost": 72830.52,
      "Plan Rows": 1,
      "Plan Width": 8,
      "Actual Startup Time": 152.679,
      "Actual Total Time": 168.374,
      "Actual Rows": 1,
      "Actual Loops": 1,
      "Plans": [
        {
          "Node Type": "Gather",
          "Parent Relationship": "Outer",
          "Parallel Aware": false,
          "Startup Cost": 72830.19,
          "Total Cost": 72830.5,
          "Plan Rows": 3,
          "Plan Width": 8,
          "Actual Startup Time": 152.346,
          "Actual Total Time": 168.368,
          "Actual Rows": 4,
          "Actual Loops": 1,
          "Workers Planned": 3,
          "Workers Launched": 3,
          "Single Copy": false,
          "Plans": [
            {
              "Node Type": "Aggregate",
              "Strategy": "Plain",
              "Partial Mode": "Partial",
              "Parent Relationship": "Outer",
              "Parallel Aware": false,
              "Startup Cost": 71830.19,
              "Total Cost": 71830.2,
              "Plan Rows": 1,
              "Plan Width": 8,
              "Actual Startup Time": 144.777,
              "Actual Total Time": 144.781,
              "Actual Rows": 1,
              "Actual Loops": 4,
              "Plans": [
                {
                  "Node Type": "Nested Loop",
                  "Parent Relationship": "Outer",
                  "Parallel Aware": false,
                  "Join Type": "Inner",
                  "Startup Cost": 50232.57,
                  "Total Cost": 71829.86,
                  "Plan Rows": 132,
                  "Plan Width": 0,
                  "Actual Startup Time": 104.143,
                  "Actual Total Time": 144.579,
                  "Actual Rows": 3264,
                  "Actual Loops": 4,
                  "Inner Unique": false,
                  "Join Filter": "(t.id = mk.movie_id)",
                  "Rows Removed by Join Filter": 0,
                  "Plans": [
                    {
                      "Node Type": "Hash Join",
                      "Parent Relationship": "Outer",
                      "Parallel Aware": true,
                      "Join Type": "Inner",
                      "Startup Cost": 50232.13,
                      "Total Cost": 70154.95,
                      "Plan Rows": 542,
                      "Plan Width": 8,
                      "Actual Startup Time": 103.746,
                      "Actual Total Time": 125.989,
                      "Actual Rows": 2090,
                      "Actual Loops": 4,
                      "Inner Unique": true,
                      "Hash Cond": "(mc.movie_id = t.id)",
                      "Plans": [
                        {
                          "Node Type": "Bitmap Heap Scan",
                          "Parent Relationship": "Outer",
                          "Parallel Aware": true,
                          "Relation Name": "movie_companies",
                          "Alias": "mc",
                          "Startup Cost": 4631.6,
                          "Total Cost": 24461.41,
                          "Plan Rows": 35427,
                          "Plan Width": 4,
                          "Actual Startup Time": 8.375,
                          "Actual Total Time": 22.941,
                          "Actual Rows": 52912,
                          "Actual Loops": 4,
                          "Recheck Cond": "(company_id > 110073)",
                          "Rows Removed by Index Recheck": 0,
                          "Filter": "(company_type_id = 2)",
                          "Rows Removed by Filter": 0,
                          "Exact Heap Blocks": 1754,
                          "Lossy Heap Blocks": 0,
                          "Plans": [
                            {
                              "Node Type": "Bitmap Index Scan",
                              "Parent Relationship": "Outer",
                              "Parallel Aware": false,
                              "Index Name": "company_id_movie_companies",
                              "Startup Cost": 0.0,
                              "Total Cost": 4604.14,
                              "Plan Rows": 214895,
                              "Plan Width": 0,
                              "Actual Startup Time": 7.654,
                              "Actual Total Time": 7.655,
                              "Actual Rows": 211649,
                              "Actual Loops": 1,
                              "Index Cond": "(company_id > 110073)"
                            }
                          ]
                        },
                        {
                          "Node Type": "Hash",
                          "Parent Relationship": "Inner",
                          "Parallel Aware": true,
                          "Startup Cost": 45479.59,
                          "Total Cost": 45479.59,
                          "Plan Rows": 9676,
                          "Plan Width": 4,
                          "Actual Startup Time": 94.834,
                          "Actual Total Time": 94.835,
                          "Actual Rows": 8063,
                          "Actual Loops": 4,
                          "Hash Buckets": 65536,
                          "Original Hash Buckets": 65536,
                          "Hash Batches": 1,
                          "Original Hash Batches": 1,
                          "Peak Memory Usage": 1856,
                          "Plans": [
                            {
                              "Node Type": "Seq Scan",
                              "Parent Relationship": "Outer",
                              "Parallel Aware": true,
                              "Relation Name": "title",
                              "Alias": "t",
                              "Startup Cost": 0.0,
                              "Total Cost": 45479.59,
                              "Plan Rows": 9676,
                              "Plan Width": 4,
                              "Actual Startup Time": 0.274,
                              "Actual Total Time": 91.37,
                              "Actual Rows": 8063,
                              "Actual Loops": 4,
                              "Filter": "((kind_id < 7) AND (production_year = 2005))",
                              "Rows Removed by Filter": 624015
                            }
                          ]
                        }
                      ]
                    },
                    {
                      "Node Type": "Index Scan",
                      "Parent Relationship": "Inner",
                      "Parallel Aware": false,
                      "Scan Direction": "Forward",
                      "Index Name": "movie_id_movie_keyword",
                      "Relation Name": "movie_keyword",
                      "Alias": "mk",
                      "Startup Cost": 0.43,
                      "Total Cost": 3.02,
                      "Plan Rows": 6,
                      "Plan Width": 4,
                      "Actual Startup Time": 0.007,
                      "Actual Total Time": 0.008,
                      "Actual Rows": 2,
                      "Actual Loops": 8361,
                      "Index Cond": "(movie_id = mc.movie_id)",
                      "Rows Removed by Index Recheck": 0,
                      "Filter": "(keyword_id > 29773)",
                      "Rows Removed by Filter": 10
                    }
                  ]
                }
              ]
            }
          ]
        }
      ]
    },
    "Planning Time": 0.441,
    "Triggers": [],
    "Execution Time": 168.426
  }
]