[
  {
    "Plan": {
      "Node Type": "Aggregate",
      "Strategy": "Plain",
      "Partial Mode": "Finalize",
      "Parallel Aware": false,
      "Startup Cost": 39530.57,
      "Total Cost": 39530.58,
      "Plan Rows": 1,
      "Plan Width": 8,
      "Actual Startup Time": 68.549,
      "Actual Total Time": 83.162,
      "Actual Rows": 1,
      "Actual Loops": 1,
      "Plans": [
        {
          "Node Type": "Gather",
          "Parent Relationship": "Outer",
          "Parallel Aware": false,
          "Startup Cost": 39530.36,
          "Total Cost": 39530.57,
          "Plan Rows": 2,
          "Plan Width": 8,
          "Actual Startup Time": 68.43,
          "Actual Total Time": 83.153,
          "Actual Rows": 3,
          "Actual Loops": 1,
          "Workers Planned": 2,
          "Workers Launched": 2,
          "Single Copy": false,
          "Plans": [
            {
              "Node Type": "Aggregate",
              "Strategy": "Plain",
              "Partial Mode": "Partial",
              "Parent Relationship": "Outer",
              "Parallel Aware": false,
              "Startup Cost": 38530.36,
              "Total Cost": 38530.37,
              "Plan Rows": 1,
              "Plan Width": 8,
              "Actual Startup Time": 64.461,
              "Actual Total Time": 64.465,
              "Actual Rows": 1,
              "Actual Loops": 3,
              "Plans": [
                {
                  "Node Type": "Nested Loop",
                  "Parent Relationship": "Outer",
                  "Parallel Aware": false,
                  "Join Type": "Inner",
                  "Startup Cost": 157.39,
                  "Total Cost": 38528.57,
                  "Plan Rows": 716,
                  "Plan Width": 0,
                  "Actual Startup Time": 2.853,
                  "Actual Total Time": 64.067,
                  "Actual Rows": 4043,
                  "Actual Loops": 3,
                  "Inner Unique": false,
                  "Plans": [
                    {
                      "Node Type": "Nested Loop",
                      "Parent Relationship": "Outer",
                      "Parallel Aware": false,
                      "Join Type": "Inner",
                      "Startup Cost": 156.96,
                      "Total Cost": 36727.15,
                      "Plan Rows": 3016,
                      "Plan Width": 8,
                      "Actual Startup Time": 2.596,
                      "Actual Total Time": 34.483,
                      "Actual Rows": 2224,
                      "Actual Loops": 3,
                      "Inner Unique": true,
                      "Plans": [
                        {
                          "Node Type": "Bitmap Heap Scan",
                          "Parent Relationship": "Outer",
                          "Parallel Aware": true,
                          "Relation Name": "movie_keyword",
                          "Alias": "mk",
                          "Startup Cost": 156.53,
                          "Total Cost": 15809.74,
                          "Plan Rows": 3016,
                          "Plan Width": 4,
                          "Actual Startup Time": 2.494,
                          "Actual Total Time": 12.586,
                          "Actual Rows": 2224,
                          "Actual Loops": 3,
                          "Recheck Cond": "(keyword_id = 2879)",
                          "Rows Removed by Index Recheck": 0,
                          "Exact Heap Blocks": 3423,
                          "Lossy Heap Blocks": 0,
                          "Plans": [
                            {
                              "Node Type": "Bitmap Index Scan",
                              "Parent Relationship": "Outer",
                              "Parallel Aware": false,
                              "Index Name": "keyword_id_movie_keyword",
                              "Startup Cost": 0.0,
                              "Total Cost": 154.72,
                              "Plan Rows": 7238,
                              "Plan Width": 0,
                              "Actual Startup Time": 4.259,
                              "Actual Total Time": 4.265,
                              "Actual Rows": 6673,
                              "Actual Loops": 1,
                              "Index Cond": "(keyword_id = 2879)"
                            }
                          ]
                        },
                        {
                          "Node Type": "Index Only Scan",
                          "Parent Relationship": "Inner",
                          "Parallel Aware": false,
                          "Scan Direction": "Forward",
                          "Index Name": "title_pkey",
                          "Relation Name": "title",
                          "Alias": "t",
                          "Startup Cost": 0.43,
                          "Total Cost": 6.94,
                          "Plan Rows": 1,
                          "Plan Width": 4,
                          "Actual Startup Time": 0.009,
                          "Actual Total Time": 0.009,
                          "Actual Rows": 1,
                          "Actual Loops": 6673,
                          "Index Cond": "(id = mk.movie_id)",
                          "Rows Removed by Index Recheck": 0,
                          "Heap Fetches": 6673
                        }
                      ]
                    },
                    {
                      "Node Type": "Index Scan",
                      "Parent Relationship": "Inner",
                      "Parallel Aware": false,
                      "Scan Direction": "Forward",
                      "Index Name": "movie_id_movie_companies",
                      "Relation Name": "movie_companies",
                      "Alias": "mc",
                      "Startup Cost": 0.43,
                      "Total Cost": 0.59,
                      "Plan Rows": 1,
                      "Plan Width": 4,
                      "Actual Startup Time": 0.012,
                      "Actual Total Time": 0.013,
                      "Actual Rows": 2,
                      "Actual Loops": 6673,
                      "Index Cond": "(movie_id = t.id)",
                      "Rows Removed by Index Recheck": 0,
                      "Filter": "((company_id > 12877) AND (company_type_id > 1))",
                      "Rows Removed by Filter": 9
                    }
                  ]
                }
              ]
            }
          ]
        }
      ]
    },
    "Planning Time": 0.704,
    "Triggers": [],
    "Execution Time": 83.23
  }
]