[
  {
    "Plan": {
      "Node Type": "Aggregate",
      "Strategy": "Plain",
      "Partial Mode": "Finalize",
      "Parallel Aware": false,
      "Startup Cost": 33161.9,
      "Total Cost": 33161.91,
      "Plan Rows": 1,
      "Plan Width": 8,
      "Actual Startup Time": 92.054,
      "Actual Total Time": 100.099,
      "Actual Rows": 1,
      "Actual Loops": 1,
      "Plans": [
        {
          "Node Type": "Gather",
          "Parent Relationship": "Outer",
          "Parallel Aware": false,
          "Startup Cost": 33161.58,
          "Total Cost": 33161.89,
          "Plan Rows": 3,
          "Plan Width": 8,
          "Actual Startup Time": 91.869,
          "Actual Total Time": 100.089,
          "Actual Rows": 4,
          "Actual Loops": 1,
          "Workers Planned": 3,
          "Workers Launched": 3,
          "Single Copy": false,
          "Plans": [
            {
              "Node Type": "Aggregate",
              "Strategy": "Plain",
              "Partial Mode": "Partial",
              "Parent Relationship": "Outer",
              "Parallel Aware": false,
              "Startup Cost": 32161.58,
              "Total Cost": 32161.59,
              "Plan Rows": 1,
              "Plan Width": 8,
              "Actual Startup Time": 86.675,
              "Actual Total Time": 86.677,
              "Actual Rows": 1,
              "Actual Loops": 4,
              "Plans": [
                {
                  "Node Type": "Seq Scan",
                  "Parent Relationship": "Outer",
                  "Parallel Aware": true,
                  "Relation Name": "movie_companies",
                  "Alias": "mc",
                  "Startup Cost": 0.0,
                  "Total Cost": 31414.82,
                  "Plan Rows": 298704,
                  "Plan Width": 0,
                  "Actual Startup Time": 0.524,
                  "Actual Total Time": 77.296,
                  "Actual Rows": 192536,
                  "Actual Loops": 4,
                  "Filter": "((company_id > 1371) AND (company_type_id < 2))",
                  "Rows Removed by Filter": 459746
                }
              ]
            }
          ]
        }
      ]
    },
    "Planning Time": 0.144,
    "Triggers": [],
    "Execution Time": 100.14
  }
]