[
  {
    "Plan": {
      "Node Type": "Aggregate",
      "Strategy": "Plain",
      "Partial Mode": "Finalize",
      "Parallel Aware": false,
      "Startup Cost": 33166.82,
      "Total Cost": 33166.83,
      "Plan Rows": 1,
      "Plan Width": 8,
      "Actual Startup Time": 102.215,
      "Actual Total Time": 109.788,
      "Actual Rows": 1,
      "Actual Loops": 1,
      "Plans": [
        {
          "Node Type": "Gather",
          "Parent Relationship": "Outer",
          "Parallel Aware": false,
          "Startup Cost": 33166.5,
          "Total Cost": 33166.81,
          "Plan Rows": 3,
          "Plan Width": 8,
          "Actual Startup Time": 102.07,
          "Actual Total Time": 109.779,
          "Actual Rows": 4,
          "Actual Loops": 1,
          "Workers Planned": 3,
          "Workers Launched": 3,
          "Single Copy": false,
          "Plans": [
            {
              "Node Type": "Aggregate",
              "Strategy": "Plain",
              "Partial Mode": "Partial",
              "Parent Relationship": "Outer",
              "Parallel Aware": false,
              "Startup Cost": 32166.5,
              "Total Cost": 32166.51,
              "Plan Rows": 1,
              "Plan Width": 8,
              "Actual Startup Time": 93.254,
              "Actual Total Time": 93.255,
              "Actual Rows": 1,
              "Actual Loops": 4,
              "Plans": [
                {
                  "Node Type": "Seq Scan",
                  "Parent Relationship": "Outer",
                  "Parallel Aware": true,
                  "Relation Name": "movie_companies",
                  "Alias": "mc",
                  "Startup Cost": 0.0,
                  "Total Cost": 31414.82,
                  "Plan Rows": 300673,
                  "Plan Width": 0,
                  "Actual Startup Time": 0.79,
                  "Actual Total Time": 82.36,
                  "Actual Rows": 192536,
                  "Actual Loops": 4,
                  "Filter": "((company_id > 1371) AND (company_type_id < 2))",
                  "Rows Removed by Filter": 459746
                }
              ]
            }
          ]
        }
      ]
    },
    "Planning Time": 0.234,
    "Triggers": [],
    "Execution Time": 109.842
  }
]