[
  {
    "Plan": {
      "Node Type": "Aggregate",
      "Strategy": "Plain",
      "Partial Mode": "Finalize",
      "Parallel Aware": false,
      "Startup Cost": 92041.39,
      "Total Cost": 92041.4,
      "Plan Rows": 1,
      "Plan Width": 8,
      "Actual Startup Time": 288.128,
      "Actual Total Time": 306.953,
      "Actual Rows": 1,
      "Actual Loops": 1,
      "Plans": [
        {
          "Node Type": "Gather",
          "Parent Relationship": "Outer",
          "Parallel Aware": false,
          "Startup Cost": 92041.07,
          "Total Cost": 92041.38,
          "Plan Rows": 3,
          "Plan Width": 8,
          "Actual Startup Time": 287.768,
          "Actual Total Time": 306.942,
          "Actual Rows": 4,
          "Actual Loops": 1,
          "Workers Planned": 3,
          "Workers Launched": 3,
          "Single Copy": false,
          "Plans": [
            {
              "Node Type": "Aggregate",
              "Strategy": "Plain",
              "Partial Mode": "Partial",
              "Parent Relationship": "Outer",
              "Parallel Aware": false,
              "Startup Cost": 91041.07,
              "Total Cost": 91041.08,
              "Plan Rows": 1,
              "Plan Width": 8,
              "Actual Startup Time": 279.264,
              "Actual Total Time": 279.267,
              "Actual Rows": 1,
              "Actual Loops": 4,
              "Plans": [
                {
                  "Node Type": "Hash Join",
                  "Parent Relationship": "Outer",
                  "Parallel Aware": true,
                  "Join Type": "Inner",
                  "Startup Cost": 45599.55,
                  "Total Cost": 91001.77,
                  "Plan Rows": 15719,
                  "Plan Width": 0,
                  "Actual Startup Time": 106.793,
                  "Actual Total Time": 278.76,
                  "Actual Rows": 9106,
                  "Actual Loops": 4,
                  "Inner Unique": true,
                  "Hash Cond": "(mk.movie_id = t.id)",
                  "Plans": [
                    {
                      "Node Type": "Seq Scan",
                      "Parent Relationship": "Outer",
                      "Parallel Aware": true,
                      "Relation Name": "movie_keyword",
                      "Alias": "mk",
                      "Startup Cost": 0.0,
                      "Total Cost": 42695.65,
                      "Plan Rows": 1031074,
                      "Plan Width": 4,
                      "Actual Startup Time": 0.029,
                      "Actual Total Time": 114.586,
                      "Actual Rows": 797235,
                      "Actual Loops": 4,
                      "Filter": "(keyword_id < 12888)",
                      "Rows Removed by Filter": 333748
                    },
                    {
                      "Node Type": "Hash",
                      "Parent Relationship": "Inner",
                      "Parallel Aware": true,
                      "Startup Cost": 45479.1,
                      "Total Cost": 45479.1,
                      "Plan Rows": 9636,
                      "Plan Width": 4,
                      "Actual Startup Time": 105.233,
                      "Actual Total Time": 105.234,
                      "Actual Rows": 12462,
                      "Actual Loops": 4,
                      "Hash Buckets": 65536,
                      "Original Hash Buckets": 65536,
                      "Hash Batches": 1,
                      "Original Hash Batches": 1,
                      "Peak Memory Usage": 2496,
                      "Plans": [
                        {
                          "Node Type": "Seq Scan",
                          "Parent Relationship": "Outer",
                          "Parallel Aware": true,
                          "Relation Name": "title",
                          "Alias": "t",
                          "Startup Cost": 0.0,
                          "Total Cost": 45479.1,
                          "Plan Rows": 9636,
                          "Plan Width": 4,
                          "Actual Startup Time": 0.045,
                          "Actual Total Time": 99.184,
                          "Actual Rows": 12462,
                          "Actual Loops": 4,
                          "Filter": "((kind_id > 1) AND (production_year = 2001))",
                          "Rows Removed by Filter": 619616
                        }
                      ]
                    }
                  ]
                }
              ]
            }
          ]
        }
      ]
    },
    "Planning Time": 0.558,
    "Triggers": [],
    "Execution Time": 307.015
  }
]