{
  "Plan": {
    "Node Type": "Aggregate",
    "Strategy": "Plain",
    "Partial Mode": "Finalize",
    "Parallel Aware": false,
    "Startup Cost": 84267.5,
    "Total Cost": 84267.51,
    "Plan Rows": 1,
    "Plan Width": 8,
    "Actual Startup Time": 483.962,
    "Actual Total Time": 553.992,
    "Actual Rows": 1,
    "Actual Loops": 1,
    "Plans": [
      {
        "Node Type": "Gather",
        "Parent Relationship": "Outer",
        "Parallel Aware": false,
        "Startup Cost": 84267.39,
        "Total Cost": 84267.5,
        "Plan Rows": 1,
        "Plan Width": 8,
        "Actual Startup Time": 483.727,
        "Actual Total Time": 553.985,
        "Actual Rows": 2,
        "Actual Loops": 1,
        "Workers Planned": 1,
        "Workers Launched": 1,
        "Single Copy": false,
        "Plans": [
          {
            "Node Type": "Aggregate",
            "Strategy": "Plain",
            "Partial Mode": "Partial",
            "Parent Relationship": "Outer",
            "Parallel Aware": false,
            "Startup Cost": 83267.39,
            "Total Cost": 83267.4,
            "Plan Rows": 1,
            "Plan Width": 8,
            "Actual Startup Time": 477.528,
            "Actual Total Time": 477.531,
            "Actual Rows": 1,
            "Actual Loops": 2,
            "Plans": [
              {
                "Node Type": "Nested Loop",
                "Parent Relationship": "Outer",
                "Parallel Aware": false,
                "Join Type": "Inner",
                "Startup Cost": 270.43,
                "Total Cost": 83003.65,
                "Plan Rows": 105495,
                "Plan Width": 0,
                "Actual Startup Time": 8.228,
                "Actual Total Time": 464.215,
                "Actual Rows": 239442,
                "Actual Loops": 2,
                "Inner Unique": false,
                "Plans": [
                  {
                    "Node Type": "Nested Loop",
                    "Parent Relationship": "Outer",
                    "Parallel Aware": false,
                    "Join Type": "Inner",
                    "Startup Cost": 269.86,
                    "Total Cost": 66894.89,
                    "Plan Rows": 7362,
                    "Plan Width": 8,
                    "Actual Startup Time": 8.057,
                    "Actual Total Time": 54.155,
                    "Actual Rows": 7060,
                    "Actual Loops": 2,
                    "Inner Unique": true,
                    "Plans": [
                      {
                        "Node Type": "Bitmap Heap Scan",
                        "Parent Relationship": "Outer",
                        "Parallel Aware": true,
                        "Relation Name": "movie_keyword",
                        "Alias": "mk",
                        "Startup Cost": 269.43,
                        "Total Cost": 21138.9,
                        "Plan Rows": 7362,
                        "Plan Width": 4,
                        "Actual Startup Time": 7.93,
                        "Actual Total Time": 22.317,
                        "Actual Rows": 7060,
                        "Actual Loops": 2,
                        "Recheck Cond": "(keyword_id = 1382)",
                        "Rows Removed by Index Recheck": 0,
                        "Exact Heap Blocks": 5931,
                        "Lossy Heap Blocks": 0,
                        "Plans": [
                          {
                            "Node Type": "Bitmap Index Scan",
                            "Parent Relationship": "Outer",
                            "Parallel Aware": false,
                            "Index Name": "keyword_id_movie_keyword",
                            "Startup Cost": 0.0,
                            "Total Cost": 266.3,
                            "Plan Rows": 12516,
                            "Plan Width": 0,
                            "Actual Startup Time": 8.83,
                            "Actual Total Time": 8.831,
                            "Actual Rows": 14120,
                            "Actual Loops": 1,
                            "Index Cond": "(keyword_id = 1382)"
                          }
                        ]
                      },
                      {
                        "Node Type": "Index Only Scan",
                        "Parent Relationship": "Inner",
                        "Parallel Aware": false,
                        "Scan Direction": "Forward",
                        "Index Name": "title_pkey",
                        "Relation Name": "title",
                        "Alias": "t",
                        "Startup Cost": 0.43,
                        "Total Cost": 6.22,
                        "Plan Rows": 1,
                        "Plan Width": 4,
                        "Actual Startup Time": 0.004,
                        "Actual Total Time": 0.004,
                        "Actual Rows": 1,
                        "Actual Loops": 14120,
                        "Index Cond": "(id = mk.movie_id)",
                        "Rows Removed by Index Recheck": 0,
                        "Heap Fetches": 14120
                      }
                    ]
                  },
                  {
                    "Node Type": "Index Only Scan",
                    "Parent Relationship": "Inner",
                    "Parallel Aware": false,
                    "Scan Direction": "Forward",
                    "Index Name": "movie_id_cast_info",
                    "Relation Name": "cast_info",
                    "Alias": "ci",
                    "Startup Cost": 0.56,
                    "Total Cost": 1.82,
                    "Plan Rows": 37,
                    "Plan Width": 4,
                    "Actual Startup Time": 0.008,
                    "Actual Total Time": 0.055,
                    "Actual Rows": 34,
                    "Actual Loops": 14120,
                    "Index Cond": "(movie_id = t.id)",
                    "Rows Removed by Index Recheck": 0,
                    "Heap Fetches": 478883
                  }
                ]
              }
            ]
          }
        ]
      }
    ]
  },
  "Planning Time": 0.931,
  "Triggers": [],
  "Execution Time": 554.107
}