[
  {
    "Plan": {
      "Node Type": "Aggregate",
      "Strategy": "Plain",
      "Partial Mode": "Finalize",
      "Parallel Aware": false,
      "Startup Cost": 394182.82,
      "Total Cost": 394182.83,
      "Plan Rows": 1,
      "Plan Width": 8,
      "Actual Startup Time": 2008.164,
      "Actual Total Time": 2065.053,
      "Actual Rows": 1,
      "Actual Loops": 1,
      "Plans": [
        {
          "Node Type": "Gather",
          "Parent Relationship": "Outer",
          "Parallel Aware": false,
          "Startup Cost": 394182.2,
          "Total Cost": 394182.81,
          "Plan Rows": 6,
          "Plan Width": 8,
          "Actual Startup Time": 2004.983,
          "Actual Total Time": 2065.038,
          "Actual Rows": 7,
          "Actual Loops": 1,
          "Workers Planned": 6,
          "Workers Launched": 6,
          "Single Copy": false,
          "Plans": [
            {
              "Node Type": "Aggregate",
              "Strategy": "Plain",
              "Partial Mode": "Partial",
              "Parent Relationship": "Outer",
              "Parallel Aware": false,
              "Startup Cost": 393182.2,
              "Total Cost": 393182.21,
              "Plan Rows": 1,
              "Plan Width": 8,
              "Actual Startup Time": 1995.746,
              "Actual Total Time": 1995.75,
              "Actual Rows": 1,
              "Actual Loops": 7,
              "Plans": [
                {
                  "Node Type": "Hash Join",
                  "Parent Relationship": "Outer",
                  "Parallel Aware": true,
                  "Join Type": "Inner",
                  "Startup Cost": 47355.49,
                  "Total Cost": 389933.71,
                  "Plan Rows": 1299394,
                  "Plan Width": 0,
                  "Actual Startup Time": 128.076,
                  "Actual Total Time": 1931.868,
                  "Actual Rows": 1153233,
                  "Actual Loops": 7,
                  "Inner Unique": true,
                  "Hash Cond": "(ci.movie_id = t.id)",
                  "Plans": [
                    {
                      "Node Type": "Seq Scan",
                      "Parent Relationship": "Outer",
                      "Parallel Aware": true,
                      "Relation Name": "cast_info",
                      "Alias": "ci",
                      "Startup Cost": 0.0,
                      "Total Cost": 328211.39,
                      "Plan Rows": 5473071,
                      "Plan Width": 4,
                      "Actual Startup Time": 0.042,
                      "Actual Total Time": 759.883,
                      "Actual Rows": 4699796,
                      "Actual Loops": 7,
                      "Filter": "(person_id < 3447372)",
                      "Rows Removed by Filter": 477967
                    },
                    {
                      "Node Type": "Hash",
                      "Parent Relationship": "Inner",
                      "Parallel Aware": true,
                      "Startup Cost": 45479.59,
                      "Total Cost": 45479.59,
                      "Plan Rows": 150072,
                      "Plan Width": 4,
                      "Actual Startup Time": 125.27,
                      "Actual Total Time": 125.271,
                      "Actual Rows": 70355,
                      "Actual Loops": 7,
                      "Hash Buckets": 1048576,
                      "Original Hash Buckets": 1048576,
                      "Hash Batches": 1,
                      "Original Hash Batches": 1,
                      "Peak Memory Usage": 27552,
                      "Plans": [
                        {
                          "Node Type": "Seq Scan",
                          "Parent Relationship": "Outer",
                          "Parallel Aware": true,
                          "Relation Name": "title",
                          "Alias": "t",
                          "Startup Cost": 0.0,
                          "Total Cost": 45479.59,
                          "Plan Rows": 150072,
                          "Plan Width": 4,
                          "Actual Startup Time": 43.563,
                          "Actual Total Time": 89.457,
                          "Actual Rows": 70355,
                          "Actual Loops": 7,
                          "Filter": "((production_year > 1950) AND (kind_id = 1))",
                          "Rows Removed by Filter": 290833
                        }
                      ]
                    }
                  ]
                }
              ]
            }
          ]
        }
      ]
    },
    "Planning Time": 0.319,
    "Triggers": [],
    "Execution Time": 2065.115
  }
]