[
  {
    "Plan": {
      "Node Type": "Aggregate",
      "Strategy": "Plain",
      "Partial Mode": "Finalize",
      "Parallel Aware": false,
      "Startup Cost": 400283.71,
      "Total Cost": 400283.72,
      "Plan Rows": 1,
      "Plan Width": 8,
      "Actual Startup Time": 2461.141,
      "Actual Total Time": 2524.188,
      "Actual Rows": 1,
      "Actual Loops": 1,
      "Plans": [
        {
          "Node Type": "Gather",
          "Parent Relationship": "Outer",
          "Parallel Aware": false,
          "Startup Cost": 400283.09,
          "Total Cost": 400283.7,
          "Plan Rows": 6,
          "Plan Width": 8,
          "Actual Startup Time": 2446.26,
          "Actual Total Time": 2524.175,
          "Actual Rows": 7,
          "Actual Loops": 1,
          "Workers Planned": 6,
          "Workers Launched": 6,
          "Single Copy": false,
          "Plans": [
            {
              "Node Type": "Aggregate",
              "Strategy": "Plain",
              "Partial Mode": "Partial",
              "Parent Relationship": "Outer",
              "Parallel Aware": false,
              "Startup Cost": 399283.09,
              "Total Cost": 399283.1,
              "Plan Rows": 1,
              "Plan Width": 8,
              "Actual Startup Time": 2430.502,
              "Actual Total Time": 2430.505,
              "Actual Rows": 1,
              "Actual Loops": 7,
              "Plans": [
                {
                  "Node Type": "Hash Join",
                  "Parent Relationship": "Outer",
                  "Parallel Aware": true,
                  "Join Type": "Inner",
                  "Startup Cost": 48701.62,
                  "Total Cost": 391062.87,
                  "Plan Rows": 3288086,
                  "Plan Width": 0,
                  "Actual Startup Time": 223.92,
                  "Actual Total Time": 2322.06,
                  "Actual Rows": 2734847,
                  "Actual Loops": 7,
                  "Inner Unique": true,
                  "Hash Cond": "(ci.movie_id = t.id)",
                  "Plans": [
                    {
                      "Node Type": "Seq Scan",
                      "Parent Relationship": "Outer",
                      "Parallel Aware": true,
                      "Relation Name": "cast_info",
                      "Alias": "ci",
                      "Startup Cost": 0.0,
                      "Total Cost": 328162.03,
                      "Plan Rows": 5409222,
                      "Plan Width": 4,
                      "Actual Startup Time": 36.977,
                      "Actual Total Time": 600.39,
                      "Actual Rows": 4620163,
                      "Actual Loops": 7,
                      "Filter": "(person_id > 373638)",
                      "Rows Removed by Filter": 557601
                    },
                    {
                      "Node Type": "Hash",
                      "Parent Relationship": "Inner",
                      "Parallel Aware": true,
                      "Startup Cost": 43898.92,
                      "Total Cost": 43898.92,
                      "Plan Rows": 384216,
                      "Plan Width": 4,
                      "Actual Startup Time": 181.782,
                      "Actual Total Time": 181.783,
                      "Actual Rows": 220466,
                      "Actual Loops": 7,
                      "Hash Buckets": 2097152,
                      "Original Hash Buckets": 2097152,
                      "Hash Batches": 1,
                      "Original Hash Batches": 1,
                      "Peak Memory Usage": 76896,
                      "Plans": [
                        {
                          "Node Type": "Seq Scan",
                          "Parent Relationship": "Outer",
                          "Parallel Aware": true,
                          "Relation Name": "title",
                          "Alias": "t",
                          "Startup Cost": 0.0,
                          "Total Cost": 43898.92,
                          "Plan Rows": 384216,
                          "Plan Width": 4,
                          "Actual Startup Time": 0.066,
                          "Actual Total Time": 74.769,
                          "Actual Rows": 220466,
                          "Actual Loops": 7,
                          "Filter": "(kind_id = 7)",
                          "Rows Removed by Filter": 140721
                        }
                      ]
                    }
                  ]
                }
              ]
            }
          ]
        }
      ]
    },
    "Planning Time": 0.747,
    "Triggers": [],
    "Execution Time": 2524.277
  }
]