{
  "Plan": {
    "Node Type": "Aggregate",
    "Strategy": "Plain",
    "Partial Mode": "Finalize",
    "Parallel Aware": false,
    "Startup Cost": 614918.29,
    "Total Cost": 614918.3,
    "Plan Rows": 1,
    "Plan Width": 8,
    "Actual Startup Time": 3886.048,
    "Actual Total Time": 3952.224,
    "Actual Rows": 1,
    "Actual Loops": 1,
    "Plans": [
      {
        "Node Type": "Gather",
        "Parent Relationship": "Outer",
        "Parallel Aware": false,
        "Startup Cost": 614918.18,
        "Total Cost": 614918.29,
        "Plan Rows": 1,
        "Plan Width": 8,
        "Actual Startup Time": 3882.785,
        "Actual Total Time": 3952.214,
        "Actual Rows": 2,
        "Actual Loops": 1,
        "Workers Planned": 1,
        "Workers Launched": 1,
        "Single Copy": false,
        "Plans": [
          {
            "Node Type": "Aggregate",
            "Strategy": "Plain",
            "Partial Mode": "Partial",
            "Parent Relationship": "Outer",
            "Parallel Aware": false,
            "Startup Cost": 613918.18,
            "Total Cost": 613918.19,
            "Plan Rows": 1,
            "Plan Width": 8,
            "Actual Startup Time": 3878.311,
            "Actual Total Time": 3878.315,
            "Actual Rows": 1,
            "Actual Loops": 2,
            "Plans": [
              {
                "Node Type": "Hash Join",
                "Parent Relationship": "Outer",
                "Parallel Aware": true,
                "Join Type": "Inner",
                "Startup Cost": 65517.12,
                "Total Cost": 606005.9,
                "Plan Rows": 3164914,
                "Plan Width": 0,
                "Actual Startup Time": 364.358,
                "Actual Total Time": 3763.294,
                "Actual Rows": 2767328,
                "Actual Loops": 2,
                "Inner Unique": true,
                "Hash Cond": "(ci.movie_id = t.id)",
                "Plans": [
                  {
                    "Node Type": "Seq Scan",
                    "Parent Relationship": "Outer",
                    "Parallel Aware": true,
                    "Relation Name": "cast_info",
                    "Alias": "ci",
                    "Startup Cost": 0.0,
                    "Total Cost": 519069.44,
                    "Plan Rows": 8159735,
                    "Plan Width": 4,
                    "Actual Startup Time": 0.016,
                    "Actual Total Time": 1426.243,
                    "Actual Rows": 6945555,
                    "Actual Loops": 2,
                    "Filter": "(person_id < 1368662)",
                    "Rows Removed by Filter": 11176617
                  },
                  {
                    "Node Type": "Hash",
                    "Parent Relationship": "Inner",
                    "Parallel Aware": true,
                    "Startup Cost": 58306.47,
                    "Total Cost": 58306.47,
                    "Plan Rows": 576852,
                    "Plan Width": 4,
                    "Actual Startup Time": 356.702,
                    "Actual Total Time": 356.703,
                    "Actual Rows": 537246,
                    "Actual Loops": 2,
                    "Hash Buckets": 2097152,
                    "Original Hash Buckets": 1048576,
                    "Hash Batches": 1,
                    "Original Hash Batches": 1,
                    "Peak Memory Usage": 66656,
                    "Plans": [
                      {
                        "Node Type": "Seq Scan",
                        "Parent Relationship": "Outer",
                        "Parallel Aware": true,
                        "Relation Name": "title",
                        "Alias": "t",
                        "Startup Cost": 0.0,
                        "Total Cost": 58306.47,
                        "Plan Rows": 576852,
                        "Plan Width": 4,
                        "Actual Startup Time": 0.021,
                        "Actual Total Time": 169.598,
                        "Actual Rows": 537246,
                        "Actual Loops": 2,
                        "Filter": "((production_year > 1995) AND (kind_id = 7))",
                        "Rows Removed by Filter": 726910
                      }
                    ]
                  }
                ]
              }
            ]
          }
        ]
      }
    ]
  },
  "Planning Time": 0.612,
  "Triggers": [],
  "Execution Time": 3952.301
}