[
  {
    "Plan": {
      "Node Type": "Aggregate",
      "Strategy": "Plain",
      "Partial Mode": "Finalize",
      "Parallel Aware": false,
      "Startup Cost": 32720.07,
      "Total Cost": 32720.08,
      "Plan Rows": 1,
      "Plan Width": 8,
      "Actual Startup Time": 91.549,
      "Actual Total Time": 100.12,
      "Actual Rows": 1,
      "Actual Loops": 1,
      "Plans": [
        {
          "Node Type": "Gather",
          "Parent Relationship": "Outer",
          "Parallel Aware": false,
          "Startup Cost": 32719.76,
          "Total Cost": 32720.07,
          "Plan Rows": 3,
          "Plan Width": 8,
          "Actual Startup Time": 91.386,
          "Actual Total Time": 100.113,
          "Actual Rows": 4,
          "Actual Loops": 1,
          "Workers Planned": 3,
          "Workers Launched": 3,
          "Single Copy": false,
          "Plans": [
            {
              "Node Type": "Aggregate",
              "Strategy": "Plain",
              "Partial Mode": "Partial",
              "Parent Relationship": "Outer",
              "Parallel Aware": false,
              "Startup Cost": 31719.76,
              "Total Cost": 31719.77,
              "Plan Rows": 1,
              "Plan Width": 8,
              "Actual Startup Time": 82.799,
              "Actual Total Time": 82.801,
              "Actual Rows": 1,
              "Actual Loops": 4,
              "Plans": [
                {
                  "Node Type": "Seq Scan",
                  "Parent Relationship": "Outer",
                  "Parallel Aware": true,
                  "Relation Name": "movie_companies",
                  "Alias": "mc",
                  "Startup Cost": 0.0,
                  "Total Cost": 31414.82,
                  "Plan Rows": 121975,
                  "Plan Width": 0,
                  "Actual Startup Time": 49.793,
                  "Actual Total Time": 80.251,
                  "Actual Rows": 54438,
                  "Actual Loops": 4,
                  "Filter": "((company_id < 1446) AND (company_type_id > 1))",
                  "Rows Removed by Filter": 597844
                }
              ]
            }
          ]
        }
      ]
    },
    "Planning Time": 0.154,
    "Triggers": [],
    "Execution Time": 100.16
  }
]