[
  {
    "Plan": {
      "Node Type": "Aggregate",
      "Strategy": "Plain",
      "Partial Mode": "Finalize",
      "Parallel Aware": false,
      "Startup Cost": 47054.46,
      "Total Cost": 47054.47,
      "Plan Rows": 1,
      "Plan Width": 8,
      "Actual Startup Time": 106.413,
      "Actual Total Time": 118.042,
      "Actual Rows": 1,
      "Actual Loops": 1,
      "Plans": [
        {
          "Node Type": "Gather",
          "Parent Relationship": "Outer",
          "Parallel Aware": false,
          "Startup Cost": 47054.04,
          "Total Cost": 47054.45,
          "Plan Rows": 4,
          "Plan Width": 8,
          "Actual Startup Time": 106.155,
          "Actual Total Time": 118.034,
          "Actual Rows": 5,
          "Actual Loops": 1,
          "Workers Planned": 4,
          "Workers Launched": 4,
          "Single Copy": false,
          "Plans": [
            {
              "Node Type": "Aggregate",
              "Strategy": "Plain",
              "Partial Mode": "Partial",
              "Parent Relationship": "Outer",
              "Parallel Aware": false,
              "Startup Cost": 46054.04,
              "Total Cost": 46054.05,
              "Plan Rows": 1,
              "Plan Width": 8,
              "Actual Startup Time": 96.926,
              "Actual Total Time": 96.927,
              "Actual Rows": 1,
              "Actual Loops": 5,
              "Plans": [
                {
                  "Node Type": "Seq Scan",
                  "Parent Relationship": "Outer",
                  "Parallel Aware": true,
                  "Relation Name": "title",
                  "Alias": "t",
                  "Startup Cost": 0.0,
                  "Total Cost": 45479.1,
                  "Plan Rows": 229977,
                  "Plan Width": 0,
                  "Actual Startup Time": 0.042,
                  "Actual Total Time": 89.274,
                  "Actual Rows": 173053,
                  "Actual Loops": 5,
                  "Filter": "((kind_id < 7) AND (production_year > 1928))",
                  "Rows Removed by Filter": 332609
                }
              ]
            }
          ]
        }
      ]
    },
    "Planning Time": 0.159,
    "Triggers": [],
    "Execution Time": 118.097
  }
]