[
    {
        "Bao": {
            "Bao prediction": 452.409,
            "Bao recommended hint": "SET enable_mergejoin TO off; SET enable_indexscan TO off; "
        }
    },
    {
        "Plan": {
            "Node Type": "Aggregate",
            "Strategy": "Plain",
            "Partial Mode": "Finalize",
            "Parallel Aware": false,
            "Startup Cost": 345440.06,
            "Total Cost": 345440.07,
            "Plan Rows": 1,
            "Plan Width": 8,
            "Actual Startup Time": 755.846,
            "Actual Total Time": 786.998,
            "Actual Rows": 1,
            "Actual Loops": 1,
            "Output": [
                "count(*)"
            ],
            "Plans": [
                {
                    "Node Type": "Gather",
                    "Parent Relationship": "Outer",
                    "Parallel Aware": false,
                    "Startup Cost": 345439.44,
                    "Total Cost": 345440.05,
                    "Plan Rows": 6,
                    "Plan Width": 8,
                    "Actual Startup Time": 755.738,
                    "Actual Total Time": 786.989,
                    "Actual Rows": 7,
                    "Actual Loops": 1,
                    "Output": [
                        "(PARTIAL count(*))"
                    ],
                    "Workers Planned": 6,
                    "Workers Launched": 6,
                    "Single Copy": false,
                    "Plans": [
                        {
                            "Node Type": "Aggregate",
                            "Strategy": "Plain",
                            "Partial Mode": "Partial",
                            "Parent Relationship": "Outer",
                            "Parallel Aware": false,
                            "Startup Cost": 344439.44,
                            "Total Cost": 344439.45,
                            "Plan Rows": 1,
                            "Plan Width": 8,
                            "Actual Startup Time": 746.372,
                            "Actual Total Time": 746.373,
                            "Actual Rows": 1,
                            "Actual Loops": 7,
                            "Output": [
                                "PARTIAL count(*)"
                            ],
                            "Workers": [
                                {
                                    "Worker Number": 0,
                                    "Actual Startup Time": 744.276,
                                    "Actual Total Time": 744.277,
                                    "Actual Rows": 1,
                                    "Actual Loops": 1
                                },
                                {
                                    "Worker Number": 1,
                                    "Actual Startup Time": 744.624,
                                    "Actual Total Time": 744.625,
                                    "Actual Rows": 1,
                                    "Actual Loops": 1
                                },
                                {
                                    "Worker Number": 2,
                                    "Actual Startup Time": 744.623,
                                    "Actual Total Time": 744.624,
                                    "Actual Rows": 1,
                                    "Actual Loops": 1
                                },
                                {
                                    "Worker Number": 3,
                                    "Actual Startup Time": 745.18,
                                    "Actual Total Time": 745.182,
                                    "Actual Rows": 1,
                                    "Actual Loops": 1
                                },
                                {
                                    "Worker Number": 4,
                                    "Actual Startup Time": 745.506,
                                    "Actual Total Time": 745.507,
                                    "Actual Rows": 1,
                                    "Actual Loops": 1
                                },
                                {
                                    "Worker Number": 5,
                                    "Actual Startup Time": 745.53,
                                    "Actual Total Time": 745.531,
                                    "Actual Rows": 1,
                                    "Actual Loops": 1
                                }
                            ],
                            "Plans": [
                                {
                                    "Node Type": "Seq Scan",
                                    "Parent Relationship": "Outer",
                                    "Parallel Aware": true,
                                    "Relation Name": "cast_info",
                                    "Schema": "public",
                                    "Alias": "ci",
                                    "Startup Cost": 0.0,
                                    "Total Cost": 343318.94,
                                    "Plan Rows": 448199,
                                    "Plan Width": 0,
                                    "Actual Startup Time": 637.846,
                                    "Actual Total Time": 738.428,
                                    "Actual Rows": 128747,
                                    "Actual Loops": 7,
                                    "Output": [
                                        "id",
                                        "person_id",
                                        "movie_id",
                                        "person_role_id",
                                        "note",
                                        "nr_order",
                                        "role_id"
                                    ],
                                    "Filter": "((ci.person_id < 2162791) AND (ci.role_id > 9))",
                                    "Rows Removed by Filter": 5049017,
                                    "Workers": [
                                        {
                                            "Worker Number": 0,
                                            "Actual Startup Time": 635.758,
                                            "Actual Total Time": 736.761,
                                            "Actual Rows": 106318,
                                            "Actual Loops": 1
                                        },
                                        {
                                            "Worker Number": 1,
                                            "Actual Startup Time": 636.108,
                                            "Actual Total Time": 736.865,
                                            "Actual Rows": 109865,
                                            "Actual Loops": 1
                                        },
                                        {
                                            "Worker Number": 2,
                                            "Actual Startup Time": 636.087,
                                            "Actual Total Time": 736.826,
                                            "Actual Rows": 110684,
                                            "Actual Loops": 1
                                        },
                                        {
                                            "Worker Number": 3,
                                            "Actual Startup Time": 636.67,
                                            "Actual Total Time": 737.475,
                                            "Actual Rows": 109636,
                                            "Actual Loops": 1
                                        },
                                        {
                                            "Worker Number": 4,
                                            "Actual Startup Time": 636.962,
                                            "Actual Total Time": 737.6,
                                            "Actual Rows": 112603,
                                            "Actual Loops": 1
                                        },
                                        {
                                            "Worker Number": 5,
                                            "Actual Startup Time": 637.008,
                                            "Actual Total Time": 737.837,
                                            "Actual Rows": 109639,
                                            "Actual Loops": 1
                                        }
                                    ]
                                }
                            ]
                        }
                    ]
                }
            ]
        },
        "Planning Time": 896.918,
        "Triggers": [],
        "Execution Time": 787.092
    }
]