[
  {
    "Plan": {
      "Node Type": "Aggregate",
      "Strategy": "Plain",
      "Partial Mode": "Simple",
      "Parallel Aware": false,
      "Startup Cost": 3281.12,
      "Total Cost": 3281.13,
      "Plan Rows": 1,
      "Plan Width": 8,
      "Actual Startup Time": 32.818,
      "Actual Total Time": 32.82,
      "Actual Rows": 1,
      "Actual Loops": 1,
      "Plans": [
        {
          "Node Type": "Nested Loop",
          "Parent Relationship": "Outer",
          "Parallel Aware": false,
          "Join Type": "Inner",
          "Startup Cost": 7.22,
          "Total Cost": 3279.39,
          "Plan Rows": 692,
          "Plan Width": 0,
          "Actual Startup Time": 4.101,
          "Actual Total Time": 32.448,
          "Actual Rows": 1813,
          "Actual Loops": 1,
          "Inner Unique": false,
          "Plans": [
            {
              "Node Type": "Nested Loop",
              "Parent Relationship": "Outer",
              "Parallel Aware": false,
              "Join Type": "Inner",
              "Startup Cost": 6.78,
              "Total Cost": 3007.2,
              "Plan Rows": 118,
              "Plan Width": 8,
              "Actual Startup Time": 4.081,
              "Actual Total Time": 27.199,
              "Actual Rows": 143,
              "Actual Loops": 1,
              "Inner Unique": true,
              "Plans": [
                {
                  "Node Type": "Bitmap Heap Scan",
                  "Parent Relationship": "Outer",
                  "Parallel Aware": false,
                  "Relation Name": "movie_keyword",
                  "Alias": "mk",
                  "Startup Cost": 6.35,
                  "Total Cost": 922.98,
                  "Plan Rows": 248,
                  "Plan Width": 4,
                  "Actual Startup Time": 3.996,
                  "Actual Total Time": 9.524,
                  "Actual Rows": 2620,
                  "Actual Loops": 1,
                  "Recheck Cond": "(keyword_id = 1013)",
                  "Rows Removed by Index Recheck": 0,
                  "Exact Heap Blocks": 2399,
                  "Lossy Heap Blocks": 0,
                  "Plans": [
                    {
                      "Node Type": "Bitmap Index Scan",
                      "Parent Relationship": "Outer",
                      "Parallel Aware": false,
                      "Index Name": "keyword_id_movie_keyword",
                      "Startup Cost": 0.0,
                      "Total Cost": 6.29,
                      "Plan Rows": 248,
                      "Plan Width": 0,
                      "Actual Startup Time": 2.997,
                      "Actual Total Time": 2.998,
                      "Actual Rows": 2620,
                      "Actual Loops": 1,
                      "Index Cond": "(keyword_id = 1013)"
                    }
                  ]
                },
                {
                  "Node Type": "Index Scan",
                  "Parent Relationship": "Inner",
                  "Parallel Aware": false,
                  "Scan Direction": "Forward",
                  "Index Name": "title_pkey",
                  "Relation Name": "title",
                  "Alias": "t",
                  "Startup Cost": 0.43,
                  "Total Cost": 8.4,
                  "Plan Rows": 1,
                  "Plan Width": 4,
                  "Actual Startup Time": 0.006,
                  "Actual Total Time": 0.006,
                  "Actual Rows": 0,
                  "Actual Loops": 2620,
                  "Index Cond": "(id = mk.movie_id)",
                  "Rows Removed by Index Recheck": 0,
                  "Filter": "((production_year > 1977) AND (kind_id = 7))",
                  "Rows Removed by Filter": 1
                }
              ]
            },
            {
              "Node Type": "Index Only Scan",
              "Parent Relationship": "Inner",
              "Parallel Aware": false,
              "Scan Direction": "Forward",
              "Index Name": "movie_id_movie_info",
              "Relation Name": "movie_info",
              "Alias": "mi",
              "Startup Cost": 0.43,
              "Total Cost": 1.89,
              "Plan Rows": 42,
              "Plan Width": 4,
              "Actual Startup Time": 0.014,
              "Actual Total Time": 0.033,
              "Actual Rows": 13,
              "Actual Loops": 143,
              "Index Cond": "(movie_id = t.id)",
              "Rows Removed by Index Recheck": 0,
              "Heap Fetches": 1813
            }
          ]
        }
      ]
    },
    "Planning Time": 1.456,
    "Triggers": [],
    "Execution Time": 32.908
  }
]