[
  {
    "Plan": {
      "Node Type": "Aggregate",
      "Strategy": "Plain",
      "Partial Mode": "Finalize",
      "Parallel Aware": false,
      "Startup Cost": 267259.24,
      "Total Cost": 267259.25,
      "Plan Rows": 1,
      "Plan Width": 8,
      "Actual Startup Time": 67.881,
      "Actual Total Time": 72.53,
      "Actual Rows": 1,
      "Actual Loops": 1,
      "Plans": [
        {
          "Node Type": "Gather",
          "Parent Relationship": "Outer",
          "Parallel Aware": false,
          "Startup Cost": 267258.61,
          "Total Cost": 267259.22,
          "Plan Rows": 6,
          "Plan Width": 8,
          "Actual Startup Time": 67.455,
          "Actual Total Time": 72.519,
          "Actual Rows": 7,
          "Actual Loops": 1,
          "Workers Planned": 6,
          "Workers Launched": 6,
          "Single Copy": false,
          "Plans": [
            {
              "Node Type": "Aggregate",
              "Strategy": "Plain",
              "Partial Mode": "Partial",
              "Parent Relationship": "Outer",
              "Parallel Aware": false,
              "Startup Cost": 266258.61,
              "Total Cost": 266258.62,
              "Plan Rows": 1,
              "Plan Width": 8,
              "Actual Startup Time": 61.662,
              "Actual Total Time": 61.664,
              "Actual Rows": 1,
              "Actual Loops": 7,
              "Plans": [
                {
                  "Node Type": "Bitmap Heap Scan",
                  "Parent Relationship": "Outer",
                  "Parallel Aware": true,
                  "Relation Name": "cast_info",
                  "Alias": "ci",
                  "Startup Cost": 12191.36,
                  "Total Cost": 266028.57,
                  "Plan Rows": 92017,
                  "Plan Width": 0,
                  "Actual Startup Time": 27.499,
                  "Actual Total Time": 56.542,
                  "Actual Rows": 72104,
                  "Actual Loops": 7,
                  "Recheck Cond": "(person_id > 3965779)",
                  "Rows Removed by Index Recheck": 0,
                  "Exact Heap Blocks": 2619,
                  "Lossy Heap Blocks": 0,
                  "Plans": [
                    {
                      "Node Type": "Bitmap Index Scan",
                      "Parent Relationship": "Outer",
                      "Parallel Aware": false,
                      "Index Name": "person_id_cast_info",
                      "Startup Cost": 0.0,
                      "Total Cost": 12053.33,
                      "Plan Rows": 552102,
                      "Plan Width": 0,
                      "Actual Startup Time": 31.345,
                      "Actual Total Time": 31.345,
                      "Actual Rows": 504731,
                      "Actual Loops": 1,
                      "Index Cond": "(person_id > 3965779)"
                    }
                  ]
                }
              ]
            }
          ]
        }
      ]
    },
    "Planning Time": 0.272,
    "Triggers": [],
    "Execution Time": 72.583
  }
]