[
  {
    "Plan": {
      "Node Type": "Aggregate",
      "Strategy": "Plain",
      "Partial Mode": "Simple",
      "Parallel Aware": false,
      "Startup Cost": 3019.06,
      "Total Cost": 3019.07,
      "Plan Rows": 1,
      "Plan Width": 8,
      "Actual Startup Time": 11.875,
      "Actual Total Time": 11.877,
      "Actual Rows": 1,
      "Actual Loops": 1,
      "Plans": [
        {
          "Node Type": "Nested Loop",
          "Parent Relationship": "Outer",
          "Parallel Aware": false,
          "Join Type": "Inner",
          "Startup Cost": 6.79,
          "Total Cost": 3018.6,
          "Plan Rows": 184,
          "Plan Width": 0,
          "Actual Startup Time": 11.31,
          "Actual Total Time": 11.871,
          "Actual Rows": 9,
          "Actual Loops": 1,
          "Inner Unique": true,
          "Plans": [
            {
              "Node Type": "Bitmap Heap Scan",
              "Parent Relationship": "Outer",
              "Parallel Aware": false,
              "Relation Name": "movie_keyword",
              "Alias": "mk",
              "Startup Cost": 6.36,
              "Total Cost": 926.55,
              "Plan Rows": 249,
              "Plan Width": 4,
              "Actual Startup Time": 11.287,
              "Actual Total Time": 11.411,
              "Actual Rows": 46,
              "Actual Loops": 1,
              "Recheck Cond": "(keyword_id = 11552)",
              "Rows Removed by Index Recheck": 0,
              "Exact Heap Blocks": 45,
              "Lossy Heap Blocks": 0,
              "Plans": [
                {
                  "Node Type": "Bitmap Index Scan",
                  "Parent Relationship": "Outer",
                  "Parallel Aware": false,
                  "Index Name": "keyword_id_movie_keyword",
                  "Startup Cost": 0.0,
                  "Total Cost": 6.3,
                  "Plan Rows": 249,
                  "Plan Width": 0,
                  "Actual Startup Time": 11.273,
                  "Actual Total Time": 11.273,
                  "Actual Rows": 46,
                  "Actual Loops": 1,
                  "Index Cond": "(keyword_id = 11552)"
                }
              ]
            },
            {
              "Node Type": "Index Scan",
              "Parent Relationship": "Inner",
              "Parallel Aware": false,
              "Scan Direction": "Forward",
              "Index Name": "title_pkey",
              "Relation Name": "title",
              "Alias": "t",
              "Startup Cost": 0.43,
              "Total Cost": 8.4,
              "Plan Rows": 1,
              "Plan Width": 4,
              "Actual Startup Time": 0.01,
              "Actual Total Time": 0.01,
              "Actual Rows": 0,
              "Actual Loops": 46,
              "Index Cond": "(id = mk.movie_id)",
              "Rows Removed by Index Recheck": 0,
              "Filter": "(kind_id > 1)",
              "Rows Removed by Filter": 1
            }
          ]
        }
      ]
    },
    "Planning Time": 0.252,
    "Triggers": [],
    "Execution Time": 11.909
  }
]