[
  {
    "Plan": {
      "Node Type": "Aggregate",
      "Strategy": "Plain",
      "Partial Mode": "Finalize",
      "Parallel Aware": false,
      "Startup Cost": 113627.82,
      "Total Cost": 113627.83,
      "Plan Rows": 1,
      "Plan Width": 8,
      "Actual Startup Time": 62.324,
      "Actual Total Time": 70.856,
      "Actual Rows": 1,
      "Actual Loops": 1,
      "Plans": [
        {
          "Node Type": "Gather",
          "Parent Relationship": "Outer",
          "Parallel Aware": false,
          "Startup Cost": 113627.4,
          "Total Cost": 113627.81,
          "Plan Rows": 4,
          "Plan Width": 8,
          "Actual Startup Time": 62.169,
          "Actual Total Time": 70.85,
          "Actual Rows": 5,
          "Actual Loops": 1,
          "Workers Planned": 4,
          "Workers Launched": 4,
          "Single Copy": false,
          "Plans": [
            {
              "Node Type": "Aggregate",
              "Strategy": "Plain",
              "Partial Mode": "Partial",
              "Parent Relationship": "Outer",
              "Parallel Aware": false,
              "Startup Cost": 112627.4,
              "Total Cost": 112627.41,
              "Plan Rows": 1,
              "Plan Width": 8,
              "Actual Startup Time": 51.92,
              "Actual Total Time": 51.922,
              "Actual Rows": 1,
              "Actual Loops": 5,
              "Plans": [
                {
                  "Node Type": "Nested Loop",
                  "Parent Relationship": "Outer",
                  "Parallel Aware": false,
                  "Join Type": "Inner",
                  "Startup Cost": 565.46,
                  "Total Cost": 112607.99,
                  "Plan Rows": 7761,
                  "Plan Width": 0,
                  "Actual Startup Time": 2.675,
                  "Actual Total Time": 51.176,
                  "Actual Rows": 6411,
                  "Actual Loops": 5,
                  "Inner Unique": true,
                  "Plans": [
                    {
                      "Node Type": "Bitmap Heap Scan",
                      "Parent Relationship": "Outer",
                      "Parallel Aware": true,
                      "Relation Name": "movie_info",
                      "Alias": "mi",
                      "Startup Cost": 565.03,
                      "Total Cost": 78439.95,
                      "Plan Rows": 7761,
                      "Plan Width": 4,
                      "Actual Startup Time": 2.448,
                      "Actual Total Time": 10.411,
                      "Actual Rows": 6411,
                      "Actual Loops": 5,
                      "Recheck Cond": "(info_type_id > 108)",
                      "Rows Removed by Index Recheck": 0,
                      "Exact Heap Blocks": 1419,
                      "Lossy Heap Blocks": 0,
                      "Plans": [
                        {
                          "Node Type": "Bitmap Index Scan",
                          "Parent Relationship": "Outer",
                          "Parallel Aware": false,
                          "Index Name": "info_type_id_movie_info",
                          "Startup Cost": 0.0,
                          "Total Cost": 557.26,
                          "Plan Rows": 31044,
                          "Plan Width": 0,
                          "Actual Startup Time": 9.239,
                          "Actual Total Time": 9.239,
                          "Actual Rows": 32053,
                          "Actual Loops": 1,
                          "Index Cond": "(info_type_id > 108)"
                        }
                      ]
                    },
                    {
                      "Node Type": "Index Only Scan",
                      "Parent Relationship": "Inner",
                      "Parallel Aware": false,
                      "Scan Direction": "Forward",
                      "Index Name": "title_pkey",
                      "Relation Name": "title",
                      "Alias": "t",
                      "Startup Cost": 0.43,
                      "Total Cost": 4.4,
                      "Plan Rows": 1,
                      "Plan Width": 4,
                      "Actual Startup Time": 0.006,
                      "Actual Total Time": 0.006,
                      "Actual Rows": 1,
                      "Actual Loops": 32053,
                      "Index Cond": "(id = mi.movie_id)",
                      "Rows Removed by Index Recheck": 0,
                      "Heap Fetches": 32053
                    }
                  ]
                }
              ]
            }
          ]
        }
      ]
    },
    "Planning Time": 0.62,
    "Triggers": [],
    "Execution Time": 70.939
  }
]