[
  {
    "Plan": {
      "Node Type": "Aggregate",
      "Strategy": "Plain",
      "Partial Mode": "Finalize",
      "Parallel Aware": false,
      "Startup Cost": 322674.17,
      "Total Cost": 322674.18,
      "Plan Rows": 1,
      "Plan Width": 8,
      "Actual Startup Time": 268.087,
      "Actual Total Time": 313.839,
      "Actual Rows": 1,
      "Actual Loops": 1,
      "Plans": [
        {
          "Node Type": "Gather",
          "Parent Relationship": "Outer",
          "Parallel Aware": false,
          "Startup Cost": 322673.75,
          "Total Cost": 322674.16,
          "Plan Rows": 4,
          "Plan Width": 8,
          "Actual Startup Time": 267.939,
          "Actual Total Time": 313.829,
          "Actual Rows": 5,
          "Actual Loops": 1,
          "Workers Planned": 4,
          "Workers Launched": 4,
          "Single Copy": false,
          "Plans": [
            {
              "Node Type": "Aggregate",
              "Strategy": "Plain",
              "Partial Mode": "Partial",
              "Parent Relationship": "Outer",
              "Parallel Aware": false,
              "Startup Cost": 321673.75,
              "Total Cost": 321673.76,
              "Plan Rows": 1,
              "Plan Width": 8,
              "Actual Startup Time": 257.75,
              "Actual Total Time": 257.751,
              "Actual Rows": 1,
              "Actual Loops": 5,
              "Plans": [
                {
                  "Node Type": "Nested Loop",
                  "Parent Relationship": "Outer",
                  "Parallel Aware": false,
                  "Join Type": "Inner",
                  "Startup Cost": 0.56,
                  "Total Cost": 321516.54,
                  "Plan Rows": 62883,
                  "Plan Width": 0,
                  "Actual Startup Time": 58.703,
                  "Actual Total Time": 253.406,
                  "Actual Rows": 42114,
                  "Actual Loops": 5,
                  "Inner Unique": false,
                  "Plans": [
                    {
                      "Node Type": "Seq Scan",
                      "Parent Relationship": "Outer",
                      "Parallel Aware": true,
                      "Relation Name": "title",
                      "Alias": "t",
                      "Startup Cost": 0.0,
                      "Total Cost": 45479.1,
                      "Plan Rows": 4388,
                      "Plan Width": 4,
                      "Actual Startup Time": 58.58,
                      "Actual Total Time": 86.05,
                      "Actual Rows": 2156,
                      "Actual Loops": 5,
                      "Filter": "((kind_id = 1) AND (production_year = 2003))",
                      "Rows Removed by Filter": 503506
                    },
                    {
                      "Node Type": "Index Only Scan",
                      "Parent Relationship": "Inner",
                      "Parallel Aware": false,
                      "Scan Direction": "Forward",
                      "Index Name": "movie_id_cast_info",
                      "Relation Name": "cast_info",
                      "Alias": "ci",
                      "Startup Cost": 0.56,
                      "Total Cost": 62.54,
                      "Plan Rows": 37,
                      "Plan Width": 4,
                      "Actual Startup Time": 0.012,
                      "Actual Total Time": 0.075,
                      "Actual Rows": 20,
                      "Actual Loops": 10782,
                      "Index Cond": "(movie_id = t.id)",
                      "Rows Removed by Index Recheck": 0,
                      "Heap Fetches": 210571
                    }
                  ]
                }
              ]
            }
          ]
        }
      ]
    },
    "Planning Time": 0.651,
    "Triggers": [],
    "Execution Time": 314.014
  }
]