[
  {
    "Plan": {
      "Node Type": "Aggregate",
      "Strategy": "Plain",
      "Partial Mode": "Finalize",
      "Parallel Aware": false,
      "Startup Cost": 26542.25,
      "Total Cost": 26542.26,
      "Plan Rows": 1,
      "Plan Width": 8,
      "Actual Startup Time": 64.134,
      "Actual Total Time": 67.76,
      "Actual Rows": 1,
      "Actual Loops": 1,
      "Plans": [
        {
          "Node Type": "Gather",
          "Parent Relationship": "Outer",
          "Parallel Aware": false,
          "Startup Cost": 26541.94,
          "Total Cost": 26542.25,
          "Plan Rows": 3,
          "Plan Width": 8,
          "Actual Startup Time": 63.963,
          "Actual Total Time": 67.753,
          "Actual Rows": 4,
          "Actual Loops": 1,
          "Workers Planned": 3,
          "Workers Launched": 3,
          "Single Copy": false,
          "Plans": [
            {
              "Node Type": "Aggregate",
              "Strategy": "Plain",
              "Partial Mode": "Partial",
              "Parent Relationship": "Outer",
              "Parallel Aware": false,
              "Startup Cost": 25541.94,
              "Total Cost": 25541.95,
              "Plan Rows": 1,
              "Plan Width": 8,
              "Actual Startup Time": 58.5,
              "Actual Total Time": 58.501,
              "Actual Rows": 1,
              "Actual Loops": 4,
              "Plans": [
                {
                  "Node Type": "Bitmap Heap Scan",
                  "Parent Relationship": "Outer",
                  "Parallel Aware": true,
                  "Relation Name": "movie_companies",
                  "Alias": "mc",
                  "Startup Cost": 5429.5,
                  "Total Cost": 25438.14,
                  "Plan Rows": 41520,
                  "Plan Width": 0,
                  "Actual Startup Time": 23.802,
                  "Actual Total Time": 54.004,
                  "Actual Rows": 61789,
                  "Actual Loops": 4,
                  "Recheck Cond": "(company_id > 101634)",
                  "Rows Removed by Index Recheck": 0,
                  "Filter": "(company_type_id > 1)",
                  "Rows Removed by Filter": 0,
                  "Exact Heap Blocks": 2362,
                  "Lossy Heap Blocks": 0,
                  "Plans": [
                    {
                      "Node Type": "Bitmap Index Scan",
                      "Parent Relationship": "Outer",
                      "Parallel Aware": false,
                      "Index Name": "company_id_movie_companies",
                      "Startup Cost": 0.0,
                      "Total Cost": 5397.32,
                      "Plan Rows": 251852,
                      "Plan Width": 0,
                      "Actual Startup Time": 27.331,
                      "Actual Total Time": 27.331,
                      "Actual Rows": 247157,
                      "Actual Loops": 1,
                      "Index Cond": "(company_id > 101634)"
                    }
                  ]
                }
              ]
            }
          ]
        }
      ]
    },
    "Planning Time": 0.224,
    "Triggers": [],
    "Execution Time": 67.834
  }
]