[
  {
    "Plan": {
      "Node Type": "Aggregate",
      "Strategy": "Plain",
      "Partial Mode": "Finalize",
      "Parallel Aware": false,
      "Startup Cost": 222507.77,
      "Total Cost": 222507.78,
      "Plan Rows": 1,
      "Plan Width": 8,
      "Actual Startup Time": 142.896,
      "Actual Total Time": 166.527,
      "Actual Rows": 1,
      "Actual Loops": 1,
      "Plans": [
        {
          "Node Type": "Gather",
          "Parent Relationship": "Outer",
          "Parallel Aware": false,
          "Startup Cost": 222507.35,
          "Total Cost": 222507.76,
          "Plan Rows": 4,
          "Plan Width": 8,
          "Actual Startup Time": 142.773,
          "Actual Total Time": 166.52,
          "Actual Rows": 5,
          "Actual Loops": 1,
          "Workers Planned": 4,
          "Workers Launched": 4,
          "Single Copy": false,
          "Plans": [
            {
              "Node Type": "Aggregate",
              "Strategy": "Plain",
              "Partial Mode": "Partial",
              "Parent Relationship": "Outer",
              "Parallel Aware": false,
              "Startup Cost": 221507.35,
              "Total Cost": 221507.36,
              "Plan Rows": 1,
              "Plan Width": 8,
              "Actual Startup Time": 133.32,
              "Actual Total Time": 133.321,
              "Actual Rows": 1,
              "Actual Loops": 5,
              "Plans": [
                {
                  "Node Type": "Nested Loop",
                  "Parent Relationship": "Outer",
                  "Parallel Aware": false,
                  "Join Type": "Inner",
                  "Startup Cost": 0.43,
                  "Total Cost": 221497.57,
                  "Plan Rows": 3913,
                  "Plan Width": 0,
                  "Actual Startup Time": 0.957,
                  "Actual Total Time": 133.06,
                  "Actual Rows": 3447,
                  "Actual Loops": 5,
                  "Inner Unique": false,
                  "Plans": [
                    {
                      "Node Type": "Seq Scan",
                      "Parent Relationship": "Outer",
                      "Parallel Aware": true,
                      "Relation Name": "title",
                      "Alias": "t",
                      "Startup Cost": 0.0,
                      "Total Cost": 45479.1,
                      "Plan Rows": 3317,
                      "Plan Width": 4,
                      "Actual Startup Time": 0.743,
                      "Actual Total Time": 73.201,
                      "Actual Rows": 1819,
                      "Actual Loops": 5,
                      "Filter": "((kind_id < 3) AND (production_year = 1998))",
                      "Rows Removed by Filter": 503844
                    },
                    {
                      "Node Type": "Index Scan",
                      "Parent Relationship": "Inner",
                      "Parallel Aware": false,
                      "Scan Direction": "Forward",
                      "Index Name": "movie_id_movie_info",
                      "Relation Name": "movie_info",
                      "Alias": "mi",
                      "Startup Cost": 0.43,
                      "Total Cost": 52.99,
                      "Plan Rows": 8,
                      "Plan Width": 4,
                      "Actual Startup Time": 0.022,
                      "Actual Total Time": 0.032,
                      "Actual Rows": 2,
                      "Actual Loops": 9093,
                      "Index Cond": "(movie_id = t.id)",
                      "Rows Removed by Index Recheck": 0,
                      "Filter": "(info_type_id = 16)",
                      "Rows Removed by Filter": 12
                    }
                  ]
                }
              ]
            }
          ]
        }
      ]
    },
    "Planning Time": 0.642,
    "Triggers": [],
    "Execution Time": 166.604
  }
]