[
    {
        "Bao": {
            "Bao prediction": 486.331,
            "Bao recommended hint": "(no hint)"
        }
    },
    {
        "Plan": {
            "Node Type": "Aggregate",
            "Strategy": "Plain",
            "Partial Mode": "Finalize",
            "Parallel Aware": false,
            "Startup Cost": 9901.96,
            "Total Cost": 9901.97,
            "Plan Rows": 1,
            "Plan Width": 8,
            "Actual Startup Time": 43.186,
            "Actual Total Time": 45.373,
            "Actual Rows": 1,
            "Actual Loops": 1,
            "Output": [
                "count(*)"
            ],
            "Plans": [
                {
                    "Node Type": "Gather",
                    "Parent Relationship": "Outer",
                    "Parallel Aware": false,
                    "Startup Cost": 9901.64,
                    "Total Cost": 9901.95,
                    "Plan Rows": 3,
                    "Plan Width": 8,
                    "Actual Startup Time": 42.997,
                    "Actual Total Time": 45.366,
                    "Actual Rows": 4,
                    "Actual Loops": 1,
                    "Output": [
                        "(PARTIAL count(*))"
                    ],
                    "Workers Planned": 3,
                    "Workers Launched": 3,
                    "Single Copy": false,
                    "Plans": [
                        {
                            "Node Type": "Aggregate",
                            "Strategy": "Plain",
                            "Partial Mode": "Partial",
                            "Parent Relationship": "Outer",
                            "Parallel Aware": false,
                            "Startup Cost": 8901.64,
                            "Total Cost": 8901.65,
                            "Plan Rows": 1,
                            "Plan Width": 8,
                            "Actual Startup Time": 34.844,
                            "Actual Total Time": 34.845,
                            "Actual Rows": 1,
                            "Actual Loops": 4,
                            "Output": [
                                "PARTIAL count(*)"
                            ],
                            "Workers": [
                                {
                                    "Worker Number": 0,
                                    "Actual Startup Time": 32.014,
                                    "Actual Total Time": 32.015,
                                    "Actual Rows": 1,
                                    "Actual Loops": 1
                                },
                                {
                                    "Worker Number": 1,
                                    "Actual Startup Time": 32.514,
                                    "Actual Total Time": 32.514,
                                    "Actual Rows": 1,
                                    "Actual Loops": 1
                                },
                                {
                                    "Worker Number": 2,
                                    "Actual Startup Time": 32.485,
                                    "Actual Total Time": 32.486,
                                    "Actual Rows": 1,
                                    "Actual Loops": 1
                                }
                            ],
                            "Plans": [
                                {
                                    "Node Type": "Index Scan",
                                    "Parent Relationship": "Outer",
                                    "Parallel Aware": true,
                                    "Scan Direction": "Forward",
                                    "Index Name": "role_id_cast_info",
                                    "Relation Name": "cast_info",
                                    "Schema": "public",
                                    "Alias": "ci",
                                    "Startup Cost": 0.56,
                                    "Total Cost": 8778.4,
                                    "Plan Rows": 49295,
                                    "Plan Width": 0,
                                    "Actual Startup Time": 0.15,
                                    "Actual Total Time": 28.338,
                                    "Actual Rows": 63537,
                                    "Actual Loops": 4,
                                    "Output": [
                                        "id",
                                        "person_id",
                                        "movie_id",
                                        "person_role_id",
                                        "note",
                                        "nr_order",
                                        "role_id"
                                    ],
                                    "Index Cond": "(ci.role_id = 7)",
                                    "Rows Removed by Index Recheck": 0,
                                    "Filter": "(ci.person_id > 1781080)",
                                    "Rows Removed by Filter": 5564,
                                    "Workers": [
                                        {
                                            "Worker Number": 0,
                                            "Actual Startup Time": 0.155,
                                            "Actual Total Time": 26.279,
                                            "Actual Rows": 52909,
                                            "Actual Loops": 1
                                        },
                                        {
                                            "Worker Number": 1,
                                            "Actual Startup Time": 0.243,
                                            "Actual Total Time": 26.655,
                                            "Actual Rows": 56321,
                                            "Actual Loops": 1
                                        },
                                        {
                                            "Worker Number": 2,
                                            "Actual Startup Time": 0.142,
                                            "Actual Total Time": 26.604,
                                            "Actual Rows": 55782,
                                            "Actual Loops": 1
                                        }
                                    ]
                                }
                            ]
                        }
                    ]
                }
            ]
        },
        "Planning Time": 1419.412,
        "Triggers": [],
        "Execution Time": 45.531
    }
]