[
  {
    "Plan": {
      "Node Type": "Aggregate",
      "Strategy": "Plain",
      "Partial Mode": "Finalize",
      "Parallel Aware": false,
      "Startup Cost": 32114.94,
      "Total Cost": 32114.95,
      "Plan Rows": 1,
      "Plan Width": 8,
      "Actual Startup Time": 142.326,
      "Actual Total Time": 152.899,
      "Actual Rows": 1,
      "Actual Loops": 1,
      "Plans": [
        {
          "Node Type": "Gather",
          "Parent Relationship": "Outer",
          "Parallel Aware": false,
          "Startup Cost": 32114.62,
          "Total Cost": 32114.93,
          "Plan Rows": 3,
          "Plan Width": 8,
          "Actual Startup Time": 142.168,
          "Actual Total Time": 152.89,
          "Actual Rows": 4,
          "Actual Loops": 1,
          "Workers Planned": 3,
          "Workers Launched": 3,
          "Single Copy": false,
          "Plans": [
            {
              "Node Type": "Aggregate",
              "Strategy": "Plain",
              "Partial Mode": "Partial",
              "Parent Relationship": "Outer",
              "Parallel Aware": false,
              "Startup Cost": 31114.62,
              "Total Cost": 31114.63,
              "Plan Rows": 1,
              "Plan Width": 8,
              "Actual Startup Time": 134.956,
              "Actual Total Time": 134.957,
              "Actual Rows": 1,
              "Actual Loops": 4,
              "Plans": [
                {
                  "Node Type": "Seq Scan",
                  "Parent Relationship": "Outer",
                  "Parallel Aware": true,
                  "Relation Name": "movie_companies",
                  "Alias": "mc",
                  "Startup Cost": 0.0,
                  "Total Cost": 29310.68,
                  "Plan Rows": 721577,
                  "Plan Width": 0,
                  "Actual Startup Time": 0.033,
                  "Actual Total Time": 100.509,
                  "Actual Rows": 559751,
                  "Actual Loops": 4,
                  "Filter": "(company_id < 85497)",
                  "Rows Removed by Filter": 92531
                }
              ]
            }
          ]
        }
      ]
    },
    "Planning Time": 0.238,
    "Triggers": [],
    "Execution Time": 152.953
  }
]