{
  "Plan": {
    "Node Type": "Aggregate",
    "Strategy": "Plain",
    "Partial Mode": "Simple",
    "Parallel Aware": false,
    "Startup Cost": 968756.72,
    "Total Cost": 968756.73,
    "Plan Rows": 1,
    "Plan Width": 64,
    "Actual Startup Time": 81291.045,
    "Actual Total Time": 81302.977,
    "Actual Rows": 1,
    "Actual Loops": 1,
    "Plans": [
      {
        "Node Type": "Nested Loop",
        "Parent Relationship": "Outer",
        "Parallel Aware": false,
        "Join Type": "Inner",
        "Startup Cost": 861051.66,
        "Total Cost": 968756.71,
        "Plan Rows": 2,
        "Plan Width": 32,
        "Actual Startup Time": 4196.504,
        "Actual Total Time": 81302.401,
        "Actual Rows": 3575,
        "Actual Loops": 1,
        "Inner Unique": false,
        "Join Filter": "(mc.company_id = cn.id)",
        "Rows Removed by Join Filter": 991980781,
        "Plans": [
          {
            "Node Type": "Seq Scan",
            "Parent Relationship": "Outer",
            "Parallel Aware": false,
            "Relation Name": "company_name",
            "Alias": "cn",
            "Startup Cost": 0.0,
            "Total Cost": 5932.46,
            "Plan Rows": 85931,
            "Plan Width": 4,
            "Actual Startup Time": 0.041,
            "Actual Total Time": 79.473,
            "Actual Rows": 84843,
            "Actual Loops": 1,
            "Filter": "((country_code)::text = '[us]'::text)",
            "Rows Removed by Filter": 150154
          },
          {
            "Node Type": "Materialize",
            "Parent Relationship": "Inner",
            "Parallel Aware": false,
            "Startup Cost": 861051.66,
            "Total Cost": 956379.43,
            "Plan Rows": 5,
            "Plan Width": 36,
            "Actual Startup Time": 0.04,
            "Actual Total Time": 0.427,
            "Actual Rows": 11692,
            "Actual Loops": 84843,
            "Plans": [
              {
                "Node Type": "Hash Join",
                "Parent Relationship": "Outer",
                "Parallel Aware": false,
                "Join Type": "Inner",
                "Startup Cost": 861051.66,
                "Total Cost": 956379.41,
                "Plan Rows": 5,
                "Plan Width": 36,
                "Actual Startup Time": 3395.994,
                "Actual Total Time": 4060.612,
                "Actual Rows": 11692,
                "Actual Loops": 1,
                "Inner Unique": false,
                "Hash Cond": "(chn.id = ci.person_role_id)",
                "Plans": [
                  {
                    "Node Type": "Seq Scan",
                    "Parent Relationship": "Outer",
                    "Parallel Aware": false,
                    "Relation Name": "char_name",
                    "Alias": "chn",
                    "Startup Cost": 0.0,
                    "Total Cost": 67850.52,
                    "Plan Rows": 3140252,
                    "Plan Width": 4,
                    "Actual Startup Time": 0.027,
                    "Actual Total Time": 420.985,
                    "Actual Rows": 3140339,
                    "Actual Loops": 1
                  },
                  {
                    "Node Type": "Hash",
                    "Parent Relationship": "Inner",
                    "Parallel Aware": false,
                    "Startup Cost": 861051.6,
                    "Total Cost": 861051.6,
                    "Plan Rows": 5,
                    "Plan Width": 40,
                    "Actual Startup Time": 3395.256,
                    "Actual Total Time": 3407.183,
                    "Actual Rows": 11692,
                    "Actual Loops": 1,
                    "Hash Buckets": 16384,
                    "Original Hash Buckets": 1024,
                    "Hash Batches": 1,
                    "Original Hash Batches": 1,
                    "Peak Memory Usage": 1010,
                    "Plans": [
                      {
                        "Node Type": "Hash Join",
                        "Parent Relationship": "Outer",
                        "Parallel Aware": false,
                        "Join Type": "Inner",
                        "Startup Cost": 829808.94,
                        "Total Cost": 861051.6,
                        "Plan Rows": 5,
                        "Plan Width": 40,
                        "Actual Startup Time": 3255.231,
                        "Actual Total Time": 3404.26,
                        "Actual Rows": 12363,
                        "Actual Loops": 1,
                        "Inner Unique": true,
                        "Hash Cond": "(mi.info_type_id = it.id)",
                        "Plans": [
                          {
                            "Node Type": "Nested Loop",
                            "Parent Relationship": "Outer",
                            "Parallel Aware": false,
                            "Join Type": "Inner",
                            "Startup Cost": 829806.51,
                            "Total Cost": 861047.4,
                            "Plan Rows": 649,
                            "Plan Width": 44,
                            "Actual Startup Time": 3255.179,
                            "Actual Total Time": 3402.621,
                            "Actual Rows": 12363,
                            "Actual Loops": 1,
                            "Inner Unique": false,
                            "Join Filter": "(ci.role_id = rt.id)",
                            "Rows Removed by Join Filter": 0,
                            "Plans": [
                              {
                                "Node Type": "Seq Scan",
                                "Parent Relationship": "Outer",
                                "Parallel Aware": false,
                                "Relation Name": "role_type",
                                "Alias": "rt",
                                "Startup Cost": 0.0,
                                "Total Cost": 1.15,
                                "Plan Rows": 1,
                                "Plan Width": 4,
                                "Actual Startup Time": 0.006,
                                "Actual Total Time": 0.013,
                                "Actual Rows": 1,
                                "Actual Loops": 1,
                                "Filter": "((role)::text = 'actress'::text)",
                                "Rows Removed by Filter": 11
                              },
                              {
                                "Node Type": "Gather",
                                "Parent Relationship": "Inner",
                                "Parallel Aware": false,
                                "Startup Cost": 829806.51,
                                "Total Cost": 860948.95,
                                "Plan Rows": 7784,
                                "Plan Width": 48,
                                "Actual Startup Time": 3255.17,
                                "Actual Total Time": 3401.19,
                                "Actual Rows": 12363,
                                "Actual Loops": 1,
                                "Workers Planned": 3,
                                "Workers Launched": 3,
                                "Single Copy": false,
                                "Plans": [
                                  {
                                    "Node Type": "Hash Join",
                                    "Parent Relationship": "Outer",
                                    "Parallel Aware": true,
                                    "Join Type": "Inner",
                                    "Startup Cost": 828806.51,
                                    "Total Cost": 859170.55,
                                    "Plan Rows": 2511,
                                    "Plan Width": 48,
                                    "Actual Startup Time": 3245.545,
                                    "Actual Total Time": 3375.962,
                                    "Actual Rows": 3091,
                                    "Actual Loops": 4,
                                    "Inner Unique": false,
                                    "Hash Cond": "(mc.movie_id = t.id)",
                                    "Plans": [
                                      {
                                        "Node Type": "Seq Scan",
                                        "Parent Relationship": "Outer",
                                        "Parallel Aware": true,
                                        "Relation Name": "movie_companies",
                                        "Alias": "mc",
                                        "Startup Cost": 0.0,
                                        "Total Cost": 27206.55,
                                        "Plan Rows": 841655,
                                        "Plan Width": 8,
                                        "Actual Startup Time": 0.058,
                                        "Actual Total Time": 82.033,
                                        "Actual Rows": 652282,
                                        "Actual Loops": 4
                                      },
                                      {
                                        "Node Type": "Hash",
                                        "Parent Relationship": "Inner",
                                        "Parallel Aware": true,
                                        "Startup Cost": 828801.65,
                                        "Total Cost": 828801.65,
                                        "Plan Rows": 389,
                                        "Plan Width": 56,
                                        "Actual Startup Time": 3242.031,
                                        "Actual Total Time": 3242.048,
                                        "Actual Rows": 929,
                                        "Actual Loops": 4,
                                        "Hash Buckets": 4096,
                                        "Original Hash Buckets": 2048,
                                        "Hash Batches": 1,
                                        "Original Hash Batches": 1,
                                        "Peak Memory Usage": 496,
                                        "Plans": [
                                          {
                                            "Node Type": "Hash Join",
                                            "Parent Relationship": "Outer",
                                            "Parallel Aware": true,
                                            "Join Type": "Inner",
                                            "Startup Cost": 779688.95,
                                            "Total Cost": 828801.65,
                                            "Plan Rows": 389,
                                            "Plan Width": 56,
                                            "Actual Startup Time": 3043.864,
                                            "Actual Total Time": 3215.0,
                                            "Actual Rows": 929,
                                            "Actual Loops": 4,
                                            "Inner Unique": false,
                                            "Hash Cond": "(t.id = mi.movie_id)",
                                            "Plans": [
                                              {
                                                "Node Type": "Seq Scan",
                                                "Parent Relationship": "Outer",
                                                "Parallel Aware": true,
                                                "Relation Name": "title",
                                                "Alias": "t",
                                                "Startup Cost": 0.0,
                                                "Total Cost": 43899.59,
                                                "Plan Rows": 347497,
                                                "Plan Width": 21,
                                                "Actual Startup Time": 0.026,
                                                "Actual Total Time": 141.729,
                                                "Actual Rows": 345363,
                                                "Actual Loops": 4,
                                                "Filter": "(production_year > 2000)",
                                                "Rows Removed by Filter": 286715
                                              },
                                              {
                                                "Node Type": "Hash",
                                                "Parent Relationship": "Inner",
                                                "Parallel Aware": true,
                                                "Startup Cost": 779683.05,
                                                "Total Cost": 779683.05,
                                                "Plan Rows": 472,
                                                "Plan Width": 35,
                                                "Actual Startup Time": 3042.74,
                                                "Actual Total Time": 3042.755,
                                                "Actual Rows": 1004,
                                                "Actual Loops": 4,
                                                "Hash Buckets": 4096,
                                                "Original Hash Buckets": 4096,
                                                "Hash Batches": 1,
                                                "Original Hash Batches": 1,
                                                "Peak Memory Usage": 384,
                                                "Plans": [
                                                  {
                                                    "Node Type": "Hash Join",
                                                    "Parent Relationship": "Outer",
                                                    "Parallel Aware": true,
                                                    "Join Type": "Inner",
                                                    "Startup Cost": 297167.28,
                                                    "Total Cost": 779683.05,
                                                    "Plan Rows": 472,
                                                    "Plan Width": 35,
                                                    "Actual Startup Time": 2133.096,
                                                    "Actual Total Time": 3041.517,
                                                    "Actual Rows": 1004,
                                                    "Actual Loops": 4,
                                                    "Inner Unique": true,
                                                    "Hash Cond": "(ci.person_id = n.id)",
                                                    "Plans": [
                                                      {
                                                        "Node Type": "Hash Join",
                                                        "Parent Relationship": "Outer",
                                                        "Parallel Aware": true,
                                                        "Join Type": "Inner",
                                                        "Startup Cost": 225896.38,
                                                        "Total Cost": 707878.67,
                                                        "Plan Rows": 203231,
                                                        "Plan Width": 28,
                                                        "Actual Startup Time": 1257.037,
                                                        "Actual Total Time": 2698.381,
                                                        "Actual Rows": 222158,
                                                        "Actual Loops": 4,
                                                        "Inner Unique": false,
                                                        "Hash Cond": "(ci.person_id = an.person_id)",
                                                        "Plans": [
                                                          {
                                                            "Node Type": "Hash Join",
                                                            "Parent Relationship": "Outer",
                                                            "Parallel Aware": true,
                                                            "Join Type": "Inner",
                                                            "Startup Cost": 207958.37,
                                                            "Total Cost": 683946.96,
                                                            "Plan Rows": 85410,
                                                            "Plan Width": 24,
                                                            "Actual Startup Time": 1111.397,
                                                            "Actual Total Time": 2515.833,
                                                            "Actual Rows": 102381,
                                                            "Actual Loops": 4,
                                                            "Inner Unique": false,
                                                            "Hash Cond": "(ci.movie_id = mi.movie_id)",
                                                            "Plans": [
                                                              {
                                                                "Node Type": "Seq Scan",
                                                                "Parent Relationship": "Outer",
                                                                "Parallel Aware": true,
                                                                "Relation Name": "cast_info",
                                                                "Alias": "ci",
                                                                "Startup Cost": 0.0,
                                                                "Total Cost": 343331.56,
                                                                "Plan Rows": 152283,
                                                                "Plan Width": 16,
                                                                "Actual Startup Time": 0.041,
                                                                "Actual Total Time": 1328.768,
                                                                "Actual Rows": 216869,
                                                                "Actual Loops": 4,
                                                                "Filter": "(note = ANY ('{(voice),\"(voice: Japanese version)\",\"(voice) (uncredited)\",\"(voice: English version)\"}'::text[]))",
                                                                "Rows Removed by Filter": 8844217
                                                              },
                                                              {
                                                                "Node Type": "Hash",
                                                                "Parent Relationship": "Inner",
                                                                "Parallel Aware": true,
                                                                "Startup Cost": 206598.52,
                                                                "Total Cost": 206598.52,
                                                                "Plan Rows": 108788,
                                                                "Plan Width": 8,
                                                                "Actual Startup Time": 1108.858,
                                                                "Actual Total Time": 1108.86,
                                                                "Actual Rows": 112776,
                                                                "Actual Loops": 4,
                                                                "Hash Buckets": 1048576,
                                                                "Original Hash Buckets": 1048576,
                                                                "Hash Batches": 1,
                                                                "Original Hash Batches": 1,
                                                                "Peak Memory Usage": 25920,
                                                                "Plans": [
                                                                  {
                                                                    "Node Type": "Seq Scan",
                                                                    "Parent Relationship": "Outer",
                                                                    "Parallel Aware": true,
                                                                    "Relation Name": "movie_info",
                                                                    "Alias": "mi",
                                                                    "Startup Cost": 0.0,
                                                                    "Total Cost": 206598.52,
                                                                    "Plan Rows": 108788,
                                                                    "Plan Width": 8,
                                                                    "Actual Startup Time": 104.226,
                                                                    "Actual Total Time": 1051.274,
                                                                    "Actual Rows": 112776,
                                                                    "Actual Loops": 4,
                                                                    "Filter": "((info IS NOT NULL) AND ((info ~~ 'Japan:%200%'::text) OR (info ~~ 'USA:%200%'::text)))",
                                                                    "Rows Removed by Filter": 3596154
                                                                  }
                                                                ]
                                                              }
                                                            ]
                                                          },
                                                          {
                                                            "Node Type": "Hash",
                                                            "Parent Relationship": "Inner",
                                                            "Parallel Aware": true,
                                                            "Startup Cost": 14303.56,
                                                            "Total Cost": 14303.56,
                                                            "Plan Rows": 290756,
                                                            "Plan Width": 4,
                                                            "Actual Startup Time": 143.177,
                                                            "Actual Total Time": 143.178,
                                                            "Actual Rows": 225336,
                                                            "Actual Loops": 4,
                                                            "Hash Buckets": 1048576,
                                                            "Original Hash Buckets": 1048576,
                                                            "Hash Batches": 1,
                                                            "Original Hash Batches": 1,
                                                            "Peak Memory Usage": 43488,
                                                            "Plans": [
                                                              {
                                                                "Node Type": "Seq Scan",
                                                                "Parent Relationship": "Outer",
                                                                "Parallel Aware": true,
                                                                "Relation Name": "aka_name",
                                                                "Alias": "an",
                                                                "Startup Cost": 0.0,
                                                                "Total Cost": 14303.56,
                                                                "Plan Rows": 290756,
                                                                "Plan Width": 4,
                                                                "Actual Startup Time": 0.046,
                                                                "Actual Total Time": 59.875,
                                                                "Actual Rows": 225336,
                                                                "Actual Loops": 4
                                                              }
                                                            ]
                                                          }
                                                        ]
                                                      },
                                                      {
                                                        "Node Type": "Hash",
                                                        "Parent Relationship": "Inner",
                                                        "Parallel Aware": true,
                                                        "Startup Cost": 71240.66,
                                                        "Total Cost": 71240.66,
                                                        "Plan Rows": 2419,
                                                        "Plan Width": 19,
                                                        "Actual Startup Time": 327.719,
                                                        "Actual Total Time": 327.72,
                                                        "Actual Rows": 12503,
                                                        "Actual Loops": 4,
                                                        "Hash Buckets": 65536,
                                                        "Original Hash Buckets": 16384,
                                                        "Hash Batches": 1,
                                                        "Original Hash Batches": 1,
                                                        "Peak Memory Usage": 3680,
                                                        "Plans": [
                                                          {
                                                            "Node Type": "Seq Scan",
                                                            "Parent Relationship": "Outer",
                                                            "Parallel Aware": true,
                                                            "Relation Name": "name",
                                                            "Alias": "n",
                                                            "Startup Cost": 0.0,
                                                            "Total Cost": 71240.66,
                                                            "Plan Rows": 2419,
                                                            "Plan Width": 19,
                                                            "Actual Startup Time": 143.97,
                                                            "Actual Total Time": 316.071,
                                                            "Actual Rows": 12503,
                                                            "Actual Loops": 4,
                                                            "Filter": "((name ~~ '%An%'::text) AND ((gender)::text = 'f'::text))",
                                                            "Rows Removed by Filter": 1029370
                                                          }
                                                        ]
                                                      }
                                                    ]
                                                  }
                                                ]
                                              }
                                            ]
                                          }
                                        ]
                                      }
                                    ]
                                  }
                                ]
                              }
                            ]
                          },
                          {
                            "Node Type": "Hash",
                            "Parent Relationship": "Inner",
                            "Parallel Aware": false,
                            "Startup Cost": 2.41,
                            "Total Cost": 2.41,
                            "Plan Rows": 1,
                            "Plan Width": 4,
                            "Actual Startup Time": 0.026,
                            "Actual Total Time": 0.026,
                            "Actual Rows": 1,
                            "Actual Loops": 1,
                            "Hash Buckets": 1024,
                            "Original Hash Buckets": 1024,
                            "Hash Batches": 1,
                            "Original Hash Batches": 1,
                            "Peak Memory Usage": 9,
                            "Plans": [
                              {
                                "Node Type": "Seq Scan",
                                "Parent Relationship": "Outer",
                                "Parallel Aware": false,
                                "Relation Name": "info_type",
                                "Alias": "it",
                                "Startup Cost": 0.0,
                                "Total Cost": 2.41,
                                "Plan Rows": 1,
                                "Plan Width": 4,
                                "Actual Startup Time": 0.011,
                                "Actual Total Time": 0.019,
                                "Actual Rows": 1,
                                "Actual Loops": 1,
                                "Filter": "((info)::text = 'release dates'::text)",
                                "Rows Removed by Filter": 112
                              }
                            ]
                          }
                        ]
                      }
                    ]
                  }
                ]
              }
            ]
          }
        ]
      }
    ]
  },
  "Planning Time": 34.312,
  "Triggers": [],
  "Execution Time": 81303.671
}