[
  {
    "Plan": {
      "Node Type": "Aggregate",
      "Strategy": "Plain",
      "Partial Mode": "Finalize",
      "Parallel Aware": false,
      "Startup Cost": 44789.47,
      "Total Cost": 44789.48,
      "Plan Rows": 1,
      "Plan Width": 8,
      "Actual Startup Time": 134.348,
      "Actual Total Time": 141.256,
      "Actual Rows": 1,
      "Actual Loops": 1,
      "Plans": [
        {
          "Node Type": "Gather",
          "Parent Relationship": "Outer",
          "Parallel Aware": false,
          "Startup Cost": 44789.15,
          "Total Cost": 44789.46,
          "Plan Rows": 3,
          "Plan Width": 8,
          "Actual Startup Time": 134.209,
          "Actual Total Time": 141.246,
          "Actual Rows": 4,
          "Actual Loops": 1,
          "Workers Planned": 3,
          "Workers Launched": 3,
          "Single Copy": false,
          "Plans": [
            {
              "Node Type": "Aggregate",
              "Strategy": "Plain",
              "Partial Mode": "Partial",
              "Parent Relationship": "Outer",
              "Parallel Aware": false,
              "Startup Cost": 43789.15,
              "Total Cost": 43789.16,
              "Plan Rows": 1,
              "Plan Width": 8,
              "Actual Startup Time": 127.907,
              "Actual Total Time": 127.908,
              "Actual Rows": 1,
              "Actual Loops": 4,
              "Plans": [
                {
                  "Node Type": "Seq Scan",
                  "Parent Relationship": "Outer",
                  "Parallel Aware": true,
                  "Relation Name": "movie_keyword",
                  "Alias": "mk",
                  "Startup Cost": 0.0,
                  "Total Cost": 42695.65,
                  "Plan Rows": 437398,
                  "Plan Width": 0,
                  "Actual Startup Time": 1.27,
                  "Actual Total Time": 110.31,
                  "Actual Rows": 338416,
                  "Actual Loops": 4,
                  "Filter": "(keyword_id > 12459)",
                  "Rows Removed by Filter": 792566
                }
              ]
            }
          ]
        }
      ]
    },
    "Planning Time": 0.134,
    "Triggers": [],
    "Execution Time": 141.307
  }
]