{
  "Plan": {
    "Node Type": "Aggregate",
    "Strategy": "Plain",
    "Partial Mode": "Finalize",
    "Parallel Aware": false,
    "Startup Cost": 272418.34,
    "Total Cost": 272418.35,
    "Plan Rows": 1,
    "Plan Width": 8,
    "Actual Startup Time": 981.553,
    "Actual Total Time": 1060.137,
    "Actual Rows": 1,
    "Actual Loops": 1,
    "Plans": [
      {
        "Node Type": "Gather",
        "Parent Relationship": "Outer",
        "Parallel Aware": false,
        "Startup Cost": 272418.23,
        "Total Cost": 272418.34,
        "Plan Rows": 1,
        "Plan Width": 8,
        "Actual Startup Time": 980.554,
        "Actual Total Time": 1060.127,
        "Actual Rows": 2,
        "Actual Loops": 1,
        "Workers Planned": 1,
        "Workers Launched": 1,
        "Single Copy": false,
        "Plans": [
          {
            "Node Type": "Aggregate",
            "Strategy": "Plain",
            "Partial Mode": "Partial",
            "Parent Relationship": "Outer",
            "Parallel Aware": false,
            "Startup Cost": 271418.23,
            "Total Cost": 271418.24,
            "Plan Rows": 1,
            "Plan Width": 8,
            "Actual Startup Time": 974.558,
            "Actual Total Time": 974.562,
            "Actual Rows": 1,
            "Actual Loops": 2,
            "Plans": [
              {
                "Node Type": "Nested Loop",
                "Parent Relationship": "Outer",
                "Parallel Aware": false,
                "Join Type": "Inner",
                "Startup Cost": 60325.21,
                "Total Cost": 271123.28,
                "Plan Rows": 117979,
                "Plan Width": 0,
                "Actual Startup Time": 209.236,
                "Actual Total Time": 960.634,
                "Actual Rows": 281897,
                "Actual Loops": 2,
                "Inner Unique": false,
                "Join Filter": "(t.id = ci.movie_id)",
                "Rows Removed by Join Filter": 0,
                "Plans": [
                  {
                    "Node Type": "Hash Join",
                    "Parent Relationship": "Outer",
                    "Parallel Aware": true,
                    "Join Type": "Inner",
                    "Startup Cost": 60324.64,
                    "Total Cost": 99511.88,
                    "Plan Rows": 50143,
                    "Plan Width": 8,
                    "Actual Startup Time": 209.01,
                    "Actual Total Time": 380.979,
                    "Actual Rows": 22238,
                    "Actual Loops": 2,
                    "Inner Unique": true,
                    "Hash Cond": "(mc.movie_id = t.id)",
                    "Plans": [
                      {
                        "Node Type": "Seq Scan",
                        "Parent Relationship": "Outer",
                        "Parallel Aware": true,
                        "Relation Name": "movie_companies",
                        "Alias": "mc",
                        "Startup Cost": 0.0,
                        "Total Cost": 37974.77,
                        "Plan Rows": 461892,
                        "Plan Width": 4,
                        "Actual Startup Time": 18.589,
                        "Actual Total Time": 100.4,
                        "Actual Rows": 399557,
                        "Actual Loops": 2,
                        "Filter": "(company_id > 30516)",
                        "Rows Removed by Filter": 905008
                      },
                      {
                        "Node Type": "Hash",
                        "Parent Relationship": "Inner",
                        "Parallel Aware": true,
                        "Startup Cost": 58306.47,
                        "Total Cost": 58306.47,
                        "Plan Rows": 161454,
                        "Plan Width": 4,
                        "Actual Startup Time": 184.591,
                        "Actual Total Time": 184.592,
                        "Actual Rows": 139736,
                        "Actual Loops": 2,
                        "Hash Buckets": 524288,
                        "Original Hash Buckets": 524288,
                        "Hash Batches": 1,
                        "Original Hash Batches": 1,
                        "Peak Memory Usage": 15072,
                        "Plans": [
                          {
                            "Node Type": "Seq Scan",
                            "Parent Relationship": "Outer",
                            "Parallel Aware": true,
                            "Relation Name": "title",
                            "Alias": "t",
                            "Startup Cost": 0.0,
                            "Total Cost": 58306.47,
                            "Plan Rows": 161454,
                            "Plan Width": 4,
                            "Actual Startup Time": 0.033,
                            "Actual Total Time": 144.036,
                            "Actual Rows": 139736,
                            "Actual Loops": 2,
                            "Filter": "((kind_id > 2) AND (production_year > 2010))",
                            "Rows Removed by Filter": 1124420
                          }
                        ]
                      }
                    ]
                  },
                  {
                    "Node Type": "Index Scan",
                    "Parent Relationship": "Inner",
                    "Parallel Aware": false,
                    "Scan Direction": "Forward",
                    "Index Name": "movie_id_cast_info",
                    "Relation Name": "cast_info",
                    "Alias": "ci",
                    "Startup Cost": 0.56,
                    "Total Cost": 3.35,
                    "Plan Rows": 6,
                    "Plan Width": 4,
                    "Actual Startup Time": 0.015,
                    "Actual Total Time": 0.025,
                    "Actual Rows": 13,
                    "Actual Loops": 44475,
                    "Index Cond": "(movie_id = mc.movie_id)",
                    "Rows Removed by Index Recheck": 0,
                    "Filter": "((person_id > 2364297) AND (role_id > 2))",
                    "Rows Removed by Filter": 17
                  }
                ]
              }
            ]
          }
        ]
      }
    ]
  },
  "Planning Time": 1.096,
  "Triggers": [],
  "Execution Time": 1060.25
}