{
  "Plan": {
    "Node Type": "Aggregate",
    "Strategy": "Plain",
    "Partial Mode": "Finalize",
    "Parallel Aware": false,
    "Startup Cost": 433219.48,
    "Total Cost": 433219.49,
    "Plan Rows": 1,
    "Plan Width": 8,
    "Actual Startup Time": 1792.663,
    "Actual Total Time": 1818.883,
    "Actual Rows": 1,
    "Actual Loops": 1,
    "Plans": [
      {
        "Node Type": "Gather",
        "Parent Relationship": "Outer",
        "Parallel Aware": false,
        "Startup Cost": 433219.37,
        "Total Cost": 433219.48,
        "Plan Rows": 1,
        "Plan Width": 8,
        "Actual Startup Time": 1784.48,
        "Actual Total Time": 1818.874,
        "Actual Rows": 2,
        "Actual Loops": 1,
        "Workers Planned": 1,
        "Workers Launched": 1,
        "Single Copy": false,
        "Plans": [
          {
            "Node Type": "Aggregate",
            "Strategy": "Plain",
            "Partial Mode": "Partial",
            "Parent Relationship": "Outer",
            "Parallel Aware": false,
            "Startup Cost": 432219.37,
            "Total Cost": 432219.38,
            "Plan Rows": 1,
            "Plan Width": 8,
            "Actual Startup Time": 1776.813,
            "Actual Total Time": 1776.819,
            "Actual Rows": 1,
            "Actual Loops": 2,
            "Plans": [
              {
                "Node Type": "Hash Join",
                "Parent Relationship": "Outer",
                "Parallel Aware": true,
                "Join Type": "Inner",
                "Startup Cost": 147808.91,
                "Total Cost": 430645.92,
                "Plan Rows": 629378,
                "Plan Width": 0,
                "Actual Startup Time": 758.796,
                "Actual Total Time": 1731.748,
                "Actual Rows": 1170076,
                "Actual Loops": 2,
                "Inner Unique": false,
                "Hash Cond": "(t.id = mi_idx.movie_id)",
                "Plans": [
                  {
                    "Node Type": "Hash Join",
                    "Parent Relationship": "Outer",
                    "Parallel Aware": true,
                    "Join Type": "Inner",
                    "Startup Cost": 121608.74,
                    "Total Cost": 394978.28,
                    "Plan Rows": 1153052,
                    "Plan Width": 8,
                    "Actual Startup Time": 543.4,
                    "Actual Total Time": 1144.238,
                    "Actual Rows": 1008512,
                    "Actual Loops": 2,
                    "Inner Unique": true,
                    "Hash Cond": "(ci.movie_id = t.id)",
                    "Plans": [
                      {
                        "Node Type": "Bitmap Heap Scan",
                        "Parent Relationship": "Outer",
                        "Parallel Aware": true,
                        "Relation Name": "cast_info",
                        "Alias": "ci",
                        "Startup Cost": 51344.58,
                        "Total Cost": 321124.57,
                        "Plan Rows": 1367439,
                        "Plan Width": 4,
                        "Actual Startup Time": 80.599,
                        "Actual Total Time": 197.959,
                        "Actual Rows": 1168944,
                        "Actual Loops": 2,
                        "Recheck Cond": "(person_id < 227487)",
                        "Rows Removed by Index Recheck": 0,
                        "Exact Heap Blocks": 12403,
                        "Lossy Heap Blocks": 0,
                        "Plans": [
                          {
                            "Node Type": "Bitmap Index Scan",
                            "Parent Relationship": "Outer",
                            "Parallel Aware": false,
                            "Index Name": "person_id_cast_info",
                            "Startup Cost": 0.0,
                            "Total Cost": 50763.42,
                            "Plan Rows": 2324647,
                            "Plan Width": 0,
                            "Actual Startup Time": 76.915,
                            "Actual Total Time": 76.916,
                            "Actual Rows": 2337889,
                            "Actual Loops": 1,
                            "Index Cond": "(person_id < 227487)"
                          }
                        ]
                      },
                      {
                        "Node Type": "Hash",
                        "Parent Relationship": "Inner",
                        "Parallel Aware": true,
                        "Startup Cost": 54588.39,
                        "Total Cost": 54588.39,
                        "Plan Rows": 1254062,
                        "Plan Width": 4,
                        "Actual Startup Time": 451.774,
                        "Actual Total Time": 451.775,
                        "Actual Rows": 1059186,
                        "Actual Loops": 2,
                        "Hash Buckets": 4194304,
                        "Original Hash Buckets": 4194304,
                        "Hash Batches": 1,
                        "Original Hash Batches": 1,
                        "Peak Memory Usage": 115648,
                        "Plans": [
                          {
                            "Node Type": "Seq Scan",
                            "Parent Relationship": "Outer",
                            "Parallel Aware": true,
                            "Relation Name": "title",
                            "Alias": "t",
                            "Startup Cost": 0.0,
                            "Total Cost": 54588.39,
                            "Plan Rows": 1254062,
                            "Plan Width": 4,
                            "Actual Startup Time": 0.019,
                            "Actual Total Time": 168.069,
                            "Actual Rows": 1059186,
                            "Actual Loops": 2,
                            "Filter": "(production_year > 1967)",
                            "Rows Removed by Filter": 204970
                          }
                        ]
                      }
                    ]
                  },
                  {
                    "Node Type": "Hash",
                    "Parent Relationship": "Inner",
                    "Parallel Aware": true,
                    "Startup Cost": 16052.85,
                    "Total Cost": 16052.85,
                    "Plan Rows": 811785,
                    "Plan Width": 4,
                    "Actual Startup Time": 200.878,
                    "Actual Total Time": 200.878,
                    "Actual Rows": 690018,
                    "Actual Loops": 2,
                    "Hash Buckets": 2097152,
                    "Original Hash Buckets": 2097152,
                    "Hash Batches": 1,
                    "Original Hash Batches": 1,
                    "Peak Memory Usage": 70400,
                    "Plans": [
                      {
                        "Node Type": "Seq Scan",
                        "Parent Relationship": "Outer",
                        "Parallel Aware": true,
                        "Relation Name": "movie_info_idx",
                        "Alias": "mi_idx",
                        "Startup Cost": 0.0,
                        "Total Cost": 16052.85,
                        "Plan Rows": 811785,
                        "Plan Width": 4,
                        "Actual Startup Time": 0.048,
                        "Actual Total Time": 68.926,
                        "Actual Rows": 690018,
                        "Actual Loops": 2
                      }
                    ]
                  }
                ]
              }
            ]
          }
        ]
      }
    ]
  },
  "Planning Time": 0.882,
  "Triggers": [],
  "Execution Time": 1818.985
}