{
  "Plan": {
    "Node Type": "Aggregate",
    "Strategy": "Plain",
    "Partial Mode": "Finalize",
    "Parallel Aware": false,
    "Startup Cost": 412887.45,
    "Total Cost": 412887.46,
    "Plan Rows": 1,
    "Plan Width": 8,
    "Actual Startup Time": 1145.666,
    "Actual Total Time": 1164.243,
    "Actual Rows": 1,
    "Actual Loops": 1,
    "Plans": [
      {
        "Node Type": "Gather",
        "Parent Relationship": "Outer",
        "Parallel Aware": false,
        "Startup Cost": 412887.34,
        "Total Cost": 412887.45,
        "Plan Rows": 1,
        "Plan Width": 8,
        "Actual Startup Time": 1140.266,
        "Actual Total Time": 1164.236,
        "Actual Rows": 2,
        "Actual Loops": 1,
        "Workers Planned": 1,
        "Workers Launched": 1,
        "Single Copy": false,
        "Plans": [
          {
            "Node Type": "Aggregate",
            "Strategy": "Plain",
            "Partial Mode": "Partial",
            "Parent Relationship": "Outer",
            "Parallel Aware": false,
            "Startup Cost": 411887.34,
            "Total Cost": 411887.35,
            "Plan Rows": 1,
            "Plan Width": 8,
            "Actual Startup Time": 1133.882,
            "Actual Total Time": 1133.892,
            "Actual Rows": 1,
            "Actual Loops": 2,
            "Plans": [
              {
                "Node Type": "Hash Join",
                "Parent Relationship": "Outer",
                "Parallel Aware": true,
                "Join Type": "Inner",
                "Startup Cost": 136810.59,
                "Total Cost": 410738.92,
                "Plan Rows": 459367,
                "Plan Width": 0,
                "Actual Startup Time": 752.898,
                "Actual Total Time": 1097.752,
                "Actual Rows": 871890,
                "Actual Loops": 2,
                "Inner Unique": false,
                "Hash Cond": "(ci.movie_id = t.id)",
                "Plans": [
                  {
                    "Node Type": "Bitmap Heap Scan",
                    "Parent Relationship": "Outer",
                    "Parallel Aware": true,
                    "Relation Name": "cast_info",
                    "Alias": "ci",
                    "Startup Cost": 42839.56,
                    "Total Cost": 309787.46,
                    "Plan Rows": 1140872,
                    "Plan Width": 4,
                    "Actual Startup Time": 57.471,
                    "Actual Total Time": 162.988,
                    "Actual Rows": 934480,
                    "Actual Loops": 2,
                    "Recheck Cond": "(person_id > 3693019)",
                    "Rows Removed by Index Recheck": 0,
                    "Exact Heap Blocks": 14591,
                    "Lossy Heap Blocks": 0,
                    "Plans": [
                      {
                        "Node Type": "Bitmap Index Scan",
                        "Parent Relationship": "Outer",
                        "Parallel Aware": false,
                        "Index Name": "person_id_cast_info",
                        "Startup Cost": 0.0,
                        "Total Cost": 42354.69,
                        "Plan Rows": 1939483,
                        "Plan Width": 0,
                        "Actual Startup Time": 53.491,
                        "Actual Total Time": 53.491,
                        "Actual Rows": 1868959,
                        "Actual Loops": 1,
                        "Index Cond": "(person_id > 3693019)"
                      }
                    ]
                  },
                  {
                    "Node Type": "Hash",
                    "Parent Relationship": "Inner",
                    "Parallel Aware": true,
                    "Startup Cost": 86485.69,
                    "Total Cost": 86485.69,
                    "Plan Rows": 598827,
                    "Plan Width": 8,
                    "Actual Startup Time": 686.657,
                    "Actual Total Time": 686.66,
                    "Actual Rows": 375068,
                    "Actual Loops": 2,
                    "Hash Buckets": 1048576,
                    "Original Hash Buckets": 1048576,
                    "Hash Batches": 1,
                    "Original Hash Batches": 1,
                    "Peak Memory Usage": 37568,
                    "Plans": [
                      {
                        "Node Type": "Hash Join",
                        "Parent Relationship": "Outer",
                        "Parallel Aware": true,
                        "Join Type": "Inner",
                        "Startup Cost": 68301.9,
                        "Total Cost": 86485.69,
                        "Plan Rows": 598827,
                        "Plan Width": 8,
                        "Actual Startup Time": 412.574,
                        "Actual Total Time": 612.036,
                        "Actual Rows": 375068,
                        "Actual Loops": 2,
                        "Inner Unique": true,
                        "Hash Cond": "(mi_idx.movie_id = t.id)",
                        "Plans": [
                          {
                            "Node Type": "Seq Scan",
                            "Parent Relationship": "Outer",
                            "Parallel Aware": true,
                            "Relation Name": "movie_info_idx",
                            "Alias": "mi_idx",
                            "Startup Cost": 0.0,
                            "Total Cost": 16052.85,
                            "Plan Rows": 811785,
                            "Plan Width": 4,
                            "Actual Startup Time": 0.019,
                            "Actual Total Time": 49.868,
                            "Actual Rows": 690018,
                            "Actual Loops": 2
                          },
                          {
                            "Node Type": "Hash",
                            "Parent Relationship": "Inner",
                            "Parallel Aware": true,
                            "Startup Cost": 54588.39,
                            "Total Cost": 54588.39,
                            "Plan Rows": 1097081,
                            "Plan Width": 4,
                            "Actual Startup Time": 402.899,
                            "Actual Total Time": 402.9,
                            "Actual Rows": 932744,
                            "Actual Loops": 2,
                            "Hash Buckets": 2097152,
                            "Original Hash Buckets": 2097152,
                            "Hash Batches": 1,
                            "Original Hash Batches": 1,
                            "Peak Memory Usage": 89408,
                            "Plans": [
                              {
                                "Node Type": "Seq Scan",
                                "Parent Relationship": "Outer",
                                "Parallel Aware": true,
                                "Relation Name": "title",
                                "Alias": "t",
                                "Startup Cost": 0.0,
                                "Total Cost": 54588.39,
                                "Plan Rows": 1097081,
                                "Plan Width": 4,
                                "Actual Startup Time": 0.034,
                                "Actual Total Time": 162.968,
                                "Actual Rows": 932744,
                                "Actual Loops": 2,
                                "Filter": "(kind_id > 1)",
                                "Rows Removed by Filter": 331412
                              }
                            ]
                          }
                        ]
                      }
                    ]
                  }
                ]
              }
            ]
          }
        ]
      }
    ]
  },
  "Planning Time": 1.008,
  "Triggers": [],
  "Execution Time": 1164.341
}