[
  {
    "Plan": {
      "Node Type": "Aggregate",
      "Strategy": "Plain",
      "Partial Mode": "Finalize",
      "Parallel Aware": false,
      "Startup Cost": 89542.17,
      "Total Cost": 89542.18,
      "Plan Rows": 1,
      "Plan Width": 8,
      "Actual Startup Time": 295.262,
      "Actual Total Time": 311.436,
      "Actual Rows": 1,
      "Actual Loops": 1,
      "Plans": [
        {
          "Node Type": "Gather",
          "Parent Relationship": "Outer",
          "Parallel Aware": false,
          "Startup Cost": 89541.85,
          "Total Cost": 89542.16,
          "Plan Rows": 3,
          "Plan Width": 8,
          "Actual Startup Time": 294.632,
          "Actual Total Time": 311.416,
          "Actual Rows": 4,
          "Actual Loops": 1,
          "Workers Planned": 3,
          "Workers Launched": 3,
          "Single Copy": false,
          "Plans": [
            {
              "Node Type": "Aggregate",
              "Strategy": "Plain",
              "Partial Mode": "Partial",
              "Parent Relationship": "Outer",
              "Parallel Aware": false,
              "Startup Cost": 88541.85,
              "Total Cost": 88541.86,
              "Plan Rows": 1,
              "Plan Width": 8,
              "Actual Startup Time": 285.811,
              "Actual Total Time": 285.814,
              "Actual Rows": 1,
              "Actual Loops": 4,
              "Plans": [
                {
                  "Node Type": "Hash Join",
                  "Parent Relationship": "Outer",
                  "Parallel Aware": true,
                  "Join Type": "Inner",
                  "Startup Cost": 45605.44,
                  "Total Cost": 88483.52,
                  "Plan Rows": 23335,
                  "Plan Width": 0,
                  "Actual Startup Time": 124.528,
                  "Actual Total Time": 283.024,
                  "Actual Rows": 65566,
                  "Actual Loops": 4,
                  "Inner Unique": true,
                  "Hash Cond": "(mk.movie_id = t.id)",
                  "Plans": [
                    {
                      "Node Type": "Seq Scan",
                      "Parent Relationship": "Outer",
                      "Parallel Aware": true,
                      "Relation Name": "movie_keyword",
                      "Alias": "mk",
                      "Startup Cost": 0.0,
                      "Total Cost": 39047.32,
                      "Plan Rows": 1459332,
                      "Plan Width": 4,
                      "Actual Startup Time": 0.022,
                      "Actual Total Time": 84.309,
                      "Actual Rows": 1130982,
                      "Actual Loops": 4
                    },
                    {
                      "Node Type": "Hash",
                      "Parent Relationship": "Inner",
                      "Parallel Aware": true,
                      "Startup Cost": 45479.1,
                      "Total Cost": 45479.1,
                      "Plan Rows": 10107,
                      "Plan Width": 4,
                      "Actual Startup Time": 109.422,
                      "Actual Total Time": 109.422,
                      "Actual Rows": 33961,
                      "Actual Loops": 4,
                      "Hash Buckets": 262144,
                      "Original Hash Buckets": 65536,
                      "Hash Batches": 1,
                      "Original Hash Batches": 1,
                      "Peak Memory Usage": 8960,
                      "Plans": [
                        {
                          "Node Type": "Seq Scan",
                          "Parent Relationship": "Outer",
                          "Parallel Aware": true,
                          "Relation Name": "title",
                          "Alias": "t",
                          "Startup Cost": 0.0,
                          "Total Cost": 45479.1,
                          "Plan Rows": 10107,
                          "Plan Width": 4,
                          "Actual Startup Time": 27.582,
                          "Actual Total Time": 94.452,
                          "Actual Rows": 33961,
                          "Actual Loops": 4,
                          "Filter": "((kind_id < 3) AND (production_year < 1938))",
                          "Rows Removed by Filter": 598117
                        }
                      ]
                    }
                  ]
                }
              ]
            }
          ]
        }
      ]
    },
    "Planning Time": 0.563,
    "Triggers": [],
    "Execution Time": 311.497
  }
]