{
  "Plan": {
    "Node Type": "Aggregate",
    "Strategy": "Plain",
    "Partial Mode": "Finalize",
    "Parallel Aware": false,
    "Startup Cost": 131982.04,
    "Total Cost": 131982.05,
    "Plan Rows": 1,
    "Plan Width": 8,
    "Actual Startup Time": 746.43,
    "Actual Total Time": 766.09,
    "Actual Rows": 1,
    "Actual Loops": 1,
    "Plans": [
      {
        "Node Type": "Gather",
        "Parent Relationship": "Outer",
        "Parallel Aware": false,
        "Startup Cost": 131981.93,
        "Total Cost": 131982.04,
        "Plan Rows": 1,
        "Plan Width": 8,
        "Actual Startup Time": 743.455,
        "Actual Total Time": 766.08,
        "Actual Rows": 2,
        "Actual Loops": 1,
        "Workers Planned": 1,
        "Workers Launched": 1,
        "Single Copy": false,
        "Plans": [
          {
            "Node Type": "Aggregate",
            "Strategy": "Plain",
            "Partial Mode": "Partial",
            "Parent Relationship": "Outer",
            "Parallel Aware": false,
            "Startup Cost": 130981.93,
            "Total Cost": 130981.94,
            "Plan Rows": 1,
            "Plan Width": 8,
            "Actual Startup Time": 737.536,
            "Actual Total Time": 738.127,
            "Actual Rows": 1,
            "Actual Loops": 2,
            "Plans": [
              {
                "Node Type": "Hash Join",
                "Parent Relationship": "Outer",
                "Parallel Aware": true,
                "Join Type": "Inner",
                "Startup Cost": 85454.53,
                "Total Cost": 130676.43,
                "Plan Rows": 122198,
                "Plan Width": 0,
                "Actual Startup Time": 564.606,
                "Actual Total Time": 729.157,
                "Actual Rows": 186846,
                "Actual Loops": 2,
                "Inner Unique": false,
                "Hash Cond": "(mc.movie_id = t.id)",
                "Plans": [
                  {
                    "Node Type": "Seq Scan",
                    "Parent Relationship": "Outer",
                    "Parallel Aware": true,
                    "Relation Name": "movie_companies",
                    "Alias": "mc",
                    "Startup Cost": 0.0,
                    "Total Cost": 41811.73,
                    "Plan Rows": 717695,
                    "Plan Width": 4,
                    "Actual Startup Time": 59.193,
                    "Actual Total Time": 137.438,
                    "Actual Rows": 567236,
                    "Actual Loops": 2,
                    "Filter": "((company_id < 113299) AND (company_type_id = 2))",
                    "Rows Removed by Filter": 737329
                  },
                  {
                    "Node Type": "Hash",
                    "Parent Relationship": "Inner",
                    "Parallel Aware": true,
                    "Startup Cost": 82289.23,
                    "Total Cost": 82289.23,
                    "Plan Rows": 253224,
                    "Plan Width": 8,
                    "Actual Startup Time": 499.531,
                    "Actual Total Time": 500.12,
                    "Actual Rows": 172866,
                    "Actual Loops": 2,
                    "Hash Buckets": 524288,
                    "Original Hash Buckets": 524288,
                    "Hash Batches": 1,
                    "Original Hash Batches": 1,
                    "Peak Memory Usage": 17664,
                    "Plans": [
                      {
                        "Node Type": "Hash Join",
                        "Parent Relationship": "Outer",
                        "Parallel Aware": true,
                        "Join Type": "Inner",
                        "Startup Cost": 64105.44,
                        "Total Cost": 82289.23,
                        "Plan Rows": 253224,
                        "Plan Width": 8,
                        "Actual Startup Time": 283.718,
                        "Actual Total Time": 463.612,
                        "Actual Rows": 172866,
                        "Actual Loops": 2,
                        "Inner Unique": true,
                        "Hash Cond": "(mi_idx.movie_id = t.id)",
                        "Plans": [
                          {
                            "Node Type": "Seq Scan",
                            "Parent Relationship": "Outer",
                            "Parallel Aware": true,
                            "Relation Name": "movie_info_idx",
                            "Alias": "mi_idx",
                            "Startup Cost": 0.0,
                            "Total Cost": 16052.85,
                            "Plan Rows": 811785,
                            "Plan Width": 4,
                            "Actual Startup Time": 0.02,
                            "Actual Total Time": 59.136,
                            "Actual Rows": 690018,
                            "Actual Loops": 2
                          },
                          {
                            "Node Type": "Hash",
                            "Parent Relationship": "Inner",
                            "Parallel Aware": true,
                            "Startup Cost": 58306.47,
                            "Total Cost": 58306.47,
                            "Plan Rows": 463918,
                            "Plan Width": 4,
                            "Actual Startup Time": 277.292,
                            "Actual Total Time": 277.293,
                            "Actual Rows": 346234,
                            "Actual Loops": 2,
                            "Hash Buckets": 1048576,
                            "Original Hash Buckets": 1048576,
                            "Hash Batches": 1,
                            "Original Hash Batches": 1,
                            "Peak Memory Usage": 35296,
                            "Plans": [
                              {
                                "Node Type": "Seq Scan",
                                "Parent Relationship": "Outer",
                                "Parallel Aware": true,
                                "Relation Name": "title",
                                "Alias": "t",
                                "Startup Cost": 0.0,
                                "Total Cost": 58306.47,
                                "Plan Rows": 463918,
                                "Plan Width": 4,
                                "Actual Startup Time": 0.052,
                                "Actual Total Time": 176.005,
                                "Actual Rows": 346234,
                                "Actual Loops": 2,
                                "Filter": "((kind_id > 1) AND (production_year < 2001))",
                                "Rows Removed by Filter": 917922
                              }
                            ]
                          }
                        ]
                      }
                    ]
                  }
                ]
              }
            ]
          }
        ]
      }
    ]
  },
  "Planning Time": 1.075,
  "Triggers": [],
  "Execution Time": 766.173
}