{
  "Plan": {
    "Node Type": "Aggregate",
    "Strategy": "Plain",
    "Partial Mode": "Finalize",
    "Parallel Aware": false,
    "Startup Cost": 121291.19,
    "Total Cost": 121291.2,
    "Plan Rows": 1,
    "Plan Width": 8,
    "Actual Startup Time": 814.049,
    "Actual Total Time": 833.972,
    "Actual Rows": 1,
    "Actual Loops": 1,
    "Plans": [
      {
        "Node Type": "Gather",
        "Parent Relationship": "Outer",
        "Parallel Aware": false,
        "Startup Cost": 121291.08,
        "Total Cost": 121291.19,
        "Plan Rows": 1,
        "Plan Width": 8,
        "Actual Startup Time": 809.519,
        "Actual Total Time": 833.965,
        "Actual Rows": 2,
        "Actual Loops": 1,
        "Workers Planned": 1,
        "Workers Launched": 1,
        "Single Copy": false,
        "Plans": [
          {
            "Node Type": "Aggregate",
            "Strategy": "Plain",
            "Partial Mode": "Partial",
            "Parent Relationship": "Outer",
            "Parallel Aware": false,
            "Startup Cost": 120291.08,
            "Total Cost": 120291.09,
            "Plan Rows": 1,
            "Plan Width": 8,
            "Actual Startup Time": 796.468,
            "Actual Total Time": 796.471,
            "Actual Rows": 1,
            "Actual Loops": 2,
            "Plans": [
              {
                "Node Type": "Hash Join",
                "Parent Relationship": "Outer",
                "Parallel Aware": true,
                "Join Type": "Inner",
                "Startup Cost": 87177.97,
                "Total Cost": 119062.84,
                "Plan Rows": 491297,
                "Plan Width": 0,
                "Actual Startup Time": 598.696,
                "Actual Total Time": 778.608,
                "Actual Rows": 410784,
                "Actual Loops": 2,
                "Inner Unique": true,
                "Hash Cond": "(mk.movie_id = t.id)",
                "Plans": [
                  {
                    "Node Type": "Bitmap Heap Scan",
                    "Parent Relationship": "Outer",
                    "Parallel Aware": true,
                    "Relation Name": "movie_keyword",
                    "Alias": "mk",
                    "Startup Cost": 17717.27,
                    "Total Cost": 48312.48,
                    "Plan Rows": 491297,
                    "Plan Width": 4,
                    "Actual Startup Time": 51.738,
                    "Actual Total Time": 134.766,
                    "Actual Rows": 410784,
                    "Actual Loops": 2,
                    "Recheck Cond": "(keyword_id > 22331)",
                    "Rows Removed by Index Recheck": 0,
                    "Exact Heap Blocks": 13374,
                    "Lossy Heap Blocks": 0,
                    "Plans": [
                      {
                        "Node Type": "Bitmap Index Scan",
                        "Parent Relationship": "Outer",
                        "Parallel Aware": false,
                        "Index Name": "keyword_id_movie_keyword",
                        "Startup Cost": 0.0,
                        "Total Cost": 17508.47,
                        "Plan Rows": 835205,
                        "Plan Width": 0,
                        "Actual Startup Time": 48.152,
                        "Actual Total Time": 48.153,
                        "Actual Rows": 821567,
                        "Actual Loops": 1,
                        "Index Cond": "(keyword_id > 22331)"
                      }
                    ]
                  },
                  {
                    "Node Type": "Hash",
                    "Parent Relationship": "Inner",
                    "Parallel Aware": true,
                    "Startup Cost": 50870.31,
                    "Total Cost": 50870.31,
                    "Plan Rows": 1487231,
                    "Plan Width": 4,
                    "Actual Startup Time": 525.08,
                    "Actual Total Time": 525.081,
                    "Actual Rows": 1264156,
                    "Actual Loops": 2,
                    "Hash Buckets": 4194304,
                    "Original Hash Buckets": 4194304,
                    "Hash Batches": 1,
                    "Original Hash Batches": 1,
                    "Peak Memory Usage": 131712,
                    "Plans": [
                      {
                        "Node Type": "Seq Scan",
                        "Parent Relationship": "Outer",
                        "Parallel Aware": true,
                        "Relation Name": "title",
                        "Alias": "t",
                        "Startup Cost": 0.0,
                        "Total Cost": 50870.31,
                        "Plan Rows": 1487231,
                        "Plan Width": 4,
                        "Actual Startup Time": 0.024,
                        "Actual Total Time": 154.304,
                        "Actual Rows": 1264156,
                        "Actual Loops": 2
                      }
                    ]
                  }
                ]
              }
            ]
          }
        ]
      }
    ]
  },
  "Planning Time": 0.689,
  "Triggers": [],
  "Execution Time": 834.06
}