[
  {
    "Plan": {
      "Node Type": "Aggregate",
      "Strategy": "Plain",
      "Partial Mode": "Finalize",
      "Parallel Aware": false,
      "Startup Cost": 44492.75,
      "Total Cost": 44492.76,
      "Plan Rows": 1,
      "Plan Width": 8,
      "Actual Startup Time": 112.764,
      "Actual Total Time": 121.071,
      "Actual Rows": 1,
      "Actual Loops": 1,
      "Plans": [
        {
          "Node Type": "Gather",
          "Parent Relationship": "Outer",
          "Parallel Aware": false,
          "Startup Cost": 44492.44,
          "Total Cost": 44492.75,
          "Plan Rows": 3,
          "Plan Width": 8,
          "Actual Startup Time": 112.614,
          "Actual Total Time": 121.058,
          "Actual Rows": 4,
          "Actual Loops": 1,
          "Workers Planned": 3,
          "Workers Launched": 3,
          "Single Copy": false,
          "Plans": [
            {
              "Node Type": "Aggregate",
              "Strategy": "Plain",
              "Partial Mode": "Partial",
              "Parent Relationship": "Outer",
              "Parallel Aware": false,
              "Startup Cost": 43492.44,
              "Total Cost": 43492.45,
              "Plan Rows": 1,
              "Plan Width": 8,
              "Actual Startup Time": 107.896,
              "Actual Total Time": 107.897,
              "Actual Rows": 1,
              "Actual Loops": 4,
              "Plans": [
                {
                  "Node Type": "Seq Scan",
                  "Parent Relationship": "Outer",
                  "Parallel Aware": true,
                  "Relation Name": "movie_keyword",
                  "Alias": "mk",
                  "Startup Cost": 0.0,
                  "Total Cost": 42695.65,
                  "Plan Rows": 318713,
                  "Plan Width": 0,
                  "Actual Startup Time": 1.097,
                  "Actual Total Time": 96.5,
                  "Actual Rows": 245901,
                  "Actual Loops": 4,
                  "Filter": "(keyword_id > 18825)",
                  "Rows Removed by Filter": 885082
                }
              ]
            }
          ]
        }
      ]
    },
    "Planning Time": 0.082,
    "Triggers": [],
    "Execution Time": 121.098
  }
]