[
  {
    "Plan": {
      "Node Type": "Aggregate",
      "Strategy": "Plain",
      "Partial Mode": "Finalize",
      "Parallel Aware": false,
      "Startup Cost": 301690.49,
      "Total Cost": 301690.5,
      "Plan Rows": 1,
      "Plan Width": 8,
      "Actual Startup Time": 186.583,
      "Actual Total Time": 197.4,
      "Actual Rows": 1,
      "Actual Loops": 1,
      "Plans": [
        {
          "Node Type": "Gather",
          "Parent Relationship": "Outer",
          "Parallel Aware": false,
          "Startup Cost": 301689.86,
          "Total Cost": 301690.47,
          "Plan Rows": 6,
          "Plan Width": 8,
          "Actual Startup Time": 185.828,
          "Actual Total Time": 197.389,
          "Actual Rows": 7,
          "Actual Loops": 1,
          "Workers Planned": 6,
          "Workers Launched": 6,
          "Single Copy": false,
          "Plans": [
            {
              "Node Type": "Aggregate",
              "Strategy": "Plain",
              "Partial Mode": "Partial",
              "Parent Relationship": "Outer",
              "Parallel Aware": false,
              "Startup Cost": 300689.86,
              "Total Cost": 300689.87,
              "Plan Rows": 1,
              "Plan Width": 8,
              "Actual Startup Time": 176.154,
              "Actual Total Time": 176.156,
              "Actual Rows": 1,
              "Actual Loops": 7,
              "Plans": [
                {
                  "Node Type": "Bitmap Heap Scan",
                  "Parent Relationship": "Outer",
                  "Parallel Aware": true,
                  "Relation Name": "cast_info",
                  "Alias": "ci",
                  "Startup Cost": 42631.43,
                  "Total Cost": 300165.1,
                  "Plan Rows": 209904,
                  "Plan Width": 0,
                  "Actual Startup Time": 62.174,
                  "Actual Total Time": 161.001,
                  "Actual Rows": 265851,
                  "Actual Loops": 7,
                  "Recheck Cond": "(person_id > 3694523)",
                  "Rows Removed by Index Recheck": 0,
                  "Filter": "(role_id > 1)",
                  "Rows Removed by Filter": 0,
                  "Exact Heap Blocks": 7174,
                  "Lossy Heap Blocks": 0,
                  "Plans": [
                    {
                      "Node Type": "Bitmap Index Scan",
                      "Parent Relationship": "Outer",
                      "Parallel Aware": false,
                      "Index Name": "person_id_cast_info",
                      "Startup Cost": 0.0,
                      "Total Cost": 42316.58,
                      "Plan Rows": 1938668,
                      "Plan Width": 0,
                      "Actual Startup Time": 67.289,
                      "Actual Total Time": 67.289,
                      "Actual Rows": 1860956,
                      "Actual Loops": 1,
                      "Index Cond": "(person_id > 3694523)"
                    }
                  ]
                }
              ]
            }
          ]
        }
      ]
    },
    "Planning Time": 0.108,
    "Triggers": [],
    "Execution Time": 197.439
  }
]