[
  {
    "Plan": {
      "Node Type": "Aggregate",
      "Strategy": "Plain",
      "Partial Mode": "Finalize",
      "Parallel Aware": false,
      "Startup Cost": 337563.01,
      "Total Cost": 337563.02,
      "Plan Rows": 1,
      "Plan Width": 8,
      "Actual Startup Time": 490.959,
      "Actual Total Time": 516.097,
      "Actual Rows": 1,
      "Actual Loops": 1,
      "Plans": [
        {
          "Node Type": "Gather",
          "Parent Relationship": "Outer",
          "Parallel Aware": false,
          "Startup Cost": 337562.39,
          "Total Cost": 337563.0,
          "Plan Rows": 6,
          "Plan Width": 8,
          "Actual Startup Time": 490.858,
          "Actual Total Time": 516.087,
          "Actual Rows": 7,
          "Actual Loops": 1,
          "Workers Planned": 6,
          "Workers Launched": 6,
          "Single Copy": false,
          "Plans": [
            {
              "Node Type": "Aggregate",
              "Strategy": "Plain",
              "Partial Mode": "Partial",
              "Parent Relationship": "Outer",
              "Parallel Aware": false,
              "Startup Cost": 336562.39,
              "Total Cost": 336562.4,
              "Plan Rows": 1,
              "Plan Width": 8,
              "Actual Startup Time": 482.018,
              "Actual Total Time": 482.02,
              "Actual Rows": 1,
              "Actual Loops": 7,
              "Plans": [
                {
                  "Node Type": "Index Scan",
                  "Parent Relationship": "Outer",
                  "Parallel Aware": true,
                  "Scan Direction": "Forward",
                  "Index Name": "role_id_cast_info",
                  "Relation Name": "cast_info",
                  "Alias": "ci",
                  "Startup Cost": 0.56,
                  "Total Cost": 335235.55,
                  "Plan Rows": 530735,
                  "Plan Width": 0,
                  "Actual Startup Time": 0.135,
                  "Actual Total Time": 429.372,
                  "Actual Rows": 962561,
                  "Actual Loops": 7,
                  "Index Cond": "(role_id = 1)",
                  "Rows Removed by Index Recheck": 0,
                  "Filter": "(person_id < 922471)",
                  "Rows Removed by Filter": 847538
                }
              ]
            }
          ]
        }
      ]
    },
    "Planning Time": 0.197,
    "Triggers": [],
    "Execution Time": 516.154
  }
]