[
  {
    "Plan": {
      "Node Type": "Aggregate",
      "Strategy": "Plain",
      "Partial Mode": "Finalize",
      "Parallel Aware": false,
      "Startup Cost": 25491.49,
      "Total Cost": 25491.5,
      "Plan Rows": 1,
      "Plan Width": 8,
      "Actual Startup Time": 52.931,
      "Actual Total Time": 61.01,
      "Actual Rows": 1,
      "Actual Loops": 1,
      "Plans": [
        {
          "Node Type": "Gather",
          "Parent Relationship": "Outer",
          "Parallel Aware": false,
          "Startup Cost": 25491.27,
          "Total Cost": 25491.48,
          "Plan Rows": 2,
          "Plan Width": 8,
          "Actual Startup Time": 52.803,
          "Actual Total Time": 61.004,
          "Actual Rows": 3,
          "Actual Loops": 1,
          "Workers Planned": 2,
          "Workers Launched": 2,
          "Single Copy": false,
          "Plans": [
            {
              "Node Type": "Aggregate",
              "Strategy": "Plain",
              "Partial Mode": "Partial",
              "Parent Relationship": "Outer",
              "Parallel Aware": false,
              "Startup Cost": 24491.27,
              "Total Cost": 24491.28,
              "Plan Rows": 1,
              "Plan Width": 8,
              "Actual Startup Time": 44.573,
              "Actual Total Time": 44.574,
              "Actual Rows": 1,
              "Actual Loops": 3,
              "Plans": [
                {
                  "Node Type": "Nested Loop",
                  "Parent Relationship": "Outer",
                  "Parallel Aware": false,
                  "Join Type": "Inner",
                  "Startup Cost": 88.85,
                  "Total Cost": 24486.9,
                  "Plan Rows": 1751,
                  "Plan Width": 0,
                  "Actual Startup Time": 2.866,
                  "Actual Total Time": 43.873,
                  "Actual Rows": 7046,
                  "Actual Loops": 3,
                  "Inner Unique": false,
                  "Plans": [
                    {
                      "Node Type": "Nested Loop",
                      "Parent Relationship": "Outer",
                      "Parallel Aware": false,
                      "Join Type": "Inner",
                      "Startup Cost": 88.42,
                      "Total Cost": 23447.84,
                      "Plan Rows": 1697,
                      "Plan Width": 8,
                      "Actual Startup Time": 2.674,
                      "Actual Total Time": 24.2,
                      "Actual Rows": 1333,
                      "Actual Loops": 3,
                      "Inner Unique": true,
                      "Plans": [
                        {
                          "Node Type": "Bitmap Heap Scan",
                          "Parent Relationship": "Outer",
                          "Parallel Aware": true,
                          "Relation Name": "movie_keyword",
                          "Alias": "mk",
                          "Startup Cost": 87.99,
                          "Total Cost": 10726.09,
                          "Plan Rows": 1697,
                          "Plan Width": 4,
                          "Actual Startup Time": 2.467,
                          "Actual Total Time": 8.769,
                          "Actual Rows": 1333,
                          "Actual Loops": 3,
                          "Recheck Cond": "(keyword_id = 917)",
                          "Rows Removed by Index Recheck": 0,
                          "Exact Heap Blocks": 2193,
                          "Lossy Heap Blocks": 0,
                          "Plans": [
                            {
                              "Node Type": "Bitmap Index Scan",
                              "Parent Relationship": "Outer",
                              "Parallel Aware": false,
                              "Index Name": "keyword_id_movie_keyword",
                              "Startup Cost": 0.0,
                              "Total Cost": 86.97,
                              "Plan Rows": 4072,
                              "Plan Width": 0,
                              "Actual Startup Time": 5.524,
                              "Actual Total Time": 5.525,
                              "Actual Rows": 4000,
                              "Actual Loops": 1,
                              "Index Cond": "(keyword_id = 917)"
                            }
                          ]
                        },
                        {
                          "Node Type": "Index Only Scan",
                          "Parent Relationship": "Inner",
                          "Parallel Aware": false,
                          "Scan Direction": "Forward",
                          "Index Name": "title_pkey",
                          "Relation Name": "title",
                          "Alias": "t",
                          "Startup Cost": 0.43,
                          "Total Cost": 7.5,
                          "Plan Rows": 1,
                          "Plan Width": 4,
                          "Actual Startup Time": 0.011,
                          "Actual Total Time": 0.011,
                          "Actual Rows": 1,
                          "Actual Loops": 4000,
                          "Index Cond": "(id = mk.movie_id)",
                          "Rows Removed by Index Recheck": 0,
                          "Heap Fetches": 4000
                        }
                      ]
                    },
                    {
                      "Node Type": "Index Only Scan",
                      "Parent Relationship": "Inner",
                      "Parallel Aware": false,
                      "Scan Direction": "Forward",
                      "Index Name": "movie_id_movie_companies",
                      "Relation Name": "movie_companies",
                      "Alias": "mc",
                      "Startup Cost": 0.43,
                      "Total Cost": 0.56,
                      "Plan Rows": 5,
                      "Plan Width": 4,
                      "Actual Startup Time": 0.01,
                      "Actual Total Time": 0.014,
                      "Actual Rows": 5,
                      "Actual Loops": 4000,
                      "Index Cond": "(movie_id = t.id)",
                      "Rows Removed by Index Recheck": 0,
                      "Heap Fetches": 21138
                    }
                  ]
                }
              ]
            }
          ]
        }
      ]
    },
    "Planning Time": 1.343,
    "Triggers": [],
    "Execution Time": 61.097
  }
]