[
  {
    "Plan": {
      "Node Type": "Aggregate",
      "Strategy": "Plain",
      "Partial Mode": "Finalize",
      "Parallel Aware": false,
      "Startup Cost": 426814.35,
      "Total Cost": 426814.36,
      "Plan Rows": 1,
      "Plan Width": 8,
      "Actual Startup Time": 1238.484,
      "Actual Total Time": 1269.763,
      "Actual Rows": 1,
      "Actual Loops": 1,
      "Plans": [
        {
          "Node Type": "Gather",
          "Parent Relationship": "Outer",
          "Parallel Aware": false,
          "Startup Cost": 426814.04,
          "Total Cost": 426814.35,
          "Plan Rows": 3,
          "Plan Width": 8,
          "Actual Startup Time": 1213.181,
          "Actual Total Time": 1269.752,
          "Actual Rows": 4,
          "Actual Loops": 1,
          "Workers Planned": 3,
          "Workers Launched": 3,
          "Single Copy": false,
          "Plans": [
            {
              "Node Type": "Aggregate",
              "Strategy": "Plain",
              "Partial Mode": "Partial",
              "Parent Relationship": "Outer",
              "Parallel Aware": false,
              "Startup Cost": 425814.04,
              "Total Cost": 425814.05,
              "Plan Rows": 1,
              "Plan Width": 8,
              "Actual Startup Time": 1203.9,
              "Actual Total Time": 1204.082,
              "Actual Rows": 1,
              "Actual Loops": 4,
              "Plans": [
                {
                  "Node Type": "Hash Join",
                  "Parent Relationship": "Outer",
                  "Parallel Aware": true,
                  "Join Type": "Inner",
                  "Startup Cost": 393281.63,
                  "Total Cost": 424512.24,
                  "Plan Rows": 520718,
                  "Plan Width": 0,
                  "Actual Startup Time": 919.576,
                  "Actual Total Time": 1176.977,
                  "Actual Rows": 608035,
                  "Actual Loops": 4,
                  "Inner Unique": false,
                  "Hash Cond": "(mc.movie_id = t.id)",
                  "Plans": [
                    {
                      "Node Type": "Seq Scan",
                      "Parent Relationship": "Outer",
                      "Parallel Aware": true,
                      "Relation Name": "movie_companies",
                      "Alias": "mc",
                      "Startup Cost": 0.0,
                      "Total Cost": 27206.55,
                      "Plan Rows": 841655,
                      "Plan Width": 4,
                      "Actual Startup Time": 0.014,
                      "Actual Total Time": 60.098,
                      "Actual Rows": 652282,
                      "Actual Loops": 4
                    },
                    {
                      "Node Type": "Hash",
                      "Parent Relationship": "Inner",
                      "Parallel Aware": true,
                      "Startup Cost": 390022.68,
                      "Total Cost": 390022.68,
                      "Plan Rows": 260716,
                      "Plan Width": 8,
                      "Actual Startup Time": 912.995,
                      "Actual Total Time": 913.176,
                      "Actual Rows": 256410,
                      "Actual Loops": 4,
                      "Hash Buckets": 2097152,
                      "Original Hash Buckets": 2097152,
                      "Hash Batches": 1,
                      "Original Hash Batches": 1,
                      "Peak Memory Usage": 56576,
                      "Plans": [
                        {
                          "Node Type": "Hash Join",
                          "Parent Relationship": "Outer",
                          "Parallel Aware": true,
                          "Join Type": "Inner",
                          "Startup Cost": 127809.48,
                          "Total Cost": 390022.68,
                          "Plan Rows": 260716,
                          "Plan Width": 8,
                          "Actual Startup Time": 594.232,
                          "Actual Total Time": 805.992,
                          "Actual Rows": 256410,
                          "Actual Loops": 4,
                          "Inner Unique": true,
                          "Hash Cond": "(ci.movie_id = t.id)",
                          "Plans": [
                            {
                              "Node Type": "Bitmap Heap Scan",
                              "Parent Relationship": "Outer",
                              "Parallel Aware": true,
                              "Relation Name": "cast_info",
                              "Alias": "ci",
                              "Startup Cost": 77589.1,
                              "Total Cost": 339117.92,
                              "Plan Rows": 260716,
                              "Plan Width": 4,
                              "Actual Startup Time": 229.152,
                              "Actual Total Time": 302.01,
                              "Actual Rows": 256410,
                              "Actual Loops": 4,
                              "Recheck Cond": "(person_id < 351351)",
                              "Rows Removed by Index Recheck": 0,
                              "Filter": "(role_id > 2)",
                              "Rows Removed by Filter": 660573,
                              "Exact Heap Blocks": 13473,
                              "Lossy Heap Blocks": 0,
                              "Plans": [
                                {
                                  "Node Type": "Bitmap Index Scan",
                                  "Parent Relationship": "Outer",
                                  "Parallel Aware": false,
                                  "Index Name": "person_id_cast_info",
                                  "Startup Cost": 0.0,
                                  "Total Cost": 77198.02,
                                  "Plan Rows": 3536728,
                                  "Plan Width": 0,
                                  "Actual Startup Time": 124.295,
                                  "Actual Total Time": 124.295,
                                  "Actual Rows": 3667933,
                                  "Actual Loops": 1,
                                  "Index Cond": "(person_id < 351351)"
                                }
                              ]
                            },
                            {
                              "Node Type": "Hash",
                              "Parent Relationship": "Inner",
                              "Parallel Aware": true,
                              "Startup Cost": 42319.06,
                              "Total Cost": 42319.06,
                              "Plan Rows": 632106,
                              "Plan Width": 4,
                              "Actual Startup Time": 358.06,
                              "Actual Total Time": 358.061,
                              "Actual Rows": 632078,
                              "Actual Loops": 4,
                              "Hash Buckets": 4194304,
                              "Original Hash Buckets": 4194304,
                              "Hash Batches": 1,
                              "Original Hash Batches": 1,
                              "Peak Memory Usage": 131776,
                              "Plans": [
                                {
                                  "Node Type": "Seq Scan",
                                  "Parent Relationship": "Outer",
                                  "Parallel Aware": true,
                                  "Relation Name": "title",
                                  "Alias": "t",
                                  "Startup Cost": 0.0,
                                  "Total Cost": 42319.06,
                                  "Plan Rows": 632106,
                                  "Plan Width": 4,
                                  "Actual Startup Time": 0.053,
                                  "Actual Total Time": 103.046,
                                  "Actual Rows": 632078,
                                  "Actual Loops": 4
                                }
                              ]
                            }
                          ]
                        }
                      ]
                    }
                  ]
                }
              ]
            }
          ]
        }
      ]
    },
    "Planning Time": 1.102,
    "Triggers": [],
    "Execution Time": 1269.845
  }
]