[
    {
        "Bao": {
            "Bao prediction": "NaN",
            "Bao recommended hint": "(no hint)"
        }
    },
    {
        "Plan": {
            "Node Type": "Aggregate",
            "Strategy": "Plain",
            "Partial Mode": "Finalize",
            "Parallel Aware": false,
            "Startup Cost": 64808.92,
            "Total Cost": 64808.93,
            "Plan Rows": 1,
            "Plan Width": 8,
            "Actual Startup Time": 139.145,
            "Actual Total Time": 151.095,
            "Actual Rows": 1,
            "Actual Loops": 1,
            "Output": [
                "count(*)"
            ],
            "Plans": [
                {
                    "Node Type": "Gather",
                    "Parent Relationship": "Outer",
                    "Parallel Aware": false,
                    "Startup Cost": 64808.5,
                    "Total Cost": 64808.91,
                    "Plan Rows": 4,
                    "Plan Width": 8,
                    "Actual Startup Time": 139.027,
                    "Actual Total Time": 151.087,
                    "Actual Rows": 5,
                    "Actual Loops": 1,
                    "Output": [
                        "(PARTIAL count(*))"
                    ],
                    "Workers Planned": 4,
                    "Workers Launched": 4,
                    "Single Copy": false,
                    "Plans": [
                        {
                            "Node Type": "Aggregate",
                            "Strategy": "Plain",
                            "Partial Mode": "Partial",
                            "Parent Relationship": "Outer",
                            "Parallel Aware": false,
                            "Startup Cost": 63808.5,
                            "Total Cost": 63808.51,
                            "Plan Rows": 1,
                            "Plan Width": 8,
                            "Actual Startup Time": 129.465,
                            "Actual Total Time": 129.466,
                            "Actual Rows": 1,
                            "Actual Loops": 5,
                            "Output": [
                                "PARTIAL count(*)"
                            ],
                            "Workers": [
                                {
                                    "Worker Number": 0,
                                    "Actual Startup Time": 126.782,
                                    "Actual Total Time": 126.784,
                                    "Actual Rows": 1,
                                    "Actual Loops": 1
                                },
                                {
                                    "Worker Number": 1,
                                    "Actual Startup Time": 126.915,
                                    "Actual Total Time": 126.915,
                                    "Actual Rows": 1,
                                    "Actual Loops": 1
                                },
                                {
                                    "Worker Number": 2,
                                    "Actual Startup Time": 127.352,
                                    "Actual Total Time": 127.354,
                                    "Actual Rows": 1,
                                    "Actual Loops": 1
                                },
                                {
                                    "Worker Number": 3,
                                    "Actual Startup Time": 127.559,
                                    "Actual Total Time": 127.561,
                                    "Actual Rows": 1,
                                    "Actual Loops": 1
                                }
                            ],
                            "Plans": [
                                {
                                    "Node Type": "Nested Loop",
                                    "Parent Relationship": "Outer",
                                    "Parallel Aware": false,
                                    "Join Type": "Inner",
                                    "Startup Cost": 0.86,
                                    "Total Cost": 63801.53,
                                    "Plan Rows": 2786,
                                    "Plan Width": 0,
                                    "Actual Startup Time": 3.509,
                                    "Actual Total Time": 126.62,
                                    "Actual Rows": 59414,
                                    "Actual Loops": 5,
                                    "Inner Unique": false,
                                    "Join Filter": "(t.id = mc.movie_id)",
                                    "Rows Removed by Join Filter": 0,
                                    "Workers": [
                                        {
                                            "Worker Number": 0,
                                            "Actual Startup Time": 7.326,
                                            "Actual Total Time": 124.295,
                                            "Actual Rows": 57170,
                                            "Actual Loops": 1
                                        },
                                        {
                                            "Worker Number": 1,
                                            "Actual Startup Time": 2.594,
                                            "Actual Total Time": 124.225,
                                            "Actual Rows": 59346,
                                            "Actual Loops": 1
                                        },
                                        {
                                            "Worker Number": 2,
                                            "Actual Startup Time": 3.565,
                                            "Actual Total Time": 124.833,
                                            "Actual Rows": 55915,
                                            "Actual Loops": 1
                                        },
                                        {
                                            "Worker Number": 3,
                                            "Actual Startup Time": 3.833,
                                            "Actual Total Time": 124.812,
                                            "Actual Rows": 38345,
                                            "Actual Loops": 1
                                        }
                                    ],
                                    "Plans": [
                                        {
                                            "Node Type": "Nested Loop",
                                            "Parent Relationship": "Outer",
                                            "Parallel Aware": false,
                                            "Join Type": "Inner",
                                            "Startup Cost": 0.43,
                                            "Total Cost": 61745.03,
                                            "Plan Rows": 3399,
                                            "Plan Width": 8,
                                            "Actual Startup Time": 3.182,
                                            "Actual Total Time": 89.901,
                                            "Actual Rows": 8531,
                                            "Actual Loops": 5,
                                            "Output": [
                                                "t.id",
                                                "mk.movie_id"
                                            ],
                                            "Inner Unique": false,
                                            "Workers": [
                                                {
                                                    "Worker Number": 0,
                                                    "Actual Startup Time": 7.178,
                                                    "Actual Total Time": 89.23,
                                                    "Actual Rows": 8222,
                                                    "Actual Loops": 1
                                                },
                                                {
                                                    "Worker Number": 1,
                                                    "Actual Startup Time": 2.41,
                                                    "Actual Total Time": 87.45,
                                                    "Actual Rows": 8340,
                                                    "Actual Loops": 1
                                                },
                                                {
                                                    "Worker Number": 2,
                                                    "Actual Startup Time": 2.505,
                                                    "Actual Total Time": 88.783,
                                                    "Actual Rows": 8488,
                                                    "Actual Loops": 1
                                                },
                                                {
                                                    "Worker Number": 3,
                                                    "Actual Startup Time": 3.604,
                                                    "Actual Total Time": 88.953,
                                                    "Actual Rows": 4947,
                                                    "Actual Loops": 1
                                                }
                                            ],
                                            "Plans": [
                                                {
                                                    "Node Type": "Seq Scan",
                                                    "Parent Relationship": "Outer",
                                                    "Parallel Aware": true,
                                                    "Relation Name": "title",
                                                    "Schema": "public",
                                                    "Alias": "t",
                                                    "Startup Cost": 0.0,
                                                    "Total Cost": 45479.21,
                                                    "Plan Rows": 1900,
                                                    "Plan Width": 4,
                                                    "Actual Startup Time": 1.153,
                                                    "Actual Total Time": 69.625,
                                                    "Actual Rows": 1555,
                                                    "Actual Loops": 5,
                                                    "Output": [
                                                        "t.id",
                                                        "t.title",
                                                        "t.imdb_index",
                                                        "t.kind_id",
                                                        "t.production_year",
                                                        "t.imdb_id",
                                                        "t.phonetic_code",
                                                        "t.episode_of_id",
                                                        "t.season_nr",
                                                        "t.episode_nr",
                                                        "t.series_years",
                                                        "t.md5sum"
                                                    ],
                                                    "Filter": "((t.kind_id < 7) AND (t.production_year = 1985))",
                                                    "Rows Removed by Filter": 504107,
                                                    "Workers": [
                                                        {
                                                            "Worker Number": 0,
                                                            "Actual Startup Time": 0.107,
                                                            "Actual Total Time": 66.888,
                                                            "Actual Rows": 1478,
                                                            "Actual Loops": 1
                                                        },
                                                        {
                                                            "Worker Number": 1,
                                                            "Actual Startup Time": 1.926,
                                                            "Actual Total Time": 65.015,
                                                            "Actual Rows": 1495,
                                                            "Actual Loops": 1
                                                        },
                                                        {
                                                            "Worker Number": 2,
                                                            "Actual Startup Time": 2.021,
                                                            "Actual Total Time": 66.535,
                                                            "Actual Rows": 1509,
                                                            "Actual Loops": 1
                                                        },
                                                        {
                                                            "Worker Number": 3,
                                                            "Actual Startup Time": 1.513,
                                                            "Actual Total Time": 68.117,
                                                            "Actual Rows": 938,
                                                            "Actual Loops": 1
                                                        }
                                                    ]
                                                },
                                                {
                                                    "Node Type": "Index Only Scan",
                                                    "Parent Relationship": "Inner",
                                                    "Parallel Aware": false,
                                                    "Scan Direction": "Forward",
                                                    "Index Name": "movie_id_movie_keyword",
                                                    "Relation Name": "movie_keyword",
                                                    "Schema": "public",
                                                    "Alias": "mk",
                                                    "Startup Cost": 0.43,
                                                    "Total Cost": 8.1,
                                                    "Plan Rows": 46,
                                                    "Plan Width": 4,
                                                    "Actual Startup Time": 0.011,
                                                    "Actual Total Time": 0.012,
                                                    "Actual Rows": 5,
                                                    "Actual Loops": 7777,
                                                    "Output": [
                                                        "mk.movie_id"
                                                    ],
                                                    "Index Cond": "(mk.movie_id = t.id)",
                                                    "Rows Removed by Index Recheck": 0,
                                                    "Heap Fetches": 42657,
                                                    "Workers": [
                                                        {
                                                            "Worker Number": 0,
                                                            "Actual Startup Time": 0.013,
                                                            "Actual Total Time": 0.014,
                                                            "Actual Rows": 6,
                                                            "Actual Loops": 1478
                                                        },
                                                        {
                                                            "Worker Number": 1,
                                                            "Actual Startup Time": 0.013,
                                                            "Actual Total Time": 0.014,
                                                            "Actual Rows": 6,
                                                            "Actual Loops": 1495
                                                        },
                                                        {
                                                            "Worker Number": 2,
                                                            "Actual Startup Time": 0.013,
                                                            "Actual Total Time": 0.014,
                                                            "Actual Rows": 6,
                                                            "Actual Loops": 1509
                                                        },
                                                        {
                                                            "Worker Number": 3,
                                                            "Actual Startup Time": 0.019,
                                                            "Actual Total Time": 0.021,
                                                            "Actual Rows": 5,
                                                            "Actual Loops": 938
                                                        }
                                                    ]
                                                }
                                            ]
                                        },
                                        {
                                            "Node Type": "Index Scan",
                                            "Parent Relationship": "Inner",
                                            "Parallel Aware": false,
                                            "Scan Direction": "Forward",
                                            "Index Name": "movie_id_movie_companies",
                                            "Relation Name": "movie_companies",
                                            "Schema": "public",
                                            "Alias": "mc",
                                            "Startup Cost": 0.43,
                                            "Total Cost": 0.56,
                                            "Plan Rows": 4,
                                            "Plan Width": 4,
                                            "Actual Startup Time": 0.002,
                                            "Actual Total Time": 0.004,
                                            "Actual Rows": 7,
                                            "Actual Loops": 42657,
                                            "Output": [
                                                "mc.id",
                                                "mc.movie_id",
                                                "mc.company_id",
                                                "mc.company_type_id",
                                                "mc.note"
                                            ],
                                            "Index Cond": "(mc.movie_id = mk.movie_id)",
                                            "Rows Removed by Index Recheck": 0,
                                            "Filter": "(mc.company_id < 72366)",
                                            "Rows Removed by Filter": 1,
                                            "Workers": [
                                                {
                                                    "Worker Number": 0,
                                                    "Actual Startup Time": 0.002,
                                                    "Actual Total Time": 0.004,
                                                    "Actual Rows": 7,
                                                    "Actual Loops": 8222
                                                },
                                                {
                                                    "Worker Number": 1,
                                                    "Actual Startup Time": 0.002,
                                                    "Actual Total Time": 0.004,
                                                    "Actual Rows": 7,
                                                    "Actual Loops": 8340
                                                },
                                                {
                                                    "Worker Number": 2,
                                                    "Actual Startup Time": 0.002,
                                                    "Actual Total Time": 0.004,
                                                    "Actual Rows": 7,
                                                    "Actual Loops": 8488
                                                },
                                                {
                                                    "Worker Number": 3,
                                                    "Actual Startup Time": 0.004,
                                                    "Actual Total Time": 0.006,
                                                    "Actual Rows": 8,
                                                    "Actual Loops": 4947
                                                }
                                            ]
                                        }
                                    ]
                                }
                            ]
                        }
                    ]
                }
            ]
        },
        "Planning Time": 215.18,
        "Triggers": [],
        "Execution Time": 151.159
    }
]