[
  {
    "Plan": {
      "Node Type": "Aggregate",
      "Strategy": "Plain",
      "Partial Mode": "Finalize",
      "Parallel Aware": false,
      "Startup Cost": 303642.07,
      "Total Cost": 303642.08,
      "Plan Rows": 1,
      "Plan Width": 8,
      "Actual Startup Time": 1146.801,
      "Actual Total Time": 1200.097,
      "Actual Rows": 1,
      "Actual Loops": 1,
      "Plans": [
        {
          "Node Type": "Gather",
          "Parent Relationship": "Outer",
          "Parallel Aware": false,
          "Startup Cost": 303641.55,
          "Total Cost": 303642.06,
          "Plan Rows": 5,
          "Plan Width": 8,
          "Actual Startup Time": 1131.709,
          "Actual Total Time": 1200.083,
          "Actual Rows": 6,
          "Actual Loops": 1,
          "Workers Planned": 5,
          "Workers Launched": 5,
          "Single Copy": false,
          "Plans": [
            {
              "Node Type": "Aggregate",
              "Strategy": "Plain",
              "Partial Mode": "Partial",
              "Parent Relationship": "Outer",
              "Parallel Aware": false,
              "Startup Cost": 302641.55,
              "Total Cost": 302641.56,
              "Plan Rows": 1,
              "Plan Width": 8,
              "Actual Startup Time": 1120.622,
              "Actual Total Time": 1120.889,
              "Actual Rows": 1,
              "Actual Loops": 6,
              "Plans": [
                {
                  "Node Type": "Hash Join",
                  "Parent Relationship": "Outer",
                  "Parallel Aware": true,
                  "Join Type": "Inner",
                  "Startup Cost": 96272.56,
                  "Total Cost": 301016.93,
                  "Plan Rows": 649848,
                  "Plan Width": 0,
                  "Actual Startup Time": 373.412,
                  "Actual Total Time": 1086.495,
                  "Actual Rows": 732340,
                  "Actual Loops": 6,
                  "Inner Unique": false,
                  "Hash Cond": "(mi.movie_id = t.id)",
                  "Plans": [
                    {
                      "Node Type": "Seq Scan",
                      "Parent Relationship": "Outer",
                      "Parallel Aware": true,
                      "Relation Name": "movie_info",
                      "Alias": "mi",
                      "Startup Cost": 0.0,
                      "Total Cost": 191560.33,
                      "Plan Rows": 2956733,
                      "Plan Width": 4,
                      "Actual Startup Time": 0.034,
                      "Actual Total Time": 317.616,
                      "Actual Rows": 2472620,
                      "Actual Loops": 6
                    },
                    {
                      "Node Type": "Hash",
                      "Parent Relationship": "Inner",
                      "Parallel Aware": true,
                      "Startup Cost": 94031.89,
                      "Total Cost": 94031.89,
                      "Plan Rows": 179253,
                      "Plan Width": 8,
                      "Actual Startup Time": 369.096,
                      "Actual Total Time": 369.361,
                      "Actual Rows": 55358,
                      "Actual Loops": 6,
                      "Hash Buckets": 1048576,
                      "Original Hash Buckets": 1048576,
                      "Hash Batches": 1,
                      "Original Hash Batches": 1,
                      "Peak Memory Usage": 21280,
                      "Plans": [
                        {
                          "Node Type": "Hash Join",
                          "Parent Relationship": "Outer",
                          "Parallel Aware": true,
                          "Join Type": "Inner",
                          "Startup Cost": 50611.95,
                          "Total Cost": 94031.89,
                          "Plan Rows": 179253,
                          "Plan Width": 8,
                          "Actual Startup Time": 227.737,
                          "Actual Total Time": 342.365,
                          "Actual Rows": 55358,
                          "Actual Loops": 6,
                          "Inner Unique": true,
                          "Hash Cond": "(mk.movie_id = t.id)",
                          "Plans": [
                            {
                              "Node Type": "Seq Scan",
                              "Parent Relationship": "Outer",
                              "Parallel Aware": true,
                              "Relation Name": "movie_keyword",
                              "Alias": "mk",
                              "Startup Cost": 0.0,
                              "Total Cost": 42695.65,
                              "Plan Rows": 275921,
                              "Plan Width": 4,
                              "Actual Startup Time": 0.036,
                              "Actual Total Time": 74.225,
                              "Actual Rows": 143554,
                              "Actual Loops": 6,
                              "Filter": "(keyword_id < 820)",
                              "Rows Removed by Filter": 610434
                            },
                            {
                              "Node Type": "Hash",
                              "Parent Relationship": "Inner",
                              "Parallel Aware": true,
                              "Startup Cost": 45479.1,
                              "Total Cost": 45479.1,
                              "Plan Rows": 410628,
                              "Plan Width": 4,
                              "Actual Startup Time": 224.381,
                              "Actual Total Time": 224.382,
                              "Actual Rows": 271640,
                              "Actual Loops": 6,
                              "Hash Buckets": 2097152,
                              "Original Hash Buckets": 2097152,
                              "Hash Batches": 1,
                              "Original Hash Batches": 1,
                              "Peak Memory Usage": 80224,
                              "Plans": [
                                {
                                  "Node Type": "Seq Scan",
                                  "Parent Relationship": "Outer",
                                  "Parallel Aware": true,
                                  "Relation Name": "title",
                                  "Alias": "t",
                                  "Startup Cost": 0.0,
                                  "Total Cost": 45479.1,
                                  "Plan Rows": 410628,
                                  "Plan Width": 4,
                                  "Actual Startup Time": 0.045,
                                  "Actual Total Time": 93.393,
                                  "Actual Rows": 271640,
                                  "Actual Loops": 6,
                                  "Filter": "((kind_id > 1) AND (production_year < 2012))",
                                  "Rows Removed by Filter": 149746
                                }
                              ]
                            }
                          ]
                        }
                      ]
                    }
                  ]
                }
              ]
            }
          ]
        }
      ]
    },
    "Planning Time": 1.393,
    "Triggers": [],
    "Execution Time": 1200.197
  }
]