[
  {
    "Plan": {
      "Node Type": "Aggregate",
      "Strategy": "Plain",
      "Partial Mode": "Finalize",
      "Parallel Aware": false,
      "Startup Cost": 33456.47,
      "Total Cost": 33456.48,
      "Plan Rows": 1,
      "Plan Width": 8,
      "Actual Startup Time": 40.888,
      "Actual Total Time": 48.95,
      "Actual Rows": 1,
      "Actual Loops": 1,
      "Plans": [
        {
          "Node Type": "Gather",
          "Parent Relationship": "Outer",
          "Parallel Aware": false,
          "Startup Cost": 33456.15,
          "Total Cost": 33456.46,
          "Plan Rows": 3,
          "Plan Width": 8,
          "Actual Startup Time": 40.722,
          "Actual Total Time": 48.942,
          "Actual Rows": 4,
          "Actual Loops": 1,
          "Workers Planned": 3,
          "Workers Launched": 3,
          "Single Copy": false,
          "Plans": [
            {
              "Node Type": "Aggregate",
              "Strategy": "Plain",
              "Partial Mode": "Partial",
              "Parent Relationship": "Outer",
              "Parallel Aware": false,
              "Startup Cost": 32456.15,
              "Total Cost": 32456.16,
              "Plan Rows": 1,
              "Plan Width": 8,
              "Actual Startup Time": 35.84,
              "Actual Total Time": 35.841,
              "Actual Rows": 1,
              "Actual Loops": 4,
              "Plans": [
                {
                  "Node Type": "Nested Loop",
                  "Parent Relationship": "Outer",
                  "Parallel Aware": false,
                  "Join Type": "Inner",
                  "Startup Cost": 0.99,
                  "Total Cost": 32455.61,
                  "Plan Rows": 215,
                  "Plan Width": 0,
                  "Actual Startup Time": 1.669,
                  "Actual Total Time": 35.811,
                  "Actual Rows": 96,
                  "Actual Loops": 4,
                  "Inner Unique": true,
                  "Plans": [
                    {
                      "Node Type": "Index Scan",
                      "Parent Relationship": "Outer",
                      "Parallel Aware": true,
                      "Scan Direction": "Forward",
                      "Index Name": "role_id_cast_info",
                      "Relation Name": "cast_info",
                      "Alias": "ci",
                      "Startup Cost": 0.56,
                      "Total Cost": 9091.72,
                      "Plan Rows": 3676,
                      "Plan Width": 4,
                      "Actual Startup Time": 0.062,
                      "Actual Total Time": 19.438,
                      "Actual Rows": 1246,
                      "Actual Loops": 4,
                      "Index Cond": "(role_id > 10)",
                      "Rows Removed by Index Recheck": 0,
                      "Filter": "(person_id < 135647)",
                      "Rows Removed by Filter": 77784
                    },
                    {
                      "Node Type": "Index Scan",
                      "Parent Relationship": "Inner",
                      "Parallel Aware": false,
                      "Scan Direction": "Forward",
                      "Index Name": "title_pkey",
                      "Relation Name": "title",
                      "Alias": "t",
                      "Startup Cost": 0.43,
                      "Total Cost": 6.36,
                      "Plan Rows": 1,
                      "Plan Width": 4,
                      "Actual Startup Time": 0.013,
                      "Actual Total Time": 0.013,
                      "Actual Rows": 0,
                      "Actual Loops": 4983,
                      "Index Cond": "(id = ci.movie_id)",
                      "Rows Removed by Index Recheck": 0,
                      "Filter": "((kind_id < 7) AND (production_year < 1972))",
                      "Rows Removed by Filter": 1
                    }
                  ]
                }
              ]
            }
          ]
        }
      ]
    },
    "Planning Time": 0.536,
    "Triggers": [],
    "Execution Time": 49.019
  }
]