[
  {
    "Plan": {
      "Node Type": "Aggregate",
      "Strategy": "Plain",
      "Partial Mode": "Finalize",
      "Parallel Aware": false,
      "Startup Cost": 244284.56,
      "Total Cost": 244284.57,
      "Plan Rows": 1,
      "Plan Width": 8,
      "Actual Startup Time": 214.376,
      "Actual Total Time": 232.533,
      "Actual Rows": 1,
      "Actual Loops": 1,
      "Plans": [
        {
          "Node Type": "Gather",
          "Parent Relationship": "Outer",
          "Parallel Aware": false,
          "Startup Cost": 244284.03,
          "Total Cost": 244284.54,
          "Plan Rows": 5,
          "Plan Width": 8,
          "Actual Startup Time": 210.196,
          "Actual Total Time": 232.524,
          "Actual Rows": 6,
          "Actual Loops": 1,
          "Workers Planned": 5,
          "Workers Launched": 5,
          "Single Copy": false,
          "Plans": [
            {
              "Node Type": "Aggregate",
              "Strategy": "Plain",
              "Partial Mode": "Partial",
              "Parent Relationship": "Outer",
              "Parallel Aware": false,
              "Startup Cost": 243284.03,
              "Total Cost": 243284.04,
              "Plan Rows": 1,
              "Plan Width": 8,
              "Actual Startup Time": 199.275,
              "Actual Total Time": 199.279,
              "Actual Rows": 1,
              "Actual Loops": 6,
              "Plans": [
                {
                  "Node Type": "Nested Loop",
                  "Parent Relationship": "Outer",
                  "Parallel Aware": false,
                  "Join Type": "Inner",
                  "Startup Cost": 53290.27,
                  "Total Cost": 243225.54,
                  "Plan Rows": 23398,
                  "Plan Width": 0,
                  "Actual Startup Time": 121.803,
                  "Actual Total Time": 198.332,
                  "Actual Rows": 16934,
                  "Actual Loops": 6,
                  "Inner Unique": false,
                  "Plans": [
                    {
                      "Node Type": "Hash Join",
                      "Parent Relationship": "Outer",
                      "Parallel Aware": true,
                      "Join Type": "Inner",
                      "Startup Cost": 53289.83,
                      "Total Cost": 216339.73,
                      "Plan Rows": 13077,
                      "Plan Width": 8,
                      "Actual Startup Time": 121.503,
                      "Actual Total Time": 174.024,
                      "Actual Rows": 5628,
                      "Actual Loops": 6,
                      "Inner Unique": true,
                      "Hash Cond": "(mi.movie_id = t.id)",
                      "Plans": [
                        {
                          "Node Type": "Bitmap Heap Scan",
                          "Parent Relationship": "Outer",
                          "Parallel Aware": true,
                          "Relation Name": "movie_info",
                          "Alias": "mi",
                          "Startup Cost": 6332.18,
                          "Total Cost": 169198.65,
                          "Plan Rows": 69877,
                          "Plan Width": 4,
                          "Actual Startup Time": 16.185,
                          "Actual Total Time": 50.893,
                          "Actual Rows": 54810,
                          "Actual Loops": 6,
                          "Recheck Cond": "(info_type_id = 98)",
                          "Rows Removed by Index Recheck": 0,
                          "Exact Heap Blocks": 6533,
                          "Lossy Heap Blocks": 0,
                          "Plans": [
                            {
                              "Node Type": "Bitmap Index Scan",
                              "Parent Relationship": "Outer",
                              "Parallel Aware": false,
                              "Index Name": "info_type_id_movie_info",
                              "Startup Cost": 0.0,
                              "Total Cost": 6244.84,
                              "Plan Rows": 349387,
                              "Plan Width": 0,
                              "Actual Startup Time": 12.519,
                              "Actual Total Time": 12.52,
                              "Actual Rows": 328857,
                              "Actual Loops": 1,
                              "Index Cond": "(info_type_id = 98)"
                            }
                          ]
                        },
                        {
                          "Node Type": "Hash",
                          "Parent Relationship": "Inner",
                          "Parallel Aware": true,
                          "Startup Cost": 45479.1,
                          "Total Cost": 45479.1,
                          "Plan Rows": 118284,
                          "Plan Width": 4,
                          "Actual Startup Time": 102.773,
                          "Actual Total Time": 102.774,
                          "Actual Rows": 60076,
                          "Actual Loops": 6,
                          "Hash Buckets": 524288,
                          "Original Hash Buckets": 524288,
                          "Hash Batches": 1,
                          "Original Hash Batches": 1,
                          "Peak Memory Usage": 18272,
                          "Plans": [
                            {
                              "Node Type": "Seq Scan",
                              "Parent Relationship": "Outer",
                              "Parallel Aware": true,
                              "Relation Name": "title",
                              "Alias": "t",
                              "Startup Cost": 0.0,
                              "Total Cost": 45479.1,
                              "Plan Rows": 118284,
                              "Plan Width": 4,
                              "Actual Startup Time": 0.038,
                              "Actual Total Time": 79.659,
                              "Actual Rows": 60076,
                              "Actual Loops": 6,
                              "Filter": "((production_year < 1994) AND (kind_id = 7))",
                              "Rows Removed by Filter": 361309
                            }
                          ]
                        }
                      ]
                    },
                    {
                      "Node Type": "Index Only Scan",
                      "Parent Relationship": "Inner",
                      "Parallel Aware": false,
                      "Scan Direction": "Forward",
                      "Index Name": "movie_id_movie_keyword",
                      "Relation Name": "movie_keyword",
                      "Alias": "mk",
                      "Startup Cost": 0.43,
                      "Total Cost": 1.61,
                      "Plan Rows": 45,
                      "Plan Width": 4,
                      "Actual Startup Time": 0.003,
                      "Actual Total Time": 0.004,
                      "Actual Rows": 3,
                      "Actual Loops": 33770,
                      "Index Cond": "(movie_id = t.id)",
                      "Rows Removed by Index Recheck": 0,
                      "Heap Fetches": 101606
                    }
                  ]
                }
              ]
            }
          ]
        }
      ]
    },
    "Planning Time": 1.433,
    "Triggers": [],
    "Execution Time": 232.669
  }
]