[
  {
    "Plan": {
      "Node Type": "Aggregate",
      "Strategy": "Plain",
      "Partial Mode": "Finalize",
      "Parallel Aware": false,
      "Startup Cost": 46430.65,
      "Total Cost": 46430.66,
      "Plan Rows": 1,
      "Plan Width": 8,
      "Actual Startup Time": 174.877,
      "Actual Total Time": 184.553,
      "Actual Rows": 1,
      "Actual Loops": 1,
      "Plans": [
        {
          "Node Type": "Gather",
          "Parent Relationship": "Outer",
          "Parallel Aware": false,
          "Startup Cost": 46430.34,
          "Total Cost": 46430.65,
          "Plan Rows": 3,
          "Plan Width": 8,
          "Actual Startup Time": 174.743,
          "Actual Total Time": 184.545,
          "Actual Rows": 4,
          "Actual Loops": 1,
          "Workers Planned": 3,
          "Workers Launched": 3,
          "Single Copy": false,
          "Plans": [
            {
              "Node Type": "Aggregate",
              "Strategy": "Plain",
              "Partial Mode": "Partial",
              "Parent Relationship": "Outer",
              "Parallel Aware": false,
              "Startup Cost": 45430.34,
              "Total Cost": 45430.35,
              "Plan Rows": 1,
              "Plan Width": 8,
              "Actual Startup Time": 166.875,
              "Actual Total Time": 166.876,
              "Actual Rows": 1,
              "Actual Loops": 4,
              "Plans": [
                {
                  "Node Type": "Seq Scan",
                  "Parent Relationship": "Outer",
                  "Parallel Aware": true,
                  "Relation Name": "movie_keyword",
                  "Alias": "mk",
                  "Startup Cost": 0.0,
                  "Total Cost": 42695.65,
                  "Plan Rows": 1093873,
                  "Plan Width": 0,
                  "Actual Startup Time": 0.119,
                  "Actual Total Time": 127.439,
                  "Actual Rows": 845751,
                  "Actual Loops": 4,
                  "Filter": "(keyword_id > 1293)",
                  "Rows Removed by Filter": 285232
                }
              ]
            }
          ]
        }
      ]
    },
    "Planning Time": 0.117,
    "Triggers": [],
    "Execution Time": 184.59
  }
]