[
  {
    "Plan": {
      "Node Type": "Aggregate",
      "Strategy": "Plain",
      "Partial Mode": "Finalize",
      "Parallel Aware": false,
      "Startup Cost": 46950.92,
      "Total Cost": 46950.93,
      "Plan Rows": 1,
      "Plan Width": 8,
      "Actual Startup Time": 176.685,
      "Actual Total Time": 188.044,
      "Actual Rows": 1,
      "Actual Loops": 1,
      "Plans": [
        {
          "Node Type": "Gather",
          "Parent Relationship": "Outer",
          "Parallel Aware": false,
          "Startup Cost": 46950.61,
          "Total Cost": 46950.92,
          "Plan Rows": 3,
          "Plan Width": 8,
          "Actual Startup Time": 176.521,
          "Actual Total Time": 188.036,
          "Actual Rows": 4,
          "Actual Loops": 1,
          "Workers Planned": 3,
          "Workers Launched": 3,
          "Single Copy": false,
          "Plans": [
            {
              "Node Type": "Aggregate",
              "Strategy": "Plain",
              "Partial Mode": "Partial",
              "Parent Relationship": "Outer",
              "Parallel Aware": false,
              "Startup Cost": 45950.61,
              "Total Cost": 45950.62,
              "Plan Rows": 1,
              "Plan Width": 8,
              "Actual Startup Time": 169.51,
              "Actual Total Time": 169.512,
              "Actual Rows": 1,
              "Actual Loops": 4,
              "Plans": [
                {
                  "Node Type": "Seq Scan",
                  "Parent Relationship": "Outer",
                  "Parallel Aware": true,
                  "Relation Name": "movie_keyword",
                  "Alias": "mk",
                  "Startup Cost": 0.0,
                  "Total Cost": 42695.65,
                  "Plan Rows": 1301981,
                  "Plan Width": 0,
                  "Actual Startup Time": 0.052,
                  "Actual Total Time": 123.88,
                  "Actual Rows": 1009660,
                  "Actual Loops": 4,
                  "Filter": "(keyword_id < 36981)",
                  "Rows Removed by Filter": 121323
                }
              ]
            }
          ]
        }
      ]
    },
    "Planning Time": 0.132,
    "Triggers": [],
    "Execution Time": 188.084
  }
]