[
  {
    "Plan": {
      "Node Type": "Aggregate",
      "Strategy": "Plain",
      "Partial Mode": "Simple",
      "Parallel Aware": false,
      "Startup Cost": 147311.89,
      "Total Cost": 147311.9,
      "Plan Rows": 1,
      "Plan Width": 8,
      "Actual Startup Time": 27.129,
      "Actual Total Time": 27.13,
      "Actual Rows": 1,
      "Actual Loops": 1,
      "Plans": [
        {
          "Node Type": "Index Only Scan",
          "Parent Relationship": "Outer",
          "Parallel Aware": false,
          "Scan Direction": "Forward",
          "Index Name": "person_id_cast_info",
          "Relation Name": "cast_info",
          "Alias": "ci",
          "Startup Cost": 0.56,
          "Total Cost": 147101.1,
          "Plan Rows": 84316,
          "Plan Width": 0,
          "Actual Startup Time": 0.011,
          "Actual Total Time": 22.115,
          "Actual Rows": 89015,
          "Actual Loops": 1,
          "Index Cond": "(person_id < 10293)",
          "Rows Removed by Index Recheck": 0,
          "Heap Fetches": 89015
        }
      ]
    },
    "Planning Time": 0.146,
    "Triggers": [],
    "Execution Time": 27.151
  }
]