[
  {
    "Plan": {
      "Node Type": "Aggregate",
      "Strategy": "Plain",
      "Partial Mode": "Simple",
      "Parallel Aware": false,
      "Startup Cost": 3909.57,
      "Total Cost": 3909.58,
      "Plan Rows": 1,
      "Plan Width": 192,
      "Actual Startup Time": 120.745,
      "Actual Total Time": 120.757,
      "Actual Rows": 1,
      "Actual Loops": 1,
      "Plans": [
        {
          "Node Type": "Nested Loop",
          "Parent Relationship": "Outer",
          "Parallel Aware": false,
          "Join Type": "Inner",
          "Startup Cost": 878.31,
          "Total Cost": 3909.52,
          "Plan Rows": 3,
          "Plan Width": 82,
          "Actual Startup Time": 7.848,
          "Actual Total Time": 117.499,
          "Actual Rows": 15092,
          "Actual Loops": 1,
          "Inner Unique": true,
          "Plans": [
            {
              "Node Type": "Nested Loop",
              "Parent Relationship": "Outer",
              "Parallel Aware": false,
              "Join Type": "Inner",
              "Startup Cost": 877.89,
              "Total Cost": 3908.19,
              "Plan Rows": 3,
              "Plan Width": 67,
              "Actual Startup Time": 7.828,
              "Actual Total Time": 97.9,
              "Actual Rows": 15092,
              "Actual Loops": 1,
              "Inner Unique": false,
              "Plans": [
                {
                  "Node Type": "Nested Loop",
                  "Parent Relationship": "Outer",
                  "Parallel Aware": false,
                  "Join Type": "Inner",
                  "Startup Cost": 877.46,
                  "Total Cost": 3907.55,
                  "Plan Rows": 1,
                  "Plan Width": 75,
                  "Actual Startup Time": 6.716,
                  "Actual Total Time": 86.375,
                  "Actual Rows": 3907,
                  "Actual Loops": 1,
                  "Inner Unique": true,
                  "Plans": [
                    {
                      "Node Type": "Nested Loop",
                      "Parent Relationship": "Outer",
                      "Parallel Aware": false,
                      "Join Type": "Inner",
                      "Startup Cost": 877.04,
                      "Total Cost": 3907.11,
                      "Plan Rows": 1,
                      "Plan Width": 60,
                      "Actual Startup Time": 6.69,
                      "Actual Total Time": 75.916,
                      "Actual Rows": 5576,
                      "Actual Loops": 1,
                      "Inner Unique": false,
                      "Plans": [
                        {
                          "Node Type": "Nested Loop",
                          "Parent Relationship": "Outer",
                          "Parallel Aware": false,
                          "Join Type": "Inner",
                          "Startup Cost": 876.61,
                          "Total Cost": 3906.5,
                          "Plan Rows": 1,
                          "Plan Width": 68,
                          "Actual Startup Time": 6.679,
                          "Actual Total Time": 70.813,
                          "Actual Rows": 973,
                          "Actual Loops": 1,
                          "Inner Unique": true,
                          "Plans": [
                            {
                              "Node Type": "Nested Loop",
                              "Parent Relationship": "Outer",
                              "Parallel Aware": false,
                              "Join Type": "Inner",
                              "Startup Cost": 876.47,
                              "Total Cost": 3906.33,
                              "Plan Rows": 1,
                              "Plan Width": 72,
                              "Actual Startup Time": 6.18,
                              "Actual Total Time": 68.268,
                              "Actual Rows": 1737,
                              "Actual Loops": 1,
                              "Inner Unique": true,
                              "Join Filter": "(ml.linked_movie_id = t2.id)",
                              "Rows Removed by Join Filter": 0,
                              "Plans": [
                                {
                                  "Node Type": "Hash Join",
                                  "Parent Relationship": "Outer",
                                  "Parallel Aware": false,
                                  "Join Type": "Inner",
                                  "Startup Cost": 876.04,
                                  "Total Cost": 3905.73,
                                  "Plan Rows": 1,
                                  "Plan Width": 47,
                                  "Actual Startup Time": 6.121,
                                  "Actual Total Time": 52.071,
                                  "Actual Rows": 2177,
                                  "Actual Loops": 1,
                                  "Inner Unique": true,
                                  "Hash Cond": "(mi_idx2.info_type_id = it2.id)",
                                  "Plans": [
                                    {
                                      "Node Type": "Nested Loop",
                                      "Parent Relationship": "Outer",
                                      "Parallel Aware": false,
                                      "Join Type": "Inner",
                                      "Startup Cost": 873.62,
                                      "Total Cost": 3902.99,
                                      "Plan Rows": 118,
                                      "Plan Width": 51,
                                      "Actual Startup Time": 6.069,
                                      "Actual Total Time": 51.059,
                                      "Actual Rows": 6420,
                                      "Actual Loops": 1,
                                      "Inner Unique": false,
                                      "Plans": [
                                        {
                                          "Node Type": "Hash Join",
                                          "Parent Relationship": "Outer",
                                          "Parallel Aware": false,
                                          "Join Type": "Inner",
                                          "Startup Cost": 873.19,
                                          "Total Cost": 3809.09,
                                          "Plan Rows": 39,
                                          "Plan Width": 38,
                                          "Actual Startup Time": 5.822,
                                          "Actual Total Time": 31.355,
                                          "Actual Rows": 3189,
                                          "Actual Loops": 1,
                                          "Inner Unique": true,
                                          "Hash Cond": "(t1.kind_id = kt1.id)",
                                          "Plans": [
                                            {
                                              "Node Type": "Nested Loop",
                                              "Parent Relationship": "Outer",
                                              "Parallel Aware": false,
                                              "Join Type": "Inner",
                                              "Startup Cost": 872.08,
                                              "Total Cost": 3807.4,
                                              "Plan Rows": 136,
                                              "Plan Width": 42,
                                              "Actual Startup Time": 5.791,
                                              "Actual Total Time": 30.573,
                                              "Actual Rows": 3189,
                                              "Actual Loops": 1,
                                              "Inner Unique": true,
                                              "Join Filter": "(ml.movie_id = t1.id)",
                                              "Rows Removed by Join Filter": 0,
                                              "Plans": [
                                                {
                                                  "Node Type": "Hash Join",
                                                  "Parent Relationship": "Outer",
                                                  "Parallel Aware": false,
                                                  "Join Type": "Inner",
                                                  "Startup Cost": 871.65,
                                                  "Total Cost": 3727.11,
                                                  "Plan Rows": 136,
                                                  "Plan Width": 17,
                                                  "Actual Startup Time": 5.763,
                                                  "Actual Total Time": 21.025,
                                                  "Actual Rows": 3189,
                                                  "Actual Loops": 1,
                                                  "Inner Unique": true,
                                                  "Hash Cond": "(mi_idx1.info_type_id = it1.id)",
                                                  "Plans": [
                                                    {
                                                      "Node Type": "Merge Join",
                                                      "Parent Relationship": "Outer",
                                                      "Parallel Aware": false,
                                                      "Join Type": "Inner",
                                                      "Startup Cost": 869.22,
                                                      "Total Cost": 3682.64,
                                                      "Plan Rows": 15435,
                                                      "Plan Width": 21,
                                                      "Actual Startup Time": 5.732,
                                                      "Actual Total Time": 19.916,
                                                      "Actual Rows": 9567,
                                                      "Actual Loops": 1,
                                                      "Inner Unique": false,
                                                      "Merge Cond": "(mi_idx1.movie_id = ml.movie_id)",
                                                      "Plans": [
                                                        {
                                                          "Node Type": "Index Scan",
                                                          "Parent Relationship": "Outer",
                                                          "Parallel Aware": false,
                                                          "Scan Direction": "Forward",
                                                          "Index Name": "movie_id_movie_info_idx",
                                                          "Relation Name": "movie_info_idx",
                                                          "Alias": "mi_idx1",
                                                          "Startup Cost": 0.43,
                                                          "Total Cost": 53621.69,
                                                          "Plan Rows": 1380035,
                                                          "Plan Width": 13,
                                                          "Actual Startup Time": 0.02,
                                                          "Actual Total Time": 8.066,
                                                          "Actual Rows": 63901,
                                                          "Actual Loops": 1
                                                        },
                                                        {
                                                          "Node Type": "Sort",
                                                          "Parent Relationship": "Inner",
                                                          "Parallel Aware": false,
                                                          "Startup Cost": 868.72,
                                                          "Total Cost": 881.22,
                                                          "Plan Rows": 5000,
                                                          "Plan Width": 8,
                                                          "Actual Startup Time": 5.703,
                                                          "Actual Total Time": 6.31,
                                                          "Actual Rows": 9970,
                                                          "Actual Loops": 1,
                                                          "Sort Key": [
                                                            "ml.movie_id"
                                                          ],
                                                          "Sort Method": "quicksort",
                                                          "Sort Space Used": 265,
                                                          "Sort Space Type": "Memory",
                                                          "Plans": [
                                                            {
                                                              "Node Type": "Hash Join",
                                                              "Parent Relationship": "Outer",
                                                              "Parallel Aware": false,
                                                              "Join Type": "Inner",
                                                              "Startup Cost": 1.29,
                                                              "Total Cost": 561.53,
                                                              "Plan Rows": 5000,
                                                              "Plan Width": 8,
                                                              "Actual Startup Time": 0.055,
                                                              "Actual Total Time": 5.0,
                                                              "Actual Rows": 3592,
                                                              "Actual Loops": 1,
                                                              "Inner Unique": true,
                                                              "Hash Cond": "(ml.link_type_id = lt.id)",
                                                              "Plans": [
                                                                {
                                                                  "Node Type": "Seq Scan",
                                                                  "Parent Relationship": "Outer",
                                                                  "Parallel Aware": false,
                                                                  "Relation Name": "movie_link",
                                                                  "Alias": "ml",
                                                                  "Startup Cost": 0.0,
                                                                  "Total Cost": 462.97,
                                                                  "Plan Rows": 29997,
                                                                  "Plan Width": 12,
                                                                  "Actual Startup Time": 0.011,
                                                                  "Actual Total Time": 2.794,
                                                                  "Actual Rows": 29997,
                                                                  "Actual Loops": 1
                                                                },
                                                                {
                                                                  "Node Type": "Hash",
                                                                  "Parent Relationship": "Inner",
                                                                  "Parallel Aware": false,
                                                                  "Startup Cost": 1.25,
                                                                  "Total Cost": 1.25,
                                                                  "Plan Rows": 3,
                                                                  "Plan Width": 4,
                                                                  "Actual Startup Time": 0.013,
                                                                  "Actual Total Time": 0.015,
                                                                  "Actual Rows": 3,
                                                                  "Actual Loops": 1,
                                                                  "Hash Buckets": 1024,
                                                                  "Original Hash Buckets": 1024,
                                                                  "Hash Batches": 1,
                                                                  "Original Hash Batches": 1,
                                                                  "Peak Memory Usage": 9,
                                                                  "Plans": [
                                                                    {
                                                                      "Node Type": "Seq Scan",
                                                                      "Parent Relationship": "Outer",
                                                                      "Parallel Aware": false,
                                                                      "Relation Name": "link_type",
                                                                      "Alias": "lt",
                                                                      "Startup Cost": 0.0,
                                                                      "Total Cost": 1.25,
                                                                      "Plan Rows": 3,
                                                                      "Plan Width": 4,
                                                                      "Actual Startup Time": 0.007,
                                                                      "Actual Total Time": 0.009,
                                                                      "Actual Rows": 3,
                                                                      "Actual Loops": 1,
                                                                      "Filter": "((link)::text = ANY ('{\"featured in\",\"edited into\",follows}'::text[]))",
                                                                      "Rows Removed by Filter": 15
                                                                    }
                                                                  ]
                                                                }
                                                              ]
                                                            }
                                                          ]
                                                        }
                                                      ]
                                                    },
                                                    {
                                                      "Node Type": "Hash",
                                                      "Parent Relationship": "Inner",
                                                      "Parallel Aware": false,
                                                      "Startup Cost": 2.41,
                                                      "Total Cost": 2.41,
                                                      "Plan Rows": 1,
                                                      "Plan Width": 4,
                                                      "Actual Startup Time": 0.011,
                                                      "Actual Total Time": 0.012,
                                                      "Actual Rows": 1,
                                                      "Actual Loops": 1,
                                                      "Hash Buckets": 1024,
                                                      "Original Hash Buckets": 1024,
                                                      "Hash Batches": 1,
                                                      "Original Hash Batches": 1,
                                                      "Peak Memory Usage": 9,
                                                      "Plans": [
                                                        {
                                                          "Node Type": "Seq Scan",
                                                          "Parent Relationship": "Outer",
                                                          "Parallel Aware": false,
                                                          "Relation Name": "info_type",
                                                          "Alias": "it1",
                                                          "Startup Cost": 0.0,
                                                          "Total Cost": 2.41,
                                                          "Plan Rows": 1,
                                                          "Plan Width": 4,
                                                          "Actual Startup Time": 0.007,
                                                          "Actual Total Time": 0.009,
                                                          "Actual Rows": 1,
                                                          "Actual Loops": 1,
                                                          "Filter": "((info)::text = 'rating'::text COLLATE \"C\")",
                                                          "Rows Removed by Filter": 112
                                                        }
                                                      ]
                                                    }
                                                  ]
                                                },
                                                {
                                                  "Node Type": "Index Scan",
                                                  "Parent Relationship": "Inner",
                                                  "Parallel Aware": false,
                                                  "Scan Direction": "Forward",
                                                  "Index Name": "title_pkey",
                                                  "Relation Name": "title",
                                                  "Alias": "t1",
                                                  "Startup Cost": 0.43,
                                                  "Total Cost": 0.58,
                                                  "Plan Rows": 1,
                                                  "Plan Width": 25,
                                                  "Actual Startup Time": 0.003,
                                                  "Actual Total Time": 0.003,
                                                  "Actual Rows": 1,
                                                  "Actual Loops": 3189,
                                                  "Index Cond": "(id = mi_idx1.movie_id)",
                                                  "Rows Removed by Index Recheck": 0
                                                }
                                              ]
                                            },
                                            {
                                              "Node Type": "Hash",
                                              "Parent Relationship": "Inner",
                                              "Parallel Aware": false,
                                              "Startup Cost": 1.09,
                                              "Total Cost": 1.09,
                                              "Plan Rows": 2,
                                              "Plan Width": 4,
                                              "Actual Startup Time": 0.011,
                                              "Actual Total Time": 0.012,
                                              "Actual Rows": 2,
                                              "Actual Loops": 1,
                                              "Hash Buckets": 1024,
                                              "Original Hash Buckets": 1024,
                                              "Hash Batches": 1,
                                              "Original Hash Batches": 1,
                                              "Peak Memory Usage": 9,
                                              "Plans": [
                                                {
                                                  "Node Type": "Seq Scan",
                                                  "Parent Relationship": "Outer",
                                                  "Parallel Aware": false,
                                                  "Relation Name": "kind_type",
                                                  "Alias": "kt1",
                                                  "Startup Cost": 0.0,
                                                  "Total Cost": 1.09,
                                                  "Plan Rows": 2,
                                                  "Plan Width": 4,
                                                  "Actual Startup Time": 0.007,
                                                  "Actual Total Time": 0.008,
                                                  "Actual Rows": 2,
                                                  "Actual Loops": 1,
                                                  "Filter": "((kind)::text = ANY ('{\"tv series\",episode}'::text[]))",
                                                  "Rows Removed by Filter": 5
                                                }
                                              ]
                                            }
                                          ]
                                        },
                                        {
                                          "Node Type": "Index Scan",
                                          "Parent Relationship": "Inner",
                                          "Parallel Aware": false,
                                          "Scan Direction": "Forward",
                                          "Index Name": "movie_id_movie_info_idx",
                                          "Relation Name": "movie_info_idx",
                                          "Alias": "mi_idx2",
                                          "Startup Cost": 0.43,
                                          "Total Cost": 2.38,
                                          "Plan Rows": 3,
                                          "Plan Width": 13,
                                          "Actual Startup Time": 0.005,
                                          "Actual Total Time": 0.006,
                                          "Actual Rows": 2,
                                          "Actual Loops": 3189,
                                          "Index Cond": "(movie_id = ml.linked_movie_id)",
                                          "Rows Removed by Index Recheck": 0,
                                          "Filter": "(info < '9'::text)",
                                          "Rows Removed by Filter": 0
                                        }
                                      ]
                                    },
                                    {
                                      "Node Type": "Hash",
                                      "Parent Relationship": "Inner",
                                      "Parallel Aware": false,
                                      "Startup Cost": 2.41,
                                      "Total Cost": 2.41,
                                      "Plan Rows": 1,
                                      "Plan Width": 4,
                                      "Actual Startup Time": 0.028,
                                      "Actual Total Time": 0.029,
                                      "Actual Rows": 1,
                                      "Actual Loops": 1,
                                      "Hash Buckets": 1024,
                                      "Original Hash Buckets": 1024,
                                      "Hash Batches": 1,
                                      "Original Hash Batches": 1,
                                      "Peak Memory Usage": 9,
                                      "Plans": [
                                        {
                                          "Node Type": "Seq Scan",
                                          "Parent Relationship": "Outer",
                                          "Parallel Aware": false,
                                          "Relation Name": "info_type",
                                          "Alias": "it2",
                                          "Startup Cost": 0.0,
                                          "Total Cost": 2.41,
                                          "Plan Rows": 1,
                                          "Plan Width": 4,
                                          "Actual Startup Time": 0.02,
                                          "Actual Total Time": 0.022,
                                          "Actual Rows": 1,
                                          "Actual Loops": 1,
                                          "Filter": "((info)::text = 'rating'::text COLLATE \"C\")",
                                          "Rows Removed by Filter": 112
                                        }
                                      ]
                                    }
                                  ]
                                },
                                {
                                  "Node Type": "Index Scan",
                                  "Parent Relationship": "Inner",
                                  "Parallel Aware": false,
                                  "Scan Direction": "Forward",
                                  "Index Name": "title_pkey",
                                  "Relation Name": "title",
                                  "Alias": "t2",
                                  "Startup Cost": 0.43,
                                  "Total Cost": 0.59,
                                  "Plan Rows": 1,
                                  "Plan Width": 25,
                                  "Actual Startup Time": 0.007,
                                  "Actual Total Time": 0.007,
                                  "Actual Rows": 1,
                                  "Actual Loops": 2177,
                                  "Index Cond": "(id = mi_idx2.movie_id)",
                                  "Rows Removed by Index Recheck": 0,
                                  "Filter": "((production_year >= 1987) AND (production_year <= 2011))",
                                  "Rows Removed by Filter": 0
                                }
                              ]
                            },
                            {
                              "Node Type": "Index Scan",
                              "Parent Relationship": "Inner",
                              "Parallel Aware": false,
                              "Scan Direction": "Forward",
                              "Index Name": "kind_type_pkey",
                              "Relation Name": "kind_type",
                              "Alias": "kt2",
                              "Startup Cost": 0.13,
                              "Total Cost": 0.15,
                              "Plan Rows": 1,
                              "Plan Width": 4,
                              "Actual Startup Time": 0.001,
                              "Actual Total Time": 0.001,
                              "Actual Rows": 1,
                              "Actual Loops": 1737,
                              "Index Cond": "(id = t2.kind_id)",
                              "Rows Removed by Index Recheck": 0,
                              "Filter": "((kind)::text = ANY ('{\"tv series\",episode}'::text[]))",
                              "Rows Removed by Filter": 0
                            }
                          ]
                        },
                        {
                          "Node Type": "Index Scan",
                          "Parent Relationship": "Inner",
                          "Parallel Aware": false,
                          "Scan Direction": "Forward",
                          "Index Name": "movie_id_movie_companies",
                          "Relation Name": "movie_companies",
                          "Alias": "mc1",
                          "Startup Cost": 0.43,
                          "Total Cost": 0.56,
                          "Plan Rows": 5,
                          "Plan Width": 8,
                          "Actual Startup Time": 0.003,
                          "Actual Total Time": 0.004,
                          "Actual Rows": 6,
                          "Actual Loops": 973,
                          "Index Cond": "(movie_id = t1.id)",
                          "Rows Removed by Index Recheck": 0
                        }
                      ]
                    },
                    {
                      "Node Type": "Index Scan",
                      "Parent Relationship": "Inner",
                      "Parallel Aware": false,
                      "Scan Direction": "Forward",
                      "Index Name": "company_name_pkey",
                      "Relation Name": "company_name",
                      "Alias": "cn1",
                      "Startup Cost": 0.42,
                      "Total Cost": 0.45,
                      "Plan Rows": 1,
                      "Plan Width": 23,
                      "Actual Startup Time": 0.002,
                      "Actual Total Time": 0.002,
                      "Actual Rows": 1,
                      "Actual Loops": 5576,
                      "Index Cond": "(id = mc1.company_id)",
                      "Rows Removed by Index Recheck": 0,
                      "Filter": "((country_code)::text <> '[us]'::text)",
                      "Rows Removed by Filter": 0
                    }
                  ]
                },
                {
                  "Node Type": "Index Scan",
                  "Parent Relationship": "Inner",
                  "Parallel Aware": false,
                  "Scan Direction": "Forward",
                  "Index Name": "movie_id_movie_companies",
                  "Relation Name": "movie_companies",
                  "Alias": "mc2",
                  "Startup Cost": 0.43,
                  "Total Cost": 0.59,
                  "Plan Rows": 5,
                  "Plan Width": 8,
                  "Actual Startup Time": 0.002,
                  "Actual Total Time": 0.002,
                  "Actual Rows": 4,
                  "Actual Loops": 3907,
                  "Index Cond": "(movie_id = t2.id)",
                  "Rows Removed by Index Recheck": 0
                }
              ]
            },
            {
              "Node Type": "Index Scan",
              "Parent Relationship": "Inner",
              "Parallel Aware": false,
              "Scan Direction": "Forward",
              "Index Name": "company_name_pkey",
              "Relation Name": "company_name",
              "Alias": "cn2",
              "Startup Cost": 0.42,
              "Total Cost": 0.44,
              "Plan Rows": 1,
              "Plan Width": 23,
              "Actual Startup Time": 0.001,
              "Actual Total Time": 0.001,
              "Actual Rows": 1,
              "Actual Loops": 15092,
              "Index Cond": "(id = mc2.company_id)",
              "Rows Removed by Index Recheck": 0
            }
          ]
        }
      ]
    },
    "Planning Time": 244.545,
    "Triggers": [],
    "Execution Time": 121.216
  }
]