[
  {
    "Plan": {
      "Node Type": "Aggregate",
      "Strategy": "Plain",
      "Partial Mode": "Finalize",
      "Parallel Aware": false,
      "Startup Cost": 32074.59,
      "Total Cost": 32074.6,
      "Plan Rows": 1,
      "Plan Width": 8,
      "Actual Startup Time": 143.829,
      "Actual Total Time": 150.196,
      "Actual Rows": 1,
      "Actual Loops": 1,
      "Plans": [
        {
          "Node Type": "Gather",
          "Parent Relationship": "Outer",
          "Parallel Aware": false,
          "Startup Cost": 32074.27,
          "Total Cost": 32074.58,
          "Plan Rows": 3,
          "Plan Width": 8,
          "Actual Startup Time": 143.637,
          "Actual Total Time": 150.186,
          "Actual Rows": 4,
          "Actual Loops": 1,
          "Workers Planned": 3,
          "Workers Launched": 3,
          "Single Copy": false,
          "Plans": [
            {
              "Node Type": "Aggregate",
              "Strategy": "Plain",
              "Partial Mode": "Partial",
              "Parent Relationship": "Outer",
              "Parallel Aware": false,
              "Startup Cost": 31074.27,
              "Total Cost": 31074.28,
              "Plan Rows": 1,
              "Plan Width": 8,
              "Actual Startup Time": 138.616,
              "Actual Total Time": 138.618,
              "Actual Rows": 1,
              "Actual Loops": 4,
              "Plans": [
                {
                  "Node Type": "Seq Scan",
                  "Parent Relationship": "Outer",
                  "Parallel Aware": true,
                  "Relation Name": "movie_companies",
                  "Alias": "mc",
                  "Startup Cost": 0.0,
                  "Total Cost": 29310.68,
                  "Plan Rows": 705436,
                  "Plan Width": 0,
                  "Actual Startup Time": 0.021,
                  "Actual Total Time": 108.391,
                  "Actual Rows": 547653,
                  "Actual Loops": 4,
                  "Filter": "(company_id < 80194)",
                  "Rows Removed by Filter": 104629
                }
              ]
            }
          ]
        }
      ]
    },
    "Planning Time": 0.135,
    "Triggers": [],
    "Execution Time": 150.239
  }
]