[
  {
    "Plan": {
      "Node Type": "Aggregate",
      "Strategy": "Plain",
      "Partial Mode": "Finalize",
      "Parallel Aware": false,
      "Startup Cost": 29144.26,
      "Total Cost": 29144.27,
      "Plan Rows": 1,
      "Plan Width": 8,
      "Actual Startup Time": 72.644,
      "Actual Total Time": 76.836,
      "Actual Rows": 1,
      "Actual Loops": 1,
      "Plans": [
        {
          "Node Type": "Gather",
          "Parent Relationship": "Outer",
          "Parallel Aware": false,
          "Startup Cost": 29143.94,
          "Total Cost": 29144.25,
          "Plan Rows": 3,
          "Plan Width": 8,
          "Actual Startup Time": 72.486,
          "Actual Total Time": 76.83,
          "Actual Rows": 4,
          "Actual Loops": 1,
          "Workers Planned": 3,
          "Workers Launched": 3,
          "Single Copy": false,
          "Plans": [
            {
              "Node Type": "Aggregate",
              "Strategy": "Plain",
              "Partial Mode": "Partial",
              "Parent Relationship": "Outer",
              "Parallel Aware": false,
              "Startup Cost": 28143.94,
              "Total Cost": 28143.95,
              "Plan Rows": 1,
              "Plan Width": 8,
              "Actual Startup Time": 67.111,
              "Actual Total Time": 67.112,
              "Actual Rows": 1,
              "Actual Loops": 4,
              "Plans": [
                {
                  "Node Type": "Bitmap Heap Scan",
                  "Parent Relationship": "Outer",
                  "Parallel Aware": true,
                  "Relation Name": "movie_companies",
                  "Alias": "mc",
                  "Startup Cost": 7646.76,
                  "Total Cost": 27859.41,
                  "Plan Rows": 113812,
                  "Plan Width": 0,
                  "Actual Startup Time": 28.009,
                  "Actual Total Time": 61.047,
                  "Actual Rows": 88874,
                  "Actual Loops": 4,
                  "Recheck Cond": "(company_id > 87650)",
                  "Rows Removed by Index Recheck": 0,
                  "Exact Heap Blocks": 3144,
                  "Lossy Heap Blocks": 0,
                  "Plans": [
                    {
                      "Node Type": "Bitmap Index Scan",
                      "Parent Relationship": "Outer",
                      "Parallel Aware": false,
                      "Index Name": "company_id_movie_companies",
                      "Startup Cost": 0.0,
                      "Total Cost": 7558.56,
                      "Plan Rows": 352817,
                      "Plan Width": 0,
                      "Actual Startup Time": 31.724,
                      "Actual Total Time": 31.724,
                      "Actual Rows": 355495,
                      "Actual Loops": 1,
                      "Index Cond": "(company_id > 87650)"
                    }
                  ]
                }
              ]
            }
          ]
        }
      ]
    },
    "Planning Time": 0.156,
    "Triggers": [],
    "Execution Time": 76.899
  }
]