[
  {
    "Plan": {
      "Node Type": "Aggregate",
      "Strategy": "Plain",
      "Partial Mode": "Finalize",
      "Parallel Aware": false,
      "Startup Cost": 341746.83,
      "Total Cost": 341746.84,
      "Plan Rows": 1,
      "Plan Width": 8,
      "Actual Startup Time": 777.308,
      "Actual Total Time": 836.256,
      "Actual Rows": 1,
      "Actual Loops": 1,
      "Plans": [
        {
          "Node Type": "Gather",
          "Parent Relationship": "Outer",
          "Parallel Aware": false,
          "Startup Cost": 341746.2,
          "Total Cost": 341746.81,
          "Plan Rows": 6,
          "Plan Width": 8,
          "Actual Startup Time": 777.178,
          "Actual Total Time": 836.246,
          "Actual Rows": 7,
          "Actual Loops": 1,
          "Workers Planned": 6,
          "Workers Launched": 6,
          "Single Copy": false,
          "Plans": [
            {
              "Node Type": "Aggregate",
              "Strategy": "Plain",
              "Partial Mode": "Partial",
              "Parent Relationship": "Outer",
              "Parallel Aware": false,
              "Startup Cost": 340746.2,
              "Total Cost": 340746.21,
              "Plan Rows": 1,
              "Plan Width": 8,
              "Actual Startup Time": 768.224,
              "Actual Total Time": 768.225,
              "Actual Rows": 1,
              "Actual Loops": 7,
              "Plans": [
                {
                  "Node Type": "Seq Scan",
                  "Parent Relationship": "Outer",
                  "Parallel Aware": true,
                  "Relation Name": "cast_info",
                  "Alias": "ci",
                  "Startup Cost": 0.0,
                  "Total Cost": 328162.03,
                  "Plan Rows": 5033671,
                  "Plan Width": 0,
                  "Actual Startup Time": 76.426,
                  "Actual Total Time": 604.661,
                  "Actual Rows": 4289806,
                  "Actual Loops": 7,
                  "Filter": "(person_id > 598501)",
                  "Rows Removed by Filter": 887957
                }
              ]
            }
          ]
        }
      ]
    },
    "Planning Time": 0.231,
    "Triggers": [],
    "Execution Time": 836.328
  }
]