[
  {
    "Plan": {
      "Node Type": "Aggregate",
      "Strategy": "Plain",
      "Partial Mode": "Finalize",
      "Parallel Aware": false,
      "Startup Cost": 340223.21,
      "Total Cost": 340223.22,
      "Plan Rows": 1,
      "Plan Width": 8,
      "Actual Startup Time": 802.707,
      "Actual Total Time": 857.22,
      "Actual Rows": 1,
      "Actual Loops": 1,
      "Plans": [
        {
          "Node Type": "Gather",
          "Parent Relationship": "Outer",
          "Parallel Aware": false,
          "Startup Cost": 340222.58,
          "Total Cost": 340223.19,
          "Plan Rows": 6,
          "Plan Width": 8,
          "Actual Startup Time": 802.592,
          "Actual Total Time": 857.21,
          "Actual Rows": 7,
          "Actual Loops": 1,
          "Workers Planned": 6,
          "Workers Launched": 6,
          "Single Copy": false,
          "Plans": [
            {
              "Node Type": "Aggregate",
              "Strategy": "Plain",
              "Partial Mode": "Partial",
              "Parent Relationship": "Outer",
              "Parallel Aware": false,
              "Startup Cost": 339222.58,
              "Total Cost": 339222.59,
              "Plan Rows": 1,
              "Plan Width": 8,
              "Actual Startup Time": 793.929,
              "Actual Total Time": 793.93,
              "Actual Rows": 1,
              "Actual Loops": 7,
              "Plans": [
                {
                  "Node Type": "Seq Scan",
                  "Parent Relationship": "Outer",
                  "Parallel Aware": true,
                  "Relation Name": "cast_info",
                  "Alias": "ci",
                  "Startup Cost": 0.0,
                  "Total Cost": 328162.03,
                  "Plan Rows": 4424222,
                  "Plan Width": 0,
                  "Actual Startup Time": 109.443,
                  "Actual Total Time": 629.647,
                  "Actual Rows": 3783172,
                  "Actual Loops": 7,
                  "Filter": "(person_id > 959767)",
                  "Rows Removed by Filter": 1394592
                }
              ]
            }
          ]
        }
      ]
    },
    "Planning Time": 0.126,
    "Triggers": [],
    "Execution Time": 857.276
  }
]