[
  {
    "Plan": {
      "Node Type": "Aggregate",
      "Strategy": "Plain",
      "Partial Mode": "Finalize",
      "Parallel Aware": false,
      "Startup Cost": 343156.05,
      "Total Cost": 343156.06,
      "Plan Rows": 1,
      "Plan Width": 8,
      "Actual Startup Time": 882.479,
      "Actual Total Time": 941.628,
      "Actual Rows": 1,
      "Actual Loops": 1,
      "Plans": [
        {
          "Node Type": "Gather",
          "Parent Relationship": "Outer",
          "Parallel Aware": false,
          "Startup Cost": 343155.43,
          "Total Cost": 343156.04,
          "Plan Rows": 6,
          "Plan Width": 8,
          "Actual Startup Time": 882.361,
          "Actual Total Time": 941.62,
          "Actual Rows": 7,
          "Actual Loops": 1,
          "Workers Planned": 6,
          "Workers Launched": 6,
          "Single Copy": false,
          "Plans": [
            {
              "Node Type": "Aggregate",
              "Strategy": "Plain",
              "Partial Mode": "Partial",
              "Parent Relationship": "Outer",
              "Parallel Aware": false,
              "Startup Cost": 342155.43,
              "Total Cost": 342155.44,
              "Plan Rows": 1,
              "Plan Width": 8,
              "Actual Startup Time": 874.196,
              "Actual Total Time": 874.197,
              "Actual Rows": 1,
              "Actual Loops": 7,
              "Plans": [
                {
                  "Node Type": "Seq Scan",
                  "Parent Relationship": "Outer",
                  "Parallel Aware": true,
                  "Relation Name": "cast_info",
                  "Alias": "ci",
                  "Startup Cost": 0.0,
                  "Total Cost": 328162.03,
                  "Plan Rows": 5597360,
                  "Plan Width": 0,
                  "Actual Startup Time": 0.046,
                  "Actual Total Time": 659.326,
                  "Actual Rows": 4817359,
                  "Actual Loops": 7,
                  "Filter": "(person_id < 3570444)",
                  "Rows Removed by Filter": 360405
                }
              ]
            }
          ]
        }
      ]
    },
    "Planning Time": 0.128,
    "Triggers": [],
    "Execution Time": 941.677
  }
]