[
  {
    "Plan": {
      "Node Type": "Aggregate",
      "Strategy": "Plain",
      "Partial Mode": "Finalize",
      "Parallel Aware": false,
      "Startup Cost": 33165.78,
      "Total Cost": 33165.79,
      "Plan Rows": 1,
      "Plan Width": 8,
      "Actual Startup Time": 108.618,
      "Actual Total Time": 114.722,
      "Actual Rows": 1,
      "Actual Loops": 1,
      "Plans": [
        {
          "Node Type": "Gather",
          "Parent Relationship": "Outer",
          "Parallel Aware": false,
          "Startup Cost": 33165.46,
          "Total Cost": 33165.77,
          "Plan Rows": 3,
          "Plan Width": 8,
          "Actual Startup Time": 108.374,
          "Actual Total Time": 114.715,
          "Actual Rows": 4,
          "Actual Loops": 1,
          "Workers Planned": 3,
          "Workers Launched": 3,
          "Single Copy": false,
          "Plans": [
            {
              "Node Type": "Aggregate",
              "Strategy": "Plain",
              "Partial Mode": "Partial",
              "Parent Relationship": "Outer",
              "Parallel Aware": false,
              "Startup Cost": 32165.46,
              "Total Cost": 32165.47,
              "Plan Rows": 1,
              "Plan Width": 8,
              "Actual Startup Time": 101.811,
              "Actual Total Time": 101.813,
              "Actual Rows": 1,
              "Actual Loops": 4,
              "Plans": [
                {
                  "Node Type": "Seq Scan",
                  "Parent Relationship": "Outer",
                  "Parallel Aware": true,
                  "Relation Name": "movie_companies",
                  "Alias": "mc",
                  "Startup Cost": 0.0,
                  "Total Cost": 31414.82,
                  "Plan Rows": 300258,
                  "Plan Width": 0,
                  "Actual Startup Time": 0.03,
                  "Actual Total Time": 84.728,
                  "Actual Rows": 310157,
                  "Actual Loops": 4,
                  "Filter": "((company_id < 45697) AND (company_type_id < 2))",
                  "Rows Removed by Filter": 342125
                }
              ]
            }
          ]
        }
      ]
    },
    "Planning Time": 0.084,
    "Triggers": [],
    "Execution Time": 114.75
  }
]