[
  {
    "Plan": {
      "Node Type": "Aggregate",
      "Strategy": "Plain",
      "Partial Mode": "Finalize",
      "Parallel Aware": false,
      "Startup Cost": 40816.27,
      "Total Cost": 40816.28,
      "Plan Rows": 1,
      "Plan Width": 8,
      "Actual Startup Time": 144.227,
      "Actual Total Time": 152.585,
      "Actual Rows": 1,
      "Actual Loops": 1,
      "Plans": [
        {
          "Node Type": "Gather",
          "Parent Relationship": "Outer",
          "Parallel Aware": false,
          "Startup Cost": 40816.06,
          "Total Cost": 40816.27,
          "Plan Rows": 2,
          "Plan Width": 8,
          "Actual Startup Time": 143.843,
          "Actual Total Time": 152.575,
          "Actual Rows": 3,
          "Actual Loops": 1,
          "Workers Planned": 2,
          "Workers Launched": 2,
          "Single Copy": false,
          "Plans": [
            {
              "Node Type": "Aggregate",
              "Strategy": "Plain",
              "Partial Mode": "Partial",
              "Parent Relationship": "Outer",
              "Parallel Aware": false,
              "Startup Cost": 39816.06,
              "Total Cost": 39816.07,
              "Plan Rows": 1,
              "Plan Width": 8,
              "Actual Startup Time": 135.862,
              "Actual Total Time": 135.867,
              "Actual Rows": 1,
              "Actual Loops": 3,
              "Plans": [
                {
                  "Node Type": "Nested Loop",
                  "Parent Relationship": "Outer",
                  "Parallel Aware": false,
                  "Join Type": "Inner",
                  "Startup Cost": 16366.53,
                  "Total Cost": 39812.69,
                  "Plan Rows": 1347,
                  "Plan Width": 0,
                  "Actual Startup Time": 34.025,
                  "Actual Total Time": 135.855,
                  "Actual Rows": 31,
                  "Actual Loops": 3,
                  "Inner Unique": true,
                  "Join Filter": "(mc.movie_id = t.id)",
                  "Rows Removed by Join Filter": 0,
                  "Plans": [
                    {
                      "Node Type": "Hash Join",
                      "Parent Relationship": "Outer",
                      "Parallel Aware": true,
                      "Join Type": "Inner",
                      "Startup Cost": 16366.1,
                      "Total Cost": 32974.38,
                      "Plan Rows": 11533,
                      "Plan Width": 8,
                      "Actual Startup Time": 22.04,
                      "Actual Total Time": 111.475,
                      "Actual Rows": 7149,
                      "Actual Loops": 3,
                      "Inner Unique": false,
                      "Hash Cond": "(mi_idx.movie_id = mc.movie_id)",
                      "Plans": [
                        {
                          "Node Type": "Seq Scan",
                          "Parent Relationship": "Outer",
                          "Parallel Aware": true,
                          "Relation Name": "movie_info_idx",
                          "Alias": "mi_idx",
                          "Startup Cost": 0.0,
                          "Total Cost": 13685.15,
                          "Plan Rows": 575015,
                          "Plan Width": 4,
                          "Actual Startup Time": 0.03,
                          "Actual Total Time": 44.043,
                          "Actual Rows": 460012,
                          "Actual Loops": 3
                        },
                        {
                          "Node Type": "Hash",
                          "Parent Relationship": "Inner",
                          "Parallel Aware": true,
                          "Startup Cost": 16315.36,
                          "Total Cost": 16315.36,
                          "Plan Rows": 4059,
                          "Plan Width": 4,
                          "Actual Startup Time": 19.162,
                          "Actual Total Time": 19.163,
                          "Actual Rows": 3388,
                          "Actual Loops": 3,
                          "Hash Buckets": 16384,
                          "Original Hash Buckets": 16384,
                          "Hash Batches": 1,
                          "Original Hash Batches": 1,
                          "Peak Memory Usage": 608,
                          "Plans": [
                            {
                              "Node Type": "Bitmap Heap Scan",
                              "Parent Relationship": "Outer",
                              "Parallel Aware": true,
                              "Relation Name": "movie_companies",
                              "Alias": "mc",
                              "Startup Cost": 211.92,
                              "Total Cost": 16315.36,
                              "Plan Rows": 4059,
                              "Plan Width": 4,
                              "Actual Startup Time": 2.514,
                              "Actual Total Time": 17.168,
                              "Actual Rows": 3388,
                              "Actual Loops": 3,
                              "Recheck Cond": "(company_id = 846)",
                              "Rows Removed by Index Recheck": 0,
                              "Exact Heap Blocks": 4695,
                              "Lossy Heap Blocks": 0,
                              "Plans": [
                                {
                                  "Node Type": "Bitmap Index Scan",
                                  "Parent Relationship": "Outer",
                                  "Parallel Aware": false,
                                  "Index Name": "company_id_movie_companies",
                                  "Startup Cost": 0.0,
                                  "Total Cost": 209.49,
                                  "Plan Rows": 9741,
                                  "Plan Width": 0,
                                  "Actual Startup Time": 4.131,
                                  "Actual Total Time": 4.132,
                                  "Actual Rows": 10163,
                                  "Actual Loops": 1,
                                  "Index Cond": "(company_id = 846)"
                                }
                              ]
                            }
                          ]
                        }
                      ]
                    },
                    {
                      "Node Type": "Index Scan",
                      "Parent Relationship": "Inner",
                      "Parallel Aware": false,
                      "Scan Direction": "Forward",
                      "Index Name": "title_pkey",
                      "Relation Name": "title",
                      "Alias": "t",
                      "Startup Cost": 0.43,
                      "Total Cost": 0.58,
                      "Plan Rows": 1,
                      "Plan Width": 4,
                      "Actual Startup Time": 0.003,
                      "Actual Total Time": 0.003,
                      "Actual Rows": 0,
                      "Actual Loops": 21446,
                      "Index Cond": "(id = mi_idx.movie_id)",
                      "Rows Removed by Index Recheck": 0,
                      "Filter": "(kind_id = 7)",
                      "Rows Removed by Filter": 1
                    }
                  ]
                }
              ]
            }
          ]
        }
      ]
    },
    "Planning Time": 1.46,
    "Triggers": [],
    "Execution Time": 152.689
  }
]