{
  "Plan": {
    "Node Type": "Aggregate",
    "Strategy": "Plain",
    "Partial Mode": "Finalize",
    "Parallel Aware": false,
    "Startup Cost": 305043.94,
    "Total Cost": 305043.95,
    "Plan Rows": 1,
    "Plan Width": 8,
    "Actual Startup Time": 1210.126,
    "Actual Total Time": 1286.185,
    "Actual Rows": 1,
    "Actual Loops": 1,
    "Plans": [
      {
        "Node Type": "Gather",
        "Parent Relationship": "Outer",
        "Parallel Aware": false,
        "Startup Cost": 305043.82,
        "Total Cost": 305043.93,
        "Plan Rows": 1,
        "Plan Width": 8,
        "Actual Startup Time": 1209.896,
        "Actual Total Time": 1286.176,
        "Actual Rows": 2,
        "Actual Loops": 1,
        "Workers Planned": 1,
        "Workers Launched": 1,
        "Single Copy": false,
        "Plans": [
          {
            "Node Type": "Aggregate",
            "Strategy": "Plain",
            "Partial Mode": "Partial",
            "Parent Relationship": "Outer",
            "Parallel Aware": false,
            "Startup Cost": 304043.82,
            "Total Cost": 304043.83,
            "Plan Rows": 1,
            "Plan Width": 8,
            "Actual Startup Time": 1203.93,
            "Actual Total Time": 1203.933,
            "Actual Rows": 1,
            "Actual Loops": 2,
            "Plans": [
              {
                "Node Type": "Nested Loop",
                "Parent Relationship": "Outer",
                "Parallel Aware": false,
                "Join Type": "Inner",
                "Startup Cost": 58981.28,
                "Total Cost": 302675.26,
                "Plan Rows": 547426,
                "Plan Width": 0,
                "Actual Startup Time": 164.203,
                "Actual Total Time": 1174.331,
                "Actual Rows": 672422,
                "Actual Loops": 2,
                "Inner Unique": false,
                "Join Filter": "(t.id = ci.movie_id)",
                "Rows Removed by Join Filter": 0,
                "Plans": [
                  {
                    "Node Type": "Hash Join",
                    "Parent Relationship": "Outer",
                    "Parallel Aware": true,
                    "Join Type": "Inner",
                    "Startup Cost": 58980.72,
                    "Total Cost": 117031.56,
                    "Plan Rows": 96516,
                    "Plan Width": 8,
                    "Actual Startup Time": 164.041,
                    "Actual Total Time": 505.56,
                    "Actual Rows": 41399,
                    "Actual Loops": 2,
                    "Inner Unique": true,
                    "Hash Cond": "(mk.movie_id = t.id)",
                    "Plans": [
                      {
                        "Node Type": "Seq Scan",
                        "Parent Relationship": "Outer",
                        "Parallel Aware": true,
                        "Relation Name": "movie_keyword",
                        "Alias": "mk",
                        "Startup Cost": 0.0,
                        "Total Cost": 51065.35,
                        "Plan Rows": 2661135,
                        "Plan Width": 4,
                        "Actual Startup Time": 0.019,
                        "Actual Total Time": 160.304,
                        "Actual Rows": 2261965,
                        "Actual Loops": 2
                      },
                      {
                        "Node Type": "Hash",
                        "Parent Relationship": "Inner",
                        "Parallel Aware": true,
                        "Startup Cost": 58306.47,
                        "Total Cost": 58306.47,
                        "Plan Rows": 53940,
                        "Plan Width": 4,
                        "Actual Startup Time": 161.851,
                        "Actual Total Time": 161.852,
                        "Actual Rows": 50896,
                        "Actual Loops": 2,
                        "Hash Buckets": 131072,
                        "Original Hash Buckets": 131072,
                        "Hash Batches": 1,
                        "Original Hash Batches": 1,
                        "Peak Memory Usage": 5024,
                        "Plans": [
                          {
                            "Node Type": "Seq Scan",
                            "Parent Relationship": "Outer",
                            "Parallel Aware": true,
                            "Relation Name": "title",
                            "Alias": "t",
                            "Startup Cost": 0.0,
                            "Total Cost": 58306.47,
                            "Plan Rows": 53940,
                            "Plan Width": 4,
                            "Actual Startup Time": 0.058,
                            "Actual Total Time": 148.194,
                            "Actual Rows": 50896,
                            "Actual Loops": 2,
                            "Filter": "((kind_id > 1) AND (production_year = 2007))",
                            "Rows Removed by Filter": 1213260
                          }
                        ]
                      }
                    ]
                  },
                  {
                    "Node Type": "Index Scan",
                    "Parent Relationship": "Inner",
                    "Parallel Aware": false,
                    "Scan Direction": "Forward",
                    "Index Name": "movie_id_cast_info",
                    "Relation Name": "cast_info",
                    "Alias": "ci",
                    "Startup Cost": 0.56,
                    "Total Cost": 1.74,
                    "Plan Rows": 15,
                    "Plan Width": 4,
                    "Actual Startup Time": 0.007,
                    "Actual Total Time": 0.015,
                    "Actual Rows": 16,
                    "Actual Loops": 82798,
                    "Index Cond": "(movie_id = mk.movie_id)",
                    "Rows Removed by Index Recheck": 0,
                    "Filter": "((person_id > 1414101) AND (role_id > 1))",
                    "Rows Removed by Filter": 12
                  }
                ]
              }
            ]
          }
        ]
      }
    ]
  },
  "Planning Time": 0.978,
  "Triggers": [],
  "Execution Time": 1286.293
}