{
  "Plan": {
    "Node Type": "Aggregate",
    "Strategy": "Plain",
    "Partial Mode": "Finalize",
    "Parallel Aware": false,
    "Startup Cost": 244312.61,
    "Total Cost": 244312.62,
    "Plan Rows": 1,
    "Plan Width": 8,
    "Actual Startup Time": 953.416,
    "Actual Total Time": 978.065,
    "Actual Rows": 1,
    "Actual Loops": 1,
    "Plans": [
      {
        "Node Type": "Gather",
        "Parent Relationship": "Outer",
        "Parallel Aware": false,
        "Startup Cost": 244312.5,
        "Total Cost": 244312.61,
        "Plan Rows": 1,
        "Plan Width": 8,
        "Actual Startup Time": 953.204,
        "Actual Total Time": 978.056,
        "Actual Rows": 2,
        "Actual Loops": 1,
        "Workers Planned": 1,
        "Workers Launched": 1,
        "Single Copy": false,
        "Plans": [
          {
            "Node Type": "Aggregate",
            "Strategy": "Plain",
            "Partial Mode": "Partial",
            "Parent Relationship": "Outer",
            "Parallel Aware": false,
            "Startup Cost": 243312.5,
            "Total Cost": 243312.51,
            "Plan Rows": 1,
            "Plan Width": 8,
            "Actual Startup Time": 947.144,
            "Actual Total Time": 947.148,
            "Actual Rows": 1,
            "Actual Loops": 2,
            "Plans": [
              {
                "Node Type": "Hash Join",
                "Parent Relationship": "Outer",
                "Parallel Aware": true,
                "Join Type": "Inner",
                "Startup Cost": 58350.77,
                "Total Cost": 243292.63,
                "Plan Rows": 7946,
                "Plan Width": 0,
                "Actual Startup Time": 166.118,
                "Actual Total Time": 946.7,
                "Actual Rows": 3917,
                "Actual Loops": 2,
                "Inner Unique": true,
                "Hash Cond": "(ci.movie_id = t.id)",
                "Plans": [
                  {
                    "Node Type": "Index Scan",
                    "Parent Relationship": "Outer",
                    "Parallel Aware": true,
                    "Scan Direction": "Forward",
                    "Index Name": "role_id_cast_info",
                    "Relation Name": "cast_info",
                    "Alias": "ci",
                    "Startup Cost": 0.56,
                    "Total Cost": 176077.74,
                    "Plan Rows": 3377019,
                    "Plan Width": 4,
                    "Actual Startup Time": 0.055,
                    "Actual Total Time": 469.66,
                    "Actual Rows": 2866347,
                    "Actual Loops": 2,
                    "Index Cond": "(role_id > 8)",
                    "Rows Removed by Index Recheck": 0
                  },
                  {
                    "Node Type": "Hash",
                    "Parent Relationship": "Inner",
                    "Parallel Aware": true,
                    "Startup Cost": 58306.47,
                    "Total Cost": 58306.47,
                    "Plan Rows": 3499,
                    "Plan Width": 4,
                    "Actual Startup Time": 164.558,
                    "Actual Total Time": 164.559,
                    "Actual Rows": 2939,
                    "Actual Loops": 2,
                    "Hash Buckets": 8192,
                    "Original Hash Buckets": 8192,
                    "Hash Batches": 1,
                    "Original Hash Batches": 1,
                    "Peak Memory Usage": 320,
                    "Plans": [
                      {
                        "Node Type": "Seq Scan",
                        "Parent Relationship": "Outer",
                        "Parallel Aware": true,
                        "Relation Name": "title",
                        "Alias": "t",
                        "Startup Cost": 0.0,
                        "Total Cost": 58306.47,
                        "Plan Rows": 3499,
                        "Plan Width": 4,
                        "Actual Startup Time": 1.503,
                        "Actual Total Time": 163.101,
                        "Actual Rows": 2939,
                        "Actual Loops": 2,
                        "Filter": "((kind_id < 7) AND (production_year = 1973))",
                        "Rows Removed by Filter": 1261217
                      }
                    ]
                  }
                ]
              }
            ]
          }
        ]
      }
    ]
  },
  "Planning Time": 0.479,
  "Triggers": [],
  "Execution Time": 978.147
}