[
  {
    "Plan": {
      "Node Type": "Aggregate",
      "Strategy": "Plain",
      "Partial Mode": "Finalize",
      "Parallel Aware": false,
      "Startup Cost": 347169.79,
      "Total Cost": 347169.8,
      "Plan Rows": 1,
      "Plan Width": 8,
      "Actual Startup Time": 703.331,
      "Actual Total Time": 763.758,
      "Actual Rows": 1,
      "Actual Loops": 1,
      "Plans": [
        {
          "Node Type": "Gather",
          "Parent Relationship": "Outer",
          "Parallel Aware": false,
          "Startup Cost": 347169.16,
          "Total Cost": 347169.77,
          "Plan Rows": 6,
          "Plan Width": 8,
          "Actual Startup Time": 703.224,
          "Actual Total Time": 763.748,
          "Actual Rows": 7,
          "Actual Loops": 1,
          "Workers Planned": 6,
          "Workers Launched": 6,
          "Single Copy": false,
          "Plans": [
            {
              "Node Type": "Aggregate",
              "Strategy": "Plain",
              "Partial Mode": "Partial",
              "Parent Relationship": "Outer",
              "Parallel Aware": false,
              "Startup Cost": 346169.16,
              "Total Cost": 346169.17,
              "Plan Rows": 1,
              "Plan Width": 8,
              "Actual Startup Time": 692.861,
              "Actual Total Time": 692.862,
              "Actual Rows": 1,
              "Actual Loops": 7,
              "Plans": [
                {
                  "Node Type": "Seq Scan",
                  "Parent Relationship": "Outer",
                  "Parallel Aware": true,
                  "Relation Name": "cast_info",
                  "Alias": "ci",
                  "Startup Cost": 0.0,
                  "Total Cost": 343257.03,
                  "Plan Rows": 1164853,
                  "Plan Width": 0,
                  "Actual Startup Time": 324.367,
                  "Actual Total Time": 629.456,
                  "Actual Rows": 1507086,
                  "Actual Loops": 7,
                  "Filter": "((person_id > 2654157) AND (role_id > 1))",
                  "Rows Removed by Filter": 3670677
                }
              ]
            }
          ]
        }
      ]
    },
    "Planning Time": 0.198,
    "Triggers": [],
    "Execution Time": 763.827
  }
]