[
    {
        "Bao": {
            "Bao prediction": "NaN",
            "Bao recommended hint": "(no hint)"
        }
    },
    {
        "Plan": {
            "Node Type": "Aggregate",
            "Strategy": "Plain",
            "Partial Mode": "Finalize",
            "Parallel Aware": false,
            "Startup Cost": 33193.92,
            "Total Cost": 33193.93,
            "Plan Rows": 1,
            "Plan Width": 8,
            "Actual Startup Time": 128.182,
            "Actual Total Time": 140.141,
            "Actual Rows": 1,
            "Actual Loops": 1,
            "Output": [
                "count(*)"
            ],
            "Plans": [
                {
                    "Node Type": "Gather",
                    "Parent Relationship": "Outer",
                    "Parallel Aware": false,
                    "Startup Cost": 33193.61,
                    "Total Cost": 33193.92,
                    "Plan Rows": 3,
                    "Plan Width": 8,
                    "Actual Startup Time": 128.066,
                    "Actual Total Time": 140.132,
                    "Actual Rows": 4,
                    "Actual Loops": 1,
                    "Output": [
                        "(PARTIAL count(*))"
                    ],
                    "Workers Planned": 3,
                    "Workers Launched": 3,
                    "Single Copy": false,
                    "Plans": [
                        {
                            "Node Type": "Aggregate",
                            "Strategy": "Plain",
                            "Partial Mode": "Partial",
                            "Parent Relationship": "Outer",
                            "Parallel Aware": false,
                            "Startup Cost": 32193.61,
                            "Total Cost": 32193.62,
                            "Plan Rows": 1,
                            "Plan Width": 8,
                            "Actual Startup Time": 119.76,
                            "Actual Total Time": 119.762,
                            "Actual Rows": 1,
                            "Actual Loops": 4,
                            "Output": [
                                "PARTIAL count(*)"
                            ],
                            "Workers": [
                                {
                                    "Worker Number": 0,
                                    "Actual Startup Time": 116.742,
                                    "Actual Total Time": 116.743,
                                    "Actual Rows": 1,
                                    "Actual Loops": 1
                                },
                                {
                                    "Worker Number": 1,
                                    "Actual Startup Time": 117.215,
                                    "Actual Total Time": 117.217,
                                    "Actual Rows": 1,
                                    "Actual Loops": 1
                                },
                                {
                                    "Worker Number": 2,
                                    "Actual Startup Time": 117.364,
                                    "Actual Total Time": 117.365,
                                    "Actual Rows": 1,
                                    "Actual Loops": 1
                                }
                            ],
                            "Plans": [
                                {
                                    "Node Type": "Seq Scan",
                                    "Parent Relationship": "Outer",
                                    "Parallel Aware": true,
                                    "Relation Name": "movie_companies",
                                    "Schema": "public",
                                    "Alias": "mc",
                                    "Startup Cost": 0.0,
                                    "Total Cost": 31414.82,
                                    "Plan Rows": 311515,
                                    "Plan Width": 0,
                                    "Actual Startup Time": 48.387,
                                    "Actual Total Time": 101.398,
                                    "Actual Rows": 282000,
                                    "Actual Loops": 4,
                                    "Output": [
                                        "id",
                                        "movie_id",
                                        "company_id",
                                        "company_type_id",
                                        "note"
                                    ],
                                    "Filter": "((mc.company_id > 1347) AND (mc.company_type_id = 2))",
                                    "Rows Removed by Filter": 370282,
                                    "Workers": [
                                        {
                                            "Worker Number": 0,
                                            "Actual Startup Time": 45.346,
                                            "Actual Total Time": 98.969,
                                            "Actual Rows": 269883,
                                            "Actual Loops": 1
                                        },
                                        {
                                            "Worker Number": 1,
                                            "Actual Startup Time": 45.852,
                                            "Actual Total Time": 99.386,
                                            "Actual Rows": 271411,
                                            "Actual Loops": 1
                                        },
                                        {
                                            "Worker Number": 2,
                                            "Actual Startup Time": 45.997,
                                            "Actual Total Time": 99.351,
                                            "Actual Rows": 273646,
                                            "Actual Loops": 1
                                        }
                                    ]
                                }
                            ]
                        }
                    ]
                }
            ]
        },
        "Planning Time": 309.369,
        "Triggers": [],
        "Execution Time": 140.204
    }
]