[
  {
    "Plan": {
      "Node Type": "Aggregate",
      "Strategy": "Plain",
      "Partial Mode": "Finalize",
      "Parallel Aware": false,
      "Startup Cost": 444904.87,
      "Total Cost": 444904.88,
      "Plan Rows": 1,
      "Plan Width": 8,
      "Actual Startup Time": 2362.962,
      "Actual Total Time": 2425.08,
      "Actual Rows": 1,
      "Actual Loops": 1,
      "Plans": [
        {
          "Node Type": "Gather",
          "Parent Relationship": "Outer",
          "Parallel Aware": false,
          "Startup Cost": 444904.25,
          "Total Cost": 444904.86,
          "Plan Rows": 6,
          "Plan Width": 8,
          "Actual Startup Time": 2333.741,
          "Actual Total Time": 2425.063,
          "Actual Rows": 7,
          "Actual Loops": 1,
          "Workers Planned": 6,
          "Workers Launched": 6,
          "Single Copy": false,
          "Plans": [
            {
              "Node Type": "Aggregate",
              "Strategy": "Plain",
              "Partial Mode": "Partial",
              "Parent Relationship": "Outer",
              "Parallel Aware": false,
              "Startup Cost": 443904.25,
              "Total Cost": 443904.26,
              "Plan Rows": 1,
              "Plan Width": 8,
              "Actual Startup Time": 2318.746,
              "Actual Total Time": 2319.189,
              "Actual Rows": 1,
              "Actual Loops": 7,
              "Plans": [
                {
                  "Node Type": "Hash Join",
                  "Parent Relationship": "Outer",
                  "Parallel Aware": true,
                  "Join Type": "Inner",
                  "Startup Cost": 100563.41,
                  "Total Cost": 440681.35,
                  "Plan Rows": 1289160,
                  "Plan Width": 0,
                  "Actual Startup Time": 542.472,
                  "Actual Total Time": 2107.522,
                  "Actual Rows": 3902387,
                  "Actual Loops": 7,
                  "Inner Unique": false,
                  "Hash Cond": "(ci.movie_id = t.id)",
                  "Plans": [
                    {
                      "Node Type": "Seq Scan",
                      "Parent Relationship": "Outer",
                      "Parallel Aware": true,
                      "Relation Name": "cast_info",
                      "Alias": "ci",
                      "Startup Cost": 0.0,
                      "Total Cost": 328162.03,
                      "Plan Rows": 2079287,
                      "Plan Width": 4,
                      "Actual Startup Time": 0.037,
                      "Actual Total Time": 726.196,
                      "Actual Rows": 1810098,
                      "Actual Loops": 7,
                      "Filter": "(role_id = 1)",
                      "Rows Removed by Filter": 3367665
                    },
                    {
                      "Node Type": "Hash",
                      "Parent Relationship": "Inner",
                      "Parallel Aware": true,
                      "Startup Cost": 94242.66,
                      "Total Cost": 94242.66,
                      "Plan Rows": 505660,
                      "Plan Width": 8,
                      "Actual Startup Time": 537.573,
                      "Actual Total Time": 538.014,
                      "Actual Rows": 225214,
                      "Actual Loops": 7,
                      "Hash Buckets": 2097152,
                      "Original Hash Buckets": 2097152,
                      "Hash Batches": 1,
                      "Original Hash Batches": 1,
                      "Peak Memory Usage": 78112,
                      "Plans": [
                        {
                          "Node Type": "Hash Join",
                          "Parent Relationship": "Outer",
                          "Parallel Aware": true,
                          "Join Type": "Inner",
                          "Startup Cost": 50219.64,
                          "Total Cost": 94242.66,
                          "Plan Rows": 505660,
                          "Plan Width": 8,
                          "Actual Startup Time": 292.276,
                          "Actual Total Time": 442.928,
                          "Actual Rows": 225214,
                          "Actual Loops": 7,
                          "Inner Unique": true,
                          "Hash Cond": "(mk.movie_id = t.id)",
                          "Plans": [
                            {
                              "Node Type": "Seq Scan",
                              "Parent Relationship": "Outer",
                              "Parallel Aware": true,
                              "Relation Name": "movie_keyword",
                              "Alias": "mk",
                              "Startup Cost": 0.0,
                              "Total Cost": 42695.65,
                              "Plan Rows": 505660,
                              "Plan Width": 4,
                              "Actual Startup Time": 0.512,
                              "Actual Total Time": 83.994,
                              "Actual Rows": 225214,
                              "Actual Loops": 7,
                              "Filter": "(keyword_id > 9913)",
                              "Rows Removed by Filter": 421062
                            },
                            {
                              "Node Type": "Hash",
                              "Parent Relationship": "Inner",
                              "Parallel Aware": true,
                              "Startup Cost": 42318.73,
                              "Total Cost": 42318.73,
                              "Plan Rows": 632073,
                              "Plan Width": 4,
                              "Actual Startup Time": 286.955,
                              "Actual Total Time": 286.956,
                              "Actual Rows": 361187,
                              "Actual Loops": 7,
                              "Hash Buckets": 4194304,
                              "Original Hash Buckets": 4194304,
                              "Hash Batches": 1,
                              "Original Hash Batches": 1,
                              "Peak Memory Usage": 131776,
                              "Plans": [
                                {
                                  "Node Type": "Seq Scan",
                                  "Parent Relationship": "Outer",
                                  "Parallel Aware": true,
                                  "Relation Name": "title",
                                  "Alias": "t",
                                  "Startup Cost": 0.0,
                                  "Total Cost": 42318.73,
                                  "Plan Rows": 632073,
                                  "Plan Width": 4,
                                  "Actual Startup Time": 0.046,
                                  "Actual Total Time": 83.566,
                                  "Actual Rows": 361187,
                                  "Actual Loops": 7
                                }
                              ]
                            }
                          ]
                        }
                      ]
                    }
                  ]
                }
              ]
            }
          ]
        }
      ]
    },
    "Planning Time": 1.401,
    "Triggers": [],
    "Execution Time": 2425.174
  }
]