[
  {
    "Plan": {
      "Node Type": "Aggregate",
      "Strategy": "Plain",
      "Partial Mode": "Finalize",
      "Parallel Aware": false,
      "Startup Cost": 61753.53,
      "Total Cost": 61753.54,
      "Plan Rows": 1,
      "Plan Width": 8,
      "Actual Startup Time": 54.301,
      "Actual Total Time": 64.4,
      "Actual Rows": 1,
      "Actual Loops": 1,
      "Plans": [
        {
          "Node Type": "Gather",
          "Parent Relationship": "Outer",
          "Parallel Aware": false,
          "Startup Cost": 61753.22,
          "Total Cost": 61753.53,
          "Plan Rows": 3,
          "Plan Width": 8,
          "Actual Startup Time": 54.147,
          "Actual Total Time": 64.394,
          "Actual Rows": 4,
          "Actual Loops": 1,
          "Workers Planned": 3,
          "Workers Launched": 3,
          "Single Copy": false,
          "Plans": [
            {
              "Node Type": "Aggregate",
              "Strategy": "Plain",
              "Partial Mode": "Partial",
              "Parent Relationship": "Outer",
              "Parallel Aware": false,
              "Startup Cost": 60753.22,
              "Total Cost": 60753.23,
              "Plan Rows": 1,
              "Plan Width": 8,
              "Actual Startup Time": 50.105,
              "Actual Total Time": 50.107,
              "Actual Rows": 1,
              "Actual Loops": 4,
              "Plans": [
                {
                  "Node Type": "Nested Loop",
                  "Parent Relationship": "Outer",
                  "Parallel Aware": false,
                  "Join Type": "Inner",
                  "Startup Cost": 447.31,
                  "Total Cost": 60752.56,
                  "Plan Rows": 261,
                  "Plan Width": 0,
                  "Actual Startup Time": 13.613,
                  "Actual Total Time": 50.102,
                  "Actual Rows": 6,
                  "Actual Loops": 4,
                  "Inner Unique": true,
                  "Plans": [
                    {
                      "Node Type": "Bitmap Heap Scan",
                      "Parent Relationship": "Outer",
                      "Parallel Aware": true,
                      "Relation Name": "movie_keyword",
                      "Alias": "mk",
                      "Startup Cost": 446.88,
                      "Total Cost": 25125.73,
                      "Plan Rows": 6762,
                      "Plan Width": 4,
                      "Actual Startup Time": 1.109,
                      "Actual Total Time": 20.586,
                      "Actual Rows": 5130,
                      "Actual Loops": 4,
                      "Recheck Cond": "(keyword_id = 382)",
                      "Rows Removed by Index Recheck": 0,
                      "Exact Heap Blocks": 5970,
                      "Lossy Heap Blocks": 0,
                      "Plans": [
                        {
                          "Node Type": "Bitmap Index Scan",
                          "Parent Relationship": "Outer",
                          "Parallel Aware": false,
                          "Index Name": "keyword_id_movie_keyword",
                          "Startup Cost": 0.0,
                          "Total Cost": 441.64,
                          "Plan Rows": 20961,
                          "Plan Width": 0,
                          "Actual Startup Time": 2.674,
                          "Actual Total Time": 2.674,
                          "Actual Rows": 20522,
                          "Actual Loops": 1,
                          "Index Cond": "(keyword_id = 382)"
                        }
                      ]
                    },
                    {
                      "Node Type": "Index Scan",
                      "Parent Relationship": "Inner",
                      "Parallel Aware": false,
                      "Scan Direction": "Forward",
                      "Index Name": "title_pkey",
                      "Relation Name": "title",
                      "Alias": "t",
                      "Startup Cost": 0.43,
                      "Total Cost": 5.27,
                      "Plan Rows": 1,
                      "Plan Width": 4,
                      "Actual Startup Time": 0.005,
                      "Actual Total Time": 0.005,
                      "Actual Rows": 0,
                      "Actual Loops": 20522,
                      "Index Cond": "(id = mk.movie_id)",
                      "Rows Removed by Index Recheck": 0,
                      "Filter": "((kind_id = 7) AND (production_year = 2012))",
                      "Rows Removed by Filter": 1
                    }
                  ]
                }
              ]
            }
          ]
        }
      ]
    },
    "Planning Time": 0.217,
    "Triggers": [],
    "Execution Time": 64.434
  }
]