[
  {
    "Plan": {
      "Node Type": "Aggregate",
      "Strategy": "Plain",
      "Partial Mode": "Finalize",
      "Parallel Aware": false,
      "Startup Cost": 58296.04,
      "Total Cost": 58296.05,
      "Plan Rows": 1,
      "Plan Width": 8,
      "Actual Startup Time": 77.681,
      "Actual Total Time": 88.424,
      "Actual Rows": 1,
      "Actual Loops": 1,
      "Plans": [
        {
          "Node Type": "Gather",
          "Parent Relationship": "Outer",
          "Parallel Aware": false,
          "Startup Cost": 58295.72,
          "Total Cost": 58296.03,
          "Plan Rows": 3,
          "Plan Width": 8,
          "Actual Startup Time": 77.513,
          "Actual Total Time": 88.418,
          "Actual Rows": 4,
          "Actual Loops": 1,
          "Workers Planned": 3,
          "Workers Launched": 3,
          "Single Copy": false,
          "Plans": [
            {
              "Node Type": "Aggregate",
              "Strategy": "Plain",
              "Partial Mode": "Partial",
              "Parent Relationship": "Outer",
              "Parallel Aware": false,
              "Startup Cost": 57295.72,
              "Total Cost": 57295.73,
              "Plan Rows": 1,
              "Plan Width": 8,
              "Actual Startup Time": 68.622,
              "Actual Total Time": 68.624,
              "Actual Rows": 1,
              "Actual Loops": 4,
              "Plans": [
                {
                  "Node Type": "Nested Loop",
                  "Parent Relationship": "Outer",
                  "Parallel Aware": false,
                  "Join Type": "Inner",
                  "Startup Cost": 390.28,
                  "Total Cost": 57295.15,
                  "Plan Rows": 228,
                  "Plan Width": 0,
                  "Actual Startup Time": 24.864,
                  "Actual Total Time": 68.615,
                  "Actual Rows": 6,
                  "Actual Loops": 4,
                  "Inner Unique": true,
                  "Plans": [
                    {
                      "Node Type": "Bitmap Heap Scan",
                      "Parent Relationship": "Outer",
                      "Parallel Aware": true,
                      "Relation Name": "movie_keyword",
                      "Alias": "mk",
                      "Startup Cost": 389.85,
                      "Total Cost": 24231.11,
                      "Plan Rows": 5886,
                      "Plan Width": 4,
                      "Actual Startup Time": 8.253,
                      "Actual Total Time": 26.228,
                      "Actual Rows": 5130,
                      "Actual Loops": 4,
                      "Recheck Cond": "(keyword_id = 382)",
                      "Rows Removed by Index Recheck": 0,
                      "Exact Heap Blocks": 6536,
                      "Lossy Heap Blocks": 0,
                      "Plans": [
                        {
                          "Node Type": "Bitmap Index Scan",
                          "Parent Relationship": "Outer",
                          "Parallel Aware": false,
                          "Index Name": "keyword_id_movie_keyword",
                          "Startup Cost": 0.0,
                          "Total Cost": 385.28,
                          "Plan Rows": 18247,
                          "Plan Width": 0,
                          "Actual Startup Time": 10.461,
                          "Actual Total Time": 10.461,
                          "Actual Rows": 20522,
                          "Actual Loops": 1,
                          "Index Cond": "(keyword_id = 382)"
                        }
                      ]
                    },
                    {
                      "Node Type": "Index Scan",
                      "Parent Relationship": "Inner",
                      "Parallel Aware": false,
                      "Scan Direction": "Forward",
                      "Index Name": "title_pkey",
                      "Relation Name": "title",
                      "Alias": "t",
                      "Startup Cost": 0.43,
                      "Total Cost": 5.62,
                      "Plan Rows": 1,
                      "Plan Width": 4,
                      "Actual Startup Time": 0.008,
                      "Actual Total Time": 0.008,
                      "Actual Rows": 0,
                      "Actual Loops": 20522,
                      "Index Cond": "(id = mk.movie_id)",
                      "Rows Removed by Index Recheck": 0,
                      "Filter": "((kind_id = 7) AND (production_year = 2012))",
                      "Rows Removed by Filter": 1
                    }
                  ]
                }
              ]
            }
          ]
        }
      ]
    },
    "Planning Time": 0.625,
    "Triggers": [],
    "Execution Time": 88.511
  }
]