{
  "Plan": {
    "Node Type": "Aggregate",
    "Strategy": "Plain",
    "Partial Mode": "Simple",
    "Parallel Aware": false,
    "Startup Cost": 453013.28,
    "Total Cost": 453013.29,
    "Plan Rows": 1,
    "Plan Width": 96,
    "Actual Startup Time": 5141.443,
    "Actual Total Time": 5173.304,
    "Actual Rows": 1,
    "Actual Loops": 1,
    "Plans": [
      {
        "Node Type": "Gather",
        "Parent Relationship": "Outer",
        "Parallel Aware": false,
        "Startup Cost": 452980.69,
        "Total Cost": 453013.27,
        "Plan Rows": 1,
        "Plan Width": 42,
        "Actual Startup Time": 5033.104,
        "Actual Total Time": 5171.394,
        "Actual Rows": 11621,
        "Actual Loops": 1,
        "Workers Planned": 1,
        "Workers Launched": 0,
        "Single Copy": false,
        "Plans": [
          {
            "Node Type": "Hash Join",
            "Parent Relationship": "Outer",
            "Parallel Aware": false,
            "Join Type": "Inner",
            "Startup Cost": 451980.69,
            "Total Cost": 452013.17,
            "Plan Rows": 1,
            "Plan Width": 42,
            "Actual Startup Time": 5031.924,
            "Actual Total Time": 5137.39,
            "Actual Rows": 11621,
            "Actual Loops": 1,
            "Inner Unique": true,
            "Hash Cond": "(mi_idx.info_type_id = it2.id)",
            "Plans": [
              {
                "Node Type": "Nested Loop",
                "Parent Relationship": "Outer",
                "Parallel Aware": false,
                "Join Type": "Inner",
                "Startup Cost": 451978.26,
                "Total Cost": 452010.68,
                "Plan Rows": 25,
                "Plan Width": 46,
                "Actual Startup Time": 5031.852,
                "Actual Total Time": 5134.364,
                "Actual Rows": 27635,
                "Actual Loops": 1,
                "Inner Unique": true,
                "Plans": [
                  {
                    "Node Type": "Merge Join",
                    "Parent Relationship": "Outer",
                    "Parallel Aware": false,
                    "Join Type": "Inner",
                    "Startup Cost": 451977.84,
                    "Total Cost": 451979.91,
                    "Plan Rows": 69,
                    "Plan Width": 31,
                    "Actual Startup Time": 5031.763,
                    "Actual Total Time": 5046.347,
                    "Actual Rows": 56817,
                    "Actual Loops": 1,
                    "Inner Unique": true,
                    "Merge Cond": "(mc.company_type_id = ct.id)",
                    "Plans": [
                      {
                        "Node Type": "Sort",
                        "Parent Relationship": "Outer",
                        "Parallel Aware": false,
                        "Startup Cost": 451976.78,
                        "Total Cost": 451977.47,
                        "Plan Rows": 275,
                        "Plan Width": 35,
                        "Actual Startup Time": 5021.462,
                        "Actual Total Time": 5031.239,
                        "Actual Rows": 166003,
                        "Actual Loops": 1,
                        "Sort Key": [
                          "mc.company_type_id"
                        ],
                        "Sort Method": "quicksort",
                        "Sort Space Used": 20068,
                        "Sort Space Type": "Memory",
                        "Plans": [
                          {
                            "Node Type": "Hash Join",
                            "Parent Relationship": "Outer",
                            "Parallel Aware": false,
                            "Join Type": "Inner",
                            "Startup Cost": 179624.62,
                            "Total Cost": 451965.64,
                            "Plan Rows": 275,
                            "Plan Width": 35,
                            "Actual Startup Time": 4749.973,
                            "Actual Total Time": 4992.821,
                            "Actual Rows": 166003,
                            "Actual Loops": 1,
                            "Inner Unique": true,
                            "Hash Cond": "(mi.info_type_id = it1.id)",
                            "Plans": [
                              {
                                "Node Type": "Hash Join",
                                "Parent Relationship": "Outer",
                                "Parallel Aware": true,
                                "Join Type": "Inner",
                                "Startup Cost": 179622.19,
                                "Total Cost": 451878.63,
                                "Plan Rows": 31056,
                                "Plan Width": 39,
                                "Actual Startup Time": 4383.47,
                                "Actual Total Time": 4971.485,
                                "Actual Rows": 172546,
                                "Actual Loops": 1,
                                "Inner Unique": false,
                                "Hash Cond": "(mi.movie_id = mc.movie_id)",
                                "Plans": [
                                  {
                                    "Node Type": "Seq Scan",
                                    "Parent Relationship": "Outer",
                                    "Parallel Aware": true,
                                    "Relation Name": "movie_info",
                                    "Alias": "mi",
                                    "Startup Cost": 0.0,
                                    "Total Cost": 271102.71,
                                    "Plan Rows": 29969,
                                    "Plan Width": 8,
                                    "Actual Startup Time": 888.28,
                                    "Actual Total Time": 1422.255,
                                    "Actual Rows": 52265,
                                    "Actual Loops": 1,
                                    "Filter": "(info = ANY ('{Horror,Sci-Fi}'::text[]))",
                                    "Rows Removed by Filter": 14783455
                                  },
                                  {
                                    "Node Type": "Hash",
                                    "Parent Relationship": "Inner",
                                    "Parallel Aware": true,
                                    "Startup Cost": 160357.99,
                                    "Total Cost": 160357.99,
                                    "Plan Rows": 1541136,
                                    "Plan Width": 47,
                                    "Actual Startup Time": 3448.03,
                                    "Actual Total Time": 3448.039,
                                    "Actual Rows": 1430888,
                                    "Actual Loops": 1,
                                    "Hash Buckets": 4194304,
                                    "Original Hash Buckets": 4194304,
                                    "Hash Batches": 1,
                                    "Original Hash Batches": 1,
                                    "Peak Memory Usage": 148704,
                                    "Plans": [
                                      {
                                        "Node Type": "Hash Join",
                                        "Parent Relationship": "Outer",
                                        "Parallel Aware": true,
                                        "Join Type": "Inner",
                                        "Startup Cost": 92781.89,
                                        "Total Cost": 160357.99,
                                        "Plan Rows": 1541136,
                                        "Plan Width": 47,
                                        "Actual Startup Time": 1225.336,
                                        "Actual Total Time": 3003.155,
                                        "Actual Rows": 1430888,
                                        "Actual Loops": 1,
                                        "Inner Unique": true,
                                        "Hash Cond": "(mc.movie_id = t.id)",
                                        "Plans": [
                                          {
                                            "Node Type": "Hash Join",
                                            "Parent Relationship": "Outer",
                                            "Parallel Aware": true,
                                            "Join Type": "Inner",
                                            "Startup Cost": 25016.34,
                                            "Total Cost": 84642.67,
                                            "Plan Rows": 3028483,
                                            "Plan Width": 26,
                                            "Actual Startup Time": 433.104,
                                            "Actual Total Time": 1681.443,
                                            "Actual Rows": 2771861,
                                            "Actual Loops": 1,
                                            "Inner Unique": false,
                                            "Hash Cond": "(mc.movie_id = mi_idx.movie_id)",
                                            "Plans": [
                                              {
                                                "Node Type": "Seq Scan",
                                                "Parent Relationship": "Outer",
                                                "Parallel Aware": true,
                                                "Relation Name": "movie_companies",
                                                "Alias": "mc",
                                                "Startup Cost": 0.0,
                                                "Total Cost": 34137.82,
                                                "Plan Rows": 1534782,
                                                "Plan Width": 12,
                                                "Actual Startup Time": 0.007,
                                                "Actual Total Time": 209.005,
                                                "Actual Rows": 2609129,
                                                "Actual Loops": 1
                                              },
                                              {
                                                "Node Type": "Hash",
                                                "Parent Relationship": "Inner",
                                                "Parallel Aware": true,
                                                "Startup Cost": 18082.32,
                                                "Total Cost": 18082.32,
                                                "Plan Rows": 554722,
                                                "Plan Width": 14,
                                                "Actual Startup Time": 422.624,
                                                "Actual Total Time": 422.625,
                                                "Actual Rows": 944918,
                                                "Actual Loops": 1,
                                                "Hash Buckets": 1048576,
                                                "Original Hash Buckets": 1048576,
                                                "Hash Batches": 1,
                                                "Original Hash Batches": 1,
                                                "Peak Memory Usage": 53120,
                                                "Plans": [
                                                  {
                                                    "Node Type": "Seq Scan",
                                                    "Parent Relationship": "Outer",
                                                    "Parallel Aware": true,
                                                    "Relation Name": "movie_info_idx",
                                                    "Alias": "mi_idx",
                                                    "Startup Cost": 0.0,
                                                    "Total Cost": 18082.32,
                                                    "Plan Rows": 554722,
                                                    "Plan Width": 14,
                                                    "Actual Startup Time": 0.017,
                                                    "Actual Total Time": 192.229,
                                                    "Actual Rows": 944918,
                                                    "Actual Loops": 1,
                                                    "Filter": "(info > '11'::text)",
                                                    "Rows Removed by Filter": 435117
                                                  }
                                                ]
                                              }
                                            ]
                                          },
                                          {
                                            "Node Type": "Hash",
                                            "Parent Relationship": "Inner",
                                            "Parallel Aware": true,
                                            "Startup Cost": 58305.62,
                                            "Total Cost": 58305.62,
                                            "Plan Rows": 756794,
                                            "Plan Width": 21,
                                            "Actual Startup Time": 774.306,
                                            "Actual Total Time": 774.307,
                                            "Actual Rows": 1281875,
                                            "Actual Loops": 1,
                                            "Hash Buckets": 2097152,
                                            "Original Hash Buckets": 2097152,
                                            "Hash Batches": 1,
                                            "Original Hash Batches": 1,
                                            "Peak Memory Usage": 88000,
                                            "Plans": [
                                              {
                                                "Node Type": "Seq Scan",
                                                "Parent Relationship": "Outer",
                                                "Parallel Aware": true,
                                                "Relation Name": "title",
                                                "Alias": "t",
                                                "Startup Cost": 0.0,
                                                "Total Cost": 58305.62,
                                                "Plan Rows": 756794,
                                                "Plan Width": 21,
                                                "Actual Startup Time": 0.013,
                                                "Actual Total Time": 327.294,
                                                "Actual Rows": 1281875,
                                                "Actual Loops": 1,
                                                "Filter": "((production_year >= 1994) AND (production_year <= 2010))",
                                                "Rows Removed by Filter": 1246437
                                              }
                                            ]
                                          }
                                        ]
                                      }
                                    ]
                                  }
                                ]
                              },
                              {
                                "Node Type": "Hash",
                                "Parent Relationship": "Inner",
                                "Parallel Aware": false,
                                "Startup Cost": 2.41,
                                "Total Cost": 2.41,
                                "Plan Rows": 1,
                                "Plan Width": 4,
                                "Actual Startup Time": 0.04,
                                "Actual Total Time": 0.041,
                                "Actual Rows": 1,
                                "Actual Loops": 1,
                                "Hash Buckets": 1024,
                                "Original Hash Buckets": 1024,
                                "Hash Batches": 1,
                                "Original Hash Batches": 1,
                                "Peak Memory Usage": 9,
                                "Plans": [
                                  {
                                    "Node Type": "Seq Scan",
                                    "Parent Relationship": "Outer",
                                    "Parallel Aware": false,
                                    "Relation Name": "info_type",
                                    "Alias": "it1",
                                    "Startup Cost": 0.0,
                                    "Total Cost": 2.41,
                                    "Plan Rows": 1,
                                    "Plan Width": 4,
                                    "Actual Startup Time": 0.017,
                                    "Actual Total Time": 0.037,
                                    "Actual Rows": 1,
                                    "Actual Loops": 1,
                                    "Filter": "((info)::text = 'genres'::text)",
                                    "Rows Removed by Filter": 112
                                  }
                                ]
                              }
                            ]
                          }
                        ]
                      },
                      {
                        "Node Type": "Sort",
                        "Parent Relationship": "Inner",
                        "Parallel Aware": false,
                        "Startup Cost": 1.06,
                        "Total Cost": 1.06,
                        "Plan Rows": 1,
                        "Plan Width": 4,
                        "Actual Startup Time": 0.03,
                        "Actual Total Time": 0.031,
                        "Actual Rows": 1,
                        "Actual Loops": 1,
                        "Sort Key": [
                          "ct.id"
                        ],
                        "Sort Method": "quicksort",
                        "Sort Space Used": 25,
                        "Sort Space Type": "Memory",
                        "Plans": [
                          {
                            "Node Type": "Seq Scan",
                            "Parent Relationship": "Outer",
                            "Parallel Aware": false,
                            "Relation Name": "company_type",
                            "Alias": "ct",
                            "Startup Cost": 0.0,
                            "Total Cost": 1.05,
                            "Plan Rows": 1,
                            "Plan Width": 4,
                            "Actual Startup Time": 0.017,
                            "Actual Total Time": 0.018,
                            "Actual Rows": 1,
                            "Actual Loops": 1,
                            "Filter": "((kind)::text = 'production companies'::text)",
                            "Rows Removed by Filter": 3
                          }
                        ]
                      }
                    ]
                  },
                  {
                    "Node Type": "Index Scan",
                    "Parent Relationship": "Inner",
                    "Parallel Aware": false,
                    "Scan Direction": "Forward",
                    "Index Name": "company_name_pkey",
                    "Relation Name": "company_name",
                    "Alias": "cn",
                    "Startup Cost": 0.42,
                    "Total Cost": 0.45,
                    "Plan Rows": 1,
                    "Plan Width": 23,
                    "Actual Startup Time": 0.001,
                    "Actual Total Time": 0.001,
                    "Actual Rows": 0,
                    "Actual Loops": 56817,
                    "Index Cond": "(id = mc.company_id)",
                    "Rows Removed by Index Recheck": 0,
                    "Filter": "((country_code)::text = '[us]'::text)",
                    "Rows Removed by Filter": 1
                  }
                ]
              },
              {
                "Node Type": "Hash",
                "Parent Relationship": "Inner",
                "Parallel Aware": false,
                "Startup Cost": 2.41,
                "Total Cost": 2.41,
                "Plan Rows": 1,
                "Plan Width": 4,
                "Actual Startup Time": 0.057,
                "Actual Total Time": 0.058,
                "Actual Rows": 1,
                "Actual Loops": 1,
                "Hash Buckets": 1024,
                "Original Hash Buckets": 1024,
                "Hash Batches": 1,
                "Original Hash Batches": 1,
                "Peak Memory Usage": 9,
                "Plans": [
                  {
                    "Node Type": "Seq Scan",
                    "Parent Relationship": "Outer",
                    "Parallel Aware": false,
                    "Relation Name": "info_type",
                    "Alias": "it2",
                    "Startup Cost": 0.0,
                    "Total Cost": 2.41,
                    "Plan Rows": 1,
                    "Plan Width": 4,
                    "Actual Startup Time": 0.046,
                    "Actual Total Time": 0.05,
                    "Actual Rows": 1,
                    "Actual Loops": 1,
                    "Filter": "((info)::text = 'rating'::text)",
                    "Rows Removed by Filter": 112
                  }
                ]
              }
            ]
          }
        ]
      }
    ]
  },
  "Planning Time": 2.56,
  "Triggers": [],
  "Execution Time": 5173.486
}