[
  {
    "Plan": {
      "Node Type": "Aggregate",
      "Strategy": "Plain",
      "Partial Mode": "Finalize",
      "Parallel Aware": false,
      "Startup Cost": 44284.69,
      "Total Cost": 44284.7,
      "Plan Rows": 1,
      "Plan Width": 8,
      "Actual Startup Time": 118.967,
      "Actual Total Time": 126.505,
      "Actual Rows": 1,
      "Actual Loops": 1,
      "Plans": [
        {
          "Node Type": "Gather",
          "Parent Relationship": "Outer",
          "Parallel Aware": false,
          "Startup Cost": 44284.37,
          "Total Cost": 44284.68,
          "Plan Rows": 3,
          "Plan Width": 8,
          "Actual Startup Time": 118.831,
          "Actual Total Time": 126.496,
          "Actual Rows": 4,
          "Actual Loops": 1,
          "Workers Planned": 3,
          "Workers Launched": 3,
          "Single Copy": false,
          "Plans": [
            {
              "Node Type": "Aggregate",
              "Strategy": "Plain",
              "Partial Mode": "Partial",
              "Parent Relationship": "Outer",
              "Parallel Aware": false,
              "Startup Cost": 43284.37,
              "Total Cost": 43284.38,
              "Plan Rows": 1,
              "Plan Width": 8,
              "Actual Startup Time": 110.791,
              "Actual Total Time": 110.792,
              "Actual Rows": 1,
              "Actual Loops": 4,
              "Plans": [
                {
                  "Node Type": "Seq Scan",
                  "Parent Relationship": "Outer",
                  "Parallel Aware": true,
                  "Relation Name": "movie_keyword",
                  "Alias": "mk",
                  "Startup Cost": 0.0,
                  "Total Cost": 42695.65,
                  "Plan Rows": 235488,
                  "Plan Width": 0,
                  "Actual Startup Time": 11.151,
                  "Actual Total Time": 101.939,
                  "Actual Rows": 179657,
                  "Actual Loops": 4,
                  "Filter": "(keyword_id > 26098)",
                  "Rows Removed by Filter": 951325
                }
              ]
            }
          ]
        }
      ]
    },
    "Planning Time": 0.156,
    "Triggers": [],
    "Execution Time": 126.557
  }
]