{
  "Plan": {
    "Node Type": "Aggregate",
    "Strategy": "Plain",
    "Partial Mode": "Finalize",
    "Parallel Aware": false,
    "Startup Cost": 138904.18,
    "Total Cost": 138904.19,
    "Plan Rows": 1,
    "Plan Width": 8,
    "Actual Startup Time": 788.271,
    "Actual Total Time": 810.159,
    "Actual Rows": 1,
    "Actual Loops": 1,
    "Plans": [
      {
        "Node Type": "Gather",
        "Parent Relationship": "Outer",
        "Parallel Aware": false,
        "Startup Cost": 138904.07,
        "Total Cost": 138904.18,
        "Plan Rows": 1,
        "Plan Width": 8,
        "Actual Startup Time": 783.864,
        "Actual Total Time": 810.15,
        "Actual Rows": 2,
        "Actual Loops": 1,
        "Workers Planned": 1,
        "Workers Launched": 1,
        "Single Copy": false,
        "Plans": [
          {
            "Node Type": "Aggregate",
            "Strategy": "Plain",
            "Partial Mode": "Partial",
            "Parent Relationship": "Outer",
            "Parallel Aware": false,
            "Startup Cost": 137904.07,
            "Total Cost": 137904.08,
            "Plan Rows": 1,
            "Plan Width": 8,
            "Actual Startup Time": 777.66,
            "Actual Total Time": 777.666,
            "Actual Rows": 1,
            "Actual Loops": 2,
            "Plans": [
              {
                "Node Type": "Hash Join",
                "Parent Relationship": "Outer",
                "Parallel Aware": true,
                "Join Type": "Inner",
                "Startup Cost": 116955.85,
                "Total Cost": 137653.97,
                "Plan Rows": 100039,
                "Plan Width": 0,
                "Actual Startup Time": 659.519,
                "Actual Total Time": 775.529,
                "Actual Rows": 44213,
                "Actual Loops": 2,
                "Inner Unique": false,
                "Hash Cond": "(mi_idx.movie_id = t.id)",
                "Plans": [
                  {
                    "Node Type": "Seq Scan",
                    "Parent Relationship": "Outer",
                    "Parallel Aware": true,
                    "Relation Name": "movie_info_idx",
                    "Alias": "mi_idx",
                    "Startup Cost": 0.0,
                    "Total Cost": 18082.32,
                    "Plan Rows": 540622,
                    "Plan Width": 4,
                    "Actual Startup Time": 0.033,
                    "Actual Total Time": 67.926,
                    "Actual Rows": 459925,
                    "Actual Loops": 2,
                    "Filter": "(info_type_id < 101)",
                    "Rows Removed by Filter": 230092
                  },
                  {
                    "Node Type": "Hash",
                    "Parent Relationship": "Inner",
                    "Parallel Aware": true,
                    "Startup Cost": 113515.79,
                    "Total Cost": 113515.79,
                    "Plan Rows": 275205,
                    "Plan Width": 8,
                    "Actual Startup Time": 654.016,
                    "Actual Total Time": 654.02,
                    "Actual Rows": 46110,
                    "Actual Loops": 2,
                    "Hash Buckets": 524288,
                    "Original Hash Buckets": 524288,
                    "Hash Batches": 1,
                    "Original Hash Batches": 1,
                    "Peak Memory Usage": 7744,
                    "Plans": [
                      {
                        "Node Type": "Hash Join",
                        "Parent Relationship": "Outer",
                        "Parallel Aware": true,
                        "Join Type": "Inner",
                        "Startup Cost": 82214.12,
                        "Total Cost": 113515.79,
                        "Plan Rows": 275205,
                        "Plan Width": 8,
                        "Actual Startup Time": 461.24,
                        "Actual Total Time": 641.531,
                        "Actual Rows": 46110,
                        "Actual Loops": 2,
                        "Inner Unique": true,
                        "Hash Cond": "(mk.movie_id = t.id)",
                        "Plans": [
                          {
                            "Node Type": "Bitmap Heap Scan",
                            "Parent Relationship": "Outer",
                            "Parallel Aware": true,
                            "Relation Name": "movie_keyword",
                            "Alias": "mk",
                            "Startup Cost": 16325.26,
                            "Total Cost": 46438.49,
                            "Plan Rows": 452738,
                            "Plan Width": 4,
                            "Actual Startup Time": 47.329,
                            "Actual Total Time": 138.375,
                            "Actual Rows": 389690,
                            "Actual Loops": 2,
                            "Recheck Cond": "(keyword_id < 745)",
                            "Rows Removed by Index Recheck": 0,
                            "Exact Heap Blocks": 15827,
                            "Lossy Heap Blocks": 0,
                            "Plans": [
                              {
                                "Node Type": "Bitmap Index Scan",
                                "Parent Relationship": "Outer",
                                "Parallel Aware": false,
                                "Index Name": "keyword_id_movie_keyword",
                                "Startup Cost": 0.0,
                                "Total Cost": 16132.84,
                                "Plan Rows": 769655,
                                "Plan Width": 0,
                                "Actual Startup Time": 43.712,
                                "Actual Total Time": 43.713,
                                "Actual Rows": 779380,
                                "Actual Loops": 1,
                                "Index Cond": "(keyword_id < 745)"
                              }
                            ]
                          },
                          {
                            "Node Type": "Hash",
                            "Parent Relationship": "Inner",
                            "Parallel Aware": true,
                            "Startup Cost": 54588.39,
                            "Total Cost": 54588.39,
                            "Plan Rows": 904038,
                            "Plan Width": 4,
                            "Actual Startup Time": 403.075,
                            "Actual Total Time": 403.076,
                            "Actual Rows": 771632,
                            "Actual Loops": 2,
                            "Hash Buckets": 2097152,
                            "Original Hash Buckets": 2097152,
                            "Hash Batches": 1,
                            "Original Hash Batches": 1,
                            "Peak Memory Usage": 76800,
                            "Plans": [
                              {
                                "Node Type": "Seq Scan",
                                "Parent Relationship": "Outer",
                                "Parallel Aware": true,
                                "Relation Name": "title",
                                "Alias": "t",
                                "Startup Cost": 0.0,
                                "Total Cost": 54588.39,
                                "Plan Rows": 904038,
                                "Plan Width": 4,
                                "Actual Startup Time": 0.035,
                                "Actual Total Time": 182.058,
                                "Actual Rows": 771632,
                                "Actual Loops": 2,
                                "Filter": "(kind_id = 7)",
                                "Rows Removed by Filter": 492524
                              }
                            ]
                          }
                        ]
                      }
                    ]
                  }
                ]
              }
            ]
          }
        ]
      }
    ]
  },
  "Planning Time": 0.935,
  "Triggers": [],
  "Execution Time": 810.257
}