[
  {
    "Plan": {
      "Node Type": "Aggregate",
      "Strategy": "Plain",
      "Partial Mode": "Finalize",
      "Parallel Aware": false,
      "Startup Cost": 232130.43,
      "Total Cost": 232130.44,
      "Plan Rows": 1,
      "Plan Width": 8,
      "Actual Startup Time": 1859.811,
      "Actual Total Time": 1936.534,
      "Actual Rows": 1,
      "Actual Loops": 1,
      "Plans": [
        {
          "Node Type": "Gather",
          "Parent Relationship": "Outer",
          "Parallel Aware": false,
          "Startup Cost": 232130.11,
          "Total Cost": 232130.42,
          "Plan Rows": 3,
          "Plan Width": 8,
          "Actual Startup Time": 1858.952,
          "Actual Total Time": 1936.524,
          "Actual Rows": 4,
          "Actual Loops": 1,
          "Workers Planned": 3,
          "Workers Launched": 3,
          "Single Copy": false,
          "Plans": [
            {
              "Node Type": "Aggregate",
              "Strategy": "Plain",
              "Partial Mode": "Partial",
              "Parent Relationship": "Outer",
              "Parallel Aware": false,
              "Startup Cost": 231130.11,
              "Total Cost": 231130.12,
              "Plan Rows": 1,
              "Plan Width": 8,
              "Actual Startup Time": 1855.016,
              "Actual Total Time": 1855.019,
              "Actual Rows": 1,
              "Actual Loops": 4,
              "Plans": [
                {
                  "Node Type": "Nested Loop",
                  "Parent Relationship": "Outer",
                  "Parallel Aware": false,
                  "Join Type": "Inner",
                  "Startup Cost": 45953.6,
                  "Total Cost": 228742.41,
                  "Plan Rows": 955081,
                  "Plan Width": 0,
                  "Actual Startup Time": 105.875,
                  "Actual Total Time": 1745.306,
                  "Actual Rows": 2513462,
                  "Actual Loops": 4,
                  "Inner Unique": false,
                  "Join Filter": "(t.id = ci.movie_id)",
                  "Rows Removed by Join Filter": 0,
                  "Plans": [
                    {
                      "Node Type": "Hash Join",
                      "Parent Relationship": "Outer",
                      "Parallel Aware": true,
                      "Join Type": "Inner",
                      "Startup Cost": 45953.04,
                      "Total Cost": 91566.86,
                      "Plan Rows": 66613,
                      "Plan Width": 8,
                      "Actual Startup Time": 105.788,
                      "Actual Total Time": 283.191,
                      "Actual Rows": 39611,
                      "Actual Loops": 4,
                      "Inner Unique": true,
                      "Hash Cond": "(mk.movie_id = t.id)",
                      "Plans": [
                        {
                          "Node Type": "Seq Scan",
                          "Parent Relationship": "Outer",
                          "Parallel Aware": true,
                          "Relation Name": "movie_keyword",
                          "Alias": "mk",
                          "Startup Cost": 0.0,
                          "Total Cost": 42695.65,
                          "Plan Rows": 1111684,
                          "Plan Width": 4,
                          "Actual Startup Time": 0.03,
                          "Actual Total Time": 101.926,
                          "Actual Rows": 862596,
                          "Actual Loops": 4,
                          "Filter": "(keyword_id < 16459)",
                          "Rows Removed by Filter": 268386
                        },
                        {
                          "Node Type": "Hash",
                          "Parent Relationship": "Inner",
                          "Parallel Aware": true,
                          "Startup Cost": 45479.59,
                          "Total Cost": 45479.59,
                          "Plan Rows": 37876,
                          "Plan Width": 4,
                          "Actual Startup Time": 104.116,
                          "Actual Total Time": 104.117,
                          "Actual Rows": 33690,
                          "Actual Loops": 4,
                          "Hash Buckets": 262144,
                          "Original Hash Buckets": 262144,
                          "Hash Batches": 1,
                          "Original Hash Batches": 1,
                          "Peak Memory Usage": 7360,
                          "Plans": [
                            {
                              "Node Type": "Seq Scan",
                              "Parent Relationship": "Outer",
                              "Parallel Aware": true,
                              "Relation Name": "title",
                              "Alias": "t",
                              "Startup Cost": 0.0,
                              "Total Cost": 45479.59,
                              "Plan Rows": 37876,
                              "Plan Width": 4,
                              "Actual Startup Time": 0.051,
                              "Actual Total Time": 91.654,
                              "Actual Rows": 33690,
                              "Actual Loops": 4,
                              "Filter": "((kind_id < 7) AND (production_year > 2010))",
                              "Rows Removed by Filter": 598388
                            }
                          ]
                        }
                      ]
                    },
                    {
                      "Node Type": "Index Only Scan",
                      "Parent Relationship": "Inner",
                      "Parallel Aware": false,
                      "Scan Direction": "Forward",
                      "Index Name": "movie_id_cast_info",
                      "Relation Name": "cast_info",
                      "Alias": "ci",
                      "Startup Cost": 0.56,
                      "Total Cost": 1.62,
                      "Plan Rows": 35,
                      "Plan Width": 4,
                      "Actual Startup Time": 0.004,
                      "Actual Total Time": 0.031,
                      "Actual Rows": 63,
                      "Actual Loops": 158445,
                      "Index Cond": "(movie_id = mk.movie_id)",
                      "Rows Removed by Index Recheck": 0,
                      "Heap Fetches": 10053850
                    }
                  ]
                }
              ]
            }
          ]
        }
      ]
    },
    "Planning Time": 1.311,
    "Triggers": [],
    "Execution Time": 1936.622
  }
]