[
  {
    "Plan": {
      "Node Type": "Aggregate",
      "Strategy": "Plain",
      "Partial Mode": "Finalize",
      "Parallel Aware": false,
      "Startup Cost": 307633.69,
      "Total Cost": 307633.7,
      "Plan Rows": 1,
      "Plan Width": 8,
      "Actual Startup Time": 194.537,
      "Actual Total Time": 204.821,
      "Actual Rows": 1,
      "Actual Loops": 1,
      "Plans": [
        {
          "Node Type": "Gather",
          "Parent Relationship": "Outer",
          "Parallel Aware": false,
          "Startup Cost": 307633.06,
          "Total Cost": 307633.67,
          "Plan Rows": 6,
          "Plan Width": 8,
          "Actual Startup Time": 193.265,
          "Actual Total Time": 204.811,
          "Actual Rows": 7,
          "Actual Loops": 1,
          "Workers Planned": 6,
          "Workers Launched": 6,
          "Single Copy": false,
          "Plans": [
            {
              "Node Type": "Aggregate",
              "Strategy": "Plain",
              "Partial Mode": "Partial",
              "Parent Relationship": "Outer",
              "Parallel Aware": false,
              "Startup Cost": 306633.06,
              "Total Cost": 306633.07,
              "Plan Rows": 1,
              "Plan Width": 8,
              "Actual Startup Time": 182.12,
              "Actual Total Time": 182.122,
              "Actual Rows": 1,
              "Actual Loops": 7,
              "Plans": [
                {
                  "Node Type": "Bitmap Heap Scan",
                  "Parent Relationship": "Outer",
                  "Parallel Aware": true,
                  "Relation Name": "cast_info",
                  "Alias": "ci",
                  "Startup Cost": 48458.87,
                  "Total Cost": 305718.53,
                  "Plan Rows": 365813,
                  "Plan Width": 0,
                  "Actual Startup Time": 61.835,
                  "Actual Total Time": 163.876,
                  "Actual Rows": 304534,
                  "Actual Loops": 7,
                  "Recheck Cond": "(person_id > 3646039)",
                  "Rows Removed by Index Recheck": 0,
                  "Exact Heap Blocks": 8019,
                  "Lossy Heap Blocks": 0,
                  "Plans": [
                    {
                      "Node Type": "Bitmap Index Scan",
                      "Parent Relationship": "Outer",
                      "Parallel Aware": false,
                      "Index Name": "person_id_cast_info",
                      "Startup Cost": 0.0,
                      "Total Cost": 47910.15,
                      "Plan Rows": 2194878,
                      "Plan Width": 0,
                      "Actual Startup Time": 67.347,
                      "Actual Total Time": 67.347,
                      "Actual Rows": 2131736,
                      "Actual Loops": 1,
                      "Index Cond": "(person_id > 3646039)"
                    }
                  ]
                }
              ]
            }
          ]
        }
      ]
    },
    "Planning Time": 0.199,
    "Triggers": [],
    "Execution Time": 204.869
  }
]