[
  {
    "Plan": {
      "Node Type": "Aggregate",
      "Strategy": "Plain",
      "Partial Mode": "Finalize",
      "Parallel Aware": false,
      "Startup Cost": 52639.97,
      "Total Cost": 52639.98,
      "Plan Rows": 1,
      "Plan Width": 8,
      "Actual Startup Time": 46.091,
      "Actual Total Time": 50.197,
      "Actual Rows": 1,
      "Actual Loops": 1,
      "Plans": [
        {
          "Node Type": "Gather",
          "Parent Relationship": "Outer",
          "Parallel Aware": false,
          "Startup Cost": 52639.65,
          "Total Cost": 52639.96,
          "Plan Rows": 3,
          "Plan Width": 8,
          "Actual Startup Time": 45.65,
          "Actual Total Time": 50.191,
          "Actual Rows": 4,
          "Actual Loops": 1,
          "Workers Planned": 3,
          "Workers Launched": 3,
          "Single Copy": false,
          "Plans": [
            {
              "Node Type": "Aggregate",
              "Strategy": "Plain",
              "Partial Mode": "Partial",
              "Parent Relationship": "Outer",
              "Parallel Aware": false,
              "Startup Cost": 51639.65,
              "Total Cost": 51639.66,
              "Plan Rows": 1,
              "Plan Width": 8,
              "Actual Startup Time": 38.581,
              "Actual Total Time": 38.582,
              "Actual Rows": 1,
              "Actual Loops": 4,
              "Plans": [
                {
                  "Node Type": "Nested Loop",
                  "Parent Relationship": "Outer",
                  "Parallel Aware": false,
                  "Join Type": "Inner",
                  "Startup Cost": 718.31,
                  "Total Cost": 51625.96,
                  "Plan Rows": 5478,
                  "Plan Width": 0,
                  "Actual Startup Time": 0.881,
                  "Actual Total Time": 37.93,
                  "Actual Rows": 8167,
                  "Actual Loops": 4,
                  "Inner Unique": true,
                  "Plans": [
                    {
                      "Node Type": "Bitmap Heap Scan",
                      "Parent Relationship": "Outer",
                      "Parallel Aware": true,
                      "Relation Name": "movie_companies",
                      "Alias": "mc",
                      "Startup Cost": 717.88,
                      "Total Cost": 20165.44,
                      "Plan Rows": 5478,
                      "Plan Width": 4,
                      "Actual Startup Time": 0.703,
                      "Actual Total Time": 4.288,
                      "Actual Rows": 8167,
                      "Actual Loops": 4,
                      "Recheck Cond": "(company_id > 205478)",
                      "Rows Removed by Index Recheck": 0,
                      "Filter": "(company_type_id > 1)",
                      "Rows Removed by Filter": 0,
                      "Exact Heap Blocks": 586,
                      "Lossy Heap Blocks": 0,
                      "Plans": [
                        {
                          "Node Type": "Bitmap Index Scan",
                          "Parent Relationship": "Outer",
                          "Parallel Aware": false,
                          "Index Name": "company_id_movie_companies",
                          "Startup Cost": 0.0,
                          "Total Cost": 713.63,
                          "Plan Rows": 33227,
                          "Plan Width": 0,
                          "Actual Startup Time": 2.283,
                          "Actual Total Time": 2.283,
                          "Actual Rows": 32667,
                          "Actual Loops": 1,
                          "Index Cond": "(company_id > 205478)"
                        }
                      ]
                    },
                    {
                      "Node Type": "Index Only Scan",
                      "Parent Relationship": "Inner",
                      "Parallel Aware": false,
                      "Scan Direction": "Forward",
                      "Index Name": "title_pkey",
                      "Relation Name": "title",
                      "Alias": "t",
                      "Startup Cost": 0.43,
                      "Total Cost": 5.74,
                      "Plan Rows": 1,
                      "Plan Width": 4,
                      "Actual Startup Time": 0.004,
                      "Actual Total Time": 0.004,
                      "Actual Rows": 1,
                      "Actual Loops": 32667,
                      "Index Cond": "(id = mc.movie_id)",
                      "Rows Removed by Index Recheck": 0,
                      "Heap Fetches": 32667
                    }
                  ]
                }
              ]
            }
          ]
        }
      ]
    },
    "Planning Time": 0.312,
    "Triggers": [],
    "Execution Time": 50.244
  }
]