[
  {
    "Plan": {
      "Node Type": "Aggregate",
      "Strategy": "Plain",
      "Partial Mode": "Finalize",
      "Parallel Aware": false,
      "Startup Cost": 80087.31,
      "Total Cost": 80087.32,
      "Plan Rows": 1,
      "Plan Width": 8,
      "Actual Startup Time": 359.559,
      "Actual Total Time": 375.083,
      "Actual Rows": 1,
      "Actual Loops": 1,
      "Plans": [
        {
          "Node Type": "Gather",
          "Parent Relationship": "Outer",
          "Parallel Aware": false,
          "Startup Cost": 80086.99,
          "Total Cost": 80087.3,
          "Plan Rows": 3,
          "Plan Width": 8,
          "Actual Startup Time": 355.313,
          "Actual Total Time": 375.074,
          "Actual Rows": 4,
          "Actual Loops": 1,
          "Workers Planned": 3,
          "Workers Launched": 3,
          "Single Copy": false,
          "Plans": [
            {
              "Node Type": "Aggregate",
              "Strategy": "Plain",
              "Partial Mode": "Partial",
              "Parent Relationship": "Outer",
              "Parallel Aware": false,
              "Startup Cost": 79086.99,
              "Total Cost": 79087.0,
              "Plan Rows": 1,
              "Plan Width": 8,
              "Actual Startup Time": 343.214,
              "Actual Total Time": 343.217,
              "Actual Rows": 1,
              "Actual Loops": 4,
              "Plans": [
                {
                  "Node Type": "Hash Join",
                  "Parent Relationship": "Outer",
                  "Parallel Aware": true,
                  "Join Type": "Inner",
                  "Startup Cost": 48868.29,
                  "Total Cost": 78823.63,
                  "Plan Rows": 105346,
                  "Plan Width": 0,
                  "Actual Startup Time": 220.822,
                  "Actual Total Time": 339.557,
                  "Actual Rows": 89135,
                  "Actual Loops": 4,
                  "Inner Unique": true,
                  "Hash Cond": "(mc.movie_id = t.id)",
                  "Plans": [
                    {
                      "Node Type": "Seq Scan",
                      "Parent Relationship": "Outer",
                      "Parallel Aware": true,
                      "Relation Name": "movie_companies",
                      "Alias": "mc",
                      "Startup Cost": 0.0,
                      "Total Cost": 29310.68,
                      "Plan Rows": 245584,
                      "Plan Width": 4,
                      "Actual Startup Time": 0.02,
                      "Actual Total Time": 58.794,
                      "Actual Rows": 188795,
                      "Actual Loops": 4,
                      "Filter": "(company_id < 1493)",
                      "Rows Removed by Filter": 463487
                    },
                    {
                      "Node Type": "Hash",
                      "Parent Relationship": "Inner",
                      "Parallel Aware": true,
                      "Startup Cost": 45479.1,
                      "Total Cost": 45479.1,
                      "Plan Rows": 271135,
                      "Plan Width": 4,
                      "Actual Startup Time": 212.684,
                      "Actual Total Time": 212.685,
                      "Actual Rows": 258688,
                      "Actual Loops": 4,
                      "Hash Buckets": 2097152,
                      "Original Hash Buckets": 2097152,
                      "Hash Batches": 1,
                      "Original Hash Batches": 1,
                      "Peak Memory Usage": 56928,
                      "Plans": [
                        {
                          "Node Type": "Seq Scan",
                          "Parent Relationship": "Outer",
                          "Parallel Aware": true,
                          "Relation Name": "title",
                          "Alias": "t",
                          "Startup Cost": 0.0,
                          "Total Cost": 45479.1,
                          "Plan Rows": 271135,
                          "Plan Width": 4,
                          "Actual Startup Time": 0.041,
                          "Actual Total Time": 107.696,
                          "Actual Rows": 258688,
                          "Actual Loops": 4,
                          "Filter": "((kind_id > 2) AND (production_year < 2007))",
                          "Rows Removed by Filter": 373390
                        }
                      ]
                    }
                  ]
                }
              ]
            }
          ]
        }
      ]
    },
    "Planning Time": 0.628,
    "Triggers": [],
    "Execution Time": 375.148
  }
]