{
  "Plan": {
    "Node Type": "Aggregate",
    "Strategy": "Plain",
    "Partial Mode": "Finalize",
    "Parallel Aware": false,
    "Startup Cost": 112730.64,
    "Total Cost": 112730.65,
    "Plan Rows": 1,
    "Plan Width": 8,
    "Actual Startup Time": 627.444,
    "Actual Total Time": 639.304,
    "Actual Rows": 1,
    "Actual Loops": 1,
    "Plans": [
      {
        "Node Type": "Gather",
        "Parent Relationship": "Outer",
        "Parallel Aware": false,
        "Startup Cost": 112730.53,
        "Total Cost": 112730.64,
        "Plan Rows": 1,
        "Plan Width": 8,
        "Actual Startup Time": 626.446,
        "Actual Total Time": 639.293,
        "Actual Rows": 2,
        "Actual Loops": 1,
        "Workers Planned": 1,
        "Workers Launched": 1,
        "Single Copy": false,
        "Plans": [
          {
            "Node Type": "Aggregate",
            "Strategy": "Plain",
            "Partial Mode": "Partial",
            "Parent Relationship": "Outer",
            "Parallel Aware": false,
            "Startup Cost": 111730.53,
            "Total Cost": 111730.54,
            "Plan Rows": 1,
            "Plan Width": 8,
            "Actual Startup Time": 620.726,
            "Actual Total Time": 620.733,
            "Actual Rows": 1,
            "Actual Loops": 2,
            "Plans": [
              {
                "Node Type": "Hash Join",
                "Parent Relationship": "Outer",
                "Parallel Aware": true,
                "Join Type": "Inner",
                "Startup Cost": 47649.96,
                "Total Cost": 110562.88,
                "Plan Rows": 467059,
                "Plan Width": 0,
                "Actual Startup Time": 208.662,
                "Actual Total Time": 610.671,
                "Actual Rows": 248992,
                "Actual Loops": 2,
                "Inner Unique": false,
                "Hash Cond": "(t.id = mc.movie_id)",
                "Plans": [
                  {
                    "Node Type": "Seq Scan",
                    "Parent Relationship": "Outer",
                    "Parallel Aware": true,
                    "Relation Name": "title",
                    "Alias": "t",
                    "Startup Cost": 0.0,
                    "Total Cost": 50870.31,
                    "Plan Rows": 1487231,
                    "Plan Width": 4,
                    "Actual Startup Time": 0.012,
                    "Actual Total Time": 120.278,
                    "Actual Rows": 1264156,
                    "Actual Loops": 2
                  },
                  {
                    "Node Type": "Hash",
                    "Parent Relationship": "Inner",
                    "Parallel Aware": true,
                    "Startup Cost": 41811.73,
                    "Total Cost": 41811.73,
                    "Plan Rows": 467059,
                    "Plan Width": 4,
                    "Actual Startup Time": 199.295,
                    "Actual Total Time": 199.297,
                    "Actual Rows": 248992,
                    "Actual Loops": 2,
                    "Hash Buckets": 1048576,
                    "Original Hash Buckets": 1048576,
                    "Hash Batches": 1,
                    "Original Hash Batches": 1,
                    "Peak Memory Usage": 27712,
                    "Plans": [
                      {
                        "Node Type": "Seq Scan",
                        "Parent Relationship": "Outer",
                        "Parallel Aware": true,
                        "Relation Name": "movie_companies",
                        "Alias": "mc",
                        "Startup Cost": 0.0,
                        "Total Cost": 41811.73,
                        "Plan Rows": 467059,
                        "Plan Width": 4,
                        "Actual Startup Time": 69.027,
                        "Actual Total Time": 129.838,
                        "Actual Rows": 248992,
                        "Actual Loops": 2,
                        "Filter": "((company_id < 14840) AND (company_type_id = 2))",
                        "Rows Removed by Filter": 1055573
                      }
                    ]
                  }
                ]
              }
            ]
          }
        ]
      }
    ]
  },
  "Planning Time": 0.652,
  "Triggers": [],
  "Execution Time": 639.373
}