[
  {
    "Plan": {
      "Node Type": "Aggregate",
      "Strategy": "Plain",
      "Partial Mode": "Finalize",
      "Parallel Aware": false,
      "Startup Cost": 351418.55,
      "Total Cost": 351418.56,
      "Plan Rows": 1,
      "Plan Width": 8,
      "Actual Startup Time": 998.893,
      "Actual Total Time": 1060.302,
      "Actual Rows": 1,
      "Actual Loops": 1,
      "Plans": [
        {
          "Node Type": "Gather",
          "Parent Relationship": "Outer",
          "Parallel Aware": false,
          "Startup Cost": 351417.92,
          "Total Cost": 351418.53,
          "Plan Rows": 6,
          "Plan Width": 8,
          "Actual Startup Time": 998.69,
          "Actual Total Time": 1060.287,
          "Actual Rows": 7,
          "Actual Loops": 1,
          "Workers Planned": 6,
          "Workers Launched": 6,
          "Single Copy": false,
          "Plans": [
            {
              "Node Type": "Aggregate",
              "Strategy": "Plain",
              "Partial Mode": "Partial",
              "Parent Relationship": "Outer",
              "Parallel Aware": false,
              "Startup Cost": 350417.92,
              "Total Cost": 350417.93,
              "Plan Rows": 1,
              "Plan Width": 8,
              "Actual Startup Time": 988.008,
              "Actual Total Time": 988.011,
              "Actual Rows": 1,
              "Actual Loops": 7,
              "Plans": [
                {
                  "Node Type": "Seq Scan",
                  "Parent Relationship": "Outer",
                  "Parallel Aware": true,
                  "Relation Name": "cast_info",
                  "Alias": "ci",
                  "Startup Cost": 0.0,
                  "Total Cost": 343316.27,
                  "Plan Rows": 2840660,
                  "Plan Width": 0,
                  "Actual Startup Time": 298.097,
                  "Actual Total Time": 870.486,
                  "Actual Rows": 1953954,
                  "Actual Loops": 7,
                  "Filter": "((person_id < 2723230) AND (role_id > 1))",
                  "Rows Removed by Filter": 3223809
                }
              ]
            }
          ]
        }
      ]
    },
    "Planning Time": 0.189,
    "Triggers": [],
    "Execution Time": 1060.368
  }
]