[
    {
        "Bao": {
            "Bao prediction": "NaN",
            "Bao recommended hint": "(no hint)"
        }
    },
    {
        "Plan": {
            "Node Type": "Aggregate",
            "Strategy": "Plain",
            "Partial Mode": "Finalize",
            "Parallel Aware": false,
            "Startup Cost": 80441.08,
            "Total Cost": 80441.09,
            "Plan Rows": 1,
            "Plan Width": 8,
            "Actual Startup Time": 340.214,
            "Actual Total Time": 349.534,
            "Actual Rows": 1,
            "Actual Loops": 1,
            "Output": [
                "count(*)"
            ],
            "Plans": [
                {
                    "Node Type": "Gather",
                    "Parent Relationship": "Outer",
                    "Parallel Aware": false,
                    "Startup Cost": 80440.76,
                    "Total Cost": 80441.07,
                    "Plan Rows": 3,
                    "Plan Width": 8,
                    "Actual Startup Time": 336.152,
                    "Actual Total Time": 349.524,
                    "Actual Rows": 4,
                    "Actual Loops": 1,
                    "Output": [
                        "(PARTIAL count(*))"
                    ],
                    "Workers Planned": 3,
                    "Workers Launched": 3,
                    "Single Copy": false,
                    "Plans": [
                        {
                            "Node Type": "Aggregate",
                            "Strategy": "Plain",
                            "Partial Mode": "Partial",
                            "Parent Relationship": "Outer",
                            "Parallel Aware": false,
                            "Startup Cost": 79440.76,
                            "Total Cost": 79440.77,
                            "Plan Rows": 1,
                            "Plan Width": 8,
                            "Actual Startup Time": 328.204,
                            "Actual Total Time": 328.207,
                            "Actual Rows": 1,
                            "Actual Loops": 4,
                            "Output": [
                                "PARTIAL count(*)"
                            ],
                            "Workers": [
                                {
                                    "Worker Number": 0,
                                    "Actual Startup Time": 325.932,
                                    "Actual Total Time": 325.935,
                                    "Actual Rows": 1,
                                    "Actual Loops": 1
                                },
                                {
                                    "Worker Number": 1,
                                    "Actual Startup Time": 325.46,
                                    "Actual Total Time": 325.462,
                                    "Actual Rows": 1,
                                    "Actual Loops": 1
                                },
                                {
                                    "Worker Number": 2,
                                    "Actual Startup Time": 325.573,
                                    "Actual Total Time": 325.576,
                                    "Actual Rows": 1,
                                    "Actual Loops": 1
                                }
                            ],
                            "Plans": [
                                {
                                    "Node Type": "Hash Join",
                                    "Parent Relationship": "Outer",
                                    "Parallel Aware": true,
                                    "Join Type": "Inner",
                                    "Startup Cost": 47009.89,
                                    "Total Cost": 79163.66,
                                    "Plan Rows": 110838,
                                    "Plan Width": 0,
                                    "Actual Startup Time": 203.434,
                                    "Actual Total Time": 318.848,
                                    "Actual Rows": 201207,
                                    "Actual Loops": 4,
                                    "Inner Unique": true,
                                    "Hash Cond": "(mc.movie_id = t.id)",
                                    "Workers": [
                                        {
                                            "Worker Number": 0,
                                            "Actual Startup Time": 200.703,
                                            "Actual Total Time": 315.543,
                                            "Actual Rows": 149429,
                                            "Actual Loops": 1
                                        },
                                        {
                                            "Worker Number": 1,
                                            "Actual Startup Time": 200.851,
                                            "Actual Total Time": 316.178,
                                            "Actual Rows": 218608,
                                            "Actual Loops": 1
                                        },
                                        {
                                            "Worker Number": 2,
                                            "Actual Startup Time": 200.965,
                                            "Actual Total Time": 316.903,
                                            "Actual Rows": 201413,
                                            "Actual Loops": 1
                                        }
                                    ],
                                    "Plans": [
                                        {
                                            "Node Type": "Seq Scan",
                                            "Parent Relationship": "Outer",
                                            "Parallel Aware": true,
                                            "Relation Name": "movie_companies",
                                            "Schema": "public",
                                            "Alias": "mc",
                                            "Startup Cost": 0.0,
                                            "Total Cost": 31414.82,
                                            "Plan Rows": 281506,
                                            "Plan Width": 4,
                                            "Actual Startup Time": 29.154,
                                            "Actual Total Time": 67.611,
                                            "Actual Rows": 268360,
                                            "Actual Loops": 4,
                                            "Output": [
                                                "mc.id",
                                                "mc.movie_id",
                                                "mc.company_id",
                                                "mc.company_type_id",
                                                "mc.note"
                                            ],
                                            "Filter": "((mc.company_id > 2805) AND (mc.company_type_id = 2))",
                                            "Rows Removed by Filter": 383922,
                                            "Workers": [
                                                {
                                                    "Worker Number": 0,
                                                    "Actual Startup Time": 29.212,
                                                    "Actual Total Time": 71.429,
                                                    "Actual Rows": 201047,
                                                    "Actual Loops": 1
                                                },
                                                {
                                                    "Worker Number": 1,
                                                    "Actual Startup Time": 29.101,
                                                    "Actual Total Time": 67.935,
                                                    "Actual Rows": 290663,
                                                    "Actual Loops": 1
                                                },
                                                {
                                                    "Worker Number": 2,
                                                    "Actual Startup Time": 29.24,
                                                    "Actual Total Time": 65.504,
                                                    "Actual Rows": 270693,
                                                    "Actual Loops": 1
                                                }
                                            ]
                                        },
                                        {
                                            "Node Type": "Hash",
                                            "Parent Relationship": "Inner",
                                            "Parallel Aware": true,
                                            "Startup Cost": 43899.01,
                                            "Total Cost": 43899.01,
                                            "Plan Rows": 248871,
                                            "Plan Width": 4,
                                            "Actual Startup Time": 171.314,
                                            "Actual Total Time": 171.315,
                                            "Actual Rows": 246262,
                                            "Actual Loops": 4,
                                            "Output": [
                                                "t.id"
                                            ],
                                            "Hash Buckets": 1048576,
                                            "Original Hash Buckets": 1048576,
                                            "Hash Batches": 1,
                                            "Original Hash Batches": 1,
                                            "Peak Memory Usage": 46784,
                                            "Workers": [
                                                {
                                                    "Worker Number": 0,
                                                    "Actual Startup Time": 170.597,
                                                    "Actual Total Time": 170.598,
                                                    "Actual Rows": 182178,
                                                    "Actual Loops": 1
                                                },
                                                {
                                                    "Worker Number": 1,
                                                    "Actual Startup Time": 170.811,
                                                    "Actual Total Time": 170.811,
                                                    "Actual Rows": 266368,
                                                    "Actual Loops": 1
                                                },
                                                {
                                                    "Worker Number": 2,
                                                    "Actual Startup Time": 171.025,
                                                    "Actual Total Time": 171.026,
                                                    "Actual Rows": 227925,
                                                    "Actual Loops": 1
                                                }
                                            ],
                                            "Plans": [
                                                {
                                                    "Node Type": "Seq Scan",
                                                    "Parent Relationship": "Outer",
                                                    "Parallel Aware": true,
                                                    "Relation Name": "title",
                                                    "Schema": "public",
                                                    "Alias": "t",
                                                    "Startup Cost": 0.0,
                                                    "Total Cost": 43899.01,
                                                    "Plan Rows": 248871,
                                                    "Plan Width": 4,
                                                    "Actual Startup Time": 0.042,
                                                    "Actual Total Time": 94.204,
                                                    "Actual Rows": 246262,
                                                    "Actual Loops": 4,
                                                    "Output": [
                                                        "t.id"
                                                    ],
                                                    "Filter": "(t.kind_id < 7)",
                                                    "Rows Removed by Filter": 385816,
                                                    "Workers": [
                                                        {
                                                            "Worker Number": 0,
                                                            "Actual Startup Time": 0.057,
                                                            "Actual Total Time": 98.152,
                                                            "Actual Rows": 182178,
                                                            "Actual Loops": 1
                                                        },
                                                        {
                                                            "Worker Number": 1,
                                                            "Actual Startup Time": 0.047,
                                                            "Actual Total Time": 94.909,
                                                            "Actual Rows": 266368,
                                                            "Actual Loops": 1
                                                        },
                                                        {
                                                            "Worker Number": 2,
                                                            "Actual Startup Time": 0.052,
                                                            "Actual Total Time": 91.125,
                                                            "Actual Rows": 227925,
                                                            "Actual Loops": 1
                                                        }
                                                    ]
                                                }
                                            ]
                                        }
                                    ]
                                }
                            ]
                        }
                    ]
                }
            ]
        },
        "Planning Time": 183.622,
        "Triggers": [],
        "Execution Time": 349.593
    }
]