[
  {
    "Plan": {
      "Node Type": "Aggregate",
      "Strategy": "Plain",
      "Partial Mode": "Finalize",
      "Parallel Aware": false,
      "Startup Cost": 44901.16,
      "Total Cost": 44901.17,
      "Plan Rows": 1,
      "Plan Width": 8,
      "Actual Startup Time": 90.94,
      "Actual Total Time": 102.479,
      "Actual Rows": 1,
      "Actual Loops": 1,
      "Plans": [
        {
          "Node Type": "Gather",
          "Parent Relationship": "Outer",
          "Parallel Aware": false,
          "Startup Cost": 44900.74,
          "Total Cost": 44901.15,
          "Plan Rows": 4,
          "Plan Width": 8,
          "Actual Startup Time": 90.583,
          "Actual Total Time": 102.47,
          "Actual Rows": 5,
          "Actual Loops": 1,
          "Workers Planned": 4,
          "Workers Launched": 4,
          "Single Copy": false,
          "Plans": [
            {
              "Node Type": "Aggregate",
              "Strategy": "Plain",
              "Partial Mode": "Partial",
              "Parent Relationship": "Outer",
              "Parallel Aware": false,
              "Startup Cost": 43900.74,
              "Total Cost": 43900.75,
              "Plan Rows": 1,
              "Plan Width": 8,
              "Actual Startup Time": 82.582,
              "Actual Total Time": 82.583,
              "Actual Rows": 1,
              "Actual Loops": 5,
              "Plans": [
                {
                  "Node Type": "Seq Scan",
                  "Parent Relationship": "Outer",
                  "Parallel Aware": true,
                  "Relation Name": "title",
                  "Alias": "t",
                  "Startup Cost": 0.0,
                  "Total Cost": 43898.92,
                  "Plan Rows": 730,
                  "Plan Width": 0,
                  "Actual Startup Time": 1.258,
                  "Actual Total Time": 82.495,
                  "Actual Rows": 703,
                  "Actual Loops": 5,
                  "Filter": "(production_year > 2013)",
                  "Rows Removed by Filter": 504959
                }
              ]
            }
          ]
        }
      ]
    },
    "Planning Time": 0.131,
    "Triggers": [],
    "Execution Time": 102.534
  }
]