[
  {
    "Plan": {
      "Node Type": "Aggregate",
      "Strategy": "Plain",
      "Partial Mode": "Finalize",
      "Parallel Aware": false,
      "Startup Cost": 38603.78,
      "Total Cost": 38603.79,
      "Plan Rows": 1,
      "Plan Width": 8,
      "Actual Startup Time": 119.606,
      "Actual Total Time": 129.068,
      "Actual Rows": 1,
      "Actual Loops": 1,
      "Plans": [
        {
          "Node Type": "Gather",
          "Parent Relationship": "Outer",
          "Parallel Aware": false,
          "Startup Cost": 38603.46,
          "Total Cost": 38603.77,
          "Plan Rows": 3,
          "Plan Width": 8,
          "Actual Startup Time": 119.24,
          "Actual Total Time": 129.055,
          "Actual Rows": 4,
          "Actual Loops": 1,
          "Workers Planned": 3,
          "Workers Launched": 3,
          "Single Copy": false,
          "Plans": [
            {
              "Node Type": "Aggregate",
              "Strategy": "Plain",
              "Partial Mode": "Partial",
              "Parent Relationship": "Outer",
              "Parallel Aware": false,
              "Startup Cost": 37603.46,
              "Total Cost": 37603.47,
              "Plan Rows": 1,
              "Plan Width": 8,
              "Actual Startup Time": 112.119,
              "Actual Total Time": 112.121,
              "Actual Rows": 1,
              "Actual Loops": 4,
              "Plans": [
                {
                  "Node Type": "Bitmap Heap Scan",
                  "Parent Relationship": "Outer",
                  "Parallel Aware": true,
                  "Relation Name": "movie_keyword",
                  "Alias": "mk",
                  "Startup Cost": 10707.56,
                  "Total Cost": 37196.48,
                  "Plan Rows": 162794,
                  "Plan Width": 0,
                  "Actual Startup Time": 26.448,
                  "Actual Total Time": 103.997,
                  "Actual Rows": 126382,
                  "Actual Loops": 4,
                  "Recheck Cond": "(keyword_id > 35845)",
                  "Rows Removed by Index Recheck": 0,
                  "Exact Heap Blocks": 10620,
                  "Lossy Heap Blocks": 0,
                  "Plans": [
                    {
                      "Node Type": "Bitmap Index Scan",
                      "Parent Relationship": "Outer",
                      "Parallel Aware": false,
                      "Index Name": "keyword_id_movie_keyword",
                      "Startup Cost": 0.0,
                      "Total Cost": 10581.39,
                      "Plan Rows": 504661,
                      "Plan Width": 0,
                      "Actual Startup Time": 29.793,
                      "Actual Total Time": 29.794,
                      "Actual Rows": 505527,
                      "Actual Loops": 1,
                      "Index Cond": "(keyword_id > 35845)"
                    }
                  ]
                }
              ]
            }
          ]
        }
      ]
    },
    "Planning Time": 0.24,
    "Triggers": [],
    "Execution Time": 129.146
  }
]