[
  {
    "Plan": {
      "Node Type": "Aggregate",
      "Strategy": "Plain",
      "Partial Mode": "Finalize",
      "Parallel Aware": false,
      "Startup Cost": 179620.7,
      "Total Cost": 179620.71,
      "Plan Rows": 1,
      "Plan Width": 8,
      "Actual Startup Time": 2229.951,
      "Actual Total Time": 2323.088,
      "Actual Rows": 1,
      "Actual Loops": 1,
      "Plans": [
        {
          "Node Type": "Gather",
          "Parent Relationship": "Outer",
          "Parallel Aware": false,
          "Startup Cost": 179620.38,
          "Total Cost": 179620.69,
          "Plan Rows": 3,
          "Plan Width": 8,
          "Actual Startup Time": 2225.931,
          "Actual Total Time": 2323.076,
          "Actual Rows": 4,
          "Actual Loops": 1,
          "Workers Planned": 3,
          "Workers Launched": 3,
          "Single Copy": false,
          "Plans": [
            {
              "Node Type": "Aggregate",
              "Strategy": "Plain",
              "Partial Mode": "Partial",
              "Parent Relationship": "Outer",
              "Parallel Aware": false,
              "Startup Cost": 178620.38,
              "Total Cost": 178620.39,
              "Plan Rows": 1,
              "Plan Width": 8,
              "Actual Startup Time": 2218.439,
              "Actual Total Time": 2218.443,
              "Actual Rows": 1,
              "Actual Loops": 4,
              "Plans": [
                {
                  "Node Type": "Nested Loop",
                  "Parent Relationship": "Outer",
                  "Parallel Aware": false,
                  "Join Type": "Inner",
                  "Startup Cost": 54084.07,
                  "Total Cost": 177832.92,
                  "Plan Rows": 314987,
                  "Plan Width": 0,
                  "Actual Startup Time": 179.688,
                  "Actual Total Time": 2109.129,
                  "Actual Rows": 2078581,
                  "Actual Loops": 4,
                  "Inner Unique": false,
                  "Plans": [
                    {
                      "Node Type": "Hash Join",
                      "Parent Relationship": "Outer",
                      "Parallel Aware": true,
                      "Join Type": "Inner",
                      "Startup Cost": 54083.51,
                      "Total Cost": 80139.42,
                      "Plan Rows": 21969,
                      "Plan Width": 8,
                      "Actual Startup Time": 179.576,
                      "Actual Total Time": 257.089,
                      "Actual Rows": 52104,
                      "Actual Loops": 4,
                      "Inner Unique": true,
                      "Hash Cond": "(mk.movie_id = t.id)",
                      "Plans": [
                        {
                          "Node Type": "Bitmap Heap Scan",
                          "Parent Relationship": "Outer",
                          "Parallel Aware": true,
                          "Relation Name": "movie_keyword",
                          "Alias": "mk",
                          "Startup Cost": 6964.96,
                          "Total Cost": 32742.85,
                          "Plan Rows": 105912,
                          "Plan Width": 4,
                          "Actual Startup Time": 23.28,
                          "Actual Total Time": 63.297,
                          "Actual Rows": 81812,
                          "Actual Loops": 4,
                          "Recheck Cond": "(keyword_id < 266)",
                          "Rows Removed by Index Recheck": 0,
                          "Exact Heap Blocks": 7942,
                          "Lossy Heap Blocks": 0,
                          "Plans": [
                            {
                              "Node Type": "Bitmap Index Scan",
                              "Parent Relationship": "Outer",
                              "Parallel Aware": false,
                              "Index Name": "keyword_id_movie_keyword",
                              "Startup Cost": 0.0,
                              "Total Cost": 6882.88,
                              "Plan Rows": 328326,
                              "Plan Width": 0,
                              "Actual Startup Time": 19.682,
                              "Actual Total Time": 19.683,
                              "Actual Rows": 327246,
                              "Actual Loops": 1,
                              "Index Cond": "(keyword_id < 266)"
                            }
                          ]
                        },
                        {
                          "Node Type": "Hash",
                          "Parent Relationship": "Inner",
                          "Parallel Aware": true,
                          "Startup Cost": 45479.59,
                          "Total Cost": 45479.59,
                          "Plan Rows": 131117,
                          "Plan Width": 4,
                          "Actual Startup Time": 153.338,
                          "Actual Total Time": 153.339,
                          "Actual Rows": 152383,
                          "Actual Loops": 4,
                          "Hash Buckets": 1048576,
                          "Original Hash Buckets": 1048576,
                          "Hash Batches": 1,
                          "Original Hash Batches": 1,
                          "Peak Memory Usage": 32128,
                          "Plans": [
                            {
                              "Node Type": "Seq Scan",
                              "Parent Relationship": "Outer",
                              "Parallel Aware": true,
                              "Relation Name": "title",
                              "Alias": "t",
                              "Startup Cost": 0.0,
                              "Total Cost": 45479.59,
                              "Plan Rows": 131117,
                              "Plan Width": 4,
                              "Actual Startup Time": 0.051,
                              "Actual Total Time": 100.488,
                              "Actual Rows": 152383,
                              "Actual Loops": 4,
                              "Filter": "((kind_id < 7) AND (production_year < 2005))",
                              "Rows Removed by Filter": 479695
                            }
                          ]
                        }
                      ]
                    },
                    {
                      "Node Type": "Index Only Scan",
                      "Parent Relationship": "Inner",
                      "Parallel Aware": false,
                      "Scan Direction": "Forward",
                      "Index Name": "movie_id_cast_info",
                      "Relation Name": "cast_info",
                      "Alias": "ci",
                      "Startup Cost": 0.56,
                      "Total Cost": 4.1,
                      "Plan Rows": 35,
                      "Plan Width": 4,
                      "Actual Startup Time": 0.005,
                      "Actual Total Time": 0.032,
                      "Actual Rows": 40,
                      "Actual Loops": 208415,
                      "Index Cond": "(movie_id = t.id)",
                      "Rows Removed by Index Recheck": 0,
                      "Heap Fetches": 8314323
                    }
                  ]
                }
              ]
            }
          ]
        }
      ]
    },
    "Planning Time": 0.679,
    "Triggers": [],
    "Execution Time": 2323.168
  }
]