[
  {
    "Plan": {
      "Node Type": "Aggregate",
      "Strategy": "Plain",
      "Partial Mode": "Finalize",
      "Parallel Aware": false,
      "Startup Cost": 388029.8,
      "Total Cost": 388029.81,
      "Plan Rows": 1,
      "Plan Width": 8,
      "Actual Startup Time": 1934.818,
      "Actual Total Time": 1967.425,
      "Actual Rows": 1,
      "Actual Loops": 1,
      "Plans": [
        {
          "Node Type": "Gather",
          "Parent Relationship": "Outer",
          "Parallel Aware": false,
          "Startup Cost": 388029.59,
          "Total Cost": 388029.8,
          "Plan Rows": 2,
          "Plan Width": 8,
          "Actual Startup Time": 1922.203,
          "Actual Total Time": 1967.416,
          "Actual Rows": 3,
          "Actual Loops": 1,
          "Workers Planned": 2,
          "Workers Launched": 2,
          "Single Copy": false,
          "Plans": [
            {
              "Node Type": "Aggregate",
              "Strategy": "Plain",
              "Partial Mode": "Partial",
              "Parent Relationship": "Outer",
              "Parallel Aware": false,
              "Startup Cost": 387029.59,
              "Total Cost": 387029.6,
              "Plan Rows": 1,
              "Plan Width": 8,
              "Actual Startup Time": 1907.831,
              "Actual Total Time": 1907.837,
              "Actual Rows": 1,
              "Actual Loops": 3,
              "Plans": [
                {
                  "Node Type": "Hash Join",
                  "Parent Relationship": "Outer",
                  "Parallel Aware": true,
                  "Join Type": "Inner",
                  "Startup Cost": 368846.4,
                  "Total Cost": 385624.55,
                  "Plan Rows": 562016,
                  "Plan Width": 0,
                  "Actual Startup Time": 1639.771,
                  "Actual Total Time": 1866.085,
                  "Actual Rows": 994791,
                  "Actual Loops": 3,
                  "Inner Unique": false,
                  "Hash Cond": "(mi_idx.movie_id = t.id)",
                  "Plans": [
                    {
                      "Node Type": "Seq Scan",
                      "Parent Relationship": "Outer",
                      "Parallel Aware": true,
                      "Relation Name": "movie_info_idx",
                      "Alias": "mi_idx",
                      "Startup Cost": 0.0,
                      "Total Cost": 13685.15,
                      "Plan Rows": 575015,
                      "Plan Width": 4,
                      "Actual Startup Time": 0.015,
                      "Actual Total Time": 39.281,
                      "Actual Rows": 460012,
                      "Actual Loops": 3
                    },
                    {
                      "Node Type": "Hash",
                      "Parent Relationship": "Inner",
                      "Parallel Aware": true,
                      "Startup Cost": 363697.93,
                      "Total Cost": 363697.93,
                      "Plan Rows": 411878,
                      "Plan Width": 8,
                      "Actual Startup Time": 1627.473,
                      "Actual Total Time": 1627.477,
                      "Actual Rows": 853719,
                      "Actual Loops": 3,
                      "Hash Buckets": 4194304,
                      "Original Hash Buckets": 4194304,
                      "Hash Batches": 1,
                      "Original Hash Batches": 1,
                      "Peak Memory Usage": 132992,
                      "Plans": [
                        {
                          "Node Type": "Hash Join",
                          "Parent Relationship": "Outer",
                          "Parallel Aware": true,
                          "Join Type": "Inner",
                          "Startup Cost": 104781.27,
                          "Total Cost": 363697.93,
                          "Plan Rows": 411878,
                          "Plan Width": 8,
                          "Actual Startup Time": 684.64,
                          "Actual Total Time": 1286.586,
                          "Actual Rows": 853719,
                          "Actual Loops": 3,
                          "Inner Unique": true,
                          "Hash Cond": "(ci.movie_id = t.id)",
                          "Plans": [
                            {
                              "Node Type": "Bitmap Heap Scan",
                              "Parent Relationship": "Outer",
                              "Parallel Aware": true,
                              "Relation Name": "cast_info",
                              "Alias": "ci",
                              "Startup Cost": 54560.89,
                              "Total Cost": 312396.37,
                              "Plan Rows": 411878,
                              "Plan Width": 4,
                              "Actual Startup Time": 198.415,
                              "Actual Total Time": 333.137,
                              "Actual Rows": 853719,
                              "Actual Loops": 3,
                              "Recheck Cond": "(person_id < 247061)",
                              "Rows Removed by Index Recheck": 0,
                              "Exact Heap Blocks": 8846,
                              "Lossy Heap Blocks": 0,
                              "Plans": [
                                {
                                  "Node Type": "Bitmap Index Scan",
                                  "Parent Relationship": "Outer",
                                  "Parallel Aware": false,
                                  "Index Name": "person_id_cast_info",
                                  "Startup Cost": 0.0,
                                  "Total Cost": 53943.07,
                                  "Plan Rows": 2471268,
                                  "Plan Width": 0,
                                  "Actual Startup Time": 194.324,
                                  "Actual Total Time": 194.325,
                                  "Actual Rows": 2561158,
                                  "Actual Loops": 1,
                                  "Index Cond": "(person_id < 247061)"
                                }
                              ]
                            },
                            {
                              "Node Type": "Hash",
                              "Parent Relationship": "Inner",
                              "Parallel Aware": true,
                              "Startup Cost": 42319.06,
                              "Total Cost": 42319.06,
                              "Plan Rows": 632106,
                              "Plan Width": 4,
                              "Actual Startup Time": 476.59,
                              "Actual Total Time": 476.591,
                              "Actual Rows": 842771,
                              "Actual Loops": 3,
                              "Hash Buckets": 4194304,
                              "Original Hash Buckets": 4194304,
                              "Hash Batches": 1,
                              "Original Hash Batches": 1,
                              "Peak Memory Usage": 131712,
                              "Plans": [
                                {
                                  "Node Type": "Seq Scan",
                                  "Parent Relationship": "Outer",
                                  "Parallel Aware": true,
                                  "Relation Name": "title",
                                  "Alias": "t",
                                  "Startup Cost": 0.0,
                                  "Total Cost": 42319.06,
                                  "Plan Rows": 632106,
                                  "Plan Width": 4,
                                  "Actual Startup Time": 0.046,
                                  "Actual Total Time": 135.139,
                                  "Actual Rows": 842771,
                                  "Actual Loops": 3
                                }
                              ]
                            }
                          ]
                        }
                      ]
                    }
                  ]
                }
              ]
            }
          ]
        }
      ]
    },
    "Planning Time": 0.642,
    "Triggers": [],
    "Execution Time": 1967.51
  }
]