[
  {
    "Plan": {
      "Node Type": "Aggregate",
      "Strategy": "Plain",
      "Partial Mode": "Finalize",
      "Parallel Aware": false,
      "Startup Cost": 25853.87,
      "Total Cost": 25853.88,
      "Plan Rows": 1,
      "Plan Width": 8,
      "Actual Startup Time": 16.88,
      "Actual Total Time": 20.518,
      "Actual Rows": 1,
      "Actual Loops": 1,
      "Plans": [
        {
          "Node Type": "Gather",
          "Parent Relationship": "Outer",
          "Parallel Aware": false,
          "Startup Cost": 25853.65,
          "Total Cost": 25853.86,
          "Plan Rows": 2,
          "Plan Width": 8,
          "Actual Startup Time": 16.827,
          "Actual Total Time": 20.514,
          "Actual Rows": 3,
          "Actual Loops": 1,
          "Workers Planned": 2,
          "Workers Launched": 2,
          "Single Copy": false,
          "Plans": [
            {
              "Node Type": "Aggregate",
              "Strategy": "Plain",
              "Partial Mode": "Partial",
              "Parent Relationship": "Outer",
              "Parallel Aware": false,
              "Startup Cost": 24853.65,
              "Total Cost": 24853.66,
              "Plan Rows": 1,
              "Plan Width": 8,
              "Actual Startup Time": 13.262,
              "Actual Total Time": 13.262,
              "Actual Rows": 1,
              "Actual Loops": 3,
              "Plans": [
                {
                  "Node Type": "Nested Loop",
                  "Parent Relationship": "Outer",
                  "Parallel Aware": false,
                  "Join Type": "Inner",
                  "Startup Cost": 94.75,
                  "Total Cost": 24852.47,
                  "Plan Rows": 473,
                  "Plan Width": 0,
                  "Actual Startup Time": 0.902,
                  "Actual Total Time": 13.242,
                  "Actual Rows": 112,
                  "Actual Loops": 3,
                  "Inner Unique": true,
                  "Plans": [
                    {
                      "Node Type": "Bitmap Heap Scan",
                      "Parent Relationship": "Outer",
                      "Parallel Aware": true,
                      "Relation Name": "movie_keyword",
                      "Alias": "mk",
                      "Startup Cost": 94.32,
                      "Total Cost": 11296.48,
                      "Plan Rows": 1822,
                      "Plan Width": 4,
                      "Actual Startup Time": 0.553,
                      "Actual Total Time": 3.459,
                      "Actual Rows": 1399,
                      "Actual Loops": 3,
                      "Recheck Cond": "(keyword_id = 1578)",
                      "Rows Removed by Index Recheck": 0,
                      "Exact Heap Blocks": 1319,
                      "Lossy Heap Blocks": 0,
                      "Plans": [
                        {
                          "Node Type": "Bitmap Index Scan",
                          "Parent Relationship": "Outer",
                          "Parallel Aware": false,
                          "Index Name": "keyword_id_movie_keyword",
                          "Startup Cost": 0.0,
                          "Total Cost": 93.23,
                          "Plan Rows": 4373,
                          "Plan Width": 0,
                          "Actual Startup Time": 1.255,
                          "Actual Total Time": 1.255,
                          "Actual Rows": 4196,
                          "Actual Loops": 1,
                          "Index Cond": "(keyword_id = 1578)"
                        }
                      ]
                    },
                    {
                      "Node Type": "Index Scan",
                      "Parent Relationship": "Inner",
                      "Parallel Aware": false,
                      "Scan Direction": "Forward",
                      "Index Name": "title_pkey",
                      "Relation Name": "title",
                      "Alias": "t",
                      "Startup Cost": 0.43,
                      "Total Cost": 7.44,
                      "Plan Rows": 1,
                      "Plan Width": 4,
                      "Actual Startup Time": 0.007,
                      "Actual Total Time": 0.007,
                      "Actual Rows": 0,
                      "Actual Loops": 4196,
                      "Index Cond": "(id = mk.movie_id)",
                      "Rows Removed by Index Recheck": 0,
                      "Filter": "(production_year > 2008)",
                      "Rows Removed by Filter": 1
                    }
                  ]
                }
              ]
            }
          ]
        }
      ]
    },
    "Planning Time": 0.199,
    "Triggers": [],
    "Execution Time": 20.553
  }
]