[
  {
    "Plan": {
      "Node Type": "Aggregate",
      "Strategy": "Plain",
      "Partial Mode": "Finalize",
      "Parallel Aware": false,
      "Startup Cost": 120042.86,
      "Total Cost": 120042.87,
      "Plan Rows": 1,
      "Plan Width": 8,
      "Actual Startup Time": 594.641,
      "Actual Total Time": 616.975,
      "Actual Rows": 1,
      "Actual Loops": 1,
      "Plans": [
        {
          "Node Type": "Gather",
          "Parent Relationship": "Outer",
          "Parallel Aware": false,
          "Startup Cost": 120042.55,
          "Total Cost": 120042.86,
          "Plan Rows": 3,
          "Plan Width": 8,
          "Actual Startup Time": 591.637,
          "Actual Total Time": 616.966,
          "Actual Rows": 4,
          "Actual Loops": 1,
          "Workers Planned": 3,
          "Workers Launched": 3,
          "Single Copy": false,
          "Plans": [
            {
              "Node Type": "Aggregate",
              "Strategy": "Plain",
              "Partial Mode": "Partial",
              "Parent Relationship": "Outer",
              "Parallel Aware": false,
              "Startup Cost": 119042.55,
              "Total Cost": 119042.56,
              "Plan Rows": 1,
              "Plan Width": 8,
              "Actual Startup Time": 581.379,
              "Actual Total Time": 581.47,
              "Actual Rows": 1,
              "Actual Loops": 4,
              "Plans": [
                {
                  "Node Type": "Hash Join",
                  "Parent Relationship": "Outer",
                  "Parallel Aware": true,
                  "Join Type": "Inner",
                  "Startup Cost": 73940.73,
                  "Total Cost": 118751.55,
                  "Plan Rows": 116398,
                  "Plan Width": 0,
                  "Actual Startup Time": 337.438,
                  "Actual Total Time": 572.274,
                  "Actual Rows": 179818,
                  "Actual Loops": 4,
                  "Inner Unique": false,
                  "Hash Cond": "(mk.movie_id = t.id)",
                  "Plans": [
                    {
                      "Node Type": "Seq Scan",
                      "Parent Relationship": "Outer",
                      "Parallel Aware": true,
                      "Relation Name": "movie_keyword",
                      "Alias": "mk",
                      "Startup Cost": 0.0,
                      "Total Cost": 39047.32,
                      "Plan Rows": 1459332,
                      "Plan Width": 4,
                      "Actual Startup Time": 0.024,
                      "Actual Total Time": 103.736,
                      "Actual Rows": 1130982,
                      "Actual Loops": 4
                    },
                    {
                      "Node Type": "Hash",
                      "Parent Relationship": "Inner",
                      "Parallel Aware": true,
                      "Startup Cost": 73310.55,
                      "Total Cost": 73310.55,
                      "Plan Rows": 50415,
                      "Plan Width": 8,
                      "Actual Startup Time": 335.236,
                      "Actual Total Time": 335.325,
                      "Actual Rows": 62415,
                      "Actual Loops": 4,
                      "Hash Buckets": 262144,
                      "Original Hash Buckets": 262144,
                      "Hash Batches": 1,
                      "Original Hash Batches": 1,
                      "Peak Memory Usage": 11904,
                      "Plans": [
                        {
                          "Node Type": "Hash Join",
                          "Parent Relationship": "Outer",
                          "Parallel Aware": true,
                          "Join Type": "Inner",
                          "Startup Cost": 26917.71,
                          "Total Cost": 73310.55,
                          "Plan Rows": 50415,
                          "Plan Width": 8,
                          "Actual Startup Time": 105.292,
                          "Actual Total Time": 313.239,
                          "Actual Rows": 62415,
                          "Actual Loops": 4,
                          "Inner Unique": false,
                          "Hash Cond": "(t.id = mc.movie_id)",
                          "Plans": [
                            {
                              "Node Type": "Seq Scan",
                              "Parent Relationship": "Outer",
                              "Parallel Aware": true,
                              "Relation Name": "title",
                              "Alias": "t",
                              "Startup Cost": 0.0,
                              "Total Cost": 43898.92,
                              "Plan Rows": 466259,
                              "Plan Width": 4,
                              "Actual Startup Time": 0.019,
                              "Actual Total Time": 106.547,
                              "Actual Rows": 466372,
                              "Actual Loops": 4,
                              "Filter": "(kind_id > 1)",
                              "Rows Removed by Filter": 165706
                            },
                            {
                              "Node Type": "Hash",
                              "Parent Relationship": "Inner",
                              "Parallel Aware": true,
                              "Startup Cost": 25815.39,
                              "Total Cost": 25815.39,
                              "Plan Rows": 88185,
                              "Plan Width": 4,
                              "Actual Startup Time": 103.218,
                              "Actual Total Time": 103.219,
                              "Actual Rows": 67858,
                              "Actual Loops": 4,
                              "Hash Buckets": 524288,
                              "Original Hash Buckets": 524288,
                              "Hash Batches": 1,
                              "Original Hash Batches": 1,
                              "Peak Memory Usage": 14752,
                              "Plans": [
                                {
                                  "Node Type": "Bitmap Heap Scan",
                                  "Parent Relationship": "Outer",
                                  "Parallel Aware": true,
                                  "Relation Name": "movie_companies",
                                  "Alias": "mc",
                                  "Startup Cost": 5923.08,
                                  "Total Cost": 25815.39,
                                  "Plan Rows": 88185,
                                  "Plan Width": 4,
                                  "Actual Startup Time": 28.111,
                                  "Actual Total Time": 76.742,
                                  "Actual Rows": 67858,
                                  "Actual Loops": 4,
                                  "Recheck Cond": "(company_id < 145)",
                                  "Rows Removed by Index Recheck": 0,
                                  "Exact Heap Blocks": 7137,
                                  "Lossy Heap Blocks": 0,
                                  "Plans": [
                                    {
                                      "Node Type": "Bitmap Index Scan",
                                      "Parent Relationship": "Outer",
                                      "Parallel Aware": false,
                                      "Index Name": "company_id_movie_companies",
                                      "Startup Cost": 0.0,
                                      "Total Cost": 5854.74,
                                      "Plan Rows": 273374,
                                      "Plan Width": 0,
                                      "Actual Startup Time": 25.277,
                                      "Actual Total Time": 25.277,
                                      "Actual Rows": 271432,
                                      "Actual Loops": 1,
                                      "Index Cond": "(company_id < 145)"
                                    }
                                  ]
                                }
                              ]
                            }
                          ]
                        }
                      ]
                    }
                  ]
                }
              ]
            }
          ]
        }
      ]
    },
    "Planning Time": 1.536,
    "Triggers": [],
    "Execution Time": 617.082
  }
]