{
    "Plan": {
        "Node Type": "Aggregate",
        "Strategy": "Plain",
        "Partial Mode": "Finalize",
        "Parallel Aware": false,
        "Startup Cost": 391471.98,
        "Total Cost": 391471.99,
        "Plan Rows": 1,
        "Plan Width": 8,
        "Actual Startup Time": 2026.071,
        "Actual Total Time": 2079.046,
        "Actual Rows": 1,
        "Actual Loops": 1,
        "Output": [
            "count(*)"
        ],
        "Plans": [
            {
                "Node Type": "Gather",
                "Parent Relationship": "Outer",
                "Parallel Aware": false,
                "Startup Cost": 391471.36,
                "Total Cost": 391471.97,
                "Plan Rows": 6,
                "Plan Width": 8,
                "Actual Startup Time": 2006.96,
                "Actual Total Time": 2079.034,
                "Actual Rows": 7,
                "Actual Loops": 1,
                "Output": [
                    "(PARTIAL count(*))"
                ],
                "Workers Planned": 6,
                "Workers Launched": 6,
                "Single Copy": false,
                "Plans": [
                    {
                        "Node Type": "Aggregate",
                        "Strategy": "Plain",
                        "Partial Mode": "Partial",
                        "Parent Relationship": "Outer",
                        "Parallel Aware": false,
                        "Startup Cost": 390471.36,
                        "Total Cost": 390471.37,
                        "Plan Rows": 1,
                        "Plan Width": 8,
                        "Actual Startup Time": 1983.31,
                        "Actual Total Time": 1983.314,
                        "Actual Rows": 1,
                        "Actual Loops": 7,
                        "Output": [
                            "PARTIAL count(*)"
                        ],
                        "Workers": [
                            {
                                "Worker Number": 0,
                                "Actual Startup Time": 1979.416,
                                "Actual Total Time": 1979.419,
                                "Actual Rows": 1,
                                "Actual Loops": 1
                            },
                            {
                                "Worker Number": 1,
                                "Actual Startup Time": 1979.425,
                                "Actual Total Time": 1979.428,
                                "Actual Rows": 1,
                                "Actual Loops": 1
                            },
                            {
                                "Worker Number": 2,
                                "Actual Startup Time": 1979.532,
                                "Actual Total Time": 1979.535,
                                "Actual Rows": 1,
                                "Actual Loops": 1
                            },
                            {
                                "Worker Number": 3,
                                "Actual Startup Time": 1979.58,
                                "Actual Total Time": 1979.582,
                                "Actual Rows": 1,
                                "Actual Loops": 1
                            },
                            {
                                "Worker Number": 4,
                                "Actual Startup Time": 1979.593,
                                "Actual Total Time": 1979.595,
                                "Actual Rows": 1,
                                "Actual Loops": 1
                            },
                            {
                                "Worker Number": 5,
                                "Actual Startup Time": 1979.587,
                                "Actual Total Time": 1979.59,
                                "Actual Rows": 1,
                                "Actual Loops": 1
                            }
                        ],
                        "Plans": [
                            {
                                "Node Type": "Hash Join",
                                "Parent Relationship": "Outer",
                                "Parallel Aware": true,
                                "Join Type": "Inner",
                                "Startup Cost": 50219.81,
                                "Total Cost": 384599.2,
                                "Plan Rows": 2348863,
                                "Plan Width": 0,
                                "Actual Startup Time": 504.837,
                                "Actual Total Time": 1886.487,
                                "Actual Rows": 2025050,
                                "Actual Loops": 7,
                                "Inner Unique": true,
                                "Hash Cond": "(ci.movie_id = t.id)",
                                "Workers": [
                                    {
                                        "Worker Number": 0,
                                        "Actual Startup Time": 501.114,
                                        "Actual Total Time": 1872.037,
                                        "Actual Rows": 1699501,
                                        "Actual Loops": 1
                                    },
                                    {
                                        "Worker Number": 1,
                                        "Actual Startup Time": 501.178,
                                        "Actual Total Time": 1872.573,
                                        "Actual Rows": 1706904,
                                        "Actual Loops": 1
                                    },
                                    {
                                        "Worker Number": 2,
                                        "Actual Startup Time": 501.272,
                                        "Actual Total Time": 1880.404,
                                        "Actual Rows": 1964970,
                                        "Actual Loops": 1
                                    },
                                    {
                                        "Worker Number": 3,
                                        "Actual Startup Time": 501.293,
                                        "Actual Total Time": 1888.866,
                                        "Actual Rows": 2165913,
                                        "Actual Loops": 1
                                    },
                                    {
                                        "Worker Number": 4,
                                        "Actual Startup Time": 501.294,
                                        "Actual Total Time": 1890.022,
                                        "Actual Rows": 2166072,
                                        "Actual Loops": 1
                                    },
                                    {
                                        "Worker Number": 5,
                                        "Actual Startup Time": 501.338,
                                        "Actual Total Time": 1889.939,
                                        "Actual Rows": 2162399,
                                        "Actual Loops": 1
                                    }
                                ],
                                "Plans": [
                                    {
                                        "Node Type": "Seq Scan",
                                        "Parent Relationship": "Outer",
                                        "Parallel Aware": true,
                                        "Relation Name": "cast_info",
                                        "Schema": "public",
                                        "Alias": "ci",
                                        "Startup Cost": 0.0,
                                        "Total Cost": 328213.62,
                                        "Plan Rows": 2348863,
                                        "Plan Width": 4,
                                        "Actual Startup Time": 246.078,
                                        "Actual Total Time": 617.753,
                                        "Actual Rows": 2025050,
                                        "Actual Loops": 7,
                                        "Output": [
                                            "ci.id",
                                            "ci.person_id",
                                            "ci.movie_id",
                                            "ci.person_role_id",
                                            "ci.note",
                                            "ci.nr_order",
                                            "ci.role_id"
                                        ],
                                        "Filter": "(ci.person_id > 2247738)",
                                        "Rows Removed by Filter": 3152714,
                                        "Workers": [
                                            {
                                                "Worker Number": 0,
                                                "Actual Startup Time": 246.163,
                                                "Actual Total Time": 641.529,
                                                "Actual Rows": 1699501,
                                                "Actual Loops": 1
                                            },
                                            {
                                                "Worker Number": 1,
                                                "Actual Startup Time": 246.163,
                                                "Actual Total Time": 647.283,
                                                "Actual Rows": 1706904,
                                                "Actual Loops": 1
                                            },
                                            {
                                                "Worker Number": 2,
                                                "Actual Startup Time": 246.046,
                                                "Actual Total Time": 623.94,
                                                "Actual Rows": 1964970,
                                                "Actual Loops": 1
                                            },
                                            {
                                                "Worker Number": 3,
                                                "Actual Startup Time": 246.013,
                                                "Actual Total Time": 615.396,
                                                "Actual Rows": 2165913,
                                                "Actual Loops": 1
                                            },
                                            {
                                                "Worker Number": 4,
                                                "Actual Startup Time": 246.136,
                                                "Actual Total Time": 614.835,
                                                "Actual Rows": 2166072,
                                                "Actual Loops": 1
                                            },
                                            {
                                                "Worker Number": 5,
                                                "Actual Startup Time": 246.043,
                                                "Actual Total Time": 614.606,
                                                "Actual Rows": 2162399,
                                                "Actual Loops": 1
                                            }
                                        ]
                                    },
                                    {
                                        "Node Type": "Hash",
                                        "Parent Relationship": "Inner",
                                        "Parallel Aware": true,
                                        "Startup Cost": 42318.81,
                                        "Total Cost": 42318.81,
                                        "Plan Rows": 632080,
                                        "Plan Width": 4,
                                        "Actual Startup Time": 251.755,
                                        "Actual Total Time": 251.756,
                                        "Actual Rows": 361187,
                                        "Actual Loops": 7,
                                        "Output": [
                                            "t.id"
                                        ],
                                        "Hash Buckets": 4194304,
                                        "Original Hash Buckets": 4194304,
                                        "Hash Batches": 1,
                                        "Original Hash Batches": 1,
                                        "Peak Memory Usage": 131808,
                                        "Workers": [
                                            {
                                                "Worker Number": 0,
                                                "Actual Startup Time": 254.263,
                                                "Actual Total Time": 254.264,
                                                "Actual Rows": 283264,
                                                "Actual Loops": 1
                                            },
                                            {
                                                "Worker Number": 1,
                                                "Actual Startup Time": 254.357,
                                                "Actual Total Time": 254.358,
                                                "Actual Rows": 294580,
                                                "Actual Loops": 1
                                            },
                                            {
                                                "Worker Number": 2,
                                                "Actual Startup Time": 254.442,
                                                "Actual Total Time": 254.442,
                                                "Actual Rows": 323373,
                                                "Actual Loops": 1
                                            },
                                            {
                                                "Worker Number": 3,
                                                "Actual Startup Time": 254.428,
                                                "Actual Total Time": 254.429,
                                                "Actual Rows": 376745,
                                                "Actual Loops": 1
                                            },
                                            {
                                                "Worker Number": 4,
                                                "Actual Startup Time": 254.488,
                                                "Actual Total Time": 254.489,
                                                "Actual Rows": 377289,
                                                "Actual Loops": 1
                                            },
                                            {
                                                "Worker Number": 5,
                                                "Actual Startup Time": 254.464,
                                                "Actual Total Time": 254.465,
                                                "Actual Rows": 375792,
                                                "Actual Loops": 1
                                            }
                                        ],
                                        "Plans": [
                                            {
                                                "Node Type": "Seq Scan",
                                                "Parent Relationship": "Outer",
                                                "Parallel Aware": true,
                                                "Relation Name": "title",
                                                "Schema": "public",
                                                "Alias": "t",
                                                "Startup Cost": 0.0,
                                                "Total Cost": 42318.81,
                                                "Plan Rows": 632080,
                                                "Plan Width": 4,
                                                "Actual Startup Time": 0.06,
                                                "Actual Total Time": 75.621,
                                                "Actual Rows": 361187,
                                                "Actual Loops": 7,
                                                "Output": [
                                                    "t.id"
                                                ],
                                                "Workers": [
                                                    {
                                                        "Worker Number": 0,
                                                        "Actual Startup Time": 0.081,
                                                        "Actual Total Time": 79.108,
                                                        "Actual Rows": 283264,
                                                        "Actual Loops": 1
                                                    },
                                                    {
                                                        "Worker Number": 1,
                                                        "Actual Startup Time": 0.062,
                                                        "Actual Total Time": 80.411,
                                                        "Actual Rows": 294580,
                                                        "Actual Loops": 1
                                                    },
                                                    {
                                                        "Worker Number": 2,
                                                        "Actual Startup Time": 0.073,
                                                        "Actual Total Time": 76.877,
                                                        "Actual Rows": 323373,
                                                        "Actual Loops": 1
                                                    },
                                                    {
                                                        "Worker Number": 3,
                                                        "Actual Startup Time": 0.072,
                                                        "Actual Total Time": 76.949,
                                                        "Actual Rows": 376745,
                                                        "Actual Loops": 1
                                                    },
                                                    {
                                                        "Worker Number": 4,
                                                        "Actual Startup Time": 0.061,
                                                        "Actual Total Time": 76.311,
                                                        "Actual Rows": 377289,
                                                        "Actual Loops": 1
                                                    },
                                                    {
                                                        "Worker Number": 5,
                                                        "Actual Startup Time": 0.058,
                                                        "Actual Total Time": 76.652,
                                                        "Actual Rows": 375792,
                                                        "Actual Loops": 1
                                                    }
                                                ]
                                            }
                                        ]
                                    }
                                ]
                            }
                        ]
                    }
                ]
            }
        ]
    },
    "Planning Time": 0.663,
    "Triggers": [],
    "Execution Time": 2079.129
}