{
  "Plan": {
    "Node Type": "Aggregate",
    "Strategy": "Plain",
    "Partial Mode": "Finalize",
    "Parallel Aware": false,
    "Startup Cost": 86542.4,
    "Total Cost": 86542.41,
    "Plan Rows": 1,
    "Plan Width": 8,
    "Actual Startup Time": 544.347,
    "Actual Total Time": 554.909,
    "Actual Rows": 1,
    "Actual Loops": 1,
    "Plans": [
      {
        "Node Type": "Gather",
        "Parent Relationship": "Outer",
        "Parallel Aware": false,
        "Startup Cost": 86542.29,
        "Total Cost": 86542.4,
        "Plan Rows": 1,
        "Plan Width": 8,
        "Actual Startup Time": 543.33,
        "Actual Total Time": 554.901,
        "Actual Rows": 2,
        "Actual Loops": 1,
        "Workers Planned": 1,
        "Workers Launched": 1,
        "Single Copy": false,
        "Plans": [
          {
            "Node Type": "Aggregate",
            "Strategy": "Plain",
            "Partial Mode": "Partial",
            "Parent Relationship": "Outer",
            "Parallel Aware": false,
            "Startup Cost": 85542.29,
            "Total Cost": 85542.3,
            "Plan Rows": 1,
            "Plan Width": 8,
            "Actual Startup Time": 537.8,
            "Actual Total Time": 537.803,
            "Actual Rows": 1,
            "Actual Loops": 2,
            "Plans": [
              {
                "Node Type": "Hash Join",
                "Parent Relationship": "Outer",
                "Parallel Aware": true,
                "Join Type": "Inner",
                "Startup Cost": 21497.23,
                "Total Cost": 84878.23,
                "Plan Rows": 265624,
                "Plan Width": 0,
                "Actual Startup Time": 117.817,
                "Actual Total Time": 527.818,
                "Actual Rows": 229932,
                "Actual Loops": 2,
                "Inner Unique": false,
                "Hash Cond": "(t.id = mi_idx.movie_id)",
                "Plans": [
                  {
                    "Node Type": "Seq Scan",
                    "Parent Relationship": "Outer",
                    "Parallel Aware": true,
                    "Relation Name": "title",
                    "Alias": "t",
                    "Startup Cost": 0.0,
                    "Total Cost": 54588.39,
                    "Plan Rows": 1446024,
                    "Plan Width": 4,
                    "Actual Startup Time": 0.01,
                    "Actual Total Time": 149.974,
                    "Actual Rows": 1228109,
                    "Actual Loops": 2,
                    "Filter": "(production_year > 0)",
                    "Rows Removed by Filter": 36047
                  },
                  {
                    "Node Type": "Hash",
                    "Parent Relationship": "Inner",
                    "Parallel Aware": true,
                    "Startup Cost": 18082.32,
                    "Total Cost": 18082.32,
                    "Plan Rows": 273193,
                    "Plan Width": 4,
                    "Actual Startup Time": 112.004,
                    "Actual Total Time": 112.005,
                    "Actual Rows": 229962,
                    "Actual Loops": 2,
                    "Hash Buckets": 524288,
                    "Original Hash Buckets": 524288,
                    "Hash Batches": 1,
                    "Original Hash Batches": 1,
                    "Peak Memory Usage": 22112,
                    "Plans": [
                      {
                        "Node Type": "Seq Scan",
                        "Parent Relationship": "Outer",
                        "Parallel Aware": true,
                        "Relation Name": "movie_info_idx",
                        "Alias": "mi_idx",
                        "Startup Cost": 0.0,
                        "Total Cost": 18082.32,
                        "Plan Rows": 273193,
                        "Plan Width": 4,
                        "Actual Startup Time": 0.054,
                        "Actual Total Time": 63.619,
                        "Actual Rows": 229962,
                        "Actual Loops": 2,
                        "Filter": "(info_type_id = 100)",
                        "Rows Removed by Filter": 460055
                      }
                    ]
                  }
                ]
              }
            ]
          }
        ]
      }
    ]
  },
  "Planning Time": 0.585,
  "Triggers": [],
  "Execution Time": 554.979
}