[
  {
    "Plan": {
      "Node Type": "Aggregate",
      "Strategy": "Plain",
      "Partial Mode": "Finalize",
      "Parallel Aware": false,
      "Startup Cost": 63832.62,
      "Total Cost": 63832.63,
      "Plan Rows": 1,
      "Plan Width": 8,
      "Actual Startup Time": 111.355,
      "Actual Total Time": 126.189,
      "Actual Rows": 1,
      "Actual Loops": 1,
      "Plans": [
        {
          "Node Type": "Gather",
          "Parent Relationship": "Outer",
          "Parallel Aware": false,
          "Startup Cost": 63832.2,
          "Total Cost": 63832.61,
          "Plan Rows": 4,
          "Plan Width": 8,
          "Actual Startup Time": 111.192,
          "Actual Total Time": 126.18,
          "Actual Rows": 5,
          "Actual Loops": 1,
          "Workers Planned": 4,
          "Workers Launched": 4,
          "Single Copy": false,
          "Plans": [
            {
              "Node Type": "Aggregate",
              "Strategy": "Plain",
              "Partial Mode": "Partial",
              "Parent Relationship": "Outer",
              "Parallel Aware": false,
              "Startup Cost": 62832.2,
              "Total Cost": 62832.21,
              "Plan Rows": 1,
              "Plan Width": 8,
              "Actual Startup Time": 101.644,
              "Actual Total Time": 101.646,
              "Actual Rows": 1,
              "Actual Loops": 5,
              "Plans": [
                {
                  "Node Type": "Nested Loop",
                  "Parent Relationship": "Outer",
                  "Parallel Aware": false,
                  "Join Type": "Inner",
                  "Startup Cost": 0.43,
                  "Total Cost": 62828.98,
                  "Plan Rows": 1288,
                  "Plan Width": 0,
                  "Actual Startup Time": 1.434,
                  "Actual Total Time": 101.373,
                  "Actual Rows": 2569,
                  "Actual Loops": 5,
                  "Inner Unique": false,
                  "Plans": [
                    {
                      "Node Type": "Seq Scan",
                      "Parent Relationship": "Outer",
                      "Parallel Aware": true,
                      "Relation Name": "title",
                      "Alias": "t",
                      "Startup Cost": 0.0,
                      "Total Cost": 45479.1,
                      "Plan Rows": 1248,
                      "Plan Width": 4,
                      "Actual Startup Time": 1.263,
                      "Actual Total Time": 84.431,
                      "Actual Rows": 1347,
                      "Actual Loops": 5,
                      "Filter": "((kind_id < 7) AND (production_year = 1980))",
                      "Rows Removed by Filter": 504315
                    },
                    {
                      "Node Type": "Index Only Scan",
                      "Parent Relationship": "Inner",
                      "Parallel Aware": false,
                      "Scan Direction": "Forward",
                      "Index Name": "movie_id_movie_companies",
                      "Relation Name": "movie_companies",
                      "Alias": "mc",
                      "Startup Cost": 0.43,
                      "Total Cost": 13.85,
                      "Plan Rows": 5,
                      "Plan Width": 4,
                      "Actual Startup Time": 0.01,
                      "Actual Total Time": 0.012,
                      "Actual Rows": 2,
                      "Actual Loops": 6735,
                      "Index Cond": "(movie_id = t.id)",
                      "Rows Removed by Index Recheck": 0,
                      "Heap Fetches": 12843
                    }
                  ]
                }
              ]
            }
          ]
        }
      ]
    },
    "Planning Time": 0.73,
    "Triggers": [],
    "Execution Time": 126.269
  }
]