{
  "Plan": {
    "Node Type": "Aggregate",
    "Strategy": "Plain",
    "Partial Mode": "Finalize",
    "Parallel Aware": false,
    "Startup Cost": 128348.46,
    "Total Cost": 128348.47,
    "Plan Rows": 1,
    "Plan Width": 8,
    "Actual Startup Time": 827.164,
    "Actual Total Time": 880.01,
    "Actual Rows": 1,
    "Actual Loops": 1,
    "Plans": [
      {
        "Node Type": "Gather",
        "Parent Relationship": "Outer",
        "Parallel Aware": false,
        "Startup Cost": 128348.34,
        "Total Cost": 128348.45,
        "Plan Rows": 1,
        "Plan Width": 8,
        "Actual Startup Time": 826.731,
        "Actual Total Time": 880.001,
        "Actual Rows": 2,
        "Actual Loops": 1,
        "Workers Planned": 1,
        "Workers Launched": 1,
        "Single Copy": false,
        "Plans": [
          {
            "Node Type": "Aggregate",
            "Strategy": "Plain",
            "Partial Mode": "Partial",
            "Parent Relationship": "Outer",
            "Parallel Aware": false,
            "Startup Cost": 127348.34,
            "Total Cost": 127348.35,
            "Plan Rows": 1,
            "Plan Width": 8,
            "Actual Startup Time": 819.657,
            "Actual Total Time": 819.661,
            "Actual Rows": 1,
            "Actual Loops": 2,
            "Plans": [
              {
                "Node Type": "Nested Loop",
                "Parent Relationship": "Outer",
                "Parallel Aware": false,
                "Join Type": "Inner",
                "Startup Cost": 21534.98,
                "Total Cost": 127006.58,
                "Plan Rows": 136706,
                "Plan Width": 0,
                "Actual Startup Time": 53.763,
                "Actual Total Time": 796.974,
                "Actual Rows": 415939,
                "Actual Loops": 2,
                "Inner Unique": false,
                "Plans": [
                  {
                    "Node Type": "Hash Join",
                    "Parent Relationship": "Outer",
                    "Parallel Aware": true,
                    "Join Type": "Inner",
                    "Startup Cost": 21534.55,
                    "Total Cost": 81837.57,
                    "Plan Rows": 23379,
                    "Plan Width": 8,
                    "Actual Startup Time": 53.641,
                    "Actual Total Time": 382.017,
                    "Actual Rows": 33260,
                    "Actual Loops": 2,
                    "Inner Unique": false,
                    "Hash Cond": "(t.id = mc.movie_id)",
                    "Plans": [
                      {
                        "Node Type": "Seq Scan",
                        "Parent Relationship": "Outer",
                        "Parallel Aware": true,
                        "Relation Name": "title",
                        "Alias": "t",
                        "Startup Cost": 0.0,
                        "Total Cost": 50870.31,
                        "Plan Rows": 1487231,
                        "Plan Width": 4,
                        "Actual Startup Time": 0.012,
                        "Actual Total Time": 134.865,
                        "Actual Rows": 1264156,
                        "Actual Loops": 2
                      },
                      {
                        "Node Type": "Hash",
                        "Parent Relationship": "Inner",
                        "Parallel Aware": true,
                        "Startup Cost": 21242.31,
                        "Total Cost": 21242.31,
                        "Plan Rows": 23379,
                        "Plan Width": 4,
                        "Actual Startup Time": 52.222,
                        "Actual Total Time": 52.224,
                        "Actual Rows": 33260,
                        "Actual Loops": 2,
                        "Hash Buckets": 65536,
                        "Original Hash Buckets": 65536,
                        "Hash Batches": 1,
                        "Original Hash Batches": 1,
                        "Peak Memory Usage": 3136,
                        "Plans": [
                          {
                            "Node Type": "Bitmap Heap Scan",
                            "Parent Relationship": "Outer",
                            "Parallel Aware": true,
                            "Relation Name": "movie_companies",
                            "Alias": "mc",
                            "Startup Cost": 1739.91,
                            "Total Cost": 21242.31,
                            "Plan Rows": 23379,
                            "Plan Width": 4,
                            "Actual Startup Time": 11.285,
                            "Actual Total Time": 41.436,
                            "Actual Rows": 33260,
                            "Actual Loops": 2,
                            "Recheck Cond": "(company_id < 19)",
                            "Rows Removed by Index Recheck": 0,
                            "Filter": "(company_type_id < 2)",
                            "Rows Removed by Filter": 8776,
                            "Exact Heap Blocks": 6845,
                            "Lossy Heap Blocks": 0,
                            "Plans": [
                              {
                                "Node Type": "Bitmap Index Scan",
                                "Parent Relationship": "Outer",
                                "Parallel Aware": false,
                                "Index Name": "company_id_movie_companies",
                                "Startup Cost": 0.0,
                                "Total Cost": 1729.97,
                                "Plan Rows": 80739,
                                "Plan Width": 0,
                                "Actual Startup Time": 13.635,
                                "Actual Total Time": 13.635,
                                "Actual Rows": 84071,
                                "Actual Loops": 1,
                                "Index Cond": "(company_id < 19)"
                              }
                            ]
                          }
                        ]
                      }
                    ]
                  },
                  {
                    "Node Type": "Index Only Scan",
                    "Parent Relationship": "Inner",
                    "Parallel Aware": false,
                    "Scan Direction": "Forward",
                    "Index Name": "movie_id_movie_info",
                    "Relation Name": "movie_info",
                    "Alias": "mi",
                    "Startup Cost": 0.43,
                    "Total Cost": 1.51,
                    "Plan Rows": 42,
                    "Plan Width": 4,
                    "Actual Startup Time": 0.004,
                    "Actual Total Time": 0.011,
                    "Actual Rows": 13,
                    "Actual Loops": 66520,
                    "Index Cond": "(movie_id = t.id)",
                    "Rows Removed by Index Recheck": 0,
                    "Heap Fetches": 831878
                  }
                ]
              }
            ]
          }
        ]
      }
    ]
  },
  "Planning Time": 0.924,
  "Triggers": [],
  "Execution Time": 880.136
}