{
  "Plan": {
    "Node Type": "Aggregate",
    "Strategy": "Plain",
    "Partial Mode": "Finalize",
    "Parallel Aware": false,
    "Startup Cost": 104182.69,
    "Total Cost": 104182.7,
    "Plan Rows": 1,
    "Plan Width": 8,
    "Actual Startup Time": 794.686,
    "Actual Total Time": 814.159,
    "Actual Rows": 1,
    "Actual Loops": 1,
    "Plans": [
      {
        "Node Type": "Gather",
        "Parent Relationship": "Outer",
        "Parallel Aware": false,
        "Startup Cost": 104182.58,
        "Total Cost": 104182.69,
        "Plan Rows": 1,
        "Plan Width": 8,
        "Actual Startup Time": 789.422,
        "Actual Total Time": 814.152,
        "Actual Rows": 2,
        "Actual Loops": 1,
        "Workers Planned": 1,
        "Workers Launched": 1,
        "Single Copy": false,
        "Plans": [
          {
            "Node Type": "Aggregate",
            "Strategy": "Plain",
            "Partial Mode": "Partial",
            "Parent Relationship": "Outer",
            "Parallel Aware": false,
            "Startup Cost": 103182.58,
            "Total Cost": 103182.59,
            "Plan Rows": 1,
            "Plan Width": 8,
            "Actual Startup Time": 776.553,
            "Actual Total Time": 776.558,
            "Actual Rows": 1,
            "Actual Loops": 2,
            "Plans": [
              {
                "Node Type": "Hash Join",
                "Parent Relationship": "Outer",
                "Parallel Aware": true,
                "Join Type": "Inner",
                "Startup Cost": 75686.87,
                "Total Cost": 102751.13,
                "Plan Rows": 172579,
                "Plan Width": 0,
                "Actual Startup Time": 659.82,
                "Actual Total Time": 768.91,
                "Actual Rows": 145152,
                "Actual Loops": 2,
                "Inner Unique": true,
                "Hash Cond": "(mk.movie_id = t.id)",
                "Plans": [
                  {
                    "Node Type": "Bitmap Heap Scan",
                    "Parent Relationship": "Outer",
                    "Parallel Aware": true,
                    "Relation Name": "movie_keyword",
                    "Alias": "mk",
                    "Startup Cost": 6226.17,
                    "Total Cost": 32837.41,
                    "Plan Rows": 172579,
                    "Plan Width": 4,
                    "Actual Startup Time": 17.99,
                    "Actual Total Time": 80.926,
                    "Actual Rows": 145152,
                    "Actual Loops": 2,
                    "Recheck Cond": "(keyword_id > 55388)",
                    "Rows Removed by Index Recheck": 0,
                    "Exact Heap Blocks": 14982,
                    "Lossy Heap Blocks": 0,
                    "Plans": [
                      {
                        "Node Type": "Bitmap Index Scan",
                        "Parent Relationship": "Outer",
                        "Parallel Aware": false,
                        "Index Name": "keyword_id_movie_keyword",
                        "Startup Cost": 0.0,
                        "Total Cost": 6152.82,
                        "Plan Rows": 293385,
                        "Plan Width": 0,
                        "Actual Startup Time": 14.783,
                        "Actual Total Time": 14.784,
                        "Actual Rows": 290304,
                        "Actual Loops": 1,
                        "Index Cond": "(keyword_id > 55388)"
                      }
                    ]
                  },
                  {
                    "Node Type": "Hash",
                    "Parent Relationship": "Inner",
                    "Parallel Aware": true,
                    "Startup Cost": 50870.31,
                    "Total Cost": 50870.31,
                    "Plan Rows": 1487231,
                    "Plan Width": 4,
                    "Actual Startup Time": 619.97,
                    "Actual Total Time": 619.971,
                    "Actual Rows": 1264156,
                    "Actual Loops": 2,
                    "Hash Buckets": 4194304,
                    "Original Hash Buckets": 4194304,
                    "Hash Batches": 1,
                    "Original Hash Batches": 1,
                    "Peak Memory Usage": 131712,
                    "Plans": [
                      {
                        "Node Type": "Seq Scan",
                        "Parent Relationship": "Outer",
                        "Parallel Aware": true,
                        "Relation Name": "title",
                        "Alias": "t",
                        "Startup Cost": 0.0,
                        "Total Cost": 50870.31,
                        "Plan Rows": 1487231,
                        "Plan Width": 4,
                        "Actual Startup Time": 0.03,
                        "Actual Total Time": 181.329,
                        "Actual Rows": 1264156,
                        "Actual Loops": 2
                      }
                    ]
                  }
                ]
              }
            ]
          }
        ]
      }
    ]
  },
  "Planning Time": 0.649,
  "Triggers": [],
  "Execution Time": 814.247
}