{
  "Plan": {
    "Node Type": "Aggregate",
    "Strategy": "Plain",
    "Partial Mode": "Finalize",
    "Parallel Aware": false,
    "Startup Cost": 134618.68,
    "Total Cost": 134618.69,
    "Plan Rows": 1,
    "Plan Width": 8,
    "Actual Startup Time": 202.273,
    "Actual Total Time": 214.384,
    "Actual Rows": 1,
    "Actual Loops": 1,
    "Plans": [
      {
        "Node Type": "Gather",
        "Parent Relationship": "Outer",
        "Parallel Aware": false,
        "Startup Cost": 134618.57,
        "Total Cost": 134618.68,
        "Plan Rows": 1,
        "Plan Width": 8,
        "Actual Startup Time": 201.541,
        "Actual Total Time": 214.376,
        "Actual Rows": 2,
        "Actual Loops": 1,
        "Workers Planned": 1,
        "Workers Launched": 1,
        "Single Copy": false,
        "Plans": [
          {
            "Node Type": "Aggregate",
            "Strategy": "Plain",
            "Partial Mode": "Partial",
            "Parent Relationship": "Outer",
            "Parallel Aware": false,
            "Startup Cost": 133618.57,
            "Total Cost": 133618.58,
            "Plan Rows": 1,
            "Plan Width": 8,
            "Actual Startup Time": 195.597,
            "Actual Total Time": 195.6,
            "Actual Rows": 1,
            "Actual Loops": 2,
            "Plans": [
              {
                "Node Type": "Hash Join",
                "Parent Relationship": "Outer",
                "Parallel Aware": true,
                "Join Type": "Inner",
                "Startup Cost": 57320.4,
                "Total Cost": 133613.37,
                "Plan Rows": 2080,
                "Plan Width": 0,
                "Actual Startup Time": 186.448,
                "Actual Total Time": 195.545,
                "Actual Rows": 902,
                "Actual Loops": 2,
                "Inner Unique": true,
                "Hash Cond": "(mi.movie_id = t.id)",
                "Plans": [
                  {
                    "Node Type": "Bitmap Heap Scan",
                    "Parent Relationship": "Outer",
                    "Parallel Aware": true,
                    "Relation Name": "movie_info",
                    "Alias": "mi",
                    "Startup Cost": 545.4,
                    "Total Cost": 76791.95,
                    "Plan Rows": 17682,
                    "Plan Width": 4,
                    "Actual Startup Time": 1.954,
                    "Actual Total Time": 8.222,
                    "Actual Rows": 15090,
                    "Actual Loops": 2,
                    "Recheck Cond": "(info_type_id = 110)",
                    "Rows Removed by Index Recheck": 0,
                    "Exact Heap Blocks": 2400,
                    "Lossy Heap Blocks": 0,
                    "Plans": [
                      {
                        "Node Type": "Bitmap Index Scan",
                        "Parent Relationship": "Outer",
                        "Parallel Aware": false,
                        "Index Name": "info_type_id_movie_info",
                        "Startup Cost": 0.0,
                        "Total Cost": 537.88,
                        "Plan Rows": 30060,
                        "Plan Width": 0,
                        "Actual Startup Time": 1.434,
                        "Actual Total Time": 1.435,
                        "Actual Rows": 30180,
                        "Actual Loops": 1,
                        "Index Cond": "(info_type_id = 110)"
                      }
                    ]
                  },
                  {
                    "Node Type": "Hash",
                    "Parent Relationship": "Inner",
                    "Parallel Aware": true,
                    "Startup Cost": 54588.39,
                    "Total Cost": 54588.39,
                    "Plan Rows": 174929,
                    "Plan Width": 4,
                    "Actual Startup Time": 178.735,
                    "Actual Total Time": 178.736,
                    "Actual Rows": 154767,
                    "Actual Loops": 2,
                    "Hash Buckets": 524288,
                    "Original Hash Buckets": 524288,
                    "Hash Batches": 1,
                    "Original Hash Batches": 1,
                    "Peak Memory Usage": 16224,
                    "Plans": [
                      {
                        "Node Type": "Seq Scan",
                        "Parent Relationship": "Outer",
                        "Parallel Aware": true,
                        "Relation Name": "title",
                        "Alias": "t",
                        "Startup Cost": 0.0,
                        "Total Cost": 54588.39,
                        "Plan Rows": 174929,
                        "Plan Width": 4,
                        "Actual Startup Time": 0.032,
                        "Actual Total Time": 140.033,
                        "Actual Rows": 154767,
                        "Actual Loops": 2,
                        "Filter": "(production_year < 1966)",
                        "Rows Removed by Filter": 1109389
                      }
                    ]
                  }
                ]
              }
            ]
          }
        ]
      }
    ]
  },
  "Planning Time": 0.6,
  "Triggers": [],
  "Execution Time": 214.47
}