[
  {
    "Plan": {
      "Node Type": "Aggregate",
      "Strategy": "Plain",
      "Partial Mode": "Finalize",
      "Parallel Aware": false,
      "Startup Cost": 342212.96,
      "Total Cost": 342212.97,
      "Plan Rows": 1,
      "Plan Width": 8,
      "Actual Startup Time": 843.518,
      "Actual Total Time": 902.956,
      "Actual Rows": 1,
      "Actual Loops": 1,
      "Plans": [
        {
          "Node Type": "Gather",
          "Parent Relationship": "Outer",
          "Parallel Aware": false,
          "Startup Cost": 342212.34,
          "Total Cost": 342212.95,
          "Plan Rows": 6,
          "Plan Width": 8,
          "Actual Startup Time": 843.374,
          "Actual Total Time": 902.944,
          "Actual Rows": 7,
          "Actual Loops": 1,
          "Workers Planned": 6,
          "Workers Launched": 6,
          "Single Copy": false,
          "Plans": [
            {
              "Node Type": "Aggregate",
              "Strategy": "Plain",
              "Partial Mode": "Partial",
              "Parent Relationship": "Outer",
              "Parallel Aware": false,
              "Startup Cost": 341212.34,
              "Total Cost": 341212.35,
              "Plan Rows": 1,
              "Plan Width": 8,
              "Actual Startup Time": 832.889,
              "Actual Total Time": 832.89,
              "Actual Rows": 1,
              "Actual Loops": 7,
              "Plans": [
                {
                  "Node Type": "Seq Scan",
                  "Parent Relationship": "Outer",
                  "Parallel Aware": true,
                  "Relation Name": "cast_info",
                  "Alias": "ci",
                  "Startup Cost": 0.0,
                  "Total Cost": 328162.03,
                  "Plan Rows": 5220125,
                  "Plan Width": 0,
                  "Actual Startup Time": 0.054,
                  "Actual Total Time": 641.54,
                  "Actual Rows": 4504011,
                  "Actual Loops": 7,
                  "Filter": "(person_id < 3208519)",
                  "Rows Removed by Filter": 673753
                }
              ]
            }
          ]
        }
      ]
    },
    "Planning Time": 0.202,
    "Triggers": [],
    "Execution Time": 903.034
  }
]