{
  "Plan": {
    "Node Type": "Aggregate",
    "Strategy": "Plain",
    "Partial Mode": "Finalize",
    "Parallel Aware": false,
    "Startup Cost": 772879.5,
    "Total Cost": 772879.51,
    "Plan Rows": 1,
    "Plan Width": 32,
    "Actual Startup Time": 4365.98,
    "Actual Total Time": 4417.529,
    "Actual Rows": 1,
    "Actual Loops": 1,
    "Plans": [
      {
        "Node Type": "Gather",
        "Parent Relationship": "Outer",
        "Parallel Aware": false,
        "Startup Cost": 772879.39,
        "Total Cost": 772879.5,
        "Plan Rows": 1,
        "Plan Width": 32,
        "Actual Startup Time": 3809.554,
        "Actual Total Time": 4417.492,
        "Actual Rows": 2,
        "Actual Loops": 1,
        "Workers Planned": 1,
        "Workers Launched": 1,
        "Single Copy": false,
        "Plans": [
          {
            "Node Type": "Aggregate",
            "Strategy": "Plain",
            "Partial Mode": "Partial",
            "Parent Relationship": "Outer",
            "Parallel Aware": false,
            "Startup Cost": 771879.39,
            "Total Cost": 771879.4,
            "Plan Rows": 1,
            "Plan Width": 32,
            "Actual Startup Time": 4073.932,
            "Actual Total Time": 4074.455,
            "Actual Rows": 1,
            "Actual Loops": 2,
            "Plans": [
              {
                "Node Type": "Hash Join",
                "Parent Relationship": "Outer",
                "Parallel Aware": false,
                "Join Type": "Inner",
                "Startup Cost": 761419.04,
                "Total Cost": 771859.23,
                "Plan Rows": 8064,
                "Plan Width": 17,
                "Actual Startup Time": 3915.79,
                "Actual Total Time": 4074.347,
                "Actual Rows": 643,
                "Actual Loops": 2,
                "Inner Unique": true,
                "Hash Cond": "(mc.company_type_id = ct.id)",
                "Plans": [
                  {
                    "Node Type": "Hash Join",
                    "Parent Relationship": "Outer",
                    "Parallel Aware": true,
                    "Join Type": "Inner",
                    "Startup Cost": 761417.98,
                    "Total Cost": 771683.78,
                    "Plan Rows": 32257,
                    "Plan Width": 21,
                    "Actual Startup Time": 3913.735,
                    "Actual Total Time": 4070.611,
                    "Actual Rows": 66986,
                    "Actual Loops": 2,
                    "Inner Unique": false,
                    "Hash Cond": "(t.id = mc.movie_id)",
                    "Plans": [
                      {
                        "Node Type": "Merge Join",
                        "Parent Relationship": "Outer",
                        "Parallel Aware": false,
                        "Join Type": "Inner",
                        "Startup Cost": 718341.54,
                        "Total Cost": 725454.21,
                        "Plan Rows": 474141,
                        "Plan Width": 25,
                        "Actual Startup Time": 3621.037,
                        "Actual Total Time": 3685.483,
                        "Actual Rows": 395905,
                        "Actual Loops": 2,
                        "Inner Unique": true,
                        "Merge Cond": "(mi.info_type_id = it.id)",
                        "Plans": [
                          {
                            "Node Type": "Sort",
                            "Parent Relationship": "Outer",
                            "Parallel Aware": false,
                            "Startup Cost": 718335.55,
                            "Total Cost": 719520.91,
                            "Plan Rows": 474141,
                            "Plan Width": 29,
                            "Actual Startup Time": 3620.943,
                            "Actual Total Time": 3638.455,
                            "Actual Rows": 395905,
                            "Actual Loops": 2,
                            "Sort Key": [
                              "mi.info_type_id"
                            ],
                            "Sort Method": "quicksort",
                            "Sort Space Used": 43438,
                            "Sort Space Type": "Memory",
                            "Workers": [
                              {
                                "Worker Number": 0,
                                "Sort Method": "quicksort",
                                "Sort Space Used": 46586,
                                "Sort Space Type": "Memory"
                              }
                            ],
                            "Plans": [
                              {
                                "Node Type": "Merge Join",
                                "Parent Relationship": "Outer",
                                "Parallel Aware": false,
                                "Join Type": "Inner",
                                "Startup Cost": 657438.61,
                                "Total Cost": 673636.01,
                                "Plan Rows": 474141,
                                "Plan Width": 29,
                                "Actual Startup Time": 3034.377,
                                "Actual Total Time": 3485.064,
                                "Actual Rows": 395905,
                                "Actual Loops": 2,
                                "Inner Unique": true,
                                "Merge Cond": "(mi.movie_id = t.id)",
                                "Plans": [
                                  {
                                    "Node Type": "Sort",
                                    "Parent Relationship": "Outer",
                                    "Parallel Aware": false,
                                    "Startup Cost": 437566.31,
                                    "Total Cost": 439583.81,
                                    "Plan Rows": 807002,
                                    "Plan Width": 8,
                                    "Actual Startup Time": 2111.176,
                                    "Actual Total Time": 2147.108,
                                    "Actual Rows": 713862,
                                    "Actual Loops": 2,
                                    "Sort Key": [
                                      "mi.movie_id"
                                    ],
                                    "Sort Method": "quicksort",
                                    "Sort Space Used": 56532,
                                    "Sort Space Type": "Memory",
                                    "Workers": [
                                      {
                                        "Worker Number": 0,
                                        "Sort Method": "quicksort",
                                        "Sort Space Used": 59545,
                                        "Sort Space Type": "Memory"
                                      }
                                    ],
                                    "Plans": [
                                      {
                                        "Node Type": "Seq Scan",
                                        "Parent Relationship": "Outer",
                                        "Parallel Aware": true,
                                        "Relation Name": "movie_info",
                                        "Alias": "mi",
                                        "Startup Cost": 0.0,
                                        "Total Cost": 358390.48,
                                        "Plan Rows": 807002,
                                        "Plan Width": 8,
                                        "Actual Startup Time": 0.016,
                                        "Actual Total Time": 1891.88,
                                        "Actual Rows": 713862,
                                        "Actual Loops": 2,
                                        "Filter": "(info = ANY ('{American,German,Swedish,America,Danish,Norwegian,Norway,Bulgaria,USA,English}'::text[]))",
                                        "Rows Removed by Filter": 6703998
                                      }
                                    ]
                                  },
                                  {
                                    "Node Type": "Sort",
                                    "Parent Relationship": "Inner",
                                    "Parallel Aware": false,
                                    "Startup Cost": 219871.94,
                                    "Total Cost": 223585.44,
                                    "Plan Rows": 1485400,
                                    "Plan Width": 21,
                                    "Actual Startup Time": 923.184,
                                    "Actual Total Time": 1107.726,
                                    "Actual Rows": 1484674,
                                    "Actual Loops": 2,
                                    "Sort Key": [
                                      "t.id"
                                    ],
                                    "Sort Method": "quicksort",
                                    "Sort Space Used": 152545,
                                    "Sort Space Type": "Memory",
                                    "Workers": [
                                      {
                                        "Worker Number": 0,
                                        "Sort Method": "quicksort",
                                        "Sort Space Used": 152545,
                                        "Sort Space Type": "Memory"
                                      }
                                    ],
                                    "Plans": [
                                      {
                                        "Node Type": "Seq Scan",
                                        "Parent Relationship": "Outer",
                                        "Parallel Aware": false,
                                        "Relation Name": "title",
                                        "Alias": "t",
                                        "Startup Cost": 0.0,
                                        "Total Cost": 67600.46,
                                        "Plan Rows": 1485400,
                                        "Plan Width": 21,
                                        "Actual Startup Time": 0.062,
                                        "Actual Total Time": 329.247,
                                        "Actual Rows": 1485030,
                                        "Actual Loops": 2,
                                        "Filter": "(production_year > 1998)",
                                        "Rows Removed by Filter": 1043282
                                      }
                                    ]
                                  }
                                ]
                              }
                            ]
                          },
                          {
                            "Node Type": "Sort",
                            "Parent Relationship": "Inner",
                            "Parallel Aware": false,
                            "Startup Cost": 5.98,
                            "Total Cost": 6.27,
                            "Plan Rows": 113,
                            "Plan Width": 4,
                            "Actual Startup Time": 0.087,
                            "Actual Total Time": 0.091,
                            "Actual Rows": 57,
                            "Actual Loops": 2,
                            "Sort Key": [
                              "it.id"
                            ],
                            "Sort Method": "quicksort",
                            "Sort Space Used": 30,
                            "Sort Space Type": "Memory",
                            "Workers": [
                              {
                                "Worker Number": 0,
                                "Sort Method": "quicksort",
                                "Sort Space Used": 30,
                                "Sort Space Type": "Memory"
                              }
                            ],
                            "Plans": [
                              {
                                "Node Type": "Seq Scan",
                                "Parent Relationship": "Outer",
                                "Parallel Aware": false,
                                "Relation Name": "info_type",
                                "Alias": "it",
                                "Startup Cost": 0.0,
                                "Total Cost": 2.13,
                                "Plan Rows": 113,
                                "Plan Width": 4,
                                "Actual Startup Time": 0.054,
                                "Actual Total Time": 0.065,
                                "Actual Rows": 113,
                                "Actual Loops": 2
                              }
                            ]
                          }
                        ]
                      },
                      {
                        "Node Type": "Hash",
                        "Parent Relationship": "Inner",
                        "Parallel Aware": true,
                        "Startup Cost": 41811.73,
                        "Total Cost": 41811.73,
                        "Plan Rows": 101177,
                        "Plan Width": 8,
                        "Actual Startup Time": 289.231,
                        "Actual Total Time": 289.232,
                        "Actual Rows": 147814,
                        "Actual Loops": 2,
                        "Hash Buckets": 524288,
                        "Original Hash Buckets": 262144,
                        "Hash Batches": 1,
                        "Original Hash Batches": 1,
                        "Peak Memory Usage": 17728,
                        "Plans": [
                          {
                            "Node Type": "Seq Scan",
                            "Parent Relationship": "Outer",
                            "Parallel Aware": true,
                            "Relation Name": "movie_companies",
                            "Alias": "mc",
                            "Startup Cost": 0.0,
                            "Total Cost": 41811.73,
                            "Plan Rows": 101177,
                            "Plan Width": 8,
                            "Actual Startup Time": 0.056,
                            "Actual Total Time": 230.56,
                            "Actual Rows": 147814,
                            "Actual Loops": 2,
                            "Filter": "((note !~~ '%(TV)%'::text) AND (note ~~ '%(USA)%'::text))",
                            "Rows Removed by Filter": 1156750
                          }
                        ]
                      }
                    ]
                  },
                  {
                    "Node Type": "Hash",
                    "Parent Relationship": "Inner",
                    "Parallel Aware": false,
                    "Startup Cost": 1.05,
                    "Total Cost": 1.05,
                    "Plan Rows": 1,
                    "Plan Width": 4,
                    "Actual Startup Time": 0.078,
                    "Actual Total Time": 0.079,
                    "Actual Rows": 1,
                    "Actual Loops": 2,
                    "Hash Buckets": 1024,
                    "Original Hash Buckets": 1024,
                    "Hash Batches": 1,
                    "Original Hash Batches": 1,
                    "Peak Memory Usage": 9,
                    "Plans": [
                      {
                        "Node Type": "Seq Scan",
                        "Parent Relationship": "Outer",
                        "Parallel Aware": false,
                        "Relation Name": "company_type",
                        "Alias": "ct",
                        "Startup Cost": 0.0,
                        "Total Cost": 1.05,
                        "Plan Rows": 1,
                        "Plan Width": 4,
                        "Actual Startup Time": 0.059,
                        "Actual Total Time": 0.062,
                        "Actual Rows": 1,
                        "Actual Loops": 2,
                        "Filter": "((kind)::text = 'production companies'::text)",
                        "Rows Removed by Filter": 3
                      }
                    ]
                  }
                ]
              }
            ]
          }
        ]
      }
    ]
  },
  "Planning Time": 1.748,
  "Triggers": [],
  "Execution Time": 4417.711
}