{
  "Plan": {
    "Node Type": "Aggregate",
    "Strategy": "Plain",
    "Partial Mode": "Finalize",
    "Parallel Aware": false,
    "Startup Cost": 529164.34,
    "Total Cost": 529164.35,
    "Plan Rows": 1,
    "Plan Width": 8,
    "Actual Startup Time": 3501.482,
    "Actual Total Time": 3542.906,
    "Actual Rows": 1,
    "Actual Loops": 1,
    "Plans": [
      {
        "Node Type": "Gather",
        "Parent Relationship": "Outer",
        "Parallel Aware": false,
        "Startup Cost": 529164.22,
        "Total Cost": 529164.33,
        "Plan Rows": 1,
        "Plan Width": 8,
        "Actual Startup Time": 3496.371,
        "Actual Total Time": 3542.898,
        "Actual Rows": 2,
        "Actual Loops": 1,
        "Workers Planned": 1,
        "Workers Launched": 1,
        "Single Copy": false,
        "Plans": [
          {
            "Node Type": "Aggregate",
            "Strategy": "Plain",
            "Partial Mode": "Partial",
            "Parent Relationship": "Outer",
            "Parallel Aware": false,
            "Startup Cost": 528164.22,
            "Total Cost": 528164.23,
            "Plan Rows": 1,
            "Plan Width": 8,
            "Actual Startup Time": 3488.687,
            "Actual Total Time": 3488.693,
            "Actual Rows": 1,
            "Actual Loops": 2,
            "Plans": [
              {
                "Node Type": "Hash Join",
                "Parent Relationship": "Outer",
                "Parallel Aware": true,
                "Join Type": "Inner",
                "Startup Cost": 114680.32,
                "Total Cost": 527581.44,
                "Plan Rows": 233115,
                "Plan Width": 0,
                "Actual Startup Time": 807.703,
                "Actual Total Time": 3419.182,
                "Actual Rows": 1555034,
                "Actual Loops": 2,
                "Inner Unique": false,
                "Hash Cond": "(t.id = mc.movie_id)",
                "Plans": [
                  {
                    "Node Type": "Hash Join",
                    "Parent Relationship": "Outer",
                    "Parallel Aware": true,
                    "Join Type": "Inner",
                    "Startup Cost": 69461.26,
                    "Total Cost": 473559.63,
                    "Plan Rows": 1189039,
                    "Plan Width": 8,
                    "Actual Startup Time": 573.756,
                    "Actual Total Time": 2499.972,
                    "Actual Rows": 2179353,
                    "Actual Loops": 2,
                    "Inner Unique": true,
                    "Hash Cond": "(ci.movie_id = t.id)",
                    "Plans": [
                      {
                        "Node Type": "Index Scan",
                        "Parent Relationship": "Outer",
                        "Parallel Aware": true,
                        "Scan Direction": "Forward",
                        "Index Name": "role_id_cast_info",
                        "Relation Name": "cast_info",
                        "Alias": "ci",
                        "Startup Cost": 0.56,
                        "Total Cost": 400977.7,
                        "Plan Rows": 1189039,
                        "Plan Width": 4,
                        "Actual Startup Time": 0.047,
                        "Actual Total Time": 899.494,
                        "Actual Rows": 2179353,
                        "Actual Loops": 2,
                        "Index Cond": "(role_id = 1)",
                        "Rows Removed by Index Recheck": 0,
                        "Filter": "(person_id < 582969)",
                        "Rows Removed by Filter": 4155991
                      },
                      {
                        "Node Type": "Hash",
                        "Parent Relationship": "Inner",
                        "Parallel Aware": true,
                        "Startup Cost": 50870.31,
                        "Total Cost": 50870.31,
                        "Plan Rows": 1487231,
                        "Plan Width": 4,
                        "Actual Startup Time": 561.564,
                        "Actual Total Time": 561.565,
                        "Actual Rows": 1264156,
                        "Actual Loops": 2,
                        "Hash Buckets": 4194304,
                        "Original Hash Buckets": 4194304,
                        "Hash Batches": 1,
                        "Original Hash Batches": 1,
                        "Peak Memory Usage": 131712,
                        "Plans": [
                          {
                            "Node Type": "Seq Scan",
                            "Parent Relationship": "Outer",
                            "Parallel Aware": true,
                            "Relation Name": "title",
                            "Alias": "t",
                            "Startup Cost": 0.0,
                            "Total Cost": 50870.31,
                            "Plan Rows": 1487231,
                            "Plan Width": 4,
                            "Actual Startup Time": 0.023,
                            "Actual Total Time": 173.537,
                            "Actual Rows": 1264156,
                            "Actual Loops": 2
                          }
                        ]
                      }
                    ]
                  },
                  {
                    "Node Type": "Hash",
                    "Parent Relationship": "Inner",
                    "Parallel Aware": true,
                    "Startup Cost": 41574.35,
                    "Total Cost": 41574.35,
                    "Plan Rows": 291576,
                    "Plan Width": 4,
                    "Actual Startup Time": 228.004,
                    "Actual Total Time": 228.005,
                    "Actual Rows": 350717,
                    "Actual Loops": 2,
                    "Hash Buckets": 1048576,
                    "Original Hash Buckets": 524288,
                    "Hash Batches": 1,
                    "Original Hash Batches": 1,
                    "Peak Memory Usage": 39776,
                    "Plans": [
                      {
                        "Node Type": "Index Scan",
                        "Parent Relationship": "Outer",
                        "Parallel Aware": true,
                        "Scan Direction": "Forward",
                        "Index Name": "company_type_id_movie_companies",
                        "Relation Name": "movie_companies",
                        "Alias": "mc",
                        "Startup Cost": 0.43,
                        "Total Cost": 41574.35,
                        "Plan Rows": 291576,
                        "Plan Width": 4,
                        "Actual Startup Time": 0.086,
                        "Actual Total Time": 135.439,
                        "Actual Rows": 350717,
                        "Actual Loops": 2,
                        "Index Cond": "(company_type_id = 1)",
                        "Rows Removed by Index Recheck": 0,
                        "Filter": "(company_id < 4819)",
                        "Rows Removed by Filter": 286406
                      }
                    ]
                  }
                ]
              }
            ]
          }
        ]
      }
    ]
  },
  "Planning Time": 1.161,
  "Triggers": [],
  "Execution Time": 3542.999
}