[
  {
    "Plan": {
      "Node Type": "Aggregate",
      "Strategy": "Plain",
      "Partial Mode": "Simple",
      "Parallel Aware": false,
      "Startup Cost": 273.96,
      "Total Cost": 273.97,
      "Plan Rows": 1,
      "Plan Width": 8,
      "Actual Startup Time": 2.051,
      "Actual Total Time": 2.053,
      "Actual Rows": 1,
      "Actual Loops": 1,
      "Plans": [
        {
          "Node Type": "Index Scan",
          "Parent Relationship": "Outer",
          "Parallel Aware": false,
          "Scan Direction": "Forward",
          "Index Name": "company_id_movie_companies",
          "Relation Name": "movie_companies",
          "Alias": "mc",
          "Startup Cost": 0.43,
          "Total Cost": 273.83,
          "Plan Rows": 52,
          "Plan Width": 0,
          "Actual Startup Time": 1.73,
          "Actual Total Time": 2.009,
          "Actual Rows": 197,
          "Actual Loops": 1,
          "Index Cond": "(company_id = 125)",
          "Rows Removed by Index Recheck": 0,
          "Filter": "(company_type_id = 2)",
          "Rows Removed by Filter": 927
        }
      ]
    },
    "Planning Time": 0.219,
    "Triggers": [],
    "Execution Time": 2.106
  }
]