{
  "Plan": {
    "Node Type": "Aggregate",
    "Strategy": "Plain",
    "Partial Mode": "Finalize",
    "Parallel Aware": false,
    "Startup Cost": 232242.85,
    "Total Cost": 232242.86,
    "Plan Rows": 1,
    "Plan Width": 8,
    "Actual Startup Time": 694.696,
    "Actual Total Time": 730.708,
    "Actual Rows": 1,
    "Actual Loops": 1,
    "Plans": [
      {
        "Node Type": "Gather",
        "Parent Relationship": "Outer",
        "Parallel Aware": false,
        "Startup Cost": 232242.74,
        "Total Cost": 232242.85,
        "Plan Rows": 1,
        "Plan Width": 8,
        "Actual Startup Time": 693.474,
        "Actual Total Time": 730.7,
        "Actual Rows": 2,
        "Actual Loops": 1,
        "Workers Planned": 1,
        "Workers Launched": 1,
        "Single Copy": false,
        "Plans": [
          {
            "Node Type": "Aggregate",
            "Strategy": "Plain",
            "Partial Mode": "Partial",
            "Parent Relationship": "Outer",
            "Parallel Aware": false,
            "Startup Cost": 231242.74,
            "Total Cost": 231242.75,
            "Plan Rows": 1,
            "Plan Width": 8,
            "Actual Startup Time": 687.248,
            "Actual Total Time": 687.254,
            "Actual Rows": 1,
            "Actual Loops": 2,
            "Plans": [
              {
                "Node Type": "Nested Loop",
                "Parent Relationship": "Outer",
                "Parallel Aware": false,
                "Join Type": "Inner",
                "Startup Cost": 56338.49,
                "Total Cost": 231233.06,
                "Plan Rows": 3874,
                "Plan Width": 0,
                "Actual Startup Time": 272.578,
                "Actual Total Time": 684.969,
                "Actual Rows": 50760,
                "Actual Loops": 2,
                "Inner Unique": false,
                "Join Filter": "(t.id = mi.movie_id)",
                "Rows Removed by Join Filter": 0,
                "Plans": [
                  {
                    "Node Type": "Hash Join",
                    "Parent Relationship": "Outer",
                    "Parallel Aware": true,
                    "Join Type": "Inner",
                    "Startup Cost": 56338.05,
                    "Total Cost": 99056.49,
                    "Plan Rows": 47887,
                    "Plan Width": 8,
                    "Actual Startup Time": 272.278,
                    "Actual Total Time": 332.886,
                    "Actual Rows": 25079,
                    "Actual Loops": 2,
                    "Inner Unique": true,
                    "Hash Cond": "(mc.movie_id = t.id)",
                    "Plans": [
                      {
                        "Node Type": "Seq Scan",
                        "Parent Relationship": "Outer",
                        "Parallel Aware": true,
                        "Relation Name": "movie_companies",
                        "Alias": "mc",
                        "Startup Cost": 0.0,
                        "Total Cost": 41811.73,
                        "Plan Rows": 345414,
                        "Plan Width": 4,
                        "Actual Startup Time": 52.621,
                        "Actual Total Time": 107.238,
                        "Actual Rows": 188203,
                        "Actual Loops": 2,
                        "Filter": "((company_id < 9172) AND (company_type_id > 1))",
                        "Rows Removed by Filter": 1116362
                      },
                      {
                        "Node Type": "Hash",
                        "Parent Relationship": "Inner",
                        "Parallel Aware": true,
                        "Startup Cost": 53760.74,
                        "Total Cost": 53760.74,
                        "Plan Rows": 206185,
                        "Plan Width": 4,
                        "Actual Startup Time": 162.733,
                        "Actual Total Time": 162.735,
                        "Actual Rows": 212286,
                        "Actual Loops": 2,
                        "Hash Buckets": 524288,
                        "Original Hash Buckets": 524288,
                        "Hash Batches": 1,
                        "Original Hash Batches": 1,
                        "Peak Memory Usage": 20736,
                        "Plans": [
                          {
                            "Node Type": "Bitmap Heap Scan",
                            "Parent Relationship": "Outer",
                            "Parallel Aware": true,
                            "Relation Name": "title",
                            "Alias": "t",
                            "Startup Cost": 11910.48,
                            "Total Cost": 53760.74,
                            "Plan Rows": 206185,
                            "Plan Width": 4,
                            "Actual Startup Time": 35.148,
                            "Actual Total Time": 105.807,
                            "Actual Rows": 212286,
                            "Actual Loops": 2,
                            "Recheck Cond": "(kind_id = 1)",
                            "Rows Removed by Index Recheck": 0,
                            "Filter": "(production_year < 2005)",
                            "Rows Removed by Filter": 119126,
                            "Exact Heap Blocks": 8087,
                            "Lossy Heap Blocks": 0,
                            "Plans": [
                              {
                                "Node Type": "Bitmap Index Scan",
                                "Parent Relationship": "Outer",
                                "Parallel Aware": false,
                                "Index Name": "kind_id_title",
                                "Startup Cost": 0.0,
                                "Total Cost": 11822.85,
                                "Plan Rows": 663256,
                                "Plan Width": 0,
                                "Actual Startup Time": 33.568,
                                "Actual Total Time": 33.568,
                                "Actual Rows": 662825,
                                "Actual Loops": 1,
                                "Index Cond": "(kind_id = 1)"
                              }
                            ]
                          }
                        ]
                      }
                    ]
                  },
                  {
                    "Node Type": "Index Scan",
                    "Parent Relationship": "Inner",
                    "Parallel Aware": false,
                    "Scan Direction": "Forward",
                    "Index Name": "movie_id_movie_info",
                    "Relation Name": "movie_info",
                    "Alias": "mi",
                    "Startup Cost": 0.43,
                    "Total Cost": 2.75,
                    "Plan Rows": 1,
                    "Plan Width": 4,
                    "Actual Startup Time": 0.012,
                    "Actual Total Time": 0.014,
                    "Actual Rows": 2,
                    "Actual Loops": 50158,
                    "Index Cond": "(movie_id = mc.movie_id)",
                    "Rows Removed by Index Recheck": 0,
                    "Filter": "(info_type_id > 106)",
                    "Rows Removed by Filter": 30
                  }
                ]
              }
            ]
          }
        ]
      }
    ]
  },
  "Planning Time": 1.213,
  "Triggers": [],
  "Execution Time": 730.824
}