[
  {
    "Plan": {
      "Node Type": "Aggregate",
      "Strategy": "Plain",
      "Partial Mode": "Finalize",
      "Parallel Aware": false,
      "Startup Cost": 47147.41,
      "Total Cost": 47147.42,
      "Plan Rows": 1,
      "Plan Width": 8,
      "Actual Startup Time": 174.3,
      "Actual Total Time": 184.086,
      "Actual Rows": 1,
      "Actual Loops": 1,
      "Plans": [
        {
          "Node Type": "Gather",
          "Parent Relationship": "Outer",
          "Parallel Aware": false,
          "Startup Cost": 47147.09,
          "Total Cost": 47147.4,
          "Plan Rows": 3,
          "Plan Width": 8,
          "Actual Startup Time": 174.203,
          "Actual Total Time": 184.078,
          "Actual Rows": 4,
          "Actual Loops": 1,
          "Workers Planned": 3,
          "Workers Launched": 3,
          "Single Copy": false,
          "Plans": [
            {
              "Node Type": "Aggregate",
              "Strategy": "Plain",
              "Partial Mode": "Partial",
              "Parent Relationship": "Outer",
              "Parallel Aware": false,
              "Startup Cost": 46147.09,
              "Total Cost": 46147.1,
              "Plan Rows": 1,
              "Plan Width": 8,
              "Actual Startup Time": 166.992,
              "Actual Total Time": 166.993,
              "Actual Rows": 1,
              "Actual Loops": 4,
              "Plans": [
                {
                  "Node Type": "Seq Scan",
                  "Parent Relationship": "Outer",
                  "Parallel Aware": true,
                  "Relation Name": "movie_keyword",
                  "Alias": "mk",
                  "Startup Cost": 0.0,
                  "Total Cost": 42695.65,
                  "Plan Rows": 1380576,
                  "Plan Width": 0,
                  "Actual Startup Time": 0.051,
                  "Actual Total Time": 121.139,
                  "Actual Rows": 1072582,
                  "Actual Loops": 4,
                  "Filter": "(keyword_id < 62811)",
                  "Rows Removed by Filter": 58400
                }
              ]
            }
          ]
        }
      ]
    },
    "Planning Time": 0.206,
    "Triggers": [],
    "Execution Time": 184.142
  }
]