[
  {
    "Plan": {
      "Node Type": "Aggregate",
      "Strategy": "Plain",
      "Partial Mode": "Finalize",
      "Parallel Aware": false,
      "Startup Cost": 46600.31,
      "Total Cost": 46600.32,
      "Plan Rows": 1,
      "Plan Width": 8,
      "Actual Startup Time": 221.315,
      "Actual Total Time": 234.664,
      "Actual Rows": 1,
      "Actual Loops": 1,
      "Plans": [
        {
          "Node Type": "Gather",
          "Parent Relationship": "Outer",
          "Parallel Aware": false,
          "Startup Cost": 46599.99,
          "Total Cost": 46600.3,
          "Plan Rows": 3,
          "Plan Width": 8,
          "Actual Startup Time": 221.069,
          "Actual Total Time": 234.652,
          "Actual Rows": 4,
          "Actual Loops": 1,
          "Workers Planned": 3,
          "Workers Launched": 3,
          "Single Copy": false,
          "Plans": [
            {
              "Node Type": "Aggregate",
              "Strategy": "Plain",
              "Partial Mode": "Partial",
              "Parent Relationship": "Outer",
              "Parallel Aware": false,
              "Startup Cost": 45599.99,
              "Total Cost": 45600.0,
              "Plan Rows": 1,
              "Plan Width": 8,
              "Actual Startup Time": 214.032,
              "Actual Total Time": 214.033,
              "Actual Rows": 1,
              "Actual Loops": 4,
              "Plans": [
                {
                  "Node Type": "Seq Scan",
                  "Parent Relationship": "Outer",
                  "Parallel Aware": true,
                  "Relation Name": "movie_keyword",
                  "Alias": "mk",
                  "Startup Cost": 0.0,
                  "Total Cost": 42695.65,
                  "Plan Rows": 1161736,
                  "Plan Width": 0,
                  "Actual Startup Time": 0.122,
                  "Actual Total Time": 160.148,
                  "Actual Rows": 897455,
                  "Actual Loops": 4,
                  "Filter": "(keyword_id > 872)",
                  "Rows Removed by Filter": 233528
                }
              ]
            }
          ]
        }
      ]
    },
    "Planning Time": 0.215,
    "Triggers": [],
    "Execution Time": 234.73
  }
]