{
  "Plan": {
    "Node Type": "Aggregate",
    "Strategy": "Plain",
    "Partial Mode": "Finalize",
    "Parallel Aware": false,
    "Startup Cost": 266046.32,
    "Total Cost": 266046.33,
    "Plan Rows": 1,
    "Plan Width": 8,
    "Actual Startup Time": 1717.118,
    "Actual Total Time": 1786.479,
    "Actual Rows": 1,
    "Actual Loops": 1,
    "Plans": [
      {
        "Node Type": "Gather",
        "Parent Relationship": "Outer",
        "Parallel Aware": false,
        "Startup Cost": 266046.21,
        "Total Cost": 266046.32,
        "Plan Rows": 1,
        "Plan Width": 8,
        "Actual Startup Time": 1716.194,
        "Actual Total Time": 1786.472,
        "Actual Rows": 2,
        "Actual Loops": 1,
        "Workers Planned": 1,
        "Workers Launched": 1,
        "Single Copy": false,
        "Plans": [
          {
            "Node Type": "Aggregate",
            "Strategy": "Plain",
            "Partial Mode": "Partial",
            "Parent Relationship": "Outer",
            "Parallel Aware": false,
            "Startup Cost": 265046.21,
            "Total Cost": 265046.22,
            "Plan Rows": 1,
            "Plan Width": 8,
            "Actual Startup Time": 1712.274,
            "Actual Total Time": 1712.278,
            "Actual Rows": 1,
            "Actual Loops": 2,
            "Plans": [
              {
                "Node Type": "Nested Loop",
                "Parent Relationship": "Outer",
                "Parallel Aware": false,
                "Join Type": "Inner",
                "Startup Cost": 31049.0,
                "Total Cost": 264907.26,
                "Plan Rows": 55579,
                "Plan Width": 0,
                "Actual Startup Time": 115.15,
                "Actual Total Time": 1700.075,
                "Actual Rows": 224898,
                "Actual Loops": 2,
                "Inner Unique": false,
                "Plans": [
                  {
                    "Node Type": "Hash Join",
                    "Parent Relationship": "Outer",
                    "Parallel Aware": true,
                    "Join Type": "Inner",
                    "Startup Cost": 31048.57,
                    "Total Cost": 91828.49,
                    "Plan Rows": 104451,
                    "Plan Width": 8,
                    "Actual Startup Time": 115.07,
                    "Actual Total Time": 549.416,
                    "Actual Rows": 138413,
                    "Actual Loops": 2,
                    "Inner Unique": false,
                    "Hash Cond": "(t.id = mc.movie_id)",
                    "Plans": [
                      {
                        "Node Type": "Seq Scan",
                        "Parent Relationship": "Outer",
                        "Parallel Aware": true,
                        "Relation Name": "title",
                        "Alias": "t",
                        "Startup Cost": 0.0,
                        "Total Cost": 50870.31,
                        "Plan Rows": 1487231,
                        "Plan Width": 4,
                        "Actual Startup Time": 0.01,
                        "Actual Total Time": 113.96,
                        "Actual Rows": 1264156,
                        "Actual Loops": 2
                      },
                      {
                        "Node Type": "Hash",
                        "Parent Relationship": "Inner",
                        "Parallel Aware": true,
                        "Startup Cost": 29742.93,
                        "Total Cost": 29742.93,
                        "Plan Rows": 104451,
                        "Plan Width": 4,
                        "Actual Startup Time": 112.874,
                        "Actual Total Time": 112.875,
                        "Actual Rows": 138413,
                        "Actual Loops": 2,
                        "Hash Buckets": 524288,
                        "Original Hash Buckets": 262144,
                        "Hash Batches": 1,
                        "Original Hash Batches": 1,
                        "Peak Memory Usage": 16992,
                        "Plans": [
                          {
                            "Node Type": "Bitmap Heap Scan",
                            "Parent Relationship": "Outer",
                            "Parallel Aware": true,
                            "Relation Name": "movie_companies",
                            "Alias": "mc",
                            "Startup Cost": 7770.17,
                            "Total Cost": 29742.93,
                            "Plan Rows": 104451,
                            "Plan Width": 4,
                            "Actual Startup Time": 24.282,
                            "Actual Total Time": 78.817,
                            "Actual Rows": 138413,
                            "Actual Loops": 2,
                            "Recheck Cond": "(company_id < 180)",
                            "Rows Removed by Index Recheck": 0,
                            "Filter": "(company_type_id < 2)",
                            "Rows Removed by Filter": 39765,
                            "Exact Heap Blocks": 11745,
                            "Lossy Heap Blocks": 0,
                            "Plans": [
                              {
                                "Node Type": "Bitmap Index Scan",
                                "Parent Relationship": "Outer",
                                "Parallel Aware": false,
                                "Index Name": "company_id_movie_companies",
                                "Startup Cost": 0.0,
                                "Total Cost": 7725.78,
                                "Plan Rows": 360713,
                                "Plan Width": 0,
                                "Actual Startup Time": 22.517,
                                "Actual Total Time": 22.517,
                                "Actual Rows": 356356,
                                "Actual Loops": 1,
                                "Index Cond": "(company_id < 180)"
                              }
                            ]
                          }
                        ]
                      }
                    ]
                  },
                  {
                    "Node Type": "Index Scan",
                    "Parent Relationship": "Inner",
                    "Parallel Aware": false,
                    "Scan Direction": "Forward",
                    "Index Name": "movie_id_movie_info",
                    "Relation Name": "movie_info",
                    "Alias": "mi",
                    "Startup Cost": 0.43,
                    "Total Cost": 1.62,
                    "Plan Rows": 4,
                    "Plan Width": 4,
                    "Actual Startup Time": 0.005,
                    "Actual Total Time": 0.008,
                    "Actual Rows": 2,
                    "Actual Loops": 276826,
                    "Index Cond": "(movie_id = t.id)",
                    "Rows Removed by Index Recheck": 0,
                    "Filter": "(info_type_id = 7)",
                    "Rows Removed by Filter": 17
                  }
                ]
              }
            ]
          }
        ]
      }
    ]
  },
  "Planning Time": 0.418,
  "Triggers": [],
  "Execution Time": 1786.578
}