{
    "Plan": {
        "Node Type": "Aggregate",
        "Strategy": "Plain",
        "Partial Mode": "Simple",
        "Parallel Aware": false,
        "Startup Cost": 100001539003.42,
        "Total Cost": 100001539003.43,
        "Plan Rows": 1,
        "Plan Width": 8,
        "Actual Startup Time": 5789.404,
        "Actual Total Time": 5789.624,
        "Actual Rows": 1,
        "Actual Loops": 1,
        "Output": [
            "count(*)"
        ],
        "Plans": [
            {
                "Node Type": "Merge Join",
                "Parent Relationship": "Outer",
                "Parallel Aware": false,
                "Join Type": "Inner",
                "Startup Cost": 100001539003.39,
                "Total Cost": 100001539003.42,
                "Plan Rows": 1,
                "Plan Width": 0,
                "Actual Startup Time": 5789.4,
                "Actual Total Time": 5789.619,
                "Actual Rows": 0,
                "Actual Loops": 1,
                "Inner Unique": false,
                "Merge Cond": "(ci.role_id = rt.id)",
                "Plans": [
                    {
                        "Node Type": "Sort",
                        "Parent Relationship": "Outer",
                        "Parallel Aware": false,
                        "Startup Cost": 90001539002.23,
                        "Total Cost": 90001539002.24,
                        "Plan Rows": 1,
                        "Plan Width": 4,
                        "Actual Startup Time": 5789.4,
                        "Actual Total Time": 5789.618,
                        "Actual Rows": 0,
                        "Actual Loops": 1,
                        "Output": [
                            "ci.role_id"
                        ],
                        "Sort Key": [
                            "ci.role_id"
                        ],
                        "Sort Method": "quicksort",
                        "Sort Space Used": 25,
                        "Sort Space Type": "Memory",
                        "Plans": [
                            {
                                "Node Type": "Nested Loop",
                                "Parent Relationship": "Outer",
                                "Parallel Aware": false,
                                "Join Type": "Inner",
                                "Startup Cost": 90001539002.16,
                                "Total Cost": 90001539002.22,
                                "Plan Rows": 1,
                                "Plan Width": 4,
                                "Actual Startup Time": 5789.388,
                                "Actual Total Time": 5789.606,
                                "Actual Rows": 0,
                                "Actual Loops": 1,
                                "Output": [
                                    "ci.role_id"
                                ],
                                "Inner Unique": true,
                                "Plans": [
                                    {
                                        "Node Type": "Merge Join",
                                        "Parent Relationship": "Outer",
                                        "Parallel Aware": false,
                                        "Join Type": "Inner",
                                        "Startup Cost": 90001539002.03,
                                        "Total Cost": 90001539002.05,
                                        "Plan Rows": 1,
                                        "Plan Width": 8,
                                        "Actual Startup Time": 5789.388,
                                        "Actual Total Time": 5789.605,
                                        "Actual Rows": 0,
                                        "Actual Loops": 1,
                                        "Output": [
                                            "ci.role_id",
                                            "cc.status_id"
                                        ],
                                        "Inner Unique": false,
                                        "Merge Cond": "(cct1.id = cc.subject_id)",
                                        "Plans": [
                                            {
                                                "Node Type": "Sort",
                                                "Parent Relationship": "Outer",
                                                "Parallel Aware": false,
                                                "Startup Cost": 10000000001.06,
                                                "Total Cost": 10000000001.06,
                                                "Plan Rows": 1,
                                                "Plan Width": 4,
                                                "Actual Startup Time": 0.043,
                                                "Actual Total Time": 0.044,
                                                "Actual Rows": 1,
                                                "Actual Loops": 1,
                                                "Output": [
                                                    "cct1.id"
                                                ],
                                                "Sort Key": [
                                                    "cct1.id"
                                                ],
                                                "Sort Method": "quicksort",
                                                "Sort Space Used": 25,
                                                "Sort Space Type": "Memory",
                                                "Plans": [
                                                    {
                                                        "Node Type": "Seq Scan",
                                                        "Parent Relationship": "Outer",
                                                        "Parallel Aware": false,
                                                        "Relation Name": "comp_cast_type",
                                                        "Schema": "public",
                                                        "Alias": "cct1",
                                                        "Startup Cost": 10000000000.0,
                                                        "Total Cost": 10000000001.05,
                                                        "Plan Rows": 1,
                                                        "Plan Width": 4,
                                                        "Actual Startup Time": 0.031,
                                                        "Actual Total Time": 0.032,
                                                        "Actual Rows": 1,
                                                        "Actual Loops": 1,
                                                        "Output": [
                                                            "cct1.id"
                                                        ],
                                                        "Filter": "((cct1.kind)::text = 'cast'::text)",
                                                        "Rows Removed by Filter": 3
                                                    }
                                                ]
                                            },
                                            {
                                                "Node Type": "Sort",
                                                "Parent Relationship": "Inner",
                                                "Parallel Aware": false,
                                                "Startup Cost": 80001539000.97,
                                                "Total Cost": 80001539000.97,
                                                "Plan Rows": 1,
                                                "Plan Width": 12,
                                                "Actual Startup Time": 5789.344,
                                                "Actual Total Time": 5789.559,
                                                "Actual Rows": 0,
                                                "Actual Loops": 1,
                                                "Output": [
                                                    "ci.role_id",
                                                    "cc.subject_id",
                                                    "cc.status_id"
                                                ],
                                                "Sort Key": [
                                                    "cc.subject_id"
                                                ],
                                                "Sort Method": "quicksort",
                                                "Sort Space Used": 25,
                                                "Sort Space Type": "Memory",
                                                "Plans": [
                                                    {
                                                        "Node Type": "Nested Loop",
                                                        "Parent Relationship": "Outer",
                                                        "Parallel Aware": false,
                                                        "Join Type": "Inner",
                                                        "Startup Cost": 80001538982.91,
                                                        "Total Cost": 80001539000.96,
                                                        "Plan Rows": 1,
                                                        "Plan Width": 12,
                                                        "Actual Startup Time": 5789.332,
                                                        "Actual Total Time": 5789.547,
                                                        "Actual Rows": 0,
                                                        "Actual Loops": 1,
                                                        "Output": [
                                                            "ci.role_id",
                                                            "cc.subject_id",
                                                            "cc.status_id"
                                                        ],
                                                        "Inner Unique": false,
                                                        "Join Filter": "(t.id = cc.movie_id)",
                                                        "Rows Removed by Join Filter": 0,
                                                        "Plans": [
                                                            {
                                                                "Node Type": "Merge Join",
                                                                "Parent Relationship": "Outer",
                                                                "Parallel Aware": false,
                                                                "Join Type": "Inner",
                                                                "Startup Cost": 70001538982.47,
                                                                "Total Cost": 70001538996.47,
                                                                "Plan Rows": 1,
                                                                "Plan Width": 24,
                                                                "Actual Startup Time": 5789.332,
                                                                "Actual Total Time": 5789.545,
                                                                "Actual Rows": 0,
                                                                "Actual Loops": 1,
                                                                "Output": [
                                                                    "ci.movie_id",
                                                                    "ci.role_id",
                                                                    "mc.movie_id",
                                                                    "mi.movie_id",
                                                                    "mk.movie_id",
                                                                    "t.id"
                                                                ],
                                                                "Inner Unique": false,
                                                                "Merge Cond": "(it3.id = pi.info_type_id)",
                                                                "Plans": [
                                                                    {
                                                                        "Node Type": "Index Scan",
                                                                        "Parent Relationship": "Outer",
                                                                        "Parallel Aware": false,
                                                                        "Scan Direction": "Forward",
                                                                        "Index Name": "info_type_pkey",
                                                                        "Relation Name": "info_type",
                                                                        "Schema": "public",
                                                                        "Alias": "it3",
                                                                        "Startup Cost": 0.14,
                                                                        "Total Cost": 14.12,
                                                                        "Plan Rows": 1,
                                                                        "Plan Width": 4,
                                                                        "Actual Startup Time": 0.015,
                                                                        "Actual Total Time": 0.016,
                                                                        "Actual Rows": 1,
                                                                        "Actual Loops": 1,
                                                                        "Output": [
                                                                            "it3.id",
                                                                            "it3.info"
                                                                        ],
                                                                        "Filter": "((it3.info)::text = 'height'::text)",
                                                                        "Rows Removed by Filter": 21
                                                                    },
                                                                    {
                                                                        "Node Type": "Sort",
                                                                        "Parent Relationship": "Inner",
                                                                        "Parallel Aware": false,
                                                                        "Startup Cost": 70001538982.33,
                                                                        "Total Cost": 70001538982.34,
                                                                        "Plan Rows": 1,
                                                                        "Plan Width": 28,
                                                                        "Actual Startup Time": 5789.316,
                                                                        "Actual Total Time": 5789.528,
                                                                        "Actual Rows": 0,
                                                                        "Actual Loops": 1,
                                                                        "Output": [
                                                                            "ci.movie_id",
                                                                            "ci.role_id",
                                                                            "mc.movie_id",
                                                                            "mi.movie_id",
                                                                            "mk.movie_id",
                                                                            "pi.info_type_id",
                                                                            "t.id"
                                                                        ],
                                                                        "Sort Key": [
                                                                            "pi.info_type_id"
                                                                        ],
                                                                        "Sort Method": "quicksort",
                                                                        "Sort Space Used": 25,
                                                                        "Sort Space Type": "Memory",
                                                                        "Plans": [
                                                                            {
                                                                                "Node Type": "Nested Loop",
                                                                                "Parent Relationship": "Outer",
                                                                                "Parallel Aware": false,
                                                                                "Join Type": "Inner",
                                                                                "Startup Cost": 70001538977.67,
                                                                                "Total Cost": 70001538982.32,
                                                                                "Plan Rows": 1,
                                                                                "Plan Width": 28,
                                                                                "Actual Startup Time": 5789.306,
                                                                                "Actual Total Time": 5789.518,
                                                                                "Actual Rows": 0,
                                                                                "Actual Loops": 1,
                                                                                "Output": [
                                                                                    "ci.movie_id",
                                                                                    "ci.role_id",
                                                                                    "mc.movie_id",
                                                                                    "mi.movie_id",
                                                                                    "mk.movie_id",
                                                                                    "pi.info_type_id",
                                                                                    "t.id"
                                                                                ],
                                                                                "Inner Unique": false,
                                                                                "Join Filter": "(n.id = pi.person_id)",
                                                                                "Rows Removed by Join Filter": 0,
                                                                                "Plans": [
                                                                                    {
                                                                                        "Node Type": "Merge Join",
                                                                                        "Parent Relationship": "Outer",
                                                                                        "Parallel Aware": false,
                                                                                        "Join Type": "Inner",
                                                                                        "Startup Cost": 60001538976.98,
                                                                                        "Total Cost": 60001538977.01,
                                                                                        "Plan Rows": 1,
                                                                                        "Plan Width": 36,
                                                                                        "Actual Startup Time": 5789.306,
                                                                                        "Actual Total Time": 5789.516,
                                                                                        "Actual Rows": 0,
                                                                                        "Actual Loops": 1,
                                                                                        "Output": [
                                                                                            "an.person_id",
                                                                                            "ci.movie_id",
                                                                                            "ci.person_id",
                                                                                            "ci.role_id",
                                                                                            "mc.movie_id",
                                                                                            "mi.movie_id",
                                                                                            "mk.movie_id",
                                                                                            "n.id",
                                                                                            "t.id"
                                                                                        ],
                                                                                        "Inner Unique": false,
                                                                                        "Merge Cond": "(k.id = mk.keyword_id)",
                                                                                        "Plans": [
                                                                                            {
                                                                                                "Node Type": "Sort",
                                                                                                "Parent Relationship": "Outer",
                                                                                                "Parallel Aware": false,
                                                                                                "Startup Cost": 10000002626.14,
                                                                                                "Total Cost": 10000002626.14,
                                                                                                "Plan Rows": 1,
                                                                                                "Plan Width": 4,
                                                                                                "Actual Startup Time": 8.175,
                                                                                                "Actual Total Time": 8.176,
                                                                                                "Actual Rows": 1,
                                                                                                "Actual Loops": 1,
                                                                                                "Output": [
                                                                                                    "k.id"
                                                                                                ],
                                                                                                "Sort Key": [
                                                                                                    "k.id"
                                                                                                ],
                                                                                                "Sort Method": "quicksort",
                                                                                                "Sort Space Used": 25,
                                                                                                "Sort Space Type": "Memory",
                                                                                                "Plans": [
                                                                                                    {
                                                                                                        "Node Type": "Seq Scan",
                                                                                                        "Parent Relationship": "Outer",
                                                                                                        "Parallel Aware": false,
                                                                                                        "Relation Name": "keyword",
                                                                                                        "Schema": "public",
                                                                                                        "Alias": "k",
                                                                                                        "Startup Cost": 10000000000.0,
                                                                                                        "Total Cost": 10000002626.12,
                                                                                                        "Plan Rows": 1,
                                                                                                        "Plan Width": 4,
                                                                                                        "Actual Startup Time": 0.032,
                                                                                                        "Actual Total Time": 8.172,
                                                                                                        "Actual Rows": 1,
                                                                                                        "Actual Loops": 1,
                                                                                                        "Output": [
                                                                                                            "k.id"
                                                                                                        ],
                                                                                                        "Filter": "(k.keyword = 'computer-animation'::text)",
                                                                                                        "Rows Removed by Filter": 134169
                                                                                                    }
                                                                                                ]
                                                                                            },
                                                                                            {
                                                                                                "Node Type": "Sort",
                                                                                                "Parent Relationship": "Inner",
                                                                                                "Parallel Aware": false,
                                                                                                "Startup Cost": 50001536350.85,
                                                                                                "Total Cost": 50001536350.85,
                                                                                                "Plan Rows": 1,
                                                                                                "Plan Width": 40,
                                                                                                "Actual Startup Time": 5781.129,
                                                                                                "Actual Total Time": 5781.337,
                                                                                                "Actual Rows": 0,
                                                                                                "Actual Loops": 1,
                                                                                                "Output": [
                                                                                                    "an.person_id",
                                                                                                    "ci.movie_id",
                                                                                                    "ci.person_id",
                                                                                                    "ci.role_id",
                                                                                                    "mc.movie_id",
                                                                                                    "mi.movie_id",
                                                                                                    "mk.movie_id",
                                                                                                    "mk.keyword_id",
                                                                                                    "n.id",
                                                                                                    "t.id"
                                                                                                ],
                                                                                                "Sort Key": [
                                                                                                    "mk.keyword_id"
                                                                                                ],
                                                                                                "Sort Method": "quicksort",
                                                                                                "Sort Space Used": 25,
                                                                                                "Sort Space Type": "Memory",
                                                                                                "Plans": [
                                                                                                    {
                                                                                                        "Node Type": "Merge Join",
                                                                                                        "Parent Relationship": "Outer",
                                                                                                        "Parallel Aware": false,
                                                                                                        "Join Type": "Inner",
                                                                                                        "Startup Cost": 50001461737.42,
                                                                                                        "Total Cost": 50001536350.84,
                                                                                                        "Plan Rows": 1,
                                                                                                        "Plan Width": 40,
                                                                                                        "Actual Startup Time": 5781.116,
                                                                                                        "Actual Total Time": 5781.324,
                                                                                                        "Actual Rows": 0,
                                                                                                        "Actual Loops": 1,
                                                                                                        "Output": [
                                                                                                            "an.person_id",
                                                                                                            "ci.movie_id",
                                                                                                            "ci.person_id",
                                                                                                            "ci.role_id",
                                                                                                            "mc.movie_id",
                                                                                                            "mi.movie_id",
                                                                                                            "mk.movie_id",
                                                                                                            "mk.keyword_id",
                                                                                                            "n.id",
                                                                                                            "t.id"
                                                                                                        ],
                                                                                                        "Inner Unique": false,
                                                                                                        "Merge Cond": "(n.id = an.person_id)",
                                                                                                        "Plans": [
                                                                                                            {
                                                                                                                "Node Type": "Nested Loop",
                                                                                                                "Parent Relationship": "Outer",
                                                                                                                "Parallel Aware": false,
                                                                                                                "Join Type": "Inner",
                                                                                                                "Startup Cost": 50001461737.0,
                                                                                                                "Total Cost": 50001462085.31,
                                                                                                                "Plan Rows": 1,
                                                                                                                "Plan Width": 36,
                                                                                                                "Actual Startup Time": 5781.115,
                                                                                                                "Actual Total Time": 5781.322,
                                                                                                                "Actual Rows": 0,
                                                                                                                "Actual Loops": 1,
                                                                                                                "Output": [
                                                                                                                    "ci.movie_id",
                                                                                                                    "ci.person_id",
                                                                                                                    "ci.role_id",
                                                                                                                    "mc.movie_id",
                                                                                                                    "mi.movie_id",
                                                                                                                    "mk.movie_id",
                                                                                                                    "mk.keyword_id",
                                                                                                                    "n.id",
                                                                                                                    "t.id"
                                                                                                                ],
                                                                                                                "Inner Unique": true,
                                                                                                                "Plans": [
                                                                                                                    {
                                                                                                                        "Node Type": "Merge Join",
                                                                                                                        "Parent Relationship": "Outer",
                                                                                                                        "Parallel Aware": false,
                                                                                                                        "Join Type": "Inner",
                                                                                                                        "Startup Cost": 40001461736.51,
                                                                                                                        "Total Cost": 40001462076.78,
                                                                                                                        "Plan Rows": 1,
                                                                                                                        "Plan Width": 40,
                                                                                                                        "Actual Startup Time": 5766.282,
                                                                                                                        "Actual Total Time": 5775.782,
                                                                                                                        "Actual Rows": 1220,
                                                                                                                        "Actual Loops": 1,
                                                                                                                        "Output": [
                                                                                                                            "ci.movie_id",
                                                                                                                            "ci.person_id",
                                                                                                                            "ci.role_id",
                                                                                                                            "ci.person_role_id",
                                                                                                                            "mc.movie_id",
                                                                                                                            "mi.movie_id",
                                                                                                                            "mk.movie_id",
                                                                                                                            "mk.keyword_id",
                                                                                                                            "n.id",
                                                                                                                            "t.id"
                                                                                                                        ],
                                                                                                                        "Inner Unique": false,
                                                                                                                        "Merge Cond": "(ci.person_id = n.id)",
                                                                                                                        "Plans": [
                                                                                                                            {
                                                                                                                                "Node Type": "Sort",
                                                                                                                                "Parent Relationship": "Outer",
                                                                                                                                "Parallel Aware": false,
                                                                                                                                "Startup Cost": 30001337972.66,
                                                                                                                                "Total Cost": 30001337972.67,
                                                                                                                                "Plan Rows": 1,
                                                                                                                                "Plan Width": 36,
                                                                                                                                "Actual Startup Time": 5264.328,
                                                                                                                                "Actual Total Time": 5266.596,
                                                                                                                                "Actual Rows": 15113,
                                                                                                                                "Actual Loops": 1,
                                                                                                                                "Output": [
                                                                                                                                    "ci.movie_id",
                                                                                                                                    "ci.person_id",
                                                                                                                                    "ci.role_id",
                                                                                                                                    "ci.person_role_id",
                                                                                                                                    "mc.movie_id",
                                                                                                                                    "mi.movie_id",
                                                                                                                                    "mk.movie_id",
                                                                                                                                    "mk.keyword_id",
                                                                                                                                    "t.id"
                                                                                                                                ],
                                                                                                                                "Sort Key": [
                                                                                                                                    "ci.person_id"
                                                                                                                                ],
                                                                                                                                "Sort Method": "quicksort",
                                                                                                                                "Sort Space Used": 2433,
                                                                                                                                "Sort Space Type": "Memory",
                                                                                                                                "Plans": [
                                                                                                                                    {
                                                                                                                                        "Node Type": "Merge Join",
                                                                                                                                        "Parent Relationship": "Outer",
                                                                                                                                        "Parallel Aware": false,
                                                                                                                                        "Join Type": "Inner",
                                                                                                                                        "Startup Cost": 30001311239.63,
                                                                                                                                        "Total Cost": 30001337972.65,
                                                                                                                                        "Plan Rows": 1,
                                                                                                                                        "Plan Width": 36,
                                                                                                                                        "Actual Startup Time": 5245.355,
                                                                                                                                        "Actual Total Time": 5261.087,
                                                                                                                                        "Actual Rows": 21304,
                                                                                                                                        "Actual Loops": 1,
                                                                                                                                        "Output": [
                                                                                                                                            "ci.movie_id",
                                                                                                                                            "ci.person_id",
                                                                                                                                            "ci.role_id",
                                                                                                                                            "ci.person_role_id",
                                                                                                                                            "mc.movie_id",
                                                                                                                                            "mi.movie_id",
                                                                                                                                            "mk.movie_id",
                                                                                                                                            "mk.keyword_id",
                                                                                                                                            "t.id"
                                                                                                                                        ],
                                                                                                                                        "Inner Unique": false,
                                                                                                                                        "Merge Cond": "(t.id = ci.movie_id)",
                                                                                                                                        "Plans": [
                                                                                                                                            {
                                                                                                                                                "Node Type": "Nested Loop",
                                                                                                                                                "Parent Relationship": "Outer",
                                                                                                                                                "Parallel Aware": false,
                                                                                                                                                "Join Type": "Inner",
                                                                                                                                                "Startup Cost": 30000816039.3,
                                                                                                                                                "Total Cost": 30000838772.43,
                                                                                                                                                "Plan Rows": 1,
                                                                                                                                                "Plan Width": 20,
                                                                                                                                                "Actual Startup Time": 4153.744,
                                                                                                                                                "Actual Total Time": 4165.718,
                                                                                                                                                "Actual Rows": 568,
                                                                                                                                                "Actual Loops": 1,
                                                                                                                                                "Output": [
                                                                                                                                                    "mc.movie_id",
                                                                                                                                                    "mi.movie_id",
                                                                                                                                                    "mk.movie_id",
                                                                                                                                                    "mk.keyword_id",
                                                                                                                                                    "t.id"
                                                                                                                                                ],
                                                                                                                                                "Inner Unique": true,
                                                                                                                                                "Plans": [
                                                                                                                                                    {
                                                                                                                                                        "Node Type": "Merge Join",
                                                                                                                                                        "Parent Relationship": "Outer",
                                                                                                                                                        "Parallel Aware": false,
                                                                                                                                                        "Join Type": "Inner",
                                                                                                                                                        "Startup Cost": 20000816038.87,
                                                                                                                                                        "Total Cost": 20000838767.98,
                                                                                                                                                        "Plan Rows": 1,
                                                                                                                                                        "Plan Width": 24,
                                                                                                                                                        "Actual Startup Time": 4153.66,
                                                                                                                                                        "Actual Total Time": 4154.586,
                                                                                                                                                        "Actual Rows": 2432,
                                                                                                                                                        "Actual Loops": 1,
                                                                                                                                                        "Output": [
                                                                                                                                                            "mi.movie_id",
                                                                                                                                                            "mc.movie_id",
                                                                                                                                                            "mc.company_id",
                                                                                                                                                            "mk.movie_id",
                                                                                                                                                            "mk.keyword_id",
                                                                                                                                                            "t.id"
                                                                                                                                                        ],
                                                                                                                                                        "Inner Unique": false,
                                                                                                                                                        "Merge Cond": "(mk.movie_id = t.id)",
                                                                                                                                                        "Plans": [
                                                                                                                                                            {
                                                                                                                                                                "Node Type": "Sort",
                                                                                                                                                                "Parent Relationship": "Outer",
                                                                                                                                                                "Parallel Aware": false,
                                                                                                                                                                "Startup Cost": 569794.43,
                                                                                                                                                                "Total Cost": 581104.25,
                                                                                                                                                                "Plan Rows": 4523930,
                                                                                                                                                                "Plan Width": 8,
                                                                                                                                                                "Actual Startup Time": 1031.675,
                                                                                                                                                                "Actual Total Time": 1152.68,
                                                                                                                                                                "Actual Rows": 3383649,
                                                                                                                                                                "Actual Loops": 1,
                                                                                                                                                                "Output": [
                                                                                                                                                                    "mk.movie_id",
                                                                                                                                                                    "mk.keyword_id"
                                                                                                                                                                ],
                                                                                                                                                                "Sort Key": [
                                                                                                                                                                    "mk.movie_id"
                                                                                                                                                                ],
                                                                                                                                                                "Sort Method": "quicksort",
                                                                                                                                                                "Sort Space Used": 408668,
                                                                                                                                                                "Sort Space Type": "Memory",
                                                                                                                                                                "Plans": [
                                                                                                                                                                    {
                                                                                                                                                                        "Node Type": "Seq Scan",
                                                                                                                                                                        "Parent Relationship": "Outer",
                                                                                                                                                                        "Parallel Aware": false,
                                                                                                                                                                        "Relation Name": "movie_keyword",
                                                                                                                                                                        "Schema": "public",
                                                                                                                                                                        "Alias": "mk",
                                                                                                                                                                        "Startup Cost": 0.0,
                                                                                                                                                                        "Total Cost": 69693.3,
                                                                                                                                                                        "Plan Rows": 4523930,
                                                                                                                                                                        "Plan Width": 8,
                                                                                                                                                                        "Actual Startup Time": 0.012,
                                                                                                                                                                        "Actual Total Time": 375.748,
                                                                                                                                                                        "Actual Rows": 4523930,
                                                                                                                                                                        "Actual Loops": 1,
                                                                                                                                                                        "Output": [
                                                                                                                                                                            "mk.movie_id",
                                                                                                                                                                            "mk.keyword_id"
                                                                                                                                                                        ]
                                                                                                                                                                    }
                                                                                                                                                                ]
                                                                                                                                                            },
                                                                                                                                                            {
                                                                                                                                                                "Node Type": "Materialize",
                                                                                                                                                                "Parent Relationship": "Inner",
                                                                                                                                                                "Parallel Aware": false,
                                                                                                                                                                "Startup Cost": 20000246244.45,
                                                                                                                                                                "Total Cost": 20000246353.88,
                                                                                                                                                                "Plan Rows": 1,
                                                                                                                                                                "Plan Width": 16,
                                                                                                                                                                "Actual Startup Time": 2841.029,
                                                                                                                                                                "Actual Total Time": 2841.388,
                                                                                                                                                                "Actual Rows": 2405,
                                                                                                                                                                "Actual Loops": 1,
                                                                                                                                                                "Output": [
                                                                                                                                                                    "mi.movie_id",
                                                                                                                                                                    "mc.movie_id",
                                                                                                                                                                    "mc.company_id",
                                                                                                                                                                    "t.id"
                                                                                                                                                                ],
                                                                                                                                                                "Plans": [
                                                                                                                                                                    {
                                                                                                                                                                        "Node Type": "Merge Join",
                                                                                                                                                                        "Parent Relationship": "Outer",
                                                                                                                                                                        "Parallel Aware": false,
                                                                                                                                                                        "Join Type": "Inner",
                                                                                                                                                                        "Startup Cost": 20000246244.45,
                                                                                                                                                                        "Total Cost": 20000246353.88,
                                                                                                                                                                        "Plan Rows": 1,
                                                                                                                                                                        "Plan Width": 16,
                                                                                                                                                                        "Actual Startup Time": 2841.019,
                                                                                                                                                                        "Actual Total Time": 2841.149,
                                                                                                                                                                        "Actual Rows": 24,
                                                                                                                                                                        "Actual Loops": 1,
                                                                                                                                                                        "Output": [
                                                                                                                                                                            "mi.movie_id",
                                                                                                                                                                            "mc.movie_id",
                                                                                                                                                                            "mc.company_id",
                                                                                                                                                                            "t.id"
                                                                                                                                                                        ],
                                                                                                                                                                        "Inner Unique": false,
                                                                                                                                                                        "Merge Cond": "(t.id = mi.movie_id)",
                                                                                                                                                                        "Plans": [
                                                                                                                                                                            {
                                                                                                                                                                                "Node Type": "Sort",
                                                                                                                                                                                "Parent Relationship": "Outer",
                                                                                                                                                                                "Parallel Aware": false,
                                                                                                                                                                                "Startup Cost": 48059.97,
                                                                                                                                                                                "Total Cost": 48059.98,
                                                                                                                                                                                "Plan Rows": 5,
                                                                                                                                                                                "Plan Width": 4,
                                                                                                                                                                                "Actual Startup Time": 104.15,
                                                                                                                                                                                "Actual Total Time": 104.256,
                                                                                                                                                                                "Actual Rows": 2,
                                                                                                                                                                                "Actual Loops": 1,
                                                                                                                                                                                "Output": [
                                                                                                                                                                                    "t.id"
                                                                                                                                                                                ],
                                                                                                                                                                                "Sort Key": [
                                                                                                                                                                                    "t.id"
                                                                                                                                                                                ],
                                                                                                                                                                                "Sort Method": "quicksort",
                                                                                                                                                                                "Sort Space Used": 25,
                                                                                                                                                                                "Sort Space Type": "Memory",
                                                                                                                                                                                "Plans": [
                                                                                                                                                                                    {
                                                                                                                                                                                        "Node Type": "Gather",
                                                                                                                                                                                        "Parent Relationship": "Outer",
                                                                                                                                                                                        "Parallel Aware": false,
                                                                                                                                                                                        "Startup Cost": 1000.0,
                                                                                                                                                                                        "Total Cost": 48059.91,
                                                                                                                                                                                        "Plan Rows": 5,
                                                                                                                                                                                        "Plan Width": 4,
                                                                                                                                                                                        "Actual Startup Time": 94.584,
                                                                                                                                                                                        "Actual Total Time": 104.24,
                                                                                                                                                                                        "Actual Rows": 2,
                                                                                                                                                                                        "Actual Loops": 1,
                                                                                                                                                                                        "Output": [
                                                                                                                                                                                            "t.id"
                                                                                                                                                                                        ],
                                                                                                                                                                                        "Workers Planned": 4,
                                                                                                                                                                                        "Workers Launched": 4,
                                                                                                                                                                                        "Single Copy": false,
                                                                                                                                                                                        "Plans": [
                                                                                                                                                                                            {
                                                                                                                                                                                                "Node Type": "Seq Scan",
                                                                                                                                                                                                "Parent Relationship": "Outer",
                                                                                                                                                                                                "Parallel Aware": true,
                                                                                                                                                                                                "Relation Name": "title",
                                                                                                                                                                                                "Schema": "public",
                                                                                                                                                                                                "Alias": "t",
                                                                                                                                                                                                "Startup Cost": 0.0,
                                                                                                                                                                                                "Total Cost": 47059.41,
                                                                                                                                                                                                "Plan Rows": 1,
                                                                                                                                                                                                "Plan Width": 4,
                                                                                                                                                                                                "Actual Startup Time": 89.514,
                                                                                                                                                                                                "Actual Total Time": 93.318,
                                                                                                                                                                                                "Actual Rows": 0,
                                                                                                                                                                                                "Actual Loops": 5,
                                                                                                                                                                                                "Output": [
                                                                                                                                                                                                    "t.id"
                                                                                                                                                                                                ],
                                                                                                                                                                                                "Filter": "((t.production_year >= 1997) AND (t.production_year <= 2007) AND (t.title = 'Shrek 2'::text))",
                                                                                                                                                                                                "Rows Removed by Filter": 505662,
                                                                                                                                                                                                "Workers": [
                                                                                                                                                                                                    {
                                                                                                                                                                                                        "Worker Number": 0,
                                                                                                                                                                                                        "Actual Startup Time": 81.165,
                                                                                                                                                                                                        "Actual Total Time": 90.789,
                                                                                                                                                                                                        "Actual Rows": 1,
                                                                                                                                                                                                        "Actual Loops": 1
                                                                                                                                                                                                    },
                                                                                                                                                                                                    {
                                                                                                                                                                                                        "Worker Number": 1,
                                                                                                                                                                                                        "Actual Startup Time": 90.798,
                                                                                                                                                                                                        "Actual Total Time": 90.799,
                                                                                                                                                                                                        "Actual Rows": 0,
                                                                                                                                                                                                        "Actual Loops": 1
                                                                                                                                                                                                    },
                                                                                                                                                                                                    {
                                                                                                                                                                                                        "Worker Number": 2,
                                                                                                                                                                                                        "Actual Startup Time": 90.781,
                                                                                                                                                                                                        "Actual Total Time": 90.782,
                                                                                                                                                                                                        "Actual Rows": 0,
                                                                                                                                                                                                        "Actual Loops": 1
                                                                                                                                                                                                    },
                                                                                                                                                                                                    {
                                                                                                                                                                                                        "Worker Number": 3,
                                                                                                                                                                                                        "Actual Startup Time": 90.787,
                                                                                                                                                                                                        "Actual Total Time": 90.788,
                                                                                                                                                                                                        "Actual Rows": 0,
                                                                                                                                                                                                        "Actual Loops": 1
                                                                                                                                                                                                    }
                                                                                                                                                                                                ]
                                                                                                                                                                                            }
                                                                                                                                                                                        ]
                                                                                                                                                                                    }
                                                                                                                                                                                ]
                                                                                                                                                                            },
                                                                                                                                                                            {
                                                                                                                                                                                "Node Type": "Sort",
                                                                                                                                                                                "Parent Relationship": "Inner",
                                                                                                                                                                                "Parallel Aware": false,
                                                                                                                                                                                "Startup Cost": 20000198184.48,
                                                                                                                                                                                "Total Cost": 20000198239.18,
                                                                                                                                                                                "Plan Rows": 21879,
                                                                                                                                                                                "Plan Width": 12,
                                                                                                                                                                                "Actual Startup Time": 2692.032,
                                                                                                                                                                                "Actual Total Time": 2710.53,
                                                                                                                                                                                "Actual Rows": 548371,
                                                                                                                                                                                "Actual Loops": 1,
                                                                                                                                                                                "Output": [
                                                                                                                                                                                    "mi.movie_id",
                                                                                                                                                                                    "mc.movie_id",
                                                                                                                                                                                    "mc.company_id"
                                                                                                                                                                                ],
                                                                                                                                                                                "Sort Key": [
                                                                                                                                                                                    "mi.movie_id"
                                                                                                                                                                                ],
                                                                                                                                                                                "Sort Method": "quicksort",
                                                                                                                                                                                "Sort Space Used": 58176,
                                                                                                                                                                                "Sort Space Type": "Memory",
                                                                                                                                                                                "Plans": [
                                                                                                                                                                                    {
                                                                                                                                                                                        "Node Type": "Nested Loop",
                                                                                                                                                                                        "Parent Relationship": "Outer",
                                                                                                                                                                                        "Parallel Aware": false,
                                                                                                                                                                                        "Join Type": "Inner",
                                                                                                                                                                                        "Startup Cost": 20000003775.67,
                                                                                                                                                                                        "Total Cost": 20000196607.3,
                                                                                                                                                                                        "Plan Rows": 21879,
                                                                                                                                                                                        "Plan Width": 12,
                                                                                                                                                                                        "Actual Startup Time": 101.847,
                                                                                                                                                                                        "Actual Total Time": 2532.784,
                                                                                                                                                                                        "Actual Rows": 716793,
                                                                                                                                                                                        "Actual Loops": 1,
                                                                                                                                                                                        "Output": [
                                                                                                                                                                                            "mi.movie_id",
                                                                                                                                                                                            "mc.movie_id",
                                                                                                                                                                                            "mc.company_id"
                                                                                                                                                                                        ],
                                                                                                                                                                                        "Inner Unique": false,
                                                                                                                                                                                        "Plans": [
                                                                                                                                                                                            {
                                                                                                                                                                                                "Node Type": "Nested Loop",
                                                                                                                                                                                                "Parent Relationship": "Outer",
                                                                                                                                                                                                "Parallel Aware": false,
                                                                                                                                                                                                "Join Type": "Inner",
                                                                                                                                                                                                "Startup Cost": 10000003775.12,
                                                                                                                                                                                                "Total Cost": 10000177675.06,
                                                                                                                                                                                                "Plan Rows": 4059,
                                                                                                                                                                                                "Plan Width": 4,
                                                                                                                                                                                                "Actual Startup Time": 101.818,
                                                                                                                                                                                                "Actual Total Time": 634.65,
                                                                                                                                                                                                "Actual Rows": 387620,
                                                                                                                                                                                                "Actual Loops": 1,
                                                                                                                                                                                                "Output": [
                                                                                                                                                                                                    "mi.movie_id"
                                                                                                                                                                                                ],
                                                                                                                                                                                                "Inner Unique": false,
                                                                                                                                                                                                "Plans": [
                                                                                                                                                                                                    {
                                                                                                                                                                                                        "Node Type": "Index Scan",
                                                                                                                                                                                                        "Parent Relationship": "Outer",
                                                                                                                                                                                                        "Parallel Aware": false,
                                                                                                                                                                                                        "Scan Direction": "Forward",
                                                                                                                                                                                                        "Index Name": "info_type_pkey",
                                                                                                                                                                                                        "Relation Name": "info_type",
                                                                                                                                                                                                        "Schema": "public",
                                                                                                                                                                                                        "Alias": "it",
                                                                                                                                                                                                        "Startup Cost": 0.14,
                                                                                                                                                                                                        "Total Cost": 14.12,
                                                                                                                                                                                                        "Plan Rows": 1,
                                                                                                                                                                                                        "Plan Width": 4,
                                                                                                                                                                                                        "Actual Startup Time": 0.023,
                                                                                                                                                                                                        "Actual Total Time": 0.038,
                                                                                                                                                                                                        "Actual Rows": 1,
                                                                                                                                                                                                        "Actual Loops": 1,
                                                                                                                                                                                                        "Output": [
                                                                                                                                                                                                            "it.id",
                                                                                                                                                                                                            "it.info"
                                                                                                                                                                                                        ],
                                                                                                                                                                                                        "Filter": "((it.info)::text = 'release dates'::text)",
                                                                                                                                                                                                        "Rows Removed by Filter": 112
                                                                                                                                                                                                    },
                                                                                                                                                                                                    {
                                                                                                                                                                                                        "Node Type": "Bitmap Heap Scan",
                                                                                                                                                                                                        "Parent Relationship": "Inner",
                                                                                                                                                                                                        "Parallel Aware": false,
                                                                                                                                                                                                        "Relation Name": "movie_info",
                                                                                                                                                                                                        "Schema": "public",
                                                                                                                                                                                                        "Alias": "mi",
                                                                                                                                                                                                        "Startup Cost": 3774.98,
                                                                                                                                                                                                        "Total Cost": 177595.41,
                                                                                                                                                                                                        "Plan Rows": 6553,
                                                                                                                                                                                                        "Plan Width": 8,
                                                                                                                                                                                                        "Actual Startup Time": 101.768,
                                                                                                                                                                                                        "Actual Total Time": 593.046,
                                                                                                                                                                                                        "Actual Rows": 387620,
                                                                                                                                                                                                        "Actual Loops": 1,
                                                                                                                                                                                                        "Output": [
                                                                                                                                                                                                            "mi.id",
                                                                                                                                                                                                            "mi.movie_id",
                                                                                                                                                                                                            "mi.info_type_id",
                                                                                                                                                                                                            "mi.info",
                                                                                                                                                                                                            "mi.note"
                                                                                                                                                                                                        ],
                                                                                                                                                                                                        "Recheck Cond": "(mi.info_type_id = it.id)",
                                                                                                                                                                                                        "Rows Removed by Index Recheck": 0,
                                                                                                                                                                                                        "Filter": "(mi.info ~~ 'USA:%200%'::text)",
                                                                                                                                                                                                        "Rows Removed by Filter": 2649099,
                                                                                                                                                                                                        "Exact Heap Blocks": 25448,
                                                                                                                                                                                                        "Lossy Heap Blocks": 0,
                                                                                                                                                                                                        "Plans": [
                                                                                                                                                                                                            {
                                                                                                                                                                                                                "Node Type": "Bitmap Index Scan",
                                                                                                                                                                                                                "Parent Relationship": "Outer",
                                                                                                                                                                                                                "Parallel Aware": false,
                                                                                                                                                                                                                "Index Name": "info_type_id_movie_info",
                                                                                                                                                                                                                "Startup Cost": 0.0,
                                                                                                                                                                                                                "Total Cost": 3773.34,
                                                                                                                                                                                                                "Plan Rows": 210787,
                                                                                                                                                                                                                "Plan Width": 0,
                                                                                                                                                                                                                "Actual Startup Time": 98.348,
                                                                                                                                                                                                                "Actual Total Time": 98.349,
                                                                                                                                                                                                                "Actual Rows": 3036719,
                                                                                                                                                                                                                "Actual Loops": 1,
                                                                                                                                                                                                                "Index Cond": "(mi.info_type_id = it.id)"
                                                                                                                                                                                                            }
                                                                                                                                                                                                        ]
                                                                                                                                                                                                    }
                                                                                                                                                                                                ]
                                                                                                                                                                                            },
                                                                                                                                                                                            {
                                                                                                                                                                                                "Node Type": "Bitmap Heap Scan",
                                                                                                                                                                                                "Parent Relationship": "Inner",
                                                                                                                                                                                                "Parallel Aware": false,
                                                                                                                                                                                                "Relation Name": "movie_companies",
                                                                                                                                                                                                "Schema": "public",
                                                                                                                                                                                                "Alias": "mc",
                                                                                                                                                                                                "Startup Cost": 0.55,
                                                                                                                                                                                                "Total Cost": 4.61,
                                                                                                                                                                                                "Plan Rows": 5,
                                                                                                                                                                                                "Plan Width": 8,
                                                                                                                                                                                                "Actual Startup Time": 0.003,
                                                                                                                                                                                                "Actual Total Time": 0.003,
                                                                                                                                                                                                "Actual Rows": 2,
                                                                                                                                                                                                "Actual Loops": 387620,
                                                                                                                                                                                                "Output": [
                                                                                                                                                                                                    "mc.id",
                                                                                                                                                                                                    "mc.movie_id",
                                                                                                                                                                                                    "mc.company_id",
                                                                                                                                                                                                    "mc.company_type_id",
                                                                                                                                                                                                    "mc.note"
                                                                                                                                                                                                ],
                                                                                                                                                                                                "Recheck Cond": "(mc.movie_id = mi.movie_id)",
                                                                                                                                                                                                "Rows Removed by Index Recheck": 0,
                                                                                                                                                                                                "Exact Heap Blocks": 313868,
                                                                                                                                                                                                "Lossy Heap Blocks": 0,
                                                                                                                                                                                                "Plans": [
                                                                                                                                                                                                    {
                                                                                                                                                                                                        "Node Type": "Bitmap Index Scan",
                                                                                                                                                                                                        "Parent Relationship": "Outer",
                                                                                                                                                                                                        "Parallel Aware": false,
                                                                                                                                                                                                        "Index Name": "movie_id_movie_companies",
                                                                                                                                                                                                        "Startup Cost": 0.0,
                                                                                                                                                                                                        "Total Cost": 0.55,
                                                                                                                                                                                                        "Plan Rows": 5,
                                                                                                                                                                                                        "Plan Width": 0,
                                                                                                                                                                                                        "Actual Startup Time": 0.002,
                                                                                                                                                                                                        "Actual Total Time": 0.002,
                                                                                                                                                                                                        "Actual Rows": 2,
                                                                                                                                                                                                        "Actual Loops": 387620,
                                                                                                                                                                                                        "Index Cond": "(mc.movie_id = mi.movie_id)"
                                                                                                                                                                                                    }
                                                                                                                                                                                                ]
                                                                                                                                                                                            }
                                                                                                                                                                                        ]
                                                                                                                                                                                    }
                                                                                                                                                                                ]
                                                                                                                                                                            }
                                                                                                                                                                        ]
                                                                                                                                                                    }
                                                                                                                                                                ]
                                                                                                                                                            }
                                                                                                                                                        ]
                                                                                                                                                    },
                                                                                                                                                    {
                                                                                                                                                        "Node Type": "Bitmap Heap Scan",
                                                                                                                                                        "Parent Relationship": "Inner",
                                                                                                                                                        "Parallel Aware": false,
                                                                                                                                                        "Relation Name": "company_name",
                                                                                                                                                        "Schema": "public",
                                                                                                                                                        "Alias": "cn",
                                                                                                                                                        "Startup Cost": 0.43,
                                                                                                                                                        "Total Cost": 4.44,
                                                                                                                                                        "Plan Rows": 1,
                                                                                                                                                        "Plan Width": 4,
                                                                                                                                                        "Actual Startup Time": 0.003,
                                                                                                                                                        "Actual Total Time": 0.003,
                                                                                                                                                        "Actual Rows": 0,
                                                                                                                                                        "Actual Loops": 2432,
                                                                                                                                                        "Output": [
                                                                                                                                                            "cn.id",
                                                                                                                                                            "cn.name",
                                                                                                                                                            "cn.country_code",
                                                                                                                                                            "cn.imdb_id",
                                                                                                                                                            "cn.name_pcode_nf",
                                                                                                                                                            "cn.name_pcode_sf",
                                                                                                                                                            "cn.md5sum"
                                                                                                                                                        ],
                                                                                                                                                        "Recheck Cond": "(cn.id = mc.company_id)",
                                                                                                                                                        "Rows Removed by Index Recheck": 0,
                                                                                                                                                        "Filter": "((cn.country_code)::text = '[us]'::text)",
                                                                                                                                                        "Rows Removed by Filter": 1,
                                                                                                                                                        "Exact Heap Blocks": 2432,
                                                                                                                                                        "Lossy Heap Blocks": 0,
                                                                                                                                                        "Plans": [
                                                                                                                                                            {
                                                                                                                                                                "Node Type": "Bitmap Index Scan",
                                                                                                                                                                "Parent Relationship": "Outer",
                                                                                                                                                                "Parallel Aware": false,
                                                                                                                                                                "Index Name": "company_name_pkey",
                                                                                                                                                                "Startup Cost": 0.0,
                                                                                                                                                                "Total Cost": 0.43,
                                                                                                                                                                "Plan Rows": 1,
                                                                                                                                                                "Plan Width": 0,
                                                                                                                                                                "Actual Startup Time": 0.002,
                                                                                                                                                                "Actual Total Time": 0.002,
                                                                                                                                                                "Actual Rows": 1,
                                                                                                                                                                "Actual Loops": 2432,
                                                                                                                                                                "Index Cond": "(cn.id = mc.company_id)"
                                                                                                                                                            }
                                                                                                                                                        ]
                                                                                                                                                    }
                                                                                                                                                ]
                                                                                                                                            },
                                                                                                                                            {
                                                                                                                                                "Node Type": "Sort",
                                                                                                                                                "Parent Relationship": "Inner",
                                                                                                                                                "Parallel Aware": false,
                                                                                                                                                "Startup Cost": 495200.32,
                                                                                                                                                "Total Cost": 497200.27,
                                                                                                                                                "Plan Rows": 799978,
                                                                                                                                                "Plan Width": 16,
                                                                                                                                                "Actual Startup Time": 981.213,
                                                                                                                                                "Actual Total Time": 1044.034,
                                                                                                                                                "Actual Rows": 799654,
                                                                                                                                                "Actual Loops": 1,
                                                                                                                                                "Output": [
                                                                                                                                                    "ci.movie_id",
                                                                                                                                                    "ci.person_id",
                                                                                                                                                    "ci.role_id",
                                                                                                                                                    "ci.person_role_id"
                                                                                                                                                ],
                                                                                                                                                "Sort Key": [
                                                                                                                                                    "ci.movie_id"
                                                                                                                                                ],
                                                                                                                                                "Sort Method": "quicksort",
                                                                                                                                                "Sort Space Used": 63797,
                                                                                                                                                "Sort Space Type": "Memory",
                                                                                                                                                "Plans": [
                                                                                                                                                    {
                                                                                                                                                        "Node Type": "Gather",
                                                                                                                                                        "Parent Relationship": "Outer",
                                                                                                                                                        "Parallel Aware": false,
                                                                                                                                                        "Startup Cost": 1000.0,
                                                                                                                                                        "Total Cost": 416764.08,
                                                                                                                                                        "Plan Rows": 799978,
                                                                                                                                                        "Plan Width": 16,
                                                                                                                                                        "Actual Startup Time": 0.417,
                                                                                                                                                        "Actual Total Time": 842.085,
                                                                                                                                                        "Actual Rows": 836701,
                                                                                                                                                        "Actual Loops": 1,
                                                                                                                                                        "Output": [
                                                                                                                                                            "ci.movie_id",
                                                                                                                                                            "ci.person_id",
                                                                                                                                                            "ci.role_id",
                                                                                                                                                            "ci.person_role_id"
                                                                                                                                                        ],
                                                                                                                                                        "Workers Planned": 6,
                                                                                                                                                        "Workers Launched": 6,
                                                                                                                                                        "Single Copy": false,
                                                                                                                                                        "Plans": [
                                                                                                                                                            {
                                                                                                                                                                "Node Type": "Seq Scan",
                                                                                                                                                                "Parent Relationship": "Outer",
                                                                                                                                                                "Parallel Aware": true,
                                                                                                                                                                "Relation Name": "cast_info",
                                                                                                                                                                "Schema": "public",
                                                                                                                                                                "Alias": "ci",
                                                                                                                                                                "Startup Cost": 0.0,
                                                                                                                                                                "Total Cost": 335766.28,
                                                                                                                                                                "Plan Rows": 133330,
                                                                                                                                                                "Plan Width": 16,
                                                                                                                                                                "Actual Startup Time": 0.151,
                                                                                                                                                                "Actual Total Time": 823.661,
                                                                                                                                                                "Actual Rows": 119529,
                                                                                                                                                                "Actual Loops": 7,
                                                                                                                                                                "Output": [
                                                                                                                                                                    "ci.movie_id",
                                                                                                                                                                    "ci.person_id",
                                                                                                                                                                    "ci.role_id",
                                                                                                                                                                    "ci.person_role_id"
                                                                                                                                                                ],
                                                                                                                                                                "Filter": "(ci.note = ANY ('{(voice),\"(voice) (uncredited)\",\"(voice: English version)\"}'::text[]))",
                                                                                                                                                                "Rows Removed by Filter": 5058235,
                                                                                                                                                                "Workers": [
                                                                                                                                                                    {
                                                                                                                                                                        "Worker Number": 0,
                                                                                                                                                                        "Actual Startup Time": 0.355,
                                                                                                                                                                        "Actual Total Time": 844.31,
                                                                                                                                                                        "Actual Rows": 120438,
                                                                                                                                                                        "Actual Loops": 1
                                                                                                                                                                    },
                                                                                                                                                                    {
                                                                                                                                                                        "Worker Number": 1,
                                                                                                                                                                        "Actual Startup Time": 0.167,
                                                                                                                                                                        "Actual Total Time": 830.504,
                                                                                                                                                                        "Actual Rows": 107363,
                                                                                                                                                                        "Actual Loops": 1
                                                                                                                                                                    },
                                                                                                                                                                    {
                                                                                                                                                                        "Worker Number": 2,
                                                                                                                                                                        "Actual Startup Time": 0.091,
                                                                                                                                                                        "Actual Total Time": 845.451,
                                                                                                                                                                        "Actual Rows": 120395,
                                                                                                                                                                        "Actual Loops": 1
                                                                                                                                                                    },
                                                                                                                                                                    {
                                                                                                                                                                        "Worker Number": 3,
                                                                                                                                                                        "Actual Startup Time": 0.09,
                                                                                                                                                                        "Actual Total Time": 845.703,
                                                                                                                                                                        "Actual Rows": 121516,
                                                                                                                                                                        "Actual Loops": 1
                                                                                                                                                                    },
                                                                                                                                                                    {
                                                                                                                                                                        "Worker Number": 4,
                                                                                                                                                                        "Actual Startup Time": 0.092,
                                                                                                                                                                        "Actual Total Time": 832.585,
                                                                                                                                                                        "Actual Rows": 109784,
                                                                                                                                                                        "Actual Loops": 1
                                                                                                                                                                    },
                                                                                                                                                                    {
                                                                                                                                                                        "Worker Number": 5,
                                                                                                                                                                        "Actual Startup Time": 0.251,
                                                                                                                                                                        "Actual Total Time": 846.666,
                                                                                                                                                                        "Actual Rows": 119542,
                                                                                                                                                                        "Actual Loops": 1
                                                                                                                                                                    }
                                                                                                                                                                ]
                                                                                                                                                            }
                                                                                                                                                        ]
                                                                                                                                                    }
                                                                                                                                                ]
                                                                                                                                            }
                                                                                                                                        ]
                                                                                                                                    }
                                                                                                                                ]
                                                                                                                            },
                                                                                                                            {
                                                                                                                                "Node Type": "Sort",
                                                                                                                                "Parent Relationship": "Inner",
                                                                                                                                "Parallel Aware": false,
                                                                                                                                "Startup Cost": 10000123763.81,
                                                                                                                                "Total Cost": 10000123938.93,
                                                                                                                                "Plan Rows": 70049,
                                                                                                                                "Plan Width": 4,
                                                                                                                                "Actual Startup Time": 501.92,
                                                                                                                                "Actual Total Time": 504.888,
                                                                                                                                "Actual Rows": 57207,
                                                                                                                                "Actual Loops": 1,
                                                                                                                                "Output": [
                                                                                                                                    "n.id"
                                                                                                                                ],
                                                                                                                                "Sort Key": [
                                                                                                                                    "n.id"
                                                                                                                                ],
                                                                                                                                "Sort Method": "quicksort",
                                                                                                                                "Sort Space Used": 4161,
                                                                                                                                "Sort Space Type": "Memory",
                                                                                                                                "Plans": [
                                                                                                                                    {
                                                                                                                                        "Node Type": "Seq Scan",
                                                                                                                                        "Parent Relationship": "Outer",
                                                                                                                                        "Parallel Aware": false,
                                                                                                                                        "Relation Name": "name",
                                                                                                                                        "Schema": "public",
                                                                                                                                        "Alias": "n",
                                                                                                                                        "Startup Cost": 10000000000.0,
                                                                                                                                        "Total Cost": 10000118126.24,
                                                                                                                                        "Plan Rows": 70049,
                                                                                                                                        "Plan Width": 4,
                                                                                                                                        "Actual Startup Time": 0.015,
                                                                                                                                        "Actual Total Time": 492.385,
                                                                                                                                        "Actual Rows": 55990,
                                                                                                                                        "Actual Loops": 1,
                                                                                                                                        "Output": [
                                                                                                                                            "n.id"
                                                                                                                                        ],
                                                                                                                                        "Filter": "((n.name ~~ '%An%'::text) AND ((n.gender)::text = 'm'::text))",
                                                                                                                                        "Rows Removed by Filter": 4111501
                                                                                                                                    }
                                                                                                                                ]
                                                                                                                            }
                                                                                                                        ]
                                                                                                                    },
                                                                                                                    {
                                                                                                                        "Node Type": "Bitmap Heap Scan",
                                                                                                                        "Parent Relationship": "Inner",
                                                                                                                        "Parallel Aware": false,
                                                                                                                        "Relation Name": "char_name",
                                                                                                                        "Schema": "public",
                                                                                                                        "Alias": "chn",
                                                                                                                        "Startup Cost": 0.49,
                                                                                                                        "Total Cost": 4.51,
                                                                                                                        "Plan Rows": 1,
                                                                                                                        "Plan Width": 4,
                                                                                                                        "Actual Startup Time": 0.003,
                                                                                                                        "Actual Total Time": 0.003,
                                                                                                                        "Actual Rows": 0,
                                                                                                                        "Actual Loops": 1220,
                                                                                                                        "Output": [
                                                                                                                            "chn.id",
                                                                                                                            "chn.name",
                                                                                                                            "chn.imdb_index",
                                                                                                                            "chn.imdb_id",
                                                                                                                            "chn.name_pcode_nf",
                                                                                                                            "chn.surname_pcode",
                                                                                                                            "chn.md5sum"
                                                                                                                        ],
                                                                                                                        "Recheck Cond": "(chn.id = ci.person_role_id)",
                                                                                                                        "Rows Removed by Index Recheck": 0,
                                                                                                                        "Filter": "(chn.name = 'Queen'::text)",
                                                                                                                        "Rows Removed by Filter": 1,
                                                                                                                        "Exact Heap Blocks": 1220,
                                                                                                                        "Lossy Heap Blocks": 0,
                                                                                                                        "Plans": [
                                                                                                                            {
                                                                                                                                "Node Type": "Bitmap Index Scan",
                                                                                                                                "Parent Relationship": "Outer",
                                                                                                                                "Parallel Aware": false,
                                                                                                                                "Index Name": "char_name_pkey",
                                                                                                                                "Startup Cost": 0.0,
                                                                                                                                "Total Cost": 0.49,
                                                                                                                                "Plan Rows": 1,
                                                                                                                                "Plan Width": 0,
                                                                                                                                "Actual Startup Time": 0.002,
                                                                                                                                "Actual Total Time": 0.002,
                                                                                                                                "Actual Rows": 1,
                                                                                                                                "Actual Loops": 1220,
                                                                                                                                "Index Cond": "(chn.id = ci.person_role_id)"
                                                                                                                            }
                                                                                                                        ]
                                                                                                                    }
                                                                                                                ]
                                                                                                            },
                                                                                                            {
                                                                                                                "Node Type": "Index Scan",
                                                                                                                "Parent Relationship": "Inner",
                                                                                                                "Parallel Aware": false,
                                                                                                                "Scan Direction": "Forward",
                                                                                                                "Index Name": "person_id_aka_name",
                                                                                                                "Relation Name": "aka_name",
                                                                                                                "Schema": "public",
                                                                                                                "Alias": "an",
                                                                                                                "Startup Cost": 0.42,
                                                                                                                "Total Cost": 72012.16,
                                                                                                                "Plan Rows": 901343,
                                                                                                                "Plan Width": 4,
                                                                                                                "Actual Startup Time": 0.0,
                                                                                                                "Actual Total Time": 0.0,
                                                                                                                "Actual Rows": 0,
                                                                                                                "Actual Loops": 0,
                                                                                                                "Output": [
                                                                                                                    "an.id",
                                                                                                                    "an.person_id",
                                                                                                                    "an.name",
                                                                                                                    "an.imdb_index",
                                                                                                                    "an.name_pcode_cf",
                                                                                                                    "an.name_pcode_nf",
                                                                                                                    "an.surname_pcode",
                                                                                                                    "an.md5sum"
                                                                                                                ]
                                                                                                            }
                                                                                                        ]
                                                                                                    }
                                                                                                ]
                                                                                            }
                                                                                        ]
                                                                                    },
                                                                                    {
                                                                                        "Node Type": "Bitmap Heap Scan",
                                                                                        "Parent Relationship": "Inner",
                                                                                        "Parallel Aware": false,
                                                                                        "Relation Name": "person_info",
                                                                                        "Schema": "public",
                                                                                        "Alias": "pi",
                                                                                        "Startup Cost": 0.69,
                                                                                        "Total Cost": 5.0,
                                                                                        "Plan Rows": 25,
                                                                                        "Plan Width": 8,
                                                                                        "Actual Startup Time": 0.0,
                                                                                        "Actual Total Time": 0.0,
                                                                                        "Actual Rows": 0,
                                                                                        "Actual Loops": 0,
                                                                                        "Output": [
                                                                                            "pi.id",
                                                                                            "pi.person_id",
                                                                                            "pi.info_type_id",
                                                                                            "pi.info",
                                                                                            "pi.note"
                                                                                        ],
                                                                                        "Recheck Cond": "(pi.person_id = an.person_id)",
                                                                                        "Rows Removed by Index Recheck": 0,
                                                                                        "Exact Heap Blocks": 0,
                                                                                        "Lossy Heap Blocks": 0,
                                                                                        "Plans": [
                                                                                            {
                                                                                                "Node Type": "Bitmap Index Scan",
                                                                                                "Parent Relationship": "Outer",
                                                                                                "Parallel Aware": false,
                                                                                                "Index Name": "person_id_person_info",
                                                                                                "Startup Cost": 0.0,
                                                                                                "Total Cost": 0.68,
                                                                                                "Plan Rows": 25,
                                                                                                "Plan Width": 0,
                                                                                                "Actual Startup Time": 0.0,
                                                                                                "Actual Total Time": 0.0,
                                                                                                "Actual Rows": 0,
                                                                                                "Actual Loops": 0,
                                                                                                "Index Cond": "(pi.person_id = an.person_id)"
                                                                                            }
                                                                                        ]
                                                                                    }
                                                                                ]
                                                                            }
                                                                        ]
                                                                    }
                                                                ]
                                                            },
                                                            {
                                                                "Node Type": "Bitmap Heap Scan",
                                                                "Parent Relationship": "Inner",
                                                                "Parallel Aware": false,
                                                                "Relation Name": "complete_cast",
                                                                "Schema": "public",
                                                                "Alias": "cc",
                                                                "Startup Cost": 0.44,
                                                                "Total Cost": 4.46,
                                                                "Plan Rows": 2,
                                                                "Plan Width": 12,
                                                                "Actual Startup Time": 0.0,
                                                                "Actual Total Time": 0.0,
                                                                "Actual Rows": 0,
                                                                "Actual Loops": 0,
                                                                "Output": [
                                                                    "cc.id",
                                                                    "cc.movie_id",
                                                                    "cc.subject_id",
                                                                    "cc.status_id"
                                                                ],
                                                                "Recheck Cond": "(cc.movie_id = mk.movie_id)",
                                                                "Rows Removed by Index Recheck": 0,
                                                                "Exact Heap Blocks": 0,
                                                                "Lossy Heap Blocks": 0,
                                                                "Plans": [
                                                                    {
                                                                        "Node Type": "Bitmap Index Scan",
                                                                        "Parent Relationship": "Outer",
                                                                        "Parallel Aware": false,
                                                                        "Index Name": "movie_id_complete_cast",
                                                                        "Startup Cost": 0.0,
                                                                        "Total Cost": 0.44,
                                                                        "Plan Rows": 2,
                                                                        "Plan Width": 0,
                                                                        "Actual Startup Time": 0.0,
                                                                        "Actual Total Time": 0.0,
                                                                        "Actual Rows": 0,
                                                                        "Actual Loops": 0,
                                                                        "Index Cond": "(cc.movie_id = mk.movie_id)"
                                                                    }
                                                                ]
                                                            }
                                                        ]
                                                    }
                                                ]
                                            }
                                        ]
                                    },
                                    {
                                        "Node Type": "Index Scan",
                                        "Parent Relationship": "Inner",
                                        "Parallel Aware": false,
                                        "Scan Direction": "Forward",
                                        "Index Name": "comp_cast_type_pkey",
                                        "Relation Name": "comp_cast_type",
                                        "Schema": "public",
                                        "Alias": "cct2",
                                        "Startup Cost": 0.13,
                                        "Total Cost": 0.15,
                                        "Plan Rows": 1,
                                        "Plan Width": 4,
                                        "Actual Startup Time": 0.0,
                                        "Actual Total Time": 0.0,
                                        "Actual Rows": 0,
                                        "Actual Loops": 0,
                                        "Output": [
                                            "cct2.id",
                                            "cct2.kind"
                                        ],
                                        "Index Cond": "(cct2.id = cc.status_id)",
                                        "Rows Removed by Index Recheck": 0,
                                        "Filter": "((cct2.kind)::text = 'complete+verified'::text)",
                                        "Rows Removed by Filter": 0
                                    }
                                ]
                            }
                        ]
                    },
                    {
                        "Node Type": "Sort",
                        "Parent Relationship": "Inner",
                        "Parallel Aware": false,
                        "Startup Cost": 10000000001.16,
                        "Total Cost": 10000000001.16,
                        "Plan Rows": 1,
                        "Plan Width": 4,
                        "Actual Startup Time": 0.0,
                        "Actual Total Time": 0.0,
                        "Actual Rows": 0,
                        "Actual Loops": 0,
                        "Output": [
                            "rt.id"
                        ],
                        "Sort Key": [
                            "rt.id"
                        ],
                        "Plans": [
                            {
                                "Node Type": "Seq Scan",
                                "Parent Relationship": "Outer",
                                "Parallel Aware": false,
                                "Relation Name": "role_type",
                                "Schema": "public",
                                "Alias": "rt",
                                "Startup Cost": 10000000000.0,
                                "Total Cost": 10000000001.15,
                                "Plan Rows": 1,
                                "Plan Width": 4,
                                "Actual Startup Time": 0.0,
                                "Actual Total Time": 0.0,
                                "Actual Rows": 0,
                                "Actual Loops": 0,
                                "Output": [
                                    "rt.id"
                                ],
                                "Filter": "((rt.role)::text = 'actress'::text)",
                                "Rows Removed by Filter": 0
                            }
                        ]
                    }
                ]
            }
        ]
    },
    "Planning Time": 1948.581,
    "Triggers": [],
    "Execution Time": 5789.897
}