[
  {
    "Plan": {
      "Node Type": "Aggregate",
      "Strategy": "Plain",
      "Partial Mode": "Finalize",
      "Parallel Aware": false,
      "Startup Cost": 37742.74,
      "Total Cost": 37742.75,
      "Plan Rows": 1,
      "Plan Width": 8,
      "Actual Startup Time": 38.488,
      "Actual Total Time": 46.15,
      "Actual Rows": 1,
      "Actual Loops": 1,
      "Plans": [
        {
          "Node Type": "Gather",
          "Parent Relationship": "Outer",
          "Parallel Aware": false,
          "Startup Cost": 37742.52,
          "Total Cost": 37742.73,
          "Plan Rows": 2,
          "Plan Width": 8,
          "Actual Startup Time": 38.163,
          "Actual Total Time": 46.142,
          "Actual Rows": 3,
          "Actual Loops": 1,
          "Workers Planned": 2,
          "Workers Launched": 2,
          "Single Copy": false,
          "Plans": [
            {
              "Node Type": "Aggregate",
              "Strategy": "Plain",
              "Partial Mode": "Partial",
              "Parent Relationship": "Outer",
              "Parallel Aware": false,
              "Startup Cost": 36742.52,
              "Total Cost": 36742.53,
              "Plan Rows": 1,
              "Plan Width": 8,
              "Actual Startup Time": 33.879,
              "Actual Total Time": 33.881,
              "Actual Rows": 1,
              "Actual Loops": 3,
              "Plans": [
                {
                  "Node Type": "Nested Loop",
                  "Parent Relationship": "Outer",
                  "Parallel Aware": false,
                  "Join Type": "Inner",
                  "Startup Cost": 156.96,
                  "Total Cost": 36742.23,
                  "Plan Rows": 116,
                  "Plan Width": 0,
                  "Actual Startup Time": 3.416,
                  "Actual Total Time": 33.863,
                  "Actual Rows": 37,
                  "Actual Loops": 3,
                  "Inner Unique": true,
                  "Plans": [
                    {
                      "Node Type": "Bitmap Heap Scan",
                      "Parent Relationship": "Outer",
                      "Parallel Aware": true,
                      "Relation Name": "movie_keyword",
                      "Alias": "mk",
                      "Startup Cost": 156.53,
                      "Total Cost": 15809.74,
                      "Plan Rows": 3016,
                      "Plan Width": 4,
                      "Actual Startup Time": 2.93,
                      "Actual Total Time": 12.556,
                      "Actual Rows": 2004,
                      "Actual Loops": 3,
                      "Recheck Cond": "(keyword_id = 1732)",
                      "Rows Removed by Index Recheck": 0,
                      "Exact Heap Blocks": 3211,
                      "Lossy Heap Blocks": 0,
                      "Plans": [
                        {
                          "Node Type": "Bitmap Index Scan",
                          "Parent Relationship": "Outer",
                          "Parallel Aware": false,
                          "Index Name": "keyword_id_movie_keyword",
                          "Startup Cost": 0.0,
                          "Total Cost": 154.72,
                          "Plan Rows": 7238,
                          "Plan Width": 0,
                          "Actual Startup Time": 4.661,
                          "Actual Total Time": 4.661,
                          "Actual Rows": 6011,
                          "Actual Loops": 1,
                          "Index Cond": "(keyword_id = 1732)"
                        }
                      ]
                    },
                    {
                      "Node Type": "Index Scan",
                      "Parent Relationship": "Inner",
                      "Parallel Aware": false,
                      "Scan Direction": "Forward",
                      "Index Name": "title_pkey",
                      "Relation Name": "title",
                      "Alias": "t",
                      "Startup Cost": 0.43,
                      "Total Cost": 6.94,
                      "Plan Rows": 1,
                      "Plan Width": 4,
                      "Actual Startup Time": 0.01,
                      "Actual Total Time": 0.01,
                      "Actual Rows": 0,
                      "Actual Loops": 6011,
                      "Index Cond": "(id = mk.movie_id)",
                      "Rows Removed by Index Recheck": 0,
                      "Filter": "((kind_id = 7) AND (production_year = 2012))",
                      "Rows Removed by Filter": 1
                    }
                  ]
                }
              ]
            }
          ]
        }
      ]
    },
    "Planning Time": 0.516,
    "Triggers": [],
    "Execution Time": 46.227
  }
]