[
  {
    "Plan": {
      "Node Type": "Aggregate",
      "Strategy": "Plain",
      "Partial Mode": "Finalize",
      "Parallel Aware": false,
      "Startup Cost": 27910.34,
      "Total Cost": 27910.35,
      "Plan Rows": 1,
      "Plan Width": 8,
      "Actual Startup Time": 43.988,
      "Actual Total Time": 51.481,
      "Actual Rows": 1,
      "Actual Loops": 1,
      "Plans": [
        {
          "Node Type": "Gather",
          "Parent Relationship": "Outer",
          "Parallel Aware": false,
          "Startup Cost": 27910.12,
          "Total Cost": 27910.33,
          "Plan Rows": 2,
          "Plan Width": 8,
          "Actual Startup Time": 43.827,
          "Actual Total Time": 51.475,
          "Actual Rows": 3,
          "Actual Loops": 1,
          "Workers Planned": 2,
          "Workers Launched": 2,
          "Single Copy": false,
          "Plans": [
            {
              "Node Type": "Aggregate",
              "Strategy": "Plain",
              "Partial Mode": "Partial",
              "Parent Relationship": "Outer",
              "Parallel Aware": false,
              "Startup Cost": 26910.12,
              "Total Cost": 26910.13,
              "Plan Rows": 1,
              "Plan Width": 8,
              "Actual Startup Time": 35.68,
              "Actual Total Time": 35.681,
              "Actual Rows": 1,
              "Actual Loops": 3,
              "Plans": [
                {
                  "Node Type": "Nested Loop",
                  "Parent Relationship": "Outer",
                  "Parallel Aware": false,
                  "Join Type": "Inner",
                  "Startup Cost": 106.26,
                  "Total Cost": 26909.93,
                  "Plan Rows": 78,
                  "Plan Width": 0,
                  "Actual Startup Time": 3.502,
                  "Actual Total Time": 35.66,
                  "Actual Rows": 37,
                  "Actual Loops": 3,
                  "Inner Unique": true,
                  "Plans": [
                    {
                      "Node Type": "Bitmap Heap Scan",
                      "Parent Relationship": "Outer",
                      "Parallel Aware": true,
                      "Relation Name": "movie_keyword",
                      "Alias": "mk",
                      "Startup Cost": 105.83,
                      "Total Cost": 12117.13,
                      "Plan Rows": 2011,
                      "Plan Width": 4,
                      "Actual Startup Time": 2.628,
                      "Actual Total Time": 12.44,
                      "Actual Rows": 2004,
                      "Actual Loops": 3,
                      "Recheck Cond": "(keyword_id = 1732)",
                      "Rows Removed by Index Recheck": 0,
                      "Exact Heap Blocks": 3814,
                      "Lossy Heap Blocks": 0,
                      "Plans": [
                        {
                          "Node Type": "Bitmap Index Scan",
                          "Parent Relationship": "Outer",
                          "Parallel Aware": false,
                          "Index Name": "keyword_id_movie_keyword",
                          "Startup Cost": 0.0,
                          "Total Cost": 104.63,
                          "Plan Rows": 4826,
                          "Plan Width": 0,
                          "Actual Startup Time": 5.017,
                          "Actual Total Time": 5.017,
                          "Actual Rows": 6011,
                          "Actual Loops": 1,
                          "Index Cond": "(keyword_id = 1732)"
                        }
                      ]
                    },
                    {
                      "Node Type": "Index Scan",
                      "Parent Relationship": "Inner",
                      "Parallel Aware": false,
                      "Scan Direction": "Forward",
                      "Index Name": "title_pkey",
                      "Relation Name": "title",
                      "Alias": "t",
                      "Startup Cost": 0.43,
                      "Total Cost": 7.36,
                      "Plan Rows": 1,
                      "Plan Width": 4,
                      "Actual Startup Time": 0.011,
                      "Actual Total Time": 0.011,
                      "Actual Rows": 0,
                      "Actual Loops": 6011,
                      "Index Cond": "(id = mk.movie_id)",
                      "Rows Removed by Index Recheck": 0,
                      "Filter": "((kind_id = 7) AND (production_year = 2012))",
                      "Rows Removed by Filter": 1
                    }
                  ]
                }
              ]
            }
          ]
        }
      ]
    },
    "Planning Time": 0.637,
    "Triggers": [],
    "Execution Time": 51.565
  }
]