[
  {
    "Plan": {
      "Node Type": "Aggregate",
      "Strategy": "Plain",
      "Partial Mode": "Finalize",
      "Parallel Aware": false,
      "Startup Cost": 339337.78,
      "Total Cost": 339337.79,
      "Plan Rows": 1,
      "Plan Width": 8,
      "Actual Startup Time": 846.915,
      "Actual Total Time": 890.779,
      "Actual Rows": 1,
      "Actual Loops": 1,
      "Plans": [
        {
          "Node Type": "Gather",
          "Parent Relationship": "Outer",
          "Parallel Aware": false,
          "Startup Cost": 339337.16,
          "Total Cost": 339337.77,
          "Plan Rows": 6,
          "Plan Width": 8,
          "Actual Startup Time": 846.701,
          "Actual Total Time": 890.76,
          "Actual Rows": 7,
          "Actual Loops": 1,
          "Workers Planned": 6,
          "Workers Launched": 6,
          "Single Copy": false,
          "Plans": [
            {
              "Node Type": "Aggregate",
              "Strategy": "Plain",
              "Partial Mode": "Partial",
              "Parent Relationship": "Outer",
              "Parallel Aware": false,
              "Startup Cost": 338337.16,
              "Total Cost": 338337.17,
              "Plan Rows": 1,
              "Plan Width": 8,
              "Actual Startup Time": 838.752,
              "Actual Total Time": 838.754,
              "Actual Rows": 1,
              "Actual Loops": 7,
              "Plans": [
                {
                  "Node Type": "Seq Scan",
                  "Parent Relationship": "Outer",
                  "Parallel Aware": true,
                  "Relation Name": "cast_info",
                  "Alias": "ci",
                  "Startup Cost": 0.0,
                  "Total Cost": 328211.39,
                  "Plan Rows": 4050306,
                  "Plan Width": 0,
                  "Actual Startup Time": 147.12,
                  "Actual Total Time": 660.093,
                  "Actual Rows": 3454784,
                  "Actual Loops": 7,
                  "Filter": "(person_id > 1188375)",
                  "Rows Removed by Filter": 1722979
                }
              ]
            }
          ]
        }
      ]
    },
    "Planning Time": 0.122,
    "Triggers": [],
    "Execution Time": 890.832
  }
]