[
  {
    "Plan": {
      "Node Type": "Aggregate",
      "Strategy": "Plain",
      "Partial Mode": "Finalize",
      "Parallel Aware": false,
      "Startup Cost": 32796.61,
      "Total Cost": 32796.62,
      "Plan Rows": 1,
      "Plan Width": 8,
      "Actual Startup Time": 82.651,
      "Actual Total Time": 90.14,
      "Actual Rows": 1,
      "Actual Loops": 1,
      "Plans": [
        {
          "Node Type": "Gather",
          "Parent Relationship": "Outer",
          "Parallel Aware": false,
          "Startup Cost": 32796.29,
          "Total Cost": 32796.6,
          "Plan Rows": 3,
          "Plan Width": 8,
          "Actual Startup Time": 82.547,
          "Actual Total Time": 90.133,
          "Actual Rows": 4,
          "Actual Loops": 1,
          "Workers Planned": 3,
          "Workers Launched": 3,
          "Single Copy": false,
          "Plans": [
            {
              "Node Type": "Aggregate",
              "Strategy": "Plain",
              "Partial Mode": "Partial",
              "Parent Relationship": "Outer",
              "Parallel Aware": false,
              "Startup Cost": 31796.29,
              "Total Cost": 31796.3,
              "Plan Rows": 1,
              "Plan Width": 8,
              "Actual Startup Time": 77.552,
              "Actual Total Time": 77.556,
              "Actual Rows": 1,
              "Actual Loops": 4,
              "Plans": [
                {
                  "Node Type": "Seq Scan",
                  "Parent Relationship": "Outer",
                  "Parallel Aware": true,
                  "Relation Name": "movie_companies",
                  "Alias": "mc",
                  "Startup Cost": 0.0,
                  "Total Cost": 31414.82,
                  "Plan Rows": 152590,
                  "Plan Width": 0,
                  "Actual Startup Time": 36.137,
                  "Actual Total Time": 69.58,
                  "Actual Rows": 196838,
                  "Actual Loops": 4,
                  "Filter": "((company_id > 20366) AND (company_type_id > 1))",
                  "Rows Removed by Filter": 455444
                }
              ]
            }
          ]
        }
      ]
    },
    "Planning Time": 0.098,
    "Triggers": [],
    "Execution Time": 90.177
  }
]