{
  "Plan": {
    "Node Type": "Aggregate",
    "Strategy": "Plain",
    "Partial Mode": "Finalize",
    "Parallel Aware": false,
    "Startup Cost": 75405.53,
    "Total Cost": 75405.54,
    "Plan Rows": 1,
    "Plan Width": 8,
    "Actual Startup Time": 258.694,
    "Actual Total Time": 268.792,
    "Actual Rows": 1,
    "Actual Loops": 1,
    "Plans": [
      {
        "Node Type": "Gather",
        "Parent Relationship": "Outer",
        "Parallel Aware": false,
        "Startup Cost": 75405.42,
        "Total Cost": 75405.53,
        "Plan Rows": 1,
        "Plan Width": 8,
        "Actual Startup Time": 258.138,
        "Actual Total Time": 268.779,
        "Actual Rows": 2,
        "Actual Loops": 1,
        "Workers Planned": 1,
        "Workers Launched": 1,
        "Single Copy": false,
        "Plans": [
          {
            "Node Type": "Aggregate",
            "Strategy": "Plain",
            "Partial Mode": "Partial",
            "Parent Relationship": "Outer",
            "Parallel Aware": false,
            "Startup Cost": 74405.42,
            "Total Cost": 74405.43,
            "Plan Rows": 1,
            "Plan Width": 8,
            "Actual Startup Time": 252.521,
            "Actual Total Time": 252.524,
            "Actual Rows": 1,
            "Actual Loops": 2,
            "Plans": [
              {
                "Node Type": "Hash Join",
                "Parent Relationship": "Outer",
                "Parallel Aware": true,
                "Join Type": "Inner",
                "Startup Cost": 55585.25,
                "Total Cost": 74369.57,
                "Plan Rows": 14340,
                "Plan Width": 0,
                "Actual Startup Time": 184.752,
                "Actual Total Time": 252.145,
                "Actual Rows": 8107,
                "Actual Loops": 2,
                "Inner Unique": true,
                "Hash Cond": "(mi_idx.movie_id = t.id)",
                "Plans": [
                  {
                    "Node Type": "Seq Scan",
                    "Parent Relationship": "Outer",
                    "Parallel Aware": true,
                    "Relation Name": "movie_info_idx",
                    "Alias": "mi_idx",
                    "Startup Cost": 0.0,
                    "Total Cost": 18082.32,
                    "Plan Rows": 267429,
                    "Plan Width": 4,
                    "Actual Startup Time": 0.018,
                    "Actual Total Time": 52.43,
                    "Actual Rows": 229962,
                    "Actual Loops": 2,
                    "Filter": "(info_type_id = 99)",
                    "Rows Removed by Filter": 460055
                  },
                  {
                    "Node Type": "Hash",
                    "Parent Relationship": "Inner",
                    "Parallel Aware": true,
                    "Startup Cost": 54588.39,
                    "Total Cost": 54588.39,
                    "Plan Rows": 79749,
                    "Plan Width": 4,
                    "Actual Startup Time": 160.908,
                    "Actual Total Time": 160.908,
                    "Actual Rows": 67959,
                    "Actual Loops": 2,
                    "Hash Buckets": 262144,
                    "Original Hash Buckets": 262144,
                    "Hash Batches": 1,
                    "Original Hash Batches": 1,
                    "Peak Memory Usage": 7424,
                    "Plans": [
                      {
                        "Node Type": "Seq Scan",
                        "Parent Relationship": "Outer",
                        "Parallel Aware": true,
                        "Relation Name": "title",
                        "Alias": "t",
                        "Startup Cost": 0.0,
                        "Total Cost": 54588.39,
                        "Plan Rows": 79749,
                        "Plan Width": 4,
                        "Actual Startup Time": 21.542,
                        "Actual Total Time": 141.447,
                        "Actual Rows": 67959,
                        "Actual Loops": 2,
                        "Filter": "(production_year < 1938)",
                        "Rows Removed by Filter": 1196197
                      }
                    ]
                  }
                ]
              }
            ]
          }
        ]
      }
    ]
  },
  "Planning Time": 0.456,
  "Triggers": [],
  "Execution Time": 268.864
}