[
  {
    "Plan": {
      "Node Type": "Aggregate",
      "Strategy": "Plain",
      "Partial Mode": "Finalize",
      "Parallel Aware": false,
      "Startup Cost": 159404.05,
      "Total Cost": 159404.06,
      "Plan Rows": 1,
      "Plan Width": 8,
      "Actual Startup Time": 296.578,
      "Actual Total Time": 318.198,
      "Actual Rows": 1,
      "Actual Loops": 1,
      "Plans": [
        {
          "Node Type": "Gather",
          "Parent Relationship": "Outer",
          "Parallel Aware": false,
          "Startup Cost": 159403.52,
          "Total Cost": 159404.03,
          "Plan Rows": 5,
          "Plan Width": 8,
          "Actual Startup Time": 296.44,
          "Actual Total Time": 318.188,
          "Actual Rows": 6,
          "Actual Loops": 1,
          "Workers Planned": 5,
          "Workers Launched": 5,
          "Single Copy": false,
          "Plans": [
            {
              "Node Type": "Aggregate",
              "Strategy": "Plain",
              "Partial Mode": "Partial",
              "Parent Relationship": "Outer",
              "Parallel Aware": false,
              "Startup Cost": 158403.52,
              "Total Cost": 158403.53,
              "Plan Rows": 1,
              "Plan Width": 8,
              "Actual Startup Time": 290.388,
              "Actual Total Time": 290.389,
              "Actual Rows": 1,
              "Actual Loops": 6,
              "Plans": [
                {
                  "Node Type": "Index Scan",
                  "Parent Relationship": "Outer",
                  "Parallel Aware": true,
                  "Scan Direction": "Forward",
                  "Index Name": "role_id_cast_info",
                  "Relation Name": "cast_info",
                  "Alias": "ci",
                  "Startup Cost": 0.56,
                  "Total Cost": 155872.35,
                  "Plan Rows": 1012471,
                  "Plan Width": 0,
                  "Actual Startup Time": 0.09,
                  "Actual Total Time": 241.102,
                  "Actual Rows": 915402,
                  "Actual Loops": 6,
                  "Index Cond": "(role_id > 8)",
                  "Rows Removed by Index Recheck": 0,
                  "Filter": "(person_id > 414372)",
                  "Rows Removed by Filter": 40047
                }
              ]
            }
          ]
        }
      ]
    },
    "Planning Time": 0.173,
    "Triggers": [],
    "Execution Time": 318.25
  }
]