[
  {
    "Plan": {
      "Node Type": "Aggregate",
      "Strategy": "Plain",
      "Partial Mode": "Finalize",
      "Parallel Aware": false,
      "Startup Cost": 24924.19,
      "Total Cost": 24924.2,
      "Plan Rows": 1,
      "Plan Width": 8,
      "Actual Startup Time": 96.351,
      "Actual Total Time": 101.476,
      "Actual Rows": 1,
      "Actual Loops": 1,
      "Plans": [
        {
          "Node Type": "Gather",
          "Parent Relationship": "Outer",
          "Parallel Aware": false,
          "Startup Cost": 24923.97,
          "Total Cost": 24924.18,
          "Plan Rows": 2,
          "Plan Width": 8,
          "Actual Startup Time": 96.161,
          "Actual Total Time": 101.467,
          "Actual Rows": 3,
          "Actual Loops": 1,
          "Workers Planned": 2,
          "Workers Launched": 2,
          "Single Copy": false,
          "Plans": [
            {
              "Node Type": "Aggregate",
              "Strategy": "Plain",
              "Partial Mode": "Partial",
              "Parent Relationship": "Outer",
              "Parallel Aware": false,
              "Startup Cost": 23923.97,
              "Total Cost": 23923.98,
              "Plan Rows": 1,
              "Plan Width": 8,
              "Actual Startup Time": 88.981,
              "Actual Total Time": 88.984,
              "Actual Rows": 1,
              "Actual Loops": 3,
              "Plans": [
                {
                  "Node Type": "Nested Loop",
                  "Parent Relationship": "Outer",
                  "Parallel Aware": false,
                  "Join Type": "Inner",
                  "Startup Cost": 88.85,
                  "Total Cost": 23923.2,
                  "Plan Rows": 309,
                  "Plan Width": 0,
                  "Actual Startup Time": 61.569,
                  "Actual Total Time": 88.965,
                  "Actual Rows": 29,
                  "Actual Loops": 3,
                  "Inner Unique": false,
                  "Plans": [
                    {
                      "Node Type": "Nested Loop",
                      "Parent Relationship": "Outer",
                      "Parallel Aware": false,
                      "Join Type": "Inner",
                      "Startup Cost": 88.42,
                      "Total Cost": 23456.33,
                      "Plan Rows": 845,
                      "Plan Width": 8,
                      "Actual Startup Time": 61.395,
                      "Actual Total Time": 88.244,
                      "Actual Rows": 25,
                      "Actual Loops": 3,
                      "Inner Unique": true,
                      "Plans": [
                        {
                          "Node Type": "Bitmap Heap Scan",
                          "Parent Relationship": "Outer",
                          "Parallel Aware": true,
                          "Relation Name": "movie_keyword",
                          "Alias": "mk",
                          "Startup Cost": 87.99,
                          "Total Cost": 10726.09,
                          "Plan Rows": 1697,
                          "Plan Width": 4,
                          "Actual Startup Time": 61.207,
                          "Actual Total Time": 69.573,
                          "Actual Rows": 1064,
                          "Actual Loops": 3,
                          "Recheck Cond": "(keyword_id = 3511)",
                          "Rows Removed by Index Recheck": 0,
                          "Exact Heap Blocks": 2283,
                          "Lossy Heap Blocks": 0,
                          "Plans": [
                            {
                              "Node Type": "Bitmap Index Scan",
                              "Parent Relationship": "Outer",
                              "Parallel Aware": false,
                              "Index Name": "keyword_id_movie_keyword",
                              "Startup Cost": 0.0,
                              "Total Cost": 86.97,
                              "Plan Rows": 4072,
                              "Plan Width": 0,
                              "Actual Startup Time": 66.018,
                              "Actual Total Time": 66.019,
                              "Actual Rows": 3193,
                              "Actual Loops": 1,
                              "Index Cond": "(keyword_id = 3511)"
                            }
                          ]
                        },
                        {
                          "Node Type": "Index Scan",
                          "Parent Relationship": "Inner",
                          "Parallel Aware": false,
                          "Scan Direction": "Forward",
                          "Index Name": "title_pkey",
                          "Relation Name": "title",
                          "Alias": "t",
                          "Startup Cost": 0.43,
                          "Total Cost": 7.5,
                          "Plan Rows": 1,
                          "Plan Width": 4,
                          "Actual Startup Time": 0.017,
                          "Actual Total Time": 0.017,
                          "Actual Rows": 0,
                          "Actual Loops": 3193,
                          "Index Cond": "(id = mk.movie_id)",
                          "Rows Removed by Index Recheck": 0,
                          "Filter": "((production_year < 2011) AND (kind_id = 7))",
                          "Rows Removed by Filter": 1
                        }
                      ]
                    },
                    {
                      "Node Type": "Index Scan",
                      "Parent Relationship": "Inner",
                      "Parallel Aware": false,
                      "Scan Direction": "Forward",
                      "Index Name": "movie_id_movie_info_idx",
                      "Relation Name": "movie_info_idx",
                      "Alias": "mi_idx",
                      "Startup Cost": 0.43,
                      "Total Cost": 0.53,
                      "Plan Rows": 2,
                      "Plan Width": 4,
                      "Actual Startup Time": 0.027,
                      "Actual Total Time": 0.027,
                      "Actual Rows": 1,
                      "Actual Loops": 74,
                      "Index Cond": "(movie_id = t.id)",
                      "Rows Removed by Index Recheck": 0,
                      "Filter": "(info_type_id > 99)",
                      "Rows Removed by Filter": 1
                    }
                  ]
                }
              ]
            }
          ]
        }
      ]
    },
    "Planning Time": 1.404,
    "Triggers": [],
    "Execution Time": 101.587
  }
]