[
  {
    "Plan": {
      "Node Type": "Aggregate",
      "Strategy": "Plain",
      "Partial Mode": "Finalize",
      "Parallel Aware": false,
      "Startup Cost": 92670.43,
      "Total Cost": 92670.44,
      "Plan Rows": 1,
      "Plan Width": 8,
      "Actual Startup Time": 383.418,
      "Actual Total Time": 401.991,
      "Actual Rows": 1,
      "Actual Loops": 1,
      "Plans": [
        {
          "Node Type": "Gather",
          "Parent Relationship": "Outer",
          "Parallel Aware": false,
          "Startup Cost": 92670.11,
          "Total Cost": 92670.42,
          "Plan Rows": 3,
          "Plan Width": 8,
          "Actual Startup Time": 378.04,
          "Actual Total Time": 401.98,
          "Actual Rows": 4,
          "Actual Loops": 1,
          "Workers Planned": 3,
          "Workers Launched": 3,
          "Single Copy": false,
          "Plans": [
            {
              "Node Type": "Aggregate",
              "Strategy": "Plain",
              "Partial Mode": "Partial",
              "Parent Relationship": "Outer",
              "Parallel Aware": false,
              "Startup Cost": 91670.11,
              "Total Cost": 91670.12,
              "Plan Rows": 1,
              "Plan Width": 8,
              "Actual Startup Time": 369.654,
              "Actual Total Time": 369.657,
              "Actual Rows": 1,
              "Actual Loops": 4,
              "Plans": [
                {
                  "Node Type": "Hash Join",
                  "Parent Relationship": "Outer",
                  "Parallel Aware": true,
                  "Join Type": "Inner",
                  "Startup Cost": 48005.75,
                  "Total Cost": 91443.95,
                  "Plan Rows": 90462,
                  "Plan Width": 0,
                  "Actual Startup Time": 197.833,
                  "Actual Total Time": 361.584,
                  "Actual Rows": 161859,
                  "Actual Loops": 4,
                  "Inner Unique": true,
                  "Hash Cond": "(mk.movie_id = t.id)",
                  "Plans": [
                    {
                      "Node Type": "Seq Scan",
                      "Parent Relationship": "Outer",
                      "Parallel Aware": true,
                      "Relation Name": "movie_keyword",
                      "Alias": "mk",
                      "Startup Cost": 0.0,
                      "Total Cost": 42695.65,
                      "Plan Rows": 282877,
                      "Plan Width": 4,
                      "Actual Startup Time": 0.035,
                      "Actual Total Time": 104.665,
                      "Actual Rows": 222134,
                      "Actual Loops": 4,
                      "Filter": "(keyword_id < 842)",
                      "Rows Removed by Filter": 908848
                    },
                    {
                      "Node Type": "Hash",
                      "Parent Relationship": "Inner",
                      "Parallel Aware": true,
                      "Startup Cost": 45479.1,
                      "Total Cost": 45479.1,
                      "Plan Rows": 202132,
                      "Plan Width": 4,
                      "Actual Startup Time": 192.599,
                      "Actual Total Time": 192.6,
                      "Actual Rows": 205410,
                      "Actual Loops": 4,
                      "Hash Buckets": 1048576,
                      "Original Hash Buckets": 1048576,
                      "Hash Batches": 1,
                      "Original Hash Batches": 1,
                      "Peak Memory Usage": 40416,
                      "Plans": [
                        {
                          "Node Type": "Seq Scan",
                          "Parent Relationship": "Outer",
                          "Parallel Aware": true,
                          "Relation Name": "title",
                          "Alias": "t",
                          "Startup Cost": 0.0,
                          "Total Cost": 45479.1,
                          "Plan Rows": 202132,
                          "Plan Width": 4,
                          "Actual Startup Time": 0.039,
                          "Actual Total Time": 115.415,
                          "Actual Rows": 205410,
                          "Actual Loops": 4,
                          "Filter": "((kind_id < 4) AND (production_year < 2013))",
                          "Rows Removed by Filter": 426668
                        }
                      ]
                    }
                  ]
                }
              ]
            }
          ]
        }
      ]
    },
    "Planning Time": 0.616,
    "Triggers": [],
    "Execution Time": 402.069
  }
]