[
  {
    "Plan": {
      "Node Type": "Aggregate",
      "Strategy": "Plain",
      "Partial Mode": "Finalize",
      "Parallel Aware": false,
      "Startup Cost": 327858.77,
      "Total Cost": 327858.78,
      "Plan Rows": 1,
      "Plan Width": 8,
      "Actual Startup Time": 305.968,
      "Actual Total Time": 326.851,
      "Actual Rows": 1,
      "Actual Loops": 1,
      "Plans": [
        {
          "Node Type": "Gather",
          "Parent Relationship": "Outer",
          "Parallel Aware": false,
          "Startup Cost": 327858.35,
          "Total Cost": 327858.76,
          "Plan Rows": 4,
          "Plan Width": 8,
          "Actual Startup Time": 303.701,
          "Actual Total Time": 326.839,
          "Actual Rows": 5,
          "Actual Loops": 1,
          "Workers Planned": 4,
          "Workers Launched": 4,
          "Single Copy": false,
          "Plans": [
            {
              "Node Type": "Aggregate",
              "Strategy": "Plain",
              "Partial Mode": "Partial",
              "Parent Relationship": "Outer",
              "Parallel Aware": false,
              "Startup Cost": 326858.35,
              "Total Cost": 326858.36,
              "Plan Rows": 1,
              "Plan Width": 8,
              "Actual Startup Time": 293.799,
              "Actual Total Time": 293.803,
              "Actual Rows": 1,
              "Actual Loops": 5,
              "Plans": [
                {
                  "Node Type": "Hash Join",
                  "Parent Relationship": "Outer",
                  "Parallel Aware": true,
                  "Join Type": "Inner",
                  "Startup Cost": 278789.52,
                  "Total Cost": 326683.78,
                  "Plan Rows": 69828,
                  "Plan Width": 0,
                  "Actual Startup Time": 139.14,
                  "Actual Total Time": 291.713,
                  "Actual Rows": 34548,
                  "Actual Loops": 5,
                  "Inner Unique": false,
                  "Hash Cond": "(t.id = ci.movie_id)",
                  "Plans": [
                    {
                      "Node Type": "Seq Scan",
                      "Parent Relationship": "Outer",
                      "Parallel Aware": true,
                      "Relation Name": "title",
                      "Alias": "t",
                      "Startup Cost": 0.0,
                      "Total Cost": 43899.32,
                      "Plan Rows": 387856,
                      "Plan Width": 4,
                      "Actual Startup Time": 0.024,
                      "Actual Total Time": 87.593,
                      "Actual Rows": 310345,
                      "Actual Loops": 5,
                      "Filter": "(production_year < 2007)",
                      "Rows Removed by Filter": 195317
                    },
                    {
                      "Node Type": "Hash",
                      "Parent Relationship": "Inner",
                      "Parallel Aware": true,
                      "Startup Cost": 277841.17,
                      "Total Cost": 277841.17,
                      "Plan Rows": 75868,
                      "Plan Width": 4,
                      "Actual Startup Time": 133.433,
                      "Actual Total Time": 133.435,
                      "Actual Rows": 57822,
                      "Actual Loops": 5,
                      "Hash Buckets": 524288,
                      "Original Hash Buckets": 524288,
                      "Hash Batches": 1,
                      "Original Hash Batches": 1,
                      "Peak Memory Usage": 15520,
                      "Plans": [
                        {
                          "Node Type": "Bitmap Heap Scan",
                          "Parent Relationship": "Outer",
                          "Parallel Aware": true,
                          "Relation Name": "cast_info",
                          "Alias": "ci",
                          "Startup Cost": 22581.22,
                          "Total Cost": 277841.17,
                          "Plan Rows": 75868,
                          "Plan Width": 4,
                          "Actual Startup Time": 80.414,
                          "Actual Total Time": 100.733,
                          "Actual Rows": 57822,
                          "Actual Loops": 5,
                          "Recheck Cond": "(person_id < 109249)",
                          "Rows Removed by Index Recheck": 0,
                          "Filter": "(role_id > 2)",
                          "Rows Removed by Filter": 156040,
                          "Exact Heap Blocks": 4564,
                          "Lossy Heap Blocks": 0,
                          "Plans": [
                            {
                              "Node Type": "Bitmap Index Scan",
                              "Parent Relationship": "Outer",
                              "Parallel Aware": false,
                              "Index Name": "person_id_cast_info",
                              "Startup Cost": 0.0,
                              "Total Cost": 22467.41,
                              "Plan Rows": 1029180,
                              "Plan Width": 0,
                              "Actual Startup Time": 40.066,
                              "Actual Total Time": 40.066,
                              "Actual Rows": 1069311,
                              "Actual Loops": 1,
                              "Index Cond": "(person_id < 109249)"
                            }
                          ]
                        }
                      ]
                    }
                  ]
                }
              ]
            }
          ]
        }
      ]
    },
    "Planning Time": 0.563,
    "Triggers": [],
    "Execution Time": 326.934
  }
]