{
  "Plan": {
    "Node Type": "Aggregate",
    "Strategy": "Plain",
    "Partial Mode": "Simple",
    "Parallel Aware": false,
    "Startup Cost": 70731.36,
    "Total Cost": 70731.37,
    "Plan Rows": 1,
    "Plan Width": 64,
    "Actual Startup Time": 154.305,
    "Actual Total Time": 166.17,
    "Actual Rows": 1,
    "Actual Loops": 1,
    "Plans": [
      {
        "Node Type": "Gather",
        "Parent Relationship": "Outer",
        "Parallel Aware": false,
        "Startup Cost": 1002.4,
        "Total Cost": 70731.36,
        "Plan Rows": 1,
        "Plan Width": 33,
        "Actual Startup Time": 118.214,
        "Actual Total Time": 166.155,
        "Actual Rows": 6,
        "Actual Loops": 1,
        "Workers Planned": 1,
        "Workers Launched": 1,
        "Single Copy": false,
        "Plans": [
          {
            "Node Type": "Nested Loop",
            "Parent Relationship": "Outer",
            "Parallel Aware": false,
            "Join Type": "Inner",
            "Startup Cost": 2.4,
            "Total Cost": 69731.26,
            "Plan Rows": 1,
            "Plan Width": 33,
            "Actual Startup Time": 111.753,
            "Actual Total Time": 146.812,
            "Actual Rows": 3,
            "Actual Loops": 2,
            "Inner Unique": false,
            "Join Filter": "(n.id = an.person_id)",
            "Rows Removed by Join Filter": 0,
            "Plans": [
              {
                "Node Type": "Nested Loop",
                "Parent Relationship": "Outer",
                "Parallel Aware": false,
                "Join Type": "Inner",
                "Startup Cost": 1.98,
                "Total Cost": 69730.09,
                "Plan Rows": 1,
                "Plan Width": 25,
                "Actual Startup Time": 111.71,
                "Actual Total Time": 146.762,
                "Actual Rows": 2,
                "Actual Loops": 2,
                "Inner Unique": true,
                "Plans": [
                  {
                    "Node Type": "Nested Loop",
                    "Parent Relationship": "Outer",
                    "Parallel Aware": false,
                    "Join Type": "Inner",
                    "Startup Cost": 1.56,
                    "Total Cost": 69724.09,
                    "Plan Rows": 1,
                    "Plan Width": 29,
                    "Actual Startup Time": 111.668,
                    "Actual Total Time": 146.713,
                    "Actual Rows": 2,
                    "Actual Loops": 2,
                    "Inner Unique": false,
                    "Plans": [
                      {
                        "Node Type": "Nested Loop",
                        "Parent Relationship": "Outer",
                        "Parallel Aware": false,
                        "Join Type": "Inner",
                        "Startup Cost": 1.13,
                        "Total Cost": 69722.19,
                        "Plan Rows": 1,
                        "Plan Width": 33,
                        "Actual Startup Time": 111.622,
                        "Actual Total Time": 146.642,
                        "Actual Rows": 4,
                        "Actual Loops": 2,
                        "Inner Unique": true,
                        "Plans": [
                          {
                            "Node Type": "Nested Loop",
                            "Parent Relationship": "Outer",
                            "Parallel Aware": false,
                            "Join Type": "Inner",
                            "Startup Cost": 0.99,
                            "Total Cost": 69722.01,
                            "Plan Rows": 1,
                            "Plan Width": 37,
                            "Actual Startup Time": 111.607,
                            "Actual Total Time": 146.62,
                            "Actual Rows": 4,
                            "Actual Loops": 2,
                            "Inner Unique": true,
                            "Plans": [
                              {
                                "Node Type": "Nested Loop",
                                "Parent Relationship": "Outer",
                                "Parallel Aware": false,
                                "Join Type": "Inner",
                                "Startup Cost": 0.56,
                                "Total Cost": 69718.6,
                                "Plan Rows": 1,
                                "Plan Width": 33,
                                "Actual Startup Time": 110.993,
                                "Actual Total Time": 145.535,
                                "Actual Rows": 113,
                                "Actual Loops": 2,
                                "Inner Unique": false,
                                "Plans": [
                                  {
                                    "Node Type": "Seq Scan",
                                    "Parent Relationship": "Outer",
                                    "Parallel Aware": true,
                                    "Relation Name": "title",
                                    "Alias": "t",
                                    "Startup Cost": 0.0,
                                    "Total Cost": 65745.16,
                                    "Plan Rows": 26,
                                    "Plan Width": 21,
                                    "Actual Startup Time": 110.914,
                                    "Actual Total Time": 144.413,
                                    "Actual Rows": 4,
                                    "Actual Loops": 2,
                                    "Filter": "((production_year >= 2006) AND (production_year <= 2007) AND ((title ~~ 'One Piece%'::text) OR (title ~~ 'Dragon Ball Z%'::text)))",
                                    "Rows Removed by Filter": 1264152
                                  },
                                  {
                                    "Node Type": "Index Scan",
                                    "Parent Relationship": "Inner",
                                    "Parallel Aware": false,
                                    "Scan Direction": "Forward",
                                    "Index Name": "movie_id_cast_info",
                                    "Relation Name": "cast_info",
                                    "Alias": "ci",
                                    "Startup Cost": 0.56,
                                    "Total Cost": 152.81,
                                    "Plan Rows": 1,
                                    "Plan Width": 12,
                                    "Actual Startup Time": 0.05,
                                    "Actual Total Time": 0.312,
                                    "Actual Rows": 32,
                                    "Actual Loops": 7,
                                    "Index Cond": "(movie_id = t.id)",
                                    "Rows Removed by Index Recheck": 0,
                                    "Filter": "(note = '(voice: English version)'::text)",
                                    "Rows Removed by Filter": 51
                                  }
                                ]
                              },
                              {
                                "Node Type": "Index Scan",
                                "Parent Relationship": "Inner",
                                "Parallel Aware": false,
                                "Scan Direction": "Forward",
                                "Index Name": "name_pkey",
                                "Relation Name": "name",
                                "Alias": "n",
                                "Startup Cost": 0.43,
                                "Total Cost": 3.41,
                                "Plan Rows": 1,
                                "Plan Width": 4,
                                "Actual Startup Time": 0.009,
                                "Actual Total Time": 0.009,
                                "Actual Rows": 0,
                                "Actual Loops": 226,
                                "Index Cond": "(id = ci.person_id)",
                                "Rows Removed by Index Recheck": 0,
                                "Filter": "((name ~~ '%Yo%'::text) AND (name !~~ '%Yu%'::text))",
                                "Rows Removed by Filter": 1
                              }
                            ]
                          },
                          {
                            "Node Type": "Index Scan",
                            "Parent Relationship": "Inner",
                            "Parallel Aware": false,
                            "Scan Direction": "Forward",
                            "Index Name": "role_type_pkey",
                            "Relation Name": "role_type",
                            "Alias": "rt",
                            "Startup Cost": 0.14,
                            "Total Cost": 0.16,
                            "Plan Rows": 1,
                            "Plan Width": 4,
                            "Actual Startup Time": 0.004,
                            "Actual Total Time": 0.004,
                            "Actual Rows": 1,
                            "Actual Loops": 7,
                            "Index Cond": "(id = ci.role_id)",
                            "Rows Removed by Index Recheck": 0,
                            "Filter": "((role)::text = 'actress'::text)",
                            "Rows Removed by Filter": 0
                          }
                        ]
                      },
                      {
                        "Node Type": "Index Scan",
                        "Parent Relationship": "Inner",
                        "Parallel Aware": false,
                        "Scan Direction": "Forward",
                        "Index Name": "movie_id_movie_companies",
                        "Relation Name": "movie_companies",
                        "Alias": "mc",
                        "Startup Cost": 0.43,
                        "Total Cost": 1.89,
                        "Plan Rows": 1,
                        "Plan Width": 8,
                        "Actual Startup Time": 0.016,
                        "Actual Total Time": 0.019,
                        "Actual Rows": 1,
                        "Actual Loops": 7,
                        "Index Cond": "(movie_id = ci.movie_id)",
                        "Rows Removed by Index Recheck": 0,
                        "Filter": "((note ~~ '%(Japan)%'::text) AND (note !~~ '%(USA)%'::text) AND ((note ~~ '%(2006)%'::text) OR (note ~~ '%(2007)%'::text)))",
                        "Rows Removed by Filter": 2
                      }
                    ]
                  },
                  {
                    "Node Type": "Index Scan",
                    "Parent Relationship": "Inner",
                    "Parallel Aware": false,
                    "Scan Direction": "Forward",
                    "Index Name": "company_name_pkey",
                    "Relation Name": "company_name",
                    "Alias": "cn",
                    "Startup Cost": 0.42,
                    "Total Cost": 6.0,
                    "Plan Rows": 1,
                    "Plan Width": 4,
                    "Actual Startup Time": 0.022,
                    "Actual Total Time": 0.022,
                    "Actual Rows": 1,
                    "Actual Loops": 4,
                    "Index Cond": "(id = mc.company_id)",
                    "Rows Removed by Index Recheck": 0,
                    "Filter": "((country_code)::text = '[jp]'::text)",
                    "Rows Removed by Filter": 0
                  }
                ]
              },
              {
                "Node Type": "Index Scan",
                "Parent Relationship": "Inner",
                "Parallel Aware": false,
                "Scan Direction": "Forward",
                "Index Name": "person_id_aka_name",
                "Relation Name": "aka_name",
                "Alias": "an",
                "Startup Cost": 0.42,
                "Total Cost": 1.14,
                "Plan Rows": 2,
                "Plan Width": 20,
                "Actual Startup Time": 0.021,
                "Actual Total Time": 0.022,
                "Actual Rows": 2,
                "Actual Loops": 4,
                "Index Cond": "(person_id = ci.person_id)",
                "Rows Removed by Index Recheck": 0
              }
            ]
          }
        ]
      }
    ]
  },
  "Planning Time": 2.809,
  "Triggers": [],
  "Execution Time": 166.308
}