[
    {
        "Bao": {
            "Bao prediction": "NaN",
            "Bao recommended hint": "(no hint)"
        }
    },
    {
        "Plan": {
            "Node Type": "Aggregate",
            "Strategy": "Plain",
            "Partial Mode": "Finalize",
            "Parallel Aware": false,
            "Startup Cost": 387239.02,
            "Total Cost": 387239.03,
            "Plan Rows": 1,
            "Plan Width": 8,
            "Actual Startup Time": 1171.47,
            "Actual Total Time": 1206.366,
            "Actual Rows": 1,
            "Actual Loops": 1,
            "Output": [
                "count(*)"
            ],
            "Plans": [
                {
                    "Node Type": "Gather",
                    "Parent Relationship": "Outer",
                    "Parallel Aware": false,
                    "Startup Cost": 387238.39,
                    "Total Cost": 387239.0,
                    "Plan Rows": 6,
                    "Plan Width": 8,
                    "Actual Startup Time": 1170.475,
                    "Actual Total Time": 1206.356,
                    "Actual Rows": 7,
                    "Actual Loops": 1,
                    "Output": [
                        "(PARTIAL count(*))"
                    ],
                    "Workers Planned": 6,
                    "Workers Launched": 6,
                    "Single Copy": false,
                    "Plans": [
                        {
                            "Node Type": "Aggregate",
                            "Strategy": "Plain",
                            "Partial Mode": "Partial",
                            "Parent Relationship": "Outer",
                            "Parallel Aware": false,
                            "Startup Cost": 386238.39,
                            "Total Cost": 386238.4,
                            "Plan Rows": 1,
                            "Plan Width": 8,
                            "Actual Startup Time": 1159.967,
                            "Actual Total Time": 1159.97,
                            "Actual Rows": 1,
                            "Actual Loops": 7,
                            "Output": [
                                "PARTIAL count(*)"
                            ],
                            "Workers": [
                                {
                                    "Worker Number": 0,
                                    "Actual Startup Time": 1157.945,
                                    "Actual Total Time": 1157.948,
                                    "Actual Rows": 1,
                                    "Actual Loops": 1
                                },
                                {
                                    "Worker Number": 1,
                                    "Actual Startup Time": 1157.799,
                                    "Actual Total Time": 1157.801,
                                    "Actual Rows": 1,
                                    "Actual Loops": 1
                                },
                                {
                                    "Worker Number": 2,
                                    "Actual Startup Time": 1158.301,
                                    "Actual Total Time": 1158.304,
                                    "Actual Rows": 1,
                                    "Actual Loops": 1
                                },
                                {
                                    "Worker Number": 3,
                                    "Actual Startup Time": 1158.301,
                                    "Actual Total Time": 1158.304,
                                    "Actual Rows": 1,
                                    "Actual Loops": 1
                                },
                                {
                                    "Worker Number": 4,
                                    "Actual Startup Time": 1158.756,
                                    "Actual Total Time": 1158.759,
                                    "Actual Rows": 1,
                                    "Actual Loops": 1
                                },
                                {
                                    "Worker Number": 5,
                                    "Actual Startup Time": 1159.097,
                                    "Actual Total Time": 1159.099,
                                    "Actual Rows": 1,
                                    "Actual Loops": 1
                                }
                            ],
                            "Plans": [
                                {
                                    "Node Type": "Hash Join",
                                    "Parent Relationship": "Outer",
                                    "Parallel Aware": true,
                                    "Join Type": "Inner",
                                    "Startup Cost": 46177.51,
                                    "Total Cost": 385318.61,
                                    "Plan Rows": 367914,
                                    "Plan Width": 0,
                                    "Actual Startup Time": 199.257,
                                    "Actual Total Time": 1153.938,
                                    "Actual Rows": 101146,
                                    "Actual Loops": 7,
                                    "Inner Unique": true,
                                    "Hash Cond": "(ci.movie_id = t.id)",
                                    "Workers": [
                                        {
                                            "Worker Number": 0,
                                            "Actual Startup Time": 197.427,
                                            "Actual Total Time": 1151.723,
                                            "Actual Rows": 76878,
                                            "Actual Loops": 1
                                        },
                                        {
                                            "Worker Number": 1,
                                            "Actual Startup Time": 197.137,
                                            "Actual Total Time": 1151.762,
                                            "Actual Rows": 73560,
                                            "Actual Loops": 1
                                        },
                                        {
                                            "Worker Number": 2,
                                            "Actual Startup Time": 197.989,
                                            "Actual Total Time": 1152.116,
                                            "Actual Rows": 76446,
                                            "Actual Loops": 1
                                        },
                                        {
                                            "Worker Number": 3,
                                            "Actual Startup Time": 197.424,
                                            "Actual Total Time": 1152.485,
                                            "Actual Rows": 117404,
                                            "Actual Loops": 1
                                        },
                                        {
                                            "Worker Number": 4,
                                            "Actual Startup Time": 198.143,
                                            "Actual Total Time": 1152.668,
                                            "Actual Rows": 113782,
                                            "Actual Loops": 1
                                        },
                                        {
                                            "Worker Number": 5,
                                            "Actual Startup Time": 198.233,
                                            "Actual Total Time": 1153.381,
                                            "Actual Rows": 115400,
                                            "Actual Loops": 1
                                        }
                                    ],
                                    "Plans": [
                                        {
                                            "Node Type": "Seq Scan",
                                            "Parent Relationship": "Outer",
                                            "Parallel Aware": true,
                                            "Relation Name": "cast_info",
                                            "Schema": "public",
                                            "Alias": "ci",
                                            "Startup Cost": 0.0,
                                            "Total Cost": 328213.62,
                                            "Plan Rows": 4162842,
                                            "Plan Width": 4,
                                            "Actual Startup Time": 111.705,
                                            "Actual Total Time": 607.858,
                                            "Actual Rows": 3561655,
                                            "Actual Loops": 7,
                                            "Output": [
                                                "ci.id",
                                                "ci.person_id",
                                                "ci.movie_id",
                                                "ci.person_role_id",
                                                "ci.note",
                                                "ci.nr_order",
                                                "ci.role_id"
                                            ],
                                            "Filter": "(ci.person_id > 1110984)",
                                            "Rows Removed by Filter": 1616109,
                                            "Workers": [
                                                {
                                                    "Worker Number": 0,
                                                    "Actual Startup Time": 111.644,
                                                    "Actual Total Time": 613.689,
                                                    "Actual Rows": 2689641,
                                                    "Actual Loops": 1
                                                },
                                                {
                                                    "Worker Number": 1,
                                                    "Actual Startup Time": 111.645,
                                                    "Actual Total Time": 612.975,
                                                    "Actual Rows": 2647200,
                                                    "Actual Loops": 1
                                                },
                                                {
                                                    "Worker Number": 2,
                                                    "Actual Startup Time": 111.646,
                                                    "Actual Total Time": 617.535,
                                                    "Actual Rows": 2649532,
                                                    "Actual Loops": 1
                                                },
                                                {
                                                    "Worker Number": 3,
                                                    "Actual Startup Time": 111.82,
                                                    "Actual Total Time": 610.915,
                                                    "Actual Rows": 4067492,
                                                    "Actual Loops": 1
                                                },
                                                {
                                                    "Worker Number": 4,
                                                    "Actual Startup Time": 111.678,
                                                    "Actual Total Time": 604.326,
                                                    "Actual Rows": 3954372,
                                                    "Actual Loops": 1
                                                },
                                                {
                                                    "Worker Number": 5,
                                                    "Actual Startup Time": 111.673,
                                                    "Actual Total Time": 616.246,
                                                    "Actual Rows": 4131649,
                                                    "Actual Loops": 1
                                                }
                                            ]
                                        },
                                        {
                                            "Node Type": "Hash",
                                            "Parent Relationship": "Inner",
                                            "Parallel Aware": true,
                                            "Startup Cost": 45479.21,
                                            "Total Cost": 45479.21,
                                            "Plan Rows": 55864,
                                            "Plan Width": 4,
                                            "Actual Startup Time": 85.041,
                                            "Actual Total Time": 85.041,
                                            "Actual Rows": 17255,
                                            "Actual Loops": 7,
                                            "Output": [
                                                "t.id"
                                            ],
                                            "Hash Buckets": 262144,
                                            "Original Hash Buckets": 262144,
                                            "Hash Batches": 1,
                                            "Original Hash Batches": 1,
                                            "Peak Memory Usage": 6880,
                                            "Workers": [
                                                {
                                                    "Worker Number": 0,
                                                    "Actual Startup Time": 84.047,
                                                    "Actual Total Time": 84.048,
                                                    "Actual Rows": 13418,
                                                    "Actual Loops": 1
                                                },
                                                {
                                                    "Worker Number": 1,
                                                    "Actual Startup Time": 84.03,
                                                    "Actual Total Time": 84.03,
                                                    "Actual Rows": 12714,
                                                    "Actual Loops": 1
                                                },
                                                {
                                                    "Worker Number": 2,
                                                    "Actual Startup Time": 84.516,
                                                    "Actual Total Time": 84.517,
                                                    "Actual Rows": 12597,
                                                    "Actual Loops": 1
                                                },
                                                {
                                                    "Worker Number": 3,
                                                    "Actual Startup Time": 84.521,
                                                    "Actual Total Time": 84.521,
                                                    "Actual Rows": 17020,
                                                    "Actual Loops": 1
                                                },
                                                {
                                                    "Worker Number": 4,
                                                    "Actual Startup Time": 85.054,
                                                    "Actual Total Time": 85.055,
                                                    "Actual Rows": 16924,
                                                    "Actual Loops": 1
                                                },
                                                {
                                                    "Worker Number": 5,
                                                    "Actual Startup Time": 85.386,
                                                    "Actual Total Time": 85.387,
                                                    "Actual Rows": 16706,
                                                    "Actual Loops": 1
                                                }
                                            ],
                                            "Plans": [
                                                {
                                                    "Node Type": "Seq Scan",
                                                    "Parent Relationship": "Outer",
                                                    "Parallel Aware": true,
                                                    "Relation Name": "title",
                                                    "Schema": "public",
                                                    "Alias": "t",
                                                    "Startup Cost": 0.0,
                                                    "Total Cost": 45479.21,
                                                    "Plan Rows": 55864,
                                                    "Plan Width": 4,
                                                    "Actual Startup Time": 0.043,
                                                    "Actual Total Time": 76.255,
                                                    "Actual Rows": 17255,
                                                    "Actual Loops": 7,
                                                    "Output": [
                                                        "t.id"
                                                    ],
                                                    "Filter": "((t.production_year < 1970) AND (t.kind_id = 7))",
                                                    "Rows Removed by Filter": 343932,
                                                    "Workers": [
                                                        {
                                                            "Worker Number": 0,
                                                            "Actual Startup Time": 0.05,
                                                            "Actual Total Time": 76.677,
                                                            "Actual Rows": 13418,
                                                            "Actual Loops": 1
                                                        },
                                                        {
                                                            "Worker Number": 1,
                                                            "Actual Startup Time": 0.057,
                                                            "Actual Total Time": 75.602,
                                                            "Actual Rows": 12714,
                                                            "Actual Loops": 1
                                                        },
                                                        {
                                                            "Worker Number": 2,
                                                            "Actual Startup Time": 0.03,
                                                            "Actual Total Time": 75.754,
                                                            "Actual Rows": 12597,
                                                            "Actual Loops": 1
                                                        },
                                                        {
                                                            "Worker Number": 3,
                                                            "Actual Startup Time": 0.05,
                                                            "Actual Total Time": 75.921,
                                                            "Actual Rows": 17020,
                                                            "Actual Loops": 1
                                                        },
                                                        {
                                                            "Worker Number": 4,
                                                            "Actual Startup Time": 0.051,
                                                            "Actual Total Time": 76.812,
                                                            "Actual Rows": 16924,
                                                            "Actual Loops": 1
                                                        },
                                                        {
                                                            "Worker Number": 5,
                                                            "Actual Startup Time": 0.038,
                                                            "Actual Total Time": 76.827,
                                                            "Actual Rows": 16706,
                                                            "Actual Loops": 1
                                                        }
                                                    ]
                                                }
                                            ]
                                        }
                                    ]
                                }
                            ]
                        }
                    ]
                }
            ]
        },
        "Planning Time": 246.263,
        "Triggers": [],
        "Execution Time": 1206.474
    }
]