[
  {
    "Plan": {
      "Node Type": "Aggregate",
      "Strategy": "Plain",
      "Partial Mode": "Finalize",
      "Parallel Aware": false,
      "Startup Cost": 334863.9,
      "Total Cost": 334863.91,
      "Plan Rows": 1,
      "Plan Width": 8,
      "Actual Startup Time": 662.962,
      "Actual Total Time": 722.843,
      "Actual Rows": 1,
      "Actual Loops": 1,
      "Plans": [
        {
          "Node Type": "Gather",
          "Parent Relationship": "Outer",
          "Parallel Aware": false,
          "Startup Cost": 334863.28,
          "Total Cost": 334863.89,
          "Plan Rows": 6,
          "Plan Width": 8,
          "Actual Startup Time": 662.836,
          "Actual Total Time": 722.832,
          "Actual Rows": 7,
          "Actual Loops": 1,
          "Workers Planned": 6,
          "Workers Launched": 6,
          "Single Copy": false,
          "Plans": [
            {
              "Node Type": "Aggregate",
              "Strategy": "Plain",
              "Partial Mode": "Partial",
              "Parent Relationship": "Outer",
              "Parallel Aware": false,
              "Startup Cost": 333863.28,
              "Total Cost": 333863.29,
              "Plan Rows": 1,
              "Plan Width": 8,
              "Actual Startup Time": 652.561,
              "Actual Total Time": 652.562,
              "Actual Rows": 1,
              "Actual Loops": 7,
              "Plans": [
                {
                  "Node Type": "Seq Scan",
                  "Parent Relationship": "Outer",
                  "Parallel Aware": true,
                  "Relation Name": "cast_info",
                  "Alias": "ci",
                  "Startup Cost": 0.0,
                  "Total Cost": 328162.03,
                  "Plan Rows": 2280501,
                  "Plan Width": 0,
                  "Actual Startup Time": 0.058,
                  "Actual Total Time": 567.056,
                  "Actual Rows": 1958138,
                  "Actual Loops": 7,
                  "Filter": "(person_id < 1349736)",
                  "Rows Removed by Filter": 3219625
                }
              ]
            }
          ]
        }
      ]
    },
    "Planning Time": 0.179,
    "Triggers": [],
    "Execution Time": 722.918
  }
]