[
  {
    "Plan": {
      "Node Type": "Aggregate",
      "Strategy": "Plain",
      "Partial Mode": "Finalize",
      "Parallel Aware": false,
      "Startup Cost": 39472.24,
      "Total Cost": 39472.25,
      "Plan Rows": 1,
      "Plan Width": 8,
      "Actual Startup Time": 125.536,
      "Actual Total Time": 134.577,
      "Actual Rows": 1,
      "Actual Loops": 1,
      "Plans": [
        {
          "Node Type": "Gather",
          "Parent Relationship": "Outer",
          "Parallel Aware": false,
          "Startup Cost": 39471.93,
          "Total Cost": 39472.24,
          "Plan Rows": 3,
          "Plan Width": 8,
          "Actual Startup Time": 124.961,
          "Actual Total Time": 134.568,
          "Actual Rows": 4,
          "Actual Loops": 1,
          "Workers Planned": 3,
          "Workers Launched": 3,
          "Single Copy": false,
          "Plans": [
            {
              "Node Type": "Aggregate",
              "Strategy": "Plain",
              "Partial Mode": "Partial",
              "Parent Relationship": "Outer",
              "Parallel Aware": false,
              "Startup Cost": 38471.93,
              "Total Cost": 38471.94,
              "Plan Rows": 1,
              "Plan Width": 8,
              "Actual Startup Time": 119.507,
              "Actual Total Time": 119.509,
              "Actual Rows": 1,
              "Actual Loops": 4,
              "Plans": [
                {
                  "Node Type": "Bitmap Heap Scan",
                  "Parent Relationship": "Outer",
                  "Parallel Aware": true,
                  "Relation Name": "movie_keyword",
                  "Alias": "mk",
                  "Startup Cost": 11414.41,
                  "Total Cost": 38038.01,
                  "Plan Rows": 173568,
                  "Plan Width": 0,
                  "Actual Startup Time": 34.39,
                  "Actual Total Time": 111.387,
                  "Actual Rows": 134854,
                  "Actual Loops": 4,
                  "Recheck Cond": "(keyword_id > 34066)",
                  "Rows Removed by Index Recheck": 0,
                  "Exact Heap Blocks": 11144,
                  "Lossy Heap Blocks": 0,
                  "Plans": [
                    {
                      "Node Type": "Bitmap Index Scan",
                      "Parent Relationship": "Outer",
                      "Parallel Aware": false,
                      "Index Name": "keyword_id_movie_keyword",
                      "Startup Cost": 0.0,
                      "Total Cost": 11279.89,
                      "Plan Rows": 538061,
                      "Plan Width": 0,
                      "Actual Startup Time": 36.067,
                      "Actual Total Time": 36.068,
                      "Actual Rows": 539417,
                      "Actual Loops": 1,
                      "Index Cond": "(keyword_id > 34066)"
                    }
                  ]
                }
              ]
            }
          ]
        }
      ]
    },
    "Planning Time": 0.096,
    "Triggers": [],
    "Execution Time": 134.616
  }
]