[
  {
    "Plan": {
      "Node Type": "Aggregate",
      "Strategy": "Plain",
      "Partial Mode": "Finalize",
      "Parallel Aware": false,
      "Startup Cost": 407189.03,
      "Total Cost": 407189.04,
      "Plan Rows": 1,
      "Plan Width": 8,
      "Actual Startup Time": 2097.25,
      "Actual Total Time": 2151.401,
      "Actual Rows": 1,
      "Actual Loops": 1,
      "Plans": [
        {
          "Node Type": "Gather",
          "Parent Relationship": "Outer",
          "Parallel Aware": false,
          "Startup Cost": 407188.4,
          "Total Cost": 407189.01,
          "Plan Rows": 6,
          "Plan Width": 8,
          "Actual Startup Time": 2089.625,
          "Actual Total Time": 2151.382,
          "Actual Rows": 7,
          "Actual Loops": 1,
          "Workers Planned": 6,
          "Workers Launched": 6,
          "Single Copy": false,
          "Plans": [
            {
              "Node Type": "Aggregate",
              "Strategy": "Plain",
              "Partial Mode": "Partial",
              "Parent Relationship": "Outer",
              "Parallel Aware": false,
              "Startup Cost": 406188.4,
              "Total Cost": 406188.41,
              "Plan Rows": 1,
              "Plan Width": 8,
              "Actual Startup Time": 2076.278,
              "Actual Total Time": 2076.282,
              "Actual Rows": 1,
              "Actual Loops": 7,
              "Plans": [
                {
                  "Node Type": "Hash Join",
                  "Parent Relationship": "Outer",
                  "Parallel Aware": true,
                  "Join Type": "Inner",
                  "Startup Cost": 49132.96,
                  "Total Cost": 401987.96,
                  "Plan Rows": 1680178,
                  "Plan Width": 0,
                  "Actual Startup Time": 320.563,
                  "Actual Total Time": 1993.131,
                  "Actual Rows": 1532391,
                  "Actual Loops": 7,
                  "Inner Unique": true,
                  "Hash Cond": "(ci.movie_id = t.id)",
                  "Plans": [
                    {
                      "Node Type": "Seq Scan",
                      "Parent Relationship": "Outer",
                      "Parallel Aware": true,
                      "Relation Name": "cast_info",
                      "Alias": "ci",
                      "Startup Cost": 0.0,
                      "Total Cost": 343316.27,
                      "Plan Rows": 3633796,
                      "Plan Width": 4,
                      "Actual Startup Time": 122.985,
                      "Actual Total Time": 798.548,
                      "Actual Rows": 2979469,
                      "Actual Loops": 7,
                      "Filter": "((person_id > 870309) AND (role_id < 8))",
                      "Rows Removed by Filter": 2198295
                    },
                    {
                      "Node Type": "Hash",
                      "Parent Relationship": "Inner",
                      "Parallel Aware": true,
                      "Startup Cost": 45479.59,
                      "Total Cost": 45479.59,
                      "Plan Rows": 292270,
                      "Plan Width": 4,
                      "Actual Startup Time": 192.404,
                      "Actual Total Time": 192.406,
                      "Actual Rows": 178991,
                      "Actual Loops": 7,
                      "Hash Buckets": 2097152,
                      "Original Hash Buckets": 2097152,
                      "Hash Batches": 1,
                      "Original Hash Batches": 1,
                      "Peak Memory Usage": 65504,
                      "Plans": [
                        {
                          "Node Type": "Seq Scan",
                          "Parent Relationship": "Outer",
                          "Parallel Aware": true,
                          "Relation Name": "title",
                          "Alias": "t",
                          "Startup Cost": 0.0,
                          "Total Cost": 45479.59,
                          "Plan Rows": 292270,
                          "Plan Width": 4,
                          "Actual Startup Time": 0.044,
                          "Actual Total Time": 93.785,
                          "Actual Rows": 178991,
                          "Actual Loops": 7,
                          "Filter": "((production_year > 1982) AND (kind_id = 7))",
                          "Rows Removed by Filter": 182197
                        }
                      ]
                    }
                  ]
                }
              ]
            }
          ]
        }
      ]
    },
    "Planning Time": 0.599,
    "Triggers": [],
    "Execution Time": 2151.486
  }
]