[
  {
    "Plan": {
      "Node Type": "Aggregate",
      "Strategy": "Plain",
      "Partial Mode": "Finalize",
      "Parallel Aware": false,
      "Startup Cost": 495041.78,
      "Total Cost": 495041.79,
      "Plan Rows": 1,
      "Plan Width": 8,
      "Actual Startup Time": 4420.685,
      "Actual Total Time": 4501.897,
      "Actual Rows": 1,
      "Actual Loops": 1,
      "Plans": [
        {
          "Node Type": "Gather",
          "Parent Relationship": "Outer",
          "Parallel Aware": false,
          "Startup Cost": 495041.25,
          "Total Cost": 495041.76,
          "Plan Rows": 5,
          "Plan Width": 8,
          "Actual Startup Time": 4351.558,
          "Actual Total Time": 4501.882,
          "Actual Rows": 6,
          "Actual Loops": 1,
          "Workers Planned": 5,
          "Workers Launched": 5,
          "Single Copy": false,
          "Plans": [
            {
              "Node Type": "Aggregate",
              "Strategy": "Plain",
              "Partial Mode": "Partial",
              "Parent Relationship": "Outer",
              "Parallel Aware": false,
              "Startup Cost": 494041.25,
              "Total Cost": 494041.26,
              "Plan Rows": 1,
              "Plan Width": 8,
              "Actual Startup Time": 4319.763,
              "Actual Total Time": 4321.343,
              "Actual Rows": 1,
              "Actual Loops": 6,
              "Plans": [
                {
                  "Node Type": "Hash Join",
                  "Parent Relationship": "Outer",
                  "Parallel Aware": true,
                  "Join Type": "Inner",
                  "Startup Cost": 263592.33,
                  "Total Cost": 479604.24,
                  "Plan Rows": 5774805,
                  "Plan Width": 0,
                  "Actual Startup Time": 1827.207,
                  "Actual Total Time": 3901.653,
                  "Actual Rows": 9927102,
                  "Actual Loops": 6,
                  "Inner Unique": false,
                  "Hash Cond": "(mi.movie_id = t.id)",
                  "Plans": [
                    {
                      "Node Type": "Seq Scan",
                      "Parent Relationship": "Outer",
                      "Parallel Aware": true,
                      "Relation Name": "movie_info",
                      "Alias": "mi",
                      "Startup Cost": 0.0,
                      "Total Cost": 198952.16,
                      "Plan Rows": 1982687,
                      "Plan Width": 4,
                      "Actual Startup Time": 17.285,
                      "Actual Total Time": 351.43,
                      "Actual Rows": 1651959,
                      "Actual Loops": 6,
                      "Filter": "(info_type_id > 4)",
                      "Rows Removed by Filter": 820661
                    },
                    {
                      "Node Type": "Hash",
                      "Parent Relationship": "Inner",
                      "Parallel Aware": true,
                      "Startup Cost": 248250.78,
                      "Total Cost": 248250.78,
                      "Plan Rows": 1227324,
                      "Plan Width": 8,
                      "Actual Startup Time": 1798.344,
                      "Actual Total Time": 1799.922,
                      "Actual Rows": 1241996,
                      "Actual Loops": 6,
                      "Hash Buckets": 8388608,
                      "Original Hash Buckets": 8388608,
                      "Hash Batches": 1,
                      "Original Hash Batches": 1,
                      "Peak Memory Usage": 357152,
                      "Plans": [
                        {
                          "Node Type": "Hash Join",
                          "Parent Relationship": "Outer",
                          "Parallel Aware": true,
                          "Join Type": "Inner",
                          "Startup Cost": 50220.21,
                          "Total Cost": 248250.78,
                          "Plan Rows": 1227324,
                          "Plan Width": 8,
                          "Actual Startup Time": 279.353,
                          "Actual Total Time": 1215.656,
                          "Actual Rows": 1241996,
                          "Actual Loops": 6,
                          "Inner Unique": true,
                          "Hash Cond": "(ci.movie_id = t.id)",
                          "Plans": [
                            {
                              "Node Type": "Index Scan",
                              "Parent Relationship": "Outer",
                              "Parallel Aware": true,
                              "Scan Direction": "Forward",
                              "Index Name": "role_id_cast_info",
                              "Relation Name": "cast_info",
                              "Alias": "ci",
                              "Startup Cost": 0.56,
                              "Total Cost": 194809.41,
                              "Plan Rows": 1227324,
                              "Plan Width": 4,
                              "Actual Startup Time": 0.133,
                              "Actual Total Time": 244.966,
                              "Actual Rows": 1241996,
                              "Actual Loops": 6,
                              "Index Cond": "(role_id = 2)",
                              "Rows Removed by Index Recheck": 0
                            },
                            {
                              "Node Type": "Hash",
                              "Parent Relationship": "Inner",
                              "Parallel Aware": true,
                              "Startup Cost": 42318.73,
                              "Total Cost": 42318.73,
                              "Plan Rows": 632073,
                              "Plan Width": 4,
                              "Actual Startup Time": 275.13,
                              "Actual Total Time": 275.131,
                              "Actual Rows": 421385,
                              "Actual Loops": 6,
                              "Hash Buckets": 4194304,
                              "Original Hash Buckets": 4194304,
                              "Hash Batches": 1,
                              "Original Hash Batches": 1,
                              "Peak Memory Usage": 131744,
                              "Plans": [
                                {
                                  "Node Type": "Seq Scan",
                                  "Parent Relationship": "Outer",
                                  "Parallel Aware": true,
                                  "Relation Name": "title",
                                  "Alias": "t",
                                  "Startup Cost": 0.0,
                                  "Total Cost": 42318.73,
                                  "Plan Rows": 632073,
                                  "Plan Width": 4,
                                  "Actual Startup Time": 0.044,
                                  "Actual Total Time": 83.143,
                                  "Actual Rows": 421385,
                                  "Actual Loops": 6
                                }
                              ]
                            }
                          ]
                        }
                      ]
                    }
                  ]
                }
              ]
            }
          ]
        }
      ]
    },
    "Planning Time": 1.292,
    "Triggers": [],
    "Execution Time": 4501.994
  }
]