{
  "Plan": {
    "Node Type": "Aggregate",
    "Strategy": "Plain",
    "Partial Mode": "Finalize",
    "Parallel Aware": false,
    "Startup Cost": 119177.66,
    "Total Cost": 119177.67,
    "Plan Rows": 1,
    "Plan Width": 8,
    "Actual Startup Time": 447.832,
    "Actual Total Time": 464.706,
    "Actual Rows": 1,
    "Actual Loops": 1,
    "Plans": [
      {
        "Node Type": "Gather",
        "Parent Relationship": "Outer",
        "Parallel Aware": false,
        "Startup Cost": 119177.55,
        "Total Cost": 119177.66,
        "Plan Rows": 1,
        "Plan Width": 8,
        "Actual Startup Time": 447.464,
        "Actual Total Time": 464.696,
        "Actual Rows": 2,
        "Actual Loops": 1,
        "Workers Planned": 1,
        "Workers Launched": 1,
        "Single Copy": false,
        "Plans": [
          {
            "Node Type": "Aggregate",
            "Strategy": "Plain",
            "Partial Mode": "Partial",
            "Parent Relationship": "Outer",
            "Parallel Aware": false,
            "Startup Cost": 118177.55,
            "Total Cost": 118177.56,
            "Plan Rows": 1,
            "Plan Width": 8,
            "Actual Startup Time": 441.884,
            "Actual Total Time": 441.887,
            "Actual Rows": 1,
            "Actual Loops": 2,
            "Plans": [
              {
                "Node Type": "Hash Join",
                "Parent Relationship": "Outer",
                "Parallel Aware": true,
                "Join Type": "Inner",
                "Startup Cost": 55046.95,
                "Total Cost": 118053.32,
                "Plan Rows": 49692,
                "Plan Width": 0,
                "Actual Startup Time": 143.657,
                "Actual Total Time": 439.943,
                "Actual Rows": 47746,
                "Actual Loops": 2,
                "Inner Unique": true,
                "Hash Cond": "(mk.movie_id = t.id)",
                "Plans": [
                  {
                    "Node Type": "Seq Scan",
                    "Parent Relationship": "Outer",
                    "Parallel Aware": true,
                    "Relation Name": "movie_keyword",
                    "Alias": "mk",
                    "Startup Cost": 0.0,
                    "Total Cost": 57718.19,
                    "Plan Rows": 2014539,
                    "Plan Width": 4,
                    "Actual Startup Time": 0.08,
                    "Actual Total Time": 186.631,
                    "Actual Rows": 1704568,
                    "Actual Loops": 2,
                    "Filter": "(keyword_id > 1150)",
                    "Rows Removed by Filter": 557396
                  },
                  {
                    "Node Type": "Hash",
                    "Parent Relationship": "Inner",
                    "Parallel Aware": true,
                    "Startup Cost": 54588.39,
                    "Total Cost": 54588.39,
                    "Plan Rows": 36685,
                    "Plan Width": 4,
                    "Actual Startup Time": 141.921,
                    "Actual Total Time": 141.922,
                    "Actual Rows": 31284,
                    "Actual Loops": 2,
                    "Hash Buckets": 65536,
                    "Original Hash Buckets": 65536,
                    "Hash Batches": 1,
                    "Original Hash Batches": 1,
                    "Peak Memory Usage": 2976,
                    "Plans": [
                      {
                        "Node Type": "Seq Scan",
                        "Parent Relationship": "Outer",
                        "Parallel Aware": true,
                        "Relation Name": "title",
                        "Alias": "t",
                        "Startup Cost": 0.0,
                        "Total Cost": 54588.39,
                        "Plan Rows": 36685,
                        "Plan Width": 4,
                        "Actual Startup Time": 0.035,
                        "Actual Total Time": 132.854,
                        "Actual Rows": 31284,
                        "Actual Loops": 2,
                        "Filter": "(production_year = 2002)",
                        "Rows Removed by Filter": 1232872
                      }
                    ]
                  }
                ]
              }
            ]
          }
        ]
      }
    ]
  },
  "Planning Time": 0.441,
  "Triggers": [],
  "Execution Time": 464.773
}