[
  {
    "Plan": {
      "Node Type": "Aggregate",
      "Strategy": "Plain",
      "Partial Mode": "Finalize",
      "Parallel Aware": false,
      "Startup Cost": 79137.08,
      "Total Cost": 79137.09,
      "Plan Rows": 1,
      "Plan Width": 8,
      "Actual Startup Time": 207.615,
      "Actual Total Time": 222.895,
      "Actual Rows": 1,
      "Actual Loops": 1,
      "Plans": [
        {
          "Node Type": "Gather",
          "Parent Relationship": "Outer",
          "Parallel Aware": false,
          "Startup Cost": 79136.76,
          "Total Cost": 79137.07,
          "Plan Rows": 3,
          "Plan Width": 8,
          "Actual Startup Time": 207.363,
          "Actual Total Time": 222.888,
          "Actual Rows": 4,
          "Actual Loops": 1,
          "Workers Planned": 3,
          "Workers Launched": 3,
          "Single Copy": false,
          "Plans": [
            {
              "Node Type": "Aggregate",
              "Strategy": "Plain",
              "Partial Mode": "Partial",
              "Parent Relationship": "Outer",
              "Parallel Aware": false,
              "Startup Cost": 78136.76,
              "Total Cost": 78136.77,
              "Plan Rows": 1,
              "Plan Width": 8,
              "Actual Startup Time": 198.757,
              "Actual Total Time": 198.76,
              "Actual Rows": 1,
              "Actual Loops": 4,
              "Plans": [
                {
                  "Node Type": "Hash Join",
                  "Parent Relationship": "Outer",
                  "Parallel Aware": true,
                  "Join Type": "Inner",
                  "Startup Cost": 45676.35,
                  "Total Cost": 78112.48,
                  "Plan Rows": 9714,
                  "Plan Width": 0,
                  "Actual Startup Time": 101.071,
                  "Actual Total Time": 198.355,
                  "Actual Rows": 6952,
                  "Actual Loops": 4,
                  "Inner Unique": true,
                  "Hash Cond": "(mc.movie_id = t.id)",
                  "Plans": [
                    {
                      "Node Type": "Seq Scan",
                      "Parent Relationship": "Outer",
                      "Parallel Aware": true,
                      "Relation Name": "movie_companies",
                      "Alias": "mc",
                      "Startup Cost": 0.0,
                      "Total Cost": 31414.82,
                      "Plan Rows": 389071,
                      "Plan Width": 4,
                      "Actual Startup Time": 0.021,
                      "Actual Total Time": 67.834,
                      "Actual Rows": 287537,
                      "Actual Loops": 4,
                      "Filter": "((company_id > 27) AND (company_type_id < 2))",
                      "Rows Removed by Filter": 364746
                    },
                    {
                      "Node Type": "Hash",
                      "Parent Relationship": "Inner",
                      "Parallel Aware": true,
                      "Startup Cost": 45479.1,
                      "Total Cost": 45479.1,
                      "Plan Rows": 15780,
                      "Plan Width": 4,
                      "Actual Startup Time": 99.355,
                      "Actual Total Time": 99.356,
                      "Actual Rows": 13476,
                      "Actual Loops": 4,
                      "Hash Buckets": 65536,
                      "Original Hash Buckets": 65536,
                      "Hash Batches": 1,
                      "Original Hash Batches": 1,
                      "Peak Memory Usage": 2688,
                      "Plans": [
                        {
                          "Node Type": "Seq Scan",
                          "Parent Relationship": "Outer",
                          "Parallel Aware": true,
                          "Relation Name": "title",
                          "Alias": "t",
                          "Startup Cost": 0.0,
                          "Total Cost": 45479.1,
                          "Plan Rows": 15780,
                          "Plan Width": 4,
                          "Actual Startup Time": 0.19,
                          "Actual Total Time": 94.708,
                          "Actual Rows": 13476,
                          "Actual Loops": 4,
                          "Filter": "((kind_id < 7) AND (production_year = 2012))",
                          "Rows Removed by Filter": 618602
                        }
                      ]
                    }
                  ]
                }
              ]
            }
          ]
        }
      ]
    },
    "Planning Time": 0.732,
    "Triggers": [],
    "Execution Time": 222.962
  }
]