{
  "Plan": {
    "Node Type": "Aggregate",
    "Strategy": "Plain",
    "Partial Mode": "Finalize",
    "Parallel Aware": false,
    "Startup Cost": 112144.56,
    "Total Cost": 112144.57,
    "Plan Rows": 1,
    "Plan Width": 8,
    "Actual Startup Time": 148.05,
    "Actual Total Time": 159.351,
    "Actual Rows": 1,
    "Actual Loops": 1,
    "Plans": [
      {
        "Node Type": "Gather",
        "Parent Relationship": "Outer",
        "Parallel Aware": false,
        "Startup Cost": 112144.45,
        "Total Cost": 112144.56,
        "Plan Rows": 1,
        "Plan Width": 8,
        "Actual Startup Time": 147.942,
        "Actual Total Time": 159.346,
        "Actual Rows": 2,
        "Actual Loops": 1,
        "Workers Planned": 1,
        "Workers Launched": 1,
        "Single Copy": false,
        "Plans": [
          {
            "Node Type": "Aggregate",
            "Strategy": "Plain",
            "Partial Mode": "Partial",
            "Parent Relationship": "Outer",
            "Parallel Aware": false,
            "Startup Cost": 111144.45,
            "Total Cost": 111144.46,
            "Plan Rows": 1,
            "Plan Width": 8,
            "Actual Startup Time": 141.814,
            "Actual Total Time": 141.817,
            "Actual Rows": 1,
            "Actual Loops": 2,
            "Plans": [
              {
                "Node Type": "Hash Join",
                "Parent Relationship": "Outer",
                "Parallel Aware": true,
                "Join Type": "Inner",
                "Startup Cost": 58838.73,
                "Total Cost": 111144.16,
                "Plan Rows": 115,
                "Plan Width": 0,
                "Actual Startup Time": 140.213,
                "Actual Total Time": 141.81,
                "Actual Rows": 4,
                "Actual Loops": 2,
                "Inner Unique": true,
                "Hash Cond": "(mi.movie_id = t.id)",
                "Plans": [
                  {
                    "Node Type": "Bitmap Heap Scan",
                    "Parent Relationship": "Outer",
                    "Parallel Aware": true,
                    "Relation Name": "movie_info",
                    "Alias": "mi",
                    "Startup Cost": 333.74,
                    "Total Cost": 52611.02,
                    "Plan Rows": 10725,
                    "Plan Width": 4,
                    "Actual Startup Time": 0.912,
                    "Actual Total Time": 1.728,
                    "Actual Rows": 6849,
                    "Actual Loops": 2,
                    "Recheck Cond": "(info_type_id = 97)",
                    "Rows Removed by Index Recheck": 0,
                    "Exact Heap Blocks": 93,
                    "Lossy Heap Blocks": 0,
                    "Plans": [
                      {
                        "Node Type": "Bitmap Index Scan",
                        "Parent Relationship": "Outer",
                        "Parallel Aware": false,
                        "Index Name": "info_type_id_movie_info",
                        "Startup Cost": 0.0,
                        "Total Cost": 329.18,
                        "Plan Rows": 18233,
                        "Plan Width": 0,
                        "Actual Startup Time": 0.813,
                        "Actual Total Time": 0.814,
                        "Actual Rows": 13698,
                        "Actual Loops": 1,
                        "Index Cond": "(info_type_id = 97)"
                      }
                    ]
                  },
                  {
                    "Node Type": "Hash",
                    "Parent Relationship": "Inner",
                    "Parallel Aware": true,
                    "Startup Cost": 58306.47,
                    "Total Cost": 58306.47,
                    "Plan Rows": 15882,
                    "Plan Width": 4,
                    "Actual Startup Time": 138.203,
                    "Actual Total Time": 138.204,
                    "Actual Rows": 13542,
                    "Actual Loops": 2,
                    "Hash Buckets": 32768,
                    "Original Hash Buckets": 32768,
                    "Hash Batches": 1,
                    "Original Hash Batches": 1,
                    "Peak Memory Usage": 1344,
                    "Plans": [
                      {
                        "Node Type": "Seq Scan",
                        "Parent Relationship": "Outer",
                        "Parallel Aware": true,
                        "Relation Name": "title",
                        "Alias": "t",
                        "Startup Cost": 0.0,
                        "Total Cost": 58306.47,
                        "Plan Rows": 15882,
                        "Plan Width": 4,
                        "Actual Startup Time": 0.164,
                        "Actual Total Time": 134.724,
                        "Actual Rows": 13542,
                        "Actual Loops": 2,
                        "Filter": "((kind_id < 7) AND (production_year > 2012))",
                        "Rows Removed by Filter": 1250614
                      }
                    ]
                  }
                ]
              }
            ]
          }
        ]
      }
    ]
  },
  "Planning Time": 0.478,
  "Triggers": [],
  "Execution Time": 159.441
}