[
    {
        "Bao": {
            "Bao prediction": 504.688,
            "Bao recommended hint": "(no hint)"
        }
    },
    {
        "Plan": {
            "Node Type": "Aggregate",
            "Strategy": "Plain",
            "Partial Mode": "Finalize",
            "Parallel Aware": false,
            "Startup Cost": 337451.52,
            "Total Cost": 337451.53,
            "Plan Rows": 1,
            "Plan Width": 8,
            "Actual Startup Time": 900.155,
            "Actual Total Time": 930.691,
            "Actual Rows": 1,
            "Actual Loops": 1,
            "Output": [
                "count(*)"
            ],
            "Plans": [
                {
                    "Node Type": "Gather",
                    "Parent Relationship": "Outer",
                    "Parallel Aware": false,
                    "Startup Cost": 337450.89,
                    "Total Cost": 337451.5,
                    "Plan Rows": 6,
                    "Plan Width": 8,
                    "Actual Startup Time": 900.024,
                    "Actual Total Time": 930.681,
                    "Actual Rows": 7,
                    "Actual Loops": 1,
                    "Output": [
                        "(PARTIAL count(*))"
                    ],
                    "Workers Planned": 6,
                    "Workers Launched": 6,
                    "Single Copy": false,
                    "Plans": [
                        {
                            "Node Type": "Aggregate",
                            "Strategy": "Plain",
                            "Partial Mode": "Partial",
                            "Parent Relationship": "Outer",
                            "Parallel Aware": false,
                            "Startup Cost": 336450.89,
                            "Total Cost": 336450.9,
                            "Plan Rows": 1,
                            "Plan Width": 8,
                            "Actual Startup Time": 890.658,
                            "Actual Total Time": 890.659,
                            "Actual Rows": 1,
                            "Actual Loops": 7,
                            "Output": [
                                "PARTIAL count(*)"
                            ],
                            "Workers": [
                                {
                                    "Worker Number": 0,
                                    "Actual Startup Time": 888.649,
                                    "Actual Total Time": 888.649,
                                    "Actual Rows": 1,
                                    "Actual Loops": 1
                                },
                                {
                                    "Worker Number": 1,
                                    "Actual Startup Time": 888.761,
                                    "Actual Total Time": 888.762,
                                    "Actual Rows": 1,
                                    "Actual Loops": 1
                                },
                                {
                                    "Worker Number": 2,
                                    "Actual Startup Time": 889.063,
                                    "Actual Total Time": 889.064,
                                    "Actual Rows": 1,
                                    "Actual Loops": 1
                                },
                                {
                                    "Worker Number": 3,
                                    "Actual Startup Time": 889.424,
                                    "Actual Total Time": 889.425,
                                    "Actual Rows": 1,
                                    "Actual Loops": 1
                                },
                                {
                                    "Worker Number": 4,
                                    "Actual Startup Time": 889.466,
                                    "Actual Total Time": 889.468,
                                    "Actual Rows": 1,
                                    "Actual Loops": 1
                                },
                                {
                                    "Worker Number": 5,
                                    "Actual Startup Time": 890.023,
                                    "Actual Total Time": 890.024,
                                    "Actual Rows": 1,
                                    "Actual Loops": 1
                                }
                            ],
                            "Plans": [
                                {
                                    "Node Type": "Seq Scan",
                                    "Parent Relationship": "Outer",
                                    "Parallel Aware": true,
                                    "Relation Name": "cast_info",
                                    "Schema": "public",
                                    "Alias": "ci",
                                    "Startup Cost": 0.0,
                                    "Total Cost": 328213.62,
                                    "Plan Rows": 3294910,
                                    "Plan Width": 0,
                                    "Actual Startup Time": 214.292,
                                    "Actual Total Time": 723.826,
                                    "Actual Rows": 2832079,
                                    "Actual Loops": 7,
                                    "Output": [
                                        "id",
                                        "person_id",
                                        "movie_id",
                                        "person_role_id",
                                        "note",
                                        "nr_order",
                                        "role_id"
                                    ],
                                    "Filter": "(ci.person_id > 1625987)",
                                    "Rows Removed by Filter": 2345684,
                                    "Workers": [
                                        {
                                            "Worker Number": 0,
                                            "Actual Startup Time": 212.27,
                                            "Actual Total Time": 724.087,
                                            "Actual Rows": 2497455,
                                            "Actual Loops": 1
                                        },
                                        {
                                            "Worker Number": 1,
                                            "Actual Startup Time": 212.387,
                                            "Actual Total Time": 725.835,
                                            "Actual Rows": 2451305,
                                            "Actual Loops": 1
                                        },
                                        {
                                            "Worker Number": 2,
                                            "Actual Startup Time": 212.695,
                                            "Actual Total Time": 724.761,
                                            "Actual Rows": 2494087,
                                            "Actual Loops": 1
                                        },
                                        {
                                            "Worker Number": 3,
                                            "Actual Startup Time": 213.06,
                                            "Actual Total Time": 725.562,
                                            "Actual Rows": 2484098,
                                            "Actual Loops": 1
                                        },
                                        {
                                            "Worker Number": 4,
                                            "Actual Startup Time": 213.114,
                                            "Actual Total Time": 726.282,
                                            "Actual Rows": 2471978,
                                            "Actual Loops": 1
                                        },
                                        {
                                            "Worker Number": 5,
                                            "Actual Startup Time": 213.668,
                                            "Actual Total Time": 725.581,
                                            "Actual Rows": 2496510,
                                            "Actual Loops": 1
                                        }
                                    ]
                                }
                            ]
                        }
                    ]
                }
            ]
        },
        "Planning Time": 1077.386,
        "Triggers": [],
        "Execution Time": 930.796
    }
]