[
  {
    "Plan": {
      "Node Type": "Aggregate",
      "Strategy": "Plain",
      "Partial Mode": "Finalize",
      "Parallel Aware": false,
      "Startup Cost": 91371.34,
      "Total Cost": 91371.35,
      "Plan Rows": 1,
      "Plan Width": 8,
      "Actual Startup Time": 501.53,
      "Actual Total Time": 517.846,
      "Actual Rows": 1,
      "Actual Loops": 1,
      "Plans": [
        {
          "Node Type": "Gather",
          "Parent Relationship": "Outer",
          "Parallel Aware": false,
          "Startup Cost": 91371.12,
          "Total Cost": 91371.33,
          "Plan Rows": 2,
          "Plan Width": 8,
          "Actual Startup Time": 498.727,
          "Actual Total Time": 517.839,
          "Actual Rows": 3,
          "Actual Loops": 1,
          "Workers Planned": 2,
          "Workers Launched": 2,
          "Single Copy": false,
          "Plans": [
            {
              "Node Type": "Aggregate",
              "Strategy": "Plain",
              "Partial Mode": "Partial",
              "Parent Relationship": "Outer",
              "Parallel Aware": false,
              "Startup Cost": 90371.12,
              "Total Cost": 90371.13,
              "Plan Rows": 1,
              "Plan Width": 8,
              "Actual Startup Time": 489.878,
              "Actual Total Time": 489.884,
              "Actual Rows": 1,
              "Actual Loops": 3,
              "Plans": [
                {
                  "Node Type": "Hash Join",
                  "Parent Relationship": "Outer",
                  "Parallel Aware": true,
                  "Join Type": "Inner",
                  "Startup Cost": 74194.45,
                  "Total Cost": 90203.51,
                  "Plan Rows": 67045,
                  "Plan Width": 0,
                  "Actual Startup Time": 385.046,
                  "Actual Total Time": 484.031,
                  "Actual Rows": 146251,
                  "Actual Loops": 3,
                  "Inner Unique": false,
                  "Hash Cond": "(mi_idx.movie_id = t.id)",
                  "Plans": [
                    {
                      "Node Type": "Seq Scan",
                      "Parent Relationship": "Outer",
                      "Parallel Aware": true,
                      "Relation Name": "movie_info_idx",
                      "Alias": "mi_idx",
                      "Startup Cost": 0.0,
                      "Total Cost": 13685.15,
                      "Plan Rows": 575015,
                      "Plan Width": 4,
                      "Actual Startup Time": 0.032,
                      "Actual Total Time": 34.968,
                      "Actual Rows": 460012,
                      "Actual Loops": 3
                    },
                    {
                      "Node Type": "Hash",
                      "Parent Relationship": "Inner",
                      "Parallel Aware": true,
                      "Startup Cost": 73273.22,
                      "Total Cost": 73273.22,
                      "Plan Rows": 73698,
                      "Plan Width": 8,
                      "Actual Startup Time": 381.132,
                      "Actual Total Time": 381.137,
                      "Actual Rows": 97626,
                      "Actual Loops": 3,
                      "Hash Buckets": 524288,
                      "Original Hash Buckets": 524288,
                      "Hash Batches": 1,
                      "Original Hash Batches": 1,
                      "Peak Memory Usage": 15616,
                      "Plans": [
                        {
                          "Node Type": "Hash Join",
                          "Parent Relationship": "Outer",
                          "Parallel Aware": true,
                          "Join Type": "Inner",
                          "Startup Cost": 27556.4,
                          "Total Cost": 73273.22,
                          "Plan Rows": 73698,
                          "Plan Width": 8,
                          "Actual Startup Time": 110.004,
                          "Actual Total Time": 352.561,
                          "Actual Rows": 97626,
                          "Actual Loops": 3,
                          "Inner Unique": false,
                          "Hash Cond": "(t.id = mc.movie_id)",
                          "Plans": [
                            {
                              "Node Type": "Seq Scan",
                              "Parent Relationship": "Outer",
                              "Parallel Aware": true,
                              "Relation Name": "title",
                              "Alias": "t",
                              "Startup Cost": 0.0,
                              "Total Cost": 42318.73,
                              "Plan Rows": 632073,
                              "Plan Width": 4,
                              "Actual Startup Time": 0.01,
                              "Actual Total Time": 91.223,
                              "Actual Rows": 842771,
                              "Actual Loops": 3
                            },
                            {
                              "Node Type": "Hash",
                              "Parent Relationship": "Inner",
                              "Parallel Aware": true,
                              "Startup Cost": 26367.72,
                              "Total Cost": 26367.72,
                              "Plan Rows": 95094,
                              "Plan Width": 4,
                              "Actual Startup Time": 107.589,
                              "Actual Total Time": 107.59,
                              "Actual Rows": 97626,
                              "Actual Loops": 3,
                              "Hash Buckets": 524288,
                              "Original Hash Buckets": 524288,
                              "Hash Batches": 1,
                              "Original Hash Batches": 1,
                              "Peak Memory Usage": 15616,
                              "Plans": [
                                {
                                  "Node Type": "Bitmap Heap Scan",
                                  "Parent Relationship": "Outer",
                                  "Parallel Aware": true,
                                  "Relation Name": "movie_companies",
                                  "Alias": "mc",
                                  "Startup Cost": 6389.05,
                                  "Total Cost": 26367.72,
                                  "Plan Rows": 95094,
                                  "Plan Width": 4,
                                  "Actual Startup Time": 25.651,
                                  "Actual Total Time": 73.861,
                                  "Actual Rows": 97626,
                                  "Actual Loops": 3,
                                  "Recheck Cond": "(company_id < 160)",
                                  "Rows Removed by Index Recheck": 0,
                                  "Exact Heap Blocks": 9148,
                                  "Lossy Heap Blocks": 0,
                                  "Plans": [
                                    {
                                      "Node Type": "Bitmap Index Scan",
                                      "Parent Relationship": "Outer",
                                      "Parallel Aware": false,
                                      "Index Name": "company_id_movie_companies",
                                      "Startup Cost": 0.0,
                                      "Total Cost": 6315.35,
                                      "Plan Rows": 294790,
                                      "Plan Width": 0,
                                      "Actual Startup Time": 22.313,
                                      "Actual Total Time": 22.313,
                                      "Actual Rows": 292877,
                                      "Actual Loops": 1,
                                      "Index Cond": "(company_id < 160)"
                                    }
                                  ]
                                }
                              ]
                            }
                          ]
                        }
                      ]
                    }
                  ]
                }
              ]
            }
          ]
        }
      ]
    },
    "Planning Time": 1.435,
    "Triggers": [],
    "Execution Time": 517.945
  }
]