[
  {
    "Plan": {
      "Node Type": "Aggregate",
      "Strategy": "Plain",
      "Partial Mode": "Finalize",
      "Parallel Aware": false,
      "Startup Cost": 284270.87,
      "Total Cost": 284270.88,
      "Plan Rows": 1,
      "Plan Width": 8,
      "Actual Startup Time": 1382.953,
      "Actual Total Time": 1429.313,
      "Actual Rows": 1,
      "Actual Loops": 1,
      "Plans": [
        {
          "Node Type": "Gather",
          "Parent Relationship": "Outer",
          "Parallel Aware": false,
          "Startup Cost": 284270.35,
          "Total Cost": 284270.86,
          "Plan Rows": 5,
          "Plan Width": 8,
          "Actual Startup Time": 1377.148,
          "Actual Total Time": 1429.301,
          "Actual Rows": 6,
          "Actual Loops": 1,
          "Workers Planned": 5,
          "Workers Launched": 5,
          "Single Copy": false,
          "Plans": [
            {
              "Node Type": "Aggregate",
              "Strategy": "Plain",
              "Partial Mode": "Partial",
              "Parent Relationship": "Outer",
              "Parallel Aware": false,
              "Startup Cost": 283270.35,
              "Total Cost": 283270.36,
              "Plan Rows": 1,
              "Plan Width": 8,
              "Actual Startup Time": 1366.945,
              "Actual Total Time": 1366.983,
              "Actual Rows": 1,
              "Actual Loops": 6,
              "Plans": [
                {
                  "Node Type": "Hash Join",
                  "Parent Relationship": "Outer",
                  "Parallel Aware": true,
                  "Join Type": "Inner",
                  "Startup Cost": 77834.48,
                  "Total Cost": 282053.14,
                  "Plan Rows": 486883,
                  "Plan Width": 0,
                  "Actual Startup Time": 260.882,
                  "Actual Total Time": 1181.84,
                  "Actual Rows": 4703119,
                  "Actual Loops": 6,
                  "Inner Unique": false,
                  "Hash Cond": "(mi.movie_id = t.id)",
                  "Plans": [
                    {
                      "Node Type": "Seq Scan",
                      "Parent Relationship": "Outer",
                      "Parallel Aware": true,
                      "Relation Name": "movie_info",
                      "Alias": "mi",
                      "Startup Cost": 0.0,
                      "Total Cost": 191560.33,
                      "Plan Rows": 2956733,
                      "Plan Width": 4,
                      "Actual Startup Time": 0.011,
                      "Actual Total Time": 289.231,
                      "Actual Rows": 2472620,
                      "Actual Loops": 6
                    },
                    {
                      "Node Type": "Hash",
                      "Parent Relationship": "Inner",
                      "Parallel Aware": true,
                      "Startup Cost": 76155.71,
                      "Total Cost": 76155.71,
                      "Plan Rows": 134301,
                      "Plan Width": 8,
                      "Actual Startup Time": 248.025,
                      "Actual Total Time": 248.061,
                      "Actual Rows": 89829,
                      "Actual Loops": 6,
                      "Hash Buckets": 1048576,
                      "Original Hash Buckets": 524288,
                      "Hash Batches": 1,
                      "Original Hash Batches": 1,
                      "Peak Memory Usage": 33504,
                      "Plans": [
                        {
                          "Node Type": "Hash Join",
                          "Parent Relationship": "Outer",
                          "Parallel Aware": true,
                          "Join Type": "Inner",
                          "Startup Cost": 46739.82,
                          "Total Cost": 76155.71,
                          "Plan Rows": 134301,
                          "Plan Width": 8,
                          "Actual Startup Time": 123.363,
                          "Actual Total Time": 213.663,
                          "Actual Rows": 89829,
                          "Actual Loops": 6,
                          "Inner Unique": true,
                          "Hash Cond": "(mc.movie_id = t.id)",
                          "Plans": [
                            {
                              "Node Type": "Seq Scan",
                              "Parent Relationship": "Outer",
                              "Parallel Aware": true,
                              "Relation Name": "movie_companies",
                              "Alias": "mc",
                              "Startup Cost": 0.0,
                              "Total Cost": 27206.55,
                              "Plan Rows": 841655,
                              "Plan Width": 4,
                              "Actual Startup Time": 0.017,
                              "Actual Total Time": 42.501,
                              "Actual Rows": 434855,
                              "Actual Loops": 6
                            },
                            {
                              "Node Type": "Hash",
                              "Parent Relationship": "Inner",
                              "Parallel Aware": true,
                              "Startup Cost": 45479.1,
                              "Total Cost": 45479.1,
                              "Plan Rows": 100858,
                              "Plan Width": 4,
                              "Actual Startup Time": 103.848,
                              "Actual Total Time": 103.848,
                              "Actual Rows": 49461,
                              "Actual Loops": 6,
                              "Hash Buckets": 524288,
                              "Original Hash Buckets": 524288,
                              "Hash Batches": 1,
                              "Original Hash Batches": 1,
                              "Peak Memory Usage": 15808,
                              "Plans": [
                                {
                                  "Node Type": "Seq Scan",
                                  "Parent Relationship": "Outer",
                                  "Parallel Aware": true,
                                  "Relation Name": "title",
                                  "Alias": "t",
                                  "Startup Cost": 0.0,
                                  "Total Cost": 45479.1,
                                  "Plan Rows": 100858,
                                  "Plan Width": 4,
                                  "Actual Startup Time": 45.663,
                                  "Actual Total Time": 83.305,
                                  "Actual Rows": 49461,
                                  "Actual Loops": 6,
                                  "Filter": "((production_year > 1997) AND (kind_id = 1))",
                                  "Rows Removed by Filter": 371924
                                }
                              ]
                            }
                          ]
                        }
                      ]
                    }
                  ]
                }
              ]
            }
          ]
        }
      ]
    },
    "Planning Time": 1.379,
    "Triggers": [],
    "Execution Time": 1429.404
  }
]