[
  {
    "Plan": {
      "Node Type": "Aggregate",
      "Strategy": "Plain",
      "Partial Mode": "Finalize",
      "Parallel Aware": false,
      "Startup Cost": 73959.95,
      "Total Cost": 73959.96,
      "Plan Rows": 1,
      "Plan Width": 8,
      "Actual Startup Time": 179.541,
      "Actual Total Time": 194.37,
      "Actual Rows": 1,
      "Actual Loops": 1,
      "Plans": [
        {
          "Node Type": "Gather",
          "Parent Relationship": "Outer",
          "Parallel Aware": false,
          "Startup Cost": 73959.63,
          "Total Cost": 73959.94,
          "Plan Rows": 3,
          "Plan Width": 8,
          "Actual Startup Time": 177.663,
          "Actual Total Time": 194.36,
          "Actual Rows": 4,
          "Actual Loops": 1,
          "Workers Planned": 3,
          "Workers Launched": 3,
          "Single Copy": false,
          "Plans": [
            {
              "Node Type": "Aggregate",
              "Strategy": "Plain",
              "Partial Mode": "Partial",
              "Parent Relationship": "Outer",
              "Parallel Aware": false,
              "Startup Cost": 72959.63,
              "Total Cost": 72959.64,
              "Plan Rows": 1,
              "Plan Width": 8,
              "Actual Startup Time": 168.401,
              "Actual Total Time": 168.405,
              "Actual Rows": 1,
              "Actual Loops": 4,
              "Plans": [
                {
                  "Node Type": "Hash Join",
                  "Parent Relationship": "Outer",
                  "Parallel Aware": true,
                  "Join Type": "Inner",
                  "Startup Cost": 47430.78,
                  "Total Cost": 72955.12,
                  "Plan Rows": 1806,
                  "Plan Width": 0,
                  "Actual Startup Time": 144.643,
                  "Actual Total Time": 168.283,
                  "Actual Rows": 884,
                  "Actual Loops": 4,
                  "Inner Unique": true,
                  "Hash Cond": "(mk.movie_id = t.id)",
                  "Plans": [
                    {
                      "Node Type": "Bitmap Heap Scan",
                      "Parent Relationship": "Outer",
                      "Parallel Aware": true,
                      "Relation Name": "movie_keyword",
                      "Alias": "mk",
                      "Startup Cost": 869.14,
                      "Total Cost": 26358.87,
                      "Plan Rows": 13183,
                      "Plan Width": 4,
                      "Actual Startup Time": 4.593,
                      "Actual Total Time": 23.831,
                      "Actual Rows": 10460,
                      "Actual Loops": 4,
                      "Recheck Cond": "(keyword_id = 117)",
                      "Rows Removed by Index Recheck": 0,
                      "Exact Heap Blocks": 5120,
                      "Lossy Heap Blocks": 0,
                      "Plans": [
                        {
                          "Node Type": "Bitmap Index Scan",
                          "Parent Relationship": "Outer",
                          "Parallel Aware": false,
                          "Index Name": "keyword_id_movie_keyword",
                          "Startup Cost": 0.0,
                          "Total Cost": 858.93,
                          "Plan Rows": 40866,
                          "Plan Width": 0,
                          "Actual Startup Time": 2.879,
                          "Actual Total Time": 2.879,
                          "Actual Rows": 41840,
                          "Actual Loops": 1,
                          "Index Cond": "(keyword_id = 117)"
                        }
                      ]
                    },
                    {
                      "Node Type": "Hash",
                      "Parent Relationship": "Inner",
                      "Parallel Aware": true,
                      "Startup Cost": 45479.1,
                      "Total Cost": 45479.1,
                      "Plan Rows": 86603,
                      "Plan Width": 4,
                      "Actual Startup Time": 136.321,
                      "Actual Total Time": 136.322,
                      "Actual Rows": 69287,
                      "Actual Loops": 4,
                      "Hash Buckets": 524288,
                      "Original Hash Buckets": 524288,
                      "Hash Batches": 1,
                      "Original Hash Batches": 1,
                      "Peak Memory Usage": 14976,
                      "Plans": [
                        {
                          "Node Type": "Seq Scan",
                          "Parent Relationship": "Outer",
                          "Parallel Aware": true,
                          "Relation Name": "title",
                          "Alias": "t",
                          "Startup Cost": 0.0,
                          "Total Cost": 45479.1,
                          "Plan Rows": 86603,
                          "Plan Width": 4,
                          "Actual Startup Time": 0.082,
                          "Actual Total Time": 107.738,
                          "Actual Rows": 69287,
                          "Actual Loops": 4,
                          "Filter": "((kind_id < 4) AND (production_year > 2005))",
                          "Rows Removed by Filter": 562791
                        }
                      ]
                    }
                  ]
                }
              ]
            }
          ]
        }
      ]
    },
    "Planning Time": 0.628,
    "Triggers": [],
    "Execution Time": 194.462
  }
]