{
    "Plan": {
        "Node Type": "Aggregate",
        "Strategy": "Plain",
        "Partial Mode": "Simple",
        "Parallel Aware": false,
        "Startup Cost": 10024095906.64,
        "Total Cost": 10024095906.65,
        "Plan Rows": 1,
        "Plan Width": 96,
        "Actual Startup Time": 105160.648,
        "Actual Total Time": 105160.799,
        "Actual Rows": 1,
        "Actual Loops": 1,
        "Output": [
            "min(k.keyword)",
            "min(n.name)",
            "min(t.title)"
        ],
        "Plans": [
            {
                "Node Type": "Nested Loop",
                "Parent Relationship": "Outer",
                "Parallel Aware": false,
                "Join Type": "Inner",
                "Startup Cost": 10024016296.07,
                "Total Cost": 10024095861.1,
                "Plan Rows": 6071,
                "Plan Width": 48,
                "Actual Startup Time": 80546.39,
                "Actual Total Time": 104887.872,
                "Actual Rows": 755308,
                "Actual Loops": 1,
                "Output": [
                    "k.keyword",
                    "n.name",
                    "t.title"
                ],
                "Inner Unique": true,
                "Plans": [
                    {
                        "Node Type": "Hash Join",
                        "Parent Relationship": "Outer",
                        "Parallel Aware": false,
                        "Join Type": "Inner",
                        "Startup Cost": 24016295.62,
                        "Total Cost": 24049634.76,
                        "Plan Rows": 10363,
                        "Plan Width": 39,
                        "Actual Startup Time": 80546.346,
                        "Actual Total Time": 98279.587,
                        "Actual Rows": 1459052,
                        "Actual Loops": 1,
                        "Output": [
                            "ci.movie_id",
                            "mk.movie_id",
                            "k.keyword",
                            "n.name"
                        ],
                        "Inner Unique": false,
                        "Hash Cond": "(k.id = mk.keyword_id)",
                        "Plans": [
                            {
                                "Node Type": "Seq Scan",
                                "Parent Relationship": "Outer",
                                "Parallel Aware": false,
                                "Relation Name": "keyword",
                                "Schema": "public",
                                "Alias": "k",
                                "Startup Cost": 0.0,
                                "Total Cost": 3632.4,
                                "Plan Rows": 8,
                                "Plan Width": 20,
                                "Actual Startup Time": 0.298,
                                "Actual Total Time": 22.464,
                                "Actual Rows": 8,
                                "Actual Loops": 1,
                                "Output": [
                                    "k.id",
                                    "k.keyword",
                                    "k.phonetic_code"
                                ],
                                "Filter": "(k.keyword = ANY ('{based-on-comic,murder,hand-to-hand-combat,superhero,tv-special,marvel-comics,second-part,magnet}'::text[]))",
                                "Rows Removed by Filter": 134162
                            },
                            {
                                "Node Type": "Hash",
                                "Parent Relationship": "Inner",
                                "Parallel Aware": false,
                                "Startup Cost": 21843857.23,
                                "Total Cost": 21843857.23,
                                "Plan Rows": 173795071,
                                "Plan Width": 27,
                                "Actual Startup Time": 80266.599,
                                "Actual Total Time": 80266.747,
                                "Actual Rows": 215765477,
                                "Actual Loops": 1,
                                "Output": [
                                    "ci.movie_id",
                                    "mk.keyword_id",
                                    "mk.movie_id",
                                    "n.name"
                                ],
                                "Hash Buckets": 67108864,
                                "Original Hash Buckets": 67108864,
                                "Hash Batches": 4,
                                "Original Hash Batches": 4,
                                "Peak Memory Usage": 3556998,
                                "Plans": [
                                    {
                                        "Node Type": "Hash Join",
                                        "Parent Relationship": "Outer",
                                        "Parallel Aware": false,
                                        "Join Type": "Inner",
                                        "Startup Cost": 19810016.72,
                                        "Total Cost": 21843857.23,
                                        "Plan Rows": 173795071,
                                        "Plan Width": 27,
                                        "Actual Startup Time": 14849.084,
                                        "Actual Total Time": 40530.931,
                                        "Actual Rows": 215765477,
                                        "Actual Loops": 1,
                                        "Output": [
                                            "ci.movie_id",
                                            "mk.keyword_id",
                                            "mk.movie_id",
                                            "n.name"
                                        ],
                                        "Inner Unique": false,
                                        "Hash Cond": "(mk.movie_id = ci.movie_id)",
                                        "Plans": [
                                            {
                                                "Node Type": "Seq Scan",
                                                "Parent Relationship": "Outer",
                                                "Parallel Aware": false,
                                                "Relation Name": "movie_keyword",
                                                "Schema": "public",
                                                "Alias": "mk",
                                                "Startup Cost": 0.0,
                                                "Total Cost": 69693.3,
                                                "Plan Rows": 4523930,
                                                "Plan Width": 8,
                                                "Actual Startup Time": 0.023,
                                                "Actual Total Time": 657.925,
                                                "Actual Rows": 4523930,
                                                "Actual Loops": 1,
                                                "Output": [
                                                    "mk.id",
                                                    "mk.movie_id",
                                                    "mk.keyword_id"
                                                ]
                                            },
                                            {
                                                "Node Type": "Hash",
                                                "Parent Relationship": "Inner",
                                                "Parallel Aware": false,
                                                "Startup Cost": 19356857.02,
                                                "Total Cost": 19356857.02,
                                                "Plan Rows": 36252776,
                                                "Plan Width": 19,
                                                "Actual Startup Time": 14603.328,
                                                "Actual Total Time": 14603.473,
                                                "Actual Rows": 36244344,
                                                "Actual Loops": 1,
                                                "Output": [
                                                    "ci.movie_id",
                                                    "n.name"
                                                ],
                                                "Hash Buckets": 67108864,
                                                "Original Hash Buckets": 67108864,
                                                "Hash Batches": 1,
                                                "Original Hash Batches": 1,
                                                "Peak Memory Usage": 2346694,
                                                "Plans": [
                                                    {
                                                        "Node Type": "Gather",
                                                        "Parent Relationship": "Outer",
                                                        "Parallel Aware": false,
                                                        "Startup Cost": 1001.0,
                                                        "Total Cost": 19356857.02,
                                                        "Plan Rows": 36252776,
                                                        "Plan Width": 19,
                                                        "Actual Startup Time": 0.428,
                                                        "Actual Total Time": 4243.227,
                                                        "Actual Rows": 36244344,
                                                        "Actual Loops": 1,
                                                        "Output": [
                                                            "ci.movie_id",
                                                            "n.name"
                                                        ],
                                                        "Workers Planned": 4,
                                                        "Workers Launched": 4,
                                                        "Single Copy": false,
                                                        "Plans": [
                                                            {
                                                                "Node Type": "Nested Loop",
                                                                "Parent Relationship": "Outer",
                                                                "Parallel Aware": false,
                                                                "Join Type": "Inner",
                                                                "Startup Cost": 0.99,
                                                                "Total Cost": 15730579.42,
                                                                "Plan Rows": 9063194,
                                                                "Plan Width": 19,
                                                                "Actual Startup Time": 0.39,
                                                                "Actual Total Time": 5076.54,
                                                                "Actual Rows": 7248869,
                                                                "Actual Loops": 5,
                                                                "Output": [
                                                                    "ci.movie_id",
                                                                    "n.name"
                                                                ],
                                                                "Inner Unique": false,
                                                                "Workers": [
                                                                    {
                                                                        "Worker Number": 0,
                                                                        "Actual Startup Time": 0.374,
                                                                        "Actual Total Time": 6351.753,
                                                                        "Actual Rows": 9125261,
                                                                        "Actual Loops": 1
                                                                    },
                                                                    {
                                                                        "Worker Number": 1,
                                                                        "Actual Startup Time": 0.391,
                                                                        "Actual Total Time": 6246.365,
                                                                        "Actual Rows": 9041155,
                                                                        "Actual Loops": 1
                                                                    },
                                                                    {
                                                                        "Worker Number": 2,
                                                                        "Actual Startup Time": 0.58,
                                                                        "Actual Total Time": 6348.516,
                                                                        "Actual Rows": 9033762,
                                                                        "Actual Loops": 1
                                                                    },
                                                                    {
                                                                        "Worker Number": 3,
                                                                        "Actual Startup Time": 0.529,
                                                                        "Actual Total Time": 6334.306,
                                                                        "Actual Rows": 9026910,
                                                                        "Actual Loops": 1
                                                                    }
                                                                ],
                                                                "Plans": [
                                                                    {
                                                                        "Node Type": "Index Scan",
                                                                        "Parent Relationship": "Outer",
                                                                        "Parallel Aware": true,
                                                                        "Scan Direction": "Forward",
                                                                        "Index Name": "name_pkey",
                                                                        "Relation Name": "name",
                                                                        "Schema": "public",
                                                                        "Alias": "n",
                                                                        "Startup Cost": 0.43,
                                                                        "Total Cost": 146917.19,
                                                                        "Plan Rows": 1041887,
                                                                        "Plan Width": 19,
                                                                        "Actual Startup Time": 0.149,
                                                                        "Actual Total Time": 485.788,
                                                                        "Actual Rows": 833498,
                                                                        "Actual Loops": 5,
                                                                        "Output": [
                                                                            "n.id",
                                                                            "n.name",
                                                                            "n.imdb_index",
                                                                            "n.imdb_id",
                                                                            "n.gender",
                                                                            "n.name_pcode_cf",
                                                                            "n.name_pcode_nf",
                                                                            "n.surname_pcode",
                                                                            "n.md5sum"
                                                                        ],
                                                                        "Workers": [
                                                                            {
                                                                                "Worker Number": 0,
                                                                                "Actual Startup Time": 0.119,
                                                                                "Actual Total Time": 607.594,
                                                                                "Actual Rows": 1047130,
                                                                                "Actual Loops": 1
                                                                            },
                                                                            {
                                                                                "Worker Number": 1,
                                                                                "Actual Startup Time": 0.125,
                                                                                "Actual Total Time": 594.665,
                                                                                "Actual Rows": 1029201,
                                                                                "Actual Loops": 1
                                                                            },
                                                                            {
                                                                                "Worker Number": 2,
                                                                                "Actual Startup Time": 0.301,
                                                                                "Actual Total Time": 609.174,
                                                                                "Actual Rows": 1033922,
                                                                                "Actual Loops": 1
                                                                            },
                                                                            {
                                                                                "Worker Number": 3,
                                                                                "Actual Startup Time": 0.17,
                                                                                "Actual Total Time": 603.667,
                                                                                "Actual Rows": 1033564,
                                                                                "Actual Loops": 1
                                                                            }
                                                                        ]
                                                                    },
                                                                    {
                                                                        "Node Type": "Index Scan",
                                                                        "Parent Relationship": "Inner",
                                                                        "Parallel Aware": false,
                                                                        "Scan Direction": "Forward",
                                                                        "Index Name": "person_id_cast_info",
                                                                        "Relation Name": "cast_info",
                                                                        "Schema": "public",
                                                                        "Alias": "ci",
                                                                        "Startup Cost": 0.56,
                                                                        "Total Cost": 9.86,
                                                                        "Plan Rows": 510,
                                                                        "Plan Width": 8,
                                                                        "Actual Startup Time": 0.002,
                                                                        "Actual Total Time": 0.004,
                                                                        "Actual Rows": 9,
                                                                        "Actual Loops": 4167491,
                                                                        "Output": [
                                                                            "ci.id",
                                                                            "ci.person_id",
                                                                            "ci.movie_id",
                                                                            "ci.person_role_id",
                                                                            "ci.note",
                                                                            "ci.nr_order",
                                                                            "ci.role_id"
                                                                        ],
                                                                        "Index Cond": "(ci.person_id = n.id)",
                                                                        "Rows Removed by Index Recheck": 0,
                                                                        "Workers": [
                                                                            {
                                                                                "Worker Number": 0,
                                                                                "Actual Startup Time": 0.002,
                                                                                "Actual Total Time": 0.004,
                                                                                "Actual Rows": 9,
                                                                                "Actual Loops": 1047130
                                                                            },
                                                                            {
                                                                                "Worker Number": 1,
                                                                                "Actual Startup Time": 0.002,
                                                                                "Actual Total Time": 0.004,
                                                                                "Actual Rows": 9,
                                                                                "Actual Loops": 1029201
                                                                            },
                                                                            {
                                                                                "Worker Number": 2,
                                                                                "Actual Startup Time": 0.002,
                                                                                "Actual Total Time": 0.004,
                                                                                "Actual Rows": 9,
                                                                                "Actual Loops": 1033922
                                                                            },
                                                                            {
                                                                                "Worker Number": 3,
                                                                                "Actual Startup Time": 0.002,
                                                                                "Actual Total Time": 0.004,
                                                                                "Actual Rows": 9,
                                                                                "Actual Loops": 1033564
                                                                            }
                                                                        ]
                                                                    }
                                                                ]
                                                            }
                                                        ]
                                                    }
                                                ]
                                            }
                                        ]
                                    }
                                ]
                            }
                        ]
                    },
                    {
                        "Node Type": "Bitmap Heap Scan",
                        "Parent Relationship": "Inner",
                        "Parallel Aware": false,
                        "Relation Name": "title",
                        "Schema": "public",
                        "Alias": "t",
                        "Startup Cost": 0.45,
                        "Total Cost": 4.46,
                        "Plan Rows": 1,
                        "Plan Width": 21,
                        "Actual Startup Time": 0.003,
                        "Actual Total Time": 0.003,
                        "Actual Rows": 1,
                        "Actual Loops": 1459052,
                        "Output": [
                            "t.id",
                            "t.title",
                            "t.imdb_index",
                            "t.kind_id",
                            "t.production_year",
                            "t.imdb_id",
                            "t.phonetic_code",
                            "t.episode_of_id",
                            "t.season_nr",
                            "t.episode_nr",
                            "t.series_years",
                            "t.md5sum"
                        ],
                        "Recheck Cond": "(t.id = mk.movie_id)",
                        "Rows Removed by Index Recheck": 0,
                        "Filter": "(t.production_year > 1998)",
                        "Rows Removed by Filter": 0,
                        "Exact Heap Blocks": 1459052,
                        "Lossy Heap Blocks": 0,
                        "Plans": [
                            {
                                "Node Type": "Bitmap Index Scan",
                                "Parent Relationship": "Outer",
                                "Parallel Aware": false,
                                "Index Name": "title_pkey",
                                "Startup Cost": 0.0,
                                "Total Cost": 0.45,
                                "Plan Rows": 1,
                                "Plan Width": 0,
                                "Actual Startup Time": 0.002,
                                "Actual Total Time": 0.002,
                                "Actual Rows": 1,
                                "Actual Loops": 1459052,
                                "Index Cond": "(t.id = mk.movie_id)"
                            }
                        ]
                    }
                ]
            }
        ]
    },
    "Planning Time": 1.768,
    "Triggers": [],
    "Execution Time": 105596.801
}