[
  {
    "Plan": {
      "Node Type": "Aggregate",
      "Strategy": "Plain",
      "Partial Mode": "Finalize",
      "Parallel Aware": false,
      "Startup Cost": 77198.84,
      "Total Cost": 77198.85,
      "Plan Rows": 1,
      "Plan Width": 8,
      "Actual Startup Time": 207.334,
      "Actual Total Time": 223.002,
      "Actual Rows": 1,
      "Actual Loops": 1,
      "Plans": [
        {
          "Node Type": "Gather",
          "Parent Relationship": "Outer",
          "Parallel Aware": false,
          "Startup Cost": 77198.52,
          "Total Cost": 77198.83,
          "Plan Rows": 3,
          "Plan Width": 8,
          "Actual Startup Time": 206.146,
          "Actual Total Time": 222.993,
          "Actual Rows": 4,
          "Actual Loops": 1,
          "Workers Planned": 3,
          "Workers Launched": 3,
          "Single Copy": false,
          "Plans": [
            {
              "Node Type": "Aggregate",
              "Strategy": "Plain",
              "Partial Mode": "Partial",
              "Parent Relationship": "Outer",
              "Parallel Aware": false,
              "Startup Cost": 76198.52,
              "Total Cost": 76198.53,
              "Plan Rows": 1,
              "Plan Width": 8,
              "Actual Startup Time": 197.504,
              "Actual Total Time": 197.575,
              "Actual Rows": 1,
              "Actual Loops": 4,
              "Plans": [
                {
                  "Node Type": "Hash Join",
                  "Parent Relationship": "Outer",
                  "Parallel Aware": true,
                  "Join Type": "Inner",
                  "Startup Cost": 50622.36,
                  "Total Cost": 76191.73,
                  "Plan Rows": 2717,
                  "Plan Width": 0,
                  "Actual Startup Time": 144.167,
                  "Actual Total Time": 196.695,
                  "Actual Rows": 13344,
                  "Actual Loops": 4,
                  "Inner Unique": true,
                  "Hash Cond": "(mk.movie_id = t.id)",
                  "Plans": [
                    {
                      "Node Type": "Bitmap Heap Scan",
                      "Parent Relationship": "Outer",
                      "Parallel Aware": true,
                      "Relation Name": "movie_keyword",
                      "Alias": "mk",
                      "Startup Cost": 4852.12,
                      "Total Cost": 30227.92,
                      "Plan Rows": 73744,
                      "Plan Width": 4,
                      "Actual Startup Time": 15.729,
                      "Actual Total Time": 57.993,
                      "Actual Rows": 54717,
                      "Actual Loops": 4,
                      "Recheck Cond": "(keyword_id > 64990)",
                      "Rows Removed by Index Recheck": 0,
                      "Exact Heap Blocks": 6862,
                      "Lossy Heap Blocks": 0,
                      "Plans": [
                        {
                          "Node Type": "Bitmap Index Scan",
                          "Parent Relationship": "Outer",
                          "Parallel Aware": false,
                          "Index Name": "keyword_id_movie_keyword",
                          "Startup Cost": 0.0,
                          "Total Cost": 4794.97,
                          "Plan Rows": 228605,
                          "Plan Width": 0,
                          "Actual Startup Time": 12.65,
                          "Actual Total Time": 12.65,
                          "Actual Rows": 218867,
                          "Actual Loops": 1,
                          "Index Cond": "(keyword_id > 64990)"
                        }
                      ]
                    },
                    {
                      "Node Type": "Hash",
                      "Parent Relationship": "Inner",
                      "Parallel Aware": true,
                      "Startup Cost": 45479.1,
                      "Total Cost": 45479.1,
                      "Plan Rows": 23291,
                      "Plan Width": 4,
                      "Actual Startup Time": 124.072,
                      "Actual Total Time": 124.073,
                      "Actual Rows": 56614,
                      "Actual Loops": 4,
                      "Hash Buckets": 262144,
                      "Original Hash Buckets": 131072,
                      "Hash Batches": 1,
                      "Original Hash Batches": 1,
                      "Peak Memory Usage": 11968,
                      "Plans": [
                        {
                          "Node Type": "Seq Scan",
                          "Parent Relationship": "Outer",
                          "Parallel Aware": true,
                          "Relation Name": "title",
                          "Alias": "t",
                          "Startup Cost": 0.0,
                          "Total Cost": 45479.1,
                          "Plan Rows": 23291,
                          "Plan Width": 4,
                          "Actual Startup Time": 61.485,
                          "Actual Total Time": 101.41,
                          "Actual Rows": 56614,
                          "Actual Loops": 4,
                          "Filter": "((production_year < 1970) AND (kind_id = 1))",
                          "Rows Removed by Filter": 575464
                        }
                      ]
                    }
                  ]
                }
              ]
            }
          ]
        }
      ]
    },
    "Planning Time": 0.592,
    "Triggers": [],
    "Execution Time": 223.091
  }
]