[
  {
    "Plan": {
      "Node Type": "Aggregate",
      "Strategy": "Plain",
      "Partial Mode": "Finalize",
      "Parallel Aware": false,
      "Startup Cost": 96792.81,
      "Total Cost": 96792.82,
      "Plan Rows": 1,
      "Plan Width": 8,
      "Actual Startup Time": 506.445,
      "Actual Total Time": 523.027,
      "Actual Rows": 1,
      "Actual Loops": 1,
      "Plans": [
        {
          "Node Type": "Gather",
          "Parent Relationship": "Outer",
          "Parallel Aware": false,
          "Startup Cost": 96792.5,
          "Total Cost": 96792.81,
          "Plan Rows": 3,
          "Plan Width": 8,
          "Actual Startup Time": 501.651,
          "Actual Total Time": 523.018,
          "Actual Rows": 4,
          "Actual Loops": 1,
          "Workers Planned": 3,
          "Workers Launched": 3,
          "Single Copy": false,
          "Plans": [
            {
              "Node Type": "Aggregate",
              "Strategy": "Plain",
              "Partial Mode": "Partial",
              "Parent Relationship": "Outer",
              "Parallel Aware": false,
              "Startup Cost": 95792.5,
              "Total Cost": 95792.51,
              "Plan Rows": 1,
              "Plan Width": 8,
              "Actual Startup Time": 487.204,
              "Actual Total Time": 487.207,
              "Actual Rows": 1,
              "Actual Loops": 4,
              "Plans": [
                {
                  "Node Type": "Hash Join",
                  "Parent Relationship": "Outer",
                  "Parallel Aware": true,
                  "Join Type": "Inner",
                  "Startup Cost": 50674.81,
                  "Total Cost": 94859.76,
                  "Plan Rows": 373095,
                  "Plan Width": 0,
                  "Actual Startup Time": 299.398,
                  "Actual Total Time": 479.826,
                  "Actual Rows": 159292,
                  "Actual Loops": 4,
                  "Inner Unique": true,
                  "Hash Cond": "(mk.movie_id = t.id)",
                  "Plans": [
                    {
                      "Node Type": "Seq Scan",
                      "Parent Relationship": "Outer",
                      "Parallel Aware": true,
                      "Relation Name": "movie_keyword",
                      "Alias": "mk",
                      "Startup Cost": 0.0,
                      "Total Cost": 42695.65,
                      "Plan Rows": 567350,
                      "Plan Width": 4,
                      "Actual Startup Time": 0.582,
                      "Actual Total Time": 106.314,
                      "Actual Rows": 440386,
                      "Actual Loops": 4,
                      "Filter": "(keyword_id > 7871)",
                      "Rows Removed by Filter": 690596
                    },
                    {
                      "Node Type": "Hash",
                      "Parent Relationship": "Inner",
                      "Parallel Aware": true,
                      "Startup Cost": 45479.1,
                      "Total Cost": 45479.1,
                      "Plan Rows": 415657,
                      "Plan Width": 4,
                      "Actual Startup Time": 290.516,
                      "Actual Total Time": 290.517,
                      "Actual Rows": 442102,
                      "Actual Loops": 4,
                      "Hash Buckets": 2097152,
                      "Original Hash Buckets": 2097152,
                      "Hash Batches": 1,
                      "Original Hash Batches": 1,
                      "Peak Memory Usage": 85632,
                      "Plans": [
                        {
                          "Node Type": "Seq Scan",
                          "Parent Relationship": "Outer",
                          "Parallel Aware": true,
                          "Relation Name": "title",
                          "Alias": "t",
                          "Startup Cost": 0.0,
                          "Total Cost": 45479.1,
                          "Plan Rows": 415657,
                          "Plan Width": 4,
                          "Actual Startup Time": 0.046,
                          "Actual Total Time": 119.684,
                          "Actual Rows": 442102,
                          "Actual Loops": 4,
                          "Filter": "((kind_id > 1) AND (production_year > 1956))",
                          "Rows Removed by Filter": 189976
                        }
                      ]
                    }
                  ]
                }
              ]
            }
          ]
        }
      ]
    },
    "Planning Time": 0.612,
    "Triggers": [],
    "Execution Time": 523.098
  }
]