[
  {
    "Plan": {
      "Node Type": "Aggregate",
      "Strategy": "Plain",
      "Partial Mode": "Finalize",
      "Parallel Aware": false,
      "Startup Cost": 207014.9,
      "Total Cost": 207014.91,
      "Plan Rows": 1,
      "Plan Width": 8,
      "Actual Startup Time": 580.815,
      "Actual Total Time": 622.982,
      "Actual Rows": 1,
      "Actual Loops": 1,
      "Plans": [
        {
          "Node Type": "Gather",
          "Parent Relationship": "Outer",
          "Parallel Aware": false,
          "Startup Cost": 207014.37,
          "Total Cost": 207014.88,
          "Plan Rows": 5,
          "Plan Width": 8,
          "Actual Startup Time": 580.604,
          "Actual Total Time": 622.972,
          "Actual Rows": 6,
          "Actual Loops": 1,
          "Workers Planned": 5,
          "Workers Launched": 5,
          "Single Copy": false,
          "Plans": [
            {
              "Node Type": "Aggregate",
              "Strategy": "Plain",
              "Partial Mode": "Partial",
              "Parent Relationship": "Outer",
              "Parallel Aware": false,
              "Startup Cost": 206014.37,
              "Total Cost": 206014.38,
              "Plan Rows": 1,
              "Plan Width": 8,
              "Actual Startup Time": 573.4,
              "Actual Total Time": 573.401,
              "Actual Rows": 1,
              "Actual Loops": 6,
              "Plans": [
                {
                  "Node Type": "Seq Scan",
                  "Parent Relationship": "Outer",
                  "Parallel Aware": true,
                  "Relation Name": "movie_info",
                  "Alias": "mi",
                  "Startup Cost": 0.0,
                  "Total Cost": 199108.24,
                  "Plan Rows": 2762452,
                  "Plan Width": 0,
                  "Actual Startup Time": 0.052,
                  "Actual Total Time": 440.391,
                  "Actual Rows": 2300488,
                  "Actual Loops": 6,
                  "Filter": "(info_type_id < 84)",
                  "Rows Removed by Filter": 172132
                }
              ]
            }
          ]
        }
      ]
    },
    "Planning Time": 0.102,
    "Triggers": [],
    "Execution Time": 623.04
  }
]