[
  {
    "Plan": {
      "Node Type": "Aggregate",
      "Strategy": "Plain",
      "Partial Mode": "Finalize",
      "Parallel Aware": false,
      "Startup Cost": 305185.99,
      "Total Cost": 305186.0,
      "Plan Rows": 1,
      "Plan Width": 8,
      "Actual Startup Time": 1594.579,
      "Actual Total Time": 1681.349,
      "Actual Rows": 1,
      "Actual Loops": 1,
      "Plans": [
        {
          "Node Type": "Gather",
          "Parent Relationship": "Outer",
          "Parallel Aware": false,
          "Startup Cost": 305185.67,
          "Total Cost": 305185.98,
          "Plan Rows": 3,
          "Plan Width": 8,
          "Actual Startup Time": 1591.53,
          "Actual Total Time": 1681.339,
          "Actual Rows": 4,
          "Actual Loops": 1,
          "Workers Planned": 3,
          "Workers Launched": 3,
          "Single Copy": false,
          "Plans": [
            {
              "Node Type": "Aggregate",
              "Strategy": "Plain",
              "Partial Mode": "Partial",
              "Parent Relationship": "Outer",
              "Parallel Aware": false,
              "Startup Cost": 304185.67,
              "Total Cost": 304185.68,
              "Plan Rows": 1,
              "Plan Width": 8,
              "Actual Startup Time": 1582.171,
              "Actual Total Time": 1582.175,
              "Actual Rows": 1,
              "Actual Loops": 4,
              "Plans": [
                {
                  "Node Type": "Nested Loop",
                  "Parent Relationship": "Outer",
                  "Parallel Aware": false,
                  "Join Type": "Inner",
                  "Startup Cost": 46358.14,
                  "Total Cost": 304107.53,
                  "Plan Rows": 31258,
                  "Plan Width": 0,
                  "Actual Startup Time": 185.692,
                  "Actual Total Time": 1576.527,
                  "Actual Rows": 80629,
                  "Actual Loops": 4,
                  "Inner Unique": false,
                  "Plans": [
                    {
                      "Node Type": "Hash Join",
                      "Parent Relationship": "Outer",
                      "Parallel Aware": true,
                      "Join Type": "Inner",
                      "Startup Cost": 46357.58,
                      "Total Cost": 76241.42,
                      "Plan Rows": 67947,
                      "Plan Width": 8,
                      "Actual Startup Time": 185.067,
                      "Actual Total Time": 316.078,
                      "Actual Rows": 38563,
                      "Actual Loops": 4,
                      "Inner Unique": true,
                      "Hash Cond": "(mc.movie_id = t.id)",
                      "Plans": [
                        {
                          "Node Type": "Seq Scan",
                          "Parent Relationship": "Outer",
                          "Parallel Aware": true,
                          "Relation Name": "movie_companies",
                          "Alias": "mc",
                          "Startup Cost": 0.0,
                          "Total Cost": 29310.68,
                          "Plan Rows": 218348,
                          "Plan Width": 4,
                          "Actual Startup Time": 0.023,
                          "Actual Total Time": 62.499,
                          "Actual Rows": 167522,
                          "Actual Loops": 4,
                          "Filter": "(company_id < 1070)",
                          "Rows Removed by Filter": 484760
                        },
                        {
                          "Node Type": "Hash",
                          "Parent Relationship": "Inner",
                          "Parallel Aware": true,
                          "Startup Cost": 43898.92,
                          "Total Cost": 43898.92,
                          "Plan Rows": 196693,
                          "Plan Width": 4,
                          "Actual Startup Time": 179.979,
                          "Actual Total Time": 179.98,
                          "Actual Rows": 196232,
                          "Actual Loops": 4,
                          "Hash Buckets": 1048576,
                          "Original Hash Buckets": 1048576,
                          "Hash Batches": 1,
                          "Original Hash Batches": 1,
                          "Peak Memory Usage": 38944,
                          "Plans": [
                            {
                              "Node Type": "Seq Scan",
                              "Parent Relationship": "Outer",
                              "Parallel Aware": true,
                              "Relation Name": "title",
                              "Alias": "t",
                              "Startup Cost": 0.0,
                              "Total Cost": 43898.92,
                              "Plan Rows": 196693,
                              "Plan Width": 4,
                              "Actual Startup Time": 0.042,
                              "Actual Total Time": 105.611,
                              "Actual Rows": 196232,
                              "Actual Loops": 4,
                              "Filter": "(production_year > 2007)",
                              "Rows Removed by Filter": 435846
                            }
                          ]
                        }
                      ]
                    },
                    {
                      "Node Type": "Index Scan",
                      "Parent Relationship": "Inner",
                      "Parallel Aware": false,
                      "Scan Direction": "Forward",
                      "Index Name": "movie_id_cast_info",
                      "Relation Name": "cast_info",
                      "Alias": "ci",
                      "Startup Cost": 0.56,
                      "Total Cost": 3.34,
                      "Plan Rows": 1,
                      "Plan Width": 4,
                      "Actual Startup Time": 0.009,
                      "Actual Total Time": 0.032,
                      "Actual Rows": 2,
                      "Actual Loops": 154252,
                      "Index Cond": "(movie_id = t.id)",
                      "Rows Removed by Index Recheck": 0,
                      "Filter": "((person_id < 334753) AND (role_id = 1))",
                      "Rows Removed by Filter": 40
                    }
                  ]
                }
              ]
            }
          ]
        }
      ]
    },
    "Planning Time": 1.424,
    "Triggers": [],
    "Execution Time": 1681.452
  }
]