[
  {
    "Plan": {
      "Node Type": "Aggregate",
      "Strategy": "Plain",
      "Partial Mode": "Finalize",
      "Parallel Aware": false,
      "Startup Cost": 46085.58,
      "Total Cost": 46085.59,
      "Plan Rows": 1,
      "Plan Width": 8,
      "Actual Startup Time": 183.848,
      "Actual Total Time": 191.668,
      "Actual Rows": 1,
      "Actual Loops": 1,
      "Plans": [
        {
          "Node Type": "Gather",
          "Parent Relationship": "Outer",
          "Parallel Aware": false,
          "Startup Cost": 46085.26,
          "Total Cost": 46085.57,
          "Plan Rows": 3,
          "Plan Width": 8,
          "Actual Startup Time": 183.702,
          "Actual Total Time": 191.659,
          "Actual Rows": 4,
          "Actual Loops": 1,
          "Workers Planned": 3,
          "Workers Launched": 3,
          "Single Copy": false,
          "Plans": [
            {
              "Node Type": "Aggregate",
              "Strategy": "Plain",
              "Partial Mode": "Partial",
              "Parent Relationship": "Outer",
              "Parallel Aware": false,
              "Startup Cost": 45085.26,
              "Total Cost": 45085.27,
              "Plan Rows": 1,
              "Plan Width": 8,
              "Actual Startup Time": 178.53,
              "Actual Total Time": 178.531,
              "Actual Rows": 1,
              "Actual Loops": 4,
              "Plans": [
                {
                  "Node Type": "Seq Scan",
                  "Parent Relationship": "Outer",
                  "Parallel Aware": true,
                  "Relation Name": "movie_keyword",
                  "Alias": "mk",
                  "Startup Cost": 0.0,
                  "Total Cost": 42695.65,
                  "Plan Rows": 955844,
                  "Plan Width": 0,
                  "Actual Startup Time": 0.041,
                  "Actual Total Time": 137.039,
                  "Actual Rows": 743154,
                  "Actual Loops": 4,
                  "Filter": "(keyword_id < 10169)",
                  "Rows Removed by Filter": 387828
                }
              ]
            }
          ]
        }
      ]
    },
    "Planning Time": 0.086,
    "Triggers": [],
    "Execution Time": 191.698
  }
]