[
  {
    "Plan": {
      "Node Type": "Aggregate",
      "Strategy": "Plain",
      "Partial Mode": "Finalize",
      "Parallel Aware": false,
      "Startup Cost": 130140.71,
      "Total Cost": 130140.72,
      "Plan Rows": 1,
      "Plan Width": 8,
      "Actual Startup Time": 170.485,
      "Actual Total Time": 181.87,
      "Actual Rows": 1,
      "Actual Loops": 1,
      "Plans": [
        {
          "Node Type": "Gather",
          "Parent Relationship": "Outer",
          "Parallel Aware": false,
          "Startup Cost": 130140.18,
          "Total Cost": 130140.69,
          "Plan Rows": 5,
          "Plan Width": 8,
          "Actual Startup Time": 170.398,
          "Actual Total Time": 181.863,
          "Actual Rows": 6,
          "Actual Loops": 1,
          "Workers Planned": 5,
          "Workers Launched": 5,
          "Single Copy": false,
          "Plans": [
            {
              "Node Type": "Aggregate",
              "Strategy": "Plain",
              "Partial Mode": "Partial",
              "Parent Relationship": "Outer",
              "Parallel Aware": false,
              "Startup Cost": 129140.18,
              "Total Cost": 129140.19,
              "Plan Rows": 1,
              "Plan Width": 8,
              "Actual Startup Time": 162.021,
              "Actual Total Time": 162.022,
              "Actual Rows": 1,
              "Actual Loops": 6,
              "Plans": [
                {
                  "Node Type": "Index Scan",
                  "Parent Relationship": "Outer",
                  "Parallel Aware": true,
                  "Scan Direction": "Forward",
                  "Index Name": "role_id_cast_info",
                  "Relation Name": "cast_info",
                  "Alias": "ci",
                  "Startup Cost": 0.56,
                  "Total Cost": 127762.24,
                  "Plan Rows": 551180,
                  "Plan Width": 0,
                  "Actual Startup Time": 0.205,
                  "Actual Total Time": 154.806,
                  "Actual Rows": 150204,
                  "Actual Loops": 6,
                  "Index Cond": "(role_id > 9)",
                  "Rows Removed by Index Recheck": 0,
                  "Filter": "(person_id < 2162791)",
                  "Rows Removed by Filter": 622985
                }
              ]
            }
          ]
        }
      ]
    },
    "Planning Time": 0.19,
    "Triggers": [],
    "Execution Time": 181.924
  }
]