[
  {
    "Plan": {
      "Node Type": "Aggregate",
      "Strategy": "Plain",
      "Partial Mode": "Simple",
      "Parallel Aware": false,
      "Startup Cost": 21740.76,
      "Total Cost": 21740.77,
      "Plan Rows": 1,
      "Plan Width": 8,
      "Actual Startup Time": 41.014,
      "Actual Total Time": 41.015,
      "Actual Rows": 1,
      "Actual Loops": 1,
      "Plans": [
        {
          "Node Type": "Bitmap Heap Scan",
          "Parent Relationship": "Outer",
          "Parallel Aware": false,
          "Relation Name": "movie_companies",
          "Alias": "mc",
          "Startup Cost": 1743.95,
          "Total Cost": 21539.62,
          "Plan Rows": 80454,
          "Plan Width": 0,
          "Actual Startup Time": 11.468,
          "Actual Total Time": 34.521,
          "Actual Rows": 77269,
          "Actual Loops": 1,
          "Recheck Cond": "(company_id > 171720)",
          "Rows Removed by Index Recheck": 0,
          "Exact Heap Blocks": 2649,
          "Lossy Heap Blocks": 0,
          "Plans": [
            {
              "Node Type": "Bitmap Index Scan",
              "Parent Relationship": "Outer",
              "Parallel Aware": false,
              "Index Name": "company_id_movie_companies",
              "Startup Cost": 0.0,
              "Total Cost": 1723.84,
              "Plan Rows": 80454,
              "Plan Width": 0,
              "Actual Startup Time": 10.365,
              "Actual Total Time": 10.366,
              "Actual Rows": 77269,
              "Actual Loops": 1,
              "Index Cond": "(company_id > 171720)"
            }
          ]
        }
      ]
    },
    "Planning Time": 0.184,
    "Triggers": [],
    "Execution Time": 41.076
  }
]