[
  {
    "Plan": {
      "Node Type": "Aggregate",
      "Strategy": "Plain",
      "Partial Mode": "Finalize",
      "Parallel Aware": false,
      "Startup Cost": 390907.96,
      "Total Cost": 390907.97,
      "Plan Rows": 1,
      "Plan Width": 8,
      "Actual Startup Time": 1692.94,
      "Actual Total Time": 1753.733,
      "Actual Rows": 1,
      "Actual Loops": 1,
      "Plans": [
        {
          "Node Type": "Gather",
          "Parent Relationship": "Outer",
          "Parallel Aware": false,
          "Startup Cost": 390907.34,
          "Total Cost": 390907.95,
          "Plan Rows": 6,
          "Plan Width": 8,
          "Actual Startup Time": 1679.807,
          "Actual Total Time": 1753.721,
          "Actual Rows": 7,
          "Actual Loops": 1,
          "Workers Planned": 6,
          "Workers Launched": 6,
          "Single Copy": false,
          "Plans": [
            {
              "Node Type": "Aggregate",
              "Strategy": "Plain",
              "Partial Mode": "Partial",
              "Parent Relationship": "Outer",
              "Parallel Aware": false,
              "Startup Cost": 389907.34,
              "Total Cost": 389907.35,
              "Plan Rows": 1,
              "Plan Width": 8,
              "Actual Startup Time": 1668.66,
              "Actual Total Time": 1668.664,
              "Actual Rows": 1,
              "Actual Loops": 7,
              "Plans": [
                {
                  "Node Type": "Hash Join",
                  "Parent Relationship": "Outer",
                  "Parallel Aware": true,
                  "Join Type": "Inner",
                  "Startup Cost": 49754.77,
                  "Total Cost": 385846.53,
                  "Plan Rows": 1624321,
                  "Plan Width": 0,
                  "Actual Startup Time": 172.932,
                  "Actual Total Time": 1604.773,
                  "Actual Rows": 1348656,
                  "Actual Loops": 7,
                  "Inner Unique": true,
                  "Hash Cond": "(ci.movie_id = t.id)",
                  "Plans": [
                    {
                      "Node Type": "Seq Scan",
                      "Parent Relationship": "Outer",
                      "Parallel Aware": true,
                      "Relation Name": "cast_info",
                      "Alias": "ci",
                      "Startup Cost": 0.0,
                      "Total Cost": 328211.39,
                      "Plan Rows": 3002041,
                      "Plan Width": 4,
                      "Actual Startup Time": 0.023,
                      "Actual Total Time": 616.728,
                      "Actual Rows": 2598013,
                      "Actual Loops": 7,
                      "Filter": "(person_id < 1805694)",
                      "Rows Removed by Filter": 2579751
                    },
                    {
                      "Node Type": "Hash",
                      "Parent Relationship": "Inner",
                      "Parallel Aware": true,
                      "Startup Cost": 45479.59,
                      "Total Cost": 45479.59,
                      "Plan Rows": 342015,
                      "Plan Width": 4,
                      "Actual Startup Time": 169.501,
                      "Actual Total Time": 169.503,
                      "Actual Rows": 191384,
                      "Actual Loops": 7,
                      "Hash Buckets": 2097152,
                      "Original Hash Buckets": 2097152,
                      "Hash Batches": 1,
                      "Original Hash Batches": 1,
                      "Peak Memory Usage": 68864,
                      "Plans": [
                        {
                          "Node Type": "Seq Scan",
                          "Parent Relationship": "Outer",
                          "Parallel Aware": true,
                          "Relation Name": "title",
                          "Alias": "t",
                          "Startup Cost": 0.0,
                          "Total Cost": 45479.59,
                          "Plan Rows": 342015,
                          "Plan Width": 4,
                          "Actual Startup Time": 0.024,
                          "Actual Total Time": 80.958,
                          "Actual Rows": 191384,
                          "Actual Loops": 7,
                          "Filter": "((kind_id > 4) AND (production_year < 2012))",
                          "Rows Removed by Filter": 169804
                        }
                      ]
                    }
                  ]
                }
              ]
            }
          ]
        }
      ]
    },
    "Planning Time": 0.32,
    "Triggers": [],
    "Execution Time": 1753.795
  }
]