[
  {
    "Plan": {
      "Node Type": "Aggregate",
      "Strategy": "Plain",
      "Partial Mode": "Finalize",
      "Parallel Aware": false,
      "Startup Cost": 45170.72,
      "Total Cost": 45170.73,
      "Plan Rows": 1,
      "Plan Width": 8,
      "Actual Startup Time": 150.556,
      "Actual Total Time": 158.702,
      "Actual Rows": 1,
      "Actual Loops": 1,
      "Plans": [
        {
          "Node Type": "Gather",
          "Parent Relationship": "Outer",
          "Parallel Aware": false,
          "Startup Cost": 45170.4,
          "Total Cost": 45170.71,
          "Plan Rows": 3,
          "Plan Width": 8,
          "Actual Startup Time": 150.452,
          "Actual Total Time": 158.694,
          "Actual Rows": 4,
          "Actual Loops": 1,
          "Workers Planned": 3,
          "Workers Launched": 3,
          "Single Copy": false,
          "Plans": [
            {
              "Node Type": "Aggregate",
              "Strategy": "Plain",
              "Partial Mode": "Partial",
              "Parent Relationship": "Outer",
              "Parallel Aware": false,
              "Startup Cost": 44170.4,
              "Total Cost": 44170.41,
              "Plan Rows": 1,
              "Plan Width": 8,
              "Actual Startup Time": 142.042,
              "Actual Total Time": 142.043,
              "Actual Rows": 1,
              "Actual Loops": 4,
              "Plans": [
                {
                  "Node Type": "Seq Scan",
                  "Parent Relationship": "Outer",
                  "Parallel Aware": true,
                  "Relation Name": "movie_keyword",
                  "Alias": "mk",
                  "Startup Cost": 0.0,
                  "Total Cost": 42695.65,
                  "Plan Rows": 589899,
                  "Plan Width": 0,
                  "Actual Startup Time": 1.14,
                  "Actual Total Time": 117.527,
                  "Actual Rows": 459497,
                  "Actual Loops": 4,
                  "Filter": "(keyword_id > 7579)",
                  "Rows Removed by Filter": 671486
                }
              ]
            }
          ]
        }
      ]
    },
    "Planning Time": 0.186,
    "Triggers": [],
    "Execution Time": 158.757
  }
]