[
  {
    "Plan": {
      "Node Type": "Aggregate",
      "Strategy": "Plain",
      "Partial Mode": "Finalize",
      "Parallel Aware": false,
      "Startup Cost": 46771.61,
      "Total Cost": 46771.62,
      "Plan Rows": 1,
      "Plan Width": 8,
      "Actual Startup Time": 89.214,
      "Actual Total Time": 101.667,
      "Actual Rows": 1,
      "Actual Loops": 1,
      "Plans": [
        {
          "Node Type": "Gather",
          "Parent Relationship": "Outer",
          "Parallel Aware": false,
          "Startup Cost": 46771.19,
          "Total Cost": 46771.6,
          "Plan Rows": 4,
          "Plan Width": 8,
          "Actual Startup Time": 89.051,
          "Actual Total Time": 101.658,
          "Actual Rows": 5,
          "Actual Loops": 1,
          "Workers Planned": 4,
          "Workers Launched": 4,
          "Single Copy": false,
          "Plans": [
            {
              "Node Type": "Aggregate",
              "Strategy": "Plain",
              "Partial Mode": "Partial",
              "Parent Relationship": "Outer",
              "Parallel Aware": false,
              "Startup Cost": 45771.19,
              "Total Cost": 45771.2,
              "Plan Rows": 1,
              "Plan Width": 8,
              "Actual Startup Time": 83.447,
              "Actual Total Time": 83.448,
              "Actual Rows": 1,
              "Actual Loops": 5,
              "Plans": [
                {
                  "Node Type": "Seq Scan",
                  "Parent Relationship": "Outer",
                  "Parallel Aware": true,
                  "Relation Name": "title",
                  "Alias": "t",
                  "Startup Cost": 0.0,
                  "Total Cost": 45479.59,
                  "Plan Rows": 116640,
                  "Plan Width": 0,
                  "Actual Startup Time": 0.037,
                  "Actual Total Time": 79.432,
                  "Actual Rows": 79272,
                  "Actual Loops": 5,
                  "Filter": "((kind_id < 7) AND (production_year > 2003))",
                  "Rows Removed by Filter": 426391
                }
              ]
            }
          ]
        }
      ]
    },
    "Planning Time": 0.064,
    "Triggers": [],
    "Execution Time": 101.696
  }
]