[
  {
    "Plan": {
      "Node Type": "Aggregate",
      "Strategy": "Plain",
      "Partial Mode": "Finalize",
      "Parallel Aware": false,
      "Startup Cost": 96303.82,
      "Total Cost": 96303.83,
      "Plan Rows": 1,
      "Plan Width": 8,
      "Actual Startup Time": 353.466,
      "Actual Total Time": 375.451,
      "Actual Rows": 1,
      "Actual Loops": 1,
      "Plans": [
        {
          "Node Type": "Gather",
          "Parent Relationship": "Outer",
          "Parallel Aware": false,
          "Startup Cost": 96303.4,
          "Total Cost": 96303.81,
          "Plan Rows": 4,
          "Plan Width": 8,
          "Actual Startup Time": 348.918,
          "Actual Total Time": 375.438,
          "Actual Rows": 5,
          "Actual Loops": 1,
          "Workers Planned": 4,
          "Workers Launched": 4,
          "Single Copy": false,
          "Plans": [
            {
              "Node Type": "Aggregate",
              "Strategy": "Plain",
              "Partial Mode": "Partial",
              "Parent Relationship": "Outer",
              "Parallel Aware": false,
              "Startup Cost": 95303.4,
              "Total Cost": 95303.41,
              "Plan Rows": 1,
              "Plan Width": 8,
              "Actual Startup Time": 341.273,
              "Actual Total Time": 341.281,
              "Actual Rows": 1,
              "Actual Loops": 5,
              "Plans": [
                {
                  "Node Type": "Hash Join",
                  "Parent Relationship": "Outer",
                  "Parallel Aware": true,
                  "Join Type": "Inner",
                  "Startup Cost": 50365.35,
                  "Total Cost": 95273.44,
                  "Plan Rows": 11984,
                  "Plan Width": 0,
                  "Actual Startup Time": 230.428,
                  "Actual Total Time": 338.982,
                  "Actual Rows": 41266,
                  "Actual Loops": 5,
                  "Inner Unique": false,
                  "Hash Cond": "(t.id = mi_idx.movie_id)",
                  "Plans": [
                    {
                      "Node Type": "Seq Scan",
                      "Parent Relationship": "Outer",
                      "Parallel Aware": true,
                      "Relation Name": "title",
                      "Alias": "t",
                      "Startup Cost": 0.0,
                      "Total Cost": 42319.06,
                      "Plan Rows": 632106,
                      "Plan Width": 4,
                      "Actual Startup Time": 0.018,
                      "Actual Total Time": 77.663,
                      "Actual Rows": 505662,
                      "Actual Loops": 5
                    },
                    {
                      "Node Type": "Hash",
                      "Parent Relationship": "Inner",
                      "Parallel Aware": true,
                      "Startup Cost": 49272.16,
                      "Total Cost": 49272.16,
                      "Plan Rows": 87455,
                      "Plan Width": 8,
                      "Actual Startup Time": 178.233,
                      "Actual Total Time": 178.239,
                      "Actual Rows": 41266,
                      "Actual Loops": 5,
                      "Hash Buckets": 524288,
                      "Original Hash Buckets": 524288,
                      "Hash Batches": 1,
                      "Original Hash Batches": 1,
                      "Peak Memory Usage": 12224,
                      "Plans": [
                        {
                          "Node Type": "Hash Join",
                          "Parent Relationship": "Outer",
                          "Parallel Aware": true,
                          "Join Type": "Inner",
                          "Startup Cost": 23083.92,
                          "Total Cost": 49272.16,
                          "Plan Rows": 87455,
                          "Plan Width": 8,
                          "Actual Startup Time": 95.299,
                          "Actual Total Time": 161.3,
                          "Actual Rows": 41266,
                          "Actual Loops": 5,
                          "Inner Unique": false,
                          "Hash Cond": "(mk.movie_id = mi_idx.movie_id)",
                          "Plans": [
                            {
                              "Node Type": "Bitmap Heap Scan",
                              "Parent Relationship": "Outer",
                              "Parallel Aware": true,
                              "Relation Name": "movie_keyword",
                              "Alias": "mk",
                              "Startup Cost": 5545.7,
                              "Total Cost": 31053.43,
                              "Plan Rows": 84298,
                              "Plan Width": 4,
                              "Actual Startup Time": 17.458,
                              "Actual Total Time": 62.677,
                              "Actual Rows": 53558,
                              "Actual Loops": 5,
                              "Recheck Cond": "(keyword_id > 58652)",
                              "Rows Removed by Index Recheck": 0,
                              "Exact Heap Blocks": 7209,
                              "Lossy Heap Blocks": 0,
                              "Plans": [
                                {
                                  "Node Type": "Bitmap Index Scan",
                                  "Parent Relationship": "Outer",
                                  "Parallel Aware": false,
                                  "Index Name": "keyword_id_movie_keyword",
                                  "Startup Cost": 0.0,
                                  "Total Cost": 5480.37,
                                  "Plan Rows": 261325,
                                  "Plan Width": 0,
                                  "Actual Startup Time": 14.202,
                                  "Actual Total Time": 14.202,
                                  "Actual Rows": 267789,
                                  "Actual Loops": 1,
                                  "Index Cond": "(keyword_id > 58652)"
                                }
                              ]
                            },
                            {
                              "Node Type": "Hash",
                              "Parent Relationship": "Inner",
                              "Parallel Aware": true,
                              "Startup Cost": 15122.68,
                              "Total Cost": 15122.68,
                              "Plan Rows": 193243,
                              "Plan Width": 4,
                              "Actual Startup Time": 76.94,
                              "Actual Total Time": 76.942,
                              "Actual Rows": 91985,
                              "Actual Loops": 5,
                              "Hash Buckets": 524288,
                              "Original Hash Buckets": 524288,
                              "Hash Batches": 1,
                              "Original Hash Batches": 1,
                              "Peak Memory Usage": 22176,
                              "Plans": [
                                {
                                  "Node Type": "Seq Scan",
                                  "Parent Relationship": "Outer",
                                  "Parallel Aware": true,
                                  "Relation Name": "movie_info_idx",
                                  "Alias": "mi_idx",
                                  "Startup Cost": 0.0,
                                  "Total Cost": 15122.68,
                                  "Plan Rows": 193243,
                                  "Plan Width": 4,
                                  "Actual Startup Time": 0.052,
                                  "Actual Total Time": 40.066,
                                  "Actual Rows": 91985,
                                  "Actual Loops": 5,
                                  "Filter": "(info_type_id = 101)",
                                  "Rows Removed by Filter": 184022
                                }
                              ]
                            }
                          ]
                        }
                      ]
                    }
                  ]
                }
              ]
            }
          ]
        }
      ]
    },
    "Planning Time": 0.91,
    "Triggers": [],
    "Execution Time": 375.515
  }
]