[
  {
    "Plan": {
      "Node Type": "Aggregate",
      "Strategy": "Plain",
      "Partial Mode": "Finalize",
      "Parallel Aware": false,
      "Startup Cost": 96545.04,
      "Total Cost": 96545.05,
      "Plan Rows": 1,
      "Plan Width": 8,
      "Actual Startup Time": 392.292,
      "Actual Total Time": 410.88,
      "Actual Rows": 1,
      "Actual Loops": 1,
      "Plans": [
        {
          "Node Type": "Gather",
          "Parent Relationship": "Outer",
          "Parallel Aware": false,
          "Startup Cost": 96544.62,
          "Total Cost": 96545.03,
          "Plan Rows": 4,
          "Plan Width": 8,
          "Actual Startup Time": 385.457,
          "Actual Total Time": 410.869,
          "Actual Rows": 5,
          "Actual Loops": 1,
          "Workers Planned": 4,
          "Workers Launched": 4,
          "Single Copy": false,
          "Plans": [
            {
              "Node Type": "Aggregate",
              "Strategy": "Plain",
              "Partial Mode": "Partial",
              "Parent Relationship": "Outer",
              "Parallel Aware": false,
              "Startup Cost": 95544.62,
              "Total Cost": 95544.63,
              "Plan Rows": 1,
              "Plan Width": 8,
              "Actual Startup Time": 375.563,
              "Actual Total Time": 375.57,
              "Actual Rows": 1,
              "Actual Loops": 5,
              "Plans": [
                {
                  "Node Type": "Hash Join",
                  "Parent Relationship": "Outer",
                  "Parallel Aware": true,
                  "Join Type": "Inner",
                  "Startup Cost": 50608.66,
                  "Total Cost": 95513.65,
                  "Plan Rows": 12386,
                  "Plan Width": 0,
                  "Actual Startup Time": 258.359,
                  "Actual Total Time": 373.139,
                  "Actual Rows": 41266,
                  "Actual Loops": 5,
                  "Inner Unique": false,
                  "Hash Cond": "(t.id = mi_idx.movie_id)",
                  "Plans": [
                    {
                      "Node Type": "Seq Scan",
                      "Parent Relationship": "Outer",
                      "Parallel Aware": true,
                      "Relation Name": "title",
                      "Alias": "t",
                      "Startup Cost": 0.0,
                      "Total Cost": 42318.73,
                      "Plan Rows": 632073,
                      "Plan Width": 4,
                      "Actual Startup Time": 0.014,
                      "Actual Total Time": 77.602,
                      "Actual Rows": 505662,
                      "Actual Loops": 5
                    },
                    {
                      "Node Type": "Hash",
                      "Parent Relationship": "Inner",
                      "Parallel Aware": true,
                      "Startup Cost": 49528.72,
                      "Total Cost": 49528.72,
                      "Plan Rows": 86395,
                      "Plan Width": 8,
                      "Actual Startup Time": 208.331,
                      "Actual Total Time": 208.336,
                      "Actual Rows": 41266,
                      "Actual Loops": 5,
                      "Hash Buckets": 524288,
                      "Original Hash Buckets": 524288,
                      "Hash Batches": 1,
                      "Original Hash Batches": 1,
                      "Peak Memory Usage": 12288,
                      "Plans": [
                        {
                          "Node Type": "Hash Join",
                          "Parent Relationship": "Outer",
                          "Parallel Aware": true,
                          "Join Type": "Inner",
                          "Startup Cost": 23289.7,
                          "Total Cost": 49528.72,
                          "Plan Rows": 86395,
                          "Plan Width": 8,
                          "Actual Startup Time": 119.933,
                          "Actual Total Time": 190.129,
                          "Actual Rows": 41266,
                          "Actual Loops": 5,
                          "Inner Unique": false,
                          "Hash Cond": "(mk.movie_id = mi_idx.movie_id)",
                          "Plans": [
                            {
                              "Node Type": "Bitmap Heap Scan",
                              "Parent Relationship": "Outer",
                              "Parallel Aware": true,
                              "Relation Name": "movie_keyword",
                              "Alias": "mk",
                              "Startup Cost": 5767.29,
                              "Total Cost": 31317.47,
                              "Plan Rows": 87695,
                              "Plan Width": 4,
                              "Actual Startup Time": 30.313,
                              "Actual Total Time": 77.92,
                              "Actual Rows": 53558,
                              "Actual Loops": 5,
                              "Recheck Cond": "(keyword_id > 58652)",
                              "Rows Removed by Index Recheck": 0,
                              "Exact Heap Blocks": 6364,
                              "Lossy Heap Blocks": 0,
                              "Plans": [
                                {
                                  "Node Type": "Bitmap Index Scan",
                                  "Parent Relationship": "Outer",
                                  "Parallel Aware": false,
                                  "Index Name": "keyword_id_movie_keyword",
                                  "Startup Cost": 0.0,
                                  "Total Cost": 5699.33,
                                  "Plan Rows": 271853,
                                  "Plan Width": 0,
                                  "Actual Startup Time": 25.071,
                                  "Actual Total Time": 25.072,
                                  "Actual Rows": 267789,
                                  "Actual Loops": 1,
                                  "Index Cond": "(keyword_id > 58652)"
                                }
                              ]
                            },
                            {
                              "Node Type": "Hash",
                              "Parent Relationship": "Inner",
                              "Parallel Aware": true,
                              "Startup Cost": 15122.68,
                              "Total Cost": 15122.68,
                              "Plan Rows": 191978,
                              "Plan Width": 4,
                              "Actual Startup Time": 88.249,
                              "Actual Total Time": 88.25,
                              "Actual Rows": 91985,
                              "Actual Loops": 5,
                              "Hash Buckets": 524288,
                              "Original Hash Buckets": 524288,
                              "Hash Batches": 1,
                              "Original Hash Batches": 1,
                              "Peak Memory Usage": 22176,
                              "Plans": [
                                {
                                  "Node Type": "Seq Scan",
                                  "Parent Relationship": "Outer",
                                  "Parallel Aware": true,
                                  "Relation Name": "movie_info_idx",
                                  "Alias": "mi_idx",
                                  "Startup Cost": 0.0,
                                  "Total Cost": 15122.68,
                                  "Plan Rows": 191978,
                                  "Plan Width": 4,
                                  "Actual Startup Time": 0.079,
                                  "Actual Total Time": 43.778,
                                  "Actual Rows": 91985,
                                  "Actual Loops": 5,
                                  "Filter": "(info_type_id = 101)",
                                  "Rows Removed by Filter": 184022
                                }
                              ]
                            }
                          ]
                        }
                      ]
                    }
                  ]
                }
              ]
            }
          ]
        }
      ]
    },
    "Planning Time": 1.389,
    "Triggers": [],
    "Execution Time": 410.986
  }
]