[
  {
    "Plan": {
      "Node Type": "Aggregate",
      "Strategy": "Plain",
      "Partial Mode": "Finalize",
      "Parallel Aware": false,
      "Startup Cost": 403969.15,
      "Total Cost": 403969.16,
      "Plan Rows": 1,
      "Plan Width": 8,
      "Actual Startup Time": 2450.831,
      "Actual Total Time": 2508.971,
      "Actual Rows": 1,
      "Actual Loops": 1,
      "Plans": [
        {
          "Node Type": "Gather",
          "Parent Relationship": "Outer",
          "Parallel Aware": false,
          "Startup Cost": 403968.52,
          "Total Cost": 403969.13,
          "Plan Rows": 6,
          "Plan Width": 8,
          "Actual Startup Time": 2428.495,
          "Actual Total Time": 2508.958,
          "Actual Rows": 7,
          "Actual Loops": 1,
          "Workers Planned": 6,
          "Workers Launched": 6,
          "Single Copy": false,
          "Plans": [
            {
              "Node Type": "Aggregate",
              "Strategy": "Plain",
              "Partial Mode": "Partial",
              "Parent Relationship": "Outer",
              "Parallel Aware": false,
              "Startup Cost": 402968.52,
              "Total Cost": 402968.53,
              "Plan Rows": 1,
              "Plan Width": 8,
              "Actual Startup Time": 2369.097,
              "Actual Total Time": 2369.101,
              "Actual Rows": 1,
              "Actual Loops": 7,
              "Plans": [
                {
                  "Node Type": "Hash Join",
                  "Parent Relationship": "Outer",
                  "Parallel Aware": true,
                  "Join Type": "Inner",
                  "Startup Cost": 50219.64,
                  "Total Cost": 398338.36,
                  "Plan Rows": 1852066,
                  "Plan Width": 0,
                  "Actual Startup Time": 974.319,
                  "Actual Total Time": 2265.815,
                  "Actual Rows": 1838602,
                  "Actual Loops": 7,
                  "Inner Unique": true,
                  "Hash Cond": "(ci.movie_id = t.id)",
                  "Plans": [
                    {
                      "Node Type": "Seq Scan",
                      "Parent Relationship": "Outer",
                      "Parallel Aware": true,
                      "Relation Name": "cast_info",
                      "Alias": "ci",
                      "Startup Cost": 0.0,
                      "Total Cost": 343257.03,
                      "Plan Rows": 1852066,
                      "Plan Width": 4,
                      "Actual Startup Time": 376.513,
                      "Actual Total Time": 773.984,
                      "Actual Rows": 1838602,
                      "Actual Loops": 7,
                      "Filter": "((person_id > 1147057) AND (role_id > 2))",
                      "Rows Removed by Filter": 3339161
                    },
                    {
                      "Node Type": "Hash",
                      "Parent Relationship": "Inner",
                      "Parallel Aware": true,
                      "Startup Cost": 42318.73,
                      "Total Cost": 42318.73,
                      "Plan Rows": 632073,
                      "Plan Width": 4,
                      "Actual Startup Time": 585.627,
                      "Actual Total Time": 585.628,
                      "Actual Rows": 361187,
                      "Actual Loops": 7,
                      "Hash Buckets": 4194304,
                      "Original Hash Buckets": 4194304,
                      "Hash Batches": 1,
                      "Original Hash Batches": 1,
                      "Peak Memory Usage": 131744,
                      "Plans": [
                        {
                          "Node Type": "Seq Scan",
                          "Parent Relationship": "Outer",
                          "Parallel Aware": true,
                          "Relation Name": "title",
                          "Alias": "t",
                          "Startup Cost": 0.0,
                          "Total Cost": 42318.73,
                          "Plan Rows": 632073,
                          "Plan Width": 4,
                          "Actual Startup Time": 0.037,
                          "Actual Total Time": 119.963,
                          "Actual Rows": 361187,
                          "Actual Loops": 7
                        }
                      ]
                    }
                  ]
                }
              ]
            }
          ]
        }
      ]
    },
    "Planning Time": 0.601,
    "Triggers": [],
    "Execution Time": 2509.06
  }
]