[
  {
    "Plan": {
      "Node Type": "Aggregate",
      "Strategy": "Plain",
      "Partial Mode": "Finalize",
      "Parallel Aware": false,
      "Startup Cost": 347362.33,
      "Total Cost": 347362.34,
      "Plan Rows": 1,
      "Plan Width": 8,
      "Actual Startup Time": 632.591,
      "Actual Total Time": 698.417,
      "Actual Rows": 1,
      "Actual Loops": 1,
      "Plans": [
        {
          "Node Type": "Gather",
          "Parent Relationship": "Outer",
          "Parallel Aware": false,
          "Startup Cost": 347361.71,
          "Total Cost": 347362.32,
          "Plan Rows": 6,
          "Plan Width": 8,
          "Actual Startup Time": 632.481,
          "Actual Total Time": 698.406,
          "Actual Rows": 7,
          "Actual Loops": 1,
          "Workers Planned": 6,
          "Workers Launched": 6,
          "Single Copy": false,
          "Plans": [
            {
              "Node Type": "Aggregate",
              "Strategy": "Plain",
              "Partial Mode": "Partial",
              "Parent Relationship": "Outer",
              "Parallel Aware": false,
              "Startup Cost": 346361.71,
              "Total Cost": 346361.72,
              "Plan Rows": 1,
              "Plan Width": 8,
              "Actual Startup Time": 622.301,
              "Actual Total Time": 622.302,
              "Actual Rows": 1,
              "Actual Loops": 7,
              "Plans": [
                {
                  "Node Type": "Seq Scan",
                  "Parent Relationship": "Outer",
                  "Parallel Aware": true,
                  "Relation Name": "cast_info",
                  "Alias": "ci",
                  "Startup Cost": 0.0,
                  "Total Cost": 343257.03,
                  "Plan Rows": 1241872,
                  "Plan Width": 0,
                  "Actual Startup Time": 224.554,
                  "Actual Total Time": 602.03,
                  "Actual Rows": 453052,
                  "Actual Loops": 7,
                  "Filter": "((person_id < 1116802) AND (role_id > 1))",
                  "Rows Removed by Filter": 4724712
                }
              ]
            }
          ]
        }
      ]
    },
    "Planning Time": 0.203,
    "Triggers": [],
    "Execution Time": 698.487
  }
]