[
  {
    "Plan": {
      "Node Type": "Aggregate",
      "Strategy": "Plain",
      "Partial Mode": "Finalize",
      "Parallel Aware": false,
      "Startup Cost": 46478.07,
      "Total Cost": 46478.08,
      "Plan Rows": 1,
      "Plan Width": 8,
      "Actual Startup Time": 160.44,
      "Actual Total Time": 170.292,
      "Actual Rows": 1,
      "Actual Loops": 1,
      "Plans": [
        {
          "Node Type": "Gather",
          "Parent Relationship": "Outer",
          "Parallel Aware": false,
          "Startup Cost": 46477.75,
          "Total Cost": 46478.06,
          "Plan Rows": 3,
          "Plan Width": 8,
          "Actual Startup Time": 160.31,
          "Actual Total Time": 170.283,
          "Actual Rows": 4,
          "Actual Loops": 1,
          "Workers Planned": 3,
          "Workers Launched": 3,
          "Single Copy": false,
          "Plans": [
            {
              "Node Type": "Aggregate",
              "Strategy": "Plain",
              "Partial Mode": "Partial",
              "Parent Relationship": "Outer",
              "Parallel Aware": false,
              "Startup Cost": 45477.75,
              "Total Cost": 45477.76,
              "Plan Rows": 1,
              "Plan Width": 8,
              "Actual Startup Time": 154.315,
              "Actual Total Time": 154.316,
              "Actual Rows": 1,
              "Actual Loops": 4,
              "Plans": [
                {
                  "Node Type": "Seq Scan",
                  "Parent Relationship": "Outer",
                  "Parallel Aware": true,
                  "Relation Name": "movie_keyword",
                  "Alias": "mk",
                  "Startup Cost": 0.0,
                  "Total Cost": 42695.65,
                  "Plan Rows": 1112839,
                  "Plan Width": 0,
                  "Actual Startup Time": 0.047,
                  "Actual Total Time": 116.584,
                  "Actual Rows": 863056,
                  "Actual Loops": 4,
                  "Filter": "(keyword_id < 16475)",
                  "Rows Removed by Filter": 267926
                }
              ]
            }
          ]
        }
      ]
    },
    "Planning Time": 0.182,
    "Triggers": [],
    "Execution Time": 170.347
  }
]