[
  {
    "Plan": {
      "Node Type": "Aggregate",
      "Strategy": "Plain",
      "Partial Mode": "Finalize",
      "Parallel Aware": false,
      "Startup Cost": 30985.32,
      "Total Cost": 30985.33,
      "Plan Rows": 1,
      "Plan Width": 8,
      "Actual Startup Time": 96.897,
      "Actual Total Time": 104.974,
      "Actual Rows": 1,
      "Actual Loops": 1,
      "Plans": [
        {
          "Node Type": "Gather",
          "Parent Relationship": "Outer",
          "Parallel Aware": false,
          "Startup Cost": 30985.0,
          "Total Cost": 30985.31,
          "Plan Rows": 3,
          "Plan Width": 8,
          "Actual Startup Time": 96.703,
          "Actual Total Time": 104.966,
          "Actual Rows": 4,
          "Actual Loops": 1,
          "Workers Planned": 3,
          "Workers Launched": 3,
          "Single Copy": false,
          "Plans": [
            {
              "Node Type": "Aggregate",
              "Strategy": "Plain",
              "Partial Mode": "Partial",
              "Parent Relationship": "Outer",
              "Parallel Aware": false,
              "Startup Cost": 29985.0,
              "Total Cost": 29985.01,
              "Plan Rows": 1,
              "Plan Width": 8,
              "Actual Startup Time": 89.756,
              "Actual Total Time": 89.757,
              "Actual Rows": 1,
              "Actual Loops": 4,
              "Plans": [
                {
                  "Node Type": "Seq Scan",
                  "Parent Relationship": "Outer",
                  "Parallel Aware": true,
                  "Relation Name": "movie_companies",
                  "Alias": "mc",
                  "Startup Cost": 0.0,
                  "Total Cost": 29310.68,
                  "Plan Rows": 269727,
                  "Plan Width": 0,
                  "Actual Startup Time": 27.845,
                  "Actual Total Time": 80.8,
                  "Actual Rows": 212330,
                  "Actual Loops": 4,
                  "Filter": "(company_id > 25320)",
                  "Rows Removed by Filter": 439952
                }
              ]
            }
          ]
        }
      ]
    },
    "Planning Time": 0.189,
    "Triggers": [],
    "Execution Time": 105.031
  }
]