[
  {
    "Plan": {
      "Node Type": "Aggregate",
      "Strategy": "Plain",
      "Partial Mode": "Finalize",
      "Parallel Aware": false,
      "Startup Cost": 76713.29,
      "Total Cost": 76713.3,
      "Plan Rows": 1,
      "Plan Width": 8,
      "Actual Startup Time": 166.62,
      "Actual Total Time": 179.297,
      "Actual Rows": 1,
      "Actual Loops": 1,
      "Plans": [
        {
          "Node Type": "Gather",
          "Parent Relationship": "Outer",
          "Parallel Aware": false,
          "Startup Cost": 76712.97,
          "Total Cost": 76713.28,
          "Plan Rows": 3,
          "Plan Width": 8,
          "Actual Startup Time": 166.135,
          "Actual Total Time": 179.287,
          "Actual Rows": 4,
          "Actual Loops": 1,
          "Workers Planned": 3,
          "Workers Launched": 3,
          "Single Copy": false,
          "Plans": [
            {
              "Node Type": "Aggregate",
              "Strategy": "Plain",
              "Partial Mode": "Partial",
              "Parent Relationship": "Outer",
              "Parallel Aware": false,
              "Startup Cost": 75712.97,
              "Total Cost": 75712.98,
              "Plan Rows": 1,
              "Plan Width": 8,
              "Actual Startup Time": 160.918,
              "Actual Total Time": 160.921,
              "Actual Rows": 1,
              "Actual Loops": 4,
              "Plans": [
                {
                  "Node Type": "Hash Join",
                  "Parent Relationship": "Outer",
                  "Parallel Aware": true,
                  "Join Type": "Inner",
                  "Startup Cost": 54710.63,
                  "Total Cost": 75709.33,
                  "Plan Rows": 1457,
                  "Plan Width": 0,
                  "Actual Startup Time": 111.438,
                  "Actual Total Time": 160.816,
                  "Actual Rows": 902,
                  "Actual Loops": 4,
                  "Inner Unique": true,
                  "Hash Cond": "(mc.movie_id = t.id)",
                  "Plans": [
                    {
                      "Node Type": "Bitmap Heap Scan",
                      "Parent Relationship": "Outer",
                      "Parallel Aware": true,
                      "Relation Name": "movie_companies",
                      "Alias": "mc",
                      "Startup Cost": 9057.48,
                      "Total Cost": 29882.09,
                      "Plan Rows": 66319,
                      "Plan Width": 4,
                      "Actual Startup Time": 21.697,
                      "Actual Total Time": 59.156,
                      "Actual Rows": 79258,
                      "Actual Loops": 4,
                      "Recheck Cond": "(company_id < 284)",
                      "Rows Removed by Index Recheck": 0,
                      "Filter": "(company_type_id < 2)",
                      "Rows Removed by Filter": 24274,
                      "Exact Heap Blocks": 7393,
                      "Lossy Heap Blocks": 0,
                      "Plans": [
                        {
                          "Node Type": "Bitmap Index Scan",
                          "Parent Relationship": "Outer",
                          "Parallel Aware": false,
                          "Index Name": "company_id_movie_companies",
                          "Startup Cost": 0.0,
                          "Total Cost": 9006.08,
                          "Plan Rows": 420487,
                          "Plan Width": 0,
                          "Actual Startup Time": 17.741,
                          "Actual Total Time": 17.742,
                          "Actual Rows": 414124,
                          "Actual Loops": 1,
                          "Index Cond": "(company_id < 284)"
                        }
                      ]
                    },
                    {
                      "Node Type": "Hash",
                      "Parent Relationship": "Inner",
                      "Parallel Aware": true,
                      "Startup Cost": 45479.59,
                      "Total Cost": 45479.59,
                      "Plan Rows": 13885,
                      "Plan Width": 4,
                      "Actual Startup Time": 89.046,
                      "Actual Total Time": 89.047,
                      "Actual Rows": 12269,
                      "Actual Loops": 4,
                      "Hash Buckets": 65536,
                      "Original Hash Buckets": 65536,
                      "Hash Batches": 1,
                      "Original Hash Batches": 1,
                      "Peak Memory Usage": 2528,
                      "Plans": [
                        {
                          "Node Type": "Seq Scan",
                          "Parent Relationship": "Outer",
                          "Parallel Aware": true,
                          "Relation Name": "title",
                          "Alias": "t",
                          "Startup Cost": 0.0,
                          "Total Cost": 45479.59,
                          "Plan Rows": 13885,
                          "Plan Width": 4,
                          "Actual Startup Time": 0.118,
                          "Actual Total Time": 85.04,
                          "Actual Rows": 12269,
                          "Actual Loops": 4,
                          "Filter": "((kind_id < 7) AND (production_year = 2010))",
                          "Rows Removed by Filter": 619809
                        }
                      ]
                    }
                  ]
                }
              ]
            }
          ]
        }
      ]
    },
    "Planning Time": 0.393,
    "Triggers": [],
    "Execution Time": 179.344
  }
]