[
  {
    "Plan": {
      "Node Type": "Aggregate",
      "Strategy": "Plain",
      "Partial Mode": "Finalize",
      "Parallel Aware": false,
      "Startup Cost": 76610.44,
      "Total Cost": 76610.45,
      "Plan Rows": 1,
      "Plan Width": 8,
      "Actual Startup Time": 197.766,
      "Actual Total Time": 211.437,
      "Actual Rows": 1,
      "Actual Loops": 1,
      "Plans": [
        {
          "Node Type": "Gather",
          "Parent Relationship": "Outer",
          "Parallel Aware": false,
          "Startup Cost": 76610.12,
          "Total Cost": 76610.43,
          "Plan Rows": 3,
          "Plan Width": 8,
          "Actual Startup Time": 197.345,
          "Actual Total Time": 211.429,
          "Actual Rows": 4,
          "Actual Loops": 1,
          "Workers Planned": 3,
          "Workers Launched": 3,
          "Single Copy": false,
          "Plans": [
            {
              "Node Type": "Aggregate",
              "Strategy": "Plain",
              "Partial Mode": "Partial",
              "Parent Relationship": "Outer",
              "Parallel Aware": false,
              "Startup Cost": 75610.12,
              "Total Cost": 75610.13,
              "Plan Rows": 1,
              "Plan Width": 8,
              "Actual Startup Time": 188.295,
              "Actual Total Time": 188.298,
              "Actual Rows": 1,
              "Actual Loops": 4,
              "Plans": [
                {
                  "Node Type": "Hash Join",
                  "Parent Relationship": "Outer",
                  "Parallel Aware": true,
                  "Join Type": "Inner",
                  "Startup Cost": 54627.55,
                  "Total Cost": 75606.42,
                  "Plan Rows": 1483,
                  "Plan Width": 0,
                  "Actual Startup Time": 132.202,
                  "Actual Total Time": 188.153,
                  "Actual Rows": 902,
                  "Actual Loops": 4,
                  "Inner Unique": true,
                  "Hash Cond": "(mc.movie_id = t.id)",
                  "Plans": [
                    {
                      "Node Type": "Bitmap Heap Scan",
                      "Parent Relationship": "Outer",
                      "Parallel Aware": true,
                      "Relation Name": "movie_companies",
                      "Alias": "mc",
                      "Startup Cost": 8971.34,
                      "Total Cost": 29776.6,
                      "Plan Rows": 66136,
                      "Plan Width": 4,
                      "Actual Startup Time": 31.754,
                      "Actual Total Time": 72.989,
                      "Actual Rows": 79258,
                      "Actual Loops": 4,
                      "Recheck Cond": "(company_id < 284)",
                      "Rows Removed by Index Recheck": 0,
                      "Filter": "(company_type_id < 2)",
                      "Rows Removed by Filter": 24274,
                      "Exact Heap Blocks": 6375,
                      "Lossy Heap Blocks": 0,
                      "Plans": [
                        {
                          "Node Type": "Bitmap Index Scan",
                          "Parent Relationship": "Outer",
                          "Parallel Aware": false,
                          "Index Name": "company_id_movie_companies",
                          "Startup Cost": 0.0,
                          "Total Cost": 8920.08,
                          "Plan Rows": 416487,
                          "Plan Width": 0,
                          "Actual Startup Time": 27.381,
                          "Actual Total Time": 27.383,
                          "Actual Rows": 414124,
                          "Actual Loops": 1,
                          "Index Cond": "(company_id < 284)"
                        }
                      ]
                    },
                    {
                      "Node Type": "Hash",
                      "Parent Relationship": "Inner",
                      "Parallel Aware": true,
                      "Startup Cost": 45479.1,
                      "Total Cost": 45479.1,
                      "Plan Rows": 14169,
                      "Plan Width": 4,
                      "Actual Startup Time": 98.912,
                      "Actual Total Time": 98.913,
                      "Actual Rows": 12269,
                      "Actual Loops": 4,
                      "Hash Buckets": 65536,
                      "Original Hash Buckets": 65536,
                      "Hash Batches": 1,
                      "Original Hash Batches": 1,
                      "Peak Memory Usage": 2464,
                      "Plans": [
                        {
                          "Node Type": "Seq Scan",
                          "Parent Relationship": "Outer",
                          "Parallel Aware": true,
                          "Relation Name": "title",
                          "Alias": "t",
                          "Startup Cost": 0.0,
                          "Total Cost": 45479.1,
                          "Plan Rows": 14169,
                          "Plan Width": 4,
                          "Actual Startup Time": 0.18,
                          "Actual Total Time": 94.608,
                          "Actual Rows": 12269,
                          "Actual Loops": 4,
                          "Filter": "((kind_id < 7) AND (production_year = 2010))",
                          "Rows Removed by Filter": 619809
                        }
                      ]
                    }
                  ]
                }
              ]
            }
          ]
        }
      ]
    },
    "Planning Time": 0.71,
    "Triggers": [],
    "Execution Time": 211.529
  }
]