{
  "Plan": {
    "Node Type": "Aggregate",
    "Strategy": "Plain",
    "Partial Mode": "Finalize",
    "Parallel Aware": false,
    "Startup Cost": 1069898.09,
    "Total Cost": 1069898.1,
    "Plan Rows": 1,
    "Plan Width": 8,
    "Actual Startup Time": 14897.4,
    "Actual Total Time": 15001.937,
    "Actual Rows": 1,
    "Actual Loops": 1,
    "Plans": [
      {
        "Node Type": "Gather",
        "Parent Relationship": "Outer",
        "Parallel Aware": false,
        "Startup Cost": 1069897.98,
        "Total Cost": 1069898.09,
        "Plan Rows": 1,
        "Plan Width": 8,
        "Actual Startup Time": 14885.389,
        "Actual Total Time": 15001.925,
        "Actual Rows": 2,
        "Actual Loops": 1,
        "Workers Planned": 1,
        "Workers Launched": 1,
        "Single Copy": false,
        "Plans": [
          {
            "Node Type": "Aggregate",
            "Strategy": "Plain",
            "Partial Mode": "Partial",
            "Parent Relationship": "Outer",
            "Parallel Aware": false,
            "Startup Cost": 1068897.98,
            "Total Cost": 1068897.99,
            "Plan Rows": 1,
            "Plan Width": 8,
            "Actual Startup Time": 14874.009,
            "Actual Total Time": 14874.911,
            "Actual Rows": 1,
            "Actual Loops": 2,
            "Plans": [
              {
                "Node Type": "Hash Join",
                "Parent Relationship": "Outer",
                "Parallel Aware": true,
                "Join Type": "Inner",
                "Startup Cost": 608161.96,
                "Total Cost": 1038155.76,
                "Plan Rows": 12296888,
                "Plan Width": 0,
                "Actual Startup Time": 5315.716,
                "Actual Total Time": 13039.127,
                "Actual Rows": 47569300,
                "Actual Loops": 2,
                "Inner Unique": false,
                "Hash Cond": "(mi.movie_id = t.id)",
                "Plans": [
                  {
                    "Node Type": "Seq Scan",
                    "Parent Relationship": "Outer",
                    "Parallel Aware": true,
                    "Relation Name": "movie_info",
                    "Alias": "mi",
                    "Startup Cost": 0.0,
                    "Total Cost": 248955.74,
                    "Plan Rows": 8696274,
                    "Plan Width": 4,
                    "Actual Startup Time": 0.016,
                    "Actual Total Time": 642.151,
                    "Actual Rows": 7417860,
                    "Actual Loops": 2
                  },
                  {
                    "Node Type": "Hash",
                    "Parent Relationship": "Inner",
                    "Parallel Aware": true,
                    "Startup Cost": 581874.38,
                    "Total Cost": 581874.38,
                    "Plan Rows": 2103006,
                    "Plan Width": 8,
                    "Actual Startup Time": 5291.641,
                    "Actual Total Time": 5292.542,
                    "Actual Rows": 2338308,
                    "Actual Loops": 2,
                    "Hash Buckets": 8388608,
                    "Original Hash Buckets": 4194304,
                    "Hash Batches": 1,
                    "Original Hash Batches": 1,
                    "Peak Memory Usage": 281280,
                    "Plans": [
                      {
                        "Node Type": "Hash Join",
                        "Parent Relationship": "Outer",
                        "Parallel Aware": true,
                        "Join Type": "Inner",
                        "Startup Cost": 60141.03,
                        "Total Cost": 581874.38,
                        "Plan Rows": 2103006,
                        "Plan Width": 8,
                        "Actual Startup Time": 188.427,
                        "Actual Total Time": 4484.541,
                        "Actual Rows": 2338308,
                        "Actual Loops": 2,
                        "Inner Unique": true,
                        "Hash Cond": "(ci.movie_id = t.id)",
                        "Plans": [
                          {
                            "Node Type": "Seq Scan",
                            "Parent Relationship": "Outer",
                            "Parallel Aware": true,
                            "Relation Name": "cast_info",
                            "Alias": "ci",
                            "Startup Cost": 0.0,
                            "Total Cost": 465792.95,
                            "Plan Rows": 21310595,
                            "Plan Width": 4,
                            "Actual Startup Time": 0.013,
                            "Actual Total Time": 1317.643,
                            "Actual Rows": 18122172,
                            "Actual Loops": 2
                          },
                          {
                            "Node Type": "Hash",
                            "Parent Relationship": "Inner",
                            "Parallel Aware": true,
                            "Startup Cost": 58306.47,
                            "Total Cost": 58306.47,
                            "Plan Rows": 146765,
                            "Plan Width": 4,
                            "Actual Startup Time": 187.553,
                            "Actual Total Time": 187.553,
                            "Actual Rows": 182812,
                            "Actual Loops": 2,
                            "Hash Buckets": 524288,
                            "Original Hash Buckets": 262144,
                            "Hash Batches": 1,
                            "Original Hash Batches": 1,
                            "Peak Memory Usage": 20480,
                            "Plans": [
                              {
                                "Node Type": "Seq Scan",
                                "Parent Relationship": "Outer",
                                "Parallel Aware": true,
                                "Relation Name": "title",
                                "Alias": "t",
                                "Startup Cost": 0.0,
                                "Total Cost": 58306.47,
                                "Plan Rows": 146765,
                                "Plan Width": 4,
                                "Actual Startup Time": 0.088,
                                "Actual Total Time": 143.359,
                                "Actual Rows": 182812,
                                "Actual Loops": 2,
                                "Filter": "((kind_id < 7) AND (production_year < 1988))",
                                "Rows Removed by Filter": 1081344
                              }
                            ]
                          }
                        ]
                      }
                    ]
                  }
                ]
              }
            ]
          }
        ]
      }
    ]
  },
  "Planning Time": 0.941,
  "Triggers": [],
  "Execution Time": 15002.114
}