{
  "Plan": {
    "Node Type": "Aggregate",
    "Strategy": "Plain",
    "Partial Mode": "Finalize",
    "Parallel Aware": false,
    "Startup Cost": 416099.18,
    "Total Cost": 416099.19,
    "Plan Rows": 1,
    "Plan Width": 8,
    "Actual Startup Time": 6811.91,
    "Actual Total Time": 6861.482,
    "Actual Rows": 1,
    "Actual Loops": 1,
    "Plans": [
      {
        "Node Type": "Gather",
        "Parent Relationship": "Outer",
        "Parallel Aware": false,
        "Startup Cost": 416099.07,
        "Total Cost": 416099.18,
        "Plan Rows": 1,
        "Plan Width": 8,
        "Actual Startup Time": 6806.866,
        "Actual Total Time": 6861.473,
        "Actual Rows": 2,
        "Actual Loops": 1,
        "Workers Planned": 1,
        "Workers Launched": 1,
        "Single Copy": false,
        "Plans": [
          {
            "Node Type": "Aggregate",
            "Strategy": "Plain",
            "Partial Mode": "Partial",
            "Parent Relationship": "Outer",
            "Parallel Aware": false,
            "Startup Cost": 415099.07,
            "Total Cost": 415099.08,
            "Plan Rows": 1,
            "Plan Width": 8,
            "Actual Startup Time": 6800.423,
            "Actual Total Time": 6800.43,
            "Actual Rows": 1,
            "Actual Loops": 2,
            "Plans": [
              {
                "Node Type": "Hash Join",
                "Parent Relationship": "Outer",
                "Parallel Aware": true,
                "Join Type": "Inner",
                "Startup Cost": 121557.33,
                "Total Cost": 411527.58,
                "Plan Rows": 1428593,
                "Plan Width": 0,
                "Actual Startup Time": 684.921,
                "Actual Total Time": 5160.271,
                "Actual Rows": 40093274,
                "Actual Loops": 2,
                "Inner Unique": false,
                "Hash Cond": "(mi.movie_id = t.id)",
                "Plans": [
                  {
                    "Node Type": "Seq Scan",
                    "Parent Relationship": "Outer",
                    "Parallel Aware": true,
                    "Relation Name": "movie_info",
                    "Alias": "mi",
                    "Startup Cost": 0.0,
                    "Total Cost": 248955.74,
                    "Plan Rows": 8696274,
                    "Plan Width": 4,
                    "Actual Startup Time": 0.017,
                    "Actual Total Time": 642.839,
                    "Actual Rows": 7417860,
                    "Actual Loops": 2
                  },
                  {
                    "Node Type": "Hash",
                    "Parent Relationship": "Inner",
                    "Parallel Aware": true,
                    "Startup Cost": 118503.37,
                    "Total Cost": 118503.37,
                    "Plan Rows": 244317,
                    "Plan Width": 8,
                    "Actual Startup Time": 651.654,
                    "Actual Total Time": 651.658,
                    "Actual Rows": 584882,
                    "Actual Loops": 2,
                    "Hash Buckets": 2097152,
                    "Original Hash Buckets": 524288,
                    "Hash Batches": 1,
                    "Original Hash Batches": 1,
                    "Peak Memory Usage": 74464,
                    "Plans": [
                      {
                        "Node Type": "Hash Join",
                        "Parent Relationship": "Outer",
                        "Parallel Aware": true,
                        "Join Type": "Inner",
                        "Startup Cost": 57792.53,
                        "Total Cost": 118503.37,
                        "Plan Rows": 244317,
                        "Plan Width": 8,
                        "Actual Startup Time": 226.685,
                        "Actual Total Time": 511.454,
                        "Actual Rows": 584882,
                        "Actual Loops": 2,
                        "Inner Unique": true,
                        "Hash Cond": "(mk.movie_id = t.id)",
                        "Plans": [
                          {
                            "Node Type": "Seq Scan",
                            "Parent Relationship": "Outer",
                            "Parallel Aware": true,
                            "Relation Name": "movie_keyword",
                            "Alias": "mk",
                            "Startup Cost": 0.0,
                            "Total Cost": 57718.19,
                            "Plan Rows": 1140058,
                            "Plan Width": 4,
                            "Actual Startup Time": 0.015,
                            "Actual Total Time": 183.177,
                            "Actual Rows": 972616,
                            "Actual Loops": 2,
                            "Filter": "(keyword_id < 3357)",
                            "Rows Removed by Filter": 1289350
                          },
                          {
                            "Node Type": "Hash",
                            "Parent Relationship": "Inner",
                            "Parallel Aware": true,
                            "Startup Cost": 53808.56,
                            "Total Cost": 53808.56,
                            "Plan Rows": 318717,
                            "Plan Width": 4,
                            "Actual Startup Time": 168.42,
                            "Actual Total Time": 168.421,
                            "Actual Rows": 278660,
                            "Actual Loops": 2,
                            "Hash Buckets": 1048576,
                            "Original Hash Buckets": 1048576,
                            "Hash Batches": 1,
                            "Original Hash Batches": 1,
                            "Peak Memory Usage": 30048,
                            "Plans": [
                              {
                                "Node Type": "Bitmap Heap Scan",
                                "Parent Relationship": "Outer",
                                "Parallel Aware": true,
                                "Relation Name": "title",
                                "Alias": "t",
                                "Startup Cost": 11958.3,
                                "Total Cost": 53808.56,
                                "Plan Rows": 318717,
                                "Plan Width": 4,
                                "Actual Startup Time": 27.492,
                                "Actual Total Time": 95.349,
                                "Actual Rows": 278660,
                                "Actual Loops": 2,
                                "Recheck Cond": "(kind_id = 1)",
                                "Rows Removed by Index Recheck": 0,
                                "Filter": "(production_year < 2011)",
                                "Rows Removed by Filter": 52753,
                                "Exact Heap Blocks": 7796,
                                "Lossy Heap Blocks": 0,
                                "Plans": [
                                  {
                                    "Node Type": "Bitmap Index Scan",
                                    "Parent Relationship": "Outer",
                                    "Parallel Aware": false,
                                    "Index Name": "kind_id_title",
                                    "Startup Cost": 0.0,
                                    "Total Cost": 11822.85,
                                    "Plan Rows": 663256,
                                    "Plan Width": 0,
                                    "Actual Startup Time": 25.592,
                                    "Actual Total Time": 25.592,
                                    "Actual Rows": 662825,
                                    "Actual Loops": 1,
                                    "Index Cond": "(kind_id = 1)"
                                  }
                                ]
                              }
                            ]
                          }
                        ]
                      }
                    ]
                  }
                ]
              }
            ]
          }
        ]
      }
    ]
  },
  "Planning Time": 0.967,
  "Triggers": [],
  "Execution Time": 6861.588
}