[
  {
    "Plan": {
      "Node Type": "Aggregate",
      "Strategy": "Plain",
      "Partial Mode": "Finalize",
      "Parallel Aware": false,
      "Startup Cost": 33235.33,
      "Total Cost": 33235.34,
      "Plan Rows": 1,
      "Plan Width": 8,
      "Actual Startup Time": 106.244,
      "Actual Total Time": 113.858,
      "Actual Rows": 1,
      "Actual Loops": 1,
      "Plans": [
        {
          "Node Type": "Gather",
          "Parent Relationship": "Outer",
          "Parallel Aware": false,
          "Startup Cost": 33235.01,
          "Total Cost": 33235.32,
          "Plan Rows": 3,
          "Plan Width": 8,
          "Actual Startup Time": 105.995,
          "Actual Total Time": 113.849,
          "Actual Rows": 4,
          "Actual Loops": 1,
          "Workers Planned": 3,
          "Workers Launched": 3,
          "Single Copy": false,
          "Plans": [
            {
              "Node Type": "Aggregate",
              "Strategy": "Plain",
              "Partial Mode": "Partial",
              "Parent Relationship": "Outer",
              "Parallel Aware": false,
              "Startup Cost": 32235.01,
              "Total Cost": 32235.02,
              "Plan Rows": 1,
              "Plan Width": 8,
              "Actual Startup Time": 98.832,
              "Actual Total Time": 98.833,
              "Actual Rows": 1,
              "Actual Loops": 4,
              "Plans": [
                {
                  "Node Type": "Seq Scan",
                  "Parent Relationship": "Outer",
                  "Parallel Aware": true,
                  "Relation Name": "movie_companies",
                  "Alias": "mc",
                  "Startup Cost": 0.0,
                  "Total Cost": 31414.82,
                  "Plan Rows": 328076,
                  "Plan Width": 0,
                  "Actual Startup Time": 47.104,
                  "Actual Total Time": 85.931,
                  "Actual Rows": 290588,
                  "Actual Loops": 4,
                  "Filter": "((company_id > 741) AND (company_type_id = 2))",
                  "Rows Removed by Filter": 361694
                }
              ]
            }
          ]
        }
      ]
    },
    "Planning Time": 0.227,
    "Triggers": [],
    "Execution Time": 113.914
  }
]