[
  {
    "Plan": {
      "Node Type": "Aggregate",
      "Strategy": "Plain",
      "Partial Mode": "Finalize",
      "Parallel Aware": false,
      "Startup Cost": 83448.75,
      "Total Cost": 83448.76,
      "Plan Rows": 1,
      "Plan Width": 8,
      "Actual Startup Time": 208.216,
      "Actual Total Time": 233.231,
      "Actual Rows": 1,
      "Actual Loops": 1,
      "Plans": [
        {
          "Node Type": "Gather",
          "Parent Relationship": "Outer",
          "Parallel Aware": false,
          "Startup Cost": 83448.43,
          "Total Cost": 83448.74,
          "Plan Rows": 3,
          "Plan Width": 8,
          "Actual Startup Time": 206.942,
          "Actual Total Time": 233.219,
          "Actual Rows": 4,
          "Actual Loops": 1,
          "Workers Planned": 3,
          "Workers Launched": 3,
          "Single Copy": false,
          "Plans": [
            {
              "Node Type": "Aggregate",
              "Strategy": "Plain",
              "Partial Mode": "Partial",
              "Parent Relationship": "Outer",
              "Parallel Aware": false,
              "Startup Cost": 82448.43,
              "Total Cost": 82448.44,
              "Plan Rows": 1,
              "Plan Width": 8,
              "Actual Startup Time": 201.115,
              "Actual Total Time": 201.121,
              "Actual Rows": 1,
              "Actual Loops": 4,
              "Plans": [
                {
                  "Node Type": "Nested Loop",
                  "Parent Relationship": "Outer",
                  "Parallel Aware": false,
                  "Join Type": "Inner",
                  "Startup Cost": 46173.26,
                  "Total Cost": 82416.93,
                  "Plan Rows": 12600,
                  "Plan Width": 0,
                  "Actual Startup Time": 134.598,
                  "Actual Total Time": 198.631,
                  "Actual Rows": 39720,
                  "Actual Loops": 4,
                  "Inner Unique": false,
                  "Plans": [
                    {
                      "Node Type": "Hash Join",
                      "Parent Relationship": "Outer",
                      "Parallel Aware": true,
                      "Join Type": "Inner",
                      "Startup Cost": 46172.82,
                      "Total Cost": 70984.65,
                      "Plan Rows": 2146,
                      "Plan Width": 8,
                      "Actual Startup Time": 134.502,
                      "Actual Total Time": 157.517,
                      "Actual Rows": 912,
                      "Actual Loops": 4,
                      "Inner Unique": true,
                      "Hash Cond": "(mk.movie_id = t.id)",
                      "Plans": [
                        {
                          "Node Type": "Bitmap Heap Scan",
                          "Parent Relationship": "Outer",
                          "Parallel Aware": true,
                          "Relation Name": "movie_keyword",
                          "Alias": "mk",
                          "Startup Cost": 1556.83,
                          "Total Cost": 26306.56,
                          "Plan Rows": 23658,
                          "Plan Width": 4,
                          "Actual Startup Time": 9.189,
                          "Actual Total Time": 26.649,
                          "Actual Rows": 18474,
                          "Actual Loops": 4,
                          "Recheck Cond": "(keyword_id > 89765)",
                          "Rows Removed by Index Recheck": 0,
                          "Exact Heap Blocks": 7365,
                          "Lossy Heap Blocks": 0,
                          "Plans": [
                            {
                              "Node Type": "Bitmap Index Scan",
                              "Parent Relationship": "Outer",
                              "Parallel Aware": false,
                              "Index Name": "keyword_id_movie_keyword",
                              "Startup Cost": 0.0,
                              "Total Cost": 1538.49,
                              "Plan Rows": 73341,
                              "Plan Width": 0,
                              "Actual Startup Time": 6.883,
                              "Actual Total Time": 6.884,
                              "Actual Rows": 73896,
                              "Actual Loops": 1,
                              "Index Cond": "(keyword_id > 89765)"
                            }
                          ]
                        },
                        {
                          "Node Type": "Hash",
                          "Parent Relationship": "Inner",
                          "Parallel Aware": true,
                          "Startup Cost": 43899.32,
                          "Total Cost": 43899.32,
                          "Plan Rows": 57334,
                          "Plan Width": 4,
                          "Actual Startup Time": 124.085,
                          "Actual Total Time": 124.086,
                          "Actual Rows": 57912,
                          "Actual Loops": 4,
                          "Hash Buckets": 262144,
                          "Original Hash Buckets": 262144,
                          "Hash Batches": 1,
                          "Original Hash Batches": 1,
                          "Peak Memory Usage": 11136,
                          "Plans": [
                            {
                              "Node Type": "Seq Scan",
                              "Parent Relationship": "Outer",
                              "Parallel Aware": true,
                              "Relation Name": "title",
                              "Alias": "t",
                              "Startup Cost": 0.0,
                              "Total Cost": 43899.32,
                              "Plan Rows": 57334,
                              "Plan Width": 4,
                              "Actual Startup Time": 0.03,
                              "Actual Total Time": 104.313,
                              "Actual Rows": 57912,
                              "Actual Loops": 4,
                              "Filter": "(production_year > 2011)",
                              "Rows Removed by Filter": 574166
                            }
                          ]
                        }
                      ]
                    },
                    {
                      "Node Type": "Index Only Scan",
                      "Parent Relationship": "Inner",
                      "Parallel Aware": false,
                      "Scan Direction": "Forward",
                      "Index Name": "movie_id_movie_info",
                      "Relation Name": "movie_info",
                      "Alias": "mi",
                      "Startup Cost": 0.43,
                      "Total Cost": 4.92,
                      "Plan Rows": 41,
                      "Plan Width": 4,
                      "Actual Startup Time": 0.01,
                      "Actual Total Time": 0.041,
                      "Actual Rows": 44,
                      "Actual Loops": 3646,
                      "Index Cond": "(movie_id = t.id)",
                      "Rows Removed by Index Recheck": 0,
                      "Heap Fetches": 158881
                    }
                  ]
                }
              ]
            }
          ]
        }
      ]
    },
    "Planning Time": 0.584,
    "Triggers": [],
    "Execution Time": 233.31
  }
]