[
  {
    "Plan": {
      "Node Type": "Aggregate",
      "Strategy": "Plain",
      "Partial Mode": "Finalize",
      "Parallel Aware": false,
      "Startup Cost": 43401.62,
      "Total Cost": 43401.63,
      "Plan Rows": 1,
      "Plan Width": 8,
      "Actual Startup Time": 29.102,
      "Actual Total Time": 32.703,
      "Actual Rows": 1,
      "Actual Loops": 1,
      "Plans": [
        {
          "Node Type": "Gather",
          "Parent Relationship": "Outer",
          "Parallel Aware": false,
          "Startup Cost": 43401.31,
          "Total Cost": 43401.62,
          "Plan Rows": 3,
          "Plan Width": 8,
          "Actual Startup Time": 28.812,
          "Actual Total Time": 32.696,
          "Actual Rows": 4,
          "Actual Loops": 1,
          "Workers Planned": 3,
          "Workers Launched": 3,
          "Single Copy": false,
          "Plans": [
            {
              "Node Type": "Aggregate",
              "Strategy": "Plain",
              "Partial Mode": "Partial",
              "Parent Relationship": "Outer",
              "Parallel Aware": false,
              "Startup Cost": 42401.31,
              "Total Cost": 42401.32,
              "Plan Rows": 1,
              "Plan Width": 8,
              "Actual Startup Time": 23.253,
              "Actual Total Time": 23.255,
              "Actual Rows": 1,
              "Actual Loops": 4,
              "Plans": [
                {
                  "Node Type": "Nested Loop",
                  "Parent Relationship": "Outer",
                  "Parallel Aware": false,
                  "Join Type": "Inner",
                  "Startup Cost": 452.14,
                  "Total Cost": 42392.7,
                  "Plan Rows": 3443,
                  "Plan Width": 0,
                  "Actual Startup Time": 0.547,
                  "Actual Total Time": 22.845,
                  "Actual Rows": 4978,
                  "Actual Loops": 4,
                  "Inner Unique": true,
                  "Plans": [
                    {
                      "Node Type": "Bitmap Heap Scan",
                      "Parent Relationship": "Outer",
                      "Parallel Aware": true,
                      "Relation Name": "movie_companies",
                      "Alias": "mc",
                      "Startup Cost": 451.71,
                      "Total Cost": 20209.44,
                      "Plan Rows": 3443,
                      "Plan Width": 4,
                      "Actual Startup Time": 0.402,
                      "Actual Total Time": 2.769,
                      "Actual Rows": 4978,
                      "Actual Loops": 4,
                      "Recheck Cond": "(company_id > 216423)",
                      "Rows Removed by Index Recheck": 0,
                      "Filter": "(company_type_id = 2)",
                      "Rows Removed by Filter": 0,
                      "Exact Heap Blocks": 456,
                      "Lossy Heap Blocks": 0,
                      "Plans": [
                        {
                          "Node Type": "Bitmap Index Scan",
                          "Parent Relationship": "Outer",
                          "Parallel Aware": false,
                          "Index Name": "company_id_movie_companies",
                          "Startup Cost": 0.0,
                          "Total Cost": 449.05,
                          "Plan Rows": 20882,
                          "Plan Width": 0,
                          "Actual Startup Time": 1.241,
                          "Actual Total Time": 1.241,
                          "Actual Rows": 19911,
                          "Actual Loops": 1,
                          "Index Cond": "(company_id > 216423)"
                        }
                      ]
                    },
                    {
                      "Node Type": "Index Only Scan",
                      "Parent Relationship": "Inner",
                      "Parallel Aware": false,
                      "Scan Direction": "Forward",
                      "Index Name": "title_pkey",
                      "Relation Name": "title",
                      "Alias": "t",
                      "Startup Cost": 0.43,
                      "Total Cost": 6.44,
                      "Plan Rows": 1,
                      "Plan Width": 4,
                      "Actual Startup Time": 0.004,
                      "Actual Total Time": 0.004,
                      "Actual Rows": 1,
                      "Actual Loops": 19911,
                      "Index Cond": "(id = mc.movie_id)",
                      "Rows Removed by Index Recheck": 0,
                      "Heap Fetches": 19911
                    }
                  ]
                }
              ]
            }
          ]
        }
      ]
    },
    "Planning Time": 0.278,
    "Triggers": [],
    "Execution Time": 32.753
  }
]