{
  "Plan": {
    "Node Type": "Aggregate",
    "Strategy": "Plain",
    "Partial Mode": "Finalize",
    "Parallel Aware": false,
    "Startup Cost": 699055.52,
    "Total Cost": 699055.53,
    "Plan Rows": 1,
    "Plan Width": 8,
    "Actual Startup Time": 5630.424,
    "Actual Total Time": 5701.384,
    "Actual Rows": 1,
    "Actual Loops": 1,
    "Plans": [
      {
        "Node Type": "Gather",
        "Parent Relationship": "Outer",
        "Parallel Aware": false,
        "Startup Cost": 699055.41,
        "Total Cost": 699055.52,
        "Plan Rows": 1,
        "Plan Width": 8,
        "Actual Startup Time": 5626.699,
        "Actual Total Time": 5701.375,
        "Actual Rows": 2,
        "Actual Loops": 1,
        "Workers Planned": 1,
        "Workers Launched": 1,
        "Single Copy": false,
        "Plans": [
          {
            "Node Type": "Aggregate",
            "Strategy": "Plain",
            "Partial Mode": "Partial",
            "Parent Relationship": "Outer",
            "Parallel Aware": false,
            "Startup Cost": 698055.41,
            "Total Cost": 698055.42,
            "Plan Rows": 1,
            "Plan Width": 8,
            "Actual Startup Time": 5620.357,
            "Actual Total Time": 5620.366,
            "Actual Rows": 1,
            "Actual Loops": 2,
            "Plans": [
              {
                "Node Type": "Hash Join",
                "Parent Relationship": "Outer",
                "Parallel Aware": true,
                "Join Type": "Inner",
                "Startup Cost": 84340.68,
                "Total Cost": 688757.79,
                "Plan Rows": 3719046,
                "Plan Width": 0,
                "Actual Startup Time": 571.449,
                "Actual Total Time": 5317.068,
                "Actual Rows": 7492516,
                "Actual Loops": 2,
                "Inner Unique": false,
                "Hash Cond": "(ci.movie_id = t.id)",
                "Plans": [
                  {
                    "Node Type": "Seq Scan",
                    "Parent Relationship": "Outer",
                    "Parallel Aware": true,
                    "Relation Name": "cast_info",
                    "Alias": "ci",
                    "Startup Cost": 0.0,
                    "Total Cost": 519069.44,
                    "Plan Rows": 16925585,
                    "Plan Width": 4,
                    "Actual Startup Time": 0.021,
                    "Actual Total Time": 1890.675,
                    "Actual Rows": 14404054,
                    "Actual Loops": 2,
                    "Filter": "(role_id < 8)",
                    "Rows Removed by Filter": 3718118
                  },
                  {
                    "Node Type": "Hash",
                    "Parent Relationship": "Inner",
                    "Parallel Aware": true,
                    "Startup Cost": 80255.83,
                    "Total Cost": 80255.83,
                    "Plan Rows": 326788,
                    "Plan Width": 8,
                    "Actual Startup Time": 562.226,
                    "Actual Total Time": 562.23,
                    "Actual Rows": 340646,
                    "Actual Loops": 2,
                    "Hash Buckets": 1048576,
                    "Original Hash Buckets": 1048576,
                    "Hash Batches": 1,
                    "Original Hash Batches": 1,
                    "Peak Memory Usage": 34880,
                    "Plans": [
                      {
                        "Node Type": "Hash Join",
                        "Parent Relationship": "Outer",
                        "Parallel Aware": true,
                        "Join Type": "Inner",
                        "Startup Cost": 62072.04,
                        "Total Cost": 80255.83,
                        "Plan Rows": 326788,
                        "Plan Width": 8,
                        "Actual Startup Time": 292.679,
                        "Actual Total Time": 489.691,
                        "Actual Rows": 340646,
                        "Actual Loops": 2,
                        "Inner Unique": true,
                        "Hash Cond": "(mi_idx.movie_id = t.id)",
                        "Plans": [
                          {
                            "Node Type": "Seq Scan",
                            "Parent Relationship": "Outer",
                            "Parallel Aware": true,
                            "Relation Name": "movie_info_idx",
                            "Alias": "mi_idx",
                            "Startup Cost": 0.0,
                            "Total Cost": 16052.85,
                            "Plan Rows": 811785,
                            "Plan Width": 4,
                            "Actual Startup Time": 0.038,
                            "Actual Total Time": 51.716,
                            "Actual Rows": 690018,
                            "Actual Loops": 2
                          },
                          {
                            "Node Type": "Hash",
                            "Parent Relationship": "Inner",
                            "Parallel Aware": true,
                            "Startup Cost": 54588.39,
                            "Total Cost": 54588.39,
                            "Plan Rows": 598692,
                            "Plan Width": 4,
                            "Actual Startup Time": 287.232,
                            "Actual Total Time": 287.233,
                            "Actual Rows": 510876,
                            "Actual Loops": 2,
                            "Hash Buckets": 1048576,
                            "Original Hash Buckets": 1048576,
                            "Hash Batches": 1,
                            "Original Hash Batches": 1,
                            "Peak Memory Usage": 48192,
                            "Plans": [
                              {
                                "Node Type": "Seq Scan",
                                "Parent Relationship": "Outer",
                                "Parallel Aware": true,
                                "Relation Name": "title",
                                "Alias": "t",
                                "Startup Cost": 0.0,
                                "Total Cost": 54588.39,
                                "Plan Rows": 598692,
                                "Plan Width": 4,
                                "Actual Startup Time": 0.033,
                                "Actual Total Time": 159.425,
                                "Actual Rows": 510876,
                                "Actual Loops": 2,
                                "Filter": "(production_year < 2000)",
                                "Rows Removed by Filter": 753280
                              }
                            ]
                          }
                        ]
                      }
                    ]
                  }
                ]
              }
            ]
          }
        ]
      }
    ]
  },
  "Planning Time": 0.95,
  "Triggers": [],
  "Execution Time": 5701.481
}