[
  {
    "Plan": {
      "Node Type": "Aggregate",
      "Strategy": "Plain",
      "Partial Mode": "Finalize",
      "Parallel Aware": false,
      "Startup Cost": 120894.88,
      "Total Cost": 120894.89,
      "Plan Rows": 1,
      "Plan Width": 8,
      "Actual Startup Time": 189.315,
      "Actual Total Time": 199.58,
      "Actual Rows": 1,
      "Actual Loops": 1,
      "Plans": [
        {
          "Node Type": "Gather",
          "Parent Relationship": "Outer",
          "Parallel Aware": false,
          "Startup Cost": 120894.36,
          "Total Cost": 120894.87,
          "Plan Rows": 5,
          "Plan Width": 8,
          "Actual Startup Time": 189.052,
          "Actual Total Time": 199.571,
          "Actual Rows": 6,
          "Actual Loops": 1,
          "Workers Planned": 5,
          "Workers Launched": 5,
          "Single Copy": false,
          "Plans": [
            {
              "Node Type": "Aggregate",
              "Strategy": "Plain",
              "Partial Mode": "Partial",
              "Parent Relationship": "Outer",
              "Parallel Aware": false,
              "Startup Cost": 119894.36,
              "Total Cost": 119894.37,
              "Plan Rows": 1,
              "Plan Width": 8,
              "Actual Startup Time": 180.32,
              "Actual Total Time": 180.321,
              "Actual Rows": 1,
              "Actual Loops": 6,
              "Plans": [
                {
                  "Node Type": "Index Scan",
                  "Parent Relationship": "Outer",
                  "Parallel Aware": true,
                  "Scan Direction": "Forward",
                  "Index Name": "role_id_cast_info",
                  "Relation Name": "cast_info",
                  "Alias": "ci",
                  "Startup Cost": 0.56,
                  "Total Cost": 119623.46,
                  "Plan Rows": 108363,
                  "Plan Width": 0,
                  "Actual Startup Time": 0.183,
                  "Actual Total Time": 160.659,
                  "Actual Rows": 409762,
                  "Actual Loops": 6,
                  "Index Cond": "(role_id = 10)",
                  "Rows Removed by Index Recheck": 0,
                  "Filter": "(person_id > 3276337)",
                  "Rows Removed by Filter": 310741
                }
              ]
            }
          ]
        }
      ]
    },
    "Planning Time": 0.231,
    "Triggers": [],
    "Execution Time": 199.644
  }
]