[
  {
    "Plan": {
      "Node Type": "Aggregate",
      "Strategy": "Plain",
      "Partial Mode": "Finalize",
      "Parallel Aware": false,
      "Startup Cost": 97032.15,
      "Total Cost": 97032.16,
      "Plan Rows": 1,
      "Plan Width": 8,
      "Actual Startup Time": 215.727,
      "Actual Total Time": 235.721,
      "Actual Rows": 1,
      "Actual Loops": 1,
      "Plans": [
        {
          "Node Type": "Gather",
          "Parent Relationship": "Outer",
          "Parallel Aware": false,
          "Startup Cost": 97031.84,
          "Total Cost": 97032.15,
          "Plan Rows": 3,
          "Plan Width": 8,
          "Actual Startup Time": 214.877,
          "Actual Total Time": 235.711,
          "Actual Rows": 4,
          "Actual Loops": 1,
          "Workers Planned": 3,
          "Workers Launched": 3,
          "Single Copy": false,
          "Plans": [
            {
              "Node Type": "Aggregate",
              "Strategy": "Plain",
              "Partial Mode": "Partial",
              "Parent Relationship": "Outer",
              "Parallel Aware": false,
              "Startup Cost": 96031.84,
              "Total Cost": 96031.85,
              "Plan Rows": 1,
              "Plan Width": 8,
              "Actual Startup Time": 205.755,
              "Actual Total Time": 205.759,
              "Actual Rows": 1,
              "Actual Loops": 4,
              "Plans": [
                {
                  "Node Type": "Nested Loop",
                  "Parent Relationship": "Outer",
                  "Parallel Aware": false,
                  "Join Type": "Inner",
                  "Startup Cost": 48119.5,
                  "Total Cost": 96023.6,
                  "Plan Rows": 3294,
                  "Plan Width": 0,
                  "Actual Startup Time": 134.201,
                  "Actual Total Time": 205.284,
                  "Actual Rows": 7603,
                  "Actual Loops": 4,
                  "Inner Unique": false,
                  "Join Filter": "(t.id = mi.movie_id)",
                  "Rows Removed by Join Filter": 0,
                  "Plans": [
                    {
                      "Node Type": "Hash Join",
                      "Parent Relationship": "Outer",
                      "Parallel Aware": true,
                      "Join Type": "Inner",
                      "Startup Cost": 48119.06,
                      "Total Cost": 73427.17,
                      "Plan Rows": 3595,
                      "Plan Width": 8,
                      "Actual Startup Time": 133.564,
                      "Actual Total Time": 174.806,
                      "Actual Rows": 770,
                      "Actual Loops": 4,
                      "Inner Unique": true,
                      "Hash Cond": "(mk.movie_id = t.id)",
                      "Plans": [
                        {
                          "Node Type": "Bitmap Heap Scan",
                          "Parent Relationship": "Outer",
                          "Parallel Aware": true,
                          "Relation Name": "movie_keyword",
                          "Alias": "mk",
                          "Startup Cost": 3717.12,
                          "Total Cost": 28877.0,
                          "Plan Rows": 56470,
                          "Plan Width": 4,
                          "Actual Startup Time": 24.053,
                          "Actual Total Time": 53.996,
                          "Actual Rows": 47194,
                          "Actual Loops": 4,
                          "Recheck Cond": "(keyword_id < 137)",
                          "Rows Removed by Index Recheck": 0,
                          "Exact Heap Blocks": 10154,
                          "Lossy Heap Blocks": 0,
                          "Plans": [
                            {
                              "Node Type": "Bitmap Index Scan",
                              "Parent Relationship": "Outer",
                              "Parallel Aware": false,
                              "Index Name": "keyword_id_movie_keyword",
                              "Startup Cost": 0.0,
                              "Total Cost": 3673.36,
                              "Plan Rows": 175057,
                              "Plan Width": 0,
                              "Actual Startup Time": 18.386,
                              "Actual Total Time": 18.386,
                              "Actual Rows": 188777,
                              "Actual Loops": 1,
                              "Index Cond": "(keyword_id < 137)"
                            }
                          ]
                        },
                        {
                          "Node Type": "Hash",
                          "Parent Relationship": "Inner",
                          "Parallel Aware": true,
                          "Startup Cost": 43898.92,
                          "Total Cost": 43898.92,
                          "Plan Rows": 40242,
                          "Plan Width": 4,
                          "Actual Startup Time": 107.212,
                          "Actual Total Time": 107.213,
                          "Actual Rows": 41077,
                          "Actual Loops": 4,
                          "Hash Buckets": 262144,
                          "Original Hash Buckets": 262144,
                          "Hash Batches": 1,
                          "Original Hash Batches": 1,
                          "Peak Memory Usage": 8544,
                          "Plans": [
                            {
                              "Node Type": "Seq Scan",
                              "Parent Relationship": "Outer",
                              "Parallel Aware": true,
                              "Relation Name": "title",
                              "Alias": "t",
                              "Startup Cost": 0.0,
                              "Total Cost": 43898.92,
                              "Plan Rows": 40242,
                              "Plan Width": 4,
                              "Actual Startup Time": 0.039,
                              "Actual Total Time": 92.457,
                              "Actual Rows": 41077,
                              "Actual Loops": 4,
                              "Filter": "(production_year = 2012)",
                              "Rows Removed by Filter": 591001
                            }
                          ]
                        }
                      ]
                    },
                    {
                      "Node Type": "Index Scan",
                      "Parent Relationship": "Inner",
                      "Parallel Aware": false,
                      "Scan Direction": "Forward",
                      "Index Name": "movie_id_movie_info",
                      "Relation Name": "movie_info",
                      "Alias": "mi",
                      "Startup Cost": 0.43,
                      "Total Cost": 6.2,
                      "Plan Rows": 7,
                      "Plan Width": 4,
                      "Actual Startup Time": 0.019,
                      "Actual Total Time": 0.038,
                      "Actual Rows": 10,
                      "Actual Loops": 3082,
                      "Index Cond": "(movie_id = mk.movie_id)",
                      "Rows Removed by Index Recheck": 0,
                      "Filter": "(info_type_id > 16)",
                      "Rows Removed by Filter": 22
                    }
                  ]
                }
              ]
            }
          ]
        }
      ]
    },
    "Planning Time": 1.358,
    "Triggers": [],
    "Execution Time": 235.856
  }
]