[
  {
    "Plan": {
      "Node Type": "Aggregate",
      "Strategy": "Plain",
      "Partial Mode": "Finalize",
      "Parallel Aware": false,
      "Startup Cost": 32932.49,
      "Total Cost": 32932.5,
      "Plan Rows": 1,
      "Plan Width": 8,
      "Actual Startup Time": 119.077,
      "Actual Total Time": 127.699,
      "Actual Rows": 1,
      "Actual Loops": 1,
      "Plans": [
        {
          "Node Type": "Gather",
          "Parent Relationship": "Outer",
          "Parallel Aware": false,
          "Startup Cost": 32932.18,
          "Total Cost": 32932.49,
          "Plan Rows": 3,
          "Plan Width": 8,
          "Actual Startup Time": 118.94,
          "Actual Total Time": 127.686,
          "Actual Rows": 4,
          "Actual Loops": 1,
          "Workers Planned": 3,
          "Workers Launched": 3,
          "Single Copy": false,
          "Plans": [
            {
              "Node Type": "Aggregate",
              "Strategy": "Plain",
              "Partial Mode": "Partial",
              "Parent Relationship": "Outer",
              "Parallel Aware": false,
              "Startup Cost": 31932.18,
              "Total Cost": 31932.19,
              "Plan Rows": 1,
              "Plan Width": 8,
              "Actual Startup Time": 109.929,
              "Actual Total Time": 109.93,
              "Actual Rows": 1,
              "Actual Loops": 4,
              "Plans": [
                {
                  "Node Type": "Seq Scan",
                  "Parent Relationship": "Outer",
                  "Parallel Aware": true,
                  "Relation Name": "movie_companies",
                  "Alias": "mc",
                  "Startup Cost": 0.0,
                  "Total Cost": 31414.82,
                  "Plan Rows": 206943,
                  "Plan Width": 0,
                  "Actual Startup Time": 53.671,
                  "Actual Total Time": 97.337,
                  "Actual Rows": 223127,
                  "Actual Loops": 4,
                  "Filter": "((company_id > 11705) AND (company_type_id > 1))",
                  "Rows Removed by Filter": 429155
                }
              ]
            }
          ]
        }
      ]
    },
    "Planning Time": 0.225,
    "Triggers": [],
    "Execution Time": 127.756
  }
]