{
  "Plan": {
    "Node Type": "Aggregate",
    "Strategy": "Plain",
    "Partial Mode": "Finalize",
    "Parallel Aware": false,
    "Startup Cost": 127337.42,
    "Total Cost": 127337.43,
    "Plan Rows": 1,
    "Plan Width": 8,
    "Actual Startup Time": 780.881,
    "Actual Total Time": 792.591,
    "Actual Rows": 1,
    "Actual Loops": 1,
    "Plans": [
      {
        "Node Type": "Gather",
        "Parent Relationship": "Outer",
        "Parallel Aware": false,
        "Startup Cost": 127337.31,
        "Total Cost": 127337.42,
        "Plan Rows": 1,
        "Plan Width": 8,
        "Actual Startup Time": 778.457,
        "Actual Total Time": 792.582,
        "Actual Rows": 2,
        "Actual Loops": 1,
        "Workers Planned": 1,
        "Workers Launched": 1,
        "Single Copy": false,
        "Plans": [
          {
            "Node Type": "Aggregate",
            "Strategy": "Plain",
            "Partial Mode": "Partial",
            "Parent Relationship": "Outer",
            "Parallel Aware": false,
            "Startup Cost": 126337.31,
            "Total Cost": 126337.32,
            "Plan Rows": 1,
            "Plan Width": 8,
            "Actual Startup Time": 775.301,
            "Actual Total Time": 775.306,
            "Actual Rows": 1,
            "Actual Loops": 2,
            "Plans": [
              {
                "Node Type": "Hash Join",
                "Parent Relationship": "Outer",
                "Parallel Aware": true,
                "Join Type": "Inner",
                "Startup Cost": 61840.69,
                "Total Cost": 126178.24,
                "Plan Rows": 63629,
                "Plan Width": 0,
                "Actual Startup Time": 272.411,
                "Actual Total Time": 769.203,
                "Actual Rows": 140020,
                "Actual Loops": 2,
                "Inner Unique": false,
                "Hash Cond": "(t.id = mi_idx.movie_id)",
                "Plans": [
                  {
                    "Node Type": "Hash Join",
                    "Parent Relationship": "Outer",
                    "Parallel Aware": true,
                    "Join Type": "Inner",
                    "Startup Cost": 40368.83,
                    "Total Cost": 102587.17,
                    "Plan Rows": 348982,
                    "Plan Width": 8,
                    "Actual Startup Time": 158.272,
                    "Actual Total Time": 556.715,
                    "Actual Rows": 303272,
                    "Actual Loops": 2,
                    "Inner Unique": false,
                    "Hash Cond": "(t.id = mc.movie_id)",
                    "Plans": [
                      {
                        "Node Type": "Seq Scan",
                        "Parent Relationship": "Outer",
                        "Parallel Aware": true,
                        "Relation Name": "title",
                        "Alias": "t",
                        "Startup Cost": 0.0,
                        "Total Cost": 50870.31,
                        "Plan Rows": 1487231,
                        "Plan Width": 4,
                        "Actual Startup Time": 0.01,
                        "Actual Total Time": 110.767,
                        "Actual Rows": 1264156,
                        "Actual Loops": 2
                      },
                      {
                        "Node Type": "Hash",
                        "Parent Relationship": "Inner",
                        "Parallel Aware": true,
                        "Startup Cost": 36006.55,
                        "Total Cost": 36006.55,
                        "Plan Rows": 348982,
                        "Plan Width": 4,
                        "Actual Startup Time": 155.272,
                        "Actual Total Time": 155.273,
                        "Actual Rows": 303272,
                        "Actual Loops": 2,
                        "Hash Buckets": 1048576,
                        "Original Hash Buckets": 1048576,
                        "Hash Batches": 1,
                        "Original Hash Batches": 1,
                        "Peak Memory Usage": 31968,
                        "Plans": [
                          {
                            "Node Type": "Bitmap Heap Scan",
                            "Parent Relationship": "Outer",
                            "Parallel Aware": true,
                            "Relation Name": "movie_companies",
                            "Alias": "mc",
                            "Startup Cost": 12854.27,
                            "Total Cost": 36006.55,
                            "Plan Rows": 348982,
                            "Plan Width": 4,
                            "Actual Startup Time": 39.483,
                            "Actual Total Time": 89.502,
                            "Actual Rows": 303272,
                            "Actual Loops": 2,
                            "Recheck Cond": "(company_id > 65735)",
                            "Rows Removed by Index Recheck": 0,
                            "Exact Heap Blocks": 5333,
                            "Lossy Heap Blocks": 0,
                            "Plans": [
                              {
                                "Node Type": "Bitmap Index Scan",
                                "Parent Relationship": "Outer",
                                "Parallel Aware": false,
                                "Index Name": "company_id_movie_companies",
                                "Startup Cost": 0.0,
                                "Total Cost": 12705.95,
                                "Plan Rows": 593270,
                                "Plan Width": 0,
                                "Actual Startup Time": 38.158,
                                "Actual Total Time": 38.158,
                                "Actual Rows": 606545,
                                "Actual Loops": 1,
                                "Index Cond": "(company_id > 65735)"
                              }
                            ]
                          }
                        ]
                      }
                    ]
                  },
                  {
                    "Node Type": "Hash",
                    "Parent Relationship": "Inner",
                    "Parallel Aware": true,
                    "Startup Cost": 18082.32,
                    "Total Cost": 18082.32,
                    "Plan Rows": 271164,
                    "Plan Width": 4,
                    "Actual Startup Time": 110.048,
                    "Actual Total Time": 110.049,
                    "Actual Rows": 230092,
                    "Actual Loops": 2,
                    "Hash Buckets": 524288,
                    "Original Hash Buckets": 524288,
                    "Hash Batches": 1,
                    "Original Hash Batches": 1,
                    "Peak Memory Usage": 22144,
                    "Plans": [
                      {
                        "Node Type": "Seq Scan",
                        "Parent Relationship": "Outer",
                        "Parallel Aware": true,
                        "Relation Name": "movie_info_idx",
                        "Alias": "mi_idx",
                        "Startup Cost": 0.0,
                        "Total Cost": 18082.32,
                        "Plan Rows": 271164,
                        "Plan Width": 4,
                        "Actual Startup Time": 0.036,
                        "Actual Total Time": 62.317,
                        "Actual Rows": 230092,
                        "Actual Loops": 2,
                        "Filter": "(info_type_id > 100)",
                        "Rows Removed by Filter": 459925
                      }
                    ]
                  }
                ]
              }
            ]
          }
        ]
      }
    ]
  },
  "Planning Time": 0.675,
  "Triggers": [],
  "Execution Time": 792.673
}