[
  {
    "Plan": {
      "Node Type": "Aggregate",
      "Strategy": "Plain",
      "Partial Mode": "Finalize",
      "Parallel Aware": false,
      "Startup Cost": 45268.21,
      "Total Cost": 45268.22,
      "Plan Rows": 1,
      "Plan Width": 8,
      "Actual Startup Time": 159.711,
      "Actual Total Time": 170.049,
      "Actual Rows": 1,
      "Actual Loops": 1,
      "Plans": [
        {
          "Node Type": "Gather",
          "Parent Relationship": "Outer",
          "Parallel Aware": false,
          "Startup Cost": 45267.89,
          "Total Cost": 45268.2,
          "Plan Rows": 3,
          "Plan Width": 8,
          "Actual Startup Time": 159.595,
          "Actual Total Time": 170.04,
          "Actual Rows": 4,
          "Actual Loops": 1,
          "Workers Planned": 3,
          "Workers Launched": 3,
          "Single Copy": false,
          "Plans": [
            {
              "Node Type": "Aggregate",
              "Strategy": "Plain",
              "Partial Mode": "Partial",
              "Parent Relationship": "Outer",
              "Parallel Aware": false,
              "Startup Cost": 44267.89,
              "Total Cost": 44267.9,
              "Plan Rows": 1,
              "Plan Width": 8,
              "Actual Startup Time": 153.303,
              "Actual Total Time": 153.304,
              "Actual Rows": 1,
              "Actual Loops": 4,
              "Plans": [
                {
                  "Node Type": "Seq Scan",
                  "Parent Relationship": "Outer",
                  "Parallel Aware": true,
                  "Relation Name": "movie_keyword",
                  "Alias": "mk",
                  "Startup Cost": 0.0,
                  "Total Cost": 42695.65,
                  "Plan Rows": 628894,
                  "Plan Width": 0,
                  "Actual Startup Time": 0.788,
                  "Actual Total Time": 126.82,
                  "Actual Rows": 486910,
                  "Actual Loops": 4,
                  "Filter": "(keyword_id > 6663)",
                  "Rows Removed by Filter": 644072
                }
              ]
            }
          ]
        }
      ]
    },
    "Planning Time": 0.219,
    "Triggers": [],
    "Execution Time": 170.098
  }
]