[
  {
    "Plan": {
      "Node Type": "Aggregate",
      "Strategy": "Plain",
      "Partial Mode": "Finalize",
      "Parallel Aware": false,
      "Startup Cost": 480454.49,
      "Total Cost": 480454.5,
      "Plan Rows": 1,
      "Plan Width": 96,
      "Actual Startup Time": 1927.167,
      "Actual Total Time": 1995.447,
      "Actual Rows": 1,
      "Actual Loops": 1,
      "Plans": [
        {
          "Node Type": "Gather",
          "Parent Relationship": "Outer",
          "Parallel Aware": false,
          "Startup Cost": 480454.05,
          "Total Cost": 480454.46,
          "Plan Rows": 4,
          "Plan Width": 96,
          "Actual Startup Time": 1926.396,
          "Actual Total Time": 1995.433,
          "Actual Rows": 5,
          "Actual Loops": 1,
          "Workers Planned": 4,
          "Workers Launched": 4,
          "Single Copy": false,
          "Plans": [
            {
              "Node Type": "Aggregate",
              "Strategy": "Plain",
              "Partial Mode": "Partial",
              "Parent Relationship": "Outer",
              "Parallel Aware": false,
              "Startup Cost": 479454.05,
              "Total Cost": 479454.06,
              "Plan Rows": 1,
              "Plan Width": 96,
              "Actual Startup Time": 1915.315,
              "Actual Total Time": 1915.331,
              "Actual Rows": 1,
              "Actual Loops": 5,
              "Plans": [
                {
                  "Node Type": "Hash Join",
                  "Parent Relationship": "Outer",
                  "Parallel Aware": true,
                  "Join Type": "Inner",
                  "Startup Cost": 409515.19,
                  "Total Cost": 479453.89,
                  "Plan Rows": 21,
                  "Plan Width": 48,
                  "Actual Startup Time": 1748.702,
                  "Actual Total Time": 1915.297,
                  "Actual Rows": 17,
                  "Actual Loops": 5,
                  "Inner Unique": false,
                  "Hash Cond": "(n.id = ci.person_id)",
                  "Plans": [
                    {
                      "Node Type": "Seq Scan",
                      "Parent Relationship": "Outer",
                      "Parallel Aware": true,
                      "Relation Name": "name",
                      "Alias": "n",
                      "Startup Cost": 0.0,
                      "Total Cost": 66031.66,
                      "Plan Rows": 1041866,
                      "Plan Width": 19,
                      "Actual Startup Time": 0.019,
                      "Actual Total Time": 113.385,
                      "Actual Rows": 833498,
                      "Actual Loops": 5
                    },
                    {
                      "Node Type": "Hash",
                      "Parent Relationship": "Inner",
                      "Parallel Aware": true,
                      "Startup Cost": 409515.02,
                      "Total Cost": 409515.02,
                      "Plan Rows": 14,
                      "Plan Width": 37,
                      "Actual Startup Time": 1743.123,
                      "Actual Total Time": 1743.136,
                      "Actual Rows": 17,
                      "Actual Loops": 5,
                      "Hash Buckets": 1024,
                      "Original Hash Buckets": 1024,
                      "Hash Batches": 1,
                      "Original Hash Batches": 1,
                      "Peak Memory Usage": 168,
                      "Plans": [
                        {
                          "Node Type": "Hash Join",
                          "Parent Relationship": "Outer",
                          "Parallel Aware": true,
                          "Join Type": "Inner",
                          "Startup Cost": 80266.73,
                          "Total Cost": 409515.02,
                          "Plan Rows": 14,
                          "Plan Width": 37,
                          "Actual Startup Time": 326.973,
                          "Actual Total Time": 1742.823,
                          "Actual Rows": 17,
                          "Actual Loops": 5,
                          "Inner Unique": false,
                          "Hash Cond": "(t.id = mk.movie_id)",
                          "Plans": [
                            {
                              "Node Type": "Hash Join",
                              "Parent Relationship": "Outer",
                              "Parallel Aware": true,
                              "Join Type": "Inner",
                              "Startup Cost": 33754.95,
                              "Total Cost": 362800.28,
                              "Plan Rows": 54116,
                              "Plan Width": 29,
                              "Actual Startup Time": 26.563,
                              "Actual Total Time": 1490.341,
                              "Actual Rows": 6470,
                              "Actual Loops": 5,
                              "Inner Unique": true,
                              "Hash Cond": "(ci.movie_id = t.id)",
                              "Plans": [
                                {
                                  "Node Type": "Seq Scan",
                                  "Parent Relationship": "Outer",
                                  "Parallel Aware": true,
                                  "Relation Name": "cast_info",
                                  "Alias": "ci",
                                  "Startup Cost": 0.0,
                                  "Total Cost": 313168.83,
                                  "Plan Rows": 6048183,
                                  "Plan Width": 8,
                                  "Actual Startup Time": 0.022,
                                  "Actual Total Time": 658.879,
                                  "Actual Rows": 7248869,
                                  "Actual Loops": 5
                                },
                                {
                                  "Node Type": "Hash",
                                  "Parent Relationship": "Inner",
                                  "Parallel Aware": true,
                                  "Startup Cost": 33663.74,
                                  "Total Cost": 33663.74,
                                  "Plan Rows": 7297,
                                  "Plan Width": 21,
                                  "Actual Startup Time": 25.44,
                                  "Actual Total Time": 25.443,
                                  "Actual Rows": 4902,
                                  "Actual Loops": 5,
                                  "Hash Buckets": 32768,
                                  "Original Hash Buckets": 32768,
                                  "Hash Batches": 1,
                                  "Original Hash Batches": 1,
                                  "Peak Memory Usage": 1920,
                                  "Plans": [
                                    {
                                      "Node Type": "Bitmap Heap Scan",
                                      "Parent Relationship": "Outer",
                                      "Parallel Aware": true,
                                      "Relation Name": "title",
                                      "Alias": "t",
                                      "Startup Cost": 427.75,
                                      "Total Cost": 33663.74,
                                      "Plan Rows": 7297,
                                      "Plan Width": 21,
                                      "Actual Startup Time": 4.357,
                                      "Actual Total Time": 21.956,
                                      "Actual Rows": 4902,
                                      "Actual Loops": 5,
                                      "Recheck Cond": "(production_year < 1910)",
                                      "Rows Removed by Index Recheck": 0,
                                      "Exact Heap Blocks": 2130,
                                      "Lossy Heap Blocks": 0,
                                      "Plans": [
                                        {
                                          "Node Type": "Bitmap Index Scan",
                                          "Parent Relationship": "Outer",
                                          "Parallel Aware": false,
                                          "Index Name": "idx_title_production_year",
                                          "Startup Cost": 0.0,
                                          "Total Cost": 422.09,
                                          "Plan Rows": 22622,
                                          "Plan Width": 0,
                                          "Actual Startup Time": 2.784,
                                          "Actual Total Time": 2.785,
                                          "Actual Rows": 24508,
                                          "Actual Loops": 1,
                                          "Index Cond": "(production_year < 1910)"
                                        }
                                      ]
                                    }
                                  ]
                                }
                              ]
                            },
                            {
                              "Node Type": "Hash",
                              "Parent Relationship": "Inner",
                              "Parallel Aware": true,
                              "Startup Cost": 46510.69,
                              "Total Cost": 46510.69,
                              "Plan Rows": 87,
                              "Plan Width": 20,
                              "Actual Startup Time": 249.476,
                              "Actual Total Time": 249.481,
                              "Actual Rows": 7110,
                              "Actual Loops": 5,
                              "Hash Buckets": 65536,
                              "Original Hash Buckets": 1024,
                              "Hash Batches": 1,
                              "Original Hash Batches": 1,
                              "Peak Memory Usage": 2840,
                              "Plans": [
                                {
                                  "Node Type": "Hash Join",
                                  "Parent Relationship": "Outer",
                                  "Parallel Aware": false,
                                  "Join Type": "Inner",
                                  "Startup Cost": 3632.5,
                                  "Total Cost": 46510.69,
                                  "Plan Rows": 87,
                                  "Plan Width": 20,
                                  "Actual Startup Time": 39.183,
                                  "Actual Total Time": 206.1,
                                  "Actual Rows": 7110,
                                  "Actual Loops": 5,
                                  "Inner Unique": true,
                                  "Hash Cond": "(mk.keyword_id = k.id)",
                                  "Plans": [
                                    {
                                      "Node Type": "Seq Scan",
                                      "Parent Relationship": "Outer",
                                      "Parallel Aware": true,
                                      "Relation Name": "movie_keyword",
                                      "Alias": "mk",
                                      "Startup Cost": 0.0,
                                      "Total Cost": 39047.32,
                                      "Plan Rows": 1459332,
                                      "Plan Width": 8,
                                      "Actual Startup Time": 0.047,
                                      "Actual Total Time": 103.297,
                                      "Actual Rows": 904786,
                                      "Actual Loops": 5
                                    },
                                    {
                                      "Node Type": "Hash",
                                      "Parent Relationship": "Inner",
                                      "Parallel Aware": false,
                                      "Startup Cost": 3632.4,
                                      "Total Cost": 3632.4,
                                      "Plan Rows": 8,
                                      "Plan Width": 20,
                                      "Actual Startup Time": 38.968,
                                      "Actual Total Time": 38.97,
                                      "Actual Rows": 8,
                                      "Actual Loops": 5,
                                      "Hash Buckets": 1024,
                                      "Original Hash Buckets": 1024,
                                      "Hash Batches": 1,
                                      "Original Hash Batches": 1,
                                      "Peak Memory Usage": 9,
                                      "Plans": [
                                        {
                                          "Node Type": "Seq Scan",
                                          "Parent Relationship": "Outer",
                                          "Parallel Aware": false,
                                          "Relation Name": "keyword",
                                          "Alias": "k",
                                          "Startup Cost": 0.0,
                                          "Total Cost": 3632.4,
                                          "Plan Rows": 8,
                                          "Plan Width": 20,
                                          "Actual Startup Time": 0.345,
                                          "Actual Total Time": 38.926,
                                          "Actual Rows": 8,
                                          "Actual Loops": 5,
                                          "Filter": "(keyword = ANY ('{superhero,sequel,second-part,marvel-comics,based-on-comic,tv-special,fight,violence}'::text[]))",
                                          "Rows Removed by Filter": 134162
                                        }
                                      ]
                                    }
                                  ]
                                }
                              ]
                            }
                          ]
                        }
                      ]
                    }
                  ]
                }
              ]
            }
          ]
        }
      ]
    },
    "Planning Time": 2.118,
    "Triggers": [],
    "Execution Time": 1995.775
  }
]