[
  {
    "Plan": {
      "Node Type": "Aggregate",
      "Strategy": "Plain",
      "Partial Mode": "Finalize",
      "Parallel Aware": false,
      "Startup Cost": 349927.86,
      "Total Cost": 349927.88,
      "Plan Rows": 1,
      "Plan Width": 8,
      "Actual Startup Time": 911.287,
      "Actual Total Time": 975.429,
      "Actual Rows": 1,
      "Actual Loops": 1,
      "Plans": [
        {
          "Node Type": "Gather",
          "Parent Relationship": "Outer",
          "Parallel Aware": false,
          "Startup Cost": 349927.24,
          "Total Cost": 349927.85,
          "Plan Rows": 6,
          "Plan Width": 8,
          "Actual Startup Time": 911.055,
          "Actual Total Time": 975.41,
          "Actual Rows": 7,
          "Actual Loops": 1,
          "Workers Planned": 6,
          "Workers Launched": 6,
          "Single Copy": false,
          "Plans": [
            {
              "Node Type": "Aggregate",
              "Strategy": "Plain",
              "Partial Mode": "Partial",
              "Parent Relationship": "Outer",
              "Parallel Aware": false,
              "Startup Cost": 348927.24,
              "Total Cost": 348927.25,
              "Plan Rows": 1,
              "Plan Width": 8,
              "Actual Startup Time": 902.669,
              "Actual Total Time": 902.671,
              "Actual Rows": 1,
              "Actual Loops": 7,
              "Plans": [
                {
                  "Node Type": "Seq Scan",
                  "Parent Relationship": "Outer",
                  "Parallel Aware": true,
                  "Relation Name": "cast_info",
                  "Alias": "ci",
                  "Startup Cost": 0.0,
                  "Total Cost": 343316.27,
                  "Plan Rows": 2244388,
                  "Plan Width": 0,
                  "Actual Startup Time": 239.408,
                  "Actual Total Time": 769.067,
                  "Actual Rows": 2742039,
                  "Actual Loops": 7,
                  "Filter": "((person_id > 1547667) AND (role_id > 1))",
                  "Rows Removed by Filter": 2435724
                }
              ]
            }
          ]
        }
      ]
    },
    "Planning Time": 0.099,
    "Triggers": [],
    "Execution Time": 975.478
  }
]