[
  {
    "Plan": {
      "Node Type": "Aggregate",
      "Strategy": "Plain",
      "Partial Mode": "Finalize",
      "Parallel Aware": false,
      "Startup Cost": 349861.99,
      "Total Cost": 349862.0,
      "Plan Rows": 1,
      "Plan Width": 8,
      "Actual Startup Time": 798.001,
      "Actual Total Time": 856.102,
      "Actual Rows": 1,
      "Actual Loops": 1,
      "Plans": [
        {
          "Node Type": "Gather",
          "Parent Relationship": "Outer",
          "Parallel Aware": false,
          "Startup Cost": 349861.36,
          "Total Cost": 349861.97,
          "Plan Rows": 6,
          "Plan Width": 8,
          "Actual Startup Time": 797.89,
          "Actual Total Time": 856.092,
          "Actual Rows": 7,
          "Actual Loops": 1,
          "Workers Planned": 6,
          "Workers Launched": 6,
          "Single Copy": false,
          "Plans": [
            {
              "Node Type": "Aggregate",
              "Strategy": "Plain",
              "Partial Mode": "Partial",
              "Parent Relationship": "Outer",
              "Parallel Aware": false,
              "Startup Cost": 348861.36,
              "Total Cost": 348861.38,
              "Plan Rows": 1,
              "Plan Width": 8,
              "Actual Startup Time": 789.672,
              "Actual Total Time": 789.673,
              "Actual Rows": 1,
              "Actual Loops": 7,
              "Plans": [
                {
                  "Node Type": "Seq Scan",
                  "Parent Relationship": "Outer",
                  "Parallel Aware": true,
                  "Relation Name": "cast_info",
                  "Alias": "ci",
                  "Startup Cost": 0.0,
                  "Total Cost": 343257.03,
                  "Plan Rows": 2241734,
                  "Plan Width": 0,
                  "Actual Startup Time": 213.811,
                  "Actual Total Time": 675.786,
                  "Actual Rows": 2742039,
                  "Actual Loops": 7,
                  "Filter": "((person_id > 1547667) AND (role_id > 1))",
                  "Rows Removed by Filter": 2435724
                }
              ]
            }
          ]
        }
      ]
    },
    "Planning Time": 0.141,
    "Triggers": [],
    "Execution Time": 856.155
  }
]