[
  {
    "Plan": {
      "Node Type": "Aggregate",
      "Strategy": "Plain",
      "Partial Mode": "Finalize",
      "Parallel Aware": false,
      "Startup Cost": 127065.56,
      "Total Cost": 127065.57,
      "Plan Rows": 1,
      "Plan Width": 8,
      "Actual Startup Time": 576.498,
      "Actual Total Time": 606.913,
      "Actual Rows": 1,
      "Actual Loops": 1,
      "Plans": [
        {
          "Node Type": "Gather",
          "Parent Relationship": "Outer",
          "Parallel Aware": false,
          "Startup Cost": 127065.25,
          "Total Cost": 127065.56,
          "Plan Rows": 3,
          "Plan Width": 8,
          "Actual Startup Time": 573.977,
          "Actual Total Time": 606.902,
          "Actual Rows": 4,
          "Actual Loops": 1,
          "Workers Planned": 3,
          "Workers Launched": 3,
          "Single Copy": false,
          "Plans": [
            {
              "Node Type": "Aggregate",
              "Strategy": "Plain",
              "Partial Mode": "Partial",
              "Parent Relationship": "Outer",
              "Parallel Aware": false,
              "Startup Cost": 126065.25,
              "Total Cost": 126065.26,
              "Plan Rows": 1,
              "Plan Width": 8,
              "Actual Startup Time": 564.753,
              "Actual Total Time": 564.818,
              "Actual Rows": 1,
              "Actual Loops": 4,
              "Plans": [
                {
                  "Node Type": "Hash Join",
                  "Parent Relationship": "Outer",
                  "Parallel Aware": true,
                  "Join Type": "Inner",
                  "Startup Cost": 80629.05,
                  "Total Cost": 125607.06,
                  "Plan Rows": 183276,
                  "Plan Width": 0,
                  "Actual Startup Time": 335.024,
                  "Actual Total Time": 558.917,
                  "Actual Rows": 116183,
                  "Actual Loops": 4,
                  "Inner Unique": false,
                  "Hash Cond": "(mk.movie_id = t.id)",
                  "Plans": [
                    {
                      "Node Type": "Seq Scan",
                      "Parent Relationship": "Outer",
                      "Parallel Aware": true,
                      "Relation Name": "movie_keyword",
                      "Alias": "mk",
                      "Startup Cost": 0.0,
                      "Total Cost": 39047.32,
                      "Plan Rows": 1459332,
                      "Plan Width": 4,
                      "Actual Startup Time": 0.033,
                      "Actual Total Time": 105.543,
                      "Actual Rows": 1130982,
                      "Actual Loops": 4
                    },
                    {
                      "Node Type": "Hash",
                      "Parent Relationship": "Inner",
                      "Parallel Aware": true,
                      "Startup Cost": 79636.77,
                      "Total Cost": 79636.77,
                      "Plan Rows": 79382,
                      "Plan Width": 8,
                      "Actual Startup Time": 331.288,
                      "Actual Total Time": 331.351,
                      "Actual Rows": 51889,
                      "Actual Loops": 4,
                      "Hash Buckets": 524288,
                      "Original Hash Buckets": 524288,
                      "Hash Batches": 1,
                      "Original Hash Batches": 1,
                      "Peak Memory Usage": 12256,
                      "Plans": [
                        {
                          "Node Type": "Hash Join",
                          "Parent Relationship": "Outer",
                          "Parallel Aware": true,
                          "Join Type": "Inner",
                          "Startup Cost": 33150.49,
                          "Total Cost": 79636.77,
                          "Plan Rows": 79382,
                          "Plan Width": 8,
                          "Actual Startup Time": 114.202,
                          "Actual Total Time": 310.794,
                          "Actual Rows": 51889,
                          "Actual Loops": 4,
                          "Inner Unique": false,
                          "Hash Cond": "(t.id = mc.movie_id)",
                          "Plans": [
                            {
                              "Node Type": "Seq Scan",
                              "Parent Relationship": "Outer",
                              "Parallel Aware": true,
                              "Relation Name": "title",
                              "Alias": "t",
                              "Startup Cost": 0.0,
                              "Total Cost": 43898.92,
                              "Plan Rows": 466259,
                              "Plan Width": 4,
                              "Actual Startup Time": 0.013,
                              "Actual Total Time": 104.93,
                              "Actual Rows": 466372,
                              "Actual Loops": 4,
                              "Filter": "(kind_id > 1)",
                              "Rows Removed by Filter": 165706
                            },
                            {
                              "Node Type": "Hash",
                              "Parent Relationship": "Inner",
                              "Parallel Aware": true,
                              "Startup Cost": 31414.82,
                              "Total Cost": 31414.82,
                              "Plan Rows": 138854,
                              "Plan Width": 4,
                              "Actual Startup Time": 112.425,
                              "Actual Total Time": 112.427,
                              "Actual Rows": 61602,
                              "Actual Loops": 4,
                              "Hash Buckets": 524288,
                              "Original Hash Buckets": 524288,
                              "Hash Batches": 1,
                              "Original Hash Batches": 1,
                              "Peak Memory Usage": 13792,
                              "Plans": [
                                {
                                  "Node Type": "Seq Scan",
                                  "Parent Relationship": "Outer",
                                  "Parallel Aware": true,
                                  "Relation Name": "movie_companies",
                                  "Alias": "mc",
                                  "Startup Cost": 0.0,
                                  "Total Cost": 31414.82,
                                  "Plan Rows": 138854,
                                  "Plan Width": 4,
                                  "Actual Startup Time": 50.814,
                                  "Actual Total Time": 86.391,
                                  "Actual Rows": 61602,
                                  "Actual Loops": 4,
                                  "Filter": "((company_id < 2242) AND (company_type_id = 2))",
                                  "Rows Removed by Filter": 590680
                                }
                              ]
                            }
                          ]
                        }
                      ]
                    }
                  ]
                }
              ]
            }
          ]
        }
      ]
    },
    "Planning Time": 1.469,
    "Triggers": [],
    "Execution Time": 606.998
  }
]