[
  {
    "Plan": {
      "Node Type": "Aggregate",
      "Strategy": "Plain",
      "Partial Mode": "Finalize",
      "Parallel Aware": false,
      "Startup Cost": 46484.37,
      "Total Cost": 46484.38,
      "Plan Rows": 1,
      "Plan Width": 8,
      "Actual Startup Time": 88.432,
      "Actual Total Time": 99.745,
      "Actual Rows": 1,
      "Actual Loops": 1,
      "Plans": [
        {
          "Node Type": "Gather",
          "Parent Relationship": "Outer",
          "Parallel Aware": false,
          "Startup Cost": 46483.95,
          "Total Cost": 46484.36,
          "Plan Rows": 4,
          "Plan Width": 8,
          "Actual Startup Time": 88.228,
          "Actual Total Time": 99.731,
          "Actual Rows": 5,
          "Actual Loops": 1,
          "Workers Planned": 4,
          "Workers Launched": 4,
          "Single Copy": false,
          "Plans": [
            {
              "Node Type": "Aggregate",
              "Strategy": "Plain",
              "Partial Mode": "Partial",
              "Parent Relationship": "Outer",
              "Parallel Aware": false,
              "Startup Cost": 45483.95,
              "Total Cost": 45483.96,
              "Plan Rows": 1,
              "Plan Width": 8,
              "Actual Startup Time": 82.465,
              "Actual Total Time": 82.467,
              "Actual Rows": 1,
              "Actual Loops": 5,
              "Plans": [
                {
                  "Node Type": "Seq Scan",
                  "Parent Relationship": "Outer",
                  "Parallel Aware": true,
                  "Relation Name": "title",
                  "Alias": "t",
                  "Startup Cost": 0.0,
                  "Total Cost": 45479.59,
                  "Plan Rows": 1746,
                  "Plan Width": 0,
                  "Actual Startup Time": 0.193,
                  "Actual Total Time": 82.29,
                  "Actual Rows": 1312,
                  "Actual Loops": 5,
                  "Filter": "((kind_id > 3) AND (production_year = 1963))",
                  "Rows Removed by Filter": 504350
                }
              ]
            }
          ]
        }
      ]
    },
    "Planning Time": 0.21,
    "Triggers": [],
    "Execution Time": 99.812
  }
]