[
  {
    "Plan": {
      "Node Type": "Aggregate",
      "Strategy": "Plain",
      "Partial Mode": "Finalize",
      "Parallel Aware": false,
      "Startup Cost": 119554.25,
      "Total Cost": 119554.26,
      "Plan Rows": 1,
      "Plan Width": 8,
      "Actual Startup Time": 207.18,
      "Actual Total Time": 218.525,
      "Actual Rows": 1,
      "Actual Loops": 1,
      "Plans": [
        {
          "Node Type": "Gather",
          "Parent Relationship": "Outer",
          "Parallel Aware": false,
          "Startup Cost": 119553.73,
          "Total Cost": 119554.24,
          "Plan Rows": 5,
          "Plan Width": 8,
          "Actual Startup Time": 207.1,
          "Actual Total Time": 218.514,
          "Actual Rows": 6,
          "Actual Loops": 1,
          "Workers Planned": 5,
          "Workers Launched": 5,
          "Single Copy": false,
          "Plans": [
            {
              "Node Type": "Aggregate",
              "Strategy": "Plain",
              "Partial Mode": "Partial",
              "Parent Relationship": "Outer",
              "Parallel Aware": false,
              "Startup Cost": 118553.73,
              "Total Cost": 118553.74,
              "Plan Rows": 1,
              "Plan Width": 8,
              "Actual Startup Time": 199.399,
              "Actual Total Time": 199.401,
              "Actual Rows": 1,
              "Actual Loops": 6,
              "Plans": [
                {
                  "Node Type": "Index Scan",
                  "Parent Relationship": "Outer",
                  "Parallel Aware": true,
                  "Scan Direction": "Forward",
                  "Index Name": "role_id_cast_info",
                  "Relation Name": "cast_info",
                  "Alias": "ci",
                  "Startup Cost": 0.56,
                  "Total Cost": 118067.1,
                  "Plan Rows": 194650,
                  "Plan Width": 0,
                  "Actual Startup Time": 0.112,
                  "Actual Total Time": 170.661,
                  "Actual Rows": 497467,
                  "Actual Loops": 6,
                  "Index Cond": "(role_id = 10)",
                  "Rows Removed by Index Recheck": 0,
                  "Filter": "(person_id > 2870545)",
                  "Rows Removed by Filter": 223036
                }
              ]
            }
          ]
        }
      ]
    },
    "Planning Time": 0.097,
    "Triggers": [],
    "Execution Time": 218.565
  }
]