[
    {
        "Bao": {
            "Bao prediction": "NaN",
            "Bao recommended hint": "(no hint)"
        }
    },
    {
        "Plan": {
            "Node Type": "Aggregate",
            "Strategy": "Plain",
            "Partial Mode": "Simple",
            "Parallel Aware": false,
            "Startup Cost": 1647.97,
            "Total Cost": 1647.98,
            "Plan Rows": 1,
            "Plan Width": 8,
            "Actual Startup Time": 4.613,
            "Actual Total Time": 4.615,
            "Actual Rows": 1,
            "Actual Loops": 1,
            "Output": [
                "count(*)"
            ],
            "Plans": [
                {
                    "Node Type": "Nested Loop",
                    "Parent Relationship": "Outer",
                    "Parallel Aware": false,
                    "Join Type": "Inner",
                    "Startup Cost": 1.43,
                    "Total Cost": 1647.11,
                    "Plan Rows": 344,
                    "Plan Width": 0,
                    "Actual Startup Time": 0.106,
                    "Actual Total Time": 4.296,
                    "Actual Rows": 7098,
                    "Actual Loops": 1,
                    "Inner Unique": false,
                    "Plans": [
                        {
                            "Node Type": "Nested Loop",
                            "Parent Relationship": "Outer",
                            "Parallel Aware": false,
                            "Join Type": "Inner",
                            "Startup Cost": 0.99,
                            "Total Cost": 1537.99,
                            "Plan Rows": 59,
                            "Plan Width": 8,
                            "Actual Startup Time": 0.087,
                            "Actual Total Time": 0.954,
                            "Actual Rows": 313,
                            "Actual Loops": 1,
                            "Output": [
                                "t.id",
                                "ci.movie_id"
                            ],
                            "Inner Unique": true,
                            "Plans": [
                                {
                                    "Node Type": "Index Scan",
                                    "Parent Relationship": "Outer",
                                    "Parallel Aware": false,
                                    "Scan Direction": "Forward",
                                    "Index Name": "person_id_cast_info",
                                    "Relation Name": "cast_info",
                                    "Schema": "public",
                                    "Alias": "ci",
                                    "Startup Cost": 0.56,
                                    "Total Cost": 1039.59,
                                    "Plan Rows": 59,
                                    "Plan Width": 4,
                                    "Actual Startup Time": 0.065,
                                    "Actual Total Time": 0.125,
                                    "Actual Rows": 313,
                                    "Actual Loops": 1,
                                    "Output": [
                                        "ci.id",
                                        "ci.person_id",
                                        "ci.movie_id",
                                        "ci.person_role_id",
                                        "ci.note",
                                        "ci.nr_order",
                                        "ci.role_id"
                                    ],
                                    "Index Cond": "(ci.person_id = 2237205)",
                                    "Rows Removed by Index Recheck": 0,
                                    "Filter": "(ci.role_id = 10)",
                                    "Rows Removed by Filter": 2
                                },
                                {
                                    "Node Type": "Index Only Scan",
                                    "Parent Relationship": "Inner",
                                    "Parallel Aware": false,
                                    "Scan Direction": "Forward",
                                    "Index Name": "title_pkey",
                                    "Relation Name": "title",
                                    "Schema": "public",
                                    "Alias": "t",
                                    "Startup Cost": 0.43,
                                    "Total Cost": 8.45,
                                    "Plan Rows": 1,
                                    "Plan Width": 4,
                                    "Actual Startup Time": 0.002,
                                    "Actual Total Time": 0.002,
                                    "Actual Rows": 1,
                                    "Actual Loops": 313,
                                    "Output": [
                                        "t.id"
                                    ],
                                    "Index Cond": "(t.id = ci.movie_id)",
                                    "Rows Removed by Index Recheck": 0,
                                    "Heap Fetches": 313
                                }
                            ]
                        },
                        {
                            "Node Type": "Index Only Scan",
                            "Parent Relationship": "Inner",
                            "Parallel Aware": false,
                            "Scan Direction": "Forward",
                            "Index Name": "movie_id_movie_info",
                            "Relation Name": "movie_info",
                            "Schema": "public",
                            "Alias": "mi",
                            "Startup Cost": 0.43,
                            "Total Cost": 1.46,
                            "Plan Rows": 39,
                            "Plan Width": 4,
                            "Actual Startup Time": 0.002,
                            "Actual Total Time": 0.009,
                            "Actual Rows": 23,
                            "Actual Loops": 313,
                            "Output": [
                                "mi.movie_id"
                            ],
                            "Index Cond": "(mi.movie_id = t.id)",
                            "Rows Removed by Index Recheck": 0,
                            "Heap Fetches": 7098
                        }
                    ]
                }
            ]
        },
        "Planning Time": 201.372,
        "Triggers": [],
        "Execution Time": 4.707
    }
]