[
  {
    "Plan": {
      "Node Type": "Aggregate",
      "Strategy": "Plain",
      "Partial Mode": "Finalize",
      "Parallel Aware": false,
      "Startup Cost": 45439.1,
      "Total Cost": 45439.11,
      "Plan Rows": 1,
      "Plan Width": 8,
      "Actual Startup Time": 138.62,
      "Actual Total Time": 148.711,
      "Actual Rows": 1,
      "Actual Loops": 1,
      "Plans": [
        {
          "Node Type": "Gather",
          "Parent Relationship": "Outer",
          "Parallel Aware": false,
          "Startup Cost": 45438.78,
          "Total Cost": 45439.09,
          "Plan Rows": 3,
          "Plan Width": 8,
          "Actual Startup Time": 138.457,
          "Actual Total Time": 148.7,
          "Actual Rows": 4,
          "Actual Loops": 1,
          "Workers Planned": 3,
          "Workers Launched": 3,
          "Single Copy": false,
          "Plans": [
            {
              "Node Type": "Aggregate",
              "Strategy": "Plain",
              "Partial Mode": "Partial",
              "Parent Relationship": "Outer",
              "Parallel Aware": false,
              "Startup Cost": 44438.78,
              "Total Cost": 44438.79,
              "Plan Rows": 1,
              "Plan Width": 8,
              "Actual Startup Time": 133.987,
              "Actual Total Time": 133.989,
              "Actual Rows": 1,
              "Actual Loops": 4,
              "Plans": [
                {
                  "Node Type": "Seq Scan",
                  "Parent Relationship": "Outer",
                  "Parallel Aware": true,
                  "Relation Name": "movie_keyword",
                  "Alias": "mk",
                  "Startup Cost": 0.0,
                  "Total Cost": 42695.65,
                  "Plan Rows": 697251,
                  "Plan Width": 0,
                  "Actual Startup Time": 0.779,
                  "Actual Total Time": 109.803,
                  "Actual Rows": 536777,
                  "Actual Loops": 4,
                  "Filter": "(keyword_id > 5433)",
                  "Rows Removed by Filter": 594206
                }
              ]
            }
          ]
        }
      ]
    },
    "Planning Time": 0.169,
    "Triggers": [],
    "Execution Time": 148.767
  }
]