[
  {
    "Plan": {
      "Node Type": "Aggregate",
      "Strategy": "Plain",
      "Partial Mode": "Finalize",
      "Parallel Aware": false,
      "Startup Cost": 45426.03,
      "Total Cost": 45426.04,
      "Plan Rows": 1,
      "Plan Width": 8,
      "Actual Startup Time": 166.1,
      "Actual Total Time": 177.369,
      "Actual Rows": 1,
      "Actual Loops": 1,
      "Plans": [
        {
          "Node Type": "Gather",
          "Parent Relationship": "Outer",
          "Parallel Aware": false,
          "Startup Cost": 45425.71,
          "Total Cost": 45426.02,
          "Plan Rows": 3,
          "Plan Width": 8,
          "Actual Startup Time": 165.991,
          "Actual Total Time": 177.361,
          "Actual Rows": 4,
          "Actual Loops": 1,
          "Workers Planned": 3,
          "Workers Launched": 3,
          "Single Copy": false,
          "Plans": [
            {
              "Node Type": "Aggregate",
              "Strategy": "Plain",
              "Partial Mode": "Partial",
              "Parent Relationship": "Outer",
              "Parallel Aware": false,
              "Startup Cost": 44425.71,
              "Total Cost": 44425.72,
              "Plan Rows": 1,
              "Plan Width": 8,
              "Actual Startup Time": 157.699,
              "Actual Total Time": 157.7,
              "Actual Rows": 1,
              "Actual Loops": 4,
              "Plans": [
                {
                  "Node Type": "Seq Scan",
                  "Parent Relationship": "Outer",
                  "Parallel Aware": true,
                  "Relation Name": "movie_keyword",
                  "Alias": "mk",
                  "Startup Cost": 0.0,
                  "Total Cost": 42695.65,
                  "Plan Rows": 692024,
                  "Plan Width": 0,
                  "Actual Startup Time": 0.8,
                  "Actual Total Time": 129.09,
                  "Actual Rows": 536777,
                  "Actual Loops": 4,
                  "Filter": "(keyword_id > 5433)",
                  "Rows Removed by Filter": 594206
                }
              ]
            }
          ]
        }
      ]
    },
    "Planning Time": 0.157,
    "Triggers": [],
    "Execution Time": 177.42
  }
]