[
  {
    "Plan": {
      "Node Type": "Aggregate",
      "Strategy": "Plain",
      "Partial Mode": "Finalize",
      "Parallel Aware": false,
      "Startup Cost": 292515.56,
      "Total Cost": 292515.57,
      "Plan Rows": 1,
      "Plan Width": 8,
      "Actual Startup Time": 1440.404,
      "Actual Total Time": 1489.075,
      "Actual Rows": 1,
      "Actual Loops": 1,
      "Plans": [
        {
          "Node Type": "Gather",
          "Parent Relationship": "Outer",
          "Parallel Aware": false,
          "Startup Cost": 292515.04,
          "Total Cost": 292515.55,
          "Plan Rows": 5,
          "Plan Width": 8,
          "Actual Startup Time": 1424.364,
          "Actual Total Time": 1489.046,
          "Actual Rows": 6,
          "Actual Loops": 1,
          "Workers Planned": 5,
          "Workers Launched": 5,
          "Single Copy": false,
          "Plans": [
            {
              "Node Type": "Aggregate",
              "Strategy": "Plain",
              "Partial Mode": "Partial",
              "Parent Relationship": "Outer",
              "Parallel Aware": false,
              "Startup Cost": 291515.04,
              "Total Cost": 291515.05,
              "Plan Rows": 1,
              "Plan Width": 8,
              "Actual Startup Time": 1416.881,
              "Actual Total Time": 1417.338,
              "Actual Rows": 1,
              "Actual Loops": 6,
              "Plans": [
                {
                  "Node Type": "Hash Join",
                  "Parent Relationship": "Outer",
                  "Parallel Aware": true,
                  "Join Type": "Inner",
                  "Startup Cost": 82848.28,
                  "Total Cost": 288962.12,
                  "Plan Rows": 1021168,
                  "Plan Width": 0,
                  "Actual Startup Time": 376.687,
                  "Actual Total Time": 1283.821,
                  "Actual Rows": 3105707,
                  "Actual Loops": 6,
                  "Inner Unique": false,
                  "Hash Cond": "(mi.movie_id = t.id)",
                  "Plans": [
                    {
                      "Node Type": "Seq Scan",
                      "Parent Relationship": "Outer",
                      "Parallel Aware": true,
                      "Relation Name": "movie_info",
                      "Alias": "mi",
                      "Startup Cost": 0.0,
                      "Total Cost": 191685.19,
                      "Plan Rows": 2969219,
                      "Plan Width": 4,
                      "Actual Startup Time": 0.034,
                      "Actual Total Time": 281.367,
                      "Actual Rows": 2472620,
                      "Actual Loops": 6
                    },
                    {
                      "Node Type": "Hash",
                      "Parent Relationship": "Inner",
                      "Parallel Aware": true,
                      "Startup Cost": 79341.95,
                      "Total Cost": 79341.95,
                      "Plan Rows": 280506,
                      "Plan Width": 8,
                      "Actual Startup Time": 372.883,
                      "Actual Total Time": 373.337,
                      "Actual Rows": 117411,
                      "Actual Loops": 6,
                      "Hash Buckets": 1048576,
                      "Original Hash Buckets": 1048576,
                      "Hash Batches": 1,
                      "Original Hash Batches": 1,
                      "Peak Memory Usage": 35840,
                      "Plans": [
                        {
                          "Node Type": "Hash Join",
                          "Parent Relationship": "Outer",
                          "Parallel Aware": true,
                          "Join Type": "Inner",
                          "Startup Cost": 48857.97,
                          "Total Cost": 79341.95,
                          "Plan Rows": 280506,
                          "Plan Width": 8,
                          "Actual Startup Time": 218.468,
                          "Actual Total Time": 334.803,
                          "Actual Rows": 117411,
                          "Actual Loops": 6,
                          "Inner Unique": true,
                          "Hash Cond": "(mc.movie_id = t.id)",
                          "Plans": [
                            {
                              "Node Type": "Seq Scan",
                              "Parent Relationship": "Outer",
                              "Parallel Aware": true,
                              "Relation Name": "movie_companies",
                              "Alias": "mc",
                              "Startup Cost": 0.0,
                              "Total Cost": 29310.68,
                              "Plan Rows": 446971,
                              "Plan Width": 4,
                              "Actual Startup Time": 7.751,
                              "Actual Total Time": 50.221,
                              "Actual Rows": 229390,
                              "Actual Loops": 6,
                              "Filter": "(company_id > 11141)",
                              "Rows Removed by Filter": 205465
                            },
                            {
                              "Node Type": "Hash",
                              "Parent Relationship": "Inner",
                              "Parallel Aware": true,
                              "Startup Cost": 43899.32,
                              "Total Cost": 43899.32,
                              "Plan Rows": 396692,
                              "Plan Width": 4,
                              "Actual Startup Time": 208.256,
                              "Actual Total Time": 208.258,
                              "Actual Rows": 261761,
                              "Actual Loops": 6,
                              "Hash Buckets": 2097152,
                              "Original Hash Buckets": 2097152,
                              "Hash Batches": 1,
                              "Original Hash Batches": 1,
                              "Peak Memory Usage": 77920,
                              "Plans": [
                                {
                                  "Node Type": "Seq Scan",
                                  "Parent Relationship": "Outer",
                                  "Parallel Aware": true,
                                  "Relation Name": "title",
                                  "Alias": "t",
                                  "Startup Cost": 0.0,
                                  "Total Cost": 43899.32,
                                  "Plan Rows": 396692,
                                  "Plan Width": 4,
                                  "Actual Startup Time": 0.044,
                                  "Actual Total Time": 87.366,
                                  "Actual Rows": 261761,
                                  "Actual Loops": 6,
                                  "Filter": "(production_year > 1996)",
                                  "Rows Removed by Filter": 159624
                                }
                              ]
                            }
                          ]
                        }
                      ]
                    }
                  ]
                }
              ]
            }
          ]
        }
      ]
    },
    "Planning Time": 0.517,
    "Triggers": [],
    "Execution Time": 1489.133
  }
]