{
  "Plan": {
    "Node Type": "Aggregate",
    "Strategy": "Plain",
    "Partial Mode": "Finalize",
    "Parallel Aware": false,
    "Startup Cost": 605585.38,
    "Total Cost": 605585.39,
    "Plan Rows": 1,
    "Plan Width": 8,
    "Actual Startup Time": 2050.174,
    "Actual Total Time": 2094.988,
    "Actual Rows": 1,
    "Actual Loops": 1,
    "Plans": [
      {
        "Node Type": "Gather",
        "Parent Relationship": "Outer",
        "Parallel Aware": false,
        "Startup Cost": 605585.27,
        "Total Cost": 605585.38,
        "Plan Rows": 1,
        "Plan Width": 8,
        "Actual Startup Time": 2049.649,
        "Actual Total Time": 2094.979,
        "Actual Rows": 2,
        "Actual Loops": 1,
        "Workers Planned": 1,
        "Workers Launched": 1,
        "Single Copy": false,
        "Plans": [
          {
            "Node Type": "Aggregate",
            "Strategy": "Plain",
            "Partial Mode": "Partial",
            "Parent Relationship": "Outer",
            "Parallel Aware": false,
            "Startup Cost": 604585.27,
            "Total Cost": 604585.28,
            "Plan Rows": 1,
            "Plan Width": 8,
            "Actual Startup Time": 2043.797,
            "Actual Total Time": 2043.8,
            "Actual Rows": 1,
            "Actual Loops": 2,
            "Plans": [
              {
                "Node Type": "Hash Join",
                "Parent Relationship": "Outer",
                "Parallel Aware": true,
                "Join Type": "Inner",
                "Startup Cost": 58592.61,
                "Total Cost": 604307.51,
                "Plan Rows": 111101,
                "Plan Width": 0,
                "Actual Startup Time": 172.824,
                "Actual Total Time": 2040.796,
                "Actual Rows": 49370,
                "Actual Loops": 2,
                "Inner Unique": true,
                "Hash Cond": "(ci.movie_id = t.id)",
                "Plans": [
                  {
                    "Node Type": "Index Scan",
                    "Parent Relationship": "Outer",
                    "Parallel Aware": true,
                    "Scan Direction": "Forward",
                    "Index Name": "role_id_cast_info",
                    "Relation Name": "cast_info",
                    "Alias": "ci",
                    "Startup Cost": 0.56,
                    "Total Cost": 526730.69,
                    "Plan Rows": 7232285,
                    "Plan Width": 4,
                    "Actual Startup Time": 0.077,
                    "Actual Total Time": 1316.34,
                    "Actual Rows": 3565707,
                    "Actual Loops": 2,
                    "Index Cond": "(role_id > 2)",
                    "Rows Removed by Index Recheck": 0,
                    "Filter": "(person_id < 2797669)",
                    "Rows Removed by Filter": 4495134
                  },
                  {
                    "Node Type": "Hash",
                    "Parent Relationship": "Inner",
                    "Parallel Aware": true,
                    "Startup Cost": 58306.47,
                    "Total Cost": 58306.47,
                    "Plan Rows": 22846,
                    "Plan Width": 4,
                    "Actual Startup Time": 170.454,
                    "Actual Total Time": 170.455,
                    "Actual Rows": 50596,
                    "Actual Loops": 2,
                    "Hash Buckets": 131072,
                    "Original Hash Buckets": 65536,
                    "Hash Batches": 1,
                    "Original Hash Batches": 1,
                    "Peak Memory Usage": 5536,
                    "Plans": [
                      {
                        "Node Type": "Seq Scan",
                        "Parent Relationship": "Outer",
                        "Parallel Aware": true,
                        "Relation Name": "title",
                        "Alias": "t",
                        "Startup Cost": 0.0,
                        "Total Cost": 58306.47,
                        "Plan Rows": 22846,
                        "Plan Width": 4,
                        "Actual Startup Time": 93.83,
                        "Actual Total Time": 157.029,
                        "Actual Rows": 50596,
                        "Actual Loops": 2,
                        "Filter": "((kind_id < 7) AND (production_year < 1925))",
                        "Rows Removed by Filter": 1213560
                      }
                    ]
                  }
                ]
              }
            ]
          }
        ]
      }
    ]
  },
  "Planning Time": 0.555,
  "Triggers": [],
  "Execution Time": 2095.076
}