[
    {
        "Bao": {
            "Bao prediction": 437.508,
            "Bao recommended hint": "(no hint)"
        }
    },
    {
        "Plan": {
            "Node Type": "Aggregate",
            "Strategy": "Plain",
            "Partial Mode": "Finalize",
            "Parallel Aware": false,
            "Startup Cost": 32645.39,
            "Total Cost": 32645.4,
            "Plan Rows": 1,
            "Plan Width": 8,
            "Actual Startup Time": 82.166,
            "Actual Total Time": 88.802,
            "Actual Rows": 1,
            "Actual Loops": 1,
            "Output": [
                "count(*)"
            ],
            "Plans": [
                {
                    "Node Type": "Gather",
                    "Parent Relationship": "Outer",
                    "Parallel Aware": false,
                    "Startup Cost": 32645.07,
                    "Total Cost": 32645.38,
                    "Plan Rows": 3,
                    "Plan Width": 8,
                    "Actual Startup Time": 82.049,
                    "Actual Total Time": 88.795,
                    "Actual Rows": 4,
                    "Actual Loops": 1,
                    "Output": [
                        "(PARTIAL count(*))"
                    ],
                    "Workers Planned": 3,
                    "Workers Launched": 3,
                    "Single Copy": false,
                    "Plans": [
                        {
                            "Node Type": "Aggregate",
                            "Strategy": "Plain",
                            "Partial Mode": "Partial",
                            "Parent Relationship": "Outer",
                            "Parallel Aware": false,
                            "Startup Cost": 31645.07,
                            "Total Cost": 31645.08,
                            "Plan Rows": 1,
                            "Plan Width": 8,
                            "Actual Startup Time": 74.22,
                            "Actual Total Time": 74.221,
                            "Actual Rows": 1,
                            "Actual Loops": 4,
                            "Output": [
                                "PARTIAL count(*)"
                            ],
                            "Workers": [
                                {
                                    "Worker Number": 0,
                                    "Actual Startup Time": 71.674,
                                    "Actual Total Time": 71.675,
                                    "Actual Rows": 1,
                                    "Actual Loops": 1
                                },
                                {
                                    "Worker Number": 1,
                                    "Actual Startup Time": 71.668,
                                    "Actual Total Time": 71.669,
                                    "Actual Rows": 1,
                                    "Actual Loops": 1
                                },
                                {
                                    "Worker Number": 2,
                                    "Actual Startup Time": 72.082,
                                    "Actual Total Time": 72.083,
                                    "Actual Rows": 1,
                                    "Actual Loops": 1
                                }
                            ],
                            "Plans": [
                                {
                                    "Node Type": "Seq Scan",
                                    "Parent Relationship": "Outer",
                                    "Parallel Aware": true,
                                    "Relation Name": "movie_companies",
                                    "Schema": "public",
                                    "Alias": "mc",
                                    "Startup Cost": 0.0,
                                    "Total Cost": 31414.82,
                                    "Plan Rows": 92100,
                                    "Plan Width": 0,
                                    "Actual Startup Time": 47.476,
                                    "Actual Total Time": 72.678,
                                    "Actual Rows": 36129,
                                    "Actual Loops": 4,
                                    "Output": [
                                        "id",
                                        "movie_id",
                                        "company_id",
                                        "company_type_id",
                                        "note"
                                    ],
                                    "Filter": "((mc.company_id < 588) AND (mc.company_type_id > 1))",
                                    "Rows Removed by Filter": 616153,
                                    "Workers": [
                                        {
                                            "Worker Number": 0,
                                            "Actual Startup Time": 44.928,
                                            "Actual Total Time": 70.148,
                                            "Actual Rows": 34499,
                                            "Actual Loops": 1
                                        },
                                        {
                                            "Worker Number": 1,
                                            "Actual Startup Time": 44.923,
                                            "Actual Total Time": 70.164,
                                            "Actual Rows": 34002,
                                            "Actual Loops": 1
                                        },
                                        {
                                            "Worker Number": 2,
                                            "Actual Startup Time": 45.343,
                                            "Actual Total Time": 70.646,
                                            "Actual Rows": 32810,
                                            "Actual Loops": 1
                                        }
                                    ]
                                }
                            ]
                        }
                    ]
                }
            ]
        },
        "Planning Time": 899.985,
        "Triggers": [],
        "Execution Time": 88.883
    }
]