[
  {
    "Plan": {
      "Node Type": "Aggregate",
      "Strategy": "Plain",
      "Partial Mode": "Finalize",
      "Parallel Aware": false,
      "Startup Cost": 448323.97,
      "Total Cost": 448323.98,
      "Plan Rows": 1,
      "Plan Width": 8,
      "Actual Startup Time": 4379.827,
      "Actual Total Time": 4432.531,
      "Actual Rows": 1,
      "Actual Loops": 1,
      "Plans": [
        {
          "Node Type": "Gather",
          "Parent Relationship": "Outer",
          "Parallel Aware": false,
          "Startup Cost": 448323.35,
          "Total Cost": 448323.96,
          "Plan Rows": 6,
          "Plan Width": 8,
          "Actual Startup Time": 4350.565,
          "Actual Total Time": 4432.518,
          "Actual Rows": 7,
          "Actual Loops": 1,
          "Workers Planned": 6,
          "Workers Launched": 6,
          "Single Copy": false,
          "Plans": [
            {
              "Node Type": "Aggregate",
              "Strategy": "Plain",
              "Partial Mode": "Partial",
              "Parent Relationship": "Outer",
              "Parallel Aware": false,
              "Startup Cost": 447323.35,
              "Total Cost": 447323.36,
              "Plan Rows": 1,
              "Plan Width": 8,
              "Actual Startup Time": 4340.135,
              "Actual Total Time": 4340.842,
              "Actual Rows": 1,
              "Actual Loops": 7,
              "Plans": [
                {
                  "Node Type": "Hash Join",
                  "Parent Relationship": "Outer",
                  "Parallel Aware": true,
                  "Join Type": "Inner",
                  "Startup Cost": 97564.48,
                  "Total Cost": 441189.13,
                  "Plan Rows": 2453688,
                  "Plan Width": 0,
                  "Actual Startup Time": 472.039,
                  "Actual Total Time": 3580.736,
                  "Actual Rows": 18465468,
                  "Actual Loops": 7,
                  "Inner Unique": false,
                  "Hash Cond": "(ci.movie_id = t.id)",
                  "Plans": [
                    {
                      "Node Type": "Seq Scan",
                      "Parent Relationship": "Outer",
                      "Parallel Aware": true,
                      "Relation Name": "cast_info",
                      "Alias": "ci",
                      "Startup Cost": 0.0,
                      "Total Cost": 313067.02,
                      "Plan Rows": 6038002,
                      "Plan Width": 4,
                      "Actual Startup Time": 0.019,
                      "Actual Total Time": 523.126,
                      "Actual Rows": 5177763,
                      "Actual Loops": 7
                    },
                    {
                      "Node Type": "Hash",
                      "Parent Relationship": "Inner",
                      "Parallel Aware": true,
                      "Startup Cost": 93421.61,
                      "Total Cost": 93421.61,
                      "Plan Rows": 331430,
                      "Plan Width": 8,
                      "Actual Startup Time": 468.696,
                      "Actual Total Time": 469.402,
                      "Actual Rows": 372704,
                      "Actual Loops": 7,
                      "Hash Buckets": 4194304,
                      "Original Hash Buckets": 1048576,
                      "Hash Batches": 1,
                      "Original Hash Batches": 1,
                      "Peak Memory Usage": 159520,
                      "Plans": [
                        {
                          "Node Type": "Hash Join",
                          "Parent Relationship": "Outer",
                          "Parallel Aware": true,
                          "Join Type": "Inner",
                          "Startup Cost": 48010.05,
                          "Total Cost": 93421.61,
                          "Plan Rows": 331430,
                          "Plan Width": 8,
                          "Actual Startup Time": 139.992,
                          "Actual Total Time": 306.557,
                          "Actual Rows": 372704,
                          "Actual Loops": 7,
                          "Inner Unique": true,
                          "Hash Cond": "(mk.movie_id = t.id)",
                          "Plans": [
                            {
                              "Node Type": "Seq Scan",
                              "Parent Relationship": "Outer",
                              "Parallel Aware": true,
                              "Relation Name": "movie_keyword",
                              "Alias": "mk",
                              "Startup Cost": 0.0,
                              "Total Cost": 42695.65,
                              "Plan Rows": 1034630,
                              "Plan Width": 4,
                              "Actual Startup Time": 0.034,
                              "Actual Total Time": 79.913,
                              "Actual Rows": 457267,
                              "Actual Loops": 7,
                              "Filter": "(keyword_id < 13091)",
                              "Rows Removed by Filter": 189009
                            },
                            {
                              "Node Type": "Hash",
                              "Parent Relationship": "Inner",
                              "Parallel Aware": true,
                              "Startup Cost": 45479.1,
                              "Total Cost": 45479.1,
                              "Plan Rows": 202476,
                              "Plan Width": 4,
                              "Actual Startup Time": 138.249,
                              "Actual Total Time": 138.25,
                              "Actual Rows": 120431,
                              "Actual Loops": 7,
                              "Hash Buckets": 1048576,
                              "Original Hash Buckets": 1048576,
                              "Hash Batches": 1,
                              "Original Hash Batches": 1,
                              "Peak Memory Usage": 41280,
                              "Plans": [
                                {
                                  "Node Type": "Seq Scan",
                                  "Parent Relationship": "Outer",
                                  "Parallel Aware": true,
                                  "Relation Name": "title",
                                  "Alias": "t",
                                  "Startup Cost": 0.0,
                                  "Total Cost": 45479.1,
                                  "Plan Rows": 202476,
                                  "Plan Width": 4,
                                  "Actual Startup Time": 0.046,
                                  "Actual Total Time": 81.344,
                                  "Actual Rows": 120431,
                                  "Actual Loops": 7,
                                  "Filter": "((kind_id < 7) AND (production_year < 2011))",
                                  "Rows Removed by Filter": 240756
                                }
                              ]
                            }
                          ]
                        }
                      ]
                    }
                  ]
                }
              ]
            }
          ]
        }
      ]
    },
    "Planning Time": 1.287,
    "Triggers": [],
    "Execution Time": 4432.621
  }
]