[
  {
    "Plan": {
      "Node Type": "Aggregate",
      "Strategy": "Plain",
      "Partial Mode": "Finalize",
      "Parallel Aware": false,
      "Startup Cost": 46906.24,
      "Total Cost": 46906.25,
      "Plan Rows": 1,
      "Plan Width": 8,
      "Actual Startup Time": 152.45,
      "Actual Total Time": 159.577,
      "Actual Rows": 1,
      "Actual Loops": 1,
      "Plans": [
        {
          "Node Type": "Gather",
          "Parent Relationship": "Outer",
          "Parallel Aware": false,
          "Startup Cost": 46905.93,
          "Total Cost": 46906.24,
          "Plan Rows": 3,
          "Plan Width": 8,
          "Actual Startup Time": 152.33,
          "Actual Total Time": 159.57,
          "Actual Rows": 4,
          "Actual Loops": 1,
          "Workers Planned": 3,
          "Workers Launched": 3,
          "Single Copy": false,
          "Plans": [
            {
              "Node Type": "Aggregate",
              "Strategy": "Plain",
              "Partial Mode": "Partial",
              "Parent Relationship": "Outer",
              "Parallel Aware": false,
              "Startup Cost": 45905.93,
              "Total Cost": 45905.94,
              "Plan Rows": 1,
              "Plan Width": 8,
              "Actual Startup Time": 148.199,
              "Actual Total Time": 148.2,
              "Actual Rows": 1,
              "Actual Loops": 4,
              "Plans": [
                {
                  "Node Type": "Seq Scan",
                  "Parent Relationship": "Outer",
                  "Parallel Aware": true,
                  "Relation Name": "movie_keyword",
                  "Alias": "mk",
                  "Startup Cost": 0.0,
                  "Total Cost": 42695.65,
                  "Plan Rows": 1284109,
                  "Plan Width": 0,
                  "Actual Startup Time": 0.03,
                  "Actual Total Time": 108.033,
                  "Actual Rows": 995243,
                  "Actual Loops": 4,
                  "Filter": "(keyword_id < 33830)",
                  "Rows Removed by Filter": 135740
                }
              ]
            }
          ]
        }
      ]
    },
    "Planning Time": 0.192,
    "Triggers": [],
    "Execution Time": 159.632
  }
]