[
    {
        "Bao": {
            "Bao prediction": "NaN",
            "Bao recommended hint": "(no hint)"
        }
    },
    {
        "Plan": {
            "Node Type": "Aggregate",
            "Strategy": "Plain",
            "Partial Mode": "Finalize",
            "Parallel Aware": false,
            "Startup Cost": 235733.99,
            "Total Cost": 235734.0,
            "Plan Rows": 1,
            "Plan Width": 8,
            "Actual Startup Time": 293.876,
            "Actual Total Time": 315.451,
            "Actual Rows": 1,
            "Actual Loops": 1,
            "Output": [
                "count(*)"
            ],
            "Plans": [
                {
                    "Node Type": "Gather",
                    "Parent Relationship": "Outer",
                    "Parallel Aware": false,
                    "Startup Cost": 235733.57,
                    "Total Cost": 235733.98,
                    "Plan Rows": 4,
                    "Plan Width": 8,
                    "Actual Startup Time": 289.954,
                    "Actual Total Time": 315.441,
                    "Actual Rows": 5,
                    "Actual Loops": 1,
                    "Output": [
                        "(PARTIAL count(*))"
                    ],
                    "Workers Planned": 4,
                    "Workers Launched": 4,
                    "Single Copy": false,
                    "Plans": [
                        {
                            "Node Type": "Aggregate",
                            "Strategy": "Plain",
                            "Partial Mode": "Partial",
                            "Parent Relationship": "Outer",
                            "Parallel Aware": false,
                            "Startup Cost": 234733.57,
                            "Total Cost": 234733.58,
                            "Plan Rows": 1,
                            "Plan Width": 8,
                            "Actual Startup Time": 279.216,
                            "Actual Total Time": 279.22,
                            "Actual Rows": 1,
                            "Actual Loops": 5,
                            "Output": [
                                "PARTIAL count(*)"
                            ],
                            "Workers": [
                                {
                                    "Worker Number": 0,
                                    "Actual Startup Time": 277.307,
                                    "Actual Total Time": 277.311,
                                    "Actual Rows": 1,
                                    "Actual Loops": 1
                                },
                                {
                                    "Worker Number": 1,
                                    "Actual Startup Time": 276.6,
                                    "Actual Total Time": 276.604,
                                    "Actual Rows": 1,
                                    "Actual Loops": 1
                                },
                                {
                                    "Worker Number": 2,
                                    "Actual Startup Time": 276.616,
                                    "Actual Total Time": 276.619,
                                    "Actual Rows": 1,
                                    "Actual Loops": 1
                                },
                                {
                                    "Worker Number": 3,
                                    "Actual Startup Time": 276.715,
                                    "Actual Total Time": 276.718,
                                    "Actual Rows": 1,
                                    "Actual Loops": 1
                                }
                            ],
                            "Plans": [
                                {
                                    "Node Type": "Nested Loop",
                                    "Parent Relationship": "Outer",
                                    "Parallel Aware": false,
                                    "Join Type": "Inner",
                                    "Startup Cost": 50184.95,
                                    "Total Cost": 234445.54,
                                    "Plan Rows": 115209,
                                    "Plan Width": 0,
                                    "Actual Startup Time": 196.071,
                                    "Actual Total Time": 277.665,
                                    "Actual Rows": 13374,
                                    "Actual Loops": 5,
                                    "Inner Unique": false,
                                    "Workers": [
                                        {
                                            "Worker Number": 0,
                                            "Actual Startup Time": 193.207,
                                            "Actual Total Time": 275.782,
                                            "Actual Rows": 8090,
                                            "Actual Loops": 1
                                        },
                                        {
                                            "Worker Number": 1,
                                            "Actual Startup Time": 194.356,
                                            "Actual Total Time": 274.998,
                                            "Actual Rows": 8924,
                                            "Actual Loops": 1
                                        },
                                        {
                                            "Worker Number": 2,
                                            "Actual Startup Time": 194.265,
                                            "Actual Total Time": 275.121,
                                            "Actual Rows": 8286,
                                            "Actual Loops": 1
                                        },
                                        {
                                            "Worker Number": 3,
                                            "Actual Startup Time": 193.24,
                                            "Actual Total Time": 275.131,
                                            "Actual Rows": 8457,
                                            "Actual Loops": 1
                                        }
                                    ],
                                    "Plans": [
                                        {
                                            "Node Type": "Hash Join",
                                            "Parent Relationship": "Outer",
                                            "Parallel Aware": true,
                                            "Join Type": "Inner",
                                            "Startup Cost": 50184.39,
                                            "Total Cost": 202628.25,
                                            "Plan Rows": 9372,
                                            "Plan Width": 8,
                                            "Actual Startup Time": 195.943,
                                            "Actual Total Time": 214.089,
                                            "Actual Rows": 1081,
                                            "Actual Loops": 5,
                                            "Output": [
                                                "t.id",
                                                "mi.movie_id"
                                            ],
                                            "Inner Unique": true,
                                            "Hash Cond": "(mi.movie_id = t.id)",
                                            "Workers": [
                                                {
                                                    "Worker Number": 0,
                                                    "Actual Startup Time": 192.98,
                                                    "Actual Total Time": 208.203,
                                                    "Actual Rows": 703,
                                                    "Actual Loops": 1
                                                },
                                                {
                                                    "Worker Number": 1,
                                                    "Actual Startup Time": 194.263,
                                                    "Actual Total Time": 208.01,
                                                    "Actual Rows": 815,
                                                    "Actual Loops": 1
                                                },
                                                {
                                                    "Worker Number": 2,
                                                    "Actual Startup Time": 194.145,
                                                    "Actual Total Time": 210.0,
                                                    "Actual Rows": 733,
                                                    "Actual Loops": 1
                                                },
                                                {
                                                    "Worker Number": 3,
                                                    "Actual Startup Time": 193.083,
                                                    "Actual Total Time": 209.029,
                                                    "Actual Rows": 697,
                                                    "Actual Loops": 1
                                                }
                                            ],
                                            "Plans": [
                                                {
                                                    "Node Type": "Bitmap Heap Scan",
                                                    "Parent Relationship": "Outer",
                                                    "Parallel Aware": true,
                                                    "Relation Name": "movie_info",
                                                    "Schema": "public",
                                                    "Alias": "mi",
                                                    "Startup Cost": 1955.2,
                                                    "Total Cost": 154328.38,
                                                    "Plan Rows": 26928,
                                                    "Plan Width": 4,
                                                    "Actual Startup Time": 8.706,
                                                    "Actual Total Time": 15.583,
                                                    "Actual Rows": 24373,
                                                    "Actual Loops": 5,
                                                    "Output": [
                                                        "mi.id",
                                                        "mi.movie_id",
                                                        "mi.info_type_id",
                                                        "mi.info",
                                                        "mi.note"
                                                    ],
                                                    "Recheck Cond": "(mi.info_type_id = 105)",
                                                    "Rows Removed by Index Recheck": 0,
                                                    "Exact Heap Blocks": 2314,
                                                    "Lossy Heap Blocks": 0,
                                                    "Workers": [
                                                        {
                                                            "Worker Number": 0,
                                                            "Actual Startup Time": 8.668,
                                                            "Actual Total Time": 14.549,
                                                            "Actual Rows": 15690,
                                                            "Actual Loops": 1
                                                        },
                                                        {
                                                            "Worker Number": 1,
                                                            "Actual Startup Time": 8.76,
                                                            "Actual Total Time": 14.64,
                                                            "Actual Rows": 15781,
                                                            "Actual Loops": 1
                                                        },
                                                        {
                                                            "Worker Number": 2,
                                                            "Actual Startup Time": 8.794,
                                                            "Actual Total Time": 15.437,
                                                            "Actual Rows": 18903,
                                                            "Actual Loops": 1
                                                        },
                                                        {
                                                            "Worker Number": 3,
                                                            "Actual Startup Time": 8.581,
                                                            "Actual Total Time": 14.7,
                                                            "Actual Rows": 18179,
                                                            "Actual Loops": 1
                                                        }
                                                    ],
                                                    "Plans": [
                                                        {
                                                            "Node Type": "Bitmap Index Scan",
                                                            "Parent Relationship": "Outer",
                                                            "Parallel Aware": false,
                                                            "Index Name": "info_type_id_movie_info",
                                                            "Startup Cost": 0.0,
                                                            "Total Cost": 1928.27,
                                                            "Plan Rows": 107712,
                                                            "Plan Width": 0,
                                                            "Actual Startup Time": 7.625,
                                                            "Actual Total Time": 7.626,
                                                            "Actual Rows": 121863,
                                                            "Actual Loops": 1,
                                                            "Index Cond": "(mi.info_type_id = 105)",
                                                            "Workers": [
                                                                {
                                                                    "Worker Number": 0,
                                                                    "Actual Startup Time": 7.625,
                                                                    "Actual Total Time": 7.626,
                                                                    "Actual Rows": 121863,
                                                                    "Actual Loops": 1
                                                                }
                                                            ]
                                                        }
                                                    ]
                                                },
                                                {
                                                    "Node Type": "Hash",
                                                    "Parent Relationship": "Inner",
                                                    "Parallel Aware": true,
                                                    "Startup Cost": 45479.21,
                                                    "Total Cost": 45479.21,
                                                    "Plan Rows": 219998,
                                                    "Plan Width": 4,
                                                    "Actual Startup Time": 182.2,
                                                    "Actual Total Time": 182.201,
                                                    "Actual Rows": 159037,
                                                    "Actual Loops": 5,
                                                    "Output": [
                                                        "t.id"
                                                    ],
                                                    "Hash Buckets": 1048576,
                                                    "Original Hash Buckets": 1048576,
                                                    "Hash Batches": 1,
                                                    "Original Hash Batches": 1,
                                                    "Peak Memory Usage": 39392,
                                                    "Workers": [
                                                        {
                                                            "Worker Number": 0,
                                                            "Actual Startup Time": 183.457,
                                                            "Actual Total Time": 183.459,
                                                            "Actual Rows": 136705,
                                                            "Actual Loops": 1
                                                        },
                                                        {
                                                            "Worker Number": 1,
                                                            "Actual Startup Time": 183.667,
                                                            "Actual Total Time": 183.668,
                                                            "Actual Rows": 135273,
                                                            "Actual Loops": 1
                                                        },
                                                        {
                                                            "Worker Number": 2,
                                                            "Actual Startup Time": 183.663,
                                                            "Actual Total Time": 183.664,
                                                            "Actual Rows": 133750,
                                                            "Actual Loops": 1
                                                        },
                                                        {
                                                            "Worker Number": 3,
                                                            "Actual Startup Time": 183.663,
                                                            "Actual Total Time": 183.663,
                                                            "Actual Rows": 134642,
                                                            "Actual Loops": 1
                                                        }
                                                    ],
                                                    "Plans": [
                                                        {
                                                            "Node Type": "Seq Scan",
                                                            "Parent Relationship": "Outer",
                                                            "Parallel Aware": true,
                                                            "Relation Name": "title",
                                                            "Schema": "public",
                                                            "Alias": "t",
                                                            "Startup Cost": 0.0,
                                                            "Total Cost": 45479.21,
                                                            "Plan Rows": 219998,
                                                            "Plan Width": 4,
                                                            "Actual Startup Time": 0.039,
                                                            "Actual Total Time": 106.478,
                                                            "Actual Rows": 159037,
                                                            "Actual Loops": 5,
                                                            "Output": [
                                                                "t.id"
                                                            ],
                                                            "Filter": "((t.kind_id > 1) AND (t.production_year < 2003))",
                                                            "Rows Removed by Filter": 346626,
                                                            "Workers": [
                                                                {
                                                                    "Worker Number": 0,
                                                                    "Actual Startup Time": 0.057,
                                                                    "Actual Total Time": 109.384,
                                                                    "Actual Rows": 136705,
                                                                    "Actual Loops": 1
                                                                },
                                                                {
                                                                    "Worker Number": 1,
                                                                    "Actual Startup Time": 0.038,
                                                                    "Actual Total Time": 108.923,
                                                                    "Actual Rows": 135273,
                                                                    "Actual Loops": 1
                                                                },
                                                                {
                                                                    "Worker Number": 2,
                                                                    "Actual Startup Time": 0.03,
                                                                    "Actual Total Time": 108.488,
                                                                    "Actual Rows": 133750,
                                                                    "Actual Loops": 1
                                                                },
                                                                {
                                                                    "Worker Number": 3,
                                                                    "Actual Startup Time": 0.049,
                                                                    "Actual Total Time": 109.155,
                                                                    "Actual Rows": 134642,
                                                                    "Actual Loops": 1
                                                                }
                                                            ]
                                                        }
                                                    ]
                                                }
                                            ]
                                        },
                                        {
                                            "Node Type": "Index Scan",
                                            "Parent Relationship": "Inner",
                                            "Parallel Aware": false,
                                            "Scan Direction": "Forward",
                                            "Index Name": "movie_id_cast_info",
                                            "Relation Name": "cast_info",
                                            "Schema": "public",
                                            "Alias": "ci",
                                            "Startup Cost": 0.56,
                                            "Total Cost": 3.06,
                                            "Plan Rows": 33,
                                            "Plan Width": 4,
                                            "Actual Startup Time": 0.02,
                                            "Actual Total Time": 0.057,
                                            "Actual Rows": 12,
                                            "Actual Loops": 5404,
                                            "Output": [
                                                "ci.id",
                                                "ci.person_id",
                                                "ci.movie_id",
                                                "ci.person_role_id",
                                                "ci.note",
                                                "ci.nr_order",
                                                "ci.role_id"
                                            ],
                                            "Index Cond": "(ci.movie_id = t.id)",
                                            "Rows Removed by Index Recheck": 0,
                                            "Filter": "(ci.person_id > 510179)",
                                            "Rows Removed by Filter": 2,
                                            "Workers": [
                                                {
                                                    "Worker Number": 0,
                                                    "Actual Startup Time": 0.033,
                                                    "Actual Total Time": 0.093,
                                                    "Actual Rows": 12,
                                                    "Actual Loops": 703
                                                },
                                                {
                                                    "Worker Number": 1,
                                                    "Actual Startup Time": 0.029,
                                                    "Actual Total Time": 0.079,
                                                    "Actual Rows": 11,
                                                    "Actual Loops": 815
                                                },
                                                {
                                                    "Worker Number": 2,
                                                    "Actual Startup Time": 0.03,
                                                    "Actual Total Time": 0.086,
                                                    "Actual Rows": 11,
                                                    "Actual Loops": 733
                                                },
                                                {
                                                    "Worker Number": 3,
                                                    "Actual Startup Time": 0.031,
                                                    "Actual Total Time": 0.092,
                                                    "Actual Rows": 12,
                                                    "Actual Loops": 697
                                                }
                                            ]
                                        }
                                    ]
                                }
                            ]
                        }
                    ]
                }
            ]
        },
        "Planning Time": 203.04,
        "Triggers": [],
        "Execution Time": 315.679
    }
]