[
  {
    "Plan": {
      "Node Type": "Aggregate",
      "Strategy": "Plain",
      "Partial Mode": "Finalize",
      "Parallel Aware": false,
      "Startup Cost": 35617.71,
      "Total Cost": 35617.72,
      "Plan Rows": 1,
      "Plan Width": 8,
      "Actual Startup Time": 122.762,
      "Actual Total Time": 131.393,
      "Actual Rows": 1,
      "Actual Loops": 1,
      "Plans": [
        {
          "Node Type": "Gather",
          "Parent Relationship": "Outer",
          "Parallel Aware": false,
          "Startup Cost": 35617.39,
          "Total Cost": 35617.7,
          "Plan Rows": 3,
          "Plan Width": 8,
          "Actual Startup Time": 122.335,
          "Actual Total Time": 131.377,
          "Actual Rows": 4,
          "Actual Loops": 1,
          "Workers Planned": 3,
          "Workers Launched": 3,
          "Single Copy": false,
          "Plans": [
            {
              "Node Type": "Aggregate",
              "Strategy": "Plain",
              "Partial Mode": "Partial",
              "Parent Relationship": "Outer",
              "Parallel Aware": false,
              "Startup Cost": 34617.39,
              "Total Cost": 34617.4,
              "Plan Rows": 1,
              "Plan Width": 8,
              "Actual Startup Time": 114.955,
              "Actual Total Time": 114.958,
              "Actual Rows": 1,
              "Actual Loops": 4,
              "Plans": [
                {
                  "Node Type": "Bitmap Heap Scan",
                  "Parent Relationship": "Outer",
                  "Parallel Aware": true,
                  "Relation Name": "movie_keyword",
                  "Alias": "mk",
                  "Startup Cost": 8275.77,
                  "Total Cost": 34302.79,
                  "Plan Rows": 125841,
                  "Plan Width": 0,
                  "Actual Startup Time": 35.345,
                  "Actual Total Time": 108.626,
                  "Actual Rows": 97592,
                  "Actual Loops": 4,
                  "Recheck Cond": "(keyword_id > 44093)",
                  "Rows Removed by Index Recheck": 0,
                  "Exact Heap Blocks": 9786,
                  "Lossy Heap Blocks": 0,
                  "Plans": [
                    {
                      "Node Type": "Bitmap Index Scan",
                      "Parent Relationship": "Outer",
                      "Parallel Aware": false,
                      "Index Name": "keyword_id_movie_keyword",
                      "Startup Cost": 0.0,
                      "Total Cost": 8178.24,
                      "Plan Rows": 390108,
                      "Plan Width": 0,
                      "Actual Startup Time": 38.414,
                      "Actual Total Time": 38.414,
                      "Actual Rows": 390369,
                      "Actual Loops": 1,
                      "Index Cond": "(keyword_id > 44093)"
                    }
                  ]
                }
              ]
            }
          ]
        }
      ]
    },
    "Planning Time": 0.088,
    "Triggers": [],
    "Execution Time": 131.44
  }
]