[
  {
    "Plan": {
      "Node Type": "Aggregate",
      "Strategy": "Plain",
      "Partial Mode": "Finalize",
      "Parallel Aware": false,
      "Startup Cost": 31469.71,
      "Total Cost": 31469.72,
      "Plan Rows": 1,
      "Plan Width": 8,
      "Actual Startup Time": 109.63,
      "Actual Total Time": 117.991,
      "Actual Rows": 1,
      "Actual Loops": 1,
      "Plans": [
        {
          "Node Type": "Gather",
          "Parent Relationship": "Outer",
          "Parallel Aware": false,
          "Startup Cost": 31469.39,
          "Total Cost": 31469.7,
          "Plan Rows": 3,
          "Plan Width": 8,
          "Actual Startup Time": 109.504,
          "Actual Total Time": 117.984,
          "Actual Rows": 4,
          "Actual Loops": 1,
          "Workers Planned": 3,
          "Workers Launched": 3,
          "Single Copy": false,
          "Plans": [
            {
              "Node Type": "Aggregate",
              "Strategy": "Plain",
              "Partial Mode": "Partial",
              "Parent Relationship": "Outer",
              "Parallel Aware": false,
              "Startup Cost": 30469.39,
              "Total Cost": 30469.4,
              "Plan Rows": 1,
              "Plan Width": 8,
              "Actual Startup Time": 100.656,
              "Actual Total Time": 100.656,
              "Actual Rows": 1,
              "Actual Loops": 4,
              "Plans": [
                {
                  "Node Type": "Seq Scan",
                  "Parent Relationship": "Outer",
                  "Parallel Aware": true,
                  "Relation Name": "movie_companies",
                  "Alias": "mc",
                  "Startup Cost": 0.0,
                  "Total Cost": 29310.68,
                  "Plan Rows": 463484,
                  "Plan Width": 0,
                  "Actual Startup Time": 21.561,
                  "Actual Total Time": 85.045,
                  "Actual Rows": 356623,
                  "Actual Loops": 4,
                  "Filter": "(company_id > 10262)",
                  "Rows Removed by Filter": 295660
                }
              ]
            }
          ]
        }
      ]
    },
    "Planning Time": 0.166,
    "Triggers": [],
    "Execution Time": 118.042
  }
]