[
  {
    "Plan": {
      "Node Type": "Aggregate",
      "Strategy": "Plain",
      "Partial Mode": "Finalize",
      "Parallel Aware": false,
      "Startup Cost": 31460.66,
      "Total Cost": 31460.67,
      "Plan Rows": 1,
      "Plan Width": 8,
      "Actual Startup Time": 94.666,
      "Actual Total Time": 102.344,
      "Actual Rows": 1,
      "Actual Loops": 1,
      "Plans": [
        {
          "Node Type": "Gather",
          "Parent Relationship": "Outer",
          "Parallel Aware": false,
          "Startup Cost": 31460.34,
          "Total Cost": 31460.65,
          "Plan Rows": 3,
          "Plan Width": 8,
          "Actual Startup Time": 94.538,
          "Actual Total Time": 102.336,
          "Actual Rows": 4,
          "Actual Loops": 1,
          "Workers Planned": 3,
          "Workers Launched": 3,
          "Single Copy": false,
          "Plans": [
            {
              "Node Type": "Aggregate",
              "Strategy": "Plain",
              "Partial Mode": "Partial",
              "Parent Relationship": "Outer",
              "Parallel Aware": false,
              "Startup Cost": 30460.34,
              "Total Cost": 30460.35,
              "Plan Rows": 1,
              "Plan Width": 8,
              "Actual Startup Time": 89.388,
              "Actual Total Time": 89.389,
              "Actual Rows": 1,
              "Actual Loops": 4,
              "Plans": [
                {
                  "Node Type": "Seq Scan",
                  "Parent Relationship": "Outer",
                  "Parallel Aware": true,
                  "Relation Name": "movie_companies",
                  "Alias": "mc",
                  "Startup Cost": 0.0,
                  "Total Cost": 29310.68,
                  "Plan Rows": 459865,
                  "Plan Width": 0,
                  "Actual Startup Time": 16.032,
                  "Actual Total Time": 74.637,
                  "Actual Rows": 356623,
                  "Actual Loops": 4,
                  "Filter": "(company_id > 10262)",
                  "Rows Removed by Filter": 295660
                }
              ]
            }
          ]
        }
      ]
    },
    "Planning Time": 0.187,
    "Triggers": [],
    "Execution Time": 102.398
  }
]