[
  {
    "Plan": {
      "Node Type": "Aggregate",
      "Strategy": "Plain",
      "Partial Mode": "Finalize",
      "Parallel Aware": false,
      "Startup Cost": 224096.61,
      "Total Cost": 224096.62,
      "Plan Rows": 1,
      "Plan Width": 8,
      "Actual Startup Time": 169.12,
      "Actual Total Time": 182.894,
      "Actual Rows": 1,
      "Actual Loops": 1,
      "Plans": [
        {
          "Node Type": "Gather",
          "Parent Relationship": "Outer",
          "Parallel Aware": false,
          "Startup Cost": 224096.09,
          "Total Cost": 224096.6,
          "Plan Rows": 5,
          "Plan Width": 8,
          "Actual Startup Time": 167.97,
          "Actual Total Time": 182.886,
          "Actual Rows": 6,
          "Actual Loops": 1,
          "Workers Planned": 5,
          "Workers Launched": 5,
          "Single Copy": false,
          "Plans": [
            {
              "Node Type": "Aggregate",
              "Strategy": "Plain",
              "Partial Mode": "Partial",
              "Parent Relationship": "Outer",
              "Parallel Aware": false,
              "Startup Cost": 223096.09,
              "Total Cost": 223096.1,
              "Plan Rows": 1,
              "Plan Width": 8,
              "Actual Startup Time": 157.508,
              "Actual Total Time": 157.511,
              "Actual Rows": 1,
              "Actual Loops": 6,
              "Plans": [
                {
                  "Node Type": "Hash Join",
                  "Parent Relationship": "Outer",
                  "Parallel Aware": true,
                  "Join Type": "Inner",
                  "Startup Cost": 58676.53,
                  "Total Cost": 223078.48,
                  "Plan Rows": 7045,
                  "Plan Width": 0,
                  "Actual Startup Time": 111.462,
                  "Actual Total Time": 157.165,
                  "Actual Rows": 4862,
                  "Actual Loops": 6,
                  "Inner Unique": true,
                  "Hash Cond": "(mi.movie_id = t.id)",
                  "Plans": [
                    {
                      "Node Type": "Bitmap Heap Scan",
                      "Parent Relationship": "Outer",
                      "Parallel Aware": true,
                      "Relation Name": "movie_info",
                      "Alias": "mi",
                      "Startup Cost": 14428.12,
                      "Total Cost": 178411.99,
                      "Plan Rows": 159269,
                      "Plan Width": 4,
                      "Actual Startup Time": 22.602,
                      "Actual Total Time": 44.371,
                      "Actual Rows": 133690,
                      "Actual Loops": 6,
                      "Recheck Cond": "(info_type_id < 2)",
                      "Rows Removed by Index Recheck": 0,
                      "Exact Heap Blocks": 1206,
                      "Lossy Heap Blocks": 0,
                      "Plans": [
                        {
                          "Node Type": "Bitmap Index Scan",
                          "Parent Relationship": "Outer",
                          "Parallel Aware": false,
                          "Index Name": "info_type_id_movie_info",
                          "Startup Cost": 0.0,
                          "Total Cost": 14229.04,
                          "Plan Rows": 796347,
                          "Plan Width": 0,
                          "Actual Startup Time": 21.751,
                          "Actual Total Time": 21.751,
                          "Actual Rows": 802140,
                          "Actual Loops": 1,
                          "Index Cond": "(info_type_id < 2)"
                        }
                      ]
                    },
                    {
                      "Node Type": "Hash",
                      "Parent Relationship": "Inner",
                      "Parallel Aware": true,
                      "Startup Cost": 43898.92,
                      "Total Cost": 43898.92,
                      "Plan Rows": 27959,
                      "Plan Width": 4,
                      "Actual Startup Time": 87.126,
                      "Actual Total Time": 87.127,
                      "Actual Rows": 18072,
                      "Actual Loops": 6,
                      "Hash Buckets": 131072,
                      "Original Hash Buckets": 131072,
                      "Hash Batches": 1,
                      "Original Hash Batches": 1,
                      "Peak Memory Usage": 5344,
                      "Plans": [
                        {
                          "Node Type": "Seq Scan",
                          "Parent Relationship": "Outer",
                          "Parallel Aware": true,
                          "Relation Name": "title",
                          "Alias": "t",
                          "Startup Cost": 0.0,
                          "Total Cost": 43898.92,
                          "Plan Rows": 27959,
                          "Plan Width": 4,
                          "Actual Startup Time": 0.046,
                          "Actual Total Time": 78.334,
                          "Actual Rows": 18072,
                          "Actual Loops": 6,
                          "Filter": "(production_year = 2006)",
                          "Rows Removed by Filter": 403314
                        }
                      ]
                    }
                  ]
                }
              ]
            }
          ]
        }
      ]
    },
    "Planning Time": 0.606,
    "Triggers": [],
    "Execution Time": 182.985
  }
]