{
  "Plan": {
    "Node Type": "Aggregate",
    "Strategy": "Plain",
    "Partial Mode": "Finalize",
    "Parallel Aware": false,
    "Startup Cost": 78164.64,
    "Total Cost": 78164.65,
    "Plan Rows": 1,
    "Plan Width": 8,
    "Actual Startup Time": 217.968,
    "Actual Total Time": 230.762,
    "Actual Rows": 1,
    "Actual Loops": 1,
    "Plans": [
      {
        "Node Type": "Gather",
        "Parent Relationship": "Outer",
        "Parallel Aware": false,
        "Startup Cost": 78164.53,
        "Total Cost": 78164.64,
        "Plan Rows": 1,
        "Plan Width": 8,
        "Actual Startup Time": 217.804,
        "Actual Total Time": 230.755,
        "Actual Rows": 2,
        "Actual Loops": 1,
        "Workers Planned": 1,
        "Workers Launched": 1,
        "Single Copy": false,
        "Plans": [
          {
            "Node Type": "Aggregate",
            "Strategy": "Plain",
            "Partial Mode": "Partial",
            "Parent Relationship": "Outer",
            "Parallel Aware": false,
            "Startup Cost": 77164.53,
            "Total Cost": 77164.54,
            "Plan Rows": 1,
            "Plan Width": 8,
            "Actual Startup Time": 212.151,
            "Actual Total Time": 212.155,
            "Actual Rows": 1,
            "Actual Loops": 2,
            "Plans": [
              {
                "Node Type": "Hash Join",
                "Parent Relationship": "Outer",
                "Parallel Aware": true,
                "Join Type": "Inner",
                "Startup Cost": 58377.66,
                "Total Cost": 77161.97,
                "Plan Rows": 1024,
                "Plan Width": 0,
                "Actual Startup Time": 144.712,
                "Actual Total Time": 212.116,
                "Actual Rows": 552,
                "Actual Loops": 2,
                "Inner Unique": true,
                "Hash Cond": "(mi_idx.movie_id = t.id)",
                "Plans": [
                  {
                    "Node Type": "Seq Scan",
                    "Parent Relationship": "Outer",
                    "Parallel Aware": true,
                    "Relation Name": "movie_info_idx",
                    "Alias": "mi_idx",
                    "Startup Cost": 0.0,
                    "Total Cost": 18082.32,
                    "Plan Rows": 267429,
                    "Plan Width": 4,
                    "Actual Startup Time": 0.021,
                    "Actual Total Time": 51.28,
                    "Actual Rows": 229962,
                    "Actual Loops": 2,
                    "Filter": "(info_type_id < 100)",
                    "Rows Removed by Filter": 460055
                  },
                  {
                    "Node Type": "Hash",
                    "Parent Relationship": "Inner",
                    "Parallel Aware": true,
                    "Startup Cost": 58306.47,
                    "Total Cost": 58306.47,
                    "Plan Rows": 5695,
                    "Plan Width": 4,
                    "Actual Startup Time": 142.659,
                    "Actual Total Time": 142.66,
                    "Actual Rows": 3972,
                    "Actual Loops": 2,
                    "Hash Buckets": 16384,
                    "Original Hash Buckets": 16384,
                    "Hash Batches": 1,
                    "Original Hash Batches": 1,
                    "Peak Memory Usage": 448,
                    "Plans": [
                      {
                        "Node Type": "Seq Scan",
                        "Parent Relationship": "Outer",
                        "Parallel Aware": true,
                        "Relation Name": "title",
                        "Alias": "t",
                        "Startup Cost": 0.0,
                        "Total Cost": 58306.47,
                        "Plan Rows": 5695,
                        "Plan Width": 4,
                        "Actual Startup Time": 0.213,
                        "Actual Total Time": 140.919,
                        "Actual Rows": 3972,
                        "Actual Loops": 2,
                        "Filter": "((kind_id = 7) AND (production_year = 1977))",
                        "Rows Removed by Filter": 1260184
                      }
                    ]
                  }
                ]
              }
            ]
          }
        ]
      }
    ]
  },
  "Planning Time": 0.455,
  "Triggers": [],
  "Execution Time": 230.834
}