[
    {
        "Bao": {
            "Bao prediction": "NaN",
            "Bao recommended hint": "(no hint)"
        }
    },
    {
        "Plan": {
            "Node Type": "Aggregate",
            "Strategy": "Plain",
            "Partial Mode": "Finalize",
            "Parallel Aware": false,
            "Startup Cost": 275816.45,
            "Total Cost": 275816.46,
            "Plan Rows": 1,
            "Plan Width": 8,
            "Actual Startup Time": 91.469,
            "Actual Total Time": 94.719,
            "Actual Rows": 1,
            "Actual Loops": 1,
            "Output": [
                "count(*)"
            ],
            "Plans": [
                {
                    "Node Type": "Gather",
                    "Parent Relationship": "Outer",
                    "Parallel Aware": false,
                    "Startup Cost": 275815.82,
                    "Total Cost": 275816.43,
                    "Plan Rows": 6,
                    "Plan Width": 8,
                    "Actual Startup Time": 91.155,
                    "Actual Total Time": 94.712,
                    "Actual Rows": 7,
                    "Actual Loops": 1,
                    "Output": [
                        "(PARTIAL count(*))"
                    ],
                    "Workers Planned": 6,
                    "Workers Launched": 6,
                    "Single Copy": false,
                    "Plans": [
                        {
                            "Node Type": "Aggregate",
                            "Strategy": "Plain",
                            "Partial Mode": "Partial",
                            "Parent Relationship": "Outer",
                            "Parallel Aware": false,
                            "Startup Cost": 274815.82,
                            "Total Cost": 274815.83,
                            "Plan Rows": 1,
                            "Plan Width": 8,
                            "Actual Startup Time": 80.597,
                            "Actual Total Time": 80.598,
                            "Actual Rows": 1,
                            "Actual Loops": 7,
                            "Output": [
                                "PARTIAL count(*)"
                            ],
                            "Workers": [
                                {
                                    "Worker Number": 0,
                                    "Actual Startup Time": 78.063,
                                    "Actual Total Time": 78.064,
                                    "Actual Rows": 1,
                                    "Actual Loops": 1
                                },
                                {
                                    "Worker Number": 1,
                                    "Actual Startup Time": 78.667,
                                    "Actual Total Time": 78.668,
                                    "Actual Rows": 1,
                                    "Actual Loops": 1
                                },
                                {
                                    "Worker Number": 2,
                                    "Actual Startup Time": 78.86,
                                    "Actual Total Time": 78.861,
                                    "Actual Rows": 1,
                                    "Actual Loops": 1
                                },
                                {
                                    "Worker Number": 3,
                                    "Actual Startup Time": 79.25,
                                    "Actual Total Time": 79.251,
                                    "Actual Rows": 1,
                                    "Actual Loops": 1
                                },
                                {
                                    "Worker Number": 4,
                                    "Actual Startup Time": 79.037,
                                    "Actual Total Time": 79.038,
                                    "Actual Rows": 1,
                                    "Actual Loops": 1
                                },
                                {
                                    "Worker Number": 5,
                                    "Actual Startup Time": 79.631,
                                    "Actual Total Time": 79.632,
                                    "Actual Rows": 1,
                                    "Actual Loops": 1
                                }
                            ],
                            "Plans": [
                                {
                                    "Node Type": "Bitmap Heap Scan",
                                    "Parent Relationship": "Outer",
                                    "Parallel Aware": true,
                                    "Relation Name": "cast_info",
                                    "Schema": "public",
                                    "Alias": "ci",
                                    "Startup Cost": 19878.03,
                                    "Total Cost": 274440.69,
                                    "Plan Rows": 150053,
                                    "Plan Width": 0,
                                    "Actual Startup Time": 29.537,
                                    "Actual Total Time": 70.513,
                                    "Actual Rows": 132493,
                                    "Actual Loops": 7,
                                    "Recheck Cond": "(ci.person_id < 95641)",
                                    "Rows Removed by Index Recheck": 0,
                                    "Exact Heap Blocks": 3129,
                                    "Lossy Heap Blocks": 0,
                                    "Workers": [
                                        {
                                            "Worker Number": 0,
                                            "Actual Startup Time": 27.242,
                                            "Actual Total Time": 68.253,
                                            "Actual Rows": 102242,
                                            "Actual Loops": 1
                                        },
                                        {
                                            "Worker Number": 1,
                                            "Actual Startup Time": 27.695,
                                            "Actual Total Time": 68.919,
                                            "Actual Rows": 104199,
                                            "Actual Loops": 1
                                        },
                                        {
                                            "Worker Number": 2,
                                            "Actual Startup Time": 27.71,
                                            "Actual Total Time": 69.261,
                                            "Actual Rows": 102950,
                                            "Actual Loops": 1
                                        },
                                        {
                                            "Worker Number": 3,
                                            "Actual Startup Time": 28.049,
                                            "Actual Total Time": 69.548,
                                            "Actual Rows": 92239,
                                            "Actual Loops": 1
                                        },
                                        {
                                            "Worker Number": 4,
                                            "Actual Startup Time": 28.26,
                                            "Actual Total Time": 69.466,
                                            "Actual Rows": 94286,
                                            "Actual Loops": 1
                                        },
                                        {
                                            "Worker Number": 5,
                                            "Actual Startup Time": 28.571,
                                            "Actual Total Time": 69.976,
                                            "Actual Rows": 99812,
                                            "Actual Loops": 1
                                        }
                                    ],
                                    "Plans": [
                                        {
                                            "Node Type": "Bitmap Index Scan",
                                            "Parent Relationship": "Outer",
                                            "Parallel Aware": false,
                                            "Index Name": "person_id_cast_info",
                                            "Startup Cost": 0.0,
                                            "Total Cost": 19652.95,
                                            "Plan Rows": 900318,
                                            "Plan Width": 0,
                                            "Actual Startup Time": 37.885,
                                            "Actual Total Time": 37.885,
                                            "Actual Rows": 927449,
                                            "Actual Loops": 1,
                                            "Index Cond": "(ci.person_id < 95641)"
                                        }
                                    ]
                                }
                            ]
                        }
                    ]
                }
            ]
        },
        "Planning Time": 225.672,
        "Triggers": [],
        "Execution Time": 94.826
    }
]