[
    {
        "Bao": {
            "Bao prediction": "NaN",
            "Bao recommended hint": "(no hint)"
        }
    },
    {
        "Plan": {
            "Node Type": "Aggregate",
            "Strategy": "Plain",
            "Partial Mode": "Finalize",
            "Parallel Aware": false,
            "Startup Cost": 77435.54,
            "Total Cost": 77435.55,
            "Plan Rows": 1,
            "Plan Width": 8,
            "Actual Startup Time": 232.491,
            "Actual Total Time": 240.288,
            "Actual Rows": 1,
            "Actual Loops": 1,
            "Output": [
                "count(*)"
            ],
            "Plans": [
                {
                    "Node Type": "Gather",
                    "Parent Relationship": "Outer",
                    "Parallel Aware": false,
                    "Startup Cost": 77435.22,
                    "Total Cost": 77435.53,
                    "Plan Rows": 3,
                    "Plan Width": 8,
                    "Actual Startup Time": 231.472,
                    "Actual Total Time": 240.277,
                    "Actual Rows": 4,
                    "Actual Loops": 1,
                    "Output": [
                        "(PARTIAL count(*))"
                    ],
                    "Workers Planned": 3,
                    "Workers Launched": 3,
                    "Single Copy": false,
                    "Plans": [
                        {
                            "Node Type": "Aggregate",
                            "Strategy": "Plain",
                            "Partial Mode": "Partial",
                            "Parent Relationship": "Outer",
                            "Parallel Aware": false,
                            "Startup Cost": 76435.22,
                            "Total Cost": 76435.23,
                            "Plan Rows": 1,
                            "Plan Width": 8,
                            "Actual Startup Time": 222.69,
                            "Actual Total Time": 222.75,
                            "Actual Rows": 1,
                            "Actual Loops": 4,
                            "Output": [
                                "PARTIAL count(*)"
                            ],
                            "Workers": [
                                {
                                    "Worker Number": 0,
                                    "Actual Startup Time": 219.589,
                                    "Actual Total Time": 219.592,
                                    "Actual Rows": 1,
                                    "Actual Loops": 1
                                },
                                {
                                    "Worker Number": 1,
                                    "Actual Startup Time": 219.814,
                                    "Actual Total Time": 219.817,
                                    "Actual Rows": 1,
                                    "Actual Loops": 1
                                },
                                {
                                    "Worker Number": 2,
                                    "Actual Startup Time": 220.556,
                                    "Actual Total Time": 220.559,
                                    "Actual Rows": 1,
                                    "Actual Loops": 1
                                }
                            ],
                            "Plans": [
                                {
                                    "Node Type": "Hash Join",
                                    "Parent Relationship": "Outer",
                                    "Parallel Aware": true,
                                    "Join Type": "Inner",
                                    "Startup Cost": 45663.47,
                                    "Total Cost": 76403.48,
                                    "Plan Rows": 12699,
                                    "Plan Width": 0,
                                    "Actual Startup Time": 109.599,
                                    "Actual Total Time": 219.014,
                                    "Actual Rows": 82367,
                                    "Actual Loops": 4,
                                    "Inner Unique": true,
                                    "Hash Cond": "(mc.movie_id = t.id)",
                                    "Workers": [
                                        {
                                            "Worker Number": 0,
                                            "Actual Startup Time": 106.55,
                                            "Actual Total Time": 215.876,
                                            "Actual Rows": 83541,
                                            "Actual Loops": 1
                                        },
                                        {
                                            "Worker Number": 1,
                                            "Actual Startup Time": 106.783,
                                            "Actual Total Time": 216.364,
                                            "Actual Rows": 76697,
                                            "Actual Loops": 1
                                        },
                                        {
                                            "Worker Number": 2,
                                            "Actual Startup Time": 107.3,
                                            "Actual Total Time": 216.931,
                                            "Actual Rows": 81850,
                                            "Actual Loops": 1
                                        }
                                    ],
                                    "Plans": [
                                        {
                                            "Node Type": "Seq Scan",
                                            "Parent Relationship": "Outer",
                                            "Parallel Aware": true,
                                            "Relation Name": "movie_companies",
                                            "Schema": "public",
                                            "Alias": "mc",
                                            "Startup Cost": 0.0,
                                            "Total Cost": 29310.68,
                                            "Plan Rows": 544505,
                                            "Plan Width": 4,
                                            "Actual Startup Time": 1.021,
                                            "Actual Total Time": 64.047,
                                            "Actual Rows": 422026,
                                            "Actual Loops": 4,
                                            "Output": [
                                                "mc.id",
                                                "mc.movie_id",
                                                "mc.company_id",
                                                "mc.company_type_id",
                                                "mc.note"
                                            ],
                                            "Filter": "(mc.company_id > 3139)",
                                            "Rows Removed by Filter": 230257,
                                            "Workers": [
                                                {
                                                    "Worker Number": 0,
                                                    "Actual Startup Time": 1.079,
                                                    "Actual Total Time": 65.13,
                                                    "Actual Rows": 422729,
                                                    "Actual Loops": 1
                                                },
                                                {
                                                    "Worker Number": 1,
                                                    "Actual Startup Time": 0.966,
                                                    "Actual Total Time": 63.089,
                                                    "Actual Rows": 387727,
                                                    "Actual Loops": 1
                                                },
                                                {
                                                    "Worker Number": 2,
                                                    "Actual Startup Time": 0.975,
                                                    "Actual Total Time": 65.451,
                                                    "Actual Rows": 423361,
                                                    "Actual Loops": 1
                                                }
                                            ]
                                        },
                                        {
                                            "Node Type": "Hash",
                                            "Parent Relationship": "Inner",
                                            "Parallel Aware": true,
                                            "Startup Cost": 45479.21,
                                            "Total Cost": 45479.21,
                                            "Plan Rows": 14741,
                                            "Plan Width": 4,
                                            "Actual Startup Time": 98.302,
                                            "Actual Total Time": 98.303,
                                            "Actual Rows": 45794,
                                            "Actual Loops": 4,
                                            "Output": [
                                                "t.id"
                                            ],
                                            "Hash Buckets": 262144,
                                            "Original Hash Buckets": 65536,
                                            "Hash Batches": 1,
                                            "Original Hash Batches": 1,
                                            "Peak Memory Usage": 10816,
                                            "Workers": [
                                                {
                                                    "Worker Number": 0,
                                                    "Actual Startup Time": 95.271,
                                                    "Actual Total Time": 95.273,
                                                    "Actual Rows": 44307,
                                                    "Actual Loops": 1
                                                },
                                                {
                                                    "Worker Number": 1,
                                                    "Actual Startup Time": 95.411,
                                                    "Actual Total Time": 95.412,
                                                    "Actual Rows": 38976,
                                                    "Actual Loops": 1
                                                },
                                                {
                                                    "Worker Number": 2,
                                                    "Actual Startup Time": 95.92,
                                                    "Actual Total Time": 95.92,
                                                    "Actual Rows": 43282,
                                                    "Actual Loops": 1
                                                }
                                            ],
                                            "Plans": [
                                                {
                                                    "Node Type": "Seq Scan",
                                                    "Parent Relationship": "Outer",
                                                    "Parallel Aware": true,
                                                    "Relation Name": "title",
                                                    "Schema": "public",
                                                    "Alias": "t",
                                                    "Startup Cost": 0.0,
                                                    "Total Cost": 45479.21,
                                                    "Plan Rows": 14741,
                                                    "Plan Width": 4,
                                                    "Actual Startup Time": 49.445,
                                                    "Actual Total Time": 81.647,
                                                    "Actual Rows": 45794,
                                                    "Actual Loops": 4,
                                                    "Output": [
                                                        "t.id"
                                                    ],
                                                    "Filter": "((t.production_year < 1958) AND (t.kind_id = 1))",
                                                    "Rows Removed by Filter": 586284,
                                                    "Workers": [
                                                        {
                                                            "Worker Number": 0,
                                                            "Actual Startup Time": 45.856,
                                                            "Actual Total Time": 79.319,
                                                            "Actual Rows": 44307,
                                                            "Actual Loops": 1
                                                        },
                                                        {
                                                            "Worker Number": 1,
                                                            "Actual Startup Time": 48.015,
                                                            "Actual Total Time": 78.703,
                                                            "Actual Rows": 38976,
                                                            "Actual Loops": 1
                                                        },
                                                        {
                                                            "Worker Number": 2,
                                                            "Actual Startup Time": 46.936,
                                                            "Actual Total Time": 79.608,
                                                            "Actual Rows": 43282,
                                                            "Actual Loops": 1
                                                        }
                                                    ]
                                                }
                                            ]
                                        }
                                    ]
                                }
                            ]
                        }
                    ]
                }
            ]
        },
        "Planning Time": 175.345,
        "Triggers": [],
        "Execution Time": 240.382
    }
]