[
  {
    "Plan": {
      "Node Type": "Aggregate",
      "Strategy": "Plain",
      "Partial Mode": "Finalize",
      "Parallel Aware": false,
      "Startup Cost": 74517.98,
      "Total Cost": 74517.99,
      "Plan Rows": 1,
      "Plan Width": 8,
      "Actual Startup Time": 232.795,
      "Actual Total Time": 250.454,
      "Actual Rows": 1,
      "Actual Loops": 1,
      "Plans": [
        {
          "Node Type": "Gather",
          "Parent Relationship": "Outer",
          "Parallel Aware": false,
          "Startup Cost": 74517.66,
          "Total Cost": 74517.97,
          "Plan Rows": 3,
          "Plan Width": 8,
          "Actual Startup Time": 232.417,
          "Actual Total Time": 250.442,
          "Actual Rows": 4,
          "Actual Loops": 1,
          "Workers Planned": 3,
          "Workers Launched": 3,
          "Single Copy": false,
          "Plans": [
            {
              "Node Type": "Aggregate",
              "Strategy": "Plain",
              "Partial Mode": "Partial",
              "Parent Relationship": "Outer",
              "Parallel Aware": false,
              "Startup Cost": 73517.66,
              "Total Cost": 73517.67,
              "Plan Rows": 1,
              "Plan Width": 8,
              "Actual Startup Time": 228.087,
              "Actual Total Time": 228.092,
              "Actual Rows": 1,
              "Actual Loops": 4,
              "Plans": [
                {
                  "Node Type": "Hash Join",
                  "Parent Relationship": "Outer",
                  "Parallel Aware": true,
                  "Join Type": "Inner",
                  "Startup Cost": 44059.2,
                  "Total Cost": 73475.09,
                  "Plan Rows": 17031,
                  "Plan Width": 0,
                  "Actual Startup Time": 123.577,
                  "Actual Total Time": 226.909,
                  "Actual Rows": 25152,
                  "Actual Loops": 4,
                  "Inner Unique": true,
                  "Hash Cond": "(mc.movie_id = t.id)",
                  "Plans": [
                    {
                      "Node Type": "Seq Scan",
                      "Parent Relationship": "Outer",
                      "Parallel Aware": true,
                      "Relation Name": "movie_companies",
                      "Alias": "mc",
                      "Startup Cost": 0.0,
                      "Total Cost": 27206.55,
                      "Plan Rows": 841655,
                      "Plan Width": 4,
                      "Actual Startup Time": 0.007,
                      "Actual Total Time": 57.01,
                      "Actual Rows": 652282,
                      "Actual Loops": 4
                    },
                    {
                      "Node Type": "Hash",
                      "Parent Relationship": "Inner",
                      "Parallel Aware": true,
                      "Startup Cost": 43899.32,
                      "Total Cost": 43899.32,
                      "Plan Rows": 12790,
                      "Plan Width": 4,
                      "Actual Startup Time": 100.476,
                      "Actual Total Time": 100.477,
                      "Actual Rows": 12930,
                      "Actual Loops": 4,
                      "Hash Buckets": 65536,
                      "Original Hash Buckets": 65536,
                      "Hash Batches": 1,
                      "Original Hash Batches": 1,
                      "Peak Memory Usage": 2592,
                      "Plans": [
                        {
                          "Node Type": "Seq Scan",
                          "Parent Relationship": "Outer",
                          "Parallel Aware": true,
                          "Relation Name": "title",
                          "Alias": "t",
                          "Startup Cost": 0.0,
                          "Total Cost": 43899.32,
                          "Plan Rows": 12790,
                          "Plan Width": 4,
                          "Actual Startup Time": 57.305,
                          "Actual Total Time": 95.599,
                          "Actual Rows": 12930,
                          "Actual Loops": 4,
                          "Filter": "(production_year < 1914)",
                          "Rows Removed by Filter": 619148
                        }
                      ]
                    }
                  ]
                }
              ]
            }
          ]
        }
      ]
    },
    "Planning Time": 0.626,
    "Triggers": [],
    "Execution Time": 250.537
  }
]