[
  {
    "Plan": {
      "Node Type": "Aggregate",
      "Strategy": "Plain",
      "Partial Mode": "Finalize",
      "Parallel Aware": false,
      "Startup Cost": 74508.81,
      "Total Cost": 74508.82,
      "Plan Rows": 1,
      "Plan Width": 8,
      "Actual Startup Time": 240.689,
      "Actual Total Time": 257.173,
      "Actual Rows": 1,
      "Actual Loops": 1,
      "Plans": [
        {
          "Node Type": "Gather",
          "Parent Relationship": "Outer",
          "Parallel Aware": false,
          "Startup Cost": 74508.49,
          "Total Cost": 74508.8,
          "Plan Rows": 3,
          "Plan Width": 8,
          "Actual Startup Time": 240.404,
          "Actual Total Time": 257.165,
          "Actual Rows": 4,
          "Actual Loops": 1,
          "Workers Planned": 3,
          "Workers Launched": 3,
          "Single Copy": false,
          "Plans": [
            {
              "Node Type": "Aggregate",
              "Strategy": "Plain",
              "Partial Mode": "Partial",
              "Parent Relationship": "Outer",
              "Parallel Aware": false,
              "Startup Cost": 73508.49,
              "Total Cost": 73508.5,
              "Plan Rows": 1,
              "Plan Width": 8,
              "Actual Startup Time": 231.764,
              "Actual Total Time": 231.767,
              "Actual Rows": 1,
              "Actual Loops": 4,
              "Plans": [
                {
                  "Node Type": "Hash Join",
                  "Parent Relationship": "Outer",
                  "Parallel Aware": true,
                  "Join Type": "Inner",
                  "Startup Cost": 44051.87,
                  "Total Cost": 73467.76,
                  "Plan Rows": 16293,
                  "Plan Width": 0,
                  "Actual Startup Time": 122.994,
                  "Actual Total Time": 230.482,
                  "Actual Rows": 25152,
                  "Actual Loops": 4,
                  "Inner Unique": true,
                  "Hash Cond": "(mc.movie_id = t.id)",
                  "Plans": [
                    {
                      "Node Type": "Seq Scan",
                      "Parent Relationship": "Outer",
                      "Parallel Aware": true,
                      "Relation Name": "movie_companies",
                      "Alias": "mc",
                      "Startup Cost": 0.0,
                      "Total Cost": 27206.55,
                      "Plan Rows": 841655,
                      "Plan Width": 4,
                      "Actual Startup Time": 0.017,
                      "Actual Total Time": 60.457,
                      "Actual Rows": 652282,
                      "Actual Loops": 4
                    },
                    {
                      "Node Type": "Hash",
                      "Parent Relationship": "Inner",
                      "Parallel Aware": true,
                      "Startup Cost": 43898.92,
                      "Total Cost": 43898.92,
                      "Plan Rows": 12236,
                      "Plan Width": 4,
                      "Actual Startup Time": 98.819,
                      "Actual Total Time": 98.82,
                      "Actual Rows": 12930,
                      "Actual Loops": 4,
                      "Hash Buckets": 65536,
                      "Original Hash Buckets": 65536,
                      "Hash Batches": 1,
                      "Original Hash Batches": 1,
                      "Peak Memory Usage": 2624,
                      "Plans": [
                        {
                          "Node Type": "Seq Scan",
                          "Parent Relationship": "Outer",
                          "Parallel Aware": true,
                          "Relation Name": "title",
                          "Alias": "t",
                          "Startup Cost": 0.0,
                          "Total Cost": 43898.92,
                          "Plan Rows": 12236,
                          "Plan Width": 4,
                          "Actual Startup Time": 59.404,
                          "Actual Total Time": 94.77,
                          "Actual Rows": 12930,
                          "Actual Loops": 4,
                          "Filter": "(production_year < 1914)",
                          "Rows Removed by Filter": 619148
                        }
                      ]
                    }
                  ]
                }
              ]
            }
          ]
        }
      ]
    },
    "Planning Time": 0.532,
    "Triggers": [],
    "Execution Time": 257.235
  }
]