[
  {
    "Plan": {
      "Node Type": "Aggregate",
      "Strategy": "Plain",
      "Partial Mode": "Finalize",
      "Parallel Aware": false,
      "Startup Cost": 44828.02,
      "Total Cost": 44828.03,
      "Plan Rows": 1,
      "Plan Width": 8,
      "Actual Startup Time": 144.347,
      "Actual Total Time": 151.746,
      "Actual Rows": 1,
      "Actual Loops": 1,
      "Plans": [
        {
          "Node Type": "Gather",
          "Parent Relationship": "Outer",
          "Parallel Aware": false,
          "Startup Cost": 44827.7,
          "Total Cost": 44828.01,
          "Plan Rows": 3,
          "Plan Width": 8,
          "Actual Startup Time": 144.253,
          "Actual Total Time": 151.737,
          "Actual Rows": 4,
          "Actual Loops": 1,
          "Workers Planned": 3,
          "Workers Launched": 3,
          "Single Copy": false,
          "Plans": [
            {
              "Node Type": "Aggregate",
              "Strategy": "Plain",
              "Partial Mode": "Partial",
              "Parent Relationship": "Outer",
              "Parallel Aware": false,
              "Startup Cost": 43827.7,
              "Total Cost": 43827.71,
              "Plan Rows": 1,
              "Plan Width": 8,
              "Actual Startup Time": 137.052,
              "Actual Total Time": 137.053,
              "Actual Rows": 1,
              "Actual Loops": 4,
              "Plans": [
                {
                  "Node Type": "Seq Scan",
                  "Parent Relationship": "Outer",
                  "Parallel Aware": true,
                  "Relation Name": "movie_keyword",
                  "Alias": "mk",
                  "Startup Cost": 0.0,
                  "Total Cost": 42695.65,
                  "Plan Rows": 452819,
                  "Plan Width": 0,
                  "Actual Startup Time": 1.718,
                  "Actual Total Time": 117.185,
                  "Actual Rows": 350226,
                  "Actual Loops": 4,
                  "Filter": "(keyword_id > 11955)",
                  "Rows Removed by Filter": 780757
                }
              ]
            }
          ]
        }
      ]
    },
    "Planning Time": 0.201,
    "Triggers": [],
    "Execution Time": 151.798
  }
]