[
  {
    "Plan": {
      "Node Type": "Aggregate",
      "Strategy": "Plain",
      "Partial Mode": "Finalize",
      "Parallel Aware": false,
      "Startup Cost": 44822.01,
      "Total Cost": 44822.02,
      "Plan Rows": 1,
      "Plan Width": 8,
      "Actual Startup Time": 135.338,
      "Actual Total Time": 143.059,
      "Actual Rows": 1,
      "Actual Loops": 1,
      "Plans": [
        {
          "Node Type": "Gather",
          "Parent Relationship": "Outer",
          "Parallel Aware": false,
          "Startup Cost": 44821.7,
          "Total Cost": 44822.01,
          "Plan Rows": 3,
          "Plan Width": 8,
          "Actual Startup Time": 135.177,
          "Actual Total Time": 143.05,
          "Actual Rows": 4,
          "Actual Loops": 1,
          "Workers Planned": 3,
          "Workers Launched": 3,
          "Single Copy": false,
          "Plans": [
            {
              "Node Type": "Aggregate",
              "Strategy": "Plain",
              "Partial Mode": "Partial",
              "Parent Relationship": "Outer",
              "Parallel Aware": false,
              "Startup Cost": 43821.7,
              "Total Cost": 43821.71,
              "Plan Rows": 1,
              "Plan Width": 8,
              "Actual Startup Time": 128.892,
              "Actual Total Time": 128.893,
              "Actual Rows": 1,
              "Actual Loops": 4,
              "Plans": [
                {
                  "Node Type": "Seq Scan",
                  "Parent Relationship": "Outer",
                  "Parallel Aware": true,
                  "Relation Name": "movie_keyword",
                  "Alias": "mk",
                  "Startup Cost": 0.0,
                  "Total Cost": 42695.65,
                  "Plan Rows": 450417,
                  "Plan Width": 0,
                  "Actual Startup Time": 1.966,
                  "Actual Total Time": 110.804,
                  "Actual Rows": 350226,
                  "Actual Loops": 4,
                  "Filter": "(keyword_id > 11955)",
                  "Rows Removed by Filter": 780757
                }
              ]
            }
          ]
        }
      ]
    },
    "Planning Time": 0.186,
    "Triggers": [],
    "Execution Time": 143.123
  }
]