{
  "Plan": {
    "Node Type": "Aggregate",
    "Strategy": "Plain",
    "Partial Mode": "Finalize",
    "Parallel Aware": false,
    "Startup Cost": 34857.5,
    "Total Cost": 34857.51,
    "Plan Rows": 1,
    "Plan Width": 8,
    "Actual Startup Time": 38.813,
    "Actual Total Time": 41.895,
    "Actual Rows": 1,
    "Actual Loops": 1,
    "Plans": [
      {
        "Node Type": "Gather",
        "Parent Relationship": "Outer",
        "Parallel Aware": false,
        "Startup Cost": 34857.39,
        "Total Cost": 34857.5,
        "Plan Rows": 1,
        "Plan Width": 8,
        "Actual Startup Time": 38.721,
        "Actual Total Time": 41.889,
        "Actual Rows": 2,
        "Actual Loops": 1,
        "Workers Planned": 1,
        "Workers Launched": 1,
        "Single Copy": false,
        "Plans": [
          {
            "Node Type": "Aggregate",
            "Strategy": "Plain",
            "Partial Mode": "Partial",
            "Parent Relationship": "Outer",
            "Parallel Aware": false,
            "Startup Cost": 33857.39,
            "Total Cost": 33857.4,
            "Plan Rows": 1,
            "Plan Width": 8,
            "Actual Startup Time": 32.665,
            "Actual Total Time": 32.666,
            "Actual Rows": 1,
            "Actual Loops": 2,
            "Plans": [
              {
                "Node Type": "Nested Loop",
                "Parent Relationship": "Outer",
                "Parallel Aware": false,
                "Join Type": "Inner",
                "Startup Cost": 184.54,
                "Total Cost": 33855.19,
                "Plan Rows": 881,
                "Plan Width": 0,
                "Actual Startup Time": 8.512,
                "Actual Total Time": 32.538,
                "Actual Rows": 920,
                "Actual Loops": 2,
                "Inner Unique": true,
                "Plans": [
                  {
                    "Node Type": "Bitmap Heap Scan",
                    "Parent Relationship": "Outer",
                    "Parallel Aware": true,
                    "Relation Name": "movie_companies",
                    "Alias": "mc",
                    "Startup Cost": 184.11,
                    "Total Cost": 15226.88,
                    "Plan Rows": 2494,
                    "Plan Width": 4,
                    "Actual Startup Time": 1.816,
                    "Actual Total Time": 4.682,
                    "Actual Rows": 4303,
                    "Actual Loops": 2,
                    "Recheck Cond": "(company_id = 596)",
                    "Rows Removed by Index Recheck": 0,
                    "Filter": "(company_type_id = 2)",
                    "Rows Removed by Filter": 48,
                    "Exact Heap Blocks": 693,
                    "Lossy Heap Blocks": 0,
                    "Plans": [
                      {
                        "Node Type": "Bitmap Index Scan",
                        "Parent Relationship": "Outer",
                        "Parallel Aware": false,
                        "Index Name": "company_id_movie_companies",
                        "Startup Cost": 0.0,
                        "Total Cost": 183.05,
                        "Plan Rows": 8349,
                        "Plan Width": 0,
                        "Actual Startup Time": 2.794,
                        "Actual Total Time": 2.794,
                        "Actual Rows": 8702,
                        "Actual Loops": 1,
                        "Index Cond": "(company_id = 596)"
                      }
                    ]
                  },
                  {
                    "Node Type": "Index Scan",
                    "Parent Relationship": "Inner",
                    "Parallel Aware": false,
                    "Scan Direction": "Forward",
                    "Index Name": "title_pkey",
                    "Relation Name": "title",
                    "Alias": "t",
                    "Startup Cost": 0.43,
                    "Total Cost": 7.47,
                    "Plan Rows": 1,
                    "Plan Width": 4,
                    "Actual Startup Time": 0.006,
                    "Actual Total Time": 0.006,
                    "Actual Rows": 0,
                    "Actual Loops": 8606,
                    "Index Cond": "(id = mc.movie_id)",
                    "Rows Removed by Index Recheck": 0,
                    "Filter": "((kind_id > 2) AND (production_year > 2002))",
                    "Rows Removed by Filter": 1
                  }
                ]
              }
            ]
          }
        ]
      }
    ]
  },
  "Planning Time": 0.707,
  "Triggers": [],
  "Execution Time": 41.996
}