[
  {
    "Plan": {
      "Node Type": "Aggregate",
      "Strategy": "Plain",
      "Partial Mode": "Finalize",
      "Parallel Aware": false,
      "Startup Cost": 346626.54,
      "Total Cost": 346626.55,
      "Plan Rows": 1,
      "Plan Width": 8,
      "Actual Startup Time": 628.955,
      "Actual Total Time": 684.154,
      "Actual Rows": 1,
      "Actual Loops": 1,
      "Plans": [
        {
          "Node Type": "Gather",
          "Parent Relationship": "Outer",
          "Parallel Aware": false,
          "Startup Cost": 346625.91,
          "Total Cost": 346626.52,
          "Plan Rows": 6,
          "Plan Width": 8,
          "Actual Startup Time": 628.838,
          "Actual Total Time": 684.142,
          "Actual Rows": 7,
          "Actual Loops": 1,
          "Workers Planned": 6,
          "Workers Launched": 6,
          "Single Copy": false,
          "Plans": [
            {
              "Node Type": "Aggregate",
              "Strategy": "Plain",
              "Partial Mode": "Partial",
              "Parent Relationship": "Outer",
              "Parallel Aware": false,
              "Startup Cost": 345625.91,
              "Total Cost": 345625.92,
              "Plan Rows": 1,
              "Plan Width": 8,
              "Actual Startup Time": 619.886,
              "Actual Total Time": 619.887,
              "Actual Rows": 1,
              "Actual Loops": 7,
              "Plans": [
                {
                  "Node Type": "Seq Scan",
                  "Parent Relationship": "Outer",
                  "Parallel Aware": true,
                  "Relation Name": "cast_info",
                  "Alias": "ci",
                  "Startup Cost": 0.0,
                  "Total Cost": 343257.03,
                  "Plan Rows": 947553,
                  "Plan Width": 0,
                  "Actual Startup Time": 332.253,
                  "Actual Total Time": 598.57,
                  "Actual Rows": 496544,
                  "Actual Loops": 7,
                  "Filter": "((person_id < 1238315) AND (role_id > 2))",
                  "Rows Removed by Filter": 4681219
                }
              ]
            }
          ]
        }
      ]
    },
    "Planning Time": 0.232,
    "Triggers": [],
    "Execution Time": 684.228
  }
]