[
  {
    "Plan": {
      "Node Type": "Aggregate",
      "Strategy": "Plain",
      "Partial Mode": "Finalize",
      "Parallel Aware": false,
      "Startup Cost": 155889.43,
      "Total Cost": 155889.44,
      "Plan Rows": 1,
      "Plan Width": 8,
      "Actual Startup Time": 591.972,
      "Actual Total Time": 622.736,
      "Actual Rows": 1,
      "Actual Loops": 1,
      "Plans": [
        {
          "Node Type": "Gather",
          "Parent Relationship": "Outer",
          "Parallel Aware": false,
          "Startup Cost": 155889.11,
          "Total Cost": 155889.42,
          "Plan Rows": 3,
          "Plan Width": 8,
          "Actual Startup Time": 584.328,
          "Actual Total Time": 622.723,
          "Actual Rows": 4,
          "Actual Loops": 1,
          "Workers Planned": 3,
          "Workers Launched": 3,
          "Single Copy": false,
          "Plans": [
            {
              "Node Type": "Aggregate",
              "Strategy": "Plain",
              "Partial Mode": "Partial",
              "Parent Relationship": "Outer",
              "Parallel Aware": false,
              "Startup Cost": 154889.11,
              "Total Cost": 154889.12,
              "Plan Rows": 1,
              "Plan Width": 8,
              "Actual Startup Time": 571.308,
              "Actual Total Time": 571.317,
              "Actual Rows": 1,
              "Actual Loops": 4,
              "Plans": [
                {
                  "Node Type": "Nested Loop",
                  "Parent Relationship": "Outer",
                  "Parallel Aware": false,
                  "Join Type": "Inner",
                  "Startup Cost": 55613.79,
                  "Total Cost": 154283.6,
                  "Plan Rows": 242205,
                  "Plan Width": 0,
                  "Actual Startup Time": 374.017,
                  "Actual Total Time": 563.491,
                  "Actual Rows": 151560,
                  "Actual Loops": 4,
                  "Inner Unique": false,
                  "Plans": [
                    {
                      "Node Type": "Hash Join",
                      "Parent Relationship": "Outer",
                      "Parallel Aware": true,
                      "Join Type": "Inner",
                      "Startup Cost": 55613.36,
                      "Total Cost": 75722.33,
                      "Plan Rows": 41250,
                      "Plan Width": 8,
                      "Actual Startup Time": 373.902,
                      "Actual Total Time": 399.053,
                      "Actual Rows": 14189,
                      "Actual Loops": 4,
                      "Inner Unique": true,
                      "Hash Cond": "(mc.movie_id = t.id)",
                      "Plans": [
                        {
                          "Node Type": "Bitmap Heap Scan",
                          "Parent Relationship": "Outer",
                          "Parallel Aware": true,
                          "Relation Name": "movie_companies",
                          "Alias": "mc",
                          "Startup Cost": 5392.97,
                          "Total Cost": 25393.67,
                          "Plan Rows": 41250,
                          "Plan Width": 4,
                          "Actual Startup Time": 35.091,
                          "Actual Total Time": 44.721,
                          "Actual Rows": 14189,
                          "Actual Loops": 4,
                          "Recheck Cond": "(company_id < 114)",
                          "Rows Removed by Index Recheck": 0,
                          "Filter": "(company_type_id > 1)",
                          "Rows Removed by Filter": 46792,
                          "Exact Heap Blocks": 6038,
                          "Lossy Heap Blocks": 0,
                          "Plans": [
                            {
                              "Node Type": "Bitmap Index Scan",
                              "Parent Relationship": "Outer",
                              "Parallel Aware": false,
                              "Index Name": "company_id_movie_companies",
                              "Startup Cost": 0.0,
                              "Total Cost": 5361.01,
                              "Plan Rows": 250210,
                              "Plan Width": 0,
                              "Actual Startup Time": 11.101,
                              "Actual Total Time": 11.102,
                              "Actual Rows": 243927,
                              "Actual Loops": 1,
                              "Index Cond": "(company_id < 114)"
                            }
                          ]
                        },
                        {
                          "Node Type": "Hash",
                          "Parent Relationship": "Inner",
                          "Parallel Aware": true,
                          "Startup Cost": 42319.06,
                          "Total Cost": 42319.06,
                          "Plan Rows": 632106,
                          "Plan Width": 4,
                          "Actual Startup Time": 330.486,
                          "Actual Total Time": 330.487,
                          "Actual Rows": 632078,
                          "Actual Loops": 4,
                          "Hash Buckets": 4194304,
                          "Original Hash Buckets": 4194304,
                          "Hash Batches": 1,
                          "Original Hash Batches": 1,
                          "Peak Memory Usage": 131744,
                          "Plans": [
                            {
                              "Node Type": "Seq Scan",
                              "Parent Relationship": "Outer",
                              "Parallel Aware": true,
                              "Relation Name": "title",
                              "Alias": "t",
                              "Startup Cost": 0.0,
                              "Total Cost": 42319.06,
                              "Plan Rows": 632106,
                              "Plan Width": 4,
                              "Actual Startup Time": 0.04,
                              "Actual Total Time": 95.375,
                              "Actual Rows": 632078,
                              "Actual Loops": 4
                            }
                          ]
                        }
                      ]
                    },
                    {
                      "Node Type": "Index Only Scan",
                      "Parent Relationship": "Inner",
                      "Parallel Aware": false,
                      "Scan Direction": "Forward",
                      "Index Name": "movie_id_movie_info",
                      "Relation Name": "movie_info",
                      "Alias": "mi",
                      "Startup Cost": 0.43,
                      "Total Cost": 1.49,
                      "Plan Rows": 41,
                      "Plan Width": 4,
                      "Actual Startup Time": 0.004,
                      "Actual Total Time": 0.011,
                      "Actual Rows": 11,
                      "Actual Loops": 56757,
                      "Index Cond": "(movie_id = t.id)",
                      "Rows Removed by Index Recheck": 0,
                      "Heap Fetches": 606239
                    }
                  ]
                }
              ]
            }
          ]
        }
      ]
    },
    "Planning Time": 0.692,
    "Triggers": [],
    "Execution Time": 622.808
  }
]