{
  "Plan": {
    "Node Type": "Aggregate",
    "Strategy": "Plain",
    "Partial Mode": "Finalize",
    "Parallel Aware": false,
    "Startup Cost": 92951.93,
    "Total Cost": 92951.94,
    "Plan Rows": 1,
    "Plan Width": 8,
    "Actual Startup Time": 497.22,
    "Actual Total Time": 510.243,
    "Actual Rows": 1,
    "Actual Loops": 1,
    "Plans": [
      {
        "Node Type": "Gather",
        "Parent Relationship": "Outer",
        "Parallel Aware": false,
        "Startup Cost": 92951.82,
        "Total Cost": 92951.93,
        "Plan Rows": 1,
        "Plan Width": 8,
        "Actual Startup Time": 494.113,
        "Actual Total Time": 510.234,
        "Actual Rows": 2,
        "Actual Loops": 1,
        "Workers Planned": 1,
        "Workers Launched": 1,
        "Single Copy": false,
        "Plans": [
          {
            "Node Type": "Aggregate",
            "Strategy": "Plain",
            "Partial Mode": "Partial",
            "Parent Relationship": "Outer",
            "Parallel Aware": false,
            "Startup Cost": 91951.82,
            "Total Cost": 91951.83,
            "Plan Rows": 1,
            "Plan Width": 8,
            "Actual Startup Time": 486.256,
            "Actual Total Time": 486.259,
            "Actual Rows": 1,
            "Actual Loops": 2,
            "Plans": [
              {
                "Node Type": "Hash Join",
                "Parent Relationship": "Outer",
                "Parallel Aware": true,
                "Join Type": "Inner",
                "Startup Cost": 66753.85,
                "Total Cost": 91888.07,
                "Plan Rows": 25499,
                "Plan Width": 0,
                "Actual Startup Time": 432.599,
                "Actual Total Time": 484.986,
                "Actual Rows": 24902,
                "Actual Loops": 2,
                "Inner Unique": true,
                "Hash Cond": "(mk.movie_id = t.id)",
                "Plans": [
                  {
                    "Node Type": "Bitmap Heap Scan",
                    "Parent Relationship": "Outer",
                    "Parallel Aware": true,
                    "Relation Name": "movie_keyword",
                    "Alias": "mk",
                    "Startup Cost": 1624.95,
                    "Total Cost": 26641.11,
                    "Plan Rows": 44973,
                    "Plan Width": 4,
                    "Actual Startup Time": 11.073,
                    "Actual Total Time": 43.545,
                    "Actual Rows": 36248,
                    "Actual Loops": 2,
                    "Recheck Cond": "(keyword_id = 335)",
                    "Rows Removed by Index Recheck": 0,
                    "Exact Heap Blocks": 9876,
                    "Lossy Heap Blocks": 0,
                    "Plans": [
                      {
                        "Node Type": "Bitmap Index Scan",
                        "Parent Relationship": "Outer",
                        "Parallel Aware": false,
                        "Index Name": "keyword_id_movie_keyword",
                        "Startup Cost": 0.0,
                        "Total Cost": 1605.84,
                        "Plan Rows": 76454,
                        "Plan Width": 0,
                        "Actual Startup Time": 8.743,
                        "Actual Total Time": 8.743,
                        "Actual Rows": 72496,
                        "Actual Loops": 1,
                        "Index Cond": "(keyword_id = 335)"
                      }
                    ]
                  },
                  {
                    "Node Type": "Hash",
                    "Parent Relationship": "Inner",
                    "Parallel Aware": true,
                    "Startup Cost": 54588.39,
                    "Total Cost": 54588.39,
                    "Plan Rows": 843241,
                    "Plan Width": 4,
                    "Actual Startup Time": 406.379,
                    "Actual Total Time": 406.38,
                    "Actual Rows": 721649,
                    "Actual Loops": 2,
                    "Hash Buckets": 2097152,
                    "Original Hash Buckets": 2097152,
                    "Hash Batches": 1,
                    "Original Hash Batches": 1,
                    "Peak Memory Usage": 72864,
                    "Plans": [
                      {
                        "Node Type": "Seq Scan",
                        "Parent Relationship": "Outer",
                        "Parallel Aware": true,
                        "Relation Name": "title",
                        "Alias": "t",
                        "Startup Cost": 0.0,
                        "Total Cost": 54588.39,
                        "Plan Rows": 843241,
                        "Plan Width": 4,
                        "Actual Startup Time": 0.033,
                        "Actual Total Time": 181.486,
                        "Actual Rows": 721649,
                        "Actual Loops": 2,
                        "Filter": "(production_year < 2006)",
                        "Rows Removed by Filter": 542507
                      }
                    ]
                  }
                ]
              }
            ]
          }
        ]
      }
    ]
  },
  "Planning Time": 0.656,
  "Triggers": [],
  "Execution Time": 510.334
}