{
  "Plan": {
    "Node Type": "Aggregate",
    "Strategy": "Plain",
    "Partial Mode": "Finalize",
    "Parallel Aware": false,
    "Startup Cost": 647061.94,
    "Total Cost": 647061.95,
    "Plan Rows": 1,
    "Plan Width": 8,
    "Actual Startup Time": 1643.29,
    "Actual Total Time": 1666.538,
    "Actual Rows": 1,
    "Actual Loops": 1,
    "Plans": [
      {
        "Node Type": "Gather",
        "Parent Relationship": "Outer",
        "Parallel Aware": false,
        "Startup Cost": 647061.83,
        "Total Cost": 647061.94,
        "Plan Rows": 1,
        "Plan Width": 8,
        "Actual Startup Time": 1640.537,
        "Actual Total Time": 1666.53,
        "Actual Rows": 2,
        "Actual Loops": 1,
        "Workers Planned": 1,
        "Workers Launched": 1,
        "Single Copy": false,
        "Plans": [
          {
            "Node Type": "Aggregate",
            "Strategy": "Plain",
            "Partial Mode": "Partial",
            "Parent Relationship": "Outer",
            "Parallel Aware": false,
            "Startup Cost": 646061.83,
            "Total Cost": 646061.84,
            "Plan Rows": 1,
            "Plan Width": 8,
            "Actual Startup Time": 1637.507,
            "Actual Total Time": 1638.055,
            "Actual Rows": 1,
            "Actual Loops": 2,
            "Plans": [
              {
                "Node Type": "Hash Join",
                "Parent Relationship": "Outer",
                "Parallel Aware": true,
                "Join Type": "Inner",
                "Startup Cost": 471101.87,
                "Total Cost": 645739.0,
                "Plan Rows": 129130,
                "Plan Width": 0,
                "Actual Startup Time": 1254.001,
                "Actual Total Time": 1578.941,
                "Actual Rows": 1433256,
                "Actual Loops": 2,
                "Inner Unique": false,
                "Hash Cond": "(mi.movie_id = t.id)",
                "Plans": [
                  {
                    "Node Type": "Bitmap Heap Scan",
                    "Parent Relationship": "Outer",
                    "Parallel Aware": true,
                    "Relation Name": "movie_info",
                    "Alias": "mi",
                    "Startup Cost": 22524.06,
                    "Total Cost": 193659.01,
                    "Plan Rows": 731356,
                    "Plan Width": 4,
                    "Actual Startup Time": 52.831,
                    "Actual Total Time": 144.157,
                    "Actual Rows": 602354,
                    "Actual Loops": 2,
                    "Recheck Cond": "(info_type_id > 18)",
                    "Rows Removed by Index Recheck": 0,
                    "Exact Heap Blocks": 18951,
                    "Lossy Heap Blocks": 0,
                    "Plans": [
                      {
                        "Node Type": "Bitmap Index Scan",
                        "Parent Relationship": "Outer",
                        "Parallel Aware": false,
                        "Index Name": "info_type_id_movie_info",
                        "Startup Cost": 0.0,
                        "Total Cost": 22213.23,
                        "Plan Rows": 1243306,
                        "Plan Width": 0,
                        "Actual Startup Time": 47.32,
                        "Actual Total Time": 47.321,
                        "Actual Rows": 1204709,
                        "Actual Loops": 1,
                        "Index Cond": "(info_type_id > 18)"
                      }
                    ]
                  },
                  {
                    "Node Type": "Hash",
                    "Parent Relationship": "Inner",
                    "Parallel Aware": true,
                    "Startup Cost": 445295.45,
                    "Total Cost": 445295.45,
                    "Plan Rows": 262589,
                    "Plan Width": 8,
                    "Actual Startup Time": 1197.773,
                    "Actual Total Time": 1198.319,
                    "Actual Rows": 381399,
                    "Actual Loops": 2,
                    "Hash Buckets": 1048576,
                    "Original Hash Buckets": 524288,
                    "Hash Batches": 1,
                    "Original Hash Batches": 1,
                    "Peak Memory Usage": 42176,
                    "Plans": [
                      {
                        "Node Type": "Hash Join",
                        "Parent Relationship": "Outer",
                        "Parallel Aware": true,
                        "Join Type": "Inner",
                        "Startup Cost": 150963.18,
                        "Total Cost": 445295.45,
                        "Plan Rows": 262589,
                        "Plan Width": 8,
                        "Actual Startup Time": 412.514,
                        "Actual Total Time": 1087.479,
                        "Actual Rows": 381399,
                        "Actual Loops": 2,
                        "Inner Unique": true,
                        "Hash Cond": "(ci.movie_id = t.id)",
                        "Plans": [
                          {
                            "Node Type": "Bitmap Heap Scan",
                            "Parent Relationship": "Outer",
                            "Parallel Aware": true,
                            "Relation Name": "cast_info",
                            "Alias": "ci",
                            "Startup Cost": 90329.76,
                            "Total Cost": 379155.11,
                            "Plan Rows": 2097871,
                            "Plan Width": 4,
                            "Actual Startup Time": 222.152,
                            "Actual Total Time": 510.766,
                            "Actual Rows": 2017610,
                            "Actual Loops": 2,
                            "Recheck Cond": "(person_id < 405986)",
                            "Rows Removed by Index Recheck": 0,
                            "Filter": "(role_id < 10)",
                            "Rows Removed by Filter": 90346,
                            "Exact Heap Blocks": 23879,
                            "Lossy Heap Blocks": 0,
                            "Plans": [
                              {
                                "Node Type": "Bitmap Index Scan",
                                "Parent Relationship": "Outer",
                                "Parallel Aware": false,
                                "Index Name": "person_id_cast_info",
                                "Startup Cost": 0.0,
                                "Total Cost": 89438.17,
                                "Plan Rows": 4095680,
                                "Plan Width": 0,
                                "Actual Startup Time": 215.213,
                                "Actual Total Time": 215.213,
                                "Actual Rows": 4215911,
                                "Actual Loops": 1,
                                "Index Cond": "(person_id < 405986)"
                              }
                            ]
                          },
                          {
                            "Node Type": "Hash",
                            "Parent Relationship": "Inner",
                            "Parallel Aware": true,
                            "Startup Cost": 58306.47,
                            "Total Cost": 58306.47,
                            "Plan Rows": 186156,
                            "Plan Width": 4,
                            "Actual Startup Time": 187.572,
                            "Actual Total Time": 187.573,
                            "Actual Rows": 216680,
                            "Actual Loops": 2,
                            "Hash Buckets": 524288,
                            "Original Hash Buckets": 524288,
                            "Hash Batches": 1,
                            "Original Hash Batches": 1,
                            "Peak Memory Usage": 21088,
                            "Plans": [
                              {
                                "Node Type": "Seq Scan",
                                "Parent Relationship": "Outer",
                                "Parallel Aware": true,
                                "Relation Name": "title",
                                "Alias": "t",
                                "Startup Cost": 0.0,
                                "Total Cost": 58306.47,
                                "Plan Rows": 186156,
                                "Plan Width": 4,
                                "Actual Startup Time": 0.028,
                                "Actual Total Time": 138.81,
                                "Actual Rows": 216680,
                                "Actual Loops": 2,
                                "Filter": "((kind_id < 7) AND (production_year < 1995))",
                                "Rows Removed by Filter": 1047476
                              }
                            ]
                          }
                        ]
                      }
                    ]
                  }
                ]
              }
            ]
          }
        ]
      }
    ]
  },
  "Planning Time": 0.758,
  "Triggers": [],
  "Execution Time": 1666.608
}