{
  "Plan": {
    "Node Type": "Aggregate",
    "Strategy": "Plain",
    "Partial Mode": "Finalize",
    "Parallel Aware": false,
    "Startup Cost": 253132.54,
    "Total Cost": 253132.55,
    "Plan Rows": 1,
    "Plan Width": 8,
    "Actual Startup Time": 459.382,
    "Actual Total Time": 504.431,
    "Actual Rows": 1,
    "Actual Loops": 1,
    "Plans": [
      {
        "Node Type": "Gather",
        "Parent Relationship": "Outer",
        "Parallel Aware": false,
        "Startup Cost": 253132.43,
        "Total Cost": 253132.54,
        "Plan Rows": 1,
        "Plan Width": 8,
        "Actual Startup Time": 459.055,
        "Actual Total Time": 504.425,
        "Actual Rows": 2,
        "Actual Loops": 1,
        "Workers Planned": 1,
        "Workers Launched": 1,
        "Single Copy": false,
        "Plans": [
          {
            "Node Type": "Aggregate",
            "Strategy": "Plain",
            "Partial Mode": "Partial",
            "Parent Relationship": "Outer",
            "Parallel Aware": false,
            "Startup Cost": 252132.43,
            "Total Cost": 252132.44,
            "Plan Rows": 1,
            "Plan Width": 8,
            "Actual Startup Time": 454.456,
            "Actual Total Time": 454.46,
            "Actual Rows": 1,
            "Actual Loops": 2,
            "Plans": [
              {
                "Node Type": "Nested Loop",
                "Parent Relationship": "Outer",
                "Parallel Aware": false,
                "Join Type": "Inner",
                "Startup Cost": 71185.51,
                "Total Cost": 252063.76,
                "Plan Rows": 27468,
                "Plan Width": 0,
                "Actual Startup Time": 155.84,
                "Actual Total Time": 447.643,
                "Actual Rows": 136978,
                "Actual Loops": 2,
                "Inner Unique": false,
                "Join Filter": "(t.id = ci.movie_id)",
                "Rows Removed by Join Filter": 0,
                "Plans": [
                  {
                    "Node Type": "Hash Join",
                    "Parent Relationship": "Outer",
                    "Parallel Aware": true,
                    "Join Type": "Inner",
                    "Startup Cost": 71184.95,
                    "Total Cost": 239430.06,
                    "Plan Rows": 3291,
                    "Plan Width": 8,
                    "Actual Startup Time": 155.728,
                    "Actual Total Time": 220.763,
                    "Actual Rows": 4881,
                    "Actual Loops": 2,
                    "Inner Unique": true,
                    "Hash Cond": "(mi.movie_id = t.id)",
                    "Plans": [
                      {
                        "Node Type": "Bitmap Heap Scan",
                        "Parent Relationship": "Outer",
                        "Parallel Aware": true,
                        "Relation Name": "movie_info",
                        "Alias": "mi",
                        "Startup Cost": 12730.49,
                        "Total Cost": 179890.53,
                        "Plan Rows": 413363,
                        "Plan Width": 4,
                        "Actual Startup Time": 18.867,
                        "Actual Total Time": 52.29,
                        "Actual Rows": 330462,
                        "Actual Loops": 2,
                        "Recheck Cond": "(info_type_id = 18)",
                        "Rows Removed by Index Recheck": 0,
                        "Exact Heap Blocks": 4904,
                        "Lossy Heap Blocks": 0,
                        "Plans": [
                          {
                            "Node Type": "Bitmap Index Scan",
                            "Parent Relationship": "Outer",
                            "Parallel Aware": false,
                            "Index Name": "info_type_id_movie_info",
                            "Startup Cost": 0.0,
                            "Total Cost": 12554.81,
                            "Plan Rows": 702717,
                            "Plan Width": 0,
                            "Actual Startup Time": 17.788,
                            "Actual Total Time": 17.789,
                            "Actual Rows": 660923,
                            "Actual Loops": 1,
                            "Index Cond": "(info_type_id = 18)"
                          }
                        ]
                      },
                      {
                        "Node Type": "Hash",
                        "Parent Relationship": "Inner",
                        "Parallel Aware": true,
                        "Startup Cost": 58306.47,
                        "Total Cost": 58306.47,
                        "Plan Rows": 11839,
                        "Plan Width": 4,
                        "Actual Startup Time": 135.978,
                        "Actual Total Time": 135.979,
                        "Actual Rows": 8678,
                        "Actual Loops": 2,
                        "Hash Buckets": 32768,
                        "Original Hash Buckets": 32768,
                        "Hash Batches": 1,
                        "Original Hash Batches": 1,
                        "Peak Memory Usage": 960,
                        "Plans": [
                          {
                            "Node Type": "Seq Scan",
                            "Parent Relationship": "Outer",
                            "Parallel Aware": true,
                            "Relation Name": "title",
                            "Alias": "t",
                            "Startup Cost": 0.0,
                            "Total Cost": 58306.47,
                            "Plan Rows": 11839,
                            "Plan Width": 4,
                            "Actual Startup Time": 0.204,
                            "Actual Total Time": 132.842,
                            "Actual Rows": 8678,
                            "Actual Loops": 2,
                            "Filter": "((kind_id < 7) AND (production_year = 2000))",
                            "Rows Removed by Filter": 1255478
                          }
                        ]
                      }
                    ]
                  },
                  {
                    "Node Type": "Index Scan",
                    "Parent Relationship": "Inner",
                    "Parallel Aware": false,
                    "Scan Direction": "Forward",
                    "Index Name": "movie_id_cast_info",
                    "Relation Name": "cast_info",
                    "Alias": "ci",
                    "Startup Cost": 0.56,
                    "Total Cost": 3.58,
                    "Plan Rows": 21,
                    "Plan Width": 4,
                    "Actual Startup Time": 0.019,
                    "Actual Total Time": 0.044,
                    "Actual Rows": 28,
                    "Actual Loops": 9762,
                    "Index Cond": "(movie_id = mi.movie_id)",
                    "Rows Removed by Index Recheck": 0,
                    "Filter": "((person_id > 401098) AND (role_id > 1))",
                    "Rows Removed by Filter": 17
                  }
                ]
              }
            ]
          }
        ]
      }
    ]
  },
  "Planning Time": 0.522,
  "Triggers": [],
  "Execution Time": 504.513
}