{
    "Plan": {
        "Node Type": "Aggregate",
        "Strategy": "Plain",
        "Partial Mode": "Simple",
        "Parallel Aware": false,
        "Startup Cost": 10001297876.37,
        "Total Cost": 10001297876.38,
        "Plan Rows": 1,
        "Plan Width": 8,
        "Actual Startup Time": 6805.749,
        "Actual Total Time": 6805.755,
        "Actual Rows": 1,
        "Actual Loops": 1,
        "Output": [
            "count(*)"
        ],
        "Plans": [
            {
                "Node Type": "Hash Join",
                "Parent Relationship": "Outer",
                "Parallel Aware": false,
                "Join Type": "Inner",
                "Startup Cost": 10000686520.2,
                "Total Cost": 10001297119.14,
                "Plan Rows": 302890,
                "Plan Width": 0,
                "Actual Startup Time": 6443.883,
                "Actual Total Time": 6733.483,
                "Actual Rows": 1748021,
                "Actual Loops": 1,
                "Inner Unique": false,
                "Hash Cond": "(t.id = mi.movie_id)",
                "Plans": [
                    {
                        "Node Type": "Hash Join",
                        "Parent Relationship": "Outer",
                        "Parallel Aware": false,
                        "Join Type": "Inner",
                        "Startup Cost": 10000139977.99,
                        "Total Cost": 10000166434.52,
                        "Plan Rows": 85900,
                        "Plan Width": 8,
                        "Actual Startup Time": 2232.397,
                        "Actual Total Time": 2352.283,
                        "Actual Rows": 68439,
                        "Actual Loops": 1,
                        "Output": [
                            "t.id",
                            "mk.movie_id"
                        ],
                        "Inner Unique": true,
                        "Hash Cond": "(mk.movie_id = t.id)",
                        "Plans": [
                            {
                                "Node Type": "Bitmap Heap Scan",
                                "Parent Relationship": "Outer",
                                "Parallel Aware": false,
                                "Relation Name": "movie_keyword",
                                "Schema": "public",
                                "Alias": "mk",
                                "Startup Cost": 2810.52,
                                "Total Cost": 28919.51,
                                "Plan Rows": 132399,
                                "Plan Width": 4,
                                "Actual Startup Time": 12.132,
                                "Actual Total Time": 95.68,
                                "Actual Rows": 124088,
                                "Actual Loops": 1,
                                "Output": [
                                    "mk.id",
                                    "mk.movie_id",
                                    "mk.keyword_id"
                                ],
                                "Recheck Cond": "(mk.keyword_id > 77338)",
                                "Rows Removed by Index Recheck": 0,
                                "Exact Heap Blocks": 18442,
                                "Lossy Heap Blocks": 0,
                                "Plans": [
                                    {
                                        "Node Type": "Bitmap Index Scan",
                                        "Parent Relationship": "Outer",
                                        "Parallel Aware": false,
                                        "Index Name": "keyword_id_movie_keyword",
                                        "Startup Cost": 0.0,
                                        "Total Cost": 2777.42,
                                        "Plan Rows": 132399,
                                        "Plan Width": 0,
                                        "Actual Startup Time": 9.823,
                                        "Actual Total Time": 9.824,
                                        "Actual Rows": 124088,
                                        "Actual Loops": 1,
                                        "Index Cond": "(mk.keyword_id > 77338)"
                                    }
                                ]
                            },
                            {
                                "Node Type": "Hash",
                                "Parent Relationship": "Inner",
                                "Parallel Aware": false,
                                "Startup Cost": 10000116662.9,
                                "Total Cost": 10000116662.9,
                                "Plan Rows": 1640365,
                                "Plan Width": 4,
                                "Actual Startup Time": 2211.557,
                                "Actual Total Time": 2211.559,
                                "Actual Rows": 1643514,
                                "Actual Loops": 1,
                                "Output": [
                                    "t.id"
                                ],
                                "Hash Buckets": 2097152,
                                "Original Hash Buckets": 2097152,
                                "Hash Batches": 1,
                                "Original Hash Batches": 1,
                                "Peak Memory Usage": 74164,
                                "Plans": [
                                    {
                                        "Node Type": "Index Scan",
                                        "Parent Relationship": "Outer",
                                        "Parallel Aware": false,
                                        "Scan Direction": "Forward",
                                        "Index Name": "title_pkey",
                                        "Relation Name": "title",
                                        "Schema": "public",
                                        "Alias": "t",
                                        "Startup Cost": 10000000000.43,
                                        "Total Cost": 10000116662.9,
                                        "Plan Rows": 1640365,
                                        "Plan Width": 4,
                                        "Actual Startup Time": 0.042,
                                        "Actual Total Time": 1724.929,
                                        "Actual Rows": 1643514,
                                        "Actual Loops": 1,
                                        "Output": [
                                            "t.id"
                                        ],
                                        "Filter": "(t.production_year > 1994)",
                                        "Rows Removed by Filter": 884798
                                    }
                                ]
                            }
                        ]
                    },
                    {
                        "Node Type": "Hash",
                        "Parent Relationship": "Inner",
                        "Parallel Aware": false,
                        "Startup Cost": 435103.74,
                        "Total Cost": 435103.74,
                        "Plan Rows": 8915077,
                        "Plan Width": 4,
                        "Actual Startup Time": 4138.33,
                        "Actual Total Time": 4138.332,
                        "Actual Rows": 8966694,
                        "Actual Loops": 1,
                        "Output": [
                            "mi.movie_id"
                        ],
                        "Hash Buckets": 16777216,
                        "Original Hash Buckets": 16777216,
                        "Hash Batches": 1,
                        "Original Hash Batches": 1,
                        "Peak Memory Usage": 446308,
                        "Plans": [
                            {
                                "Node Type": "Bitmap Heap Scan",
                                "Parent Relationship": "Outer",
                                "Parallel Aware": false,
                                "Relation Name": "movie_info",
                                "Schema": "public",
                                "Alias": "mi",
                                "Startup Cost": 161672.28,
                                "Total Cost": 435103.74,
                                "Plan Rows": 8915077,
                                "Plan Width": 4,
                                "Actual Startup Time": 357.725,
                                "Actual Total Time": 1732.402,
                                "Actual Rows": 8966694,
                                "Actual Loops": 1,
                                "Output": [
                                    "mi.movie_id"
                                ],
                                "Recheck Cond": "(mi.info_type_id < 15)",
                                "Rows Removed by Index Recheck": 0,
                                "Exact Heap Blocks": 66334,
                                "Lossy Heap Blocks": 0,
                                "Plans": [
                                    {
                                        "Node Type": "Bitmap Index Scan",
                                        "Parent Relationship": "Outer",
                                        "Parallel Aware": false,
                                        "Index Name": "info_type_id_movie_info",
                                        "Startup Cost": 0.0,
                                        "Total Cost": 159443.51,
                                        "Plan Rows": 8915077,
                                        "Plan Width": 0,
                                        "Actual Startup Time": 347.875,
                                        "Actual Total Time": 347.876,
                                        "Actual Rows": 8966694,
                                        "Actual Loops": 1,
                                        "Index Cond": "(mi.info_type_id < 15)"
                                    }
                                ]
                            }
                        ]
                    }
                ]
            }
        ]
    },
    "Planning Time": 3.65,
    "Triggers": [],
    "Execution Time": 6815.717
}