[
  {
    "Plan": {
      "Node Type": "Aggregate",
      "Strategy": "Plain",
      "Partial Mode": "Finalize",
      "Parallel Aware": false,
      "Startup Cost": 74608.8,
      "Total Cost": 74608.81,
      "Plan Rows": 1,
      "Plan Width": 8,
      "Actual Startup Time": 175.839,
      "Actual Total Time": 191.945,
      "Actual Rows": 1,
      "Actual Loops": 1,
      "Plans": [
        {
          "Node Type": "Gather",
          "Parent Relationship": "Outer",
          "Parallel Aware": false,
          "Startup Cost": 74608.48,
          "Total Cost": 74608.79,
          "Plan Rows": 3,
          "Plan Width": 8,
          "Actual Startup Time": 175.199,
          "Actual Total Time": 191.936,
          "Actual Rows": 4,
          "Actual Loops": 1,
          "Workers Planned": 3,
          "Workers Launched": 3,
          "Single Copy": false,
          "Plans": [
            {
              "Node Type": "Aggregate",
              "Strategy": "Plain",
              "Partial Mode": "Partial",
              "Parent Relationship": "Outer",
              "Parallel Aware": false,
              "Startup Cost": 73608.48,
              "Total Cost": 73608.49,
              "Plan Rows": 1,
              "Plan Width": 8,
              "Actual Startup Time": 171.197,
              "Actual Total Time": 171.201,
              "Actual Rows": 1,
              "Actual Loops": 4,
              "Plans": [
                {
                  "Node Type": "Hash Join",
                  "Parent Relationship": "Outer",
                  "Parallel Aware": true,
                  "Join Type": "Inner",
                  "Startup Cost": 53145.54,
                  "Total Cost": 73598.75,
                  "Plan Rows": 3892,
                  "Plan Width": 0,
                  "Actual Startup Time": 117.942,
                  "Actual Total Time": 171.051,
                  "Actual Rows": 1071,
                  "Actual Loops": 4,
                  "Inner Unique": true,
                  "Hash Cond": "(mc.movie_id = t.id)",
                  "Plans": [
                    {
                      "Node Type": "Bitmap Heap Scan",
                      "Parent Relationship": "Outer",
                      "Parallel Aware": true,
                      "Relation Name": "movie_companies",
                      "Alias": "mc",
                      "Startup Cost": 7386.33,
                      "Total Cost": 27550.88,
                      "Plan Rows": 109965,
                      "Plan Width": 4,
                      "Actual Startup Time": 17.878,
                      "Actual Total Time": 54.836,
                      "Actual Rows": 83614,
                      "Actual Loops": 4,
                      "Recheck Cond": "(company_id < 166)",
                      "Rows Removed by Index Recheck": 0,
                      "Exact Heap Blocks": 6724,
                      "Lossy Heap Blocks": 0,
                      "Plans": [
                        {
                          "Node Type": "Bitmap Index Scan",
                          "Parent Relationship": "Outer",
                          "Parallel Aware": false,
                          "Index Name": "company_id_movie_companies",
                          "Startup Cost": 0.0,
                          "Total Cost": 7301.1,
                          "Plan Rows": 340890,
                          "Plan Width": 0,
                          "Actual Startup Time": 15.267,
                          "Actual Total Time": 15.267,
                          "Actual Rows": 334457,
                          "Actual Loops": 1,
                          "Index Cond": "(company_id < 166)"
                        }
                      ]
                    },
                    {
                      "Node Type": "Hash",
                      "Parent Relationship": "Inner",
                      "Parallel Aware": true,
                      "Startup Cost": 45479.59,
                      "Total Cost": 45479.59,
                      "Plan Rows": 22370,
                      "Plan Width": 4,
                      "Actual Startup Time": 99.12,
                      "Actual Total Time": 99.121,
                      "Actual Rows": 20248,
                      "Actual Loops": 4,
                      "Hash Buckets": 131072,
                      "Original Hash Buckets": 131072,
                      "Hash Batches": 1,
                      "Original Hash Batches": 1,
                      "Peak Memory Usage": 4288,
                      "Plans": [
                        {
                          "Node Type": "Seq Scan",
                          "Parent Relationship": "Outer",
                          "Parallel Aware": true,
                          "Relation Name": "title",
                          "Alias": "t",
                          "Startup Cost": 0.0,
                          "Total Cost": 45479.59,
                          "Plan Rows": 22370,
                          "Plan Width": 4,
                          "Actual Startup Time": 0.076,
                          "Actual Total Time": 91.366,
                          "Actual Rows": 20248,
                          "Actual Loops": 4,
                          "Filter": "((kind_id < 7) AND (production_year > 2011))",
                          "Rows Removed by Filter": 611830
                        }
                      ]
                    }
                  ]
                }
              ]
            }
          ]
        }
      ]
    },
    "Planning Time": 0.29,
    "Triggers": [],
    "Execution Time": 191.996
  }
]