[
  {
    "Plan": {
      "Node Type": "Aggregate",
      "Strategy": "Plain",
      "Partial Mode": "Finalize",
      "Parallel Aware": false,
      "Startup Cost": 459772.47,
      "Total Cost": 459772.48,
      "Plan Rows": 1,
      "Plan Width": 8,
      "Actual Startup Time": 1925.51,
      "Actual Total Time": 1987.79,
      "Actual Rows": 1,
      "Actual Loops": 1,
      "Plans": [
        {
          "Node Type": "Gather",
          "Parent Relationship": "Outer",
          "Parallel Aware": false,
          "Startup Cost": 459771.85,
          "Total Cost": 459772.46,
          "Plan Rows": 6,
          "Plan Width": 8,
          "Actual Startup Time": 1901.9,
          "Actual Total Time": 1987.766,
          "Actual Rows": 7,
          "Actual Loops": 1,
          "Workers Planned": 6,
          "Workers Launched": 6,
          "Single Copy": false,
          "Plans": [
            {
              "Node Type": "Aggregate",
              "Strategy": "Plain",
              "Partial Mode": "Partial",
              "Parent Relationship": "Outer",
              "Parallel Aware": false,
              "Startup Cost": 458771.85,
              "Total Cost": 458771.86,
              "Plan Rows": 1,
              "Plan Width": 8,
              "Actual Startup Time": 1886.25,
              "Actual Total Time": 1886.259,
              "Actual Rows": 1,
              "Actual Loops": 7,
              "Plans": [
                {
                  "Node Type": "Hash Join",
                  "Parent Relationship": "Outer",
                  "Parallel Aware": true,
                  "Join Type": "Inner",
                  "Startup Cost": 98136.63,
                  "Total Cost": 455803.64,
                  "Plan Rows": 1187281,
                  "Plan Width": 0,
                  "Actual Startup Time": 654.526,
                  "Actual Total Time": 1771.638,
                  "Actual Rows": 2463826,
                  "Actual Loops": 7,
                  "Inner Unique": false,
                  "Hash Cond": "(ci.movie_id = t.id)",
                  "Plans": [
                    {
                      "Node Type": "Seq Scan",
                      "Parent Relationship": "Outer",
                      "Parallel Aware": true,
                      "Relation Name": "cast_info",
                      "Alias": "ci",
                      "Startup Cost": 0.0,
                      "Total Cost": 343316.27,
                      "Plan Rows": 2805549,
                      "Plan Width": 4,
                      "Actual Startup Time": 215.98,
                      "Actual Total Time": 706.677,
                      "Actual Rows": 1907189,
                      "Actual Loops": 7,
                      "Filter": "((person_id < 2692013) AND (role_id > 1))",
                      "Rows Removed by Filter": 3270574
                    },
                    {
                      "Node Type": "Hash",
                      "Parent Relationship": "Inner",
                      "Parallel Aware": true,
                      "Startup Cost": 93822.09,
                      "Total Cost": 93822.09,
                      "Plan Rows": 345163,
                      "Plan Width": 8,
                      "Actual Startup Time": 433.601,
                      "Actual Total Time": 433.607,
                      "Actual Rows": 151937,
                      "Actual Loops": 7,
                      "Hash Buckets": 2097152,
                      "Original Hash Buckets": 2097152,
                      "Hash Batches": 1,
                      "Original Hash Batches": 1,
                      "Peak Memory Usage": 58112,
                      "Plans": [
                        {
                          "Node Type": "Hash Join",
                          "Parent Relationship": "Outer",
                          "Parallel Aware": true,
                          "Join Type": "Inner",
                          "Startup Cost": 50220.38,
                          "Total Cost": 93822.09,
                          "Plan Rows": 345163,
                          "Plan Width": 8,
                          "Actual Startup Time": 265.233,
                          "Actual Total Time": 371.613,
                          "Actual Rows": 151937,
                          "Actual Loops": 7,
                          "Inner Unique": true,
                          "Hash Cond": "(mk.movie_id = t.id)",
                          "Plans": [
                            {
                              "Node Type": "Seq Scan",
                              "Parent Relationship": "Outer",
                              "Parallel Aware": true,
                              "Relation Name": "movie_keyword",
                              "Alias": "mk",
                              "Startup Cost": 0.0,
                              "Total Cost": 42695.65,
                              "Plan Rows": 345163,
                              "Plan Width": 4,
                              "Actual Startup Time": 0.963,
                              "Actual Total Time": 65.653,
                              "Actual Rows": 151937,
                              "Actual Loops": 7,
                              "Filter": "(keyword_id > 16506)",
                              "Rows Removed by Filter": 494339
                            },
                            {
                              "Node Type": "Hash",
                              "Parent Relationship": "Inner",
                              "Parallel Aware": true,
                              "Startup Cost": 42319.06,
                              "Total Cost": 42319.06,
                              "Plan Rows": 632106,
                              "Plan Width": 4,
                              "Actual Startup Time": 260.248,
                              "Actual Total Time": 260.251,
                              "Actual Rows": 361187,
                              "Actual Loops": 7,
                              "Hash Buckets": 4194304,
                              "Original Hash Buckets": 4194304,
                              "Hash Batches": 1,
                              "Original Hash Batches": 1,
                              "Peak Memory Usage": 131744,
                              "Plans": [
                                {
                                  "Node Type": "Seq Scan",
                                  "Parent Relationship": "Outer",
                                  "Parallel Aware": true,
                                  "Relation Name": "title",
                                  "Alias": "t",
                                  "Startup Cost": 0.0,
                                  "Total Cost": 42319.06,
                                  "Plan Rows": 632106,
                                  "Plan Width": 4,
                                  "Actual Startup Time": 0.054,
                                  "Actual Total Time": 78.207,
                                  "Actual Rows": 361187,
                                  "Actual Loops": 7
                                }
                              ]
                            }
                          ]
                        }
                      ]
                    }
                  ]
                }
              ]
            }
          ]
        }
      ]
    },
    "Planning Time": 1.303,
    "Triggers": [],
    "Execution Time": 1987.881
  }
]