{
  "Plan": {
    "Node Type": "Aggregate",
    "Strategy": "Plain",
    "Partial Mode": "Finalize",
    "Parallel Aware": false,
    "Startup Cost": 99405.93,
    "Total Cost": 99405.94,
    "Plan Rows": 1,
    "Plan Width": 8,
    "Actual Startup Time": 304.258,
    "Actual Total Time": 320.448,
    "Actual Rows": 1,
    "Actual Loops": 1,
    "Plans": [
      {
        "Node Type": "Gather",
        "Parent Relationship": "Outer",
        "Parallel Aware": false,
        "Startup Cost": 99405.82,
        "Total Cost": 99405.93,
        "Plan Rows": 1,
        "Plan Width": 8,
        "Actual Startup Time": 304.062,
        "Actual Total Time": 320.441,
        "Actual Rows": 2,
        "Actual Loops": 1,
        "Workers Planned": 1,
        "Workers Launched": 1,
        "Single Copy": false,
        "Plans": [
          {
            "Node Type": "Aggregate",
            "Strategy": "Plain",
            "Partial Mode": "Partial",
            "Parent Relationship": "Outer",
            "Parallel Aware": false,
            "Startup Cost": 98405.82,
            "Total Cost": 98405.83,
            "Plan Rows": 1,
            "Plan Width": 8,
            "Actual Startup Time": 298.241,
            "Actual Total Time": 298.244,
            "Actual Rows": 1,
            "Actual Loops": 2,
            "Plans": [
              {
                "Node Type": "Hash Join",
                "Parent Relationship": "Outer",
                "Parallel Aware": true,
                "Join Type": "Inner",
                "Startup Cost": 58434.77,
                "Total Cost": 98392.78,
                "Plan Rows": 5214,
                "Plan Width": 0,
                "Actual Startup Time": 147.425,
                "Actual Total Time": 297.843,
                "Actual Rows": 7473,
                "Actual Loops": 2,
                "Inner Unique": true,
                "Hash Cond": "(mc.movie_id = t.id)",
                "Plans": [
                  {
                    "Node Type": "Seq Scan",
                    "Parent Relationship": "Outer",
                    "Parallel Aware": true,
                    "Relation Name": "movie_companies",
                    "Alias": "mc",
                    "Startup Cost": 0.0,
                    "Total Cost": 37974.77,
                    "Plan Rows": 755522,
                    "Plan Width": 4,
                    "Actual Startup Time": 0.013,
                    "Actual Total Time": 107.805,
                    "Actual Rows": 637123,
                    "Actual Loops": 2,
                    "Filter": "(company_type_id = 1)",
                    "Rows Removed by Filter": 667442
                  },
                  {
                    "Node Type": "Hash",
                    "Parent Relationship": "Inner",
                    "Parallel Aware": true,
                    "Startup Cost": 58306.47,
                    "Total Cost": 58306.47,
                    "Plan Rows": 10264,
                    "Plan Width": 4,
                    "Actual Startup Time": 145.97,
                    "Actual Total Time": 145.971,
                    "Actual Rows": 7224,
                    "Actual Loops": 2,
                    "Hash Buckets": 32768,
                    "Original Hash Buckets": 32768,
                    "Hash Batches": 1,
                    "Original Hash Batches": 1,
                    "Peak Memory Usage": 832,
                    "Plans": [
                      {
                        "Node Type": "Seq Scan",
                        "Parent Relationship": "Outer",
                        "Parallel Aware": true,
                        "Relation Name": "title",
                        "Alias": "t",
                        "Startup Cost": 0.0,
                        "Total Cost": 58306.47,
                        "Plan Rows": 10264,
                        "Plan Width": 4,
                        "Actual Startup Time": 0.825,
                        "Actual Total Time": 143.667,
                        "Actual Rows": 7224,
                        "Actual Loops": 2,
                        "Filter": "((kind_id < 7) AND (production_year = 1998))",
                        "Rows Removed by Filter": 1256932
                      }
                    ]
                  }
                ]
              }
            ]
          }
        ]
      }
    ]
  },
  "Planning Time": 0.555,
  "Triggers": [],
  "Execution Time": 320.522
}