[
  {
    "Plan": {
      "Node Type": "Aggregate",
      "Strategy": "Plain",
      "Partial Mode": "Simple",
      "Parallel Aware": false,
      "Startup Cost": 793.59,
      "Total Cost": 793.6,
      "Plan Rows": 1,
      "Plan Width": 8,
      "Actual Startup Time": 2.3,
      "Actual Total Time": 2.301,
      "Actual Rows": 1,
      "Actual Loops": 1,
      "Plans": [
        {
          "Node Type": "Nested Loop",
          "Parent Relationship": "Outer",
          "Parallel Aware": false,
          "Join Type": "Inner",
          "Startup Cost": 1.29,
          "Total Cost": 793.52,
          "Plan Rows": 27,
          "Plan Width": 0,
          "Actual Startup Time": 0.403,
          "Actual Total Time": 2.245,
          "Actual Rows": 1052,
          "Actual Loops": 1,
          "Inner Unique": false,
          "Plans": [
            {
              "Node Type": "Nested Loop",
              "Parent Relationship": "Outer",
              "Parallel Aware": false,
              "Join Type": "Inner",
              "Startup Cost": 0.86,
              "Total Cost": 712.68,
              "Plan Rows": 52,
              "Plan Width": 8,
              "Actual Startup Time": 0.1,
              "Actual Total Time": 0.901,
              "Actual Rows": 108,
              "Actual Loops": 1,
              "Inner Unique": true,
              "Plans": [
                {
                  "Node Type": "Index Scan",
                  "Parent Relationship": "Outer",
                  "Parallel Aware": false,
                  "Scan Direction": "Forward",
                  "Index Name": "company_id_movie_companies",
                  "Relation Name": "movie_companies",
                  "Alias": "mc",
                  "Startup Cost": 0.43,
                  "Total Cost": 273.41,
                  "Plan Rows": 52,
                  "Plan Width": 4,
                  "Actual Startup Time": 0.083,
                  "Actual Total Time": 0.243,
                  "Actual Rows": 108,
                  "Actual Loops": 1,
                  "Index Cond": "(company_id = 82571)",
                  "Rows Removed by Index Recheck": 0,
                  "Filter": "(company_type_id = 2)",
                  "Rows Removed by Filter": 0
                },
                {
                  "Node Type": "Index Only Scan",
                  "Parent Relationship": "Inner",
                  "Parallel Aware": false,
                  "Scan Direction": "Forward",
                  "Index Name": "title_pkey",
                  "Relation Name": "title",
                  "Alias": "t",
                  "Startup Cost": 0.43,
                  "Total Cost": 8.45,
                  "Plan Rows": 1,
                  "Plan Width": 4,
                  "Actual Startup Time": 0.006,
                  "Actual Total Time": 0.006,
                  "Actual Rows": 1,
                  "Actual Loops": 108,
                  "Index Cond": "(id = mc.movie_id)",
                  "Rows Removed by Index Recheck": 0,
                  "Heap Fetches": 108
                }
              ]
            },
            {
              "Node Type": "Index Scan",
              "Parent Relationship": "Inner",
              "Parallel Aware": false,
              "Scan Direction": "Forward",
              "Index Name": "movie_id_movie_keyword",
              "Relation Name": "movie_keyword",
              "Alias": "mk",
              "Startup Cost": 0.43,
              "Total Cost": 1.42,
              "Plan Rows": 13,
              "Plan Width": 4,
              "Actual Startup Time": 0.007,
              "Actual Total Time": 0.012,
              "Actual Rows": 10,
              "Actual Loops": 108,
              "Index Cond": "(movie_id = t.id)",
              "Rows Removed by Index Recheck": 0,
              "Filter": "(keyword_id < 1684)",
              "Rows Removed by Filter": 29
            }
          ]
        }
      ]
    },
    "Planning Time": 0.518,
    "Triggers": [],
    "Execution Time": 2.334
  }
]