[
  {
    "Plan": {
      "Node Type": "Aggregate",
      "Strategy": "Plain",
      "Partial Mode": "Finalize",
      "Parallel Aware": false,
      "Startup Cost": 44910.34,
      "Total Cost": 44910.35,
      "Plan Rows": 1,
      "Plan Width": 8,
      "Actual Startup Time": 108.435,
      "Actual Total Time": 113.879,
      "Actual Rows": 1,
      "Actual Loops": 1,
      "Plans": [
        {
          "Node Type": "Gather",
          "Parent Relationship": "Outer",
          "Parallel Aware": false,
          "Startup Cost": 44910.03,
          "Total Cost": 44910.34,
          "Plan Rows": 3,
          "Plan Width": 8,
          "Actual Startup Time": 108.365,
          "Actual Total Time": 113.872,
          "Actual Rows": 4,
          "Actual Loops": 1,
          "Workers Planned": 3,
          "Workers Launched": 3,
          "Single Copy": false,
          "Plans": [
            {
              "Node Type": "Aggregate",
              "Strategy": "Plain",
              "Partial Mode": "Partial",
              "Parent Relationship": "Outer",
              "Parallel Aware": false,
              "Startup Cost": 43910.03,
              "Total Cost": 43910.04,
              "Plan Rows": 1,
              "Plan Width": 8,
              "Actual Startup Time": 105.668,
              "Actual Total Time": 105.668,
              "Actual Rows": 1,
              "Actual Loops": 4,
              "Plans": [
                {
                  "Node Type": "Seq Scan",
                  "Parent Relationship": "Outer",
                  "Parallel Aware": true,
                  "Relation Name": "movie_keyword",
                  "Alias": "mk",
                  "Startup Cost": 0.0,
                  "Total Cost": 42695.65,
                  "Plan Rows": 485749,
                  "Plan Width": 0,
                  "Actual Startup Time": 0.597,
                  "Actual Total Time": 89.472,
                  "Actual Rows": 370280,
                  "Actual Loops": 4,
                  "Filter": "(keyword_id > 11065)",
                  "Rows Removed by Filter": 760703
                }
              ]
            }
          ]
        }
      ]
    },
    "Planning Time": 0.081,
    "Triggers": [],
    "Execution Time": 113.904
  }
]