[
  {
    "Plan": {
      "Node Type": "Aggregate",
      "Strategy": "Plain",
      "Partial Mode": "Finalize",
      "Parallel Aware": false,
      "Startup Cost": 44883.56,
      "Total Cost": 44883.57,
      "Plan Rows": 1,
      "Plan Width": 8,
      "Actual Startup Time": 135.989,
      "Actual Total Time": 145.528,
      "Actual Rows": 1,
      "Actual Loops": 1,
      "Plans": [
        {
          "Node Type": "Gather",
          "Parent Relationship": "Outer",
          "Parallel Aware": false,
          "Startup Cost": 44883.24,
          "Total Cost": 44883.55,
          "Plan Rows": 3,
          "Plan Width": 8,
          "Actual Startup Time": 135.873,
          "Actual Total Time": 145.52,
          "Actual Rows": 4,
          "Actual Loops": 1,
          "Workers Planned": 3,
          "Workers Launched": 3,
          "Single Copy": false,
          "Plans": [
            {
              "Node Type": "Aggregate",
              "Strategy": "Plain",
              "Partial Mode": "Partial",
              "Parent Relationship": "Outer",
              "Parallel Aware": false,
              "Startup Cost": 43883.24,
              "Total Cost": 43883.25,
              "Plan Rows": 1,
              "Plan Width": 8,
              "Actual Startup Time": 127.565,
              "Actual Total Time": 127.566,
              "Actual Rows": 1,
              "Actual Loops": 4,
              "Plans": [
                {
                  "Node Type": "Seq Scan",
                  "Parent Relationship": "Outer",
                  "Parallel Aware": true,
                  "Relation Name": "movie_keyword",
                  "Alias": "mk",
                  "Startup Cost": 0.0,
                  "Total Cost": 42695.65,
                  "Plan Rows": 475036,
                  "Plan Width": 0,
                  "Actual Startup Time": 1.828,
                  "Actual Total Time": 109.258,
                  "Actual Rows": 370280,
                  "Actual Loops": 4,
                  "Filter": "(keyword_id > 11065)",
                  "Rows Removed by Filter": 760703
                }
              ]
            }
          ]
        }
      ]
    },
    "Planning Time": 0.152,
    "Triggers": [],
    "Execution Time": 145.576
  }
]