[
  {
    "Plan": {
      "Node Type": "Aggregate",
      "Strategy": "Plain",
      "Partial Mode": "Finalize",
      "Parallel Aware": false,
      "Startup Cost": 45203.01,
      "Total Cost": 45203.02,
      "Plan Rows": 1,
      "Plan Width": 8,
      "Actual Startup Time": 141.087,
      "Actual Total Time": 150.501,
      "Actual Rows": 1,
      "Actual Loops": 1,
      "Plans": [
        {
          "Node Type": "Gather",
          "Parent Relationship": "Outer",
          "Parallel Aware": false,
          "Startup Cost": 45202.69,
          "Total Cost": 45203.0,
          "Plan Rows": 3,
          "Plan Width": 8,
          "Actual Startup Time": 140.958,
          "Actual Total Time": 150.492,
          "Actual Rows": 4,
          "Actual Loops": 1,
          "Workers Planned": 3,
          "Workers Launched": 3,
          "Single Copy": false,
          "Plans": [
            {
              "Node Type": "Aggregate",
              "Strategy": "Plain",
              "Partial Mode": "Partial",
              "Parent Relationship": "Outer",
              "Parallel Aware": false,
              "Startup Cost": 44202.69,
              "Total Cost": 44202.7,
              "Plan Rows": 1,
              "Plan Width": 8,
              "Actual Startup Time": 132.701,
              "Actual Total Time": 132.703,
              "Actual Rows": 1,
              "Actual Loops": 4,
              "Plans": [
                {
                  "Node Type": "Seq Scan",
                  "Parent Relationship": "Outer",
                  "Parallel Aware": true,
                  "Relation Name": "movie_keyword",
                  "Alias": "mk",
                  "Startup Cost": 0.0,
                  "Total Cost": 42695.65,
                  "Plan Rows": 602815,
                  "Plan Width": 0,
                  "Actual Startup Time": 0.59,
                  "Actual Total Time": 110.676,
                  "Actual Rows": 464188,
                  "Actual Loops": 4,
                  "Filter": "(keyword_id > 7444)",
                  "Rows Removed by Filter": 666795
                }
              ]
            }
          ]
        }
      ]
    },
    "Planning Time": 0.085,
    "Triggers": [],
    "Execution Time": 150.533
  }
]