[
  {
    "Plan": {
      "Node Type": "Aggregate",
      "Strategy": "Plain",
      "Partial Mode": "Finalize",
      "Parallel Aware": false,
      "Startup Cost": 449049.85,
      "Total Cost": 449049.86,
      "Plan Rows": 1,
      "Plan Width": 8,
      "Actual Startup Time": 2778.229,
      "Actual Total Time": 2840.582,
      "Actual Rows": 1,
      "Actual Loops": 1,
      "Plans": [
        {
          "Node Type": "Gather",
          "Parent Relationship": "Outer",
          "Parallel Aware": false,
          "Startup Cost": 449049.22,
          "Total Cost": 449049.83,
          "Plan Rows": 6,
          "Plan Width": 8,
          "Actual Startup Time": 2756.306,
          "Actual Total Time": 2840.569,
          "Actual Rows": 7,
          "Actual Loops": 1,
          "Workers Planned": 6,
          "Workers Launched": 6,
          "Single Copy": false,
          "Plans": [
            {
              "Node Type": "Aggregate",
              "Strategy": "Plain",
              "Partial Mode": "Partial",
              "Parent Relationship": "Outer",
              "Parallel Aware": false,
              "Startup Cost": 448049.22,
              "Total Cost": 448049.23,
              "Plan Rows": 1,
              "Plan Width": 8,
              "Actual Startup Time": 2742.096,
              "Actual Total Time": 2742.792,
              "Actual Rows": 1,
              "Actual Loops": 7,
              "Plans": [
                {
                  "Node Type": "Hash Join",
                  "Parent Relationship": "Outer",
                  "Parallel Aware": true,
                  "Join Type": "Inner",
                  "Startup Cost": 86839.16,
                  "Total Cost": 441939.33,
                  "Plan Rows": 2443955,
                  "Plan Width": 0,
                  "Actual Startup Time": 448.581,
                  "Actual Total Time": 2553.891,
                  "Actual Rows": 4429075,
                  "Actual Loops": 7,
                  "Inner Unique": false,
                  "Hash Cond": "(ci.movie_id = t.id)",
                  "Plans": [
                    {
                      "Node Type": "Seq Scan",
                      "Parent Relationship": "Outer",
                      "Parallel Aware": true,
                      "Relation Name": "cast_info",
                      "Alias": "ci",
                      "Startup Cost": 0.0,
                      "Total Cost": 328162.03,
                      "Plan Rows": 5081180,
                      "Plan Width": 4,
                      "Actual Startup Time": 0.027,
                      "Actual Total Time": 706.847,
                      "Actual Rows": 4358807,
                      "Actual Loops": 7,
                      "Filter": "(role_id < 9)",
                      "Rows Removed by Filter": 818956
                    },
                    {
                      "Node Type": "Hash",
                      "Parent Relationship": "Inner",
                      "Parallel Aware": true,
                      "Startup Cost": 81935.69,
                      "Total Cost": 81935.69,
                      "Plan Rows": 392278,
                      "Plan Width": 8,
                      "Actual Startup Time": 443.798,
                      "Actual Total Time": 444.491,
                      "Actual Rows": 176155,
                      "Actual Loops": 7,
                      "Hash Buckets": 2097152,
                      "Original Hash Buckets": 2097152,
                      "Hash Batches": 1,
                      "Original Hash Batches": 1,
                      "Peak Memory Usage": 64736,
                      "Plans": [
                        {
                          "Node Type": "Hash Join",
                          "Parent Relationship": "Outer",
                          "Parallel Aware": true,
                          "Join Type": "Inner",
                          "Startup Cost": 51563.53,
                          "Total Cost": 81935.69,
                          "Plan Rows": 392278,
                          "Plan Width": 8,
                          "Actual Startup Time": 252.6,
                          "Actual Total Time": 373.857,
                          "Actual Rows": 176155,
                          "Actual Loops": 7,
                          "Inner Unique": true,
                          "Hash Cond": "(mc.movie_id = t.id)",
                          "Plans": [
                            {
                              "Node Type": "Seq Scan",
                              "Parent Relationship": "Outer",
                              "Parallel Aware": true,
                              "Relation Name": "movie_companies",
                              "Alias": "mc",
                              "Startup Cost": 0.0,
                              "Total Cost": 29310.68,
                              "Plan Rows": 404373,
                              "Plan Width": 4,
                              "Actual Startup Time": 0.023,
                              "Actual Total Time": 47.359,
                              "Actual Rows": 177788,
                              "Actual Loops": 7,
                              "Filter": "(company_id < 11149)",
                              "Rows Removed by Filter": 194945
                            },
                            {
                              "Node Type": "Hash",
                              "Parent Relationship": "Inner",
                              "Parallel Aware": true,
                              "Startup Cost": 43898.92,
                              "Total Cost": 43898.92,
                              "Plan Rows": 613169,
                              "Plan Width": 4,
                              "Actual Startup Time": 248.812,
                              "Actual Total Time": 248.813,
                              "Actual Rows": 350049,
                              "Actual Loops": 7,
                              "Hash Buckets": 4194304,
                              "Original Hash Buckets": 4194304,
                              "Hash Batches": 1,
                              "Original Hash Batches": 1,
                              "Peak Memory Usage": 128736,
                              "Plans": [
                                {
                                  "Node Type": "Seq Scan",
                                  "Parent Relationship": "Outer",
                                  "Parallel Aware": true,
                                  "Relation Name": "title",
                                  "Alias": "t",
                                  "Startup Cost": 0.0,
                                  "Total Cost": 43898.92,
                                  "Plan Rows": 613169,
                                  "Plan Width": 4,
                                  "Actual Startup Time": 0.046,
                                  "Actual Total Time": 81.388,
                                  "Actual Rows": 350049,
                                  "Actual Loops": 7,
                                  "Filter": "(production_year > 1899)",
                                  "Rows Removed by Filter": 11138
                                }
                              ]
                            }
                          ]
                        }
                      ]
                    }
                  ]
                }
              ]
            }
          ]
        }
      ]
    },
    "Planning Time": 1.11,
    "Triggers": [],
    "Execution Time": 2840.669
  }
]