[
  {
    "Plan": {
      "Node Type": "Aggregate",
      "Strategy": "Plain",
      "Partial Mode": "Finalize",
      "Parallel Aware": false,
      "Startup Cost": 63630.68,
      "Total Cost": 63630.69,
      "Plan Rows": 1,
      "Plan Width": 8,
      "Actual Startup Time": 253.392,
      "Actual Total Time": 266.507,
      "Actual Rows": 1,
      "Actual Loops": 1,
      "Plans": [
        {
          "Node Type": "Gather",
          "Parent Relationship": "Outer",
          "Parallel Aware": false,
          "Startup Cost": 63630.46,
          "Total Cost": 63630.67,
          "Plan Rows": 2,
          "Plan Width": 8,
          "Actual Startup Time": 251.654,
          "Actual Total Time": 266.5,
          "Actual Rows": 3,
          "Actual Loops": 1,
          "Workers Planned": 2,
          "Workers Launched": 2,
          "Single Copy": false,
          "Plans": [
            {
              "Node Type": "Aggregate",
              "Strategy": "Plain",
              "Partial Mode": "Partial",
              "Parent Relationship": "Outer",
              "Parallel Aware": false,
              "Startup Cost": 62630.46,
              "Total Cost": 62630.47,
              "Plan Rows": 1,
              "Plan Width": 8,
              "Actual Startup Time": 248.452,
              "Actual Total Time": 248.456,
              "Actual Rows": 1,
              "Actual Loops": 3,
              "Plans": [
                {
                  "Node Type": "Hash Join",
                  "Parent Relationship": "Outer",
                  "Parallel Aware": true,
                  "Join Type": "Inner",
                  "Startup Cost": 46916.89,
                  "Total Cost": 62543.21,
                  "Plan Rows": 34901,
                  "Plan Width": 0,
                  "Actual Startup Time": 197.748,
                  "Actual Total Time": 246.652,
                  "Actual Rows": 38439,
                  "Actual Loops": 3,
                  "Inner Unique": true,
                  "Hash Cond": "(mi_idx.movie_id = t.id)",
                  "Plans": [
                    {
                      "Node Type": "Seq Scan",
                      "Parent Relationship": "Outer",
                      "Parallel Aware": true,
                      "Relation Name": "movie_info_idx",
                      "Alias": "mi_idx",
                      "Startup Cost": 0.0,
                      "Total Cost": 15122.68,
                      "Plan Rows": 191863,
                      "Plan Width": 4,
                      "Actual Startup Time": 0.032,
                      "Actual Total Time": 42.286,
                      "Actual Rows": 153308,
                      "Actual Loops": 3,
                      "Filter": "(info_type_id = 100)",
                      "Rows Removed by Filter": 306703
                    },
                    {
                      "Node Type": "Hash",
                      "Parent Relationship": "Inner",
                      "Parallel Aware": true,
                      "Startup Cost": 45479.59,
                      "Total Cost": 45479.59,
                      "Plan Rows": 114984,
                      "Plan Width": 4,
                      "Actual Startup Time": 164.346,
                      "Actual Total Time": 164.346,
                      "Actual Rows": 111762,
                      "Actual Loops": 3,
                      "Hash Buckets": 524288,
                      "Original Hash Buckets": 524288,
                      "Hash Batches": 1,
                      "Original Hash Batches": 1,
                      "Peak Memory Usage": 17248,
                      "Plans": [
                        {
                          "Node Type": "Seq Scan",
                          "Parent Relationship": "Outer",
                          "Parallel Aware": true,
                          "Relation Name": "title",
                          "Alias": "t",
                          "Startup Cost": 0.0,
                          "Total Cost": 45479.59,
                          "Plan Rows": 114984,
                          "Plan Width": 4,
                          "Actual Startup Time": 45.801,
                          "Actual Total Time": 125.786,
                          "Actual Rows": 111762,
                          "Actual Loops": 3,
                          "Filter": "((production_year > 1990) AND (kind_id = 1))",
                          "Rows Removed by Filter": 731009
                        }
                      ]
                    }
                  ]
                }
              ]
            }
          ]
        }
      ]
    },
    "Planning Time": 0.272,
    "Triggers": [],
    "Execution Time": 266.549
  }
]