[
  {
    "Plan": {
      "Node Type": "Aggregate",
      "Strategy": "Plain",
      "Partial Mode": "Finalize",
      "Parallel Aware": false,
      "Startup Cost": 45424.47,
      "Total Cost": 45424.48,
      "Plan Rows": 1,
      "Plan Width": 8,
      "Actual Startup Time": 137.737,
      "Actual Total Time": 144.831,
      "Actual Rows": 1,
      "Actual Loops": 1,
      "Plans": [
        {
          "Node Type": "Gather",
          "Parent Relationship": "Outer",
          "Parallel Aware": false,
          "Startup Cost": 45424.15,
          "Total Cost": 45424.46,
          "Plan Rows": 3,
          "Plan Width": 8,
          "Actual Startup Time": 137.614,
          "Actual Total Time": 144.823,
          "Actual Rows": 4,
          "Actual Loops": 1,
          "Workers Planned": 3,
          "Workers Launched": 3,
          "Single Copy": false,
          "Plans": [
            {
              "Node Type": "Aggregate",
              "Strategy": "Plain",
              "Partial Mode": "Partial",
              "Parent Relationship": "Outer",
              "Parallel Aware": false,
              "Startup Cost": 44424.15,
              "Total Cost": 44424.16,
              "Plan Rows": 1,
              "Plan Width": 8,
              "Actual Startup Time": 129.378,
              "Actual Total Time": 129.379,
              "Actual Rows": 1,
              "Actual Loops": 4,
              "Plans": [
                {
                  "Node Type": "Seq Scan",
                  "Parent Relationship": "Outer",
                  "Parallel Aware": true,
                  "Relation Name": "movie_keyword",
                  "Alias": "mk",
                  "Startup Cost": 0.0,
                  "Total Cost": 42695.65,
                  "Plan Rows": 691399,
                  "Plan Width": 0,
                  "Actual Startup Time": 0.053,
                  "Actual Total Time": 104.85,
                  "Actual Rows": 539416,
                  "Actual Loops": 4,
                  "Filter": "(keyword_id < 4099)",
                  "Rows Removed by Filter": 591566
                }
              ]
            }
          ]
        }
      ]
    },
    "Planning Time": 0.06,
    "Triggers": [],
    "Execution Time": 144.866
  }
]