[
  {
    "Plan": {
      "Node Type": "Aggregate",
      "Strategy": "Plain",
      "Partial Mode": "Finalize",
      "Parallel Aware": false,
      "Startup Cost": 289314.26,
      "Total Cost": 289314.27,
      "Plan Rows": 1,
      "Plan Width": 8,
      "Actual Startup Time": 123.888,
      "Actual Total Time": 133.927,
      "Actual Rows": 1,
      "Actual Loops": 1,
      "Plans": [
        {
          "Node Type": "Gather",
          "Parent Relationship": "Outer",
          "Parallel Aware": false,
          "Startup Cost": 289313.64,
          "Total Cost": 289314.25,
          "Plan Rows": 6,
          "Plan Width": 8,
          "Actual Startup Time": 123.521,
          "Actual Total Time": 133.913,
          "Actual Rows": 7,
          "Actual Loops": 1,
          "Workers Planned": 6,
          "Workers Launched": 6,
          "Single Copy": false,
          "Plans": [
            {
              "Node Type": "Aggregate",
              "Strategy": "Plain",
              "Partial Mode": "Partial",
              "Parent Relationship": "Outer",
              "Parallel Aware": false,
              "Startup Cost": 288313.64,
              "Total Cost": 288313.65,
              "Plan Rows": 1,
              "Plan Width": 8,
              "Actual Startup Time": 115.869,
              "Actual Total Time": 115.872,
              "Actual Rows": 1,
              "Actual Loops": 7,
              "Plans": [
                {
                  "Node Type": "Bitmap Heap Scan",
                  "Parent Relationship": "Outer",
                  "Parallel Aware": true,
                  "Relation Name": "cast_info",
                  "Alias": "ci",
                  "Startup Cost": 32002.72,
                  "Total Cost": 287709.65,
                  "Plan Rows": 241595,
                  "Plan Width": 0,
                  "Actual Startup Time": 40.074,
                  "Actual Total Time": 104.576,
                  "Actual Rows": 196361,
                  "Actual Loops": 7,
                  "Recheck Cond": "(person_id > 3795628)",
                  "Rows Removed by Index Recheck": 0,
                  "Exact Heap Blocks": 5764,
                  "Lossy Heap Blocks": 0,
                  "Plans": [
                    {
                      "Node Type": "Bitmap Index Scan",
                      "Parent Relationship": "Outer",
                      "Parallel Aware": false,
                      "Index Name": "person_id_cast_info",
                      "Startup Cost": 0.0,
                      "Total Cost": 31640.33,
                      "Plan Rows": 1449568,
                      "Plan Width": 0,
                      "Actual Startup Time": 43.838,
                      "Actual Total Time": 43.838,
                      "Actual Rows": 1374528,
                      "Actual Loops": 1,
                      "Index Cond": "(person_id > 3795628)"
                    }
                  ]
                }
              ]
            }
          ]
        }
      ]
    },
    "Planning Time": 0.192,
    "Triggers": [],
    "Execution Time": 134.001
  }
]