{
  "Plan": {
    "Node Type": "Aggregate",
    "Strategy": "Plain",
    "Partial Mode": "Finalize",
    "Parallel Aware": false,
    "Startup Cost": 640180.37,
    "Total Cost": 640180.38,
    "Plan Rows": 1,
    "Plan Width": 8,
    "Actual Startup Time": 5141.715,
    "Actual Total Time": 5197.464,
    "Actual Rows": 1,
    "Actual Loops": 1,
    "Plans": [
      {
        "Node Type": "Gather",
        "Parent Relationship": "Outer",
        "Parallel Aware": false,
        "Startup Cost": 640180.25,
        "Total Cost": 640180.36,
        "Plan Rows": 1,
        "Plan Width": 8,
        "Actual Startup Time": 5140.832,
        "Actual Total Time": 5197.455,
        "Actual Rows": 2,
        "Actual Loops": 1,
        "Workers Planned": 1,
        "Workers Launched": 1,
        "Single Copy": false,
        "Plans": [
          {
            "Node Type": "Aggregate",
            "Strategy": "Plain",
            "Partial Mode": "Partial",
            "Parent Relationship": "Outer",
            "Parallel Aware": false,
            "Startup Cost": 639180.25,
            "Total Cost": 639180.26,
            "Plan Rows": 1,
            "Plan Width": 8,
            "Actual Startup Time": 5136.301,
            "Actual Total Time": 5136.304,
            "Actual Rows": 1,
            "Actual Loops": 2,
            "Plans": [
              {
                "Node Type": "Hash Join",
                "Parent Relationship": "Outer",
                "Parallel Aware": true,
                "Join Type": "Inner",
                "Startup Cost": 62238.92,
                "Total Cost": 629476.41,
                "Plan Rows": 3881536,
                "Plan Width": 0,
                "Actual Startup Time": 261.415,
                "Actual Total Time": 5019.798,
                "Actual Rows": 2497370,
                "Actual Loops": 2,
                "Inner Unique": true,
                "Hash Cond": "(ci.movie_id = t.id)",
                "Plans": [
                  {
                    "Node Type": "Seq Scan",
                    "Parent Relationship": "Outer",
                    "Parallel Aware": true,
                    "Relation Name": "cast_info",
                    "Alias": "ci",
                    "Startup Cost": 0.0,
                    "Total Cost": 519069.44,
                    "Plan Rows": 18349706,
                    "Plan Width": 4,
                    "Actual Startup Time": 0.029,
                    "Actual Total Time": 1831.204,
                    "Actual Rows": 15691000,
                    "Actual Loops": 2,
                    "Filter": "(person_id < 3188307)",
                    "Rows Removed by Filter": 2431172
                  },
                  {
                    "Node Type": "Hash",
                    "Parent Relationship": "Inner",
                    "Parallel Aware": true,
                    "Startup Cost": 58306.47,
                    "Total Cost": 58306.47,
                    "Plan Rows": 314596,
                    "Plan Width": 4,
                    "Actual Startup Time": 252.758,
                    "Actual Total Time": 252.759,
                    "Actual Rows": 214124,
                    "Actual Loops": 2,
                    "Hash Buckets": 1048576,
                    "Original Hash Buckets": 1048576,
                    "Hash Batches": 1,
                    "Original Hash Batches": 1,
                    "Peak Memory Usage": 24960,
                    "Plans": [
                      {
                        "Node Type": "Seq Scan",
                        "Parent Relationship": "Outer",
                        "Parallel Aware": true,
                        "Relation Name": "title",
                        "Alias": "t",
                        "Startup Cost": 0.0,
                        "Total Cost": 58306.47,
                        "Plan Rows": 314596,
                        "Plan Width": 4,
                        "Actual Startup Time": 0.033,
                        "Actual Total Time": 174.498,
                        "Actual Rows": 214124,
                        "Actual Loops": 2,
                        "Filter": "((production_year < 1997) AND (kind_id = 7))",
                        "Rows Removed by Filter": 1050032
                      }
                    ]
                  }
                ]
              }
            ]
          }
        ]
      }
    ]
  },
  "Planning Time": 0.519,
  "Triggers": [],
  "Execution Time": 5197.535
}