[
  {
    "Plan": {
      "Node Type": "Aggregate",
      "Strategy": "Plain",
      "Partial Mode": "Finalize",
      "Parallel Aware": false,
      "Startup Cost": 54463.14,
      "Total Cost": 54463.15,
      "Plan Rows": 1,
      "Plan Width": 8,
      "Actual Startup Time": 98.191,
      "Actual Total Time": 111.774,
      "Actual Rows": 1,
      "Actual Loops": 1,
      "Plans": [
        {
          "Node Type": "Gather",
          "Parent Relationship": "Outer",
          "Parallel Aware": false,
          "Startup Cost": 54462.72,
          "Total Cost": 54463.13,
          "Plan Rows": 4,
          "Plan Width": 8,
          "Actual Startup Time": 97.886,
          "Actual Total Time": 111.758,
          "Actual Rows": 5,
          "Actual Loops": 1,
          "Workers Planned": 4,
          "Workers Launched": 4,
          "Single Copy": false,
          "Plans": [
            {
              "Node Type": "Aggregate",
              "Strategy": "Plain",
              "Partial Mode": "Partial",
              "Parent Relationship": "Outer",
              "Parallel Aware": false,
              "Startup Cost": 53462.72,
              "Total Cost": 53462.73,
              "Plan Rows": 1,
              "Plan Width": 8,
              "Actual Startup Time": 90.414,
              "Actual Total Time": 90.416,
              "Actual Rows": 1,
              "Actual Loops": 5,
              "Plans": [
                {
                  "Node Type": "Nested Loop",
                  "Parent Relationship": "Outer",
                  "Parallel Aware": false,
                  "Join Type": "Inner",
                  "Startup Cost": 0.43,
                  "Total Cost": 53458.83,
                  "Plan Rows": 1559,
                  "Plan Width": 0,
                  "Actual Startup Time": 3.094,
                  "Actual Total Time": 90.249,
                  "Actual Rows": 2837,
                  "Actual Loops": 5,
                  "Inner Unique": false,
                  "Plans": [
                    {
                      "Node Type": "Seq Scan",
                      "Parent Relationship": "Outer",
                      "Parallel Aware": true,
                      "Relation Name": "title",
                      "Alias": "t",
                      "Startup Cost": 0.0,
                      "Total Cost": 45479.59,
                      "Plan Rows": 872,
                      "Plan Width": 4,
                      "Actual Startup Time": 1.506,
                      "Actual Total Time": 79.724,
                      "Actual Rows": 735,
                      "Actual Loops": 5,
                      "Filter": "((kind_id < 7) AND (production_year = 1958))",
                      "Rows Removed by Filter": 504927
                    },
                    {
                      "Node Type": "Index Only Scan",
                      "Parent Relationship": "Inner",
                      "Parallel Aware": false,
                      "Scan Direction": "Forward",
                      "Index Name": "movie_id_movie_keyword",
                      "Relation Name": "movie_keyword",
                      "Alias": "mk",
                      "Startup Cost": 0.43,
                      "Total Cost": 8.69,
                      "Plan Rows": 46,
                      "Plan Width": 4,
                      "Actual Startup Time": 0.013,
                      "Actual Total Time": 0.014,
                      "Actual Rows": 4,
                      "Actual Loops": 3676,
                      "Index Cond": "(movie_id = t.id)",
                      "Rows Removed by Index Recheck": 0,
                      "Heap Fetches": 14184
                    }
                  ]
                }
              ]
            }
          ]
        }
      ]
    },
    "Planning Time": 0.7,
    "Triggers": [],
    "Execution Time": 111.843
  }
]