[
  {
    "Plan": {
      "Node Type": "Aggregate",
      "Strategy": "Plain",
      "Partial Mode": "Finalize",
      "Parallel Aware": false,
      "Startup Cost": 55529.25,
      "Total Cost": 55529.26,
      "Plan Rows": 1,
      "Plan Width": 8,
      "Actual Startup Time": 109.485,
      "Actual Total Time": 124.314,
      "Actual Rows": 1,
      "Actual Loops": 1,
      "Plans": [
        {
          "Node Type": "Gather",
          "Parent Relationship": "Outer",
          "Parallel Aware": false,
          "Startup Cost": 55528.83,
          "Total Cost": 55529.24,
          "Plan Rows": 4,
          "Plan Width": 8,
          "Actual Startup Time": 109.36,
          "Actual Total Time": 124.306,
          "Actual Rows": 5,
          "Actual Loops": 1,
          "Workers Planned": 4,
          "Workers Launched": 4,
          "Single Copy": false,
          "Plans": [
            {
              "Node Type": "Aggregate",
              "Strategy": "Plain",
              "Partial Mode": "Partial",
              "Parent Relationship": "Outer",
              "Parallel Aware": false,
              "Startup Cost": 54528.83,
              "Total Cost": 54528.84,
              "Plan Rows": 1,
              "Plan Width": 8,
              "Actual Startup Time": 99.6,
              "Actual Total Time": 99.602,
              "Actual Rows": 1,
              "Actual Loops": 5,
              "Plans": [
                {
                  "Node Type": "Nested Loop",
                  "Parent Relationship": "Outer",
                  "Parallel Aware": false,
                  "Join Type": "Inner",
                  "Startup Cost": 0.43,
                  "Total Cost": 54524.36,
                  "Plan Rows": 1789,
                  "Plan Width": 0,
                  "Actual Startup Time": 6.148,
                  "Actual Total Time": 99.419,
                  "Actual Rows": 2837,
                  "Actual Loops": 5,
                  "Inner Unique": false,
                  "Plans": [
                    {
                      "Node Type": "Seq Scan",
                      "Parent Relationship": "Outer",
                      "Parallel Aware": true,
                      "Relation Name": "title",
                      "Alias": "t",
                      "Startup Cost": 0.0,
                      "Total Cost": 45479.1,
                      "Plan Rows": 1000,
                      "Plan Width": 4,
                      "Actual Startup Time": 3.377,
                      "Actual Total Time": 89.005,
                      "Actual Rows": 735,
                      "Actual Loops": 5,
                      "Filter": "((kind_id < 7) AND (production_year = 1958))",
                      "Rows Removed by Filter": 504927
                    },
                    {
                      "Node Type": "Index Only Scan",
                      "Parent Relationship": "Inner",
                      "Parallel Aware": false,
                      "Scan Direction": "Forward",
                      "Index Name": "movie_id_movie_keyword",
                      "Relation Name": "movie_keyword",
                      "Alias": "mk",
                      "Startup Cost": 0.43,
                      "Total Cost": 8.6,
                      "Plan Rows": 45,
                      "Plan Width": 4,
                      "Actual Startup Time": 0.013,
                      "Actual Total Time": 0.013,
                      "Actual Rows": 4,
                      "Actual Loops": 3676,
                      "Index Cond": "(movie_id = t.id)",
                      "Rows Removed by Index Recheck": 0,
                      "Heap Fetches": 14184
                    }
                  ]
                }
              ]
            }
          ]
        }
      ]
    },
    "Planning Time": 0.653,
    "Triggers": [],
    "Execution Time": 124.393
  }
]