[
  {
    "Plan": {
      "Node Type": "Aggregate",
      "Strategy": "Plain",
      "Partial Mode": "Finalize",
      "Parallel Aware": false,
      "Startup Cost": 392537.51,
      "Total Cost": 392537.52,
      "Plan Rows": 1,
      "Plan Width": 8,
      "Actual Startup Time": 1649.895,
      "Actual Total Time": 1716.552,
      "Actual Rows": 1,
      "Actual Loops": 1,
      "Plans": [
        {
          "Node Type": "Gather",
          "Parent Relationship": "Outer",
          "Parallel Aware": false,
          "Startup Cost": 392536.89,
          "Total Cost": 392537.5,
          "Plan Rows": 6,
          "Plan Width": 8,
          "Actual Startup Time": 1644.699,
          "Actual Total Time": 1716.544,
          "Actual Rows": 7,
          "Actual Loops": 1,
          "Workers Planned": 6,
          "Workers Launched": 6,
          "Single Copy": false,
          "Plans": [
            {
              "Node Type": "Aggregate",
              "Strategy": "Plain",
              "Partial Mode": "Partial",
              "Parent Relationship": "Outer",
              "Parallel Aware": false,
              "Startup Cost": 391536.89,
              "Total Cost": 391536.9,
              "Plan Rows": 1,
              "Plan Width": 8,
              "Actual Startup Time": 1633.175,
              "Actual Total Time": 1633.179,
              "Actual Rows": 1,
              "Actual Loops": 7,
              "Plans": [
                {
                  "Node Type": "Hash Join",
                  "Parent Relationship": "Outer",
                  "Parallel Aware": true,
                  "Join Type": "Inner",
                  "Startup Cost": 45572.84,
                  "Total Cost": 388547.96,
                  "Plan Rows": 1195571,
                  "Plan Width": 0,
                  "Actual Startup Time": 115.703,
                  "Actual Total Time": 1589.103,
                  "Actual Rows": 1073363,
                  "Actual Loops": 7,
                  "Inner Unique": true,
                  "Hash Cond": "(ci.movie_id = t.id)",
                  "Plans": [
                    {
                      "Node Type": "Seq Scan",
                      "Parent Relationship": "Outer",
                      "Parallel Aware": true,
                      "Relation Name": "cast_info",
                      "Alias": "ci",
                      "Startup Cost": 0.0,
                      "Total Cost": 328162.03,
                      "Plan Rows": 5643076,
                      "Plan Width": 4,
                      "Actual Startup Time": 0.024,
                      "Actual Total Time": 598.93,
                      "Actual Rows": 4852967,
                      "Actual Loops": 7,
                      "Filter": "(person_id < 3617561)",
                      "Rows Removed by Filter": 324797
                    },
                    {
                      "Node Type": "Hash",
                      "Parent Relationship": "Inner",
                      "Parallel Aware": true,
                      "Startup Cost": 43898.92,
                      "Total Cost": 43898.92,
                      "Plan Rows": 133914,
                      "Plan Width": 4,
                      "Actual Startup Time": 112.161,
                      "Actual Total Time": 112.164,
                      "Actual Rows": 76196,
                      "Actual Loops": 7,
                      "Hash Buckets": 1048576,
                      "Original Hash Buckets": 1048576,
                      "Hash Batches": 1,
                      "Original Hash Batches": 1,
                      "Peak Memory Usage": 29152,
                      "Plans": [
                        {
                          "Node Type": "Seq Scan",
                          "Parent Relationship": "Outer",
                          "Parallel Aware": true,
                          "Relation Name": "title",
                          "Alias": "t",
                          "Startup Cost": 0.0,
                          "Total Cost": 43898.92,
                          "Plan Rows": 133914,
                          "Plan Width": 4,
                          "Actual Startup Time": 0.047,
                          "Actual Total Time": 73.219,
                          "Actual Rows": 76196,
                          "Actual Loops": 7,
                          "Filter": "(production_year > 2009)",
                          "Rows Removed by Filter": 284992
                        }
                      ]
                    }
                  ]
                }
              ]
            }
          ]
        }
      ]
    },
    "Planning Time": 0.557,
    "Triggers": [],
    "Execution Time": 1716.635
  }
]