[
  {
    "Plan": {
      "Node Type": "Aggregate",
      "Strategy": "Plain",
      "Partial Mode": "Finalize",
      "Parallel Aware": false,
      "Startup Cost": 46982.89,
      "Total Cost": 46982.9,
      "Plan Rows": 1,
      "Plan Width": 8,
      "Actual Startup Time": 231.363,
      "Actual Total Time": 240.648,
      "Actual Rows": 1,
      "Actual Loops": 1,
      "Plans": [
        {
          "Node Type": "Gather",
          "Parent Relationship": "Outer",
          "Parallel Aware": false,
          "Startup Cost": 46982.57,
          "Total Cost": 46982.88,
          "Plan Rows": 3,
          "Plan Width": 8,
          "Actual Startup Time": 231.273,
          "Actual Total Time": 240.64,
          "Actual Rows": 4,
          "Actual Loops": 1,
          "Workers Planned": 3,
          "Workers Launched": 3,
          "Single Copy": false,
          "Plans": [
            {
              "Node Type": "Aggregate",
              "Strategy": "Plain",
              "Partial Mode": "Partial",
              "Parent Relationship": "Outer",
              "Parallel Aware": false,
              "Startup Cost": 45982.57,
              "Total Cost": 45982.58,
              "Plan Rows": 1,
              "Plan Width": 8,
              "Actual Startup Time": 226.737,
              "Actual Total Time": 226.738,
              "Actual Rows": 1,
              "Actual Loops": 4,
              "Plans": [
                {
                  "Node Type": "Seq Scan",
                  "Parent Relationship": "Outer",
                  "Parallel Aware": true,
                  "Relation Name": "movie_keyword",
                  "Alias": "mk",
                  "Startup Cost": 0.0,
                  "Total Cost": 42695.65,
                  "Plan Rows": 1314767,
                  "Plan Width": 0,
                  "Actual Startup Time": 0.028,
                  "Actual Total Time": 159.326,
                  "Actual Rows": 1020929,
                  "Actual Loops": 4,
                  "Filter": "(keyword_id < 40088)",
                  "Rows Removed by Filter": 110053
                }
              ]
            }
          ]
        }
      ]
    },
    "Planning Time": 0.076,
    "Triggers": [],
    "Execution Time": 240.676
  }
]