[
    {
        "Bao": {
            "Bao prediction": 697.013,
            "Bao recommended hint": "(no hint)"
        }
    },
    {
        "Plan": {
            "Node Type": "Aggregate",
            "Strategy": "Plain",
            "Partial Mode": "Finalize",
            "Parallel Aware": false,
            "Startup Cost": 271941.61,
            "Total Cost": 271941.62,
            "Plan Rows": 1,
            "Plan Width": 64,
            "Actual Startup Time": 2661.321,
            "Actual Total Time": 2751.17,
            "Actual Rows": 1,
            "Actual Loops": 1,
            "Output": [
                "min(chn.name)",
                "min(t.title)"
            ],
            "Plans": [
                {
                    "Node Type": "Gather",
                    "Parent Relationship": "Outer",
                    "Parallel Aware": false,
                    "Startup Cost": 271941.29,
                    "Total Cost": 271941.6,
                    "Plan Rows": 3,
                    "Plan Width": 64,
                    "Actual Startup Time": 2658.22,
                    "Actual Total Time": 2751.158,
                    "Actual Rows": 4,
                    "Actual Loops": 1,
                    "Output": [
                        "(PARTIAL min(chn.name))",
                        "(PARTIAL min(t.title))"
                    ],
                    "Workers Planned": 3,
                    "Workers Launched": 3,
                    "Single Copy": false,
                    "Plans": [
                        {
                            "Node Type": "Aggregate",
                            "Strategy": "Plain",
                            "Partial Mode": "Partial",
                            "Parent Relationship": "Outer",
                            "Parallel Aware": false,
                            "Startup Cost": 270941.29,
                            "Total Cost": 270941.3,
                            "Plan Rows": 1,
                            "Plan Width": 64,
                            "Actual Startup Time": 2645.732,
                            "Actual Total Time": 2645.74,
                            "Actual Rows": 1,
                            "Actual Loops": 4,
                            "Output": [
                                "PARTIAL min(chn.name)",
                                "PARTIAL min(t.title)"
                            ],
                            "Workers": [
                                {
                                    "Worker Number": 0,
                                    "Actual Startup Time": 2642.026,
                                    "Actual Total Time": 2642.035,
                                    "Actual Rows": 1,
                                    "Actual Loops": 1
                                },
                                {
                                    "Worker Number": 1,
                                    "Actual Startup Time": 2642.053,
                                    "Actual Total Time": 2642.059,
                                    "Actual Rows": 1,
                                    "Actual Loops": 1
                                },
                                {
                                    "Worker Number": 2,
                                    "Actual Startup Time": 2642.428,
                                    "Actual Total Time": 2642.435,
                                    "Actual Rows": 1,
                                    "Actual Loops": 1
                                }
                            ],
                            "Plans": [
                                {
                                    "Node Type": "Hash Join",
                                    "Parent Relationship": "Outer",
                                    "Parallel Aware": false,
                                    "Join Type": "Inner",
                                    "Startup Cost": 51305.12,
                                    "Total Cost": 270649.16,
                                    "Plan Rows": 58426,
                                    "Plan Width": 33,
                                    "Actual Startup Time": 261.028,
                                    "Actual Total Time": 2639.03,
                                    "Actual Rows": 32132,
                                    "Actual Loops": 4,
                                    "Output": [
                                        "chn.name",
                                        "t.title"
                                    ],
                                    "Inner Unique": true,
                                    "Hash Cond": "(ci.role_id = rt.id)",
                                    "Workers": [
                                        {
                                            "Worker Number": 0,
                                            "Actual Startup Time": 262.681,
                                            "Actual Total Time": 2634.896,
                                            "Actual Rows": 25967,
                                            "Actual Loops": 1
                                        },
                                        {
                                            "Worker Number": 1,
                                            "Actual Startup Time": 254.697,
                                            "Actual Total Time": 2636.207,
                                            "Actual Rows": 34077,
                                            "Actual Loops": 1
                                        },
                                        {
                                            "Worker Number": 2,
                                            "Actual Startup Time": 253.742,
                                            "Actual Total Time": 2635.683,
                                            "Actual Rows": 41823,
                                            "Actual Loops": 1
                                        }
                                    ],
                                    "Plans": [
                                        {
                                            "Node Type": "Hash Join",
                                            "Parent Relationship": "Outer",
                                            "Parallel Aware": false,
                                            "Join Type": "Inner",
                                            "Startup Cost": 51303.85,
                                            "Total Cost": 270440.35,
                                            "Plan Rows": 58426,
                                            "Plan Width": 37,
                                            "Actual Startup Time": 260.609,
                                            "Actual Total Time": 2631.286,
                                            "Actual Rows": 32132,
                                            "Actual Loops": 4,
                                            "Output": [
                                                "chn.name",
                                                "ci.role_id",
                                                "t.title"
                                            ],
                                            "Inner Unique": true,
                                            "Hash Cond": "(mc.company_type_id = ct.id)",
                                            "Workers": [
                                                {
                                                    "Worker Number": 0,
                                                    "Actual Startup Time": 262.204,
                                                    "Actual Total Time": 2626.732,
                                                    "Actual Rows": 25967,
                                                    "Actual Loops": 1
                                                },
                                                {
                                                    "Worker Number": 1,
                                                    "Actual Startup Time": 254.226,
                                                    "Actual Total Time": 2629.459,
                                                    "Actual Rows": 34077,
                                                    "Actual Loops": 1
                                                },
                                                {
                                                    "Worker Number": 2,
                                                    "Actual Startup Time": 253.228,
                                                    "Actual Total Time": 2627.6,
                                                    "Actual Rows": 41823,
                                                    "Actual Loops": 1
                                                }
                                            ],
                                            "Plans": [
                                                {
                                                    "Node Type": "Nested Loop",
                                                    "Parent Relationship": "Outer",
                                                    "Parallel Aware": false,
                                                    "Join Type": "Inner",
                                                    "Startup Cost": 51302.76,
                                                    "Total Cost": 270123.4,
                                                    "Plan Rows": 58426,
                                                    "Plan Width": 41,
                                                    "Actual Startup Time": 260.471,
                                                    "Actual Total Time": 2622.407,
                                                    "Actual Rows": 32132,
                                                    "Actual Loops": 4,
                                                    "Output": [
                                                        "chn.name",
                                                        "ci.role_id",
                                                        "mc.company_type_id",
                                                        "t.title"
                                                    ],
                                                    "Inner Unique": true,
                                                    "Workers": [
                                                        {
                                                            "Worker Number": 0,
                                                            "Actual Startup Time": 262.054,
                                                            "Actual Total Time": 2617.202,
                                                            "Actual Rows": 25967,
                                                            "Actual Loops": 1
                                                        },
                                                        {
                                                            "Worker Number": 1,
                                                            "Actual Startup Time": 254.063,
                                                            "Actual Total Time": 2621.819,
                                                            "Actual Rows": 34077,
                                                            "Actual Loops": 1
                                                        },
                                                        {
                                                            "Worker Number": 2,
                                                            "Actual Startup Time": 253.076,
                                                            "Actual Total Time": 2618.507,
                                                            "Actual Rows": 41823,
                                                            "Actual Loops": 1
                                                        }
                                                    ],
                                                    "Plans": [
                                                        {
                                                            "Node Type": "Nested Loop",
                                                            "Parent Relationship": "Outer",
                                                            "Parallel Aware": false,
                                                            "Join Type": "Inner",
                                                            "Startup Cost": 51302.33,
                                                            "Total Cost": 229377.14,
                                                            "Plan Rows": 58426,
                                                            "Plan Width": 29,
                                                            "Actual Startup Time": 260.399,
                                                            "Actual Total Time": 2483.558,
                                                            "Actual Rows": 34358,
                                                            "Actual Loops": 4,
                                                            "Output": [
                                                                "ci.person_role_id",
                                                                "ci.role_id",
                                                                "mc.company_type_id",
                                                                "t.title"
                                                            ],
                                                            "Inner Unique": false,
                                                            "Join Filter": "(t.id = ci.movie_id)",
                                                            "Rows Removed by Join Filter": 0,
                                                            "Workers": [
                                                                {
                                                                    "Worker Number": 0,
                                                                    "Actual Startup Time": 261.949,
                                                                    "Actual Total Time": 2478.014,
                                                                    "Actual Rows": 27745,
                                                                    "Actual Loops": 1
                                                                },
                                                                {
                                                                    "Worker Number": 1,
                                                                    "Actual Startup Time": 253.996,
                                                                    "Actual Total Time": 2498.678,
                                                                    "Actual Rows": 37088,
                                                                    "Actual Loops": 1
                                                                },
                                                                {
                                                                    "Worker Number": 2,
                                                                    "Actual Startup Time": 253.016,
                                                                    "Actual Total Time": 2473.102,
                                                                    "Actual Rows": 44094,
                                                                    "Actual Loops": 1
                                                                }
                                                            ],
                                                            "Plans": [
                                                                {
                                                                    "Node Type": "Hash Join",
                                                                    "Parent Relationship": "Outer",
                                                                    "Parallel Aware": true,
                                                                    "Join Type": "Inner",
                                                                    "Startup Cost": 51301.77,
                                                                    "Total Cost": 81291.28,
                                                                    "Plan Rows": 79431,
                                                                    "Plan Width": 29,
                                                                    "Actual Startup Time": 256.101,
                                                                    "Actual Total Time": 603.195,
                                                                    "Actual Rows": 54508,
                                                                    "Actual Loops": 4,
                                                                    "Output": [
                                                                        "mc.movie_id",
                                                                        "mc.company_type_id",
                                                                        "t.title",
                                                                        "t.id"
                                                                    ],
                                                                    "Inner Unique": true,
                                                                    "Hash Cond": "(mc.company_id = cn.id)",
                                                                    "Workers": [
                                                                        {
                                                                            "Worker Number": 0,
                                                                            "Actual Startup Time": 252.542,
                                                                            "Actual Total Time": 594.61,
                                                                            "Actual Rows": 46887,
                                                                            "Actual Loops": 1
                                                                        },
                                                                        {
                                                                            "Worker Number": 1,
                                                                            "Actual Startup Time": 252.505,
                                                                            "Actual Total Time": 607.191,
                                                                            "Actual Rows": 63806,
                                                                            "Actual Loops": 1
                                                                        },
                                                                        {
                                                                            "Worker Number": 2,
                                                                            "Actual Startup Time": 252.93,
                                                                            "Actual Total Time": 607.98,
                                                                            "Actual Rows": 64008,
                                                                            "Actual Loops": 1
                                                                        }
                                                                    ],
                                                                    "Plans": [
                                                                        {
                                                                            "Node Type": "Hash Join",
                                                                            "Parent Relationship": "Outer",
                                                                            "Parallel Aware": true,
                                                                            "Join Type": "Inner",
                                                                            "Startup Cost": 45950.75,
                                                                            "Total Cost": 75366.64,
                                                                            "Plan Rows": 218519,
                                                                            "Plan Width": 33,
                                                                            "Actual Startup Time": 221.742,
                                                                            "Actual Total Time": 523.913,
                                                                            "Actual Rows": 131144,
                                                                            "Actual Loops": 4,
                                                                            "Output": [
                                                                                "mc.movie_id",
                                                                                "mc.company_id",
                                                                                "mc.company_type_id",
                                                                                "t.title",
                                                                                "t.id"
                                                                            ],
                                                                            "Inner Unique": true,
                                                                            "Hash Cond": "(mc.movie_id = t.id)",
                                                                            "Workers": [
                                                                                {
                                                                                    "Worker Number": 0,
                                                                                    "Actual Startup Time": 221.647,
                                                                                    "Actual Total Time": 518.803,
                                                                                    "Actual Rows": 110328,
                                                                                    "Actual Loops": 1
                                                                                },
                                                                                {
                                                                                    "Worker Number": 1,
                                                                                    "Actual Startup Time": 221.633,
                                                                                    "Actual Total Time": 531.227,
                                                                                    "Actual Rows": 155031,
                                                                                    "Actual Loops": 1
                                                                                },
                                                                                {
                                                                                    "Worker Number": 2,
                                                                                    "Actual Startup Time": 221.663,
                                                                                    "Actual Total Time": 531.695,
                                                                                    "Actual Rows": 156291,
                                                                                    "Actual Loops": 1
                                                                                }
                                                                            ],
                                                                            "Plans": [
                                                                                {
                                                                                    "Node Type": "Seq Scan",
                                                                                    "Parent Relationship": "Outer",
                                                                                    "Parallel Aware": true,
                                                                                    "Relation Name": "movie_companies",
                                                                                    "Schema": "public",
                                                                                    "Alias": "mc",
                                                                                    "Startup Cost": 0.0,
                                                                                    "Total Cost": 27206.55,
                                                                                    "Plan Rows": 841655,
                                                                                    "Plan Width": 12,
                                                                                    "Actual Startup Time": 0.019,
                                                                                    "Actual Total Time": 66.856,
                                                                                    "Actual Rows": 652282,
                                                                                    "Actual Loops": 4,
                                                                                    "Output": [
                                                                                        "mc.id",
                                                                                        "mc.movie_id",
                                                                                        "mc.company_id",
                                                                                        "mc.company_type_id",
                                                                                        "mc.note"
                                                                                    ],
                                                                                    "Workers": [
                                                                                        {
                                                                                            "Worker Number": 0,
                                                                                            "Actual Startup Time": 0.026,
                                                                                            "Actual Total Time": 70.013,
                                                                                            "Actual Rows": 546803,
                                                                                            "Actual Loops": 1
                                                                                        },
                                                                                        {
                                                                                            "Worker Number": 1,
                                                                                            "Actual Startup Time": 0.021,
                                                                                            "Actual Total Time": 65.407,
                                                                                            "Actual Rows": 777583,
                                                                                            "Actual Loops": 1
                                                                                        },
                                                                                        {
                                                                                            "Worker Number": 2,
                                                                                            "Actual Startup Time": 0.021,
                                                                                            "Actual Total Time": 63.853,
                                                                                            "Actual Rows": 768758,
                                                                                            "Actual Loops": 1
                                                                                        }
                                                                                    ]
                                                                                },
                                                                                {
                                                                                    "Node Type": "Hash",
                                                                                    "Parent Relationship": "Inner",
                                                                                    "Parallel Aware": true,
                                                                                    "Startup Cost": 43899.32,
                                                                                    "Total Cost": 43899.32,
                                                                                    "Plan Rows": 164114,
                                                                                    "Plan Width": 21,
                                                                                    "Actual Startup Time": 218.98,
                                                                                    "Actual Total Time": 218.981,
                                                                                    "Actual Rows": 165516,
                                                                                    "Actual Loops": 4,
                                                                                    "Output": [
                                                                                        "t.title",
                                                                                        "t.id"
                                                                                    ],
                                                                                    "Hash Buckets": 1048576,
                                                                                    "Original Hash Buckets": 1048576,
                                                                                    "Hash Batches": 1,
                                                                                    "Original Hash Batches": 1,
                                                                                    "Peak Memory Usage": 45504,
                                                                                    "Workers": [
                                                                                        {
                                                                                            "Worker Number": 0,
                                                                                            "Actual Startup Time": 221.525,
                                                                                            "Actual Total Time": 221.526,
                                                                                            "Actual Rows": 140122,
                                                                                            "Actual Loops": 1
                                                                                        },
                                                                                        {
                                                                                            "Worker Number": 1,
                                                                                            "Actual Startup Time": 221.535,
                                                                                            "Actual Total Time": 221.535,
                                                                                            "Actual Rows": 193097,
                                                                                            "Actual Loops": 1
                                                                                        },
                                                                                        {
                                                                                            "Worker Number": 2,
                                                                                            "Actual Startup Time": 221.557,
                                                                                            "Actual Total Time": 221.558,
                                                                                            "Actual Rows": 197750,
                                                                                            "Actual Loops": 1
                                                                                        }
                                                                                    ],
                                                                                    "Plans": [
                                                                                        {
                                                                                            "Node Type": "Seq Scan",
                                                                                            "Parent Relationship": "Outer",
                                                                                            "Parallel Aware": true,
                                                                                            "Relation Name": "title",
                                                                                            "Schema": "public",
                                                                                            "Alias": "t",
                                                                                            "Startup Cost": 0.0,
                                                                                            "Total Cost": 43899.32,
                                                                                            "Plan Rows": 164114,
                                                                                            "Plan Width": 21,
                                                                                            "Actual Startup Time": 0.041,
                                                                                            "Actual Total Time": 120.209,
                                                                                            "Actual Rows": 165516,
                                                                                            "Actual Loops": 4,
                                                                                            "Output": [
                                                                                                "t.title",
                                                                                                "t.id"
                                                                                            ],
                                                                                            "Filter": "(t.production_year > 2008)",
                                                                                            "Rows Removed by Filter": 466562,
                                                                                            "Workers": [
                                                                                                {
                                                                                                    "Worker Number": 0,
                                                                                                    "Actual Startup Time": 0.042,
                                                                                                    "Actual Total Time": 121.233,
                                                                                                    "Actual Rows": 140122,
                                                                                                    "Actual Loops": 1
                                                                                                },
                                                                                                {
                                                                                                    "Worker Number": 1,
                                                                                                    "Actual Startup Time": 0.049,
                                                                                                    "Actual Total Time": 119.318,
                                                                                                    "Actual Rows": 193097,
                                                                                                    "Actual Loops": 1
                                                                                                },
                                                                                                {
                                                                                                    "Worker Number": 2,
                                                                                                    "Actual Startup Time": 0.046,
                                                                                                    "Actual Total Time": 118.59,
                                                                                                    "Actual Rows": 197750,
                                                                                                    "Actual Loops": 1
                                                                                                }
                                                                                            ]
                                                                                        }
                                                                                    ]
                                                                                }
                                                                            ]
                                                                        },
                                                                        {
                                                                            "Node Type": "Hash",
                                                                            "Parent Relationship": "Inner",
                                                                            "Parallel Aware": true,
                                                                            "Startup Cost": 4722.92,
                                                                            "Total Cost": 4722.92,
                                                                            "Plan Rows": 50248,
                                                                            "Plan Width": 4,
                                                                            "Actual Startup Time": 32.489,
                                                                            "Actual Total Time": 32.49,
                                                                            "Actual Rows": 21211,
                                                                            "Actual Loops": 4,
                                                                            "Output": [
                                                                                "cn.id"
                                                                            ],
                                                                            "Hash Buckets": 131072,
                                                                            "Original Hash Buckets": 131072,
                                                                            "Hash Batches": 1,
                                                                            "Original Hash Batches": 1,
                                                                            "Peak Memory Usage": 4416,
                                                                            "Workers": [
                                                                                {
                                                                                    "Worker Number": 0,
                                                                                    "Actual Startup Time": 30.572,
                                                                                    "Actual Total Time": 30.572,
                                                                                    "Actual Rows": 19918,
                                                                                    "Actual Loops": 1
                                                                                },
                                                                                {
                                                                                    "Worker Number": 1,
                                                                                    "Actual Startup Time": 30.58,
                                                                                    "Actual Total Time": 30.581,
                                                                                    "Actual Rows": 18167,
                                                                                    "Actual Loops": 1
                                                                                },
                                                                                {
                                                                                    "Worker Number": 2,
                                                                                    "Actual Startup Time": 30.943,
                                                                                    "Actual Total Time": 30.944,
                                                                                    "Actual Rows": 20443,
                                                                                    "Actual Loops": 1
                                                                                }
                                                                            ],
                                                                            "Plans": [
                                                                                {
                                                                                    "Node Type": "Seq Scan",
                                                                                    "Parent Relationship": "Outer",
                                                                                    "Parallel Aware": true,
                                                                                    "Relation Name": "company_name",
                                                                                    "Schema": "public",
                                                                                    "Alias": "cn",
                                                                                    "Startup Cost": 0.0,
                                                                                    "Total Cost": 4722.92,
                                                                                    "Plan Rows": 50248,
                                                                                    "Plan Width": 4,
                                                                                    "Actual Startup Time": 0.061,
                                                                                    "Actual Total Time": 21.175,
                                                                                    "Actual Rows": 21211,
                                                                                    "Actual Loops": 4,
                                                                                    "Output": [
                                                                                        "cn.id"
                                                                                    ],
                                                                                    "Filter": "((cn.country_code)::text = '[us]'::text)",
                                                                                    "Rows Removed by Filter": 37538,
                                                                                    "Workers": [
                                                                                        {
                                                                                            "Worker Number": 0,
                                                                                            "Actual Startup Time": 0.075,
                                                                                            "Actual Total Time": 20.313,
                                                                                            "Actual Rows": 19918,
                                                                                            "Actual Loops": 1
                                                                                        },
                                                                                        {
                                                                                            "Worker Number": 1,
                                                                                            "Actual Startup Time": 0.064,
                                                                                            "Actual Total Time": 19.54,
                                                                                            "Actual Rows": 18167,
                                                                                            "Actual Loops": 1
                                                                                        },
                                                                                        {
                                                                                            "Worker Number": 2,
                                                                                            "Actual Startup Time": 0.066,
                                                                                            "Actual Total Time": 20.062,
                                                                                            "Actual Rows": 20443,
                                                                                            "Actual Loops": 1
                                                                                        }
                                                                                    ]
                                                                                }
                                                                            ]
                                                                        }
                                                                    ]
                                                                },
                                                                {
                                                                    "Node Type": "Index Scan",
                                                                    "Parent Relationship": "Inner",
                                                                    "Parallel Aware": false,
                                                                    "Scan Direction": "Forward",
                                                                    "Index Name": "movie_id_cast_info",
                                                                    "Relation Name": "cast_info",
                                                                    "Schema": "public",
                                                                    "Alias": "ci",
                                                                    "Startup Cost": 0.56,
                                                                    "Total Cost": 1.85,
                                                                    "Plan Rows": 1,
                                                                    "Plan Width": 12,
                                                                    "Actual Startup Time": 0.031,
                                                                    "Actual Total Time": 0.034,
                                                                    "Actual Rows": 1,
                                                                    "Actual Loops": 218034,
                                                                    "Output": [
                                                                        "ci.id",
                                                                        "ci.person_id",
                                                                        "ci.movie_id",
                                                                        "ci.person_role_id",
                                                                        "ci.note",
                                                                        "ci.nr_order",
                                                                        "ci.role_id"
                                                                    ],
                                                                    "Index Cond": "(ci.movie_id = mc.movie_id)",
                                                                    "Rows Removed by Index Recheck": 0,
                                                                    "Filter": "(ci.note ~~ '%(voice)%'::text)",
                                                                    "Rows Removed by Filter": 32,
                                                                    "Workers": [
                                                                        {
                                                                            "Worker Number": 0,
                                                                            "Actual Startup Time": 0.036,
                                                                            "Actual Total Time": 0.04,
                                                                            "Actual Rows": 1,
                                                                            "Actual Loops": 46887
                                                                        },
                                                                        {
                                                                            "Worker Number": 1,
                                                                            "Actual Startup Time": 0.026,
                                                                            "Actual Total Time": 0.029,
                                                                            "Actual Rows": 1,
                                                                            "Actual Loops": 63806
                                                                        },
                                                                        {
                                                                            "Worker Number": 2,
                                                                            "Actual Startup Time": 0.026,
                                                                            "Actual Total Time": 0.029,
                                                                            "Actual Rows": 1,
                                                                            "Actual Loops": 64008
                                                                        }
                                                                    ]
                                                                }
                                                            ]
                                                        },
                                                        {
                                                            "Node Type": "Index Scan",
                                                            "Parent Relationship": "Inner",
                                                            "Parallel Aware": false,
                                                            "Scan Direction": "Forward",
                                                            "Index Name": "char_name_pkey",
                                                            "Relation Name": "char_name",
                                                            "Schema": "public",
                                                            "Alias": "chn",
                                                            "Startup Cost": 0.43,
                                                            "Total Cost": 0.7,
                                                            "Plan Rows": 1,
                                                            "Plan Width": 20,
                                                            "Actual Startup Time": 0.004,
                                                            "Actual Total Time": 0.004,
                                                            "Actual Rows": 1,
                                                            "Actual Loops": 137432,
                                                            "Output": [
                                                                "chn.id",
                                                                "chn.name",
                                                                "chn.imdb_index",
                                                                "chn.imdb_id",
                                                                "chn.name_pcode_nf",
                                                                "chn.surname_pcode",
                                                                "chn.md5sum"
                                                            ],
                                                            "Index Cond": "(chn.id = ci.person_role_id)",
                                                            "Rows Removed by Index Recheck": 0,
                                                            "Workers": [
                                                                {
                                                                    "Worker Number": 0,
                                                                    "Actual Startup Time": 0.005,
                                                                    "Actual Total Time": 0.005,
                                                                    "Actual Rows": 1,
                                                                    "Actual Loops": 27745
                                                                },
                                                                {
                                                                    "Worker Number": 1,
                                                                    "Actual Startup Time": 0.003,
                                                                    "Actual Total Time": 0.003,
                                                                    "Actual Rows": 1,
                                                                    "Actual Loops": 37088
                                                                },
                                                                {
                                                                    "Worker Number": 2,
                                                                    "Actual Startup Time": 0.003,
                                                                    "Actual Total Time": 0.003,
                                                                    "Actual Rows": 1,
                                                                    "Actual Loops": 44094
                                                                }
                                                            ]
                                                        }
                                                    ]
                                                },
                                                {
                                                    "Node Type": "Hash",
                                                    "Parent Relationship": "Inner",
                                                    "Parallel Aware": false,
                                                    "Startup Cost": 1.04,
                                                    "Total Cost": 1.04,
                                                    "Plan Rows": 4,
                                                    "Plan Width": 4,
                                                    "Actual Startup Time": 0.071,
                                                    "Actual Total Time": 0.071,
                                                    "Actual Rows": 4,
                                                    "Actual Loops": 4,
                                                    "Output": [
                                                        "ct.id"
                                                    ],
                                                    "Hash Buckets": 1024,
                                                    "Original Hash Buckets": 1024,
                                                    "Hash Batches": 1,
                                                    "Original Hash Batches": 1,
                                                    "Peak Memory Usage": 9,
                                                    "Workers": [
                                                        {
                                                            "Worker Number": 0,
                                                            "Actual Startup Time": 0.083,
                                                            "Actual Total Time": 0.084,
                                                            "Actual Rows": 4,
                                                            "Actual Loops": 1
                                                        },
                                                        {
                                                            "Worker Number": 1,
                                                            "Actual Startup Time": 0.082,
                                                            "Actual Total Time": 0.083,
                                                            "Actual Rows": 4,
                                                            "Actual Loops": 1
                                                        },
                                                        {
                                                            "Worker Number": 2,
                                                            "Actual Startup Time": 0.087,
                                                            "Actual Total Time": 0.088,
                                                            "Actual Rows": 4,
                                                            "Actual Loops": 1
                                                        }
                                                    ],
                                                    "Plans": [
                                                        {
                                                            "Node Type": "Seq Scan",
                                                            "Parent Relationship": "Outer",
                                                            "Parallel Aware": false,
                                                            "Relation Name": "company_type",
                                                            "Schema": "public",
                                                            "Alias": "ct",
                                                            "Startup Cost": 0.0,
                                                            "Total Cost": 1.04,
                                                            "Plan Rows": 4,
                                                            "Plan Width": 4,
                                                            "Actual Startup Time": 0.043,
                                                            "Actual Total Time": 0.046,
                                                            "Actual Rows": 4,
                                                            "Actual Loops": 4,
                                                            "Output": [
                                                                "ct.id"
                                                            ],
                                                            "Workers": [
                                                                {
                                                                    "Worker Number": 0,
                                                                    "Actual Startup Time": 0.052,
                                                                    "Actual Total Time": 0.055,
                                                                    "Actual Rows": 4,
                                                                    "Actual Loops": 1
                                                                },
                                                                {
                                                                    "Worker Number": 1,
                                                                    "Actual Startup Time": 0.051,
                                                                    "Actual Total Time": 0.055,
                                                                    "Actual Rows": 4,
                                                                    "Actual Loops": 1
                                                                },
                                                                {
                                                                    "Worker Number": 2,
                                                                    "Actual Startup Time": 0.054,
                                                                    "Actual Total Time": 0.058,
                                                                    "Actual Rows": 4,
                                                                    "Actual Loops": 1
                                                                }
                                                            ]
                                                        }
                                                    ]
                                                }
                                            ]
                                        },
                                        {
                                            "Node Type": "Hash",
                                            "Parent Relationship": "Inner",
                                            "Parallel Aware": false,
                                            "Startup Cost": 1.12,
                                            "Total Cost": 1.12,
                                            "Plan Rows": 12,
                                            "Plan Width": 4,
                                            "Actual Startup Time": 0.105,
                                            "Actual Total Time": 0.106,
                                            "Actual Rows": 12,
                                            "Actual Loops": 4,
                                            "Output": [
                                                "rt.id"
                                            ],
                                            "Hash Buckets": 1024,
                                            "Original Hash Buckets": 1024,
                                            "Hash Batches": 1,
                                            "Original Hash Batches": 1,
                                            "Peak Memory Usage": 9,
                                            "Workers": [
                                                {
                                                    "Worker Number": 0,
                                                    "Actual Startup Time": 0.123,
                                                    "Actual Total Time": 0.124,
                                                    "Actual Rows": 12,
                                                    "Actual Loops": 1
                                                },
                                                {
                                                    "Worker Number": 1,
                                                    "Actual Startup Time": 0.122,
                                                    "Actual Total Time": 0.123,
                                                    "Actual Rows": 12,
                                                    "Actual Loops": 1
                                                },
                                                {
                                                    "Worker Number": 2,
                                                    "Actual Startup Time": 0.125,
                                                    "Actual Total Time": 0.126,
                                                    "Actual Rows": 12,
                                                    "Actual Loops": 1
                                                }
                                            ],
                                            "Plans": [
                                                {
                                                    "Node Type": "Seq Scan",
                                                    "Parent Relationship": "Outer",
                                                    "Parallel Aware": false,
                                                    "Relation Name": "role_type",
                                                    "Schema": "public",
                                                    "Alias": "rt",
                                                    "Startup Cost": 0.0,
                                                    "Total Cost": 1.12,
                                                    "Plan Rows": 12,
                                                    "Plan Width": 4,
                                                    "Actual Startup Time": 0.065,
                                                    "Actual Total Time": 0.071,
                                                    "Actual Rows": 12,
                                                    "Actual Loops": 4,
                                                    "Output": [
                                                        "rt.id"
                                                    ],
                                                    "Workers": [
                                                        {
                                                            "Worker Number": 0,
                                                            "Actual Startup Time": 0.078,
                                                            "Actual Total Time": 0.085,
                                                            "Actual Rows": 12,
                                                            "Actual Loops": 1
                                                        },
                                                        {
                                                            "Worker Number": 1,
                                                            "Actual Startup Time": 0.078,
                                                            "Actual Total Time": 0.084,
                                                            "Actual Rows": 12,
                                                            "Actual Loops": 1
                                                        },
                                                        {
                                                            "Worker Number": 2,
                                                            "Actual Startup Time": 0.082,
                                                            "Actual Total Time": 0.088,
                                                            "Actual Rows": 12,
                                                            "Actual Loops": 1
                                                        }
                                                    ]
                                                }
                                            ]
                                        }
                                    ]
                                }
                            ]
                        }
                    ]
                }
            ]
        },
        "Planning Time": 1292.049,
        "Triggers": [],
        "Execution Time": 2752.098
    }
]