[
  {
    "Plan": {
      "Node Type": "Aggregate",
      "Strategy": "Plain",
      "Partial Mode": "Finalize",
      "Parallel Aware": false,
      "Startup Cost": 470739.43,
      "Total Cost": 470739.44,
      "Plan Rows": 1,
      "Plan Width": 8,
      "Actual Startup Time": 3448.4,
      "Actual Total Time": 3512.253,
      "Actual Rows": 1,
      "Actual Loops": 1,
      "Plans": [
        {
          "Node Type": "Gather",
          "Parent Relationship": "Outer",
          "Parallel Aware": false,
          "Startup Cost": 470738.8,
          "Total Cost": 470739.41,
          "Plan Rows": 6,
          "Plan Width": 8,
          "Actual Startup Time": 3417.431,
          "Actual Total Time": 3512.239,
          "Actual Rows": 7,
          "Actual Loops": 1,
          "Workers Planned": 6,
          "Workers Launched": 6,
          "Single Copy": false,
          "Plans": [
            {
              "Node Type": "Aggregate",
              "Strategy": "Plain",
              "Partial Mode": "Partial",
              "Parent Relationship": "Outer",
              "Parallel Aware": false,
              "Startup Cost": 469738.8,
              "Total Cost": 469738.81,
              "Plan Rows": 1,
              "Plan Width": 8,
              "Actual Startup Time": 3400.623,
              "Actual Total Time": 3401.371,
              "Actual Rows": 1,
              "Actual Loops": 7,
              "Plans": [
                {
                  "Node Type": "Hash Join",
                  "Parent Relationship": "Outer",
                  "Parallel Aware": true,
                  "Join Type": "Inner",
                  "Startup Cost": 108727.33,
                  "Total Cost": 460260.79,
                  "Plan Rows": 3791206,
                  "Plan Width": 0,
                  "Actual Startup Time": 815.662,
                  "Actual Total Time": 2889.444,
                  "Actual Rows": 10627636,
                  "Actual Loops": 7,
                  "Inner Unique": false,
                  "Hash Cond": "(ci.movie_id = t.id)",
                  "Plans": [
                    {
                      "Node Type": "Seq Scan",
                      "Parent Relationship": "Outer",
                      "Parallel Aware": true,
                      "Relation Name": "cast_info",
                      "Alias": "ci",
                      "Startup Cost": 0.0,
                      "Total Cost": 328211.39,
                      "Plan Rows": 2957966,
                      "Plan Width": 4,
                      "Actual Startup Time": 197.252,
                      "Actual Total Time": 620.844,
                      "Actual Rows": 2506285,
                      "Actual Loops": 7,
                      "Filter": "(person_id > 1863110)",
                      "Rows Removed by Filter": 2671478
                    },
                    {
                      "Node Type": "Hash",
                      "Parent Relationship": "Inner",
                      "Parallel Aware": true,
                      "Startup Cost": 95660.15,
                      "Total Cost": 95660.15,
                      "Plan Rows": 1045375,
                      "Plan Width": 8,
                      "Actual Startup Time": 612.532,
                      "Actual Total Time": 613.278,
                      "Actual Rows": 462518,
                      "Actual Loops": 7,
                      "Hash Buckets": 4194304,
                      "Original Hash Buckets": 4194304,
                      "Hash Batches": 1,
                      "Original Hash Batches": 1,
                      "Peak Memory Usage": 159520,
                      "Plans": [
                        {
                          "Node Type": "Hash Join",
                          "Parent Relationship": "Outer",
                          "Parallel Aware": true,
                          "Join Type": "Inner",
                          "Startup Cost": 50220.38,
                          "Total Cost": 95660.15,
                          "Plan Rows": 1045375,
                          "Plan Width": 8,
                          "Actual Startup Time": 264.643,
                          "Actual Total Time": 451.406,
                          "Actual Rows": 462518,
                          "Actual Loops": 7,
                          "Inner Unique": true,
                          "Hash Cond": "(mk.movie_id = t.id)",
                          "Plans": [
                            {
                              "Node Type": "Seq Scan",
                              "Parent Relationship": "Outer",
                              "Parallel Aware": true,
                              "Relation Name": "movie_keyword",
                              "Alias": "mk",
                              "Startup Cost": 0.0,
                              "Total Cost": 42695.65,
                              "Plan Rows": 1045375,
                              "Plan Width": 4,
                              "Actual Startup Time": 0.084,
                              "Actual Total Time": 82.882,
                              "Actual Rows": 462518,
                              "Actual Loops": 7,
                              "Filter": "(keyword_id > 1661)",
                              "Rows Removed by Filter": 183758
                            },
                            {
                              "Node Type": "Hash",
                              "Parent Relationship": "Inner",
                              "Parallel Aware": true,
                              "Startup Cost": 42319.06,
                              "Total Cost": 42319.06,
                              "Plan Rows": 632106,
                              "Plan Width": 4,
                              "Actual Startup Time": 260.675,
                              "Actual Total Time": 260.677,
                              "Actual Rows": 361187,
                              "Actual Loops": 7,
                              "Hash Buckets": 4194304,
                              "Original Hash Buckets": 4194304,
                              "Hash Batches": 1,
                              "Original Hash Batches": 1,
                              "Peak Memory Usage": 131776,
                              "Plans": [
                                {
                                  "Node Type": "Seq Scan",
                                  "Parent Relationship": "Outer",
                                  "Parallel Aware": true,
                                  "Relation Name": "title",
                                  "Alias": "t",
                                  "Startup Cost": 0.0,
                                  "Total Cost": 42319.06,
                                  "Plan Rows": 632106,
                                  "Plan Width": 4,
                                  "Actual Startup Time": 0.065,
                                  "Actual Total Time": 75.269,
                                  "Actual Rows": 361187,
                                  "Actual Loops": 7
                                }
                              ]
                            }
                          ]
                        }
                      ]
                    }
                  ]
                }
              ]
            }
          ]
        }
      ]
    },
    "Planning Time": 0.876,
    "Triggers": [],
    "Execution Time": 3512.32
  }
]