[
  {
    "Plan": {
      "Node Type": "Aggregate",
      "Strategy": "Plain",
      "Partial Mode": "Finalize",
      "Parallel Aware": false,
      "Startup Cost": 46771.79,
      "Total Cost": 46771.8,
      "Plan Rows": 1,
      "Plan Width": 8,
      "Actual Startup Time": 160.573,
      "Actual Total Time": 167.966,
      "Actual Rows": 1,
      "Actual Loops": 1,
      "Plans": [
        {
          "Node Type": "Gather",
          "Parent Relationship": "Outer",
          "Parallel Aware": false,
          "Startup Cost": 46771.48,
          "Total Cost": 46771.79,
          "Plan Rows": 3,
          "Plan Width": 8,
          "Actual Startup Time": 160.43,
          "Actual Total Time": 167.959,
          "Actual Rows": 4,
          "Actual Loops": 1,
          "Workers Planned": 3,
          "Workers Launched": 3,
          "Single Copy": false,
          "Plans": [
            {
              "Node Type": "Aggregate",
              "Strategy": "Plain",
              "Partial Mode": "Partial",
              "Parent Relationship": "Outer",
              "Parallel Aware": false,
              "Startup Cost": 45771.48,
              "Total Cost": 45771.49,
              "Plan Rows": 1,
              "Plan Width": 8,
              "Actual Startup Time": 155.438,
              "Actual Total Time": 155.439,
              "Actual Rows": 1,
              "Actual Loops": 4,
              "Plans": [
                {
                  "Node Type": "Seq Scan",
                  "Parent Relationship": "Outer",
                  "Parallel Aware": true,
                  "Relation Name": "movie_keyword",
                  "Alias": "mk",
                  "Startup Cost": 0.0,
                  "Total Cost": 42695.65,
                  "Plan Rows": 1230329,
                  "Plan Width": 0,
                  "Actual Startup Time": 0.053,
                  "Actual Total Time": 113.474,
                  "Actual Rows": 953239,
                  "Actual Loops": 4,
                  "Filter": "(keyword_id > 611)",
                  "Rows Removed by Filter": 177744
                }
              ]
            }
          ]
        }
      ]
    },
    "Planning Time": 0.092,
    "Triggers": [],
    "Execution Time": 167.993
  }
]