[
  {
    "Plan": {
      "Node Type": "Aggregate",
      "Strategy": "Plain",
      "Partial Mode": "Finalize",
      "Parallel Aware": false,
      "Startup Cost": 47242.34,
      "Total Cost": 47242.35,
      "Plan Rows": 1,
      "Plan Width": 8,
      "Actual Startup Time": 199.02,
      "Actual Total Time": 209.535,
      "Actual Rows": 1,
      "Actual Loops": 1,
      "Plans": [
        {
          "Node Type": "Gather",
          "Parent Relationship": "Outer",
          "Parallel Aware": false,
          "Startup Cost": 47242.02,
          "Total Cost": 47242.33,
          "Plan Rows": 3,
          "Plan Width": 8,
          "Actual Startup Time": 198.68,
          "Actual Total Time": 209.526,
          "Actual Rows": 4,
          "Actual Loops": 1,
          "Workers Planned": 3,
          "Workers Launched": 3,
          "Single Copy": false,
          "Plans": [
            {
              "Node Type": "Aggregate",
              "Strategy": "Plain",
              "Partial Mode": "Partial",
              "Parent Relationship": "Outer",
              "Parallel Aware": false,
              "Startup Cost": 46242.02,
              "Total Cost": 46242.03,
              "Plan Rows": 1,
              "Plan Width": 8,
              "Actual Startup Time": 192.0,
              "Actual Total Time": 192.002,
              "Actual Rows": 1,
              "Actual Loops": 4,
              "Plans": [
                {
                  "Node Type": "Seq Scan",
                  "Parent Relationship": "Outer",
                  "Parallel Aware": true,
                  "Relation Name": "movie_keyword",
                  "Alias": "mk",
                  "Startup Cost": 0.0,
                  "Total Cost": 42695.65,
                  "Plan Rows": 1418547,
                  "Plan Width": 0,
                  "Actual Startup Time": 0.054,
                  "Actual Total Time": 136.446,
                  "Actual Rows": 1100037,
                  "Actual Loops": 4,
                  "Filter": "(keyword_id < 77388)",
                  "Rows Removed by Filter": 30946
                }
              ]
            }
          ]
        }
      ]
    },
    "Planning Time": 0.095,
    "Triggers": [],
    "Execution Time": 209.567
  }
]