[
  {
    "Plan": {
      "Node Type": "Aggregate",
      "Strategy": "Plain",
      "Partial Mode": "Finalize",
      "Parallel Aware": false,
      "Startup Cost": 445143.58,
      "Total Cost": 445143.59,
      "Plan Rows": 1,
      "Plan Width": 8,
      "Actual Startup Time": 2168.055,
      "Actual Total Time": 2224.798,
      "Actual Rows": 1,
      "Actual Loops": 1,
      "Plans": [
        {
          "Node Type": "Gather",
          "Parent Relationship": "Outer",
          "Parallel Aware": false,
          "Startup Cost": 445142.95,
          "Total Cost": 445143.56,
          "Plan Rows": 6,
          "Plan Width": 8,
          "Actual Startup Time": 2150.51,
          "Actual Total Time": 2224.786,
          "Actual Rows": 7,
          "Actual Loops": 1,
          "Workers Planned": 6,
          "Workers Launched": 6,
          "Single Copy": false,
          "Plans": [
            {
              "Node Type": "Aggregate",
              "Strategy": "Plain",
              "Partial Mode": "Partial",
              "Parent Relationship": "Outer",
              "Parallel Aware": false,
              "Startup Cost": 444142.95,
              "Total Cost": 444142.96,
              "Plan Rows": 1,
              "Plan Width": 8,
              "Actual Startup Time": 2142.563,
              "Actual Total Time": 2142.732,
              "Actual Rows": 1,
              "Actual Loops": 7,
              "Plans": [
                {
                  "Node Type": "Hash Join",
                  "Parent Relationship": "Outer",
                  "Parallel Aware": true,
                  "Join Type": "Inner",
                  "Startup Cost": 96633.97,
                  "Total Cost": 439014.78,
                  "Plan Rows": 2051268,
                  "Plan Width": 0,
                  "Actual Startup Time": 368.088,
                  "Actual Total Time": 2043.438,
                  "Actual Rows": 1736729,
                  "Actual Loops": 7,
                  "Inner Unique": false,
                  "Hash Cond": "(ci.movie_id = t.id)",
                  "Plans": [
                    {
                      "Node Type": "Seq Scan",
                      "Parent Relationship": "Outer",
                      "Parallel Aware": true,
                      "Relation Name": "cast_info",
                      "Alias": "ci",
                      "Startup Cost": 0.0,
                      "Total Cost": 313106.51,
                      "Plan Rows": 6041951,
                      "Plan Width": 4,
                      "Actual Startup Time": 0.039,
                      "Actual Total Time": 635.967,
                      "Actual Rows": 5177763,
                      "Actual Loops": 7
                    },
                    {
                      "Node Type": "Hash",
                      "Parent Relationship": "Inner",
                      "Parallel Aware": true,
                      "Startup Cost": 93172.65,
                      "Total Cost": 93172.65,
                      "Plan Rows": 276906,
                      "Plan Width": 8,
                      "Actual Startup Time": 365.926,
                      "Actual Total Time": 366.093,
                      "Actual Rows": 62635,
                      "Actual Loops": 7,
                      "Hash Buckets": 1048576,
                      "Original Hash Buckets": 1048576,
                      "Hash Batches": 1,
                      "Original Hash Batches": 1,
                      "Peak Memory Usage": 25440,
                      "Plans": [
                        {
                          "Node Type": "Hash Join",
                          "Parent Relationship": "Outer",
                          "Parallel Aware": true,
                          "Join Type": "Inner",
                          "Startup Cost": 49440.52,
                          "Total Cost": 93172.65,
                          "Plan Rows": 276906,
                          "Plan Width": 8,
                          "Actual Startup Time": 221.969,
                          "Actual Total Time": 340.748,
                          "Actual Rows": 62635,
                          "Actual Loops": 7,
                          "Inner Unique": true,
                          "Hash Cond": "(mk.movie_id = t.id)",
                          "Plans": [
                            {
                              "Node Type": "Seq Scan",
                              "Parent Relationship": "Outer",
                              "Parallel Aware": true,
                              "Relation Name": "movie_keyword",
                              "Alias": "mk",
                              "Startup Cost": 0.0,
                              "Total Cost": 42695.65,
                              "Plan Rows": 394847,
                              "Plan Width": 4,
                              "Actual Startup Time": 0.854,
                              "Actual Total Time": 76.512,
                              "Actual Rows": 175402,
                              "Actual Loops": 7,
                              "Filter": "(keyword_id > 14795)",
                              "Rows Removed by Filter": 470874
                            },
                            {
                              "Node Type": "Hash",
                              "Parent Relationship": "Inner",
                              "Parallel Aware": true,
                              "Startup Cost": 43899.32,
                              "Total Cost": 43899.32,
                              "Plan Rows": 443296,
                              "Plan Width": 4,
                              "Actual Startup Time": 218.962,
                              "Actual Total Time": 218.964,
                              "Actual Rows": 253519,
                              "Actual Loops": 7,
                              "Hash Buckets": 2097152,
                              "Original Hash Buckets": 2097152,
                              "Hash Batches": 1,
                              "Original Hash Batches": 1,
                              "Peak Memory Usage": 85920,
                              "Plans": [
                                {
                                  "Node Type": "Seq Scan",
                                  "Parent Relationship": "Outer",
                                  "Parallel Aware": true,
                                  "Relation Name": "title",
                                  "Alias": "t",
                                  "Startup Cost": 0.0,
                                  "Total Cost": 43899.32,
                                  "Plan Rows": 443296,
                                  "Plan Width": 4,
                                  "Actual Startup Time": 0.042,
                                  "Actual Total Time": 90.679,
                                  "Actual Rows": 253519,
                                  "Actual Loops": 7,
                                  "Filter": "(kind_id > 2)",
                                  "Rows Removed by Filter": 107668
                                }
                              ]
                            }
                          ]
                        }
                      ]
                    }
                  ]
                }
              ]
            }
          ]
        }
      ]
    },
    "Planning Time": 0.476,
    "Triggers": [],
    "Execution Time": 2224.852
  }
]