[
  {
    "Plan": {
      "Node Type": "Aggregate",
      "Strategy": "Plain",
      "Partial Mode": "Finalize",
      "Parallel Aware": false,
      "Startup Cost": 32887.78,
      "Total Cost": 32887.79,
      "Plan Rows": 1,
      "Plan Width": 8,
      "Actual Startup Time": 83.42,
      "Actual Total Time": 90.47,
      "Actual Rows": 1,
      "Actual Loops": 1,
      "Plans": [
        {
          "Node Type": "Gather",
          "Parent Relationship": "Outer",
          "Parallel Aware": false,
          "Startup Cost": 32887.47,
          "Total Cost": 32887.78,
          "Plan Rows": 3,
          "Plan Width": 8,
          "Actual Startup Time": 83.307,
          "Actual Total Time": 90.458,
          "Actual Rows": 4,
          "Actual Loops": 1,
          "Workers Planned": 3,
          "Workers Launched": 3,
          "Single Copy": false,
          "Plans": [
            {
              "Node Type": "Aggregate",
              "Strategy": "Plain",
              "Partial Mode": "Partial",
              "Parent Relationship": "Outer",
              "Parallel Aware": false,
              "Startup Cost": 31887.47,
              "Total Cost": 31887.48,
              "Plan Rows": 1,
              "Plan Width": 8,
              "Actual Startup Time": 79.947,
              "Actual Total Time": 79.948,
              "Actual Rows": 1,
              "Actual Loops": 4,
              "Plans": [
                {
                  "Node Type": "Seq Scan",
                  "Parent Relationship": "Outer",
                  "Parallel Aware": true,
                  "Relation Name": "movie_companies",
                  "Alias": "mc",
                  "Startup Cost": 0.0,
                  "Total Cost": 31414.82,
                  "Plan Rows": 189059,
                  "Plan Width": 0,
                  "Actual Startup Time": 0.023,
                  "Actual Total Time": 70.242,
                  "Actual Rows": 201732,
                  "Actual Loops": 4,
                  "Filter": "((company_id < 11137) AND (company_type_id = 1))",
                  "Rows Removed by Filter": 450550
                }
              ]
            }
          ]
        }
      ]
    },
    "Planning Time": 0.104,
    "Triggers": [],
    "Execution Time": 90.499
  }
]