[
  {
    "Plan": {
      "Node Type": "Aggregate",
      "Strategy": "Plain",
      "Partial Mode": "Finalize",
      "Parallel Aware": false,
      "Startup Cost": 79987.31,
      "Total Cost": 79987.32,
      "Plan Rows": 1,
      "Plan Width": 8,
      "Actual Startup Time": 157.756,
      "Actual Total Time": 165.717,
      "Actual Rows": 1,
      "Actual Loops": 1,
      "Plans": [
        {
          "Node Type": "Gather",
          "Parent Relationship": "Outer",
          "Parallel Aware": false,
          "Startup Cost": 79986.79,
          "Total Cost": 79987.3,
          "Plan Rows": 5,
          "Plan Width": 8,
          "Actual Startup Time": 157.583,
          "Actual Total Time": 165.708,
          "Actual Rows": 6,
          "Actual Loops": 1,
          "Workers Planned": 5,
          "Workers Launched": 5,
          "Single Copy": false,
          "Plans": [
            {
              "Node Type": "Aggregate",
              "Strategy": "Plain",
              "Partial Mode": "Partial",
              "Parent Relationship": "Outer",
              "Parallel Aware": false,
              "Startup Cost": 78986.79,
              "Total Cost": 78986.8,
              "Plan Rows": 1,
              "Plan Width": 8,
              "Actual Startup Time": 147.478,
              "Actual Total Time": 147.479,
              "Actual Rows": 1,
              "Actual Loops": 6,
              "Plans": [
                {
                  "Node Type": "Index Scan",
                  "Parent Relationship": "Outer",
                  "Parallel Aware": true,
                  "Scan Direction": "Forward",
                  "Index Name": "role_id_cast_info",
                  "Relation Name": "cast_info",
                  "Alias": "ci",
                  "Startup Cost": 0.56,
                  "Total Cost": 77740.85,
                  "Plan Rows": 498373,
                  "Plan Width": 0,
                  "Actual Startup Time": 0.193,
                  "Actual Total Time": 126.132,
                  "Actual Rows": 401114,
                  "Actual Loops": 6,
                  "Index Cond": "(role_id = 4)",
                  "Rows Removed by Index Recheck": 0,
                  "Filter": "(person_id > 450635)",
                  "Rows Removed by Filter": 53709
                }
              ]
            }
          ]
        }
      ]
    },
    "Planning Time": 0.233,
    "Triggers": [],
    "Execution Time": 165.779
  }
]