{
  "Plan": {
    "Node Type": "Aggregate",
    "Strategy": "Plain",
    "Partial Mode": "Finalize",
    "Parallel Aware": false,
    "Startup Cost": 265606.59,
    "Total Cost": 265606.6,
    "Plan Rows": 1,
    "Plan Width": 8,
    "Actual Startup Time": 866.715,
    "Actual Total Time": 885.414,
    "Actual Rows": 1,
    "Actual Loops": 1,
    "Plans": [
      {
        "Node Type": "Gather",
        "Parent Relationship": "Outer",
        "Parallel Aware": false,
        "Startup Cost": 265606.48,
        "Total Cost": 265606.59,
        "Plan Rows": 1,
        "Plan Width": 8,
        "Actual Startup Time": 861.43,
        "Actual Total Time": 885.405,
        "Actual Rows": 2,
        "Actual Loops": 1,
        "Workers Planned": 1,
        "Workers Launched": 1,
        "Single Copy": false,
        "Plans": [
          {
            "Node Type": "Aggregate",
            "Strategy": "Plain",
            "Partial Mode": "Partial",
            "Parent Relationship": "Outer",
            "Parallel Aware": false,
            "Startup Cost": 264606.48,
            "Total Cost": 264606.49,
            "Plan Rows": 1,
            "Plan Width": 8,
            "Actual Startup Time": 854.337,
            "Actual Total Time": 854.34,
            "Actual Rows": 1,
            "Actual Loops": 2,
            "Plans": [
              {
                "Node Type": "Hash Join",
                "Parent Relationship": "Outer",
                "Parallel Aware": true,
                "Join Type": "Inner",
                "Startup Cost": 90545.88,
                "Total Cost": 262894.76,
                "Plan Rows": 684686,
                "Plan Width": 0,
                "Actual Startup Time": 562.582,
                "Actual Total Time": 829.966,
                "Actual Rows": 557690,
                "Actual Loops": 2,
                "Inner Unique": true,
                "Hash Cond": "(mi.movie_id = t.id)",
                "Plans": [
                  {
                    "Node Type": "Bitmap Heap Scan",
                    "Parent Relationship": "Outer",
                    "Parallel Aware": true,
                    "Relation Name": "movie_info",
                    "Alias": "mi",
                    "Startup Cost": 21085.18,
                    "Total Cost": 191636.76,
                    "Plan Rows": 684686,
                    "Plan Width": 4,
                    "Actual Startup Time": 47.036,
                    "Actual Total Time": 133.715,
                    "Actual Rows": 557690,
                    "Actual Loops": 2,
                    "Recheck Cond": "(info_type_id > 63)",
                    "Rows Removed by Index Recheck": 0,
                    "Exact Heap Blocks": 18840,
                    "Lossy Heap Blocks": 0,
                    "Plans": [
                      {
                        "Node Type": "Bitmap Index Scan",
                        "Parent Relationship": "Outer",
                        "Parallel Aware": false,
                        "Index Name": "info_type_id_movie_info",
                        "Startup Cost": 0.0,
                        "Total Cost": 20794.19,
                        "Plan Rows": 1163967,
                        "Plan Width": 0,
                        "Actual Startup Time": 37.234,
                        "Actual Total Time": 37.234,
                        "Actual Rows": 1115380,
                        "Actual Loops": 1,
                        "Index Cond": "(info_type_id > 63)"
                      }
                    ]
                  },
                  {
                    "Node Type": "Hash",
                    "Parent Relationship": "Inner",
                    "Parallel Aware": true,
                    "Startup Cost": 50870.31,
                    "Total Cost": 50870.31,
                    "Plan Rows": 1487231,
                    "Plan Width": 4,
                    "Actual Startup Time": 500.597,
                    "Actual Total Time": 500.598,
                    "Actual Rows": 1264156,
                    "Actual Loops": 2,
                    "Hash Buckets": 4194304,
                    "Original Hash Buckets": 4194304,
                    "Hash Batches": 1,
                    "Original Hash Batches": 1,
                    "Peak Memory Usage": 131712,
                    "Plans": [
                      {
                        "Node Type": "Seq Scan",
                        "Parent Relationship": "Outer",
                        "Parallel Aware": true,
                        "Relation Name": "title",
                        "Alias": "t",
                        "Startup Cost": 0.0,
                        "Total Cost": 50870.31,
                        "Plan Rows": 1487231,
                        "Plan Width": 4,
                        "Actual Startup Time": 0.025,
                        "Actual Total Time": 146.485,
                        "Actual Rows": 1264156,
                        "Actual Loops": 2
                      }
                    ]
                  }
                ]
              }
            ]
          }
        ]
      }
    ]
  },
  "Planning Time": 0.288,
  "Triggers": [],
  "Execution Time": 885.458
}