{
  "Plan": {
    "Node Type": "Aggregate",
    "Strategy": "Plain",
    "Partial Mode": "Finalize",
    "Parallel Aware": false,
    "Startup Cost": 315465.89,
    "Total Cost": 315465.9,
    "Plan Rows": 1,
    "Plan Width": 8,
    "Actual Startup Time": 1291.026,
    "Actual Total Time": 1318.423,
    "Actual Rows": 1,
    "Actual Loops": 1,
    "Plans": [
      {
        "Node Type": "Gather",
        "Parent Relationship": "Outer",
        "Parallel Aware": false,
        "Startup Cost": 315465.78,
        "Total Cost": 315465.89,
        "Plan Rows": 1,
        "Plan Width": 8,
        "Actual Startup Time": 1283.386,
        "Actual Total Time": 1318.413,
        "Actual Rows": 2,
        "Actual Loops": 1,
        "Workers Planned": 1,
        "Workers Launched": 1,
        "Single Copy": false,
        "Plans": [
          {
            "Node Type": "Aggregate",
            "Strategy": "Plain",
            "Partial Mode": "Partial",
            "Parent Relationship": "Outer",
            "Parallel Aware": false,
            "Startup Cost": 314465.78,
            "Total Cost": 314465.79,
            "Plan Rows": 1,
            "Plan Width": 8,
            "Actual Startup Time": 1277.492,
            "Actual Total Time": 1277.498,
            "Actual Rows": 1,
            "Actual Loops": 2,
            "Plans": [
              {
                "Node Type": "Hash Join",
                "Parent Relationship": "Outer",
                "Parallel Aware": true,
                "Join Type": "Inner",
                "Startup Cost": 136353.9,
                "Total Cost": 314106.43,
                "Plan Rows": 143739,
                "Plan Width": 0,
                "Actual Startup Time": 789.523,
                "Actual Total Time": 1242.481,
                "Actual Rows": 642222,
                "Actual Loops": 2,
                "Inner Unique": false,
                "Hash Cond": "(t.id = mc.movie_id)",
                "Plans": [
                  {
                    "Node Type": "Hash Join",
                    "Parent Relationship": "Outer",
                    "Parallel Aware": true,
                    "Join Type": "Inner",
                    "Startup Cost": 90949.74,
                    "Total Cost": 263495.93,
                    "Plan Rows": 697731,
                    "Plan Width": 8,
                    "Actual Startup Time": 632.777,
                    "Actual Total Time": 941.503,
                    "Actual Rows": 570618,
                    "Actual Loops": 2,
                    "Inner Unique": true,
                    "Hash Cond": "(mi.movie_id = t.id)",
                    "Plans": [
                      {
                        "Node Type": "Bitmap Heap Scan",
                        "Parent Relationship": "Outer",
                        "Parallel Aware": true,
                        "Relation Name": "movie_info",
                        "Alias": "mi",
                        "Startup Cost": 21489.04,
                        "Total Cost": 192203.68,
                        "Plan Rows": 697731,
                        "Plan Width": 4,
                        "Actual Startup Time": 48.029,
                        "Actual Total Time": 157.589,
                        "Actual Rows": 570618,
                        "Actual Loops": 2,
                        "Recheck Cond": "(info_type_id > 54)",
                        "Rows Removed by Index Recheck": 0,
                        "Exact Heap Blocks": 21272,
                        "Lossy Heap Blocks": 0,
                        "Plans": [
                          {
                            "Node Type": "Bitmap Index Scan",
                            "Parent Relationship": "Outer",
                            "Parallel Aware": false,
                            "Index Name": "info_type_id_movie_info",
                            "Startup Cost": 0.0,
                            "Total Cost": 21192.51,
                            "Plan Rows": 1186143,
                            "Plan Width": 0,
                            "Actual Startup Time": 42.532,
                            "Actual Total Time": 42.533,
                            "Actual Rows": 1141235,
                            "Actual Loops": 1,
                            "Index Cond": "(info_type_id > 54)"
                          }
                        ]
                      },
                      {
                        "Node Type": "Hash",
                        "Parent Relationship": "Inner",
                        "Parallel Aware": true,
                        "Startup Cost": 50870.31,
                        "Total Cost": 50870.31,
                        "Plan Rows": 1487231,
                        "Plan Width": 4,
                        "Actual Startup Time": 568.464,
                        "Actual Total Time": 568.465,
                        "Actual Rows": 1264156,
                        "Actual Loops": 2,
                        "Hash Buckets": 4194304,
                        "Original Hash Buckets": 4194304,
                        "Hash Batches": 1,
                        "Original Hash Batches": 1,
                        "Peak Memory Usage": 131712,
                        "Plans": [
                          {
                            "Node Type": "Seq Scan",
                            "Parent Relationship": "Outer",
                            "Parallel Aware": true,
                            "Relation Name": "title",
                            "Alias": "t",
                            "Startup Cost": 0.0,
                            "Total Cost": 50870.31,
                            "Plan Rows": 1487231,
                            "Plan Width": 4,
                            "Actual Startup Time": 0.033,
                            "Actual Total Time": 181.729,
                            "Actual Rows": 1264156,
                            "Actual Loops": 2
                          }
                        ]
                      }
                    ]
                  },
                  {
                    "Node Type": "Hash",
                    "Parent Relationship": "Inner",
                    "Parallel Aware": true,
                    "Startup Cost": 41574.35,
                    "Total Cost": 41574.35,
                    "Plan Rows": 306384,
                    "Plan Width": 4,
                    "Actual Startup Time": 150.922,
                    "Actual Total Time": 150.923,
                    "Actual Rows": 113404,
                    "Actual Loops": 2,
                    "Hash Buckets": 524288,
                    "Original Hash Buckets": 524288,
                    "Hash Batches": 1,
                    "Original Hash Batches": 1,
                    "Peak Memory Usage": 12992,
                    "Plans": [
                      {
                        "Node Type": "Index Scan",
                        "Parent Relationship": "Outer",
                        "Parallel Aware": true,
                        "Scan Direction": "Forward",
                        "Index Name": "company_type_id_movie_companies",
                        "Relation Name": "movie_companies",
                        "Alias": "mc",
                        "Startup Cost": 0.43,
                        "Total Cost": 41574.35,
                        "Plan Rows": 306384,
                        "Plan Width": 4,
                        "Actual Startup Time": 47.436,
                        "Actual Total Time": 125.825,
                        "Actual Rows": 113404,
                        "Actual Loops": 2,
                        "Index Cond": "(company_type_id < 2)",
                        "Rows Removed by Index Recheck": 0,
                        "Filter": "(company_id > 14570)",
                        "Rows Removed by Filter": 523720
                      }
                    ]
                  }
                ]
              }
            ]
          }
        ]
      }
    ]
  },
  "Planning Time": 0.813,
  "Triggers": [],
  "Execution Time": 1318.543
}