[
  {
    "Plan": {
      "Node Type": "Aggregate",
      "Strategy": "Plain",
      "Partial Mode": "Finalize",
      "Parallel Aware": false,
      "Startup Cost": 131484.81,
      "Total Cost": 131484.82,
      "Plan Rows": 1,
      "Plan Width": 8,
      "Actual Startup Time": 1863.619,
      "Actual Total Time": 1886.402,
      "Actual Rows": 1,
      "Actual Loops": 1,
      "Plans": [
        {
          "Node Type": "Gather",
          "Parent Relationship": "Outer",
          "Parallel Aware": false,
          "Startup Cost": 131484.5,
          "Total Cost": 131484.81,
          "Plan Rows": 3,
          "Plan Width": 8,
          "Actual Startup Time": 1846.783,
          "Actual Total Time": 1886.39,
          "Actual Rows": 4,
          "Actual Loops": 1,
          "Workers Planned": 3,
          "Workers Launched": 3,
          "Single Copy": false,
          "Plans": [
            {
              "Node Type": "Aggregate",
              "Strategy": "Plain",
              "Partial Mode": "Partial",
              "Parent Relationship": "Outer",
              "Parallel Aware": false,
              "Startup Cost": 130484.5,
              "Total Cost": 130484.51,
              "Plan Rows": 1,
              "Plan Width": 8,
              "Actual Startup Time": 1838.969,
              "Actual Total Time": 1839.419,
              "Actual Rows": 1,
              "Actual Loops": 4,
              "Plans": [
                {
                  "Node Type": "Hash Join",
                  "Parent Relationship": "Outer",
                  "Parallel Aware": true,
                  "Join Type": "Inner",
                  "Startup Cost": 80362.8,
                  "Total Cost": 129451.41,
                  "Plan Rows": 413235,
                  "Plan Width": 0,
                  "Actual Startup Time": 651.158,
                  "Actual Total Time": 1491.704,
                  "Actual Rows": 7003775,
                  "Actual Loops": 4,
                  "Inner Unique": false,
                  "Hash Cond": "(mk.movie_id = t.id)",
                  "Plans": [
                    {
                      "Node Type": "Seq Scan",
                      "Parent Relationship": "Outer",
                      "Parallel Aware": true,
                      "Relation Name": "movie_keyword",
                      "Alias": "mk",
                      "Startup Cost": 0.0,
                      "Total Cost": 42695.65,
                      "Plan Rows": 1349316,
                      "Plan Width": 4,
                      "Actual Startup Time": 0.045,
                      "Actual Total Time": 133.561,
                      "Actual Rows": 1045019,
                      "Actual Loops": 4,
                      "Filter": "(keyword_id > 283)",
                      "Rows Removed by Filter": 85964
                    },
                    {
                      "Node Type": "Hash",
                      "Parent Relationship": "Inner",
                      "Parallel Aware": true,
                      "Startup Cost": 77240.45,
                      "Total Cost": 77240.45,
                      "Plan Rows": 249788,
                      "Plan Width": 8,
                      "Actual Startup Time": 646.077,
                      "Actual Total Time": 646.524,
                      "Actual Rows": 404104,
                      "Actual Loops": 4,
                      "Hash Buckets": 2097152,
                      "Original Hash Buckets": 1048576,
                      "Hash Batches": 1,
                      "Original Hash Batches": 1,
                      "Peak Memory Usage": 87904,
                      "Plans": [
                        {
                          "Node Type": "Hash Join",
                          "Parent Relationship": "Outer",
                          "Parallel Aware": true,
                          "Join Type": "Inner",
                          "Startup Cost": 47824.56,
                          "Total Cost": 77240.45,
                          "Plan Rows": 249788,
                          "Plan Width": 8,
                          "Actual Startup Time": 203.247,
                          "Actual Total Time": 473.164,
                          "Actual Rows": 404104,
                          "Actual Loops": 4,
                          "Inner Unique": true,
                          "Hash Cond": "(mc.movie_id = t.id)",
                          "Plans": [
                            {
                              "Node Type": "Seq Scan",
                              "Parent Relationship": "Outer",
                              "Parallel Aware": true,
                              "Relation Name": "movie_companies",
                              "Alias": "mc",
                              "Startup Cost": 0.0,
                              "Total Cost": 27206.55,
                              "Plan Rows": 841655,
                              "Plan Width": 4,
                              "Actual Startup Time": 0.01,
                              "Actual Total Time": 69.814,
                              "Actual Rows": 652282,
                              "Actual Loops": 4
                            },
                            {
                              "Node Type": "Hash",
                              "Parent Relationship": "Inner",
                              "Parallel Aware": true,
                              "Startup Cost": 45479.59,
                              "Total Cost": 45479.59,
                              "Plan Rows": 187598,
                              "Plan Width": 4,
                              "Actual Startup Time": 200.355,
                              "Actual Total Time": 200.357,
                              "Actual Rows": 198486,
                              "Actual Loops": 4,
                              "Hash Buckets": 1048576,
                              "Original Hash Buckets": 1048576,
                              "Hash Batches": 1,
                              "Original Hash Batches": 1,
                              "Peak Memory Usage": 39328,
                              "Plans": [
                                {
                                  "Node Type": "Seq Scan",
                                  "Parent Relationship": "Outer",
                                  "Parallel Aware": true,
                                  "Relation Name": "title",
                                  "Alias": "t",
                                  "Startup Cost": 0.0,
                                  "Total Cost": 45479.59,
                                  "Plan Rows": 187598,
                                  "Plan Width": 4,
                                  "Actual Startup Time": 0.049,
                                  "Actual Total Time": 117.445,
                                  "Actual Rows": 198486,
                                  "Actual Loops": 4,
                                  "Filter": "((kind_id < 7) AND (production_year < 2010))",
                                  "Rows Removed by Filter": 433592
                                }
                              ]
                            }
                          ]
                        }
                      ]
                    }
                  ]
                }
              ]
            }
          ]
        }
      ]
    },
    "Planning Time": 1.511,
    "Triggers": [],
    "Execution Time": 1886.492
  }
]