[
  {
    "Plan": {
      "Node Type": "Aggregate",
      "Strategy": "Plain",
      "Partial Mode": "Finalize",
      "Parallel Aware": false,
      "Startup Cost": 62193.55,
      "Total Cost": 62193.56,
      "Plan Rows": 1,
      "Plan Width": 8,
      "Actual Startup Time": 194.879,
      "Actual Total Time": 213.718,
      "Actual Rows": 1,
      "Actual Loops": 1,
      "Plans": [
        {
          "Node Type": "Gather",
          "Parent Relationship": "Outer",
          "Parallel Aware": false,
          "Startup Cost": 62193.34,
          "Total Cost": 62193.55,
          "Plan Rows": 2,
          "Plan Width": 8,
          "Actual Startup Time": 194.288,
          "Actual Total Time": 213.711,
          "Actual Rows": 3,
          "Actual Loops": 1,
          "Workers Planned": 2,
          "Workers Launched": 2,
          "Single Copy": false,
          "Plans": [
            {
              "Node Type": "Aggregate",
              "Strategy": "Plain",
              "Partial Mode": "Partial",
              "Parent Relationship": "Outer",
              "Parallel Aware": false,
              "Startup Cost": 61193.34,
              "Total Cost": 61193.35,
              "Plan Rows": 1,
              "Plan Width": 8,
              "Actual Startup Time": 191.183,
              "Actual Total Time": 191.186,
              "Actual Rows": 1,
              "Actual Loops": 3,
              "Plans": [
                {
                  "Node Type": "Hash Join",
                  "Parent Relationship": "Outer",
                  "Parallel Aware": true,
                  "Join Type": "Inner",
                  "Startup Cost": 45562.01,
                  "Total Cost": 61188.33,
                  "Plan Rows": 2002,
                  "Plan Width": 0,
                  "Actual Startup Time": 149.255,
                  "Actual Total Time": 190.989,
                  "Actual Rows": 2616,
                  "Actual Loops": 3,
                  "Inner Unique": true,
                  "Hash Cond": "(mi_idx.movie_id = t.id)",
                  "Plans": [
                    {
                      "Node Type": "Seq Scan",
                      "Parent Relationship": "Outer",
                      "Parallel Aware": true,
                      "Relation Name": "movie_info_idx",
                      "Alias": "mi_idx",
                      "Startup Cost": 0.0,
                      "Total Cost": 15122.68,
                      "Plan Rows": 191863,
                      "Plan Width": 4,
                      "Actual Startup Time": 0.015,
                      "Actual Total Time": 44.479,
                      "Actual Rows": 153308,
                      "Actual Loops": 3,
                      "Filter": "(info_type_id = 100)",
                      "Rows Removed by Filter": 306703
                    },
                    {
                      "Node Type": "Hash",
                      "Parent Relationship": "Inner",
                      "Parallel Aware": true,
                      "Startup Cost": 45479.59,
                      "Total Cost": 45479.59,
                      "Plan Rows": 6594,
                      "Plan Width": 4,
                      "Actual Startup Time": 120.829,
                      "Actual Total Time": 120.83,
                      "Actual Rows": 36580,
                      "Actual Loops": 3,
                      "Hash Buckets": 131072,
                      "Original Hash Buckets": 32768,
                      "Hash Batches": 1,
                      "Original Hash Batches": 1,
                      "Peak Memory Usage": 6144,
                      "Plans": [
                        {
                          "Node Type": "Seq Scan",
                          "Parent Relationship": "Outer",
                          "Parallel Aware": true,
                          "Relation Name": "title",
                          "Alias": "t",
                          "Startup Cost": 0.0,
                          "Total Cost": 45479.59,
                          "Plan Rows": 6594,
                          "Plan Width": 4,
                          "Actual Startup Time": 62.842,
                          "Actual Total Time": 105.629,
                          "Actual Rows": 36580,
                          "Actual Loops": 3,
                          "Filter": "((production_year < 1928) AND (kind_id = 1))",
                          "Rows Removed by Filter": 806191
                        }
                      ]
                    }
                  ]
                }
              ]
            }
          ]
        }
      ]
    },
    "Planning Time": 0.325,
    "Triggers": [],
    "Execution Time": 213.759
  }
]