{
  "Plan": {
    "Node Type": "Aggregate",
    "Strategy": "Plain",
    "Partial Mode": "Simple",
    "Parallel Aware": false,
    "Startup Cost": 3490.7,
    "Total Cost": 3490.71,
    "Plan Rows": 1,
    "Plan Width": 8,
    "Actual Startup Time": 168.401,
    "Actual Total Time": 168.403,
    "Actual Rows": 1,
    "Actual Loops": 1,
    "Plans": [
      {
        "Node Type": "Nested Loop",
        "Parent Relationship": "Outer",
        "Parallel Aware": false,
        "Join Type": "Inner",
        "Startup Cost": 7.35,
        "Total Cost": 3489.71,
        "Plan Rows": 397,
        "Plan Width": 0,
        "Actual Startup Time": 1.682,
        "Actual Total Time": 167.547,
        "Actual Rows": 8415,
        "Actual Loops": 1,
        "Inner Unique": false,
        "Plans": [
          {
            "Node Type": "Nested Loop",
            "Parent Relationship": "Outer",
            "Parallel Aware": false,
            "Join Type": "Inner",
            "Startup Cost": 6.78,
            "Total Cost": 3005.96,
            "Plan Rows": 248,
            "Plan Width": 8,
            "Actual Startup Time": 1.551,
            "Actual Total Time": 15.119,
            "Actual Rows": 2029,
            "Actual Loops": 1,
            "Inner Unique": true,
            "Plans": [
              {
                "Node Type": "Bitmap Heap Scan",
                "Parent Relationship": "Outer",
                "Parallel Aware": false,
                "Relation Name": "movie_keyword",
                "Alias": "mk",
                "Startup Cost": 6.35,
                "Total Cost": 922.98,
                "Plan Rows": 248,
                "Plan Width": 4,
                "Actual Startup Time": 1.522,
                "Actual Total Time": 4.704,
                "Actual Rows": 2029,
                "Actual Loops": 1,
                "Recheck Cond": "(keyword_id = 4801)",
                "Rows Removed by Index Recheck": 0,
                "Exact Heap Blocks": 1782,
                "Lossy Heap Blocks": 0,
                "Plans": [
                  {
                    "Node Type": "Bitmap Index Scan",
                    "Parent Relationship": "Outer",
                    "Parallel Aware": false,
                    "Index Name": "keyword_id_movie_keyword",
                    "Startup Cost": 0.0,
                    "Total Cost": 6.29,
                    "Plan Rows": 248,
                    "Plan Width": 0,
                    "Actual Startup Time": 0.849,
                    "Actual Total Time": 0.849,
                    "Actual Rows": 2029,
                    "Actual Loops": 1,
                    "Index Cond": "(keyword_id = 4801)"
                  }
                ]
              },
              {
                "Node Type": "Index Only Scan",
                "Parent Relationship": "Inner",
                "Parallel Aware": false,
                "Scan Direction": "Forward",
                "Index Name": "title_pkey",
                "Relation Name": "title",
                "Alias": "t",
                "Startup Cost": 0.43,
                "Total Cost": 8.4,
                "Plan Rows": 1,
                "Plan Width": 4,
                "Actual Startup Time": 0.005,
                "Actual Total Time": 0.005,
                "Actual Rows": 1,
                "Actual Loops": 2029,
                "Index Cond": "(id = mk.movie_id)",
                "Rows Removed by Index Recheck": 0,
                "Heap Fetches": 2029
              }
            ]
          },
          {
            "Node Type": "Index Scan",
            "Parent Relationship": "Inner",
            "Parallel Aware": false,
            "Scan Direction": "Forward",
            "Index Name": "movie_id_cast_info",
            "Relation Name": "cast_info",
            "Alias": "ci",
            "Startup Cost": 0.56,
            "Total Cost": 1.91,
            "Plan Rows": 4,
            "Plan Width": 4,
            "Actual Startup Time": 0.047,
            "Actual Total Time": 0.074,
            "Actual Rows": 4,
            "Actual Loops": 2029,
            "Index Cond": "(movie_id = t.id)",
            "Rows Removed by Index Recheck": 0,
            "Filter": "(role_id = 3)",
            "Rows Removed by Filter": 52
          }
        ]
      }
    ]
  },
  "Planning Time": 0.956,
  "Triggers": [],
  "Execution Time": 168.489
}