{
    "Plan": {
        "Node Type": "Aggregate",
        "Strategy": "Plain",
        "Partial Mode": "Simple",
        "Parallel Aware": false,
        "Startup Cost": 80002331152.21,
        "Total Cost": 80002331152.22,
        "Plan Rows": 1,
        "Plan Width": 96,
        "Actual Startup Time": 10085.731,
        "Actual Total Time": 10085.757,
        "Actual Rows": 1,
        "Actual Loops": 1,
        "Output": [
            "min(chn.name)",
            "min(n.name)",
            "min(t.title)"
        ],
        "Plans": [
            {
                "Node Type": "Nested Loop",
                "Parent Relationship": "Outer",
                "Parallel Aware": false,
                "Join Type": "Inner",
                "Startup Cost": 80002331147.03,
                "Total Cost": 80002331152.2,
                "Plan Rows": 1,
                "Plan Width": 48,
                "Actual Startup Time": 10085.67,
                "Actual Total Time": 10085.742,
                "Actual Rows": 10,
                "Actual Loops": 1,
                "Output": [
                    "chn.name",
                    "n.name",
                    "t.title"
                ],
                "Inner Unique": true,
                "Plans": [
                    {
                        "Node Type": "Hash Join",
                        "Parent Relationship": "Outer",
                        "Parallel Aware": false,
                        "Join Type": "Inner",
                        "Startup Cost": 70002331146.54,
                        "Total Cost": 70002331147.7,
                        "Plan Rows": 1,
                        "Plan Width": 36,
                        "Actual Startup Time": 10085.631,
                        "Actual Total Time": 10085.661,
                        "Actual Rows": 10,
                        "Actual Loops": 1,
                        "Output": [
                            "ci.person_role_id",
                            "n.name",
                            "t.title"
                        ],
                        "Inner Unique": false,
                        "Hash Cond": "(rt.id = ci.role_id)",
                        "Plans": [
                            {
                                "Node Type": "Seq Scan",
                                "Parent Relationship": "Outer",
                                "Parallel Aware": false,
                                "Relation Name": "role_type",
                                "Schema": "public",
                                "Alias": "rt",
                                "Startup Cost": 0.0,
                                "Total Cost": 1.15,
                                "Plan Rows": 1,
                                "Plan Width": 4,
                                "Actual Startup Time": 0.014,
                                "Actual Total Time": 0.017,
                                "Actual Rows": 1,
                                "Actual Loops": 1,
                                "Output": [
                                    "rt.id",
                                    "rt.role"
                                ],
                                "Filter": "((rt.role)::text = 'actress'::text)",
                                "Rows Removed by Filter": 11
                            },
                            {
                                "Node Type": "Hash",
                                "Parent Relationship": "Inner",
                                "Parallel Aware": false,
                                "Startup Cost": 70002331146.52,
                                "Total Cost": 70002331146.52,
                                "Plan Rows": 1,
                                "Plan Width": 40,
                                "Actual Startup Time": 10085.595,
                                "Actual Total Time": 10085.618,
                                "Actual Rows": 10,
                                "Actual Loops": 1,
                                "Output": [
                                    "ci.role_id",
                                    "ci.person_role_id",
                                    "n.name",
                                    "t.title"
                                ],
                                "Hash Buckets": 1024,
                                "Original Hash Buckets": 1024,
                                "Hash Batches": 1,
                                "Original Hash Batches": 1,
                                "Peak Memory Usage": 9,
                                "Plans": [
                                    {
                                        "Node Type": "Hash Join",
                                        "Parent Relationship": "Outer",
                                        "Parallel Aware": false,
                                        "Join Type": "Inner",
                                        "Startup Cost": 70002205724.32,
                                        "Total Cost": 70002331146.52,
                                        "Plan Rows": 1,
                                        "Plan Width": 40,
                                        "Actual Startup Time": 9829.77,
                                        "Actual Total Time": 10085.609,
                                        "Actual Rows": 10,
                                        "Actual Loops": 1,
                                        "Output": [
                                            "ci.role_id",
                                            "ci.person_role_id",
                                            "n.name",
                                            "t.title"
                                        ],
                                        "Inner Unique": false,
                                        "Hash Cond": "(n.id = ci.person_id)",
                                        "Plans": [
                                            {
                                                "Node Type": "Hash Join",
                                                "Parent Relationship": "Outer",
                                                "Parallel Aware": false,
                                                "Join Type": "Inner",
                                                "Startup Cost": 10000031676.22,
                                                "Total Cost": 10000157067.74,
                                                "Plan Rows": 8177,
                                                "Plan Width": 23,
                                                "Actual Startup Time": 652.3,
                                                "Actual Total Time": 974.136,
                                                "Actual Rows": 10525,
                                                "Actual Loops": 1,
                                                "Output": [
                                                    "an.person_id",
                                                    "n.name",
                                                    "n.id"
                                                ],
                                                "Inner Unique": false,
                                                "Hash Cond": "(n.id = an.person_id)",
                                                "Plans": [
                                                    {
                                                        "Node Type": "Seq Scan",
                                                        "Parent Relationship": "Outer",
                                                        "Parallel Aware": false,
                                                        "Relation Name": "name",
                                                        "Schema": "public",
                                                        "Alias": "n",
                                                        "Startup Cost": 10000000000.0,
                                                        "Total Cost": 10000118126.24,
                                                        "Plan Rows": 37808,
                                                        "Plan Width": 19,
                                                        "Actual Startup Time": 311.636,
                                                        "Actual Total Time": 608.177,
                                                        "Actual Rows": 50011,
                                                        "Actual Loops": 1,
                                                        "Output": [
                                                            "n.id",
                                                            "n.name",
                                                            "n.imdb_index",
                                                            "n.imdb_id",
                                                            "n.gender",
                                                            "n.name_pcode_cf",
                                                            "n.name_pcode_nf",
                                                            "n.surname_pcode",
                                                            "n.md5sum"
                                                        ],
                                                        "Filter": "((n.name ~~ '%An%'::text) AND ((n.gender)::text = 'f'::text))",
                                                        "Rows Removed by Filter": 4117480
                                                    },
                                                    {
                                                        "Node Type": "Hash",
                                                        "Parent Relationship": "Inner",
                                                        "Parallel Aware": false,
                                                        "Startup Cost": 20409.43,
                                                        "Total Cost": 20409.43,
                                                        "Plan Rows": 901343,
                                                        "Plan Width": 4,
                                                        "Actual Startup Time": 339.261,
                                                        "Actual Total Time": 339.262,
                                                        "Actual Rows": 901343,
                                                        "Actual Loops": 1,
                                                        "Output": [
                                                            "an.person_id"
                                                        ],
                                                        "Hash Buckets": 1048576,
                                                        "Original Hash Buckets": 1048576,
                                                        "Hash Batches": 1,
                                                        "Original Hash Batches": 1,
                                                        "Peak Memory Usage": 39880,
                                                        "Plans": [
                                                            {
                                                                "Node Type": "Seq Scan",
                                                                "Parent Relationship": "Outer",
                                                                "Parallel Aware": false,
                                                                "Relation Name": "aka_name",
                                                                "Schema": "public",
                                                                "Alias": "an",
                                                                "Startup Cost": 0.0,
                                                                "Total Cost": 20409.43,
                                                                "Plan Rows": 901343,
                                                                "Plan Width": 4,
                                                                "Actual Startup Time": 0.014,
                                                                "Actual Total Time": 140.01,
                                                                "Actual Rows": 901343,
                                                                "Actual Loops": 1,
                                                                "Output": [
                                                                    "an.person_id"
                                                                ]
                                                            }
                                                        ]
                                                    }
                                                ]
                                            },
                                            {
                                                "Node Type": "Hash",
                                                "Parent Relationship": "Inner",
                                                "Parallel Aware": false,
                                                "Startup Cost": 60002174048.09,
                                                "Total Cost": 60002174048.09,
                                                "Plan Rows": 1,
                                                "Plan Width": 29,
                                                "Actual Startup Time": 9110.707,
                                                "Actual Total Time": 9110.727,
                                                "Actual Rows": 39,
                                                "Actual Loops": 1,
                                                "Output": [
                                                    "ci.person_id",
                                                    "ci.role_id",
                                                    "ci.person_role_id",
                                                    "t.title"
                                                ],
                                                "Hash Buckets": 1024,
                                                "Original Hash Buckets": 1024,
                                                "Hash Batches": 1,
                                                "Original Hash Batches": 1,
                                                "Peak Memory Usage": 11,
                                                "Plans": [
                                                    {
                                                        "Node Type": "Nested Loop",
                                                        "Parent Relationship": "Outer",
                                                        "Parallel Aware": false,
                                                        "Join Type": "Inner",
                                                        "Startup Cost": 60002174042.44,
                                                        "Total Cost": 60002174048.09,
                                                        "Plan Rows": 1,
                                                        "Plan Width": 29,
                                                        "Actual Startup Time": 9105.554,
                                                        "Actual Total Time": 9110.695,
                                                        "Actual Rows": 39,
                                                        "Actual Loops": 1,
                                                        "Output": [
                                                            "ci.person_id",
                                                            "ci.role_id",
                                                            "ci.person_role_id",
                                                            "t.title"
                                                        ],
                                                        "Inner Unique": true,
                                                        "Plans": [
                                                            {
                                                                "Node Type": "Merge Join",
                                                                "Parent Relationship": "Outer",
                                                                "Parallel Aware": false,
                                                                "Join Type": "Inner",
                                                                "Startup Cost": 50002174042.02,
                                                                "Total Cost": 50002174042.04,
                                                                "Plan Rows": 1,
                                                                "Plan Width": 33,
                                                                "Actual Startup Time": 9082.498,
                                                                "Actual Total Time": 9084.446,
                                                                "Actual Rows": 5603,
                                                                "Actual Loops": 1,
                                                                "Output": [
                                                                    "ci.person_id",
                                                                    "ci.role_id",
                                                                    "ci.person_role_id",
                                                                    "mk.keyword_id",
                                                                    "t.title"
                                                                ],
                                                                "Inner Unique": false,
                                                                "Merge Cond": "(it.id = mi.info_type_id)",
                                                                "Plans": [
                                                                    {
                                                                        "Node Type": "Sort",
                                                                        "Parent Relationship": "Outer",
                                                                        "Parallel Aware": false,
                                                                        "Startup Cost": 10000000002.42,
                                                                        "Total Cost": 10000000002.43,
                                                                        "Plan Rows": 1,
                                                                        "Plan Width": 4,
                                                                        "Actual Startup Time": 0.039,
                                                                        "Actual Total Time": 0.04,
                                                                        "Actual Rows": 1,
                                                                        "Actual Loops": 1,
                                                                        "Output": [
                                                                            "it.id"
                                                                        ],
                                                                        "Sort Key": [
                                                                            "it.id"
                                                                        ],
                                                                        "Sort Method": "quicksort",
                                                                        "Sort Space Used": 25,
                                                                        "Sort Space Type": "Memory",
                                                                        "Plans": [
                                                                            {
                                                                                "Node Type": "Seq Scan",
                                                                                "Parent Relationship": "Outer",
                                                                                "Parallel Aware": false,
                                                                                "Relation Name": "info_type",
                                                                                "Schema": "public",
                                                                                "Alias": "it",
                                                                                "Startup Cost": 10000000000.0,
                                                                                "Total Cost": 10000000002.41,
                                                                                "Plan Rows": 1,
                                                                                "Plan Width": 4,
                                                                                "Actual Startup Time": 0.02,
                                                                                "Actual Total Time": 0.027,
                                                                                "Actual Rows": 1,
                                                                                "Actual Loops": 1,
                                                                                "Output": [
                                                                                    "it.id"
                                                                                ],
                                                                                "Filter": "((it.info)::text = 'release dates'::text)",
                                                                                "Rows Removed by Filter": 112
                                                                            }
                                                                        ]
                                                                    },
                                                                    {
                                                                        "Node Type": "Sort",
                                                                        "Parent Relationship": "Inner",
                                                                        "Parallel Aware": false,
                                                                        "Startup Cost": 40002174039.59,
                                                                        "Total Cost": 40002174039.6,
                                                                        "Plan Rows": 1,
                                                                        "Plan Width": 37,
                                                                        "Actual Startup Time": 9082.444,
                                                                        "Actual Total Time": 9083.201,
                                                                        "Actual Rows": 5603,
                                                                        "Actual Loops": 1,
                                                                        "Output": [
                                                                            "ci.person_id",
                                                                            "ci.role_id",
                                                                            "ci.person_role_id",
                                                                            "mi.info_type_id",
                                                                            "mk.keyword_id",
                                                                            "t.title"
                                                                        ],
                                                                        "Sort Key": [
                                                                            "mi.info_type_id"
                                                                        ],
                                                                        "Sort Method": "quicksort",
                                                                        "Sort Space Used": 646,
                                                                        "Sort Space Type": "Memory",
                                                                        "Plans": [
                                                                            {
                                                                                "Node Type": "Nested Loop",
                                                                                "Parent Relationship": "Outer",
                                                                                "Parallel Aware": false,
                                                                                "Join Type": "Inner",
                                                                                "Startup Cost": 40002167892.34,
                                                                                "Total Cost": 40002174039.58,
                                                                                "Plan Rows": 1,
                                                                                "Plan Width": 37,
                                                                                "Actual Startup Time": 8529.401,
                                                                                "Actual Total Time": 9080.1,
                                                                                "Actual Rows": 5603,
                                                                                "Actual Loops": 1,
                                                                                "Output": [
                                                                                    "ci.person_id",
                                                                                    "ci.role_id",
                                                                                    "ci.person_role_id",
                                                                                    "mi.info_type_id",
                                                                                    "mk.keyword_id",
                                                                                    "t.title"
                                                                                ],
                                                                                "Inner Unique": true,
                                                                                "Plans": [
                                                                                    {
                                                                                        "Node Type": "Merge Join",
                                                                                        "Parent Relationship": "Outer",
                                                                                        "Parallel Aware": false,
                                                                                        "Join Type": "Inner",
                                                                                        "Startup Cost": 30002167891.91,
                                                                                        "Total Cost": 30002172101.29,
                                                                                        "Plan Rows": 435,
                                                                                        "Plan Width": 41,
                                                                                        "Actual Startup Time": 8524.09,
                                                                                        "Actual Total Time": 8563.979,
                                                                                        "Actual Rows": 114400,
                                                                                        "Actual Loops": 1,
                                                                                        "Output": [
                                                                                            "ci.person_id",
                                                                                            "ci.role_id",
                                                                                            "ci.person_role_id",
                                                                                            "mc.company_id",
                                                                                            "mi.info_type_id",
                                                                                            "mk.keyword_id",
                                                                                            "t.title"
                                                                                        ],
                                                                                        "Inner Unique": false,
                                                                                        "Merge Cond": "(ci.movie_id = t.id)",
                                                                                        "Plans": [
                                                                                            {
                                                                                                "Node Type": "Sort",
                                                                                                "Parent Relationship": "Outer",
                                                                                                "Parallel Aware": false,
                                                                                                "Startup Cost": 10000879247.14,
                                                                                                "Total Cost": 10000881349.8,
                                                                                                "Plan Rows": 841064,
                                                                                                "Plan Width": 16,
                                                                                                "Actual Startup Time": 3772.554,
                                                                                                "Actual Total Time": 3837.051,
                                                                                                "Actual Rows": 753571,
                                                                                                "Actual Loops": 1,
                                                                                                "Output": [
                                                                                                    "ci.movie_id",
                                                                                                    "ci.person_id",
                                                                                                    "ci.role_id",
                                                                                                    "ci.person_role_id"
                                                                                                ],
                                                                                                "Sort Key": [
                                                                                                    "ci.movie_id"
                                                                                                ],
                                                                                                "Sort Method": "quicksort",
                                                                                                "Sort Space Used": 65239,
                                                                                                "Sort Space Type": "Memory",
                                                                                                "Plans": [
                                                                                                    {
                                                                                                        "Node Type": "Seq Scan",
                                                                                                        "Parent Relationship": "Outer",
                                                                                                        "Parallel Aware": false,
                                                                                                        "Relation Name": "cast_info",
                                                                                                        "Schema": "public",
                                                                                                        "Alias": "ci",
                                                                                                        "Startup Cost": 10000000000.0,
                                                                                                        "Total Cost": 10000796478.64,
                                                                                                        "Plan Rows": 841064,
                                                                                                        "Plan Width": 16,
                                                                                                        "Actual Startup Time": 0.017,
                                                                                                        "Actual Total Time": 3577.657,
                                                                                                        "Actual Rows": 867477,
                                                                                                        "Actual Loops": 1,
                                                                                                        "Output": [
                                                                                                            "ci.movie_id",
                                                                                                            "ci.person_id",
                                                                                                            "ci.role_id",
                                                                                                            "ci.person_role_id"
                                                                                                        ],
                                                                                                        "Filter": "(ci.note = ANY ('{(voice),\"(voice: Japanese version)\",\"(voice) (uncredited)\",\"(voice: English version)\"}'::text[]))",
                                                                                                        "Rows Removed by Filter": 35376867
                                                                                                    }
                                                                                                ]
                                                                                            },
                                                                                            {
                                                                                                "Node Type": "Sort",
                                                                                                "Parent Relationship": "Inner",
                                                                                                "Parallel Aware": false,
                                                                                                "Startup Cost": 20001288644.77,
                                                                                                "Total Cost": 20001288645.99,
                                                                                                "Plan Rows": 488,
                                                                                                "Plan Width": 45,
                                                                                                "Actual Startup Time": 4637.115,
                                                                                                "Actual Total Time": 4652.309,
                                                                                                "Actual Rows": 114384,
                                                                                                "Actual Loops": 1,
                                                                                                "Output": [
                                                                                                    "mc.movie_id",
                                                                                                    "mc.company_id",
                                                                                                    "mi.movie_id",
                                                                                                    "mi.info_type_id",
                                                                                                    "mk.movie_id",
                                                                                                    "mk.keyword_id",
                                                                                                    "t.title",
                                                                                                    "t.id"
                                                                                                ],
                                                                                                "Sort Key": [
                                                                                                    "mc.movie_id"
                                                                                                ],
                                                                                                "Sort Method": "quicksort",
                                                                                                "Sort Space Used": 371,
                                                                                                "Sort Space Type": "Memory",
                                                                                                "Plans": [
                                                                                                    {
                                                                                                        "Node Type": "Hash Join",
                                                                                                        "Parent Relationship": "Outer",
                                                                                                        "Parallel Aware": false,
                                                                                                        "Join Type": "Inner",
                                                                                                        "Startup Cost": 20000200167.06,
                                                                                                        "Total Cost": 20001288622.98,
                                                                                                        "Plan Rows": 488,
                                                                                                        "Plan Width": 45,
                                                                                                        "Actual Startup Time": 3796.169,
                                                                                                        "Actual Total Time": 4636.343,
                                                                                                        "Actual Rows": 3445,
                                                                                                        "Actual Loops": 1,
                                                                                                        "Output": [
                                                                                                            "mc.movie_id",
                                                                                                            "mc.company_id",
                                                                                                            "mi.movie_id",
                                                                                                            "mi.info_type_id",
                                                                                                            "mk.movie_id",
                                                                                                            "mk.keyword_id",
                                                                                                            "t.title",
                                                                                                            "t.id"
                                                                                                        ],
                                                                                                        "Inner Unique": false,
                                                                                                        "Hash Cond": "(t.id = mk.movie_id)",
                                                                                                        "Plans": [
                                                                                                            {
                                                                                                                "Node Type": "Nested Loop",
                                                                                                                "Parent Relationship": "Outer",
                                                                                                                "Parallel Aware": false,
                                                                                                                "Join Type": "Inner",
                                                                                                                "Startup Cost": 20000073924.63,
                                                                                                                "Total Cost": 20001162317.92,
                                                                                                                "Plan Rows": 41,
                                                                                                                "Plan Width": 37,
                                                                                                                "Actual Startup Time": 2737.413,
                                                                                                                "Actual Total Time": 3577.236,
                                                                                                                "Actual Rows": 84,
                                                                                                                "Actual Loops": 1,
                                                                                                                "Output": [
                                                                                                                    "mc.movie_id",
                                                                                                                    "mc.company_id",
                                                                                                                    "mi.movie_id",
                                                                                                                    "mi.info_type_id",
                                                                                                                    "t.title",
                                                                                                                    "t.id"
                                                                                                                ],
                                                                                                                "Inner Unique": false,
                                                                                                                "Join Filter": "(t.id = mc.movie_id)",
                                                                                                                "Rows Removed by Join Filter": 0,
                                                                                                                "Plans": [
                                                                                                                    {
                                                                                                                        "Node Type": "Hash Join",
                                                                                                                        "Parent Relationship": "Outer",
                                                                                                                        "Parallel Aware": false,
                                                                                                                        "Join Type": "Inner",
                                                                                                                        "Startup Cost": 10000073924.04,
                                                                                                                        "Total Cost": 10001162280.17,
                                                                                                                        "Plan Rows": 8,
                                                                                                                        "Plan Width": 29,
                                                                                                                        "Actual Startup Time": 2353.079,
                                                                                                                        "Actual Total Time": 3577.02,
                                                                                                                        "Actual Rows": 10,
                                                                                                                        "Actual Loops": 1,
                                                                                                                        "Output": [
                                                                                                                            "mi.movie_id",
                                                                                                                            "mi.info_type_id",
                                                                                                                            "t.title",
                                                                                                                            "t.id"
                                                                                                                        ],
                                                                                                                        "Inner Unique": false,
                                                                                                                        "Hash Cond": "(mi.movie_id = t.id)",
                                                                                                                        "Plans": [
                                                                                                                            {
                                                                                                                                "Node Type": "Index Scan",
                                                                                                                                "Parent Relationship": "Outer",
                                                                                                                                "Parallel Aware": false,
                                                                                                                                "Scan Direction": "Forward",
                                                                                                                                "Index Name": "info_type_id_movie_info",
                                                                                                                                "Relation Name": "movie_info",
                                                                                                                                "Schema": "public",
                                                                                                                                "Alias": "mi",
                                                                                                                                "Startup Cost": 0.43,
                                                                                                                                "Total Cost": 1087206.91,
                                                                                                                                "Plan Rows": 306554,
                                                                                                                                "Plan Width": 8,
                                                                                                                                "Actual Startup Time": 48.689,
                                                                                                                                "Actual Total Time": 3290.554,
                                                                                                                                "Actual Rows": 301247,
                                                                                                                                "Actual Loops": 1,
                                                                                                                                "Output": [
                                                                                                                                    "mi.id",
                                                                                                                                    "mi.movie_id",
                                                                                                                                    "mi.info_type_id",
                                                                                                                                    "mi.info",
                                                                                                                                    "mi.note"
                                                                                                                                ],
                                                                                                                                "Filter": "((mi.info IS NOT NULL) AND ((mi.info ~~ 'Japan:%201%'::text) OR (mi.info ~~ 'USA:%201%'::text)))",
                                                                                                                                "Rows Removed by Filter": 14534473
                                                                                                                            },
                                                                                                                            {
                                                                                                                                "Node Type": "Hash",
                                                                                                                                "Parent Relationship": "Inner",
                                                                                                                                "Parallel Aware": false,
                                                                                                                                "Startup Cost": 10000073922.83,
                                                                                                                                "Total Cost": 10000073922.83,
                                                                                                                                "Plan Rows": 62,
                                                                                                                                "Plan Width": 21,
                                                                                                                                "Actual Startup Time": 267.875,
                                                                                                                                "Actual Total Time": 267.876,
                                                                                                                                "Actual Rows": 9,
                                                                                                                                "Actual Loops": 1,
                                                                                                                                "Output": [
                                                                                                                                    "t.title",
                                                                                                                                    "t.id"
                                                                                                                                ],
                                                                                                                                "Hash Buckets": 1024,
                                                                                                                                "Original Hash Buckets": 1024,
                                                                                                                                "Hash Batches": 1,
                                                                                                                                "Original Hash Batches": 1,
                                                                                                                                "Peak Memory Usage": 9,
                                                                                                                                "Plans": [
                                                                                                                                    {
                                                                                                                                        "Node Type": "Seq Scan",
                                                                                                                                        "Parent Relationship": "Outer",
                                                                                                                                        "Parallel Aware": false,
                                                                                                                                        "Relation Name": "title",
                                                                                                                                        "Schema": "public",
                                                                                                                                        "Alias": "t",
                                                                                                                                        "Startup Cost": 10000000000.0,
                                                                                                                                        "Total Cost": 10000073922.83,
                                                                                                                                        "Plan Rows": 62,
                                                                                                                                        "Plan Width": 21,
                                                                                                                                        "Actual Startup Time": 60.925,
                                                                                                                                        "Actual Total Time": 267.834,
                                                                                                                                        "Actual Rows": 9,
                                                                                                                                        "Actual Loops": 1,
                                                                                                                                        "Output": [
                                                                                                                                            "t.title",
                                                                                                                                            "t.id"
                                                                                                                                        ],
                                                                                                                                        "Filter": "((t.title ~~ 'Kung Fu Panda%'::text) AND (t.production_year > 2008))",
                                                                                                                                        "Rows Removed by Filter": 2528303
                                                                                                                                    }
                                                                                                                                ]
                                                                                                                            }
                                                                                                                        ]
                                                                                                                    },
                                                                                                                    {
                                                                                                                        "Node Type": "Bitmap Heap Scan",
                                                                                                                        "Parent Relationship": "Inner",
                                                                                                                        "Parallel Aware": false,
                                                                                                                        "Relation Name": "movie_companies",
                                                                                                                        "Schema": "public",
                                                                                                                        "Alias": "mc",
                                                                                                                        "Startup Cost": 0.59,
                                                                                                                        "Total Cost": 4.66,
                                                                                                                        "Plan Rows": 5,
                                                                                                                        "Plan Width": 8,
                                                                                                                        "Actual Startup Time": 0.01,
                                                                                                                        "Actual Total Time": 0.013,
                                                                                                                        "Actual Rows": 8,
                                                                                                                        "Actual Loops": 10,
                                                                                                                        "Output": [
                                                                                                                            "mc.id",
                                                                                                                            "mc.movie_id",
                                                                                                                            "mc.company_id",
                                                                                                                            "mc.company_type_id",
                                                                                                                            "mc.note"
                                                                                                                        ],
                                                                                                                        "Recheck Cond": "(mc.movie_id = mi.movie_id)",
                                                                                                                        "Rows Removed by Index Recheck": 0,
                                                                                                                        "Exact Heap Blocks": 16,
                                                                                                                        "Lossy Heap Blocks": 0,
                                                                                                                        "Plans": [
                                                                                                                            {
                                                                                                                                "Node Type": "Bitmap Index Scan",
                                                                                                                                "Parent Relationship": "Outer",
                                                                                                                                "Parallel Aware": false,
                                                                                                                                "Index Name": "movie_id_movie_companies",
                                                                                                                                "Startup Cost": 0.0,
                                                                                                                                "Total Cost": 0.59,
                                                                                                                                "Plan Rows": 5,
                                                                                                                                "Plan Width": 0,
                                                                                                                                "Actual Startup Time": 0.008,
                                                                                                                                "Actual Total Time": 0.008,
                                                                                                                                "Actual Rows": 8,
                                                                                                                                "Actual Loops": 10,
                                                                                                                                "Index Cond": "(mc.movie_id = mi.movie_id)"
                                                                                                                            }
                                                                                                                        ]
                                                                                                                    }
                                                                                                                ]
                                                                                                            },
                                                                                                            {
                                                                                                                "Node Type": "Hash",
                                                                                                                "Parent Relationship": "Inner",
                                                                                                                "Parallel Aware": false,
                                                                                                                "Startup Cost": 69693.3,
                                                                                                                "Total Cost": 69693.3,
                                                                                                                "Plan Rows": 4523930,
                                                                                                                "Plan Width": 8,
                                                                                                                "Actual Startup Time": 1043.138,
                                                                                                                "Actual Total Time": 1043.139,
                                                                                                                "Actual Rows": 4523930,
                                                                                                                "Actual Loops": 1,
                                                                                                                "Output": [
                                                                                                                    "mk.movie_id",
                                                                                                                    "mk.keyword_id"
                                                                                                                ],
                                                                                                                "Hash Buckets": 8388608,
                                                                                                                "Original Hash Buckets": 8388608,
                                                                                                                "Hash Batches": 1,
                                                                                                                "Original Hash Batches": 1,
                                                                                                                "Peak Memory Usage": 242253,
                                                                                                                "Plans": [
                                                                                                                    {
                                                                                                                        "Node Type": "Seq Scan",
                                                                                                                        "Parent Relationship": "Outer",
                                                                                                                        "Parallel Aware": false,
                                                                                                                        "Relation Name": "movie_keyword",
                                                                                                                        "Schema": "public",
                                                                                                                        "Alias": "mk",
                                                                                                                        "Startup Cost": 0.0,
                                                                                                                        "Total Cost": 69693.3,
                                                                                                                        "Plan Rows": 4523930,
                                                                                                                        "Plan Width": 8,
                                                                                                                        "Actual Startup Time": 0.033,
                                                                                                                        "Actual Total Time": 467.892,
                                                                                                                        "Actual Rows": 4523930,
                                                                                                                        "Actual Loops": 1,
                                                                                                                        "Output": [
                                                                                                                            "mk.movie_id",
                                                                                                                            "mk.keyword_id"
                                                                                                                        ]
                                                                                                                    }
                                                                                                                ]
                                                                                                            }
                                                                                                        ]
                                                                                                    }
                                                                                                ]
                                                                                            }
                                                                                        ]
                                                                                    },
                                                                                    {
                                                                                        "Node Type": "Bitmap Heap Scan",
                                                                                        "Parent Relationship": "Inner",
                                                                                        "Parallel Aware": false,
                                                                                        "Relation Name": "company_name",
                                                                                        "Schema": "public",
                                                                                        "Alias": "cn",
                                                                                        "Startup Cost": 0.43,
                                                                                        "Total Cost": 4.45,
                                                                                        "Plan Rows": 1,
                                                                                        "Plan Width": 4,
                                                                                        "Actual Startup Time": 0.003,
                                                                                        "Actual Total Time": 0.003,
                                                                                        "Actual Rows": 0,
                                                                                        "Actual Loops": 114400,
                                                                                        "Output": [
                                                                                            "cn.id",
                                                                                            "cn.name",
                                                                                            "cn.country_code",
                                                                                            "cn.imdb_id",
                                                                                            "cn.name_pcode_nf",
                                                                                            "cn.name_pcode_sf",
                                                                                            "cn.md5sum"
                                                                                        ],
                                                                                        "Recheck Cond": "(cn.id = mc.company_id)",
                                                                                        "Rows Removed by Index Recheck": 0,
                                                                                        "Filter": "(((cn.country_code)::text = '[us]'::text) AND (cn.name = 'DreamWorks Animation'::text))",
                                                                                        "Rows Removed by Filter": 1,
                                                                                        "Exact Heap Blocks": 114400,
                                                                                        "Lossy Heap Blocks": 0,
                                                                                        "Plans": [
                                                                                            {
                                                                                                "Node Type": "Bitmap Index Scan",
                                                                                                "Parent Relationship": "Outer",
                                                                                                "Parallel Aware": false,
                                                                                                "Index Name": "company_name_pkey",
                                                                                                "Startup Cost": 0.0,
                                                                                                "Total Cost": 0.43,
                                                                                                "Plan Rows": 1,
                                                                                                "Plan Width": 0,
                                                                                                "Actual Startup Time": 0.002,
                                                                                                "Actual Total Time": 0.002,
                                                                                                "Actual Rows": 1,
                                                                                                "Actual Loops": 114400,
                                                                                                "Index Cond": "(cn.id = mc.company_id)"
                                                                                            }
                                                                                        ]
                                                                                    }
                                                                                ]
                                                                            }
                                                                        ]
                                                                    }
                                                                ]
                                                            },
                                                            {
                                                                "Node Type": "Bitmap Heap Scan",
                                                                "Parent Relationship": "Inner",
                                                                "Parallel Aware": false,
                                                                "Relation Name": "keyword",
                                                                "Schema": "public",
                                                                "Alias": "k",
                                                                "Startup Cost": 0.43,
                                                                "Total Cost": 4.45,
                                                                "Plan Rows": 1,
                                                                "Plan Width": 4,
                                                                "Actual Startup Time": 0.003,
                                                                "Actual Total Time": 0.003,
                                                                "Actual Rows": 0,
                                                                "Actual Loops": 5603,
                                                                "Output": [
                                                                    "k.id",
                                                                    "k.keyword",
                                                                    "k.phonetic_code"
                                                                ],
                                                                "Recheck Cond": "(k.id = mk.keyword_id)",
                                                                "Rows Removed by Index Recheck": 0,
                                                                "Filter": "(k.keyword = ANY ('{tv-special,character-name-in-title,magnet,martial-arts-master}'::text[]))",
                                                                "Rows Removed by Filter": 1,
                                                                "Exact Heap Blocks": 5603,
                                                                "Lossy Heap Blocks": 0,
                                                                "Plans": [
                                                                    {
                                                                        "Node Type": "Bitmap Index Scan",
                                                                        "Parent Relationship": "Outer",
                                                                        "Parallel Aware": false,
                                                                        "Index Name": "keyword_pkey",
                                                                        "Startup Cost": 0.0,
                                                                        "Total Cost": 0.43,
                                                                        "Plan Rows": 1,
                                                                        "Plan Width": 0,
                                                                        "Actual Startup Time": 0.002,
                                                                        "Actual Total Time": 0.002,
                                                                        "Actual Rows": 1,
                                                                        "Actual Loops": 5603,
                                                                        "Index Cond": "(k.id = mk.keyword_id)"
                                                                    }
                                                                ]
                                                            }
                                                        ]
                                                    }
                                                ]
                                            }
                                        ]
                                    }
                                ]
                            }
                        ]
                    },
                    {
                        "Node Type": "Bitmap Heap Scan",
                        "Parent Relationship": "Inner",
                        "Parallel Aware": false,
                        "Relation Name": "char_name",
                        "Schema": "public",
                        "Alias": "chn",
                        "Startup Cost": 0.49,
                        "Total Cost": 4.5,
                        "Plan Rows": 1,
                        "Plan Width": 20,
                        "Actual Startup Time": 0.005,
                        "Actual Total Time": 0.005,
                        "Actual Rows": 1,
                        "Actual Loops": 10,
                        "Output": [
                            "chn.id",
                            "chn.name",
                            "chn.imdb_index",
                            "chn.imdb_id",
                            "chn.name_pcode_nf",
                            "chn.surname_pcode",
                            "chn.md5sum"
                        ],
                        "Recheck Cond": "(chn.id = ci.person_role_id)",
                        "Rows Removed by Index Recheck": 0,
                        "Exact Heap Blocks": 10,
                        "Lossy Heap Blocks": 0,
                        "Plans": [
                            {
                                "Node Type": "Bitmap Index Scan",
                                "Parent Relationship": "Outer",
                                "Parallel Aware": false,
                                "Index Name": "char_name_pkey",
                                "Startup Cost": 0.0,
                                "Total Cost": 0.49,
                                "Plan Rows": 1,
                                "Plan Width": 0,
                                "Actual Startup Time": 0.003,
                                "Actual Total Time": 0.003,
                                "Actual Rows": 1,
                                "Actual Loops": 10,
                                "Index Cond": "(chn.id = ci.person_role_id)"
                            }
                        ]
                    }
                ]
            }
        ]
    },
    "Planning Time": 44.396,
    "Triggers": [],
    "Execution Time": 10088.338
}