[
    {
        "Bao": {
            "Bao prediction": "NaN",
            "Bao recommended hint": "(no hint)"
        }
    },
    {
        "Plan": {
            "Node Type": "Aggregate",
            "Strategy": "Plain",
            "Partial Mode": "Finalize",
            "Parallel Aware": false,
            "Startup Cost": 378364.63,
            "Total Cost": 378364.64,
            "Plan Rows": 1,
            "Plan Width": 8,
            "Actual Startup Time": 2079.091,
            "Actual Total Time": 2151.512,
            "Actual Rows": 1,
            "Actual Loops": 1,
            "Output": [
                "count(*)"
            ],
            "Plans": [
                {
                    "Node Type": "Gather",
                    "Parent Relationship": "Outer",
                    "Parallel Aware": false,
                    "Startup Cost": 378364.11,
                    "Total Cost": 378364.62,
                    "Plan Rows": 5,
                    "Plan Width": 8,
                    "Actual Startup Time": 2078.54,
                    "Actual Total Time": 2151.491,
                    "Actual Rows": 6,
                    "Actual Loops": 1,
                    "Output": [
                        "(PARTIAL count(*))"
                    ],
                    "Workers Planned": 5,
                    "Workers Launched": 5,
                    "Single Copy": false,
                    "Plans": [
                        {
                            "Node Type": "Aggregate",
                            "Strategy": "Plain",
                            "Partial Mode": "Partial",
                            "Parent Relationship": "Outer",
                            "Parallel Aware": false,
                            "Startup Cost": 377364.11,
                            "Total Cost": 377364.12,
                            "Plan Rows": 1,
                            "Plan Width": 8,
                            "Actual Startup Time": 2068.254,
                            "Actual Total Time": 2068.258,
                            "Actual Rows": 1,
                            "Actual Loops": 6,
                            "Output": [
                                "PARTIAL count(*)"
                            ],
                            "Workers": [
                                {
                                    "Worker Number": 0,
                                    "Actual Startup Time": 2065.852,
                                    "Actual Total Time": 2065.855,
                                    "Actual Rows": 1,
                                    "Actual Loops": 1
                                },
                                {
                                    "Worker Number": 1,
                                    "Actual Startup Time": 2066.201,
                                    "Actual Total Time": 2066.204,
                                    "Actual Rows": 1,
                                    "Actual Loops": 1
                                },
                                {
                                    "Worker Number": 2,
                                    "Actual Startup Time": 2066.201,
                                    "Actual Total Time": 2066.204,
                                    "Actual Rows": 1,
                                    "Actual Loops": 1
                                },
                                {
                                    "Worker Number": 3,
                                    "Actual Startup Time": 2066.424,
                                    "Actual Total Time": 2066.428,
                                    "Actual Rows": 1,
                                    "Actual Loops": 1
                                },
                                {
                                    "Worker Number": 4,
                                    "Actual Startup Time": 2066.649,
                                    "Actual Total Time": 2066.652,
                                    "Actual Rows": 1,
                                    "Actual Loops": 1
                                }
                            ],
                            "Plans": [
                                {
                                    "Node Type": "Nested Loop",
                                    "Parent Relationship": "Outer",
                                    "Parallel Aware": false,
                                    "Join Type": "Inner",
                                    "Startup Cost": 44109.27,
                                    "Total Cost": 375818.53,
                                    "Plan Rows": 618230,
                                    "Plan Width": 0,
                                    "Actual Startup Time": 76.292,
                                    "Actual Total Time": 2031.304,
                                    "Actual Rows": 705600,
                                    "Actual Loops": 6,
                                    "Inner Unique": false,
                                    "Join Filter": "(t.id = ci.movie_id)",
                                    "Rows Removed by Join Filter": 0,
                                    "Workers": [
                                        {
                                            "Worker Number": 0,
                                            "Actual Startup Time": 74.053,
                                            "Actual Total Time": 2029.565,
                                            "Actual Rows": 770240,
                                            "Actual Loops": 1
                                        },
                                        {
                                            "Worker Number": 1,
                                            "Actual Startup Time": 73.816,
                                            "Actual Total Time": 2031.291,
                                            "Actual Rows": 741768,
                                            "Actual Loops": 1
                                        },
                                        {
                                            "Worker Number": 2,
                                            "Actual Startup Time": 74.204,
                                            "Actual Total Time": 2028.377,
                                            "Actual Rows": 496786,
                                            "Actual Loops": 1
                                        },
                                        {
                                            "Worker Number": 3,
                                            "Actual Startup Time": 74.669,
                                            "Actual Total Time": 2027.665,
                                            "Actual Rows": 634739,
                                            "Actual Loops": 1
                                        },
                                        {
                                            "Worker Number": 4,
                                            "Actual Startup Time": 74.803,
                                            "Actual Total Time": 2033.276,
                                            "Actual Rows": 687413,
                                            "Actual Loops": 1
                                        }
                                    ],
                                    "Plans": [
                                        {
                                            "Node Type": "Hash Join",
                                            "Parent Relationship": "Outer",
                                            "Parallel Aware": true,
                                            "Join Type": "Inner",
                                            "Startup Cost": 44108.71,
                                            "Total Cost": 243358.33,
                                            "Plan Rows": 78320,
                                            "Plan Width": 8,
                                            "Actual Startup Time": 76.088,
                                            "Actual Total Time": 642.36,
                                            "Actual Rows": 48580,
                                            "Actual Loops": 6,
                                            "Output": [
                                                "t.id",
                                                "mi.movie_id"
                                            ],
                                            "Inner Unique": true,
                                            "Hash Cond": "(mi.movie_id = t.id)",
                                            "Workers": [
                                                {
                                                    "Worker Number": 0,
                                                    "Actual Startup Time": 73.792,
                                                    "Actual Total Time": 637.486,
                                                    "Actual Rows": 52816,
                                                    "Actual Loops": 1
                                                },
                                                {
                                                    "Worker Number": 1,
                                                    "Actual Startup Time": 73.723,
                                                    "Actual Total Time": 640.551,
                                                    "Actual Rows": 51481,
                                                    "Actual Loops": 1
                                                },
                                                {
                                                    "Worker Number": 2,
                                                    "Actual Startup Time": 74.046,
                                                    "Actual Total Time": 651.292,
                                                    "Actual Rows": 35288,
                                                    "Actual Loops": 1
                                                },
                                                {
                                                    "Worker Number": 3,
                                                    "Actual Startup Time": 74.27,
                                                    "Actual Total Time": 648.368,
                                                    "Actual Rows": 43512,
                                                    "Actual Loops": 1
                                                },
                                                {
                                                    "Worker Number": 4,
                                                    "Actual Startup Time": 74.54,
                                                    "Actual Total Time": 623.735,
                                                    "Actual Rows": 47514,
                                                    "Actual Loops": 1
                                                }
                                            ],
                                            "Plans": [
                                                {
                                                    "Node Type": "Seq Scan",
                                                    "Parent Relationship": "Outer",
                                                    "Parallel Aware": true,
                                                    "Relation Name": "movie_info",
                                                    "Schema": "public",
                                                    "Alias": "mi",
                                                    "Startup Cost": 0.0,
                                                    "Total Cost": 191503.19,
                                                    "Plan Rows": 2951019,
                                                    "Plan Width": 4,
                                                    "Actual Startup Time": 0.021,
                                                    "Actual Total Time": 257.969,
                                                    "Actual Rows": 2472620,
                                                    "Actual Loops": 6,
                                                    "Output": [
                                                        "mi.id",
                                                        "mi.movie_id",
                                                        "mi.info_type_id",
                                                        "mi.info",
                                                        "mi.note"
                                                    ],
                                                    "Workers": [
                                                        {
                                                            "Worker Number": 0,
                                                            "Actual Startup Time": 0.023,
                                                            "Actual Total Time": 260.215,
                                                            "Actual Rows": 2644943,
                                                            "Actual Loops": 1
                                                        },
                                                        {
                                                            "Worker Number": 1,
                                                            "Actual Startup Time": 0.02,
                                                            "Actual Total Time": 262.411,
                                                            "Actual Rows": 2648089,
                                                            "Actual Loops": 1
                                                        },
                                                        {
                                                            "Worker Number": 2,
                                                            "Actual Startup Time": 0.029,
                                                            "Actual Total Time": 271.089,
                                                            "Actual Rows": 1773040,
                                                            "Actual Loops": 1
                                                        },
                                                        {
                                                            "Worker Number": 3,
                                                            "Actual Startup Time": 0.021,
                                                            "Actual Total Time": 266.564,
                                                            "Actual Rows": 2140845,
                                                            "Actual Loops": 1
                                                        },
                                                        {
                                                            "Worker Number": 4,
                                                            "Actual Startup Time": 0.025,
                                                            "Actual Total Time": 257.322,
                                                            "Actual Rows": 2448956,
                                                            "Actual Loops": 1
                                                        }
                                                    ]
                                                },
                                                {
                                                    "Node Type": "Hash",
                                                    "Parent Relationship": "Inner",
                                                    "Parallel Aware": true,
                                                    "Startup Cost": 43899.01,
                                                    "Total Cost": 43899.01,
                                                    "Plan Rows": 16776,
                                                    "Plan Width": 4,
                                                    "Actual Startup Time": 74.917,
                                                    "Actual Total Time": 74.918,
                                                    "Actual Rows": 11224,
                                                    "Actual Loops": 6,
                                                    "Output": [
                                                        "t.id"
                                                    ],
                                                    "Hash Buckets": 131072,
                                                    "Original Hash Buckets": 131072,
                                                    "Hash Batches": 1,
                                                    "Original Hash Batches": 1,
                                                    "Peak Memory Usage": 3744,
                                                    "Workers": [
                                                        {
                                                            "Worker Number": 0,
                                                            "Actual Startup Time": 72.563,
                                                            "Actual Total Time": 72.564,
                                                            "Actual Rows": 8755,
                                                            "Actual Loops": 1
                                                        },
                                                        {
                                                            "Worker Number": 1,
                                                            "Actual Startup Time": 72.552,
                                                            "Actual Total Time": 72.552,
                                                            "Actual Rows": 8634,
                                                            "Actual Loops": 1
                                                        },
                                                        {
                                                            "Worker Number": 2,
                                                            "Actual Startup Time": 73.033,
                                                            "Actual Total Time": 73.034,
                                                            "Actual Rows": 6345,
                                                            "Actual Loops": 1
                                                        },
                                                        {
                                                            "Worker Number": 3,
                                                            "Actual Startup Time": 73.31,
                                                            "Actual Total Time": 73.311,
                                                            "Actual Rows": 9335,
                                                            "Actual Loops": 1
                                                        },
                                                        {
                                                            "Worker Number": 4,
                                                            "Actual Startup Time": 73.54,
                                                            "Actual Total Time": 73.541,
                                                            "Actual Rows": 8448,
                                                            "Actual Loops": 1
                                                        }
                                                    ],
                                                    "Plans": [
                                                        {
                                                            "Node Type": "Seq Scan",
                                                            "Parent Relationship": "Outer",
                                                            "Parallel Aware": true,
                                                            "Relation Name": "title",
                                                            "Schema": "public",
                                                            "Alias": "t",
                                                            "Startup Cost": 0.0,
                                                            "Total Cost": 43899.01,
                                                            "Plan Rows": 16776,
                                                            "Plan Width": 4,
                                                            "Actual Startup Time": 0.054,
                                                            "Actual Total Time": 69.505,
                                                            "Actual Rows": 11224,
                                                            "Actual Loops": 6,
                                                            "Output": [
                                                                "t.id"
                                                            ],
                                                            "Filter": "(t.production_year > 2012)",
                                                            "Rows Removed by Filter": 410162,
                                                            "Workers": [
                                                                {
                                                                    "Worker Number": 0,
                                                                    "Actual Startup Time": 0.054,
                                                                    "Actual Total Time": 67.358,
                                                                    "Actual Rows": 8755,
                                                                    "Actual Loops": 1
                                                                },
                                                                {
                                                                    "Worker Number": 1,
                                                                    "Actual Startup Time": 0.06,
                                                                    "Actual Total Time": 67.099,
                                                                    "Actual Rows": 8634,
                                                                    "Actual Loops": 1
                                                                },
                                                                {
                                                                    "Worker Number": 2,
                                                                    "Actual Startup Time": 0.061,
                                                                    "Actual Total Time": 67.949,
                                                                    "Actual Rows": 6345,
                                                                    "Actual Loops": 1
                                                                },
                                                                {
                                                                    "Worker Number": 3,
                                                                    "Actual Startup Time": 0.06,
                                                                    "Actual Total Time": 68.429,
                                                                    "Actual Rows": 9335,
                                                                    "Actual Loops": 1
                                                                },
                                                                {
                                                                    "Worker Number": 4,
                                                                    "Actual Startup Time": 0.061,
                                                                    "Actual Total Time": 68.093,
                                                                    "Actual Rows": 8448,
                                                                    "Actual Loops": 1
                                                                }
                                                            ]
                                                        }
                                                    ]
                                                }
                                            ]
                                        },
                                        {
                                            "Node Type": "Index Scan",
                                            "Parent Relationship": "Inner",
                                            "Parallel Aware": false,
                                            "Scan Direction": "Forward",
                                            "Index Name": "movie_id_cast_info",
                                            "Relation Name": "cast_info",
                                            "Schema": "public",
                                            "Alias": "ci",
                                            "Startup Cost": 0.56,
                                            "Total Cost": 1.43,
                                            "Plan Rows": 21,
                                            "Plan Width": 4,
                                            "Actual Startup Time": 0.013,
                                            "Actual Total Time": 0.027,
                                            "Actual Rows": 15,
                                            "Actual Loops": 291483,
                                            "Output": [
                                                "ci.id",
                                                "ci.person_id",
                                                "ci.movie_id",
                                                "ci.person_role_id",
                                                "ci.note",
                                                "ci.nr_order",
                                                "ci.role_id"
                                            ],
                                            "Index Cond": "(ci.movie_id = mi.movie_id)",
                                            "Rows Removed by Index Recheck": 0,
                                            "Filter": "(ci.person_id > 1605378)",
                                            "Rows Removed by Filter": 11,
                                            "Workers": [
                                                {
                                                    "Worker Number": 0,
                                                    "Actual Startup Time": 0.012,
                                                    "Actual Total Time": 0.025,
                                                    "Actual Rows": 15,
                                                    "Actual Loops": 52816
                                                },
                                                {
                                                    "Worker Number": 1,
                                                    "Actual Startup Time": 0.012,
                                                    "Actual Total Time": 0.025,
                                                    "Actual Rows": 14,
                                                    "Actual Loops": 51481
                                                },
                                                {
                                                    "Worker Number": 2,
                                                    "Actual Startup Time": 0.018,
                                                    "Actual Total Time": 0.036,
                                                    "Actual Rows": 14,
                                                    "Actual Loops": 35288
                                                },
                                                {
                                                    "Worker Number": 3,
                                                    "Actual Startup Time": 0.014,
                                                    "Actual Total Time": 0.03,
                                                    "Actual Rows": 15,
                                                    "Actual Loops": 43512
                                                },
                                                {
                                                    "Worker Number": 4,
                                                    "Actual Startup Time": 0.014,
                                                    "Actual Total Time": 0.028,
                                                    "Actual Rows": 14,
                                                    "Actual Loops": 47514
                                                }
                                            ]
                                        }
                                    ]
                                }
                            ]
                        }
                    ]
                }
            ]
        },
        "Planning Time": 180.03,
        "Triggers": [],
        "Execution Time": 2151.602
    }
]