[
  {
    "Plan": {
      "Node Type": "Aggregate",
      "Strategy": "Plain",
      "Partial Mode": "Finalize",
      "Parallel Aware": false,
      "Startup Cost": 20339.29,
      "Total Cost": 20339.3,
      "Plan Rows": 1,
      "Plan Width": 8,
      "Actual Startup Time": 32.178,
      "Actual Total Time": 37.673,
      "Actual Rows": 1,
      "Actual Loops": 1,
      "Plans": [
        {
          "Node Type": "Gather",
          "Parent Relationship": "Outer",
          "Parallel Aware": false,
          "Startup Cost": 20339.08,
          "Total Cost": 20339.29,
          "Plan Rows": 2,
          "Plan Width": 8,
          "Actual Startup Time": 31.972,
          "Actual Total Time": 37.664,
          "Actual Rows": 3,
          "Actual Loops": 1,
          "Workers Planned": 2,
          "Workers Launched": 2,
          "Single Copy": false,
          "Plans": [
            {
              "Node Type": "Aggregate",
              "Strategy": "Plain",
              "Partial Mode": "Partial",
              "Parent Relationship": "Outer",
              "Parallel Aware": false,
              "Startup Cost": 19339.08,
              "Total Cost": 19339.09,
              "Plan Rows": 1,
              "Plan Width": 8,
              "Actual Startup Time": 24.733,
              "Actual Total Time": 24.735,
              "Actual Rows": 1,
              "Actual Loops": 3,
              "Plans": [
                {
                  "Node Type": "Nested Loop",
                  "Parent Relationship": "Outer",
                  "Parallel Aware": false,
                  "Join Type": "Inner",
                  "Startup Cost": 98.47,
                  "Total Cost": 19334.94,
                  "Plan Rows": 1657,
                  "Plan Width": 0,
                  "Actual Startup Time": 2.554,
                  "Actual Total Time": 24.44,
                  "Actual Rows": 2614,
                  "Actual Loops": 3,
                  "Inner Unique": false,
                  "Plans": [
                    {
                      "Node Type": "Nested Loop",
                      "Parent Relationship": "Outer",
                      "Parallel Aware": false,
                      "Join Type": "Inner",
                      "Startup Cost": 98.03,
                      "Total Cost": 17696.17,
                      "Plan Rows": 926,
                      "Plan Width": 8,
                      "Actual Startup Time": 2.414,
                      "Actual Total Time": 15.426,
                      "Actual Rows": 663,
                      "Actual Loops": 3,
                      "Inner Unique": true,
                      "Plans": [
                        {
                          "Node Type": "Bitmap Heap Scan",
                          "Parent Relationship": "Outer",
                          "Parallel Aware": true,
                          "Relation Name": "movie_companies",
                          "Alias": "mc",
                          "Startup Cost": 97.6,
                          "Total Cost": 10390.55,
                          "Plan Rows": 926,
                          "Plan Width": 4,
                          "Actual Startup Time": 2.245,
                          "Actual Total Time": 4.946,
                          "Actual Rows": 663,
                          "Actual Loops": 3,
                          "Recheck Cond": "(company_id = 69)",
                          "Rows Removed by Index Recheck": 0,
                          "Filter": "(company_type_id > 1)",
                          "Rows Removed by Filter": 763,
                          "Exact Heap Blocks": 1507,
                          "Lossy Heap Blocks": 0,
                          "Plans": [
                            {
                              "Node Type": "Bitmap Index Scan",
                              "Parent Relationship": "Outer",
                              "Parallel Aware": false,
                              "Index Name": "company_id_movie_companies",
                              "Startup Cost": 0.0,
                              "Total Cost": 97.05,
                              "Plan Rows": 4349,
                              "Plan Width": 0,
                              "Actual Startup Time": 2.553,
                              "Actual Total Time": 2.553,
                              "Actual Rows": 4279,
                              "Actual Loops": 1,
                              "Index Cond": "(company_id = 69)"
                            }
                          ]
                        },
                        {
                          "Node Type": "Index Only Scan",
                          "Parent Relationship": "Inner",
                          "Parallel Aware": false,
                          "Scan Direction": "Forward",
                          "Index Name": "title_pkey",
                          "Relation Name": "title",
                          "Alias": "t",
                          "Startup Cost": 0.43,
                          "Total Cost": 7.89,
                          "Plan Rows": 1,
                          "Plan Width": 4,
                          "Actual Startup Time": 0.015,
                          "Actual Total Time": 0.015,
                          "Actual Rows": 1,
                          "Actual Loops": 1989,
                          "Index Cond": "(id = mc.movie_id)",
                          "Rows Removed by Index Recheck": 0,
                          "Heap Fetches": 1989
                        }
                      ]
                    },
                    {
                      "Node Type": "Index Only Scan",
                      "Parent Relationship": "Inner",
                      "Parallel Aware": false,
                      "Scan Direction": "Forward",
                      "Index Name": "movie_id_movie_keyword",
                      "Relation Name": "movie_keyword",
                      "Alias": "mk",
                      "Startup Cost": 0.43,
                      "Total Cost": 1.31,
                      "Plan Rows": 46,
                      "Plan Width": 4,
                      "Actual Startup Time": 0.011,
                      "Actual Total Time": 0.012,
                      "Actual Rows": 4,
                      "Actual Loops": 1989,
                      "Index Cond": "(movie_id = t.id)",
                      "Rows Removed by Index Recheck": 0,
                      "Heap Fetches": 7842
                    }
                  ]
                }
              ]
            }
          ]
        }
      ]
    },
    "Planning Time": 1.145,
    "Triggers": [],
    "Execution Time": 37.756
  }
]