[
  {
    "Plan": {
      "Node Type": "Aggregate",
      "Strategy": "Plain",
      "Partial Mode": "Finalize",
      "Parallel Aware": false,
      "Startup Cost": 33065.27,
      "Total Cost": 33065.28,
      "Plan Rows": 1,
      "Plan Width": 8,
      "Actual Startup Time": 56.038,
      "Actual Total Time": 68.033,
      "Actual Rows": 1,
      "Actual Loops": 1,
      "Plans": [
        {
          "Node Type": "Gather",
          "Parent Relationship": "Outer",
          "Parallel Aware": false,
          "Startup Cost": 33065.06,
          "Total Cost": 33065.27,
          "Plan Rows": 2,
          "Plan Width": 8,
          "Actual Startup Time": 55.836,
          "Actual Total Time": 68.028,
          "Actual Rows": 3,
          "Actual Loops": 1,
          "Workers Planned": 2,
          "Workers Launched": 2,
          "Single Copy": false,
          "Plans": [
            {
              "Node Type": "Aggregate",
              "Strategy": "Plain",
              "Partial Mode": "Partial",
              "Parent Relationship": "Outer",
              "Parallel Aware": false,
              "Startup Cost": 32065.06,
              "Total Cost": 32065.07,
              "Plan Rows": 1,
              "Plan Width": 8,
              "Actual Startup Time": 51.653,
              "Actual Total Time": 51.654,
              "Actual Rows": 1,
              "Actual Loops": 3,
              "Plans": [
                {
                  "Node Type": "Nested Loop",
                  "Parent Relationship": "Outer",
                  "Parallel Aware": false,
                  "Join Type": "Inner",
                  "Startup Cost": 126.87,
                  "Total Cost": 32062.59,
                  "Plan Rows": 987,
                  "Plan Width": 0,
                  "Actual Startup Time": 1.024,
                  "Actual Total Time": 50.47,
                  "Actual Rows": 18081,
                  "Actual Loops": 3,
                  "Inner Unique": false,
                  "Plans": [
                    {
                      "Node Type": "Nested Loop",
                      "Parent Relationship": "Outer",
                      "Parallel Aware": false,
                      "Join Type": "Inner",
                      "Startup Cost": 126.44,
                      "Total Cost": 31410.32,
                      "Plan Rows": 956,
                      "Plan Width": 8,
                      "Actual Startup Time": 0.933,
                      "Actual Total Time": 24.145,
                      "Actual Rows": 1839,
                      "Actual Loops": 3,
                      "Inner Unique": true,
                      "Plans": [
                        {
                          "Node Type": "Bitmap Heap Scan",
                          "Parent Relationship": "Outer",
                          "Parallel Aware": true,
                          "Relation Name": "movie_keyword",
                          "Alias": "mk",
                          "Startup Cost": 126.01,
                          "Total Cost": 13858.95,
                          "Plan Rows": 2450,
                          "Plan Width": 4,
                          "Actual Startup Time": 0.817,
                          "Actual Total Time": 8.601,
                          "Actual Rows": 1952,
                          "Actual Loops": 3,
                          "Recheck Cond": "(keyword_id = 405)",
                          "Rows Removed by Index Recheck": 0,
                          "Exact Heap Blocks": 3723,
                          "Lossy Heap Blocks": 0,
                          "Plans": [
                            {
                              "Node Type": "Bitmap Index Scan",
                              "Parent Relationship": "Outer",
                              "Parallel Aware": false,
                              "Index Name": "keyword_id_movie_keyword",
                              "Startup Cost": 0.0,
                              "Total Cost": 124.54,
                              "Plan Rows": 5881,
                              "Plan Width": 0,
                              "Actual Startup Time": 1.392,
                              "Actual Total Time": 1.393,
                              "Actual Rows": 5857,
                              "Actual Loops": 1,
                              "Index Cond": "(keyword_id = 405)"
                            }
                          ]
                        },
                        {
                          "Node Type": "Index Scan",
                          "Parent Relationship": "Inner",
                          "Parallel Aware": false,
                          "Scan Direction": "Forward",
                          "Index Name": "title_pkey",
                          "Relation Name": "title",
                          "Alias": "t",
                          "Startup Cost": 0.43,
                          "Total Cost": 7.16,
                          "Plan Rows": 1,
                          "Plan Width": 4,
                          "Actual Startup Time": 0.007,
                          "Actual Total Time": 0.007,
                          "Actual Rows": 1,
                          "Actual Loops": 5857,
                          "Index Cond": "(id = mk.movie_id)",
                          "Rows Removed by Index Recheck": 0,
                          "Filter": "(kind_id < 7)",
                          "Rows Removed by Filter": 0
                        }
                      ]
                    },
                    {
                      "Node Type": "Index Only Scan",
                      "Parent Relationship": "Inner",
                      "Parallel Aware": false,
                      "Scan Direction": "Forward",
                      "Index Name": "movie_id_movie_companies",
                      "Relation Name": "movie_companies",
                      "Alias": "mc",
                      "Startup Cost": 0.43,
                      "Total Cost": 0.63,
                      "Plan Rows": 5,
                      "Plan Width": 4,
                      "Actual Startup Time": 0.009,
                      "Actual Total Time": 0.013,
                      "Actual Rows": 10,
                      "Actual Loops": 5517,
                      "Index Cond": "(movie_id = t.id)",
                      "Rows Removed by Index Recheck": 0,
                      "Heap Fetches": 54244
                    }
                  ]
                }
              ]
            }
          ]
        }
      ]
    },
    "Planning Time": 0.692,
    "Triggers": [],
    "Execution Time": 68.085
  }
]