[
  {
    "Plan": {
      "Node Type": "Aggregate",
      "Strategy": "Plain",
      "Partial Mode": "Finalize",
      "Parallel Aware": false,
      "Startup Cost": 189984.66,
      "Total Cost": 189984.67,
      "Plan Rows": 1,
      "Plan Width": 8,
      "Actual Startup Time": 503.5,
      "Actual Total Time": 540.153,
      "Actual Rows": 1,
      "Actual Loops": 1,
      "Plans": [
        {
          "Node Type": "Gather",
          "Parent Relationship": "Outer",
          "Parallel Aware": false,
          "Startup Cost": 189984.14,
          "Total Cost": 189984.65,
          "Plan Rows": 5,
          "Plan Width": 8,
          "Actual Startup Time": 497.408,
          "Actual Total Time": 540.136,
          "Actual Rows": 6,
          "Actual Loops": 1,
          "Workers Planned": 5,
          "Workers Launched": 5,
          "Single Copy": false,
          "Plans": [
            {
              "Node Type": "Aggregate",
              "Strategy": "Plain",
              "Partial Mode": "Partial",
              "Parent Relationship": "Outer",
              "Parallel Aware": false,
              "Startup Cost": 188984.14,
              "Total Cost": 188984.15,
              "Plan Rows": 1,
              "Plan Width": 8,
              "Actual Startup Time": 491.035,
              "Actual Total Time": 491.248,
              "Actual Rows": 1,
              "Actual Loops": 6,
              "Plans": [
                {
                  "Node Type": "Hash Join",
                  "Parent Relationship": "Outer",
                  "Parallel Aware": true,
                  "Join Type": "Inner",
                  "Startup Cost": 80171.5,
                  "Total Cost": 188917.55,
                  "Plan Rows": 26634,
                  "Plan Width": 0,
                  "Actual Startup Time": 266.917,
                  "Actual Total Time": 488.975,
                  "Actual Rows": 39199,
                  "Actual Loops": 6,
                  "Inner Unique": false,
                  "Hash Cond": "(ci.movie_id = t.id)",
                  "Plans": [
                    {
                      "Node Type": "Index Scan",
                      "Parent Relationship": "Outer",
                      "Parallel Aware": true,
                      "Scan Direction": "Forward",
                      "Index Name": "role_id_cast_info",
                      "Relation Name": "cast_info",
                      "Alias": "ci",
                      "Startup Cost": 0.56,
                      "Total Cost": 107159.34,
                      "Plan Rows": 400362,
                      "Plan Width": 4,
                      "Actual Startup Time": 0.342,
                      "Actual Total Time": 171.582,
                      "Actual Rows": 233030,
                      "Actual Loops": 6,
                      "Index Cond": "(role_id = 3)",
                      "Rows Removed by Index Recheck": 0,
                      "Filter": "(person_id < 1859502)",
                      "Rows Removed by Filter": 434976
                    },
                    {
                      "Node Type": "Hash",
                      "Parent Relationship": "Inner",
                      "Parallel Aware": true,
                      "Startup Cost": 79492.7,
                      "Total Cost": 79492.7,
                      "Plan Rows": 54259,
                      "Plan Width": 8,
                      "Actual Startup Time": 263.954,
                      "Actual Total Time": 264.165,
                      "Actual Rows": 26729,
                      "Actual Loops": 6,
                      "Hash Buckets": 262144,
                      "Original Hash Buckets": 262144,
                      "Hash Batches": 1,
                      "Original Hash Batches": 1,
                      "Peak Memory Usage": 8384,
                      "Plans": [
                        {
                          "Node Type": "Hash Join",
                          "Parent Relationship": "Outer",
                          "Parallel Aware": true,
                          "Join Type": "Inner",
                          "Startup Cost": 47528.67,
                          "Total Cost": 79492.7,
                          "Plan Rows": 54259,
                          "Plan Width": 8,
                          "Actual Startup Time": 154.834,
                          "Actual Total Time": 251.327,
                          "Actual Rows": 26729,
                          "Actual Loops": 6,
                          "Inner Unique": true,
                          "Hash Cond": "(mc.movie_id = t.id)",
                          "Plans": [
                            {
                              "Node Type": "Seq Scan",
                              "Parent Relationship": "Outer",
                              "Parallel Aware": true,
                              "Relation Name": "movie_companies",
                              "Alias": "mc",
                              "Startup Cost": 0.0,
                              "Total Cost": 31414.82,
                              "Plan Rows": 209223,
                              "Plan Width": 4,
                              "Actual Startup Time": 0.017,
                              "Actual Total Time": 60.359,
                              "Actual Rows": 149953,
                              "Actual Loops": 6,
                              "Filter": "((company_id < 11428) AND (company_type_id = 1))",
                              "Rows Removed by Filter": 284902
                            },
                            {
                              "Node Type": "Hash",
                              "Parent Relationship": "Inner",
                              "Parallel Aware": true,
                              "Startup Cost": 45479.59,
                              "Total Cost": 45479.59,
                              "Plan Rows": 163927,
                              "Plan Width": 4,
                              "Actual Startup Time": 152.268,
                              "Actual Total Time": 152.269,
                              "Actual Rows": 93986,
                              "Actual Loops": 6,
                              "Hash Buckets": 1048576,
                              "Original Hash Buckets": 1048576,
                              "Hash Batches": 1,
                              "Original Hash Batches": 1,
                              "Peak Memory Usage": 30368,
                              "Plans": [
                                {
                                  "Node Type": "Seq Scan",
                                  "Parent Relationship": "Outer",
                                  "Parallel Aware": true,
                                  "Relation Name": "title",
                                  "Alias": "t",
                                  "Startup Cost": 0.0,
                                  "Total Cost": 45479.59,
                                  "Plan Rows": 163927,
                                  "Plan Width": 4,
                                  "Actual Startup Time": 0.057,
                                  "Actual Total Time": 94.553,
                                  "Actual Rows": 93986,
                                  "Actual Loops": 6,
                                  "Filter": "((kind_id > 4) AND (production_year < 2001))",
                                  "Rows Removed by Filter": 327399
                                }
                              ]
                            }
                          ]
                        }
                      ]
                    }
                  ]
                }
              ]
            }
          ]
        }
      ]
    },
    "Planning Time": 1.577,
    "Triggers": [],
    "Execution Time": 540.256
  }
]