[
  {
    "Plan": {
      "Node Type": "Aggregate",
      "Strategy": "Plain",
      "Partial Mode": "Finalize",
      "Parallel Aware": false,
      "Startup Cost": 193338.42,
      "Total Cost": 193338.43,
      "Plan Rows": 1,
      "Plan Width": 8,
      "Actual Startup Time": 397.643,
      "Actual Total Time": 419.839,
      "Actual Rows": 1,
      "Actual Loops": 1,
      "Plans": [
        {
          "Node Type": "Gather",
          "Parent Relationship": "Outer",
          "Parallel Aware": false,
          "Startup Cost": 193337.89,
          "Total Cost": 193338.4,
          "Plan Rows": 5,
          "Plan Width": 8,
          "Actual Startup Time": 393.671,
          "Actual Total Time": 419.825,
          "Actual Rows": 6,
          "Actual Loops": 1,
          "Workers Planned": 5,
          "Workers Launched": 5,
          "Single Copy": false,
          "Plans": [
            {
              "Node Type": "Aggregate",
              "Strategy": "Plain",
              "Partial Mode": "Partial",
              "Parent Relationship": "Outer",
              "Parallel Aware": false,
              "Startup Cost": 192337.89,
              "Total Cost": 192337.9,
              "Plan Rows": 1,
              "Plan Width": 8,
              "Actual Startup Time": 379.854,
              "Actual Total Time": 380.015,
              "Actual Rows": 1,
              "Actual Loops": 6,
              "Plans": [
                {
                  "Node Type": "Hash Join",
                  "Parent Relationship": "Outer",
                  "Parallel Aware": true,
                  "Join Type": "Inner",
                  "Startup Cost": 80188.26,
                  "Total Cost": 192267.65,
                  "Plan Rows": 28099,
                  "Plan Width": 0,
                  "Actual Startup Time": 223.09,
                  "Actual Total Time": 378.305,
                  "Actual Rows": 39199,
                  "Actual Loops": 6,
                  "Inner Unique": false,
                  "Hash Cond": "(ci.movie_id = t.id)",
                  "Plans": [
                    {
                      "Node Type": "Index Scan",
                      "Parent Relationship": "Outer",
                      "Parallel Aware": true,
                      "Scan Direction": "Forward",
                      "Index Name": "role_id_cast_info",
                      "Relation Name": "cast_info",
                      "Alias": "ci",
                      "Startup Cost": 0.56,
                      "Total Cost": 110428.26,
                      "Plan Rows": 416282,
                      "Plan Width": 4,
                      "Actual Startup Time": 0.257,
                      "Actual Total Time": 114.059,
                      "Actual Rows": 233030,
                      "Actual Loops": 6,
                      "Index Cond": "(role_id = 3)",
                      "Rows Removed by Index Recheck": 0,
                      "Filter": "(person_id < 1859502)",
                      "Rows Removed by Filter": 434976
                    },
                    {
                      "Node Type": "Hash",
                      "Parent Relationship": "Inner",
                      "Parallel Aware": true,
                      "Startup Cost": 79499.54,
                      "Total Cost": 79499.54,
                      "Plan Rows": 55052,
                      "Plan Width": 8,
                      "Actual Startup Time": 220.575,
                      "Actual Total Time": 220.733,
                      "Actual Rows": 26729,
                      "Actual Loops": 6,
                      "Hash Buckets": 262144,
                      "Original Hash Buckets": 262144,
                      "Hash Batches": 1,
                      "Original Hash Batches": 1,
                      "Peak Memory Usage": 8448,
                      "Plans": [
                        {
                          "Node Type": "Hash Join",
                          "Parent Relationship": "Outer",
                          "Parallel Aware": true,
                          "Join Type": "Inner",
                          "Startup Cost": 47527.26,
                          "Total Cost": 79499.54,
                          "Plan Rows": 55052,
                          "Plan Width": 8,
                          "Actual Startup Time": 132.754,
                          "Actual Total Time": 211.066,
                          "Actual Rows": 26729,
                          "Actual Loops": 6,
                          "Inner Unique": true,
                          "Hash Cond": "(mc.movie_id = t.id)",
                          "Plans": [
                            {
                              "Node Type": "Seq Scan",
                              "Parent Relationship": "Outer",
                              "Parallel Aware": true,
                              "Relation Name": "movie_companies",
                              "Alias": "mc",
                              "Startup Cost": 0.0,
                              "Total Cost": 31414.82,
                              "Plan Rows": 212368,
                              "Plan Width": 4,
                              "Actual Startup Time": 0.025,
                              "Actual Total Time": 46.999,
                              "Actual Rows": 149953,
                              "Actual Loops": 6,
                              "Filter": "((company_id < 11428) AND (company_type_id = 1))",
                              "Rows Removed by Filter": 284902
                            },
                            {
                              "Node Type": "Hash",
                              "Parent Relationship": "Inner",
                              "Parallel Aware": true,
                              "Startup Cost": 45479.1,
                              "Total Cost": 45479.1,
                              "Plan Rows": 163853,
                              "Plan Width": 4,
                              "Actual Startup Time": 129.933,
                              "Actual Total Time": 129.935,
                              "Actual Rows": 93986,
                              "Actual Loops": 6,
                              "Hash Buckets": 1048576,
                              "Original Hash Buckets": 1048576,
                              "Hash Batches": 1,
                              "Original Hash Batches": 1,
                              "Peak Memory Usage": 30368,
                              "Plans": [
                                {
                                  "Node Type": "Seq Scan",
                                  "Parent Relationship": "Outer",
                                  "Parallel Aware": true,
                                  "Relation Name": "title",
                                  "Alias": "t",
                                  "Startup Cost": 0.0,
                                  "Total Cost": 45479.1,
                                  "Plan Rows": 163853,
                                  "Plan Width": 4,
                                  "Actual Startup Time": 0.048,
                                  "Actual Total Time": 81.814,
                                  "Actual Rows": 93986,
                                  "Actual Loops": 6,
                                  "Filter": "((kind_id > 4) AND (production_year < 2001))",
                                  "Rows Removed by Filter": 327399
                                }
                              ]
                            }
                          ]
                        }
                      ]
                    }
                  ]
                }
              ]
            }
          ]
        }
      ]
    },
    "Planning Time": 1.468,
    "Triggers": [],
    "Execution Time": 419.934
  }
]