[
    {
        "Bao": {
            "Bao prediction": "NaN",
            "Bao recommended hint": "(no hint)"
        }
    },
    {
        "Plan": {
            "Node Type": "Aggregate",
            "Strategy": "Plain",
            "Partial Mode": "Finalize",
            "Parallel Aware": false,
            "Startup Cost": 39695.63,
            "Total Cost": 39695.64,
            "Plan Rows": 1,
            "Plan Width": 8,
            "Actual Startup Time": 115.542,
            "Actual Total Time": 121.522,
            "Actual Rows": 1,
            "Actual Loops": 1,
            "Output": [
                "count(*)"
            ],
            "Plans": [
                {
                    "Node Type": "Gather",
                    "Parent Relationship": "Outer",
                    "Parallel Aware": false,
                    "Startup Cost": 39695.31,
                    "Total Cost": 39695.62,
                    "Plan Rows": 3,
                    "Plan Width": 8,
                    "Actual Startup Time": 115.27,
                    "Actual Total Time": 121.514,
                    "Actual Rows": 4,
                    "Actual Loops": 1,
                    "Output": [
                        "(PARTIAL count(*))"
                    ],
                    "Workers Planned": 3,
                    "Workers Launched": 3,
                    "Single Copy": false,
                    "Plans": [
                        {
                            "Node Type": "Aggregate",
                            "Strategy": "Plain",
                            "Partial Mode": "Partial",
                            "Parent Relationship": "Outer",
                            "Parallel Aware": false,
                            "Startup Cost": 38695.31,
                            "Total Cost": 38695.32,
                            "Plan Rows": 1,
                            "Plan Width": 8,
                            "Actual Startup Time": 106.399,
                            "Actual Total Time": 106.401,
                            "Actual Rows": 1,
                            "Actual Loops": 4,
                            "Output": [
                                "PARTIAL count(*)"
                            ],
                            "Workers": [
                                {
                                    "Worker Number": 0,
                                    "Actual Startup Time": 103.517,
                                    "Actual Total Time": 103.519,
                                    "Actual Rows": 1,
                                    "Actual Loops": 1
                                },
                                {
                                    "Worker Number": 1,
                                    "Actual Startup Time": 103.55,
                                    "Actual Total Time": 103.552,
                                    "Actual Rows": 1,
                                    "Actual Loops": 1
                                },
                                {
                                    "Worker Number": 2,
                                    "Actual Startup Time": 103.546,
                                    "Actual Total Time": 103.548,
                                    "Actual Rows": 1,
                                    "Actual Loops": 1
                                }
                            ],
                            "Plans": [
                                {
                                    "Node Type": "Bitmap Heap Scan",
                                    "Parent Relationship": "Outer",
                                    "Parallel Aware": true,
                                    "Relation Name": "movie_keyword",
                                    "Schema": "public",
                                    "Alias": "mk",
                                    "Startup Cost": 11596.51,
                                    "Total Cost": 38254.51,
                                    "Plan Rows": 176320,
                                    "Plan Width": 0,
                                    "Actual Startup Time": 25.54,
                                    "Actual Total Time": 98.593,
                                    "Actual Rows": 136338,
                                    "Actual Loops": 4,
                                    "Recheck Cond": "(mk.keyword_id < 393)",
                                    "Rows Removed by Index Recheck": 0,
                                    "Exact Heap Blocks": 10534,
                                    "Lossy Heap Blocks": 0,
                                    "Workers": [
                                        {
                                            "Worker Number": 0,
                                            "Actual Startup Time": 22.703,
                                            "Actual Total Time": 96.832,
                                            "Actual Rows": 103308,
                                            "Actual Loops": 1
                                        },
                                        {
                                            "Worker Number": 1,
                                            "Actual Startup Time": 22.776,
                                            "Actual Total Time": 96.718,
                                            "Actual Rows": 103830,
                                            "Actual Loops": 1
                                        },
                                        {
                                            "Worker Number": 2,
                                            "Actual Startup Time": 22.867,
                                            "Actual Total Time": 96.73,
                                            "Actual Rows": 102104,
                                            "Actual Loops": 1
                                        }
                                    ],
                                    "Plans": [
                                        {
                                            "Node Type": "Bitmap Index Scan",
                                            "Parent Relationship": "Outer",
                                            "Parallel Aware": false,
                                            "Index Name": "keyword_id_movie_keyword",
                                            "Startup Cost": 0.0,
                                            "Total Cost": 11459.86,
                                            "Plan Rows": 546591,
                                            "Plan Width": 0,
                                            "Actual Startup Time": 30.307,
                                            "Actual Total Time": 30.308,
                                            "Actual Rows": 545354,
                                            "Actual Loops": 1,
                                            "Index Cond": "(mk.keyword_id < 393)"
                                        }
                                    ]
                                }
                            ]
                        }
                    ]
                }
            ]
        },
        "Planning Time": 188.318,
        "Triggers": [],
        "Execution Time": 121.578
    }
]