[
  {
    "Plan": {
      "Node Type": "Aggregate",
      "Strategy": "Plain",
      "Partial Mode": "Finalize",
      "Parallel Aware": false,
      "Startup Cost": 46744.75,
      "Total Cost": 46744.76,
      "Plan Rows": 1,
      "Plan Width": 8,
      "Actual Startup Time": 155.795,
      "Actual Total Time": 164.682,
      "Actual Rows": 1,
      "Actual Loops": 1,
      "Plans": [
        {
          "Node Type": "Gather",
          "Parent Relationship": "Outer",
          "Parallel Aware": false,
          "Startup Cost": 46744.44,
          "Total Cost": 46744.75,
          "Plan Rows": 3,
          "Plan Width": 8,
          "Actual Startup Time": 155.66,
          "Actual Total Time": 164.669,
          "Actual Rows": 4,
          "Actual Loops": 1,
          "Workers Planned": 3,
          "Workers Launched": 3,
          "Single Copy": false,
          "Plans": [
            {
              "Node Type": "Aggregate",
              "Strategy": "Plain",
              "Partial Mode": "Partial",
              "Parent Relationship": "Outer",
              "Parallel Aware": false,
              "Startup Cost": 45744.44,
              "Total Cost": 45744.45,
              "Plan Rows": 1,
              "Plan Width": 8,
              "Actual Startup Time": 150.7,
              "Actual Total Time": 150.701,
              "Actual Rows": 1,
              "Actual Loops": 4,
              "Plans": [
                {
                  "Node Type": "Seq Scan",
                  "Parent Relationship": "Outer",
                  "Parallel Aware": true,
                  "Relation Name": "movie_keyword",
                  "Alias": "mk",
                  "Startup Cost": 0.0,
                  "Total Cost": 42695.65,
                  "Plan Rows": 1219513,
                  "Plan Width": 0,
                  "Actual Startup Time": 0.036,
                  "Actual Total Time": 112.261,
                  "Actual Rows": 945817,
                  "Actual Loops": 4,
                  "Filter": "(keyword_id < 25358)",
                  "Rows Removed by Filter": 185166
                }
              ]
            }
          ]
        }
      ]
    },
    "Planning Time": 0.104,
    "Triggers": [],
    "Execution Time": 164.712
  }
]