[
  {
    "Plan": {
      "Node Type": "Aggregate",
      "Strategy": "Plain",
      "Partial Mode": "Finalize",
      "Parallel Aware": false,
      "Startup Cost": 46739.73,
      "Total Cost": 46739.74,
      "Plan Rows": 1,
      "Plan Width": 8,
      "Actual Startup Time": 185.214,
      "Actual Total Time": 194.247,
      "Actual Rows": 1,
      "Actual Loops": 1,
      "Plans": [
        {
          "Node Type": "Gather",
          "Parent Relationship": "Outer",
          "Parallel Aware": false,
          "Startup Cost": 46739.41,
          "Total Cost": 46739.72,
          "Plan Rows": 3,
          "Plan Width": 8,
          "Actual Startup Time": 185.097,
          "Actual Total Time": 194.237,
          "Actual Rows": 4,
          "Actual Loops": 1,
          "Workers Planned": 3,
          "Workers Launched": 3,
          "Single Copy": false,
          "Plans": [
            {
              "Node Type": "Aggregate",
              "Strategy": "Plain",
              "Partial Mode": "Partial",
              "Parent Relationship": "Outer",
              "Parallel Aware": false,
              "Startup Cost": 45739.41,
              "Total Cost": 45739.42,
              "Plan Rows": 1,
              "Plan Width": 8,
              "Actual Startup Time": 176.734,
              "Actual Total Time": 176.736,
              "Actual Rows": 1,
              "Actual Loops": 4,
              "Plans": [
                {
                  "Node Type": "Seq Scan",
                  "Parent Relationship": "Outer",
                  "Parallel Aware": true,
                  "Relation Name": "movie_keyword",
                  "Alias": "mk",
                  "Startup Cost": 0.0,
                  "Total Cost": 42695.65,
                  "Plan Rows": 1217503,
                  "Plan Width": 0,
                  "Actual Startup Time": 0.07,
                  "Actual Total Time": 130.736,
                  "Actual Rows": 945817,
                  "Actual Loops": 4,
                  "Filter": "(keyword_id < 25358)",
                  "Rows Removed by Filter": 185166
                }
              ]
            }
          ]
        }
      ]
    },
    "Planning Time": 0.159,
    "Triggers": [],
    "Execution Time": 194.299
  }
]