[
  {
    "Plan": {
      "Node Type": "Aggregate",
      "Strategy": "Plain",
      "Partial Mode": "Finalize",
      "Parallel Aware": false,
      "Startup Cost": 78346.86,
      "Total Cost": 78346.87,
      "Plan Rows": 1,
      "Plan Width": 8,
      "Actual Startup Time": 262.633,
      "Actual Total Time": 279.46,
      "Actual Rows": 1,
      "Actual Loops": 1,
      "Plans": [
        {
          "Node Type": "Gather",
          "Parent Relationship": "Outer",
          "Parallel Aware": false,
          "Startup Cost": 78346.54,
          "Total Cost": 78346.85,
          "Plan Rows": 3,
          "Plan Width": 8,
          "Actual Startup Time": 261.314,
          "Actual Total Time": 279.447,
          "Actual Rows": 4,
          "Actual Loops": 1,
          "Workers Planned": 3,
          "Workers Launched": 3,
          "Single Copy": false,
          "Plans": [
            {
              "Node Type": "Aggregate",
              "Strategy": "Plain",
              "Partial Mode": "Partial",
              "Parent Relationship": "Outer",
              "Parallel Aware": false,
              "Startup Cost": 77346.54,
              "Total Cost": 77346.55,
              "Plan Rows": 1,
              "Plan Width": 8,
              "Actual Startup Time": 254.676,
              "Actual Total Time": 254.679,
              "Actual Rows": 1,
              "Actual Loops": 4,
              "Plans": [
                {
                  "Node Type": "Hash Join",
                  "Parent Relationship": "Outer",
                  "Parallel Aware": true,
                  "Join Type": "Inner",
                  "Startup Cost": 46009.14,
                  "Total Cost": 77224.94,
                  "Plan Rows": 48641,
                  "Plan Width": 0,
                  "Actual Startup Time": 112.366,
                  "Actual Total Time": 253.673,
                  "Actual Rows": 18430,
                  "Actual Loops": 4,
                  "Inner Unique": true,
                  "Hash Cond": "(mc.movie_id = t.id)",
                  "Plans": [
                    {
                      "Node Type": "Seq Scan",
                      "Parent Relationship": "Outer",
                      "Parallel Aware": true,
                      "Relation Name": "movie_companies",
                      "Alias": "mc",
                      "Startup Cost": 0.0,
                      "Total Cost": 29310.68,
                      "Plan Rows": 725760,
                      "Plan Width": 4,
                      "Actual Startup Time": 0.041,
                      "Actual Total Time": 74.845,
                      "Actual Rows": 563549,
                      "Actual Loops": 4,
                      "Filter": "(company_id > 171)",
                      "Rows Removed by Filter": 88733
                    },
                    {
                      "Node Type": "Hash",
                      "Parent Relationship": "Inner",
                      "Parallel Aware": true,
                      "Startup Cost": 45479.59,
                      "Total Cost": 45479.59,
                      "Plan Rows": 42364,
                      "Plan Width": 4,
                      "Actual Startup Time": 110.932,
                      "Actual Total Time": 110.933,
                      "Actual Rows": 42517,
                      "Actual Loops": 4,
                      "Hash Buckets": 262144,
                      "Original Hash Buckets": 262144,
                      "Hash Batches": 1,
                      "Original Hash Batches": 1,
                      "Peak Memory Usage": 8736,
                      "Plans": [
                        {
                          "Node Type": "Seq Scan",
                          "Parent Relationship": "Outer",
                          "Parallel Aware": true,
                          "Relation Name": "title",
                          "Alias": "t",
                          "Startup Cost": 0.0,
                          "Total Cost": 45479.59,
                          "Plan Rows": 42364,
                          "Plan Width": 4,
                          "Actual Startup Time": 0.04,
                          "Actual Total Time": 95.478,
                          "Actual Rows": 42517,
                          "Actual Loops": 4,
                          "Filter": "((kind_id > 1) AND (production_year > 2011))",
                          "Rows Removed by Filter": 589561
                        }
                      ]
                    }
                  ]
                }
              ]
            }
          ]
        }
      ]
    },
    "Planning Time": 0.268,
    "Triggers": [],
    "Execution Time": 279.496
  }
]