[
  {
    "Plan": {
      "Node Type": "Aggregate",
      "Strategy": "Plain",
      "Partial Mode": "Finalize",
      "Parallel Aware": false,
      "Startup Cost": 335048.1,
      "Total Cost": 335048.11,
      "Plan Rows": 1,
      "Plan Width": 8,
      "Actual Startup Time": 653.894,
      "Actual Total Time": 710.55,
      "Actual Rows": 1,
      "Actual Loops": 1,
      "Plans": [
        {
          "Node Type": "Gather",
          "Parent Relationship": "Outer",
          "Parallel Aware": false,
          "Startup Cost": 335047.48,
          "Total Cost": 335048.09,
          "Plan Rows": 6,
          "Plan Width": 8,
          "Actual Startup Time": 653.788,
          "Actual Total Time": 710.54,
          "Actual Rows": 7,
          "Actual Loops": 1,
          "Workers Planned": 6,
          "Workers Launched": 6,
          "Single Copy": false,
          "Plans": [
            {
              "Node Type": "Aggregate",
              "Strategy": "Plain",
              "Partial Mode": "Partial",
              "Parent Relationship": "Outer",
              "Parallel Aware": false,
              "Startup Cost": 334047.48,
              "Total Cost": 334047.49,
              "Plan Rows": 1,
              "Plan Width": 8,
              "Actual Startup Time": 644.85,
              "Actual Total Time": 644.851,
              "Actual Rows": 1,
              "Actual Loops": 7,
              "Plans": [
                {
                  "Node Type": "Seq Scan",
                  "Parent Relationship": "Outer",
                  "Parallel Aware": true,
                  "Relation Name": "cast_info",
                  "Alias": "ci",
                  "Startup Cost": 0.0,
                  "Total Cost": 328162.03,
                  "Plan Rows": 2354180,
                  "Plan Width": 0,
                  "Actual Startup Time": 239.015,
                  "Actual Total Time": 562.053,
                  "Actual Rows": 2012954,
                  "Actual Loops": 7,
                  "Filter": "(person_id > 2256600)",
                  "Rows Removed by Filter": 3164810
                }
              ]
            }
          ]
        }
      ]
    },
    "Planning Time": 0.197,
    "Triggers": [],
    "Execution Time": 710.627
  }
]