[
  {
    "Plan": {
      "Node Type": "Aggregate",
      "Strategy": "Plain",
      "Partial Mode": "Finalize",
      "Parallel Aware": false,
      "Startup Cost": 47233.7,
      "Total Cost": 47233.71,
      "Plan Rows": 1,
      "Plan Width": 8,
      "Actual Startup Time": 187.56,
      "Actual Total Time": 198.277,
      "Actual Rows": 1,
      "Actual Loops": 1,
      "Plans": [
        {
          "Node Type": "Gather",
          "Parent Relationship": "Outer",
          "Parallel Aware": false,
          "Startup Cost": 47233.39,
          "Total Cost": 47233.7,
          "Plan Rows": 3,
          "Plan Width": 8,
          "Actual Startup Time": 187.451,
          "Actual Total Time": 198.268,
          "Actual Rows": 4,
          "Actual Loops": 1,
          "Workers Planned": 3,
          "Workers Launched": 3,
          "Single Copy": false,
          "Plans": [
            {
              "Node Type": "Aggregate",
              "Strategy": "Plain",
              "Partial Mode": "Partial",
              "Parent Relationship": "Outer",
              "Parallel Aware": false,
              "Startup Cost": 46233.39,
              "Total Cost": 46233.4,
              "Plan Rows": 1,
              "Plan Width": 8,
              "Actual Startup Time": 180.151,
              "Actual Total Time": 180.152,
              "Actual Rows": 1,
              "Actual Loops": 4,
              "Plans": [
                {
                  "Node Type": "Seq Scan",
                  "Parent Relationship": "Outer",
                  "Parallel Aware": true,
                  "Relation Name": "movie_keyword",
                  "Alias": "mk",
                  "Startup Cost": 0.0,
                  "Total Cost": 42695.65,
                  "Plan Rows": 1415093,
                  "Plan Width": 0,
                  "Actual Startup Time": 0.06,
                  "Actual Total Time": 129.376,
                  "Actual Rows": 1097672,
                  "Actual Loops": 4,
                  "Filter": "(keyword_id < 75872)",
                  "Rows Removed by Filter": 33310
                }
              ]
            }
          ]
        }
      ]
    },
    "Planning Time": 0.15,
    "Triggers": [],
    "Execution Time": 198.323
  }
]