{
  "Plan": {
    "Node Type": "Aggregate",
    "Strategy": "Plain",
    "Partial Mode": "Simple",
    "Parallel Aware": false,
    "Startup Cost": 1040151.19,
    "Total Cost": 1040151.2,
    "Plan Rows": 1,
    "Plan Width": 96,
    "Actual Startup Time": 3524.104,
    "Actual Total Time": 3615.418,
    "Actual Rows": 1,
    "Actual Loops": 1,
    "Plans": [
      {
        "Node Type": "Gather",
        "Parent Relationship": "Outer",
        "Parallel Aware": false,
        "Startup Cost": 952524.18,
        "Total Cost": 1040151.18,
        "Plan Rows": 1,
        "Plan Width": 66,
        "Actual Startup Time": 3374.135,
        "Actual Total Time": 3615.385,
        "Actual Rows": 11,
        "Actual Loops": 1,
        "Workers Planned": 1,
        "Workers Launched": 1,
        "Single Copy": false,
        "Plans": [
          {
            "Node Type": "Hash Join",
            "Parent Relationship": "Outer",
            "Parallel Aware": true,
            "Join Type": "Inner",
            "Startup Cost": 951524.18,
            "Total Cost": 1039151.08,
            "Plan Rows": 1,
            "Plan Width": 66,
            "Actual Startup Time": 3372.539,
            "Actual Total Time": 3516.72,
            "Actual Rows": 6,
            "Actual Loops": 2,
            "Inner Unique": false,
            "Hash Cond": "(n.id = ci.person_id)",
            "Plans": [
              {
                "Node Type": "Seq Scan",
                "Parent Relationship": "Outer",
                "Parallel Aware": true,
                "Relation Name": "name",
                "Alias": "n",
                "Startup Cost": 0.0,
                "Total Cost": 86255.48,
                "Plan Rows": 365711,
                "Plan Width": 4,
                "Actual Startup Time": 91.498,
                "Actual Total Time": 219.063,
                "Actual Rows": 480778,
                "Actual Loops": 2,
                "Filter": "((gender IS NOT NULL) AND ((gender)::text = 'f'::text))",
                "Rows Removed by Filter": 1602968
              },
              {
                "Node Type": "Hash",
                "Parent Relationship": "Inner",
                "Parallel Aware": true,
                "Startup Cost": 951524.16,
                "Total Cost": 951524.16,
                "Plan Rows": 1,
                "Plan Width": 70,
                "Actual Startup Time": 3270.604,
                "Actual Total Time": 3270.621,
                "Actual Rows": 134,
                "Actual Loops": 2,
                "Hash Buckets": 1024,
                "Original Hash Buckets": 1024,
                "Hash Batches": 1,
                "Original Hash Batches": 1,
                "Peak Memory Usage": 72,
                "Plans": [
                  {
                    "Node Type": "Hash Join",
                    "Parent Relationship": "Outer",
                    "Parallel Aware": false,
                    "Join Type": "Inner",
                    "Startup Cost": 349679.64,
                    "Total Cost": 951524.16,
                    "Plan Rows": 1,
                    "Plan Width": 70,
                    "Actual Startup Time": 2584.337,
                    "Actual Total Time": 3270.456,
                    "Actual Rows": 134,
                    "Actual Loops": 2,
                    "Inner Unique": true,
                    "Hash Cond": "(mi.info_type_id = it1.id)",
                    "Plans": [
                      {
                        "Node Type": "Hash Join",
                        "Parent Relationship": "Outer",
                        "Parallel Aware": true,
                        "Join Type": "Inner",
                        "Startup Cost": 349677.21,
                        "Total Cost": 951521.74,
                        "Plan Rows": 1,
                        "Plan Width": 74,
                        "Actual Startup Time": 2584.196,
                        "Actual Total Time": 3270.254,
                        "Actual Rows": 134,
                        "Actual Loops": 2,
                        "Inner Unique": false,
                        "Hash Cond": "(ci.movie_id = t.id)",
                        "Plans": [
                          {
                            "Node Type": "Seq Scan",
                            "Parent Relationship": "Outer",
                            "Parallel Aware": true,
                            "Relation Name": "cast_info",
                            "Alias": "ci",
                            "Startup Cost": 0.0,
                            "Total Cost": 599269.14,
                            "Plan Rows": 686766,
                            "Plan Width": 8,
                            "Actual Startup Time": 108.851,
                            "Actual Total Time": 1903.354,
                            "Actual Rows": 622358,
                            "Actual Loops": 2,
                            "Filter": "(note = ANY ('{(writer),\"(head writer)\",\"(written by)\",(story),\"(story editor)\"}'::text[]))",
                            "Rows Removed by Filter": 17499814
                          },
                          {
                            "Node Type": "Hash",
                            "Parent Relationship": "Inner",
                            "Parallel Aware": true,
                            "Startup Cost": 349677.19,
                            "Total Cost": 349677.19,
                            "Plan Rows": 2,
                            "Plan Width": 82,
                            "Actual Startup Time": 1329.576,
                            "Actual Total Time": 1329.588,
                            "Actual Rows": 179,
                            "Actual Loops": 2,
                            "Hash Buckets": 1024,
                            "Original Hash Buckets": 1024,
                            "Hash Batches": 1,
                            "Original Hash Batches": 1,
                            "Peak Memory Usage": 72,
                            "Plans": [
                              {
                                "Node Type": "Hash Join",
                                "Parent Relationship": "Outer",
                                "Parallel Aware": true,
                                "Join Type": "Inner",
                                "Startup Cost": 78216.84,
                                "Total Cost": 349677.19,
                                "Plan Rows": 2,
                                "Plan Width": 82,
                                "Actual Startup Time": 1216.62,
                                "Actual Total Time": 1329.374,
                                "Actual Rows": 179,
                                "Actual Loops": 2,
                                "Inner Unique": false,
                                "Hash Cond": "(mi.movie_id = t.id)",
                                "Plans": [
                                  {
                                    "Node Type": "Seq Scan",
                                    "Parent Relationship": "Outer",
                                    "Parallel Aware": true,
                                    "Relation Name": "movie_info",
                                    "Alias": "mi",
                                    "Startup Cost": 0.0,
                                    "Total Cost": 271320.25,
                                    "Plan Rows": 37356,
                                    "Plan Width": 51,
                                    "Actual Startup Time": 584.786,
                                    "Actual Total Time": 933.71,
                                    "Actual Rows": 36524,
                                    "Actual Loops": 2,
                                    "Filter": "((note IS NULL) AND (info = ANY ('{Horror,Thriller}'::text[])))",
                                    "Rows Removed by Filter": 7381336
                                  },
                                  {
                                    "Node Type": "Hash",
                                    "Parent Relationship": "Inner",
                                    "Parallel Aware": true,
                                    "Startup Cost": 78215.86,
                                    "Total Cost": 78215.86,
                                    "Plan Rows": 79,
                                    "Plan Width": 31,
                                    "Actual Startup Time": 389.812,
                                    "Actual Total Time": 389.82,
                                    "Actual Rows": 3076,
                                    "Actual Loops": 2,
                                    "Hash Buckets": 8192,
                                    "Original Hash Buckets": 1024,
                                    "Hash Batches": 1,
                                    "Original Hash Batches": 1,
                                    "Peak Memory Usage": 536,
                                    "Plans": [
                                      {
                                        "Node Type": "Hash Join",
                                        "Parent Relationship": "Outer",
                                        "Parallel Aware": true,
                                        "Join Type": "Inner",
                                        "Startup Cost": 18166.28,
                                        "Total Cost": 78215.86,
                                        "Plan Rows": 79,
                                        "Plan Width": 31,
                                        "Actual Startup Time": 105.24,
                                        "Actual Total Time": 348.498,
                                        "Actual Rows": 3076,
                                        "Actual Loops": 2,
                                        "Inner Unique": false,
                                        "Hash Cond": "(t.id = mi_idx.movie_id)",
                                        "Plans": [
                                          {
                                            "Node Type": "Seq Scan",
                                            "Parent Relationship": "Outer",
                                            "Parallel Aware": true,
                                            "Relation Name": "title",
                                            "Alias": "t",
                                            "Startup Cost": 0.0,
                                            "Total Cost": 58308.37,
                                            "Plan Rows": 464194,
                                            "Plan Width": 21,
                                            "Actual Startup Time": 0.012,
                                            "Actual Total Time": 185.847,
                                            "Actual Rows": 392244,
                                            "Actual Loops": 2,
                                            "Filter": "((production_year >= 2008) AND (production_year <= 2014))",
                                            "Rows Removed by Filter": 871912
                                          },
                                          {
                                            "Node Type": "Hash",
                                            "Parent Relationship": "Inner",
                                            "Parallel Aware": true,
                                            "Startup Cost": 18163.1,
                                            "Total Cost": 18163.1,
                                            "Plan Rows": 255,
                                            "Plan Width": 10,
                                            "Actual Startup Time": 105.026,
                                            "Actual Total Time": 105.031,
                                            "Actual Rows": 7924,
                                            "Actual Loops": 2,
                                            "Hash Buckets": 16384,
                                            "Original Hash Buckets": 1024,
                                            "Hash Batches": 1,
                                            "Original Hash Batches": 1,
                                            "Peak Memory Usage": 888,
                                            "Plans": [
                                              {
                                                "Node Type": "Hash Join",
                                                "Parent Relationship": "Outer",
                                                "Parallel Aware": false,
                                                "Join Type": "Inner",
                                                "Startup Cost": 2.43,
                                                "Total Cost": 18163.1,
                                                "Plan Rows": 255,
                                                "Plan Width": 10,
                                                "Actual Startup Time": 0.133,
                                                "Actual Total Time": 91.865,
                                                "Actual Rows": 7924,
                                                "Actual Loops": 2,
                                                "Inner Unique": true,
                                                "Hash Cond": "(mi_idx.info_type_id = it2.id)",
                                                "Plans": [
                                                  {
                                                    "Node Type": "Seq Scan",
                                                    "Parent Relationship": "Outer",
                                                    "Parallel Aware": true,
                                                    "Relation Name": "movie_info_idx",
                                                    "Alias": "mi_idx",
                                                    "Startup Cost": 0.0,
                                                    "Total Cost": 18082.32,
                                                    "Plan Rows": 28769,
                                                    "Plan Width": 14,
                                                    "Actual Startup Time": 0.053,
                                                    "Actual Total Time": 87.791,
                                                    "Actual Rows": 26314,
                                                    "Actual Loops": 2,
                                                    "Filter": "(info > '8.0'::text)",
                                                    "Rows Removed by Filter": 663703
                                                  },
                                                  {
                                                    "Node Type": "Hash",
                                                    "Parent Relationship": "Inner",
                                                    "Parallel Aware": false,
                                                    "Startup Cost": 2.41,
                                                    "Total Cost": 2.41,
                                                    "Plan Rows": 1,
                                                    "Plan Width": 4,
                                                    "Actual Startup Time": 0.045,
                                                    "Actual Total Time": 0.046,
                                                    "Actual Rows": 1,
                                                    "Actual Loops": 2,
                                                    "Hash Buckets": 1024,
                                                    "Original Hash Buckets": 1024,
                                                    "Hash Batches": 1,
                                                    "Original Hash Batches": 1,
                                                    "Peak Memory Usage": 9,
                                                    "Plans": [
                                                      {
                                                        "Node Type": "Seq Scan",
                                                        "Parent Relationship": "Outer",
                                                        "Parallel Aware": false,
                                                        "Relation Name": "info_type",
                                                        "Alias": "it2",
                                                        "Startup Cost": 0.0,
                                                        "Total Cost": 2.41,
                                                        "Plan Rows": 1,
                                                        "Plan Width": 4,
                                                        "Actual Startup Time": 0.031,
                                                        "Actual Total Time": 0.035,
                                                        "Actual Rows": 1,
                                                        "Actual Loops": 2,
                                                        "Filter": "((info)::text = 'rating'::text)",
                                                        "Rows Removed by Filter": 112
                                                      }
                                                    ]
                                                  }
                                                ]
                                              }
                                            ]
                                          }
                                        ]
                                      }
                                    ]
                                  }
                                ]
                              }
                            ]
                          }
                        ]
                      },
                      {
                        "Node Type": "Hash",
                        "Parent Relationship": "Inner",
                        "Parallel Aware": false,
                        "Startup Cost": 2.41,
                        "Total Cost": 2.41,
                        "Plan Rows": 1,
                        "Plan Width": 4,
                        "Actual Startup Time": 0.105,
                        "Actual Total Time": 0.106,
                        "Actual Rows": 1,
                        "Actual Loops": 2,
                        "Hash Buckets": 1024,
                        "Original Hash Buckets": 1024,
                        "Hash Batches": 1,
                        "Original Hash Batches": 1,
                        "Peak Memory Usage": 9,
                        "Plans": [
                          {
                            "Node Type": "Seq Scan",
                            "Parent Relationship": "Outer",
                            "Parallel Aware": false,
                            "Relation Name": "info_type",
                            "Alias": "it1",
                            "Startup Cost": 0.0,
                            "Total Cost": 2.41,
                            "Plan Rows": 1,
                            "Plan Width": 4,
                            "Actual Startup Time": 0.052,
                            "Actual Total Time": 0.089,
                            "Actual Rows": 1,
                            "Actual Loops": 2,
                            "Filter": "((info)::text = 'genres'::text)",
                            "Rows Removed by Filter": 112
                          }
                        ]
                      }
                    ]
                  }
                ]
              }
            ]
          }
        ]
      }
    ]
  },
  "Planning Time": 1.767,
  "Triggers": [],
  "Execution Time": 3615.599
}