{
  "Plan": {
    "Node Type": "Aggregate",
    "Strategy": "Plain",
    "Partial Mode": "Finalize",
    "Parallel Aware": false,
    "Startup Cost": 429559.12,
    "Total Cost": 429559.13,
    "Plan Rows": 1,
    "Plan Width": 8,
    "Actual Startup Time": 1715.207,
    "Actual Total Time": 1746.224,
    "Actual Rows": 1,
    "Actual Loops": 1,
    "Plans": [
      {
        "Node Type": "Gather",
        "Parent Relationship": "Outer",
        "Parallel Aware": false,
        "Startup Cost": 429559.01,
        "Total Cost": 429559.12,
        "Plan Rows": 1,
        "Plan Width": 8,
        "Actual Startup Time": 1707.928,
        "Actual Total Time": 1746.215,
        "Actual Rows": 2,
        "Actual Loops": 1,
        "Workers Planned": 1,
        "Workers Launched": 1,
        "Single Copy": false,
        "Plans": [
          {
            "Node Type": "Aggregate",
            "Strategy": "Plain",
            "Partial Mode": "Partial",
            "Parent Relationship": "Outer",
            "Parallel Aware": false,
            "Startup Cost": 428559.01,
            "Total Cost": 428559.02,
            "Plan Rows": 1,
            "Plan Width": 8,
            "Actual Startup Time": 1701.027,
            "Actual Total Time": 1702.594,
            "Actual Rows": 1,
            "Actual Loops": 2,
            "Plans": [
              {
                "Node Type": "Hash Join",
                "Parent Relationship": "Outer",
                "Parallel Aware": true,
                "Join Type": "Inner",
                "Startup Cost": 156408.19,
                "Total Cost": 426989.6,
                "Plan Rows": 627764,
                "Plan Width": 0,
                "Actual Startup Time": 1220.995,
                "Actual Total Time": 1655.774,
                "Actual Rows": 1159245,
                "Actual Loops": 2,
                "Inner Unique": false,
                "Hash Cond": "(ci.movie_id = t.id)",
                "Plans": [
                  {
                    "Node Type": "Bitmap Heap Scan",
                    "Parent Relationship": "Outer",
                    "Parallel Aware": true,
                    "Relation Name": "cast_info",
                    "Alias": "ci",
                    "Startup Cost": 32814.85,
                    "Total Cost": 296426.22,
                    "Plan Rows": 873949,
                    "Plan Width": 4,
                    "Actual Startup Time": 53.701,
                    "Actual Total Time": 133.542,
                    "Actual Rows": 767968,
                    "Actual Loops": 2,
                    "Recheck Cond": "(person_id < 153744)",
                    "Rows Removed by Index Recheck": 0,
                    "Exact Heap Blocks": 8415,
                    "Lossy Heap Blocks": 0,
                    "Plans": [
                      {
                        "Node Type": "Bitmap Index Scan",
                        "Parent Relationship": "Outer",
                        "Parallel Aware": false,
                        "Index Name": "person_id_cast_info",
                        "Startup Cost": 0.0,
                        "Total Cost": 32443.42,
                        "Plan Rows": 1485714,
                        "Plan Width": 0,
                        "Actual Startup Time": 51.257,
                        "Actual Total Time": 51.258,
                        "Actual Rows": 1535936,
                        "Actual Loops": 1,
                        "Index Cond": "(person_id < 153744)"
                      }
                    ]
                  },
                  {
                    "Node Type": "Hash",
                    "Parent Relationship": "Inner",
                    "Parallel Aware": true,
                    "Startup Cost": 110239.73,
                    "Total Cost": 110239.73,
                    "Plan Rows": 1068289,
                    "Plan Width": 8,
                    "Actual Startup Time": 1152.721,
                    "Actual Total Time": 1154.286,
                    "Actual Rows": 913808,
                    "Actual Loops": 2,
                    "Hash Buckets": 2097152,
                    "Original Hash Buckets": 2097152,
                    "Hash Batches": 1,
                    "Original Hash Batches": 1,
                    "Peak Memory Usage": 87904,
                    "Plans": [
                      {
                        "Node Type": "Hash Join",
                        "Parent Relationship": "Outer",
                        "Parallel Aware": true,
                        "Join Type": "Inner",
                        "Startup Cost": 69460.7,
                        "Total Cost": 110239.73,
                        "Plan Rows": 1068289,
                        "Plan Width": 8,
                        "Actual Startup Time": 511.091,
                        "Actual Total Time": 931.838,
                        "Actual Rows": 913808,
                        "Actual Loops": 2,
                        "Inner Unique": true,
                        "Hash Cond": "(mc.movie_id = t.id)",
                        "Plans": [
                          {
                            "Node Type": "Seq Scan",
                            "Parent Relationship": "Outer",
                            "Parallel Aware": true,
                            "Relation Name": "movie_companies",
                            "Alias": "mc",
                            "Startup Cost": 0.0,
                            "Total Cost": 37974.77,
                            "Plan Rows": 1068289,
                            "Plan Width": 4,
                            "Actual Startup Time": 0.746,
                            "Actual Total Time": 131.645,
                            "Actual Rows": 913808,
                            "Actual Loops": 2,
                            "Filter": "(company_id > 1694)",
                            "Rows Removed by Filter": 390756
                          },
                          {
                            "Node Type": "Hash",
                            "Parent Relationship": "Inner",
                            "Parallel Aware": true,
                            "Startup Cost": 50870.31,
                            "Total Cost": 50870.31,
                            "Plan Rows": 1487231,
                            "Plan Width": 4,
                            "Actual Startup Time": 497.508,
                            "Actual Total Time": 497.509,
                            "Actual Rows": 1264156,
                            "Actual Loops": 2,
                            "Hash Buckets": 4194304,
                            "Original Hash Buckets": 4194304,
                            "Hash Batches": 1,
                            "Original Hash Batches": 1,
                            "Peak Memory Usage": 131712,
                            "Plans": [
                              {
                                "Node Type": "Seq Scan",
                                "Parent Relationship": "Outer",
                                "Parallel Aware": true,
                                "Relation Name": "title",
                                "Alias": "t",
                                "Startup Cost": 0.0,
                                "Total Cost": 50870.31,
                                "Plan Rows": 1487231,
                                "Plan Width": 4,
                                "Actual Startup Time": 0.041,
                                "Actual Total Time": 150.565,
                                "Actual Rows": 1264156,
                                "Actual Loops": 2
                              }
                            ]
                          }
                        ]
                      }
                    ]
                  }
                ]
              }
            ]
          }
        ]
      }
    ]
  },
  "Planning Time": 0.917,
  "Triggers": [],
  "Execution Time": 1746.339
}