[
    {
        "Bao": {
            "Bao prediction": "NaN",
            "Bao recommended hint": "(no hint)"
        }
    },
    {
        "Plan": {
            "Node Type": "Aggregate",
            "Strategy": "Plain",
            "Partial Mode": "Finalize",
            "Parallel Aware": false,
            "Startup Cost": 644824.21,
            "Total Cost": 644824.22,
            "Plan Rows": 1,
            "Plan Width": 8,
            "Actual Startup Time": 4233.184,
            "Actual Total Time": 4307.099,
            "Actual Rows": 1,
            "Actual Loops": 1,
            "Output": [
                "count(*)"
            ],
            "Plans": [
                {
                    "Node Type": "Gather",
                    "Parent Relationship": "Outer",
                    "Parallel Aware": false,
                    "Startup Cost": 644823.69,
                    "Total Cost": 644824.2,
                    "Plan Rows": 5,
                    "Plan Width": 8,
                    "Actual Startup Time": 4158.776,
                    "Actual Total Time": 4307.088,
                    "Actual Rows": 6,
                    "Actual Loops": 1,
                    "Output": [
                        "(PARTIAL count(*))"
                    ],
                    "Workers Planned": 5,
                    "Workers Launched": 5,
                    "Single Copy": false,
                    "Plans": [
                        {
                            "Node Type": "Aggregate",
                            "Strategy": "Plain",
                            "Partial Mode": "Partial",
                            "Parent Relationship": "Outer",
                            "Parallel Aware": false,
                            "Startup Cost": 643823.69,
                            "Total Cost": 643823.7,
                            "Plan Rows": 1,
                            "Plan Width": 8,
                            "Actual Startup Time": 4140.51,
                            "Actual Total Time": 4142.411,
                            "Actual Rows": 1,
                            "Actual Loops": 6,
                            "Output": [
                                "PARTIAL count(*)"
                            ],
                            "Workers": [
                                {
                                    "Worker Number": 0,
                                    "Actual Startup Time": 4135.181,
                                    "Actual Total Time": 4135.186,
                                    "Actual Rows": 1,
                                    "Actual Loops": 1
                                },
                                {
                                    "Worker Number": 1,
                                    "Actual Startup Time": 4143.458,
                                    "Actual Total Time": 4143.463,
                                    "Actual Rows": 1,
                                    "Actual Loops": 1
                                },
                                {
                                    "Worker Number": 2,
                                    "Actual Startup Time": 4135.322,
                                    "Actual Total Time": 4135.326,
                                    "Actual Rows": 1,
                                    "Actual Loops": 1
                                },
                                {
                                    "Worker Number": 3,
                                    "Actual Startup Time": 4135.311,
                                    "Actual Total Time": 4135.315,
                                    "Actual Rows": 1,
                                    "Actual Loops": 1
                                },
                                {
                                    "Worker Number": 4,
                                    "Actual Startup Time": 4135.427,
                                    "Actual Total Time": 4135.431,
                                    "Actual Rows": 1,
                                    "Actual Loops": 1
                                }
                            ],
                            "Plans": [
                                {
                                    "Node Type": "Hash Join",
                                    "Parent Relationship": "Outer",
                                    "Parallel Aware": true,
                                    "Join Type": "Inner",
                                    "Startup Cost": 401591.57,
                                    "Total Cost": 620026.12,
                                    "Plan Rows": 9519026,
                                    "Plan Width": 0,
                                    "Actual Startup Time": 2178.855,
                                    "Actual Total Time": 3896.657,
                                    "Actual Rows": 6049936,
                                    "Actual Loops": 6,
                                    "Inner Unique": false,
                                    "Hash Cond": "(mi.movie_id = t.id)",
                                    "Workers": [
                                        {
                                            "Worker Number": 0,
                                            "Actual Startup Time": 2174.921,
                                            "Actual Total Time": 3891.903,
                                            "Actual Rows": 6079359,
                                            "Actual Loops": 1
                                        },
                                        {
                                            "Worker Number": 1,
                                            "Actual Startup Time": 2174.987,
                                            "Actual Total Time": 3903.84,
                                            "Actual Rows": 6218513,
                                            "Actual Loops": 1
                                        },
                                        {
                                            "Worker Number": 2,
                                            "Actual Startup Time": 2175.035,
                                            "Actual Total Time": 3892.948,
                                            "Actual Rows": 6053797,
                                            "Actual Loops": 1
                                        },
                                        {
                                            "Worker Number": 3,
                                            "Actual Startup Time": 2175.113,
                                            "Actual Total Time": 3877.507,
                                            "Actual Rows": 5374587,
                                            "Actual Loops": 1
                                        },
                                        {
                                            "Worker Number": 4,
                                            "Actual Startup Time": 2175.101,
                                            "Actual Total Time": 3895.077,
                                            "Actual Rows": 6243592,
                                            "Actual Loops": 1
                                        }
                                    ],
                                    "Plans": [
                                        {
                                            "Node Type": "Seq Scan",
                                            "Parent Relationship": "Outer",
                                            "Parallel Aware": true,
                                            "Relation Name": "movie_info",
                                            "Schema": "public",
                                            "Alias": "mi",
                                            "Startup Cost": 0.0,
                                            "Total Cost": 191503.19,
                                            "Plan Rows": 2951019,
                                            "Plan Width": 4,
                                            "Actual Startup Time": 0.027,
                                            "Actual Total Time": 266.432,
                                            "Actual Rows": 2472620,
                                            "Actual Loops": 6,
                                            "Output": [
                                                "mi.id",
                                                "mi.movie_id",
                                                "mi.info_type_id",
                                                "mi.info",
                                                "mi.note"
                                            ],
                                            "Workers": [
                                                {
                                                    "Worker Number": 0,
                                                    "Actual Startup Time": 0.029,
                                                    "Actual Total Time": 271.11,
                                                    "Actual Rows": 2469422,
                                                    "Actual Loops": 1
                                                },
                                                {
                                                    "Worker Number": 1,
                                                    "Actual Startup Time": 0.031,
                                                    "Actual Total Time": 280.518,
                                                    "Actual Rows": 2472869,
                                                    "Actual Loops": 1
                                                },
                                                {
                                                    "Worker Number": 2,
                                                    "Actual Startup Time": 0.026,
                                                    "Actual Total Time": 268.393,
                                                    "Actual Rows": 2433411,
                                                    "Actual Loops": 1
                                                },
                                                {
                                                    "Worker Number": 3,
                                                    "Actual Startup Time": 0.033,
                                                    "Actual Total Time": 280.462,
                                                    "Actual Rows": 2228238,
                                                    "Actual Loops": 1
                                                },
                                                {
                                                    "Worker Number": 4,
                                                    "Actual Startup Time": 0.03,
                                                    "Actual Total Time": 280.512,
                                                    "Actual Rows": 2498390,
                                                    "Actual Loops": 1
                                                }
                                            ]
                                        },
                                        {
                                            "Node Type": "Hash",
                                            "Parent Relationship": "Inner",
                                            "Parallel Aware": true,
                                            "Startup Cost": 384600.86,
                                            "Total Cost": 384600.86,
                                            "Plan Rows": 1359257,
                                            "Plan Width": 8,
                                            "Actual Startup Time": 2169.774,
                                            "Actual Total Time": 2171.672,
                                            "Actual Rows": 1341048,
                                            "Actual Loops": 6,
                                            "Output": [
                                                "t.id",
                                                "ci.movie_id"
                                            ],
                                            "Hash Buckets": 8388608,
                                            "Original Hash Buckets": 8388608,
                                            "Hash Batches": 1,
                                            "Original Hash Batches": 1,
                                            "Peak Memory Usage": 380416,
                                            "Workers": [
                                                {
                                                    "Worker Number": 0,
                                                    "Actual Startup Time": 2173.916,
                                                    "Actual Total Time": 2173.919,
                                                    "Actual Rows": 1359150,
                                                    "Actual Loops": 1
                                                },
                                                {
                                                    "Worker Number": 1,
                                                    "Actual Startup Time": 2173.997,
                                                    "Actual Total Time": 2174.0,
                                                    "Actual Rows": 1411389,
                                                    "Actual Loops": 1
                                                },
                                                {
                                                    "Worker Number": 2,
                                                    "Actual Startup Time": 2173.918,
                                                    "Actual Total Time": 2173.921,
                                                    "Actual Rows": 1344210,
                                                    "Actual Loops": 1
                                                },
                                                {
                                                    "Worker Number": 3,
                                                    "Actual Startup Time": 2173.853,
                                                    "Actual Total Time": 2173.856,
                                                    "Actual Rows": 1038988,
                                                    "Actual Loops": 1
                                                },
                                                {
                                                    "Worker Number": 4,
                                                    "Actual Startup Time": 2174.292,
                                                    "Actual Total Time": 2174.295,
                                                    "Actual Rows": 1393607,
                                                    "Actual Loops": 1
                                                }
                                            ],
                                            "Plans": [
                                                {
                                                    "Node Type": "Hash Join",
                                                    "Parent Relationship": "Outer",
                                                    "Parallel Aware": true,
                                                    "Join Type": "Inner",
                                                    "Startup Cost": 49686.2,
                                                    "Total Cost": 384600.86,
                                                    "Plan Rows": 1359257,
                                                    "Plan Width": 8,
                                                    "Actual Startup Time": 390.111,
                                                    "Actual Total Time": 1636.135,
                                                    "Actual Rows": 1341048,
                                                    "Actual Loops": 6,
                                                    "Output": [
                                                        "t.id",
                                                        "ci.movie_id"
                                                    ],
                                                    "Inner Unique": true,
                                                    "Hash Cond": "(ci.movie_id = t.id)",
                                                    "Workers": [
                                                        {
                                                            "Worker Number": 0,
                                                            "Actual Startup Time": 390.09,
                                                            "Actual Total Time": 1636.645,
                                                            "Actual Rows": 1359150,
                                                            "Actual Loops": 1
                                                        },
                                                        {
                                                            "Worker Number": 1,
                                                            "Actual Startup Time": 390.128,
                                                            "Actual Total Time": 1630.327,
                                                            "Actual Rows": 1411389,
                                                            "Actual Loops": 1
                                                        },
                                                        {
                                                            "Worker Number": 2,
                                                            "Actual Startup Time": 390.053,
                                                            "Actual Total Time": 1633.681,
                                                            "Actual Rows": 1344210,
                                                            "Actual Loops": 1
                                                        },
                                                        {
                                                            "Worker Number": 3,
                                                            "Actual Startup Time": 390.067,
                                                            "Actual Total Time": 1646.668,
                                                            "Actual Rows": 1038988,
                                                            "Actual Loops": 1
                                                        },
                                                        {
                                                            "Worker Number": 4,
                                                            "Actual Startup Time": 390.095,
                                                            "Actual Total Time": 1635.884,
                                                            "Actual Rows": 1393607,
                                                            "Actual Loops": 1
                                                        }
                                                    ],
                                                    "Plans": [
                                                        {
                                                            "Node Type": "Seq Scan",
                                                            "Parent Relationship": "Outer",
                                                            "Parallel Aware": true,
                                                            "Relation Name": "cast_info",
                                                            "Schema": "public",
                                                            "Alias": "ci",
                                                            "Startup Cost": 0.0,
                                                            "Total Cost": 328213.62,
                                                            "Plan Rows": 2552776,
                                                            "Plan Width": 4,
                                                            "Actual Startup Time": 213.144,
                                                            "Actual Total Time": 603.54,
                                                            "Actual Rows": 2567616,
                                                            "Actual Loops": 6,
                                                            "Output": [
                                                                "ci.id",
                                                                "ci.person_id",
                                                                "ci.movie_id",
                                                                "ci.person_role_id",
                                                                "ci.note",
                                                                "ci.nr_order",
                                                                "ci.role_id"
                                                            ],
                                                            "Filter": "(ci.person_id > 2099808)",
                                                            "Rows Removed by Filter": 3473108,
                                                            "Workers": [
                                                                {
                                                                    "Worker Number": 0,
                                                                    "Actual Startup Time": 213.098,
                                                                    "Actual Total Time": 594.302,
                                                                    "Actual Rows": 2599288,
                                                                    "Actual Loops": 1
                                                                },
                                                                {
                                                                    "Worker Number": 1,
                                                                    "Actual Startup Time": 213.133,
                                                                    "Actual Total Time": 610.512,
                                                                    "Actual Rows": 2708209,
                                                                    "Actual Loops": 1
                                                                },
                                                                {
                                                                    "Worker Number": 2,
                                                                    "Actual Startup Time": 213.104,
                                                                    "Actual Total Time": 590.706,
                                                                    "Actual Rows": 2569613,
                                                                    "Actual Loops": 1
                                                                },
                                                                {
                                                                    "Worker Number": 3,
                                                                    "Actual Startup Time": 213.14,
                                                                    "Actual Total Time": 639.828,
                                                                    "Actual Rows": 1980708,
                                                                    "Actual Loops": 1
                                                                },
                                                                {
                                                                    "Worker Number": 4,
                                                                    "Actual Startup Time": 213.275,
                                                                    "Actual Total Time": 620.797,
                                                                    "Actual Rows": 2668923,
                                                                    "Actual Loops": 1
                                                                }
                                                            ]
                                                        },
                                                        {
                                                            "Node Type": "Hash",
                                                            "Parent Relationship": "Inner",
                                                            "Parallel Aware": true,
                                                            "Startup Cost": 45479.21,
                                                            "Total Cost": 45479.21,
                                                            "Plan Rows": 336559,
                                                            "Plan Width": 4,
                                                            "Actual Startup Time": 174.902,
                                                            "Actual Total Time": 174.903,
                                                            "Actual Rows": 221297,
                                                            "Actual Loops": 6,
                                                            "Output": [
                                                                "t.id"
                                                            ],
                                                            "Hash Buckets": 2097152,
                                                            "Original Hash Buckets": 2097152,
                                                            "Hash Batches": 1,
                                                            "Original Hash Batches": 1,
                                                            "Peak Memory Usage": 68448,
                                                            "Workers": [
                                                                {
                                                                    "Worker Number": 0,
                                                                    "Actual Startup Time": 176.713,
                                                                    "Actual Total Time": 176.714,
                                                                    "Actual Rows": 206697,
                                                                    "Actual Loops": 1
                                                                },
                                                                {
                                                                    "Worker Number": 1,
                                                                    "Actual Startup Time": 176.689,
                                                                    "Actual Total Time": 176.69,
                                                                    "Actual Rows": 215254,
                                                                    "Actual Loops": 1
                                                                },
                                                                {
                                                                    "Worker Number": 2,
                                                                    "Actual Startup Time": 176.678,
                                                                    "Actual Total Time": 176.68,
                                                                    "Actual Rows": 203891,
                                                                    "Actual Loops": 1
                                                                },
                                                                {
                                                                    "Worker Number": 3,
                                                                    "Actual Startup Time": 176.644,
                                                                    "Actual Total Time": 176.645,
                                                                    "Actual Rows": 157076,
                                                                    "Actual Loops": 1
                                                                },
                                                                {
                                                                    "Worker Number": 4,
                                                                    "Actual Startup Time": 176.719,
                                                                    "Actual Total Time": 176.72,
                                                                    "Actual Rows": 221086,
                                                                    "Actual Loops": 1
                                                                }
                                                            ],
                                                            "Plans": [
                                                                {
                                                                    "Node Type": "Seq Scan",
                                                                    "Parent Relationship": "Outer",
                                                                    "Parallel Aware": true,
                                                                    "Relation Name": "title",
                                                                    "Schema": "public",
                                                                    "Alias": "t",
                                                                    "Startup Cost": 0.0,
                                                                    "Total Cost": 45479.21,
                                                                    "Plan Rows": 336559,
                                                                    "Plan Width": 4,
                                                                    "Actual Startup Time": 0.043,
                                                                    "Actual Total Time": 80.155,
                                                                    "Actual Rows": 221297,
                                                                    "Actual Loops": 6,
                                                                    "Output": [
                                                                        "t.id"
                                                                    ],
                                                                    "Filter": "((t.production_year < 2012) AND (t.kind_id = 7))",
                                                                    "Rows Removed by Filter": 200088,
                                                                    "Workers": [
                                                                        {
                                                                            "Worker Number": 0,
                                                                            "Actual Startup Time": 0.051,
                                                                            "Actual Total Time": 80.632,
                                                                            "Actual Rows": 206697,
                                                                            "Actual Loops": 1
                                                                        },
                                                                        {
                                                                            "Worker Number": 1,
                                                                            "Actual Startup Time": 0.051,
                                                                            "Actual Total Time": 82.346,
                                                                            "Actual Rows": 215254,
                                                                            "Actual Loops": 1
                                                                        },
                                                                        {
                                                                            "Worker Number": 2,
                                                                            "Actual Startup Time": 0.063,
                                                                            "Actual Total Time": 80.064,
                                                                            "Actual Rows": 203891,
                                                                            "Actual Loops": 1
                                                                        },
                                                                        {
                                                                            "Worker Number": 3,
                                                                            "Actual Startup Time": 0.028,
                                                                            "Actual Total Time": 83.048,
                                                                            "Actual Rows": 157076,
                                                                            "Actual Loops": 1
                                                                        },
                                                                        {
                                                                            "Worker Number": 4,
                                                                            "Actual Startup Time": 0.052,
                                                                            "Actual Total Time": 81.598,
                                                                            "Actual Rows": 221086,
                                                                            "Actual Loops": 1
                                                                        }
                                                                    ]
                                                                }
                                                            ]
                                                        }
                                                    ]
                                                }
                                            ]
                                        }
                                    ]
                                }
                            ]
                        }
                    ]
                }
            ]
        },
        "Planning Time": 178.771,
        "Triggers": [],
        "Execution Time": 4307.191
    }
]