[
  {
    "Plan": {
      "Node Type": "Aggregate",
      "Strategy": "Plain",
      "Partial Mode": "Finalize",
      "Parallel Aware": false,
      "Startup Cost": 44317.97,
      "Total Cost": 44317.98,
      "Plan Rows": 1,
      "Plan Width": 8,
      "Actual Startup Time": 109.019,
      "Actual Total Time": 117.866,
      "Actual Rows": 1,
      "Actual Loops": 1,
      "Plans": [
        {
          "Node Type": "Gather",
          "Parent Relationship": "Outer",
          "Parallel Aware": false,
          "Startup Cost": 44317.66,
          "Total Cost": 44317.97,
          "Plan Rows": 3,
          "Plan Width": 8,
          "Actual Startup Time": 108.86,
          "Actual Total Time": 117.858,
          "Actual Rows": 4,
          "Actual Loops": 1,
          "Workers Planned": 3,
          "Workers Launched": 3,
          "Single Copy": false,
          "Plans": [
            {
              "Node Type": "Aggregate",
              "Strategy": "Plain",
              "Partial Mode": "Partial",
              "Parent Relationship": "Outer",
              "Parallel Aware": false,
              "Startup Cost": 43317.66,
              "Total Cost": 43317.67,
              "Plan Rows": 1,
              "Plan Width": 8,
              "Actual Startup Time": 103.586,
              "Actual Total Time": 103.587,
              "Actual Rows": 1,
              "Actual Loops": 4,
              "Plans": [
                {
                  "Node Type": "Seq Scan",
                  "Parent Relationship": "Outer",
                  "Parallel Aware": true,
                  "Relation Name": "movie_keyword",
                  "Alias": "mk",
                  "Startup Cost": 0.0,
                  "Total Cost": 42695.65,
                  "Plan Rows": 248801,
                  "Plan Width": 0,
                  "Actual Startup Time": 0.045,
                  "Actual Total Time": 94.543,
                  "Actual Rows": 192943,
                  "Actual Loops": 4,
                  "Filter": "(keyword_id < 731)",
                  "Rows Removed by Filter": 938040
                }
              ]
            }
          ]
        }
      ]
    },
    "Planning Time": 0.171,
    "Triggers": [],
    "Execution Time": 117.916
  }
]