[
  {
    "Plan": {
      "Node Type": "Aggregate",
      "Strategy": "Plain",
      "Partial Mode": "Finalize",
      "Parallel Aware": false,
      "Startup Cost": 90225.97,
      "Total Cost": 90225.98,
      "Plan Rows": 1,
      "Plan Width": 8,
      "Actual Startup Time": 109.737,
      "Actual Total Time": 123.451,
      "Actual Rows": 1,
      "Actual Loops": 1,
      "Plans": [
        {
          "Node Type": "Gather",
          "Parent Relationship": "Outer",
          "Parallel Aware": false,
          "Startup Cost": 90225.65,
          "Total Cost": 90225.96,
          "Plan Rows": 3,
          "Plan Width": 8,
          "Actual Startup Time": 109.51,
          "Actual Total Time": 123.443,
          "Actual Rows": 4,
          "Actual Loops": 1,
          "Workers Planned": 3,
          "Workers Launched": 3,
          "Single Copy": false,
          "Plans": [
            {
              "Node Type": "Aggregate",
              "Strategy": "Plain",
              "Partial Mode": "Partial",
              "Parent Relationship": "Outer",
              "Parallel Aware": false,
              "Startup Cost": 89225.65,
              "Total Cost": 89225.66,
              "Plan Rows": 1,
              "Plan Width": 8,
              "Actual Startup Time": 101.193,
              "Actual Total Time": 101.195,
              "Actual Rows": 1,
              "Actual Loops": 4,
              "Plans": [
                {
                  "Node Type": "Nested Loop",
                  "Parent Relationship": "Outer",
                  "Parallel Aware": false,
                  "Join Type": "Inner",
                  "Startup Cost": 806.32,
                  "Total Cost": 89168.85,
                  "Plan Rows": 22722,
                  "Plan Width": 0,
                  "Actual Startup Time": 9.895,
                  "Actual Total Time": 100.642,
                  "Actual Rows": 4888,
                  "Actual Loops": 4,
                  "Inner Unique": false,
                  "Plans": [
                    {
                      "Node Type": "Nested Loop",
                      "Parent Relationship": "Outer",
                      "Parallel Aware": false,
                      "Join Type": "Inner",
                      "Startup Cost": 805.89,
                      "Total Cost": 75641.02,
                      "Plan Rows": 6056,
                      "Plan Width": 8,
                      "Actual Startup Time": 9.551,
                      "Actual Total Time": 77.291,
                      "Actual Rows": 845,
                      "Actual Loops": 4,
                      "Inner Unique": true,
                      "Plans": [
                        {
                          "Node Type": "Bitmap Heap Scan",
                          "Parent Relationship": "Outer",
                          "Parallel Aware": true,
                          "Relation Name": "movie_keyword",
                          "Alias": "mk",
                          "Startup Cost": 805.46,
                          "Total Cost": 26515.91,
                          "Plan Rows": 12197,
                          "Plan Width": 4,
                          "Actual Startup Time": 8.266,
                          "Actual Total Time": 21.879,
                          "Actual Rows": 7005,
                          "Actual Loops": 4,
                          "Recheck Cond": "(keyword_id < 36)",
                          "Rows Removed by Index Recheck": 0,
                          "Exact Heap Blocks": 4733,
                          "Lossy Heap Blocks": 0,
                          "Plans": [
                            {
                              "Node Type": "Bitmap Index Scan",
                              "Parent Relationship": "Outer",
                              "Parallel Aware": false,
                              "Index Name": "keyword_id_movie_keyword",
                              "Startup Cost": 0.0,
                              "Total Cost": 796.01,
                              "Plan Rows": 37810,
                              "Plan Width": 0,
                              "Actual Startup Time": 10.934,
                              "Actual Total Time": 10.934,
                              "Actual Rows": 28021,
                              "Actual Loops": 1,
                              "Index Cond": "(keyword_id < 36)"
                            }
                          ]
                        },
                        {
                          "Node Type": "Index Scan",
                          "Parent Relationship": "Inner",
                          "Parallel Aware": false,
                          "Scan Direction": "Forward",
                          "Index Name": "title_pkey",
                          "Relation Name": "title",
                          "Alias": "t",
                          "Startup Cost": 0.43,
                          "Total Cost": 4.03,
                          "Plan Rows": 1,
                          "Plan Width": 4,
                          "Actual Startup Time": 0.007,
                          "Actual Total Time": 0.007,
                          "Actual Rows": 0,
                          "Actual Loops": 28021,
                          "Index Cond": "(id = mk.movie_id)",
                          "Rows Removed by Index Recheck": 0,
                          "Filter": "((production_year < 2011) AND (kind_id = 7))",
                          "Rows Removed by Filter": 1
                        }
                      ]
                    },
                    {
                      "Node Type": "Index Scan",
                      "Parent Relationship": "Inner",
                      "Parallel Aware": false,
                      "Scan Direction": "Forward",
                      "Index Name": "movie_id_movie_info",
                      "Relation Name": "movie_info",
                      "Alias": "mi",
                      "Startup Cost": 0.43,
                      "Total Cost": 1.96,
                      "Plan Rows": 27,
                      "Plan Width": 4,
                      "Actual Startup Time": 0.012,
                      "Actual Total Time": 0.026,
                      "Actual Rows": 6,
                      "Actual Loops": 3380,
                      "Index Cond": "(movie_id = t.id)",
                      "Rows Removed by Index Recheck": 0,
                      "Filter": "(info_type_id < 16)",
                      "Rows Removed by Filter": 4
                    }
                  ]
                }
              ]
            }
          ]
        }
      ]
    },
    "Planning Time": 1.512,
    "Triggers": [],
    "Execution Time": 123.587
  }
]