[
    {
        "Bao": {
            "Bao prediction": 1032.169,
            "Bao recommended hint": "SET enable_nestloop TO off; "
        }
    },
    {
        "Plan": {
            "Node Type": "Aggregate",
            "Strategy": "Plain",
            "Partial Mode": "Finalize",
            "Parallel Aware": false,
            "Startup Cost": 282013.46,
            "Total Cost": 282013.47,
            "Plan Rows": 1,
            "Plan Width": 8,
            "Actual Startup Time": 1166.118,
            "Actual Total Time": 1201.203,
            "Actual Rows": 1,
            "Actual Loops": 1,
            "Output": [
                "count(*)"
            ],
            "Plans": [
                {
                    "Node Type": "Gather",
                    "Parent Relationship": "Outer",
                    "Parallel Aware": false,
                    "Startup Cost": 282012.94,
                    "Total Cost": 282013.45,
                    "Plan Rows": 5,
                    "Plan Width": 8,
                    "Actual Startup Time": 1161.556,
                    "Actual Total Time": 1201.194,
                    "Actual Rows": 6,
                    "Actual Loops": 1,
                    "Output": [
                        "(PARTIAL count(*))"
                    ],
                    "Workers Planned": 5,
                    "Workers Launched": 5,
                    "Single Copy": false,
                    "Plans": [
                        {
                            "Node Type": "Aggregate",
                            "Strategy": "Plain",
                            "Partial Mode": "Partial",
                            "Parent Relationship": "Outer",
                            "Parallel Aware": false,
                            "Startup Cost": 281012.94,
                            "Total Cost": 281012.95,
                            "Plan Rows": 1,
                            "Plan Width": 8,
                            "Actual Startup Time": 1151.328,
                            "Actual Total Time": 1151.491,
                            "Actual Rows": 1,
                            "Actual Loops": 6,
                            "Output": [
                                "PARTIAL count(*)"
                            ],
                            "Workers": [
                                {
                                    "Worker Number": 0,
                                    "Actual Startup Time": 1149.629,
                                    "Actual Total Time": 1149.635,
                                    "Actual Rows": 1,
                                    "Actual Loops": 1
                                },
                                {
                                    "Worker Number": 1,
                                    "Actual Startup Time": 1149.053,
                                    "Actual Total Time": 1149.059,
                                    "Actual Rows": 1,
                                    "Actual Loops": 1
                                },
                                {
                                    "Worker Number": 2,
                                    "Actual Startup Time": 1149.052,
                                    "Actual Total Time": 1149.057,
                                    "Actual Rows": 1,
                                    "Actual Loops": 1
                                },
                                {
                                    "Worker Number": 3,
                                    "Actual Startup Time": 1149.609,
                                    "Actual Total Time": 1149.615,
                                    "Actual Rows": 1,
                                    "Actual Loops": 1
                                },
                                {
                                    "Worker Number": 4,
                                    "Actual Startup Time": 1150.151,
                                    "Actual Total Time": 1150.156,
                                    "Actual Rows": 1,
                                    "Actual Loops": 1
                                }
                            ],
                            "Plans": [
                                {
                                    "Node Type": "Hash Join",
                                    "Parent Relationship": "Outer",
                                    "Parallel Aware": true,
                                    "Join Type": "Inner",
                                    "Startup Cost": 78031.64,
                                    "Total Cost": 280807.04,
                                    "Plan Rows": 82357,
                                    "Plan Width": 0,
                                    "Actual Startup Time": 263.711,
                                    "Actual Total Time": 1095.41,
                                    "Actual Rows": 917950,
                                    "Actual Loops": 6,
                                    "Inner Unique": false,
                                    "Hash Cond": "(mi.movie_id = t.id)",
                                    "Workers": [
                                        {
                                            "Worker Number": 0,
                                            "Actual Startup Time": 261.498,
                                            "Actual Total Time": 1094.224,
                                            "Actual Rows": 811728,
                                            "Actual Loops": 1
                                        },
                                        {
                                            "Worker Number": 1,
                                            "Actual Startup Time": 261.563,
                                            "Actual Total Time": 1092.81,
                                            "Actual Rows": 822589,
                                            "Actual Loops": 1
                                        },
                                        {
                                            "Worker Number": 2,
                                            "Actual Startup Time": 261.504,
                                            "Actual Total Time": 1093.178,
                                            "Actual Rows": 818573,
                                            "Actual Loops": 1
                                        },
                                        {
                                            "Worker Number": 3,
                                            "Actual Startup Time": 262.168,
                                            "Actual Total Time": 1093.943,
                                            "Actual Rows": 802685,
                                            "Actual Loops": 1
                                        },
                                        {
                                            "Worker Number": 4,
                                            "Actual Startup Time": 262.624,
                                            "Actual Total Time": 1094.405,
                                            "Actual Rows": 814314,
                                            "Actual Loops": 1
                                        }
                                    ],
                                    "Plans": [
                                        {
                                            "Node Type": "Seq Scan",
                                            "Parent Relationship": "Outer",
                                            "Parallel Aware": true,
                                            "Relation Name": "movie_info",
                                            "Schema": "public",
                                            "Alias": "mi",
                                            "Startup Cost": 0.0,
                                            "Total Cost": 191503.19,
                                            "Plan Rows": 2951019,
                                            "Plan Width": 4,
                                            "Actual Startup Time": 0.015,
                                            "Actual Total Time": 345.466,
                                            "Actual Rows": 2472620,
                                            "Actual Loops": 6,
                                            "Output": [
                                                "mi.id",
                                                "mi.movie_id",
                                                "mi.info_type_id",
                                                "mi.info",
                                                "mi.note"
                                            ],
                                            "Workers": [
                                                {
                                                    "Worker Number": 0,
                                                    "Actual Startup Time": 0.017,
                                                    "Actual Total Time": 349.507,
                                                    "Actual Rows": 2189384,
                                                    "Actual Loops": 1
                                                },
                                                {
                                                    "Worker Number": 1,
                                                    "Actual Startup Time": 0.015,
                                                    "Actual Total Time": 348.757,
                                                    "Actual Rows": 2201263,
                                                    "Actual Loops": 1
                                                },
                                                {
                                                    "Worker Number": 2,
                                                    "Actual Startup Time": 0.017,
                                                    "Actual Total Time": 349.488,
                                                    "Actual Rows": 2192059,
                                                    "Actual Loops": 1
                                                },
                                                {
                                                    "Worker Number": 3,
                                                    "Actual Startup Time": 0.017,
                                                    "Actual Total Time": 358.921,
                                                    "Actual Rows": 2171539,
                                                    "Actual Loops": 1
                                                },
                                                {
                                                    "Worker Number": 4,
                                                    "Actual Startup Time": 0.014,
                                                    "Actual Total Time": 349.53,
                                                    "Actual Rows": 2194901,
                                                    "Actual Loops": 1
                                                }
                                            ]
                                        },
                                        {
                                            "Node Type": "Hash",
                                            "Parent Relationship": "Inner",
                                            "Parallel Aware": true,
                                            "Startup Cost": 77811.14,
                                            "Total Cost": 77811.14,
                                            "Plan Rows": 17640,
                                            "Plan Width": 8,
                                            "Actual Startup Time": 261.357,
                                            "Actual Total Time": 261.519,
                                            "Actual Rows": 45925,
                                            "Actual Loops": 6,
                                            "Output": [
                                                "t.id",
                                                "mc.movie_id"
                                            ],
                                            "Hash Buckets": 524288,
                                            "Original Hash Buckets": 131072,
                                            "Hash Batches": 1,
                                            "Original Hash Batches": 1,
                                            "Peak Memory Usage": 18016,
                                            "Workers": [
                                                {
                                                    "Worker Number": 0,
                                                    "Actual Startup Time": 260.134,
                                                    "Actual Total Time": 260.138,
                                                    "Actual Rows": 43041,
                                                    "Actual Loops": 1
                                                },
                                                {
                                                    "Worker Number": 1,
                                                    "Actual Startup Time": 260.067,
                                                    "Actual Total Time": 260.071,
                                                    "Actual Rows": 43099,
                                                    "Actual Loops": 1
                                                },
                                                {
                                                    "Worker Number": 2,
                                                    "Actual Startup Time": 260.092,
                                                    "Actual Total Time": 260.096,
                                                    "Actual Rows": 42182,
                                                    "Actual Loops": 1
                                                },
                                                {
                                                    "Worker Number": 3,
                                                    "Actual Startup Time": 260.598,
                                                    "Actual Total Time": 260.602,
                                                    "Actual Rows": 41469,
                                                    "Actual Loops": 1
                                                },
                                                {
                                                    "Worker Number": 4,
                                                    "Actual Startup Time": 261.166,
                                                    "Actual Total Time": 261.17,
                                                    "Actual Rows": 41419,
                                                    "Actual Loops": 1
                                                }
                                            ],
                                            "Plans": [
                                                {
                                                    "Node Type": "Hash Join",
                                                    "Parent Relationship": "Outer",
                                                    "Parallel Aware": true,
                                                    "Join Type": "Inner",
                                                    "Startup Cost": 31278.9,
                                                    "Total Cost": 77811.14,
                                                    "Plan Rows": 17640,
                                                    "Plan Width": 8,
                                                    "Actual Startup Time": 118.305,
                                                    "Actual Total Time": 232.274,
                                                    "Actual Rows": 45925,
                                                    "Actual Loops": 6,
                                                    "Output": [
                                                        "t.id",
                                                        "mc.movie_id"
                                                    ],
                                                    "Inner Unique": false,
                                                    "Hash Cond": "(t.id = mc.movie_id)",
                                                    "Workers": [
                                                        {
                                                            "Worker Number": 0,
                                                            "Actual Startup Time": 122.501,
                                                            "Actual Total Time": 232.076,
                                                            "Actual Rows": 43041,
                                                            "Actual Loops": 1
                                                        },
                                                        {
                                                            "Worker Number": 1,
                                                            "Actual Startup Time": 122.469,
                                                            "Actual Total Time": 231.467,
                                                            "Actual Rows": 43099,
                                                            "Actual Loops": 1
                                                        },
                                                        {
                                                            "Worker Number": 2,
                                                            "Actual Startup Time": 122.516,
                                                            "Actual Total Time": 230.897,
                                                            "Actual Rows": 42182,
                                                            "Actual Loops": 1
                                                        },
                                                        {
                                                            "Worker Number": 3,
                                                            "Actual Startup Time": 112.211,
                                                            "Actual Total Time": 232.474,
                                                            "Actual Rows": 41469,
                                                            "Actual Loops": 1
                                                        },
                                                        {
                                                            "Worker Number": 4,
                                                            "Actual Startup Time": 113.824,
                                                            "Actual Total Time": 231.235,
                                                            "Actual Rows": 41419,
                                                            "Actual Loops": 1
                                                        }
                                                    ],
                                                    "Plans": [
                                                        {
                                                            "Node Type": "Seq Scan",
                                                            "Parent Relationship": "Outer",
                                                            "Parallel Aware": true,
                                                            "Relation Name": "title",
                                                            "Schema": "public",
                                                            "Alias": "t",
                                                            "Startup Cost": 0.0,
                                                            "Total Cost": 45479.21,
                                                            "Plan Rows": 199227,
                                                            "Plan Width": 4,
                                                            "Actual Startup Time": 0.014,
                                                            "Actual Total Time": 79.116,
                                                            "Actual Rows": 117977,
                                                            "Actual Loops": 6,
                                                            "Output": [
                                                                "t.id",
                                                                "t.title",
                                                                "t.imdb_index",
                                                                "t.kind_id",
                                                                "t.production_year",
                                                                "t.imdb_id",
                                                                "t.phonetic_code",
                                                                "t.episode_of_id",
                                                                "t.season_nr",
                                                                "t.episode_nr",
                                                                "t.series_years",
                                                                "t.md5sum"
                                                            ],
                                                            "Filter": "((t.kind_id < 7) AND (t.production_year > 1973))",
                                                            "Rows Removed by Filter": 303408,
                                                            "Workers": [
                                                                {
                                                                    "Worker Number": 0,
                                                                    "Actual Startup Time": 0.012,
                                                                    "Actual Total Time": 81.295,
                                                                    "Actual Rows": 109377,
                                                                    "Actual Loops": 1
                                                                },
                                                                {
                                                                    "Worker Number": 1,
                                                                    "Actual Startup Time": 0.018,
                                                                    "Actual Total Time": 81.024,
                                                                    "Actual Rows": 109495,
                                                                    "Actual Loops": 1
                                                                },
                                                                {
                                                                    "Worker Number": 2,
                                                                    "Actual Startup Time": 0.02,
                                                                    "Actual Total Time": 80.905,
                                                                    "Actual Rows": 107892,
                                                                    "Actual Loops": 1
                                                                },
                                                                {
                                                                    "Worker Number": 3,
                                                                    "Actual Startup Time": 0.015,
                                                                    "Actual Total Time": 80.981,
                                                                    "Actual Rows": 105671,
                                                                    "Actual Loops": 1
                                                                },
                                                                {
                                                                    "Worker Number": 4,
                                                                    "Actual Startup Time": 0.014,
                                                                    "Actual Total Time": 80.253,
                                                                    "Actual Rows": 106074,
                                                                    "Actual Loops": 1
                                                                }
                                                            ]
                                                        },
                                                        {
                                                            "Node Type": "Hash",
                                                            "Parent Relationship": "Inner",
                                                            "Parallel Aware": true,
                                                            "Startup Cost": 30376.22,
                                                            "Total Cost": 30376.22,
                                                            "Plan Rows": 72214,
                                                            "Plan Width": 4,
                                                            "Actual Startup Time": 109.154,
                                                            "Actual Total Time": 109.155,
                                                            "Actual Rows": 73897,
                                                            "Actual Loops": 6,
                                                            "Output": [
                                                                "mc.movie_id"
                                                            ],
                                                            "Hash Buckets": 524288,
                                                            "Original Hash Buckets": 262144,
                                                            "Hash Batches": 1,
                                                            "Original Hash Batches": 1,
                                                            "Peak Memory Usage": 23584,
                                                            "Workers": [
                                                                {
                                                                    "Worker Number": 0,
                                                                    "Actual Startup Time": 108.589,
                                                                    "Actual Total Time": 108.59,
                                                                    "Actual Rows": 60802,
                                                                    "Actual Loops": 1
                                                                },
                                                                {
                                                                    "Worker Number": 1,
                                                                    "Actual Startup Time": 108.58,
                                                                    "Actual Total Time": 108.582,
                                                                    "Actual Rows": 61273,
                                                                    "Actual Loops": 1
                                                                },
                                                                {
                                                                    "Worker Number": 2,
                                                                    "Actual Startup Time": 108.589,
                                                                    "Actual Total Time": 108.591,
                                                                    "Actual Rows": 59322,
                                                                    "Actual Loops": 1
                                                                },
                                                                {
                                                                    "Worker Number": 3,
                                                                    "Actual Startup Time": 109.087,
                                                                    "Actual Total Time": 109.089,
                                                                    "Actual Rows": 60658,
                                                                    "Actual Loops": 1
                                                                },
                                                                {
                                                                    "Worker Number": 4,
                                                                    "Actual Startup Time": 109.674,
                                                                    "Actual Total Time": 109.675,
                                                                    "Actual Rows": 60441,
                                                                    "Actual Loops": 1
                                                                }
                                                            ],
                                                            "Plans": [
                                                                {
                                                                    "Node Type": "Bitmap Heap Scan",
                                                                    "Parent Relationship": "Outer",
                                                                    "Parallel Aware": true,
                                                                    "Relation Name": "movie_companies",
                                                                    "Schema": "public",
                                                                    "Alias": "mc",
                                                                    "Startup Cost": 9461.59,
                                                                    "Total Cost": 30376.22,
                                                                    "Plan Rows": 72214,
                                                                    "Plan Width": 4,
                                                                    "Actual Startup Time": 34.831,
                                                                    "Actual Total Time": 70.345,
                                                                    "Actual Rows": 73897,
                                                                    "Actual Loops": 6,
                                                                    "Output": [
                                                                        "mc.movie_id"
                                                                    ],
                                                                    "Recheck Cond": "(mc.company_id > 77897)",
                                                                    "Rows Removed by Index Recheck": 0,
                                                                    "Filter": "(mc.company_type_id = 2)",
                                                                    "Rows Removed by Filter": 0,
                                                                    "Exact Heap Blocks": 2301,
                                                                    "Lossy Heap Blocks": 0,
                                                                    "Workers": [
                                                                        {
                                                                            "Worker Number": 0,
                                                                            "Actual Startup Time": 34.436,
                                                                            "Actual Total Time": 70.843,
                                                                            "Actual Rows": 60802,
                                                                            "Actual Loops": 1
                                                                        },
                                                                        {
                                                                            "Worker Number": 1,
                                                                            "Actual Startup Time": 34.386,
                                                                            "Actual Total Time": 70.486,
                                                                            "Actual Rows": 61273,
                                                                            "Actual Loops": 1
                                                                        },
                                                                        {
                                                                            "Worker Number": 2,
                                                                            "Actual Startup Time": 34.353,
                                                                            "Actual Total Time": 71.134,
                                                                            "Actual Rows": 59322,
                                                                            "Actual Loops": 1
                                                                        },
                                                                        {
                                                                            "Worker Number": 3,
                                                                            "Actual Startup Time": 34.759,
                                                                            "Actual Total Time": 71.396,
                                                                            "Actual Rows": 60658,
                                                                            "Actual Loops": 1
                                                                        },
                                                                        {
                                                                            "Worker Number": 4,
                                                                            "Actual Startup Time": 35.238,
                                                                            "Actual Total Time": 71.929,
                                                                            "Actual Rows": 60441,
                                                                            "Actual Loops": 1
                                                                        }
                                                                    ],
                                                                    "Plans": [
                                                                        {
                                                                            "Node Type": "Bitmap Index Scan",
                                                                            "Parent Relationship": "Outer",
                                                                            "Parallel Aware": false,
                                                                            "Index Name": "company_id_movie_companies",
                                                                            "Startup Cost": 0.0,
                                                                            "Total Cost": 9405.62,
                                                                            "Plan Rows": 439092,
                                                                            "Plan Width": 0,
                                                                            "Actual Startup Time": 34.954,
                                                                            "Actual Total Time": 34.954,
                                                                            "Actual Rows": 443383,
                                                                            "Actual Loops": 1,
                                                                            "Index Cond": "(mc.company_id > 77897)"
                                                                        }
                                                                    ]
                                                                }
                                                            ]
                                                        }
                                                    ]
                                                }
                                            ]
                                        }
                                    ]
                                }
                            ]
                        }
                    ]
                }
            ]
        },
        "Planning Time": 846.866,
        "Triggers": [],
        "Execution Time": 1201.34
    }
]