[
  {
    "Plan": {
      "Node Type": "Aggregate",
      "Strategy": "Plain",
      "Partial Mode": "Finalize",
      "Parallel Aware": false,
      "Startup Cost": 92155.57,
      "Total Cost": 92155.58,
      "Plan Rows": 1,
      "Plan Width": 8,
      "Actual Startup Time": 359.959,
      "Actual Total Time": 378.759,
      "Actual Rows": 1,
      "Actual Loops": 1,
      "Plans": [
        {
          "Node Type": "Gather",
          "Parent Relationship": "Outer",
          "Parallel Aware": false,
          "Startup Cost": 92155.25,
          "Total Cost": 92155.56,
          "Plan Rows": 3,
          "Plan Width": 8,
          "Actual Startup Time": 358.502,
          "Actual Total Time": 378.75,
          "Actual Rows": 4,
          "Actual Loops": 1,
          "Workers Planned": 3,
          "Workers Launched": 3,
          "Single Copy": false,
          "Plans": [
            {
              "Node Type": "Aggregate",
              "Strategy": "Plain",
              "Partial Mode": "Partial",
              "Parent Relationship": "Outer",
              "Parallel Aware": false,
              "Startup Cost": 91155.25,
              "Total Cost": 91155.26,
              "Plan Rows": 1,
              "Plan Width": 8,
              "Actual Startup Time": 349.227,
              "Actual Total Time": 349.241,
              "Actual Rows": 1,
              "Actual Loops": 4,
              "Plans": [
                {
                  "Node Type": "Hash Join",
                  "Parent Relationship": "Outer",
                  "Parallel Aware": true,
                  "Join Type": "Inner",
                  "Startup Cost": 46268.67,
                  "Total Cost": 90964.85,
                  "Plan Rows": 76160,
                  "Plan Width": 0,
                  "Actual Startup Time": 180.193,
                  "Actual Total Time": 338.845,
                  "Actual Rows": 222811,
                  "Actual Loops": 4,
                  "Inner Unique": true,
                  "Hash Cond": "(mk.movie_id = t.id)",
                  "Plans": [
                    {
                      "Node Type": "Seq Scan",
                      "Parent Relationship": "Outer",
                      "Parallel Aware": true,
                      "Relation Name": "movie_keyword",
                      "Alias": "mk",
                      "Startup Cost": 0.0,
                      "Total Cost": 42695.65,
                      "Plan Rows": 762105,
                      "Plan Width": 4,
                      "Actual Startup Time": 0.024,
                      "Actual Total Time": 113.945,
                      "Actual Rows": 590886,
                      "Actual Loops": 4,
                      "Filter": "(keyword_id < 5325)",
                      "Rows Removed by Filter": 540096
                    },
                    {
                      "Node Type": "Hash",
                      "Parent Relationship": "Inner",
                      "Parallel Aware": true,
                      "Startup Cost": 45479.1,
                      "Total Cost": 45479.1,
                      "Plan Rows": 63166,
                      "Plan Width": 4,
                      "Actual Startup Time": 143.649,
                      "Actual Total Time": 143.661,
                      "Actual Rows": 91654,
                      "Actual Loops": 4,
                      "Hash Buckets": 524288,
                      "Original Hash Buckets": 262144,
                      "Hash Batches": 1,
                      "Original Hash Batches": 1,
                      "Peak Memory Usage": 20544,
                      "Plans": [
                        {
                          "Node Type": "Seq Scan",
                          "Parent Relationship": "Outer",
                          "Parallel Aware": true,
                          "Relation Name": "title",
                          "Alias": "t",
                          "Startup Cost": 0.0,
                          "Total Cost": 45479.1,
                          "Plan Rows": 63166,
                          "Plan Width": 4,
                          "Actual Startup Time": 63.515,
                          "Actual Total Time": 107.02,
                          "Actual Rows": 91654,
                          "Actual Loops": 4,
                          "Filter": "((production_year < 1999) AND (kind_id = 1))",
                          "Rows Removed by Filter": 540424
                        }
                      ]
                    }
                  ]
                }
              ]
            }
          ]
        }
      ]
    },
    "Planning Time": 0.68,
    "Triggers": [],
    "Execution Time": 378.851
  }
]