{
  "Plan": {
    "Node Type": "Aggregate",
    "Strategy": "Plain",
    "Partial Mode": "Finalize",
    "Parallel Aware": false,
    "Startup Cost": 297277.6,
    "Total Cost": 297277.61,
    "Plan Rows": 1,
    "Plan Width": 8,
    "Actual Startup Time": 1415.945,
    "Actual Total Time": 1448.202,
    "Actual Rows": 1,
    "Actual Loops": 1,
    "Plans": [
      {
        "Node Type": "Gather",
        "Parent Relationship": "Outer",
        "Parallel Aware": false,
        "Startup Cost": 297277.49,
        "Total Cost": 297277.6,
        "Plan Rows": 1,
        "Plan Width": 8,
        "Actual Startup Time": 1415.056,
        "Actual Total Time": 1448.192,
        "Actual Rows": 2,
        "Actual Loops": 1,
        "Workers Planned": 1,
        "Workers Launched": 1,
        "Single Copy": false,
        "Plans": [
          {
            "Node Type": "Aggregate",
            "Strategy": "Plain",
            "Partial Mode": "Partial",
            "Parent Relationship": "Outer",
            "Parallel Aware": false,
            "Startup Cost": 296277.49,
            "Total Cost": 296277.5,
            "Plan Rows": 1,
            "Plan Width": 8,
            "Actual Startup Time": 1410.012,
            "Actual Total Time": 1410.015,
            "Actual Rows": 1,
            "Actual Loops": 2,
            "Plans": [
              {
                "Node Type": "Hash Join",
                "Parent Relationship": "Outer",
                "Parallel Aware": true,
                "Join Type": "Inner",
                "Startup Cost": 58778.87,
                "Total Cost": 296002.63,
                "Plan Rows": 109943,
                "Plan Width": 0,
                "Actual Startup Time": 191.275,
                "Actual Total Time": 1401.489,
                "Actual Rows": 150146,
                "Actual Loops": 2,
                "Inner Unique": true,
                "Hash Cond": "(ci.movie_id = t.id)",
                "Plans": [
                  {
                    "Node Type": "Index Scan",
                    "Parent Relationship": "Outer",
                    "Parallel Aware": true,
                    "Scan Direction": "Forward",
                    "Index Name": "role_id_cast_info",
                    "Relation Name": "cast_info",
                    "Alias": "ci",
                    "Startup Cost": 0.56,
                    "Total Cost": 225853.5,
                    "Plan Rows": 4331734,
                    "Plan Width": 4,
                    "Actual Startup Time": 0.05,
                    "Actual Total Time": 598.855,
                    "Actual Rows": 3725986,
                    "Actual Loops": 2,
                    "Index Cond": "(role_id = 2)",
                    "Rows Removed by Index Recheck": 0
                  },
                  {
                    "Node Type": "Hash",
                    "Parent Relationship": "Inner",
                    "Parallel Aware": true,
                    "Startup Cost": 58306.47,
                    "Total Cost": 58306.47,
                    "Plan Rows": 37747,
                    "Plan Width": 4,
                    "Actual Startup Time": 190.075,
                    "Actual Total Time": 190.076,
                    "Actual Rows": 82466,
                    "Actual Loops": 2,
                    "Hash Buckets": 262144,
                    "Original Hash Buckets": 65536,
                    "Hash Batches": 1,
                    "Original Hash Batches": 1,
                    "Peak Memory Usage": 10080,
                    "Plans": [
                      {
                        "Node Type": "Seq Scan",
                        "Parent Relationship": "Outer",
                        "Parallel Aware": true,
                        "Relation Name": "title",
                        "Alias": "t",
                        "Startup Cost": 0.0,
                        "Total Cost": 58306.47,
                        "Plan Rows": 37747,
                        "Plan Width": 4,
                        "Actual Startup Time": 1.183,
                        "Actual Total Time": 165.13,
                        "Actual Rows": 82466,
                        "Actual Loops": 2,
                        "Filter": "((kind_id < 7) AND (production_year < 1951))",
                        "Rows Removed by Filter": 1181690
                      }
                    ]
                  }
                ]
              }
            ]
          }
        ]
      }
    ]
  },
  "Planning Time": 0.483,
  "Triggers": [],
  "Execution Time": 1448.284
}