{
    "Plan": {
        "Node Type": "Aggregate",
        "Strategy": "Plain",
        "Partial Mode": "Finalize",
        "Parallel Aware": false,
        "Startup Cost": 338872.97,
        "Total Cost": 338872.98,
        "Plan Rows": 1,
        "Plan Width": 8,
        "Actual Startup Time": 5210.656,
        "Actual Total Time": 5267.761,
        "Actual Rows": 1,
        "Actual Loops": 1,
        "Output": [
            "count(*)"
        ],
        "Plans": [
            {
                "Node Type": "Gather",
                "Parent Relationship": "Outer",
                "Parallel Aware": false,
                "Startup Cost": 338872.45,
                "Total Cost": 338872.96,
                "Plan Rows": 5,
                "Plan Width": 8,
                "Actual Startup Time": 5162.216,
                "Actual Total Time": 5267.729,
                "Actual Rows": 6,
                "Actual Loops": 1,
                "Output": [
                    "(PARTIAL count(*))"
                ],
                "Workers Planned": 5,
                "Workers Launched": 5,
                "Single Copy": false,
                "Plans": [
                    {
                        "Node Type": "Aggregate",
                        "Strategy": "Plain",
                        "Partial Mode": "Partial",
                        "Parent Relationship": "Outer",
                        "Parallel Aware": false,
                        "Startup Cost": 337872.45,
                        "Total Cost": 337872.46,
                        "Plan Rows": 1,
                        "Plan Width": 8,
                        "Actual Startup Time": 5140.026,
                        "Actual Total Time": 5141.458,
                        "Actual Rows": 1,
                        "Actual Loops": 6,
                        "Output": [
                            "PARTIAL count(*)"
                        ],
                        "Workers": [
                            {
                                "Worker Number": 0,
                                "Actual Startup Time": 5134.821,
                                "Actual Total Time": 5134.826,
                                "Actual Rows": 1,
                                "Actual Loops": 1
                            },
                            {
                                "Worker Number": 1,
                                "Actual Startup Time": 5138.664,
                                "Actual Total Time": 5138.669,
                                "Actual Rows": 1,
                                "Actual Loops": 1
                            },
                            {
                                "Worker Number": 2,
                                "Actual Startup Time": 5135.124,
                                "Actual Total Time": 5135.13,
                                "Actual Rows": 1,
                                "Actual Loops": 1
                            },
                            {
                                "Worker Number": 3,
                                "Actual Startup Time": 5135.104,
                                "Actual Total Time": 5135.109,
                                "Actual Rows": 1,
                                "Actual Loops": 1
                            },
                            {
                                "Worker Number": 4,
                                "Actual Startup Time": 5135.166,
                                "Actual Total Time": 5135.17,
                                "Actual Rows": 1,
                                "Actual Loops": 1
                            }
                        ],
                        "Plans": [
                            {
                                "Node Type": "Hash Join",
                                "Parent Relationship": "Outer",
                                "Parallel Aware": true,
                                "Join Type": "Inner",
                                "Startup Cost": 110802.33,
                                "Total Cost": 327175.0,
                                "Plan Rows": 4278979,
                                "Plan Width": 0,
                                "Actual Startup Time": 678.562,
                                "Actual Total Time": 3816.696,
                                "Actual Rows": 33328046,
                                "Actual Loops": 6,
                                "Inner Unique": false,
                                "Hash Cond": "(mi.movie_id = t.id)",
                                "Workers": [
                                    {
                                        "Worker Number": 0,
                                        "Actual Startup Time": 674.036,
                                        "Actual Total Time": 3825.403,
                                        "Actual Rows": 32672971,
                                        "Actual Loops": 1
                                    },
                                    {
                                        "Worker Number": 1,
                                        "Actual Startup Time": 674.065,
                                        "Actual Total Time": 3827.244,
                                        "Actual Rows": 32701492,
                                        "Actual Loops": 1
                                    },
                                    {
                                        "Worker Number": 2,
                                        "Actual Startup Time": 674.347,
                                        "Actual Total Time": 3806.748,
                                        "Actual Rows": 33730845,
                                        "Actual Loops": 1
                                    },
                                    {
                                        "Worker Number": 3,
                                        "Actual Startup Time": 674.391,
                                        "Actual Total Time": 3809.296,
                                        "Actual Rows": 33416977,
                                        "Actual Loops": 1
                                    },
                                    {
                                        "Worker Number": 4,
                                        "Actual Startup Time": 674.043,
                                        "Actual Total Time": 3803.709,
                                        "Actual Rows": 33792806,
                                        "Actual Loops": 1
                                    }
                                ],
                                "Plans": [
                                    {
                                        "Node Type": "Seq Scan",
                                        "Parent Relationship": "Outer",
                                        "Parallel Aware": true,
                                        "Relation Name": "movie_info",
                                        "Schema": "public",
                                        "Alias": "mi",
                                        "Startup Cost": 0.0,
                                        "Total Cost": 191503.19,
                                        "Plan Rows": 2951019,
                                        "Plan Width": 4,
                                        "Actual Startup Time": 0.03,
                                        "Actual Total Time": 281.229,
                                        "Actual Rows": 2472620,
                                        "Actual Loops": 6,
                                        "Output": [
                                            "mi.id",
                                            "mi.movie_id",
                                            "mi.info_type_id",
                                            "mi.info",
                                            "mi.note"
                                        ],
                                        "Workers": [
                                            {
                                                "Worker Number": 0,
                                                "Actual Startup Time": 0.036,
                                                "Actual Total Time": 298.269,
                                                "Actual Rows": 2356293,
                                                "Actual Loops": 1
                                            },
                                            {
                                                "Worker Number": 1,
                                                "Actual Startup Time": 0.031,
                                                "Actual Total Time": 296.722,
                                                "Actual Rows": 2383695,
                                                "Actual Loops": 1
                                            },
                                            {
                                                "Worker Number": 2,
                                                "Actual Startup Time": 0.03,
                                                "Actual Total Time": 289.286,
                                                "Actual Rows": 2554808,
                                                "Actual Loops": 1
                                            },
                                            {
                                                "Worker Number": 3,
                                                "Actual Startup Time": 0.036,
                                                "Actual Total Time": 288.879,
                                                "Actual Rows": 2497626,
                                                "Actual Loops": 1
                                            },
                                            {
                                                "Worker Number": 4,
                                                "Actual Startup Time": 0.035,
                                                "Actual Total Time": 289.172,
                                                "Actual Rows": 2530236,
                                                "Actual Loops": 1
                                            }
                                        ]
                                    },
                                    {
                                        "Node Type": "Hash",
                                        "Parent Relationship": "Inner",
                                        "Parallel Aware": true,
                                        "Startup Cost": 96019.79,
                                        "Total Cost": 96019.79,
                                        "Plan Rows": 1182603,
                                        "Plan Width": 8,
                                        "Actual Startup Time": 669.971,
                                        "Actual Total Time": 671.401,
                                        "Actual Rows": 611744,
                                        "Actual Loops": 6,
                                        "Output": [
                                            "t.id",
                                            "mk.movie_id"
                                        ],
                                        "Hash Buckets": 4194304,
                                        "Original Hash Buckets": 4194304,
                                        "Hash Batches": 1,
                                        "Original Hash Batches": 1,
                                        "Peak Memory Usage": 176480,
                                        "Workers": [
                                            {
                                                "Worker Number": 0,
                                                "Actual Startup Time": 672.819,
                                                "Actual Total Time": 672.823,
                                                "Actual Rows": 593901,
                                                "Actual Loops": 1
                                            },
                                            {
                                                "Worker Number": 1,
                                                "Actual Startup Time": 672.838,
                                                "Actual Total Time": 672.841,
                                                "Actual Rows": 597266,
                                                "Actual Loops": 1
                                            },
                                            {
                                                "Worker Number": 2,
                                                "Actual Startup Time": 673.148,
                                                "Actual Total Time": 673.152,
                                                "Actual Rows": 612515,
                                                "Actual Loops": 1
                                            },
                                            {
                                                "Worker Number": 3,
                                                "Actual Startup Time": 673.226,
                                                "Actual Total Time": 673.23,
                                                "Actual Rows": 604495,
                                                "Actual Loops": 1
                                            },
                                            {
                                                "Worker Number": 4,
                                                "Actual Startup Time": 673.273,
                                                "Actual Total Time": 673.276,
                                                "Actual Rows": 615219,
                                                "Actual Loops": 1
                                            }
                                        ],
                                        "Plans": [
                                            {
                                                "Node Type": "Hash Join",
                                                "Parent Relationship": "Outer",
                                                "Parallel Aware": true,
                                                "Join Type": "Inner",
                                                "Startup Cost": 50219.81,
                                                "Total Cost": 96019.79,
                                                "Plan Rows": 1182603,
                                                "Plan Width": 8,
                                                "Actual Startup Time": 278.636,
                                                "Actual Total Time": 495.474,
                                                "Actual Rows": 611744,
                                                "Actual Loops": 6,
                                                "Output": [
                                                    "t.id",
                                                    "mk.movie_id"
                                                ],
                                                "Inner Unique": true,
                                                "Hash Cond": "(mk.movie_id = t.id)",
                                                "Workers": [
                                                    {
                                                        "Worker Number": 0,
                                                        "Actual Startup Time": 278.611,
                                                        "Actual Total Time": 495.433,
                                                        "Actual Rows": 593901,
                                                        "Actual Loops": 1
                                                    },
                                                    {
                                                        "Worker Number": 1,
                                                        "Actual Startup Time": 278.707,
                                                        "Actual Total Time": 495.28,
                                                        "Actual Rows": 597266,
                                                        "Actual Loops": 1
                                                    },
                                                    {
                                                        "Worker Number": 2,
                                                        "Actual Startup Time": 278.584,
                                                        "Actual Total Time": 495.485,
                                                        "Actual Rows": 612515,
                                                        "Actual Loops": 1
                                                    },
                                                    {
                                                        "Worker Number": 3,
                                                        "Actual Startup Time": 278.594,
                                                        "Actual Total Time": 494.089,
                                                        "Actual Rows": 604495,
                                                        "Actual Loops": 1
                                                    },
                                                    {
                                                        "Worker Number": 4,
                                                        "Actual Startup Time": 278.594,
                                                        "Actual Total Time": 493.796,
                                                        "Actual Rows": 615219,
                                                        "Actual Loops": 1
                                                    }
                                                ],
                                                "Plans": [
                                                    {
                                                        "Node Type": "Seq Scan",
                                                        "Parent Relationship": "Outer",
                                                        "Parallel Aware": true,
                                                        "Relation Name": "movie_keyword",
                                                        "Schema": "public",
                                                        "Alias": "mk",
                                                        "Startup Cost": 0.0,
                                                        "Total Cost": 42695.65,
                                                        "Plan Rows": 1182603,
                                                        "Plan Width": 4,
                                                        "Actual Startup Time": 0.036,
                                                        "Actual Total Time": 97.623,
                                                        "Actual Rows": 611744,
                                                        "Actual Loops": 6,
                                                        "Output": [
                                                            "mk.id",
                                                            "mk.movie_id",
                                                            "mk.keyword_id"
                                                        ],
                                                        "Filter": "(mk.keyword_id > 814)",
                                                        "Rows Removed by Filter": 142244,
                                                        "Workers": [
                                                            {
                                                                "Worker Number": 0,
                                                                "Actual Startup Time": 0.038,
                                                                "Actual Total Time": 100.419,
                                                                "Actual Rows": 593901,
                                                                "Actual Loops": 1
                                                            },
                                                            {
                                                                "Worker Number": 1,
                                                                "Actual Startup Time": 0.028,
                                                                "Actual Total Time": 100.275,
                                                                "Actual Rows": 597266,
                                                                "Actual Loops": 1
                                                            },
                                                            {
                                                                "Worker Number": 2,
                                                                "Actual Startup Time": 0.034,
                                                                "Actual Total Time": 100.318,
                                                                "Actual Rows": 612515,
                                                                "Actual Loops": 1
                                                            },
                                                            {
                                                                "Worker Number": 3,
                                                                "Actual Startup Time": 0.034,
                                                                "Actual Total Time": 99.957,
                                                                "Actual Rows": 604495,
                                                                "Actual Loops": 1
                                                            },
                                                            {
                                                                "Worker Number": 4,
                                                                "Actual Startup Time": 0.032,
                                                                "Actual Total Time": 100.225,
                                                                "Actual Rows": 615219,
                                                                "Actual Loops": 1
                                                            }
                                                        ]
                                                    },
                                                    {
                                                        "Node Type": "Hash",
                                                        "Parent Relationship": "Inner",
                                                        "Parallel Aware": true,
                                                        "Startup Cost": 42318.81,
                                                        "Total Cost": 42318.81,
                                                        "Plan Rows": 632080,
                                                        "Plan Width": 4,
                                                        "Actual Startup Time": 274.08,
                                                        "Actual Total Time": 274.081,
                                                        "Actual Rows": 421385,
                                                        "Actual Loops": 6,
                                                        "Output": [
                                                            "t.id"
                                                        ],
                                                        "Hash Buckets": 4194304,
                                                        "Original Hash Buckets": 4194304,
                                                        "Hash Batches": 1,
                                                        "Original Hash Batches": 1,
                                                        "Peak Memory Usage": 131808,
                                                        "Workers": [
                                                            {
                                                                "Worker Number": 0,
                                                                "Actual Startup Time": 278.464,
                                                                "Actual Total Time": 278.465,
                                                                "Actual Rows": 387141,
                                                                "Actual Loops": 1
                                                            },
                                                            {
                                                                "Worker Number": 1,
                                                                "Actual Startup Time": 278.455,
                                                                "Actual Total Time": 278.456,
                                                                "Actual Rows": 388361,
                                                                "Actual Loops": 1
                                                            },
                                                            {
                                                                "Worker Number": 2,
                                                                "Actual Startup Time": 278.44,
                                                                "Actual Total Time": 278.441,
                                                                "Actual Rows": 424684,
                                                                "Actual Loops": 1
                                                            },
                                                            {
                                                                "Worker Number": 3,
                                                                "Actual Startup Time": 278.458,
                                                                "Actual Total Time": 278.459,
                                                                "Actual Rows": 403370,
                                                                "Actual Loops": 1
                                                            },
                                                            {
                                                                "Worker Number": 4,
                                                                "Actual Startup Time": 278.47,
                                                                "Actual Total Time": 278.471,
                                                                "Actual Rows": 409986,
                                                                "Actual Loops": 1
                                                            }
                                                        ],
                                                        "Plans": [
                                                            {
                                                                "Node Type": "Seq Scan",
                                                                "Parent Relationship": "Outer",
                                                                "Parallel Aware": true,
                                                                "Relation Name": "title",
                                                                "Schema": "public",
                                                                "Alias": "t",
                                                                "Startup Cost": 0.0,
                                                                "Total Cost": 42318.81,
                                                                "Plan Rows": 632080,
                                                                "Plan Width": 4,
                                                                "Actual Startup Time": 0.076,
                                                                "Actual Total Time": 75.435,
                                                                "Actual Rows": 421385,
                                                                "Actual Loops": 6,
                                                                "Output": [
                                                                    "t.id"
                                                                ],
                                                                "Workers": [
                                                                    {
                                                                        "Worker Number": 0,
                                                                        "Actual Startup Time": 0.094,
                                                                        "Actual Total Time": 78.174,
                                                                        "Actual Rows": 387141,
                                                                        "Actual Loops": 1
                                                                    },
                                                                    {
                                                                        "Worker Number": 1,
                                                                        "Actual Startup Time": 0.092,
                                                                        "Actual Total Time": 78.182,
                                                                        "Actual Rows": 388361,
                                                                        "Actual Loops": 1
                                                                    },
                                                                    {
                                                                        "Worker Number": 2,
                                                                        "Actual Startup Time": 0.086,
                                                                        "Actual Total Time": 76.949,
                                                                        "Actual Rows": 424684,
                                                                        "Actual Loops": 1
                                                                    },
                                                                    {
                                                                        "Worker Number": 3,
                                                                        "Actual Startup Time": 0.075,
                                                                        "Actual Total Time": 77.587,
                                                                        "Actual Rows": 403370,
                                                                        "Actual Loops": 1
                                                                    },
                                                                    {
                                                                        "Worker Number": 4,
                                                                        "Actual Startup Time": 0.09,
                                                                        "Actual Total Time": 77.493,
                                                                        "Actual Rows": 409986,
                                                                        "Actual Loops": 1
                                                                    }
                                                                ]
                                                            }
                                                        ]
                                                    }
                                                ]
                                            }
                                        ]
                                    }
                                ]
                            }
                        ]
                    }
                ]
            }
        ]
    },
    "Planning Time": 1.498,
    "Triggers": [],
    "Execution Time": 5267.861
}