[
  {
    "Plan": {
      "Node Type": "Aggregate",
      "Strategy": "Plain",
      "Partial Mode": "Finalize",
      "Parallel Aware": false,
      "Startup Cost": 413116.66,
      "Total Cost": 413116.67,
      "Plan Rows": 1,
      "Plan Width": 8,
      "Actual Startup Time": 4567.064,
      "Actual Total Time": 4664.89,
      "Actual Rows": 1,
      "Actual Loops": 1,
      "Plans": [
        {
          "Node Type": "Gather",
          "Parent Relationship": "Outer",
          "Parallel Aware": false,
          "Startup Cost": 413116.13,
          "Total Cost": 413116.64,
          "Plan Rows": 5,
          "Plan Width": 8,
          "Actual Startup Time": 4556.612,
          "Actual Total Time": 4664.877,
          "Actual Rows": 6,
          "Actual Loops": 1,
          "Workers Planned": 5,
          "Workers Launched": 5,
          "Single Copy": false,
          "Plans": [
            {
              "Node Type": "Aggregate",
              "Strategy": "Plain",
              "Partial Mode": "Partial",
              "Parent Relationship": "Outer",
              "Parallel Aware": false,
              "Startup Cost": 412116.13,
              "Total Cost": 412116.14,
              "Plan Rows": 1,
              "Plan Width": 8,
              "Actual Startup Time": 4549.901,
              "Actual Total Time": 4549.903,
              "Actual Rows": 1,
              "Actual Loops": 6,
              "Plans": [
                {
                  "Node Type": "Nested Loop",
                  "Parent Relationship": "Outer",
                  "Parallel Aware": false,
                  "Join Type": "Inner",
                  "Startup Cost": 98800.7,
                  "Total Cost": 409721.47,
                  "Plan Rows": 957866,
                  "Plan Width": 0,
                  "Actual Startup Time": 637.709,
                  "Actual Total Time": 4439.196,
                  "Actual Rows": 2304157,
                  "Actual Loops": 6,
                  "Inner Unique": false,
                  "Plans": [
                    {
                      "Node Type": "Merge Join",
                      "Parent Relationship": "Outer",
                      "Parallel Aware": false,
                      "Join Type": "Inner",
                      "Startup Cost": 98800.14,
                      "Total Cost": 193701.48,
                      "Plan Rows": 102839,
                      "Plan Width": 8,
                      "Actual Startup Time": 637.59,
                      "Actual Total Time": 1105.145,
                      "Actual Rows": 136383,
                      "Actual Loops": 6,
                      "Inner Unique": false,
                      "Merge Cond": "(t.id = mc.movie_id)",
                      "Plans": [
                        {
                          "Node Type": "Index Only Scan",
                          "Parent Relationship": "Outer",
                          "Parallel Aware": true,
                          "Scan Direction": "Forward",
                          "Index Name": "title_pkey",
                          "Relation Name": "title",
                          "Alias": "t",
                          "Startup Cost": 0.43,
                          "Total Cost": 90125.02,
                          "Plan Rows": 505685,
                          "Plan Width": 4,
                          "Actual Startup Time": 0.127,
                          "Actual Total Time": 334.31,
                          "Actual Rows": 420958,
                          "Actual Loops": 6,
                          "Heap Fetches": 2525751
                        },
                        {
                          "Node Type": "Sort",
                          "Parent Relationship": "Inner",
                          "Parallel Aware": false,
                          "Startup Cost": 98799.63,
                          "Total Cost": 100085.12,
                          "Plan Rows": 514195,
                          "Plan Width": 4,
                          "Actual Startup Time": 637.1,
                          "Actual Total Time": 680.489,
                          "Actual Rows": 818297,
                          "Actual Loops": 6,
                          "Sort Key": [
                            "mc.movie_id"
                          ],
                          "Sort Method": "quicksort",
                          "Sort Space Used": 62934,
                          "Sort Space Type": "Memory",
                          "Workers": [
                            {
                              "Worker Number": 0,
                              "Sort Method": "quicksort",
                              "Sort Space Used": 62934,
                              "Sort Space Type": "Memory"
                            },
                            {
                              "Worker Number": 1,
                              "Sort Method": "quicksort",
                              "Sort Space Used": 62934,
                              "Sort Space Type": "Memory"
                            },
                            {
                              "Worker Number": 2,
                              "Sort Method": "quicksort",
                              "Sort Space Used": 62934,
                              "Sort Space Type": "Memory"
                            },
                            {
                              "Worker Number": 3,
                              "Sort Method": "quicksort",
                              "Sort Space Used": 62934,
                              "Sort Space Type": "Memory"
                            },
                            {
                              "Worker Number": 4,
                              "Sort Method": "quicksort",
                              "Sort Space Used": 62934,
                              "Sort Space Type": "Memory"
                            }
                          ],
                          "Plans": [
                            {
                              "Node Type": "Index Scan",
                              "Parent Relationship": "Outer",
                              "Parallel Aware": false,
                              "Scan Direction": "Forward",
                              "Index Name": "company_type_id_movie_companies",
                              "Relation Name": "movie_companies",
                              "Alias": "mc",
                              "Startup Cost": 0.43,
                              "Total Cost": 50023.21,
                              "Plan Rows": 514195,
                              "Plan Width": 4,
                              "Actual Startup Time": 0.15,
                              "Actual Total Time": 413.996,
                              "Actual Rows": 818297,
                              "Actual Loops": 6,
                              "Index Cond": "(company_type_id > 1)",
                              "Rows Removed by Index Recheck": 0,
                              "Filter": "(company_id > 16708)",
                              "Rows Removed by Filter": 516586
                            }
                          ]
                        }
                      ]
                    },
                    {
                      "Node Type": "Index Scan",
                      "Parent Relationship": "Inner",
                      "Parallel Aware": false,
                      "Scan Direction": "Forward",
                      "Index Name": "movie_id_cast_info",
                      "Relation Name": "cast_info",
                      "Alias": "ci",
                      "Startup Cost": 0.56,
                      "Total Cost": 1.87,
                      "Plan Rows": 23,
                      "Plan Width": 4,
                      "Actual Startup Time": 0.01,
                      "Actual Total Time": 0.023,
                      "Actual Rows": 17,
                      "Actual Loops": 818297,
                      "Index Cond": "(movie_id = t.id)",
                      "Rows Removed by Index Recheck": 0,
                      "Filter": "(role_id > 1)",
                      "Rows Removed by Filter": 8
                    }
                  ]
                }
              ]
            }
          ]
        }
      ]
    },
    "Planning Time": 0.627,
    "Triggers": [],
    "Execution Time": 4676.544
  }
]