[
  {
    "Plan": {
      "Node Type": "Aggregate",
      "Strategy": "Plain",
      "Partial Mode": "Finalize",
      "Parallel Aware": false,
      "Startup Cost": 32878.0,
      "Total Cost": 32878.01,
      "Plan Rows": 1,
      "Plan Width": 8,
      "Actual Startup Time": 108.93,
      "Actual Total Time": 114.341,
      "Actual Rows": 1,
      "Actual Loops": 1,
      "Plans": [
        {
          "Node Type": "Gather",
          "Parent Relationship": "Outer",
          "Parallel Aware": false,
          "Startup Cost": 32877.69,
          "Total Cost": 32878.0,
          "Plan Rows": 3,
          "Plan Width": 8,
          "Actual Startup Time": 108.676,
          "Actual Total Time": 114.332,
          "Actual Rows": 4,
          "Actual Loops": 1,
          "Workers Planned": 3,
          "Workers Launched": 3,
          "Single Copy": false,
          "Plans": [
            {
              "Node Type": "Aggregate",
              "Strategy": "Plain",
              "Partial Mode": "Partial",
              "Parent Relationship": "Outer",
              "Parallel Aware": false,
              "Startup Cost": 31877.69,
              "Total Cost": 31877.7,
              "Plan Rows": 1,
              "Plan Width": 8,
              "Actual Startup Time": 99.4,
              "Actual Total Time": 99.401,
              "Actual Rows": 1,
              "Actual Loops": 4,
              "Plans": [
                {
                  "Node Type": "Bitmap Heap Scan",
                  "Parent Relationship": "Outer",
                  "Parallel Aware": true,
                  "Relation Name": "movie_keyword",
                  "Alias": "mk",
                  "Startup Cost": 6044.86,
                  "Total Cost": 31647.88,
                  "Plan Rows": 91922,
                  "Plan Width": 0,
                  "Actual Startup Time": 33.917,
                  "Actual Total Time": 94.676,
                  "Actual Rows": 70611,
                  "Actual Loops": 4,
                  "Recheck Cond": "(keyword_id > 56644)",
                  "Rows Removed by Index Recheck": 0,
                  "Exact Heap Blocks": 10358,
                  "Lossy Heap Blocks": 0,
                  "Plans": [
                    {
                      "Node Type": "Bitmap Index Scan",
                      "Parent Relationship": "Outer",
                      "Parallel Aware": false,
                      "Index Name": "keyword_id_movie_keyword",
                      "Startup Cost": 0.0,
                      "Total Cost": 5973.62,
                      "Plan Rows": 284958,
                      "Plan Width": 0,
                      "Actual Startup Time": 38.662,
                      "Actual Total Time": 38.662,
                      "Actual Rows": 282443,
                      "Actual Loops": 1,
                      "Index Cond": "(keyword_id > 56644)"
                    }
                  ]
                }
              ]
            }
          ]
        }
      ]
    },
    "Planning Time": 0.232,
    "Triggers": [],
    "Execution Time": 114.422
  }
]