{
  "Plan": {
    "Node Type": "Aggregate",
    "Strategy": "Plain",
    "Partial Mode": "Finalize",
    "Parallel Aware": false,
    "Startup Cost": 356660.98,
    "Total Cost": 356660.99,
    "Plan Rows": 1,
    "Plan Width": 8,
    "Actual Startup Time": 1466.274,
    "Actual Total Time": 1502.971,
    "Actual Rows": 1,
    "Actual Loops": 1,
    "Plans": [
      {
        "Node Type": "Gather",
        "Parent Relationship": "Outer",
        "Parallel Aware": false,
        "Startup Cost": 356660.87,
        "Total Cost": 356660.98,
        "Plan Rows": 1,
        "Plan Width": 8,
        "Actual Startup Time": 1464.82,
        "Actual Total Time": 1502.962,
        "Actual Rows": 2,
        "Actual Loops": 1,
        "Workers Planned": 1,
        "Workers Launched": 1,
        "Single Copy": false,
        "Plans": [
          {
            "Node Type": "Aggregate",
            "Strategy": "Plain",
            "Partial Mode": "Partial",
            "Parent Relationship": "Outer",
            "Parallel Aware": false,
            "Startup Cost": 355660.87,
            "Total Cost": 355660.88,
            "Plan Rows": 1,
            "Plan Width": 8,
            "Actual Startup Time": 1458.617,
            "Actual Total Time": 1458.621,
            "Actual Rows": 1,
            "Actual Loops": 2,
            "Plans": [
              {
                "Node Type": "Nested Loop",
                "Parent Relationship": "Outer",
                "Parallel Aware": false,
                "Join Type": "Inner",
                "Startup Cost": 41227.43,
                "Total Cost": 353947.57,
                "Plan Rows": 685320,
                "Plan Width": 0,
                "Actual Startup Time": 168.433,
                "Actual Total Time": 1403.221,
                "Actual Rows": 1328154,
                "Actual Loops": 2,
                "Inner Unique": false,
                "Plans": [
                  {
                    "Node Type": "Hash Join",
                    "Parent Relationship": "Outer",
                    "Parallel Aware": true,
                    "Join Type": "Inner",
                    "Startup Cost": 41226.99,
                    "Total Cost": 102203.07,
                    "Plan Rows": 117203,
                    "Plan Width": 8,
                    "Actual Startup Time": 168.36,
                    "Actual Total Time": 548.071,
                    "Actual Rows": 132862,
                    "Actual Loops": 2,
                    "Inner Unique": false,
                    "Hash Cond": "(t.id = mc.movie_id)",
                    "Plans": [
                      {
                        "Node Type": "Seq Scan",
                        "Parent Relationship": "Outer",
                        "Parallel Aware": true,
                        "Relation Name": "title",
                        "Alias": "t",
                        "Startup Cost": 0.0,
                        "Total Cost": 54588.39,
                        "Plan Rows": 911722,
                        "Plan Width": 4,
                        "Actual Startup Time": 0.013,
                        "Actual Total Time": 141.655,
                        "Actual Rows": 777932,
                        "Actual Loops": 2,
                        "Filter": "(kind_id > 4)",
                        "Rows Removed by Filter": 486224
                      },
                      {
                        "Node Type": "Hash",
                        "Parent Relationship": "Inner",
                        "Parallel Aware": true,
                        "Startup Cost": 38837.18,
                        "Total Cost": 38837.18,
                        "Plan Rows": 191185,
                        "Plan Width": 4,
                        "Actual Startup Time": 162.84,
                        "Actual Total Time": 162.842,
                        "Actual Rows": 235744,
                        "Actual Loops": 2,
                        "Hash Buckets": 524288,
                        "Original Hash Buckets": 524288,
                        "Hash Batches": 1,
                        "Original Hash Batches": 1,
                        "Peak Memory Usage": 22560,
                        "Plans": [
                          {
                            "Node Type": "Bitmap Heap Scan",
                            "Parent Relationship": "Outer",
                            "Parallel Aware": true,
                            "Relation Name": "movie_companies",
                            "Alias": "mc",
                            "Startup Cost": 14221.51,
                            "Total Cost": 38837.18,
                            "Plan Rows": 191185,
                            "Plan Width": 4,
                            "Actual Startup Time": 41.33,
                            "Actual Total Time": 115.43,
                            "Actual Rows": 235744,
                            "Actual Loops": 2,
                            "Recheck Cond": "(company_id < 930)",
                            "Rows Removed by Index Recheck": 0,
                            "Filter": "(company_type_id = 1)",
                            "Rows Removed by Filter": 92770,
                            "Exact Heap Blocks": 11130,
                            "Lossy Heap Blocks": 0,
                            "Plans": [
                              {
                                "Node Type": "Bitmap Index Scan",
                                "Parent Relationship": "Outer",
                                "Parallel Aware": false,
                                "Index Name": "company_id_movie_companies",
                                "Startup Cost": 0.0,
                                "Total Cost": 14140.25,
                                "Plan Rows": 660243,
                                "Plan Width": 0,
                                "Actual Startup Time": 39.057,
                                "Actual Total Time": 39.057,
                                "Actual Rows": 657029,
                                "Actual Loops": 1,
                                "Index Cond": "(company_id < 930)"
                              }
                            ]
                          }
                        ]
                      }
                    ]
                  },
                  {
                    "Node Type": "Index Only Scan",
                    "Parent Relationship": "Inner",
                    "Parallel Aware": false,
                    "Scan Direction": "Forward",
                    "Index Name": "movie_id_movie_info",
                    "Relation Name": "movie_info",
                    "Alias": "mi",
                    "Startup Cost": 0.43,
                    "Total Cost": 1.73,
                    "Plan Rows": 42,
                    "Plan Width": 4,
                    "Actual Startup Time": 0.002,
                    "Actual Total Time": 0.006,
                    "Actual Rows": 10,
                    "Actual Loops": 265725,
                    "Index Cond": "(movie_id = t.id)",
                    "Rows Removed by Index Recheck": 0,
                    "Heap Fetches": 2656309
                  }
                ]
              }
            ]
          }
        ]
      }
    ]
  },
  "Planning Time": 0.92,
  "Triggers": [],
  "Execution Time": 1503.086
}