[
  {
    "Plan": {
      "Node Type": "Aggregate",
      "Strategy": "Plain",
      "Partial Mode": "Finalize",
      "Parallel Aware": false,
      "Startup Cost": 35071.09,
      "Total Cost": 35071.1,
      "Plan Rows": 1,
      "Plan Width": 8,
      "Actual Startup Time": 65.608,
      "Actual Total Time": 69.667,
      "Actual Rows": 1,
      "Actual Loops": 1,
      "Plans": [
        {
          "Node Type": "Gather",
          "Parent Relationship": "Outer",
          "Parallel Aware": false,
          "Startup Cost": 35070.98,
          "Total Cost": 35071.09,
          "Plan Rows": 1,
          "Plan Width": 8,
          "Actual Startup Time": 64.101,
          "Actual Total Time": 69.653,
          "Actual Rows": 2,
          "Actual Loops": 1,
          "Workers Planned": 1,
          "Workers Launched": 1,
          "Single Copy": false,
          "Plans": [
            {
              "Node Type": "Aggregate",
              "Strategy": "Plain",
              "Partial Mode": "Partial",
              "Parent Relationship": "Outer",
              "Parallel Aware": false,
              "Startup Cost": 34070.98,
              "Total Cost": 34070.99,
              "Plan Rows": 1,
              "Plan Width": 8,
              "Actual Startup Time": 58.196,
              "Actual Total Time": 58.202,
              "Actual Rows": 1,
              "Actual Loops": 2,
              "Plans": [
                {
                  "Node Type": "Nested Loop",
                  "Parent Relationship": "Outer",
                  "Parallel Aware": false,
                  "Join Type": "Inner",
                  "Startup Cost": 17810.88,
                  "Total Cost": 34070.85,
                  "Plan Rows": 51,
                  "Plan Width": 0,
                  "Actual Startup Time": 54.589,
                  "Actual Total Time": 58.189,
                  "Actual Rows": 26,
                  "Actual Loops": 2,
                  "Inner Unique": false,
                  "Plans": [
                    {
                      "Node Type": "Nested Loop",
                      "Parent Relationship": "Outer",
                      "Parallel Aware": false,
                      "Join Type": "Inner",
                      "Startup Cost": 17810.45,
                      "Total Cost": 33942.9,
                      "Plan Rows": 28,
                      "Plan Width": 8,
                      "Actual Startup Time": 54.023,
                      "Actual Total Time": 57.917,
                      "Actual Rows": 6,
                      "Actual Loops": 2,
                      "Inner Unique": true,
                      "Plans": [
                        {
                          "Node Type": "Bitmap Heap Scan",
                          "Parent Relationship": "Outer",
                          "Parallel Aware": true,
                          "Relation Name": "cast_info",
                          "Alias": "ci",
                          "Startup Cost": 17810.02,
                          "Total Cost": 24965.14,
                          "Plan Rows": 1127,
                          "Plan Width": 4,
                          "Actual Startup Time": 50.472,
                          "Actual Total Time": 50.643,
                          "Actual Rows": 567,
                          "Actual Loops": 2,
                          "Recheck Cond": "((person_id < 9279) AND (role_id = 5))",
                          "Rows Removed by Index Recheck": 0,
                          "Exact Heap Blocks": 25,
                          "Lossy Heap Blocks": 0,
                          "Plans": [
                            {
                              "Node Type": "BitmapAnd",
                              "Parent Relationship": "Outer",
                              "Parallel Aware": false,
                              "Startup Cost": 17810.02,
                              "Total Cost": 17810.02,
                              "Plan Rows": 1916,
                              "Plan Width": 0,
                              "Actual Startup Time": 56.052,
                              "Actual Total Time": 56.054,
                              "Actual Rows": 0,
                              "Actual Loops": 1,
                              "Plans": [
                                {
                                  "Node Type": "Bitmap Index Scan",
                                  "Parent Relationship": "Member",
                                  "Parallel Aware": false,
                                  "Index Name": "person_id_cast_info",
                                  "Startup Cost": 0.0,
                                  "Total Cost": 1675.49,
                                  "Plan Rows": 76657,
                                  "Plan Width": 0,
                                  "Actual Startup Time": 10.984,
                                  "Actual Total Time": 10.985,
                                  "Actual Rows": 80128,
                                  "Actual Loops": 1,
                                  "Index Cond": "(person_id < 9279)"
                                },
                                {
                                  "Node Type": "Bitmap Index Scan",
                                  "Parent Relationship": "Member",
                                  "Parallel Aware": false,
                                  "Index Name": "role_id_cast_info",
                                  "Startup Cost": 0.0,
                                  "Total Cost": 16133.32,
                                  "Plan Rows": 905700,
                                  "Plan Width": 0,
                                  "Actual Startup Time": 44.985,
                                  "Actual Total Time": 44.985,
                                  "Actual Rows": 898389,
                                  "Actual Loops": 1,
                                  "Index Cond": "(role_id = 5)"
                                }
                              ]
                            }
                          ]
                        },
                        {
                          "Node Type": "Index Scan",
                          "Parent Relationship": "Inner",
                          "Parallel Aware": false,
                          "Scan Direction": "Forward",
                          "Index Name": "title_pkey",
                          "Relation Name": "title",
                          "Alias": "t",
                          "Startup Cost": 0.43,
                          "Total Cost": 7.97,
                          "Plan Rows": 1,
                          "Plan Width": 4,
                          "Actual Startup Time": 0.012,
                          "Actual Total Time": 0.012,
                          "Actual Rows": 0,
                          "Actual Loops": 1134,
                          "Index Cond": "(id = ci.movie_id)",
                          "Rows Removed by Index Recheck": 0,
                          "Filter": "((kind_id > 1) AND (production_year = 2004))",
                          "Rows Removed by Filter": 1
                        }
                      ]
                    },
                    {
                      "Node Type": "Index Only Scan",
                      "Parent Relationship": "Inner",
                      "Parallel Aware": false,
                      "Scan Direction": "Forward",
                      "Index Name": "movie_id_movie_keyword",
                      "Relation Name": "movie_keyword",
                      "Alias": "mk",
                      "Startup Cost": 0.43,
                      "Total Cost": 4.12,
                      "Plan Rows": 45,
                      "Plan Width": 4,
                      "Actual Startup Time": 0.046,
                      "Actual Total Time": 0.047,
                      "Actual Rows": 5,
                      "Actual Loops": 11,
                      "Index Cond": "(movie_id = t.id)",
                      "Rows Removed by Index Recheck": 0,
                      "Heap Fetches": 52
                    }
                  ]
                }
              ]
            }
          ]
        }
      ]
    },
    "Planning Time": 1.564,
    "Triggers": [],
    "Execution Time": 69.792
  }
]