{
  "Plan": {
    "Node Type": "Aggregate",
    "Strategy": "Plain",
    "Partial Mode": "Finalize",
    "Parallel Aware": false,
    "Startup Cost": 307352.02,
    "Total Cost": 307352.03,
    "Plan Rows": 1,
    "Plan Width": 8,
    "Actual Startup Time": 1032.642,
    "Actual Total Time": 1094.047,
    "Actual Rows": 1,
    "Actual Loops": 1,
    "Plans": [
      {
        "Node Type": "Gather",
        "Parent Relationship": "Outer",
        "Parallel Aware": false,
        "Startup Cost": 307351.91,
        "Total Cost": 307352.02,
        "Plan Rows": 1,
        "Plan Width": 8,
        "Actual Startup Time": 1032.223,
        "Actual Total Time": 1094.038,
        "Actual Rows": 2,
        "Actual Loops": 1,
        "Workers Planned": 1,
        "Workers Launched": 1,
        "Single Copy": false,
        "Plans": [
          {
            "Node Type": "Aggregate",
            "Strategy": "Plain",
            "Partial Mode": "Partial",
            "Parent Relationship": "Outer",
            "Parallel Aware": false,
            "Startup Cost": 306351.91,
            "Total Cost": 306351.92,
            "Plan Rows": 1,
            "Plan Width": 8,
            "Actual Startup Time": 1025.754,
            "Actual Total Time": 1025.76,
            "Actual Rows": 1,
            "Actual Loops": 2,
            "Plans": [
              {
                "Node Type": "Nested Loop",
                "Parent Relationship": "Outer",
                "Parallel Aware": false,
                "Join Type": "Inner",
                "Startup Cost": 34147.62,
                "Total Cost": 304858.28,
                "Plan Rows": 597452,
                "Plan Width": 0,
                "Actual Startup Time": 127.59,
                "Actual Total Time": 1001.703,
                "Actual Rows": 507276,
                "Actual Loops": 2,
                "Inner Unique": false,
                "Plans": [
                  {
                    "Node Type": "Hash Join",
                    "Parent Relationship": "Outer",
                    "Parallel Aware": true,
                    "Join Type": "Inner",
                    "Startup Cost": 34147.19,
                    "Total Cost": 96398.44,
                    "Plan Rows": 102176,
                    "Plan Width": 8,
                    "Actual Startup Time": 127.52,
                    "Actual Total Time": 439.992,
                    "Actual Rows": 44574,
                    "Actual Loops": 2,
                    "Inner Unique": false,
                    "Hash Cond": "(t.id = mc.movie_id)",
                    "Plans": [
                      {
                        "Node Type": "Seq Scan",
                        "Parent Relationship": "Outer",
                        "Parallel Aware": true,
                        "Relation Name": "title",
                        "Alias": "t",
                        "Startup Cost": 0.0,
                        "Total Cost": 54588.39,
                        "Plan Rows": 1129894,
                        "Plan Width": 4,
                        "Actual Startup Time": 0.013,
                        "Actual Total Time": 162.058,
                        "Actual Rows": 961424,
                        "Actual Loops": 2,
                        "Filter": "(production_year < 2010)",
                        "Rows Removed by Filter": 302732
                      },
                      {
                        "Node Type": "Hash",
                        "Parent Relationship": "Inner",
                        "Parallel Aware": true,
                        "Startup Cost": 32466.07,
                        "Total Cost": 32466.07,
                        "Plan Rows": 134489,
                        "Plan Width": 4,
                        "Actual Startup Time": 123.908,
                        "Actual Total Time": 123.91,
                        "Actual Rows": 54244,
                        "Actual Loops": 2,
                        "Hash Buckets": 262144,
                        "Original Hash Buckets": 262144,
                        "Hash Batches": 1,
                        "Original Hash Batches": 1,
                        "Peak Memory Usage": 6336,
                        "Plans": [
                          {
                            "Node Type": "Bitmap Heap Scan",
                            "Parent Relationship": "Outer",
                            "Parallel Aware": true,
                            "Relation Name": "movie_companies",
                            "Alias": "mc",
                            "Startup Cost": 9702.84,
                            "Total Cost": 32466.07,
                            "Plan Rows": 134489,
                            "Plan Width": 4,
                            "Actual Startup Time": 86.097,
                            "Actual Total Time": 110.041,
                            "Actual Rows": 54244,
                            "Actual Loops": 2,
                            "Recheck Cond": "(company_id < 352)",
                            "Rows Removed by Index Recheck": 0,
                            "Filter": "(company_type_id = 2)",
                            "Rows Removed by Filter": 169055,
                            "Exact Heap Blocks": 12223,
                            "Lossy Heap Blocks": 0,
                            "Plans": [
                              {
                                "Node Type": "Bitmap Index Scan",
                                "Parent Relationship": "Outer",
                                "Parallel Aware": false,
                                "Index Name": "company_id_movie_companies",
                                "Startup Cost": 0.0,
                                "Total Cost": 9645.68,
                                "Plan Rows": 450300,
                                "Plan Width": 0,
                                "Actual Startup Time": 36.49,
                                "Actual Total Time": 36.49,
                                "Actual Rows": 446597,
                                "Actual Loops": 1,
                                "Index Cond": "(company_id < 352)"
                              }
                            ]
                          }
                        ]
                      }
                    ]
                  },
                  {
                    "Node Type": "Index Only Scan",
                    "Parent Relationship": "Inner",
                    "Parallel Aware": false,
                    "Scan Direction": "Forward",
                    "Index Name": "movie_id_movie_info",
                    "Relation Name": "movie_info",
                    "Alias": "mi",
                    "Startup Cost": 0.43,
                    "Total Cost": 1.62,
                    "Plan Rows": 42,
                    "Plan Width": 4,
                    "Actual Startup Time": 0.005,
                    "Actual Total Time": 0.012,
                    "Actual Rows": 11,
                    "Actual Loops": 89148,
                    "Index Cond": "(movie_id = t.id)",
                    "Rows Removed by Index Recheck": 0,
                    "Heap Fetches": 1014551
                  }
                ]
              }
            ]
          }
        ]
      }
    ]
  },
  "Planning Time": 0.698,
  "Triggers": [],
  "Execution Time": 1094.181
}