[
  {
    "Plan": {
      "Node Type": "Aggregate",
      "Strategy": "Plain",
      "Partial Mode": "Finalize",
      "Parallel Aware": false,
      "Startup Cost": 44677.89,
      "Total Cost": 44677.9,
      "Plan Rows": 1,
      "Plan Width": 8,
      "Actual Startup Time": 134.1,
      "Actual Total Time": 143.995,
      "Actual Rows": 1,
      "Actual Loops": 1,
      "Plans": [
        {
          "Node Type": "Gather",
          "Parent Relationship": "Outer",
          "Parallel Aware": false,
          "Startup Cost": 44677.57,
          "Total Cost": 44677.88,
          "Plan Rows": 3,
          "Plan Width": 8,
          "Actual Startup Time": 133.937,
          "Actual Total Time": 143.985,
          "Actual Rows": 4,
          "Actual Loops": 1,
          "Workers Planned": 3,
          "Workers Launched": 3,
          "Single Copy": false,
          "Plans": [
            {
              "Node Type": "Aggregate",
              "Strategy": "Plain",
              "Partial Mode": "Partial",
              "Parent Relationship": "Outer",
              "Parallel Aware": false,
              "Startup Cost": 43677.57,
              "Total Cost": 43677.58,
              "Plan Rows": 1,
              "Plan Width": 8,
              "Actual Startup Time": 125.199,
              "Actual Total Time": 125.2,
              "Actual Rows": 1,
              "Actual Loops": 4,
              "Plans": [
                {
                  "Node Type": "Seq Scan",
                  "Parent Relationship": "Outer",
                  "Parallel Aware": true,
                  "Relation Name": "movie_keyword",
                  "Alias": "mk",
                  "Startup Cost": 0.0,
                  "Total Cost": 42695.65,
                  "Plan Rows": 392767,
                  "Plan Width": 0,
                  "Actual Startup Time": 0.069,
                  "Actual Total Time": 109.625,
                  "Actual Rows": 306377,
                  "Actual Loops": 4,
                  "Filter": "(keyword_id < 1555)",
                  "Rows Removed by Filter": 824606
                }
              ]
            }
          ]
        }
      ]
    },
    "Planning Time": 0.221,
    "Triggers": [],
    "Execution Time": 144.048
  }
]