[
  {
    "Plan": {
      "Node Type": "Aggregate",
      "Strategy": "Plain",
      "Partial Mode": "Finalize",
      "Parallel Aware": false,
      "Startup Cost": 83261.32,
      "Total Cost": 83261.33,
      "Plan Rows": 1,
      "Plan Width": 8,
      "Actual Startup Time": 384.366,
      "Actual Total Time": 401.317,
      "Actual Rows": 1,
      "Actual Loops": 1,
      "Plans": [
        {
          "Node Type": "Gather",
          "Parent Relationship": "Outer",
          "Parallel Aware": false,
          "Startup Cost": 83260.9,
          "Total Cost": 83261.31,
          "Plan Rows": 4,
          "Plan Width": 8,
          "Actual Startup Time": 377.743,
          "Actual Total Time": 401.306,
          "Actual Rows": 5,
          "Actual Loops": 1,
          "Workers Planned": 4,
          "Workers Launched": 4,
          "Single Copy": false,
          "Plans": [
            {
              "Node Type": "Aggregate",
              "Strategy": "Plain",
              "Partial Mode": "Partial",
              "Parent Relationship": "Outer",
              "Parallel Aware": false,
              "Startup Cost": 82260.9,
              "Total Cost": 82260.91,
              "Plan Rows": 1,
              "Plan Width": 8,
              "Actual Startup Time": 368.168,
              "Actual Total Time": 368.186,
              "Actual Rows": 1,
              "Actual Loops": 5,
              "Plans": [
                {
                  "Node Type": "Hash Join",
                  "Parent Relationship": "Outer",
                  "Parallel Aware": true,
                  "Join Type": "Inner",
                  "Startup Cost": 35375.69,
                  "Total Cost": 81646.96,
                  "Plan Rows": 245574,
                  "Plan Width": 0,
                  "Actual Startup Time": 138.572,
                  "Actual Total Time": 359.685,
                  "Actual Rows": 167090,
                  "Actual Loops": 5,
                  "Inner Unique": false,
                  "Hash Cond": "(t.id = mc.movie_id)",
                  "Plans": [
                    {
                      "Node Type": "Seq Scan",
                      "Parent Relationship": "Outer",
                      "Parallel Aware": true,
                      "Relation Name": "title",
                      "Alias": "t",
                      "Startup Cost": 0.0,
                      "Total Cost": 42318.73,
                      "Plan Rows": 632073,
                      "Plan Width": 4,
                      "Actual Startup Time": 0.015,
                      "Actual Total Time": 72.562,
                      "Actual Rows": 505662,
                      "Actual Loops": 5
                    },
                    {
                      "Node Type": "Hash",
                      "Parent Relationship": "Inner",
                      "Parallel Aware": true,
                      "Startup Cost": 31414.82,
                      "Total Cost": 31414.82,
                      "Plan Rows": 316870,
                      "Plan Width": 4,
                      "Actual Startup Time": 134.068,
                      "Actual Total Time": 134.069,
                      "Actual Rows": 167090,
                      "Actual Loops": 5,
                      "Hash Buckets": 1048576,
                      "Original Hash Buckets": 1048576,
                      "Hash Batches": 1,
                      "Original Hash Batches": 1,
                      "Peak Memory Usage": 40928,
                      "Plans": [
                        {
                          "Node Type": "Seq Scan",
                          "Parent Relationship": "Outer",
                          "Parallel Aware": true,
                          "Relation Name": "movie_companies",
                          "Alias": "mc",
                          "Startup Cost": 0.0,
                          "Total Cost": 31414.82,
                          "Plan Rows": 316870,
                          "Plan Width": 4,
                          "Actual Startup Time": 0.499,
                          "Actual Total Time": 76.086,
                          "Actual Rows": 167090,
                          "Actual Loops": 5,
                          "Filter": "((company_id > 711) AND (company_type_id = 1))",
                          "Rows Removed by Filter": 354736
                        }
                      ]
                    }
                  ]
                }
              ]
            }
          ]
        }
      ]
    },
    "Planning Time": 0.631,
    "Triggers": [],
    "Execution Time": 401.397
  }
]