[
  {
    "Plan": {
      "Node Type": "Aggregate",
      "Strategy": "Plain",
      "Partial Mode": "Finalize",
      "Parallel Aware": false,
      "Startup Cost": 287991.73,
      "Total Cost": 287991.74,
      "Plan Rows": 1,
      "Plan Width": 8,
      "Actual Startup Time": 147.909,
      "Actual Total Time": 155.122,
      "Actual Rows": 1,
      "Actual Loops": 1,
      "Plans": [
        {
          "Node Type": "Gather",
          "Parent Relationship": "Outer",
          "Parallel Aware": false,
          "Startup Cost": 287991.1,
          "Total Cost": 287991.71,
          "Plan Rows": 6,
          "Plan Width": 8,
          "Actual Startup Time": 147.263,
          "Actual Total Time": 155.115,
          "Actual Rows": 7,
          "Actual Loops": 1,
          "Workers Planned": 6,
          "Workers Launched": 6,
          "Single Copy": false,
          "Plans": [
            {
              "Node Type": "Aggregate",
              "Strategy": "Plain",
              "Partial Mode": "Partial",
              "Parent Relationship": "Outer",
              "Parallel Aware": false,
              "Startup Cost": 286991.1,
              "Total Cost": 286991.11,
              "Plan Rows": 1,
              "Plan Width": 8,
              "Actual Startup Time": 136.344,
              "Actual Total Time": 136.345,
              "Actual Rows": 1,
              "Actual Loops": 7,
              "Plans": [
                {
                  "Node Type": "Bitmap Heap Scan",
                  "Parent Relationship": "Outer",
                  "Parallel Aware": true,
                  "Relation Name": "cast_info",
                  "Alias": "ci",
                  "Startup Cost": 30816.41,
                  "Total Cost": 286409.82,
                  "Plan Rows": 232513,
                  "Plan Width": 0,
                  "Actual Startup Time": 62.417,
                  "Actual Total Time": 125.069,
                  "Actual Rows": 197509,
                  "Actual Loops": 7,
                  "Recheck Cond": "(person_id > 3793396)",
                  "Rows Removed by Index Recheck": 0,
                  "Exact Heap Blocks": 5686,
                  "Lossy Heap Blocks": 0,
                  "Plans": [
                    {
                      "Node Type": "Bitmap Index Scan",
                      "Parent Relationship": "Outer",
                      "Parallel Aware": false,
                      "Index Name": "person_id_cast_info",
                      "Startup Cost": 0.0,
                      "Total Cost": 30467.64,
                      "Plan Rows": 1395077,
                      "Plan Width": 0,
                      "Actual Startup Time": 68.943,
                      "Actual Total Time": 68.944,
                      "Actual Rows": 1382564,
                      "Actual Loops": 1,
                      "Index Cond": "(person_id > 3793396)"
                    }
                  ]
                }
              ]
            }
          ]
        }
      ]
    },
    "Planning Time": 0.175,
    "Triggers": [],
    "Execution Time": 155.192
  }
]