[
  {
    "Plan": {
      "Node Type": "Aggregate",
      "Strategy": "Plain",
      "Partial Mode": "Finalize",
      "Parallel Aware": false,
      "Startup Cost": 47018.3,
      "Total Cost": 47018.31,
      "Plan Rows": 1,
      "Plan Width": 8,
      "Actual Startup Time": 153.933,
      "Actual Total Time": 161.921,
      "Actual Rows": 1,
      "Actual Loops": 1,
      "Plans": [
        {
          "Node Type": "Gather",
          "Parent Relationship": "Outer",
          "Parallel Aware": false,
          "Startup Cost": 47017.98,
          "Total Cost": 47018.29,
          "Plan Rows": 3,
          "Plan Width": 8,
          "Actual Startup Time": 153.834,
          "Actual Total Time": 161.913,
          "Actual Rows": 4,
          "Actual Loops": 1,
          "Workers Planned": 3,
          "Workers Launched": 3,
          "Single Copy": false,
          "Plans": [
            {
              "Node Type": "Aggregate",
              "Strategy": "Plain",
              "Partial Mode": "Partial",
              "Parent Relationship": "Outer",
              "Parallel Aware": false,
              "Startup Cost": 46017.98,
              "Total Cost": 46017.99,
              "Plan Rows": 1,
              "Plan Width": 8,
              "Actual Startup Time": 150.683,
              "Actual Total Time": 150.684,
              "Actual Rows": 1,
              "Actual Loops": 4,
              "Plans": [
                {
                  "Node Type": "Seq Scan",
                  "Parent Relationship": "Outer",
                  "Parallel Aware": true,
                  "Relation Name": "movie_keyword",
                  "Alias": "mk",
                  "Startup Cost": 0.0,
                  "Total Cost": 42695.65,
                  "Plan Rows": 1328932,
                  "Plan Width": 0,
                  "Actual Startup Time": 0.021,
                  "Actual Total Time": 106.828,
                  "Actual Rows": 1031733,
                  "Actual Loops": 4,
                  "Filter": "(keyword_id < 43566)",
                  "Rows Removed by Filter": 99250
                }
              ]
            }
          ]
        }
      ]
    },
    "Planning Time": 0.054,
    "Triggers": [],
    "Execution Time": 161.943
  }
]