[
  {
    "Plan": {
      "Node Type": "Aggregate",
      "Strategy": "Plain",
      "Partial Mode": "Finalize",
      "Parallel Aware": false,
      "Startup Cost": 31640.36,
      "Total Cost": 31640.37,
      "Plan Rows": 1,
      "Plan Width": 8,
      "Actual Startup Time": 94.519,
      "Actual Total Time": 102.861,
      "Actual Rows": 1,
      "Actual Loops": 1,
      "Plans": [
        {
          "Node Type": "Gather",
          "Parent Relationship": "Outer",
          "Parallel Aware": false,
          "Startup Cost": 31640.04,
          "Total Cost": 31640.35,
          "Plan Rows": 3,
          "Plan Width": 8,
          "Actual Startup Time": 94.437,
          "Actual Total Time": 102.852,
          "Actual Rows": 4,
          "Actual Loops": 1,
          "Workers Planned": 3,
          "Workers Launched": 3,
          "Single Copy": false,
          "Plans": [
            {
              "Node Type": "Aggregate",
              "Strategy": "Plain",
              "Partial Mode": "Partial",
              "Parent Relationship": "Outer",
              "Parallel Aware": false,
              "Startup Cost": 30640.04,
              "Total Cost": 30640.05,
              "Plan Rows": 1,
              "Plan Width": 8,
              "Actual Startup Time": 90.492,
              "Actual Total Time": 90.493,
              "Actual Rows": 1,
              "Actual Loops": 4,
              "Plans": [
                {
                  "Node Type": "Seq Scan",
                  "Parent Relationship": "Outer",
                  "Parallel Aware": true,
                  "Relation Name": "movie_companies",
                  "Alias": "mc",
                  "Startup Cost": 0.0,
                  "Total Cost": 29310.68,
                  "Plan Rows": 531744,
                  "Plan Width": 0,
                  "Actual Startup Time": 1.831,
                  "Actual Total Time": 73.33,
                  "Actual Rows": 412026,
                  "Actual Loops": 4,
                  "Filter": "(company_id > 3909)",
                  "Rows Removed by Filter": 240256
                }
              ]
            }
          ]
        }
      ]
    },
    "Planning Time": 0.099,
    "Triggers": [],
    "Execution Time": 102.897
  }
]