[
  {
    "Plan": {
      "Node Type": "Aggregate",
      "Strategy": "Plain",
      "Partial Mode": "Finalize",
      "Parallel Aware": false,
      "Startup Cost": 46535.85,
      "Total Cost": 46535.86,
      "Plan Rows": 1,
      "Plan Width": 8,
      "Actual Startup Time": 95.84,
      "Actual Total Time": 108.537,
      "Actual Rows": 1,
      "Actual Loops": 1,
      "Plans": [
        {
          "Node Type": "Gather",
          "Parent Relationship": "Outer",
          "Parallel Aware": false,
          "Startup Cost": 46535.43,
          "Total Cost": 46535.84,
          "Plan Rows": 4,
          "Plan Width": 8,
          "Actual Startup Time": 95.576,
          "Actual Total Time": 108.529,
          "Actual Rows": 5,
          "Actual Loops": 1,
          "Workers Planned": 4,
          "Workers Launched": 4,
          "Single Copy": false,
          "Plans": [
            {
              "Node Type": "Aggregate",
              "Strategy": "Plain",
              "Partial Mode": "Partial",
              "Parent Relationship": "Outer",
              "Parallel Aware": false,
              "Startup Cost": 45535.43,
              "Total Cost": 45535.44,
              "Plan Rows": 1,
              "Plan Width": 8,
              "Actual Startup Time": 86.356,
              "Actual Total Time": 86.358,
              "Actual Rows": 1,
              "Actual Loops": 5,
              "Plans": [
                {
                  "Node Type": "Seq Scan",
                  "Parent Relationship": "Outer",
                  "Parallel Aware": true,
                  "Relation Name": "title",
                  "Alias": "t",
                  "Startup Cost": 0.0,
                  "Total Cost": 45479.1,
                  "Plan Rows": 22533,
                  "Plan Width": 0,
                  "Actual Startup Time": 0.12,
                  "Actual Total Time": 85.363,
                  "Actual Rows": 16198,
                  "Actual Loops": 5,
                  "Filter": "((kind_id < 7) AND (production_year > 2011))",
                  "Rows Removed by Filter": 489464
                }
              ]
            }
          ]
        }
      ]
    },
    "Planning Time": 0.191,
    "Triggers": [],
    "Execution Time": 108.597
  }
]