[
    {
        "Bao": {
            "Bao prediction": 615.248,
            "Bao recommended hint": "SET enable_nestloop TO off; SET enable_mergejoin TO off; SET enable_indexscan TO off; "
        }
    },
    {
        "Plan": {
            "Node Type": "Aggregate",
            "Strategy": "Plain",
            "Partial Mode": "Finalize",
            "Parallel Aware": false,
            "Startup Cost": 405882.91,
            "Total Cost": 405882.92,
            "Plan Rows": 1,
            "Plan Width": 8,
            "Actual Startup Time": 1335.644,
            "Actual Total Time": 1371.335,
            "Actual Rows": 1,
            "Actual Loops": 1,
            "Output": [
                "count(*)"
            ],
            "Plans": [
                {
                    "Node Type": "Gather",
                    "Parent Relationship": "Outer",
                    "Parallel Aware": false,
                    "Startup Cost": 405882.29,
                    "Total Cost": 405882.9,
                    "Plan Rows": 6,
                    "Plan Width": 8,
                    "Actual Startup Time": 1335.496,
                    "Actual Total Time": 1371.325,
                    "Actual Rows": 7,
                    "Actual Loops": 1,
                    "Output": [
                        "(PARTIAL count(*))"
                    ],
                    "Workers Planned": 6,
                    "Workers Launched": 6,
                    "Single Copy": false,
                    "Plans": [
                        {
                            "Node Type": "Aggregate",
                            "Strategy": "Plain",
                            "Partial Mode": "Partial",
                            "Parent Relationship": "Outer",
                            "Parallel Aware": false,
                            "Startup Cost": 404882.29,
                            "Total Cost": 404882.3,
                            "Plan Rows": 1,
                            "Plan Width": 8,
                            "Actual Startup Time": 1324.705,
                            "Actual Total Time": 1324.711,
                            "Actual Rows": 1,
                            "Actual Loops": 7,
                            "Output": [
                                "PARTIAL count(*)"
                            ],
                            "Workers": [
                                {
                                    "Worker Number": 0,
                                    "Actual Startup Time": 1322.643,
                                    "Actual Total Time": 1322.648,
                                    "Actual Rows": 1,
                                    "Actual Loops": 1
                                },
                                {
                                    "Worker Number": 1,
                                    "Actual Startup Time": 1322.661,
                                    "Actual Total Time": 1322.666,
                                    "Actual Rows": 1,
                                    "Actual Loops": 1
                                },
                                {
                                    "Worker Number": 2,
                                    "Actual Startup Time": 1322.912,
                                    "Actual Total Time": 1322.918,
                                    "Actual Rows": 1,
                                    "Actual Loops": 1
                                },
                                {
                                    "Worker Number": 3,
                                    "Actual Startup Time": 1323.281,
                                    "Actual Total Time": 1323.286,
                                    "Actual Rows": 1,
                                    "Actual Loops": 1
                                },
                                {
                                    "Worker Number": 4,
                                    "Actual Startup Time": 1323.25,
                                    "Actual Total Time": 1323.256,
                                    "Actual Rows": 1,
                                    "Actual Loops": 1
                                },
                                {
                                    "Worker Number": 5,
                                    "Actual Startup Time": 1323.861,
                                    "Actual Total Time": 1323.866,
                                    "Actual Rows": 1,
                                    "Actual Loops": 1
                                }
                            ],
                            "Plans": [
                                {
                                    "Node Type": "Hash Join",
                                    "Parent Relationship": "Outer",
                                    "Parallel Aware": true,
                                    "Join Type": "Inner",
                                    "Startup Cost": 46773.01,
                                    "Total Cost": 404881.75,
                                    "Plan Rows": 215,
                                    "Plan Width": 0,
                                    "Actual Startup Time": 251.401,
                                    "Actual Total Time": 1324.387,
                                    "Actual Rows": 1733,
                                    "Actual Loops": 7,
                                    "Inner Unique": false,
                                    "Hash Cond": "(ci.movie_id = t.id)",
                                    "Workers": [
                                        {
                                            "Worker Number": 0,
                                            "Actual Startup Time": 249.28,
                                            "Actual Total Time": 1322.314,
                                            "Actual Rows": 1692,
                                            "Actual Loops": 1
                                        },
                                        {
                                            "Worker Number": 1,
                                            "Actual Startup Time": 249.376,
                                            "Actual Total Time": 1322.321,
                                            "Actual Rows": 1774,
                                            "Actual Loops": 1
                                        },
                                        {
                                            "Worker Number": 2,
                                            "Actual Startup Time": 249.485,
                                            "Actual Total Time": 1322.588,
                                            "Actual Rows": 1665,
                                            "Actual Loops": 1
                                        },
                                        {
                                            "Worker Number": 3,
                                            "Actual Startup Time": 249.993,
                                            "Actual Total Time": 1322.954,
                                            "Actual Rows": 1631,
                                            "Actual Loops": 1
                                        },
                                        {
                                            "Worker Number": 4,
                                            "Actual Startup Time": 249.572,
                                            "Actual Total Time": 1322.901,
                                            "Actual Rows": 1742,
                                            "Actual Loops": 1
                                        },
                                        {
                                            "Worker Number": 5,
                                            "Actual Startup Time": 250.65,
                                            "Actual Total Time": 1323.537,
                                            "Actual Rows": 1704,
                                            "Actual Loops": 1
                                        }
                                    ],
                                    "Plans": [
                                        {
                                            "Node Type": "Seq Scan",
                                            "Parent Relationship": "Outer",
                                            "Parallel Aware": true,
                                            "Relation Name": "cast_info",
                                            "Schema": "public",
                                            "Alias": "ci",
                                            "Startup Cost": 0.0,
                                            "Total Cost": 343318.94,
                                            "Plan Rows": 3943804,
                                            "Plan Width": 4,
                                            "Actual Startup Time": 127.097,
                                            "Actual Total Time": 917.581,
                                            "Actual Rows": 3227804,
                                            "Actual Loops": 7,
                                            "Output": [
                                                "ci.id",
                                                "ci.person_id",
                                                "ci.movie_id",
                                                "ci.person_role_id",
                                                "ci.note",
                                                "ci.nr_order",
                                                "ci.role_id"
                                            ],
                                            "Filter": "((ci.person_id > 821829) AND (ci.role_id < 9))",
                                            "Rows Removed by Filter": 1949960,
                                            "Workers": [
                                                {
                                                    "Worker Number": 0,
                                                    "Actual Startup Time": 126.994,
                                                    "Actual Total Time": 923.114,
                                                    "Actual Rows": 3168854,
                                                    "Actual Loops": 1
                                                },
                                                {
                                                    "Worker Number": 1,
                                                    "Actual Startup Time": 127.065,
                                                    "Actual Total Time": 921.795,
                                                    "Actual Rows": 3184780,
                                                    "Actual Loops": 1
                                                },
                                                {
                                                    "Worker Number": 2,
                                                    "Actual Startup Time": 127.005,
                                                    "Actual Total Time": 922.798,
                                                    "Actual Rows": 3173125,
                                                    "Actual Loops": 1
                                                },
                                                {
                                                    "Worker Number": 3,
                                                    "Actual Startup Time": 127.16,
                                                    "Actual Total Time": 921.545,
                                                    "Actual Rows": 3173918,
                                                    "Actual Loops": 1
                                                },
                                                {
                                                    "Worker Number": 4,
                                                    "Actual Startup Time": 127.152,
                                                    "Actual Total Time": 921.83,
                                                    "Actual Rows": 3042953,
                                                    "Actual Loops": 1
                                                },
                                                {
                                                    "Worker Number": 5,
                                                    "Actual Startup Time": 127.154,
                                                    "Actual Total Time": 921.636,
                                                    "Actual Rows": 3158778,
                                                    "Actual Loops": 1
                                                }
                                            ]
                                        },
                                        {
                                            "Node Type": "Hash",
                                            "Parent Relationship": "Inner",
                                            "Parallel Aware": true,
                                            "Startup Cost": 46772.59,
                                            "Total Cost": 46772.59,
                                            "Plan Rows": 34,
                                            "Plan Width": 8,
                                            "Actual Startup Time": 122.872,
                                            "Actual Total Time": 122.876,
                                            "Actual Rows": 37,
                                            "Actual Loops": 7,
                                            "Output": [
                                                "t.id",
                                                "mi_idx.movie_id"
                                            ],
                                            "Hash Buckets": 1024,
                                            "Original Hash Buckets": 1024,
                                            "Hash Batches": 1,
                                            "Original Hash Batches": 1,
                                            "Peak Memory Usage": 232,
                                            "Workers": [
                                                {
                                                    "Worker Number": 0,
                                                    "Actual Startup Time": 121.305,
                                                    "Actual Total Time": 121.309,
                                                    "Actual Rows": 34,
                                                    "Actual Loops": 1
                                                },
                                                {
                                                    "Worker Number": 1,
                                                    "Actual Startup Time": 121.319,
                                                    "Actual Total Time": 121.322,
                                                    "Actual Rows": 30,
                                                    "Actual Loops": 1
                                                },
                                                {
                                                    "Worker Number": 2,
                                                    "Actual Startup Time": 121.545,
                                                    "Actual Total Time": 121.549,
                                                    "Actual Rows": 30,
                                                    "Actual Loops": 1
                                                },
                                                {
                                                    "Worker Number": 3,
                                                    "Actual Startup Time": 121.927,
                                                    "Actual Total Time": 121.931,
                                                    "Actual Rows": 38,
                                                    "Actual Loops": 1
                                                },
                                                {
                                                    "Worker Number": 4,
                                                    "Actual Startup Time": 121.9,
                                                    "Actual Total Time": 121.904,
                                                    "Actual Rows": 28,
                                                    "Actual Loops": 1
                                                },
                                                {
                                                    "Worker Number": 5,
                                                    "Actual Startup Time": 122.486,
                                                    "Actual Total Time": 122.49,
                                                    "Actual Rows": 39,
                                                    "Actual Loops": 1
                                                }
                                            ],
                                            "Plans": [
                                                {
                                                    "Node Type": "Hash Join",
                                                    "Parent Relationship": "Outer",
                                                    "Parallel Aware": false,
                                                    "Join Type": "Inner",
                                                    "Startup Cost": 502.94,
                                                    "Total Cost": 46772.59,
                                                    "Plan Rows": 34,
                                                    "Plan Width": 8,
                                                    "Actual Startup Time": 83.509,
                                                    "Actual Total Time": 122.768,
                                                    "Actual Rows": 37,
                                                    "Actual Loops": 7,
                                                    "Output": [
                                                        "t.id",
                                                        "mi_idx.movie_id"
                                                    ],
                                                    "Inner Unique": false,
                                                    "Hash Cond": "(t.id = mi_idx.movie_id)",
                                                    "Workers": [
                                                        {
                                                            "Worker Number": 0,
                                                            "Actual Startup Time": 86.424,
                                                            "Actual Total Time": 121.211,
                                                            "Actual Rows": 34,
                                                            "Actual Loops": 1
                                                        },
                                                        {
                                                            "Worker Number": 1,
                                                            "Actual Startup Time": 80.773,
                                                            "Actual Total Time": 121.218,
                                                            "Actual Rows": 30,
                                                            "Actual Loops": 1
                                                        },
                                                        {
                                                            "Worker Number": 2,
                                                            "Actual Startup Time": 81.347,
                                                            "Actual Total Time": 121.446,
                                                            "Actual Rows": 30,
                                                            "Actual Loops": 1
                                                        },
                                                        {
                                                            "Worker Number": 3,
                                                            "Actual Startup Time": 81.887,
                                                            "Actual Total Time": 121.823,
                                                            "Actual Rows": 38,
                                                            "Actual Loops": 1
                                                        },
                                                        {
                                                            "Worker Number": 4,
                                                            "Actual Startup Time": 80.786,
                                                            "Actual Total Time": 121.769,
                                                            "Actual Rows": 28,
                                                            "Actual Loops": 1
                                                        },
                                                        {
                                                            "Worker Number": 5,
                                                            "Actual Startup Time": 84.335,
                                                            "Actual Total Time": 122.378,
                                                            "Actual Rows": 39,
                                                            "Actual Loops": 1
                                                        }
                                                    ],
                                                    "Plans": [
                                                        {
                                                            "Node Type": "Seq Scan",
                                                            "Parent Relationship": "Outer",
                                                            "Parallel Aware": true,
                                                            "Relation Name": "title",
                                                            "Schema": "public",
                                                            "Alias": "t",
                                                            "Startup Cost": 0.0,
                                                            "Total Cost": 42318.81,
                                                            "Plan Rows": 632080,
                                                            "Plan Width": 4,
                                                            "Actual Startup Time": 0.041,
                                                            "Actual Total Time": 81.333,
                                                            "Actual Rows": 361187,
                                                            "Actual Loops": 7,
                                                            "Output": [
                                                                "t.id",
                                                                "t.title",
                                                                "t.imdb_index",
                                                                "t.kind_id",
                                                                "t.production_year",
                                                                "t.imdb_id",
                                                                "t.phonetic_code",
                                                                "t.episode_of_id",
                                                                "t.season_nr",
                                                                "t.episode_nr",
                                                                "t.series_years",
                                                                "t.md5sum"
                                                            ],
                                                            "Workers": [
                                                                {
                                                                    "Worker Number": 0,
                                                                    "Actual Startup Time": 0.042,
                                                                    "Actual Total Time": 83.257,
                                                                    "Actual Rows": 333888,
                                                                    "Actual Loops": 1
                                                                },
                                                                {
                                                                    "Worker Number": 1,
                                                                    "Actual Startup Time": 0.041,
                                                                    "Actual Total Time": 83.301,
                                                                    "Actual Rows": 329886,
                                                                    "Actual Loops": 1
                                                                },
                                                                {
                                                                    "Worker Number": 2,
                                                                    "Actual Startup Time": 0.042,
                                                                    "Actual Total Time": 83.278,
                                                                    "Actual Rows": 335248,
                                                                    "Actual Loops": 1
                                                                },
                                                                {
                                                                    "Worker Number": 3,
                                                                    "Actual Startup Time": 0.073,
                                                                    "Actual Total Time": 83.544,
                                                                    "Actual Rows": 334554,
                                                                    "Actual Loops": 1
                                                                },
                                                                {
                                                                    "Worker Number": 4,
                                                                    "Actual Startup Time": 0.048,
                                                                    "Actual Total Time": 82.185,
                                                                    "Actual Rows": 300522,
                                                                    "Actual Loops": 1
                                                                },
                                                                {
                                                                    "Worker Number": 5,
                                                                    "Actual Startup Time": 0.029,
                                                                    "Actual Total Time": 83.878,
                                                                    "Actual Rows": 337327,
                                                                    "Actual Loops": 1
                                                                }
                                                            ]
                                                        },
                                                        {
                                                            "Node Type": "Hash",
                                                            "Parent Relationship": "Inner",
                                                            "Parallel Aware": false,
                                                            "Startup Cost": 501.22,
                                                            "Total Cost": 501.22,
                                                            "Plan Rows": 138,
                                                            "Plan Width": 4,
                                                            "Actual Startup Time": 0.474,
                                                            "Actual Total Time": 0.477,
                                                            "Actual Rows": 260,
                                                            "Actual Loops": 7,
                                                            "Output": [
                                                                "mi_idx.movie_id"
                                                            ],
                                                            "Hash Buckets": 1024,
                                                            "Original Hash Buckets": 1024,
                                                            "Hash Batches": 1,
                                                            "Original Hash Batches": 1,
                                                            "Peak Memory Usage": 18,
                                                            "Workers": [
                                                                {
                                                                    "Worker Number": 0,
                                                                    "Actual Startup Time": 0.494,
                                                                    "Actual Total Time": 0.496,
                                                                    "Actual Rows": 260,
                                                                    "Actual Loops": 1
                                                                },
                                                                {
                                                                    "Worker Number": 1,
                                                                    "Actual Startup Time": 0.499,
                                                                    "Actual Total Time": 0.501,
                                                                    "Actual Rows": 260,
                                                                    "Actual Loops": 1
                                                                },
                                                                {
                                                                    "Worker Number": 2,
                                                                    "Actual Startup Time": 0.494,
                                                                    "Actual Total Time": 0.496,
                                                                    "Actual Rows": 260,
                                                                    "Actual Loops": 1
                                                                },
                                                                {
                                                                    "Worker Number": 3,
                                                                    "Actual Startup Time": 0.508,
                                                                    "Actual Total Time": 0.51,
                                                                    "Actual Rows": 260,
                                                                    "Actual Loops": 1
                                                                },
                                                                {
                                                                    "Worker Number": 4,
                                                                    "Actual Startup Time": 0.489,
                                                                    "Actual Total Time": 0.492,
                                                                    "Actual Rows": 260,
                                                                    "Actual Loops": 1
                                                                },
                                                                {
                                                                    "Worker Number": 5,
                                                                    "Actual Startup Time": 0.496,
                                                                    "Actual Total Time": 0.498,
                                                                    "Actual Rows": 260,
                                                                    "Actual Loops": 1
                                                                }
                                                            ],
                                                            "Plans": [
                                                                {
                                                                    "Node Type": "Bitmap Heap Scan",
                                                                    "Parent Relationship": "Outer",
                                                                    "Parallel Aware": false,
                                                                    "Relation Name": "movie_info_idx",
                                                                    "Schema": "public",
                                                                    "Alias": "mi_idx",
                                                                    "Startup Cost": 5.5,
                                                                    "Total Cost": 501.22,
                                                                    "Plan Rows": 138,
                                                                    "Plan Width": 4,
                                                                    "Actual Startup Time": 0.241,
                                                                    "Actual Total Time": 0.346,
                                                                    "Actual Rows": 260,
                                                                    "Actual Loops": 7,
                                                                    "Output": [
                                                                        "mi_idx.movie_id"
                                                                    ],
                                                                    "Recheck Cond": "(mi_idx.info_type_id > 101)",
                                                                    "Rows Removed by Index Recheck": 0,
                                                                    "Exact Heap Blocks": 2,
                                                                    "Lossy Heap Blocks": 0,
                                                                    "Workers": [
                                                                        {
                                                                            "Worker Number": 0,
                                                                            "Actual Startup Time": 0.257,
                                                                            "Actual Total Time": 0.365,
                                                                            "Actual Rows": 260,
                                                                            "Actual Loops": 1
                                                                        },
                                                                        {
                                                                            "Worker Number": 1,
                                                                            "Actual Startup Time": 0.263,
                                                                            "Actual Total Time": 0.37,
                                                                            "Actual Rows": 260,
                                                                            "Actual Loops": 1
                                                                        },
                                                                        {
                                                                            "Worker Number": 2,
                                                                            "Actual Startup Time": 0.258,
                                                                            "Actual Total Time": 0.365,
                                                                            "Actual Rows": 260,
                                                                            "Actual Loops": 1
                                                                        },
                                                                        {
                                                                            "Worker Number": 3,
                                                                            "Actual Startup Time": 0.268,
                                                                            "Actual Total Time": 0.377,
                                                                            "Actual Rows": 260,
                                                                            "Actual Loops": 1
                                                                        },
                                                                        {
                                                                            "Worker Number": 4,
                                                                            "Actual Startup Time": 0.252,
                                                                            "Actual Total Time": 0.359,
                                                                            "Actual Rows": 260,
                                                                            "Actual Loops": 1
                                                                        },
                                                                        {
                                                                            "Worker Number": 5,
                                                                            "Actual Startup Time": 0.26,
                                                                            "Actual Total Time": 0.366,
                                                                            "Actual Rows": 260,
                                                                            "Actual Loops": 1
                                                                        }
                                                                    ],
                                                                    "Plans": [
                                                                        {
                                                                            "Node Type": "Bitmap Index Scan",
                                                                            "Parent Relationship": "Outer",
                                                                            "Parallel Aware": false,
                                                                            "Index Name": "info_type_id_movie_info_idx",
                                                                            "Startup Cost": 0.0,
                                                                            "Total Cost": 5.46,
                                                                            "Plan Rows": 138,
                                                                            "Plan Width": 0,
                                                                            "Actual Startup Time": 0.181,
                                                                            "Actual Total Time": 0.181,
                                                                            "Actual Rows": 260,
                                                                            "Actual Loops": 7,
                                                                            "Index Cond": "(mi_idx.info_type_id > 101)",
                                                                            "Workers": [
                                                                                {
                                                                                    "Worker Number": 0,
                                                                                    "Actual Startup Time": 0.191,
                                                                                    "Actual Total Time": 0.192,
                                                                                    "Actual Rows": 260,
                                                                                    "Actual Loops": 1
                                                                                },
                                                                                {
                                                                                    "Worker Number": 1,
                                                                                    "Actual Startup Time": 0.197,
                                                                                    "Actual Total Time": 0.197,
                                                                                    "Actual Rows": 260,
                                                                                    "Actual Loops": 1
                                                                                },
                                                                                {
                                                                                    "Worker Number": 2,
                                                                                    "Actual Startup Time": 0.191,
                                                                                    "Actual Total Time": 0.192,
                                                                                    "Actual Rows": 260,
                                                                                    "Actual Loops": 1
                                                                                },
                                                                                {
                                                                                    "Worker Number": 3,
                                                                                    "Actual Startup Time": 0.202,
                                                                                    "Actual Total Time": 0.203,
                                                                                    "Actual Rows": 260,
                                                                                    "Actual Loops": 1
                                                                                },
                                                                                {
                                                                                    "Worker Number": 4,
                                                                                    "Actual Startup Time": 0.189,
                                                                                    "Actual Total Time": 0.189,
                                                                                    "Actual Rows": 260,
                                                                                    "Actual Loops": 1
                                                                                },
                                                                                {
                                                                                    "Worker Number": 5,
                                                                                    "Actual Startup Time": 0.194,
                                                                                    "Actual Total Time": 0.194,
                                                                                    "Actual Rows": 260,
                                                                                    "Actual Loops": 1
                                                                                }
                                                                            ]
                                                                        }
                                                                    ]
                                                                }
                                                            ]
                                                        }
                                                    ]
                                                }
                                            ]
                                        }
                                    ]
                                }
                            ]
                        }
                    ]
                }
            ]
        },
        "Planning Time": 792.23,
        "Triggers": [],
        "Execution Time": 1371.508
    }
]