[
  {
    "Plan": {
      "Node Type": "Aggregate",
      "Strategy": "Plain",
      "Partial Mode": "Finalize",
      "Parallel Aware": false,
      "Startup Cost": 75290.65,
      "Total Cost": 75290.66,
      "Plan Rows": 1,
      "Plan Width": 8,
      "Actual Startup Time": 254.077,
      "Actual Total Time": 267.11,
      "Actual Rows": 1,
      "Actual Loops": 1,
      "Plans": [
        {
          "Node Type": "Gather",
          "Parent Relationship": "Outer",
          "Parallel Aware": false,
          "Startup Cost": 75290.23,
          "Total Cost": 75290.64,
          "Plan Rows": 4,
          "Plan Width": 8,
          "Actual Startup Time": 252.44,
          "Actual Total Time": 267.099,
          "Actual Rows": 5,
          "Actual Loops": 1,
          "Workers Planned": 4,
          "Workers Launched": 4,
          "Single Copy": false,
          "Plans": [
            {
              "Node Type": "Aggregate",
              "Strategy": "Plain",
              "Partial Mode": "Partial",
              "Parent Relationship": "Outer",
              "Parallel Aware": false,
              "Startup Cost": 74290.23,
              "Total Cost": 74290.24,
              "Plan Rows": 1,
              "Plan Width": 8,
              "Actual Startup Time": 243.533,
              "Actual Total Time": 243.537,
              "Actual Rows": 1,
              "Actual Loops": 5,
              "Plans": [
                {
                  "Node Type": "Hash Join",
                  "Parent Relationship": "Outer",
                  "Parallel Aware": true,
                  "Join Type": "Inner",
                  "Startup Cost": 28350.91,
                  "Total Cost": 74089.29,
                  "Plan Rows": 80377,
                  "Plan Width": 0,
                  "Actual Startup Time": 170.861,
                  "Actual Total Time": 240.768,
                  "Actual Rows": 64391,
                  "Actual Loops": 5,
                  "Inner Unique": false,
                  "Hash Cond": "(t.id = mc.movie_id)",
                  "Plans": [
                    {
                      "Node Type": "Seq Scan",
                      "Parent Relationship": "Outer",
                      "Parallel Aware": true,
                      "Relation Name": "title",
                      "Alias": "t",
                      "Startup Cost": 0.0,
                      "Total Cost": 42318.73,
                      "Plan Rows": 632073,
                      "Plan Width": 4,
                      "Actual Startup Time": 0.011,
                      "Actual Total Time": 64.22,
                      "Actual Rows": 505662,
                      "Actual Loops": 5
                    },
                    {
                      "Node Type": "Hash",
                      "Parent Relationship": "Inner",
                      "Parallel Aware": true,
                      "Startup Cost": 27054.51,
                      "Total Cost": 27054.51,
                      "Plan Rows": 103712,
                      "Plan Width": 4,
                      "Actual Startup Time": 81.866,
                      "Actual Total Time": 81.868,
                      "Actual Rows": 64391,
                      "Actual Loops": 5,
                      "Hash Buckets": 524288,
                      "Original Hash Buckets": 524288,
                      "Hash Batches": 1,
                      "Original Hash Batches": 1,
                      "Peak Memory Usage": 16800,
                      "Plans": [
                        {
                          "Node Type": "Bitmap Heap Scan",
                          "Parent Relationship": "Outer",
                          "Parallel Aware": true,
                          "Relation Name": "movie_companies",
                          "Alias": "mc",
                          "Startup Cost": 6968.11,
                          "Total Cost": 27054.51,
                          "Plan Rows": 103712,
                          "Plan Width": 4,
                          "Actual Startup Time": 27.351,
                          "Actual Total Time": 55.373,
                          "Actual Rows": 64391,
                          "Actual Loops": 5,
                          "Recheck Cond": "(company_id > 91419)",
                          "Rows Removed by Index Recheck": 0,
                          "Exact Heap Blocks": 1950,
                          "Lossy Heap Blocks": 0,
                          "Plans": [
                            {
                              "Node Type": "Bitmap Index Scan",
                              "Parent Relationship": "Outer",
                              "Parallel Aware": false,
                              "Index Name": "company_id_movie_companies",
                              "Startup Cost": 0.0,
                              "Total Cost": 6887.73,
                              "Plan Rows": 321507,
                              "Plan Width": 0,
                              "Actual Startup Time": 26.583,
                              "Actual Total Time": 26.584,
                              "Actual Rows": 321954,
                              "Actual Loops": 1,
                              "Index Cond": "(company_id > 91419)"
                            }
                          ]
                        }
                      ]
                    }
                  ]
                }
              ]
            }
          ]
        }
      ]
    },
    "Planning Time": 0.611,
    "Triggers": [],
    "Execution Time": 267.202
  }
]