[
  {
    "Plan": {
      "Node Type": "Aggregate",
      "Strategy": "Plain",
      "Partial Mode": "Simple",
      "Parallel Aware": false,
      "Startup Cost": 987.21,
      "Total Cost": 987.22,
      "Plan Rows": 1,
      "Plan Width": 8,
      "Actual Startup Time": 13.959,
      "Actual Total Time": 13.96,
      "Actual Rows": 1,
      "Actual Loops": 1,
      "Plans": [
        {
          "Node Type": "Index Scan",
          "Parent Relationship": "Outer",
          "Parallel Aware": false,
          "Scan Direction": "Forward",
          "Index Name": "person_id_cast_info",
          "Relation Name": "cast_info",
          "Alias": "ci",
          "Startup Cost": 0.56,
          "Total Cost": 987.07,
          "Plan Rows": 58,
          "Plan Width": 0,
          "Actual Startup Time": 13.927,
          "Actual Total Time": 13.948,
          "Actual Rows": 58,
          "Actual Loops": 1,
          "Index Cond": "(person_id = 3192065)",
          "Rows Removed by Index Recheck": 0,
          "Filter": "(role_id = 10)",
          "Rows Removed by Filter": 16
        }
      ]
    },
    "Planning Time": 0.17,
    "Triggers": [],
    "Execution Time": 14.001
  }
]