{
  "Plan": {
    "Node Type": "Aggregate",
    "Strategy": "Plain",
    "Partial Mode": "Finalize",
    "Parallel Aware": false,
    "Startup Cost": 3604468.07,
    "Total Cost": 3604468.08,
    "Plan Rows": 1,
    "Plan Width": 8,
    "Actual Startup Time": 40926.687,
    "Actual Total Time": 41033.968,
    "Actual Rows": 1,
    "Actual Loops": 1,
    "Plans": [
      {
        "Node Type": "Gather",
        "Parent Relationship": "Outer",
        "Parallel Aware": false,
        "Startup Cost": 3604467.96,
        "Total Cost": 3604468.07,
        "Plan Rows": 1,
        "Plan Width": 8,
        "Actual Startup Time": 40926.678,
        "Actual Total Time": 41033.961,
        "Actual Rows": 2,
        "Actual Loops": 1,
        "Workers Planned": 1,
        "Workers Launched": 1,
        "Single Copy": false,
        "Plans": [
          {
            "Node Type": "Aggregate",
            "Strategy": "Plain",
            "Partial Mode": "Partial",
            "Parent Relationship": "Outer",
            "Parallel Aware": false,
            "Startup Cost": 3603467.96,
            "Total Cost": 3603467.97,
            "Plan Rows": 1,
            "Plan Width": 8,
            "Actual Startup Time": 40916.59,
            "Actual Total Time": 40916.591,
            "Actual Rows": 1,
            "Actual Loops": 2,
            "Plans": [
              {
                "Node Type": "Merge Join",
                "Parent Relationship": "Outer",
                "Parallel Aware": false,
                "Join Type": "Inner",
                "Startup Cost": 39.82,
                "Total Cost": 3513836.83,
                "Plan Rows": 35852452,
                "Plan Width": 0,
                "Actual Startup Time": 5.706,
                "Actual Total Time": 35563.704,
                "Actual Rows": 136271171,
                "Actual Loops": 2,
                "Inner Unique": false,
                "Merge Cond": "(t.id = mi.movie_id)",
                "Plans": [
                  {
                    "Node Type": "Nested Loop",
                    "Parent Relationship": "Outer",
                    "Parallel Aware": false,
                    "Join Type": "Inner",
                    "Startup Cost": 0.99,
                    "Total Cost": 1883054.75,
                    "Plan Rows": 6131464,
                    "Plan Width": 8,
                    "Actual Startup Time": 0.472,
                    "Actual Total Time": 11392.94,
                    "Actual Rows": 5648636,
                    "Actual Loops": 2,
                    "Inner Unique": false,
                    "Plans": [
                      {
                        "Node Type": "Index Scan",
                        "Parent Relationship": "Outer",
                        "Parallel Aware": true,
                        "Scan Direction": "Forward",
                        "Index Name": "title_pkey",
                        "Relation Name": "title",
                        "Alias": "t",
                        "Startup Cost": 0.43,
                        "Total Cost": 107365.5,
                        "Plan Rows": 548607,
                        "Plan Width": 4,
                        "Actual Startup Time": 0.307,
                        "Actual Total Time": 973.032,
                        "Actual Rows": 448066,
                        "Actual Loops": 2,
                        "Filter": "((kind_id < 7) AND (production_year > 1918))",
                        "Rows Removed by Filter": 816090
                      },
                      {
                        "Node Type": "Index Scan",
                        "Parent Relationship": "Inner",
                        "Parallel Aware": false,
                        "Scan Direction": "Forward",
                        "Index Name": "movie_id_cast_info",
                        "Relation Name": "cast_info",
                        "Alias": "ci",
                        "Startup Cost": 0.56,
                        "Total Cost": 2.95,
                        "Plan Rows": 29,
                        "Plan Width": 4,
                        "Actual Startup Time": 0.003,
                        "Actual Total Time": 0.022,
                        "Actual Rows": 13,
                        "Actual Loops": 896133,
                        "Index Cond": "(movie_id = t.id)",
                        "Rows Removed by Index Recheck": 0,
                        "Filter": "(person_id < 2889064)",
                        "Rows Removed by Filter": 4
                      }
                    ]
                  },
                  {
                    "Node Type": "Materialize",
                    "Parent Relationship": "Inner",
                    "Parallel Aware": false,
                    "Startup Cost": 0.43,
                    "Total Cost": 1116056.49,
                    "Plan Rows": 14783665,
                    "Plan Width": 4,
                    "Actual Startup Time": 0.14,
                    "Actual Total Time": 11196.353,
                    "Actual Rows": 146361994,
                    "Actual Loops": 2,
                    "Plans": [
                      {
                        "Node Type": "Index Only Scan",
                        "Parent Relationship": "Outer",
                        "Parallel Aware": false,
                        "Scan Direction": "Forward",
                        "Index Name": "movie_id_movie_info",
                        "Relation Name": "movie_info",
                        "Alias": "mi",
                        "Startup Cost": 0.43,
                        "Total Cost": 1079097.33,
                        "Plan Rows": 14783665,
                        "Plan Width": 4,
                        "Actual Startup Time": 0.131,
                        "Actual Total Time": 4848.814,
                        "Actual Rows": 14834555,
                        "Actual Loops": 2,
                        "Heap Fetches": 29669110
                      }
                    ]
                  }
                ]
              }
            ]
          }
        ]
      }
    ]
  },
  "Planning Time": 1.105,
  "Triggers": [],
  "Execution Time": 41034.081
}