[
  {
    "Plan": {
      "Node Type": "Aggregate",
      "Strategy": "Plain",
      "Partial Mode": "Finalize",
      "Parallel Aware": false,
      "Startup Cost": 347220.69,
      "Total Cost": 347220.7,
      "Plan Rows": 1,
      "Plan Width": 8,
      "Actual Startup Time": 661.503,
      "Actual Total Time": 702.043,
      "Actual Rows": 1,
      "Actual Loops": 1,
      "Plans": [
        {
          "Node Type": "Gather",
          "Parent Relationship": "Outer",
          "Parallel Aware": false,
          "Startup Cost": 347220.07,
          "Total Cost": 347220.68,
          "Plan Rows": 6,
          "Plan Width": 8,
          "Actual Startup Time": 661.203,
          "Actual Total Time": 702.034,
          "Actual Rows": 7,
          "Actual Loops": 1,
          "Workers Planned": 6,
          "Workers Launched": 6,
          "Single Copy": false,
          "Plans": [
            {
              "Node Type": "Aggregate",
              "Strategy": "Plain",
              "Partial Mode": "Partial",
              "Parent Relationship": "Outer",
              "Parallel Aware": false,
              "Startup Cost": 346220.07,
              "Total Cost": 346220.08,
              "Plan Rows": 1,
              "Plan Width": 8,
              "Actual Startup Time": 652.875,
              "Actual Total Time": 652.876,
              "Actual Rows": 1,
              "Actual Loops": 7,
              "Plans": [
                {
                  "Node Type": "Seq Scan",
                  "Parent Relationship": "Outer",
                  "Parallel Aware": true,
                  "Relation Name": "cast_info",
                  "Alias": "ci",
                  "Startup Cost": 0.0,
                  "Total Cost": 343316.27,
                  "Plan Rows": 1161519,
                  "Plan Width": 0,
                  "Actual Startup Time": 309.076,
                  "Actual Total Time": 586.692,
                  "Actual Rows": 1544168,
                  "Actual Loops": 7,
                  "Filter": "((person_id > 2094284) AND (role_id > 2))",
                  "Rows Removed by Filter": 3633596
                }
              ]
            }
          ]
        }
      ]
    },
    "Planning Time": 0.206,
    "Triggers": [],
    "Execution Time": 702.106
  }
]