[
  {
    "Plan": {
      "Node Type": "Aggregate",
      "Strategy": "Plain",
      "Partial Mode": "Finalize",
      "Parallel Aware": false,
      "Startup Cost": 380413.62,
      "Total Cost": 380413.63,
      "Plan Rows": 1,
      "Plan Width": 8,
      "Actual Startup Time": 820.728,
      "Actual Total Time": 847.776,
      "Actual Rows": 1,
      "Actual Loops": 1,
      "Plans": [
        {
          "Node Type": "Gather",
          "Parent Relationship": "Outer",
          "Parallel Aware": false,
          "Startup Cost": 380413.0,
          "Total Cost": 380413.61,
          "Plan Rows": 6,
          "Plan Width": 8,
          "Actual Startup Time": 808.957,
          "Actual Total Time": 847.764,
          "Actual Rows": 7,
          "Actual Loops": 1,
          "Workers Planned": 6,
          "Workers Launched": 6,
          "Single Copy": false,
          "Plans": [
            {
              "Node Type": "Aggregate",
              "Strategy": "Plain",
              "Partial Mode": "Partial",
              "Parent Relationship": "Outer",
              "Parallel Aware": false,
              "Startup Cost": 379413.0,
              "Total Cost": 379413.01,
              "Plan Rows": 1,
              "Plan Width": 8,
              "Actual Startup Time": 786.889,
              "Actual Total Time": 786.895,
              "Actual Rows": 1,
              "Actual Loops": 7,
              "Plans": [
                {
                  "Node Type": "Hash Join",
                  "Parent Relationship": "Outer",
                  "Parallel Aware": true,
                  "Join Type": "Inner",
                  "Startup Cost": 50220.95,
                  "Total Cost": 377442.49,
                  "Plan Rows": 788201,
                  "Plan Width": 0,
                  "Actual Startup Time": 259.113,
                  "Actual Total Time": 768.179,
                  "Actual Rows": 412617,
                  "Actual Loops": 7,
                  "Inner Unique": true,
                  "Hash Cond": "(ci.movie_id = t.id)",
                  "Plans": [
                    {
                      "Node Type": "Index Scan",
                      "Parent Relationship": "Outer",
                      "Parallel Aware": true,
                      "Scan Direction": "Forward",
                      "Index Name": "role_id_cast_info",
                      "Relation Name": "cast_info",
                      "Alias": "ci",
                      "Startup Cost": 0.56,
                      "Total Cost": 325153.08,
                      "Plan Rows": 788201,
                      "Plan Width": 4,
                      "Actual Startup Time": 0.281,
                      "Actual Total Time": 308.464,
                      "Actual Rows": 412617,
                      "Actual Loops": 7,
                      "Index Cond": "(role_id > 3)",
                      "Rows Removed by Index Recheck": 0,
                      "Filter": "(person_id < 1407913)",
                      "Rows Removed by Filter": 1317904
                    },
                    {
                      "Node Type": "Hash",
                      "Parent Relationship": "Inner",
                      "Parallel Aware": true,
                      "Startup Cost": 42319.06,
                      "Total Cost": 42319.06,
                      "Plan Rows": 632106,
                      "Plan Width": 4,
                      "Actual Startup Time": 252.082,
                      "Actual Total Time": 252.084,
                      "Actual Rows": 361187,
                      "Actual Loops": 7,
                      "Hash Buckets": 4194304,
                      "Original Hash Buckets": 4194304,
                      "Hash Batches": 1,
                      "Original Hash Batches": 1,
                      "Peak Memory Usage": 131776,
                      "Plans": [
                        {
                          "Node Type": "Seq Scan",
                          "Parent Relationship": "Outer",
                          "Parallel Aware": true,
                          "Relation Name": "title",
                          "Alias": "t",
                          "Startup Cost": 0.0,
                          "Total Cost": 42319.06,
                          "Plan Rows": 632106,
                          "Plan Width": 4,
                          "Actual Startup Time": 0.031,
                          "Actual Total Time": 75.974,
                          "Actual Rows": 361187,
                          "Actual Loops": 7
                        }
                      ]
                    }
                  ]
                }
              ]
            }
          ]
        }
      ]
    },
    "Planning Time": 0.571,
    "Triggers": [],
    "Execution Time": 847.855
  }
]