[
  {
    "Bao": {
      "Bao prediction": 1106.234,
      "Bao recommended hint": "SET enable_nestloop TO off; SET enable_mergejoin TO off; SET enable_indexscan TO off; "
    }
  },
  {
    "Plan": {
      "Node Type": "Aggregate",
      "Strategy": "Plain",
      "Partial Mode": "Finalize",
      "Parallel Aware": false,
      "Startup Cost": 289793.01,
      "Total Cost": 289793.02,
      "Plan Rows": 1,
      "Plan Width": 32,
      "Actual Startup Time": 883.679,
      "Actual Total Time": 927.077,
      "Actual Rows": 1,
      "Actual Loops": 1,
      "Plans": [
        {
          "Node Type": "Gather",
          "Parent Relationship": "Outer",
          "Parallel Aware": false,
          "Startup Cost": 289792.59,
          "Total Cost": 289793.0,
          "Plan Rows": 4,
          "Plan Width": 32,
          "Actual Startup Time": 883.325,
          "Actual Total Time": 927.063,
          "Actual Rows": 5,
          "Actual Loops": 1,
          "Workers Planned": 4,
          "Workers Launched": 4,
          "Single Copy": false,
          "Plans": [
            {
              "Node Type": "Aggregate",
              "Strategy": "Plain",
              "Partial Mode": "Partial",
              "Parent Relationship": "Outer",
              "Parallel Aware": false,
              "Startup Cost": 288792.59,
              "Total Cost": 288792.6,
              "Plan Rows": 1,
              "Plan Width": 32,
              "Actual Startup Time": 872.186,
              "Actual Total Time": 872.195,
              "Actual Rows": 1,
              "Actual Loops": 5,
              "Plans": [
                {
                  "Node Type": "Hash Join",
                  "Parent Relationship": "Outer",
                  "Parallel Aware": true,
                  "Join Type": "Inner",
                  "Startup Cost": 244541.17,
                  "Total Cost": 288792.59,
                  "Plan Rows": 1,
                  "Plan Width": 17,
                  "Actual Startup Time": 863.067,
                  "Actual Total Time": 872.182,
                  "Actual Rows": 1,
                  "Actual Loops": 5,
                  "Inner Unique": false,
                  "Hash Cond": "(t.id = mi.movie_id)",
                  "Plans": [
                    {
                      "Node Type": "Seq Scan",
                      "Parent Relationship": "Outer",
                      "Parallel Aware": true,
                      "Relation Name": "title",
                      "Alias": "t",
                      "Startup Cost": 0.0,
                      "Total Cost": 43897.41,
                      "Plan Rows": 94401,
                      "Plan Width": 21,
                      "Actual Startup Time": 0.014,
                      "Actual Total Time": 85.969,
                      "Actual Rows": 78333,
                      "Actual Loops": 5,
                      "Filter": "(production_year > 2010)",
                      "Rows Removed by Filter": 427329
                    },
                    {
                      "Node Type": "Hash",
                      "Parent Relationship": "Inner",
                      "Parallel Aware": true,
                      "Startup Cost": 244541.15,
                      "Total Cost": 244541.15,
                      "Plan Rows": 1,
                      "Plan Width": 8,
                      "Actual Startup Time": 778.237,
                      "Actual Total Time": 778.244,
                      "Actual Rows": 4,
                      "Actual Loops": 5,
                      "Hash Buckets": 1024,
                      "Original Hash Buckets": 1024,
                      "Hash Batches": 1,
                      "Original Hash Batches": 1,
                      "Peak Memory Usage": 136,
                      "Plans": [
                        {
                          "Node Type": "Hash Join",
                          "Parent Relationship": "Outer",
                          "Parallel Aware": true,
                          "Join Type": "Inner",
                          "Startup Cost": 45506.24,
                          "Total Cost": 244541.15,
                          "Plan Rows": 1,
                          "Plan Width": 8,
                          "Actual Startup Time": 535.579,
                          "Actual Total Time": 777.977,
                          "Actual Rows": 4,
                          "Actual Loops": 5,
                          "Inner Unique": false,
                          "Hash Cond": "(mi.movie_id = mk.movie_id)",
                          "Plans": [
                            {
                              "Node Type": "Seq Scan",
                              "Parent Relationship": "Outer",
                              "Parallel Aware": true,
                              "Relation Name": "movie_info",
                              "Alias": "mi",
                              "Startup Cost": 0.0,
                              "Total Cost": 199034.43,
                              "Plan Rows": 76,
                              "Plan Width": 4,
                              "Actual Startup Time": 31.176,
                              "Actual Total Time": 426.942,
                              "Actual Rows": 457,
                              "Actual Loops": 5,
                              "Filter": "(info = 'Bulgaria'::text)",
                              "Rows Removed by Filter": 2966687
                            },
                            {
                              "Node Type": "Hash",
                              "Parent Relationship": "Inner",
                              "Parallel Aware": true,
                              "Startup Cost": 45504.48,
                              "Total Cost": 45504.48,
                              "Plan Rows": 141,
                              "Plan Width": 4,
                              "Actual Startup Time": 350.644,
                              "Actual Total Time": 350.648,
                              "Actual Rows": 2590,
                              "Actual Loops": 5,
                              "Hash Buckets": 16384,
                              "Original Hash Buckets": 1024,
                              "Hash Batches": 1,
                              "Original Hash Batches": 1,
                              "Peak Memory Usage": 888,
                              "Plans": [
                                {
                                  "Node Type": "Hash Join",
                                  "Parent Relationship": "Outer",
                                  "Parallel Aware": false,
                                  "Join Type": "Inner",
                                  "Startup Cost": 2626.29,
                                  "Total Cost": 45504.48,
                                  "Plan Rows": 141,
                                  "Plan Width": 4,
                                  "Actual Startup Time": 34.511,
                                  "Actual Total Time": 227.72,
                                  "Actual Rows": 2590,
                                  "Actual Loops": 5,
                                  "Inner Unique": true,
                                  "Hash Cond": "(mk.keyword_id = k.id)",
                                  "Plans": [
                                    {
                                      "Node Type": "Seq Scan",
                                      "Parent Relationship": "Outer",
                                      "Parallel Aware": true,
                                      "Relation Name": "movie_keyword",
                                      "Alias": "mk",
                                      "Startup Cost": 0.0,
                                      "Total Cost": 39047.32,
                                      "Plan Rows": 1459332,
                                      "Plan Width": 8,
                                      "Actual Startup Time": 0.039,
                                      "Actual Total Time": 104.838,
                                      "Actual Rows": 904786,
                                      "Actual Loops": 5
                                    },
                                    {
                                      "Node Type": "Hash",
                                      "Parent Relationship": "Inner",
                                      "Parallel Aware": false,
                                      "Startup Cost": 2626.12,
                                      "Total Cost": 2626.12,
                                      "Plan Rows": 13,
                                      "Plan Width": 4,
                                      "Actual Startup Time": 34.178,
                                      "Actual Total Time": 34.179,
                                      "Actual Rows": 30,
                                      "Actual Loops": 5,
                                      "Hash Buckets": 1024,
                                      "Original Hash Buckets": 1024,
                                      "Hash Batches": 1,
                                      "Original Hash Batches": 1,
                                      "Peak Memory Usage": 10,
                                      "Plans": [
                                        {
                                          "Node Type": "Seq Scan",
                                          "Parent Relationship": "Outer",
                                          "Parallel Aware": false,
                                          "Relation Name": "keyword",
                                          "Alias": "k",
                                          "Startup Cost": 0.0,
                                          "Total Cost": 2626.12,
                                          "Plan Rows": 13,
                                          "Plan Width": 4,
                                          "Actual Startup Time": 3.471,
                                          "Actual Total Time": 34.137,
                                          "Actual Rows": 30,
                                          "Actual Loops": 5,
                                          "Filter": "(keyword ~~ '%sequel%'::text)",
                                          "Rows Removed by Filter": 134140
                                        }
                                      ]
                                    }
                                  ]
                                }
                              ]
                            }
                          ]
                        }
                      ]
                    }
                  ]
                }
              ]
            }
          ]
        }
      ]
    },
    "Planning Time": 308.657,
    "Triggers": [],
    "Execution Time": 927.603
  }
]