[
    {
        "Bao": {
            "Bao prediction": "NaN",
            "Bao recommended hint": "(no hint)"
        }
    },
    {
        "Plan": {
            "Node Type": "Aggregate",
            "Strategy": "Plain",
            "Partial Mode": "Finalize",
            "Parallel Aware": false,
            "Startup Cost": 428611.93,
            "Total Cost": 428611.94,
            "Plan Rows": 1,
            "Plan Width": 8,
            "Actual Startup Time": 1847.337,
            "Actual Total Time": 1886.621,
            "Actual Rows": 1,
            "Actual Loops": 1,
            "Output": [
                "count(*)"
            ],
            "Plans": [
                {
                    "Node Type": "Gather",
                    "Parent Relationship": "Outer",
                    "Parallel Aware": false,
                    "Startup Cost": 428611.3,
                    "Total Cost": 428611.91,
                    "Plan Rows": 6,
                    "Plan Width": 8,
                    "Actual Startup Time": 1822.635,
                    "Actual Total Time": 1886.609,
                    "Actual Rows": 7,
                    "Actual Loops": 1,
                    "Output": [
                        "(PARTIAL count(*))"
                    ],
                    "Workers Planned": 6,
                    "Workers Launched": 6,
                    "Single Copy": false,
                    "Plans": [
                        {
                            "Node Type": "Aggregate",
                            "Strategy": "Plain",
                            "Partial Mode": "Partial",
                            "Parent Relationship": "Outer",
                            "Parallel Aware": false,
                            "Startup Cost": 427611.3,
                            "Total Cost": 427611.31,
                            "Plan Rows": 1,
                            "Plan Width": 8,
                            "Actual Startup Time": 1812.666,
                            "Actual Total Time": 1813.394,
                            "Actual Rows": 1,
                            "Actual Loops": 7,
                            "Output": [
                                "PARTIAL count(*)"
                            ],
                            "Workers": [
                                {
                                    "Worker Number": 0,
                                    "Actual Startup Time": 1810.155,
                                    "Actual Total Time": 1810.159,
                                    "Actual Rows": 1,
                                    "Actual Loops": 1
                                },
                                {
                                    "Worker Number": 1,
                                    "Actual Startup Time": 1812.468,
                                    "Actual Total Time": 1812.474,
                                    "Actual Rows": 1,
                                    "Actual Loops": 1
                                },
                                {
                                    "Worker Number": 2,
                                    "Actual Startup Time": 1810.72,
                                    "Actual Total Time": 1810.724,
                                    "Actual Rows": 1,
                                    "Actual Loops": 1
                                },
                                {
                                    "Worker Number": 3,
                                    "Actual Startup Time": 1810.929,
                                    "Actual Total Time": 1810.935,
                                    "Actual Rows": 1,
                                    "Actual Loops": 1
                                },
                                {
                                    "Worker Number": 4,
                                    "Actual Startup Time": 1811.102,
                                    "Actual Total Time": 1811.107,
                                    "Actual Rows": 1,
                                    "Actual Loops": 1
                                },
                                {
                                    "Worker Number": 5,
                                    "Actual Startup Time": 1811.122,
                                    "Actual Total Time": 1811.127,
                                    "Actual Rows": 1,
                                    "Actual Loops": 1
                                }
                            ],
                            "Plans": [
                                {
                                    "Node Type": "Hash Join",
                                    "Parent Relationship": "Outer",
                                    "Parallel Aware": true,
                                    "Join Type": "Inner",
                                    "Startup Cost": 73103.44,
                                    "Total Cost": 425622.65,
                                    "Plan Rows": 795460,
                                    "Plan Width": 0,
                                    "Actual Startup Time": 758.872,
                                    "Actual Total Time": 1712.542,
                                    "Actual Rows": 2006542,
                                    "Actual Loops": 7,
                                    "Inner Unique": false,
                                    "Hash Cond": "(ci.movie_id = t.id)",
                                    "Workers": [
                                        {
                                            "Worker Number": 0,
                                            "Actual Startup Time": 756.715,
                                            "Actual Total Time": 1705.013,
                                            "Actual Rows": 1718667,
                                            "Actual Loops": 1
                                        },
                                        {
                                            "Worker Number": 1,
                                            "Actual Startup Time": 756.711,
                                            "Actual Total Time": 1707.165,
                                            "Actual Rows": 1663415,
                                            "Actual Loops": 1
                                        },
                                        {
                                            "Worker Number": 2,
                                            "Actual Startup Time": 757.214,
                                            "Actual Total Time": 1717.329,
                                            "Actual Rows": 2385651,
                                            "Actual Loops": 1
                                        },
                                        {
                                            "Worker Number": 3,
                                            "Actual Startup Time": 757.498,
                                            "Actual Total Time": 1705.892,
                                            "Actual Rows": 1652531,
                                            "Actual Loops": 1
                                        },
                                        {
                                            "Worker Number": 4,
                                            "Actual Startup Time": 757.636,
                                            "Actual Total Time": 1704.795,
                                            "Actual Rows": 1674167,
                                            "Actual Loops": 1
                                        },
                                        {
                                            "Worker Number": 5,
                                            "Actual Startup Time": 757.62,
                                            "Actual Total Time": 1717.835,
                                            "Actual Rows": 2362455,
                                            "Actual Loops": 1
                                        }
                                    ],
                                    "Plans": [
                                        {
                                            "Node Type": "Seq Scan",
                                            "Parent Relationship": "Outer",
                                            "Parallel Aware": true,
                                            "Relation Name": "cast_info",
                                            "Schema": "public",
                                            "Alias": "ci",
                                            "Startup Cost": 0.0,
                                            "Total Cost": 343318.94,
                                            "Plan Rows": 1569560,
                                            "Plan Width": 4,
                                            "Actual Startup Time": 339.891,
                                            "Actual Total Time": 683.409,
                                            "Actual Rows": 1709183,
                                            "Actual Loops": 7,
                                            "Output": [
                                                "ci.id",
                                                "ci.person_id",
                                                "ci.movie_id",
                                                "ci.person_role_id",
                                                "ci.note",
                                                "ci.nr_order",
                                                "ci.role_id"
                                            ],
                                            "Filter": "((ci.person_id > 1470003) AND (ci.role_id > 2))",
                                            "Rows Removed by Filter": 3468580,
                                            "Workers": [
                                                {
                                                    "Worker Number": 0,
                                                    "Actual Startup Time": 339.932,
                                                    "Actual Total Time": 695.856,
                                                    "Actual Rows": 1454364,
                                                    "Actual Loops": 1
                                                },
                                                {
                                                    "Worker Number": 1,
                                                    "Actual Startup Time": 339.906,
                                                    "Actual Total Time": 694.988,
                                                    "Actual Rows": 1405554,
                                                    "Actual Loops": 1
                                                },
                                                {
                                                    "Worker Number": 2,
                                                    "Actual Startup Time": 339.884,
                                                    "Actual Total Time": 674.615,
                                                    "Actual Rows": 2035011,
                                                    "Actual Loops": 1
                                                },
                                                {
                                                    "Worker Number": 3,
                                                    "Actual Startup Time": 339.886,
                                                    "Actual Total Time": 696.015,
                                                    "Actual Rows": 1404065,
                                                    "Actual Loops": 1
                                                },
                                                {
                                                    "Worker Number": 4,
                                                    "Actual Startup Time": 339.85,
                                                    "Actual Total Time": 702.466,
                                                    "Actual Rows": 1419607,
                                                    "Actual Loops": 1
                                                },
                                                {
                                                    "Worker Number": 5,
                                                    "Actual Startup Time": 339.899,
                                                    "Actual Total Time": 674.406,
                                                    "Actual Rows": 2017766,
                                                    "Actual Loops": 1
                                                }
                                            ]
                                        },
                                        {
                                            "Node Type": "Hash",
                                            "Parent Relationship": "Inner",
                                            "Parallel Aware": true,
                                            "Startup Cost": 66429.67,
                                            "Total Cost": 66429.67,
                                            "Plan Rows": 533902,
                                            "Plan Width": 8,
                                            "Actual Startup Time": 415.682,
                                            "Actual Total Time": 416.408,
                                            "Actual Rows": 193940,
                                            "Actual Loops": 7,
                                            "Output": [
                                                "t.id",
                                                "mi_idx.movie_id"
                                            ],
                                            "Hash Buckets": 2097152,
                                            "Original Hash Buckets": 2097152,
                                            "Hash Batches": 1,
                                            "Original Hash Batches": 1,
                                            "Peak Memory Usage": 69632,
                                            "Workers": [
                                                {
                                                    "Worker Number": 0,
                                                    "Actual Startup Time": 415.855,
                                                    "Actual Total Time": 415.858,
                                                    "Actual Rows": 156269,
                                                    "Actual Loops": 1
                                                },
                                                {
                                                    "Worker Number": 1,
                                                    "Actual Startup Time": 415.919,
                                                    "Actual Total Time": 415.924,
                                                    "Actual Rows": 160682,
                                                    "Actual Loops": 1
                                                },
                                                {
                                                    "Worker Number": 2,
                                                    "Actual Startup Time": 416.482,
                                                    "Actual Total Time": 416.485,
                                                    "Actual Rows": 233740,
                                                    "Actual Loops": 1
                                                },
                                                {
                                                    "Worker Number": 3,
                                                    "Actual Startup Time": 416.598,
                                                    "Actual Total Time": 416.603,
                                                    "Actual Rows": 160582,
                                                    "Actual Loops": 1
                                                },
                                                {
                                                    "Worker Number": 4,
                                                    "Actual Startup Time": 416.726,
                                                    "Actual Total Time": 416.729,
                                                    "Actual Rows": 162784,
                                                    "Actual Loops": 1
                                                },
                                                {
                                                    "Worker Number": 5,
                                                    "Actual Startup Time": 416.645,
                                                    "Actual Total Time": 416.648,
                                                    "Actual Rows": 230503,
                                                    "Actual Loops": 1
                                                }
                                            ],
                                            "Plans": [
                                                {
                                                    "Node Type": "Hash Join",
                                                    "Parent Relationship": "Outer",
                                                    "Parallel Aware": true,
                                                    "Join Type": "Inner",
                                                    "Startup Cost": 51235.11,
                                                    "Total Cost": 66429.67,
                                                    "Plan Rows": 533902,
                                                    "Plan Width": 8,
                                                    "Actual Startup Time": 262.771,
                                                    "Actual Total Time": 351.524,
                                                    "Actual Rows": 193940,
                                                    "Actual Loops": 7,
                                                    "Output": [
                                                        "t.id",
                                                        "mi_idx.movie_id"
                                                    ],
                                                    "Inner Unique": true,
                                                    "Hash Cond": "(mi_idx.movie_id = t.id)",
                                                    "Workers": [
                                                        {
                                                            "Worker Number": 0,
                                                            "Actual Startup Time": 262.838,
                                                            "Actual Total Time": 350.568,
                                                            "Actual Rows": 156269,
                                                            "Actual Loops": 1
                                                        },
                                                        {
                                                            "Worker Number": 1,
                                                            "Actual Startup Time": 262.741,
                                                            "Actual Total Time": 350.824,
                                                            "Actual Rows": 160682,
                                                            "Actual Loops": 1
                                                        },
                                                        {
                                                            "Worker Number": 2,
                                                            "Actual Startup Time": 262.7,
                                                            "Actual Total Time": 350.71,
                                                            "Actual Rows": 233740,
                                                            "Actual Loops": 1
                                                        },
                                                        {
                                                            "Worker Number": 3,
                                                            "Actual Startup Time": 262.849,
                                                            "Actual Total Time": 352.642,
                                                            "Actual Rows": 160582,
                                                            "Actual Loops": 1
                                                        },
                                                        {
                                                            "Worker Number": 4,
                                                            "Actual Startup Time": 262.716,
                                                            "Actual Total Time": 350.349,
                                                            "Actual Rows": 162784,
                                                            "Actual Loops": 1
                                                        },
                                                        {
                                                            "Worker Number": 5,
                                                            "Actual Startup Time": 262.701,
                                                            "Actual Total Time": 350.351,
                                                            "Actual Rows": 230503,
                                                            "Actual Loops": 1
                                                        }
                                                    ],
                                                    "Plans": [
                                                        {
                                                            "Node Type": "Seq Scan",
                                                            "Parent Relationship": "Outer",
                                                            "Parallel Aware": true,
                                                            "Relation Name": "movie_info_idx",
                                                            "Schema": "public",
                                                            "Alias": "mi_idx",
                                                            "Startup Cost": 0.0,
                                                            "Total Cost": 13685.15,
                                                            "Plan Rows": 575015,
                                                            "Plan Width": 4,
                                                            "Actual Startup Time": 0.027,
                                                            "Actual Total Time": 22.769,
                                                            "Actual Rows": 197148,
                                                            "Actual Loops": 7,
                                                            "Output": [
                                                                "mi_idx.id",
                                                                "mi_idx.movie_id",
                                                                "mi_idx.info_type_id",
                                                                "mi_idx.info",
                                                                "mi_idx.note"
                                                            ],
                                                            "Workers": [
                                                                {
                                                                    "Worker Number": 0,
                                                                    "Actual Startup Time": 0.034,
                                                                    "Actual Total Time": 23.894,
                                                                    "Actual Rows": 158792,
                                                                    "Actual Loops": 1
                                                                },
                                                                {
                                                                    "Worker Number": 1,
                                                                    "Actual Startup Time": 0.039,
                                                                    "Actual Total Time": 23.9,
                                                                    "Actual Rows": 163410,
                                                                    "Actual Loops": 1
                                                                },
                                                                {
                                                                    "Worker Number": 2,
                                                                    "Actual Startup Time": 0.023,
                                                                    "Actual Total Time": 22.529,
                                                                    "Actual Rows": 237755,
                                                                    "Actual Loops": 1
                                                                },
                                                                {
                                                                    "Worker Number": 3,
                                                                    "Actual Startup Time": 0.035,
                                                                    "Actual Total Time": 23.983,
                                                                    "Actual Rows": 163319,
                                                                    "Actual Loops": 1
                                                                },
                                                                {
                                                                    "Worker Number": 4,
                                                                    "Actual Startup Time": 0.027,
                                                                    "Actual Total Time": 23.792,
                                                                    "Actual Rows": 165248,
                                                                    "Actual Loops": 1
                                                                },
                                                                {
                                                                    "Worker Number": 5,
                                                                    "Actual Startup Time": 0.021,
                                                                    "Actual Total Time": 22.423,
                                                                    "Actual Rows": 234117,
                                                                    "Actual Loops": 1
                                                                }
                                                            ]
                                                        },
                                                        {
                                                            "Node Type": "Hash",
                                                            "Parent Relationship": "Inner",
                                                            "Parallel Aware": true,
                                                            "Startup Cost": 43899.01,
                                                            "Total Cost": 43899.01,
                                                            "Plan Rows": 586888,
                                                            "Plan Width": 4,
                                                            "Actual Startup Time": 259.002,
                                                            "Actual Total Time": 259.003,
                                                            "Actual Rows": 335627,
                                                            "Actual Loops": 7,
                                                            "Output": [
                                                                "t.id"
                                                            ],
                                                            "Hash Buckets": 4194304,
                                                            "Original Hash Buckets": 4194304,
                                                            "Hash Batches": 1,
                                                            "Original Hash Batches": 1,
                                                            "Peak Memory Usage": 124800,
                                                            "Workers": [
                                                                {
                                                                    "Worker Number": 0,
                                                                    "Actual Startup Time": 262.471,
                                                                    "Actual Total Time": 262.472,
                                                                    "Actual Rows": 272545,
                                                                    "Actual Loops": 1
                                                                },
                                                                {
                                                                    "Worker Number": 1,
                                                                    "Actual Startup Time": 262.615,
                                                                    "Actual Total Time": 262.617,
                                                                    "Actual Rows": 268093,
                                                                    "Actual Loops": 1
                                                                },
                                                                {
                                                                    "Worker Number": 2,
                                                                    "Actual Startup Time": 262.446,
                                                                    "Actual Total Time": 262.448,
                                                                    "Actual Rows": 376749,
                                                                    "Actual Loops": 1
                                                                },
                                                                {
                                                                    "Worker Number": 3,
                                                                    "Actual Startup Time": 262.493,
                                                                    "Actual Total Time": 262.495,
                                                                    "Actual Rows": 269738,
                                                                    "Actual Loops": 1
                                                                },
                                                                {
                                                                    "Worker Number": 4,
                                                                    "Actual Startup Time": 262.452,
                                                                    "Actual Total Time": 262.454,
                                                                    "Actual Rows": 279069,
                                                                    "Actual Loops": 1
                                                                },
                                                                {
                                                                    "Worker Number": 5,
                                                                    "Actual Startup Time": 262.448,
                                                                    "Actual Total Time": 262.449,
                                                                    "Actual Rows": 375671,
                                                                    "Actual Loops": 1
                                                                }
                                                            ],
                                                            "Plans": [
                                                                {
                                                                    "Node Type": "Seq Scan",
                                                                    "Parent Relationship": "Outer",
                                                                    "Parallel Aware": true,
                                                                    "Relation Name": "title",
                                                                    "Schema": "public",
                                                                    "Alias": "t",
                                                                    "Startup Cost": 0.0,
                                                                    "Total Cost": 43899.01,
                                                                    "Plan Rows": 586888,
                                                                    "Plan Width": 4,
                                                                    "Actual Startup Time": 0.056,
                                                                    "Actual Total Time": 85.023,
                                                                    "Actual Rows": 335627,
                                                                    "Actual Loops": 7,
                                                                    "Output": [
                                                                        "t.id"
                                                                    ],
                                                                    "Filter": "(t.production_year > 1926)",
                                                                    "Rows Removed by Filter": 25560,
                                                                    "Workers": [
                                                                        {
                                                                            "Worker Number": 0,
                                                                            "Actual Startup Time": 0.058,
                                                                            "Actual Total Time": 88.903,
                                                                            "Actual Rows": 272545,
                                                                            "Actual Loops": 1
                                                                        },
                                                                        {
                                                                            "Worker Number": 1,
                                                                            "Actual Startup Time": 0.058,
                                                                            "Actual Total Time": 88.836,
                                                                            "Actual Rows": 268093,
                                                                            "Actual Loops": 1
                                                                        },
                                                                        {
                                                                            "Worker Number": 2,
                                                                            "Actual Startup Time": 0.042,
                                                                            "Actual Total Time": 83.46,
                                                                            "Actual Rows": 376749,
                                                                            "Actual Loops": 1
                                                                        },
                                                                        {
                                                                            "Worker Number": 3,
                                                                            "Actual Startup Time": 0.058,
                                                                            "Actual Total Time": 88.941,
                                                                            "Actual Rows": 269738,
                                                                            "Actual Loops": 1
                                                                        },
                                                                        {
                                                                            "Worker Number": 4,
                                                                            "Actual Startup Time": 0.085,
                                                                            "Actual Total Time": 89.982,
                                                                            "Actual Rows": 279069,
                                                                            "Actual Loops": 1
                                                                        },
                                                                        {
                                                                            "Worker Number": 5,
                                                                            "Actual Startup Time": 0.079,
                                                                            "Actual Total Time": 84.048,
                                                                            "Actual Rows": 375671,
                                                                            "Actual Loops": 1
                                                                        }
                                                                    ]
                                                                }
                                                            ]
                                                        }
                                                    ]
                                                }
                                            ]
                                        }
                                    ]
                                }
                            ]
                        }
                    ]
                }
            ]
        },
        "Planning Time": 176.619,
        "Triggers": [],
        "Execution Time": 1886.688
    }
]