[
  {
    "Plan": {
      "Node Type": "Aggregate",
      "Strategy": "Plain",
      "Partial Mode": "Finalize",
      "Parallel Aware": false,
      "Startup Cost": 75566.04,
      "Total Cost": 75566.05,
      "Plan Rows": 1,
      "Plan Width": 8,
      "Actual Startup Time": 448.184,
      "Actual Total Time": 465.738,
      "Actual Rows": 1,
      "Actual Loops": 1,
      "Plans": [
        {
          "Node Type": "Gather",
          "Parent Relationship": "Outer",
          "Parallel Aware": false,
          "Startup Cost": 75565.72,
          "Total Cost": 75566.03,
          "Plan Rows": 3,
          "Plan Width": 8,
          "Actual Startup Time": 440.655,
          "Actual Total Time": 465.727,
          "Actual Rows": 4,
          "Actual Loops": 1,
          "Workers Planned": 3,
          "Workers Launched": 3,
          "Single Copy": false,
          "Plans": [
            {
              "Node Type": "Aggregate",
              "Strategy": "Plain",
              "Partial Mode": "Partial",
              "Parent Relationship": "Outer",
              "Parallel Aware": false,
              "Startup Cost": 74565.72,
              "Total Cost": 74565.73,
              "Plan Rows": 1,
              "Plan Width": 8,
              "Actual Startup Time": 425.602,
              "Actual Total Time": 425.608,
              "Actual Rows": 1,
              "Actual Loops": 4,
              "Plans": [
                {
                  "Node Type": "Hash Join",
                  "Parent Relationship": "Outer",
                  "Parallel Aware": true,
                  "Join Type": "Inner",
                  "Startup Cost": 54622.03,
                  "Total Cost": 74485.17,
                  "Plan Rows": 32222,
                  "Plan Width": 0,
                  "Actual Startup Time": 370.859,
                  "Actual Total Time": 423.712,
                  "Actual Rows": 39457,
                  "Actual Loops": 4,
                  "Inner Unique": true,
                  "Hash Cond": "(mc.movie_id = t.id)",
                  "Plans": [
                    {
                      "Node Type": "Bitmap Heap Scan",
                      "Parent Relationship": "Outer",
                      "Parallel Aware": true,
                      "Relation Name": "movie_companies",
                      "Alias": "mc",
                      "Startup Cost": 4401.65,
                      "Total Cost": 24180.2,
                      "Plan Rows": 32222,
                      "Plan Width": 4,
                      "Actual Startup Time": 10.755,
                      "Actual Total Time": 37.334,
                      "Actual Rows": 39457,
                      "Actual Loops": 4,
                      "Recheck Cond": "(company_id < 57)",
                      "Rows Removed by Index Recheck": 0,
                      "Filter": "(company_type_id = 1)",
                      "Rows Removed by Filter": 10078,
                      "Exact Heap Blocks": 5893,
                      "Lossy Heap Blocks": 0,
                      "Plans": [
                        {
                          "Node Type": "Bitmap Index Scan",
                          "Parent Relationship": "Outer",
                          "Parallel Aware": false,
                          "Index Name": "company_id_movie_companies",
                          "Startup Cost": 0.0,
                          "Total Cost": 4376.68,
                          "Plan Rows": 204300,
                          "Plan Width": 0,
                          "Actual Startup Time": 8.609,
                          "Actual Total Time": 8.609,
                          "Actual Rows": 198140,
                          "Actual Loops": 1,
                          "Index Cond": "(company_id < 57)"
                        }
                      ]
                    },
                    {
                      "Node Type": "Hash",
                      "Parent Relationship": "Inner",
                      "Parallel Aware": true,
                      "Startup Cost": 42319.06,
                      "Total Cost": 42319.06,
                      "Plan Rows": 632106,
                      "Plan Width": 4,
                      "Actual Startup Time": 350.247,
                      "Actual Total Time": 350.248,
                      "Actual Rows": 632078,
                      "Actual Loops": 4,
                      "Hash Buckets": 4194304,
                      "Original Hash Buckets": 4194304,
                      "Hash Batches": 1,
                      "Original Hash Batches": 1,
                      "Peak Memory Usage": 131744,
                      "Plans": [
                        {
                          "Node Type": "Seq Scan",
                          "Parent Relationship": "Outer",
                          "Parallel Aware": true,
                          "Relation Name": "title",
                          "Alias": "t",
                          "Startup Cost": 0.0,
                          "Total Cost": 42319.06,
                          "Plan Rows": 632106,
                          "Plan Width": 4,
                          "Actual Startup Time": 0.049,
                          "Actual Total Time": 99.32,
                          "Actual Rows": 632078,
                          "Actual Loops": 4
                        }
                      ]
                    }
                  ]
                }
              ]
            }
          ]
        }
      ]
    },
    "Planning Time": 0.414,
    "Triggers": [],
    "Execution Time": 465.798
  }
]