[
  {
    "Plan": {
      "Node Type": "Aggregate",
      "Strategy": "Plain",
      "Partial Mode": "Finalize",
      "Parallel Aware": false,
      "Startup Cost": 71093.52,
      "Total Cost": 71093.53,
      "Plan Rows": 1,
      "Plan Width": 8,
      "Actual Startup Time": 230.293,
      "Actual Total Time": 243.173,
      "Actual Rows": 1,
      "Actual Loops": 1,
      "Plans": [
        {
          "Node Type": "Gather",
          "Parent Relationship": "Outer",
          "Parallel Aware": false,
          "Startup Cost": 71093.1,
          "Total Cost": 71093.51,
          "Plan Rows": 4,
          "Plan Width": 8,
          "Actual Startup Time": 228.511,
          "Actual Total Time": 243.162,
          "Actual Rows": 5,
          "Actual Loops": 1,
          "Workers Planned": 4,
          "Workers Launched": 4,
          "Single Copy": false,
          "Plans": [
            {
              "Node Type": "Aggregate",
              "Strategy": "Plain",
              "Partial Mode": "Partial",
              "Parent Relationship": "Outer",
              "Parallel Aware": false,
              "Startup Cost": 70093.1,
              "Total Cost": 70093.11,
              "Plan Rows": 1,
              "Plan Width": 8,
              "Actual Startup Time": 220.339,
              "Actual Total Time": 220.342,
              "Actual Rows": 1,
              "Actual Loops": 5,
              "Plans": [
                {
                  "Node Type": "Hash Join",
                  "Parent Relationship": "Outer",
                  "Parallel Aware": true,
                  "Join Type": "Inner",
                  "Startup Cost": 24472.82,
                  "Total Cost": 70031.46,
                  "Plan Rows": 24656,
                  "Plan Width": 0,
                  "Actual Startup Time": 82.407,
                  "Actual Total Time": 218.755,
                  "Actual Rows": 31566,
                  "Actual Loops": 5,
                  "Inner Unique": false,
                  "Hash Cond": "(t.id = mc.movie_id)",
                  "Plans": [
                    {
                      "Node Type": "Seq Scan",
                      "Parent Relationship": "Outer",
                      "Parallel Aware": true,
                      "Relation Name": "title",
                      "Alias": "t",
                      "Startup Cost": 0.0,
                      "Total Cost": 42318.73,
                      "Plan Rows": 632073,
                      "Plan Width": 4,
                      "Actual Startup Time": 0.011,
                      "Actual Total Time": 64.015,
                      "Actual Rows": 505662,
                      "Actual Loops": 5
                    },
                    {
                      "Node Type": "Hash",
                      "Parent Relationship": "Inner",
                      "Parallel Aware": true,
                      "Startup Cost": 24075.13,
                      "Total Cost": 24075.13,
                      "Plan Rows": 31815,
                      "Plan Width": 4,
                      "Actual Startup Time": 81.26,
                      "Actual Total Time": 81.262,
                      "Actual Rows": 31566,
                      "Actual Loops": 5,
                      "Hash Buckets": 262144,
                      "Original Hash Buckets": 131072,
                      "Hash Batches": 1,
                      "Original Hash Batches": 1,
                      "Peak Memory Usage": 9344,
                      "Plans": [
                        {
                          "Node Type": "Bitmap Heap Scan",
                          "Parent Relationship": "Outer",
                          "Parallel Aware": true,
                          "Relation Name": "movie_companies",
                          "Alias": "mc",
                          "Startup Cost": 4315.7,
                          "Total Cost": 24075.13,
                          "Plan Rows": 31815,
                          "Plan Width": 4,
                          "Actual Startup Time": 23.671,
                          "Actual Total Time": 62.402,
                          "Actual Rows": 31566,
                          "Actual Loops": 5,
                          "Recheck Cond": "(company_id < 57)",
                          "Rows Removed by Index Recheck": 0,
                          "Filter": "(company_type_id = 1)",
                          "Rows Removed by Filter": 8062,
                          "Exact Heap Blocks": 6840,
                          "Lossy Heap Blocks": 0,
                          "Plans": [
                            {
                              "Node Type": "Bitmap Index Scan",
                              "Parent Relationship": "Outer",
                              "Parallel Aware": false,
                              "Index Name": "company_id_movie_companies",
                              "Startup Cost": 0.0,
                              "Total Cost": 4291.05,
                              "Plan Rows": 200349,
                              "Plan Width": 0,
                              "Actual Startup Time": 23.497,
                              "Actual Total Time": 23.497,
                              "Actual Rows": 198140,
                              "Actual Loops": 1,
                              "Index Cond": "(company_id < 57)"
                            }
                          ]
                        }
                      ]
                    }
                  ]
                }
              ]
            }
          ]
        }
      ]
    },
    "Planning Time": 0.541,
    "Triggers": [],
    "Execution Time": 243.253
  }
]