[
  {
    "Plan": {
      "Node Type": "Aggregate",
      "Strategy": "Plain",
      "Partial Mode": "Finalize",
      "Parallel Aware": false,
      "Startup Cost": 162788.44,
      "Total Cost": 162788.45,
      "Plan Rows": 1,
      "Plan Width": 8,
      "Actual Startup Time": 133.265,
      "Actual Total Time": 152.769,
      "Actual Rows": 1,
      "Actual Loops": 1,
      "Plans": [
        {
          "Node Type": "Gather",
          "Parent Relationship": "Outer",
          "Parallel Aware": false,
          "Startup Cost": 162788.02,
          "Total Cost": 162788.43,
          "Plan Rows": 4,
          "Plan Width": 8,
          "Actual Startup Time": 132.96,
          "Actual Total Time": 152.762,
          "Actual Rows": 5,
          "Actual Loops": 1,
          "Workers Planned": 4,
          "Workers Launched": 4,
          "Single Copy": false,
          "Plans": [
            {
              "Node Type": "Aggregate",
              "Strategy": "Plain",
              "Partial Mode": "Partial",
              "Parent Relationship": "Outer",
              "Parallel Aware": false,
              "Startup Cost": 161788.02,
              "Total Cost": 161788.03,
              "Plan Rows": 1,
              "Plan Width": 8,
              "Actual Startup Time": 122.847,
              "Actual Total Time": 122.849,
              "Actual Rows": 1,
              "Actual Loops": 5,
              "Plans": [
                {
                  "Node Type": "Nested Loop",
                  "Parent Relationship": "Outer",
                  "Parallel Aware": false,
                  "Join Type": "Inner",
                  "Startup Cost": 0.43,
                  "Total Cost": 161787.21,
                  "Plan Rows": 324,
                  "Plan Width": 0,
                  "Actual Startup Time": 1.715,
                  "Actual Total Time": 122.721,
                  "Actual Rows": 876,
                  "Actual Loops": 5,
                  "Inner Unique": false,
                  "Plans": [
                    {
                      "Node Type": "Seq Scan",
                      "Parent Relationship": "Outer",
                      "Parallel Aware": true,
                      "Relation Name": "title",
                      "Alias": "t",
                      "Startup Cost": 0.0,
                      "Total Cost": 45479.1,
                      "Plan Rows": 1028,
                      "Plan Width": 4,
                      "Actual Startup Time": 1.457,
                      "Actual Total Time": 78.817,
                      "Actual Rows": 1191,
                      "Actual Loops": 5,
                      "Filter": "((kind_id < 4) AND (production_year = 1972))",
                      "Rows Removed by Filter": 504472
                    },
                    {
                      "Node Type": "Index Scan",
                      "Parent Relationship": "Inner",
                      "Parallel Aware": false,
                      "Scan Direction": "Forward",
                      "Index Name": "movie_id_movie_info",
                      "Relation Name": "movie_info",
                      "Alias": "mi",
                      "Startup Cost": 0.43,
                      "Total Cost": 113.12,
                      "Plan Rows": 2,
                      "Plan Width": 4,
                      "Actual Startup Time": 0.021,
                      "Actual Total Time": 0.036,
                      "Actual Rows": 1,
                      "Actual Loops": 5954,
                      "Index Cond": "(movie_id = t.id)",
                      "Rows Removed by Index Recheck": 0,
                      "Filter": "(info_type_id < 2)",
                      "Rows Removed by Filter": 10
                    }
                  ]
                }
              ]
            }
          ]
        }
      ]
    },
    "Planning Time": 0.6,
    "Triggers": [],
    "Execution Time": 152.841
  }
]