[
  {
    "Plan": {
      "Node Type": "Aggregate",
      "Strategy": "Plain",
      "Partial Mode": "Finalize",
      "Parallel Aware": false,
      "Startup Cost": 352142.47,
      "Total Cost": 352142.48,
      "Plan Rows": 1,
      "Plan Width": 8,
      "Actual Startup Time": 816.077,
      "Actual Total Time": 870.391,
      "Actual Rows": 1,
      "Actual Loops": 1,
      "Plans": [
        {
          "Node Type": "Gather",
          "Parent Relationship": "Outer",
          "Parallel Aware": false,
          "Startup Cost": 352141.85,
          "Total Cost": 352142.46,
          "Plan Rows": 6,
          "Plan Width": 8,
          "Actual Startup Time": 815.933,
          "Actual Total Time": 870.382,
          "Actual Rows": 7,
          "Actual Loops": 1,
          "Workers Planned": 6,
          "Workers Launched": 6,
          "Single Copy": false,
          "Plans": [
            {
              "Node Type": "Aggregate",
              "Strategy": "Plain",
              "Partial Mode": "Partial",
              "Parent Relationship": "Outer",
              "Parallel Aware": false,
              "Startup Cost": 351141.85,
              "Total Cost": 351141.86,
              "Plan Rows": 1,
              "Plan Width": 8,
              "Actual Startup Time": 807.533,
              "Actual Total Time": 807.534,
              "Actual Rows": 1,
              "Actual Loops": 7,
              "Plans": [
                {
                  "Node Type": "Seq Scan",
                  "Parent Relationship": "Outer",
                  "Parallel Aware": true,
                  "Relation Name": "cast_info",
                  "Alias": "ci",
                  "Startup Cost": 0.0,
                  "Total Cost": 343257.03,
                  "Plan Rows": 3153927,
                  "Plan Width": 0,
                  "Actual Startup Time": 215.559,
                  "Actual Total Time": 682.063,
                  "Actual Rows": 3066396,
                  "Actual Loops": 7,
                  "Filter": "((person_id > 733417) AND (role_id > 1))",
                  "Rows Removed by Filter": 2111367
                }
              ]
            }
          ]
        }
      ]
    },
    "Planning Time": 0.149,
    "Triggers": [],
    "Execution Time": 870.45
  }
]