{
  "Plan": {
    "Node Type": "Aggregate",
    "Strategy": "Plain",
    "Partial Mode": "Finalize",
    "Parallel Aware": false,
    "Startup Cost": 147193.8,
    "Total Cost": 147193.81,
    "Plan Rows": 1,
    "Plan Width": 8,
    "Actual Startup Time": 870.947,
    "Actual Total Time": 881.802,
    "Actual Rows": 1,
    "Actual Loops": 1,
    "Plans": [
      {
        "Node Type": "Gather",
        "Parent Relationship": "Outer",
        "Parallel Aware": false,
        "Startup Cost": 147193.69,
        "Total Cost": 147193.8,
        "Plan Rows": 1,
        "Plan Width": 8,
        "Actual Startup Time": 869.09,
        "Actual Total Time": 881.794,
        "Actual Rows": 2,
        "Actual Loops": 1,
        "Workers Planned": 1,
        "Workers Launched": 1,
        "Single Copy": false,
        "Plans": [
          {
            "Node Type": "Aggregate",
            "Strategy": "Plain",
            "Partial Mode": "Partial",
            "Parent Relationship": "Outer",
            "Parallel Aware": false,
            "Startup Cost": 146193.69,
            "Total Cost": 146193.7,
            "Plan Rows": 1,
            "Plan Width": 8,
            "Actual Startup Time": 862.187,
            "Actual Total Time": 862.194,
            "Actual Rows": 1,
            "Actual Loops": 2,
            "Plans": [
              {
                "Node Type": "Hash Join",
                "Parent Relationship": "Outer",
                "Parallel Aware": true,
                "Join Type": "Inner",
                "Startup Cost": 78212.97,
                "Total Cost": 145906.46,
                "Plan Rows": 114891,
                "Plan Width": 0,
                "Actual Startup Time": 439.313,
                "Actual Total Time": 810.462,
                "Actual Rows": 1189510,
                "Actual Loops": 2,
                "Inner Unique": false,
                "Hash Cond": "(mk.movie_id = t.id)",
                "Plans": [
                  {
                    "Node Type": "Seq Scan",
                    "Parent Relationship": "Outer",
                    "Parallel Aware": true,
                    "Relation Name": "movie_keyword",
                    "Alias": "mk",
                    "Startup Cost": 0.0,
                    "Total Cost": 57718.19,
                    "Plan Rows": 2479859,
                    "Plan Width": 4,
                    "Actual Startup Time": 0.026,
                    "Actual Total Time": 206.435,
                    "Actual Rows": 2100097,
                    "Actual Loops": 2,
                    "Filter": "(keyword_id > 261)",
                    "Rows Removed by Filter": 161868
                  },
                  {
                    "Node Type": "Hash",
                    "Parent Relationship": "Inner",
                    "Parallel Aware": true,
                    "Startup Cost": 77351.68,
                    "Total Cost": 77351.68,
                    "Plan Rows": 68903,
                    "Plan Width": 8,
                    "Actual Startup Time": 368.372,
                    "Actual Total Time": 368.376,
                    "Actual Rows": 104296,
                    "Actual Loops": 2,
                    "Hash Buckets": 262144,
                    "Original Hash Buckets": 131072,
                    "Hash Batches": 1,
                    "Original Hash Batches": 1,
                    "Peak Memory Usage": 11264,
                    "Plans": [
                      {
                        "Node Type": "Hash Join",
                        "Parent Relationship": "Outer",
                        "Parallel Aware": true,
                        "Join Type": "Inner",
                        "Startup Cost": 58557.56,
                        "Total Cost": 77351.68,
                        "Plan Rows": 68903,
                        "Plan Width": 8,
                        "Actual Startup Time": 250.34,
                        "Actual Total Time": 335.937,
                        "Actual Rows": 104296,
                        "Actual Loops": 2,
                        "Inner Unique": true,
                        "Hash Cond": "(mi_idx.movie_id = t.id)",
                        "Plans": [
                          {
                            "Node Type": "Seq Scan",
                            "Parent Relationship": "Outer",
                            "Parallel Aware": true,
                            "Relation Name": "movie_info_idx",
                            "Alias": "mi_idx",
                            "Startup Cost": 0.0,
                            "Total Cost": 18082.32,
                            "Plan Rows": 271164,
                            "Plan Width": 4,
                            "Actual Startup Time": 0.021,
                            "Actual Total Time": 53.556,
                            "Actual Rows": 230092,
                            "Actual Loops": 2,
                            "Filter": "(info_type_id > 100)",
                            "Rows Removed by Filter": 459925
                          },
                          {
                            "Node Type": "Hash",
                            "Parent Relationship": "Inner",
                            "Parallel Aware": true,
                            "Startup Cost": 53833.72,
                            "Total Cost": 53833.72,
                            "Plan Rows": 377907,
                            "Plan Width": 4,
                            "Actual Startup Time": 198.697,
                            "Actual Total Time": 198.698,
                            "Actual Rows": 323438,
                            "Actual Loops": 2,
                            "Hash Buckets": 1048576,
                            "Original Hash Buckets": 1048576,
                            "Hash Batches": 1,
                            "Original Hash Batches": 1,
                            "Peak Memory Usage": 33536,
                            "Plans": [
                              {
                                "Node Type": "Bitmap Heap Scan",
                                "Parent Relationship": "Outer",
                                "Parallel Aware": true,
                                "Relation Name": "title",
                                "Alias": "t",
                                "Startup Cost": 11983.46,
                                "Total Cost": 53833.72,
                                "Plan Rows": 377907,
                                "Plan Width": 4,
                                "Actual Startup Time": 29.079,
                                "Actual Total Time": 102.614,
                                "Actual Rows": 323438,
                                "Actual Loops": 2,
                                "Recheck Cond": "(kind_id = 1)",
                                "Rows Removed by Index Recheck": 0,
                                "Filter": "(production_year > 1901)",
                                "Rows Removed by Filter": 7974,
                                "Exact Heap Blocks": 7805,
                                "Lossy Heap Blocks": 0,
                                "Plans": [
                                  {
                                    "Node Type": "Bitmap Index Scan",
                                    "Parent Relationship": "Outer",
                                    "Parallel Aware": false,
                                    "Index Name": "kind_id_title",
                                    "Startup Cost": 0.0,
                                    "Total Cost": 11822.85,
                                    "Plan Rows": 663256,
                                    "Plan Width": 0,
                                    "Actual Startup Time": 27.191,
                                    "Actual Total Time": 27.192,
                                    "Actual Rows": 662825,
                                    "Actual Loops": 1,
                                    "Index Cond": "(kind_id = 1)"
                                  }
                                ]
                              }
                            ]
                          }
                        ]
                      }
                    ]
                  }
                ]
              }
            ]
          }
        ]
      }
    ]
  },
  "Planning Time": 0.909,
  "Triggers": [],
  "Execution Time": 881.909
}