[
  {
    "Plan": {
      "Node Type": "Aggregate",
      "Strategy": "Plain",
      "Partial Mode": "Finalize",
      "Parallel Aware": false,
      "Startup Cost": 91577.92,
      "Total Cost": 91577.93,
      "Plan Rows": 1,
      "Plan Width": 8,
      "Actual Startup Time": 286.289,
      "Actual Total Time": 304.833,
      "Actual Rows": 1,
      "Actual Loops": 1,
      "Plans": [
        {
          "Node Type": "Gather",
          "Parent Relationship": "Outer",
          "Parallel Aware": false,
          "Startup Cost": 91577.6,
          "Total Cost": 91577.91,
          "Plan Rows": 3,
          "Plan Width": 8,
          "Actual Startup Time": 285.999,
          "Actual Total Time": 304.823,
          "Actual Rows": 4,
          "Actual Loops": 1,
          "Workers Planned": 3,
          "Workers Launched": 3,
          "Single Copy": false,
          "Plans": [
            {
              "Node Type": "Aggregate",
              "Strategy": "Plain",
              "Partial Mode": "Partial",
              "Parent Relationship": "Outer",
              "Parallel Aware": false,
              "Startup Cost": 90577.6,
              "Total Cost": 90577.61,
              "Plan Rows": 1,
              "Plan Width": 8,
              "Actual Startup Time": 277.803,
              "Actual Total Time": 277.806,
              "Actual Rows": 1,
              "Actual Loops": 4,
              "Plans": [
                {
                  "Node Type": "Hash Join",
                  "Parent Relationship": "Outer",
                  "Parallel Aware": true,
                  "Join Type": "Inner",
                  "Startup Cost": 44013.22,
                  "Total Cost": 90525.03,
                  "Plan Rows": 21031,
                  "Plan Width": 0,
                  "Actual Startup Time": 98.182,
                  "Actual Total Time": 276.966,
                  "Actual Rows": 19066,
                  "Actual Loops": 4,
                  "Inner Unique": true,
                  "Hash Cond": "(mk.movie_id = t.id)",
                  "Plans": [
                    {
                      "Node Type": "Seq Scan",
                      "Parent Relationship": "Outer",
                      "Parallel Aware": true,
                      "Relation Name": "movie_keyword",
                      "Alias": "mk",
                      "Startup Cost": 0.0,
                      "Total Cost": 42695.65,
                      "Plan Rows": 1453770,
                      "Plan Width": 4,
                      "Actual Startup Time": 0.028,
                      "Actual Total Time": 110.967,
                      "Actual Rows": 1127194,
                      "Actual Loops": 4,
                      "Filter": "(keyword_id < 121020)",
                      "Rows Removed by Filter": 3789
                    },
                    {
                      "Node Type": "Hash",
                      "Parent Relationship": "Inner",
                      "Parallel Aware": true,
                      "Startup Cost": 43898.92,
                      "Total Cost": 43898.92,
                      "Plan Rows": 9144,
                      "Plan Width": 4,
                      "Actual Startup Time": 96.396,
                      "Actual Total Time": 96.397,
                      "Actual Rows": 9127,
                      "Actual Loops": 4,
                      "Hash Buckets": 65536,
                      "Original Hash Buckets": 65536,
                      "Hash Batches": 1,
                      "Original Hash Batches": 1,
                      "Peak Memory Usage": 2016,
                      "Plans": [
                        {
                          "Node Type": "Seq Scan",
                          "Parent Relationship": "Outer",
                          "Parallel Aware": true,
                          "Relation Name": "title",
                          "Alias": "t",
                          "Startup Cost": 0.0,
                          "Total Cost": 43898.92,
                          "Plan Rows": 9144,
                          "Plan Width": 4,
                          "Actual Startup Time": 0.077,
                          "Actual Total Time": 91.823,
                          "Actual Rows": 9127,
                          "Actual Loops": 4,
                          "Filter": "(production_year = 1996)",
                          "Rows Removed by Filter": 622951
                        }
                      ]
                    }
                  ]
                }
              ]
            }
          ]
        }
      ]
    },
    "Planning Time": 0.771,
    "Triggers": [],
    "Execution Time": 304.909
  }
]