[
  {
    "Plan": {
      "Node Type": "Aggregate",
      "Strategy": "Plain",
      "Partial Mode": "Finalize",
      "Parallel Aware": false,
      "Startup Cost": 25057.76,
      "Total Cost": 25057.77,
      "Plan Rows": 1,
      "Plan Width": 8,
      "Actual Startup Time": 61.194,
      "Actual Total Time": 65.083,
      "Actual Rows": 1,
      "Actual Loops": 1,
      "Plans": [
        {
          "Node Type": "Gather",
          "Parent Relationship": "Outer",
          "Parallel Aware": false,
          "Startup Cost": 25057.44,
          "Total Cost": 25057.75,
          "Plan Rows": 3,
          "Plan Width": 8,
          "Actual Startup Time": 61.004,
          "Actual Total Time": 65.074,
          "Actual Rows": 4,
          "Actual Loops": 1,
          "Workers Planned": 3,
          "Workers Launched": 3,
          "Single Copy": false,
          "Plans": [
            {
              "Node Type": "Aggregate",
              "Strategy": "Plain",
              "Partial Mode": "Partial",
              "Parent Relationship": "Outer",
              "Parallel Aware": false,
              "Startup Cost": 24057.44,
              "Total Cost": 24057.45,
              "Plan Rows": 1,
              "Plan Width": 8,
              "Actual Startup Time": 54.654,
              "Actual Total Time": 54.657,
              "Actual Rows": 1,
              "Actual Loops": 4,
              "Plans": [
                {
                  "Node Type": "Bitmap Heap Scan",
                  "Parent Relationship": "Outer",
                  "Parallel Aware": true,
                  "Relation Name": "movie_companies",
                  "Alias": "mc",
                  "Startup Cost": 4235.75,
                  "Total Cost": 23976.95,
                  "Plan Rows": 32197,
                  "Plan Width": 0,
                  "Actual Startup Time": 19.114,
                  "Actual Total Time": 50.146,
                  "Actual Rows": 47716,
                  "Actual Loops": 4,
                  "Recheck Cond": "(company_id > 116395)",
                  "Rows Removed by Index Recheck": 0,
                  "Filter": "(company_type_id = 2)",
                  "Rows Removed by Filter": 0,
                  "Exact Heap Blocks": 2127,
                  "Lossy Heap Blocks": 0,
                  "Plans": [
                    {
                      "Node Type": "Bitmap Index Scan",
                      "Parent Relationship": "Outer",
                      "Parallel Aware": false,
                      "Index Name": "company_id_movie_companies",
                      "Startup Cost": 0.0,
                      "Total Cost": 4210.8,
                      "Plan Rows": 196582,
                      "Plan Width": 0,
                      "Actual Startup Time": 23.617,
                      "Actual Total Time": 23.617,
                      "Actual Rows": 190866,
                      "Actual Loops": 1,
                      "Index Cond": "(company_id > 116395)"
                    }
                  ]
                }
              ]
            }
          ]
        }
      ]
    },
    "Planning Time": 0.182,
    "Triggers": [],
    "Execution Time": 65.149
  }
]