[
  {
    "Plan": {
      "Node Type": "Aggregate",
      "Strategy": "Plain",
      "Partial Mode": "Finalize",
      "Parallel Aware": false,
      "Startup Cost": 342056.88,
      "Total Cost": 342056.89,
      "Plan Rows": 1,
      "Plan Width": 8,
      "Actual Startup Time": 791.561,
      "Actual Total Time": 849.284,
      "Actual Rows": 1,
      "Actual Loops": 1,
      "Plans": [
        {
          "Node Type": "Gather",
          "Parent Relationship": "Outer",
          "Parallel Aware": false,
          "Startup Cost": 342056.25,
          "Total Cost": 342056.86,
          "Plan Rows": 6,
          "Plan Width": 8,
          "Actual Startup Time": 791.433,
          "Actual Total Time": 849.275,
          "Actual Rows": 7,
          "Actual Loops": 1,
          "Workers Planned": 6,
          "Workers Launched": 6,
          "Single Copy": false,
          "Plans": [
            {
              "Node Type": "Aggregate",
              "Strategy": "Plain",
              "Partial Mode": "Partial",
              "Parent Relationship": "Outer",
              "Parallel Aware": false,
              "Startup Cost": 341056.25,
              "Total Cost": 341056.26,
              "Plan Rows": 1,
              "Plan Width": 8,
              "Actual Startup Time": 782.278,
              "Actual Total Time": 782.279,
              "Actual Rows": 1,
              "Actual Loops": 7,
              "Plans": [
                {
                  "Node Type": "Seq Scan",
                  "Parent Relationship": "Outer",
                  "Parallel Aware": true,
                  "Relation Name": "cast_info",
                  "Alias": "ci",
                  "Startup Cost": 0.0,
                  "Total Cost": 328162.03,
                  "Plan Rows": 5157691,
                  "Plan Width": 0,
                  "Actual Startup Time": 69.209,
                  "Actual Total Time": 610.984,
                  "Actual Rows": 4398371,
                  "Actual Loops": 7,
                  "Filter": "(person_id > 526424)",
                  "Rows Removed by Filter": 779393
                }
              ]
            }
          ]
        }
      ]
    },
    "Planning Time": 0.198,
    "Triggers": [],
    "Execution Time": 849.359
  }
]