[
  {
    "Plan": {
      "Node Type": "Aggregate",
      "Strategy": "Plain",
      "Partial Mode": "Finalize",
      "Parallel Aware": false,
      "Startup Cost": 65092.69,
      "Total Cost": 65092.7,
      "Plan Rows": 1,
      "Plan Width": 8,
      "Actual Startup Time": 114.794,
      "Actual Total Time": 130.162,
      "Actual Rows": 1,
      "Actual Loops": 1,
      "Plans": [
        {
          "Node Type": "Gather",
          "Parent Relationship": "Outer",
          "Parallel Aware": false,
          "Startup Cost": 65092.27,
          "Total Cost": 65092.68,
          "Plan Rows": 4,
          "Plan Width": 8,
          "Actual Startup Time": 114.643,
          "Actual Total Time": 130.154,
          "Actual Rows": 5,
          "Actual Loops": 1,
          "Workers Planned": 4,
          "Workers Launched": 4,
          "Single Copy": false,
          "Plans": [
            {
              "Node Type": "Aggregate",
              "Strategy": "Plain",
              "Partial Mode": "Partial",
              "Parent Relationship": "Outer",
              "Parallel Aware": false,
              "Startup Cost": 64092.27,
              "Total Cost": 64092.28,
              "Plan Rows": 1,
              "Plan Width": 8,
              "Actual Startup Time": 104.709,
              "Actual Total Time": 104.71,
              "Actual Rows": 1,
              "Actual Loops": 5,
              "Plans": [
                {
                  "Node Type": "Nested Loop",
                  "Parent Relationship": "Outer",
                  "Parallel Aware": false,
                  "Join Type": "Inner",
                  "Startup Cost": 0.43,
                  "Total Cost": 64090.35,
                  "Plan Rows": 768,
                  "Plan Width": 0,
                  "Actual Startup Time": 1.463,
                  "Actual Total Time": 104.56,
                  "Actual Rows": 1081,
                  "Actual Loops": 5,
                  "Inner Unique": false,
                  "Plans": [
                    {
                      "Node Type": "Seq Scan",
                      "Parent Relationship": "Outer",
                      "Parallel Aware": true,
                      "Relation Name": "title",
                      "Alias": "t",
                      "Startup Cost": 0.0,
                      "Total Cost": 45479.1,
                      "Plan Rows": 1388,
                      "Plan Width": 4,
                      "Actual Startup Time": 1.307,
                      "Actual Total Time": 88.741,
                      "Actual Rows": 1172,
                      "Actual Loops": 5,
                      "Filter": "((kind_id < 7) AND (production_year = 1969))",
                      "Rows Removed by Filter": 504490
                    },
                    {
                      "Node Type": "Index Scan",
                      "Parent Relationship": "Inner",
                      "Parallel Aware": false,
                      "Scan Direction": "Forward",
                      "Index Name": "movie_id_movie_companies",
                      "Relation Name": "movie_companies",
                      "Alias": "mc",
                      "Startup Cost": 0.43,
                      "Total Cost": 13.38,
                      "Plan Rows": 3,
                      "Plan Width": 4,
                      "Actual Startup Time": 0.011,
                      "Actual Total Time": 0.013,
                      "Actual Rows": 1,
                      "Actual Loops": 5861,
                      "Index Cond": "(movie_id = t.id)",
                      "Rows Removed by Index Recheck": 0,
                      "Filter": "(company_id < 12120)",
                      "Rows Removed by Filter": 1
                    }
                  ]
                }
              ]
            }
          ]
        }
      ]
    },
    "Planning Time": 0.648,
    "Triggers": [],
    "Execution Time": 130.233
  }
]