[
  {
    "Plan": {
      "Node Type": "Aggregate",
      "Strategy": "Plain",
      "Partial Mode": "Finalize",
      "Parallel Aware": false,
      "Startup Cost": 84711.41,
      "Total Cost": 84711.42,
      "Plan Rows": 1,
      "Plan Width": 8,
      "Actual Startup Time": 437.88,
      "Actual Total Time": 449.836,
      "Actual Rows": 1,
      "Actual Loops": 1,
      "Plans": [
        {
          "Node Type": "Gather",
          "Parent Relationship": "Outer",
          "Parallel Aware": false,
          "Startup Cost": 84711.09,
          "Total Cost": 84711.4,
          "Plan Rows": 3,
          "Plan Width": 8,
          "Actual Startup Time": 430.474,
          "Actual Total Time": 449.829,
          "Actual Rows": 4,
          "Actual Loops": 1,
          "Workers Planned": 3,
          "Workers Launched": 3,
          "Single Copy": false,
          "Plans": [
            {
              "Node Type": "Aggregate",
              "Strategy": "Plain",
              "Partial Mode": "Partial",
              "Parent Relationship": "Outer",
              "Parallel Aware": false,
              "Startup Cost": 83711.09,
              "Total Cost": 83711.1,
              "Plan Rows": 1,
              "Plan Width": 8,
              "Actual Startup Time": 424.026,
              "Actual Total Time": 424.029,
              "Actual Rows": 1,
              "Actual Loops": 4,
              "Plans": [
                {
                  "Node Type": "Hash Join",
                  "Parent Relationship": "Outer",
                  "Parallel Aware": true,
                  "Join Type": "Inner",
                  "Startup Cost": 50664.35,
                  "Total Cost": 83083.42,
                  "Plan Rows": 251069,
                  "Plan Width": 0,
                  "Actual Startup Time": 285.96,
                  "Actual Total Time": 416.776,
                  "Actual Rows": 153436,
                  "Actual Loops": 4,
                  "Inner Unique": true,
                  "Hash Cond": "(mc.movie_id = t.id)",
                  "Plans": [
                    {
                      "Node Type": "Seq Scan",
                      "Parent Relationship": "Outer",
                      "Parallel Aware": true,
                      "Relation Name": "movie_companies",
                      "Alias": "mc",
                      "Startup Cost": 0.0,
                      "Total Cost": 31414.82,
                      "Plan Rows": 382573,
                      "Plan Width": 4,
                      "Actual Startup Time": 29.14,
                      "Actual Total Time": 68.519,
                      "Actual Rows": 317704,
                      "Actual Loops": 4,
                      "Filter": "((company_id > 145) AND (company_type_id = 2))",
                      "Rows Removed by Filter": 334578
                    },
                    {
                      "Node Type": "Hash",
                      "Parent Relationship": "Inner",
                      "Parallel Aware": true,
                      "Startup Cost": 45479.21,
                      "Total Cost": 45479.21,
                      "Plan Rows": 414811,
                      "Plan Width": 4,
                      "Actual Startup Time": 252.026,
                      "Actual Total Time": 252.027,
                      "Actual Rows": 444829,
                      "Actual Loops": 4,
                      "Hash Buckets": 2097152,
                      "Original Hash Buckets": 2097152,
                      "Hash Batches": 1,
                      "Original Hash Batches": 1,
                      "Peak Memory Usage": 86080,
                      "Plans": [
                        {
                          "Node Type": "Seq Scan",
                          "Parent Relationship": "Outer",
                          "Parallel Aware": true,
                          "Relation Name": "title",
                          "Alias": "t",
                          "Startup Cost": 0.0,
                          "Total Cost": 45479.21,
                          "Plan Rows": 414811,
                          "Plan Width": 4,
                          "Actual Startup Time": 0.027,
                          "Actual Total Time": 105.581,
                          "Actual Rows": 444829,
                          "Actual Loops": 4,
                          "Filter": "((kind_id > 1) AND (production_year > 1954))",
                          "Rows Removed by Filter": 187249
                        }
                      ]
                    }
                  ]
                }
              ]
            }
          ]
        }
      ]
    },
    "Planning Time": 0.326,
    "Triggers": [],
    "Execution Time": 449.873
  }
]