[
  {
    "Plan": {
      "Node Type": "Aggregate",
      "Strategy": "Plain",
      "Partial Mode": "Finalize",
      "Parallel Aware": false,
      "Startup Cost": 21686.39,
      "Total Cost": 21686.4,
      "Plan Rows": 1,
      "Plan Width": 8,
      "Actual Startup Time": 21.291,
      "Actual Total Time": 24.565,
      "Actual Rows": 1,
      "Actual Loops": 1,
      "Plans": [
        {
          "Node Type": "Gather",
          "Parent Relationship": "Outer",
          "Parallel Aware": false,
          "Startup Cost": 21686.28,
          "Total Cost": 21686.39,
          "Plan Rows": 1,
          "Plan Width": 8,
          "Actual Startup Time": 21.11,
          "Actual Total Time": 24.557,
          "Actual Rows": 2,
          "Actual Loops": 1,
          "Workers Planned": 1,
          "Workers Launched": 1,
          "Single Copy": false,
          "Plans": [
            {
              "Node Type": "Aggregate",
              "Strategy": "Plain",
              "Partial Mode": "Partial",
              "Parent Relationship": "Outer",
              "Parallel Aware": false,
              "Startup Cost": 20686.28,
              "Total Cost": 20686.29,
              "Plan Rows": 1,
              "Plan Width": 8,
              "Actual Startup Time": 15.753,
              "Actual Total Time": 15.755,
              "Actual Rows": 1,
              "Actual Loops": 2,
              "Plans": [
                {
                  "Node Type": "Nested Loop",
                  "Parent Relationship": "Outer",
                  "Parallel Aware": false,
                  "Join Type": "Inner",
                  "Startup Cost": 62.32,
                  "Total Cost": 20683.62,
                  "Plan Rows": 1063,
                  "Plan Width": 0,
                  "Actual Startup Time": 4.535,
                  "Actual Total Time": 15.592,
                  "Actual Rows": 1015,
                  "Actual Loops": 2,
                  "Inner Unique": false,
                  "Plans": [
                    {
                      "Node Type": "Nested Loop",
                      "Parent Relationship": "Outer",
                      "Parallel Aware": false,
                      "Join Type": "Inner",
                      "Startup Cost": 61.75,
                      "Total Cost": 19734.62,
                      "Plan Rows": 74,
                      "Plan Width": 8,
                      "Actual Startup Time": 4.4,
                      "Actual Total Time": 11.604,
                      "Actual Rows": 30,
                      "Actual Loops": 2,
                      "Inner Unique": true,
                      "Plans": [
                        {
                          "Node Type": "Bitmap Heap Scan",
                          "Parent Relationship": "Outer",
                          "Parallel Aware": true,
                          "Relation Name": "movie_companies",
                          "Alias": "mc",
                          "Startup Cost": 61.32,
                          "Total Cost": 7383.15,
                          "Plan Rows": 1586,
                          "Plan Width": 4,
                          "Actual Startup Time": 1.074,
                          "Actual Total Time": 2.309,
                          "Actual Rows": 1223,
                          "Actual Loops": 2,
                          "Recheck Cond": "(company_id = 686)",
                          "Rows Removed by Index Recheck": 0,
                          "Exact Heap Blocks": 429,
                          "Lossy Heap Blocks": 0,
                          "Plans": [
                            {
                              "Node Type": "Bitmap Index Scan",
                              "Parent Relationship": "Outer",
                              "Parallel Aware": false,
                              "Index Name": "company_id_movie_companies",
                              "Startup Cost": 0.0,
                              "Total Cost": 60.65,
                              "Plan Rows": 2696,
                              "Plan Width": 0,
                              "Actual Startup Time": 1.876,
                              "Actual Total Time": 1.876,
                              "Actual Rows": 2446,
                              "Actual Loops": 1,
                              "Index Cond": "(company_id = 686)"
                            }
                          ]
                        },
                        {
                          "Node Type": "Index Scan",
                          "Parent Relationship": "Inner",
                          "Parallel Aware": false,
                          "Scan Direction": "Forward",
                          "Index Name": "title_pkey",
                          "Relation Name": "title",
                          "Alias": "t",
                          "Startup Cost": 0.43,
                          "Total Cost": 7.79,
                          "Plan Rows": 1,
                          "Plan Width": 4,
                          "Actual Startup Time": 0.007,
                          "Actual Total Time": 0.007,
                          "Actual Rows": 0,
                          "Actual Loops": 2446,
                          "Index Cond": "(id = mc.movie_id)",
                          "Rows Removed by Index Recheck": 0,
                          "Filter": "((kind_id > 1) AND (production_year = 2012))",
                          "Rows Removed by Filter": 1
                        }
                      ]
                    },
                    {
                      "Node Type": "Index Only Scan",
                      "Parent Relationship": "Inner",
                      "Parallel Aware": false,
                      "Scan Direction": "Forward",
                      "Index Name": "movie_id_cast_info",
                      "Relation Name": "cast_info",
                      "Alias": "ci",
                      "Startup Cost": 0.56,
                      "Total Cost": 12.47,
                      "Plan Rows": 35,
                      "Plan Width": 4,
                      "Actual Startup Time": 0.016,
                      "Actual Total Time": 0.122,
                      "Actual Rows": 33,
                      "Actual Loops": 61,
                      "Index Cond": "(movie_id = t.id)",
                      "Rows Removed by Index Recheck": 0,
                      "Heap Fetches": 2030
                    }
                  ]
                }
              ]
            }
          ]
        }
      ]
    },
    "Planning Time": 1.358,
    "Triggers": [],
    "Execution Time": 24.66
  }
]