[
  {
    "Plan": {
      "Node Type": "Aggregate",
      "Strategy": "Plain",
      "Partial Mode": "Finalize",
      "Parallel Aware": false,
      "Startup Cost": 22273.15,
      "Total Cost": 22273.16,
      "Plan Rows": 1,
      "Plan Width": 8,
      "Actual Startup Time": 25.39,
      "Actual Total Time": 29.072,
      "Actual Rows": 1,
      "Actual Loops": 1,
      "Plans": [
        {
          "Node Type": "Gather",
          "Parent Relationship": "Outer",
          "Parallel Aware": false,
          "Startup Cost": 22273.04,
          "Total Cost": 22273.15,
          "Plan Rows": 1,
          "Plan Width": 8,
          "Actual Startup Time": 25.102,
          "Actual Total Time": 29.061,
          "Actual Rows": 2,
          "Actual Loops": 1,
          "Workers Planned": 1,
          "Workers Launched": 1,
          "Single Copy": false,
          "Plans": [
            {
              "Node Type": "Aggregate",
              "Strategy": "Plain",
              "Partial Mode": "Partial",
              "Parent Relationship": "Outer",
              "Parallel Aware": false,
              "Startup Cost": 21273.04,
              "Total Cost": 21273.05,
              "Plan Rows": 1,
              "Plan Width": 8,
              "Actual Startup Time": 19.009,
              "Actual Total Time": 19.013,
              "Actual Rows": 1,
              "Actual Loops": 2,
              "Plans": [
                {
                  "Node Type": "Nested Loop",
                  "Parent Relationship": "Outer",
                  "Parallel Aware": false,
                  "Join Type": "Inner",
                  "Startup Cost": 62.99,
                  "Total Cost": 21270.28,
                  "Plan Rows": 1104,
                  "Plan Width": 0,
                  "Actual Startup Time": 5.246,
                  "Actual Total Time": 18.811,
                  "Actual Rows": 1015,
                  "Actual Loops": 2,
                  "Inner Unique": false,
                  "Plans": [
                    {
                      "Node Type": "Nested Loop",
                      "Parent Relationship": "Outer",
                      "Parallel Aware": false,
                      "Join Type": "Inner",
                      "Startup Cost": 62.43,
                      "Total Cost": 20281.51,
                      "Plan Rows": 77,
                      "Plan Width": 8,
                      "Actual Startup Time": 5.047,
                      "Actual Total Time": 14.3,
                      "Actual Rows": 30,
                      "Actual Loops": 2,
                      "Inner Unique": true,
                      "Plans": [
                        {
                          "Node Type": "Bitmap Heap Scan",
                          "Parent Relationship": "Outer",
                          "Parallel Aware": true,
                          "Relation Name": "movie_companies",
                          "Alias": "mc",
                          "Startup Cost": 62.0,
                          "Total Cost": 7562.37,
                          "Plan Rows": 1637,
                          "Plan Width": 4,
                          "Actual Startup Time": 1.083,
                          "Actual Total Time": 2.88,
                          "Actual Rows": 1223,
                          "Actual Loops": 2,
                          "Recheck Cond": "(company_id = 686)",
                          "Rows Removed by Index Recheck": 0,
                          "Exact Heap Blocks": 413,
                          "Lossy Heap Blocks": 0,
                          "Plans": [
                            {
                              "Node Type": "Bitmap Index Scan",
                              "Parent Relationship": "Outer",
                              "Parallel Aware": false,
                              "Index Name": "company_id_movie_companies",
                              "Startup Cost": 0.0,
                              "Total Cost": 61.3,
                              "Plan Rows": 2783,
                              "Plan Width": 0,
                              "Actual Startup Time": 1.832,
                              "Actual Total Time": 1.833,
                              "Actual Rows": 2446,
                              "Actual Loops": 1,
                              "Index Cond": "(company_id = 686)"
                            }
                          ]
                        },
                        {
                          "Node Type": "Index Scan",
                          "Parent Relationship": "Inner",
                          "Parallel Aware": false,
                          "Scan Direction": "Forward",
                          "Index Name": "title_pkey",
                          "Relation Name": "title",
                          "Alias": "t",
                          "Startup Cost": 0.43,
                          "Total Cost": 7.77,
                          "Plan Rows": 1,
                          "Plan Width": 4,
                          "Actual Startup Time": 0.009,
                          "Actual Total Time": 0.009,
                          "Actual Rows": 0,
                          "Actual Loops": 2446,
                          "Index Cond": "(id = mc.movie_id)",
                          "Rows Removed by Index Recheck": 0,
                          "Filter": "((kind_id > 1) AND (production_year = 2012))",
                          "Rows Removed by Filter": 1
                        }
                      ]
                    },
                    {
                      "Node Type": "Index Only Scan",
                      "Parent Relationship": "Inner",
                      "Parallel Aware": false,
                      "Scan Direction": "Forward",
                      "Index Name": "movie_id_cast_info",
                      "Relation Name": "cast_info",
                      "Alias": "ci",
                      "Startup Cost": 0.56,
                      "Total Cost": 12.47,
                      "Plan Rows": 37,
                      "Plan Width": 4,
                      "Actual Startup Time": 0.022,
                      "Actual Total Time": 0.137,
                      "Actual Rows": 33,
                      "Actual Loops": 61,
                      "Index Cond": "(movie_id = t.id)",
                      "Rows Removed by Index Recheck": 0,
                      "Heap Fetches": 2030
                    }
                  ]
                }
              ]
            }
          ]
        }
      ]
    },
    "Planning Time": 1.422,
    "Triggers": [],
    "Execution Time": 29.23
  }
]