[
  {
    "Plan": {
      "Node Type": "Aggregate",
      "Strategy": "Plain",
      "Partial Mode": "Finalize",
      "Parallel Aware": false,
      "Startup Cost": 46636.91,
      "Total Cost": 46636.92,
      "Plan Rows": 1,
      "Plan Width": 8,
      "Actual Startup Time": 169.681,
      "Actual Total Time": 179.373,
      "Actual Rows": 1,
      "Actual Loops": 1,
      "Plans": [
        {
          "Node Type": "Gather",
          "Parent Relationship": "Outer",
          "Parallel Aware": false,
          "Startup Cost": 46636.59,
          "Total Cost": 46636.9,
          "Plan Rows": 3,
          "Plan Width": 8,
          "Actual Startup Time": 169.568,
          "Actual Total Time": 179.363,
          "Actual Rows": 4,
          "Actual Loops": 1,
          "Workers Planned": 3,
          "Workers Launched": 3,
          "Single Copy": false,
          "Plans": [
            {
              "Node Type": "Aggregate",
              "Strategy": "Plain",
              "Partial Mode": "Partial",
              "Parent Relationship": "Outer",
              "Parallel Aware": false,
              "Startup Cost": 45636.59,
              "Total Cost": 45636.6,
              "Plan Rows": 1,
              "Plan Width": 8,
              "Actual Startup Time": 162.526,
              "Actual Total Time": 162.527,
              "Actual Rows": 1,
              "Actual Loops": 4,
              "Plans": [
                {
                  "Node Type": "Seq Scan",
                  "Parent Relationship": "Outer",
                  "Parallel Aware": true,
                  "Relation Name": "movie_keyword",
                  "Alias": "mk",
                  "Startup Cost": 0.0,
                  "Total Cost": 42695.65,
                  "Plan Rows": 1176375,
                  "Plan Width": 0,
                  "Actual Startup Time": 0.124,
                  "Actual Total Time": 122.353,
                  "Actual Rows": 908426,
                  "Actual Loops": 4,
                  "Filter": "(keyword_id > 842)",
                  "Rows Removed by Filter": 222556
                }
              ]
            }
          ]
        }
      ]
    },
    "Planning Time": 0.189,
    "Triggers": [],
    "Execution Time": 179.439
  }
]