[
  {
    "Plan": {
      "Node Type": "Aggregate",
      "Strategy": "Plain",
      "Partial Mode": "Finalize",
      "Parallel Aware": false,
      "Startup Cost": 223755.89,
      "Total Cost": 223755.9,
      "Plan Rows": 1,
      "Plan Width": 8,
      "Actual Startup Time": 145.134,
      "Actual Total Time": 168.652,
      "Actual Rows": 1,
      "Actual Loops": 1,
      "Plans": [
        {
          "Node Type": "Gather",
          "Parent Relationship": "Outer",
          "Parallel Aware": false,
          "Startup Cost": 223755.47,
          "Total Cost": 223755.88,
          "Plan Rows": 4,
          "Plan Width": 8,
          "Actual Startup Time": 144.97,
          "Actual Total Time": 168.64,
          "Actual Rows": 5,
          "Actual Loops": 1,
          "Workers Planned": 4,
          "Workers Launched": 4,
          "Single Copy": false,
          "Plans": [
            {
              "Node Type": "Aggregate",
              "Strategy": "Plain",
              "Partial Mode": "Partial",
              "Parent Relationship": "Outer",
              "Parallel Aware": false,
              "Startup Cost": 222755.47,
              "Total Cost": 222755.48,
              "Plan Rows": 1,
              "Plan Width": 8,
              "Actual Startup Time": 136.666,
              "Actual Total Time": 136.669,
              "Actual Rows": 1,
              "Actual Loops": 5,
              "Plans": [
                {
                  "Node Type": "Nested Loop",
                  "Parent Relationship": "Outer",
                  "Parallel Aware": false,
                  "Join Type": "Inner",
                  "Startup Cost": 0.43,
                  "Total Cost": 222701.66,
                  "Plan Rows": 21527,
                  "Plan Width": 0,
                  "Actual Startup Time": 0.322,
                  "Actual Total Time": 135.053,
                  "Actual Rows": 19514,
                  "Actual Loops": 5,
                  "Inner Unique": false,
                  "Plans": [
                    {
                      "Node Type": "Seq Scan",
                      "Parent Relationship": "Outer",
                      "Parallel Aware": true,
                      "Relation Name": "title",
                      "Alias": "t",
                      "Startup Cost": 0.0,
                      "Total Cost": 43899.32,
                      "Plan Rows": 3666,
                      "Plan Width": 4,
                      "Actual Startup Time": 0.115,
                      "Actual Total Time": 71.449,
                      "Actual Rows": 2742,
                      "Actual Loops": 5,
                      "Filter": "(production_year = 1966)",
                      "Rows Removed by Filter": 502920
                    },
                    {
                      "Node Type": "Index Only Scan",
                      "Parent Relationship": "Inner",
                      "Parallel Aware": false,
                      "Scan Direction": "Forward",
                      "Index Name": "movie_id_movie_info",
                      "Relation Name": "movie_info",
                      "Alias": "mi",
                      "Startup Cost": 0.43,
                      "Total Cost": 48.36,
                      "Plan Rows": 41,
                      "Plan Width": 4,
                      "Actual Startup Time": 0.009,
                      "Actual Total Time": 0.022,
                      "Actual Rows": 7,
                      "Actual Loops": 13711,
                      "Index Cond": "(movie_id = t.id)",
                      "Rows Removed by Index Recheck": 0,
                      "Heap Fetches": 97570
                    }
                  ]
                }
              ]
            }
          ]
        }
      ]
    },
    "Planning Time": 0.306,
    "Triggers": [],
    "Execution Time": 168.698
  }
]