[
  {
    "Plan": {
      "Node Type": "Aggregate",
      "Strategy": "Plain",
      "Partial Mode": "Finalize",
      "Parallel Aware": false,
      "Startup Cost": 249334.52,
      "Total Cost": 249334.53,
      "Plan Rows": 1,
      "Plan Width": 8,
      "Actual Startup Time": 988.746,
      "Actual Total Time": 1032.554,
      "Actual Rows": 1,
      "Actual Loops": 1,
      "Plans": [
        {
          "Node Type": "Gather",
          "Parent Relationship": "Outer",
          "Parallel Aware": false,
          "Startup Cost": 249334.0,
          "Total Cost": 249334.51,
          "Plan Rows": 5,
          "Plan Width": 8,
          "Actual Startup Time": 983.355,
          "Actual Total Time": 1032.532,
          "Actual Rows": 6,
          "Actual Loops": 1,
          "Workers Planned": 5,
          "Workers Launched": 5,
          "Single Copy": false,
          "Plans": [
            {
              "Node Type": "Aggregate",
              "Strategy": "Plain",
              "Partial Mode": "Partial",
              "Parent Relationship": "Outer",
              "Parallel Aware": false,
              "Startup Cost": 248334.0,
              "Total Cost": 248334.01,
              "Plan Rows": 1,
              "Plan Width": 8,
              "Actual Startup Time": 972.787,
              "Actual Total Time": 972.79,
              "Actual Rows": 1,
              "Actual Loops": 6,
              "Plans": [
                {
                  "Node Type": "Hash Join",
                  "Parent Relationship": "Outer",
                  "Parallel Aware": true,
                  "Join Type": "Inner",
                  "Startup Cost": 47304.47,
                  "Total Cost": 246626.24,
                  "Plan Rows": 683103,
                  "Plan Width": 0,
                  "Actual Startup Time": 143.516,
                  "Actual Total Time": 919.312,
                  "Actual Rows": 1278821,
                  "Actual Loops": 6,
                  "Inner Unique": true,
                  "Hash Cond": "(mi.movie_id = t.id)",
                  "Plans": [
                    {
                      "Node Type": "Seq Scan",
                      "Parent Relationship": "Outer",
                      "Parallel Aware": true,
                      "Relation Name": "movie_info",
                      "Alias": "mi",
                      "Startup Cost": 0.0,
                      "Total Cost": 191560.33,
                      "Plan Rows": 2956733,
                      "Plan Width": 4,
                      "Actual Startup Time": 0.03,
                      "Actual Total Time": 289.475,
                      "Actual Rows": 2472620,
                      "Actual Loops": 6
                    },
                    {
                      "Node Type": "Hash",
                      "Parent Relationship": "Inner",
                      "Parallel Aware": true,
                      "Startup Cost": 45479.1,
                      "Total Cost": 45479.1,
                      "Plan Rows": 146030,
                      "Plan Width": 4,
                      "Actual Startup Time": 127.01,
                      "Actual Total Time": 127.011,
                      "Actual Rows": 99122,
                      "Actual Loops": 6,
                      "Hash Buckets": 1048576,
                      "Original Hash Buckets": 1048576,
                      "Hash Batches": 1,
                      "Original Hash Batches": 1,
                      "Peak Memory Usage": 31584,
                      "Plans": [
                        {
                          "Node Type": "Seq Scan",
                          "Parent Relationship": "Outer",
                          "Parallel Aware": true,
                          "Relation Name": "title",
                          "Alias": "t",
                          "Startup Cost": 0.0,
                          "Total Cost": 45479.1,
                          "Plan Rows": 146030,
                          "Plan Width": 4,
                          "Actual Startup Time": 53.323,
                          "Actual Total Time": 85.237,
                          "Actual Rows": 99122,
                          "Actual Loops": 6,
                          "Filter": "((production_year < 2012) AND (kind_id = 1))",
                          "Rows Removed by Filter": 322264
                        }
                      ]
                    }
                  ]
                }
              ]
            }
          ]
        }
      ]
    },
    "Planning Time": 0.633,
    "Triggers": [],
    "Execution Time": 1032.636
  }
]