[
  {
    "Plan": {
      "Node Type": "Aggregate",
      "Strategy": "Plain",
      "Partial Mode": "Finalize",
      "Parallel Aware": false,
      "Startup Cost": 334749.67,
      "Total Cost": 334749.68,
      "Plan Rows": 1,
      "Plan Width": 8,
      "Actual Startup Time": 666.005,
      "Actual Total Time": 724.531,
      "Actual Rows": 1,
      "Actual Loops": 1,
      "Plans": [
        {
          "Node Type": "Gather",
          "Parent Relationship": "Outer",
          "Parallel Aware": false,
          "Startup Cost": 334749.04,
          "Total Cost": 334749.65,
          "Plan Rows": 6,
          "Plan Width": 8,
          "Actual Startup Time": 665.869,
          "Actual Total Time": 724.52,
          "Actual Rows": 7,
          "Actual Loops": 1,
          "Workers Planned": 6,
          "Workers Launched": 6,
          "Single Copy": false,
          "Plans": [
            {
              "Node Type": "Aggregate",
              "Strategy": "Plain",
              "Partial Mode": "Partial",
              "Parent Relationship": "Outer",
              "Parallel Aware": false,
              "Startup Cost": 333749.04,
              "Total Cost": 333749.05,
              "Plan Rows": 1,
              "Plan Width": 8,
              "Actual Startup Time": 656.757,
              "Actual Total Time": 656.759,
              "Actual Rows": 1,
              "Actual Loops": 7,
              "Plans": [
                {
                  "Node Type": "Seq Scan",
                  "Parent Relationship": "Outer",
                  "Parallel Aware": true,
                  "Relation Name": "cast_info",
                  "Alias": "ci",
                  "Startup Cost": 0.0,
                  "Total Cost": 328162.03,
                  "Plan Rows": 2234807,
                  "Plan Width": 0,
                  "Actual Startup Time": 0.048,
                  "Actual Total Time": 569.506,
                  "Actual Rows": 1915717,
                  "Actual Loops": 7,
                  "Filter": "(person_id < 1322213)",
                  "Rows Removed by Filter": 3262046
                }
              ]
            }
          ]
        }
      ]
    },
    "Planning Time": 0.228,
    "Triggers": [],
    "Execution Time": 724.608
  }
]