[
  {
    "Plan": {
      "Node Type": "Aggregate",
      "Strategy": "Plain",
      "Partial Mode": "Finalize",
      "Parallel Aware": false,
      "Startup Cost": 341143.51,
      "Total Cost": 341143.52,
      "Plan Rows": 1,
      "Plan Width": 8,
      "Actual Startup Time": 461.332,
      "Actual Total Time": 483.564,
      "Actual Rows": 1,
      "Actual Loops": 1,
      "Plans": [
        {
          "Node Type": "Gather",
          "Parent Relationship": "Outer",
          "Parallel Aware": false,
          "Startup Cost": 341142.89,
          "Total Cost": 341143.5,
          "Plan Rows": 6,
          "Plan Width": 8,
          "Actual Startup Time": 461.248,
          "Actual Total Time": 483.555,
          "Actual Rows": 7,
          "Actual Loops": 1,
          "Workers Planned": 6,
          "Workers Launched": 6,
          "Single Copy": false,
          "Plans": [
            {
              "Node Type": "Aggregate",
              "Strategy": "Plain",
              "Partial Mode": "Partial",
              "Parent Relationship": "Outer",
              "Parallel Aware": false,
              "Startup Cost": 340142.89,
              "Total Cost": 340142.9,
              "Plan Rows": 1,
              "Plan Width": 8,
              "Actual Startup Time": 450.353,
              "Actual Total Time": 450.354,
              "Actual Rows": 1,
              "Actual Loops": 7,
              "Plans": [
                {
                  "Node Type": "Index Scan",
                  "Parent Relationship": "Outer",
                  "Parallel Aware": true,
                  "Scan Direction": "Forward",
                  "Index Name": "role_id_cast_info",
                  "Relation Name": "cast_info",
                  "Alias": "ci",
                  "Startup Cost": 0.56,
                  "Total Cost": 335235.55,
                  "Plan Rows": 1962935,
                  "Plan Width": 0,
                  "Actual Startup Time": 59.284,
                  "Actual Total Time": 382.304,
                  "Actual Rows": 1602225,
                  "Actual Loops": 7,
                  "Index Cond": "(role_id = 1)",
                  "Rows Removed by Index Recheck": 0,
                  "Filter": "(person_id > 199648)",
                  "Rows Removed by Filter": 207874
                }
              ]
            }
          ]
        }
      ]
    },
    "Planning Time": 0.21,
    "Triggers": [],
    "Execution Time": 483.636
  }
]