{
  "Plan": {
    "Node Type": "Aggregate",
    "Strategy": "Plain",
    "Partial Mode": "Finalize",
    "Parallel Aware": false,
    "Startup Cost": 82213.32,
    "Total Cost": 82213.33,
    "Plan Rows": 1,
    "Plan Width": 8,
    "Actual Startup Time": 172.924,
    "Actual Total Time": 182.434,
    "Actual Rows": 1,
    "Actual Loops": 1,
    "Plans": [
      {
        "Node Type": "Gather",
        "Parent Relationship": "Outer",
        "Parallel Aware": false,
        "Startup Cost": 82213.21,
        "Total Cost": 82213.32,
        "Plan Rows": 1,
        "Plan Width": 8,
        "Actual Startup Time": 172.119,
        "Actual Total Time": 182.427,
        "Actual Rows": 2,
        "Actual Loops": 1,
        "Workers Planned": 1,
        "Workers Launched": 1,
        "Single Copy": false,
        "Plans": [
          {
            "Node Type": "Aggregate",
            "Strategy": "Plain",
            "Partial Mode": "Partial",
            "Parent Relationship": "Outer",
            "Parallel Aware": false,
            "Startup Cost": 81213.21,
            "Total Cost": 81213.22,
            "Plan Rows": 1,
            "Plan Width": 8,
            "Actual Startup Time": 165.932,
            "Actual Total Time": 165.936,
            "Actual Rows": 1,
            "Actual Loops": 2,
            "Plans": [
              {
                "Node Type": "Hash Join",
                "Parent Relationship": "Outer",
                "Parallel Aware": true,
                "Join Type": "Inner",
                "Startup Cost": 55956.34,
                "Total Cost": 81210.63,
                "Plan Rows": 1029,
                "Plan Width": 0,
                "Actual Startup Time": 130.719,
                "Actual Total Time": 165.526,
                "Actual Rows": 7066,
                "Actual Loops": 2,
                "Inner Unique": true,
                "Hash Cond": "(mk.movie_id = t.id)",
                "Plans": [
                  {
                    "Node Type": "Bitmap Heap Scan",
                    "Parent Relationship": "Outer",
                    "Parallel Aware": true,
                    "Relation Name": "movie_keyword",
                    "Alias": "mk",
                    "Startup Cost": 1909.55,
                    "Total Cost": 27024.96,
                    "Plan Rows": 52912,
                    "Plan Width": 4,
                    "Actual Startup Time": 7.97,
                    "Actual Total Time": 35.279,
                    "Actual Rows": 44032,
                    "Actual Loops": 2,
                    "Recheck Cond": "(keyword_id > 85457)",
                    "Rows Removed by Index Recheck": 0,
                    "Exact Heap Blocks": 10862,
                    "Lossy Heap Blocks": 0,
                    "Plans": [
                      {
                        "Node Type": "Bitmap Index Scan",
                        "Parent Relationship": "Outer",
                        "Parallel Aware": false,
                        "Index Name": "keyword_id_movie_keyword",
                        "Startup Cost": 0.0,
                        "Total Cost": 1887.06,
                        "Plan Rows": 89951,
                        "Plan Width": 0,
                        "Actual Startup Time": 5.566,
                        "Actual Total Time": 5.566,
                        "Actual Rows": 88065,
                        "Actual Loops": 1,
                        "Index Cond": "(keyword_id > 85457)"
                      }
                    ]
                  },
                  {
                    "Node Type": "Hash",
                    "Parent Relationship": "Inner",
                    "Parallel Aware": true,
                    "Startup Cost": 53685.4,
                    "Total Cost": 53685.4,
                    "Plan Rows": 28911,
                    "Plan Width": 4,
                    "Actual Startup Time": 121.346,
                    "Actual Total Time": 121.347,
                    "Actual Rows": 87199,
                    "Actual Loops": 2,
                    "Hash Buckets": 262144,
                    "Original Hash Buckets": 65536,
                    "Hash Batches": 1,
                    "Original Hash Batches": 1,
                    "Peak Memory Usage": 10432,
                    "Plans": [
                      {
                        "Node Type": "Bitmap Heap Scan",
                        "Parent Relationship": "Outer",
                        "Parallel Aware": true,
                        "Relation Name": "title",
                        "Alias": "t",
                        "Startup Cost": 11835.14,
                        "Total Cost": 53685.4,
                        "Plan Rows": 28911,
                        "Plan Width": 4,
                        "Actual Startup Time": 37.044,
                        "Actual Total Time": 98.261,
                        "Actual Rows": 87199,
                        "Actual Loops": 2,
                        "Recheck Cond": "(kind_id = 1)",
                        "Rows Removed by Index Recheck": 0,
                        "Filter": "(production_year < 1955)",
                        "Rows Removed by Filter": 244214,
                        "Exact Heap Blocks": 8713,
                        "Lossy Heap Blocks": 0,
                        "Plans": [
                          {
                            "Node Type": "Bitmap Index Scan",
                            "Parent Relationship": "Outer",
                            "Parallel Aware": false,
                            "Index Name": "kind_id_title",
                            "Startup Cost": 0.0,
                            "Total Cost": 11822.85,
                            "Plan Rows": 663256,
                            "Plan Width": 0,
                            "Actual Startup Time": 39.746,
                            "Actual Total Time": 39.746,
                            "Actual Rows": 662825,
                            "Actual Loops": 1,
                            "Index Cond": "(kind_id = 1)"
                          }
                        ]
                      }
                    ]
                  }
                ]
              }
            ]
          }
        ]
      }
    ]
  },
  "Planning Time": 0.483,
  "Triggers": [],
  "Execution Time": 182.541
}