{
    "Plan": {
        "Node Type": "Aggregate",
        "Strategy": "Plain",
        "Partial Mode": "Finalize",
        "Parallel Aware": false,
        "Startup Cost": 448816.24,
        "Total Cost": 448816.25,
        "Plan Rows": 1,
        "Plan Width": 8,
        "Actual Startup Time": 3254.572,
        "Actual Total Time": 3303.878,
        "Actual Rows": 1,
        "Actual Loops": 1,
        "Output": [
            "count(*)"
        ],
        "Plans": [
            {
                "Node Type": "Gather",
                "Parent Relationship": "Outer",
                "Parallel Aware": false,
                "Startup Cost": 448815.62,
                "Total Cost": 448816.23,
                "Plan Rows": 6,
                "Plan Width": 8,
                "Actual Startup Time": 3212.271,
                "Actual Total Time": 3303.868,
                "Actual Rows": 7,
                "Actual Loops": 1,
                "Output": [
                    "(PARTIAL count(*))"
                ],
                "Workers Planned": 6,
                "Workers Launched": 6,
                "Single Copy": false,
                "Plans": [
                    {
                        "Node Type": "Aggregate",
                        "Strategy": "Plain",
                        "Partial Mode": "Partial",
                        "Parent Relationship": "Outer",
                        "Parallel Aware": false,
                        "Startup Cost": 447815.62,
                        "Total Cost": 447815.63,
                        "Plan Rows": 1,
                        "Plan Width": 8,
                        "Actual Startup Time": 3187.592,
                        "Actual Total Time": 3187.597,
                        "Actual Rows": 1,
                        "Actual Loops": 7,
                        "Output": [
                            "PARTIAL count(*)"
                        ],
                        "Workers": [
                            {
                                "Worker Number": 0,
                                "Actual Startup Time": 3183.616,
                                "Actual Total Time": 3183.62,
                                "Actual Rows": 1,
                                "Actual Loops": 1
                            },
                            {
                                "Worker Number": 1,
                                "Actual Startup Time": 3183.573,
                                "Actual Total Time": 3183.578,
                                "Actual Rows": 1,
                                "Actual Loops": 1
                            },
                            {
                                "Worker Number": 2,
                                "Actual Startup Time": 3183.627,
                                "Actual Total Time": 3183.632,
                                "Actual Rows": 1,
                                "Actual Loops": 1
                            },
                            {
                                "Worker Number": 3,
                                "Actual Startup Time": 3183.747,
                                "Actual Total Time": 3183.752,
                                "Actual Rows": 1,
                                "Actual Loops": 1
                            },
                            {
                                "Worker Number": 4,
                                "Actual Startup Time": 3183.556,
                                "Actual Total Time": 3183.561,
                                "Actual Rows": 1,
                                "Actual Loops": 1
                            },
                            {
                                "Worker Number": 5,
                                "Actual Startup Time": 3183.737,
                                "Actual Total Time": 3183.742,
                                "Actual Rows": 1,
                                "Actual Loops": 1
                            }
                        ],
                        "Plans": [
                            {
                                "Node Type": "Hash Join",
                                "Parent Relationship": "Outer",
                                "Parallel Aware": true,
                                "Join Type": "Inner",
                                "Startup Cost": 90156.38,
                                "Total Cost": 439950.59,
                                "Plan Rows": 3146011,
                                "Plan Width": 0,
                                "Actual Startup Time": 871.591,
                                "Actual Total Time": 2924.371,
                                "Actual Rows": 5794197,
                                "Actual Loops": 7,
                                "Inner Unique": false,
                                "Hash Cond": "(ci.movie_id = t.id)",
                                "Workers": [
                                    {
                                        "Worker Number": 0,
                                        "Actual Startup Time": 868.001,
                                        "Actual Total Time": 2911.935,
                                        "Actual Rows": 5778224,
                                        "Actual Loops": 1
                                    },
                                    {
                                        "Worker Number": 1,
                                        "Actual Startup Time": 868.004,
                                        "Actual Total Time": 2912.961,
                                        "Actual Rows": 5705822,
                                        "Actual Loops": 1
                                    },
                                    {
                                        "Worker Number": 2,
                                        "Actual Startup Time": 867.941,
                                        "Actual Total Time": 2948.491,
                                        "Actual Rows": 6041955,
                                        "Actual Loops": 1
                                    },
                                    {
                                        "Worker Number": 3,
                                        "Actual Startup Time": 868.105,
                                        "Actual Total Time": 2930.941,
                                        "Actual Rows": 6623548,
                                        "Actual Loops": 1
                                    },
                                    {
                                        "Worker Number": 4,
                                        "Actual Startup Time": 867.904,
                                        "Actual Total Time": 2913.393,
                                        "Actual Rows": 4649398,
                                        "Actual Loops": 1
                                    },
                                    {
                                        "Worker Number": 5,
                                        "Actual Startup Time": 868.128,
                                        "Actual Total Time": 2910.493,
                                        "Actual Rows": 5015885,
                                        "Actual Loops": 1
                                    }
                                ],
                                "Plans": [
                                    {
                                        "Node Type": "Seq Scan",
                                        "Parent Relationship": "Outer",
                                        "Parallel Aware": true,
                                        "Relation Name": "cast_info",
                                        "Schema": "public",
                                        "Alias": "ci",
                                        "Startup Cost": 0.0,
                                        "Total Cost": 328213.62,
                                        "Plan Rows": 3048576,
                                        "Plan Width": 4,
                                        "Actual Startup Time": 197.033,
                                        "Actual Total Time": 639.478,
                                        "Actual Rows": 2625537,
                                        "Actual Loops": 7,
                                        "Output": [
                                            "ci.id",
                                            "ci.person_id",
                                            "ci.movie_id",
                                            "ci.person_role_id",
                                            "ci.note",
                                            "ci.nr_order",
                                            "ci.role_id"
                                        ],
                                        "Filter": "(ci.person_id > 1770524)",
                                        "Rows Removed by Filter": 2552226,
                                        "Workers": [
                                            {
                                                "Worker Number": 0,
                                                "Actual Startup Time": 197.052,
                                                "Actual Total Time": 659.778,
                                                "Actual Rows": 2575482,
                                                "Actual Loops": 1
                                            },
                                            {
                                                "Worker Number": 1,
                                                "Actual Startup Time": 196.975,
                                                "Actual Total Time": 657.725,
                                                "Actual Rows": 2538140,
                                                "Actual Loops": 1
                                            },
                                            {
                                                "Worker Number": 2,
                                                "Actual Startup Time": 197.039,
                                                "Actual Total Time": 632.312,
                                                "Actual Rows": 2765744,
                                                "Actual Loops": 1
                                            },
                                            {
                                                "Worker Number": 3,
                                                "Actual Startup Time": 197.067,
                                                "Actual Total Time": 638.131,
                                                "Actual Rows": 3056929,
                                                "Actual Loops": 1
                                            },
                                            {
                                                "Worker Number": 4,
                                                "Actual Startup Time": 197.027,
                                                "Actual Total Time": 661.258,
                                                "Actual Rows": 2080065,
                                                "Actual Loops": 1
                                            },
                                            {
                                                "Worker Number": 5,
                                                "Actual Startup Time": 197.043,
                                                "Actual Total Time": 667.102,
                                                "Actual Rows": 2208516,
                                                "Actual Loops": 1
                                            }
                                        ]
                                    },
                                    {
                                        "Node Type": "Hash",
                                        "Parent Relationship": "Inner",
                                        "Parallel Aware": true,
                                        "Startup Cost": 79635.69,
                                        "Total Cost": 79635.69,
                                        "Plan Rows": 841655,
                                        "Plan Width": 8,
                                        "Actual Startup Time": 667.742,
                                        "Actual Total Time": 667.746,
                                        "Actual Rows": 372733,
                                        "Actual Loops": 7,
                                        "Output": [
                                            "t.id",
                                            "mc.movie_id"
                                        ],
                                        "Hash Buckets": 4194304,
                                        "Original Hash Buckets": 4194304,
                                        "Hash Batches": 1,
                                        "Original Hash Batches": 1,
                                        "Peak Memory Usage": 135008,
                                        "Workers": [
                                            {
                                                "Worker Number": 0,
                                                "Actual Startup Time": 670.336,
                                                "Actual Total Time": 670.339,
                                                "Actual Rows": 333309,
                                                "Actual Loops": 1
                                            },
                                            {
                                                "Worker Number": 1,
                                                "Actual Startup Time": 670.205,
                                                "Actual Total Time": 670.208,
                                                "Actual Rows": 330603,
                                                "Actual Loops": 1
                                            },
                                            {
                                                "Worker Number": 2,
                                                "Actual Startup Time": 670.231,
                                                "Actual Total Time": 670.234,
                                                "Actual Rows": 405832,
                                                "Actual Loops": 1
                                            },
                                            {
                                                "Worker Number": 3,
                                                "Actual Startup Time": 670.378,
                                                "Actual Total Time": 670.382,
                                                "Actual Rows": 450983,
                                                "Actual Loops": 1
                                            },
                                            {
                                                "Worker Number": 4,
                                                "Actual Startup Time": 670.206,
                                                "Actual Total Time": 670.209,
                                                "Actual Rows": 305238,
                                                "Actual Loops": 1
                                            },
                                            {
                                                "Worker Number": 5,
                                                "Actual Startup Time": 670.42,
                                                "Actual Total Time": 670.423,
                                                "Actual Rows": 314280,
                                                "Actual Loops": 1
                                            }
                                        ],
                                        "Plans": [
                                            {
                                                "Node Type": "Hash Join",
                                                "Parent Relationship": "Outer",
                                                "Parallel Aware": true,
                                                "Join Type": "Inner",
                                                "Startup Cost": 50219.81,
                                                "Total Cost": 79635.69,
                                                "Plan Rows": 841655,
                                                "Plan Width": 8,
                                                "Actual Startup Time": 279.049,
                                                "Actual Total Time": 494.055,
                                                "Actual Rows": 372733,
                                                "Actual Loops": 7,
                                                "Output": [
                                                    "t.id",
                                                    "mc.movie_id"
                                                ],
                                                "Inner Unique": true,
                                                "Hash Cond": "(mc.movie_id = t.id)",
                                                "Workers": [
                                                    {
                                                        "Worker Number": 0,
                                                        "Actual Startup Time": 279.113,
                                                        "Actual Total Time": 493.594,
                                                        "Actual Rows": 333309,
                                                        "Actual Loops": 1
                                                    },
                                                    {
                                                        "Worker Number": 1,
                                                        "Actual Startup Time": 279.079,
                                                        "Actual Total Time": 495.626,
                                                        "Actual Rows": 330603,
                                                        "Actual Loops": 1
                                                    },
                                                    {
                                                        "Worker Number": 2,
                                                        "Actual Startup Time": 279.033,
                                                        "Actual Total Time": 494.661,
                                                        "Actual Rows": 405832,
                                                        "Actual Loops": 1
                                                    },
                                                    {
                                                        "Worker Number": 3,
                                                        "Actual Startup Time": 279.018,
                                                        "Actual Total Time": 493.492,
                                                        "Actual Rows": 450983,
                                                        "Actual Loops": 1
                                                    },
                                                    {
                                                        "Worker Number": 4,
                                                        "Actual Startup Time": 279.028,
                                                        "Actual Total Time": 494.756,
                                                        "Actual Rows": 305238,
                                                        "Actual Loops": 1
                                                    },
                                                    {
                                                        "Worker Number": 5,
                                                        "Actual Startup Time": 279.034,
                                                        "Actual Total Time": 494.761,
                                                        "Actual Rows": 314280,
                                                        "Actual Loops": 1
                                                    }
                                                ],
                                                "Plans": [
                                                    {
                                                        "Node Type": "Seq Scan",
                                                        "Parent Relationship": "Outer",
                                                        "Parallel Aware": true,
                                                        "Relation Name": "movie_companies",
                                                        "Schema": "public",
                                                        "Alias": "mc",
                                                        "Startup Cost": 0.0,
                                                        "Total Cost": 27206.55,
                                                        "Plan Rows": 841655,
                                                        "Plan Width": 4,
                                                        "Actual Startup Time": 0.028,
                                                        "Actual Total Time": 48.094,
                                                        "Actual Rows": 372733,
                                                        "Actual Loops": 7,
                                                        "Output": [
                                                            "mc.id",
                                                            "mc.movie_id",
                                                            "mc.company_id",
                                                            "mc.company_type_id",
                                                            "mc.note"
                                                        ],
                                                        "Workers": [
                                                            {
                                                                "Worker Number": 0,
                                                                "Actual Startup Time": 0.029,
                                                                "Actual Total Time": 51.691,
                                                                "Actual Rows": 333309,
                                                                "Actual Loops": 1
                                                            },
                                                            {
                                                                "Worker Number": 1,
                                                                "Actual Startup Time": 0.037,
                                                                "Actual Total Time": 51.473,
                                                                "Actual Rows": 330603,
                                                                "Actual Loops": 1
                                                            },
                                                            {
                                                                "Worker Number": 2,
                                                                "Actual Startup Time": 0.026,
                                                                "Actual Total Time": 46.665,
                                                                "Actual Rows": 405832,
                                                                "Actual Loops": 1
                                                            },
                                                            {
                                                                "Worker Number": 3,
                                                                "Actual Startup Time": 0.026,
                                                                "Actual Total Time": 47.02,
                                                                "Actual Rows": 450983,
                                                                "Actual Loops": 1
                                                            },
                                                            {
                                                                "Worker Number": 4,
                                                                "Actual Startup Time": 0.037,
                                                                "Actual Total Time": 50.989,
                                                                "Actual Rows": 305238,
                                                                "Actual Loops": 1
                                                            },
                                                            {
                                                                "Worker Number": 5,
                                                                "Actual Startup Time": 0.028,
                                                                "Actual Total Time": 51.459,
                                                                "Actual Rows": 314280,
                                                                "Actual Loops": 1
                                                            }
                                                        ]
                                                    },
                                                    {
                                                        "Node Type": "Hash",
                                                        "Parent Relationship": "Inner",
                                                        "Parallel Aware": true,
                                                        "Startup Cost": 42318.81,
                                                        "Total Cost": 42318.81,
                                                        "Plan Rows": 632080,
                                                        "Plan Width": 4,
                                                        "Actual Startup Time": 275.26,
                                                        "Actual Total Time": 275.261,
                                                        "Actual Rows": 361187,
                                                        "Actual Loops": 7,
                                                        "Output": [
                                                            "t.id"
                                                        ],
                                                        "Hash Buckets": 4194304,
                                                        "Original Hash Buckets": 4194304,
                                                        "Hash Batches": 1,
                                                        "Original Hash Batches": 1,
                                                        "Peak Memory Usage": 131776,
                                                        "Workers": [
                                                            {
                                                                "Worker Number": 0,
                                                                "Actual Startup Time": 278.786,
                                                                "Actual Total Time": 278.787,
                                                                "Actual Rows": 308781,
                                                                "Actual Loops": 1
                                                            },
                                                            {
                                                                "Worker Number": 1,
                                                                "Actual Startup Time": 278.764,
                                                                "Actual Total Time": 278.765,
                                                                "Actual Rows": 310445,
                                                                "Actual Loops": 1
                                                            },
                                                            {
                                                                "Worker Number": 2,
                                                                "Actual Startup Time": 278.713,
                                                                "Actual Total Time": 278.714,
                                                                "Actual Rows": 373732,
                                                                "Actual Loops": 1
                                                            },
                                                            {
                                                                "Worker Number": 3,
                                                                "Actual Startup Time": 278.724,
                                                                "Actual Total Time": 278.725,
                                                                "Actual Rows": 402075,
                                                                "Actual Loops": 1
                                                            },
                                                            {
                                                                "Worker Number": 4,
                                                                "Actual Startup Time": 278.696,
                                                                "Actual Total Time": 278.697,
                                                                "Actual Rows": 290751,
                                                                "Actual Loops": 1
                                                            },
                                                            {
                                                                "Worker Number": 5,
                                                                "Actual Startup Time": 278.708,
                                                                "Actual Total Time": 278.709,
                                                                "Actual Rows": 299198,
                                                                "Actual Loops": 1
                                                            }
                                                        ],
                                                        "Plans": [
                                                            {
                                                                "Node Type": "Seq Scan",
                                                                "Parent Relationship": "Outer",
                                                                "Parallel Aware": true,
                                                                "Relation Name": "title",
                                                                "Schema": "public",
                                                                "Alias": "t",
                                                                "Startup Cost": 0.0,
                                                                "Total Cost": 42318.81,
                                                                "Plan Rows": 632080,
                                                                "Plan Width": 4,
                                                                "Actual Startup Time": 0.065,
                                                                "Actual Total Time": 77.248,
                                                                "Actual Rows": 361187,
                                                                "Actual Loops": 7,
                                                                "Output": [
                                                                    "t.id"
                                                                ],
                                                                "Workers": [
                                                                    {
                                                                        "Worker Number": 0,
                                                                        "Actual Startup Time": 0.075,
                                                                        "Actual Total Time": 81.387,
                                                                        "Actual Rows": 308781,
                                                                        "Actual Loops": 1
                                                                    },
                                                                    {
                                                                        "Worker Number": 1,
                                                                        "Actual Startup Time": 0.073,
                                                                        "Actual Total Time": 81.923,
                                                                        "Actual Rows": 310445,
                                                                        "Actual Loops": 1
                                                                    },
                                                                    {
                                                                        "Worker Number": 2,
                                                                        "Actual Startup Time": 0.066,
                                                                        "Actual Total Time": 77.446,
                                                                        "Actual Rows": 373732,
                                                                        "Actual Loops": 1
                                                                    },
                                                                    {
                                                                        "Worker Number": 3,
                                                                        "Actual Startup Time": 0.074,
                                                                        "Actual Total Time": 77.467,
                                                                        "Actual Rows": 402075,
                                                                        "Actual Loops": 1
                                                                    },
                                                                    {
                                                                        "Worker Number": 4,
                                                                        "Actual Startup Time": 0.089,
                                                                        "Actual Total Time": 80.661,
                                                                        "Actual Rows": 290751,
                                                                        "Actual Loops": 1
                                                                    },
                                                                    {
                                                                        "Worker Number": 5,
                                                                        "Actual Startup Time": 0.06,
                                                                        "Actual Total Time": 81.287,
                                                                        "Actual Rows": 299198,
                                                                        "Actual Loops": 1
                                                                    }
                                                                ]
                                                            }
                                                        ]
                                                    }
                                                ]
                                            }
                                        ]
                                    }
                                ]
                            }
                        ]
                    }
                ]
            }
        ]
    },
    "Planning Time": 1.514,
    "Triggers": [],
    "Execution Time": 3303.966
}