[
  {
    "Plan": {
      "Node Type": "Aggregate",
      "Strategy": "Plain",
      "Partial Mode": "Finalize",
      "Parallel Aware": false,
      "Startup Cost": 91137.43,
      "Total Cost": 91137.44,
      "Plan Rows": 1,
      "Plan Width": 8,
      "Actual Startup Time": 265.249,
      "Actual Total Time": 283.768,
      "Actual Rows": 1,
      "Actual Loops": 1,
      "Plans": [
        {
          "Node Type": "Gather",
          "Parent Relationship": "Outer",
          "Parallel Aware": false,
          "Startup Cost": 91137.11,
          "Total Cost": 91137.42,
          "Plan Rows": 3,
          "Plan Width": 8,
          "Actual Startup Time": 264.832,
          "Actual Total Time": 283.744,
          "Actual Rows": 4,
          "Actual Loops": 1,
          "Workers Planned": 3,
          "Workers Launched": 3,
          "Single Copy": false,
          "Plans": [
            {
              "Node Type": "Aggregate",
              "Strategy": "Plain",
              "Partial Mode": "Partial",
              "Parent Relationship": "Outer",
              "Parallel Aware": false,
              "Startup Cost": 90137.11,
              "Total Cost": 90137.12,
              "Plan Rows": 1,
              "Plan Width": 8,
              "Actual Startup Time": 256.037,
              "Actual Total Time": 256.041,
              "Actual Rows": 1,
              "Actual Loops": 4,
              "Plans": [
                {
                  "Node Type": "Hash Join",
                  "Parent Relationship": "Outer",
                  "Parallel Aware": true,
                  "Join Type": "Inner",
                  "Startup Cost": 45674.74,
                  "Total Cost": 90096.51,
                  "Plan Rows": 16240,
                  "Plan Width": 0,
                  "Actual Startup Time": 108.44,
                  "Actual Total Time": 255.508,
                  "Actual Rows": 9315,
                  "Actual Loops": 4,
                  "Inner Unique": true,
                  "Hash Cond": "(mk.movie_id = t.id)",
                  "Plans": [
                    {
                      "Node Type": "Seq Scan",
                      "Parent Relationship": "Outer",
                      "Parallel Aware": true,
                      "Relation Name": "movie_keyword",
                      "Alias": "mk",
                      "Startup Cost": 0.0,
                      "Total Cost": 42695.65,
                      "Plan Rows": 657571,
                      "Plan Width": 4,
                      "Actual Startup Time": 0.4,
                      "Actual Total Time": 106.326,
                      "Actual Rows": 505367,
                      "Actual Loops": 4,
                      "Filter": "(keyword_id > 6120)",
                      "Rows Removed by Filter": 625616
                    },
                    {
                      "Node Type": "Hash",
                      "Parent Relationship": "Inner",
                      "Parallel Aware": true,
                      "Startup Cost": 45479.59,
                      "Total Cost": 45479.59,
                      "Plan Rows": 15612,
                      "Plan Width": 4,
                      "Actual Startup Time": 107.196,
                      "Actual Total Time": 107.198,
                      "Actual Rows": 13476,
                      "Actual Loops": 4,
                      "Hash Buckets": 65536,
                      "Original Hash Buckets": 65536,
                      "Hash Batches": 1,
                      "Original Hash Batches": 1,
                      "Peak Memory Usage": 2688,
                      "Plans": [
                        {
                          "Node Type": "Seq Scan",
                          "Parent Relationship": "Outer",
                          "Parallel Aware": true,
                          "Relation Name": "title",
                          "Alias": "t",
                          "Startup Cost": 0.0,
                          "Total Cost": 45479.59,
                          "Plan Rows": 15612,
                          "Plan Width": 4,
                          "Actual Startup Time": 0.164,
                          "Actual Total Time": 101.69,
                          "Actual Rows": 13476,
                          "Actual Loops": 4,
                          "Filter": "((kind_id < 7) AND (production_year = 2012))",
                          "Rows Removed by Filter": 618602
                        }
                      ]
                    }
                  ]
                }
              ]
            }
          ]
        }
      ]
    },
    "Planning Time": 0.539,
    "Triggers": [],
    "Execution Time": 283.815
  }
]