[
  {
    "Plan": {
      "Node Type": "Aggregate",
      "Strategy": "Plain",
      "Partial Mode": "Finalize",
      "Parallel Aware": false,
      "Startup Cost": 46801.99,
      "Total Cost": 46802.0,
      "Plan Rows": 1,
      "Plan Width": 8,
      "Actual Startup Time": 165.555,
      "Actual Total Time": 174.141,
      "Actual Rows": 1,
      "Actual Loops": 1,
      "Plans": [
        {
          "Node Type": "Gather",
          "Parent Relationship": "Outer",
          "Parallel Aware": false,
          "Startup Cost": 46801.67,
          "Total Cost": 46801.98,
          "Plan Rows": 3,
          "Plan Width": 8,
          "Actual Startup Time": 165.368,
          "Actual Total Time": 174.133,
          "Actual Rows": 4,
          "Actual Loops": 1,
          "Workers Planned": 3,
          "Workers Launched": 3,
          "Single Copy": false,
          "Plans": [
            {
              "Node Type": "Aggregate",
              "Strategy": "Plain",
              "Partial Mode": "Partial",
              "Parent Relationship": "Outer",
              "Parallel Aware": false,
              "Startup Cost": 45801.67,
              "Total Cost": 45801.68,
              "Plan Rows": 1,
              "Plan Width": 8,
              "Actual Startup Time": 160.204,
              "Actual Total Time": 160.205,
              "Actual Rows": 1,
              "Actual Loops": 4,
              "Plans": [
                {
                  "Node Type": "Seq Scan",
                  "Parent Relationship": "Outer",
                  "Parallel Aware": true,
                  "Relation Name": "movie_keyword",
                  "Alias": "mk",
                  "Startup Cost": 0.0,
                  "Total Cost": 42695.65,
                  "Plan Rows": 1242407,
                  "Plan Width": 0,
                  "Actual Startup Time": 0.093,
                  "Actual Total Time": 117.704,
                  "Actual Rows": 961048,
                  "Actual Loops": 4,
                  "Filter": "(keyword_id > 555)",
                  "Rows Removed by Filter": 169934
                }
              ]
            }
          ]
        }
      ]
    },
    "Planning Time": 0.145,
    "Triggers": [],
    "Execution Time": 174.188
  }
]