{
  "Plan": {
    "Node Type": "Aggregate",
    "Strategy": "Plain",
    "Partial Mode": "Finalize",
    "Parallel Aware": false,
    "Startup Cost": 164977.51,
    "Total Cost": 164977.52,
    "Plan Rows": 1,
    "Plan Width": 8,
    "Actual Startup Time": 737.257,
    "Actual Total Time": 750.772,
    "Actual Rows": 1,
    "Actual Loops": 1,
    "Plans": [
      {
        "Node Type": "Gather",
        "Parent Relationship": "Outer",
        "Parallel Aware": false,
        "Startup Cost": 164977.4,
        "Total Cost": 164977.51,
        "Plan Rows": 1,
        "Plan Width": 8,
        "Actual Startup Time": 736.308,
        "Actual Total Time": 750.763,
        "Actual Rows": 2,
        "Actual Loops": 1,
        "Workers Planned": 1,
        "Workers Launched": 1,
        "Single Copy": false,
        "Plans": [
          {
            "Node Type": "Aggregate",
            "Strategy": "Plain",
            "Partial Mode": "Partial",
            "Parent Relationship": "Outer",
            "Parallel Aware": false,
            "Startup Cost": 163977.4,
            "Total Cost": 163977.41,
            "Plan Rows": 1,
            "Plan Width": 8,
            "Actual Startup Time": 730.003,
            "Actual Total Time": 730.01,
            "Actual Rows": 1,
            "Actual Loops": 2,
            "Plans": [
              {
                "Node Type": "Hash Join",
                "Parent Relationship": "Outer",
                "Parallel Aware": true,
                "Join Type": "Inner",
                "Startup Cost": 95976.75,
                "Total Cost": 163733.59,
                "Plan Rows": 97523,
                "Plan Width": 0,
                "Actual Startup Time": 380.391,
                "Actual Total Time": 697.363,
                "Actual Rows": 850110,
                "Actual Loops": 2,
                "Inner Unique": false,
                "Hash Cond": "(mk.movie_id = t.id)",
                "Plans": [
                  {
                    "Node Type": "Seq Scan",
                    "Parent Relationship": "Outer",
                    "Parallel Aware": true,
                    "Relation Name": "movie_keyword",
                    "Alias": "mk",
                    "Startup Cost": 0.0,
                    "Total Cost": 57718.19,
                    "Plan Rows": 2523998,
                    "Plan Width": 4,
                    "Actual Startup Time": 0.014,
                    "Actual Total Time": 200.144,
                    "Actual Rows": 2151050,
                    "Actual Loops": 2,
                    "Filter": "(keyword_id < 64380)",
                    "Rows Removed by Filter": 110916
                  },
                  {
                    "Node Type": "Hash",
                    "Parent Relationship": "Inner",
                    "Parallel Aware": true,
                    "Startup Cost": 95258.45,
                    "Total Cost": 95258.45,
                    "Plan Rows": 57464,
                    "Plan Width": 8,
                    "Actual Startup Time": 315.393,
                    "Actual Total Time": 315.398,
                    "Actual Rows": 18333,
                    "Actual Loops": 2,
                    "Hash Buckets": 131072,
                    "Original Hash Buckets": 131072,
                    "Hash Batches": 1,
                    "Original Hash Batches": 1,
                    "Peak Memory Usage": 2496,
                    "Plans": [
                      {
                        "Node Type": "Hash Join",
                        "Parent Relationship": "Outer",
                        "Parallel Aware": true,
                        "Join Type": "Inner",
                        "Startup Cost": 56077.95,
                        "Total Cost": 95258.45,
                        "Plan Rows": 57464,
                        "Plan Width": 8,
                        "Actual Startup Time": 191.264,
                        "Actual Total Time": 310.473,
                        "Actual Rows": 18333,
                        "Actual Loops": 2,
                        "Inner Unique": true,
                        "Hash Cond": "(mc.movie_id = t.id)",
                        "Plans": [
                          {
                            "Node Type": "Seq Scan",
                            "Parent Relationship": "Outer",
                            "Parallel Aware": true,
                            "Relation Name": "movie_companies",
                            "Alias": "mc",
                            "Startup Cost": 0.0,
                            "Total Cost": 37974.77,
                            "Plan Rows": 459326,
                            "Plan Width": 4,
                            "Actual Startup Time": 0.017,
                            "Actual Total Time": 104.157,
                            "Actual Rows": 385268,
                            "Actual Loops": 2,
                            "Filter": "(company_id < 1639)",
                            "Rows Removed by Filter": 919296
                          },
                          {
                            "Node Type": "Hash",
                            "Parent Relationship": "Inner",
                            "Parallel Aware": true,
                            "Startup Cost": 53752.18,
                            "Total Cost": 53752.18,
                            "Plan Rows": 186061,
                            "Plan Width": 4,
                            "Actual Startup Time": 140.347,
                            "Actual Total Time": 140.349,
                            "Actual Rows": 122394,
                            "Actual Loops": 2,
                            "Hash Buckets": 524288,
                            "Original Hash Buckets": 524288,
                            "Hash Batches": 1,
                            "Original Hash Batches": 1,
                            "Peak Memory Usage": 13696,
                            "Plans": [
                              {
                                "Node Type": "Bitmap Heap Scan",
                                "Parent Relationship": "Outer",
                                "Parallel Aware": true,
                                "Relation Name": "title",
                                "Alias": "t",
                                "Startup Cost": 11901.93,
                                "Total Cost": 53752.18,
                                "Plan Rows": 186061,
                                "Plan Width": 4,
                                "Actual Startup Time": 34.13,
                                "Actual Total Time": 105.004,
                                "Actual Rows": 122394,
                                "Actual Loops": 2,
                                "Recheck Cond": "(kind_id = 1)",
                                "Rows Removed by Index Recheck": 0,
                                "Filter": "(production_year > 2003)",
                                "Rows Removed by Filter": 209018,
                                "Exact Heap Blocks": 9011,
                                "Lossy Heap Blocks": 0,
                                "Plans": [
                                  {
                                    "Node Type": "Bitmap Index Scan",
                                    "Parent Relationship": "Outer",
                                    "Parallel Aware": false,
                                    "Index Name": "kind_id_title",
                                    "Startup Cost": 0.0,
                                    "Total Cost": 11822.85,
                                    "Plan Rows": 663256,
                                    "Plan Width": 0,
                                    "Actual Startup Time": 32.259,
                                    "Actual Total Time": 32.26,
                                    "Actual Rows": 662825,
                                    "Actual Loops": 1,
                                    "Index Cond": "(kind_id = 1)"
                                  }
                                ]
                              }
                            ]
                          }
                        ]
                      }
                    ]
                  }
                ]
              }
            ]
          }
        ]
      }
    ]
  },
  "Planning Time": 0.983,
  "Triggers": [],
  "Execution Time": 750.873
}