{
  "Plan": {
    "Node Type": "Aggregate",
    "Strategy": "Plain",
    "Partial Mode": "Finalize",
    "Parallel Aware": false,
    "Startup Cost": 84164.91,
    "Total Cost": 84164.92,
    "Plan Rows": 1,
    "Plan Width": 8,
    "Actual Startup Time": 186.196,
    "Actual Total Time": 199.071,
    "Actual Rows": 1,
    "Actual Loops": 1,
    "Plans": [
      {
        "Node Type": "Gather",
        "Parent Relationship": "Outer",
        "Parallel Aware": false,
        "Startup Cost": 84164.8,
        "Total Cost": 84164.91,
        "Plan Rows": 1,
        "Plan Width": 8,
        "Actual Startup Time": 185.731,
        "Actual Total Time": 199.064,
        "Actual Rows": 2,
        "Actual Loops": 1,
        "Workers Planned": 1,
        "Workers Launched": 1,
        "Single Copy": false,
        "Plans": [
          {
            "Node Type": "Aggregate",
            "Strategy": "Plain",
            "Partial Mode": "Partial",
            "Parent Relationship": "Outer",
            "Parallel Aware": false,
            "Startup Cost": 83164.8,
            "Total Cost": 83164.81,
            "Plan Rows": 1,
            "Plan Width": 8,
            "Actual Startup Time": 179.707,
            "Actual Total Time": 179.71,
            "Actual Rows": 1,
            "Actual Loops": 2,
            "Plans": [
              {
                "Node Type": "Nested Loop",
                "Parent Relationship": "Outer",
                "Parallel Aware": false,
                "Join Type": "Inner",
                "Startup Cost": 56357.74,
                "Total Cost": 83164.28,
                "Plan Rows": 209,
                "Plan Width": 0,
                "Actual Startup Time": 154.23,
                "Actual Total Time": 179.667,
                "Actual Rows": 300,
                "Actual Loops": 2,
                "Inner Unique": false,
                "Plans": [
                  {
                    "Node Type": "Hash Join",
                    "Parent Relationship": "Outer",
                    "Parallel Aware": true,
                    "Join Type": "Inner",
                    "Startup Cost": 56357.31,
                    "Total Cost": 82045.84,
                    "Plan Rows": 1164,
                    "Plan Width": 8,
                    "Actual Startup Time": 153.829,
                    "Actual Total Time": 175.795,
                    "Actual Rows": 366,
                    "Actual Loops": 2,
                    "Inner Unique": true,
                    "Hash Cond": "(mk.movie_id = t.id)",
                    "Plans": [
                      {
                        "Node Type": "Bitmap Heap Scan",
                        "Parent Relationship": "Outer",
                        "Parallel Aware": true,
                        "Relation Name": "movie_keyword",
                        "Alias": "mk",
                        "Startup Cost": 869.14,
                        "Total Cost": 26494.58,
                        "Plan Rows": 24039,
                        "Plan Width": 4,
                        "Actual Startup Time": 4.976,
                        "Actual Total Time": 21.563,
                        "Actual Rows": 20920,
                        "Actual Loops": 2,
                        "Recheck Cond": "(keyword_id = 117)",
                        "Rows Removed by Index Recheck": 0,
                        "Exact Heap Blocks": 8195,
                        "Lossy Heap Blocks": 0,
                        "Plans": [
                          {
                            "Node Type": "Bitmap Index Scan",
                            "Parent Relationship": "Outer",
                            "Parallel Aware": false,
                            "Index Name": "keyword_id_movie_keyword",
                            "Startup Cost": 0.0,
                            "Total Cost": 858.93,
                            "Plan Rows": 40866,
                            "Plan Width": 0,
                            "Actual Startup Time": 3.425,
                            "Actual Total Time": 3.425,
                            "Actual Rows": 41840,
                            "Actual Loops": 1,
                            "Index Cond": "(keyword_id = 117)"
                          }
                        ]
                      },
                      {
                        "Node Type": "Hash",
                        "Parent Relationship": "Inner",
                        "Parallel Aware": true,
                        "Startup Cost": 54588.39,
                        "Total Cost": 54588.39,
                        "Plan Rows": 71982,
                        "Plan Width": 4,
                        "Actual Startup Time": 146.409,
                        "Actual Total Time": 146.409,
                        "Actual Rows": 61430,
                        "Actual Loops": 2,
                        "Hash Buckets": 131072,
                        "Original Hash Buckets": 131072,
                        "Hash Batches": 1,
                        "Original Hash Batches": 1,
                        "Peak Memory Usage": 5856,
                        "Plans": [
                          {
                            "Node Type": "Seq Scan",
                            "Parent Relationship": "Outer",
                            "Parallel Aware": true,
                            "Relation Name": "title",
                            "Alias": "t",
                            "Startup Cost": 0.0,
                            "Total Cost": 54588.39,
                            "Plan Rows": 71982,
                            "Plan Width": 4,
                            "Actual Startup Time": 0.028,
                            "Actual Total Time": 130.405,
                            "Actual Rows": 61430,
                            "Actual Loops": 2,
                            "Filter": "(production_year = 2008)",
                            "Rows Removed by Filter": 1202726
                          }
                        ]
                      }
                    ]
                  },
                  {
                    "Node Type": "Index Scan",
                    "Parent Relationship": "Inner",
                    "Parallel Aware": false,
                    "Scan Direction": "Forward",
                    "Index Name": "movie_id_movie_info_idx",
                    "Relation Name": "movie_info_idx",
                    "Alias": "mi_idx",
                    "Startup Cost": 0.43,
                    "Total Cost": 0.95,
                    "Plan Rows": 1,
                    "Plan Width": 4,
                    "Actual Startup Time": 0.01,
                    "Actual Total Time": 0.01,
                    "Actual Rows": 1,
                    "Actual Loops": 733,
                    "Index Cond": "(movie_id = t.id)",
                    "Rows Removed by Index Recheck": 0,
                    "Filter": "(info_type_id < 100)",
                    "Rows Removed by Filter": 2
                  }
                ]
              }
            ]
          }
        ]
      }
    ]
  },
  "Planning Time": 0.999,
  "Triggers": [],
  "Execution Time": 199.175
}