[
  {
    "Plan": {
      "Node Type": "Aggregate",
      "Strategy": "Plain",
      "Partial Mode": "Finalize",
      "Parallel Aware": false,
      "Startup Cost": 45554.47,
      "Total Cost": 45554.48,
      "Plan Rows": 1,
      "Plan Width": 8,
      "Actual Startup Time": 141.175,
      "Actual Total Time": 150.547,
      "Actual Rows": 1,
      "Actual Loops": 1,
      "Plans": [
        {
          "Node Type": "Gather",
          "Parent Relationship": "Outer",
          "Parallel Aware": false,
          "Startup Cost": 45554.15,
          "Total Cost": 45554.46,
          "Plan Rows": 3,
          "Plan Width": 8,
          "Actual Startup Time": 140.989,
          "Actual Total Time": 150.535,
          "Actual Rows": 4,
          "Actual Loops": 1,
          "Workers Planned": 3,
          "Workers Launched": 3,
          "Single Copy": false,
          "Plans": [
            {
              "Node Type": "Aggregate",
              "Strategy": "Plain",
              "Partial Mode": "Partial",
              "Parent Relationship": "Outer",
              "Parallel Aware": false,
              "Startup Cost": 44554.15,
              "Total Cost": 44554.16,
              "Plan Rows": 1,
              "Plan Width": 8,
              "Actual Startup Time": 135.803,
              "Actual Total Time": 135.805,
              "Actual Rows": 1,
              "Actual Loops": 4,
              "Plans": [
                {
                  "Node Type": "Seq Scan",
                  "Parent Relationship": "Outer",
                  "Parallel Aware": true,
                  "Relation Name": "movie_keyword",
                  "Alias": "mk",
                  "Startup Cost": 0.0,
                  "Total Cost": 42695.65,
                  "Plan Rows": 743399,
                  "Plan Width": 0,
                  "Actual Startup Time": 0.616,
                  "Actual Total Time": 111.457,
                  "Actual Rows": 571566,
                  "Actual Loops": 4,
                  "Filter": "(keyword_id > 4607)",
                  "Rows Removed by Filter": 559417
                }
              ]
            }
          ]
        }
      ]
    },
    "Planning Time": 0.209,
    "Triggers": [],
    "Execution Time": 150.598
  }
]