[
  {
    "Plan": {
      "Node Type": "Aggregate",
      "Strategy": "Plain",
      "Partial Mode": "Finalize",
      "Parallel Aware": false,
      "Startup Cost": 640530.08,
      "Total Cost": 640530.09,
      "Plan Rows": 1,
      "Plan Width": 8,
      "Actual Startup Time": 9404.351,
      "Actual Total Time": 9494.859,
      "Actual Rows": 1,
      "Actual Loops": 1,
      "Plans": [
        {
          "Node Type": "Gather",
          "Parent Relationship": "Outer",
          "Parallel Aware": false,
          "Startup Cost": 640529.45,
          "Total Cost": 640530.06,
          "Plan Rows": 6,
          "Plan Width": 8,
          "Actual Startup Time": 9348.167,
          "Actual Total Time": 9494.839,
          "Actual Rows": 7,
          "Actual Loops": 1,
          "Workers Planned": 6,
          "Workers Launched": 6,
          "Single Copy": false,
          "Plans": [
            {
              "Node Type": "Aggregate",
              "Strategy": "Plain",
              "Partial Mode": "Partial",
              "Parent Relationship": "Outer",
              "Parallel Aware": false,
              "Startup Cost": 639529.45,
              "Total Cost": 639529.46,
              "Plan Rows": 1,
              "Plan Width": 8,
              "Actual Startup Time": 9330.516,
              "Actual Total Time": 9332.962,
              "Actual Rows": 1,
              "Actual Loops": 7,
              "Plans": [
                {
                  "Node Type": "Hash Join",
                  "Parent Relationship": "Outer",
                  "Parallel Aware": true,
                  "Join Type": "Inner",
                  "Startup Cost": 264501.09,
                  "Total Cost": 622443.59,
                  "Plan Rows": 6834344,
                  "Plan Width": 0,
                  "Actual Startup Time": 2150.451,
                  "Actual Total Time": 8132.34,
                  "Actual Rows": 26407557,
                  "Actual Loops": 7,
                  "Inner Unique": false,
                  "Hash Cond": "(ci.movie_id = t.id)",
                  "Plans": [
                    {
                      "Node Type": "Seq Scan",
                      "Parent Relationship": "Outer",
                      "Parallel Aware": true,
                      "Relation Name": "cast_info",
                      "Alias": "ci",
                      "Startup Cost": 0.0,
                      "Total Cost": 328211.39,
                      "Plan Rows": 4283311,
                      "Plan Width": 4,
                      "Actual Startup Time": 132.222,
                      "Actual Total Time": 686.178,
                      "Actual Rows": 3669033,
                      "Actual Loops": 7,
                      "Filter": "(person_id > 1036211)",
                      "Rows Removed by Filter": 1508730
                    },
                    {
                      "Node Type": "Hash",
                      "Parent Relationship": "Inner",
                      "Parallel Aware": true,
                      "Startup Cost": 254415.37,
                      "Total Cost": 254415.37,
                      "Plan Rows": 806858,
                      "Plan Width": 8,
                      "Actual Startup Time": 2011.278,
                      "Actual Total Time": 2013.719,
                      "Actual Rows": 1189177,
                      "Actual Loops": 7,
                      "Hash Buckets": 8388608,
                      "Original Hash Buckets": 4194304,
                      "Hash Batches": 1,
                      "Original Hash Batches": 1,
                      "Peak Memory Usage": 424032,
                      "Plans": [
                        {
                          "Node Type": "Hash Join",
                          "Parent Relationship": "Outer",
                          "Parallel Aware": true,
                          "Join Type": "Inner",
                          "Startup Cost": 47671.21,
                          "Total Cost": 254415.37,
                          "Plan Rows": 806858,
                          "Plan Width": 8,
                          "Actual Startup Time": 155.792,
                          "Actual Total Time": 1242.508,
                          "Actual Rows": 1189177,
                          "Actual Loops": 7,
                          "Inner Unique": true,
                          "Hash Cond": "(mi.movie_id = t.id)",
                          "Plans": [
                            {
                              "Node Type": "Seq Scan",
                              "Parent Relationship": "Outer",
                              "Parallel Aware": true,
                              "Relation Name": "movie_info",
                              "Alias": "mi",
                              "Startup Cost": 0.0,
                              "Total Cost": 199108.24,
                              "Plan Rows": 2908916,
                              "Plan Width": 4,
                              "Actual Startup Time": 0.04,
                              "Actual Total Time": 443.581,
                              "Actual Rows": 2075562,
                              "Actual Loops": 7,
                              "Filter": "(info_type_id < 106)",
                              "Rows Removed by Filter": 43827
                            },
                            {
                              "Node Type": "Hash",
                              "Parent Relationship": "Inner",
                              "Parallel Aware": true,
                              "Startup Cost": 45479.59,
                              "Total Cost": 45479.59,
                              "Plan Rows": 175330,
                              "Plan Width": 4,
                              "Actual Startup Time": 153.027,
                              "Actual Total Time": 153.029,
                              "Actual Rows": 107133,
                              "Actual Loops": 7,
                              "Hash Buckets": 1048576,
                              "Original Hash Buckets": 1048576,
                              "Hash Batches": 1,
                              "Original Hash Batches": 1,
                              "Peak Memory Usage": 37600,
                              "Plans": [
                                {
                                  "Node Type": "Seq Scan",
                                  "Parent Relationship": "Outer",
                                  "Parallel Aware": true,
                                  "Relation Name": "title",
                                  "Alias": "t",
                                  "Startup Cost": 0.0,
                                  "Total Cost": 45479.59,
                                  "Plan Rows": 175330,
                                  "Plan Width": 4,
                                  "Actual Startup Time": 0.067,
                                  "Actual Total Time": 93.627,
                                  "Actual Rows": 107133,
                                  "Actual Loops": 7,
                                  "Filter": "((kind_id < 7) AND (production_year < 2009))",
                                  "Rows Removed by Filter": 254054
                                }
                              ]
                            }
                          ]
                        }
                      ]
                    }
                  ]
                }
              ]
            }
          ]
        }
      ]
    },
    "Planning Time": 1.156,
    "Triggers": [],
    "Execution Time": 9494.937
  }
]