[
  {
    "Plan": {
      "Node Type": "Aggregate",
      "Strategy": "Plain",
      "Partial Mode": "Finalize",
      "Parallel Aware": false,
      "Startup Cost": 49312.89,
      "Total Cost": 49312.9,
      "Plan Rows": 1,
      "Plan Width": 8,
      "Actual Startup Time": 101.206,
      "Actual Total Time": 115.86,
      "Actual Rows": 1,
      "Actual Loops": 1,
      "Plans": [
        {
          "Node Type": "Gather",
          "Parent Relationship": "Outer",
          "Parallel Aware": false,
          "Startup Cost": 49312.47,
          "Total Cost": 49312.88,
          "Plan Rows": 4,
          "Plan Width": 8,
          "Actual Startup Time": 100.949,
          "Actual Total Time": 115.848,
          "Actual Rows": 5,
          "Actual Loops": 1,
          "Workers Planned": 4,
          "Workers Launched": 4,
          "Single Copy": false,
          "Plans": [
            {
              "Node Type": "Aggregate",
              "Strategy": "Plain",
              "Partial Mode": "Partial",
              "Parent Relationship": "Outer",
              "Parallel Aware": false,
              "Startup Cost": 48312.47,
              "Total Cost": 48312.48,
              "Plan Rows": 1,
              "Plan Width": 8,
              "Actual Startup Time": 94.92,
              "Actual Total Time": 94.922,
              "Actual Rows": 1,
              "Actual Loops": 5,
              "Plans": [
                {
                  "Node Type": "Nested Loop",
                  "Parent Relationship": "Outer",
                  "Parallel Aware": false,
                  "Join Type": "Inner",
                  "Startup Cost": 0.43,
                  "Total Cost": 48311.15,
                  "Plan Rows": 530,
                  "Plan Width": 0,
                  "Actual Startup Time": 56.67,
                  "Actual Total Time": 94.842,
                  "Actual Rows": 727,
                  "Actual Loops": 5,
                  "Inner Unique": false,
                  "Plans": [
                    {
                      "Node Type": "Seq Scan",
                      "Parent Relationship": "Outer",
                      "Parallel Aware": true,
                      "Relation Name": "title",
                      "Alias": "t",
                      "Startup Cost": 0.0,
                      "Total Cost": 45479.59,
                      "Plan Rows": 296,
                      "Plan Width": 4,
                      "Actual Startup Time": 55.399,
                      "Actual Total Time": 84.597,
                      "Actual Rows": 725,
                      "Actual Loops": 5,
                      "Filter": "((kind_id < 7) AND (production_year = 1921))",
                      "Rows Removed by Filter": 504937
                    },
                    {
                      "Node Type": "Index Only Scan",
                      "Parent Relationship": "Inner",
                      "Parallel Aware": false,
                      "Scan Direction": "Forward",
                      "Index Name": "movie_id_movie_keyword",
                      "Relation Name": "movie_keyword",
                      "Alias": "mk",
                      "Startup Cost": 0.43,
                      "Total Cost": 9.11,
                      "Plan Rows": 46,
                      "Plan Width": 4,
                      "Actual Startup Time": 0.013,
                      "Actual Total Time": 0.013,
                      "Actual Rows": 1,
                      "Actual Loops": 3627,
                      "Index Cond": "(movie_id = t.id)",
                      "Rows Removed by Index Recheck": 0,
                      "Heap Fetches": 3634
                    }
                  ]
                }
              ]
            }
          ]
        }
      ]
    },
    "Planning Time": 0.253,
    "Triggers": [],
    "Execution Time": 115.899
  }
]