[
  {
    "Plan": {
      "Node Type": "Aggregate",
      "Strategy": "Plain",
      "Partial Mode": "Finalize",
      "Parallel Aware": false,
      "Startup Cost": 49168.14,
      "Total Cost": 49168.15,
      "Plan Rows": 1,
      "Plan Width": 8,
      "Actual Startup Time": 96.206,
      "Actual Total Time": 108.844,
      "Actual Rows": 1,
      "Actual Loops": 1,
      "Plans": [
        {
          "Node Type": "Gather",
          "Parent Relationship": "Outer",
          "Parallel Aware": false,
          "Startup Cost": 49167.72,
          "Total Cost": 49168.13,
          "Plan Rows": 4,
          "Plan Width": 8,
          "Actual Startup Time": 96.086,
          "Actual Total Time": 108.838,
          "Actual Rows": 5,
          "Actual Loops": 1,
          "Workers Planned": 4,
          "Workers Launched": 4,
          "Single Copy": false,
          "Plans": [
            {
              "Node Type": "Aggregate",
              "Strategy": "Plain",
              "Partial Mode": "Partial",
              "Parent Relationship": "Outer",
              "Parallel Aware": false,
              "Startup Cost": 48167.72,
              "Total Cost": 48167.73,
              "Plan Rows": 1,
              "Plan Width": 8,
              "Actual Startup Time": 88.382,
              "Actual Total Time": 88.384,
              "Actual Rows": 1,
              "Actual Loops": 5,
              "Plans": [
                {
                  "Node Type": "Nested Loop",
                  "Parent Relationship": "Outer",
                  "Parallel Aware": false,
                  "Join Type": "Inner",
                  "Startup Cost": 0.43,
                  "Total Cost": 48166.46,
                  "Plan Rows": 503,
                  "Plan Width": 0,
                  "Actual Startup Time": 56.807,
                  "Actual Total Time": 88.322,
                  "Actual Rows": 727,
                  "Actual Loops": 5,
                  "Inner Unique": false,
                  "Plans": [
                    {
                      "Node Type": "Seq Scan",
                      "Parent Relationship": "Outer",
                      "Parallel Aware": true,
                      "Relation Name": "title",
                      "Alias": "t",
                      "Startup Cost": 0.0,
                      "Total Cost": 45479.1,
                      "Plan Rows": 281,
                      "Plan Width": 4,
                      "Actual Startup Time": 55.832,
                      "Actual Total Time": 80.604,
                      "Actual Rows": 725,
                      "Actual Loops": 5,
                      "Filter": "((kind_id < 7) AND (production_year = 1921))",
                      "Rows Removed by Filter": 504937
                    },
                    {
                      "Node Type": "Index Only Scan",
                      "Parent Relationship": "Inner",
                      "Parallel Aware": false,
                      "Scan Direction": "Forward",
                      "Index Name": "movie_id_movie_keyword",
                      "Relation Name": "movie_keyword",
                      "Alias": "mk",
                      "Startup Cost": 0.43,
                      "Total Cost": 9.11,
                      "Plan Rows": 45,
                      "Plan Width": 4,
                      "Actual Startup Time": 0.01,
                      "Actual Total Time": 0.01,
                      "Actual Rows": 1,
                      "Actual Loops": 3627,
                      "Index Cond": "(movie_id = t.id)",
                      "Rows Removed by Index Recheck": 0,
                      "Heap Fetches": 3634
                    }
                  ]
                }
              ]
            }
          ]
        }
      ]
    },
    "Planning Time": 0.594,
    "Triggers": [],
    "Execution Time": 108.918
  }
]