{
  "Plan": {
    "Node Type": "Aggregate",
    "Strategy": "Plain",
    "Partial Mode": "Finalize",
    "Parallel Aware": false,
    "Startup Cost": 528348.15,
    "Total Cost": 528348.16,
    "Plan Rows": 1,
    "Plan Width": 8,
    "Actual Startup Time": 10846.248,
    "Actual Total Time": 10924.299,
    "Actual Rows": 1,
    "Actual Loops": 1,
    "Plans": [
      {
        "Node Type": "Gather",
        "Parent Relationship": "Outer",
        "Parallel Aware": false,
        "Startup Cost": 528348.04,
        "Total Cost": 528348.15,
        "Plan Rows": 1,
        "Plan Width": 8,
        "Actual Startup Time": 10845.91,
        "Actual Total Time": 10924.291,
        "Actual Rows": 2,
        "Actual Loops": 1,
        "Workers Planned": 1,
        "Workers Launched": 1,
        "Single Copy": false,
        "Plans": [
          {
            "Node Type": "Aggregate",
            "Strategy": "Plain",
            "Partial Mode": "Partial",
            "Parent Relationship": "Outer",
            "Parallel Aware": false,
            "Startup Cost": 527348.04,
            "Total Cost": 527348.05,
            "Plan Rows": 1,
            "Plan Width": 8,
            "Actual Startup Time": 10839.494,
            "Actual Total Time": 10839.501,
            "Actual Rows": 1,
            "Actual Loops": 2,
            "Plans": [
              {
                "Node Type": "Nested Loop",
                "Parent Relationship": "Outer",
                "Parallel Aware": false,
                "Join Type": "Inner",
                "Startup Cost": 56034.76,
                "Total Cost": 520594.87,
                "Plan Rows": 2701268,
                "Plan Width": 0,
                "Actual Startup Time": 224.448,
                "Actual Total Time": 10242.402,
                "Actual Rows": 13102797,
                "Actual Loops": 2,
                "Inner Unique": false,
                "Join Filter": "(t.id = ci.movie_id)",
                "Rows Removed by Join Filter": 0,
                "Plans": [
                  {
                    "Node Type": "Hash Join",
                    "Parent Relationship": "Outer",
                    "Parallel Aware": true,
                    "Join Type": "Inner",
                    "Startup Cost": 56034.2,
                    "Total Cost": 94200.83,
                    "Plan Rows": 188517,
                    "Plan Width": 8,
                    "Actual Startup Time": 224.341,
                    "Actual Total Time": 695.127,
                    "Actual Rows": 428974,
                    "Actual Loops": 2,
                    "Inner Unique": true,
                    "Hash Cond": "(mc.movie_id = t.id)",
                    "Plans": [
                      {
                        "Node Type": "Seq Scan",
                        "Parent Relationship": "Outer",
                        "Parallel Aware": true,
                        "Relation Name": "movie_companies",
                        "Alias": "mc",
                        "Startup Cost": 0.0,
                        "Total Cost": 34137.82,
                        "Plan Rows": 1534782,
                        "Plan Width": 4,
                        "Actual Startup Time": 0.016,
                        "Actual Total Time": 119.967,
                        "Actual Rows": 1304564,
                        "Actual Loops": 2
                      },
                      {
                        "Node Type": "Hash",
                        "Parent Relationship": "Inner",
                        "Parallel Aware": true,
                        "Startup Cost": 53750.75,
                        "Total Cost": 53750.75,
                        "Plan Rows": 182676,
                        "Plan Width": 4,
                        "Actual Startup Time": 163.356,
                        "Actual Total Time": 163.359,
                        "Actual Rows": 200370,
                        "Actual Loops": 2,
                        "Hash Buckets": 524288,
                        "Original Hash Buckets": 524288,
                        "Hash Batches": 1,
                        "Original Hash Batches": 1,
                        "Peak Memory Usage": 19808,
                        "Plans": [
                          {
                            "Node Type": "Bitmap Heap Scan",
                            "Parent Relationship": "Outer",
                            "Parallel Aware": true,
                            "Relation Name": "title",
                            "Alias": "t",
                            "Startup Cost": 11900.49,
                            "Total Cost": 53750.75,
                            "Plan Rows": 182676,
                            "Plan Width": 4,
                            "Actual Startup Time": 35.271,
                            "Actual Total Time": 112.085,
                            "Actual Rows": 200370,
                            "Actual Loops": 2,
                            "Recheck Cond": "(kind_id < 2)",
                            "Rows Removed by Index Recheck": 0,
                            "Filter": "(production_year < 2003)",
                            "Rows Removed by Filter": 131042,
                            "Exact Heap Blocks": 8906,
                            "Lossy Heap Blocks": 0,
                            "Plans": [
                              {
                                "Node Type": "Bitmap Index Scan",
                                "Parent Relationship": "Outer",
                                "Parallel Aware": false,
                                "Index Name": "kind_id_title",
                                "Startup Cost": 0.0,
                                "Total Cost": 11822.85,
                                "Plan Rows": 663256,
                                "Plan Width": 0,
                                "Actual Startup Time": 33.729,
                                "Actual Total Time": 33.729,
                                "Actual Rows": 662825,
                                "Actual Loops": 1,
                                "Index Cond": "(kind_id < 2)"
                              }
                            ]
                          }
                        ]
                      }
                    ]
                  },
                  {
                    "Node Type": "Index Only Scan",
                    "Parent Relationship": "Inner",
                    "Parallel Aware": false,
                    "Scan Direction": "Forward",
                    "Index Name": "movie_id_cast_info",
                    "Relation Name": "cast_info",
                    "Alias": "ci",
                    "Startup Cost": 0.56,
                    "Total Cost": 1.8,
                    "Plan Rows": 37,
                    "Plan Width": 4,
                    "Actual Startup Time": 0.003,
                    "Actual Total Time": 0.019,
                    "Actual Rows": 31,
                    "Actual Loops": 857949,
                    "Index Cond": "(movie_id = mc.movie_id)",
                    "Rows Removed by Index Recheck": 0,
                    "Heap Fetches": 26205594
                  }
                ]
              }
            ]
          }
        ]
      }
    ]
  },
  "Planning Time": 1.1,
  "Triggers": [],
  "Execution Time": 10924.429
}