[
    {
        "Bao": {
            "Bao prediction": "NaN",
            "Bao recommended hint": "(no hint)"
        }
    },
    {
        "Plan": {
            "Node Type": "Aggregate",
            "Strategy": "Plain",
            "Partial Mode": "Finalize",
            "Parallel Aware": false,
            "Startup Cost": 329501.87,
            "Total Cost": 329501.88,
            "Plan Rows": 1,
            "Plan Width": 8,
            "Actual Startup Time": 299.245,
            "Actual Total Time": 309.071,
            "Actual Rows": 1,
            "Actual Loops": 1,
            "Output": [
                "count(*)"
            ],
            "Plans": [
                {
                    "Node Type": "Gather",
                    "Parent Relationship": "Outer",
                    "Parallel Aware": false,
                    "Startup Cost": 329501.25,
                    "Total Cost": 329501.86,
                    "Plan Rows": 6,
                    "Plan Width": 8,
                    "Actual Startup Time": 298.253,
                    "Actual Total Time": 309.062,
                    "Actual Rows": 7,
                    "Actual Loops": 1,
                    "Output": [
                        "(PARTIAL count(*))"
                    ],
                    "Workers Planned": 6,
                    "Workers Launched": 6,
                    "Single Copy": false,
                    "Plans": [
                        {
                            "Node Type": "Aggregate",
                            "Strategy": "Plain",
                            "Partial Mode": "Partial",
                            "Parent Relationship": "Outer",
                            "Parallel Aware": false,
                            "Startup Cost": 328501.25,
                            "Total Cost": 328501.26,
                            "Plan Rows": 1,
                            "Plan Width": 8,
                            "Actual Startup Time": 287.67,
                            "Actual Total Time": 287.671,
                            "Actual Rows": 1,
                            "Actual Loops": 7,
                            "Output": [
                                "PARTIAL count(*)"
                            ],
                            "Workers": [
                                {
                                    "Worker Number": 0,
                                    "Actual Startup Time": 285.003,
                                    "Actual Total Time": 285.004,
                                    "Actual Rows": 1,
                                    "Actual Loops": 1
                                },
                                {
                                    "Worker Number": 1,
                                    "Actual Startup Time": 285.124,
                                    "Actual Total Time": 285.125,
                                    "Actual Rows": 1,
                                    "Actual Loops": 1
                                },
                                {
                                    "Worker Number": 2,
                                    "Actual Startup Time": 285.841,
                                    "Actual Total Time": 285.842,
                                    "Actual Rows": 1,
                                    "Actual Loops": 1
                                },
                                {
                                    "Worker Number": 3,
                                    "Actual Startup Time": 286.138,
                                    "Actual Total Time": 286.14,
                                    "Actual Rows": 1,
                                    "Actual Loops": 1
                                },
                                {
                                    "Worker Number": 4,
                                    "Actual Startup Time": 286.767,
                                    "Actual Total Time": 286.769,
                                    "Actual Rows": 1,
                                    "Actual Loops": 1
                                },
                                {
                                    "Worker Number": 5,
                                    "Actual Startup Time": 287.028,
                                    "Actual Total Time": 287.03,
                                    "Actual Rows": 1,
                                    "Actual Loops": 1
                                }
                            ],
                            "Plans": [
                                {
                                    "Node Type": "Bitmap Heap Scan",
                                    "Parent Relationship": "Outer",
                                    "Parallel Aware": true,
                                    "Relation Name": "cast_info",
                                    "Schema": "public",
                                    "Alias": "ci",
                                    "Startup Cost": 68102.62,
                                    "Total Cost": 327215.98,
                                    "Plan Rows": 514109,
                                    "Plan Width": 0,
                                    "Actual Startup Time": 106.206,
                                    "Actual Total Time": 259.038,
                                    "Actual Rows": 450684,
                                    "Actual Loops": 7,
                                    "Recheck Cond": "(ci.person_id > 3480731)",
                                    "Rows Removed by Index Recheck": 0,
                                    "Exact Heap Blocks": 12062,
                                    "Lossy Heap Blocks": 0,
                                    "Workers": [
                                        {
                                            "Worker Number": 0,
                                            "Actual Startup Time": 103.389,
                                            "Actual Total Time": 257.71,
                                            "Actual Rows": 377872,
                                            "Actual Loops": 1
                                        },
                                        {
                                            "Worker Number": 1,
                                            "Actual Startup Time": 104.292,
                                            "Actual Total Time": 256.403,
                                            "Actual Rows": 397095,
                                            "Actual Loops": 1
                                        },
                                        {
                                            "Worker Number": 2,
                                            "Actual Startup Time": 104.539,
                                            "Actual Total Time": 256.974,
                                            "Actual Rows": 399642,
                                            "Actual Loops": 1
                                        },
                                        {
                                            "Worker Number": 3,
                                            "Actual Startup Time": 104.471,
                                            "Actual Total Time": 259.08,
                                            "Actual Rows": 372880,
                                            "Actual Loops": 1
                                        },
                                        {
                                            "Worker Number": 4,
                                            "Actual Startup Time": 105.665,
                                            "Actual Total Time": 257.824,
                                            "Actual Rows": 400788,
                                            "Actual Loops": 1
                                        },
                                        {
                                            "Worker Number": 5,
                                            "Actual Startup Time": 105.38,
                                            "Actual Total Time": 258.093,
                                            "Actual Rows": 400199,
                                            "Actual Loops": 1
                                        }
                                    ],
                                    "Plans": [
                                        {
                                            "Node Type": "Bitmap Index Scan",
                                            "Parent Relationship": "Outer",
                                            "Parallel Aware": false,
                                            "Index Name": "person_id_cast_info",
                                            "Startup Cost": 0.0,
                                            "Total Cost": 67331.46,
                                            "Plan Rows": 3084652,
                                            "Plan Width": 0,
                                            "Actual Startup Time": 108.669,
                                            "Actual Total Time": 108.67,
                                            "Actual Rows": 3154786,
                                            "Actual Loops": 1,
                                            "Index Cond": "(ci.person_id > 3480731)"
                                        }
                                    ]
                                }
                            ]
                        }
                    ]
                }
            ]
        },
        "Planning Time": 204.111,
        "Triggers": [],
        "Execution Time": 309.137
    }
]