[
  {
    "Plan": {
      "Node Type": "Aggregate",
      "Strategy": "Plain",
      "Partial Mode": "Finalize",
      "Parallel Aware": false,
      "Startup Cost": 121094.71,
      "Total Cost": 121094.72,
      "Plan Rows": 1,
      "Plan Width": 8,
      "Actual Startup Time": 152.042,
      "Actual Total Time": 163.128,
      "Actual Rows": 1,
      "Actual Loops": 1,
      "Plans": [
        {
          "Node Type": "Gather",
          "Parent Relationship": "Outer",
          "Parallel Aware": false,
          "Startup Cost": 121094.19,
          "Total Cost": 121094.7,
          "Plan Rows": 5,
          "Plan Width": 8,
          "Actual Startup Time": 151.941,
          "Actual Total Time": 163.118,
          "Actual Rows": 6,
          "Actual Loops": 1,
          "Workers Planned": 5,
          "Workers Launched": 5,
          "Single Copy": false,
          "Plans": [
            {
              "Node Type": "Aggregate",
              "Strategy": "Plain",
              "Partial Mode": "Partial",
              "Parent Relationship": "Outer",
              "Parallel Aware": false,
              "Startup Cost": 120094.19,
              "Total Cost": 120094.2,
              "Plan Rows": 1,
              "Plan Width": 8,
              "Actual Startup Time": 142.739,
              "Actual Total Time": 142.74,
              "Actual Rows": 1,
              "Actual Loops": 6,
              "Plans": [
                {
                  "Node Type": "Index Scan",
                  "Parent Relationship": "Outer",
                  "Parallel Aware": true,
                  "Scan Direction": "Forward",
                  "Index Name": "role_id_cast_info",
                  "Relation Name": "cast_info",
                  "Alias": "ci",
                  "Startup Cost": 0.56,
                  "Total Cost": 119623.46,
                  "Plan Rows": 188295,
                  "Plan Width": 0,
                  "Actual Startup Time": 0.153,
                  "Actual Total Time": 139.794,
                  "Actual Rows": 51688,
                  "Actual Loops": 6,
                  "Index Cond": "(role_id = 10)",
                  "Rows Removed by Index Recheck": 0,
                  "Filter": "(person_id < 776496)",
                  "Rows Removed by Filter": 668815
                }
              ]
            }
          ]
        }
      ]
    },
    "Planning Time": 0.23,
    "Triggers": [],
    "Execution Time": 163.192
  }
]