{
  "Plan": {
    "Node Type": "Aggregate",
    "Strategy": "Plain",
    "Partial Mode": "Finalize",
    "Parallel Aware": false,
    "Startup Cost": 383375.39,
    "Total Cost": 383375.4,
    "Plan Rows": 1,
    "Plan Width": 8,
    "Actual Startup Time": 3546.742,
    "Actual Total Time": 3585.734,
    "Actual Rows": 1,
    "Actual Loops": 1,
    "Plans": [
      {
        "Node Type": "Gather",
        "Parent Relationship": "Outer",
        "Parallel Aware": false,
        "Startup Cost": 383375.28,
        "Total Cost": 383375.39,
        "Plan Rows": 1,
        "Plan Width": 8,
        "Actual Startup Time": 3537.739,
        "Actual Total Time": 3585.727,
        "Actual Rows": 2,
        "Actual Loops": 1,
        "Workers Planned": 1,
        "Workers Launched": 1,
        "Single Copy": false,
        "Plans": [
          {
            "Node Type": "Aggregate",
            "Strategy": "Plain",
            "Partial Mode": "Partial",
            "Parent Relationship": "Outer",
            "Parallel Aware": false,
            "Startup Cost": 382375.28,
            "Total Cost": 382375.29,
            "Plan Rows": 1,
            "Plan Width": 8,
            "Actual Startup Time": 3524.681,
            "Actual Total Time": 3524.687,
            "Actual Rows": 1,
            "Actual Loops": 2,
            "Plans": [
              {
                "Node Type": "Hash Join",
                "Parent Relationship": "Outer",
                "Parallel Aware": true,
                "Join Type": "Inner",
                "Startup Cost": 311048.72,
                "Total Cost": 379648.35,
                "Plan Rows": 1090772,
                "Plan Width": 0,
                "Actual Startup Time": 1392.859,
                "Actual Total Time": 2841.471,
                "Actual Rows": 17673976,
                "Actual Loops": 2,
                "Inner Unique": false,
                "Hash Cond": "(mk.movie_id = t.id)",
                "Plans": [
                  {
                    "Node Type": "Seq Scan",
                    "Parent Relationship": "Outer",
                    "Parallel Aware": true,
                    "Relation Name": "movie_keyword",
                    "Alias": "mk",
                    "Startup Cost": 0.0,
                    "Total Cost": 57718.19,
                    "Plan Rows": 1190701,
                    "Plan Width": 4,
                    "Actual Startup Time": 0.018,
                    "Actual Total Time": 176.382,
                    "Actual Rows": 1013766,
                    "Actual Loops": 2,
                    "Filter": "(keyword_id < 3636)",
                    "Rows Removed by Filter": 1248198
                  },
                  {
                    "Node Type": "Hash",
                    "Parent Relationship": "Inner",
                    "Parallel Aware": true,
                    "Startup Cost": 294018.52,
                    "Total Cost": 294018.52,
                    "Plan Rows": 1362416,
                    "Plan Width": 8,
                    "Actual Startup Time": 1370.895,
                    "Actual Total Time": 1370.9,
                    "Actual Rows": 1116925,
                    "Actual Loops": 2,
                    "Hash Buckets": 4194304,
                    "Original Hash Buckets": 4194304,
                    "Hash Batches": 1,
                    "Original Hash Batches": 1,
                    "Peak Memory Usage": 120192,
                    "Plans": [
                      {
                        "Node Type": "Hash Join",
                        "Parent Relationship": "Outer",
                        "Parallel Aware": true,
                        "Join Type": "Inner",
                        "Startup Cost": 111418.96,
                        "Total Cost": 294018.52,
                        "Plan Rows": 1362416,
                        "Plan Width": 8,
                        "Actual Startup Time": 591.622,
                        "Actual Total Time": 1098.425,
                        "Actual Rows": 1116925,
                        "Actual Loops": 2,
                        "Inner Unique": true,
                        "Hash Cond": "(mi.movie_id = t.id)",
                        "Plans": [
                          {
                            "Node Type": "Bitmap Heap Scan",
                            "Parent Relationship": "Outer",
                            "Parallel Aware": true,
                            "Relation Name": "movie_info",
                            "Alias": "mi",
                            "Startup Cost": 41958.26,
                            "Total Cost": 220981.46,
                            "Plan Rows": 1362416,
                            "Plan Width": 4,
                            "Actual Startup Time": 77.553,
                            "Actual Total Time": 241.146,
                            "Actual Rows": 1116925,
                            "Actual Loops": 2,
                            "Recheck Cond": "(info_type_id > 16)",
                            "Rows Removed by Index Recheck": 0,
                            "Exact Heap Blocks": 27344,
                            "Lossy Heap Blocks": 0,
                            "Plans": [
                              {
                                "Node Type": "Bitmap Index Scan",
                                "Parent Relationship": "Outer",
                                "Parallel Aware": false,
                                "Index Name": "info_type_id_movie_info",
                                "Startup Cost": 0.0,
                                "Total Cost": 41379.24,
                                "Plan Rows": 2316107,
                                "Plan Width": 0,
                                "Actual Startup Time": 69.354,
                                "Actual Total Time": 69.354,
                                "Actual Rows": 2233850,
                                "Actual Loops": 1,
                                "Index Cond": "(info_type_id > 16)"
                              }
                            ]
                          },
                          {
                            "Node Type": "Hash",
                            "Parent Relationship": "Inner",
                            "Parallel Aware": true,
                            "Startup Cost": 50870.31,
                            "Total Cost": 50870.31,
                            "Plan Rows": 1487231,
                            "Plan Width": 4,
                            "Actual Startup Time": 501.781,
                            "Actual Total Time": 501.782,
                            "Actual Rows": 1264156,
                            "Actual Loops": 2,
                            "Hash Buckets": 4194304,
                            "Original Hash Buckets": 4194304,
                            "Hash Batches": 1,
                            "Original Hash Batches": 1,
                            "Peak Memory Usage": 131712,
                            "Plans": [
                              {
                                "Node Type": "Seq Scan",
                                "Parent Relationship": "Outer",
                                "Parallel Aware": true,
                                "Relation Name": "title",
                                "Alias": "t",
                                "Startup Cost": 0.0,
                                "Total Cost": 50870.31,
                                "Plan Rows": 1487231,
                                "Plan Width": 4,
                                "Actual Startup Time": 0.028,
                                "Actual Total Time": 151.898,
                                "Actual Rows": 1264156,
                                "Actual Loops": 2
                              }
                            ]
                          }
                        ]
                      }
                    ]
                  }
                ]
              }
            ]
          }
        ]
      }
    ]
  },
  "Planning Time": 1.028,
  "Triggers": [],
  "Execution Time": 3585.836
}