{
    "Plan": {
        "Node Type": "Aggregate",
        "Strategy": "Plain",
        "Partial Mode": "Finalize",
        "Parallel Aware": false,
        "Startup Cost": 88693.86,
        "Total Cost": 88693.87,
        "Plan Rows": 1,
        "Plan Width": 8,
        "Actual Startup Time": 253.152,
        "Actual Total Time": 273.106,
        "Actual Rows": 1,
        "Actual Loops": 1,
        "Output": [
            "count(*)"
        ],
        "Plans": [
            {
                "Node Type": "Gather",
                "Parent Relationship": "Outer",
                "Parallel Aware": false,
                "Startup Cost": 88693.54,
                "Total Cost": 88693.85,
                "Plan Rows": 3,
                "Plan Width": 8,
                "Actual Startup Time": 252.057,
                "Actual Total Time": 273.097,
                "Actual Rows": 4,
                "Actual Loops": 1,
                "Output": [
                    "(PARTIAL count(*))"
                ],
                "Workers Planned": 3,
                "Workers Launched": 3,
                "Single Copy": false,
                "Plans": [
                    {
                        "Node Type": "Aggregate",
                        "Strategy": "Plain",
                        "Partial Mode": "Partial",
                        "Parent Relationship": "Outer",
                        "Parallel Aware": false,
                        "Startup Cost": 87693.54,
                        "Total Cost": 87693.55,
                        "Plan Rows": 1,
                        "Plan Width": 8,
                        "Actual Startup Time": 243.593,
                        "Actual Total Time": 243.598,
                        "Actual Rows": 1,
                        "Actual Loops": 4,
                        "Output": [
                            "PARTIAL count(*)"
                        ],
                        "Workers": [
                            {
                                "Worker Number": 0,
                                "Actual Startup Time": 240.855,
                                "Actual Total Time": 240.858,
                                "Actual Rows": 1,
                                "Actual Loops": 1
                            },
                            {
                                "Worker Number": 1,
                                "Actual Startup Time": 241.0,
                                "Actual Total Time": 241.003,
                                "Actual Rows": 1,
                                "Actual Loops": 1
                            },
                            {
                                "Worker Number": 2,
                                "Actual Startup Time": 241.108,
                                "Actual Total Time": 241.117,
                                "Actual Rows": 1,
                                "Actual Loops": 1
                            }
                        ],
                        "Plans": [
                            {
                                "Node Type": "Hash Join",
                                "Parent Relationship": "Outer",
                                "Parallel Aware": true,
                                "Join Type": "Inner",
                                "Startup Cost": 44918.03,
                                "Total Cost": 87684.8,
                                "Plan Rows": 3494,
                                "Plan Width": 0,
                                "Actual Startup Time": 134.907,
                                "Actual Total Time": 243.229,
                                "Actual Rows": 3824,
                                "Actual Loops": 4,
                                "Inner Unique": true,
                                "Hash Cond": "(mk.movie_id = t.id)",
                                "Workers": [
                                    {
                                        "Worker Number": 0,
                                        "Actual Startup Time": 132.03,
                                        "Actual Total Time": 240.422,
                                        "Actual Rows": 2820,
                                        "Actual Loops": 1
                                    },
                                    {
                                        "Worker Number": 1,
                                        "Actual Startup Time": 132.324,
                                        "Actual Total Time": 240.611,
                                        "Actual Rows": 3860,
                                        "Actual Loops": 1
                                    },
                                    {
                                        "Worker Number": 2,
                                        "Actual Startup Time": 132.519,
                                        "Actual Total Time": 240.749,
                                        "Actual Rows": 3272,
                                        "Actual Loops": 1
                                    }
                                ],
                                "Plans": [
                                    {
                                        "Node Type": "Seq Scan",
                                        "Parent Relationship": "Outer",
                                        "Parallel Aware": true,
                                        "Relation Name": "movie_keyword",
                                        "Schema": "public",
                                        "Alias": "mk",
                                        "Startup Cost": 0.0,
                                        "Total Cost": 42695.65,
                                        "Plan Rows": 27093,
                                        "Plan Width": 4,
                                        "Actual Startup Time": 0.012,
                                        "Actual Total Time": 100.129,
                                        "Actual Rows": 20383,
                                        "Actual Loops": 4,
                                        "Output": [
                                            "mk.id",
                                            "mk.movie_id",
                                            "mk.keyword_id"
                                        ],
                                        "Filter": "(mk.keyword_id < 71)",
                                        "Rows Removed by Filter": 1110599,
                                        "Workers": [
                                            {
                                                "Worker Number": 0,
                                                "Actual Startup Time": 0.011,
                                                "Actual Total Time": 100.371,
                                                "Actual Rows": 15075,
                                                "Actual Loops": 1
                                            },
                                            {
                                                "Worker Number": 1,
                                                "Actual Startup Time": 0.01,
                                                "Actual Total Time": 100.034,
                                                "Actual Rows": 20628,
                                                "Actual Loops": 1
                                            },
                                            {
                                                "Worker Number": 2,
                                                "Actual Startup Time": 0.019,
                                                "Actual Total Time": 101.132,
                                                "Actual Rows": 16295,
                                                "Actual Loops": 1
                                            }
                                        ]
                                    },
                                    {
                                        "Node Type": "Hash",
                                        "Parent Relationship": "Inner",
                                        "Parallel Aware": true,
                                        "Startup Cost": 43899.01,
                                        "Total Cost": 43899.01,
                                        "Plan Rows": 81522,
                                        "Plan Width": 4,
                                        "Actual Startup Time": 131.322,
                                        "Actual Total Time": 131.324,
                                        "Actual Rows": 80811,
                                        "Actual Loops": 4,
                                        "Output": [
                                            "t.id"
                                        ],
                                        "Hash Buckets": 524288,
                                        "Original Hash Buckets": 524288,
                                        "Hash Batches": 1,
                                        "Original Hash Batches": 1,
                                        "Peak Memory Usage": 16832,
                                        "Workers": [
                                            {
                                                "Worker Number": 0,
                                                "Actual Startup Time": 131.276,
                                                "Actual Total Time": 131.276,
                                                "Actual Rows": 61433,
                                                "Actual Loops": 1
                                            },
                                            {
                                                "Worker Number": 1,
                                                "Actual Startup Time": 131.617,
                                                "Actual Total Time": 131.618,
                                                "Actual Rows": 79621,
                                                "Actual Loops": 1
                                            },
                                            {
                                                "Worker Number": 2,
                                                "Actual Startup Time": 131.699,
                                                "Actual Total Time": 131.707,
                                                "Actual Rows": 76158,
                                                "Actual Loops": 1
                                            }
                                        ],
                                        "Plans": [
                                            {
                                                "Node Type": "Seq Scan",
                                                "Parent Relationship": "Outer",
                                                "Parallel Aware": true,
                                                "Relation Name": "title",
                                                "Schema": "public",
                                                "Alias": "t",
                                                "Startup Cost": 0.0,
                                                "Total Cost": 43899.01,
                                                "Plan Rows": 81522,
                                                "Plan Width": 4,
                                                "Actual Startup Time": 0.071,
                                                "Actual Total Time": 102.305,
                                                "Actual Rows": 80811,
                                                "Actual Loops": 4,
                                                "Output": [
                                                    "t.id"
                                                ],
                                                "Filter": "(t.production_year < 1967)",
                                                "Rows Removed by Filter": 551267,
                                                "Workers": [
                                                    {
                                                        "Worker Number": 0,
                                                        "Actual Startup Time": 0.094,
                                                        "Actual Total Time": 103.932,
                                                        "Actual Rows": 61433,
                                                        "Actual Loops": 1
                                                    },
                                                    {
                                                        "Worker Number": 1,
                                                        "Actual Startup Time": 0.083,
                                                        "Actual Total Time": 101.91,
                                                        "Actual Rows": 79621,
                                                        "Actual Loops": 1
                                                    },
                                                    {
                                                        "Worker Number": 2,
                                                        "Actual Startup Time": 0.086,
                                                        "Actual Total Time": 103.249,
                                                        "Actual Rows": 76158,
                                                        "Actual Loops": 1
                                                    }
                                                ]
                                            }
                                        ]
                                    }
                                ]
                            }
                        ]
                    }
                ]
            }
        ]
    },
    "Planning Time": 0.666,
    "Triggers": [],
    "Execution Time": 273.18
}