[
  {
    "Plan": {
      "Node Type": "Aggregate",
      "Strategy": "Plain",
      "Partial Mode": "Finalize",
      "Parallel Aware": false,
      "Startup Cost": 452622.95,
      "Total Cost": 452622.96,
      "Plan Rows": 1,
      "Plan Width": 8,
      "Actual Startup Time": 1659.238,
      "Actual Total Time": 1725.664,
      "Actual Rows": 1,
      "Actual Loops": 1,
      "Plans": [
        {
          "Node Type": "Gather",
          "Parent Relationship": "Outer",
          "Parallel Aware": false,
          "Startup Cost": 452622.33,
          "Total Cost": 452622.94,
          "Plan Rows": 6,
          "Plan Width": 8,
          "Actual Startup Time": 1651.858,
          "Actual Total Time": 1725.631,
          "Actual Rows": 7,
          "Actual Loops": 1,
          "Workers Planned": 6,
          "Workers Launched": 6,
          "Single Copy": false,
          "Plans": [
            {
              "Node Type": "Aggregate",
              "Strategy": "Plain",
              "Partial Mode": "Partial",
              "Parent Relationship": "Outer",
              "Parallel Aware": false,
              "Startup Cost": 451622.33,
              "Total Cost": 451622.34,
              "Plan Rows": 1,
              "Plan Width": 8,
              "Actual Startup Time": 1640.607,
              "Actual Total Time": 1640.694,
              "Actual Rows": 1,
              "Actual Loops": 7,
              "Plans": [
                {
                  "Node Type": "Hash Join",
                  "Parent Relationship": "Outer",
                  "Parallel Aware": true,
                  "Join Type": "Inner",
                  "Startup Cost": 94132.45,
                  "Total Cost": 446802.65,
                  "Plan Rows": 1927872,
                  "Plan Width": 0,
                  "Actual Startup Time": 290.608,
                  "Actual Total Time": 1580.84,
                  "Actual Rows": 1241325,
                  "Actual Loops": 7,
                  "Inner Unique": false,
                  "Hash Cond": "(ci.movie_id = t.id)",
                  "Plans": [
                    {
                      "Node Type": "Seq Scan",
                      "Parent Relationship": "Outer",
                      "Parallel Aware": true,
                      "Relation Name": "cast_info",
                      "Alias": "ci",
                      "Startup Cost": 0.0,
                      "Total Cost": 328162.03,
                      "Plan Rows": 4877130,
                      "Plan Width": 4,
                      "Actual Startup Time": 0.025,
                      "Actual Total Time": 668.423,
                      "Actual Rows": 4203776,
                      "Actual Loops": 7,
                      "Filter": "(person_id < 2980699)",
                      "Rows Removed by Filter": 973988
                    },
                    {
                      "Node Type": "Hash",
                      "Parent Relationship": "Inner",
                      "Parallel Aware": true,
                      "Startup Cost": 90102.6,
                      "Total Cost": 90102.6,
                      "Plan Rows": 322388,
                      "Plan Width": 8,
                      "Actual Startup Time": 287.1,
                      "Actual Total Time": 287.185,
                      "Actual Rows": 36936,
                      "Actual Loops": 7,
                      "Hash Buckets": 1048576,
                      "Original Hash Buckets": 1048576,
                      "Hash Batches": 1,
                      "Original Hash Batches": 1,
                      "Peak Memory Usage": 18432,
                      "Plans": [
                        {
                          "Node Type": "Hash Join",
                          "Parent Relationship": "Outer",
                          "Parallel Aware": true,
                          "Join Type": "Inner",
                          "Startup Cost": 47224.52,
                          "Total Cost": 90102.6,
                          "Plan Rows": 322388,
                          "Plan Width": 8,
                          "Actual Startup Time": 133.277,
                          "Actual Total Time": 268.998,
                          "Actual Rows": 36936,
                          "Actual Loops": 7,
                          "Inner Unique": true,
                          "Hash Cond": "(mk.movie_id = t.id)",
                          "Plans": [
                            {
                              "Node Type": "Seq Scan",
                              "Parent Relationship": "Outer",
                              "Parallel Aware": true,
                              "Relation Name": "movie_keyword",
                              "Alias": "mk",
                              "Startup Cost": 0.0,
                              "Total Cost": 39047.32,
                              "Plan Rows": 1459332,
                              "Plan Width": 4,
                              "Actual Startup Time": 0.036,
                              "Actual Total Time": 63.845,
                              "Actual Rows": 646276,
                              "Actual Loops": 7
                            },
                            {
                              "Node Type": "Hash",
                              "Parent Relationship": "Inner",
                              "Parallel Aware": true,
                              "Startup Cost": 45479.1,
                              "Total Cost": 45479.1,
                              "Plan Rows": 139634,
                              "Plan Width": 4,
                              "Actual Startup Time": 131.536,
                              "Actual Total Time": 131.537,
                              "Actual Rows": 86441,
                              "Actual Loops": 7,
                              "Hash Buckets": 1048576,
                              "Original Hash Buckets": 1048576,
                              "Hash Batches": 1,
                              "Original Hash Batches": 1,
                              "Peak Memory Usage": 31968,
                              "Plans": [
                                {
                                  "Node Type": "Seq Scan",
                                  "Parent Relationship": "Outer",
                                  "Parallel Aware": true,
                                  "Relation Name": "title",
                                  "Alias": "t",
                                  "Startup Cost": 0.0,
                                  "Total Cost": 45479.1,
                                  "Plan Rows": 139634,
                                  "Plan Width": 4,
                                  "Actual Startup Time": 0.048,
                                  "Actual Total Time": 81.45,
                                  "Actual Rows": 86441,
                                  "Actual Loops": 7,
                                  "Filter": "((kind_id > 4) AND (production_year > 2006))",
                                  "Rows Removed by Filter": 274746
                                }
                              ]
                            }
                          ]
                        }
                      ]
                    }
                  ]
                }
              ]
            }
          ]
        }
      ]
    },
    "Planning Time": 1.334,
    "Triggers": [],
    "Execution Time": 1725.772
  }
]