[
  {
    "Plan": {
      "Node Type": "Aggregate",
      "Strategy": "Plain",
      "Partial Mode": "Finalize",
      "Parallel Aware": false,
      "Startup Cost": 62396.62,
      "Total Cost": 62396.63,
      "Plan Rows": 1,
      "Plan Width": 8,
      "Actual Startup Time": 185.144,
      "Actual Total Time": 200.892,
      "Actual Rows": 1,
      "Actual Loops": 1,
      "Plans": [
        {
          "Node Type": "Gather",
          "Parent Relationship": "Outer",
          "Parallel Aware": false,
          "Startup Cost": 62396.41,
          "Total Cost": 62396.62,
          "Plan Rows": 2,
          "Plan Width": 8,
          "Actual Startup Time": 184.484,
          "Actual Total Time": 200.884,
          "Actual Rows": 3,
          "Actual Loops": 1,
          "Workers Planned": 2,
          "Workers Launched": 2,
          "Single Copy": false,
          "Plans": [
            {
              "Node Type": "Aggregate",
              "Strategy": "Plain",
              "Partial Mode": "Partial",
              "Parent Relationship": "Outer",
              "Parallel Aware": false,
              "Startup Cost": 61396.41,
              "Total Cost": 61396.42,
              "Plan Rows": 1,
              "Plan Width": 8,
              "Actual Startup Time": 181.687,
              "Actual Total Time": 181.691,
              "Actual Rows": 1,
              "Actual Loops": 3,
              "Plans": [
                {
                  "Node Type": "Hash Join",
                  "Parent Relationship": "Outer",
                  "Parallel Aware": true,
                  "Join Type": "Inner",
                  "Startup Cost": 45758.85,
                  "Total Cost": 61379.64,
                  "Plan Rows": 6707,
                  "Plan Width": 0,
                  "Actual Startup Time": 116.134,
                  "Actual Total Time": 181.437,
                  "Actual Rows": 4003,
                  "Actual Loops": 3,
                  "Inner Unique": true,
                  "Hash Cond": "(mi_idx.movie_id = t.id)",
                  "Plans": [
                    {
                      "Node Type": "Seq Scan",
                      "Parent Relationship": "Outer",
                      "Parallel Aware": true,
                      "Relation Name": "movie_info_idx",
                      "Alias": "mi_idx",
                      "Startup Cost": 0.0,
                      "Total Cost": 15122.68,
                      "Plan Rows": 189755,
                      "Plan Width": 4,
                      "Actual Startup Time": 0.014,
                      "Actual Total Time": 42.741,
                      "Actual Rows": 153308,
                      "Actual Loops": 3,
                      "Filter": "(info_type_id < 100)",
                      "Rows Removed by Filter": 306703
                    },
                    {
                      "Node Type": "Hash",
                      "Parent Relationship": "Inner",
                      "Parallel Aware": true,
                      "Startup Cost": 45479.59,
                      "Total Cost": 45479.59,
                      "Plan Rows": 22341,
                      "Plan Width": 4,
                      "Actual Startup Time": 115.011,
                      "Actual Total Time": 115.012,
                      "Actual Rows": 33931,
                      "Actual Loops": 3,
                      "Hash Buckets": 131072,
                      "Original Hash Buckets": 131072,
                      "Hash Batches": 1,
                      "Original Hash Batches": 1,
                      "Peak Memory Usage": 5056,
                      "Plans": [
                        {
                          "Node Type": "Seq Scan",
                          "Parent Relationship": "Outer",
                          "Parallel Aware": true,
                          "Relation Name": "title",
                          "Alias": "t",
                          "Startup Cost": 0.0,
                          "Total Cost": 45479.59,
                          "Plan Rows": 22341,
                          "Plan Width": 4,
                          "Actual Startup Time": 0.024,
                          "Actual Total Time": 103.689,
                          "Actual Rows": 33931,
                          "Actual Loops": 3,
                          "Filter": "((kind_id > 1) AND (production_year = 2007))",
                          "Rows Removed by Filter": 808840
                        }
                      ]
                    }
                  ]
                }
              ]
            }
          ]
        }
      ]
    },
    "Planning Time": 0.303,
    "Triggers": [],
    "Execution Time": 200.931
  }
]