{
  "Plan": {
    "Node Type": "Aggregate",
    "Strategy": "Plain",
    "Partial Mode": "Finalize",
    "Parallel Aware": false,
    "Startup Cost": 448291.04,
    "Total Cost": 448291.05,
    "Plan Rows": 1,
    "Plan Width": 8,
    "Actual Startup Time": 1049.203,
    "Actual Total Time": 1067.393,
    "Actual Rows": 1,
    "Actual Loops": 1,
    "Plans": [
      {
        "Node Type": "Gather",
        "Parent Relationship": "Outer",
        "Parallel Aware": false,
        "Startup Cost": 448290.93,
        "Total Cost": 448291.04,
        "Plan Rows": 1,
        "Plan Width": 8,
        "Actual Startup Time": 1046.798,
        "Actual Total Time": 1067.381,
        "Actual Rows": 2,
        "Actual Loops": 1,
        "Workers Planned": 1,
        "Workers Launched": 1,
        "Single Copy": false,
        "Plans": [
          {
            "Node Type": "Aggregate",
            "Strategy": "Plain",
            "Partial Mode": "Partial",
            "Parent Relationship": "Outer",
            "Parallel Aware": false,
            "Startup Cost": 447290.93,
            "Total Cost": 447290.94,
            "Plan Rows": 1,
            "Plan Width": 8,
            "Actual Startup Time": 1041.179,
            "Actual Total Time": 1041.184,
            "Actual Rows": 1,
            "Actual Loops": 2,
            "Plans": [
              {
                "Node Type": "Hash Join",
                "Parent Relationship": "Outer",
                "Parallel Aware": true,
                "Join Type": "Inner",
                "Startup Cost": 151327.98,
                "Total Cost": 445254.36,
                "Plan Rows": 814628,
                "Plan Width": 0,
                "Actual Startup Time": 506.373,
                "Actual Total Time": 1026.311,
                "Actual Rows": 261063,
                "Actual Loops": 2,
                "Inner Unique": true,
                "Hash Cond": "(ci.movie_id = t.id)",
                "Plans": [
                  {
                    "Node Type": "Bitmap Heap Scan",
                    "Parent Relationship": "Outer",
                    "Parallel Aware": true,
                    "Relation Name": "cast_info",
                    "Alias": "ci",
                    "Startup Cost": 89449.68,
                    "Total Cost": 377922.8,
                    "Plan Rows": 2077425,
                    "Plan Width": 4,
                    "Actual Startup Time": 195.944,
                    "Actual Total Time": 487.83,
                    "Actual Rows": 604733,
                    "Actual Loops": 2,
                    "Recheck Cond": "(person_id > 3355840)",
                    "Rows Removed by Index Recheck": 0,
                    "Filter": "(role_id < 10)",
                    "Rows Removed by Filter": 1321180,
                    "Exact Heap Blocks": 22976,
                    "Lossy Heap Blocks": 0,
                    "Plans": [
                      {
                        "Node Type": "Bitmap Index Scan",
                        "Parent Relationship": "Outer",
                        "Parallel Aware": false,
                        "Index Name": "person_id_cast_info",
                        "Startup Cost": 0.0,
                        "Total Cost": 88566.77,
                        "Plan Rows": 4055761,
                        "Plan Width": 0,
                        "Actual Startup Time": 180.749,
                        "Actual Total Time": 180.75,
                        "Actual Rows": 3851825,
                        "Actual Loops": 1,
                        "Index Cond": "(person_id > 3355840)"
                      }
                    ]
                  },
                  {
                    "Node Type": "Hash",
                    "Parent Relationship": "Inner",
                    "Parallel Aware": true,
                    "Startup Cost": 54588.39,
                    "Total Cost": 54588.39,
                    "Plan Rows": 583193,
                    "Plan Width": 4,
                    "Actual Startup Time": 301.371,
                    "Actual Total Time": 301.371,
                    "Actual Rows": 492524,
                    "Actual Loops": 2,
                    "Hash Buckets": 1048576,
                    "Original Hash Buckets": 1048576,
                    "Hash Batches": 1,
                    "Original Hash Batches": 1,
                    "Peak Memory Usage": 46784,
                    "Plans": [
                      {
                        "Node Type": "Seq Scan",
                        "Parent Relationship": "Outer",
                        "Parallel Aware": true,
                        "Relation Name": "title",
                        "Alias": "t",
                        "Startup Cost": 0.0,
                        "Total Cost": 54588.39,
                        "Plan Rows": 583193,
                        "Plan Width": 4,
                        "Actual Startup Time": 0.033,
                        "Actual Total Time": 168.904,
                        "Actual Rows": 492524,
                        "Actual Loops": 2,
                        "Filter": "(kind_id < 7)",
                        "Rows Removed by Filter": 771632
                      }
                    ]
                  }
                ]
              }
            ]
          }
        ]
      }
    ]
  },
  "Planning Time": 0.68,
  "Triggers": [],
  "Execution Time": 1067.489
}