{
  "Plan": {
    "Node Type": "Aggregate",
    "Strategy": "Plain",
    "Partial Mode": "Finalize",
    "Parallel Aware": false,
    "Startup Cost": 200716.5,
    "Total Cost": 200716.51,
    "Plan Rows": 1,
    "Plan Width": 8,
    "Actual Startup Time": 193.896,
    "Actual Total Time": 216.042,
    "Actual Rows": 1,
    "Actual Loops": 1,
    "Plans": [
      {
        "Node Type": "Gather",
        "Parent Relationship": "Outer",
        "Parallel Aware": false,
        "Startup Cost": 200716.38,
        "Total Cost": 200716.49,
        "Plan Rows": 1,
        "Plan Width": 8,
        "Actual Startup Time": 193.674,
        "Actual Total Time": 216.036,
        "Actual Rows": 2,
        "Actual Loops": 1,
        "Workers Planned": 1,
        "Workers Launched": 1,
        "Single Copy": false,
        "Plans": [
          {
            "Node Type": "Aggregate",
            "Strategy": "Plain",
            "Partial Mode": "Partial",
            "Parent Relationship": "Outer",
            "Parallel Aware": false,
            "Startup Cost": 199716.38,
            "Total Cost": 199716.39,
            "Plan Rows": 1,
            "Plan Width": 8,
            "Actual Startup Time": 187.52,
            "Actual Total Time": 187.522,
            "Actual Rows": 1,
            "Actual Loops": 2,
            "Plans": [
              {
                "Node Type": "Nested Loop",
                "Parent Relationship": "Outer",
                "Parallel Aware": false,
                "Join Type": "Inner",
                "Startup Cost": 0.56,
                "Total Cost": 199678.24,
                "Plan Rows": 15256,
                "Plan Width": 0,
                "Actual Startup Time": 16.409,
                "Actual Total Time": 186.28,
                "Actual Rows": 18911,
                "Actual Loops": 2,
                "Inner Unique": false,
                "Plans": [
                  {
                    "Node Type": "Seq Scan",
                    "Parent Relationship": "Outer",
                    "Parallel Aware": true,
                    "Relation Name": "title",
                    "Alias": "t",
                    "Startup Cost": 0.0,
                    "Total Cost": 54588.39,
                    "Plan Rows": 1065,
                    "Plan Width": 4,
                    "Actual Startup Time": 16.255,
                    "Actual Total Time": 134.893,
                    "Actual Rows": 982,
                    "Actual Loops": 2,
                    "Filter": "(production_year = 1946)",
                    "Rows Removed by Filter": 1263174
                  },
                  {
                    "Node Type": "Index Only Scan",
                    "Parent Relationship": "Inner",
                    "Parallel Aware": false,
                    "Scan Direction": "Forward",
                    "Index Name": "movie_id_cast_info",
                    "Relation Name": "cast_info",
                    "Alias": "ci",
                    "Startup Cost": 0.56,
                    "Total Cost": 135.86,
                    "Plan Rows": 37,
                    "Plan Width": 4,
                    "Actual Startup Time": 0.011,
                    "Actual Total Time": 0.05,
                    "Actual Rows": 19,
                    "Actual Loops": 1965,
                    "Index Cond": "(movie_id = t.id)",
                    "Rows Removed by Index Recheck": 0,
                    "Heap Fetches": 37822
                  }
                ]
              }
            ]
          }
        ]
      }
    ]
  },
  "Planning Time": 0.432,
  "Triggers": [],
  "Execution Time": 216.143
}