[
  {
    "Plan": {
      "Node Type": "Aggregate",
      "Strategy": "Plain",
      "Partial Mode": "Finalize",
      "Parallel Aware": false,
      "Startup Cost": 32133.01,
      "Total Cost": 32133.02,
      "Plan Rows": 1,
      "Plan Width": 8,
      "Actual Startup Time": 127.955,
      "Actual Total Time": 136.299,
      "Actual Rows": 1,
      "Actual Loops": 1,
      "Plans": [
        {
          "Node Type": "Gather",
          "Parent Relationship": "Outer",
          "Parallel Aware": false,
          "Startup Cost": 32132.69,
          "Total Cost": 32133.0,
          "Plan Rows": 3,
          "Plan Width": 8,
          "Actual Startup Time": 127.831,
          "Actual Total Time": 136.289,
          "Actual Rows": 4,
          "Actual Loops": 1,
          "Workers Planned": 3,
          "Workers Launched": 3,
          "Single Copy": false,
          "Plans": [
            {
              "Node Type": "Aggregate",
              "Strategy": "Plain",
              "Partial Mode": "Partial",
              "Parent Relationship": "Outer",
              "Parallel Aware": false,
              "Startup Cost": 31132.69,
              "Total Cost": 31132.7,
              "Plan Rows": 1,
              "Plan Width": 8,
              "Actual Startup Time": 119.118,
              "Actual Total Time": 119.119,
              "Actual Rows": 1,
              "Actual Loops": 4,
              "Plans": [
                {
                  "Node Type": "Seq Scan",
                  "Parent Relationship": "Outer",
                  "Parallel Aware": true,
                  "Relation Name": "movie_companies",
                  "Alias": "mc",
                  "Startup Cost": 0.0,
                  "Total Cost": 29310.68,
                  "Plan Rows": 728803,
                  "Plan Width": 0,
                  "Actual Startup Time": 0.049,
                  "Actual Total Time": 89.176,
                  "Actual Rows": 564160,
                  "Actual Loops": 4,
                  "Filter": "(company_id < 88010)",
                  "Rows Removed by Filter": 88122
                }
              ]
            }
          ]
        }
      ]
    },
    "Planning Time": 0.192,
    "Triggers": [],
    "Execution Time": 136.357
  }
]