[
  {
    "Plan": {
      "Node Type": "Aggregate",
      "Strategy": "Plain",
      "Partial Mode": "Finalize",
      "Parallel Aware": false,
      "Startup Cost": 371932.8,
      "Total Cost": 371932.81,
      "Plan Rows": 1,
      "Plan Width": 8,
      "Actual Startup Time": 478.551,
      "Actual Total Time": 552.655,
      "Actual Rows": 1,
      "Actual Loops": 1,
      "Plans": [
        {
          "Node Type": "Gather",
          "Parent Relationship": "Outer",
          "Parallel Aware": false,
          "Startup Cost": 371932.38,
          "Total Cost": 371932.79,
          "Plan Rows": 4,
          "Plan Width": 8,
          "Actual Startup Time": 478.437,
          "Actual Total Time": 552.646,
          "Actual Rows": 5,
          "Actual Loops": 1,
          "Workers Planned": 4,
          "Workers Launched": 4,
          "Single Copy": false,
          "Plans": [
            {
              "Node Type": "Aggregate",
              "Strategy": "Plain",
              "Partial Mode": "Partial",
              "Parent Relationship": "Outer",
              "Parallel Aware": false,
              "Startup Cost": 370932.38,
              "Total Cost": 370932.39,
              "Plan Rows": 1,
              "Plan Width": 8,
              "Actual Startup Time": 471.415,
              "Actual Total Time": 471.416,
              "Actual Rows": 1,
              "Actual Loops": 5,
              "Plans": [
                {
                  "Node Type": "Nested Loop",
                  "Parent Relationship": "Outer",
                  "Parallel Aware": false,
                  "Join Type": "Inner",
                  "Startup Cost": 0.56,
                  "Total Cost": 370808.0,
                  "Plan Rows": 49754,
                  "Plan Width": 0,
                  "Actual Startup Time": 0.357,
                  "Actual Total Time": 468.588,
                  "Actual Rows": 34469,
                  "Actual Loops": 5,
                  "Inner Unique": false,
                  "Plans": [
                    {
                      "Node Type": "Seq Scan",
                      "Parent Relationship": "Outer",
                      "Parallel Aware": true,
                      "Relation Name": "title",
                      "Alias": "t",
                      "Startup Cost": 0.0,
                      "Total Cost": 45479.1,
                      "Plan Rows": 15780,
                      "Plan Width": 4,
                      "Actual Startup Time": 0.091,
                      "Actual Total Time": 66.9,
                      "Actual Rows": 10781,
                      "Actual Loops": 5,
                      "Filter": "((kind_id < 7) AND (production_year = 2012))",
                      "Rows Removed by Filter": 494881
                    },
                    {
                      "Node Type": "Index Scan",
                      "Parent Relationship": "Inner",
                      "Parallel Aware": false,
                      "Scan Direction": "Forward",
                      "Index Name": "movie_id_cast_info",
                      "Relation Name": "cast_info",
                      "Alias": "ci",
                      "Startup Cost": 0.56,
                      "Total Cost": 20.54,
                      "Plan Rows": 8,
                      "Plan Width": 4,
                      "Actual Startup Time": 0.012,
                      "Actual Total Time": 0.037,
                      "Actual Rows": 3,
                      "Actual Loops": 53905,
                      "Index Cond": "(movie_id = t.id)",
                      "Rows Removed by Index Recheck": 0,
                      "Filter": "(person_id < 794713)",
                      "Rows Removed by Filter": 12
                    }
                  ]
                }
              ]
            }
          ]
        }
      ]
    },
    "Planning Time": 0.651,
    "Triggers": [],
    "Execution Time": 552.749
  }
]