[
  {
    "Plan": {
      "Node Type": "Aggregate",
      "Strategy": "Plain",
      "Partial Mode": "Finalize",
      "Parallel Aware": false,
      "Startup Cost": 118983.67,
      "Total Cost": 118983.68,
      "Plan Rows": 1,
      "Plan Width": 8,
      "Actual Startup Time": 485.504,
      "Actual Total Time": 508.556,
      "Actual Rows": 1,
      "Actual Loops": 1,
      "Plans": [
        {
          "Node Type": "Gather",
          "Parent Relationship": "Outer",
          "Parallel Aware": false,
          "Startup Cost": 118983.36,
          "Total Cost": 118983.67,
          "Plan Rows": 3,
          "Plan Width": 8,
          "Actual Startup Time": 483.449,
          "Actual Total Time": 508.547,
          "Actual Rows": 4,
          "Actual Loops": 1,
          "Workers Planned": 3,
          "Workers Launched": 3,
          "Single Copy": false,
          "Plans": [
            {
              "Node Type": "Aggregate",
              "Strategy": "Plain",
              "Partial Mode": "Partial",
              "Parent Relationship": "Outer",
              "Parallel Aware": false,
              "Startup Cost": 117983.36,
              "Total Cost": 117983.37,
              "Plan Rows": 1,
              "Plan Width": 8,
              "Actual Startup Time": 474.388,
              "Actual Total Time": 474.391,
              "Actual Rows": 1,
              "Actual Loops": 4,
              "Plans": [
                {
                  "Node Type": "Nested Loop",
                  "Parent Relationship": "Outer",
                  "Parallel Aware": false,
                  "Join Type": "Inner",
                  "Startup Cost": 44964.81,
                  "Total Cost": 117874.52,
                  "Plan Rows": 43534,
                  "Plan Width": 0,
                  "Actual Startup Time": 126.538,
                  "Actual Total Time": 460.441,
                  "Actual Rows": 336620,
                  "Actual Loops": 4,
                  "Inner Unique": false,
                  "Join Filter": "(t.id = mc.movie_id)",
                  "Rows Removed by Join Filter": 0,
                  "Plans": [
                    {
                      "Node Type": "Hash Join",
                      "Parent Relationship": "Outer",
                      "Parallel Aware": true,
                      "Join Type": "Inner",
                      "Startup Cost": 44964.38,
                      "Total Cost": 88481.19,
                      "Plan Rows": 42185,
                      "Plan Width": 8,
                      "Actual Startup Time": 126.459,
                      "Actual Total Time": 246.718,
                      "Actual Rows": 50083,
                      "Actual Loops": 4,
                      "Inner Unique": true,
                      "Hash Cond": "(mk.movie_id = t.id)",
                      "Plans": [
                        {
                          "Node Type": "Seq Scan",
                          "Parent Relationship": "Outer",
                          "Parallel Aware": true,
                          "Relation Name": "movie_keyword",
                          "Alias": "mk",
                          "Startup Cost": 0.0,
                          "Total Cost": 42695.65,
                          "Plan Rows": 312824,
                          "Plan Width": 4,
                          "Actual Startup Time": 1.372,
                          "Actual Total Time": 86.845,
                          "Actual Rows": 241628,
                          "Actual Loops": 4,
                          "Filter": "(keyword_id > 19734)",
                          "Rows Removed by Filter": 889354
                        },
                        {
                          "Node Type": "Hash",
                          "Parent Relationship": "Inner",
                          "Parallel Aware": true,
                          "Startup Cost": 43898.92,
                          "Total Cost": 43898.92,
                          "Plan Rows": 85237,
                          "Plan Width": 4,
                          "Actual Startup Time": 121.771,
                          "Actual Total Time": 121.772,
                          "Actual Rows": 88020,
                          "Actual Loops": 4,
                          "Hash Buckets": 524288,
                          "Original Hash Buckets": 524288,
                          "Hash Batches": 1,
                          "Original Hash Batches": 1,
                          "Peak Memory Usage": 17952,
                          "Plans": [
                            {
                              "Node Type": "Seq Scan",
                              "Parent Relationship": "Outer",
                              "Parallel Aware": true,
                              "Relation Name": "title",
                              "Alias": "t",
                              "Startup Cost": 0.0,
                              "Total Cost": 43898.92,
                              "Plan Rows": 85237,
                              "Plan Width": 4,
                              "Actual Startup Time": 0.034,
                              "Actual Total Time": 92.829,
                              "Actual Rows": 88020,
                              "Actual Loops": 4,
                              "Filter": "(production_year < 1969)",
                              "Rows Removed by Filter": 544058
                            }
                          ]
                        }
                      ]
                    },
                    {
                      "Node Type": "Index Only Scan",
                      "Parent Relationship": "Inner",
                      "Parallel Aware": false,
                      "Scan Direction": "Forward",
                      "Index Name": "movie_id_movie_companies",
                      "Relation Name": "movie_companies",
                      "Alias": "mc",
                      "Startup Cost": 0.43,
                      "Total Cost": 0.63,
                      "Plan Rows": 5,
                      "Plan Width": 4,
                      "Actual Startup Time": 0.002,
                      "Actual Total Time": 0.004,
                      "Actual Rows": 7,
                      "Actual Loops": 200332,
                      "Index Cond": "(movie_id = mk.movie_id)",
                      "Rows Removed by Index Recheck": 0,
                      "Heap Fetches": 1346478
                    }
                  ]
                }
              ]
            }
          ]
        }
      ]
    },
    "Planning Time": 1.362,
    "Triggers": [],
    "Execution Time": 508.634
  }
]