[
  {
    "Plan": {
      "Node Type": "Aggregate",
      "Strategy": "Plain",
      "Partial Mode": "Finalize",
      "Parallel Aware": false,
      "Startup Cost": 247845.27,
      "Total Cost": 247845.28,
      "Plan Rows": 1,
      "Plan Width": 8,
      "Actual Startup Time": 609.276,
      "Actual Total Time": 654.057,
      "Actual Rows": 1,
      "Actual Loops": 1,
      "Plans": [
        {
          "Node Type": "Gather",
          "Parent Relationship": "Outer",
          "Parallel Aware": false,
          "Startup Cost": 247844.74,
          "Total Cost": 247845.25,
          "Plan Rows": 5,
          "Plan Width": 8,
          "Actual Startup Time": 604.449,
          "Actual Total Time": 654.038,
          "Actual Rows": 6,
          "Actual Loops": 1,
          "Workers Planned": 5,
          "Workers Launched": 5,
          "Single Copy": false,
          "Plans": [
            {
              "Node Type": "Aggregate",
              "Strategy": "Plain",
              "Partial Mode": "Partial",
              "Parent Relationship": "Outer",
              "Parallel Aware": false,
              "Startup Cost": 246844.74,
              "Total Cost": 246844.75,
              "Plan Rows": 1,
              "Plan Width": 8,
              "Actual Startup Time": 596.175,
              "Actual Total Time": 596.179,
              "Actual Rows": 1,
              "Actual Loops": 6,
              "Plans": [
                {
                  "Node Type": "Hash Join",
                  "Parent Relationship": "Outer",
                  "Parallel Aware": true,
                  "Join Type": "Inner",
                  "Startup Cost": 45440.46,
                  "Total Cost": 246485.05,
                  "Plan Rows": 143879,
                  "Plan Width": 0,
                  "Actual Startup Time": 153.311,
                  "Actual Total Time": 588.594,
                  "Actual Rows": 171528,
                  "Actual Loops": 6,
                  "Inner Unique": true,
                  "Hash Cond": "(mi.movie_id = t.id)",
                  "Plans": [
                    {
                      "Node Type": "Seq Scan",
                      "Parent Relationship": "Outer",
                      "Parallel Aware": true,
                      "Relation Name": "movie_info",
                      "Alias": "mi",
                      "Startup Cost": 0.0,
                      "Total Cost": 199108.24,
                      "Plan Rows": 737655,
                      "Plan Width": 4,
                      "Actual Startup Time": 31.048,
                      "Actual Total Time": 345.134,
                      "Actual Rows": 604163,
                      "Actual Loops": 6,
                      "Filter": "(info_type_id < 4)",
                      "Rows Removed by Filter": 1868457
                    },
                    {
                      "Node Type": "Hash",
                      "Parent Relationship": "Inner",
                      "Parallel Aware": true,
                      "Startup Cost": 43899.32,
                      "Total Cost": 43899.32,
                      "Plan Rows": 123291,
                      "Plan Width": 4,
                      "Actual Startup Time": 119.453,
                      "Actual Total Time": 119.454,
                      "Actual Rows": 84826,
                      "Actual Loops": 6,
                      "Hash Buckets": 524288,
                      "Original Hash Buckets": 524288,
                      "Hash Batches": 1,
                      "Original Hash Batches": 1,
                      "Peak Memory Usage": 24128,
                      "Plans": [
                        {
                          "Node Type": "Seq Scan",
                          "Parent Relationship": "Outer",
                          "Parallel Aware": true,
                          "Relation Name": "title",
                          "Alias": "t",
                          "Startup Cost": 0.0,
                          "Total Cost": 43899.32,
                          "Plan Rows": 123291,
                          "Plan Width": 4,
                          "Actual Startup Time": 0.041,
                          "Actual Total Time": 81.641,
                          "Actual Rows": 84826,
                          "Actual Loops": 6,
                          "Filter": "(production_year < 1980)",
                          "Rows Removed by Filter": 336560
                        }
                      ]
                    }
                  ]
                }
              ]
            }
          ]
        }
      ]
    },
    "Planning Time": 0.642,
    "Triggers": [],
    "Execution Time": 654.137
  }
]