[
    {
        "Bao": {
            "Bao prediction": "NaN",
            "Bao recommended hint": "(no hint)"
        }
    },
    {
        "Plan": {
            "Node Type": "Aggregate",
            "Strategy": "Plain",
            "Partial Mode": "Finalize",
            "Parallel Aware": false,
            "Startup Cost": 346234.45,
            "Total Cost": 346234.46,
            "Plan Rows": 1,
            "Plan Width": 8,
            "Actual Startup Time": 747.215,
            "Actual Total Time": 777.267,
            "Actual Rows": 1,
            "Actual Loops": 1,
            "Output": [
                "count(*)"
            ],
            "Plans": [
                {
                    "Node Type": "Gather",
                    "Parent Relationship": "Outer",
                    "Parallel Aware": false,
                    "Startup Cost": 346233.82,
                    "Total Cost": 346234.43,
                    "Plan Rows": 6,
                    "Plan Width": 8,
                    "Actual Startup Time": 747.105,
                    "Actual Total Time": 777.258,
                    "Actual Rows": 7,
                    "Actual Loops": 1,
                    "Output": [
                        "(PARTIAL count(*))"
                    ],
                    "Workers Planned": 6,
                    "Workers Launched": 6,
                    "Single Copy": false,
                    "Plans": [
                        {
                            "Node Type": "Aggregate",
                            "Strategy": "Plain",
                            "Partial Mode": "Partial",
                            "Parent Relationship": "Outer",
                            "Parallel Aware": false,
                            "Startup Cost": 345233.82,
                            "Total Cost": 345233.83,
                            "Plan Rows": 1,
                            "Plan Width": 8,
                            "Actual Startup Time": 737.026,
                            "Actual Total Time": 737.027,
                            "Actual Rows": 1,
                            "Actual Loops": 7,
                            "Output": [
                                "PARTIAL count(*)"
                            ],
                            "Workers": [
                                {
                                    "Worker Number": 0,
                                    "Actual Startup Time": 734.769,
                                    "Actual Total Time": 734.77,
                                    "Actual Rows": 1,
                                    "Actual Loops": 1
                                },
                                {
                                    "Worker Number": 1,
                                    "Actual Startup Time": 735.128,
                                    "Actual Total Time": 735.129,
                                    "Actual Rows": 1,
                                    "Actual Loops": 1
                                },
                                {
                                    "Worker Number": 2,
                                    "Actual Startup Time": 735.336,
                                    "Actual Total Time": 735.337,
                                    "Actual Rows": 1,
                                    "Actual Loops": 1
                                },
                                {
                                    "Worker Number": 3,
                                    "Actual Startup Time": 735.666,
                                    "Actual Total Time": 735.667,
                                    "Actual Rows": 1,
                                    "Actual Loops": 1
                                },
                                {
                                    "Worker Number": 4,
                                    "Actual Startup Time": 735.878,
                                    "Actual Total Time": 735.88,
                                    "Actual Rows": 1,
                                    "Actual Loops": 1
                                },
                                {
                                    "Worker Number": 5,
                                    "Actual Startup Time": 736.186,
                                    "Actual Total Time": 736.187,
                                    "Actual Rows": 1,
                                    "Actual Loops": 1
                                }
                            ],
                            "Plans": [
                                {
                                    "Node Type": "Seq Scan",
                                    "Parent Relationship": "Outer",
                                    "Parallel Aware": true,
                                    "Relation Name": "cast_info",
                                    "Schema": "public",
                                    "Alias": "ci",
                                    "Startup Cost": 0.0,
                                    "Total Cost": 343318.94,
                                    "Plan Rows": 765952,
                                    "Plan Width": 0,
                                    "Actual Startup Time": 406.95,
                                    "Actual Total Time": 713.077,
                                    "Actual Rows": 415684,
                                    "Actual Loops": 7,
                                    "Output": [
                                        "id",
                                        "person_id",
                                        "movie_id",
                                        "person_role_id",
                                        "note",
                                        "nr_order",
                                        "role_id"
                                    ],
                                    "Filter": "((ci.person_id < 1021164) AND (ci.role_id > 2))",
                                    "Rows Removed by Filter": 4762079,
                                    "Workers": [
                                        {
                                            "Worker Number": 0,
                                            "Actual Startup Time": 404.701,
                                            "Actual Total Time": 711.028,
                                            "Actual Rows": 345491,
                                            "Actual Loops": 1
                                        },
                                        {
                                            "Worker Number": 1,
                                            "Actual Startup Time": 405.046,
                                            "Actual Total Time": 711.106,
                                            "Actual Rows": 352888,
                                            "Actual Loops": 1
                                        },
                                        {
                                            "Worker Number": 2,
                                            "Actual Startup Time": 405.276,
                                            "Actual Total Time": 711.621,
                                            "Actual Rows": 494226,
                                            "Actual Loops": 1
                                        },
                                        {
                                            "Worker Number": 3,
                                            "Actual Startup Time": 405.58,
                                            "Actual Total Time": 712.104,
                                            "Actual Rows": 344564,
                                            "Actual Loops": 1
                                        },
                                        {
                                            "Worker Number": 4,
                                            "Actual Startup Time": 405.798,
                                            "Actual Total Time": 712.288,
                                            "Actual Rows": 345257,
                                            "Actual Loops": 1
                                        },
                                        {
                                            "Worker Number": 5,
                                            "Actual Startup Time": 406.127,
                                            "Actual Total Time": 713.153,
                                            "Actual Rows": 336649,
                                            "Actual Loops": 1
                                        }
                                    ]
                                }
                            ]
                        }
                    ]
                }
            ]
        },
        "Planning Time": 200.385,
        "Triggers": [],
        "Execution Time": 777.369
    }
]