{
  "Plan": {
    "Node Type": "Aggregate",
    "Strategy": "Plain",
    "Partial Mode": "Simple",
    "Parallel Aware": false,
    "Startup Cost": 206407.21,
    "Total Cost": 206407.22,
    "Plan Rows": 1,
    "Plan Width": 96,
    "Actual Startup Time": 847.144,
    "Actual Total Time": 847.159,
    "Actual Rows": 1,
    "Actual Loops": 1,
    "Plans": [
      {
        "Node Type": "Merge Join",
        "Parent Relationship": "Outer",
        "Parallel Aware": false,
        "Join Type": "Inner",
        "Startup Cost": 206407.18,
        "Total Cost": 206407.21,
        "Plan Rows": 1,
        "Plan Width": 48,
        "Actual Startup Time": 847.053,
        "Actual Total Time": 847.112,
        "Actual Rows": 310,
        "Actual Loops": 1,
        "Inner Unique": false,
        "Merge Cond": "(ct.id = mc.company_type_id)",
        "Plans": [
          {
            "Node Type": "Sort",
            "Parent Relationship": "Outer",
            "Parallel Aware": false,
            "Startup Cost": 1.06,
            "Total Cost": 1.06,
            "Plan Rows": 1,
            "Plan Width": 4,
            "Actual Startup Time": 0.068,
            "Actual Total Time": 0.07,
            "Actual Rows": 1,
            "Actual Loops": 1,
            "Sort Key": [
              "ct.id"
            ],
            "Sort Method": "quicksort",
            "Sort Space Used": 25,
            "Sort Space Type": "Memory",
            "Plans": [
              {
                "Node Type": "Seq Scan",
                "Parent Relationship": "Outer",
                "Parallel Aware": false,
                "Relation Name": "company_type",
                "Alias": "ct",
                "Startup Cost": 0.0,
                "Total Cost": 1.05,
                "Plan Rows": 1,
                "Plan Width": 4,
                "Actual Startup Time": 0.016,
                "Actual Total Time": 0.018,
                "Actual Rows": 1,
                "Actual Loops": 1,
                "Filter": "((kind)::text = 'production companies'::text)",
                "Rows Removed by Filter": 3
              }
            ]
          },
          {
            "Node Type": "Sort",
            "Parent Relationship": "Inner",
            "Parallel Aware": false,
            "Startup Cost": 206406.12,
            "Total Cost": 206406.13,
            "Plan Rows": 1,
            "Plan Width": 52,
            "Actual Startup Time": 846.978,
            "Actual Total Time": 847.002,
            "Actual Rows": 330,
            "Actual Loops": 1,
            "Sort Key": [
              "mc.company_type_id"
            ],
            "Sort Method": "quicksort",
            "Sort Space Used": 69,
            "Sort Space Type": "Memory",
            "Plans": [
              {
                "Node Type": "Merge Join",
                "Parent Relationship": "Outer",
                "Parallel Aware": false,
                "Join Type": "Inner",
                "Startup Cost": 206130.33,
                "Total Cost": 206406.11,
                "Plan Rows": 1,
                "Plan Width": 52,
                "Actual Startup Time": 843.751,
                "Actual Total Time": 846.883,
                "Actual Rows": 330,
                "Actual Loops": 1,
                "Inner Unique": true,
                "Merge Cond": "(mc.company_id = cn.id)",
                "Plans": [
                  {
                    "Node Type": "Sort",
                    "Parent Relationship": "Outer",
                    "Parallel Aware": false,
                    "Startup Cost": 194676.35,
                    "Total Cost": 194676.35,
                    "Plan Rows": 1,
                    "Plan Width": 37,
                    "Actual Startup Time": 777.566,
                    "Actual Total Time": 777.642,
                    "Actual Rows": 705,
                    "Actual Loops": 1,
                    "Sort Key": [
                      "mc.company_id"
                    ],
                    "Sort Method": "quicksort",
                    "Sort Space Used": 80,
                    "Sort Space Type": "Memory",
                    "Plans": [
                      {
                        "Node Type": "Merge Join",
                        "Parent Relationship": "Outer",
                        "Parallel Aware": false,
                        "Join Type": "Inner",
                        "Startup Cost": 194428.34,
                        "Total Cost": 194676.34,
                        "Plan Rows": 1,
                        "Plan Width": 37,
                        "Actual Startup Time": 773.459,
                        "Actual Total Time": 777.393,
                        "Actual Rows": 705,
                        "Actual Loops": 1,
                        "Inner Unique": false,
                        "Merge Cond": "(ml.movie_id = mc.movie_id)",
                        "Plans": [
                          {
                            "Node Type": "Sort",
                            "Parent Relationship": "Outer",
                            "Parallel Aware": false,
                            "Startup Cost": 20806.81,
                            "Total Cost": 20806.81,
                            "Plan Rows": 1,
                            "Plan Width": 41,
                            "Actual Startup Time": 195.669,
                            "Actual Total Time": 195.693,
                            "Actual Rows": 152,
                            "Actual Loops": 1,
                            "Sort Key": [
                              "mk.movie_id"
                            ],
                            "Sort Method": "quicksort",
                            "Sort Space Used": 37,
                            "Sort Space Type": "Memory",
                            "Plans": [
                              {
                                "Node Type": "Merge Join",
                                "Parent Relationship": "Outer",
                                "Parallel Aware": false,
                                "Join Type": "Inner",
                                "Startup Cost": 20668.33,
                                "Total Cost": 20806.8,
                                "Plan Rows": 1,
                                "Plan Width": 41,
                                "Actual Startup Time": 195.582,
                                "Actual Total Time": 195.622,
                                "Actual Rows": 152,
                                "Actual Loops": 1,
                                "Inner Unique": false,
                                "Merge Cond": "(k.id = mk.keyword_id)",
                                "Plans": [
                                  {
                                    "Node Type": "Sort",
                                    "Parent Relationship": "Outer",
                                    "Parallel Aware": false,
                                    "Startup Cost": 2626.14,
                                    "Total Cost": 2626.14,
                                    "Plan Rows": 1,
                                    "Plan Width": 4,
                                    "Actual Startup Time": 26.054,
                                    "Actual Total Time": 26.056,
                                    "Actual Rows": 1,
                                    "Actual Loops": 1,
                                    "Sort Key": [
                                      "k.id"
                                    ],
                                    "Sort Method": "quicksort",
                                    "Sort Space Used": 25,
                                    "Sort Space Type": "Memory",
                                    "Plans": [
                                      {
                                        "Node Type": "Seq Scan",
                                        "Parent Relationship": "Outer",
                                        "Parallel Aware": false,
                                        "Relation Name": "keyword",
                                        "Alias": "k",
                                        "Startup Cost": 0.0,
                                        "Total Cost": 2626.12,
                                        "Plan Rows": 1,
                                        "Plan Width": 4,
                                        "Actual Startup Time": 2.323,
                                        "Actual Total Time": 26.03,
                                        "Actual Rows": 1,
                                        "Actual Loops": 1,
                                        "Filter": "(keyword = 'sequel'::text)",
                                        "Rows Removed by Filter": 134169
                                      }
                                    ]
                                  },
                                  {
                                    "Node Type": "Sort",
                                    "Parent Relationship": "Inner",
                                    "Parallel Aware": false,
                                    "Startup Cost": 18041.71,
                                    "Total Cost": 18111.18,
                                    "Plan Rows": 27787,
                                    "Plan Width": 45,
                                    "Actual Startup Time": 169.204,
                                    "Actual Total Time": 169.382,
                                    "Actual Rows": 2565,
                                    "Actual Loops": 1,
                                    "Sort Key": [
                                      "mk.keyword_id"
                                    ],
                                    "Sort Method": "quicksort",
                                    "Sort Space Used": 1589,
                                    "Sort Space Type": "Memory",
                                    "Plans": [
                                      {
                                        "Node Type": "Merge Join",
                                        "Parent Relationship": "Outer",
                                        "Parallel Aware": false,
                                        "Join Type": "Inner",
                                        "Startup Cost": 11603.28,
                                        "Total Cost": 15990.73,
                                        "Plan Rows": 27787,
                                        "Plan Width": 45,
                                        "Actual Startup Time": 145.411,
                                        "Actual Total Time": 165.259,
                                        "Actual Rows": 12059,
                                        "Actual Loops": 1,
                                        "Inner Unique": false,
                                        "Merge Cond": "(mk.movie_id = ml.movie_id)",
                                        "Plans": [
                                          {
                                            "Node Type": "Index Scan",
                                            "Parent Relationship": "Outer",
                                            "Parallel Aware": false,
                                            "Scan Direction": "Forward",
                                            "Index Name": "movie_id_movie_keyword",
                                            "Relation Name": "movie_keyword",
                                            "Alias": "mk",
                                            "Startup Cost": 0.43,
                                            "Total Cost": 177148.48,
                                            "Plan Rows": 4523930,
                                            "Plan Width": 8,
                                            "Actual Startup Time": 0.019,
                                            "Actual Total Time": 12.755,
                                            "Actual Rows": 81953,
                                            "Actual Loops": 1
                                          },
                                          {
                                            "Node Type": "Sort",
                                            "Parent Relationship": "Inner",
                                            "Parallel Aware": false,
                                            "Startup Cost": 11602.73,
                                            "Total Cost": 11604.23,
                                            "Plan Rows": 599,
                                            "Plan Width": 37,
                                            "Actual Startup Time": 145.372,
                                            "Actual Total Time": 145.929,
                                            "Actual Rows": 12290,
                                            "Actual Loops": 1,
                                            "Sort Key": [
                                              "ml.movie_id"
                                            ],
                                            "Sort Method": "quicksort",
                                            "Sort Space Used": 168,
                                            "Sort Space Type": "Memory",
                                            "Plans": [
                                              {
                                                "Node Type": "Merge Join",
                                                "Parent Relationship": "Outer",
                                                "Parallel Aware": false,
                                                "Join Type": "Inner",
                                                "Startup Cost": 11515.16,
                                                "Total Cost": 11575.1,
                                                "Plan Rows": 599,
                                                "Plan Width": 37,
                                                "Actual Startup Time": 144.706,
                                                "Actual Total Time": 145.029,
                                                "Actual Rows": 1332,
                                                "Actual Loops": 1,
                                                "Inner Unique": false,
                                                "Merge Cond": "(lt.id = ml.link_type_id)",
                                                "Plans": [
                                                  {
                                                    "Node Type": "Sort",
                                                    "Parent Relationship": "Outer",
                                                    "Parallel Aware": false,
                                                    "Startup Cost": 1.24,
                                                    "Total Cost": 1.24,
                                                    "Plan Rows": 1,
                                                    "Plan Width": 16,
                                                    "Actual Startup Time": 0.028,
                                                    "Actual Total Time": 0.03,
                                                    "Actual Rows": 2,
                                                    "Actual Loops": 1,
                                                    "Sort Key": [
                                                      "lt.id"
                                                    ],
                                                    "Sort Method": "quicksort",
                                                    "Sort Space Used": 25,
                                                    "Sort Space Type": "Memory",
                                                    "Plans": [
                                                      {
                                                        "Node Type": "Seq Scan",
                                                        "Parent Relationship": "Outer",
                                                        "Parallel Aware": false,
                                                        "Relation Name": "link_type",
                                                        "Alias": "lt",
                                                        "Startup Cost": 0.0,
                                                        "Total Cost": 1.23,
                                                        "Plan Rows": 1,
                                                        "Plan Width": 16,
                                                        "Actual Startup Time": 0.011,
                                                        "Actual Total Time": 0.013,
                                                        "Actual Rows": 2,
                                                        "Actual Loops": 1,
                                                        "Filter": "((link)::text ~~ '%follow%'::text)",
                                                        "Rows Removed by Filter": 16
                                                      }
                                                    ]
                                                  },
                                                  {
                                                    "Node Type": "Sort",
                                                    "Parent Relationship": "Inner",
                                                    "Parallel Aware": false,
                                                    "Startup Cost": 11513.93,
                                                    "Total Cost": 11540.9,
                                                    "Plan Rows": 10787,
                                                    "Plan Width": 29,
                                                    "Actual Startup Time": 144.671,
                                                    "Actual Total Time": 144.816,
                                                    "Actual Rows": 1333,
                                                    "Actual Loops": 1,
                                                    "Sort Key": [
                                                      "ml.link_type_id"
                                                    ],
                                                    "Sort Method": "quicksort",
                                                    "Sort Space Used": 1529,
                                                    "Sort Space Type": "Memory",
                                                    "Plans": [
                                                      {
                                                        "Node Type": "Merge Join",
                                                        "Parent Relationship": "Outer",
                                                        "Parallel Aware": false,
                                                        "Join Type": "Inner",
                                                        "Startup Cost": 0.72,
                                                        "Total Cost": 10791.36,
                                                        "Plan Rows": 10787,
                                                        "Plan Width": 29,
                                                        "Actual Startup Time": 0.643,
                                                        "Actual Total Time": 141.05,
                                                        "Actual Rows": 13627,
                                                        "Actual Loops": 1,
                                                        "Inner Unique": true,
                                                        "Merge Cond": "(ml.movie_id = t.id)",
                                                        "Plans": [
                                                          {
                                                            "Node Type": "Index Scan",
                                                            "Parent Relationship": "Outer",
                                                            "Parallel Aware": false,
                                                            "Scan Direction": "Forward",
                                                            "Index Name": "movie_id_movie_link",
                                                            "Relation Name": "movie_link",
                                                            "Alias": "ml",
                                                            "Startup Cost": 0.29,
                                                            "Total Cost": 1111.51,
                                                            "Plan Rows": 29997,
                                                            "Plan Width": 8,
                                                            "Actual Startup Time": 0.012,
                                                            "Actual Total Time": 8.253,
                                                            "Actual Rows": 29997,
                                                            "Actual Loops": 1
                                                          },
                                                          {
                                                            "Node Type": "Index Scan",
                                                            "Parent Relationship": "Inner",
                                                            "Parallel Aware": false,
                                                            "Scan Direction": "Forward",
                                                            "Index Name": "title_pkey",
                                                            "Relation Name": "title",
                                                            "Alias": "t",
                                                            "Startup Cost": 0.43,
                                                            "Total Cost": 123001.61,
                                                            "Plan Rows": 909227,
                                                            "Plan Width": 21,
                                                            "Actual Startup Time": 0.023,
                                                            "Actual Total Time": 126.466,
                                                            "Actual Rows": 59833,
                                                            "Actual Loops": 1,
                                                            "Filter": "((production_year >= 1950) AND (production_year <= 2000))",
                                                            "Rows Removed by Filter": 126370
                                                          }
                                                        ]
                                                      }
                                                    ]
                                                  }
                                                ]
                                              }
                                            ]
                                          }
                                        ]
                                      }
                                    ]
                                  }
                                ]
                              }
                            ]
                          },
                          {
                            "Node Type": "Sort",
                            "Parent Relationship": "Inner",
                            "Parallel Aware": false,
                            "Startup Cost": 173621.53,
                            "Total Cost": 176796.19,
                            "Plan Rows": 1269863,
                            "Plan Width": 12,
                            "Actual Startup Time": 577.625,
                            "Actual Total Time": 579.248,
                            "Actual Rows": 41887,
                            "Actual Loops": 1,
                            "Sort Key": [
                              "mc.movie_id"
                            ],
                            "Sort Method": "quicksort",
                            "Sort Space Used": 108777,
                            "Sort Space Type": "Memory",
                            "Plans": [
                              {
                                "Node Type": "Seq Scan",
                                "Parent Relationship": "Outer",
                                "Parallel Aware": false,
                                "Relation Name": "movie_companies",
                                "Alias": "mc",
                                "Startup Cost": 0.0,
                                "Total Cost": 44881.29,
                                "Plan Rows": 1269863,
                                "Plan Width": 12,
                                "Actual Startup Time": 0.018,
                                "Actual Total Time": 284.494,
                                "Actual Rows": 1271989,
                                "Actual Loops": 1,
                                "Filter": "(note IS NULL)",
                                "Rows Removed by Filter": 1337140
                              }
                            ]
                          }
                        ]
                      }
                    ]
                  },
                  {
                    "Node Type": "Sort",
                    "Parent Relationship": "Inner",
                    "Parallel Aware": false,
                    "Startup Cost": 11453.99,
                    "Total Cost": 11591.95,
                    "Plan Rows": 55187,
                    "Plan Width": 23,
                    "Actual Startup Time": 66.176,
                    "Actual Total Time": 67.822,
                    "Actual Rows": 14127,
                    "Actual Loops": 1,
                    "Sort Key": [
                      "cn.id"
                    ],
                    "Sort Method": "quicksort",
                    "Sort Space Used": 5023,
                    "Sort Space Type": "Memory",
                    "Plans": [
                      {
                        "Node Type": "Seq Scan",
                        "Parent Relationship": "Outer",
                        "Parallel Aware": false,
                        "Relation Name": "company_name",
                        "Alias": "cn",
                        "Startup Cost": 0.0,
                        "Total Cost": 7107.45,
                        "Plan Rows": 55187,
                        "Plan Width": 23,
                        "Actual Startup Time": 0.046,
                        "Actual Total Time": 51.222,
                        "Actual Rows": 48302,
                        "Actual Loops": 1,
                        "Filter": "(((country_code)::text <> '[pl]'::text) AND ((name ~~ '%Film%'::text) OR (name ~~ '%Warner%'::text)))",
                        "Rows Removed by Filter": 186695
                      }
                    ]
                  }
                ]
              }
            ]
          }
        ]
      }
    ]
  },
  "Planning Time": 16.01,
  "Triggers": [],
  "Execution Time": 856.642
}