{
  "Plan": {
    "Node Type": "Aggregate",
    "Strategy": "Plain",
    "Partial Mode": "Finalize",
    "Parallel Aware": false,
    "Startup Cost": 410205.57,
    "Total Cost": 410205.58,
    "Plan Rows": 1,
    "Plan Width": 8,
    "Actual Startup Time": 1676.476,
    "Actual Total Time": 1711.752,
    "Actual Rows": 1,
    "Actual Loops": 1,
    "Plans": [
      {
        "Node Type": "Gather",
        "Parent Relationship": "Outer",
        "Parallel Aware": false,
        "Startup Cost": 410205.46,
        "Total Cost": 410205.57,
        "Plan Rows": 1,
        "Plan Width": 8,
        "Actual Startup Time": 1674.924,
        "Actual Total Time": 1711.743,
        "Actual Rows": 2,
        "Actual Loops": 1,
        "Workers Planned": 1,
        "Workers Launched": 1,
        "Single Copy": false,
        "Plans": [
          {
            "Node Type": "Aggregate",
            "Strategy": "Plain",
            "Partial Mode": "Partial",
            "Parent Relationship": "Outer",
            "Parallel Aware": false,
            "Startup Cost": 409205.46,
            "Total Cost": 409205.47,
            "Plan Rows": 1,
            "Plan Width": 8,
            "Actual Startup Time": 1668.938,
            "Actual Total Time": 1669.249,
            "Actual Rows": 1,
            "Actual Loops": 2,
            "Plans": [
              {
                "Node Type": "Hash Join",
                "Parent Relationship": "Outer",
                "Parallel Aware": true,
                "Join Type": "Inner",
                "Startup Cost": 365827.62,
                "Total Cost": 408756.07,
                "Plan Rows": 179755,
                "Plan Width": 0,
                "Actual Startup Time": 1508.245,
                "Actual Total Time": 1663.633,
                "Actual Rows": 139678,
                "Actual Loops": 2,
                "Inner Unique": false,
                "Hash Cond": "(mc.movie_id = t.id)",
                "Plans": [
                  {
                    "Node Type": "Seq Scan",
                    "Parent Relationship": "Outer",
                    "Parallel Aware": true,
                    "Relation Name": "movie_companies",
                    "Alias": "mc",
                    "Startup Cost": 0.0,
                    "Total Cost": 37974.77,
                    "Plan Rows": 779260,
                    "Plan Width": 4,
                    "Actual Startup Time": 45.495,
                    "Actual Total Time": 108.265,
                    "Actual Rows": 667442,
                    "Actual Loops": 2,
                    "Filter": "(company_type_id = 2)",
                    "Rows Removed by Filter": 637123
                  },
                  {
                    "Node Type": "Hash",
                    "Parent Relationship": "Inner",
                    "Parallel Aware": true,
                    "Startup Cost": 361539.29,
                    "Total Cost": 361539.29,
                    "Plan Rows": 343066,
                    "Plan Width": 8,
                    "Actual Startup Time": 1451.898,
                    "Actual Total Time": 1452.207,
                    "Actual Rows": 136131,
                    "Actual Loops": 2,
                    "Hash Buckets": 1048576,
                    "Original Hash Buckets": 1048576,
                    "Hash Batches": 1,
                    "Original Hash Batches": 1,
                    "Peak Memory Usage": 18880,
                    "Plans": [
                      {
                        "Node Type": "Hash Join",
                        "Parent Relationship": "Outer",
                        "Parallel Aware": true,
                        "Join Type": "Inner",
                        "Startup Cost": 55731.08,
                        "Total Cost": 361539.29,
                        "Plan Rows": 343066,
                        "Plan Width": 8,
                        "Actual Startup Time": 155.958,
                        "Actual Total Time": 1404.763,
                        "Actual Rows": 136131,
                        "Actual Loops": 2,
                        "Inner Unique": true,
                        "Hash Cond": "(ci.movie_id = t.id)",
                        "Plans": [
                          {
                            "Node Type": "Index Scan",
                            "Parent Relationship": "Outer",
                            "Parallel Aware": true,
                            "Scan Direction": "Forward",
                            "Index Name": "role_id_cast_info",
                            "Relation Name": "cast_info",
                            "Alias": "ci",
                            "Startup Cost": 0.56,
                            "Total Cost": 291150.53,
                            "Plan Rows": 5584086,
                            "Plan Width": 4,
                            "Actual Startup Time": 0.187,
                            "Actual Total Time": 603.219,
                            "Actual Rows": 4692352,
                            "Actual Loops": 2,
                            "Index Cond": "(role_id > 4)",
                            "Rows Removed by Index Recheck": 0
                          },
                          {
                            "Node Type": "Hash",
                            "Parent Relationship": "Inner",
                            "Parallel Aware": true,
                            "Startup Cost": 54588.39,
                            "Total Cost": 54588.39,
                            "Plan Rows": 91370,
                            "Plan Width": 4,
                            "Actual Startup Time": 154.2,
                            "Actual Total Time": 154.2,
                            "Actual Rows": 80168,
                            "Actual Loops": 2,
                            "Hash Buckets": 262144,
                            "Original Hash Buckets": 262144,
                            "Hash Batches": 1,
                            "Original Hash Batches": 1,
                            "Peak Memory Usage": 8352,
                            "Plans": [
                              {
                                "Node Type": "Seq Scan",
                                "Parent Relationship": "Outer",
                                "Parallel Aware": true,
                                "Relation Name": "title",
                                "Alias": "t",
                                "Startup Cost": 0.0,
                                "Total Cost": 54588.39,
                                "Plan Rows": 91370,
                                "Plan Width": 4,
                                "Actual Startup Time": 0.465,
                                "Actual Total Time": 134.897,
                                "Actual Rows": 80168,
                                "Actual Loops": 2,
                                "Filter": "(production_year < 1949)",
                                "Rows Removed by Filter": 1183988
                              }
                            ]
                          }
                        ]
                      }
                    ]
                  }
                ]
              }
            ]
          }
        ]
      }
    ]
  },
  "Planning Time": 0.962,
  "Triggers": [],
  "Execution Time": 1711.846
}