[
  {
    "Plan": {
      "Node Type": "Aggregate",
      "Strategy": "Plain",
      "Partial Mode": "Finalize",
      "Parallel Aware": false,
      "Startup Cost": 82357.62,
      "Total Cost": 82357.63,
      "Plan Rows": 1,
      "Plan Width": 8,
      "Actual Startup Time": 305.408,
      "Actual Total Time": 315.248,
      "Actual Rows": 1,
      "Actual Loops": 1,
      "Plans": [
        {
          "Node Type": "Gather",
          "Parent Relationship": "Outer",
          "Parallel Aware": false,
          "Startup Cost": 82357.3,
          "Total Cost": 82357.61,
          "Plan Rows": 3,
          "Plan Width": 8,
          "Actual Startup Time": 300.744,
          "Actual Total Time": 315.241,
          "Actual Rows": 4,
          "Actual Loops": 1,
          "Workers Planned": 3,
          "Workers Launched": 3,
          "Single Copy": false,
          "Plans": [
            {
              "Node Type": "Aggregate",
              "Strategy": "Plain",
              "Partial Mode": "Partial",
              "Parent Relationship": "Outer",
              "Parallel Aware": false,
              "Startup Cost": 81357.3,
              "Total Cost": 81357.31,
              "Plan Rows": 1,
              "Plan Width": 8,
              "Actual Startup Time": 294.11,
              "Actual Total Time": 294.115,
              "Actual Rows": 1,
              "Actual Loops": 4,
              "Plans": [
                {
                  "Node Type": "Hash Join",
                  "Parent Relationship": "Outer",
                  "Parallel Aware": true,
                  "Join Type": "Inner",
                  "Startup Cost": 55093.5,
                  "Total Cost": 81220.1,
                  "Plan Rows": 54883,
                  "Plan Width": 0,
                  "Actual Startup Time": 225.384,
                  "Actual Total Time": 292.126,
                  "Actual Rows": 32696,
                  "Actual Loops": 4,
                  "Inner Unique": true,
                  "Hash Cond": "(mk.movie_id = t.id)",
                  "Plans": [
                    {
                      "Node Type": "Bitmap Heap Scan",
                      "Parent Relationship": "Outer",
                      "Parallel Aware": true,
                      "Relation Name": "movie_keyword",
                      "Alias": "mk",
                      "Startup Cost": 7273.24,
                      "Total Cost": 33109.56,
                      "Plan Rows": 110585,
                      "Plan Width": 4,
                      "Actual Startup Time": 31.659,
                      "Actual Total Time": 75.497,
                      "Actual Rows": 85200,
                      "Actual Loops": 4,
                      "Recheck Cond": "(keyword_id > 48679)",
                      "Rows Removed by Index Recheck": 0,
                      "Exact Heap Blocks": 6568,
                      "Lossy Heap Blocks": 0,
                      "Plans": [
                        {
                          "Node Type": "Bitmap Index Scan",
                          "Parent Relationship": "Outer",
                          "Parallel Aware": false,
                          "Index Name": "keyword_id_movie_keyword",
                          "Startup Cost": 0.0,
                          "Total Cost": 7187.54,
                          "Plan Rows": 342814,
                          "Plan Width": 0,
                          "Actual Startup Time": 28.301,
                          "Actual Total Time": 28.302,
                          "Actual Rows": 340799,
                          "Actual Loops": 1,
                          "Index Cond": "(keyword_id > 48679)"
                        }
                      ]
                    },
                    {
                      "Node Type": "Hash",
                      "Parent Relationship": "Inner",
                      "Parallel Aware": true,
                      "Startup Cost": 43899.01,
                      "Total Cost": 43899.01,
                      "Plan Rows": 313700,
                      "Plan Width": 4,
                      "Actual Startup Time": 189.639,
                      "Actual Total Time": 189.64,
                      "Actual Rows": 315074,
                      "Actual Loops": 4,
                      "Hash Buckets": 2097152,
                      "Original Hash Buckets": 2097152,
                      "Hash Batches": 1,
                      "Original Hash Batches": 1,
                      "Peak Memory Usage": 65760,
                      "Plans": [
                        {
                          "Node Type": "Seq Scan",
                          "Parent Relationship": "Outer",
                          "Parallel Aware": true,
                          "Relation Name": "title",
                          "Alias": "t",
                          "Startup Cost": 0.0,
                          "Total Cost": 43899.01,
                          "Plan Rows": 313700,
                          "Plan Width": 4,
                          "Actual Startup Time": 0.018,
                          "Actual Total Time": 92.085,
                          "Actual Rows": 315074,
                          "Actual Loops": 4,
                          "Filter": "(production_year > 2002)",
                          "Rows Removed by Filter": 317004
                        }
                      ]
                    }
                  ]
                }
              ]
            }
          ]
        }
      ]
    },
    "Planning Time": 0.248,
    "Triggers": [],
    "Execution Time": 315.29
  }
]