{
  "Plan": {
    "Node Type": "Aggregate",
    "Strategy": "Plain",
    "Partial Mode": "Finalize",
    "Parallel Aware": false,
    "Startup Cost": 18230.57,
    "Total Cost": 18230.58,
    "Plan Rows": 1,
    "Plan Width": 8,
    "Actual Startup Time": 17.327,
    "Actual Total Time": 19.576,
    "Actual Rows": 1,
    "Actual Loops": 1,
    "Plans": [
      {
        "Node Type": "Gather",
        "Parent Relationship": "Outer",
        "Parallel Aware": false,
        "Startup Cost": 18230.46,
        "Total Cost": 18230.57,
        "Plan Rows": 1,
        "Plan Width": 8,
        "Actual Startup Time": 17.068,
        "Actual Total Time": 19.567,
        "Actual Rows": 2,
        "Actual Loops": 1,
        "Workers Planned": 1,
        "Workers Launched": 1,
        "Single Copy": false,
        "Plans": [
          {
            "Node Type": "Aggregate",
            "Strategy": "Plain",
            "Partial Mode": "Partial",
            "Parent Relationship": "Outer",
            "Parallel Aware": false,
            "Startup Cost": 17230.46,
            "Total Cost": 17230.47,
            "Plan Rows": 1,
            "Plan Width": 8,
            "Actual Startup Time": 10.892,
            "Actual Total Time": 10.894,
            "Actual Rows": 1,
            "Actual Loops": 2,
            "Plans": [
              {
                "Node Type": "Nested Loop",
                "Parent Relationship": "Outer",
                "Parallel Aware": false,
                "Join Type": "Inner",
                "Startup Cost": 79.39,
                "Total Cost": 17229.61,
                "Plan Rows": 342,
                "Plan Width": 0,
                "Actual Startup Time": 2.747,
                "Actual Total Time": 10.836,
                "Actual Rows": 156,
                "Actual Loops": 2,
                "Inner Unique": true,
                "Plans": [
                  {
                    "Node Type": "Bitmap Heap Scan",
                    "Parent Relationship": "Outer",
                    "Parallel Aware": true,
                    "Relation Name": "movie_companies",
                    "Alias": "mc",
                    "Startup Cost": 78.96,
                    "Total Cost": 8915.77,
                    "Plan Rows": 1039,
                    "Plan Width": 4,
                    "Actual Startup Time": 2.617,
                    "Actual Total Time": 3.995,
                    "Actual Rows": 582,
                    "Actual Loops": 2,
                    "Recheck Cond": "(company_id = 67)",
                    "Rows Removed by Index Recheck": 0,
                    "Filter": "(company_type_id = 2)",
                    "Rows Removed by Filter": 1258,
                    "Exact Heap Blocks": 730,
                    "Lossy Heap Blocks": 0,
                    "Plans": [
                      {
                        "Node Type": "Bitmap Index Scan",
                        "Parent Relationship": "Outer",
                        "Parallel Aware": false,
                        "Index Name": "company_id_movie_companies",
                        "Startup Cost": 0.0,
                        "Total Cost": 78.52,
                        "Plan Rows": 3479,
                        "Plan Width": 0,
                        "Actual Startup Time": 2.162,
                        "Actual Total Time": 2.162,
                        "Actual Rows": 3681,
                        "Actual Loops": 1,
                        "Index Cond": "(company_id = 67)"
                      }
                    ]
                  },
                  {
                    "Node Type": "Index Scan",
                    "Parent Relationship": "Inner",
                    "Parallel Aware": false,
                    "Scan Direction": "Forward",
                    "Index Name": "title_pkey",
                    "Relation Name": "title",
                    "Alias": "t",
                    "Startup Cost": 0.43,
                    "Total Cost": 8.0,
                    "Plan Rows": 1,
                    "Plan Width": 4,
                    "Actual Startup Time": 0.011,
                    "Actual Total Time": 0.011,
                    "Actual Rows": 0,
                    "Actual Loops": 1164,
                    "Index Cond": "(id = mc.movie_id)",
                    "Rows Removed by Index Recheck": 0,
                    "Filter": "((kind_id < 4) AND (production_year > 0))",
                    "Rows Removed by Filter": 1
                  }
                ]
              }
            ]
          }
        ]
      }
    ]
  },
  "Planning Time": 0.51,
  "Triggers": [],
  "Execution Time": 19.675
}