[
  {
    "Plan": {
      "Node Type": "Aggregate",
      "Strategy": "Plain",
      "Partial Mode": "Finalize",
      "Parallel Aware": false,
      "Startup Cost": 490276.42,
      "Total Cost": 490276.43,
      "Plan Rows": 1,
      "Plan Width": 96,
      "Actual Startup Time": 3632.027,
      "Actual Total Time": 3762.549,
      "Actual Rows": 1,
      "Actual Loops": 1,
      "Plans": [
        {
          "Node Type": "Gather",
          "Parent Relationship": "Outer",
          "Parallel Aware": false,
          "Startup Cost": 490275.98,
          "Total Cost": 490276.39,
          "Plan Rows": 4,
          "Plan Width": 96,
          "Actual Startup Time": 3631.159,
          "Actual Total Time": 3762.533,
          "Actual Rows": 5,
          "Actual Loops": 1,
          "Workers Planned": 4,
          "Workers Launched": 4,
          "Single Copy": false,
          "Plans": [
            {
              "Node Type": "Aggregate",
              "Strategy": "Plain",
              "Partial Mode": "Partial",
              "Parent Relationship": "Outer",
              "Parallel Aware": false,
              "Startup Cost": 489275.98,
              "Total Cost": 489275.99,
              "Plan Rows": 1,
              "Plan Width": 96,
              "Actual Startup Time": 3620.951,
              "Actual Total Time": 3621.005,
              "Actual Rows": 1,
              "Actual Loops": 5,
              "Plans": [
                {
                  "Node Type": "Hash Join",
                  "Parent Relationship": "Outer",
                  "Parallel Aware": true,
                  "Join Type": "Inner",
                  "Startup Cost": 444426.62,
                  "Total Cost": 489275.91,
                  "Plan Rows": 9,
                  "Plan Width": 48,
                  "Actual Startup Time": 3497.287,
                  "Actual Total Time": 3620.873,
                  "Actual Rows": 279,
                  "Actual Loops": 5,
                  "Inner Unique": false,
                  "Hash Cond": "(t.id = mk.movie_id)",
                  "Plans": [
                    {
                      "Node Type": "Seq Scan",
                      "Parent Relationship": "Outer",
                      "Parallel Aware": true,
                      "Relation Name": "title",
                      "Alias": "t",
                      "Startup Cost": 0.0,
                      "Total Cost": 43898.62,
                      "Plan Rows": 253508,
                      "Plan Width": 21,
                      "Actual Startup Time": 0.034,
                      "Actual Total Time": 100.033,
                      "Actual Rows": 202584,
                      "Actual Loops": 5,
                      "Filter": "(production_year > 2005)",
                      "Rows Removed by Filter": 303078
                    },
                    {
                      "Node Type": "Hash",
                      "Parent Relationship": "Inner",
                      "Parallel Aware": true,
                      "Startup Cost": 444426.42,
                      "Total Cost": 444426.42,
                      "Plan Rows": 16,
                      "Plan Width": 39,
                      "Actual Startup Time": 3490.672,
                      "Actual Total Time": 3490.724,
                      "Actual Rows": 1055,
                      "Actual Loops": 5,
                      "Hash Buckets": 4096,
                      "Original Hash Buckets": 1024,
                      "Hash Batches": 1,
                      "Original Hash Batches": 1,
                      "Peak Memory Usage": 472,
                      "Plans": [
                        {
                          "Node Type": "Hash Join",
                          "Parent Relationship": "Outer",
                          "Parallel Aware": true,
                          "Join Type": "Inner",
                          "Startup Cost": 115278.9,
                          "Total Cost": 444426.42,
                          "Plan Rows": 16,
                          "Plan Width": 39,
                          "Actual Startup Time": 548.342,
                          "Actual Total Time": 1900.485,
                          "Actual Rows": 1055,
                          "Actual Loops": 5,
                          "Inner Unique": false,
                          "Hash Cond": "(ci.movie_id = mk.movie_id)",
                          "Plans": [
                            {
                              "Node Type": "Hash Join",
                              "Parent Relationship": "Outer",
                              "Parallel Aware": true,
                              "Join Type": "Inner",
                              "Startup Cost": 68767.12,
                              "Total Cost": 397685.88,
                              "Plan Rows": 60991,
                              "Plan Width": 19,
                              "Actual Startup Time": 202.055,
                              "Actual Total Time": 1585.052,
                              "Actual Rows": 16215,
                              "Actual Loops": 5,
                              "Inner Unique": true,
                              "Hash Cond": "(ci.person_id = n.id)",
                              "Plans": [
                                {
                                  "Node Type": "Seq Scan",
                                  "Parent Relationship": "Outer",
                                  "Parallel Aware": true,
                                  "Relation Name": "cast_info",
                                  "Alias": "ci",
                                  "Startup Cost": 0.0,
                                  "Total Cost": 313068.58,
                                  "Plan Rows": 6038158,
                                  "Plan Width": 8,
                                  "Actual Startup Time": 0.022,
                                  "Actual Total Time": 815.776,
                                  "Actual Rows": 7248869,
                                  "Actual Loops": 5
                                },
                                {
                                  "Node Type": "Hash",
                                  "Parent Relationship": "Inner",
                                  "Parallel Aware": true,
                                  "Startup Cost": 68635.58,
                                  "Total Cost": 68635.58,
                                  "Plan Rows": 10523,
                                  "Plan Width": 19,
                                  "Actual Startup Time": 176.147,
                                  "Actual Total Time": 176.15,
                                  "Actual Rows": 2076,
                                  "Actual Loops": 5,
                                  "Hash Buckets": 65536,
                                  "Original Hash Buckets": 65536,
                                  "Hash Batches": 1,
                                  "Original Hash Batches": 1,
                                  "Peak Memory Usage": 1152,
                                  "Plans": [
                                    {
                                      "Node Type": "Seq Scan",
                                      "Parent Relationship": "Outer",
                                      "Parallel Aware": true,
                                      "Relation Name": "name",
                                      "Alias": "n",
                                      "Startup Cost": 0.0,
                                      "Total Cost": 68635.58,
                                      "Plan Rows": 10523,
                                      "Plan Width": 19,
                                      "Actual Startup Time": 1.544,
                                      "Actual Total Time": 173.926,
                                      "Actual Rows": 2076,
                                      "Actual Loops": 5,
                                      "Filter": "(name ~~ '%Brown,%'::text)",
                                      "Rows Removed by Filter": 831422
                                    }
                                  ]
                                }
                              ]
                            },
                            {
                              "Node Type": "Hash",
                              "Parent Relationship": "Inner",
                              "Parallel Aware": true,
                              "Startup Cost": 46510.69,
                              "Total Cost": 46510.69,
                              "Plan Rows": 87,
                              "Plan Width": 20,
                              "Actual Startup Time": 308.676,
                              "Actual Total Time": 308.68,
                              "Actual Rows": 13293,
                              "Actual Loops": 5,
                              "Hash Buckets": 65536,
                              "Original Hash Buckets": 1024,
                              "Hash Batches": 1,
                              "Original Hash Batches": 1,
                              "Peak Memory Usage": 4632,
                              "Plans": [
                                {
                                  "Node Type": "Hash Join",
                                  "Parent Relationship": "Outer",
                                  "Parallel Aware": false,
                                  "Join Type": "Inner",
                                  "Startup Cost": 3632.5,
                                  "Total Cost": 46510.69,
                                  "Plan Rows": 87,
                                  "Plan Width": 20,
                                  "Actual Startup Time": 45.846,
                                  "Actual Total Time": 255.909,
                                  "Actual Rows": 13293,
                                  "Actual Loops": 5,
                                  "Inner Unique": true,
                                  "Hash Cond": "(mk.keyword_id = k.id)",
                                  "Plans": [
                                    {
                                      "Node Type": "Seq Scan",
                                      "Parent Relationship": "Outer",
                                      "Parallel Aware": true,
                                      "Relation Name": "movie_keyword",
                                      "Alias": "mk",
                                      "Startup Cost": 0.0,
                                      "Total Cost": 39047.32,
                                      "Plan Rows": 1459332,
                                      "Plan Width": 8,
                                      "Actual Startup Time": 0.057,
                                      "Actual Total Time": 123.964,
                                      "Actual Rows": 904786,
                                      "Actual Loops": 5
                                    },
                                    {
                                      "Node Type": "Hash",
                                      "Parent Relationship": "Inner",
                                      "Parallel Aware": false,
                                      "Startup Cost": 3632.4,
                                      "Total Cost": 3632.4,
                                      "Plan Rows": 8,
                                      "Plan Width": 20,
                                      "Actual Startup Time": 45.67,
                                      "Actual Total Time": 45.671,
                                      "Actual Rows": 8,
                                      "Actual Loops": 5,
                                      "Hash Buckets": 1024,
                                      "Original Hash Buckets": 1024,
                                      "Hash Batches": 1,
                                      "Original Hash Batches": 1,
                                      "Peak Memory Usage": 9,
                                      "Plans": [
                                        {
                                          "Node Type": "Seq Scan",
                                          "Parent Relationship": "Outer",
                                          "Parallel Aware": false,
                                          "Relation Name": "keyword",
                                          "Alias": "k",
                                          "Startup Cost": 0.0,
                                          "Total Cost": 3632.4,
                                          "Plan Rows": 8,
                                          "Plan Width": 20,
                                          "Actual Startup Time": 0.221,
                                          "Actual Total Time": 45.637,
                                          "Actual Rows": 8,
                                          "Actual Loops": 5,
                                          "Filter": "(keyword = ANY ('{based-on-novel,second-part,marvel-comics,female-nudity,tv-special,martial-arts,web,fight}'::text[]))",
                                          "Rows Removed by Filter": 134162
                                        }
                                      ]
                                    }
                                  ]
                                }
                              ]
                            }
                          ]
                        }
                      ]
                    }
                  ]
                }
              ]
            }
          ]
        }
      ]
    },
    "Planning Time": 9.036,
    "Triggers": [],
    "Execution Time": 3763.046
  }
]