[
  {
    "Plan": {
      "Node Type": "Aggregate",
      "Strategy": "Plain",
      "Partial Mode": "Finalize",
      "Parallel Aware": false,
      "Startup Cost": 270952.96,
      "Total Cost": 270952.97,
      "Plan Rows": 1,
      "Plan Width": 8,
      "Actual Startup Time": 2914.931,
      "Actual Total Time": 2969.865,
      "Actual Rows": 1,
      "Actual Loops": 1,
      "Plans": [
        {
          "Node Type": "Gather",
          "Parent Relationship": "Outer",
          "Parallel Aware": false,
          "Startup Cost": 270952.64,
          "Total Cost": 270952.95,
          "Plan Rows": 3,
          "Plan Width": 8,
          "Actual Startup Time": 2911.397,
          "Actual Total Time": 2969.856,
          "Actual Rows": 4,
          "Actual Loops": 1,
          "Workers Planned": 3,
          "Workers Launched": 3,
          "Single Copy": false,
          "Plans": [
            {
              "Node Type": "Aggregate",
              "Strategy": "Plain",
              "Partial Mode": "Partial",
              "Parent Relationship": "Outer",
              "Parallel Aware": false,
              "Startup Cost": 269952.64,
              "Total Cost": 269952.65,
              "Plan Rows": 1,
              "Plan Width": 8,
              "Actual Startup Time": 2903.547,
              "Actual Total Time": 2903.551,
              "Actual Rows": 1,
              "Actual Loops": 4,
              "Plans": [
                {
                  "Node Type": "Nested Loop",
                  "Parent Relationship": "Outer",
                  "Parallel Aware": false,
                  "Join Type": "Inner",
                  "Startup Cost": 60679.64,
                  "Total Cost": 269656.25,
                  "Plan Rows": 118558,
                  "Plan Width": 0,
                  "Actual Startup Time": 280.043,
                  "Actual Total Time": 2861.42,
                  "Actual Rows": 612434,
                  "Actual Loops": 4,
                  "Inner Unique": false,
                  "Plans": [
                    {
                      "Node Type": "Hash Join",
                      "Parent Relationship": "Outer",
                      "Parallel Aware": true,
                      "Join Type": "Inner",
                      "Startup Cost": 60679.2,
                      "Total Cost": 88283.88,
                      "Plan Rows": 81275,
                      "Plan Width": 8,
                      "Actual Startup Time": 279.809,
                      "Actual Total Time": 411.571,
                      "Actual Rows": 136660,
                      "Actual Loops": 4,
                      "Inner Unique": true,
                      "Hash Cond": "(mk.movie_id = t.id)",
                      "Plans": [
                        {
                          "Node Type": "Bitmap Heap Scan",
                          "Parent Relationship": "Outer",
                          "Parallel Aware": true,
                          "Relation Name": "movie_keyword",
                          "Alias": "mk",
                          "Startup Cost": 13697.06,
                          "Total Cost": 40754.92,
                          "Plan Rows": 208309,
                          "Plan Width": 4,
                          "Actual Startup Time": 55.901,
                          "Actual Total Time": 119.265,
                          "Actual Rows": 162901,
                          "Actual Loops": 4,
                          "Recheck Cond": "(keyword_id > 28844)",
                          "Rows Removed by Index Recheck": 0,
                          "Exact Heap Blocks": 6243,
                          "Lossy Heap Blocks": 0,
                          "Plans": [
                            {
                              "Node Type": "Bitmap Index Scan",
                              "Parent Relationship": "Outer",
                              "Parallel Aware": false,
                              "Index Name": "keyword_id_movie_keyword",
                              "Startup Cost": 0.0,
                              "Total Cost": 13535.62,
                              "Plan Rows": 645758,
                              "Plan Width": 0,
                              "Actual Startup Time": 50.25,
                              "Actual Total Time": 50.251,
                              "Actual Rows": 651603,
                              "Actual Loops": 1,
                              "Index Cond": "(keyword_id > 28844)"
                            }
                          ]
                        },
                        {
                          "Node Type": "Hash",
                          "Parent Relationship": "Inner",
                          "Parallel Aware": true,
                          "Startup Cost": 43899.32,
                          "Total Cost": 43899.32,
                          "Plan Rows": 246626,
                          "Plan Width": 4,
                          "Actual Startup Time": 219.334,
                          "Actual Total Time": 219.335,
                          "Actual Rows": 246262,
                          "Actual Loops": 4,
                          "Hash Buckets": 1048576,
                          "Original Hash Buckets": 1048576,
                          "Hash Batches": 1,
                          "Original Hash Batches": 1,
                          "Peak Memory Usage": 46816,
                          "Plans": [
                            {
                              "Node Type": "Seq Scan",
                              "Parent Relationship": "Outer",
                              "Parallel Aware": true,
                              "Relation Name": "title",
                              "Alias": "t",
                              "Startup Cost": 0.0,
                              "Total Cost": 43899.32,
                              "Plan Rows": 246626,
                              "Plan Width": 4,
                              "Actual Startup Time": 0.04,
                              "Actual Total Time": 118.951,
                              "Actual Rows": 246262,
                              "Actual Loops": 4,
                              "Filter": "(kind_id < 7)",
                              "Rows Removed by Filter": 385816
                            }
                          ]
                        }
                      ]
                    },
                    {
                      "Node Type": "Index Scan",
                      "Parent Relationship": "Inner",
                      "Parallel Aware": false,
                      "Scan Direction": "Forward",
                      "Index Name": "movie_id_movie_info",
                      "Relation Name": "movie_info",
                      "Alias": "mi",
                      "Startup Cost": 0.43,
                      "Total Cost": 2.13,
                      "Plan Rows": 10,
                      "Plan Width": 4,
                      "Actual Startup Time": 0.005,
                      "Actual Total Time": 0.017,
                      "Actual Rows": 4,
                      "Actual Loops": 546641,
                      "Index Cond": "(movie_id = t.id)",
                      "Rows Removed by Index Recheck": 0,
                      "Filter": "(info_type_id < 4)",
                      "Rows Removed by Filter": 58
                    }
                  ]
                }
              ]
            }
          ]
        }
      ]
    },
    "Planning Time": 1.127,
    "Triggers": [],
    "Execution Time": 2969.971
  }
]