[
  {
    "Plan": {
      "Node Type": "Aggregate",
      "Strategy": "Plain",
      "Partial Mode": "Finalize",
      "Parallel Aware": false,
      "Startup Cost": 46831.04,
      "Total Cost": 46831.05,
      "Plan Rows": 1,
      "Plan Width": 8,
      "Actual Startup Time": 192.083,
      "Actual Total Time": 202.836,
      "Actual Rows": 1,
      "Actual Loops": 1,
      "Plans": [
        {
          "Node Type": "Gather",
          "Parent Relationship": "Outer",
          "Parallel Aware": false,
          "Startup Cost": 46830.72,
          "Total Cost": 46831.03,
          "Plan Rows": 3,
          "Plan Width": 8,
          "Actual Startup Time": 191.936,
          "Actual Total Time": 202.826,
          "Actual Rows": 4,
          "Actual Loops": 1,
          "Workers Planned": 3,
          "Workers Launched": 3,
          "Single Copy": false,
          "Plans": [
            {
              "Node Type": "Aggregate",
              "Strategy": "Plain",
              "Partial Mode": "Partial",
              "Parent Relationship": "Outer",
              "Parallel Aware": false,
              "Startup Cost": 45830.72,
              "Total Cost": 45830.73,
              "Plan Rows": 1,
              "Plan Width": 8,
              "Actual Startup Time": 186.588,
              "Actual Total Time": 186.589,
              "Actual Rows": 1,
              "Actual Loops": 4,
              "Plans": [
                {
                  "Node Type": "Seq Scan",
                  "Parent Relationship": "Outer",
                  "Parallel Aware": true,
                  "Relation Name": "movie_keyword",
                  "Alias": "mk",
                  "Startup Cost": 0.0,
                  "Total Cost": 42695.65,
                  "Plan Rows": 1254026,
                  "Plan Width": 0,
                  "Actual Startup Time": 0.041,
                  "Actual Total Time": 136.44,
                  "Actual Rows": 969805,
                  "Actual Loops": 4,
                  "Filter": "(keyword_id < 29029)",
                  "Rows Removed by Filter": 161178
                }
              ]
            }
          ]
        }
      ]
    },
    "Planning Time": 0.095,
    "Triggers": [],
    "Execution Time": 202.87
  }
]