[
  {
    "Plan": {
      "Node Type": "Aggregate",
      "Strategy": "Plain",
      "Partial Mode": "Finalize",
      "Parallel Aware": false,
      "Startup Cost": 46813.51,
      "Total Cost": 46813.52,
      "Plan Rows": 1,
      "Plan Width": 8,
      "Actual Startup Time": 184.445,
      "Actual Total Time": 198.285,
      "Actual Rows": 1,
      "Actual Loops": 1,
      "Plans": [
        {
          "Node Type": "Gather",
          "Parent Relationship": "Outer",
          "Parallel Aware": false,
          "Startup Cost": 46813.19,
          "Total Cost": 46813.5,
          "Plan Rows": 3,
          "Plan Width": 8,
          "Actual Startup Time": 184.339,
          "Actual Total Time": 198.277,
          "Actual Rows": 4,
          "Actual Loops": 1,
          "Workers Planned": 3,
          "Workers Launched": 3,
          "Single Copy": false,
          "Plans": [
            {
              "Node Type": "Aggregate",
              "Strategy": "Plain",
              "Partial Mode": "Partial",
              "Parent Relationship": "Outer",
              "Parallel Aware": false,
              "Startup Cost": 45813.19,
              "Total Cost": 45813.2,
              "Plan Rows": 1,
              "Plan Width": 8,
              "Actual Startup Time": 177.843,
              "Actual Total Time": 177.844,
              "Actual Rows": 1,
              "Actual Loops": 4,
              "Plans": [
                {
                  "Node Type": "Seq Scan",
                  "Parent Relationship": "Outer",
                  "Parallel Aware": true,
                  "Relation Name": "movie_keyword",
                  "Alias": "mk",
                  "Startup Cost": 0.0,
                  "Total Cost": 42695.65,
                  "Plan Rows": 1247014,
                  "Plan Width": 0,
                  "Actual Startup Time": 0.052,
                  "Actual Total Time": 131.863,
                  "Actual Rows": 969805,
                  "Actual Loops": 4,
                  "Filter": "(keyword_id < 29029)",
                  "Rows Removed by Filter": 161178
                }
              ]
            }
          ]
        }
      ]
    },
    "Planning Time": 0.161,
    "Triggers": [],
    "Execution Time": 198.337
  }
]