[
    {
        "Bao": {
            "Bao prediction": "NaN",
            "Bao recommended hint": "(no hint)"
        }
    },
    {
        "Plan": {
            "Node Type": "Aggregate",
            "Strategy": "Plain",
            "Partial Mode": "Finalize",
            "Parallel Aware": false,
            "Startup Cost": 32811.85,
            "Total Cost": 32811.86,
            "Plan Rows": 1,
            "Plan Width": 8,
            "Actual Startup Time": 85.038,
            "Actual Total Time": 90.847,
            "Actual Rows": 1,
            "Actual Loops": 1,
            "Output": [
                "count(*)"
            ],
            "Plans": [
                {
                    "Node Type": "Gather",
                    "Parent Relationship": "Outer",
                    "Parallel Aware": false,
                    "Startup Cost": 32811.53,
                    "Total Cost": 32811.84,
                    "Plan Rows": 3,
                    "Plan Width": 8,
                    "Actual Startup Time": 84.967,
                    "Actual Total Time": 90.84,
                    "Actual Rows": 4,
                    "Actual Loops": 1,
                    "Output": [
                        "(PARTIAL count(*))"
                    ],
                    "Workers Planned": 3,
                    "Workers Launched": 3,
                    "Single Copy": false,
                    "Plans": [
                        {
                            "Node Type": "Aggregate",
                            "Strategy": "Plain",
                            "Partial Mode": "Partial",
                            "Parent Relationship": "Outer",
                            "Parallel Aware": false,
                            "Startup Cost": 31811.53,
                            "Total Cost": 31811.54,
                            "Plan Rows": 1,
                            "Plan Width": 8,
                            "Actual Startup Time": 76.756,
                            "Actual Total Time": 76.757,
                            "Actual Rows": 1,
                            "Actual Loops": 4,
                            "Output": [
                                "PARTIAL count(*)"
                            ],
                            "Workers": [
                                {
                                    "Worker Number": 0,
                                    "Actual Startup Time": 74.014,
                                    "Actual Total Time": 74.016,
                                    "Actual Rows": 1,
                                    "Actual Loops": 1
                                },
                                {
                                    "Worker Number": 1,
                                    "Actual Startup Time": 74.066,
                                    "Actual Total Time": 74.067,
                                    "Actual Rows": 1,
                                    "Actual Loops": 1
                                },
                                {
                                    "Worker Number": 2,
                                    "Actual Startup Time": 74.542,
                                    "Actual Total Time": 74.543,
                                    "Actual Rows": 1,
                                    "Actual Loops": 1
                                }
                            ],
                            "Plans": [
                                {
                                    "Node Type": "Seq Scan",
                                    "Parent Relationship": "Outer",
                                    "Parallel Aware": true,
                                    "Relation Name": "movie_companies",
                                    "Schema": "public",
                                    "Alias": "mc",
                                    "Startup Cost": 0.0,
                                    "Total Cost": 31414.82,
                                    "Plan Rows": 158685,
                                    "Plan Width": 0,
                                    "Actual Startup Time": 23.723,
                                    "Actual Total Time": 74.3,
                                    "Actual Rows": 46145,
                                    "Actual Loops": 4,
                                    "Output": [
                                        "id",
                                        "movie_id",
                                        "company_id",
                                        "company_type_id",
                                        "note"
                                    ],
                                    "Filter": "((mc.company_id > 16516) AND (mc.company_type_id < 2))",
                                    "Rows Removed by Filter": 606138,
                                    "Workers": [
                                        {
                                            "Worker Number": 0,
                                            "Actual Startup Time": 20.982,
                                            "Actual Total Time": 71.666,
                                            "Actual Rows": 40537,
                                            "Actual Loops": 1
                                        },
                                        {
                                            "Worker Number": 1,
                                            "Actual Startup Time": 21.042,
                                            "Actual Total Time": 71.747,
                                            "Actual Rows": 40256,
                                            "Actual Loops": 1
                                        },
                                        {
                                            "Worker Number": 2,
                                            "Actual Startup Time": 21.516,
                                            "Actual Total Time": 72.213,
                                            "Actual Rows": 45432,
                                            "Actual Loops": 1
                                        }
                                    ]
                                }
                            ]
                        }
                    ]
                }
            ]
        },
        "Planning Time": 220.028,
        "Triggers": [],
        "Execution Time": 90.924
    }
]