{
  "Plan": {
    "Node Type": "Aggregate",
    "Strategy": "Plain",
    "Partial Mode": "Finalize",
    "Parallel Aware": false,
    "Startup Cost": 345132.49,
    "Total Cost": 345132.5,
    "Plan Rows": 1,
    "Plan Width": 8,
    "Actual Startup Time": 954.034,
    "Actual Total Time": 964.205,
    "Actual Rows": 1,
    "Actual Loops": 1,
    "Plans": [
      {
        "Node Type": "Gather",
        "Parent Relationship": "Outer",
        "Parallel Aware": false,
        "Startup Cost": 345132.37,
        "Total Cost": 345132.48,
        "Plan Rows": 1,
        "Plan Width": 8,
        "Actual Startup Time": 954.027,
        "Actual Total Time": 964.201,
        "Actual Rows": 2,
        "Actual Loops": 1,
        "Workers Planned": 1,
        "Workers Launched": 1,
        "Single Copy": false,
        "Plans": [
          {
            "Node Type": "Aggregate",
            "Strategy": "Plain",
            "Partial Mode": "Partial",
            "Parent Relationship": "Outer",
            "Parallel Aware": false,
            "Startup Cost": 344132.37,
            "Total Cost": 344132.38,
            "Plan Rows": 1,
            "Plan Width": 8,
            "Actual Startup Time": 944.922,
            "Actual Total Time": 944.928,
            "Actual Rows": 1,
            "Actual Loops": 2,
            "Plans": [
              {
                "Node Type": "Merge Join",
                "Parent Relationship": "Outer",
                "Parallel Aware": false,
                "Join Type": "Inner",
                "Startup Cost": 341088.11,
                "Total Cost": 344132.24,
                "Plan Rows": 54,
                "Plan Width": 0,
                "Actual Startup Time": 920.427,
                "Actual Total Time": 944.913,
                "Actual Rows": 144,
                "Actual Loops": 2,
                "Inner Unique": false,
                "Merge Cond": "(t.id = ci.movie_id)",
                "Plans": [
                  {
                    "Node Type": "Sort",
                    "Parent Relationship": "Outer",
                    "Parallel Aware": false,
                    "Startup Cost": 340019.65,
                    "Total Cost": 341542.29,
                    "Plan Rows": 609054,
                    "Plan Width": 8,
                    "Actual Startup Time": 912.843,
                    "Actual Total Time": 925.869,
                    "Actual Rows": 392838,
                    "Actual Loops": 2,
                    "Sort Key": [
                      "t.id"
                    ],
                    "Sort Method": "quicksort",
                    "Sort Space Used": 34862,
                    "Sort Space Type": "Memory",
                    "Workers": [
                      {
                        "Worker Number": 0,
                        "Sort Method": "quicksort",
                        "Sort Space Used": 32941,
                        "Sort Space Type": "Memory"
                      }
                    ],
                    "Plans": [
                      {
                        "Node Type": "Hash Join",
                        "Parent Relationship": "Outer",
                        "Parallel Aware": true,
                        "Join Type": "Inner",
                        "Startup Cost": 101207.73,
                        "Total Cost": 281501.1,
                        "Plan Rows": 609054,
                        "Plan Width": 8,
                        "Actual Startup Time": 390.726,
                        "Actual Total Time": 818.998,
                        "Actual Rows": 461075,
                        "Actual Loops": 2,
                        "Inner Unique": true,
                        "Hash Cond": "(mi.movie_id = t.id)",
                        "Plans": [
                          {
                            "Node Type": "Bitmap Heap Scan",
                            "Parent Relationship": "Outer",
                            "Parallel Aware": true,
                            "Relation Name": "movie_info",
                            "Alias": "mi",
                            "Startup Cost": 37261.42,
                            "Total Cost": 214378.69,
                            "Plan Rows": 1209942,
                            "Plan Width": 4,
                            "Actual Startup Time": 59.743,
                            "Actual Total Time": 157.348,
                            "Actual Rows": 1045534,
                            "Actual Loops": 2,
                            "Recheck Cond": "(info_type_id < 3)",
                            "Rows Removed by Index Recheck": 0,
                            "Exact Heap Blocks": 7005,
                            "Lossy Heap Blocks": 0,
                            "Plans": [
                              {
                                "Node Type": "Bitmap Index Scan",
                                "Parent Relationship": "Outer",
                                "Parallel Aware": false,
                                "Index Name": "info_type_id_movie_info",
                                "Startup Cost": 0.0,
                                "Total Cost": 36747.19,
                                "Plan Rows": 2056901,
                                "Plan Width": 0,
                                "Actual Startup Time": 57.777,
                                "Actual Total Time": 57.778,
                                "Actual Rows": 2091068,
                                "Actual Loops": 1,
                                "Index Cond": "(info_type_id < 3)"
                              }
                            ]
                          },
                          {
                            "Node Type": "Hash",
                            "Parent Relationship": "Inner",
                            "Parallel Aware": true,
                            "Startup Cost": 54588.39,
                            "Total Cost": 54588.39,
                            "Plan Rows": 748634,
                            "Plan Width": 4,
                            "Actual Startup Time": 324.101,
                            "Actual Total Time": 324.102,
                            "Actual Rows": 630148,
                            "Actual Loops": 2,
                            "Hash Buckets": 2097152,
                            "Original Hash Buckets": 2097152,
                            "Hash Batches": 1,
                            "Original Hash Batches": 1,
                            "Peak Memory Usage": 65728,
                            "Plans": [
                              {
                                "Node Type": "Seq Scan",
                                "Parent Relationship": "Outer",
                                "Parallel Aware": true,
                                "Relation Name": "title",
                                "Alias": "t",
                                "Startup Cost": 0.0,
                                "Total Cost": 54588.39,
                                "Plan Rows": 748634,
                                "Plan Width": 4,
                                "Actual Startup Time": 0.028,
                                "Actual Total Time": 156.119,
                                "Actual Rows": 630148,
                                "Actual Loops": 2,
                                "Filter": "(production_year > 2002)",
                                "Rows Removed by Filter": 634008
                              }
                            ]
                          }
                        ]
                      }
                    ]
                  },
                  {
                    "Node Type": "Sort",
                    "Parent Relationship": "Inner",
                    "Parallel Aware": false,
                    "Startup Cost": 1068.46,
                    "Total Cost": 1069.02,
                    "Plan Rows": 225,
                    "Plan Width": 4,
                    "Actual Startup Time": 0.508,
                    "Actual Total Time": 0.54,
                    "Actual Rows": 721,
                    "Actual Loops": 2,
                    "Sort Key": [
                      "ci.movie_id"
                    ],
                    "Sort Method": "quicksort",
                    "Sort Space Used": 58,
                    "Sort Space Type": "Memory",
                    "Workers": [
                      {
                        "Worker Number": 0,
                        "Sort Method": "quicksort",
                        "Sort Space Used": 58,
                        "Sort Space Type": "Memory"
                      }
                    ],
                    "Plans": [
                      {
                        "Node Type": "Index Scan",
                        "Parent Relationship": "Outer",
                        "Parallel Aware": false,
                        "Scan Direction": "Forward",
                        "Index Name": "person_id_cast_info",
                        "Relation Name": "cast_info",
                        "Alias": "ci",
                        "Startup Cost": 0.56,
                        "Total Cost": 1059.67,
                        "Plan Rows": 225,
                        "Plan Width": 4,
                        "Actual Startup Time": 0.249,
                        "Actual Total Time": 0.4,
                        "Actual Rows": 711,
                        "Actual Loops": 2,
                        "Index Cond": "(person_id = 673476)",
                        "Rows Removed by Index Recheck": 0,
                        "Filter": "(role_id > 2)",
                        "Rows Removed by Filter": 847
                      }
                    ]
                  }
                ]
              }
            ]
          }
        ]
      }
    ]
  },
  "Planning Time": 0.369,
  "Triggers": [],
  "Execution Time": 964.278
}