{
  "Plan": {
    "Node Type": "Aggregate",
    "Strategy": "Plain",
    "Partial Mode": "Simple",
    "Parallel Aware": false,
    "Startup Cost": 1687914.27,
    "Total Cost": 1687914.28,
    "Plan Rows": 1,
    "Plan Width": 96,
    "Actual Startup Time": 7267.567,
    "Actual Total Time": 7267.721,
    "Actual Rows": 1,
    "Actual Loops": 1,
    "Plans": [
      {
        "Node Type": "Merge Join",
        "Parent Relationship": "Outer",
        "Parallel Aware": false,
        "Join Type": "Inner",
        "Startup Cost": 1571353.49,
        "Total Cost": 1687914.18,
        "Plan Rows": 11,
        "Plan Width": 66,
        "Actual Startup Time": 6141.412,
        "Actual Total Time": 7264.083,
        "Actual Rows": 28073,
        "Actual Loops": 1,
        "Inner Unique": false,
        "Merge Cond": "(t.id = ci.movie_id)",
        "Plans": [
          {
            "Node Type": "Index Scan",
            "Parent Relationship": "Outer",
            "Parallel Aware": false,
            "Scan Direction": "Forward",
            "Index Name": "title_pkey",
            "Relation Name": "title",
            "Alias": "t",
            "Startup Cost": 0.43,
            "Total Cost": 110359.06,
            "Plan Rows": 2528509,
            "Plan Width": 21,
            "Actual Startup Time": 0.015,
            "Actual Total Time": 971.533,
            "Actual Rows": 2525794,
            "Actual Loops": 1
          },
          {
            "Node Type": "Sort",
            "Parent Relationship": "Inner",
            "Parallel Aware": false,
            "Startup Cost": 1571350.29,
            "Total Cost": 1571350.32,
            "Plan Rows": 11,
            "Plan Width": 61,
            "Actual Startup Time": 6134.347,
            "Actual Total Time": 6136.911,
            "Actual Rows": 28073,
            "Actual Loops": 1,
            "Sort Key": [
              "ci.movie_id"
            ],
            "Sort Method": "quicksort",
            "Sort Space Used": 2962,
            "Sort Space Type": "Memory",
            "Plans": [
              {
                "Node Type": "Merge Join",
                "Parent Relationship": "Outer",
                "Parallel Aware": false,
                "Join Type": "Inner",
                "Startup Cost": 1571343.97,
                "Total Cost": 1571350.1,
                "Plan Rows": 11,
                "Plan Width": 61,
                "Actual Startup Time": 6124.474,
                "Actual Total Time": 6129.079,
                "Actual Rows": 28073,
                "Actual Loops": 1,
                "Inner Unique": true,
                "Merge Cond": "(mi.info_type_id = it1.id)",
                "Plans": [
                  {
                    "Node Type": "Sort",
                    "Parent Relationship": "Outer",
                    "Parallel Aware": false,
                    "Startup Cost": 1571341.55,
                    "Total Cost": 1571344.56,
                    "Plan Rows": 1203,
                    "Plan Width": 65,
                    "Actual Startup Time": 6124.43,
                    "Actual Total Time": 6125.558,
                    "Actual Rows": 28074,
                    "Actual Loops": 1,
                    "Sort Key": [
                      "mi.info_type_id"
                    ],
                    "Sort Method": "quicksort",
                    "Sort Space Used": 3065,
                    "Sort Space Type": "Memory",
                    "Plans": [
                      {
                        "Node Type": "Merge Join",
                        "Parent Relationship": "Outer",
                        "Parallel Aware": false,
                        "Join Type": "Inner",
                        "Startup Cost": 1570291.51,
                        "Total Cost": 1571280.0,
                        "Plan Rows": 1203,
                        "Plan Width": 65,
                        "Actual Startup Time": 6081.772,
                        "Actual Total Time": 6119.879,
                        "Actual Rows": 29399,
                        "Actual Loops": 1,
                        "Inner Unique": false,
                        "Merge Cond": "(ci.movie_id = mi.movie_id)",
                        "Plans": [
                          {
                            "Node Type": "Sort",
                            "Parent Relationship": "Outer",
                            "Parallel Aware": false,
                            "Startup Cost": 1218735.84,
                            "Total Cost": 1218751.25,
                            "Plan Rows": 6164,
                            "Plan Width": 14,
                            "Actual Startup Time": 4566.954,
                            "Actual Total Time": 4575.044,
                            "Actual Rows": 166987,
                            "Actual Loops": 1,
                            "Sort Key": [
                              "ci.movie_id"
                            ],
                            "Sort Method": "quicksort",
                            "Sort Space Used": 13972,
                            "Sort Space Type": "Memory",
                            "Plans": [
                              {
                                "Node Type": "Merge Join",
                                "Parent Relationship": "Outer",
                                "Parallel Aware": false,
                                "Join Type": "Inner",
                                "Startup Cost": 1214803.48,
                                "Total Cost": 1218347.83,
                                "Plan Rows": 6164,
                                "Plan Width": 14,
                                "Actual Startup Time": 4504.925,
                                "Actual Total Time": 4531.734,
                                "Actual Rows": 166987,
                                "Actual Loops": 1,
                                "Inner Unique": true,
                                "Merge Cond": "(mi_idx.info_type_id = it2.id)",
                                "Plans": [
                                  {
                                    "Node Type": "Sort",
                                    "Parent Relationship": "Outer",
                                    "Parallel Aware": false,
                                    "Startup Cost": 1214801.05,
                                    "Total Cost": 1216542.4,
                                    "Plan Rows": 696541,
                                    "Plan Width": 18,
                                    "Actual Startup Time": 4488.497,
                                    "Actual Total Time": 4502.9,
                                    "Actual Rows": 333975,
                                    "Actual Loops": 1,
                                    "Sort Key": [
                                      "mi_idx.info_type_id"
                                    ],
                                    "Sort Method": "quicksort",
                                    "Sort Space Used": 41294,
                                    "Sort Space Type": "Memory",
                                    "Plans": [
                                      {
                                        "Node Type": "Merge Join",
                                        "Parent Relationship": "Outer",
                                        "Parallel Aware": false,
                                        "Join Type": "Inner",
                                        "Startup Cost": 1079682.24,
                                        "Total Cost": 1147202.28,
                                        "Plan Rows": 696541,
                                        "Plan Width": 18,
                                        "Actual Startup Time": 3961.385,
                                        "Actual Total Time": 4406.25,
                                        "Actual Rows": 501122,
                                        "Actual Loops": 1,
                                        "Inner Unique": false,
                                        "Merge Cond": "(mi_idx.movie_id = ci.movie_id)",
                                        "Plans": [
                                          {
                                            "Node Type": "Index Scan",
                                            "Parent Relationship": "Outer",
                                            "Parallel Aware": false,
                                            "Scan Direction": "Forward",
                                            "Index Name": "movie_id_movie_info_idx",
                                            "Relation Name": "movie_info_idx",
                                            "Alias": "mi_idx",
                                            "Startup Cost": 0.43,
                                            "Total Cost": 53622.74,
                                            "Plan Rows": 1380035,
                                            "Plan Width": 14,
                                            "Actual Startup Time": 0.016,
                                            "Actual Total Time": 193.127,
                                            "Actual Rows": 1380035,
                                            "Actual Loops": 1
                                          },
                                          {
                                            "Node Type": "Sort",
                                            "Parent Relationship": "Inner",
                                            "Parallel Aware": false,
                                            "Startup Cost": 1079681.69,
                                            "Total Cost": 1080905.43,
                                            "Plan Rows": 489495,
                                            "Plan Width": 4,
                                            "Actual Startup Time": 3961.354,
                                            "Actual Total Time": 4037.615,
                                            "Actual Rows": 892633,
                                            "Actual Loops": 1,
                                            "Sort Key": [
                                              "ci.movie_id"
                                            ],
                                            "Sort Method": "quicksort",
                                            "Sort Space Used": 50757,
                                            "Sort Space Type": "Memory",
                                            "Plans": [
                                              {
                                                "Node Type": "Merge Join",
                                                "Parent Relationship": "Outer",
                                                "Parallel Aware": false,
                                                "Join Type": "Inner",
                                                "Startup Cost": 834674.86,
                                                "Total Cost": 1033422.12,
                                                "Plan Rows": 489495,
                                                "Plan Width": 4,
                                                "Actual Startup Time": 2330.223,
                                                "Actual Total Time": 3835.162,
                                                "Actual Rows": 558518,
                                                "Actual Loops": 1,
                                                "Inner Unique": false,
                                                "Merge Cond": "(n.id = ci.person_id)",
                                                "Plans": [
                                                  {
                                                    "Node Type": "Index Scan",
                                                    "Parent Relationship": "Outer",
                                                    "Parallel Aware": false,
                                                    "Scan Direction": "Forward",
                                                    "Index Name": "name_pkey",
                                                    "Relation Name": "name",
                                                    "Alias": "n",
                                                    "Startup Cost": 0.43,
                                                    "Total Cost": 188589.67,
                                                    "Plan Rows": 1747242,
                                                    "Plan Width": 4,
                                                    "Actual Startup Time": 0.019,
                                                    "Actual Total Time": 1326.97,
                                                    "Actual Rows": 1739579,
                                                    "Actual Loops": 1,
                                                    "Filter": "((gender)::text = 'm'::text)",
                                                    "Rows Removed by Filter": 2427912
                                                  },
                                                  {
                                                    "Node Type": "Sort",
                                                    "Parent Relationship": "Inner",
                                                    "Parallel Aware": false,
                                                    "Startup Cost": 834674.32,
                                                    "Total Cost": 837593.07,
                                                    "Plan Rows": 1167502,
                                                    "Plan Width": 8,
                                                    "Actual Startup Time": 2330.106,
                                                    "Actual Total Time": 2365.422,
                                                    "Actual Rows": 558519,
                                                    "Actual Loops": 1,
                                                    "Sort Key": [
                                                      "ci.person_id"
                                                    ],
                                                    "Sort Method": "quicksort",
                                                    "Sort Space Used": 107499,
                                                    "Sort Space Type": "Memory",
                                                    "Plans": [
                                                      {
                                                        "Node Type": "Gather",
                                                        "Parent Relationship": "Outer",
                                                        "Parallel Aware": false,
                                                        "Startup Cost": 1000.0,
                                                        "Total Cost": 717019.34,
                                                        "Plan Rows": 1167502,
                                                        "Plan Width": 8,
                                                        "Actual Startup Time": 153.917,
                                                        "Actual Total Time": 2120.571,
                                                        "Actual Rows": 1244716,
                                                        "Actual Loops": 1,
                                                        "Workers Planned": 1,
                                                        "Workers Launched": 1,
                                                        "Single Copy": false,
                                                        "Plans": [
                                                          {
                                                            "Node Type": "Seq Scan",
                                                            "Parent Relationship": "Outer",
                                                            "Parallel Aware": true,
                                                            "Relation Name": "cast_info",
                                                            "Alias": "ci",
                                                            "Startup Cost": 0.0,
                                                            "Total Cost": 599269.14,
                                                            "Plan Rows": 686766,
                                                            "Plan Width": 8,
                                                            "Actual Startup Time": 109.736,
                                                            "Actual Total Time": 2004.332,
                                                            "Actual Rows": 622358,
                                                            "Actual Loops": 2,
                                                            "Filter": "(note = ANY ('{(writer),\"(head writer)\",\"(written by)\",(story),\"(story editor)\"}'::text[]))",
                                                            "Rows Removed by Filter": 17499814
                                                          }
                                                        ]
                                                      }
                                                    ]
                                                  }
                                                ]
                                              }
                                            ]
                                          }
                                        ]
                                      }
                                    ]
                                  },
                                  {
                                    "Node Type": "Sort",
                                    "Parent Relationship": "Inner",
                                    "Parallel Aware": false,
                                    "Startup Cost": 2.42,
                                    "Total Cost": 2.43,
                                    "Plan Rows": 1,
                                    "Plan Width": 4,
                                    "Actual Startup Time": 0.037,
                                    "Actual Total Time": 0.038,
                                    "Actual Rows": 1,
                                    "Actual Loops": 1,
                                    "Sort Key": [
                                      "it2.id"
                                    ],
                                    "Sort Method": "quicksort",
                                    "Sort Space Used": 25,
                                    "Sort Space Type": "Memory",
                                    "Plans": [
                                      {
                                        "Node Type": "Seq Scan",
                                        "Parent Relationship": "Outer",
                                        "Parallel Aware": false,
                                        "Relation Name": "info_type",
                                        "Alias": "it2",
                                        "Startup Cost": 0.0,
                                        "Total Cost": 2.41,
                                        "Plan Rows": 1,
                                        "Plan Width": 4,
                                        "Actual Startup Time": 0.026,
                                        "Actual Total Time": 0.027,
                                        "Actual Rows": 1,
                                        "Actual Loops": 1,
                                        "Filter": "((info)::text = 'votes'::text)",
                                        "Rows Removed by Filter": 112
                                      }
                                    ]
                                  }
                                ]
                              }
                            ]
                          },
                          {
                            "Node Type": "Sort",
                            "Parent Relationship": "Inner",
                            "Parallel Aware": false,
                            "Startup Cost": 351555.67,
                            "Total Cost": 352028.69,
                            "Plan Rows": 189208,
                            "Plan Width": 51,
                            "Actual Startup Time": 1514.716,
                            "Actual Total Time": 1522.118,
                            "Actual Rows": 194929,
                            "Actual Loops": 1,
                            "Sort Key": [
                              "mi.movie_id"
                            ],
                            "Sort Method": "quicksort",
                            "Sort Space Used": 16323,
                            "Sort Space Type": "Memory",
                            "Plans": [
                              {
                                "Node Type": "Gather",
                                "Parent Relationship": "Outer",
                                "Parallel Aware": false,
                                "Startup Cost": 1000.0,
                                "Total Cost": 334971.95,
                                "Plan Rows": 189208,
                                "Plan Width": 51,
                                "Actual Startup Time": 684.28,
                                "Actual Total Time": 1473.005,
                                "Actual Rows": 188971,
                                "Actual Loops": 1,
                                "Workers Planned": 1,
                                "Workers Launched": 1,
                                "Single Copy": false,
                                "Plans": [
                                  {
                                    "Node Type": "Seq Scan",
                                    "Parent Relationship": "Outer",
                                    "Parallel Aware": true,
                                    "Relation Name": "movie_info",
                                    "Alias": "mi",
                                    "Startup Cost": 0.0,
                                    "Total Cost": 315051.15,
                                    "Plan Rows": 111299,
                                    "Plan Width": 51,
                                    "Actual Startup Time": 793.321,
                                    "Actual Total Time": 1457.391,
                                    "Actual Rows": 94486,
                                    "Actual Loops": 2,
                                    "Filter": "(info = ANY ('{Horror,Action,Sci-Fi,Thriller,Crime,War}'::text[]))",
                                    "Rows Removed by Filter": 7323374
                                  }
                                ]
                              }
                            ]
                          }
                        ]
                      }
                    ]
                  },
                  {
                    "Node Type": "Sort",
                    "Parent Relationship": "Inner",
                    "Parallel Aware": false,
                    "Startup Cost": 2.42,
                    "Total Cost": 2.43,
                    "Plan Rows": 1,
                    "Plan Width": 4,
                    "Actual Startup Time": 0.04,
                    "Actual Total Time": 0.041,
                    "Actual Rows": 1,
                    "Actual Loops": 1,
                    "Sort Key": [
                      "it1.id"
                    ],
                    "Sort Method": "quicksort",
                    "Sort Space Used": 25,
                    "Sort Space Type": "Memory",
                    "Plans": [
                      {
                        "Node Type": "Seq Scan",
                        "Parent Relationship": "Outer",
                        "Parallel Aware": false,
                        "Relation Name": "info_type",
                        "Alias": "it1",
                        "Startup Cost": 0.0,
                        "Total Cost": 2.41,
                        "Plan Rows": 1,
                        "Plan Width": 4,
                        "Actual Startup Time": 0.026,
                        "Actual Total Time": 0.031,
                        "Actual Rows": 1,
                        "Actual Loops": 1,
                        "Filter": "((info)::text = 'genres'::text)",
                        "Rows Removed by Filter": 112
                      }
                    ]
                  }
                ]
              }
            ]
          }
        ]
      }
    ]
  },
  "Planning Time": 2.495,
  "Triggers": [],
  "Execution Time": 7275.454
}