[
  {
    "Plan": {
      "Node Type": "Aggregate",
      "Strategy": "Plain",
      "Partial Mode": "Finalize",
      "Parallel Aware": false,
      "Startup Cost": 32650.88,
      "Total Cost": 32650.89,
      "Plan Rows": 1,
      "Plan Width": 8,
      "Actual Startup Time": 71.618,
      "Actual Total Time": 79.823,
      "Actual Rows": 1,
      "Actual Loops": 1,
      "Plans": [
        {
          "Node Type": "Gather",
          "Parent Relationship": "Outer",
          "Parallel Aware": false,
          "Startup Cost": 32650.56,
          "Total Cost": 32650.87,
          "Plan Rows": 3,
          "Plan Width": 8,
          "Actual Startup Time": 71.479,
          "Actual Total Time": 79.814,
          "Actual Rows": 4,
          "Actual Loops": 1,
          "Workers Planned": 3,
          "Workers Launched": 3,
          "Single Copy": false,
          "Plans": [
            {
              "Node Type": "Aggregate",
              "Strategy": "Plain",
              "Partial Mode": "Partial",
              "Parent Relationship": "Outer",
              "Parallel Aware": false,
              "Startup Cost": 31650.56,
              "Total Cost": 31650.57,
              "Plan Rows": 1,
              "Plan Width": 8,
              "Actual Startup Time": 68.011,
              "Actual Total Time": 68.012,
              "Actual Rows": 1,
              "Actual Loops": 4,
              "Plans": [
                {
                  "Node Type": "Seq Scan",
                  "Parent Relationship": "Outer",
                  "Parallel Aware": true,
                  "Relation Name": "movie_companies",
                  "Alias": "mc",
                  "Startup Cost": 0.0,
                  "Total Cost": 31414.82,
                  "Plan Rows": 94297,
                  "Plan Width": 0,
                  "Actual Startup Time": 37.408,
                  "Actual Total Time": 67.98,
                  "Actual Rows": 426,
                  "Actual Loops": 4,
                  "Filter": "((company_id > 69271) AND (company_type_id = 1))",
                  "Rows Removed by Filter": 651856
                }
              ]
            }
          ]
        }
      ]
    },
    "Planning Time": 0.148,
    "Triggers": [],
    "Execution Time": 79.862
  }
]