[
  {
    "Plan": {
      "Node Type": "Aggregate",
      "Strategy": "Plain",
      "Partial Mode": "Finalize",
      "Parallel Aware": false,
      "Startup Cost": 111970.31,
      "Total Cost": 111970.32,
      "Plan Rows": 1,
      "Plan Width": 8,
      "Actual Startup Time": 685.774,
      "Actual Total Time": 704.619,
      "Actual Rows": 1,
      "Actual Loops": 1,
      "Plans": [
        {
          "Node Type": "Gather",
          "Parent Relationship": "Outer",
          "Parallel Aware": false,
          "Startup Cost": 111970.09,
          "Total Cost": 111970.3,
          "Plan Rows": 2,
          "Plan Width": 8,
          "Actual Startup Time": 679.801,
          "Actual Total Time": 704.609,
          "Actual Rows": 3,
          "Actual Loops": 1,
          "Workers Planned": 2,
          "Workers Launched": 2,
          "Single Copy": false,
          "Plans": [
            {
              "Node Type": "Aggregate",
              "Strategy": "Plain",
              "Partial Mode": "Partial",
              "Parent Relationship": "Outer",
              "Parallel Aware": false,
              "Startup Cost": 110970.09,
              "Total Cost": 110970.1,
              "Plan Rows": 1,
              "Plan Width": 8,
              "Actual Startup Time": 672.121,
              "Actual Total Time": 672.871,
              "Actual Rows": 1,
              "Actual Loops": 3,
              "Plans": [
                {
                  "Node Type": "Hash Join",
                  "Parent Relationship": "Outer",
                  "Parallel Aware": true,
                  "Join Type": "Inner",
                  "Startup Cost": 94469.94,
                  "Total Cost": 110682.49,
                  "Plan Rows": 115041,
                  "Plan Width": 0,
                  "Actual Startup Time": 550.237,
                  "Actual Total Time": 660.765,
                  "Actual Rows": 286116,
                  "Actual Loops": 3,
                  "Inner Unique": false,
                  "Hash Cond": "(mi_idx.movie_id = t.id)",
                  "Plans": [
                    {
                      "Node Type": "Seq Scan",
                      "Parent Relationship": "Outer",
                      "Parallel Aware": true,
                      "Relation Name": "movie_info_idx",
                      "Alias": "mi_idx",
                      "Startup Cost": 0.0,
                      "Total Cost": 13685.15,
                      "Plan Rows": 575015,
                      "Plan Width": 4,
                      "Actual Startup Time": 0.016,
                      "Actual Total Time": 36.201,
                      "Actual Rows": 460012,
                      "Actual Loops": 3
                    },
                    {
                      "Node Type": "Hash",
                      "Parent Relationship": "Inner",
                      "Parallel Aware": true,
                      "Startup Cost": 92430.22,
                      "Total Cost": 92430.22,
                      "Plan Rows": 163178,
                      "Plan Width": 8,
                      "Actual Startup Time": 546.123,
                      "Actual Total Time": 546.871,
                      "Actual Rows": 142336,
                      "Actual Loops": 3,
                      "Hash Buckets": 524288,
                      "Original Hash Buckets": 524288,
                      "Hash Batches": 1,
                      "Original Hash Batches": 1,
                      "Peak Memory Usage": 20864,
                      "Plans": [
                        {
                          "Node Type": "Hash Join",
                          "Parent Relationship": "Outer",
                          "Parallel Aware": true,
                          "Join Type": "Inner",
                          "Startup Cost": 49081.46,
                          "Total Cost": 92430.22,
                          "Plan Rows": 163178,
                          "Plan Width": 8,
                          "Actual Startup Time": 332.51,
                          "Actual Total Time": 512.286,
                          "Actual Rows": 142336,
                          "Actual Loops": 3,
                          "Inner Unique": true,
                          "Hash Cond": "(mk.movie_id = t.id)",
                          "Plans": [
                            {
                              "Node Type": "Seq Scan",
                              "Parent Relationship": "Outer",
                              "Parallel Aware": true,
                              "Relation Name": "movie_keyword",
                              "Alias": "mk",
                              "Startup Cost": 0.0,
                              "Total Cost": 42695.65,
                              "Plan Rows": 248801,
                              "Plan Width": 4,
                              "Actual Startup Time": 0.025,
                              "Actual Total Time": 109.345,
                              "Actual Rows": 257257,
                              "Actual Loops": 3,
                              "Filter": "(keyword_id < 731)",
                              "Rows Removed by Filter": 1250720
                            },
                            {
                              "Node Type": "Hash",
                              "Parent Relationship": "Inner",
                              "Parallel Aware": true,
                              "Startup Cost": 43899.32,
                              "Total Cost": 43899.32,
                              "Plan Rows": 414571,
                              "Plan Width": 4,
                              "Actual Startup Time": 324.686,
                              "Actual Total Time": 324.687,
                              "Actual Rows": 547838,
                              "Actual Loops": 3,
                              "Hash Buckets": 2097152,
                              "Original Hash Buckets": 2097152,
                              "Hash Batches": 1,
                              "Original Hash Batches": 1,
                              "Peak Memory Usage": 80736,
                              "Plans": [
                                {
                                  "Node Type": "Seq Scan",
                                  "Parent Relationship": "Outer",
                                  "Parallel Aware": true,
                                  "Relation Name": "title",
                                  "Alias": "t",
                                  "Startup Cost": 0.0,
                                  "Total Cost": 43899.32,
                                  "Plan Rows": 414571,
                                  "Plan Width": 4,
                                  "Actual Startup Time": 0.055,
                                  "Actual Total Time": 129.66,
                                  "Actual Rows": 547838,
                                  "Actual Loops": 3,
                                  "Filter": "(production_year > 1994)",
                                  "Rows Removed by Filter": 294933
                                }
                              ]
                            }
                          ]
                        }
                      ]
                    }
                  ]
                }
              ]
            }
          ]
        }
      ]
    },
    "Planning Time": 1.368,
    "Triggers": [],
    "Execution Time": 704.706
  }
]