[
  {
    "Plan": {
      "Node Type": "Aggregate",
      "Strategy": "Plain",
      "Partial Mode": "Finalize",
      "Parallel Aware": false,
      "Startup Cost": 337549.37,
      "Total Cost": 337549.38,
      "Plan Rows": 1,
      "Plan Width": 8,
      "Actual Startup Time": 881.559,
      "Actual Total Time": 947.689,
      "Actual Rows": 1,
      "Actual Loops": 1,
      "Plans": [
        {
          "Node Type": "Gather",
          "Parent Relationship": "Outer",
          "Parallel Aware": false,
          "Startup Cost": 337548.75,
          "Total Cost": 337549.36,
          "Plan Rows": 6,
          "Plan Width": 8,
          "Actual Startup Time": 881.392,
          "Actual Total Time": 947.677,
          "Actual Rows": 7,
          "Actual Loops": 1,
          "Workers Planned": 6,
          "Workers Launched": 6,
          "Single Copy": false,
          "Plans": [
            {
              "Node Type": "Aggregate",
              "Strategy": "Plain",
              "Partial Mode": "Partial",
              "Parent Relationship": "Outer",
              "Parallel Aware": false,
              "Startup Cost": 336548.75,
              "Total Cost": 336548.76,
              "Plan Rows": 1,
              "Plan Width": 8,
              "Actual Startup Time": 873.527,
              "Actual Total Time": 873.528,
              "Actual Rows": 1,
              "Actual Loops": 7,
              "Plans": [
                {
                  "Node Type": "Seq Scan",
                  "Parent Relationship": "Outer",
                  "Parallel Aware": true,
                  "Relation Name": "cast_info",
                  "Alias": "ci",
                  "Startup Cost": 0.0,
                  "Total Cost": 328211.39,
                  "Plan Rows": 3334942,
                  "Plan Width": 0,
                  "Actual Startup Time": 214.222,
                  "Actual Total Time": 721.938,
                  "Actual Rows": 2832854,
                  "Actual Loops": 7,
                  "Filter": "(person_id > 1625445)",
                  "Rows Removed by Filter": 2344910
                }
              ]
            }
          ]
        }
      ]
    },
    "Planning Time": 0.201,
    "Triggers": [],
    "Execution Time": 947.767
  }
]