[
  {
    "Plan": {
      "Node Type": "Aggregate",
      "Strategy": "Plain",
      "Partial Mode": "Finalize",
      "Parallel Aware": false,
      "Startup Cost": 337419.92,
      "Total Cost": 337419.93,
      "Plan Rows": 1,
      "Plan Width": 8,
      "Actual Startup Time": 714.726,
      "Actual Total Time": 770.826,
      "Actual Rows": 1,
      "Actual Loops": 1,
      "Plans": [
        {
          "Node Type": "Gather",
          "Parent Relationship": "Outer",
          "Parallel Aware": false,
          "Startup Cost": 337419.29,
          "Total Cost": 337419.9,
          "Plan Rows": 6,
          "Plan Width": 8,
          "Actual Startup Time": 714.597,
          "Actual Total Time": 770.817,
          "Actual Rows": 7,
          "Actual Loops": 1,
          "Workers Planned": 6,
          "Workers Launched": 6,
          "Single Copy": false,
          "Plans": [
            {
              "Node Type": "Aggregate",
              "Strategy": "Plain",
              "Partial Mode": "Partial",
              "Parent Relationship": "Outer",
              "Parallel Aware": false,
              "Startup Cost": 336419.29,
              "Total Cost": 336419.3,
              "Plan Rows": 1,
              "Plan Width": 8,
              "Actual Startup Time": 707.132,
              "Actual Total Time": 707.133,
              "Actual Rows": 1,
              "Actual Loops": 7,
              "Plans": [
                {
                  "Node Type": "Seq Scan",
                  "Parent Relationship": "Outer",
                  "Parallel Aware": true,
                  "Relation Name": "cast_info",
                  "Alias": "ci",
                  "Startup Cost": 0.0,
                  "Total Cost": 328162.03,
                  "Plan Rows": 3302907,
                  "Plan Width": 0,
                  "Actual Startup Time": 175.942,
                  "Actual Total Time": 589.557,
                  "Actual Rows": 2832854,
                  "Actual Loops": 7,
                  "Filter": "(person_id > 1625445)",
                  "Rows Removed by Filter": 2344910
                }
              ]
            }
          ]
        }
      ]
    },
    "Planning Time": 0.194,
    "Triggers": [],
    "Execution Time": 770.899
  }
]