{
  "Plan": {
    "Node Type": "Aggregate",
    "Strategy": "Plain",
    "Partial Mode": "Finalize",
    "Parallel Aware": false,
    "Startup Cost": 35879.3,
    "Total Cost": 35879.31,
    "Plan Rows": 1,
    "Plan Width": 8,
    "Actual Startup Time": 38.965,
    "Actual Total Time": 42.844,
    "Actual Rows": 1,
    "Actual Loops": 1,
    "Plans": [
      {
        "Node Type": "Gather",
        "Parent Relationship": "Outer",
        "Parallel Aware": false,
        "Startup Cost": 35879.19,
        "Total Cost": 35879.3,
        "Plan Rows": 1,
        "Plan Width": 8,
        "Actual Startup Time": 38.784,
        "Actual Total Time": 42.836,
        "Actual Rows": 2,
        "Actual Loops": 1,
        "Workers Planned": 1,
        "Workers Launched": 1,
        "Single Copy": false,
        "Plans": [
          {
            "Node Type": "Aggregate",
            "Strategy": "Plain",
            "Partial Mode": "Partial",
            "Parent Relationship": "Outer",
            "Parallel Aware": false,
            "Startup Cost": 34879.19,
            "Total Cost": 34879.2,
            "Plan Rows": 1,
            "Plan Width": 8,
            "Actual Startup Time": 32.577,
            "Actual Total Time": 32.579,
            "Actual Rows": 1,
            "Actual Loops": 2,
            "Plans": [
              {
                "Node Type": "Nested Loop",
                "Parent Relationship": "Outer",
                "Parallel Aware": false,
                "Join Type": "Inner",
                "Startup Cost": 184.97,
                "Total Cost": 34878.16,
                "Plan Rows": 411,
                "Plan Width": 0,
                "Actual Startup Time": 15.652,
                "Actual Total Time": 32.563,
                "Actual Rows": 76,
                "Actual Loops": 2,
                "Inner Unique": false,
                "Plans": [
                  {
                    "Node Type": "Nested Loop",
                    "Parent Relationship": "Outer",
                    "Parallel Aware": false,
                    "Join Type": "Inner",
                    "Startup Cost": 184.54,
                    "Total Cost": 33848.95,
                    "Plan Rows": 122,
                    "Plan Width": 8,
                    "Actual Startup Time": 10.708,
                    "Actual Total Time": 31.637,
                    "Actual Rows": 146,
                    "Actual Loops": 2,
                    "Inner Unique": true,
                    "Plans": [
                      {
                        "Node Type": "Bitmap Heap Scan",
                        "Parent Relationship": "Outer",
                        "Parallel Aware": true,
                        "Relation Name": "movie_companies",
                        "Alias": "mc",
                        "Startup Cost": 184.11,
                        "Total Cost": 15226.88,
                        "Plan Rows": 2494,
                        "Plan Width": 4,
                        "Actual Startup Time": 2.198,
                        "Actual Total Time": 5.009,
                        "Actual Rows": 4303,
                        "Actual Loops": 2,
                        "Recheck Cond": "(company_id = 596)",
                        "Rows Removed by Index Recheck": 0,
                        "Filter": "(company_type_id = 2)",
                        "Rows Removed by Filter": 48,
                        "Exact Heap Blocks": 715,
                        "Lossy Heap Blocks": 0,
                        "Plans": [
                          {
                            "Node Type": "Bitmap Index Scan",
                            "Parent Relationship": "Outer",
                            "Parallel Aware": false,
                            "Index Name": "company_id_movie_companies",
                            "Startup Cost": 0.0,
                            "Total Cost": 183.05,
                            "Plan Rows": 8349,
                            "Plan Width": 0,
                            "Actual Startup Time": 3.503,
                            "Actual Total Time": 3.503,
                            "Actual Rows": 8702,
                            "Actual Loops": 1,
                            "Index Cond": "(company_id = 596)"
                          }
                        ]
                      },
                      {
                        "Node Type": "Index Scan",
                        "Parent Relationship": "Inner",
                        "Parallel Aware": false,
                        "Scan Direction": "Forward",
                        "Index Name": "title_pkey",
                        "Relation Name": "title",
                        "Alias": "t",
                        "Startup Cost": 0.43,
                        "Total Cost": 7.47,
                        "Plan Rows": 1,
                        "Plan Width": 4,
                        "Actual Startup Time": 0.006,
                        "Actual Total Time": 0.006,
                        "Actual Rows": 0,
                        "Actual Loops": 8606,
                        "Index Cond": "(id = mc.movie_id)",
                        "Rows Removed by Index Recheck": 0,
                        "Filter": "(production_year = 2007)",
                        "Rows Removed by Filter": 1
                      }
                    ]
                  },
                  {
                    "Node Type": "Index Scan",
                    "Parent Relationship": "Inner",
                    "Parallel Aware": false,
                    "Scan Direction": "Forward",
                    "Index Name": "movie_id_movie_info",
                    "Relation Name": "movie_info",
                    "Alias": "mi",
                    "Startup Cost": 0.43,
                    "Total Cost": 8.2,
                    "Plan Rows": 24,
                    "Plan Width": 4,
                    "Actual Startup Time": 0.004,
                    "Actual Total Time": 0.006,
                    "Actual Rows": 1,
                    "Actual Loops": 293,
                    "Index Cond": "(movie_id = t.id)",
                    "Rows Removed by Index Recheck": 0,
                    "Filter": "(info_type_id < 9)",
                    "Rows Removed by Filter": 2
                  }
                ]
              }
            ]
          }
        ]
      }
    ]
  },
  "Planning Time": 1.041,
  "Triggers": [],
  "Execution Time": 42.955
}