[
  {
    "Plan": {
      "Node Type": "Aggregate",
      "Strategy": "Plain",
      "Partial Mode": "Finalize",
      "Parallel Aware": false,
      "Startup Cost": 46506.64,
      "Total Cost": 46506.65,
      "Plan Rows": 1,
      "Plan Width": 8,
      "Actual Startup Time": 95.564,
      "Actual Total Time": 108.722,
      "Actual Rows": 1,
      "Actual Loops": 1,
      "Plans": [
        {
          "Node Type": "Gather",
          "Parent Relationship": "Outer",
          "Parallel Aware": false,
          "Startup Cost": 46506.22,
          "Total Cost": 46506.63,
          "Plan Rows": 4,
          "Plan Width": 8,
          "Actual Startup Time": 95.264,
          "Actual Total Time": 108.708,
          "Actual Rows": 5,
          "Actual Loops": 1,
          "Workers Planned": 4,
          "Workers Launched": 4,
          "Single Copy": false,
          "Plans": [
            {
              "Node Type": "Aggregate",
              "Strategy": "Plain",
              "Partial Mode": "Partial",
              "Parent Relationship": "Outer",
              "Parallel Aware": false,
              "Startup Cost": 45506.22,
              "Total Cost": 45506.23,
              "Plan Rows": 1,
              "Plan Width": 8,
              "Actual Startup Time": 88.797,
              "Actual Total Time": 88.799,
              "Actual Rows": 1,
              "Actual Loops": 5,
              "Plans": [
                {
                  "Node Type": "Seq Scan",
                  "Parent Relationship": "Outer",
                  "Parallel Aware": true,
                  "Relation Name": "title",
                  "Alias": "t",
                  "Startup Cost": 0.0,
                  "Total Cost": 45479.59,
                  "Plan Rows": 10652,
                  "Plan Width": 0,
                  "Actual Startup Time": 0.047,
                  "Actual Total Time": 87.975,
                  "Actual Rows": 8770,
                  "Actual Loops": 5,
                  "Filter": "((kind_id = 7) AND (production_year = 2003))",
                  "Rows Removed by Filter": 496892
                }
              ]
            }
          ]
        }
      ]
    },
    "Planning Time": 0.194,
    "Triggers": [],
    "Execution Time": 108.783
  }
]