[
  {
    "Plan": {
      "Node Type": "Aggregate",
      "Strategy": "Plain",
      "Partial Mode": "Finalize",
      "Parallel Aware": false,
      "Startup Cost": 447857.24,
      "Total Cost": 447857.25,
      "Plan Rows": 1,
      "Plan Width": 8,
      "Actual Startup Time": 3200.13,
      "Actual Total Time": 3253.173,
      "Actual Rows": 1,
      "Actual Loops": 1,
      "Plans": [
        {
          "Node Type": "Gather",
          "Parent Relationship": "Outer",
          "Parallel Aware": false,
          "Startup Cost": 447856.62,
          "Total Cost": 447857.23,
          "Plan Rows": 6,
          "Plan Width": 8,
          "Actual Startup Time": 3184.337,
          "Actual Total Time": 3253.16,
          "Actual Rows": 7,
          "Actual Loops": 1,
          "Workers Planned": 6,
          "Workers Launched": 6,
          "Single Copy": false,
          "Plans": [
            {
              "Node Type": "Aggregate",
              "Strategy": "Plain",
              "Partial Mode": "Partial",
              "Parent Relationship": "Outer",
              "Parallel Aware": false,
              "Startup Cost": 446856.62,
              "Total Cost": 446856.63,
              "Plan Rows": 1,
              "Plan Width": 8,
              "Actual Startup Time": 3170.269,
              "Actual Total Time": 3170.543,
              "Actual Rows": 1,
              "Actual Loops": 7,
              "Plans": [
                {
                  "Node Type": "Hash Join",
                  "Parent Relationship": "Outer",
                  "Parallel Aware": true,
                  "Join Type": "Inner",
                  "Startup Cost": 86432.72,
                  "Total Cost": 442015.57,
                  "Plan Rows": 1936420,
                  "Plan Width": 0,
                  "Actual Startup Time": 480.767,
                  "Actual Total Time": 2898.916,
                  "Actual Rows": 5488355,
                  "Actual Loops": 7,
                  "Inner Unique": false,
                  "Hash Cond": "(ci.movie_id = t.id)",
                  "Plans": [
                    {
                      "Node Type": "Seq Scan",
                      "Parent Relationship": "Outer",
                      "Parallel Aware": true,
                      "Relation Name": "cast_info",
                      "Alias": "ci",
                      "Startup Cost": 0.0,
                      "Total Cost": 328211.39,
                      "Plan Rows": 5633316,
                      "Plan Width": 4,
                      "Actual Startup Time": 32.649,
                      "Actual Total Time": 745.92,
                      "Actual Rows": 4815178,
                      "Actual Loops": 7,
                      "Filter": "(person_id > 245128)",
                      "Rows Removed by Filter": 362585
                    },
                    {
                      "Node Type": "Hash",
                      "Parent Relationship": "Inner",
                      "Parallel Aware": true,
                      "Startup Cost": 82928.16,
                      "Total Cost": 82928.16,
                      "Plan Rows": 280365,
                      "Plan Width": 8,
                      "Actual Startup Time": 445.851,
                      "Actual Total Time": 446.123,
                      "Actual Rows": 137690,
                      "Actual Loops": 7,
                      "Hash Buckets": 1048576,
                      "Original Hash Buckets": 1048576,
                      "Hash Batches": 1,
                      "Original Hash Batches": 1,
                      "Peak Memory Usage": 45984,
                      "Plans": [
                        {
                          "Node Type": "Hash Join",
                          "Parent Relationship": "Outer",
                          "Parallel Aware": true,
                          "Join Type": "Inner",
                          "Startup Cost": 50652.22,
                          "Total Cost": 82928.16,
                          "Plan Rows": 280365,
                          "Plan Width": 8,
                          "Actual Startup Time": 269.253,
                          "Actual Total Time": 396.22,
                          "Actual Rows": 137690,
                          "Actual Loops": 7,
                          "Inner Unique": true,
                          "Hash Cond": "(mc.movie_id = t.id)",
                          "Plans": [
                            {
                              "Node Type": "Seq Scan",
                              "Parent Relationship": "Outer",
                              "Parallel Aware": true,
                              "Relation Name": "movie_companies",
                              "Alias": "mc",
                              "Startup Cost": 0.0,
                              "Total Cost": 31414.82,
                              "Plan Rows": 328045,
                              "Plan Width": 4,
                              "Actual Startup Time": 0.03,
                              "Actual Total Time": 59.639,
                              "Actual Rows": 182035,
                              "Actual Loops": 7,
                              "Filter": "((company_id < 72909) AND (company_type_id = 1))",
                              "Rows Removed by Filter": 190698
                            },
                            {
                              "Node Type": "Hash",
                              "Parent Relationship": "Inner",
                              "Parallel Aware": true,
                              "Startup Cost": 43899.32,
                              "Total Cost": 43899.32,
                              "Plan Rows": 540232,
                              "Plan Width": 4,
                              "Actual Startup Time": 265.15,
                              "Actual Total Time": 265.152,
                              "Actual Rows": 306669,
                              "Actual Loops": 7,
                              "Hash Buckets": 4194304,
                              "Original Hash Buckets": 4194304,
                              "Hash Batches": 1,
                              "Original Hash Batches": 1,
                              "Peak Memory Usage": 116864,
                              "Plans": [
                                {
                                  "Node Type": "Seq Scan",
                                  "Parent Relationship": "Outer",
                                  "Parallel Aware": true,
                                  "Relation Name": "title",
                                  "Alias": "t",
                                  "Startup Cost": 0.0,
                                  "Total Cost": 43899.32,
                                  "Plan Rows": 540232,
                                  "Plan Width": 4,
                                  "Actual Startup Time": 0.06,
                                  "Actual Total Time": 97.83,
                                  "Actual Rows": 306669,
                                  "Actual Loops": 7,
                                  "Filter": "(production_year > 1965)",
                                  "Rows Removed by Filter": 54518
                                }
                              ]
                            }
                          ]
                        }
                      ]
                    }
                  ]
                }
              ]
            }
          ]
        }
      ]
    },
    "Planning Time": 0.368,
    "Triggers": [],
    "Execution Time": 3253.222
  }
]