[
  {
    "Plan": {
      "Node Type": "Aggregate",
      "Strategy": "Plain",
      "Partial Mode": "Finalize",
      "Parallel Aware": false,
      "Startup Cost": 445637.46,
      "Total Cost": 445637.47,
      "Plan Rows": 1,
      "Plan Width": 8,
      "Actual Startup Time": 2970.607,
      "Actual Total Time": 3036.208,
      "Actual Rows": 1,
      "Actual Loops": 1,
      "Plans": [
        {
          "Node Type": "Gather",
          "Parent Relationship": "Outer",
          "Parallel Aware": false,
          "Startup Cost": 445636.83,
          "Total Cost": 445637.44,
          "Plan Rows": 6,
          "Plan Width": 8,
          "Actual Startup Time": 2956.539,
          "Actual Total Time": 3036.198,
          "Actual Rows": 7,
          "Actual Loops": 1,
          "Workers Planned": 6,
          "Workers Launched": 6,
          "Single Copy": false,
          "Plans": [
            {
              "Node Type": "Aggregate",
              "Strategy": "Plain",
              "Partial Mode": "Partial",
              "Parent Relationship": "Outer",
              "Parallel Aware": false,
              "Startup Cost": 444636.83,
              "Total Cost": 444636.84,
              "Plan Rows": 1,
              "Plan Width": 8,
              "Actual Startup Time": 2943.845,
              "Actual Total Time": 2943.851,
              "Actual Rows": 1,
              "Actual Loops": 7,
              "Plans": [
                {
                  "Node Type": "Hash Join",
                  "Parent Relationship": "Outer",
                  "Parallel Aware": true,
                  "Join Type": "Inner",
                  "Startup Cost": 85624.82,
                  "Total Cost": 439748.59,
                  "Plan Rows": 1955299,
                  "Plan Width": 0,
                  "Actual Startup Time": 436.381,
                  "Actual Total Time": 2703.849,
                  "Actual Rows": 5488355,
                  "Actual Loops": 7,
                  "Inner Unique": false,
                  "Hash Cond": "(ci.movie_id = t.id)",
                  "Plans": [
                    {
                      "Node Type": "Seq Scan",
                      "Parent Relationship": "Outer",
                      "Parallel Aware": true,
                      "Relation Name": "cast_info",
                      "Alias": "ci",
                      "Startup Cost": 0.0,
                      "Total Cost": 328162.03,
                      "Plan Rows": 5619600,
                      "Plan Width": 4,
                      "Actual Startup Time": 26.699,
                      "Actual Total Time": 671.705,
                      "Actual Rows": 4815178,
                      "Actual Loops": 7,
                      "Filter": "(person_id > 245128)",
                      "Rows Removed by Filter": 362585
                    },
                    {
                      "Node Type": "Hash",
                      "Parent Relationship": "Inner",
                      "Parallel Aware": true,
                      "Startup Cost": 82875.76,
                      "Total Cost": 82875.76,
                      "Plan Rows": 219925,
                      "Plan Width": 8,
                      "Actual Startup Time": 405.161,
                      "Actual Total Time": 405.165,
                      "Actual Rows": 137690,
                      "Actual Loops": 7,
                      "Hash Buckets": 1048576,
                      "Original Hash Buckets": 1048576,
                      "Hash Batches": 1,
                      "Original Hash Batches": 1,
                      "Peak Memory Usage": 46016,
                      "Plans": [
                        {
                          "Node Type": "Hash Join",
                          "Parent Relationship": "Outer",
                          "Parallel Aware": true,
                          "Join Type": "Inner",
                          "Startup Cost": 35568.54,
                          "Total Cost": 82875.76,
                          "Plan Rows": 219925,
                          "Plan Width": 8,
                          "Actual Startup Time": 175.313,
                          "Actual Total Time": 353.968,
                          "Actual Rows": 137690,
                          "Actual Loops": 7,
                          "Inner Unique": false,
                          "Hash Cond": "(t.id = mc.movie_id)",
                          "Plans": [
                            {
                              "Node Type": "Seq Scan",
                              "Parent Relationship": "Outer",
                              "Parallel Aware": true,
                              "Relation Name": "title",
                              "Alias": "t",
                              "Startup Cost": 0.0,
                              "Total Cost": 43898.92,
                              "Plan Rows": 539774,
                              "Plan Width": 4,
                              "Actual Startup Time": 0.02,
                              "Actual Total Time": 70.025,
                              "Actual Rows": 306669,
                              "Actual Loops": 7,
                              "Filter": "(production_year > 1965)",
                              "Rows Removed by Filter": 54518
                            },
                            {
                              "Node Type": "Hash",
                              "Parent Relationship": "Inner",
                              "Parallel Aware": true,
                              "Startup Cost": 31414.82,
                              "Total Cost": 31414.82,
                              "Plan Rows": 332298,
                              "Plan Width": 4,
                              "Actual Startup Time": 173.7,
                              "Actual Total Time": 173.701,
                              "Actual Rows": 182035,
                              "Actual Loops": 7,
                              "Hash Buckets": 2097152,
                              "Original Hash Buckets": 1048576,
                              "Hash Batches": 1,
                              "Original Hash Batches": 1,
                              "Peak Memory Usage": 74592,
                              "Plans": [
                                {
                                  "Node Type": "Seq Scan",
                                  "Parent Relationship": "Outer",
                                  "Parallel Aware": true,
                                  "Relation Name": "movie_companies",
                                  "Alias": "mc",
                                  "Startup Cost": 0.0,
                                  "Total Cost": 31414.82,
                                  "Plan Rows": 332298,
                                  "Plan Width": 4,
                                  "Actual Startup Time": 0.061,
                                  "Actual Total Time": 63.971,
                                  "Actual Rows": 182035,
                                  "Actual Loops": 7,
                                  "Filter": "((company_id < 72909) AND (company_type_id = 1))",
                                  "Rows Removed by Filter": 190698
                                }
                              ]
                            }
                          ]
                        }
                      ]
                    }
                  ]
                }
              ]
            }
          ]
        }
      ]
    },
    "Planning Time": 1.411,
    "Triggers": [],
    "Execution Time": 3036.314
  }
]