[
  {
    "Plan": {
      "Node Type": "Aggregate",
      "Strategy": "Plain",
      "Partial Mode": "Finalize",
      "Parallel Aware": false,
      "Startup Cost": 33188.95,
      "Total Cost": 33188.96,
      "Plan Rows": 1,
      "Plan Width": 8,
      "Actual Startup Time": 96.757,
      "Actual Total Time": 107.258,
      "Actual Rows": 1,
      "Actual Loops": 1,
      "Plans": [
        {
          "Node Type": "Gather",
          "Parent Relationship": "Outer",
          "Parallel Aware": false,
          "Startup Cost": 33188.63,
          "Total Cost": 33188.94,
          "Plan Rows": 3,
          "Plan Width": 8,
          "Actual Startup Time": 96.617,
          "Actual Total Time": 107.246,
          "Actual Rows": 4,
          "Actual Loops": 1,
          "Workers Planned": 3,
          "Workers Launched": 3,
          "Single Copy": false,
          "Plans": [
            {
              "Node Type": "Aggregate",
              "Strategy": "Plain",
              "Partial Mode": "Partial",
              "Parent Relationship": "Outer",
              "Parallel Aware": false,
              "Startup Cost": 32188.63,
              "Total Cost": 32188.64,
              "Plan Rows": 1,
              "Plan Width": 8,
              "Actual Startup Time": 92.393,
              "Actual Total Time": 92.395,
              "Actual Rows": 1,
              "Actual Loops": 4,
              "Plans": [
                {
                  "Node Type": "Seq Scan",
                  "Parent Relationship": "Outer",
                  "Parallel Aware": true,
                  "Relation Name": "movie_companies",
                  "Alias": "mc",
                  "Startup Cost": 0.0,
                  "Total Cost": 31414.82,
                  "Plan Rows": 309525,
                  "Plan Width": 0,
                  "Actual Startup Time": 45.132,
                  "Actual Total Time": 84.071,
                  "Actual Rows": 162894,
                  "Actual Loops": 4,
                  "Filter": "((company_id < 41427) AND (company_type_id = 2))",
                  "Rows Removed by Filter": 489388
                }
              ]
            }
          ]
        }
      ]
    },
    "Planning Time": 0.231,
    "Triggers": [],
    "Execution Time": 107.315
  }
]