[
    {
        "Bao": {
            "Bao prediction": "NaN",
            "Bao recommended hint": "(no hint)"
        }
    },
    {
        "Plan": {
            "Node Type": "Aggregate",
            "Strategy": "Plain",
            "Partial Mode": "Finalize",
            "Parallel Aware": false,
            "Startup Cost": 162606.94,
            "Total Cost": 162606.95,
            "Plan Rows": 1,
            "Plan Width": 8,
            "Actual Startup Time": 259.367,
            "Actual Total Time": 273.183,
            "Actual Rows": 1,
            "Actual Loops": 1,
            "Output": [
                "count(*)"
            ],
            "Plans": [
                {
                    "Node Type": "Gather",
                    "Parent Relationship": "Outer",
                    "Parallel Aware": false,
                    "Startup Cost": 162606.42,
                    "Total Cost": 162606.93,
                    "Plan Rows": 5,
                    "Plan Width": 8,
                    "Actual Startup Time": 258.832,
                    "Actual Total Time": 273.173,
                    "Actual Rows": 6,
                    "Actual Loops": 1,
                    "Output": [
                        "(PARTIAL count(*))"
                    ],
                    "Workers Planned": 5,
                    "Workers Launched": 5,
                    "Single Copy": false,
                    "Plans": [
                        {
                            "Node Type": "Aggregate",
                            "Strategy": "Plain",
                            "Partial Mode": "Partial",
                            "Parent Relationship": "Outer",
                            "Parallel Aware": false,
                            "Startup Cost": 161606.42,
                            "Total Cost": 161606.43,
                            "Plan Rows": 1,
                            "Plan Width": 8,
                            "Actual Startup Time": 249.055,
                            "Actual Total Time": 249.058,
                            "Actual Rows": 1,
                            "Actual Loops": 6,
                            "Output": [
                                "PARTIAL count(*)"
                            ],
                            "Workers": [
                                {
                                    "Worker Number": 0,
                                    "Actual Startup Time": 246.929,
                                    "Actual Total Time": 246.932,
                                    "Actual Rows": 1,
                                    "Actual Loops": 1
                                },
                                {
                                    "Worker Number": 1,
                                    "Actual Startup Time": 247.015,
                                    "Actual Total Time": 247.017,
                                    "Actual Rows": 1,
                                    "Actual Loops": 1
                                },
                                {
                                    "Worker Number": 2,
                                    "Actual Startup Time": 246.971,
                                    "Actual Total Time": 246.974,
                                    "Actual Rows": 1,
                                    "Actual Loops": 1
                                },
                                {
                                    "Worker Number": 3,
                                    "Actual Startup Time": 247.051,
                                    "Actual Total Time": 247.053,
                                    "Actual Rows": 1,
                                    "Actual Loops": 1
                                },
                                {
                                    "Worker Number": 4,
                                    "Actual Startup Time": 247.874,
                                    "Actual Total Time": 247.877,
                                    "Actual Rows": 1,
                                    "Actual Loops": 1
                                }
                            ],
                            "Plans": [
                                {
                                    "Node Type": "Hash Join",
                                    "Parent Relationship": "Outer",
                                    "Parallel Aware": true,
                                    "Join Type": "Inner",
                                    "Startup Cost": 44109.27,
                                    "Total Cost": 161562.01,
                                    "Plan Rows": 17764,
                                    "Plan Width": 0,
                                    "Actual Startup Time": 76.343,
                                    "Actual Total Time": 248.617,
                                    "Actual Rows": 6168,
                                    "Actual Loops": 6,
                                    "Inner Unique": true,
                                    "Hash Cond": "(ci.movie_id = t.id)",
                                    "Workers": [
                                        {
                                            "Worker Number": 0,
                                            "Actual Startup Time": 74.067,
                                            "Actual Total Time": 246.465,
                                            "Actual Rows": 4718,
                                            "Actual Loops": 1
                                        },
                                        {
                                            "Worker Number": 1,
                                            "Actual Startup Time": 74.73,
                                            "Actual Total Time": 246.551,
                                            "Actual Rows": 4801,
                                            "Actual Loops": 1
                                        },
                                        {
                                            "Worker Number": 2,
                                            "Actual Startup Time": 74.298,
                                            "Actual Total Time": 246.54,
                                            "Actual Rows": 6892,
                                            "Actual Loops": 1
                                        },
                                        {
                                            "Worker Number": 3,
                                            "Actual Startup Time": 74.428,
                                            "Actual Total Time": 246.642,
                                            "Actual Rows": 6424,
                                            "Actual Loops": 1
                                        },
                                        {
                                            "Worker Number": 4,
                                            "Actual Startup Time": 75.016,
                                            "Actual Total Time": 247.502,
                                            "Actual Rows": 6075,
                                            "Actual Loops": 1
                                        }
                                    ],
                                    "Plans": [
                                        {
                                            "Node Type": "Index Scan",
                                            "Parent Relationship": "Outer",
                                            "Parallel Aware": true,
                                            "Scan Direction": "Forward",
                                            "Index Name": "role_id_cast_info",
                                            "Relation Name": "cast_info",
                                            "Schema": "public",
                                            "Alias": "ci",
                                            "Startup Cost": 0.56,
                                            "Total Cost": 115696.32,
                                            "Plan Rows": 669329,
                                            "Plan Width": 4,
                                            "Actual Startup Time": 0.055,
                                            "Actual Total Time": 138.396,
                                            "Actual Rows": 236470,
                                            "Actual Loops": 6,
                                            "Output": [
                                                "ci.id",
                                                "ci.person_id",
                                                "ci.movie_id",
                                                "ci.person_role_id",
                                                "ci.note",
                                                "ci.nr_order",
                                                "ci.role_id"
                                            ],
                                            "Index Cond": "(ci.role_id = 10)",
                                            "Rows Removed by Index Recheck": 0,
                                            "Filter": "(ci.person_id < 2912676)",
                                            "Rows Removed by Filter": 484033,
                                            "Workers": [
                                                {
                                                    "Worker Number": 0,
                                                    "Actual Startup Time": 0.076,
                                                    "Actual Total Time": 138.779,
                                                    "Actual Rows": 176235,
                                                    "Actual Loops": 1
                                                },
                                                {
                                                    "Worker Number": 1,
                                                    "Actual Startup Time": 0.065,
                                                    "Actual Total Time": 139.511,
                                                    "Actual Rows": 174457,
                                                    "Actual Loops": 1
                                                },
                                                {
                                                    "Worker Number": 2,
                                                    "Actual Startup Time": 0.063,
                                                    "Actual Total Time": 138.945,
                                                    "Actual Rows": 264091,
                                                    "Actual Loops": 1
                                                },
                                                {
                                                    "Worker Number": 3,
                                                    "Actual Startup Time": 0.044,
                                                    "Actual Total Time": 139.018,
                                                    "Actual Rows": 263044,
                                                    "Actual Loops": 1
                                                },
                                                {
                                                    "Worker Number": 4,
                                                    "Actual Startup Time": 0.051,
                                                    "Actual Total Time": 137.864,
                                                    "Actual Rows": 246175,
                                                    "Actual Loops": 1
                                                }
                                            ]
                                        },
                                        {
                                            "Node Type": "Hash",
                                            "Parent Relationship": "Inner",
                                            "Parallel Aware": true,
                                            "Startup Cost": 43899.01,
                                            "Total Cost": 43899.01,
                                            "Plan Rows": 16776,
                                            "Plan Width": 4,
                                            "Actual Startup Time": 75.486,
                                            "Actual Total Time": 75.487,
                                            "Actual Rows": 11224,
                                            "Actual Loops": 6,
                                            "Output": [
                                                "t.id"
                                            ],
                                            "Hash Buckets": 131072,
                                            "Original Hash Buckets": 131072,
                                            "Hash Batches": 1,
                                            "Original Hash Batches": 1,
                                            "Peak Memory Usage": 3712,
                                            "Workers": [
                                                {
                                                    "Worker Number": 0,
                                                    "Actual Startup Time": 73.323,
                                                    "Actual Total Time": 73.324,
                                                    "Actual Rows": 6875,
                                                    "Actual Loops": 1
                                                },
                                                {
                                                    "Worker Number": 1,
                                                    "Actual Startup Time": 73.532,
                                                    "Actual Total Time": 73.533,
                                                    "Actual Rows": 6960,
                                                    "Actual Loops": 1
                                                },
                                                {
                                                    "Worker Number": 2,
                                                    "Actual Startup Time": 73.531,
                                                    "Actual Total Time": 73.532,
                                                    "Actual Rows": 9704,
                                                    "Actual Loops": 1
                                                },
                                                {
                                                    "Worker Number": 3,
                                                    "Actual Startup Time": 73.594,
                                                    "Actual Total Time": 73.594,
                                                    "Actual Rows": 9757,
                                                    "Actual Loops": 1
                                                },
                                                {
                                                    "Worker Number": 4,
                                                    "Actual Startup Time": 74.407,
                                                    "Actual Total Time": 74.408,
                                                    "Actual Rows": 8853,
                                                    "Actual Loops": 1
                                                }
                                            ],
                                            "Plans": [
                                                {
                                                    "Node Type": "Seq Scan",
                                                    "Parent Relationship": "Outer",
                                                    "Parallel Aware": true,
                                                    "Relation Name": "title",
                                                    "Schema": "public",
                                                    "Alias": "t",
                                                    "Startup Cost": 0.0,
                                                    "Total Cost": 43899.01,
                                                    "Plan Rows": 16776,
                                                    "Plan Width": 4,
                                                    "Actual Startup Time": 0.074,
                                                    "Actual Total Time": 70.056,
                                                    "Actual Rows": 11224,
                                                    "Actual Loops": 6,
                                                    "Output": [
                                                        "t.id"
                                                    ],
                                                    "Filter": "(t.production_year > 2012)",
                                                    "Rows Removed by Filter": 410162,
                                                    "Workers": [
                                                        {
                                                            "Worker Number": 0,
                                                            "Actual Startup Time": 0.053,
                                                            "Actual Total Time": 68.405,
                                                            "Actual Rows": 6875,
                                                            "Actual Loops": 1
                                                        },
                                                        {
                                                            "Worker Number": 1,
                                                            "Actual Startup Time": 0.122,
                                                            "Actual Total Time": 68.187,
                                                            "Actual Rows": 6960,
                                                            "Actual Loops": 1
                                                        },
                                                        {
                                                            "Worker Number": 2,
                                                            "Actual Startup Time": 0.076,
                                                            "Actual Total Time": 68.292,
                                                            "Actual Rows": 9704,
                                                            "Actual Loops": 1
                                                        },
                                                        {
                                                            "Worker Number": 3,
                                                            "Actual Startup Time": 0.054,
                                                            "Actual Total Time": 68.175,
                                                            "Actual Rows": 9757,
                                                            "Actual Loops": 1
                                                        },
                                                        {
                                                            "Worker Number": 4,
                                                            "Actual Startup Time": 0.107,
                                                            "Actual Total Time": 69.322,
                                                            "Actual Rows": 8853,
                                                            "Actual Loops": 1
                                                        }
                                                    ]
                                                }
                                            ]
                                        }
                                    ]
                                }
                            ]
                        }
                    ]
                }
            ]
        },
        "Planning Time": 200.589,
        "Triggers": [],
        "Execution Time": 273.246
    }
]