[
  {
    "Plan": {
      "Node Type": "Aggregate",
      "Strategy": "Plain",
      "Partial Mode": "Finalize",
      "Parallel Aware": false,
      "Startup Cost": 125484.0,
      "Total Cost": 125484.01,
      "Plan Rows": 1,
      "Plan Width": 8,
      "Actual Startup Time": 419.568,
      "Actual Total Time": 436.096,
      "Actual Rows": 1,
      "Actual Loops": 1,
      "Plans": [
        {
          "Node Type": "Gather",
          "Parent Relationship": "Outer",
          "Parallel Aware": false,
          "Startup Cost": 125483.68,
          "Total Cost": 125483.99,
          "Plan Rows": 3,
          "Plan Width": 8,
          "Actual Startup Time": 417.959,
          "Actual Total Time": 436.089,
          "Actual Rows": 4,
          "Actual Loops": 1,
          "Workers Planned": 3,
          "Workers Launched": 3,
          "Single Copy": false,
          "Plans": [
            {
              "Node Type": "Aggregate",
              "Strategy": "Plain",
              "Partial Mode": "Partial",
              "Parent Relationship": "Outer",
              "Parallel Aware": false,
              "Startup Cost": 124483.68,
              "Total Cost": 124483.69,
              "Plan Rows": 1,
              "Plan Width": 8,
              "Actual Startup Time": 414.915,
              "Actual Total Time": 415.021,
              "Actual Rows": 1,
              "Actual Loops": 4,
              "Plans": [
                {
                  "Node Type": "Hash Join",
                  "Parent Relationship": "Outer",
                  "Parallel Aware": true,
                  "Join Type": "Inner",
                  "Startup Cost": 79034.63,
                  "Total Cost": 124312.76,
                  "Plan Rows": 68368,
                  "Plan Width": 0,
                  "Actual Startup Time": 258.144,
                  "Actual Total Time": 411.899,
                  "Actual Rows": 65389,
                  "Actual Loops": 4,
                  "Inner Unique": false,
                  "Hash Cond": "(mk.movie_id = t.id)",
                  "Plans": [
                    {
                      "Node Type": "Seq Scan",
                      "Parent Relationship": "Outer",
                      "Parallel Aware": true,
                      "Relation Name": "movie_keyword",
                      "Alias": "mk",
                      "Startup Cost": 0.0,
                      "Total Cost": 42695.65,
                      "Plan Rows": 643083,
                      "Plan Width": 4,
                      "Actual Startup Time": 0.021,
                      "Actual Total Time": 102.748,
                      "Actual Rows": 497247,
                      "Actual Loops": 4,
                      "Filter": "(keyword_id < 3518)",
                      "Rows Removed by Filter": 633736
                    },
                    {
                      "Node Type": "Hash",
                      "Parent Relationship": "Inner",
                      "Parallel Aware": true,
                      "Startup Cost": 78194.64,
                      "Total Cost": 78194.64,
                      "Plan Rows": 67199,
                      "Plan Width": 8,
                      "Actual Startup Time": 256.693,
                      "Actual Total Time": 256.798,
                      "Actual Rows": 35090,
                      "Actual Loops": 4,
                      "Hash Buckets": 524288,
                      "Original Hash Buckets": 524288,
                      "Hash Batches": 1,
                      "Original Hash Batches": 1,
                      "Peak Memory Usage": 9664,
                      "Plans": [
                        {
                          "Node Type": "Hash Join",
                          "Parent Relationship": "Outer",
                          "Parallel Aware": true,
                          "Join Type": "Inner",
                          "Startup Cost": 32498.67,
                          "Total Cost": 78194.64,
                          "Plan Rows": 67199,
                          "Plan Width": 8,
                          "Actual Startup Time": 76.737,
                          "Actual Total Time": 243.669,
                          "Actual Rows": 35090,
                          "Actual Loops": 4,
                          "Inner Unique": false,
                          "Hash Cond": "(t.id = mc.movie_id)",
                          "Plans": [
                            {
                              "Node Type": "Seq Scan",
                              "Parent Relationship": "Outer",
                              "Parallel Aware": true,
                              "Relation Name": "title",
                              "Alias": "t",
                              "Startup Cost": 0.0,
                              "Total Cost": 42318.81,
                              "Plan Rows": 632080,
                              "Plan Width": 4,
                              "Actual Startup Time": 0.011,
                              "Actual Total Time": 73.392,
                              "Actual Rows": 632078,
                              "Actual Loops": 4
                            },
                            {
                              "Node Type": "Hash",
                              "Parent Relationship": "Inner",
                              "Parallel Aware": true,
                              "Startup Cost": 31414.82,
                              "Total Cost": 31414.82,
                              "Plan Rows": 86708,
                              "Plan Width": 4,
                              "Actual Startup Time": 75.85,
                              "Actual Total Time": 75.852,
                              "Actual Rows": 35090,
                              "Actual Loops": 4,
                              "Hash Buckets": 524288,
                              "Original Hash Buckets": 524288,
                              "Hash Batches": 1,
                              "Original Hash Batches": 1,
                              "Peak Memory Usage": 9664,
                              "Plans": [
                                {
                                  "Node Type": "Seq Scan",
                                  "Parent Relationship": "Outer",
                                  "Parallel Aware": true,
                                  "Relation Name": "movie_companies",
                                  "Alias": "mc",
                                  "Startup Cost": 0.0,
                                  "Total Cost": 31414.82,
                                  "Plan Rows": 86708,
                                  "Plan Width": 4,
                                  "Actual Startup Time": 32.963,
                                  "Actual Total Time": 62.592,
                                  "Actual Rows": 35090,
                                  "Actual Loops": 4,
                                  "Filter": "((company_id < 480) AND (company_type_id = 2))",
                                  "Rows Removed by Filter": 617192
                                }
                              ]
                            }
                          ]
                        }
                      ]
                    }
                  ]
                }
              ]
            }
          ]
        }
      ]
    },
    "Planning Time": 0.487,
    "Triggers": [],
    "Execution Time": 436.133
  }
]