[
  {
    "Plan": {
      "Node Type": "Aggregate",
      "Strategy": "Plain",
      "Partial Mode": "Finalize",
      "Parallel Aware": false,
      "Startup Cost": 63278.6,
      "Total Cost": 63278.61,
      "Plan Rows": 1,
      "Plan Width": 8,
      "Actual Startup Time": 107.063,
      "Actual Total Time": 121.663,
      "Actual Rows": 1,
      "Actual Loops": 1,
      "Plans": [
        {
          "Node Type": "Gather",
          "Parent Relationship": "Outer",
          "Parallel Aware": false,
          "Startup Cost": 63278.18,
          "Total Cost": 63278.59,
          "Plan Rows": 4,
          "Plan Width": 8,
          "Actual Startup Time": 106.955,
          "Actual Total Time": 121.657,
          "Actual Rows": 5,
          "Actual Loops": 1,
          "Workers Planned": 4,
          "Workers Launched": 4,
          "Single Copy": false,
          "Plans": [
            {
              "Node Type": "Aggregate",
              "Strategy": "Plain",
              "Partial Mode": "Partial",
              "Parent Relationship": "Outer",
              "Parallel Aware": false,
              "Startup Cost": 62278.18,
              "Total Cost": 62278.19,
              "Plan Rows": 1,
              "Plan Width": 8,
              "Actual Startup Time": 97.653,
              "Actual Total Time": 97.654,
              "Actual Rows": 1,
              "Actual Loops": 5,
              "Plans": [
                {
                  "Node Type": "Nested Loop",
                  "Parent Relationship": "Outer",
                  "Parallel Aware": false,
                  "Join Type": "Inner",
                  "Startup Cost": 0.43,
                  "Total Cost": 62275.11,
                  "Plan Rows": 1228,
                  "Plan Width": 0,
                  "Actual Startup Time": 2.451,
                  "Actual Total Time": 97.424,
                  "Actual Rows": 2379,
                  "Actual Loops": 5,
                  "Inner Unique": false,
                  "Plans": [
                    {
                      "Node Type": "Seq Scan",
                      "Parent Relationship": "Outer",
                      "Parallel Aware": true,
                      "Relation Name": "title",
                      "Alias": "t",
                      "Startup Cost": 0.0,
                      "Total Cost": 45479.1,
                      "Plan Rows": 1190,
                      "Plan Width": 4,
                      "Actual Startup Time": 2.152,
                      "Actual Total Time": 82.254,
                      "Actual Rows": 1198,
                      "Actual Loops": 5,
                      "Filter": "((kind_id < 7) AND (production_year = 1972))",
                      "Rows Removed by Filter": 504465
                    },
                    {
                      "Node Type": "Index Only Scan",
                      "Parent Relationship": "Inner",
                      "Parallel Aware": false,
                      "Scan Direction": "Forward",
                      "Index Name": "movie_id_movie_companies",
                      "Relation Name": "movie_companies",
                      "Alias": "mc",
                      "Startup Cost": 0.43,
                      "Total Cost": 14.06,
                      "Plan Rows": 5,
                      "Plan Width": 4,
                      "Actual Startup Time": 0.01,
                      "Actual Total Time": 0.012,
                      "Actual Rows": 2,
                      "Actual Loops": 5989,
                      "Index Cond": "(movie_id = t.id)",
                      "Rows Removed by Index Recheck": 0,
                      "Heap Fetches": 11897
                    }
                  ]
                }
              ]
            }
          ]
        }
      ]
    },
    "Planning Time": 0.511,
    "Triggers": [],
    "Execution Time": 121.724
  }
]