[
  {
    "Plan": {
      "Node Type": "Aggregate",
      "Strategy": "Plain",
      "Partial Mode": "Finalize",
      "Parallel Aware": false,
      "Startup Cost": 45836.05,
      "Total Cost": 45836.06,
      "Plan Rows": 1,
      "Plan Width": 8,
      "Actual Startup Time": 172.957,
      "Actual Total Time": 183.916,
      "Actual Rows": 1,
      "Actual Loops": 1,
      "Plans": [
        {
          "Node Type": "Gather",
          "Parent Relationship": "Outer",
          "Parallel Aware": false,
          "Startup Cost": 45835.74,
          "Total Cost": 45836.05,
          "Plan Rows": 3,
          "Plan Width": 8,
          "Actual Startup Time": 172.81,
          "Actual Total Time": 183.905,
          "Actual Rows": 4,
          "Actual Loops": 1,
          "Workers Planned": 3,
          "Workers Launched": 3,
          "Single Copy": false,
          "Plans": [
            {
              "Node Type": "Aggregate",
              "Strategy": "Plain",
              "Partial Mode": "Partial",
              "Parent Relationship": "Outer",
              "Parallel Aware": false,
              "Startup Cost": 44835.74,
              "Total Cost": 44835.75,
              "Plan Rows": 1,
              "Plan Width": 8,
              "Actual Startup Time": 164.014,
              "Actual Total Time": 164.016,
              "Actual Rows": 1,
              "Actual Loops": 4,
              "Plans": [
                {
                  "Node Type": "Seq Scan",
                  "Parent Relationship": "Outer",
                  "Parallel Aware": true,
                  "Relation Name": "movie_keyword",
                  "Alias": "mk",
                  "Startup Cost": 0.0,
                  "Total Cost": 42695.65,
                  "Plan Rows": 856033,
                  "Plan Width": 0,
                  "Actual Startup Time": 0.504,
                  "Actual Total Time": 129.726,
                  "Actual Rows": 663396,
                  "Actual Loops": 4,
                  "Filter": "(keyword_id > 3162)",
                  "Rows Removed by Filter": 467587
                }
              ]
            }
          ]
        }
      ]
    },
    "Planning Time": 0.193,
    "Triggers": [],
    "Execution Time": 183.981
  }
]