{
  "Plan": {
    "Node Type": "Aggregate",
    "Strategy": "Plain",
    "Partial Mode": "Finalize",
    "Parallel Aware": false,
    "Startup Cost": 41972.13,
    "Total Cost": 41972.14,
    "Plan Rows": 1,
    "Plan Width": 8,
    "Actual Startup Time": 41.942,
    "Actual Total Time": 46.64,
    "Actual Rows": 1,
    "Actual Loops": 1,
    "Plans": [
      {
        "Node Type": "Gather",
        "Parent Relationship": "Outer",
        "Parallel Aware": false,
        "Startup Cost": 41972.01,
        "Total Cost": 41972.12,
        "Plan Rows": 1,
        "Plan Width": 8,
        "Actual Startup Time": 41.829,
        "Actual Total Time": 46.634,
        "Actual Rows": 2,
        "Actual Loops": 1,
        "Workers Planned": 1,
        "Workers Launched": 1,
        "Single Copy": false,
        "Plans": [
          {
            "Node Type": "Aggregate",
            "Strategy": "Plain",
            "Partial Mode": "Partial",
            "Parent Relationship": "Outer",
            "Parallel Aware": false,
            "Startup Cost": 40972.01,
            "Total Cost": 40972.02,
            "Plan Rows": 1,
            "Plan Width": 8,
            "Actual Startup Time": 35.875,
            "Actual Total Time": 35.876,
            "Actual Rows": 1,
            "Actual Loops": 2,
            "Plans": [
              {
                "Node Type": "Nested Loop",
                "Parent Relationship": "Outer",
                "Parallel Aware": false,
                "Join Type": "Inner",
                "Startup Cost": 137.95,
                "Total Cost": 40970.88,
                "Plan Rows": 455,
                "Plan Width": 0,
                "Actual Startup Time": 3.639,
                "Actual Total Time": 35.849,
                "Actual Rows": 70,
                "Actual Loops": 2,
                "Inner Unique": true,
                "Plans": [
                  {
                    "Node Type": "Bitmap Heap Scan",
                    "Parent Relationship": "Outer",
                    "Parallel Aware": true,
                    "Relation Name": "movie_keyword",
                    "Alias": "mk",
                    "Startup Cost": 137.52,
                    "Total Cost": 14559.37,
                    "Plan Rows": 3726,
                    "Plan Width": 4,
                    "Actual Startup Time": 3.311,
                    "Actual Total Time": 11.827,
                    "Actual Rows": 3258,
                    "Actual Loops": 2,
                    "Recheck Cond": "(keyword_id = 196)",
                    "Rows Removed by Index Recheck": 0,
                    "Exact Heap Blocks": 3284,
                    "Lossy Heap Blocks": 0,
                    "Plans": [
                      {
                        "Node Type": "Bitmap Index Scan",
                        "Parent Relationship": "Outer",
                        "Parallel Aware": false,
                        "Index Name": "keyword_id_movie_keyword",
                        "Startup Cost": 0.0,
                        "Total Cost": 135.94,
                        "Plan Rows": 6334,
                        "Plan Width": 0,
                        "Actual Startup Time": 4.357,
                        "Actual Total Time": 4.358,
                        "Actual Rows": 6516,
                        "Actual Loops": 1,
                        "Index Cond": "(keyword_id = 196)"
                      }
                    ]
                  },
                  {
                    "Node Type": "Index Scan",
                    "Parent Relationship": "Inner",
                    "Parallel Aware": false,
                    "Scan Direction": "Forward",
                    "Index Name": "title_pkey",
                    "Relation Name": "title",
                    "Alias": "t",
                    "Startup Cost": 0.43,
                    "Total Cost": 7.09,
                    "Plan Rows": 1,
                    "Plan Width": 4,
                    "Actual Startup Time": 0.007,
                    "Actual Total Time": 0.007,
                    "Actual Rows": 0,
                    "Actual Loops": 6516,
                    "Index Cond": "(id = mk.movie_id)",
                    "Rows Removed by Index Recheck": 0,
                    "Filter": "((kind_id < 4) AND (production_year > 2006))",
                    "Rows Removed by Filter": 1
                  }
                ]
              }
            ]
          }
        ]
      }
    ]
  },
  "Planning Time": 0.474,
  "Triggers": [],
  "Execution Time": 46.728
}