[
  {
    "Plan": {
      "Node Type": "Aggregate",
      "Strategy": "Plain",
      "Partial Mode": "Finalize",
      "Parallel Aware": false,
      "Startup Cost": 297233.82,
      "Total Cost": 297233.83,
      "Plan Rows": 1,
      "Plan Width": 8,
      "Actual Startup Time": 172.96,
      "Actual Total Time": 192.762,
      "Actual Rows": 1,
      "Actual Loops": 1,
      "Plans": [
        {
          "Node Type": "Gather",
          "Parent Relationship": "Outer",
          "Parallel Aware": false,
          "Startup Cost": 297233.3,
          "Total Cost": 297233.81,
          "Plan Rows": 5,
          "Plan Width": 8,
          "Actual Startup Time": 172.788,
          "Actual Total Time": 192.753,
          "Actual Rows": 6,
          "Actual Loops": 1,
          "Workers Planned": 5,
          "Workers Launched": 5,
          "Single Copy": false,
          "Plans": [
            {
              "Node Type": "Aggregate",
              "Strategy": "Plain",
              "Partial Mode": "Partial",
              "Parent Relationship": "Outer",
              "Parallel Aware": false,
              "Startup Cost": 296233.3,
              "Total Cost": 296233.31,
              "Plan Rows": 1,
              "Plan Width": 8,
              "Actual Startup Time": 162.127,
              "Actual Total Time": 162.129,
              "Actual Rows": 1,
              "Actual Loops": 6,
              "Plans": [
                {
                  "Node Type": "Nested Loop",
                  "Parent Relationship": "Outer",
                  "Parallel Aware": false,
                  "Join Type": "Inner",
                  "Startup Cost": 4398.2,
                  "Total Cost": 296198.77,
                  "Plan Rows": 13811,
                  "Plan Width": 0,
                  "Actual Startup Time": 13.781,
                  "Actual Total Time": 160.01,
                  "Actual Rows": 24787,
                  "Actual Loops": 6,
                  "Inner Unique": true,
                  "Plans": [
                    {
                      "Node Type": "Bitmap Heap Scan",
                      "Parent Relationship": "Outer",
                      "Parallel Aware": true,
                      "Relation Name": "cast_info",
                      "Alias": "ci",
                      "Startup Cost": 4397.77,
                      "Total Cost": 254617.04,
                      "Plan Rows": 13811,
                      "Plan Width": 4,
                      "Actual Startup Time": 13.54,
                      "Actual Total Time": 20.734,
                      "Actual Rows": 24787,
                      "Actual Loops": 6,
                      "Recheck Cond": "(person_id < 23248)",
                      "Rows Removed by Index Recheck": 0,
                      "Filter": "(role_id = 1)",
                      "Rows Removed by Filter": 8239,
                      "Exact Heap Blocks": 624,
                      "Lossy Heap Blocks": 0,
                      "Plans": [
                        {
                          "Node Type": "Bitmap Index Scan",
                          "Parent Relationship": "Outer",
                          "Parallel Aware": false,
                          "Index Name": "person_id_cast_info",
                          "Startup Cost": 0.0,
                          "Total Cost": 4380.5,
                          "Plan Rows": 200525,
                          "Plan Width": 0,
                          "Actual Startup Time": 22.555,
                          "Actual Total Time": 22.555,
                          "Actual Rows": 198158,
                          "Actual Loops": 1,
                          "Index Cond": "(person_id < 23248)"
                        }
                      ]
                    },
                    {
                      "Node Type": "Index Only Scan",
                      "Parent Relationship": "Inner",
                      "Parallel Aware": false,
                      "Scan Direction": "Forward",
                      "Index Name": "title_pkey",
                      "Relation Name": "title",
                      "Alias": "t",
                      "Startup Cost": 0.43,
                      "Total Cost": 3.01,
                      "Plan Rows": 1,
                      "Plan Width": 4,
                      "Actual Startup Time": 0.005,
                      "Actual Total Time": 0.005,
                      "Actual Rows": 1,
                      "Actual Loops": 148724,
                      "Index Cond": "(id = ci.movie_id)",
                      "Rows Removed by Index Recheck": 0,
                      "Heap Fetches": 148724
                    }
                  ]
                }
              ]
            }
          ]
        }
      ]
    },
    "Planning Time": 0.751,
    "Triggers": [],
    "Execution Time": 192.86
  }
]