[
  {
    "Plan": {
      "Node Type": "Aggregate",
      "Strategy": "Plain",
      "Partial Mode": "Finalize",
      "Parallel Aware": false,
      "Startup Cost": 331823.75,
      "Total Cost": 331823.76,
      "Plan Rows": 1,
      "Plan Width": 8,
      "Actual Startup Time": 4521.426,
      "Actual Total Time": 4569.997,
      "Actual Rows": 1,
      "Actual Loops": 1,
      "Plans": [
        {
          "Node Type": "Gather",
          "Parent Relationship": "Outer",
          "Parallel Aware": false,
          "Startup Cost": 331823.23,
          "Total Cost": 331823.74,
          "Plan Rows": 5,
          "Plan Width": 8,
          "Actual Startup Time": 4491.488,
          "Actual Total Time": 4569.978,
          "Actual Rows": 6,
          "Actual Loops": 1,
          "Workers Planned": 5,
          "Workers Launched": 5,
          "Single Copy": false,
          "Plans": [
            {
              "Node Type": "Aggregate",
              "Strategy": "Plain",
              "Partial Mode": "Partial",
              "Parent Relationship": "Outer",
              "Parallel Aware": false,
              "Startup Cost": 330823.23,
              "Total Cost": 330823.24,
              "Plan Rows": 1,
              "Plan Width": 8,
              "Actual Startup Time": 4476.24,
              "Actual Total Time": 4476.966,
              "Actual Rows": 1,
              "Actual Loops": 6,
              "Plans": [
                {
                  "Node Type": "Hash Join",
                  "Parent Relationship": "Outer",
                  "Parallel Aware": true,
                  "Join Type": "Inner",
                  "Startup Cost": 107670.14,
                  "Total Cost": 321945.3,
                  "Plan Rows": 3551174,
                  "Plan Width": 0,
                  "Actual Startup Time": 640.726,
                  "Actual Total Time": 3303.937,
                  "Actual Rows": 27206617,
                  "Actual Loops": 6,
                  "Inner Unique": false,
                  "Hash Cond": "(mi.movie_id = t.id)",
                  "Plans": [
                    {
                      "Node Type": "Seq Scan",
                      "Parent Relationship": "Outer",
                      "Parallel Aware": true,
                      "Relation Name": "movie_info",
                      "Alias": "mi",
                      "Startup Cost": 0.0,
                      "Total Cost": 191685.19,
                      "Plan Rows": 2969219,
                      "Plan Width": 4,
                      "Actual Startup Time": 0.042,
                      "Actual Total Time": 275.764,
                      "Actual Rows": 2472620,
                      "Actual Loops": 6
                    },
                    {
                      "Node Type": "Hash",
                      "Parent Relationship": "Inner",
                      "Parallel Aware": true,
                      "Startup Cost": 95476.67,
                      "Total Cost": 95476.67,
                      "Plan Rows": 975478,
                      "Plan Width": 8,
                      "Actual Startup Time": 633.905,
                      "Actual Total Time": 634.629,
                      "Actual Rows": 504660,
                      "Actual Loops": 6,
                      "Hash Buckets": 4194304,
                      "Original Hash Buckets": 4194304,
                      "Hash Batches": 1,
                      "Original Hash Batches": 1,
                      "Peak Memory Usage": 151328,
                      "Plans": [
                        {
                          "Node Type": "Hash Join",
                          "Parent Relationship": "Outer",
                          "Parallel Aware": true,
                          "Join Type": "Inner",
                          "Startup Cost": 50220.38,
                          "Total Cost": 95476.67,
                          "Plan Rows": 975478,
                          "Plan Width": 8,
                          "Actual Startup Time": 295.184,
                          "Actual Total Time": 485.618,
                          "Actual Rows": 504660,
                          "Actual Loops": 6,
                          "Inner Unique": true,
                          "Hash Cond": "(mk.movie_id = t.id)",
                          "Plans": [
                            {
                              "Node Type": "Seq Scan",
                              "Parent Relationship": "Outer",
                              "Parallel Aware": true,
                              "Relation Name": "movie_keyword",
                              "Alias": "mk",
                              "Startup Cost": 0.0,
                              "Total Cost": 42695.65,
                              "Plan Rows": 975478,
                              "Plan Width": 4,
                              "Actual Startup Time": 0.118,
                              "Actual Total Time": 85.818,
                              "Actual Rows": 504660,
                              "Actual Loops": 6,
                              "Filter": "(keyword_id > 2144)",
                              "Rows Removed by Filter": 249328
                            },
                            {
                              "Node Type": "Hash",
                              "Parent Relationship": "Inner",
                              "Parallel Aware": true,
                              "Startup Cost": 42319.06,
                              "Total Cost": 42319.06,
                              "Plan Rows": 632106,
                              "Plan Width": 4,
                              "Actual Startup Time": 290.022,
                              "Actual Total Time": 290.023,
                              "Actual Rows": 421385,
                              "Actual Loops": 6,
                              "Hash Buckets": 4194304,
                              "Original Hash Buckets": 4194304,
                              "Hash Batches": 1,
                              "Original Hash Batches": 1,
                              "Peak Memory Usage": 131776,
                              "Plans": [
                                {
                                  "Node Type": "Seq Scan",
                                  "Parent Relationship": "Outer",
                                  "Parallel Aware": true,
                                  "Relation Name": "title",
                                  "Alias": "t",
                                  "Startup Cost": 0.0,
                                  "Total Cost": 42319.06,
                                  "Plan Rows": 632106,
                                  "Plan Width": 4,
                                  "Actual Startup Time": 0.056,
                                  "Actual Total Time": 81.426,
                                  "Actual Rows": 421385,
                                  "Actual Loops": 6
                                }
                              ]
                            }
                          ]
                        }
                      ]
                    }
                  ]
                }
              ]
            }
          ]
        }
      ]
    },
    "Planning Time": 0.706,
    "Triggers": [],
    "Execution Time": 4570.056
  }
]