[
  {
    "Plan": {
      "Node Type": "Aggregate",
      "Strategy": "Plain",
      "Partial Mode": "Finalize",
      "Parallel Aware": false,
      "Startup Cost": 29803.7,
      "Total Cost": 29803.71,
      "Plan Rows": 1,
      "Plan Width": 8,
      "Actual Startup Time": 85.043,
      "Actual Total Time": 91.292,
      "Actual Rows": 1,
      "Actual Loops": 1,
      "Plans": [
        {
          "Node Type": "Gather",
          "Parent Relationship": "Outer",
          "Parallel Aware": false,
          "Startup Cost": 29803.39,
          "Total Cost": 29803.7,
          "Plan Rows": 3,
          "Plan Width": 8,
          "Actual Startup Time": 84.833,
          "Actual Total Time": 91.284,
          "Actual Rows": 4,
          "Actual Loops": 1,
          "Workers Planned": 3,
          "Workers Launched": 3,
          "Single Copy": false,
          "Plans": [
            {
              "Node Type": "Aggregate",
              "Strategy": "Plain",
              "Partial Mode": "Partial",
              "Parent Relationship": "Outer",
              "Parallel Aware": false,
              "Startup Cost": 28803.39,
              "Total Cost": 28803.4,
              "Plan Rows": 1,
              "Plan Width": 8,
              "Actual Startup Time": 75.804,
              "Actual Total Time": 75.805,
              "Actual Rows": 1,
              "Actual Loops": 4,
              "Plans": [
                {
                  "Node Type": "Bitmap Heap Scan",
                  "Parent Relationship": "Outer",
                  "Parallel Aware": true,
                  "Relation Name": "movie_keyword",
                  "Alias": "mk",
                  "Startup Cost": 3541.85,
                  "Total Cost": 28668.8,
                  "Plan Rows": 53836,
                  "Plan Width": 0,
                  "Actual Startup Time": 25.449,
                  "Actual Total Time": 72.829,
                  "Actual Rows": 39733,
                  "Actual Loops": 4,
                  "Recheck Cond": "(keyword_id > 72935)",
                  "Rows Removed by Index Recheck": 0,
                  "Exact Heap Blocks": 11327,
                  "Lossy Heap Blocks": 0,
                  "Plans": [
                    {
                      "Node Type": "Bitmap Index Scan",
                      "Parent Relationship": "Outer",
                      "Parallel Aware": false,
                      "Index Name": "keyword_id_movie_keyword",
                      "Startup Cost": 0.0,
                      "Total Cost": 3500.12,
                      "Plan Rows": 166892,
                      "Plan Width": 0,
                      "Actual Startup Time": 28.054,
                      "Actual Total Time": 28.055,
                      "Actual Rows": 158932,
                      "Actual Loops": 1,
                      "Index Cond": "(keyword_id > 72935)"
                    }
                  ]
                }
              ]
            }
          ]
        }
      ]
    },
    "Planning Time": 0.156,
    "Triggers": [],
    "Execution Time": 91.363
  }
]