[
  {
    "Plan": {
      "Node Type": "Aggregate",
      "Strategy": "Plain",
      "Partial Mode": "Finalize",
      "Parallel Aware": false,
      "Startup Cost": 231990.03,
      "Total Cost": 231990.04,
      "Plan Rows": 1,
      "Plan Width": 8,
      "Actual Startup Time": 157.276,
      "Actual Total Time": 179.459,
      "Actual Rows": 1,
      "Actual Loops": 1,
      "Plans": [
        {
          "Node Type": "Gather",
          "Parent Relationship": "Outer",
          "Parallel Aware": false,
          "Startup Cost": 231989.61,
          "Total Cost": 231990.02,
          "Plan Rows": 4,
          "Plan Width": 8,
          "Actual Startup Time": 156.977,
          "Actual Total Time": 179.448,
          "Actual Rows": 5,
          "Actual Loops": 1,
          "Workers Planned": 4,
          "Workers Launched": 4,
          "Single Copy": false,
          "Plans": [
            {
              "Node Type": "Aggregate",
              "Strategy": "Plain",
              "Partial Mode": "Partial",
              "Parent Relationship": "Outer",
              "Parallel Aware": false,
              "Startup Cost": 230989.61,
              "Total Cost": 230989.62,
              "Plan Rows": 1,
              "Plan Width": 8,
              "Actual Startup Time": 147.735,
              "Actual Total Time": 147.738,
              "Actual Rows": 1,
              "Actual Loops": 5,
              "Plans": [
                {
                  "Node Type": "Nested Loop",
                  "Parent Relationship": "Outer",
                  "Parallel Aware": false,
                  "Join Type": "Inner",
                  "Startup Cost": 0.43,
                  "Total Cost": 230914.56,
                  "Plan Rows": 30020,
                  "Plan Width": 0,
                  "Actual Startup Time": 0.371,
                  "Actual Total Time": 146.197,
                  "Actual Rows": 14704,
                  "Actual Loops": 5,
                  "Inner Unique": false,
                  "Plans": [
                    {
                      "Node Type": "Seq Scan",
                      "Parent Relationship": "Outer",
                      "Parallel Aware": true,
                      "Relation Name": "title",
                      "Alias": "t",
                      "Startup Cost": 0.0,
                      "Total Cost": 45479.59,
                      "Plan Rows": 5113,
                      "Plan Width": 4,
                      "Actual Startup Time": 0.118,
                      "Actual Total Time": 80.236,
                      "Actual Rows": 4309,
                      "Actual Loops": 5,
                      "Filter": "((kind_id > 3) AND (production_year = 1994))",
                      "Rows Removed by Filter": 501354
                    },
                    {
                      "Node Type": "Index Only Scan",
                      "Parent Relationship": "Inner",
                      "Parallel Aware": false,
                      "Scan Direction": "Forward",
                      "Index Name": "movie_id_movie_info",
                      "Relation Name": "movie_info",
                      "Alias": "mi",
                      "Startup Cost": 0.43,
                      "Total Cost": 35.86,
                      "Plan Rows": 41,
                      "Plan Width": 4,
                      "Actual Startup Time": 0.008,
                      "Actual Total Time": 0.014,
                      "Actual Rows": 3,
                      "Actual Loops": 21543,
                      "Index Cond": "(movie_id = t.id)",
                      "Rows Removed by Index Recheck": 0,
                      "Heap Fetches": 73518
                    }
                  ]
                }
              ]
            }
          ]
        }
      ]
    },
    "Planning Time": 0.519,
    "Triggers": [],
    "Execution Time": 179.521
  }
]