[
  {
    "Plan": {
      "Node Type": "Aggregate",
      "Strategy": "Plain",
      "Partial Mode": "Finalize",
      "Parallel Aware": false,
      "Startup Cost": 45578.4,
      "Total Cost": 45578.41,
      "Plan Rows": 1,
      "Plan Width": 8,
      "Actual Startup Time": 221.906,
      "Actual Total Time": 235.117,
      "Actual Rows": 1,
      "Actual Loops": 1,
      "Plans": [
        {
          "Node Type": "Gather",
          "Parent Relationship": "Outer",
          "Parallel Aware": false,
          "Startup Cost": 45578.09,
          "Total Cost": 45578.4,
          "Plan Rows": 3,
          "Plan Width": 8,
          "Actual Startup Time": 221.789,
          "Actual Total Time": 235.108,
          "Actual Rows": 4,
          "Actual Loops": 1,
          "Workers Planned": 3,
          "Workers Launched": 3,
          "Single Copy": false,
          "Plans": [
            {
              "Node Type": "Aggregate",
              "Strategy": "Plain",
              "Partial Mode": "Partial",
              "Parent Relationship": "Outer",
              "Parallel Aware": false,
              "Startup Cost": 44578.09,
              "Total Cost": 44578.1,
              "Plan Rows": 1,
              "Plan Width": 8,
              "Actual Startup Time": 212.9,
              "Actual Total Time": 212.902,
              "Actual Rows": 1,
              "Actual Loops": 4,
              "Plans": [
                {
                  "Node Type": "Seq Scan",
                  "Parent Relationship": "Outer",
                  "Parallel Aware": true,
                  "Relation Name": "movie_keyword",
                  "Alias": "mk",
                  "Startup Cost": 0.0,
                  "Total Cost": 42695.65,
                  "Plan Rows": 752973,
                  "Plan Width": 0,
                  "Actual Startup Time": 0.584,
                  "Actual Total Time": 171.396,
                  "Actual Rows": 582616,
                  "Actual Loops": 4,
                  "Filter": "(keyword_id > 4346)",
                  "Rows Removed by Filter": 548367
                }
              ]
            }
          ]
        }
      ]
    },
    "Planning Time": 0.13,
    "Triggers": [],
    "Execution Time": 235.161
  }
]