[
  {
    "Plan": {
      "Node Type": "Aggregate",
      "Strategy": "Plain",
      "Partial Mode": "Finalize",
      "Parallel Aware": false,
      "Startup Cost": 45414.77,
      "Total Cost": 45414.78,
      "Plan Rows": 1,
      "Plan Width": 8,
      "Actual Startup Time": 151.634,
      "Actual Total Time": 161.284,
      "Actual Rows": 1,
      "Actual Loops": 1,
      "Plans": [
        {
          "Node Type": "Gather",
          "Parent Relationship": "Outer",
          "Parallel Aware": false,
          "Startup Cost": 45414.45,
          "Total Cost": 45414.76,
          "Plan Rows": 3,
          "Plan Width": 8,
          "Actual Startup Time": 151.549,
          "Actual Total Time": 161.276,
          "Actual Rows": 4,
          "Actual Loops": 1,
          "Workers Planned": 3,
          "Workers Launched": 3,
          "Single Copy": false,
          "Plans": [
            {
              "Node Type": "Aggregate",
              "Strategy": "Plain",
              "Partial Mode": "Partial",
              "Parent Relationship": "Outer",
              "Parallel Aware": false,
              "Startup Cost": 44414.45,
              "Total Cost": 44414.46,
              "Plan Rows": 1,
              "Plan Width": 8,
              "Actual Startup Time": 145.954,
              "Actual Total Time": 145.955,
              "Actual Rows": 1,
              "Actual Loops": 4,
              "Plans": [
                {
                  "Node Type": "Seq Scan",
                  "Parent Relationship": "Outer",
                  "Parallel Aware": true,
                  "Relation Name": "movie_keyword",
                  "Alias": "mk",
                  "Startup Cost": 0.0,
                  "Total Cost": 42695.65,
                  "Plan Rows": 687520,
                  "Plan Width": 0,
                  "Actual Startup Time": 0.943,
                  "Actual Total Time": 119.537,
                  "Actual Rows": 533326,
                  "Actual Loops": 4,
                  "Filter": "(keyword_id > 5542)",
                  "Rows Removed by Filter": 597657
                }
              ]
            }
          ]
        }
      ]
    },
    "Planning Time": 0.18,
    "Triggers": [],
    "Execution Time": 161.341
  }
]