{
  "Plan": {
    "Node Type": "Aggregate",
    "Strategy": "Plain",
    "Partial Mode": "Finalize",
    "Parallel Aware": false,
    "Startup Cost": 161343.5,
    "Total Cost": 161343.51,
    "Plan Rows": 1,
    "Plan Width": 8,
    "Actual Startup Time": 1240.727,
    "Actual Total Time": 1269.209,
    "Actual Rows": 1,
    "Actual Loops": 1,
    "Plans": [
      {
        "Node Type": "Gather",
        "Parent Relationship": "Outer",
        "Parallel Aware": false,
        "Startup Cost": 161343.39,
        "Total Cost": 161343.5,
        "Plan Rows": 1,
        "Plan Width": 8,
        "Actual Startup Time": 1233.593,
        "Actual Total Time": 1269.201,
        "Actual Rows": 2,
        "Actual Loops": 1,
        "Workers Planned": 1,
        "Workers Launched": 1,
        "Single Copy": false,
        "Plans": [
          {
            "Node Type": "Aggregate",
            "Strategy": "Plain",
            "Partial Mode": "Partial",
            "Parent Relationship": "Outer",
            "Parallel Aware": false,
            "Startup Cost": 160343.39,
            "Total Cost": 160343.4,
            "Plan Rows": 1,
            "Plan Width": 8,
            "Actual Startup Time": 1226.123,
            "Actual Total Time": 1227.206,
            "Actual Rows": 1,
            "Actual Loops": 2,
            "Plans": [
              {
                "Node Type": "Hash Join",
                "Parent Relationship": "Outer",
                "Parallel Aware": true,
                "Join Type": "Inner",
                "Startup Cost": 96818.23,
                "Total Cost": 159468.47,
                "Plan Rows": 349965,
                "Plan Width": 0,
                "Actual Startup Time": 859.011,
                "Actual Total Time": 1180.089,
                "Actual Rows": 1155360,
                "Actual Loops": 2,
                "Inner Unique": false,
                "Hash Cond": "(mk.movie_id = t.id)",
                "Plans": [
                  {
                    "Node Type": "Seq Scan",
                    "Parent Relationship": "Outer",
                    "Parallel Aware": true,
                    "Relation Name": "movie_keyword",
                    "Alias": "mk",
                    "Startup Cost": 0.0,
                    "Total Cost": 57718.19,
                    "Plan Rows": 766249,
                    "Plan Width": 4,
                    "Actual Startup Time": 1.378,
                    "Actual Total Time": 163.985,
                    "Actual Rows": 657467,
                    "Actual Loops": 2,
                    "Filter": "(keyword_id > 13338)",
                    "Rows Removed by Filter": 1604498
                  },
                  {
                    "Node Type": "Hash",
                    "Parent Relationship": "Inner",
                    "Parallel Aware": true,
                    "Startup Cost": 88327.54,
                    "Total Cost": 88327.54,
                    "Plan Rows": 679255,
                    "Plan Width": 8,
                    "Actual Startup Time": 843.176,
                    "Actual Total Time": 844.257,
                    "Actual Rows": 585221,
                    "Actual Loops": 2,
                    "Hash Buckets": 2097152,
                    "Original Hash Buckets": 2097152,
                    "Hash Batches": 1,
                    "Original Hash Batches": 1,
                    "Peak Memory Usage": 62208,
                    "Plans": [
                      {
                        "Node Type": "Hash Join",
                        "Parent Relationship": "Outer",
                        "Parallel Aware": true,
                        "Join Type": "Inner",
                        "Startup Cost": 70143.75,
                        "Total Cost": 88327.54,
                        "Plan Rows": 679255,
                        "Plan Width": 8,
                        "Actual Startup Time": 503.929,
                        "Actual Total Time": 718.821,
                        "Actual Rows": 585221,
                        "Actual Loops": 2,
                        "Inner Unique": true,
                        "Hash Cond": "(mi_idx.movie_id = t.id)",
                        "Plans": [
                          {
                            "Node Type": "Seq Scan",
                            "Parent Relationship": "Outer",
                            "Parallel Aware": true,
                            "Relation Name": "movie_info_idx",
                            "Alias": "mi_idx",
                            "Startup Cost": 0.0,
                            "Total Cost": 16052.85,
                            "Plan Rows": 811785,
                            "Plan Width": 4,
                            "Actual Startup Time": 0.018,
                            "Actual Total Time": 49.597,
                            "Actual Rows": 690018,
                            "Actual Loops": 2
                          },
                          {
                            "Node Type": "Hash",
                            "Parent Relationship": "Inner",
                            "Parallel Aware": true,
                            "Startup Cost": 54588.39,
                            "Total Cost": 54588.39,
                            "Plan Rows": 1244429,
                            "Plan Width": 4,
                            "Actual Startup Time": 490.626,
                            "Actual Total Time": 490.627,
                            "Actual Rows": 1052068,
                            "Actual Loops": 2,
                            "Hash Buckets": 4194304,
                            "Original Hash Buckets": 4194304,
                            "Hash Batches": 1,
                            "Original Hash Batches": 1,
                            "Peak Memory Usage": 115104,
                            "Plans": [
                              {
                                "Node Type": "Seq Scan",
                                "Parent Relationship": "Outer",
                                "Parallel Aware": true,
                                "Relation Name": "title",
                                "Alias": "t",
                                "Startup Cost": 0.0,
                                "Total Cost": 54588.39,
                                "Plan Rows": 1244429,
                                "Plan Width": 4,
                                "Actual Startup Time": 0.028,
                                "Actual Total Time": 177.828,
                                "Actual Rows": 1052068,
                                "Actual Loops": 2,
                                "Filter": "(production_year > 1968)",
                                "Rows Removed by Filter": 212088
                              }
                            ]
                          }
                        ]
                      }
                    ]
                  }
                ]
              }
            ]
          }
        ]
      }
    ]
  },
  "Planning Time": 1.041,
  "Triggers": [],
  "Execution Time": 1269.291
}