[
  {
    "Plan": {
      "Node Type": "Aggregate",
      "Strategy": "Plain",
      "Partial Mode": "Finalize",
      "Parallel Aware": false,
      "Startup Cost": 45177.02,
      "Total Cost": 45177.03,
      "Plan Rows": 1,
      "Plan Width": 8,
      "Actual Startup Time": 114.442,
      "Actual Total Time": 121.969,
      "Actual Rows": 1,
      "Actual Loops": 1,
      "Plans": [
        {
          "Node Type": "Gather",
          "Parent Relationship": "Outer",
          "Parallel Aware": false,
          "Startup Cost": 45176.7,
          "Total Cost": 45177.01,
          "Plan Rows": 3,
          "Plan Width": 8,
          "Actual Startup Time": 114.362,
          "Actual Total Time": 121.965,
          "Actual Rows": 4,
          "Actual Loops": 1,
          "Workers Planned": 3,
          "Workers Launched": 3,
          "Single Copy": false,
          "Plans": [
            {
              "Node Type": "Aggregate",
              "Strategy": "Plain",
              "Partial Mode": "Partial",
              "Parent Relationship": "Outer",
              "Parallel Aware": false,
              "Startup Cost": 44176.7,
              "Total Cost": 44176.71,
              "Plan Rows": 1,
              "Plan Width": 8,
              "Actual Startup Time": 111.808,
              "Actual Total Time": 111.809,
              "Actual Rows": 1,
              "Actual Loops": 4,
              "Plans": [
                {
                  "Node Type": "Seq Scan",
                  "Parent Relationship": "Outer",
                  "Parallel Aware": true,
                  "Relation Name": "movie_keyword",
                  "Alias": "mk",
                  "Startup Cost": 0.0,
                  "Total Cost": 42695.65,
                  "Plan Rows": 592420,
                  "Plan Width": 0,
                  "Actual Startup Time": 0.017,
                  "Actual Total Time": 92.109,
                  "Actual Rows": 460211,
                  "Actual Loops": 4,
                  "Filter": "(keyword_id < 3044)",
                  "Rows Removed by Filter": 670771
                }
              ]
            }
          ]
        }
      ]
    },
    "Planning Time": 0.063,
    "Triggers": [],
    "Execution Time": 121.992
  }
]