[
  {
    "Plan": {
      "Node Type": "Aggregate",
      "Strategy": "Plain",
      "Partial Mode": "Finalize",
      "Parallel Aware": false,
      "Startup Cost": 44949.35,
      "Total Cost": 44949.36,
      "Plan Rows": 1,
      "Plan Width": 8,
      "Actual Startup Time": 157.061,
      "Actual Total Time": 166.892,
      "Actual Rows": 1,
      "Actual Loops": 1,
      "Plans": [
        {
          "Node Type": "Gather",
          "Parent Relationship": "Outer",
          "Parallel Aware": false,
          "Startup Cost": 44949.03,
          "Total Cost": 44949.34,
          "Plan Rows": 3,
          "Plan Width": 8,
          "Actual Startup Time": 156.922,
          "Actual Total Time": 166.884,
          "Actual Rows": 4,
          "Actual Loops": 1,
          "Workers Planned": 3,
          "Workers Launched": 3,
          "Single Copy": false,
          "Plans": [
            {
              "Node Type": "Aggregate",
              "Strategy": "Plain",
              "Partial Mode": "Partial",
              "Parent Relationship": "Outer",
              "Parallel Aware": false,
              "Startup Cost": 43949.03,
              "Total Cost": 43949.04,
              "Plan Rows": 1,
              "Plan Width": 8,
              "Actual Startup Time": 148.154,
              "Actual Total Time": 148.156,
              "Actual Rows": 1,
              "Actual Loops": 4,
              "Plans": [
                {
                  "Node Type": "Seq Scan",
                  "Parent Relationship": "Outer",
                  "Parallel Aware": true,
                  "Relation Name": "movie_keyword",
                  "Alias": "mk",
                  "Startup Cost": 0.0,
                  "Total Cost": 42695.65,
                  "Plan Rows": 501352,
                  "Plan Width": 0,
                  "Actual Startup Time": 0.069,
                  "Actual Total Time": 126.112,
                  "Actual Rows": 392438,
                  "Actual Loops": 4,
                  "Filter": "(keyword_id < 2364)",
                  "Rows Removed by Filter": 738544
                }
              ]
            }
          ]
        }
      ]
    },
    "Planning Time": 0.184,
    "Triggers": [],
    "Execution Time": 166.948
  }
]