[
  {
    "Plan": {
      "Node Type": "Aggregate",
      "Strategy": "Plain",
      "Partial Mode": "Finalize",
      "Parallel Aware": false,
      "Startup Cost": 45352.12,
      "Total Cost": 45352.13,
      "Plan Rows": 1,
      "Plan Width": 8,
      "Actual Startup Time": 152.015,
      "Actual Total Time": 160.805,
      "Actual Rows": 1,
      "Actual Loops": 1,
      "Plans": [
        {
          "Node Type": "Gather",
          "Parent Relationship": "Outer",
          "Parallel Aware": false,
          "Startup Cost": 45351.8,
          "Total Cost": 45352.11,
          "Plan Rows": 3,
          "Plan Width": 8,
          "Actual Startup Time": 151.89,
          "Actual Total Time": 160.797,
          "Actual Rows": 4,
          "Actual Loops": 1,
          "Workers Planned": 3,
          "Workers Launched": 3,
          "Single Copy": false,
          "Plans": [
            {
              "Node Type": "Aggregate",
              "Strategy": "Plain",
              "Partial Mode": "Partial",
              "Parent Relationship": "Outer",
              "Parallel Aware": false,
              "Startup Cost": 44351.8,
              "Total Cost": 44351.81,
              "Plan Rows": 1,
              "Plan Width": 8,
              "Actual Startup Time": 144.555,
              "Actual Total Time": 144.556,
              "Actual Rows": 1,
              "Actual Loops": 4,
              "Plans": [
                {
                  "Node Type": "Seq Scan",
                  "Parent Relationship": "Outer",
                  "Parallel Aware": true,
                  "Relation Name": "movie_keyword",
                  "Alias": "mk",
                  "Startup Cost": 0.0,
                  "Total Cost": 42695.65,
                  "Plan Rows": 662460,
                  "Plan Width": 0,
                  "Actual Startup Time": 0.656,
                  "Actual Total Time": 119.367,
                  "Actual Rows": 512840,
                  "Actual Loops": 4,
                  "Filter": "(keyword_id > 5961)",
                  "Rows Removed by Filter": 618142
                }
              ]
            }
          ]
        }
      ]
    },
    "Planning Time": 0.121,
    "Triggers": [],
    "Execution Time": 160.845
  }
]