{
  "Plan": {
    "Node Type": "Aggregate",
    "Strategy": "Plain",
    "Partial Mode": "Finalize",
    "Parallel Aware": false,
    "Startup Cost": 362616.3,
    "Total Cost": 362616.31,
    "Plan Rows": 1,
    "Plan Width": 8,
    "Actual Startup Time": 416.167,
    "Actual Total Time": 430.831,
    "Actual Rows": 1,
    "Actual Loops": 1,
    "Plans": [
      {
        "Node Type": "Gather",
        "Parent Relationship": "Outer",
        "Parallel Aware": false,
        "Startup Cost": 362616.19,
        "Total Cost": 362616.3,
        "Plan Rows": 1,
        "Plan Width": 8,
        "Actual Startup Time": 415.53,
        "Actual Total Time": 430.822,
        "Actual Rows": 2,
        "Actual Loops": 1,
        "Workers Planned": 1,
        "Workers Launched": 1,
        "Single Copy": false,
        "Plans": [
          {
            "Node Type": "Aggregate",
            "Strategy": "Plain",
            "Partial Mode": "Partial",
            "Parent Relationship": "Outer",
            "Parallel Aware": false,
            "Startup Cost": 361616.19,
            "Total Cost": 361616.2,
            "Plan Rows": 1,
            "Plan Width": 8,
            "Actual Startup Time": 410.815,
            "Actual Total Time": 410.82,
            "Actual Rows": 1,
            "Actual Loops": 2,
            "Plans": [
              {
                "Node Type": "Hash Join",
                "Parent Relationship": "Outer",
                "Parallel Aware": true,
                "Join Type": "Inner",
                "Startup Cost": 88756.05,
                "Total Cost": 361497.3,
                "Plan Rows": 47555,
                "Plan Width": 0,
                "Actual Startup Time": 150.147,
                "Actual Total Time": 409.71,
                "Actual Rows": 18611,
                "Actual Loops": 2,
                "Inner Unique": true,
                "Hash Cond": "(ci.movie_id = t.id)",
                "Plans": [
                  {
                    "Node Type": "Bitmap Heap Scan",
                    "Parent Relationship": "Outer",
                    "Parallel Aware": true,
                    "Relation Name": "cast_info",
                    "Alias": "ci",
                    "Startup Cost": 49785.3,
                    "Total Cost": 319046.05,
                    "Plan Rows": 1325900,
                    "Plan Width": 4,
                    "Actual Startup Time": 71.869,
                    "Actual Total Time": 197.267,
                    "Actual Rows": 1082442,
                    "Actual Loops": 2,
                    "Recheck Cond": "(person_id > 3639431)",
                    "Rows Removed by Index Recheck": 0,
                    "Exact Heap Blocks": 18119,
                    "Lossy Heap Blocks": 0,
                    "Plans": [
                      {
                        "Node Type": "Bitmap Index Scan",
                        "Parent Relationship": "Outer",
                        "Parallel Aware": false,
                        "Index Name": "person_id_cast_info",
                        "Startup Cost": 0.0,
                        "Total Cost": 49221.79,
                        "Plan Rows": 2254030,
                        "Plan Width": 0,
                        "Actual Startup Time": 66.716,
                        "Actual Total Time": 66.716,
                        "Actual Rows": 2164883,
                        "Actual Loops": 1,
                        "Index Cond": "(person_id > 3639431)"
                      }
                    ]
                  },
                  {
                    "Node Type": "Hash",
                    "Parent Relationship": "Inner",
                    "Parallel Aware": true,
                    "Startup Cost": 38303.98,
                    "Total Cost": 38303.98,
                    "Plan Rows": 53342,
                    "Plan Width": 4,
                    "Actual Startup Time": 76.397,
                    "Actual Total Time": 76.398,
                    "Actual Rows": 45426,
                    "Actual Loops": 2,
                    "Hash Buckets": 131072,
                    "Original Hash Buckets": 131072,
                    "Hash Batches": 1,
                    "Original Hash Batches": 1,
                    "Peak Memory Usage": 4608,
                    "Plans": [
                      {
                        "Node Type": "Bitmap Heap Scan",
                        "Parent Relationship": "Outer",
                        "Parallel Aware": true,
                        "Relation Name": "title",
                        "Alias": "t",
                        "Startup Cost": 1639.21,
                        "Total Cost": 38303.98,
                        "Plan Rows": 53342,
                        "Plan Width": 4,
                        "Actual Startup Time": 22.807,
                        "Actual Total Time": 66.838,
                        "Actual Rows": 45426,
                        "Actual Loops": 2,
                        "Recheck Cond": "(kind_id = 2)",
                        "Rows Removed by Index Recheck": 0,
                        "Exact Heap Blocks": 19294,
                        "Lossy Heap Blocks": 0,
                        "Plans": [
                          {
                            "Node Type": "Bitmap Index Scan",
                            "Parent Relationship": "Outer",
                            "Parallel Aware": false,
                            "Index Name": "kind_id_title",
                            "Startup Cost": 0.0,
                            "Total Cost": 1616.54,
                            "Plan Rows": 90681,
                            "Plan Width": 0,
                            "Actual Startup Time": 18.389,
                            "Actual Total Time": 18.389,
                            "Actual Rows": 90852,
                            "Actual Loops": 1,
                            "Index Cond": "(kind_id = 2)"
                          }
                        ]
                      }
                    ]
                  }
                ]
              }
            ]
          }
        ]
      }
    ]
  },
  "Planning Time": 0.593,
  "Triggers": [],
  "Execution Time": 430.931
}