[
  {
    "Plan": {
      "Node Type": "Aggregate",
      "Strategy": "Plain",
      "Partial Mode": "Finalize",
      "Parallel Aware": false,
      "Startup Cost": 186044.16,
      "Total Cost": 186044.17,
      "Plan Rows": 1,
      "Plan Width": 8,
      "Actual Startup Time": 140.437,
      "Actual Total Time": 160.779,
      "Actual Rows": 1,
      "Actual Loops": 1,
      "Plans": [
        {
          "Node Type": "Gather",
          "Parent Relationship": "Outer",
          "Parallel Aware": false,
          "Startup Cost": 186043.74,
          "Total Cost": 186044.15,
          "Plan Rows": 4,
          "Plan Width": 8,
          "Actual Startup Time": 140.313,
          "Actual Total Time": 160.77,
          "Actual Rows": 5,
          "Actual Loops": 1,
          "Workers Planned": 4,
          "Workers Launched": 4,
          "Single Copy": false,
          "Plans": [
            {
              "Node Type": "Aggregate",
              "Strategy": "Plain",
              "Partial Mode": "Partial",
              "Parent Relationship": "Outer",
              "Parallel Aware": false,
              "Startup Cost": 185043.74,
              "Total Cost": 185043.75,
              "Plan Rows": 1,
              "Plan Width": 8,
              "Actual Startup Time": 130.416,
              "Actual Total Time": 130.418,
              "Actual Rows": 1,
              "Actual Loops": 5,
              "Plans": [
                {
                  "Node Type": "Nested Loop",
                  "Parent Relationship": "Outer",
                  "Parallel Aware": false,
                  "Join Type": "Inner",
                  "Startup Cost": 0.43,
                  "Total Cost": 185023.82,
                  "Plan Rows": 7971,
                  "Plan Width": 0,
                  "Actual Startup Time": 2.391,
                  "Actual Total Time": 129.351,
                  "Actual Rows": 10681,
                  "Actual Loops": 5,
                  "Inner Unique": false,
                  "Plans": [
                    {
                      "Node Type": "Seq Scan",
                      "Parent Relationship": "Outer",
                      "Parallel Aware": true,
                      "Relation Name": "title",
                      "Alias": "t",
                      "Startup Cost": 0.0,
                      "Total Cost": 45479.1,
                      "Plan Rows": 1363,
                      "Plan Width": 4,
                      "Actual Startup Time": 2.163,
                      "Actual Total Time": 84.19,
                      "Actual Rows": 1048,
                      "Actual Loops": 5,
                      "Filter": "((kind_id < 7) AND (production_year = 1965))",
                      "Rows Removed by Filter": 504615
                    },
                    {
                      "Node Type": "Index Only Scan",
                      "Parent Relationship": "Inner",
                      "Parallel Aware": false,
                      "Scan Direction": "Forward",
                      "Index Name": "movie_id_movie_info",
                      "Relation Name": "movie_info",
                      "Alias": "mi",
                      "Startup Cost": 0.43,
                      "Total Cost": 101.96,
                      "Plan Rows": 42,
                      "Plan Width": 4,
                      "Actual Startup Time": 0.016,
                      "Actual Total Time": 0.041,
                      "Actual Rows": 10,
                      "Actual Loops": 5239,
                      "Index Cond": "(movie_id = t.id)",
                      "Rows Removed by Index Recheck": 0,
                      "Heap Fetches": 53405
                    }
                  ]
                }
              ]
            }
          ]
        }
      ]
    },
    "Planning Time": 0.623,
    "Triggers": [],
    "Execution Time": 160.855
  }
]