[
  {
    "Plan": {
      "Node Type": "Aggregate",
      "Strategy": "Plain",
      "Partial Mode": "Finalize",
      "Parallel Aware": false,
      "Startup Cost": 346289.4,
      "Total Cost": 346289.41,
      "Plan Rows": 1,
      "Plan Width": 8,
      "Actual Startup Time": 689.872,
      "Actual Total Time": 733.591,
      "Actual Rows": 1,
      "Actual Loops": 1,
      "Plans": [
        {
          "Node Type": "Gather",
          "Parent Relationship": "Outer",
          "Parallel Aware": false,
          "Startup Cost": 346288.77,
          "Total Cost": 346289.38,
          "Plan Rows": 6,
          "Plan Width": 8,
          "Actual Startup Time": 689.655,
          "Actual Total Time": 733.569,
          "Actual Rows": 7,
          "Actual Loops": 1,
          "Workers Planned": 6,
          "Workers Launched": 6,
          "Single Copy": false,
          "Plans": [
            {
              "Node Type": "Aggregate",
              "Strategy": "Plain",
              "Partial Mode": "Partial",
              "Parent Relationship": "Outer",
              "Parallel Aware": false,
              "Startup Cost": 345288.77,
              "Total Cost": 345288.78,
              "Plan Rows": 1,
              "Plan Width": 8,
              "Actual Startup Time": 682.371,
              "Actual Total Time": 682.375,
              "Actual Rows": 1,
              "Actual Loops": 7,
              "Plans": [
                {
                  "Node Type": "Seq Scan",
                  "Parent Relationship": "Outer",
                  "Parallel Aware": true,
                  "Relation Name": "cast_info",
                  "Alias": "ci",
                  "Startup Cost": 0.0,
                  "Total Cost": 343316.27,
                  "Plan Rows": 789001,
                  "Plan Width": 0,
                  "Actual Startup Time": 0.047,
                  "Actual Total Time": 639.588,
                  "Actual Rows": 764436,
                  "Actual Loops": 7,
                  "Filter": "((person_id < 540184) AND (role_id < 10))",
                  "Rows Removed by Filter": 4413328
                }
              ]
            }
          ]
        }
      ]
    },
    "Planning Time": 0.221,
    "Triggers": [],
    "Execution Time": 733.664
  }
]