[
  {
    "Plan": {
      "Node Type": "Aggregate",
      "Strategy": "Plain",
      "Partial Mode": "Finalize",
      "Parallel Aware": false,
      "Startup Cost": 346228.86,
      "Total Cost": 346228.87,
      "Plan Rows": 1,
      "Plan Width": 8,
      "Actual Startup Time": 664.279,
      "Actual Total Time": 719.212,
      "Actual Rows": 1,
      "Actual Loops": 1,
      "Plans": [
        {
          "Node Type": "Gather",
          "Parent Relationship": "Outer",
          "Parallel Aware": false,
          "Startup Cost": 346228.24,
          "Total Cost": 346228.85,
          "Plan Rows": 6,
          "Plan Width": 8,
          "Actual Startup Time": 664.144,
          "Actual Total Time": 719.202,
          "Actual Rows": 7,
          "Actual Loops": 1,
          "Workers Planned": 6,
          "Workers Launched": 6,
          "Single Copy": false,
          "Plans": [
            {
              "Node Type": "Aggregate",
              "Strategy": "Plain",
              "Partial Mode": "Partial",
              "Parent Relationship": "Outer",
              "Parallel Aware": false,
              "Startup Cost": 345228.24,
              "Total Cost": 345228.25,
              "Plan Rows": 1,
              "Plan Width": 8,
              "Actual Startup Time": 653.838,
              "Actual Total Time": 653.839,
              "Actual Rows": 1,
              "Actual Loops": 7,
              "Plans": [
                {
                  "Node Type": "Seq Scan",
                  "Parent Relationship": "Outer",
                  "Parallel Aware": true,
                  "Relation Name": "cast_info",
                  "Alias": "ci",
                  "Startup Cost": 0.0,
                  "Total Cost": 343257.03,
                  "Plan Rows": 788483,
                  "Plan Width": 0,
                  "Actual Startup Time": 0.052,
                  "Actual Total Time": 616.447,
                  "Actual Rows": 764436,
                  "Actual Loops": 7,
                  "Filter": "((person_id < 540184) AND (role_id < 10))",
                  "Rows Removed by Filter": 4413328
                }
              ]
            }
          ]
        }
      ]
    },
    "Planning Time": 0.225,
    "Triggers": [],
    "Execution Time": 719.287
  }
]