{
  "Plan": {
    "Node Type": "Aggregate",
    "Strategy": "Plain",
    "Partial Mode": "Finalize",
    "Parallel Aware": false,
    "Startup Cost": 124071.56,
    "Total Cost": 124071.57,
    "Plan Rows": 1,
    "Plan Width": 8,
    "Actual Startup Time": 442.751,
    "Actual Total Time": 456.09,
    "Actual Rows": 1,
    "Actual Loops": 1,
    "Plans": [
      {
        "Node Type": "Gather",
        "Parent Relationship": "Outer",
        "Parallel Aware": false,
        "Startup Cost": 124071.45,
        "Total Cost": 124071.56,
        "Plan Rows": 1,
        "Plan Width": 8,
        "Actual Startup Time": 442.338,
        "Actual Total Time": 456.081,
        "Actual Rows": 2,
        "Actual Loops": 1,
        "Workers Planned": 1,
        "Workers Launched": 1,
        "Single Copy": false,
        "Plans": [
          {
            "Node Type": "Aggregate",
            "Strategy": "Plain",
            "Partial Mode": "Partial",
            "Parent Relationship": "Outer",
            "Parallel Aware": false,
            "Startup Cost": 123071.45,
            "Total Cost": 123071.46,
            "Plan Rows": 1,
            "Plan Width": 8,
            "Actual Startup Time": 438.7,
            "Actual Total Time": 438.703,
            "Actual Rows": 1,
            "Actual Loops": 2,
            "Plans": [
              {
                "Node Type": "Hash Join",
                "Parent Relationship": "Outer",
                "Parallel Aware": true,
                "Join Type": "Inner",
                "Startup Cost": 59616.57,
                "Total Cost": 122710.64,
                "Plan Rows": 144322,
                "Plan Width": 0,
                "Actual Startup Time": 144.826,
                "Actual Total Time": 437.858,
                "Actual Rows": 18804,
                "Actual Loops": 2,
                "Inner Unique": true,
                "Hash Cond": "(mk.movie_id = t.id)",
                "Plans": [
                  {
                    "Node Type": "Seq Scan",
                    "Parent Relationship": "Outer",
                    "Parallel Aware": true,
                    "Relation Name": "movie_keyword",
                    "Alias": "mk",
                    "Startup Cost": 0.0,
                    "Total Cost": 57718.19,
                    "Plan Rows": 2047952,
                    "Plan Width": 4,
                    "Actual Startup Time": 0.013,
                    "Actual Total Time": 187.172,
                    "Actual Rows": 1739525,
                    "Actual Loops": 2,
                    "Filter": "(keyword_id < 16986)",
                    "Rows Removed by Filter": 522440
                  },
                  {
                    "Node Type": "Hash",
                    "Parent Relationship": "Inner",
                    "Parallel Aware": true,
                    "Startup Cost": 58306.47,
                    "Total Cost": 58306.47,
                    "Plan Rows": 104808,
                    "Plan Width": 4,
                    "Actual Startup Time": 141.523,
                    "Actual Total Time": 141.524,
                    "Actual Rows": 30121,
                    "Actual Loops": 2,
                    "Hash Buckets": 262144,
                    "Original Hash Buckets": 262144,
                    "Hash Batches": 1,
                    "Original Hash Batches": 1,
                    "Peak Memory Usage": 4448,
                    "Plans": [
                      {
                        "Node Type": "Seq Scan",
                        "Parent Relationship": "Outer",
                        "Parallel Aware": true,
                        "Relation Name": "title",
                        "Alias": "t",
                        "Startup Cost": 0.0,
                        "Total Cost": 58306.47,
                        "Plan Rows": 104808,
                        "Plan Width": 4,
                        "Actual Startup Time": 0.028,
                        "Actual Total Time": 131.921,
                        "Actual Rows": 30121,
                        "Actual Loops": 2,
                        "Filter": "((kind_id > 1) AND (production_year < 1961))",
                        "Rows Removed by Filter": 1234035
                      }
                    ]
                  }
                ]
              }
            ]
          }
        ]
      }
    ]
  },
  "Planning Time": 0.507,
  "Triggers": [],
  "Execution Time": 456.163
}