{
  "Plan": {
    "Node Type": "Aggregate",
    "Strategy": "Plain",
    "Partial Mode": "Finalize",
    "Parallel Aware": false,
    "Startup Cost": 121803.38,
    "Total Cost": 121803.39,
    "Plan Rows": 1,
    "Plan Width": 8,
    "Actual Startup Time": 484.824,
    "Actual Total Time": 504.547,
    "Actual Rows": 1,
    "Actual Loops": 1,
    "Plans": [
      {
        "Node Type": "Gather",
        "Parent Relationship": "Outer",
        "Parallel Aware": false,
        "Startup Cost": 121803.27,
        "Total Cost": 121803.38,
        "Plan Rows": 1,
        "Plan Width": 8,
        "Actual Startup Time": 484.635,
        "Actual Total Time": 504.539,
        "Actual Rows": 2,
        "Actual Loops": 1,
        "Workers Planned": 1,
        "Workers Launched": 1,
        "Single Copy": false,
        "Plans": [
          {
            "Node Type": "Aggregate",
            "Strategy": "Plain",
            "Partial Mode": "Partial",
            "Parent Relationship": "Outer",
            "Parallel Aware": false,
            "Startup Cost": 120803.27,
            "Total Cost": 120803.28,
            "Plan Rows": 1,
            "Plan Width": 8,
            "Actual Startup Time": 481.789,
            "Actual Total Time": 481.793,
            "Actual Rows": 1,
            "Actual Loops": 2,
            "Plans": [
              {
                "Node Type": "Hash Join",
                "Parent Relationship": "Outer",
                "Parallel Aware": true,
                "Join Type": "Inner",
                "Startup Cost": 58411.14,
                "Total Cost": 120778.34,
                "Plan Rows": 9972,
                "Plan Width": 0,
                "Actual Startup Time": 149.783,
                "Actual Total Time": 481.405,
                "Actual Rows": 6341,
                "Actual Loops": 2,
                "Inner Unique": true,
                "Hash Cond": "(mk.movie_id = t.id)",
                "Plans": [
                  {
                    "Node Type": "Seq Scan",
                    "Parent Relationship": "Outer",
                    "Parallel Aware": true,
                    "Relation Name": "movie_keyword",
                    "Alias": "mk",
                    "Startup Cost": 0.0,
                    "Total Cost": 57718.19,
                    "Plan Rows": 1771045,
                    "Plan Width": 4,
                    "Actual Startup Time": 0.013,
                    "Actual Total Time": 222.249,
                    "Actual Rows": 1500932,
                    "Actual Loops": 2,
                    "Filter": "(keyword_id < 10582)",
                    "Rows Removed by Filter": 761033
                  },
                  {
                    "Node Type": "Hash",
                    "Parent Relationship": "Inner",
                    "Parallel Aware": true,
                    "Startup Cost": 58306.47,
                    "Total Cost": 58306.47,
                    "Plan Rows": 8374,
                    "Plan Width": 4,
                    "Actual Startup Time": 149.147,
                    "Actual Total Time": 149.148,
                    "Actual Rows": 6799,
                    "Actual Loops": 2,
                    "Hash Buckets": 16384,
                    "Original Hash Buckets": 16384,
                    "Hash Batches": 1,
                    "Original Hash Batches": 1,
                    "Peak Memory Usage": 704,
                    "Plans": [
                      {
                        "Node Type": "Seq Scan",
                        "Parent Relationship": "Outer",
                        "Parallel Aware": true,
                        "Relation Name": "title",
                        "Alias": "t",
                        "Startup Cost": 0.0,
                        "Total Cost": 58306.47,
                        "Plan Rows": 8374,
                        "Plan Width": 4,
                        "Actual Startup Time": 0.096,
                        "Actual Total Time": 146.427,
                        "Actual Rows": 6799,
                        "Actual Loops": 2,
                        "Filter": "((kind_id > 1) AND (production_year = 1985))",
                        "Rows Removed by Filter": 1257357
                      }
                    ]
                  }
                ]
              }
            ]
          }
        ]
      }
    ]
  },
  "Planning Time": 0.317,
  "Triggers": [],
  "Execution Time": 504.598
}