[
  {
    "Plan": {
      "Node Type": "Aggregate",
      "Strategy": "Plain",
      "Partial Mode": "Finalize",
      "Parallel Aware": false,
      "Startup Cost": 90392.25,
      "Total Cost": 90392.26,
      "Plan Rows": 1,
      "Plan Width": 8,
      "Actual Startup Time": 362.849,
      "Actual Total Time": 383.138,
      "Actual Rows": 1,
      "Actual Loops": 1,
      "Plans": [
        {
          "Node Type": "Gather",
          "Parent Relationship": "Outer",
          "Parallel Aware": false,
          "Startup Cost": 90391.94,
          "Total Cost": 90392.25,
          "Plan Rows": 3,
          "Plan Width": 8,
          "Actual Startup Time": 360.612,
          "Actual Total Time": 383.131,
          "Actual Rows": 4,
          "Actual Loops": 1,
          "Workers Planned": 3,
          "Workers Launched": 3,
          "Single Copy": false,
          "Plans": [
            {
              "Node Type": "Aggregate",
              "Strategy": "Plain",
              "Partial Mode": "Partial",
              "Parent Relationship": "Outer",
              "Parallel Aware": false,
              "Startup Cost": 89391.94,
              "Total Cost": 89391.95,
              "Plan Rows": 1,
              "Plan Width": 8,
              "Actual Startup Time": 355.206,
              "Actual Total Time": 355.211,
              "Actual Rows": 1,
              "Actual Loops": 4,
              "Plans": [
                {
                  "Node Type": "Hash Join",
                  "Parent Relationship": "Outer",
                  "Parallel Aware": true,
                  "Join Type": "Inner",
                  "Startup Cost": 46187.15,
                  "Total Cost": 89065.23,
                  "Plan Rows": 130683,
                  "Plan Width": 0,
                  "Actual Startup Time": 168.714,
                  "Actual Total Time": 338.887,
                  "Actual Rows": 404613,
                  "Actual Loops": 4,
                  "Inner Unique": true,
                  "Hash Cond": "(mk.movie_id = t.id)",
                  "Plans": [
                    {
                      "Node Type": "Seq Scan",
                      "Parent Relationship": "Outer",
                      "Parallel Aware": true,
                      "Relation Name": "movie_keyword",
                      "Alias": "mk",
                      "Startup Cost": 0.0,
                      "Total Cost": 39047.32,
                      "Plan Rows": 1459332,
                      "Plan Width": 4,
                      "Actual Startup Time": 0.026,
                      "Actual Total Time": 83.43,
                      "Actual Rows": 1130982,
                      "Actual Loops": 4
                    },
                    {
                      "Node Type": "Hash",
                      "Parent Relationship": "Inner",
                      "Parallel Aware": true,
                      "Startup Cost": 45479.59,
                      "Total Cost": 45479.59,
                      "Plan Rows": 56605,
                      "Plan Width": 4,
                      "Actual Startup Time": 131.483,
                      "Actual Total Time": 131.484,
                      "Actual Rows": 88269,
                      "Actual Loops": 4,
                      "Hash Buckets": 524288,
                      "Original Hash Buckets": 262144,
                      "Hash Batches": 1,
                      "Original Hash Batches": 1,
                      "Peak Memory Usage": 20064,
                      "Plans": [
                        {
                          "Node Type": "Seq Scan",
                          "Parent Relationship": "Outer",
                          "Parallel Aware": true,
                          "Relation Name": "title",
                          "Alias": "t",
                          "Startup Cost": 0.0,
                          "Total Cost": 45479.59,
                          "Plan Rows": 56605,
                          "Plan Width": 4,
                          "Actual Startup Time": 55.614,
                          "Actual Total Time": 96.649,
                          "Actual Rows": 88269,
                          "Actual Loops": 4,
                          "Filter": "((kind_id < 2) AND (production_year < 1997))",
                          "Rows Removed by Filter": 543809
                        }
                      ]
                    }
                  ]
                }
              ]
            }
          ]
        }
      ]
    },
    "Planning Time": 0.509,
    "Triggers": [],
    "Execution Time": 383.194
  }
]