[
  {
    "Plan": {
      "Node Type": "Aggregate",
      "Strategy": "Plain",
      "Partial Mode": "Finalize",
      "Parallel Aware": false,
      "Startup Cost": 95011.5,
      "Total Cost": 95011.51,
      "Plan Rows": 1,
      "Plan Width": 8,
      "Actual Startup Time": 436.296,
      "Actual Total Time": 455.894,
      "Actual Rows": 1,
      "Actual Loops": 1,
      "Plans": [
        {
          "Node Type": "Gather",
          "Parent Relationship": "Outer",
          "Parallel Aware": false,
          "Startup Cost": 95011.19,
          "Total Cost": 95011.5,
          "Plan Rows": 3,
          "Plan Width": 8,
          "Actual Startup Time": 433.505,
          "Actual Total Time": 455.883,
          "Actual Rows": 4,
          "Actual Loops": 1,
          "Workers Planned": 3,
          "Workers Launched": 3,
          "Single Copy": false,
          "Plans": [
            {
              "Node Type": "Aggregate",
              "Strategy": "Plain",
              "Partial Mode": "Partial",
              "Parent Relationship": "Outer",
              "Parallel Aware": false,
              "Startup Cost": 94011.19,
              "Total Cost": 94011.2,
              "Plan Rows": 1,
              "Plan Width": 8,
              "Actual Startup Time": 429.155,
              "Actual Total Time": 429.337,
              "Actual Rows": 1,
              "Actual Loops": 4,
              "Plans": [
                {
                  "Node Type": "Hash Join",
                  "Parent Relationship": "Outer",
                  "Parallel Aware": true,
                  "Join Type": "Inner",
                  "Startup Cost": 63146.61,
                  "Total Cost": 93823.0,
                  "Plan Rows": 75274,
                  "Plan Width": 0,
                  "Actual Startup Time": 277.791,
                  "Actual Total Time": 416.766,
                  "Actual Rows": 282734,
                  "Actual Loops": 4,
                  "Inner Unique": false,
                  "Hash Cond": "(mc.movie_id = t.id)",
                  "Plans": [
                    {
                      "Node Type": "Seq Scan",
                      "Parent Relationship": "Outer",
                      "Parallel Aware": true,
                      "Relation Name": "movie_companies",
                      "Alias": "mc",
                      "Startup Cost": 0.0,
                      "Total Cost": 27206.55,
                      "Plan Rows": 841655,
                      "Plan Width": 4,
                      "Actual Startup Time": 0.011,
                      "Actual Total Time": 61.61,
                      "Actual Rows": 652282,
                      "Actual Loops": 4
                    },
                    {
                      "Node Type": "Hash",
                      "Parent Relationship": "Inner",
                      "Parallel Aware": true,
                      "Startup Cost": 61968.85,
                      "Total Cost": 61968.85,
                      "Plan Rows": 94221,
                      "Plan Width": 8,
                      "Actual Startup Time": 250.137,
                      "Actual Total Time": 250.317,
                      "Actual Rows": 75696,
                      "Actual Loops": 4,
                      "Hash Buckets": 524288,
                      "Original Hash Buckets": 262144,
                      "Hash Batches": 1,
                      "Original Hash Batches": 1,
                      "Peak Memory Usage": 18080,
                      "Plans": [
                        {
                          "Node Type": "Hash Join",
                          "Parent Relationship": "Outer",
                          "Parallel Aware": true,
                          "Join Type": "Inner",
                          "Startup Cost": 46774.29,
                          "Total Cost": 61968.85,
                          "Plan Rows": 94221,
                          "Plan Width": 8,
                          "Actual Startup Time": 164.716,
                          "Actual Total Time": 220.193,
                          "Actual Rows": 75696,
                          "Actual Loops": 4,
                          "Inner Unique": true,
                          "Hash Cond": "(mi_idx.movie_id = t.id)",
                          "Plans": [
                            {
                              "Node Type": "Seq Scan",
                              "Parent Relationship": "Outer",
                              "Parallel Aware": true,
                              "Relation Name": "movie_info_idx",
                              "Alias": "mi_idx",
                              "Startup Cost": 0.0,
                              "Total Cost": 13685.15,
                              "Plan Rows": 575015,
                              "Plan Width": 4,
                              "Actual Startup Time": 0.014,
                              "Actual Total Time": 33.258,
                              "Actual Rows": 345009,
                              "Actual Loops": 4
                            },
                            {
                              "Node Type": "Hash",
                              "Parent Relationship": "Inner",
                              "Parallel Aware": true,
                              "Startup Cost": 45479.59,
                              "Total Cost": 45479.59,
                              "Plan Rows": 103576,
                              "Plan Width": 4,
                              "Actual Startup Time": 132.971,
                              "Actual Total Time": 132.972,
                              "Actual Rows": 75809,
                              "Actual Loops": 4,
                              "Hash Buckets": 524288,
                              "Original Hash Buckets": 524288,
                              "Hash Batches": 1,
                              "Original Hash Batches": 1,
                              "Peak Memory Usage": 16032,
                              "Plans": [
                                {
                                  "Node Type": "Seq Scan",
                                  "Parent Relationship": "Outer",
                                  "Parallel Aware": true,
                                  "Relation Name": "title",
                                  "Alias": "t",
                                  "Startup Cost": 0.0,
                                  "Total Cost": 45479.59,
                                  "Plan Rows": 103576,
                                  "Plan Width": 4,
                                  "Actual Startup Time": 43.599,
                                  "Actual Total Time": 100.344,
                                  "Actual Rows": 75809,
                                  "Actual Loops": 4,
                                  "Filter": "((production_year > 1996) AND (kind_id = 1))",
                                  "Rows Removed by Filter": 556269
                                }
                              ]
                            }
                          ]
                        }
                      ]
                    }
                  ]
                }
              ]
            }
          ]
        }
      ]
    },
    "Planning Time": 1.422,
    "Triggers": [],
    "Execution Time": 455.99
  }
]