[
    {
        "Bao": {
            "Bao prediction": "NaN",
            "Bao recommended hint": "(no hint)"
        }
    },
    {
        "Plan": {
            "Node Type": "Aggregate",
            "Strategy": "Plain",
            "Partial Mode": "Finalize",
            "Parallel Aware": false,
            "Startup Cost": 80399.91,
            "Total Cost": 80399.92,
            "Plan Rows": 1,
            "Plan Width": 8,
            "Actual Startup Time": 257.258,
            "Actual Total Time": 266.659,
            "Actual Rows": 1,
            "Actual Loops": 1,
            "Output": [
                "count(*)"
            ],
            "Plans": [
                {
                    "Node Type": "Gather",
                    "Parent Relationship": "Outer",
                    "Parallel Aware": false,
                    "Startup Cost": 80399.59,
                    "Total Cost": 80399.9,
                    "Plan Rows": 3,
                    "Plan Width": 8,
                    "Actual Startup Time": 255.759,
                    "Actual Total Time": 266.652,
                    "Actual Rows": 4,
                    "Actual Loops": 1,
                    "Output": [
                        "(PARTIAL count(*))"
                    ],
                    "Workers Planned": 3,
                    "Workers Launched": 3,
                    "Single Copy": false,
                    "Plans": [
                        {
                            "Node Type": "Aggregate",
                            "Strategy": "Plain",
                            "Partial Mode": "Partial",
                            "Parent Relationship": "Outer",
                            "Parallel Aware": false,
                            "Startup Cost": 79399.59,
                            "Total Cost": 79399.6,
                            "Plan Rows": 1,
                            "Plan Width": 8,
                            "Actual Startup Time": 246.861,
                            "Actual Total Time": 246.863,
                            "Actual Rows": 1,
                            "Actual Loops": 4,
                            "Output": [
                                "PARTIAL count(*)"
                            ],
                            "Workers": [
                                {
                                    "Worker Number": 0,
                                    "Actual Startup Time": 243.589,
                                    "Actual Total Time": 243.591,
                                    "Actual Rows": 1,
                                    "Actual Loops": 1
                                },
                                {
                                    "Worker Number": 1,
                                    "Actual Startup Time": 244.237,
                                    "Actual Total Time": 244.239,
                                    "Actual Rows": 1,
                                    "Actual Loops": 1
                                },
                                {
                                    "Worker Number": 2,
                                    "Actual Startup Time": 244.53,
                                    "Actual Total Time": 244.534,
                                    "Actual Rows": 1,
                                    "Actual Loops": 1
                                }
                            ],
                            "Plans": [
                                {
                                    "Node Type": "Hash Join",
                                    "Parent Relationship": "Outer",
                                    "Parallel Aware": true,
                                    "Join Type": "Inner",
                                    "Startup Cost": 46885.25,
                                    "Total Cost": 79240.25,
                                    "Plan Rows": 63738,
                                    "Plan Width": 0,
                                    "Actual Startup Time": 183.91,
                                    "Actual Total Time": 243.233,
                                    "Actual Rows": 78258,
                                    "Actual Loops": 4,
                                    "Inner Unique": true,
                                    "Hash Cond": "(mc.movie_id = t.id)",
                                    "Workers": [
                                        {
                                            "Worker Number": 0,
                                            "Actual Startup Time": 180.709,
                                            "Actual Total Time": 240.324,
                                            "Actual Rows": 76191,
                                            "Actual Loops": 1
                                        },
                                        {
                                            "Worker Number": 1,
                                            "Actual Startup Time": 181.321,
                                            "Actual Total Time": 240.61,
                                            "Actual Rows": 84731,
                                            "Actual Loops": 1
                                        },
                                        {
                                            "Worker Number": 2,
                                            "Actual Startup Time": 181.626,
                                            "Actual Total Time": 240.655,
                                            "Actual Rows": 55858,
                                            "Actual Loops": 1
                                        }
                                    ],
                                    "Plans": [
                                        {
                                            "Node Type": "Seq Scan",
                                            "Parent Relationship": "Outer",
                                            "Parallel Aware": true,
                                            "Relation Name": "movie_companies",
                                            "Schema": "public",
                                            "Alias": "mc",
                                            "Startup Cost": 0.0,
                                            "Total Cost": 31414.82,
                                            "Plan Rows": 358165,
                                            "Plan Width": 4,
                                            "Actual Startup Time": 29.62,
                                            "Actual Total Time": 69.018,
                                            "Actual Rows": 308337,
                                            "Actual Loops": 4,
                                            "Output": [
                                                "mc.id",
                                                "mc.movie_id",
                                                "mc.company_id",
                                                "mc.company_type_id",
                                                "mc.note"
                                            ],
                                            "Filter": "((mc.company_id > 302) AND (mc.company_type_id > 1))",
                                            "Rows Removed by Filter": 343946,
                                            "Workers": [
                                                {
                                                    "Worker Number": 0,
                                                    "Actual Startup Time": 29.612,
                                                    "Actual Total Time": 65.999,
                                                    "Actual Rows": 298950,
                                                    "Actual Loops": 1
                                                },
                                                {
                                                    "Worker Number": 1,
                                                    "Actual Startup Time": 29.639,
                                                    "Actual Total Time": 69.909,
                                                    "Actual Rows": 335278,
                                                    "Actual Loops": 1
                                                },
                                                {
                                                    "Worker Number": 2,
                                                    "Actual Startup Time": 29.598,
                                                    "Actual Total Time": 71.874,
                                                    "Actual Rows": 224137,
                                                    "Actual Loops": 1
                                                }
                                            ]
                                        },
                                        {
                                            "Node Type": "Hash",
                                            "Parent Relationship": "Inner",
                                            "Parallel Aware": true,
                                            "Startup Cost": 45479.21,
                                            "Total Cost": 45479.21,
                                            "Plan Rows": 112483,
                                            "Plan Width": 4,
                                            "Actual Startup Time": 119.265,
                                            "Actual Total Time": 119.265,
                                            "Actual Rows": 81272,
                                            "Actual Loops": 4,
                                            "Output": [
                                                "t.id"
                                            ],
                                            "Hash Buckets": 524288,
                                            "Original Hash Buckets": 524288,
                                            "Hash Batches": 1,
                                            "Original Hash Batches": 1,
                                            "Peak Memory Usage": 16896,
                                            "Workers": [
                                                {
                                                    "Worker Number": 0,
                                                    "Actual Startup Time": 117.713,
                                                    "Actual Total Time": 117.714,
                                                    "Actual Rows": 79643,
                                                    "Actual Loops": 1
                                                },
                                                {
                                                    "Worker Number": 1,
                                                    "Actual Startup Time": 118.371,
                                                    "Actual Total Time": 118.371,
                                                    "Actual Rows": 85624,
                                                    "Actual Loops": 1
                                                },
                                                {
                                                    "Worker Number": 2,
                                                    "Actual Startup Time": 118.62,
                                                    "Actual Total Time": 118.621,
                                                    "Actual Rows": 58165,
                                                    "Actual Loops": 1
                                                }
                                            ],
                                            "Plans": [
                                                {
                                                    "Node Type": "Seq Scan",
                                                    "Parent Relationship": "Outer",
                                                    "Parallel Aware": true,
                                                    "Relation Name": "title",
                                                    "Schema": "public",
                                                    "Alias": "t",
                                                    "Startup Cost": 0.0,
                                                    "Total Cost": 45479.21,
                                                    "Plan Rows": 112483,
                                                    "Plan Width": 4,
                                                    "Actual Startup Time": 42.676,
                                                    "Actual Total Time": 95.589,
                                                    "Actual Rows": 81272,
                                                    "Actual Loops": 4,
                                                    "Output": [
                                                        "t.id"
                                                    ],
                                                    "Filter": "((t.production_year > 1992) AND (t.kind_id = 1))",
                                                    "Rows Removed by Filter": 550806,
                                                    "Workers": [
                                                        {
                                                            "Worker Number": 0,
                                                            "Actual Startup Time": 53.537,
                                                            "Actual Total Time": 92.955,
                                                            "Actual Rows": 79643,
                                                            "Actual Loops": 1
                                                        },
                                                        {
                                                            "Worker Number": 1,
                                                            "Actual Startup Time": 53.991,
                                                            "Actual Total Time": 95.47,
                                                            "Actual Rows": 85624,
                                                            "Actual Loops": 1
                                                        },
                                                        {
                                                            "Worker Number": 2,
                                                            "Actual Startup Time": 54.403,
                                                            "Actual Total Time": 97.254,
                                                            "Actual Rows": 58165,
                                                            "Actual Loops": 1
                                                        }
                                                    ]
                                                }
                                            ]
                                        }
                                    ]
                                }
                            ]
                        }
                    ]
                }
            ]
        },
        "Planning Time": 214.291,
        "Triggers": [],
        "Execution Time": 266.751
    }
]