[
  {
    "Plan": {
      "Node Type": "Aggregate",
      "Strategy": "Plain",
      "Partial Mode": "Finalize",
      "Parallel Aware": false,
      "Startup Cost": 109401.94,
      "Total Cost": 109401.95,
      "Plan Rows": 1,
      "Plan Width": 8,
      "Actual Startup Time": 567.733,
      "Actual Total Time": 603.009,
      "Actual Rows": 1,
      "Actual Loops": 1,
      "Plans": [
        {
          "Node Type": "Gather",
          "Parent Relationship": "Outer",
          "Parallel Aware": false,
          "Startup Cost": 109401.62,
          "Total Cost": 109401.93,
          "Plan Rows": 3,
          "Plan Width": 8,
          "Actual Startup Time": 563.473,
          "Actual Total Time": 602.992,
          "Actual Rows": 4,
          "Actual Loops": 1,
          "Workers Planned": 3,
          "Workers Launched": 3,
          "Single Copy": false,
          "Plans": [
            {
              "Node Type": "Aggregate",
              "Strategy": "Plain",
              "Partial Mode": "Partial",
              "Parent Relationship": "Outer",
              "Parallel Aware": false,
              "Startup Cost": 108401.62,
              "Total Cost": 108401.63,
              "Plan Rows": 1,
              "Plan Width": 8,
              "Actual Startup Time": 555.729,
              "Actual Total Time": 555.876,
              "Actual Rows": 1,
              "Actual Loops": 4,
              "Plans": [
                {
                  "Node Type": "Hash Join",
                  "Parent Relationship": "Outer",
                  "Parallel Aware": true,
                  "Join Type": "Inner",
                  "Startup Cost": 62282.95,
                  "Total Cost": 108281.27,
                  "Plan Rows": 48140,
                  "Plan Width": 0,
                  "Actual Startup Time": 274.382,
                  "Actual Total Time": 541.862,
                  "Actual Rows": 215717,
                  "Actual Loops": 4,
                  "Inner Unique": false,
                  "Hash Cond": "(mk.movie_id = t.id)",
                  "Plans": [
                    {
                      "Node Type": "Seq Scan",
                      "Parent Relationship": "Outer",
                      "Parallel Aware": true,
                      "Relation Name": "movie_keyword",
                      "Alias": "mk",
                      "Startup Cost": 0.0,
                      "Total Cost": 42695.65,
                      "Plan Rows": 827224,
                      "Plan Width": 4,
                      "Actual Startup Time": 0.436,
                      "Actual Total Time": 166.85,
                      "Actual Rows": 640043,
                      "Actual Loops": 4,
                      "Filter": "(keyword_id > 3430)",
                      "Rows Removed by Filter": 490940
                    },
                    {
                      "Node Type": "Hash",
                      "Parent Relationship": "Inner",
                      "Parallel Aware": true,
                      "Startup Cost": 61516.6,
                      "Total Cost": 61516.6,
                      "Plan Rows": 61308,
                      "Plan Width": 8,
                      "Actual Startup Time": 271.577,
                      "Actual Total Time": 271.721,
                      "Actual Rows": 46590,
                      "Actual Loops": 4,
                      "Hash Buckets": 262144,
                      "Original Hash Buckets": 262144,
                      "Hash Batches": 1,
                      "Original Hash Batches": 1,
                      "Peak Memory Usage": 9376,
                      "Plans": [
                        {
                          "Node Type": "Hash Join",
                          "Parent Relationship": "Outer",
                          "Parallel Aware": true,
                          "Join Type": "Inner",
                          "Startup Cost": 46322.04,
                          "Total Cost": 61516.6,
                          "Plan Rows": 61308,
                          "Plan Width": 8,
                          "Actual Startup Time": 146.979,
                          "Actual Total Time": 256.4,
                          "Actual Rows": 46590,
                          "Actual Loops": 4,
                          "Inner Unique": true,
                          "Hash Cond": "(mi_idx.movie_id = t.id)",
                          "Plans": [
                            {
                              "Node Type": "Seq Scan",
                              "Parent Relationship": "Outer",
                              "Parallel Aware": true,
                              "Relation Name": "movie_info_idx",
                              "Alias": "mi_idx",
                              "Startup Cost": 0.0,
                              "Total Cost": 13685.15,
                              "Plan Rows": 575015,
                              "Plan Width": 4,
                              "Actual Startup Time": 0.02,
                              "Actual Total Time": 46.398,
                              "Actual Rows": 345009,
                              "Actual Loops": 4
                            },
                            {
                              "Node Type": "Hash",
                              "Parent Relationship": "Inner",
                              "Parallel Aware": true,
                              "Startup Cost": 45479.59,
                              "Total Cost": 45479.59,
                              "Plan Rows": 67396,
                              "Plan Width": 4,
                              "Actual Startup Time": 144.845,
                              "Actual Total Time": 144.847,
                              "Actual Rows": 57498,
                              "Actual Loops": 4,
                              "Hash Buckets": 524288,
                              "Original Hash Buckets": 524288,
                              "Hash Batches": 1,
                              "Original Hash Batches": 1,
                              "Peak Memory Usage": 13216,
                              "Plans": [
                                {
                                  "Node Type": "Seq Scan",
                                  "Parent Relationship": "Outer",
                                  "Parallel Aware": true,
                                  "Relation Name": "title",
                                  "Alias": "t",
                                  "Startup Cost": 0.0,
                                  "Total Cost": 45479.59,
                                  "Plan Rows": 67396,
                                  "Plan Width": 4,
                                  "Actual Startup Time": 0.081,
                                  "Actual Total Time": 115.493,
                                  "Actual Rows": 57498,
                                  "Actual Loops": 4,
                                  "Filter": "((kind_id < 3) AND (production_year > 2006))",
                                  "Rows Removed by Filter": 574580
                                }
                              ]
                            }
                          ]
                        }
                      ]
                    }
                  ]
                }
              ]
            }
          ]
        }
      ]
    },
    "Planning Time": 1.05,
    "Triggers": [],
    "Execution Time": 603.094
  }
]