{
  "Plan": {
    "Node Type": "Aggregate",
    "Strategy": "Plain",
    "Partial Mode": "Simple",
    "Parallel Aware": false,
    "Startup Cost": 1746808.89,
    "Total Cost": 1746808.9,
    "Plan Rows": 1,
    "Plan Width": 64,
    "Actual Startup Time": 7242.867,
    "Actual Total Time": 7243.079,
    "Actual Rows": 1,
    "Actual Loops": 1,
    "Plans": [
      {
        "Node Type": "Merge Join",
        "Parent Relationship": "Outer",
        "Parallel Aware": false,
        "Join Type": "Inner",
        "Startup Cost": 1610243.09,
        "Total Cost": 1746808.89,
        "Plan Rows": 1,
        "Plan Width": 32,
        "Actual Startup Time": 5810.34,
        "Actual Total Time": 7242.721,
        "Actual Rows": 3575,
        "Actual Loops": 1,
        "Inner Unique": false,
        "Merge Cond": "(chn.id = ci.person_role_id)",
        "Plans": [
          {
            "Node Type": "Index Only Scan",
            "Parent Relationship": "Outer",
            "Parallel Aware": false,
            "Scan Direction": "Forward",
            "Index Name": "char_name_pkey",
            "Relation Name": "char_name",
            "Alias": "chn",
            "Startup Cost": 0.43,
            "Total Cost": 128715.58,
            "Plan Rows": 3140252,
            "Plan Width": 4,
            "Actual Startup Time": 0.031,
            "Actual Total Time": 1285.137,
            "Actual Rows": 3133145,
            "Actual Loops": 1,
            "Heap Fetches": 3133145
          },
          {
            "Node Type": "Sort",
            "Parent Relationship": "Inner",
            "Parallel Aware": false,
            "Startup Cost": 1610242.66,
            "Total Cost": 1610242.67,
            "Plan Rows": 1,
            "Plan Width": 36,
            "Actual Startup Time": 5810.255,
            "Actual Total Time": 5810.827,
            "Actual Rows": 3576,
            "Actual Loops": 1,
            "Sort Key": [
              "ci.person_role_id"
            ],
            "Sort Method": "quicksort",
            "Sort Space Used": 462,
            "Sort Space Type": "Memory",
            "Plans": [
              {
                "Node Type": "Merge Join",
                "Parent Relationship": "Outer",
                "Parallel Aware": false,
                "Join Type": "Inner",
                "Startup Cost": 1610242.62,
                "Total Cost": 1610242.65,
                "Plan Rows": 1,
                "Plan Width": 36,
                "Actual Startup Time": 5809.091,
                "Actual Total Time": 5809.868,
                "Actual Rows": 3744,
                "Actual Loops": 1,
                "Inner Unique": true,
                "Merge Cond": "(mi.info_type_id = it.id)",
                "Plans": [
                  {
                    "Node Type": "Sort",
                    "Parent Relationship": "Outer",
                    "Parallel Aware": false,
                    "Startup Cost": 1610240.2,
                    "Total Cost": 1610240.21,
                    "Plan Rows": 2,
                    "Plan Width": 40,
                    "Actual Startup Time": 5809.043,
                    "Actual Total Time": 5809.382,
                    "Actual Rows": 3744,
                    "Actual Loops": 1,
                    "Sort Key": [
                      "mi.info_type_id"
                    ],
                    "Sort Method": "quicksort",
                    "Sort Space Used": 482,
                    "Sort Space Type": "Memory",
                    "Plans": [
                      {
                        "Node Type": "Merge Join",
                        "Parent Relationship": "Outer",
                        "Parallel Aware": false,
                        "Join Type": "Inner",
                        "Startup Cost": 1607520.43,
                        "Total Cost": 1610240.19,
                        "Plan Rows": 2,
                        "Plan Width": 40,
                        "Actual Startup Time": 5769.083,
                        "Actual Total Time": 5808.574,
                        "Actual Rows": 3744,
                        "Actual Loops": 1,
                        "Inner Unique": false,
                        "Merge Cond": "(t.id = mi.movie_id)",
                        "Plans": [
                          {
                            "Node Type": "Sort",
                            "Parent Relationship": "Outer",
                            "Parallel Aware": false,
                            "Startup Cost": 1207121.84,
                            "Total Cost": 1207121.86,
                            "Plan Rows": 8,
                            "Plan Width": 48,
                            "Actual Startup Time": 4586.181,
                            "Actual Total Time": 4586.689,
                            "Actual Rows": 4284,
                            "Actual Loops": 1,
                            "Sort Key": [
                              "ci.movie_id"
                            ],
                            "Sort Method": "quicksort",
                            "Sort Space Used": 712,
                            "Sort Space Type": "Memory",
                            "Plans": [
                              {
                                "Node Type": "Merge Join",
                                "Parent Relationship": "Outer",
                                "Parallel Aware": false,
                                "Join Type": "Inner",
                                "Startup Cost": 1194445.67,
                                "Total Cost": 1207121.72,
                                "Plan Rows": 8,
                                "Plan Width": 48,
                                "Actual Startup Time": 4480.493,
                                "Actual Total Time": 4585.251,
                                "Actual Rows": 4284,
                                "Actual Loops": 1,
                                "Inner Unique": false,
                                "Merge Cond": "(cn.id = mc.company_id)",
                                "Plans": [
                                  {
                                    "Node Type": "Index Scan",
                                    "Parent Relationship": "Outer",
                                    "Parallel Aware": false,
                                    "Scan Direction": "Forward",
                                    "Index Name": "company_name_pkey",
                                    "Relation Name": "company_name",
                                    "Alias": "cn",
                                    "Startup Cost": 0.42,
                                    "Total Cost": 12469.43,
                                    "Plan Rows": 85931,
                                    "Plan Width": 4,
                                    "Actual Startup Time": 0.019,
                                    "Actual Total Time": 98.155,
                                    "Actual Rows": 84239,
                                    "Actual Loops": 1,
                                    "Filter": "((country_code)::text = '[us]'::text)",
                                    "Rows Removed by Filter": 148331
                                  },
                                  {
                                    "Node Type": "Sort",
                                    "Parent Relationship": "Inner",
                                    "Parallel Aware": false,
                                    "Startup Cost": 1194445.25,
                                    "Total Cost": 1194445.3,
                                    "Plan Rows": 22,
                                    "Plan Width": 52,
                                    "Actual Startup Time": 4480.44,
                                    "Actual Total Time": 4481.668,
                                    "Actual Rows": 11811,
                                    "Actual Loops": 1,
                                    "Sort Key": [
                                      "mc.company_id"
                                    ],
                                    "Sort Method": "quicksort",
                                    "Sort Space Used": 1920,
                                    "Sort Space Type": "Memory",
                                    "Plans": [
                                      {
                                        "Node Type": "Merge Join",
                                        "Parent Relationship": "Outer",
                                        "Parallel Aware": false,
                                        "Join Type": "Inner",
                                        "Startup Cost": 1047517.27,
                                        "Total Cost": 1194444.76,
                                        "Plan Rows": 22,
                                        "Plan Width": 52,
                                        "Actual Startup Time": 3827.082,
                                        "Actual Total Time": 4477.563,
                                        "Actual Rows": 11811,
                                        "Actual Loops": 1,
                                        "Inner Unique": false,
                                        "Merge Cond": "(mc.movie_id = t.id)",
                                        "Plans": [
                                          {
                                            "Node Type": "Index Scan",
                                            "Parent Relationship": "Outer",
                                            "Parallel Aware": false,
                                            "Scan Direction": "Forward",
                                            "Index Name": "movie_id_movie_companies",
                                            "Relation Name": "movie_companies",
                                            "Alias": "mc",
                                            "Startup Cost": 0.43,
                                            "Total Cost": 140404.76,
                                            "Plan Rows": 2609129,
                                            "Plan Width": 8,
                                            "Actual Startup Time": 0.016,
                                            "Actual Total Time": 489.338,
                                            "Actual Rows": 2607076,
                                            "Actual Loops": 1
                                          },
                                          {
                                            "Node Type": "Sort",
                                            "Parent Relationship": "Inner",
                                            "Parallel Aware": false,
                                            "Startup Cost": 1047516.84,
                                            "Total Cost": 1047516.89,
                                            "Plan Rows": 21,
                                            "Plan Width": 44,
                                            "Actual Startup Time": 3826.358,
                                            "Actual Total Time": 3827.191,
                                            "Actual Rows": 14168,
                                            "Actual Loops": 1,
                                            "Sort Key": [
                                              "ci.movie_id"
                                            ],
                                            "Sort Method": "quicksort",
                                            "Sort Space Used": 740,
                                            "Sort Space Type": "Memory",
                                            "Plans": [
                                              {
                                                "Node Type": "Merge Join",
                                                "Parent Relationship": "Outer",
                                                "Parallel Aware": false,
                                                "Join Type": "Inner",
                                                "Startup Cost": 1047514.9,
                                                "Total Cost": 1047516.38,
                                                "Plan Rows": 21,
                                                "Plan Width": 44,
                                                "Actual Startup Time": 3824.747,
                                                "Actual Total Time": 3825.702,
                                                "Actual Rows": 4845,
                                                "Actual Loops": 1,
                                                "Inner Unique": true,
                                                "Merge Cond": "(ci.role_id = rt.id)",
                                                "Plans": [
                                                  {
                                                    "Node Type": "Sort",
                                                    "Parent Relationship": "Outer",
                                                    "Parallel Aware": false,
                                                    "Startup Cost": 1047513.74,
                                                    "Total Cost": 1047514.37,
                                                    "Plan Rows": 252,
                                                    "Plan Width": 48,
                                                    "Actual Startup Time": 3824.715,
                                                    "Actual Total Time": 3825.045,
                                                    "Actual Rows": 4845,
                                                    "Actual Loops": 1,
                                                    "Sort Key": [
                                                      "ci.role_id"
                                                    ],
                                                    "Sort Method": "quicksort",
                                                    "Sort Space Used": 791,
                                                    "Sort Space Type": "Memory",
                                                    "Plans": [
                                                      {
                                                        "Node Type": "Merge Join",
                                                        "Parent Relationship": "Outer",
                                                        "Parallel Aware": false,
                                                        "Join Type": "Inner",
                                                        "Startup Cost": 927466.92,
                                                        "Total Cost": 1047503.69,
                                                        "Plan Rows": 252,
                                                        "Plan Width": 48,
                                                        "Actual Startup Time": 2696.774,
                                                        "Actual Total Time": 3823.504,
                                                        "Actual Rows": 4845,
                                                        "Actual Loops": 1,
                                                        "Inner Unique": false,
                                                        "Merge Cond": "(t.id = ci.movie_id)",
                                                        "Plans": [
                                                          {
                                                            "Node Type": "Index Scan",
                                                            "Parent Relationship": "Outer",
                                                            "Parallel Aware": false,
                                                            "Scan Direction": "Forward",
                                                            "Index Name": "title_pkey",
                                                            "Relation Name": "title",
                                                            "Alias": "t",
                                                            "Startup Cost": 0.43,
                                                            "Total Cost": 116680.33,
                                                            "Plan Rows": 1389987,
                                                            "Plan Width": 21,
                                                            "Actual Startup Time": 0.021,
                                                            "Actual Total Time": 1064.383,
                                                            "Actual Rows": 1380909,
                                                            "Actual Loops": 1,
                                                            "Filter": "(production_year > 2000)",
                                                            "Rows Removed by Filter": 1144450
                                                          },
                                                          {
                                                            "Node Type": "Sort",
                                                            "Parent Relationship": "Inner",
                                                            "Parallel Aware": false,
                                                            "Startup Cost": 927463.64,
                                                            "Total Cost": 927464.79,
                                                            "Plan Rows": 459,
                                                            "Plan Width": 27,
                                                            "Actual Startup Time": 2693.338,
                                                            "Actual Total Time": 2694.76,
                                                            "Actual Rows": 8204,
                                                            "Actual Loops": 1,
                                                            "Sort Key": [
                                                              "ci.movie_id"
                                                            ],
                                                            "Sort Method": "quicksort",
                                                            "Sort Space Used": 1025,
                                                            "Sort Space Type": "Memory",
                                                            "Plans": [
                                                              {
                                                                "Node Type": "Merge Join",
                                                                "Parent Relationship": "Outer",
                                                                "Parallel Aware": false,
                                                                "Join Type": "Inner",
                                                                "Startup Cost": 850433.36,
                                                                "Total Cost": 927443.35,
                                                                "Plan Rows": 459,
                                                                "Plan Width": 27,
                                                                "Actual Startup Time": 2584.9,
                                                                "Actual Total Time": 2691.789,
                                                                "Actual Rows": 8204,
                                                                "Actual Loops": 1,
                                                                "Inner Unique": false,
                                                                "Merge Cond": "(n.id = ci.person_id)",
                                                                "Plans": [
                                                                  {
                                                                    "Node Type": "Merge Join",
                                                                    "Parent Relationship": "Outer",
                                                                    "Parallel Aware": false,
                                                                    "Join Type": "Inner",
                                                                    "Startup Cost": 94992.39,
                                                                    "Total Cost": 169342.55,
                                                                    "Plan Rows": 2093,
                                                                    "Plan Width": 23,
                                                                    "Actual Startup Time": 455.026,
                                                                    "Actual Total Time": 537.264,
                                                                    "Actual Rows": 10525,
                                                                    "Actual Loops": 1,
                                                                    "Inner Unique": true,
                                                                    "Merge Cond": "(an.person_id = n.id)",
                                                                    "Plans": [
                                                                      {
                                                                        "Node Type": "Index Only Scan",
                                                                        "Parent Relationship": "Outer",
                                                                        "Parallel Aware": false,
                                                                        "Scan Direction": "Forward",
                                                                        "Index Name": "person_id_aka_name",
                                                                        "Relation Name": "aka_name",
                                                                        "Alias": "an",
                                                                        "Startup Cost": 0.42,
                                                                        "Total Cost": 72027.93,
                                                                        "Plan Rows": 901343,
                                                                        "Plan Width": 4,
                                                                        "Actual Startup Time": 0.033,
                                                                        "Actual Total Time": 175.056,
                                                                        "Actual Rows": 578866,
                                                                        "Actual Loops": 1,
                                                                        "Heap Fetches": 578866
                                                                      },
                                                                      {
                                                                        "Node Type": "Sort",
                                                                        "Parent Relationship": "Inner",
                                                                        "Parallel Aware": false,
                                                                        "Startup Cost": 94991.96,
                                                                        "Total Cost": 95016.15,
                                                                        "Plan Rows": 9675,
                                                                        "Plan Width": 19,
                                                                        "Actual Startup Time": 324.603,
                                                                        "Actual Total Time": 329.248,
                                                                        "Actual Rows": 50011,
                                                                        "Actual Loops": 1,
                                                                        "Sort Key": [
                                                                          "n.id"
                                                                        ],
                                                                        "Sort Method": "quicksort",
                                                                        "Sort Space Used": 5246,
                                                                        "Sort Space Type": "Memory",
                                                                        "Plans": [
                                                                          {
                                                                            "Node Type": "Gather",
                                                                            "Parent Relationship": "Outer",
                                                                            "Parallel Aware": false,
                                                                            "Startup Cost": 1000.0,
                                                                            "Total Cost": 94351.47,
                                                                            "Plan Rows": 9675,
                                                                            "Plan Width": 19,
                                                                            "Actual Startup Time": 144.204,
                                                                            "Actual Total Time": 314.543,
                                                                            "Actual Rows": 50011,
                                                                            "Actual Loops": 1,
                                                                            "Workers Planned": 1,
                                                                            "Workers Launched": 1,
                                                                            "Single Copy": false,
                                                                            "Plans": [
                                                                              {
                                                                                "Node Type": "Seq Scan",
                                                                                "Parent Relationship": "Outer",
                                                                                "Parallel Aware": true,
                                                                                "Relation Name": "name",
                                                                                "Alias": "n",
                                                                                "Startup Cost": 0.0,
                                                                                "Total Cost": 92383.97,
                                                                                "Plan Rows": 5691,
                                                                                "Plan Width": 19,
                                                                                "Actual Startup Time": 138.057,
                                                                                "Actual Total Time": 304.541,
                                                                                "Actual Rows": 25006,
                                                                                "Actual Loops": 2,
                                                                                "Filter": "((name ~~ '%An%'::text) AND ((gender)::text = 'f'::text))",
                                                                                "Rows Removed by Filter": 2058740
                                                                              }
                                                                            ]
                                                                          }
                                                                        ]
                                                                      }
                                                                    ]
                                                                  },
                                                                  {
                                                                    "Node Type": "Sort",
                                                                    "Parent Relationship": "Inner",
                                                                    "Parallel Aware": false,
                                                                    "Startup Cost": 755440.88,
                                                                    "Total Cost": 757725.12,
                                                                    "Plan Rows": 913697,
                                                                    "Plan Width": 16,
                                                                    "Actual Startup Time": 2079.81,
                                                                    "Actual Total Time": 2111.21,
                                                                    "Actual Rows": 870085,
                                                                    "Actual Loops": 1,
                                                                    "Sort Key": [
                                                                      "ci.person_id"
                                                                    ],
                                                                    "Sort Method": "quicksort",
                                                                    "Sort Space Used": 65239,
                                                                    "Sort Space Type": "Memory",
                                                                    "Plans": [
                                                                      {
                                                                        "Node Type": "Gather",
                                                                        "Parent Relationship": "Outer",
                                                                        "Parallel Aware": false,
                                                                        "Startup Cost": 1000.0,
                                                                        "Total Cost": 664978.68,
                                                                        "Plan Rows": 913697,
                                                                        "Plan Width": 16,
                                                                        "Actual Startup Time": 0.305,
                                                                        "Actual Total Time": 1962.58,
                                                                        "Actual Rows": 867477,
                                                                        "Actual Loops": 1,
                                                                        "Workers Planned": 1,
                                                                        "Workers Launched": 1,
                                                                        "Single Copy": false,
                                                                        "Plans": [
                                                                          {
                                                                            "Node Type": "Seq Scan",
                                                                            "Parent Relationship": "Outer",
                                                                            "Parallel Aware": true,
                                                                            "Relation Name": "cast_info",
                                                                            "Alias": "ci",
                                                                            "Startup Cost": 0.0,
                                                                            "Total Cost": 572608.98,
                                                                            "Plan Rows": 537469,
                                                                            "Plan Width": 16,
                                                                            "Actual Startup Time": 0.109,
                                                                            "Actual Total Time": 1884.649,
                                                                            "Actual Rows": 433738,
                                                                            "Actual Loops": 2,
                                                                            "Filter": "(note = ANY ('{(voice),\"(voice: Japanese version)\",\"(voice) (uncredited)\",\"(voice: English version)\"}'::text[]))",
                                                                            "Rows Removed by Filter": 17688434
                                                                          }
                                                                        ]
                                                                      }
                                                                    ]
                                                                  }
                                                                ]
                                                              }
                                                            ]
                                                          }
                                                        ]
                                                      }
                                                    ]
                                                  },
                                                  {
                                                    "Node Type": "Sort",
                                                    "Parent Relationship": "Inner",
                                                    "Parallel Aware": false,
                                                    "Startup Cost": 1.16,
                                                    "Total Cost": 1.16,
                                                    "Plan Rows": 1,
                                                    "Plan Width": 4,
                                                    "Actual Startup Time": 0.029,
                                                    "Actual Total Time": 0.03,
                                                    "Actual Rows": 1,
                                                    "Actual Loops": 1,
                                                    "Sort Key": [
                                                      "rt.id"
                                                    ],
                                                    "Sort Method": "quicksort",
                                                    "Sort Space Used": 25,
                                                    "Sort Space Type": "Memory",
                                                    "Plans": [
                                                      {
                                                        "Node Type": "Seq Scan",
                                                        "Parent Relationship": "Outer",
                                                        "Parallel Aware": false,
                                                        "Relation Name": "role_type",
                                                        "Alias": "rt",
                                                        "Startup Cost": 0.0,
                                                        "Total Cost": 1.15,
                                                        "Plan Rows": 1,
                                                        "Plan Width": 4,
                                                        "Actual Startup Time": 0.018,
                                                        "Actual Total Time": 0.02,
                                                        "Actual Rows": 1,
                                                        "Actual Loops": 1,
                                                        "Filter": "((role)::text = 'actress'::text)",
                                                        "Rows Removed by Filter": 11
                                                      }
                                                    ]
                                                  }
                                                ]
                                              }
                                            ]
                                          }
                                        ]
                                      }
                                    ]
                                  }
                                ]
                              }
                            ]
                          },
                          {
                            "Node Type": "Sort",
                            "Parent Relationship": "Inner",
                            "Parallel Aware": false,
                            "Startup Cost": 400398.59,
                            "Total Cost": 401758.44,
                            "Plan Rows": 543941,
                            "Plan Width": 8,
                            "Actual Startup Time": 1182.131,
                            "Actual Total Time": 1198.416,
                            "Actual Rows": 451875,
                            "Actual Loops": 1,
                            "Sort Key": [
                              "mi.movie_id"
                            ],
                            "Sort Method": "quicksort",
                            "Sort Space Used": 33434,
                            "Sort Space Type": "Memory",
                            "Plans": [
                              {
                                "Node Type": "Gather",
                                "Parent Relationship": "Outer",
                                "Parallel Aware": false,
                                "Startup Cost": 1000.0,
                                "Total Cost": 348579.8,
                                "Plan Rows": 543941,
                                "Plan Width": 8,
                                "Actual Startup Time": 115.199,
                                "Actual Total Time": 1096.387,
                                "Actual Rows": 451104,
                                "Actual Loops": 1,
                                "Workers Planned": 1,
                                "Workers Launched": 1,
                                "Single Copy": false,
                                "Plans": [
                                  {
                                    "Node Type": "Seq Scan",
                                    "Parent Relationship": "Outer",
                                    "Parallel Aware": true,
                                    "Relation Name": "movie_info",
                                    "Alias": "mi",
                                    "Startup Cost": 0.0,
                                    "Total Cost": 293185.7,
                                    "Plan Rows": 319965,
                                    "Plan Width": 8,
                                    "Actual Startup Time": 112.825,
                                    "Actual Total Time": 1059.262,
                                    "Actual Rows": 225552,
                                    "Actual Loops": 2,
                                    "Filter": "((info IS NOT NULL) AND ((info ~~ 'Japan:%200%'::text) OR (info ~~ 'USA:%200%'::text)))",
                                    "Rows Removed by Filter": 7192308
                                  }
                                ]
                              }
                            ]
                          }
                        ]
                      }
                    ]
                  },
                  {
                    "Node Type": "Sort",
                    "Parent Relationship": "Inner",
                    "Parallel Aware": false,
                    "Startup Cost": 2.42,
                    "Total Cost": 2.43,
                    "Plan Rows": 1,
                    "Plan Width": 4,
                    "Actual Startup Time": 0.044,
                    "Actual Total Time": 0.045,
                    "Actual Rows": 1,
                    "Actual Loops": 1,
                    "Sort Key": [
                      "it.id"
                    ],
                    "Sort Method": "quicksort",
                    "Sort Space Used": 25,
                    "Sort Space Type": "Memory",
                    "Plans": [
                      {
                        "Node Type": "Seq Scan",
                        "Parent Relationship": "Outer",
                        "Parallel Aware": false,
                        "Relation Name": "info_type",
                        "Alias": "it",
                        "Startup Cost": 0.0,
                        "Total Cost": 2.41,
                        "Plan Rows": 1,
                        "Plan Width": 4,
                        "Actual Startup Time": 0.031,
                        "Actual Total Time": 0.035,
                        "Actual Rows": 1,
                        "Actual Loops": 1,
                        "Filter": "((info)::text = 'release dates'::text)",
                        "Rows Removed by Filter": 112
                      }
                    ]
                  }
                ]
              }
            ]
          }
        ]
      }
    ]
  },
  "Planning Time": 3.867,
  "Triggers": [],
  "Execution Time": 7243.326
}