[
  {
    "Plan": {
      "Node Type": "Aggregate",
      "Strategy": "Plain",
      "Partial Mode": "Finalize",
      "Parallel Aware": false,
      "Startup Cost": 384431.79,
      "Total Cost": 384431.8,
      "Plan Rows": 1,
      "Plan Width": 8,
      "Actual Startup Time": 1138.635,
      "Actual Total Time": 1190.897,
      "Actual Rows": 1,
      "Actual Loops": 1,
      "Plans": [
        {
          "Node Type": "Gather",
          "Parent Relationship": "Outer",
          "Parallel Aware": false,
          "Startup Cost": 384431.17,
          "Total Cost": 384431.78,
          "Plan Rows": 6,
          "Plan Width": 8,
          "Actual Startup Time": 1137.376,
          "Actual Total Time": 1190.883,
          "Actual Rows": 7,
          "Actual Loops": 1,
          "Workers Planned": 6,
          "Workers Launched": 6,
          "Single Copy": false,
          "Plans": [
            {
              "Node Type": "Aggregate",
              "Strategy": "Plain",
              "Partial Mode": "Partial",
              "Parent Relationship": "Outer",
              "Parallel Aware": false,
              "Startup Cost": 383431.17,
              "Total Cost": 383431.18,
              "Plan Rows": 1,
              "Plan Width": 8,
              "Actual Startup Time": 1130.126,
              "Actual Total Time": 1130.129,
              "Actual Rows": 1,
              "Actual Loops": 7,
              "Plans": [
                {
                  "Node Type": "Hash Join",
                  "Parent Relationship": "Outer",
                  "Parallel Aware": true,
                  "Join Type": "Inner",
                  "Startup Cost": 45849.15,
                  "Total Cost": 383031.55,
                  "Plan Rows": 159845,
                  "Plan Width": 0,
                  "Actual Startup Time": 247.804,
                  "Actual Total Time": 1121.269,
                  "Actual Rows": 164464,
                  "Actual Loops": 7,
                  "Inner Unique": true,
                  "Hash Cond": "(ci.movie_id = t.id)",
                  "Plans": [
                    {
                      "Node Type": "Seq Scan",
                      "Parent Relationship": "Outer",
                      "Parallel Aware": true,
                      "Relation Name": "cast_info",
                      "Alias": "ci",
                      "Startup Cost": 0.0,
                      "Total Cost": 328211.39,
                      "Plan Rows": 3417525,
                      "Plan Width": 4,
                      "Actual Startup Time": 164.866,
                      "Actual Total Time": 599.735,
                      "Actual Rows": 2902902,
                      "Actual Loops": 7,
                      "Filter": "(person_id > 1573853)",
                      "Rows Removed by Filter": 2274862
                    },
                    {
                      "Node Type": "Hash",
                      "Parent Relationship": "Inner",
                      "Parallel Aware": true,
                      "Startup Cost": 45479.59,
                      "Total Cost": 45479.59,
                      "Plan Rows": 29565,
                      "Plan Width": 4,
                      "Actual Startup Time": 81.508,
                      "Actual Total Time": 81.509,
                      "Actual Rows": 17821,
                      "Actual Loops": 7,
                      "Hash Buckets": 131072,
                      "Original Hash Buckets": 131072,
                      "Hash Batches": 1,
                      "Original Hash Batches": 1,
                      "Peak Memory Usage": 5984,
                      "Plans": [
                        {
                          "Node Type": "Seq Scan",
                          "Parent Relationship": "Outer",
                          "Parallel Aware": true,
                          "Relation Name": "title",
                          "Alias": "t",
                          "Startup Cost": 0.0,
                          "Total Cost": 45479.59,
                          "Plan Rows": 29565,
                          "Plan Width": 4,
                          "Actual Startup Time": 0.038,
                          "Actual Total Time": 73.267,
                          "Actual Rows": 17821,
                          "Actual Loops": 7,
                          "Filter": "((kind_id > 1) AND (production_year = 2012))",
                          "Rows Removed by Filter": 343366
                        }
                      ]
                    }
                  ]
                }
              ]
            }
          ]
        }
      ]
    },
    "Planning Time": 0.436,
    "Triggers": [],
    "Execution Time": 1190.964
  }
]