[
  {
    "Plan": {
      "Node Type": "Aggregate",
      "Strategy": "Plain",
      "Partial Mode": "Finalize",
      "Parallel Aware": false,
      "Startup Cost": 89565.4,
      "Total Cost": 89565.41,
      "Plan Rows": 1,
      "Plan Width": 8,
      "Actual Startup Time": 350.265,
      "Actual Total Time": 367.836,
      "Actual Rows": 1,
      "Actual Loops": 1,
      "Plans": [
        {
          "Node Type": "Gather",
          "Parent Relationship": "Outer",
          "Parallel Aware": false,
          "Startup Cost": 89565.08,
          "Total Cost": 89565.39,
          "Plan Rows": 3,
          "Plan Width": 8,
          "Actual Startup Time": 348.686,
          "Actual Total Time": 367.829,
          "Actual Rows": 4,
          "Actual Loops": 1,
          "Workers Planned": 3,
          "Workers Launched": 3,
          "Single Copy": false,
          "Plans": [
            {
              "Node Type": "Aggregate",
              "Strategy": "Plain",
              "Partial Mode": "Partial",
              "Parent Relationship": "Outer",
              "Parallel Aware": false,
              "Startup Cost": 88565.08,
              "Total Cost": 88565.09,
              "Plan Rows": 1,
              "Plan Width": 8,
              "Actual Startup Time": 341.446,
              "Actual Total Time": 341.449,
              "Actual Rows": 1,
              "Actual Loops": 4,
              "Plans": [
                {
                  "Node Type": "Hash Join",
                  "Parent Relationship": "Outer",
                  "Parallel Aware": true,
                  "Join Type": "Inner",
                  "Startup Cost": 45621.49,
                  "Total Cost": 88499.57,
                  "Plan Rows": 26207,
                  "Plan Width": 0,
                  "Actual Startup Time": 168.253,
                  "Actual Total Time": 334.369,
                  "Actual Rows": 148000,
                  "Actual Loops": 4,
                  "Inner Unique": true,
                  "Hash Cond": "(mk.movie_id = t.id)",
                  "Plans": [
                    {
                      "Node Type": "Seq Scan",
                      "Parent Relationship": "Outer",
                      "Parallel Aware": true,
                      "Relation Name": "movie_keyword",
                      "Alias": "mk",
                      "Startup Cost": 0.0,
                      "Total Cost": 39047.32,
                      "Plan Rows": 1459332,
                      "Plan Width": 4,
                      "Actual Startup Time": 0.026,
                      "Actual Total Time": 94.379,
                      "Actual Rows": 1130982,
                      "Actual Loops": 4
                    },
                    {
                      "Node Type": "Hash",
                      "Parent Relationship": "Inner",
                      "Parallel Aware": true,
                      "Startup Cost": 45479.59,
                      "Total Cost": 45479.59,
                      "Plan Rows": 11352,
                      "Plan Width": 4,
                      "Actual Startup Time": 130.094,
                      "Actual Total Time": 130.095,
                      "Actual Rows": 42922,
                      "Actual Loops": 4,
                      "Hash Buckets": 262144,
                      "Original Hash Buckets": 65536,
                      "Hash Batches": 1,
                      "Original Hash Batches": 1,
                      "Peak Memory Usage": 10368,
                      "Plans": [
                        {
                          "Node Type": "Seq Scan",
                          "Parent Relationship": "Outer",
                          "Parallel Aware": true,
                          "Relation Name": "title",
                          "Alias": "t",
                          "Startup Cost": 0.0,
                          "Total Cost": 45479.59,
                          "Plan Rows": 11352,
                          "Plan Width": 4,
                          "Actual Startup Time": 61.039,
                          "Actual Total Time": 106.075,
                          "Actual Rows": 42922,
                          "Actual Loops": 4,
                          "Filter": "((production_year < 1954) AND (kind_id = 1))",
                          "Rows Removed by Filter": 589156
                        }
                      ]
                    }
                  ]
                }
              ]
            }
          ]
        }
      ]
    },
    "Planning Time": 0.604,
    "Triggers": [],
    "Execution Time": 367.904
  }
]