{
  "Plan": {
    "Node Type": "Aggregate",
    "Strategy": "Plain",
    "Partial Mode": "Finalize",
    "Parallel Aware": false,
    "Startup Cost": 134223.72,
    "Total Cost": 134223.73,
    "Plan Rows": 1,
    "Plan Width": 8,
    "Actual Startup Time": 946.47,
    "Actual Total Time": 972.262,
    "Actual Rows": 1,
    "Actual Loops": 1,
    "Plans": [
      {
        "Node Type": "Gather",
        "Parent Relationship": "Outer",
        "Parallel Aware": false,
        "Startup Cost": 134223.61,
        "Total Cost": 134223.72,
        "Plan Rows": 1,
        "Plan Width": 8,
        "Actual Startup Time": 941.4,
        "Actual Total Time": 972.255,
        "Actual Rows": 2,
        "Actual Loops": 1,
        "Workers Planned": 1,
        "Workers Launched": 1,
        "Single Copy": false,
        "Plans": [
          {
            "Node Type": "Aggregate",
            "Strategy": "Plain",
            "Partial Mode": "Partial",
            "Parent Relationship": "Outer",
            "Parallel Aware": false,
            "Startup Cost": 133223.61,
            "Total Cost": 133223.62,
            "Plan Rows": 1,
            "Plan Width": 8,
            "Actual Startup Time": 935.007,
            "Actual Total Time": 935.013,
            "Actual Rows": 1,
            "Actual Loops": 2,
            "Plans": [
              {
                "Node Type": "Hash Join",
                "Parent Relationship": "Outer",
                "Parallel Aware": true,
                "Join Type": "Inner",
                "Startup Cost": 112771.82,
                "Total Cost": 132819.56,
                "Plan Rows": 161619,
                "Plan Width": 0,
                "Actual Startup Time": 768.851,
                "Actual Total Time": 913.066,
                "Actual Rows": 576569,
                "Actual Loops": 2,
                "Inner Unique": false,
                "Hash Cond": "(mi_idx.movie_id = t.id)",
                "Plans": [
                  {
                    "Node Type": "Seq Scan",
                    "Parent Relationship": "Outer",
                    "Parallel Aware": true,
                    "Relation Name": "movie_info_idx",
                    "Alias": "mi_idx",
                    "Startup Cost": 0.0,
                    "Total Cost": 16052.85,
                    "Plan Rows": 811785,
                    "Plan Width": 4,
                    "Actual Startup Time": 0.021,
                    "Actual Total Time": 46.436,
                    "Actual Rows": 690018,
                    "Actual Loops": 2
                  },
                  {
                    "Node Type": "Hash",
                    "Parent Relationship": "Inner",
                    "Parallel Aware": true,
                    "Startup Cost": 109070.63,
                    "Total Cost": 109070.63,
                    "Plan Rows": 296095,
                    "Plan Width": 8,
                    "Actual Startup Time": 749.439,
                    "Actual Total Time": 749.443,
                    "Actual Rows": 245368,
                    "Actual Loops": 2,
                    "Hash Buckets": 524288,
                    "Original Hash Buckets": 524288,
                    "Hash Batches": 1,
                    "Original Hash Batches": 1,
                    "Peak Memory Usage": 23328,
                    "Plans": [
                      {
                        "Node Type": "Hash Join",
                        "Parent Relationship": "Outer",
                        "Parallel Aware": true,
                        "Join Type": "Inner",
                        "Startup Cost": 80138.19,
                        "Total Cost": 109070.63,
                        "Plan Rows": 296095,
                        "Plan Width": 8,
                        "Actual Startup Time": 563.468,
                        "Actual Total Time": 702.511,
                        "Actual Rows": 245368,
                        "Actual Loops": 2,
                        "Inner Unique": true,
                        "Hash Cond": "(mk.movie_id = t.id)",
                        "Plans": [
                          {
                            "Node Type": "Bitmap Heap Scan",
                            "Parent Relationship": "Outer",
                            "Parallel Aware": true,
                            "Relation Name": "movie_keyword",
                            "Alias": "mk",
                            "Startup Cost": 10677.49,
                            "Total Cost": 38832.68,
                            "Plan Rows": 296095,
                            "Plan Width": 4,
                            "Actual Startup Time": 35.168,
                            "Actual Total Time": 105.187,
                            "Actual Rows": 245368,
                            "Actual Loops": 2,
                            "Recheck Cond": "(keyword_id > 36672)",
                            "Rows Removed by Index Recheck": 0,
                            "Exact Heap Blocks": 11920,
                            "Lossy Heap Blocks": 0,
                            "Plans": [
                              {
                                "Node Type": "Bitmap Index Scan",
                                "Parent Relationship": "Outer",
                                "Parallel Aware": false,
                                "Index Name": "keyword_id_movie_keyword",
                                "Startup Cost": 0.0,
                                "Total Cost": 10551.65,
                                "Plan Rows": 503362,
                                "Plan Width": 0,
                                "Actual Startup Time": 31.841,
                                "Actual Total Time": 31.842,
                                "Actual Rows": 490736,
                                "Actual Loops": 1,
                                "Index Cond": "(keyword_id > 36672)"
                              }
                            ]
                          },
                          {
                            "Node Type": "Hash",
                            "Parent Relationship": "Inner",
                            "Parallel Aware": true,
                            "Startup Cost": 50870.31,
                            "Total Cost": 50870.31,
                            "Plan Rows": 1487231,
                            "Plan Width": 4,
                            "Actual Startup Time": 510.502,
                            "Actual Total Time": 510.503,
                            "Actual Rows": 1264156,
                            "Actual Loops": 2,
                            "Hash Buckets": 4194304,
                            "Original Hash Buckets": 4194304,
                            "Hash Batches": 1,
                            "Original Hash Batches": 1,
                            "Peak Memory Usage": 131712,
                            "Plans": [
                              {
                                "Node Type": "Seq Scan",
                                "Parent Relationship": "Outer",
                                "Parallel Aware": true,
                                "Relation Name": "title",
                                "Alias": "t",
                                "Startup Cost": 0.0,
                                "Total Cost": 50870.31,
                                "Plan Rows": 1487231,
                                "Plan Width": 4,
                                "Actual Startup Time": 0.05,
                                "Actual Total Time": 150.682,
                                "Actual Rows": 1264156,
                                "Actual Loops": 2
                              }
                            ]
                          }
                        ]
                      }
                    ]
                  }
                ]
              }
            ]
          }
        ]
      }
    ]
  },
  "Planning Time": 0.994,
  "Triggers": [],
  "Execution Time": 972.366
}