{
  "Plan": {
    "Node Type": "Aggregate",
    "Strategy": "Plain",
    "Partial Mode": "Finalize",
    "Parallel Aware": false,
    "Startup Cost": 471439.04,
    "Total Cost": 471439.05,
    "Plan Rows": 1,
    "Plan Width": 8,
    "Actual Startup Time": 1286.995,
    "Actual Total Time": 1317.052,
    "Actual Rows": 1,
    "Actual Loops": 1,
    "Plans": [
      {
        "Node Type": "Gather",
        "Parent Relationship": "Outer",
        "Parallel Aware": false,
        "Startup Cost": 471438.93,
        "Total Cost": 471439.04,
        "Plan Rows": 1,
        "Plan Width": 8,
        "Actual Startup Time": 1285.496,
        "Actual Total Time": 1317.041,
        "Actual Rows": 2,
        "Actual Loops": 1,
        "Workers Planned": 1,
        "Workers Launched": 1,
        "Single Copy": false,
        "Plans": [
          {
            "Node Type": "Aggregate",
            "Strategy": "Plain",
            "Partial Mode": "Partial",
            "Parent Relationship": "Outer",
            "Parallel Aware": false,
            "Startup Cost": 470438.93,
            "Total Cost": 470438.94,
            "Plan Rows": 1,
            "Plan Width": 8,
            "Actual Startup Time": 1279.48,
            "Actual Total Time": 1279.484,
            "Actual Rows": 1,
            "Actual Loops": 2,
            "Plans": [
              {
                "Node Type": "Hash Join",
                "Parent Relationship": "Outer",
                "Parallel Aware": true,
                "Join Type": "Inner",
                "Startup Cost": 171969.04,
                "Total Cost": 469738.26,
                "Plan Rows": 280268,
                "Plan Width": 0,
                "Actual Startup Time": 471.853,
                "Actual Total Time": 1266.742,
                "Actual Rows": 236003,
                "Actual Loops": 2,
                "Inner Unique": true,
                "Hash Cond": "(ci.movie_id = t.id)",
                "Plans": [
                  {
                    "Node Type": "Bitmap Heap Scan",
                    "Parent Relationship": "Outer",
                    "Parallel Aware": true,
                    "Relation Name": "cast_info",
                    "Alias": "ci",
                    "Startup Cost": 111914.52,
                    "Total Cost": 401859.54,
                    "Plan Rows": 2980642,
                    "Plan Width": 4,
                    "Actual Startup Time": 271.292,
                    "Actual Total Time": 578.41,
                    "Actual Rows": 2613645,
                    "Actual Loops": 2,
                    "Recheck Cond": "(person_id < 505758)",
                    "Rows Removed by Index Recheck": 0,
                    "Exact Heap Blocks": 23847,
                    "Lossy Heap Blocks": 0,
                    "Plans": [
                      {
                        "Node Type": "Bitmap Index Scan",
                        "Parent Relationship": "Outer",
                        "Parallel Aware": false,
                        "Index Name": "person_id_cast_info",
                        "Startup Cost": 0.0,
                        "Total Cost": 110647.75,
                        "Plan Rows": 5067091,
                        "Plan Width": 0,
                        "Actual Startup Time": 261.619,
                        "Actual Total Time": 261.619,
                        "Actual Rows": 5227290,
                        "Actual Loops": 1,
                        "Index Cond": "(person_id < 505758)"
                      }
                    ]
                  },
                  {
                    "Node Type": "Hash",
                    "Parent Relationship": "Inner",
                    "Parallel Aware": true,
                    "Startup Cost": 58306.47,
                    "Total Cost": 58306.47,
                    "Plan Rows": 139844,
                    "Plan Width": 4,
                    "Actual Startup Time": 196.831,
                    "Actual Total Time": 196.832,
                    "Actual Rows": 128453,
                    "Actual Loops": 2,
                    "Hash Buckets": 262144,
                    "Original Hash Buckets": 262144,
                    "Hash Batches": 1,
                    "Original Hash Batches": 1,
                    "Peak Memory Usage": 12128,
                    "Plans": [
                      {
                        "Node Type": "Seq Scan",
                        "Parent Relationship": "Outer",
                        "Parallel Aware": true,
                        "Relation Name": "title",
                        "Alias": "t",
                        "Startup Cost": 0.0,
                        "Total Cost": 58306.47,
                        "Plan Rows": 139844,
                        "Plan Width": 4,
                        "Actual Startup Time": 0.058,
                        "Actual Total Time": 161.272,
                        "Actual Rows": 128453,
                        "Actual Loops": 2,
                        "Filter": "((production_year > 2010) AND (kind_id = 7))",
                        "Rows Removed by Filter": 1135703
                      }
                    ]
                  }
                ]
              }
            ]
          }
        ]
      }
    ]
  },
  "Planning Time": 0.484,
  "Triggers": [],
  "Execution Time": 1317.155
}