[
  {
    "Plan": {
      "Node Type": "Aggregate",
      "Strategy": "Plain",
      "Partial Mode": "Finalize",
      "Parallel Aware": false,
      "Startup Cost": 32793.18,
      "Total Cost": 32793.19,
      "Plan Rows": 1,
      "Plan Width": 8,
      "Actual Startup Time": 105.984,
      "Actual Total Time": 110.756,
      "Actual Rows": 1,
      "Actual Loops": 1,
      "Plans": [
        {
          "Node Type": "Gather",
          "Parent Relationship": "Outer",
          "Parallel Aware": false,
          "Startup Cost": 32792.86,
          "Total Cost": 32793.17,
          "Plan Rows": 3,
          "Plan Width": 8,
          "Actual Startup Time": 105.741,
          "Actual Total Time": 110.747,
          "Actual Rows": 4,
          "Actual Loops": 1,
          "Workers Planned": 3,
          "Workers Launched": 3,
          "Single Copy": false,
          "Plans": [
            {
              "Node Type": "Aggregate",
              "Strategy": "Plain",
              "Partial Mode": "Partial",
              "Parent Relationship": "Outer",
              "Parallel Aware": false,
              "Startup Cost": 31792.86,
              "Total Cost": 31792.87,
              "Plan Rows": 1,
              "Plan Width": 8,
              "Actual Startup Time": 99.792,
              "Actual Total Time": 99.793,
              "Actual Rows": 1,
              "Actual Loops": 4,
              "Plans": [
                {
                  "Node Type": "Bitmap Heap Scan",
                  "Parent Relationship": "Outer",
                  "Parallel Aware": true,
                  "Relation Name": "movie_keyword",
                  "Alias": "mk",
                  "Startup Cost": 5975.72,
                  "Total Cost": 31565.67,
                  "Plan Rows": 90876,
                  "Plan Width": 0,
                  "Actual Startup Time": 36.43,
                  "Actual Total Time": 95.087,
                  "Actual Rows": 71543,
                  "Actual Loops": 4,
                  "Recheck Cond": "(keyword_id > 55829)",
                  "Rows Removed by Index Recheck": 0,
                  "Exact Heap Blocks": 10088,
                  "Lossy Heap Blocks": 0,
                  "Plans": [
                    {
                      "Node Type": "Bitmap Index Scan",
                      "Parent Relationship": "Outer",
                      "Parallel Aware": false,
                      "Index Name": "keyword_id_movie_keyword",
                      "Startup Cost": 0.0,
                      "Total Cost": 5905.29,
                      "Plan Rows": 281715,
                      "Plan Width": 0,
                      "Actual Startup Time": 37.39,
                      "Actual Total Time": 37.39,
                      "Actual Rows": 286172,
                      "Actual Loops": 1,
                      "Index Cond": "(keyword_id > 55829)"
                    }
                  ]
                }
              ]
            }
          ]
        }
      ]
    },
    "Planning Time": 0.194,
    "Triggers": [],
    "Execution Time": 110.845
  }
]