[
  {
    "Plan": {
      "Node Type": "Aggregate",
      "Strategy": "Plain",
      "Partial Mode": "Finalize",
      "Parallel Aware": false,
      "Startup Cost": 45777.32,
      "Total Cost": 45777.33,
      "Plan Rows": 1,
      "Plan Width": 8,
      "Actual Startup Time": 156.601,
      "Actual Total Time": 166.083,
      "Actual Rows": 1,
      "Actual Loops": 1,
      "Plans": [
        {
          "Node Type": "Gather",
          "Parent Relationship": "Outer",
          "Parallel Aware": false,
          "Startup Cost": 45777.0,
          "Total Cost": 45777.31,
          "Plan Rows": 3,
          "Plan Width": 8,
          "Actual Startup Time": 156.503,
          "Actual Total Time": 166.074,
          "Actual Rows": 4,
          "Actual Loops": 1,
          "Workers Planned": 3,
          "Workers Launched": 3,
          "Single Copy": false,
          "Plans": [
            {
              "Node Type": "Aggregate",
              "Strategy": "Plain",
              "Partial Mode": "Partial",
              "Parent Relationship": "Outer",
              "Parallel Aware": false,
              "Startup Cost": 44777.0,
              "Total Cost": 44777.01,
              "Plan Rows": 1,
              "Plan Width": 8,
              "Actual Startup Time": 148.984,
              "Actual Total Time": 148.985,
              "Actual Rows": 1,
              "Actual Loops": 4,
              "Plans": [
                {
                  "Node Type": "Seq Scan",
                  "Parent Relationship": "Outer",
                  "Parallel Aware": true,
                  "Relation Name": "movie_keyword",
                  "Alias": "mk",
                  "Startup Cost": 0.0,
                  "Total Cost": 42695.65,
                  "Plan Rows": 832540,
                  "Plan Width": 0,
                  "Actual Startup Time": 0.068,
                  "Actual Total Time": 119.381,
                  "Actual Rows": 645280,
                  "Actual Loops": 4,
                  "Filter": "(keyword_id < 6741)",
                  "Rows Removed by Filter": 485702
                }
              ]
            }
          ]
        }
      ]
    },
    "Planning Time": 0.23,
    "Triggers": [],
    "Execution Time": 166.14
  }
]