[
  {
    "Plan": {
      "Node Type": "Aggregate",
      "Strategy": "Plain",
      "Partial Mode": "Finalize",
      "Parallel Aware": false,
      "Startup Cost": 31565.56,
      "Total Cost": 31565.57,
      "Plan Rows": 1,
      "Plan Width": 8,
      "Actual Startup Time": 111.741,
      "Actual Total Time": 120.979,
      "Actual Rows": 1,
      "Actual Loops": 1,
      "Plans": [
        {
          "Node Type": "Gather",
          "Parent Relationship": "Outer",
          "Parallel Aware": false,
          "Startup Cost": 31565.24,
          "Total Cost": 31565.55,
          "Plan Rows": 3,
          "Plan Width": 8,
          "Actual Startup Time": 111.641,
          "Actual Total Time": 120.966,
          "Actual Rows": 4,
          "Actual Loops": 1,
          "Workers Planned": 3,
          "Workers Launched": 3,
          "Single Copy": false,
          "Plans": [
            {
              "Node Type": "Aggregate",
              "Strategy": "Plain",
              "Partial Mode": "Partial",
              "Parent Relationship": "Outer",
              "Parallel Aware": false,
              "Startup Cost": 30565.24,
              "Total Cost": 30565.25,
              "Plan Rows": 1,
              "Plan Width": 8,
              "Actual Startup Time": 103.133,
              "Actual Total Time": 103.135,
              "Actual Rows": 1,
              "Actual Loops": 4,
              "Plans": [
                {
                  "Node Type": "Seq Scan",
                  "Parent Relationship": "Outer",
                  "Parallel Aware": true,
                  "Relation Name": "movie_companies",
                  "Alias": "mc",
                  "Startup Cost": 0.0,
                  "Total Cost": 29310.68,
                  "Plan Rows": 501823,
                  "Plan Width": 0,
                  "Actual Startup Time": 0.066,
                  "Actual Total Time": 82.416,
                  "Actual Rows": 390648,
                  "Actual Loops": 4,
                  "Filter": "(company_id < 15059)",
                  "Rows Removed by Filter": 261634
                }
              ]
            }
          ]
        }
      ]
    },
    "Planning Time": 0.087,
    "Triggers": [],
    "Execution Time": 121.008
  }
]