[
  {
    "Plan": {
      "Node Type": "Aggregate",
      "Strategy": "Plain",
      "Partial Mode": "Finalize",
      "Parallel Aware": false,
      "Startup Cost": 31579.26,
      "Total Cost": 31579.27,
      "Plan Rows": 1,
      "Plan Width": 8,
      "Actual Startup Time": 120.281,
      "Actual Total Time": 126.645,
      "Actual Rows": 1,
      "Actual Loops": 1,
      "Plans": [
        {
          "Node Type": "Gather",
          "Parent Relationship": "Outer",
          "Parallel Aware": false,
          "Startup Cost": 31578.94,
          "Total Cost": 31579.25,
          "Plan Rows": 3,
          "Plan Width": 8,
          "Actual Startup Time": 120.17,
          "Actual Total Time": 126.635,
          "Actual Rows": 4,
          "Actual Loops": 1,
          "Workers Planned": 3,
          "Workers Launched": 3,
          "Single Copy": false,
          "Plans": [
            {
              "Node Type": "Aggregate",
              "Strategy": "Plain",
              "Partial Mode": "Partial",
              "Parent Relationship": "Outer",
              "Parallel Aware": false,
              "Startup Cost": 30578.94,
              "Total Cost": 30578.95,
              "Plan Rows": 1,
              "Plan Width": 8,
              "Actual Startup Time": 111.535,
              "Actual Total Time": 111.536,
              "Actual Rows": 1,
              "Actual Loops": 4,
              "Plans": [
                {
                  "Node Type": "Seq Scan",
                  "Parent Relationship": "Outer",
                  "Parallel Aware": true,
                  "Relation Name": "movie_companies",
                  "Alias": "mc",
                  "Startup Cost": 0.0,
                  "Total Cost": 29310.68,
                  "Plan Rows": 507305,
                  "Plan Width": 0,
                  "Actual Startup Time": 0.047,
                  "Actual Total Time": 87.282,
                  "Actual Rows": 390648,
                  "Actual Loops": 4,
                  "Filter": "(company_id < 15059)",
                  "Rows Removed by Filter": 261634
                }
              ]
            }
          ]
        }
      ]
    },
    "Planning Time": 0.179,
    "Triggers": [],
    "Execution Time": 126.702
  }
]