[
  {
    "Plan": {
      "Node Type": "Aggregate",
      "Strategy": "Plain",
      "Partial Mode": "Finalize",
      "Parallel Aware": false,
      "Startup Cost": 64354.98,
      "Total Cost": 64354.99,
      "Plan Rows": 1,
      "Plan Width": 8,
      "Actual Startup Time": 302.271,
      "Actual Total Time": 314.503,
      "Actual Rows": 1,
      "Actual Loops": 1,
      "Plans": [
        {
          "Node Type": "Gather",
          "Parent Relationship": "Outer",
          "Parallel Aware": false,
          "Startup Cost": 64354.77,
          "Total Cost": 64354.98,
          "Plan Rows": 2,
          "Plan Width": 8,
          "Actual Startup Time": 299.047,
          "Actual Total Time": 314.494,
          "Actual Rows": 3,
          "Actual Loops": 1,
          "Workers Planned": 2,
          "Workers Launched": 2,
          "Single Copy": false,
          "Plans": [
            {
              "Node Type": "Aggregate",
              "Strategy": "Plain",
              "Partial Mode": "Partial",
              "Parent Relationship": "Outer",
              "Parallel Aware": false,
              "Startup Cost": 63354.77,
              "Total Cost": 63354.78,
              "Plan Rows": 1,
              "Plan Width": 8,
              "Actual Startup Time": 291.831,
              "Actual Total Time": 291.835,
              "Actual Rows": 1,
              "Actual Loops": 3,
              "Plans": [
                {
                  "Node Type": "Hash Join",
                  "Parent Relationship": "Outer",
                  "Parallel Aware": true,
                  "Join Type": "Inner",
                  "Startup Cost": 47607.27,
                  "Total Cost": 63227.21,
                  "Plan Rows": 51024,
                  "Plan Width": 0,
                  "Actual Startup Time": 209.866,
                  "Actual Total Time": 291.036,
                  "Actual Rows": 19316,
                  "Actual Loops": 3,
                  "Inner Unique": true,
                  "Hash Cond": "(mi_idx.movie_id = t.id)",
                  "Plans": [
                    {
                      "Node Type": "Seq Scan",
                      "Parent Relationship": "Outer",
                      "Parallel Aware": true,
                      "Relation Name": "movie_info_idx",
                      "Alias": "mi_idx",
                      "Startup Cost": 0.0,
                      "Total Cost": 15122.68,
                      "Plan Rows": 189429,
                      "Plan Width": 4,
                      "Actual Startup Time": 0.026,
                      "Actual Total Time": 36.501,
                      "Actual Rows": 153308,
                      "Actual Loops": 3,
                      "Filter": "(info_type_id < 100)",
                      "Rows Removed by Filter": 306703
                    },
                    {
                      "Node Type": "Hash",
                      "Parent Relationship": "Inner",
                      "Parallel Aware": true,
                      "Startup Cost": 45479.1,
                      "Total Cost": 45479.1,
                      "Plan Rows": 170254,
                      "Plan Width": 4,
                      "Actual Startup Time": 203.369,
                      "Actual Total Time": 203.37,
                      "Actual Rows": 246560,
                      "Actual Loops": 3,
                      "Hash Buckets": 1048576,
                      "Original Hash Buckets": 1048576,
                      "Hash Batches": 1,
                      "Original Hash Batches": 1,
                      "Peak Memory Usage": 37184,
                      "Plans": [
                        {
                          "Node Type": "Seq Scan",
                          "Parent Relationship": "Outer",
                          "Parallel Aware": true,
                          "Relation Name": "title",
                          "Alias": "t",
                          "Startup Cost": 0.0,
                          "Total Cost": 45479.1,
                          "Plan Rows": 170254,
                          "Plan Width": 4,
                          "Actual Startup Time": 0.039,
                          "Actual Total Time": 122.868,
                          "Actual Rows": 246560,
                          "Actual Loops": 3,
                          "Filter": "((production_year > 2004) AND (kind_id = 7))",
                          "Rows Removed by Filter": 596211
                        }
                      ]
                    }
                  ]
                }
              ]
            }
          ]
        }
      ]
    },
    "Planning Time": 0.66,
    "Triggers": [],
    "Execution Time": 314.572
  }
]