[
  {
    "Plan": {
      "Node Type": "Aggregate",
      "Strategy": "Plain",
      "Partial Mode": "Finalize",
      "Parallel Aware": false,
      "Startup Cost": 99231.12,
      "Total Cost": 99231.13,
      "Plan Rows": 1,
      "Plan Width": 8,
      "Actual Startup Time": 606.731,
      "Actual Total Time": 622.811,
      "Actual Rows": 1,
      "Actual Loops": 1,
      "Plans": [
        {
          "Node Type": "Gather",
          "Parent Relationship": "Outer",
          "Parallel Aware": false,
          "Startup Cost": 99230.91,
          "Total Cost": 99231.12,
          "Plan Rows": 2,
          "Plan Width": 8,
          "Actual Startup Time": 601.667,
          "Actual Total Time": 622.802,
          "Actual Rows": 3,
          "Actual Loops": 1,
          "Workers Planned": 2,
          "Workers Launched": 2,
          "Single Copy": false,
          "Plans": [
            {
              "Node Type": "Aggregate",
              "Strategy": "Plain",
              "Partial Mode": "Partial",
              "Parent Relationship": "Outer",
              "Parallel Aware": false,
              "Startup Cost": 98230.91,
              "Total Cost": 98230.92,
              "Plan Rows": 1,
              "Plan Width": 8,
              "Actual Startup Time": 595.505,
              "Actual Total Time": 596.106,
              "Actual Rows": 1,
              "Actual Loops": 3,
              "Plans": [
                {
                  "Node Type": "Hash Join",
                  "Parent Relationship": "Outer",
                  "Parallel Aware": true,
                  "Join Type": "Inner",
                  "Startup Cost": 81945.21,
                  "Total Cost": 98036.94,
                  "Plan Rows": 77587,
                  "Plan Width": 0,
                  "Actual Startup Time": 442.768,
                  "Actual Total Time": 572.777,
                  "Actual Rows": 589797,
                  "Actual Loops": 3,
                  "Inner Unique": false,
                  "Hash Cond": "(mi_idx.movie_id = t.id)",
                  "Plans": [
                    {
                      "Node Type": "Seq Scan",
                      "Parent Relationship": "Outer",
                      "Parallel Aware": true,
                      "Relation Name": "movie_info_idx",
                      "Alias": "mi_idx",
                      "Startup Cost": 0.0,
                      "Total Cost": 13685.15,
                      "Plan Rows": 575015,
                      "Plan Width": 4,
                      "Actual Startup Time": 0.027,
                      "Actual Total Time": 32.834,
                      "Actual Rows": 460012,
                      "Actual Loops": 3
                    },
                    {
                      "Node Type": "Hash",
                      "Parent Relationship": "Inner",
                      "Parallel Aware": true,
                      "Startup Cost": 80569.63,
                      "Total Cost": 80569.63,
                      "Plan Rows": 110046,
                      "Plan Width": 8,
                      "Actual Startup Time": 438.686,
                      "Actual Total Time": 439.285,
                      "Actual Rows": 272636,
                      "Actual Loops": 3,
                      "Hash Buckets": 1048576,
                      "Original Hash Buckets": 524288,
                      "Hash Batches": 1,
                      "Original Hash Batches": 1,
                      "Peak Memory Usage": 44320,
                      "Plans": [
                        {
                          "Node Type": "Hash Join",
                          "Parent Relationship": "Outer",
                          "Parallel Aware": true,
                          "Join Type": "Inner",
                          "Startup Cost": 48363.56,
                          "Total Cost": 80569.63,
                          "Plan Rows": 110046,
                          "Plan Width": 8,
                          "Actual Startup Time": 196.017,
                          "Actual Total Time": 373.789,
                          "Actual Rows": 272636,
                          "Actual Loops": 3,
                          "Inner Unique": true,
                          "Hash Cond": "(mc.movie_id = t.id)",
                          "Plans": [
                            {
                              "Node Type": "Seq Scan",
                              "Parent Relationship": "Outer",
                              "Parallel Aware": true,
                              "Relation Name": "movie_companies",
                              "Alias": "mc",
                              "Startup Cost": 0.0,
                              "Total Cost": 31414.82,
                              "Plan Rows": 301430,
                              "Plan Width": 4,
                              "Actual Startup Time": 0.019,
                              "Actual Total Time": 84.339,
                              "Actual Rows": 410783,
                              "Actual Loops": 3,
                              "Filter": "((company_id < 41400) AND (company_type_id < 2))",
                              "Rows Removed by Filter": 458926
                            },
                            {
                              "Node Type": "Hash",
                              "Parent Relationship": "Inner",
                              "Parallel Aware": true,
                              "Startup Cost": 45479.1,
                              "Total Cost": 45479.1,
                              "Plan Rows": 230757,
                              "Plan Width": 4,
                              "Actual Startup Time": 192.026,
                              "Actual Total Time": 192.026,
                              "Actual Rows": 291267,
                              "Actual Loops": 3,
                              "Hash Buckets": 1048576,
                              "Original Hash Buckets": 1048576,
                              "Hash Batches": 1,
                              "Original Hash Batches": 1,
                              "Peak Memory Usage": 42400,
                              "Plans": [
                                {
                                  "Node Type": "Seq Scan",
                                  "Parent Relationship": "Outer",
                                  "Parallel Aware": true,
                                  "Relation Name": "title",
                                  "Alias": "t",
                                  "Startup Cost": 0.0,
                                  "Total Cost": 45479.1,
                                  "Plan Rows": 230757,
                                  "Plan Width": 4,
                                  "Actual Startup Time": 0.04,
                                  "Actual Total Time": 115.913,
                                  "Actual Rows": 291267,
                                  "Actual Loops": 3,
                                  "Filter": "((kind_id < 7) AND (production_year > 1925))",
                                  "Rows Removed by Filter": 551504
                                }
                              ]
                            }
                          ]
                        }
                      ]
                    }
                  ]
                }
              ]
            }
          ]
        }
      ]
    },
    "Planning Time": 1.457,
    "Triggers": [],
    "Execution Time": 622.893
  }
]