{
  "Plan": {
    "Node Type": "Aggregate",
    "Strategy": "Plain",
    "Partial Mode": "Finalize",
    "Parallel Aware": false,
    "Startup Cost": 442442.27,
    "Total Cost": 442442.28,
    "Plan Rows": 1,
    "Plan Width": 64,
    "Actual Startup Time": 2280.86,
    "Actual Total Time": 2359.955,
    "Actual Rows": 1,
    "Actual Loops": 1,
    "Plans": [
      {
        "Node Type": "Gather",
        "Parent Relationship": "Outer",
        "Parallel Aware": false,
        "Startup Cost": 442442.16,
        "Total Cost": 442442.27,
        "Plan Rows": 1,
        "Plan Width": 64,
        "Actual Startup Time": 2125.416,
        "Actual Total Time": 2359.934,
        "Actual Rows": 2,
        "Actual Loops": 1,
        "Workers Planned": 1,
        "Workers Launched": 1,
        "Single Copy": false,
        "Plans": [
          {
            "Node Type": "Aggregate",
            "Strategy": "Plain",
            "Partial Mode": "Partial",
            "Parent Relationship": "Outer",
            "Parallel Aware": false,
            "Startup Cost": 441442.16,
            "Total Cost": 441442.17,
            "Plan Rows": 1,
            "Plan Width": 64,
            "Actual Startup Time": 2190.802,
            "Actual Total Time": 2190.824,
            "Actual Rows": 1,
            "Actual Loops": 2,
            "Plans": [
              {
                "Node Type": "Merge Join",
                "Parent Relationship": "Outer",
                "Parallel Aware": false,
                "Join Type": "Inner",
                "Startup Cost": 440991.72,
                "Total Cost": 441329.56,
                "Plan Rows": 22519,
                "Plan Width": 33,
                "Actual Startup Time": 2188.775,
                "Actual Total Time": 2190.138,
                "Actual Rows": 8550,
                "Actual Loops": 2,
                "Inner Unique": true,
                "Merge Cond": "(ci.role_id = rt.id)",
                "Plans": [
                  {
                    "Node Type": "Sort",
                    "Parent Relationship": "Outer",
                    "Parallel Aware": false,
                    "Startup Cost": 440990.39,
                    "Total Cost": 441046.69,
                    "Plan Rows": 22519,
                    "Plan Width": 37,
                    "Actual Startup Time": 2188.738,
                    "Actual Total Time": 2189.115,
                    "Actual Rows": 8550,
                    "Actual Loops": 2,
                    "Sort Key": [
                      "ci.role_id"
                    ],
                    "Sort Method": "quicksort",
                    "Sort Space Used": 776,
                    "Sort Space Type": "Memory",
                    "Workers": [
                      {
                        "Worker Number": 0,
                        "Sort Method": "quicksort",
                        "Sort Space Used": 1416,
                        "Sort Space Type": "Memory"
                      }
                    ],
                    "Plans": [
                      {
                        "Node Type": "Nested Loop",
                        "Parent Relationship": "Outer",
                        "Parallel Aware": false,
                        "Join Type": "Inner",
                        "Startup Cost": 373740.15,
                        "Total Cost": 439362.39,
                        "Plan Rows": 22519,
                        "Plan Width": 37,
                        "Actual Startup Time": 1305.076,
                        "Actual Total Time": 2185.033,
                        "Actual Rows": 8550,
                        "Actual Loops": 2,
                        "Inner Unique": true,
                        "Plans": [
                          {
                            "Node Type": "Nested Loop",
                            "Parent Relationship": "Outer",
                            "Parallel Aware": false,
                            "Join Type": "Inner",
                            "Startup Cost": 373739.72,
                            "Total Cost": 427687.32,
                            "Plan Rows": 22519,
                            "Plan Width": 25,
                            "Actual Startup Time": 1304.83,
                            "Actual Total Time": 2135.754,
                            "Actual Rows": 36400,
                            "Actual Loops": 2,
                            "Inner Unique": false,
                            "Join Filter": "(t.id = ci.movie_id)",
                            "Rows Removed by Join Filter": 0,
                            "Plans": [
                              {
                                "Node Type": "Hash Join",
                                "Parent Relationship": "Outer",
                                "Parallel Aware": true,
                                "Join Type": "Inner",
                                "Startup Cost": 373739.16,
                                "Total Cost": 388115.4,
                                "Plan Rows": 21169,
                                "Plan Width": 25,
                                "Actual Startup Time": 1304.544,
                                "Actual Total Time": 1647.197,
                                "Actual Rows": 15212,
                                "Actual Loops": 2,
                                "Inner Unique": true,
                                "Hash Cond": "(mc.company_id = cn.id)",
                                "Plans": [
                                  {
                                    "Node Type": "Merge Join",
                                    "Parent Relationship": "Outer",
                                    "Parallel Aware": false,
                                    "Join Type": "Inner",
                                    "Startup Cost": 368902.43,
                                    "Total Cost": 382434.99,
                                    "Plan Rows": 321400,
                                    "Plan Width": 29,
                                    "Actual Startup Time": 1279.106,
                                    "Actual Total Time": 1590.399,
                                    "Actual Rows": 204626,
                                    "Actual Loops": 2,
                                    "Inner Unique": true,
                                    "Merge Cond": "(mc.movie_id = t.id)",
                                    "Plans": [
                                      {
                                        "Node Type": "Sort",
                                        "Parent Relationship": "Outer",
                                        "Parallel Aware": false,
                                        "Startup Cost": 250968.57,
                                        "Total Cost": 254805.52,
                                        "Plan Rows": 1534782,
                                        "Plan Width": 8,
                                        "Actual Startup Time": 797.833,
                                        "Actual Total Time": 859.821,
                                        "Actual Rows": 1304564,
                                        "Actual Loops": 2,
                                        "Sort Key": [
                                          "mc.movie_id"
                                        ],
                                        "Sort Method": "quicksort",
                                        "Sort Space Used": 101974,
                                        "Sort Space Type": "Memory",
                                        "Workers": [
                                          {
                                            "Worker Number": 0,
                                            "Sort Method": "quicksort",
                                            "Sort Space Used": 118633,
                                            "Sort Space Type": "Memory"
                                          }
                                        ],
                                        "Plans": [
                                          {
                                            "Node Type": "Merge Join",
                                            "Parent Relationship": "Outer",
                                            "Parallel Aware": false,
                                            "Join Type": "Inner",
                                            "Startup Cost": 1.51,
                                            "Total Cost": 93272.77,
                                            "Plan Rows": 1534782,
                                            "Plan Width": 8,
                                            "Actual Startup Time": 0.206,
                                            "Actual Total Time": 479.504,
                                            "Actual Rows": 1304564,
                                            "Actual Loops": 2,
                                            "Inner Unique": true,
                                            "Merge Cond": "(mc.company_type_id = ct.id)",
                                            "Plans": [
                                              {
                                                "Node Type": "Index Scan",
                                                "Parent Relationship": "Outer",
                                                "Parallel Aware": true,
                                                "Scan Direction": "Forward",
                                                "Index Name": "company_type_id_movie_companies",
                                                "Relation Name": "movie_companies",
                                                "Alias": "mc",
                                                "Startup Cost": 0.43,
                                                "Total Cost": 74086.89,
                                                "Plan Rows": 1534782,
                                                "Plan Width": 12,
                                                "Actual Startup Time": 0.151,
                                                "Actual Total Time": 277.861,
                                                "Actual Rows": 1304564,
                                                "Actual Loops": 2
                                              },
                                              {
                                                "Node Type": "Sort",
                                                "Parent Relationship": "Inner",
                                                "Parallel Aware": false,
                                                "Startup Cost": 1.08,
                                                "Total Cost": 1.09,
                                                "Plan Rows": 4,
                                                "Plan Width": 4,
                                                "Actual Startup Time": 0.049,
                                                "Actual Total Time": 0.052,
                                                "Actual Rows": 2,
                                                "Actual Loops": 2,
                                                "Sort Key": [
                                                  "ct.id"
                                                ],
                                                "Sort Method": "quicksort",
                                                "Sort Space Used": 25,
                                                "Sort Space Type": "Memory",
                                                "Workers": [
                                                  {
                                                    "Worker Number": 0,
                                                    "Sort Method": "quicksort",
                                                    "Sort Space Used": 25,
                                                    "Sort Space Type": "Memory"
                                                  }
                                                ],
                                                "Plans": [
                                                  {
                                                    "Node Type": "Seq Scan",
                                                    "Parent Relationship": "Outer",
                                                    "Parallel Aware": false,
                                                    "Relation Name": "company_type",
                                                    "Alias": "ct",
                                                    "Startup Cost": 0.0,
                                                    "Total Cost": 1.04,
                                                    "Plan Rows": 4,
                                                    "Plan Width": 4,
                                                    "Actual Startup Time": 0.032,
                                                    "Actual Total Time": 0.034,
                                                    "Actual Rows": 4,
                                                    "Actual Loops": 2
                                                  }
                                                ]
                                              }
                                            ]
                                          }
                                        ]
                                      },
                                      {
                                        "Node Type": "Sort",
                                        "Parent Relationship": "Inner",
                                        "Parallel Aware": false,
                                        "Startup Cost": 117933.79,
                                        "Total Cost": 119257.37,
                                        "Plan Rows": 529432,
                                        "Plan Width": 21,
                                        "Actual Startup Time": 481.215,
                                        "Actual Total Time": 563.553,
                                        "Actual Rows": 533173,
                                        "Actual Loops": 2,
                                        "Sort Key": [
                                          "t.id"
                                        ],
                                        "Sort Method": "quicksort",
                                        "Sort Space Used": 61906,
                                        "Sort Space Type": "Memory",
                                        "Workers": [
                                          {
                                            "Worker Number": 0,
                                            "Sort Method": "quicksort",
                                            "Sort Space Used": 61906,
                                            "Sort Space Type": "Memory"
                                          }
                                        ],
                                        "Plans": [
                                          {
                                            "Node Type": "Seq Scan",
                                            "Parent Relationship": "Outer",
                                            "Parallel Aware": false,
                                            "Relation Name": "title",
                                            "Alias": "t",
                                            "Startup Cost": 0.0,
                                            "Total Cost": 67600.46,
                                            "Plan Rows": 529432,
                                            "Plan Width": 21,
                                            "Actual Startup Time": 0.037,
                                            "Actual Total Time": 289.702,
                                            "Actual Rows": 533369,
                                            "Actual Loops": 2,
                                            "Filter": "(production_year > 2009)",
                                            "Rows Removed by Filter": 1994943
                                          }
                                        ]
                                      }
                                    ]
                                  },
                                  {
                                    "Node Type": "Hash",
                                    "Parent Relationship": "Inner",
                                    "Parallel Aware": true,
                                    "Startup Cost": 4722.92,
                                    "Total Cost": 4722.92,
                                    "Plan Rows": 9105,
                                    "Plan Width": 4,
                                    "Actual Startup Time": 24.8,
                                    "Actual Total Time": 24.801,
                                    "Actual Rows": 8022,
                                    "Actual Loops": 2,
                                    "Hash Buckets": 16384,
                                    "Original Hash Buckets": 16384,
                                    "Hash Batches": 1,
                                    "Original Hash Batches": 1,
                                    "Peak Memory Usage": 800,
                                    "Plans": [
                                      {
                                        "Node Type": "Seq Scan",
                                        "Parent Relationship": "Outer",
                                        "Parallel Aware": true,
                                        "Relation Name": "company_name",
                                        "Alias": "cn",
                                        "Startup Cost": 0.0,
                                        "Total Cost": 4722.92,
                                        "Plan Rows": 9105,
                                        "Plan Width": 4,
                                        "Actual Startup Time": 0.041,
                                        "Actual Total Time": 21.964,
                                        "Actual Rows": 8022,
                                        "Actual Loops": 2,
                                        "Filter": "((country_code)::text = '[gb]'::text)",
                                        "Rows Removed by Filter": 109476
                                      }
                                    ]
                                  }
                                ]
                              },
                              {
                                "Node Type": "Index Scan",
                                "Parent Relationship": "Inner",
                                "Parallel Aware": false,
                                "Scan Direction": "Forward",
                                "Index Name": "movie_id_cast_info",
                                "Relation Name": "cast_info",
                                "Alias": "ci",
                                "Startup Cost": 0.56,
                                "Total Cost": 1.83,
                                "Plan Rows": 3,
                                "Plan Width": 12,
                                "Actual Startup Time": 0.017,
                                "Actual Total Time": 0.032,
                                "Actual Rows": 2,
                                "Actual Loops": 30423,
                                "Index Cond": "(movie_id = mc.movie_id)",
                                "Rows Removed by Index Recheck": 0,
                                "Filter": "(note ~~ '%(as%'::text)",
                                "Rows Removed by Filter": 27
                              }
                            ]
                          },
                          {
                            "Node Type": "Index Scan",
                            "Parent Relationship": "Inner",
                            "Parallel Aware": false,
                            "Scan Direction": "Forward",
                            "Index Name": "char_name_pkey",
                            "Relation Name": "char_name",
                            "Alias": "chn",
                            "Startup Cost": 0.43,
                            "Total Cost": 0.52,
                            "Plan Rows": 1,
                            "Plan Width": 20,
                            "Actual Startup Time": 0.001,
                            "Actual Total Time": 0.001,
                            "Actual Rows": 0,
                            "Actual Loops": 72799,
                            "Index Cond": "(id = ci.person_role_id)",
                            "Rows Removed by Index Recheck": 0
                          }
                        ]
                      }
                    ]
                  },
                  {
                    "Node Type": "Sort",
                    "Parent Relationship": "Inner",
                    "Parallel Aware": false,
                    "Startup Cost": 1.34,
                    "Total Cost": 1.37,
                    "Plan Rows": 12,
                    "Plan Width": 4,
                    "Actual Startup Time": 0.033,
                    "Actual Total Time": 0.034,
                    "Actual Rows": 2,
                    "Actual Loops": 2,
                    "Sort Key": [
                      "rt.id"
                    ],
                    "Sort Method": "quicksort",
                    "Sort Space Used": 25,
                    "Sort Space Type": "Memory",
                    "Workers": [
                      {
                        "Worker Number": 0,
                        "Sort Method": "quicksort",
                        "Sort Space Used": 25,
                        "Sort Space Type": "Memory"
                      }
                    ],
                    "Plans": [
                      {
                        "Node Type": "Seq Scan",
                        "Parent Relationship": "Outer",
                        "Parallel Aware": false,
                        "Relation Name": "role_type",
                        "Alias": "rt",
                        "Startup Cost": 0.0,
                        "Total Cost": 1.12,
                        "Plan Rows": 12,
                        "Plan Width": 4,
                        "Actual Startup Time": 0.023,
                        "Actual Total Time": 0.024,
                        "Actual Rows": 12,
                        "Actual Loops": 2
                      }
                    ]
                  }
                ]
              }
            ]
          }
        ]
      }
    ]
  },
  "Planning Time": 1.305,
  "Triggers": [],
  "Execution Time": 2360.125
}