[
    {
        "Bao": {
            "Bao prediction": 482.839,
            "Bao recommended hint": "(no hint)"
        }
    },
    {
        "Plan": {
            "Node Type": "Aggregate",
            "Strategy": "Plain",
            "Partial Mode": "Finalize",
            "Parallel Aware": false,
            "Startup Cost": 323948.65,
            "Total Cost": 323948.66,
            "Plan Rows": 1,
            "Plan Width": 8,
            "Actual Startup Time": 345.71,
            "Actual Total Time": 396.452,
            "Actual Rows": 1,
            "Actual Loops": 1,
            "Output": [
                "count(*)"
            ],
            "Plans": [
                {
                    "Node Type": "Gather",
                    "Parent Relationship": "Outer",
                    "Parallel Aware": false,
                    "Startup Cost": 323948.23,
                    "Total Cost": 323948.64,
                    "Plan Rows": 4,
                    "Plan Width": 8,
                    "Actual Startup Time": 345.492,
                    "Actual Total Time": 396.436,
                    "Actual Rows": 5,
                    "Actual Loops": 1,
                    "Output": [
                        "(PARTIAL count(*))"
                    ],
                    "Workers Planned": 4,
                    "Workers Launched": 4,
                    "Single Copy": false,
                    "Plans": [
                        {
                            "Node Type": "Aggregate",
                            "Strategy": "Plain",
                            "Partial Mode": "Partial",
                            "Parent Relationship": "Outer",
                            "Parallel Aware": false,
                            "Startup Cost": 322948.23,
                            "Total Cost": 322948.24,
                            "Plan Rows": 1,
                            "Plan Width": 8,
                            "Actual Startup Time": 336.439,
                            "Actual Total Time": 336.441,
                            "Actual Rows": 1,
                            "Actual Loops": 5,
                            "Output": [
                                "PARTIAL count(*)"
                            ],
                            "Workers": [
                                {
                                    "Worker Number": 0,
                                    "Actual Startup Time": 332.154,
                                    "Actual Total Time": 332.156,
                                    "Actual Rows": 1,
                                    "Actual Loops": 1
                                },
                                {
                                    "Worker Number": 1,
                                    "Actual Startup Time": 332.163,
                                    "Actual Total Time": 332.165,
                                    "Actual Rows": 1,
                                    "Actual Loops": 1
                                },
                                {
                                    "Worker Number": 2,
                                    "Actual Startup Time": 333.661,
                                    "Actual Total Time": 333.663,
                                    "Actual Rows": 1,
                                    "Actual Loops": 1
                                },
                                {
                                    "Worker Number": 3,
                                    "Actual Startup Time": 339.545,
                                    "Actual Total Time": 339.547,
                                    "Actual Rows": 1,
                                    "Actual Loops": 1
                                }
                            ],
                            "Plans": [
                                {
                                    "Node Type": "Nested Loop",
                                    "Parent Relationship": "Outer",
                                    "Parallel Aware": false,
                                    "Join Type": "Inner",
                                    "Startup Cost": 0.56,
                                    "Total Cost": 322875.07,
                                    "Plan Rows": 29265,
                                    "Plan Width": 0,
                                    "Actual Startup Time": 0.68,
                                    "Actual Total Time": 334.017,
                                    "Actual Rows": 22189,
                                    "Actual Loops": 5,
                                    "Inner Unique": false,
                                    "Workers": [
                                        {
                                            "Worker Number": 0,
                                            "Actual Startup Time": 1.01,
                                            "Actual Total Time": 329.799,
                                            "Actual Rows": 16668,
                                            "Actual Loops": 1
                                        },
                                        {
                                            "Worker Number": 1,
                                            "Actual Startup Time": 0.562,
                                            "Actual Total Time": 329.797,
                                            "Actual Rows": 16740,
                                            "Actual Loops": 1
                                        },
                                        {
                                            "Worker Number": 2,
                                            "Actual Startup Time": 1.123,
                                            "Actual Total Time": 331.448,
                                            "Actual Rows": 15565,
                                            "Actual Loops": 1
                                        },
                                        {
                                            "Worker Number": 3,
                                            "Actual Startup Time": 0.547,
                                            "Actual Total Time": 337.765,
                                            "Actual Rows": 21365,
                                            "Actual Loops": 1
                                        }
                                    ],
                                    "Plans": [
                                        {
                                            "Node Type": "Seq Scan",
                                            "Parent Relationship": "Outer",
                                            "Parallel Aware": true,
                                            "Relation Name": "title",
                                            "Schema": "public",
                                            "Alias": "t",
                                            "Startup Cost": 0.0,
                                            "Total Cost": 43899.01,
                                            "Plan Rows": 5057,
                                            "Plan Width": 4,
                                            "Actual Startup Time": 0.186,
                                            "Actual Total Time": 84.406,
                                            "Actual Rows": 3972,
                                            "Actual Loops": 5,
                                            "Output": [
                                                "t.id",
                                                "t.title",
                                                "t.imdb_index",
                                                "t.kind_id",
                                                "t.production_year",
                                                "t.imdb_id",
                                                "t.phonetic_code",
                                                "t.episode_of_id",
                                                "t.season_nr",
                                                "t.episode_nr",
                                                "t.series_years",
                                                "t.md5sum"
                                            ],
                                            "Filter": "(t.production_year = 1988)",
                                            "Rows Removed by Filter": 501690,
                                            "Workers": [
                                                {
                                                    "Worker Number": 0,
                                                    "Actual Startup Time": 0.156,
                                                    "Actual Total Time": 74.741,
                                                    "Actual Rows": 3018,
                                                    "Actual Loops": 1
                                                },
                                                {
                                                    "Worker Number": 1,
                                                    "Actual Startup Time": 0.137,
                                                    "Actual Total Time": 73.855,
                                                    "Actual Rows": 2989,
                                                    "Actual Loops": 1
                                                },
                                                {
                                                    "Worker Number": 2,
                                                    "Actual Startup Time": 0.53,
                                                    "Actual Total Time": 74.206,
                                                    "Actual Rows": 2774,
                                                    "Actual Loops": 1
                                                },
                                                {
                                                    "Worker Number": 3,
                                                    "Actual Startup Time": 0.019,
                                                    "Actual Total Time": 74.912,
                                                    "Actual Rows": 3879,
                                                    "Actual Loops": 1
                                                }
                                            ]
                                        },
                                        {
                                            "Node Type": "Index Scan",
                                            "Parent Relationship": "Inner",
                                            "Parallel Aware": false,
                                            "Scan Direction": "Forward",
                                            "Index Name": "movie_id_cast_info",
                                            "Relation Name": "cast_info",
                                            "Schema": "public",
                                            "Alias": "ci",
                                            "Startup Cost": 0.56,
                                            "Total Cost": 55.01,
                                            "Plan Rows": 16,
                                            "Plan Width": 4,
                                            "Actual Startup Time": 0.039,
                                            "Actual Total Time": 0.062,
                                            "Actual Rows": 6,
                                            "Actual Loops": 19861,
                                            "Output": [
                                                "ci.id",
                                                "ci.person_id",
                                                "ci.movie_id",
                                                "ci.person_role_id",
                                                "ci.note",
                                                "ci.nr_order",
                                                "ci.role_id"
                                            ],
                                            "Index Cond": "(ci.movie_id = t.id)",
                                            "Rows Removed by Index Recheck": 0,
                                            "Filter": "(ci.person_id > 2181340)",
                                            "Rows Removed by Filter": 10,
                                            "Workers": [
                                                {
                                                    "Worker Number": 0,
                                                    "Actual Startup Time": 0.052,
                                                    "Actual Total Time": 0.083,
                                                    "Actual Rows": 6,
                                                    "Actual Loops": 3018
                                                },
                                                {
                                                    "Worker Number": 1,
                                                    "Actual Startup Time": 0.053,
                                                    "Actual Total Time": 0.084,
                                                    "Actual Rows": 6,
                                                    "Actual Loops": 2989
                                                },
                                                {
                                                    "Worker Number": 2,
                                                    "Actual Startup Time": 0.057,
                                                    "Actual Total Time": 0.091,
                                                    "Actual Rows": 6,
                                                    "Actual Loops": 2774
                                                },
                                                {
                                                    "Worker Number": 3,
                                                    "Actual Startup Time": 0.042,
                                                    "Actual Total Time": 0.067,
                                                    "Actual Rows": 6,
                                                    "Actual Loops": 3879
                                                }
                                            ]
                                        }
                                    ]
                                }
                            ]
                        }
                    ]
                }
            ]
        },
        "Planning Time": 2070.26,
        "Triggers": [],
        "Execution Time": 396.62
    }
]