[
  {
    "Plan": {
      "Node Type": "Aggregate",
      "Strategy": "Plain",
      "Partial Mode": "Finalize",
      "Parallel Aware": false,
      "Startup Cost": 349774.97,
      "Total Cost": 349774.98,
      "Plan Rows": 1,
      "Plan Width": 8,
      "Actual Startup Time": 773.409,
      "Actual Total Time": 819.785,
      "Actual Rows": 1,
      "Actual Loops": 1,
      "Plans": [
        {
          "Node Type": "Gather",
          "Parent Relationship": "Outer",
          "Parallel Aware": false,
          "Startup Cost": 349774.34,
          "Total Cost": 349774.95,
          "Plan Rows": 6,
          "Plan Width": 8,
          "Actual Startup Time": 773.225,
          "Actual Total Time": 819.772,
          "Actual Rows": 7,
          "Actual Loops": 1,
          "Workers Planned": 6,
          "Workers Launched": 6,
          "Single Copy": false,
          "Plans": [
            {
              "Node Type": "Aggregate",
              "Strategy": "Plain",
              "Partial Mode": "Partial",
              "Parent Relationship": "Outer",
              "Parallel Aware": false,
              "Startup Cost": 348774.34,
              "Total Cost": 348774.35,
              "Plan Rows": 1,
              "Plan Width": 8,
              "Actual Startup Time": 765.033,
              "Actual Total Time": 765.034,
              "Actual Rows": 1,
              "Actual Loops": 7,
              "Plans": [
                {
                  "Node Type": "Seq Scan",
                  "Parent Relationship": "Outer",
                  "Parallel Aware": true,
                  "Relation Name": "cast_info",
                  "Alias": "ci",
                  "Startup Cost": 0.0,
                  "Total Cost": 343316.27,
                  "Plan Rows": 2183228,
                  "Plan Width": 0,
                  "Actual Startup Time": 339.559,
                  "Actual Total Time": 665.081,
                  "Actual Rows": 2033179,
                  "Actual Loops": 7,
                  "Filter": "((person_id > 651968) AND (role_id > 2))",
                  "Rows Removed by Filter": 3144584
                }
              ]
            }
          ]
        }
      ]
    },
    "Planning Time": 0.209,
    "Triggers": [],
    "Execution Time": 819.847
  }
]