[
  {
    "Plan": {
      "Node Type": "Aggregate",
      "Strategy": "Plain",
      "Partial Mode": "Finalize",
      "Parallel Aware": false,
      "Startup Cost": 62642.09,
      "Total Cost": 62642.1,
      "Plan Rows": 1,
      "Plan Width": 8,
      "Actual Startup Time": 107.015,
      "Actual Total Time": 122.811,
      "Actual Rows": 1,
      "Actual Loops": 1,
      "Plans": [
        {
          "Node Type": "Gather",
          "Parent Relationship": "Outer",
          "Parallel Aware": false,
          "Startup Cost": 62641.67,
          "Total Cost": 62642.08,
          "Plan Rows": 4,
          "Plan Width": 8,
          "Actual Startup Time": 106.908,
          "Actual Total Time": 122.803,
          "Actual Rows": 5,
          "Actual Loops": 1,
          "Workers Planned": 4,
          "Workers Launched": 4,
          "Single Copy": false,
          "Plans": [
            {
              "Node Type": "Aggregate",
              "Strategy": "Plain",
              "Partial Mode": "Partial",
              "Parent Relationship": "Outer",
              "Parallel Aware": false,
              "Startup Cost": 61641.67,
              "Total Cost": 61641.68,
              "Plan Rows": 1,
              "Plan Width": 8,
              "Actual Startup Time": 97.907,
              "Actual Total Time": 97.909,
              "Actual Rows": 1,
              "Actual Loops": 5,
              "Plans": [
                {
                  "Node Type": "Nested Loop",
                  "Parent Relationship": "Outer",
                  "Parallel Aware": false,
                  "Join Type": "Inner",
                  "Startup Cost": 0.43,
                  "Total Cost": 61633.2,
                  "Plan Rows": 3386,
                  "Plan Width": 0,
                  "Actual Startup Time": 0.589,
                  "Actual Total Time": 97.469,
                  "Actual Rows": 8531,
                  "Actual Loops": 5,
                  "Inner Unique": false,
                  "Plans": [
                    {
                      "Node Type": "Seq Scan",
                      "Parent Relationship": "Outer",
                      "Parallel Aware": true,
                      "Relation Name": "title",
                      "Alias": "t",
                      "Startup Cost": 0.0,
                      "Total Cost": 45479.1,
                      "Plan Rows": 1892,
                      "Plan Width": 4,
                      "Actual Startup Time": 0.313,
                      "Actual Total Time": 79.962,
                      "Actual Rows": 1555,
                      "Actual Loops": 5,
                      "Filter": "((kind_id < 7) AND (production_year = 1985))",
                      "Rows Removed by Filter": 504107
                    },
                    {
                      "Node Type": "Index Only Scan",
                      "Parent Relationship": "Inner",
                      "Parallel Aware": false,
                      "Scan Direction": "Forward",
                      "Index Name": "movie_id_movie_keyword",
                      "Relation Name": "movie_keyword",
                      "Alias": "mk",
                      "Startup Cost": 0.43,
                      "Total Cost": 8.09,
                      "Plan Rows": 45,
                      "Plan Width": 4,
                      "Actual Startup Time": 0.01,
                      "Actual Total Time": 0.01,
                      "Actual Rows": 5,
                      "Actual Loops": 7777,
                      "Index Cond": "(movie_id = t.id)",
                      "Rows Removed by Index Recheck": 0,
                      "Heap Fetches": 42657
                    }
                  ]
                }
              ]
            }
          ]
        }
      ]
    },
    "Planning Time": 0.581,
    "Triggers": [],
    "Execution Time": 122.881
  }
]