[
  {
    "Plan": {
      "Node Type": "Aggregate",
      "Strategy": "Plain",
      "Partial Mode": "Finalize",
      "Parallel Aware": false,
      "Startup Cost": 121910.22,
      "Total Cost": 121910.23,
      "Plan Rows": 1,
      "Plan Width": 8,
      "Actual Startup Time": 486.298,
      "Actual Total Time": 505.732,
      "Actual Rows": 1,
      "Actual Loops": 1,
      "Plans": [
        {
          "Node Type": "Gather",
          "Parent Relationship": "Outer",
          "Parallel Aware": false,
          "Startup Cost": 121909.9,
          "Total Cost": 121910.21,
          "Plan Rows": 3,
          "Plan Width": 8,
          "Actual Startup Time": 478.257,
          "Actual Total Time": 505.722,
          "Actual Rows": 4,
          "Actual Loops": 1,
          "Workers Planned": 3,
          "Workers Launched": 3,
          "Single Copy": false,
          "Plans": [
            {
              "Node Type": "Aggregate",
              "Strategy": "Plain",
              "Partial Mode": "Partial",
              "Parent Relationship": "Outer",
              "Parallel Aware": false,
              "Startup Cost": 120909.9,
              "Total Cost": 120909.91,
              "Plan Rows": 1,
              "Plan Width": 8,
              "Actual Startup Time": 472.201,
              "Actual Total Time": 472.207,
              "Actual Rows": 1,
              "Actual Loops": 4,
              "Plans": [
                {
                  "Node Type": "Hash Join",
                  "Parent Relationship": "Outer",
                  "Parallel Aware": true,
                  "Join Type": "Inner",
                  "Startup Cost": 76487.97,
                  "Total Cost": 120850.96,
                  "Plan Rows": 23575,
                  "Plan Width": 0,
                  "Actual Startup Time": 328.963,
                  "Actual Total Time": 467.943,
                  "Actual Rows": 80034,
                  "Actual Loops": 4,
                  "Inner Unique": false,
                  "Hash Cond": "(mk.movie_id = t.id)",
                  "Plans": [
                    {
                      "Node Type": "Seq Scan",
                      "Parent Relationship": "Outer",
                      "Parallel Aware": true,
                      "Relation Name": "movie_keyword",
                      "Alias": "mk",
                      "Startup Cost": 0.0,
                      "Total Cost": 42695.65,
                      "Plan Rows": 424344,
                      "Plan Width": 4,
                      "Actual Startup Time": 0.984,
                      "Actual Total Time": 108.583,
                      "Actual Rows": 329322,
                      "Actual Loops": 4,
                      "Filter": "(keyword_id > 13255)",
                      "Rows Removed by Filter": 801661
                    },
                    {
                      "Node Type": "Hash",
                      "Parent Relationship": "Inner",
                      "Parallel Aware": true,
                      "Startup Cost": 75921.56,
                      "Total Cost": 75921.56,
                      "Plan Rows": 45313,
                      "Plan Width": 8,
                      "Actual Startup Time": 312.88,
                      "Actual Total Time": 312.885,
                      "Actual Rows": 43524,
                      "Actual Loops": 4,
                      "Hash Buckets": 262144,
                      "Original Hash Buckets": 262144,
                      "Hash Batches": 1,
                      "Original Hash Batches": 1,
                      "Peak Memory Usage": 8928,
                      "Plans": [
                        {
                          "Node Type": "Hash Join",
                          "Parent Relationship": "Outer",
                          "Parallel Aware": true,
                          "Join Type": "Inner",
                          "Startup Cost": 55220.94,
                          "Total Cost": 75921.56,
                          "Plan Rows": 45313,
                          "Plan Width": 8,
                          "Actual Startup Time": 232.375,
                          "Actual Total Time": 295.798,
                          "Actual Rows": 43524,
                          "Actual Loops": 4,
                          "Inner Unique": true,
                          "Hash Cond": "(mc.movie_id = t.id)",
                          "Plans": [
                            {
                              "Node Type": "Bitmap Heap Scan",
                              "Parent Relationship": "Outer",
                              "Parallel Aware": true,
                              "Relation Name": "movie_companies",
                              "Alias": "mc",
                              "Startup Cost": 8487.31,
                              "Total Cost": 28856.34,
                              "Plan Rows": 126322,
                              "Plan Width": 4,
                              "Actual Startup Time": 29.432,
                              "Actual Total Time": 52.045,
                              "Actual Rows": 97787,
                              "Actual Loops": 4,
                              "Recheck Cond": "(company_id > 83192)",
                              "Rows Removed by Index Recheck": 0,
                              "Exact Heap Blocks": 1793,
                              "Lossy Heap Blocks": 0,
                              "Plans": [
                                {
                                  "Node Type": "Bitmap Index Scan",
                                  "Parent Relationship": "Outer",
                                  "Parallel Aware": false,
                                  "Index Name": "company_id_movie_companies",
                                  "Startup Cost": 0.0,
                                  "Total Cost": 8389.42,
                                  "Plan Rows": 391598,
                                  "Plan Width": 0,
                                  "Actual Startup Time": 28.172,
                                  "Actual Total Time": 28.172,
                                  "Actual Rows": 391147,
                                  "Actual Loops": 1,
                                  "Index Cond": "(company_id > 83192)"
                                }
                              ]
                            },
                            {
                              "Node Type": "Hash",
                              "Parent Relationship": "Inner",
                              "Parallel Aware": true,
                              "Startup Cost": 43899.32,
                              "Total Cost": 43899.32,
                              "Plan Rows": 226744,
                              "Plan Width": 4,
                              "Actual Startup Time": 199.518,
                              "Actual Total Time": 199.519,
                              "Actual Rows": 231151,
                              "Actual Loops": 4,
                              "Hash Buckets": 1048576,
                              "Original Hash Buckets": 1048576,
                              "Hash Batches": 1,
                              "Original Hash Batches": 1,
                              "Peak Memory Usage": 44416,
                              "Plans": [
                                {
                                  "Node Type": "Seq Scan",
                                  "Parent Relationship": "Outer",
                                  "Parallel Aware": true,
                                  "Relation Name": "title",
                                  "Alias": "t",
                                  "Startup Cost": 0.0,
                                  "Total Cost": 43899.32,
                                  "Plan Rows": 226744,
                                  "Plan Width": 4,
                                  "Actual Startup Time": 0.035,
                                  "Actual Total Time": 110.412,
                                  "Actual Rows": 231151,
                                  "Actual Loops": 4,
                                  "Filter": "(production_year < 1998)",
                                  "Rows Removed by Filter": 400927
                                }
                              ]
                            }
                          ]
                        }
                      ]
                    }
                  ]
                }
              ]
            }
          ]
        }
      ]
    },
    "Planning Time": 1.005,
    "Triggers": [],
    "Execution Time": 505.814
  }
]