[
  {
    "Plan": {
      "Node Type": "Aggregate",
      "Strategy": "Plain",
      "Partial Mode": "Finalize",
      "Parallel Aware": false,
      "Startup Cost": 46182.54,
      "Total Cost": 46182.55,
      "Plan Rows": 1,
      "Plan Width": 8,
      "Actual Startup Time": 199.387,
      "Actual Total Time": 212.753,
      "Actual Rows": 1,
      "Actual Loops": 1,
      "Plans": [
        {
          "Node Type": "Gather",
          "Parent Relationship": "Outer",
          "Parallel Aware": false,
          "Startup Cost": 46182.22,
          "Total Cost": 46182.53,
          "Plan Rows": 3,
          "Plan Width": 8,
          "Actual Startup Time": 199.218,
          "Actual Total Time": 212.744,
          "Actual Rows": 4,
          "Actual Loops": 1,
          "Workers Planned": 3,
          "Workers Launched": 3,
          "Single Copy": false,
          "Plans": [
            {
              "Node Type": "Aggregate",
              "Strategy": "Plain",
              "Partial Mode": "Partial",
              "Parent Relationship": "Outer",
              "Parallel Aware": false,
              "Startup Cost": 45182.22,
              "Total Cost": 45182.23,
              "Plan Rows": 1,
              "Plan Width": 8,
              "Actual Startup Time": 192.122,
              "Actual Total Time": 192.123,
              "Actual Rows": 1,
              "Actual Loops": 4,
              "Plans": [
                {
                  "Node Type": "Seq Scan",
                  "Parent Relationship": "Outer",
                  "Parallel Aware": true,
                  "Relation Name": "movie_keyword",
                  "Alias": "mk",
                  "Startup Cost": 0.0,
                  "Total Cost": 42695.65,
                  "Plan Rows": 994628,
                  "Plan Width": 0,
                  "Actual Startup Time": 0.302,
                  "Actual Total Time": 146.314,
                  "Actual Rows": 770957,
                  "Actual Loops": 4,
                  "Filter": "(keyword_id > 2007)",
                  "Rows Removed by Filter": 360026
                }
              ]
            }
          ]
        }
      ]
    },
    "Planning Time": 0.202,
    "Triggers": [],
    "Execution Time": 212.821
  }
]