{
    "Plan": {
        "Node Type": "Aggregate",
        "Strategy": "Plain",
        "Partial Mode": "Simple",
        "Parallel Aware": false,
        "Startup Cost": 50000361915.12,
        "Total Cost": 50000361915.13,
        "Plan Rows": 1,
        "Plan Width": 96,
        "Actual Startup Time": 2937.081,
        "Actual Total Time": 2965.97,
        "Actual Rows": 1,
        "Actual Loops": 1,
        "Output": [
            "min(cn.name)",
            "min(mi_idx.info)",
            "min(t.title)"
        ],
        "Plans": [
            {
                "Node Type": "Nested Loop",
                "Parent Relationship": "Outer",
                "Parallel Aware": false,
                "Join Type": "Inner",
                "Startup Cost": 50000361904.64,
                "Total Cost": 50000361915.11,
                "Plan Rows": 1,
                "Plan Width": 41,
                "Actual Startup Time": 2335.08,
                "Actual Total Time": 2957.503,
                "Actual Rows": 23142,
                "Actual Loops": 1,
                "Output": [
                    "cn.name",
                    "mi_idx.info",
                    "t.title"
                ],
                "Inner Unique": true,
                "Plans": [
                    {
                        "Node Type": "Hash Join",
                        "Parent Relationship": "Outer",
                        "Parallel Aware": false,
                        "Join Type": "Inner",
                        "Startup Cost": 40000361904.49,
                        "Total Cost": 40000361906.93,
                        "Plan Rows": 1,
                        "Plan Width": 45,
                        "Actual Startup Time": 2334.987,
                        "Actual Total Time": 2391.293,
                        "Actual Rows": 92201,
                        "Actual Loops": 1,
                        "Output": [
                            "cn.name",
                            "mi_idx.info",
                            "mi_idx.info_type_id",
                            "t.title"
                        ],
                        "Inner Unique": false,
                        "Hash Cond": "(it1.id = mi.info_type_id)",
                        "Plans": [
                            {
                                "Node Type": "Seq Scan",
                                "Parent Relationship": "Outer",
                                "Parallel Aware": false,
                                "Relation Name": "info_type",
                                "Schema": "public",
                                "Alias": "it1",
                                "Startup Cost": 0.0,
                                "Total Cost": 2.41,
                                "Plan Rows": 1,
                                "Plan Width": 4,
                                "Actual Startup Time": 0.019,
                                "Actual Total Time": 0.031,
                                "Actual Rows": 1,
                                "Actual Loops": 1,
                                "Output": [
                                    "it1.id",
                                    "it1.info"
                                ],
                                "Filter": "((it1.info)::text = 'countries'::text)",
                                "Rows Removed by Filter": 112
                            },
                            {
                                "Node Type": "Hash",
                                "Parent Relationship": "Inner",
                                "Parallel Aware": false,
                                "Startup Cost": 40000361904.33,
                                "Total Cost": 40000361904.33,
                                "Plan Rows": 13,
                                "Plan Width": 49,
                                "Actual Startup Time": 2334.954,
                                "Actual Total Time": 2363.837,
                                "Actual Rows": 103103,
                                "Actual Loops": 1,
                                "Output": [
                                    "cn.name",
                                    "mi.info_type_id",
                                    "mi_idx.info",
                                    "mi_idx.info_type_id",
                                    "t.title"
                                ],
                                "Hash Buckets": 131072,
                                "Original Hash Buckets": 1024,
                                "Hash Batches": 1,
                                "Original Hash Batches": 1,
                                "Peak Memory Usage": 9752,
                                "Plans": [
                                    {
                                        "Node Type": "Merge Join",
                                        "Parent Relationship": "Outer",
                                        "Parallel Aware": false,
                                        "Join Type": "Inner",
                                        "Startup Cost": 40000349144.92,
                                        "Total Cost": 40000361904.33,
                                        "Plan Rows": 13,
                                        "Plan Width": 49,
                                        "Actual Startup Time": 2205.965,
                                        "Actual Total Time": 2328.53,
                                        "Actual Rows": 103103,
                                        "Actual Loops": 1,
                                        "Output": [
                                            "cn.name",
                                            "mi.info_type_id",
                                            "mi_idx.info",
                                            "mi_idx.info_type_id",
                                            "t.title"
                                        ],
                                        "Inner Unique": true,
                                        "Merge Cond": "(mc.company_id = cn.id)",
                                        "Plans": [
                                            {
                                                "Node Type": "Sort",
                                                "Parent Relationship": "Outer",
                                                "Parallel Aware": false,
                                                "Startup Cost": 40000349144.49,
                                                "Total Cost": 40000349144.55,
                                                "Plan Rows": 25,
                                                "Plan Width": 34,
                                                "Actual Startup Time": 2205.915,
                                                "Actual Total Time": 2251.904,
                                                "Actual Rows": 110011,
                                                "Actual Loops": 1,
                                                "Output": [
                                                    "mc.company_id",
                                                    "mi.info_type_id",
                                                    "mi_idx.info",
                                                    "mi_idx.info_type_id",
                                                    "t.title"
                                                ],
                                                "Sort Key": [
                                                    "mc.company_id"
                                                ],
                                                "Sort Method": "quicksort",
                                                "Sort Space Used": 12231,
                                                "Sort Space Type": "Memory",
                                                "Plans": [
                                                    {
                                                        "Node Type": "Hash Join",
                                                        "Parent Relationship": "Outer",
                                                        "Parallel Aware": false,
                                                        "Join Type": "Inner",
                                                        "Startup Cost": 40000298794.58,
                                                        "Total Cost": 40000349143.91,
                                                        "Plan Rows": 25,
                                                        "Plan Width": 34,
                                                        "Actual Startup Time": 1948.263,
                                                        "Actual Total Time": 2197.554,
                                                        "Actual Rows": 110011,
                                                        "Actual Loops": 1,
                                                        "Output": [
                                                            "mc.company_id",
                                                            "mi.info_type_id",
                                                            "mi_idx.info",
                                                            "mi_idx.info_type_id",
                                                            "t.title"
                                                        ],
                                                        "Inner Unique": false,
                                                        "Hash Cond": "(mc.company_type_id = ct.id)",
                                                        "Plans": [
                                                            {
                                                                "Node Type": "Gather",
                                                                "Parent Relationship": "Outer",
                                                                "Parallel Aware": false,
                                                                "Startup Cost": 30000298793.49,
                                                                "Total Cost": 30000349142.48,
                                                                "Plan Rows": 25,
                                                                "Plan Width": 38,
                                                                "Actual Startup Time": 1948.242,
                                                                "Actual Total Time": 2170.275,
                                                                "Actual Rows": 110011,
                                                                "Actual Loops": 1,
                                                                "Output": [
                                                                    "mc.company_type_id",
                                                                    "mc.company_id",
                                                                    "mi.info_type_id",
                                                                    "mi_idx.info",
                                                                    "mi_idx.info_type_id",
                                                                    "t.title"
                                                                ],
                                                                "Workers Planned": 2,
                                                                "Workers Launched": 2,
                                                                "Single Copy": false,
                                                                "Plans": [
                                                                    {
                                                                        "Node Type": "Hash Join",
                                                                        "Parent Relationship": "Outer",
                                                                        "Parallel Aware": true,
                                                                        "Join Type": "Inner",
                                                                        "Startup Cost": 30000297793.49,
                                                                        "Total Cost": 30000348139.98,
                                                                        "Plan Rows": 10,
                                                                        "Plan Width": 38,
                                                                        "Actual Startup Time": 1934.025,
                                                                        "Actual Total Time": 2144.621,
                                                                        "Actual Rows": 36670,
                                                                        "Actual Loops": 3,
                                                                        "Output": [
                                                                            "mc.company_type_id",
                                                                            "mc.company_id",
                                                                            "mi.info_type_id",
                                                                            "mi_idx.info",
                                                                            "mi_idx.info_type_id",
                                                                            "t.title"
                                                                        ],
                                                                        "Inner Unique": false,
                                                                        "Hash Cond": "(t.id = mi.movie_id)",
                                                                        "Workers": [
                                                                            {
                                                                                "Worker Number": 0,
                                                                                "Actual Startup Time": 1927.307,
                                                                                "Actual Total Time": 2160.411,
                                                                                "Actual Rows": 45871,
                                                                                "Actual Loops": 1
                                                                            },
                                                                            {
                                                                                "Worker Number": 1,
                                                                                "Actual Startup Time": 1927.291,
                                                                                "Actual Total Time": 2159.041,
                                                                                "Actual Rows": 42893,
                                                                                "Actual Loops": 1
                                                                            }
                                                                        ],
                                                                        "Plans": [
                                                                            {
                                                                                "Node Type": "Hash Join",
                                                                                "Parent Relationship": "Outer",
                                                                                "Parallel Aware": true,
                                                                                "Join Type": "Inner",
                                                                                "Startup Cost": 30000089889.07,
                                                                                "Total Cost": 30000140227.42,
                                                                                "Plan Rows": 6,
                                                                                "Plan Width": 50,
                                                                                "Actual Startup Time": 718.854,
                                                                                "Actual Total Time": 921.014,
                                                                                "Actual Rows": 36922,
                                                                                "Actual Loops": 3,
                                                                                "Output": [
                                                                                    "mk.movie_id",
                                                                                    "mc.movie_id",
                                                                                    "mc.company_type_id",
                                                                                    "mc.company_id",
                                                                                    "mi_idx.info",
                                                                                    "mi_idx.movie_id",
                                                                                    "mi_idx.info_type_id",
                                                                                    "t.title",
                                                                                    "t.id"
                                                                                ],
                                                                                "Inner Unique": false,
                                                                                "Hash Cond": "(t.id = mc.movie_id)",
                                                                                "Workers": [
                                                                                    {
                                                                                        "Worker Number": 0,
                                                                                        "Actual Startup Time": 716.583,
                                                                                        "Actual Total Time": 939.829,
                                                                                        "Actual Rows": 46070,
                                                                                        "Actual Loops": 1
                                                                                    },
                                                                                    {
                                                                                        "Worker Number": 1,
                                                                                        "Actual Startup Time": 715.655,
                                                                                        "Actual Total Time": 939.269,
                                                                                        "Actual Rows": 43059,
                                                                                        "Actual Loops": 1
                                                                                    }
                                                                                ],
                                                                                "Plans": [
                                                                                    {
                                                                                        "Node Type": "Nested Loop",
                                                                                        "Parent Relationship": "Outer",
                                                                                        "Parallel Aware": false,
                                                                                        "Join Type": "Inner",
                                                                                        "Startup Cost": 30000057874.03,
                                                                                        "Total Cost": 30000108212.27,
                                                                                        "Plan Rows": 19,
                                                                                        "Plan Width": 38,
                                                                                        "Actual Startup Time": 487.673,
                                                                                        "Actual Total Time": 682.143,
                                                                                        "Actual Rows": 7175,
                                                                                        "Actual Loops": 3,
                                                                                        "Output": [
                                                                                            "mk.movie_id",
                                                                                            "mi_idx.info",
                                                                                            "mi_idx.movie_id",
                                                                                            "mi_idx.info_type_id",
                                                                                            "t.title",
                                                                                            "t.id"
                                                                                        ],
                                                                                        "Inner Unique": true,
                                                                                        "Workers": [
                                                                                            {
                                                                                                "Worker Number": 0,
                                                                                                "Actual Startup Time": 485.613,
                                                                                                "Actual Total Time": 699.856,
                                                                                                "Actual Rows": 8848,
                                                                                                "Actual Loops": 1
                                                                                            },
                                                                                            {
                                                                                                "Worker Number": 1,
                                                                                                "Actual Startup Time": 484.048,
                                                                                                "Actual Total Time": 699.739,
                                                                                                "Actual Rows": 8617,
                                                                                                "Actual Loops": 1
                                                                                            }
                                                                                        ],
                                                                                        "Plans": [
                                                                                            {
                                                                                                "Node Type": "Hash Join",
                                                                                                "Parent Relationship": "Outer",
                                                                                                "Parallel Aware": true,
                                                                                                "Join Type": "Inner",
                                                                                                "Startup Cost": 20000057873.89,
                                                                                                "Total Cost": 20000107947.18,
                                                                                                "Plan Rows": 67,
                                                                                                "Plan Width": 42,
                                                                                                "Actual Startup Time": 486.168,
                                                                                                "Actual Total Time": 641.693,
                                                                                                "Actual Rows": 9112,
                                                                                                "Actual Loops": 3,
                                                                                                "Output": [
                                                                                                    "mk.movie_id",
                                                                                                    "mi_idx.info",
                                                                                                    "mi_idx.movie_id",
                                                                                                    "mi_idx.info_type_id",
                                                                                                    "t.title",
                                                                                                    "t.kind_id",
                                                                                                    "t.id"
                                                                                                ],
                                                                                                "Inner Unique": false,
                                                                                                "Hash Cond": "(mk.movie_id = t.id)",
                                                                                                "Workers": [
                                                                                                    {
                                                                                                        "Worker Number": 0,
                                                                                                        "Actual Startup Time": 483.311,
                                                                                                        "Actual Total Time": 655.8,
                                                                                                        "Actual Rows": 11170,
                                                                                                        "Actual Loops": 1
                                                                                                    },
                                                                                                    {
                                                                                                        "Worker Number": 1,
                                                                                                        "Actual Startup Time": 483.553,
                                                                                                        "Actual Total Time": 656.031,
                                                                                                        "Actual Rows": 11056,
                                                                                                        "Actual Loops": 1
                                                                                                    }
                                                                                                ],
                                                                                                "Plans": [
                                                                                                    {
                                                                                                        "Node Type": "Hash Join",
                                                                                                        "Parent Relationship": "Outer",
                                                                                                        "Parallel Aware": false,
                                                                                                        "Join Type": "Inner",
                                                                                                        "Startup Cost": 20000010053.63,
                                                                                                        "Total Cost": 20000060126.25,
                                                                                                        "Plan Rows": 135,
                                                                                                        "Plan Width": 17,
                                                                                                        "Actual Startup Time": 121.301,
                                                                                                        "Actual Total Time": 263.528,
                                                                                                        "Actual Rows": 28340,
                                                                                                        "Actual Loops": 3,
                                                                                                        "Output": [
                                                                                                            "mk.movie_id",
                                                                                                            "mi_idx.info",
                                                                                                            "mi_idx.movie_id",
                                                                                                            "mi_idx.info_type_id"
                                                                                                        ],
                                                                                                        "Inner Unique": false,
                                                                                                        "Hash Cond": "(mi_idx.movie_id = mk.movie_id)",
                                                                                                        "Workers": [
                                                                                                            {
                                                                                                                "Worker Number": 0,
                                                                                                                "Actual Startup Time": 118.487,
                                                                                                                "Actual Total Time": 276.102,
                                                                                                                "Actual Rows": 35249,
                                                                                                                "Actual Loops": 1
                                                                                                            },
                                                                                                            {
                                                                                                                "Worker Number": 1,
                                                                                                                "Actual Startup Time": 118.619,
                                                                                                                "Actual Total Time": 277.236,
                                                                                                                "Actual Rows": 34206,
                                                                                                                "Actual Loops": 1
                                                                                                            }
                                                                                                        ],
                                                                                                        "Plans": [
                                                                                                            {
                                                                                                                "Node Type": "Index Scan",
                                                                                                                "Parent Relationship": "Outer",
                                                                                                                "Parallel Aware": true,
                                                                                                                "Scan Direction": "Forward",
                                                                                                                "Index Name": "movie_id_movie_info_idx",
                                                                                                                "Relation Name": "movie_info_idx",
                                                                                                                "Schema": "public",
                                                                                                                "Alias": "mi_idx",
                                                                                                                "Startup Cost": 10000000000.43,
                                                                                                                "Total Cost": 10000047018.15,
                                                                                                                "Plan Rows": 488568,
                                                                                                                "Plan Width": 13,
                                                                                                                "Actual Startup Time": 0.054,
                                                                                                                "Actual Total Time": 101.598,
                                                                                                                "Actual Rows": 390987,
                                                                                                                "Actual Loops": 3,
                                                                                                                "Output": [
                                                                                                                    "mi_idx.id",
                                                                                                                    "mi_idx.movie_id",
                                                                                                                    "mi_idx.info_type_id",
                                                                                                                    "mi_idx.info",
                                                                                                                    "mi_idx.note"
                                                                                                                ],
                                                                                                                "Filter": "(mi_idx.info < '7.0'::text)",
                                                                                                                "Rows Removed by Filter": 69025,
                                                                                                                "Workers": [
                                                                                                                    {
                                                                                                                        "Worker Number": 0,
                                                                                                                        "Actual Startup Time": 0.055,
                                                                                                                        "Actual Total Time": 112.854,
                                                                                                                        "Actual Rows": 473924,
                                                                                                                        "Actual Loops": 1
                                                                                                                    },
                                                                                                                    {
                                                                                                                        "Worker Number": 1,
                                                                                                                        "Actual Startup Time": 0.075,
                                                                                                                        "Actual Total Time": 113.642,
                                                                                                                        "Actual Rows": 470865,
                                                                                                                        "Actual Loops": 1
                                                                                                                    }
                                                                                                                ]
                                                                                                            },
                                                                                                            {
                                                                                                                "Node Type": "Hash",
                                                                                                                "Parent Relationship": "Inner",
                                                                                                                "Parallel Aware": false,
                                                                                                                "Startup Cost": 10000010051.52,
                                                                                                                "Total Cost": 10000010051.52,
                                                                                                                "Plan Rows": 135,
                                                                                                                "Plan Width": 4,
                                                                                                                "Actual Startup Time": 120.887,
                                                                                                                "Actual Total Time": 120.89,
                                                                                                                "Actual Rows": 37091,
                                                                                                                "Actual Loops": 3,
                                                                                                                "Output": [
                                                                                                                    "mk.movie_id"
                                                                                                                ],
                                                                                                                "Hash Buckets": 65536,
                                                                                                                "Original Hash Buckets": 1024,
                                                                                                                "Hash Batches": 1,
                                                                                                                "Original Hash Batches": 1,
                                                                                                                "Peak Memory Usage": 1816,
                                                                                                                "Workers": [
                                                                                                                    {
                                                                                                                        "Worker Number": 0,
                                                                                                                        "Actual Startup Time": 118.387,
                                                                                                                        "Actual Total Time": 118.389,
                                                                                                                        "Actual Rows": 37091,
                                                                                                                        "Actual Loops": 1
                                                                                                                    },
                                                                                                                    {
                                                                                                                        "Worker Number": 1,
                                                                                                                        "Actual Startup Time": 118.343,
                                                                                                                        "Actual Total Time": 118.345,
                                                                                                                        "Actual Rows": 37091,
                                                                                                                        "Actual Loops": 1
                                                                                                                    }
                                                                                                                ],
                                                                                                                "Plans": [
                                                                                                                    {
                                                                                                                        "Node Type": "Nested Loop",
                                                                                                                        "Parent Relationship": "Outer",
                                                                                                                        "Parallel Aware": false,
                                                                                                                        "Join Type": "Inner",
                                                                                                                        "Startup Cost": 10000000011.18,
                                                                                                                        "Total Cost": 10000010051.52,
                                                                                                                        "Plan Rows": 135,
                                                                                                                        "Plan Width": 4,
                                                                                                                        "Actual Startup Time": 4.317,
                                                                                                                        "Actual Total Time": 114.74,
                                                                                                                        "Actual Rows": 37091,
                                                                                                                        "Actual Loops": 3,
                                                                                                                        "Output": [
                                                                                                                            "mk.movie_id"
                                                                                                                        ],
                                                                                                                        "Inner Unique": false,
                                                                                                                        "Workers": [
                                                                                                                            {
                                                                                                                                "Worker Number": 0,
                                                                                                                                "Actual Startup Time": 4.01,
                                                                                                                                "Actual Total Time": 112.159,
                                                                                                                                "Actual Rows": 37091,
                                                                                                                                "Actual Loops": 1
                                                                                                                            },
                                                                                                                            {
                                                                                                                                "Worker Number": 1,
                                                                                                                                "Actual Startup Time": 4.002,
                                                                                                                                "Actual Total Time": 112.138,
                                                                                                                                "Actual Rows": 37091,
                                                                                                                                "Actual Loops": 1
                                                                                                                            }
                                                                                                                        ],
                                                                                                                        "Plans": [
                                                                                                                            {
                                                                                                                                "Node Type": "Index Scan",
                                                                                                                                "Parent Relationship": "Outer",
                                                                                                                                "Parallel Aware": false,
                                                                                                                                "Scan Direction": "Forward",
                                                                                                                                "Index Name": "keyword_pkey",
                                                                                                                                "Relation Name": "keyword",
                                                                                                                                "Schema": "public",
                                                                                                                                "Alias": "k",
                                                                                                                                "Startup Cost": 0.42,
                                                                                                                                "Total Cost": 5678.35,
                                                                                                                                "Plan Rows": 4,
                                                                                                                                "Plan Width": 4,
                                                                                                                                "Actual Startup Time": 0.192,
                                                                                                                                "Actual Total Time": 56.481,
                                                                                                                                "Actual Rows": 3,
                                                                                                                                "Actual Loops": 3,
                                                                                                                                "Output": [
                                                                                                                                    "k.id",
                                                                                                                                    "k.keyword",
                                                                                                                                    "k.phonetic_code"
                                                                                                                                ],
                                                                                                                                "Filter": "(k.keyword = ANY ('{murder,murder-in-title,blood,violence}'::text[]))",
                                                                                                                                "Rows Removed by Filter": 134167,
                                                                                                                                "Workers": [
                                                                                                                                    {
                                                                                                                                        "Worker Number": 0,
                                                                                                                                        "Actual Startup Time": 0.226,
                                                                                                                                        "Actual Total Time": 53.904,
                                                                                                                                        "Actual Rows": 3,
                                                                                                                                        "Actual Loops": 1
                                                                                                                                    },
                                                                                                                                    {
                                                                                                                                        "Worker Number": 1,
                                                                                                                                        "Actual Startup Time": 0.194,
                                                                                                                                        "Actual Total Time": 53.87,
                                                                                                                                        "Actual Rows": 3,
                                                                                                                                        "Actual Loops": 1
                                                                                                                                    }
                                                                                                                                ]
                                                                                                                            },
                                                                                                                            {
                                                                                                                                "Node Type": "Bitmap Heap Scan",
                                                                                                                                "Parent Relationship": "Inner",
                                                                                                                                "Parallel Aware": false,
                                                                                                                                "Relation Name": "movie_keyword",
                                                                                                                                "Schema": "public",
                                                                                                                                "Alias": "mk",
                                                                                                                                "Startup Cost": 10.76,
                                                                                                                                "Total Cost": 1090.29,
                                                                                                                                "Plan Rows": 300,
                                                                                                                                "Plan Width": 8,
                                                                                                                                "Actual Startup Time": 2.806,
                                                                                                                                "Actual Total Time": 18.11,
                                                                                                                                "Actual Rows": 12364,
                                                                                                                                "Actual Loops": 9,
                                                                                                                                "Output": [
                                                                                                                                    "mk.id",
                                                                                                                                    "mk.movie_id",
                                                                                                                                    "mk.keyword_id"
                                                                                                                                ],
                                                                                                                                "Recheck Cond": "(mk.keyword_id = k.id)",
                                                                                                                                "Rows Removed by Index Recheck": 0,
                                                                                                                                "Exact Heap Blocks": 26312,
                                                                                                                                "Lossy Heap Blocks": 0,
                                                                                                                                "Workers": [
                                                                                                                                    {
                                                                                                                                        "Worker Number": 0,
                                                                                                                                        "Actual Startup Time": 2.589,
                                                                                                                                        "Actual Total Time": 18.258,
                                                                                                                                        "Actual Rows": 12364,
                                                                                                                                        "Actual Loops": 3
                                                                                                                                    },
                                                                                                                                    {
                                                                                                                                        "Worker Number": 1,
                                                                                                                                        "Actual Startup Time": 2.602,
                                                                                                                                        "Actual Total Time": 18.264,
                                                                                                                                        "Actual Rows": 12364,
                                                                                                                                        "Actual Loops": 3
                                                                                                                                    }
                                                                                                                                ],
                                                                                                                                "Plans": [
                                                                                                                                    {
                                                                                                                                        "Node Type": "Bitmap Index Scan",
                                                                                                                                        "Parent Relationship": "Outer",
                                                                                                                                        "Parallel Aware": false,
                                                                                                                                        "Index Name": "keyword_id_movie_keyword",
                                                                                                                                        "Startup Cost": 0.0,
                                                                                                                                        "Total Cost": 10.68,
                                                                                                                                        "Plan Rows": 300,
                                                                                                                                        "Plan Width": 0,
                                                                                                                                        "Actual Startup Time": 1.635,
                                                                                                                                        "Actual Total Time": 1.635,
                                                                                                                                        "Actual Rows": 12364,
                                                                                                                                        "Actual Loops": 9,
                                                                                                                                        "Index Cond": "(mk.keyword_id = k.id)",
                                                                                                                                        "Workers": [
                                                                                                                                            {
                                                                                                                                                "Worker Number": 0,
                                                                                                                                                "Actual Startup Time": 1.624,
                                                                                                                                                "Actual Total Time": 1.624,
                                                                                                                                                "Actual Rows": 12364,
                                                                                                                                                "Actual Loops": 3
                                                                                                                                            },
                                                                                                                                            {
                                                                                                                                                "Worker Number": 1,
                                                                                                                                                "Actual Startup Time": 1.63,
                                                                                                                                                "Actual Total Time": 1.63,
                                                                                                                                                "Actual Rows": 12364,
                                                                                                                                                "Actual Loops": 3
                                                                                                                                            }
                                                                                                                                        ]
                                                                                                                                    }
                                                                                                                                ]
                                                                                                                            }
                                                                                                                        ]
                                                                                                                    }
                                                                                                                ]
                                                                                                            }
                                                                                                        ]
                                                                                                    },
                                                                                                    {
                                                                                                        "Node Type": "Hash",
                                                                                                        "Parent Relationship": "Inner",
                                                                                                        "Parallel Aware": true,
                                                                                                        "Startup Cost": 43899.01,
                                                                                                        "Total Cost": 43899.01,
                                                                                                        "Plan Rows": 313700,
                                                                                                        "Plan Width": 25,
                                                                                                        "Actual Startup Time": 358.699,
                                                                                                        "Actual Total Time": 358.7,
                                                                                                        "Actual Rows": 420098,
                                                                                                        "Actual Loops": 3,
                                                                                                        "Output": [
                                                                                                            "t.title",
                                                                                                            "t.kind_id",
                                                                                                            "t.id"
                                                                                                        ],
                                                                                                        "Hash Buckets": 2097152,
                                                                                                        "Original Hash Buckets": 2097152,
                                                                                                        "Hash Batches": 1,
                                                                                                        "Original Hash Batches": 1,
                                                                                                        "Peak Memory Usage": 90976,
                                                                                                        "Workers": [
                                                                                                            {
                                                                                                                "Worker Number": 0,
                                                                                                                "Actual Startup Time": 364.74,
                                                                                                                "Actual Total Time": 364.74,
                                                                                                                "Actual Rows": 452834,
                                                                                                                "Actual Loops": 1
                                                                                                            },
                                                                                                            {
                                                                                                                "Worker Number": 1,
                                                                                                                "Actual Startup Time": 364.747,
                                                                                                                "Actual Total Time": 364.748,
                                                                                                                "Actual Rows": 422773,
                                                                                                                "Actual Loops": 1
                                                                                                            }
                                                                                                        ],
                                                                                                        "Plans": [
                                                                                                            {
                                                                                                                "Node Type": "Seq Scan",
                                                                                                                "Parent Relationship": "Outer",
                                                                                                                "Parallel Aware": true,
                                                                                                                "Relation Name": "title",
                                                                                                                "Schema": "public",
                                                                                                                "Alias": "t",
                                                                                                                "Startup Cost": 0.0,
                                                                                                                "Total Cost": 43899.01,
                                                                                                                "Plan Rows": 313700,
                                                                                                                "Plan Width": 25,
                                                                                                                "Actual Startup Time": 0.033,
                                                                                                                "Actual Total Time": 147.274,
                                                                                                                "Actual Rows": 420098,
                                                                                                                "Actual Loops": 3,
                                                                                                                "Output": [
                                                                                                                    "t.title",
                                                                                                                    "t.kind_id",
                                                                                                                    "t.id"
                                                                                                                ],
                                                                                                                "Filter": "(t.production_year > 2002)",
                                                                                                                "Rows Removed by Filter": 422672,
                                                                                                                "Workers": [
                                                                                                                    {
                                                                                                                        "Worker Number": 0,
                                                                                                                        "Actual Startup Time": 0.046,
                                                                                                                        "Actual Total Time": 149.727,
                                                                                                                        "Actual Rows": 452834,
                                                                                                                        "Actual Loops": 1
                                                                                                                    },
                                                                                                                    {
                                                                                                                        "Worker Number": 1,
                                                                                                                        "Actual Startup Time": 0.04,
                                                                                                                        "Actual Total Time": 150.432,
                                                                                                                        "Actual Rows": 422773,
                                                                                                                        "Actual Loops": 1
                                                                                                                    }
                                                                                                                ]
                                                                                                            }
                                                                                                        ]
                                                                                                    }
                                                                                                ]
                                                                                            },
                                                                                            {
                                                                                                "Node Type": "Bitmap Heap Scan",
                                                                                                "Parent Relationship": "Inner",
                                                                                                "Parallel Aware": false,
                                                                                                "Relation Name": "kind_type",
                                                                                                "Schema": "public",
                                                                                                "Alias": "kt",
                                                                                                "Startup Cost": 0.14,
                                                                                                "Total Cost": 4.16,
                                                                                                "Plan Rows": 1,
                                                                                                "Plan Width": 4,
                                                                                                "Actual Startup Time": 0.002,
                                                                                                "Actual Total Time": 0.002,
                                                                                                "Actual Rows": 1,
                                                                                                "Actual Loops": 27337,
                                                                                                "Output": [
                                                                                                    "kt.id",
                                                                                                    "kt.kind"
                                                                                                ],
                                                                                                "Recheck Cond": "(kt.id = t.kind_id)",
                                                                                                "Rows Removed by Index Recheck": 0,
                                                                                                "Filter": "((kt.kind)::text = ANY ('{movie,episode}'::text[]))",
                                                                                                "Rows Removed by Filter": 0,
                                                                                                "Exact Heap Blocks": 5111,
                                                                                                "Lossy Heap Blocks": 0,
                                                                                                "Workers": [
                                                                                                    {
                                                                                                        "Worker Number": 0,
                                                                                                        "Actual Startup Time": 0.002,
                                                                                                        "Actual Total Time": 0.002,
                                                                                                        "Actual Rows": 1,
                                                                                                        "Actual Loops": 11170
                                                                                                    },
                                                                                                    {
                                                                                                        "Worker Number": 1,
                                                                                                        "Actual Startup Time": 0.002,
                                                                                                        "Actual Total Time": 0.002,
                                                                                                        "Actual Rows": 1,
                                                                                                        "Actual Loops": 11056
                                                                                                    }
                                                                                                ],
                                                                                                "Plans": [
                                                                                                    {
                                                                                                        "Node Type": "Bitmap Index Scan",
                                                                                                        "Parent Relationship": "Outer",
                                                                                                        "Parallel Aware": false,
                                                                                                        "Index Name": "kind_type_pkey",
                                                                                                        "Startup Cost": 0.0,
                                                                                                        "Total Cost": 0.14,
                                                                                                        "Plan Rows": 1,
                                                                                                        "Plan Width": 0,
                                                                                                        "Actual Startup Time": 0.001,
                                                                                                        "Actual Total Time": 0.001,
                                                                                                        "Actual Rows": 1,
                                                                                                        "Actual Loops": 27337,
                                                                                                        "Index Cond": "(kt.id = t.kind_id)",
                                                                                                        "Workers": [
                                                                                                            {
                                                                                                                "Worker Number": 0,
                                                                                                                "Actual Startup Time": 0.001,
                                                                                                                "Actual Total Time": 0.001,
                                                                                                                "Actual Rows": 1,
                                                                                                                "Actual Loops": 11170
                                                                                                            },
                                                                                                            {
                                                                                                                "Worker Number": 1,
                                                                                                                "Actual Startup Time": 0.001,
                                                                                                                "Actual Total Time": 0.001,
                                                                                                                "Actual Rows": 1,
                                                                                                                "Actual Loops": 11056
                                                                                                            }
                                                                                                        ]
                                                                                                    }
                                                                                                ]
                                                                                            }
                                                                                        ]
                                                                                    },
                                                                                    {
                                                                                        "Node Type": "Hash",
                                                                                        "Parent Relationship": "Inner",
                                                                                        "Parallel Aware": true,
                                                                                        "Startup Cost": 31414.82,
                                                                                        "Total Cost": 31414.82,
                                                                                        "Plan Rows": 48018,
                                                                                        "Plan Width": 12,
                                                                                        "Actual Startup Time": 229.327,
                                                                                        "Actual Total Time": 229.328,
                                                                                        "Actual Rows": 101090,
                                                                                        "Actual Loops": 3,
                                                                                        "Output": [
                                                                                            "mc.movie_id",
                                                                                            "mc.company_type_id",
                                                                                            "mc.company_id"
                                                                                        ],
                                                                                        "Hash Buckets": 524288,
                                                                                        "Original Hash Buckets": 262144,
                                                                                        "Hash Batches": 1,
                                                                                        "Original Hash Batches": 1,
                                                                                        "Peak Memory Usage": 20416,
                                                                                        "Workers": [
                                                                                            {
                                                                                                "Worker Number": 0,
                                                                                                "Actual Startup Time": 230.879,
                                                                                                "Actual Total Time": 230.879,
                                                                                                "Actual Rows": 100329,
                                                                                                "Actual Loops": 1
                                                                                            },
                                                                                            {
                                                                                                "Worker Number": 1,
                                                                                                "Actual Startup Time": 226.193,
                                                                                                "Actual Total Time": 226.193,
                                                                                                "Actual Rows": 97953,
                                                                                                "Actual Loops": 1
                                                                                            }
                                                                                        ],
                                                                                        "Plans": [
                                                                                            {
                                                                                                "Node Type": "Seq Scan",
                                                                                                "Parent Relationship": "Outer",
                                                                                                "Parallel Aware": true,
                                                                                                "Relation Name": "movie_companies",
                                                                                                "Schema": "public",
                                                                                                "Alias": "mc",
                                                                                                "Startup Cost": 0.0,
                                                                                                "Total Cost": 31414.82,
                                                                                                "Plan Rows": 48018,
                                                                                                "Plan Width": 12,
                                                                                                "Actual Startup Time": 0.033,
                                                                                                "Actual Total Time": 183.964,
                                                                                                "Actual Rows": 101090,
                                                                                                "Actual Loops": 3,
                                                                                                "Output": [
                                                                                                    "mc.movie_id",
                                                                                                    "mc.company_type_id",
                                                                                                    "mc.company_id"
                                                                                                ],
                                                                                                "Filter": "((mc.note !~~ '%(USA)%'::text) AND (mc.note ~~ '%(200%)%'::text))",
                                                                                                "Rows Removed by Filter": 768619,
                                                                                                "Workers": [
                                                                                                    {
                                                                                                        "Worker Number": 0,
                                                                                                        "Actual Startup Time": 0.028,
                                                                                                        "Actual Total Time": 183.803,
                                                                                                        "Actual Rows": 100329,
                                                                                                        "Actual Loops": 1
                                                                                                    },
                                                                                                    {
                                                                                                        "Worker Number": 1,
                                                                                                        "Actual Startup Time": 0.045,
                                                                                                        "Actual Total Time": 184.09,
                                                                                                        "Actual Rows": 97953,
                                                                                                        "Actual Loops": 1
                                                                                                    }
                                                                                                ]
                                                                                            }
                                                                                        ]
                                                                                    }
                                                                                ]
                                                                            },
                                                                            {
                                                                                "Node Type": "Hash",
                                                                                "Parent Relationship": "Inner",
                                                                                "Parallel Aware": true,
                                                                                "Startup Cost": 206258.29,
                                                                                "Total Cost": 206258.29,
                                                                                "Plan Rows": 131691,
                                                                                "Plan Width": 8,
                                                                                "Actual Startup Time": 1210.849,
                                                                                "Actual Total Time": 1210.85,
                                                                                "Actual Rows": 223112,
                                                                                "Actual Loops": 3,
                                                                                "Output": [
                                                                                    "mi.movie_id",
                                                                                    "mi.info_type_id"
                                                                                ],
                                                                                "Hash Buckets": 1048576,
                                                                                "Original Hash Buckets": 1048576,
                                                                                "Hash Batches": 1,
                                                                                "Original Hash Batches": 1,
                                                                                "Peak Memory Usage": 34432,
                                                                                "Workers": [
                                                                                    {
                                                                                        "Worker Number": 0,
                                                                                        "Actual Startup Time": 1210.184,
                                                                                        "Actual Total Time": 1210.185,
                                                                                        "Actual Rows": 219320,
                                                                                        "Actual Loops": 1
                                                                                    },
                                                                                    {
                                                                                        "Worker Number": 1,
                                                                                        "Actual Startup Time": 1210.195,
                                                                                        "Actual Total Time": 1210.196,
                                                                                        "Actual Rows": 214881,
                                                                                        "Actual Loops": 1
                                                                                    }
                                                                                ],
                                                                                "Plans": [
                                                                                    {
                                                                                        "Node Type": "Seq Scan",
                                                                                        "Parent Relationship": "Outer",
                                                                                        "Parallel Aware": true,
                                                                                        "Relation Name": "movie_info",
                                                                                        "Schema": "public",
                                                                                        "Alias": "mi",
                                                                                        "Startup Cost": 0.0,
                                                                                        "Total Cost": 206258.29,
                                                                                        "Plan Rows": 131691,
                                                                                        "Plan Width": 8,
                                                                                        "Actual Startup Time": 0.432,
                                                                                        "Actual Total Time": 1129.835,
                                                                                        "Actual Rows": 223112,
                                                                                        "Actual Loops": 3,
                                                                                        "Output": [
                                                                                            "mi.movie_id",
                                                                                            "mi.info_type_id"
                                                                                        ],
                                                                                        "Filter": "(mi.info = ANY ('{Germany,German,USA,American}'::text[]))",
                                                                                        "Rows Removed by Filter": 4722128,
                                                                                        "Workers": [
                                                                                            {
                                                                                                "Worker Number": 0,
                                                                                                "Actual Startup Time": 0.086,
                                                                                                "Actual Total Time": 1129.488,
                                                                                                "Actual Rows": 219320,
                                                                                                "Actual Loops": 1
                                                                                            },
                                                                                            {
                                                                                                "Worker Number": 1,
                                                                                                "Actual Startup Time": 0.07,
                                                                                                "Actual Total Time": 1129.364,
                                                                                                "Actual Rows": 214881,
                                                                                                "Actual Loops": 1
                                                                                            }
                                                                                        ]
                                                                                    }
                                                                                ]
                                                                            }
                                                                        ]
                                                                    }
                                                                ]
                                                            },
                                                            {
                                                                "Node Type": "Hash",
                                                                "Parent Relationship": "Inner",
                                                                "Parallel Aware": false,
                                                                "Startup Cost": 10000000001.04,
                                                                "Total Cost": 10000000001.04,
                                                                "Plan Rows": 4,
                                                                "Plan Width": 4,
                                                                "Actual Startup Time": 0.015,
                                                                "Actual Total Time": 0.016,
                                                                "Actual Rows": 4,
                                                                "Actual Loops": 1,
                                                                "Output": [
                                                                    "ct.id"
                                                                ],
                                                                "Hash Buckets": 1024,
                                                                "Original Hash Buckets": 1024,
                                                                "Hash Batches": 1,
                                                                "Original Hash Batches": 1,
                                                                "Peak Memory Usage": 9,
                                                                "Plans": [
                                                                    {
                                                                        "Node Type": "Seq Scan",
                                                                        "Parent Relationship": "Outer",
                                                                        "Parallel Aware": false,
                                                                        "Relation Name": "company_type",
                                                                        "Schema": "public",
                                                                        "Alias": "ct",
                                                                        "Startup Cost": 10000000000.0,
                                                                        "Total Cost": 10000000001.04,
                                                                        "Plan Rows": 4,
                                                                        "Plan Width": 4,
                                                                        "Actual Startup Time": 0.008,
                                                                        "Actual Total Time": 0.01,
                                                                        "Actual Rows": 4,
                                                                        "Actual Loops": 1,
                                                                        "Output": [
                                                                            "ct.id"
                                                                        ]
                                                                    }
                                                                ]
                                                            }
                                                        ]
                                                    }
                                                ]
                                            },
                                            {
                                                "Node Type": "Index Scan",
                                                "Parent Relationship": "Inner",
                                                "Parallel Aware": false,
                                                "Scan Direction": "Forward",
                                                "Index Name": "company_name_pkey",
                                                "Relation Name": "company_name",
                                                "Schema": "public",
                                                "Alias": "cn",
                                                "Startup Cost": 0.42,
                                                "Total Cost": 12454.44,
                                                "Plan Rows": 126107,
                                                "Plan Width": 23,
                                                "Actual Startup Time": 0.04,
                                                "Actual Total Time": 49.666,
                                                "Actual Rows": 38787,
                                                "Actual Loops": 1,
                                                "Output": [
                                                    "cn.id",
                                                    "cn.name",
                                                    "cn.country_code",
                                                    "cn.imdb_id",
                                                    "cn.name_pcode_nf",
                                                    "cn.name_pcode_sf",
                                                    "cn.md5sum"
                                                ],
                                                "Filter": "((cn.country_code)::text <> '[us]'::text)",
                                                "Rows Removed by Filter": 31832
                                            }
                                        ]
                                    }
                                ]
                            }
                        ]
                    },
                    {
                        "Node Type": "Bitmap Heap Scan",
                        "Parent Relationship": "Inner",
                        "Parallel Aware": false,
                        "Relation Name": "info_type",
                        "Schema": "public",
                        "Alias": "it2",
                        "Startup Cost": 0.15,
                        "Total Cost": 4.17,
                        "Plan Rows": 1,
                        "Plan Width": 4,
                        "Actual Startup Time": 0.004,
                        "Actual Total Time": 0.004,
                        "Actual Rows": 0,
                        "Actual Loops": 92201,
                        "Output": [
                            "it2.id",
                            "it2.info"
                        ],
                        "Recheck Cond": "(it2.id = mi_idx.info_type_id)",
                        "Rows Removed by Index Recheck": 0,
                        "Filter": "((it2.info)::text = 'rating'::text)",
                        "Rows Removed by Filter": 1,
                        "Exact Heap Blocks": 92201,
                        "Lossy Heap Blocks": 0,
                        "Plans": [
                            {
                                "Node Type": "Bitmap Index Scan",
                                "Parent Relationship": "Outer",
                                "Parallel Aware": false,
                                "Index Name": "info_type_pkey",
                                "Startup Cost": 0.0,
                                "Total Cost": 0.15,
                                "Plan Rows": 1,
                                "Plan Width": 0,
                                "Actual Startup Time": 0.002,
                                "Actual Total Time": 0.002,
                                "Actual Rows": 1,
                                "Actual Loops": 92201,
                                "Index Cond": "(it2.id = mi_idx.info_type_id)"
                            }
                        ]
                    }
                ]
            }
        ]
    },
    "Planning Time": 25.372,
    "Triggers": [],
    "Execution Time": 2966.372
}