[
  {
    "Plan": {
      "Node Type": "Aggregate",
      "Strategy": "Plain",
      "Partial Mode": "Finalize",
      "Parallel Aware": false,
      "Startup Cost": 32695.07,
      "Total Cost": 32695.08,
      "Plan Rows": 1,
      "Plan Width": 8,
      "Actual Startup Time": 96.315,
      "Actual Total Time": 104.623,
      "Actual Rows": 1,
      "Actual Loops": 1,
      "Plans": [
        {
          "Node Type": "Gather",
          "Parent Relationship": "Outer",
          "Parallel Aware": false,
          "Startup Cost": 32694.76,
          "Total Cost": 32695.07,
          "Plan Rows": 3,
          "Plan Width": 8,
          "Actual Startup Time": 96.218,
          "Actual Total Time": 104.615,
          "Actual Rows": 4,
          "Actual Loops": 1,
          "Workers Planned": 3,
          "Workers Launched": 3,
          "Single Copy": false,
          "Plans": [
            {
              "Node Type": "Aggregate",
              "Strategy": "Plain",
              "Partial Mode": "Partial",
              "Parent Relationship": "Outer",
              "Parallel Aware": false,
              "Startup Cost": 31694.76,
              "Total Cost": 31694.77,
              "Plan Rows": 1,
              "Plan Width": 8,
              "Actual Startup Time": 88.418,
              "Actual Total Time": 88.419,
              "Actual Rows": 1,
              "Actual Loops": 4,
              "Plans": [
                {
                  "Node Type": "Seq Scan",
                  "Parent Relationship": "Outer",
                  "Parallel Aware": true,
                  "Relation Name": "movie_companies",
                  "Alias": "mc",
                  "Startup Cost": 0.0,
                  "Total Cost": 31414.82,
                  "Plan Rows": 111975,
                  "Plan Width": 0,
                  "Actual Startup Time": 0.047,
                  "Actual Total Time": 78.622,
                  "Actual Rows": 124014,
                  "Actual Loops": 4,
                  "Filter": "((company_id < 1310) AND (company_type_id = 1))",
                  "Rows Removed by Filter": 528268
                }
              ]
            }
          ]
        }
      ]
    },
    "Planning Time": 0.22,
    "Triggers": [],
    "Execution Time": 104.679
  }
]