[
  {
    "Plan": {
      "Node Type": "Aggregate",
      "Strategy": "Plain",
      "Partial Mode": "Finalize",
      "Parallel Aware": false,
      "Startup Cost": 420923.8,
      "Total Cost": 420923.81,
      "Plan Rows": 1,
      "Plan Width": 8,
      "Actual Startup Time": 1274.201,
      "Actual Total Time": 1336.464,
      "Actual Rows": 1,
      "Actual Loops": 1,
      "Plans": [
        {
          "Node Type": "Gather",
          "Parent Relationship": "Outer",
          "Parallel Aware": false,
          "Startup Cost": 420923.17,
          "Total Cost": 420923.78,
          "Plan Rows": 6,
          "Plan Width": 8,
          "Actual Startup Time": 1260.369,
          "Actual Total Time": 1336.391,
          "Actual Rows": 7,
          "Actual Loops": 1,
          "Workers Planned": 6,
          "Workers Launched": 6,
          "Single Copy": false,
          "Plans": [
            {
              "Node Type": "Aggregate",
              "Strategy": "Plain",
              "Partial Mode": "Partial",
              "Parent Relationship": "Outer",
              "Parallel Aware": false,
              "Startup Cost": 419923.17,
              "Total Cost": 419923.18,
              "Plan Rows": 1,
              "Plan Width": 8,
              "Actual Startup Time": 1248.945,
              "Actual Total Time": 1249.28,
              "Actual Rows": 1,
              "Actual Loops": 7,
              "Plans": [
                {
                  "Node Type": "Hash Join",
                  "Parent Relationship": "Outer",
                  "Parallel Aware": true,
                  "Join Type": "Inner",
                  "Startup Cost": 67373.03,
                  "Total Cost": 418712.3,
                  "Plan Rows": 484348,
                  "Plan Width": 0,
                  "Actual Startup Time": 278.41,
                  "Actual Total Time": 1215.631,
                  "Actual Rows": 810633,
                  "Actual Loops": 7,
                  "Inner Unique": false,
                  "Hash Cond": "(ci.movie_id = t.id)",
                  "Plans": [
                    {
                      "Node Type": "Seq Scan",
                      "Parent Relationship": "Outer",
                      "Parallel Aware": true,
                      "Relation Name": "cast_info",
                      "Alias": "ci",
                      "Startup Cost": 0.0,
                      "Total Cost": 343257.03,
                      "Plan Rows": 1617100,
                      "Plan Width": 4,
                      "Actual Startup Time": 0.027,
                      "Actual Total Time": 608.479,
                      "Actual Rows": 1525586,
                      "Actual Loops": 7,
                      "Filter": "((person_id < 1094703) AND (role_id < 10))",
                      "Rows Removed by Filter": 3652178
                    },
                    {
                      "Node Type": "Hash",
                      "Parent Relationship": "Inner",
                      "Parallel Aware": true,
                      "Startup Cost": 63428.94,
                      "Total Cost": 63428.94,
                      "Plan Rows": 315527,
                      "Plan Width": 8,
                      "Actual Startup Time": 275.4,
                      "Actual Total Time": 275.733,
                      "Actual Rows": 94859,
                      "Actual Loops": 7,
                      "Hash Buckets": 1048576,
                      "Original Hash Buckets": 1048576,
                      "Hash Batches": 1,
                      "Original Hash Batches": 1,
                      "Peak Memory Usage": 34304,
                      "Plans": [
                        {
                          "Node Type": "Hash Join",
                          "Parent Relationship": "Outer",
                          "Parallel Aware": true,
                          "Join Type": "Inner",
                          "Startup Cost": 48234.38,
                          "Total Cost": 63428.94,
                          "Plan Rows": 315527,
                          "Plan Width": 8,
                          "Actual Startup Time": 176.842,
                          "Actual Total Time": 239.685,
                          "Actual Rows": 94859,
                          "Actual Loops": 7,
                          "Inner Unique": true,
                          "Hash Cond": "(mi_idx.movie_id = t.id)",
                          "Plans": [
                            {
                              "Node Type": "Seq Scan",
                              "Parent Relationship": "Outer",
                              "Parallel Aware": true,
                              "Relation Name": "movie_info_idx",
                              "Alias": "mi_idx",
                              "Startup Cost": 0.0,
                              "Total Cost": 13685.15,
                              "Plan Rows": 575015,
                              "Plan Width": 4,
                              "Actual Startup Time": 0.03,
                              "Actual Total Time": 18.53,
                              "Actual Rows": 197148,
                              "Actual Loops": 7
                            },
                            {
                              "Node Type": "Hash",
                              "Parent Relationship": "Inner",
                              "Parallel Aware": true,
                              "Startup Cost": 43898.92,
                              "Total Cost": 43898.92,
                              "Plan Rows": 346837,
                              "Plan Width": 4,
                              "Actual Startup Time": 174.05,
                              "Actual Total Time": 174.053,
                              "Actual Rows": 197350,
                              "Actual Loops": 7,
                              "Hash Buckets": 2097152,
                              "Original Hash Buckets": 2097152,
                              "Hash Batches": 1,
                              "Original Hash Batches": 1,
                              "Peak Memory Usage": 70528,
                              "Plans": [
                                {
                                  "Node Type": "Seq Scan",
                                  "Parent Relationship": "Outer",
                                  "Parallel Aware": true,
                                  "Relation Name": "title",
                                  "Alias": "t",
                                  "Startup Cost": 0.0,
                                  "Total Cost": 43898.92,
                                  "Plan Rows": 346837,
                                  "Plan Width": 4,
                                  "Actual Startup Time": 0.046,
                                  "Actual Total Time": 75.543,
                                  "Actual Rows": 197350,
                                  "Actual Loops": 7,
                                  "Filter": "(production_year > 2000)",
                                  "Rows Removed by Filter": 163837
                                }
                              ]
                            }
                          ]
                        }
                      ]
                    }
                  ]
                }
              ]
            }
          ]
        }
      ]
    },
    "Planning Time": 1.363,
    "Triggers": [],
    "Execution Time": 1336.565
  }
]