[
  {
    "Plan": {
      "Node Type": "Aggregate",
      "Strategy": "Plain",
      "Partial Mode": "Finalize",
      "Parallel Aware": false,
      "Startup Cost": 350255.32,
      "Total Cost": 350255.33,
      "Plan Rows": 1,
      "Plan Width": 8,
      "Actual Startup Time": 793.354,
      "Actual Total Time": 838.488,
      "Actual Rows": 1,
      "Actual Loops": 1,
      "Plans": [
        {
          "Node Type": "Gather",
          "Parent Relationship": "Outer",
          "Parallel Aware": false,
          "Startup Cost": 350254.69,
          "Total Cost": 350255.3,
          "Plan Rows": 6,
          "Plan Width": 8,
          "Actual Startup Time": 793.166,
          "Actual Total Time": 838.473,
          "Actual Rows": 7,
          "Actual Loops": 1,
          "Workers Planned": 6,
          "Workers Launched": 6,
          "Single Copy": false,
          "Plans": [
            {
              "Node Type": "Aggregate",
              "Strategy": "Plain",
              "Partial Mode": "Partial",
              "Parent Relationship": "Outer",
              "Parallel Aware": false,
              "Startup Cost": 349254.69,
              "Total Cost": 349254.7,
              "Plan Rows": 1,
              "Plan Width": 8,
              "Actual Startup Time": 782.441,
              "Actual Total Time": 782.442,
              "Actual Rows": 1,
              "Actual Loops": 7,
              "Plans": [
                {
                  "Node Type": "Seq Scan",
                  "Parent Relationship": "Outer",
                  "Parallel Aware": true,
                  "Relation Name": "cast_info",
                  "Alias": "ci",
                  "Startup Cost": 0.0,
                  "Total Cost": 343316.27,
                  "Plan Rows": 2375369,
                  "Plan Width": 0,
                  "Actual Startup Time": 201.345,
                  "Actual Total Time": 693.699,
                  "Actual Rows": 1740372,
                  "Actual Loops": 7,
                  "Filter": "((person_id > 1478902) AND (role_id < 4))",
                  "Rows Removed by Filter": 3437391
                }
              ]
            }
          ]
        }
      ]
    },
    "Planning Time": 0.208,
    "Triggers": [],
    "Execution Time": 838.554
  }
]