{
  "Plan": {
    "Node Type": "Aggregate",
    "Strategy": "Plain",
    "Partial Mode": "Simple",
    "Parallel Aware": false,
    "Startup Cost": 1145205.78,
    "Total Cost": 1145205.79,
    "Plan Rows": 1,
    "Plan Width": 64,
    "Actual Startup Time": 3702.972,
    "Actual Total Time": 3811.573,
    "Actual Rows": 1,
    "Actual Loops": 1,
    "Plans": [
      {
        "Node Type": "Gather",
        "Parent Relationship": "Outer",
        "Parallel Aware": false,
        "Startup Cost": 1083358.57,
        "Total Cost": 1145205.78,
        "Plan Rows": 1,
        "Plan Width": 32,
        "Actual Startup Time": 3469.866,
        "Actual Total Time": 3811.198,
        "Actual Rows": 3575,
        "Actual Loops": 1,
        "Workers Planned": 1,
        "Workers Launched": 1,
        "Single Copy": false,
        "Plans": [
          {
            "Node Type": "Hash Join",
            "Parent Relationship": "Outer",
            "Parallel Aware": true,
            "Join Type": "Inner",
            "Startup Cost": 1082358.57,
            "Total Cost": 1144205.68,
            "Plan Rows": 1,
            "Plan Width": 32,
            "Actual Startup Time": 3461.911,
            "Actual Total Time": 3693.788,
            "Actual Rows": 1788,
            "Actual Loops": 2,
            "Inner Unique": false,
            "Hash Cond": "(chn.id = ci.person_role_id)",
            "Plans": [
              {
                "Node Type": "Seq Scan",
                "Parent Relationship": "Outer",
                "Parallel Aware": true,
                "Relation Name": "char_name",
                "Alias": "chn",
                "Startup Cost": 0.0,
                "Total Cost": 54920.07,
                "Plan Rows": 1847207,
                "Plan Width": 4,
                "Actual Startup Time": 0.008,
                "Actual Total Time": 130.568,
                "Actual Rows": 1570170,
                "Actual Loops": 2
              },
              {
                "Node Type": "Hash",
                "Parent Relationship": "Inner",
                "Parallel Aware": true,
                "Startup Cost": 1082358.56,
                "Total Cost": 1082358.56,
                "Plan Rows": 1,
                "Plan Width": 36,
                "Actual Startup Time": 3460.356,
                "Actual Total Time": 3460.382,
                "Actual Rows": 1872,
                "Actual Loops": 2,
                "Hash Buckets": 4096,
                "Original Hash Buckets": 1024,
                "Hash Batches": 1,
                "Original Hash Batches": 1,
                "Peak Memory Usage": 344,
                "Plans": [
                  {
                    "Node Type": "Hash Join",
                    "Parent Relationship": "Outer",
                    "Parallel Aware": false,
                    "Join Type": "Inner",
                    "Startup Cost": 787972.97,
                    "Total Cost": 1082358.56,
                    "Plan Rows": 1,
                    "Plan Width": 36,
                    "Actual Startup Time": 2781.153,
                    "Actual Total Time": 3453.421,
                    "Actual Rows": 1872,
                    "Actual Loops": 2,
                    "Inner Unique": true,
                    "Hash Cond": "(mi.info_type_id = it.id)",
                    "Plans": [
                      {
                        "Node Type": "Hash Join",
                        "Parent Relationship": "Outer",
                        "Parallel Aware": true,
                        "Join Type": "Inner",
                        "Startup Cost": 787970.55,
                        "Total Cost": 1082356.13,
                        "Plan Rows": 1,
                        "Plan Width": 40,
                        "Actual Startup Time": 2781.011,
                        "Actual Total Time": 3453.016,
                        "Actual Rows": 1872,
                        "Actual Loops": 2,
                        "Inner Unique": false,
                        "Hash Cond": "(mi.movie_id = t.id)",
                        "Plans": [
                          {
                            "Node Type": "Seq Scan",
                            "Parent Relationship": "Outer",
                            "Parallel Aware": true,
                            "Relation Name": "movie_info",
                            "Alias": "mi",
                            "Startup Cost": 0.0,
                            "Total Cost": 293185.7,
                            "Plan Rows": 319965,
                            "Plan Width": 8,
                            "Actual Startup Time": 90.263,
                            "Actual Total Time": 884.388,
                            "Actual Rows": 225552,
                            "Actual Loops": 2,
                            "Filter": "((info IS NOT NULL) AND ((info ~~ 'Japan:%200%'::text) OR (info ~~ 'USA:%200%'::text)))",
                            "Rows Removed by Filter": 7192308
                          },
                          {
                            "Node Type": "Hash",
                            "Parent Relationship": "Inner",
                            "Parallel Aware": true,
                            "Startup Cost": 787970.49,
                            "Total Cost": 787970.49,
                            "Plan Rows": 5,
                            "Plan Width": 48,
                            "Actual Startup Time": 2550.438,
                            "Actual Total Time": 2550.459,
                            "Actual Rows": 2142,
                            "Actual Loops": 2,
                            "Hash Buckets": 4096,
                            "Original Hash Buckets": 1024,
                            "Hash Batches": 1,
                            "Original Hash Batches": 1,
                            "Peak Memory Usage": 472,
                            "Plans": [
                              {
                                "Node Type": "Hash Join",
                                "Parent Relationship": "Outer",
                                "Parallel Aware": true,
                                "Join Type": "Inner",
                                "Startup Cost": 782742.06,
                                "Total Cost": 787970.49,
                                "Plan Rows": 5,
                                "Plan Width": 48,
                                "Actual Startup Time": 2529.756,
                                "Actual Total Time": 2548.521,
                                "Actual Rows": 2142,
                                "Actual Loops": 2,
                                "Inner Unique": false,
                                "Hash Cond": "(cn.id = mc.company_id)",
                                "Plans": [
                                  {
                                    "Node Type": "Seq Scan",
                                    "Parent Relationship": "Outer",
                                    "Parallel Aware": true,
                                    "Relation Name": "company_name",
                                    "Alias": "cn",
                                    "Startup Cost": 0.0,
                                    "Total Cost": 4722.92,
                                    "Plan Rows": 50548,
                                    "Plan Width": 4,
                                    "Actual Startup Time": 0.019,
                                    "Actual Total Time": 14.634,
                                    "Actual Rows": 42422,
                                    "Actual Loops": 2,
                                    "Filter": "((country_code)::text = '[us]'::text)",
                                    "Rows Removed by Filter": 75077
                                  },
                                  {
                                    "Node Type": "Hash",
                                    "Parent Relationship": "Inner",
                                    "Parallel Aware": true,
                                    "Startup Cost": 782741.9,
                                    "Total Cost": 782741.9,
                                    "Plan Rows": 13,
                                    "Plan Width": 52,
                                    "Actual Startup Time": 2529.617,
                                    "Actual Total Time": 2529.634,
                                    "Actual Rows": 5906,
                                    "Actual Loops": 2,
                                    "Hash Buckets": 16384,
                                    "Original Hash Buckets": 1024,
                                    "Hash Batches": 1,
                                    "Original Hash Batches": 1,
                                    "Peak Memory Usage": 1368,
                                    "Plans": [
                                      {
                                        "Node Type": "Hash Join",
                                        "Parent Relationship": "Outer",
                                        "Parallel Aware": true,
                                        "Join Type": "Inner",
                                        "Startup Cost": 742848.58,
                                        "Total Cost": 782741.9,
                                        "Plan Rows": 13,
                                        "Plan Width": 52,
                                        "Actual Startup Time": 2324.022,
                                        "Actual Total Time": 2514.122,
                                        "Actual Rows": 5906,
                                        "Actual Loops": 2,
                                        "Inner Unique": false,
                                        "Hash Cond": "(mc.movie_id = t.id)",
                                        "Plans": [
                                          {
                                            "Node Type": "Seq Scan",
                                            "Parent Relationship": "Outer",
                                            "Parallel Aware": true,
                                            "Relation Name": "movie_companies",
                                            "Alias": "mc",
                                            "Startup Cost": 0.0,
                                            "Total Cost": 34137.82,
                                            "Plan Rows": 1534782,
                                            "Plan Width": 8,
                                            "Actual Startup Time": 0.017,
                                            "Actual Total Time": 96.404,
                                            "Actual Rows": 1304564,
                                            "Actual Loops": 2
                                          },
                                          {
                                            "Node Type": "Hash",
                                            "Parent Relationship": "Inner",
                                            "Parallel Aware": true,
                                            "Startup Cost": 742848.43,
                                            "Total Cost": 742848.43,
                                            "Plan Rows": 12,
                                            "Plan Width": 44,
                                            "Actual Startup Time": 2323.105,
                                            "Actual Total Time": 2323.119,
                                            "Actual Rows": 2422,
                                            "Actual Loops": 2,
                                            "Hash Buckets": 8192,
                                            "Original Hash Buckets": 1024,
                                            "Hash Batches": 1,
                                            "Original Hash Batches": 1,
                                            "Peak Memory Usage": 568,
                                            "Plans": [
                                              {
                                                "Node Type": "Hash Join",
                                                "Parent Relationship": "Outer",
                                                "Parallel Aware": false,
                                                "Join Type": "Inner",
                                                "Startup Cost": 685190.91,
                                                "Total Cost": 742848.43,
                                                "Plan Rows": 12,
                                                "Plan Width": 44,
                                                "Actual Startup Time": 2096.817,
                                                "Actual Total Time": 2299.478,
                                                "Actual Rows": 2422,
                                                "Actual Loops": 2,
                                                "Inner Unique": true,
                                                "Hash Cond": "(ci.role_id = rt.id)",
                                                "Plans": [
                                                  {
                                                    "Node Type": "Hash Join",
                                                    "Parent Relationship": "Outer",
                                                    "Parallel Aware": true,
                                                    "Join Type": "Inner",
                                                    "Startup Cost": 685189.75,
                                                    "Total Cost": 742846.74,
                                                    "Plan Rows": 148,
                                                    "Plan Width": 48,
                                                    "Actual Startup Time": 2096.728,
                                                    "Actual Total Time": 2298.954,
                                                    "Actual Rows": 2422,
                                                    "Actual Loops": 2,
                                                    "Inner Unique": false,
                                                    "Hash Cond": "(t.id = ci.movie_id)",
                                                    "Plans": [
                                                      {
                                                        "Node Type": "Seq Scan",
                                                        "Parent Relationship": "Outer",
                                                        "Parallel Aware": true,
                                                        "Relation Name": "title",
                                                        "Alias": "t",
                                                        "Startup Cost": 0.0,
                                                        "Total Cost": 54589.98,
                                                        "Plan Rows": 817639,
                                                        "Plan Width": 21,
                                                        "Actual Startup Time": 0.009,
                                                        "Actual Total Time": 146.469,
                                                        "Actual Rows": 690726,
                                                        "Actual Loops": 2,
                                                        "Filter": "(production_year > 2000)",
                                                        "Rows Removed by Filter": 573430
                                                      },
                                                      {
                                                        "Node Type": "Hash",
                                                        "Parent Relationship": "Inner",
                                                        "Parallel Aware": true,
                                                        "Startup Cost": 685186.37,
                                                        "Total Cost": 685186.37,
                                                        "Plan Rows": 270,
                                                        "Plan Width": 27,
                                                        "Actual Startup Time": 2096.313,
                                                        "Actual Total Time": 2096.322,
                                                        "Actual Rows": 4102,
                                                        "Actual Loops": 2,
                                                        "Hash Buckets": 8192,
                                                        "Original Hash Buckets": 1024,
                                                        "Hash Batches": 1,
                                                        "Original Hash Batches": 1,
                                                        "Peak Memory Usage": 664,
                                                        "Plans": [
                                                          {
                                                            "Node Type": "Hash Join",
                                                            "Parent Relationship": "Outer",
                                                            "Parallel Aware": true,
                                                            "Join Type": "Inner",
                                                            "Startup Cost": 110560.3,
                                                            "Total Cost": 685186.37,
                                                            "Plan Rows": 270,
                                                            "Plan Width": 27,
                                                            "Actual Startup Time": 947.654,
                                                            "Actual Total Time": 2088.303,
                                                            "Actual Rows": 4102,
                                                            "Actual Loops": 2,
                                                            "Inner Unique": false,
                                                            "Hash Cond": "(ci.person_id = n.id)",
                                                            "Plans": [
                                                              {
                                                                "Node Type": "Seq Scan",
                                                                "Parent Relationship": "Outer",
                                                                "Parallel Aware": true,
                                                                "Relation Name": "cast_info",
                                                                "Alias": "ci",
                                                                "Startup Cost": 0.0,
                                                                "Total Cost": 572608.98,
                                                                "Plan Rows": 537469,
                                                                "Plan Width": 16,
                                                                "Actual Startup Time": 0.028,
                                                                "Actual Total Time": 1651.395,
                                                                "Actual Rows": 433738,
                                                                "Actual Loops": 2,
                                                                "Filter": "(note = ANY ('{(voice),\"(voice: Japanese version)\",\"(voice) (uncredited)\",\"(voice: English version)\"}'::text[]))",
                                                                "Rows Removed by Filter": 17688434
                                                              },
                                                              {
                                                                "Node Type": "Hash",
                                                                "Parent Relationship": "Inner",
                                                                "Parallel Aware": true,
                                                                "Startup Cost": 110544.91,
                                                                "Total Cost": 110544.91,
                                                                "Plan Rows": 1231,
                                                                "Plan Width": 23,
                                                                "Actual Startup Time": 404.113,
                                                                "Actual Total Time": 404.119,
                                                                "Actual Rows": 5262,
                                                                "Actual Loops": 2,
                                                                "Hash Buckets": 16384,
                                                                "Original Hash Buckets": 4096,
                                                                "Hash Batches": 1,
                                                                "Original Hash Batches": 1,
                                                                "Peak Memory Usage": 864,
                                                                "Plans": [
                                                                  {
                                                                    "Node Type": "Hash Join",
                                                                    "Parent Relationship": "Outer",
                                                                    "Parallel Aware": true,
                                                                    "Join Type": "Inner",
                                                                    "Startup Cost": 92455.11,
                                                                    "Total Cost": 110544.91,
                                                                    "Plan Rows": 1231,
                                                                    "Plan Width": 23,
                                                                    "Actual Startup Time": 306.883,
                                                                    "Actual Total Time": 397.136,
                                                                    "Actual Rows": 5262,
                                                                    "Actual Loops": 2,
                                                                    "Inner Unique": true,
                                                                    "Hash Cond": "(an.person_id = n.id)",
                                                                    "Plans": [
                                                                      {
                                                                        "Node Type": "Seq Scan",
                                                                        "Parent Relationship": "Outer",
                                                                        "Parallel Aware": true,
                                                                        "Relation Name": "aka_name",
                                                                        "Alias": "an",
                                                                        "Startup Cost": 0.0,
                                                                        "Total Cost": 16698.02,
                                                                        "Plan Rows": 530202,
                                                                        "Plan Width": 4,
                                                                        "Actual Startup Time": 0.019,
                                                                        "Actual Total Time": 41.158,
                                                                        "Actual Rows": 450672,
                                                                        "Actual Loops": 2
                                                                      },
                                                                      {
                                                                        "Node Type": "Hash",
                                                                        "Parent Relationship": "Inner",
                                                                        "Parallel Aware": true,
                                                                        "Startup Cost": 92383.97,
                                                                        "Total Cost": 92383.97,
                                                                        "Plan Rows": 5691,
                                                                        "Plan Width": 19,
                                                                        "Actual Startup Time": 306.556,
                                                                        "Actual Total Time": 306.558,
                                                                        "Actual Rows": 25006,
                                                                        "Actual Loops": 2,
                                                                        "Hash Buckets": 65536,
                                                                        "Original Hash Buckets": 16384,
                                                                        "Hash Batches": 1,
                                                                        "Original Hash Batches": 1,
                                                                        "Peak Memory Usage": 3648,
                                                                        "Plans": [
                                                                          {
                                                                            "Node Type": "Seq Scan",
                                                                            "Parent Relationship": "Outer",
                                                                            "Parallel Aware": true,
                                                                            "Relation Name": "name",
                                                                            "Alias": "n",
                                                                            "Startup Cost": 0.0,
                                                                            "Total Cost": 92383.97,
                                                                            "Plan Rows": 5691,
                                                                            "Plan Width": 19,
                                                                            "Actual Startup Time": 135.03,
                                                                            "Actual Total Time": 297.183,
                                                                            "Actual Rows": 25006,
                                                                            "Actual Loops": 2,
                                                                            "Filter": "((name ~~ '%An%'::text) AND ((gender)::text = 'f'::text))",
                                                                            "Rows Removed by Filter": 2058740
                                                                          }
                                                                        ]
                                                                      }
                                                                    ]
                                                                  }
                                                                ]
                                                              }
                                                            ]
                                                          }
                                                        ]
                                                      }
                                                    ]
                                                  },
                                                  {
                                                    "Node Type": "Hash",
                                                    "Parent Relationship": "Inner",
                                                    "Parallel Aware": false,
                                                    "Startup Cost": 1.15,
                                                    "Total Cost": 1.15,
                                                    "Plan Rows": 1,
                                                    "Plan Width": 4,
                                                    "Actual Startup Time": 0.046,
                                                    "Actual Total Time": 0.047,
                                                    "Actual Rows": 1,
                                                    "Actual Loops": 2,
                                                    "Hash Buckets": 1024,
                                                    "Original Hash Buckets": 1024,
                                                    "Hash Batches": 1,
                                                    "Original Hash Batches": 1,
                                                    "Peak Memory Usage": 9,
                                                    "Plans": [
                                                      {
                                                        "Node Type": "Seq Scan",
                                                        "Parent Relationship": "Outer",
                                                        "Parallel Aware": false,
                                                        "Relation Name": "role_type",
                                                        "Alias": "rt",
                                                        "Startup Cost": 0.0,
                                                        "Total Cost": 1.15,
                                                        "Plan Rows": 1,
                                                        "Plan Width": 4,
                                                        "Actual Startup Time": 0.035,
                                                        "Actual Total Time": 0.039,
                                                        "Actual Rows": 1,
                                                        "Actual Loops": 2,
                                                        "Filter": "((role)::text = 'actress'::text)",
                                                        "Rows Removed by Filter": 11
                                                      }
                                                    ]
                                                  }
                                                ]
                                              }
                                            ]
                                          }
                                        ]
                                      }
                                    ]
                                  }
                                ]
                              }
                            ]
                          }
                        ]
                      },
                      {
                        "Node Type": "Hash",
                        "Parent Relationship": "Inner",
                        "Parallel Aware": false,
                        "Startup Cost": 2.41,
                        "Total Cost": 2.41,
                        "Plan Rows": 1,
                        "Plan Width": 4,
                        "Actual Startup Time": 0.111,
                        "Actual Total Time": 0.112,
                        "Actual Rows": 1,
                        "Actual Loops": 2,
                        "Hash Buckets": 1024,
                        "Original Hash Buckets": 1024,
                        "Hash Batches": 1,
                        "Original Hash Batches": 1,
                        "Peak Memory Usage": 9,
                        "Plans": [
                          {
                            "Node Type": "Seq Scan",
                            "Parent Relationship": "Outer",
                            "Parallel Aware": false,
                            "Relation Name": "info_type",
                            "Alias": "it",
                            "Startup Cost": 0.0,
                            "Total Cost": 2.41,
                            "Plan Rows": 1,
                            "Plan Width": 4,
                            "Actual Startup Time": 0.059,
                            "Actual Total Time": 0.09,
                            "Actual Rows": 1,
                            "Actual Loops": 2,
                            "Filter": "((info)::text = 'release dates'::text)",
                            "Rows Removed by Filter": 112
                          }
                        ]
                      }
                    ]
                  }
                ]
              }
            ]
          }
        ]
      }
    ]
  },
  "Planning Time": 2.522,
  "Triggers": [],
  "Execution Time": 3811.829
}