[
  {
    "Plan": {
      "Node Type": "Aggregate",
      "Strategy": "Plain",
      "Partial Mode": "Finalize",
      "Parallel Aware": false,
      "Startup Cost": 346964.37,
      "Total Cost": 346964.38,
      "Plan Rows": 1,
      "Plan Width": 8,
      "Actual Startup Time": 766.139,
      "Actual Total Time": 827.758,
      "Actual Rows": 1,
      "Actual Loops": 1,
      "Plans": [
        {
          "Node Type": "Gather",
          "Parent Relationship": "Outer",
          "Parallel Aware": false,
          "Startup Cost": 346963.75,
          "Total Cost": 346964.36,
          "Plan Rows": 6,
          "Plan Width": 8,
          "Actual Startup Time": 765.78,
          "Actual Total Time": 827.745,
          "Actual Rows": 7,
          "Actual Loops": 1,
          "Workers Planned": 6,
          "Workers Launched": 6,
          "Single Copy": false,
          "Plans": [
            {
              "Node Type": "Aggregate",
              "Strategy": "Plain",
              "Partial Mode": "Partial",
              "Parent Relationship": "Outer",
              "Parallel Aware": false,
              "Startup Cost": 345963.75,
              "Total Cost": 345963.76,
              "Plan Rows": 1,
              "Plan Width": 8,
              "Actual Startup Time": 758.121,
              "Actual Total Time": 758.122,
              "Actual Rows": 1,
              "Actual Loops": 7,
              "Plans": [
                {
                  "Node Type": "Seq Scan",
                  "Parent Relationship": "Outer",
                  "Parallel Aware": true,
                  "Relation Name": "cast_info",
                  "Alias": "ci",
                  "Startup Cost": 0.0,
                  "Total Cost": 343316.27,
                  "Plan Rows": 1058991,
                  "Plan Width": 0,
                  "Actual Startup Time": 265.111,
                  "Actual Total Time": 734.635,
                  "Actual Rows": 394736,
                  "Actual Loops": 7,
                  "Filter": "((person_id < 968360) AND (role_id > 1))",
                  "Rows Removed by Filter": 4783028
                }
              ]
            }
          ]
        }
      ]
    },
    "Planning Time": 0.151,
    "Triggers": [],
    "Execution Time": 827.811
  }
]