[
  {
    "Plan": {
      "Node Type": "Aggregate",
      "Strategy": "Plain",
      "Partial Mode": "Finalize",
      "Parallel Aware": false,
      "Startup Cost": 346926.43,
      "Total Cost": 346926.44,
      "Plan Rows": 1,
      "Plan Width": 8,
      "Actual Startup Time": 635.451,
      "Actual Total Time": 690.416,
      "Actual Rows": 1,
      "Actual Loops": 1,
      "Plans": [
        {
          "Node Type": "Gather",
          "Parent Relationship": "Outer",
          "Parallel Aware": false,
          "Startup Cost": 346925.81,
          "Total Cost": 346926.42,
          "Plan Rows": 6,
          "Plan Width": 8,
          "Actual Startup Time": 635.333,
          "Actual Total Time": 690.404,
          "Actual Rows": 7,
          "Actual Loops": 1,
          "Workers Planned": 6,
          "Workers Launched": 6,
          "Single Copy": false,
          "Plans": [
            {
              "Node Type": "Aggregate",
              "Strategy": "Plain",
              "Partial Mode": "Partial",
              "Parent Relationship": "Outer",
              "Parallel Aware": false,
              "Startup Cost": 345925.81,
              "Total Cost": 345925.82,
              "Plan Rows": 1,
              "Plan Width": 8,
              "Actual Startup Time": 624.892,
              "Actual Total Time": 624.893,
              "Actual Rows": 1,
              "Actual Loops": 7,
              "Plans": [
                {
                  "Node Type": "Seq Scan",
                  "Parent Relationship": "Outer",
                  "Parallel Aware": true,
                  "Relation Name": "cast_info",
                  "Alias": "ci",
                  "Startup Cost": 0.0,
                  "Total Cost": 343257.03,
                  "Plan Rows": 1067511,
                  "Plan Width": 0,
                  "Actual Startup Time": 225.74,
                  "Actual Total Time": 607.172,
                  "Actual Rows": 394736,
                  "Actual Loops": 7,
                  "Filter": "((person_id < 968360) AND (role_id > 1))",
                  "Rows Removed by Filter": 4783028
                }
              ]
            }
          ]
        }
      ]
    },
    "Planning Time": 0.202,
    "Triggers": [],
    "Execution Time": 690.488
  }
]