[
  {
    "Plan": {
      "Node Type": "Aggregate",
      "Strategy": "Plain",
      "Partial Mode": "Finalize",
      "Parallel Aware": false,
      "Startup Cost": 337573.89,
      "Total Cost": 337573.9,
      "Plan Rows": 1,
      "Plan Width": 8,
      "Actual Startup Time": 750.08,
      "Actual Total Time": 806.328,
      "Actual Rows": 1,
      "Actual Loops": 1,
      "Plans": [
        {
          "Node Type": "Gather",
          "Parent Relationship": "Outer",
          "Parallel Aware": false,
          "Startup Cost": 337573.27,
          "Total Cost": 337573.88,
          "Plan Rows": 6,
          "Plan Width": 8,
          "Actual Startup Time": 749.945,
          "Actual Total Time": 806.318,
          "Actual Rows": 7,
          "Actual Loops": 1,
          "Workers Planned": 6,
          "Workers Launched": 6,
          "Single Copy": false,
          "Plans": [
            {
              "Node Type": "Aggregate",
              "Strategy": "Plain",
              "Partial Mode": "Partial",
              "Parent Relationship": "Outer",
              "Parallel Aware": false,
              "Startup Cost": 336573.27,
              "Total Cost": 336573.28,
              "Plan Rows": 1,
              "Plan Width": 8,
              "Actual Startup Time": 741.664,
              "Actual Total Time": 741.666,
              "Actual Rows": 1,
              "Actual Loops": 7,
              "Plans": [
                {
                  "Node Type": "Seq Scan",
                  "Parent Relationship": "Outer",
                  "Parallel Aware": true,
                  "Relation Name": "cast_info",
                  "Alias": "ci",
                  "Startup Cost": 0.0,
                  "Total Cost": 328162.03,
                  "Plan Rows": 3364497,
                  "Plan Width": 0,
                  "Actual Startup Time": 0.041,
                  "Actual Total Time": 610.079,
                  "Actual Rows": 2889815,
                  "Actual Loops": 7,
                  "Filter": "(person_id < 2032809)",
                  "Rows Removed by Filter": 2287948
                }
              ]
            }
          ]
        }
      ]
    },
    "Planning Time": 0.162,
    "Triggers": [],
    "Execution Time": 806.391
  }
]