[
  {
    "Plan": {
      "Node Type": "Aggregate",
      "Strategy": "Plain",
      "Partial Mode": "Finalize",
      "Parallel Aware": false,
      "Startup Cost": 44611.19,
      "Total Cost": 44611.2,
      "Plan Rows": 1,
      "Plan Width": 8,
      "Actual Startup Time": 114.915,
      "Actual Total Time": 124.519,
      "Actual Rows": 1,
      "Actual Loops": 1,
      "Plans": [
        {
          "Node Type": "Gather",
          "Parent Relationship": "Outer",
          "Parallel Aware": false,
          "Startup Cost": 44610.88,
          "Total Cost": 44611.19,
          "Plan Rows": 3,
          "Plan Width": 8,
          "Actual Startup Time": 114.774,
          "Actual Total Time": 124.511,
          "Actual Rows": 4,
          "Actual Loops": 1,
          "Workers Planned": 3,
          "Workers Launched": 3,
          "Single Copy": false,
          "Plans": [
            {
              "Node Type": "Aggregate",
              "Strategy": "Plain",
              "Partial Mode": "Partial",
              "Parent Relationship": "Outer",
              "Parallel Aware": false,
              "Startup Cost": 43610.88,
              "Total Cost": 43610.89,
              "Plan Rows": 1,
              "Plan Width": 8,
              "Actual Startup Time": 111.733,
              "Actual Total Time": 111.734,
              "Actual Rows": 1,
              "Actual Loops": 4,
              "Plans": [
                {
                  "Node Type": "Seq Scan",
                  "Parent Relationship": "Outer",
                  "Parallel Aware": true,
                  "Relation Name": "movie_keyword",
                  "Alias": "mk",
                  "Startup Cost": 0.0,
                  "Total Cost": 42695.65,
                  "Plan Rows": 366089,
                  "Plan Width": 0,
                  "Actual Startup Time": 0.024,
                  "Actual Total Time": 98.14,
                  "Actual Rows": 285134,
                  "Actual Loops": 4,
                  "Filter": "(keyword_id < 1293)",
                  "Rows Removed by Filter": 845848
                }
              ]
            }
          ]
        }
      ]
    },
    "Planning Time": 0.092,
    "Triggers": [],
    "Execution Time": 124.549
  }
]