[
  {
    "Plan": {
      "Node Type": "Aggregate",
      "Strategy": "Plain",
      "Partial Mode": "Simple",
      "Parallel Aware": false,
      "Startup Cost": 7471.69,
      "Total Cost": 7471.7,
      "Plan Rows": 1,
      "Plan Width": 96,
      "Actual Startup Time": 485.685,
      "Actual Total Time": 485.694,
      "Actual Rows": 1,
      "Actual Loops": 1,
      "Output": [
        "min(cn.name)",
        "min(mi_idx.info)",
        "min(t.title)"
      ],
      "Plans": [
        {
          "Node Type": "Nested Loop",
          "Parent Relationship": "Outer",
          "Parallel Aware": false,
          "Join Type": "Inner",
          "Startup Cost": 8.94,
          "Total Cost": 7471.68,
          "Plan Rows": 1,
          "Plan Width": 42,
          "Actual Startup Time": 8.083,
          "Actual Total Time": 484.149,
          "Actual Rows": 2851,
          "Actual Loops": 1,
          "Output": [
            "cn.name",
            "mi_idx.info",
            "t.title"
          ],
          "Inner Unique": true,
          "Join Filter": "(mi.info_type_id = it1.id)",
          "Rows Removed by Join Filter": 191,
          "Plans": [
            {
              "Node Type": "Nested Loop",
              "Parent Relationship": "Outer",
              "Parallel Aware": false,
              "Join Type": "Inner",
              "Startup Cost": 8.94,
              "Total Cost": 7469.26,
              "Plan Rows": 1,
              "Plan Width": 46,
              "Actual Startup Time": 8.072,
              "Actual Total Time": 461.221,
              "Actual Rows": 3042,
              "Actual Loops": 1,
              "Output": [
                "cn.name",
                "mi.info_type_id",
                "mi_idx.info",
                "t.title"
              ],
              "Inner Unique": false,
              "Join Filter": "(t.id = mi.movie_id)",
              "Rows Removed by Join Filter": 0,
              "Plans": [
                {
                  "Node Type": "Nested Loop",
                  "Parent Relationship": "Outer",
                  "Parallel Aware": false,
                  "Join Type": "Inner",
                  "Startup Cost": 8.5,
                  "Total Cost": 7467.71,
                  "Plan Rows": 1,
                  "Plan Width": 58,
                  "Actual Startup Time": 4.292,
                  "Actual Total Time": 310.931,
                  "Actual Rows": 2958,
                  "Actual Loops": 1,
                  "Output": [
                    "cn.name",
                    "mc.movie_id",
                    "mi_idx.info",
                    "mi_idx.movie_id",
                    "mk.movie_id",
                    "t.title",
                    "t.id"
                  ],
                  "Inner Unique": true,
                  "Join Filter": "(mc.company_type_id = ct.id)",
                  "Rows Removed by Join Filter": 0,
                  "Plans": [
                    {
                      "Node Type": "Nested Loop",
                      "Parent Relationship": "Outer",
                      "Parallel Aware": false,
                      "Join Type": "Inner",
                      "Startup Cost": 8.5,
                      "Total Cost": 7466.62,
                      "Plan Rows": 1,
                      "Plan Width": 62,
                      "Actual Startup Time": 4.284,
                      "Actual Total Time": 295.769,
                      "Actual Rows": 2958,
                      "Actual Loops": 1,
                      "Output": [
                        "cn.name",
                        "mc.movie_id",
                        "mc.company_type_id",
                        "mi_idx.info",
                        "mi_idx.movie_id",
                        "mk.movie_id",
                        "t.title",
                        "t.id"
                      ],
                      "Inner Unique": true,
                      "Plans": [
                        {
                          "Node Type": "Nested Loop",
                          "Parent Relationship": "Outer",
                          "Parallel Aware": false,
                          "Join Type": "Inner",
                          "Startup Cost": 8.08,
                          "Total Cost": 7466.08,
                          "Plan Rows": 1,
                          "Plan Width": 47,
                          "Actual Startup Time": 4.276,
                          "Actual Total Time": 279.915,
                          "Actual Rows": 3374,
                          "Actual Loops": 1,
                          "Output": [
                            "mi_idx.info",
                            "mi_idx.movie_id",
                            "mc.movie_id",
                            "mc.company_type_id",
                            "mc.company_id",
                            "mk.movie_id",
                            "t.title",
                            "t.id"
                          ],
                          "Inner Unique": false,
                          "Join Filter": "(t.id = mc.movie_id)",
                          "Rows Removed by Join Filter": 0,
                          "Plans": [
                            {
                              "Node Type": "Nested Loop",
                              "Parent Relationship": "Outer",
                              "Parallel Aware": false,
                              "Join Type": "Inner",
                              "Startup Cost": 7.65,
                              "Total Cost": 7465.51,
                              "Plan Rows": 1,
                              "Plan Width": 35,
                              "Actual Startup Time": 4.262,
                              "Actual Total Time": 251.95,
                              "Actual Rows": 2378,
                              "Actual Loops": 1,
                              "Output": [
                                "mi_idx.info",
                                "mi_idx.movie_id",
                                "mk.movie_id",
                                "t.title",
                                "t.id"
                              ],
                              "Inner Unique": false,
                              "Join Filter": "(mi_idx.info_type_id = it2.id)",
                              "Rows Removed by Join Filter": 6322,
                              "Plans": [
                                {
                                  "Node Type": "Seq Scan",
                                  "Parent Relationship": "Outer",
                                  "Parallel Aware": false,
                                  "Relation Name": "info_type",
                                  "Schema": "public",
                                  "Alias": "it2",
                                  "Startup Cost": 0.0,
                                  "Total Cost": 2.41,
                                  "Plan Rows": 1,
                                  "Plan Width": 4,
                                  "Actual Startup Time": 0.019,
                                  "Actual Total Time": 0.022,
                                  "Actual Rows": 1,
                                  "Actual Loops": 1,
                                  "Output": [
                                    "it2.id",
                                    "it2.info"
                                  ],
                                  "Filter": "((it2.info)::text = 'rating'::text)",
                                  "Rows Removed by Filter": 112
                                },
                                {
                                  "Node Type": "Nested Loop",
                                  "Parent Relationship": "Inner",
                                  "Parallel Aware": false,
                                  "Join Type": "Inner",
                                  "Startup Cost": 7.65,
                                  "Total Cost": 7462.77,
                                  "Plan Rows": 26,
                                  "Plan Width": 39,
                                  "Actual Startup Time": 3.448,
                                  "Actual Total Time": 250.884,
                                  "Actual Rows": 8700,
                                  "Actual Loops": 1,
                                  "Output": [
                                    "mk.movie_id",
                                    "mi_idx.info",
                                    "mi_idx.movie_id",
                                    "mi_idx.info_type_id",
                                    "t.title",
                                    "t.id"
                                  ],
                                  "Inner Unique": false,
                                  "Join Filter": "(t.id = mi_idx.movie_id)",
                                  "Rows Removed by Join Filter": 0,
                                  "Plans": [
                                    {
                                      "Node Type": "Nested Loop",
                                      "Parent Relationship": "Outer",
                                      "Parallel Aware": false,
                                      "Join Type": "Inner",
                                      "Startup Cost": 7.23,
                                      "Total Cost": 7457.42,
                                      "Plan Rows": 10,
                                      "Plan Width": 25,
                                      "Actual Startup Time": 3.433,
                                      "Actual Total Time": 225.71,
                                      "Actual Rows": 4832,
                                      "Actual Loops": 1,
                                      "Output": [
                                        "mk.movie_id",
                                        "t.title",
                                        "t.id"
                                      ],
                                      "Inner Unique": true,
                                      "Join Filter": "(t.kind_id = kt.id)",
                                      "Rows Removed by Join Filter": 2286,
                                      "Plans": [
                                        {
                                          "Node Type": "Nested Loop",
                                          "Parent Relationship": "Outer",
                                          "Parallel Aware": false,
                                          "Join Type": "Inner",
                                          "Startup Cost": 7.23,
                                          "Total Cost": 7455.3,
                                          "Plan Rows": 36,
                                          "Plan Width": 29,
                                          "Actual Startup Time": 3.415,
                                          "Actual Total Time": 223.122,
                                          "Actual Rows": 5606,
                                          "Actual Loops": 1,
                                          "Output": [
                                            "mk.movie_id",
                                            "t.title",
                                            "t.kind_id",
                                            "t.id"
                                          ],
                                          "Inner Unique": true,
                                          "Plans": [
                                            {
                                              "Node Type": "Nested Loop",
                                              "Parent Relationship": "Outer",
                                              "Parallel Aware": false,
                                              "Join Type": "Inner",
                                              "Startup Cost": 6.8,
                                              "Total Cost": 7389.43,
                                              "Plan Rows": 135,
                                              "Plan Width": 4,
                                              "Actual Startup Time": 3.384,
                                              "Actual Total Time": 85.275,
                                              "Actual Rows": 37091,
                                              "Actual Loops": 1,
                                              "Output": [
                                                "mk.movie_id"
                                              ],
                                              "Inner Unique": false,
                                              "Plans": [
                                                {
                                                  "Node Type": "Seq Scan",
                                                  "Parent Relationship": "Outer",
                                                  "Parallel Aware": false,
                                                  "Relation Name": "keyword",
                                                  "Schema": "public",
                                                  "Alias": "k",
                                                  "Startup Cost": 0.0,
                                                  "Total Cost": 2961.55,
                                                  "Plan Rows": 4,
                                                  "Plan Width": 4,
                                                  "Actual Startup Time": 0.918,
                                                  "Actual Total Time": 19.635,
                                                  "Actual Rows": 3,
                                                  "Actual Loops": 1,
                                                  "Output": [
                                                    "k.id",
                                                    "k.keyword",
                                                    "k.phonetic_code"
                                                  ],
                                                  "Filter": "(k.keyword = ANY ('{murder,murder-in-title,blood,violence}'::text[]))",
                                                  "Rows Removed by Filter": 134167
                                                },
                                                {
                                                  "Node Type": "Bitmap Heap Scan",
                                                  "Parent Relationship": "Inner",
                                                  "Parallel Aware": false,
                                                  "Relation Name": "movie_keyword",
                                                  "Schema": "public",
                                                  "Alias": "mk",
                                                  "Startup Cost": 6.8,
                                                  "Total Cost": 1103.92,
                                                  "Plan Rows": 305,
                                                  "Plan Width": 8,
                                                  "Actual Startup Time": 2.778,
                                                  "Actual Total Time": 20.277,
                                                  "Actual Rows": 12364,
                                                  "Actual Loops": 3,
                                                  "Output": [
                                                    "mk.id",
                                                    "mk.movie_id",
                                                    "mk.keyword_id"
                                                  ],
                                                  "Recheck Cond": "(mk.keyword_id = k.id)",
                                                  "Rows Removed by Index Recheck": 0,
                                                  "Exact Heap Blocks": 26312,
                                                  "Lossy Heap Blocks": 0,
                                                  "Plans": [
                                                    {
                                                      "Node Type": "Bitmap Index Scan",
                                                      "Parent Relationship": "Outer",
                                                      "Parallel Aware": false,
                                                      "Index Name": "keyword_id_movie_keyword",
                                                      "Startup Cost": 0.0,
                                                      "Total Cost": 6.72,
                                                      "Plan Rows": 305,
                                                      "Plan Width": 0,
                                                      "Actual Startup Time": 1.213,
                                                      "Actual Total Time": 1.213,
                                                      "Actual Rows": 12364,
                                                      "Actual Loops": 3,
                                                      "Index Cond": "(mk.keyword_id = k.id)"
                                                    }
                                                  ]
                                                }
                                              ]
                                            },
                                            {
                                              "Node Type": "Index Scan",
                                              "Parent Relationship": "Inner",
                                              "Parallel Aware": false,
                                              "Scan Direction": "Forward",
                                              "Index Name": "title_pkey",
                                              "Relation Name": "title",
                                              "Schema": "public",
                                              "Alias": "t",
                                              "Startup Cost": 0.43,
                                              "Total Cost": 0.49,
                                              "Plan Rows": 1,
                                              "Plan Width": 25,
                                              "Actual Startup Time": 0.003,
                                              "Actual Total Time": 0.003,
                                              "Actual Rows": 0,
                                              "Actual Loops": 37091,
                                              "Output": [
                                                "t.id",
                                                "t.title",
                                                "t.imdb_index",
                                                "t.kind_id",
                                                "t.production_year",
                                                "t.imdb_id",
                                                "t.phonetic_code",
                                                "t.episode_of_id",
                                                "t.season_nr",
                                                "t.episode_nr",
                                                "t.series_years",
                                                "t.md5sum"
                                              ],
                                              "Index Cond": "(t.id = mk.movie_id)",
                                              "Rows Removed by Index Recheck": 0,
                                              "Filter": "(t.production_year > 2008)",
                                              "Rows Removed by Filter": 1
                                            }
                                          ]
                                        },
                                        {
                                          "Node Type": "Materialize",
                                          "Parent Relationship": "Inner",
                                          "Parallel Aware": false,
                                          "Startup Cost": 0.0,
                                          "Total Cost": 1.1,
                                          "Plan Rows": 2,
                                          "Plan Width": 4,
                                          "Actual Startup Time": 0.0,
                                          "Actual Total Time": 0.0,
                                          "Actual Rows": 1,
                                          "Actual Loops": 5606,
                                          "Output": [
                                            "kt.id"
                                          ],
                                          "Plans": [
                                            {
                                              "Node Type": "Seq Scan",
                                              "Parent Relationship": "Outer",
                                              "Parallel Aware": false,
                                              "Relation Name": "kind_type",
                                              "Schema": "public",
                                              "Alias": "kt",
                                              "Startup Cost": 0.0,
                                              "Total Cost": 1.09,
                                              "Plan Rows": 2,
                                              "Plan Width": 4,
                                              "Actual Startup Time": 0.011,
                                              "Actual Total Time": 0.013,
                                              "Actual Rows": 2,
                                              "Actual Loops": 1,
                                              "Output": [
                                                "kt.id"
                                              ],
                                              "Filter": "((kt.kind)::text = ANY ('{movie,episode}'::text[]))",
                                              "Rows Removed by Filter": 5
                                            }
                                          ]
                                        }
                                      ]
                                    },
                                    {
                                      "Node Type": "Index Scan",
                                      "Parent Relationship": "Inner",
                                      "Parallel Aware": false,
                                      "Scan Direction": "Forward",
                                      "Index Name": "movie_id_movie_info_idx",
                                      "Relation Name": "movie_info_idx",
                                      "Schema": "public",
                                      "Alias": "mi_idx",
                                      "Startup Cost": 0.43,
                                      "Total Cost": 0.5,
                                      "Plan Rows": 3,
                                      "Plan Width": 14,
                                      "Actual Startup Time": 0.004,
                                      "Actual Total Time": 0.005,
                                      "Actual Rows": 2,
                                      "Actual Loops": 4832,
                                      "Output": [
                                        "mi_idx.id",
                                        "mi_idx.movie_id",
                                        "mi_idx.info_type_id",
                                        "mi_idx.info",
                                        "mi_idx.note"
                                      ],
                                      "Index Cond": "(mi_idx.movie_id = mk.movie_id)",
                                      "Rows Removed by Index Recheck": 0,
                                      "Filter": "(mi_idx.info < '7.0'::text)",
                                      "Rows Removed by Filter": 0
                                    }
                                  ]
                                }
                              ]
                            },
                            {
                              "Node Type": "Index Scan",
                              "Parent Relationship": "Inner",
                              "Parallel Aware": false,
                              "Scan Direction": "Forward",
                              "Index Name": "movie_id_movie_companies",
                              "Relation Name": "movie_companies",
                              "Schema": "public",
                              "Alias": "mc",
                              "Startup Cost": 0.43,
                              "Total Cost": 0.56,
                              "Plan Rows": 1,
                              "Plan Width": 12,
                              "Actual Startup Time": 0.009,
                              "Actual Total Time": 0.011,
                              "Actual Rows": 1,
                              "Actual Loops": 2378,
                              "Output": [
                                "mc.id",
                                "mc.movie_id",
                                "mc.company_id",
                                "mc.company_type_id",
                                "mc.note"
                              ],
                              "Index Cond": "(mc.movie_id = mk.movie_id)",
                              "Rows Removed by Index Recheck": 0,
                              "Filter": "((mc.note !~~ '%(USA)%'::text) AND (mc.note ~~ '%(200%)%'::text))",
                              "Rows Removed by Filter": 10
                            }
                          ]
                        },
                        {
                          "Node Type": "Index Scan",
                          "Parent Relationship": "Inner",
                          "Parallel Aware": false,
                          "Scan Direction": "Forward",
                          "Index Name": "company_name_pkey",
                          "Relation Name": "company_name",
                          "Schema": "public",
                          "Alias": "cn",
                          "Startup Cost": 0.42,
                          "Total Cost": 0.54,
                          "Plan Rows": 1,
                          "Plan Width": 23,
                          "Actual Startup Time": 0.004,
                          "Actual Total Time": 0.004,
                          "Actual Rows": 1,
                          "Actual Loops": 3374,
                          "Output": [
                            "cn.id",
                            "cn.name",
                            "cn.country_code",
                            "cn.imdb_id",
                            "cn.name_pcode_nf",
                            "cn.name_pcode_sf",
                            "cn.md5sum"
                          ],
                          "Index Cond": "(cn.id = mc.company_id)",
                          "Rows Removed by Index Recheck": 0,
                          "Filter": "((cn.country_code)::text <> '[us]'::text)",
                          "Rows Removed by Filter": 0
                        }
                      ]
                    },
                    {
                      "Node Type": "Seq Scan",
                      "Parent Relationship": "Inner",
                      "Parallel Aware": false,
                      "Relation Name": "company_type",
                      "Schema": "public",
                      "Alias": "ct",
                      "Startup Cost": 0.0,
                      "Total Cost": 1.04,
                      "Plan Rows": 4,
                      "Plan Width": 4,
                      "Actual Startup Time": 0.001,
                      "Actual Total Time": 0.001,
                      "Actual Rows": 1,
                      "Actual Loops": 2958,
                      "Output": [
                        "ct.id",
                        "ct.kind"
                      ]
                    }
                  ]
                },
                {
                  "Node Type": "Index Scan",
                  "Parent Relationship": "Inner",
                  "Parallel Aware": false,
                  "Scan Direction": "Forward",
                  "Index Name": "movie_id_movie_info",
                  "Relation Name": "movie_info",
                  "Schema": "public",
                  "Alias": "mi",
                  "Startup Cost": 0.43,
                  "Total Cost": 1.52,
                  "Plan Rows": 2,
                  "Plan Width": 8,
                  "Actual Startup Time": 0.045,
                  "Actual Total Time": 0.05,
                  "Actual Rows": 1,
                  "Actual Loops": 2958,
                  "Output": [
                    "mi.id",
                    "mi.movie_id",
                    "mi.info_type_id",
                    "mi.info",
                    "mi.note"
                  ],
                  "Index Cond": "(mi.movie_id = mk.movie_id)",
                  "Rows Removed by Index Recheck": 0,
                  "Filter": "(mi.info = ANY ('{Germany,German,USA,American}'::text[]))",
                  "Rows Removed by Filter": 155
                }
              ]
            },
            {
              "Node Type": "Seq Scan",
              "Parent Relationship": "Inner",
              "Parallel Aware": false,
              "Relation Name": "info_type",
              "Schema": "public",
              "Alias": "it1",
              "Startup Cost": 0.0,
              "Total Cost": 2.41,
              "Plan Rows": 1,
              "Plan Width": 4,
              "Actual Startup Time": 0.004,
              "Actual Total Time": 0.004,
              "Actual Rows": 1,
              "Actual Loops": 3042,
              "Output": [
                "it1.id",
                "it1.info"
              ],
              "Filter": "((it1.info)::text = 'countries'::text)",
              "Rows Removed by Filter": 14
            }
          ]
        }
      ]
    },
    "Planning Time": 36.458,
    "Triggers": [],
    "Execution Time": 485.796
  }
]