{
  "Plan": {
    "Node Type": "Aggregate",
    "Strategy": "Plain",
    "Partial Mode": "Simple",
    "Parallel Aware": false,
    "Startup Cost": 146632.43,
    "Total Cost": 146632.44,
    "Plan Rows": 1,
    "Plan Width": 64,
    "Actual Startup Time": 369.395,
    "Actual Total Time": 387.601,
    "Actual Rows": 1,
    "Actual Loops": 1,
    "Plans": [
      {
        "Node Type": "Gather",
        "Parent Relationship": "Outer",
        "Parallel Aware": false,
        "Startup Cost": 1003.41,
        "Total Cost": 146632.43,
        "Plan Rows": 1,
        "Plan Width": 32,
        "Actual Startup Time": 369.226,
        "Actual Total Time": 387.583,
        "Actual Rows": 3,
        "Actual Loops": 1,
        "Workers Planned": 1,
        "Workers Launched": 1,
        "Single Copy": false,
        "Plans": [
          {
            "Node Type": "Nested Loop",
            "Parent Relationship": "Outer",
            "Parallel Aware": false,
            "Join Type": "Inner",
            "Startup Cost": 3.41,
            "Total Cost": 145632.33,
            "Plan Rows": 1,
            "Plan Width": 32,
            "Actual Startup Time": 299.548,
            "Actual Total Time": 361.294,
            "Actual Rows": 2,
            "Actual Loops": 2,
            "Inner Unique": true,
            "Plans": [
              {
                "Node Type": "Nested Loop",
                "Parent Relationship": "Outer",
                "Parallel Aware": false,
                "Join Type": "Inner",
                "Startup Cost": 3.28,
                "Total Cost": 145632.15,
                "Plan Rows": 1,
                "Plan Width": 36,
                "Actual Startup Time": 299.53,
                "Actual Total Time": 361.272,
                "Actual Rows": 2,
                "Actual Loops": 2,
                "Inner Unique": true,
                "Plans": [
                  {
                    "Node Type": "Nested Loop",
                    "Parent Relationship": "Outer",
                    "Parallel Aware": false,
                    "Join Type": "Inner",
                    "Startup Cost": 2.85,
                    "Total Cost": 145631.65,
                    "Plan Rows": 1,
                    "Plan Width": 40,
                    "Actual Startup Time": 299.456,
                    "Actual Total Time": 361.193,
                    "Actual Rows": 2,
                    "Actual Loops": 2,
                    "Inner Unique": true,
                    "Plans": [
                      {
                        "Node Type": "Nested Loop",
                        "Parent Relationship": "Outer",
                        "Parallel Aware": false,
                        "Join Type": "Inner",
                        "Startup Cost": 2.7,
                        "Total Cost": 145631.47,
                        "Plan Rows": 1,
                        "Plan Width": 44,
                        "Actual Startup Time": 299.441,
                        "Actual Total Time": 361.173,
                        "Actual Rows": 2,
                        "Actual Loops": 2,
                        "Inner Unique": true,
                        "Plans": [
                          {
                            "Node Type": "Nested Loop",
                            "Parent Relationship": "Outer",
                            "Parallel Aware": false,
                            "Join Type": "Inner",
                            "Startup Cost": 2.28,
                            "Total Cost": 145630.57,
                            "Plan Rows": 2,
                            "Plan Width": 48,
                            "Actual Startup Time": 299.417,
                            "Actual Total Time": 361.075,
                            "Actual Rows": 4,
                            "Actual Loops": 2,
                            "Inner Unique": false,
                            "Join Filter": "(n.id = an.person_id)",
                            "Rows Removed by Join Filter": 0,
                            "Plans": [
                              {
                                "Node Type": "Nested Loop",
                                "Parent Relationship": "Outer",
                                "Parallel Aware": false,
                                "Join Type": "Inner",
                                "Startup Cost": 1.86,
                                "Total Cost": 145624.55,
                                "Plan Rows": 12,
                                "Plan Width": 56,
                                "Actual Startup Time": 299.355,
                                "Actual Total Time": 360.995,
                                "Actual Rows": 4,
                                "Actual Loops": 2,
                                "Inner Unique": false,
                                "Join Filter": "(mi.movie_id = mc.movie_id)",
                                "Rows Removed by Join Filter": 0,
                                "Plans": [
                                  {
                                    "Node Type": "Nested Loop",
                                    "Parent Relationship": "Outer",
                                    "Parallel Aware": false,
                                    "Join Type": "Inner",
                                    "Startup Cost": 1.43,
                                    "Total Cost": 145617.81,
                                    "Plan Rows": 11,
                                    "Plan Width": 64,
                                    "Actual Startup Time": 299.308,
                                    "Actual Total Time": 360.936,
                                    "Actual Rows": 0,
                                    "Actual Loops": 2,
                                    "Inner Unique": true,
                                    "Join Filter": "(mi.movie_id = t.id)",
                                    "Rows Removed by Join Filter": 0,
                                    "Plans": [
                                      {
                                        "Node Type": "Nested Loop",
                                        "Parent Relationship": "Outer",
                                        "Parallel Aware": false,
                                        "Join Type": "Inner",
                                        "Startup Cost": 1.0,
                                        "Total Cost": 145601.86,
                                        "Plan Rows": 31,
                                        "Plan Width": 43,
                                        "Actual Startup Time": 299.027,
                                        "Actual Total Time": 360.768,
                                        "Actual Rows": 4,
                                        "Actual Loops": 2,
                                        "Inner Unique": false,
                                        "Plans": [
                                          {
                                            "Node Type": "Nested Loop",
                                            "Parent Relationship": "Outer",
                                            "Parallel Aware": false,
                                            "Join Type": "Inner",
                                            "Startup Cost": 0.56,
                                            "Total Cost": 145529.09,
                                            "Plan Rows": 46,
                                            "Plan Width": 35,
                                            "Actual Startup Time": 236.455,
                                            "Actual Total Time": 360.003,
                                            "Actual Rows": 4,
                                            "Actual Loops": 2,
                                            "Inner Unique": false,
                                            "Plans": [
                                              {
                                                "Node Type": "Seq Scan",
                                                "Parent Relationship": "Outer",
                                                "Parallel Aware": true,
                                                "Relation Name": "name",
                                                "Alias": "n",
                                                "Startup Cost": 0.0,
                                                "Total Cost": 92382.65,
                                                "Plan Rows": 56,
                                                "Plan Width": 19,
                                                "Actual Startup Time": 235.671,
                                                "Actual Total Time": 359.238,
                                                "Actual Rows": 30,
                                                "Actual Loops": 2,
                                                "Filter": "((name ~~ '%Velasquez,%'::text) AND ((gender)::text = 'f'::text))",
                                                "Rows Removed by Filter": 2083716
                                              },
                                              {
                                                "Node Type": "Index Scan",
                                                "Parent Relationship": "Inner",
                                                "Parallel Aware": false,
                                                "Scan Direction": "Forward",
                                                "Index Name": "person_id_cast_info",
                                                "Relation Name": "cast_info",
                                                "Alias": "ci",
                                                "Startup Cost": 0.56,
                                                "Total Cost": 948.55,
                                                "Plan Rows": 49,
                                                "Plan Width": 16,
                                                "Actual Startup Time": 0.024,
                                                "Actual Total Time": 0.025,
                                                "Actual Rows": 0,
                                                "Actual Loops": 60,
                                                "Index Cond": "(person_id = n.id)",
                                                "Rows Removed by Index Recheck": 0,
                                                "Filter": "(note = ANY ('{(writer),(producer),(uncredited),(uncredited)}'::text[]))",
                                                "Rows Removed by Filter": 9
                                              }
                                            ]
                                          },
                                          {
                                            "Node Type": "Index Scan",
                                            "Parent Relationship": "Inner",
                                            "Parallel Aware": false,
                                            "Scan Direction": "Forward",
                                            "Index Name": "movie_id_movie_info",
                                            "Relation Name": "movie_info",
                                            "Alias": "mi",
                                            "Startup Cost": 0.43,
                                            "Total Cost": 1.56,
                                            "Plan Rows": 2,
                                            "Plan Width": 8,
                                            "Actual Startup Time": 0.1,
                                            "Actual Total Time": 0.168,
                                            "Actual Rows": 1,
                                            "Actual Loops": 9,
                                            "Index Cond": "(movie_id = ci.movie_id)",
                                            "Rows Removed by Index Recheck": 0,
                                            "Filter": "((info IS NOT NULL) AND ((info ~~ 'Japan:%200%'::text) OR (info ~~ 'USA:%200%'::text)))",
                                            "Rows Removed by Filter": 29
                                          }
                                        ]
                                      },
                                      {
                                        "Node Type": "Index Scan",
                                        "Parent Relationship": "Inner",
                                        "Parallel Aware": false,
                                        "Scan Direction": "Forward",
                                        "Index Name": "title_pkey",
                                        "Relation Name": "title",
                                        "Alias": "t",
                                        "Startup Cost": 0.43,
                                        "Total Cost": 0.5,
                                        "Plan Rows": 1,
                                        "Plan Width": 21,
                                        "Actual Startup Time": 0.046,
                                        "Actual Total Time": 0.046,
                                        "Actual Rows": 0,
                                        "Actual Loops": 7,
                                        "Index Cond": "(id = ci.movie_id)",
                                        "Rows Removed by Index Recheck": 0,
                                        "Filter": "(production_year > 2006)",
                                        "Rows Removed by Filter": 1
                                      }
                                    ]
                                  },
                                  {
                                    "Node Type": "Index Scan",
                                    "Parent Relationship": "Inner",
                                    "Parallel Aware": false,
                                    "Scan Direction": "Forward",
                                    "Index Name": "movie_id_movie_companies",
                                    "Relation Name": "movie_companies",
                                    "Alias": "mc",
                                    "Startup Cost": 0.43,
                                    "Total Cost": 0.55,
                                    "Plan Rows": 5,
                                    "Plan Width": 8,
                                    "Actual Startup Time": 0.088,
                                    "Actual Total Time": 0.108,
                                    "Actual Rows": 8,
                                    "Actual Loops": 1,
                                    "Index Cond": "(movie_id = ci.movie_id)",
                                    "Rows Removed by Index Recheck": 0
                                  }
                                ]
                              },
                              {
                                "Node Type": "Index Only Scan",
                                "Parent Relationship": "Inner",
                                "Parallel Aware": false,
                                "Scan Direction": "Forward",
                                "Index Name": "person_id_aka_name",
                                "Relation Name": "aka_name",
                                "Alias": "an",
                                "Startup Cost": 0.42,
                                "Total Cost": 0.48,
                                "Plan Rows": 2,
                                "Plan Width": 4,
                                "Actual Startup Time": 0.018,
                                "Actual Total Time": 0.018,
                                "Actual Rows": 1,
                                "Actual Loops": 8,
                                "Index Cond": "(person_id = ci.person_id)",
                                "Rows Removed by Index Recheck": 0,
                                "Heap Fetches": 8
                              }
                            ]
                          },
                          {
                            "Node Type": "Index Scan",
                            "Parent Relationship": "Inner",
                            "Parallel Aware": false,
                            "Scan Direction": "Forward",
                            "Index Name": "company_name_pkey",
                            "Relation Name": "company_name",
                            "Alias": "cn",
                            "Startup Cost": 0.42,
                            "Total Cost": 0.45,
                            "Plan Rows": 1,
                            "Plan Width": 4,
                            "Actual Startup Time": 0.023,
                            "Actual Total Time": 0.023,
                            "Actual Rows": 0,
                            "Actual Loops": 8,
                            "Index Cond": "(id = mc.company_id)",
                            "Rows Removed by Index Recheck": 0,
                            "Filter": "((country_code)::text = '[us]'::text)",
                            "Rows Removed by Filter": 1
                          }
                        ]
                      },
                      {
                        "Node Type": "Index Scan",
                        "Parent Relationship": "Inner",
                        "Parallel Aware": false,
                        "Scan Direction": "Forward",
                        "Index Name": "info_type_pkey",
                        "Relation Name": "info_type",
                        "Alias": "it",
                        "Startup Cost": 0.14,
                        "Total Cost": 0.16,
                        "Plan Rows": 1,
                        "Plan Width": 4,
                        "Actual Startup Time": 0.01,
                        "Actual Total Time": 0.011,
                        "Actual Rows": 1,
                        "Actual Loops": 3,
                        "Index Cond": "(id = mi.info_type_id)",
                        "Rows Removed by Index Recheck": 0,
                        "Filter": "((info)::text = 'release dates'::text)",
                        "Rows Removed by Filter": 0
                      }
                    ]
                  },
                  {
                    "Node Type": "Index Only Scan",
                    "Parent Relationship": "Inner",
                    "Parallel Aware": false,
                    "Scan Direction": "Forward",
                    "Index Name": "char_name_pkey",
                    "Relation Name": "char_name",
                    "Alias": "chn",
                    "Startup Cost": 0.43,
                    "Total Cost": 0.5,
                    "Plan Rows": 1,
                    "Plan Width": 4,
                    "Actual Startup Time": 0.05,
                    "Actual Total Time": 0.05,
                    "Actual Rows": 1,
                    "Actual Loops": 3,
                    "Index Cond": "(id = ci.person_role_id)",
                    "Rows Removed by Index Recheck": 0,
                    "Heap Fetches": 3
                  }
                ]
              },
              {
                "Node Type": "Index Scan",
                "Parent Relationship": "Inner",
                "Parallel Aware": false,
                "Scan Direction": "Forward",
                "Index Name": "role_type_pkey",
                "Relation Name": "role_type",
                "Alias": "rt",
                "Startup Cost": 0.14,
                "Total Cost": 0.16,
                "Plan Rows": 1,
                "Plan Width": 4,
                "Actual Startup Time": 0.011,
                "Actual Total Time": 0.012,
                "Actual Rows": 1,
                "Actual Loops": 3,
                "Index Cond": "(id = ci.role_id)",
                "Rows Removed by Index Recheck": 0,
                "Filter": "((role)::text = 'actress'::text)",
                "Rows Removed by Filter": 0
              }
            ]
          }
        ]
      }
    ]
  },
  "Planning Time": 3.669,
  "Triggers": [],
  "Execution Time": 387.79
}