{
  "Plan": {
    "Node Type": "Aggregate",
    "Strategy": "Plain",
    "Partial Mode": "Finalize",
    "Parallel Aware": false,
    "Startup Cost": 78883.11,
    "Total Cost": 78883.12,
    "Plan Rows": 1,
    "Plan Width": 8,
    "Actual Startup Time": 161.808,
    "Actual Total Time": 172.788,
    "Actual Rows": 1,
    "Actual Loops": 1,
    "Plans": [
      {
        "Node Type": "Gather",
        "Parent Relationship": "Outer",
        "Parallel Aware": false,
        "Startup Cost": 78882.99,
        "Total Cost": 78883.1,
        "Plan Rows": 1,
        "Plan Width": 8,
        "Actual Startup Time": 161.493,
        "Actual Total Time": 172.78,
        "Actual Rows": 2,
        "Actual Loops": 1,
        "Workers Planned": 1,
        "Workers Launched": 1,
        "Single Copy": false,
        "Plans": [
          {
            "Node Type": "Aggregate",
            "Strategy": "Plain",
            "Partial Mode": "Partial",
            "Parent Relationship": "Outer",
            "Parallel Aware": false,
            "Startup Cost": 77882.99,
            "Total Cost": 77883.0,
            "Plan Rows": 1,
            "Plan Width": 8,
            "Actual Startup Time": 155.276,
            "Actual Total Time": 155.282,
            "Actual Rows": 1,
            "Actual Loops": 2,
            "Plans": [
              {
                "Node Type": "Hash Join",
                "Parent Relationship": "Outer",
                "Parallel Aware": true,
                "Join Type": "Inner",
                "Startup Cost": 48966.91,
                "Total Cost": 77881.58,
                "Plan Rows": 565,
                "Plan Width": 0,
                "Actual Startup Time": 76.481,
                "Actual Total Time": 154.958,
                "Actual Rows": 4618,
                "Actual Loops": 2,
                "Inner Unique": false,
                "Hash Cond": "(mk.movie_id = t.id)",
                "Plans": [
                  {
                    "Node Type": "Bitmap Heap Scan",
                    "Parent Relationship": "Outer",
                    "Parallel Aware": true,
                    "Relation Name": "movie_keyword",
                    "Alias": "mk",
                    "Startup Cost": 9894.31,
                    "Total Cost": 37777.04,
                    "Plan Rows": 274298,
                    "Plan Width": 4,
                    "Actual Startup Time": 29.771,
                    "Actual Total Time": 102.156,
                    "Actual Rows": 227506,
                    "Actual Loops": 2,
                    "Recheck Cond": "(keyword_id > 38936)",
                    "Rows Removed by Index Recheck": 0,
                    "Exact Heap Blocks": 17221,
                    "Lossy Heap Blocks": 0,
                    "Plans": [
                      {
                        "Node Type": "Bitmap Index Scan",
                        "Parent Relationship": "Outer",
                        "Parallel Aware": false,
                        "Index Name": "keyword_id_movie_keyword",
                        "Startup Cost": 0.0,
                        "Total Cost": 9777.74,
                        "Plan Rows": 466307,
                        "Plan Width": 0,
                        "Actual Startup Time": 26.317,
                        "Actual Total Time": 26.317,
                        "Actual Rows": 455012,
                        "Actual Loops": 1,
                        "Index Cond": "(keyword_id > 38936)"
                      }
                    ]
                  },
                  {
                    "Node Type": "Hash",
                    "Parent Relationship": "Inner",
                    "Parallel Aware": true,
                    "Startup Cost": 39034.28,
                    "Total Cost": 39034.28,
                    "Plan Rows": 3065,
                    "Plan Width": 8,
                    "Actual Startup Time": 30.016,
                    "Actual Total Time": 30.018,
                    "Actual Rows": 1828,
                    "Actual Loops": 2,
                    "Hash Buckets": 8192,
                    "Original Hash Buckets": 8192,
                    "Hash Batches": 1,
                    "Original Hash Batches": 1,
                    "Peak Memory Usage": 224,
                    "Plans": [
                      {
                        "Node Type": "Nested Loop",
                        "Parent Relationship": "Outer",
                        "Parallel Aware": false,
                        "Join Type": "Inner",
                        "Startup Cost": 223.14,
                        "Total Cost": 39034.28,
                        "Plan Rows": 3065,
                        "Plan Width": 8,
                        "Actual Startup Time": 10.503,
                        "Actual Total Time": 29.098,
                        "Actual Rows": 1828,
                        "Actual Loops": 2,
                        "Inner Unique": true,
                        "Plans": [
                          {
                            "Node Type": "Bitmap Heap Scan",
                            "Parent Relationship": "Outer",
                            "Parallel Aware": true,
                            "Relation Name": "movie_companies",
                            "Alias": "mc",
                            "Startup Cost": 222.71,
                            "Total Cost": 16718.82,
                            "Plan Rows": 3065,
                            "Plan Width": 4,
                            "Actual Startup Time": 10.374,
                            "Actual Total Time": 14.649,
                            "Actual Rows": 1828,
                            "Actual Loops": 2,
                            "Recheck Cond": "(company_id = 1451)",
                            "Rows Removed by Index Recheck": 0,
                            "Filter": "(company_type_id > 1)",
                            "Rows Removed by Filter": 2905,
                            "Exact Heap Blocks": 4778,
                            "Lossy Heap Blocks": 0,
                            "Plans": [
                              {
                                "Node Type": "Bitmap Index Scan",
                                "Parent Relationship": "Outer",
                                "Parallel Aware": false,
                                "Index Name": "company_id_movie_companies",
                                "Startup Cost": 0.0,
                                "Total Cost": 221.4,
                                "Plan Rows": 10263,
                                "Plan Width": 0,
                                "Actual Startup Time": 3.324,
                                "Actual Total Time": 3.324,
                                "Actual Rows": 9466,
                                "Actual Loops": 1,
                                "Index Cond": "(company_id = 1451)"
                              }
                            ]
                          },
                          {
                            "Node Type": "Index Only Scan",
                            "Parent Relationship": "Inner",
                            "Parallel Aware": false,
                            "Scan Direction": "Forward",
                            "Index Name": "title_pkey",
                            "Relation Name": "title",
                            "Alias": "t",
                            "Startup Cost": 0.43,
                            "Total Cost": 7.28,
                            "Plan Rows": 1,
                            "Plan Width": 4,
                            "Actual Startup Time": 0.007,
                            "Actual Total Time": 0.007,
                            "Actual Rows": 1,
                            "Actual Loops": 3656,
                            "Index Cond": "(id = mc.movie_id)",
                            "Rows Removed by Index Recheck": 0,
                            "Heap Fetches": 3656
                          }
                        ]
                      }
                    ]
                  }
                ]
              }
            ]
          }
        ]
      }
    ]
  },
  "Planning Time": 0.966,
  "Triggers": [],
  "Execution Time": 172.904
}