[
  {
    "Plan": {
      "Node Type": "Aggregate",
      "Strategy": "Plain",
      "Partial Mode": "Finalize",
      "Parallel Aware": false,
      "Startup Cost": 99194.02,
      "Total Cost": 99194.03,
      "Plan Rows": 1,
      "Plan Width": 8,
      "Actual Startup Time": 423.098,
      "Actual Total Time": 438.85,
      "Actual Rows": 1,
      "Actual Loops": 1,
      "Plans": [
        {
          "Node Type": "Gather",
          "Parent Relationship": "Outer",
          "Parallel Aware": false,
          "Startup Cost": 99193.81,
          "Total Cost": 99194.02,
          "Plan Rows": 2,
          "Plan Width": 8,
          "Actual Startup Time": 420.512,
          "Actual Total Time": 438.844,
          "Actual Rows": 3,
          "Actual Loops": 1,
          "Workers Planned": 2,
          "Workers Launched": 2,
          "Single Copy": false,
          "Plans": [
            {
              "Node Type": "Aggregate",
              "Strategy": "Plain",
              "Partial Mode": "Partial",
              "Parent Relationship": "Outer",
              "Parallel Aware": false,
              "Startup Cost": 98193.81,
              "Total Cost": 98193.82,
              "Plan Rows": 1,
              "Plan Width": 8,
              "Actual Startup Time": 412.32,
              "Actual Total Time": 412.325,
              "Actual Rows": 1,
              "Actual Loops": 3,
              "Plans": [
                {
                  "Node Type": "Hash Join",
                  "Parent Relationship": "Outer",
                  "Parallel Aware": true,
                  "Join Type": "Inner",
                  "Startup Cost": 81855.06,
                  "Total Cost": 97945.16,
                  "Plan Rows": 99460,
                  "Plan Width": 0,
                  "Actual Startup Time": 362.262,
                  "Actual Total Time": 412.28,
                  "Actual Rows": 813,
                  "Actual Loops": 3,
                  "Inner Unique": false,
                  "Hash Cond": "(mi_idx.movie_id = t.id)",
                  "Plans": [
                    {
                      "Node Type": "Seq Scan",
                      "Parent Relationship": "Outer",
                      "Parallel Aware": true,
                      "Relation Name": "movie_info_idx",
                      "Alias": "mi_idx",
                      "Startup Cost": 0.0,
                      "Total Cost": 13685.15,
                      "Plan Rows": 575015,
                      "Plan Width": 4,
                      "Actual Startup Time": 0.03,
                      "Actual Total Time": 33.504,
                      "Actual Rows": 460012,
                      "Actual Loops": 3
                    },
                    {
                      "Node Type": "Hash",
                      "Parent Relationship": "Inner",
                      "Parallel Aware": true,
                      "Startup Cost": 80488.43,
                      "Total Cost": 80488.43,
                      "Plan Rows": 109330,
                      "Plan Width": 8,
                      "Actual Startup Time": 338.936,
                      "Actual Total Time": 338.94,
                      "Actual Rows": 830,
                      "Actual Loops": 3,
                      "Hash Buckets": 524288,
                      "Original Hash Buckets": 524288,
                      "Hash Batches": 1,
                      "Original Hash Batches": 1,
                      "Peak Memory Usage": 4224,
                      "Plans": [
                        {
                          "Node Type": "Hash Join",
                          "Parent Relationship": "Outer",
                          "Parallel Aware": true,
                          "Join Type": "Inner",
                          "Startup Cost": 34315.76,
                          "Total Cost": 80488.43,
                          "Plan Rows": 109330,
                          "Plan Width": 8,
                          "Actual Startup Time": 249.894,
                          "Actual Total Time": 337.939,
                          "Actual Rows": 830,
                          "Actual Loops": 3,
                          "Inner Unique": false,
                          "Hash Cond": "(t.id = mc.movie_id)",
                          "Plans": [
                            {
                              "Node Type": "Seq Scan",
                              "Parent Relationship": "Outer",
                              "Parallel Aware": true,
                              "Relation Name": "title",
                              "Alias": "t",
                              "Startup Cost": 0.0,
                              "Total Cost": 43898.92,
                              "Plan Rows": 384216,
                              "Plan Width": 4,
                              "Actual Startup Time": 0.011,
                              "Actual Total Time": 99.583,
                              "Actual Rows": 514421,
                              "Actual Loops": 3,
                              "Filter": "(kind_id = 7)",
                              "Rows Removed by Filter": 328349
                            },
                            {
                              "Node Type": "Hash",
                              "Parent Relationship": "Inner",
                              "Parallel Aware": true,
                              "Startup Cost": 31414.82,
                              "Total Cost": 31414.82,
                              "Plan Rows": 232075,
                              "Plan Width": 4,
                              "Actual Startup Time": 143.417,
                              "Actual Total Time": 143.418,
                              "Actual Rows": 167010,
                              "Actual Loops": 3,
                              "Hash Buckets": 1048576,
                              "Original Hash Buckets": 1048576,
                              "Hash Batches": 1,
                              "Original Hash Batches": 1,
                              "Peak Memory Usage": 27872,
                              "Plans": [
                                {
                                  "Node Type": "Seq Scan",
                                  "Parent Relationship": "Outer",
                                  "Parallel Aware": true,
                                  "Relation Name": "movie_companies",
                                  "Alias": "mc",
                                  "Startup Cost": 0.0,
                                  "Total Cost": 31414.82,
                                  "Plan Rows": 232075,
                                  "Plan Width": 4,
                                  "Actual Startup Time": 16.567,
                                  "Actual Total Time": 94.439,
                                  "Actual Rows": 167010,
                                  "Actual Loops": 3,
                                  "Filter": "((company_id > 8819) AND (company_type_id = 1))",
                                  "Rows Removed by Filter": 702700
                                }
                              ]
                            }
                          ]
                        }
                      ]
                    }
                  ]
                }
              ]
            }
          ]
        }
      ]
    },
    "Planning Time": 1.339,
    "Triggers": [],
    "Execution Time": 438.981
  }
]