[
  {
    "Plan": {
      "Node Type": "Aggregate",
      "Strategy": "Plain",
      "Partial Mode": "Finalize",
      "Parallel Aware": false,
      "Startup Cost": 32670.29,
      "Total Cost": 32670.3,
      "Plan Rows": 1,
      "Plan Width": 8,
      "Actual Startup Time": 97.324,
      "Actual Total Time": 103.284,
      "Actual Rows": 1,
      "Actual Loops": 1,
      "Plans": [
        {
          "Node Type": "Gather",
          "Parent Relationship": "Outer",
          "Parallel Aware": false,
          "Startup Cost": 32669.97,
          "Total Cost": 32670.28,
          "Plan Rows": 3,
          "Plan Width": 8,
          "Actual Startup Time": 97.189,
          "Actual Total Time": 103.274,
          "Actual Rows": 4,
          "Actual Loops": 1,
          "Workers Planned": 3,
          "Workers Launched": 3,
          "Single Copy": false,
          "Plans": [
            {
              "Node Type": "Aggregate",
              "Strategy": "Plain",
              "Partial Mode": "Partial",
              "Parent Relationship": "Outer",
              "Parallel Aware": false,
              "Startup Cost": 31669.97,
              "Total Cost": 31669.98,
              "Plan Rows": 1,
              "Plan Width": 8,
              "Actual Startup Time": 89.729,
              "Actual Total Time": 89.73,
              "Actual Rows": 1,
              "Actual Loops": 4,
              "Plans": [
                {
                  "Node Type": "Seq Scan",
                  "Parent Relationship": "Outer",
                  "Parallel Aware": true,
                  "Relation Name": "movie_companies",
                  "Alias": "mc",
                  "Startup Cost": 0.0,
                  "Total Cost": 31414.82,
                  "Plan Rows": 102061,
                  "Plan Width": 0,
                  "Actual Startup Time": 48.73,
                  "Actual Total Time": 82.904,
                  "Actual Rows": 155078,
                  "Actual Loops": 4,
                  "Filter": "((company_id > 58300) AND (company_type_id = 2))",
                  "Rows Removed by Filter": 497204
                }
              ]
            }
          ]
        }
      ]
    },
    "Planning Time": 0.231,
    "Triggers": [],
    "Execution Time": 103.351
  }
]