{
  "Plan": {
    "Node Type": "Aggregate",
    "Strategy": "Plain",
    "Partial Mode": "Finalize",
    "Parallel Aware": false,
    "Startup Cost": 673253.52,
    "Total Cost": 673253.53,
    "Plan Rows": 1,
    "Plan Width": 8,
    "Actual Startup Time": 5428.17,
    "Actual Total Time": 5490.542,
    "Actual Rows": 1,
    "Actual Loops": 1,
    "Plans": [
      {
        "Node Type": "Gather",
        "Parent Relationship": "Outer",
        "Parallel Aware": false,
        "Startup Cost": 673253.41,
        "Total Cost": 673253.52,
        "Plan Rows": 1,
        "Plan Width": 8,
        "Actual Startup Time": 5421.631,
        "Actual Total Time": 5490.529,
        "Actual Rows": 2,
        "Actual Loops": 1,
        "Workers Planned": 1,
        "Workers Launched": 1,
        "Single Copy": false,
        "Plans": [
          {
            "Node Type": "Aggregate",
            "Strategy": "Plain",
            "Partial Mode": "Partial",
            "Parent Relationship": "Outer",
            "Parallel Aware": false,
            "Startup Cost": 672253.41,
            "Total Cost": 672253.42,
            "Plan Rows": 1,
            "Plan Width": 8,
            "Actual Startup Time": 5409.784,
            "Actual Total Time": 5409.788,
            "Actual Rows": 1,
            "Actual Loops": 2,
            "Plans": [
              {
                "Node Type": "Hash Join",
                "Parent Relationship": "Outer",
                "Parallel Aware": true,
                "Join Type": "Inner",
                "Startup Cost": 71790.53,
                "Total Cost": 659082.27,
                "Plan Rows": 5268455,
                "Plan Width": 0,
                "Actual Startup Time": 600.43,
                "Actual Total Time": 5155.791,
                "Actual Rows": 6208490,
                "Actual Loops": 2,
                "Inner Unique": true,
                "Hash Cond": "(ci.movie_id = t.id)",
                "Plans": [
                  {
                    "Node Type": "Seq Scan",
                    "Parent Relationship": "Outer",
                    "Parallel Aware": true,
                    "Relation Name": "cast_info",
                    "Alias": "ci",
                    "Startup Cost": 0.0,
                    "Total Cost": 572345.93,
                    "Plan Rows": 5693634,
                    "Plan Width": 4,
                    "Actual Startup Time": 0.017,
                    "Actual Total Time": 1729.925,
                    "Actual Rows": 6397500,
                    "Actual Loops": 2,
                    "Filter": "((person_id < 1754967) AND (role_id < 3))",
                    "Rows Removed by Filter": 11724672
                  },
                  {
                    "Node Type": "Hash",
                    "Parent Relationship": "Inner",
                    "Parallel Aware": true,
                    "Startup Cost": 54588.39,
                    "Total Cost": 54588.39,
                    "Plan Rows": 1376171,
                    "Plan Width": 4,
                    "Actual Startup Time": 577.708,
                    "Actual Total Time": 577.709,
                    "Actual Rows": 1167926,
                    "Actual Loops": 2,
                    "Hash Buckets": 4194304,
                    "Original Hash Buckets": 4194304,
                    "Hash Batches": 1,
                    "Original Hash Batches": 1,
                    "Peak Memory Usage": 124192,
                    "Plans": [
                      {
                        "Node Type": "Seq Scan",
                        "Parent Relationship": "Outer",
                        "Parallel Aware": true,
                        "Relation Name": "title",
                        "Alias": "t",
                        "Startup Cost": 0.0,
                        "Total Cost": 54588.39,
                        "Plan Rows": 1376171,
                        "Plan Width": 4,
                        "Actual Startup Time": 0.045,
                        "Actual Total Time": 193.22,
                        "Actual Rows": 1167926,
                        "Actual Loops": 2,
                        "Filter": "(production_year > 1931)",
                        "Rows Removed by Filter": 96230
                      }
                    ]
                  }
                ]
              }
            ]
          }
        ]
      }
    ]
  },
  "Planning Time": 0.705,
  "Triggers": [],
  "Execution Time": 5490.627
}