{
  "Plan": {
    "Node Type": "Aggregate",
    "Strategy": "Plain",
    "Partial Mode": "Finalize",
    "Parallel Aware": false,
    "Startup Cost": 137395.59,
    "Total Cost": 137395.6,
    "Plan Rows": 1,
    "Plan Width": 8,
    "Actual Startup Time": 932.953,
    "Actual Total Time": 953.57,
    "Actual Rows": 1,
    "Actual Loops": 1,
    "Plans": [
      {
        "Node Type": "Gather",
        "Parent Relationship": "Outer",
        "Parallel Aware": false,
        "Startup Cost": 137395.48,
        "Total Cost": 137395.59,
        "Plan Rows": 1,
        "Plan Width": 8,
        "Actual Startup Time": 927.117,
        "Actual Total Time": 953.561,
        "Actual Rows": 2,
        "Actual Loops": 1,
        "Workers Planned": 1,
        "Workers Launched": 1,
        "Single Copy": false,
        "Plans": [
          {
            "Node Type": "Aggregate",
            "Strategy": "Plain",
            "Partial Mode": "Partial",
            "Parent Relationship": "Outer",
            "Parallel Aware": false,
            "Startup Cost": 136395.48,
            "Total Cost": 136395.49,
            "Plan Rows": 1,
            "Plan Width": 8,
            "Actual Startup Time": 921.299,
            "Actual Total Time": 922.219,
            "Actual Rows": 1,
            "Actual Loops": 2,
            "Plans": [
              {
                "Node Type": "Hash Join",
                "Parent Relationship": "Outer",
                "Parallel Aware": true,
                "Join Type": "Inner",
                "Startup Cost": 125998.21,
                "Total Cost": 136281.23,
                "Plan Rows": 45697,
                "Plan Width": 0,
                "Actual Startup Time": 819.141,
                "Actual Total Time": 906.243,
                "Actual Rows": 416788,
                "Actual Loops": 2,
                "Inner Unique": false,
                "Hash Cond": "(ci.movie_id = t.id)",
                "Plans": [
                  {
                    "Node Type": "Index Scan",
                    "Parent Relationship": "Outer",
                    "Parallel Aware": true,
                    "Scan Direction": "Forward",
                    "Index Name": "role_id_cast_info",
                    "Relation Name": "cast_info",
                    "Alias": "ci",
                    "Startup Cost": 0.56,
                    "Total Cost": 9590.86,
                    "Plan Rows": 113047,
                    "Plan Width": 4,
                    "Actual Startup Time": 0.118,
                    "Actual Total Time": 24.675,
                    "Actual Rows": 133080,
                    "Actual Loops": 2,
                    "Index Cond": "(role_id > 10)",
                    "Rows Removed by Index Recheck": 0,
                    "Filter": "(person_id > 1272004)",
                    "Rows Removed by Filter": 24980
                  },
                  {
                    "Node Type": "Hash",
                    "Parent Relationship": "Inner",
                    "Parallel Aware": true,
                    "Startup Cost": 118482.81,
                    "Total Cost": 118482.81,
                    "Plan Rows": 601187,
                    "Plan Width": 8,
                    "Actual Startup Time": 809.699,
                    "Actual Total Time": 810.617,
                    "Actual Rows": 926644,
                    "Actual Loops": 2,
                    "Hash Buckets": 2097152,
                    "Original Hash Buckets": 1048576,
                    "Hash Batches": 1,
                    "Original Hash Batches": 1,
                    "Peak Memory Usage": 97120,
                    "Plans": [
                      {
                        "Node Type": "Hash Join",
                        "Parent Relationship": "Outer",
                        "Parallel Aware": true,
                        "Join Type": "Inner",
                        "Startup Cost": 60431.96,
                        "Total Cost": 118482.81,
                        "Plan Rows": 601187,
                        "Plan Width": 8,
                        "Actual Startup Time": 200.805,
                        "Actual Total Time": 630.754,
                        "Actual Rows": 926644,
                        "Actual Loops": 2,
                        "Inner Unique": true,
                        "Hash Cond": "(mk.movie_id = t.id)",
                        "Plans": [
                          {
                            "Node Type": "Seq Scan",
                            "Parent Relationship": "Outer",
                            "Parallel Aware": true,
                            "Relation Name": "movie_keyword",
                            "Alias": "mk",
                            "Startup Cost": 0.0,
                            "Total Cost": 51065.35,
                            "Plan Rows": 2661135,
                            "Plan Width": 4,
                            "Actual Startup Time": 0.011,
                            "Actual Total Time": 162.41,
                            "Actual Rows": 2261965,
                            "Actual Loops": 2
                          },
                          {
                            "Node Type": "Hash",
                            "Parent Relationship": "Inner",
                            "Parallel Aware": true,
                            "Startup Cost": 56232.14,
                            "Total Cost": 56232.14,
                            "Plan Rows": 335986,
                            "Plan Width": 4,
                            "Actual Startup Time": 195.257,
                            "Actual Total Time": 195.258,
                            "Actual Rows": 223805,
                            "Actual Loops": 2,
                            "Hash Buckets": 1048576,
                            "Original Hash Buckets": 1048576,
                            "Hash Batches": 1,
                            "Original Hash Batches": 1,
                            "Peak Memory Usage": 25728,
                            "Plans": [
                              {
                                "Node Type": "Bitmap Heap Scan",
                                "Parent Relationship": "Outer",
                                "Parallel Aware": true,
                                "Relation Name": "title",
                                "Alias": "t",
                                "Startup Cost": 13581.75,
                                "Total Cost": 56232.14,
                                "Plan Rows": 335986,
                                "Plan Width": 4,
                                "Actual Startup Time": 38.006,
                                "Actual Total Time": 136.88,
                                "Actual Rows": 223805,
                                "Actual Loops": 2,
                                "Recheck Cond": "(kind_id < 3)",
                                "Rows Removed by Index Recheck": 0,
                                "Filter": "(production_year > 1982)",
                                "Rows Removed by Filter": 153034,
                                "Exact Heap Blocks": 25112,
                                "Lossy Heap Blocks": 0,
                                "Plans": [
                                  {
                                    "Node Type": "Bitmap Index Scan",
                                    "Parent Relationship": "Outer",
                                    "Parallel Aware": false,
                                    "Index Name": "kind_id_title",
                                    "Startup Cost": 0.0,
                                    "Total Cost": 13438.96,
                                    "Plan Rows": 753937,
                                    "Plan Width": 0,
                                    "Actual Startup Time": 32.29,
                                    "Actual Total Time": 32.29,
                                    "Actual Rows": 753677,
                                    "Actual Loops": 1,
                                    "Index Cond": "(kind_id < 3)"
                                  }
                                ]
                              }
                            ]
                          }
                        ]
                      }
                    ]
                  }
                ]
              }
            ]
          }
        ]
      }
    ]
  },
  "Planning Time": 0.969,
  "Triggers": [],
  "Execution Time": 953.734
}