[
  {
    "Plan": {
      "Node Type": "Aggregate",
      "Strategy": "Plain",
      "Partial Mode": "Finalize",
      "Parallel Aware": false,
      "Startup Cost": 45084.88,
      "Total Cost": 45084.89,
      "Plan Rows": 1,
      "Plan Width": 8,
      "Actual Startup Time": 141.203,
      "Actual Total Time": 151.412,
      "Actual Rows": 1,
      "Actual Loops": 1,
      "Plans": [
        {
          "Node Type": "Gather",
          "Parent Relationship": "Outer",
          "Parallel Aware": false,
          "Startup Cost": 45084.57,
          "Total Cost": 45084.88,
          "Plan Rows": 3,
          "Plan Width": 8,
          "Actual Startup Time": 141.065,
          "Actual Total Time": 151.404,
          "Actual Rows": 4,
          "Actual Loops": 1,
          "Workers Planned": 3,
          "Workers Launched": 3,
          "Single Copy": false,
          "Plans": [
            {
              "Node Type": "Aggregate",
              "Strategy": "Plain",
              "Partial Mode": "Partial",
              "Parent Relationship": "Outer",
              "Parallel Aware": false,
              "Startup Cost": 44084.57,
              "Total Cost": 44084.58,
              "Plan Rows": 1,
              "Plan Width": 8,
              "Actual Startup Time": 135.233,
              "Actual Total Time": 135.234,
              "Actual Rows": 1,
              "Actual Loops": 4,
              "Plans": [
                {
                  "Node Type": "Seq Scan",
                  "Parent Relationship": "Outer",
                  "Parallel Aware": true,
                  "Relation Name": "movie_keyword",
                  "Alias": "mk",
                  "Startup Cost": 0.0,
                  "Total Cost": 42695.65,
                  "Plan Rows": 555565,
                  "Plan Width": 0,
                  "Actual Startup Time": 0.484,
                  "Actual Total Time": 114.892,
                  "Actual Rows": 428117,
                  "Actual Loops": 4,
                  "Filter": "(keyword_id > 8349)",
                  "Rows Removed by Filter": 702866
                }
              ]
            }
          ]
        }
      ]
    },
    "Planning Time": 0.108,
    "Triggers": [],
    "Execution Time": 151.461
  }
]