[
  {
    "Plan": {
      "Node Type": "Aggregate",
      "Strategy": "Plain",
      "Partial Mode": "Finalize",
      "Parallel Aware": false,
      "Startup Cost": 252439.02,
      "Total Cost": 252439.03,
      "Plan Rows": 1,
      "Plan Width": 8,
      "Actual Startup Time": 827.191,
      "Actual Total Time": 872.464,
      "Actual Rows": 1,
      "Actual Loops": 1,
      "Plans": [
        {
          "Node Type": "Gather",
          "Parent Relationship": "Outer",
          "Parallel Aware": false,
          "Startup Cost": 252438.49,
          "Total Cost": 252439.0,
          "Plan Rows": 5,
          "Plan Width": 8,
          "Actual Startup Time": 823.061,
          "Actual Total Time": 872.453,
          "Actual Rows": 6,
          "Actual Loops": 1,
          "Workers Planned": 5,
          "Workers Launched": 5,
          "Single Copy": false,
          "Plans": [
            {
              "Node Type": "Aggregate",
              "Strategy": "Plain",
              "Partial Mode": "Partial",
              "Parent Relationship": "Outer",
              "Parallel Aware": false,
              "Startup Cost": 251438.49,
              "Total Cost": 251438.5,
              "Plan Rows": 1,
              "Plan Width": 8,
              "Actual Startup Time": 812.642,
              "Actual Total Time": 812.645,
              "Actual Rows": 1,
              "Actual Loops": 6,
              "Plans": [
                {
                  "Node Type": "Hash Join",
                  "Parent Relationship": "Outer",
                  "Parallel Aware": true,
                  "Join Type": "Inner",
                  "Startup Cost": 46997.13,
                  "Total Cost": 249945.92,
                  "Plan Rows": 597031,
                  "Plan Width": 0,
                  "Actual Startup Time": 164.965,
                  "Actual Total Time": 778.545,
                  "Actual Rows": 829042,
                  "Actual Loops": 6,
                  "Inner Unique": true,
                  "Hash Cond": "(mi.movie_id = t.id)",
                  "Plans": [
                    {
                      "Node Type": "Seq Scan",
                      "Parent Relationship": "Outer",
                      "Parallel Aware": true,
                      "Relation Name": "movie_info",
                      "Alias": "mi",
                      "Startup Cost": 0.0,
                      "Total Cost": 198952.16,
                      "Plan Rows": 1522520,
                      "Plan Width": 4,
                      "Actual Startup Time": 15.424,
                      "Actual Total Time": 310.539,
                      "Actual Rows": 1258142,
                      "Actual Loops": 6,
                      "Filter": "(info_type_id > 7)",
                      "Rows Removed by Filter": 1214478
                    },
                    {
                      "Node Type": "Hash",
                      "Parent Relationship": "Inner",
                      "Parallel Aware": true,
                      "Startup Cost": 43898.92,
                      "Total Cost": 43898.92,
                      "Plan Rows": 247857,
                      "Plan Width": 4,
                      "Actual Startup Time": 145.726,
                      "Actual Total Time": 145.727,
                      "Actual Rows": 164175,
                      "Actual Loops": 6,
                      "Hash Buckets": 1048576,
                      "Original Hash Buckets": 1048576,
                      "Hash Batches": 1,
                      "Original Hash Batches": 1,
                      "Peak Memory Usage": 46816,
                      "Plans": [
                        {
                          "Node Type": "Seq Scan",
                          "Parent Relationship": "Outer",
                          "Parallel Aware": true,
                          "Relation Name": "title",
                          "Alias": "t",
                          "Startup Cost": 0.0,
                          "Total Cost": 43898.92,
                          "Plan Rows": 247857,
                          "Plan Width": 4,
                          "Actual Startup Time": 0.041,
                          "Actual Total Time": 81.053,
                          "Actual Rows": 164175,
                          "Actual Loops": 6,
                          "Filter": "(kind_id < 7)",
                          "Rows Removed by Filter": 257211
                        }
                      ]
                    }
                  ]
                }
              ]
            }
          ]
        }
      ]
    },
    "Planning Time": 0.584,
    "Triggers": [],
    "Execution Time": 872.546
  }
]