[
  {
    "Plan": {
      "Node Type": "Aggregate",
      "Strategy": "Plain",
      "Partial Mode": "Finalize",
      "Parallel Aware": false,
      "Startup Cost": 58589.14,
      "Total Cost": 58589.15,
      "Plan Rows": 1,
      "Plan Width": 8,
      "Actual Startup Time": 84.872,
      "Actual Total Time": 96.312,
      "Actual Rows": 1,
      "Actual Loops": 1,
      "Plans": [
        {
          "Node Type": "Gather",
          "Parent Relationship": "Outer",
          "Parallel Aware": false,
          "Startup Cost": 58588.72,
          "Total Cost": 58589.13,
          "Plan Rows": 4,
          "Plan Width": 8,
          "Actual Startup Time": 84.731,
          "Actual Total Time": 96.305,
          "Actual Rows": 5,
          "Actual Loops": 1,
          "Workers Planned": 4,
          "Workers Launched": 4,
          "Single Copy": false,
          "Plans": [
            {
              "Node Type": "Aggregate",
              "Strategy": "Plain",
              "Partial Mode": "Partial",
              "Parent Relationship": "Outer",
              "Parallel Aware": false,
              "Startup Cost": 57588.72,
              "Total Cost": 57588.73,
              "Plan Rows": 1,
              "Plan Width": 8,
              "Actual Startup Time": 78.191,
              "Actual Total Time": 78.193,
              "Actual Rows": 1,
              "Actual Loops": 5,
              "Plans": [
                {
                  "Node Type": "Nested Loop",
                  "Parent Relationship": "Outer",
                  "Parallel Aware": false,
                  "Join Type": "Inner",
                  "Startup Cost": 0.86,
                  "Total Cost": 57578.92,
                  "Plan Rows": 3919,
                  "Plan Width": 0,
                  "Actual Startup Time": 6.34,
                  "Actual Total Time": 78.139,
                  "Actual Rows": 464,
                  "Actual Loops": 5,
                  "Inner Unique": false,
                  "Join Filter": "(t.id = mi.movie_id)",
                  "Rows Removed by Join Filter": 0,
                  "Plans": [
                    {
                      "Node Type": "Nested Loop",
                      "Parent Relationship": "Outer",
                      "Parallel Aware": false,
                      "Join Type": "Inner",
                      "Startup Cost": 0.43,
                      "Total Cost": 56245.3,
                      "Plan Rows": 668,
                      "Plan Width": 8,
                      "Actual Startup Time": 6.199,
                      "Actual Total Time": 75.532,
                      "Actual Rows": 69,
                      "Actual Loops": 5,
                      "Inner Unique": false,
                      "Plans": [
                        {
                          "Node Type": "Seq Scan",
                          "Parent Relationship": "Outer",
                          "Parallel Aware": true,
                          "Relation Name": "title",
                          "Alias": "t",
                          "Startup Cost": 0.0,
                          "Total Cost": 45479.59,
                          "Plan Rows": 647,
                          "Plan Width": 4,
                          "Actual Startup Time": 4.384,
                          "Actual Total Time": 74.255,
                          "Actual Rows": 60,
                          "Actual Loops": 5,
                          "Filter": "((kind_id > 1) AND (production_year > 2013))",
                          "Rows Removed by Filter": 505603
                        },
                        {
                          "Node Type": "Index Only Scan",
                          "Parent Relationship": "Inner",
                          "Parallel Aware": false,
                          "Scan Direction": "Forward",
                          "Index Name": "movie_id_movie_companies",
                          "Relation Name": "movie_companies",
                          "Alias": "mc",
                          "Startup Cost": 0.43,
                          "Total Cost": 16.59,
                          "Plan Rows": 5,
                          "Plan Width": 4,
                          "Actual Startup Time": 0.018,
                          "Actual Total Time": 0.02,
                          "Actual Rows": 1,
                          "Actual Loops": 298,
                          "Index Cond": "(movie_id = t.id)",
                          "Rows Removed by Index Recheck": 0,
                          "Heap Fetches": 343
                        }
                      ]
                    },
                    {
                      "Node Type": "Index Only Scan",
                      "Parent Relationship": "Inner",
                      "Parallel Aware": false,
                      "Scan Direction": "Forward",
                      "Index Name": "movie_id_movie_info",
                      "Relation Name": "movie_info",
                      "Alias": "mi",
                      "Startup Cost": 0.43,
                      "Total Cost": 1.48,
                      "Plan Rows": 41,
                      "Plan Width": 4,
                      "Actual Startup Time": 0.016,
                      "Actual Total Time": 0.037,
                      "Actual Rows": 7,
                      "Actual Loops": 343,
                      "Index Cond": "(movie_id = mc.movie_id)",
                      "Rows Removed by Index Recheck": 0,
                      "Heap Fetches": 2319
                    }
                  ]
                }
              ]
            }
          ]
        }
      ]
    },
    "Planning Time": 0.462,
    "Triggers": [],
    "Execution Time": 96.353
  }
]