[
  {
    "Bao": {
      "Bao prediction": 291.82,
      "Bao recommended hint": "SET enable_hashjoin TO off; SET enable_mergejoin TO off; "
    }
  },
  {
    "Plan": {
      "Node Type": "Aggregate",
      "Strategy": "Plain",
      "Partial Mode": "Simple",
      "Parallel Aware": false,
      "Startup Cost": 3783.65,
      "Total Cost": 3783.66,
      "Plan Rows": 1,
      "Plan Width": 96,
      "Actual Startup Time": 86.572,
      "Actual Total Time": 86.581,
      "Actual Rows": 1,
      "Actual Loops": 1,
      "Plans": [
        {
          "Node Type": "Nested Loop",
          "Parent Relationship": "Outer",
          "Parallel Aware": false,
          "Join Type": "Inner",
          "Startup Cost": 15.19,
          "Total Cost": 3783.64,
          "Plan Rows": 1,
          "Plan Width": 48,
          "Actual Startup Time": 65.148,
          "Actual Total Time": 86.565,
          "Actual Rows": 15,
          "Actual Loops": 1,
          "Inner Unique": true,
          "Plans": [
            {
              "Node Type": "Nested Loop",
              "Parent Relationship": "Outer",
              "Parallel Aware": false,
              "Join Type": "Inner",
              "Startup Cost": 14.77,
              "Total Cost": 3783.19,
              "Plan Rows": 1,
              "Plan Width": 52,
              "Actual Startup Time": 65.099,
              "Actual Total Time": 86.054,
              "Actual Rows": 66,
              "Actual Loops": 1,
              "Inner Unique": false,
              "Join Filter": "(t.id = mc.movie_id)",
              "Rows Removed by Join Filter": 0,
              "Plans": [
                {
                  "Node Type": "Nested Loop",
                  "Parent Relationship": "Outer",
                  "Parallel Aware": false,
                  "Join Type": "Inner",
                  "Startup Cost": 14.34,
                  "Total Cost": 3782.59,
                  "Plan Rows": 1,
                  "Plan Width": 68,
                  "Actual Startup Time": 65.032,
                  "Actual Total Time": 85.951,
                  "Actual Rows": 3,
                  "Actual Loops": 1,
                  "Inner Unique": true,
                  "Plans": [
                    {
                      "Node Type": "Nested Loop",
                      "Parent Relationship": "Outer",
                      "Parallel Aware": false,
                      "Join Type": "Inner",
                      "Startup Cost": 13.91,
                      "Total Cost": 3781.65,
                      "Plan Rows": 1,
                      "Plan Width": 56,
                      "Actual Startup Time": 64.984,
                      "Actual Total Time": 85.898,
                      "Actual Rows": 3,
                      "Actual Loops": 1,
                      "Inner Unique": true,
                      "Join Filter": "(mi.movie_id = t.id)",
                      "Rows Removed by Join Filter": 0,
                      "Plans": [
                        {
                          "Node Type": "Nested Loop",
                          "Parent Relationship": "Outer",
                          "Parallel Aware": false,
                          "Join Type": "Inner",
                          "Startup Cost": 13.48,
                          "Total Cost": 3781.14,
                          "Plan Rows": 1,
                          "Plan Width": 35,
                          "Actual Startup Time": 31.42,
                          "Actual Total Time": 85.635,
                          "Actual Rows": 23,
                          "Actual Loops": 1,
                          "Inner Unique": true,
                          "Join Filter": "(ci.person_id = n.id)",
                          "Rows Removed by Join Filter": 0,
                          "Plans": [
                            {
                              "Node Type": "Nested Loop",
                              "Parent Relationship": "Outer",
                              "Parallel Aware": false,
                              "Join Type": "Inner",
                              "Startup Cost": 13.05,
                              "Total Cost": 3780.58,
                              "Plan Rows": 1,
                              "Plan Width": 32,
                              "Actual Startup Time": 21.138,
                              "Actual Total Time": 82.886,
                              "Actual Rows": 298,
                              "Actual Loops": 1,
                              "Inner Unique": true,
                              "Join Filter": "(mi.info_type_id = it.id)",
                              "Rows Removed by Join Filter": 0,
                              "Plans": [
                                {
                                  "Node Type": "Nested Loop",
                                  "Parent Relationship": "Outer",
                                  "Parallel Aware": false,
                                  "Join Type": "Inner",
                                  "Startup Cost": 13.05,
                                  "Total Cost": 3778.16,
                                  "Plan Rows": 1,
                                  "Plan Width": 36,
                                  "Actual Startup Time": 21.124,
                                  "Actual Total Time": 81.447,
                                  "Actual Rows": 298,
                                  "Actual Loops": 1,
                                  "Inner Unique": false,
                                  "Join Filter": "(ci.person_id = an.person_id)",
                                  "Rows Removed by Join Filter": 0,
                                  "Plans": [
                                    {
                                      "Node Type": "Nested Loop",
                                      "Parent Relationship": "Outer",
                                      "Parallel Aware": false,
                                      "Join Type": "Inner",
                                      "Startup Cost": 12.62,
                                      "Total Cost": 3777.65,
                                      "Plan Rows": 1,
                                      "Plan Width": 32,
                                      "Actual Startup Time": 21.018,
                                      "Actual Total Time": 79.17,
                                      "Actual Rows": 130,
                                      "Actual Loops": 1,
                                      "Inner Unique": false,
                                      "Join Filter": "(pi.info_type_id = it3.id)",
                                      "Rows Removed by Join Filter": 9950,
                                      "Plans": [
                                        {
                                          "Node Type": "Seq Scan",
                                          "Parent Relationship": "Outer",
                                          "Parallel Aware": false,
                                          "Relation Name": "info_type",
                                          "Alias": "it3",
                                          "Startup Cost": 0.0,
                                          "Total Cost": 2.41,
                                          "Plan Rows": 1,
                                          "Plan Width": 4,
                                          "Actual Startup Time": 0.035,
                                          "Actual Total Time": 0.04,
                                          "Actual Rows": 1,
                                          "Actual Loops": 1,
                                          "Filter": "((info)::text = 'height'::text)",
                                          "Rows Removed by Filter": 112
                                        },
                                        {
                                          "Node Type": "Nested Loop",
                                          "Parent Relationship": "Inner",
                                          "Parallel Aware": false,
                                          "Join Type": "Inner",
                                          "Startup Cost": 12.62,
                                          "Total Cost": 3775.21,
                                          "Plan Rows": 2,
                                          "Plan Width": 36,
                                          "Actual Startup Time": 12.791,
                                          "Actual Total Time": 78.611,
                                          "Actual Rows": 10080,
                                          "Actual Loops": 1,
                                          "Inner Unique": false,
                                          "Plans": [
                                            {
                                              "Node Type": "Nested Loop",
                                              "Parent Relationship": "Outer",
                                              "Parallel Aware": false,
                                              "Join Type": "Inner",
                                              "Startup Cost": 12.19,
                                              "Total Cost": 3773.75,
                                              "Plan Rows": 1,
                                              "Plan Width": 28,
                                              "Actual Startup Time": 12.611,
                                              "Actual Total Time": 70.649,
                                              "Actual Rows": 267,
                                              "Actual Loops": 1,
                                              "Inner Unique": true,
                                              "Join Filter": "(ci.role_id = rt.id)",
                                              "Rows Removed by Join Filter": 888,
                                              "Plans": [
                                                {
                                                  "Node Type": "Nested Loop",
                                                  "Parent Relationship": "Outer",
                                                  "Parallel Aware": false,
                                                  "Join Type": "Inner",
                                                  "Startup Cost": 12.19,
                                                  "Total Cost": 3772.58,
                                                  "Plan Rows": 1,
                                                  "Plan Width": 32,
                                                  "Actual Startup Time": 11.221,
                                                  "Actual Total Time": 65.898,
                                                  "Actual Rows": 1155,
                                                  "Actual Loops": 1,
                                                  "Inner Unique": false,
                                                  "Join Filter": "(mi.movie_id = ci.movie_id)",
                                                  "Rows Removed by Join Filter": 0,
                                                  "Plans": [
                                                    {
                                                      "Node Type": "Nested Loop",
                                                      "Parent Relationship": "Outer",
                                                      "Parallel Aware": false,
                                                      "Join Type": "Inner",
                                                      "Startup Cost": 11.63,
                                                      "Total Cost": 3770.92,
                                                      "Plan Rows": 1,
                                                      "Plan Width": 16,
                                                      "Actual Startup Time": 10.836,
                                                      "Actual Total Time": 36.962,
                                                      "Actual Rows": 40,
                                                      "Actual Loops": 1,
                                                      "Inner Unique": false,
                                                      "Plans": [
                                                        {
                                                          "Node Type": "Nested Loop",
                                                          "Parent Relationship": "Outer",
                                                          "Parallel Aware": false,
                                                          "Join Type": "Inner",
                                                          "Startup Cost": 11.19,
                                                          "Total Cost": 3766.5,
                                                          "Plan Rows": 3,
                                                          "Plan Width": 8,
                                                          "Actual Startup Time": 5.795,
                                                          "Actual Total Time": 25.373,
                                                          "Actual Rows": 23,
                                                          "Actual Loops": 1,
                                                          "Inner Unique": false,
                                                          "Join Filter": "(cc.status_id = cct2.id)",
                                                          "Rows Removed by Join Filter": 51,
                                                          "Plans": [
                                                            {
                                                              "Node Type": "Seq Scan",
                                                              "Parent Relationship": "Outer",
                                                              "Parallel Aware": false,
                                                              "Relation Name": "comp_cast_type",
                                                              "Alias": "cct2",
                                                              "Startup Cost": 0.0,
                                                              "Total Cost": 1.05,
                                                              "Plan Rows": 1,
                                                              "Plan Width": 4,
                                                              "Actual Startup Time": 0.014,
                                                              "Actual Total Time": 0.015,
                                                              "Actual Rows": 1,
                                                              "Actual Loops": 1,
                                                              "Filter": "((kind)::text = 'complete+verified'::text)",
                                                              "Rows Removed by Filter": 3
                                                            },
                                                            {
                                                              "Node Type": "Nested Loop",
                                                              "Parent Relationship": "Inner",
                                                              "Parallel Aware": false,
                                                              "Join Type": "Inner",
                                                              "Startup Cost": 11.19,
                                                              "Total Cost": 3765.31,
                                                              "Plan Rows": 11,
                                                              "Plan Width": 12,
                                                              "Actual Startup Time": 2.076,
                                                              "Actual Total Time": 25.339,
                                                              "Actual Rows": 74,
                                                              "Actual Loops": 1,
                                                              "Inner Unique": false,
                                                              "Join Filter": "(cc.subject_id = cct1.id)",
                                                              "Rows Removed by Join Filter": 16,
                                                              "Plans": [
                                                                {
                                                                  "Node Type": "Seq Scan",
                                                                  "Parent Relationship": "Outer",
                                                                  "Parallel Aware": false,
                                                                  "Relation Name": "comp_cast_type",
                                                                  "Alias": "cct1",
                                                                  "Startup Cost": 0.0,
                                                                  "Total Cost": 1.05,
                                                                  "Plan Rows": 1,
                                                                  "Plan Width": 4,
                                                                  "Actual Startup Time": 0.01,
                                                                  "Actual Total Time": 0.012,
                                                                  "Actual Rows": 1,
                                                                  "Actual Loops": 1,
                                                                  "Filter": "((kind)::text = 'cast'::text)",
                                                                  "Rows Removed by Filter": 3
                                                                },
                                                                {
                                                                  "Node Type": "Nested Loop",
                                                                  "Parent Relationship": "Inner",
                                                                  "Parallel Aware": false,
                                                                  "Join Type": "Inner",
                                                                  "Startup Cost": 11.19,
                                                                  "Total Cost": 3763.7,
                                                                  "Plan Rows": 45,
                                                                  "Plan Width": 16,
                                                                  "Actual Startup Time": 2.062,
                                                                  "Actual Total Time": 25.298,
                                                                  "Actual Rows": 90,
                                                                  "Actual Loops": 1,
                                                                  "Inner Unique": false,
                                                                  "Plans": [
                                                                    {
                                                                      "Node Type": "Nested Loop",
                                                                      "Parent Relationship": "Outer",
                                                                      "Parallel Aware": false,
                                                                      "Join Type": "Inner",
                                                                      "Startup Cost": 10.77,
                                                                      "Total Cost": 3747.51,
                                                                      "Plan Rows": 34,
                                                                      "Plan Width": 4,
                                                                      "Actual Startup Time": 0.8,
                                                                      "Actual Total Time": 18.723,
                                                                      "Actual Rows": 414,
                                                                      "Actual Loops": 1,
                                                                      "Inner Unique": false,
                                                                      "Plans": [
                                                                        {
                                                                          "Node Type": "Seq Scan",
                                                                          "Parent Relationship": "Outer",
                                                                          "Parallel Aware": false,
                                                                          "Relation Name": "keyword",
                                                                          "Alias": "k",
                                                                          "Startup Cost": 0.0,
                                                                          "Total Cost": 2626.12,
                                                                          "Plan Rows": 1,
                                                                          "Plan Width": 4,
                                                                          "Actual Startup Time": 0.18,
                                                                          "Actual Total Time": 12.074,
                                                                          "Actual Rows": 1,
                                                                          "Actual Loops": 1,
                                                                          "Filter": "(keyword = 'computer-animation'::text)",
                                                                          "Rows Removed by Filter": 134169
                                                                        },
                                                                        {
                                                                          "Node Type": "Bitmap Heap Scan",
                                                                          "Parent Relationship": "Inner",
                                                                          "Parallel Aware": false,
                                                                          "Relation Name": "movie_keyword",
                                                                          "Alias": "mk",
                                                                          "Startup Cost": 10.77,
                                                                          "Total Cost": 1118.36,
                                                                          "Plan Rows": 302,
                                                                          "Plan Width": 8,
                                                                          "Actual Startup Time": 0.608,
                                                                          "Actual Total Time": 6.463,
                                                                          "Actual Rows": 414,
                                                                          "Actual Loops": 1,
                                                                          "Recheck Cond": "(keyword_id = k.id)",
                                                                          "Rows Removed by Index Recheck": 0,
                                                                          "Exact Heap Blocks": 358,
                                                                          "Lossy Heap Blocks": 0,
                                                                          "Plans": [
                                                                            {
                                                                              "Node Type": "Bitmap Index Scan",
                                                                              "Parent Relationship": "Outer",
                                                                              "Parallel Aware": false,
                                                                              "Index Name": "keyword_id_movie_keyword",
                                                                              "Startup Cost": 0.0,
                                                                              "Total Cost": 10.7,
                                                                              "Plan Rows": 302,
                                                                              "Plan Width": 0,
                                                                              "Actual Startup Time": 0.369,
                                                                              "Actual Total Time": 0.37,
                                                                              "Actual Rows": 414,
                                                                              "Actual Loops": 1,
                                                                              "Index Cond": "(keyword_id = k.id)"
                                                                            }
                                                                          ]
                                                                        }
                                                                      ]
                                                                    },
                                                                    {
                                                                      "Node Type": "Index Scan",
                                                                      "Parent Relationship": "Inner",
                                                                      "Parallel Aware": false,
                                                                      "Scan Direction": "Forward",
                                                                      "Index Name": "movie_id_complete_cast",
                                                                      "Relation Name": "complete_cast",
                                                                      "Alias": "cc",
                                                                      "Startup Cost": 0.42,
                                                                      "Total Cost": 0.46,
                                                                      "Plan Rows": 2,
                                                                      "Plan Width": 12,
                                                                      "Actual Startup Time": 0.014,
                                                                      "Actual Total Time": 0.015,
                                                                      "Actual Rows": 0,
                                                                      "Actual Loops": 414,
                                                                      "Index Cond": "(movie_id = mk.movie_id)",
                                                                      "Rows Removed by Index Recheck": 0
                                                                    }
                                                                  ]
                                                                }
                                                              ]
                                                            }
                                                          ]
                                                        },
                                                        {
                                                          "Node Type": "Index Scan",
                                                          "Parent Relationship": "Inner",
                                                          "Parallel Aware": false,
                                                          "Scan Direction": "Forward",
                                                          "Index Name": "movie_id_movie_info",
                                                          "Relation Name": "movie_info",
                                                          "Alias": "mi",
                                                          "Startup Cost": 0.43,
                                                          "Total Cost": 1.47,
                                                          "Plan Rows": 1,
                                                          "Plan Width": 8,
                                                          "Actual Startup Time": 0.267,
                                                          "Actual Total Time": 0.502,
                                                          "Actual Rows": 2,
                                                          "Actual Loops": 23,
                                                          "Index Cond": "(movie_id = mk.movie_id)",
                                                          "Rows Removed by Index Recheck": 0,
                                                          "Filter": "(info ~~ 'USA:%200%'::text)",
                                                          "Rows Removed by Filter": 319
                                                        }
                                                      ]
                                                    },
                                                    {
                                                      "Node Type": "Index Scan",
                                                      "Parent Relationship": "Inner",
                                                      "Parallel Aware": false,
                                                      "Scan Direction": "Forward",
                                                      "Index Name": "movie_id_cast_info",
                                                      "Relation Name": "cast_info",
                                                      "Alias": "ci",
                                                      "Startup Cost": 0.56,
                                                      "Total Cost": 1.65,
                                                      "Plan Rows": 1,
                                                      "Plan Width": 16,
                                                      "Actual Startup Time": 0.086,
                                                      "Actual Total Time": 0.715,
                                                      "Actual Rows": 29,
                                                      "Actual Loops": 40,
                                                      "Index Cond": "(movie_id = mk.movie_id)",
                                                      "Rows Removed by Index Recheck": 0,
                                                      "Filter": "(note = ANY ('{(voice),\"(voice) (uncredited)\",\"(voice: English version)\"}'::text[]))",
                                                      "Rows Removed by Filter": 122
                                                    }
                                                  ]
                                                },
                                                {
                                                  "Node Type": "Seq Scan",
                                                  "Parent Relationship": "Inner",
                                                  "Parallel Aware": false,
                                                  "Relation Name": "role_type",
                                                  "Alias": "rt",
                                                  "Startup Cost": 0.0,
                                                  "Total Cost": 1.15,
                                                  "Plan Rows": 1,
                                                  "Plan Width": 4,
                                                  "Actual Startup Time": 0.002,
                                                  "Actual Total Time": 0.002,
                                                  "Actual Rows": 1,
                                                  "Actual Loops": 1155,
                                                  "Filter": "((role)::text = 'actress'::text)",
                                                  "Rows Removed by Filter": 9
                                                }
                                              ]
                                            },
                                            {
                                              "Node Type": "Index Scan",
                                              "Parent Relationship": "Inner",
                                              "Parallel Aware": false,
                                              "Scan Direction": "Forward",
                                              "Index Name": "person_id_person_info",
                                              "Relation Name": "person_info",
                                              "Alias": "pi",
                                              "Startup Cost": 0.43,
                                              "Total Cost": 1.21,
                                              "Plan Rows": 26,
                                              "Plan Width": 8,
                                              "Actual Startup Time": 0.017,
                                              "Actual Total Time": 0.025,
                                              "Actual Rows": 38,
                                              "Actual Loops": 267,
                                              "Index Cond": "(person_id = ci.person_id)",
                                              "Rows Removed by Index Recheck": 0
                                            }
                                          ]
                                        }
                                      ]
                                    },
                                    {
                                      "Node Type": "Index Only Scan",
                                      "Parent Relationship": "Inner",
                                      "Parallel Aware": false,
                                      "Scan Direction": "Forward",
                                      "Index Name": "person_id_aka_name",
                                      "Relation Name": "aka_name",
                                      "Alias": "an",
                                      "Startup Cost": 0.42,
                                      "Total Cost": 0.48,
                                      "Plan Rows": 2,
                                      "Plan Width": 4,
                                      "Actual Startup Time": 0.014,
                                      "Actual Total Time": 0.017,
                                      "Actual Rows": 2,
                                      "Actual Loops": 130,
                                      "Index Cond": "(person_id = pi.person_id)",
                                      "Rows Removed by Index Recheck": 0,
                                      "Heap Fetches": 298
                                    }
                                  ]
                                },
                                {
                                  "Node Type": "Seq Scan",
                                  "Parent Relationship": "Inner",
                                  "Parallel Aware": false,
                                  "Relation Name": "info_type",
                                  "Alias": "it",
                                  "Startup Cost": 0.0,
                                  "Total Cost": 2.41,
                                  "Plan Rows": 1,
                                  "Plan Width": 4,
                                  "Actual Startup Time": 0.003,
                                  "Actual Total Time": 0.003,
                                  "Actual Rows": 1,
                                  "Actual Loops": 298,
                                  "Filter": "((info)::text = 'release dates'::text)",
                                  "Rows Removed by Filter": 15
                                }
                              ]
                            },
                            {
                              "Node Type": "Index Scan",
                              "Parent Relationship": "Inner",
                              "Parallel Aware": false,
                              "Scan Direction": "Forward",
                              "Index Name": "name_pkey",
                              "Relation Name": "name",
                              "Alias": "n",
                              "Startup Cost": 0.43,
                              "Total Cost": 0.55,
                              "Plan Rows": 1,
                              "Plan Width": 19,
                              "Actual Startup Time": 0.009,
                              "Actual Total Time": 0.009,
                              "Actual Rows": 0,
                              "Actual Loops": 298,
                              "Index Cond": "(id = pi.person_id)",
                              "Rows Removed by Index Recheck": 0,
                              "Filter": "((name ~~ '%An%'::text) AND ((gender)::text = 'f'::text))",
                              "Rows Removed by Filter": 1
                            }
                          ]
                        },
                        {
                          "Node Type": "Index Scan",
                          "Parent Relationship": "Inner",
                          "Parallel Aware": false,
                          "Scan Direction": "Forward",
                          "Index Name": "title_pkey",
                          "Relation Name": "title",
                          "Alias": "t",
                          "Startup Cost": 0.43,
                          "Total Cost": 0.49,
                          "Plan Rows": 1,
                          "Plan Width": 21,
                          "Actual Startup Time": 0.011,
                          "Actual Total Time": 0.011,
                          "Actual Rows": 0,
                          "Actual Loops": 23,
                          "Index Cond": "(id = mk.movie_id)",
                          "Rows Removed by Index Recheck": 0,
                          "Filter": "((production_year >= 2000) AND (production_year <= 2005) AND (title = 'Shrek 2'::text))",
                          "Rows Removed by Filter": 1
                        }
                      ]
                    },
                    {
                      "Node Type": "Index Scan",
                      "Parent Relationship": "Inner",
                      "Parallel Aware": false,
                      "Scan Direction": "Forward",
                      "Index Name": "char_name_pkey",
                      "Relation Name": "char_name",
                      "Alias": "chn",
                      "Startup Cost": 0.43,
                      "Total Cost": 0.68,
                      "Plan Rows": 1,
                      "Plan Width": 20,
                      "Actual Startup Time": 0.017,
                      "Actual Total Time": 0.017,
                      "Actual Rows": 1,
                      "Actual Loops": 3,
                      "Index Cond": "(id = ci.person_role_id)",
                      "Rows Removed by Index Recheck": 0,
                      "Filter": "(name = 'Queen'::text)",
                      "Rows Removed by Filter": 0
                    }
                  ]
                },
                {
                  "Node Type": "Index Scan",
                  "Parent Relationship": "Inner",
                  "Parallel Aware": false,
                  "Scan Direction": "Forward",
                  "Index Name": "movie_id_movie_companies",
                  "Relation Name": "movie_companies",
                  "Alias": "mc",
                  "Startup Cost": 0.43,
                  "Total Cost": 0.54,
                  "Plan Rows": 5,
                  "Plan Width": 8,
                  "Actual Startup Time": 0.02,
                  "Actual Total Time": 0.027,
                  "Actual Rows": 22,
                  "Actual Loops": 3,
                  "Index Cond": "(movie_id = mk.movie_id)",
                  "Rows Removed by Index Recheck": 0
                }
              ]
            },
            {
              "Node Type": "Index Scan",
              "Parent Relationship": "Inner",
              "Parallel Aware": false,
              "Scan Direction": "Forward",
              "Index Name": "company_name_pkey",
              "Relation Name": "company_name",
              "Alias": "cn",
              "Startup Cost": 0.42,
              "Total Cost": 0.45,
              "Plan Rows": 1,
              "Plan Width": 4,
              "Actual Startup Time": 0.007,
              "Actual Total Time": 0.007,
              "Actual Rows": 0,
              "Actual Loops": 66,
              "Index Cond": "(id = mc.company_id)",
              "Rows Removed by Index Recheck": 0,
              "Filter": "((country_code)::text = '[us]'::text)",
              "Rows Removed by Filter": 1
            }
          ]
        }
      ]
    },
    "Planning Time": 67745.216,
    "Triggers": [],
    "Execution Time": 88.955
  }
]