{
  "Plan": {
    "Node Type": "Aggregate",
    "Strategy": "Plain",
    "Partial Mode": "Finalize",
    "Parallel Aware": false,
    "Startup Cost": 204259.43,
    "Total Cost": 204259.44,
    "Plan Rows": 1,
    "Plan Width": 8,
    "Actual Startup Time": 167.122,
    "Actual Total Time": 187.588,
    "Actual Rows": 1,
    "Actual Loops": 1,
    "Plans": [
      {
        "Node Type": "Gather",
        "Parent Relationship": "Outer",
        "Parallel Aware": false,
        "Startup Cost": 204259.32,
        "Total Cost": 204259.43,
        "Plan Rows": 1,
        "Plan Width": 8,
        "Actual Startup Time": 167.022,
        "Actual Total Time": 187.581,
        "Actual Rows": 2,
        "Actual Loops": 1,
        "Workers Planned": 1,
        "Workers Launched": 1,
        "Single Copy": false,
        "Plans": [
          {
            "Node Type": "Aggregate",
            "Strategy": "Plain",
            "Partial Mode": "Partial",
            "Parent Relationship": "Outer",
            "Parallel Aware": false,
            "Startup Cost": 203259.32,
            "Total Cost": 203259.33,
            "Plan Rows": 1,
            "Plan Width": 8,
            "Actual Startup Time": 162.146,
            "Actual Total Time": 162.147,
            "Actual Rows": 1,
            "Actual Loops": 2,
            "Plans": [
              {
                "Node Type": "Nested Loop",
                "Parent Relationship": "Outer",
                "Parallel Aware": false,
                "Join Type": "Inner",
                "Startup Cost": 0.43,
                "Total Cost": 203243.76,
                "Plan Rows": 6226,
                "Plan Width": 0,
                "Actual Startup Time": 88.469,
                "Actual Total Time": 161.214,
                "Actual Rows": 15832,
                "Actual Loops": 2,
                "Inner Unique": false,
                "Plans": [
                  {
                    "Node Type": "Seq Scan",
                    "Parent Relationship": "Outer",
                    "Parallel Aware": true,
                    "Relation Name": "title",
                    "Alias": "t",
                    "Startup Cost": 0.0,
                    "Total Cost": 54588.39,
                    "Plan Rows": 1065,
                    "Plan Width": 4,
                    "Actual Startup Time": 88.391,
                    "Actual Total Time": 127.845,
                    "Actual Rows": 1216,
                    "Actual Loops": 2,
                    "Filter": "(production_year = 1933)",
                    "Rows Removed by Filter": 1262940
                  },
                  {
                    "Node Type": "Index Only Scan",
                    "Parent Relationship": "Inner",
                    "Parallel Aware": false,
                    "Scan Direction": "Forward",
                    "Index Name": "movie_id_movie_info",
                    "Relation Name": "movie_info",
                    "Alias": "mi",
                    "Startup Cost": 0.43,
                    "Total Cost": 139.16,
                    "Plan Rows": 42,
                    "Plan Width": 4,
                    "Actual Startup Time": 0.008,
                    "Actual Total Time": 0.026,
                    "Actual Rows": 13,
                    "Actual Loops": 2433,
                    "Index Cond": "(movie_id = t.id)",
                    "Rows Removed by Index Recheck": 0,
                    "Heap Fetches": 31665
                  }
                ]
              }
            ]
          }
        ]
      }
    ]
  },
  "Planning Time": 0.406,
  "Triggers": [],
  "Execution Time": 187.661
}