{
  "Plan": {
    "Node Type": "Aggregate",
    "Strategy": "Plain",
    "Partial Mode": "Finalize",
    "Parallel Aware": false,
    "Startup Cost": 372981.8,
    "Total Cost": 372981.81,
    "Plan Rows": 1,
    "Plan Width": 8,
    "Actual Startup Time": 1448.407,
    "Actual Total Time": 1501.338,
    "Actual Rows": 1,
    "Actual Loops": 1,
    "Plans": [
      {
        "Node Type": "Gather",
        "Parent Relationship": "Outer",
        "Parallel Aware": false,
        "Startup Cost": 372981.69,
        "Total Cost": 372981.8,
        "Plan Rows": 1,
        "Plan Width": 8,
        "Actual Startup Time": 1448.054,
        "Actual Total Time": 1501.327,
        "Actual Rows": 2,
        "Actual Loops": 1,
        "Workers Planned": 1,
        "Workers Launched": 1,
        "Single Copy": false,
        "Plans": [
          {
            "Node Type": "Aggregate",
            "Strategy": "Plain",
            "Partial Mode": "Partial",
            "Parent Relationship": "Outer",
            "Parallel Aware": false,
            "Startup Cost": 371981.69,
            "Total Cost": 371981.7,
            "Plan Rows": 1,
            "Plan Width": 8,
            "Actual Startup Time": 1440.822,
            "Actual Total Time": 1440.827,
            "Actual Rows": 1,
            "Actual Loops": 2,
            "Plans": [
              {
                "Node Type": "Hash Join",
                "Parent Relationship": "Outer",
                "Parallel Aware": true,
                "Join Type": "Inner",
                "Startup Cost": 81902.09,
                "Total Cost": 371905.42,
                "Plan Rows": 30508,
                "Plan Width": 0,
                "Actual Startup Time": 273.714,
                "Actual Total Time": 1437.625,
                "Actual Rows": 51048,
                "Actual Loops": 2,
                "Inner Unique": false,
                "Hash Cond": "(mi.movie_id = t.id)",
                "Plans": [
                  {
                    "Node Type": "Seq Scan",
                    "Parent Relationship": "Outer",
                    "Parallel Aware": true,
                    "Relation Name": "movie_info",
                    "Alias": "mi",
                    "Startup Cost": 0.0,
                    "Total Cost": 270696.42,
                    "Plan Rows": 5100654,
                    "Plan Width": 4,
                    "Actual Startup Time": 0.015,
                    "Actual Total Time": 822.975,
                    "Actual Rows": 4393291,
                    "Actual Loops": 2,
                    "Filter": "(info_type_id < 13)",
                    "Rows Removed by Filter": 3024569
                  },
                  {
                    "Node Type": "Hash",
                    "Parent Relationship": "Inner",
                    "Parallel Aware": true,
                    "Startup Cost": 81790.91,
                    "Total Cost": 81790.91,
                    "Plan Rows": 8895,
                    "Plan Width": 8,
                    "Actual Startup Time": 271.88,
                    "Actual Total Time": 271.884,
                    "Actual Rows": 3943,
                    "Actual Loops": 2,
                    "Hash Buckets": 16384,
                    "Original Hash Buckets": 16384,
                    "Hash Batches": 1,
                    "Original Hash Batches": 1,
                    "Peak Memory Usage": 480,
                    "Plans": [
                      {
                        "Node Type": "Hash Join",
                        "Parent Relationship": "Outer",
                        "Parallel Aware": true,
                        "Join Type": "Inner",
                        "Startup Cost": 21628.95,
                        "Total Cost": 81790.91,
                        "Plan Rows": 8895,
                        "Plan Width": 8,
                        "Actual Startup Time": 59.02,
                        "Actual Total Time": 270.072,
                        "Actual Rows": 3943,
                        "Actual Loops": 2,
                        "Inner Unique": false,
                        "Hash Cond": "(t.id = mc.movie_id)",
                        "Plans": [
                          {
                            "Node Type": "Seq Scan",
                            "Parent Relationship": "Outer",
                            "Parallel Aware": true,
                            "Relation Name": "title",
                            "Alias": "t",
                            "Startup Cost": 0.0,
                            "Total Cost": 58306.47,
                            "Plan Rows": 288505,
                            "Plan Width": 4,
                            "Actual Startup Time": 0.022,
                            "Actual Total Time": 161.591,
                            "Actual Rows": 290710,
                            "Actual Loops": 2,
                            "Filter": "((kind_id < 7) AND (production_year < 2004))",
                            "Rows Removed by Filter": 973446
                          },
                          {
                            "Node Type": "Hash",
                            "Parent Relationship": "Inner",
                            "Parallel Aware": true,
                            "Startup Cost": 21055.76,
                            "Total Cost": 21055.76,
                            "Plan Rows": 45855,
                            "Plan Width": 4,
                            "Actual Startup Time": 57.468,
                            "Actual Total Time": 57.469,
                            "Actual Rows": 40298,
                            "Actual Loops": 2,
                            "Hash Buckets": 131072,
                            "Original Hash Buckets": 131072,
                            "Hash Batches": 1,
                            "Original Hash Batches": 1,
                            "Peak Memory Usage": 4192,
                            "Plans": [
                              {
                                "Node Type": "Bitmap Heap Scan",
                                "Parent Relationship": "Outer",
                                "Parallel Aware": true,
                                "Relation Name": "movie_companies",
                                "Alias": "mc",
                                "Startup Cost": 1692.57,
                                "Total Cost": 21055.76,
                                "Plan Rows": 45855,
                                "Plan Width": 4,
                                "Actual Startup Time": 9.561,
                                "Actual Total Time": 39.637,
                                "Actual Rows": 40298,
                                "Actual Loops": 2,
                                "Recheck Cond": "(company_id < 12)",
                                "Rows Removed by Index Recheck": 0,
                                "Exact Heap Blocks": 5782,
                                "Lossy Heap Blocks": 0,
                                "Plans": [
                                  {
                                    "Node Type": "Bitmap Index Scan",
                                    "Parent Relationship": "Outer",
                                    "Parallel Aware": false,
                                    "Index Name": "company_id_movie_companies",
                                    "Startup Cost": 0.0,
                                    "Total Cost": 1673.09,
                                    "Plan Rows": 77954,
                                    "Plan Width": 0,
                                    "Actual Startup Time": 11.203,
                                    "Actual Total Time": 11.203,
                                    "Actual Rows": 80595,
                                    "Actual Loops": 1,
                                    "Index Cond": "(company_id < 12)"
                                  }
                                ]
                              }
                            ]
                          }
                        ]
                      }
                    ]
                  }
                ]
              }
            ]
          }
        ]
      }
    ]
  },
  "Planning Time": 1.3,
  "Triggers": [],
  "Execution Time": 1501.47
}