{
  "Plan": {
    "Node Type": "Aggregate",
    "Strategy": "Plain",
    "Partial Mode": "Finalize",
    "Parallel Aware": false,
    "Startup Cost": 126880.21,
    "Total Cost": 126880.22,
    "Plan Rows": 1,
    "Plan Width": 8,
    "Actual Startup Time": 930.383,
    "Actual Total Time": 952.644,
    "Actual Rows": 1,
    "Actual Loops": 1,
    "Plans": [
      {
        "Node Type": "Gather",
        "Parent Relationship": "Outer",
        "Parallel Aware": false,
        "Startup Cost": 126880.1,
        "Total Cost": 126880.21,
        "Plan Rows": 1,
        "Plan Width": 8,
        "Actual Startup Time": 922.608,
        "Actual Total Time": 952.637,
        "Actual Rows": 2,
        "Actual Loops": 1,
        "Workers Planned": 1,
        "Workers Launched": 1,
        "Single Copy": false,
        "Plans": [
          {
            "Node Type": "Aggregate",
            "Strategy": "Plain",
            "Partial Mode": "Partial",
            "Parent Relationship": "Outer",
            "Parallel Aware": false,
            "Startup Cost": 125880.1,
            "Total Cost": 125880.11,
            "Plan Rows": 1,
            "Plan Width": 8,
            "Actual Startup Time": 916.069,
            "Actual Total Time": 916.076,
            "Actual Rows": 1,
            "Actual Loops": 2,
            "Plans": [
              {
                "Node Type": "Hash Join",
                "Parent Relationship": "Outer",
                "Parallel Aware": true,
                "Join Type": "Inner",
                "Startup Cost": 106479.43,
                "Total Cost": 125790.18,
                "Plan Rows": 35966,
                "Plan Width": 0,
                "Actual Startup Time": 797.213,
                "Actual Total Time": 909.678,
                "Actual Rows": 130641,
                "Actual Loops": 2,
                "Inner Unique": false,
                "Hash Cond": "(mi_idx.movie_id = t.id)",
                "Plans": [
                  {
                    "Node Type": "Seq Scan",
                    "Parent Relationship": "Outer",
                    "Parallel Aware": true,
                    "Relation Name": "movie_info_idx",
                    "Alias": "mi_idx",
                    "Startup Cost": 0.0,
                    "Total Cost": 18082.32,
                    "Plan Rows": 271164,
                    "Plan Width": 4,
                    "Actual Startup Time": 0.031,
                    "Actual Total Time": 60.011,
                    "Actual Rows": 230092,
                    "Actual Loops": 2,
                    "Filter": "(info_type_id > 100)",
                    "Rows Removed by Filter": 459925
                  },
                  {
                    "Node Type": "Hash",
                    "Parent Relationship": "Inner",
                    "Parallel Aware": true,
                    "Startup Cost": 104013.66,
                    "Total Cost": 104013.66,
                    "Plan Rows": 197262,
                    "Plan Width": 8,
                    "Actual Startup Time": 791.739,
                    "Actual Total Time": 791.744,
                    "Actual Rows": 176026,
                    "Actual Loops": 2,
                    "Hash Buckets": 524288,
                    "Original Hash Buckets": 524288,
                    "Hash Batches": 1,
                    "Original Hash Batches": 1,
                    "Peak Memory Usage": 17888,
                    "Plans": [
                      {
                        "Node Type": "Hash Join",
                        "Parent Relationship": "Outer",
                        "Parallel Aware": true,
                        "Join Type": "Inner",
                        "Startup Cost": 76576.06,
                        "Total Cost": 104013.66,
                        "Plan Rows": 197262,
                        "Plan Width": 8,
                        "Actual Startup Time": 609.253,
                        "Actual Total Time": 749.296,
                        "Actual Rows": 176026,
                        "Actual Loops": 2,
                        "Inner Unique": true,
                        "Hash Cond": "(mk.movie_id = t.id)",
                        "Plans": [
                          {
                            "Node Type": "Bitmap Heap Scan",
                            "Parent Relationship": "Outer",
                            "Parallel Aware": true,
                            "Relation Name": "movie_keyword",
                            "Alias": "mk",
                            "Startup Cost": 7115.36,
                            "Total Cost": 34035.14,
                            "Plan Rows": 197262,
                            "Plan Width": 4,
                            "Actual Startup Time": 20.26,
                            "Actual Total Time": 89.726,
                            "Actual Rows": 176026,
                            "Actual Loops": 2,
                            "Recheck Cond": "(keyword_id < 310)",
                            "Rows Removed by Index Recheck": 0,
                            "Exact Heap Blocks": 15695,
                            "Lossy Heap Blocks": 0,
                            "Plans": [
                              {
                                "Node Type": "Bitmap Index Scan",
                                "Parent Relationship": "Outer",
                                "Parallel Aware": false,
                                "Index Name": "keyword_id_movie_keyword",
                                "Startup Cost": 0.0,
                                "Total Cost": 7031.53,
                                "Plan Rows": 335346,
                                "Plan Width": 0,
                                "Actual Startup Time": 16.675,
                                "Actual Total Time": 16.676,
                                "Actual Rows": 352051,
                                "Actual Loops": 1,
                                "Index Cond": "(keyword_id < 310)"
                              }
                            ]
                          },
                          {
                            "Node Type": "Hash",
                            "Parent Relationship": "Inner",
                            "Parallel Aware": true,
                            "Startup Cost": 50870.31,
                            "Total Cost": 50870.31,
                            "Plan Rows": 1487231,
                            "Plan Width": 4,
                            "Actual Startup Time": 571.296,
                            "Actual Total Time": 571.297,
                            "Actual Rows": 1264156,
                            "Actual Loops": 2,
                            "Hash Buckets": 4194304,
                            "Original Hash Buckets": 4194304,
                            "Hash Batches": 1,
                            "Original Hash Batches": 1,
                            "Peak Memory Usage": 131712,
                            "Plans": [
                              {
                                "Node Type": "Seq Scan",
                                "Parent Relationship": "Outer",
                                "Parallel Aware": true,
                                "Relation Name": "title",
                                "Alias": "t",
                                "Startup Cost": 0.0,
                                "Total Cost": 50870.31,
                                "Plan Rows": 1487231,
                                "Plan Width": 4,
                                "Actual Startup Time": 0.039,
                                "Actual Total Time": 182.142,
                                "Actual Rows": 1264156,
                                "Actual Loops": 2
                              }
                            ]
                          }
                        ]
                      }
                    ]
                  }
                ]
              }
            ]
          }
        ]
      }
    ]
  },
  "Planning Time": 0.877,
  "Triggers": [],
  "Execution Time": 952.749
}