[
  {
    "Plan": {
      "Node Type": "Aggregate",
      "Strategy": "Plain",
      "Partial Mode": "Finalize",
      "Parallel Aware": false,
      "Startup Cost": 223398.73,
      "Total Cost": 223398.74,
      "Plan Rows": 1,
      "Plan Width": 8,
      "Actual Startup Time": 148.455,
      "Actual Total Time": 171.881,
      "Actual Rows": 1,
      "Actual Loops": 1,
      "Plans": [
        {
          "Node Type": "Gather",
          "Parent Relationship": "Outer",
          "Parallel Aware": false,
          "Startup Cost": 223398.31,
          "Total Cost": 223398.72,
          "Plan Rows": 4,
          "Plan Width": 8,
          "Actual Startup Time": 148.311,
          "Actual Total Time": 171.872,
          "Actual Rows": 5,
          "Actual Loops": 1,
          "Workers Planned": 4,
          "Workers Launched": 4,
          "Single Copy": false,
          "Plans": [
            {
              "Node Type": "Aggregate",
              "Strategy": "Plain",
              "Partial Mode": "Partial",
              "Parent Relationship": "Outer",
              "Parallel Aware": false,
              "Startup Cost": 222398.31,
              "Total Cost": 222398.32,
              "Plan Rows": 1,
              "Plan Width": 8,
              "Actual Startup Time": 138.462,
              "Actual Total Time": 138.463,
              "Actual Rows": 1,
              "Actual Loops": 5,
              "Plans": [
                {
                  "Node Type": "Nested Loop",
                  "Parent Relationship": "Outer",
                  "Parallel Aware": false,
                  "Join Type": "Inner",
                  "Startup Cost": 0.43,
                  "Total Cost": 222392.93,
                  "Plan Rows": 2152,
                  "Plan Width": 0,
                  "Actual Startup Time": 1.593,
                  "Actual Total Time": 138.166,
                  "Actual Rows": 2900,
                  "Actual Loops": 5,
                  "Inner Unique": false,
                  "Plans": [
                    {
                      "Node Type": "Seq Scan",
                      "Parent Relationship": "Outer",
                      "Parallel Aware": true,
                      "Relation Name": "title",
                      "Alias": "t",
                      "Startup Cost": 0.0,
                      "Total Cost": 45479.1,
                      "Plan Rows": 3544,
                      "Plan Width": 4,
                      "Actual Startup Time": 0.646,
                      "Actual Total Time": 72.692,
                      "Actual Rows": 2367,
                      "Actual Loops": 5,
                      "Filter": "((kind_id < 7) AND (production_year = 1995))",
                      "Rows Removed by Filter": 503295
                    },
                    {
                      "Node Type": "Index Scan",
                      "Parent Relationship": "Inner",
                      "Parallel Aware": false,
                      "Scan Direction": "Forward",
                      "Index Name": "movie_id_movie_info",
                      "Relation Name": "movie_info",
                      "Alias": "mi",
                      "Startup Cost": 0.43,
                      "Total Cost": 49.88,
                      "Plan Rows": 4,
                      "Plan Width": 4,
                      "Actual Startup Time": 0.027,
                      "Actual Total Time": 0.027,
                      "Actual Rows": 1,
                      "Actual Loops": 11835,
                      "Index Cond": "(movie_id = t.id)",
                      "Rows Removed by Index Recheck": 0,
                      "Filter": "(info_type_id = 3)",
                      "Rows Removed by Filter": 10
                    }
                  ]
                }
              ]
            }
          ]
        }
      ]
    },
    "Planning Time": 0.617,
    "Triggers": [],
    "Execution Time": 171.954
  }
]