[
  {
    "Plan": {
      "Node Type": "Aggregate",
      "Strategy": "Plain",
      "Partial Mode": "Finalize",
      "Parallel Aware": false,
      "Startup Cost": 349177.8,
      "Total Cost": 349177.81,
      "Plan Rows": 1,
      "Plan Width": 8,
      "Actual Startup Time": 788.734,
      "Actual Total Time": 862.134,
      "Actual Rows": 1,
      "Actual Loops": 1,
      "Plans": [
        {
          "Node Type": "Gather",
          "Parent Relationship": "Outer",
          "Parallel Aware": false,
          "Startup Cost": 349177.17,
          "Total Cost": 349177.78,
          "Plan Rows": 6,
          "Plan Width": 8,
          "Actual Startup Time": 788.404,
          "Actual Total Time": 862.09,
          "Actual Rows": 7,
          "Actual Loops": 1,
          "Workers Planned": 6,
          "Workers Launched": 6,
          "Single Copy": false,
          "Plans": [
            {
              "Node Type": "Aggregate",
              "Strategy": "Plain",
              "Partial Mode": "Partial",
              "Parent Relationship": "Outer",
              "Parallel Aware": false,
              "Startup Cost": 348177.17,
              "Total Cost": 348177.18,
              "Plan Rows": 1,
              "Plan Width": 8,
              "Actual Startup Time": 777.89,
              "Actual Total Time": 777.891,
              "Actual Rows": 1,
              "Actual Loops": 7,
              "Plans": [
                {
                  "Node Type": "Seq Scan",
                  "Parent Relationship": "Outer",
                  "Parallel Aware": true,
                  "Relation Name": "cast_info",
                  "Alias": "ci",
                  "Startup Cost": 0.0,
                  "Total Cost": 343316.27,
                  "Plan Rows": 1944360,
                  "Plan Width": 0,
                  "Actual Startup Time": 354.873,
                  "Actual Total Time": 691.39,
                  "Actual Rows": 1905669,
                  "Actual Loops": 7,
                  "Filter": "((person_id > 977203) AND (role_id > 2))",
                  "Rows Removed by Filter": 3272094
                }
              ]
            }
          ]
        }
      ]
    },
    "Planning Time": 0.237,
    "Triggers": [],
    "Execution Time": 862.209
  }
]