[
  {
    "Plan": {
      "Node Type": "Aggregate",
      "Strategy": "Plain",
      "Partial Mode": "Finalize",
      "Parallel Aware": false,
      "Startup Cost": 33294.61,
      "Total Cost": 33294.62,
      "Plan Rows": 1,
      "Plan Width": 8,
      "Actual Startup Time": 108.262,
      "Actual Total Time": 118.901,
      "Actual Rows": 1,
      "Actual Loops": 1,
      "Plans": [
        {
          "Node Type": "Gather",
          "Parent Relationship": "Outer",
          "Parallel Aware": false,
          "Startup Cost": 33294.29,
          "Total Cost": 33294.6,
          "Plan Rows": 3,
          "Plan Width": 8,
          "Actual Startup Time": 108.161,
          "Actual Total Time": 118.893,
          "Actual Rows": 4,
          "Actual Loops": 1,
          "Workers Planned": 3,
          "Workers Launched": 3,
          "Single Copy": false,
          "Plans": [
            {
              "Node Type": "Aggregate",
              "Strategy": "Plain",
              "Partial Mode": "Partial",
              "Parent Relationship": "Outer",
              "Parallel Aware": false,
              "Startup Cost": 32294.29,
              "Total Cost": 32294.3,
              "Plan Rows": 1,
              "Plan Width": 8,
              "Actual Startup Time": 100.989,
              "Actual Total Time": 100.99,
              "Actual Rows": 1,
              "Actual Loops": 4,
              "Plans": [
                {
                  "Node Type": "Seq Scan",
                  "Parent Relationship": "Outer",
                  "Parallel Aware": true,
                  "Relation Name": "movie_companies",
                  "Alias": "mc",
                  "Startup Cost": 0.0,
                  "Total Cost": 31414.82,
                  "Plan Rows": 351788,
                  "Plan Width": 0,
                  "Actual Startup Time": 50.163,
                  "Actual Total Time": 90.602,
                  "Actual Rows": 216366,
                  "Actual Loops": 4,
                  "Filter": "((company_id < 76075) AND (company_type_id > 1))",
                  "Rows Removed by Filter": 435916
                }
              ]
            }
          ]
        }
      ]
    },
    "Planning Time": 0.182,
    "Triggers": [],
    "Execution Time": 118.952
  }
]