[
    {
        "Bao": {
            "Bao prediction": 800.395,
            "Bao recommended hint": "(no hint)"
        }
    },
    {
        "Plan": {
            "Node Type": "Aggregate",
            "Strategy": "Plain",
            "Partial Mode": "Finalize",
            "Parallel Aware": false,
            "Startup Cost": 253674.19,
            "Total Cost": 253674.2,
            "Plan Rows": 1,
            "Plan Width": 8,
            "Actual Startup Time": 776.092,
            "Actual Total Time": 799.361,
            "Actual Rows": 1,
            "Actual Loops": 1,
            "Output": [
                "count(*)"
            ],
            "Plans": [
                {
                    "Node Type": "Gather",
                    "Parent Relationship": "Outer",
                    "Parallel Aware": false,
                    "Startup Cost": 253673.67,
                    "Total Cost": 253674.18,
                    "Plan Rows": 5,
                    "Plan Width": 8,
                    "Actual Startup Time": 763.559,
                    "Actual Total Time": 799.35,
                    "Actual Rows": 6,
                    "Actual Loops": 1,
                    "Output": [
                        "(PARTIAL count(*))"
                    ],
                    "Workers Planned": 5,
                    "Workers Launched": 5,
                    "Single Copy": false,
                    "Plans": [
                        {
                            "Node Type": "Aggregate",
                            "Strategy": "Plain",
                            "Partial Mode": "Partial",
                            "Parent Relationship": "Outer",
                            "Parallel Aware": false,
                            "Startup Cost": 252673.67,
                            "Total Cost": 252673.68,
                            "Plan Rows": 1,
                            "Plan Width": 8,
                            "Actual Startup Time": 750.789,
                            "Actual Total Time": 750.792,
                            "Actual Rows": 1,
                            "Actual Loops": 6,
                            "Output": [
                                "PARTIAL count(*)"
                            ],
                            "Workers": [
                                {
                                    "Worker Number": 0,
                                    "Actual Startup Time": 747.904,
                                    "Actual Total Time": 747.907,
                                    "Actual Rows": 1,
                                    "Actual Loops": 1
                                },
                                {
                                    "Worker Number": 1,
                                    "Actual Startup Time": 749.06,
                                    "Actual Total Time": 749.062,
                                    "Actual Rows": 1,
                                    "Actual Loops": 1
                                },
                                {
                                    "Worker Number": 2,
                                    "Actual Startup Time": 748.07,
                                    "Actual Total Time": 748.072,
                                    "Actual Rows": 1,
                                    "Actual Loops": 1
                                },
                                {
                                    "Worker Number": 3,
                                    "Actual Startup Time": 748.864,
                                    "Actual Total Time": 748.866,
                                    "Actual Rows": 1,
                                    "Actual Loops": 1
                                },
                                {
                                    "Worker Number": 4,
                                    "Actual Startup Time": 748.084,
                                    "Actual Total Time": 748.087,
                                    "Actual Rows": 1,
                                    "Actual Loops": 1
                                }
                            ],
                            "Plans": [
                                {
                                    "Node Type": "Hash Join",
                                    "Parent Relationship": "Outer",
                                    "Parallel Aware": true,
                                    "Join Type": "Inner",
                                    "Startup Cost": 49269.58,
                                    "Total Cost": 250896.13,
                                    "Plan Rows": 711017,
                                    "Plan Width": 0,
                                    "Actual Startup Time": 213.749,
                                    "Actual Total Time": 723.537,
                                    "Actual Rows": 604030,
                                    "Actual Loops": 6,
                                    "Inner Unique": true,
                                    "Hash Cond": "(mi.movie_id = t.id)",
                                    "Workers": [
                                        {
                                            "Worker Number": 0,
                                            "Actual Startup Time": 211.036,
                                            "Actual Total Time": 719.037,
                                            "Actual Rows": 598802,
                                            "Actual Loops": 1
                                        },
                                        {
                                            "Worker Number": 1,
                                            "Actual Startup Time": 211.144,
                                            "Actual Total Time": 719.906,
                                            "Actual Rows": 604341,
                                            "Actual Loops": 1
                                        },
                                        {
                                            "Worker Number": 2,
                                            "Actual Startup Time": 211.208,
                                            "Actual Total Time": 722.279,
                                            "Actual Rows": 581786,
                                            "Actual Loops": 1
                                        },
                                        {
                                            "Worker Number": 3,
                                            "Actual Startup Time": 212.011,
                                            "Actual Total Time": 719.884,
                                            "Actual Rows": 602236,
                                            "Actual Loops": 1
                                        },
                                        {
                                            "Worker Number": 4,
                                            "Actual Startup Time": 211.212,
                                            "Actual Total Time": 722.501,
                                            "Actual Rows": 578758,
                                            "Actual Loops": 1
                                        }
                                    ],
                                    "Plans": [
                                        {
                                            "Node Type": "Seq Scan",
                                            "Parent Relationship": "Outer",
                                            "Parallel Aware": true,
                                            "Relation Name": "movie_info",
                                            "Schema": "public",
                                            "Alias": "mi",
                                            "Startup Cost": 0.0,
                                            "Total Cost": 198880.74,
                                            "Plan Rows": 1046023,
                                            "Plan Width": 4,
                                            "Actual Startup Time": 14.476,
                                            "Actual Total Time": 293.732,
                                            "Actual Rows": 878428,
                                            "Actual Loops": 6,
                                            "Output": [
                                                "mi.id",
                                                "mi.movie_id",
                                                "mi.info_type_id",
                                                "mi.info",
                                                "mi.note"
                                            ],
                                            "Filter": "(mi.info_type_id > 15)",
                                            "Rows Removed by Filter": 1594192,
                                            "Workers": [
                                                {
                                                    "Worker Number": 0,
                                                    "Actual Startup Time": 14.438,
                                                    "Actual Total Time": 301.008,
                                                    "Actual Rows": 869830,
                                                    "Actual Loops": 1
                                                },
                                                {
                                                    "Worker Number": 1,
                                                    "Actual Startup Time": 14.425,
                                                    "Actual Total Time": 300.353,
                                                    "Actual Rows": 873907,
                                                    "Actual Loops": 1
                                                },
                                                {
                                                    "Worker Number": 2,
                                                    "Actual Startup Time": 14.459,
                                                    "Actual Total Time": 294.341,
                                                    "Actual Rows": 848426,
                                                    "Actual Loops": 1
                                                },
                                                {
                                                    "Worker Number": 3,
                                                    "Actual Startup Time": 14.604,
                                                    "Actual Total Time": 301.31,
                                                    "Actual Rows": 873042,
                                                    "Actual Loops": 1
                                                },
                                                {
                                                    "Worker Number": 4,
                                                    "Actual Startup Time": 14.478,
                                                    "Actual Total Time": 295.349,
                                                    "Actual Rows": 841101,
                                                    "Actual Loops": 1
                                                }
                                            ]
                                        },
                                        {
                                            "Node Type": "Hash",
                                            "Parent Relationship": "Inner",
                                            "Parallel Aware": true,
                                            "Startup Cost": 43899.01,
                                            "Total Cost": 43899.01,
                                            "Plan Rows": 429646,
                                            "Plan Width": 4,
                                            "Actual Startup Time": 193.648,
                                            "Actual Total Time": 193.649,
                                            "Actual Rows": 287539,
                                            "Actual Loops": 6,
                                            "Output": [
                                                "t.id"
                                            ],
                                            "Hash Buckets": 2097152,
                                            "Original Hash Buckets": 2097152,
                                            "Hash Batches": 1,
                                            "Original Hash Batches": 1,
                                            "Peak Memory Usage": 83936,
                                            "Workers": [
                                                {
                                                    "Worker Number": 0,
                                                    "Actual Startup Time": 195.718,
                                                    "Actual Total Time": 195.719,
                                                    "Actual Rows": 263165,
                                                    "Actual Loops": 1
                                                },
                                                {
                                                    "Worker Number": 1,
                                                    "Actual Startup Time": 195.765,
                                                    "Actual Total Time": 195.766,
                                                    "Actual Rows": 264956,
                                                    "Actual Loops": 1
                                                },
                                                {
                                                    "Worker Number": 2,
                                                    "Actual Startup Time": 195.858,
                                                    "Actual Total Time": 195.858,
                                                    "Actual Rows": 276018,
                                                    "Actual Loops": 1
                                                },
                                                {
                                                    "Worker Number": 3,
                                                    "Actual Startup Time": 196.97,
                                                    "Actual Total Time": 196.971,
                                                    "Actual Rows": 272977,
                                                    "Actual Loops": 1
                                                },
                                                {
                                                    "Worker Number": 4,
                                                    "Actual Startup Time": 195.829,
                                                    "Actual Total Time": 195.83,
                                                    "Actual Rows": 270503,
                                                    "Actual Loops": 1
                                                }
                                            ],
                                            "Plans": [
                                                {
                                                    "Node Type": "Seq Scan",
                                                    "Parent Relationship": "Outer",
                                                    "Parallel Aware": true,
                                                    "Relation Name": "title",
                                                    "Schema": "public",
                                                    "Alias": "t",
                                                    "Startup Cost": 0.0,
                                                    "Total Cost": 43899.01,
                                                    "Plan Rows": 429646,
                                                    "Plan Width": 4,
                                                    "Actual Startup Time": 0.055,
                                                    "Actual Total Time": 80.458,
                                                    "Actual Rows": 287539,
                                                    "Actual Loops": 6,
                                                    "Output": [
                                                        "t.id"
                                                    ],
                                                    "Filter": "(t.production_year > 1991)",
                                                    "Rows Removed by Filter": 133846,
                                                    "Workers": [
                                                        {
                                                            "Worker Number": 0,
                                                            "Actual Startup Time": 0.082,
                                                            "Actual Total Time": 83.025,
                                                            "Actual Rows": 263165,
                                                            "Actual Loops": 1
                                                        },
                                                        {
                                                            "Worker Number": 1,
                                                            "Actual Startup Time": 0.085,
                                                            "Actual Total Time": 82.891,
                                                            "Actual Rows": 264956,
                                                            "Actual Loops": 1
                                                        },
                                                        {
                                                            "Worker Number": 2,
                                                            "Actual Startup Time": 0.054,
                                                            "Actual Total Time": 82.12,
                                                            "Actual Rows": 276018,
                                                            "Actual Loops": 1
                                                        },
                                                        {
                                                            "Worker Number": 3,
                                                            "Actual Startup Time": 0.027,
                                                            "Actual Total Time": 83.182,
                                                            "Actual Rows": 272977,
                                                            "Actual Loops": 1
                                                        },
                                                        {
                                                            "Worker Number": 4,
                                                            "Actual Startup Time": 0.067,
                                                            "Actual Total Time": 82.207,
                                                            "Actual Rows": 270503,
                                                            "Actual Loops": 1
                                                        }
                                                    ]
                                                }
                                            ]
                                        }
                                    ]
                                }
                            ]
                        }
                    ]
                }
            ]
        },
        "Planning Time": 705.204,
        "Triggers": [],
        "Execution Time": 799.473
    }
]