[
  {
    "Plan": {
      "Node Type": "Aggregate",
      "Strategy": "Plain",
      "Partial Mode": "Finalize",
      "Parallel Aware": false,
      "Startup Cost": 31519.95,
      "Total Cost": 31519.96,
      "Plan Rows": 1,
      "Plan Width": 8,
      "Actual Startup Time": 102.855,
      "Actual Total Time": 111.468,
      "Actual Rows": 1,
      "Actual Loops": 1,
      "Plans": [
        {
          "Node Type": "Gather",
          "Parent Relationship": "Outer",
          "Parallel Aware": false,
          "Startup Cost": 31519.63,
          "Total Cost": 31519.94,
          "Plan Rows": 3,
          "Plan Width": 8,
          "Actual Startup Time": 102.698,
          "Actual Total Time": 111.457,
          "Actual Rows": 4,
          "Actual Loops": 1,
          "Workers Planned": 3,
          "Workers Launched": 3,
          "Single Copy": false,
          "Plans": [
            {
              "Node Type": "Aggregate",
              "Strategy": "Plain",
              "Partial Mode": "Partial",
              "Parent Relationship": "Outer",
              "Parallel Aware": false,
              "Startup Cost": 30519.63,
              "Total Cost": 30519.64,
              "Plan Rows": 1,
              "Plan Width": 8,
              "Actual Startup Time": 98.487,
              "Actual Total Time": 98.488,
              "Actual Rows": 1,
              "Actual Loops": 4,
              "Plans": [
                {
                  "Node Type": "Seq Scan",
                  "Parent Relationship": "Outer",
                  "Parallel Aware": true,
                  "Relation Name": "movie_companies",
                  "Alias": "mc",
                  "Startup Cost": 0.0,
                  "Total Cost": 29310.68,
                  "Plan Rows": 483580,
                  "Plan Width": 0,
                  "Actual Startup Time": 0.024,
                  "Actual Total Time": 78.716,
                  "Actual Rows": 375604,
                  "Actual Loops": 4,
                  "Filter": "(company_id < 14034)",
                  "Rows Removed by Filter": 276678
                }
              ]
            }
          ]
        }
      ]
    },
    "Planning Time": 0.151,
    "Triggers": [],
    "Execution Time": 111.512
  }
]