[
  {
    "Plan": {
      "Node Type": "Aggregate",
      "Strategy": "Plain",
      "Partial Mode": "Finalize",
      "Parallel Aware": false,
      "Startup Cost": 129987.68,
      "Total Cost": 129987.69,
      "Plan Rows": 1,
      "Plan Width": 8,
      "Actual Startup Time": 719.271,
      "Actual Total Time": 740.523,
      "Actual Rows": 1,
      "Actual Loops": 1,
      "Plans": [
        {
          "Node Type": "Gather",
          "Parent Relationship": "Outer",
          "Parallel Aware": false,
          "Startup Cost": 129987.36,
          "Total Cost": 129987.67,
          "Plan Rows": 3,
          "Plan Width": 8,
          "Actual Startup Time": 712.587,
          "Actual Total Time": 740.511,
          "Actual Rows": 4,
          "Actual Loops": 1,
          "Workers Planned": 3,
          "Workers Launched": 3,
          "Single Copy": false,
          "Plans": [
            {
              "Node Type": "Aggregate",
              "Strategy": "Plain",
              "Partial Mode": "Partial",
              "Parent Relationship": "Outer",
              "Parallel Aware": false,
              "Startup Cost": 128987.36,
              "Total Cost": 128987.37,
              "Plan Rows": 1,
              "Plan Width": 8,
              "Actual Startup Time": 694.648,
              "Actual Total Time": 694.971,
              "Actual Rows": 1,
              "Actual Loops": 4,
              "Plans": [
                {
                  "Node Type": "Hash Join",
                  "Parent Relationship": "Outer",
                  "Parallel Aware": true,
                  "Join Type": "Inner",
                  "Startup Cost": 84832.27,
                  "Total Cost": 128735.93,
                  "Plan Rows": 100572,
                  "Plan Width": 0,
                  "Actual Startup Time": 480.502,
                  "Actual Total Time": 664.701,
                  "Actual Rows": 761260,
                  "Actual Loops": 4,
                  "Inner Unique": false,
                  "Hash Cond": "(mk.movie_id = t.id)",
                  "Plans": [
                    {
                      "Node Type": "Seq Scan",
                      "Parent Relationship": "Outer",
                      "Parallel Aware": true,
                      "Relation Name": "movie_keyword",
                      "Alias": "mk",
                      "Startup Cost": 0.0,
                      "Total Cost": 42695.65,
                      "Plan Rows": 255088,
                      "Plan Width": 4,
                      "Actual Startup Time": 0.05,
                      "Actual Total Time": 89.321,
                      "Actual Rows": 200348,
                      "Actual Loops": 4,
                      "Filter": "(keyword_id < 772)",
                      "Rows Removed by Filter": 930634
                    },
                    {
                      "Node Type": "Hash",
                      "Parent Relationship": "Inner",
                      "Parallel Aware": true,
                      "Startup Cost": 81717.22,
                      "Total Cost": 81717.22,
                      "Plan Rows": 249204,
                      "Plan Width": 8,
                      "Actual Startup Time": 474.878,
                      "Actual Total Time": 475.199,
                      "Actual Rows": 213855,
                      "Actual Loops": 4,
                      "Hash Buckets": 1048576,
                      "Original Hash Buckets": 1048576,
                      "Hash Batches": 1,
                      "Original Hash Batches": 1,
                      "Peak Memory Usage": 41728,
                      "Plans": [
                        {
                          "Node Type": "Hash Join",
                          "Parent Relationship": "Outer",
                          "Parallel Aware": true,
                          "Join Type": "Inner",
                          "Startup Cost": 35434.24,
                          "Total Cost": 81717.22,
                          "Plan Rows": 249204,
                          "Plan Width": 8,
                          "Actual Startup Time": 151.807,
                          "Actual Total Time": 414.491,
                          "Actual Rows": 213855,
                          "Actual Loops": 4,
                          "Inner Unique": false,
                          "Hash Cond": "(t.id = mc.movie_id)",
                          "Plans": [
                            {
                              "Node Type": "Seq Scan",
                              "Parent Relationship": "Outer",
                              "Parallel Aware": true,
                              "Relation Name": "title",
                              "Alias": "t",
                              "Startup Cost": 0.0,
                              "Total Cost": 42318.73,
                              "Plan Rows": 632073,
                              "Plan Width": 4,
                              "Actual Startup Time": 0.013,
                              "Actual Total Time": 77.004,
                              "Actual Rows": 632078,
                              "Actual Loops": 4
                            },
                            {
                              "Node Type": "Hash",
                              "Parent Relationship": "Inner",
                              "Parallel Aware": true,
                              "Startup Cost": 31414.82,
                              "Total Cost": 31414.82,
                              "Plan Rows": 321554,
                              "Plan Width": 4,
                              "Actual Startup Time": 149.253,
                              "Actual Total Time": 149.254,
                              "Actual Rows": 213855,
                              "Actual Loops": 4,
                              "Hash Buckets": 1048576,
                              "Original Hash Buckets": 1048576,
                              "Hash Batches": 1,
                              "Original Hash Batches": 1,
                              "Peak Memory Usage": 41728,
                              "Plans": [
                                {
                                  "Node Type": "Seq Scan",
                                  "Parent Relationship": "Outer",
                                  "Parallel Aware": true,
                                  "Relation Name": "movie_companies",
                                  "Alias": "mc",
                                  "Startup Cost": 0.0,
                                  "Total Cost": 31414.82,
                                  "Plan Rows": 321554,
                                  "Plan Width": 4,
                                  "Actual Startup Time": 0.341,
                                  "Actual Total Time": 81.676,
                                  "Actual Rows": 213855,
                                  "Actual Loops": 4,
                                  "Filter": "((company_id > 639) AND (company_type_id = 1))",
                                  "Rows Removed by Filter": 438428
                                }
                              ]
                            }
                          ]
                        }
                      ]
                    }
                  ]
                }
              ]
            }
          ]
        }
      ]
    },
    "Planning Time": 1.444,
    "Triggers": [],
    "Execution Time": 740.614
  }
]