[
  {
    "Plan": {
      "Node Type": "Aggregate",
      "Strategy": "Plain",
      "Partial Mode": "Finalize",
      "Parallel Aware": false,
      "Startup Cost": 617212.46,
      "Total Cost": 617212.47,
      "Plan Rows": 1,
      "Plan Width": 8,
      "Actual Startup Time": 5345.048,
      "Actual Total Time": 5429.786,
      "Actual Rows": 1,
      "Actual Loops": 1,
      "Plans": [
        {
          "Node Type": "Gather",
          "Parent Relationship": "Outer",
          "Parallel Aware": false,
          "Startup Cost": 617211.84,
          "Total Cost": 617212.45,
          "Plan Rows": 6,
          "Plan Width": 8,
          "Actual Startup Time": 5315.972,
          "Actual Total Time": 5429.771,
          "Actual Rows": 7,
          "Actual Loops": 1,
          "Workers Planned": 6,
          "Workers Launched": 6,
          "Single Copy": false,
          "Plans": [
            {
              "Node Type": "Aggregate",
              "Strategy": "Plain",
              "Partial Mode": "Partial",
              "Parent Relationship": "Outer",
              "Parallel Aware": false,
              "Startup Cost": 616211.84,
              "Total Cost": 616211.85,
              "Plan Rows": 1,
              "Plan Width": 8,
              "Actual Startup Time": 5292.827,
              "Actual Total Time": 5293.931,
              "Actual Rows": 1,
              "Actual Loops": 7,
              "Plans": [
                {
                  "Node Type": "Hash Join",
                  "Parent Relationship": "Outer",
                  "Parallel Aware": true,
                  "Join Type": "Inner",
                  "Startup Cost": 256996.47,
                  "Total Cost": 603153.04,
                  "Plan Rows": 5223519,
                  "Plan Width": 0,
                  "Actual Startup Time": 829.963,
                  "Actual Total Time": 4553.597,
                  "Actual Rows": 17321086,
                  "Actual Loops": 7,
                  "Inner Unique": false,
                  "Hash Cond": "(ci.movie_id = t.id)",
                  "Plans": [
                    {
                      "Node Type": "Seq Scan",
                      "Parent Relationship": "Outer",
                      "Parallel Aware": true,
                      "Relation Name": "cast_info",
                      "Alias": "ci",
                      "Startup Cost": 0.0,
                      "Total Cost": 313067.02,
                      "Plan Rows": 6038002,
                      "Plan Width": 4,
                      "Actual Startup Time": 0.019,
                      "Actual Total Time": 528.199,
                      "Actual Rows": 5177763,
                      "Actual Loops": 7
                    },
                    {
                      "Node Type": "Hash",
                      "Parent Relationship": "Inner",
                      "Parallel Aware": true,
                      "Startup Cost": 251528.36,
                      "Total Cost": 251528.36,
                      "Plan Rows": 437449,
                      "Plan Width": 8,
                      "Actual Startup Time": 822.466,
                      "Actual Total Time": 823.568,
                      "Actual Rows": 310925,
                      "Actual Loops": 7,
                      "Hash Buckets": 4194304,
                      "Original Hash Buckets": 4194304,
                      "Hash Batches": 1,
                      "Original Hash Batches": 1,
                      "Peak Memory Usage": 118048,
                      "Plans": [
                        {
                          "Node Type": "Hash Join",
                          "Parent Relationship": "Outer",
                          "Parallel Aware": true,
                          "Join Type": "Inner",
                          "Startup Cost": 51360.24,
                          "Total Cost": 251528.36,
                          "Plan Rows": 437449,
                          "Plan Width": 8,
                          "Actual Startup Time": 292.469,
                          "Actual Total Time": 691.658,
                          "Actual Rows": 310925,
                          "Actual Loops": 7,
                          "Inner Unique": true,
                          "Hash Cond": "(mi.movie_id = t.id)",
                          "Plans": [
                            {
                              "Node Type": "Seq Scan",
                              "Parent Relationship": "Outer",
                              "Parallel Aware": true,
                              "Relation Name": "movie_info",
                              "Alias": "mi",
                              "Startup Cost": 0.0,
                              "Total Cost": 198952.16,
                              "Plan Rows": 463221,
                              "Plan Width": 4,
                              "Actual Startup Time": 16.72,
                              "Actual Total Time": 298.618,
                              "Actual Rows": 319121,
                              "Actual Loops": 7,
                              "Filter": "(info_type_id > 16)",
                              "Rows Removed by Filter": 1800267
                            },
                            {
                              "Node Type": "Hash",
                              "Parent Relationship": "Inner",
                              "Parallel Aware": true,
                              "Startup Cost": 43898.92,
                              "Total Cost": 43898.92,
                              "Plan Rows": 596906,
                              "Plan Width": 4,
                              "Actual Startup Time": 270.732,
                              "Actual Total Time": 270.733,
                              "Actual Rows": 341268,
                              "Actual Loops": 7,
                              "Hash Buckets": 4194304,
                              "Original Hash Buckets": 4194304,
                              "Hash Batches": 1,
                              "Original Hash Batches": 1,
                              "Peak Memory Usage": 126304,
                              "Plans": [
                                {
                                  "Node Type": "Seq Scan",
                                  "Parent Relationship": "Outer",
                                  "Parallel Aware": true,
                                  "Relation Name": "title",
                                  "Alias": "t",
                                  "Startup Cost": 0.0,
                                  "Total Cost": 43898.92,
                                  "Plan Rows": 596906,
                                  "Plan Width": 4,
                                  "Actual Startup Time": 0.064,
                                  "Actual Total Time": 87.318,
                                  "Actual Rows": 341268,
                                  "Actual Loops": 7,
                                  "Filter": "(production_year < 2013)",
                                  "Rows Removed by Filter": 19919
                                }
                              ]
                            }
                          ]
                        }
                      ]
                    }
                  ]
                }
              ]
            }
          ]
        }
      ]
    },
    "Planning Time": 1.23,
    "Triggers": [],
    "Execution Time": 5429.882
  }
]