[
  {
    "Plan": {
      "Node Type": "Aggregate",
      "Strategy": "Plain",
      "Partial Mode": "Finalize",
      "Parallel Aware": false,
      "Startup Cost": 33394.67,
      "Total Cost": 33394.68,
      "Plan Rows": 1,
      "Plan Width": 8,
      "Actual Startup Time": 92.794,
      "Actual Total Time": 100.556,
      "Actual Rows": 1,
      "Actual Loops": 1,
      "Plans": [
        {
          "Node Type": "Gather",
          "Parent Relationship": "Outer",
          "Parallel Aware": false,
          "Startup Cost": 33394.36,
          "Total Cost": 33394.67,
          "Plan Rows": 3,
          "Plan Width": 8,
          "Actual Startup Time": 92.699,
          "Actual Total Time": 100.547,
          "Actual Rows": 4,
          "Actual Loops": 1,
          "Workers Planned": 3,
          "Workers Launched": 3,
          "Single Copy": false,
          "Plans": [
            {
              "Node Type": "Aggregate",
              "Strategy": "Plain",
              "Partial Mode": "Partial",
              "Parent Relationship": "Outer",
              "Parallel Aware": false,
              "Startup Cost": 32394.36,
              "Total Cost": 32394.37,
              "Plan Rows": 1,
              "Plan Width": 8,
              "Actual Startup Time": 88.993,
              "Actual Total Time": 88.994,
              "Actual Rows": 1,
              "Actual Loops": 4,
              "Plans": [
                {
                  "Node Type": "Seq Scan",
                  "Parent Relationship": "Outer",
                  "Parallel Aware": true,
                  "Relation Name": "movie_companies",
                  "Alias": "mc",
                  "Startup Cost": 0.0,
                  "Total Cost": 31414.82,
                  "Plan Rows": 391815,
                  "Plan Width": 0,
                  "Actual Startup Time": 37.326,
                  "Actual Total Time": 75.589,
                  "Actual Rows": 320737,
                  "Actual Loops": 4,
                  "Filter": "((company_id > 82) AND (company_type_id = 2))",
                  "Rows Removed by Filter": 331546
                }
              ]
            }
          ]
        }
      ]
    },
    "Planning Time": 0.145,
    "Triggers": [],
    "Execution Time": 100.592
  }
]