[
  {
    "Plan": {
      "Node Type": "Aggregate",
      "Strategy": "Plain",
      "Partial Mode": "Finalize",
      "Parallel Aware": false,
      "Startup Cost": 450407.28,
      "Total Cost": 450407.29,
      "Plan Rows": 1,
      "Plan Width": 8,
      "Actual Startup Time": 1106.542,
      "Actual Total Time": 1157.275,
      "Actual Rows": 1,
      "Actual Loops": 1,
      "Plans": [
        {
          "Node Type": "Gather",
          "Parent Relationship": "Outer",
          "Parallel Aware": false,
          "Startup Cost": 450406.66,
          "Total Cost": 450407.27,
          "Plan Rows": 6,
          "Plan Width": 8,
          "Actual Startup Time": 1089.442,
          "Actual Total Time": 1157.254,
          "Actual Rows": 7,
          "Actual Loops": 1,
          "Workers Planned": 6,
          "Workers Launched": 6,
          "Single Copy": false,
          "Plans": [
            {
              "Node Type": "Aggregate",
              "Strategy": "Plain",
              "Partial Mode": "Partial",
              "Parent Relationship": "Outer",
              "Parallel Aware": false,
              "Startup Cost": 449406.66,
              "Total Cost": 449406.67,
              "Plan Rows": 1,
              "Plan Width": 8,
              "Actual Startup Time": 1073.931,
              "Actual Total Time": 1074.359,
              "Actual Rows": 1,
              "Actual Loops": 7,
              "Plans": [
                {
                  "Node Type": "Hash Join",
                  "Parent Relationship": "Outer",
                  "Parallel Aware": true,
                  "Join Type": "Inner",
                  "Startup Cost": 98608.79,
                  "Total Cost": 447763.99,
                  "Plan Rows": 657066,
                  "Plan Width": 0,
                  "Actual Startup Time": 633.63,
                  "Actual Total Time": 1053.909,
                  "Actual Rows": 388255,
                  "Actual Loops": 7,
                  "Inner Unique": false,
                  "Hash Cond": "(ci.movie_id = t.id)",
                  "Plans": [
                    {
                      "Node Type": "Index Scan",
                      "Parent Relationship": "Outer",
                      "Parallel Aware": true,
                      "Scan Direction": "Forward",
                      "Index Name": "role_id_cast_info",
                      "Relation Name": "cast_info",
                      "Alias": "ci",
                      "Startup Cost": 0.56,
                      "Total Cost": 341155.22,
                      "Plan Rows": 1568262,
                      "Plan Width": 4,
                      "Actual Startup Time": 224.837,
                      "Actual Total Time": 433.564,
                      "Actual Rows": 838763,
                      "Actual Loops": 7,
                      "Index Cond": "(role_id = 1)",
                      "Rows Removed by Index Recheck": 0,
                      "Filter": "(person_id > 931059)",
                      "Rows Removed by Filter": 971335
                    },
                    {
                      "Node Type": "Hash",
                      "Parent Relationship": "Inner",
                      "Parallel Aware": true,
                      "Startup Cost": 94336.65,
                      "Total Cost": 94336.65,
                      "Plan Rows": 341726,
                      "Plan Width": 8,
                      "Actual Startup Time": 404.052,
                      "Actual Total Time": 404.477,
                      "Actual Rows": 83776,
                      "Actual Loops": 7,
                      "Hash Buckets": 2097152,
                      "Original Hash Buckets": 2097152,
                      "Hash Batches": 1,
                      "Original Hash Batches": 1,
                      "Peak Memory Usage": 39456,
                      "Plans": [
                        {
                          "Node Type": "Hash Join",
                          "Parent Relationship": "Outer",
                          "Parallel Aware": true,
                          "Join Type": "Inner",
                          "Startup Cost": 50110.45,
                          "Total Cost": 94336.65,
                          "Plan Rows": 341726,
                          "Plan Width": 8,
                          "Actual Startup Time": 228.09,
                          "Actual Total Time": 362.441,
                          "Actual Rows": 83776,
                          "Actual Loops": 7,
                          "Inner Unique": true,
                          "Hash Cond": "(mk.movie_id = t.id)",
                          "Plans": [
                            {
                              "Node Type": "Seq Scan",
                              "Parent Relationship": "Outer",
                              "Parallel Aware": true,
                              "Relation Name": "movie_keyword",
                              "Alias": "mk",
                              "Startup Cost": 0.0,
                              "Total Cost": 42695.65,
                              "Plan Rows": 583065,
                              "Plan Width": 4,
                              "Actual Startup Time": 0.048,
                              "Actual Total Time": 75.938,
                              "Actual Rows": 258348,
                              "Actual Loops": 7,
                              "Filter": "(keyword_id < 2935)",
                              "Rows Removed by Filter": 387927
                            },
                            {
                              "Node Type": "Hash",
                              "Parent Relationship": "Inner",
                              "Parallel Aware": true,
                              "Startup Cost": 45479.59,
                              "Total Cost": 45479.59,
                              "Plan Rows": 370469,
                              "Plan Width": 4,
                              "Actual Startup Time": 225.284,
                              "Actual Total Time": 225.286,
                              "Actual Rows": 227327,
                              "Actual Loops": 7,
                              "Hash Buckets": 2097152,
                              "Original Hash Buckets": 2097152,
                              "Hash Batches": 1,
                              "Original Hash Batches": 1,
                              "Peak Memory Usage": 78752,
                              "Plans": [
                                {
                                  "Node Type": "Seq Scan",
                                  "Parent Relationship": "Outer",
                                  "Parallel Aware": true,
                                  "Relation Name": "title",
                                  "Alias": "t",
                                  "Startup Cost": 0.0,
                                  "Total Cost": 45479.59,
                                  "Plan Rows": 370469,
                                  "Plan Width": 4,
                                  "Actual Startup Time": 0.071,
                                  "Actual Total Time": 93.736,
                                  "Actual Rows": 227327,
                                  "Actual Loops": 7,
                                  "Filter": "((kind_id > 1) AND (production_year > 1976))",
                                  "Rows Removed by Filter": 133860
                                }
                              ]
                            }
                          ]
                        }
                      ]
                    }
                  ]
                }
              ]
            }
          ]
        }
      ]
    },
    "Planning Time": 1.374,
    "Triggers": [],
    "Execution Time": 1157.377
  }
]