[
  {
    "Plan": {
      "Node Type": "Aggregate",
      "Strategy": "Plain",
      "Partial Mode": "Finalize",
      "Parallel Aware": false,
      "Startup Cost": 30870.96,
      "Total Cost": 30870.97,
      "Plan Rows": 1,
      "Plan Width": 8,
      "Actual Startup Time": 86.024,
      "Actual Total Time": 93.792,
      "Actual Rows": 1,
      "Actual Loops": 1,
      "Plans": [
        {
          "Node Type": "Gather",
          "Parent Relationship": "Outer",
          "Parallel Aware": false,
          "Startup Cost": 30870.64,
          "Total Cost": 30870.95,
          "Plan Rows": 3,
          "Plan Width": 8,
          "Actual Startup Time": 85.862,
          "Actual Total Time": 93.784,
          "Actual Rows": 4,
          "Actual Loops": 1,
          "Workers Planned": 3,
          "Workers Launched": 3,
          "Single Copy": false,
          "Plans": [
            {
              "Node Type": "Aggregate",
              "Strategy": "Plain",
              "Partial Mode": "Partial",
              "Parent Relationship": "Outer",
              "Parallel Aware": false,
              "Startup Cost": 29870.64,
              "Total Cost": 29870.65,
              "Plan Rows": 1,
              "Plan Width": 8,
              "Actual Startup Time": 80.066,
              "Actual Total Time": 80.068,
              "Actual Rows": 1,
              "Actual Loops": 4,
              "Plans": [
                {
                  "Node Type": "Seq Scan",
                  "Parent Relationship": "Outer",
                  "Parallel Aware": true,
                  "Relation Name": "movie_companies",
                  "Alias": "mc",
                  "Startup Cost": 0.0,
                  "Total Cost": 29310.68,
                  "Plan Rows": 223984,
                  "Plan Width": 0,
                  "Actual Startup Time": 0.029,
                  "Actual Total Time": 70.026,
                  "Actual Rows": 172490,
                  "Actual Loops": 4,
                  "Filter": "(company_id < 1263)",
                  "Rows Removed by Filter": 479793
                }
              ]
            }
          ]
        }
      ]
    },
    "Planning Time": 0.136,
    "Triggers": [],
    "Execution Time": 93.83
  }
]