[
    {
        "Bao": {
            "Bao prediction": "NaN",
            "Bao recommended hint": "(no hint)"
        }
    },
    {
        "Plan": {
            "Node Type": "Aggregate",
            "Strategy": "Plain",
            "Partial Mode": "Finalize",
            "Parallel Aware": false,
            "Startup Cost": 31987.22,
            "Total Cost": 31987.23,
            "Plan Rows": 1,
            "Plan Width": 8,
            "Actual Startup Time": 83.316,
            "Actual Total Time": 88.582,
            "Actual Rows": 1,
            "Actual Loops": 1,
            "Output": [
                "count(*)"
            ],
            "Plans": [
                {
                    "Node Type": "Gather",
                    "Parent Relationship": "Outer",
                    "Parallel Aware": false,
                    "Startup Cost": 31986.9,
                    "Total Cost": 31987.21,
                    "Plan Rows": 3,
                    "Plan Width": 8,
                    "Actual Startup Time": 83.072,
                    "Actual Total Time": 88.575,
                    "Actual Rows": 4,
                    "Actual Loops": 1,
                    "Output": [
                        "(PARTIAL count(*))"
                    ],
                    "Workers Planned": 3,
                    "Workers Launched": 3,
                    "Single Copy": false,
                    "Plans": [
                        {
                            "Node Type": "Aggregate",
                            "Strategy": "Plain",
                            "Partial Mode": "Partial",
                            "Parent Relationship": "Outer",
                            "Parallel Aware": false,
                            "Startup Cost": 30986.9,
                            "Total Cost": 30986.91,
                            "Plan Rows": 1,
                            "Plan Width": 8,
                            "Actual Startup Time": 74.241,
                            "Actual Total Time": 74.243,
                            "Actual Rows": 1,
                            "Actual Loops": 4,
                            "Output": [
                                "PARTIAL count(*)"
                            ],
                            "Workers": [
                                {
                                    "Worker Number": 0,
                                    "Actual Startup Time": 71.127,
                                    "Actual Total Time": 71.128,
                                    "Actual Rows": 1,
                                    "Actual Loops": 1
                                },
                                {
                                    "Worker Number": 1,
                                    "Actual Startup Time": 71.545,
                                    "Actual Total Time": 71.547,
                                    "Actual Rows": 1,
                                    "Actual Loops": 1
                                },
                                {
                                    "Worker Number": 2,
                                    "Actual Startup Time": 71.816,
                                    "Actual Total Time": 71.818,
                                    "Actual Rows": 1,
                                    "Actual Loops": 1
                                }
                            ],
                            "Plans": [
                                {
                                    "Node Type": "Bitmap Heap Scan",
                                    "Parent Relationship": "Outer",
                                    "Parallel Aware": true,
                                    "Relation Name": "movie_keyword",
                                    "Schema": "public",
                                    "Alias": "mk",
                                    "Startup Cost": 5319.65,
                                    "Total Cost": 30784.69,
                                    "Plan Rows": 80883,
                                    "Plan Width": 0,
                                    "Actual Startup Time": 14.42,
                                    "Actual Total Time": 70.421,
                                    "Actual Rows": 61545,
                                    "Actual Loops": 4,
                                    "Recheck Cond": "(mk.keyword_id > 61034)",
                                    "Rows Removed by Index Recheck": 0,
                                    "Exact Heap Blocks": 11345,
                                    "Lossy Heap Blocks": 0,
                                    "Workers": [
                                        {
                                            "Worker Number": 0,
                                            "Actual Startup Time": 11.435,
                                            "Actual Total Time": 67.814,
                                            "Actual Rows": 41475,
                                            "Actual Loops": 1
                                        },
                                        {
                                            "Worker Number": 1,
                                            "Actual Startup Time": 11.896,
                                            "Actual Total Time": 68.218,
                                            "Actual Rows": 41264,
                                            "Actual Loops": 1
                                        },
                                        {
                                            "Worker Number": 2,
                                            "Actual Startup Time": 11.968,
                                            "Actual Total Time": 68.524,
                                            "Actual Rows": 31661,
                                            "Actual Loops": 1
                                        }
                                    ],
                                    "Plans": [
                                        {
                                            "Node Type": "Bitmap Index Scan",
                                            "Parent Relationship": "Outer",
                                            "Parallel Aware": false,
                                            "Index Name": "keyword_id_movie_keyword",
                                            "Startup Cost": 0.0,
                                            "Total Cost": 5256.97,
                                            "Plan Rows": 250738,
                                            "Plan Width": 0,
                                            "Actual Startup Time": 18.806,
                                            "Actual Total Time": 18.807,
                                            "Actual Rows": 246181,
                                            "Actual Loops": 1,
                                            "Index Cond": "(mk.keyword_id > 61034)"
                                        }
                                    ]
                                }
                            ]
                        }
                    ]
                }
            ]
        },
        "Planning Time": 233.807,
        "Triggers": [],
        "Execution Time": 88.684
    }
]