[
  {
    "Plan": {
      "Node Type": "Aggregate",
      "Strategy": "Plain",
      "Partial Mode": "Finalize",
      "Parallel Aware": false,
      "Startup Cost": 41136.35,
      "Total Cost": 41136.36,
      "Plan Rows": 1,
      "Plan Width": 8,
      "Actual Startup Time": 139.99,
      "Actual Total Time": 148.524,
      "Actual Rows": 1,
      "Actual Loops": 1,
      "Plans": [
        {
          "Node Type": "Gather",
          "Parent Relationship": "Outer",
          "Parallel Aware": false,
          "Startup Cost": 41136.03,
          "Total Cost": 41136.34,
          "Plan Rows": 3,
          "Plan Width": 8,
          "Actual Startup Time": 139.639,
          "Actual Total Time": 148.514,
          "Actual Rows": 4,
          "Actual Loops": 1,
          "Workers Planned": 3,
          "Workers Launched": 3,
          "Single Copy": false,
          "Plans": [
            {
              "Node Type": "Aggregate",
              "Strategy": "Plain",
              "Partial Mode": "Partial",
              "Parent Relationship": "Outer",
              "Parallel Aware": false,
              "Startup Cost": 40136.03,
              "Total Cost": 40136.04,
              "Plan Rows": 1,
              "Plan Width": 8,
              "Actual Startup Time": 135.735,
              "Actual Total Time": 135.737,
              "Actual Rows": 1,
              "Actual Loops": 4,
              "Plans": [
                {
                  "Node Type": "Bitmap Heap Scan",
                  "Parent Relationship": "Outer",
                  "Parallel Aware": true,
                  "Relation Name": "movie_keyword",
                  "Alias": "mk",
                  "Startup Cost": 12769.44,
                  "Total Cost": 39650.6,
                  "Plan Rows": 194173,
                  "Plan Width": 0,
                  "Actual Startup Time": 56.378,
                  "Actual Total Time": 127.607,
                  "Actual Rows": 151624,
                  "Actual Loops": 4,
                  "Recheck Cond": "(keyword_id > 30447)",
                  "Rows Removed by Index Recheck": 0,
                  "Exact Heap Blocks": 10369,
                  "Lossy Heap Blocks": 0,
                  "Plans": [
                    {
                      "Node Type": "Bitmap Index Scan",
                      "Parent Relationship": "Outer",
                      "Parallel Aware": false,
                      "Index Name": "keyword_id_movie_keyword",
                      "Startup Cost": 0.0,
                      "Total Cost": 12618.95,
                      "Plan Rows": 601936,
                      "Plan Width": 0,
                      "Actual Startup Time": 56.04,
                      "Actual Total Time": 56.04,
                      "Actual Rows": 606497,
                      "Actual Loops": 1,
                      "Index Cond": "(keyword_id > 30447)"
                    }
                  ]
                }
              ]
            }
          ]
        }
      ]
    },
    "Planning Time": 0.186,
    "Triggers": [],
    "Execution Time": 148.596
  }
]