[
  {
    "Plan": {
      "Node Type": "Aggregate",
      "Strategy": "Plain",
      "Partial Mode": "Finalize",
      "Parallel Aware": false,
      "Startup Cost": 41493.95,
      "Total Cost": 41493.96,
      "Plan Rows": 1,
      "Plan Width": 8,
      "Actual Startup Time": 138.412,
      "Actual Total Time": 145.416,
      "Actual Rows": 1,
      "Actual Loops": 1,
      "Plans": [
        {
          "Node Type": "Gather",
          "Parent Relationship": "Outer",
          "Parallel Aware": false,
          "Startup Cost": 41493.63,
          "Total Cost": 41493.94,
          "Plan Rows": 3,
          "Plan Width": 8,
          "Actual Startup Time": 138.225,
          "Actual Total Time": 145.408,
          "Actual Rows": 4,
          "Actual Loops": 1,
          "Workers Planned": 3,
          "Workers Launched": 3,
          "Single Copy": false,
          "Plans": [
            {
              "Node Type": "Aggregate",
              "Strategy": "Plain",
              "Partial Mode": "Partial",
              "Parent Relationship": "Outer",
              "Parallel Aware": false,
              "Startup Cost": 40493.63,
              "Total Cost": 40493.64,
              "Plan Rows": 1,
              "Plan Width": 8,
              "Actual Startup Time": 132.468,
              "Actual Total Time": 132.469,
              "Actual Rows": 1,
              "Actual Loops": 4,
              "Plans": [
                {
                  "Node Type": "Bitmap Heap Scan",
                  "Parent Relationship": "Outer",
                  "Parallel Aware": true,
                  "Relation Name": "movie_keyword",
                  "Alias": "mk",
                  "Startup Cost": 13060.31,
                  "Total Cost": 39997.08,
                  "Plan Rows": 198621,
                  "Plan Width": 0,
                  "Actual Startup Time": 55.404,
                  "Actual Total Time": 124.086,
                  "Actual Rows": 151624,
                  "Actual Loops": 4,
                  "Recheck Cond": "(keyword_id > 30447)",
                  "Rows Removed by Index Recheck": 0,
                  "Exact Heap Blocks": 10406,
                  "Lossy Heap Blocks": 0,
                  "Plans": [
                    {
                      "Node Type": "Bitmap Index Scan",
                      "Parent Relationship": "Outer",
                      "Parallel Aware": false,
                      "Index Name": "keyword_id_movie_keyword",
                      "Startup Cost": 0.0,
                      "Total Cost": 12906.38,
                      "Plan Rows": 615726,
                      "Plan Width": 0,
                      "Actual Startup Time": 56.862,
                      "Actual Total Time": 56.862,
                      "Actual Rows": 606497,
                      "Actual Loops": 1,
                      "Index Cond": "(keyword_id > 30447)"
                    }
                  ]
                }
              ]
            }
          ]
        }
      ]
    },
    "Planning Time": 0.182,
    "Triggers": [],
    "Execution Time": 145.5
  }
]