[
  {
    "Plan": {
      "Node Type": "Aggregate",
      "Strategy": "Plain",
      "Partial Mode": "Finalize",
      "Parallel Aware": false,
      "Startup Cost": 56272.35,
      "Total Cost": 56272.36,
      "Plan Rows": 1,
      "Plan Width": 8,
      "Actual Startup Time": 101.493,
      "Actual Total Time": 116.493,
      "Actual Rows": 1,
      "Actual Loops": 1,
      "Plans": [
        {
          "Node Type": "Gather",
          "Parent Relationship": "Outer",
          "Parallel Aware": false,
          "Startup Cost": 56271.93,
          "Total Cost": 56272.34,
          "Plan Rows": 4,
          "Plan Width": 8,
          "Actual Startup Time": 101.212,
          "Actual Total Time": 116.48,
          "Actual Rows": 5,
          "Actual Loops": 1,
          "Workers Planned": 4,
          "Workers Launched": 4,
          "Single Copy": false,
          "Plans": [
            {
              "Node Type": "Aggregate",
              "Strategy": "Plain",
              "Partial Mode": "Partial",
              "Parent Relationship": "Outer",
              "Parallel Aware": false,
              "Startup Cost": 55271.93,
              "Total Cost": 55271.94,
              "Plan Rows": 1,
              "Plan Width": 8,
              "Actual Startup Time": 91.062,
              "Actual Total Time": 91.066,
              "Actual Rows": 1,
              "Actual Loops": 5,
              "Plans": [
                {
                  "Node Type": "Nested Loop",
                  "Parent Relationship": "Outer",
                  "Parallel Aware": false,
                  "Join Type": "Inner",
                  "Startup Cost": 0.86,
                  "Total Cost": 55264.34,
                  "Plan Rows": 3036,
                  "Plan Width": 0,
                  "Actual Startup Time": 74.679,
                  "Actual Total Time": 91.057,
                  "Actual Rows": 2,
                  "Actual Loops": 5,
                  "Inner Unique": false,
                  "Join Filter": "(t.id = mi.movie_id)",
                  "Rows Removed by Join Filter": 0,
                  "Plans": [
                    {
                      "Node Type": "Nested Loop",
                      "Parent Relationship": "Outer",
                      "Parallel Aware": false,
                      "Join Type": "Inner",
                      "Startup Cost": 0.43,
                      "Total Cost": 54232.18,
                      "Plan Rows": 517,
                      "Plan Width": 8,
                      "Actual Startup Time": 74.633,
                      "Actual Total Time": 90.956,
                      "Actual Rows": 0,
                      "Actual Loops": 5,
                      "Inner Unique": false,
                      "Plans": [
                        {
                          "Node Type": "Seq Scan",
                          "Parent Relationship": "Outer",
                          "Parallel Aware": true,
                          "Relation Name": "title",
                          "Alias": "t",
                          "Startup Cost": 0.0,
                          "Total Cost": 45479.59,
                          "Plan Rows": 501,
                          "Plan Width": 4,
                          "Actual Startup Time": 41.666,
                          "Actual Total Time": 90.84,
                          "Actual Rows": 1,
                          "Actual Loops": 5,
                          "Filter": "((kind_id = 7) AND (production_year = 1938))",
                          "Rows Removed by Filter": 505661
                        },
                        {
                          "Node Type": "Index Only Scan",
                          "Parent Relationship": "Inner",
                          "Parallel Aware": false,
                          "Scan Direction": "Forward",
                          "Index Name": "movie_id_movie_companies",
                          "Relation Name": "movie_companies",
                          "Alias": "mc",
                          "Startup Cost": 0.43,
                          "Total Cost": 17.42,
                          "Plan Rows": 5,
                          "Plan Width": 4,
                          "Actual Startup Time": 0.084,
                          "Actual Total Time": 0.089,
                          "Actual Rows": 0,
                          "Actual Loops": 6,
                          "Index Cond": "(movie_id = t.id)",
                          "Rows Removed by Index Recheck": 0,
                          "Heap Fetches": 2
                        }
                      ]
                    },
                    {
                      "Node Type": "Index Only Scan",
                      "Parent Relationship": "Inner",
                      "Parallel Aware": false,
                      "Scan Direction": "Forward",
                      "Index Name": "movie_id_movie_info",
                      "Relation Name": "movie_info",
                      "Alias": "mi",
                      "Startup Cost": 0.43,
                      "Total Cost": 1.48,
                      "Plan Rows": 41,
                      "Plan Width": 4,
                      "Actual Startup Time": 0.113,
                      "Actual Total Time": 0.24,
                      "Actual Rows": 6,
                      "Actual Loops": 2,
                      "Index Cond": "(movie_id = mc.movie_id)",
                      "Rows Removed by Index Recheck": 0,
                      "Heap Fetches": 12
                    }
                  ]
                }
              ]
            }
          ]
        }
      ]
    },
    "Planning Time": 0.957,
    "Triggers": [],
    "Execution Time": 116.55
  }
]