[
  {
    "Plan": {
      "Node Type": "Aggregate",
      "Strategy": "Plain",
      "Partial Mode": "Finalize",
      "Parallel Aware": false,
      "Startup Cost": 270972.16,
      "Total Cost": 270972.17,
      "Plan Rows": 1,
      "Plan Width": 8,
      "Actual Startup Time": 1486.701,
      "Actual Total Time": 1539.485,
      "Actual Rows": 1,
      "Actual Loops": 1,
      "Plans": [
        {
          "Node Type": "Gather",
          "Parent Relationship": "Outer",
          "Parallel Aware": false,
          "Startup Cost": 270971.63,
          "Total Cost": 270972.14,
          "Plan Rows": 5,
          "Plan Width": 8,
          "Actual Startup Time": 1475.811,
          "Actual Total Time": 1539.463,
          "Actual Rows": 6,
          "Actual Loops": 1,
          "Workers Planned": 5,
          "Workers Launched": 5,
          "Single Copy": false,
          "Plans": [
            {
              "Node Type": "Aggregate",
              "Strategy": "Plain",
              "Partial Mode": "Partial",
              "Parent Relationship": "Outer",
              "Parallel Aware": false,
              "Startup Cost": 269971.63,
              "Total Cost": 269971.64,
              "Plan Rows": 1,
              "Plan Width": 8,
              "Actual Startup Time": 1465.406,
              "Actual Total Time": 1465.867,
              "Actual Rows": 1,
              "Actual Loops": 6,
              "Plans": [
                {
                  "Node Type": "Hash Join",
                  "Parent Relationship": "Outer",
                  "Parallel Aware": true,
                  "Join Type": "Inner",
                  "Startup Cost": 64555.51,
                  "Total Cost": 268933.62,
                  "Plan Rows": 415206,
                  "Plan Width": 0,
                  "Actual Startup Time": 304.161,
                  "Actual Total Time": 1336.619,
                  "Actual Rows": 2410748,
                  "Actual Loops": 6,
                  "Inner Unique": false,
                  "Hash Cond": "(mi.movie_id = t.id)",
                  "Plans": [
                    {
                      "Node Type": "Seq Scan",
                      "Parent Relationship": "Outer",
                      "Parallel Aware": true,
                      "Relation Name": "movie_info",
                      "Alias": "mi",
                      "Startup Cost": 0.0,
                      "Total Cost": 191560.33,
                      "Plan Rows": 2956733,
                      "Plan Width": 4,
                      "Actual Startup Time": 0.051,
                      "Actual Total Time": 354.273,
                      "Actual Rows": 2472620,
                      "Actual Loops": 6
                    },
                    {
                      "Node Type": "Hash",
                      "Parent Relationship": "Inner",
                      "Parallel Aware": true,
                      "Startup Cost": 62706.33,
                      "Total Cost": 62706.33,
                      "Plan Rows": 147934,
                      "Plan Width": 8,
                      "Actual Startup Time": 300.318,
                      "Actual Total Time": 300.777,
                      "Actual Rows": 124362,
                      "Actual Loops": 6,
                      "Hash Buckets": 1048576,
                      "Original Hash Buckets": 524288,
                      "Hash Batches": 1,
                      "Original Hash Batches": 1,
                      "Peak Memory Usage": 41536,
                      "Plans": [
                        {
                          "Node Type": "Hash Join",
                          "Parent Relationship": "Outer",
                          "Parallel Aware": true,
                          "Join Type": "Inner",
                          "Startup Cost": 47511.77,
                          "Total Cost": 62706.33,
                          "Plan Rows": 147934,
                          "Plan Width": 8,
                          "Actual Startup Time": 157.408,
                          "Actual Total Time": 245.611,
                          "Actual Rows": 124362,
                          "Actual Loops": 6,
                          "Inner Unique": true,
                          "Hash Cond": "(mi_idx.movie_id = t.id)",
                          "Plans": [
                            {
                              "Node Type": "Seq Scan",
                              "Parent Relationship": "Outer",
                              "Parallel Aware": true,
                              "Relation Name": "movie_info_idx",
                              "Alias": "mi_idx",
                              "Startup Cost": 0.0,
                              "Total Cost": 13685.15,
                              "Plan Rows": 575015,
                              "Plan Width": 4,
                              "Actual Startup Time": 0.028,
                              "Actual Total Time": 28.294,
                              "Actual Rows": 230006,
                              "Actual Loops": 6
                            },
                            {
                              "Node Type": "Hash",
                              "Parent Relationship": "Inner",
                              "Parallel Aware": true,
                              "Startup Cost": 45479.1,
                              "Total Cost": 45479.1,
                              "Plan Rows": 162614,
                              "Plan Width": 4,
                              "Actual Startup Time": 155.293,
                              "Actual Total Time": 155.294,
                              "Actual Rows": 114342,
                              "Actual Loops": 6,
                              "Hash Buckets": 1048576,
                              "Original Hash Buckets": 1048576,
                              "Hash Batches": 1,
                              "Original Hash Batches": 1,
                              "Peak Memory Usage": 35136,
                              "Plans": [
                                {
                                  "Node Type": "Seq Scan",
                                  "Parent Relationship": "Outer",
                                  "Parallel Aware": true,
                                  "Relation Name": "title",
                                  "Alias": "t",
                                  "Startup Cost": 0.0,
                                  "Total Cost": 45479.1,
                                  "Plan Rows": 162614,
                                  "Plan Width": 4,
                                  "Actual Startup Time": 0.054,
                                  "Actual Total Time": 95.556,
                                  "Actual Rows": 114342,
                                  "Actual Loops": 6,
                                  "Filter": "((kind_id < 4) AND (production_year < 2010))",
                                  "Rows Removed by Filter": 307043
                                }
                              ]
                            }
                          ]
                        }
                      ]
                    }
                  ]
                }
              ]
            }
          ]
        }
      ]
    },
    "Planning Time": 1.309,
    "Triggers": [],
    "Execution Time": 1539.576
  }
]