[
    {
        "Bao": {
            "Bao prediction": "NaN",
            "Bao recommended hint": "(no hint)"
        }
    },
    {
        "Plan": {
            "Node Type": "Aggregate",
            "Strategy": "Plain",
            "Partial Mode": "Simple",
            "Parallel Aware": false,
            "Startup Cost": 26678.41,
            "Total Cost": 26678.42,
            "Plan Rows": 1,
            "Plan Width": 8,
            "Actual Startup Time": 33.442,
            "Actual Total Time": 33.443,
            "Actual Rows": 1,
            "Actual Loops": 1,
            "Output": [
                "count(*)"
            ],
            "Plans": [
                {
                    "Node Type": "Bitmap Heap Scan",
                    "Parent Relationship": "Outer",
                    "Parallel Aware": false,
                    "Relation Name": "movie_keyword",
                    "Schema": "public",
                    "Alias": "mk",
                    "Startup Cost": 599.18,
                    "Total Cost": 26607.85,
                    "Plan Rows": 28225,
                    "Plan Width": 0,
                    "Actual Startup Time": 10.35,
                    "Actual Total Time": 30.665,
                    "Actual Rows": 24620,
                    "Actual Loops": 1,
                    "Recheck Cond": "(mk.keyword_id > 113996)",
                    "Rows Removed by Index Recheck": 0,
                    "Exact Heap Blocks": 7262,
                    "Lossy Heap Blocks": 0,
                    "Plans": [
                        {
                            "Node Type": "Bitmap Index Scan",
                            "Parent Relationship": "Outer",
                            "Parallel Aware": false,
                            "Index Name": "keyword_id_movie_keyword",
                            "Startup Cost": 0.0,
                            "Total Cost": 592.12,
                            "Plan Rows": 28225,
                            "Plan Width": 0,
                            "Actual Startup Time": 6.787,
                            "Actual Total Time": 6.787,
                            "Actual Rows": 24620,
                            "Actual Loops": 1,
                            "Index Cond": "(mk.keyword_id > 113996)"
                        }
                    ]
                }
            ]
        },
        "Planning Time": 195.54,
        "Triggers": [],
        "Execution Time": 33.524
    }
]