[
  {
    "Plan": {
      "Node Type": "Aggregate",
      "Strategy": "Plain",
      "Partial Mode": "Finalize",
      "Parallel Aware": false,
      "Startup Cost": 210015.73,
      "Total Cost": 210015.74,
      "Plan Rows": 1,
      "Plan Width": 8,
      "Actual Startup Time": 2215.785,
      "Actual Total Time": 2292.458,
      "Actual Rows": 1,
      "Actual Loops": 1,
      "Plans": [
        {
          "Node Type": "Gather",
          "Parent Relationship": "Outer",
          "Parallel Aware": false,
          "Startup Cost": 210015.41,
          "Total Cost": 210015.72,
          "Plan Rows": 3,
          "Plan Width": 8,
          "Actual Startup Time": 2206.339,
          "Actual Total Time": 2292.447,
          "Actual Rows": 4,
          "Actual Loops": 1,
          "Workers Planned": 3,
          "Workers Launched": 3,
          "Single Copy": false,
          "Plans": [
            {
              "Node Type": "Aggregate",
              "Strategy": "Plain",
              "Partial Mode": "Partial",
              "Parent Relationship": "Outer",
              "Parallel Aware": false,
              "Startup Cost": 209015.41,
              "Total Cost": 209015.42,
              "Plan Rows": 1,
              "Plan Width": 8,
              "Actual Startup Time": 2188.711,
              "Actual Total Time": 2188.715,
              "Actual Rows": 1,
              "Actual Loops": 4,
              "Plans": [
                {
                  "Node Type": "Nested Loop",
                  "Parent Relationship": "Outer",
                  "Parallel Aware": false,
                  "Join Type": "Inner",
                  "Startup Cost": 54139.94,
                  "Total Cost": 207616.2,
                  "Plan Rows": 559685,
                  "Plan Width": 0,
                  "Actual Startup Time": 344.649,
                  "Actual Total Time": 2122.512,
                  "Actual Rows": 1502007,
                  "Actual Loops": 4,
                  "Inner Unique": false,
                  "Plans": [
                    {
                      "Node Type": "Hash Join",
                      "Parent Relationship": "Outer",
                      "Parallel Aware": true,
                      "Join Type": "Inner",
                      "Startup Cost": 54139.37,
                      "Total Cost": 79494.44,
                      "Plan Rows": 59575,
                      "Plan Width": 8,
                      "Actual Startup Time": 344.27,
                      "Actual Total Time": 397.801,
                      "Actual Rows": 46141,
                      "Actual Loops": 4,
                      "Inner Unique": true,
                      "Hash Cond": "(mk.movie_id = t.id)",
                      "Plans": [
                        {
                          "Node Type": "Bitmap Heap Scan",
                          "Parent Relationship": "Outer",
                          "Parallel Aware": true,
                          "Relation Name": "movie_keyword",
                          "Alias": "mk",
                          "Startup Cost": 3919.73,
                          "Total Cost": 29118.42,
                          "Plan Rows": 59575,
                          "Plan Width": 4,
                          "Actual Startup Time": 13.47,
                          "Actual Total Time": 42.784,
                          "Actual Rows": 46141,
                          "Actual Loops": 4,
                          "Recheck Cond": "(keyword_id > 71486)",
                          "Rows Removed by Index Recheck": 0,
                          "Exact Heap Blocks": 5613,
                          "Lossy Heap Blocks": 0,
                          "Plans": [
                            {
                              "Node Type": "Bitmap Index Scan",
                              "Parent Relationship": "Outer",
                              "Parallel Aware": false,
                              "Index Name": "keyword_id_movie_keyword",
                              "Startup Cost": 0.0,
                              "Total Cost": 3873.55,
                              "Plan Rows": 184683,
                              "Plan Width": 0,
                              "Actual Startup Time": 10.533,
                              "Actual Total Time": 10.533,
                              "Actual Rows": 184563,
                              "Actual Loops": 1,
                              "Index Cond": "(keyword_id > 71486)"
                            }
                          ]
                        },
                        {
                          "Node Type": "Hash",
                          "Parent Relationship": "Inner",
                          "Parallel Aware": true,
                          "Startup Cost": 42318.73,
                          "Total Cost": 42318.73,
                          "Plan Rows": 632073,
                          "Plan Width": 4,
                          "Actual Startup Time": 319.766,
                          "Actual Total Time": 319.766,
                          "Actual Rows": 632078,
                          "Actual Loops": 4,
                          "Hash Buckets": 4194304,
                          "Original Hash Buckets": 4194304,
                          "Hash Batches": 1,
                          "Original Hash Batches": 1,
                          "Peak Memory Usage": 131744,
                          "Plans": [
                            {
                              "Node Type": "Seq Scan",
                              "Parent Relationship": "Outer",
                              "Parallel Aware": true,
                              "Relation Name": "title",
                              "Alias": "t",
                              "Startup Cost": 0.0,
                              "Total Cost": 42318.73,
                              "Plan Rows": 632073,
                              "Plan Width": 4,
                              "Actual Startup Time": 0.034,
                              "Actual Total Time": 93.163,
                              "Actual Rows": 632078,
                              "Actual Loops": 4
                            }
                          ]
                        }
                      ]
                    },
                    {
                      "Node Type": "Index Scan",
                      "Parent Relationship": "Inner",
                      "Parallel Aware": false,
                      "Scan Direction": "Forward",
                      "Index Name": "movie_id_cast_info",
                      "Relation Name": "cast_info",
                      "Alias": "ci",
                      "Startup Cost": 0.56,
                      "Total Cost": 1.91,
                      "Plan Rows": 24,
                      "Plan Width": 4,
                      "Actual Startup Time": 0.015,
                      "Actual Total Time": 0.035,
                      "Actual Rows": 33,
                      "Actual Loops": 184563,
                      "Index Cond": "(movie_id = t.id)",
                      "Rows Removed by Index Recheck": 0,
                      "Filter": "(role_id > 1)",
                      "Rows Removed by Filter": 19
                    }
                  ]
                }
              ]
            }
          ]
        }
      ]
    },
    "Planning Time": 1.384,
    "Triggers": [],
    "Execution Time": 2292.588
  }
]