{
  "Plan": {
    "Node Type": "Aggregate",
    "Strategy": "Plain",
    "Partial Mode": "Finalize",
    "Parallel Aware": false,
    "Startup Cost": 98964.59,
    "Total Cost": 98964.6,
    "Plan Rows": 1,
    "Plan Width": 8,
    "Actual Startup Time": 598.371,
    "Actual Total Time": 616.998,
    "Actual Rows": 1,
    "Actual Loops": 1,
    "Plans": [
      {
        "Node Type": "Gather",
        "Parent Relationship": "Outer",
        "Parallel Aware": false,
        "Startup Cost": 98964.48,
        "Total Cost": 98964.59,
        "Plan Rows": 1,
        "Plan Width": 8,
        "Actual Startup Time": 592.77,
        "Actual Total Time": 616.989,
        "Actual Rows": 2,
        "Actual Loops": 1,
        "Workers Planned": 1,
        "Workers Launched": 1,
        "Single Copy": false,
        "Plans": [
          {
            "Node Type": "Aggregate",
            "Strategy": "Plain",
            "Partial Mode": "Partial",
            "Parent Relationship": "Outer",
            "Parallel Aware": false,
            "Startup Cost": 97964.48,
            "Total Cost": 97964.49,
            "Plan Rows": 1,
            "Plan Width": 8,
            "Actual Startup Time": 580.483,
            "Actual Total Time": 580.487,
            "Actual Rows": 1,
            "Actual Loops": 2,
            "Plans": [
              {
                "Node Type": "Hash Join",
                "Parent Relationship": "Outer",
                "Parallel Aware": true,
                "Join Type": "Inner",
                "Startup Cost": 71904.95,
                "Total Cost": 97918.58,
                "Plan Rows": 18358,
                "Plan Width": 0,
                "Actual Startup Time": 556.444,
                "Actual Total Time": 579.74,
                "Actual Rows": 14934,
                "Actual Loops": 2,
                "Inner Unique": true,
                "Hash Cond": "(mk.movie_id = t.id)",
                "Plans": [
                  {
                    "Node Type": "Bitmap Heap Scan",
                    "Parent Relationship": "Outer",
                    "Parallel Aware": true,
                    "Relation Name": "movie_keyword",
                    "Alias": "mk",
                    "Startup Cost": 743.74,
                    "Total Cost": 26703.32,
                    "Plan Rows": 20593,
                    "Plan Width": 4,
                    "Actual Startup Time": 4.486,
                    "Actual Total Time": 20.451,
                    "Actual Rows": 17842,
                    "Actual Loops": 2,
                    "Recheck Cond": "(keyword_id > 107084)",
                    "Rows Removed by Index Recheck": 0,
                    "Exact Heap Blocks": 6344,
                    "Lossy Heap Blocks": 0,
                    "Plans": [
                      {
                        "Node Type": "Bitmap Index Scan",
                        "Parent Relationship": "Outer",
                        "Parallel Aware": false,
                        "Index Name": "keyword_id_movie_keyword",
                        "Startup Cost": 0.0,
                        "Total Cost": 734.99,
                        "Plan Rows": 35008,
                        "Plan Width": 0,
                        "Actual Startup Time": 3.072,
                        "Actual Total Time": 3.073,
                        "Actual Rows": 35684,
                        "Actual Loops": 1,
                        "Index Cond": "(keyword_id > 107084)"
                      }
                    ]
                  },
                  {
                    "Node Type": "Hash",
                    "Parent Relationship": "Inner",
                    "Parallel Aware": true,
                    "Startup Cost": 54588.39,
                    "Total Cost": 54588.39,
                    "Plan Rows": 1325825,
                    "Plan Width": 4,
                    "Actual Startup Time": 529.935,
                    "Actual Total Time": 529.936,
                    "Actual Rows": 1122297,
                    "Actual Loops": 2,
                    "Hash Buckets": 4194304,
                    "Original Hash Buckets": 4194304,
                    "Hash Batches": 1,
                    "Original Hash Batches": 1,
                    "Peak Memory Usage": 120608,
                    "Plans": [
                      {
                        "Node Type": "Seq Scan",
                        "Parent Relationship": "Outer",
                        "Parallel Aware": true,
                        "Relation Name": "title",
                        "Alias": "t",
                        "Startup Cost": 0.0,
                        "Total Cost": 54588.39,
                        "Plan Rows": 1325825,
                        "Plan Width": 4,
                        "Actual Startup Time": 0.028,
                        "Actual Total Time": 187.845,
                        "Actual Rows": 1122297,
                        "Actual Loops": 2,
                        "Filter": "(production_year > 1956)",
                        "Rows Removed by Filter": 141859
                      }
                    ]
                  }
                ]
              }
            ]
          }
        ]
      }
    ]
  },
  "Planning Time": 0.701,
  "Triggers": [],
  "Execution Time": 617.094
}