{
  "Plan": {
    "Node Type": "Aggregate",
    "Strategy": "Plain",
    "Partial Mode": "Finalize",
    "Parallel Aware": false,
    "Startup Cost": 364786.61,
    "Total Cost": 364786.62,
    "Plan Rows": 1,
    "Plan Width": 8,
    "Actual Startup Time": 2333.267,
    "Actual Total Time": 2383.34,
    "Actual Rows": 1,
    "Actual Loops": 1,
    "Plans": [
      {
        "Node Type": "Gather",
        "Parent Relationship": "Outer",
        "Parallel Aware": false,
        "Startup Cost": 364786.5,
        "Total Cost": 364786.61,
        "Plan Rows": 1,
        "Plan Width": 8,
        "Actual Startup Time": 2328.296,
        "Actual Total Time": 2383.328,
        "Actual Rows": 2,
        "Actual Loops": 1,
        "Workers Planned": 1,
        "Workers Launched": 1,
        "Single Copy": false,
        "Plans": [
          {
            "Node Type": "Aggregate",
            "Strategy": "Plain",
            "Partial Mode": "Partial",
            "Parent Relationship": "Outer",
            "Parallel Aware": false,
            "Startup Cost": 363786.5,
            "Total Cost": 363786.51,
            "Plan Rows": 1,
            "Plan Width": 8,
            "Actual Startup Time": 2320.671,
            "Actual Total Time": 2320.675,
            "Actual Rows": 1,
            "Actual Loops": 2,
            "Plans": [
              {
                "Node Type": "Hash Join",
                "Parent Relationship": "Outer",
                "Parallel Aware": true,
                "Join Type": "Inner",
                "Startup Cost": 68301.9,
                "Total Cost": 353557.86,
                "Plan Rows": 4091455,
                "Plan Width": 0,
                "Actual Startup Time": 446.054,
                "Actual Total Time": 2236.606,
                "Actual Rows": 2133686,
                "Actual Loops": 2,
                "Inner Unique": true,
                "Hash Cond": "(mi.movie_id = t.id)",
                "Plans": [
                  {
                    "Node Type": "Seq Scan",
                    "Parent Relationship": "Outer",
                    "Parallel Aware": true,
                    "Relation Name": "movie_info",
                    "Alias": "mi",
                    "Startup Cost": 0.0,
                    "Total Cost": 270696.42,
                    "Plan Rows": 5546484,
                    "Plan Width": 4,
                    "Actual Startup Time": 34.721,
                    "Actual Total Time": 722.159,
                    "Actual Rows": 4712600,
                    "Actual Loops": 2,
                    "Filter": "(info_type_id > 5)",
                    "Rows Removed by Filter": 2705260
                  },
                  {
                    "Node Type": "Hash",
                    "Parent Relationship": "Inner",
                    "Parallel Aware": true,
                    "Startup Cost": 54588.39,
                    "Total Cost": 54588.39,
                    "Plan Rows": 1097081,
                    "Plan Width": 4,
                    "Actual Startup Time": 396.106,
                    "Actual Total Time": 396.107,
                    "Actual Rows": 932744,
                    "Actual Loops": 2,
                    "Hash Buckets": 2097152,
                    "Original Hash Buckets": 2097152,
                    "Hash Batches": 1,
                    "Original Hash Batches": 1,
                    "Peak Memory Usage": 89408,
                    "Plans": [
                      {
                        "Node Type": "Seq Scan",
                        "Parent Relationship": "Outer",
                        "Parallel Aware": true,
                        "Relation Name": "title",
                        "Alias": "t",
                        "Startup Cost": 0.0,
                        "Total Cost": 54588.39,
                        "Plan Rows": 1097081,
                        "Plan Width": 4,
                        "Actual Startup Time": 0.028,
                        "Actual Total Time": 166.703,
                        "Actual Rows": 932744,
                        "Actual Loops": 2,
                        "Filter": "(kind_id > 1)",
                        "Rows Removed by Filter": 331412
                      }
                    ]
                  }
                ]
              }
            ]
          }
        ]
      }
    ]
  },
  "Planning Time": 0.583,
  "Triggers": [],
  "Execution Time": 2383.413
}