{
  "Plan": {
    "Node Type": "Aggregate",
    "Strategy": "Plain",
    "Partial Mode": "Finalize",
    "Parallel Aware": false,
    "Startup Cost": 6425.47,
    "Total Cost": 6425.48,
    "Plan Rows": 1,
    "Plan Width": 64,
    "Actual Startup Time": 36.186,
    "Actual Total Time": 38.961,
    "Actual Rows": 1,
    "Actual Loops": 1,
    "Plans": [
      {
        "Node Type": "Gather",
        "Parent Relationship": "Outer",
        "Parallel Aware": false,
        "Startup Cost": 6425.36,
        "Total Cost": 6425.47,
        "Plan Rows": 1,
        "Plan Width": 64,
        "Actual Startup Time": 36.07,
        "Actual Total Time": 38.955,
        "Actual Rows": 2,
        "Actual Loops": 1,
        "Workers Planned": 1,
        "Workers Launched": 1,
        "Single Copy": false,
        "Plans": [
          {
            "Node Type": "Aggregate",
            "Strategy": "Plain",
            "Partial Mode": "Partial",
            "Parent Relationship": "Outer",
            "Parallel Aware": false,
            "Startup Cost": 5425.36,
            "Total Cost": 5425.37,
            "Plan Rows": 1,
            "Plan Width": 64,
            "Actual Startup Time": 28.284,
            "Actual Total Time": 28.291,
            "Actual Rows": 1,
            "Actual Loops": 2,
            "Plans": [
              {
                "Node Type": "Hash Join",
                "Parent Relationship": "Outer",
                "Parallel Aware": false,
                "Join Type": "Inner",
                "Startup Cost": 3.8,
                "Total Cost": 5425.35,
                "Plan Rows": 1,
                "Plan Width": 60,
                "Actual Startup Time": 13.263,
                "Actual Total Time": 28.25,
                "Actual Rows": 41,
                "Actual Loops": 2,
                "Inner Unique": true,
                "Hash Cond": "(mc.company_type_id = ct.id)",
                "Plans": [
                  {
                    "Node Type": "Nested Loop",
                    "Parent Relationship": "Outer",
                    "Parallel Aware": false,
                    "Join Type": "Inner",
                    "Startup Cost": 2.71,
                    "Total Cost": 5424.26,
                    "Plan Rows": 1,
                    "Plan Width": 64,
                    "Actual Startup Time": 12.968,
                    "Actual Total Time": 27.929,
                    "Actual Rows": 41,
                    "Actual Loops": 2,
                    "Inner Unique": true,
                    "Plans": [
                      {
                        "Node Type": "Nested Loop",
                        "Parent Relationship": "Outer",
                        "Parallel Aware": false,
                        "Join Type": "Inner",
                        "Startup Cost": 2.29,
                        "Total Cost": 5423.82,
                        "Plan Rows": 1,
                        "Plan Width": 68,
                        "Actual Startup Time": 12.957,
                        "Actual Total Time": 27.617,
                        "Actual Rows": 41,
                        "Actual Loops": 2,
                        "Inner Unique": false,
                        "Plans": [
                          {
                            "Node Type": "Nested Loop",
                            "Parent Relationship": "Outer",
                            "Parallel Aware": false,
                            "Join Type": "Inner",
                            "Startup Cost": 1.86,
                            "Total Cost": 5422.0,
                            "Plan Rows": 1,
                            "Plan Width": 80,
                            "Actual Startup Time": 12.946,
                            "Actual Total Time": 27.563,
                            "Actual Rows": 1,
                            "Actual Loops": 2,
                            "Inner Unique": true,
                            "Plans": [
                              {
                                "Node Type": "Nested Loop",
                                "Parent Relationship": "Outer",
                                "Parallel Aware": false,
                                "Join Type": "Inner",
                                "Startup Cost": 1.72,
                                "Total Cost": 5421.77,
                                "Plan Rows": 1,
                                "Plan Width": 84,
                                "Actual Startup Time": 12.94,
                                "Actual Total Time": 27.553,
                                "Actual Rows": 1,
                                "Actual Loops": 2,
                                "Inner Unique": false,
                                "Plans": [
                                  {
                                    "Node Type": "Nested Loop",
                                    "Parent Relationship": "Outer",
                                    "Parallel Aware": false,
                                    "Join Type": "Inner",
                                    "Startup Cost": 1.28,
                                    "Total Cost": 5419.85,
                                    "Plan Rows": 1,
                                    "Plan Width": 33,
                                    "Actual Startup Time": 12.85,
                                    "Actual Total Time": 26.781,
                                    "Actual Rows": 6,
                                    "Actual Loops": 2,
                                    "Inner Unique": false,
                                    "Plans": [
                                      {
                                        "Node Type": "Nested Loop",
                                        "Parent Relationship": "Outer",
                                        "Parallel Aware": false,
                                        "Join Type": "Inner",
                                        "Startup Cost": 0.86,
                                        "Total Cost": 5419.32,
                                        "Plan Rows": 1,
                                        "Plan Width": 29,
                                        "Actual Startup Time": 12.837,
                                        "Actual Total Time": 26.659,
                                        "Actual Rows": 7,
                                        "Actual Loops": 2,
                                        "Inner Unique": true,
                                        "Plans": [
                                          {
                                            "Node Type": "Nested Loop",
                                            "Parent Relationship": "Outer",
                                            "Parallel Aware": false,
                                            "Join Type": "Inner",
                                            "Startup Cost": 0.43,
                                            "Total Cost": 5413.97,
                                            "Plan Rows": 1,
                                            "Plan Width": 8,
                                            "Actual Startup Time": 12.826,
                                            "Actual Total Time": 26.593,
                                            "Actual Rows": 7,
                                            "Actual Loops": 2,
                                            "Inner Unique": false,
                                            "Plans": [
                                              {
                                                "Node Type": "Seq Scan",
                                                "Parent Relationship": "Outer",
                                                "Parallel Aware": true,
                                                "Relation Name": "company_name",
                                                "Alias": "cn",
                                                "Startup Cost": 0.0,
                                                "Total Cost": 5068.5,
                                                "Plan Rows": 1,
                                                "Plan Width": 4,
                                                "Actual Startup Time": 12.781,
                                                "Actual Total Time": 26.492,
                                                "Actual Rows": 0,
                                                "Actual Loops": 2,
                                                "Filter": "(((country_code)::text = '[us]'::text) AND (name = 'Rockstar Games'::text))",
                                                "Rows Removed by Filter": 117498
                                              },
                                              {
                                                "Node Type": "Index Scan",
                                                "Parent Relationship": "Inner",
                                                "Parallel Aware": false,
                                                "Scan Direction": "Forward",
                                                "Index Name": "company_id_movie_companies",
                                                "Relation Name": "movie_companies",
                                                "Alias": "mc",
                                                "Startup Cost": 0.43,
                                                "Total Cost": 345.46,
                                                "Plan Rows": 1,
                                                "Plan Width": 12,
                                                "Actual Startup Time": 0.081,
                                                "Actual Total Time": 0.185,
                                                "Actual Rows": 14,
                                                "Actual Loops": 1,
                                                "Index Cond": "(company_id = cn.id)",
                                                "Rows Removed by Index Recheck": 0,
                                                "Filter": "((note ~~ '%(200%)%'::text) AND (note ~~ '%(worldwide)%'::text))",
                                                "Rows Removed by Filter": 52
                                              }
                                            ]
                                          },
                                          {
                                            "Node Type": "Index Scan",
                                            "Parent Relationship": "Inner",
                                            "Parallel Aware": false,
                                            "Scan Direction": "Forward",
                                            "Index Name": "title_pkey",
                                            "Relation Name": "title",
                                            "Alias": "t",
                                            "Startup Cost": 0.43,
                                            "Total Cost": 5.35,
                                            "Plan Rows": 1,
                                            "Plan Width": 21,
                                            "Actual Startup Time": 0.008,
                                            "Actual Total Time": 0.008,
                                            "Actual Rows": 1,
                                            "Actual Loops": 14,
                                            "Index Cond": "(id = mc.movie_id)",
                                            "Rows Removed by Index Recheck": 0,
                                            "Filter": "((production_year >= 1994) AND (production_year <= 2011))",
                                            "Rows Removed by Filter": 0
                                          }
                                        ]
                                      },
                                      {
                                        "Node Type": "Index Only Scan",
                                        "Parent Relationship": "Inner",
                                        "Parallel Aware": false,
                                        "Scan Direction": "Forward",
                                        "Index Name": "movie_id_aka_title",
                                        "Relation Name": "aka_title",
                                        "Alias": "at",
                                        "Startup Cost": 0.42,
                                        "Total Cost": 0.5,
                                        "Plan Rows": 3,
                                        "Plan Width": 4,
                                        "Actual Startup Time": 0.012,
                                        "Actual Total Time": 0.016,
                                        "Actual Rows": 1,
                                        "Actual Loops": 14,
                                        "Index Cond": "(movie_id = t.id)",
                                        "Rows Removed by Index Recheck": 0,
                                        "Heap Fetches": 13
                                      }
                                    ]
                                  },
                                  {
                                    "Node Type": "Index Scan",
                                    "Parent Relationship": "Inner",
                                    "Parallel Aware": false,
                                    "Scan Direction": "Forward",
                                    "Index Name": "movie_id_movie_info",
                                    "Relation Name": "movie_info",
                                    "Alias": "mi",
                                    "Startup Cost": 0.43,
                                    "Total Cost": 1.91,
                                    "Plan Rows": 1,
                                    "Plan Width": 51,
                                    "Actual Startup Time": 0.115,
                                    "Actual Total Time": 0.118,
                                    "Actual Rows": 0,
                                    "Actual Loops": 13,
                                    "Index Cond": "(movie_id = t.id)",
                                    "Rows Removed by Index Recheck": 0,
                                    "Filter": "((note ~~ '%internet%'::text) AND (info ~~ 'USA:% 200%'::text))",
                                    "Rows Removed by Filter": 207
                                  }
                                ]
                              },
                              {
                                "Node Type": "Index Scan",
                                "Parent Relationship": "Inner",
                                "Parallel Aware": false,
                                "Scan Direction": "Forward",
                                "Index Name": "info_type_pkey",
                                "Relation Name": "info_type",
                                "Alias": "it1",
                                "Startup Cost": 0.14,
                                "Total Cost": 0.19,
                                "Plan Rows": 1,
                                "Plan Width": 4,
                                "Actual Startup Time": 0.006,
                                "Actual Total Time": 0.006,
                                "Actual Rows": 1,
                                "Actual Loops": 2,
                                "Index Cond": "(id = mi.info_type_id)",
                                "Rows Removed by Index Recheck": 0,
                                "Filter": "((info)::text = 'release dates'::text)",
                                "Rows Removed by Filter": 0
                              }
                            ]
                          },
                          {
                            "Node Type": "Index Scan",
                            "Parent Relationship": "Inner",
                            "Parallel Aware": false,
                            "Scan Direction": "Forward",
                            "Index Name": "movie_id_movie_keyword",
                            "Relation Name": "movie_keyword",
                            "Alias": "mk",
                            "Startup Cost": 0.43,
                            "Total Cost": 1.36,
                            "Plan Rows": 46,
                            "Plan Width": 8,
                            "Actual Startup Time": 0.014,
                            "Actual Total Time": 0.034,
                            "Actual Rows": 41,
                            "Actual Loops": 2,
                            "Index Cond": "(movie_id = t.id)",
                            "Rows Removed by Index Recheck": 0
                          }
                        ]
                      },
                      {
                        "Node Type": "Index Only Scan",
                        "Parent Relationship": "Inner",
                        "Parallel Aware": false,
                        "Scan Direction": "Forward",
                        "Index Name": "keyword_pkey",
                        "Relation Name": "keyword",
                        "Alias": "k",
                        "Startup Cost": 0.42,
                        "Total Cost": 0.44,
                        "Plan Rows": 1,
                        "Plan Width": 4,
                        "Actual Startup Time": 0.007,
                        "Actual Total Time": 0.007,
                        "Actual Rows": 1,
                        "Actual Loops": 82,
                        "Index Cond": "(id = mk.keyword_id)",
                        "Rows Removed by Index Recheck": 0,
                        "Heap Fetches": 82
                      }
                    ]
                  },
                  {
                    "Node Type": "Hash",
                    "Parent Relationship": "Inner",
                    "Parallel Aware": false,
                    "Startup Cost": 1.04,
                    "Total Cost": 1.04,
                    "Plan Rows": 4,
                    "Plan Width": 4,
                    "Actual Startup Time": 0.071,
                    "Actual Total Time": 0.072,
                    "Actual Rows": 4,
                    "Actual Loops": 2,
                    "Hash Buckets": 1024,
                    "Original Hash Buckets": 1024,
                    "Hash Batches": 1,
                    "Original Hash Batches": 1,
                    "Peak Memory Usage": 9,
                    "Plans": [
                      {
                        "Node Type": "Seq Scan",
                        "Parent Relationship": "Outer",
                        "Parallel Aware": false,
                        "Relation Name": "company_type",
                        "Alias": "ct",
                        "Startup Cost": 0.0,
                        "Total Cost": 1.04,
                        "Plan Rows": 4,
                        "Plan Width": 4,
                        "Actual Startup Time": 0.051,
                        "Actual Total Time": 0.054,
                        "Actual Rows": 4,
                        "Actual Loops": 2
                      }
                    ]
                  }
                ]
              }
            ]
          }
        ]
      }
    ]
  },
  "Planning Time": 3.06,
  "Triggers": [],
  "Execution Time": 39.116
}