[
  {
    "Plan": {
      "Node Type": "Aggregate",
      "Strategy": "Plain",
      "Partial Mode": "Finalize",
      "Parallel Aware": false,
      "Startup Cost": 246987.41,
      "Total Cost": 246987.42,
      "Plan Rows": 1,
      "Plan Width": 8,
      "Actual Startup Time": 869.129,
      "Actual Total Time": 911.982,
      "Actual Rows": 1,
      "Actual Loops": 1,
      "Plans": [
        {
          "Node Type": "Gather",
          "Parent Relationship": "Outer",
          "Parallel Aware": false,
          "Startup Cost": 246986.89,
          "Total Cost": 246987.4,
          "Plan Rows": 5,
          "Plan Width": 8,
          "Actual Startup Time": 866.531,
          "Actual Total Time": 911.945,
          "Actual Rows": 6,
          "Actual Loops": 1,
          "Workers Planned": 5,
          "Workers Launched": 5,
          "Single Copy": false,
          "Plans": [
            {
              "Node Type": "Aggregate",
              "Strategy": "Plain",
              "Partial Mode": "Partial",
              "Parent Relationship": "Outer",
              "Parallel Aware": false,
              "Startup Cost": 245986.89,
              "Total Cost": 245986.9,
              "Plan Rows": 1,
              "Plan Width": 8,
              "Actual Startup Time": 859.691,
              "Actual Total Time": 859.752,
              "Actual Rows": 1,
              "Actual Loops": 6,
              "Plans": [
                {
                  "Node Type": "Hash Join",
                  "Parent Relationship": "Outer",
                  "Parallel Aware": true,
                  "Join Type": "Inner",
                  "Startup Cost": 46009.57,
                  "Total Cost": 245488.98,
                  "Plan Rows": 199163,
                  "Plan Width": 0,
                  "Actual Startup Time": 122.432,
                  "Actual Total Time": 830.06,
                  "Actual Rows": 617651,
                  "Actual Loops": 6,
                  "Inner Unique": true,
                  "Hash Cond": "(mi.movie_id = t.id)",
                  "Plans": [
                    {
                      "Node Type": "Seq Scan",
                      "Parent Relationship": "Outer",
                      "Parallel Aware": true,
                      "Relation Name": "movie_info",
                      "Alias": "mi",
                      "Startup Cost": 0.0,
                      "Total Cost": 191685.19,
                      "Plan Rows": 2969219,
                      "Plan Width": 4,
                      "Actual Startup Time": 0.031,
                      "Actual Total Time": 312.186,
                      "Actual Rows": 2472620,
                      "Actual Loops": 6
                    },
                    {
                      "Node Type": "Hash",
                      "Parent Relationship": "Inner",
                      "Parallel Aware": true,
                      "Startup Cost": 45479.59,
                      "Total Cost": 45479.59,
                      "Plan Rows": 42399,
                      "Plan Width": 4,
                      "Actual Startup Time": 109.668,
                      "Actual Total Time": 109.669,
                      "Actual Rows": 51771,
                      "Actual Loops": 6,
                      "Hash Buckets": 524288,
                      "Original Hash Buckets": 262144,
                      "Hash Batches": 1,
                      "Original Hash Batches": 1,
                      "Peak Memory Usage": 18400,
                      "Plans": [
                        {
                          "Node Type": "Seq Scan",
                          "Parent Relationship": "Outer",
                          "Parallel Aware": true,
                          "Relation Name": "title",
                          "Alias": "t",
                          "Startup Cost": 0.0,
                          "Total Cost": 45479.59,
                          "Plan Rows": 42399,
                          "Plan Width": 4,
                          "Actual Startup Time": 46.846,
                          "Actual Total Time": 81.581,
                          "Actual Rows": 51771,
                          "Actual Loops": 6,
                          "Filter": "((production_year < 1989) AND (kind_id = 1))",
                          "Rows Removed by Filter": 369614
                        }
                      ]
                    }
                  ]
                }
              ]
            }
          ]
        }
      ]
    },
    "Planning Time": 0.284,
    "Triggers": [],
    "Execution Time": 912.032
  }
]