[
  {
    "Plan": {
      "Node Type": "Aggregate",
      "Strategy": "Plain",
      "Partial Mode": "Finalize",
      "Parallel Aware": false,
      "Startup Cost": 246843.93,
      "Total Cost": 246843.94,
      "Plan Rows": 1,
      "Plan Width": 8,
      "Actual Startup Time": 825.532,
      "Actual Total Time": 870.571,
      "Actual Rows": 1,
      "Actual Loops": 1,
      "Plans": [
        {
          "Node Type": "Gather",
          "Parent Relationship": "Outer",
          "Parallel Aware": false,
          "Startup Cost": 246843.41,
          "Total Cost": 246843.92,
          "Plan Rows": 5,
          "Plan Width": 8,
          "Actual Startup Time": 822.287,
          "Actual Total Time": 870.56,
          "Actual Rows": 6,
          "Actual Loops": 1,
          "Workers Planned": 5,
          "Workers Launched": 5,
          "Single Copy": false,
          "Plans": [
            {
              "Node Type": "Aggregate",
              "Strategy": "Plain",
              "Partial Mode": "Partial",
              "Parent Relationship": "Outer",
              "Parallel Aware": false,
              "Startup Cost": 245843.41,
              "Total Cost": 245843.42,
              "Plan Rows": 1,
              "Plan Width": 8,
              "Actual Startup Time": 812.003,
              "Actual Total Time": 812.006,
              "Actual Rows": 1,
              "Actual Loops": 6,
              "Plans": [
                {
                  "Node Type": "Hash Join",
                  "Parent Relationship": "Outer",
                  "Parallel Aware": true,
                  "Join Type": "Inner",
                  "Startup Cost": 46017.72,
                  "Total Cost": 245339.49,
                  "Plan Rows": 201568,
                  "Plan Width": 0,
                  "Actual Startup Time": 118.925,
                  "Actual Total Time": 784.203,
                  "Actual Rows": 617651,
                  "Actual Loops": 6,
                  "Inner Unique": true,
                  "Hash Cond": "(mi.movie_id = t.id)",
                  "Plans": [
                    {
                      "Node Type": "Seq Scan",
                      "Parent Relationship": "Outer",
                      "Parallel Aware": true,
                      "Relation Name": "movie_info",
                      "Alias": "mi",
                      "Startup Cost": 0.0,
                      "Total Cost": 191560.33,
                      "Plan Rows": 2956733,
                      "Plan Width": 4,
                      "Actual Startup Time": 0.023,
                      "Actual Total Time": 303.09,
                      "Actual Rows": 2472620,
                      "Actual Loops": 6
                    },
                    {
                      "Node Type": "Hash",
                      "Parent Relationship": "Inner",
                      "Parallel Aware": true,
                      "Startup Cost": 45479.1,
                      "Total Cost": 45479.1,
                      "Plan Rows": 43090,
                      "Plan Width": 4,
                      "Actual Startup Time": 106.194,
                      "Actual Total Time": 106.194,
                      "Actual Rows": 51771,
                      "Actual Loops": 6,
                      "Hash Buckets": 524288,
                      "Original Hash Buckets": 262144,
                      "Hash Batches": 1,
                      "Original Hash Batches": 1,
                      "Peak Memory Usage": 18400,
                      "Plans": [
                        {
                          "Node Type": "Seq Scan",
                          "Parent Relationship": "Outer",
                          "Parallel Aware": true,
                          "Relation Name": "title",
                          "Alias": "t",
                          "Startup Cost": 0.0,
                          "Total Cost": 45479.1,
                          "Plan Rows": 43090,
                          "Plan Width": 4,
                          "Actual Startup Time": 52.209,
                          "Actual Total Time": 83.665,
                          "Actual Rows": 51771,
                          "Actual Loops": 6,
                          "Filter": "((production_year < 1989) AND (kind_id = 1))",
                          "Rows Removed by Filter": 369614
                        }
                      ]
                    }
                  ]
                }
              ]
            }
          ]
        }
      ]
    },
    "Planning Time": 0.528,
    "Triggers": [],
    "Execution Time": 870.649
  }
]