[
  {
    "Plan": {
      "Node Type": "Aggregate",
      "Strategy": "Plain",
      "Partial Mode": "Finalize",
      "Parallel Aware": false,
      "Startup Cost": 37133.58,
      "Total Cost": 37133.59,
      "Plan Rows": 1,
      "Plan Width": 8,
      "Actual Startup Time": 125.649,
      "Actual Total Time": 134.443,
      "Actual Rows": 1,
      "Actual Loops": 1,
      "Plans": [
        {
          "Node Type": "Gather",
          "Parent Relationship": "Outer",
          "Parallel Aware": false,
          "Startup Cost": 37133.26,
          "Total Cost": 37133.57,
          "Plan Rows": 3,
          "Plan Width": 8,
          "Actual Startup Time": 125.367,
          "Actual Total Time": 134.435,
          "Actual Rows": 4,
          "Actual Loops": 1,
          "Workers Planned": 3,
          "Workers Launched": 3,
          "Single Copy": false,
          "Plans": [
            {
              "Node Type": "Aggregate",
              "Strategy": "Plain",
              "Partial Mode": "Partial",
              "Parent Relationship": "Outer",
              "Parallel Aware": false,
              "Startup Cost": 36133.26,
              "Total Cost": 36133.27,
              "Plan Rows": 1,
              "Plan Width": 8,
              "Actual Startup Time": 119.345,
              "Actual Total Time": 119.347,
              "Actual Rows": 1,
              "Actual Loops": 4,
              "Plans": [
                {
                  "Node Type": "Bitmap Heap Scan",
                  "Parent Relationship": "Outer",
                  "Parallel Aware": true,
                  "Relation Name": "movie_keyword",
                  "Alias": "mk",
                  "Startup Cost": 9510.33,
                  "Total Cost": 35771.77,
                  "Plan Rows": 144595,
                  "Plan Width": 0,
                  "Actual Startup Time": 40.174,
                  "Actual Total Time": 112.441,
                  "Actual Rows": 116350,
                  "Actual Loops": 4,
                  "Recheck Cond": "(keyword_id < 355)",
                  "Rows Removed by Index Recheck": 0,
                  "Exact Heap Blocks": 11083,
                  "Lossy Heap Blocks": 0,
                  "Plans": [
                    {
                      "Node Type": "Bitmap Index Scan",
                      "Parent Relationship": "Outer",
                      "Parallel Aware": false,
                      "Index Name": "keyword_id_movie_keyword",
                      "Startup Cost": 0.0,
                      "Total Cost": 9398.27,
                      "Plan Rows": 448245,
                      "Plan Width": 0,
                      "Actual Startup Time": 41.747,
                      "Actual Total Time": 41.748,
                      "Actual Rows": 465401,
                      "Actual Loops": 1,
                      "Index Cond": "(keyword_id < 355)"
                    }
                  ]
                }
              ]
            }
          ]
        }
      ]
    },
    "Planning Time": 0.187,
    "Triggers": [],
    "Execution Time": 134.52
  }
]