[
  {
    "Plan": {
      "Node Type": "Aggregate",
      "Strategy": "Plain",
      "Partial Mode": "Finalize",
      "Parallel Aware": false,
      "Startup Cost": 427900.82,
      "Total Cost": 427900.83,
      "Plan Rows": 1,
      "Plan Width": 8,
      "Actual Startup Time": 2343.105,
      "Actual Total Time": 2406.229,
      "Actual Rows": 1,
      "Actual Loops": 1,
      "Plans": [
        {
          "Node Type": "Gather",
          "Parent Relationship": "Outer",
          "Parallel Aware": false,
          "Startup Cost": 427900.19,
          "Total Cost": 427900.8,
          "Plan Rows": 6,
          "Plan Width": 8,
          "Actual Startup Time": 2323.796,
          "Actual Total Time": 2406.217,
          "Actual Rows": 7,
          "Actual Loops": 1,
          "Workers Planned": 6,
          "Workers Launched": 6,
          "Single Copy": false,
          "Plans": [
            {
              "Node Type": "Aggregate",
              "Strategy": "Plain",
              "Partial Mode": "Partial",
              "Parent Relationship": "Outer",
              "Parallel Aware": false,
              "Startup Cost": 426900.19,
              "Total Cost": 426900.2,
              "Plan Rows": 1,
              "Plan Width": 8,
              "Actual Startup Time": 2313.676,
              "Actual Total Time": 2313.684,
              "Actual Rows": 1,
              "Actual Loops": 7,
              "Plans": [
                {
                  "Node Type": "Hash Join",
                  "Parent Relationship": "Outer",
                  "Parallel Aware": true,
                  "Join Type": "Inner",
                  "Startup Cost": 69820.84,
                  "Total Cost": 422481.01,
                  "Plan Rows": 1767671,
                  "Plan Width": 0,
                  "Actual Startup Time": 369.369,
                  "Actual Total Time": 2152.268,
                  "Actual Rows": 3521326,
                  "Actual Loops": 7,
                  "Inner Unique": false,
                  "Hash Cond": "(ci.movie_id = t.id)",
                  "Plans": [
                    {
                      "Node Type": "Seq Scan",
                      "Parent Relationship": "Outer",
                      "Parallel Aware": true,
                      "Relation Name": "cast_info",
                      "Alias": "ci",
                      "Startup Cost": 0.0,
                      "Total Cost": 328211.39,
                      "Plan Rows": 4555594,
                      "Plan Width": 4,
                      "Actual Startup Time": 0.036,
                      "Actual Total Time": 644.578,
                      "Actual Rows": 3922328,
                      "Actual Loops": 7,
                      "Filter": "(person_id < 2812559)",
                      "Rows Removed by Filter": 1255436
                    },
                    {
                      "Node Type": "Hash",
                      "Parent Relationship": "Inner",
                      "Parallel Aware": true,
                      "Startup Cost": 64711.03,
                      "Total Cost": 64711.03,
                      "Plan Rows": 408785,
                      "Plan Width": 8,
                      "Actual Startup Time": 367.223,
                      "Actual Total Time": 367.229,
                      "Actual Rows": 161044,
                      "Actual Loops": 7,
                      "Hash Buckets": 2097152,
                      "Original Hash Buckets": 1048576,
                      "Hash Batches": 1,
                      "Original Hash Batches": 1,
                      "Peak Memory Usage": 68800,
                      "Plans": [
                        {
                          "Node Type": "Hash Join",
                          "Parent Relationship": "Outer",
                          "Parallel Aware": true,
                          "Join Type": "Inner",
                          "Startup Cost": 49516.47,
                          "Total Cost": 64711.03,
                          "Plan Rows": 408785,
                          "Plan Width": 8,
                          "Actual Startup Time": 200.932,
                          "Actual Total Time": 278.041,
                          "Actual Rows": 161044,
                          "Actual Loops": 7,
                          "Inner Unique": true,
                          "Hash Cond": "(mi_idx.movie_id = t.id)",
                          "Plans": [
                            {
                              "Node Type": "Seq Scan",
                              "Parent Relationship": "Outer",
                              "Parallel Aware": true,
                              "Relation Name": "movie_info_idx",
                              "Alias": "mi_idx",
                              "Startup Cost": 0.0,
                              "Total Cost": 13685.15,
                              "Plan Rows": 575015,
                              "Plan Width": 4,
                              "Actual Startup Time": 0.017,
                              "Actual Total Time": 20.964,
                              "Actual Rows": 197148,
                              "Actual Loops": 7
                            },
                            {
                              "Node Type": "Hash",
                              "Parent Relationship": "Inner",
                              "Parallel Aware": true,
                              "Startup Cost": 43899.32,
                              "Total Cost": 43899.32,
                              "Plan Rows": 449372,
                              "Plan Width": 4,
                              "Actual Startup Time": 198.78,
                              "Actual Total Time": 198.782,
                              "Actual Rows": 256308,
                              "Actual Loops": 7,
                              "Hash Buckets": 2097152,
                              "Original Hash Buckets": 2097152,
                              "Hash Batches": 1,
                              "Original Hash Batches": 1,
                              "Peak Memory Usage": 86720,
                              "Plans": [
                                {
                                  "Node Type": "Seq Scan",
                                  "Parent Relationship": "Outer",
                                  "Parallel Aware": true,
                                  "Relation Name": "title",
                                  "Alias": "t",
                                  "Startup Cost": 0.0,
                                  "Total Cost": 43899.32,
                                  "Plan Rows": 449372,
                                  "Plan Width": 4,
                                  "Actual Startup Time": 0.044,
                                  "Actual Total Time": 81.154,
                                  "Actual Rows": 256308,
                                  "Actual Loops": 7,
                                  "Filter": "(production_year < 2009)",
                                  "Rows Removed by Filter": 104880
                                }
                              ]
                            }
                          ]
                        }
                      ]
                    }
                  ]
                }
              ]
            }
          ]
        }
      ]
    },
    "Planning Time": 0.378,
    "Triggers": [],
    "Execution Time": 2406.278
  }
]