[
    {
        "Bao": {
            "Bao prediction": "NaN",
            "Bao recommended hint": "(no hint)"
        }
    },
    {
        "Plan": {
            "Node Type": "Aggregate",
            "Strategy": "Plain",
            "Partial Mode": "Simple",
            "Parallel Aware": false,
            "Startup Cost": 39057.14,
            "Total Cost": 39057.15,
            "Plan Rows": 1,
            "Plan Width": 8,
            "Actual Startup Time": 53.491,
            "Actual Total Time": 53.493,
            "Actual Rows": 1,
            "Actual Loops": 1,
            "Output": [
                "count(*)"
            ],
            "Plans": [
                {
                    "Node Type": "Bitmap Heap Scan",
                    "Parent Relationship": "Outer",
                    "Parallel Aware": false,
                    "Relation Name": "title",
                    "Schema": "public",
                    "Alias": "t",
                    "Startup Cost": 1662.36,
                    "Total Cost": 39055.99,
                    "Plan Rows": 459,
                    "Plan Width": 0,
                    "Actual Startup Time": 12.314,
                    "Actual Total Time": 53.445,
                    "Actual Rows": 456,
                    "Actual Loops": 1,
                    "Recheck Cond": "(t.kind_id = 2)",
                    "Rows Removed by Index Recheck": 0,
                    "Filter": "(t.production_year = 1964)",
                    "Rows Removed by Filter": 90396,
                    "Exact Heap Blocks": 23872,
                    "Lossy Heap Blocks": 0,
                    "Plans": [
                        {
                            "Node Type": "Bitmap Index Scan",
                            "Parent Relationship": "Outer",
                            "Parallel Aware": false,
                            "Index Name": "kind_id_title",
                            "Startup Cost": 0.0,
                            "Total Cost": 1662.25,
                            "Plan Rows": 93042,
                            "Plan Width": 0,
                            "Actual Startup Time": 7.591,
                            "Actual Total Time": 7.592,
                            "Actual Rows": 90852,
                            "Actual Loops": 1,
                            "Index Cond": "(t.kind_id = 2)"
                        }
                    ]
                }
            ]
        },
        "Planning Time": 296.143,
        "Triggers": [],
        "Execution Time": 53.539
    }
]