[
  {
    "Plan": {
      "Node Type": "Aggregate",
      "Strategy": "Plain",
      "Partial Mode": "Finalize",
      "Parallel Aware": false,
      "Startup Cost": 46980.87,
      "Total Cost": 46980.88,
      "Plan Rows": 1,
      "Plan Width": 8,
      "Actual Startup Time": 214.63,
      "Actual Total Time": 222.343,
      "Actual Rows": 1,
      "Actual Loops": 1,
      "Plans": [
        {
          "Node Type": "Gather",
          "Parent Relationship": "Outer",
          "Parallel Aware": false,
          "Startup Cost": 46980.55,
          "Total Cost": 46980.86,
          "Plan Rows": 3,
          "Plan Width": 8,
          "Actual Startup Time": 214.516,
          "Actual Total Time": 222.332,
          "Actual Rows": 4,
          "Actual Loops": 1,
          "Workers Planned": 3,
          "Workers Launched": 3,
          "Single Copy": false,
          "Plans": [
            {
              "Node Type": "Aggregate",
              "Strategy": "Plain",
              "Partial Mode": "Partial",
              "Parent Relationship": "Outer",
              "Parallel Aware": false,
              "Startup Cost": 45980.55,
              "Total Cost": 45980.56,
              "Plan Rows": 1,
              "Plan Width": 8,
              "Actual Startup Time": 210.503,
              "Actual Total Time": 210.504,
              "Actual Rows": 1,
              "Actual Loops": 4,
              "Plans": [
                {
                  "Node Type": "Seq Scan",
                  "Parent Relationship": "Outer",
                  "Parallel Aware": true,
                  "Relation Name": "movie_keyword",
                  "Alias": "mk",
                  "Startup Cost": 0.0,
                  "Total Cost": 42695.65,
                  "Plan Rows": 1313959,
                  "Plan Width": 0,
                  "Actual Startup Time": 0.028,
                  "Actual Total Time": 148.072,
                  "Actual Rows": 1018860,
                  "Actual Loops": 4,
                  "Filter": "(keyword_id < 39588)",
                  "Rows Removed by Filter": 112122
                }
              ]
            }
          ]
        }
      ]
    },
    "Planning Time": 0.189,
    "Triggers": [],
    "Execution Time": 222.402
  }
]