[
    {
        "Bao": {
            "Bao prediction": "NaN",
            "Bao recommended hint": "(no hint)"
        }
    },
    {
        "Plan": {
            "Node Type": "Aggregate",
            "Strategy": "Plain",
            "Partial Mode": "Finalize",
            "Parallel Aware": false,
            "Startup Cost": 343426.28,
            "Total Cost": 343426.29,
            "Plan Rows": 1,
            "Plan Width": 8,
            "Actual Startup Time": 843.748,
            "Actual Total Time": 872.145,
            "Actual Rows": 1,
            "Actual Loops": 1,
            "Output": [
                "count(*)"
            ],
            "Plans": [
                {
                    "Node Type": "Gather",
                    "Parent Relationship": "Outer",
                    "Parallel Aware": false,
                    "Startup Cost": 343425.65,
                    "Total Cost": 343426.26,
                    "Plan Rows": 6,
                    "Plan Width": 8,
                    "Actual Startup Time": 843.657,
                    "Actual Total Time": 872.137,
                    "Actual Rows": 7,
                    "Actual Loops": 1,
                    "Output": [
                        "(PARTIAL count(*))"
                    ],
                    "Workers Planned": 6,
                    "Workers Launched": 6,
                    "Single Copy": false,
                    "Plans": [
                        {
                            "Node Type": "Aggregate",
                            "Strategy": "Plain",
                            "Partial Mode": "Partial",
                            "Parent Relationship": "Outer",
                            "Parallel Aware": false,
                            "Startup Cost": 342425.65,
                            "Total Cost": 342425.66,
                            "Plan Rows": 1,
                            "Plan Width": 8,
                            "Actual Startup Time": 833.834,
                            "Actual Total Time": 833.835,
                            "Actual Rows": 1,
                            "Actual Loops": 7,
                            "Output": [
                                "PARTIAL count(*)"
                            ],
                            "Workers": [
                                {
                                    "Worker Number": 0,
                                    "Actual Startup Time": 831.609,
                                    "Actual Total Time": 831.611,
                                    "Actual Rows": 1,
                                    "Actual Loops": 1
                                },
                                {
                                    "Worker Number": 1,
                                    "Actual Startup Time": 831.802,
                                    "Actual Total Time": 831.803,
                                    "Actual Rows": 1,
                                    "Actual Loops": 1
                                },
                                {
                                    "Worker Number": 2,
                                    "Actual Startup Time": 832.477,
                                    "Actual Total Time": 832.479,
                                    "Actual Rows": 1,
                                    "Actual Loops": 1
                                },
                                {
                                    "Worker Number": 3,
                                    "Actual Startup Time": 832.207,
                                    "Actual Total Time": 832.209,
                                    "Actual Rows": 1,
                                    "Actual Loops": 1
                                },
                                {
                                    "Worker Number": 4,
                                    "Actual Startup Time": 832.709,
                                    "Actual Total Time": 832.71,
                                    "Actual Rows": 1,
                                    "Actual Loops": 1
                                },
                                {
                                    "Worker Number": 5,
                                    "Actual Startup Time": 832.712,
                                    "Actual Total Time": 832.712,
                                    "Actual Rows": 1,
                                    "Actual Loops": 1
                                }
                            ],
                            "Plans": [
                                {
                                    "Node Type": "Seq Scan",
                                    "Parent Relationship": "Outer",
                                    "Parallel Aware": true,
                                    "Relation Name": "cast_info",
                                    "Schema": "public",
                                    "Alias": "ci",
                                    "Startup Cost": 0.0,
                                    "Total Cost": 328213.62,
                                    "Plan Rows": 5684814,
                                    "Plan Width": 0,
                                    "Actual Startup Time": 32.224,
                                    "Actual Total Time": 615.033,
                                    "Actual Rows": 4871491,
                                    "Actual Loops": 7,
                                    "Output": [
                                        "id",
                                        "person_id",
                                        "movie_id",
                                        "person_role_id",
                                        "note",
                                        "nr_order",
                                        "role_id"
                                    ],
                                    "Filter": "(ci.person_id > 210553)",
                                    "Rows Removed by Filter": 306273,
                                    "Workers": [
                                        {
                                            "Worker Number": 0,
                                            "Actual Startup Time": 30.01,
                                            "Actual Total Time": 620.032,
                                            "Actual Rows": 4912351,
                                            "Actual Loops": 1
                                        },
                                        {
                                            "Worker Number": 1,
                                            "Actual Startup Time": 30.198,
                                            "Actual Total Time": 619.659,
                                            "Actual Rows": 4932779,
                                            "Actual Loops": 1
                                        },
                                        {
                                            "Worker Number": 2,
                                            "Actual Startup Time": 30.859,
                                            "Actual Total Time": 613.307,
                                            "Actual Rows": 3323255,
                                            "Actual Loops": 1
                                        },
                                        {
                                            "Worker Number": 3,
                                            "Actual Startup Time": 30.61,
                                            "Actual Total Time": 622.006,
                                            "Actual Rows": 4573343,
                                            "Actual Loops": 1
                                        },
                                        {
                                            "Worker Number": 4,
                                            "Actual Startup Time": 31.085,
                                            "Actual Total Time": 623.516,
                                            "Actual Rows": 5121207,
                                            "Actual Loops": 1
                                        },
                                        {
                                            "Worker Number": 5,
                                            "Actual Startup Time": 31.102,
                                            "Actual Total Time": 623.212,
                                            "Actual Rows": 5146864,
                                            "Actual Loops": 1
                                        }
                                    ]
                                }
                            ]
                        }
                    ]
                }
            ]
        },
        "Planning Time": 201.279,
        "Triggers": [],
        "Execution Time": 872.219
    }
]