[
  {
    "Plan": {
      "Node Type": "Aggregate",
      "Strategy": "Plain",
      "Partial Mode": "Finalize",
      "Parallel Aware": false,
      "Startup Cost": 166430.99,
      "Total Cost": 166431.0,
      "Plan Rows": 1,
      "Plan Width": 8,
      "Actual Startup Time": 268.019,
      "Actual Total Time": 288.801,
      "Actual Rows": 1,
      "Actual Loops": 1,
      "Plans": [
        {
          "Node Type": "Gather",
          "Parent Relationship": "Outer",
          "Parallel Aware": false,
          "Startup Cost": 166430.46,
          "Total Cost": 166430.98,
          "Plan Rows": 5,
          "Plan Width": 8,
          "Actual Startup Time": 267.692,
          "Actual Total Time": 288.79,
          "Actual Rows": 6,
          "Actual Loops": 1,
          "Workers Planned": 5,
          "Workers Launched": 5,
          "Single Copy": false,
          "Plans": [
            {
              "Node Type": "Aggregate",
              "Strategy": "Plain",
              "Partial Mode": "Partial",
              "Parent Relationship": "Outer",
              "Parallel Aware": false,
              "Startup Cost": 165430.46,
              "Total Cost": 165430.48,
              "Plan Rows": 1,
              "Plan Width": 8,
              "Actual Startup Time": 257.175,
              "Actual Total Time": 257.179,
              "Actual Rows": 1,
              "Actual Loops": 6,
              "Plans": [
                {
                  "Node Type": "Hash Join",
                  "Parent Relationship": "Outer",
                  "Parallel Aware": true,
                  "Join Type": "Inner",
                  "Startup Cost": 45582.66,
                  "Total Cost": 165427.71,
                  "Plan Rows": 1103,
                  "Plan Width": 0,
                  "Actual Startup Time": 82.618,
                  "Actual Total Time": 256.757,
                  "Actual Rows": 5460,
                  "Actual Loops": 6,
                  "Inner Unique": true,
                  "Hash Cond": "(ci.movie_id = t.id)",
                  "Plans": [
                    {
                      "Node Type": "Index Scan",
                      "Parent Relationship": "Outer",
                      "Parallel Aware": true,
                      "Scan Direction": "Forward",
                      "Index Name": "role_id_cast_info",
                      "Relation Name": "cast_info",
                      "Alias": "ci",
                      "Startup Cost": 0.56,
                      "Total Cost": 119623.46,
                      "Plan Rows": 84630,
                      "Plan Width": 4,
                      "Actual Startup Time": 0.121,
                      "Actual Total Time": 130.984,
                      "Actual Rows": 405013,
                      "Actual Loops": 6,
                      "Index Cond": "(role_id = 10)",
                      "Rows Removed by Index Recheck": 0,
                      "Filter": "(person_id > 3447805)",
                      "Rows Removed by Filter": 315490
                    },
                    {
                      "Node Type": "Hash",
                      "Parent Relationship": "Inner",
                      "Parallel Aware": true,
                      "Startup Cost": 45479.1,
                      "Total Cost": 45479.1,
                      "Plan Rows": 8240,
                      "Plan Width": 4,
                      "Actual Startup Time": 81.177,
                      "Actual Total Time": 81.178,
                      "Actual Rows": 3829,
                      "Actual Loops": 6,
                      "Hash Buckets": 65536,
                      "Original Hash Buckets": 65536,
                      "Hash Batches": 1,
                      "Original Hash Batches": 1,
                      "Peak Memory Usage": 1504,
                      "Plans": [
                        {
                          "Node Type": "Seq Scan",
                          "Parent Relationship": "Outer",
                          "Parallel Aware": true,
                          "Relation Name": "title",
                          "Alias": "t",
                          "Startup Cost": 0.0,
                          "Total Cost": 45479.1,
                          "Plan Rows": 8240,
                          "Plan Width": 4,
                          "Actual Startup Time": 0.329,
                          "Actual Total Time": 79.014,
                          "Actual Rows": 3829,
                          "Actual Loops": 6,
                          "Filter": "((kind_id < 4) AND (production_year = 2005))",
                          "Rows Removed by Filter": 417556
                        }
                      ]
                    }
                  ]
                }
              ]
            }
          ]
        }
      ]
    },
    "Planning Time": 0.663,
    "Triggers": [],
    "Execution Time": 288.884
  }
]