[
  {
    "Plan": {
      "Node Type": "Aggregate",
      "Strategy": "Plain",
      "Partial Mode": "Finalize",
      "Parallel Aware": false,
      "Startup Cost": 337929.06,
      "Total Cost": 337929.07,
      "Plan Rows": 1,
      "Plan Width": 8,
      "Actual Startup Time": 761.67,
      "Actual Total Time": 820.268,
      "Actual Rows": 1,
      "Actual Loops": 1,
      "Plans": [
        {
          "Node Type": "Gather",
          "Parent Relationship": "Outer",
          "Parallel Aware": false,
          "Startup Cost": 337928.44,
          "Total Cost": 337929.05,
          "Plan Rows": 6,
          "Plan Width": 8,
          "Actual Startup Time": 761.543,
          "Actual Total Time": 820.257,
          "Actual Rows": 7,
          "Actual Loops": 1,
          "Workers Planned": 6,
          "Workers Launched": 6,
          "Single Copy": false,
          "Plans": [
            {
              "Node Type": "Aggregate",
              "Strategy": "Plain",
              "Partial Mode": "Partial",
              "Parent Relationship": "Outer",
              "Parallel Aware": false,
              "Startup Cost": 336928.44,
              "Total Cost": 336928.45,
              "Plan Rows": 1,
              "Plan Width": 8,
              "Actual Startup Time": 752.595,
              "Actual Total Time": 752.596,
              "Actual Rows": 1,
              "Actual Loops": 7,
              "Plans": [
                {
                  "Node Type": "Seq Scan",
                  "Parent Relationship": "Outer",
                  "Parallel Aware": true,
                  "Relation Name": "cast_info",
                  "Alias": "ci",
                  "Startup Cost": 0.0,
                  "Total Cost": 328162.03,
                  "Plan Rows": 3506565,
                  "Plan Width": 0,
                  "Actual Startup Time": 163.989,
                  "Actual Total Time": 613.374,
                  "Actual Rows": 3014894,
                  "Actual Loops": 7,
                  "Filter": "(person_id > 1493342)",
                  "Rows Removed by Filter": 2162870
                }
              ]
            }
          ]
        }
      ]
    },
    "Planning Time": 0.236,
    "Triggers": [],
    "Execution Time": 820.342
  }
]