[
  {
    "Plan": {
      "Node Type": "Aggregate",
      "Strategy": "Plain",
      "Partial Mode": "Finalize",
      "Parallel Aware": false,
      "Startup Cost": 31749.67,
      "Total Cost": 31749.68,
      "Plan Rows": 1,
      "Plan Width": 8,
      "Actual Startup Time": 109.895,
      "Actual Total Time": 115.315,
      "Actual Rows": 1,
      "Actual Loops": 1,
      "Plans": [
        {
          "Node Type": "Gather",
          "Parent Relationship": "Outer",
          "Parallel Aware": false,
          "Startup Cost": 31749.35,
          "Total Cost": 31749.66,
          "Plan Rows": 3,
          "Plan Width": 8,
          "Actual Startup Time": 109.782,
          "Actual Total Time": 115.306,
          "Actual Rows": 4,
          "Actual Loops": 1,
          "Workers Planned": 3,
          "Workers Launched": 3,
          "Single Copy": false,
          "Plans": [
            {
              "Node Type": "Aggregate",
              "Strategy": "Plain",
              "Partial Mode": "Partial",
              "Parent Relationship": "Outer",
              "Parallel Aware": false,
              "Startup Cost": 30749.35,
              "Total Cost": 30749.36,
              "Plan Rows": 1,
              "Plan Width": 8,
              "Actual Startup Time": 102.526,
              "Actual Total Time": 102.527,
              "Actual Rows": 1,
              "Actual Loops": 4,
              "Plans": [
                {
                  "Node Type": "Seq Scan",
                  "Parent Relationship": "Outer",
                  "Parallel Aware": true,
                  "Relation Name": "movie_companies",
                  "Alias": "mc",
                  "Startup Cost": 0.0,
                  "Total Cost": 29310.68,
                  "Plan Rows": 575467,
                  "Plan Width": 0,
                  "Actual Startup Time": 0.034,
                  "Actual Total Time": 79.732,
                  "Actual Rows": 448747,
                  "Actual Loops": 4,
                  "Filter": "(company_id < 28764)",
                  "Rows Removed by Filter": 203536
                }
              ]
            }
          ]
        }
      ]
    },
    "Planning Time": 0.071,
    "Triggers": [],
    "Execution Time": 115.342
  }
]