{
  "Plan": {
    "Node Type": "Aggregate",
    "Strategy": "Plain",
    "Partial Mode": "Finalize",
    "Parallel Aware": false,
    "Startup Cost": 838663.18,
    "Total Cost": 838663.19,
    "Plan Rows": 1,
    "Plan Width": 8,
    "Actual Startup Time": 11227.62,
    "Actual Total Time": 11329.465,
    "Actual Rows": 1,
    "Actual Loops": 1,
    "Plans": [
      {
        "Node Type": "Gather",
        "Parent Relationship": "Outer",
        "Parallel Aware": false,
        "Startup Cost": 838663.06,
        "Total Cost": 838663.17,
        "Plan Rows": 1,
        "Plan Width": 8,
        "Actual Startup Time": 11210.49,
        "Actual Total Time": 11329.457,
        "Actual Rows": 2,
        "Actual Loops": 1,
        "Workers Planned": 1,
        "Workers Launched": 1,
        "Single Copy": false,
        "Plans": [
          {
            "Node Type": "Aggregate",
            "Strategy": "Plain",
            "Partial Mode": "Partial",
            "Parent Relationship": "Outer",
            "Parallel Aware": false,
            "Startup Cost": 837663.06,
            "Total Cost": 837663.07,
            "Plan Rows": 1,
            "Plan Width": 8,
            "Actual Startup Time": 11180.901,
            "Actual Total Time": 11180.907,
            "Actual Rows": 1,
            "Actual Loops": 2,
            "Plans": [
              {
                "Node Type": "Hash Join",
                "Parent Relationship": "Outer",
                "Parallel Aware": true,
                "Join Type": "Inner",
                "Startup Cost": 453388.49,
                "Total Cost": 802910.18,
                "Plan Rows": 13901152,
                "Plan Width": 0,
                "Actual Startup Time": 5554.602,
                "Actual Total Time": 10257.984,
                "Actual Rows": 22696540,
                "Actual Loops": 2,
                "Inner Unique": false,
                "Hash Cond": "(ci.movie_id = t.id)",
                "Plans": [
                  {
                    "Node Type": "Index Scan",
                    "Parent Relationship": "Outer",
                    "Parallel Aware": true,
                    "Scan Direction": "Forward",
                    "Index Name": "role_id_cast_info",
                    "Relation Name": "cast_info",
                    "Alias": "ci",
                    "Startup Cost": 0.56,
                    "Total Cost": 236682.84,
                    "Plan Rows": 2761596,
                    "Plan Width": 4,
                    "Actual Startup Time": 0.053,
                    "Actual Total Time": 570.587,
                    "Actual Rows": 2433216,
                    "Actual Loops": 2,
                    "Index Cond": "(role_id = 2)",
                    "Rows Removed by Index Recheck": 0,
                    "Filter": "(person_id < 2366636)",
                    "Rows Removed by Filter": 1292770
                  },
                  {
                    "Node Type": "Hash",
                    "Parent Relationship": "Inner",
                    "Parallel Aware": true,
                    "Startup Cost": 359808.77,
                    "Total Cost": 359808.77,
                    "Plan Rows": 7486332,
                    "Plan Width": 8,
                    "Actual Startup Time": 5498.804,
                    "Actual Total Time": 5498.809,
                    "Actual Rows": 6372326,
                    "Actual Loops": 2,
                    "Hash Buckets": 16777216,
                    "Original Hash Buckets": 16777216,
                    "Hash Batches": 1,
                    "Original Hash Batches": 1,
                    "Peak Memory Usage": 629664,
                    "Plans": [
                      {
                        "Node Type": "Hash Join",
                        "Parent Relationship": "Outer",
                        "Parallel Aware": true,
                        "Join Type": "Inner",
                        "Startup Cost": 69460.7,
                        "Total Cost": 359808.77,
                        "Plan Rows": 7486332,
                        "Plan Width": 8,
                        "Actual Startup Time": 588.811,
                        "Actual Total Time": 3644.036,
                        "Actual Rows": 6372326,
                        "Actual Loops": 2,
                        "Inner Unique": true,
                        "Hash Cond": "(mi.movie_id = t.id)",
                        "Plans": [
                          {
                            "Node Type": "Seq Scan",
                            "Parent Relationship": "Outer",
                            "Parallel Aware": true,
                            "Relation Name": "movie_info",
                            "Alias": "mi",
                            "Startup Cost": 0.0,
                            "Total Cost": 270696.42,
                            "Plan Rows": 7486332,
                            "Plan Width": 4,
                            "Actual Startup Time": 0.014,
                            "Actual Total Time": 885.536,
                            "Actual Rows": 6372326,
                            "Actual Loops": 2,
                            "Filter": "(info_type_id > 2)",
                            "Rows Removed by Filter": 1045534
                          },
                          {
                            "Node Type": "Hash",
                            "Parent Relationship": "Inner",
                            "Parallel Aware": true,
                            "Startup Cost": 50870.31,
                            "Total Cost": 50870.31,
                            "Plan Rows": 1487231,
                            "Plan Width": 4,
                            "Actual Startup Time": 577.377,
                            "Actual Total Time": 577.378,
                            "Actual Rows": 1264156,
                            "Actual Loops": 2,
                            "Hash Buckets": 4194304,
                            "Original Hash Buckets": 4194304,
                            "Hash Batches": 1,
                            "Original Hash Batches": 1,
                            "Peak Memory Usage": 131712,
                            "Plans": [
                              {
                                "Node Type": "Seq Scan",
                                "Parent Relationship": "Outer",
                                "Parallel Aware": true,
                                "Relation Name": "title",
                                "Alias": "t",
                                "Startup Cost": 0.0,
                                "Total Cost": 50870.31,
                                "Plan Rows": 1487231,
                                "Plan Width": 4,
                                "Actual Startup Time": 0.044,
                                "Actual Total Time": 176.517,
                                "Actual Rows": 1264156,
                                "Actual Loops": 2
                              }
                            ]
                          }
                        ]
                      }
                    ]
                  }
                ]
              }
            ]
          }
        ]
      }
    ]
  },
  "Planning Time": 0.752,
  "Triggers": [],
  "Execution Time": 11329.546
}