[
  {
    "Plan": {
      "Node Type": "Aggregate",
      "Strategy": "Plain",
      "Partial Mode": "Finalize",
      "Parallel Aware": false,
      "Startup Cost": 44283.83,
      "Total Cost": 44283.84,
      "Plan Rows": 1,
      "Plan Width": 8,
      "Actual Startup Time": 113.382,
      "Actual Total Time": 122.222,
      "Actual Rows": 1,
      "Actual Loops": 1,
      "Plans": [
        {
          "Node Type": "Gather",
          "Parent Relationship": "Outer",
          "Parallel Aware": false,
          "Startup Cost": 44283.51,
          "Total Cost": 44283.82,
          "Plan Rows": 3,
          "Plan Width": 8,
          "Actual Startup Time": 113.104,
          "Actual Total Time": 122.213,
          "Actual Rows": 4,
          "Actual Loops": 1,
          "Workers Planned": 3,
          "Workers Launched": 3,
          "Single Copy": false,
          "Plans": [
            {
              "Node Type": "Aggregate",
              "Strategy": "Plain",
              "Partial Mode": "Partial",
              "Parent Relationship": "Outer",
              "Parallel Aware": false,
              "Startup Cost": 43283.51,
              "Total Cost": 43283.52,
              "Plan Rows": 1,
              "Plan Width": 8,
              "Actual Startup Time": 107.801,
              "Actual Total Time": 107.802,
              "Actual Rows": 1,
              "Actual Loops": 4,
              "Plans": [
                {
                  "Node Type": "Seq Scan",
                  "Parent Relationship": "Outer",
                  "Parallel Aware": true,
                  "Relation Name": "movie_keyword",
                  "Alias": "mk",
                  "Startup Cost": 0.0,
                  "Total Cost": 42695.65,
                  "Plan Rows": 235144,
                  "Plan Width": 0,
                  "Actual Startup Time": 3.338,
                  "Actual Total Time": 99.088,
                  "Actual Rows": 180747,
                  "Actual Loops": 4,
                  "Filter": "(keyword_id > 25929)",
                  "Rows Removed by Filter": 950236
                }
              ]
            }
          ]
        }
      ]
    },
    "Planning Time": 0.13,
    "Triggers": [],
    "Execution Time": 122.263
  }
]