[
  {
    "Plan": {
      "Node Type": "Aggregate",
      "Strategy": "Plain",
      "Partial Mode": "Finalize",
      "Parallel Aware": false,
      "Startup Cost": 121399.57,
      "Total Cost": 121399.58,
      "Plan Rows": 1,
      "Plan Width": 8,
      "Actual Startup Time": 215.726,
      "Actual Total Time": 227.633,
      "Actual Rows": 1,
      "Actual Loops": 1,
      "Plans": [
        {
          "Node Type": "Gather",
          "Parent Relationship": "Outer",
          "Parallel Aware": false,
          "Startup Cost": 121399.05,
          "Total Cost": 121399.56,
          "Plan Rows": 5,
          "Plan Width": 8,
          "Actual Startup Time": 215.591,
          "Actual Total Time": 227.624,
          "Actual Rows": 6,
          "Actual Loops": 1,
          "Workers Planned": 5,
          "Workers Launched": 5,
          "Single Copy": false,
          "Plans": [
            {
              "Node Type": "Aggregate",
              "Strategy": "Plain",
              "Partial Mode": "Partial",
              "Parent Relationship": "Outer",
              "Parallel Aware": false,
              "Startup Cost": 120399.05,
              "Total Cost": 120399.06,
              "Plan Rows": 1,
              "Plan Width": 8,
              "Actual Startup Time": 206.756,
              "Actual Total Time": 206.757,
              "Actual Rows": 1,
              "Actual Loops": 6,
              "Plans": [
                {
                  "Node Type": "Index Scan",
                  "Parent Relationship": "Outer",
                  "Parallel Aware": true,
                  "Scan Direction": "Forward",
                  "Index Name": "role_id_cast_info",
                  "Relation Name": "cast_info",
                  "Alias": "ci",
                  "Startup Cost": 0.56,
                  "Total Cost": 119623.46,
                  "Plan Rows": 310239,
                  "Plan Width": 0,
                  "Actual Startup Time": 0.177,
                  "Actual Total Time": 175.698,
                  "Actual Rows": 570546,
                  "Actual Loops": 6,
                  "Index Cond": "(role_id = 10)",
                  "Rows Removed by Index Recheck": 0,
                  "Filter": "(person_id > 2402065)",
                  "Rows Removed by Filter": 149957
                }
              ]
            }
          ]
        }
      ]
    },
    "Planning Time": 0.263,
    "Triggers": [],
    "Execution Time": 227.706
  }
]