[
  {
    "Plan": {
      "Node Type": "Aggregate",
      "Strategy": "Plain",
      "Partial Mode": "Finalize",
      "Parallel Aware": false,
      "Startup Cost": 299606.65,
      "Total Cost": 299606.66,
      "Plan Rows": 1,
      "Plan Width": 8,
      "Actual Startup Time": 1586.336,
      "Actual Total Time": 1626.459,
      "Actual Rows": 1,
      "Actual Loops": 1,
      "Plans": [
        {
          "Node Type": "Gather",
          "Parent Relationship": "Outer",
          "Parallel Aware": false,
          "Startup Cost": 299606.13,
          "Total Cost": 299606.64,
          "Plan Rows": 5,
          "Plan Width": 8,
          "Actual Startup Time": 1580.7,
          "Actual Total Time": 1626.446,
          "Actual Rows": 6,
          "Actual Loops": 1,
          "Workers Planned": 5,
          "Workers Launched": 5,
          "Single Copy": false,
          "Plans": [
            {
              "Node Type": "Aggregate",
              "Strategy": "Plain",
              "Partial Mode": "Partial",
              "Parent Relationship": "Outer",
              "Parallel Aware": false,
              "Startup Cost": 298606.13,
              "Total Cost": 298606.14,
              "Plan Rows": 1,
              "Plan Width": 8,
              "Actual Startup Time": 1570.941,
              "Actual Total Time": 1571.102,
              "Actual Rows": 1,
              "Actual Loops": 6,
              "Plans": [
                {
                  "Node Type": "Hash Join",
                  "Parent Relationship": "Outer",
                  "Parallel Aware": true,
                  "Join Type": "Inner",
                  "Startup Cost": 92783.58,
                  "Total Cost": 297295.05,
                  "Plan Rows": 524431,
                  "Plan Width": 0,
                  "Actual Startup Time": 317.384,
                  "Actual Total Time": 1345.84,
                  "Actual Rows": 4342248,
                  "Actual Loops": 6,
                  "Inner Unique": false,
                  "Hash Cond": "(mi.movie_id = t.id)",
                  "Plans": [
                    {
                      "Node Type": "Seq Scan",
                      "Parent Relationship": "Outer",
                      "Parallel Aware": true,
                      "Relation Name": "movie_info",
                      "Alias": "mi",
                      "Startup Cost": 0.0,
                      "Total Cost": 191685.19,
                      "Plan Rows": 2969219,
                      "Plan Width": 4,
                      "Actual Startup Time": 0.031,
                      "Actual Total Time": 293.939,
                      "Actual Rows": 2472620,
                      "Actual Loops": 6
                    },
                    {
                      "Node Type": "Hash",
                      "Parent Relationship": "Inner",
                      "Parallel Aware": true,
                      "Startup Cost": 90982.86,
                      "Total Cost": 90982.86,
                      "Plan Rows": 144057,
                      "Plan Width": 8,
                      "Actual Startup Time": 314.988,
                      "Actual Total Time": 315.147,
                      "Actual Rows": 121147,
                      "Actual Loops": 6,
                      "Hash Buckets": 1048576,
                      "Original Hash Buckets": 524288,
                      "Hash Batches": 1,
                      "Original Hash Batches": 1,
                      "Peak Memory Usage": 40800,
                      "Plans": [
                        {
                          "Node Type": "Hash Join",
                          "Parent Relationship": "Outer",
                          "Parallel Aware": true,
                          "Join Type": "Inner",
                          "Startup Cost": 44742.15,
                          "Total Cost": 90982.86,
                          "Plan Rows": 144057,
                          "Plan Width": 8,
                          "Actual Startup Time": 102.157,
                          "Actual Total Time": 267.282,
                          "Actual Rows": 121147,
                          "Actual Loops": 6,
                          "Inner Unique": true,
                          "Hash Cond": "(mk.movie_id = t.id)",
                          "Plans": [
                            {
                              "Node Type": "Seq Scan",
                              "Parent Relationship": "Outer",
                              "Parallel Aware": true,
                              "Relation Name": "movie_keyword",
                              "Alias": "mk",
                              "Startup Cost": 0.0,
                              "Total Cost": 42695.65,
                              "Plan Rows": 1350496,
                              "Plan Width": 4,
                              "Actual Startup Time": 0.034,
                              "Actual Total Time": 91.472,
                              "Actual Rows": 697964,
                              "Actual Loops": 6,
                              "Filter": "(keyword_id < 49103)",
                              "Rows Removed by Filter": 56024
                            },
                            {
                              "Node Type": "Hash",
                              "Parent Relationship": "Inner",
                              "Parallel Aware": true,
                              "Startup Cost": 43899.32,
                              "Total Cost": 43899.32,
                              "Plan Rows": 67426,
                              "Plan Width": 4,
                              "Actual Startup Time": 101.073,
                              "Actual Total Time": 101.075,
                              "Actual Rows": 47509,
                              "Actual Loops": 6,
                              "Hash Buckets": 524288,
                              "Original Hash Buckets": 524288,
                              "Hash Batches": 1,
                              "Original Hash Batches": 1,
                              "Peak Memory Usage": 15392,
                              "Plans": [
                                {
                                  "Node Type": "Seq Scan",
                                  "Parent Relationship": "Outer",
                                  "Parallel Aware": true,
                                  "Relation Name": "title",
                                  "Alias": "t",
                                  "Startup Cost": 0.0,
                                  "Total Cost": 43899.32,
                                  "Plan Rows": 67426,
                                  "Plan Width": 4,
                                  "Actual Startup Time": 0.057,
                                  "Actual Total Time": 81.213,
                                  "Actual Rows": 47509,
                                  "Actual Loops": 6,
                                  "Filter": "(production_year < 1964)",
                                  "Rows Removed by Filter": 373876
                                }
                              ]
                            }
                          ]
                        }
                      ]
                    }
                  ]
                }
              ]
            }
          ]
        }
      ]
    },
    "Planning Time": 0.455,
    "Triggers": [],
    "Execution Time": 1626.542
  }
]