[
    {
        "Bao": {
            "Bao prediction": "NaN",
            "Bao recommended hint": "(no hint)"
        }
    },
    {
        "Plan": {
            "Node Type": "Aggregate",
            "Strategy": "Plain",
            "Partial Mode": "Finalize",
            "Parallel Aware": false,
            "Startup Cost": 298074.01,
            "Total Cost": 298074.02,
            "Plan Rows": 1,
            "Plan Width": 8,
            "Actual Startup Time": 4089.508,
            "Actual Total Time": 4134.78,
            "Actual Rows": 1,
            "Actual Loops": 1,
            "Output": [
                "count(*)"
            ],
            "Plans": [
                {
                    "Node Type": "Gather",
                    "Parent Relationship": "Outer",
                    "Parallel Aware": false,
                    "Startup Cost": 298073.49,
                    "Total Cost": 298074.0,
                    "Plan Rows": 5,
                    "Plan Width": 8,
                    "Actual Startup Time": 4088.089,
                    "Actual Total Time": 4134.771,
                    "Actual Rows": 6,
                    "Actual Loops": 1,
                    "Output": [
                        "(PARTIAL count(*))"
                    ],
                    "Workers Planned": 5,
                    "Workers Launched": 5,
                    "Single Copy": false,
                    "Plans": [
                        {
                            "Node Type": "Aggregate",
                            "Strategy": "Plain",
                            "Partial Mode": "Partial",
                            "Parent Relationship": "Outer",
                            "Parallel Aware": false,
                            "Startup Cost": 297073.49,
                            "Total Cost": 297073.5,
                            "Plan Rows": 1,
                            "Plan Width": 8,
                            "Actual Startup Time": 4077.421,
                            "Actual Total Time": 4077.424,
                            "Actual Rows": 1,
                            "Actual Loops": 6,
                            "Output": [
                                "PARTIAL count(*)"
                            ],
                            "Workers": [
                                {
                                    "Worker Number": 0,
                                    "Actual Startup Time": 4074.383,
                                    "Actual Total Time": 4074.387,
                                    "Actual Rows": 1,
                                    "Actual Loops": 1
                                },
                                {
                                    "Worker Number": 1,
                                    "Actual Startup Time": 4075.462,
                                    "Actual Total Time": 4075.465,
                                    "Actual Rows": 1,
                                    "Actual Loops": 1
                                },
                                {
                                    "Worker Number": 2,
                                    "Actual Startup Time": 4075.491,
                                    "Actual Total Time": 4075.494,
                                    "Actual Rows": 1,
                                    "Actual Loops": 1
                                },
                                {
                                    "Worker Number": 3,
                                    "Actual Startup Time": 4075.022,
                                    "Actual Total Time": 4075.025,
                                    "Actual Rows": 1,
                                    "Actual Loops": 1
                                },
                                {
                                    "Worker Number": 4,
                                    "Actual Startup Time": 4076.456,
                                    "Actual Total Time": 4076.459,
                                    "Actual Rows": 1,
                                    "Actual Loops": 1
                                }
                            ],
                            "Plans": [
                                {
                                    "Node Type": "Nested Loop",
                                    "Parent Relationship": "Outer",
                                    "Parallel Aware": false,
                                    "Join Type": "Inner",
                                    "Startup Cost": 54552.3,
                                    "Total Cost": 296384.59,
                                    "Plan Rows": 275558,
                                    "Plan Width": 0,
                                    "Actual Startup Time": 134.841,
                                    "Actual Total Time": 3767.247,
                                    "Actual Rows": 6139798,
                                    "Actual Loops": 6,
                                    "Inner Unique": false,
                                    "Workers": [
                                        {
                                            "Worker Number": 0,
                                            "Actual Startup Time": 132.774,
                                            "Actual Total Time": 3750.402,
                                            "Actual Rows": 5697798,
                                            "Actual Loops": 1
                                        },
                                        {
                                            "Worker Number": 1,
                                            "Actual Startup Time": 132.625,
                                            "Actual Total Time": 3754.31,
                                            "Actual Rows": 5650725,
                                            "Actual Loops": 1
                                        },
                                        {
                                            "Worker Number": 2,
                                            "Actual Startup Time": 132.747,
                                            "Actual Total Time": 3778.096,
                                            "Actual Rows": 6594964,
                                            "Actual Loops": 1
                                        },
                                        {
                                            "Worker Number": 3,
                                            "Actual Startup Time": 132.756,
                                            "Actual Total Time": 3770.959,
                                            "Actual Rows": 6646891,
                                            "Actual Loops": 1
                                        },
                                        {
                                            "Worker Number": 4,
                                            "Actual Startup Time": 133.097,
                                            "Actual Total Time": 3750.897,
                                            "Actual Rows": 5285224,
                                            "Actual Loops": 1
                                        }
                                    ],
                                    "Plans": [
                                        {
                                            "Node Type": "Hash Join",
                                            "Parent Relationship": "Outer",
                                            "Parallel Aware": true,
                                            "Join Type": "Inner",
                                            "Startup Cost": 54551.73,
                                            "Total Cost": 217736.25,
                                            "Plan Rows": 19218,
                                            "Plan Width": 8,
                                            "Actual Startup Time": 134.737,
                                            "Actual Total Time": 177.582,
                                            "Actual Rows": 66260,
                                            "Actual Loops": 6,
                                            "Output": [
                                                "t.id",
                                                "mi.movie_id"
                                            ],
                                            "Inner Unique": true,
                                            "Hash Cond": "(mi.movie_id = t.id)",
                                            "Workers": [
                                                {
                                                    "Worker Number": 0,
                                                    "Actual Startup Time": 132.66,
                                                    "Actual Total Time": 174.573,
                                                    "Actual Rows": 60566,
                                                    "Actual Loops": 1
                                                },
                                                {
                                                    "Worker Number": 1,
                                                    "Actual Startup Time": 132.499,
                                                    "Actual Total Time": 175.45,
                                                    "Actual Rows": 59855,
                                                    "Actual Loops": 1
                                                },
                                                {
                                                    "Worker Number": 2,
                                                    "Actual Startup Time": 132.632,
                                                    "Actual Total Time": 175.686,
                                                    "Actual Rows": 70316,
                                                    "Actual Loops": 1
                                                },
                                                {
                                                    "Worker Number": 3,
                                                    "Actual Startup Time": 132.659,
                                                    "Actual Total Time": 175.587,
                                                    "Actual Rows": 70792,
                                                    "Actual Loops": 1
                                                },
                                                {
                                                    "Worker Number": 4,
                                                    "Actual Startup Time": 132.965,
                                                    "Actual Total Time": 176.778,
                                                    "Actual Rows": 57917,
                                                    "Actual Loops": 1
                                                }
                                            ],
                                            "Plans": [
                                                {
                                                    "Node Type": "Bitmap Heap Scan",
                                                    "Parent Relationship": "Outer",
                                                    "Parallel Aware": true,
                                                    "Relation Name": "movie_info",
                                                    "Schema": "public",
                                                    "Alias": "mi",
                                                    "Startup Cost": 7145.07,
                                                    "Total Cost": 170122.8,
                                                    "Plan Rows": 78778,
                                                    "Plan Width": 4,
                                                    "Actual Startup Time": 16.916,
                                                    "Actual Total Time": 29.508,
                                                    "Actual Rows": 71442,
                                                    "Actual Loops": 6,
                                                    "Output": [
                                                        "mi.id",
                                                        "mi.movie_id",
                                                        "mi.info_type_id",
                                                        "mi.info",
                                                        "mi.note"
                                                    ],
                                                    "Recheck Cond": "(mi.info_type_id > 104)",
                                                    "Rows Removed by Index Recheck": 0,
                                                    "Exact Heap Blocks": 1241,
                                                    "Lossy Heap Blocks": 0,
                                                    "Workers": [
                                                        {
                                                            "Worker Number": 0,
                                                            "Actual Startup Time": 16.975,
                                                            "Actual Total Time": 29.585,
                                                            "Actual Rows": 65542,
                                                            "Actual Loops": 1
                                                        },
                                                        {
                                                            "Worker Number": 1,
                                                            "Actual Startup Time": 16.947,
                                                            "Actual Total Time": 29.582,
                                                            "Actual Rows": 64927,
                                                            "Actual Loops": 1
                                                        },
                                                        {
                                                            "Worker Number": 2,
                                                            "Actual Startup Time": 16.941,
                                                            "Actual Total Time": 29.865,
                                                            "Actual Rows": 75515,
                                                            "Actual Loops": 1
                                                        },
                                                        {
                                                            "Worker Number": 3,
                                                            "Actual Startup Time": 16.831,
                                                            "Actual Total Time": 29.339,
                                                            "Actual Rows": 75569,
                                                            "Actual Loops": 1
                                                        },
                                                        {
                                                            "Worker Number": 4,
                                                            "Actual Startup Time": 16.851,
                                                            "Actual Total Time": 30.172,
                                                            "Actual Rows": 62829,
                                                            "Actual Loops": 1
                                                        }
                                                    ],
                                                    "Plans": [
                                                        {
                                                            "Node Type": "Bitmap Index Scan",
                                                            "Parent Relationship": "Outer",
                                                            "Parallel Aware": false,
                                                            "Index Name": "info_type_id_movie_info",
                                                            "Startup Cost": 0.0,
                                                            "Total Cost": 7046.6,
                                                            "Plan Rows": 393889,
                                                            "Plan Width": 0,
                                                            "Actual Startup Time": 16.107,
                                                            "Actual Total Time": 16.108,
                                                            "Actual Rows": 428651,
                                                            "Actual Loops": 1,
                                                            "Index Cond": "(mi.info_type_id > 104)",
                                                            "Workers": [
                                                                {
                                                                    "Worker Number": 3,
                                                                    "Actual Startup Time": 16.107,
                                                                    "Actual Total Time": 16.108,
                                                                    "Actual Rows": 428651,
                                                                    "Actual Loops": 1
                                                                }
                                                            ]
                                                        }
                                                    ]
                                                },
                                                {
                                                    "Node Type": "Hash",
                                                    "Parent Relationship": "Inner",
                                                    "Parallel Aware": true,
                                                    "Startup Cost": 45479.21,
                                                    "Total Cost": 45479.21,
                                                    "Plan Rows": 154196,
                                                    "Plan Width": 4,
                                                    "Actual Startup Time": 115.703,
                                                    "Actual Total Time": 115.703,
                                                    "Actual Rows": 87203,
                                                    "Actual Loops": 6,
                                                    "Output": [
                                                        "t.id"
                                                    ],
                                                    "Hash Buckets": 1048576,
                                                    "Original Hash Buckets": 1048576,
                                                    "Hash Batches": 1,
                                                    "Original Hash Batches": 1,
                                                    "Peak Memory Usage": 28736,
                                                    "Workers": [
                                                        {
                                                            "Worker Number": 0,
                                                            "Actual Startup Time": 115.004,
                                                            "Actual Total Time": 115.005,
                                                            "Actual Rows": 69808,
                                                            "Actual Loops": 1
                                                        },
                                                        {
                                                            "Worker Number": 1,
                                                            "Actual Startup Time": 115.132,
                                                            "Actual Total Time": 115.133,
                                                            "Actual Rows": 67877,
                                                            "Actual Loops": 1
                                                        },
                                                        {
                                                            "Worker Number": 2,
                                                            "Actual Startup Time": 115.245,
                                                            "Actual Total Time": 115.245,
                                                            "Actual Rows": 99243,
                                                            "Actual Loops": 1
                                                        },
                                                        {
                                                            "Worker Number": 3,
                                                            "Actual Startup Time": 115.427,
                                                            "Actual Total Time": 115.428,
                                                            "Actual Rows": 99559,
                                                            "Actual Loops": 1
                                                        },
                                                        {
                                                            "Worker Number": 4,
                                                            "Actual Startup Time": 115.64,
                                                            "Actual Total Time": 115.641,
                                                            "Actual Rows": 67503,
                                                            "Actual Loops": 1
                                                        }
                                                    ],
                                                    "Plans": [
                                                        {
                                                            "Node Type": "Seq Scan",
                                                            "Parent Relationship": "Outer",
                                                            "Parallel Aware": true,
                                                            "Relation Name": "title",
                                                            "Schema": "public",
                                                            "Alias": "t",
                                                            "Startup Cost": 0.0,
                                                            "Total Cost": 45479.21,
                                                            "Plan Rows": 154196,
                                                            "Plan Width": 4,
                                                            "Actual Startup Time": 39.801,
                                                            "Actual Total Time": 82.029,
                                                            "Actual Rows": 87203,
                                                            "Actual Loops": 6,
                                                            "Output": [
                                                                "t.id"
                                                            ],
                                                            "Filter": "((t.production_year > 1936) AND (t.kind_id = 1))",
                                                            "Rows Removed by Filter": 334182,
                                                            "Workers": [
                                                                {
                                                                    "Worker Number": 0,
                                                                    "Actual Startup Time": 46.217,
                                                                    "Actual Total Time": 83.192,
                                                                    "Actual Rows": 69808,
                                                                    "Actual Loops": 1
                                                                },
                                                                {
                                                                    "Worker Number": 1,
                                                                    "Actual Startup Time": 46.403,
                                                                    "Actual Total Time": 82.673,
                                                                    "Actual Rows": 67877,
                                                                    "Actual Loops": 1
                                                                },
                                                                {
                                                                    "Worker Number": 2,
                                                                    "Actual Startup Time": 46.534,
                                                                    "Actual Total Time": 81.249,
                                                                    "Actual Rows": 99243,
                                                                    "Actual Loops": 1
                                                                },
                                                                {
                                                                    "Worker Number": 3,
                                                                    "Actual Startup Time": 46.584,
                                                                    "Actual Total Time": 80.831,
                                                                    "Actual Rows": 99559,
                                                                    "Actual Loops": 1
                                                                },
                                                                {
                                                                    "Worker Number": 4,
                                                                    "Actual Startup Time": 4.095,
                                                                    "Actual Total Time": 83.748,
                                                                    "Actual Rows": 67503,
                                                                    "Actual Loops": 1
                                                                }
                                                            ]
                                                        }
                                                    ]
                                                }
                                            ]
                                        },
                                        {
                                            "Node Type": "Index Only Scan",
                                            "Parent Relationship": "Inner",
                                            "Parallel Aware": false,
                                            "Scan Direction": "Forward",
                                            "Index Name": "movie_id_cast_info",
                                            "Relation Name": "cast_info",
                                            "Schema": "public",
                                            "Alias": "ci",
                                            "Startup Cost": 0.56,
                                            "Total Cost": 3.71,
                                            "Plan Rows": 38,
                                            "Plan Width": 4,
                                            "Actual Startup Time": 0.007,
                                            "Actual Total Time": 0.047,
                                            "Actual Rows": 93,
                                            "Actual Loops": 397558,
                                            "Output": [
                                                "ci.movie_id"
                                            ],
                                            "Index Cond": "(ci.movie_id = t.id)",
                                            "Rows Removed by Index Recheck": 0,
                                            "Heap Fetches": 36838788,
                                            "Workers": [
                                                {
                                                    "Worker Number": 0,
                                                    "Actual Startup Time": 0.007,
                                                    "Actual Total Time": 0.051,
                                                    "Actual Rows": 94,
                                                    "Actual Loops": 60566
                                                },
                                                {
                                                    "Worker Number": 1,
                                                    "Actual Startup Time": 0.008,
                                                    "Actual Total Time": 0.052,
                                                    "Actual Rows": 94,
                                                    "Actual Loops": 59855
                                                },
                                                {
                                                    "Worker Number": 2,
                                                    "Actual Startup Time": 0.006,
                                                    "Actual Total Time": 0.045,
                                                    "Actual Rows": 94,
                                                    "Actual Loops": 70316
                                                },
                                                {
                                                    "Worker Number": 3,
                                                    "Actual Startup Time": 0.006,
                                                    "Actual Total Time": 0.044,
                                                    "Actual Rows": 94,
                                                    "Actual Loops": 70792
                                                },
                                                {
                                                    "Worker Number": 4,
                                                    "Actual Startup Time": 0.008,
                                                    "Actual Total Time": 0.053,
                                                    "Actual Rows": 91,
                                                    "Actual Loops": 57917
                                                }
                                            ]
                                        }
                                    ]
                                }
                            ]
                        }
                    ]
                }
            ]
        },
        "Planning Time": 175.529,
        "Triggers": [],
        "Execution Time": 4134.881
    }
]