[
  {
    "Plan": {
      "Node Type": "Aggregate",
      "Strategy": "Plain",
      "Partial Mode": "Finalize",
      "Parallel Aware": false,
      "Startup Cost": 31645.03,
      "Total Cost": 31645.04,
      "Plan Rows": 1,
      "Plan Width": 8,
      "Actual Startup Time": 120.31,
      "Actual Total Time": 128.295,
      "Actual Rows": 1,
      "Actual Loops": 1,
      "Plans": [
        {
          "Node Type": "Gather",
          "Parent Relationship": "Outer",
          "Parallel Aware": false,
          "Startup Cost": 31644.72,
          "Total Cost": 31645.03,
          "Plan Rows": 3,
          "Plan Width": 8,
          "Actual Startup Time": 120.155,
          "Actual Total Time": 128.285,
          "Actual Rows": 4,
          "Actual Loops": 1,
          "Workers Planned": 3,
          "Workers Launched": 3,
          "Single Copy": false,
          "Plans": [
            {
              "Node Type": "Aggregate",
              "Strategy": "Plain",
              "Partial Mode": "Partial",
              "Parent Relationship": "Outer",
              "Parallel Aware": false,
              "Startup Cost": 30644.72,
              "Total Cost": 30644.73,
              "Plan Rows": 1,
              "Plan Width": 8,
              "Actual Startup Time": 112.911,
              "Actual Total Time": 112.912,
              "Actual Rows": 1,
              "Actual Loops": 4,
              "Plans": [
                {
                  "Node Type": "Seq Scan",
                  "Parent Relationship": "Outer",
                  "Parallel Aware": true,
                  "Relation Name": "movie_companies",
                  "Alias": "mc",
                  "Startup Cost": 0.0,
                  "Total Cost": 29310.68,
                  "Plan Rows": 533614,
                  "Plan Width": 0,
                  "Actual Startup Time": 0.031,
                  "Actual Total Time": 88.276,
                  "Actual Rows": 415635,
                  "Actual Loops": 4,
                  "Filter": "(company_id < 18729)",
                  "Rows Removed by Filter": 236648
                }
              ]
            }
          ]
        }
      ]
    },
    "Planning Time": 0.183,
    "Triggers": [],
    "Execution Time": 128.342
  }
]