{
  "Plan": {
    "Node Type": "Aggregate",
    "Strategy": "Plain",
    "Partial Mode": "Simple",
    "Parallel Aware": false,
    "Startup Cost": 2037104.73,
    "Total Cost": 2037104.74,
    "Plan Rows": 1,
    "Plan Width": 96,
    "Actual Startup Time": 5580.614,
    "Actual Total Time": 5702.466,
    "Actual Rows": 1,
    "Actual Loops": 1,
    "Plans": [
      {
        "Node Type": "Hash Join",
        "Parent Relationship": "Outer",
        "Parallel Aware": false,
        "Join Type": "Inner",
        "Startup Cost": 2037102.28,
        "Total Cost": 2037104.72,
        "Plan Rows": 1,
        "Plan Width": 48,
        "Actual Startup Time": 5580.584,
        "Actual Total Time": 5702.45,
        "Actual Rows": 15,
        "Actual Loops": 1,
        "Inner Unique": true,
        "Hash Cond": "(ci.role_id = rt.id)",
        "Plans": [
          {
            "Node Type": "Hash Join",
            "Parent Relationship": "Outer",
            "Parallel Aware": false,
            "Join Type": "Inner",
            "Startup Cost": 2037101.12,
            "Total Cost": 2037103.56,
            "Plan Rows": 1,
            "Plan Width": 52,
            "Actual Startup Time": 5580.495,
            "Actual Total Time": 5702.355,
            "Actual Rows": 15,
            "Actual Loops": 1,
            "Inner Unique": false,
            "Hash Cond": "(t.id = ci.movie_id)",
            "Plans": [
              {
                "Node Type": "Hash Join",
                "Parent Relationship": "Outer",
                "Parallel Aware": false,
                "Join Type": "Inner",
                "Startup Cost": 288889.37,
                "Total Cost": 288891.79,
                "Plan Rows": 1,
                "Plan Width": 29,
                "Actual Startup Time": 1146.441,
                "Actual Total Time": 1165.844,
                "Actual Rows": 6,
                "Actual Loops": 1,
                "Inner Unique": false,
                "Hash Cond": "(it.id = mi.info_type_id)",
                "Plans": [
                  {
                    "Node Type": "Seq Scan",
                    "Parent Relationship": "Outer",
                    "Parallel Aware": false,
                    "Relation Name": "info_type",
                    "Alias": "it",
                    "Startup Cost": 0.0,
                    "Total Cost": 2.41,
                    "Plan Rows": 1,
                    "Plan Width": 4,
                    "Actual Startup Time": 0.027,
                    "Actual Total Time": 0.035,
                    "Actual Rows": 1,
                    "Actual Loops": 1,
                    "Filter": "((info)::text = 'release dates'::text)",
                    "Rows Removed by Filter": 112
                  },
                  {
                    "Node Type": "Hash",
                    "Parent Relationship": "Inner",
                    "Parallel Aware": false,
                    "Startup Cost": 288889.36,
                    "Total Cost": 288889.36,
                    "Plan Rows": 1,
                    "Plan Width": 33,
                    "Actual Startup Time": 1146.387,
                    "Actual Total Time": 1165.778,
                    "Actual Rows": 6,
                    "Actual Loops": 1,
                    "Hash Buckets": 1024,
                    "Original Hash Buckets": 1024,
                    "Hash Batches": 1,
                    "Original Hash Batches": 1,
                    "Peak Memory Usage": 9,
                    "Plans": [
                      {
                        "Node Type": "Gather",
                        "Parent Relationship": "Outer",
                        "Parallel Aware": false,
                        "Startup Cost": 241827.43,
                        "Total Cost": 288889.36,
                        "Plan Rows": 1,
                        "Plan Width": 33,
                        "Actual Startup Time": 1122.069,
                        "Actual Total Time": 1165.767,
                        "Actual Rows": 6,
                        "Actual Loops": 1,
                        "Workers Planned": 4,
                        "Workers Launched": 4,
                        "Single Copy": false,
                        "Plans": [
                          {
                            "Node Type": "Hash Join",
                            "Parent Relationship": "Outer",
                            "Parallel Aware": true,
                            "Join Type": "Inner",
                            "Startup Cost": 240827.43,
                            "Total Cost": 287889.26,
                            "Plan Rows": 1,
                            "Plan Width": 33,
                            "Actual Startup Time": 1123.399,
                            "Actual Total Time": 1126.579,
                            "Actual Rows": 1,
                            "Actual Loops": 5,
                            "Inner Unique": false,
                            "Hash Cond": "(t.id = mi.movie_id)",
                            "Plans": [
                              {
                                "Node Type": "Seq Scan",
                                "Parent Relationship": "Outer",
                                "Parallel Aware": true,
                                "Relation Name": "title",
                                "Alias": "t",
                                "Startup Cost": 0.0,
                                "Total Cost": 47060.23,
                                "Plan Rows": 1,
                                "Plan Width": 21,
                                "Actual Startup Time": 124.439,
                                "Actual Total Time": 127.408,
                                "Actual Rows": 0,
                                "Actual Loops": 5,
                                "Filter": "((production_year >= 2000) AND (production_year <= 2005) AND (title = 'Shrek 2'::text))",
                                "Rows Removed by Filter": 505662
                              },
                              {
                                "Node Type": "Hash",
                                "Parent Relationship": "Inner",
                                "Parallel Aware": true,
                                "Startup Cost": 238685.94,
                                "Total Cost": 238685.94,
                                "Plan Rows": 171319,
                                "Plan Width": 12,
                                "Actual Startup Time": 993.831,
                                "Actual Total Time": 994.039,
                                "Actual Rows": 76546,
                                "Actual Loops": 5,
                                "Hash Buckets": 1048576,
                                "Original Hash Buckets": 1048576,
                                "Hash Batches": 1,
                                "Original Hash Batches": 1,
                                "Peak Memory Usage": 26208,
                                "Plans": [
                                  {
                                    "Node Type": "Hash Join",
                                    "Parent Relationship": "Outer",
                                    "Parallel Aware": true,
                                    "Join Type": "Inner",
                                    "Startup Cost": 38617.78,
                                    "Total Cost": 238685.94,
                                    "Plan Rows": 171319,
                                    "Plan Width": 12,
                                    "Actual Startup Time": 417.098,
                                    "Actual Total Time": 958.197,
                                    "Actual Rows": 76546,
                                    "Actual Loops": 5,
                                    "Inner Unique": false,
                                    "Hash Cond": "(mi.movie_id = mc.movie_id)",
                                    "Plans": [
                                      {
                                        "Node Type": "Seq Scan",
                                        "Parent Relationship": "Outer",
                                        "Parallel Aware": true,
                                        "Relation Name": "movie_info",
                                        "Alias": "mi",
                                        "Startup Cost": 0.0,
                                        "Total Cost": 199164.27,
                                        "Plan Rows": 93669,
                                        "Plan Width": 8,
                                        "Actual Startup Time": 61.782,
                                        "Actual Total Time": 560.779,
                                        "Actual Rows": 77537,
                                        "Actual Loops": 5,
                                        "Filter": "(info ~~ 'USA:%200%'::text)",
                                        "Rows Removed by Filter": 2889607
                                      },
                                      {
                                        "Node Type": "Hash",
                                        "Parent Relationship": "Inner",
                                        "Parallel Aware": true,
                                        "Startup Cost": 34770.7,
                                        "Total Cost": 34770.7,
                                        "Plan Rows": 307766,
                                        "Plan Width": 4,
                                        "Actual Startup Time": 352.483,
                                        "Actual Total Time": 352.688,
                                        "Actual Rows": 230760,
                                        "Actual Loops": 5,
                                        "Hash Buckets": 2097152,
                                        "Original Hash Buckets": 1048576,
                                        "Hash Batches": 1,
                                        "Original Hash Batches": 1,
                                        "Peak Memory Usage": 69760,
                                        "Plans": [
                                          {
                                            "Node Type": "Hash Join",
                                            "Parent Relationship": "Outer",
                                            "Parallel Aware": true,
                                            "Join Type": "Inner",
                                            "Startup Cost": 5354.77,
                                            "Total Cost": 34770.7,
                                            "Plan Rows": 307766,
                                            "Plan Width": 4,
                                            "Actual Startup Time": 31.928,
                                            "Actual Total Time": 222.266,
                                            "Actual Rows": 230760,
                                            "Actual Loops": 5,
                                            "Inner Unique": true,
                                            "Hash Cond": "(mc.company_id = cn.id)",
                                            "Plans": [
                                              {
                                                "Node Type": "Seq Scan",
                                                "Parent Relationship": "Outer",
                                                "Parallel Aware": true,
                                                "Relation Name": "movie_companies",
                                                "Alias": "mc",
                                                "Startup Cost": 0.0,
                                                "Total Cost": 27206.55,
                                                "Plan Rows": 841655,
                                                "Plan Width": 8,
                                                "Actual Startup Time": 0.028,
                                                "Actual Total Time": 79.597,
                                                "Actual Rows": 521826,
                                                "Actual Loops": 5
                                              },
                                              {
                                                "Node Type": "Hash",
                                                "Parent Relationship": "Inner",
                                                "Parallel Aware": true,
                                                "Startup Cost": 4722.92,
                                                "Total Cost": 4722.92,
                                                "Plan Rows": 50548,
                                                "Plan Width": 4,
                                                "Actual Startup Time": 31.386,
                                                "Actual Total Time": 31.387,
                                                "Actual Rows": 16969,
                                                "Actual Loops": 5,
                                                "Hash Buckets": 131072,
                                                "Original Hash Buckets": 131072,
                                                "Hash Batches": 1,
                                                "Original Hash Batches": 1,
                                                "Peak Memory Usage": 4448,
                                                "Plans": [
                                                  {
                                                    "Node Type": "Seq Scan",
                                                    "Parent Relationship": "Outer",
                                                    "Parallel Aware": true,
                                                    "Relation Name": "company_name",
                                                    "Alias": "cn",
                                                    "Startup Cost": 0.0,
                                                    "Total Cost": 4722.92,
                                                    "Plan Rows": 50548,
                                                    "Plan Width": 4,
                                                    "Actual Startup Time": 0.088,
                                                    "Actual Total Time": 20.656,
                                                    "Actual Rows": 16969,
                                                    "Actual Loops": 5,
                                                    "Filter": "((country_code)::text = '[us]'::text)",
                                                    "Rows Removed by Filter": 30031
                                                  }
                                                ]
                                              }
                                            ]
                                          }
                                        ]
                                      }
                                    ]
                                  }
                                ]
                              }
                            ]
                          }
                        ]
                      }
                    ]
                  }
                ]
              },
              {
                "Node Type": "Hash",
                "Parent Relationship": "Inner",
                "Parallel Aware": false,
                "Startup Cost": 1748211.74,
                "Total Cost": 1748211.74,
                "Plan Rows": 1,
                "Plan Width": 47,
                "Actual Startup Time": 4434.017,
                "Actual Total Time": 4536.47,
                "Actual Rows": 8,
                "Actual Loops": 1,
                "Hash Buckets": 1024,
                "Original Hash Buckets": 1024,
                "Hash Batches": 1,
                "Original Hash Batches": 1,
                "Peak Memory Usage": 9,
                "Plans": [
                  {
                    "Node Type": "Hash Join",
                    "Parent Relationship": "Outer",
                    "Parallel Aware": false,
                    "Join Type": "Inner",
                    "Startup Cost": 1748209.3,
                    "Total Cost": 1748211.74,
                    "Plan Rows": 1,
                    "Plan Width": 47,
                    "Actual Startup Time": 4433.979,
                    "Actual Total Time": 4536.453,
                    "Actual Rows": 8,
                    "Actual Loops": 1,
                    "Inner Unique": false,
                    "Hash Cond": "(ci.movie_id = mk.movie_id)",
                    "Plans": [
                      {
                        "Node Type": "Hash Join",
                        "Parent Relationship": "Outer",
                        "Parallel Aware": false,
                        "Join Type": "Inner",
                        "Startup Cost": 1282836.77,
                        "Total Cost": 1282839.2,
                        "Plan Rows": 1,
                        "Plan Width": 39,
                        "Actual Startup Time": 2312.589,
                        "Actual Total Time": 2415.042,
                        "Actual Rows": 14,
                        "Actual Loops": 1,
                        "Inner Unique": false,
                        "Hash Cond": "(it3.id = pi.info_type_id)",
                        "Plans": [
                          {
                            "Node Type": "Seq Scan",
                            "Parent Relationship": "Outer",
                            "Parallel Aware": false,
                            "Relation Name": "info_type",
                            "Alias": "it3",
                            "Startup Cost": 0.0,
                            "Total Cost": 2.41,
                            "Plan Rows": 1,
                            "Plan Width": 4,
                            "Actual Startup Time": 0.014,
                            "Actual Total Time": 0.028,
                            "Actual Rows": 1,
                            "Actual Loops": 1,
                            "Filter": "((info)::text = 'height'::text)",
                            "Rows Removed by Filter": 112
                          },
                          {
                            "Node Type": "Hash",
                            "Parent Relationship": "Inner",
                            "Parallel Aware": false,
                            "Startup Cost": 1282836.76,
                            "Total Cost": 1282836.76,
                            "Plan Rows": 1,
                            "Plan Width": 43,
                            "Actual Startup Time": 2312.54,
                            "Actual Total Time": 2414.972,
                            "Actual Rows": 1932,
                            "Actual Loops": 1,
                            "Hash Buckets": 2048,
                            "Original Hash Buckets": 1024,
                            "Hash Batches": 1,
                            "Original Hash Batches": 1,
                            "Peak Memory Usage": 145,
                            "Plans": [
                              {
                                "Node Type": "Gather",
                                "Parent Relationship": "Outer",
                                "Parallel Aware": false,
                                "Startup Cost": 1210009.86,
                                "Total Cost": 1282836.76,
                                "Plan Rows": 1,
                                "Plan Width": 43,
                                "Actual Startup Time": 2163.148,
                                "Actual Total Time": 2414.563,
                                "Actual Rows": 1932,
                                "Actual Loops": 1,
                                "Workers Planned": 4,
                                "Workers Launched": 4,
                                "Single Copy": false,
                                "Plans": [
                                  {
                                    "Node Type": "Hash Join",
                                    "Parent Relationship": "Outer",
                                    "Parallel Aware": true,
                                    "Join Type": "Inner",
                                    "Startup Cost": 1209009.86,
                                    "Total Cost": 1281836.66,
                                    "Plan Rows": 1,
                                    "Plan Width": 43,
                                    "Actual Startup Time": 2224.487,
                                    "Actual Total Time": 2273.99,
                                    "Actual Rows": 386,
                                    "Actual Loops": 5,
                                    "Inner Unique": false,
                                    "Hash Cond": "(n.id = ci.person_id)",
                                    "Plans": [
                                      {
                                        "Node Type": "Hash Join",
                                        "Parent Relationship": "Outer",
                                        "Parallel Aware": true,
                                        "Join Type": "Inner",
                                        "Startup Cost": 67734.16,
                                        "Total Cost": 140554.5,
                                        "Plan Rows": 1722,
                                        "Plan Width": 27,
                                        "Actual Startup Time": 524.226,
                                        "Actual Total Time": 649.814,
                                        "Actual Rows": 9250,
                                        "Actual Loops": 5,
                                        "Inner Unique": false,
                                        "Hash Cond": "(n.id = pi.person_id)",
                                        "Plans": [
                                          {
                                            "Node Type": "Seq Scan",
                                            "Parent Relationship": "Outer",
                                            "Parallel Aware": true,
                                            "Relation Name": "name",
                                            "Alias": "n",
                                            "Startup Cost": 0.0,
                                            "Total Cost": 71240.66,
                                            "Plan Rows": 2419,
                                            "Plan Width": 19,
                                            "Actual Startup Time": 75.644,
                                            "Actual Total Time": 188.017,
                                            "Actual Rows": 10002,
                                            "Actual Loops": 5,
                                            "Filter": "((name ~~ '%An%'::text) AND ((gender)::text = 'f'::text))",
                                            "Rows Removed by Filter": 823496
                                          },
                                          {
                                            "Node Type": "Hash",
                                            "Parent Relationship": "Inner",
                                            "Parallel Aware": true,
                                            "Startup Cost": 58465.74,
                                            "Total Cost": 58465.74,
                                            "Plan Rows": 741474,
                                            "Plan Width": 8,
                                            "Actual Startup Time": 439.872,
                                            "Actual Total Time": 439.873,
                                            "Actual Rows": 592733,
                                            "Actual Loops": 5,
                                            "Hash Buckets": 4194304,
                                            "Original Hash Buckets": 4194304,
                                            "Hash Batches": 1,
                                            "Original Hash Batches": 1,
                                            "Peak Memory Usage": 148768,
                                            "Plans": [
                                              {
                                                "Node Type": "Seq Scan",
                                                "Parent Relationship": "Outer",
                                                "Parallel Aware": true,
                                                "Relation Name": "person_info",
                                                "Alias": "pi",
                                                "Startup Cost": 0.0,
                                                "Total Cost": 58465.74,
                                                "Plan Rows": 741474,
                                                "Plan Width": 8,
                                                "Actual Startup Time": 0.107,
                                                "Actual Total Time": 216.203,
                                                "Actual Rows": 592733,
                                                "Actual Loops": 5
                                              }
                                            ]
                                          }
                                        ]
                                      },
                                      {
                                        "Node Type": "Hash",
                                        "Parent Relationship": "Inner",
                                        "Parallel Aware": true,
                                        "Startup Cost": 1141275.68,
                                        "Total Cost": 1141275.68,
                                        "Plan Rows": 1,
                                        "Plan Width": 32,
                                        "Actual Startup Time": 1616.333,
                                        "Actual Total Time": 1616.34,
                                        "Actual Rows": 29,
                                        "Actual Loops": 5,
                                        "Hash Buckets": 1024,
                                        "Original Hash Buckets": 1024,
                                        "Hash Batches": 1,
                                        "Original Hash Batches": 1,
                                        "Peak Memory Usage": 40,
                                        "Plans": [
                                          {
                                            "Node Type": "Hash Join",
                                            "Parent Relationship": "Outer",
                                            "Parallel Aware": true,
                                            "Join Type": "Inner",
                                            "Startup Cost": 1094171.35,
                                            "Total Cost": 1141275.68,
                                            "Plan Rows": 1,
                                            "Plan Width": 32,
                                            "Actual Startup Time": 1590.347,
                                            "Actual Total Time": 1611.059,
                                            "Actual Rows": 29,
                                            "Actual Loops": 5,
                                            "Inner Unique": false,
                                            "Hash Cond": "(chn.id = ci.person_role_id)",
                                            "Plans": [
                                              {
                                                "Node Type": "Seq Scan",
                                                "Parent Relationship": "Outer",
                                                "Parallel Aware": true,
                                                "Relation Name": "char_name",
                                                "Alias": "chn",
                                                "Startup Cost": 0.0,
                                                "Total Cost": 46261.29,
                                                "Plan Rows": 1,
                                                "Plan Width": 20,
                                                "Actual Startup Time": 84.316,
                                                "Actual Total Time": 103.668,
                                                "Actual Rows": 0,
                                                "Actual Loops": 5,
                                                "Filter": "(name = 'Queen'::text)",
                                                "Rows Removed by Filter": 628068
                                              },
                                              {
                                                "Node Type": "Hash",
                                                "Parent Relationship": "Inner",
                                                "Parallel Aware": true,
                                                "Startup Cost": 1085741.08,
                                                "Total Cost": 1085741.08,
                                                "Plan Rows": 674422,
                                                "Plan Width": 20,
                                                "Actual Startup Time": 1502.662,
                                                "Actual Total Time": 1502.666,
                                                "Actual Rows": 354179,
                                                "Actual Loops": 5,
                                                "Hash Buckets": 2097152,
                                                "Original Hash Buckets": 2097152,
                                                "Hash Batches": 1,
                                                "Original Hash Batches": 1,
                                                "Peak Memory Usage": 109440,
                                                "Plans": [
                                                  {
                                                    "Node Type": "Hash Join",
                                                    "Parent Relationship": "Outer",
                                                    "Parallel Aware": true,
                                                    "Join Type": "Inner",
                                                    "Startup Cost": 337608.36,
                                                    "Total Cost": 1085741.08,
                                                    "Plan Rows": 674422,
                                                    "Plan Width": 20,
                                                    "Actual Startup Time": 1227.639,
                                                    "Actual Total Time": 1356.636,
                                                    "Actual Rows": 354179,
                                                    "Actual Loops": 5,
                                                    "Inner Unique": false,
                                                    "Hash Cond": "(an.person_id = ci.person_id)",
                                                    "Plans": [
                                                      {
                                                        "Node Type": "Seq Scan",
                                                        "Parent Relationship": "Outer",
                                                        "Parallel Aware": true,
                                                        "Relation Name": "aka_name",
                                                        "Alias": "an",
                                                        "Startup Cost": 0.0,
                                                        "Total Cost": 14303.56,
                                                        "Plan Rows": 290756,
                                                        "Plan Width": 4,
                                                        "Actual Startup Time": 0.019,
                                                        "Actual Total Time": 30.383,
                                                        "Actual Rows": 180269,
                                                        "Actual Loops": 5
                                                      },
                                                      {
                                                        "Node Type": "Hash",
                                                        "Parent Relationship": "Inner",
                                                        "Parallel Aware": true,
                                                        "Startup Cost": 335777.85,
                                                        "Total Cost": 335777.85,
                                                        "Plan Rows": 146441,
                                                        "Plan Width": 16,
                                                        "Actual Startup Time": 1226.151,
                                                        "Actual Total Time": 1226.152,
                                                        "Actual Rows": 167340,
                                                        "Actual Loops": 5,
                                                        "Hash Buckets": 1048576,
                                                        "Original Hash Buckets": 1048576,
                                                        "Hash Batches": 1,
                                                        "Original Hash Batches": 1,
                                                        "Peak Memory Usage": 47520,
                                                        "Plans": [
                                                          {
                                                            "Node Type": "Seq Scan",
                                                            "Parent Relationship": "Outer",
                                                            "Parallel Aware": true,
                                                            "Relation Name": "cast_info",
                                                            "Alias": "ci",
                                                            "Startup Cost": 0.0,
                                                            "Total Cost": 335777.85,
                                                            "Plan Rows": 146441,
                                                            "Plan Width": 16,
                                                            "Actual Startup Time": 0.249,
                                                            "Actual Total Time": 1151.659,
                                                            "Actual Rows": 167340,
                                                            "Actual Loops": 5,
                                                            "Filter": "(note = ANY ('{(voice),\"(voice) (uncredited)\",\"(voice: English version)\"}'::text[]))",
                                                            "Rows Removed by Filter": 7081529
                                                          }
                                                        ]
                                                      }
                                                    ]
                                                  }
                                                ]
                                              }
                                            ]
                                          }
                                        ]
                                      }
                                    ]
                                  }
                                ]
                              }
                            ]
                          }
                        ]
                      },
                      {
                        "Node Type": "Hash",
                        "Parent Relationship": "Inner",
                        "Parallel Aware": false,
                        "Startup Cost": 465372.49,
                        "Total Cost": 465372.49,
                        "Plan Rows": 3,
                        "Plan Width": 8,
                        "Actual Startup Time": 2121.364,
                        "Actual Total Time": 2121.377,
                        "Actual Rows": 23,
                        "Actual Loops": 1,
                        "Hash Buckets": 1024,
                        "Original Hash Buckets": 1024,
                        "Hash Batches": 1,
                        "Original Hash Batches": 1,
                        "Peak Memory Usage": 9,
                        "Plans": [
                          {
                            "Node Type": "Hash Join",
                            "Parent Relationship": "Outer",
                            "Parallel Aware": false,
                            "Join Type": "Inner",
                            "Startup Cost": 465371.39,
                            "Total Cost": 465372.49,
                            "Plan Rows": 3,
                            "Plan Width": 8,
                            "Actual Startup Time": 2121.35,
                            "Actual Total Time": 2121.366,
                            "Actual Rows": 23,
                            "Actual Loops": 1,
                            "Inner Unique": false,
                            "Hash Cond": "(cct2.id = cc.status_id)",
                            "Plans": [
                              {
                                "Node Type": "Seq Scan",
                                "Parent Relationship": "Outer",
                                "Parallel Aware": false,
                                "Relation Name": "comp_cast_type",
                                "Alias": "cct2",
                                "Startup Cost": 0.0,
                                "Total Cost": 1.05,
                                "Plan Rows": 1,
                                "Plan Width": 4,
                                "Actual Startup Time": 0.021,
                                "Actual Total Time": 0.022,
                                "Actual Rows": 1,
                                "Actual Loops": 1,
                                "Filter": "((kind)::text = 'complete+verified'::text)",
                                "Rows Removed by Filter": 3
                              },
                              {
                                "Node Type": "Hash",
                                "Parent Relationship": "Inner",
                                "Parallel Aware": false,
                                "Startup Cost": 465371.24,
                                "Total Cost": 465371.24,
                                "Plan Rows": 12,
                                "Plan Width": 12,
                                "Actual Startup Time": 2121.31,
                                "Actual Total Time": 2121.32,
                                "Actual Rows": 74,
                                "Actual Loops": 1,
                                "Hash Buckets": 1024,
                                "Original Hash Buckets": 1024,
                                "Hash Batches": 1,
                                "Original Hash Batches": 1,
                                "Peak Memory Usage": 12,
                                "Plans": [
                                  {
                                    "Node Type": "Hash Join",
                                    "Parent Relationship": "Outer",
                                    "Parallel Aware": false,
                                    "Join Type": "Inner",
                                    "Startup Cost": 462712.88,
                                    "Total Cost": 465371.24,
                                    "Plan Rows": 12,
                                    "Plan Width": 12,
                                    "Actual Startup Time": 2110.929,
                                    "Actual Total Time": 2121.304,
                                    "Actual Rows": 74,
                                    "Actual Loops": 1,
                                    "Inner Unique": false,
                                    "Hash Cond": "(k.id = mk.keyword_id)",
                                    "Plans": [
                                      {
                                        "Node Type": "Seq Scan",
                                        "Parent Relationship": "Outer",
                                        "Parallel Aware": false,
                                        "Relation Name": "keyword",
                                        "Alias": "k",
                                        "Startup Cost": 0.0,
                                        "Total Cost": 2626.12,
                                        "Plan Rows": 1,
                                        "Plan Width": 4,
                                        "Actual Startup Time": 0.044,
                                        "Actual Total Time": 10.377,
                                        "Actual Rows": 1,
                                        "Actual Loops": 1,
                                        "Filter": "(keyword = 'computer-animation'::text)",
                                        "Rows Removed by Filter": 134169
                                      },
                                      {
                                        "Node Type": "Hash",
                                        "Parent Relationship": "Inner",
                                        "Parallel Aware": false,
                                        "Startup Cost": 443127.43,
                                        "Total Cost": 443127.43,
                                        "Plan Rows": 1566836,
                                        "Plan Width": 16,
                                        "Actual Startup Time": 2100.142,
                                        "Actual Total Time": 2100.15,
                                        "Actual Rows": 1436647,
                                        "Actual Loops": 1,
                                        "Hash Buckets": 2097152,
                                        "Original Hash Buckets": 2097152,
                                        "Hash Batches": 1,
                                        "Original Hash Batches": 1,
                                        "Peak Memory Usage": 83727,
                                        "Plans": [
                                          {
                                            "Node Type": "Hash Join",
                                            "Parent Relationship": "Outer",
                                            "Parallel Aware": false,
                                            "Join Type": "Inner",
                                            "Startup Cost": 422491.19,
                                            "Total Cost": 443127.43,
                                            "Plan Rows": 1566836,
                                            "Plan Width": 16,
                                            "Actual Startup Time": 1723.432,
                                            "Actual Total Time": 1847.872,
                                            "Actual Rows": 1436647,
                                            "Actual Loops": 1,
                                            "Inner Unique": false,
                                            "Hash Cond": "(cct1.id = cc.subject_id)",
                                            "Plans": [
                                              {
                                                "Node Type": "Seq Scan",
                                                "Parent Relationship": "Outer",
                                                "Parallel Aware": false,
                                                "Relation Name": "comp_cast_type",
                                                "Alias": "cct1",
                                                "Startup Cost": 0.0,
                                                "Total Cost": 1.05,
                                                "Plan Rows": 1,
                                                "Plan Width": 4,
                                                "Actual Startup Time": 0.01,
                                                "Actual Total Time": 0.017,
                                                "Actual Rows": 1,
                                                "Actual Loops": 1,
                                                "Filter": "((kind)::text = 'cast'::text)",
                                                "Rows Removed by Filter": 3
                                              },
                                              {
                                                "Node Type": "Hash",
                                                "Parent Relationship": "Inner",
                                                "Parallel Aware": false,
                                                "Startup Cost": 344150.55,
                                                "Total Cost": 344150.55,
                                                "Plan Rows": 6267251,
                                                "Plan Width": 20,
                                                "Actual Startup Time": 1682.248,
                                                "Actual Total Time": 1682.252,
                                                "Actual Rows": 2171367,
                                                "Actual Loops": 1,
                                                "Hash Buckets": 8388608,
                                                "Original Hash Buckets": 8388608,
                                                "Hash Batches": 1,
                                                "Original Hash Batches": 1,
                                                "Peak Memory Usage": 175801,
                                                "Plans": [
                                                  {
                                                    "Node Type": "Hash Join",
                                                    "Parent Relationship": "Outer",
                                                    "Parallel Aware": false,
                                                    "Join Type": "Inner",
                                                    "Startup Cost": 126242.43,
                                                    "Total Cost": 344150.55,
                                                    "Plan Rows": 6267251,
                                                    "Plan Width": 20,
                                                    "Actual Startup Time": 1103.434,
                                                    "Actual Total Time": 1360.004,
                                                    "Actual Rows": 2171367,
                                                    "Actual Loops": 1,
                                                    "Inner Unique": false,
                                                    "Hash Cond": "(cc.movie_id = mk.movie_id)",
                                                    "Plans": [
                                                      {
                                                        "Node Type": "Seq Scan",
                                                        "Parent Relationship": "Outer",
                                                        "Parallel Aware": false,
                                                        "Relation Name": "complete_cast",
                                                        "Alias": "cc",
                                                        "Startup Cost": 0.0,
                                                        "Total Cost": 2081.86,
                                                        "Plan Rows": 135086,
                                                        "Plan Width": 12,
                                                        "Actual Startup Time": 0.039,
                                                        "Actual Total Time": 14.385,
                                                        "Actual Rows": 135086,
                                                        "Actual Loops": 1
                                                      },
                                                      {
                                                        "Node Type": "Hash",
                                                        "Parent Relationship": "Inner",
                                                        "Parallel Aware": false,
                                                        "Startup Cost": 69693.3,
                                                        "Total Cost": 69693.3,
                                                        "Plan Rows": 4523930,
                                                        "Plan Width": 8,
                                                        "Actual Startup Time": 1067.28,
                                                        "Actual Total Time": 1067.281,
                                                        "Actual Rows": 4523930,
                                                        "Actual Loops": 1,
                                                        "Hash Buckets": 8388608,
                                                        "Original Hash Buckets": 8388608,
                                                        "Hash Batches": 1,
                                                        "Original Hash Batches": 1,
                                                        "Peak Memory Usage": 242253,
                                                        "Plans": [
                                                          {
                                                            "Node Type": "Seq Scan",
                                                            "Parent Relationship": "Outer",
                                                            "Parallel Aware": false,
                                                            "Relation Name": "movie_keyword",
                                                            "Alias": "mk",
                                                            "Startup Cost": 0.0,
                                                            "Total Cost": 69693.3,
                                                            "Plan Rows": 4523930,
                                                            "Plan Width": 8,
                                                            "Actual Startup Time": 0.031,
                                                            "Actual Total Time": 440.435,
                                                            "Actual Rows": 4523930,
                                                            "Actual Loops": 1
                                                          }
                                                        ]
                                                      }
                                                    ]
                                                  }
                                                ]
                                              }
                                            ]
                                          }
                                        ]
                                      }
                                    ]
                                  }
                                ]
                              }
                            ]
                          }
                        ]
                      }
                    ]
                  }
                ]
              }
            ]
          },
          {
            "Node Type": "Hash",
            "Parent Relationship": "Inner",
            "Parallel Aware": false,
            "Startup Cost": 1.15,
            "Total Cost": 1.15,
            "Plan Rows": 1,
            "Plan Width": 4,
            "Actual Startup Time": 0.047,
            "Actual Total Time": 0.048,
            "Actual Rows": 1,
            "Actual Loops": 1,
            "Hash Buckets": 1024,
            "Original Hash Buckets": 1024,
            "Hash Batches": 1,
            "Original Hash Batches": 1,
            "Peak Memory Usage": 9,
            "Plans": [
              {
                "Node Type": "Seq Scan",
                "Parent Relationship": "Outer",
                "Parallel Aware": false,
                "Relation Name": "role_type",
                "Alias": "rt",
                "Startup Cost": 0.0,
                "Total Cost": 1.15,
                "Plan Rows": 1,
                "Plan Width": 4,
                "Actual Startup Time": 0.037,
                "Actual Total Time": 0.039,
                "Actual Rows": 1,
                "Actual Loops": 1,
                "Filter": "((role)::text = 'actress'::text)",
                "Rows Removed by Filter": 11
              }
            ]
          }
        ]
      }
    ]
  },
  "Planning Time": 3217.125,
  "Triggers": [],
  "Execution Time": 5725.956
}