[
  {
    "Plan": {
      "Node Type": "Aggregate",
      "Strategy": "Plain",
      "Partial Mode": "Finalize",
      "Parallel Aware": false,
      "Startup Cost": 84000.39,
      "Total Cost": 84000.4,
      "Plan Rows": 1,
      "Plan Width": 8,
      "Actual Startup Time": 232.417,
      "Actual Total Time": 249.776,
      "Actual Rows": 1,
      "Actual Loops": 1,
      "Plans": [
        {
          "Node Type": "Gather",
          "Parent Relationship": "Outer",
          "Parallel Aware": false,
          "Startup Cost": 83999.97,
          "Total Cost": 84000.38,
          "Plan Rows": 4,
          "Plan Width": 8,
          "Actual Startup Time": 231.964,
          "Actual Total Time": 249.766,
          "Actual Rows": 5,
          "Actual Loops": 1,
          "Workers Planned": 4,
          "Workers Launched": 4,
          "Single Copy": false,
          "Plans": [
            {
              "Node Type": "Aggregate",
              "Strategy": "Plain",
              "Partial Mode": "Partial",
              "Parent Relationship": "Outer",
              "Parallel Aware": false,
              "Startup Cost": 82999.97,
              "Total Cost": 82999.98,
              "Plan Rows": 1,
              "Plan Width": 8,
              "Actual Startup Time": 221.481,
              "Actual Total Time": 221.486,
              "Actual Rows": 1,
              "Actual Loops": 5,
              "Plans": [
                {
                  "Node Type": "Nested Loop",
                  "Parent Relationship": "Outer",
                  "Parallel Aware": false,
                  "Join Type": "Inner",
                  "Startup Cost": 24304.78,
                  "Total Cost": 82966.38,
                  "Plan Rows": 13434,
                  "Plan Width": 0,
                  "Actual Startup Time": 63.527,
                  "Actual Total Time": 220.715,
                  "Actual Rows": 11071,
                  "Actual Loops": 5,
                  "Inner Unique": false,
                  "Plans": [
                    {
                      "Node Type": "Hash Join",
                      "Parent Relationship": "Outer",
                      "Parallel Aware": true,
                      "Join Type": "Inner",
                      "Startup Cost": 24304.36,
                      "Total Cost": 69862.84,
                      "Plan Rows": 24611,
                      "Plan Width": 8,
                      "Actual Startup Time": 63.402,
                      "Actual Total Time": 188.548,
                      "Actual Rows": 7825,
                      "Actual Loops": 5,
                      "Inner Unique": false,
                      "Hash Cond": "(t.id = mc.movie_id)",
                      "Plans": [
                        {
                          "Node Type": "Seq Scan",
                          "Parent Relationship": "Outer",
                          "Parallel Aware": true,
                          "Relation Name": "title",
                          "Alias": "t",
                          "Startup Cost": 0.0,
                          "Total Cost": 42318.73,
                          "Plan Rows": 632073,
                          "Plan Width": 4,
                          "Actual Startup Time": 0.013,
                          "Actual Total Time": 66.978,
                          "Actual Rows": 505662,
                          "Actual Loops": 5
                        },
                        {
                          "Node Type": "Hash",
                          "Parent Relationship": "Inner",
                          "Parallel Aware": true,
                          "Startup Cost": 23907.41,
                          "Total Cost": 23907.41,
                          "Plan Rows": 31756,
                          "Plan Width": 4,
                          "Actual Startup Time": 61.881,
                          "Actual Total Time": 61.883,
                          "Actual Rows": 7825,
                          "Actual Loops": 5,
                          "Hash Buckets": 131072,
                          "Original Hash Buckets": 131072,
                          "Hash Batches": 1,
                          "Original Hash Batches": 1,
                          "Peak Memory Usage": 2656,
                          "Plans": [
                            {
                              "Node Type": "Bitmap Heap Scan",
                              "Parent Relationship": "Outer",
                              "Parallel Aware": true,
                              "Relation Name": "movie_companies",
                              "Alias": "mc",
                              "Startup Cost": 4179.22,
                              "Total Cost": 23907.41,
                              "Plan Rows": 31756,
                              "Plan Width": 4,
                              "Actual Startup Time": 50.576,
                              "Actual Total Time": 59.085,
                              "Actual Rows": 7825,
                              "Actual Loops": 5,
                              "Recheck Cond": "(company_id < 52)",
                              "Rows Removed by Index Recheck": 0,
                              "Filter": "(company_type_id > 1)",
                              "Rows Removed by Filter": 30583,
                              "Exact Heap Blocks": 8662,
                              "Lossy Heap Blocks": 0,
                              "Plans": [
                                {
                                  "Node Type": "Bitmap Index Scan",
                                  "Parent Relationship": "Outer",
                                  "Parallel Aware": false,
                                  "Index Name": "company_id_movie_companies",
                                  "Startup Cost": 0.0,
                                  "Total Cost": 4154.61,
                                  "Plan Rows": 193891,
                                  "Plan Width": 0,
                                  "Actual Startup Time": 22.831,
                                  "Actual Total Time": 22.832,
                                  "Actual Rows": 192038,
                                  "Actual Loops": 1,
                                  "Index Cond": "(company_id < 52)"
                                }
                              ]
                            }
                          ]
                        }
                      ]
                    },
                    {
                      "Node Type": "Index Only Scan",
                      "Parent Relationship": "Inner",
                      "Parallel Aware": false,
                      "Scan Direction": "Forward",
                      "Index Name": "movie_id_movie_info_idx",
                      "Relation Name": "movie_info_idx",
                      "Alias": "mi_idx",
                      "Startup Cost": 0.43,
                      "Total Cost": 0.5,
                      "Plan Rows": 3,
                      "Plan Width": 4,
                      "Actual Startup Time": 0.003,
                      "Actual Total Time": 0.004,
                      "Actual Rows": 1,
                      "Actual Loops": 39124,
                      "Index Cond": "(movie_id = t.id)",
                      "Rows Removed by Index Recheck": 0,
                      "Heap Fetches": 55353
                    }
                  ]
                }
              ]
            }
          ]
        }
      ]
    },
    "Planning Time": 1.503,
    "Triggers": [],
    "Execution Time": 249.89
  }
]