[
  {
    "Plan": {
      "Node Type": "Aggregate",
      "Strategy": "Plain",
      "Partial Mode": "Finalize",
      "Parallel Aware": false,
      "Startup Cost": 46767.47,
      "Total Cost": 46767.48,
      "Plan Rows": 1,
      "Plan Width": 8,
      "Actual Startup Time": 106.33,
      "Actual Total Time": 119.245,
      "Actual Rows": 1,
      "Actual Loops": 1,
      "Plans": [
        {
          "Node Type": "Gather",
          "Parent Relationship": "Outer",
          "Parallel Aware": false,
          "Startup Cost": 46767.05,
          "Total Cost": 46767.46,
          "Plan Rows": 4,
          "Plan Width": 8,
          "Actual Startup Time": 106.05,
          "Actual Total Time": 119.227,
          "Actual Rows": 5,
          "Actual Loops": 1,
          "Workers Planned": 4,
          "Workers Launched": 4,
          "Single Copy": false,
          "Plans": [
            {
              "Node Type": "Aggregate",
              "Strategy": "Plain",
              "Partial Mode": "Partial",
              "Parent Relationship": "Outer",
              "Parallel Aware": false,
              "Startup Cost": 45767.05,
              "Total Cost": 45767.06,
              "Plan Rows": 1,
              "Plan Width": 8,
              "Actual Startup Time": 99.368,
              "Actual Total Time": 99.37,
              "Actual Rows": 1,
              "Actual Loops": 5,
              "Plans": [
                {
                  "Node Type": "Seq Scan",
                  "Parent Relationship": "Outer",
                  "Parallel Aware": true,
                  "Relation Name": "title",
                  "Alias": "t",
                  "Startup Cost": 0.0,
                  "Total Cost": 45479.59,
                  "Plan Rows": 114984,
                  "Plan Width": 0,
                  "Actual Startup Time": 44.394,
                  "Actual Total Time": 95.709,
                  "Actual Rows": 67057,
                  "Actual Loops": 5,
                  "Filter": "((production_year > 1990) AND (kind_id = 1))",
                  "Rows Removed by Filter": 438605
                }
              ]
            }
          ]
        }
      ]
    },
    "Planning Time": 0.086,
    "Triggers": [],
    "Execution Time": 119.275
  }
]