[
  {
    "Plan": {
      "Node Type": "Aggregate",
      "Strategy": "Plain",
      "Partial Mode": "Finalize",
      "Parallel Aware": false,
      "Startup Cost": 29669.91,
      "Total Cost": 29669.92,
      "Plan Rows": 1,
      "Plan Width": 8,
      "Actual Startup Time": 87.948,
      "Actual Total Time": 92.149,
      "Actual Rows": 1,
      "Actual Loops": 1,
      "Plans": [
        {
          "Node Type": "Gather",
          "Parent Relationship": "Outer",
          "Parallel Aware": false,
          "Startup Cost": 29669.6,
          "Total Cost": 29669.91,
          "Plan Rows": 3,
          "Plan Width": 8,
          "Actual Startup Time": 87.804,
          "Actual Total Time": 92.142,
          "Actual Rows": 4,
          "Actual Loops": 1,
          "Workers Planned": 3,
          "Workers Launched": 3,
          "Single Copy": false,
          "Plans": [
            {
              "Node Type": "Aggregate",
              "Strategy": "Plain",
              "Partial Mode": "Partial",
              "Parent Relationship": "Outer",
              "Parallel Aware": false,
              "Startup Cost": 28669.6,
              "Total Cost": 28669.61,
              "Plan Rows": 1,
              "Plan Width": 8,
              "Actual Startup Time": 81.026,
              "Actual Total Time": 81.027,
              "Actual Rows": 1,
              "Actual Loops": 4,
              "Plans": [
                {
                  "Node Type": "Bitmap Heap Scan",
                  "Parent Relationship": "Outer",
                  "Parallel Aware": true,
                  "Relation Name": "movie_companies",
                  "Alias": "mc",
                  "Startup Cost": 7944.55,
                  "Total Cost": 28518.62,
                  "Plan Rows": 60389,
                  "Plan Width": 0,
                  "Actual Startup Time": 37.989,
                  "Actual Total Time": 75.042,
                  "Actual Rows": 92646,
                  "Actual Loops": 4,
                  "Recheck Cond": "(company_id > 85394)",
                  "Rows Removed by Index Recheck": 0,
                  "Filter": "(company_type_id = 2)",
                  "Rows Removed by Filter": 0,
                  "Exact Heap Blocks": 3106,
                  "Lossy Heap Blocks": 0,
                  "Plans": [
                    {
                      "Node Type": "Bitmap Index Scan",
                      "Parent Relationship": "Outer",
                      "Parallel Aware": false,
                      "Index Name": "company_id_movie_companies",
                      "Startup Cost": 0.0,
                      "Total Cost": 7897.75,
                      "Plan Rows": 368709,
                      "Plan Width": 0,
                      "Actual Startup Time": 43.27,
                      "Actual Total Time": 43.271,
                      "Actual Rows": 370583,
                      "Actual Loops": 1,
                      "Index Cond": "(company_id > 85394)"
                    }
                  ]
                }
              ]
            }
          ]
        }
      ]
    },
    "Planning Time": 0.179,
    "Triggers": [],
    "Execution Time": 92.212
  }
]