[
  {
    "Plan": {
      "Node Type": "Aggregate",
      "Strategy": "Plain",
      "Partial Mode": "Finalize",
      "Parallel Aware": false,
      "Startup Cost": 354118.96,
      "Total Cost": 354118.97,
      "Plan Rows": 1,
      "Plan Width": 8,
      "Actual Startup Time": 914.138,
      "Actual Total Time": 957.731,
      "Actual Rows": 1,
      "Actual Loops": 1,
      "Plans": [
        {
          "Node Type": "Gather",
          "Parent Relationship": "Outer",
          "Parallel Aware": false,
          "Startup Cost": 354118.34,
          "Total Cost": 354118.95,
          "Plan Rows": 6,
          "Plan Width": 8,
          "Actual Startup Time": 913.984,
          "Actual Total Time": 957.72,
          "Actual Rows": 7,
          "Actual Loops": 1,
          "Workers Planned": 6,
          "Workers Launched": 6,
          "Single Copy": false,
          "Plans": [
            {
              "Node Type": "Aggregate",
              "Strategy": "Plain",
              "Partial Mode": "Partial",
              "Parent Relationship": "Outer",
              "Parallel Aware": false,
              "Startup Cost": 353118.34,
              "Total Cost": 353118.35,
              "Plan Rows": 1,
              "Plan Width": 8,
              "Actual Startup Time": 906.313,
              "Actual Total Time": 906.314,
              "Actual Rows": 1,
              "Actual Loops": 7,
              "Plans": [
                {
                  "Node Type": "Seq Scan",
                  "Parent Relationship": "Outer",
                  "Parallel Aware": true,
                  "Relation Name": "cast_info",
                  "Alias": "ci",
                  "Startup Cost": 0.0,
                  "Total Cost": 343316.27,
                  "Plan Rows": 3920826,
                  "Plan Width": 0,
                  "Actual Startup Time": 231.056,
                  "Actual Total Time": 737.317,
                  "Actual Rows": 3361842,
                  "Actual Loops": 7,
                  "Filter": "((person_id < 4055589) AND (role_id > 1))",
                  "Rows Removed by Filter": 1815922
                }
              ]
            }
          ]
        }
      ]
    },
    "Planning Time": 0.357,
    "Triggers": [],
    "Execution Time": 957.804
  }
]