[
  {
    "Plan": {
      "Node Type": "Aggregate",
      "Strategy": "Plain",
      "Partial Mode": "Finalize",
      "Parallel Aware": false,
      "Startup Cost": 154288.9,
      "Total Cost": 154288.91,
      "Plan Rows": 1,
      "Plan Width": 8,
      "Actual Startup Time": 913.92,
      "Actual Total Time": 956.63,
      "Actual Rows": 1,
      "Actual Loops": 1,
      "Plans": [
        {
          "Node Type": "Gather",
          "Parent Relationship": "Outer",
          "Parallel Aware": false,
          "Startup Cost": 154288.58,
          "Total Cost": 154288.89,
          "Plan Rows": 3,
          "Plan Width": 8,
          "Actual Startup Time": 912.977,
          "Actual Total Time": 956.621,
          "Actual Rows": 4,
          "Actual Loops": 1,
          "Workers Planned": 3,
          "Workers Launched": 3,
          "Single Copy": false,
          "Plans": [
            {
              "Node Type": "Aggregate",
              "Strategy": "Plain",
              "Partial Mode": "Partial",
              "Parent Relationship": "Outer",
              "Parallel Aware": false,
              "Startup Cost": 153288.58,
              "Total Cost": 153288.59,
              "Plan Rows": 1,
              "Plan Width": 8,
              "Actual Startup Time": 905.725,
              "Actual Total Time": 905.729,
              "Actual Rows": 1,
              "Actual Loops": 4,
              "Plans": [
                {
                  "Node Type": "Nested Loop",
                  "Parent Relationship": "Outer",
                  "Parallel Aware": false,
                  "Join Type": "Inner",
                  "Startup Cost": 44383.73,
                  "Total Cost": 153124.83,
                  "Plan Rows": 65502,
                  "Plan Width": 0,
                  "Actual Startup Time": 118.813,
                  "Actual Total Time": 888.175,
                  "Actual Rows": 278421,
                  "Actual Loops": 4,
                  "Inner Unique": false,
                  "Join Filter": "(t.id = mi.movie_id)",
                  "Rows Removed by Join Filter": 0,
                  "Plans": [
                    {
                      "Node Type": "Hash Join",
                      "Parent Relationship": "Outer",
                      "Parallel Aware": true,
                      "Join Type": "Inner",
                      "Startup Cost": 44383.3,
                      "Total Cost": 88503.51,
                      "Plan Rows": 33241,
                      "Plan Width": 8,
                      "Actual Startup Time": 118.712,
                      "Actual Total Time": 287.596,
                      "Actual Rows": 47449,
                      "Actual Loops": 4,
                      "Inner Unique": true,
                      "Hash Cond": "(mk.movie_id = t.id)",
                      "Plans": [
                        {
                          "Node Type": "Seq Scan",
                          "Parent Relationship": "Outer",
                          "Parallel Aware": true,
                          "Relation Name": "movie_keyword",
                          "Alias": "mk",
                          "Startup Cost": 0.0,
                          "Total Cost": 42695.65,
                          "Plan Rows": 542688,
                          "Plan Width": 4,
                          "Actual Startup Time": 0.593,
                          "Actual Total Time": 112.854,
                          "Actual Rows": 416907,
                          "Actual Loops": 4,
                          "Filter": "(keyword_id > 8717)",
                          "Rows Removed by Filter": 714076
                        },
                        {
                          "Node Type": "Hash",
                          "Parent Relationship": "Inner",
                          "Parallel Aware": true,
                          "Startup Cost": 43899.32,
                          "Total Cost": 43899.32,
                          "Plan Rows": 38718,
                          "Plan Width": 4,
                          "Actual Startup Time": 115.899,
                          "Actual Total Time": 115.9,
                          "Actual Rows": 42237,
                          "Actual Loops": 4,
                          "Hash Buckets": 262144,
                          "Original Hash Buckets": 262144,
                          "Hash Batches": 1,
                          "Original Hash Batches": 1,
                          "Peak Memory Usage": 8704,
                          "Plans": [
                            {
                              "Node Type": "Seq Scan",
                              "Parent Relationship": "Outer",
                              "Parallel Aware": true,
                              "Relation Name": "title",
                              "Alias": "t",
                              "Startup Cost": 0.0,
                              "Total Cost": 43899.32,
                              "Plan Rows": 38718,
                              "Plan Width": 4,
                              "Actual Startup Time": 0.136,
                              "Actual Total Time": 100.708,
                              "Actual Rows": 42237,
                              "Actual Loops": 4,
                              "Filter": "(production_year < 1951)",
                              "Rows Removed by Filter": 589841
                            }
                          ]
                        }
                      ]
                    },
                    {
                      "Node Type": "Index Scan",
                      "Parent Relationship": "Inner",
                      "Parallel Aware": false,
                      "Scan Direction": "Forward",
                      "Index Name": "movie_id_movie_info",
                      "Relation Name": "movie_info",
                      "Alias": "mi",
                      "Startup Cost": 0.43,
                      "Total Cost": 1.77,
                      "Plan Rows": 14,
                      "Plan Width": 4,
                      "Actual Startup Time": 0.003,
                      "Actual Total Time": 0.012,
                      "Actual Rows": 6,
                      "Actual Loops": 189796,
                      "Index Cond": "(movie_id = mk.movie_id)",
                      "Rows Removed by Index Recheck": 0,
                      "Filter": "(info_type_id < 5)",
                      "Rows Removed by Filter": 28
                    }
                  ]
                }
              ]
            }
          ]
        }
      ]
    },
    "Planning Time": 0.567,
    "Triggers": [],
    "Execution Time": 956.688
  }
]