[
  {
    "Plan": {
      "Node Type": "Aggregate",
      "Strategy": "Plain",
      "Partial Mode": "Finalize",
      "Parallel Aware": false,
      "Startup Cost": 219600.44,
      "Total Cost": 219600.45,
      "Plan Rows": 1,
      "Plan Width": 8,
      "Actual Startup Time": 101.658,
      "Actual Total Time": 108.863,
      "Actual Rows": 1,
      "Actual Loops": 1,
      "Plans": [
        {
          "Node Type": "Gather",
          "Parent Relationship": "Outer",
          "Parallel Aware": false,
          "Startup Cost": 219599.92,
          "Total Cost": 219600.43,
          "Plan Rows": 5,
          "Plan Width": 8,
          "Actual Startup Time": 100.226,
          "Actual Total Time": 108.856,
          "Actual Rows": 6,
          "Actual Loops": 1,
          "Workers Planned": 5,
          "Workers Launched": 5,
          "Single Copy": false,
          "Plans": [
            {
              "Node Type": "Aggregate",
              "Strategy": "Plain",
              "Partial Mode": "Partial",
              "Parent Relationship": "Outer",
              "Parallel Aware": false,
              "Startup Cost": 218599.92,
              "Total Cost": 218599.93,
              "Plan Rows": 1,
              "Plan Width": 8,
              "Actual Startup Time": 93.613,
              "Actual Total Time": 93.616,
              "Actual Rows": 1,
              "Actual Loops": 6,
              "Plans": [
                {
                  "Node Type": "Hash Join",
                  "Parent Relationship": "Outer",
                  "Parallel Aware": true,
                  "Join Type": "Inner",
                  "Startup Cost": 48982.45,
                  "Total Cost": 218596.44,
                  "Plan Rows": 1393,
                  "Plan Width": 0,
                  "Actual Startup Time": 93.575,
                  "Actual Total Time": 93.61,
                  "Actual Rows": 0,
                  "Actual Loops": 6,
                  "Inner Unique": true,
                  "Hash Cond": "(mi.movie_id = t.id)",
                  "Plans": [
                    {
                      "Node Type": "Bitmap Heap Scan",
                      "Parent Relationship": "Outer",
                      "Parallel Aware": true,
                      "Relation Name": "movie_info",
                      "Alias": "mi",
                      "Startup Cost": 3190.13,
                      "Total Cost": 172711.87,
                      "Plan Rows": 35140,
                      "Plan Width": 4,
                      "Actual Startup Time": 6.88,
                      "Actual Total Time": 17.165,
                      "Actual Rows": 32959,
                      "Actual Loops": 6,
                      "Recheck Cond": "(info_type_id > 106)",
                      "Rows Removed by Index Recheck": 0,
                      "Exact Heap Blocks": 1288,
                      "Lossy Heap Blocks": 0,
                      "Plans": [
                        {
                          "Node Type": "Bitmap Index Scan",
                          "Parent Relationship": "Outer",
                          "Parallel Aware": false,
                          "Index Name": "info_type_id_movie_info",
                          "Startup Cost": 0.0,
                          "Total Cost": 3146.2,
                          "Plan Rows": 175702,
                          "Plan Width": 0,
                          "Actual Startup Time": 6.106,
                          "Actual Total Time": 6.106,
                          "Actual Rows": 197754,
                          "Actual Loops": 1,
                          "Index Cond": "(info_type_id > 106)"
                        }
                      ]
                    },
                    {
                      "Node Type": "Hash",
                      "Parent Relationship": "Inner",
                      "Parallel Aware": true,
                      "Startup Cost": 45479.21,
                      "Total Cost": 45479.21,
                      "Plan Rows": 25049,
                      "Plan Width": 4,
                      "Actual Startup Time": 72.226,
                      "Actual Total Time": 72.227,
                      "Actual Rows": 18400,
                      "Actual Loops": 6,
                      "Hash Buckets": 131072,
                      "Original Hash Buckets": 131072,
                      "Hash Batches": 1,
                      "Original Hash Batches": 1,
                      "Peak Memory Usage": 5408,
                      "Plans": [
                        {
                          "Node Type": "Seq Scan",
                          "Parent Relationship": "Outer",
                          "Parallel Aware": true,
                          "Relation Name": "title",
                          "Alias": "t",
                          "Startup Cost": 0.0,
                          "Total Cost": 45479.21,
                          "Plan Rows": 25049,
                          "Plan Width": 4,
                          "Actual Startup Time": 0.035,
                          "Actual Total Time": 65.415,
                          "Actual Rows": 18400,
                          "Actual Loops": 6,
                          "Filter": "((kind_id = 7) AND (production_year = 2012))",
                          "Rows Removed by Filter": 402985
                        }
                      ]
                    }
                  ]
                }
              ]
            }
          ]
        }
      ]
    },
    "Planning Time": 0.21,
    "Triggers": [],
    "Execution Time": 108.896
  }
]