{
    "Plan": {
        "Node Type": "Aggregate",
        "Strategy": "Plain",
        "Partial Mode": "Simple",
        "Parallel Aware": false,
        "Startup Cost": 60000609111.59,
        "Total Cost": 60000609111.6,
        "Plan Rows": 1,
        "Plan Width": 96,
        "Actual Startup Time": 2485.626,
        "Actual Total Time": 2485.779,
        "Actual Rows": 1,
        "Actual Loops": 1,
        "Output": [
            "min(cn.name)",
            "min((lt.link)::text)",
            "min(t.title)"
        ],
        "Plans": [
            {
                "Node Type": "Hash Join",
                "Parent Relationship": "Outer",
                "Parallel Aware": false,
                "Join Type": "Inner",
                "Startup Cost": 60000607846.25,
                "Total Cost": 60000609111.58,
                "Plan Rows": 1,
                "Plan Width": 48,
                "Actual Startup Time": 2454.18,
                "Actual Total Time": 2485.462,
                "Actual Rows": 796,
                "Actual Loops": 1,
                "Output": [
                    "cn.name",
                    "lt.link",
                    "t.title"
                ],
                "Inner Unique": true,
                "Hash Cond": "(mk.keyword_id = k.id)",
                "Plans": [
                    {
                        "Node Type": "Nested Loop",
                        "Parent Relationship": "Outer",
                        "Parallel Aware": false,
                        "Join Type": "Inner",
                        "Startup Cost": 50000602503.31,
                        "Total Cost": 50000603753.6,
                        "Plan Rows": 5732,
                        "Plan Width": 52,
                        "Actual Startup Time": 2398.203,
                        "Actual Total Time": 2433.67,
                        "Actual Rows": 11996,
                        "Actual Loops": 1,
                        "Output": [
                            "cn.name",
                            "mk.keyword_id",
                            "lt.link",
                            "t.title"
                        ],
                        "Inner Unique": false,
                        "Join Filter": "(ml.movie_id = mk.movie_id)",
                        "Rows Removed by Join Filter": 0,
                        "Plans": [
                            {
                                "Node Type": "Merge Join",
                                "Parent Relationship": "Outer",
                                "Parallel Aware": false,
                                "Join Type": "Inner",
                                "Startup Cost": 40000602502.45,
                                "Total Cost": 40000602996.84,
                                "Plan Rows": 126,
                                "Plan Width": 64,
                                "Actual Startup Time": 2398.129,
                                "Actual Total Time": 2423.887,
                                "Actual Rows": 1492,
                                "Actual Loops": 1,
                                "Output": [
                                    "cn.name",
                                    "mc.movie_id",
                                    "mi.movie_id",
                                    "ml.movie_id",
                                    "lt.link",
                                    "t.title",
                                    "t.id"
                                ],
                                "Inner Unique": false,
                                "Merge Cond": "(t.id = ml.movie_id)",
                                "Plans": [
                                    {
                                        "Node Type": "Sort",
                                        "Parent Relationship": "Outer",
                                        "Parallel Aware": false,
                                        "Startup Cost": 177248.41,
                                        "Total Cost": 179834.11,
                                        "Plan Rows": 1034280,
                                        "Plan Width": 21,
                                        "Actual Startup Time": 686.317,
                                        "Actual Total Time": 699.785,
                                        "Actual Rows": 81437,
                                        "Actual Loops": 1,
                                        "Output": [
                                            "t.title",
                                            "t.id"
                                        ],
                                        "Sort Key": [
                                            "t.id"
                                        ],
                                        "Sort Method": "quicksort",
                                        "Sort Space Used": 96618,
                                        "Sort Space Type": "Memory",
                                        "Plans": [
                                            {
                                                "Node Type": "Seq Scan",
                                                "Parent Relationship": "Outer",
                                                "Parallel Aware": false,
                                                "Relation Name": "title",
                                                "Schema": "public",
                                                "Alias": "t",
                                                "Startup Cost": 0.0,
                                                "Total Cost": 73922.83,
                                                "Plan Rows": 1034280,
                                                "Plan Width": 21,
                                                "Actual Startup Time": 0.02,
                                                "Actual Total Time": 410.776,
                                                "Actual Rows": 1037199,
                                                "Actual Loops": 1,
                                                "Output": [
                                                    "t.title",
                                                    "t.id"
                                                ],
                                                "Filter": "((t.production_year >= 1997) AND (t.production_year <= 2009))",
                                                "Rows Removed by Filter": 1491113
                                            }
                                        ]
                                    },
                                    {
                                        "Node Type": "Materialize",
                                        "Parent Relationship": "Inner",
                                        "Parallel Aware": false,
                                        "Startup Cost": 40000425254.04,
                                        "Total Cost": 40000425367.16,
                                        "Plan Rows": 308,
                                        "Plan Width": 43,
                                        "Actual Startup Time": 1711.373,
                                        "Actual Total Time": 1714.463,
                                        "Actual Rows": 1619,
                                        "Actual Loops": 1,
                                        "Output": [
                                            "cn.name",
                                            "mc.movie_id",
                                            "mi.movie_id",
                                            "ml.movie_id",
                                            "lt.link"
                                        ],
                                        "Plans": [
                                            {
                                                "Node Type": "Merge Join",
                                                "Parent Relationship": "Outer",
                                                "Parallel Aware": false,
                                                "Join Type": "Inner",
                                                "Startup Cost": 40000425254.04,
                                                "Total Cost": 40000425366.39,
                                                "Plan Rows": 308,
                                                "Plan Width": 43,
                                                "Actual Startup Time": 1711.362,
                                                "Actual Total Time": 1713.744,
                                                "Actual Rows": 1619,
                                                "Actual Loops": 1,
                                                "Output": [
                                                    "cn.name",
                                                    "mc.movie_id",
                                                    "mi.movie_id",
                                                    "ml.movie_id",
                                                    "lt.link"
                                                ],
                                                "Inner Unique": false,
                                                "Merge Cond": "(ml.movie_id = mi.movie_id)",
                                                "Plans": [
                                                    {
                                                        "Node Type": "Sort",
                                                        "Parent Relationship": "Outer",
                                                        "Parallel Aware": false,
                                                        "Startup Cost": 40000074973.31,
                                                        "Total Cost": 40000074973.9,
                                                        "Plan Rows": 235,
                                                        "Plan Width": 39,
                                                        "Actual Startup Time": 688.959,
                                                        "Actual Total Time": 689.155,
                                                        "Actual Rows": 1152,
                                                        "Actual Loops": 1,
                                                        "Output": [
                                                            "cn.name",
                                                            "mc.movie_id",
                                                            "ml.movie_id",
                                                            "lt.link"
                                                        ],
                                                        "Sort Key": [
                                                            "mc.movie_id"
                                                        ],
                                                        "Sort Method": "quicksort",
                                                        "Sort Space Used": 148,
                                                        "Sort Space Type": "Memory",
                                                        "Plans": [
                                                            {
                                                                "Node Type": "Merge Join",
                                                                "Parent Relationship": "Outer",
                                                                "Parallel Aware": false,
                                                                "Join Type": "Inner",
                                                                "Startup Cost": 40000074702.94,
                                                                "Total Cost": 40000074964.06,
                                                                "Plan Rows": 235,
                                                                "Plan Width": 39,
                                                                "Actual Startup Time": 684.762,
                                                                "Actual Total Time": 688.705,
                                                                "Actual Rows": 1152,
                                                                "Actual Loops": 1,
                                                                "Output": [
                                                                    "cn.name",
                                                                    "mc.movie_id",
                                                                    "ml.movie_id",
                                                                    "lt.link"
                                                                ],
                                                                "Inner Unique": false,
                                                                "Merge Cond": "(mc.company_id = cn.id)",
                                                                "Plans": [
                                                                    {
                                                                        "Node Type": "Sort",
                                                                        "Parent Relationship": "Outer",
                                                                        "Parallel Aware": false,
                                                                        "Startup Cost": 40000063630.5,
                                                                        "Total Cost": 40000063633.22,
                                                                        "Plan Rows": 1089,
                                                                        "Plan Width": 24,
                                                                        "Actual Startup Time": 618.195,
                                                                        "Actual Total Time": 618.665,
                                                                        "Actual Rows": 4393,
                                                                        "Actual Loops": 1,
                                                                        "Output": [
                                                                            "mc.movie_id",
                                                                            "mc.company_id",
                                                                            "ml.movie_id",
                                                                            "lt.link"
                                                                        ],
                                                                        "Sort Key": [
                                                                            "mc.company_id"
                                                                        ],
                                                                        "Sort Method": "quicksort",
                                                                        "Sort Space Used": 536,
                                                                        "Sort Space Type": "Memory",
                                                                        "Plans": [
                                                                            {
                                                                                "Node Type": "Merge Join",
                                                                                "Parent Relationship": "Outer",
                                                                                "Parallel Aware": false,
                                                                                "Join Type": "Inner",
                                                                                "Startup Cost": 40000063537.45,
                                                                                "Total Cost": 40000063575.56,
                                                                                "Plan Rows": 1089,
                                                                                "Plan Width": 24,
                                                                                "Actual Startup Time": 616.432,
                                                                                "Actual Total Time": 617.422,
                                                                                "Actual Rows": 4393,
                                                                                "Actual Loops": 1,
                                                                                "Output": [
                                                                                    "mc.movie_id",
                                                                                    "mc.company_id",
                                                                                    "ml.movie_id",
                                                                                    "lt.link"
                                                                                ],
                                                                                "Inner Unique": false,
                                                                                "Merge Cond": "(mc.company_type_id = ct.id)",
                                                                                "Plans": [
                                                                                    {
                                                                                        "Node Type": "Sort",
                                                                                        "Parent Relationship": "Outer",
                                                                                        "Parallel Aware": false,
                                                                                        "Startup Cost": 30000063536.39,
                                                                                        "Total Cost": 30000063547.28,
                                                                                        "Plan Rows": 4355,
                                                                                        "Plan Width": 28,
                                                                                        "Actual Startup Time": 616.325,
                                                                                        "Actual Total Time": 616.503,
                                                                                        "Actual Rows": 5069,
                                                                                        "Actual Loops": 1,
                                                                                        "Output": [
                                                                                            "lt.link",
                                                                                            "ml.movie_id",
                                                                                            "mc.movie_id",
                                                                                            "mc.company_type_id",
                                                                                            "mc.company_id"
                                                                                        ],
                                                                                        "Sort Key": [
                                                                                            "mc.company_type_id"
                                                                                        ],
                                                                                        "Sort Method": "quicksort",
                                                                                        "Sort Space Used": 589,
                                                                                        "Sort Space Type": "Memory",
                                                                                        "Plans": [
                                                                                            {
                                                                                                "Node Type": "Hash Join",
                                                                                                "Parent Relationship": "Outer",
                                                                                                "Parallel Aware": false,
                                                                                                "Join Type": "Inner",
                                                                                                "Startup Cost": 30000063189.19,
                                                                                                "Total Cost": 30000063273.16,
                                                                                                "Plan Rows": 4355,
                                                                                                "Plan Width": 28,
                                                                                                "Actual Startup Time": 614.908,
                                                                                                "Actual Total Time": 615.464,
                                                                                                "Actual Rows": 5069,
                                                                                                "Actual Loops": 1,
                                                                                                "Output": [
                                                                                                    "lt.link",
                                                                                                    "ml.movie_id",
                                                                                                    "mc.movie_id",
                                                                                                    "mc.company_type_id",
                                                                                                    "mc.company_id"
                                                                                                ],
                                                                                                "Inner Unique": false,
                                                                                                "Hash Cond": "(lt.id = ml.link_type_id)",
                                                                                                "Plans": [
                                                                                                    {
                                                                                                        "Node Type": "Index Scan",
                                                                                                        "Parent Relationship": "Outer",
                                                                                                        "Parallel Aware": false,
                                                                                                        "Scan Direction": "Forward",
                                                                                                        "Index Name": "link_type_pkey",
                                                                                                        "Relation Name": "link_type",
                                                                                                        "Schema": "public",
                                                                                                        "Alias": "lt",
                                                                                                        "Startup Cost": 10000000000.14,
                                                                                                        "Total Cost": 10000000012.45,
                                                                                                        "Plan Rows": 1,
                                                                                                        "Plan Width": 16,
                                                                                                        "Actual Startup Time": 0.08,
                                                                                                        "Actual Total Time": 0.093,
                                                                                                        "Actual Rows": 2,
                                                                                                        "Actual Loops": 1,
                                                                                                        "Output": [
                                                                                                            "lt.id",
                                                                                                            "lt.link"
                                                                                                        ],
                                                                                                        "Filter": "((lt.link)::text ~~ '%follow%'::text)",
                                                                                                        "Rows Removed by Filter": 16
                                                                                                    },
                                                                                                    {
                                                                                                        "Node Type": "Hash",
                                                                                                        "Parent Relationship": "Inner",
                                                                                                        "Parallel Aware": false,
                                                                                                        "Startup Cost": 20000062208.79,
                                                                                                        "Total Cost": 20000062208.79,
                                                                                                        "Plan Rows": 78421,
                                                                                                        "Plan Width": 20,
                                                                                                        "Actual Startup Time": 614.667,
                                                                                                        "Actual Total Time": 614.67,
                                                                                                        "Actual Rows": 43026,
                                                                                                        "Actual Loops": 1,
                                                                                                        "Output": [
                                                                                                            "mc.movie_id",
                                                                                                            "mc.company_type_id",
                                                                                                            "mc.company_id",
                                                                                                            "ml.link_type_id",
                                                                                                            "ml.movie_id"
                                                                                                        ],
                                                                                                        "Hash Buckets": 131072,
                                                                                                        "Original Hash Buckets": 131072,
                                                                                                        "Hash Batches": 1,
                                                                                                        "Original Hash Batches": 1,
                                                                                                        "Peak Memory Usage": 3209,
                                                                                                        "Plans": [
                                                                                                            {
                                                                                                                "Node Type": "Hash Join",
                                                                                                                "Parent Relationship": "Outer",
                                                                                                                "Parallel Aware": false,
                                                                                                                "Join Type": "Inner",
                                                                                                                "Startup Cost": 20000060699.14,
                                                                                                                "Total Cost": 20000062208.79,
                                                                                                                "Plan Rows": 78421,
                                                                                                                "Plan Width": 20,
                                                                                                                "Actual Startup Time": 597.106,
                                                                                                                "Actual Total Time": 609.554,
                                                                                                                "Actual Rows": 43026,
                                                                                                                "Actual Loops": 1,
                                                                                                                "Output": [
                                                                                                                    "mc.movie_id",
                                                                                                                    "mc.company_type_id",
                                                                                                                    "mc.company_id",
                                                                                                                    "ml.link_type_id",
                                                                                                                    "ml.movie_id"
                                                                                                                ],
                                                                                                                "Inner Unique": false,
                                                                                                                "Hash Cond": "(ml.movie_id = mc.movie_id)",
                                                                                                                "Plans": [
                                                                                                                    {
                                                                                                                        "Node Type": "Seq Scan",
                                                                                                                        "Parent Relationship": "Outer",
                                                                                                                        "Parallel Aware": false,
                                                                                                                        "Relation Name": "movie_link",
                                                                                                                        "Schema": "public",
                                                                                                                        "Alias": "ml",
                                                                                                                        "Startup Cost": 10000000000.0,
                                                                                                                        "Total Cost": 10000000462.97,
                                                                                                                        "Plan Rows": 29997,
                                                                                                                        "Plan Width": 8,
                                                                                                                        "Actual Startup Time": 0.018,
                                                                                                                        "Actual Total Time": 3.763,
                                                                                                                        "Actual Rows": 29997,
                                                                                                                        "Actual Loops": 1,
                                                                                                                        "Output": [
                                                                                                                            "ml.id",
                                                                                                                            "ml.movie_id",
                                                                                                                            "ml.linked_movie_id",
                                                                                                                            "ml.link_type_id"
                                                                                                                        ]
                                                                                                                    },
                                                                                                                    {
                                                                                                                        "Node Type": "Hash",
                                                                                                                        "Parent Relationship": "Inner",
                                                                                                                        "Parallel Aware": false,
                                                                                                                        "Startup Cost": 10000044881.29,
                                                                                                                        "Total Cost": 10000044881.29,
                                                                                                                        "Plan Rows": 1265428,
                                                                                                                        "Plan Width": 12,
                                                                                                                        "Actual Startup Time": 593.69,
                                                                                                                        "Actual Total Time": 593.691,
                                                                                                                        "Actual Rows": 1271989,
                                                                                                                        "Actual Loops": 1,
                                                                                                                        "Output": [
                                                                                                                            "mc.movie_id",
                                                                                                                            "mc.company_type_id",
                                                                                                                            "mc.company_id"
                                                                                                                        ],
                                                                                                                        "Hash Buckets": 2097152,
                                                                                                                        "Original Hash Buckets": 2097152,
                                                                                                                        "Hash Batches": 1,
                                                                                                                        "Original Hash Batches": 1,
                                                                                                                        "Peak Memory Usage": 71040,
                                                                                                                        "Plans": [
                                                                                                                            {
                                                                                                                                "Node Type": "Seq Scan",
                                                                                                                                "Parent Relationship": "Outer",
                                                                                                                                "Parallel Aware": false,
                                                                                                                                "Relation Name": "movie_companies",
                                                                                                                                "Schema": "public",
                                                                                                                                "Alias": "mc",
                                                                                                                                "Startup Cost": 10000000000.0,
                                                                                                                                "Total Cost": 10000044881.29,
                                                                                                                                "Plan Rows": 1265428,
                                                                                                                                "Plan Width": 12,
                                                                                                                                "Actual Startup Time": 0.036,
                                                                                                                                "Actual Total Time": 335.406,
                                                                                                                                "Actual Rows": 1271989,
                                                                                                                                "Actual Loops": 1,
                                                                                                                                "Output": [
                                                                                                                                    "mc.movie_id",
                                                                                                                                    "mc.company_type_id",
                                                                                                                                    "mc.company_id"
                                                                                                                                ],
                                                                                                                                "Filter": "(mc.note IS NULL)",
                                                                                                                                "Rows Removed by Filter": 1337140
                                                                                                                            }
                                                                                                                        ]
                                                                                                                    }
                                                                                                                ]
                                                                                                            }
                                                                                                        ]
                                                                                                    }
                                                                                                ]
                                                                                            }
                                                                                        ]
                                                                                    },
                                                                                    {
                                                                                        "Node Type": "Materialize",
                                                                                        "Parent Relationship": "Inner",
                                                                                        "Parallel Aware": false,
                                                                                        "Startup Cost": 10000000001.06,
                                                                                        "Total Cost": 10000000001.07,
                                                                                        "Plan Rows": 1,
                                                                                        "Plan Width": 4,
                                                                                        "Actual Startup Time": 0.034,
                                                                                        "Actual Total Time": 0.178,
                                                                                        "Actual Rows": 1,
                                                                                        "Actual Loops": 1,
                                                                                        "Output": [
                                                                                            "ct.id"
                                                                                        ],
                                                                                        "Plans": [
                                                                                            {
                                                                                                "Node Type": "Sort",
                                                                                                "Parent Relationship": "Outer",
                                                                                                "Parallel Aware": false,
                                                                                                "Startup Cost": 10000000001.06,
                                                                                                "Total Cost": 10000000001.06,
                                                                                                "Plan Rows": 1,
                                                                                                "Plan Width": 4,
                                                                                                "Actual Startup Time": 0.031,
                                                                                                "Actual Total Time": 0.032,
                                                                                                "Actual Rows": 1,
                                                                                                "Actual Loops": 1,
                                                                                                "Output": [
                                                                                                    "ct.id"
                                                                                                ],
                                                                                                "Sort Key": [
                                                                                                    "ct.id"
                                                                                                ],
                                                                                                "Sort Method": "quicksort",
                                                                                                "Sort Space Used": 25,
                                                                                                "Sort Space Type": "Memory",
                                                                                                "Plans": [
                                                                                                    {
                                                                                                        "Node Type": "Seq Scan",
                                                                                                        "Parent Relationship": "Outer",
                                                                                                        "Parallel Aware": false,
                                                                                                        "Relation Name": "company_type",
                                                                                                        "Schema": "public",
                                                                                                        "Alias": "ct",
                                                                                                        "Startup Cost": 10000000000.0,
                                                                                                        "Total Cost": 10000000001.05,
                                                                                                        "Plan Rows": 1,
                                                                                                        "Plan Width": 4,
                                                                                                        "Actual Startup Time": 0.021,
                                                                                                        "Actual Total Time": 0.022,
                                                                                                        "Actual Rows": 1,
                                                                                                        "Actual Loops": 1,
                                                                                                        "Output": [
                                                                                                            "ct.id"
                                                                                                        ],
                                                                                                        "Filter": "((ct.kind)::text = 'production companies'::text)",
                                                                                                        "Rows Removed by Filter": 3
                                                                                                    }
                                                                                                ]
                                                                                            }
                                                                                        ]
                                                                                    }
                                                                                ]
                                                                            }
                                                                        ]
                                                                    },
                                                                    {
                                                                        "Node Type": "Sort",
                                                                        "Parent Relationship": "Inner",
                                                                        "Parallel Aware": false,
                                                                        "Startup Cost": 11072.31,
                                                                        "Total Cost": 11199.14,
                                                                        "Plan Rows": 50732,
                                                                        "Plan Width": 23,
                                                                        "Actual Startup Time": 66.557,
                                                                        "Actual Total Time": 68.231,
                                                                        "Actual Rows": 15292,
                                                                        "Actual Loops": 1,
                                                                        "Output": [
                                                                            "cn.name",
                                                                            "cn.id"
                                                                        ],
                                                                        "Sort Key": [
                                                                            "cn.id"
                                                                        ],
                                                                        "Sort Method": "quicksort",
                                                                        "Sort Space Used": 5023,
                                                                        "Sort Space Type": "Memory",
                                                                        "Plans": [
                                                                            {
                                                                                "Node Type": "Seq Scan",
                                                                                "Parent Relationship": "Outer",
                                                                                "Parallel Aware": false,
                                                                                "Relation Name": "company_name",
                                                                                "Schema": "public",
                                                                                "Alias": "cn",
                                                                                "Startup Cost": 0.0,
                                                                                "Total Cost": 7107.45,
                                                                                "Plan Rows": 50732,
                                                                                "Plan Width": 23,
                                                                                "Actual Startup Time": 0.027,
                                                                                "Actual Total Time": 54.592,
                                                                                "Actual Rows": 48302,
                                                                                "Actual Loops": 1,
                                                                                "Output": [
                                                                                    "cn.name",
                                                                                    "cn.id"
                                                                                ],
                                                                                "Filter": "(((cn.country_code)::text <> '[pl]'::text) AND ((cn.name ~~ '%Film%'::text) OR (cn.name ~~ '%Warner%'::text)))",
                                                                                "Rows Removed by Filter": 186695
                                                                            }
                                                                        ]
                                                                    }
                                                                ]
                                                            }
                                                        ]
                                                    },
                                                    {
                                                        "Node Type": "Sort",
                                                        "Parent Relationship": "Inner",
                                                        "Parallel Aware": false,
                                                        "Startup Cost": 350280.73,
                                                        "Total Cost": 351866.7,
                                                        "Plan Rows": 634391,
                                                        "Plan Width": 4,
                                                        "Actual Startup Time": 1022.366,
                                                        "Actual Total Time": 1023.37,
                                                        "Actual Rows": 17416,
                                                        "Actual Loops": 1,
                                                        "Output": [
                                                            "mi.movie_id"
                                                        ],
                                                        "Sort Key": [
                                                            "mi.movie_id"
                                                        ],
                                                        "Sort Method": "quicksort",
                                                        "Sort Space Used": 54939,
                                                        "Sort Space Type": "Memory",
                                                        "Plans": [
                                                            {
                                                                "Node Type": "Gather",
                                                                "Parent Relationship": "Outer",
                                                                "Parallel Aware": false,
                                                                "Startup Cost": 1000.0,
                                                                "Total Cost": 289141.25,
                                                                "Plan Rows": 634391,
                                                                "Plan Width": 4,
                                                                "Actual Startup Time": 1.706,
                                                                "Actual Total Time": 920.542,
                                                                "Actual Rows": 647738,
                                                                "Actual Loops": 1,
                                                                "Output": [
                                                                    "mi.movie_id"
                                                                ],
                                                                "Workers Planned": 5,
                                                                "Workers Launched": 5,
                                                                "Single Copy": false,
                                                                "Plans": [
                                                                    {
                                                                        "Node Type": "Seq Scan",
                                                                        "Parent Relationship": "Outer",
                                                                        "Parallel Aware": true,
                                                                        "Relation Name": "movie_info",
                                                                        "Schema": "public",
                                                                        "Alias": "mi",
                                                                        "Startup Cost": 0.0,
                                                                        "Total Cost": 224702.15,
                                                                        "Plan Rows": 126878,
                                                                        "Plan Width": 4,
                                                                        "Actual Startup Time": 0.507,
                                                                        "Actual Total Time": 897.756,
                                                                        "Actual Rows": 107956,
                                                                        "Actual Loops": 6,
                                                                        "Output": [
                                                                            "mi.movie_id"
                                                                        ],
                                                                        "Filter": "(mi.info = ANY ('{Denmark,USA,Norwegian,German,America,Norway,American,Danish,Denish}'::text[]))",
                                                                        "Rows Removed by Filter": 2364664,
                                                                        "Workers": [
                                                                            {
                                                                                "Worker Number": 0,
                                                                                "Actual Startup Time": 0.177,
                                                                                "Actual Total Time": 904.647,
                                                                                "Actual Rows": 119150,
                                                                                "Actual Loops": 1
                                                                            },
                                                                            {
                                                                                "Worker Number": 1,
                                                                                "Actual Startup Time": 0.162,
                                                                                "Actual Total Time": 906.972,
                                                                                "Actual Rows": 118440,
                                                                                "Actual Loops": 1
                                                                            },
                                                                            {
                                                                                "Worker Number": 2,
                                                                                "Actual Startup Time": 0.242,
                                                                                "Actual Total Time": 916.618,
                                                                                "Actual Rows": 128765,
                                                                                "Actual Loops": 1
                                                                            },
                                                                            {
                                                                                "Worker Number": 3,
                                                                                "Actual Startup Time": 0.533,
                                                                                "Actual Total Time": 906.931,
                                                                                "Actual Rows": 119728,
                                                                                "Actual Loops": 1
                                                                            },
                                                                            {
                                                                                "Worker Number": 4,
                                                                                "Actual Startup Time": 0.695,
                                                                                "Actual Total Time": 916.752,
                                                                                "Actual Rows": 131047,
                                                                                "Actual Loops": 1
                                                                            }
                                                                        ]
                                                                    }
                                                                ]
                                                            }
                                                        ]
                                                    }
                                                ]
                                            }
                                        ]
                                    }
                                ]
                            },
                            {
                                "Node Type": "Bitmap Heap Scan",
                                "Parent Relationship": "Inner",
                                "Parallel Aware": false,
                                "Relation Name": "movie_keyword",
                                "Schema": "public",
                                "Alias": "mk",
                                "Startup Cost": 0.86,
                                "Total Cost": 5.43,
                                "Plan Rows": 46,
                                "Plan Width": 8,
                                "Actual Startup Time": 0.003,
                                "Actual Total Time": 0.004,
                                "Actual Rows": 8,
                                "Actual Loops": 1492,
                                "Output": [
                                    "mk.id",
                                    "mk.movie_id",
                                    "mk.keyword_id"
                                ],
                                "Recheck Cond": "(mk.movie_id = mc.movie_id)",
                                "Rows Removed by Index Recheck": 0,
                                "Exact Heap Blocks": 1494,
                                "Lossy Heap Blocks": 0,
                                "Plans": [
                                    {
                                        "Node Type": "Bitmap Index Scan",
                                        "Parent Relationship": "Outer",
                                        "Parallel Aware": false,
                                        "Index Name": "movie_id_movie_keyword",
                                        "Startup Cost": 0.0,
                                        "Total Cost": 0.84,
                                        "Plan Rows": 46,
                                        "Plan Width": 0,
                                        "Actual Startup Time": 0.002,
                                        "Actual Total Time": 0.002,
                                        "Actual Rows": 8,
                                        "Actual Loops": 1492,
                                        "Index Cond": "(mk.movie_id = mc.movie_id)"
                                    }
                                ]
                            }
                        ]
                    },
                    {
                        "Node Type": "Hash",
                        "Parent Relationship": "Inner",
                        "Parallel Aware": false,
                        "Startup Cost": 10000005342.92,
                        "Total Cost": 10000005342.92,
                        "Plan Rows": 1,
                        "Plan Width": 4,
                        "Actual Startup Time": 50.803,
                        "Actual Total Time": 50.804,
                        "Actual Rows": 1,
                        "Actual Loops": 1,
                        "Output": [
                            "k.id"
                        ],
                        "Hash Buckets": 1024,
                        "Original Hash Buckets": 1024,
                        "Hash Batches": 1,
                        "Original Hash Batches": 1,
                        "Peak Memory Usage": 9,
                        "Plans": [
                            {
                                "Node Type": "Index Scan",
                                "Parent Relationship": "Outer",
                                "Parallel Aware": false,
                                "Scan Direction": "Forward",
                                "Index Name": "keyword_pkey",
                                "Relation Name": "keyword",
                                "Schema": "public",
                                "Alias": "k",
                                "Startup Cost": 10000000000.42,
                                "Total Cost": 10000005342.92,
                                "Plan Rows": 1,
                                "Plan Width": 4,
                                "Actual Startup Time": 0.537,
                                "Actual Total Time": 50.799,
                                "Actual Rows": 1,
                                "Actual Loops": 1,
                                "Output": [
                                    "k.id"
                                ],
                                "Filter": "(k.keyword = 'sequel'::text)",
                                "Rows Removed by Filter": 134169
                            }
                        ]
                    }
                ]
            }
        ]
    },
    "Planning Time": 12.719,
    "Triggers": [],
    "Execution Time": 2486.718
}