{
  "Plan": {
    "Node Type": "Aggregate",
    "Strategy": "Plain",
    "Partial Mode": "Finalize",
    "Parallel Aware": false,
    "Startup Cost": 634861.46,
    "Total Cost": 634861.47,
    "Plan Rows": 1,
    "Plan Width": 8,
    "Actual Startup Time": 4061.673,
    "Actual Total Time": 4094.758,
    "Actual Rows": 1,
    "Actual Loops": 1,
    "Plans": [
      {
        "Node Type": "Gather",
        "Parent Relationship": "Outer",
        "Parallel Aware": false,
        "Startup Cost": 634861.34,
        "Total Cost": 634861.45,
        "Plan Rows": 1,
        "Plan Width": 8,
        "Actual Startup Time": 4054.918,
        "Actual Total Time": 4094.749,
        "Actual Rows": 2,
        "Actual Loops": 1,
        "Workers Planned": 1,
        "Workers Launched": 1,
        "Single Copy": false,
        "Plans": [
          {
            "Node Type": "Aggregate",
            "Strategy": "Plain",
            "Partial Mode": "Partial",
            "Parent Relationship": "Outer",
            "Parallel Aware": false,
            "Startup Cost": 633861.34,
            "Total Cost": 633861.35,
            "Plan Rows": 1,
            "Plan Width": 8,
            "Actual Startup Time": 4040.952,
            "Actual Total Time": 4040.956,
            "Actual Rows": 1,
            "Actual Loops": 2,
            "Plans": [
              {
                "Node Type": "Hash Join",
                "Parent Relationship": "Outer",
                "Parallel Aware": true,
                "Join Type": "Inner",
                "Startup Cost": 278537.82,
                "Total Cost": 624698.56,
                "Plan Rows": 3665113,
                "Plan Width": 0,
                "Actual Startup Time": 1114.319,
                "Actual Total Time": 3845.067,
                "Actual Rows": 4710794,
                "Actual Loops": 2,
                "Inner Unique": true,
                "Hash Cond": "(ci.movie_id = t.id)",
                "Plans": [
                  {
                    "Node Type": "Bitmap Heap Scan",
                    "Parent Relationship": "Outer",
                    "Parallel Aware": true,
                    "Relation Name": "cast_info",
                    "Alias": "ci",
                    "Startup Cost": 209077.12,
                    "Total Cost": 545616.93,
                    "Plan Rows": 3665113,
                    "Plan Width": 4,
                    "Actual Startup Time": 524.393,
                    "Actual Total Time": 1228.434,
                    "Actual Rows": 4710794,
                    "Actual Loops": 2,
                    "Recheck Cond": "(person_id > 2762561)",
                    "Rows Removed by Index Recheck": 0,
                    "Filter": "(role_id > 1)",
                    "Rows Removed by Filter": 0,
                    "Exact Heap Blocks": 56429,
                    "Lossy Heap Blocks": 0,
                    "Plans": [
                      {
                        "Node Type": "Bitmap Index Scan",
                        "Parent Relationship": "Outer",
                        "Parallel Aware": false,
                        "Index Name": "person_id_cast_info",
                        "Startup Cost": 0.0,
                        "Total Cost": 207519.45,
                        "Plan Rows": 9503318,
                        "Plan Width": 0,
                        "Actual Startup Time": 504.511,
                        "Actual Total Time": 504.512,
                        "Actual Rows": 9421589,
                        "Actual Loops": 1,
                        "Index Cond": "(person_id > 2762561)"
                      }
                    ]
                  },
                  {
                    "Node Type": "Hash",
                    "Parent Relationship": "Inner",
                    "Parallel Aware": true,
                    "Startup Cost": 50870.31,
                    "Total Cost": 50870.31,
                    "Plan Rows": 1487231,
                    "Plan Width": 4,
                    "Actual Startup Time": 564.188,
                    "Actual Total Time": 564.189,
                    "Actual Rows": 1264156,
                    "Actual Loops": 2,
                    "Hash Buckets": 4194304,
                    "Original Hash Buckets": 4194304,
                    "Hash Batches": 1,
                    "Original Hash Batches": 1,
                    "Peak Memory Usage": 131712,
                    "Plans": [
                      {
                        "Node Type": "Seq Scan",
                        "Parent Relationship": "Outer",
                        "Parallel Aware": true,
                        "Relation Name": "title",
                        "Alias": "t",
                        "Startup Cost": 0.0,
                        "Total Cost": 50870.31,
                        "Plan Rows": 1487231,
                        "Plan Width": 4,
                        "Actual Startup Time": 0.033,
                        "Actual Total Time": 157.996,
                        "Actual Rows": 1264156,
                        "Actual Loops": 2
                      }
                    ]
                  }
                ]
              }
            ]
          }
        ]
      }
    ]
  },
  "Planning Time": 0.472,
  "Triggers": [],
  "Execution Time": 4094.856
}