{
    "Plan": {
        "Node Type": "Aggregate",
        "Strategy": "Plain",
        "Partial Mode": "Finalize",
        "Parallel Aware": false,
        "Startup Cost": 469865.54,
        "Total Cost": 469865.55,
        "Plan Rows": 1,
        "Plan Width": 8,
        "Actual Startup Time": 3775.479,
        "Actual Total Time": 3887.066,
        "Actual Rows": 1,
        "Actual Loops": 1,
        "Output": [
            "count(*)"
        ],
        "Plans": [
            {
                "Node Type": "Gather",
                "Parent Relationship": "Outer",
                "Parallel Aware": false,
                "Startup Cost": 469865.02,
                "Total Cost": 469865.53,
                "Plan Rows": 5,
                "Plan Width": 8,
                "Actual Startup Time": 3771.912,
                "Actual Total Time": 3887.055,
                "Actual Rows": 6,
                "Actual Loops": 1,
                "Output": [
                    "(PARTIAL count(*))"
                ],
                "Workers Planned": 5,
                "Workers Launched": 5,
                "Single Copy": false,
                "Plans": [
                    {
                        "Node Type": "Aggregate",
                        "Strategy": "Plain",
                        "Partial Mode": "Partial",
                        "Parent Relationship": "Outer",
                        "Parallel Aware": false,
                        "Startup Cost": 468865.02,
                        "Total Cost": 468865.03,
                        "Plan Rows": 1,
                        "Plan Width": 8,
                        "Actual Startup Time": 3761.013,
                        "Actual Total Time": 3761.016,
                        "Actual Rows": 1,
                        "Actual Loops": 6,
                        "Output": [
                            "PARTIAL count(*)"
                        ],
                        "Workers": [
                            {
                                "Worker Number": 0,
                                "Actual Startup Time": 3758.266,
                                "Actual Total Time": 3758.27,
                                "Actual Rows": 1,
                                "Actual Loops": 1
                            },
                            {
                                "Worker Number": 1,
                                "Actual Startup Time": 3758.978,
                                "Actual Total Time": 3758.981,
                                "Actual Rows": 1,
                                "Actual Loops": 1
                            },
                            {
                                "Worker Number": 2,
                                "Actual Startup Time": 3758.719,
                                "Actual Total Time": 3758.723,
                                "Actual Rows": 1,
                                "Actual Loops": 1
                            },
                            {
                                "Worker Number": 3,
                                "Actual Startup Time": 3759.302,
                                "Actual Total Time": 3759.306,
                                "Actual Rows": 1,
                                "Actual Loops": 1
                            },
                            {
                                "Worker Number": 4,
                                "Actual Startup Time": 3759.753,
                                "Actual Total Time": 3759.756,
                                "Actual Rows": 1,
                                "Actual Loops": 1
                            }
                        ],
                        "Plans": [
                            {
                                "Node Type": "Nested Loop",
                                "Parent Relationship": "Outer",
                                "Parallel Aware": false,
                                "Join Type": "Inner",
                                "Startup Cost": 45997.55,
                                "Total Cost": 465943.74,
                                "Plan Rows": 1168513,
                                "Plan Width": 0,
                                "Actual Startup Time": 375.795,
                                "Actual Total Time": 3629.442,
                                "Actual Rows": 3214822,
                                "Actual Loops": 6,
                                "Inner Unique": false,
                                "Join Filter": "(t.id = ci.movie_id)",
                                "Rows Removed by Join Filter": 0,
                                "Workers": [
                                    {
                                        "Worker Number": 0,
                                        "Actual Startup Time": 374.235,
                                        "Actual Total Time": 3643.608,
                                        "Actual Rows": 2728013,
                                        "Actual Loops": 1
                                    },
                                    {
                                        "Worker Number": 1,
                                        "Actual Startup Time": 374.913,
                                        "Actual Total Time": 3621.714,
                                        "Actual Rows": 3391745,
                                        "Actual Loops": 1
                                    },
                                    {
                                        "Worker Number": 2,
                                        "Actual Startup Time": 374.687,
                                        "Actual Total Time": 3642.314,
                                        "Actual Rows": 2760822,
                                        "Actual Loops": 1
                                    },
                                    {
                                        "Worker Number": 3,
                                        "Actual Startup Time": 375.224,
                                        "Actual Total Time": 3621.769,
                                        "Actual Rows": 3397123,
                                        "Actual Loops": 1
                                    },
                                    {
                                        "Worker Number": 4,
                                        "Actual Startup Time": 375.246,
                                        "Actual Total Time": 3624.322,
                                        "Actual Rows": 3315924,
                                        "Actual Loops": 1
                                    }
                                ],
                                "Plans": [
                                    {
                                        "Node Type": "Hash Join",
                                        "Parent Relationship": "Outer",
                                        "Parallel Aware": true,
                                        "Join Type": "Inner",
                                        "Startup Cost": 45996.98,
                                        "Total Cost": 245683.35,
                                        "Plan Rows": 81494,
                                        "Plan Width": 8,
                                        "Actual Startup Time": 375.705,
                                        "Actual Total Time": 508.762,
                                        "Actual Rows": 184976,
                                        "Actual Loops": 6,
                                        "Output": [
                                            "t.id",
                                            "mi.movie_id"
                                        ],
                                        "Inner Unique": true,
                                        "Hash Cond": "(mi.movie_id = t.id)",
                                        "Workers": [
                                            {
                                                "Worker Number": 0,
                                                "Actual Startup Time": 374.126,
                                                "Actual Total Time": 500.475,
                                                "Actual Rows": 155156,
                                                "Actual Loops": 1
                                            },
                                            {
                                                "Worker Number": 1,
                                                "Actual Startup Time": 374.816,
                                                "Actual Total Time": 509.977,
                                                "Actual Rows": 198806,
                                                "Actual Loops": 1
                                            },
                                            {
                                                "Worker Number": 2,
                                                "Actual Startup Time": 374.567,
                                                "Actual Total Time": 501.368,
                                                "Actual Rows": 159340,
                                                "Actual Loops": 1
                                            },
                                            {
                                                "Worker Number": 3,
                                                "Actual Startup Time": 375.125,
                                                "Actual Total Time": 508.314,
                                                "Actual Rows": 193971,
                                                "Actual Loops": 1
                                            },
                                            {
                                                "Worker Number": 4,
                                                "Actual Startup Time": 375.167,
                                                "Actual Total Time": 508.737,
                                                "Actual Rows": 189573,
                                                "Actual Loops": 1
                                            }
                                        ],
                                        "Plans": [
                                            {
                                                "Node Type": "Seq Scan",
                                                "Parent Relationship": "Outer",
                                                "Parallel Aware": true,
                                                "Relation Name": "movie_info",
                                                "Schema": "public",
                                                "Alias": "mi",
                                                "Startup Cost": 0.0,
                                                "Total Cost": 198880.74,
                                                "Plan Rows": 306906,
                                                "Plan Width": 4,
                                                "Actual Startup Time": 245.347,
                                                "Actual Total Time": 283.401,
                                                "Actual Rows": 255652,
                                                "Actual Loops": 6,
                                                "Output": [
                                                    "mi.id",
                                                    "mi.movie_id",
                                                    "mi.info_type_id",
                                                    "mi.info",
                                                    "mi.note"
                                                ],
                                                "Filter": "(mi.info_type_id = 3)",
                                                "Rows Removed by Filter": 2216968,
                                                "Workers": [
                                                    {
                                                        "Worker Number": 0,
                                                        "Actual Startup Time": 245.351,
                                                        "Actual Total Time": 280.389,
                                                        "Actual Rows": 214340,
                                                        "Actual Loops": 1
                                                    },
                                                    {
                                                        "Worker Number": 1,
                                                        "Actual Startup Time": 245.36,
                                                        "Actual Total Time": 286.372,
                                                        "Actual Rows": 273695,
                                                        "Actual Loops": 1
                                                    },
                                                    {
                                                        "Worker Number": 2,
                                                        "Actual Startup Time": 245.35,
                                                        "Actual Total Time": 281.161,
                                                        "Actual Rows": 219511,
                                                        "Actual Loops": 1
                                                    },
                                                    {
                                                        "Worker Number": 3,
                                                        "Actual Startup Time": 245.351,
                                                        "Actual Total Time": 285.578,
                                                        "Actual Rows": 268038,
                                                        "Actual Loops": 1
                                                    },
                                                    {
                                                        "Worker Number": 4,
                                                        "Actual Startup Time": 245.333,
                                                        "Actual Total Time": 285.025,
                                                        "Actual Rows": 261399,
                                                        "Actual Loops": 1
                                                    }
                                                ]
                                            },
                                            {
                                                "Node Type": "Hash",
                                                "Parent Relationship": "Inner",
                                                "Parallel Aware": true,
                                                "Startup Cost": 43899.01,
                                                "Total Cost": 43899.01,
                                                "Plan Rows": 167838,
                                                "Plan Width": 4,
                                                "Actual Startup Time": 119.258,
                                                "Actual Total Time": 119.26,
                                                "Actual Rows": 110471,
                                                "Actual Loops": 6,
                                                "Output": [
                                                    "t.id"
                                                ],
                                                "Hash Buckets": 1048576,
                                                "Original Hash Buckets": 1048576,
                                                "Hash Batches": 1,
                                                "Original Hash Batches": 1,
                                                "Peak Memory Usage": 34240,
                                                "Workers": [
                                                    {
                                                        "Worker Number": 0,
                                                        "Actual Startup Time": 119.667,
                                                        "Actual Total Time": 119.668,
                                                        "Actual Rows": 98226,
                                                        "Actual Loops": 1
                                                    },
                                                    {
                                                        "Worker Number": 1,
                                                        "Actual Startup Time": 120.356,
                                                        "Actual Total Time": 120.358,
                                                        "Actual Rows": 112422,
                                                        "Actual Loops": 1
                                                    },
                                                    {
                                                        "Worker Number": 2,
                                                        "Actual Startup Time": 120.049,
                                                        "Actual Total Time": 120.05,
                                                        "Actual Rows": 98287,
                                                        "Actual Loops": 1
                                                    },
                                                    {
                                                        "Worker Number": 3,
                                                        "Actual Startup Time": 120.651,
                                                        "Actual Total Time": 120.652,
                                                        "Actual Rows": 112344,
                                                        "Actual Loops": 1
                                                    },
                                                    {
                                                        "Worker Number": 4,
                                                        "Actual Startup Time": 120.65,
                                                        "Actual Total Time": 120.651,
                                                        "Actual Rows": 110865,
                                                        "Actual Loops": 1
                                                    }
                                                ],
                                                "Plans": [
                                                    {
                                                        "Node Type": "Seq Scan",
                                                        "Parent Relationship": "Outer",
                                                        "Parallel Aware": true,
                                                        "Relation Name": "title",
                                                        "Schema": "public",
                                                        "Alias": "t",
                                                        "Startup Cost": 0.0,
                                                        "Total Cost": 43899.01,
                                                        "Plan Rows": 167838,
                                                        "Plan Width": 4,
                                                        "Actual Startup Time": 41.362,
                                                        "Actual Total Time": 77.413,
                                                        "Actual Rows": 110471,
                                                        "Actual Loops": 6,
                                                        "Output": [
                                                            "t.id"
                                                        ],
                                                        "Filter": "(t.kind_id = 1)",
                                                        "Rows Removed by Filter": 310914,
                                                        "Workers": [
                                                            {
                                                                "Worker Number": 0,
                                                                "Actual Startup Time": 48.533,
                                                                "Actual Total Time": 77.362,
                                                                "Actual Rows": 98226,
                                                                "Actual Loops": 1
                                                            },
                                                            {
                                                                "Worker Number": 1,
                                                                "Actual Startup Time": 48.283,
                                                                "Actual Total Time": 78.34,
                                                                "Actual Rows": 112422,
                                                                "Actual Loops": 1
                                                            },
                                                            {
                                                                "Worker Number": 2,
                                                                "Actual Startup Time": 48.289,
                                                                "Actual Total Time": 77.456,
                                                                "Actual Rows": 98287,
                                                                "Actual Loops": 1
                                                            },
                                                            {
                                                                "Worker Number": 3,
                                                                "Actual Startup Time": 48.343,
                                                                "Actual Total Time": 78.194,
                                                                "Actual Rows": 112344,
                                                                "Actual Loops": 1
                                                            },
                                                            {
                                                                "Worker Number": 4,
                                                                "Actual Startup Time": 48.369,
                                                                "Actual Total Time": 78.314,
                                                                "Actual Rows": 110865,
                                                                "Actual Loops": 1
                                                            }
                                                        ]
                                                    }
                                                ]
                                            }
                                        ]
                                    },
                                    {
                                        "Node Type": "Index Only Scan",
                                        "Parent Relationship": "Inner",
                                        "Parallel Aware": false,
                                        "Scan Direction": "Forward",
                                        "Index Name": "movie_id_cast_info",
                                        "Relation Name": "cast_info",
                                        "Schema": "public",
                                        "Alias": "ci",
                                        "Startup Cost": 0.56,
                                        "Total Cost": 2.23,
                                        "Plan Rows": 38,
                                        "Plan Width": 4,
                                        "Actual Startup Time": 0.003,
                                        "Actual Total Time": 0.015,
                                        "Actual Rows": 17,
                                        "Actual Loops": 1109857,
                                        "Output": [
                                            "ci.movie_id"
                                        ],
                                        "Index Cond": "(ci.movie_id = mi.movie_id)",
                                        "Rows Removed by Index Recheck": 0,
                                        "Heap Fetches": 19288935,
                                        "Workers": [
                                            {
                                                "Worker Number": 0,
                                                "Actual Startup Time": 0.003,
                                                "Actual Total Time": 0.019,
                                                "Actual Rows": 18,
                                                "Actual Loops": 155156
                                            },
                                            {
                                                "Worker Number": 1,
                                                "Actual Startup Time": 0.003,
                                                "Actual Total Time": 0.014,
                                                "Actual Rows": 17,
                                                "Actual Loops": 198806
                                            },
                                            {
                                                "Worker Number": 2,
                                                "Actual Startup Time": 0.003,
                                                "Actual Total Time": 0.018,
                                                "Actual Rows": 17,
                                                "Actual Loops": 159340
                                            },
                                            {
                                                "Worker Number": 3,
                                                "Actual Startup Time": 0.003,
                                                "Actual Total Time": 0.014,
                                                "Actual Rows": 18,
                                                "Actual Loops": 193971
                                            },
                                            {
                                                "Worker Number": 4,
                                                "Actual Startup Time": 0.003,
                                                "Actual Total Time": 0.015,
                                                "Actual Rows": 17,
                                                "Actual Loops": 189573
                                            }
                                        ]
                                    }
                                ]
                            }
                        ]
                    }
                ]
            }
        ]
    },
    "Planning Time": 1.482,
    "Triggers": [],
    "Execution Time": 3887.172
}