[
  {
    "Plan": {
      "Node Type": "Aggregate",
      "Strategy": "Plain",
      "Partial Mode": "Finalize",
      "Parallel Aware": false,
      "Startup Cost": 33094.22,
      "Total Cost": 33094.23,
      "Plan Rows": 1,
      "Plan Width": 8,
      "Actual Startup Time": 93.536,
      "Actual Total Time": 100.851,
      "Actual Rows": 1,
      "Actual Loops": 1,
      "Plans": [
        {
          "Node Type": "Gather",
          "Parent Relationship": "Outer",
          "Parallel Aware": false,
          "Startup Cost": 33093.9,
          "Total Cost": 33094.21,
          "Plan Rows": 3,
          "Plan Width": 8,
          "Actual Startup Time": 93.34,
          "Actual Total Time": 100.843,
          "Actual Rows": 4,
          "Actual Loops": 1,
          "Workers Planned": 3,
          "Workers Launched": 3,
          "Single Copy": false,
          "Plans": [
            {
              "Node Type": "Aggregate",
              "Strategy": "Plain",
              "Partial Mode": "Partial",
              "Parent Relationship": "Outer",
              "Parallel Aware": false,
              "Startup Cost": 32093.9,
              "Total Cost": 32093.91,
              "Plan Rows": 1,
              "Plan Width": 8,
              "Actual Startup Time": 85.693,
              "Actual Total Time": 85.694,
              "Actual Rows": 1,
              "Actual Loops": 4,
              "Plans": [
                {
                  "Node Type": "Seq Scan",
                  "Parent Relationship": "Outer",
                  "Parallel Aware": true,
                  "Relation Name": "movie_companies",
                  "Alias": "mc",
                  "Startup Cost": 0.0,
                  "Total Cost": 31414.82,
                  "Plan Rows": 271632,
                  "Plan Width": 0,
                  "Actual Startup Time": 2.249,
                  "Actual Total Time": 78.006,
                  "Actual Rows": 160100,
                  "Actual Loops": 4,
                  "Filter": "((company_id > 2805) AND (company_type_id < 2))",
                  "Rows Removed by Filter": 492183
                }
              ]
            }
          ]
        }
      ]
    },
    "Planning Time": 0.217,
    "Triggers": [],
    "Execution Time": 100.909
  }
]