{
  "Plan": {
    "Node Type": "Aggregate",
    "Strategy": "Plain",
    "Partial Mode": "Finalize",
    "Parallel Aware": false,
    "Startup Cost": 93197.68,
    "Total Cost": 93197.69,
    "Plan Rows": 1,
    "Plan Width": 8,
    "Actual Startup Time": 287.54,
    "Actual Total Time": 304.387,
    "Actual Rows": 1,
    "Actual Loops": 1,
    "Plans": [
      {
        "Node Type": "Gather",
        "Parent Relationship": "Outer",
        "Parallel Aware": false,
        "Startup Cost": 93197.57,
        "Total Cost": 93197.68,
        "Plan Rows": 1,
        "Plan Width": 8,
        "Actual Startup Time": 286.744,
        "Actual Total Time": 304.378,
        "Actual Rows": 2,
        "Actual Loops": 1,
        "Workers Planned": 1,
        "Workers Launched": 1,
        "Single Copy": false,
        "Plans": [
          {
            "Node Type": "Aggregate",
            "Strategy": "Plain",
            "Partial Mode": "Partial",
            "Parent Relationship": "Outer",
            "Parallel Aware": false,
            "Startup Cost": 92197.57,
            "Total Cost": 92197.58,
            "Plan Rows": 1,
            "Plan Width": 8,
            "Actual Startup Time": 280.906,
            "Actual Total Time": 280.91,
            "Actual Rows": 1,
            "Actual Loops": 2,
            "Plans": [
              {
                "Node Type": "Hash Join",
                "Parent Relationship": "Outer",
                "Parallel Aware": true,
                "Join Type": "Inner",
                "Startup Cost": 64320.49,
                "Total Cost": 92146.89,
                "Plan Rows": 20270,
                "Plan Width": 0,
                "Actual Startup Time": 197.706,
                "Actual Total Time": 280.415,
                "Actual Rows": 7785,
                "Actual Loops": 2,
                "Inner Unique": true,
                "Hash Cond": "(mk.movie_id = t.id)",
                "Plans": [
                  {
                    "Node Type": "Bitmap Heap Scan",
                    "Parent Relationship": "Outer",
                    "Parallel Aware": true,
                    "Relation Name": "movie_keyword",
                    "Alias": "mk",
                    "Startup Cost": 8042.05,
                    "Total Cost": 35283.16,
                    "Plan Rows": 222969,
                    "Plan Width": 4,
                    "Actual Startup Time": 25.54,
                    "Actual Total Time": 82.055,
                    "Actual Rows": 182290,
                    "Actual Loops": 2,
                    "Recheck Cond": "(keyword_id > 46014)",
                    "Rows Removed by Index Recheck": 0,
                    "Exact Heap Blocks": 13734,
                    "Lossy Heap Blocks": 0,
                    "Plans": [
                      {
                        "Node Type": "Bitmap Index Scan",
                        "Parent Relationship": "Outer",
                        "Parallel Aware": false,
                        "Index Name": "keyword_id_movie_keyword",
                        "Startup Cost": 0.0,
                        "Total Cost": 7947.28,
                        "Plan Rows": 379047,
                        "Plan Width": 0,
                        "Actual Startup Time": 22.257,
                        "Actual Total Time": 22.258,
                        "Actual Rows": 364579,
                        "Actual Loops": 1,
                        "Index Cond": "(keyword_id > 46014)"
                      }
                    ]
                  },
                  {
                    "Node Type": "Hash",
                    "Parent Relationship": "Inner",
                    "Parallel Aware": true,
                    "Startup Cost": 54588.39,
                    "Total Cost": 54588.39,
                    "Plan Rows": 135204,
                    "Plan Width": 4,
                    "Actual Startup Time": 168.58,
                    "Actual Total Time": 168.581,
                    "Actual Rows": 115824,
                    "Actual Loops": 2,
                    "Hash Buckets": 262144,
                    "Original Hash Buckets": 262144,
                    "Hash Batches": 1,
                    "Original Hash Batches": 1,
                    "Peak Memory Usage": 11136,
                    "Plans": [
                      {
                        "Node Type": "Seq Scan",
                        "Parent Relationship": "Outer",
                        "Parallel Aware": true,
                        "Relation Name": "title",
                        "Alias": "t",
                        "Startup Cost": 0.0,
                        "Total Cost": 54588.39,
                        "Plan Rows": 135204,
                        "Plan Width": 4,
                        "Actual Startup Time": 0.034,
                        "Actual Total Time": 140.745,
                        "Actual Rows": 115824,
                        "Actual Loops": 2,
                        "Filter": "(production_year > 2011)",
                        "Rows Removed by Filter": 1148332
                      }
                    ]
                  }
                ]
              }
            ]
          }
        ]
      }
    ]
  },
  "Planning Time": 0.441,
  "Triggers": [],
  "Execution Time": 304.479
}