{
    "Plan": {
        "Node Type": "Aggregate",
        "Strategy": "Plain",
        "Partial Mode": "Finalize",
        "Parallel Aware": false,
        "Startup Cost": 75977.26,
        "Total Cost": 75977.27,
        "Plan Rows": 1,
        "Plan Width": 8,
        "Actual Startup Time": 143.327,
        "Actual Total Time": 166.571,
        "Actual Rows": 1,
        "Actual Loops": 1,
        "Output": [
            "count(*)"
        ],
        "Plans": [
            {
                "Node Type": "Gather",
                "Parent Relationship": "Outer",
                "Parallel Aware": false,
                "Startup Cost": 75976.84,
                "Total Cost": 75977.25,
                "Plan Rows": 4,
                "Plan Width": 8,
                "Actual Startup Time": 143.161,
                "Actual Total Time": 166.562,
                "Actual Rows": 5,
                "Actual Loops": 1,
                "Output": [
                    "(PARTIAL count(*))"
                ],
                "Workers Planned": 4,
                "Workers Launched": 4,
                "Single Copy": false,
                "Plans": [
                    {
                        "Node Type": "Aggregate",
                        "Strategy": "Plain",
                        "Partial Mode": "Partial",
                        "Parent Relationship": "Outer",
                        "Parallel Aware": false,
                        "Startup Cost": 74976.84,
                        "Total Cost": 74976.85,
                        "Plan Rows": 1,
                        "Plan Width": 8,
                        "Actual Startup Time": 134.318,
                        "Actual Total Time": 134.32,
                        "Actual Rows": 1,
                        "Actual Loops": 5,
                        "Output": [
                            "PARTIAL count(*)"
                        ],
                        "Workers": [
                            {
                                "Worker Number": 0,
                                "Actual Startup Time": 130.79,
                                "Actual Total Time": 130.792,
                                "Actual Rows": 1,
                                "Actual Loops": 1
                            },
                            {
                                "Worker Number": 1,
                                "Actual Startup Time": 131.937,
                                "Actual Total Time": 131.939,
                                "Actual Rows": 1,
                                "Actual Loops": 1
                            },
                            {
                                "Worker Number": 2,
                                "Actual Startup Time": 133.121,
                                "Actual Total Time": 133.122,
                                "Actual Rows": 1,
                                "Actual Loops": 1
                            },
                            {
                                "Worker Number": 3,
                                "Actual Startup Time": 133.302,
                                "Actual Total Time": 133.303,
                                "Actual Rows": 1,
                                "Actual Loops": 1
                            }
                        ],
                        "Plans": [
                            {
                                "Node Type": "Nested Loop",
                                "Parent Relationship": "Outer",
                                "Parallel Aware": false,
                                "Join Type": "Inner",
                                "Startup Cost": 0.56,
                                "Total Cost": 74974.93,
                                "Plan Rows": 762,
                                "Plan Width": 0,
                                "Actual Startup Time": 49.247,
                                "Actual Total Time": 134.05,
                                "Actual Rows": 2406,
                                "Actual Loops": 5,
                                "Inner Unique": false,
                                "Workers": [
                                    {
                                        "Worker Number": 0,
                                        "Actual Startup Time": 56.551,
                                        "Actual Total Time": 130.536,
                                        "Actual Rows": 1963,
                                        "Actual Loops": 1
                                    },
                                    {
                                        "Worker Number": 1,
                                        "Actual Startup Time": 57.457,
                                        "Actual Total Time": 131.687,
                                        "Actual Rows": 1913,
                                        "Actual Loops": 1
                                    },
                                    {
                                        "Worker Number": 2,
                                        "Actual Startup Time": 58.807,
                                        "Actual Total Time": 132.857,
                                        "Actual Rows": 1825,
                                        "Actual Loops": 1
                                    },
                                    {
                                        "Worker Number": 3,
                                        "Actual Startup Time": 5.608,
                                        "Actual Total Time": 133.022,
                                        "Actual Rows": 1330,
                                        "Actual Loops": 1
                                    }
                                ],
                                "Plans": [
                                    {
                                        "Node Type": "Seq Scan",
                                        "Parent Relationship": "Outer",
                                        "Parallel Aware": true,
                                        "Relation Name": "title",
                                        "Schema": "public",
                                        "Alias": "t",
                                        "Startup Cost": 0.0,
                                        "Total Cost": 45479.21,
                                        "Plan Rows": 198,
                                        "Plan Width": 4,
                                        "Actual Startup Time": 29.269,
                                        "Actual Total Time": 83.883,
                                        "Actual Rows": 545,
                                        "Actual Loops": 5,
                                        "Output": [
                                            "t.id",
                                            "t.title",
                                            "t.imdb_index",
                                            "t.kind_id",
                                            "t.production_year",
                                            "t.imdb_id",
                                            "t.phonetic_code",
                                            "t.episode_of_id",
                                            "t.season_nr",
                                            "t.episode_nr",
                                            "t.series_years",
                                            "t.md5sum"
                                        ],
                                        "Filter": "((t.kind_id < 7) AND (t.production_year = 1938))",
                                        "Rows Removed by Filter": 505118,
                                        "Workers": [
                                            {
                                                "Worker Number": 0,
                                                "Actual Startup Time": 56.239,
                                                "Actual Total Time": 77.442,
                                                "Actual Rows": 433,
                                                "Actual Loops": 1
                                            },
                                            {
                                                "Worker Number": 1,
                                                "Actual Startup Time": 14.322,
                                                "Actual Total Time": 77.83,
                                                "Actual Rows": 453,
                                                "Actual Loops": 1
                                            },
                                            {
                                                "Worker Number": 2,
                                                "Actual Startup Time": 58.402,
                                                "Actual Total Time": 77.022,
                                                "Actual Rows": 389,
                                                "Actual Loops": 1
                                            },
                                            {
                                                "Worker Number": 3,
                                                "Actual Startup Time": 4.638,
                                                "Actual Total Time": 80.518,
                                                "Actual Rows": 328,
                                                "Actual Loops": 1
                                            }
                                        ]
                                    },
                                    {
                                        "Node Type": "Index Scan",
                                        "Parent Relationship": "Inner",
                                        "Parallel Aware": false,
                                        "Scan Direction": "Forward",
                                        "Index Name": "movie_id_cast_info",
                                        "Relation Name": "cast_info",
                                        "Schema": "public",
                                        "Alias": "ci",
                                        "Startup Cost": 0.56,
                                        "Total Cost": 148.87,
                                        "Plan Rows": 10,
                                        "Plan Width": 4,
                                        "Actual Startup Time": 0.075,
                                        "Actual Total Time": 0.091,
                                        "Actual Rows": 4,
                                        "Actual Loops": 2724,
                                        "Output": [
                                            "ci.id",
                                            "ci.person_id",
                                            "ci.movie_id",
                                            "ci.person_role_id",
                                            "ci.note",
                                            "ci.nr_order",
                                            "ci.role_id"
                                        ],
                                        "Index Cond": "(ci.movie_id = t.id)",
                                        "Rows Removed by Index Recheck": 0,
                                        "Filter": "((ci.person_id > 687811) AND (ci.role_id > 3))",
                                        "Rows Removed by Filter": 16,
                                        "Workers": [
                                            {
                                                "Worker Number": 0,
                                                "Actual Startup Time": 0.099,
                                                "Actual Total Time": 0.121,
                                                "Actual Rows": 5,
                                                "Actual Loops": 433
                                            },
                                            {
                                                "Worker Number": 1,
                                                "Actual Startup Time": 0.097,
                                                "Actual Total Time": 0.118,
                                                "Actual Rows": 4,
                                                "Actual Loops": 453
                                            },
                                            {
                                                "Worker Number": 2,
                                                "Actual Startup Time": 0.117,
                                                "Actual Total Time": 0.142,
                                                "Actual Rows": 5,
                                                "Actual Loops": 389
                                            },
                                            {
                                                "Worker Number": 3,
                                                "Actual Startup Time": 0.13,
                                                "Actual Total Time": 0.158,
                                                "Actual Rows": 4,
                                                "Actual Loops": 328
                                            }
                                        ]
                                    }
                                ]
                            }
                        ]
                    }
                ]
            }
        ]
    },
    "Planning Time": 0.711,
    "Triggers": [],
    "Execution Time": 166.65
}