[
  {
    "Plan": {
      "Node Type": "Aggregate",
      "Strategy": "Plain",
      "Partial Mode": "Finalize",
      "Parallel Aware": false,
      "Startup Cost": 339934.33,
      "Total Cost": 339934.34,
      "Plan Rows": 1,
      "Plan Width": 8,
      "Actual Startup Time": 275.342,
      "Actual Total Time": 289.292,
      "Actual Rows": 1,
      "Actual Loops": 1,
      "Plans": [
        {
          "Node Type": "Gather",
          "Parent Relationship": "Outer",
          "Parallel Aware": false,
          "Startup Cost": 339933.71,
          "Total Cost": 339934.32,
          "Plan Rows": 6,
          "Plan Width": 8,
          "Actual Startup Time": 271.024,
          "Actual Total Time": 289.272,
          "Actual Rows": 7,
          "Actual Loops": 1,
          "Workers Planned": 6,
          "Workers Launched": 6,
          "Single Copy": false,
          "Plans": [
            {
              "Node Type": "Aggregate",
              "Strategy": "Plain",
              "Partial Mode": "Partial",
              "Parent Relationship": "Outer",
              "Parallel Aware": false,
              "Startup Cost": 338933.71,
              "Total Cost": 338933.72,
              "Plan Rows": 1,
              "Plan Width": 8,
              "Actual Startup Time": 259.773,
              "Actual Total Time": 259.776,
              "Actual Rows": 1,
              "Actual Loops": 7,
              "Plans": [
                {
                  "Node Type": "Hash Join",
                  "Parent Relationship": "Outer",
                  "Parallel Aware": true,
                  "Join Type": "Inner",
                  "Startup Cost": 81757.45,
                  "Total Cost": 338853.35,
                  "Plan Rows": 32145,
                  "Plan Width": 0,
                  "Actual Startup Time": 219.739,
                  "Actual Total Time": 259.115,
                  "Actual Rows": 13905,
                  "Actual Loops": 7,
                  "Inner Unique": true,
                  "Hash Cond": "(ci.movie_id = t.id)",
                  "Plans": [
                    {
                      "Node Type": "Bitmap Heap Scan",
                      "Parent Relationship": "Outer",
                      "Parallel Aware": true,
                      "Relation Name": "cast_info",
                      "Alias": "ci",
                      "Startup Cost": 34809.2,
                      "Total Cost": 291451.3,
                      "Plan Rows": 172873,
                      "Plan Width": 4,
                      "Actual Startup Time": 112.328,
                      "Actual Total Time": 132.154,
                      "Actual Rows": 65593,
                      "Actual Loops": 7,
                      "Recheck Cond": "(person_id < 161893)",
                      "Rows Removed by Index Recheck": 0,
                      "Filter": "(role_id > 1)",
                      "Rows Removed by Filter": 166457,
                      "Exact Heap Blocks": 3074,
                      "Lossy Heap Blocks": 0,
                      "Plans": [
                        {
                          "Node Type": "Bitmap Index Scan",
                          "Parent Relationship": "Outer",
                          "Parallel Aware": false,
                          "Index Name": "person_id_cast_info",
                          "Startup Cost": 0.0,
                          "Total Cost": 34549.89,
                          "Plan Rows": 1582043,
                          "Plan Width": 0,
                          "Actual Startup Time": 64.35,
                          "Actual Total Time": 64.351,
                          "Actual Rows": 1624350,
                          "Actual Loops": 1,
                          "Index Cond": "(person_id < 161893)"
                        }
                      ]
                    },
                    {
                      "Node Type": "Hash",
                      "Parent Relationship": "Inner",
                      "Parallel Aware": true,
                      "Startup Cost": 45479.1,
                      "Total Cost": 45479.1,
                      "Plan Rows": 117532,
                      "Plan Width": 4,
                      "Actual Startup Time": 105.133,
                      "Actual Total Time": 105.134,
                      "Actual Rows": 70861,
                      "Actual Loops": 7,
                      "Hash Buckets": 524288,
                      "Original Hash Buckets": 524288,
                      "Hash Batches": 1,
                      "Original Hash Batches": 1,
                      "Peak Memory Usage": 23648,
                      "Plans": [
                        {
                          "Node Type": "Seq Scan",
                          "Parent Relationship": "Outer",
                          "Parallel Aware": true,
                          "Relation Name": "title",
                          "Alias": "t",
                          "Startup Cost": 0.0,
                          "Total Cost": 45479.1,
                          "Plan Rows": 117532,
                          "Plan Width": 4,
                          "Actual Startup Time": 48.696,
                          "Actual Total Time": 78.468,
                          "Actual Rows": 70861,
                          "Actual Loops": 7,
                          "Filter": "((production_year < 2009) AND (kind_id = 1))",
                          "Rows Removed by Filter": 290327
                        }
                      ]
                    }
                  ]
                }
              ]
            }
          ]
        }
      ]
    },
    "Planning Time": 0.726,
    "Triggers": [],
    "Execution Time": 289.388
  }
]