[
  {
    "Plan": {
      "Node Type": "Aggregate",
      "Strategy": "Plain",
      "Partial Mode": "Simple",
      "Parallel Aware": false,
      "Startup Cost": 9026.03,
      "Total Cost": 9026.04,
      "Plan Rows": 1,
      "Plan Width": 8,
      "Actual Startup Time": 4.55,
      "Actual Total Time": 4.55,
      "Actual Rows": 1,
      "Actual Loops": 1,
      "Plans": [
        {
          "Node Type": "Index Scan",
          "Parent Relationship": "Outer",
          "Parallel Aware": false,
          "Scan Direction": "Forward",
          "Index Name": "company_id_movie_companies",
          "Relation Name": "movie_companies",
          "Alias": "mc",
          "Startup Cost": 0.43,
          "Total Cost": 9021.45,
          "Plan Rows": 1833,
          "Plan Width": 0,
          "Actual Startup Time": 0.026,
          "Actual Total Time": 4.379,
          "Actual Rows": 3454,
          "Actual Loops": 1,
          "Index Cond": "(company_id = 475)",
          "Rows Removed by Index Recheck": 0,
          "Filter": "(company_type_id = 1)",
          "Rows Removed by Filter": 1626
        }
      ]
    },
    "Planning Time": 0.079,
    "Triggers": [],
    "Execution Time": 4.569
  }
]