{
  "Plan": {
    "Node Type": "Aggregate",
    "Strategy": "Plain",
    "Partial Mode": "Finalize",
    "Parallel Aware": false,
    "Startup Cost": 753087.71,
    "Total Cost": 753087.72,
    "Plan Rows": 1,
    "Plan Width": 8,
    "Actual Startup Time": 4704.724,
    "Actual Total Time": 4778.079,
    "Actual Rows": 1,
    "Actual Loops": 1,
    "Plans": [
      {
        "Node Type": "Gather",
        "Parent Relationship": "Outer",
        "Parallel Aware": false,
        "Startup Cost": 753087.6,
        "Total Cost": 753087.71,
        "Plan Rows": 1,
        "Plan Width": 8,
        "Actual Startup Time": 4696.119,
        "Actual Total Time": 4778.067,
        "Actual Rows": 2,
        "Actual Loops": 1,
        "Workers Planned": 1,
        "Workers Launched": 1,
        "Single Copy": false,
        "Plans": [
          {
            "Node Type": "Aggregate",
            "Strategy": "Plain",
            "Partial Mode": "Partial",
            "Parent Relationship": "Outer",
            "Parallel Aware": false,
            "Startup Cost": 752087.6,
            "Total Cost": 752087.61,
            "Plan Rows": 1,
            "Plan Width": 8,
            "Actual Startup Time": 4677.892,
            "Actual Total Time": 4678.071,
            "Actual Rows": 1,
            "Actual Loops": 2,
            "Plans": [
              {
                "Node Type": "Hash Join",
                "Parent Relationship": "Outer",
                "Parallel Aware": true,
                "Join Type": "Inner",
                "Startup Cost": 653991.16,
                "Total Cost": 745058.82,
                "Plan Rows": 2811513,
                "Plan Width": 0,
                "Actual Startup Time": 4276.143,
                "Actual Total Time": 4652.606,
                "Actual Rows": 672498,
                "Actual Loops": 2,
                "Inner Unique": false,
                "Hash Cond": "(mk.movie_id = t.id)",
                "Plans": [
                  {
                    "Node Type": "Seq Scan",
                    "Parent Relationship": "Outer",
                    "Parallel Aware": true,
                    "Relation Name": "movie_keyword",
                    "Alias": "mk",
                    "Startup Cost": 0.0,
                    "Total Cost": 57718.19,
                    "Plan Rows": 1681116,
                    "Plan Width": 4,
                    "Actual Startup Time": 0.017,
                    "Actual Total Time": 184.793,
                    "Actual Rows": 1425774,
                    "Actual Loops": 2,
                    "Filter": "(keyword_id < 8712)",
                    "Rows Removed by Filter": 836192
                  },
                  {
                    "Node Type": "Hash",
                    "Parent Relationship": "Inner",
                    "Parallel Aware": true,
                    "Startup Cost": 622900.43,
                    "Total Cost": 622900.43,
                    "Plan Rows": 2487258,
                    "Plan Width": 8,
                    "Actual Startup Time": 4242.777,
                    "Actual Total Time": 4242.955,
                    "Actual Rows": 1390577,
                    "Actual Loops": 2,
                    "Hash Buckets": 8388608,
                    "Original Hash Buckets": 8388608,
                    "Hash Batches": 1,
                    "Original Hash Batches": 1,
                    "Peak Memory Usage": 174368,
                    "Plans": [
                      {
                        "Node Type": "Hash Join",
                        "Parent Relationship": "Outer",
                        "Parallel Aware": true,
                        "Join Type": "Inner",
                        "Startup Cost": 61150.33,
                        "Total Cost": 622900.43,
                        "Plan Rows": 2487258,
                        "Plan Width": 8,
                        "Actual Startup Time": 172.653,
                        "Actual Total Time": 3786.051,
                        "Actual Rows": 1390577,
                        "Actual Loops": 2,
                        "Inner Unique": true,
                        "Hash Cond": "(ci.movie_id = t.id)",
                        "Plans": [
                          {
                            "Node Type": "Seq Scan",
                            "Parent Relationship": "Outer",
                            "Parallel Aware": true,
                            "Relation Name": "cast_info",
                            "Alias": "ci",
                            "Startup Cost": 0.0,
                            "Total Cost": 519069.44,
                            "Plan Rows": 16259274,
                            "Plan Width": 4,
                            "Actual Startup Time": 0.017,
                            "Actual Total Time": 1807.246,
                            "Actual Rows": 13879015,
                            "Actual Loops": 2,
                            "Filter": "(role_id < 6)",
                            "Rows Removed by Filter": 4243157
                          },
                          {
                            "Node Type": "Hash",
                            "Parent Relationship": "Inner",
                            "Parallel Aware": true,
                            "Startup Cost": 58306.47,
                            "Total Cost": 58306.47,
                            "Plan Rows": 227509,
                            "Plan Width": 4,
                            "Actual Startup Time": 170.992,
                            "Actual Total Time": 170.993,
                            "Actual Rows": 138675,
                            "Actual Loops": 2,
                            "Hash Buckets": 524288,
                            "Original Hash Buckets": 524288,
                            "Hash Batches": 1,
                            "Original Hash Batches": 1,
                            "Peak Memory Usage": 14976,
                            "Plans": [
                              {
                                "Node Type": "Seq Scan",
                                "Parent Relationship": "Outer",
                                "Parallel Aware": true,
                                "Relation Name": "title",
                                "Alias": "t",
                                "Startup Cost": 0.0,
                                "Total Cost": 58306.47,
                                "Plan Rows": 227509,
                                "Plan Width": 4,
                                "Actual Startup Time": 0.042,
                                "Actual Total Time": 137.286,
                                "Actual Rows": 138675,
                                "Actual Loops": 2,
                                "Filter": "((production_year < 1988) AND (kind_id = 7))",
                                "Rows Removed by Filter": 1125481
                              }
                            ]
                          }
                        ]
                      }
                    ]
                  }
                ]
              }
            ]
          }
        ]
      }
    ]
  },
  "Planning Time": 0.976,
  "Triggers": [],
  "Execution Time": 4778.24
}