[
  {
    "Plan": {
      "Node Type": "Aggregate",
      "Strategy": "Plain",
      "Partial Mode": "Finalize",
      "Parallel Aware": false,
      "Startup Cost": 44913.84,
      "Total Cost": 44913.85,
      "Plan Rows": 1,
      "Plan Width": 8,
      "Actual Startup Time": 84.055,
      "Actual Total Time": 96.987,
      "Actual Rows": 1,
      "Actual Loops": 1,
      "Plans": [
        {
          "Node Type": "Gather",
          "Parent Relationship": "Outer",
          "Parallel Aware": false,
          "Startup Cost": 44913.42,
          "Total Cost": 44913.83,
          "Plan Rows": 4,
          "Plan Width": 8,
          "Actual Startup Time": 83.842,
          "Actual Total Time": 96.979,
          "Actual Rows": 5,
          "Actual Loops": 1,
          "Workers Planned": 4,
          "Workers Launched": 4,
          "Single Copy": false,
          "Plans": [
            {
              "Node Type": "Aggregate",
              "Strategy": "Plain",
              "Partial Mode": "Partial",
              "Parent Relationship": "Outer",
              "Parallel Aware": false,
              "Startup Cost": 43913.42,
              "Total Cost": 43913.43,
              "Plan Rows": 1,
              "Plan Width": 8,
              "Actual Startup Time": 78.668,
              "Actual Total Time": 78.669,
              "Actual Rows": 1,
              "Actual Loops": 5,
              "Plans": [
                {
                  "Node Type": "Seq Scan",
                  "Parent Relationship": "Outer",
                  "Parallel Aware": true,
                  "Relation Name": "title",
                  "Alias": "t",
                  "Startup Cost": 0.0,
                  "Total Cost": 43899.32,
                  "Plan Rows": 5641,
                  "Plan Width": 0,
                  "Actual Startup Time": 47.58,
                  "Actual Total Time": 78.307,
                  "Actual Rows": 4902,
                  "Actual Loops": 5,
                  "Filter": "(production_year < 1910)",
                  "Rows Removed by Filter": 500761
                }
              ]
            }
          ]
        }
      ]
    },
    "Planning Time": 0.067,
    "Triggers": [],
    "Execution Time": 97.018
  }
]