{
  "Plan": {
    "Node Type": "Aggregate",
    "Strategy": "Plain",
    "Partial Mode": "Finalize",
    "Parallel Aware": false,
    "Startup Cost": 663400.85,
    "Total Cost": 663400.86,
    "Plan Rows": 1,
    "Plan Width": 8,
    "Actual Startup Time": 7897.227,
    "Actual Total Time": 7948.568,
    "Actual Rows": 1,
    "Actual Loops": 1,
    "Plans": [
      {
        "Node Type": "Gather",
        "Parent Relationship": "Outer",
        "Parallel Aware": false,
        "Startup Cost": 663400.74,
        "Total Cost": 663400.85,
        "Plan Rows": 1,
        "Plan Width": 8,
        "Actual Startup Time": 7894.71,
        "Actual Total Time": 7948.561,
        "Actual Rows": 2,
        "Actual Loops": 1,
        "Workers Planned": 1,
        "Workers Launched": 1,
        "Single Copy": false,
        "Plans": [
          {
            "Node Type": "Aggregate",
            "Strategy": "Plain",
            "Partial Mode": "Partial",
            "Parent Relationship": "Outer",
            "Parallel Aware": false,
            "Startup Cost": 662400.74,
            "Total Cost": 662400.75,
            "Plan Rows": 1,
            "Plan Width": 8,
            "Actual Startup Time": 7886.564,
            "Actual Total Time": 7886.568,
            "Actual Rows": 1,
            "Actual Loops": 2,
            "Plans": [
              {
                "Node Type": "Hash Join",
                "Parent Relationship": "Outer",
                "Parallel Aware": true,
                "Join Type": "Inner",
                "Startup Cost": 69730.86,
                "Total Cost": 630247.97,
                "Plan Rows": 12861106,
                "Plan Width": 0,
                "Actual Startup Time": 671.947,
                "Actual Total Time": 7403.545,
                "Actual Rows": 11713254,
                "Actual Loops": 2,
                "Inner Unique": true,
                "Hash Cond": "(ci.movie_id = t.id)",
                "Plans": [
                  {
                    "Node Type": "Seq Scan",
                    "Parent Relationship": "Outer",
                    "Parallel Aware": true,
                    "Relation Name": "cast_info",
                    "Alias": "ci",
                    "Startup Cost": 0.0,
                    "Total Cost": 519069.44,
                    "Plan Rows": 15789561,
                    "Plan Width": 4,
                    "Actual Startup Time": 208.118,
                    "Actual Total Time": 1555.085,
                    "Actual Rows": 13378710,
                    "Actual Loops": 2,
                    "Filter": "(person_id > 933079)",
                    "Rows Removed by Filter": 4743462
                  },
                  {
                    "Node Type": "Hash",
                    "Parent Relationship": "Inner",
                    "Parallel Aware": true,
                    "Startup Cost": 54588.39,
                    "Total Cost": 54588.39,
                    "Plan Rows": 1211398,
                    "Plan Width": 4,
                    "Actual Startup Time": 449.198,
                    "Actual Total Time": 449.199,
                    "Actual Rows": 1023362,
                    "Actual Loops": 2,
                    "Hash Buckets": 2097152,
                    "Original Hash Buckets": 2097152,
                    "Hash Batches": 1,
                    "Original Hash Batches": 1,
                    "Peak Memory Usage": 96480,
                    "Plans": [
                      {
                        "Node Type": "Seq Scan",
                        "Parent Relationship": "Outer",
                        "Parallel Aware": true,
                        "Relation Name": "title",
                        "Alias": "t",
                        "Startup Cost": 0.0,
                        "Total Cost": 54588.39,
                        "Plan Rows": 1211398,
                        "Plan Width": 4,
                        "Actual Startup Time": 0.028,
                        "Actual Total Time": 175.833,
                        "Actual Rows": 1023362,
                        "Actual Loops": 2,
                        "Filter": "(production_year > 1972)",
                        "Rows Removed by Filter": 240794
                      }
                    ]
                  }
                ]
              }
            ]
          }
        ]
      }
    ]
  },
  "Planning Time": 0.712,
  "Triggers": [],
  "Execution Time": 7948.646
}