[
  {
    "Plan": {
      "Node Type": "Aggregate",
      "Strategy": "Plain",
      "Partial Mode": "Finalize",
      "Parallel Aware": false,
      "Startup Cost": 234533.8,
      "Total Cost": 234533.81,
      "Plan Rows": 1,
      "Plan Width": 8,
      "Actual Startup Time": 338.686,
      "Actual Total Time": 355.512,
      "Actual Rows": 1,
      "Actual Loops": 1,
      "Plans": [
        {
          "Node Type": "Gather",
          "Parent Relationship": "Outer",
          "Parallel Aware": false,
          "Startup Cost": 234533.28,
          "Total Cost": 234533.79,
          "Plan Rows": 5,
          "Plan Width": 8,
          "Actual Startup Time": 334.627,
          "Actual Total Time": 355.503,
          "Actual Rows": 6,
          "Actual Loops": 1,
          "Workers Planned": 5,
          "Workers Launched": 5,
          "Single Copy": false,
          "Plans": [
            {
              "Node Type": "Aggregate",
              "Strategy": "Plain",
              "Partial Mode": "Partial",
              "Parent Relationship": "Outer",
              "Parallel Aware": false,
              "Startup Cost": 233533.28,
              "Total Cost": 233533.29,
              "Plan Rows": 1,
              "Plan Width": 8,
              "Actual Startup Time": 323.907,
              "Actual Total Time": 323.91,
              "Actual Rows": 1,
              "Actual Loops": 6,
              "Plans": [
                {
                  "Node Type": "Hash Join",
                  "Parent Relationship": "Outer",
                  "Parallel Aware": true,
                  "Join Type": "Inner",
                  "Startup Cost": 67746.84,
                  "Total Cost": 233375.63,
                  "Plan Rows": 63060,
                  "Plan Width": 0,
                  "Actual Startup Time": 188.591,
                  "Actual Total Time": 316.059,
                  "Actual Rows": 149014,
                  "Actual Loops": 6,
                  "Inner Unique": true,
                  "Hash Cond": "(mi.movie_id = t.id)",
                  "Plans": [
                    {
                      "Node Type": "Bitmap Heap Scan",
                      "Parent Relationship": "Outer",
                      "Parallel Aware": true,
                      "Relation Name": "movie_info",
                      "Alias": "mi",
                      "Startup Cost": 21775.25,
                      "Total Cost": 186773.03,
                      "Plan Rows": 240382,
                      "Plan Width": 4,
                      "Actual Startup Time": 58.916,
                      "Actual Total Time": 126.659,
                      "Actual Rows": 193317,
                      "Actual Loops": 6,
                      "Recheck Cond": "(info_type_id > 47)",
                      "Rows Removed by Index Recheck": 0,
                      "Exact Heap Blocks": 7444,
                      "Lossy Heap Blocks": 0,
                      "Plans": [
                        {
                          "Node Type": "Bitmap Index Scan",
                          "Parent Relationship": "Outer",
                          "Parallel Aware": false,
                          "Index Name": "info_type_id_movie_info",
                          "Startup Cost": 0.0,
                          "Total Cost": 21474.78,
                          "Plan Rows": 1201912,
                          "Plan Width": 0,
                          "Actual Startup Time": 53.2,
                          "Actual Total Time": 53.201,
                          "Actual Rows": 1159902,
                          "Actual Loops": 1,
                          "Index Cond": "(info_type_id > 47)"
                        }
                      ]
                    },
                    {
                      "Node Type": "Hash",
                      "Parent Relationship": "Inner",
                      "Parallel Aware": true,
                      "Startup Cost": 43898.92,
                      "Total Cost": 43898.92,
                      "Plan Rows": 165814,
                      "Plan Width": 4,
                      "Actual Startup Time": 126.082,
                      "Actual Total Time": 126.083,
                      "Actual Rows": 110471,
                      "Actual Loops": 6,
                      "Hash Buckets": 1048576,
                      "Original Hash Buckets": 1048576,
                      "Hash Batches": 1,
                      "Original Hash Batches": 1,
                      "Peak Memory Usage": 34240,
                      "Plans": [
                        {
                          "Node Type": "Seq Scan",
                          "Parent Relationship": "Outer",
                          "Parallel Aware": true,
                          "Relation Name": "title",
                          "Alias": "t",
                          "Startup Cost": 0.0,
                          "Total Cost": 43898.92,
                          "Plan Rows": 165814,
                          "Plan Width": 4,
                          "Actual Startup Time": 44.748,
                          "Actual Total Time": 83.177,
                          "Actual Rows": 110471,
                          "Actual Loops": 6,
                          "Filter": "(kind_id = 1)",
                          "Rows Removed by Filter": 310914
                        }
                      ]
                    }
                  ]
                }
              ]
            }
          ]
        }
      ]
    },
    "Planning Time": 0.626,
    "Triggers": [],
    "Execution Time": 355.608
  }
]