[
  {
    "Plan": {
      "Node Type": "Aggregate",
      "Strategy": "Plain",
      "Partial Mode": "Finalize",
      "Parallel Aware": false,
      "Startup Cost": 400034.16,
      "Total Cost": 400034.17,
      "Plan Rows": 1,
      "Plan Width": 8,
      "Actual Startup Time": 1267.395,
      "Actual Total Time": 1327.308,
      "Actual Rows": 1,
      "Actual Loops": 1,
      "Plans": [
        {
          "Node Type": "Gather",
          "Parent Relationship": "Outer",
          "Parallel Aware": false,
          "Startup Cost": 400033.54,
          "Total Cost": 400034.15,
          "Plan Rows": 6,
          "Plan Width": 8,
          "Actual Startup Time": 1252.912,
          "Actual Total Time": 1327.259,
          "Actual Rows": 7,
          "Actual Loops": 1,
          "Workers Planned": 6,
          "Workers Launched": 6,
          "Single Copy": false,
          "Plans": [
            {
              "Node Type": "Aggregate",
              "Strategy": "Plain",
              "Partial Mode": "Partial",
              "Parent Relationship": "Outer",
              "Parallel Aware": false,
              "Startup Cost": 399033.54,
              "Total Cost": 399033.55,
              "Plan Rows": 1,
              "Plan Width": 8,
              "Actual Startup Time": 1242.781,
              "Actual Total Time": 1242.786,
              "Actual Rows": 1,
              "Actual Loops": 7,
              "Plans": [
                {
                  "Node Type": "Hash Join",
                  "Parent Relationship": "Outer",
                  "Parallel Aware": true,
                  "Join Type": "Inner",
                  "Startup Cost": 49326.62,
                  "Total Cost": 396506.24,
                  "Plan Rows": 1010920,
                  "Plan Width": 0,
                  "Actual Startup Time": 567.156,
                  "Actual Total Time": 1216.89,
                  "Actual Rows": 543878,
                  "Actual Loops": 7,
                  "Inner Unique": true,
                  "Hash Cond": "(ci.movie_id = t.id)",
                  "Plans": [
                    {
                      "Node Type": "Seq Scan",
                      "Parent Relationship": "Outer",
                      "Parallel Aware": true,
                      "Relation Name": "cast_info",
                      "Alias": "ci",
                      "Startup Cost": 0.0,
                      "Total Cost": 343316.27,
                      "Plan Rows": 1471746,
                      "Plan Width": 4,
                      "Actual Startup Time": 354.659,
                      "Actual Total Time": 664.408,
                      "Actual Rows": 747509,
                      "Actual Loops": 7,
                      "Filter": "((person_id < 2030571) AND (role_id > 2))",
                      "Rows Removed by Filter": 4430254
                    },
                    {
                      "Node Type": "Hash",
                      "Parent Relationship": "Inner",
                      "Parallel Aware": true,
                      "Startup Cost": 43899.32,
                      "Total Cost": 43899.32,
                      "Plan Rows": 434184,
                      "Plan Width": 4,
                      "Actual Startup Time": 208.874,
                      "Actual Total Time": 208.875,
                      "Actual Rows": 246462,
                      "Actual Loops": 7,
                      "Hash Buckets": 2097152,
                      "Original Hash Buckets": 2097152,
                      "Hash Batches": 1,
                      "Original Hash Batches": 1,
                      "Peak Memory Usage": 83968,
                      "Plans": [
                        {
                          "Node Type": "Seq Scan",
                          "Parent Relationship": "Outer",
                          "Parallel Aware": true,
                          "Relation Name": "title",
                          "Alias": "t",
                          "Startup Cost": 0.0,
                          "Total Cost": 43899.32,
                          "Plan Rows": 434184,
                          "Plan Width": 4,
                          "Actual Startup Time": 0.04,
                          "Actual Total Time": 87.287,
                          "Actual Rows": 246462,
                          "Actual Loops": 7,
                          "Filter": "(production_year > 1991)",
                          "Rows Removed by Filter": 114726
                        }
                      ]
                    }
                  ]
                }
              ]
            }
          ]
        }
      ]
    },
    "Planning Time": 0.285,
    "Triggers": [],
    "Execution Time": 1327.393
  }
]