[
  {
    "Plan": {
      "Node Type": "Aggregate",
      "Strategy": "Plain",
      "Partial Mode": "Finalize",
      "Parallel Aware": false,
      "Startup Cost": 32778.61,
      "Total Cost": 32778.62,
      "Plan Rows": 1,
      "Plan Width": 8,
      "Actual Startup Time": 87.466,
      "Actual Total Time": 94.242,
      "Actual Rows": 1,
      "Actual Loops": 1,
      "Plans": [
        {
          "Node Type": "Gather",
          "Parent Relationship": "Outer",
          "Parallel Aware": false,
          "Startup Cost": 32778.29,
          "Total Cost": 32778.6,
          "Plan Rows": 3,
          "Plan Width": 8,
          "Actual Startup Time": 87.321,
          "Actual Total Time": 94.234,
          "Actual Rows": 4,
          "Actual Loops": 1,
          "Workers Planned": 3,
          "Workers Launched": 3,
          "Single Copy": false,
          "Plans": [
            {
              "Node Type": "Aggregate",
              "Strategy": "Plain",
              "Partial Mode": "Partial",
              "Parent Relationship": "Outer",
              "Parallel Aware": false,
              "Startup Cost": 31778.29,
              "Total Cost": 31778.3,
              "Plan Rows": 1,
              "Plan Width": 8,
              "Actual Startup Time": 80.685,
              "Actual Total Time": 80.686,
              "Actual Rows": 1,
              "Actual Loops": 4,
              "Plans": [
                {
                  "Node Type": "Seq Scan",
                  "Parent Relationship": "Outer",
                  "Parallel Aware": true,
                  "Relation Name": "movie_companies",
                  "Alias": "mc",
                  "Startup Cost": 0.0,
                  "Total Cost": 31414.82,
                  "Plan Rows": 145389,
                  "Plan Width": 0,
                  "Actual Startup Time": 38.775,
                  "Actual Total Time": 72.72,
                  "Actual Rows": 191890,
                  "Actual Loops": 4,
                  "Filter": "((company_id > 23408) AND (company_type_id > 1))",
                  "Rows Removed by Filter": 460392
                }
              ]
            }
          ]
        }
      ]
    },
    "Planning Time": 0.112,
    "Triggers": [],
    "Execution Time": 94.272
  }
]