[
  {
    "Plan": {
      "Node Type": "Aggregate",
      "Strategy": "Plain",
      "Partial Mode": "Finalize",
      "Parallel Aware": false,
      "Startup Cost": 108529.02,
      "Total Cost": 108529.03,
      "Plan Rows": 1,
      "Plan Width": 8,
      "Actual Startup Time": 931.463,
      "Actual Total Time": 955.067,
      "Actual Rows": 1,
      "Actual Loops": 1,
      "Plans": [
        {
          "Node Type": "Gather",
          "Parent Relationship": "Outer",
          "Parallel Aware": false,
          "Startup Cost": 108528.8,
          "Total Cost": 108529.01,
          "Plan Rows": 2,
          "Plan Width": 8,
          "Actual Startup Time": 923.103,
          "Actual Total Time": 955.051,
          "Actual Rows": 3,
          "Actual Loops": 1,
          "Workers Planned": 2,
          "Workers Launched": 2,
          "Single Copy": false,
          "Plans": [
            {
              "Node Type": "Aggregate",
              "Strategy": "Plain",
              "Partial Mode": "Partial",
              "Parent Relationship": "Outer",
              "Parallel Aware": false,
              "Startup Cost": 107528.8,
              "Total Cost": 107528.81,
              "Plan Rows": 1,
              "Plan Width": 8,
              "Actual Startup Time": 915.577,
              "Actual Total Time": 915.873,
              "Actual Rows": 1,
              "Actual Loops": 3,
              "Plans": [
                {
                  "Node Type": "Hash Join",
                  "Parent Relationship": "Outer",
                  "Parallel Aware": true,
                  "Join Type": "Inner",
                  "Startup Cost": 90982.33,
                  "Total Cost": 107220.98,
                  "Plan Rows": 123130,
                  "Plan Width": 0,
                  "Actual Startup Time": 755.965,
                  "Actual Total Time": 894.031,
                  "Actual Rows": 408739,
                  "Actual Loops": 3,
                  "Inner Unique": false,
                  "Hash Cond": "(mi_idx.movie_id = t.id)",
                  "Plans": [
                    {
                      "Node Type": "Seq Scan",
                      "Parent Relationship": "Outer",
                      "Parallel Aware": true,
                      "Relation Name": "movie_info_idx",
                      "Alias": "mi_idx",
                      "Startup Cost": 0.0,
                      "Total Cost": 13685.15,
                      "Plan Rows": 575015,
                      "Plan Width": 4,
                      "Actual Startup Time": 0.031,
                      "Actual Total Time": 44.098,
                      "Actual Rows": 460012,
                      "Actual Loops": 3
                    },
                    {
                      "Node Type": "Hash",
                      "Parent Relationship": "Inner",
                      "Parallel Aware": true,
                      "Startup Cost": 88799.31,
                      "Total Cost": 88799.31,
                      "Plan Rows": 174642,
                      "Plan Width": 8,
                      "Actual Startup Time": 738.195,
                      "Actual Total Time": 738.489,
                      "Actual Rows": 174576,
                      "Actual Loops": 3,
                      "Hash Buckets": 1048576,
                      "Original Hash Buckets": 1048576,
                      "Hash Batches": 1,
                      "Original Hash Batches": 1,
                      "Peak Memory Usage": 28736,
                      "Plans": [
                        {
                          "Node Type": "Hash Join",
                          "Parent Relationship": "Outer",
                          "Parallel Aware": true,
                          "Join Type": "Inner",
                          "Startup Cost": 61703.85,
                          "Total Cost": 88799.31,
                          "Plan Rows": 174642,
                          "Plan Width": 8,
                          "Actual Startup Time": 543.197,
                          "Actual Total Time": 683.442,
                          "Actual Rows": 174576,
                          "Actual Loops": 3,
                          "Inner Unique": true,
                          "Hash Cond": "(mk.movie_id = t.id)",
                          "Plans": [
                            {
                              "Node Type": "Bitmap Heap Scan",
                              "Parent Relationship": "Outer",
                              "Parallel Aware": true,
                              "Relation Name": "movie_keyword",
                              "Alias": "mk",
                              "Startup Cost": 11484.2,
                              "Total Cost": 38121.23,
                              "Plan Rows": 174642,
                              "Plan Width": 4,
                              "Actual Startup Time": 53.079,
                              "Actual Total Time": 126.452,
                              "Actual Rows": 174576,
                              "Actual Loops": 3,
                              "Recheck Cond": "(keyword_id > 34633)",
                              "Rows Removed by Index Recheck": 0,
                              "Exact Heap Blocks": 7281,
                              "Lossy Heap Blocks": 0,
                              "Plans": [
                                {
                                  "Node Type": "Bitmap Index Scan",
                                  "Parent Relationship": "Outer",
                                  "Parallel Aware": false,
                                  "Index Name": "keyword_id_movie_keyword",
                                  "Startup Cost": 0.0,
                                  "Total Cost": 11348.86,
                                  "Plan Rows": 541390,
                                  "Plan Width": 0,
                                  "Actual Startup Time": 47.576,
                                  "Actual Total Time": 47.576,
                                  "Actual Rows": 523729,
                                  "Actual Loops": 1,
                                  "Index Cond": "(keyword_id > 34633)"
                                }
                              ]
                            },
                            {
                              "Node Type": "Hash",
                              "Parent Relationship": "Inner",
                              "Parallel Aware": true,
                              "Startup Cost": 42318.73,
                              "Total Cost": 42318.73,
                              "Plan Rows": 632073,
                              "Plan Width": 4,
                              "Actual Startup Time": 478.596,
                              "Actual Total Time": 478.597,
                              "Actual Rows": 842771,
                              "Actual Loops": 3,
                              "Hash Buckets": 4194304,
                              "Original Hash Buckets": 4194304,
                              "Hash Batches": 1,
                              "Original Hash Batches": 1,
                              "Peak Memory Usage": 131712,
                              "Plans": [
                                {
                                  "Node Type": "Seq Scan",
                                  "Parent Relationship": "Outer",
                                  "Parallel Aware": true,
                                  "Relation Name": "title",
                                  "Alias": "t",
                                  "Startup Cost": 0.0,
                                  "Total Cost": 42318.73,
                                  "Plan Rows": 632073,
                                  "Plan Width": 4,
                                  "Actual Startup Time": 0.038,
                                  "Actual Total Time": 142.294,
                                  "Actual Rows": 842771,
                                  "Actual Loops": 3
                                }
                              ]
                            }
                          ]
                        }
                      ]
                    }
                  ]
                }
              ]
            }
          ]
        }
      ]
    },
    "Planning Time": 1.328,
    "Triggers": [],
    "Execution Time": 955.193
  }
]