[
  {
    "Plan": {
      "Node Type": "Aggregate",
      "Strategy": "Plain",
      "Partial Mode": "Finalize",
      "Parallel Aware": false,
      "Startup Cost": 167459.48,
      "Total Cost": 167459.49,
      "Plan Rows": 1,
      "Plan Width": 8,
      "Actual Startup Time": 148.725,
      "Actual Total Time": 174.949,
      "Actual Rows": 1,
      "Actual Loops": 1,
      "Plans": [
        {
          "Node Type": "Gather",
          "Parent Relationship": "Outer",
          "Parallel Aware": false,
          "Startup Cost": 167459.06,
          "Total Cost": 167459.47,
          "Plan Rows": 4,
          "Plan Width": 8,
          "Actual Startup Time": 148.47,
          "Actual Total Time": 174.939,
          "Actual Rows": 5,
          "Actual Loops": 1,
          "Workers Planned": 4,
          "Workers Launched": 4,
          "Single Copy": false,
          "Plans": [
            {
              "Node Type": "Aggregate",
              "Strategy": "Plain",
              "Partial Mode": "Partial",
              "Parent Relationship": "Outer",
              "Parallel Aware": false,
              "Startup Cost": 166459.06,
              "Total Cost": 166459.07,
              "Plan Rows": 1,
              "Plan Width": 8,
              "Actual Startup Time": 140.204,
              "Actual Total Time": 140.205,
              "Actual Rows": 1,
              "Actual Loops": 5,
              "Plans": [
                {
                  "Node Type": "Nested Loop",
                  "Parent Relationship": "Outer",
                  "Parallel Aware": false,
                  "Join Type": "Inner",
                  "Startup Cost": 0.56,
                  "Total Cost": 166456.05,
                  "Plan Rows": 1204,
                  "Plan Width": 0,
                  "Actual Startup Time": 56.876,
                  "Actual Total Time": 139.945,
                  "Actual Rows": 2550,
                  "Actual Loops": 5,
                  "Inner Unique": false,
                  "Plans": [
                    {
                      "Node Type": "Seq Scan",
                      "Parent Relationship": "Outer",
                      "Parallel Aware": true,
                      "Relation Name": "title",
                      "Alias": "t",
                      "Startup Cost": 0.0,
                      "Total Cost": 45479.1,
                      "Plan Rows": 1012,
                      "Plan Width": 4,
                      "Actual Startup Time": 56.685,
                      "Actual Total Time": 77.901,
                      "Actual Rows": 917,
                      "Actual Loops": 5,
                      "Filter": "((kind_id = 1) AND (production_year = 1971))",
                      "Rows Removed by Filter": 504745
                    },
                    {
                      "Node Type": "Index Scan",
                      "Parent Relationship": "Inner",
                      "Parallel Aware": false,
                      "Scan Direction": "Forward",
                      "Index Name": "movie_id_cast_info",
                      "Relation Name": "cast_info",
                      "Alias": "ci",
                      "Startup Cost": 0.56,
                      "Total Cost": 119.51,
                      "Plan Rows": 3,
                      "Plan Width": 4,
                      "Actual Startup Time": 0.055,
                      "Actual Total Time": 0.067,
                      "Actual Rows": 3,
                      "Actual Loops": 4585,
                      "Index Cond": "(movie_id = t.id)",
                      "Rows Removed by Index Recheck": 0,
                      "Filter": "((person_id > 2814743) AND (role_id > 3))",
                      "Rows Removed by Filter": 13
                    }
                  ]
                }
              ]
            }
          ]
        }
      ]
    },
    "Planning Time": 0.563,
    "Triggers": [],
    "Execution Time": 175.027
  }
]