[
  {
    "Plan": {
      "Node Type": "Aggregate",
      "Strategy": "Plain",
      "Partial Mode": "Finalize",
      "Parallel Aware": false,
      "Startup Cost": 69154.88,
      "Total Cost": 69154.89,
      "Plan Rows": 1,
      "Plan Width": 8,
      "Actual Startup Time": 110.773,
      "Actual Total Time": 124.76,
      "Actual Rows": 1,
      "Actual Loops": 1,
      "Plans": [
        {
          "Node Type": "Gather",
          "Parent Relationship": "Outer",
          "Parallel Aware": false,
          "Startup Cost": 69154.46,
          "Total Cost": 69154.87,
          "Plan Rows": 4,
          "Plan Width": 8,
          "Actual Startup Time": 110.662,
          "Actual Total Time": 124.753,
          "Actual Rows": 5,
          "Actual Loops": 1,
          "Workers Planned": 4,
          "Workers Launched": 4,
          "Single Copy": false,
          "Plans": [
            {
              "Node Type": "Aggregate",
              "Strategy": "Plain",
              "Partial Mode": "Partial",
              "Parent Relationship": "Outer",
              "Parallel Aware": false,
              "Startup Cost": 68154.46,
              "Total Cost": 68154.47,
              "Plan Rows": 1,
              "Plan Width": 8,
              "Actual Startup Time": 101.621,
              "Actual Total Time": 101.622,
              "Actual Rows": 1,
              "Actual Loops": 5,
              "Plans": [
                {
                  "Node Type": "Nested Loop",
                  "Parent Relationship": "Outer",
                  "Parallel Aware": false,
                  "Join Type": "Inner",
                  "Startup Cost": 0.43,
                  "Total Cost": 68140.89,
                  "Plan Rows": 5429,
                  "Plan Width": 0,
                  "Actual Startup Time": 1.602,
                  "Actual Total Time": 101.222,
                  "Actual Rows": 6794,
                  "Actual Loops": 5,
                  "Inner Unique": false,
                  "Plans": [
                    {
                      "Node Type": "Seq Scan",
                      "Parent Relationship": "Outer",
                      "Parallel Aware": true,
                      "Relation Name": "title",
                      "Alias": "t",
                      "Startup Cost": 0.0,
                      "Total Cost": 43898.92,
                      "Plan Rows": 3034,
                      "Plan Width": 4,
                      "Actual Startup Time": 0.367,
                      "Actual Total Time": 79.244,
                      "Actual Rows": 2725,
                      "Actual Loops": 5,
                      "Filter": "(production_year = 1972)",
                      "Rows Removed by Filter": 502938
                    },
                    {
                      "Node Type": "Index Only Scan",
                      "Parent Relationship": "Inner",
                      "Parallel Aware": false,
                      "Scan Direction": "Forward",
                      "Index Name": "movie_id_movie_keyword",
                      "Relation Name": "movie_keyword",
                      "Alias": "mk",
                      "Startup Cost": 0.43,
                      "Total Cost": 7.54,
                      "Plan Rows": 45,
                      "Plan Width": 4,
                      "Actual Startup Time": 0.007,
                      "Actual Total Time": 0.007,
                      "Actual Rows": 2,
                      "Actual Loops": 13623,
                      "Index Cond": "(movie_id = t.id)",
                      "Rows Removed by Index Recheck": 0,
                      "Heap Fetches": 33971
                    }
                  ]
                }
              ]
            }
          ]
        }
      ]
    },
    "Planning Time": 0.558,
    "Triggers": [],
    "Execution Time": 124.826
  }
]