{
  "Plan": {
    "Node Type": "Aggregate",
    "Strategy": "Plain",
    "Partial Mode": "Finalize",
    "Parallel Aware": false,
    "Startup Cost": 336891.63,
    "Total Cost": 336891.64,
    "Plan Rows": 1,
    "Plan Width": 8,
    "Actual Startup Time": 2606.336,
    "Actual Total Time": 2656.542,
    "Actual Rows": 1,
    "Actual Loops": 1,
    "Plans": [
      {
        "Node Type": "Gather",
        "Parent Relationship": "Outer",
        "Parallel Aware": false,
        "Startup Cost": 336891.51,
        "Total Cost": 336891.62,
        "Plan Rows": 1,
        "Plan Width": 8,
        "Actual Startup Time": 2604.987,
        "Actual Total Time": 2656.535,
        "Actual Rows": 2,
        "Actual Loops": 1,
        "Workers Planned": 1,
        "Workers Launched": 1,
        "Single Copy": false,
        "Plans": [
          {
            "Node Type": "Aggregate",
            "Strategy": "Plain",
            "Partial Mode": "Partial",
            "Parent Relationship": "Outer",
            "Parallel Aware": false,
            "Startup Cost": 335891.51,
            "Total Cost": 335891.52,
            "Plan Rows": 1,
            "Plan Width": 8,
            "Actual Startup Time": 2599.348,
            "Actual Total Time": 2599.352,
            "Actual Rows": 1,
            "Actual Loops": 2,
            "Plans": [
              {
                "Node Type": "Hash Join",
                "Parent Relationship": "Outer",
                "Parallel Aware": true,
                "Join Type": "Inner",
                "Startup Cost": 58976.41,
                "Total Cost": 330759.9,
                "Plan Rows": 2052644,
                "Plan Width": 0,
                "Actual Startup Time": 270.237,
                "Actual Total Time": 2484.551,
                "Actual Rows": 2512328,
                "Actual Loops": 2,
                "Inner Unique": true,
                "Hash Cond": "(mi.movie_id = t.id)",
                "Plans": [
                  {
                    "Node Type": "Seq Scan",
                    "Parent Relationship": "Outer",
                    "Parallel Aware": true,
                    "Relation Name": "movie_info",
                    "Alias": "mi",
                    "Startup Cost": 0.0,
                    "Total Cost": 248955.74,
                    "Plan Rows": 8696274,
                    "Plan Width": 4,
                    "Actual Startup Time": 0.011,
                    "Actual Total Time": 695.499,
                    "Actual Rows": 7417860,
                    "Actual Loops": 2
                  },
                  {
                    "Node Type": "Hash",
                    "Parent Relationship": "Inner",
                    "Parallel Aware": true,
                    "Startup Cost": 54588.39,
                    "Total Cost": 54588.39,
                    "Plan Rows": 351042,
                    "Plan Width": 4,
                    "Actual Startup Time": 261.326,
                    "Actual Total Time": 261.327,
                    "Actual Rows": 301706,
                    "Actual Loops": 2,
                    "Hash Buckets": 1048576,
                    "Original Hash Buckets": 1048576,
                    "Hash Batches": 1,
                    "Original Hash Batches": 1,
                    "Peak Memory Usage": 31840,
                    "Plans": [
                      {
                        "Node Type": "Seq Scan",
                        "Parent Relationship": "Outer",
                        "Parallel Aware": true,
                        "Relation Name": "title",
                        "Alias": "t",
                        "Startup Cost": 0.0,
                        "Total Cost": 54588.39,
                        "Plan Rows": 351042,
                        "Plan Width": 4,
                        "Actual Startup Time": 0.044,
                        "Actual Total Time": 170.017,
                        "Actual Rows": 301706,
                        "Actual Loops": 2,
                        "Filter": "(production_year < 1986)",
                        "Rows Removed by Filter": 962450
                      }
                    ]
                  }
                ]
              }
            ]
          }
        ]
      }
    ]
  },
  "Planning Time": 0.566,
  "Triggers": [],
  "Execution Time": 2656.62
}