[
  {
    "Plan": {
      "Node Type": "Aggregate",
      "Strategy": "Plain",
      "Partial Mode": "Simple",
      "Parallel Aware": false,
      "Startup Cost": 6235.85,
      "Total Cost": 6235.86,
      "Plan Rows": 1,
      "Plan Width": 96,
      "Actual Startup Time": 103.641,
      "Actual Total Time": 103.647,
      "Actual Rows": 1,
      "Actual Loops": 1,
      "Plans": [
        {
          "Node Type": "Nested Loop",
          "Parent Relationship": "Outer",
          "Parallel Aware": false,
          "Join Type": "Inner",
          "Startup Cost": 12.36,
          "Total Cost": 6235.65,
          "Plan Rows": 26,
          "Plan Width": 60,
          "Actual Startup Time": 2.4,
          "Actual Total Time": 102.952,
          "Actual Rows": 2596,
          "Actual Loops": 1,
          "Inner Unique": true,
          "Plans": [
            {
              "Node Type": "Nested Loop",
              "Parent Relationship": "Outer",
              "Parallel Aware": false,
              "Join Type": "Inner",
              "Startup Cost": 11.94,
              "Total Cost": 6222.56,
              "Plan Rows": 29,
              "Plan Width": 45,
              "Actual Startup Time": 2.339,
              "Actual Total Time": 96.581,
              "Actual Rows": 2596,
              "Actual Loops": 1,
              "Inner Unique": true,
              "Join Filter": "(mc.company_type_id = ct.id)",
              "Rows Removed by Join Filter": 258,
              "Plans": [
                {
                  "Node Type": "Nested Loop",
                  "Parent Relationship": "Outer",
                  "Parallel Aware": false,
                  "Join Type": "Inner",
                  "Startup Cost": 11.94,
                  "Total Cost": 6220.02,
                  "Plan Rows": 38,
                  "Plan Width": 49,
                  "Actual Startup Time": 2.331,
                  "Actual Total Time": 95.718,
                  "Actual Rows": 2596,
                  "Actual Loops": 1,
                  "Inner Unique": false,
                  "Join Filter": "(ml.movie_id = mc.movie_id)",
                  "Rows Removed by Join Filter": 0,
                  "Plans": [
                    {
                      "Node Type": "Nested Loop",
                      "Parent Relationship": "Outer",
                      "Parallel Aware": false,
                      "Join Type": "Inner",
                      "Startup Cost": 11.51,
                      "Total Cost": 6211.31,
                      "Plan Rows": 15,
                      "Plan Width": 29,
                      "Actual Startup Time": 2.274,
                      "Actual Total Time": 93.15,
                      "Actual Rows": 256,
                      "Actual Loops": 1,
                      "Inner Unique": true,
                      "Join Filter": "(ml.link_type_id = lt.id)",
                      "Rows Removed by Join Filter": 1584,
                      "Plans": [
                        {
                          "Node Type": "Nested Loop",
                          "Parent Relationship": "Outer",
                          "Parallel Aware": false,
                          "Join Type": "Inner",
                          "Startup Cost": 11.51,
                          "Total Cost": 6206.28,
                          "Plan Rows": 15,
                          "Plan Width": 33,
                          "Actual Startup Time": 2.258,
                          "Actual Total Time": 92.8,
                          "Actual Rows": 256,
                          "Actual Loops": 1,
                          "Inner Unique": true,
                          "Join Filter": "(ml.movie_id = t.id)",
                          "Rows Removed by Join Filter": 0,
                          "Plans": [
                            {
                              "Node Type": "Nested Loop",
                              "Parent Relationship": "Outer",
                              "Parallel Aware": false,
                              "Join Type": "Inner",
                              "Startup Cost": 11.08,
                              "Total Cost": 6190.71,
                              "Plan Rows": 31,
                              "Plan Width": 12,
                              "Actual Startup Time": 2.209,
                              "Actual Total Time": 88.138,
                              "Actual Rows": 1966,
                              "Actual Loops": 1,
                              "Inner Unique": false,
                              "Plans": [
                                {
                                  "Node Type": "Nested Loop",
                                  "Parent Relationship": "Outer",
                                  "Parallel Aware": false,
                                  "Join Type": "Inner",
                                  "Startup Cost": 10.8,
                                  "Total Cost": 6147.76,
                                  "Plan Rows": 101,
                                  "Plan Width": 4,
                                  "Actual Startup Time": 2.117,
                                  "Actual Total Time": 67.874,
                                  "Actual Rows": 13874,
                                  "Actual Loops": 1,
                                  "Inner Unique": false,
                                  "Plans": [
                                    {
                                      "Node Type": "Seq Scan",
                                      "Parent Relationship": "Outer",
                                      "Parallel Aware": false,
                                      "Relation Name": "keyword",
                                      "Alias": "k",
                                      "Startup Cost": 0.0,
                                      "Total Cost": 2793.84,
                                      "Plan Rows": 3,
                                      "Plan Width": 4,
                                      "Actual Startup Time": 0.095,
                                      "Actual Total Time": 20.06,
                                      "Actual Rows": 3,
                                      "Actual Loops": 1,
                                      "Filter": "(keyword = ANY ('{violence,marvel-comics,martial-arts}'::text[]))",
                                      "Rows Removed by Filter": 134167
                                    },
                                    {
                                      "Node Type": "Bitmap Heap Scan",
                                      "Parent Relationship": "Inner",
                                      "Parallel Aware": false,
                                      "Relation Name": "movie_keyword",
                                      "Alias": "mk",
                                      "Startup Cost": 10.8,
                                      "Total Cost": 1114.92,
                                      "Plan Rows": 305,
                                      "Plan Width": 8,
                                      "Actual Startup Time": 1.987,
                                      "Actual Total Time": 15.013,
                                      "Actual Rows": 4625,
                                      "Actual Loops": 3,
                                      "Recheck Cond": "(keyword_id = k.id)",
                                      "Rows Removed by Index Recheck": 0,
                                      "Exact Heap Blocks": 10326,
                                      "Lossy Heap Blocks": 0,
                                      "Plans": [
                                        {
                                          "Node Type": "Bitmap Index Scan",
                                          "Parent Relationship": "Outer",
                                          "Parallel Aware": false,
                                          "Index Name": "keyword_id_movie_keyword",
                                          "Startup Cost": 0.0,
                                          "Total Cost": 10.72,
                                          "Plan Rows": 305,
                                          "Plan Width": 0,
                                          "Actual Startup Time": 1.327,
                                          "Actual Total Time": 1.327,
                                          "Actual Rows": 4625,
                                          "Actual Loops": 3,
                                          "Index Cond": "(keyword_id = k.id)"
                                        }
                                      ]
                                    }
                                  ]
                                },
                                {
                                  "Node Type": "Index Scan",
                                  "Parent Relationship": "Inner",
                                  "Parallel Aware": false,
                                  "Scan Direction": "Forward",
                                  "Index Name": "movie_id_movie_link",
                                  "Relation Name": "movie_link",
                                  "Alias": "ml",
                                  "Startup Cost": 0.29,
                                  "Total Cost": 0.38,
                                  "Plan Rows": 5,
                                  "Plan Width": 8,
                                  "Actual Startup Time": 0.001,
                                  "Actual Total Time": 0.001,
                                  "Actual Rows": 0,
                                  "Actual Loops": 13874,
                                  "Index Cond": "(movie_id = mk.movie_id)",
                                  "Rows Removed by Index Recheck": 0
                                }
                              ]
                            },
                            {
                              "Node Type": "Index Scan",
                              "Parent Relationship": "Inner",
                              "Parallel Aware": false,
                              "Scan Direction": "Forward",
                              "Index Name": "title_pkey",
                              "Relation Name": "title",
                              "Alias": "t",
                              "Startup Cost": 0.43,
                              "Total Cost": 0.49,
                              "Plan Rows": 1,
                              "Plan Width": 21,
                              "Actual Startup Time": 0.002,
                              "Actual Total Time": 0.002,
                              "Actual Rows": 0,
                              "Actual Loops": 1966,
                              "Index Cond": "(id = mk.movie_id)",
                              "Rows Removed by Index Recheck": 0,
                              "Filter": "(production_year > 2003)",
                              "Rows Removed by Filter": 1
                            }
                          ]
                        },
                        {
                          "Node Type": "Materialize",
                          "Parent Relationship": "Inner",
                          "Parallel Aware": false,
                          "Startup Cost": 0.0,
                          "Total Cost": 1.27,
                          "Plan Rows": 18,
                          "Plan Width": 4,
                          "Actual Startup Time": 0.0,
                          "Actual Total Time": 0.0,
                          "Actual Rows": 7,
                          "Actual Loops": 256,
                          "Plans": [
                            {
                              "Node Type": "Seq Scan",
                              "Parent Relationship": "Outer",
                              "Parallel Aware": false,
                              "Relation Name": "link_type",
                              "Alias": "lt",
                              "Startup Cost": 0.0,
                              "Total Cost": 1.18,
                              "Plan Rows": 18,
                              "Plan Width": 4,
                              "Actual Startup Time": 0.006,
                              "Actual Total Time": 0.009,
                              "Actual Rows": 16,
                              "Actual Loops": 1
                            }
                          ]
                        }
                      ]
                    },
                    {
                      "Node Type": "Index Scan",
                      "Parent Relationship": "Inner",
                      "Parallel Aware": false,
                      "Scan Direction": "Forward",
                      "Index Name": "movie_id_movie_companies",
                      "Relation Name": "movie_companies",
                      "Alias": "mc",
                      "Startup Cost": 0.43,
                      "Total Cost": 0.54,
                      "Plan Rows": 3,
                      "Plan Width": 36,
                      "Actual Startup Time": 0.004,
                      "Actual Total Time": 0.008,
                      "Actual Rows": 10,
                      "Actual Loops": 256,
                      "Index Cond": "(movie_id = mk.movie_id)",
                      "Rows Removed by Index Recheck": 0,
                      "Filter": "(note IS NOT NULL)",
                      "Rows Removed by Filter": 3
                    }
                  ]
                },
                {
                  "Node Type": "Materialize",
                  "Parent Relationship": "Inner",
                  "Parallel Aware": false,
                  "Startup Cost": 0.0,
                  "Total Cost": 1.06,
                  "Plan Rows": 3,
                  "Plan Width": 4,
                  "Actual Startup Time": 0.0,
                  "Actual Total Time": 0.0,
                  "Actual Rows": 1,
                  "Actual Loops": 2596,
                  "Plans": [
                    {
                      "Node Type": "Seq Scan",
                      "Parent Relationship": "Outer",
                      "Parallel Aware": false,
                      "Relation Name": "company_type",
                      "Alias": "ct",
                      "Startup Cost": 0.0,
                      "Total Cost": 1.05,
                      "Plan Rows": 3,
                      "Plan Width": 4,
                      "Actual Startup Time": 0.005,
                      "Actual Total Time": 0.006,
                      "Actual Rows": 2,
                      "Actual Loops": 1,
                      "Filter": "((kind IS NOT NULL) AND ((kind)::text <> 'miscellaneous companies'::text))",
                      "Rows Removed by Filter": 0
                    }
                  ]
                }
              ]
            },
            {
              "Node Type": "Index Scan",
              "Parent Relationship": "Inner",
              "Parallel Aware": false,
              "Scan Direction": "Forward",
              "Index Name": "company_name_pkey",
              "Relation Name": "company_name",
              "Alias": "cn",
              "Startup Cost": 0.42,
              "Total Cost": 0.45,
              "Plan Rows": 1,
              "Plan Width": 23,
              "Actual Startup Time": 0.002,
              "Actual Total Time": 0.002,
              "Actual Rows": 1,
              "Actual Loops": 2596,
              "Index Cond": "(id = mc.company_id)",
              "Rows Removed by Index Recheck": 0,
              "Filter": "((country_code)::text <> '[pl]'::text)",
              "Rows Removed by Filter": 0
            }
          ]
        }
      ]
    },
    "Planning Time": 16.993,
    "Triggers": [],
    "Execution Time": 104.063
  }
]