[
  {
    "Plan": {
      "Node Type": "Aggregate",
      "Strategy": "Plain",
      "Partial Mode": "Finalize",
      "Parallel Aware": false,
      "Startup Cost": 354643.71,
      "Total Cost": 354643.72,
      "Plan Rows": 1,
      "Plan Width": 8,
      "Actual Startup Time": 961.044,
      "Actual Total Time": 993.818,
      "Actual Rows": 1,
      "Actual Loops": 1,
      "Plans": [
        {
          "Node Type": "Gather",
          "Parent Relationship": "Outer",
          "Parallel Aware": false,
          "Startup Cost": 354643.49,
          "Total Cost": 354643.7,
          "Plan Rows": 2,
          "Plan Width": 8,
          "Actual Startup Time": 955.466,
          "Actual Total Time": 993.809,
          "Actual Rows": 3,
          "Actual Loops": 1,
          "Workers Planned": 2,
          "Workers Launched": 2,
          "Single Copy": false,
          "Plans": [
            {
              "Node Type": "Aggregate",
              "Strategy": "Plain",
              "Partial Mode": "Partial",
              "Parent Relationship": "Outer",
              "Parallel Aware": false,
              "Startup Cost": 353643.49,
              "Total Cost": 353643.5,
              "Plan Rows": 1,
              "Plan Width": 8,
              "Actual Startup Time": 950.194,
              "Actual Total Time": 950.202,
              "Actual Rows": 1,
              "Actual Loops": 3,
              "Plans": [
                {
                  "Node Type": "Hash Join",
                  "Parent Relationship": "Outer",
                  "Parallel Aware": true,
                  "Join Type": "Inner",
                  "Startup Cost": 337255.21,
                  "Total Cost": 353315.39,
                  "Plan Rows": 131240,
                  "Plan Width": 0,
                  "Actual Startup Time": 760.662,
                  "Actual Total Time": 928.11,
                  "Actual Rows": 400787,
                  "Actual Loops": 3,
                  "Inner Unique": false,
                  "Hash Cond": "(mi_idx.movie_id = t.id)",
                  "Plans": [
                    {
                      "Node Type": "Seq Scan",
                      "Parent Relationship": "Outer",
                      "Parallel Aware": true,
                      "Relation Name": "movie_info_idx",
                      "Alias": "mi_idx",
                      "Startup Cost": 0.0,
                      "Total Cost": 13685.15,
                      "Plan Rows": 575015,
                      "Plan Width": 4,
                      "Actual Startup Time": 0.019,
                      "Actual Total Time": 48.111,
                      "Actual Rows": 460012,
                      "Actual Loops": 3
                    },
                    {
                      "Node Type": "Hash",
                      "Parent Relationship": "Inner",
                      "Parallel Aware": true,
                      "Startup Cost": 336052.96,
                      "Total Cost": 336052.96,
                      "Plan Rows": 96180,
                      "Plan Width": 8,
                      "Actual Startup Time": 756.679,
                      "Actual Total Time": 756.684,
                      "Actual Rows": 165936,
                      "Actual Loops": 3,
                      "Hash Buckets": 1048576,
                      "Original Hash Buckets": 1048576,
                      "Hash Batches": 1,
                      "Original Hash Batches": 1,
                      "Peak Memory Usage": 27712,
                      "Plans": [
                        {
                          "Node Type": "Hash Join",
                          "Parent Relationship": "Outer",
                          "Parallel Aware": true,
                          "Join Type": "Inner",
                          "Startup Cost": 79637.48,
                          "Total Cost": 336052.96,
                          "Plan Rows": 96180,
                          "Plan Width": 8,
                          "Actual Startup Time": 396.563,
                          "Actual Total Time": 685.801,
                          "Actual Rows": 165936,
                          "Actual Loops": 3,
                          "Inner Unique": true,
                          "Hash Cond": "(ci.movie_id = t.id)",
                          "Plans": [
                            {
                              "Node Type": "Bitmap Heap Scan",
                              "Parent Relationship": "Outer",
                              "Parallel Aware": true,
                              "Relation Name": "cast_info",
                              "Alias": "ci",
                              "Startup Cost": 32655.33,
                              "Total Cost": 288423.72,
                              "Plan Rows": 246511,
                              "Plan Width": 4,
                              "Actual Startup Time": 127.921,
                              "Actual Total Time": 234.886,
                              "Actual Rows": 466585,
                              "Actual Loops": 3,
                              "Recheck Cond": "(person_id > 3789300)",
                              "Rows Removed by Index Recheck": 0,
                              "Exact Heap Blocks": 6535,
                              "Lossy Heap Blocks": 0,
                              "Plans": [
                                {
                                  "Node Type": "Bitmap Index Scan",
                                  "Parent Relationship": "Outer",
                                  "Parallel Aware": false,
                                  "Index Name": "person_id_cast_info",
                                  "Startup Cost": 0.0,
                                  "Total Cost": 32285.57,
                                  "Plan Rows": 1479067,
                                  "Plan Width": 0,
                                  "Actual Startup Time": 123.038,
                                  "Actual Total Time": 123.039,
                                  "Actual Rows": 1399754,
                                  "Actual Loops": 1,
                                  "Index Cond": "(person_id > 3789300)"
                                }
                              ]
                            },
                            {
                              "Node Type": "Hash",
                              "Parent Relationship": "Inner",
                              "Parallel Aware": true,
                              "Startup Cost": 43899.32,
                              "Total Cost": 43899.32,
                              "Plan Rows": 246626,
                              "Plan Width": 4,
                              "Actual Startup Time": 265.343,
                              "Actual Total Time": 265.344,
                              "Actual Rows": 328349,
                              "Actual Loops": 3,
                              "Hash Buckets": 1048576,
                              "Original Hash Buckets": 1048576,
                              "Hash Batches": 1,
                              "Original Hash Batches": 1,
                              "Peak Memory Usage": 46784,
                              "Plans": [
                                {
                                  "Node Type": "Seq Scan",
                                  "Parent Relationship": "Outer",
                                  "Parallel Aware": true,
                                  "Relation Name": "title",
                                  "Alias": "t",
                                  "Startup Cost": 0.0,
                                  "Total Cost": 43899.32,
                                  "Plan Rows": 246626,
                                  "Plan Width": 4,
                                  "Actual Startup Time": 0.044,
                                  "Actual Total Time": 143.691,
                                  "Actual Rows": 328349,
                                  "Actual Loops": 3,
                                  "Filter": "(kind_id < 7)",
                                  "Rows Removed by Filter": 514421
                                }
                              ]
                            }
                          ]
                        }
                      ]
                    }
                  ]
                }
              ]
            }
          ]
        }
      ]
    },
    "Planning Time": 0.571,
    "Triggers": [],
    "Execution Time": 993.887
  }
]