[
  {
    "Plan": {
      "Node Type": "Aggregate",
      "Strategy": "Plain",
      "Partial Mode": "Finalize",
      "Parallel Aware": false,
      "Startup Cost": 334413.52,
      "Total Cost": 334413.53,
      "Plan Rows": 1,
      "Plan Width": 8,
      "Actual Startup Time": 623.162,
      "Actual Total Time": 685.148,
      "Actual Rows": 1,
      "Actual Loops": 1,
      "Plans": [
        {
          "Node Type": "Gather",
          "Parent Relationship": "Outer",
          "Parallel Aware": false,
          "Startup Cost": 334412.89,
          "Total Cost": 334413.5,
          "Plan Rows": 6,
          "Plan Width": 8,
          "Actual Startup Time": 623.023,
          "Actual Total Time": 685.139,
          "Actual Rows": 7,
          "Actual Loops": 1,
          "Workers Planned": 6,
          "Workers Launched": 6,
          "Single Copy": false,
          "Plans": [
            {
              "Node Type": "Aggregate",
              "Strategy": "Plain",
              "Partial Mode": "Partial",
              "Parent Relationship": "Outer",
              "Parallel Aware": false,
              "Startup Cost": 333412.89,
              "Total Cost": 333412.9,
              "Plan Rows": 1,
              "Plan Width": 8,
              "Actual Startup Time": 613.798,
              "Actual Total Time": 613.799,
              "Actual Rows": 1,
              "Actual Loops": 7,
              "Plans": [
                {
                  "Node Type": "Seq Scan",
                  "Parent Relationship": "Outer",
                  "Parallel Aware": true,
                  "Relation Name": "cast_info",
                  "Alias": "ci",
                  "Startup Cost": 0.0,
                  "Total Cost": 328162.03,
                  "Plan Rows": 2100347,
                  "Plan Width": 0,
                  "Actual Startup Time": 252.735,
                  "Actual Total Time": 542.25,
                  "Actual Rows": 1797409,
                  "Actual Loops": 7,
                  "Filter": "(person_id > 2423785)",
                  "Rows Removed by Filter": 3380355
                }
              ]
            }
          ]
        }
      ]
    },
    "Planning Time": 0.194,
    "Triggers": [],
    "Execution Time": 685.22
  }
]