[
    {
        "Bao": {
            "Bao prediction": 442.662,
            "Bao recommended hint": "(no hint)"
        }
    },
    {
        "Plan": {
            "Node Type": "Aggregate",
            "Strategy": "Plain",
            "Partial Mode": "Finalize",
            "Parallel Aware": false,
            "Startup Cost": 30766.42,
            "Total Cost": 30766.43,
            "Plan Rows": 1,
            "Plan Width": 8,
            "Actual Startup Time": 101.514,
            "Actual Total Time": 108.57,
            "Actual Rows": 1,
            "Actual Loops": 1,
            "Output": [
                "count(*)"
            ],
            "Plans": [
                {
                    "Node Type": "Gather",
                    "Parent Relationship": "Outer",
                    "Parallel Aware": false,
                    "Startup Cost": 30766.1,
                    "Total Cost": 30766.41,
                    "Plan Rows": 3,
                    "Plan Width": 8,
                    "Actual Startup Time": 101.388,
                    "Actual Total Time": 108.563,
                    "Actual Rows": 4,
                    "Actual Loops": 1,
                    "Output": [
                        "(PARTIAL count(*))"
                    ],
                    "Workers Planned": 3,
                    "Workers Launched": 3,
                    "Single Copy": false,
                    "Plans": [
                        {
                            "Node Type": "Aggregate",
                            "Strategy": "Plain",
                            "Partial Mode": "Partial",
                            "Parent Relationship": "Outer",
                            "Parallel Aware": false,
                            "Startup Cost": 29766.1,
                            "Total Cost": 29766.11,
                            "Plan Rows": 1,
                            "Plan Width": 8,
                            "Actual Startup Time": 93.612,
                            "Actual Total Time": 93.613,
                            "Actual Rows": 1,
                            "Actual Loops": 4,
                            "Output": [
                                "PARTIAL count(*)"
                            ],
                            "Workers": [
                                {
                                    "Worker Number": 0,
                                    "Actual Startup Time": 91.031,
                                    "Actual Total Time": 91.032,
                                    "Actual Rows": 1,
                                    "Actual Loops": 1
                                },
                                {
                                    "Worker Number": 1,
                                    "Actual Startup Time": 91.132,
                                    "Actual Total Time": 91.133,
                                    "Actual Rows": 1,
                                    "Actual Loops": 1
                                },
                                {
                                    "Worker Number": 2,
                                    "Actual Startup Time": 91.481,
                                    "Actual Total Time": 91.483,
                                    "Actual Rows": 1,
                                    "Actual Loops": 1
                                }
                            ],
                            "Plans": [
                                {
                                    "Node Type": "Seq Scan",
                                    "Parent Relationship": "Outer",
                                    "Parallel Aware": true,
                                    "Relation Name": "movie_companies",
                                    "Schema": "public",
                                    "Alias": "mc",
                                    "Startup Cost": 0.0,
                                    "Total Cost": 29310.68,
                                    "Plan Rows": 182167,
                                    "Plan Width": 0,
                                    "Actual Startup Time": 47.596,
                                    "Actual Total Time": 85.394,
                                    "Actual Rows": 141154,
                                    "Actual Loops": 4,
                                    "Output": [
                                        "id",
                                        "movie_id",
                                        "company_id",
                                        "company_type_id",
                                        "note"
                                    ],
                                    "Filter": "(mc.company_id > 71525)",
                                    "Rows Removed by Filter": 511128,
                                    "Workers": [
                                        {
                                            "Worker Number": 0,
                                            "Actual Startup Time": 45.001,
                                            "Actual Total Time": 83.028,
                                            "Actual Rows": 115623,
                                            "Actual Loops": 1
                                        },
                                        {
                                            "Worker Number": 1,
                                            "Actual Startup Time": 45.122,
                                            "Actual Total Time": 83.265,
                                            "Actual Rows": 114002,
                                            "Actual Loops": 1
                                        },
                                        {
                                            "Worker Number": 2,
                                            "Actual Startup Time": 45.471,
                                            "Actual Total Time": 83.556,
                                            "Actual Rows": 114664,
                                            "Actual Loops": 1
                                        }
                                    ]
                                }
                            ]
                        }
                    ]
                }
            ]
        },
        "Planning Time": 1318.869,
        "Triggers": [],
        "Execution Time": 108.654
    }
]