{
    "Plan": {
        "Node Type": "Aggregate",
        "Strategy": "Plain",
        "Partial Mode": "Finalize",
        "Parallel Aware": false,
        "Startup Cost": 69729.08,
        "Total Cost": 69729.09,
        "Plan Rows": 1,
        "Plan Width": 8,
        "Actual Startup Time": 122.871,
        "Actual Total Time": 140.163,
        "Actual Rows": 1,
        "Actual Loops": 1,
        "Output": [
            "count(*)"
        ],
        "Plans": [
            {
                "Node Type": "Gather",
                "Parent Relationship": "Outer",
                "Parallel Aware": false,
                "Startup Cost": 69728.66,
                "Total Cost": 69729.07,
                "Plan Rows": 4,
                "Plan Width": 8,
                "Actual Startup Time": 122.692,
                "Actual Total Time": 140.154,
                "Actual Rows": 5,
                "Actual Loops": 1,
                "Output": [
                    "(PARTIAL count(*))"
                ],
                "Workers Planned": 4,
                "Workers Launched": 4,
                "Single Copy": false,
                "Plans": [
                    {
                        "Node Type": "Aggregate",
                        "Strategy": "Plain",
                        "Partial Mode": "Partial",
                        "Parent Relationship": "Outer",
                        "Parallel Aware": false,
                        "Startup Cost": 68728.66,
                        "Total Cost": 68728.67,
                        "Plan Rows": 1,
                        "Plan Width": 8,
                        "Actual Startup Time": 112.36,
                        "Actual Total Time": 112.364,
                        "Actual Rows": 1,
                        "Actual Loops": 5,
                        "Output": [
                            "PARTIAL count(*)"
                        ],
                        "Workers": [
                            {
                                "Worker Number": 0,
                                "Actual Startup Time": 109.725,
                                "Actual Total Time": 109.728,
                                "Actual Rows": 1,
                                "Actual Loops": 1
                            },
                            {
                                "Worker Number": 1,
                                "Actual Startup Time": 109.77,
                                "Actual Total Time": 109.773,
                                "Actual Rows": 1,
                                "Actual Loops": 1
                            },
                            {
                                "Worker Number": 2,
                                "Actual Startup Time": 109.864,
                                "Actual Total Time": 109.871,
                                "Actual Rows": 1,
                                "Actual Loops": 1
                            },
                            {
                                "Worker Number": 3,
                                "Actual Startup Time": 110.637,
                                "Actual Total Time": 110.639,
                                "Actual Rows": 1,
                                "Actual Loops": 1
                            }
                        ],
                        "Plans": [
                            {
                                "Node Type": "Nested Loop",
                                "Parent Relationship": "Outer",
                                "Parallel Aware": false,
                                "Join Type": "Inner",
                                "Startup Cost": 1.43,
                                "Total Cost": 68713.54,
                                "Plan Rows": 6048,
                                "Plan Width": 0,
                                "Actual Startup Time": 0.914,
                                "Actual Total Time": 110.821,
                                "Actual Rows": 25020,
                                "Actual Loops": 5,
                                "Inner Unique": false,
                                "Workers": [
                                    {
                                        "Worker Number": 0,
                                        "Actual Startup Time": 1.367,
                                        "Actual Total Time": 108.681,
                                        "Actual Rows": 12592,
                                        "Actual Loops": 1
                                    },
                                    {
                                        "Worker Number": 1,
                                        "Actual Startup Time": 0.698,
                                        "Actual Total Time": 108.257,
                                        "Actual Rows": 22336,
                                        "Actual Loops": 1
                                    },
                                    {
                                        "Worker Number": 2,
                                        "Actual Startup Time": 1.652,
                                        "Actual Total Time": 108.957,
                                        "Actual Rows": 15783,
                                        "Actual Loops": 1
                                    },
                                    {
                                        "Worker Number": 3,
                                        "Actual Startup Time": 0.703,
                                        "Actual Total Time": 109.322,
                                        "Actual Rows": 25459,
                                        "Actual Loops": 1
                                    }
                                ],
                                "Plans": [
                                    {
                                        "Node Type": "Nested Loop",
                                        "Parent Relationship": "Outer",
                                        "Parallel Aware": false,
                                        "Join Type": "Inner",
                                        "Startup Cost": 0.99,
                                        "Total Cost": 62355.96,
                                        "Plan Rows": 3380,
                                        "Plan Width": 8,
                                        "Actual Startup Time": 0.331,
                                        "Actual Total Time": 72.081,
                                        "Actual Rows": 2672,
                                        "Actual Loops": 5,
                                        "Output": [
                                            "t.id",
                                            "ci.movie_id"
                                        ],
                                        "Inner Unique": true,
                                        "Workers": [
                                            {
                                                "Worker Number": 0,
                                                "Actual Startup Time": 0.376,
                                                "Actual Total Time": 73.669,
                                                "Actual Rows": 1484,
                                                "Actual Loops": 1
                                            },
                                            {
                                                "Worker Number": 1,
                                                "Actual Startup Time": 0.371,
                                                "Actual Total Time": 69.665,
                                                "Actual Rows": 1727,
                                                "Actual Loops": 1
                                            },
                                            {
                                                "Worker Number": 2,
                                                "Actual Startup Time": 0.361,
                                                "Actual Total Time": 72.492,
                                                "Actual Rows": 2031,
                                                "Actual Loops": 1
                                            },
                                            {
                                                "Worker Number": 3,
                                                "Actual Startup Time": 0.451,
                                                "Actual Total Time": 71.934,
                                                "Actual Rows": 2007,
                                                "Actual Loops": 1
                                            }
                                        ],
                                        "Plans": [
                                            {
                                                "Node Type": "Index Scan",
                                                "Parent Relationship": "Outer",
                                                "Parallel Aware": true,
                                                "Scan Direction": "Forward",
                                                "Index Name": "role_id_cast_info",
                                                "Relation Name": "cast_info",
                                                "Schema": "public",
                                                "Alias": "ci",
                                                "Startup Cost": 0.56,
                                                "Total Cost": 26238.71,
                                                "Plan Rows": 8585,
                                                "Plan Width": 4,
                                                "Actual Startup Time": 0.139,
                                                "Actual Total Time": 35.106,
                                                "Actual Rows": 3912,
                                                "Actual Loops": 5,
                                                "Output": [
                                                    "ci.id",
                                                    "ci.person_id",
                                                    "ci.movie_id",
                                                    "ci.person_role_id",
                                                    "ci.note",
                                                    "ci.nr_order",
                                                    "ci.role_id"
                                                ],
                                                "Index Cond": "(ci.role_id = 5)",
                                                "Rows Removed by Index Recheck": 0,
                                                "Filter": "(ci.person_id < 135573)",
                                                "Rows Removed by Filter": 175765,
                                                "Workers": [
                                                    {
                                                        "Worker Number": 0,
                                                        "Actual Startup Time": 0.17,
                                                        "Actual Total Time": 35.503,
                                                        "Actual Rows": 2418,
                                                        "Actual Loops": 1
                                                    },
                                                    {
                                                        "Worker Number": 1,
                                                        "Actual Startup Time": 0.148,
                                                        "Actual Total Time": 34.106,
                                                        "Actual Rows": 2755,
                                                        "Actual Loops": 1
                                                    },
                                                    {
                                                        "Worker Number": 2,
                                                        "Actual Startup Time": 0.148,
                                                        "Actual Total Time": 33.108,
                                                        "Actual Rows": 2864,
                                                        "Actual Loops": 1
                                                    },
                                                    {
                                                        "Worker Number": 3,
                                                        "Actual Startup Time": 0.16,
                                                        "Actual Total Time": 34.78,
                                                        "Actual Rows": 3104,
                                                        "Actual Loops": 1
                                                    }
                                                ]
                                            },
                                            {
                                                "Node Type": "Index Scan",
                                                "Parent Relationship": "Inner",
                                                "Parallel Aware": false,
                                                "Scan Direction": "Forward",
                                                "Index Name": "title_pkey",
                                                "Relation Name": "title",
                                                "Schema": "public",
                                                "Alias": "t",
                                                "Startup Cost": 0.43,
                                                "Total Cost": 4.21,
                                                "Plan Rows": 1,
                                                "Plan Width": 4,
                                                "Actual Startup Time": 0.009,
                                                "Actual Total Time": 0.009,
                                                "Actual Rows": 1,
                                                "Actual Loops": 19562,
                                                "Output": [
                                                    "t.id",
                                                    "t.title",
                                                    "t.imdb_index",
                                                    "t.kind_id",
                                                    "t.production_year",
                                                    "t.imdb_id",
                                                    "t.phonetic_code",
                                                    "t.episode_of_id",
                                                    "t.season_nr",
                                                    "t.episode_nr",
                                                    "t.series_years",
                                                    "t.md5sum"
                                                ],
                                                "Index Cond": "(t.id = ci.movie_id)",
                                                "Rows Removed by Index Recheck": 0,
                                                "Filter": "(t.kind_id < 7)",
                                                "Rows Removed by Filter": 0,
                                                "Workers": [
                                                    {
                                                        "Worker Number": 0,
                                                        "Actual Startup Time": 0.015,
                                                        "Actual Total Time": 0.015,
                                                        "Actual Rows": 1,
                                                        "Actual Loops": 2418
                                                    },
                                                    {
                                                        "Worker Number": 1,
                                                        "Actual Startup Time": 0.012,
                                                        "Actual Total Time": 0.012,
                                                        "Actual Rows": 1,
                                                        "Actual Loops": 2755
                                                    },
                                                    {
                                                        "Worker Number": 2,
                                                        "Actual Startup Time": 0.013,
                                                        "Actual Total Time": 0.013,
                                                        "Actual Rows": 1,
                                                        "Actual Loops": 2864
                                                    },
                                                    {
                                                        "Worker Number": 3,
                                                        "Actual Startup Time": 0.011,
                                                        "Actual Total Time": 0.011,
                                                        "Actual Rows": 1,
                                                        "Actual Loops": 3104
                                                    }
                                                ]
                                            }
                                        ]
                                    },
                                    {
                                        "Node Type": "Index Only Scan",
                                        "Parent Relationship": "Inner",
                                        "Parallel Aware": false,
                                        "Scan Direction": "Forward",
                                        "Index Name": "movie_id_movie_keyword",
                                        "Relation Name": "movie_keyword",
                                        "Schema": "public",
                                        "Alias": "mk",
                                        "Startup Cost": 0.43,
                                        "Total Cost": 1.42,
                                        "Plan Rows": 46,
                                        "Plan Width": 4,
                                        "Actual Startup Time": 0.011,
                                        "Actual Total Time": 0.013,
                                        "Actual Rows": 9,
                                        "Actual Loops": 13362,
                                        "Output": [
                                            "mk.movie_id"
                                        ],
                                        "Index Cond": "(mk.movie_id = t.id)",
                                        "Rows Removed by Index Recheck": 0,
                                        "Heap Fetches": 125102,
                                        "Workers": [
                                            {
                                                "Worker Number": 0,
                                                "Actual Startup Time": 0.019,
                                                "Actual Total Time": 0.022,
                                                "Actual Rows": 8,
                                                "Actual Loops": 1484
                                            },
                                            {
                                                "Worker Number": 1,
                                                "Actual Startup Time": 0.017,
                                                "Actual Total Time": 0.02,
                                                "Actual Rows": 13,
                                                "Actual Loops": 1727
                                            },
                                            {
                                                "Worker Number": 2,
                                                "Actual Startup Time": 0.015,
                                                "Actual Total Time": 0.017,
                                                "Actual Rows": 8,
                                                "Actual Loops": 2031
                                            },
                                            {
                                                "Worker Number": 3,
                                                "Actual Startup Time": 0.015,
                                                "Actual Total Time": 0.017,
                                                "Actual Rows": 13,
                                                "Actual Loops": 2007
                                            }
                                        ]
                                    }
                                ]
                            }
                        ]
                    }
                ]
            }
        ]
    },
    "Planning Time": 1.468,
    "Triggers": [],
    "Execution Time": 140.263
}