[
  {
    "Plan": {
      "Node Type": "Aggregate",
      "Strategy": "Plain",
      "Partial Mode": "Finalize",
      "Parallel Aware": false,
      "Startup Cost": 332651.73,
      "Total Cost": 332651.74,
      "Plan Rows": 1,
      "Plan Width": 8,
      "Actual Startup Time": 3039.059,
      "Actual Total Time": 3118.063,
      "Actual Rows": 1,
      "Actual Loops": 1,
      "Plans": [
        {
          "Node Type": "Gather",
          "Parent Relationship": "Outer",
          "Parallel Aware": false,
          "Startup Cost": 332651.21,
          "Total Cost": 332651.72,
          "Plan Rows": 5,
          "Plan Width": 8,
          "Actual Startup Time": 3034.725,
          "Actual Total Time": 3118.051,
          "Actual Rows": 6,
          "Actual Loops": 1,
          "Workers Planned": 5,
          "Workers Launched": 5,
          "Single Copy": false,
          "Plans": [
            {
              "Node Type": "Aggregate",
              "Strategy": "Plain",
              "Partial Mode": "Partial",
              "Parent Relationship": "Outer",
              "Parallel Aware": false,
              "Startup Cost": 331651.21,
              "Total Cost": 331651.22,
              "Plan Rows": 1,
              "Plan Width": 8,
              "Actual Startup Time": 3025.479,
              "Actual Total Time": 3025.482,
              "Actual Rows": 1,
              "Actual Loops": 6,
              "Plans": [
                {
                  "Node Type": "Nested Loop",
                  "Parent Relationship": "Outer",
                  "Parallel Aware": false,
                  "Join Type": "Inner",
                  "Startup Cost": 57104.34,
                  "Total Cost": 330712.58,
                  "Plan Rows": 375453,
                  "Plan Width": 0,
                  "Actual Startup Time": 168.92,
                  "Actual Total Time": 2897.833,
                  "Actual Rows": 2283906,
                  "Actual Loops": 6,
                  "Inner Unique": false,
                  "Plans": [
                    {
                      "Node Type": "Hash Join",
                      "Parent Relationship": "Outer",
                      "Parallel Aware": true,
                      "Join Type": "Inner",
                      "Startup Cost": 57103.77,
                      "Total Cost": 220638.66,
                      "Plan Rows": 31087,
                      "Plan Width": 8,
                      "Actual Startup Time": 168.807,
                      "Actual Total Time": 222.19,
                      "Actual Rows": 52363,
                      "Actual Loops": 6,
                      "Inner Unique": true,
                      "Hash Cond": "(mi.movie_id = t.id)",
                      "Plans": [
                        {
                          "Node Type": "Bitmap Heap Scan",
                          "Parent Relationship": "Outer",
                          "Parallel Aware": true,
                          "Relation Name": "movie_info",
                          "Alias": "mi",
                          "Startup Cost": 9214.73,
                          "Total Cost": 172482.02,
                          "Plan Rows": 101943,
                          "Plan Width": 4,
                          "Actual Startup Time": 16.967,
                          "Actual Total Time": 32.553,
                          "Actual Rows": 81092,
                          "Actual Loops": 6,
                          "Recheck Cond": "(info_type_id = 5)",
                          "Rows Removed by Index Recheck": 0,
                          "Exact Heap Blocks": 1542,
                          "Lossy Heap Blocks": 0,
                          "Plans": [
                            {
                              "Node Type": "Bitmap Index Scan",
                              "Parent Relationship": "Outer",
                              "Parallel Aware": false,
                              "Index Name": "info_type_id_movie_info",
                              "Startup Cost": 0.0,
                              "Total Cost": 9087.3,
                              "Plan Rows": 509716,
                              "Plan Width": 0,
                              "Actual Startup Time": 16.164,
                              "Actual Total Time": 16.164,
                              "Actual Rows": 486554,
                              "Actual Loops": 1,
                              "Index Cond": "(info_type_id = 5)"
                            }
                          ]
                        },
                        {
                          "Node Type": "Hash",
                          "Parent Relationship": "Inner",
                          "Parallel Aware": true,
                          "Startup Cost": 45479.59,
                          "Total Cost": 45479.59,
                          "Plan Rows": 192756,
                          "Plan Width": 4,
                          "Actual Startup Time": 149.284,
                          "Actual Total Time": 149.284,
                          "Actual Rows": 112855,
                          "Actual Loops": 6,
                          "Hash Buckets": 1048576,
                          "Original Hash Buckets": 1048576,
                          "Hash Batches": 1,
                          "Original Hash Batches": 1,
                          "Peak Memory Usage": 34784,
                          "Plans": [
                            {
                              "Node Type": "Seq Scan",
                              "Parent Relationship": "Outer",
                              "Parallel Aware": true,
                              "Relation Name": "title",
                              "Alias": "t",
                              "Startup Cost": 0.0,
                              "Total Cost": 45479.59,
                              "Plan Rows": 192756,
                              "Plan Width": 4,
                              "Actual Startup Time": 0.05,
                              "Actual Total Time": 96.28,
                              "Actual Rows": 112855,
                              "Actual Loops": 6,
                              "Filter": "((kind_id < 7) AND (production_year > 1978))",
                              "Rows Removed by Filter": 308530
                            }
                          ]
                        }
                      ]
                    },
                    {
                      "Node Type": "Index Scan",
                      "Parent Relationship": "Inner",
                      "Parallel Aware": false,
                      "Scan Direction": "Forward",
                      "Index Name": "movie_id_cast_info",
                      "Relation Name": "cast_info",
                      "Alias": "ci",
                      "Startup Cost": 0.56,
                      "Total Cost": 3.25,
                      "Plan Rows": 29,
                      "Plan Width": 4,
                      "Actual Startup Time": 0.005,
                      "Actual Total Time": 0.047,
                      "Actual Rows": 44,
                      "Actual Loops": 314180,
                      "Index Cond": "(movie_id = t.id)",
                      "Rows Removed by Index Recheck": 0,
                      "Filter": "(role_id < 9)",
                      "Rows Removed by Filter": 26
                    }
                  ]
                }
              ]
            }
          ]
        }
      ]
    },
    "Planning Time": 0.585,
    "Triggers": [],
    "Execution Time": 3118.166
  }
]