[
    {
        "Bao": {
            "Bao prediction": "NaN",
            "Bao recommended hint": "(no hint)"
        }
    },
    {
        "Plan": {
            "Node Type": "Aggregate",
            "Strategy": "Plain",
            "Partial Mode": "Finalize",
            "Parallel Aware": false,
            "Startup Cost": 43808.84,
            "Total Cost": 43808.85,
            "Plan Rows": 1,
            "Plan Width": 8,
            "Actual Startup Time": 129.276,
            "Actual Total Time": 135.388,
            "Actual Rows": 1,
            "Actual Loops": 1,
            "Output": [
                "count(*)"
            ],
            "Plans": [
                {
                    "Node Type": "Gather",
                    "Parent Relationship": "Outer",
                    "Parallel Aware": false,
                    "Startup Cost": 43808.53,
                    "Total Cost": 43808.84,
                    "Plan Rows": 3,
                    "Plan Width": 8,
                    "Actual Startup Time": 128.949,
                    "Actual Total Time": 135.38,
                    "Actual Rows": 4,
                    "Actual Loops": 1,
                    "Output": [
                        "(PARTIAL count(*))"
                    ],
                    "Workers Planned": 3,
                    "Workers Launched": 3,
                    "Single Copy": false,
                    "Plans": [
                        {
                            "Node Type": "Aggregate",
                            "Strategy": "Plain",
                            "Partial Mode": "Partial",
                            "Parent Relationship": "Outer",
                            "Parallel Aware": false,
                            "Startup Cost": 42808.53,
                            "Total Cost": 42808.54,
                            "Plan Rows": 1,
                            "Plan Width": 8,
                            "Actual Startup Time": 120.212,
                            "Actual Total Time": 120.214,
                            "Actual Rows": 1,
                            "Actual Loops": 4,
                            "Output": [
                                "PARTIAL count(*)"
                            ],
                            "Workers": [
                                {
                                    "Worker Number": 0,
                                    "Actual Startup Time": 117.173,
                                    "Actual Total Time": 117.175,
                                    "Actual Rows": 1,
                                    "Actual Loops": 1
                                },
                                {
                                    "Worker Number": 1,
                                    "Actual Startup Time": 117.549,
                                    "Actual Total Time": 117.551,
                                    "Actual Rows": 1,
                                    "Actual Loops": 1
                                },
                                {
                                    "Worker Number": 2,
                                    "Actual Startup Time": 117.485,
                                    "Actual Total Time": 117.486,
                                    "Actual Rows": 1,
                                    "Actual Loops": 1
                                }
                            ],
                            "Plans": [
                                {
                                    "Node Type": "Bitmap Heap Scan",
                                    "Parent Relationship": "Outer",
                                    "Parallel Aware": true,
                                    "Relation Name": "movie_keyword",
                                    "Schema": "public",
                                    "Alias": "mk",
                                    "Startup Cost": 14945.14,
                                    "Total Cost": 42240.29,
                                    "Plan Rows": 227293,
                                    "Plan Width": 0,
                                    "Actual Startup Time": 32.616,
                                    "Actual Total Time": 110.55,
                                    "Actual Rows": 176475,
                                    "Actual Loops": 4,
                                    "Recheck Cond": "(mk.keyword_id < 591)",
                                    "Rows Removed by Index Recheck": 0,
                                    "Exact Heap Blocks": 10848,
                                    "Lossy Heap Blocks": 0,
                                    "Workers": [
                                        {
                                            "Worker Number": 0,
                                            "Actual Startup Time": 29.689,
                                            "Actual Total Time": 108.789,
                                            "Actual Rows": 139785,
                                            "Actual Loops": 1
                                        },
                                        {
                                            "Worker Number": 1,
                                            "Actual Startup Time": 30.045,
                                            "Actual Total Time": 108.527,
                                            "Actual Rows": 150261,
                                            "Actual Loops": 1
                                        },
                                        {
                                            "Worker Number": 2,
                                            "Actual Startup Time": 29.954,
                                            "Actual Total Time": 108.43,
                                            "Actual Rows": 104941,
                                            "Actual Loops": 1
                                        }
                                    ],
                                    "Plans": [
                                        {
                                            "Node Type": "Bitmap Index Scan",
                                            "Parent Relationship": "Outer",
                                            "Parallel Aware": false,
                                            "Index Name": "keyword_id_movie_keyword",
                                            "Startup Cost": 0.0,
                                            "Total Cost": 14768.99,
                                            "Plan Rows": 704607,
                                            "Plan Width": 0,
                                            "Actual Startup Time": 37.271,
                                            "Actual Total Time": 37.271,
                                            "Actual Rows": 705901,
                                            "Actual Loops": 1,
                                            "Index Cond": "(mk.keyword_id < 591)"
                                        }
                                    ]
                                }
                            ]
                        }
                    ]
                }
            ]
        },
        "Planning Time": 211.585,
        "Triggers": [],
        "Execution Time": 135.448
    }
]