[
  {
    "Plan": {
      "Node Type": "Aggregate",
      "Strategy": "Plain",
      "Partial Mode": "Finalize",
      "Parallel Aware": false,
      "Startup Cost": 46872.12,
      "Total Cost": 46872.13,
      "Plan Rows": 1,
      "Plan Width": 8,
      "Actual Startup Time": 94.125,
      "Actual Total Time": 105.879,
      "Actual Rows": 1,
      "Actual Loops": 1,
      "Plans": [
        {
          "Node Type": "Gather",
          "Parent Relationship": "Outer",
          "Parallel Aware": false,
          "Startup Cost": 46871.7,
          "Total Cost": 46872.11,
          "Plan Rows": 4,
          "Plan Width": 8,
          "Actual Startup Time": 93.997,
          "Actual Total Time": 105.873,
          "Actual Rows": 5,
          "Actual Loops": 1,
          "Workers Planned": 4,
          "Workers Launched": 4,
          "Single Copy": false,
          "Plans": [
            {
              "Node Type": "Aggregate",
              "Strategy": "Plain",
              "Partial Mode": "Partial",
              "Parent Relationship": "Outer",
              "Parallel Aware": false,
              "Startup Cost": 45871.7,
              "Total Cost": 45871.71,
              "Plan Rows": 1,
              "Plan Width": 8,
              "Actual Startup Time": 87.606,
              "Actual Total Time": 87.608,
              "Actual Rows": 1,
              "Actual Loops": 5,
              "Plans": [
                {
                  "Node Type": "Seq Scan",
                  "Parent Relationship": "Outer",
                  "Parallel Aware": true,
                  "Relation Name": "title",
                  "Alias": "t",
                  "Startup Cost": 0.0,
                  "Total Cost": 45479.59,
                  "Plan Rows": 156847,
                  "Plan Width": 0,
                  "Actual Startup Time": 36.015,
                  "Actual Total Time": 82.107,
                  "Actual Rows": 120918,
                  "Actual Loops": 5,
                  "Filter": "((production_year > 1913) AND (kind_id = 1))",
                  "Rows Removed by Filter": 384744
                }
              ]
            }
          ]
        }
      ]
    },
    "Planning Time": 0.083,
    "Triggers": [],
    "Execution Time": 105.908
  }
]