[
  {
    "Plan": {
      "Node Type": "Aggregate",
      "Strategy": "Plain",
      "Partial Mode": "Finalize",
      "Parallel Aware": false,
      "Startup Cost": 340168.74,
      "Total Cost": 340168.75,
      "Plan Rows": 1,
      "Plan Width": 8,
      "Actual Startup Time": 485.186,
      "Actual Total Time": 506.723,
      "Actual Rows": 1,
      "Actual Loops": 1,
      "Plans": [
        {
          "Node Type": "Gather",
          "Parent Relationship": "Outer",
          "Parallel Aware": false,
          "Startup Cost": 340168.11,
          "Total Cost": 340168.72,
          "Plan Rows": 6,
          "Plan Width": 8,
          "Actual Startup Time": 485.114,
          "Actual Total Time": 506.713,
          "Actual Rows": 7,
          "Actual Loops": 1,
          "Workers Planned": 6,
          "Workers Launched": 6,
          "Single Copy": false,
          "Plans": [
            {
              "Node Type": "Aggregate",
              "Strategy": "Plain",
              "Partial Mode": "Partial",
              "Parent Relationship": "Outer",
              "Parallel Aware": false,
              "Startup Cost": 339168.11,
              "Total Cost": 339168.12,
              "Plan Rows": 1,
              "Plan Width": 8,
              "Actual Startup Time": 475.571,
              "Actual Total Time": 475.572,
              "Actual Rows": 1,
              "Actual Loops": 7,
              "Plans": [
                {
                  "Node Type": "Index Scan",
                  "Parent Relationship": "Outer",
                  "Parallel Aware": true,
                  "Scan Direction": "Forward",
                  "Index Name": "role_id_cast_info",
                  "Relation Name": "cast_info",
                  "Alias": "ci",
                  "Startup Cost": 0.56,
                  "Total Cost": 335235.55,
                  "Plan Rows": 1573025,
                  "Plan Width": 0,
                  "Actual Startup Time": 218.867,
                  "Actual Total Time": 430.07,
                  "Actual Rows": 886932,
                  "Actual Loops": 7,
                  "Index Cond": "(role_id < 2)",
                  "Rows Removed by Index Recheck": 0,
                  "Filter": "(person_id > 881675)",
                  "Rows Removed by Filter": 923166
                }
              ]
            }
          ]
        }
      ]
    },
    "Planning Time": 0.241,
    "Triggers": [],
    "Execution Time": 506.794
  }
]