[
    {
        "Bao": {
            "Bao prediction": "NaN",
            "Bao recommended hint": "(no hint)"
        }
    },
    {
        "Plan": {
            "Node Type": "Aggregate",
            "Strategy": "Plain",
            "Partial Mode": "Finalize",
            "Parallel Aware": false,
            "Startup Cost": 399777.86,
            "Total Cost": 399777.87,
            "Plan Rows": 1,
            "Plan Width": 8,
            "Actual Startup Time": 4338.523,
            "Actual Total Time": 4415.046,
            "Actual Rows": 1,
            "Actual Loops": 1,
            "Output": [
                "count(*)"
            ],
            "Plans": [
                {
                    "Node Type": "Gather",
                    "Parent Relationship": "Outer",
                    "Parallel Aware": false,
                    "Startup Cost": 399777.34,
                    "Total Cost": 399777.85,
                    "Plan Rows": 5,
                    "Plan Width": 8,
                    "Actual Startup Time": 4335.028,
                    "Actual Total Time": 4415.032,
                    "Actual Rows": 6,
                    "Actual Loops": 1,
                    "Output": [
                        "(PARTIAL count(*))"
                    ],
                    "Workers Planned": 5,
                    "Workers Launched": 5,
                    "Single Copy": false,
                    "Plans": [
                        {
                            "Node Type": "Aggregate",
                            "Strategy": "Plain",
                            "Partial Mode": "Partial",
                            "Parent Relationship": "Outer",
                            "Parallel Aware": false,
                            "Startup Cost": 398777.34,
                            "Total Cost": 398777.35,
                            "Plan Rows": 1,
                            "Plan Width": 8,
                            "Actual Startup Time": 4324.889,
                            "Actual Total Time": 4324.894,
                            "Actual Rows": 1,
                            "Actual Loops": 6,
                            "Output": [
                                "PARTIAL count(*)"
                            ],
                            "Workers": [
                                {
                                    "Worker Number": 0,
                                    "Actual Startup Time": 4322.155,
                                    "Actual Total Time": 4322.159,
                                    "Actual Rows": 1,
                                    "Actual Loops": 1
                                },
                                {
                                    "Worker Number": 1,
                                    "Actual Startup Time": 4322.611,
                                    "Actual Total Time": 4322.614,
                                    "Actual Rows": 1,
                                    "Actual Loops": 1
                                },
                                {
                                    "Worker Number": 2,
                                    "Actual Startup Time": 4323.05,
                                    "Actual Total Time": 4323.054,
                                    "Actual Rows": 1,
                                    "Actual Loops": 1
                                },
                                {
                                    "Worker Number": 3,
                                    "Actual Startup Time": 4323.316,
                                    "Actual Total Time": 4323.321,
                                    "Actual Rows": 1,
                                    "Actual Loops": 1
                                },
                                {
                                    "Worker Number": 4,
                                    "Actual Startup Time": 4323.637,
                                    "Actual Total Time": 4323.642,
                                    "Actual Rows": 1,
                                    "Actual Loops": 1
                                }
                            ],
                            "Plans": [
                                {
                                    "Node Type": "Nested Loop",
                                    "Parent Relationship": "Outer",
                                    "Parallel Aware": false,
                                    "Join Type": "Inner",
                                    "Startup Cost": 46590.61,
                                    "Total Cost": 396531.14,
                                    "Plan Rows": 898480,
                                    "Plan Width": 0,
                                    "Actual Startup Time": 113.19,
                                    "Actual Total Time": 4092.295,
                                    "Actual Rows": 4959418,
                                    "Actual Loops": 6,
                                    "Inner Unique": false,
                                    "Join Filter": "(t.id = ci.movie_id)",
                                    "Rows Removed by Join Filter": 0,
                                    "Workers": [
                                        {
                                            "Worker Number": 0,
                                            "Actual Startup Time": 110.428,
                                            "Actual Total Time": 4099.712,
                                            "Actual Rows": 5410895,
                                            "Actual Loops": 1
                                        },
                                        {
                                            "Worker Number": 1,
                                            "Actual Startup Time": 110.852,
                                            "Actual Total Time": 4092.327,
                                            "Actual Rows": 4232214,
                                            "Actual Loops": 1
                                        },
                                        {
                                            "Worker Number": 2,
                                            "Actual Startup Time": 111.324,
                                            "Actual Total Time": 4100.66,
                                            "Actual Rows": 5355162,
                                            "Actual Loops": 1
                                        },
                                        {
                                            "Worker Number": 3,
                                            "Actual Startup Time": 111.588,
                                            "Actual Total Time": 4100.121,
                                            "Actual Rows": 5436984,
                                            "Actual Loops": 1
                                        },
                                        {
                                            "Worker Number": 4,
                                            "Actual Startup Time": 112.166,
                                            "Actual Total Time": 4071.79,
                                            "Actual Rows": 3728648,
                                            "Actual Loops": 1
                                        }
                                    ],
                                    "Plans": [
                                        {
                                            "Node Type": "Hash Join",
                                            "Parent Relationship": "Outer",
                                            "Parallel Aware": true,
                                            "Join Type": "Inner",
                                            "Startup Cost": 46590.05,
                                            "Total Cost": 246640.71,
                                            "Plan Rows": 62661,
                                            "Plan Width": 8,
                                            "Actual Startup Time": 113.059,
                                            "Actual Total Time": 480.95,
                                            "Actual Rows": 90917,
                                            "Actual Loops": 6,
                                            "Output": [
                                                "t.id",
                                                "mi.movie_id"
                                            ],
                                            "Inner Unique": true,
                                            "Hash Cond": "(mi.movie_id = t.id)",
                                            "Workers": [
                                                {
                                                    "Worker Number": 0,
                                                    "Actual Startup Time": 110.325,
                                                    "Actual Total Time": 482.144,
                                                    "Actual Rows": 97580,
                                                    "Actual Loops": 1
                                                },
                                                {
                                                    "Worker Number": 1,
                                                    "Actual Startup Time": 110.734,
                                                    "Actual Total Time": 477.706,
                                                    "Actual Rows": 80855,
                                                    "Actual Loops": 1
                                                },
                                                {
                                                    "Worker Number": 2,
                                                    "Actual Startup Time": 111.219,
                                                    "Actual Total Time": 480.951,
                                                    "Actual Rows": 97506,
                                                    "Actual Loops": 1
                                                },
                                                {
                                                    "Worker Number": 3,
                                                    "Actual Startup Time": 111.488,
                                                    "Actual Total Time": 478.149,
                                                    "Actual Rows": 95444,
                                                    "Actual Loops": 1
                                                },
                                                {
                                                    "Worker Number": 4,
                                                    "Actual Startup Time": 111.827,
                                                    "Actual Total Time": 473.621,
                                                    "Actual Rows": 67073,
                                                    "Actual Loops": 1
                                                }
                                            ],
                                            "Plans": [
                                                {
                                                    "Node Type": "Seq Scan",
                                                    "Parent Relationship": "Outer",
                                                    "Parallel Aware": true,
                                                    "Relation Name": "movie_info",
                                                    "Schema": "public",
                                                    "Alias": "mi",
                                                    "Startup Cost": 0.0,
                                                    "Total Cost": 198880.74,
                                                    "Plan Rows": 445687,
                                                    "Plan Width": 4,
                                                    "Actual Startup Time": 15.448,
                                                    "Actual Total Time": 286.117,
                                                    "Actual Rows": 372308,
                                                    "Actual Loops": 6,
                                                    "Output": [
                                                        "mi.id",
                                                        "mi.movie_id",
                                                        "mi.info_type_id",
                                                        "mi.info",
                                                        "mi.note"
                                                    ],
                                                    "Filter": "(mi.info_type_id > 16)",
                                                    "Rows Removed by Filter": 2100312,
                                                    "Workers": [
                                                        {
                                                            "Worker Number": 0,
                                                            "Actual Startup Time": 15.487,
                                                            "Actual Total Time": 288.379,
                                                            "Actual Rows": 408479,
                                                            "Actual Loops": 1
                                                        },
                                                        {
                                                            "Worker Number": 1,
                                                            "Actual Startup Time": 15.394,
                                                            "Actual Total Time": 288.594,
                                                            "Actual Rows": 316402,
                                                            "Actual Loops": 1
                                                        },
                                                        {
                                                            "Worker Number": 2,
                                                            "Actual Startup Time": 15.499,
                                                            "Actual Total Time": 288.37,
                                                            "Actual Rows": 401946,
                                                            "Actual Loops": 1
                                                        },
                                                        {
                                                            "Worker Number": 3,
                                                            "Actual Startup Time": 15.494,
                                                            "Actual Total Time": 286.461,
                                                            "Actual Rows": 386646,
                                                            "Actual Loops": 1
                                                        },
                                                        {
                                                            "Worker Number": 4,
                                                            "Actual Startup Time": 15.325,
                                                            "Actual Total Time": 289.279,
                                                            "Actual Rows": 256913,
                                                            "Actual Loops": 1
                                                        }
                                                    ]
                                                },
                                                {
                                                    "Node Type": "Hash",
                                                    "Parent Relationship": "Inner",
                                                    "Parallel Aware": true,
                                                    "Startup Cost": 45479.21,
                                                    "Total Cost": 45479.21,
                                                    "Plan Rows": 88867,
                                                    "Plan Width": 4,
                                                    "Actual Startup Time": 95.946,
                                                    "Actual Total Time": 95.947,
                                                    "Actual Rows": 50348,
                                                    "Actual Loops": 6,
                                                    "Output": [
                                                        "t.id"
                                                    ],
                                                    "Hash Buckets": 524288,
                                                    "Original Hash Buckets": 524288,
                                                    "Hash Batches": 1,
                                                    "Original Hash Batches": 1,
                                                    "Peak Memory Usage": 16000,
                                                    "Workers": [
                                                        {
                                                            "Worker Number": 0,
                                                            "Actual Startup Time": 94.43,
                                                            "Actual Total Time": 94.431,
                                                            "Actual Rows": 52507,
                                                            "Actual Loops": 1
                                                        },
                                                        {
                                                            "Worker Number": 1,
                                                            "Actual Startup Time": 94.568,
                                                            "Actual Total Time": 94.569,
                                                            "Actual Rows": 34340,
                                                            "Actual Loops": 1
                                                        },
                                                        {
                                                            "Worker Number": 2,
                                                            "Actual Startup Time": 95.248,
                                                            "Actual Total Time": 95.248,
                                                            "Actual Rows": 53259,
                                                            "Actual Loops": 1
                                                        },
                                                        {
                                                            "Worker Number": 3,
                                                            "Actual Startup Time": 95.578,
                                                            "Actual Total Time": 95.579,
                                                            "Actual Rows": 53484,
                                                            "Actual Loops": 1
                                                        },
                                                        {
                                                            "Worker Number": 4,
                                                            "Actual Startup Time": 95.856,
                                                            "Actual Total Time": 95.857,
                                                            "Actual Rows": 34325,
                                                            "Actual Loops": 1
                                                        }
                                                    ],
                                                    "Plans": [
                                                        {
                                                            "Node Type": "Seq Scan",
                                                            "Parent Relationship": "Outer",
                                                            "Parallel Aware": true,
                                                            "Relation Name": "title",
                                                            "Schema": "public",
                                                            "Alias": "t",
                                                            "Startup Cost": 0.0,
                                                            "Total Cost": 45479.21,
                                                            "Plan Rows": 88867,
                                                            "Plan Width": 4,
                                                            "Actual Startup Time": 0.058,
                                                            "Actual Total Time": 74.526,
                                                            "Actual Rows": 50348,
                                                            "Actual Loops": 6,
                                                            "Output": [
                                                                "t.id"
                                                            ],
                                                            "Filter": "((t.kind_id < 7) AND (t.production_year > 2006))",
                                                            "Rows Removed by Filter": 371037,
                                                            "Workers": [
                                                                {
                                                                    "Worker Number": 0,
                                                                    "Actual Startup Time": 0.077,
                                                                    "Actual Total Time": 73.069,
                                                                    "Actual Rows": 52507,
                                                                    "Actual Loops": 1
                                                                },
                                                                {
                                                                    "Worker Number": 1,
                                                                    "Actual Startup Time": 0.077,
                                                                    "Actual Total Time": 73.438,
                                                                    "Actual Rows": 34340,
                                                                    "Actual Loops": 1
                                                                },
                                                                {
                                                                    "Worker Number": 2,
                                                                    "Actual Startup Time": 0.046,
                                                                    "Actual Total Time": 74.304,
                                                                    "Actual Rows": 53259,
                                                                    "Actual Loops": 1
                                                                },
                                                                {
                                                                    "Worker Number": 3,
                                                                    "Actual Startup Time": 0.06,
                                                                    "Actual Total Time": 74.553,
                                                                    "Actual Rows": 53484,
                                                                    "Actual Loops": 1
                                                                },
                                                                {
                                                                    "Worker Number": 4,
                                                                    "Actual Startup Time": 0.052,
                                                                    "Actual Total Time": 75.201,
                                                                    "Actual Rows": 34325,
                                                                    "Actual Loops": 1
                                                                }
                                                            ]
                                                        }
                                                    ]
                                                }
                                            ]
                                        },
                                        {
                                            "Node Type": "Index Only Scan",
                                            "Parent Relationship": "Inner",
                                            "Parallel Aware": false,
                                            "Scan Direction": "Forward",
                                            "Index Name": "movie_id_cast_info",
                                            "Relation Name": "cast_info",
                                            "Schema": "public",
                                            "Alias": "ci",
                                            "Startup Cost": 0.56,
                                            "Total Cost": 1.92,
                                            "Plan Rows": 38,
                                            "Plan Width": 4,
                                            "Actual Startup Time": 0.006,
                                            "Actual Total Time": 0.035,
                                            "Actual Rows": 55,
                                            "Actual Loops": 545500,
                                            "Output": [
                                                "ci.movie_id"
                                            ],
                                            "Index Cond": "(ci.movie_id = mi.movie_id)",
                                            "Rows Removed by Index Recheck": 0,
                                            "Heap Fetches": 29756507,
                                            "Workers": [
                                                {
                                                    "Worker Number": 0,
                                                    "Actual Startup Time": 0.006,
                                                    "Actual Total Time": 0.033,
                                                    "Actual Rows": 55,
                                                    "Actual Loops": 97580
                                                },
                                                {
                                                    "Worker Number": 1,
                                                    "Actual Startup Time": 0.008,
                                                    "Actual Total Time": 0.039,
                                                    "Actual Rows": 52,
                                                    "Actual Loops": 80855
                                                },
                                                {
                                                    "Worker Number": 2,
                                                    "Actual Startup Time": 0.006,
                                                    "Actual Total Time": 0.033,
                                                    "Actual Rows": 55,
                                                    "Actual Loops": 97506
                                                },
                                                {
                                                    "Worker Number": 3,
                                                    "Actual Startup Time": 0.006,
                                                    "Actual Total Time": 0.033,
                                                    "Actual Rows": 57,
                                                    "Actual Loops": 95444
                                                },
                                                {
                                                    "Worker Number": 4,
                                                    "Actual Startup Time": 0.009,
                                                    "Actual Total Time": 0.046,
                                                    "Actual Rows": 56,
                                                    "Actual Loops": 67073
                                                }
                                            ]
                                        }
                                    ]
                                }
                            ]
                        }
                    ]
                }
            ]
        },
        "Planning Time": 180.612,
        "Triggers": [],
        "Execution Time": 4415.183
    }
]