[
  {
    "Plan": {
      "Node Type": "Aggregate",
      "Strategy": "Plain",
      "Partial Mode": "Finalize",
      "Parallel Aware": false,
      "Startup Cost": 85562.37,
      "Total Cost": 85562.38,
      "Plan Rows": 1,
      "Plan Width": 8,
      "Actual Startup Time": 476.574,
      "Actual Total Time": 494.226,
      "Actual Rows": 1,
      "Actual Loops": 1,
      "Plans": [
        {
          "Node Type": "Gather",
          "Parent Relationship": "Outer",
          "Parallel Aware": false,
          "Startup Cost": 85562.05,
          "Total Cost": 85562.36,
          "Plan Rows": 3,
          "Plan Width": 8,
          "Actual Startup Time": 466.875,
          "Actual Total Time": 494.215,
          "Actual Rows": 4,
          "Actual Loops": 1,
          "Workers Planned": 3,
          "Workers Launched": 3,
          "Single Copy": false,
          "Plans": [
            {
              "Node Type": "Aggregate",
              "Strategy": "Plain",
              "Partial Mode": "Partial",
              "Parent Relationship": "Outer",
              "Parallel Aware": false,
              "Startup Cost": 84562.05,
              "Total Cost": 84562.06,
              "Plan Rows": 1,
              "Plan Width": 8,
              "Actual Startup Time": 458.903,
              "Actual Total Time": 458.907,
              "Actual Rows": 1,
              "Actual Loops": 4,
              "Plans": [
                {
                  "Node Type": "Hash Join",
                  "Parent Relationship": "Outer",
                  "Parallel Aware": true,
                  "Join Type": "Inner",
                  "Startup Cost": 58088.76,
                  "Total Cost": 84321.82,
                  "Plan Rows": 96094,
                  "Plan Width": 0,
                  "Actual Startup Time": 353.828,
                  "Actual Total Time": 453.516,
                  "Actual Rows": 85140,
                  "Actual Loops": 4,
                  "Inner Unique": true,
                  "Hash Cond": "(mk.movie_id = t.id)",
                  "Plans": [
                    {
                      "Node Type": "Bitmap Heap Scan",
                      "Parent Relationship": "Outer",
                      "Parallel Aware": true,
                      "Relation Name": "movie_keyword",
                      "Alias": "mk",
                      "Startup Cost": 7734.34,
                      "Total Cost": 33658.63,
                      "Plan Rows": 117624,
                      "Plan Width": 4,
                      "Actual Startup Time": 35.813,
                      "Actual Total Time": 89.297,
                      "Actual Rows": 90524,
                      "Actual Loops": 4,
                      "Recheck Cond": "(keyword_id < 333)",
                      "Rows Removed by Index Recheck": 0,
                      "Exact Heap Blocks": 8745,
                      "Lossy Heap Blocks": 0,
                      "Plans": [
                        {
                          "Node Type": "Bitmap Index Scan",
                          "Parent Relationship": "Outer",
                          "Parallel Aware": false,
                          "Index Name": "keyword_id_movie_keyword",
                          "Startup Cost": 0.0,
                          "Total Cost": 7643.18,
                          "Plan Rows": 364633,
                          "Plan Width": 0,
                          "Actual Startup Time": 30.113,
                          "Actual Total Time": 30.114,
                          "Actual Rows": 362095,
                          "Actual Loops": 1,
                          "Index Cond": "(keyword_id < 333)"
                        }
                      ]
                    },
                    {
                      "Node Type": "Hash",
                      "Parent Relationship": "Inner",
                      "Parallel Aware": true,
                      "Startup Cost": 43899.32,
                      "Total Cost": 43899.32,
                      "Plan Rows": 516408,
                      "Plan Width": 4,
                      "Actual Startup Time": 313.058,
                      "Actual Total Time": 313.059,
                      "Actual Rows": 516138,
                      "Actual Loops": 4,
                      "Hash Buckets": 2097152,
                      "Original Hash Buckets": 2097152,
                      "Hash Batches": 1,
                      "Original Hash Batches": 1,
                      "Peak Memory Usage": 97216,
                      "Plans": [
                        {
                          "Node Type": "Seq Scan",
                          "Parent Relationship": "Outer",
                          "Parallel Aware": true,
                          "Relation Name": "title",
                          "Alias": "t",
                          "Startup Cost": 0.0,
                          "Total Cost": 43899.32,
                          "Plan Rows": 516408,
                          "Plan Width": 4,
                          "Actual Startup Time": 0.041,
                          "Actual Total Time": 124.1,
                          "Actual Rows": 516138,
                          "Actual Loops": 4,
                          "Filter": "(production_year < 2011)",
                          "Rows Removed by Filter": 115940
                        }
                      ]
                    }
                  ]
                }
              ]
            }
          ]
        }
      ]
    },
    "Planning Time": 0.262,
    "Triggers": [],
    "Execution Time": 494.28
  }
]