[
  {
    "Plan": {
      "Node Type": "Aggregate",
      "Strategy": "Plain",
      "Partial Mode": "Finalize",
      "Parallel Aware": false,
      "Startup Cost": 89732.71,
      "Total Cost": 89732.72,
      "Plan Rows": 1,
      "Plan Width": 8,
      "Actual Startup Time": 291.458,
      "Actual Total Time": 308.638,
      "Actual Rows": 1,
      "Actual Loops": 1,
      "Plans": [
        {
          "Node Type": "Gather",
          "Parent Relationship": "Outer",
          "Parallel Aware": false,
          "Startup Cost": 89732.39,
          "Total Cost": 89732.7,
          "Plan Rows": 3,
          "Plan Width": 8,
          "Actual Startup Time": 290.185,
          "Actual Total Time": 308.627,
          "Actual Rows": 4,
          "Actual Loops": 1,
          "Workers Planned": 3,
          "Workers Launched": 3,
          "Single Copy": false,
          "Plans": [
            {
              "Node Type": "Aggregate",
              "Strategy": "Plain",
              "Partial Mode": "Partial",
              "Parent Relationship": "Outer",
              "Parallel Aware": false,
              "Startup Cost": 88732.39,
              "Total Cost": 88732.4,
              "Plan Rows": 1,
              "Plan Width": 8,
              "Actual Startup Time": 281.451,
              "Actual Total Time": 281.534,
              "Actual Rows": 1,
              "Actual Loops": 4,
              "Plans": [
                {
                  "Node Type": "Hash Join",
                  "Parent Relationship": "Outer",
                  "Parallel Aware": true,
                  "Join Type": "Inner",
                  "Startup Cost": 60814.42,
                  "Total Cost": 88703.78,
                  "Plan Rows": 11443,
                  "Plan Width": 0,
                  "Actual Startup Time": 174.192,
                  "Actual Total Time": 279.317,
                  "Actual Rows": 37907,
                  "Actual Loops": 4,
                  "Inner Unique": true,
                  "Hash Cond": "(mk.movie_id = t.id)",
                  "Plans": [
                    {
                      "Node Type": "Bitmap Heap Scan",
                      "Parent Relationship": "Outer",
                      "Parallel Aware": true,
                      "Relation Name": "movie_keyword",
                      "Alias": "mk",
                      "Startup Cost": 14937.26,
                      "Total Cost": 42230.4,
                      "Plan Rows": 227131,
                      "Plan Width": 4,
                      "Actual Startup Time": 43.811,
                      "Actual Total Time": 111.799,
                      "Actual Rows": 177914,
                      "Actual Loops": 4,
                      "Recheck Cond": "(keyword_id < 613)",
                      "Rows Removed by Index Recheck": 0,
                      "Exact Heap Blocks": 5699,
                      "Lossy Heap Blocks": 0,
                      "Plans": [
                        {
                          "Node Type": "Bitmap Index Scan",
                          "Parent Relationship": "Outer",
                          "Parallel Aware": false,
                          "Index Name": "keyword_id_movie_keyword",
                          "Startup Cost": 0.0,
                          "Total Cost": 14761.24,
                          "Plan Rows": 704107,
                          "Plan Width": 0,
                          "Actual Startup Time": 40.1,
                          "Actual Total Time": 40.101,
                          "Actual Rows": 711658,
                          "Actual Loops": 1,
                          "Index Cond": "(keyword_id < 613)"
                        }
                      ]
                    },
                    {
                      "Node Type": "Hash",
                      "Parent Relationship": "Inner",
                      "Parallel Aware": true,
                      "Startup Cost": 45479.1,
                      "Total Cost": 45479.1,
                      "Plan Rows": 31845,
                      "Plan Width": 4,
                      "Actual Startup Time": 129.66,
                      "Actual Total Time": 129.661,
                      "Actual Rows": 64765,
                      "Actual Loops": 4,
                      "Hash Buckets": 262144,
                      "Original Hash Buckets": 131072,
                      "Hash Batches": 1,
                      "Original Hash Batches": 1,
                      "Peak Memory Usage": 13280,
                      "Plans": [
                        {
                          "Node Type": "Seq Scan",
                          "Parent Relationship": "Outer",
                          "Parallel Aware": true,
                          "Relation Name": "title",
                          "Alias": "t",
                          "Startup Cost": 0.0,
                          "Total Cost": 45479.1,
                          "Plan Rows": 31845,
                          "Plan Width": 4,
                          "Actual Startup Time": 0.075,
                          "Actual Total Time": 105.889,
                          "Actual Rows": 64765,
                          "Actual Loops": 4,
                          "Filter": "((kind_id < 3) AND (production_year < 1975))",
                          "Rows Removed by Filter": 567313
                        }
                      ]
                    }
                  ]
                }
              ]
            }
          ]
        }
      ]
    },
    "Planning Time": 0.173,
    "Triggers": [],
    "Execution Time": 308.678
  }
]