{
  "Plan": {
    "Node Type": "Aggregate",
    "Strategy": "Plain",
    "Partial Mode": "Finalize",
    "Parallel Aware": false,
    "Startup Cost": 93401.76,
    "Total Cost": 93401.77,
    "Plan Rows": 1,
    "Plan Width": 8,
    "Actual Startup Time": 271.323,
    "Actual Total Time": 284.742,
    "Actual Rows": 1,
    "Actual Loops": 1,
    "Plans": [
      {
        "Node Type": "Gather",
        "Parent Relationship": "Outer",
        "Parallel Aware": false,
        "Startup Cost": 93401.65,
        "Total Cost": 93401.76,
        "Plan Rows": 1,
        "Plan Width": 8,
        "Actual Startup Time": 271.038,
        "Actual Total Time": 284.734,
        "Actual Rows": 2,
        "Actual Loops": 1,
        "Workers Planned": 1,
        "Workers Launched": 1,
        "Single Copy": false,
        "Plans": [
          {
            "Node Type": "Aggregate",
            "Strategy": "Plain",
            "Partial Mode": "Partial",
            "Parent Relationship": "Outer",
            "Parallel Aware": false,
            "Startup Cost": 92401.65,
            "Total Cost": 92401.66,
            "Plan Rows": 1,
            "Plan Width": 8,
            "Actual Startup Time": 264.83,
            "Actual Total Time": 264.834,
            "Actual Rows": 1,
            "Actual Loops": 2,
            "Plans": [
              {
                "Node Type": "Nested Loop",
                "Parent Relationship": "Outer",
                "Parallel Aware": false,
                "Join Type": "Inner",
                "Startup Cost": 68269.27,
                "Total Cost": 92400.04,
                "Plan Rows": 643,
                "Plan Width": 0,
                "Actual Startup Time": 189.036,
                "Actual Total Time": 264.793,
                "Actual Rows": 322,
                "Actual Loops": 2,
                "Inner Unique": false,
                "Join Filter": "(t.id = mk.movie_id)",
                "Rows Removed by Join Filter": 0,
                "Plans": [
                  {
                    "Node Type": "Hash Join",
                    "Parent Relationship": "Outer",
                    "Parallel Aware": true,
                    "Join Type": "Inner",
                    "Startup Cost": 68268.84,
                    "Total Cost": 91479.5,
                    "Plan Rows": 359,
                    "Plan Width": 8,
                    "Actual Startup Time": 188.652,
                    "Actual Total Time": 262.46,
                    "Actual Rows": 586,
                    "Actual Loops": 2,
                    "Inner Unique": true,
                    "Hash Cond": "(mc.movie_id = t.id)",
                    "Plans": [
                      {
                        "Node Type": "Bitmap Heap Scan",
                        "Parent Relationship": "Outer",
                        "Parallel Aware": true,
                        "Relation Name": "movie_companies",
                        "Alias": "mc",
                        "Startup Cost": 9913.77,
                        "Total Cost": 32763.7,
                        "Plan Rows": 137424,
                        "Plan Width": 4,
                        "Actual Startup Time": 33.86,
                        "Actual Total Time": 83.155,
                        "Actual Rows": 234100,
                        "Actual Loops": 2,
                        "Recheck Cond": "(company_id > 76143)",
                        "Rows Removed by Index Recheck": 0,
                        "Filter": "(company_type_id > 1)",
                        "Rows Removed by Filter": 0,
                        "Exact Heap Blocks": 3865,
                        "Lossy Heap Blocks": 0,
                        "Plans": [
                          {
                            "Node Type": "Bitmap Index Scan",
                            "Parent Relationship": "Outer",
                            "Parallel Aware": false,
                            "Index Name": "company_id_movie_companies",
                            "Startup Cost": 0.0,
                            "Total Cost": 9855.37,
                            "Plan Rows": 460125,
                            "Plan Width": 0,
                            "Actual Startup Time": 32.058,
                            "Actual Total Time": 32.059,
                            "Actual Rows": 468199,
                            "Actual Loops": 1,
                            "Index Cond": "(company_id > 76143)"
                          }
                        ]
                      },
                      {
                        "Node Type": "Hash",
                        "Parent Relationship": "Inner",
                        "Parallel Aware": true,
                        "Startup Cost": 58306.47,
                        "Total Cost": 58306.47,
                        "Plan Rows": 3888,
                        "Plan Width": 4,
                        "Actual Startup Time": 153.292,
                        "Actual Total Time": 153.293,
                        "Actual Rows": 3227,
                        "Actual Loops": 2,
                        "Hash Buckets": 8192,
                        "Original Hash Buckets": 8192,
                        "Hash Batches": 1,
                        "Original Hash Batches": 1,
                        "Peak Memory Usage": 352,
                        "Plans": [
                          {
                            "Node Type": "Seq Scan",
                            "Parent Relationship": "Outer",
                            "Parallel Aware": true,
                            "Relation Name": "title",
                            "Alias": "t",
                            "Startup Cost": 0.0,
                            "Total Cost": 58306.47,
                            "Plan Rows": 3888,
                            "Plan Width": 4,
                            "Actual Startup Time": 0.087,
                            "Actual Total Time": 151.745,
                            "Actual Rows": 3227,
                            "Actual Loops": 2,
                            "Filter": "((kind_id = 7) AND (production_year = 1964))",
                            "Rows Removed by Filter": 1260929
                          }
                        ]
                      }
                    ]
                  },
                  {
                    "Node Type": "Index Only Scan",
                    "Parent Relationship": "Inner",
                    "Parallel Aware": false,
                    "Scan Direction": "Forward",
                    "Index Name": "movie_id_movie_keyword",
                    "Relation Name": "movie_keyword",
                    "Alias": "mk",
                    "Startup Cost": 0.43,
                    "Total Cost": 2.0,
                    "Plan Rows": 45,
                    "Plan Width": 4,
                    "Actual Startup Time": 0.003,
                    "Actual Total Time": 0.004,
                    "Actual Rows": 1,
                    "Actual Loops": 1173,
                    "Index Cond": "(movie_id = mc.movie_id)",
                    "Rows Removed by Index Recheck": 0,
                    "Heap Fetches": 643
                  }
                ]
              }
            ]
          }
        ]
      }
    ]
  },
  "Planning Time": 1.072,
  "Triggers": [],
  "Execution Time": 284.858
}