[
  {
    "Plan": {
      "Node Type": "Aggregate",
      "Strategy": "Plain",
      "Partial Mode": "Finalize",
      "Parallel Aware": false,
      "Startup Cost": 35196.61,
      "Total Cost": 35196.62,
      "Plan Rows": 1,
      "Plan Width": 8,
      "Actual Startup Time": 58.861,
      "Actual Total Time": 67.154,
      "Actual Rows": 1,
      "Actual Loops": 1,
      "Plans": [
        {
          "Node Type": "Gather",
          "Parent Relationship": "Outer",
          "Parallel Aware": false,
          "Startup Cost": 35196.39,
          "Total Cost": 35196.6,
          "Plan Rows": 2,
          "Plan Width": 8,
          "Actual Startup Time": 58.726,
          "Actual Total Time": 67.149,
          "Actual Rows": 3,
          "Actual Loops": 1,
          "Workers Planned": 2,
          "Workers Launched": 2,
          "Single Copy": false,
          "Plans": [
            {
              "Node Type": "Aggregate",
              "Strategy": "Plain",
              "Partial Mode": "Partial",
              "Parent Relationship": "Outer",
              "Parallel Aware": false,
              "Startup Cost": 34196.39,
              "Total Cost": 34196.4,
              "Plan Rows": 1,
              "Plan Width": 8,
              "Actual Startup Time": 50.825,
              "Actual Total Time": 50.826,
              "Actual Rows": 1,
              "Actual Loops": 3,
              "Plans": [
                {
                  "Node Type": "Nested Loop",
                  "Parent Relationship": "Outer",
                  "Parallel Aware": false,
                  "Join Type": "Inner",
                  "Startup Cost": 133.21,
                  "Total Cost": 34193.14,
                  "Plan Rows": 1301,
                  "Plan Width": 0,
                  "Actual Startup Time": 3.405,
                  "Actual Total Time": 50.273,
                  "Actual Rows": 6361,
                  "Actual Loops": 3,
                  "Inner Unique": false,
                  "Plans": [
                    {
                      "Node Type": "Nested Loop",
                      "Parent Relationship": "Outer",
                      "Parallel Aware": false,
                      "Join Type": "Inner",
                      "Startup Cost": 132.78,
                      "Total Cost": 32635.21,
                      "Plan Rows": 2576,
                      "Plan Width": 8,
                      "Actual Startup Time": 2.538,
                      "Actual Total Time": 26.939,
                      "Actual Rows": 1745,
                      "Actual Loops": 3,
                      "Inner Unique": true,
                      "Plans": [
                        {
                          "Node Type": "Bitmap Heap Scan",
                          "Parent Relationship": "Outer",
                          "Parallel Aware": true,
                          "Relation Name": "movie_keyword",
                          "Alias": "mk",
                          "Startup Cost": 132.35,
                          "Total Cost": 14320.78,
                          "Plan Rows": 2576,
                          "Plan Width": 4,
                          "Actual Startup Time": 2.346,
                          "Actual Total Time": 9.624,
                          "Actual Rows": 1745,
                          "Actual Loops": 3,
                          "Recheck Cond": "(keyword_id = 816)",
                          "Rows Removed by Index Recheck": 0,
                          "Exact Heap Blocks": 3159,
                          "Lossy Heap Blocks": 0,
                          "Plans": [
                            {
                              "Node Type": "Bitmap Index Scan",
                              "Parent Relationship": "Outer",
                              "Parallel Aware": false,
                              "Index Name": "keyword_id_movie_keyword",
                              "Startup Cost": 0.0,
                              "Total Cost": 130.81,
                              "Plan Rows": 6183,
                              "Plan Width": 0,
                              "Actual Startup Time": 4.527,
                              "Actual Total Time": 4.528,
                              "Actual Rows": 5235,
                              "Actual Loops": 1,
                              "Index Cond": "(keyword_id = 816)"
                            }
                          ]
                        },
                        {
                          "Node Type": "Index Only Scan",
                          "Parent Relationship": "Inner",
                          "Parallel Aware": false,
                          "Scan Direction": "Forward",
                          "Index Name": "title_pkey",
                          "Relation Name": "title",
                          "Alias": "t",
                          "Startup Cost": 0.43,
                          "Total Cost": 7.11,
                          "Plan Rows": 1,
                          "Plan Width": 4,
                          "Actual Startup Time": 0.009,
                          "Actual Total Time": 0.009,
                          "Actual Rows": 1,
                          "Actual Loops": 5235,
                          "Index Cond": "(id = mk.movie_id)",
                          "Rows Removed by Index Recheck": 0,
                          "Heap Fetches": 5235
                        }
                      ]
                    },
                    {
                      "Node Type": "Index Scan",
                      "Parent Relationship": "Inner",
                      "Parallel Aware": false,
                      "Scan Direction": "Forward",
                      "Index Name": "movie_id_movie_companies",
                      "Relation Name": "movie_companies",
                      "Alias": "mc",
                      "Startup Cost": 0.43,
                      "Total Cost": 0.57,
                      "Plan Rows": 3,
                      "Plan Width": 4,
                      "Actual Startup Time": 0.01,
                      "Actual Total Time": 0.013,
                      "Actual Rows": 4,
                      "Actual Loops": 5235,
                      "Index Cond": "(movie_id = t.id)",
                      "Rows Removed by Index Recheck": 0,
                      "Filter": "(company_id > 11393)",
                      "Rows Removed by Filter": 4
                    }
                  ]
                }
              ]
            }
          ]
        }
      ]
    },
    "Planning Time": 1.381,
    "Triggers": [],
    "Execution Time": 67.255
  }
]