[
  {
    "Plan": {
      "Node Type": "Aggregate",
      "Strategy": "Plain",
      "Partial Mode": "Finalize",
      "Parallel Aware": false,
      "Startup Cost": 15972.27,
      "Total Cost": 15972.28,
      "Plan Rows": 1,
      "Plan Width": 8,
      "Actual Startup Time": 15.028,
      "Actual Total Time": 17.53,
      "Actual Rows": 1,
      "Actual Loops": 1,
      "Plans": [
        {
          "Node Type": "Gather",
          "Parent Relationship": "Outer",
          "Parallel Aware": false,
          "Startup Cost": 15972.16,
          "Total Cost": 15972.27,
          "Plan Rows": 1,
          "Plan Width": 8,
          "Actual Startup Time": 14.768,
          "Actual Total Time": 17.524,
          "Actual Rows": 2,
          "Actual Loops": 1,
          "Workers Planned": 1,
          "Workers Launched": 1,
          "Single Copy": false,
          "Plans": [
            {
              "Node Type": "Aggregate",
              "Strategy": "Plain",
              "Partial Mode": "Partial",
              "Parent Relationship": "Outer",
              "Parallel Aware": false,
              "Startup Cost": 14972.16,
              "Total Cost": 14972.17,
              "Plan Rows": 1,
              "Plan Width": 8,
              "Actual Startup Time": 8.628,
              "Actual Total Time": 8.631,
              "Actual Rows": 1,
              "Actual Loops": 2,
              "Plans": [
                {
                  "Node Type": "Nested Loop",
                  "Parent Relationship": "Outer",
                  "Parallel Aware": false,
                  "Join Type": "Inner",
                  "Startup Cost": 61.84,
                  "Total Cost": 14969.84,
                  "Plan Rows": 930,
                  "Plan Width": 0,
                  "Actual Startup Time": 2.781,
                  "Actual Total Time": 8.602,
                  "Actual Rows": 196,
                  "Actual Loops": 2,
                  "Inner Unique": false,
                  "Plans": [
                    {
                      "Node Type": "Nested Loop",
                      "Parent Relationship": "Outer",
                      "Parallel Aware": false,
                      "Join Type": "Inner",
                      "Startup Cost": 61.41,
                      "Total Cost": 13670.15,
                      "Plan Rows": 775,
                      "Plan Width": 8,
                      "Actual Startup Time": 1.605,
                      "Actual Total Time": 5.239,
                      "Actual Rows": 184,
                      "Actual Loops": 2,
                      "Inner Unique": true,
                      "Plans": [
                        {
                          "Node Type": "Bitmap Heap Scan",
                          "Parent Relationship": "Outer",
                          "Parallel Aware": true,
                          "Relation Name": "movie_companies",
                          "Alias": "mc",
                          "Startup Cost": 60.98,
                          "Total Cost": 7386.77,
                          "Plan Rows": 775,
                          "Plan Width": 4,
                          "Actual Startup Time": 1.462,
                          "Actual Total Time": 3.977,
                          "Actual Rows": 184,
                          "Actual Loops": 2,
                          "Recheck Cond": "(company_id = 13543)",
                          "Rows Removed by Index Recheck": 0,
                          "Filter": "(company_type_id < 2)",
                          "Rows Removed by Filter": 980,
                          "Exact Heap Blocks": 1202,
                          "Lossy Heap Blocks": 0,
                          "Plans": [
                            {
                              "Node Type": "Bitmap Index Scan",
                              "Parent Relationship": "Outer",
                              "Parallel Aware": false,
                              "Index Name": "company_id_movie_companies",
                              "Startup Cost": 0.0,
                              "Total Cost": 60.65,
                              "Plan Rows": 2696,
                              "Plan Width": 0,
                              "Actual Startup Time": 2.543,
                              "Actual Total Time": 2.543,
                              "Actual Rows": 2328,
                              "Actual Loops": 1,
                              "Index Cond": "(company_id = 13543)"
                            }
                          ]
                        },
                        {
                          "Node Type": "Index Only Scan",
                          "Parent Relationship": "Inner",
                          "Parallel Aware": false,
                          "Scan Direction": "Forward",
                          "Index Name": "title_pkey",
                          "Relation Name": "title",
                          "Alias": "t",
                          "Startup Cost": 0.43,
                          "Total Cost": 8.11,
                          "Plan Rows": 1,
                          "Plan Width": 4,
                          "Actual Startup Time": 0.006,
                          "Actual Total Time": 0.006,
                          "Actual Rows": 1,
                          "Actual Loops": 367,
                          "Index Cond": "(id = mc.movie_id)",
                          "Rows Removed by Index Recheck": 0,
                          "Heap Fetches": 367
                        }
                      ]
                    },
                    {
                      "Node Type": "Index Scan",
                      "Parent Relationship": "Inner",
                      "Parallel Aware": false,
                      "Scan Direction": "Forward",
                      "Index Name": "movie_id_movie_info",
                      "Relation Name": "movie_info",
                      "Alias": "mi",
                      "Startup Cost": 0.43,
                      "Total Cost": 1.6,
                      "Plan Rows": 8,
                      "Plan Width": 4,
                      "Actual Startup Time": 0.014,
                      "Actual Total Time": 0.018,
                      "Actual Rows": 1,
                      "Actual Loops": 367,
                      "Index Cond": "(movie_id = t.id)",
                      "Rows Removed by Index Recheck": 0,
                      "Filter": "(info_type_id = 16)",
                      "Rows Removed by Filter": 9
                    }
                  ]
                }
              ]
            }
          ]
        }
      ]
    },
    "Planning Time": 0.578,
    "Triggers": [],
    "Execution Time": 17.582
  }
]