[
    {
        "Bao": {
            "Bao prediction": 868.394,
            "Bao recommended hint": "SET enable_nestloop TO off; "
        }
    },
    {
        "Plan": {
            "Node Type": "Aggregate",
            "Strategy": "Plain",
            "Partial Mode": "Simple",
            "Parallel Aware": false,
            "Startup Cost": 106848.16,
            "Total Cost": 106848.17,
            "Plan Rows": 1,
            "Plan Width": 64,
            "Actual Startup Time": 543.68,
            "Actual Total Time": 572.841,
            "Actual Rows": 1,
            "Actual Loops": 1,
            "Output": [
                "min(mi_idx.info)",
                "min(t.title)"
            ],
            "Plans": [
                {
                    "Node Type": "Gather",
                    "Parent Relationship": "Outer",
                    "Parallel Aware": false,
                    "Startup Cost": 62001.38,
                    "Total Cost": 106848.15,
                    "Plan Rows": 1,
                    "Plan Width": 22,
                    "Actual Startup Time": 423.218,
                    "Actual Total Time": 572.701,
                    "Actual Rows": 353,
                    "Actual Loops": 1,
                    "Output": [
                        "mi_idx.info",
                        "t.title"
                    ],
                    "Workers Planned": 4,
                    "Workers Launched": 4,
                    "Single Copy": false,
                    "Plans": [
                        {
                            "Node Type": "Hash Join",
                            "Parent Relationship": "Outer",
                            "Parallel Aware": true,
                            "Join Type": "Inner",
                            "Startup Cost": 61001.38,
                            "Total Cost": 105848.05,
                            "Plan Rows": 1,
                            "Plan Width": 22,
                            "Actual Startup Time": 414.595,
                            "Actual Total Time": 532.617,
                            "Actual Rows": 71,
                            "Actual Loops": 5,
                            "Output": [
                                "mi_idx.info",
                                "t.title"
                            ],
                            "Inner Unique": false,
                            "Hash Cond": "(t.id = mi_idx.movie_id)",
                            "Workers": [
                                {
                                    "Worker Number": 0,
                                    "Actual Startup Time": 411.857,
                                    "Actual Total Time": 529.956,
                                    "Actual Rows": 62,
                                    "Actual Loops": 1
                                },
                                {
                                    "Worker Number": 1,
                                    "Actual Startup Time": 408.505,
                                    "Actual Total Time": 530.278,
                                    "Actual Rows": 75,
                                    "Actual Loops": 1
                                },
                                {
                                    "Worker Number": 2,
                                    "Actual Startup Time": 407.134,
                                    "Actual Total Time": 530.565,
                                    "Actual Rows": 74,
                                    "Actual Loops": 1
                                },
                                {
                                    "Worker Number": 3,
                                    "Actual Startup Time": 423.695,
                                    "Actual Total Time": 530.723,
                                    "Actual Rows": 60,
                                    "Actual Loops": 1
                                }
                            ],
                            "Plans": [
                                {
                                    "Node Type": "Seq Scan",
                                    "Parent Relationship": "Outer",
                                    "Parallel Aware": true,
                                    "Relation Name": "title",
                                    "Schema": "public",
                                    "Alias": "t",
                                    "Startup Cost": 0.0,
                                    "Total Cost": 43899.32,
                                    "Plan Rows": 252626,
                                    "Plan Width": 21,
                                    "Actual Startup Time": 0.028,
                                    "Actual Total Time": 113.804,
                                    "Actual Rows": 202584,
                                    "Actual Loops": 5,
                                    "Output": [
                                        "t.id",
                                        "t.title",
                                        "t.imdb_index",
                                        "t.kind_id",
                                        "t.production_year",
                                        "t.imdb_id",
                                        "t.phonetic_code",
                                        "t.episode_of_id",
                                        "t.season_nr",
                                        "t.episode_nr",
                                        "t.series_years",
                                        "t.md5sum"
                                    ],
                                    "Filter": "(t.production_year > 2005)",
                                    "Rows Removed by Filter": 303078,
                                    "Workers": [
                                        {
                                            "Worker Number": 0,
                                            "Actual Startup Time": 0.032,
                                            "Actual Total Time": 113.353,
                                            "Actual Rows": 205819,
                                            "Actual Loops": 1
                                        },
                                        {
                                            "Worker Number": 1,
                                            "Actual Startup Time": 0.022,
                                            "Actual Total Time": 113.476,
                                            "Actual Rows": 205285,
                                            "Actual Loops": 1
                                        },
                                        {
                                            "Worker Number": 2,
                                            "Actual Startup Time": 0.037,
                                            "Actual Total Time": 113.384,
                                            "Actual Rows": 205696,
                                            "Actual Loops": 1
                                        },
                                        {
                                            "Worker Number": 3,
                                            "Actual Startup Time": 0.027,
                                            "Actual Total Time": 114.485,
                                            "Actual Rows": 195027,
                                            "Actual Loops": 1
                                        }
                                    ]
                                },
                                {
                                    "Node Type": "Hash",
                                    "Parent Relationship": "Inner",
                                    "Parallel Aware": true,
                                    "Startup Cost": 61001.36,
                                    "Total Cost": 61001.36,
                                    "Plan Rows": 1,
                                    "Plan Width": 13,
                                    "Actual Startup Time": 380.333,
                                    "Actual Total Time": 380.341,
                                    "Actual Rows": 581,
                                    "Actual Loops": 5,
                                    "Output": [
                                        "mi_idx.info",
                                        "mi_idx.movie_id",
                                        "mk.movie_id"
                                    ],
                                    "Hash Buckets": 1024,
                                    "Original Hash Buckets": 1024,
                                    "Hash Batches": 1,
                                    "Original Hash Batches": 1,
                                    "Peak Memory Usage": 168,
                                    "Workers": [
                                        {
                                            "Worker Number": 0,
                                            "Actual Startup Time": 378.271,
                                            "Actual Total Time": 378.278,
                                            "Actual Rows": 605,
                                            "Actual Loops": 1
                                        },
                                        {
                                            "Worker Number": 1,
                                            "Actual Startup Time": 378.622,
                                            "Actual Total Time": 378.63,
                                            "Actual Rows": 575,
                                            "Actual Loops": 1
                                        },
                                        {
                                            "Worker Number": 2,
                                            "Actual Startup Time": 378.912,
                                            "Actual Total Time": 378.921,
                                            "Actual Rows": 611,
                                            "Actual Loops": 1
                                        },
                                        {
                                            "Worker Number": 3,
                                            "Actual Startup Time": 378.987,
                                            "Actual Total Time": 378.997,
                                            "Actual Rows": 518,
                                            "Actual Loops": 1
                                        }
                                    ],
                                    "Plans": [
                                        {
                                            "Node Type": "Hash Join",
                                            "Parent Relationship": "Outer",
                                            "Parallel Aware": true,
                                            "Join Type": "Inner",
                                            "Startup Cost": 45508.67,
                                            "Total Cost": 61001.36,
                                            "Plan Rows": 1,
                                            "Plan Width": 13,
                                            "Actual Startup Time": 319.097,
                                            "Actual Total Time": 379.826,
                                            "Actual Rows": 581,
                                            "Actual Loops": 5,
                                            "Output": [
                                                "mi_idx.info",
                                                "mi_idx.movie_id",
                                                "mk.movie_id"
                                            ],
                                            "Inner Unique": false,
                                            "Hash Cond": "(mi_idx.movie_id = mk.movie_id)",
                                            "Workers": [
                                                {
                                                    "Worker Number": 0,
                                                    "Actual Startup Time": 318.919,
                                                    "Actual Total Time": 377.798,
                                                    "Actual Rows": 605,
                                                    "Actual Loops": 1
                                                },
                                                {
                                                    "Worker Number": 1,
                                                    "Actual Startup Time": 316.817,
                                                    "Actual Total Time": 378.206,
                                                    "Actual Rows": 575,
                                                    "Actual Loops": 1
                                                },
                                                {
                                                    "Worker Number": 2,
                                                    "Actual Startup Time": 316.859,
                                                    "Actual Total Time": 378.513,
                                                    "Actual Rows": 611,
                                                    "Actual Loops": 1
                                                },
                                                {
                                                    "Worker Number": 3,
                                                    "Actual Startup Time": 318.352,
                                                    "Actual Total Time": 378.104,
                                                    "Actual Rows": 518,
                                                    "Actual Loops": 1
                                                }
                                            ],
                                            "Plans": [
                                                {
                                                    "Node Type": "Hash Join",
                                                    "Parent Relationship": "Outer",
                                                    "Parallel Aware": false,
                                                    "Join Type": "Inner",
                                                    "Startup Cost": 2.43,
                                                    "Total Cost": 15490.66,
                                                    "Plan Rows": 1188,
                                                    "Plan Width": 9,
                                                    "Actual Startup Time": 0.144,
                                                    "Actual Total Time": 54.748,
                                                    "Actual Rows": 41740,
                                                    "Actual Loops": 5,
                                                    "Output": [
                                                        "mi_idx.info",
                                                        "mi_idx.movie_id"
                                                    ],
                                                    "Inner Unique": true,
                                                    "Hash Cond": "(mi_idx.info_type_id = it.id)",
                                                    "Workers": [
                                                        {
                                                            "Worker Number": 0,
                                                            "Actual Startup Time": 0.142,
                                                            "Actual Total Time": 54.787,
                                                            "Actual Rows": 42264,
                                                            "Actual Loops": 1
                                                        },
                                                        {
                                                            "Worker Number": 1,
                                                            "Actual Startup Time": 0.159,
                                                            "Actual Total Time": 54.829,
                                                            "Actual Rows": 42385,
                                                            "Actual Loops": 1
                                                        },
                                                        {
                                                            "Worker Number": 2,
                                                            "Actual Startup Time": 0.149,
                                                            "Actual Total Time": 54.82,
                                                            "Actual Rows": 42321,
                                                            "Actual Loops": 1
                                                        },
                                                        {
                                                            "Worker Number": 3,
                                                            "Actual Startup Time": 0.143,
                                                            "Actual Total Time": 54.513,
                                                            "Actual Rows": 40711,
                                                            "Actual Loops": 1
                                                        }
                                                    ],
                                                    "Plans": [
                                                        {
                                                            "Node Type": "Seq Scan",
                                                            "Parent Relationship": "Outer",
                                                            "Parallel Aware": true,
                                                            "Relation Name": "movie_info_idx",
                                                            "Schema": "public",
                                                            "Alias": "mi_idx",
                                                            "Startup Cost": 0.0,
                                                            "Total Cost": 15122.68,
                                                            "Plan Rows": 134222,
                                                            "Plan Width": 13,
                                                            "Actual Startup Time": 0.033,
                                                            "Actual Total Time": 44.189,
                                                            "Actual Rows": 64411,
                                                            "Actual Loops": 5,
                                                            "Output": [
                                                                "mi_idx.id",
                                                                "mi_idx.movie_id",
                                                                "mi_idx.info_type_id",
                                                                "mi_idx.info",
                                                                "mi_idx.note"
                                                            ],
                                                            "Filter": "(mi_idx.info > '6.4'::text)",
                                                            "Rows Removed by Filter": 211596,
                                                            "Workers": [
                                                                {
                                                                    "Worker Number": 0,
                                                                    "Actual Startup Time": 0.034,
                                                                    "Actual Total Time": 44.151,
                                                                    "Actual Rows": 65281,
                                                                    "Actual Loops": 1
                                                                },
                                                                {
                                                                    "Worker Number": 1,
                                                                    "Actual Startup Time": 0.045,
                                                                    "Actual Total Time": 44.137,
                                                                    "Actual Rows": 65514,
                                                                    "Actual Loops": 1
                                                                },
                                                                {
                                                                    "Worker Number": 2,
                                                                    "Actual Startup Time": 0.031,
                                                                    "Actual Total Time": 44.12,
                                                                    "Actual Rows": 65009,
                                                                    "Actual Loops": 1
                                                                },
                                                                {
                                                                    "Worker Number": 3,
                                                                    "Actual Startup Time": 0.033,
                                                                    "Actual Total Time": 44.234,
                                                                    "Actual Rows": 62906,
                                                                    "Actual Loops": 1
                                                                }
                                                            ]
                                                        },
                                                        {
                                                            "Node Type": "Hash",
                                                            "Parent Relationship": "Inner",
                                                            "Parallel Aware": false,
                                                            "Startup Cost": 2.41,
                                                            "Total Cost": 2.41,
                                                            "Plan Rows": 1,
                                                            "Plan Width": 4,
                                                            "Actual Startup Time": 0.056,
                                                            "Actual Total Time": 0.057,
                                                            "Actual Rows": 1,
                                                            "Actual Loops": 5,
                                                            "Output": [
                                                                "it.id"
                                                            ],
                                                            "Hash Buckets": 1024,
                                                            "Original Hash Buckets": 1024,
                                                            "Hash Batches": 1,
                                                            "Original Hash Batches": 1,
                                                            "Peak Memory Usage": 9,
                                                            "Workers": [
                                                                {
                                                                    "Worker Number": 0,
                                                                    "Actual Startup Time": 0.065,
                                                                    "Actual Total Time": 0.066,
                                                                    "Actual Rows": 1,
                                                                    "Actual Loops": 1
                                                                },
                                                                {
                                                                    "Worker Number": 1,
                                                                    "Actual Startup Time": 0.055,
                                                                    "Actual Total Time": 0.057,
                                                                    "Actual Rows": 1,
                                                                    "Actual Loops": 1
                                                                },
                                                                {
                                                                    "Worker Number": 2,
                                                                    "Actual Startup Time": 0.05,
                                                                    "Actual Total Time": 0.051,
                                                                    "Actual Rows": 1,
                                                                    "Actual Loops": 1
                                                                },
                                                                {
                                                                    "Worker Number": 3,
                                                                    "Actual Startup Time": 0.067,
                                                                    "Actual Total Time": 0.069,
                                                                    "Actual Rows": 1,
                                                                    "Actual Loops": 1
                                                                }
                                                            ],
                                                            "Plans": [
                                                                {
                                                                    "Node Type": "Seq Scan",
                                                                    "Parent Relationship": "Outer",
                                                                    "Parallel Aware": false,
                                                                    "Relation Name": "info_type",
                                                                    "Schema": "public",
                                                                    "Alias": "it",
                                                                    "Startup Cost": 0.0,
                                                                    "Total Cost": 2.41,
                                                                    "Plan Rows": 1,
                                                                    "Plan Width": 4,
                                                                    "Actual Startup Time": 0.047,
                                                                    "Actual Total Time": 0.049,
                                                                    "Actual Rows": 1,
                                                                    "Actual Loops": 5,
                                                                    "Output": [
                                                                        "it.id"
                                                                    ],
                                                                    "Filter": "((it.info)::text = 'rating'::text)",
                                                                    "Rows Removed by Filter": 112,
                                                                    "Workers": [
                                                                        {
                                                                            "Worker Number": 0,
                                                                            "Actual Startup Time": 0.056,
                                                                            "Actual Total Time": 0.059,
                                                                            "Actual Rows": 1,
                                                                            "Actual Loops": 1
                                                                        },
                                                                        {
                                                                            "Worker Number": 1,
                                                                            "Actual Startup Time": 0.047,
                                                                            "Actual Total Time": 0.05,
                                                                            "Actual Rows": 1,
                                                                            "Actual Loops": 1
                                                                        },
                                                                        {
                                                                            "Worker Number": 2,
                                                                            "Actual Startup Time": 0.042,
                                                                            "Actual Total Time": 0.044,
                                                                            "Actual Rows": 1,
                                                                            "Actual Loops": 1
                                                                        },
                                                                        {
                                                                            "Worker Number": 3,
                                                                            "Actual Startup Time": 0.059,
                                                                            "Actual Total Time": 0.061,
                                                                            "Actual Rows": 1,
                                                                            "Actual Loops": 1
                                                                        }
                                                                    ]
                                                                }
                                                            ]
                                                        }
                                                    ]
                                                },
                                                {
                                                    "Node Type": "Hash",
                                                    "Parent Relationship": "Inner",
                                                    "Parallel Aware": true,
                                                    "Startup Cost": 45504.48,
                                                    "Total Cost": 45504.48,
                                                    "Plan Rows": 141,
                                                    "Plan Width": 4,
                                                    "Actual Startup Time": 317.678,
                                                    "Actual Total Time": 317.681,
                                                    "Actual Rows": 2590,
                                                    "Actual Loops": 5,
                                                    "Output": [
                                                        "mk.movie_id"
                                                    ],
                                                    "Hash Buckets": 16384,
                                                    "Original Hash Buckets": 1024,
                                                    "Hash Batches": 1,
                                                    "Original Hash Batches": 1,
                                                    "Peak Memory Usage": 888,
                                                    "Workers": [
                                                        {
                                                            "Worker Number": 0,
                                                            "Actual Startup Time": 315.606,
                                                            "Actual Total Time": 315.609,
                                                            "Actual Rows": 3415,
                                                            "Actual Loops": 1
                                                        },
                                                        {
                                                            "Worker Number": 1,
                                                            "Actual Startup Time": 315.941,
                                                            "Actual Total Time": 315.944,
                                                            "Actual Rows": 1739,
                                                            "Actual Loops": 1
                                                        },
                                                        {
                                                            "Worker Number": 2,
                                                            "Actual Startup Time": 316.252,
                                                            "Actual Total Time": 316.255,
                                                            "Actual Rows": 2548,
                                                            "Actual Loops": 1
                                                        },
                                                        {
                                                            "Worker Number": 3,
                                                            "Actual Startup Time": 316.345,
                                                            "Actual Total Time": 316.348,
                                                            "Actual Rows": 2634,
                                                            "Actual Loops": 1
                                                        }
                                                    ],
                                                    "Plans": [
                                                        {
                                                            "Node Type": "Hash Join",
                                                            "Parent Relationship": "Outer",
                                                            "Parallel Aware": false,
                                                            "Join Type": "Inner",
                                                            "Startup Cost": 2626.29,
                                                            "Total Cost": 45504.48,
                                                            "Plan Rows": 141,
                                                            "Plan Width": 4,
                                                            "Actual Startup Time": 36.857,
                                                            "Actual Total Time": 248.345,
                                                            "Actual Rows": 2590,
                                                            "Actual Loops": 5,
                                                            "Output": [
                                                                "mk.movie_id"
                                                            ],
                                                            "Inner Unique": true,
                                                            "Hash Cond": "(mk.keyword_id = k.id)",
                                                            "Workers": [
                                                                {
                                                                    "Worker Number": 0,
                                                                    "Actual Startup Time": 35.322,
                                                                    "Actual Total Time": 280.122,
                                                                    "Actual Rows": 3415,
                                                                    "Actual Loops": 1
                                                                },
                                                                {
                                                                    "Worker Number": 1,
                                                                    "Actual Startup Time": 35.417,
                                                                    "Actual Total Time": 200.239,
                                                                    "Actual Rows": 1739,
                                                                    "Actual Loops": 1
                                                                },
                                                                {
                                                                    "Worker Number": 2,
                                                                    "Actual Startup Time": 37.937,
                                                                    "Actual Total Time": 250.843,
                                                                    "Actual Rows": 2548,
                                                                    "Actual Loops": 1
                                                                },
                                                                {
                                                                    "Worker Number": 3,
                                                                    "Actual Startup Time": 36.582,
                                                                    "Actual Total Time": 267.586,
                                                                    "Actual Rows": 2634,
                                                                    "Actual Loops": 1
                                                                }
                                                            ],
                                                            "Plans": [
                                                                {
                                                                    "Node Type": "Seq Scan",
                                                                    "Parent Relationship": "Outer",
                                                                    "Parallel Aware": true,
                                                                    "Relation Name": "movie_keyword",
                                                                    "Schema": "public",
                                                                    "Alias": "mk",
                                                                    "Startup Cost": 0.0,
                                                                    "Total Cost": 39047.32,
                                                                    "Plan Rows": 1459332,
                                                                    "Plan Width": 8,
                                                                    "Actual Startup Time": 0.058,
                                                                    "Actual Total Time": 115.321,
                                                                    "Actual Rows": 904786,
                                                                    "Actual Loops": 5,
                                                                    "Output": [
                                                                        "mk.id",
                                                                        "mk.movie_id",
                                                                        "mk.keyword_id"
                                                                    ],
                                                                    "Workers": [
                                                                        {
                                                                            "Worker Number": 0,
                                                                            "Actual Startup Time": 0.066,
                                                                            "Actual Total Time": 131.213,
                                                                            "Actual Rows": 1140710,
                                                                            "Actual Loops": 1
                                                                        },
                                                                        {
                                                                            "Worker Number": 1,
                                                                            "Actual Startup Time": 0.065,
                                                                            "Actual Total Time": 89.855,
                                                                            "Actual Rows": 671735,
                                                                            "Actual Loops": 1
                                                                        },
                                                                        {
                                                                            "Worker Number": 2,
                                                                            "Actual Startup Time": 0.071,
                                                                            "Actual Total Time": 117.586,
                                                                            "Actual Rows": 899780,
                                                                            "Actual Loops": 1
                                                                        },
                                                                        {
                                                                            "Worker Number": 3,
                                                                            "Actual Startup Time": 0.068,
                                                                            "Actual Total Time": 127.208,
                                                                            "Actual Rows": 926480,
                                                                            "Actual Loops": 1
                                                                        }
                                                                    ]
                                                                },
                                                                {
                                                                    "Node Type": "Hash",
                                                                    "Parent Relationship": "Inner",
                                                                    "Parallel Aware": false,
                                                                    "Startup Cost": 2626.12,
                                                                    "Total Cost": 2626.12,
                                                                    "Plan Rows": 13,
                                                                    "Plan Width": 4,
                                                                    "Actual Startup Time": 36.024,
                                                                    "Actual Total Time": 36.025,
                                                                    "Actual Rows": 30,
                                                                    "Actual Loops": 5,
                                                                    "Output": [
                                                                        "k.id"
                                                                    ],
                                                                    "Hash Buckets": 1024,
                                                                    "Original Hash Buckets": 1024,
                                                                    "Hash Batches": 1,
                                                                    "Original Hash Batches": 1,
                                                                    "Peak Memory Usage": 10,
                                                                    "Workers": [
                                                                        {
                                                                            "Worker Number": 0,
                                                                            "Actual Startup Time": 34.913,
                                                                            "Actual Total Time": 34.914,
                                                                            "Actual Rows": 30,
                                                                            "Actual Loops": 1
                                                                        },
                                                                        {
                                                                            "Worker Number": 1,
                                                                            "Actual Startup Time": 35.28,
                                                                            "Actual Total Time": 35.281,
                                                                            "Actual Rows": 30,
                                                                            "Actual Loops": 1
                                                                        },
                                                                        {
                                                                            "Worker Number": 2,
                                                                            "Actual Startup Time": 35.571,
                                                                            "Actual Total Time": 35.572,
                                                                            "Actual Rows": 30,
                                                                            "Actual Loops": 1
                                                                        },
                                                                        {
                                                                            "Worker Number": 3,
                                                                            "Actual Startup Time": 35.638,
                                                                            "Actual Total Time": 35.639,
                                                                            "Actual Rows": 30,
                                                                            "Actual Loops": 1
                                                                        }
                                                                    ],
                                                                    "Plans": [
                                                                        {
                                                                            "Node Type": "Seq Scan",
                                                                            "Parent Relationship": "Outer",
                                                                            "Parallel Aware": false,
                                                                            "Relation Name": "keyword",
                                                                            "Schema": "public",
                                                                            "Alias": "k",
                                                                            "Startup Cost": 0.0,
                                                                            "Total Cost": 2626.12,
                                                                            "Plan Rows": 13,
                                                                            "Plan Width": 4,
                                                                            "Actual Startup Time": 3.809,
                                                                            "Actual Total Time": 35.969,
                                                                            "Actual Rows": 30,
                                                                            "Actual Loops": 5,
                                                                            "Output": [
                                                                                "k.id"
                                                                            ],
                                                                            "Filter": "(k.keyword ~~ '%sequel%'::text)",
                                                                            "Rows Removed by Filter": 134140,
                                                                            "Workers": [
                                                                                {
                                                                                    "Worker Number": 0,
                                                                                    "Actual Startup Time": 3.661,
                                                                                    "Actual Total Time": 34.861,
                                                                                    "Actual Rows": 30,
                                                                                    "Actual Loops": 1
                                                                                },
                                                                                {
                                                                                    "Worker Number": 1,
                                                                                    "Actual Startup Time": 3.745,
                                                                                    "Actual Total Time": 35.215,
                                                                                    "Actual Rows": 30,
                                                                                    "Actual Loops": 1
                                                                                },
                                                                                {
                                                                                    "Worker Number": 2,
                                                                                    "Actual Startup Time": 3.899,
                                                                                    "Actual Total Time": 35.518,
                                                                                    "Actual Rows": 30,
                                                                                    "Actual Loops": 1
                                                                                },
                                                                                {
                                                                                    "Worker Number": 3,
                                                                                    "Actual Startup Time": 3.961,
                                                                                    "Actual Total Time": 35.586,
                                                                                    "Actual Rows": 30,
                                                                                    "Actual Loops": 1
                                                                                }
                                                                            ]
                                                                        }
                                                                    ]
                                                                }
                                                            ]
                                                        }
                                                    ]
                                                }
                                            ]
                                        }
                                    ]
                                }
                            ]
                        }
                    ]
                }
            ]
        },
        "Planning Time": 1353.418,
        "Triggers": [],
        "Execution Time": 573.474
    }
]