{
  "Plan": {
    "Node Type": "Aggregate",
    "Strategy": "Plain",
    "Partial Mode": "Finalize",
    "Parallel Aware": false,
    "Startup Cost": 514342.94,
    "Total Cost": 514342.95,
    "Plan Rows": 1,
    "Plan Width": 8,
    "Actual Startup Time": 255.994,
    "Actual Total Time": 285.721,
    "Actual Rows": 1,
    "Actual Loops": 1,
    "Plans": [
      {
        "Node Type": "Gather",
        "Parent Relationship": "Outer",
        "Parallel Aware": false,
        "Startup Cost": 514342.83,
        "Total Cost": 514342.94,
        "Plan Rows": 1,
        "Plan Width": 8,
        "Actual Startup Time": 255.882,
        "Actual Total Time": 285.712,
        "Actual Rows": 2,
        "Actual Loops": 1,
        "Workers Planned": 1,
        "Workers Launched": 1,
        "Single Copy": false,
        "Plans": [
          {
            "Node Type": "Aggregate",
            "Strategy": "Plain",
            "Partial Mode": "Partial",
            "Parent Relationship": "Outer",
            "Parallel Aware": false,
            "Startup Cost": 513342.83,
            "Total Cost": 513342.84,
            "Plan Rows": 1,
            "Plan Width": 8,
            "Actual Startup Time": 249.965,
            "Actual Total Time": 249.967,
            "Actual Rows": 1,
            "Actual Loops": 2,
            "Plans": [
              {
                "Node Type": "Nested Loop",
                "Parent Relationship": "Outer",
                "Parallel Aware": false,
                "Join Type": "Inner",
                "Startup Cost": 0.56,
                "Total Cost": 513179.81,
                "Plan Rows": 65205,
                "Plan Width": 0,
                "Actual Startup Time": 0.479,
                "Actual Total Time": 246.657,
                "Actual Rows": 50752,
                "Actual Loops": 2,
                "Inner Unique": false,
                "Plans": [
                  {
                    "Node Type": "Seq Scan",
                    "Parent Relationship": "Outer",
                    "Parallel Aware": true,
                    "Relation Name": "title",
                    "Alias": "t",
                    "Startup Cost": 0.0,
                    "Total Cost": 58306.47,
                    "Plan Rows": 4551,
                    "Plan Width": 4,
                    "Actual Startup Time": 0.036,
                    "Actual Total Time": 130.83,
                    "Actual Rows": 4022,
                    "Actual Loops": 2,
                    "Filter": "((kind_id = 7) AND (production_year = 1980))",
                    "Rows Removed by Filter": 1260134
                  },
                  {
                    "Node Type": "Index Only Scan",
                    "Parent Relationship": "Inner",
                    "Parallel Aware": false,
                    "Scan Direction": "Forward",
                    "Index Name": "movie_id_cast_info",
                    "Relation Name": "cast_info",
                    "Alias": "ci",
                    "Startup Cost": 0.56,
                    "Total Cost": 99.58,
                    "Plan Rows": 37,
                    "Plan Width": 4,
                    "Actual Startup Time": 0.007,
                    "Actual Total Time": 0.027,
                    "Actual Rows": 13,
                    "Actual Loops": 8044,
                    "Index Cond": "(movie_id = t.id)",
                    "Rows Removed by Index Recheck": 0,
                    "Heap Fetches": 101505
                  }
                ]
              }
            ]
          }
        ]
      }
    ]
  },
  "Planning Time": 0.488,
  "Triggers": [],
  "Execution Time": 285.818
}