[
  {
    "Plan": {
      "Node Type": "Aggregate",
      "Strategy": "Plain",
      "Partial Mode": "Simple",
      "Parallel Aware": false,
      "Startup Cost": 987.07,
      "Total Cost": 987.08,
      "Plan Rows": 1,
      "Plan Width": 8,
      "Actual Startup Time": 0.898,
      "Actual Total Time": 0.9,
      "Actual Rows": 1,
      "Actual Loops": 1,
      "Plans": [
        {
          "Node Type": "Index Only Scan",
          "Parent Relationship": "Outer",
          "Parallel Aware": false,
          "Scan Direction": "Forward",
          "Index Name": "person_id_cast_info",
          "Relation Name": "cast_info",
          "Alias": "ci",
          "Startup Cost": 0.56,
          "Total Cost": 985.86,
          "Plan Rows": 484,
          "Plan Width": 0,
          "Actual Startup Time": 0.775,
          "Actual Total Time": 0.864,
          "Actual Rows": 147,
          "Actual Loops": 1,
          "Index Cond": "(person_id = 1278049)",
          "Rows Removed by Index Recheck": 0,
          "Heap Fetches": 147
        }
      ]
    },
    "Planning Time": 0.188,
    "Triggers": [],
    "Execution Time": 0.951
  }
]