[
  {
    "Plan": {
      "Node Type": "Aggregate",
      "Strategy": "Plain",
      "Partial Mode": "Finalize",
      "Parallel Aware": false,
      "Startup Cost": 94779.86,
      "Total Cost": 94779.87,
      "Plan Rows": 1,
      "Plan Width": 8,
      "Actual Startup Time": 422.689,
      "Actual Total Time": 440.1,
      "Actual Rows": 1,
      "Actual Loops": 1,
      "Plans": [
        {
          "Node Type": "Gather",
          "Parent Relationship": "Outer",
          "Parallel Aware": false,
          "Startup Cost": 94779.54,
          "Total Cost": 94779.85,
          "Plan Rows": 3,
          "Plan Width": 8,
          "Actual Startup Time": 420.295,
          "Actual Total Time": 440.087,
          "Actual Rows": 4,
          "Actual Loops": 1,
          "Workers Planned": 3,
          "Workers Launched": 3,
          "Single Copy": false,
          "Plans": [
            {
              "Node Type": "Aggregate",
              "Strategy": "Plain",
              "Partial Mode": "Partial",
              "Parent Relationship": "Outer",
              "Parallel Aware": false,
              "Startup Cost": 93779.54,
              "Total Cost": 93779.55,
              "Plan Rows": 1,
              "Plan Width": 8,
              "Actual Startup Time": 413.896,
              "Actual Total Time": 413.9,
              "Actual Rows": 1,
              "Actual Loops": 4,
              "Plans": [
                {
                  "Node Type": "Hash Join",
                  "Parent Relationship": "Outer",
                  "Parallel Aware": true,
                  "Join Type": "Inner",
                  "Startup Cost": 47518.69,
                  "Total Cost": 93076.16,
                  "Plan Rows": 281353,
                  "Plan Width": 0,
                  "Actual Startup Time": 168.135,
                  "Actual Total Time": 390.353,
                  "Actual Rows": 603848,
                  "Actual Loops": 4,
                  "Inner Unique": true,
                  "Hash Cond": "(mk.movie_id = t.id)",
                  "Plans": [
                    {
                      "Node Type": "Seq Scan",
                      "Parent Relationship": "Outer",
                      "Parallel Aware": true,
                      "Relation Name": "movie_keyword",
                      "Alias": "mk",
                      "Startup Cost": 0.0,
                      "Total Cost": 42695.65,
                      "Plan Rows": 1090218,
                      "Plan Width": 4,
                      "Actual Startup Time": 0.028,
                      "Actual Total Time": 105.428,
                      "Actual Rows": 844311,
                      "Actual Loops": 4,
                      "Filter": "(keyword_id < 16264)",
                      "Rows Removed by Filter": 286671
                    },
                    {
                      "Node Type": "Hash",
                      "Parent Relationship": "Inner",
                      "Parallel Aware": true,
                      "Startup Cost": 45479.59,
                      "Total Cost": 45479.59,
                      "Plan Rows": 163128,
                      "Plan Width": 4,
                      "Actual Startup Time": 164.929,
                      "Actual Total Time": 164.93,
                      "Actual Rows": 177795,
                      "Actual Loops": 4,
                      "Hash Buckets": 1048576,
                      "Original Hash Buckets": 1048576,
                      "Hash Batches": 1,
                      "Original Hash Batches": 1,
                      "Peak Memory Usage": 36064,
                      "Plans": [
                        {
                          "Node Type": "Seq Scan",
                          "Parent Relationship": "Outer",
                          "Parallel Aware": true,
                          "Relation Name": "title",
                          "Alias": "t",
                          "Startup Cost": 0.0,
                          "Total Cost": 45479.59,
                          "Plan Rows": 163128,
                          "Plan Width": 4,
                          "Actual Startup Time": 0.045,
                          "Actual Total Time": 100.392,
                          "Actual Rows": 177795,
                          "Actual Loops": 4,
                          "Filter": "((kind_id < 7) AND (production_year < 2008))",
                          "Rows Removed by Filter": 454283
                        }
                      ]
                    }
                  ]
                }
              ]
            }
          ]
        }
      ]
    },
    "Planning Time": 0.342,
    "Triggers": [],
    "Execution Time": 440.141
  }
]