{
  "Plan": {
    "Node Type": "Aggregate",
    "Strategy": "Plain",
    "Partial Mode": "Finalize",
    "Parallel Aware": false,
    "Startup Cost": 72196.29,
    "Total Cost": 72196.3,
    "Plan Rows": 1,
    "Plan Width": 8,
    "Actual Startup Time": 150.379,
    "Actual Total Time": 162.072,
    "Actual Rows": 1,
    "Actual Loops": 1,
    "Plans": [
      {
        "Node Type": "Gather",
        "Parent Relationship": "Outer",
        "Parallel Aware": false,
        "Startup Cost": 72196.18,
        "Total Cost": 72196.29,
        "Plan Rows": 1,
        "Plan Width": 8,
        "Actual Startup Time": 150.28,
        "Actual Total Time": 162.065,
        "Actual Rows": 2,
        "Actual Loops": 1,
        "Workers Planned": 1,
        "Workers Launched": 1,
        "Single Copy": false,
        "Plans": [
          {
            "Node Type": "Aggregate",
            "Strategy": "Plain",
            "Partial Mode": "Partial",
            "Parent Relationship": "Outer",
            "Parallel Aware": false,
            "Startup Cost": 71196.18,
            "Total Cost": 71196.19,
            "Plan Rows": 1,
            "Plan Width": 8,
            "Actual Startup Time": 144.294,
            "Actual Total Time": 144.296,
            "Actual Rows": 1,
            "Actual Loops": 2,
            "Plans": [
              {
                "Node Type": "Nested Loop",
                "Parent Relationship": "Outer",
                "Parallel Aware": false,
                "Join Type": "Inner",
                "Startup Cost": 0.43,
                "Total Cost": 71195.36,
                "Plan Rows": 329,
                "Plan Width": 0,
                "Actual Startup Time": 3.012,
                "Actual Total Time": 144.263,
                "Actual Rows": 106,
                "Actual Loops": 2,
                "Inner Unique": false,
                "Plans": [
                  {
                    "Node Type": "Seq Scan",
                    "Parent Relationship": "Outer",
                    "Parallel Aware": true,
                    "Relation Name": "title",
                    "Alias": "t",
                    "Startup Cost": 0.0,
                    "Total Cost": 58306.47,
                    "Plan Rows": 1828,
                    "Plan Width": 4,
                    "Actual Startup Time": 0.49,
                    "Actual Total Time": 140.017,
                    "Actual Rows": 1150,
                    "Actual Loops": 2,
                    "Filter": "((kind_id > 1) AND (production_year = 1950))",
                    "Rows Removed by Filter": 1263006
                  },
                  {
                    "Node Type": "Index Scan",
                    "Parent Relationship": "Inner",
                    "Parallel Aware": false,
                    "Scan Direction": "Forward",
                    "Index Name": "movie_id_movie_info_idx",
                    "Relation Name": "movie_info_idx",
                    "Alias": "mi_idx",
                    "Startup Cost": 0.43,
                    "Total Cost": 7.04,
                    "Plan Rows": 1,
                    "Plan Width": 4,
                    "Actual Startup Time": 0.003,
                    "Actual Total Time": 0.003,
                    "Actual Rows": 0,
                    "Actual Loops": 2301,
                    "Index Cond": "(movie_id = t.id)",
                    "Rows Removed by Index Recheck": 0,
                    "Filter": "(info_type_id = 99)",
                    "Rows Removed by Filter": 0
                  }
                ]
              }
            ]
          }
        ]
      }
    ]
  },
  "Planning Time": 0.468,
  "Triggers": [],
  "Execution Time": 162.144
}