{
    "Plan": {
        "Node Type": "Aggregate",
        "Strategy": "Plain",
        "Partial Mode": "Simple",
        "Parallel Aware": false,
        "Startup Cost": 39945.4,
        "Total Cost": 39945.41,
        "Plan Rows": 1,
        "Plan Width": 8,
        "Actual Startup Time": 96.7,
        "Actual Total Time": 96.702,
        "Actual Rows": 1,
        "Actual Loops": 1,
        "Output": [
            "count(*)"
        ],
        "Plans": [
            {
                "Node Type": "Bitmap Heap Scan",
                "Parent Relationship": "Outer",
                "Parallel Aware": false,
                "Relation Name": "title",
                "Schema": "public",
                "Alias": "t",
                "Startup Cost": 2112.83,
                "Total Cost": 39883.18,
                "Plan Rows": 24885,
                "Plan Width": 0,
                "Actual Startup Time": 20.605,
                "Actual Total Time": 95.328,
                "Actual Rows": 21082,
                "Actual Loops": 1,
                "Recheck Cond": "(t.kind_id = 4)",
                "Rows Removed by Index Recheck": 0,
                "Filter": "(t.production_year > 2009)",
                "Rows Removed by Filter": 97152,
                "Exact Heap Blocks": 12711,
                "Lossy Heap Blocks": 0,
                "Plans": [
                    {
                        "Node Type": "Bitmap Index Scan",
                        "Parent Relationship": "Outer",
                        "Parallel Aware": false,
                        "Index Name": "kind_id_title",
                        "Startup Cost": 0.0,
                        "Total Cost": 2106.61,
                        "Plan Rows": 118157,
                        "Plan Width": 0,
                        "Actual Startup Time": 17.506,
                        "Actual Total Time": 17.506,
                        "Actual Rows": 118234,
                        "Actual Loops": 1,
                        "Index Cond": "(t.kind_id = 4)"
                    }
                ]
            }
        ]
    },
    "Planning Time": 1.838,
    "Triggers": [],
    "Execution Time": 97.016
}