[
  {
    "Plan": {
      "Node Type": "Aggregate",
      "Strategy": "Plain",
      "Partial Mode": "Finalize",
      "Parallel Aware": false,
      "Startup Cost": 46753.4,
      "Total Cost": 46753.41,
      "Plan Rows": 1,
      "Plan Width": 8,
      "Actual Startup Time": 192.611,
      "Actual Total Time": 203.254,
      "Actual Rows": 1,
      "Actual Loops": 1,
      "Plans": [
        {
          "Node Type": "Gather",
          "Parent Relationship": "Outer",
          "Parallel Aware": false,
          "Startup Cost": 46753.09,
          "Total Cost": 46753.4,
          "Plan Rows": 3,
          "Plan Width": 8,
          "Actual Startup Time": 192.449,
          "Actual Total Time": 203.244,
          "Actual Rows": 4,
          "Actual Loops": 1,
          "Workers Planned": 3,
          "Workers Launched": 3,
          "Single Copy": false,
          "Plans": [
            {
              "Node Type": "Aggregate",
              "Strategy": "Plain",
              "Partial Mode": "Partial",
              "Parent Relationship": "Outer",
              "Parallel Aware": false,
              "Startup Cost": 45753.09,
              "Total Cost": 45753.1,
              "Plan Rows": 1,
              "Plan Width": 8,
              "Actual Startup Time": 185.378,
              "Actual Total Time": 185.379,
              "Actual Rows": 1,
              "Actual Loops": 4,
              "Plans": [
                {
                  "Node Type": "Seq Scan",
                  "Parent Relationship": "Outer",
                  "Parallel Aware": true,
                  "Relation Name": "movie_keyword",
                  "Alias": "mk",
                  "Startup Cost": 0.0,
                  "Total Cost": 42695.65,
                  "Plan Rows": 1222973,
                  "Plan Width": 0,
                  "Actual Startup Time": 0.067,
                  "Actual Total Time": 135.248,
                  "Actual Rows": 949137,
                  "Actual Loops": 4,
                  "Filter": "(keyword_id < 25788)",
                  "Rows Removed by Filter": 181845
                }
              ]
            }
          ]
        }
      ]
    },
    "Planning Time": 0.19,
    "Triggers": [],
    "Execution Time": 203.31
  }
]