{
  "Plan": {
    "Node Type": "Aggregate",
    "Strategy": "Plain",
    "Partial Mode": "Finalize",
    "Parallel Aware": false,
    "Startup Cost": 555461.29,
    "Total Cost": 555461.3,
    "Plan Rows": 1,
    "Plan Width": 96,
    "Actual Startup Time": 7410.447,
    "Actual Total Time": 7552.211,
    "Actual Rows": 1,
    "Actual Loops": 1,
    "Plans": [
      {
        "Node Type": "Gather",
        "Parent Relationship": "Outer",
        "Parallel Aware": false,
        "Startup Cost": 555460.96,
        "Total Cost": 555461.27,
        "Plan Rows": 3,
        "Plan Width": 96,
        "Actual Startup Time": 7313.349,
        "Actual Total Time": 7552.158,
        "Actual Rows": 4,
        "Actual Loops": 1,
        "Workers Planned": 3,
        "Workers Launched": 3,
        "Single Copy": false,
        "Plans": [
          {
            "Node Type": "Aggregate",
            "Strategy": "Plain",
            "Partial Mode": "Partial",
            "Parent Relationship": "Outer",
            "Parallel Aware": false,
            "Startup Cost": 554460.96,
            "Total Cost": 554460.97,
            "Plan Rows": 1,
            "Plan Width": 96,
            "Actual Startup Time": 7305.747,
            "Actual Total Time": 7308.743,
            "Actual Rows": 1,
            "Actual Loops": 4,
            "Plans": [
              {
                "Node Type": "Hash Join",
                "Parent Relationship": "Outer",
                "Parallel Aware": false,
                "Join Type": "Inner",
                "Startup Cost": 474376.22,
                "Total Cost": 554456.34,
                "Plan Rows": 616,
                "Plan Width": 48,
                "Actual Startup Time": 5559.224,
                "Actual Total Time": 7302.509,
                "Actual Rows": 57793,
                "Actual Loops": 4,
                "Inner Unique": true,
                "Hash Cond": "(mk.keyword_id = k.id)",
                "Plans": [
                  {
                    "Node Type": "Hash Join",
                    "Parent Relationship": "Outer",
                    "Parallel Aware": true,
                    "Join Type": "Inner",
                    "Startup Cost": 470743.72,
                    "Total Cost": 523694.26,
                    "Plan Rows": 10334750,
                    "Plan Width": 36,
                    "Actual Startup Time": 5515.804,
                    "Actual Total Time": 6790.242,
                    "Actual Rows": 9953896,
                    "Actual Loops": 4,
                    "Inner Unique": false,
                    "Hash Cond": "(mk.movie_id = t.id)",
                    "Plans": [
                      {
                        "Node Type": "Seq Scan",
                        "Parent Relationship": "Outer",
                        "Parallel Aware": true,
                        "Relation Name": "movie_keyword",
                        "Alias": "mk",
                        "Startup Cost": 0.0,
                        "Total Cost": 39047.32,
                        "Plan Rows": 1459332,
                        "Plan Width": 8,
                        "Actual Startup Time": 0.016,
                        "Actual Total Time": 93.819,
                        "Actual Rows": 1130982,
                        "Actual Loops": 4
                      },
                      {
                        "Node Type": "Hash",
                        "Parent Relationship": "Inner",
                        "Parallel Aware": true,
                        "Startup Cost": 456435.16,
                        "Total Cost": 456435.16,
                        "Plan Rows": 1144685,
                        "Plan Width": 40,
                        "Actual Startup Time": 5501.078,
                        "Actual Total Time": 5504.068,
                        "Actual Rows": 1381358,
                        "Actual Loops": 4,
                        "Hash Buckets": 8388608,
                        "Original Hash Buckets": 8388608,
                        "Hash Batches": 1,
                        "Original Hash Batches": 1,
                        "Peak Memory Usage": 482976,
                        "Plans": [
                          {
                            "Node Type": "Hash Join",
                            "Parent Relationship": "Outer",
                            "Parallel Aware": true,
                            "Join Type": "Inner",
                            "Startup Cost": 124450.83,
                            "Total Cost": 456435.16,
                            "Plan Rows": 1144685,
                            "Plan Width": 40,
                            "Actual Startup Time": 911.44,
                            "Actual Total Time": 4577.501,
                            "Actual Rows": 1381358,
                            "Actual Loops": 4,
                            "Inner Unique": true,
                            "Hash Cond": "(ci.person_id = n.id)",
                            "Plans": [
                              {
                                "Node Type": "Hash Join",
                                "Parent Relationship": "Outer",
                                "Parallel Aware": true,
                                "Join Type": "Inner",
                                "Startup Cost": 45396.34,
                                "Total Cost": 374375.87,
                                "Plan Rows": 1144685,
                                "Plan Width": 29,
                                "Actual Startup Time": 188.359,
                                "Actual Total Time": 3478.32,
                                "Actual Rows": 1381358,
                                "Actual Loops": 4,
                                "Inner Unique": true,
                                "Hash Cond": "(ci.movie_id = t.id)",
                                "Plans": [
                                  {
                                    "Node Type": "Seq Scan",
                                    "Parent Relationship": "Outer",
                                    "Parallel Aware": true,
                                    "Relation Name": "cast_info",
                                    "Alias": "ci",
                                    "Startup Cost": 0.0,
                                    "Total Cost": 313116.71,
                                    "Plan Rows": 6042971,
                                    "Plan Width": 8,
                                    "Actual Startup Time": 0.012,
                                    "Actual Total Time": 902.543,
                                    "Actual Rows": 9061086,
                                    "Actual Loops": 4
                                  },
                                  {
                                    "Node Type": "Hash",
                                    "Parent Relationship": "Inner",
                                    "Parallel Aware": true,
                                    "Startup Cost": 43899.59,
                                    "Total Cost": 43899.59,
                                    "Plan Rows": 119740,
                                    "Plan Width": 21,
                                    "Actual Startup Time": 187.495,
                                    "Actual Total Time": 187.496,
                                    "Actual Rows": 119900,
                                    "Actual Loops": 4,
                                    "Hash Buckets": 524288,
                                    "Original Hash Buckets": 524288,
                                    "Hash Batches": 1,
                                    "Original Hash Batches": 1,
                                    "Peak Memory Usage": 31552,
                                    "Plans": [
                                      {
                                        "Node Type": "Seq Scan",
                                        "Parent Relationship": "Outer",
                                        "Parallel Aware": true,
                                        "Relation Name": "title",
                                        "Alias": "t",
                                        "Startup Cost": 0.0,
                                        "Total Cost": 43899.59,
                                        "Plan Rows": 119740,
                                        "Plan Width": 21,
                                        "Actual Startup Time": 0.027,
                                        "Actual Total Time": 113.385,
                                        "Actual Rows": 119900,
                                        "Actual Loops": 4,
                                        "Filter": "(production_year < 1978)",
                                        "Rows Removed by Filter": 512178
                                      }
                                    ]
                                  }
                                ]
                              },
                              {
                                "Node Type": "Hash",
                                "Parent Relationship": "Inner",
                                "Parallel Aware": true,
                                "Startup Cost": 66031.44,
                                "Total Cost": 66031.44,
                                "Plan Rows": 1041844,
                                "Plan Width": 19,
                                "Actual Startup Time": 715.88,
                                "Actual Total Time": 715.881,
                                "Actual Rows": 1041873,
                                "Actual Loops": 4,
                                "Hash Buckets": 4194304,
                                "Original Hash Buckets": 4194304,
                                "Hash Batches": 1,
                                "Original Hash Batches": 1,
                                "Peak Memory Usage": 258976,
                                "Plans": [
                                  {
                                    "Node Type": "Seq Scan",
                                    "Parent Relationship": "Outer",
                                    "Parallel Aware": true,
                                    "Relation Name": "name",
                                    "Alias": "n",
                                    "Startup Cost": 0.0,
                                    "Total Cost": 66031.44,
                                    "Plan Rows": 1041844,
                                    "Plan Width": 19,
                                    "Actual Startup Time": 0.05,
                                    "Actual Total Time": 190.033,
                                    "Actual Rows": 1041873,
                                    "Actual Loops": 4
                                  }
                                ]
                              }
                            ]
                          }
                        ]
                      }
                    ]
                  },
                  {
                    "Node Type": "Hash",
                    "Parent Relationship": "Inner",
                    "Parallel Aware": false,
                    "Startup Cost": 3632.4,
                    "Total Cost": 3632.4,
                    "Plan Rows": 8,
                    "Plan Width": 20,
                    "Actual Startup Time": 38.544,
                    "Actual Total Time": 38.544,
                    "Actual Rows": 8,
                    "Actual Loops": 4,
                    "Hash Buckets": 1024,
                    "Original Hash Buckets": 1024,
                    "Hash Batches": 1,
                    "Original Hash Batches": 1,
                    "Peak Memory Usage": 9,
                    "Plans": [
                      {
                        "Node Type": "Seq Scan",
                        "Parent Relationship": "Outer",
                        "Parallel Aware": false,
                        "Relation Name": "keyword",
                        "Alias": "k",
                        "Startup Cost": 0.0,
                        "Total Cost": 3632.4,
                        "Plan Rows": 8,
                        "Plan Width": 20,
                        "Actual Startup Time": 0.33,
                        "Actual Total Time": 38.51,
                        "Actual Rows": 8,
                        "Actual Loops": 4,
                        "Filter": "(keyword = ANY ('{superhero,sequel,second-part,marvel-comics,based-on-comic,tv-special,fight,violence}'::text[]))",
                        "Rows Removed by Filter": 134162
                      }
                    ]
                  }
                ]
              }
            ]
          }
        ]
      }
    ]
  },
  "Planning Time": 7.944,
  "Triggers": [],
  "Execution Time": 7552.844
}