[
  {
    "Plan": {
      "Node Type": "Aggregate",
      "Strategy": "Plain",
      "Partial Mode": "Finalize",
      "Parallel Aware": false,
      "Startup Cost": 47054.6,
      "Total Cost": 47054.61,
      "Plan Rows": 1,
      "Plan Width": 8,
      "Actual Startup Time": 113.602,
      "Actual Total Time": 126.145,
      "Actual Rows": 1,
      "Actual Loops": 1,
      "Plans": [
        {
          "Node Type": "Gather",
          "Parent Relationship": "Outer",
          "Parallel Aware": false,
          "Startup Cost": 47054.18,
          "Total Cost": 47054.59,
          "Plan Rows": 4,
          "Plan Width": 8,
          "Actual Startup Time": 113.4,
          "Actual Total Time": 126.134,
          "Actual Rows": 5,
          "Actual Loops": 1,
          "Workers Planned": 4,
          "Workers Launched": 4,
          "Single Copy": false,
          "Plans": [
            {
              "Node Type": "Aggregate",
              "Strategy": "Plain",
              "Partial Mode": "Partial",
              "Parent Relationship": "Outer",
              "Parallel Aware": false,
              "Startup Cost": 46054.18,
              "Total Cost": 46054.19,
              "Plan Rows": 1,
              "Plan Width": 8,
              "Actual Startup Time": 104.197,
              "Actual Total Time": 104.198,
              "Actual Rows": 1,
              "Actual Loops": 5,
              "Plans": [
                {
                  "Node Type": "Seq Scan",
                  "Parent Relationship": "Outer",
                  "Parallel Aware": true,
                  "Relation Name": "title",
                  "Alias": "t",
                  "Startup Cost": 0.0,
                  "Total Cost": 45479.59,
                  "Plan Rows": 229836,
                  "Plan Width": 0,
                  "Actual Startup Time": 0.065,
                  "Actual Total Time": 95.058,
                  "Actual Rows": 174191,
                  "Actual Loops": 5,
                  "Filter": "((kind_id < 7) AND (production_year > 1926))",
                  "Rows Removed by Filter": 331472
                }
              ]
            }
          ]
        }
      ]
    },
    "Planning Time": 0.197,
    "Triggers": [],
    "Execution Time": 126.206
  }
]