{
  "Plan": {
    "Node Type": "Aggregate",
    "Strategy": "Plain",
    "Partial Mode": "Finalize",
    "Parallel Aware": false,
    "Startup Cost": 114666.03,
    "Total Cost": 114666.04,
    "Plan Rows": 1,
    "Plan Width": 8,
    "Actual Startup Time": 674.264,
    "Actual Total Time": 686.297,
    "Actual Rows": 1,
    "Actual Loops": 1,
    "Plans": [
      {
        "Node Type": "Gather",
        "Parent Relationship": "Outer",
        "Parallel Aware": false,
        "Startup Cost": 114665.92,
        "Total Cost": 114666.03,
        "Plan Rows": 1,
        "Plan Width": 8,
        "Actual Startup Time": 672.639,
        "Actual Total Time": 686.284,
        "Actual Rows": 2,
        "Actual Loops": 1,
        "Workers Planned": 1,
        "Workers Launched": 1,
        "Single Copy": false,
        "Plans": [
          {
            "Node Type": "Aggregate",
            "Strategy": "Plain",
            "Partial Mode": "Partial",
            "Parent Relationship": "Outer",
            "Parallel Aware": false,
            "Startup Cost": 113665.92,
            "Total Cost": 113665.93,
            "Plan Rows": 1,
            "Plan Width": 8,
            "Actual Startup Time": 670.022,
            "Actual Total Time": 670.029,
            "Actual Rows": 1,
            "Actual Loops": 2,
            "Plans": [
              {
                "Node Type": "Hash Join",
                "Parent Relationship": "Outer",
                "Parallel Aware": true,
                "Join Type": "Inner",
                "Startup Cost": 48808.48,
                "Total Cost": 112266.57,
                "Plan Rows": 559740,
                "Plan Width": 0,
                "Actual Startup Time": 219.835,
                "Actual Total Time": 657.272,
                "Actual Rows": 318482,
                "Actual Loops": 2,
                "Inner Unique": false,
                "Hash Cond": "(t.id = mc.movie_id)",
                "Plans": [
                  {
                    "Node Type": "Seq Scan",
                    "Parent Relationship": "Outer",
                    "Parallel Aware": true,
                    "Relation Name": "title",
                    "Alias": "t",
                    "Startup Cost": 0.0,
                    "Total Cost": 50870.31,
                    "Plan Rows": 1487231,
                    "Plan Width": 4,
                    "Actual Startup Time": 0.008,
                    "Actual Total Time": 121.203,
                    "Actual Rows": 1264156,
                    "Actual Loops": 2
                  },
                  {
                    "Node Type": "Hash",
                    "Parent Relationship": "Inner",
                    "Parallel Aware": true,
                    "Startup Cost": 41811.73,
                    "Total Cost": 41811.73,
                    "Plan Rows": 559740,
                    "Plan Width": 4,
                    "Actual Startup Time": 214.557,
                    "Actual Total Time": 214.559,
                    "Actual Rows": 318482,
                    "Actual Loops": 2,
                    "Hash Buckets": 1048576,
                    "Original Hash Buckets": 1048576,
                    "Hash Batches": 1,
                    "Original Hash Batches": 1,
                    "Peak Memory Usage": 33152,
                    "Plans": [
                      {
                        "Node Type": "Seq Scan",
                        "Parent Relationship": "Outer",
                        "Parallel Aware": true,
                        "Relation Name": "movie_companies",
                        "Alias": "mc",
                        "Startup Cost": 0.0,
                        "Total Cost": 41811.73,
                        "Plan Rows": 559740,
                        "Plan Width": 4,
                        "Actual Startup Time": 59.568,
                        "Actual Total Time": 128.288,
                        "Actual Rows": 318482,
                        "Actual Loops": 2,
                        "Filter": "((company_id < 37143) AND (company_type_id > 1))",
                        "Rows Removed by Filter": 986082
                      }
                    ]
                  }
                ]
              }
            ]
          }
        ]
      }
    ]
  },
  "Planning Time": 0.291,
  "Triggers": [],
  "Execution Time": 686.341
}