[
    {
        "Bao": {
            "Bao prediction": 452.315,
            "Bao recommended hint": "(no hint)"
        }
    },
    {
        "Plan": {
            "Node Type": "Aggregate",
            "Strategy": "Plain",
            "Partial Mode": "Simple",
            "Parallel Aware": false,
            "Startup Cost": 72614.87,
            "Total Cost": 72614.88,
            "Plan Rows": 1,
            "Plan Width": 64,
            "Actual Startup Time": 273.501,
            "Actual Total Time": 286.921,
            "Actual Rows": 1,
            "Actual Loops": 1,
            "Output": [
                "min(n.name)",
                "min(t.title)"
            ],
            "Plans": [
                {
                    "Node Type": "Nested Loop",
                    "Parent Relationship": "Outer",
                    "Parallel Aware": false,
                    "Join Type": "Inner",
                    "Startup Cost": 1004.44,
                    "Total Cost": 72614.86,
                    "Plan Rows": 1,
                    "Plan Width": 32,
                    "Actual Startup Time": 252.147,
                    "Actual Total Time": 286.367,
                    "Actual Rows": 1452,
                    "Actual Loops": 1,
                    "Output": [
                        "n.name",
                        "t.title"
                    ],
                    "Inner Unique": true,
                    "Join Filter": "(mi.movie_id = t.id)",
                    "Rows Removed by Join Filter": 0,
                    "Plans": [
                        {
                            "Node Type": "Nested Loop",
                            "Parent Relationship": "Outer",
                            "Parallel Aware": false,
                            "Join Type": "Inner",
                            "Startup Cost": 1004.01,
                            "Total Cost": 72614.34,
                            "Plan Rows": 1,
                            "Plan Width": 27,
                            "Actual Startup Time": 252.085,
                            "Actual Total Time": 279.241,
                            "Actual Rows": 1452,
                            "Actual Loops": 1,
                            "Output": [
                                "ci.movie_id",
                                "mc.movie_id",
                                "mi.movie_id",
                                "n.name"
                            ],
                            "Inner Unique": true,
                            "Plans": [
                                {
                                    "Node Type": "Nested Loop",
                                    "Parent Relationship": "Outer",
                                    "Parallel Aware": false,
                                    "Join Type": "Inner",
                                    "Startup Cost": 1003.87,
                                    "Total Cost": 72614.15,
                                    "Plan Rows": 1,
                                    "Plan Width": 31,
                                    "Actual Startup Time": 252.046,
                                    "Actual Total Time": 276.832,
                                    "Actual Rows": 1452,
                                    "Actual Loops": 1,
                                    "Output": [
                                        "ci.movie_id",
                                        "mc.movie_id",
                                        "mi.movie_id",
                                        "mi.info_type_id",
                                        "n.name"
                                    ],
                                    "Inner Unique": true,
                                    "Plans": [
                                        {
                                            "Node Type": "Gather",
                                            "Parent Relationship": "Outer",
                                            "Parallel Aware": false,
                                            "Startup Cost": 1003.44,
                                            "Total Cost": 72613.64,
                                            "Plan Rows": 1,
                                            "Plan Width": 35,
                                            "Actual Startup Time": 251.933,
                                            "Actual Total Time": 272.363,
                                            "Actual Rows": 1452,
                                            "Actual Loops": 1,
                                            "Output": [
                                                "ci.movie_id",
                                                "ci.person_role_id",
                                                "mc.movie_id",
                                                "mi.movie_id",
                                                "mi.info_type_id",
                                                "n.name"
                                            ],
                                            "Workers Planned": 4,
                                            "Workers Launched": 4,
                                            "Single Copy": false,
                                            "Plans": [
                                                {
                                                    "Node Type": "Nested Loop",
                                                    "Parent Relationship": "Outer",
                                                    "Parallel Aware": false,
                                                    "Join Type": "Inner",
                                                    "Startup Cost": 3.44,
                                                    "Total Cost": 71613.54,
                                                    "Plan Rows": 1,
                                                    "Plan Width": 35,
                                                    "Actual Startup Time": 213.511,
                                                    "Actual Total Time": 218.249,
                                                    "Actual Rows": 290,
                                                    "Actual Loops": 5,
                                                    "Output": [
                                                        "ci.movie_id",
                                                        "ci.person_role_id",
                                                        "mc.movie_id",
                                                        "mi.movie_id",
                                                        "mi.info_type_id",
                                                        "n.name"
                                                    ],
                                                    "Inner Unique": false,
                                                    "Join Filter": "(mc.movie_id = mi.movie_id)",
                                                    "Rows Removed by Join Filter": 0,
                                                    "Workers": [
                                                        {
                                                            "Worker Number": 0,
                                                            "Actual Startup Time": 236.786,
                                                            "Actual Total Time": 236.794,
                                                            "Actual Rows": 0,
                                                            "Actual Loops": 1
                                                        },
                                                        {
                                                            "Worker Number": 1,
                                                            "Actual Startup Time": 106.886,
                                                            "Actual Total Time": 130.541,
                                                            "Actual Rows": 1452,
                                                            "Actual Loops": 1
                                                        },
                                                        {
                                                            "Worker Number": 2,
                                                            "Actual Startup Time": 236.582,
                                                            "Actual Total Time": 236.59,
                                                            "Actual Rows": 0,
                                                            "Actual Loops": 1
                                                        },
                                                        {
                                                            "Worker Number": 3,
                                                            "Actual Startup Time": 237.474,
                                                            "Actual Total Time": 237.481,
                                                            "Actual Rows": 0,
                                                            "Actual Loops": 1
                                                        }
                                                    ],
                                                    "Plans": [
                                                        {
                                                            "Node Type": "Nested Loop",
                                                            "Parent Relationship": "Outer",
                                                            "Parallel Aware": false,
                                                            "Join Type": "Inner",
                                                            "Startup Cost": 3.0,
                                                            "Total Cost": 71611.88,
                                                            "Plan Rows": 1,
                                                            "Plan Width": 27,
                                                            "Actual Startup Time": 213.466,
                                                            "Actual Total Time": 216.667,
                                                            "Actual Rows": 273,
                                                            "Actual Loops": 5,
                                                            "Output": [
                                                                "ci.movie_id",
                                                                "ci.person_role_id",
                                                                "mc.movie_id",
                                                                "n.name"
                                                            ],
                                                            "Inner Unique": true,
                                                            "Workers": [
                                                                {
                                                                    "Worker Number": 0,
                                                                    "Actual Startup Time": 236.785,
                                                                    "Actual Total Time": 236.792,
                                                                    "Actual Rows": 0,
                                                                    "Actual Loops": 1
                                                                },
                                                                {
                                                                    "Worker Number": 1,
                                                                    "Actual Startup Time": 106.668,
                                                                    "Actual Total Time": 122.642,
                                                                    "Actual Rows": 1366,
                                                                    "Actual Loops": 1
                                                                },
                                                                {
                                                                    "Worker Number": 2,
                                                                    "Actual Startup Time": 236.581,
                                                                    "Actual Total Time": 236.588,
                                                                    "Actual Rows": 0,
                                                                    "Actual Loops": 1
                                                                },
                                                                {
                                                                    "Worker Number": 3,
                                                                    "Actual Startup Time": 237.473,
                                                                    "Actual Total Time": 237.479,
                                                                    "Actual Rows": 0,
                                                                    "Actual Loops": 1
                                                                }
                                                            ],
                                                            "Plans": [
                                                                {
                                                                    "Node Type": "Nested Loop",
                                                                    "Parent Relationship": "Outer",
                                                                    "Parallel Aware": false,
                                                                    "Join Type": "Inner",
                                                                    "Startup Cost": 2.58,
                                                                    "Total Cost": 71611.39,
                                                                    "Plan Rows": 1,
                                                                    "Plan Width": 31,
                                                                    "Actual Startup Time": 213.443,
                                                                    "Actual Total Time": 215.805,
                                                                    "Actual Rows": 273,
                                                                    "Actual Loops": 5,
                                                                    "Output": [
                                                                        "ci.movie_id",
                                                                        "ci.person_role_id",
                                                                        "mc.movie_id",
                                                                        "mc.company_id",
                                                                        "n.name"
                                                                    ],
                                                                    "Inner Unique": false,
                                                                    "Workers": [
                                                                        {
                                                                            "Worker Number": 0,
                                                                            "Actual Startup Time": 236.784,
                                                                            "Actual Total Time": 236.79,
                                                                            "Actual Rows": 0,
                                                                            "Actual Loops": 1
                                                                        },
                                                                        {
                                                                            "Worker Number": 1,
                                                                            "Actual Startup Time": 106.552,
                                                                            "Actual Total Time": 118.338,
                                                                            "Actual Rows": 1366,
                                                                            "Actual Loops": 1
                                                                        },
                                                                        {
                                                                            "Worker Number": 2,
                                                                            "Actual Startup Time": 236.58,
                                                                            "Actual Total Time": 236.587,
                                                                            "Actual Rows": 0,
                                                                            "Actual Loops": 1
                                                                        },
                                                                        {
                                                                            "Worker Number": 3,
                                                                            "Actual Startup Time": 237.473,
                                                                            "Actual Total Time": 237.478,
                                                                            "Actual Rows": 0,
                                                                            "Actual Loops": 1
                                                                        }
                                                                    ],
                                                                    "Plans": [
                                                                        {
                                                                            "Node Type": "Hash Join",
                                                                            "Parent Relationship": "Outer",
                                                                            "Parallel Aware": false,
                                                                            "Join Type": "Inner",
                                                                            "Startup Cost": 2.15,
                                                                            "Total Cost": 71609.03,
                                                                            "Plan Rows": 4,
                                                                            "Plan Width": 23,
                                                                            "Actual Startup Time": 213.418,
                                                                            "Actual Total Time": 214.172,
                                                                            "Actual Rows": 391,
                                                                            "Actual Loops": 5,
                                                                            "Output": [
                                                                                "ci.movie_id",
                                                                                "ci.person_role_id",
                                                                                "n.name"
                                                                            ],
                                                                            "Inner Unique": true,
                                                                            "Hash Cond": "(ci.role_id = rt.id)",
                                                                            "Workers": [
                                                                                {
                                                                                    "Worker Number": 0,
                                                                                    "Actual Startup Time": 236.784,
                                                                                    "Actual Total Time": 236.789,
                                                                                    "Actual Rows": 0,
                                                                                    "Actual Loops": 1
                                                                                },
                                                                                {
                                                                                    "Worker Number": 1,
                                                                                    "Actual Startup Time": 106.433,
                                                                                    "Actual Total Time": 110.177,
                                                                                    "Actual Rows": 1956,
                                                                                    "Actual Loops": 1
                                                                                },
                                                                                {
                                                                                    "Worker Number": 2,
                                                                                    "Actual Startup Time": 236.579,
                                                                                    "Actual Total Time": 236.585,
                                                                                    "Actual Rows": 0,
                                                                                    "Actual Loops": 1
                                                                                },
                                                                                {
                                                                                    "Worker Number": 3,
                                                                                    "Actual Startup Time": 237.472,
                                                                                    "Actual Total Time": 237.476,
                                                                                    "Actual Rows": 0,
                                                                                    "Actual Loops": 1
                                                                                }
                                                                            ],
                                                                            "Plans": [
                                                                                {
                                                                                    "Node Type": "Nested Loop",
                                                                                    "Parent Relationship": "Outer",
                                                                                    "Parallel Aware": false,
                                                                                    "Join Type": "Inner",
                                                                                    "Startup Cost": 0.99,
                                                                                    "Total Cost": 71607.71,
                                                                                    "Plan Rows": 42,
                                                                                    "Plan Width": 27,
                                                                                    "Actual Startup Time": 113.751,
                                                                                    "Actual Total Time": 213.765,
                                                                                    "Actual Rows": 406,
                                                                                    "Actual Loops": 5,
                                                                                    "Output": [
                                                                                        "ci.movie_id",
                                                                                        "ci.role_id",
                                                                                        "ci.person_role_id",
                                                                                        "n.name"
                                                                                    ],
                                                                                    "Inner Unique": false,
                                                                                    "Join Filter": "(n.id = ci.person_id)",
                                                                                    "Rows Removed by Join Filter": 0,
                                                                                    "Workers": [
                                                                                        {
                                                                                            "Worker Number": 0,
                                                                                            "Actual Startup Time": 112.926,
                                                                                            "Actual Total Time": 236.561,
                                                                                            "Actual Rows": 8,
                                                                                            "Actual Loops": 1
                                                                                        },
                                                                                        {
                                                                                            "Worker Number": 1,
                                                                                            "Actual Startup Time": 106.202,
                                                                                            "Actual Total Time": 109.066,
                                                                                            "Actual Rows": 1956,
                                                                                            "Actual Loops": 1
                                                                                        },
                                                                                        {
                                                                                            "Worker Number": 2,
                                                                                            "Actual Startup Time": 122.452,
                                                                                            "Actual Total Time": 236.315,
                                                                                            "Actual Rows": 26,
                                                                                            "Actual Loops": 1
                                                                                        },
                                                                                        {
                                                                                            "Worker Number": 3,
                                                                                            "Actual Startup Time": 98.077,
                                                                                            "Actual Total Time": 237.187,
                                                                                            "Actual Rows": 8,
                                                                                            "Actual Loops": 1
                                                                                        }
                                                                                    ],
                                                                                    "Plans": [
                                                                                        {
                                                                                            "Node Type": "Nested Loop",
                                                                                            "Parent Relationship": "Outer",
                                                                                            "Parallel Aware": false,
                                                                                            "Join Type": "Inner",
                                                                                            "Startup Cost": 0.42,
                                                                                            "Total Cost": 71538.77,
                                                                                            "Plan Rows": 5,
                                                                                            "Plan Width": 23,
                                                                                            "Actual Startup Time": 104.451,
                                                                                            "Actual Total Time": 211.302,
                                                                                            "Actual Rows": 25,
                                                                                            "Actual Loops": 5,
                                                                                            "Output": [
                                                                                                "an.person_id",
                                                                                                "n.name",
                                                                                                "n.id"
                                                                                            ],
                                                                                            "Inner Unique": false,
                                                                                            "Workers": [
                                                                                                {
                                                                                                    "Worker Number": 0,
                                                                                                    "Actual Startup Time": 102.807,
                                                                                                    "Actual Total Time": 234.761,
                                                                                                    "Actual Rows": 28,
                                                                                                    "Actual Loops": 1
                                                                                                },
                                                                                                {
                                                                                                    "Worker Number": 1,
                                                                                                    "Actual Startup Time": 100.856,
                                                                                                    "Actual Total Time": 105.676,
                                                                                                    "Actual Rows": 9,
                                                                                                    "Actual Loops": 1
                                                                                                },
                                                                                                {
                                                                                                    "Worker Number": 2,
                                                                                                    "Actual Startup Time": 98.269,
                                                                                                    "Actual Total Time": 233.156,
                                                                                                    "Actual Rows": 40,
                                                                                                    "Actual Loops": 1
                                                                                                },
                                                                                                {
                                                                                                    "Worker Number": 3,
                                                                                                    "Actual Startup Time": 97.832,
                                                                                                    "Actual Total Time": 234.716,
                                                                                                    "Actual Rows": 29,
                                                                                                    "Actual Loops": 1
                                                                                                }
                                                                                            ],
                                                                                            "Plans": [
                                                                                                {
                                                                                                    "Node Type": "Seq Scan",
                                                                                                    "Parent Relationship": "Outer",
                                                                                                    "Parallel Aware": true,
                                                                                                    "Relation Name": "name",
                                                                                                    "Schema": "public",
                                                                                                    "Alias": "n",
                                                                                                    "Startup Cost": 0.0,
                                                                                                    "Total Cost": 71241.41,
                                                                                                    "Plan Rows": 24,
                                                                                                    "Plan Width": 19,
                                                                                                    "Actual Startup Time": 100.108,
                                                                                                    "Actual Total Time": 209.206,
                                                                                                    "Actual Rows": 119,
                                                                                                    "Actual Loops": 5,
                                                                                                    "Output": [
                                                                                                        "n.id",
                                                                                                        "n.name",
                                                                                                        "n.imdb_index",
                                                                                                        "n.imdb_id",
                                                                                                        "n.gender",
                                                                                                        "n.name_pcode_cf",
                                                                                                        "n.name_pcode_nf",
                                                                                                        "n.surname_pcode",
                                                                                                        "n.md5sum"
                                                                                                    ],
                                                                                                    "Filter": "((n.name ~~ '%Terri%'::text) AND ((n.gender)::text = 'f'::text))",
                                                                                                    "Rows Removed by Filter": 833379,
                                                                                                    "Workers": [
                                                                                                        {
                                                                                                            "Worker Number": 0,
                                                                                                            "Actual Startup Time": 97.405,
                                                                                                            "Actual Total Time": 232.486,
                                                                                                            "Actual Rows": 132,
                                                                                                            "Actual Loops": 1
                                                                                                        },
                                                                                                        {
                                                                                                            "Worker Number": 1,
                                                                                                            "Actual Startup Time": 97.703,
                                                                                                            "Actual Total Time": 104.992,
                                                                                                            "Actual Rows": 21,
                                                                                                            "Actual Loops": 1
                                                                                                        },
                                                                                                        {
                                                                                                            "Worker Number": 2,
                                                                                                            "Actual Startup Time": 96.648,
                                                                                                            "Actual Total Time": 230.34,
                                                                                                            "Actual Rows": 158,
                                                                                                            "Actual Loops": 1
                                                                                                        },
                                                                                                        {
                                                                                                            "Worker Number": 3,
                                                                                                            "Actual Startup Time": 97.658,
                                                                                                            "Actual Total Time": 231.97,
                                                                                                            "Actual Rows": 160,
                                                                                                            "Actual Loops": 1
                                                                                                        }
                                                                                                    ]
                                                                                                },
                                                                                                {
                                                                                                    "Node Type": "Index Only Scan",
                                                                                                    "Parent Relationship": "Inner",
                                                                                                    "Parallel Aware": false,
                                                                                                    "Scan Direction": "Forward",
                                                                                                    "Index Name": "person_id_aka_name",
                                                                                                    "Relation Name": "aka_name",
                                                                                                    "Schema": "public",
                                                                                                    "Alias": "an",
                                                                                                    "Startup Cost": 0.42,
                                                                                                    "Total Cost": 12.37,
                                                                                                    "Plan Rows": 2,
                                                                                                    "Plan Width": 4,
                                                                                                    "Actual Startup Time": 0.016,
                                                                                                    "Actual Total Time": 0.016,
                                                                                                    "Actual Rows": 0,
                                                                                                    "Actual Loops": 597,
                                                                                                    "Output": [
                                                                                                        "an.person_id"
                                                                                                    ],
                                                                                                    "Index Cond": "(an.person_id = n.id)",
                                                                                                    "Rows Removed by Index Recheck": 0,
                                                                                                    "Heap Fetches": 126,
                                                                                                    "Workers": [
                                                                                                        {
                                                                                                            "Worker Number": 0,
                                                                                                            "Actual Startup Time": 0.016,
                                                                                                            "Actual Total Time": 0.016,
                                                                                                            "Actual Rows": 0,
                                                                                                            "Actual Loops": 132
                                                                                                        },
                                                                                                        {
                                                                                                            "Worker Number": 1,
                                                                                                            "Actual Startup Time": 0.03,
                                                                                                            "Actual Total Time": 0.031,
                                                                                                            "Actual Rows": 0,
                                                                                                            "Actual Loops": 21
                                                                                                        },
                                                                                                        {
                                                                                                            "Worker Number": 2,
                                                                                                            "Actual Startup Time": 0.016,
                                                                                                            "Actual Total Time": 0.017,
                                                                                                            "Actual Rows": 0,
                                                                                                            "Actual Loops": 158
                                                                                                        },
                                                                                                        {
                                                                                                            "Worker Number": 3,
                                                                                                            "Actual Startup Time": 0.016,
                                                                                                            "Actual Total Time": 0.016,
                                                                                                            "Actual Rows": 0,
                                                                                                            "Actual Loops": 160
                                                                                                        }
                                                                                                    ]
                                                                                                }
                                                                                            ]
                                                                                        },
                                                                                        {
                                                                                            "Node Type": "Index Scan",
                                                                                            "Parent Relationship": "Inner",
                                                                                            "Parallel Aware": false,
                                                                                            "Scan Direction": "Forward",
                                                                                            "Index Name": "person_id_cast_info",
                                                                                            "Relation Name": "cast_info",
                                                                                            "Schema": "public",
                                                                                            "Alias": "ci",
                                                                                            "Startup Cost": 0.56,
                                                                                            "Total Cost": 13.29,
                                                                                            "Plan Rows": 40,
                                                                                            "Plan Width": 16,
                                                                                            "Actual Startup Time": 0.07,
                                                                                            "Actual Total Time": 0.091,
                                                                                            "Actual Rows": 16,
                                                                                            "Actual Loops": 126,
                                                                                            "Output": [
                                                                                                "ci.id",
                                                                                                "ci.person_id",
                                                                                                "ci.movie_id",
                                                                                                "ci.person_role_id",
                                                                                                "ci.note",
                                                                                                "ci.nr_order",
                                                                                                "ci.role_id"
                                                                                            ],
                                                                                            "Index Cond": "(ci.person_id = an.person_id)",
                                                                                            "Rows Removed by Index Recheck": 0,
                                                                                            "Filter": "(ci.note = ANY ('{(writer),(producer),\"(executive producer)\",\"(as Terri Colombino)\"}'::text[]))",
                                                                                            "Rows Removed by Filter": 37,
                                                                                            "Workers": [
                                                                                                {
                                                                                                    "Worker Number": 0,
                                                                                                    "Actual Startup Time": 0.058,
                                                                                                    "Actual Total Time": 0.063,
                                                                                                    "Actual Rows": 0,
                                                                                                    "Actual Loops": 28
                                                                                                },
                                                                                                {
                                                                                                    "Worker Number": 1,
                                                                                                    "Actual Startup Time": 0.064,
                                                                                                    "Actual Total Time": 0.307,
                                                                                                    "Actual Rows": 217,
                                                                                                    "Actual Loops": 9
                                                                                                },
                                                                                                {
                                                                                                    "Worker Number": 2,
                                                                                                    "Actual Startup Time": 0.073,
                                                                                                    "Actual Total Time": 0.078,
                                                                                                    "Actual Rows": 1,
                                                                                                    "Actual Loops": 40
                                                                                                },
                                                                                                {
                                                                                                    "Worker Number": 3,
                                                                                                    "Actual Startup Time": 0.079,
                                                                                                    "Actual Total Time": 0.084,
                                                                                                    "Actual Rows": 0,
                                                                                                    "Actual Loops": 29
                                                                                                }
                                                                                            ]
                                                                                        }
                                                                                    ]
                                                                                },
                                                                                {
                                                                                    "Node Type": "Hash",
                                                                                    "Parent Relationship": "Inner",
                                                                                    "Parallel Aware": false,
                                                                                    "Startup Cost": 1.15,
                                                                                    "Total Cost": 1.15,
                                                                                    "Plan Rows": 1,
                                                                                    "Plan Width": 4,
                                                                                    "Actual Startup Time": 0.053,
                                                                                    "Actual Total Time": 0.054,
                                                                                    "Actual Rows": 1,
                                                                                    "Actual Loops": 5,
                                                                                    "Output": [
                                                                                        "rt.id"
                                                                                    ],
                                                                                    "Hash Buckets": 1024,
                                                                                    "Original Hash Buckets": 1024,
                                                                                    "Hash Batches": 1,
                                                                                    "Original Hash Batches": 1,
                                                                                    "Peak Memory Usage": 9,
                                                                                    "Workers": [
                                                                                        {
                                                                                            "Worker Number": 0,
                                                                                            "Actual Startup Time": 0.047,
                                                                                            "Actual Total Time": 0.049,
                                                                                            "Actual Rows": 1,
                                                                                            "Actual Loops": 1
                                                                                        },
                                                                                        {
                                                                                            "Worker Number": 1,
                                                                                            "Actual Startup Time": 0.049,
                                                                                            "Actual Total Time": 0.05,
                                                                                            "Actual Rows": 1,
                                                                                            "Actual Loops": 1
                                                                                        },
                                                                                        {
                                                                                            "Worker Number": 2,
                                                                                            "Actual Startup Time": 0.061,
                                                                                            "Actual Total Time": 0.062,
                                                                                            "Actual Rows": 1,
                                                                                            "Actual Loops": 1
                                                                                        },
                                                                                        {
                                                                                            "Worker Number": 3,
                                                                                            "Actual Startup Time": 0.061,
                                                                                            "Actual Total Time": 0.062,
                                                                                            "Actual Rows": 1,
                                                                                            "Actual Loops": 1
                                                                                        }
                                                                                    ],
                                                                                    "Plans": [
                                                                                        {
                                                                                            "Node Type": "Seq Scan",
                                                                                            "Parent Relationship": "Outer",
                                                                                            "Parallel Aware": false,
                                                                                            "Relation Name": "role_type",
                                                                                            "Schema": "public",
                                                                                            "Alias": "rt",
                                                                                            "Startup Cost": 0.0,
                                                                                            "Total Cost": 1.15,
                                                                                            "Plan Rows": 1,
                                                                                            "Plan Width": 4,
                                                                                            "Actual Startup Time": 0.033,
                                                                                            "Actual Total Time": 0.036,
                                                                                            "Actual Rows": 1,
                                                                                            "Actual Loops": 5,
                                                                                            "Output": [
                                                                                                "rt.id"
                                                                                            ],
                                                                                            "Filter": "((rt.role)::text = 'actress'::text)",
                                                                                            "Rows Removed by Filter": 11,
                                                                                            "Workers": [
                                                                                                {
                                                                                                    "Worker Number": 0,
                                                                                                    "Actual Startup Time": 0.031,
                                                                                                    "Actual Total Time": 0.034,
                                                                                                    "Actual Rows": 1,
                                                                                                    "Actual Loops": 1
                                                                                                },
                                                                                                {
                                                                                                    "Worker Number": 1,
                                                                                                    "Actual Startup Time": 0.034,
                                                                                                    "Actual Total Time": 0.036,
                                                                                                    "Actual Rows": 1,
                                                                                                    "Actual Loops": 1
                                                                                                },
                                                                                                {
                                                                                                    "Worker Number": 2,
                                                                                                    "Actual Startup Time": 0.043,
                                                                                                    "Actual Total Time": 0.046,
                                                                                                    "Actual Rows": 1,
                                                                                                    "Actual Loops": 1
                                                                                                },
                                                                                                {
                                                                                                    "Worker Number": 3,
                                                                                                    "Actual Startup Time": 0.041,
                                                                                                    "Actual Total Time": 0.043,
                                                                                                    "Actual Rows": 1,
                                                                                                    "Actual Loops": 1
                                                                                                }
                                                                                            ]
                                                                                        }
                                                                                    ]
                                                                                }
                                                                            ]
                                                                        },
                                                                        {
                                                                            "Node Type": "Index Scan",
                                                                            "Parent Relationship": "Inner",
                                                                            "Parallel Aware": false,
                                                                            "Scan Direction": "Forward",
                                                                            "Index Name": "movie_id_movie_companies",
                                                                            "Relation Name": "movie_companies",
                                                                            "Schema": "public",
                                                                            "Alias": "mc",
                                                                            "Startup Cost": 0.43,
                                                                            "Total Cost": 0.58,
                                                                            "Plan Rows": 1,
                                                                            "Plan Width": 8,
                                                                            "Actual Startup Time": 0.003,
                                                                            "Actual Total Time": 0.004,
                                                                            "Actual Rows": 1,
                                                                            "Actual Loops": 1956,
                                                                            "Output": [
                                                                                "mc.id",
                                                                                "mc.movie_id",
                                                                                "mc.company_id",
                                                                                "mc.company_type_id",
                                                                                "mc.note"
                                                                            ],
                                                                            "Index Cond": "(mc.movie_id = ci.movie_id)",
                                                                            "Rows Removed by Index Recheck": 0,
                                                                            "Filter": "((mc.note IS NOT NULL) AND ((mc.note ~~ '%(USA)%'::text) OR (mc.note ~~ '%(worldwide)%'::text)))",
                                                                            "Rows Removed by Filter": 0,
                                                                            "Workers": [
                                                                                {
                                                                                    "Worker Number": 1,
                                                                                    "Actual Startup Time": 0.003,
                                                                                    "Actual Total Time": 0.004,
                                                                                    "Actual Rows": 1,
                                                                                    "Actual Loops": 1956
                                                                                }
                                                                            ]
                                                                        }
                                                                    ]
                                                                },
                                                                {
                                                                    "Node Type": "Index Scan",
                                                                    "Parent Relationship": "Inner",
                                                                    "Parallel Aware": false,
                                                                    "Scan Direction": "Forward",
                                                                    "Index Name": "company_name_pkey",
                                                                    "Relation Name": "company_name",
                                                                    "Schema": "public",
                                                                    "Alias": "cn",
                                                                    "Startup Cost": 0.42,
                                                                    "Total Cost": 0.49,
                                                                    "Plan Rows": 1,
                                                                    "Plan Width": 4,
                                                                    "Actual Startup Time": 0.003,
                                                                    "Actual Total Time": 0.003,
                                                                    "Actual Rows": 1,
                                                                    "Actual Loops": 1366,
                                                                    "Output": [
                                                                        "cn.id",
                                                                        "cn.name",
                                                                        "cn.country_code",
                                                                        "cn.imdb_id",
                                                                        "cn.name_pcode_nf",
                                                                        "cn.name_pcode_sf",
                                                                        "cn.md5sum"
                                                                    ],
                                                                    "Index Cond": "(cn.id = mc.company_id)",
                                                                    "Rows Removed by Index Recheck": 0,
                                                                    "Filter": "((cn.country_code)::text = '[us]'::text)",
                                                                    "Rows Removed by Filter": 0,
                                                                    "Workers": [
                                                                        {
                                                                            "Worker Number": 1,
                                                                            "Actual Startup Time": 0.003,
                                                                            "Actual Total Time": 0.003,
                                                                            "Actual Rows": 1,
                                                                            "Actual Loops": 1366
                                                                        }
                                                                    ]
                                                                }
                                                            ]
                                                        },
                                                        {
                                                            "Node Type": "Index Scan",
                                                            "Parent Relationship": "Inner",
                                                            "Parallel Aware": false,
                                                            "Scan Direction": "Forward",
                                                            "Index Name": "movie_id_movie_info",
                                                            "Relation Name": "movie_info",
                                                            "Schema": "public",
                                                            "Alias": "mi",
                                                            "Startup Cost": 0.43,
                                                            "Total Cost": 1.65,
                                                            "Plan Rows": 1,
                                                            "Plan Width": 8,
                                                            "Actual Startup Time": 0.004,
                                                            "Actual Total Time": 0.005,
                                                            "Actual Rows": 1,
                                                            "Actual Loops": 1366,
                                                            "Output": [
                                                                "mi.id",
                                                                "mi.movie_id",
                                                                "mi.info_type_id",
                                                                "mi.info",
                                                                "mi.note"
                                                            ],
                                                            "Index Cond": "(mi.movie_id = ci.movie_id)",
                                                            "Rows Removed by Index Recheck": 0,
                                                            "Filter": "((mi.info IS NOT NULL) AND ((mi.info ~~ 'Japan:%200%'::text) OR (mi.info ~~ 'USA:%200%'::text)))",
                                                            "Rows Removed by Filter": 0,
                                                            "Workers": [
                                                                {
                                                                    "Worker Number": 1,
                                                                    "Actual Startup Time": 0.004,
                                                                    "Actual Total Time": 0.005,
                                                                    "Actual Rows": 1,
                                                                    "Actual Loops": 1366
                                                                }
                                                            ]
                                                        }
                                                    ]
                                                }
                                            ]
                                        },
                                        {
                                            "Node Type": "Index Only Scan",
                                            "Parent Relationship": "Inner",
                                            "Parallel Aware": false,
                                            "Scan Direction": "Forward",
                                            "Index Name": "char_name_pkey",
                                            "Relation Name": "char_name",
                                            "Schema": "public",
                                            "Alias": "chn",
                                            "Startup Cost": 0.43,
                                            "Total Cost": 0.51,
                                            "Plan Rows": 1,
                                            "Plan Width": 4,
                                            "Actual Startup Time": 0.002,
                                            "Actual Total Time": 0.002,
                                            "Actual Rows": 1,
                                            "Actual Loops": 1452,
                                            "Output": [
                                                "chn.id"
                                            ],
                                            "Index Cond": "(chn.id = ci.person_role_id)",
                                            "Rows Removed by Index Recheck": 0,
                                            "Heap Fetches": 1452
                                        }
                                    ]
                                },
                                {
                                    "Node Type": "Index Scan",
                                    "Parent Relationship": "Inner",
                                    "Parallel Aware": false,
                                    "Scan Direction": "Forward",
                                    "Index Name": "info_type_pkey",
                                    "Relation Name": "info_type",
                                    "Schema": "public",
                                    "Alias": "it",
                                    "Startup Cost": 0.14,
                                    "Total Cost": 0.16,
                                    "Plan Rows": 1,
                                    "Plan Width": 4,
                                    "Actual Startup Time": 0.001,
                                    "Actual Total Time": 0.001,
                                    "Actual Rows": 1,
                                    "Actual Loops": 1452,
                                    "Output": [
                                        "it.id",
                                        "it.info"
                                    ],
                                    "Index Cond": "(it.id = mi.info_type_id)",
                                    "Rows Removed by Index Recheck": 0,
                                    "Filter": "((it.info)::text = 'release dates'::text)",
                                    "Rows Removed by Filter": 0
                                }
                            ]
                        },
                        {
                            "Node Type": "Index Scan",
                            "Parent Relationship": "Inner",
                            "Parallel Aware": false,
                            "Scan Direction": "Forward",
                            "Index Name": "title_pkey",
                            "Relation Name": "title",
                            "Schema": "public",
                            "Alias": "t",
                            "Startup Cost": 0.43,
                            "Total Cost": 0.51,
                            "Plan Rows": 1,
                            "Plan Width": 21,
                            "Actual Startup Time": 0.004,
                            "Actual Total Time": 0.004,
                            "Actual Rows": 1,
                            "Actual Loops": 1452,
                            "Output": [
                                "t.id",
                                "t.title",
                                "t.imdb_index",
                                "t.kind_id",
                                "t.production_year",
                                "t.imdb_id",
                                "t.phonetic_code",
                                "t.episode_of_id",
                                "t.season_nr",
                                "t.episode_nr",
                                "t.series_years",
                                "t.md5sum"
                            ],
                            "Index Cond": "(t.id = ci.movie_id)",
                            "Rows Removed by Index Recheck": 0,
                            "Filter": "((t.production_year >= 1996) AND (t.production_year <= 2012))",
                            "Rows Removed by Filter": 0
                        }
                    ]
                }
            ]
        },
        "Planning Time": 1759.02,
        "Triggers": [],
        "Execution Time": 287.995
    }
]