[
  {
    "Plan": {
      "Node Type": "Aggregate",
      "Strategy": "Plain",
      "Partial Mode": "Finalize",
      "Parallel Aware": false,
      "Startup Cost": 75998.24,
      "Total Cost": 75998.25,
      "Plan Rows": 1,
      "Plan Width": 8,
      "Actual Startup Time": 242.885,
      "Actual Total Time": 260.335,
      "Actual Rows": 1,
      "Actual Loops": 1,
      "Plans": [
        {
          "Node Type": "Gather",
          "Parent Relationship": "Outer",
          "Parallel Aware": false,
          "Startup Cost": 75997.92,
          "Total Cost": 75998.23,
          "Plan Rows": 3,
          "Plan Width": 8,
          "Actual Startup Time": 242.126,
          "Actual Total Time": 260.328,
          "Actual Rows": 4,
          "Actual Loops": 1,
          "Workers Planned": 3,
          "Workers Launched": 3,
          "Single Copy": false,
          "Plans": [
            {
              "Node Type": "Aggregate",
              "Strategy": "Plain",
              "Partial Mode": "Partial",
              "Parent Relationship": "Outer",
              "Parallel Aware": false,
              "Startup Cost": 74997.92,
              "Total Cost": 74997.93,
              "Plan Rows": 1,
              "Plan Width": 8,
              "Actual Startup Time": 234.62,
              "Actual Total Time": 234.624,
              "Actual Rows": 1,
              "Actual Loops": 4,
              "Plans": [
                {
                  "Node Type": "Hash Join",
                  "Parent Relationship": "Outer",
                  "Parallel Aware": true,
                  "Join Type": "Inner",
                  "Startup Cost": 45560.49,
                  "Total Cost": 74976.38,
                  "Plan Rows": 8617,
                  "Plan Width": 0,
                  "Actual Startup Time": 125.917,
                  "Actual Total Time": 232.677,
                  "Actual Rows": 42558,
                  "Actual Loops": 4,
                  "Inner Unique": true,
                  "Hash Cond": "(mc.movie_id = t.id)",
                  "Plans": [
                    {
                      "Node Type": "Seq Scan",
                      "Parent Relationship": "Outer",
                      "Parallel Aware": true,
                      "Relation Name": "movie_companies",
                      "Alias": "mc",
                      "Startup Cost": 0.0,
                      "Total Cost": 27206.55,
                      "Plan Rows": 841655,
                      "Plan Width": 4,
                      "Actual Startup Time": 0.008,
                      "Actual Total Time": 56.706,
                      "Actual Rows": 652282,
                      "Actual Loops": 4
                    },
                    {
                      "Node Type": "Hash",
                      "Parent Relationship": "Inner",
                      "Parallel Aware": true,
                      "Startup Cost": 45479.59,
                      "Total Cost": 45479.59,
                      "Plan Rows": 6472,
                      "Plan Width": 4,
                      "Actual Startup Time": 102.367,
                      "Actual Total Time": 102.369,
                      "Actual Rows": 22318,
                      "Actual Loops": 4,
                      "Hash Buckets": 131072,
                      "Original Hash Buckets": 32768,
                      "Hash Batches": 1,
                      "Original Hash Batches": 1,
                      "Peak Memory Usage": 5344,
                      "Plans": [
                        {
                          "Node Type": "Seq Scan",
                          "Parent Relationship": "Outer",
                          "Parallel Aware": true,
                          "Relation Name": "title",
                          "Alias": "t",
                          "Startup Cost": 0.0,
                          "Total Cost": 45479.59,
                          "Plan Rows": 6472,
                          "Plan Width": 4,
                          "Actual Startup Time": 58.23,
                          "Actual Total Time": 92.094,
                          "Actual Rows": 22318,
                          "Actual Loops": 4,
                          "Filter": "((kind_id < 3) AND (production_year < 1921))",
                          "Rows Removed by Filter": 609760
                        }
                      ]
                    }
                  ]
                }
              ]
            }
          ]
        }
      ]
    },
    "Planning Time": 0.239,
    "Triggers": [],
    "Execution Time": 260.368
  }
]