[
    {
        "Bao": {
            "Bao prediction": "NaN",
            "Bao recommended hint": "(no hint)"
        }
    },
    {
        "Plan": {
            "Node Type": "Aggregate",
            "Strategy": "Plain",
            "Partial Mode": "Finalize",
            "Parallel Aware": false,
            "Startup Cost": 369805.25,
            "Total Cost": 369805.26,
            "Plan Rows": 1,
            "Plan Width": 8,
            "Actual Startup Time": 435.546,
            "Actual Total Time": 450.289,
            "Actual Rows": 1,
            "Actual Loops": 1,
            "Output": [
                "count(*)"
            ],
            "Plans": [
                {
                    "Node Type": "Gather",
                    "Parent Relationship": "Outer",
                    "Parallel Aware": false,
                    "Startup Cost": 369804.62,
                    "Total Cost": 369805.23,
                    "Plan Rows": 6,
                    "Plan Width": 8,
                    "Actual Startup Time": 430.023,
                    "Actual Total Time": 450.279,
                    "Actual Rows": 7,
                    "Actual Loops": 1,
                    "Output": [
                        "(PARTIAL count(*))"
                    ],
                    "Workers Planned": 6,
                    "Workers Launched": 6,
                    "Single Copy": false,
                    "Plans": [
                        {
                            "Node Type": "Aggregate",
                            "Strategy": "Plain",
                            "Partial Mode": "Partial",
                            "Parent Relationship": "Outer",
                            "Parallel Aware": false,
                            "Startup Cost": 368804.62,
                            "Total Cost": 368804.63,
                            "Plan Rows": 1,
                            "Plan Width": 8,
                            "Actual Startup Time": 419.142,
                            "Actual Total Time": 419.145,
                            "Actual Rows": 1,
                            "Actual Loops": 7,
                            "Output": [
                                "PARTIAL count(*)"
                            ],
                            "Workers": [
                                {
                                    "Worker Number": 0,
                                    "Actual Startup Time": 416.524,
                                    "Actual Total Time": 416.528,
                                    "Actual Rows": 1,
                                    "Actual Loops": 1
                                },
                                {
                                    "Worker Number": 1,
                                    "Actual Startup Time": 417.032,
                                    "Actual Total Time": 417.035,
                                    "Actual Rows": 1,
                                    "Actual Loops": 1
                                },
                                {
                                    "Worker Number": 2,
                                    "Actual Startup Time": 417.527,
                                    "Actual Total Time": 417.53,
                                    "Actual Rows": 1,
                                    "Actual Loops": 1
                                },
                                {
                                    "Worker Number": 3,
                                    "Actual Startup Time": 417.382,
                                    "Actual Total Time": 417.385,
                                    "Actual Rows": 1,
                                    "Actual Loops": 1
                                },
                                {
                                    "Worker Number": 4,
                                    "Actual Startup Time": 417.614,
                                    "Actual Total Time": 417.617,
                                    "Actual Rows": 1,
                                    "Actual Loops": 1
                                },
                                {
                                    "Worker Number": 5,
                                    "Actual Startup Time": 418.737,
                                    "Actual Total Time": 418.741,
                                    "Actual Rows": 1,
                                    "Actual Loops": 1
                                }
                            ],
                            "Plans": [
                                {
                                    "Node Type": "Hash Join",
                                    "Parent Relationship": "Outer",
                                    "Parallel Aware": true,
                                    "Join Type": "Inner",
                                    "Startup Cost": 108821.24,
                                    "Total Cost": 368515.94,
                                    "Plan Rows": 115471,
                                    "Plan Width": 0,
                                    "Actual Startup Time": 225.706,
                                    "Actual Total Time": 413.119,
                                    "Actual Rows": 107426,
                                    "Actual Loops": 7,
                                    "Inner Unique": true,
                                    "Hash Cond": "(ci.movie_id = t.id)",
                                    "Workers": [
                                        {
                                            "Worker Number": 0,
                                            "Actual Startup Time": 223.163,
                                            "Actual Total Time": 410.667,
                                            "Actual Rows": 106768,
                                            "Actual Loops": 1
                                        },
                                        {
                                            "Worker Number": 1,
                                            "Actual Startup Time": 224.247,
                                            "Actual Total Time": 411.003,
                                            "Actual Rows": 109216,
                                            "Actual Loops": 1
                                        },
                                        {
                                            "Worker Number": 2,
                                            "Actual Startup Time": 224.13,
                                            "Actual Total Time": 410.925,
                                            "Actual Rows": 79194,
                                            "Actual Loops": 1
                                        },
                                        {
                                            "Worker Number": 3,
                                            "Actual Startup Time": 223.884,
                                            "Actual Total Time": 411.54,
                                            "Actual Rows": 106721,
                                            "Actual Loops": 1
                                        },
                                        {
                                            "Worker Number": 4,
                                            "Actual Startup Time": 223.762,
                                            "Actual Total Time": 411.784,
                                            "Actual Rows": 123798,
                                            "Actual Loops": 1
                                        },
                                        {
                                            "Worker Number": 5,
                                            "Actual Startup Time": 224.805,
                                            "Actual Total Time": 412.634,
                                            "Actual Rows": 110736,
                                            "Actual Loops": 1
                                        }
                                    ],
                                    "Plans": [
                                        {
                                            "Node Type": "Bitmap Heap Scan",
                                            "Parent Relationship": "Outer",
                                            "Parallel Aware": true,
                                            "Relation Name": "cast_info",
                                            "Schema": "public",
                                            "Alias": "ci",
                                            "Startup Cost": 61372.9,
                                            "Total Cost": 319851.39,
                                            "Plan Rows": 463319,
                                            "Plan Width": 4,
                                            "Actual Startup Time": 123.499,
                                            "Actual Total Time": 216.474,
                                            "Actual Rows": 406040,
                                            "Actual Loops": 7,
                                            "Output": [
                                                "ci.id",
                                                "ci.person_id",
                                                "ci.movie_id",
                                                "ci.person_role_id",
                                                "ci.note",
                                                "ci.nr_order",
                                                "ci.role_id"
                                            ],
                                            "Recheck Cond": "(ci.person_id > 3525207)",
                                            "Rows Removed by Index Recheck": 0,
                                            "Exact Heap Blocks": 6287,
                                            "Lossy Heap Blocks": 0,
                                            "Workers": [
                                                {
                                                    "Worker Number": 0,
                                                    "Actual Startup Time": 123.479,
                                                    "Actual Total Time": 219.507,
                                                    "Actual Rows": 401720,
                                                    "Actual Loops": 1
                                                },
                                                {
                                                    "Worker Number": 1,
                                                    "Actual Startup Time": 123.638,
                                                    "Actual Total Time": 217.096,
                                                    "Actual Rows": 413383,
                                                    "Actual Loops": 1
                                                },
                                                {
                                                    "Worker Number": 2,
                                                    "Actual Startup Time": 123.679,
                                                    "Actual Total Time": 218.327,
                                                    "Actual Rows": 303124,
                                                    "Actual Loops": 1
                                                },
                                                {
                                                    "Worker Number": 3,
                                                    "Actual Startup Time": 123.609,
                                                    "Actual Total Time": 220.013,
                                                    "Actual Rows": 407677,
                                                    "Actual Loops": 1
                                                },
                                                {
                                                    "Worker Number": 4,
                                                    "Actual Startup Time": 123.23,
                                                    "Actual Total Time": 215.079,
                                                    "Actual Rows": 461703,
                                                    "Actual Loops": 1
                                                },
                                                {
                                                    "Worker Number": 5,
                                                    "Actual Startup Time": 123.337,
                                                    "Actual Total Time": 216.806,
                                                    "Actual Rows": 414928,
                                                    "Actual Loops": 1
                                                }
                                            ],
                                            "Plans": [
                                                {
                                                    "Node Type": "Bitmap Index Scan",
                                                    "Parent Relationship": "Outer",
                                                    "Parallel Aware": false,
                                                    "Index Name": "person_id_cast_info",
                                                    "Startup Cost": 0.0,
                                                    "Total Cost": 60677.92,
                                                    "Plan Rows": 2779914,
                                                    "Plan Width": 0,
                                                    "Actual Startup Time": 116.783,
                                                    "Actual Total Time": 116.784,
                                                    "Actual Rows": 2842277,
                                                    "Actual Loops": 1,
                                                    "Index Cond": "(ci.person_id > 3525207)",
                                                    "Workers": [
                                                        {
                                                            "Worker Number": 4,
                                                            "Actual Startup Time": 116.783,
                                                            "Actual Total Time": 116.784,
                                                            "Actual Rows": 2842277,
                                                            "Actual Loops": 1
                                                        }
                                                    ]
                                                }
                                            ]
                                        },
                                        {
                                            "Node Type": "Hash",
                                            "Parent Relationship": "Inner",
                                            "Parallel Aware": true,
                                            "Startup Cost": 45479.21,
                                            "Total Cost": 45479.21,
                                            "Plan Rows": 157531,
                                            "Plan Width": 4,
                                            "Actual Startup Time": 100.078,
                                            "Actual Total Time": 100.079,
                                            "Actual Rows": 76083,
                                            "Actual Loops": 7,
                                            "Output": [
                                                "t.id"
                                            ],
                                            "Hash Buckets": 1048576,
                                            "Original Hash Buckets": 1048576,
                                            "Hash Batches": 1,
                                            "Original Hash Batches": 1,
                                            "Peak Memory Usage": 29152,
                                            "Workers": [
                                                {
                                                    "Worker Number": 0,
                                                    "Actual Startup Time": 98.958,
                                                    "Actual Total Time": 98.959,
                                                    "Actual Rows": 72405,
                                                    "Actual Loops": 1
                                                },
                                                {
                                                    "Worker Number": 1,
                                                    "Actual Startup Time": 99.515,
                                                    "Actual Total Time": 99.515,
                                                    "Actual Rows": 75650,
                                                    "Actual Loops": 1
                                                },
                                                {
                                                    "Worker Number": 2,
                                                    "Actual Startup Time": 100.0,
                                                    "Actual Total Time": 100.001,
                                                    "Actual Rows": 55405,
                                                    "Actual Loops": 1
                                                },
                                                {
                                                    "Worker Number": 3,
                                                    "Actual Startup Time": 99.786,
                                                    "Actual Total Time": 99.787,
                                                    "Actual Rows": 74396,
                                                    "Actual Loops": 1
                                                },
                                                {
                                                    "Worker Number": 4,
                                                    "Actual Startup Time": 100.093,
                                                    "Actual Total Time": 100.094,
                                                    "Actual Rows": 76326,
                                                    "Actual Loops": 1
                                                },
                                                {
                                                    "Worker Number": 5,
                                                    "Actual Startup Time": 100.776,
                                                    "Actual Total Time": 100.777,
                                                    "Actual Rows": 75270,
                                                    "Actual Loops": 1
                                                }
                                            ],
                                            "Plans": [
                                                {
                                                    "Node Type": "Seq Scan",
                                                    "Parent Relationship": "Outer",
                                                    "Parallel Aware": true,
                                                    "Relation Name": "title",
                                                    "Schema": "public",
                                                    "Alias": "t",
                                                    "Startup Cost": 0.0,
                                                    "Total Cost": 45479.21,
                                                    "Plan Rows": 157531,
                                                    "Plan Width": 4,
                                                    "Actual Startup Time": 0.06,
                                                    "Actual Total Time": 69.825,
                                                    "Actual Rows": 76083,
                                                    "Actual Loops": 7,
                                                    "Output": [
                                                        "t.id"
                                                    ],
                                                    "Filter": "((t.kind_id < 7) AND (t.production_year > 1995))",
                                                    "Rows Removed by Filter": 285104,
                                                    "Workers": [
                                                        {
                                                            "Worker Number": 0,
                                                            "Actual Startup Time": 0.066,
                                                            "Actual Total Time": 69.365,
                                                            "Actual Rows": 72405,
                                                            "Actual Loops": 1
                                                        },
                                                        {
                                                            "Worker Number": 1,
                                                            "Actual Startup Time": 0.057,
                                                            "Actual Total Time": 69.128,
                                                            "Actual Rows": 75650,
                                                            "Actual Loops": 1
                                                        },
                                                        {
                                                            "Worker Number": 2,
                                                            "Actual Startup Time": 0.042,
                                                            "Actual Total Time": 71.247,
                                                            "Actual Rows": 55405,
                                                            "Actual Loops": 1
                                                        },
                                                        {
                                                            "Worker Number": 3,
                                                            "Actual Startup Time": 0.051,
                                                            "Actual Total Time": 70.402,
                                                            "Actual Rows": 74396,
                                                            "Actual Loops": 1
                                                        },
                                                        {
                                                            "Worker Number": 4,
                                                            "Actual Startup Time": 0.093,
                                                            "Actual Total Time": 69.575,
                                                            "Actual Rows": 76326,
                                                            "Actual Loops": 1
                                                        },
                                                        {
                                                            "Worker Number": 5,
                                                            "Actual Startup Time": 0.098,
                                                            "Actual Total Time": 70.501,
                                                            "Actual Rows": 75270,
                                                            "Actual Loops": 1
                                                        }
                                                    ]
                                                }
                                            ]
                                        }
                                    ]
                                }
                            ]
                        }
                    ]
                }
            ]
        },
        "Planning Time": 197.353,
        "Triggers": [],
        "Execution Time": 450.414
    }
]