{
  "Plan": {
    "Node Type": "Aggregate",
    "Strategy": "Plain",
    "Partial Mode": "Finalize",
    "Parallel Aware": false,
    "Startup Cost": 815144.45,
    "Total Cost": 815144.46,
    "Plan Rows": 1,
    "Plan Width": 8,
    "Actual Startup Time": 14891.011,
    "Actual Total Time": 14959.741,
    "Actual Rows": 1,
    "Actual Loops": 1,
    "Plans": [
      {
        "Node Type": "Gather",
        "Parent Relationship": "Outer",
        "Parallel Aware": false,
        "Startup Cost": 815144.34,
        "Total Cost": 815144.45,
        "Plan Rows": 1,
        "Plan Width": 8,
        "Actual Startup Time": 14883.78,
        "Actual Total Time": 14959.73,
        "Actual Rows": 2,
        "Actual Loops": 1,
        "Workers Planned": 1,
        "Workers Launched": 1,
        "Single Copy": false,
        "Plans": [
          {
            "Node Type": "Aggregate",
            "Strategy": "Plain",
            "Partial Mode": "Partial",
            "Parent Relationship": "Outer",
            "Parallel Aware": false,
            "Startup Cost": 814144.34,
            "Total Cost": 814144.35,
            "Plan Rows": 1,
            "Plan Width": 8,
            "Actual Startup Time": 14878.092,
            "Actual Total Time": 14878.293,
            "Actual Rows": 1,
            "Actual Loops": 2,
            "Plans": [
              {
                "Node Type": "Hash Join",
                "Parent Relationship": "Outer",
                "Parallel Aware": true,
                "Join Type": "Inner",
                "Startup Cost": 102793.54,
                "Total Cost": 809853.32,
                "Plan Rows": 1716409,
                "Plan Width": 0,
                "Actual Startup Time": 675.013,
                "Actual Total Time": 14671.432,
                "Actual Rows": 5073329,
                "Actual Loops": 2,
                "Inner Unique": false,
                "Hash Cond": "(t.id = mc.movie_id)",
                "Plans": [
                  {
                    "Node Type": "Hash Join",
                    "Parent Relationship": "Outer",
                    "Parallel Aware": true,
                    "Join Type": "Inner",
                    "Startup Cost": 69460.7,
                    "Total Cost": 641146.69,
                    "Plan Rows": 20044366,
                    "Plan Width": 8,
                    "Actual Startup Time": 528.433,
                    "Actual Total Time": 10062.423,
                    "Actual Rows": 17090068,
                    "Actual Loops": 2,
                    "Inner Unique": true,
                    "Hash Cond": "(ci.movie_id = t.id)",
                    "Plans": [
                      {
                        "Node Type": "Seq Scan",
                        "Parent Relationship": "Outer",
                        "Parallel Aware": true,
                        "Relation Name": "cast_info",
                        "Alias": "ci",
                        "Startup Cost": 0.0,
                        "Total Cost": 519069.44,
                        "Plan Rows": 20044366,
                        "Plan Width": 4,
                        "Actual Startup Time": 0.014,
                        "Actual Total Time": 1762.377,
                        "Actual Rows": 17090068,
                        "Actual Loops": 2,
                        "Filter": "(person_id < 3657205)",
                        "Rows Removed by Filter": 1032104
                      },
                      {
                        "Node Type": "Hash",
                        "Parent Relationship": "Inner",
                        "Parallel Aware": true,
                        "Startup Cost": 50870.31,
                        "Total Cost": 50870.31,
                        "Plan Rows": 1487231,
                        "Plan Width": 4,
                        "Actual Startup Time": 516.06,
                        "Actual Total Time": 516.061,
                        "Actual Rows": 1264156,
                        "Actual Loops": 2,
                        "Hash Buckets": 4194304,
                        "Original Hash Buckets": 4194304,
                        "Hash Batches": 1,
                        "Original Hash Batches": 1,
                        "Peak Memory Usage": 131712,
                        "Plans": [
                          {
                            "Node Type": "Seq Scan",
                            "Parent Relationship": "Outer",
                            "Parallel Aware": true,
                            "Relation Name": "title",
                            "Alias": "t",
                            "Startup Cost": 0.0,
                            "Total Cost": 50870.31,
                            "Plan Rows": 1487231,
                            "Plan Width": 4,
                            "Actual Startup Time": 0.02,
                            "Actual Total Time": 148.835,
                            "Actual Rows": 1264156,
                            "Actual Loops": 2
                          }
                        ]
                      }
                    ]
                  },
                  {
                    "Node Type": "Hash",
                    "Parent Relationship": "Inner",
                    "Parallel Aware": true,
                    "Startup Cost": 31740.94,
                    "Total Cost": 31740.94,
                    "Plan Rows": 127352,
                    "Plan Width": 4,
                    "Actual Startup Time": 143.079,
                    "Actual Total Time": 143.081,
                    "Actual Rows": 216978,
                    "Actual Loops": 2,
                    "Hash Buckets": 524288,
                    "Original Hash Buckets": 262144,
                    "Hash Batches": 1,
                    "Original Hash Batches": 1,
                    "Peak Memory Usage": 23168,
                    "Plans": [
                      {
                        "Node Type": "Bitmap Heap Scan",
                        "Parent Relationship": "Outer",
                        "Parallel Aware": true,
                        "Relation Name": "movie_companies",
                        "Alias": "mc",
                        "Startup Cost": 9188.57,
                        "Total Cost": 31740.94,
                        "Plan Rows": 127352,
                        "Plan Width": 4,
                        "Actual Startup Time": 43.661,
                        "Actual Total Time": 95.507,
                        "Actual Rows": 216978,
                        "Actual Loops": 2,
                        "Recheck Cond": "(company_id > 78801)",
                        "Rows Removed by Index Recheck": 0,
                        "Filter": "(company_type_id = 2)",
                        "Rows Removed by Filter": 0,
                        "Exact Heap Blocks": 4306,
                        "Lossy Heap Blocks": 0,
                        "Plans": [
                          {
                            "Node Type": "Bitmap Index Scan",
                            "Parent Relationship": "Outer",
                            "Parallel Aware": false,
                            "Index Name": "company_id_movie_companies",
                            "Startup Cost": 0.0,
                            "Total Cost": 9134.44,
                            "Plan Rows": 426402,
                            "Plan Width": 0,
                            "Actual Startup Time": 45.29,
                            "Actual Total Time": 45.291,
                            "Actual Rows": 433955,
                            "Actual Loops": 1,
                            "Index Cond": "(company_id > 78801)"
                          }
                        ]
                      }
                    ]
                  }
                ]
              }
            ]
          }
        ]
      }
    ]
  },
  "Planning Time": 1.067,
  "Triggers": [],
  "Execution Time": 14959.852
}