[
  {
    "Plan": {
      "Node Type": "Aggregate",
      "Strategy": "Plain",
      "Partial Mode": "Finalize",
      "Parallel Aware": false,
      "Startup Cost": 332054.92,
      "Total Cost": 332054.93,
      "Plan Rows": 1,
      "Plan Width": 8,
      "Actual Startup Time": 2570.431,
      "Actual Total Time": 2658.071,
      "Actual Rows": 1,
      "Actual Loops": 1,
      "Plans": [
        {
          "Node Type": "Gather",
          "Parent Relationship": "Outer",
          "Parallel Aware": false,
          "Startup Cost": 332054.5,
          "Total Cost": 332054.91,
          "Plan Rows": 4,
          "Plan Width": 8,
          "Actual Startup Time": 2555.736,
          "Actual Total Time": 2658.057,
          "Actual Rows": 5,
          "Actual Loops": 1,
          "Workers Planned": 4,
          "Workers Launched": 4,
          "Single Copy": false,
          "Plans": [
            {
              "Node Type": "Aggregate",
              "Strategy": "Plain",
              "Partial Mode": "Partial",
              "Parent Relationship": "Outer",
              "Parallel Aware": false,
              "Startup Cost": 331054.5,
              "Total Cost": 331054.51,
              "Plan Rows": 1,
              "Plan Width": 8,
              "Actual Startup Time": 2551.037,
              "Actual Total Time": 2551.039,
              "Actual Rows": 1,
              "Actual Loops": 5,
              "Plans": [
                {
                  "Node Type": "Nested Loop",
                  "Parent Relationship": "Outer",
                  "Parallel Aware": false,
                  "Join Type": "Inner",
                  "Startup Cost": 1.0,
                  "Total Cost": 329287.96,
                  "Plan Rows": 706617,
                  "Plan Width": 0,
                  "Actual Startup Time": 0.455,
                  "Actual Total Time": 2359.526,
                  "Actual Rows": 3059813,
                  "Actual Loops": 5,
                  "Inner Unique": false,
                  "Join Filter": "(t.id = ci.movie_id)",
                  "Rows Removed by Join Filter": 0,
                  "Plans": [
                    {
                      "Node Type": "Nested Loop",
                      "Parent Relationship": "Outer",
                      "Parallel Aware": false,
                      "Join Type": "Inner",
                      "Startup Cost": 0.43,
                      "Total Cost": 244611.48,
                      "Plan Rows": 49284,
                      "Plan Width": 8,
                      "Actual Startup Time": 0.267,
                      "Actual Total Time": 249.082,
                      "Actual Rows": 68073,
                      "Actual Loops": 5,
                      "Inner Unique": false,
                      "Plans": [
                        {
                          "Node Type": "Seq Scan",
                          "Parent Relationship": "Outer",
                          "Parallel Aware": true,
                          "Relation Name": "title",
                          "Alias": "t",
                          "Startup Cost": 0.0,
                          "Total Cost": 45479.59,
                          "Plan Rows": 8394,
                          "Plan Width": 4,
                          "Actual Startup Time": 0.073,
                          "Actual Total Time": 72.55,
                          "Actual Rows": 5623,
                          "Actual Loops": 5,
                          "Filter": "((kind_id < 7) AND (production_year = 2004))",
                          "Rows Removed by Filter": 500040
                        },
                        {
                          "Node Type": "Index Only Scan",
                          "Parent Relationship": "Inner",
                          "Parallel Aware": false,
                          "Scan Direction": "Forward",
                          "Index Name": "movie_id_movie_info",
                          "Relation Name": "movie_info",
                          "Alias": "mi",
                          "Startup Cost": 0.43,
                          "Total Cost": 23.31,
                          "Plan Rows": 41,
                          "Plan Width": 4,
                          "Actual Startup Time": 0.01,
                          "Actual Total Time": 0.029,
                          "Actual Rows": 12,
                          "Actual Loops": 28113,
                          "Index Cond": "(movie_id = t.id)",
                          "Rows Removed by Index Recheck": 0,
                          "Heap Fetches": 340363
                        }
                      ]
                    },
                    {
                      "Node Type": "Index Only Scan",
                      "Parent Relationship": "Inner",
                      "Parallel Aware": false,
                      "Scan Direction": "Forward",
                      "Index Name": "movie_id_cast_info",
                      "Relation Name": "cast_info",
                      "Alias": "ci",
                      "Startup Cost": 0.56,
                      "Total Cost": 1.28,
                      "Plan Rows": 35,
                      "Plan Width": 4,
                      "Actual Startup Time": 0.005,
                      "Actual Total Time": 0.026,
                      "Actual Rows": 45,
                      "Actual Loops": 340363,
                      "Index Cond": "(movie_id = mi.movie_id)",
                      "Rows Removed by Index Recheck": 0,
                      "Heap Fetches": 15299064
                    }
                  ]
                }
              ]
            }
          ]
        }
      ]
    },
    "Planning Time": 0.408,
    "Triggers": [],
    "Execution Time": 2658.137
  }
]