[
  {
    "Plan": {
      "Node Type": "Aggregate",
      "Strategy": "Plain",
      "Partial Mode": "Finalize",
      "Parallel Aware": false,
      "Startup Cost": 333399.68,
      "Total Cost": 333399.69,
      "Plan Rows": 1,
      "Plan Width": 8,
      "Actual Startup Time": 348.438,
      "Actual Total Time": 401.784,
      "Actual Rows": 1,
      "Actual Loops": 1,
      "Plans": [
        {
          "Node Type": "Gather",
          "Parent Relationship": "Outer",
          "Parallel Aware": false,
          "Startup Cost": 333399.26,
          "Total Cost": 333399.67,
          "Plan Rows": 4,
          "Plan Width": 8,
          "Actual Startup Time": 347.96,
          "Actual Total Time": 401.774,
          "Actual Rows": 5,
          "Actual Loops": 1,
          "Workers Planned": 4,
          "Workers Launched": 4,
          "Single Copy": false,
          "Plans": [
            {
              "Node Type": "Aggregate",
              "Strategy": "Plain",
              "Partial Mode": "Partial",
              "Parent Relationship": "Outer",
              "Parallel Aware": false,
              "Startup Cost": 332399.26,
              "Total Cost": 332399.27,
              "Plan Rows": 1,
              "Plan Width": 8,
              "Actual Startup Time": 343.007,
              "Actual Total Time": 343.009,
              "Actual Rows": 1,
              "Actual Loops": 5,
              "Plans": [
                {
                  "Node Type": "Nested Loop",
                  "Parent Relationship": "Outer",
                  "Parallel Aware": false,
                  "Join Type": "Inner",
                  "Startup Cost": 0.56,
                  "Total Cost": 332316.0,
                  "Plan Rows": 33306,
                  "Plan Width": 0,
                  "Actual Startup Time": 0.856,
                  "Actual Total Time": 340.801,
                  "Actual Rows": 29347,
                  "Actual Loops": 5,
                  "Inner Unique": false,
                  "Plans": [
                    {
                      "Node Type": "Seq Scan",
                      "Parent Relationship": "Outer",
                      "Parallel Aware": true,
                      "Relation Name": "title",
                      "Alias": "t",
                      "Startup Cost": 0.0,
                      "Total Cost": 45479.1,
                      "Plan Rows": 6750,
                      "Plan Width": 4,
                      "Actual Startup Time": 0.222,
                      "Actual Total Time": 66.399,
                      "Actual Rows": 5417,
                      "Actual Loops": 5,
                      "Filter": "((kind_id < 7) AND (production_year > 2012))",
                      "Rows Removed by Filter": 500245
                    },
                    {
                      "Node Type": "Index Scan",
                      "Parent Relationship": "Inner",
                      "Parallel Aware": false,
                      "Scan Direction": "Forward",
                      "Index Name": "movie_id_cast_info",
                      "Relation Name": "cast_info",
                      "Alias": "ci",
                      "Startup Cost": 0.56,
                      "Total Cost": 42.36,
                      "Plan Rows": 13,
                      "Plan Width": 4,
                      "Actual Startup Time": 0.013,
                      "Actual Total Time": 0.05,
                      "Actual Rows": 5,
                      "Actual Loops": 27085,
                      "Index Cond": "(movie_id = t.id)",
                      "Rows Removed by Index Recheck": 0,
                      "Filter": "(role_id = 1)",
                      "Rows Removed by Filter": 12
                    }
                  ]
                }
              ]
            }
          ]
        }
      ]
    },
    "Planning Time": 0.41,
    "Triggers": [],
    "Execution Time": 401.844
  }
]