{
  "Plan": {
    "Node Type": "Aggregate",
    "Strategy": "Plain",
    "Partial Mode": "Finalize",
    "Parallel Aware": false,
    "Startup Cost": 81485.43,
    "Total Cost": 81485.44,
    "Plan Rows": 1,
    "Plan Width": 8,
    "Actual Startup Time": 183.822,
    "Actual Total Time": 200.715,
    "Actual Rows": 1,
    "Actual Loops": 1,
    "Plans": [
      {
        "Node Type": "Gather",
        "Parent Relationship": "Outer",
        "Parallel Aware": false,
        "Startup Cost": 81485.31,
        "Total Cost": 81485.42,
        "Plan Rows": 1,
        "Plan Width": 8,
        "Actual Startup Time": 183.609,
        "Actual Total Time": 200.708,
        "Actual Rows": 2,
        "Actual Loops": 1,
        "Workers Planned": 1,
        "Workers Launched": 1,
        "Single Copy": false,
        "Plans": [
          {
            "Node Type": "Aggregate",
            "Strategy": "Plain",
            "Partial Mode": "Partial",
            "Parent Relationship": "Outer",
            "Parallel Aware": false,
            "Startup Cost": 80485.31,
            "Total Cost": 80485.32,
            "Plan Rows": 1,
            "Plan Width": 8,
            "Actual Startup Time": 177.818,
            "Actual Total Time": 177.82,
            "Actual Rows": 1,
            "Actual Loops": 2,
            "Plans": [
              {
                "Node Type": "Nested Loop",
                "Parent Relationship": "Outer",
                "Parallel Aware": false,
                "Join Type": "Inner",
                "Startup Cost": 0.43,
                "Total Cost": 80481.96,
                "Plan Rows": 1342,
                "Plan Width": 0,
                "Actual Startup Time": 102.811,
                "Actual Total Time": 177.34,
                "Actual Rows": 5338,
                "Actual Loops": 2,
                "Inner Unique": false,
                "Plans": [
                  {
                    "Node Type": "Seq Scan",
                    "Parent Relationship": "Outer",
                    "Parallel Aware": true,
                    "Relation Name": "title",
                    "Alias": "t",
                    "Startup Cost": 0.0,
                    "Total Cost": 58306.47,
                    "Plan Rows": 1300,
                    "Plan Width": 4,
                    "Actual Startup Time": 102.696,
                    "Actual Total Time": 155.294,
                    "Actual Rows": 2936,
                    "Actual Loops": 2,
                    "Filter": "((kind_id < 7) AND (production_year < 1900))",
                    "Rows Removed by Filter": 1261220
                  },
                  {
                    "Node Type": "Index Only Scan",
                    "Parent Relationship": "Inner",
                    "Parallel Aware": false,
                    "Scan Direction": "Forward",
                    "Index Name": "movie_id_movie_companies",
                    "Relation Name": "movie_companies",
                    "Alias": "mc",
                    "Startup Cost": 0.43,
                    "Total Cost": 17.01,
                    "Plan Rows": 5,
                    "Plan Width": 4,
                    "Actual Startup Time": 0.006,
                    "Actual Total Time": 0.007,
                    "Actual Rows": 2,
                    "Actual Loops": 5872,
                    "Index Cond": "(movie_id = t.id)",
                    "Rows Removed by Index Recheck": 0,
                    "Heap Fetches": 10675
                  }
                ]
              }
            ]
          }
        ]
      }
    ]
  },
  "Planning Time": 0.425,
  "Triggers": [],
  "Execution Time": 200.784
}