[
    {
        "Bao": {
            "Bao prediction": "NaN",
            "Bao recommended hint": "(no hint)"
        }
    },
    {
        "Plan": {
            "Node Type": "Aggregate",
            "Strategy": "Plain",
            "Partial Mode": "Finalize",
            "Parallel Aware": false,
            "Startup Cost": 252897.35,
            "Total Cost": 252897.36,
            "Plan Rows": 1,
            "Plan Width": 8,
            "Actual Startup Time": 779.296,
            "Actual Total Time": 796.136,
            "Actual Rows": 1,
            "Actual Loops": 1,
            "Output": [
                "count(*)"
            ],
            "Plans": [
                {
                    "Node Type": "Gather",
                    "Parent Relationship": "Outer",
                    "Parallel Aware": false,
                    "Startup Cost": 252896.73,
                    "Total Cost": 252897.34,
                    "Plan Rows": 6,
                    "Plan Width": 8,
                    "Actual Startup Time": 768.885,
                    "Actual Total Time": 796.123,
                    "Actual Rows": 7,
                    "Actual Loops": 1,
                    "Output": [
                        "(PARTIAL count(*))"
                    ],
                    "Workers Planned": 6,
                    "Workers Launched": 6,
                    "Single Copy": false,
                    "Plans": [
                        {
                            "Node Type": "Aggregate",
                            "Strategy": "Plain",
                            "Partial Mode": "Partial",
                            "Parent Relationship": "Outer",
                            "Parallel Aware": false,
                            "Startup Cost": 251896.73,
                            "Total Cost": 251896.74,
                            "Plan Rows": 1,
                            "Plan Width": 8,
                            "Actual Startup Time": 758.367,
                            "Actual Total Time": 758.37,
                            "Actual Rows": 1,
                            "Actual Loops": 7,
                            "Output": [
                                "PARTIAL count(*)"
                            ],
                            "Workers": [
                                {
                                    "Worker Number": 0,
                                    "Actual Startup Time": 757.285,
                                    "Actual Total Time": 757.288,
                                    "Actual Rows": 1,
                                    "Actual Loops": 1
                                },
                                {
                                    "Worker Number": 1,
                                    "Actual Startup Time": 756.493,
                                    "Actual Total Time": 756.496,
                                    "Actual Rows": 1,
                                    "Actual Loops": 1
                                },
                                {
                                    "Worker Number": 2,
                                    "Actual Startup Time": 756.747,
                                    "Actual Total Time": 756.75,
                                    "Actual Rows": 1,
                                    "Actual Loops": 1
                                },
                                {
                                    "Worker Number": 3,
                                    "Actual Startup Time": 756.487,
                                    "Actual Total Time": 756.49,
                                    "Actual Rows": 1,
                                    "Actual Loops": 1
                                },
                                {
                                    "Worker Number": 4,
                                    "Actual Startup Time": 756.499,
                                    "Actual Total Time": 756.502,
                                    "Actual Rows": 1,
                                    "Actual Loops": 1
                                },
                                {
                                    "Worker Number": 5,
                                    "Actual Startup Time": 756.641,
                                    "Actual Total Time": 756.644,
                                    "Actual Rows": 1,
                                    "Actual Loops": 1
                                }
                            ],
                            "Plans": [
                                {
                                    "Node Type": "Hash Join",
                                    "Parent Relationship": "Outer",
                                    "Parallel Aware": true,
                                    "Join Type": "Inner",
                                    "Startup Cost": 49386.52,
                                    "Total Cost": 250356.37,
                                    "Plan Rows": 616143,
                                    "Plan Width": 0,
                                    "Actual Startup Time": 167.691,
                                    "Actual Total Time": 727.46,
                                    "Actual Rows": 535512,
                                    "Actual Loops": 7,
                                    "Inner Unique": true,
                                    "Hash Cond": "(ci.movie_id = t.id)",
                                    "Workers": [
                                        {
                                            "Worker Number": 0,
                                            "Actual Startup Time": 165.602,
                                            "Actual Total Time": 724.277,
                                            "Actual Rows": 455810,
                                            "Actual Loops": 1
                                        },
                                        {
                                            "Worker Number": 1,
                                            "Actual Startup Time": 165.836,
                                            "Actual Total Time": 723.998,
                                            "Actual Rows": 441868,
                                            "Actual Loops": 1
                                        },
                                        {
                                            "Worker Number": 2,
                                            "Actual Startup Time": 166.288,
                                            "Actual Total Time": 723.761,
                                            "Actual Rows": 455466,
                                            "Actual Loops": 1
                                        },
                                        {
                                            "Worker Number": 3,
                                            "Actual Startup Time": 166.051,
                                            "Actual Total Time": 728.112,
                                            "Actual Rows": 634797,
                                            "Actual Loops": 1
                                        },
                                        {
                                            "Worker Number": 4,
                                            "Actual Startup Time": 165.851,
                                            "Actual Total Time": 727.897,
                                            "Actual Rows": 640349,
                                            "Actual Loops": 1
                                        },
                                        {
                                            "Worker Number": 5,
                                            "Actual Startup Time": 166.316,
                                            "Actual Total Time": 723.604,
                                            "Actual Rows": 457274,
                                            "Actual Loops": 1
                                        }
                                    ],
                                    "Plans": [
                                        {
                                            "Node Type": "Index Scan",
                                            "Parent Relationship": "Outer",
                                            "Parallel Aware": true,
                                            "Scan Direction": "Forward",
                                            "Index Name": "role_id_cast_info",
                                            "Relation Name": "cast_info",
                                            "Schema": "public",
                                            "Alias": "ci",
                                            "Startup Cost": 0.56,
                                            "Total Cost": 197699.43,
                                            "Plan Rows": 1246088,
                                            "Plan Width": 4,
                                            "Actual Startup Time": 0.16,
                                            "Actual Total Time": 206.419,
                                            "Actual Rows": 1064568,
                                            "Actual Loops": 7,
                                            "Output": [
                                                "ci.id",
                                                "ci.person_id",
                                                "ci.movie_id",
                                                "ci.person_role_id",
                                                "ci.note",
                                                "ci.nr_order",
                                                "ci.role_id"
                                            ],
                                            "Index Cond": "(ci.role_id = 2)",
                                            "Rows Removed by Index Recheck": 0,
                                            "Workers": [
                                                {
                                                    "Worker Number": 0,
                                                    "Actual Startup Time": 0.077,
                                                    "Actual Total Time": 214.02,
                                                    "Actual Rows": 907920,
                                                    "Actual Loops": 1
                                                },
                                                {
                                                    "Worker Number": 1,
                                                    "Actual Startup Time": 0.091,
                                                    "Actual Total Time": 214.732,
                                                    "Actual Rows": 887642,
                                                    "Actual Loops": 1
                                                },
                                                {
                                                    "Worker Number": 2,
                                                    "Actual Startup Time": 0.246,
                                                    "Actual Total Time": 213.426,
                                                    "Actual Rows": 901680,
                                                    "Actual Loops": 1
                                                },
                                                {
                                                    "Worker Number": 3,
                                                    "Actual Startup Time": 0.29,
                                                    "Actual Total Time": 201.599,
                                                    "Actual Rows": 1277250,
                                                    "Actual Loops": 1
                                                },
                                                {
                                                    "Worker Number": 4,
                                                    "Actual Startup Time": 0.096,
                                                    "Actual Total Time": 200.4,
                                                    "Actual Rows": 1267500,
                                                    "Actual Loops": 1
                                                },
                                                {
                                                    "Worker Number": 5,
                                                    "Actual Startup Time": 0.189,
                                                    "Actual Total Time": 215.054,
                                                    "Actual Rows": 905580,
                                                    "Actual Loops": 1
                                                }
                                            ]
                                        },
                                        {
                                            "Node Type": "Hash",
                                            "Parent Relationship": "Inner",
                                            "Parallel Aware": true,
                                            "Startup Cost": 45479.21,
                                            "Total Cost": 45479.21,
                                            "Plan Rows": 312540,
                                            "Plan Width": 4,
                                            "Actual Startup Time": 164.157,
                                            "Actual Total Time": 164.158,
                                            "Actual Rows": 174505,
                                            "Actual Loops": 7,
                                            "Output": [
                                                "t.id"
                                            ],
                                            "Hash Buckets": 2097152,
                                            "Original Hash Buckets": 2097152,
                                            "Hash Batches": 1,
                                            "Original Hash Batches": 1,
                                            "Peak Memory Usage": 64288,
                                            "Workers": [
                                                {
                                                    "Worker Number": 0,
                                                    "Actual Startup Time": 164.87,
                                                    "Actual Total Time": 164.871,
                                                    "Actual Rows": 145185,
                                                    "Actual Loops": 1
                                                },
                                                {
                                                    "Worker Number": 1,
                                                    "Actual Startup Time": 165.11,
                                                    "Actual Total Time": 165.11,
                                                    "Actual Rows": 138962,
                                                    "Actual Loops": 1
                                                },
                                                {
                                                    "Worker Number": 2,
                                                    "Actual Startup Time": 165.343,
                                                    "Actual Total Time": 165.344,
                                                    "Actual Rows": 141873,
                                                    "Actual Loops": 1
                                                },
                                                {
                                                    "Worker Number": 3,
                                                    "Actual Startup Time": 165.146,
                                                    "Actual Total Time": 165.148,
                                                    "Actual Rows": 185701,
                                                    "Actual Loops": 1
                                                },
                                                {
                                                    "Worker Number": 4,
                                                    "Actual Startup Time": 165.331,
                                                    "Actual Total Time": 165.332,
                                                    "Actual Rows": 184874,
                                                    "Actual Loops": 1
                                                },
                                                {
                                                    "Worker Number": 5,
                                                    "Actual Startup Time": 165.368,
                                                    "Actual Total Time": 165.369,
                                                    "Actual Rows": 139718,
                                                    "Actual Loops": 1
                                                }
                                            ],
                                            "Plans": [
                                                {
                                                    "Node Type": "Seq Scan",
                                                    "Parent Relationship": "Outer",
                                                    "Parallel Aware": true,
                                                    "Relation Name": "title",
                                                    "Schema": "public",
                                                    "Alias": "t",
                                                    "Startup Cost": 0.0,
                                                    "Total Cost": 45479.21,
                                                    "Plan Rows": 312540,
                                                    "Plan Width": 4,
                                                    "Actual Startup Time": 0.046,
                                                    "Actual Total Time": 80.732,
                                                    "Actual Rows": 174505,
                                                    "Actual Loops": 7,
                                                    "Output": [
                                                        "t.id"
                                                    ],
                                                    "Filter": "((t.production_year < 2011) AND (t.kind_id = 7))",
                                                    "Rows Removed by Filter": 186683,
                                                    "Workers": [
                                                        {
                                                            "Worker Number": 0,
                                                            "Actual Startup Time": 0.056,
                                                            "Actual Total Time": 83.44,
                                                            "Actual Rows": 145185,
                                                            "Actual Loops": 1
                                                        },
                                                        {
                                                            "Worker Number": 1,
                                                            "Actual Startup Time": 0.056,
                                                            "Actual Total Time": 83.316,
                                                            "Actual Rows": 138962,
                                                            "Actual Loops": 1
                                                        },
                                                        {
                                                            "Worker Number": 2,
                                                            "Actual Startup Time": 0.048,
                                                            "Actual Total Time": 84.006,
                                                            "Actual Rows": 141873,
                                                            "Actual Loops": 1
                                                        },
                                                        {
                                                            "Worker Number": 3,
                                                            "Actual Startup Time": 0.056,
                                                            "Actual Total Time": 79.415,
                                                            "Actual Rows": 185701,
                                                            "Actual Loops": 1
                                                        },
                                                        {
                                                            "Worker Number": 4,
                                                            "Actual Startup Time": 0.062,
                                                            "Actual Total Time": 79.494,
                                                            "Actual Rows": 184874,
                                                            "Actual Loops": 1
                                                        },
                                                        {
                                                            "Worker Number": 5,
                                                            "Actual Startup Time": 0.027,
                                                            "Actual Total Time": 82.976,
                                                            "Actual Rows": 139718,
                                                            "Actual Loops": 1
                                                        }
                                                    ]
                                                }
                                            ]
                                        }
                                    ]
                                }
                            ]
                        }
                    ]
                }
            ]
        },
        "Planning Time": 183.436,
        "Triggers": [],
        "Execution Time": 796.211
    }
]