[
  {
    "Plan": {
      "Node Type": "Aggregate",
      "Strategy": "Plain",
      "Partial Mode": "Simple",
      "Parallel Aware": false,
      "Startup Cost": 21630.92,
      "Total Cost": 21630.93,
      "Plan Rows": 1,
      "Plan Width": 8,
      "Actual Startup Time": 9.804,
      "Actual Total Time": 9.806,
      "Actual Rows": 1,
      "Actual Loops": 1,
      "Plans": [
        {
          "Node Type": "Bitmap Heap Scan",
          "Parent Relationship": "Outer",
          "Parallel Aware": false,
          "Relation Name": "movie_info",
          "Alias": "mi",
          "Startup Cost": 118.08,
          "Total Cost": 21614.91,
          "Plan Rows": 6406,
          "Plan Width": 0,
          "Actual Startup Time": 1.675,
          "Actual Total Time": 8.645,
          "Actual Rows": 6482,
          "Actual Loops": 1,
          "Recheck Cond": "(info_type_id = 54)",
          "Rows Removed by Index Recheck": 0,
          "Exact Heap Blocks": 1315,
          "Lossy Heap Blocks": 0,
          "Plans": [
            {
              "Node Type": "Bitmap Index Scan",
              "Parent Relationship": "Outer",
              "Parallel Aware": false,
              "Index Name": "info_type_id_movie_info",
              "Startup Cost": 0.0,
              "Total Cost": 116.48,
              "Plan Rows": 6406,
              "Plan Width": 0,
              "Actual Startup Time": 1.268,
              "Actual Total Time": 1.269,
              "Actual Rows": 6482,
              "Actual Loops": 1,
              "Index Cond": "(info_type_id = 54)"
            }
          ]
        }
      ]
    },
    "Planning Time": 0.141,
    "Triggers": [],
    "Execution Time": 9.865
  }
]