[
    {
        "Bao": {
            "Bao prediction": "NaN",
            "Bao recommended hint": "(no hint)"
        }
    },
    {
        "Plan": {
            "Node Type": "Aggregate",
            "Strategy": "Plain",
            "Partial Mode": "Finalize",
            "Parallel Aware": false,
            "Startup Cost": 355532.29,
            "Total Cost": 355532.3,
            "Plan Rows": 1,
            "Plan Width": 8,
            "Actual Startup Time": 919.827,
            "Actual Total Time": 949.438,
            "Actual Rows": 1,
            "Actual Loops": 1,
            "Output": [
                "count(*)"
            ],
            "Plans": [
                {
                    "Node Type": "Gather",
                    "Parent Relationship": "Outer",
                    "Parallel Aware": false,
                    "Startup Cost": 355531.67,
                    "Total Cost": 355532.28,
                    "Plan Rows": 6,
                    "Plan Width": 8,
                    "Actual Startup Time": 919.686,
                    "Actual Total Time": 949.428,
                    "Actual Rows": 7,
                    "Actual Loops": 1,
                    "Output": [
                        "(PARTIAL count(*))"
                    ],
                    "Workers Planned": 6,
                    "Workers Launched": 6,
                    "Single Copy": false,
                    "Plans": [
                        {
                            "Node Type": "Aggregate",
                            "Strategy": "Plain",
                            "Partial Mode": "Partial",
                            "Parent Relationship": "Outer",
                            "Parallel Aware": false,
                            "Startup Cost": 354531.67,
                            "Total Cost": 354531.68,
                            "Plan Rows": 1,
                            "Plan Width": 8,
                            "Actual Startup Time": 909.814,
                            "Actual Total Time": 909.821,
                            "Actual Rows": 1,
                            "Actual Loops": 7,
                            "Output": [
                                "PARTIAL count(*)"
                            ],
                            "Workers": [
                                {
                                    "Worker Number": 0,
                                    "Actual Startup Time": 907.43,
                                    "Actual Total Time": 907.443,
                                    "Actual Rows": 1,
                                    "Actual Loops": 1
                                },
                                {
                                    "Worker Number": 1,
                                    "Actual Startup Time": 907.792,
                                    "Actual Total Time": 907.797,
                                    "Actual Rows": 1,
                                    "Actual Loops": 1
                                },
                                {
                                    "Worker Number": 2,
                                    "Actual Startup Time": 907.968,
                                    "Actual Total Time": 907.969,
                                    "Actual Rows": 1,
                                    "Actual Loops": 1
                                },
                                {
                                    "Worker Number": 3,
                                    "Actual Startup Time": 908.467,
                                    "Actual Total Time": 908.471,
                                    "Actual Rows": 1,
                                    "Actual Loops": 1
                                },
                                {
                                    "Worker Number": 4,
                                    "Actual Startup Time": 908.745,
                                    "Actual Total Time": 908.759,
                                    "Actual Rows": 1,
                                    "Actual Loops": 1
                                },
                                {
                                    "Worker Number": 5,
                                    "Actual Startup Time": 908.994,
                                    "Actual Total Time": 909.004,
                                    "Actual Rows": 1,
                                    "Actual Loops": 1
                                }
                            ],
                            "Plans": [
                                {
                                    "Node Type": "Seq Scan",
                                    "Parent Relationship": "Outer",
                                    "Parallel Aware": true,
                                    "Relation Name": "cast_info",
                                    "Schema": "public",
                                    "Alias": "ci",
                                    "Startup Cost": 0.0,
                                    "Total Cost": 343318.94,
                                    "Plan Rows": 4485092,
                                    "Plan Width": 0,
                                    "Actual Startup Time": 24.926,
                                    "Actual Total Time": 726.069,
                                    "Actual Rows": 3810624,
                                    "Actual Loops": 7,
                                    "Output": [
                                        "id",
                                        "person_id",
                                        "movie_id",
                                        "person_role_id",
                                        "note",
                                        "nr_order",
                                        "role_id"
                                    ],
                                    "Filter": "((ci.person_id > 123556) AND (ci.role_id < 6))",
                                    "Rows Removed by Filter": 1367139,
                                    "Workers": [
                                        {
                                            "Worker Number": 0,
                                            "Actual Startup Time": 22.563,
                                            "Actual Total Time": 722.91,
                                            "Actual Rows": 2767640,
                                            "Actual Loops": 1
                                        },
                                        {
                                            "Worker Number": 1,
                                            "Actual Startup Time": 22.894,
                                            "Actual Total Time": 724.166,
                                            "Actual Rows": 2775165,
                                            "Actual Loops": 1
                                        },
                                        {
                                            "Worker Number": 2,
                                            "Actual Startup Time": 23.076,
                                            "Actual Total Time": 724.624,
                                            "Actual Rows": 2778267,
                                            "Actual Loops": 1
                                        },
                                        {
                                            "Worker Number": 3,
                                            "Actual Startup Time": 23.569,
                                            "Actual Total Time": 731.015,
                                            "Actual Rows": 4345361,
                                            "Actual Loops": 1
                                        },
                                        {
                                            "Worker Number": 4,
                                            "Actual Startup Time": 23.856,
                                            "Actual Total Time": 731.091,
                                            "Actual Rows": 4353305,
                                            "Actual Loops": 1
                                        },
                                        {
                                            "Worker Number": 5,
                                            "Actual Startup Time": 24.125,
                                            "Actual Total Time": 725.576,
                                            "Actual Rows": 4384017,
                                            "Actual Loops": 1
                                        }
                                    ]
                                }
                            ]
                        }
                    ]
                }
            ]
        },
        "Planning Time": 192.927,
        "Triggers": [],
        "Execution Time": 949.595
    }
]