[
  {
    "Plan": {
      "Node Type": "Aggregate",
      "Strategy": "Plain",
      "Partial Mode": "Finalize",
      "Parallel Aware": false,
      "Startup Cost": 346343.36,
      "Total Cost": 346343.37,
      "Plan Rows": 1,
      "Plan Width": 8,
      "Actual Startup Time": 470.132,
      "Actual Total Time": 514.511,
      "Actual Rows": 1,
      "Actual Loops": 1,
      "Plans": [
        {
          "Node Type": "Gather",
          "Parent Relationship": "Outer",
          "Parallel Aware": false,
          "Startup Cost": 346342.74,
          "Total Cost": 346343.35,
          "Plan Rows": 6,
          "Plan Width": 8,
          "Actual Startup Time": 469.927,
          "Actual Total Time": 514.496,
          "Actual Rows": 7,
          "Actual Loops": 1,
          "Workers Planned": 6,
          "Workers Launched": 6,
          "Single Copy": false,
          "Plans": [
            {
              "Node Type": "Aggregate",
              "Strategy": "Plain",
              "Partial Mode": "Partial",
              "Parent Relationship": "Outer",
              "Parallel Aware": false,
              "Startup Cost": 345342.74,
              "Total Cost": 345342.75,
              "Plan Rows": 1,
              "Plan Width": 8,
              "Actual Startup Time": 464.019,
              "Actual Total Time": 464.022,
              "Actual Rows": 1,
              "Actual Loops": 7,
              "Plans": [
                {
                  "Node Type": "Index Scan",
                  "Parent Relationship": "Outer",
                  "Parallel Aware": true,
                  "Scan Direction": "Forward",
                  "Index Name": "role_id_cast_info",
                  "Relation Name": "cast_info",
                  "Alias": "ci",
                  "Startup Cost": 0.56,
                  "Total Cost": 341155.22,
                  "Plan Rows": 1675008,
                  "Plan Width": 0,
                  "Actual Startup Time": 177.833,
                  "Actual Total Time": 411.141,
                  "Actual Rows": 1015045,
                  "Actual Loops": 7,
                  "Index Cond": "(role_id = 1)",
                  "Rows Removed by Index Recheck": 0,
                  "Filter": "(person_id > 748292)",
                  "Rows Removed by Filter": 795054
                }
              ]
            }
          ]
        }
      ]
    },
    "Planning Time": 0.211,
    "Triggers": [],
    "Execution Time": 514.58
  }
]