[
  {
    "Plan": {
      "Node Type": "Aggregate",
      "Strategy": "Plain",
      "Partial Mode": "Finalize",
      "Parallel Aware": false,
      "Startup Cost": 78317.77,
      "Total Cost": 78317.78,
      "Plan Rows": 1,
      "Plan Width": 8,
      "Actual Startup Time": 244.85,
      "Actual Total Time": 258.252,
      "Actual Rows": 1,
      "Actual Loops": 1,
      "Plans": [
        {
          "Node Type": "Gather",
          "Parent Relationship": "Outer",
          "Parallel Aware": false,
          "Startup Cost": 78317.46,
          "Total Cost": 78317.77,
          "Plan Rows": 3,
          "Plan Width": 8,
          "Actual Startup Time": 243.652,
          "Actual Total Time": 258.242,
          "Actual Rows": 4,
          "Actual Loops": 1,
          "Workers Planned": 3,
          "Workers Launched": 3,
          "Single Copy": false,
          "Plans": [
            {
              "Node Type": "Aggregate",
              "Strategy": "Plain",
              "Partial Mode": "Partial",
              "Parent Relationship": "Outer",
              "Parallel Aware": false,
              "Startup Cost": 77317.46,
              "Total Cost": 77317.47,
              "Plan Rows": 1,
              "Plan Width": 8,
              "Actual Startup Time": 236.665,
              "Actual Total Time": 236.672,
              "Actual Rows": 1,
              "Actual Loops": 4,
              "Plans": [
                {
                  "Node Type": "Hash Join",
                  "Parent Relationship": "Outer",
                  "Parallel Aware": true,
                  "Join Type": "Inner",
                  "Startup Cost": 44709.16,
                  "Total Cost": 77211.32,
                  "Plan Rows": 42455,
                  "Plan Width": 0,
                  "Actual Startup Time": 152.032,
                  "Actual Total Time": 234.128,
                  "Actual Rows": 59186,
                  "Actual Loops": 4,
                  "Inner Unique": true,
                  "Hash Cond": "(mc.movie_id = t.id)",
                  "Plans": [
                    {
                      "Node Type": "Seq Scan",
                      "Parent Relationship": "Outer",
                      "Parallel Aware": true,
                      "Relation Name": "movie_companies",
                      "Alias": "mc",
                      "Startup Cost": 0.0,
                      "Total Cost": 31414.82,
                      "Plan Rows": 414225,
                      "Plan Width": 4,
                      "Actual Startup Time": 30.59,
                      "Actual Total Time": 67.486,
                      "Actual Rows": 309698,
                      "Actual Loops": 4,
                      "Filter": "((company_id < 159932) AND (company_type_id > 1))",
                      "Rows Removed by Filter": 342584
                    },
                    {
                      "Node Type": "Hash",
                      "Parent Relationship": "Inner",
                      "Parallel Aware": true,
                      "Startup Cost": 43899.32,
                      "Total Cost": 43899.32,
                      "Plan Rows": 64787,
                      "Plan Width": 4,
                      "Actual Startup Time": 120.085,
                      "Actual Total Time": 120.089,
                      "Actual Rows": 68476,
                      "Actual Loops": 4,
                      "Hash Buckets": 524288,
                      "Original Hash Buckets": 262144,
                      "Hash Batches": 1,
                      "Original Hash Batches": 1,
                      "Peak Memory Usage": 16896,
                      "Plans": [
                        {
                          "Node Type": "Seq Scan",
                          "Parent Relationship": "Outer",
                          "Parallel Aware": true,
                          "Relation Name": "title",
                          "Alias": "t",
                          "Startup Cost": 0.0,
                          "Total Cost": 43899.32,
                          "Plan Rows": 64787,
                          "Plan Width": 4,
                          "Actual Startup Time": 0.043,
                          "Actual Total Time": 89.681,
                          "Actual Rows": 68476,
                          "Actual Loops": 4,
                          "Filter": "(production_year < 1963)",
                          "Rows Removed by Filter": 563602
                        }
                      ]
                    }
                  ]
                }
              ]
            }
          ]
        }
      ]
    },
    "Planning Time": 0.441,
    "Triggers": [],
    "Execution Time": 258.294
  }
]