[
  {
    "Plan": {
      "Node Type": "Aggregate",
      "Strategy": "Plain",
      "Partial Mode": "Finalize",
      "Parallel Aware": false,
      "Startup Cost": 79062.22,
      "Total Cost": 79062.23,
      "Plan Rows": 1,
      "Plan Width": 8,
      "Actual Startup Time": 294.85,
      "Actual Total Time": 311.232,
      "Actual Rows": 1,
      "Actual Loops": 1,
      "Plans": [
        {
          "Node Type": "Gather",
          "Parent Relationship": "Outer",
          "Parallel Aware": false,
          "Startup Cost": 79061.9,
          "Total Cost": 79062.21,
          "Plan Rows": 3,
          "Plan Width": 8,
          "Actual Startup Time": 291.025,
          "Actual Total Time": 311.226,
          "Actual Rows": 4,
          "Actual Loops": 1,
          "Workers Planned": 3,
          "Workers Launched": 3,
          "Single Copy": false,
          "Plans": [
            {
              "Node Type": "Aggregate",
              "Strategy": "Plain",
              "Partial Mode": "Partial",
              "Parent Relationship": "Outer",
              "Parallel Aware": false,
              "Startup Cost": 78061.9,
              "Total Cost": 78061.91,
              "Plan Rows": 1,
              "Plan Width": 8,
              "Actual Startup Time": 286.936,
              "Actual Total Time": 286.939,
              "Actual Rows": 1,
              "Actual Loops": 4,
              "Plans": [
                {
                  "Node Type": "Hash Join",
                  "Parent Relationship": "Outer",
                  "Parallel Aware": true,
                  "Join Type": "Inner",
                  "Startup Cost": 48079.35,
                  "Total Cost": 77901.6,
                  "Plan Rows": 64122,
                  "Plan Width": 0,
                  "Actual Startup Time": 198.731,
                  "Actual Total Time": 282.988,
                  "Actual Rows": 85576,
                  "Actual Loops": 4,
                  "Inner Unique": true,
                  "Hash Cond": "(mc.movie_id = t.id)",
                  "Plans": [
                    {
                      "Node Type": "Seq Scan",
                      "Parent Relationship": "Outer",
                      "Parallel Aware": true,
                      "Relation Name": "movie_companies",
                      "Alias": "mc",
                      "Startup Cost": 0.0,
                      "Total Cost": 29310.68,
                      "Plan Rows": 194883,
                      "Plan Width": 4,
                      "Actual Startup Time": 29.233,
                      "Actual Total Time": 64.995,
                      "Actual Rows": 149907,
                      "Actual Loops": 4,
                      "Filter": "(company_id > 67921)",
                      "Rows Removed by Filter": 502376
                    },
                    {
                      "Node Type": "Hash",
                      "Parent Relationship": "Inner",
                      "Parallel Aware": true,
                      "Startup Cost": 45479.59,
                      "Total Cost": 45479.59,
                      "Plan Rows": 207981,
                      "Plan Width": 4,
                      "Actual Startup Time": 166.994,
                      "Actual Total Time": 166.995,
                      "Actual Rows": 186022,
                      "Actual Loops": 4,
                      "Hash Buckets": 1048576,
                      "Original Hash Buckets": 1048576,
                      "Hash Batches": 1,
                      "Original Hash Batches": 1,
                      "Peak Memory Usage": 37376,
                      "Plans": [
                        {
                          "Node Type": "Seq Scan",
                          "Parent Relationship": "Outer",
                          "Parallel Aware": true,
                          "Relation Name": "title",
                          "Alias": "t",
                          "Startup Cost": 0.0,
                          "Total Cost": 45479.59,
                          "Plan Rows": 207981,
                          "Plan Width": 4,
                          "Actual Startup Time": 0.021,
                          "Actual Total Time": 99.176,
                          "Actual Rows": 186022,
                          "Actual Loops": 4,
                          "Filter": "((kind_id < 7) AND (production_year > 1967))",
                          "Rows Removed by Filter": 446056
                        }
                      ]
                    }
                  ]
                }
              ]
            }
          ]
        }
      ]
    },
    "Planning Time": 0.274,
    "Triggers": [],
    "Execution Time": 311.268
  }
]