[
  {
    "Plan": {
      "Node Type": "Aggregate",
      "Strategy": "Plain",
      "Partial Mode": "Finalize",
      "Parallel Aware": false,
      "Startup Cost": 46533.21,
      "Total Cost": 46533.22,
      "Plan Rows": 1,
      "Plan Width": 8,
      "Actual Startup Time": 169.601,
      "Actual Total Time": 180.646,
      "Actual Rows": 1,
      "Actual Loops": 1,
      "Plans": [
        {
          "Node Type": "Gather",
          "Parent Relationship": "Outer",
          "Parallel Aware": false,
          "Startup Cost": 46532.89,
          "Total Cost": 46533.2,
          "Plan Rows": 3,
          "Plan Width": 8,
          "Actual Startup Time": 169.451,
          "Actual Total Time": 180.637,
          "Actual Rows": 4,
          "Actual Loops": 1,
          "Workers Planned": 3,
          "Workers Launched": 3,
          "Single Copy": false,
          "Plans": [
            {
              "Node Type": "Aggregate",
              "Strategy": "Plain",
              "Partial Mode": "Partial",
              "Parent Relationship": "Outer",
              "Parallel Aware": false,
              "Startup Cost": 45532.89,
              "Total Cost": 45532.9,
              "Plan Rows": 1,
              "Plan Width": 8,
              "Actual Startup Time": 163.944,
              "Actual Total Time": 163.946,
              "Actual Rows": 1,
              "Actual Loops": 4,
              "Plans": [
                {
                  "Node Type": "Seq Scan",
                  "Parent Relationship": "Outer",
                  "Parallel Aware": true,
                  "Relation Name": "movie_keyword",
                  "Alias": "mk",
                  "Startup Cost": 0.0,
                  "Total Cost": 42695.65,
                  "Plan Rows": 1134896,
                  "Plan Width": 0,
                  "Actual Startup Time": 0.04,
                  "Actual Total Time": 122.169,
                  "Actual Rows": 878825,
                  "Actual Loops": 4,
                  "Filter": "(keyword_id < 18218)",
                  "Rows Removed by Filter": 252158
                }
              ]
            }
          ]
        }
      ]
    },
    "Planning Time": 0.121,
    "Triggers": [],
    "Execution Time": 180.686
  }
]