[
  {
    "Plan": {
      "Node Type": "Aggregate",
      "Strategy": "Plain",
      "Partial Mode": "Finalize",
      "Parallel Aware": false,
      "Startup Cost": 46364.95,
      "Total Cost": 46364.96,
      "Plan Rows": 1,
      "Plan Width": 8,
      "Actual Startup Time": 177.977,
      "Actual Total Time": 188.292,
      "Actual Rows": 1,
      "Actual Loops": 1,
      "Plans": [
        {
          "Node Type": "Gather",
          "Parent Relationship": "Outer",
          "Parallel Aware": false,
          "Startup Cost": 46364.63,
          "Total Cost": 46364.94,
          "Plan Rows": 3,
          "Plan Width": 8,
          "Actual Startup Time": 177.854,
          "Actual Total Time": 188.284,
          "Actual Rows": 4,
          "Actual Loops": 1,
          "Workers Planned": 3,
          "Workers Launched": 3,
          "Single Copy": false,
          "Plans": [
            {
              "Node Type": "Aggregate",
              "Strategy": "Plain",
              "Partial Mode": "Partial",
              "Parent Relationship": "Outer",
              "Parallel Aware": false,
              "Startup Cost": 45364.63,
              "Total Cost": 45364.64,
              "Plan Rows": 1,
              "Plan Width": 8,
              "Actual Startup Time": 169.617,
              "Actual Total Time": 169.618,
              "Actual Rows": 1,
              "Actual Loops": 4,
              "Plans": [
                {
                  "Node Type": "Seq Scan",
                  "Parent Relationship": "Outer",
                  "Parallel Aware": true,
                  "Relation Name": "movie_keyword",
                  "Alias": "mk",
                  "Startup Cost": 0.0,
                  "Total Cost": 42695.65,
                  "Plan Rows": 1067592,
                  "Plan Width": 0,
                  "Actual Startup Time": 0.057,
                  "Actual Total Time": 130.438,
                  "Actual Rows": 825973,
                  "Actual Loops": 4,
                  "Filter": "(keyword_id < 14938)",
                  "Rows Removed by Filter": 305010
                }
              ]
            }
          ]
        }
      ]
    },
    "Planning Time": 0.156,
    "Triggers": [],
    "Execution Time": 188.341
  }
]