[
    {
        "Bao": {
            "Bao prediction": "NaN",
            "Bao recommended hint": "(no hint)"
        }
    },
    {
        "Plan": {
            "Node Type": "Aggregate",
            "Strategy": "Plain",
            "Partial Mode": "Finalize",
            "Parallel Aware": false,
            "Startup Cost": 342151.03,
            "Total Cost": 342151.04,
            "Plan Rows": 1,
            "Plan Width": 8,
            "Actual Startup Time": 966.153,
            "Actual Total Time": 1002.219,
            "Actual Rows": 1,
            "Actual Loops": 1,
            "Output": [
                "count(*)"
            ],
            "Plans": [
                {
                    "Node Type": "Gather",
                    "Parent Relationship": "Outer",
                    "Parallel Aware": false,
                    "Startup Cost": 342150.4,
                    "Total Cost": 342151.01,
                    "Plan Rows": 6,
                    "Plan Width": 8,
                    "Actual Startup Time": 966.069,
                    "Actual Total Time": 1002.207,
                    "Actual Rows": 7,
                    "Actual Loops": 1,
                    "Output": [
                        "(PARTIAL count(*))"
                    ],
                    "Workers Planned": 6,
                    "Workers Launched": 6,
                    "Single Copy": false,
                    "Plans": [
                        {
                            "Node Type": "Aggregate",
                            "Strategy": "Plain",
                            "Partial Mode": "Partial",
                            "Parent Relationship": "Outer",
                            "Parallel Aware": false,
                            "Startup Cost": 341150.4,
                            "Total Cost": 341150.41,
                            "Plan Rows": 1,
                            "Plan Width": 8,
                            "Actual Startup Time": 955.877,
                            "Actual Total Time": 955.878,
                            "Actual Rows": 1,
                            "Actual Loops": 7,
                            "Output": [
                                "PARTIAL count(*)"
                            ],
                            "Workers": [
                                {
                                    "Worker Number": 0,
                                    "Actual Startup Time": 953.349,
                                    "Actual Total Time": 953.351,
                                    "Actual Rows": 1,
                                    "Actual Loops": 1
                                },
                                {
                                    "Worker Number": 1,
                                    "Actual Startup Time": 953.901,
                                    "Actual Total Time": 953.902,
                                    "Actual Rows": 1,
                                    "Actual Loops": 1
                                },
                                {
                                    "Worker Number": 2,
                                    "Actual Startup Time": 954.127,
                                    "Actual Total Time": 954.128,
                                    "Actual Rows": 1,
                                    "Actual Loops": 1
                                },
                                {
                                    "Worker Number": 3,
                                    "Actual Startup Time": 954.587,
                                    "Actual Total Time": 954.588,
                                    "Actual Rows": 1,
                                    "Actual Loops": 1
                                },
                                {
                                    "Worker Number": 4,
                                    "Actual Startup Time": 954.529,
                                    "Actual Total Time": 954.531,
                                    "Actual Rows": 1,
                                    "Actual Loops": 1
                                },
                                {
                                    "Worker Number": 5,
                                    "Actual Startup Time": 954.991,
                                    "Actual Total Time": 954.992,
                                    "Actual Rows": 1,
                                    "Actual Loops": 1
                                }
                            ],
                            "Plans": [
                                {
                                    "Node Type": "Seq Scan",
                                    "Parent Relationship": "Outer",
                                    "Parallel Aware": true,
                                    "Relation Name": "cast_info",
                                    "Schema": "public",
                                    "Alias": "ci",
                                    "Startup Cost": 0.0,
                                    "Total Cost": 328213.62,
                                    "Plan Rows": 5174715,
                                    "Plan Width": 0,
                                    "Actual Startup Time": 72.458,
                                    "Actual Total Time": 709.083,
                                    "Actual Rows": 4418665,
                                    "Actual Loops": 7,
                                    "Output": [
                                        "id",
                                        "person_id",
                                        "movie_id",
                                        "person_role_id",
                                        "note",
                                        "nr_order",
                                        "role_id"
                                    ],
                                    "Filter": "(ci.person_id > 513539)",
                                    "Rows Removed by Filter": 759098,
                                    "Workers": [
                                        {
                                            "Worker Number": 0,
                                            "Actual Startup Time": 69.952,
                                            "Actual Total Time": 710.717,
                                            "Actual Rows": 3654706,
                                            "Actual Loops": 1
                                        },
                                        {
                                            "Worker Number": 1,
                                            "Actual Startup Time": 70.486,
                                            "Actual Total Time": 714.033,
                                            "Actual Rows": 3650553,
                                            "Actual Loops": 1
                                        },
                                        {
                                            "Worker Number": 2,
                                            "Actual Startup Time": 70.697,
                                            "Actual Total Time": 713.434,
                                            "Actual Rows": 3662610,
                                            "Actual Loops": 1
                                        },
                                        {
                                            "Worker Number": 3,
                                            "Actual Startup Time": 71.161,
                                            "Actual Total Time": 714.53,
                                            "Actual Rows": 3644912,
                                            "Actual Loops": 1
                                        },
                                        {
                                            "Worker Number": 4,
                                            "Actual Startup Time": 71.12,
                                            "Actual Total Time": 711.873,
                                            "Actual Rows": 5919590,
                                            "Actual Loops": 1
                                        },
                                        {
                                            "Worker Number": 5,
                                            "Actual Startup Time": 71.563,
                                            "Actual Total Time": 716.947,
                                            "Actual Rows": 5892270,
                                            "Actual Loops": 1
                                        }
                                    ]
                                }
                            ]
                        }
                    ]
                }
            ]
        },
        "Planning Time": 320.242,
        "Triggers": [],
        "Execution Time": 1002.286
    }
]