[
  {
    "Plan": {
      "Node Type": "Aggregate",
      "Strategy": "Plain",
      "Partial Mode": "Finalize",
      "Parallel Aware": false,
      "Startup Cost": 206731.74,
      "Total Cost": 206731.75,
      "Plan Rows": 1,
      "Plan Width": 8,
      "Actual Startup Time": 475.087,
      "Actual Total Time": 514.985,
      "Actual Rows": 1,
      "Actual Loops": 1,
      "Plans": [
        {
          "Node Type": "Gather",
          "Parent Relationship": "Outer",
          "Parallel Aware": false,
          "Startup Cost": 206731.21,
          "Total Cost": 206731.72,
          "Plan Rows": 5,
          "Plan Width": 8,
          "Actual Startup Time": 474.866,
          "Actual Total Time": 514.975,
          "Actual Rows": 6,
          "Actual Loops": 1,
          "Workers Planned": 5,
          "Workers Launched": 5,
          "Single Copy": false,
          "Plans": [
            {
              "Node Type": "Aggregate",
              "Strategy": "Plain",
              "Partial Mode": "Partial",
              "Parent Relationship": "Outer",
              "Parallel Aware": false,
              "Startup Cost": 205731.21,
              "Total Cost": 205731.22,
              "Plan Rows": 1,
              "Plan Width": 8,
              "Actual Startup Time": 468.486,
              "Actual Total Time": 468.487,
              "Actual Rows": 1,
              "Actual Loops": 6,
              "Plans": [
                {
                  "Node Type": "Seq Scan",
                  "Parent Relationship": "Outer",
                  "Parallel Aware": true,
                  "Relation Name": "movie_info",
                  "Alias": "mi",
                  "Startup Cost": 0.0,
                  "Total Cost": 198952.16,
                  "Plan Rows": 2711620,
                  "Plan Width": 0,
                  "Actual Startup Time": 0.044,
                  "Actual Total Time": 366.106,
                  "Actual Rows": 2275845,
                  "Actual Loops": 6,
                  "Filter": "(info_type_id < 43)",
                  "Rows Removed by Filter": 196775
                }
              ]
            }
          ]
        }
      ]
    },
    "Planning Time": 0.173,
    "Triggers": [],
    "Execution Time": 515.047
  }
]