[
  {
    "Plan": {
      "Node Type": "Aggregate",
      "Strategy": "Plain",
      "Partial Mode": "Finalize",
      "Parallel Aware": false,
      "Startup Cost": 44646.65,
      "Total Cost": 44646.66,
      "Plan Rows": 1,
      "Plan Width": 8,
      "Actual Startup Time": 130.136,
      "Actual Total Time": 141.502,
      "Actual Rows": 1,
      "Actual Loops": 1,
      "Plans": [
        {
          "Node Type": "Gather",
          "Parent Relationship": "Outer",
          "Parallel Aware": false,
          "Startup Cost": 44646.34,
          "Total Cost": 44646.65,
          "Plan Rows": 3,
          "Plan Width": 8,
          "Actual Startup Time": 130.001,
          "Actual Total Time": 141.494,
          "Actual Rows": 4,
          "Actual Loops": 1,
          "Workers Planned": 3,
          "Workers Launched": 3,
          "Single Copy": false,
          "Plans": [
            {
              "Node Type": "Aggregate",
              "Strategy": "Plain",
              "Partial Mode": "Partial",
              "Parent Relationship": "Outer",
              "Parallel Aware": false,
              "Startup Cost": 43646.34,
              "Total Cost": 43646.35,
              "Plan Rows": 1,
              "Plan Width": 8,
              "Actual Startup Time": 121.295,
              "Actual Total Time": 121.298,
              "Actual Rows": 1,
              "Actual Loops": 4,
              "Plans": [
                {
                  "Node Type": "Seq Scan",
                  "Parent Relationship": "Outer",
                  "Parallel Aware": true,
                  "Relation Name": "movie_keyword",
                  "Alias": "mk",
                  "Startup Cost": 0.0,
                  "Total Cost": 42695.65,
                  "Plan Rows": 380273,
                  "Plan Width": 0,
                  "Actual Startup Time": 2.781,
                  "Actual Total Time": 106.385,
                  "Actual Rows": 296611,
                  "Actual Loops": 4,
                  "Filter": "(keyword_id > 15660)",
                  "Rows Removed by Filter": 834372
                }
              ]
            }
          ]
        }
      ]
    },
    "Planning Time": 0.146,
    "Triggers": [],
    "Execution Time": 141.551
  }
]