{
  "Plan": {
    "Node Type": "Aggregate",
    "Strategy": "Plain",
    "Partial Mode": "Finalize",
    "Parallel Aware": false,
    "Startup Cost": 331536.73,
    "Total Cost": 331536.74,
    "Plan Rows": 1,
    "Plan Width": 8,
    "Actual Startup Time": 1519.414,
    "Actual Total Time": 1556.844,
    "Actual Rows": 1,
    "Actual Loops": 1,
    "Plans": [
      {
        "Node Type": "Gather",
        "Parent Relationship": "Outer",
        "Parallel Aware": false,
        "Startup Cost": 331536.61,
        "Total Cost": 331536.72,
        "Plan Rows": 1,
        "Plan Width": 8,
        "Actual Startup Time": 1519.14,
        "Actual Total Time": 1556.838,
        "Actual Rows": 2,
        "Actual Loops": 1,
        "Workers Planned": 1,
        "Workers Launched": 1,
        "Single Copy": false,
        "Plans": [
          {
            "Node Type": "Aggregate",
            "Strategy": "Plain",
            "Partial Mode": "Partial",
            "Parent Relationship": "Outer",
            "Parallel Aware": false,
            "Startup Cost": 330536.61,
            "Total Cost": 330536.62,
            "Plan Rows": 1,
            "Plan Width": 8,
            "Actual Startup Time": 1515.014,
            "Actual Total Time": 1515.017,
            "Actual Rows": 1,
            "Actual Loops": 2,
            "Plans": [
              {
                "Node Type": "Hash Join",
                "Parent Relationship": "Outer",
                "Parallel Aware": true,
                "Join Type": "Inner",
                "Startup Cost": 58512.36,
                "Total Cost": 330295.84,
                "Plan Rows": 96308,
                "Plan Width": 0,
                "Actual Startup Time": 162.558,
                "Actual Total Time": 1496.007,
                "Actual Rows": 465290,
                "Actual Loops": 2,
                "Inner Unique": true,
                "Hash Cond": "(mi.movie_id = t.id)",
                "Plans": [
                  {
                    "Node Type": "Seq Scan",
                    "Parent Relationship": "Outer",
                    "Parallel Aware": true,
                    "Relation Name": "movie_info",
                    "Alias": "mi",
                    "Startup Cost": 0.0,
                    "Total Cost": 248955.74,
                    "Plan Rows": 8696274,
                    "Plan Width": 4,
                    "Actual Startup Time": 0.008,
                    "Actual Total Time": 613.385,
                    "Actual Rows": 7417860,
                    "Actual Loops": 2
                  },
                  {
                    "Node Type": "Hash",
                    "Parent Relationship": "Inner",
                    "Parallel Aware": true,
                    "Startup Cost": 58306.47,
                    "Total Cost": 58306.47,
                    "Plan Rows": 16471,
                    "Plan Width": 4,
                    "Actual Startup Time": 141.351,
                    "Actual Total Time": 141.353,
                    "Actual Rows": 42629,
                    "Actual Loops": 2,
                    "Hash Buckets": 131072,
                    "Original Hash Buckets": 32768,
                    "Hash Batches": 1,
                    "Original Hash Batches": 1,
                    "Peak Memory Usage": 5152,
                    "Plans": [
                      {
                        "Node Type": "Seq Scan",
                        "Parent Relationship": "Outer",
                        "Parallel Aware": true,
                        "Relation Name": "title",
                        "Alias": "t",
                        "Startup Cost": 0.0,
                        "Total Cost": 58306.47,
                        "Plan Rows": 16471,
                        "Plan Width": 4,
                        "Actual Startup Time": 79.197,
                        "Actual Total Time": 130.458,
                        "Actual Rows": 42629,
                        "Actual Loops": 2,
                        "Filter": "((kind_id < 4) AND (production_year < 1920))",
                        "Rows Removed by Filter": 1221527
                      }
                    ]
                  }
                ]
              }
            ]
          }
        ]
      }
    ]
  },
  "Planning Time": 0.223,
  "Triggers": [],
  "Execution Time": 1556.893
}