[
  {
    "Plan": {
      "Node Type": "Aggregate",
      "Strategy": "Plain",
      "Partial Mode": "Finalize",
      "Parallel Aware": false,
      "Startup Cost": 349734.56,
      "Total Cost": 349734.57,
      "Plan Rows": 1,
      "Plan Width": 8,
      "Actual Startup Time": 690.952,
      "Actual Total Time": 744.116,
      "Actual Rows": 1,
      "Actual Loops": 1,
      "Plans": [
        {
          "Node Type": "Gather",
          "Parent Relationship": "Outer",
          "Parallel Aware": false,
          "Startup Cost": 349733.93,
          "Total Cost": 349734.54,
          "Plan Rows": 6,
          "Plan Width": 8,
          "Actual Startup Time": 690.658,
          "Actual Total Time": 744.101,
          "Actual Rows": 7,
          "Actual Loops": 1,
          "Workers Planned": 6,
          "Workers Launched": 6,
          "Single Copy": false,
          "Plans": [
            {
              "Node Type": "Aggregate",
              "Strategy": "Plain",
              "Partial Mode": "Partial",
              "Parent Relationship": "Outer",
              "Parallel Aware": false,
              "Startup Cost": 348733.93,
              "Total Cost": 348733.95,
              "Plan Rows": 1,
              "Plan Width": 8,
              "Actual Startup Time": 683.158,
              "Actual Total Time": 683.159,
              "Actual Rows": 1,
              "Actual Loops": 7,
              "Plans": [
                {
                  "Node Type": "Seq Scan",
                  "Parent Relationship": "Outer",
                  "Parallel Aware": true,
                  "Relation Name": "cast_info",
                  "Alias": "ci",
                  "Startup Cost": 0.0,
                  "Total Cost": 343316.27,
                  "Plan Rows": 2167066,
                  "Plan Width": 0,
                  "Actual Startup Time": 226.069,
                  "Actual Total Time": 631.562,
                  "Actual Rows": 1085167,
                  "Actual Loops": 7,
                  "Filter": "((person_id < 2036329) AND (role_id > 1))",
                  "Rows Removed by Filter": 4092596
                }
              ]
            }
          ]
        }
      ]
    },
    "Planning Time": 0.236,
    "Triggers": [],
    "Execution Time": 744.188
  }
]