[
  {
    "Plan": {
      "Node Type": "Aggregate",
      "Strategy": "Plain",
      "Partial Mode": "Finalize",
      "Parallel Aware": false,
      "Startup Cost": 662261.96,
      "Total Cost": 662261.97,
      "Plan Rows": 1,
      "Plan Width": 8,
      "Actual Startup Time": 7158.76,
      "Actual Total Time": 7247.486,
      "Actual Rows": 1,
      "Actual Loops": 1,
      "Plans": [
        {
          "Node Type": "Gather",
          "Parent Relationship": "Outer",
          "Parallel Aware": false,
          "Startup Cost": 662261.44,
          "Total Cost": 662261.95,
          "Plan Rows": 5,
          "Plan Width": 8,
          "Actual Startup Time": 7111.469,
          "Actual Total Time": 7247.471,
          "Actual Rows": 6,
          "Actual Loops": 1,
          "Workers Planned": 5,
          "Workers Launched": 5,
          "Single Copy": false,
          "Plans": [
            {
              "Node Type": "Aggregate",
              "Strategy": "Plain",
              "Partial Mode": "Partial",
              "Parent Relationship": "Outer",
              "Parallel Aware": false,
              "Startup Cost": 661261.44,
              "Total Cost": 661261.45,
              "Plan Rows": 1,
              "Plan Width": 8,
              "Actual Startup Time": 7064.845,
              "Actual Total Time": 7066.143,
              "Actual Rows": 1,
              "Actual Loops": 6,
              "Plans": [
                {
                  "Node Type": "Hash Join",
                  "Parent Relationship": "Outer",
                  "Parallel Aware": true,
                  "Join Type": "Inner",
                  "Startup Cost": 402742.4,
                  "Total Cost": 634060.95,
                  "Plan Rows": 10880197,
                  "Plan Width": 0,
                  "Actual Startup Time": 2661.253,
                  "Actual Total Time": 6224.222,
                  "Actual Rows": 19722802,
                  "Actual Loops": 6,
                  "Inner Unique": false,
                  "Hash Cond": "(mi.movie_id = t.id)",
                  "Plans": [
                    {
                      "Node Type": "Seq Scan",
                      "Parent Relationship": "Outer",
                      "Parallel Aware": true,
                      "Relation Name": "movie_info",
                      "Alias": "mi",
                      "Startup Cost": 0.0,
                      "Total Cost": 198952.16,
                      "Plan Rows": 2846545,
                      "Plan Width": 4,
                      "Actual Startup Time": 0.032,
                      "Actual Total Time": 367.973,
                      "Actual Rows": 2384826,
                      "Actual Loops": 6,
                      "Filter": "(info_type_id < 103)",
                      "Rows Removed by Filter": 87794
                    },
                    {
                      "Node Type": "Hash",
                      "Parent Relationship": "Inner",
                      "Parallel Aware": true,
                      "Startup Cost": 382609.57,
                      "Total Cost": 382609.57,
                      "Plan Rows": 1610626,
                      "Plan Width": 8,
                      "Actual Startup Time": 2637.376,
                      "Actual Total Time": 2638.672,
                      "Actual Rows": 1595595,
                      "Actual Loops": 6,
                      "Hash Buckets": 16777216,
                      "Original Hash Buckets": 16777216,
                      "Hash Batches": 1,
                      "Original Hash Batches": 1,
                      "Peak Memory Usage": 505664,
                      "Plans": [
                        {
                          "Node Type": "Hash Join",
                          "Parent Relationship": "Outer",
                          "Parallel Aware": true,
                          "Join Type": "Inner",
                          "Startup Cost": 50219.64,
                          "Total Cost": 382609.57,
                          "Plan Rows": 1610626,
                          "Plan Width": 8,
                          "Actual Startup Time": 635.521,
                          "Actual Total Time": 1791.887,
                          "Actual Rows": 1595595,
                          "Actual Loops": 6,
                          "Inner Unique": true,
                          "Hash Cond": "(ci.movie_id = t.id)",
                          "Plans": [
                            {
                              "Node Type": "Seq Scan",
                              "Parent Relationship": "Outer",
                              "Parallel Aware": true,
                              "Relation Name": "cast_info",
                              "Alias": "ci",
                              "Startup Cost": 0.0,
                              "Total Cost": 328162.03,
                              "Plan Rows": 1610626,
                              "Plan Width": 4,
                              "Actual Startup Time": 319.992,
                              "Actual Total Time": 642.979,
                              "Actual Rows": 1595595,
                              "Actual Loops": 6,
                              "Filter": "(person_id > 2749302)",
                              "Rows Removed by Filter": 4445129
                            },
                            {
                              "Node Type": "Hash",
                              "Parent Relationship": "Inner",
                              "Parallel Aware": true,
                              "Startup Cost": 42318.73,
                              "Total Cost": 42318.73,
                              "Plan Rows": 632073,
                              "Plan Width": 4,
                              "Actual Startup Time": 310.097,
                              "Actual Total Time": 310.098,
                              "Actual Rows": 421385,
                              "Actual Loops": 6,
                              "Hash Buckets": 4194304,
                              "Original Hash Buckets": 4194304,
                              "Hash Batches": 1,
                              "Original Hash Batches": 1,
                              "Peak Memory Usage": 131744,
                              "Plans": [
                                {
                                  "Node Type": "Seq Scan",
                                  "Parent Relationship": "Outer",
                                  "Parallel Aware": true,
                                  "Relation Name": "title",
                                  "Alias": "t",
                                  "Startup Cost": 0.0,
                                  "Total Cost": 42318.73,
                                  "Plan Rows": 632073,
                                  "Plan Width": 4,
                                  "Actual Startup Time": 0.056,
                                  "Actual Total Time": 83.441,
                                  "Actual Rows": 421385,
                                  "Actual Loops": 6
                                }
                              ]
                            }
                          ]
                        }
                      ]
                    }
                  ]
                }
              ]
            }
          ]
        }
      ]
    },
    "Planning Time": 1.312,
    "Triggers": [],
    "Execution Time": 7247.574
  }
]