[
  {
    "Plan": {
      "Node Type": "Aggregate",
      "Strategy": "Plain",
      "Partial Mode": "Finalize",
      "Parallel Aware": false,
      "Startup Cost": 60580.68,
      "Total Cost": 60580.69,
      "Plan Rows": 1,
      "Plan Width": 8,
      "Actual Startup Time": 208.43,
      "Actual Total Time": 221.553,
      "Actual Rows": 1,
      "Actual Loops": 1,
      "Plans": [
        {
          "Node Type": "Gather",
          "Parent Relationship": "Outer",
          "Parallel Aware": false,
          "Startup Cost": 60580.47,
          "Total Cost": 60580.68,
          "Plan Rows": 2,
          "Plan Width": 8,
          "Actual Startup Time": 207.632,
          "Actual Total Time": 221.544,
          "Actual Rows": 3,
          "Actual Loops": 1,
          "Workers Planned": 2,
          "Workers Launched": 2,
          "Single Copy": false,
          "Plans": [
            {
              "Node Type": "Aggregate",
              "Strategy": "Plain",
              "Partial Mode": "Partial",
              "Parent Relationship": "Outer",
              "Parallel Aware": false,
              "Startup Cost": 59580.47,
              "Total Cost": 59580.48,
              "Plan Rows": 1,
              "Plan Width": 8,
              "Actual Startup Time": 200.808,
              "Actual Total Time": 200.812,
              "Actual Rows": 1,
              "Actual Loops": 3,
              "Plans": [
                {
                  "Node Type": "Hash Join",
                  "Parent Relationship": "Outer",
                  "Parallel Aware": true,
                  "Join Type": "Inner",
                  "Startup Cost": 44310.94,
                  "Total Cost": 59505.5,
                  "Plan Rows": 29987,
                  "Plan Width": 0,
                  "Actual Startup Time": 143.916,
                  "Actual Total Time": 200.143,
                  "Actual Rows": 15132,
                  "Actual Loops": 3,
                  "Inner Unique": true,
                  "Hash Cond": "(mi_idx.movie_id = t.id)",
                  "Plans": [
                    {
                      "Node Type": "Seq Scan",
                      "Parent Relationship": "Outer",
                      "Parallel Aware": true,
                      "Relation Name": "movie_info_idx",
                      "Alias": "mi_idx",
                      "Startup Cost": 0.0,
                      "Total Cost": 13685.15,
                      "Plan Rows": 575015,
                      "Plan Width": 4,
                      "Actual Startup Time": 0.02,
                      "Actual Total Time": 34.161,
                      "Actual Rows": 460012,
                      "Actual Loops": 3
                    },
                    {
                      "Node Type": "Hash",
                      "Parent Relationship": "Inner",
                      "Parallel Aware": true,
                      "Startup Cost": 43898.92,
                      "Total Cost": 43898.92,
                      "Plan Rows": 32962,
                      "Plan Width": 4,
                      "Actual Startup Time": 120.402,
                      "Actual Total Time": 120.403,
                      "Actual Rows": 44374,
                      "Actual Loops": 3,
                      "Hash Buckets": 262144,
                      "Original Hash Buckets": 262144,
                      "Hash Batches": 1,
                      "Original Hash Batches": 1,
                      "Peak Memory Usage": 7296,
                      "Plans": [
                        {
                          "Node Type": "Seq Scan",
                          "Parent Relationship": "Outer",
                          "Parallel Aware": true,
                          "Relation Name": "title",
                          "Alias": "t",
                          "Startup Cost": 0.0,
                          "Total Cost": 43898.92,
                          "Plan Rows": 32962,
                          "Plan Width": 4,
                          "Actual Startup Time": 32.321,
                          "Actual Total Time": 107.442,
                          "Actual Rows": 44374,
                          "Actual Loops": 3,
                          "Filter": "(production_year < 1937)",
                          "Rows Removed by Filter": 798396
                        }
                      ]
                    }
                  ]
                }
              ]
            }
          ]
        }
      ]
    },
    "Planning Time": 0.543,
    "Triggers": [],
    "Execution Time": 221.628
  }
]