[
  {
    "Plan": {
      "Node Type": "Aggregate",
      "Strategy": "Plain",
      "Partial Mode": "Finalize",
      "Parallel Aware": false,
      "Startup Cost": 258113.69,
      "Total Cost": 258113.7,
      "Plan Rows": 1,
      "Plan Width": 8,
      "Actual Startup Time": 530.212,
      "Actual Total Time": 572.57,
      "Actual Rows": 1,
      "Actual Loops": 1,
      "Plans": [
        {
          "Node Type": "Gather",
          "Parent Relationship": "Outer",
          "Parallel Aware": false,
          "Startup Cost": 258113.27,
          "Total Cost": 258113.68,
          "Plan Rows": 4,
          "Plan Width": 8,
          "Actual Startup Time": 527.37,
          "Actual Total Time": 572.556,
          "Actual Rows": 5,
          "Actual Loops": 1,
          "Workers Planned": 4,
          "Workers Launched": 4,
          "Single Copy": false,
          "Plans": [
            {
              "Node Type": "Aggregate",
              "Strategy": "Plain",
              "Partial Mode": "Partial",
              "Parent Relationship": "Outer",
              "Parallel Aware": false,
              "Startup Cost": 257113.27,
              "Total Cost": 257113.28,
              "Plan Rows": 1,
              "Plan Width": 8,
              "Actual Startup Time": 520.046,
              "Actual Total Time": 520.049,
              "Actual Rows": 1,
              "Actual Loops": 5,
              "Plans": [
                {
                  "Node Type": "Hash Join",
                  "Parent Relationship": "Outer",
                  "Parallel Aware": true,
                  "Join Type": "Inner",
                  "Startup Cost": 207802.61,
                  "Total Cost": 256710.95,
                  "Plan Rows": 160929,
                  "Plan Width": 0,
                  "Actual Startup Time": 332.236,
                  "Actual Total Time": 516.713,
                  "Actual Rows": 65531,
                  "Actual Loops": 5,
                  "Inner Unique": false,
                  "Hash Cond": "(t.id = ci.movie_id)",
                  "Plans": [
                    {
                      "Node Type": "Seq Scan",
                      "Parent Relationship": "Outer",
                      "Parallel Aware": true,
                      "Relation Name": "title",
                      "Alias": "t",
                      "Startup Cost": 0.0,
                      "Total Cost": 42319.06,
                      "Plan Rows": 632106,
                      "Plan Width": 4,
                      "Actual Startup Time": 0.018,
                      "Actual Total Time": 72.278,
                      "Actual Rows": 505662,
                      "Actual Loops": 5
                    },
                    {
                      "Node Type": "Hash",
                      "Parent Relationship": "Inner",
                      "Parallel Aware": true,
                      "Startup Cost": 206461.54,
                      "Total Cost": 206461.54,
                      "Plan Rows": 107286,
                      "Plan Width": 4,
                      "Actual Startup Time": 329.732,
                      "Actual Total Time": 329.733,
                      "Actual Rows": 65531,
                      "Actual Loops": 5,
                      "Hash Buckets": 1048576,
                      "Original Hash Buckets": 1048576,
                      "Hash Batches": 1,
                      "Original Hash Batches": 1,
                      "Peak Memory Usage": 21056,
                      "Plans": [
                        {
                          "Node Type": "Index Scan",
                          "Parent Relationship": "Outer",
                          "Parallel Aware": true,
                          "Scan Direction": "Forward",
                          "Index Name": "role_id_cast_info",
                          "Relation Name": "cast_info",
                          "Alias": "ci",
                          "Startup Cost": 0.56,
                          "Total Cost": 206461.54,
                          "Plan Rows": 107286,
                          "Plan Width": 4,
                          "Actual Startup Time": 0.186,
                          "Actual Total Time": 303.404,
                          "Actual Rows": 65531,
                          "Actual Loops": 5,
                          "Index Cond": "(role_id > 6)",
                          "Rows Removed by Index Recheck": 0,
                          "Filter": "(person_id < 303816)",
                          "Rows Removed by Filter": 1476997
                        }
                      ]
                    }
                  ]
                }
              ]
            }
          ]
        }
      ]
    },
    "Planning Time": 0.314,
    "Triggers": [],
    "Execution Time": 572.624
  }
]