[
  {
    "Plan": {
      "Node Type": "Aggregate",
      "Strategy": "Plain",
      "Partial Mode": "Finalize",
      "Parallel Aware": false,
      "Startup Cost": 260739.94,
      "Total Cost": 260739.95,
      "Plan Rows": 1,
      "Plan Width": 8,
      "Actual Startup Time": 482.944,
      "Actual Total Time": 506.848,
      "Actual Rows": 1,
      "Actual Loops": 1,
      "Plans": [
        {
          "Node Type": "Gather",
          "Parent Relationship": "Outer",
          "Parallel Aware": false,
          "Startup Cost": 260739.52,
          "Total Cost": 260739.93,
          "Plan Rows": 4,
          "Plan Width": 8,
          "Actual Startup Time": 480.981,
          "Actual Total Time": 506.841,
          "Actual Rows": 5,
          "Actual Loops": 1,
          "Workers Planned": 4,
          "Workers Launched": 4,
          "Single Copy": false,
          "Plans": [
            {
              "Node Type": "Aggregate",
              "Strategy": "Plain",
              "Partial Mode": "Partial",
              "Parent Relationship": "Outer",
              "Parallel Aware": false,
              "Startup Cost": 259739.52,
              "Total Cost": 259739.53,
              "Plan Rows": 1,
              "Plan Width": 8,
              "Actual Startup Time": 470.643,
              "Actual Total Time": 470.646,
              "Actual Rows": 1,
              "Actual Loops": 5,
              "Plans": [
                {
                  "Node Type": "Hash Join",
                  "Parent Relationship": "Outer",
                  "Parallel Aware": true,
                  "Join Type": "Inner",
                  "Startup Cost": 210413.63,
                  "Total Cost": 259327.67,
                  "Plan Rows": 164743,
                  "Plan Width": 0,
                  "Actual Startup Time": 293.75,
                  "Actual Total Time": 467.052,
                  "Actual Rows": 65531,
                  "Actual Loops": 5,
                  "Inner Unique": false,
                  "Hash Cond": "(t.id = ci.movie_id)",
                  "Plans": [
                    {
                      "Node Type": "Seq Scan",
                      "Parent Relationship": "Outer",
                      "Parallel Aware": true,
                      "Relation Name": "title",
                      "Alias": "t",
                      "Startup Cost": 0.0,
                      "Total Cost": 42318.73,
                      "Plan Rows": 632073,
                      "Plan Width": 4,
                      "Actual Startup Time": 0.021,
                      "Actual Total Time": 67.24,
                      "Actual Rows": 505662,
                      "Actual Loops": 5
                    },
                    {
                      "Node Type": "Hash",
                      "Parent Relationship": "Inner",
                      "Parallel Aware": true,
                      "Startup Cost": 209040.78,
                      "Total Cost": 209040.78,
                      "Plan Rows": 109828,
                      "Plan Width": 4,
                      "Actual Startup Time": 289.338,
                      "Actual Total Time": 289.339,
                      "Actual Rows": 65531,
                      "Actual Loops": 5,
                      "Hash Buckets": 1048576,
                      "Original Hash Buckets": 1048576,
                      "Hash Batches": 1,
                      "Original Hash Batches": 1,
                      "Peak Memory Usage": 21120,
                      "Plans": [
                        {
                          "Node Type": "Index Scan",
                          "Parent Relationship": "Outer",
                          "Parallel Aware": true,
                          "Scan Direction": "Forward",
                          "Index Name": "role_id_cast_info",
                          "Relation Name": "cast_info",
                          "Alias": "ci",
                          "Startup Cost": 0.56,
                          "Total Cost": 209040.78,
                          "Plan Rows": 109828,
                          "Plan Width": 4,
                          "Actual Startup Time": 0.364,
                          "Actual Total Time": 257.737,
                          "Actual Rows": 65531,
                          "Actual Loops": 5,
                          "Index Cond": "(role_id > 6)",
                          "Rows Removed by Index Recheck": 0,
                          "Filter": "(person_id < 303816)",
                          "Rows Removed by Filter": 1476997
                        }
                      ]
                    }
                  ]
                }
              ]
            }
          ]
        }
      ]
    },
    "Planning Time": 0.62,
    "Triggers": [],
    "Execution Time": 506.931
  }
]