[
  {
    "Plan": {
      "Node Type": "Aggregate",
      "Strategy": "Plain",
      "Partial Mode": "Finalize",
      "Parallel Aware": false,
      "Startup Cost": 89168.5,
      "Total Cost": 89168.51,
      "Plan Rows": 1,
      "Plan Width": 8,
      "Actual Startup Time": 239.417,
      "Actual Total Time": 258.279,
      "Actual Rows": 1,
      "Actual Loops": 1,
      "Plans": [
        {
          "Node Type": "Gather",
          "Parent Relationship": "Outer",
          "Parallel Aware": false,
          "Startup Cost": 89168.18,
          "Total Cost": 89168.49,
          "Plan Rows": 3,
          "Plan Width": 8,
          "Actual Startup Time": 239.031,
          "Actual Total Time": 258.267,
          "Actual Rows": 4,
          "Actual Loops": 1,
          "Workers Planned": 3,
          "Workers Launched": 3,
          "Single Copy": false,
          "Plans": [
            {
              "Node Type": "Aggregate",
              "Strategy": "Plain",
              "Partial Mode": "Partial",
              "Parent Relationship": "Outer",
              "Parallel Aware": false,
              "Startup Cost": 88168.18,
              "Total Cost": 88168.19,
              "Plan Rows": 1,
              "Plan Width": 8,
              "Actual Startup Time": 230.293,
              "Actual Total Time": 230.296,
              "Actual Rows": 1,
              "Actual Loops": 4,
              "Plans": [
                {
                  "Node Type": "Hash Join",
                  "Parent Relationship": "Outer",
                  "Parallel Aware": true,
                  "Join Type": "Inner",
                  "Startup Cost": 44165.7,
                  "Total Cost": 88127.46,
                  "Plan Rows": 16286,
                  "Plan Width": 0,
                  "Actual Startup Time": 103.942,
                  "Actual Total Time": 229.658,
                  "Actual Rows": 12781,
                  "Actual Loops": 4,
                  "Inner Unique": true,
                  "Hash Cond": "(mk.movie_id = t.id)",
                  "Plans": [
                    {
                      "Node Type": "Seq Scan",
                      "Parent Relationship": "Outer",
                      "Parallel Aware": true,
                      "Relation Name": "movie_keyword",
                      "Alias": "mk",
                      "Startup Cost": 0.0,
                      "Total Cost": 42695.65,
                      "Plan Rows": 482327,
                      "Plan Width": 4,
                      "Actual Startup Time": 0.659,
                      "Actual Total Time": 95.38,
                      "Actual Rows": 376057,
                      "Actual Loops": 4,
                      "Filter": "(keyword_id > 10771)",
                      "Rows Removed by Filter": 754925
                    },
                    {
                      "Node Type": "Hash",
                      "Parent Relationship": "Inner",
                      "Parallel Aware": true,
                      "Startup Cost": 43898.92,
                      "Total Cost": 43898.92,
                      "Plan Rows": 21343,
                      "Plan Width": 4,
                      "Actual Startup Time": 101.33,
                      "Actual Total Time": 101.331,
                      "Actual Rows": 21148,
                      "Actual Loops": 4,
                      "Hash Buckets": 131072,
                      "Original Hash Buckets": 131072,
                      "Hash Batches": 1,
                      "Original Hash Batches": 1,
                      "Peak Memory Usage": 4416,
                      "Plans": [
                        {
                          "Node Type": "Seq Scan",
                          "Parent Relationship": "Outer",
                          "Parallel Aware": true,
                          "Relation Name": "title",
                          "Alias": "t",
                          "Startup Cost": 0.0,
                          "Total Cost": 43898.92,
                          "Plan Rows": 21343,
                          "Plan Width": 4,
                          "Actual Startup Time": 0.045,
                          "Actual Total Time": 92.732,
                          "Actual Rows": 21148,
                          "Actual Loops": 4,
                          "Filter": "(production_year = 2004)",
                          "Rows Removed by Filter": 610930
                        }
                      ]
                    }
                  ]
                }
              ]
            }
          ]
        }
      ]
    },
    "Planning Time": 0.577,
    "Triggers": [],
    "Execution Time": 258.346
  }
]