[
    {
        "Bao": {
            "Bao prediction": "NaN",
            "Bao recommended hint": "(no hint)"
        }
    },
    {
        "Plan": {
            "Node Type": "Aggregate",
            "Strategy": "Plain",
            "Partial Mode": "Finalize",
            "Parallel Aware": false,
            "Startup Cost": 33235.41,
            "Total Cost": 33235.42,
            "Plan Rows": 1,
            "Plan Width": 8,
            "Actual Startup Time": 98.253,
            "Actual Total Time": 103.922,
            "Actual Rows": 1,
            "Actual Loops": 1,
            "Output": [
                "count(*)"
            ],
            "Plans": [
                {
                    "Node Type": "Gather",
                    "Parent Relationship": "Outer",
                    "Parallel Aware": false,
                    "Startup Cost": 33235.1,
                    "Total Cost": 33235.41,
                    "Plan Rows": 3,
                    "Plan Width": 8,
                    "Actual Startup Time": 98.151,
                    "Actual Total Time": 103.915,
                    "Actual Rows": 4,
                    "Actual Loops": 1,
                    "Output": [
                        "(PARTIAL count(*))"
                    ],
                    "Workers Planned": 3,
                    "Workers Launched": 3,
                    "Single Copy": false,
                    "Plans": [
                        {
                            "Node Type": "Aggregate",
                            "Strategy": "Plain",
                            "Partial Mode": "Partial",
                            "Parent Relationship": "Outer",
                            "Parallel Aware": false,
                            "Startup Cost": 32235.1,
                            "Total Cost": 32235.11,
                            "Plan Rows": 1,
                            "Plan Width": 8,
                            "Actual Startup Time": 90.266,
                            "Actual Total Time": 90.267,
                            "Actual Rows": 1,
                            "Actual Loops": 4,
                            "Output": [
                                "PARTIAL count(*)"
                            ],
                            "Workers": [
                                {
                                    "Worker Number": 0,
                                    "Actual Startup Time": 87.544,
                                    "Actual Total Time": 87.545,
                                    "Actual Rows": 1,
                                    "Actual Loops": 1
                                },
                                {
                                    "Worker Number": 1,
                                    "Actual Startup Time": 87.652,
                                    "Actual Total Time": 87.654,
                                    "Actual Rows": 1,
                                    "Actual Loops": 1
                                },
                                {
                                    "Worker Number": 2,
                                    "Actual Startup Time": 87.98,
                                    "Actual Total Time": 87.981,
                                    "Actual Rows": 1,
                                    "Actual Loops": 1
                                }
                            ],
                            "Plans": [
                                {
                                    "Node Type": "Seq Scan",
                                    "Parent Relationship": "Outer",
                                    "Parallel Aware": true,
                                    "Relation Name": "movie_companies",
                                    "Schema": "public",
                                    "Alias": "mc",
                                    "Startup Cost": 0.0,
                                    "Total Cost": 31414.82,
                                    "Plan Rows": 328111,
                                    "Plan Width": 0,
                                    "Actual Startup Time": 0.213,
                                    "Actual Total Time": 77.937,
                                    "Actual Rows": 221509,
                                    "Actual Loops": 4,
                                    "Output": [
                                        "id",
                                        "movie_id",
                                        "company_id",
                                        "company_type_id",
                                        "note"
                                    ],
                                    "Filter": "((mc.company_id > 494) AND (mc.company_type_id < 2))",
                                    "Rows Removed by Filter": 430773,
                                    "Workers": [
                                        {
                                            "Worker Number": 0,
                                            "Actual Startup Time": 0.164,
                                            "Actual Total Time": 76.32,
                                            "Actual Rows": 146898,
                                            "Actual Loops": 1
                                        },
                                        {
                                            "Worker Number": 1,
                                            "Actual Startup Time": 0.055,
                                            "Actual Total Time": 76.539,
                                            "Actual Rows": 200505,
                                            "Actual Loops": 1
                                        },
                                        {
                                            "Worker Number": 2,
                                            "Actual Startup Time": 0.237,
                                            "Actual Total Time": 76.665,
                                            "Actual Rows": 200867,
                                            "Actual Loops": 1
                                        }
                                    ]
                                }
                            ]
                        }
                    ]
                }
            ]
        },
        "Planning Time": 183.574,
        "Triggers": [],
        "Execution Time": 103.963
    }
]