{
  "Plan": {
    "Node Type": "Aggregate",
    "Strategy": "Plain",
    "Partial Mode": "Finalize",
    "Parallel Aware": false,
    "Startup Cost": 2630991.33,
    "Total Cost": 2630991.34,
    "Plan Rows": 1,
    "Plan Width": 8,
    "Actual Startup Time": 15000.48,
    "Actual Total Time": 15000.557,
    "Actual Rows": 1,
    "Actual Loops": 1,
    "Plans": [
      {
        "Node Type": "Gather",
        "Parent Relationship": "Outer",
        "Parallel Aware": false,
        "Startup Cost": 2630991.21,
        "Total Cost": 2630991.32,
        "Plan Rows": 1,
        "Plan Width": 8,
        "Actual Startup Time": 15000.469,
        "Actual Total Time": 15000.551,
        "Actual Rows": 2,
        "Actual Loops": 1,
        "Workers Planned": 1,
        "Workers Launched": 1,
        "Single Copy": false,
        "Plans": [
          {
            "Node Type": "Aggregate",
            "Strategy": "Plain",
            "Partial Mode": "Partial",
            "Parent Relationship": "Outer",
            "Parallel Aware": false,
            "Startup Cost": 2629991.21,
            "Total Cost": 2629991.22,
            "Plan Rows": 1,
            "Plan Width": 8,
            "Actual Startup Time": 14100.048,
            "Actual Total Time": 14100.053,
            "Actual Rows": 1,
            "Actual Loops": 2,
            "Plans": [
              {
                "Node Type": "Merge Join",
                "Parent Relationship": "Outer",
                "Parallel Aware": false,
                "Join Type": "Inner",
                "Startup Cost": 2352676.8,
                "Total Cost": 2595859.54,
                "Plan Rows": 13652671,
                "Plan Width": 0,
                "Actual Startup Time": 8912.223,
                "Actual Total Time": 13134.911,
                "Actual Rows": 22407256,
                "Actual Loops": 2,
                "Inner Unique": false,
                "Merge Cond": "(ci.movie_id = t.id)",
                "Plans": [
                  {
                    "Node Type": "Sort",
                    "Parent Relationship": "Outer",
                    "Parallel Aware": false,
                    "Startup Cost": 1397726.17,
                    "Total Cost": 1416933.28,
                    "Plan Rows": 7682846,
                    "Plan Width": 4,
                    "Actual Startup Time": 3095.588,
                    "Actual Total Time": 3962.409,
                    "Actual Rows": 6511026,
                    "Actual Loops": 2,
                    "Sort Key": [
                      "ci.movie_id"
                    ],
                    "Sort Method": "quicksort",
                    "Sort Space Used": 506078,
                    "Sort Space Type": "Memory",
                    "Workers": [
                      {
                        "Worker Number": 0,
                        "Sort Method": "quicksort",
                        "Sort Space Used": 497548,
                        "Sort Space Type": "Memory"
                      }
                    ],
                    "Plans": [
                      {
                        "Node Type": "Seq Scan",
                        "Parent Relationship": "Outer",
                        "Parallel Aware": true,
                        "Relation Name": "cast_info",
                        "Alias": "ci",
                        "Startup Cost": 0.0,
                        "Total Cost": 519069.44,
                        "Plan Rows": 7682846,
                        "Plan Width": 4,
                        "Actual Startup Time": 587.291,
                        "Actual Total Time": 1512.015,
                        "Actual Rows": 6511026,
                        "Actual Loops": 2,
                        "Filter": "(person_id > 2374252)",
                        "Rows Removed by Filter": 11611146
                      }
                    ]
                  },
                  {
                    "Node Type": "Sort",
                    "Parent Relationship": "Inner",
                    "Parallel Aware": false,
                    "Startup Cost": 954949.81,
                    "Total Cost": 966181.96,
                    "Plan Rows": 4492860,
                    "Plan Width": 8,
                    "Actual Startup Time": 5816.58,
                    "Actual Total Time": 6657.451,
                    "Actual Rows": 23119421,
                    "Actual Loops": 2,
                    "Sort Key": [
                      "mi.movie_id"
                    ],
                    "Sort Method": "quicksort",
                    "Sort Space Used": 271762,
                    "Sort Space Type": "Memory",
                    "Workers": [
                      {
                        "Worker Number": 0,
                        "Sort Method": "quicksort",
                        "Sort Space Used": 271762,
                        "Sort Space Type": "Memory"
                      }
                    ],
                    "Plans": [
                      {
                        "Node Type": "Hash Join",
                        "Parent Relationship": "Outer",
                        "Parallel Aware": false,
                        "Join Type": "Inner",
                        "Startup Cost": 78990.49,
                        "Total Cost": 458506.7,
                        "Plan Rows": 4492860,
                        "Plan Width": 8,
                        "Actual Startup Time": 446.482,
                        "Actual Total Time": 4950.106,
                        "Actual Rows": 3700425,
                        "Actual Loops": 2,
                        "Inner Unique": true,
                        "Hash Cond": "(mi.movie_id = t.id)",
                        "Plans": [
                          {
                            "Node Type": "Seq Scan",
                            "Parent Relationship": "Outer",
                            "Parallel Aware": false,
                            "Relation Name": "movie_info",
                            "Alias": "mi",
                            "Startup Cost": 0.0,
                            "Total Cost": 346788.81,
                            "Plan Rows": 12467558,
                            "Plan Width": 4,
                            "Actual Startup Time": 0.049,
                            "Actual Total Time": 1568.151,
                            "Actual Rows": 12601870,
                            "Actual Loops": 2,
                            "Filter": "(info_type_id < 17)",
                            "Rows Removed by Filter": 2233850
                          },
                          {
                            "Node Type": "Hash",
                            "Parent Relationship": "Inner",
                            "Parallel Aware": false,
                            "Startup Cost": 67601.66,
                            "Total Cost": 67601.66,
                            "Plan Rows": 911106,
                            "Plan Width": 4,
                            "Actual Startup Time": 440.54,
                            "Actual Total Time": 440.541,
                            "Actual Rows": 904491,
                            "Actual Loops": 2,
                            "Hash Buckets": 1048576,
                            "Original Hash Buckets": 1048576,
                            "Hash Batches": 1,
                            "Original Hash Batches": 1,
                            "Peak Memory Usage": 39991,
                            "Plans": [
                              {
                                "Node Type": "Seq Scan",
                                "Parent Relationship": "Outer",
                                "Parallel Aware": false,
                                "Relation Name": "title",
                                "Alias": "t",
                                "Startup Cost": 0.0,
                                "Total Cost": 67601.66,
                                "Plan Rows": 911106,
                                "Plan Width": 4,
                                "Actual Startup Time": 0.027,
                                "Actual Total Time": 259.345,
                                "Actual Rows": 904491,
                                "Actual Loops": 2,
                                "Filter": "(production_year > 2006)",
                                "Rows Removed by Filter": 1623821
                              }
                            ]
                          }
                        ]
                      }
                    ]
                  }
                ]
              }
            ]
          }
        ]
      }
    ]
  },
  "Planning Time": 1.084,
  "Triggers": [],
  "Execution Time": 15041.62
}