[
    {
        "Bao": {
            "Bao prediction": "NaN",
            "Bao recommended hint": "(no hint)"
        }
    },
    {
        "Plan": {
            "Node Type": "Aggregate",
            "Strategy": "Plain",
            "Partial Mode": "Finalize",
            "Parallel Aware": false,
            "Startup Cost": 241644.2,
            "Total Cost": 241644.21,
            "Plan Rows": 1,
            "Plan Width": 8,
            "Actual Startup Time": 216.966,
            "Actual Total Time": 238.754,
            "Actual Rows": 1,
            "Actual Loops": 1,
            "Output": [
                "count(*)"
            ],
            "Plans": [
                {
                    "Node Type": "Gather",
                    "Parent Relationship": "Outer",
                    "Parallel Aware": false,
                    "Startup Cost": 241643.67,
                    "Total Cost": 241644.18,
                    "Plan Rows": 5,
                    "Plan Width": 8,
                    "Actual Startup Time": 215.765,
                    "Actual Total Time": 238.744,
                    "Actual Rows": 6,
                    "Actual Loops": 1,
                    "Output": [
                        "(PARTIAL count(*))"
                    ],
                    "Workers Planned": 5,
                    "Workers Launched": 5,
                    "Single Copy": false,
                    "Plans": [
                        {
                            "Node Type": "Aggregate",
                            "Strategy": "Plain",
                            "Partial Mode": "Partial",
                            "Parent Relationship": "Outer",
                            "Parallel Aware": false,
                            "Startup Cost": 240643.67,
                            "Total Cost": 240643.68,
                            "Plan Rows": 1,
                            "Plan Width": 8,
                            "Actual Startup Time": 205.631,
                            "Actual Total Time": 205.635,
                            "Actual Rows": 1,
                            "Actual Loops": 6,
                            "Output": [
                                "PARTIAL count(*)"
                            ],
                            "Workers": [
                                {
                                    "Worker Number": 0,
                                    "Actual Startup Time": 203.801,
                                    "Actual Total Time": 203.805,
                                    "Actual Rows": 1,
                                    "Actual Loops": 1
                                },
                                {
                                    "Worker Number": 1,
                                    "Actual Startup Time": 203.053,
                                    "Actual Total Time": 203.057,
                                    "Actual Rows": 1,
                                    "Actual Loops": 1
                                },
                                {
                                    "Worker Number": 2,
                                    "Actual Startup Time": 203.492,
                                    "Actual Total Time": 203.496,
                                    "Actual Rows": 1,
                                    "Actual Loops": 1
                                },
                                {
                                    "Worker Number": 3,
                                    "Actual Startup Time": 204.059,
                                    "Actual Total Time": 204.062,
                                    "Actual Rows": 1,
                                    "Actual Loops": 1
                                },
                                {
                                    "Worker Number": 4,
                                    "Actual Startup Time": 204.228,
                                    "Actual Total Time": 204.231,
                                    "Actual Rows": 1,
                                    "Actual Loops": 1
                                }
                            ],
                            "Plans": [
                                {
                                    "Node Type": "Nested Loop",
                                    "Parent Relationship": "Outer",
                                    "Parallel Aware": false,
                                    "Join Type": "Inner",
                                    "Startup Cost": 47601.4,
                                    "Total Cost": 240555.75,
                                    "Plan Rows": 35168,
                                    "Plan Width": 0,
                                    "Actual Startup Time": 96.771,
                                    "Actual Total Time": 200.241,
                                    "Actual Rows": 90403,
                                    "Actual Loops": 6,
                                    "Inner Unique": false,
                                    "Workers": [
                                        {
                                            "Worker Number": 0,
                                            "Actual Startup Time": 94.588,
                                            "Actual Total Time": 198.416,
                                            "Actual Rows": 56652,
                                            "Actual Loops": 1
                                        },
                                        {
                                            "Worker Number": 1,
                                            "Actual Startup Time": 94.101,
                                            "Actual Total Time": 198.03,
                                            "Actual Rows": 89693,
                                            "Actual Loops": 1
                                        },
                                        {
                                            "Worker Number": 2,
                                            "Actual Startup Time": 96.696,
                                            "Actual Total Time": 198.073,
                                            "Actual Rows": 57412,
                                            "Actual Loops": 1
                                        },
                                        {
                                            "Worker Number": 3,
                                            "Actual Startup Time": 94.662,
                                            "Actual Total Time": 199.058,
                                            "Actual Rows": 91406,
                                            "Actual Loops": 1
                                        },
                                        {
                                            "Worker Number": 4,
                                            "Actual Startup Time": 94.806,
                                            "Actual Total Time": 198.955,
                                            "Actual Rows": 98277,
                                            "Actual Loops": 1
                                        }
                                    ],
                                    "Plans": [
                                        {
                                            "Node Type": "Hash Join",
                                            "Parent Relationship": "Outer",
                                            "Parallel Aware": true,
                                            "Join Type": "Inner",
                                            "Startup Cost": 47600.83,
                                            "Total Cost": 216950.76,
                                            "Plan Rows": 2453,
                                            "Plan Width": 8,
                                            "Actual Startup Time": 96.676,
                                            "Actual Total Time": 108.363,
                                            "Actual Rows": 1476,
                                            "Actual Loops": 6,
                                            "Output": [
                                                "t.id",
                                                "mi.movie_id"
                                            ],
                                            "Inner Unique": true,
                                            "Hash Cond": "(mi.movie_id = t.id)",
                                            "Workers": [
                                                {
                                                    "Worker Number": 0,
                                                    "Actual Startup Time": 94.475,
                                                    "Actual Total Time": 105.779,
                                                    "Actual Rows": 972,
                                                    "Actual Loops": 1
                                                },
                                                {
                                                    "Worker Number": 1,
                                                    "Actual Startup Time": 93.985,
                                                    "Actual Total Time": 105.191,
                                                    "Actual Rows": 1504,
                                                    "Actual Loops": 1
                                                },
                                                {
                                                    "Worker Number": 2,
                                                    "Actual Startup Time": 96.585,
                                                    "Actual Total Time": 104.711,
                                                    "Actual Rows": 916,
                                                    "Actual Loops": 1
                                                },
                                                {
                                                    "Worker Number": 3,
                                                    "Actual Startup Time": 94.567,
                                                    "Actual Total Time": 106.134,
                                                    "Actual Rows": 1522,
                                                    "Actual Loops": 1
                                                },
                                                {
                                                    "Worker Number": 4,
                                                    "Actual Startup Time": 94.703,
                                                    "Actual Total Time": 106.057,
                                                    "Actual Rows": 1453,
                                                    "Actual Loops": 1
                                                }
                                            ],
                                            "Plans": [
                                                {
                                                    "Node Type": "Bitmap Heap Scan",
                                                    "Parent Relationship": "Outer",
                                                    "Parallel Aware": true,
                                                    "Relation Name": "movie_info",
                                                    "Schema": "public",
                                                    "Alias": "mi",
                                                    "Startup Cost": 3142.16,
                                                    "Total Cost": 172401.2,
                                                    "Plan Rows": 34625,
                                                    "Plan Width": 4,
                                                    "Actual Startup Time": 7.985,
                                                    "Actual Total Time": 15.271,
                                                    "Actual Rows": 30019,
                                                    "Actual Loops": 6,
                                                    "Output": [
                                                        "mi.id",
                                                        "mi.movie_id",
                                                        "mi.info_type_id",
                                                        "mi.info",
                                                        "mi.note"
                                                    ],
                                                    "Recheck Cond": "(mi.info_type_id = 13)",
                                                    "Rows Removed by Index Recheck": 0,
                                                    "Exact Heap Blocks": 1734,
                                                    "Lossy Heap Blocks": 0,
                                                    "Workers": [
                                                        {
                                                            "Worker Number": 0,
                                                            "Actual Startup Time": 8.037,
                                                            "Actual Total Time": 15.197,
                                                            "Actual Rows": 20521,
                                                            "Actual Loops": 1
                                                        },
                                                        {
                                                            "Worker Number": 1,
                                                            "Actual Startup Time": 8.076,
                                                            "Actual Total Time": 14.879,
                                                            "Actual Rows": 29223,
                                                            "Actual Loops": 1
                                                        },
                                                        {
                                                            "Worker Number": 2,
                                                            "Actual Startup Time": 8.048,
                                                            "Actual Total Time": 14.413,
                                                            "Actual Rows": 18180,
                                                            "Actual Loops": 1
                                                        },
                                                        {
                                                            "Worker Number": 3,
                                                            "Actual Startup Time": 7.947,
                                                            "Actual Total Time": 15.142,
                                                            "Actual Rows": 28985,
                                                            "Actual Loops": 1
                                                        },
                                                        {
                                                            "Worker Number": 4,
                                                            "Actual Startup Time": 7.869,
                                                            "Actual Total Time": 14.872,
                                                            "Actual Rows": 28809,
                                                            "Actual Loops": 1
                                                        }
                                                    ],
                                                    "Plans": [
                                                        {
                                                            "Node Type": "Bitmap Index Scan",
                                                            "Parent Relationship": "Outer",
                                                            "Parallel Aware": false,
                                                            "Index Name": "info_type_id_movie_info",
                                                            "Startup Cost": 0.0,
                                                            "Total Cost": 3098.88,
                                                            "Plan Rows": 173126,
                                                            "Plan Width": 0,
                                                            "Actual Startup Time": 7.179,
                                                            "Actual Total Time": 7.18,
                                                            "Actual Rows": 180112,
                                                            "Actual Loops": 1,
                                                            "Index Cond": "(mi.info_type_id = 13)"
                                                        }
                                                    ]
                                                },
                                                {
                                                    "Node Type": "Hash",
                                                    "Parent Relationship": "Inner",
                                                    "Parallel Aware": true,
                                                    "Startup Cost": 43899.01,
                                                    "Total Cost": 43899.01,
                                                    "Plan Rows": 44773,
                                                    "Plan Width": 4,
                                                    "Actual Startup Time": 86.701,
                                                    "Actual Total Time": 86.702,
                                                    "Actual Rows": 30159,
                                                    "Actual Loops": 6,
                                                    "Output": [
                                                        "t.id"
                                                    ],
                                                    "Hash Buckets": 262144,
                                                    "Original Hash Buckets": 262144,
                                                    "Hash Batches": 1,
                                                    "Original Hash Batches": 1,
                                                    "Peak Memory Usage": 9248,
                                                    "Workers": [
                                                        {
                                                            "Worker Number": 0,
                                                            "Actual Startup Time": 85.286,
                                                            "Actual Total Time": 85.287,
                                                            "Actual Rows": 21357,
                                                            "Actual Loops": 1
                                                        },
                                                        {
                                                            "Worker Number": 1,
                                                            "Actual Startup Time": 85.367,
                                                            "Actual Total Time": 85.369,
                                                            "Actual Rows": 32236,
                                                            "Actual Loops": 1
                                                        },
                                                        {
                                                            "Worker Number": 2,
                                                            "Actual Startup Time": 85.435,
                                                            "Actual Total Time": 85.436,
                                                            "Actual Rows": 21363,
                                                            "Actual Loops": 1
                                                        },
                                                        {
                                                            "Worker Number": 3,
                                                            "Actual Startup Time": 86.177,
                                                            "Actual Total Time": 86.178,
                                                            "Actual Rows": 30834,
                                                            "Actual Loops": 1
                                                        },
                                                        {
                                                            "Worker Number": 4,
                                                            "Actual Startup Time": 86.331,
                                                            "Actual Total Time": 86.331,
                                                            "Actual Rows": 31298,
                                                            "Actual Loops": 1
                                                        }
                                                    ],
                                                    "Plans": [
                                                        {
                                                            "Node Type": "Seq Scan",
                                                            "Parent Relationship": "Outer",
                                                            "Parallel Aware": true,
                                                            "Relation Name": "title",
                                                            "Schema": "public",
                                                            "Alias": "t",
                                                            "Startup Cost": 0.0,
                                                            "Total Cost": 43899.01,
                                                            "Plan Rows": 44773,
                                                            "Plan Width": 4,
                                                            "Actual Startup Time": 0.089,
                                                            "Actual Total Time": 74.829,
                                                            "Actual Rows": 30159,
                                                            "Actual Loops": 6,
                                                            "Output": [
                                                                "t.id"
                                                            ],
                                                            "Filter": "(t.production_year < 1953)",
                                                            "Rows Removed by Filter": 391226,
                                                            "Workers": [
                                                                {
                                                                    "Worker Number": 0,
                                                                    "Actual Startup Time": 0.092,
                                                                    "Actual Total Time": 73.978,
                                                                    "Actual Rows": 21357,
                                                                    "Actual Loops": 1
                                                                },
                                                                {
                                                                    "Worker Number": 1,
                                                                    "Actual Startup Time": 0.057,
                                                                    "Actual Total Time": 73.542,
                                                                    "Actual Rows": 32236,
                                                                    "Actual Loops": 1
                                                                },
                                                                {
                                                                    "Worker Number": 2,
                                                                    "Actual Startup Time": 0.046,
                                                                    "Actual Total Time": 74.285,
                                                                    "Actual Rows": 21363,
                                                                    "Actual Loops": 1
                                                                },
                                                                {
                                                                    "Worker Number": 3,
                                                                    "Actual Startup Time": 0.051,
                                                                    "Actual Total Time": 74.787,
                                                                    "Actual Rows": 30834,
                                                                    "Actual Loops": 1
                                                                },
                                                                {
                                                                    "Worker Number": 4,
                                                                    "Actual Startup Time": 0.272,
                                                                    "Actual Total Time": 74.525,
                                                                    "Actual Rows": 31298,
                                                                    "Actual Loops": 1
                                                                }
                                                            ]
                                                        }
                                                    ]
                                                }
                                            ]
                                        },
                                        {
                                            "Node Type": "Index Only Scan",
                                            "Parent Relationship": "Inner",
                                            "Parallel Aware": false,
                                            "Scan Direction": "Forward",
                                            "Index Name": "movie_id_cast_info",
                                            "Relation Name": "cast_info",
                                            "Schema": "public",
                                            "Alias": "ci",
                                            "Startup Cost": 0.56,
                                            "Total Cost": 9.24,
                                            "Plan Rows": 38,
                                            "Plan Width": 4,
                                            "Actual Startup Time": 0.008,
                                            "Actual Total Time": 0.057,
                                            "Actual Rows": 61,
                                            "Actual Loops": 8857,
                                            "Output": [
                                                "ci.movie_id"
                                            ],
                                            "Index Cond": "(ci.movie_id = t.id)",
                                            "Rows Removed by Index Recheck": 0,
                                            "Heap Fetches": 542419,
                                            "Workers": [
                                                {
                                                    "Worker Number": 0,
                                                    "Actual Startup Time": 0.013,
                                                    "Actual Total Time": 0.088,
                                                    "Actual Rows": 58,
                                                    "Actual Loops": 972
                                                },
                                                {
                                                    "Worker Number": 1,
                                                    "Actual Startup Time": 0.009,
                                                    "Actual Total Time": 0.057,
                                                    "Actual Rows": 60,
                                                    "Actual Loops": 1504
                                                },
                                                {
                                                    "Worker Number": 2,
                                                    "Actual Startup Time": 0.013,
                                                    "Actual Total Time": 0.093,
                                                    "Actual Rows": 63,
                                                    "Actual Loops": 916
                                                },
                                                {
                                                    "Worker Number": 3,
                                                    "Actual Startup Time": 0.009,
                                                    "Actual Total Time": 0.056,
                                                    "Actual Rows": 60,
                                                    "Actual Loops": 1522
                                                },
                                                {
                                                    "Worker Number": 4,
                                                    "Actual Startup Time": 0.009,
                                                    "Actual Total Time": 0.059,
                                                    "Actual Rows": 68,
                                                    "Actual Loops": 1453
                                                }
                                            ]
                                        }
                                    ]
                                }
                            ]
                        }
                    ]
                }
            ]
        },
        "Planning Time": 193.864,
        "Triggers": [],
        "Execution Time": 238.864
    }
]