[
  {
    "Plan": {
      "Node Type": "Aggregate",
      "Strategy": "Plain",
      "Partial Mode": "Finalize",
      "Parallel Aware": false,
      "Startup Cost": 46567.83,
      "Total Cost": 46567.84,
      "Plan Rows": 1,
      "Plan Width": 8,
      "Actual Startup Time": 171.928,
      "Actual Total Time": 182.032,
      "Actual Rows": 1,
      "Actual Loops": 1,
      "Plans": [
        {
          "Node Type": "Gather",
          "Parent Relationship": "Outer",
          "Parallel Aware": false,
          "Startup Cost": 46567.52,
          "Total Cost": 46567.83,
          "Plan Rows": 3,
          "Plan Width": 8,
          "Actual Startup Time": 171.764,
          "Actual Total Time": 182.02,
          "Actual Rows": 4,
          "Actual Loops": 1,
          "Workers Planned": 3,
          "Workers Launched": 3,
          "Single Copy": false,
          "Plans": [
            {
              "Node Type": "Aggregate",
              "Strategy": "Plain",
              "Partial Mode": "Partial",
              "Parent Relationship": "Outer",
              "Parallel Aware": false,
              "Startup Cost": 45567.52,
              "Total Cost": 45567.53,
              "Plan Rows": 1,
              "Plan Width": 8,
              "Actual Startup Time": 166.07,
              "Actual Total Time": 166.071,
              "Actual Rows": 1,
              "Actual Loops": 4,
              "Plans": [
                {
                  "Node Type": "Seq Scan",
                  "Parent Relationship": "Outer",
                  "Parallel Aware": true,
                  "Relation Name": "movie_keyword",
                  "Alias": "mk",
                  "Startup Cost": 0.0,
                  "Total Cost": 42695.65,
                  "Plan Rows": 1148745,
                  "Plan Width": 0,
                  "Actual Startup Time": 0.044,
                  "Actual Total Time": 124.623,
                  "Actual Rows": 889354,
                  "Actual Loops": 4,
                  "Filter": "(keyword_id < 19735)",
                  "Rows Removed by Filter": 241628
                }
              ]
            }
          ]
        }
      ]
    },
    "Planning Time": 0.137,
    "Triggers": [],
    "Execution Time": 182.073
  }
]