{
  "Plan": {
    "Node Type": "Aggregate",
    "Strategy": "Plain",
    "Partial Mode": "Finalize",
    "Parallel Aware": false,
    "Startup Cost": 100539.46,
    "Total Cost": 100539.47,
    "Plan Rows": 1,
    "Plan Width": 8,
    "Actual Startup Time": 414.36,
    "Actual Total Time": 428.367,
    "Actual Rows": 1,
    "Actual Loops": 1,
    "Plans": [
      {
        "Node Type": "Gather",
        "Parent Relationship": "Outer",
        "Parallel Aware": false,
        "Startup Cost": 100539.34,
        "Total Cost": 100539.45,
        "Plan Rows": 1,
        "Plan Width": 8,
        "Actual Startup Time": 413.096,
        "Actual Total Time": 428.358,
        "Actual Rows": 2,
        "Actual Loops": 1,
        "Workers Planned": 1,
        "Workers Launched": 1,
        "Single Copy": false,
        "Plans": [
          {
            "Node Type": "Aggregate",
            "Strategy": "Plain",
            "Partial Mode": "Partial",
            "Parent Relationship": "Outer",
            "Parallel Aware": false,
            "Startup Cost": 99539.34,
            "Total Cost": 99539.35,
            "Plan Rows": 1,
            "Plan Width": 8,
            "Actual Startup Time": 407.115,
            "Actual Total Time": 407.12,
            "Actual Rows": 1,
            "Actual Loops": 2,
            "Plans": [
              {
                "Node Type": "Hash Join",
                "Parent Relationship": "Outer",
                "Parallel Aware": true,
                "Join Type": "Inner",
                "Startup Cost": 59828.96,
                "Total Cost": 99268.04,
                "Plan Rows": 108523,
                "Plan Width": 0,
                "Actual Startup Time": 206.321,
                "Actual Total Time": 403.244,
                "Actual Rows": 91869,
                "Actual Loops": 2,
                "Inner Unique": true,
                "Hash Cond": "(mc.movie_id = t.id)",
                "Plans": [
                  {
                    "Node Type": "Seq Scan",
                    "Parent Relationship": "Outer",
                    "Parallel Aware": true,
                    "Relation Name": "movie_companies",
                    "Alias": "mc",
                    "Startup Cost": 0.0,
                    "Total Cost": 37974.77,
                    "Plan Rows": 557831,
                    "Plan Width": 4,
                    "Actual Startup Time": 0.017,
                    "Actual Total Time": 107.352,
                    "Actual Rows": 473534,
                    "Actual Loops": 2,
                    "Filter": "(company_id < 3665)",
                    "Rows Removed by Filter": 831030
                  },
                  {
                    "Node Type": "Hash",
                    "Parent Relationship": "Inner",
                    "Parallel Aware": true,
                    "Startup Cost": 56212.31,
                    "Total Cost": 56212.31,
                    "Plan Rows": 289332,
                    "Plan Width": 4,
                    "Actual Startup Time": 200.978,
                    "Actual Total Time": 200.979,
                    "Actual Rows": 187815,
                    "Actual Loops": 2,
                    "Hash Buckets": 524288,
                    "Original Hash Buckets": 524288,
                    "Hash Batches": 1,
                    "Original Hash Batches": 1,
                    "Peak Memory Usage": 18816,
                    "Plans": [
                      {
                        "Node Type": "Bitmap Heap Scan",
                        "Parent Relationship": "Outer",
                        "Parallel Aware": true,
                        "Relation Name": "title",
                        "Alias": "t",
                        "Startup Cost": 13561.92,
                        "Total Cost": 56212.31,
                        "Plan Rows": 289332,
                        "Plan Width": 4,
                        "Actual Startup Time": 46.233,
                        "Actual Total Time": 152.084,
                        "Actual Rows": 187815,
                        "Actual Loops": 2,
                        "Recheck Cond": "(kind_id < 3)",
                        "Rows Removed by Index Recheck": 0,
                        "Filter": "(production_year > 1994)",
                        "Rows Removed by Filter": 189024,
                        "Exact Heap Blocks": 26829,
                        "Lossy Heap Blocks": 0,
                        "Plans": [
                          {
                            "Node Type": "Bitmap Index Scan",
                            "Parent Relationship": "Outer",
                            "Parallel Aware": false,
                            "Index Name": "kind_id_title",
                            "Startup Cost": 0.0,
                            "Total Cost": 13438.96,
                            "Plan Rows": 753937,
                            "Plan Width": 0,
                            "Actual Startup Time": 41.066,
                            "Actual Total Time": 41.067,
                            "Actual Rows": 753677,
                            "Actual Loops": 1,
                            "Index Cond": "(kind_id < 3)"
                          }
                        ]
                      }
                    ]
                  }
                ]
              }
            ]
          }
        ]
      }
    ]
  },
  "Planning Time": 0.715,
  "Triggers": [],
  "Execution Time": 428.457
}