[
  {
    "Plan": {
      "Node Type": "Aggregate",
      "Strategy": "Plain",
      "Partial Mode": "Finalize",
      "Parallel Aware": false,
      "Startup Cost": 93576.46,
      "Total Cost": 93576.47,
      "Plan Rows": 1,
      "Plan Width": 8,
      "Actual Startup Time": 324.01,
      "Actual Total Time": 331.163,
      "Actual Rows": 1,
      "Actual Loops": 1,
      "Plans": [
        {
          "Node Type": "Gather",
          "Parent Relationship": "Outer",
          "Parallel Aware": false,
          "Startup Cost": 93576.15,
          "Total Cost": 93576.46,
          "Plan Rows": 3,
          "Plan Width": 8,
          "Actual Startup Time": 321.787,
          "Actual Total Time": 331.157,
          "Actual Rows": 4,
          "Actual Loops": 1,
          "Workers Planned": 3,
          "Workers Launched": 3,
          "Single Copy": false,
          "Plans": [
            {
              "Node Type": "Aggregate",
              "Strategy": "Plain",
              "Partial Mode": "Partial",
              "Parent Relationship": "Outer",
              "Parallel Aware": false,
              "Startup Cost": 92576.15,
              "Total Cost": 92576.16,
              "Plan Rows": 1,
              "Plan Width": 8,
              "Actual Startup Time": 314.265,
              "Actual Total Time": 314.268,
              "Actual Rows": 1,
              "Actual Loops": 4,
              "Plans": [
                {
                  "Node Type": "Hash Join",
                  "Parent Relationship": "Outer",
                  "Parallel Aware": true,
                  "Join Type": "Inner",
                  "Startup Cost": 48357.53,
                  "Total Cost": 92183.86,
                  "Plan Rows": 156915,
                  "Plan Width": 0,
                  "Actual Startup Time": 150.715,
                  "Actual Total Time": 301.98,
                  "Actual Rows": 281001,
                  "Actual Loops": 4,
                  "Inner Unique": true,
                  "Hash Cond": "(mk.movie_id = t.id)",
                  "Plans": [
                    {
                      "Node Type": "Seq Scan",
                      "Parent Relationship": "Outer",
                      "Parallel Aware": true,
                      "Relation Name": "movie_keyword",
                      "Alias": "mk",
                      "Startup Cost": 0.0,
                      "Total Cost": 42695.65,
                      "Plan Rows": 430733,
                      "Plan Width": 4,
                      "Actual Startup Time": 0.012,
                      "Actual Total Time": 86.103,
                      "Actual Rows": 332734,
                      "Actual Loops": 4,
                      "Filter": "(keyword_id < 1740)",
                      "Rows Removed by Filter": 798249
                    },
                    {
                      "Node Type": "Hash",
                      "Parent Relationship": "Inner",
                      "Parallel Aware": true,
                      "Startup Cost": 45479.21,
                      "Total Cost": 45479.21,
                      "Plan Rows": 230266,
                      "Plan Width": 4,
                      "Actual Startup Time": 148.047,
                      "Actual Total Time": 148.047,
                      "Actual Rows": 215616,
                      "Actual Loops": 4,
                      "Hash Buckets": 1048576,
                      "Original Hash Buckets": 1048576,
                      "Hash Batches": 1,
                      "Original Hash Batches": 1,
                      "Peak Memory Usage": 41984,
                      "Plans": [
                        {
                          "Node Type": "Seq Scan",
                          "Parent Relationship": "Outer",
                          "Parallel Aware": true,
                          "Relation Name": "title",
                          "Alias": "t",
                          "Startup Cost": 0.0,
                          "Total Cost": 45479.21,
                          "Plan Rows": 230266,
                          "Plan Width": 4,
                          "Actual Startup Time": 0.037,
                          "Actual Total Time": 87.349,
                          "Actual Rows": 215616,
                          "Actual Loops": 4,
                          "Filter": "((kind_id < 7) AND (production_year > 1929))",
                          "Rows Removed by Filter": 416462
                        }
                      ]
                    }
                  ]
                }
              ]
            }
          ]
        }
      ]
    },
    "Planning Time": 0.236,
    "Triggers": [],
    "Execution Time": 331.194
  }
]