[
  {
    "Plan": {
      "Node Type": "Aggregate",
      "Strategy": "Plain",
      "Partial Mode": "Finalize",
      "Parallel Aware": false,
      "Startup Cost": 79788.37,
      "Total Cost": 79788.38,
      "Plan Rows": 1,
      "Plan Width": 8,
      "Actual Startup Time": 321.575,
      "Actual Total Time": 338.985,
      "Actual Rows": 1,
      "Actual Loops": 1,
      "Plans": [
        {
          "Node Type": "Gather",
          "Parent Relationship": "Outer",
          "Parallel Aware": false,
          "Startup Cost": 79788.05,
          "Total Cost": 79788.36,
          "Plan Rows": 3,
          "Plan Width": 8,
          "Actual Startup Time": 315.032,
          "Actual Total Time": 338.974,
          "Actual Rows": 4,
          "Actual Loops": 1,
          "Workers Planned": 3,
          "Workers Launched": 3,
          "Single Copy": false,
          "Plans": [
            {
              "Node Type": "Aggregate",
              "Strategy": "Plain",
              "Partial Mode": "Partial",
              "Parent Relationship": "Outer",
              "Parallel Aware": false,
              "Startup Cost": 78788.05,
              "Total Cost": 78788.06,
              "Plan Rows": 1,
              "Plan Width": 8,
              "Actual Startup Time": 301.905,
              "Actual Total Time": 301.91,
              "Actual Rows": 1,
              "Actual Loops": 4,
              "Plans": [
                {
                  "Node Type": "Nested Loop",
                  "Parent Relationship": "Outer",
                  "Parallel Aware": false,
                  "Join Type": "Inner",
                  "Startup Cost": 48850.25,
                  "Total Cost": 78771.53,
                  "Plan Rows": 6609,
                  "Plan Width": 0,
                  "Actual Startup Time": 253.536,
                  "Actual Total Time": 301.443,
                  "Actual Rows": 5687,
                  "Actual Loops": 4,
                  "Inner Unique": false,
                  "Plans": [
                    {
                      "Node Type": "Hash Join",
                      "Parent Relationship": "Outer",
                      "Parallel Aware": true,
                      "Join Type": "Inner",
                      "Startup Cost": 48849.82,
                      "Total Cost": 74589.84,
                      "Plan Rows": 6405,
                      "Plan Width": 8,
                      "Actual Startup Time": 253.443,
                      "Actual Total Time": 279.694,
                      "Actual Rows": 2668,
                      "Actual Loops": 4,
                      "Inner Unique": true,
                      "Hash Cond": "(mk.movie_id = t.id)",
                      "Plans": [
                        {
                          "Node Type": "Bitmap Heap Scan",
                          "Parent Relationship": "Outer",
                          "Parallel Aware": true,
                          "Relation Name": "movie_keyword",
                          "Alias": "mk",
                          "Startup Cost": 805.77,
                          "Total Cost": 26513.74,
                          "Plan Rows": 12210,
                          "Plan Width": 4,
                          "Actual Startup Time": 6.427,
                          "Actual Total Time": 25.397,
                          "Actual Rows": 8678,
                          "Actual Loops": 4,
                          "Recheck Cond": "(keyword_id = 2488)",
                          "Rows Removed by Index Recheck": 0,
                          "Exact Heap Blocks": 5605,
                          "Lossy Heap Blocks": 0,
                          "Plans": [
                            {
                              "Node Type": "Bitmap Index Scan",
                              "Parent Relationship": "Outer",
                              "Parallel Aware": false,
                              "Index Name": "keyword_id_movie_keyword",
                              "Startup Cost": 0.0,
                              "Total Cost": 796.31,
                              "Plan Rows": 37850,
                              "Plan Width": 0,
                              "Actual Startup Time": 4.312,
                              "Actual Total Time": 4.313,
                              "Actual Rows": 34710,
                              "Actual Loops": 1,
                              "Index Cond": "(keyword_id = 2488)"
                            }
                          ]
                        },
                        {
                          "Node Type": "Hash",
                          "Parent Relationship": "Inner",
                          "Parallel Aware": true,
                          "Startup Cost": 43899.32,
                          "Total Cost": 43899.32,
                          "Plan Rows": 331578,
                          "Plan Width": 4,
                          "Actual Startup Time": 238.878,
                          "Actual Total Time": 238.879,
                          "Actual Rows": 330716,
                          "Actual Loops": 4,
                          "Hash Buckets": 2097152,
                          "Original Hash Buckets": 2097152,
                          "Hash Batches": 1,
                          "Original Hash Batches": 1,
                          "Peak Memory Usage": 68160,
                          "Plans": [
                            {
                              "Node Type": "Seq Scan",
                              "Parent Relationship": "Outer",
                              "Parallel Aware": true,
                              "Relation Name": "title",
                              "Alias": "t",
                              "Startup Cost": 0.0,
                              "Total Cost": 43899.32,
                              "Plan Rows": 331578,
                              "Plan Width": 4,
                              "Actual Startup Time": 0.044,
                              "Actual Total Time": 109.357,
                              "Actual Rows": 330716,
                              "Actual Loops": 4,
                              "Filter": "(production_year > 2001)",
                              "Rows Removed by Filter": 301362
                            }
                          ]
                        }
                      ]
                    },
                    {
                      "Node Type": "Index Only Scan",
                      "Parent Relationship": "Inner",
                      "Parallel Aware": false,
                      "Scan Direction": "Forward",
                      "Index Name": "movie_id_movie_companies",
                      "Relation Name": "movie_companies",
                      "Alias": "mc",
                      "Startup Cost": 0.43,
                      "Total Cost": 0.6,
                      "Plan Rows": 5,
                      "Plan Width": 4,
                      "Actual Startup Time": 0.006,
                      "Actual Total Time": 0.008,
                      "Actual Rows": 2,
                      "Actual Loops": 10674,
                      "Index Cond": "(movie_id = t.id)",
                      "Rows Removed by Index Recheck": 0,
                      "Heap Fetches": 22748
                    }
                  ]
                }
              ]
            }
          ]
        }
      ]
    },
    "Planning Time": 1.464,
    "Triggers": [],
    "Execution Time": 339.096
  }
]