[
  {
    "Plan": {
      "Node Type": "Aggregate",
      "Strategy": "Plain",
      "Partial Mode": "Finalize",
      "Parallel Aware": false,
      "Startup Cost": 244079.44,
      "Total Cost": 244079.45,
      "Plan Rows": 1,
      "Plan Width": 8,
      "Actual Startup Time": 325.305,
      "Actual Total Time": 365.749,
      "Actual Rows": 1,
      "Actual Loops": 1,
      "Plans": [
        {
          "Node Type": "Gather",
          "Parent Relationship": "Outer",
          "Parallel Aware": false,
          "Startup Cost": 244078.92,
          "Total Cost": 244079.43,
          "Plan Rows": 5,
          "Plan Width": 8,
          "Actual Startup Time": 324.392,
          "Actual Total Time": 365.737,
          "Actual Rows": 6,
          "Actual Loops": 1,
          "Workers Planned": 5,
          "Workers Launched": 5,
          "Single Copy": false,
          "Plans": [
            {
              "Node Type": "Aggregate",
              "Strategy": "Plain",
              "Partial Mode": "Partial",
              "Parent Relationship": "Outer",
              "Parallel Aware": false,
              "Startup Cost": 243078.92,
              "Total Cost": 243078.93,
              "Plan Rows": 1,
              "Plan Width": 8,
              "Actual Startup Time": 316.702,
              "Actual Total Time": 316.707,
              "Actual Rows": 1,
              "Actual Loops": 6,
              "Plans": [
                {
                  "Node Type": "Nested Loop",
                  "Parent Relationship": "Outer",
                  "Parallel Aware": false,
                  "Join Type": "Inner",
                  "Startup Cost": 61650.48,
                  "Total Cost": 242976.21,
                  "Plan Rows": 41085,
                  "Plan Width": 0,
                  "Actual Startup Time": 156.828,
                  "Actual Total Time": 314.781,
                  "Actual Rows": 24073,
                  "Actual Loops": 6,
                  "Inner Unique": false,
                  "Join Filter": "(t.id = ci.movie_id)",
                  "Rows Removed by Join Filter": 0,
                  "Plans": [
                    {
                      "Node Type": "Hash Join",
                      "Parent Relationship": "Outer",
                      "Parallel Aware": true,
                      "Join Type": "Inner",
                      "Startup Cost": 61649.92,
                      "Total Cost": 226310.93,
                      "Plan Rows": 5146,
                      "Plan Width": 8,
                      "Actual Startup Time": 156.703,
                      "Actual Total Time": 203.662,
                      "Actual Rows": 1306,
                      "Actual Loops": 6,
                      "Inner Unique": true,
                      "Hash Cond": "(mi.movie_id = t.id)",
                      "Plans": [
                        {
                          "Node Type": "Bitmap Heap Scan",
                          "Parent Relationship": "Outer",
                          "Parallel Aware": true,
                          "Relation Name": "movie_info",
                          "Alias": "mi",
                          "Startup Cost": 15939.84,
                          "Total Cost": 180137.81,
                          "Plan Rows": 176398,
                          "Plan Width": 4,
                          "Actual Startup Time": 42.17,
                          "Actual Total Time": 94.986,
                          "Actual Rows": 145371,
                          "Actual Loops": 6,
                          "Recheck Cond": "(info_type_id > 97)",
                          "Rows Removed by Index Recheck": 0,
                          "Exact Heap Blocks": 9297,
                          "Lossy Heap Blocks": 0,
                          "Plans": [
                            {
                              "Node Type": "Bitmap Index Scan",
                              "Parent Relationship": "Outer",
                              "Parallel Aware": false,
                              "Index Name": "info_type_id_movie_info",
                              "Startup Cost": 0.0,
                              "Total Cost": 15719.34,
                              "Plan Rows": 881988,
                              "Plan Width": 0,
                              "Actual Startup Time": 37.242,
                              "Actual Total Time": 37.243,
                              "Actual Rows": 872224,
                              "Actual Loops": 1,
                              "Index Cond": "(info_type_id > 97)"
                            }
                          ]
                        },
                        {
                          "Node Type": "Hash",
                          "Parent Relationship": "Inner",
                          "Parallel Aware": true,
                          "Startup Cost": 45479.59,
                          "Total Cost": 45479.59,
                          "Plan Rows": 18439,
                          "Plan Width": 4,
                          "Actual Startup Time": 80.094,
                          "Actual Total Time": 80.095,
                          "Actual Rows": 14013,
                          "Actual Loops": 6,
                          "Hash Buckets": 131072,
                          "Original Hash Buckets": 131072,
                          "Hash Batches": 1,
                          "Original Hash Batches": 1,
                          "Peak Memory Usage": 4448,
                          "Plans": [
                            {
                              "Node Type": "Seq Scan",
                              "Parent Relationship": "Outer",
                              "Parallel Aware": true,
                              "Relation Name": "title",
                              "Alias": "t",
                              "Startup Cost": 0.0,
                              "Total Cost": 45479.59,
                              "Plan Rows": 18439,
                              "Plan Width": 4,
                              "Actual Startup Time": 0.039,
                              "Actual Total Time": 74.196,
                              "Actual Rows": 14013,
                              "Actual Loops": 6,
                              "Filter": "((kind_id = 7) AND (production_year = 2007))",
                              "Rows Removed by Filter": 407373
                            }
                          ]
                        }
                      ]
                    },
                    {
                      "Node Type": "Index Scan",
                      "Parent Relationship": "Inner",
                      "Parallel Aware": false,
                      "Scan Direction": "Forward",
                      "Index Name": "movie_id_cast_info",
                      "Relation Name": "cast_info",
                      "Alias": "ci",
                      "Startup Cost": 0.56,
                      "Total Cost": 3.0,
                      "Plan Rows": 19,
                      "Plan Width": 4,
                      "Actual Startup Time": 0.01,
                      "Actual Total Time": 0.082,
                      "Actual Rows": 18,
                      "Actual Loops": 7837,
                      "Index Cond": "(movie_id = mi.movie_id)",
                      "Rows Removed by Index Recheck": 0,
                      "Filter": "(person_id < 2058476)",
                      "Rows Removed by Filter": 18
                    }
                  ]
                }
              ]
            }
          ]
        }
      ]
    },
    "Planning Time": 1.406,
    "Triggers": [],
    "Execution Time": 365.876
  }
]