[
  {
    "Plan": {
      "Node Type": "Aggregate",
      "Strategy": "Plain",
      "Partial Mode": "Finalize",
      "Parallel Aware": false,
      "Startup Cost": 57736.57,
      "Total Cost": 57736.58,
      "Plan Rows": 1,
      "Plan Width": 8,
      "Actual Startup Time": 352.507,
      "Actual Total Time": 388.441,
      "Actual Rows": 1,
      "Actual Loops": 1,
      "Plans": [
        {
          "Node Type": "Gather",
          "Parent Relationship": "Outer",
          "Parallel Aware": false,
          "Startup Cost": 57736.15,
          "Total Cost": 57736.56,
          "Plan Rows": 4,
          "Plan Width": 8,
          "Actual Startup Time": 352.328,
          "Actual Total Time": 388.429,
          "Actual Rows": 5,
          "Actual Loops": 1,
          "Workers Planned": 4,
          "Workers Launched": 4,
          "Single Copy": false,
          "Plans": [
            {
              "Node Type": "Aggregate",
              "Strategy": "Plain",
              "Partial Mode": "Partial",
              "Parent Relationship": "Outer",
              "Parallel Aware": false,
              "Startup Cost": 56736.15,
              "Total Cost": 56736.16,
              "Plan Rows": 1,
              "Plan Width": 8,
              "Actual Startup Time": 342.119,
              "Actual Total Time": 342.121,
              "Actual Rows": 1,
              "Actual Loops": 5,
              "Plans": [
                {
                  "Node Type": "Nested Loop",
                  "Parent Relationship": "Outer",
                  "Parallel Aware": false,
                  "Join Type": "Inner",
                  "Startup Cost": 0.43,
                  "Total Cost": 56735.24,
                  "Plan Rows": 363,
                  "Plan Width": 0,
                  "Actual Startup Time": 58.821,
                  "Actual Total Time": 342.004,
                  "Actual Rows": 162,
                  "Actual Loops": 5,
                  "Inner Unique": false,
                  "Plans": [
                    {
                      "Node Type": "Seq Scan",
                      "Parent Relationship": "Outer",
                      "Parallel Aware": true,
                      "Relation Name": "title",
                      "Alias": "t",
                      "Startup Cost": 0.0,
                      "Total Cost": 45479.59,
                      "Plan Rows": 2017,
                      "Plan Width": 4,
                      "Actual Startup Time": 0.13,
                      "Actual Total Time": 145.061,
                      "Actual Rows": 1527,
                      "Actual Loops": 5,
                      "Filter": "((kind_id = 7) AND (production_year = 1972))",
                      "Rows Removed by Filter": 504136
                    },
                    {
                      "Node Type": "Index Scan",
                      "Parent Relationship": "Inner",
                      "Parallel Aware": false,
                      "Scan Direction": "Forward",
                      "Index Name": "movie_id_movie_info_idx",
                      "Relation Name": "movie_info_idx",
                      "Alias": "mi_idx",
                      "Startup Cost": 0.43,
                      "Total Cost": 5.57,
                      "Plan Rows": 1,
                      "Plan Width": 4,
                      "Actual Startup Time": 0.127,
                      "Actual Total Time": 0.127,
                      "Actual Rows": 0,
                      "Actual Loops": 7634,
                      "Index Cond": "(movie_id = t.id)",
                      "Rows Removed by Index Recheck": 0,
                      "Filter": "(info_type_id = 99)",
                      "Rows Removed by Filter": 0
                    }
                  ]
                }
              ]
            }
          ]
        }
      ]
    },
    "Planning Time": 0.674,
    "Triggers": [],
    "Execution Time": 388.567
  }
]