{
  "Plan": {
    "Node Type": "Aggregate",
    "Strategy": "Plain",
    "Partial Mode": "Finalize",
    "Parallel Aware": false,
    "Startup Cost": 122188.05,
    "Total Cost": 122188.06,
    "Plan Rows": 1,
    "Plan Width": 8,
    "Actual Startup Time": 828.022,
    "Actual Total Time": 849.978,
    "Actual Rows": 1,
    "Actual Loops": 1,
    "Plans": [
      {
        "Node Type": "Gather",
        "Parent Relationship": "Outer",
        "Parallel Aware": false,
        "Startup Cost": 122187.94,
        "Total Cost": 122188.05,
        "Plan Rows": 1,
        "Plan Width": 8,
        "Actual Startup Time": 822.523,
        "Actual Total Time": 849.968,
        "Actual Rows": 2,
        "Actual Loops": 1,
        "Workers Planned": 1,
        "Workers Launched": 1,
        "Single Copy": false,
        "Plans": [
          {
            "Node Type": "Aggregate",
            "Strategy": "Plain",
            "Partial Mode": "Partial",
            "Parent Relationship": "Outer",
            "Parallel Aware": false,
            "Startup Cost": 121187.94,
            "Total Cost": 121187.95,
            "Plan Rows": 1,
            "Plan Width": 8,
            "Actual Startup Time": 808.842,
            "Actual Total Time": 808.851,
            "Actual Rows": 1,
            "Actual Loops": 2,
            "Plans": [
              {
                "Node Type": "Hash Join",
                "Parent Relationship": "Outer",
                "Parallel Aware": true,
                "Join Type": "Inner",
                "Startup Cost": 101913.53,
                "Total Cost": 121131.5,
                "Plan Rows": 22576,
                "Plan Width": 0,
                "Actual Startup Time": 744.776,
                "Actual Total Time": 805.539,
                "Actual Rows": 80219,
                "Actual Loops": 2,
                "Inner Unique": false,
                "Hash Cond": "(mi_idx.movie_id = t.id)",
                "Plans": [
                  {
                    "Node Type": "Seq Scan",
                    "Parent Relationship": "Outer",
                    "Parallel Aware": true,
                    "Relation Name": "movie_info_idx",
                    "Alias": "mi_idx",
                    "Startup Cost": 0.0,
                    "Total Cost": 18082.32,
                    "Plan Rows": 267429,
                    "Plan Width": 4,
                    "Actual Startup Time": 0.019,
                    "Actual Total Time": 51.615,
                    "Actual Rows": 229962,
                    "Actual Loops": 2,
                    "Filter": "(info_type_id = 99)",
                    "Rows Removed by Filter": 460055
                  },
                  {
                    "Node Type": "Hash",
                    "Parent Relationship": "Inner",
                    "Parallel Aware": true,
                    "Startup Cost": 100344.16,
                    "Total Cost": 100344.16,
                    "Plan Rows": 125549,
                    "Plan Width": 8,
                    "Actual Startup Time": 709.272,
                    "Actual Total Time": 709.279,
                    "Actual Rows": 103482,
                    "Actual Loops": 2,
                    "Hash Buckets": 262144,
                    "Original Hash Buckets": 262144,
                    "Hash Batches": 1,
                    "Original Hash Batches": 1,
                    "Peak Memory Usage": 10176,
                    "Plans": [
                      {
                        "Node Type": "Hash Join",
                        "Parent Relationship": "Outer",
                        "Parallel Aware": true,
                        "Join Type": "Inner",
                        "Startup Cost": 73991.24,
                        "Total Cost": 100344.16,
                        "Plan Rows": 125549,
                        "Plan Width": 8,
                        "Actual Startup Time": 595.87,
                        "Actual Total Time": 682.801,
                        "Actual Rows": 103482,
                        "Actual Loops": 2,
                        "Inner Unique": true,
                        "Hash Cond": "(mk.movie_id = t.id)",
                        "Plans": [
                          {
                            "Node Type": "Bitmap Heap Scan",
                            "Parent Relationship": "Outer",
                            "Parallel Aware": true,
                            "Relation Name": "movie_keyword",
                            "Alias": "mk",
                            "Startup Cost": 4530.54,
                            "Total Cost": 30553.9,
                            "Plan Rows": 125549,
                            "Plan Width": 4,
                            "Actual Startup Time": 16.768,
                            "Actual Total Time": 68.541,
                            "Actual Rows": 103482,
                            "Actual Loops": 2,
                            "Recheck Cond": "(keyword_id > 67191)",
                            "Rows Removed by Index Recheck": 0,
                            "Exact Heap Blocks": 10536,
                            "Lossy Heap Blocks": 0,
                            "Plans": [
                              {
                                "Node Type": "Bitmap Index Scan",
                                "Parent Relationship": "Outer",
                                "Parallel Aware": false,
                                "Index Name": "keyword_id_movie_keyword",
                                "Startup Cost": 0.0,
                                "Total Cost": 4477.18,
                                "Plan Rows": 213433,
                                "Plan Width": 0,
                                "Actual Startup Time": 13.841,
                                "Actual Total Time": 13.841,
                                "Actual Rows": 206965,
                                "Actual Loops": 1,
                                "Index Cond": "(keyword_id > 67191)"
                              }
                            ]
                          },
                          {
                            "Node Type": "Hash",
                            "Parent Relationship": "Inner",
                            "Parallel Aware": true,
                            "Startup Cost": 50870.31,
                            "Total Cost": 50870.31,
                            "Plan Rows": 1487231,
                            "Plan Width": 4,
                            "Actual Startup Time": 560.038,
                            "Actual Total Time": 560.039,
                            "Actual Rows": 1264156,
                            "Actual Loops": 2,
                            "Hash Buckets": 4194304,
                            "Original Hash Buckets": 4194304,
                            "Hash Batches": 1,
                            "Original Hash Batches": 1,
                            "Peak Memory Usage": 131712,
                            "Plans": [
                              {
                                "Node Type": "Seq Scan",
                                "Parent Relationship": "Outer",
                                "Parallel Aware": true,
                                "Relation Name": "title",
                                "Alias": "t",
                                "Startup Cost": 0.0,
                                "Total Cost": 50870.31,
                                "Plan Rows": 1487231,
                                "Plan Width": 4,
                                "Actual Startup Time": 0.025,
                                "Actual Total Time": 163.281,
                                "Actual Rows": 1264156,
                                "Actual Loops": 2
                              }
                            ]
                          }
                        ]
                      }
                    ]
                  }
                ]
              }
            ]
          }
        ]
      }
    ]
  },
  "Planning Time": 0.821,
  "Triggers": [],
  "Execution Time": 850.079
}