[
  {
    "Plan": {
      "Node Type": "Aggregate",
      "Strategy": "Plain",
      "Partial Mode": "Finalize",
      "Parallel Aware": false,
      "Startup Cost": 80101.38,
      "Total Cost": 80101.39,
      "Plan Rows": 1,
      "Plan Width": 8,
      "Actual Startup Time": 262.439,
      "Actual Total Time": 279.016,
      "Actual Rows": 1,
      "Actual Loops": 1,
      "Plans": [
        {
          "Node Type": "Gather",
          "Parent Relationship": "Outer",
          "Parallel Aware": false,
          "Startup Cost": 80100.96,
          "Total Cost": 80101.37,
          "Plan Rows": 4,
          "Plan Width": 8,
          "Actual Startup Time": 260.617,
          "Actual Total Time": 279.007,
          "Actual Rows": 5,
          "Actual Loops": 1,
          "Workers Planned": 4,
          "Workers Launched": 4,
          "Single Copy": false,
          "Plans": [
            {
              "Node Type": "Aggregate",
              "Strategy": "Plain",
              "Partial Mode": "Partial",
              "Parent Relationship": "Outer",
              "Parallel Aware": false,
              "Startup Cost": 79100.96,
              "Total Cost": 79100.97,
              "Plan Rows": 1,
              "Plan Width": 8,
              "Actual Startup Time": 250.689,
              "Actual Total Time": 250.692,
              "Actual Rows": 1,
              "Actual Loops": 5,
              "Plans": [
                {
                  "Node Type": "Hash Join",
                  "Parent Relationship": "Outer",
                  "Parallel Aware": true,
                  "Join Type": "Inner",
                  "Startup Cost": 33043.63,
                  "Total Cost": 78848.49,
                  "Plan Rows": 100987,
                  "Plan Width": 0,
                  "Actual Startup Time": 89.281,
                  "Actual Total Time": 248.11,
                  "Actual Rows": 46090,
                  "Actual Loops": 5,
                  "Inner Unique": false,
                  "Hash Cond": "(t.id = mc.movie_id)",
                  "Plans": [
                    {
                      "Node Type": "Seq Scan",
                      "Parent Relationship": "Outer",
                      "Parallel Aware": true,
                      "Relation Name": "title",
                      "Alias": "t",
                      "Startup Cost": 0.0,
                      "Total Cost": 42318.73,
                      "Plan Rows": 632073,
                      "Plan Width": 4,
                      "Actual Startup Time": 0.015,
                      "Actual Total Time": 67.953,
                      "Actual Rows": 505662,
                      "Actual Loops": 5
                    },
                    {
                      "Node Type": "Hash",
                      "Parent Relationship": "Inner",
                      "Parallel Aware": true,
                      "Startup Cost": 31414.82,
                      "Total Cost": 31414.82,
                      "Plan Rows": 130305,
                      "Plan Width": 4,
                      "Actual Startup Time": 86.105,
                      "Actual Total Time": 86.105,
                      "Actual Rows": 46090,
                      "Actual Loops": 5,
                      "Hash Buckets": 524288,
                      "Original Hash Buckets": 524288,
                      "Hash Batches": 1,
                      "Original Hash Batches": 1,
                      "Peak Memory Usage": 13184,
                      "Plans": [
                        {
                          "Node Type": "Seq Scan",
                          "Parent Relationship": "Outer",
                          "Parallel Aware": true,
                          "Relation Name": "movie_companies",
                          "Alias": "mc",
                          "Startup Cost": 0.0,
                          "Total Cost": 31414.82,
                          "Plan Rows": 130305,
                          "Plan Width": 4,
                          "Actual Startup Time": 43.816,
                          "Actual Total Time": 70.497,
                          "Actual Rows": 46090,
                          "Actual Loops": 5,
                          "Filter": "((company_id < 1709) AND (company_type_id > 1))",
                          "Rows Removed by Filter": 475736
                        }
                      ]
                    }
                  ]
                }
              ]
            }
          ]
        }
      ]
    },
    "Planning Time": 0.627,
    "Triggers": [],
    "Execution Time": 279.089
  }
]