[
  {
    "Plan": {
      "Node Type": "Aggregate",
      "Strategy": "Plain",
      "Partial Mode": "Finalize",
      "Parallel Aware": false,
      "Startup Cost": 31624.24,
      "Total Cost": 31624.25,
      "Plan Rows": 1,
      "Plan Width": 8,
      "Actual Startup Time": 95.715,
      "Actual Total Time": 101.427,
      "Actual Rows": 1,
      "Actual Loops": 1,
      "Plans": [
        {
          "Node Type": "Gather",
          "Parent Relationship": "Outer",
          "Parallel Aware": false,
          "Startup Cost": 31623.92,
          "Total Cost": 31624.23,
          "Plan Rows": 3,
          "Plan Width": 8,
          "Actual Startup Time": 95.591,
          "Actual Total Time": 101.416,
          "Actual Rows": 4,
          "Actual Loops": 1,
          "Workers Planned": 3,
          "Workers Launched": 3,
          "Single Copy": false,
          "Plans": [
            {
              "Node Type": "Aggregate",
              "Strategy": "Plain",
              "Partial Mode": "Partial",
              "Parent Relationship": "Outer",
              "Parallel Aware": false,
              "Startup Cost": 30623.92,
              "Total Cost": 30623.93,
              "Plan Rows": 1,
              "Plan Width": 8,
              "Actual Startup Time": 92.296,
              "Actual Total Time": 92.297,
              "Actual Rows": 1,
              "Actual Loops": 4,
              "Plans": [
                {
                  "Node Type": "Seq Scan",
                  "Parent Relationship": "Outer",
                  "Parallel Aware": true,
                  "Relation Name": "movie_companies",
                  "Alias": "mc",
                  "Startup Cost": 0.0,
                  "Total Cost": 29310.68,
                  "Plan Rows": 525295,
                  "Plan Width": 0,
                  "Actual Startup Time": 2.073,
                  "Actual Total Time": 73.768,
                  "Actual Rows": 406455,
                  "Actual Loops": 4,
                  "Filter": "(company_id > 4437)",
                  "Rows Removed by Filter": 245827
                }
              ]
            }
          ]
        }
      ]
    },
    "Planning Time": 0.106,
    "Triggers": [],
    "Execution Time": 101.461
  }
]