[
  {
    "Plan": {
      "Node Type": "Aggregate",
      "Strategy": "Plain",
      "Partial Mode": "Finalize",
      "Parallel Aware": false,
      "Startup Cost": 287493.96,
      "Total Cost": 287493.97,
      "Plan Rows": 1,
      "Plan Width": 8,
      "Actual Startup Time": 1248.074,
      "Actual Total Time": 1290.006,
      "Actual Rows": 1,
      "Actual Loops": 1,
      "Plans": [
        {
          "Node Type": "Gather",
          "Parent Relationship": "Outer",
          "Parallel Aware": false,
          "Startup Cost": 287493.44,
          "Total Cost": 287493.95,
          "Plan Rows": 5,
          "Plan Width": 8,
          "Actual Startup Time": 1242.522,
          "Actual Total Time": 1289.994,
          "Actual Rows": 6,
          "Actual Loops": 1,
          "Workers Planned": 5,
          "Workers Launched": 5,
          "Single Copy": false,
          "Plans": [
            {
              "Node Type": "Aggregate",
              "Strategy": "Plain",
              "Partial Mode": "Partial",
              "Parent Relationship": "Outer",
              "Parallel Aware": false,
              "Startup Cost": 286493.44,
              "Total Cost": 286493.45,
              "Plan Rows": 1,
              "Plan Width": 8,
              "Actual Startup Time": 1232.425,
              "Actual Total Time": 1232.622,
              "Actual Rows": 1,
              "Actual Loops": 6,
              "Plans": [
                {
                  "Node Type": "Hash Join",
                  "Parent Relationship": "Outer",
                  "Parallel Aware": true,
                  "Join Type": "Inner",
                  "Startup Cost": 78334.48,
                  "Total Cost": 285579.64,
                  "Plan Rows": 365520,
                  "Plan Width": 0,
                  "Actual Startup Time": 314.591,
                  "Actual Total Time": 1113.423,
                  "Actual Rows": 2656340,
                  "Actual Loops": 6,
                  "Inner Unique": false,
                  "Hash Cond": "(mi.movie_id = t.id)",
                  "Plans": [
                    {
                      "Node Type": "Seq Scan",
                      "Parent Relationship": "Outer",
                      "Parallel Aware": true,
                      "Relation Name": "movie_info",
                      "Alias": "mi",
                      "Startup Cost": 0.0,
                      "Total Cost": 198952.16,
                      "Plan Rows": 1897040,
                      "Plan Width": 4,
                      "Actual Startup Time": 0.019,
                      "Actual Total Time": 344.57,
                      "Actual Rows": 1594192,
                      "Actual Loops": 6,
                      "Filter": "(info_type_id < 16)",
                      "Rows Removed by Filter": 878428
                    },
                    {
                      "Node Type": "Hash",
                      "Parent Relationship": "Inner",
                      "Parallel Aware": true,
                      "Startup Cost": 76370.16,
                      "Total Cost": 76370.16,
                      "Plan Rows": 157145,
                      "Plan Width": 8,
                      "Actual Startup Time": 297.944,
                      "Actual Total Time": 298.139,
                      "Actual Rows": 107836,
                      "Actual Loops": 6,
                      "Hash Buckets": 1048576,
                      "Original Hash Buckets": 524288,
                      "Hash Batches": 1,
                      "Original Hash Batches": 1,
                      "Peak Memory Usage": 37664,
                      "Plans": [
                        {
                          "Node Type": "Hash Join",
                          "Parent Relationship": "Outer",
                          "Parallel Aware": true,
                          "Join Type": "Inner",
                          "Startup Cost": 46954.27,
                          "Total Cost": 76370.16,
                          "Plan Rows": 157145,
                          "Plan Width": 8,
                          "Actual Startup Time": 137.195,
                          "Actual Total Time": 247.814,
                          "Actual Rows": 107836,
                          "Actual Loops": 6,
                          "Inner Unique": true,
                          "Hash Cond": "(mc.movie_id = t.id)",
                          "Plans": [
                            {
                              "Node Type": "Seq Scan",
                              "Parent Relationship": "Outer",
                              "Parallel Aware": true,
                              "Relation Name": "movie_companies",
                              "Alias": "mc",
                              "Startup Cost": 0.0,
                              "Total Cost": 27206.55,
                              "Plan Rows": 841655,
                              "Plan Width": 4,
                              "Actual Startup Time": 0.017,
                              "Actual Total Time": 46.712,
                              "Actual Rows": 434855,
                              "Actual Loops": 6
                            },
                            {
                              "Node Type": "Hash",
                              "Parent Relationship": "Inner",
                              "Parallel Aware": true,
                              "Startup Cost": 45479.1,
                              "Total Cost": 45479.1,
                              "Plan Rows": 118014,
                              "Plan Width": 4,
                              "Actual Startup Time": 114.184,
                              "Actual Total Time": 114.185,
                              "Actual Rows": 57614,
                              "Actual Loops": 6,
                              "Hash Buckets": 524288,
                              "Original Hash Buckets": 524288,
                              "Hash Batches": 1,
                              "Original Hash Batches": 1,
                              "Peak Memory Usage": 17696,
                              "Plans": [
                                {
                                  "Node Type": "Seq Scan",
                                  "Parent Relationship": "Outer",
                                  "Parallel Aware": true,
                                  "Relation Name": "title",
                                  "Alias": "t",
                                  "Startup Cost": 0.0,
                                  "Total Cost": 45479.1,
                                  "Plan Rows": 118014,
                                  "Plan Width": 4,
                                  "Actual Startup Time": 45.913,
                                  "Actual Total Time": 86.687,
                                  "Actual Rows": 57614,
                                  "Actual Loops": 6,
                                  "Filter": "((production_year > 1988) AND (kind_id = 1))",
                                  "Rows Removed by Filter": 363771
                                }
                              ]
                            }
                          ]
                        }
                      ]
                    }
                  ]
                }
              ]
            }
          ]
        }
      ]
    },
    "Planning Time": 1.467,
    "Triggers": [],
    "Execution Time": 1290.099
  }
]