[
  {
    "Plan": {
      "Node Type": "Aggregate",
      "Strategy": "Plain",
      "Partial Mode": "Finalize",
      "Parallel Aware": false,
      "Startup Cost": 46486.52,
      "Total Cost": 46486.53,
      "Plan Rows": 1,
      "Plan Width": 8,
      "Actual Startup Time": 97.284,
      "Actual Total Time": 110.334,
      "Actual Rows": 1,
      "Actual Loops": 1,
      "Plans": [
        {
          "Node Type": "Gather",
          "Parent Relationship": "Outer",
          "Parallel Aware": false,
          "Startup Cost": 46486.1,
          "Total Cost": 46486.51,
          "Plan Rows": 4,
          "Plan Width": 8,
          "Actual Startup Time": 96.973,
          "Actual Total Time": 110.324,
          "Actual Rows": 5,
          "Actual Loops": 1,
          "Workers Planned": 4,
          "Workers Launched": 4,
          "Single Copy": false,
          "Plans": [
            {
              "Node Type": "Aggregate",
              "Strategy": "Plain",
              "Partial Mode": "Partial",
              "Parent Relationship": "Outer",
              "Parallel Aware": false,
              "Startup Cost": 45486.1,
              "Total Cost": 45486.11,
              "Plan Rows": 1,
              "Plan Width": 8,
              "Actual Startup Time": 89.218,
              "Actual Total Time": 89.219,
              "Actual Rows": 1,
              "Actual Loops": 5,
              "Plans": [
                {
                  "Node Type": "Seq Scan",
                  "Parent Relationship": "Outer",
                  "Parallel Aware": true,
                  "Relation Name": "title",
                  "Alias": "t",
                  "Startup Cost": 0.0,
                  "Total Cost": 45479.59,
                  "Plan Rows": 2606,
                  "Plan Width": 0,
                  "Actual Startup Time": 0.5,
                  "Actual Total Time": 89.02,
                  "Actual Rows": 1513,
                  "Actual Loops": 5,
                  "Filter": "((kind_id < 3) AND (production_year = 1996))",
                  "Rows Removed by Filter": 504150
                }
              ]
            }
          ]
        }
      ]
    },
    "Planning Time": 0.107,
    "Triggers": [],
    "Execution Time": 110.368
  }
]