[
    {
        "Bao": {
            "Bao prediction": "NaN",
            "Bao recommended hint": "(no hint)"
        }
    },
    {
        "Plan": {
            "Node Type": "Aggregate",
            "Strategy": "Plain",
            "Partial Mode": "Finalize",
            "Parallel Aware": false,
            "Startup Cost": 78056.31,
            "Total Cost": 78056.32,
            "Plan Rows": 1,
            "Plan Width": 8,
            "Actual Startup Time": 170.47,
            "Actual Total Time": 177.167,
            "Actual Rows": 1,
            "Actual Loops": 1,
            "Output": [
                "count(*)"
            ],
            "Plans": [
                {
                    "Node Type": "Gather",
                    "Parent Relationship": "Outer",
                    "Parallel Aware": false,
                    "Startup Cost": 78056.0,
                    "Total Cost": 78056.31,
                    "Plan Rows": 3,
                    "Plan Width": 8,
                    "Actual Startup Time": 169.497,
                    "Actual Total Time": 177.159,
                    "Actual Rows": 4,
                    "Actual Loops": 1,
                    "Output": [
                        "(PARTIAL count(*))"
                    ],
                    "Workers Planned": 3,
                    "Workers Launched": 3,
                    "Single Copy": false,
                    "Plans": [
                        {
                            "Node Type": "Aggregate",
                            "Strategy": "Plain",
                            "Partial Mode": "Partial",
                            "Parent Relationship": "Outer",
                            "Parallel Aware": false,
                            "Startup Cost": 77056.0,
                            "Total Cost": 77056.01,
                            "Plan Rows": 1,
                            "Plan Width": 8,
                            "Actual Startup Time": 160.48,
                            "Actual Total Time": 160.484,
                            "Actual Rows": 1,
                            "Actual Loops": 4,
                            "Output": [
                                "PARTIAL count(*)"
                            ],
                            "Workers": [
                                {
                                    "Worker Number": 0,
                                    "Actual Startup Time": 157.427,
                                    "Actual Total Time": 157.43,
                                    "Actual Rows": 1,
                                    "Actual Loops": 1
                                },
                                {
                                    "Worker Number": 1,
                                    "Actual Startup Time": 157.471,
                                    "Actual Total Time": 157.475,
                                    "Actual Rows": 1,
                                    "Actual Loops": 1
                                },
                                {
                                    "Worker Number": 2,
                                    "Actual Startup Time": 157.805,
                                    "Actual Total Time": 157.809,
                                    "Actual Rows": 1,
                                    "Actual Loops": 1
                                }
                            ],
                            "Plans": [
                                {
                                    "Node Type": "Hash Join",
                                    "Parent Relationship": "Outer",
                                    "Parallel Aware": true,
                                    "Join Type": "Inner",
                                    "Startup Cost": 49951.3,
                                    "Total Cost": 77039.56,
                                    "Plan Rows": 6575,
                                    "Plan Width": 0,
                                    "Actual Startup Time": 96.312,
                                    "Actual Total Time": 159.976,
                                    "Actual Rows": 6986,
                                    "Actual Loops": 4,
                                    "Inner Unique": true,
                                    "Hash Cond": "(mk.movie_id = t.id)",
                                    "Workers": [
                                        {
                                            "Worker Number": 0,
                                            "Actual Startup Time": 93.236,
                                            "Actual Total Time": 156.917,
                                            "Actual Rows": 6438,
                                            "Actual Loops": 1
                                        },
                                        {
                                            "Worker Number": 1,
                                            "Actual Startup Time": 93.314,
                                            "Actual Total Time": 156.985,
                                            "Actual Rows": 6147,
                                            "Actual Loops": 1
                                        },
                                        {
                                            "Worker Number": 2,
                                            "Actual Startup Time": 93.66,
                                            "Actual Total Time": 157.3,
                                            "Actual Rows": 6182,
                                            "Actual Loops": 1
                                        }
                                    ],
                                    "Plans": [
                                        {
                                            "Node Type": "Bitmap Heap Scan",
                                            "Parent Relationship": "Outer",
                                            "Parallel Aware": true,
                                            "Relation Name": "movie_keyword",
                                            "Schema": "public",
                                            "Alias": "mk",
                                            "Startup Cost": 11452.77,
                                            "Total Cost": 38083.85,
                                            "Plan Rows": 174166,
                                            "Plan Width": 4,
                                            "Actual Startup Time": 35.006,
                                            "Actual Total Time": 96.335,
                                            "Actual Rows": 133708,
                                            "Actual Loops": 4,
                                            "Output": [
                                                "mk.id",
                                                "mk.movie_id",
                                                "mk.keyword_id"
                                            ],
                                            "Recheck Cond": "(mk.keyword_id > 34307)",
                                            "Rows Removed by Index Recheck": 0,
                                            "Exact Heap Blocks": 8335,
                                            "Lossy Heap Blocks": 0,
                                            "Workers": [
                                                {
                                                    "Worker Number": 0,
                                                    "Actual Startup Time": 35.103,
                                                    "Actual Total Time": 97.532,
                                                    "Actual Rows": 113119,
                                                    "Actual Loops": 1
                                                },
                                                {
                                                    "Worker Number": 1,
                                                    "Actual Startup Time": 35.05,
                                                    "Actual Total Time": 97.623,
                                                    "Actual Rows": 118140,
                                                    "Actual Loops": 1
                                                },
                                                {
                                                    "Worker Number": 2,
                                                    "Actual Startup Time": 35.121,
                                                    "Actual Total Time": 97.61,
                                                    "Actual Rows": 111915,
                                                    "Actual Loops": 1
                                                }
                                            ],
                                            "Plans": [
                                                {
                                                    "Node Type": "Bitmap Index Scan",
                                                    "Parent Relationship": "Outer",
                                                    "Parallel Aware": false,
                                                    "Index Name": "keyword_id_movie_keyword",
                                                    "Startup Cost": 0.0,
                                                    "Total Cost": 11317.8,
                                                    "Plan Rows": 539915,
                                                    "Plan Width": 0,
                                                    "Actual Startup Time": 31.406,
                                                    "Actual Total Time": 31.406,
                                                    "Actual Rows": 534830,
                                                    "Actual Loops": 1,
                                                    "Index Cond": "(mk.keyword_id > 34307)"
                                                }
                                            ]
                                        },
                                        {
                                            "Node Type": "Hash",
                                            "Parent Relationship": "Inner",
                                            "Parallel Aware": true,
                                            "Startup Cost": 38200.25,
                                            "Total Cost": 38200.25,
                                            "Plan Rows": 23862,
                                            "Plan Width": 4,
                                            "Actual Startup Time": 42.35,
                                            "Actual Total Time": 42.351,
                                            "Actual Rows": 25114,
                                            "Actual Loops": 4,
                                            "Output": [
                                                "t.id"
                                            ],
                                            "Hash Buckets": 131072,
                                            "Original Hash Buckets": 131072,
                                            "Hash Batches": 1,
                                            "Original Hash Batches": 1,
                                            "Peak Memory Usage": 5024,
                                            "Workers": [
                                                {
                                                    "Worker Number": 0,
                                                    "Actual Startup Time": 39.43,
                                                    "Actual Total Time": 39.432,
                                                    "Actual Rows": 12492,
                                                    "Actual Loops": 1
                                                },
                                                {
                                                    "Worker Number": 1,
                                                    "Actual Startup Time": 39.537,
                                                    "Actual Total Time": 39.539,
                                                    "Actual Rows": 16149,
                                                    "Actual Loops": 1
                                                },
                                                {
                                                    "Worker Number": 2,
                                                    "Actual Startup Time": 39.872,
                                                    "Actual Total Time": 39.873,
                                                    "Actual Rows": 13575,
                                                    "Actual Loops": 1
                                                }
                                            ],
                                            "Plans": [
                                                {
                                                    "Node Type": "Bitmap Heap Scan",
                                                    "Parent Relationship": "Outer",
                                                    "Parallel Aware": true,
                                                    "Relation Name": "title",
                                                    "Schema": "public",
                                                    "Alias": "t",
                                                    "Startup Cost": 1824.26,
                                                    "Total Cost": 38200.25,
                                                    "Plan Rows": 23862,
                                                    "Plan Width": 4,
                                                    "Actual Startup Time": 2.268,
                                                    "Actual Total Time": 32.622,
                                                    "Actual Rows": 25114,
                                                    "Actual Loops": 4,
                                                    "Output": [
                                                        "t.id"
                                                    ],
                                                    "Recheck Cond": "(t.kind_id = 3)",
                                                    "Rows Removed by Index Recheck": 0,
                                                    "Filter": "(t.production_year > 1914)",
                                                    "Rows Removed by Filter": 20,
                                                    "Exact Heap Blocks": 7462,
                                                    "Lossy Heap Blocks": 0,
                                                    "Workers": [
                                                        {
                                                            "Worker Number": 0,
                                                            "Actual Startup Time": 0.171,
                                                            "Actual Total Time": 31.164,
                                                            "Actual Rows": 12492,
                                                            "Actual Loops": 1
                                                        },
                                                        {
                                                            "Worker Number": 1,
                                                            "Actual Startup Time": 0.157,
                                                            "Actual Total Time": 31.204,
                                                            "Actual Rows": 16149,
                                                            "Actual Loops": 1
                                                        },
                                                        {
                                                            "Worker Number": 2,
                                                            "Actual Startup Time": 0.149,
                                                            "Actual Total Time": 31.444,
                                                            "Actual Rows": 13575,
                                                            "Actual Loops": 1
                                                        }
                                                    ],
                                                    "Plans": [
                                                        {
                                                            "Node Type": "Bitmap Index Scan",
                                                            "Parent Relationship": "Outer",
                                                            "Parallel Aware": false,
                                                            "Index Name": "kind_id_title",
                                                            "Startup Cost": 0.0,
                                                            "Total Cost": 1800.4,
                                                            "Plan Rows": 100796,
                                                            "Plan Width": 0,
                                                            "Actual Startup Time": 6.313,
                                                            "Actual Total Time": 6.313,
                                                            "Actual Rows": 100537,
                                                            "Actual Loops": 1,
                                                            "Index Cond": "(t.kind_id = 3)"
                                                        }
                                                    ]
                                                }
                                            ]
                                        }
                                    ]
                                }
                            ]
                        }
                    ]
                }
            ]
        },
        "Planning Time": 177.174,
        "Triggers": [],
        "Execution Time": 177.238
    }
]