{
  "Plan": {
    "Node Type": "Aggregate",
    "Strategy": "Plain",
    "Partial Mode": "Simple",
    "Parallel Aware": false,
    "Startup Cost": 52503.22,
    "Total Cost": 52503.23,
    "Plan Rows": 1,
    "Plan Width": 96,
    "Actual Startup Time": 147.014,
    "Actual Total Time": 147.023,
    "Actual Rows": 1,
    "Actual Loops": 1,
    "Plans": [
      {
        "Node Type": "Nested Loop",
        "Parent Relationship": "Outer",
        "Parallel Aware": false,
        "Join Type": "Inner",
        "Startup Cost": 7519.78,
        "Total Cost": 52503.21,
        "Plan Rows": 1,
        "Plan Width": 42,
        "Actual Startup Time": 54.353,
        "Actual Total Time": 146.998,
        "Actual Rows": 53,
        "Actual Loops": 1,
        "Inner Unique": true,
        "Plans": [
          {
            "Node Type": "Nested Loop",
            "Parent Relationship": "Outer",
            "Parallel Aware": false,
            "Join Type": "Inner",
            "Startup Cost": 7519.36,
            "Total Cost": 52502.76,
            "Plan Rows": 1,
            "Plan Width": 27,
            "Actual Startup Time": 54.34,
            "Actual Total Time": 146.637,
            "Actual Rows": 162,
            "Actual Loops": 1,
            "Inner Unique": true,
            "Plans": [
              {
                "Node Type": "Nested Loop",
                "Parent Relationship": "Outer",
                "Parallel Aware": false,
                "Join Type": "Inner",
                "Startup Cost": 7519.23,
                "Total Cost": 52502.59,
                "Plan Rows": 1,
                "Plan Width": 31,
                "Actual Startup Time": 54.319,
                "Actual Total Time": 146.167,
                "Actual Rows": 615,
                "Actual Loops": 1,
                "Inner Unique": false,
                "Join Filter": "(miidx.movie_id = mc.movie_id)",
                "Rows Removed by Join Filter": 0,
                "Plans": [
                  {
                    "Node Type": "Hash Join",
                    "Parent Relationship": "Outer",
                    "Parallel Aware": false,
                    "Join Type": "Inner",
                    "Startup Cost": 7518.8,
                    "Total Cost": 52502.01,
                    "Plan Rows": 1,
                    "Plan Width": 35,
                    "Actual Startup Time": 54.301,
                    "Actual Total Time": 145.807,
                    "Actual Rows": 90,
                    "Actual Loops": 1,
                    "Inner Unique": true,
                    "Hash Cond": "(mi.info_type_id = it2.id)",
                    "Plans": [
                      {
                        "Node Type": "Nested Loop",
                        "Parent Relationship": "Outer",
                        "Parallel Aware": false,
                        "Join Type": "Inner",
                        "Startup Cost": 7516.37,
                        "Total Cost": 52499.56,
                        "Plan Rows": 6,
                        "Plan Width": 39,
                        "Actual Startup Time": 54.222,
                        "Actual Total Time": 145.691,
                        "Actual Rows": 499,
                        "Actual Loops": 1,
                        "Inner Unique": false,
                        "Plans": [
                          {
                            "Node Type": "Hash Join",
                            "Parent Relationship": "Outer",
                            "Parallel Aware": false,
                            "Join Type": "Inner",
                            "Startup Cost": 7515.94,
                            "Total Cost": 52497.38,
                            "Plan Rows": 1,
                            "Plan Width": 31,
                            "Actual Startup Time": 54.201,
                            "Actual Total Time": 145.158,
                            "Actual Rows": 29,
                            "Actual Loops": 1,
                            "Inner Unique": true,
                            "Hash Cond": "(miidx.info_type_id = it.id)",
                            "Plans": [
                              {
                                "Node Type": "Nested Loop",
                                "Parent Relationship": "Outer",
                                "Parallel Aware": false,
                                "Join Type": "Inner",
                                "Startup Cost": 7513.51,
                                "Total Cost": 52494.85,
                                "Plan Rows": 37,
                                "Plan Width": 35,
                                "Actual Startup Time": 54.15,
                                "Actual Total Time": 145.089,
                                "Actual Rows": 87,
                                "Actual Loops": 1,
                                "Inner Unique": false,
                                "Plans": [
                                  {
                                    "Node Type": "Nested Loop",
                                    "Parent Relationship": "Outer",
                                    "Parallel Aware": false,
                                    "Join Type": "Inner",
                                    "Startup Cost": 7513.08,
                                    "Total Cost": 51941.31,
                                    "Plan Rows": 67,
                                    "Plan Width": 21,
                                    "Actual Startup Time": 53.95,
                                    "Actual Total Time": 144.87,
                                    "Actual Rows": 89,
                                    "Actual Loops": 1,
                                    "Inner Unique": false,
                                    "Plans": [
                                      {
                                        "Node Type": "Seq Scan",
                                        "Parent Relationship": "Outer",
                                        "Parallel Aware": false,
                                        "Relation Name": "kind_type",
                                        "Alias": "kt",
                                        "Startup Cost": 0.0,
                                        "Total Cost": 1.09,
                                        "Plan Rows": 1,
                                        "Plan Width": 4,
                                        "Actual Startup Time": 0.011,
                                        "Actual Total Time": 0.017,
                                        "Actual Rows": 1,
                                        "Actual Loops": 1,
                                        "Filter": "((kind)::text = 'movie'::text)",
                                        "Rows Removed by Filter": 6
                                      },
                                      {
                                        "Node Type": "Bitmap Heap Scan",
                                        "Parent Relationship": "Inner",
                                        "Parallel Aware": false,
                                        "Relation Name": "title",
                                        "Alias": "t",
                                        "Startup Cost": 7513.08,
                                        "Total Cost": 51939.44,
                                        "Plan Rows": 78,
                                        "Plan Width": 25,
                                        "Actual Startup Time": 53.927,
                                        "Actual Total Time": 144.83,
                                        "Actual Rows": 89,
                                        "Actual Loops": 1,
                                        "Recheck Cond": "(kind_id = kt.id)",
                                        "Rows Removed by Index Recheck": 0,
                                        "Filter": "((title <> ''::text) AND ((title ~~ 'Champion%'::text) OR (title ~~ 'Loser%'::text)))",
                                        "Rows Removed by Filter": 662736,
                                        "Exact Heap Blocks": 12863,
                                        "Lossy Heap Blocks": 0,
                                        "Plans": [
                                          {
                                            "Node Type": "Bitmap Index Scan",
                                            "Parent Relationship": "Outer",
                                            "Parallel Aware": false,
                                            "Index Name": "kind_id_title",
                                            "Startup Cost": 0.0,
                                            "Total Cost": 7513.07,
                                            "Plan Rows": 421418,
                                            "Plan Width": 0,
                                            "Actual Startup Time": 42.367,
                                            "Actual Total Time": 42.367,
                                            "Actual Rows": 662825,
                                            "Actual Loops": 1,
                                            "Index Cond": "(kind_id = kt.id)"
                                          }
                                        ]
                                      }
                                    ]
                                  },
                                  {
                                    "Node Type": "Index Scan",
                                    "Parent Relationship": "Inner",
                                    "Parallel Aware": false,
                                    "Scan Direction": "Forward",
                                    "Index Name": "movie_id_movie_info_idx",
                                    "Relation Name": "movie_info_idx",
                                    "Alias": "miidx",
                                    "Startup Cost": 0.43,
                                    "Total Cost": 8.23,
                                    "Plan Rows": 3,
                                    "Plan Width": 14,
                                    "Actual Startup Time": 0.002,
                                    "Actual Total Time": 0.002,
                                    "Actual Rows": 1,
                                    "Actual Loops": 89,
                                    "Index Cond": "(movie_id = t.id)",
                                    "Rows Removed by Index Recheck": 0
                                  }
                                ]
                              },
                              {
                                "Node Type": "Hash",
                                "Parent Relationship": "Inner",
                                "Parallel Aware": false,
                                "Startup Cost": 2.41,
                                "Total Cost": 2.41,
                                "Plan Rows": 1,
                                "Plan Width": 4,
                                "Actual Startup Time": 0.04,
                                "Actual Total Time": 0.041,
                                "Actual Rows": 1,
                                "Actual Loops": 1,
                                "Hash Buckets": 1024,
                                "Original Hash Buckets": 1024,
                                "Hash Batches": 1,
                                "Original Hash Batches": 1,
                                "Peak Memory Usage": 9,
                                "Plans": [
                                  {
                                    "Node Type": "Seq Scan",
                                    "Parent Relationship": "Outer",
                                    "Parallel Aware": false,
                                    "Relation Name": "info_type",
                                    "Alias": "it",
                                    "Startup Cost": 0.0,
                                    "Total Cost": 2.41,
                                    "Plan Rows": 1,
                                    "Plan Width": 4,
                                    "Actual Startup Time": 0.033,
                                    "Actual Total Time": 0.037,
                                    "Actual Rows": 1,
                                    "Actual Loops": 1,
                                    "Filter": "((info)::text = 'rating'::text)",
                                    "Rows Removed by Filter": 112
                                  }
                                ]
                              }
                            ]
                          },
                          {
                            "Node Type": "Index Scan",
                            "Parent Relationship": "Inner",
                            "Parallel Aware": false,
                            "Scan Direction": "Forward",
                            "Index Name": "movie_id_movie_info",
                            "Relation Name": "movie_info",
                            "Alias": "mi",
                            "Startup Cost": 0.43,
                            "Total Cost": 1.78,
                            "Plan Rows": 41,
                            "Plan Width": 8,
                            "Actual Startup Time": 0.005,
                            "Actual Total Time": 0.016,
                            "Actual Rows": 17,
                            "Actual Loops": 29,
                            "Index Cond": "(movie_id = miidx.movie_id)",
                            "Rows Removed by Index Recheck": 0
                          }
                        ]
                      },
                      {
                        "Node Type": "Hash",
                        "Parent Relationship": "Inner",
                        "Parallel Aware": false,
                        "Startup Cost": 2.41,
                        "Total Cost": 2.41,
                        "Plan Rows": 1,
                        "Plan Width": 4,
                        "Actual Startup Time": 0.054,
                        "Actual Total Time": 0.054,
                        "Actual Rows": 1,
                        "Actual Loops": 1,
                        "Hash Buckets": 1024,
                        "Original Hash Buckets": 1024,
                        "Hash Batches": 1,
                        "Original Hash Batches": 1,
                        "Peak Memory Usage": 9,
                        "Plans": [
                          {
                            "Node Type": "Seq Scan",
                            "Parent Relationship": "Outer",
                            "Parallel Aware": false,
                            "Relation Name": "info_type",
                            "Alias": "it2",
                            "Startup Cost": 0.0,
                            "Total Cost": 2.41,
                            "Plan Rows": 1,
                            "Plan Width": 4,
                            "Actual Startup Time": 0.028,
                            "Actual Total Time": 0.047,
                            "Actual Rows": 1,
                            "Actual Loops": 1,
                            "Filter": "((info)::text = 'release dates'::text)",
                            "Rows Removed by Filter": 112
                          }
                        ]
                      }
                    ]
                  },
                  {
                    "Node Type": "Index Scan",
                    "Parent Relationship": "Inner",
                    "Parallel Aware": false,
                    "Scan Direction": "Forward",
                    "Index Name": "movie_id_movie_companies",
                    "Relation Name": "movie_companies",
                    "Alias": "mc",
                    "Startup Cost": 0.43,
                    "Total Cost": 0.53,
                    "Plan Rows": 5,
                    "Plan Width": 12,
                    "Actual Startup Time": 0.002,
                    "Actual Total Time": 0.003,
                    "Actual Rows": 7,
                    "Actual Loops": 90,
                    "Index Cond": "(movie_id = mi.movie_id)",
                    "Rows Removed by Index Recheck": 0
                  }
                ]
              },
              {
                "Node Type": "Index Scan",
                "Parent Relationship": "Inner",
                "Parallel Aware": false,
                "Scan Direction": "Forward",
                "Index Name": "company_type_pkey",
                "Relation Name": "company_type",
                "Alias": "ct",
                "Startup Cost": 0.13,
                "Total Cost": 0.15,
                "Plan Rows": 1,
                "Plan Width": 4,
                "Actual Startup Time": 0.001,
                "Actual Total Time": 0.001,
                "Actual Rows": 0,
                "Actual Loops": 615,
                "Index Cond": "(id = mc.company_type_id)",
                "Rows Removed by Index Recheck": 0,
                "Filter": "((kind)::text = 'production companies'::text)",
                "Rows Removed by Filter": 1
              }
            ]
          },
          {
            "Node Type": "Index Scan",
            "Parent Relationship": "Inner",
            "Parallel Aware": false,
            "Scan Direction": "Forward",
            "Index Name": "company_name_pkey",
            "Relation Name": "company_name",
            "Alias": "cn",
            "Startup Cost": 0.42,
            "Total Cost": 0.45,
            "Plan Rows": 1,
            "Plan Width": 23,
            "Actual Startup Time": 0.002,
            "Actual Total Time": 0.002,
            "Actual Rows": 0,
            "Actual Loops": 162,
            "Index Cond": "(id = mc.company_id)",
            "Rows Removed by Index Recheck": 0,
            "Filter": "((country_code)::text = '[us]'::text)",
            "Rows Removed by Filter": 1
          }
        ]
      }
    ]
  },
  "Planning Time": 2.519,
  "Triggers": [],
  "Execution Time": 147.199
}