[
    {
        "Bao": {
            "Bao prediction": "NaN",
            "Bao recommended hint": "(no hint)"
        }
    },
    {
        "Plan": {
            "Node Type": "Aggregate",
            "Strategy": "Plain",
            "Partial Mode": "Finalize",
            "Parallel Aware": false,
            "Startup Cost": 26495.16,
            "Total Cost": 26495.17,
            "Plan Rows": 1,
            "Plan Width": 8,
            "Actual Startup Time": 62.119,
            "Actual Total Time": 65.943,
            "Actual Rows": 1,
            "Actual Loops": 1,
            "Output": [
                "count(*)"
            ],
            "Plans": [
                {
                    "Node Type": "Gather",
                    "Parent Relationship": "Outer",
                    "Parallel Aware": false,
                    "Startup Cost": 26494.84,
                    "Total Cost": 26495.15,
                    "Plan Rows": 3,
                    "Plan Width": 8,
                    "Actual Startup Time": 61.944,
                    "Actual Total Time": 65.934,
                    "Actual Rows": 4,
                    "Actual Loops": 1,
                    "Output": [
                        "(PARTIAL count(*))"
                    ],
                    "Workers Planned": 3,
                    "Workers Launched": 3,
                    "Single Copy": false,
                    "Plans": [
                        {
                            "Node Type": "Aggregate",
                            "Strategy": "Plain",
                            "Partial Mode": "Partial",
                            "Parent Relationship": "Outer",
                            "Parallel Aware": false,
                            "Startup Cost": 25494.84,
                            "Total Cost": 25494.85,
                            "Plan Rows": 1,
                            "Plan Width": 8,
                            "Actual Startup Time": 53.56,
                            "Actual Total Time": 53.561,
                            "Actual Rows": 1,
                            "Actual Loops": 4,
                            "Output": [
                                "PARTIAL count(*)"
                            ],
                            "Workers": [
                                {
                                    "Worker Number": 0,
                                    "Actual Startup Time": 50.531,
                                    "Actual Total Time": 50.532,
                                    "Actual Rows": 1,
                                    "Actual Loops": 1
                                },
                                {
                                    "Worker Number": 1,
                                    "Actual Startup Time": 50.843,
                                    "Actual Total Time": 50.845,
                                    "Actual Rows": 1,
                                    "Actual Loops": 1
                                },
                                {
                                    "Worker Number": 2,
                                    "Actual Startup Time": 51.31,
                                    "Actual Total Time": 51.311,
                                    "Actual Rows": 1,
                                    "Actual Loops": 1
                                }
                            ],
                            "Plans": [
                                {
                                    "Node Type": "Bitmap Heap Scan",
                                    "Parent Relationship": "Outer",
                                    "Parallel Aware": true,
                                    "Relation Name": "movie_companies",
                                    "Schema": "public",
                                    "Alias": "mc",
                                    "Startup Cost": 5480.85,
                                    "Total Cost": 25290.85,
                                    "Plan Rows": 81599,
                                    "Plan Width": 0,
                                    "Actual Startup Time": 15.04,
                                    "Actual Total Time": 47.572,
                                    "Actual Rows": 64071,
                                    "Actual Loops": 4,
                                    "Recheck Cond": "(mc.company_id > 100071)",
                                    "Rows Removed by Index Recheck": 0,
                                    "Exact Heap Blocks": 2237,
                                    "Lossy Heap Blocks": 0,
                                    "Workers": [
                                        {
                                            "Worker Number": 0,
                                            "Actual Startup Time": 12.13,
                                            "Actual Total Time": 45.194,
                                            "Actual Rows": 44778,
                                            "Actual Loops": 1
                                        },
                                        {
                                            "Worker Number": 1,
                                            "Actual Startup Time": 12.339,
                                            "Actual Total Time": 45.699,
                                            "Actual Rows": 42283,
                                            "Actual Loops": 1
                                        },
                                        {
                                            "Worker Number": 2,
                                            "Actual Startup Time": 12.896,
                                            "Actual Total Time": 45.933,
                                            "Actual Rows": 44881,
                                            "Actual Loops": 1
                                        }
                                    ],
                                    "Plans": [
                                        {
                                            "Node Type": "Bitmap Index Scan",
                                            "Parent Relationship": "Outer",
                                            "Parallel Aware": false,
                                            "Index Name": "company_id_movie_companies",
                                            "Startup Cost": 0.0,
                                            "Total Cost": 5417.61,
                                            "Plan Rows": 252958,
                                            "Plan Width": 0,
                                            "Actual Startup Time": 21.793,
                                            "Actual Total Time": 21.793,
                                            "Actual Rows": 256284,
                                            "Actual Loops": 1,
                                            "Index Cond": "(mc.company_id > 100071)"
                                        }
                                    ]
                                }
                            ]
                        }
                    ]
                }
            ]
        },
        "Planning Time": 284.146,
        "Triggers": [],
        "Execution Time": 66.016
    }
]