[
  {
    "Plan": {
      "Node Type": "Aggregate",
      "Strategy": "Plain",
      "Partial Mode": "Finalize",
      "Parallel Aware": false,
      "Startup Cost": 28780.93,
      "Total Cost": 28780.94,
      "Plan Rows": 1,
      "Plan Width": 8,
      "Actual Startup Time": 79.383,
      "Actual Total Time": 82.623,
      "Actual Rows": 1,
      "Actual Loops": 1,
      "Plans": [
        {
          "Node Type": "Gather",
          "Parent Relationship": "Outer",
          "Parallel Aware": false,
          "Startup Cost": 28780.61,
          "Total Cost": 28780.92,
          "Plan Rows": 3,
          "Plan Width": 8,
          "Actual Startup Time": 79.248,
          "Actual Total Time": 82.614,
          "Actual Rows": 4,
          "Actual Loops": 1,
          "Workers Planned": 3,
          "Workers Launched": 3,
          "Single Copy": false,
          "Plans": [
            {
              "Node Type": "Aggregate",
              "Strategy": "Plain",
              "Partial Mode": "Partial",
              "Parent Relationship": "Outer",
              "Parallel Aware": false,
              "Startup Cost": 27780.61,
              "Total Cost": 27780.62,
              "Plan Rows": 1,
              "Plan Width": 8,
              "Actual Startup Time": 72.568,
              "Actual Total Time": 72.572,
              "Actual Rows": 1,
              "Actual Loops": 4,
              "Plans": [
                {
                  "Node Type": "Bitmap Heap Scan",
                  "Parent Relationship": "Outer",
                  "Parallel Aware": true,
                  "Relation Name": "movie_companies",
                  "Alias": "mc",
                  "Startup Cost": 7349.28,
                  "Total Cost": 27507.05,
                  "Plan Rows": 109422,
                  "Plan Width": 0,
                  "Actual Startup Time": 34.511,
                  "Actual Total Time": 66.275,
                  "Actual Rows": 85096,
                  "Actual Loops": 4,
                  "Recheck Cond": "(company_id > 89245)",
                  "Rows Removed by Index Recheck": 0,
                  "Exact Heap Blocks": 2968,
                  "Lossy Heap Blocks": 0,
                  "Plans": [
                    {
                      "Node Type": "Bitmap Index Scan",
                      "Parent Relationship": "Outer",
                      "Parallel Aware": false,
                      "Index Name": "company_id_movie_companies",
                      "Startup Cost": 0.0,
                      "Total Cost": 7264.48,
                      "Plan Rows": 339207,
                      "Plan Width": 0,
                      "Actual Startup Time": 39.652,
                      "Actual Total Time": 39.66,
                      "Actual Rows": 340384,
                      "Actual Loops": 1,
                      "Index Cond": "(company_id > 89245)"
                    }
                  ]
                }
              ]
            }
          ]
        }
      ]
    },
    "Planning Time": 0.2,
    "Triggers": [],
    "Execution Time": 82.701
  }
]