[
  {
    "Plan": {
      "Node Type": "Aggregate",
      "Strategy": "Plain",
      "Partial Mode": "Finalize",
      "Parallel Aware": false,
      "Startup Cost": 335969.39,
      "Total Cost": 335969.4,
      "Plan Rows": 1,
      "Plan Width": 8,
      "Actual Startup Time": 925.467,
      "Actual Total Time": 995.885,
      "Actual Rows": 1,
      "Actual Loops": 1,
      "Plans": [
        {
          "Node Type": "Gather",
          "Parent Relationship": "Outer",
          "Parallel Aware": false,
          "Startup Cost": 335968.76,
          "Total Cost": 335969.37,
          "Plan Rows": 6,
          "Plan Width": 8,
          "Actual Startup Time": 925.289,
          "Actual Total Time": 995.872,
          "Actual Rows": 7,
          "Actual Loops": 1,
          "Workers Planned": 6,
          "Workers Launched": 6,
          "Single Copy": false,
          "Plans": [
            {
              "Node Type": "Aggregate",
              "Strategy": "Plain",
              "Partial Mode": "Partial",
              "Parent Relationship": "Outer",
              "Parallel Aware": false,
              "Startup Cost": 334968.76,
              "Total Cost": 334968.77,
              "Plan Rows": 1,
              "Plan Width": 8,
              "Actual Startup Time": 913.614,
              "Actual Total Time": 913.615,
              "Actual Rows": 1,
              "Actual Loops": 7,
              "Plans": [
                {
                  "Node Type": "Seq Scan",
                  "Parent Relationship": "Outer",
                  "Parallel Aware": true,
                  "Relation Name": "cast_info",
                  "Alias": "ci",
                  "Startup Cost": 0.0,
                  "Total Cost": 328211.39,
                  "Plan Rows": 2702948,
                  "Plan Width": 0,
                  "Actual Startup Time": 283.401,
                  "Actual Total Time": 771.113,
                  "Actual Rows": 2278995,
                  "Actual Loops": 7,
                  "Filter": "(person_id > 2038699)",
                  "Rows Removed by Filter": 2898768
                }
              ]
            }
          ]
        }
      ]
    },
    "Planning Time": 0.21,
    "Triggers": [],
    "Execution Time": 995.964
  }
]