[
  {
    "Plan": {
      "Node Type": "Aggregate",
      "Strategy": "Plain",
      "Partial Mode": "Finalize",
      "Parallel Aware": false,
      "Startup Cost": 335822.95,
      "Total Cost": 335822.96,
      "Plan Rows": 1,
      "Plan Width": 8,
      "Actual Startup Time": 747.469,
      "Actual Total Time": 805.239,
      "Actual Rows": 1,
      "Actual Loops": 1,
      "Plans": [
        {
          "Node Type": "Gather",
          "Parent Relationship": "Outer",
          "Parallel Aware": false,
          "Startup Cost": 335822.32,
          "Total Cost": 335822.93,
          "Plan Rows": 6,
          "Plan Width": 8,
          "Actual Startup Time": 747.377,
          "Actual Total Time": 805.228,
          "Actual Rows": 7,
          "Actual Loops": 1,
          "Workers Planned": 6,
          "Workers Launched": 6,
          "Single Copy": false,
          "Plans": [
            {
              "Node Type": "Aggregate",
              "Strategy": "Plain",
              "Partial Mode": "Partial",
              "Parent Relationship": "Outer",
              "Parallel Aware": false,
              "Startup Cost": 334822.32,
              "Total Cost": 334822.33,
              "Plan Rows": 1,
              "Plan Width": 8,
              "Actual Startup Time": 737.335,
              "Actual Total Time": 737.336,
              "Actual Rows": 1,
              "Actual Loops": 7,
              "Plans": [
                {
                  "Node Type": "Seq Scan",
                  "Parent Relationship": "Outer",
                  "Parallel Aware": true,
                  "Relation Name": "cast_info",
                  "Alias": "ci",
                  "Startup Cost": 0.0,
                  "Total Cost": 328162.03,
                  "Plan Rows": 2664119,
                  "Plan Width": 0,
                  "Actual Startup Time": 232.444,
                  "Actual Total Time": 620.785,
                  "Actual Rows": 2278995,
                  "Actual Loops": 7,
                  "Filter": "(person_id > 2038699)",
                  "Rows Removed by Filter": 2898768
                }
              ]
            }
          ]
        }
      ]
    },
    "Planning Time": 0.203,
    "Triggers": [],
    "Execution Time": 805.316
  }
]