[
    {
        "Bao": {
            "Bao prediction": "NaN",
            "Bao recommended hint": "(no hint)"
        }
    },
    {
        "Plan": {
            "Node Type": "Aggregate",
            "Strategy": "Plain",
            "Partial Mode": "Finalize",
            "Parallel Aware": false,
            "Startup Cost": 25313.43,
            "Total Cost": 25313.44,
            "Plan Rows": 1,
            "Plan Width": 8,
            "Actual Startup Time": 50.874,
            "Actual Total Time": 54.498,
            "Actual Rows": 1,
            "Actual Loops": 1,
            "Output": [
                "count(*)"
            ],
            "Plans": [
                {
                    "Node Type": "Gather",
                    "Parent Relationship": "Outer",
                    "Parallel Aware": false,
                    "Startup Cost": 25313.11,
                    "Total Cost": 25313.42,
                    "Plan Rows": 3,
                    "Plan Width": 8,
                    "Actual Startup Time": 50.684,
                    "Actual Total Time": 54.49,
                    "Actual Rows": 4,
                    "Actual Loops": 1,
                    "Output": [
                        "(PARTIAL count(*))"
                    ],
                    "Workers Planned": 3,
                    "Workers Launched": 3,
                    "Single Copy": false,
                    "Plans": [
                        {
                            "Node Type": "Aggregate",
                            "Strategy": "Plain",
                            "Partial Mode": "Partial",
                            "Parent Relationship": "Outer",
                            "Parallel Aware": false,
                            "Startup Cost": 24313.11,
                            "Total Cost": 24313.12,
                            "Plan Rows": 1,
                            "Plan Width": 8,
                            "Actual Startup Time": 41.91,
                            "Actual Total Time": 41.914,
                            "Actual Rows": 1,
                            "Actual Loops": 4,
                            "Output": [
                                "PARTIAL count(*)"
                            ],
                            "Workers": [
                                {
                                    "Worker Number": 0,
                                    "Actual Startup Time": 38.771,
                                    "Actual Total Time": 38.773,
                                    "Actual Rows": 1,
                                    "Actual Loops": 1
                                },
                                {
                                    "Worker Number": 1,
                                    "Actual Startup Time": 39.227,
                                    "Actual Total Time": 39.229,
                                    "Actual Rows": 1,
                                    "Actual Loops": 1
                                },
                                {
                                    "Worker Number": 2,
                                    "Actual Startup Time": 39.381,
                                    "Actual Total Time": 39.393,
                                    "Actual Rows": 1,
                                    "Actual Loops": 1
                                }
                            ],
                            "Plans": [
                                {
                                    "Node Type": "Bitmap Heap Scan",
                                    "Parent Relationship": "Outer",
                                    "Parallel Aware": true,
                                    "Relation Name": "movie_companies",
                                    "Schema": "public",
                                    "Alias": "mc",
                                    "Startup Cost": 4515.03,
                                    "Total Cost": 24145.1,
                                    "Plan Rows": 67205,
                                    "Plan Width": 0,
                                    "Actual Startup Time": 11.359,
                                    "Actual Total Time": 37.819,
                                    "Actual Rows": 53042,
                                    "Actual Loops": 4,
                                    "Recheck Cond": "(mc.company_id > 109956)",
                                    "Rows Removed by Index Recheck": 0,
                                    "Exact Heap Blocks": 2721,
                                    "Lossy Heap Blocks": 0,
                                    "Workers": [
                                        {
                                            "Worker Number": 0,
                                            "Actual Startup Time": 8.379,
                                            "Actual Total Time": 35.253,
                                            "Actual Rows": 27301,
                                            "Actual Loops": 1
                                        },
                                        {
                                            "Worker Number": 1,
                                            "Actual Startup Time": 8.691,
                                            "Actual Total Time": 35.715,
                                            "Actual Rows": 27281,
                                            "Actual Loops": 1
                                        },
                                        {
                                            "Worker Number": 2,
                                            "Actual Startup Time": 8.864,
                                            "Actual Total Time": 35.893,
                                            "Actual Rows": 26926,
                                            "Actual Loops": 1
                                        }
                                    ],
                                    "Plans": [
                                        {
                                            "Node Type": "Bitmap Index Scan",
                                            "Parent Relationship": "Outer",
                                            "Parallel Aware": false,
                                            "Index Name": "company_id_movie_companies",
                                            "Startup Cost": 0.0,
                                            "Total Cost": 4462.95,
                                            "Plan Rows": 208336,
                                            "Plan Width": 0,
                                            "Actual Startup Time": 18.258,
                                            "Actual Total Time": 18.258,
                                            "Actual Rows": 212169,
                                            "Actual Loops": 1,
                                            "Index Cond": "(mc.company_id > 109956)"
                                        }
                                    ]
                                }
                            ]
                        }
                    ]
                }
            ]
        },
        "Planning Time": 200.619,
        "Triggers": [],
        "Execution Time": 54.572
    }
]