{
  "Plan": {
    "Node Type": "Aggregate",
    "Strategy": "Plain",
    "Partial Mode": "Finalize",
    "Parallel Aware": false,
    "Startup Cost": 328743.69,
    "Total Cost": 328743.7,
    "Plan Rows": 1,
    "Plan Width": 8,
    "Actual Startup Time": 1586.338,
    "Actual Total Time": 1624.3,
    "Actual Rows": 1,
    "Actual Loops": 1,
    "Plans": [
      {
        "Node Type": "Gather",
        "Parent Relationship": "Outer",
        "Parallel Aware": false,
        "Startup Cost": 328743.58,
        "Total Cost": 328743.69,
        "Plan Rows": 1,
        "Plan Width": 8,
        "Actual Startup Time": 1585.94,
        "Actual Total Time": 1624.291,
        "Actual Rows": 2,
        "Actual Loops": 1,
        "Workers Planned": 1,
        "Workers Launched": 1,
        "Single Copy": false,
        "Plans": [
          {
            "Node Type": "Aggregate",
            "Strategy": "Plain",
            "Partial Mode": "Partial",
            "Parent Relationship": "Outer",
            "Parallel Aware": false,
            "Startup Cost": 327743.58,
            "Total Cost": 327743.59,
            "Plan Rows": 1,
            "Plan Width": 8,
            "Actual Startup Time": 1580.286,
            "Actual Total Time": 1580.29,
            "Actual Rows": 1,
            "Actual Loops": 2,
            "Plans": [
              {
                "Node Type": "Hash Join",
                "Parent Relationship": "Outer",
                "Parallel Aware": true,
                "Join Type": "Inner",
                "Startup Cost": 55220.66,
                "Total Cost": 327004.15,
                "Plan Rows": 295770,
                "Plan Width": 0,
                "Actual Startup Time": 178.563,
                "Actual Total Time": 1560.849,
                "Actual Rows": 485015,
                "Actual Loops": 2,
                "Inner Unique": true,
                "Hash Cond": "(mi.movie_id = t.id)",
                "Plans": [
                  {
                    "Node Type": "Seq Scan",
                    "Parent Relationship": "Outer",
                    "Parallel Aware": true,
                    "Relation Name": "movie_info",
                    "Alias": "mi",
                    "Startup Cost": 0.0,
                    "Total Cost": 248955.74,
                    "Plan Rows": 8696274,
                    "Plan Width": 4,
                    "Actual Startup Time": 0.014,
                    "Actual Total Time": 645.923,
                    "Actual Rows": 7417860,
                    "Actual Loops": 2
                  },
                  {
                    "Node Type": "Hash",
                    "Parent Relationship": "Inner",
                    "Parallel Aware": true,
                    "Startup Cost": 54588.39,
                    "Total Cost": 54588.39,
                    "Plan Rows": 50582,
                    "Plan Width": 4,
                    "Actual Startup Time": 152.986,
                    "Actual Total Time": 152.987,
                    "Actual Rows": 44636,
                    "Actual Loops": 2,
                    "Hash Buckets": 131072,
                    "Original Hash Buckets": 131072,
                    "Hash Batches": 1,
                    "Original Hash Batches": 1,
                    "Peak Memory Usage": 4544,
                    "Plans": [
                      {
                        "Node Type": "Seq Scan",
                        "Parent Relationship": "Outer",
                        "Parallel Aware": true,
                        "Relation Name": "title",
                        "Alias": "t",
                        "Startup Cost": 0.0,
                        "Total Cost": 54588.39,
                        "Plan Rows": 50582,
                        "Plan Width": 4,
                        "Actual Startup Time": 71.993,
                        "Actual Total Time": 140.722,
                        "Actual Rows": 44636,
                        "Actual Loops": 2,
                        "Filter": "(production_year < 1921)",
                        "Rows Removed by Filter": 1219520
                      }
                    ]
                  }
                ]
              }
            ]
          }
        ]
      }
    ]
  },
  "Planning Time": 0.524,
  "Triggers": [],
  "Execution Time": 1624.377
}