[
    {
        "Bao": {
            "Bao prediction": "NaN",
            "Bao recommended hint": "(no hint)"
        }
    },
    {
        "Plan": {
            "Node Type": "Aggregate",
            "Strategy": "Plain",
            "Partial Mode": "Finalize",
            "Parallel Aware": false,
            "Startup Cost": 78815.97,
            "Total Cost": 78815.98,
            "Plan Rows": 1,
            "Plan Width": 8,
            "Actual Startup Time": 38.783,
            "Actual Total Time": 42.526,
            "Actual Rows": 1,
            "Actual Loops": 1,
            "Output": [
                "count(*)"
            ],
            "Plans": [
                {
                    "Node Type": "Gather",
                    "Parent Relationship": "Outer",
                    "Parallel Aware": false,
                    "Startup Cost": 78815.65,
                    "Total Cost": 78815.96,
                    "Plan Rows": 3,
                    "Plan Width": 8,
                    "Actual Startup Time": 37.677,
                    "Actual Total Time": 42.52,
                    "Actual Rows": 4,
                    "Actual Loops": 1,
                    "Output": [
                        "(PARTIAL count(*))"
                    ],
                    "Workers Planned": 3,
                    "Workers Launched": 3,
                    "Single Copy": false,
                    "Plans": [
                        {
                            "Node Type": "Aggregate",
                            "Strategy": "Plain",
                            "Partial Mode": "Partial",
                            "Parent Relationship": "Outer",
                            "Parallel Aware": false,
                            "Startup Cost": 77815.65,
                            "Total Cost": 77815.66,
                            "Plan Rows": 1,
                            "Plan Width": 8,
                            "Actual Startup Time": 28.4,
                            "Actual Total Time": 28.401,
                            "Actual Rows": 1,
                            "Actual Loops": 4,
                            "Output": [
                                "PARTIAL count(*)"
                            ],
                            "Workers": [
                                {
                                    "Worker Number": 0,
                                    "Actual Startup Time": 26.092,
                                    "Actual Total Time": 26.093,
                                    "Actual Rows": 1,
                                    "Actual Loops": 1
                                },
                                {
                                    "Worker Number": 1,
                                    "Actual Startup Time": 25.086,
                                    "Actual Total Time": 25.088,
                                    "Actual Rows": 1,
                                    "Actual Loops": 1
                                },
                                {
                                    "Worker Number": 2,
                                    "Actual Startup Time": 25.366,
                                    "Actual Total Time": 25.367,
                                    "Actual Rows": 1,
                                    "Actual Loops": 1
                                }
                            ],
                            "Plans": [
                                {
                                    "Node Type": "Nested Loop",
                                    "Parent Relationship": "Outer",
                                    "Parallel Aware": false,
                                    "Join Type": "Inner",
                                    "Startup Cost": 1331.75,
                                    "Total Cost": 77691.57,
                                    "Plan Rows": 49634,
                                    "Plan Width": 0,
                                    "Actual Startup Time": 20.346,
                                    "Actual Total Time": 28.369,
                                    "Actual Rows": 178,
                                    "Actual Loops": 4,
                                    "Inner Unique": false,
                                    "Workers": [
                                        {
                                            "Worker Number": 0,
                                            "Actual Startup Time": 23.542,
                                            "Actual Total Time": 26.063,
                                            "Actual Rows": 113,
                                            "Actual Loops": 1
                                        },
                                        {
                                            "Worker Number": 1,
                                            "Actual Startup Time": 23.322,
                                            "Actual Total Time": 25.066,
                                            "Actual Rows": 61,
                                            "Actual Loops": 1
                                        },
                                        {
                                            "Worker Number": 2,
                                            "Actual Startup Time": 11.592,
                                            "Actual Total Time": 25.322,
                                            "Actual Rows": 107,
                                            "Actual Loops": 1
                                        }
                                    ],
                                    "Plans": [
                                        {
                                            "Node Type": "Nested Loop",
                                            "Parent Relationship": "Outer",
                                            "Parallel Aware": false,
                                            "Join Type": "Inner",
                                            "Startup Cost": 1331.18,
                                            "Total Cost": 64834.33,
                                            "Plan Rows": 4058,
                                            "Plan Width": 8,
                                            "Actual Startup Time": 20.165,
                                            "Actual Total Time": 26.665,
                                            "Actual Rows": 8,
                                            "Actual Loops": 4,
                                            "Output": [
                                                "t.id",
                                                "mc.movie_id"
                                            ],
                                            "Inner Unique": true,
                                            "Workers": [
                                                {
                                                    "Worker Number": 0,
                                                    "Actual Startup Time": 23.374,
                                                    "Actual Total Time": 24.162,
                                                    "Actual Rows": 3,
                                                    "Actual Loops": 1
                                                },
                                                {
                                                    "Worker Number": 1,
                                                    "Actual Startup Time": 23.2,
                                                    "Actual Total Time": 23.841,
                                                    "Actual Rows": 2,
                                                    "Actual Loops": 1
                                                },
                                                {
                                                    "Worker Number": 2,
                                                    "Actual Startup Time": 11.264,
                                                    "Actual Total Time": 22.704,
                                                    "Actual Rows": 3,
                                                    "Actual Loops": 1
                                                }
                                            ],
                                            "Plans": [
                                                {
                                                    "Node Type": "Bitmap Heap Scan",
                                                    "Parent Relationship": "Outer",
                                                    "Parallel Aware": true,
                                                    "Relation Name": "movie_companies",
                                                    "Schema": "public",
                                                    "Alias": "mc",
                                                    "Startup Cost": 1330.75,
                                                    "Total Cost": 20419.12,
                                                    "Plan Rows": 10141,
                                                    "Plan Width": 4,
                                                    "Actual Startup Time": 13.586,
                                                    "Actual Total Time": 14.723,
                                                    "Actual Rows": 1644,
                                                    "Actual Loops": 4,
                                                    "Output": [
                                                        "mc.id",
                                                        "mc.movie_id",
                                                        "mc.company_id",
                                                        "mc.company_type_id",
                                                        "mc.note"
                                                    ],
                                                    "Recheck Cond": "(mc.company_id = 6)",
                                                    "Rows Removed by Index Recheck": 0,
                                                    "Filter": "(mc.company_type_id > 1)",
                                                    "Rows Removed by Filter": 13874,
                                                    "Exact Heap Blocks": 4113,
                                                    "Lossy Heap Blocks": 0,
                                                    "Workers": [
                                                        {
                                                            "Worker Number": 0,
                                                            "Actual Startup Time": 10.617,
                                                            "Actual Total Time": 11.554,
                                                            "Actual Rows": 890,
                                                            "Actual Loops": 1
                                                        },
                                                        {
                                                            "Worker Number": 1,
                                                            "Actual Startup Time": 10.596,
                                                            "Actual Total Time": 11.577,
                                                            "Actual Rows": 825,
                                                            "Actual Loops": 1
                                                        },
                                                        {
                                                            "Worker Number": 2,
                                                            "Actual Startup Time": 10.599,
                                                            "Actual Total Time": 11.651,
                                                            "Actual Rows": 777,
                                                            "Actual Loops": 1
                                                        }
                                                    ],
                                                    "Plans": [
                                                        {
                                                            "Node Type": "Bitmap Index Scan",
                                                            "Parent Relationship": "Outer",
                                                            "Parallel Aware": false,
                                                            "Index Name": "company_id_movie_companies",
                                                            "Startup Cost": 0.0,
                                                            "Total Cost": 1322.89,
                                                            "Plan Rows": 61662,
                                                            "Plan Width": 0,
                                                            "Actual Startup Time": 5.725,
                                                            "Actual Total Time": 5.726,
                                                            "Actual Rows": 62075,
                                                            "Actual Loops": 1,
                                                            "Index Cond": "(mc.company_id = 6)"
                                                        }
                                                    ]
                                                },
                                                {
                                                    "Node Type": "Index Scan",
                                                    "Parent Relationship": "Inner",
                                                    "Parallel Aware": false,
                                                    "Scan Direction": "Forward",
                                                    "Index Name": "title_pkey",
                                                    "Relation Name": "title",
                                                    "Schema": "public",
                                                    "Alias": "t",
                                                    "Startup Cost": 0.43,
                                                    "Total Cost": 4.38,
                                                    "Plan Rows": 1,
                                                    "Plan Width": 4,
                                                    "Actual Startup Time": 0.007,
                                                    "Actual Total Time": 0.007,
                                                    "Actual Rows": 0,
                                                    "Actual Loops": 6578,
                                                    "Output": [
                                                        "t.id",
                                                        "t.title",
                                                        "t.imdb_index",
                                                        "t.kind_id",
                                                        "t.production_year",
                                                        "t.imdb_id",
                                                        "t.phonetic_code",
                                                        "t.episode_of_id",
                                                        "t.season_nr",
                                                        "t.episode_nr",
                                                        "t.series_years",
                                                        "t.md5sum"
                                                    ],
                                                    "Index Cond": "(t.id = mc.movie_id)",
                                                    "Rows Removed by Index Recheck": 0,
                                                    "Filter": "(t.production_year > 2005)",
                                                    "Rows Removed by Filter": 1,
                                                    "Workers": [
                                                        {
                                                            "Worker Number": 0,
                                                            "Actual Startup Time": 0.013,
                                                            "Actual Total Time": 0.013,
                                                            "Actual Rows": 0,
                                                            "Actual Loops": 890
                                                        },
                                                        {
                                                            "Worker Number": 1,
                                                            "Actual Startup Time": 0.014,
                                                            "Actual Total Time": 0.014,
                                                            "Actual Rows": 0,
                                                            "Actual Loops": 825
                                                        },
                                                        {
                                                            "Worker Number": 2,
                                                            "Actual Startup Time": 0.013,
                                                            "Actual Total Time": 0.013,
                                                            "Actual Rows": 0,
                                                            "Actual Loops": 777
                                                        }
                                                    ]
                                                }
                                            ]
                                        },
                                        {
                                            "Node Type": "Index Scan",
                                            "Parent Relationship": "Inner",
                                            "Parallel Aware": false,
                                            "Scan Direction": "Forward",
                                            "Index Name": "movie_id_cast_info",
                                            "Relation Name": "cast_info",
                                            "Schema": "public",
                                            "Alias": "ci",
                                            "Startup Cost": 0.56,
                                            "Total Cost": 2.84,
                                            "Plan Rows": 33,
                                            "Plan Width": 4,
                                            "Actual Startup Time": 0.049,
                                            "Actual Total Time": 0.215,
                                            "Actual Rows": 23,
                                            "Actual Loops": 31,
                                            "Output": [
                                                "ci.id",
                                                "ci.person_id",
                                                "ci.movie_id",
                                                "ci.person_role_id",
                                                "ci.note",
                                                "ci.nr_order",
                                                "ci.role_id"
                                            ],
                                            "Index Cond": "(ci.movie_id = t.id)",
                                            "Rows Removed by Index Recheck": 0,
                                            "Filter": "(ci.person_id > 527103)",
                                            "Rows Removed by Filter": 4,
                                            "Workers": [
                                                {
                                                    "Worker Number": 0,
                                                    "Actual Startup Time": 0.128,
                                                    "Actual Total Time": 0.623,
                                                    "Actual Rows": 38,
                                                    "Actual Loops": 3
                                                },
                                                {
                                                    "Worker Number": 1,
                                                    "Actual Startup Time": 0.159,
                                                    "Actual Total Time": 0.602,
                                                    "Actual Rows": 30,
                                                    "Actual Loops": 2
                                                },
                                                {
                                                    "Worker Number": 2,
                                                    "Actual Startup Time": 0.172,
                                                    "Actual Total Time": 0.856,
                                                    "Actual Rows": 36,
                                                    "Actual Loops": 3
                                                }
                                            ]
                                        }
                                    ]
                                }
                            ]
                        }
                    ]
                }
            ]
        },
        "Planning Time": 236.563,
        "Triggers": [],
        "Execution Time": 42.752
    }
]