{
  "Plan": {
    "Node Type": "Aggregate",
    "Strategy": "Plain",
    "Partial Mode": "Finalize",
    "Parallel Aware": false,
    "Startup Cost": 103640.15,
    "Total Cost": 103640.16,
    "Plan Rows": 1,
    "Plan Width": 8,
    "Actual Startup Time": 746.166,
    "Actual Total Time": 765.598,
    "Actual Rows": 1,
    "Actual Loops": 1,
    "Plans": [
      {
        "Node Type": "Gather",
        "Parent Relationship": "Outer",
        "Parallel Aware": false,
        "Startup Cost": 103640.04,
        "Total Cost": 103640.15,
        "Plan Rows": 1,
        "Plan Width": 8,
        "Actual Startup Time": 740.952,
        "Actual Total Time": 765.591,
        "Actual Rows": 2,
        "Actual Loops": 1,
        "Workers Planned": 1,
        "Workers Launched": 1,
        "Single Copy": false,
        "Plans": [
          {
            "Node Type": "Aggregate",
            "Strategy": "Plain",
            "Partial Mode": "Partial",
            "Parent Relationship": "Outer",
            "Parallel Aware": false,
            "Startup Cost": 102640.04,
            "Total Cost": 102640.05,
            "Plan Rows": 1,
            "Plan Width": 8,
            "Actual Startup Time": 730.124,
            "Actual Total Time": 730.128,
            "Actual Rows": 1,
            "Actual Loops": 2,
            "Plans": [
              {
                "Node Type": "Hash Join",
                "Parent Relationship": "Outer",
                "Parallel Aware": true,
                "Join Type": "Inner",
                "Startup Cost": 75322.03,
                "Total Cost": 102233.8,
                "Plan Rows": 162497,
                "Plan Width": 0,
                "Actual Startup Time": 620.998,
                "Actual Total Time": 722.238,
                "Actual Rows": 135976,
                "Actual Loops": 2,
                "Inner Unique": true,
                "Hash Cond": "(mk.movie_id = t.id)",
                "Plans": [
                  {
                    "Node Type": "Bitmap Heap Scan",
                    "Parent Relationship": "Outer",
                    "Parallel Aware": true,
                    "Relation Name": "movie_keyword",
                    "Alias": "mk",
                    "Startup Cost": 5861.33,
                    "Total Cost": 32346.54,
                    "Plan Rows": 162497,
                    "Plan Width": 4,
                    "Actual Startup Time": 28.808,
                    "Actual Total Time": 84.618,
                    "Actual Rows": 135976,
                    "Actual Loops": 2,
                    "Recheck Cond": "(keyword_id > 57979)",
                    "Rows Removed by Index Recheck": 0,
                    "Exact Heap Blocks": 13714,
                    "Lossy Heap Blocks": 0,
                    "Plans": [
                      {
                        "Node Type": "Bitmap Index Scan",
                        "Parent Relationship": "Outer",
                        "Parallel Aware": false,
                        "Index Name": "keyword_id_movie_keyword",
                        "Startup Cost": 0.0,
                        "Total Cost": 5792.27,
                        "Plan Rows": 276245,
                        "Plan Width": 0,
                        "Actual Startup Time": 23.766,
                        "Actual Total Time": 23.767,
                        "Actual Rows": 271951,
                        "Actual Loops": 1,
                        "Index Cond": "(keyword_id > 57979)"
                      }
                    ]
                  },
                  {
                    "Node Type": "Hash",
                    "Parent Relationship": "Inner",
                    "Parallel Aware": true,
                    "Startup Cost": 50870.31,
                    "Total Cost": 50870.31,
                    "Plan Rows": 1487231,
                    "Plan Width": 4,
                    "Actual Startup Time": 572.183,
                    "Actual Total Time": 572.184,
                    "Actual Rows": 1264156,
                    "Actual Loops": 2,
                    "Hash Buckets": 4194304,
                    "Original Hash Buckets": 4194304,
                    "Hash Batches": 1,
                    "Original Hash Batches": 1,
                    "Peak Memory Usage": 131712,
                    "Plans": [
                      {
                        "Node Type": "Seq Scan",
                        "Parent Relationship": "Outer",
                        "Parallel Aware": true,
                        "Relation Name": "title",
                        "Alias": "t",
                        "Startup Cost": 0.0,
                        "Total Cost": 50870.31,
                        "Plan Rows": 1487231,
                        "Plan Width": 4,
                        "Actual Startup Time": 0.02,
                        "Actual Total Time": 177.707,
                        "Actual Rows": 1264156,
                        "Actual Loops": 2
                      }
                    ]
                  }
                ]
              }
            ]
          }
        ]
      }
    ]
  },
  "Planning Time": 0.459,
  "Triggers": [],
  "Execution Time": 765.664
}