{
  "Plan": {
    "Node Type": "Aggregate",
    "Strategy": "Plain",
    "Partial Mode": "Finalize",
    "Parallel Aware": false,
    "Startup Cost": 99779.42,
    "Total Cost": 99779.43,
    "Plan Rows": 1,
    "Plan Width": 8,
    "Actual Startup Time": 650.619,
    "Actual Total Time": 668.238,
    "Actual Rows": 1,
    "Actual Loops": 1,
    "Plans": [
      {
        "Node Type": "Gather",
        "Parent Relationship": "Outer",
        "Parallel Aware": false,
        "Startup Cost": 99779.31,
        "Total Cost": 99779.42,
        "Plan Rows": 1,
        "Plan Width": 8,
        "Actual Startup Time": 647.766,
        "Actual Total Time": 668.223,
        "Actual Rows": 2,
        "Actual Loops": 1,
        "Workers Planned": 1,
        "Workers Launched": 1,
        "Single Copy": false,
        "Plans": [
          {
            "Node Type": "Aggregate",
            "Strategy": "Plain",
            "Partial Mode": "Partial",
            "Parent Relationship": "Outer",
            "Parallel Aware": false,
            "Startup Cost": 98779.31,
            "Total Cost": 98779.32,
            "Plan Rows": 1,
            "Plan Width": 8,
            "Actual Startup Time": 641.846,
            "Actual Total Time": 641.853,
            "Actual Rows": 1,
            "Actual Loops": 2,
            "Plans": [
              {
                "Node Type": "Hash Join",
                "Parent Relationship": "Outer",
                "Parallel Aware": true,
                "Join Type": "Inner",
                "Startup Cost": 58290.97,
                "Total Cost": 98311.3,
                "Plan Rows": 187204,
                "Plan Width": 0,
                "Actual Startup Time": 428.904,
                "Actual Total Time": 625.693,
                "Actual Rows": 246518,
                "Actual Loops": 2,
                "Inner Unique": true,
                "Hash Cond": "(mc.movie_id = t.id)",
                "Plans": [
                  {
                    "Node Type": "Seq Scan",
                    "Parent Relationship": "Outer",
                    "Parallel Aware": true,
                    "Relation Name": "movie_companies",
                    "Alias": "mc",
                    "Startup Cost": 0.0,
                    "Total Cost": 37974.77,
                    "Plan Rows": 779260,
                    "Plan Width": 4,
                    "Actual Startup Time": 76.92,
                    "Actual Total Time": 182.55,
                    "Actual Rows": 667442,
                    "Actual Loops": 2,
                    "Filter": "(company_type_id > 1)",
                    "Rows Removed by Filter": 637123
                  },
                  {
                    "Node Type": "Hash",
                    "Parent Relationship": "Inner",
                    "Parallel Aware": true,
                    "Startup Cost": 53824.95,
                    "Total Cost": 53824.95,
                    "Plan Rows": 357281,
                    "Plan Width": 4,
                    "Actual Startup Time": 242.036,
                    "Actual Total Time": 242.038,
                    "Actual Rows": 255564,
                    "Actual Loops": 2,
                    "Hash Buckets": 1048576,
                    "Original Hash Buckets": 1048576,
                    "Hash Batches": 1,
                    "Original Hash Batches": 1,
                    "Peak Memory Usage": 28224,
                    "Plans": [
                      {
                        "Node Type": "Bitmap Heap Scan",
                        "Parent Relationship": "Outer",
                        "Parallel Aware": true,
                        "Relation Name": "title",
                        "Alias": "t",
                        "Startup Cost": 11974.69,
                        "Total Cost": 53824.95,
                        "Plan Rows": 357281,
                        "Plan Width": 4,
                        "Actual Startup Time": 34.862,
                        "Actual Total Time": 142.272,
                        "Actual Rows": 255564,
                        "Actual Loops": 2,
                        "Recheck Cond": "(kind_id < 2)",
                        "Rows Removed by Index Recheck": 0,
                        "Filter": "(production_year > 1941)",
                        "Rows Removed by Filter": 75848,
                        "Exact Heap Blocks": 7372,
                        "Lossy Heap Blocks": 0,
                        "Plans": [
                          {
                            "Node Type": "Bitmap Index Scan",
                            "Parent Relationship": "Outer",
                            "Parallel Aware": false,
                            "Index Name": "kind_id_title",
                            "Startup Cost": 0.0,
                            "Total Cost": 11822.85,
                            "Plan Rows": 663256,
                            "Plan Width": 0,
                            "Actual Startup Time": 31.922,
                            "Actual Total Time": 31.922,
                            "Actual Rows": 662825,
                            "Actual Loops": 1,
                            "Index Cond": "(kind_id < 2)"
                          }
                        ]
                      }
                    ]
                  }
                ]
              }
            ]
          }
        ]
      }
    ]
  },
  "Planning Time": 0.384,
  "Triggers": [],
  "Execution Time": 668.308
}