{
  "Plan": {
    "Node Type": "Aggregate",
    "Strategy": "Plain",
    "Partial Mode": "Simple",
    "Parallel Aware": false,
    "Startup Cost": 1113262.66,
    "Total Cost": 1113262.67,
    "Plan Rows": 1,
    "Plan Width": 64,
    "Actual Startup Time": 7775.682,
    "Actual Total Time": 7775.77,
    "Actual Rows": 1,
    "Actual Loops": 1,
    "Plans": [
      {
        "Node Type": "Gather",
        "Parent Relationship": "Outer",
        "Parallel Aware": false,
        "Startup Cost": 1083088.95,
        "Total Cost": 1113262.66,
        "Plan Rows": 1,
        "Plan Width": 32,
        "Actual Startup Time": 5539.302,
        "Actual Total Time": 7775.575,
        "Actual Rows": 606,
        "Actual Loops": 1,
        "Workers Planned": 1,
        "Workers Launched": 1,
        "Single Copy": false,
        "Plans": [
          {
            "Node Type": "Nested Loop",
            "Parent Relationship": "Outer",
            "Parallel Aware": false,
            "Join Type": "Inner",
            "Startup Cost": 1082088.95,
            "Total Cost": 1112262.56,
            "Plan Rows": 1,
            "Plan Width": 32,
            "Actual Startup Time": 5448.003,
            "Actual Total Time": 7217.807,
            "Actual Rows": 303,
            "Actual Loops": 2,
            "Inner Unique": true,
            "Plans": [
              {
                "Node Type": "Nested Loop",
                "Parent Relationship": "Outer",
                "Parallel Aware": false,
                "Join Type": "Inner",
                "Startup Cost": 1082088.81,
                "Total Cost": 1112262.21,
                "Plan Rows": 2,
                "Plan Width": 36,
                "Actual Startup Time": 5447.989,
                "Actual Total Time": 7217.312,
                "Actual Rows": 303,
                "Actual Loops": 2,
                "Inner Unique": true,
                "Plans": [
                  {
                    "Node Type": "Nested Loop",
                    "Parent Relationship": "Outer",
                    "Parallel Aware": false,
                    "Join Type": "Inner",
                    "Startup Cost": 1082088.38,
                    "Total Cost": 1112261.16,
                    "Plan Rows": 2,
                    "Plan Width": 40,
                    "Actual Startup Time": 5447.953,
                    "Actual Total Time": 7216.219,
                    "Actual Rows": 310,
                    "Actual Loops": 2,
                    "Inner Unique": false,
                    "Join Filter": "(n.id = an.person_id)",
                    "Rows Removed by Join Filter": 0,
                    "Plans": [
                      {
                        "Node Type": "Nested Loop",
                        "Parent Relationship": "Outer",
                        "Parallel Aware": false,
                        "Join Type": "Inner",
                        "Startup Cost": 1082087.95,
                        "Total Cost": 1112256.07,
                        "Plan Rows": 10,
                        "Plan Width": 48,
                        "Actual Startup Time": 5439.941,
                        "Actual Total Time": 7214.619,
                        "Actual Rows": 488,
                        "Actual Loops": 2,
                        "Inner Unique": true,
                        "Plans": [
                          {
                            "Node Type": "Nested Loop",
                            "Parent Relationship": "Outer",
                            "Parallel Aware": false,
                            "Join Type": "Inner",
                            "Startup Cost": 1082087.52,
                            "Total Cost": 1109733.45,
                            "Plan Rows": 4442,
                            "Plan Width": 29,
                            "Actual Startup Time": 5425.002,
                            "Actual Total Time": 7053.908,
                            "Actual Rows": 65605,
                            "Actual Loops": 2,
                            "Inner Unique": false,
                            "Join Filter": "(t.id = mi.movie_id)",
                            "Rows Removed by Join Filter": 0,
                            "Plans": [
                              {
                                "Node Type": "Merge Join",
                                "Parent Relationship": "Outer",
                                "Parallel Aware": false,
                                "Join Type": "Inner",
                                "Startup Cost": 1082087.09,
                                "Total Cost": 1082895.28,
                                "Plan Rows": 16081,
                                "Plan Width": 37,
                                "Actual Startup Time": 5424.802,
                                "Actual Total Time": 5502.939,
                                "Actual Rows": 55289,
                                "Actual Loops": 2,
                                "Inner Unique": true,
                                "Merge Cond": "(mc.company_id = cn.id)",
                                "Plans": [
                                  {
                                    "Node Type": "Sort",
                                    "Parent Relationship": "Outer",
                                    "Parallel Aware": false,
                                    "Startup Cost": 1069174.42,
                                    "Total Cost": 1069285.25,
                                    "Plan Rows": 44335,
                                    "Plan Width": 41,
                                    "Actual Startup Time": 5381.703,
                                    "Actual Total Time": 5414.939,
                                    "Actual Rows": 167848,
                                    "Actual Loops": 2,
                                    "Sort Key": [
                                      "mc.company_id"
                                    ],
                                    "Sort Method": "quicksort",
                                    "Sort Space Used": 25210,
                                    "Sort Space Type": "Memory",
                                    "Workers": [
                                      {
                                        "Worker Number": 0,
                                        "Sort Method": "quicksort",
                                        "Sort Space Used": 13469,
                                        "Sort Space Type": "Memory"
                                      }
                                    ],
                                    "Plans": [
                                      {
                                        "Node Type": "Merge Join",
                                        "Parent Relationship": "Outer",
                                        "Parallel Aware": false,
                                        "Join Type": "Inner",
                                        "Startup Cost": 1062649.14,
                                        "Total Cost": 1065752.61,
                                        "Plan Rows": 44335,
                                        "Plan Width": 41,
                                        "Actual Startup Time": 5308.994,
                                        "Actual Total Time": 5340.618,
                                        "Actual Rows": 167848,
                                        "Actual Loops": 2,
                                        "Inner Unique": true,
                                        "Merge Cond": "(ci.role_id = rt.id)",
                                        "Plans": [
                                          {
                                            "Node Type": "Sort",
                                            "Parent Relationship": "Outer",
                                            "Parallel Aware": false,
                                            "Startup Cost": 1062647.98,
                                            "Total Cost": 1063978.03,
                                            "Plan Rows": 532022,
                                            "Plan Width": 45,
                                            "Actual Startup Time": 5272.427,
                                            "Actual Total Time": 5296.217,
                                            "Actual Rows": 502524,
                                            "Actual Loops": 2,
                                            "Sort Key": [
                                              "ci.role_id"
                                            ],
                                            "Sort Method": "quicksort",
                                            "Sort Space Used": 177049,
                                            "Sort Space Type": "Memory",
                                            "Workers": [
                                              {
                                                "Worker Number": 0,
                                                "Sort Method": "quicksort",
                                                "Sort Space Used": 93958,
                                                "Sort Space Type": "Memory"
                                              }
                                            ],
                                            "Plans": [
                                              {
                                                "Node Type": "Merge Join",
                                                "Parent Relationship": "Outer",
                                                "Parallel Aware": false,
                                                "Join Type": "Inner",
                                                "Startup Cost": 719648.43,
                                                "Total Cost": 1012049.69,
                                                "Plan Rows": 532022,
                                                "Plan Width": 45,
                                                "Actual Startup Time": 2347.23,
                                                "Actual Total Time": 5032.55,
                                                "Actual Rows": 1078338,
                                                "Actual Loops": 2,
                                                "Inner Unique": false,
                                                "Merge Cond": "(ci.movie_id = t.id)",
                                                "Plans": [
                                                  {
                                                    "Node Type": "Sort",
                                                    "Parent Relationship": "Outer",
                                                    "Parallel Aware": false,
                                                    "Startup Cost": 719643.92,
                                                    "Total Cost": 723243.8,
                                                    "Plan Rows": 1439952,
                                                    "Plan Width": 16,
                                                    "Actual Startup Time": 2346.829,
                                                    "Actual Total Time": 2519.803,
                                                    "Actual Rows": 1200596,
                                                    "Actual Loops": 2,
                                                    "Sort Key": [
                                                      "ci.movie_id"
                                                    ],
                                                    "Sort Method": "quicksort",
                                                    "Sort Space Used": 121084,
                                                    "Sort Space Type": "Memory",
                                                    "Workers": [
                                                      {
                                                        "Worker Number": 0,
                                                        "Sort Method": "quicksort",
                                                        "Sort Space Used": 65205,
                                                        "Sort Space Type": "Memory"
                                                      }
                                                    ],
                                                    "Plans": [
                                                      {
                                                        "Node Type": "Seq Scan",
                                                        "Parent Relationship": "Outer",
                                                        "Parallel Aware": true,
                                                        "Relation Name": "cast_info",
                                                        "Alias": "ci",
                                                        "Startup Cost": 0.0,
                                                        "Total Cost": 572354.19,
                                                        "Plan Rows": 1439952,
                                                        "Plan Width": 16,
                                                        "Actual Startup Time": 0.059,
                                                        "Actual Total Time": 1970.995,
                                                        "Actual Rows": 1200650,
                                                        "Actual Loops": 2,
                                                        "Filter": "(note = ANY ('{\"(executive producer)\",(writer),(uncredited),\"(as Lauren)\"}'::text[]))",
                                                        "Rows Removed by Filter": 16921522
                                                      }
                                                    ]
                                                  },
                                                  {
                                                    "Node Type": "Materialize",
                                                    "Parent Relationship": "Inner",
                                                    "Parallel Aware": false,
                                                    "Startup Cost": 4.15,
                                                    "Total Cost": 277794.05,
                                                    "Plan Rows": 934098,
                                                    "Plan Width": 29,
                                                    "Actual Startup Time": 0.143,
                                                    "Actual Total Time": 2243.925,
                                                    "Actual Rows": 1476896,
                                                    "Actual Loops": 2,
                                                    "Plans": [
                                                      {
                                                        "Node Type": "Merge Join",
                                                        "Parent Relationship": "Outer",
                                                        "Parallel Aware": false,
                                                        "Join Type": "Inner",
                                                        "Startup Cost": 4.15,
                                                        "Total Cost": 275458.81,
                                                        "Plan Rows": 934098,
                                                        "Plan Width": 29,
                                                        "Actual Startup Time": 0.135,
                                                        "Actual Total Time": 2029.445,
                                                        "Actual Rows": 730845,
                                                        "Actual Loops": 2,
                                                        "Inner Unique": false,
                                                        "Merge Cond": "(t.id = mc.movie_id)",
                                                        "Plans": [
                                                          {
                                                            "Node Type": "Index Scan",
                                                            "Parent Relationship": "Outer",
                                                            "Parallel Aware": false,
                                                            "Scan Direction": "Forward",
                                                            "Index Name": "title_pkey",
                                                            "Relation Name": "title",
                                                            "Alias": "t",
                                                            "Startup Cost": 0.43,
                                                            "Total Cost": 116676.24,
                                                            "Plan Rows": 905123,
                                                            "Plan Width": 21,
                                                            "Actual Startup Time": 0.094,
                                                            "Actual Total Time": 1161.754,
                                                            "Actual Rows": 904234,
                                                            "Actual Loops": 2,
                                                            "Filter": "(production_year > 2006)",
                                                            "Rows Removed by Filter": 1621512
                                                          },
                                                          {
                                                            "Node Type": "Index Scan",
                                                            "Parent Relationship": "Inner",
                                                            "Parallel Aware": false,
                                                            "Scan Direction": "Forward",
                                                            "Index Name": "movie_id_movie_companies",
                                                            "Relation Name": "movie_companies",
                                                            "Alias": "mc",
                                                            "Startup Cost": 0.43,
                                                            "Total Cost": 140765.55,
                                                            "Plan Rows": 2609129,
                                                            "Plan Width": 8,
                                                            "Actual Startup Time": 0.026,
                                                            "Actual Total Time": 592.664,
                                                            "Actual Rows": 2609129,
                                                            "Actual Loops": 2
                                                          }
                                                        ]
                                                      }
                                                    ]
                                                  }
                                                ]
                                              }
                                            ]
                                          },
                                          {
                                            "Node Type": "Sort",
                                            "Parent Relationship": "Inner",
                                            "Parallel Aware": false,
                                            "Startup Cost": 1.16,
                                            "Total Cost": 1.16,
                                            "Plan Rows": 1,
                                            "Plan Width": 4,
                                            "Actual Startup Time": 0.049,
                                            "Actual Total Time": 0.05,
                                            "Actual Rows": 1,
                                            "Actual Loops": 2,
                                            "Sort Key": [
                                              "rt.id"
                                            ],
                                            "Sort Method": "quicksort",
                                            "Sort Space Used": 25,
                                            "Sort Space Type": "Memory",
                                            "Workers": [
                                              {
                                                "Worker Number": 0,
                                                "Sort Method": "quicksort",
                                                "Sort Space Used": 25,
                                                "Sort Space Type": "Memory"
                                              }
                                            ],
                                            "Plans": [
                                              {
                                                "Node Type": "Seq Scan",
                                                "Parent Relationship": "Outer",
                                                "Parallel Aware": false,
                                                "Relation Name": "role_type",
                                                "Alias": "rt",
                                                "Startup Cost": 0.0,
                                                "Total Cost": 1.15,
                                                "Plan Rows": 1,
                                                "Plan Width": 4,
                                                "Actual Startup Time": 0.034,
                                                "Actual Total Time": 0.036,
                                                "Actual Rows": 1,
                                                "Actual Loops": 2,
                                                "Filter": "((role)::text = 'actress'::text)",
                                                "Rows Removed by Filter": 11
                                              }
                                            ]
                                          }
                                        ]
                                      }
                                    ]
                                  },
                                  {
                                    "Node Type": "Sort",
                                    "Parent Relationship": "Inner",
                                    "Parallel Aware": false,
                                    "Startup Cost": 12912.67,
                                    "Total Cost": 13125.75,
                                    "Plan Rows": 85233,
                                    "Plan Width": 4,
                                    "Actual Startup Time": 43.092,
                                    "Actual Total Time": 56.326,
                                    "Actual Rows": 84835,
                                    "Actual Loops": 2,
                                    "Sort Key": [
                                      "cn.id"
                                    ],
                                    "Sort Method": "quicksort",
                                    "Sort Space Used": 7050,
                                    "Sort Space Type": "Memory",
                                    "Workers": [
                                      {
                                        "Worker Number": 0,
                                        "Sort Method": "quicksort",
                                        "Sort Space Used": 7050,
                                        "Sort Space Type": "Memory"
                                      }
                                    ],
                                    "Plans": [
                                      {
                                        "Node Type": "Seq Scan",
                                        "Parent Relationship": "Outer",
                                        "Parallel Aware": false,
                                        "Relation Name": "company_name",
                                        "Alias": "cn",
                                        "Startup Cost": 0.0,
                                        "Total Cost": 5932.46,
                                        "Plan Rows": 85233,
                                        "Plan Width": 4,
                                        "Actual Startup Time": 0.031,
                                        "Actual Total Time": 25.101,
                                        "Actual Rows": 84843,
                                        "Actual Loops": 2,
                                        "Filter": "((country_code)::text = '[us]'::text)",
                                        "Rows Removed by Filter": 150154
                                      }
                                    ]
                                  }
                                ]
                              },
                              {
                                "Node Type": "Index Scan",
                                "Parent Relationship": "Inner",
                                "Parallel Aware": false,
                                "Scan Direction": "Forward",
                                "Index Name": "movie_id_movie_info",
                                "Relation Name": "movie_info",
                                "Alias": "mi",
                                "Startup Cost": 0.43,
                                "Total Cost": 1.64,
                                "Plan Rows": 2,
                                "Plan Width": 8,
                                "Actual Startup Time": 0.017,
                                "Actual Total Time": 0.028,
                                "Actual Rows": 1,
                                "Actual Loops": 110578,
                                "Index Cond": "(movie_id = mc.movie_id)",
                                "Rows Removed by Index Recheck": 0,
                                "Filter": "((info IS NOT NULL) AND ((info ~~ 'Japan:%200%'::text) OR (info ~~ 'USA:%200%'::text)))",
                                "Rows Removed by Filter": 112
                              }
                            ]
                          },
                          {
                            "Node Type": "Index Scan",
                            "Parent Relationship": "Inner",
                            "Parallel Aware": false,
                            "Scan Direction": "Forward",
                            "Index Name": "name_pkey",
                            "Relation Name": "name",
                            "Alias": "n",
                            "Startup Cost": 0.43,
                            "Total Cost": 0.57,
                            "Plan Rows": 1,
                            "Plan Width": 19,
                            "Actual Startup Time": 0.002,
                            "Actual Total Time": 0.002,
                            "Actual Rows": 0,
                            "Actual Loops": 131210,
                            "Index Cond": "(id = ci.person_id)",
                            "Rows Removed by Index Recheck": 0,
                            "Filter": "((name ~~ '%Lauren%'::text) AND ((gender)::text = 'f'::text))",
                            "Rows Removed by Filter": 1
                          }
                        ]
                      },
                      {
                        "Node Type": "Index Only Scan",
                        "Parent Relationship": "Inner",
                        "Parallel Aware": false,
                        "Scan Direction": "Forward",
                        "Index Name": "person_id_aka_name",
                        "Relation Name": "aka_name",
                        "Alias": "an",
                        "Startup Cost": 0.42,
                        "Total Cost": 0.48,
                        "Plan Rows": 2,
                        "Plan Width": 4,
                        "Actual Startup Time": 0.003,
                        "Actual Total Time": 0.003,
                        "Actual Rows": 1,
                        "Actual Loops": 977,
                        "Index Cond": "(person_id = ci.person_id)",
                        "Rows Removed by Index Recheck": 0,
                        "Heap Fetches": 620
                      }
                    ]
                  },
                  {
                    "Node Type": "Index Only Scan",
                    "Parent Relationship": "Inner",
                    "Parallel Aware": false,
                    "Scan Direction": "Forward",
                    "Index Name": "char_name_pkey",
                    "Relation Name": "char_name",
                    "Alias": "chn",
                    "Startup Cost": 0.43,
                    "Total Cost": 0.53,
                    "Plan Rows": 1,
                    "Plan Width": 4,
                    "Actual Startup Time": 0.003,
                    "Actual Total Time": 0.003,
                    "Actual Rows": 1,
                    "Actual Loops": 620,
                    "Index Cond": "(id = ci.person_role_id)",
                    "Rows Removed by Index Recheck": 0,
                    "Heap Fetches": 606
                  }
                ]
              },
              {
                "Node Type": "Index Scan",
                "Parent Relationship": "Inner",
                "Parallel Aware": false,
                "Scan Direction": "Forward",
                "Index Name": "info_type_pkey",
                "Relation Name": "info_type",
                "Alias": "it",
                "Startup Cost": 0.14,
                "Total Cost": 0.16,
                "Plan Rows": 1,
                "Plan Width": 4,
                "Actual Startup Time": 0.001,
                "Actual Total Time": 0.001,
                "Actual Rows": 1,
                "Actual Loops": 606,
                "Index Cond": "(id = mi.info_type_id)",
                "Rows Removed by Index Recheck": 0,
                "Filter": "((info)::text = 'release dates'::text)",
                "Rows Removed by Filter": 0
              }
            ]
          }
        ]
      }
    ]
  },
  "Planning Time": 3.551,
  "Triggers": [],
  "Execution Time": 7775.978
}