[
  {
    "Plan": {
      "Node Type": "Aggregate",
      "Strategy": "Plain",
      "Partial Mode": "Simple",
      "Parallel Aware": false,
      "Startup Cost": 5892.62,
      "Total Cost": 5892.63,
      "Plan Rows": 1,
      "Plan Width": 8,
      "Actual Startup Time": 27.993,
      "Actual Total Time": 27.995,
      "Actual Rows": 1,
      "Actual Loops": 1,
      "Plans": [
        {
          "Node Type": "Nested Loop",
          "Parent Relationship": "Outer",
          "Parallel Aware": false,
          "Join Type": "Inner",
          "Startup Cost": 1.43,
          "Total Cost": 5889.04,
          "Plan Rows": 1431,
          "Plan Width": 0,
          "Actual Startup Time": 12.151,
          "Actual Total Time": 27.6,
          "Actual Rows": 3592,
          "Actual Loops": 1,
          "Inner Unique": false,
          "Plans": [
            {
              "Node Type": "Nested Loop",
              "Parent Relationship": "Outer",
              "Parallel Aware": false,
              "Join Type": "Inner",
              "Startup Cost": 0.99,
              "Total Cost": 5014.45,
              "Plan Rows": 484,
              "Plan Width": 8,
              "Actual Startup Time": 12.13,
              "Actual Total Time": 19.422,
              "Actual Rows": 1672,
              "Actual Loops": 1,
              "Inner Unique": true,
              "Plans": [
                {
                  "Node Type": "Index Scan",
                  "Parent Relationship": "Outer",
                  "Parallel Aware": false,
                  "Scan Direction": "Forward",
                  "Index Name": "person_id_cast_info",
                  "Relation Name": "cast_info",
                  "Alias": "ci",
                  "Startup Cost": 0.56,
                  "Total Cost": 985.86,
                  "Plan Rows": 484,
                  "Plan Width": 4,
                  "Actual Startup Time": 12.106,
                  "Actual Total Time": 13.519,
                  "Actual Rows": 1672,
                  "Actual Loops": 1,
                  "Index Cond": "(person_id = 2935761)",
                  "Rows Removed by Index Recheck": 0
                },
                {
                  "Node Type": "Index Only Scan",
                  "Parent Relationship": "Inner",
                  "Parallel Aware": false,
                  "Scan Direction": "Forward",
                  "Index Name": "title_pkey",
                  "Relation Name": "title",
                  "Alias": "t",
                  "Startup Cost": 0.43,
                  "Total Cost": 8.32,
                  "Plan Rows": 1,
                  "Plan Width": 4,
                  "Actual Startup Time": 0.003,
                  "Actual Total Time": 0.003,
                  "Actual Rows": 1,
                  "Actual Loops": 1672,
                  "Index Cond": "(id = ci.movie_id)",
                  "Rows Removed by Index Recheck": 0,
                  "Heap Fetches": 1672
                }
              ]
            },
            {
              "Node Type": "Index Scan",
              "Parent Relationship": "Inner",
              "Parallel Aware": false,
              "Scan Direction": "Forward",
              "Index Name": "movie_id_movie_info",
              "Relation Name": "movie_info",
              "Alias": "mi",
              "Startup Cost": 0.43,
              "Total Cost": 1.6,
              "Plan Rows": 21,
              "Plan Width": 4,
              "Actual Startup Time": 0.003,
              "Actual Total Time": 0.004,
              "Actual Rows": 2,
              "Actual Loops": 1672,
              "Index Cond": "(movie_id = t.id)",
              "Rows Removed by Index Recheck": 0,
              "Filter": "(info_type_id > 7)",
              "Rows Removed by Filter": 2
            }
          ]
        }
      ]
    },
    "Planning Time": 0.603,
    "Triggers": [],
    "Execution Time": 28.028
  }
]