[
  {
    "Plan": {
      "Node Type": "Aggregate",
      "Strategy": "Plain",
      "Partial Mode": "Finalize",
      "Parallel Aware": false,
      "Startup Cost": 296416.9,
      "Total Cost": 296416.91,
      "Plan Rows": 1,
      "Plan Width": 96,
      "Actual Startup Time": 2991.474,
      "Actual Total Time": 3080.358,
      "Actual Rows": 1,
      "Actual Loops": 1,
      "Plans": [
        {
          "Node Type": "Gather",
          "Parent Relationship": "Outer",
          "Parallel Aware": false,
          "Startup Cost": 296416.78,
          "Total Cost": 296416.89,
          "Plan Rows": 1,
          "Plan Width": 96,
          "Actual Startup Time": 2984.925,
          "Actual Total Time": 3080.347,
          "Actual Rows": 2,
          "Actual Loops": 1,
          "Workers Planned": 1,
          "Workers Launched": 1,
          "Single Copy": false,
          "Plans": [
            {
              "Node Type": "Aggregate",
              "Strategy": "Plain",
              "Partial Mode": "Partial",
              "Parent Relationship": "Outer",
              "Parallel Aware": false,
              "Startup Cost": 295416.78,
              "Total Cost": 295416.79,
              "Plan Rows": 1,
              "Plan Width": 96,
              "Actual Startup Time": 2978.254,
              "Actual Total Time": 2978.284,
              "Actual Rows": 1,
              "Actual Loops": 2,
              "Plans": [
                {
                  "Node Type": "Hash Join",
                  "Parent Relationship": "Outer",
                  "Parallel Aware": true,
                  "Join Type": "Inner",
                  "Startup Cost": 290253.59,
                  "Total Cost": 295415.68,
                  "Plan Rows": 147,
                  "Plan Width": 42,
                  "Actual Startup Time": 2950.085,
                  "Actual Total Time": 2975.871,
                  "Actual Rows": 25342,
                  "Actual Loops": 2,
                  "Inner Unique": false,
                  "Hash Cond": "(cn.id = mc.company_id)",
                  "Plans": [
                    {
                      "Node Type": "Seq Scan",
                      "Parent Relationship": "Outer",
                      "Parallel Aware": true,
                      "Relation Name": "company_name",
                      "Alias": "cn",
                      "Startup Cost": 0.0,
                      "Total Cost": 4722.92,
                      "Plan Rows": 50137,
                      "Plan Width": 23,
                      "Actual Startup Time": 0.015,
                      "Actual Total Time": 14.534,
                      "Actual Rows": 42422,
                      "Actual Loops": 2,
                      "Filter": "((country_code)::text = '[us]'::text)",
                      "Rows Removed by Filter": 75077
                    },
                    {
                      "Node Type": "Hash",
                      "Parent Relationship": "Inner",
                      "Parallel Aware": true,
                      "Startup Cost": 290250.82,
                      "Total Cost": 290250.82,
                      "Plan Rows": 222,
                      "Plan Width": 27,
                      "Actual Startup Time": 2949.38,
                      "Actual Total Time": 2949.408,
                      "Actual Rows": 60815,
                      "Actual Loops": 2,
                      "Hash Buckets": 131072,
                      "Original Hash Buckets": 1024,
                      "Hash Batches": 1,
                      "Original Hash Batches": 1,
                      "Peak Memory Usage": 9752,
                      "Plans": [
                        {
                          "Node Type": "Hash Join",
                          "Parent Relationship": "Outer",
                          "Parallel Aware": false,
                          "Join Type": "Inner",
                          "Startup Cost": 259881.28,
                          "Total Cost": 290250.82,
                          "Plan Rows": 222,
                          "Plan Width": 27,
                          "Actual Startup Time": 2711.122,
                          "Actual Total Time": 2932.758,
                          "Actual Rows": 60815,
                          "Actual Loops": 2,
                          "Inner Unique": true,
                          "Hash Cond": "(mc.company_type_id = ct.id)",
                          "Plans": [
                            {
                              "Node Type": "Hash Join",
                              "Parent Relationship": "Outer",
                              "Parallel Aware": true,
                              "Join Type": "Inner",
                              "Startup Cost": 259880.22,
                              "Total Cost": 290245.19,
                              "Plan Rows": 844,
                              "Plan Width": 31,
                              "Actual Startup Time": 2711.01,
                              "Actual Total Time": 2922.584,
                              "Actual Rows": 111889,
                              "Actual Loops": 2,
                              "Inner Unique": false,
                              "Hash Cond": "(mc.movie_id = mi.movie_id)",
                              "Plans": [
                                {
                                  "Node Type": "Seq Scan",
                                  "Parent Relationship": "Outer",
                                  "Parallel Aware": true,
                                  "Relation Name": "movie_companies",
                                  "Alias": "mc",
                                  "Startup Cost": 0.0,
                                  "Total Cost": 27206.55,
                                  "Plan Rows": 841655,
                                  "Plan Width": 12,
                                  "Actual Startup Time": 0.015,
                                  "Actual Total Time": 109.992,
                                  "Actual Rows": 1304564,
                                  "Actual Loops": 2
                                },
                                {
                                  "Node Type": "Hash",
                                  "Parent Relationship": "Inner",
                                  "Parallel Aware": true,
                                  "Startup Cost": 259878.65,
                                  "Total Cost": 259878.65,
                                  "Plan Rows": 126,
                                  "Plan Width": 35,
                                  "Actual Startup Time": 2667.566,
                                  "Actual Total Time": 2667.59,
                                  "Actual Rows": 27192,
                                  "Actual Loops": 2,
                                  "Hash Buckets": 65536,
                                  "Original Hash Buckets": 1024,
                                  "Hash Batches": 1,
                                  "Original Hash Batches": 1,
                                  "Peak Memory Usage": 4984,
                                  "Plans": [
                                    {
                                      "Node Type": "Hash Join",
                                      "Parent Relationship": "Outer",
                                      "Parallel Aware": false,
                                      "Join Type": "Inner",
                                      "Startup Cost": 215184.48,
                                      "Total Cost": 259878.65,
                                      "Plan Rows": 126,
                                      "Plan Width": 35,
                                      "Actual Startup Time": 2355.846,
                                      "Actual Total Time": 2650.59,
                                      "Actual Rows": 27192,
                                      "Actual Loops": 2,
                                      "Inner Unique": true,
                                      "Hash Cond": "(t.kind_id = kt.id)",
                                      "Plans": [
                                        {
                                          "Node Type": "Hash Join",
                                          "Parent Relationship": "Outer",
                                          "Parallel Aware": true,
                                          "Join Type": "Inner",
                                          "Startup Cost": 215183.38,
                                          "Total Cost": 259873.82,
                                          "Plan Rows": 884,
                                          "Plan Width": 39,
                                          "Actual Startup Time": 2061.918,
                                          "Actual Total Time": 2620.5,
                                          "Actual Rows": 559492,
                                          "Actual Loops": 2,
                                          "Inner Unique": false,
                                          "Hash Cond": "(t.id = mi.movie_id)",
                                          "Plans": [
                                            {
                                              "Node Type": "Seq Scan",
                                              "Parent Relationship": "Outer",
                                              "Parallel Aware": true,
                                              "Relation Name": "title",
                                              "Alias": "t",
                                              "Startup Cost": 0.0,
                                              "Total Cost": 42318.49,
                                              "Plan Rows": 632049,
                                              "Plan Width": 25,
                                              "Actual Startup Time": 0.022,
                                              "Actual Total Time": 174.318,
                                              "Actual Rows": 1264156,
                                              "Actual Loops": 2
                                            },
                                            {
                                              "Node Type": "Hash",
                                              "Parent Relationship": "Inner",
                                              "Parallel Aware": true,
                                              "Startup Cost": 215174.54,
                                              "Total Cost": 215174.54,
                                              "Plan Rows": 707,
                                              "Plan Width": 14,
                                              "Actual Startup Time": 2061.469,
                                              "Actual Total Time": 2061.489,
                                              "Actual Rows": 559492,
                                              "Actual Loops": 2,
                                              "Hash Buckets": 2097152,
                                              "Original Hash Buckets": 4096,
                                              "Hash Batches": 1,
                                              "Original Hash Batches": 1,
                                              "Peak Memory Usage": 85280,
                                              "Plans": [
                                                {
                                                  "Node Type": "Hash Join",
                                                  "Parent Relationship": "Outer",
                                                  "Parallel Aware": true,
                                                  "Join Type": "Inner",
                                                  "Startup Cost": 15319.64,
                                                  "Total Cost": 215174.54,
                                                  "Plan Rows": 707,
                                                  "Plan Width": 14,
                                                  "Actual Startup Time": 566.528,
                                                  "Actual Total Time": 1879.282,
                                                  "Actual Rows": 559492,
                                                  "Actual Loops": 2,
                                                  "Inner Unique": false,
                                                  "Hash Cond": "(mi.movie_id = miidx.movie_id)",
                                                  "Plans": [
                                                    {
                                                      "Node Type": "Hash Join",
                                                      "Parent Relationship": "Outer",
                                                      "Parallel Aware": false,
                                                      "Join Type": "Inner",
                                                      "Startup Cost": 2.43,
                                                      "Total Cost": 199755.89,
                                                      "Plan Rows": 26264,
                                                      "Plan Width": 4,
                                                      "Actual Startup Time": 358.485,
                                                      "Actual Total Time": 1335.655,
                                                      "Actual Rows": 1518360,
                                                      "Actual Loops": 2,
                                                      "Inner Unique": true,
                                                      "Hash Cond": "(mi.info_type_id = it2.id)",
                                                      "Plans": [
                                                        {
                                                          "Node Type": "Seq Scan",
                                                          "Parent Relationship": "Outer",
                                                          "Parallel Aware": true,
                                                          "Relation Name": "movie_info",
                                                          "Alias": "mi",
                                                          "Startup Cost": 0.0,
                                                          "Total Cost": 191670.84,
                                                          "Plan Rows": 2967784,
                                                          "Plan Width": 8,
                                                          "Actual Startup Time": 0.022,
                                                          "Actual Total Time": 767.73,
                                                          "Actual Rows": 7417860,
                                                          "Actual Loops": 2
                                                        },
                                                        {
                                                          "Node Type": "Hash",
                                                          "Parent Relationship": "Inner",
                                                          "Parallel Aware": false,
                                                          "Startup Cost": 2.41,
                                                          "Total Cost": 2.41,
                                                          "Plan Rows": 1,
                                                          "Plan Width": 4,
                                                          "Actual Startup Time": 0.025,
                                                          "Actual Total Time": 0.026,
                                                          "Actual Rows": 1,
                                                          "Actual Loops": 2,
                                                          "Hash Buckets": 1024,
                                                          "Original Hash Buckets": 1024,
                                                          "Hash Batches": 1,
                                                          "Original Hash Batches": 1,
                                                          "Peak Memory Usage": 9,
                                                          "Plans": [
                                                            {
                                                              "Node Type": "Seq Scan",
                                                              "Parent Relationship": "Outer",
                                                              "Parallel Aware": false,
                                                              "Relation Name": "info_type",
                                                              "Alias": "it2",
                                                              "Startup Cost": 0.0,
                                                              "Total Cost": 2.41,
                                                              "Plan Rows": 1,
                                                              "Plan Width": 4,
                                                              "Actual Startup Time": 0.015,
                                                              "Actual Total Time": 0.02,
                                                              "Actual Rows": 1,
                                                              "Actual Loops": 2,
                                                              "Filter": "((info)::text = 'release dates'::text)",
                                                              "Rows Removed by Filter": 112
                                                            }
                                                          ]
                                                        }
                                                      ]
                                                    },
                                                    {
                                                      "Node Type": "Hash",
                                                      "Parent Relationship": "Inner",
                                                      "Parallel Aware": true,
                                                      "Startup Cost": 15253.6,
                                                      "Total Cost": 15253.6,
                                                      "Plan Rows": 5089,
                                                      "Plan Width": 10,
                                                      "Actual Startup Time": 207.886,
                                                      "Actual Total Time": 207.889,
                                                      "Actual Rows": 229962,
                                                      "Actual Loops": 2,
                                                      "Hash Buckets": 524288,
                                                      "Original Hash Buckets": 16384,
                                                      "Hash Batches": 1,
                                                      "Original Hash Batches": 1,
                                                      "Peak Memory Usage": 26080,
                                                      "Plans": [
                                                        {
                                                          "Node Type": "Hash Join",
                                                          "Parent Relationship": "Outer",
                                                          "Parallel Aware": false,
                                                          "Join Type": "Inner",
                                                          "Startup Cost": 2.43,
                                                          "Total Cost": 15253.6,
                                                          "Plan Rows": 5089,
                                                          "Plan Width": 10,
                                                          "Actual Startup Time": 0.16,
                                                          "Actual Total Time": 148.868,
                                                          "Actual Rows": 229962,
                                                          "Actual Loops": 2,
                                                          "Inner Unique": true,
                                                          "Hash Cond": "(miidx.info_type_id = it.id)",
                                                          "Plans": [
                                                            {
                                                              "Node Type": "Seq Scan",
                                                              "Parent Relationship": "Outer",
                                                              "Parallel Aware": true,
                                                              "Relation Name": "movie_info_idx",
                                                              "Alias": "miidx",
                                                              "Startup Cost": 0.0,
                                                              "Total Cost": 13685.15,
                                                              "Plan Rows": 575015,
                                                              "Plan Width": 14,
                                                              "Actual Startup Time": 0.051,
                                                              "Actual Total Time": 78.421,
                                                              "Actual Rows": 690018,
                                                              "Actual Loops": 2
                                                            },
                                                            {
                                                              "Node Type": "Hash",
                                                              "Parent Relationship": "Inner",
                                                              "Parallel Aware": false,
                                                              "Startup Cost": 2.41,
                                                              "Total Cost": 2.41,
                                                              "Plan Rows": 1,
                                                              "Plan Width": 4,
                                                              "Actual Startup Time": 0.073,
                                                              "Actual Total Time": 0.073,
                                                              "Actual Rows": 1,
                                                              "Actual Loops": 2,
                                                              "Hash Buckets": 1024,
                                                              "Original Hash Buckets": 1024,
                                                              "Hash Batches": 1,
                                                              "Original Hash Batches": 1,
                                                              "Peak Memory Usage": 9,
                                                              "Plans": [
                                                                {
                                                                  "Node Type": "Seq Scan",
                                                                  "Parent Relationship": "Outer",
                                                                  "Parallel Aware": false,
                                                                  "Relation Name": "info_type",
                                                                  "Alias": "it",
                                                                  "Startup Cost": 0.0,
                                                                  "Total Cost": 2.41,
                                                                  "Plan Rows": 1,
                                                                  "Plan Width": 4,
                                                                  "Actual Startup Time": 0.06,
                                                                  "Actual Total Time": 0.063,
                                                                  "Actual Rows": 1,
                                                                  "Actual Loops": 2,
                                                                  "Filter": "((info)::text = 'rating'::text)",
                                                                  "Rows Removed by Filter": 112
                                                                }
                                                              ]
                                                            }
                                                          ]
                                                        }
                                                      ]
                                                    }
                                                  ]
                                                }
                                              ]
                                            }
                                          ]
                                        },
                                        {
                                          "Node Type": "Hash",
                                          "Parent Relationship": "Inner",
                                          "Parallel Aware": false,
                                          "Startup Cost": 1.09,
                                          "Total Cost": 1.09,
                                          "Plan Rows": 1,
                                          "Plan Width": 4,
                                          "Actual Startup Time": 0.056,
                                          "Actual Total Time": 0.056,
                                          "Actual Rows": 1,
                                          "Actual Loops": 2,
                                          "Hash Buckets": 1024,
                                          "Original Hash Buckets": 1024,
                                          "Hash Batches": 1,
                                          "Original Hash Batches": 1,
                                          "Peak Memory Usage": 9,
                                          "Plans": [
                                            {
                                              "Node Type": "Seq Scan",
                                              "Parent Relationship": "Outer",
                                              "Parallel Aware": false,
                                              "Relation Name": "kind_type",
                                              "Alias": "kt",
                                              "Startup Cost": 0.0,
                                              "Total Cost": 1.09,
                                              "Plan Rows": 1,
                                              "Plan Width": 4,
                                              "Actual Startup Time": 0.045,
                                              "Actual Total Time": 0.047,
                                              "Actual Rows": 1,
                                              "Actual Loops": 2,
                                              "Filter": "((kind)::text = 'tv movie'::text)",
                                              "Rows Removed by Filter": 6
                                            }
                                          ]
                                        }
                                      ]
                                    }
                                  ]
                                }
                              ]
                            },
                            {
                              "Node Type": "Hash",
                              "Parent Relationship": "Inner",
                              "Parallel Aware": false,
                              "Startup Cost": 1.05,
                              "Total Cost": 1.05,
                              "Plan Rows": 1,
                              "Plan Width": 4,
                              "Actual Startup Time": 0.074,
                              "Actual Total Time": 0.075,
                              "Actual Rows": 1,
                              "Actual Loops": 2,
                              "Hash Buckets": 1024,
                              "Original Hash Buckets": 1024,
                              "Hash Batches": 1,
                              "Original Hash Batches": 1,
                              "Peak Memory Usage": 9,
                              "Plans": [
                                {
                                  "Node Type": "Seq Scan",
                                  "Parent Relationship": "Outer",
                                  "Parallel Aware": false,
                                  "Relation Name": "company_type",
                                  "Alias": "ct",
                                  "Startup Cost": 0.0,
                                  "Total Cost": 1.05,
                                  "Plan Rows": 1,
                                  "Plan Width": 4,
                                  "Actual Startup Time": 0.056,
                                  "Actual Total Time": 0.059,
                                  "Actual Rows": 1,
                                  "Actual Loops": 2,
                                  "Filter": "((kind)::text = 'distributors'::text)",
                                  "Rows Removed by Filter": 3
                                }
                              ]
                            }
                          ]
                        }
                      ]
                    }
                  ]
                }
              ]
            }
          ]
        }
      ]
    },
    "Planning Time": 7.775,
    "Triggers": [],
    "Execution Time": 3080.734
  }
]