[
    {
        "Bao": {
            "Bao prediction": 248.076,
            "Bao recommended hint": "SET enable_mergejoin TO off; SET enable_indexscan TO off; "
        }
    },
    {
        "Plan": {
            "Node Type": "Aggregate",
            "Strategy": "Plain",
            "Partial Mode": "Simple",
            "Parallel Aware": false,
            "Startup Cost": 54043.7,
            "Total Cost": 54043.71,
            "Plan Rows": 1,
            "Plan Width": 64,
            "Actual Startup Time": 280.633,
            "Actual Total Time": 319.596,
            "Actual Rows": 1,
            "Actual Loops": 1,
            "Output": [
                "min((kt.kind)::text)",
                "min(t.title)"
            ],
            "Plans": [
                {
                    "Node Type": "Nested Loop",
                    "Parent Relationship": "Outer",
                    "Parallel Aware": false,
                    "Join Type": "Inner",
                    "Startup Cost": 4239.54,
                    "Total Cost": 54043.7,
                    "Plan Rows": 1,
                    "Plan Width": 27,
                    "Actual Startup Time": 249.838,
                    "Actual Total Time": 319.166,
                    "Actual Rows": 628,
                    "Actual Loops": 1,
                    "Output": [
                        "kt.kind",
                        "t.title"
                    ],
                    "Inner Unique": true,
                    "Plans": [
                        {
                            "Node Type": "Nested Loop",
                            "Parent Relationship": "Outer",
                            "Parallel Aware": false,
                            "Join Type": "Inner",
                            "Startup Cost": 4239.11,
                            "Total Cost": 54039.26,
                            "Plan Rows": 1,
                            "Plan Width": 31,
                            "Actual Startup Time": 249.797,
                            "Actual Total Time": 313.286,
                            "Actual Rows": 628,
                            "Actual Loops": 1,
                            "Output": [
                                "mk.keyword_id",
                                "t.title",
                                "kt.kind"
                            ],
                            "Inner Unique": true,
                            "Join Filter": "(mc.company_type_id = ct.id)",
                            "Rows Removed by Join Filter": 615,
                            "Plans": [
                                {
                                    "Node Type": "Nested Loop",
                                    "Parent Relationship": "Outer",
                                    "Parallel Aware": false,
                                    "Join Type": "Inner",
                                    "Startup Cost": 4239.11,
                                    "Total Cost": 54038.17,
                                    "Plan Rows": 1,
                                    "Plan Width": 35,
                                    "Actual Startup Time": 249.788,
                                    "Actual Total Time": 310.669,
                                    "Actual Rows": 628,
                                    "Actual Loops": 1,
                                    "Output": [
                                        "mc.company_type_id",
                                        "mk.keyword_id",
                                        "t.title",
                                        "kt.kind"
                                    ],
                                    "Inner Unique": true,
                                    "Plans": [
                                        {
                                            "Node Type": "Nested Loop",
                                            "Parent Relationship": "Outer",
                                            "Parallel Aware": false,
                                            "Join Type": "Inner",
                                            "Startup Cost": 4238.69,
                                            "Total Cost": 54033.72,
                                            "Plan Rows": 1,
                                            "Plan Width": 39,
                                            "Actual Startup Time": 249.735,
                                            "Actual Total Time": 305.858,
                                            "Actual Rows": 628,
                                            "Actual Loops": 1,
                                            "Output": [
                                                "mc.company_id",
                                                "mc.company_type_id",
                                                "mk.keyword_id",
                                                "t.title",
                                                "kt.kind"
                                            ],
                                            "Inner Unique": false,
                                            "Join Filter": "(t.id = mc.movie_id)",
                                            "Rows Removed by Join Filter": 0,
                                            "Plans": [
                                                {
                                                    "Node Type": "Nested Loop",
                                                    "Parent Relationship": "Outer",
                                                    "Parallel Aware": false,
                                                    "Join Type": "Inner",
                                                    "Startup Cost": 4238.21,
                                                    "Total Cost": 54029.12,
                                                    "Plan Rows": 1,
                                                    "Plan Width": 47,
                                                    "Actual Startup Time": 249.68,
                                                    "Actual Total Time": 301.075,
                                                    "Actual Rows": 625,
                                                    "Actual Loops": 1,
                                                    "Output": [
                                                        "cc.movie_id",
                                                        "mi.movie_id",
                                                        "mk.movie_id",
                                                        "mk.keyword_id",
                                                        "t.title",
                                                        "t.id",
                                                        "kt.kind"
                                                    ],
                                                    "Inner Unique": false,
                                                    "Plans": [
                                                        {
                                                            "Node Type": "Gather",
                                                            "Parent Relationship": "Outer",
                                                            "Parallel Aware": false,
                                                            "Startup Cost": 4237.37,
                                                            "Total Cost": 54023.24,
                                                            "Plan Rows": 1,
                                                            "Plan Width": 39,
                                                            "Actual Startup Time": 249.599,
                                                            "Actual Total Time": 300.571,
                                                            "Actual Rows": 6,
                                                            "Actual Loops": 1,
                                                            "Output": [
                                                                "cc.movie_id",
                                                                "mi.movie_id",
                                                                "t.title",
                                                                "t.id",
                                                                "kt.kind"
                                                            ],
                                                            "Workers Planned": 4,
                                                            "Workers Launched": 4,
                                                            "Single Copy": false,
                                                            "Plans": [
                                                                {
                                                                    "Node Type": "Nested Loop",
                                                                    "Parent Relationship": "Outer",
                                                                    "Parallel Aware": false,
                                                                    "Join Type": "Inner",
                                                                    "Startup Cost": 3237.37,
                                                                    "Total Cost": 53023.14,
                                                                    "Plan Rows": 1,
                                                                    "Plan Width": 39,
                                                                    "Actual Startup Time": 239.73,
                                                                    "Actual Total Time": 264.054,
                                                                    "Actual Rows": 1,
                                                                    "Actual Loops": 5,
                                                                    "Output": [
                                                                        "cc.movie_id",
                                                                        "mi.movie_id",
                                                                        "t.title",
                                                                        "t.id",
                                                                        "kt.kind"
                                                                    ],
                                                                    "Inner Unique": true,
                                                                    "Join Filter": "(mi.info_type_id = it1.id)",
                                                                    "Rows Removed by Join Filter": 0,
                                                                    "Workers": [
                                                                        {
                                                                            "Worker Number": 0,
                                                                            "Actual Startup Time": 264.653,
                                                                            "Actual Total Time": 264.661,
                                                                            "Actual Rows": 0,
                                                                            "Actual Loops": 1
                                                                        },
                                                                        {
                                                                            "Worker Number": 1,
                                                                            "Actual Startup Time": 239.487,
                                                                            "Actual Total Time": 265.0,
                                                                            "Actual Rows": 1,
                                                                            "Actual Loops": 1
                                                                        },
                                                                        {
                                                                            "Worker Number": 2,
                                                                            "Actual Startup Time": 180.663,
                                                                            "Actual Total Time": 265.297,
                                                                            "Actual Rows": 1,
                                                                            "Actual Loops": 1
                                                                        },
                                                                        {
                                                                            "Worker Number": 3,
                                                                            "Actual Startup Time": 266.043,
                                                                            "Actual Total Time": 266.051,
                                                                            "Actual Rows": 0,
                                                                            "Actual Loops": 1
                                                                        }
                                                                    ],
                                                                    "Plans": [
                                                                        {
                                                                            "Node Type": "Nested Loop",
                                                                            "Parent Relationship": "Outer",
                                                                            "Parallel Aware": false,
                                                                            "Join Type": "Inner",
                                                                            "Startup Cost": 3237.37,
                                                                            "Total Cost": 53020.72,
                                                                            "Plan Rows": 1,
                                                                            "Plan Width": 43,
                                                                            "Actual Startup Time": 239.705,
                                                                            "Actual Total Time": 264.023,
                                                                            "Actual Rows": 1,
                                                                            "Actual Loops": 5,
                                                                            "Output": [
                                                                                "cc.movie_id",
                                                                                "mi.movie_id",
                                                                                "mi.info_type_id",
                                                                                "t.title",
                                                                                "t.id",
                                                                                "kt.kind"
                                                                            ],
                                                                            "Inner Unique": false,
                                                                            "Workers": [
                                                                                {
                                                                                    "Worker Number": 0,
                                                                                    "Actual Startup Time": 264.652,
                                                                                    "Actual Total Time": 264.659,
                                                                                    "Actual Rows": 0,
                                                                                    "Actual Loops": 1
                                                                                },
                                                                                {
                                                                                    "Worker Number": 1,
                                                                                    "Actual Startup Time": 239.436,
                                                                                    "Actual Total Time": 264.946,
                                                                                    "Actual Rows": 1,
                                                                                    "Actual Loops": 1
                                                                                },
                                                                                {
                                                                                    "Worker Number": 2,
                                                                                    "Actual Startup Time": 180.611,
                                                                                    "Actual Total Time": 265.244,
                                                                                    "Actual Rows": 1,
                                                                                    "Actual Loops": 1
                                                                                },
                                                                                {
                                                                                    "Worker Number": 3,
                                                                                    "Actual Startup Time": 266.042,
                                                                                    "Actual Total Time": 266.049,
                                                                                    "Actual Rows": 0,
                                                                                    "Actual Loops": 1
                                                                                }
                                                                            ],
                                                                            "Plans": [
                                                                                {
                                                                                    "Node Type": "Hash Join",
                                                                                    "Parent Relationship": "Outer",
                                                                                    "Parallel Aware": false,
                                                                                    "Join Type": "Inner",
                                                                                    "Startup Cost": 3236.49,
                                                                                    "Total Cost": 48698.72,
                                                                                    "Plan Rows": 757,
                                                                                    "Plan Width": 35,
                                                                                    "Actual Startup Time": 152.06,
                                                                                    "Actual Total Time": 202.32,
                                                                                    "Actual Rows": 397,
                                                                                    "Actual Loops": 5,
                                                                                    "Output": [
                                                                                        "cc.movie_id",
                                                                                        "t.title",
                                                                                        "t.id",
                                                                                        "kt.kind"
                                                                                    ],
                                                                                    "Inner Unique": true,
                                                                                    "Hash Cond": "(t.kind_id = kt.id)",
                                                                                    "Workers": [
                                                                                        {
                                                                                            "Worker Number": 0,
                                                                                            "Actual Startup Time": 148.898,
                                                                                            "Actual Total Time": 199.875,
                                                                                            "Actual Rows": 375,
                                                                                            "Actual Loops": 1
                                                                                        },
                                                                                        {
                                                                                            "Worker Number": 1,
                                                                                            "Actual Startup Time": 149.019,
                                                                                            "Actual Total Time": 201.265,
                                                                                            "Actual Rows": 379,
                                                                                            "Actual Loops": 1
                                                                                        },
                                                                                        {
                                                                                            "Worker Number": 2,
                                                                                            "Actual Startup Time": 149.544,
                                                                                            "Actual Total Time": 201.661,
                                                                                            "Actual Rows": 369,
                                                                                            "Actual Loops": 1
                                                                                        },
                                                                                        {
                                                                                            "Worker Number": 3,
                                                                                            "Actual Startup Time": 150.263,
                                                                                            "Actual Total Time": 201.151,
                                                                                            "Actual Rows": 553,
                                                                                            "Actual Loops": 1
                                                                                        }
                                                                                    ],
                                                                                    "Plans": [
                                                                                        {
                                                                                            "Node Type": "Hash Join",
                                                                                            "Parent Relationship": "Outer",
                                                                                            "Parallel Aware": false,
                                                                                            "Join Type": "Inner",
                                                                                            "Startup Cost": 3235.39,
                                                                                            "Total Cost": 48675.29,
                                                                                            "Plan Rows": 5298,
                                                                                            "Plan Width": 29,
                                                                                            "Actual Startup Time": 48.162,
                                                                                            "Actual Total Time": 201.587,
                                                                                            "Actual Rows": 653,
                                                                                            "Actual Loops": 5,
                                                                                            "Output": [
                                                                                                "cc.movie_id",
                                                                                                "t.title",
                                                                                                "t.kind_id",
                                                                                                "t.id"
                                                                                            ],
                                                                                            "Inner Unique": false,
                                                                                            "Hash Cond": "(t.id = cc.movie_id)",
                                                                                            "Workers": [
                                                                                                {
                                                                                                    "Worker Number": 0,
                                                                                                    "Actual Startup Time": 49.426,
                                                                                                    "Actual Total Time": 199.175,
                                                                                                    "Actual Rows": 615,
                                                                                                    "Actual Loops": 1
                                                                                                },
                                                                                                {
                                                                                                    "Worker Number": 1,
                                                                                                    "Actual Startup Time": 47.077,
                                                                                                    "Actual Total Time": 200.453,
                                                                                                    "Actual Rows": 604,
                                                                                                    "Actual Loops": 1
                                                                                                },
                                                                                                {
                                                                                                    "Worker Number": 2,
                                                                                                    "Actual Startup Time": 48.32,
                                                                                                    "Actual Total Time": 200.802,
                                                                                                    "Actual Rows": 600,
                                                                                                    "Actual Loops": 1
                                                                                                },
                                                                                                {
                                                                                                    "Worker Number": 3,
                                                                                                    "Actual Startup Time": 40.894,
                                                                                                    "Actual Total Time": 200.276,
                                                                                                    "Actual Rows": 919,
                                                                                                    "Actual Loops": 1
                                                                                                }
                                                                                            ],
                                                                                            "Plans": [
                                                                                                {
                                                                                                    "Node Type": "Seq Scan",
                                                                                                    "Parent Relationship": "Outer",
                                                                                                    "Parallel Aware": true,
                                                                                                    "Relation Name": "title",
                                                                                                    "Schema": "public",
                                                                                                    "Alias": "t",
                                                                                                    "Startup Cost": 0.0,
                                                                                                    "Total Cost": 43899.32,
                                                                                                    "Plan Rows": 396692,
                                                                                                    "Plan Width": 25,
                                                                                                    "Actual Startup Time": 0.058,
                                                                                                    "Actual Total Time": 106.301,
                                                                                                    "Actual Rows": 314114,
                                                                                                    "Actual Loops": 5,
                                                                                                    "Output": [
                                                                                                        "t.id",
                                                                                                        "t.title",
                                                                                                        "t.imdb_index",
                                                                                                        "t.kind_id",
                                                                                                        "t.production_year",
                                                                                                        "t.imdb_id",
                                                                                                        "t.phonetic_code",
                                                                                                        "t.episode_of_id",
                                                                                                        "t.season_nr",
                                                                                                        "t.episode_nr",
                                                                                                        "t.series_years",
                                                                                                        "t.md5sum"
                                                                                                    ],
                                                                                                    "Filter": "(t.production_year > 1996)",
                                                                                                    "Rows Removed by Filter": 191549,
                                                                                                    "Workers": [
                                                                                                        {
                                                                                                            "Worker Number": 0,
                                                                                                            "Actual Startup Time": 0.055,
                                                                                                            "Actual Total Time": 107.296,
                                                                                                            "Actual Rows": 287523,
                                                                                                            "Actual Loops": 1
                                                                                                        },
                                                                                                        {
                                                                                                            "Worker Number": 1,
                                                                                                            "Actual Startup Time": 0.054,
                                                                                                            "Actual Total Time": 104.494,
                                                                                                            "Actual Rows": 277368,
                                                                                                            "Actual Loops": 1
                                                                                                        },
                                                                                                        {
                                                                                                            "Worker Number": 2,
                                                                                                            "Actual Startup Time": 0.082,
                                                                                                            "Actual Total Time": 107.762,
                                                                                                            "Actual Rows": 288274,
                                                                                                            "Actual Loops": 1
                                                                                                        },
                                                                                                        {
                                                                                                            "Worker Number": 3,
                                                                                                            "Actual Startup Time": 0.069,
                                                                                                            "Actual Total Time": 107.98,
                                                                                                            "Actual Rows": 433384,
                                                                                                            "Actual Loops": 1
                                                                                                        }
                                                                                                    ]
                                                                                                },
                                                                                                {
                                                                                                    "Node Type": "Hash",
                                                                                                    "Parent Relationship": "Inner",
                                                                                                    "Parallel Aware": false,
                                                                                                    "Startup Cost": 2813.24,
                                                                                                    "Total Cost": 2813.24,
                                                                                                    "Plan Rows": 33772,
                                                                                                    "Plan Width": 4,
                                                                                                    "Actual Startup Time": 46.363,
                                                                                                    "Actual Total Time": 46.367,
                                                                                                    "Actual Rows": 24592,
                                                                                                    "Actual Loops": 5,
                                                                                                    "Output": [
                                                                                                        "cc.movie_id"
                                                                                                    ],
                                                                                                    "Hash Buckets": 65536,
                                                                                                    "Original Hash Buckets": 65536,
                                                                                                    "Hash Batches": 1,
                                                                                                    "Original Hash Batches": 1,
                                                                                                    "Peak Memory Usage": 1377,
                                                                                                    "Workers": [
                                                                                                        {
                                                                                                            "Worker Number": 0,
                                                                                                            "Actual Startup Time": 46.09,
                                                                                                            "Actual Total Time": 46.094,
                                                                                                            "Actual Rows": 24592,
                                                                                                            "Actual Loops": 1
                                                                                                        },
                                                                                                        {
                                                                                                            "Worker Number": 1,
                                                                                                            "Actual Startup Time": 45.971,
                                                                                                            "Actual Total Time": 45.977,
                                                                                                            "Actual Rows": 24592,
                                                                                                            "Actual Loops": 1
                                                                                                        },
                                                                                                        {
                                                                                                            "Worker Number": 2,
                                                                                                            "Actual Startup Time": 46.449,
                                                                                                            "Actual Total Time": 46.453,
                                                                                                            "Actual Rows": 24592,
                                                                                                            "Actual Loops": 1
                                                                                                        },
                                                                                                        {
                                                                                                            "Worker Number": 3,
                                                                                                            "Actual Startup Time": 39.882,
                                                                                                            "Actual Total Time": 39.886,
                                                                                                            "Actual Rows": 24592,
                                                                                                            "Actual Loops": 1
                                                                                                        }
                                                                                                    ],
                                                                                                    "Plans": [
                                                                                                        {
                                                                                                            "Node Type": "Hash Join",
                                                                                                            "Parent Relationship": "Outer",
                                                                                                            "Parallel Aware": false,
                                                                                                            "Join Type": "Inner",
                                                                                                            "Startup Cost": 1.06,
                                                                                                            "Total Cost": 2813.24,
                                                                                                            "Plan Rows": 33772,
                                                                                                            "Plan Width": 4,
                                                                                                            "Actual Startup Time": 0.178,
                                                                                                            "Actual Total Time": 39.444,
                                                                                                            "Actual Rows": 24592,
                                                                                                            "Actual Loops": 5,
                                                                                                            "Output": [
                                                                                                                "cc.movie_id"
                                                                                                            ],
                                                                                                            "Inner Unique": true,
                                                                                                            "Hash Cond": "(cc.status_id = cct1.id)",
                                                                                                            "Workers": [
                                                                                                                {
                                                                                                                    "Worker Number": 0,
                                                                                                                    "Actual Startup Time": 0.169,
                                                                                                                    "Actual Total Time": 39.588,
                                                                                                                    "Actual Rows": 24592,
                                                                                                                    "Actual Loops": 1
                                                                                                                },
                                                                                                                {
                                                                                                                    "Worker Number": 1,
                                                                                                                    "Actual Startup Time": 0.172,
                                                                                                                    "Actual Total Time": 38.897,
                                                                                                                    "Actual Rows": 24592,
                                                                                                                    "Actual Loops": 1
                                                                                                                },
                                                                                                                {
                                                                                                                    "Worker Number": 2,
                                                                                                                    "Actual Startup Time": 0.231,
                                                                                                                    "Actual Total Time": 39.697,
                                                                                                                    "Actual Rows": 24592,
                                                                                                                    "Actual Loops": 1
                                                                                                                },
                                                                                                                {
                                                                                                                    "Worker Number": 3,
                                                                                                                    "Actual Startup Time": 0.179,
                                                                                                                    "Actual Total Time": 33.742,
                                                                                                                    "Actual Rows": 24592,
                                                                                                                    "Actual Loops": 1
                                                                                                                }
                                                                                                            ],
                                                                                                            "Plans": [
                                                                                                                {
                                                                                                                    "Node Type": "Seq Scan",
                                                                                                                    "Parent Relationship": "Outer",
                                                                                                                    "Parallel Aware": false,
                                                                                                                    "Relation Name": "complete_cast",
                                                                                                                    "Schema": "public",
                                                                                                                    "Alias": "cc",
                                                                                                                    "Startup Cost": 0.0,
                                                                                                                    "Total Cost": 2081.86,
                                                                                                                    "Plan Rows": 135086,
                                                                                                                    "Plan Width": 8,
                                                                                                                    "Actual Startup Time": 0.063,
                                                                                                                    "Actual Total Time": 18.837,
                                                                                                                    "Actual Rows": 135086,
                                                                                                                    "Actual Loops": 5,
                                                                                                                    "Output": [
                                                                                                                        "cc.id",
                                                                                                                        "cc.movie_id",
                                                                                                                        "cc.subject_id",
                                                                                                                        "cc.status_id"
                                                                                                                    ],
                                                                                                                    "Workers": [
                                                                                                                        {
                                                                                                                            "Worker Number": 0,
                                                                                                                            "Actual Startup Time": 0.064,
                                                                                                                            "Actual Total Time": 19.361,
                                                                                                                            "Actual Rows": 135086,
                                                                                                                            "Actual Loops": 1
                                                                                                                        },
                                                                                                                        {
                                                                                                                            "Worker Number": 1,
                                                                                                                            "Actual Startup Time": 0.066,
                                                                                                                            "Actual Total Time": 18.071,
                                                                                                                            "Actual Rows": 135086,
                                                                                                                            "Actual Loops": 1
                                                                                                                        },
                                                                                                                        {
                                                                                                                            "Worker Number": 2,
                                                                                                                            "Actual Startup Time": 0.083,
                                                                                                                            "Actual Total Time": 18.754,
                                                                                                                            "Actual Rows": 135086,
                                                                                                                            "Actual Loops": 1
                                                                                                                        },
                                                                                                                        {
                                                                                                                            "Worker Number": 3,
                                                                                                                            "Actual Startup Time": 0.064,
                                                                                                                            "Actual Total Time": 16.108,
                                                                                                                            "Actual Rows": 135086,
                                                                                                                            "Actual Loops": 1
                                                                                                                        }
                                                                                                                    ]
                                                                                                                },
                                                                                                                {
                                                                                                                    "Node Type": "Hash",
                                                                                                                    "Parent Relationship": "Inner",
                                                                                                                    "Parallel Aware": false,
                                                                                                                    "Startup Cost": 1.05,
                                                                                                                    "Total Cost": 1.05,
                                                                                                                    "Plan Rows": 1,
                                                                                                                    "Plan Width": 4,
                                                                                                                    "Actual Startup Time": 0.066,
                                                                                                                    "Actual Total Time": 0.068,
                                                                                                                    "Actual Rows": 1,
                                                                                                                    "Actual Loops": 5,
                                                                                                                    "Output": [
                                                                                                                        "cct1.id"
                                                                                                                    ],
                                                                                                                    "Hash Buckets": 1024,
                                                                                                                    "Original Hash Buckets": 1024,
                                                                                                                    "Hash Batches": 1,
                                                                                                                    "Original Hash Batches": 1,
                                                                                                                    "Peak Memory Usage": 9,
                                                                                                                    "Workers": [
                                                                                                                        {
                                                                                                                            "Worker Number": 0,
                                                                                                                            "Actual Startup Time": 0.066,
                                                                                                                            "Actual Total Time": 0.067,
                                                                                                                            "Actual Rows": 1,
                                                                                                                            "Actual Loops": 1
                                                                                                                        },
                                                                                                                        {
                                                                                                                            "Worker Number": 1,
                                                                                                                            "Actual Startup Time": 0.066,
                                                                                                                            "Actual Total Time": 0.069,
                                                                                                                            "Actual Rows": 1,
                                                                                                                            "Actual Loops": 1
                                                                                                                        },
                                                                                                                        {
                                                                                                                            "Worker Number": 2,
                                                                                                                            "Actual Startup Time": 0.094,
                                                                                                                            "Actual Total Time": 0.096,
                                                                                                                            "Actual Rows": 1,
                                                                                                                            "Actual Loops": 1
                                                                                                                        },
                                                                                                                        {
                                                                                                                            "Worker Number": 3,
                                                                                                                            "Actual Startup Time": 0.073,
                                                                                                                            "Actual Total Time": 0.074,
                                                                                                                            "Actual Rows": 1,
                                                                                                                            "Actual Loops": 1
                                                                                                                        }
                                                                                                                    ],
                                                                                                                    "Plans": [
                                                                                                                        {
                                                                                                                            "Node Type": "Seq Scan",
                                                                                                                            "Parent Relationship": "Outer",
                                                                                                                            "Parallel Aware": false,
                                                                                                                            "Relation Name": "comp_cast_type",
                                                                                                                            "Schema": "public",
                                                                                                                            "Alias": "cct1",
                                                                                                                            "Startup Cost": 0.0,
                                                                                                                            "Total Cost": 1.05,
                                                                                                                            "Plan Rows": 1,
                                                                                                                            "Plan Width": 4,
                                                                                                                            "Actual Startup Time": 0.054,
                                                                                                                            "Actual Total Time": 0.056,
                                                                                                                            "Actual Rows": 1,
                                                                                                                            "Actual Loops": 5,
                                                                                                                            "Output": [
                                                                                                                                "cct1.id"
                                                                                                                            ],
                                                                                                                            "Filter": "((cct1.kind)::text = 'complete+verified'::text)",
                                                                                                                            "Rows Removed by Filter": 3,
                                                                                                                            "Workers": [
                                                                                                                                {
                                                                                                                                    "Worker Number": 0,
                                                                                                                                    "Actual Startup Time": 0.055,
                                                                                                                                    "Actual Total Time": 0.057,
                                                                                                                                    "Actual Rows": 1,
                                                                                                                                    "Actual Loops": 1
                                                                                                                                },
                                                                                                                                {
                                                                                                                                    "Worker Number": 1,
                                                                                                                                    "Actual Startup Time": 0.056,
                                                                                                                                    "Actual Total Time": 0.057,
                                                                                                                                    "Actual Rows": 1,
                                                                                                                                    "Actual Loops": 1
                                                                                                                                },
                                                                                                                                {
                                                                                                                                    "Worker Number": 2,
                                                                                                                                    "Actual Startup Time": 0.081,
                                                                                                                                    "Actual Total Time": 0.082,
                                                                                                                                    "Actual Rows": 1,
                                                                                                                                    "Actual Loops": 1
                                                                                                                                },
                                                                                                                                {
                                                                                                                                    "Worker Number": 3,
                                                                                                                                    "Actual Startup Time": 0.062,
                                                                                                                                    "Actual Total Time": 0.064,
                                                                                                                                    "Actual Rows": 1,
                                                                                                                                    "Actual Loops": 1
                                                                                                                                }
                                                                                                                            ]
                                                                                                                        }
                                                                                                                    ]
                                                                                                                }
                                                                                                            ]
                                                                                                        }
                                                                                                    ]
                                                                                                }
                                                                                            ]
                                                                                        },
                                                                                        {
                                                                                            "Node Type": "Hash",
                                                                                            "Parent Relationship": "Inner",
                                                                                            "Parallel Aware": false,
                                                                                            "Startup Cost": 1.09,
                                                                                            "Total Cost": 1.09,
                                                                                            "Plan Rows": 1,
                                                                                            "Plan Width": 14,
                                                                                            "Actual Startup Time": 0.09,
                                                                                            "Actual Total Time": 0.091,
                                                                                            "Actual Rows": 1,
                                                                                            "Actual Loops": 5,
                                                                                            "Output": [
                                                                                                "kt.kind",
                                                                                                "kt.id"
                                                                                            ],
                                                                                            "Hash Buckets": 1024,
                                                                                            "Original Hash Buckets": 1024,
                                                                                            "Hash Batches": 1,
                                                                                            "Original Hash Batches": 1,
                                                                                            "Peak Memory Usage": 9,
                                                                                            "Workers": [
                                                                                                {
                                                                                                    "Worker Number": 0,
                                                                                                    "Actual Startup Time": 0.076,
                                                                                                    "Actual Total Time": 0.077,
                                                                                                    "Actual Rows": 1,
                                                                                                    "Actual Loops": 1
                                                                                                },
                                                                                                {
                                                                                                    "Worker Number": 1,
                                                                                                    "Actual Startup Time": 0.074,
                                                                                                    "Actual Total Time": 0.075,
                                                                                                    "Actual Rows": 1,
                                                                                                    "Actual Loops": 1
                                                                                                },
                                                                                                {
                                                                                                    "Worker Number": 2,
                                                                                                    "Actual Startup Time": 0.119,
                                                                                                    "Actual Total Time": 0.12,
                                                                                                    "Actual Rows": 1,
                                                                                                    "Actual Loops": 1
                                                                                                },
                                                                                                {
                                                                                                    "Worker Number": 3,
                                                                                                    "Actual Startup Time": 0.098,
                                                                                                    "Actual Total Time": 0.098,
                                                                                                    "Actual Rows": 1,
                                                                                                    "Actual Loops": 1
                                                                                                }
                                                                                            ],
                                                                                            "Plans": [
                                                                                                {
                                                                                                    "Node Type": "Seq Scan",
                                                                                                    "Parent Relationship": "Outer",
                                                                                                    "Parallel Aware": false,
                                                                                                    "Relation Name": "kind_type",
                                                                                                    "Schema": "public",
                                                                                                    "Alias": "kt",
                                                                                                    "Startup Cost": 0.0,
                                                                                                    "Total Cost": 1.09,
                                                                                                    "Plan Rows": 1,
                                                                                                    "Plan Width": 14,
                                                                                                    "Actual Startup Time": 0.058,
                                                                                                    "Actual Total Time": 0.063,
                                                                                                    "Actual Rows": 1,
                                                                                                    "Actual Loops": 5,
                                                                                                    "Output": [
                                                                                                        "kt.kind",
                                                                                                        "kt.id"
                                                                                                    ],
                                                                                                    "Filter": "((kt.kind)::text = 'movie'::text)",
                                                                                                    "Rows Removed by Filter": 6,
                                                                                                    "Workers": [
                                                                                                        {
                                                                                                            "Worker Number": 0,
                                                                                                            "Actual Startup Time": 0.053,
                                                                                                            "Actual Total Time": 0.057,
                                                                                                            "Actual Rows": 1,
                                                                                                            "Actual Loops": 1
                                                                                                        },
                                                                                                        {
                                                                                                            "Worker Number": 1,
                                                                                                            "Actual Startup Time": 0.052,
                                                                                                            "Actual Total Time": 0.055,
                                                                                                            "Actual Rows": 1,
                                                                                                            "Actual Loops": 1
                                                                                                        },
                                                                                                        {
                                                                                                            "Worker Number": 2,
                                                                                                            "Actual Startup Time": 0.09,
                                                                                                            "Actual Total Time": 0.095,
                                                                                                            "Actual Rows": 1,
                                                                                                            "Actual Loops": 1
                                                                                                        },
                                                                                                        {
                                                                                                            "Worker Number": 3,
                                                                                                            "Actual Startup Time": 0.07,
                                                                                                            "Actual Total Time": 0.075,
                                                                                                            "Actual Rows": 1,
                                                                                                            "Actual Loops": 1
                                                                                                        }
                                                                                                    ]
                                                                                                }
                                                                                            ]
                                                                                        }
                                                                                    ]
                                                                                },
                                                                                {
                                                                                    "Node Type": "Bitmap Heap Scan",
                                                                                    "Parent Relationship": "Inner",
                                                                                    "Parallel Aware": false,
                                                                                    "Relation Name": "movie_info",
                                                                                    "Schema": "public",
                                                                                    "Alias": "mi",
                                                                                    "Startup Cost": 0.88,
                                                                                    "Total Cost": 5.7,
                                                                                    "Plan Rows": 1,
                                                                                    "Plan Width": 8,
                                                                                    "Actual Startup Time": 0.152,
                                                                                    "Actual Total Time": 0.152,
                                                                                    "Actual Rows": 0,
                                                                                    "Actual Loops": 1987,
                                                                                    "Output": [
                                                                                        "mi.id",
                                                                                        "mi.movie_id",
                                                                                        "mi.info_type_id",
                                                                                        "mi.info",
                                                                                        "mi.note"
                                                                                    ],
                                                                                    "Recheck Cond": "(mi.movie_id = t.id)",
                                                                                    "Rows Removed by Index Recheck": 0,
                                                                                    "Filter": "((mi.info IS NOT NULL) AND (mi.note ~~ '%internet%'::text) AND ((mi.info ~~ 'USA:% 199%'::text) OR (mi.info ~~ 'USA:% 200%'::text)))",
                                                                                    "Rows Removed by Filter": 183,
                                                                                    "Exact Heap Blocks": 6681,
                                                                                    "Lossy Heap Blocks": 0,
                                                                                    "Workers": [
                                                                                        {
                                                                                            "Worker Number": 0,
                                                                                            "Actual Startup Time": 0.17,
                                                                                            "Actual Total Time": 0.17,
                                                                                            "Actual Rows": 0,
                                                                                            "Actual Loops": 375
                                                                                        },
                                                                                        {
                                                                                            "Worker Number": 1,
                                                                                            "Actual Startup Time": 0.165,
                                                                                            "Actual Total Time": 0.165,
                                                                                            "Actual Rows": 0,
                                                                                            "Actual Loops": 379
                                                                                        },
                                                                                        {
                                                                                            "Worker Number": 2,
                                                                                            "Actual Startup Time": 0.169,
                                                                                            "Actual Total Time": 0.169,
                                                                                            "Actual Rows": 0,
                                                                                            "Actual Loops": 369
                                                                                        },
                                                                                        {
                                                                                            "Worker Number": 3,
                                                                                            "Actual Startup Time": 0.115,
                                                                                            "Actual Total Time": 0.115,
                                                                                            "Actual Rows": 0,
                                                                                            "Actual Loops": 553
                                                                                        }
                                                                                    ],
                                                                                    "Plans": [
                                                                                        {
                                                                                            "Node Type": "Bitmap Index Scan",
                                                                                            "Parent Relationship": "Outer",
                                                                                            "Parallel Aware": false,
                                                                                            "Index Name": "movie_id_movie_info",
                                                                                            "Startup Cost": 0.0,
                                                                                            "Total Cost": 0.88,
                                                                                            "Plan Rows": 41,
                                                                                            "Plan Width": 0,
                                                                                            "Actual Startup Time": 0.026,
                                                                                            "Actual Total Time": 0.026,
                                                                                            "Actual Rows": 183,
                                                                                            "Actual Loops": 1987,
                                                                                            "Index Cond": "(mi.movie_id = t.id)",
                                                                                            "Workers": [
                                                                                                {
                                                                                                    "Worker Number": 0,
                                                                                                    "Actual Startup Time": 0.028,
                                                                                                    "Actual Total Time": 0.028,
                                                                                                    "Actual Rows": 181,
                                                                                                    "Actual Loops": 375
                                                                                                },
                                                                                                {
                                                                                                    "Worker Number": 1,
                                                                                                    "Actual Startup Time": 0.028,
                                                                                                    "Actual Total Time": 0.028,
                                                                                                    "Actual Rows": 182,
                                                                                                    "Actual Loops": 379
                                                                                                },
                                                                                                {
                                                                                                    "Worker Number": 2,
                                                                                                    "Actual Startup Time": 0.028,
                                                                                                    "Actual Total Time": 0.028,
                                                                                                    "Actual Rows": 191,
                                                                                                    "Actual Loops": 369
                                                                                                },
                                                                                                {
                                                                                                    "Worker Number": 3,
                                                                                                    "Actual Startup Time": 0.02,
                                                                                                    "Actual Total Time": 0.02,
                                                                                                    "Actual Rows": 181,
                                                                                                    "Actual Loops": 553
                                                                                                }
                                                                                            ]
                                                                                        }
                                                                                    ]
                                                                                }
                                                                            ]
                                                                        },
                                                                        {
                                                                            "Node Type": "Seq Scan",
                                                                            "Parent Relationship": "Inner",
                                                                            "Parallel Aware": false,
                                                                            "Relation Name": "info_type",
                                                                            "Schema": "public",
                                                                            "Alias": "it1",
                                                                            "Startup Cost": 0.0,
                                                                            "Total Cost": 2.41,
                                                                            "Plan Rows": 1,
                                                                            "Plan Width": 4,
                                                                            "Actual Startup Time": 0.021,
                                                                            "Actual Total Time": 0.021,
                                                                            "Actual Rows": 1,
                                                                            "Actual Loops": 6,
                                                                            "Output": [
                                                                                "it1.id",
                                                                                "it1.info"
                                                                            ],
                                                                            "Filter": "((it1.info)::text = 'release dates'::text)",
                                                                            "Rows Removed by Filter": 15,
                                                                            "Workers": [
                                                                                {
                                                                                    "Worker Number": 1,
                                                                                    "Actual Startup Time": 0.047,
                                                                                    "Actual Total Time": 0.047,
                                                                                    "Actual Rows": 1,
                                                                                    "Actual Loops": 1
                                                                                },
                                                                                {
                                                                                    "Worker Number": 2,
                                                                                    "Actual Startup Time": 0.048,
                                                                                    "Actual Total Time": 0.048,
                                                                                    "Actual Rows": 1,
                                                                                    "Actual Loops": 1
                                                                                }
                                                                            ]
                                                                        }
                                                                    ]
                                                                }
                                                            ]
                                                        },
                                                        {
                                                            "Node Type": "Bitmap Heap Scan",
                                                            "Parent Relationship": "Inner",
                                                            "Parallel Aware": false,
                                                            "Relation Name": "movie_keyword",
                                                            "Schema": "public",
                                                            "Alias": "mk",
                                                            "Startup Cost": 0.84,
                                                            "Total Cost": 5.42,
                                                            "Plan Rows": 46,
                                                            "Plan Width": 8,
                                                            "Actual Startup Time": 0.034,
                                                            "Actual Total Time": 0.053,
                                                            "Actual Rows": 104,
                                                            "Actual Loops": 6,
                                                            "Output": [
                                                                "mk.id",
                                                                "mk.movie_id",
                                                                "mk.keyword_id"
                                                            ],
                                                            "Recheck Cond": "(mk.movie_id = t.id)",
                                                            "Rows Removed by Index Recheck": 0,
                                                            "Exact Heap Blocks": 10,
                                                            "Lossy Heap Blocks": 0,
                                                            "Plans": [
                                                                {
                                                                    "Node Type": "Bitmap Index Scan",
                                                                    "Parent Relationship": "Outer",
                                                                    "Parallel Aware": false,
                                                                    "Index Name": "movie_id_movie_keyword",
                                                                    "Startup Cost": 0.0,
                                                                    "Total Cost": 0.83,
                                                                    "Plan Rows": 46,
                                                                    "Plan Width": 0,
                                                                    "Actual Startup Time": 0.024,
                                                                    "Actual Total Time": 0.024,
                                                                    "Actual Rows": 104,
                                                                    "Actual Loops": 6,
                                                                    "Index Cond": "(mk.movie_id = t.id)"
                                                                }
                                                            ]
                                                        }
                                                    ]
                                                },
                                                {
                                                    "Node Type": "Bitmap Heap Scan",
                                                    "Parent Relationship": "Inner",
                                                    "Parallel Aware": false,
                                                    "Relation Name": "movie_companies",
                                                    "Schema": "public",
                                                    "Alias": "mc",
                                                    "Startup Cost": 0.48,
                                                    "Total Cost": 4.54,
                                                    "Plan Rows": 5,
                                                    "Plan Width": 12,
                                                    "Actual Startup Time": 0.004,
                                                    "Actual Total Time": 0.005,
                                                    "Actual Rows": 1,
                                                    "Actual Loops": 625,
                                                    "Output": [
                                                        "mc.id",
                                                        "mc.movie_id",
                                                        "mc.company_id",
                                                        "mc.company_type_id",
                                                        "mc.note"
                                                    ],
                                                    "Recheck Cond": "(mc.movie_id = mk.movie_id)",
                                                    "Rows Removed by Index Recheck": 0,
                                                    "Exact Heap Blocks": 628,
                                                    "Lossy Heap Blocks": 0,
                                                    "Plans": [
                                                        {
                                                            "Node Type": "Bitmap Index Scan",
                                                            "Parent Relationship": "Outer",
                                                            "Parallel Aware": false,
                                                            "Index Name": "movie_id_movie_companies",
                                                            "Startup Cost": 0.0,
                                                            "Total Cost": 0.48,
                                                            "Plan Rows": 5,
                                                            "Plan Width": 0,
                                                            "Actual Startup Time": 0.003,
                                                            "Actual Total Time": 0.003,
                                                            "Actual Rows": 1,
                                                            "Actual Loops": 625,
                                                            "Index Cond": "(mc.movie_id = mk.movie_id)"
                                                        }
                                                    ]
                                                }
                                            ]
                                        },
                                        {
                                            "Node Type": "Bitmap Heap Scan",
                                            "Parent Relationship": "Inner",
                                            "Parallel Aware": false,
                                            "Relation Name": "company_name",
                                            "Schema": "public",
                                            "Alias": "cn",
                                            "Startup Cost": 0.43,
                                            "Total Cost": 4.44,
                                            "Plan Rows": 1,
                                            "Plan Width": 4,
                                            "Actual Startup Time": 0.005,
                                            "Actual Total Time": 0.005,
                                            "Actual Rows": 1,
                                            "Actual Loops": 628,
                                            "Output": [
                                                "cn.id",
                                                "cn.name",
                                                "cn.country_code",
                                                "cn.imdb_id",
                                                "cn.name_pcode_nf",
                                                "cn.name_pcode_sf",
                                                "cn.md5sum"
                                            ],
                                            "Recheck Cond": "(cn.id = mc.company_id)",
                                            "Rows Removed by Index Recheck": 0,
                                            "Filter": "((cn.country_code)::text = '[us]'::text)",
                                            "Rows Removed by Filter": 0,
                                            "Exact Heap Blocks": 628,
                                            "Lossy Heap Blocks": 0,
                                            "Plans": [
                                                {
                                                    "Node Type": "Bitmap Index Scan",
                                                    "Parent Relationship": "Outer",
                                                    "Parallel Aware": false,
                                                    "Index Name": "company_name_pkey",
                                                    "Startup Cost": 0.0,
                                                    "Total Cost": 0.43,
                                                    "Plan Rows": 1,
                                                    "Plan Width": 0,
                                                    "Actual Startup Time": 0.003,
                                                    "Actual Total Time": 0.003,
                                                    "Actual Rows": 1,
                                                    "Actual Loops": 628,
                                                    "Index Cond": "(cn.id = mc.company_id)"
                                                }
                                            ]
                                        }
                                    ]
                                },
                                {
                                    "Node Type": "Seq Scan",
                                    "Parent Relationship": "Inner",
                                    "Parallel Aware": false,
                                    "Relation Name": "company_type",
                                    "Schema": "public",
                                    "Alias": "ct",
                                    "Startup Cost": 0.0,
                                    "Total Cost": 1.04,
                                    "Plan Rows": 4,
                                    "Plan Width": 4,
                                    "Actual Startup Time": 0.001,
                                    "Actual Total Time": 0.001,
                                    "Actual Rows": 2,
                                    "Actual Loops": 628,
                                    "Output": [
                                        "ct.id",
                                        "ct.kind"
                                    ]
                                }
                            ]
                        },
                        {
                            "Node Type": "Bitmap Heap Scan",
                            "Parent Relationship": "Inner",
                            "Parallel Aware": false,
                            "Relation Name": "keyword",
                            "Schema": "public",
                            "Alias": "k",
                            "Startup Cost": 0.43,
                            "Total Cost": 4.44,
                            "Plan Rows": 1,
                            "Plan Width": 4,
                            "Actual Startup Time": 0.006,
                            "Actual Total Time": 0.006,
                            "Actual Rows": 1,
                            "Actual Loops": 628,
                            "Output": [
                                "k.id",
                                "k.keyword",
                                "k.phonetic_code"
                            ],
                            "Recheck Cond": "(k.id = mk.keyword_id)",
                            "Rows Removed by Index Recheck": 0,
                            "Exact Heap Blocks": 628,
                            "Lossy Heap Blocks": 0,
                            "Plans": [
                                {
                                    "Node Type": "Bitmap Index Scan",
                                    "Parent Relationship": "Outer",
                                    "Parallel Aware": false,
                                    "Index Name": "keyword_pkey",
                                    "Startup Cost": 0.0,
                                    "Total Cost": 0.43,
                                    "Plan Rows": 1,
                                    "Plan Width": 0,
                                    "Actual Startup Time": 0.004,
                                    "Actual Total Time": 0.004,
                                    "Actual Rows": 1,
                                    "Actual Loops": 628,
                                    "Index Cond": "(k.id = mk.keyword_id)"
                                }
                            ]
                        }
                    ]
                }
            ]
        },
        "Planning Time": 1010.631,
        "Triggers": [],
        "Execution Time": 320.972
    }
]