{
  "Plan": {
    "Node Type": "Aggregate",
    "Strategy": "Plain",
    "Partial Mode": "Finalize",
    "Parallel Aware": false,
    "Startup Cost": 211226.06,
    "Total Cost": 211226.07,
    "Plan Rows": 1,
    "Plan Width": 8,
    "Actual Startup Time": 875.096,
    "Actual Total Time": 895.056,
    "Actual Rows": 1,
    "Actual Loops": 1,
    "Plans": [
      {
        "Node Type": "Gather",
        "Parent Relationship": "Outer",
        "Parallel Aware": false,
        "Startup Cost": 211225.95,
        "Total Cost": 211226.06,
        "Plan Rows": 1,
        "Plan Width": 8,
        "Actual Startup Time": 870.797,
        "Actual Total Time": 895.049,
        "Actual Rows": 2,
        "Actual Loops": 1,
        "Workers Planned": 1,
        "Workers Launched": 1,
        "Single Copy": false,
        "Plans": [
          {
            "Node Type": "Aggregate",
            "Strategy": "Plain",
            "Partial Mode": "Partial",
            "Parent Relationship": "Outer",
            "Parallel Aware": false,
            "Startup Cost": 210225.95,
            "Total Cost": 210225.96,
            "Plan Rows": 1,
            "Plan Width": 8,
            "Actual Startup Time": 864.525,
            "Actual Total Time": 864.531,
            "Actual Rows": 1,
            "Actual Loops": 2,
            "Plans": [
              {
                "Node Type": "Hash Join",
                "Parent Relationship": "Outer",
                "Parallel Aware": true,
                "Join Type": "Inner",
                "Startup Cost": 144868.78,
                "Total Cost": 210107.49,
                "Plan Rows": 47385,
                "Plan Width": 0,
                "Actual Startup Time": 495.998,
                "Actual Total Time": 840.883,
                "Actual Rows": 594068,
                "Actual Loops": 2,
                "Inner Unique": false,
                "Hash Cond": "(mk.movie_id = t.id)",
                "Plans": [
                  {
                    "Node Type": "Seq Scan",
                    "Parent Relationship": "Outer",
                    "Parallel Aware": true,
                    "Relation Name": "movie_keyword",
                    "Alias": "mk",
                    "Startup Cost": 0.0,
                    "Total Cost": 57718.19,
                    "Plan Rows": 1931142,
                    "Plan Width": 4,
                    "Actual Startup Time": 0.17,
                    "Actual Total Time": 194.158,
                    "Actual Rows": 1635350,
                    "Actual Loops": 2,
                    "Filter": "(keyword_id > 1595)",
                    "Rows Removed by Filter": 626614
                  },
                  {
                    "Node Type": "Hash",
                    "Parent Relationship": "Inner",
                    "Parallel Aware": true,
                    "Startup Cost": 144412.61,
                    "Total Cost": 144412.61,
                    "Plan Rows": 36493,
                    "Plan Width": 8,
                    "Actual Startup Time": 494.428,
                    "Actual Total Time": 494.431,
                    "Actual Rows": 72676,
                    "Actual Loops": 2,
                    "Hash Buckets": 262144,
                    "Original Hash Buckets": 65536,
                    "Hash Batches": 1,
                    "Original Hash Batches": 1,
                    "Peak Memory Usage": 9312,
                    "Plans": [
                      {
                        "Node Type": "Merge Join",
                        "Parent Relationship": "Outer",
                        "Parallel Aware": false,
                        "Join Type": "Inner",
                        "Startup Cost": 140760.85,
                        "Total Cost": 144412.61,
                        "Plan Rows": 36493,
                        "Plan Width": 8,
                        "Actual Startup Time": 375.202,
                        "Actual Total Time": 467.198,
                        "Actual Rows": 72676,
                        "Actual Loops": 2,
                        "Inner Unique": false,
                        "Merge Cond": "(t.id = mi_idx.movie_id)",
                        "Plans": [
                          {
                            "Node Type": "Sort",
                            "Parent Relationship": "Outer",
                            "Parallel Aware": false,
                            "Startup Cost": 76196.81,
                            "Total Cost": 76704.17,
                            "Plan Rows": 202945,
                            "Plan Width": 4,
                            "Actual Startup Time": 202.456,
                            "Actual Total Time": 227.932,
                            "Actual Rows": 228330,
                            "Actual Loops": 2,
                            "Sort Key": [
                              "t.id"
                            ],
                            "Sort Method": "quicksort",
                            "Sort Space Used": 18253,
                            "Sort Space Type": "Memory",
                            "Workers": [
                              {
                                "Worker Number": 0,
                                "Sort Method": "quicksort",
                                "Sort Space Used": 15477,
                                "Sort Space Type": "Memory"
                              }
                            ],
                            "Plans": [
                              {
                                "Node Type": "Seq Scan",
                                "Parent Relationship": "Outer",
                                "Parallel Aware": true,
                                "Relation Name": "title",
                                "Alias": "t",
                                "Startup Cost": 0.0,
                                "Total Cost": 58306.47,
                                "Plan Rows": 202945,
                                "Plan Width": 4,
                                "Actual Startup Time": 0.105,
                                "Actual Total Time": 152.67,
                                "Actual Rows": 228701,
                                "Actual Loops": 2,
                                "Filter": "((kind_id < 7) AND (production_year < 1997))",
                                "Rows Removed by Filter": 1035455
                              }
                            ]
                          },
                          {
                            "Node Type": "Sort",
                            "Parent Relationship": "Inner",
                            "Parallel Aware": false,
                            "Startup Cost": 64564.02,
                            "Total Cost": 65700.6,
                            "Plan Rows": 454630,
                            "Plan Width": 4,
                            "Actual Startup Time": 172.732,
                            "Actual Total Time": 190.455,
                            "Actual Rows": 459925,
                            "Actual Loops": 2,
                            "Sort Key": [
                              "mi_idx.movie_id"
                            ],
                            "Sort Method": "quicksort",
                            "Sort Space Used": 33847,
                            "Sort Space Type": "Memory",
                            "Workers": [
                              {
                                "Worker Number": 0,
                                "Sort Method": "quicksort",
                                "Sort Space Used": 33847,
                                "Sort Space Type": "Memory"
                              }
                            ],
                            "Plans": [
                              {
                                "Node Type": "Bitmap Heap Scan",
                                "Parent Relationship": "Outer",
                                "Parallel Aware": false,
                                "Relation Name": "movie_info_idx",
                                "Alias": "mi_idx",
                                "Startup Cost": 8223.81,
                                "Total Cost": 21841.68,
                                "Plan Rows": 454630,
                                "Plan Width": 4,
                                "Actual Startup Time": 23.104,
                                "Actual Total Time": 80.51,
                                "Actual Rows": 459925,
                                "Actual Loops": 2,
                                "Recheck Cond": "(info_type_id < 100)",
                                "Rows Removed by Index Recheck": 0,
                                "Exact Heap Blocks": 7934,
                                "Lossy Heap Blocks": 0,
                                "Plans": [
                                  {
                                    "Node Type": "Bitmap Index Scan",
                                    "Parent Relationship": "Outer",
                                    "Parallel Aware": false,
                                    "Index Name": "info_type_id_movie_info_idx",
                                    "Startup Cost": 0.0,
                                    "Total Cost": 8110.15,
                                    "Plan Rows": 454630,
                                    "Plan Width": 0,
                                    "Actual Startup Time": 22.172,
                                    "Actual Total Time": 22.172,
                                    "Actual Rows": 459925,
                                    "Actual Loops": 2,
                                    "Index Cond": "(info_type_id < 100)"
                                  }
                                ]
                              }
                            ]
                          }
                        ]
                      }
                    ]
                  }
                ]
              }
            ]
          }
        ]
      }
    ]
  },
  "Planning Time": 1.087,
  "Triggers": [],
  "Execution Time": 899.69
}