[
  {
    "Plan": {
      "Node Type": "Aggregate",
      "Strategy": "Plain",
      "Partial Mode": "Finalize",
      "Parallel Aware": false,
      "Startup Cost": 323078.24,
      "Total Cost": 323078.25,
      "Plan Rows": 1,
      "Plan Width": 8,
      "Actual Startup Time": 4554.811,
      "Actual Total Time": 4596.176,
      "Actual Rows": 1,
      "Actual Loops": 1,
      "Plans": [
        {
          "Node Type": "Gather",
          "Parent Relationship": "Outer",
          "Parallel Aware": false,
          "Startup Cost": 323077.93,
          "Total Cost": 323078.24,
          "Plan Rows": 3,
          "Plan Width": 8,
          "Actual Startup Time": 4530.15,
          "Actual Total Time": 4596.158,
          "Actual Rows": 4,
          "Actual Loops": 1,
          "Workers Planned": 3,
          "Workers Launched": 3,
          "Single Copy": false,
          "Plans": [
            {
              "Node Type": "Aggregate",
              "Strategy": "Plain",
              "Partial Mode": "Partial",
              "Parent Relationship": "Outer",
              "Parallel Aware": false,
              "Startup Cost": 322077.93,
              "Total Cost": 322077.94,
              "Plan Rows": 1,
              "Plan Width": 8,
              "Actual Startup Time": 4504.897,
              "Actual Total Time": 4505.842,
              "Actual Rows": 1,
              "Actual Loops": 4,
              "Plans": [
                {
                  "Node Type": "Hash Join",
                  "Parent Relationship": "Outer",
                  "Parallel Aware": true,
                  "Join Type": "Inner",
                  "Startup Cost": 265147.33,
                  "Total Cost": 316440.91,
                  "Plan Rows": 2254805,
                  "Plan Width": 0,
                  "Actual Startup Time": 1754.188,
                  "Actual Total Time": 3531.852,
                  "Actual Rows": 22633040,
                  "Actual Loops": 4,
                  "Inner Unique": false,
                  "Hash Cond": "(mk.movie_id = t.id)",
                  "Plans": [
                    {
                      "Node Type": "Seq Scan",
                      "Parent Relationship": "Outer",
                      "Parallel Aware": true,
                      "Relation Name": "movie_keyword",
                      "Alias": "mk",
                      "Startup Cost": 0.0,
                      "Total Cost": 42695.65,
                      "Plan Rows": 1090218,
                      "Plan Width": 4,
                      "Actual Startup Time": 0.032,
                      "Actual Total Time": 114.26,
                      "Actual Rows": 844311,
                      "Actual Loops": 4,
                      "Filter": "(keyword_id < 16264)",
                      "Rows Removed by Filter": 286671
                    },
                    {
                      "Node Type": "Hash",
                      "Parent Relationship": "Inner",
                      "Parallel Aware": true,
                      "Startup Cost": 252074.02,
                      "Total Cost": 252074.02,
                      "Plan Rows": 1045865,
                      "Plan Width": 8,
                      "Actual Startup Time": 1737.654,
                      "Actual Total Time": 1738.598,
                      "Actual Rows": 1317642,
                      "Actual Loops": 4,
                      "Hash Buckets": 8388608,
                      "Original Hash Buckets": 8388608,
                      "Hash Batches": 1,
                      "Original Hash Batches": 1,
                      "Peak Memory Usage": 271808,
                      "Plans": [
                        {
                          "Node Type": "Hash Join",
                          "Parent Relationship": "Outer",
                          "Parallel Aware": true,
                          "Join Type": "Inner",
                          "Startup Cost": 50220.38,
                          "Total Cost": 252074.02,
                          "Plan Rows": 1045865,
                          "Plan Width": 8,
                          "Actual Startup Time": 372.536,
                          "Actual Total Time": 1258.065,
                          "Actual Rows": 1317642,
                          "Actual Loops": 4,
                          "Inner Unique": true,
                          "Hash Cond": "(mi.movie_id = t.id)",
                          "Plans": [
                            {
                              "Node Type": "Seq Scan",
                              "Parent Relationship": "Outer",
                              "Parallel Aware": true,
                              "Relation Name": "movie_info",
                              "Alias": "mi",
                              "Startup Cost": 0.0,
                              "Total Cost": 199108.24,
                              "Plan Rows": 1045865,
                              "Plan Width": 4,
                              "Actual Startup Time": 22.107,
                              "Actual Total Time": 442.213,
                              "Actual Rows": 1317642,
                              "Actual Loops": 4,
                              "Filter": "(info_type_id > 15)",
                              "Rows Removed by Filter": 2391288
                            },
                            {
                              "Node Type": "Hash",
                              "Parent Relationship": "Inner",
                              "Parallel Aware": true,
                              "Startup Cost": 42319.06,
                              "Total Cost": 42319.06,
                              "Plan Rows": 632106,
                              "Plan Width": 4,
                              "Actual Startup Time": 343.964,
                              "Actual Total Time": 343.966,
                              "Actual Rows": 632078,
                              "Actual Loops": 4,
                              "Hash Buckets": 4194304,
                              "Original Hash Buckets": 4194304,
                              "Hash Batches": 1,
                              "Original Hash Batches": 1,
                              "Peak Memory Usage": 131744,
                              "Plans": [
                                {
                                  "Node Type": "Seq Scan",
                                  "Parent Relationship": "Outer",
                                  "Parallel Aware": true,
                                  "Relation Name": "title",
                                  "Alias": "t",
                                  "Startup Cost": 0.0,
                                  "Total Cost": 42319.06,
                                  "Plan Rows": 632106,
                                  "Plan Width": 4,
                                  "Actual Startup Time": 0.03,
                                  "Actual Total Time": 103.569,
                                  "Actual Rows": 632078,
                                  "Actual Loops": 4
                                }
                              ]
                            }
                          ]
                        }
                      ]
                    }
                  ]
                }
              ]
            }
          ]
        }
      ]
    },
    "Planning Time": 1.056,
    "Triggers": [],
    "Execution Time": 4596.247
  }
]