[
  {
    "Plan": {
      "Node Type": "Aggregate",
      "Strategy": "Plain",
      "Partial Mode": "Finalize",
      "Parallel Aware": false,
      "Startup Cost": 509823.61,
      "Total Cost": 509823.62,
      "Plan Rows": 1,
      "Plan Width": 8,
      "Actual Startup Time": 1321.012,
      "Actual Total Time": 1375.7,
      "Actual Rows": 1,
      "Actual Loops": 1,
      "Plans": [
        {
          "Node Type": "Gather",
          "Parent Relationship": "Outer",
          "Parallel Aware": false,
          "Startup Cost": 509822.98,
          "Total Cost": 509823.59,
          "Plan Rows": 6,
          "Plan Width": 8,
          "Actual Startup Time": 1309.558,
          "Actual Total Time": 1375.686,
          "Actual Rows": 7,
          "Actual Loops": 1,
          "Workers Planned": 6,
          "Workers Launched": 6,
          "Single Copy": false,
          "Plans": [
            {
              "Node Type": "Aggregate",
              "Strategy": "Plain",
              "Partial Mode": "Partial",
              "Parent Relationship": "Outer",
              "Parallel Aware": false,
              "Startup Cost": 508822.98,
              "Total Cost": 508822.99,
              "Plan Rows": 1,
              "Plan Width": 8,
              "Actual Startup Time": 1301.066,
              "Actual Total Time": 1301.143,
              "Actual Rows": 1,
              "Actual Loops": 7,
              "Plans": [
                {
                  "Node Type": "Hash Join",
                  "Parent Relationship": "Outer",
                  "Parallel Aware": true,
                  "Join Type": "Inner",
                  "Startup Cost": 250906.32,
                  "Total Cost": 507384.17,
                  "Plan Rows": 575523,
                  "Plan Width": 0,
                  "Actual Startup Time": 645.626,
                  "Actual Total Time": 1262.429,
                  "Actual Rows": 832956,
                  "Actual Loops": 7,
                  "Inner Unique": false,
                  "Hash Cond": "(ci.movie_id = t.id)",
                  "Plans": [
                    {
                      "Node Type": "Index Scan",
                      "Parent Relationship": "Outer",
                      "Parallel Aware": true,
                      "Scan Direction": "Forward",
                      "Index Name": "role_id_cast_info",
                      "Relation Name": "cast_info",
                      "Alias": "ci",
                      "Startup Cost": 0.56,
                      "Total Cost": 249431.94,
                      "Plan Rows": 1572116,
                      "Plan Width": 4,
                      "Actual Startup Time": 0.278,
                      "Actual Total Time": 232.558,
                      "Actual Rows": 1340672,
                      "Actual Loops": 7,
                      "Index Cond": "(role_id > 4)",
                      "Rows Removed by Index Recheck": 0
                    },
                    {
                      "Node Type": "Hash",
                      "Parent Relationship": "Inner",
                      "Parallel Aware": true,
                      "Startup Cost": 248591.73,
                      "Total Cost": 248591.73,
                      "Plan Rows": 185122,
                      "Plan Width": 8,
                      "Actual Startup Time": 642.483,
                      "Actual Total Time": 642.558,
                      "Actual Rows": 138253,
                      "Actual Loops": 7,
                      "Hash Buckets": 1048576,
                      "Original Hash Buckets": 1048576,
                      "Hash Batches": 1,
                      "Original Hash Batches": 1,
                      "Peak Memory Usage": 46176,
                      "Plans": [
                        {
                          "Node Type": "Hash Join",
                          "Parent Relationship": "Outer",
                          "Parallel Aware": true,
                          "Join Type": "Inner",
                          "Startup Cost": 47891.65,
                          "Total Cost": 248591.73,
                          "Plan Rows": 185122,
                          "Plan Width": 8,
                          "Actual Startup Time": 215.419,
                          "Actual Total Time": 581.667,
                          "Actual Rows": 138253,
                          "Actual Loops": 7,
                          "Inner Unique": true,
                          "Hash Cond": "(mi.movie_id = t.id)",
                          "Plans": [
                            {
                              "Node Type": "Seq Scan",
                              "Parent Relationship": "Outer",
                              "Parallel Aware": true,
                              "Relation Name": "movie_info",
                              "Alias": "mi",
                              "Startup Cost": 0.0,
                              "Total Cost": 199108.24,
                              "Plan Rows": 606414,
                              "Plan Width": 4,
                              "Actual Startup Time": 74.948,
                              "Actual Total Time": 339.633,
                              "Actual Rows": 433817,
                              "Actual Loops": 7,
                              "Filter": "(info_type_id = 16)",
                              "Rows Removed by Filter": 1685572
                            },
                            {
                              "Node Type": "Hash",
                              "Parent Relationship": "Inner",
                              "Parallel Aware": true,
                              "Startup Cost": 45479.59,
                              "Total Cost": 45479.59,
                              "Plan Rows": 192965,
                              "Plan Width": 4,
                              "Actual Startup Time": 138.817,
                              "Actual Total Time": 138.818,
                              "Actual Rows": 120001,
                              "Actual Loops": 7,
                              "Hash Buckets": 1048576,
                              "Original Hash Buckets": 1048576,
                              "Hash Batches": 1,
                              "Original Hash Batches": 1,
                              "Peak Memory Usage": 41184,
                              "Plans": [
                                {
                                  "Node Type": "Seq Scan",
                                  "Parent Relationship": "Outer",
                                  "Parallel Aware": true,
                                  "Relation Name": "title",
                                  "Alias": "t",
                                  "Startup Cost": 0.0,
                                  "Total Cost": 45479.59,
                                  "Plan Rows": 192965,
                                  "Plan Width": 4,
                                  "Actual Startup Time": 0.033,
                                  "Actual Total Time": 80.418,
                                  "Actual Rows": 120001,
                                  "Actual Loops": 7,
                                  "Filter": "((production_year > 2002) AND (kind_id = 7))",
                                  "Rows Removed by Filter": 241186
                                }
                              ]
                            }
                          ]
                        }
                      ]
                    }
                  ]
                }
              ]
            }
          ]
        }
      ]
    },
    "Planning Time": 1.131,
    "Triggers": [],
    "Execution Time": 1375.799
  }
]