[
  {
    "Plan": {
      "Node Type": "Aggregate",
      "Strategy": "Plain",
      "Partial Mode": "Finalize",
      "Parallel Aware": false,
      "Startup Cost": 511330.67,
      "Total Cost": 511330.68,
      "Plan Rows": 1,
      "Plan Width": 8,
      "Actual Startup Time": 1339.158,
      "Actual Total Time": 1385.922,
      "Actual Rows": 1,
      "Actual Loops": 1,
      "Plans": [
        {
          "Node Type": "Gather",
          "Parent Relationship": "Outer",
          "Parallel Aware": false,
          "Startup Cost": 511330.05,
          "Total Cost": 511330.66,
          "Plan Rows": 6,
          "Plan Width": 8,
          "Actual Startup Time": 1325.406,
          "Actual Total Time": 1385.91,
          "Actual Rows": 7,
          "Actual Loops": 1,
          "Workers Planned": 6,
          "Workers Launched": 6,
          "Single Copy": false,
          "Plans": [
            {
              "Node Type": "Aggregate",
              "Strategy": "Plain",
              "Partial Mode": "Partial",
              "Parent Relationship": "Outer",
              "Parallel Aware": false,
              "Startup Cost": 510330.05,
              "Total Cost": 510330.06,
              "Plan Rows": 1,
              "Plan Width": 8,
              "Actual Startup Time": 1313.783,
              "Actual Total Time": 1313.868,
              "Actual Rows": 1,
              "Actual Loops": 7,
              "Plans": [
                {
                  "Node Type": "Hash Join",
                  "Parent Relationship": "Outer",
                  "Parallel Aware": true,
                  "Join Type": "Inner",
                  "Startup Cost": 250696.5,
                  "Total Cost": 508902.4,
                  "Plan Rows": 571060,
                  "Plan Width": 0,
                  "Actual Startup Time": 601.354,
                  "Actual Total Time": 1275.449,
                  "Actual Rows": 832956,
                  "Actual Loops": 7,
                  "Inner Unique": false,
                  "Hash Cond": "(ci.movie_id = t.id)",
                  "Plans": [
                    {
                      "Node Type": "Index Scan",
                      "Parent Relationship": "Outer",
                      "Parallel Aware": true,
                      "Scan Direction": "Forward",
                      "Index Name": "role_id_cast_info",
                      "Relation Name": "cast_info",
                      "Alias": "ci",
                      "Startup Cost": 0.56,
                      "Total Cost": 251131.25,
                      "Plan Rows": 1582158,
                      "Plan Width": 4,
                      "Actual Startup Time": 0.254,
                      "Actual Total Time": 244.549,
                      "Actual Rows": 1340672,
                      "Actual Loops": 7,
                      "Index Cond": "(role_id > 4)",
                      "Rows Removed by Index Recheck": 0
                    },
                    {
                      "Node Type": "Hash",
                      "Parent Relationship": "Inner",
                      "Parallel Aware": true,
                      "Startup Cost": 248414.55,
                      "Total Cost": 248414.55,
                      "Plan Rows": 182511,
                      "Plan Width": 8,
                      "Actual Startup Time": 597.721,
                      "Actual Total Time": 597.804,
                      "Actual Rows": 138253,
                      "Actual Loops": 7,
                      "Hash Buckets": 1048576,
                      "Original Hash Buckets": 1048576,
                      "Hash Batches": 1,
                      "Original Hash Batches": 1,
                      "Peak Memory Usage": 46176,
                      "Plans": [
                        {
                          "Node Type": "Hash Join",
                          "Parent Relationship": "Outer",
                          "Parallel Aware": true,
                          "Join Type": "Inner",
                          "Startup Cost": 47896.65,
                          "Total Cost": 248414.55,
                          "Plan Rows": 182511,
                          "Plan Width": 8,
                          "Actual Startup Time": 211.221,
                          "Actual Total Time": 540.224,
                          "Actual Rows": 138253,
                          "Actual Loops": 7,
                          "Inner Unique": true,
                          "Hash Cond": "(mi.movie_id = t.id)",
                          "Plans": [
                            {
                              "Node Type": "Seq Scan",
                              "Parent Relationship": "Outer",
                              "Parallel Aware": true,
                              "Relation Name": "movie_info",
                              "Alias": "mi",
                              "Startup Cost": 0.0,
                              "Total Cost": 198952.16,
                              "Plan Rows": 596472,
                              "Plan Width": 4,
                              "Actual Startup Time": 64.977,
                              "Actual Total Time": 281.24,
                              "Actual Rows": 433817,
                              "Actual Loops": 7,
                              "Filter": "(info_type_id = 16)",
                              "Rows Removed by Filter": 1685572
                            },
                            {
                              "Node Type": "Hash",
                              "Parent Relationship": "Inner",
                              "Parallel Aware": true,
                              "Startup Cost": 45479.1,
                              "Total Cost": 45479.1,
                              "Plan Rows": 193404,
                              "Plan Width": 4,
                              "Actual Startup Time": 144.514,
                              "Actual Total Time": 144.517,
                              "Actual Rows": 120001,
                              "Actual Loops": 7,
                              "Hash Buckets": 1048576,
                              "Original Hash Buckets": 1048576,
                              "Hash Batches": 1,
                              "Original Hash Batches": 1,
                              "Peak Memory Usage": 41152,
                              "Plans": [
                                {
                                  "Node Type": "Seq Scan",
                                  "Parent Relationship": "Outer",
                                  "Parallel Aware": true,
                                  "Relation Name": "title",
                                  "Alias": "t",
                                  "Startup Cost": 0.0,
                                  "Total Cost": 45479.1,
                                  "Plan Rows": 193404,
                                  "Plan Width": 4,
                                  "Actual Startup Time": 0.047,
                                  "Actual Total Time": 81.291,
                                  "Actual Rows": 120001,
                                  "Actual Loops": 7,
                                  "Filter": "((production_year > 2002) AND (kind_id = 7))",
                                  "Rows Removed by Filter": 241186
                                }
                              ]
                            }
                          ]
                        }
                      ]
                    }
                  ]
                }
              ]
            }
          ]
        }
      ]
    },
    "Planning Time": 1.414,
    "Triggers": [],
    "Execution Time": 1386.034
  }
]