[
  {
    "Plan": {
      "Node Type": "Aggregate",
      "Strategy": "Plain",
      "Partial Mode": "Finalize",
      "Parallel Aware": false,
      "Startup Cost": 126925.24,
      "Total Cost": 126925.25,
      "Plan Rows": 1,
      "Plan Width": 8,
      "Actual Startup Time": 599.438,
      "Actual Total Time": 618.291,
      "Actual Rows": 1,
      "Actual Loops": 1,
      "Plans": [
        {
          "Node Type": "Gather",
          "Parent Relationship": "Outer",
          "Parallel Aware": false,
          "Startup Cost": 126924.92,
          "Total Cost": 126925.23,
          "Plan Rows": 3,
          "Plan Width": 8,
          "Actual Startup Time": 591.013,
          "Actual Total Time": 618.282,
          "Actual Rows": 4,
          "Actual Loops": 1,
          "Workers Planned": 3,
          "Workers Launched": 3,
          "Single Copy": false,
          "Plans": [
            {
              "Node Type": "Aggregate",
              "Strategy": "Plain",
              "Partial Mode": "Partial",
              "Parent Relationship": "Outer",
              "Parallel Aware": false,
              "Startup Cost": 125924.92,
              "Total Cost": 125924.93,
              "Plan Rows": 1,
              "Plan Width": 8,
              "Actual Startup Time": 581.406,
              "Actual Total Time": 581.411,
              "Actual Rows": 1,
              "Actual Loops": 4,
              "Plans": [
                {
                  "Node Type": "Hash Join",
                  "Parent Relationship": "Outer",
                  "Parallel Aware": true,
                  "Join Type": "Inner",
                  "Startup Cost": 80382.74,
                  "Total Cost": 125478.54,
                  "Plan Rows": 178554,
                  "Plan Width": 0,
                  "Actual Startup Time": 383.106,
                  "Actual Total Time": 578.21,
                  "Actual Rows": 69748,
                  "Actual Loops": 4,
                  "Inner Unique": false,
                  "Hash Cond": "(mk.movie_id = t.id)",
                  "Plans": [
                    {
                      "Node Type": "Seq Scan",
                      "Parent Relationship": "Outer",
                      "Parallel Aware": true,
                      "Relation Name": "movie_keyword",
                      "Alias": "mk",
                      "Startup Cost": 0.0,
                      "Total Cost": 39047.32,
                      "Plan Rows": 1459332,
                      "Plan Width": 4,
                      "Actual Startup Time": 0.03,
                      "Actual Total Time": 95.43,
                      "Actual Rows": 1130982,
                      "Actual Loops": 4
                    },
                    {
                      "Node Type": "Hash",
                      "Parent Relationship": "Inner",
                      "Parallel Aware": true,
                      "Startup Cost": 79135.38,
                      "Total Cost": 79135.38,
                      "Plan Rows": 99789,
                      "Plan Width": 8,
                      "Actual Startup Time": 379.35,
                      "Actual Total Time": 379.354,
                      "Actual Rows": 31670,
                      "Actual Loops": 4,
                      "Hash Buckets": 524288,
                      "Original Hash Buckets": 524288,
                      "Hash Batches": 1,
                      "Original Hash Batches": 1,
                      "Peak Memory Usage": 9120,
                      "Plans": [
                        {
                          "Node Type": "Hash Join",
                          "Parent Relationship": "Outer",
                          "Parallel Aware": true,
                          "Join Type": "Inner",
                          "Startup Cost": 49280.22,
                          "Total Cost": 79135.38,
                          "Plan Rows": 99789,
                          "Plan Width": 8,
                          "Actual Startup Time": 289.397,
                          "Actual Total Time": 369.577,
                          "Actual Rows": 31670,
                          "Actual Loops": 4,
                          "Inner Unique": true,
                          "Hash Cond": "(mc.movie_id = t.id)",
                          "Plans": [
                            {
                              "Node Type": "Seq Scan",
                              "Parent Relationship": "Outer",
                              "Parallel Aware": true,
                              "Relation Name": "movie_companies",
                              "Alias": "mc",
                              "Startup Cost": 0.0,
                              "Total Cost": 29310.68,
                              "Plan Rows": 207418,
                              "Plan Width": 4,
                              "Actual Startup Time": 21.178,
                              "Actual Total Time": 65.088,
                              "Actual Rows": 163883,
                              "Actual Loops": 4,
                              "Filter": "(company_id > 53493)",
                              "Rows Removed by Filter": 488400
                            },
                            {
                              "Node Type": "Hash",
                              "Parent Relationship": "Inner",
                              "Parallel Aware": true,
                              "Startup Cost": 45479.1,
                              "Total Cost": 45479.1,
                              "Plan Rows": 304090,
                              "Plan Width": 4,
                              "Actual Startup Time": 248.453,
                              "Actual Total Time": 248.454,
                              "Actual Rows": 325275,
                              "Actual Loops": 4,
                              "Hash Buckets": 2097152,
                              "Original Hash Buckets": 2097152,
                              "Hash Batches": 1,
                              "Original Hash Batches": 1,
                              "Peak Memory Usage": 67360,
                              "Plans": [
                                {
                                  "Node Type": "Seq Scan",
                                  "Parent Relationship": "Outer",
                                  "Parallel Aware": true,
                                  "Relation Name": "title",
                                  "Alias": "t",
                                  "Startup Cost": 0.0,
                                  "Total Cost": 45479.1,
                                  "Plan Rows": 304090,
                                  "Plan Width": 4,
                                  "Actual Startup Time": 0.054,
                                  "Actual Total Time": 114.997,
                                  "Actual Rows": 325275,
                                  "Actual Loops": 4,
                                  "Filter": "((production_year > 1976) AND (kind_id = 7))",
                                  "Rows Removed by Filter": 306803
                                }
                              ]
                            }
                          ]
                        }
                      ]
                    }
                  ]
                }
              ]
            }
          ]
        }
      ]
    },
    "Planning Time": 1.479,
    "Triggers": [],
    "Execution Time": 618.379
  }
]