{
    "Plan": {
        "Node Type": "Aggregate",
        "Strategy": "Plain",
        "Partial Mode": "Finalize",
        "Parallel Aware": false,
        "Startup Cost": 58172.53,
        "Total Cost": 58172.54,
        "Plan Rows": 1,
        "Plan Width": 8,
        "Actual Startup Time": 131.007,
        "Actual Total Time": 148.188,
        "Actual Rows": 1,
        "Actual Loops": 1,
        "Output": [
            "count(*)"
        ],
        "Plans": [
            {
                "Node Type": "Gather",
                "Parent Relationship": "Outer",
                "Parallel Aware": false,
                "Startup Cost": 58172.21,
                "Total Cost": 58172.52,
                "Plan Rows": 3,
                "Plan Width": 8,
                "Actual Startup Time": 130.899,
                "Actual Total Time": 148.18,
                "Actual Rows": 4,
                "Actual Loops": 1,
                "Output": [
                    "(PARTIAL count(*))"
                ],
                "Workers Planned": 3,
                "Workers Launched": 3,
                "Single Copy": false,
                "Plans": [
                    {
                        "Node Type": "Aggregate",
                        "Strategy": "Plain",
                        "Partial Mode": "Partial",
                        "Parent Relationship": "Outer",
                        "Parallel Aware": false,
                        "Startup Cost": 57172.21,
                        "Total Cost": 57172.22,
                        "Plan Rows": 1,
                        "Plan Width": 8,
                        "Actual Startup Time": 121.646,
                        "Actual Total Time": 121.647,
                        "Actual Rows": 1,
                        "Actual Loops": 4,
                        "Output": [
                            "PARTIAL count(*)"
                        ],
                        "Workers": [
                            {
                                "Worker Number": 0,
                                "Actual Startup Time": 118.473,
                                "Actual Total Time": 118.475,
                                "Actual Rows": 1,
                                "Actual Loops": 1
                            },
                            {
                                "Worker Number": 1,
                                "Actual Startup Time": 118.586,
                                "Actual Total Time": 118.588,
                                "Actual Rows": 1,
                                "Actual Loops": 1
                            },
                            {
                                "Worker Number": 2,
                                "Actual Startup Time": 119.25,
                                "Actual Total Time": 119.252,
                                "Actual Rows": 1,
                                "Actual Loops": 1
                            }
                        ],
                        "Plans": [
                            {
                                "Node Type": "Nested Loop",
                                "Parent Relationship": "Outer",
                                "Parallel Aware": false,
                                "Join Type": "Inner",
                                "Startup Cost": 0.43,
                                "Total Cost": 57167.11,
                                "Plan Rows": 2043,
                                "Plan Width": 0,
                                "Actual Startup Time": 0.546,
                                "Actual Total Time": 121.415,
                                "Actual Rows": 1348,
                                "Actual Loops": 4,
                                "Inner Unique": true,
                                "Workers": [
                                    {
                                        "Worker Number": 0,
                                        "Actual Startup Time": 0.891,
                                        "Actual Total Time": 118.236,
                                        "Actual Rows": 1080,
                                        "Actual Loops": 1
                                    },
                                    {
                                        "Worker Number": 1,
                                        "Actual Startup Time": 0.344,
                                        "Actual Total Time": 118.351,
                                        "Actual Rows": 1085,
                                        "Actual Loops": 1
                                    },
                                    {
                                        "Worker Number": 2,
                                        "Actual Startup Time": 0.733,
                                        "Actual Total Time": 119.009,
                                        "Actual Rows": 1133,
                                        "Actual Loops": 1
                                    }
                                ],
                                "Plans": [
                                    {
                                        "Node Type": "Seq Scan",
                                        "Parent Relationship": "Outer",
                                        "Parallel Aware": true,
                                        "Relation Name": "movie_keyword",
                                        "Schema": "public",
                                        "Alias": "mk",
                                        "Startup Cost": 0.0,
                                        "Total Cost": 42695.65,
                                        "Plan Rows": 2043,
                                        "Plan Width": 4,
                                        "Actual Startup Time": 0.339,
                                        "Actual Total Time": 104.195,
                                        "Actual Rows": 1348,
                                        "Actual Loops": 4,
                                        "Output": [
                                            "mk.id",
                                            "mk.movie_id",
                                            "mk.keyword_id"
                                        ],
                                        "Filter": "(mk.keyword_id = 460)",
                                        "Rows Removed by Filter": 1129634,
                                        "Workers": [
                                            {
                                                "Worker Number": 0,
                                                "Actual Startup Time": 0.627,
                                                "Actual Total Time": 98.799,
                                                "Actual Rows": 1080,
                                                "Actual Loops": 1
                                            },
                                            {
                                                "Worker Number": 1,
                                                "Actual Startup Time": 0.09,
                                                "Actual Total Time": 98.967,
                                                "Actual Rows": 1085,
                                                "Actual Loops": 1
                                            },
                                            {
                                                "Worker Number": 2,
                                                "Actual Startup Time": 0.456,
                                                "Actual Total Time": 99.172,
                                                "Actual Rows": 1133,
                                                "Actual Loops": 1
                                            }
                                        ]
                                    },
                                    {
                                        "Node Type": "Index Only Scan",
                                        "Parent Relationship": "Inner",
                                        "Parallel Aware": false,
                                        "Scan Direction": "Forward",
                                        "Index Name": "title_pkey",
                                        "Relation Name": "title",
                                        "Schema": "public",
                                        "Alias": "t",
                                        "Startup Cost": 0.43,
                                        "Total Cost": 7.08,
                                        "Plan Rows": 1,
                                        "Plan Width": 4,
                                        "Actual Startup Time": 0.012,
                                        "Actual Total Time": 0.012,
                                        "Actual Rows": 1,
                                        "Actual Loops": 5392,
                                        "Output": [
                                            "t.id"
                                        ],
                                        "Index Cond": "(t.id = mk.movie_id)",
                                        "Rows Removed by Index Recheck": 0,
                                        "Heap Fetches": 5392,
                                        "Workers": [
                                            {
                                                "Worker Number": 0,
                                                "Actual Startup Time": 0.017,
                                                "Actual Total Time": 0.017,
                                                "Actual Rows": 1,
                                                "Actual Loops": 1080
                                            },
                                            {
                                                "Worker Number": 1,
                                                "Actual Startup Time": 0.017,
                                                "Actual Total Time": 0.017,
                                                "Actual Rows": 1,
                                                "Actual Loops": 1085
                                            },
                                            {
                                                "Worker Number": 2,
                                                "Actual Startup Time": 0.017,
                                                "Actual Total Time": 0.017,
                                                "Actual Rows": 1,
                                                "Actual Loops": 1133
                                            }
                                        ]
                                    }
                                ]
                            }
                        ]
                    }
                ]
            }
        ]
    },
    "Planning Time": 0.671,
    "Triggers": [],
    "Execution Time": 148.26
}