[
    {
        "Bao": {
            "Bao prediction": "NaN",
            "Bao recommended hint": "(no hint)"
        }
    },
    {
        "Plan": {
            "Node Type": "Aggregate",
            "Strategy": "Plain",
            "Partial Mode": "Finalize",
            "Parallel Aware": false,
            "Startup Cost": 331683.81,
            "Total Cost": 331683.82,
            "Plan Rows": 1,
            "Plan Width": 8,
            "Actual Startup Time": 551.166,
            "Actual Total Time": 576.261,
            "Actual Rows": 1,
            "Actual Loops": 1,
            "Output": [
                "count(*)"
            ],
            "Plans": [
                {
                    "Node Type": "Gather",
                    "Parent Relationship": "Outer",
                    "Parallel Aware": false,
                    "Startup Cost": 331683.19,
                    "Total Cost": 331683.8,
                    "Plan Rows": 6,
                    "Plan Width": 8,
                    "Actual Startup Time": 551.082,
                    "Actual Total Time": 576.254,
                    "Actual Rows": 7,
                    "Actual Loops": 1,
                    "Output": [
                        "(PARTIAL count(*))"
                    ],
                    "Workers Planned": 6,
                    "Workers Launched": 6,
                    "Single Copy": false,
                    "Plans": [
                        {
                            "Node Type": "Aggregate",
                            "Strategy": "Plain",
                            "Partial Mode": "Partial",
                            "Parent Relationship": "Outer",
                            "Parallel Aware": false,
                            "Startup Cost": 330683.19,
                            "Total Cost": 330683.2,
                            "Plan Rows": 1,
                            "Plan Width": 8,
                            "Actual Startup Time": 541.354,
                            "Actual Total Time": 541.355,
                            "Actual Rows": 1,
                            "Actual Loops": 7,
                            "Output": [
                                "PARTIAL count(*)"
                            ],
                            "Workers": [
                                {
                                    "Worker Number": 0,
                                    "Actual Startup Time": 539.033,
                                    "Actual Total Time": 539.034,
                                    "Actual Rows": 1,
                                    "Actual Loops": 1
                                },
                                {
                                    "Worker Number": 1,
                                    "Actual Startup Time": 539.367,
                                    "Actual Total Time": 539.367,
                                    "Actual Rows": 1,
                                    "Actual Loops": 1
                                },
                                {
                                    "Worker Number": 2,
                                    "Actual Startup Time": 539.637,
                                    "Actual Total Time": 539.638,
                                    "Actual Rows": 1,
                                    "Actual Loops": 1
                                },
                                {
                                    "Worker Number": 3,
                                    "Actual Startup Time": 540.068,
                                    "Actual Total Time": 540.069,
                                    "Actual Rows": 1,
                                    "Actual Loops": 1
                                },
                                {
                                    "Worker Number": 4,
                                    "Actual Startup Time": 540.289,
                                    "Actual Total Time": 540.291,
                                    "Actual Rows": 1,
                                    "Actual Loops": 1
                                },
                                {
                                    "Worker Number": 5,
                                    "Actual Startup Time": 540.337,
                                    "Actual Total Time": 540.339,
                                    "Actual Rows": 1,
                                    "Actual Loops": 1
                                }
                            ],
                            "Plans": [
                                {
                                    "Node Type": "Seq Scan",
                                    "Parent Relationship": "Outer",
                                    "Parallel Aware": true,
                                    "Relation Name": "cast_info",
                                    "Schema": "public",
                                    "Alias": "ci",
                                    "Startup Cost": 0.0,
                                    "Total Cost": 328213.62,
                                    "Plan Rows": 987828,
                                    "Plan Width": 0,
                                    "Actual Startup Time": 326.978,
                                    "Actual Total Time": 503.97,
                                    "Actual Rows": 836854,
                                    "Actual Loops": 7,
                                    "Output": [
                                        "id",
                                        "person_id",
                                        "movie_id",
                                        "person_role_id",
                                        "note",
                                        "nr_order",
                                        "role_id"
                                    ],
                                    "Filter": "(ci.person_id > 3058453)",
                                    "Rows Removed by Filter": 4340909,
                                    "Workers": [
                                        {
                                            "Worker Number": 0,
                                            "Actual Startup Time": 324.653,
                                            "Actual Total Time": 501.499,
                                            "Actual Rows": 560912,
                                            "Actual Loops": 1
                                        },
                                        {
                                            "Worker Number": 1,
                                            "Actual Startup Time": 324.979,
                                            "Actual Total Time": 503.366,
                                            "Actual Rows": 846666,
                                            "Actual Loops": 1
                                        },
                                        {
                                            "Worker Number": 2,
                                            "Actual Startup Time": 325.258,
                                            "Actual Total Time": 505.822,
                                            "Actual Rows": 819676,
                                            "Actual Loops": 1
                                        },
                                        {
                                            "Worker Number": 3,
                                            "Actual Startup Time": 325.695,
                                            "Actual Total Time": 504.111,
                                            "Actual Rows": 843767,
                                            "Actual Loops": 1
                                        },
                                        {
                                            "Worker Number": 4,
                                            "Actual Startup Time": 325.933,
                                            "Actual Total Time": 504.46,
                                            "Actual Rows": 842389,
                                            "Actual Loops": 1
                                        },
                                        {
                                            "Worker Number": 5,
                                            "Actual Startup Time": 325.977,
                                            "Actual Total Time": 506.678,
                                            "Actual Rows": 818259,
                                            "Actual Loops": 1
                                        }
                                    ]
                                }
                            ]
                        }
                    ]
                }
            ]
        },
        "Planning Time": 183.424,
        "Triggers": [],
        "Execution Time": 576.312
    }
]