[
  {
    "Plan": {
      "Node Type": "Aggregate",
      "Strategy": "Plain",
      "Partial Mode": "Finalize",
      "Parallel Aware": false,
      "Startup Cost": 127483.77,
      "Total Cost": 127483.78,
      "Plan Rows": 1,
      "Plan Width": 8,
      "Actual Startup Time": 573.762,
      "Actual Total Time": 594.361,
      "Actual Rows": 1,
      "Actual Loops": 1,
      "Plans": [
        {
          "Node Type": "Gather",
          "Parent Relationship": "Outer",
          "Parallel Aware": false,
          "Startup Cost": 127483.45,
          "Total Cost": 127483.76,
          "Plan Rows": 3,
          "Plan Width": 8,
          "Actual Startup Time": 572.111,
          "Actual Total Time": 594.352,
          "Actual Rows": 4,
          "Actual Loops": 1,
          "Workers Planned": 3,
          "Workers Launched": 3,
          "Single Copy": false,
          "Plans": [
            {
              "Node Type": "Aggregate",
              "Strategy": "Plain",
              "Partial Mode": "Partial",
              "Parent Relationship": "Outer",
              "Parallel Aware": false,
              "Startup Cost": 126483.45,
              "Total Cost": 126483.46,
              "Plan Rows": 1,
              "Plan Width": 8,
              "Actual Startup Time": 562.664,
              "Actual Total Time": 562.669,
              "Actual Rows": 1,
              "Actual Loops": 4,
              "Plans": [
                {
                  "Node Type": "Hash Join",
                  "Parent Relationship": "Outer",
                  "Parallel Aware": true,
                  "Join Type": "Inner",
                  "Startup Cost": 80615.1,
                  "Total Cost": 125809.18,
                  "Plan Rows": 269707,
                  "Plan Width": 0,
                  "Actual Startup Time": 337.474,
                  "Actual Total Time": 534.458,
                  "Actual Rows": 634554,
                  "Actual Loops": 4,
                  "Inner Unique": false,
                  "Hash Cond": "(mk.movie_id = t.id)",
                  "Plans": [
                    {
                      "Node Type": "Seq Scan",
                      "Parent Relationship": "Outer",
                      "Parallel Aware": true,
                      "Relation Name": "movie_keyword",
                      "Alias": "mk",
                      "Startup Cost": 0.0,
                      "Total Cost": 39047.32,
                      "Plan Rows": 1459332,
                      "Plan Width": 4,
                      "Actual Startup Time": 0.032,
                      "Actual Total Time": 95.294,
                      "Actual Rows": 1130982,
                      "Actual Loops": 4
                    },
                    {
                      "Node Type": "Hash",
                      "Parent Relationship": "Inner",
                      "Parallel Aware": true,
                      "Startup Cost": 79154.88,
                      "Total Cost": 79154.88,
                      "Plan Rows": 116817,
                      "Plan Width": 8,
                      "Actual Startup Time": 290.864,
                      "Actual Total Time": 290.868,
                      "Actual Rows": 39473,
                      "Actual Loops": 4,
                      "Hash Buckets": 524288,
                      "Original Hash Buckets": 524288,
                      "Hash Batches": 1,
                      "Original Hash Batches": 1,
                      "Peak Memory Usage": 10336,
                      "Plans": [
                        {
                          "Node Type": "Hash Join",
                          "Parent Relationship": "Outer",
                          "Parallel Aware": true,
                          "Join Type": "Inner",
                          "Startup Cost": 33298.96,
                          "Total Cost": 79154.88,
                          "Plan Rows": 116817,
                          "Plan Width": 8,
                          "Actual Startup Time": 198.641,
                          "Actual Total Time": 277.227,
                          "Actual Rows": 39473,
                          "Actual Loops": 4,
                          "Inner Unique": false,
                          "Hash Cond": "(t.id = mc.movie_id)",
                          "Plans": [
                            {
                              "Node Type": "Seq Scan",
                              "Parent Relationship": "Outer",
                              "Parallel Aware": true,
                              "Relation Name": "title",
                              "Alias": "t",
                              "Startup Cost": 0.0,
                              "Total Cost": 42318.73,
                              "Plan Rows": 632073,
                              "Plan Width": 4,
                              "Actual Startup Time": 0.011,
                              "Actual Total Time": 78.439,
                              "Actual Rows": 632078,
                              "Actual Loops": 4
                            },
                            {
                              "Node Type": "Hash",
                              "Parent Relationship": "Inner",
                              "Parallel Aware": true,
                              "Startup Cost": 31414.82,
                              "Total Cost": 31414.82,
                              "Plan Rows": 150731,
                              "Plan Width": 4,
                              "Actual Startup Time": 99.728,
                              "Actual Total Time": 99.729,
                              "Actual Rows": 39473,
                              "Actual Loops": 4,
                              "Hash Buckets": 524288,
                              "Original Hash Buckets": 524288,
                              "Hash Batches": 1,
                              "Original Hash Batches": 1,
                              "Peak Memory Usage": 10336,
                              "Plans": [
                                {
                                  "Node Type": "Seq Scan",
                                  "Parent Relationship": "Outer",
                                  "Parallel Aware": true,
                                  "Relation Name": "movie_companies",
                                  "Alias": "mc",
                                  "Startup Cost": 0.0,
                                  "Total Cost": 31414.82,
                                  "Plan Rows": 150731,
                                  "Plan Width": 4,
                                  "Actual Startup Time": 24.129,
                                  "Actual Total Time": 81.744,
                                  "Actual Rows": 39473,
                                  "Actual Loops": 4,
                                  "Filter": "((company_id > 18080) AND (company_type_id = 1))",
                                  "Rows Removed by Filter": 612810
                                }
                              ]
                            }
                          ]
                        }
                      ]
                    }
                  ]
                }
              ]
            }
          ]
        }
      ]
    },
    "Planning Time": 1.462,
    "Triggers": [],
    "Execution Time": 594.443
  }
]