[
  {
    "Plan": {
      "Node Type": "Aggregate",
      "Strategy": "Plain",
      "Partial Mode": "Simple",
      "Parallel Aware": false,
      "Startup Cost": 987.21,
      "Total Cost": 987.22,
      "Plan Rows": 1,
      "Plan Width": 8,
      "Actual Startup Time": 12.894,
      "Actual Total Time": 12.896,
      "Actual Rows": 1,
      "Actual Loops": 1,
      "Plans": [
        {
          "Node Type": "Index Scan",
          "Parent Relationship": "Outer",
          "Parallel Aware": false,
          "Scan Direction": "Forward",
          "Index Name": "person_id_cast_info",
          "Relation Name": "cast_info",
          "Alias": "ci",
          "Startup Cost": 0.56,
          "Total Cost": 987.07,
          "Plan Rows": 58,
          "Plan Width": 0,
          "Actual Startup Time": 12.883,
          "Actual Total Time": 12.886,
          "Actual Rows": 1,
          "Actual Loops": 1,
          "Index Cond": "(person_id = 879027)",
          "Rows Removed by Index Recheck": 0,
          "Filter": "(role_id = 10)",
          "Rows Removed by Filter": 163
        }
      ]
    },
    "Planning Time": 0.227,
    "Triggers": [],
    "Execution Time": 12.952
  }
]