[
  {
    "Plan": {
      "Node Type": "Aggregate",
      "Strategy": "Plain",
      "Partial Mode": "Finalize",
      "Parallel Aware": false,
      "Startup Cost": 349019.74,
      "Total Cost": 349019.75,
      "Plan Rows": 1,
      "Plan Width": 8,
      "Actual Startup Time": 674.359,
      "Actual Total Time": 737.666,
      "Actual Rows": 1,
      "Actual Loops": 1,
      "Plans": [
        {
          "Node Type": "Gather",
          "Parent Relationship": "Outer",
          "Parallel Aware": false,
          "Startup Cost": 349019.12,
          "Total Cost": 349019.73,
          "Plan Rows": 6,
          "Plan Width": 8,
          "Actual Startup Time": 674.171,
          "Actual Total Time": 737.653,
          "Actual Rows": 7,
          "Actual Loops": 1,
          "Workers Planned": 6,
          "Workers Launched": 6,
          "Single Copy": false,
          "Plans": [
            {
              "Node Type": "Aggregate",
              "Strategy": "Plain",
              "Partial Mode": "Partial",
              "Parent Relationship": "Outer",
              "Parallel Aware": false,
              "Startup Cost": 348019.12,
              "Total Cost": 348019.13,
              "Plan Rows": 1,
              "Plan Width": 8,
              "Actual Startup Time": 667.459,
              "Actual Total Time": 667.462,
              "Actual Rows": 1,
              "Actual Loops": 7,
              "Plans": [
                {
                  "Node Type": "Seq Scan",
                  "Parent Relationship": "Outer",
                  "Parallel Aware": true,
                  "Relation Name": "cast_info",
                  "Alias": "ci",
                  "Startup Cost": 0.0,
                  "Total Cost": 343316.27,
                  "Plan Rows": 1881139,
                  "Plan Width": 0,
                  "Actual Startup Time": 224.722,
                  "Actual Total Time": 634.282,
                  "Actual Rows": 698387,
                  "Actual Loops": 7,
                  "Filter": "((person_id < 1731979) AND (role_id > 1))",
                  "Rows Removed by Filter": 4479376
                }
              ]
            }
          ]
        }
      ]
    },
    "Planning Time": 0.234,
    "Triggers": [],
    "Execution Time": 737.743
  }
]