[
  {
    "Plan": {
      "Node Type": "Aggregate",
      "Strategy": "Plain",
      "Partial Mode": "Finalize",
      "Parallel Aware": false,
      "Startup Cost": 32102.26,
      "Total Cost": 32102.27,
      "Plan Rows": 1,
      "Plan Width": 8,
      "Actual Startup Time": 98.299,
      "Actual Total Time": 107.266,
      "Actual Rows": 1,
      "Actual Loops": 1,
      "Plans": [
        {
          "Node Type": "Gather",
          "Parent Relationship": "Outer",
          "Parallel Aware": false,
          "Startup Cost": 32101.94,
          "Total Cost": 32102.25,
          "Plan Rows": 3,
          "Plan Width": 8,
          "Actual Startup Time": 97.948,
          "Actual Total Time": 107.256,
          "Actual Rows": 4,
          "Actual Loops": 1,
          "Workers Planned": 3,
          "Workers Launched": 3,
          "Single Copy": false,
          "Plans": [
            {
              "Node Type": "Aggregate",
              "Strategy": "Plain",
              "Partial Mode": "Partial",
              "Parent Relationship": "Outer",
              "Parallel Aware": false,
              "Startup Cost": 31101.94,
              "Total Cost": 31101.95,
              "Plan Rows": 1,
              "Plan Width": 8,
              "Actual Startup Time": 92.259,
              "Actual Total Time": 92.261,
              "Actual Rows": 1,
              "Actual Loops": 4,
              "Plans": [
                {
                  "Node Type": "Bitmap Heap Scan",
                  "Parent Relationship": "Outer",
                  "Parallel Aware": true,
                  "Relation Name": "movie_keyword",
                  "Alias": "mk",
                  "Startup Cost": 5413.53,
                  "Total Cost": 30896.2,
                  "Plan Rows": 82294,
                  "Plan Width": 0,
                  "Actual Startup Time": 24.709,
                  "Actual Total Time": 87.434,
                  "Actual Rows": 60891,
                  "Actual Loops": 4,
                  "Recheck Cond": "(keyword_id < 211)",
                  "Rows Removed by Index Recheck": 0,
                  "Exact Heap Blocks": 9750,
                  "Lossy Heap Blocks": 0,
                  "Plans": [
                    {
                      "Node Type": "Bitmap Index Scan",
                      "Parent Relationship": "Outer",
                      "Parallel Aware": false,
                      "Index Name": "keyword_id_movie_keyword",
                      "Startup Cost": 0.0,
                      "Total Cost": 5349.76,
                      "Plan Rows": 255110,
                      "Plan Width": 0,
                      "Actual Startup Time": 24.147,
                      "Actual Total Time": 24.147,
                      "Actual Rows": 243563,
                      "Actual Loops": 1,
                      "Index Cond": "(keyword_id < 211)"
                    }
                  ]
                }
              ]
            }
          ]
        }
      ]
    },
    "Planning Time": 0.124,
    "Triggers": [],
    "Execution Time": 107.318
  }
]