[
  {
    "Plan": {
      "Node Type": "Aggregate",
      "Strategy": "Plain",
      "Partial Mode": "Finalize",
      "Parallel Aware": false,
      "Startup Cost": 376477.32,
      "Total Cost": 376477.33,
      "Plan Rows": 1,
      "Plan Width": 8,
      "Actual Startup Time": 1607.534,
      "Actual Total Time": 1663.134,
      "Actual Rows": 1,
      "Actual Loops": 1,
      "Plans": [
        {
          "Node Type": "Gather",
          "Parent Relationship": "Outer",
          "Parallel Aware": false,
          "Startup Cost": 376476.7,
          "Total Cost": 376477.31,
          "Plan Rows": 6,
          "Plan Width": 8,
          "Actual Startup Time": 1605.938,
          "Actual Total Time": 1663.124,
          "Actual Rows": 7,
          "Actual Loops": 1,
          "Workers Planned": 6,
          "Workers Launched": 6,
          "Single Copy": false,
          "Plans": [
            {
              "Node Type": "Aggregate",
              "Strategy": "Plain",
              "Partial Mode": "Partial",
              "Parent Relationship": "Outer",
              "Parallel Aware": false,
              "Startup Cost": 375476.7,
              "Total Cost": 375476.71,
              "Plan Rows": 1,
              "Plan Width": 8,
              "Actual Startup Time": 1597.585,
              "Actual Total Time": 1597.588,
              "Actual Rows": 1,
              "Actual Loops": 7,
              "Plans": [
                {
                  "Node Type": "Hash Join",
                  "Parent Relationship": "Outer",
                  "Parallel Aware": true,
                  "Join Type": "Inner",
                  "Startup Cost": 45833.49,
                  "Total Cost": 374800.14,
                  "Plan Rows": 270621,
                  "Plan Width": 0,
                  "Actual Startup Time": 94.249,
                  "Actual Total Time": 1573.965,
                  "Actual Rows": 426339,
                  "Actual Loops": 7,
                  "Inner Unique": true,
                  "Hash Cond": "(ci.movie_id = t.id)",
                  "Plans": [
                    {
                      "Node Type": "Seq Scan",
                      "Parent Relationship": "Outer",
                      "Parallel Aware": true,
                      "Relation Name": "cast_info",
                      "Alias": "ci",
                      "Startup Cost": 0.0,
                      "Total Cost": 313106.51,
                      "Plan Rows": 6041951,
                      "Plan Width": 4,
                      "Actual Startup Time": 0.035,
                      "Actual Total Time": 562.775,
                      "Actual Rows": 5177763,
                      "Actual Loops": 7
                    },
                    {
                      "Node Type": "Hash",
                      "Parent Relationship": "Inner",
                      "Parallel Aware": true,
                      "Startup Cost": 45479.59,
                      "Total Cost": 45479.59,
                      "Plan Rows": 28312,
                      "Plan Width": 4,
                      "Actual Startup Time": 93.344,
                      "Actual Total Time": 93.345,
                      "Actual Rows": 36083,
                      "Actual Loops": 7,
                      "Hash Buckets": 262144,
                      "Original Hash Buckets": 131072,
                      "Hash Batches": 1,
                      "Original Hash Batches": 1,
                      "Peak Memory Usage": 13024,
                      "Plans": [
                        {
                          "Node Type": "Seq Scan",
                          "Parent Relationship": "Outer",
                          "Parallel Aware": true,
                          "Relation Name": "title",
                          "Alias": "t",
                          "Startup Cost": 0.0,
                          "Total Cost": 45479.59,
                          "Plan Rows": 28312,
                          "Plan Width": 4,
                          "Actual Startup Time": 44.678,
                          "Actual Total Time": 75.079,
                          "Actual Rows": 36083,
                          "Actual Loops": 7,
                          "Filter": "((production_year < 1976) AND (kind_id = 1))",
                          "Rows Removed by Filter": 325104
                        }
                      ]
                    }
                  ]
                }
              ]
            }
          ]
        }
      ]
    },
    "Planning Time": 0.234,
    "Triggers": [],
    "Execution Time": 1663.184
  }
]