[
  {
    "Plan": {
      "Node Type": "Aggregate",
      "Strategy": "Plain",
      "Partial Mode": "Finalize",
      "Parallel Aware": false,
      "Startup Cost": 376446.78,
      "Total Cost": 376446.79,
      "Plan Rows": 1,
      "Plan Width": 8,
      "Actual Startup Time": 1695.31,
      "Actual Total Time": 1765.915,
      "Actual Rows": 1,
      "Actual Loops": 1,
      "Plans": [
        {
          "Node Type": "Gather",
          "Parent Relationship": "Outer",
          "Parallel Aware": false,
          "Startup Cost": 376446.15,
          "Total Cost": 376446.76,
          "Plan Rows": 6,
          "Plan Width": 8,
          "Actual Startup Time": 1692.972,
          "Actual Total Time": 1765.903,
          "Actual Rows": 7,
          "Actual Loops": 1,
          "Workers Planned": 6,
          "Workers Launched": 6,
          "Single Copy": false,
          "Plans": [
            {
              "Node Type": "Aggregate",
              "Strategy": "Plain",
              "Partial Mode": "Partial",
              "Parent Relationship": "Outer",
              "Parallel Aware": false,
              "Startup Cost": 375446.15,
              "Total Cost": 375446.16,
              "Plan Rows": 1,
              "Plan Width": 8,
              "Actual Startup Time": 1682.8,
              "Actual Total Time": 1682.836,
              "Actual Rows": 1,
              "Actual Loops": 7,
              "Plans": [
                {
                  "Node Type": "Hash Join",
                  "Parent Relationship": "Outer",
                  "Parallel Aware": true,
                  "Join Type": "Inner",
                  "Startup Cost": 45839.95,
                  "Total Cost": 374756.75,
                  "Plan Rows": 275762,
                  "Plan Width": 0,
                  "Actual Startup Time": 99.198,
                  "Actual Total Time": 1657.92,
                  "Actual Rows": 426339,
                  "Actual Loops": 7,
                  "Inner Unique": true,
                  "Hash Cond": "(ci.movie_id = t.id)",
                  "Plans": [
                    {
                      "Node Type": "Seq Scan",
                      "Parent Relationship": "Outer",
                      "Parallel Aware": true,
                      "Relation Name": "cast_info",
                      "Alias": "ci",
                      "Startup Cost": 0.0,
                      "Total Cost": 313067.02,
                      "Plan Rows": 6038002,
                      "Plan Width": 4,
                      "Actual Startup Time": 0.019,
                      "Actual Total Time": 606.569,
                      "Actual Rows": 5177763,
                      "Actual Loops": 7
                    },
                    {
                      "Node Type": "Hash",
                      "Parent Relationship": "Inner",
                      "Parallel Aware": true,
                      "Startup Cost": 45479.1,
                      "Total Cost": 45479.1,
                      "Plan Rows": 28868,
                      "Plan Width": 4,
                      "Actual Startup Time": 97.657,
                      "Actual Total Time": 97.658,
                      "Actual Rows": 36083,
                      "Actual Loops": 7,
                      "Hash Buckets": 262144,
                      "Original Hash Buckets": 131072,
                      "Hash Batches": 1,
                      "Original Hash Batches": 1,
                      "Peak Memory Usage": 13088,
                      "Plans": [
                        {
                          "Node Type": "Seq Scan",
                          "Parent Relationship": "Outer",
                          "Parallel Aware": true,
                          "Relation Name": "title",
                          "Alias": "t",
                          "Startup Cost": 0.0,
                          "Total Cost": 45479.1,
                          "Plan Rows": 28868,
                          "Plan Width": 4,
                          "Actual Startup Time": 48.168,
                          "Actual Total Time": 77.873,
                          "Actual Rows": 36083,
                          "Actual Loops": 7,
                          "Filter": "((production_year < 1976) AND (kind_id = 1))",
                          "Rows Removed by Filter": 325104
                        }
                      ]
                    }
                  ]
                }
              ]
            }
          ]
        }
      ]
    },
    "Planning Time": 0.523,
    "Triggers": [],
    "Execution Time": 1766.066
  }
]