[
  {
    "Plan": {
      "Node Type": "Aggregate",
      "Strategy": "Plain",
      "Partial Mode": "Finalize",
      "Parallel Aware": false,
      "Startup Cost": 75437.82,
      "Total Cost": 75437.83,
      "Plan Rows": 1,
      "Plan Width": 8,
      "Actual Startup Time": 240.446,
      "Actual Total Time": 273.496,
      "Actual Rows": 1,
      "Actual Loops": 1,
      "Plans": [
        {
          "Node Type": "Gather",
          "Parent Relationship": "Outer",
          "Parallel Aware": false,
          "Startup Cost": 75437.5,
          "Total Cost": 75437.81,
          "Plan Rows": 3,
          "Plan Width": 8,
          "Actual Startup Time": 240.096,
          "Actual Total Time": 273.486,
          "Actual Rows": 4,
          "Actual Loops": 1,
          "Workers Planned": 3,
          "Workers Launched": 3,
          "Single Copy": false,
          "Plans": [
            {
              "Node Type": "Aggregate",
              "Strategy": "Plain",
              "Partial Mode": "Partial",
              "Parent Relationship": "Outer",
              "Parallel Aware": false,
              "Startup Cost": 74437.5,
              "Total Cost": 74437.51,
              "Plan Rows": 1,
              "Plan Width": 8,
              "Actual Startup Time": 231.001,
              "Actual Total Time": 231.004,
              "Actual Rows": 1,
              "Actual Loops": 4,
              "Plans": [
                {
                  "Node Type": "Nested Loop",
                  "Parent Relationship": "Outer",
                  "Parallel Aware": false,
                  "Join Type": "Inner",
                  "Startup Cost": 484.6,
                  "Total Cost": 74433.39,
                  "Plan Rows": 1644,
                  "Plan Width": 0,
                  "Actual Startup Time": 7.801,
                  "Actual Total Time": 229.671,
                  "Actual Rows": 22507,
                  "Actual Loops": 4,
                  "Inner Unique": false,
                  "Plans": [
                    {
                      "Node Type": "Nested Loop",
                      "Parent Relationship": "Outer",
                      "Parallel Aware": false,
                      "Join Type": "Inner",
                      "Startup Cost": 484.17,
                      "Total Cost": 62634.03,
                      "Plan Rows": 7297,
                      "Plan Width": 8,
                      "Actual Startup Time": 7.197,
                      "Actual Total Time": 56.678,
                      "Actual Rows": 4882,
                      "Actual Loops": 4,
                      "Inner Unique": true,
                      "Plans": [
                        {
                          "Node Type": "Bitmap Heap Scan",
                          "Parent Relationship": "Outer",
                          "Parallel Aware": true,
                          "Relation Name": "movie_keyword",
                          "Alias": "mk",
                          "Startup Cost": 483.74,
                          "Total Cost": 25540.48,
                          "Plan Rows": 7297,
                          "Plan Width": 4,
                          "Actual Startup Time": 7.036,
                          "Actual Total Time": 22.5,
                          "Actual Rows": 4882,
                          "Actual Loops": 4,
                          "Recheck Cond": "(keyword_id = 137)",
                          "Rows Removed by Index Recheck": 0,
                          "Exact Heap Blocks": 6293,
                          "Lossy Heap Blocks": 0,
                          "Plans": [
                            {
                              "Node Type": "Bitmap Index Scan",
                              "Parent Relationship": "Outer",
                              "Parallel Aware": false,
                              "Index Name": "keyword_id_movie_keyword",
                              "Startup Cost": 0.0,
                              "Total Cost": 478.08,
                              "Plan Rows": 22620,
                              "Plan Width": 0,
                              "Actual Startup Time": 9.684,
                              "Actual Total Time": 9.685,
                              "Actual Rows": 19528,
                              "Actual Loops": 1,
                              "Index Cond": "(keyword_id = 137)"
                            }
                          ]
                        },
                        {
                          "Node Type": "Index Only Scan",
                          "Parent Relationship": "Inner",
                          "Parallel Aware": false,
                          "Scan Direction": "Forward",
                          "Index Name": "title_pkey",
                          "Relation Name": "title",
                          "Alias": "t",
                          "Startup Cost": 0.43,
                          "Total Cost": 5.08,
                          "Plan Rows": 1,
                          "Plan Width": 4,
                          "Actual Startup Time": 0.006,
                          "Actual Total Time": 0.006,
                          "Actual Rows": 1,
                          "Actual Loops": 19528,
                          "Index Cond": "(id = mk.movie_id)",
                          "Rows Removed by Index Recheck": 0,
                          "Heap Fetches": 19528
                        }
                      ]
                    },
                    {
                      "Node Type": "Index Scan",
                      "Parent Relationship": "Inner",
                      "Parallel Aware": false,
                      "Scan Direction": "Forward",
                      "Index Name": "movie_id_movie_info",
                      "Relation Name": "movie_info",
                      "Alias": "mi",
                      "Startup Cost": 0.43,
                      "Total Cost": 1.6,
                      "Plan Rows": 2,
                      "Plan Width": 4,
                      "Actual Startup Time": 0.026,
                      "Actual Total Time": 0.035,
                      "Actual Rows": 5,
                      "Actual Loops": 19528,
                      "Index Cond": "(movie_id = t.id)",
                      "Rows Removed by Index Recheck": 0,
                      "Filter": "(info_type_id = 15)",
                      "Rows Removed by Filter": 42
                    }
                  ]
                }
              ]
            }
          ]
        }
      ]
    },
    "Planning Time": 1.366,
    "Triggers": [],
    "Execution Time": 273.601
  }
]