[
    {
        "Bao": {
            "Bao prediction": "NaN",
            "Bao recommended hint": "(no hint)"
        }
    },
    {
        "Plan": {
            "Node Type": "Aggregate",
            "Strategy": "Plain",
            "Partial Mode": "Finalize",
            "Parallel Aware": false,
            "Startup Cost": 67684.23,
            "Total Cost": 67684.24,
            "Plan Rows": 1,
            "Plan Width": 8,
            "Actual Startup Time": 161.06,
            "Actual Total Time": 167.662,
            "Actual Rows": 1,
            "Actual Loops": 1,
            "Output": [
                "count(*)"
            ],
            "Plans": [
                {
                    "Node Type": "Gather",
                    "Parent Relationship": "Outer",
                    "Parallel Aware": false,
                    "Startup Cost": 67683.81,
                    "Total Cost": 67684.22,
                    "Plan Rows": 4,
                    "Plan Width": 8,
                    "Actual Startup Time": 160.514,
                    "Actual Total Time": 167.654,
                    "Actual Rows": 5,
                    "Actual Loops": 1,
                    "Output": [
                        "(PARTIAL count(*))"
                    ],
                    "Workers Planned": 4,
                    "Workers Launched": 4,
                    "Single Copy": false,
                    "Plans": [
                        {
                            "Node Type": "Aggregate",
                            "Strategy": "Plain",
                            "Partial Mode": "Partial",
                            "Parent Relationship": "Outer",
                            "Parallel Aware": false,
                            "Startup Cost": 66683.81,
                            "Total Cost": 66683.82,
                            "Plan Rows": 1,
                            "Plan Width": 8,
                            "Actual Startup Time": 151.277,
                            "Actual Total Time": 151.281,
                            "Actual Rows": 1,
                            "Actual Loops": 5,
                            "Output": [
                                "PARTIAL count(*)"
                            ],
                            "Workers": [
                                {
                                    "Worker Number": 0,
                                    "Actual Startup Time": 148.782,
                                    "Actual Total Time": 148.785,
                                    "Actual Rows": 1,
                                    "Actual Loops": 1
                                },
                                {
                                    "Worker Number": 1,
                                    "Actual Startup Time": 148.917,
                                    "Actual Total Time": 148.92,
                                    "Actual Rows": 1,
                                    "Actual Loops": 1
                                },
                                {
                                    "Worker Number": 2,
                                    "Actual Startup Time": 149.273,
                                    "Actual Total Time": 149.278,
                                    "Actual Rows": 1,
                                    "Actual Loops": 1
                                },
                                {
                                    "Worker Number": 3,
                                    "Actual Startup Time": 149.317,
                                    "Actual Total Time": 149.32,
                                    "Actual Rows": 1,
                                    "Actual Loops": 1
                                }
                            ],
                            "Plans": [
                                {
                                    "Node Type": "Hash Join",
                                    "Parent Relationship": "Outer",
                                    "Parallel Aware": true,
                                    "Join Type": "Inner",
                                    "Startup Cost": 21093.87,
                                    "Total Cost": 66635.46,
                                    "Plan Rows": 19340,
                                    "Plan Width": 0,
                                    "Actual Startup Time": 110.239,
                                    "Actual Total Time": 150.463,
                                    "Actual Rows": 15855,
                                    "Actual Loops": 5,
                                    "Inner Unique": false,
                                    "Hash Cond": "(t.id = mc.movie_id)",
                                    "Workers": [
                                        {
                                            "Worker Number": 0,
                                            "Actual Startup Time": 108.144,
                                            "Actual Total Time": 147.998,
                                            "Actual Rows": 16285,
                                            "Actual Loops": 1
                                        },
                                        {
                                            "Worker Number": 1,
                                            "Actual Startup Time": 105.36,
                                            "Actual Total Time": 148.121,
                                            "Actual Rows": 16453,
                                            "Actual Loops": 1
                                        },
                                        {
                                            "Worker Number": 2,
                                            "Actual Startup Time": 107.116,
                                            "Actual Total Time": 148.507,
                                            "Actual Rows": 15937,
                                            "Actual Loops": 1
                                        },
                                        {
                                            "Worker Number": 3,
                                            "Actual Startup Time": 109.17,
                                            "Actual Total Time": 148.468,
                                            "Actual Rows": 10284,
                                            "Actual Loops": 1
                                        }
                                    ],
                                    "Plans": [
                                        {
                                            "Node Type": "Seq Scan",
                                            "Parent Relationship": "Outer",
                                            "Parallel Aware": true,
                                            "Relation Name": "title",
                                            "Schema": "public",
                                            "Alias": "t",
                                            "Startup Cost": 0.0,
                                            "Total Cost": 42318.81,
                                            "Plan Rows": 632080,
                                            "Plan Width": 4,
                                            "Actual Startup Time": 0.01,
                                            "Actual Total Time": 61.134,
                                            "Actual Rows": 505662,
                                            "Actual Loops": 5,
                                            "Output": [
                                                "t.id",
                                                "t.title",
                                                "t.imdb_index",
                                                "t.kind_id",
                                                "t.production_year",
                                                "t.imdb_id",
                                                "t.phonetic_code",
                                                "t.episode_of_id",
                                                "t.season_nr",
                                                "t.episode_nr",
                                                "t.series_years",
                                                "t.md5sum"
                                            ],
                                            "Workers": [
                                                {
                                                    "Worker Number": 0,
                                                    "Actual Startup Time": 0.012,
                                                    "Actual Total Time": 62.65,
                                                    "Actual Rows": 517213,
                                                    "Actual Loops": 1
                                                },
                                                {
                                                    "Worker Number": 1,
                                                    "Actual Startup Time": 0.013,
                                                    "Actual Total Time": 62.034,
                                                    "Actual Rows": 515360,
                                                    "Actual Loops": 1
                                                },
                                                {
                                                    "Worker Number": 2,
                                                    "Actual Startup Time": 0.007,
                                                    "Actual Total Time": 62.208,
                                                    "Actual Rows": 506954,
                                                    "Actual Loops": 1
                                                },
                                                {
                                                    "Worker Number": 3,
                                                    "Actual Startup Time": 0.012,
                                                    "Actual Total Time": 63.403,
                                                    "Actual Rows": 335399,
                                                    "Actual Loops": 1
                                                }
                                            ]
                                        },
                                        {
                                            "Node Type": "Hash",
                                            "Parent Relationship": "Inner",
                                            "Parallel Aware": true,
                                            "Startup Cost": 20781.93,
                                            "Total Cost": 20781.93,
                                            "Plan Rows": 24955,
                                            "Plan Width": 4,
                                            "Actual Startup Time": 23.372,
                                            "Actual Total Time": 23.373,
                                            "Actual Rows": 15855,
                                            "Actual Loops": 5,
                                            "Output": [
                                                "mc.movie_id"
                                            ],
                                            "Hash Buckets": 131072,
                                            "Original Hash Buckets": 131072,
                                            "Hash Batches": 1,
                                            "Original Hash Batches": 1,
                                            "Peak Memory Usage": 4192,
                                            "Workers": [
                                                {
                                                    "Worker Number": 0,
                                                    "Actual Startup Time": 21.071,
                                                    "Actual Total Time": 21.073,
                                                    "Actual Rows": 10925,
                                                    "Actual Loops": 1
                                                },
                                                {
                                                    "Worker Number": 1,
                                                    "Actual Startup Time": 21.273,
                                                    "Actual Total Time": 21.275,
                                                    "Actual Rows": 11646,
                                                    "Actual Loops": 1
                                                },
                                                {
                                                    "Worker Number": 2,
                                                    "Actual Startup Time": 21.616,
                                                    "Actual Total Time": 21.618,
                                                    "Actual Rows": 11190,
                                                    "Actual Loops": 1
                                                },
                                                {
                                                    "Worker Number": 3,
                                                    "Actual Startup Time": 21.665,
                                                    "Actual Total Time": 21.666,
                                                    "Actual Rows": 11408,
                                                    "Actual Loops": 1
                                                }
                                            ],
                                            "Plans": [
                                                {
                                                    "Node Type": "Bitmap Heap Scan",
                                                    "Parent Relationship": "Outer",
                                                    "Parallel Aware": true,
                                                    "Relation Name": "movie_companies",
                                                    "Schema": "public",
                                                    "Alias": "mc",
                                                    "Startup Cost": 1679.99,
                                                    "Total Cost": 20781.93,
                                                    "Plan Rows": 24955,
                                                    "Plan Width": 4,
                                                    "Actual Startup Time": 1.452,
                                                    "Actual Total Time": 15.391,
                                                    "Actual Rows": 15855,
                                                    "Actual Loops": 5,
                                                    "Output": [
                                                        "mc.movie_id"
                                                    ],
                                                    "Recheck Cond": "(mc.company_id > 170517)",
                                                    "Rows Removed by Index Recheck": 0,
                                                    "Exact Heap Blocks": 1193,
                                                    "Lossy Heap Blocks": 0,
                                                    "Workers": [
                                                        {
                                                            "Worker Number": 0,
                                                            "Actual Startup Time": 0.114,
                                                            "Actual Total Time": 14.085,
                                                            "Actual Rows": 10925,
                                                            "Actual Loops": 1
                                                        },
                                                        {
                                                            "Worker Number": 1,
                                                            "Actual Startup Time": 0.075,
                                                            "Actual Total Time": 14.055,
                                                            "Actual Rows": 11646,
                                                            "Actual Loops": 1
                                                        },
                                                        {
                                                            "Worker Number": 2,
                                                            "Actual Startup Time": 0.112,
                                                            "Actual Total Time": 14.082,
                                                            "Actual Rows": 11190,
                                                            "Actual Loops": 1
                                                        },
                                                        {
                                                            "Worker Number": 3,
                                                            "Actual Startup Time": 0.085,
                                                            "Actual Total Time": 14.768,
                                                            "Actual Rows": 11408,
                                                            "Actual Loops": 1
                                                        }
                                                    ],
                                                    "Plans": [
                                                        {
                                                            "Node Type": "Bitmap Index Scan",
                                                            "Parent Relationship": "Outer",
                                                            "Parallel Aware": false,
                                                            "Index Name": "company_id_movie_companies",
                                                            "Startup Cost": 0.0,
                                                            "Total Cost": 1660.65,
                                                            "Plan Rows": 77362,
                                                            "Plan Width": 0,
                                                            "Actual Startup Time": 6.097,
                                                            "Actual Total Time": 6.098,
                                                            "Actual Rows": 79273,
                                                            "Actual Loops": 1,
                                                            "Index Cond": "(mc.company_id > 170517)"
                                                        }
                                                    ]
                                                }
                                            ]
                                        }
                                    ]
                                }
                            ]
                        }
                    ]
                }
            ]
        },
        "Planning Time": 221.945,
        "Triggers": [],
        "Execution Time": 167.735
    }
]