[
  {
    "Plan": {
      "Node Type": "Aggregate",
      "Strategy": "Plain",
      "Partial Mode": "Finalize",
      "Parallel Aware": false,
      "Startup Cost": 46766.35,
      "Total Cost": 46766.36,
      "Plan Rows": 1,
      "Plan Width": 8,
      "Actual Startup Time": 181.189,
      "Actual Total Time": 190.846,
      "Actual Rows": 1,
      "Actual Loops": 1,
      "Plans": [
        {
          "Node Type": "Gather",
          "Parent Relationship": "Outer",
          "Parallel Aware": false,
          "Startup Cost": 46766.03,
          "Total Cost": 46766.34,
          "Plan Rows": 3,
          "Plan Width": 8,
          "Actual Startup Time": 181.076,
          "Actual Total Time": 190.837,
          "Actual Rows": 4,
          "Actual Loops": 1,
          "Workers Planned": 3,
          "Workers Launched": 3,
          "Single Copy": false,
          "Plans": [
            {
              "Node Type": "Aggregate",
              "Strategy": "Plain",
              "Partial Mode": "Partial",
              "Parent Relationship": "Outer",
              "Parallel Aware": false,
              "Startup Cost": 45766.03,
              "Total Cost": 45766.04,
              "Plan Rows": 1,
              "Plan Width": 8,
              "Actual Startup Time": 174.672,
              "Actual Total Time": 174.673,
              "Actual Rows": 1,
              "Actual Loops": 4,
              "Plans": [
                {
                  "Node Type": "Seq Scan",
                  "Parent Relationship": "Outer",
                  "Parallel Aware": true,
                  "Relation Name": "movie_keyword",
                  "Alias": "mk",
                  "Startup Cost": 0.0,
                  "Total Cost": 42695.65,
                  "Plan Rows": 1228151,
                  "Plan Width": 0,
                  "Actual Startup Time": 0.088,
                  "Actual Total Time": 129.668,
                  "Actual Rows": 949856,
                  "Actual Loops": 4,
                  "Filter": "(keyword_id > 643)",
                  "Rows Removed by Filter": 181127
                }
              ]
            }
          ]
        }
      ]
    },
    "Planning Time": 0.152,
    "Triggers": [],
    "Execution Time": 190.893
  }
]