[
  {
    "Plan": {
      "Node Type": "Aggregate",
      "Strategy": "Plain",
      "Partial Mode": "Finalize",
      "Parallel Aware": false,
      "Startup Cost": 133128.31,
      "Total Cost": 133128.32,
      "Plan Rows": 1,
      "Plan Width": 8,
      "Actual Startup Time": 1097.611,
      "Actual Total Time": 1116.739,
      "Actual Rows": 1,
      "Actual Loops": 1,
      "Plans": [
        {
          "Node Type": "Gather",
          "Parent Relationship": "Outer",
          "Parallel Aware": false,
          "Startup Cost": 133127.99,
          "Total Cost": 133128.3,
          "Plan Rows": 3,
          "Plan Width": 8,
          "Actual Startup Time": 1085.849,
          "Actual Total Time": 1116.728,
          "Actual Rows": 4,
          "Actual Loops": 1,
          "Workers Planned": 3,
          "Workers Launched": 3,
          "Single Copy": false,
          "Plans": [
            {
              "Node Type": "Aggregate",
              "Strategy": "Plain",
              "Partial Mode": "Partial",
              "Parent Relationship": "Outer",
              "Parallel Aware": false,
              "Startup Cost": 132127.99,
              "Total Cost": 132128.0,
              "Plan Rows": 1,
              "Plan Width": 8,
              "Actual Startup Time": 1075.728,
              "Actual Total Time": 1075.734,
              "Actual Rows": 1,
              "Actual Loops": 4,
              "Plans": [
                {
                  "Node Type": "Hash Join",
                  "Parent Relationship": "Outer",
                  "Parallel Aware": true,
                  "Join Type": "Inner",
                  "Startup Cost": 84913.45,
                  "Total Cost": 131541.28,
                  "Plan Rows": 234684,
                  "Plan Width": 0,
                  "Actual Startup Time": 563.292,
                  "Actual Total Time": 951.047,
                  "Actual Rows": 2767847,
                  "Actual Loops": 4,
                  "Inner Unique": false,
                  "Hash Cond": "(mk.movie_id = t.id)",
                  "Plans": [
                    {
                      "Node Type": "Seq Scan",
                      "Parent Relationship": "Outer",
                      "Parallel Aware": true,
                      "Relation Name": "movie_keyword",
                      "Alias": "mk",
                      "Startup Cost": 0.0,
                      "Total Cost": 42695.65,
                      "Plan Rows": 846705,
                      "Plan Width": 4,
                      "Actual Startup Time": 0.237,
                      "Actual Total Time": 110.428,
                      "Actual Rows": 654672,
                      "Actual Loops": 4,
                      "Filter": "(keyword_id > 3262)",
                      "Rows Removed by Filter": 476311
                    },
                    {
                      "Node Type": "Hash",
                      "Parent Relationship": "Inner",
                      "Parallel Aware": true,
                      "Startup Cost": 82087.6,
                      "Total Cost": 82087.6,
                      "Plan Rows": 226068,
                      "Plan Width": 8,
                      "Actual Startup Time": 558.357,
                      "Actual Total Time": 558.362,
                      "Actual Rows": 194264,
                      "Actual Loops": 4,
                      "Hash Buckets": 1048576,
                      "Original Hash Buckets": 1048576,
                      "Hash Batches": 1,
                      "Original Hash Batches": 1,
                      "Peak Memory Usage": 38624,
                      "Plans": [
                        {
                          "Node Type": "Hash Join",
                          "Parent Relationship": "Outer",
                          "Parallel Aware": true,
                          "Join Type": "Inner",
                          "Startup Cost": 49890.1,
                          "Total Cost": 82087.6,
                          "Plan Rows": 226068,
                          "Plan Width": 8,
                          "Actual Startup Time": 323.734,
                          "Actual Total Time": 501.24,
                          "Actual Rows": 194264,
                          "Actual Loops": 4,
                          "Inner Unique": true,
                          "Hash Cond": "(mc.movie_id = t.id)",
                          "Plans": [
                            {
                              "Node Type": "Seq Scan",
                              "Parent Relationship": "Outer",
                              "Parallel Aware": true,
                              "Relation Name": "movie_companies",
                              "Alias": "mc",
                              "Startup Cost": 0.0,
                              "Total Cost": 31414.82,
                              "Plan Rows": 298164,
                              "Plan Width": 4,
                              "Actual Startup Time": 0.01,
                              "Actual Total Time": 76.175,
                              "Actual Rows": 309267,
                              "Actual Loops": 4,
                              "Filter": "((company_id < 43860) AND (company_type_id = 1))",
                              "Rows Removed by Filter": 343016
                            },
                            {
                              "Node Type": "Hash",
                              "Parent Relationship": "Inner",
                              "Parallel Aware": true,
                              "Startup Cost": 43899.32,
                              "Total Cost": 43899.32,
                              "Plan Rows": 479262,
                              "Plan Width": 4,
                              "Actual Startup Time": 318.329,
                              "Actual Total Time": 318.33,
                              "Actual Rows": 475814,
                              "Actual Loops": 4,
                              "Hash Buckets": 2097152,
                              "Original Hash Buckets": 2097152,
                              "Hash Batches": 1,
                              "Original Hash Batches": 1,
                              "Peak Memory Usage": 90912,
                              "Plans": [
                                {
                                  "Node Type": "Seq Scan",
                                  "Parent Relationship": "Outer",
                                  "Parallel Aware": true,
                                  "Relation Name": "title",
                                  "Alias": "t",
                                  "Startup Cost": 0.0,
                                  "Total Cost": 43899.32,
                                  "Plan Rows": 479262,
                                  "Plan Width": 4,
                                  "Actual Startup Time": 0.066,
                                  "Actual Total Time": 119.39,
                                  "Actual Rows": 475814,
                                  "Actual Loops": 4,
                                  "Filter": "(production_year > 1982)",
                                  "Rows Removed by Filter": 156264
                                }
                              ]
                            }
                          ]
                        }
                      ]
                    }
                  ]
                }
              ]
            }
          ]
        }
      ]
    },
    "Planning Time": 1.136,
    "Triggers": [],
    "Execution Time": 1116.809
  }
]