[
    {
        "Bao": {
            "Bao prediction": 1265.473,
            "Bao recommended hint": "(no hint)"
        }
    },
    {
        "Plan": {
            "Node Type": "Aggregate",
            "Strategy": "Plain",
            "Partial Mode": "Finalize",
            "Parallel Aware": false,
            "Startup Cost": 607742.75,
            "Total Cost": 607742.76,
            "Plan Rows": 1,
            "Plan Width": 8,
            "Actual Startup Time": 6123.758,
            "Actual Total Time": 6159.648,
            "Actual Rows": 1,
            "Actual Loops": 1,
            "Output": [
                "count(*)"
            ],
            "Plans": [
                {
                    "Node Type": "Gather",
                    "Parent Relationship": "Outer",
                    "Parallel Aware": false,
                    "Startup Cost": 607742.13,
                    "Total Cost": 607742.74,
                    "Plan Rows": 6,
                    "Plan Width": 8,
                    "Actual Startup Time": 6096.053,
                    "Actual Total Time": 6159.632,
                    "Actual Rows": 7,
                    "Actual Loops": 1,
                    "Output": [
                        "(PARTIAL count(*))"
                    ],
                    "Workers Planned": 6,
                    "Workers Launched": 6,
                    "Single Copy": false,
                    "Plans": [
                        {
                            "Node Type": "Aggregate",
                            "Strategy": "Plain",
                            "Partial Mode": "Partial",
                            "Parent Relationship": "Outer",
                            "Parallel Aware": false,
                            "Startup Cost": 606742.13,
                            "Total Cost": 606742.14,
                            "Plan Rows": 1,
                            "Plan Width": 8,
                            "Actual Startup Time": 6078.634,
                            "Actual Total Time": 6078.64,
                            "Actual Rows": 1,
                            "Actual Loops": 7,
                            "Output": [
                                "PARTIAL count(*)"
                            ],
                            "Workers": [
                                {
                                    "Worker Number": 0,
                                    "Actual Startup Time": 6075.748,
                                    "Actual Total Time": 6075.752,
                                    "Actual Rows": 1,
                                    "Actual Loops": 1
                                },
                                {
                                    "Worker Number": 1,
                                    "Actual Startup Time": 6075.816,
                                    "Actual Total Time": 6075.821,
                                    "Actual Rows": 1,
                                    "Actual Loops": 1
                                },
                                {
                                    "Worker Number": 2,
                                    "Actual Startup Time": 6075.944,
                                    "Actual Total Time": 6075.949,
                                    "Actual Rows": 1,
                                    "Actual Loops": 1
                                },
                                {
                                    "Worker Number": 3,
                                    "Actual Startup Time": 6075.992,
                                    "Actual Total Time": 6075.996,
                                    "Actual Rows": 1,
                                    "Actual Loops": 1
                                },
                                {
                                    "Worker Number": 4,
                                    "Actual Startup Time": 6075.936,
                                    "Actual Total Time": 6075.94,
                                    "Actual Rows": 1,
                                    "Actual Loops": 1
                                },
                                {
                                    "Worker Number": 5,
                                    "Actual Startup Time": 6075.957,
                                    "Actual Total Time": 6075.96,
                                    "Actual Rows": 1,
                                    "Actual Loops": 1
                                }
                            ],
                            "Plans": [
                                {
                                    "Node Type": "Hash Join",
                                    "Parent Relationship": "Outer",
                                    "Parallel Aware": true,
                                    "Join Type": "Inner",
                                    "Startup Cost": 253931.41,
                                    "Total Cost": 597273.0,
                                    "Plan Rows": 3787652,
                                    "Plan Width": 0,
                                    "Actual Startup Time": 775.514,
                                    "Actual Total Time": 5012.109,
                                    "Actual Rows": 26430008,
                                    "Actual Loops": 7,
                                    "Inner Unique": false,
                                    "Hash Cond": "(ci.movie_id = t.id)",
                                    "Workers": [
                                        {
                                            "Worker Number": 0,
                                            "Actual Startup Time": 773.166,
                                            "Actual Total Time": 4964.961,
                                            "Actual Rows": 24546665,
                                            "Actual Loops": 1
                                        },
                                        {
                                            "Worker Number": 1,
                                            "Actual Startup Time": 773.135,
                                            "Actual Total Time": 5028.676,
                                            "Actual Rows": 27198037,
                                            "Actual Loops": 1
                                        },
                                        {
                                            "Worker Number": 2,
                                            "Actual Startup Time": 773.27,
                                            "Actual Total Time": 4996.694,
                                            "Actual Rows": 25950750,
                                            "Actual Loops": 1
                                        },
                                        {
                                            "Worker Number": 3,
                                            "Actual Startup Time": 773.185,
                                            "Actual Total Time": 5041.064,
                                            "Actual Rows": 26882249,
                                            "Actual Loops": 1
                                        },
                                        {
                                            "Worker Number": 4,
                                            "Actual Startup Time": 773.304,
                                            "Actual Total Time": 4994.826,
                                            "Actual Rows": 26429678,
                                            "Actual Loops": 1
                                        },
                                        {
                                            "Worker Number": 5,
                                            "Actual Startup Time": 773.358,
                                            "Actual Total Time": 4997.419,
                                            "Actual Rows": 26386976,
                                            "Actual Loops": 1
                                        }
                                    ],
                                    "Plans": [
                                        {
                                            "Node Type": "Seq Scan",
                                            "Parent Relationship": "Outer",
                                            "Parallel Aware": true,
                                            "Relation Name": "cast_info",
                                            "Schema": "public",
                                            "Alias": "ci",
                                            "Startup Cost": 0.0,
                                            "Total Cost": 313108.29,
                                            "Plan Rows": 6042129,
                                            "Plan Width": 4,
                                            "Actual Startup Time": 0.022,
                                            "Actual Total Time": 455.822,
                                            "Actual Rows": 5177763,
                                            "Actual Loops": 7,
                                            "Output": [
                                                "ci.id",
                                                "ci.person_id",
                                                "ci.movie_id",
                                                "ci.person_role_id",
                                                "ci.note",
                                                "ci.nr_order",
                                                "ci.role_id"
                                            ],
                                            "Workers": [
                                                {
                                                    "Worker Number": 0,
                                                    "Actual Startup Time": 0.025,
                                                    "Actual Total Time": 465.991,
                                                    "Actual Rows": 4807129,
                                                    "Actual Loops": 1
                                                },
                                                {
                                                    "Worker Number": 1,
                                                    "Actual Startup Time": 0.021,
                                                    "Actual Total Time": 476.072,
                                                    "Actual Rows": 5303679,
                                                    "Actual Loops": 1
                                                },
                                                {
                                                    "Worker Number": 2,
                                                    "Actual Startup Time": 0.021,
                                                    "Actual Total Time": 458.122,
                                                    "Actual Rows": 5092464,
                                                    "Actual Loops": 1
                                                },
                                                {
                                                    "Worker Number": 3,
                                                    "Actual Startup Time": 0.026,
                                                    "Actual Total Time": 477.164,
                                                    "Actual Rows": 5264056,
                                                    "Actual Loops": 1
                                                },
                                                {
                                                    "Worker Number": 4,
                                                    "Actual Startup Time": 0.024,
                                                    "Actual Total Time": 454.836,
                                                    "Actual Rows": 5158711,
                                                    "Actual Loops": 1
                                                },
                                                {
                                                    "Worker Number": 5,
                                                    "Actual Startup Time": 0.022,
                                                    "Actual Total Time": 456.974,
                                                    "Actual Rows": 5190288,
                                                    "Actual Loops": 1
                                                }
                                            ]
                                        },
                                        {
                                            "Node Type": "Hash",
                                            "Parent Relationship": "Inner",
                                            "Parallel Aware": true,
                                            "Startup Cost": 249969.06,
                                            "Total Cost": 249969.06,
                                            "Plan Rows": 316988,
                                            "Plan Width": 8,
                                            "Actual Startup Time": 770.35,
                                            "Actual Total Time": 770.354,
                                            "Actual Rows": 401041,
                                            "Actual Loops": 7,
                                            "Output": [
                                                "t.id",
                                                "mi.movie_id"
                                            ],
                                            "Hash Buckets": 4194304,
                                            "Original Hash Buckets": 2097152,
                                            "Hash Batches": 1,
                                            "Original Hash Batches": 1,
                                            "Peak Memory Usage": 159072,
                                            "Workers": [
                                                {
                                                    "Worker Number": 0,
                                                    "Actual Startup Time": 772.139,
                                                    "Actual Total Time": 772.143,
                                                    "Actual Rows": 295974,
                                                    "Actual Loops": 1
                                                },
                                                {
                                                    "Worker Number": 1,
                                                    "Actual Startup Time": 772.212,
                                                    "Actual Total Time": 772.216,
                                                    "Actual Rows": 415785,
                                                    "Actual Loops": 1
                                                },
                                                {
                                                    "Worker Number": 2,
                                                    "Actual Startup Time": 772.498,
                                                    "Actual Total Time": 772.502,
                                                    "Actual Rows": 404083,
                                                    "Actual Loops": 1
                                                },
                                                {
                                                    "Worker Number": 3,
                                                    "Actual Startup Time": 772.2,
                                                    "Actual Total Time": 772.203,
                                                    "Actual Rows": 410949,
                                                    "Actual Loops": 1
                                                },
                                                {
                                                    "Worker Number": 4,
                                                    "Actual Startup Time": 772.452,
                                                    "Actual Total Time": 772.454,
                                                    "Actual Rows": 407645,
                                                    "Actual Loops": 1
                                                },
                                                {
                                                    "Worker Number": 5,
                                                    "Actual Startup Time": 772.504,
                                                    "Actual Total Time": 772.507,
                                                    "Actual Rows": 406651,
                                                    "Actual Loops": 1
                                                }
                                            ],
                                            "Plans": [
                                                {
                                                    "Node Type": "Hash Join",
                                                    "Parent Relationship": "Outer",
                                                    "Parallel Aware": true,
                                                    "Join Type": "Inner",
                                                    "Startup Cost": 47147.47,
                                                    "Total Cost": 249969.06,
                                                    "Plan Rows": 316988,
                                                    "Plan Width": 8,
                                                    "Actual Startup Time": 130.804,
                                                    "Actual Total Time": 591.883,
                                                    "Actual Rows": 401041,
                                                    "Actual Loops": 7,
                                                    "Output": [
                                                        "t.id",
                                                        "mi.movie_id"
                                                    ],
                                                    "Inner Unique": true,
                                                    "Hash Cond": "(mi.movie_id = t.id)",
                                                    "Workers": [
                                                        {
                                                            "Worker Number": 0,
                                                            "Actual Startup Time": 130.833,
                                                            "Actual Total Time": 596.194,
                                                            "Actual Rows": 295974,
                                                            "Actual Loops": 1
                                                        },
                                                        {
                                                            "Worker Number": 1,
                                                            "Actual Startup Time": 130.813,
                                                            "Actual Total Time": 593.01,
                                                            "Actual Rows": 415785,
                                                            "Actual Loops": 1
                                                        },
                                                        {
                                                            "Worker Number": 2,
                                                            "Actual Startup Time": 130.781,
                                                            "Actual Total Time": 592.379,
                                                            "Actual Rows": 404083,
                                                            "Actual Loops": 1
                                                        },
                                                        {
                                                            "Worker Number": 3,
                                                            "Actual Startup Time": 130.783,
                                                            "Actual Total Time": 592.043,
                                                            "Actual Rows": 410949,
                                                            "Actual Loops": 1
                                                        },
                                                        {
                                                            "Worker Number": 4,
                                                            "Actual Startup Time": 130.777,
                                                            "Actual Total Time": 592.908,
                                                            "Actual Rows": 407645,
                                                            "Actual Loops": 1
                                                        },
                                                        {
                                                            "Worker Number": 5,
                                                            "Actual Startup Time": 130.759,
                                                            "Actual Total Time": 591.979,
                                                            "Actual Rows": 406651,
                                                            "Actual Loops": 1
                                                        }
                                                    ],
                                                    "Plans": [
                                                        {
                                                            "Node Type": "Seq Scan",
                                                            "Parent Relationship": "Outer",
                                                            "Parallel Aware": true,
                                                            "Relation Name": "movie_info",
                                                            "Schema": "public",
                                                            "Alias": "mi",
                                                            "Startup Cost": 0.0,
                                                            "Total Cost": 198880.74,
                                                            "Plan Rows": 1501273,
                                                            "Plan Width": 4,
                                                            "Actual Startup Time": 13.78,
                                                            "Actual Total Time": 281.163,
                                                            "Actual Rows": 1078408,
                                                            "Actual Loops": 7,
                                                            "Output": [
                                                                "mi.id",
                                                                "mi.movie_id",
                                                                "mi.info_type_id",
                                                                "mi.info",
                                                                "mi.note"
                                                            ],
                                                            "Filter": "(mi.info_type_id > 7)",
                                                            "Rows Removed by Filter": 1040981,
                                                            "Workers": [
                                                                {
                                                                    "Worker Number": 0,
                                                                    "Actual Startup Time": 13.792,
                                                                    "Actual Total Time": 291.589,
                                                                    "Actual Rows": 794146,
                                                                    "Actual Loops": 1
                                                                },
                                                                {
                                                                    "Worker Number": 1,
                                                                    "Actual Startup Time": 13.79,
                                                                    "Actual Total Time": 287.096,
                                                                    "Actual Rows": 1107982,
                                                                    "Actual Loops": 1
                                                                },
                                                                {
                                                                    "Worker Number": 2,
                                                                    "Actual Startup Time": 13.774,
                                                                    "Actual Total Time": 283.598,
                                                                    "Actual Rows": 1081115,
                                                                    "Actual Loops": 1
                                                                },
                                                                {
                                                                    "Worker Number": 3,
                                                                    "Actual Startup Time": 13.778,
                                                                    "Actual Total Time": 285.963,
                                                                    "Actual Rows": 1092753,
                                                                    "Actual Loops": 1
                                                                },
                                                                {
                                                                    "Worker Number": 4,
                                                                    "Actual Startup Time": 13.776,
                                                                    "Actual Total Time": 284.049,
                                                                    "Actual Rows": 1085261,
                                                                    "Actual Loops": 1
                                                                },
                                                                {
                                                                    "Worker Number": 5,
                                                                    "Actual Startup Time": 13.783,
                                                                    "Actual Total Time": 283.339,
                                                                    "Actual Rows": 1087077,
                                                                    "Actual Loops": 1
                                                                }
                                                            ]
                                                        },
                                                        {
                                                            "Node Type": "Hash",
                                                            "Parent Relationship": "Inner",
                                                            "Parallel Aware": true,
                                                            "Startup Cost": 45479.21,
                                                            "Total Cost": 45479.21,
                                                            "Plan Rows": 133461,
                                                            "Plan Width": 4,
                                                            "Actual Startup Time": 104.97,
                                                            "Actual Total Time": 104.972,
                                                            "Actual Rows": 58300,
                                                            "Actual Loops": 7,
                                                            "Output": [
                                                                "t.id"
                                                            ],
                                                            "Hash Buckets": 1048576,
                                                            "Original Hash Buckets": 1048576,
                                                            "Hash Batches": 1,
                                                            "Original Hash Batches": 1,
                                                            "Peak Memory Usage": 24256,
                                                            "Workers": [
                                                                {
                                                                    "Worker Number": 0,
                                                                    "Actual Startup Time": 106.14,
                                                                    "Actual Total Time": 106.142,
                                                                    "Actual Rows": 42906,
                                                                    "Actual Loops": 1
                                                                },
                                                                {
                                                                    "Worker Number": 1,
                                                                    "Actual Startup Time": 106.141,
                                                                    "Actual Total Time": 106.142,
                                                                    "Actual Rows": 57995,
                                                                    "Actual Loops": 1
                                                                },
                                                                {
                                                                    "Worker Number": 2,
                                                                    "Actual Startup Time": 106.142,
                                                                    "Actual Total Time": 106.143,
                                                                    "Actual Rows": 58798,
                                                                    "Actual Loops": 1
                                                                },
                                                                {
                                                                    "Worker Number": 3,
                                                                    "Actual Startup Time": 106.119,
                                                                    "Actual Total Time": 106.12,
                                                                    "Actual Rows": 56959,
                                                                    "Actual Loops": 1
                                                                },
                                                                {
                                                                    "Worker Number": 4,
                                                                    "Actual Startup Time": 106.124,
                                                                    "Actual Total Time": 106.125,
                                                                    "Actual Rows": 58242,
                                                                    "Actual Loops": 1
                                                                },
                                                                {
                                                                    "Worker Number": 5,
                                                                    "Actual Startup Time": 106.128,
                                                                    "Actual Total Time": 106.129,
                                                                    "Actual Rows": 58378,
                                                                    "Actual Loops": 1
                                                                }
                                                            ],
                                                            "Plans": [
                                                                {
                                                                    "Node Type": "Seq Scan",
                                                                    "Parent Relationship": "Outer",
                                                                    "Parallel Aware": true,
                                                                    "Relation Name": "title",
                                                                    "Schema": "public",
                                                                    "Alias": "t",
                                                                    "Startup Cost": 0.0,
                                                                    "Total Cost": 45479.21,
                                                                    "Plan Rows": 133461,
                                                                    "Plan Width": 4,
                                                                    "Actual Startup Time": 43.502,
                                                                    "Actual Total Time": 77.306,
                                                                    "Actual Rows": 58300,
                                                                    "Actual Loops": 7,
                                                                    "Output": [
                                                                        "t.id"
                                                                    ],
                                                                    "Filter": "((t.production_year > 1974) AND (t.kind_id = 1))",
                                                                    "Rows Removed by Filter": 302887,
                                                                    "Workers": [
                                                                        {
                                                                            "Worker Number": 0,
                                                                            "Actual Startup Time": 4.792,
                                                                            "Actual Total Time": 78.907,
                                                                            "Actual Rows": 42906,
                                                                            "Actual Loops": 1
                                                                        },
                                                                        {
                                                                            "Worker Number": 1,
                                                                            "Actual Startup Time": 50.141,
                                                                            "Actual Total Time": 77.558,
                                                                            "Actual Rows": 57995,
                                                                            "Actual Loops": 1
                                                                        },
                                                                        {
                                                                            "Worker Number": 2,
                                                                            "Actual Startup Time": 49.887,
                                                                            "Actual Total Time": 77.741,
                                                                            "Actual Rows": 58798,
                                                                            "Actual Loops": 1
                                                                        },
                                                                        {
                                                                            "Worker Number": 3,
                                                                            "Actual Startup Time": 49.834,
                                                                            "Actual Total Time": 77.373,
                                                                            "Actual Rows": 56959,
                                                                            "Actual Loops": 1
                                                                        },
                                                                        {
                                                                            "Worker Number": 4,
                                                                            "Actual Startup Time": 50.025,
                                                                            "Actual Total Time": 77.363,
                                                                            "Actual Rows": 58242,
                                                                            "Actual Loops": 1
                                                                        },
                                                                        {
                                                                            "Worker Number": 5,
                                                                            "Actual Startup Time": 49.989,
                                                                            "Actual Total Time": 77.441,
                                                                            "Actual Rows": 58378,
                                                                            "Actual Loops": 1
                                                                        }
                                                                    ]
                                                                }
                                                            ]
                                                        }
                                                    ]
                                                }
                                            ]
                                        }
                                    ]
                                }
                            ]
                        }
                    ]
                }
            ]
        },
        "Planning Time": 641.226,
        "Triggers": [],
        "Execution Time": 6159.785
    }
]