[
    {
        "Bao": {
            "Bao prediction": "NaN",
            "Bao recommended hint": "(no hint)"
        }
    },
    {
        "Plan": {
            "Node Type": "Aggregate",
            "Strategy": "Plain",
            "Partial Mode": "Finalize",
            "Parallel Aware": false,
            "Startup Cost": 351902.2,
            "Total Cost": 351902.21,
            "Plan Rows": 1,
            "Plan Width": 8,
            "Actual Startup Time": 791.863,
            "Actual Total Time": 822.253,
            "Actual Rows": 1,
            "Actual Loops": 1,
            "Output": [
                "count(*)"
            ],
            "Plans": [
                {
                    "Node Type": "Gather",
                    "Parent Relationship": "Outer",
                    "Parallel Aware": false,
                    "Startup Cost": 351901.58,
                    "Total Cost": 351902.18,
                    "Plan Rows": 6,
                    "Plan Width": 8,
                    "Actual Startup Time": 791.756,
                    "Actual Total Time": 822.246,
                    "Actual Rows": 7,
                    "Actual Loops": 1,
                    "Output": [
                        "(PARTIAL count(*))"
                    ],
                    "Workers Planned": 6,
                    "Workers Launched": 6,
                    "Single Copy": false,
                    "Plans": [
                        {
                            "Node Type": "Aggregate",
                            "Strategy": "Plain",
                            "Partial Mode": "Partial",
                            "Parent Relationship": "Outer",
                            "Parallel Aware": false,
                            "Startup Cost": 350901.58,
                            "Total Cost": 350901.59,
                            "Plan Rows": 1,
                            "Plan Width": 8,
                            "Actual Startup Time": 781.9,
                            "Actual Total Time": 781.901,
                            "Actual Rows": 1,
                            "Actual Loops": 7,
                            "Output": [
                                "PARTIAL count(*)"
                            ],
                            "Workers": [
                                {
                                    "Worker Number": 0,
                                    "Actual Startup Time": 779.463,
                                    "Actual Total Time": 779.464,
                                    "Actual Rows": 1,
                                    "Actual Loops": 1
                                },
                                {
                                    "Worker Number": 1,
                                    "Actual Startup Time": 779.804,
                                    "Actual Total Time": 779.805,
                                    "Actual Rows": 1,
                                    "Actual Loops": 1
                                },
                                {
                                    "Worker Number": 2,
                                    "Actual Startup Time": 780.308,
                                    "Actual Total Time": 780.309,
                                    "Actual Rows": 1,
                                    "Actual Loops": 1
                                },
                                {
                                    "Worker Number": 3,
                                    "Actual Startup Time": 780.277,
                                    "Actual Total Time": 780.278,
                                    "Actual Rows": 1,
                                    "Actual Loops": 1
                                },
                                {
                                    "Worker Number": 4,
                                    "Actual Startup Time": 780.731,
                                    "Actual Total Time": 780.732,
                                    "Actual Rows": 1,
                                    "Actual Loops": 1
                                },
                                {
                                    "Worker Number": 5,
                                    "Actual Startup Time": 781.291,
                                    "Actual Total Time": 781.293,
                                    "Actual Rows": 1,
                                    "Actual Loops": 1
                                }
                            ],
                            "Plans": [
                                {
                                    "Node Type": "Seq Scan",
                                    "Parent Relationship": "Outer",
                                    "Parallel Aware": true,
                                    "Relation Name": "cast_info",
                                    "Schema": "public",
                                    "Alias": "ci",
                                    "Startup Cost": 0.0,
                                    "Total Cost": 343318.94,
                                    "Plan Rows": 3033054,
                                    "Plan Width": 0,
                                    "Actual Startup Time": 222.931,
                                    "Actual Total Time": 673.598,
                                    "Actual Rows": 2204224,
                                    "Actual Loops": 7,
                                    "Output": [
                                        "id",
                                        "person_id",
                                        "movie_id",
                                        "person_role_id",
                                        "note",
                                        "nr_order",
                                        "role_id"
                                    ],
                                    "Filter": "((ci.person_id < 2866697) AND (ci.role_id > 1))",
                                    "Rows Removed by Filter": 2973539,
                                    "Workers": [
                                        {
                                            "Worker Number": 0,
                                            "Actual Startup Time": 220.5,
                                            "Actual Total Time": 672.3,
                                            "Actual Rows": 1604253,
                                            "Actual Loops": 1
                                        },
                                        {
                                            "Worker Number": 1,
                                            "Actual Startup Time": 220.822,
                                            "Actual Total Time": 671.609,
                                            "Actual Rows": 1617088,
                                            "Actual Loops": 1
                                        },
                                        {
                                            "Worker Number": 2,
                                            "Actual Startup Time": 221.343,
                                            "Actual Total Time": 673.29,
                                            "Actual Rows": 1602299,
                                            "Actual Loops": 1
                                        },
                                        {
                                            "Worker Number": 3,
                                            "Actual Startup Time": 221.301,
                                            "Actual Total Time": 674.38,
                                            "Actual Rows": 2492038,
                                            "Actual Loops": 1
                                        },
                                        {
                                            "Worker Number": 4,
                                            "Actual Startup Time": 221.77,
                                            "Actual Total Time": 676.288,
                                            "Actual Rows": 2548618,
                                            "Actual Loops": 1
                                        },
                                        {
                                            "Worker Number": 5,
                                            "Actual Startup Time": 222.324,
                                            "Actual Total Time": 675.529,
                                            "Actual Rows": 2489628,
                                            "Actual Loops": 1
                                        }
                                    ]
                                }
                            ]
                        }
                    ]
                }
            ]
        },
        "Planning Time": 195.4,
        "Triggers": [],
        "Execution Time": 822.303
    }
]