{
  "Plan": {
    "Node Type": "Aggregate",
    "Strategy": "Plain",
    "Partial Mode": "Finalize",
    "Parallel Aware": false,
    "Startup Cost": 307452.09,
    "Total Cost": 307452.1,
    "Plan Rows": 1,
    "Plan Width": 8,
    "Actual Startup Time": 1012.792,
    "Actual Total Time": 1032.031,
    "Actual Rows": 1,
    "Actual Loops": 1,
    "Plans": [
      {
        "Node Type": "Gather",
        "Parent Relationship": "Outer",
        "Parallel Aware": false,
        "Startup Cost": 307451.97,
        "Total Cost": 307452.08,
        "Plan Rows": 1,
        "Plan Width": 8,
        "Actual Startup Time": 1011.114,
        "Actual Total Time": 1032.021,
        "Actual Rows": 2,
        "Actual Loops": 1,
        "Workers Planned": 1,
        "Workers Launched": 1,
        "Single Copy": false,
        "Plans": [
          {
            "Node Type": "Aggregate",
            "Strategy": "Plain",
            "Partial Mode": "Partial",
            "Parent Relationship": "Outer",
            "Parallel Aware": false,
            "Startup Cost": 306451.97,
            "Total Cost": 306451.98,
            "Plan Rows": 1,
            "Plan Width": 8,
            "Actual Startup Time": 1004.797,
            "Actual Total Time": 1005.11,
            "Actual Rows": 1,
            "Actual Loops": 2,
            "Plans": [
              {
                "Node Type": "Hash Join",
                "Parent Relationship": "Outer",
                "Parallel Aware": true,
                "Join Type": "Inner",
                "Startup Cost": 133992.68,
                "Total Cost": 306265.24,
                "Plan Rows": 74692,
                "Plan Width": 0,
                "Actual Startup Time": 557.549,
                "Actual Total Time": 887.158,
                "Actual Rows": 3077718,
                "Actual Loops": 2,
                "Inner Unique": false,
                "Hash Cond": "(mi.movie_id = t.id)",
                "Plans": [
                  {
                    "Node Type": "Bitmap Heap Scan",
                    "Parent Relationship": "Outer",
                    "Parallel Aware": true,
                    "Relation Name": "movie_info",
                    "Alias": "mi",
                    "Startup Cost": 18650.56,
                    "Total Cost": 188212.95,
                    "Plan Rows": 605551,
                    "Plan Width": 4,
                    "Actual Startup Time": 39.818,
                    "Actual Total Time": 125.232,
                    "Actual Rows": 489362,
                    "Actual Loops": 2,
                    "Recheck Cond": "(info_type_id > 90)",
                    "Rows Removed by Index Recheck": 0,
                    "Exact Heap Blocks": 19304,
                    "Lossy Heap Blocks": 0,
                    "Plans": [
                      {
                        "Node Type": "Bitmap Index Scan",
                        "Parent Relationship": "Outer",
                        "Parallel Aware": false,
                        "Index Name": "info_type_id_movie_info",
                        "Startup Cost": 0.0,
                        "Total Cost": 18393.21,
                        "Plan Rows": 1029436,
                        "Plan Width": 0,
                        "Actual Startup Time": 34.527,
                        "Actual Total Time": 34.528,
                        "Actual Rows": 978723,
                        "Actual Loops": 1,
                        "Index Cond": "(info_type_id > 90)"
                      }
                    ]
                  },
                  {
                    "Node Type": "Hash",
                    "Parent Relationship": "Inner",
                    "Parallel Aware": true,
                    "Startup Cost": 113049.05,
                    "Total Cost": 113049.05,
                    "Plan Rows": 183445,
                    "Plan Width": 8,
                    "Actual Startup Time": 494.894,
                    "Actual Total Time": 495.205,
                    "Actual Rows": 189847,
                    "Actual Loops": 2,
                    "Hash Buckets": 524288,
                    "Original Hash Buckets": 524288,
                    "Hash Batches": 1,
                    "Original Hash Batches": 1,
                    "Peak Memory Usage": 18976,
                    "Plans": [
                      {
                        "Node Type": "Hash Join",
                        "Parent Relationship": "Outer",
                        "Parallel Aware": true,
                        "Join Type": "Inner",
                        "Startup Cost": 54998.21,
                        "Total Cost": 113049.05,
                        "Plan Rows": 183445,
                        "Plan Width": 8,
                        "Actual Startup Time": 179.005,
                        "Actual Total Time": 463.03,
                        "Actual Rows": 189847,
                        "Actual Loops": 2,
                        "Inner Unique": true,
                        "Hash Cond": "(mk.movie_id = t.id)",
                        "Plans": [
                          {
                            "Node Type": "Seq Scan",
                            "Parent Relationship": "Outer",
                            "Parallel Aware": true,
                            "Relation Name": "movie_keyword",
                            "Alias": "mk",
                            "Startup Cost": 0.0,
                            "Total Cost": 51065.35,
                            "Plan Rows": 2661135,
                            "Plan Width": 4,
                            "Actual Startup Time": 0.024,
                            "Actual Total Time": 165.529,
                            "Actual Rows": 2261965,
                            "Actual Loops": 2
                          },
                          {
                            "Node Type": "Hash",
                            "Parent Relationship": "Inner",
                            "Parallel Aware": true,
                            "Startup Cost": 53716.68,
                            "Total Cost": 53716.68,
                            "Plan Rows": 102522,
                            "Plan Width": 4,
                            "Actual Startup Time": 114.581,
                            "Actual Total Time": 114.582,
                            "Actual Rows": 80143,
                            "Actual Loops": 2,
                            "Hash Buckets": 262144,
                            "Original Hash Buckets": 262144,
                            "Hash Batches": 1,
                            "Original Hash Batches": 1,
                            "Peak Memory Usage": 8352,
                            "Plans": [
                              {
                                "Node Type": "Bitmap Heap Scan",
                                "Parent Relationship": "Outer",
                                "Parallel Aware": true,
                                "Relation Name": "title",
                                "Alias": "t",
                                "Startup Cost": 11866.42,
                                "Total Cost": 53716.68,
                                "Plan Rows": 102522,
                                "Plan Width": 4,
                                "Actual Startup Time": 35.286,
                                "Actual Total Time": 95.874,
                                "Actual Rows": 80143,
                                "Actual Loops": 2,
                                "Recheck Cond": "(kind_id = 1)",
                                "Rows Removed by Index Recheck": 0,
                                "Filter": "(production_year > 2008)",
                                "Rows Removed by Filter": 251270,
                                "Exact Heap Blocks": 8856,
                                "Lossy Heap Blocks": 0,
                                "Plans": [
                                  {
                                    "Node Type": "Bitmap Index Scan",
                                    "Parent Relationship": "Outer",
                                    "Parallel Aware": false,
                                    "Index Name": "kind_id_title",
                                    "Startup Cost": 0.0,
                                    "Total Cost": 11822.85,
                                    "Plan Rows": 663256,
                                    "Plan Width": 0,
                                    "Actual Startup Time": 33.492,
                                    "Actual Total Time": 33.492,
                                    "Actual Rows": 662825,
                                    "Actual Loops": 1,
                                    "Index Cond": "(kind_id = 1)"
                                  }
                                ]
                              }
                            ]
                          }
                        ]
                      }
                    ]
                  }
                ]
              }
            ]
          }
        ]
      }
    ]
  },
  "Planning Time": 1.051,
  "Triggers": [],
  "Execution Time": 1032.148
}