[
  {
    "Plan": {
      "Node Type": "Aggregate",
      "Strategy": "Plain",
      "Partial Mode": "Finalize",
      "Parallel Aware": false,
      "Startup Cost": 337058.04,
      "Total Cost": 337058.05,
      "Plan Rows": 1,
      "Plan Width": 8,
      "Actual Startup Time": 714.77,
      "Actual Total Time": 771.517,
      "Actual Rows": 1,
      "Actual Loops": 1,
      "Plans": [
        {
          "Node Type": "Gather",
          "Parent Relationship": "Outer",
          "Parallel Aware": false,
          "Startup Cost": 337057.41,
          "Total Cost": 337058.02,
          "Plan Rows": 6,
          "Plan Width": 8,
          "Actual Startup Time": 714.655,
          "Actual Total Time": 771.507,
          "Actual Rows": 7,
          "Actual Loops": 1,
          "Workers Planned": 6,
          "Workers Launched": 6,
          "Single Copy": false,
          "Plans": [
            {
              "Node Type": "Aggregate",
              "Strategy": "Plain",
              "Partial Mode": "Partial",
              "Parent Relationship": "Outer",
              "Parallel Aware": false,
              "Startup Cost": 336057.41,
              "Total Cost": 336057.42,
              "Plan Rows": 1,
              "Plan Width": 8,
              "Actual Startup Time": 704.235,
              "Actual Total Time": 704.236,
              "Actual Rows": 1,
              "Actual Loops": 7,
              "Plans": [
                {
                  "Node Type": "Seq Scan",
                  "Parent Relationship": "Outer",
                  "Parallel Aware": true,
                  "Relation Name": "cast_info",
                  "Alias": "ci",
                  "Startup Cost": 0.0,
                  "Total Cost": 328162.03,
                  "Plan Rows": 3158155,
                  "Plan Width": 0,
                  "Actual Startup Time": 189.024,
                  "Actual Total Time": 592.955,
                  "Actual Rows": 2699187,
                  "Actual Loops": 7,
                  "Filter": "(person_id > 1714738)",
                  "Rows Removed by Filter": 2478576
                }
              ]
            }
          ]
        }
      ]
    },
    "Planning Time": 0.177,
    "Triggers": [],
    "Execution Time": 771.588
  }
]