[
  {
    "Plan": {
      "Node Type": "Aggregate",
      "Strategy": "Plain",
      "Partial Mode": "Finalize",
      "Parallel Aware": false,
      "Startup Cost": 82214.88,
      "Total Cost": 82214.89,
      "Plan Rows": 1,
      "Plan Width": 8,
      "Actual Startup Time": 320.06,
      "Actual Total Time": 334.81,
      "Actual Rows": 1,
      "Actual Loops": 1,
      "Plans": [
        {
          "Node Type": "Gather",
          "Parent Relationship": "Outer",
          "Parallel Aware": false,
          "Startup Cost": 82214.56,
          "Total Cost": 82214.87,
          "Plan Rows": 3,
          "Plan Width": 8,
          "Actual Startup Time": 318.041,
          "Actual Total Time": 334.802,
          "Actual Rows": 4,
          "Actual Loops": 1,
          "Workers Planned": 3,
          "Workers Launched": 3,
          "Single Copy": false,
          "Plans": [
            {
              "Node Type": "Aggregate",
              "Strategy": "Plain",
              "Partial Mode": "Partial",
              "Parent Relationship": "Outer",
              "Parallel Aware": false,
              "Startup Cost": 81214.56,
              "Total Cost": 81214.57,
              "Plan Rows": 1,
              "Plan Width": 8,
              "Actual Startup Time": 309.282,
              "Actual Total Time": 309.285,
              "Actual Rows": 1,
              "Actual Loops": 4,
              "Plans": [
                {
                  "Node Type": "Hash Join",
                  "Parent Relationship": "Outer",
                  "Parallel Aware": true,
                  "Join Type": "Inner",
                  "Startup Cost": 48362.32,
                  "Total Cost": 80843.84,
                  "Plan Rows": 148290,
                  "Plan Width": 0,
                  "Actual Startup Time": 199.933,
                  "Actual Total Time": 305.61,
                  "Actual Rows": 90654,
                  "Actual Loops": 4,
                  "Inner Unique": true,
                  "Hash Cond": "(mc.movie_id = t.id)",
                  "Plans": [
                    {
                      "Node Type": "Seq Scan",
                      "Parent Relationship": "Outer",
                      "Parallel Aware": true,
                      "Relation Name": "movie_companies",
                      "Alias": "mc",
                      "Startup Cost": 0.0,
                      "Total Cost": 31414.82,
                      "Plan Rows": 406361,
                      "Plan Width": 4,
                      "Actual Startup Time": 28.249,
                      "Actual Total Time": 64.287,
                      "Actual Rows": 328036,
                      "Actual Loops": 4,
                      "Filter": "((company_id > 19) AND (company_type_id > 1))",
                      "Rows Removed by Filter": 324246
                    },
                    {
                      "Node Type": "Hash",
                      "Parent Relationship": "Inner",
                      "Parallel Aware": true,
                      "Startup Cost": 45479.1,
                      "Total Cost": 45479.1,
                      "Plan Rows": 230658,
                      "Plan Width": 4,
                      "Actual Startup Time": 166.639,
                      "Actual Total Time": 166.64,
                      "Actual Rows": 213044,
                      "Actual Loops": 4,
                      "Hash Buckets": 1048576,
                      "Original Hash Buckets": 1048576,
                      "Hash Batches": 1,
                      "Original Hash Batches": 1,
                      "Peak Memory Usage": 41568,
                      "Plans": [
                        {
                          "Node Type": "Seq Scan",
                          "Parent Relationship": "Outer",
                          "Parallel Aware": true,
                          "Relation Name": "title",
                          "Alias": "t",
                          "Startup Cost": 0.0,
                          "Total Cost": 45479.1,
                          "Plan Rows": 230658,
                          "Plan Width": 4,
                          "Actual Startup Time": 0.04,
                          "Actual Total Time": 100.174,
                          "Actual Rows": 213044,
                          "Actual Loops": 4,
                          "Filter": "((kind_id > 1) AND (production_year < 2004))",
                          "Rows Removed by Filter": 419034
                        }
                      ]
                    }
                  ]
                }
              ]
            }
          ]
        }
      ]
    },
    "Planning Time": 0.747,
    "Triggers": [],
    "Execution Time": 334.883
  }
]