[
  {
    "Plan": {
      "Node Type": "Aggregate",
      "Strategy": "Plain",
      "Partial Mode": "Finalize",
      "Parallel Aware": false,
      "Startup Cost": 195195.64,
      "Total Cost": 195195.65,
      "Plan Rows": 1,
      "Plan Width": 8,
      "Actual Startup Time": 377.503,
      "Actual Total Time": 400.299,
      "Actual Rows": 1,
      "Actual Loops": 1,
      "Plans": [
        {
          "Node Type": "Gather",
          "Parent Relationship": "Outer",
          "Parallel Aware": false,
          "Startup Cost": 195195.12,
          "Total Cost": 195195.63,
          "Plan Rows": 5,
          "Plan Width": 8,
          "Actual Startup Time": 372.916,
          "Actual Total Time": 400.288,
          "Actual Rows": 6,
          "Actual Loops": 1,
          "Workers Planned": 5,
          "Workers Launched": 5,
          "Single Copy": false,
          "Plans": [
            {
              "Node Type": "Aggregate",
              "Strategy": "Plain",
              "Partial Mode": "Partial",
              "Parent Relationship": "Outer",
              "Parallel Aware": false,
              "Startup Cost": 194195.12,
              "Total Cost": 194195.13,
              "Plan Rows": 1,
              "Plan Width": 8,
              "Actual Startup Time": 361.878,
              "Actual Total Time": 361.882,
              "Actual Rows": 1,
              "Actual Loops": 6,
              "Plans": [
                {
                  "Node Type": "Nested Loop",
                  "Parent Relationship": "Outer",
                  "Parallel Aware": false,
                  "Join Type": "Inner",
                  "Startup Cost": 47895.98,
                  "Total Cost": 194149.44,
                  "Plan Rows": 18271,
                  "Plan Width": 0,
                  "Actual Startup Time": 135.464,
                  "Actual Total Time": 358.149,
                  "Actual Rows": 77438,
                  "Actual Loops": 6,
                  "Inner Unique": false,
                  "Plans": [
                    {
                      "Node Type": "Hash Join",
                      "Parent Relationship": "Outer",
                      "Parallel Aware": true,
                      "Join Type": "Inner",
                      "Startup Cost": 47895.55,
                      "Total Cost": 167832.67,
                      "Plan Rows": 36603,
                      "Plan Width": 8,
                      "Actual Startup Time": 135.369,
                      "Actual Total Time": 271.989,
                      "Actual Rows": 10415,
                      "Actual Loops": 6,
                      "Inner Unique": true,
                      "Hash Cond": "(ci.movie_id = t.id)",
                      "Plans": [
                        {
                          "Node Type": "Index Scan",
                          "Parent Relationship": "Outer",
                          "Parallel Aware": true,
                          "Scan Direction": "Forward",
                          "Index Name": "role_id_cast_info",
                          "Relation Name": "cast_info",
                          "Alias": "ci",
                          "Startup Cost": 0.56,
                          "Total Cost": 119623.46,
                          "Plan Rows": 119708,
                          "Plan Width": 4,
                          "Actual Startup Time": 0.157,
                          "Actual Total Time": 122.276,
                          "Actual Rows": 33007,
                          "Actual Loops": 6,
                          "Index Cond": "(role_id = 10)",
                          "Rows Removed by Index Recheck": 0,
                          "Filter": "(person_id < 494670)",
                          "Rows Removed by Filter": 687496
                        },
                        {
                          "Node Type": "Hash",
                          "Parent Relationship": "Inner",
                          "Parallel Aware": true,
                          "Startup Cost": 45479.1,
                          "Total Cost": 45479.1,
                          "Plan Rows": 193271,
                          "Plan Width": 4,
                          "Actual Startup Time": 131.602,
                          "Actual Total Time": 131.603,
                          "Actual Rows": 112855,
                          "Actual Loops": 6,
                          "Hash Buckets": 1048576,
                          "Original Hash Buckets": 1048576,
                          "Hash Batches": 1,
                          "Original Hash Batches": 1,
                          "Peak Memory Usage": 34784,
                          "Plans": [
                            {
                              "Node Type": "Seq Scan",
                              "Parent Relationship": "Outer",
                              "Parallel Aware": true,
                              "Relation Name": "title",
                              "Alias": "t",
                              "Startup Cost": 0.0,
                              "Total Cost": 45479.1,
                              "Plan Rows": 193271,
                              "Plan Width": 4,
                              "Actual Startup Time": 0.044,
                              "Actual Total Time": 84.766,
                              "Actual Rows": 112855,
                              "Actual Loops": 6,
                              "Filter": "((kind_id < 7) AND (production_year > 1978))",
                              "Rows Removed by Filter": 308530
                            }
                          ]
                        }
                      ]
                    },
                    {
                      "Node Type": "Index Scan",
                      "Parent Relationship": "Inner",
                      "Parallel Aware": false,
                      "Scan Direction": "Forward",
                      "Index Name": "movie_id_movie_companies",
                      "Relation Name": "movie_companies",
                      "Alias": "mc",
                      "Startup Cost": 0.43,
                      "Total Cost": 0.69,
                      "Plan Rows": 3,
                      "Plan Width": 4,
                      "Actual Startup Time": 0.005,
                      "Actual Total Time": 0.008,
                      "Actual Rows": 7,
                      "Actual Loops": 62491,
                      "Index Cond": "(movie_id = t.id)",
                      "Rows Removed by Index Recheck": 0,
                      "Filter": "((company_id < 197203) AND (company_type_id = 1))",
                      "Rows Removed by Filter": 2
                    }
                  ]
                }
              ]
            }
          ]
        }
      ]
    },
    "Planning Time": 1.505,
    "Triggers": [],
    "Execution Time": 400.391
  }
]