[
    {
        "Bao": {
            "Bao prediction": "NaN",
            "Bao recommended hint": "(no hint)"
        }
    },
    {
        "Plan": {
            "Node Type": "Aggregate",
            "Strategy": "Plain",
            "Partial Mode": "Finalize",
            "Parallel Aware": false,
            "Startup Cost": 323108.13,
            "Total Cost": 323108.14,
            "Plan Rows": 1,
            "Plan Width": 8,
            "Actual Startup Time": 240.235,
            "Actual Total Time": 245.975,
            "Actual Rows": 1,
            "Actual Loops": 1,
            "Output": [
                "count(*)"
            ],
            "Plans": [
                {
                    "Node Type": "Gather",
                    "Parent Relationship": "Outer",
                    "Parallel Aware": false,
                    "Startup Cost": 323107.51,
                    "Total Cost": 323108.12,
                    "Plan Rows": 6,
                    "Plan Width": 8,
                    "Actual Startup Time": 239.218,
                    "Actual Total Time": 245.967,
                    "Actual Rows": 7,
                    "Actual Loops": 1,
                    "Output": [
                        "(PARTIAL count(*))"
                    ],
                    "Workers Planned": 6,
                    "Workers Launched": 6,
                    "Single Copy": false,
                    "Plans": [
                        {
                            "Node Type": "Aggregate",
                            "Strategy": "Plain",
                            "Partial Mode": "Partial",
                            "Parent Relationship": "Outer",
                            "Parallel Aware": false,
                            "Startup Cost": 322107.51,
                            "Total Cost": 322107.52,
                            "Plan Rows": 1,
                            "Plan Width": 8,
                            "Actual Startup Time": 228.913,
                            "Actual Total Time": 228.914,
                            "Actual Rows": 1,
                            "Actual Loops": 7,
                            "Output": [
                                "PARTIAL count(*)"
                            ],
                            "Workers": [
                                {
                                    "Worker Number": 0,
                                    "Actual Startup Time": 226.588,
                                    "Actual Total Time": 226.59,
                                    "Actual Rows": 1,
                                    "Actual Loops": 1
                                },
                                {
                                    "Worker Number": 1,
                                    "Actual Startup Time": 226.827,
                                    "Actual Total Time": 226.828,
                                    "Actual Rows": 1,
                                    "Actual Loops": 1
                                },
                                {
                                    "Worker Number": 2,
                                    "Actual Startup Time": 227.254,
                                    "Actual Total Time": 227.255,
                                    "Actual Rows": 1,
                                    "Actual Loops": 1
                                },
                                {
                                    "Worker Number": 3,
                                    "Actual Startup Time": 227.509,
                                    "Actual Total Time": 227.51,
                                    "Actual Rows": 1,
                                    "Actual Loops": 1
                                },
                                {
                                    "Worker Number": 4,
                                    "Actual Startup Time": 227.507,
                                    "Actual Total Time": 227.508,
                                    "Actual Rows": 1,
                                    "Actual Loops": 1
                                },
                                {
                                    "Worker Number": 5,
                                    "Actual Startup Time": 227.8,
                                    "Actual Total Time": 227.801,
                                    "Actual Rows": 1,
                                    "Actual Loops": 1
                                }
                            ],
                            "Plans": [
                                {
                                    "Node Type": "Bitmap Heap Scan",
                                    "Parent Relationship": "Outer",
                                    "Parallel Aware": true,
                                    "Relation Name": "cast_info",
                                    "Schema": "public",
                                    "Alias": "ci",
                                    "Startup Cost": 62359.06,
                                    "Total Cost": 320930.6,
                                    "Plan Rows": 470763,
                                    "Plan Width": 0,
                                    "Actual Startup Time": 113.12,
                                    "Actual Total Time": 206.058,
                                    "Actual Rows": 410410,
                                    "Actual Loops": 7,
                                    "Recheck Cond": "(ci.person_id < 278749)",
                                    "Rows Removed by Index Recheck": 0,
                                    "Exact Heap Blocks": 6310,
                                    "Lossy Heap Blocks": 0,
                                    "Workers": [
                                        {
                                            "Worker Number": 0,
                                            "Actual Startup Time": 110.753,
                                            "Actual Total Time": 203.308,
                                            "Actual Rows": 293510,
                                            "Actual Loops": 1
                                        },
                                        {
                                            "Worker Number": 1,
                                            "Actual Startup Time": 111.02,
                                            "Actual Total Time": 205.419,
                                            "Actual Rows": 391327,
                                            "Actual Loops": 1
                                        },
                                        {
                                            "Worker Number": 2,
                                            "Actual Startup Time": 111.788,
                                            "Actual Total Time": 204.807,
                                            "Actual Rows": 389792,
                                            "Actual Loops": 1
                                        },
                                        {
                                            "Worker Number": 3,
                                            "Actual Startup Time": 111.857,
                                            "Actual Total Time": 205.09,
                                            "Actual Rows": 390306,
                                            "Actual Loops": 1
                                        },
                                        {
                                            "Worker Number": 4,
                                            "Actual Startup Time": 111.771,
                                            "Actual Total Time": 204.923,
                                            "Actual Rows": 389816,
                                            "Actual Loops": 1
                                        },
                                        {
                                            "Worker Number": 5,
                                            "Actual Startup Time": 111.984,
                                            "Actual Total Time": 206.572,
                                            "Actual Rows": 389580,
                                            "Actual Loops": 1
                                        }
                                    ],
                                    "Plans": [
                                        {
                                            "Node Type": "Bitmap Index Scan",
                                            "Parent Relationship": "Outer",
                                            "Parallel Aware": false,
                                            "Index Name": "person_id_cast_info",
                                            "Startup Cost": 0.0,
                                            "Total Cost": 61652.92,
                                            "Plan Rows": 2824580,
                                            "Plan Width": 0,
                                            "Actual Startup Time": 117.922,
                                            "Actual Total Time": 117.922,
                                            "Actual Rows": 2872872,
                                            "Actual Loops": 1,
                                            "Index Cond": "(ci.person_id < 278749)"
                                        }
                                    ]
                                }
                            ]
                        }
                    ]
                }
            ]
        },
        "Planning Time": 206.033,
        "Triggers": [],
        "Execution Time": 246.022
    }
]