[
  {
    "Plan": {
      "Node Type": "Aggregate",
      "Strategy": "Plain",
      "Partial Mode": "Finalize",
      "Parallel Aware": false,
      "Startup Cost": 43937.96,
      "Total Cost": 43937.97,
      "Plan Rows": 1,
      "Plan Width": 8,
      "Actual Startup Time": 145.587,
      "Actual Total Time": 154.295,
      "Actual Rows": 1,
      "Actual Loops": 1,
      "Plans": [
        {
          "Node Type": "Gather",
          "Parent Relationship": "Outer",
          "Parallel Aware": false,
          "Startup Cost": 43937.64,
          "Total Cost": 43937.95,
          "Plan Rows": 3,
          "Plan Width": 8,
          "Actual Startup Time": 145.319,
          "Actual Total Time": 154.281,
          "Actual Rows": 4,
          "Actual Loops": 1,
          "Workers Planned": 3,
          "Workers Launched": 3,
          "Single Copy": false,
          "Plans": [
            {
              "Node Type": "Aggregate",
              "Strategy": "Plain",
              "Partial Mode": "Partial",
              "Parent Relationship": "Outer",
              "Parallel Aware": false,
              "Startup Cost": 42937.64,
              "Total Cost": 42937.65,
              "Plan Rows": 1,
              "Plan Width": 8,
              "Actual Startup Time": 139.662,
              "Actual Total Time": 139.664,
              "Actual Rows": 1,
              "Actual Loops": 4,
              "Plans": [
                {
                  "Node Type": "Bitmap Heap Scan",
                  "Parent Relationship": "Outer",
                  "Parallel Aware": true,
                  "Relation Name": "movie_keyword",
                  "Alias": "mk",
                  "Startup Cost": 15050.76,
                  "Total Cost": 42365.5,
                  "Plan Rows": 228859,
                  "Plan Width": 0,
                  "Actual Startup Time": 47.436,
                  "Actual Total Time": 130.274,
                  "Actual Rows": 176736,
                  "Actual Loops": 4,
                  "Recheck Cond": "(keyword_id > 26710)",
                  "Rows Removed by Index Recheck": 0,
                  "Exact Heap Blocks": 9386,
                  "Lossy Heap Blocks": 0,
                  "Plans": [
                    {
                      "Node Type": "Bitmap Index Scan",
                      "Parent Relationship": "Outer",
                      "Parallel Aware": false,
                      "Index Name": "keyword_id_movie_keyword",
                      "Startup Cost": 0.0,
                      "Total Cost": 14873.4,
                      "Plan Rows": 709462,
                      "Plan Width": 0,
                      "Actual Startup Time": 48.612,
                      "Actual Total Time": 48.613,
                      "Actual Rows": 706942,
                      "Actual Loops": 1,
                      "Index Cond": "(keyword_id > 26710)"
                    }
                  ]
                }
              ]
            }
          ]
        }
      ]
    },
    "Planning Time": 0.197,
    "Triggers": [],
    "Execution Time": 154.374
  }
]