[
  {
    "Plan": {
      "Node Type": "Aggregate",
      "Strategy": "Plain",
      "Partial Mode": "Finalize",
      "Parallel Aware": false,
      "Startup Cost": 44078.76,
      "Total Cost": 44078.77,
      "Plan Rows": 1,
      "Plan Width": 8,
      "Actual Startup Time": 140.721,
      "Actual Total Time": 147.197,
      "Actual Rows": 1,
      "Actual Loops": 1,
      "Plans": [
        {
          "Node Type": "Gather",
          "Parent Relationship": "Outer",
          "Parallel Aware": false,
          "Startup Cost": 44078.44,
          "Total Cost": 44078.75,
          "Plan Rows": 3,
          "Plan Width": 8,
          "Actual Startup Time": 140.49,
          "Actual Total Time": 147.189,
          "Actual Rows": 4,
          "Actual Loops": 1,
          "Workers Planned": 3,
          "Workers Launched": 3,
          "Single Copy": false,
          "Plans": [
            {
              "Node Type": "Aggregate",
              "Strategy": "Plain",
              "Partial Mode": "Partial",
              "Parent Relationship": "Outer",
              "Parallel Aware": false,
              "Startup Cost": 43078.44,
              "Total Cost": 43078.45,
              "Plan Rows": 1,
              "Plan Width": 8,
              "Actual Startup Time": 134.617,
              "Actual Total Time": 134.618,
              "Actual Rows": 1,
              "Actual Loops": 4,
              "Plans": [
                {
                  "Node Type": "Bitmap Heap Scan",
                  "Parent Relationship": "Outer",
                  "Parallel Aware": true,
                  "Relation Name": "movie_keyword",
                  "Alias": "mk",
                  "Startup Cost": 15165.12,
                  "Total Cost": 42501.89,
                  "Plan Rows": 230622,
                  "Plan Width": 0,
                  "Actual Startup Time": 52.098,
                  "Actual Total Time": 124.367,
                  "Actual Rows": 176736,
                  "Actual Loops": 4,
                  "Recheck Cond": "(keyword_id > 26710)",
                  "Rows Removed by Index Recheck": 0,
                  "Exact Heap Blocks": 10210,
                  "Lossy Heap Blocks": 0,
                  "Plans": [
                    {
                      "Node Type": "Bitmap Index Scan",
                      "Parent Relationship": "Outer",
                      "Parallel Aware": false,
                      "Index Name": "keyword_id_movie_keyword",
                      "Startup Cost": 0.0,
                      "Total Cost": 14986.39,
                      "Plan Rows": 714927,
                      "Plan Width": 0,
                      "Actual Startup Time": 53.645,
                      "Actual Total Time": 53.646,
                      "Actual Rows": 706942,
                      "Actual Loops": 1,
                      "Index Cond": "(keyword_id > 26710)"
                    }
                  ]
                }
              ]
            }
          ]
        }
      ]
    },
    "Planning Time": 0.129,
    "Triggers": [],
    "Execution Time": 147.248
  }
]