{
    "Plan": {
        "Node Type": "Aggregate",
        "Strategy": "Plain",
        "Partial Mode": "Finalize",
        "Parallel Aware": false,
        "Startup Cost": 124713.85,
        "Total Cost": 124713.86,
        "Plan Rows": 1,
        "Plan Width": 8,
        "Actual Startup Time": 544.235,
        "Actual Total Time": 570.727,
        "Actual Rows": 1,
        "Actual Loops": 1,
        "Output": [
            "count(*)"
        ],
        "Plans": [
            {
                "Node Type": "Gather",
                "Parent Relationship": "Outer",
                "Parallel Aware": false,
                "Startup Cost": 124713.53,
                "Total Cost": 124713.84,
                "Plan Rows": 3,
                "Plan Width": 8,
                "Actual Startup Time": 542.288,
                "Actual Total Time": 570.715,
                "Actual Rows": 4,
                "Actual Loops": 1,
                "Output": [
                    "(PARTIAL count(*))"
                ],
                "Workers Planned": 3,
                "Workers Launched": 3,
                "Single Copy": false,
                "Plans": [
                    {
                        "Node Type": "Aggregate",
                        "Strategy": "Plain",
                        "Partial Mode": "Partial",
                        "Parent Relationship": "Outer",
                        "Parallel Aware": false,
                        "Startup Cost": 123713.53,
                        "Total Cost": 123713.54,
                        "Plan Rows": 1,
                        "Plan Width": 8,
                        "Actual Startup Time": 532.425,
                        "Actual Total Time": 532.554,
                        "Actual Rows": 1,
                        "Actual Loops": 4,
                        "Output": [
                            "PARTIAL count(*)"
                        ],
                        "Workers": [
                            {
                                "Worker Number": 0,
                                "Actual Startup Time": 529.192,
                                "Actual Total Time": 529.199,
                                "Actual Rows": 1,
                                "Actual Loops": 1
                            },
                            {
                                "Worker Number": 1,
                                "Actual Startup Time": 529.192,
                                "Actual Total Time": 529.198,
                                "Actual Rows": 1,
                                "Actual Loops": 1
                            },
                            {
                                "Worker Number": 2,
                                "Actual Startup Time": 529.783,
                                "Actual Total Time": 529.789,
                                "Actual Rows": 1,
                                "Actual Loops": 1
                            }
                        ],
                        "Plans": [
                            {
                                "Node Type": "Hash Join",
                                "Parent Relationship": "Outer",
                                "Parallel Aware": true,
                                "Join Type": "Inner",
                                "Startup Cost": 78417.68,
                                "Total Cost": 123374.7,
                                "Plan Rows": 135533,
                                "Plan Width": 0,
                                "Actual Startup Time": 302.484,
                                "Actual Total Time": 530.156,
                                "Actual Rows": 49628,
                                "Actual Loops": 4,
                                "Inner Unique": false,
                                "Hash Cond": "(mk.movie_id = t.id)",
                                "Workers": [
                                    {
                                        "Worker Number": 0,
                                        "Actual Startup Time": 299.92,
                                        "Actual Total Time": 526.966,
                                        "Actual Rows": 56323,
                                        "Actual Loops": 1
                                    },
                                    {
                                        "Worker Number": 1,
                                        "Actual Startup Time": 299.746,
                                        "Actual Total Time": 526.595,
                                        "Actual Rows": 41655,
                                        "Actual Loops": 1
                                    },
                                    {
                                        "Worker Number": 2,
                                        "Actual Startup Time": 299.183,
                                        "Actual Total Time": 527.551,
                                        "Actual Rows": 35711,
                                        "Actual Loops": 1
                                    }
                                ],
                                "Plans": [
                                    {
                                        "Node Type": "Seq Scan",
                                        "Parent Relationship": "Outer",
                                        "Parallel Aware": true,
                                        "Relation Name": "movie_keyword",
                                        "Schema": "public",
                                        "Alias": "mk",
                                        "Startup Cost": 0.0,
                                        "Total Cost": 39047.32,
                                        "Plan Rows": 1459332,
                                        "Plan Width": 4,
                                        "Actual Startup Time": 0.025,
                                        "Actual Total Time": 116.291,
                                        "Actual Rows": 1130982,
                                        "Actual Loops": 4,
                                        "Output": [
                                            "mk.id",
                                            "mk.movie_id",
                                            "mk.keyword_id"
                                        ],
                                        "Workers": [
                                            {
                                                "Worker Number": 0,
                                                "Actual Startup Time": 0.026,
                                                "Actual Total Time": 122.315,
                                                "Actual Rows": 1245915,
                                                "Actual Loops": 1
                                            },
                                            {
                                                "Worker Number": 1,
                                                "Actual Startup Time": 0.028,
                                                "Actual Total Time": 120.09,
                                                "Actual Rows": 846930,
                                                "Actual Loops": 1
                                            },
                                            {
                                                "Worker Number": 2,
                                                "Actual Startup Time": 0.036,
                                                "Actual Total Time": 119.888,
                                                "Actual Rows": 865615,
                                                "Actual Loops": 1
                                            }
                                        ]
                                    },
                                    {
                                        "Node Type": "Hash",
                                        "Parent Relationship": "Inner",
                                        "Parallel Aware": true,
                                        "Startup Cost": 77470.85,
                                        "Total Cost": 77470.85,
                                        "Plan Rows": 75746,
                                        "Plan Width": 8,
                                        "Actual Startup Time": 299.454,
                                        "Actual Total Time": 299.581,
                                        "Actual Rows": 38929,
                                        "Actual Loops": 4,
                                        "Output": [
                                            "t.id",
                                            "mc.movie_id"
                                        ],
                                        "Hash Buckets": 262144,
                                        "Original Hash Buckets": 262144,
                                        "Hash Batches": 1,
                                        "Original Hash Batches": 1,
                                        "Peak Memory Usage": 8192,
                                        "Workers": [
                                            {
                                                "Worker Number": 0,
                                                "Actual Startup Time": 297.995,
                                                "Actual Total Time": 298.0,
                                                "Actual Rows": 44699,
                                                "Actual Loops": 1
                                            },
                                            {
                                                "Worker Number": 1,
                                                "Actual Startup Time": 297.991,
                                                "Actual Total Time": 297.995,
                                                "Actual Rows": 31305,
                                                "Actual Loops": 1
                                            },
                                            {
                                                "Worker Number": 2,
                                                "Actual Startup Time": 298.154,
                                                "Actual Total Time": 298.158,
                                                "Actual Rows": 32555,
                                                "Actual Loops": 1
                                            }
                                        ],
                                        "Plans": [
                                            {
                                                "Node Type": "Hash Join",
                                                "Parent Relationship": "Outer",
                                                "Parallel Aware": true,
                                                "Join Type": "Inner",
                                                "Startup Cost": 46344.4,
                                                "Total Cost": 77470.85,
                                                "Plan Rows": 75746,
                                                "Plan Width": 8,
                                                "Actual Startup Time": 126.458,
                                                "Actual Total Time": 286.185,
                                                "Actual Rows": 38929,
                                                "Actual Loops": 4,
                                                "Output": [
                                                    "t.id",
                                                    "mc.movie_id"
                                                ],
                                                "Inner Unique": true,
                                                "Hash Cond": "(mc.movie_id = t.id)",
                                                "Workers": [
                                                    {
                                                        "Worker Number": 0,
                                                        "Actual Startup Time": 124.964,
                                                        "Actual Total Time": 284.398,
                                                        "Actual Rows": 44699,
                                                        "Actual Loops": 1
                                                    },
                                                    {
                                                        "Worker Number": 1,
                                                        "Actual Startup Time": 124.612,
                                                        "Actual Total Time": 284.091,
                                                        "Actual Rows": 31305,
                                                        "Actual Loops": 1
                                                    },
                                                    {
                                                        "Worker Number": 2,
                                                        "Actual Startup Time": 125.773,
                                                        "Actual Total Time": 285.497,
                                                        "Actual Rows": 32555,
                                                        "Actual Loops": 1
                                                    }
                                                ],
                                                "Plans": [
                                                    {
                                                        "Node Type": "Seq Scan",
                                                        "Parent Relationship": "Outer",
                                                        "Parallel Aware": true,
                                                        "Relation Name": "movie_companies",
                                                        "Schema": "public",
                                                        "Alias": "mc",
                                                        "Startup Cost": 0.0,
                                                        "Total Cost": 29310.68,
                                                        "Plan Rows": 691725,
                                                        "Plan Width": 4,
                                                        "Actual Startup Time": 0.025,
                                                        "Actual Total Time": 82.727,
                                                        "Actual Rows": 534928,
                                                        "Actual Loops": 4,
                                                        "Output": [
                                                            "mc.id",
                                                            "mc.movie_id",
                                                            "mc.company_id",
                                                            "mc.company_type_id",
                                                            "mc.note"
                                                        ],
                                                        "Filter": "(mc.company_id < 76075)",
                                                        "Rows Removed by Filter": 117355,
                                                        "Workers": [
                                                            {
                                                                "Worker Number": 0,
                                                                "Actual Startup Time": 0.03,
                                                                "Actual Total Time": 82.3,
                                                                "Actual Rows": 603832,
                                                                "Actual Loops": 1
                                                            },
                                                            {
                                                                "Worker Number": 1,
                                                                "Actual Startup Time": 0.031,
                                                                "Actual Total Time": 85.388,
                                                                "Actual Rows": 406348,
                                                                "Actual Loops": 1
                                                            },
                                                            {
                                                                "Worker Number": 2,
                                                                "Actual Startup Time": 0.03,
                                                                "Actual Total Time": 85.164,
                                                                "Actual Rows": 415627,
                                                                "Actual Loops": 1
                                                            }
                                                        ]
                                                    },
                                                    {
                                                        "Node Type": "Hash",
                                                        "Parent Relationship": "Inner",
                                                        "Parallel Aware": true,
                                                        "Startup Cost": 45479.21,
                                                        "Total Cost": 45479.21,
                                                        "Plan Rows": 69215,
                                                        "Plan Width": 4,
                                                        "Actual Startup Time": 124.061,
                                                        "Actual Total Time": 124.062,
                                                        "Actual Rows": 42386,
                                                        "Actual Loops": 4,
                                                        "Output": [
                                                            "t.id"
                                                        ],
                                                        "Hash Buckets": 524288,
                                                        "Original Hash Buckets": 524288,
                                                        "Hash Batches": 1,
                                                        "Original Hash Batches": 1,
                                                        "Peak Memory Usage": 10816,
                                                        "Workers": [
                                                            {
                                                                "Worker Number": 0,
                                                                "Actual Startup Time": 124.364,
                                                                "Actual Total Time": 124.365,
                                                                "Actual Rows": 40903,
                                                                "Actual Loops": 1
                                                            },
                                                            {
                                                                "Worker Number": 1,
                                                                "Actual Startup Time": 124.392,
                                                                "Actual Total Time": 124.393,
                                                                "Actual Rows": 31599,
                                                                "Actual Loops": 1
                                                            },
                                                            {
                                                                "Worker Number": 2,
                                                                "Actual Startup Time": 124.631,
                                                                "Actual Total Time": 124.633,
                                                                "Actual Rows": 30396,
                                                                "Actual Loops": 1
                                                            }
                                                        ],
                                                        "Plans": [
                                                            {
                                                                "Node Type": "Seq Scan",
                                                                "Parent Relationship": "Outer",
                                                                "Parallel Aware": true,
                                                                "Relation Name": "title",
                                                                "Schema": "public",
                                                                "Alias": "t",
                                                                "Startup Cost": 0.0,
                                                                "Total Cost": 45479.21,
                                                                "Plan Rows": 69215,
                                                                "Plan Width": 4,
                                                                "Actual Startup Time": 0.059,
                                                                "Actual Total Time": 103.954,
                                                                "Actual Rows": 42386,
                                                                "Actual Loops": 4,
                                                                "Output": [
                                                                    "t.id"
                                                                ],
                                                                "Filter": "((t.production_year < 1976) AND (t.kind_id = 7))",
                                                                "Rows Removed by Filter": 589692,
                                                                "Workers": [
                                                                    {
                                                                        "Worker Number": 0,
                                                                        "Actual Startup Time": 0.066,
                                                                        "Actual Total Time": 103.934,
                                                                        "Actual Rows": 40903,
                                                                        "Actual Loops": 1
                                                                    },
                                                                    {
                                                                        "Worker Number": 1,
                                                                        "Actual Startup Time": 0.063,
                                                                        "Actual Total Time": 104.939,
                                                                        "Actual Rows": 31599,
                                                                        "Actual Loops": 1
                                                                    },
                                                                    {
                                                                        "Worker Number": 2,
                                                                        "Actual Startup Time": 0.087,
                                                                        "Actual Total Time": 104.846,
                                                                        "Actual Rows": 30396,
                                                                        "Actual Loops": 1
                                                                    }
                                                                ]
                                                            }
                                                        ]
                                                    }
                                                ]
                                            }
                                        ]
                                    }
                                ]
                            }
                        ]
                    }
                ]
            }
        ]
    },
    "Planning Time": 1.624,
    "Triggers": [],
    "Execution Time": 570.816
}