[
    {
        "Bao": {
            "Bao prediction": "NaN",
            "Bao recommended hint": "(no hint)"
        }
    },
    {
        "Plan": {
            "Node Type": "Aggregate",
            "Strategy": "Plain",
            "Partial Mode": "Simple",
            "Parallel Aware": false,
            "Startup Cost": 824.01,
            "Total Cost": 824.02,
            "Plan Rows": 1,
            "Plan Width": 8,
            "Actual Startup Time": 6.493,
            "Actual Total Time": 6.496,
            "Actual Rows": 1,
            "Actual Loops": 1,
            "Output": [
                "count(*)"
            ],
            "Plans": [
                {
                    "Node Type": "Nested Loop",
                    "Parent Relationship": "Outer",
                    "Parallel Aware": false,
                    "Join Type": "Inner",
                    "Startup Cost": 1.42,
                    "Total Cost": 823.12,
                    "Plan Rows": 358,
                    "Plan Width": 0,
                    "Actual Startup Time": 0.296,
                    "Actual Total Time": 6.349,
                    "Actual Rows": 740,
                    "Actual Loops": 1,
                    "Inner Unique": false,
                    "Plans": [
                        {
                            "Node Type": "Nested Loop",
                            "Parent Relationship": "Outer",
                            "Parallel Aware": false,
                            "Join Type": "Inner",
                            "Startup Cost": 0.86,
                            "Total Cost": 713.37,
                            "Plan Rows": 52,
                            "Plan Width": 8,
                            "Actual Startup Time": 0.241,
                            "Actual Total Time": 1.511,
                            "Actual Rows": 71,
                            "Actual Loops": 1,
                            "Output": [
                                "t.id",
                                "mc.movie_id"
                            ],
                            "Inner Unique": true,
                            "Plans": [
                                {
                                    "Node Type": "Index Scan",
                                    "Parent Relationship": "Outer",
                                    "Parallel Aware": false,
                                    "Scan Direction": "Forward",
                                    "Index Name": "company_id_movie_companies",
                                    "Relation Name": "movie_companies",
                                    "Schema": "public",
                                    "Alias": "mc",
                                    "Startup Cost": 0.43,
                                    "Total Cost": 274.1,
                                    "Plan Rows": 52,
                                    "Plan Width": 4,
                                    "Actual Startup Time": 0.202,
                                    "Actual Total Time": 0.335,
                                    "Actual Rows": 71,
                                    "Actual Loops": 1,
                                    "Output": [
                                        "mc.id",
                                        "mc.movie_id",
                                        "mc.company_id",
                                        "mc.company_type_id",
                                        "mc.note"
                                    ],
                                    "Index Cond": "(mc.company_id = 1111)",
                                    "Rows Removed by Index Recheck": 0,
                                    "Filter": "(mc.company_type_id > 1)",
                                    "Rows Removed by Filter": 46
                                },
                                {
                                    "Node Type": "Index Only Scan",
                                    "Parent Relationship": "Inner",
                                    "Parallel Aware": false,
                                    "Scan Direction": "Forward",
                                    "Index Name": "title_pkey",
                                    "Relation Name": "title",
                                    "Schema": "public",
                                    "Alias": "t",
                                    "Startup Cost": 0.43,
                                    "Total Cost": 8.45,
                                    "Plan Rows": 1,
                                    "Plan Width": 4,
                                    "Actual Startup Time": 0.015,
                                    "Actual Total Time": 0.015,
                                    "Actual Rows": 1,
                                    "Actual Loops": 71,
                                    "Output": [
                                        "t.id"
                                    ],
                                    "Index Cond": "(t.id = mc.movie_id)",
                                    "Rows Removed by Index Recheck": 0,
                                    "Heap Fetches": 71
                                }
                            ]
                        },
                        {
                            "Node Type": "Index Scan",
                            "Parent Relationship": "Inner",
                            "Parallel Aware": false,
                            "Scan Direction": "Forward",
                            "Index Name": "movie_id_cast_info",
                            "Relation Name": "cast_info",
                            "Schema": "public",
                            "Alias": "ci",
                            "Startup Cost": 0.56,
                            "Total Cost": 1.93,
                            "Plan Rows": 18,
                            "Plan Width": 4,
                            "Actual Startup Time": 0.016,
                            "Actual Total Time": 0.065,
                            "Actual Rows": 10,
                            "Actual Loops": 71,
                            "Output": [
                                "ci.id",
                                "ci.person_id",
                                "ci.movie_id",
                                "ci.person_role_id",
                                "ci.note",
                                "ci.nr_order",
                                "ci.role_id"
                            ],
                            "Index Cond": "(ci.movie_id = t.id)",
                            "Rows Removed by Index Recheck": 0,
                            "Filter": "(ci.person_id < 1709149)",
                            "Rows Removed by Filter": 21
                        }
                    ]
                }
            ]
        },
        "Planning Time": 370.216,
        "Triggers": [],
        "Execution Time": 6.601
    }
]