[
  {
    "Plan": {
      "Node Type": "Aggregate",
      "Strategy": "Plain",
      "Partial Mode": "Finalize",
      "Parallel Aware": false,
      "Startup Cost": 314999.77,
      "Total Cost": 314999.78,
      "Plan Rows": 1,
      "Plan Width": 8,
      "Actual Startup Time": 171.866,
      "Actual Total Time": 186.121,
      "Actual Rows": 1,
      "Actual Loops": 1,
      "Plans": [
        {
          "Node Type": "Gather",
          "Parent Relationship": "Outer",
          "Parallel Aware": false,
          "Startup Cost": 314999.25,
          "Total Cost": 314999.76,
          "Plan Rows": 5,
          "Plan Width": 8,
          "Actual Startup Time": 168.931,
          "Actual Total Time": 186.111,
          "Actual Rows": 6,
          "Actual Loops": 1,
          "Workers Planned": 5,
          "Workers Launched": 5,
          "Single Copy": false,
          "Plans": [
            {
              "Node Type": "Aggregate",
              "Strategy": "Plain",
              "Partial Mode": "Partial",
              "Parent Relationship": "Outer",
              "Parallel Aware": false,
              "Startup Cost": 313999.25,
              "Total Cost": 313999.26,
              "Plan Rows": 1,
              "Plan Width": 8,
              "Actual Startup Time": 160.801,
              "Actual Total Time": 160.805,
              "Actual Rows": 1,
              "Actual Loops": 6,
              "Plans": [
                {
                  "Node Type": "Hash Join",
                  "Parent Relationship": "Outer",
                  "Parallel Aware": true,
                  "Join Type": "Inner",
                  "Startup Cost": 56832.17,
                  "Total Cost": 313976.75,
                  "Plan Rows": 9001,
                  "Plan Width": 0,
                  "Actual Startup Time": 119.135,
                  "Actual Total Time": 160.271,
                  "Actual Rows": 8780,
                  "Actual Loops": 6,
                  "Inner Unique": true,
                  "Hash Cond": "(ci.movie_id = t.id)",
                  "Plans": [
                    {
                      "Node Type": "Bitmap Heap Scan",
                      "Parent Relationship": "Outer",
                      "Parallel Aware": true,
                      "Relation Name": "cast_info",
                      "Alias": "ci",
                      "Startup Cost": 10612.56,
                      "Total Cost": 267504.87,
                      "Plan Rows": 96103,
                      "Plan Width": 4,
                      "Actual Startup Time": 18.78,
                      "Actual Total Time": 37.595,
                      "Actual Rows": 83564,
                      "Actual Loops": 6,
                      "Recheck Cond": "(person_id < 55755)",
                      "Rows Removed by Index Recheck": 0,
                      "Exact Heap Blocks": 1240,
                      "Lossy Heap Blocks": 0,
                      "Plans": [
                        {
                          "Node Type": "Bitmap Index Scan",
                          "Parent Relationship": "Outer",
                          "Parallel Aware": false,
                          "Index Name": "person_id_cast_info",
                          "Startup Cost": 0.0,
                          "Total Cost": 10492.43,
                          "Plan Rows": 480515,
                          "Plan Width": 0,
                          "Actual Startup Time": 17.921,
                          "Actual Total Time": 17.922,
                          "Actual Rows": 501386,
                          "Actual Loops": 1,
                          "Index Cond": "(person_id < 55755)"
                        }
                      ]
                    },
                    {
                      "Node Type": "Hash",
                      "Parent Relationship": "Inner",
                      "Parallel Aware": true,
                      "Startup Cost": 45479.59,
                      "Total Cost": 45479.59,
                      "Plan Rows": 59202,
                      "Plan Width": 4,
                      "Actual Startup Time": 98.895,
                      "Actual Total Time": 98.896,
                      "Actual Rows": 42818,
                      "Actual Loops": 6,
                      "Hash Buckets": 262144,
                      "Original Hash Buckets": 262144,
                      "Hash Batches": 1,
                      "Original Hash Batches": 1,
                      "Peak Memory Usage": 12192,
                      "Plans": [
                        {
                          "Node Type": "Seq Scan",
                          "Parent Relationship": "Outer",
                          "Parallel Aware": true,
                          "Relation Name": "title",
                          "Alias": "t",
                          "Startup Cost": 0.0,
                          "Total Cost": 45479.59,
                          "Plan Rows": 59202,
                          "Plan Width": 4,
                          "Actual Startup Time": 0.043,
                          "Actual Total Time": 80.357,
                          "Actual Rows": 42818,
                          "Actual Loops": 6,
                          "Filter": "((production_year > 2010) AND (kind_id = 7))",
                          "Rows Removed by Filter": 378568
                        }
                      ]
                    }
                  ]
                }
              ]
            }
          ]
        }
      ]
    },
    "Planning Time": 0.292,
    "Triggers": [],
    "Execution Time": 186.172
  }
]