[
  {
    "Plan": {
      "Node Type": "Aggregate",
      "Strategy": "Plain",
      "Partial Mode": "Finalize",
      "Parallel Aware": false,
      "Startup Cost": 33496.75,
      "Total Cost": 33496.76,
      "Plan Rows": 1,
      "Plan Width": 8,
      "Actual Startup Time": 111.314,
      "Actual Total Time": 119.514,
      "Actual Rows": 1,
      "Actual Loops": 1,
      "Plans": [
        {
          "Node Type": "Gather",
          "Parent Relationship": "Outer",
          "Parallel Aware": false,
          "Startup Cost": 33496.43,
          "Total Cost": 33496.74,
          "Plan Rows": 3,
          "Plan Width": 8,
          "Actual Startup Time": 111.013,
          "Actual Total Time": 119.505,
          "Actual Rows": 4,
          "Actual Loops": 1,
          "Workers Planned": 3,
          "Workers Launched": 3,
          "Single Copy": false,
          "Plans": [
            {
              "Node Type": "Aggregate",
              "Strategy": "Plain",
              "Partial Mode": "Partial",
              "Parent Relationship": "Outer",
              "Parallel Aware": false,
              "Startup Cost": 32496.43,
              "Total Cost": 32496.44,
              "Plan Rows": 1,
              "Plan Width": 8,
              "Actual Startup Time": 106.493,
              "Actual Total Time": 106.495,
              "Actual Rows": 1,
              "Actual Loops": 4,
              "Plans": [
                {
                  "Node Type": "Bitmap Heap Scan",
                  "Parent Relationship": "Outer",
                  "Parallel Aware": true,
                  "Relation Name": "movie_keyword",
                  "Alias": "mk",
                  "Startup Cost": 6548.77,
                  "Total Cost": 32247.49,
                  "Plan Rows": 99577,
                  "Plan Width": 0,
                  "Actual Startup Time": 39.035,
                  "Actual Total Time": 101.603,
                  "Actual Rows": 81315,
                  "Actual Loops": 4,
                  "Recheck Cond": "(keyword_id < 263)",
                  "Rows Removed by Index Recheck": 0,
                  "Exact Heap Blocks": 12127,
                  "Lossy Heap Blocks": 0,
                  "Plans": [
                    {
                      "Node Type": "Bitmap Index Scan",
                      "Parent Relationship": "Outer",
                      "Parallel Aware": false,
                      "Index Name": "keyword_id_movie_keyword",
                      "Startup Cost": 0.0,
                      "Total Cost": 6471.6,
                      "Plan Rows": 308689,
                      "Plan Width": 0,
                      "Actual Startup Time": 38.108,
                      "Actual Total Time": 38.108,
                      "Actual Rows": 325260,
                      "Actual Loops": 1,
                      "Index Cond": "(keyword_id < 263)"
                    }
                  ]
                }
              ]
            }
          ]
        }
      ]
    },
    "Planning Time": 0.187,
    "Triggers": [],
    "Execution Time": 119.588
  }
]