[
  {
    "Plan": {
      "Node Type": "Aggregate",
      "Strategy": "Plain",
      "Partial Mode": "Finalize",
      "Parallel Aware": false,
      "Startup Cost": 341296.16,
      "Total Cost": 341296.17,
      "Plan Rows": 1,
      "Plan Width": 8,
      "Actual Startup Time": 883.094,
      "Actual Total Time": 936.397,
      "Actual Rows": 1,
      "Actual Loops": 1,
      "Plans": [
        {
          "Node Type": "Gather",
          "Parent Relationship": "Outer",
          "Parallel Aware": false,
          "Startup Cost": 341295.54,
          "Total Cost": 341296.15,
          "Plan Rows": 6,
          "Plan Width": 8,
          "Actual Startup Time": 882.893,
          "Actual Total Time": 936.387,
          "Actual Rows": 7,
          "Actual Loops": 1,
          "Workers Planned": 6,
          "Workers Launched": 6,
          "Single Copy": false,
          "Plans": [
            {
              "Node Type": "Aggregate",
              "Strategy": "Plain",
              "Partial Mode": "Partial",
              "Parent Relationship": "Outer",
              "Parallel Aware": false,
              "Startup Cost": 340295.54,
              "Total Cost": 340295.55,
              "Plan Rows": 1,
              "Plan Width": 8,
              "Actual Startup Time": 874.727,
              "Actual Total Time": 874.728,
              "Actual Rows": 1,
              "Actual Loops": 7,
              "Plans": [
                {
                  "Node Type": "Seq Scan",
                  "Parent Relationship": "Outer",
                  "Parallel Aware": true,
                  "Relation Name": "cast_info",
                  "Alias": "ci",
                  "Startup Cost": 0.0,
                  "Total Cost": 328211.39,
                  "Plan Rows": 4833659,
                  "Plan Width": 0,
                  "Actual Startup Time": 0.051,
                  "Actual Total Time": 669.905,
                  "Actual Rows": 4155024,
                  "Actual Loops": 7,
                  "Filter": "(person_id < 2951650)",
                  "Rows Removed by Filter": 1022739
                }
              ]
            }
          ]
        }
      ]
    },
    "Planning Time": 0.099,
    "Triggers": [],
    "Execution Time": 936.442
  }
]