[
  {
    "Plan": {
      "Node Type": "Aggregate",
      "Strategy": "Plain",
      "Partial Mode": "Finalize",
      "Parallel Aware": false,
      "Startup Cost": 341225.4,
      "Total Cost": 341225.41,
      "Plan Rows": 1,
      "Plan Width": 8,
      "Actual Startup Time": 798.744,
      "Actual Total Time": 855.203,
      "Actual Rows": 1,
      "Actual Loops": 1,
      "Plans": [
        {
          "Node Type": "Gather",
          "Parent Relationship": "Outer",
          "Parallel Aware": false,
          "Startup Cost": 341224.78,
          "Total Cost": 341225.39,
          "Plan Rows": 6,
          "Plan Width": 8,
          "Actual Startup Time": 798.602,
          "Actual Total Time": 855.192,
          "Actual Rows": 7,
          "Actual Loops": 1,
          "Workers Planned": 6,
          "Workers Launched": 6,
          "Single Copy": false,
          "Plans": [
            {
              "Node Type": "Aggregate",
              "Strategy": "Plain",
              "Partial Mode": "Partial",
              "Parent Relationship": "Outer",
              "Parallel Aware": false,
              "Startup Cost": 340224.78,
              "Total Cost": 340224.79,
              "Plan Rows": 1,
              "Plan Width": 8,
              "Actual Startup Time": 788.27,
              "Actual Total Time": 788.271,
              "Actual Rows": 1,
              "Actual Loops": 7,
              "Plans": [
                {
                  "Node Type": "Seq Scan",
                  "Parent Relationship": "Outer",
                  "Parallel Aware": true,
                  "Relation Name": "cast_info",
                  "Alias": "ci",
                  "Startup Cost": 0.0,
                  "Total Cost": 328162.03,
                  "Plan Rows": 4825100,
                  "Plan Width": 0,
                  "Actual Startup Time": 0.053,
                  "Actual Total Time": 613.647,
                  "Actual Rows": 4155024,
                  "Actual Loops": 7,
                  "Filter": "(person_id < 2951650)",
                  "Rows Removed by Filter": 1022739
                }
              ]
            }
          ]
        }
      ]
    },
    "Planning Time": 0.197,
    "Triggers": [],
    "Execution Time": 855.28
  }
]