[
    {
        "Bao": {
            "Bao prediction": "NaN",
            "Bao recommended hint": "(no hint)"
        }
    },
    {
        "Plan": {
            "Node Type": "Aggregate",
            "Strategy": "Plain",
            "Partial Mode": "Finalize",
            "Parallel Aware": false,
            "Startup Cost": 33386.8,
            "Total Cost": 33386.81,
            "Plan Rows": 1,
            "Plan Width": 8,
            "Actual Startup Time": 96.841,
            "Actual Total Time": 102.883,
            "Actual Rows": 1,
            "Actual Loops": 1,
            "Output": [
                "count(*)"
            ],
            "Plans": [
                {
                    "Node Type": "Gather",
                    "Parent Relationship": "Outer",
                    "Parallel Aware": false,
                    "Startup Cost": 33386.49,
                    "Total Cost": 33386.8,
                    "Plan Rows": 3,
                    "Plan Width": 8,
                    "Actual Startup Time": 96.735,
                    "Actual Total Time": 102.875,
                    "Actual Rows": 4,
                    "Actual Loops": 1,
                    "Output": [
                        "(PARTIAL count(*))"
                    ],
                    "Workers Planned": 3,
                    "Workers Launched": 3,
                    "Single Copy": false,
                    "Plans": [
                        {
                            "Node Type": "Aggregate",
                            "Strategy": "Plain",
                            "Partial Mode": "Partial",
                            "Parent Relationship": "Outer",
                            "Parallel Aware": false,
                            "Startup Cost": 32386.49,
                            "Total Cost": 32386.5,
                            "Plan Rows": 1,
                            "Plan Width": 8,
                            "Actual Startup Time": 88.48,
                            "Actual Total Time": 88.481,
                            "Actual Rows": 1,
                            "Actual Loops": 4,
                            "Output": [
                                "PARTIAL count(*)"
                            ],
                            "Workers": [
                                {
                                    "Worker Number": 0,
                                    "Actual Startup Time": 85.382,
                                    "Actual Total Time": 85.383,
                                    "Actual Rows": 1,
                                    "Actual Loops": 1
                                },
                                {
                                    "Worker Number": 1,
                                    "Actual Startup Time": 86.022,
                                    "Actual Total Time": 86.023,
                                    "Actual Rows": 1,
                                    "Actual Loops": 1
                                },
                                {
                                    "Worker Number": 2,
                                    "Actual Startup Time": 86.208,
                                    "Actual Total Time": 86.209,
                                    "Actual Rows": 1,
                                    "Actual Loops": 1
                                }
                            ],
                            "Plans": [
                                {
                                    "Node Type": "Seq Scan",
                                    "Parent Relationship": "Outer",
                                    "Parallel Aware": true,
                                    "Relation Name": "movie_companies",
                                    "Schema": "public",
                                    "Alias": "mc",
                                    "Startup Cost": 0.0,
                                    "Total Cost": 31414.82,
                                    "Plan Rows": 388667,
                                    "Plan Width": 0,
                                    "Actual Startup Time": 41.787,
                                    "Actual Total Time": 77.175,
                                    "Actual Rows": 271493,
                                    "Actual Loops": 4,
                                    "Output": [
                                        "id",
                                        "movie_id",
                                        "company_id",
                                        "company_type_id",
                                        "note"
                                    ],
                                    "Filter": "((mc.company_id < 101385) AND (mc.company_type_id > 1))",
                                    "Rows Removed by Filter": 380790,
                                    "Workers": [
                                        {
                                            "Worker Number": 0,
                                            "Actual Startup Time": 38.687,
                                            "Actual Total Time": 74.416,
                                            "Actual Rows": 234555,
                                            "Actual Loops": 1
                                        },
                                        {
                                            "Worker Number": 1,
                                            "Actual Startup Time": 39.327,
                                            "Actual Total Time": 75.084,
                                            "Actual Rows": 268948,
                                            "Actual Loops": 1
                                        },
                                        {
                                            "Worker Number": 2,
                                            "Actual Startup Time": 39.512,
                                            "Actual Total Time": 75.303,
                                            "Actual Rows": 268578,
                                            "Actual Loops": 1
                                        }
                                    ]
                                }
                            ]
                        }
                    ]
                }
            ]
        },
        "Planning Time": 214.832,
        "Triggers": [],
        "Execution Time": 102.961
    }
]