[
  {
    "Plan": {
      "Node Type": "Aggregate",
      "Strategy": "Plain",
      "Partial Mode": "Finalize",
      "Parallel Aware": false,
      "Startup Cost": 336916.34,
      "Total Cost": 336916.35,
      "Plan Rows": 1,
      "Plan Width": 8,
      "Actual Startup Time": 391.07,
      "Actual Total Time": 411.886,
      "Actual Rows": 1,
      "Actual Loops": 1,
      "Plans": [
        {
          "Node Type": "Gather",
          "Parent Relationship": "Outer",
          "Parallel Aware": false,
          "Startup Cost": 336915.71,
          "Total Cost": 336916.32,
          "Plan Rows": 6,
          "Plan Width": 8,
          "Actual Startup Time": 390.965,
          "Actual Total Time": 411.876,
          "Actual Rows": 7,
          "Actual Loops": 1,
          "Workers Planned": 6,
          "Workers Launched": 6,
          "Single Copy": false,
          "Plans": [
            {
              "Node Type": "Aggregate",
              "Strategy": "Plain",
              "Partial Mode": "Partial",
              "Parent Relationship": "Outer",
              "Parallel Aware": false,
              "Startup Cost": 335915.71,
              "Total Cost": 335915.72,
              "Plan Rows": 1,
              "Plan Width": 8,
              "Actual Startup Time": 382.195,
              "Actual Total Time": 382.196,
              "Actual Rows": 1,
              "Actual Loops": 7,
              "Plans": [
                {
                  "Node Type": "Index Scan",
                  "Parent Relationship": "Outer",
                  "Parallel Aware": true,
                  "Scan Direction": "Forward",
                  "Index Name": "role_id_cast_info",
                  "Relation Name": "cast_info",
                  "Alias": "ci",
                  "Startup Cost": 0.56,
                  "Total Cost": 335235.55,
                  "Plan Rows": 272066,
                  "Plan Width": 0,
                  "Actual Startup Time": 0.148,
                  "Actual Total Time": 356.897,
                  "Actual Rows": 504411,
                  "Actual Loops": 7,
                  "Index Cond": "(role_id = 1)",
                  "Rows Removed by Index Recheck": 0,
                  "Filter": "(person_id < 474203)",
                  "Rows Removed by Filter": 1305688
                }
              ]
            }
          ]
        }
      ]
    },
    "Planning Time": 0.236,
    "Triggers": [],
    "Execution Time": 411.957
  }
]