{
    "Plan": {
        "Node Type": "Aggregate",
        "Strategy": "Plain",
        "Partial Mode": "Finalize",
        "Parallel Aware": false,
        "Startup Cost": 379361.11,
        "Total Cost": 379361.12,
        "Plan Rows": 1,
        "Plan Width": 8,
        "Actual Startup Time": 1086.554,
        "Actual Total Time": 1140.188,
        "Actual Rows": 1,
        "Actual Loops": 1,
        "Output": [
            "count(*)"
        ],
        "Plans": [
            {
                "Node Type": "Gather",
                "Parent Relationship": "Outer",
                "Parallel Aware": false,
                "Startup Cost": 379360.48,
                "Total Cost": 379361.09,
                "Plan Rows": 6,
                "Plan Width": 8,
                "Actual Startup Time": 1083.791,
                "Actual Total Time": 1140.175,
                "Actual Rows": 7,
                "Actual Loops": 1,
                "Output": [
                    "(PARTIAL count(*))"
                ],
                "Workers Planned": 6,
                "Workers Launched": 6,
                "Single Copy": false,
                "Plans": [
                    {
                        "Node Type": "Aggregate",
                        "Strategy": "Plain",
                        "Partial Mode": "Partial",
                        "Parent Relationship": "Outer",
                        "Parallel Aware": false,
                        "Startup Cost": 378360.48,
                        "Total Cost": 378360.49,
                        "Plan Rows": 1,
                        "Plan Width": 8,
                        "Actual Startup Time": 1074.459,
                        "Actual Total Time": 1074.464,
                        "Actual Rows": 1,
                        "Actual Loops": 7,
                        "Output": [
                            "PARTIAL count(*)"
                        ],
                        "Workers": [
                            {
                                "Worker Number": 0,
                                "Actual Startup Time": 1069.631,
                                "Actual Total Time": 1069.636,
                                "Actual Rows": 1,
                                "Actual Loops": 1
                            },
                            {
                                "Worker Number": 1,
                                "Actual Startup Time": 1071.14,
                                "Actual Total Time": 1071.142,
                                "Actual Rows": 1,
                                "Actual Loops": 1
                            },
                            {
                                "Worker Number": 2,
                                "Actual Startup Time": 1074.922,
                                "Actual Total Time": 1074.926,
                                "Actual Rows": 1,
                                "Actual Loops": 1
                            },
                            {
                                "Worker Number": 3,
                                "Actual Startup Time": 1075.003,
                                "Actual Total Time": 1075.007,
                                "Actual Rows": 1,
                                "Actual Loops": 1
                            },
                            {
                                "Worker Number": 4,
                                "Actual Startup Time": 1072.399,
                                "Actual Total Time": 1072.402,
                                "Actual Rows": 1,
                                "Actual Loops": 1
                            },
                            {
                                "Worker Number": 5,
                                "Actual Startup Time": 1074.94,
                                "Actual Total Time": 1074.952,
                                "Actual Rows": 1,
                                "Actual Loops": 1
                            }
                        ],
                        "Plans": [
                            {
                                "Node Type": "Hash Join",
                                "Parent Relationship": "Outer",
                                "Parallel Aware": true,
                                "Join Type": "Inner",
                                "Startup Cost": 46839.0,
                                "Total Cost": 377894.65,
                                "Plan Rows": 186333,
                                "Plan Width": 0,
                                "Actual Startup Time": 520.252,
                                "Actual Total Time": 1064.217,
                                "Actual Rows": 163210,
                                "Actual Loops": 7,
                                "Inner Unique": true,
                                "Hash Cond": "(ci.movie_id = t.id)",
                                "Workers": [
                                    {
                                        "Worker Number": 0,
                                        "Actual Startup Time": 515.433,
                                        "Actual Total Time": 1060.181,
                                        "Actual Rows": 131242,
                                        "Actual Loops": 1
                                    },
                                    {
                                        "Worker Number": 1,
                                        "Actual Startup Time": 516.872,
                                        "Actual Total Time": 1060.212,
                                        "Actual Rows": 156761,
                                        "Actual Loops": 1
                                    },
                                    {
                                        "Worker Number": 2,
                                        "Actual Startup Time": 521.02,
                                        "Actual Total Time": 1065.289,
                                        "Actual Rows": 198372,
                                        "Actual Loops": 1
                                    },
                                    {
                                        "Worker Number": 3,
                                        "Actual Startup Time": 520.735,
                                        "Actual Total Time": 1065.487,
                                        "Actual Rows": 194152,
                                        "Actual Loops": 1
                                    },
                                    {
                                        "Worker Number": 4,
                                        "Actual Startup Time": 518.372,
                                        "Actual Total Time": 1061.593,
                                        "Actual Rows": 153169,
                                        "Actual Loops": 1
                                    },
                                    {
                                        "Worker Number": 5,
                                        "Actual Startup Time": 520.785,
                                        "Actual Total Time": 1064.116,
                                        "Actual Rows": 155481,
                                        "Actual Loops": 1
                                    }
                                ],
                                "Plans": [
                                    {
                                        "Node Type": "Seq Scan",
                                        "Parent Relationship": "Outer",
                                        "Parallel Aware": true,
                                        "Relation Name": "cast_info",
                                        "Schema": "public",
                                        "Alias": "ci",
                                        "Startup Cost": 0.0,
                                        "Total Cost": 328213.62,
                                        "Plan Rows": 1082682,
                                        "Plan Width": 4,
                                        "Actual Startup Time": 407.96,
                                        "Actual Total Time": 666.561,
                                        "Actual Rows": 922523,
                                        "Actual Loops": 7,
                                        "Output": [
                                            "ci.id",
                                            "ci.person_id",
                                            "ci.movie_id",
                                            "ci.person_role_id",
                                            "ci.note",
                                            "ci.nr_order",
                                            "ci.role_id"
                                        ],
                                        "Filter": "(ci.person_id > 3010321)",
                                        "Rows Removed by Filter": 4255241,
                                        "Workers": [
                                            {
                                                "Worker Number": 0,
                                                "Actual Startup Time": 407.977,
                                                "Actual Total Time": 648.518,
                                                "Actual Rows": 741786,
                                                "Actual Loops": 1
                                            },
                                            {
                                                "Worker Number": 1,
                                                "Actual Startup Time": 407.926,
                                                "Actual Total Time": 677.491,
                                                "Actual Rows": 876274,
                                                "Actual Loops": 1
                                            },
                                            {
                                                "Worker Number": 2,
                                                "Actual Startup Time": 407.968,
                                                "Actual Total Time": 676.8,
                                                "Actual Rows": 1122148,
                                                "Actual Loops": 1
                                            },
                                            {
                                                "Worker Number": 3,
                                                "Actual Startup Time": 407.974,
                                                "Actual Total Time": 675.019,
                                                "Actual Rows": 1114698,
                                                "Actual Loops": 1
                                            },
                                            {
                                                "Worker Number": 4,
                                                "Actual Startup Time": 407.945,
                                                "Actual Total Time": 678.186,
                                                "Actual Rows": 867056,
                                                "Actual Loops": 1
                                            },
                                            {
                                                "Worker Number": 5,
                                                "Actual Startup Time": 407.962,
                                                "Actual Total Time": 681.638,
                                                "Actual Rows": 874224,
                                                "Actual Loops": 1
                                            }
                                        ]
                                    },
                                    {
                                        "Node Type": "Hash",
                                        "Parent Relationship": "Inner",
                                        "Parallel Aware": true,
                                        "Startup Cost": 45479.21,
                                        "Total Cost": 45479.21,
                                        "Plan Rows": 108783,
                                        "Plan Width": 4,
                                        "Actual Startup Time": 110.026,
                                        "Actual Total Time": 110.027,
                                        "Actual Rows": 52607,
                                        "Actual Loops": 7,
                                        "Output": [
                                            "t.id"
                                        ],
                                        "Hash Buckets": 524288,
                                        "Original Hash Buckets": 524288,
                                        "Hash Batches": 1,
                                        "Original Hash Batches": 1,
                                        "Peak Memory Usage": 18624,
                                        "Workers": [
                                            {
                                                "Worker Number": 0,
                                                "Actual Startup Time": 106.725,
                                                "Actual Total Time": 106.727,
                                                "Actual Rows": 43448,
                                                "Actual Loops": 1
                                            },
                                            {
                                                "Worker Number": 1,
                                                "Actual Startup Time": 108.259,
                                                "Actual Total Time": 108.261,
                                                "Actual Rows": 47950,
                                                "Actual Loops": 1
                                            },
                                            {
                                                "Worker Number": 2,
                                                "Actual Startup Time": 112.306,
                                                "Actual Total Time": 112.307,
                                                "Actual Rows": 61791,
                                                "Actual Loops": 1
                                            },
                                            {
                                                "Worker Number": 3,
                                                "Actual Startup Time": 112.315,
                                                "Actual Total Time": 112.316,
                                                "Actual Rows": 61334,
                                                "Actual Loops": 1
                                            },
                                            {
                                                "Worker Number": 4,
                                                "Actual Startup Time": 109.4,
                                                "Actual Total Time": 109.401,
                                                "Actual Rows": 46644,
                                                "Actual Loops": 1
                                            },
                                            {
                                                "Worker Number": 5,
                                                "Actual Startup Time": 112.298,
                                                "Actual Total Time": 112.299,
                                                "Actual Rows": 48033,
                                                "Actual Loops": 1
                                            }
                                        ],
                                        "Plans": [
                                            {
                                                "Node Type": "Seq Scan",
                                                "Parent Relationship": "Outer",
                                                "Parallel Aware": true,
                                                "Relation Name": "title",
                                                "Schema": "public",
                                                "Alias": "t",
                                                "Startup Cost": 0.0,
                                                "Total Cost": 45479.21,
                                                "Plan Rows": 108783,
                                                "Plan Width": 4,
                                                "Actual Startup Time": 0.067,
                                                "Actual Total Time": 81.812,
                                                "Actual Rows": 52607,
                                                "Actual Loops": 7,
                                                "Output": [
                                                    "t.id"
                                                ],
                                                "Filter": "((t.kind_id < 7) AND (t.production_year > 2004))",
                                                "Rows Removed by Filter": 308581,
                                                "Workers": [
                                                    {
                                                        "Worker Number": 0,
                                                        "Actual Startup Time": 0.087,
                                                        "Actual Total Time": 80.646,
                                                        "Actual Rows": 43448,
                                                        "Actual Loops": 1
                                                    },
                                                    {
                                                        "Worker Number": 1,
                                                        "Actual Startup Time": 0.074,
                                                        "Actual Total Time": 82.648,
                                                        "Actual Rows": 47950,
                                                        "Actual Loops": 1
                                                    },
                                                    {
                                                        "Worker Number": 2,
                                                        "Actual Startup Time": 0.055,
                                                        "Actual Total Time": 82.538,
                                                        "Actual Rows": 61791,
                                                        "Actual Loops": 1
                                                    },
                                                    {
                                                        "Worker Number": 3,
                                                        "Actual Startup Time": 0.058,
                                                        "Actual Total Time": 82.137,
                                                        "Actual Rows": 61334,
                                                        "Actual Loops": 1
                                                    },
                                                    {
                                                        "Worker Number": 4,
                                                        "Actual Startup Time": 0.105,
                                                        "Actual Total Time": 81.784,
                                                        "Actual Rows": 46644,
                                                        "Actual Loops": 1
                                                    },
                                                    {
                                                        "Worker Number": 5,
                                                        "Actual Startup Time": 0.047,
                                                        "Actual Total Time": 83.498,
                                                        "Actual Rows": 48033,
                                                        "Actual Loops": 1
                                                    }
                                                ]
                                            }
                                        ]
                                    }
                                ]
                            }
                        ]
                    }
                ]
            }
        ]
    },
    "Planning Time": 0.511,
    "Triggers": [],
    "Execution Time": 1140.263
}