[
  {
    "Plan": {
      "Node Type": "Aggregate",
      "Strategy": "Plain",
      "Partial Mode": "Finalize",
      "Parallel Aware": false,
      "Startup Cost": 87702.16,
      "Total Cost": 87702.17,
      "Plan Rows": 1,
      "Plan Width": 8,
      "Actual Startup Time": 499.975,
      "Actual Total Time": 516.456,
      "Actual Rows": 1,
      "Actual Loops": 1,
      "Plans": [
        {
          "Node Type": "Gather",
          "Parent Relationship": "Outer",
          "Parallel Aware": false,
          "Startup Cost": 87701.84,
          "Total Cost": 87702.15,
          "Plan Rows": 3,
          "Plan Width": 8,
          "Actual Startup Time": 493.996,
          "Actual Total Time": 516.447,
          "Actual Rows": 4,
          "Actual Loops": 1,
          "Workers Planned": 3,
          "Workers Launched": 3,
          "Single Copy": false,
          "Plans": [
            {
              "Node Type": "Aggregate",
              "Strategy": "Plain",
              "Partial Mode": "Partial",
              "Parent Relationship": "Outer",
              "Parallel Aware": false,
              "Startup Cost": 86701.84,
              "Total Cost": 86701.85,
              "Plan Rows": 1,
              "Plan Width": 8,
              "Actual Startup Time": 475.198,
              "Actual Total Time": 475.202,
              "Actual Rows": 1,
              "Actual Loops": 4,
              "Plans": [
                {
                  "Node Type": "Hash Join",
                  "Parent Relationship": "Outer",
                  "Parallel Aware": true,
                  "Join Type": "Inner",
                  "Startup Cost": 59705.86,
                  "Total Cost": 86341.28,
                  "Plan Rows": 144226,
                  "Plan Width": 0,
                  "Actual Startup Time": 382.581,
                  "Actual Total Time": 469.974,
                  "Actual Rows": 111139,
                  "Actual Loops": 4,
                  "Inner Unique": true,
                  "Hash Cond": "(mk.movie_id = t.id)",
                  "Plans": [
                    {
                      "Node Type": "Bitmap Heap Scan",
                      "Parent Relationship": "Outer",
                      "Parallel Aware": true,
                      "Relation Name": "movie_keyword",
                      "Alias": "mk",
                      "Startup Cost": 9485.47,
                      "Total Cost": 35742.3,
                      "Plan Rows": 144226,
                      "Plan Width": 4,
                      "Actual Startup Time": 27.137,
                      "Actual Total Time": 77.211,
                      "Actual Rows": 111139,
                      "Actual Loops": 4,
                      "Recheck Cond": "(keyword_id > 39825)",
                      "Rows Removed by Index Recheck": 0,
                      "Exact Heap Blocks": 7224,
                      "Lossy Heap Blocks": 0,
                      "Plans": [
                        {
                          "Node Type": "Bitmap Index Scan",
                          "Parent Relationship": "Outer",
                          "Parallel Aware": false,
                          "Index Name": "keyword_id_movie_keyword",
                          "Startup Cost": 0.0,
                          "Total Cost": 9373.7,
                          "Plan Rows": 447102,
                          "Plan Width": 0,
                          "Actual Startup Time": 23.786,
                          "Actual Total Time": 23.787,
                          "Actual Rows": 444557,
                          "Actual Loops": 1,
                          "Index Cond": "(keyword_id > 39825)"
                        }
                      ]
                    },
                    {
                      "Node Type": "Hash",
                      "Parent Relationship": "Inner",
                      "Parallel Aware": true,
                      "Startup Cost": 42319.06,
                      "Total Cost": 42319.06,
                      "Plan Rows": 632106,
                      "Plan Width": 4,
                      "Actual Startup Time": 344.809,
                      "Actual Total Time": 344.81,
                      "Actual Rows": 632078,
                      "Actual Loops": 4,
                      "Hash Buckets": 4194304,
                      "Original Hash Buckets": 4194304,
                      "Hash Batches": 1,
                      "Original Hash Batches": 1,
                      "Peak Memory Usage": 131712,
                      "Plans": [
                        {
                          "Node Type": "Seq Scan",
                          "Parent Relationship": "Outer",
                          "Parallel Aware": true,
                          "Relation Name": "title",
                          "Alias": "t",
                          "Startup Cost": 0.0,
                          "Total Cost": 42319.06,
                          "Plan Rows": 632106,
                          "Plan Width": 4,
                          "Actual Startup Time": 0.035,
                          "Actual Total Time": 99.117,
                          "Actual Rows": 632078,
                          "Actual Loops": 4
                        }
                      ]
                    }
                  ]
                }
              ]
            }
          ]
        }
      ]
    },
    "Planning Time": 0.386,
    "Triggers": [],
    "Execution Time": 516.522
  }
]