[
  {
    "Plan": {
      "Node Type": "Aggregate",
      "Strategy": "Plain",
      "Partial Mode": "Finalize",
      "Parallel Aware": false,
      "Startup Cost": 87875.37,
      "Total Cost": 87875.38,
      "Plan Rows": 1,
      "Plan Width": 8,
      "Actual Startup Time": 507.099,
      "Actual Total Time": 525.93,
      "Actual Rows": 1,
      "Actual Loops": 1,
      "Plans": [
        {
          "Node Type": "Gather",
          "Parent Relationship": "Outer",
          "Parallel Aware": false,
          "Startup Cost": 87875.06,
          "Total Cost": 87875.37,
          "Plan Rows": 3,
          "Plan Width": 8,
          "Actual Startup Time": 498.001,
          "Actual Total Time": 525.921,
          "Actual Rows": 4,
          "Actual Loops": 1,
          "Workers Planned": 3,
          "Workers Launched": 3,
          "Single Copy": false,
          "Plans": [
            {
              "Node Type": "Aggregate",
              "Strategy": "Plain",
              "Partial Mode": "Partial",
              "Parent Relationship": "Outer",
              "Parallel Aware": false,
              "Startup Cost": 86875.06,
              "Total Cost": 86875.07,
              "Plan Rows": 1,
              "Plan Width": 8,
              "Actual Startup Time": 475.706,
              "Actual Total Time": 475.71,
              "Actual Rows": 1,
              "Actual Loops": 4,
              "Plans": [
                {
                  "Node Type": "Hash Join",
                  "Parent Relationship": "Outer",
                  "Parallel Aware": true,
                  "Join Type": "Inner",
                  "Startup Cost": 59842.69,
                  "Total Cost": 86509.33,
                  "Plan Rows": 146290,
                  "Plan Width": 0,
                  "Actual Startup Time": 385.231,
                  "Actual Total Time": 470.672,
                  "Actual Rows": 111139,
                  "Actual Loops": 4,
                  "Inner Unique": true,
                  "Hash Cond": "(mk.movie_id = t.id)",
                  "Plans": [
                    {
                      "Node Type": "Bitmap Heap Scan",
                      "Parent Relationship": "Outer",
                      "Parallel Aware": true,
                      "Relation Name": "movie_keyword",
                      "Alias": "mk",
                      "Startup Cost": 9623.05,
                      "Total Cost": 35905.67,
                      "Plan Rows": 146290,
                      "Plan Width": 4,
                      "Actual Startup Time": 26.655,
                      "Actual Total Time": 76.403,
                      "Actual Rows": 111139,
                      "Actual Loops": 4,
                      "Recheck Cond": "(keyword_id > 39825)",
                      "Rows Removed by Index Recheck": 0,
                      "Exact Heap Blocks": 7317,
                      "Lossy Heap Blocks": 0,
                      "Plans": [
                        {
                          "Node Type": "Bitmap Index Scan",
                          "Parent Relationship": "Outer",
                          "Parallel Aware": false,
                          "Index Name": "keyword_id_movie_keyword",
                          "Startup Cost": 0.0,
                          "Total Cost": 9509.68,
                          "Plan Rows": 453499,
                          "Plan Width": 0,
                          "Actual Startup Time": 23.245,
                          "Actual Total Time": 23.245,
                          "Actual Rows": 444557,
                          "Actual Loops": 1,
                          "Index Cond": "(keyword_id > 39825)"
                        }
                      ]
                    },
                    {
                      "Node Type": "Hash",
                      "Parent Relationship": "Inner",
                      "Parallel Aware": true,
                      "Startup Cost": 42318.73,
                      "Total Cost": 42318.73,
                      "Plan Rows": 632073,
                      "Plan Width": 4,
                      "Actual Startup Time": 345.742,
                      "Actual Total Time": 345.743,
                      "Actual Rows": 632078,
                      "Actual Loops": 4,
                      "Hash Buckets": 4194304,
                      "Original Hash Buckets": 4194304,
                      "Hash Batches": 1,
                      "Original Hash Batches": 1,
                      "Peak Memory Usage": 131744,
                      "Plans": [
                        {
                          "Node Type": "Seq Scan",
                          "Parent Relationship": "Outer",
                          "Parallel Aware": true,
                          "Relation Name": "title",
                          "Alias": "t",
                          "Startup Cost": 0.0,
                          "Total Cost": 42318.73,
                          "Plan Rows": 632073,
                          "Plan Width": 4,
                          "Actual Startup Time": 0.05,
                          "Actual Total Time": 99.553,
                          "Actual Rows": 632078,
                          "Actual Loops": 4
                        }
                      ]
                    }
                  ]
                }
              ]
            }
          ]
        }
      ]
    },
    "Planning Time": 0.664,
    "Triggers": [],
    "Execution Time": 526.063
  }
]