[
  {
    "Plan": {
      "Node Type": "Aggregate",
      "Strategy": "Plain",
      "Partial Mode": "Finalize",
      "Parallel Aware": false,
      "Startup Cost": 334299.21,
      "Total Cost": 334299.22,
      "Plan Rows": 1,
      "Plan Width": 8,
      "Actual Startup Time": 660.027,
      "Actual Total Time": 719.429,
      "Actual Rows": 1,
      "Actual Loops": 1,
      "Plans": [
        {
          "Node Type": "Gather",
          "Parent Relationship": "Outer",
          "Parallel Aware": false,
          "Startup Cost": 334298.58,
          "Total Cost": 334299.19,
          "Plan Rows": 6,
          "Plan Width": 8,
          "Actual Startup Time": 659.903,
          "Actual Total Time": 719.419,
          "Actual Rows": 7,
          "Actual Loops": 1,
          "Workers Planned": 6,
          "Workers Launched": 6,
          "Single Copy": false,
          "Plans": [
            {
              "Node Type": "Aggregate",
              "Strategy": "Plain",
              "Partial Mode": "Partial",
              "Parent Relationship": "Outer",
              "Parallel Aware": false,
              "Startup Cost": 333298.58,
              "Total Cost": 333298.59,
              "Plan Rows": 1,
              "Plan Width": 8,
              "Actual Startup Time": 650.217,
              "Actual Total Time": 650.218,
              "Actual Rows": 1,
              "Actual Loops": 7,
              "Plans": [
                {
                  "Node Type": "Seq Scan",
                  "Parent Relationship": "Outer",
                  "Parallel Aware": true,
                  "Relation Name": "cast_info",
                  "Alias": "ci",
                  "Startup Cost": 0.0,
                  "Total Cost": 328162.03,
                  "Plan Rows": 2054623,
                  "Plan Width": 0,
                  "Actual Startup Time": 0.057,
                  "Actual Total Time": 569.031,
                  "Actual Rows": 1757272,
                  "Actual Loops": 7,
                  "Filter": "(person_id < 1212285)",
                  "Rows Removed by Filter": 3420491
                }
              ]
            }
          ]
        }
      ]
    },
    "Planning Time": 0.153,
    "Triggers": [],
    "Execution Time": 719.492
  }
]