{
  "Plan": {
    "Node Type": "Aggregate",
    "Strategy": "Plain",
    "Partial Mode": "Finalize",
    "Parallel Aware": false,
    "Startup Cost": 620769.57,
    "Total Cost": 620769.58,
    "Plan Rows": 1,
    "Plan Width": 8,
    "Actual Startup Time": 3189.486,
    "Actual Total Time": 3220.947,
    "Actual Rows": 1,
    "Actual Loops": 1,
    "Plans": [
      {
        "Node Type": "Gather",
        "Parent Relationship": "Outer",
        "Parallel Aware": false,
        "Startup Cost": 620769.46,
        "Total Cost": 620769.57,
        "Plan Rows": 1,
        "Plan Width": 8,
        "Actual Startup Time": 3184.474,
        "Actual Total Time": 3220.936,
        "Actual Rows": 2,
        "Actual Loops": 1,
        "Workers Planned": 1,
        "Workers Launched": 1,
        "Single Copy": false,
        "Plans": [
          {
            "Node Type": "Aggregate",
            "Strategy": "Plain",
            "Partial Mode": "Partial",
            "Parent Relationship": "Outer",
            "Parallel Aware": false,
            "Startup Cost": 619769.46,
            "Total Cost": 619769.47,
            "Plan Rows": 1,
            "Plan Width": 8,
            "Actual Startup Time": 3176.309,
            "Actual Total Time": 3176.898,
            "Actual Rows": 1,
            "Actual Loops": 2,
            "Plans": [
              {
                "Node Type": "Hash Join",
                "Parent Relationship": "Outer",
                "Parallel Aware": true,
                "Join Type": "Inner",
                "Startup Cost": 279767.99,
                "Total Cost": 616208.75,
                "Plan Rows": 1424283,
                "Plan Width": 0,
                "Actual Startup Time": 1394.427,
                "Actual Total Time": 3055.551,
                "Actual Rows": 2915788,
                "Actual Loops": 2,
                "Inner Unique": false,
                "Hash Cond": "(ci.movie_id = t.id)",
                "Plans": [
                  {
                    "Node Type": "Bitmap Heap Scan",
                    "Parent Relationship": "Outer",
                    "Parallel Aware": true,
                    "Relation Name": "cast_info",
                    "Alias": "ci",
                    "Startup Cost": 161474.26,
                    "Total Cost": 478922.05,
                    "Plan Rows": 2830622,
                    "Plan Width": 4,
                    "Actual Startup Time": 348.506,
                    "Actual Total Time": 912.991,
                    "Actual Rows": 3614759,
                    "Actual Loops": 2,
                    "Recheck Cond": "(person_id > 2945449)",
                    "Rows Removed by Index Recheck": 0,
                    "Filter": "(role_id > 1)",
                    "Rows Removed by Filter": 0,
                    "Exact Heap Blocks": 44466,
                    "Lossy Heap Blocks": 0,
                    "Plans": [
                      {
                        "Node Type": "Bitmap Index Scan",
                        "Parent Relationship": "Outer",
                        "Parallel Aware": false,
                        "Index Name": "person_id_cast_info",
                        "Startup Cost": 0.0,
                        "Total Cost": 160271.24,
                        "Plan Rows": 7339557,
                        "Plan Width": 0,
                        "Actual Startup Time": 332.777,
                        "Actual Total Time": 332.777,
                        "Actual Rows": 7229518,
                        "Actual Loops": 1,
                        "Index Cond": "(person_id > 2945449)"
                      }
                    ]
                  },
                  {
                    "Node Type": "Hash",
                    "Parent Relationship": "Inner",
                    "Parallel Aware": true,
                    "Startup Cost": 108939.62,
                    "Total Cost": 108939.62,
                    "Plan Rows": 748329,
                    "Plan Width": 8,
                    "Actual Startup Time": 1032.066,
                    "Actual Total Time": 1032.652,
                    "Actual Rows": 467032,
                    "Actual Loops": 2,
                    "Hash Buckets": 2097152,
                    "Original Hash Buckets": 2097152,
                    "Hash Batches": 1,
                    "Original Hash Batches": 1,
                    "Peak Memory Usage": 52960,
                    "Plans": [
                      {
                        "Node Type": "Hash Join",
                        "Parent Relationship": "Outer",
                        "Parallel Aware": true,
                        "Join Type": "Inner",
                        "Startup Cost": 68301.9,
                        "Total Cost": 108939.62,
                        "Plan Rows": 748329,
                        "Plan Width": 8,
                        "Actual Startup Time": 472.197,
                        "Actual Total Time": 890.218,
                        "Actual Rows": 467032,
                        "Actual Loops": 2,
                        "Inner Unique": true,
                        "Hash Cond": "(mc.movie_id = t.id)",
                        "Plans": [
                          {
                            "Node Type": "Seq Scan",
                            "Parent Relationship": "Outer",
                            "Parallel Aware": true,
                            "Relation Name": "movie_companies",
                            "Alias": "mc",
                            "Startup Cost": 0.0,
                            "Total Cost": 37974.77,
                            "Plan Rows": 1014455,
                            "Plan Width": 4,
                            "Actual Startup Time": 0.015,
                            "Actual Total Time": 130.665,
                            "Actual Rows": 854914,
                            "Actual Loops": 2,
                            "Filter": "(company_id < 21479)",
                            "Rows Removed by Filter": 449651
                          },
                          {
                            "Node Type": "Hash",
                            "Parent Relationship": "Inner",
                            "Parallel Aware": true,
                            "Startup Cost": 54588.39,
                            "Total Cost": 54588.39,
                            "Plan Rows": 1097081,
                            "Plan Width": 4,
                            "Actual Startup Time": 464.719,
                            "Actual Total Time": 464.72,
                            "Actual Rows": 932744,
                            "Actual Loops": 2,
                            "Hash Buckets": 2097152,
                            "Original Hash Buckets": 2097152,
                            "Hash Batches": 1,
                            "Original Hash Batches": 1,
                            "Peak Memory Usage": 89408,
                            "Plans": [
                              {
                                "Node Type": "Seq Scan",
                                "Parent Relationship": "Outer",
                                "Parallel Aware": true,
                                "Relation Name": "title",
                                "Alias": "t",
                                "Startup Cost": 0.0,
                                "Total Cost": 54588.39,
                                "Plan Rows": 1097081,
                                "Plan Width": 4,
                                "Actual Startup Time": 0.028,
                                "Actual Total Time": 183.092,
                                "Actual Rows": 932744,
                                "Actual Loops": 2,
                                "Filter": "(kind_id > 1)",
                                "Rows Removed by Filter": 331412
                              }
                            ]
                          }
                        ]
                      }
                    ]
                  }
                ]
              }
            ]
          }
        ]
      }
    ]
  },
  "Planning Time": 1.093,
  "Triggers": [],
  "Execution Time": 3221.061
}