[
  {
    "Plan": {
      "Node Type": "Aggregate",
      "Strategy": "Plain",
      "Partial Mode": "Finalize",
      "Parallel Aware": false,
      "Startup Cost": 32826.6,
      "Total Cost": 32826.61,
      "Plan Rows": 1,
      "Plan Width": 8,
      "Actual Startup Time": 87.572,
      "Actual Total Time": 96.802,
      "Actual Rows": 1,
      "Actual Loops": 1,
      "Plans": [
        {
          "Node Type": "Gather",
          "Parent Relationship": "Outer",
          "Parallel Aware": false,
          "Startup Cost": 32826.29,
          "Total Cost": 32826.6,
          "Plan Rows": 3,
          "Plan Width": 8,
          "Actual Startup Time": 87.457,
          "Actual Total Time": 96.796,
          "Actual Rows": 4,
          "Actual Loops": 1,
          "Workers Planned": 3,
          "Workers Launched": 3,
          "Single Copy": false,
          "Plans": [
            {
              "Node Type": "Aggregate",
              "Strategy": "Plain",
              "Partial Mode": "Partial",
              "Parent Relationship": "Outer",
              "Parallel Aware": false,
              "Startup Cost": 31826.29,
              "Total Cost": 31826.3,
              "Plan Rows": 1,
              "Plan Width": 8,
              "Actual Startup Time": 83.56,
              "Actual Total Time": 83.561,
              "Actual Rows": 1,
              "Actual Loops": 4,
              "Plans": [
                {
                  "Node Type": "Seq Scan",
                  "Parent Relationship": "Outer",
                  "Parallel Aware": true,
                  "Relation Name": "movie_companies",
                  "Alias": "mc",
                  "Startup Cost": 0.0,
                  "Total Cost": 31414.82,
                  "Plan Rows": 164587,
                  "Plan Width": 0,
                  "Actual Startup Time": 0.016,
                  "Actual Total Time": 74.279,
                  "Actual Rows": 181511,
                  "Actual Loops": 4,
                  "Filter": "((company_id < 6087) AND (company_type_id < 2))",
                  "Rows Removed by Filter": 470772
                }
              ]
            }
          ]
        }
      ]
    },
    "Planning Time": 0.096,
    "Triggers": [],
    "Execution Time": 96.829
  }
]