[
  {
    "Plan": {
      "Node Type": "Aggregate",
      "Strategy": "Plain",
      "Partial Mode": "Finalize",
      "Parallel Aware": false,
      "Startup Cost": 390415.7,
      "Total Cost": 390415.71,
      "Plan Rows": 1,
      "Plan Width": 8,
      "Actual Startup Time": 1985.293,
      "Actual Total Time": 2048.581,
      "Actual Rows": 1,
      "Actual Loops": 1,
      "Plans": [
        {
          "Node Type": "Gather",
          "Parent Relationship": "Outer",
          "Parallel Aware": false,
          "Startup Cost": 390415.07,
          "Total Cost": 390415.68,
          "Plan Rows": 6,
          "Plan Width": 8,
          "Actual Startup Time": 1975.668,
          "Actual Total Time": 2048.568,
          "Actual Rows": 7,
          "Actual Loops": 1,
          "Workers Planned": 6,
          "Workers Launched": 6,
          "Single Copy": false,
          "Plans": [
            {
              "Node Type": "Aggregate",
              "Strategy": "Plain",
              "Partial Mode": "Partial",
              "Parent Relationship": "Outer",
              "Parallel Aware": false,
              "Startup Cost": 389415.07,
              "Total Cost": 389415.08,
              "Plan Rows": 1,
              "Plan Width": 8,
              "Actual Startup Time": 1960.83,
              "Actual Total Time": 1960.832,
              "Actual Rows": 1,
              "Actual Loops": 7,
              "Plans": [
                {
                  "Node Type": "Hash Join",
                  "Parent Relationship": "Outer",
                  "Parallel Aware": true,
                  "Join Type": "Inner",
                  "Startup Cost": 49391.05,
                  "Total Cost": 385613.97,
                  "Plan Rows": 1520442,
                  "Plan Width": 0,
                  "Actual Startup Time": 409.455,
                  "Actual Total Time": 1872.486,
                  "Actual Rows": 1487477,
                  "Actual Loops": 7,
                  "Inner Unique": true,
                  "Hash Cond": "(ci.movie_id = t.id)",
                  "Plans": [
                    {
                      "Node Type": "Seq Scan",
                      "Parent Relationship": "Outer",
                      "Parallel Aware": true,
                      "Relation Name": "cast_info",
                      "Alias": "ci",
                      "Startup Cost": 0.0,
                      "Total Cost": 328162.03,
                      "Plan Rows": 3070812,
                      "Plan Width": 4,
                      "Actual Startup Time": 207.79,
                      "Actual Total Time": 680.96,
                      "Actual Rows": 2628542,
                      "Actual Loops": 7,
                      "Filter": "(person_id > 1768293)",
                      "Rows Removed by Filter": 2549221
                    },
                    {
                      "Node Type": "Hash",
                      "Parent Relationship": "Inner",
                      "Parallel Aware": true,
                      "Startup Cost": 45479.1,
                      "Total Cost": 45479.1,
                      "Plan Rows": 312956,
                      "Plan Width": 4,
                      "Actual Startup Time": 196.743,
                      "Actual Total Time": 196.744,
                      "Actual Rows": 190426,
                      "Actual Loops": 7,
                      "Hash Buckets": 2097152,
                      "Original Hash Buckets": 2097152,
                      "Hash Batches": 1,
                      "Original Hash Batches": 1,
                      "Peak Memory Usage": 68640,
                      "Plans": [
                        {
                          "Node Type": "Seq Scan",
                          "Parent Relationship": "Outer",
                          "Parallel Aware": true,
                          "Relation Name": "title",
                          "Alias": "t",
                          "Startup Cost": 0.0,
                          "Total Cost": 45479.1,
                          "Plan Rows": 312956,
                          "Plan Width": 4,
                          "Actual Startup Time": 0.044,
                          "Actual Total Time": 92.025,
                          "Actual Rows": 190426,
                          "Actual Loops": 7,
                          "Filter": "((production_year > 1972) AND (kind_id = 7))",
                          "Rows Removed by Filter": 170761
                        }
                      ]
                    }
                  ]
                }
              ]
            }
          ]
        }
      ]
    },
    "Planning Time": 0.634,
    "Triggers": [],
    "Execution Time": 2048.668
  }
]