[
  {
    "Plan": {
      "Node Type": "Aggregate",
      "Strategy": "Plain",
      "Partial Mode": "Finalize",
      "Parallel Aware": false,
      "Startup Cost": 174500.93,
      "Total Cost": 174500.94,
      "Plan Rows": 1,
      "Plan Width": 8,
      "Actual Startup Time": 102.949,
      "Actual Total Time": 118.099,
      "Actual Rows": 1,
      "Actual Loops": 1,
      "Plans": [
        {
          "Node Type": "Gather",
          "Parent Relationship": "Outer",
          "Parallel Aware": false,
          "Startup Cost": 174500.51,
          "Total Cost": 174500.92,
          "Plan Rows": 4,
          "Plan Width": 8,
          "Actual Startup Time": 102.779,
          "Actual Total Time": 118.086,
          "Actual Rows": 5,
          "Actual Loops": 1,
          "Workers Planned": 4,
          "Workers Launched": 4,
          "Single Copy": false,
          "Plans": [
            {
              "Node Type": "Aggregate",
              "Strategy": "Plain",
              "Partial Mode": "Partial",
              "Parent Relationship": "Outer",
              "Parallel Aware": false,
              "Startup Cost": 173500.51,
              "Total Cost": 173500.52,
              "Plan Rows": 1,
              "Plan Width": 8,
              "Actual Startup Time": 97.26,
              "Actual Total Time": 97.263,
              "Actual Rows": 1,
              "Actual Loops": 5,
              "Plans": [
                {
                  "Node Type": "Nested Loop",
                  "Parent Relationship": "Outer",
                  "Parallel Aware": false,
                  "Join Type": "Inner",
                  "Startup Cost": 0.43,
                  "Total Cost": 173482.78,
                  "Plan Rows": 7092,
                  "Plan Width": 0,
                  "Actual Startup Time": 0.504,
                  "Actual Total Time": 96.725,
                  "Actual Rows": 6940,
                  "Actual Loops": 5,
                  "Inner Unique": false,
                  "Plans": [
                    {
                      "Node Type": "Seq Scan",
                      "Parent Relationship": "Outer",
                      "Parallel Aware": true,
                      "Relation Name": "title",
                      "Alias": "t",
                      "Startup Cost": 0.0,
                      "Total Cost": 45479.59,
                      "Plan Rows": 1208,
                      "Plan Width": 4,
                      "Actual Startup Time": 0.345,
                      "Actual Total Time": 76.667,
                      "Actual Rows": 1169,
                      "Actual Loops": 5,
                      "Filter": "((kind_id = 7) AND (production_year = 1957))",
                      "Rows Removed by Filter": 504493
                    },
                    {
                      "Node Type": "Index Only Scan",
                      "Parent Relationship": "Inner",
                      "Parallel Aware": false,
                      "Scan Direction": "Forward",
                      "Index Name": "movie_id_movie_info",
                      "Relation Name": "movie_info",
                      "Alias": "mi",
                      "Startup Cost": 0.43,
                      "Total Cost": 105.55,
                      "Plan Rows": 41,
                      "Plan Width": 4,
                      "Actual Startup Time": 0.008,
                      "Actual Total Time": 0.016,
                      "Actual Rows": 6,
                      "Actual Loops": 5845,
                      "Index Cond": "(movie_id = t.id)",
                      "Rows Removed by Index Recheck": 0,
                      "Heap Fetches": 34698
                    }
                  ]
                }
              ]
            }
          ]
        }
      ]
    },
    "Planning Time": 0.273,
    "Triggers": [],
    "Execution Time": 118.141
  }
]