[
  {
    "Plan": {
      "Node Type": "Aggregate",
      "Strategy": "Plain",
      "Partial Mode": "Finalize",
      "Parallel Aware": false,
      "Startup Cost": 83001.68,
      "Total Cost": 83001.69,
      "Plan Rows": 1,
      "Plan Width": 8,
      "Actual Startup Time": 194.034,
      "Actual Total Time": 212.181,
      "Actual Rows": 1,
      "Actual Loops": 1,
      "Plans": [
        {
          "Node Type": "Gather",
          "Parent Relationship": "Outer",
          "Parallel Aware": false,
          "Startup Cost": 83001.36,
          "Total Cost": 83001.67,
          "Plan Rows": 3,
          "Plan Width": 8,
          "Actual Startup Time": 193.698,
          "Actual Total Time": 212.172,
          "Actual Rows": 4,
          "Actual Loops": 1,
          "Workers Planned": 3,
          "Workers Launched": 3,
          "Single Copy": false,
          "Plans": [
            {
              "Node Type": "Aggregate",
              "Strategy": "Plain",
              "Partial Mode": "Partial",
              "Parent Relationship": "Outer",
              "Parallel Aware": false,
              "Startup Cost": 82001.36,
              "Total Cost": 82001.37,
              "Plan Rows": 1,
              "Plan Width": 8,
              "Actual Startup Time": 188.619,
              "Actual Total Time": 188.623,
              "Actual Rows": 1,
              "Actual Loops": 4,
              "Plans": [
                {
                  "Node Type": "Nested Loop",
                  "Parent Relationship": "Outer",
                  "Parallel Aware": false,
                  "Join Type": "Inner",
                  "Startup Cost": 52063.55,
                  "Total Cost": 81999.96,
                  "Plan Rows": 559,
                  "Plan Width": 0,
                  "Actual Startup Time": 110.523,
                  "Actual Total Time": 188.456,
                  "Actual Rows": 2453,
                  "Actual Loops": 4,
                  "Inner Unique": false,
                  "Join Filter": "(t.id = mi.movie_id)",
                  "Rows Removed by Join Filter": 0,
                  "Plans": [
                    {
                      "Node Type": "Hash Join",
                      "Parent Relationship": "Outer",
                      "Parallel Aware": true,
                      "Join Type": "Inner",
                      "Startup Cost": 52063.12,
                      "Total Cost": 78379.53,
                      "Plan Rows": 1014,
                      "Plan Width": 8,
                      "Actual Startup Time": 109.52,
                      "Actual Total Time": 156.956,
                      "Actual Rows": 925,
                      "Actual Loops": 4,
                      "Inner Unique": true,
                      "Hash Cond": "(mk.movie_id = t.id)",
                      "Plans": [
                        {
                          "Node Type": "Bitmap Heap Scan",
                          "Parent Relationship": "Outer",
                          "Parallel Aware": true,
                          "Relation Name": "movie_keyword",
                          "Alias": "mk",
                          "Startup Cost": 8098.75,
                          "Total Cost": 34091.93,
                          "Plan Rows": 123135,
                          "Plan Width": 4,
                          "Actual Startup Time": 24.73,
                          "Actual Total Time": 62.372,
                          "Actual Rows": 95612,
                          "Actual Loops": 4,
                          "Recheck Cond": "(keyword_id > 44737)",
                          "Rows Removed by Index Recheck": 0,
                          "Exact Heap Blocks": 8796,
                          "Lossy Heap Blocks": 0,
                          "Plans": [
                            {
                              "Node Type": "Bitmap Index Scan",
                              "Parent Relationship": "Outer",
                              "Parallel Aware": false,
                              "Index Name": "keyword_id_movie_keyword",
                              "Startup Cost": 0.0,
                              "Total Cost": 8003.32,
                              "Plan Rows": 381718,
                              "Plan Width": 0,
                              "Actual Startup Time": 21.483,
                              "Actual Total Time": 21.483,
                              "Actual Rows": 382448,
                              "Actual Loops": 1,
                              "Index Cond": "(keyword_id > 44737)"
                            }
                          ]
                        },
                        {
                          "Node Type": "Hash",
                          "Parent Relationship": "Inner",
                          "Parallel Aware": true,
                          "Startup Cost": 43899.32,
                          "Total Cost": 43899.32,
                          "Plan Rows": 5204,
                          "Plan Width": 4,
                          "Actual Startup Time": 83.383,
                          "Actual Total Time": 83.384,
                          "Actual Rows": 5030,
                          "Actual Loops": 4,
                          "Hash Buckets": 32768,
                          "Original Hash Buckets": 32768,
                          "Hash Batches": 1,
                          "Original Hash Batches": 1,
                          "Peak Memory Usage": 1088,
                          "Plans": [
                            {
                              "Node Type": "Seq Scan",
                              "Parent Relationship": "Outer",
                              "Parallel Aware": true,
                              "Relation Name": "title",
                              "Alias": "t",
                              "Startup Cost": 0.0,
                              "Total Cost": 43899.32,
                              "Plan Rows": 5204,
                              "Plan Width": 4,
                              "Actual Startup Time": 0.071,
                              "Actual Total Time": 81.004,
                              "Actual Rows": 5030,
                              "Actual Loops": 4,
                              "Filter": "(production_year = 1987)",
                              "Rows Removed by Filter": 627048
                            }
                          ]
                        }
                      ]
                    },
                    {
                      "Node Type": "Index Scan",
                      "Parent Relationship": "Inner",
                      "Parallel Aware": false,
                      "Scan Direction": "Forward",
                      "Index Name": "movie_id_movie_info",
                      "Relation Name": "movie_info",
                      "Alias": "mi",
                      "Startup Cost": 0.43,
                      "Total Cost": 3.52,
                      "Plan Rows": 4,
                      "Plan Width": 4,
                      "Actual Startup Time": 0.016,
                      "Actual Total Time": 0.033,
                      "Actual Rows": 3,
                      "Actual Loops": 3699,
                      "Index Cond": "(movie_id = mk.movie_id)",
                      "Rows Removed by Index Recheck": 0,
                      "Filter": "(info_type_id = 7)",
                      "Rows Removed by Filter": 70
                    }
                  ]
                }
              ]
            }
          ]
        }
      ]
    },
    "Planning Time": 0.565,
    "Triggers": [],
    "Execution Time": 212.243
  }
]