[
  {
    "Plan": {
      "Node Type": "Aggregate",
      "Strategy": "Plain",
      "Partial Mode": "Finalize",
      "Parallel Aware": false,
      "Startup Cost": 274075.49,
      "Total Cost": 274075.5,
      "Plan Rows": 1,
      "Plan Width": 8,
      "Actual Startup Time": 812.57,
      "Actual Total Time": 852.73,
      "Actual Rows": 1,
      "Actual Loops": 1,
      "Plans": [
        {
          "Node Type": "Gather",
          "Parent Relationship": "Outer",
          "Parallel Aware": false,
          "Startup Cost": 274075.28,
          "Total Cost": 274075.49,
          "Plan Rows": 2,
          "Plan Width": 8,
          "Actual Startup Time": 807.335,
          "Actual Total Time": 852.718,
          "Actual Rows": 3,
          "Actual Loops": 1,
          "Workers Planned": 2,
          "Workers Launched": 2,
          "Single Copy": false,
          "Plans": [
            {
              "Node Type": "Aggregate",
              "Strategy": "Plain",
              "Partial Mode": "Partial",
              "Parent Relationship": "Outer",
              "Parallel Aware": false,
              "Startup Cost": 273075.28,
              "Total Cost": 273075.29,
              "Plan Rows": 1,
              "Plan Width": 8,
              "Actual Startup Time": 799.527,
              "Actual Total Time": 799.54,
              "Actual Rows": 1,
              "Actual Loops": 3,
              "Plans": [
                {
                  "Node Type": "Hash Join",
                  "Parent Relationship": "Outer",
                  "Parallel Aware": true,
                  "Join Type": "Inner",
                  "Startup Cost": 255718.07,
                  "Total Cost": 272165.82,
                  "Plan Rows": 363782,
                  "Plan Width": 0,
                  "Actual Startup Time": 716.17,
                  "Actual Total Time": 799.5,
                  "Actual Rows": 432,
                  "Actual Loops": 3,
                  "Inner Unique": false,
                  "Hash Cond": "(mi_idx.movie_id = t.id)",
                  "Plans": [
                    {
                      "Node Type": "Seq Scan",
                      "Parent Relationship": "Outer",
                      "Parallel Aware": true,
                      "Relation Name": "movie_info_idx",
                      "Alias": "mi_idx",
                      "Startup Cost": 0.0,
                      "Total Cost": 13685.15,
                      "Plan Rows": 575015,
                      "Plan Width": 4,
                      "Actual Startup Time": 0.017,
                      "Actual Total Time": 37.535,
                      "Actual Rows": 460012,
                      "Actual Loops": 3
                    },
                    {
                      "Node Type": "Hash",
                      "Parent Relationship": "Inner",
                      "Parallel Aware": true,
                      "Startup Cost": 252385.57,
                      "Total Cost": 252385.57,
                      "Plan Rows": 266600,
                      "Plan Width": 8,
                      "Actual Startup Time": 707.438,
                      "Actual Total Time": 707.449,
                      "Actual Rows": 337,
                      "Actual Loops": 3,
                      "Hash Buckets": 2097152,
                      "Original Hash Buckets": 2097152,
                      "Hash Batches": 1,
                      "Original Hash Batches": 1,
                      "Peak Memory Usage": 16480,
                      "Plans": [
                        {
                          "Node Type": "Hash Join",
                          "Parent Relationship": "Outer",
                          "Parallel Aware": true,
                          "Join Type": "Inner",
                          "Startup Cost": 49517.04,
                          "Total Cost": 252385.57,
                          "Plan Rows": 266600,
                          "Plan Width": 8,
                          "Actual Startup Time": 364.969,
                          "Actual Total Time": 698.234,
                          "Actual Rows": 337,
                          "Actual Loops": 3,
                          "Inner Unique": true,
                          "Hash Cond": "(ci.movie_id = t.id)",
                          "Plans": [
                            {
                              "Node Type": "Index Scan",
                              "Parent Relationship": "Outer",
                              "Parallel Aware": true,
                              "Scan Direction": "Forward",
                              "Index Name": "role_id_cast_info",
                              "Relation Name": "cast_info",
                              "Alias": "ci",
                              "Startup Cost": 0.56,
                              "Total Cost": 201884.69,
                              "Plan Rows": 375012,
                              "Plan Width": 4,
                              "Actual Startup Time": 3.649,
                              "Actual Total Time": 354.138,
                              "Actual Rows": 597,
                              "Actual Loops": 3,
                              "Index Cond": "(role_id = 2)",
                              "Rows Removed by Index Recheck": 0,
                              "Filter": "(person_id < 1072227)",
                              "Rows Removed by Filter": 2483394
                            },
                            {
                              "Node Type": "Hash",
                              "Parent Relationship": "Inner",
                              "Parallel Aware": true,
                              "Startup Cost": 43899.32,
                              "Total Cost": 43899.32,
                              "Plan Rows": 449372,
                              "Plan Width": 4,
                              "Actual Startup Time": 336.714,
                              "Actual Total Time": 336.715,
                              "Actual Rows": 598051,
                              "Actual Loops": 3,
                              "Hash Buckets": 2097152,
                              "Original Hash Buckets": 2097152,
                              "Hash Batches": 1,
                              "Original Hash Batches": 1,
                              "Peak Memory Usage": 86656,
                              "Plans": [
                                {
                                  "Node Type": "Seq Scan",
                                  "Parent Relationship": "Outer",
                                  "Parallel Aware": true,
                                  "Relation Name": "title",
                                  "Alias": "t",
                                  "Startup Cost": 0.0,
                                  "Total Cost": 43899.32,
                                  "Plan Rows": 449372,
                                  "Plan Width": 4,
                                  "Actual Startup Time": 0.057,
                                  "Actual Total Time": 133.161,
                                  "Actual Rows": 598051,
                                  "Actual Loops": 3,
                                  "Filter": "(production_year < 2009)",
                                  "Rows Removed by Filter": 244720
                                }
                              ]
                            }
                          ]
                        }
                      ]
                    }
                  ]
                }
              ]
            }
          ]
        }
      ]
    },
    "Planning Time": 0.624,
    "Triggers": [],
    "Execution Time": 852.788
  }
]