[
  {
    "Plan": {
      "Node Type": "Aggregate",
      "Strategy": "Plain",
      "Partial Mode": "Finalize",
      "Parallel Aware": false,
      "Startup Cost": 36361.27,
      "Total Cost": 36361.28,
      "Plan Rows": 1,
      "Plan Width": 8,
      "Actual Startup Time": 106.657,
      "Actual Total Time": 114.882,
      "Actual Rows": 1,
      "Actual Loops": 1,
      "Plans": [
        {
          "Node Type": "Gather",
          "Parent Relationship": "Outer",
          "Parallel Aware": false,
          "Startup Cost": 36360.95,
          "Total Cost": 36361.26,
          "Plan Rows": 3,
          "Plan Width": 8,
          "Actual Startup Time": 106.355,
          "Actual Total Time": 114.874,
          "Actual Rows": 4,
          "Actual Loops": 1,
          "Workers Planned": 3,
          "Workers Launched": 3,
          "Single Copy": false,
          "Plans": [
            {
              "Node Type": "Aggregate",
              "Strategy": "Plain",
              "Partial Mode": "Partial",
              "Parent Relationship": "Outer",
              "Parallel Aware": false,
              "Startup Cost": 35360.95,
              "Total Cost": 35360.96,
              "Plan Rows": 1,
              "Plan Width": 8,
              "Actual Startup Time": 99.823,
              "Actual Total Time": 99.824,
              "Actual Rows": 1,
              "Actual Loops": 4,
              "Plans": [
                {
                  "Node Type": "Bitmap Heap Scan",
                  "Parent Relationship": "Outer",
                  "Parallel Aware": true,
                  "Relation Name": "movie_keyword",
                  "Alias": "mk",
                  "Startup Cost": 8881.12,
                  "Total Cost": 35023.31,
                  "Plan Rows": 135055,
                  "Plan Width": 0,
                  "Actual Startup Time": 29.29,
                  "Actual Total Time": 93.899,
                  "Actual Rows": 101702,
                  "Actual Loops": 4,
                  "Recheck Cond": "(keyword_id > 42599)",
                  "Rows Removed by Index Recheck": 0,
                  "Exact Heap Blocks": 10272,
                  "Lossy Heap Blocks": 0,
                  "Plans": [
                    {
                      "Node Type": "Bitmap Index Scan",
                      "Parent Relationship": "Outer",
                      "Parallel Aware": false,
                      "Index Name": "keyword_id_movie_keyword",
                      "Startup Cost": 0.0,
                      "Total Cost": 8776.46,
                      "Plan Rows": 418670,
                      "Plan Width": 0,
                      "Actual Startup Time": 31.668,
                      "Actual Total Time": 31.668,
                      "Actual Rows": 406810,
                      "Actual Loops": 1,
                      "Index Cond": "(keyword_id > 42599)"
                    }
                  ]
                }
              ]
            }
          ]
        }
      ]
    },
    "Planning Time": 0.108,
    "Triggers": [],
    "Execution Time": 114.929
  }
]