[
  {
    "Plan": {
      "Node Type": "Aggregate",
      "Strategy": "Plain",
      "Partial Mode": "Finalize",
      "Parallel Aware": false,
      "Startup Cost": 31732.74,
      "Total Cost": 31732.75,
      "Plan Rows": 1,
      "Plan Width": 8,
      "Actual Startup Time": 112.783,
      "Actual Total Time": 121.501,
      "Actual Rows": 1,
      "Actual Loops": 1,
      "Plans": [
        {
          "Node Type": "Gather",
          "Parent Relationship": "Outer",
          "Parallel Aware": false,
          "Startup Cost": 31732.42,
          "Total Cost": 31732.73,
          "Plan Rows": 3,
          "Plan Width": 8,
          "Actual Startup Time": 112.616,
          "Actual Total Time": 121.491,
          "Actual Rows": 4,
          "Actual Loops": 1,
          "Workers Planned": 3,
          "Workers Launched": 3,
          "Single Copy": false,
          "Plans": [
            {
              "Node Type": "Aggregate",
              "Strategy": "Plain",
              "Partial Mode": "Partial",
              "Parent Relationship": "Outer",
              "Parallel Aware": false,
              "Startup Cost": 30732.42,
              "Total Cost": 30732.43,
              "Plan Rows": 1,
              "Plan Width": 8,
              "Actual Startup Time": 108.194,
              "Actual Total Time": 108.196,
              "Actual Rows": 1,
              "Actual Loops": 4,
              "Plans": [
                {
                  "Node Type": "Seq Scan",
                  "Parent Relationship": "Outer",
                  "Parallel Aware": true,
                  "Relation Name": "movie_companies",
                  "Alias": "mc",
                  "Startup Cost": 0.0,
                  "Total Cost": 29310.68,
                  "Plan Rows": 568695,
                  "Plan Width": 0,
                  "Actual Startup Time": 0.673,
                  "Actual Total Time": 86.058,
                  "Actual Rows": 440873,
                  "Actual Loops": 4,
                  "Filter": "(company_id > 2281)",
                  "Rows Removed by Filter": 211409
                }
              ]
            }
          ]
        }
      ]
    },
    "Planning Time": 0.107,
    "Triggers": [],
    "Execution Time": 121.541
  }
]