[
  {
    "Plan": {
      "Node Type": "Aggregate",
      "Strategy": "Plain",
      "Partial Mode": "Finalize",
      "Parallel Aware": false,
      "Startup Cost": 331593.64,
      "Total Cost": 331593.65,
      "Plan Rows": 1,
      "Plan Width": 8,
      "Actual Startup Time": 576.683,
      "Actual Total Time": 630.32,
      "Actual Rows": 1,
      "Actual Loops": 1,
      "Plans": [
        {
          "Node Type": "Gather",
          "Parent Relationship": "Outer",
          "Parallel Aware": false,
          "Startup Cost": 331593.02,
          "Total Cost": 331593.63,
          "Plan Rows": 6,
          "Plan Width": 8,
          "Actual Startup Time": 576.572,
          "Actual Total Time": 630.311,
          "Actual Rows": 7,
          "Actual Loops": 1,
          "Workers Planned": 6,
          "Workers Launched": 6,
          "Single Copy": false,
          "Plans": [
            {
              "Node Type": "Aggregate",
              "Strategy": "Plain",
              "Partial Mode": "Partial",
              "Parent Relationship": "Outer",
              "Parallel Aware": false,
              "Startup Cost": 330593.02,
              "Total Cost": 330593.03,
              "Plan Rows": 1,
              "Plan Width": 8,
              "Actual Startup Time": 568.14,
              "Actual Total Time": 568.141,
              "Actual Rows": 1,
              "Actual Loops": 7,
              "Plans": [
                {
                  "Node Type": "Seq Scan",
                  "Parent Relationship": "Outer",
                  "Parallel Aware": true,
                  "Relation Name": "cast_info",
                  "Alias": "ci",
                  "Startup Cost": 0.0,
                  "Total Cost": 328162.03,
                  "Plan Rows": 972397,
                  "Plan Width": 0,
                  "Actual Startup Time": 0.043,
                  "Actual Total Time": 528.722,
                  "Actual Rows": 855112,
                  "Actual Loops": 7,
                  "Filter": "(person_id < 579345)",
                  "Rows Removed by Filter": 4322652
                }
              ]
            }
          ]
        }
      ]
    },
    "Planning Time": 0.148,
    "Triggers": [],
    "Execution Time": 630.392
  }
]