[
  {
    "Plan": {
      "Node Type": "Aggregate",
      "Strategy": "Plain",
      "Partial Mode": "Finalize",
      "Parallel Aware": false,
      "Startup Cost": 33286.49,
      "Total Cost": 33286.5,
      "Plan Rows": 1,
      "Plan Width": 8,
      "Actual Startup Time": 94.228,
      "Actual Total Time": 101.642,
      "Actual Rows": 1,
      "Actual Loops": 1,
      "Plans": [
        {
          "Node Type": "Gather",
          "Parent Relationship": "Outer",
          "Parallel Aware": false,
          "Startup Cost": 33286.17,
          "Total Cost": 33286.48,
          "Plan Rows": 3,
          "Plan Width": 8,
          "Actual Startup Time": 94.097,
          "Actual Total Time": 101.633,
          "Actual Rows": 4,
          "Actual Loops": 1,
          "Workers Planned": 3,
          "Workers Launched": 3,
          "Single Copy": false,
          "Plans": [
            {
              "Node Type": "Aggregate",
              "Strategy": "Plain",
              "Partial Mode": "Partial",
              "Parent Relationship": "Outer",
              "Parallel Aware": false,
              "Startup Cost": 32286.17,
              "Total Cost": 32286.18,
              "Plan Rows": 1,
              "Plan Width": 8,
              "Actual Startup Time": 89.103,
              "Actual Total Time": 89.104,
              "Actual Rows": 1,
              "Actual Loops": 4,
              "Plans": [
                {
                  "Node Type": "Seq Scan",
                  "Parent Relationship": "Outer",
                  "Parallel Aware": true,
                  "Relation Name": "movie_companies",
                  "Alias": "mc",
                  "Startup Cost": 0.0,
                  "Total Cost": 31414.82,
                  "Plan Rows": 348540,
                  "Plan Width": 0,
                  "Actual Startup Time": 0.025,
                  "Actual Total Time": 74.546,
                  "Actual Rows": 318562,
                  "Actual Loops": 4,
                  "Filter": "((company_id < 82428) AND (company_type_id = 1))",
                  "Rows Removed by Filter": 333721
                }
              ]
            }
          ]
        }
      ]
    },
    "Planning Time": 0.185,
    "Triggers": [],
    "Execution Time": 101.701
  }
]