{
  "Plan": {
    "Node Type": "Aggregate",
    "Strategy": "Plain",
    "Partial Mode": "Finalize",
    "Parallel Aware": false,
    "Startup Cost": 159713.81,
    "Total Cost": 159713.82,
    "Plan Rows": 1,
    "Plan Width": 8,
    "Actual Startup Time": 663.409,
    "Actual Total Time": 684.06,
    "Actual Rows": 1,
    "Actual Loops": 1,
    "Plans": [
      {
        "Node Type": "Gather",
        "Parent Relationship": "Outer",
        "Parallel Aware": false,
        "Startup Cost": 159713.7,
        "Total Cost": 159713.81,
        "Plan Rows": 1,
        "Plan Width": 8,
        "Actual Startup Time": 662.67,
        "Actual Total Time": 684.051,
        "Actual Rows": 2,
        "Actual Loops": 1,
        "Workers Planned": 1,
        "Workers Launched": 1,
        "Single Copy": false,
        "Plans": [
          {
            "Node Type": "Aggregate",
            "Strategy": "Plain",
            "Partial Mode": "Partial",
            "Parent Relationship": "Outer",
            "Parallel Aware": false,
            "Startup Cost": 158713.7,
            "Total Cost": 158713.71,
            "Plan Rows": 1,
            "Plan Width": 8,
            "Actual Startup Time": 656.344,
            "Actual Total Time": 656.351,
            "Actual Rows": 1,
            "Actual Loops": 2,
            "Plans": [
              {
                "Node Type": "Hash Join",
                "Parent Relationship": "Outer",
                "Parallel Aware": true,
                "Join Type": "Inner",
                "Startup Cost": 95776.49,
                "Total Cost": 158556.79,
                "Plan Rows": 62764,
                "Plan Width": 0,
                "Actual Startup Time": 379.887,
                "Actual Total Time": 653.026,
                "Actual Rows": 78712,
                "Actual Loops": 2,
                "Inner Unique": false,
                "Hash Cond": "(mk.movie_id = t.id)",
                "Plans": [
                  {
                    "Node Type": "Seq Scan",
                    "Parent Relationship": "Outer",
                    "Parallel Aware": true,
                    "Relation Name": "movie_keyword",
                    "Alias": "mk",
                    "Startup Cost": 0.0,
                    "Total Cost": 57718.19,
                    "Plan Rows": 1251443,
                    "Plan Width": 4,
                    "Actual Startup Time": 0.03,
                    "Actual Total Time": 185.672,
                    "Actual Rows": 1065949,
                    "Actual Loops": 2,
                    "Filter": "(keyword_id < 3939)",
                    "Rows Removed by Filter": 1196016
                  },
                  {
                    "Node Type": "Hash",
                    "Parent Relationship": "Inner",
                    "Parallel Aware": true,
                    "Startup Cost": 94844.12,
                    "Total Cost": 94844.12,
                    "Plan Rows": 74589,
                    "Plan Width": 8,
                    "Actual Startup Time": 377.439,
                    "Actual Total Time": 377.445,
                    "Actual Rows": 40569,
                    "Actual Loops": 2,
                    "Hash Buckets": 131072,
                    "Original Hash Buckets": 131072,
                    "Hash Batches": 1,
                    "Original Hash Batches": 1,
                    "Peak Memory Usage": 4224,
                    "Plans": [
                      {
                        "Node Type": "Hash Join",
                        "Parent Relationship": "Outer",
                        "Parallel Aware": true,
                        "Join Type": "Inner",
                        "Startup Cost": 34904.69,
                        "Total Cost": 94844.12,
                        "Plan Rows": 74589,
                        "Plan Width": 8,
                        "Actual Startup Time": 117.316,
                        "Actual Total Time": 362.643,
                        "Actual Rows": 40569,
                        "Actual Loops": 2,
                        "Inner Unique": false,
                        "Hash Cond": "(t.id = mc.movie_id)",
                        "Plans": [
                          {
                            "Node Type": "Seq Scan",
                            "Parent Relationship": "Outer",
                            "Parallel Aware": true,
                            "Relation Name": "title",
                            "Alias": "t",
                            "Startup Cost": 0.0,
                            "Total Cost": 54588.39,
                            "Plan Rows": 785966,
                            "Plan Width": 4,
                            "Actual Startup Time": 0.015,
                            "Actual Total Time": 151.95,
                            "Actual Rows": 674146,
                            "Actual Loops": 2,
                            "Filter": "(production_year < 2005)",
                            "Rows Removed by Filter": 590010
                          },
                          {
                            "Node Type": "Hash",
                            "Parent Relationship": "Inner",
                            "Parallel Aware": true,
                            "Startup Cost": 33140.43,
                            "Total Cost": 33140.43,
                            "Plan Rows": 141141,
                            "Plan Width": 4,
                            "Actual Startup Time": 115.044,
                            "Actual Total Time": 115.046,
                            "Actual Rows": 60794,
                            "Actual Loops": 2,
                            "Hash Buckets": 262144,
                            "Original Hash Buckets": 262144,
                            "Hash Batches": 1,
                            "Original Hash Batches": 1,
                            "Peak Memory Usage": 6848,
                            "Plans": [
                              {
                                "Node Type": "Bitmap Heap Scan",
                                "Parent Relationship": "Outer",
                                "Parallel Aware": true,
                                "Relation Name": "movie_companies",
                                "Alias": "mc",
                                "Startup Cost": 10180.69,
                                "Total Cost": 33140.43,
                                "Plan Rows": 141141,
                                "Plan Width": 4,
                                "Actual Startup Time": 79.326,
                                "Actual Total Time": 100.052,
                                "Actual Rows": 60794,
                                "Actual Loops": 2,
                                "Recheck Cond": "(company_id < 406)",
                                "Rows Removed by Index Recheck": 0,
                                "Filter": "(company_type_id > 1)",
                                "Rows Removed by Filter": 174216,
                                "Exact Heap Blocks": 12807,
                                "Lossy Heap Blocks": 0,
                                "Plans": [
                                  {
                                    "Node Type": "Bitmap Index Scan",
                                    "Parent Relationship": "Outer",
                                    "Parallel Aware": false,
                                    "Index Name": "company_id_movie_companies",
                                    "Startup Cost": 0.0,
                                    "Total Cost": 10120.7,
                                    "Plan Rows": 472570,
                                    "Plan Width": 0,
                                    "Actual Startup Time": 34.549,
                                    "Actual Total Time": 34.549,
                                    "Actual Rows": 470019,
                                    "Actual Loops": 1,
                                    "Index Cond": "(company_id < 406)"
                                  }
                                ]
                              }
                            ]
                          }
                        ]
                      }
                    ]
                  }
                ]
              }
            ]
          }
        ]
      }
    ]
  },
  "Planning Time": 1.089,
  "Triggers": [],
  "Execution Time": 684.164
}