{
  "Plan": {
    "Node Type": "Aggregate",
    "Strategy": "Plain",
    "Partial Mode": "Finalize",
    "Parallel Aware": false,
    "Startup Cost": 381113.84,
    "Total Cost": 381113.85,
    "Plan Rows": 1,
    "Plan Width": 8,
    "Actual Startup Time": 2338.787,
    "Actual Total Time": 2392.902,
    "Actual Rows": 1,
    "Actual Loops": 1,
    "Plans": [
      {
        "Node Type": "Gather",
        "Parent Relationship": "Outer",
        "Parallel Aware": false,
        "Startup Cost": 381113.73,
        "Total Cost": 381113.84,
        "Plan Rows": 1,
        "Plan Width": 8,
        "Actual Startup Time": 2337.522,
        "Actual Total Time": 2392.893,
        "Actual Rows": 2,
        "Actual Loops": 1,
        "Workers Planned": 1,
        "Workers Launched": 1,
        "Single Copy": false,
        "Plans": [
          {
            "Node Type": "Aggregate",
            "Strategy": "Plain",
            "Partial Mode": "Partial",
            "Parent Relationship": "Outer",
            "Parallel Aware": false,
            "Startup Cost": 380113.73,
            "Total Cost": 380113.74,
            "Plan Rows": 1,
            "Plan Width": 8,
            "Actual Startup Time": 2331.29,
            "Actual Total Time": 2331.296,
            "Actual Rows": 1,
            "Actual Loops": 2,
            "Plans": [
              {
                "Node Type": "Hash Join",
                "Parent Relationship": "Outer",
                "Parallel Aware": true,
                "Join Type": "Inner",
                "Startup Cost": 91117.18,
                "Total Cost": 377897.83,
                "Plan Rows": 886360,
                "Plan Width": 0,
                "Actual Startup Time": 484.627,
                "Actual Total Time": 2239.32,
                "Actual Rows": 2300816,
                "Actual Loops": 2,
                "Inner Unique": false,
                "Hash Cond": "(mi.movie_id = t.id)",
                "Plans": [
                  {
                    "Node Type": "Seq Scan",
                    "Parent Relationship": "Outer",
                    "Parallel Aware": true,
                    "Relation Name": "movie_info",
                    "Alias": "mi",
                    "Startup Cost": 0.0,
                    "Total Cost": 248955.74,
                    "Plan Rows": 8696274,
                    "Plan Width": 4,
                    "Actual Startup Time": 0.019,
                    "Actual Total Time": 622.343,
                    "Actual Rows": 7417860,
                    "Actual Loops": 2
                  },
                  {
                    "Node Type": "Hash",
                    "Parent Relationship": "Inner",
                    "Parallel Aware": true,
                    "Startup Cost": 89222.37,
                    "Total Cost": 89222.37,
                    "Plan Rows": 151585,
                    "Plan Width": 8,
                    "Actual Startup Time": 480.756,
                    "Actual Total Time": 480.76,
                    "Actual Rows": 127686,
                    "Actual Loops": 2,
                    "Hash Buckets": 262144,
                    "Original Hash Buckets": 262144,
                    "Hash Batches": 1,
                    "Original Hash Batches": 1,
                    "Peak Memory Usage": 12064,
                    "Plans": [
                      {
                        "Node Type": "Hash Join",
                        "Parent Relationship": "Outer",
                        "Parallel Aware": true,
                        "Join Type": "Inner",
                        "Startup Cost": 28165.18,
                        "Total Cost": 89222.37,
                        "Plan Rows": 151585,
                        "Plan Width": 8,
                        "Actual Startup Time": 109.347,
                        "Actual Total Time": 449.726,
                        "Actual Rows": 127686,
                        "Actual Loops": 2,
                        "Inner Unique": false,
                        "Hash Cond": "(t.id = mc.movie_id)",
                        "Plans": [
                          {
                            "Node Type": "Seq Scan",
                            "Parent Relationship": "Outer",
                            "Parallel Aware": true,
                            "Relation Name": "title",
                            "Alias": "t",
                            "Startup Cost": 0.0,
                            "Total Cost": 50870.31,
                            "Plan Rows": 1487231,
                            "Plan Width": 4,
                            "Actual Startup Time": 0.01,
                            "Actual Total Time": 120.024,
                            "Actual Rows": 1264156,
                            "Actual Loops": 2
                          },
                          {
                            "Node Type": "Hash",
                            "Parent Relationship": "Inner",
                            "Parallel Aware": true,
                            "Startup Cost": 26270.37,
                            "Total Cost": 26270.37,
                            "Plan Rows": 151585,
                            "Plan Width": 4,
                            "Actual Startup Time": 107.284,
                            "Actual Total Time": 107.286,
                            "Actual Rows": 127686,
                            "Actual Loops": 2,
                            "Hash Buckets": 262144,
                            "Original Hash Buckets": 262144,
                            "Hash Batches": 1,
                            "Original Hash Batches": 1,
                            "Peak Memory Usage": 12096,
                            "Plans": [
                              {
                                "Node Type": "Bitmap Heap Scan",
                                "Parent Relationship": "Outer",
                                "Parallel Aware": true,
                                "Relation Name": "movie_companies",
                                "Alias": "mc",
                                "Startup Cost": 5585.56,
                                "Total Cost": 26270.37,
                                "Plan Rows": 151585,
                                "Plan Width": 4,
                                "Actual Startup Time": 29.706,
                                "Actual Total Time": 80.999,
                                "Actual Rows": 127686,
                                "Actual Loops": 2,
                                "Recheck Cond": "(company_id < 123)",
                                "Rows Removed by Index Recheck": 0,
                                "Exact Heap Blocks": 11564,
                                "Lossy Heap Blocks": 0,
                                "Plans": [
                                  {
                                    "Node Type": "Bitmap Index Scan",
                                    "Parent Relationship": "Outer",
                                    "Parallel Aware": false,
                                    "Index Name": "company_id_movie_companies",
                                    "Startup Cost": 0.0,
                                    "Total Cost": 5521.14,
                                    "Plan Rows": 257694,
                                    "Plan Width": 0,
                                    "Actual Startup Time": 26.646,
                                    "Actual Total Time": 26.646,
                                    "Actual Rows": 255371,
                                    "Actual Loops": 1,
                                    "Index Cond": "(company_id < 123)"
                                  }
                                ]
                              }
                            ]
                          }
                        ]
                      }
                    ]
                  }
                ]
              }
            ]
          }
        ]
      }
    ]
  },
  "Planning Time": 0.62,
  "Triggers": [],
  "Execution Time": 2393.02
}