{
  "Plan": {
    "Node Type": "Aggregate",
    "Strategy": "Plain",
    "Partial Mode": "Finalize",
    "Parallel Aware": false,
    "Startup Cost": 362526.63,
    "Total Cost": 362526.64,
    "Plan Rows": 1,
    "Plan Width": 8,
    "Actual Startup Time": 3782.782,
    "Actual Total Time": 3832.378,
    "Actual Rows": 1,
    "Actual Loops": 1,
    "Plans": [
      {
        "Node Type": "Gather",
        "Parent Relationship": "Outer",
        "Parallel Aware": false,
        "Startup Cost": 362526.51,
        "Total Cost": 362526.62,
        "Plan Rows": 1,
        "Plan Width": 8,
        "Actual Startup Time": 3777.135,
        "Actual Total Time": 3832.368,
        "Actual Rows": 2,
        "Actual Loops": 1,
        "Workers Planned": 1,
        "Workers Launched": 1,
        "Single Copy": false,
        "Plans": [
          {
            "Node Type": "Aggregate",
            "Strategy": "Plain",
            "Partial Mode": "Partial",
            "Parent Relationship": "Outer",
            "Parallel Aware": false,
            "Startup Cost": 361526.51,
            "Total Cost": 361526.52,
            "Plan Rows": 1,
            "Plan Width": 8,
            "Actual Startup Time": 3764.979,
            "Actual Total Time": 3764.983,
            "Actual Rows": 1,
            "Actual Loops": 2,
            "Plans": [
              {
                "Node Type": "Hash Join",
                "Parent Relationship": "Outer",
                "Parallel Aware": true,
                "Join Type": "Inner",
                "Startup Cost": 70792.73,
                "Total Cost": 342576.22,
                "Plan Rows": 7580119,
                "Plan Width": 0,
                "Actual Startup Time": 610.445,
                "Actual Total Time": 3494.81,
                "Actual Rows": 6012958,
                "Actual Loops": 2,
                "Inner Unique": true,
                "Hash Cond": "(mi.movie_id = t.id)",
                "Plans": [
                  {
                    "Node Type": "Seq Scan",
                    "Parent Relationship": "Outer",
                    "Parallel Aware": true,
                    "Relation Name": "movie_info",
                    "Alias": "mi",
                    "Startup Cost": 0.0,
                    "Total Cost": 248955.74,
                    "Plan Rows": 8696274,
                    "Plan Width": 4,
                    "Actual Startup Time": 0.011,
                    "Actual Total Time": 707.163,
                    "Actual Rows": 7417860,
                    "Actual Loops": 2
                  },
                  {
                    "Node Type": "Hash",
                    "Parent Relationship": "Inner",
                    "Parallel Aware": true,
                    "Startup Cost": 54588.39,
                    "Total Cost": 54588.39,
                    "Plan Rows": 1296347,
                    "Plan Width": 4,
                    "Actual Startup Time": 587.88,
                    "Actual Total Time": 587.881,
                    "Actual Rows": 1096312,
                    "Actual Loops": 2,
                    "Hash Buckets": 4194304,
                    "Original Hash Buckets": 4194304,
                    "Hash Batches": 1,
                    "Original Hash Batches": 1,
                    "Peak Memory Usage": 118592,
                    "Plans": [
                      {
                        "Node Type": "Seq Scan",
                        "Parent Relationship": "Outer",
                        "Parallel Aware": true,
                        "Relation Name": "title",
                        "Alias": "t",
                        "Startup Cost": 0.0,
                        "Total Cost": 54588.39,
                        "Plan Rows": 1296347,
                        "Plan Width": 4,
                        "Actual Startup Time": 0.028,
                        "Actual Total Time": 229.004,
                        "Actual Rows": 1096312,
                        "Actual Loops": 2,
                        "Filter": "(production_year > 1961)",
                        "Rows Removed by Filter": 167844
                      }
                    ]
                  }
                ]
              }
            ]
          }
        ]
      }
    ]
  },
  "Planning Time": 0.745,
  "Triggers": [],
  "Execution Time": 3832.471
}