[
  {
    "Plan": {
      "Node Type": "Aggregate",
      "Strategy": "Plain",
      "Partial Mode": "Finalize",
      "Parallel Aware": false,
      "Startup Cost": 221202.07,
      "Total Cost": 221202.08,
      "Plan Rows": 1,
      "Plan Width": 8,
      "Actual Startup Time": 178.907,
      "Actual Total Time": 191.922,
      "Actual Rows": 1,
      "Actual Loops": 1,
      "Plans": [
        {
          "Node Type": "Gather",
          "Parent Relationship": "Outer",
          "Parallel Aware": false,
          "Startup Cost": 221201.55,
          "Total Cost": 221202.06,
          "Plan Rows": 5,
          "Plan Width": 8,
          "Actual Startup Time": 175.731,
          "Actual Total Time": 191.914,
          "Actual Rows": 6,
          "Actual Loops": 1,
          "Workers Planned": 5,
          "Workers Launched": 5,
          "Single Copy": false,
          "Plans": [
            {
              "Node Type": "Aggregate",
              "Strategy": "Plain",
              "Partial Mode": "Partial",
              "Parent Relationship": "Outer",
              "Parallel Aware": false,
              "Startup Cost": 220201.55,
              "Total Cost": 220201.56,
              "Plan Rows": 1,
              "Plan Width": 8,
              "Actual Startup Time": 169.374,
              "Actual Total Time": 169.377,
              "Actual Rows": 1,
              "Actual Loops": 6,
              "Plans": [
                {
                  "Node Type": "Hash Join",
                  "Parent Relationship": "Outer",
                  "Parallel Aware": true,
                  "Join Type": "Inner",
                  "Startup Cost": 56539.04,
                  "Total Cost": 220155.36,
                  "Plan Rows": 18475,
                  "Plan Width": 0,
                  "Actual Startup Time": 152.338,
                  "Actual Total Time": 169.233,
                  "Actual Rows": 2243,
                  "Actual Loops": 6,
                  "Inner Unique": true,
                  "Hash Cond": "(mi.movie_id = t.id)",
                  "Plans": [
                    {
                      "Node Type": "Bitmap Heap Scan",
                      "Parent Relationship": "Outer",
                      "Parallel Aware": true,
                      "Relation Name": "movie_info",
                      "Alias": "mi",
                      "Startup Cost": 9699.36,
                      "Total Cost": 173033.94,
                      "Plan Rows": 107327,
                      "Plan Width": 4,
                      "Actual Startup Time": 19.409,
                      "Actual Total Time": 36.659,
                      "Actual Rows": 90561,
                      "Actual Loops": 6,
                      "Recheck Cond": "(info_type_id > 98)",
                      "Rows Removed by Index Recheck": 0,
                      "Exact Heap Blocks": 1262,
                      "Lossy Heap Blocks": 0,
                      "Plans": [
                        {
                          "Node Type": "Bitmap Index Scan",
                          "Parent Relationship": "Outer",
                          "Parallel Aware": false,
                          "Index Name": "info_type_id_movie_info",
                          "Startup Cost": 0.0,
                          "Total Cost": 9565.2,
                          "Plan Rows": 536635,
                          "Plan Width": 0,
                          "Actual Startup Time": 18.54,
                          "Actual Total Time": 18.541,
                          "Actual Rows": 543367,
                          "Actual Loops": 1,
                          "Index Cond": "(info_type_id > 98)"
                        }
                      ]
                    },
                    {
                      "Node Type": "Hash",
                      "Parent Relationship": "Inner",
                      "Parallel Aware": true,
                      "Startup Cost": 45479.59,
                      "Total Cost": 45479.59,
                      "Plan Rows": 108808,
                      "Plan Width": 4,
                      "Actual Startup Time": 112.223,
                      "Actual Total Time": 112.223,
                      "Actual Rows": 77476,
                      "Actual Loops": 6,
                      "Hash Buckets": 524288,
                      "Original Hash Buckets": 524288,
                      "Hash Batches": 1,
                      "Original Hash Batches": 1,
                      "Peak Memory Usage": 22368,
                      "Plans": [
                        {
                          "Node Type": "Seq Scan",
                          "Parent Relationship": "Outer",
                          "Parallel Aware": true,
                          "Relation Name": "title",
                          "Alias": "t",
                          "Startup Cost": 0.0,
                          "Total Cost": 45479.59,
                          "Plan Rows": 108808,
                          "Plan Width": 4,
                          "Actual Startup Time": 0.029,
                          "Actual Total Time": 81.09,
                          "Actual Rows": 77476,
                          "Actual Loops": 6,
                          "Filter": "((kind_id > 3) AND (production_year > 2008))",
                          "Rows Removed by Filter": 343909
                        }
                      ]
                    }
                  ]
                }
              ]
            }
          ]
        }
      ]
    },
    "Planning Time": 0.573,
    "Triggers": [],
    "Execution Time": 191.987
  }
]