[
  {
    "Plan": {
      "Node Type": "Aggregate",
      "Strategy": "Plain",
      "Partial Mode": "Finalize",
      "Parallel Aware": false,
      "Startup Cost": 623348.42,
      "Total Cost": 623348.43,
      "Plan Rows": 1,
      "Plan Width": 8,
      "Actual Startup Time": 2004.672,
      "Actual Total Time": 2092.548,
      "Actual Rows": 1,
      "Actual Loops": 1,
      "Plans": [
        {
          "Node Type": "Gather",
          "Parent Relationship": "Outer",
          "Parallel Aware": false,
          "Startup Cost": 623347.79,
          "Total Cost": 623348.4,
          "Plan Rows": 6,
          "Plan Width": 8,
          "Actual Startup Time": 1986.456,
          "Actual Total Time": 2092.522,
          "Actual Rows": 7,
          "Actual Loops": 1,
          "Workers Planned": 6,
          "Workers Launched": 6,
          "Single Copy": false,
          "Plans": [
            {
              "Node Type": "Aggregate",
              "Strategy": "Plain",
              "Partial Mode": "Partial",
              "Parent Relationship": "Outer",
              "Parallel Aware": false,
              "Startup Cost": 622347.79,
              "Total Cost": 622347.8,
              "Plan Rows": 1,
              "Plan Width": 8,
              "Actual Startup Time": 1963.82,
              "Actual Total Time": 1964.216,
              "Actual Rows": 1,
              "Actual Loops": 7,
              "Plans": [
                {
                  "Node Type": "Hash Join",
                  "Parent Relationship": "Outer",
                  "Parallel Aware": true,
                  "Join Type": "Inner",
                  "Startup Cost": 259392.95,
                  "Total Cost": 615843.89,
                  "Plan Rows": 2601560,
                  "Plan Width": 0,
                  "Actual Startup Time": 767.246,
                  "Actual Total Time": 1915.056,
                  "Actual Rows": 1220595,
                  "Actual Loops": 7,
                  "Inner Unique": false,
                  "Hash Cond": "(ci.movie_id = t.id)",
                  "Plans": [
                    {
                      "Node Type": "Seq Scan",
                      "Parent Relationship": "Outer",
                      "Parallel Aware": true,
                      "Relation Name": "cast_info",
                      "Alias": "ci",
                      "Startup Cost": 0.0,
                      "Total Cost": 343257.03,
                      "Plan Rows": 2130877,
                      "Plan Width": 4,
                      "Actual Startup Time": 0.018,
                      "Actual Total Time": 612.52,
                      "Actual Rows": 2007035,
                      "Actual Loops": 7,
                      "Filter": "((person_id < 1447256) AND (role_id < 10))",
                      "Rows Removed by Filter": 3170729
                    },
                    {
                      "Node Type": "Hash",
                      "Parent Relationship": "Inner",
                      "Parallel Aware": true,
                      "Startup Cost": 251676.05,
                      "Total Cost": 251676.05,
                      "Plan Rows": 617352,
                      "Plan Width": 8,
                      "Actual Startup Time": 760.295,
                      "Actual Total Time": 760.687,
                      "Actual Rows": 132735,
                      "Actual Loops": 7,
                      "Hash Buckets": 4194304,
                      "Original Hash Buckets": 4194304,
                      "Hash Batches": 1,
                      "Original Hash Batches": 1,
                      "Peak Memory Usage": 69248,
                      "Plans": [
                        {
                          "Node Type": "Hash Join",
                          "Parent Relationship": "Outer",
                          "Parallel Aware": true,
                          "Join Type": "Inner",
                          "Startup Cost": 49665.37,
                          "Total Cost": 251676.05,
                          "Plan Rows": 617352,
                          "Plan Width": 8,
                          "Actual Startup Time": 178.929,
                          "Actual Total Time": 685.092,
                          "Actual Rows": 132735,
                          "Actual Loops": 7,
                          "Inner Unique": true,
                          "Hash Cond": "(mi.movie_id = t.id)",
                          "Plans": [
                            {
                              "Node Type": "Seq Scan",
                              "Parent Relationship": "Outer",
                              "Parallel Aware": true,
                              "Relation Name": "movie_info",
                              "Alias": "mi",
                              "Startup Cost": 0.0,
                              "Total Cost": 198952.16,
                              "Plan Rows": 1165150,
                              "Plan Width": 4,
                              "Actual Startup Time": 0.032,
                              "Actual Total Time": 278.331,
                              "Actual Rows": 840709,
                              "Actual Loops": 7,
                              "Filter": "(info_type_id < 7)",
                              "Rows Removed by Filter": 1278680
                            },
                            {
                              "Node Type": "Hash",
                              "Parent Relationship": "Inner",
                              "Parallel Aware": true,
                              "Startup Cost": 45479.1,
                              "Total Cost": 45479.1,
                              "Plan Rows": 334902,
                              "Plan Width": 4,
                              "Actual Startup Time": 176.898,
                              "Actual Total Time": 176.899,
                              "Actual Rows": 202611,
                              "Actual Loops": 7,
                              "Hash Buckets": 2097152,
                              "Original Hash Buckets": 2097152,
                              "Hash Batches": 1,
                              "Original Hash Batches": 1,
                              "Peak Memory Usage": 72000,
                              "Plans": [
                                {
                                  "Node Type": "Seq Scan",
                                  "Parent Relationship": "Outer",
                                  "Parallel Aware": true,
                                  "Relation Name": "title",
                                  "Alias": "t",
                                  "Startup Cost": 0.0,
                                  "Total Cost": 45479.1,
                                  "Plan Rows": 334902,
                                  "Plan Width": 4,
                                  "Actual Startup Time": 0.046,
                                  "Actual Total Time": 78.341,
                                  "Actual Rows": 202611,
                                  "Actual Loops": 7,
                                  "Filter": "((production_year > 1961) AND (kind_id = 7))",
                                  "Rows Removed by Filter": 158576
                                }
                              ]
                            }
                          ]
                        }
                      ]
                    }
                  ]
                }
              ]
            }
          ]
        }
      ]
    },
    "Planning Time": 1.361,
    "Triggers": [],
    "Execution Time": 2092.652
  }
]