{
  "Plan": {
    "Node Type": "Aggregate",
    "Strategy": "Plain",
    "Partial Mode": "Finalize",
    "Parallel Aware": false,
    "Startup Cost": 49510.52,
    "Total Cost": 49510.53,
    "Plan Rows": 1,
    "Plan Width": 8,
    "Actual Startup Time": 49.18,
    "Actual Total Time": 55.404,
    "Actual Rows": 1,
    "Actual Loops": 1,
    "Plans": [
      {
        "Node Type": "Gather",
        "Parent Relationship": "Outer",
        "Parallel Aware": false,
        "Startup Cost": 49510.4,
        "Total Cost": 49510.51,
        "Plan Rows": 1,
        "Plan Width": 8,
        "Actual Startup Time": 49.007,
        "Actual Total Time": 55.395,
        "Actual Rows": 2,
        "Actual Loops": 1,
        "Workers Planned": 1,
        "Workers Launched": 1,
        "Single Copy": false,
        "Plans": [
          {
            "Node Type": "Aggregate",
            "Strategy": "Plain",
            "Partial Mode": "Partial",
            "Parent Relationship": "Outer",
            "Parallel Aware": false,
            "Startup Cost": 48510.4,
            "Total Cost": 48510.41,
            "Plan Rows": 1,
            "Plan Width": 8,
            "Actual Startup Time": 42.602,
            "Actual Total Time": 42.604,
            "Actual Rows": 1,
            "Actual Loops": 2,
            "Plans": [
              {
                "Node Type": "Nested Loop",
                "Parent Relationship": "Outer",
                "Parallel Aware": false,
                "Join Type": "Inner",
                "Startup Cost": 163.86,
                "Total Cost": 48509.69,
                "Plan Rows": 286,
                "Plan Width": 0,
                "Actual Startup Time": 17.937,
                "Actual Total Time": 42.586,
                "Actual Rows": 68,
                "Actual Loops": 2,
                "Inner Unique": false,
                "Plans": [
                  {
                    "Node Type": "Nested Loop",
                    "Parent Relationship": "Outer",
                    "Parallel Aware": false,
                    "Join Type": "Inner",
                    "Startup Cost": 163.3,
                    "Total Cost": 46781.09,
                    "Plan Rows": 20,
                    "Plan Width": 8,
                    "Actual Startup Time": 17.844,
                    "Actual Total Time": 42.12,
                    "Actual Rows": 2,
                    "Actual Loops": 2,
                    "Inner Unique": true,
                    "Plans": [
                      {
                        "Node Type": "Bitmap Heap Scan",
                        "Parent Relationship": "Outer",
                        "Parallel Aware": true,
                        "Relation Name": "movie_keyword",
                        "Alias": "mk",
                        "Startup Cost": 162.87,
                        "Total Cost": 16220.17,
                        "Plan Rows": 4435,
                        "Plan Width": 4,
                        "Actual Startup Time": 3.428,
                        "Actual Total Time": 13.725,
                        "Actual Rows": 3324,
                        "Actual Loops": 2,
                        "Recheck Cond": "(keyword_id = 500)",
                        "Rows Removed by Index Recheck": 0,
                        "Exact Heap Blocks": 3724,
                        "Lossy Heap Blocks": 0,
                        "Plans": [
                          {
                            "Node Type": "Bitmap Index Scan",
                            "Parent Relationship": "Outer",
                            "Parallel Aware": false,
                            "Index Name": "keyword_id_movie_keyword",
                            "Startup Cost": 0.0,
                            "Total Cost": 160.98,
                            "Plan Rows": 7540,
                            "Plan Width": 0,
                            "Actual Startup Time": 4.306,
                            "Actual Total Time": 4.306,
                            "Actual Rows": 6649,
                            "Actual Loops": 1,
                            "Index Cond": "(keyword_id = 500)"
                          }
                        ]
                      },
                      {
                        "Node Type": "Index Scan",
                        "Parent Relationship": "Inner",
                        "Parallel Aware": false,
                        "Scan Direction": "Forward",
                        "Index Name": "title_pkey",
                        "Relation Name": "title",
                        "Alias": "t",
                        "Startup Cost": 0.43,
                        "Total Cost": 6.89,
                        "Plan Rows": 1,
                        "Plan Width": 4,
                        "Actual Startup Time": 0.008,
                        "Actual Total Time": 0.008,
                        "Actual Rows": 0,
                        "Actual Loops": 6649,
                        "Index Cond": "(id = mk.movie_id)",
                        "Rows Removed by Index Recheck": 0,
                        "Filter": "(production_year = 1960)",
                        "Rows Removed by Filter": 1
                      }
                    ]
                  },
                  {
                    "Node Type": "Index Only Scan",
                    "Parent Relationship": "Inner",
                    "Parallel Aware": false,
                    "Scan Direction": "Forward",
                    "Index Name": "movie_id_cast_info",
                    "Relation Name": "cast_info",
                    "Alias": "ci",
                    "Startup Cost": 0.56,
                    "Total Cost": 86.06,
                    "Plan Rows": 37,
                    "Plan Width": 4,
                    "Actual Startup Time": 0.055,
                    "Actual Total Time": 0.225,
                    "Actual Rows": 34,
                    "Actual Loops": 4,
                    "Index Cond": "(movie_id = t.id)",
                    "Rows Removed by Index Recheck": 0,
                    "Heap Fetches": 136
                  }
                ]
              }
            ]
          }
        ]
      }
    ]
  },
  "Planning Time": 1.0,
  "Triggers": [],
  "Execution Time": 55.508
}