[
  {
    "Plan": {
      "Node Type": "Aggregate",
      "Strategy": "Plain",
      "Partial Mode": "Finalize",
      "Parallel Aware": false,
      "Startup Cost": 46744.4,
      "Total Cost": 46744.41,
      "Plan Rows": 1,
      "Plan Width": 8,
      "Actual Startup Time": 187.913,
      "Actual Total Time": 195.009,
      "Actual Rows": 1,
      "Actual Loops": 1,
      "Plans": [
        {
          "Node Type": "Gather",
          "Parent Relationship": "Outer",
          "Parallel Aware": false,
          "Startup Cost": 46744.08,
          "Total Cost": 46744.39,
          "Plan Rows": 3,
          "Plan Width": 8,
          "Actual Startup Time": 187.77,
          "Actual Total Time": 195.001,
          "Actual Rows": 4,
          "Actual Loops": 1,
          "Workers Planned": 3,
          "Workers Launched": 3,
          "Single Copy": false,
          "Plans": [
            {
              "Node Type": "Aggregate",
              "Strategy": "Plain",
              "Partial Mode": "Partial",
              "Parent Relationship": "Outer",
              "Parallel Aware": false,
              "Startup Cost": 45744.08,
              "Total Cost": 45744.09,
              "Plan Rows": 1,
              "Plan Width": 8,
              "Actual Startup Time": 179.892,
              "Actual Total Time": 179.893,
              "Actual Rows": 1,
              "Actual Loops": 4,
              "Plans": [
                {
                  "Node Type": "Seq Scan",
                  "Parent Relationship": "Outer",
                  "Parallel Aware": true,
                  "Relation Name": "movie_keyword",
                  "Alias": "mk",
                  "Startup Cost": 0.0,
                  "Total Cost": 42695.65,
                  "Plan Rows": 1219371,
                  "Plan Width": 0,
                  "Actual Startup Time": 0.082,
                  "Actual Total Time": 130.084,
                  "Actual Rows": 944906,
                  "Actual Loops": 4,
                  "Filter": "(keyword_id > 676)",
                  "Rows Removed by Filter": 186077
                }
              ]
            }
          ]
        }
      ]
    },
    "Planning Time": 0.182,
    "Triggers": [],
    "Execution Time": 195.062
  }
]