{
  "Plan": {
    "Node Type": "Aggregate",
    "Strategy": "Plain",
    "Partial Mode": "Finalize",
    "Parallel Aware": false,
    "Startup Cost": 380524.91,
    "Total Cost": 380524.92,
    "Plan Rows": 1,
    "Plan Width": 8,
    "Actual Startup Time": 192.869,
    "Actual Total Time": 223.743,
    "Actual Rows": 1,
    "Actual Loops": 1,
    "Plans": [
      {
        "Node Type": "Gather",
        "Parent Relationship": "Outer",
        "Parallel Aware": false,
        "Startup Cost": 380524.79,
        "Total Cost": 380524.9,
        "Plan Rows": 1,
        "Plan Width": 8,
        "Actual Startup Time": 192.626,
        "Actual Total Time": 223.736,
        "Actual Rows": 2,
        "Actual Loops": 1,
        "Workers Planned": 1,
        "Workers Launched": 1,
        "Single Copy": false,
        "Plans": [
          {
            "Node Type": "Aggregate",
            "Strategy": "Plain",
            "Partial Mode": "Partial",
            "Parent Relationship": "Outer",
            "Parallel Aware": false,
            "Startup Cost": 379524.79,
            "Total Cost": 379524.8,
            "Plan Rows": 1,
            "Plan Width": 8,
            "Actual Startup Time": 188.924,
            "Actual Total Time": 188.926,
            "Actual Rows": 1,
            "Actual Loops": 2,
            "Plans": [
              {
                "Node Type": "Nested Loop",
                "Parent Relationship": "Outer",
                "Parallel Aware": false,
                "Join Type": "Inner",
                "Startup Cost": 11824.62,
                "Total Cost": 379423.23,
                "Plan Rows": 40627,
                "Plan Width": 0,
                "Actual Startup Time": 36.974,
                "Actual Total Time": 186.311,
                "Actual Rows": 39732,
                "Actual Loops": 2,
                "Inner Unique": false,
                "Plans": [
                  {
                    "Node Type": "Bitmap Heap Scan",
                    "Parent Relationship": "Outer",
                    "Parallel Aware": true,
                    "Relation Name": "title",
                    "Alias": "t",
                    "Startup Cost": 11824.06,
                    "Total Cost": 53674.31,
                    "Plan Rows": 2835,
                    "Plan Width": 4,
                    "Actual Startup Time": 36.812,
                    "Actual Total Time": 79.139,
                    "Actual Rows": 2228,
                    "Actual Loops": 2,
                    "Recheck Cond": "(kind_id = 1)",
                    "Rows Removed by Index Recheck": 0,
                    "Filter": "(production_year = 1983)",
                    "Rows Removed by Filter": 329185,
                    "Exact Heap Blocks": 10037,
                    "Lossy Heap Blocks": 0,
                    "Plans": [
                      {
                        "Node Type": "Bitmap Index Scan",
                        "Parent Relationship": "Outer",
                        "Parallel Aware": false,
                        "Index Name": "kind_id_title",
                        "Startup Cost": 0.0,
                        "Total Cost": 11822.85,
                        "Plan Rows": 663256,
                        "Plan Width": 0,
                        "Actual Startup Time": 38.028,
                        "Actual Total Time": 38.029,
                        "Actual Rows": 662825,
                        "Actual Loops": 1,
                        "Index Cond": "(kind_id = 1)"
                      }
                    ]
                  },
                  {
                    "Node Type": "Index Only Scan",
                    "Parent Relationship": "Inner",
                    "Parallel Aware": false,
                    "Scan Direction": "Forward",
                    "Index Name": "movie_id_cast_info",
                    "Relation Name": "cast_info",
                    "Alias": "ci",
                    "Startup Cost": 0.56,
                    "Total Cost": 114.53,
                    "Plan Rows": 37,
                    "Plan Width": 4,
                    "Actual Startup Time": 0.009,
                    "Actual Total Time": 0.046,
                    "Actual Rows": 18,
                    "Actual Loops": 4455,
                    "Index Cond": "(movie_id = t.id)",
                    "Rows Removed by Index Recheck": 0,
                    "Heap Fetches": 79464
                  }
                ]
              }
            ]
          }
        ]
      }
    ]
  },
  "Planning Time": 0.446,
  "Triggers": [],
  "Execution Time": 223.824
}