{
  "Plan": {
    "Node Type": "Aggregate",
    "Strategy": "Plain",
    "Partial Mode": "Finalize",
    "Parallel Aware": false,
    "Startup Cost": 112789.27,
    "Total Cost": 112789.28,
    "Plan Rows": 1,
    "Plan Width": 8,
    "Actual Startup Time": 439.4,
    "Actual Total Time": 459.1,
    "Actual Rows": 1,
    "Actual Loops": 1,
    "Plans": [
      {
        "Node Type": "Gather",
        "Parent Relationship": "Outer",
        "Parallel Aware": false,
        "Startup Cost": 112789.16,
        "Total Cost": 112789.27,
        "Plan Rows": 1,
        "Plan Width": 8,
        "Actual Startup Time": 438.52,
        "Actual Total Time": 459.091,
        "Actual Rows": 2,
        "Actual Loops": 1,
        "Workers Planned": 1,
        "Workers Launched": 1,
        "Single Copy": false,
        "Plans": [
          {
            "Node Type": "Aggregate",
            "Strategy": "Plain",
            "Partial Mode": "Partial",
            "Parent Relationship": "Outer",
            "Parallel Aware": false,
            "Startup Cost": 111789.16,
            "Total Cost": 111789.17,
            "Plan Rows": 1,
            "Plan Width": 8,
            "Actual Startup Time": 432.0,
            "Actual Total Time": 432.004,
            "Actual Rows": 1,
            "Actual Loops": 2,
            "Plans": [
              {
                "Node Type": "Hash Join",
                "Parent Relationship": "Outer",
                "Parallel Aware": true,
                "Join Type": "Inner",
                "Startup Cost": 78339.11,
                "Total Cost": 111568.32,
                "Plan Rows": 88334,
                "Plan Width": 0,
                "Actual Startup Time": 260.473,
                "Actual Total Time": 427.064,
                "Actual Rows": 111197,
                "Actual Loops": 2,
                "Inner Unique": true,
                "Hash Cond": "(mk.movie_id = t.id)",
                "Plans": [
                  {
                    "Node Type": "Bitmap Heap Scan",
                    "Parent Relationship": "Outer",
                    "Parallel Aware": true,
                    "Relation Name": "movie_keyword",
                    "Alias": "mk",
                    "Startup Cost": 20920.3,
                    "Total Cost": 52626.54,
                    "Plan Rows": 580179,
                    "Plan Width": 4,
                    "Actual Startup Time": 58.536,
                    "Actual Total Time": 155.142,
                    "Actual Rows": 488694,
                    "Actual Loops": 2,
                    "Recheck Cond": "(keyword_id > 19107)",
                    "Rows Removed by Index Recheck": 0,
                    "Exact Heap Blocks": 14079,
                    "Lossy Heap Blocks": 0,
                    "Plans": [
                      {
                        "Node Type": "Bitmap Index Scan",
                        "Parent Relationship": "Outer",
                        "Parallel Aware": false,
                        "Index Name": "keyword_id_movie_keyword",
                        "Startup Cost": 0.0,
                        "Total Cost": 20673.72,
                        "Plan Rows": 986305,
                        "Plan Width": 0,
                        "Actual Startup Time": 54.904,
                        "Actual Total Time": 54.905,
                        "Actual Rows": 977388,
                        "Actual Loops": 1,
                        "Index Cond": "(keyword_id > 19107)"
                      }
                    ]
                  },
                  {
                    "Node Type": "Hash",
                    "Parent Relationship": "Inner",
                    "Parallel Aware": true,
                    "Startup Cost": 54588.39,
                    "Total Cost": 54588.39,
                    "Plan Rows": 226434,
                    "Plan Width": 4,
                    "Actual Startup Time": 195.793,
                    "Actual Total Time": 195.794,
                    "Actual Rows": 197936,
                    "Actual Loops": 2,
                    "Hash Buckets": 524288,
                    "Original Hash Buckets": 524288,
                    "Hash Batches": 1,
                    "Original Hash Batches": 1,
                    "Peak Memory Usage": 19616,
                    "Plans": [
                      {
                        "Node Type": "Seq Scan",
                        "Parent Relationship": "Outer",
                        "Parallel Aware": true,
                        "Relation Name": "title",
                        "Alias": "t",
                        "Startup Cost": 0.0,
                        "Total Cost": 54588.39,
                        "Plan Rows": 226434,
                        "Plan Width": 4,
                        "Actual Startup Time": 0.054,
                        "Actual Total Time": 148.966,
                        "Actual Rows": 197936,
                        "Actual Loops": 2,
                        "Filter": "(production_year < 1972)",
                        "Rows Removed by Filter": 1066220
                      }
                    ]
                  }
                ]
              }
            ]
          }
        ]
      }
    ]
  },
  "Planning Time": 0.503,
  "Triggers": [],
  "Execution Time": 459.198
}