{
  "Plan": {
    "Node Type": "Aggregate",
    "Strategy": "Plain",
    "Partial Mode": "Finalize",
    "Parallel Aware": false,
    "Startup Cost": 369883.77,
    "Total Cost": 369883.78,
    "Plan Rows": 1,
    "Plan Width": 8,
    "Actual Startup Time": 1551.301,
    "Actual Total Time": 1582.057,
    "Actual Rows": 1,
    "Actual Loops": 1,
    "Plans": [
      {
        "Node Type": "Gather",
        "Parent Relationship": "Outer",
        "Parallel Aware": false,
        "Startup Cost": 369883.65,
        "Total Cost": 369883.76,
        "Plan Rows": 1,
        "Plan Width": 8,
        "Actual Startup Time": 1550.746,
        "Actual Total Time": 1582.048,
        "Actual Rows": 2,
        "Actual Loops": 1,
        "Workers Planned": 1,
        "Workers Launched": 1,
        "Single Copy": false,
        "Plans": [
          {
            "Node Type": "Aggregate",
            "Strategy": "Plain",
            "Partial Mode": "Partial",
            "Parent Relationship": "Outer",
            "Parallel Aware": false,
            "Startup Cost": 368883.65,
            "Total Cost": 368883.66,
            "Plan Rows": 1,
            "Plan Width": 8,
            "Actual Startup Time": 1547.637,
            "Actual Total Time": 1547.643,
            "Actual Rows": 1,
            "Actual Loops": 2,
            "Plans": [
              {
                "Node Type": "Hash Join",
                "Parent Relationship": "Outer",
                "Parallel Aware": true,
                "Join Type": "Inner",
                "Startup Cost": 305472.71,
                "Total Cost": 368177.91,
                "Plan Rows": 282299,
                "Plan Width": 0,
                "Actual Startup Time": 1161.572,
                "Actual Total Time": 1546.686,
                "Actual Rows": 18546,
                "Actual Loops": 2,
                "Inner Unique": false,
                "Hash Cond": "(mk.movie_id = t.id)",
                "Plans": [
                  {
                    "Node Type": "Seq Scan",
                    "Parent Relationship": "Outer",
                    "Parallel Aware": true,
                    "Relation Name": "movie_keyword",
                    "Alias": "mk",
                    "Startup Cost": 0.0,
                    "Total Cost": 51065.35,
                    "Plan Rows": 2661135,
                    "Plan Width": 4,
                    "Actual Startup Time": 0.012,
                    "Actual Total Time": 190.27,
                    "Actual Rows": 2261965,
                    "Actual Loops": 2
                  },
                  {
                    "Node Type": "Hash",
                    "Parent Relationship": "Inner",
                    "Parallel Aware": true,
                    "Startup Cost": 303500.6,
                    "Total Cost": 303500.6,
                    "Plan Rows": 157769,
                    "Plan Width": 8,
                    "Actual Startup Time": 1157.832,
                    "Actual Total Time": 1157.836,
                    "Actual Rows": 27260,
                    "Actual Loops": 2,
                    "Hash Buckets": 524288,
                    "Original Hash Buckets": 524288,
                    "Hash Batches": 1,
                    "Original Hash Batches": 1,
                    "Peak Memory Usage": 6240,
                    "Plans": [
                      {
                        "Node Type": "Hash Join",
                        "Parent Relationship": "Outer",
                        "Parallel Aware": true,
                        "Join Type": "Inner",
                        "Startup Cost": 59336.01,
                        "Total Cost": 303500.6,
                        "Plan Rows": 157769,
                        "Plan Width": 8,
                        "Actual Startup Time": 156.993,
                        "Actual Total Time": 1145.898,
                        "Actual Rows": 27260,
                        "Actual Loops": 2,
                        "Inner Unique": true,
                        "Hash Cond": "(ci.movie_id = t.id)",
                        "Plans": [
                          {
                            "Node Type": "Index Scan",
                            "Parent Relationship": "Outer",
                            "Parallel Aware": true,
                            "Scan Direction": "Forward",
                            "Index Name": "role_id_cast_info",
                            "Relation Name": "cast_info",
                            "Alias": "ci",
                            "Startup Cost": 0.56,
                            "Total Cost": 236682.84,
                            "Plan Rows": 2850402,
                            "Plan Width": 4,
                            "Actual Startup Time": 0.201,
                            "Actual Total Time": 669.667,
                            "Actual Rows": 2754264,
                            "Actual Loops": 2,
                            "Index Cond": "(role_id = 2)",
                            "Rows Removed by Index Recheck": 0,
                            "Filter": "(person_id < 2448393)",
                            "Rows Removed by Filter": 971722
                          },
                          {
                            "Node Type": "Hash",
                            "Parent Relationship": "Inner",
                            "Parallel Aware": true,
                            "Startup Cost": 58306.47,
                            "Total Cost": 58306.47,
                            "Plan Rows": 82318,
                            "Plan Width": 4,
                            "Actual Startup Time": 155.218,
                            "Actual Total Time": 155.219,
                            "Actual Rows": 23214,
                            "Actual Loops": 2,
                            "Hash Buckets": 262144,
                            "Original Hash Buckets": 262144,
                            "Hash Batches": 1,
                            "Original Hash Batches": 1,
                            "Peak Memory Usage": 3904,
                            "Plans": [
                              {
                                "Node Type": "Seq Scan",
                                "Parent Relationship": "Outer",
                                "Parallel Aware": true,
                                "Relation Name": "title",
                                "Alias": "t",
                                "Startup Cost": 0.0,
                                "Total Cost": 58306.47,
                                "Plan Rows": 82318,
                                "Plan Width": 4,
                                "Actual Startup Time": 0.025,
                                "Actual Total Time": 145.123,
                                "Actual Rows": 23214,
                                "Actual Loops": 2,
                                "Filter": "((production_year < 1960) AND (kind_id = 7))",
                                "Rows Removed by Filter": 1240942
                              }
                            ]
                          }
                        ]
                      }
                    ]
                  }
                ]
              }
            ]
          }
        ]
      }
    ]
  },
  "Planning Time": 0.522,
  "Triggers": [],
  "Execution Time": 1582.118
}