{
    "Plan": {
        "Node Type": "Aggregate",
        "Strategy": "Plain",
        "Partial Mode": "Simple",
        "Parallel Aware": false,
        "Startup Cost": 80003261634.75,
        "Total Cost": 80003261634.76,
        "Plan Rows": 1,
        "Plan Width": 8,
        "Actual Startup Time": 10530.943,
        "Actual Total Time": 10530.983,
        "Actual Rows": 1,
        "Actual Loops": 1,
        "Output": [
            "count(*)"
        ],
        "Plans": [
            {
                "Node Type": "Hash Join",
                "Parent Relationship": "Outer",
                "Parallel Aware": false,
                "Join Type": "Inner",
                "Startup Cost": 80003248585.02,
                "Total Cost": 80003261634.74,
                "Plan Rows": 1,
                "Plan Width": 0,
                "Actual Startup Time": 10499.576,
                "Actual Total Time": 10530.973,
                "Actual Rows": 15,
                "Actual Loops": 1,
                "Inner Unique": true,
                "Hash Cond": "(mi.info_type_id = it.id)",
                "Plans": [
                    {
                        "Node Type": "Nested Loop",
                        "Parent Relationship": "Outer",
                        "Parallel Aware": false,
                        "Join Type": "Inner",
                        "Startup Cost": 80003248570.89,
                        "Total Cost": 80003261620.61,
                        "Plan Rows": 1,
                        "Plan Width": 4,
                        "Actual Startup Time": 10499.526,
                        "Actual Total Time": 10530.916,
                        "Actual Rows": 15,
                        "Actual Loops": 1,
                        "Output": [
                            "mi.info_type_id"
                        ],
                        "Inner Unique": true,
                        "Plans": [
                            {
                                "Node Type": "Nested Loop",
                                "Parent Relationship": "Outer",
                                "Parallel Aware": false,
                                "Join Type": "Inner",
                                "Startup Cost": 80003248570.47,
                                "Total Cost": 80003261620.15,
                                "Plan Rows": 1,
                                "Plan Width": 8,
                                "Actual Startup Time": 10493.206,
                                "Actual Total Time": 10527.677,
                                "Actual Rows": 1620,
                                "Actual Loops": 1,
                                "Output": [
                                    "mi.info_type_id",
                                    "mk.keyword_id"
                                ],
                                "Inner Unique": true,
                                "Plans": [
                                    {
                                        "Node Type": "Merge Join",
                                        "Parent Relationship": "Outer",
                                        "Parallel Aware": false,
                                        "Join Type": "Inner",
                                        "Startup Cost": 70003248570.04,
                                        "Total Cost": 70003261615.7,
                                        "Plan Rows": 1,
                                        "Plan Width": 12,
                                        "Actual Startup Time": 10492.983,
                                        "Actual Total Time": 10495.656,
                                        "Actual Rows": 7128,
                                        "Actual Loops": 1,
                                        "Output": [
                                            "mc.company_id",
                                            "mi.info_type_id",
                                            "mk.keyword_id"
                                        ],
                                        "Inner Unique": false,
                                        "Merge Cond": "(t.id = mc.movie_id)",
                                        "Plans": [
                                            {
                                                "Node Type": "Sort",
                                                "Parent Relationship": "Outer",
                                                "Parallel Aware": false,
                                                "Startup Cost": 60002925619.04,
                                                "Total Cost": 60002925619.05,
                                                "Plan Rows": 1,
                                                "Plan Width": 28,
                                                "Actual Startup Time": 9302.592,
                                                "Actual Total Time": 9302.669,
                                                "Actual Rows": 324,
                                                "Actual Loops": 1,
                                                "Output": [
                                                    "ci.movie_id",
                                                    "cc.movie_id",
                                                    "mi.movie_id",
                                                    "mi.info_type_id",
                                                    "mk.movie_id",
                                                    "mk.keyword_id",
                                                    "t.id"
                                                ],
                                                "Sort Key": [
                                                    "ci.movie_id"
                                                ],
                                                "Sort Method": "quicksort",
                                                "Sort Space Used": 50,
                                                "Sort Space Type": "Memory",
                                                "Plans": [
                                                    {
                                                        "Node Type": "Hash Join",
                                                        "Parent Relationship": "Outer",
                                                        "Parallel Aware": false,
                                                        "Join Type": "Inner",
                                                        "Startup Cost": 60002731477.25,
                                                        "Total Cost": 60002925619.03,
                                                        "Plan Rows": 1,
                                                        "Plan Width": 28,
                                                        "Actual Startup Time": 8982.009,
                                                        "Actual Total Time": 9302.529,
                                                        "Actual Rows": 324,
                                                        "Actual Loops": 1,
                                                        "Output": [
                                                            "ci.movie_id",
                                                            "cc.movie_id",
                                                            "mi.movie_id",
                                                            "mi.info_type_id",
                                                            "mk.movie_id",
                                                            "mk.keyword_id",
                                                            "t.id"
                                                        ],
                                                        "Inner Unique": false,
                                                        "Hash Cond": "(mk.movie_id = t.id)",
                                                        "Plans": [
                                                            {
                                                                "Node Type": "Index Scan",
                                                                "Parent Relationship": "Outer",
                                                                "Parallel Aware": false,
                                                                "Scan Direction": "Forward",
                                                                "Index Name": "movie_id_movie_keyword",
                                                                "Relation Name": "movie_keyword",
                                                                "Schema": "public",
                                                                "Alias": "mk",
                                                                "Startup Cost": 0.43,
                                                                "Total Cost": 177177.46,
                                                                "Plan Rows": 4523930,
                                                                "Plan Width": 8,
                                                                "Actual Startup Time": 0.017,
                                                                "Actual Total Time": 831.534,
                                                                "Actual Rows": 4523930,
                                                                "Actual Loops": 1,
                                                                "Output": [
                                                                    "mk.id",
                                                                    "mk.movie_id",
                                                                    "mk.keyword_id"
                                                                ]
                                                            },
                                                            {
                                                                "Node Type": "Hash",
                                                                "Parent Relationship": "Inner",
                                                                "Parallel Aware": false,
                                                                "Startup Cost": 60002731476.8,
                                                                "Total Cost": 60002731476.8,
                                                                "Plan Rows": 1,
                                                                "Plan Width": 20,
                                                                "Actual Startup Time": 7997.14,
                                                                "Actual Total Time": 7997.174,
                                                                "Actual Rows": 3,
                                                                "Actual Loops": 1,
                                                                "Output": [
                                                                    "ci.movie_id",
                                                                    "cc.movie_id",
                                                                    "mi.movie_id",
                                                                    "mi.info_type_id",
                                                                    "t.id"
                                                                ],
                                                                "Hash Buckets": 1024,
                                                                "Original Hash Buckets": 1024,
                                                                "Hash Batches": 1,
                                                                "Original Hash Batches": 1,
                                                                "Peak Memory Usage": 9,
                                                                "Plans": [
                                                                    {
                                                                        "Node Type": "Merge Join",
                                                                        "Parent Relationship": "Outer",
                                                                        "Parallel Aware": false,
                                                                        "Join Type": "Inner",
                                                                        "Startup Cost": 60002731476.74,
                                                                        "Total Cost": 60002731476.8,
                                                                        "Plan Rows": 1,
                                                                        "Plan Width": 20,
                                                                        "Actual Startup Time": 7997.136,
                                                                        "Actual Total Time": 7997.17,
                                                                        "Actual Rows": 3,
                                                                        "Actual Loops": 1,
                                                                        "Output": [
                                                                            "ci.movie_id",
                                                                            "cc.movie_id",
                                                                            "mi.movie_id",
                                                                            "mi.info_type_id",
                                                                            "t.id"
                                                                        ],
                                                                        "Inner Unique": false,
                                                                        "Merge Cond": "(t.id = mi.movie_id)",
                                                                        "Plans": [
                                                                            {
                                                                                "Node Type": "Sort",
                                                                                "Parent Relationship": "Outer",
                                                                                "Parallel Aware": false,
                                                                                "Startup Cost": 10000080243.78,
                                                                                "Total Cost": 10000080243.8,
                                                                                "Plan Rows": 9,
                                                                                "Plan Width": 4,
                                                                                "Actual Startup Time": 251.814,
                                                                                "Actual Total Time": 251.816,
                                                                                "Actual Rows": 3,
                                                                                "Actual Loops": 1,
                                                                                "Output": [
                                                                                    "t.id"
                                                                                ],
                                                                                "Sort Key": [
                                                                                    "t.id"
                                                                                ],
                                                                                "Sort Method": "quicksort",
                                                                                "Sort Space Used": 25,
                                                                                "Sort Space Type": "Memory",
                                                                                "Plans": [
                                                                                    {
                                                                                        "Node Type": "Seq Scan",
                                                                                        "Parent Relationship": "Outer",
                                                                                        "Parallel Aware": false,
                                                                                        "Relation Name": "title",
                                                                                        "Schema": "public",
                                                                                        "Alias": "t",
                                                                                        "Startup Cost": 10000000000.0,
                                                                                        "Total Cost": 10000080243.64,
                                                                                        "Plan Rows": 9,
                                                                                        "Plan Width": 4,
                                                                                        "Actual Startup Time": 10.357,
                                                                                        "Actual Total Time": 251.804,
                                                                                        "Actual Rows": 3,
                                                                                        "Actual Loops": 1,
                                                                                        "Output": [
                                                                                            "t.id"
                                                                                        ],
                                                                                        "Filter": "((t.production_year >= 1994) AND (t.production_year <= 2011) AND (t.title = 'Shrek 2'::text))",
                                                                                        "Rows Removed by Filter": 2528309
                                                                                    }
                                                                                ]
                                                                            },
                                                                            {
                                                                                "Node Type": "Sort",
                                                                                "Parent Relationship": "Inner",
                                                                                "Parallel Aware": false,
                                                                                "Startup Cost": 50002651232.96,
                                                                                "Total Cost": 50002651232.97,
                                                                                "Plan Rows": 1,
                                                                                "Plan Width": 16,
                                                                                "Actual Startup Time": 7745.313,
                                                                                "Actual Total Time": 7745.345,
                                                                                "Actual Rows": 3,
                                                                                "Actual Loops": 1,
                                                                                "Output": [
                                                                                    "ci.movie_id",
                                                                                    "cc.movie_id",
                                                                                    "mi.movie_id",
                                                                                    "mi.info_type_id"
                                                                                ],
                                                                                "Sort Key": [
                                                                                    "ci.movie_id"
                                                                                ],
                                                                                "Sort Method": "quicksort",
                                                                                "Sort Space Used": 25,
                                                                                "Sort Space Type": "Memory",
                                                                                "Plans": [
                                                                                    {
                                                                                        "Node Type": "Nested Loop",
                                                                                        "Parent Relationship": "Outer",
                                                                                        "Parallel Aware": false,
                                                                                        "Join Type": "Inner",
                                                                                        "Startup Cost": 50002651212.83,
                                                                                        "Total Cost": 50002651232.95,
                                                                                        "Plan Rows": 1,
                                                                                        "Plan Width": 16,
                                                                                        "Actual Startup Time": 7745.292,
                                                                                        "Actual Total Time": 7745.333,
                                                                                        "Actual Rows": 3,
                                                                                        "Actual Loops": 1,
                                                                                        "Output": [
                                                                                            "ci.movie_id",
                                                                                            "cc.movie_id",
                                                                                            "mi.movie_id",
                                                                                            "mi.info_type_id"
                                                                                        ],
                                                                                        "Inner Unique": true,
                                                                                        "Plans": [
                                                                                            {
                                                                                                "Node Type": "Merge Join",
                                                                                                "Parent Relationship": "Outer",
                                                                                                "Parallel Aware": false,
                                                                                                "Join Type": "Inner",
                                                                                                "Startup Cost": 40002651212.7,
                                                                                                "Total Cost": 40002651224.79,
                                                                                                "Plan Rows": 1,
                                                                                                "Plan Width": 20,
                                                                                                "Actual Startup Time": 7745.275,
                                                                                                "Actual Total Time": 7745.305,
                                                                                                "Actual Rows": 3,
                                                                                                "Actual Loops": 1,
                                                                                                "Output": [
                                                                                                    "ci.movie_id",
                                                                                                    "cc.movie_id",
                                                                                                    "cc.subject_id",
                                                                                                    "mi.movie_id",
                                                                                                    "mi.info_type_id"
                                                                                                ],
                                                                                                "Inner Unique": true,
                                                                                                "Merge Cond": "(cc.status_id = cct2.id)",
                                                                                                "Plans": [
                                                                                                    {
                                                                                                        "Node Type": "Sort",
                                                                                                        "Parent Relationship": "Outer",
                                                                                                        "Parallel Aware": false,
                                                                                                        "Startup Cost": 40002651212.57,
                                                                                                        "Total Cost": 40002651212.57,
                                                                                                        "Plan Rows": 1,
                                                                                                        "Plan Width": 24,
                                                                                                        "Actual Startup Time": 7745.253,
                                                                                                        "Actual Total Time": 7745.282,
                                                                                                        "Actual Rows": 9,
                                                                                                        "Actual Loops": 1,
                                                                                                        "Output": [
                                                                                                            "ci.movie_id",
                                                                                                            "cc.movie_id",
                                                                                                            "cc.subject_id",
                                                                                                            "cc.status_id",
                                                                                                            "mi.movie_id",
                                                                                                            "mi.info_type_id"
                                                                                                        ],
                                                                                                        "Sort Key": [
                                                                                                            "cc.status_id"
                                                                                                        ],
                                                                                                        "Sort Method": "quicksort",
                                                                                                        "Sort Space Used": 25,
                                                                                                        "Sort Space Type": "Memory",
                                                                                                        "Plans": [
                                                                                                            {
                                                                                                                "Node Type": "Nested Loop",
                                                                                                                "Parent Relationship": "Outer",
                                                                                                                "Parallel Aware": false,
                                                                                                                "Join Type": "Inner",
                                                                                                                "Startup Cost": 40002452055.6,
                                                                                                                "Total Cost": 40002651212.56,
                                                                                                                "Plan Rows": 1,
                                                                                                                "Plan Width": 24,
                                                                                                                "Actual Startup Time": 7005.184,
                                                                                                                "Actual Total Time": 7745.271,
                                                                                                                "Actual Rows": 9,
                                                                                                                "Actual Loops": 1,
                                                                                                                "Output": [
                                                                                                                    "ci.movie_id",
                                                                                                                    "cc.movie_id",
                                                                                                                    "cc.subject_id",
                                                                                                                    "cc.status_id",
                                                                                                                    "mi.movie_id",
                                                                                                                    "mi.info_type_id"
                                                                                                                ],
                                                                                                                "Inner Unique": false,
                                                                                                                "Join Filter": "(n.id = an.person_id)",
                                                                                                                "Rows Removed by Join Filter": 0,
                                                                                                                "Plans": [
                                                                                                                    {
                                                                                                                        "Node Type": "Hash Join",
                                                                                                                        "Parent Relationship": "Outer",
                                                                                                                        "Parallel Aware": false,
                                                                                                                        "Join Type": "Inner",
                                                                                                                        "Startup Cost": 30002452055.15,
                                                                                                                        "Total Cost": 30002651208.06,
                                                                                                                        "Plan Rows": 1,
                                                                                                                        "Plan Width": 36,
                                                                                                                        "Actual Startup Time": 7005.14,
                                                                                                                        "Actual Total Time": 7745.205,
                                                                                                                        "Actual Rows": 3,
                                                                                                                        "Actual Loops": 1,
                                                                                                                        "Output": [
                                                                                                                            "cc.movie_id",
                                                                                                                            "cc.subject_id",
                                                                                                                            "cc.status_id",
                                                                                                                            "ci.movie_id",
                                                                                                                            "ci.person_id",
                                                                                                                            "mi.movie_id",
                                                                                                                            "mi.info_type_id",
                                                                                                                            "n.id",
                                                                                                                            "pi.person_id"
                                                                                                                        ],
                                                                                                                        "Inner Unique": false,
                                                                                                                        "Hash Cond": "(n.id = ci.person_id)",
                                                                                                                        "Plans": [
                                                                                                                            {
                                                                                                                                "Node Type": "Index Scan",
                                                                                                                                "Parent Relationship": "Outer",
                                                                                                                                "Parallel Aware": false,
                                                                                                                                "Scan Direction": "Forward",
                                                                                                                                "Index Name": "name_pkey",
                                                                                                                                "Relation Name": "name",
                                                                                                                                "Schema": "public",
                                                                                                                                "Alias": "n",
                                                                                                                                "Startup Cost": 0.43,
                                                                                                                                "Total Cost": 199011.55,
                                                                                                                                "Plan Rows": 37808,
                                                                                                                                "Plan Width": 4,
                                                                                                                                "Actual Startup Time": 537.519,
                                                                                                                                "Actual Total Time": 1282.451,
                                                                                                                                "Actual Rows": 50011,
                                                                                                                                "Actual Loops": 1,
                                                                                                                                "Output": [
                                                                                                                                    "n.id",
                                                                                                                                    "n.name",
                                                                                                                                    "n.imdb_index",
                                                                                                                                    "n.imdb_id",
                                                                                                                                    "n.gender",
                                                                                                                                    "n.name_pcode_cf",
                                                                                                                                    "n.name_pcode_nf",
                                                                                                                                    "n.surname_pcode",
                                                                                                                                    "n.md5sum"
                                                                                                                                ],
                                                                                                                                "Filter": "((n.name ~~ '%An%'::text) AND ((n.gender)::text = 'f'::text))",
                                                                                                                                "Rows Removed by Filter": 4117480
                                                                                                                            },
                                                                                                                            {
                                                                                                                                "Node Type": "Hash",
                                                                                                                                "Parent Relationship": "Inner",
                                                                                                                                "Parallel Aware": false,
                                                                                                                                "Startup Cost": 30002452054.71,
                                                                                                                                "Total Cost": 30002452054.71,
                                                                                                                                "Plan Rows": 1,
                                                                                                                                "Plan Width": 32,
                                                                                                                                "Actual Startup Time": 6459.353,
                                                                                                                                "Actual Total Time": 6459.376,
                                                                                                                                "Actual Rows": 7,
                                                                                                                                "Actual Loops": 1,
                                                                                                                                "Output": [
                                                                                                                                    "cc.movie_id",
                                                                                                                                    "cc.subject_id",
                                                                                                                                    "cc.status_id",
                                                                                                                                    "ci.movie_id",
                                                                                                                                    "ci.person_id",
                                                                                                                                    "mi.movie_id",
                                                                                                                                    "mi.info_type_id",
                                                                                                                                    "pi.person_id"
                                                                                                                                ],
                                                                                                                                "Hash Buckets": 1024,
                                                                                                                                "Original Hash Buckets": 1024,
                                                                                                                                "Hash Batches": 1,
                                                                                                                                "Original Hash Batches": 1,
                                                                                                                                "Peak Memory Usage": 9,
                                                                                                                                "Plans": [
                                                                                                                                    {
                                                                                                                                        "Node Type": "Merge Join",
                                                                                                                                        "Parent Relationship": "Outer",
                                                                                                                                        "Parallel Aware": false,
                                                                                                                                        "Join Type": "Inner",
                                                                                                                                        "Startup Cost": 30002452054.68,
                                                                                                                                        "Total Cost": 30002452054.71,
                                                                                                                                        "Plan Rows": 1,
                                                                                                                                        "Plan Width": 32,
                                                                                                                                        "Actual Startup Time": 6459.346,
                                                                                                                                        "Actual Total Time": 6459.371,
                                                                                                                                        "Actual Rows": 7,
                                                                                                                                        "Actual Loops": 1,
                                                                                                                                        "Output": [
                                                                                                                                            "cc.movie_id",
                                                                                                                                            "cc.subject_id",
                                                                                                                                            "cc.status_id",
                                                                                                                                            "ci.movie_id",
                                                                                                                                            "ci.person_id",
                                                                                                                                            "mi.movie_id",
                                                                                                                                            "mi.info_type_id",
                                                                                                                                            "pi.person_id"
                                                                                                                                        ],
                                                                                                                                        "Inner Unique": false,
                                                                                                                                        "Merge Cond": "(ci.role_id = rt.id)",
                                                                                                                                        "Plans": [
                                                                                                                                            {
                                                                                                                                                "Node Type": "Sort",
                                                                                                                                                "Parent Relationship": "Outer",
                                                                                                                                                "Parallel Aware": false,
                                                                                                                                                "Startup Cost": 20002452053.52,
                                                                                                                                                "Total Cost": 20002452053.53,
                                                                                                                                                "Plan Rows": 1,
                                                                                                                                                "Plan Width": 36,
                                                                                                                                                "Actual Startup Time": 6459.322,
                                                                                                                                                "Actual Total Time": 6459.343,
                                                                                                                                                "Actual Rows": 7,
                                                                                                                                                "Actual Loops": 1,
                                                                                                                                                "Output": [
                                                                                                                                                    "cc.movie_id",
                                                                                                                                                    "cc.subject_id",
                                                                                                                                                    "cc.status_id",
                                                                                                                                                    "ci.movie_id",
                                                                                                                                                    "ci.person_id",
                                                                                                                                                    "ci.role_id",
                                                                                                                                                    "mi.movie_id",
                                                                                                                                                    "mi.info_type_id",
                                                                                                                                                    "pi.person_id"
                                                                                                                                                ],
                                                                                                                                                "Sort Key": [
                                                                                                                                                    "ci.role_id"
                                                                                                                                                ],
                                                                                                                                                "Sort Method": "quicksort",
                                                                                                                                                "Sort Space Used": 25,
                                                                                                                                                "Sort Space Type": "Memory",
                                                                                                                                                "Plans": [
                                                                                                                                                    {
                                                                                                                                                        "Node Type": "Nested Loop",
                                                                                                                                                        "Parent Relationship": "Outer",
                                                                                                                                                        "Parallel Aware": false,
                                                                                                                                                        "Join Type": "Inner",
                                                                                                                                                        "Startup Cost": 20002451996.03,
                                                                                                                                                        "Total Cost": 20002452053.51,
                                                                                                                                                        "Plan Rows": 1,
                                                                                                                                                        "Plan Width": 36,
                                                                                                                                                        "Actual Startup Time": 6458.861,
                                                                                                                                                        "Actual Total Time": 6459.334,
                                                                                                                                                        "Actual Rows": 7,
                                                                                                                                                        "Actual Loops": 1,
                                                                                                                                                        "Output": [
                                                                                                                                                            "cc.movie_id",
                                                                                                                                                            "cc.subject_id",
                                                                                                                                                            "cc.status_id",
                                                                                                                                                            "ci.movie_id",
                                                                                                                                                            "ci.person_id",
                                                                                                                                                            "ci.role_id",
                                                                                                                                                            "mi.movie_id",
                                                                                                                                                            "mi.info_type_id",
                                                                                                                                                            "pi.person_id"
                                                                                                                                                        ],
                                                                                                                                                        "Inner Unique": false,
                                                                                                                                                        "Plans": [
                                                                                                                                                            {
                                                                                                                                                                "Node Type": "Merge Join",
                                                                                                                                                                "Parent Relationship": "Outer",
                                                                                                                                                                "Parallel Aware": false,
                                                                                                                                                                "Join Type": "Inner",
                                                                                                                                                                "Startup Cost": 20002451995.59,
                                                                                                                                                                "Total Cost": 20002452051.21,
                                                                                                                                                                "Plan Rows": 1,
                                                                                                                                                                "Plan Width": 28,
                                                                                                                                                                "Actual Startup Time": 6458.698,
                                                                                                                                                                "Actual Total Time": 6458.721,
                                                                                                                                                                "Actual Rows": 7,
                                                                                                                                                                "Actual Loops": 1,
                                                                                                                                                                "Output": [
                                                                                                                                                                    "cc.movie_id",
                                                                                                                                                                    "cc.subject_id",
                                                                                                                                                                    "cc.status_id",
                                                                                                                                                                    "ci.movie_id",
                                                                                                                                                                    "ci.person_id",
                                                                                                                                                                    "ci.role_id",
                                                                                                                                                                    "pi.person_id"
                                                                                                                                                                ],
                                                                                                                                                                "Inner Unique": false,
                                                                                                                                                                "Merge Cond": "(chn.id = ci.person_role_id)",
                                                                                                                                                                "Plans": [
                                                                                                                                                                    {
                                                                                                                                                                        "Node Type": "Sort",
                                                                                                                                                                        "Parent Relationship": "Outer",
                                                                                                                                                                        "Parallel Aware": false,
                                                                                                                                                                        "Startup Cost": 10000075700.85,
                                                                                                                                                                        "Total Cost": 10000075700.85,
                                                                                                                                                                        "Plan Rows": 1,
                                                                                                                                                                        "Plan Width": 4,
                                                                                                                                                                        "Actual Startup Time": 254.456,
                                                                                                                                                                        "Actual Total Time": 254.465,
                                                                                                                                                                        "Actual Rows": 1,
                                                                                                                                                                        "Actual Loops": 1,
                                                                                                                                                                        "Output": [
                                                                                                                                                                            "chn.id"
                                                                                                                                                                        ],
                                                                                                                                                                        "Sort Key": [
                                                                                                                                                                            "chn.id"
                                                                                                                                                                        ],
                                                                                                                                                                        "Sort Method": "quicksort",
                                                                                                                                                                        "Sort Space Used": 25,
                                                                                                                                                                        "Sort Space Type": "Memory",
                                                                                                                                                                        "Plans": [
                                                                                                                                                                            {
                                                                                                                                                                                "Node Type": "Seq Scan",
                                                                                                                                                                                "Parent Relationship": "Outer",
                                                                                                                                                                                "Parallel Aware": false,
                                                                                                                                                                                "Relation Name": "char_name",
                                                                                                                                                                                "Schema": "public",
                                                                                                                                                                                "Alias": "chn",
                                                                                                                                                                                "Startup Cost": 10000000000.0,
                                                                                                                                                                                "Total Cost": 10000075700.84,
                                                                                                                                                                                "Plan Rows": 1,
                                                                                                                                                                                "Plan Width": 4,
                                                                                                                                                                                "Actual Startup Time": 14.358,
                                                                                                                                                                                "Actual Total Time": 254.449,
                                                                                                                                                                                "Actual Rows": 1,
                                                                                                                                                                                "Actual Loops": 1,
                                                                                                                                                                                "Output": [
                                                                                                                                                                                    "chn.id"
                                                                                                                                                                                ],
                                                                                                                                                                                "Filter": "(chn.name = 'Queen'::text)",
                                                                                                                                                                                "Rows Removed by Filter": 3140338
                                                                                                                                                                            }
                                                                                                                                                                        ]
                                                                                                                                                                    },
                                                                                                                                                                    {
                                                                                                                                                                        "Node Type": "Sort",
                                                                                                                                                                        "Parent Relationship": "Inner",
                                                                                                                                                                        "Parallel Aware": false,
                                                                                                                                                                        "Startup Cost": 10002376288.3,
                                                                                                                                                                        "Total Cost": 10002376351.95,
                                                                                                                                                                        "Plan Rows": 25458,
                                                                                                                                                                        "Plan Width": 32,
                                                                                                                                                                        "Actual Startup Time": 6202.382,
                                                                                                                                                                        "Actual Total Time": 6203.357,
                                                                                                                                                                        "Actual Rows": 10537,
                                                                                                                                                                        "Actual Loops": 1,
                                                                                                                                                                        "Output": [
                                                                                                                                                                            "cc.movie_id",
                                                                                                                                                                            "cc.subject_id",
                                                                                                                                                                            "cc.status_id",
                                                                                                                                                                            "ci.movie_id",
                                                                                                                                                                            "ci.person_id",
                                                                                                                                                                            "ci.role_id",
                                                                                                                                                                            "ci.person_role_id",
                                                                                                                                                                            "pi.person_id"
                                                                                                                                                                        ],
                                                                                                                                                                        "Sort Key": [
                                                                                                                                                                            "ci.person_role_id"
                                                                                                                                                                        ],
                                                                                                                                                                        "Sort Method": "quicksort",
                                                                                                                                                                        "Sort Space Used": 2812,
                                                                                                                                                                        "Sort Space Type": "Memory",
                                                                                                                                                                        "Plans": [
                                                                                                                                                                            {
                                                                                                                                                                                "Node Type": "Nested Loop",
                                                                                                                                                                                "Parent Relationship": "Outer",
                                                                                                                                                                                "Parallel Aware": false,
                                                                                                                                                                                "Join Type": "Inner",
                                                                                                                                                                                "Startup Cost": 10000207408.05,
                                                                                                                                                                                "Total Cost": 10002374425.31,
                                                                                                                                                                                "Plan Rows": 25458,
                                                                                                                                                                                "Plan Width": 32,
                                                                                                                                                                                "Actual Startup Time": 155.03,
                                                                                                                                                                                "Actual Total Time": 6191.381,
                                                                                                                                                                                "Actual Rows": 26162,
                                                                                                                                                                                "Actual Loops": 1,
                                                                                                                                                                                "Output": [
                                                                                                                                                                                    "cc.movie_id",
                                                                                                                                                                                    "cc.subject_id",
                                                                                                                                                                                    "cc.status_id",
                                                                                                                                                                                    "ci.movie_id",
                                                                                                                                                                                    "ci.person_id",
                                                                                                                                                                                    "ci.role_id",
                                                                                                                                                                                    "ci.person_role_id",
                                                                                                                                                                                    "pi.person_id"
                                                                                                                                                                                ],
                                                                                                                                                                                "Inner Unique": false,
                                                                                                                                                                                "Plans": [
                                                                                                                                                                                    {
                                                                                                                                                                                        "Node Type": "Hash Join",
                                                                                                                                                                                        "Parent Relationship": "Outer",
                                                                                                                                                                                        "Parallel Aware": false,
                                                                                                                                                                                        "Join Type": "Inner",
                                                                                                                                                                                        "Startup Cost": 207407.61,
                                                                                                                                                                                        "Total Cost": 1577205.89,
                                                                                                                                                                                        "Plan Rows": 177841,
                                                                                                                                                                                        "Plan Width": 20,
                                                                                                                                                                                        "Actual Startup Time": 151.751,
                                                                                                                                                                                        "Actual Total Time": 5113.211,
                                                                                                                                                                                        "Actual Rows": 281727,
                                                                                                                                                                                        "Actual Loops": 1,
                                                                                                                                                                                        "Output": [
                                                                                                                                                                                            "ci.movie_id",
                                                                                                                                                                                            "ci.person_id",
                                                                                                                                                                                            "ci.role_id",
                                                                                                                                                                                            "ci.person_role_id",
                                                                                                                                                                                            "pi.person_id"
                                                                                                                                                                                        ],
                                                                                                                                                                                        "Inner Unique": false,
                                                                                                                                                                                        "Hash Cond": "(ci.person_id = pi.person_id)",
                                                                                                                                                                                        "Plans": [
                                                                                                                                                                                            {
                                                                                                                                                                                                "Node Type": "Index Scan",
                                                                                                                                                                                                "Parent Relationship": "Outer",
                                                                                                                                                                                                "Parallel Aware": false,
                                                                                                                                                                                                "Scan Direction": "Forward",
                                                                                                                                                                                                "Index Name": "role_id_cast_info",
                                                                                                                                                                                                "Relation Name": "cast_info",
                                                                                                                                                                                                "Schema": "public",
                                                                                                                                                                                                "Alias": "ci",
                                                                                                                                                                                                "Startup Cost": 0.56,
                                                                                                                                                                                                "Total Cost": 1306022.11,
                                                                                                                                                                                                "Plan Rows": 799978,
                                                                                                                                                                                                "Plan Width": 16,
                                                                                                                                                                                                "Actual Startup Time": 0.028,
                                                                                                                                                                                                "Actual Total Time": 4810.046,
                                                                                                                                                                                                "Actual Rows": 836701,
                                                                                                                                                                                                "Actual Loops": 1,
                                                                                                                                                                                                "Output": [
                                                                                                                                                                                                    "ci.id",
                                                                                                                                                                                                    "ci.person_id",
                                                                                                                                                                                                    "ci.movie_id",
                                                                                                                                                                                                    "ci.person_role_id",
                                                                                                                                                                                                    "ci.note",
                                                                                                                                                                                                    "ci.nr_order",
                                                                                                                                                                                                    "ci.role_id"
                                                                                                                                                                                                ],
                                                                                                                                                                                                "Filter": "(ci.note = ANY ('{(voice),\"(voice) (uncredited)\",\"(voice: English version)\"}'::text[]))",
                                                                                                                                                                                                "Rows Removed by Filter": 35407643
                                                                                                                                                                                            },
                                                                                                                                                                                            {
                                                                                                                                                                                                "Node Type": "Hash",
                                                                                                                                                                                                "Parent Relationship": "Inner",
                                                                                                                                                                                                "Parallel Aware": false,
                                                                                                                                                                                                "Startup Cost": 207079.22,
                                                                                                                                                                                                "Total Cost": 207079.22,
                                                                                                                                                                                                "Plan Rows": 26226,
                                                                                                                                                                                                "Plan Width": 4,
                                                                                                                                                                                                "Actual Startup Time": 151.642,
                                                                                                                                                                                                "Actual Total Time": 151.645,
                                                                                                                                                                                                "Actual Rows": 142345,
                                                                                                                                                                                                "Actual Loops": 1,
                                                                                                                                                                                                "Output": [
                                                                                                                                                                                                    "pi.person_id"
                                                                                                                                                                                                ],
                                                                                                                                                                                                "Hash Buckets": 262144,
                                                                                                                                                                                                "Original Hash Buckets": 32768,
                                                                                                                                                                                                "Hash Batches": 1,
                                                                                                                                                                                                "Original Hash Batches": 1,
                                                                                                                                                                                                "Peak Memory Usage": 7053,
                                                                                                                                                                                                "Plans": [
                                                                                                                                                                                                    {
                                                                                                                                                                                                        "Node Type": "Nested Loop",
                                                                                                                                                                                                        "Parent Relationship": "Outer",
                                                                                                                                                                                                        "Parallel Aware": false,
                                                                                                                                                                                                        "Join Type": "Inner",
                                                                                                                                                                                                        "Startup Cost": 0.43,
                                                                                                                                                                                                        "Total Cost": 207079.22,
                                                                                                                                                                                                        "Plan Rows": 26226,
                                                                                                                                                                                                        "Plan Width": 4,
                                                                                                                                                                                                        "Actual Startup Time": 0.047,
                                                                                                                                                                                                        "Actual Total Time": 134.091,
                                                                                                                                                                                                        "Actual Rows": 142345,
                                                                                                                                                                                                        "Actual Loops": 1,
                                                                                                                                                                                                        "Output": [
                                                                                                                                                                                                            "pi.person_id"
                                                                                                                                                                                                        ],
                                                                                                                                                                                                        "Inner Unique": false,
                                                                                                                                                                                                        "Plans": [
                                                                                                                                                                                                            {
                                                                                                                                                                                                                "Node Type": "Seq Scan",
                                                                                                                                                                                                                "Parent Relationship": "Outer",
                                                                                                                                                                                                                "Parallel Aware": false,
                                                                                                                                                                                                                "Relation Name": "info_type",
                                                                                                                                                                                                                "Schema": "public",
                                                                                                                                                                                                                "Alias": "it3",
                                                                                                                                                                                                                "Startup Cost": 0.0,
                                                                                                                                                                                                                "Total Cost": 2.41,
                                                                                                                                                                                                                "Plan Rows": 1,
                                                                                                                                                                                                                "Plan Width": 4,
                                                                                                                                                                                                                "Actual Startup Time": 0.015,
                                                                                                                                                                                                                "Actual Total Time": 0.025,
                                                                                                                                                                                                                "Actual Rows": 1,
                                                                                                                                                                                                                "Actual Loops": 1,
                                                                                                                                                                                                                "Output": [
                                                                                                                                                                                                                    "it3.id",
                                                                                                                                                                                                                    "it3.info"
                                                                                                                                                                                                                ],
                                                                                                                                                                                                                "Filter": "((it3.info)::text = 'height'::text)",
                                                                                                                                                                                                                "Rows Removed by Filter": 112
                                                                                                                                                                                                            },
                                                                                                                                                                                                            {
                                                                                                                                                                                                                "Node Type": "Index Scan",
                                                                                                                                                                                                                "Parent Relationship": "Inner",
                                                                                                                                                                                                                "Parallel Aware": false,
                                                                                                                                                                                                                "Scan Direction": "Forward",
                                                                                                                                                                                                                "Index Name": "info_type_id_person_info",
                                                                                                                                                                                                                "Relation Name": "person_info",
                                                                                                                                                                                                                "Schema": "public",
                                                                                                                                                                                                                "Alias": "pi",
                                                                                                                                                                                                                "Startup Cost": 0.43,
                                                                                                                                                                                                                "Total Cost": 205729.76,
                                                                                                                                                                                                                "Plan Rows": 134705,
                                                                                                                                                                                                                "Plan Width": 8,
                                                                                                                                                                                                                "Actual Startup Time": 0.028,
                                                                                                                                                                                                                "Actual Total Time": 121.878,
                                                                                                                                                                                                                "Actual Rows": 142345,
                                                                                                                                                                                                                "Actual Loops": 1,
                                                                                                                                                                                                                "Output": [
                                                                                                                                                                                                                    "pi.id",
                                                                                                                                                                                                                    "pi.person_id",
                                                                                                                                                                                                                    "pi.info_type_id",
                                                                                                                                                                                                                    "pi.info",
                                                                                                                                                                                                                    "pi.note"
                                                                                                                                                                                                                ],
                                                                                                                                                                                                                "Index Cond": "(pi.info_type_id = it3.id)",
                                                                                                                                                                                                                "Rows Removed by Index Recheck": 0
                                                                                                                                                                                                            }
                                                                                                                                                                                                        ]
                                                                                                                                                                                                    }
                                                                                                                                                                                                ]
                                                                                                                                                                                            }
                                                                                                                                                                                        ]
                                                                                                                                                                                    },
                                                                                                                                                                                    {
                                                                                                                                                                                        "Node Type": "Bitmap Heap Scan",
                                                                                                                                                                                        "Parent Relationship": "Inner",
                                                                                                                                                                                        "Parallel Aware": false,
                                                                                                                                                                                        "Relation Name": "complete_cast",
                                                                                                                                                                                        "Schema": "public",
                                                                                                                                                                                        "Alias": "cc",
                                                                                                                                                                                        "Startup Cost": 0.44,
                                                                                                                                                                                        "Total Cost": 4.46,
                                                                                                                                                                                        "Plan Rows": 2,
                                                                                                                                                                                        "Plan Width": 12,
                                                                                                                                                                                        "Actual Startup Time": 0.002,
                                                                                                                                                                                        "Actual Total Time": 0.002,
                                                                                                                                                                                        "Actual Rows": 0,
                                                                                                                                                                                        "Actual Loops": 281727,
                                                                                                                                                                                        "Output": [
                                                                                                                                                                                            "cc.id",
                                                                                                                                                                                            "cc.movie_id",
                                                                                                                                                                                            "cc.subject_id",
                                                                                                                                                                                            "cc.status_id"
                                                                                                                                                                                        ],
                                                                                                                                                                                        "Recheck Cond": "(cc.movie_id = ci.movie_id)",
                                                                                                                                                                                        "Rows Removed by Index Recheck": 0,
                                                                                                                                                                                        "Exact Heap Blocks": 26162,
                                                                                                                                                                                        "Lossy Heap Blocks": 0,
                                                                                                                                                                                        "Plans": [
                                                                                                                                                                                            {
                                                                                                                                                                                                "Node Type": "Bitmap Index Scan",
                                                                                                                                                                                                "Parent Relationship": "Outer",
                                                                                                                                                                                                "Parallel Aware": false,
                                                                                                                                                                                                "Index Name": "movie_id_complete_cast",
                                                                                                                                                                                                "Startup Cost": 0.0,
                                                                                                                                                                                                "Total Cost": 0.44,
                                                                                                                                                                                                "Plan Rows": 2,
                                                                                                                                                                                                "Plan Width": 0,
                                                                                                                                                                                                "Actual Startup Time": 0.002,
                                                                                                                                                                                                "Actual Total Time": 0.002,
                                                                                                                                                                                                "Actual Rows": 0,
                                                                                                                                                                                                "Actual Loops": 281727,
                                                                                                                                                                                                "Index Cond": "(cc.movie_id = ci.movie_id)"
                                                                                                                                                                                            }
                                                                                                                                                                                        ]
                                                                                                                                                                                    }
                                                                                                                                                                                ]
                                                                                                                                                                            }
                                                                                                                                                                        ]
                                                                                                                                                                    }
                                                                                                                                                                ]
                                                                                                                                                            },
                                                                                                                                                            {
                                                                                                                                                                "Node Type": "Index Scan",
                                                                                                                                                                "Parent Relationship": "Inner",
                                                                                                                                                                "Parallel Aware": false,
                                                                                                                                                                "Scan Direction": "Forward",
                                                                                                                                                                "Index Name": "movie_id_movie_info",
                                                                                                                                                                "Relation Name": "movie_info",
                                                                                                                                                                "Schema": "public",
                                                                                                                                                                "Alias": "mi",
                                                                                                                                                                "Startup Cost": 0.43,
                                                                                                                                                                "Total Cost": 2.3,
                                                                                                                                                                "Plan Rows": 1,
                                                                                                                                                                "Plan Width": 8,
                                                                                                                                                                "Actual Startup Time": 0.048,
                                                                                                                                                                "Actual Total Time": 0.087,
                                                                                                                                                                "Actual Rows": 1,
                                                                                                                                                                "Actual Loops": 7,
                                                                                                                                                                "Output": [
                                                                                                                                                                    "mi.id",
                                                                                                                                                                    "mi.movie_id",
                                                                                                                                                                    "mi.info_type_id",
                                                                                                                                                                    "mi.info",
                                                                                                                                                                    "mi.note"
                                                                                                                                                                ],
                                                                                                                                                                "Index Cond": "(mi.movie_id = ci.movie_id)",
                                                                                                                                                                "Rows Removed by Index Recheck": 0,
                                                                                                                                                                "Filter": "(mi.info ~~ 'USA:%200%'::text)",
                                                                                                                                                                "Rows Removed by Filter": 223
                                                                                                                                                            }
                                                                                                                                                        ]
                                                                                                                                                    }
                                                                                                                                                ]
                                                                                                                                            },
                                                                                                                                            {
                                                                                                                                                "Node Type": "Sort",
                                                                                                                                                "Parent Relationship": "Inner",
                                                                                                                                                "Parallel Aware": false,
                                                                                                                                                "Startup Cost": 10000000001.16,
                                                                                                                                                "Total Cost": 10000000001.16,
                                                                                                                                                "Plan Rows": 1,
                                                                                                                                                "Plan Width": 4,
                                                                                                                                                "Actual Startup Time": 0.021,
                                                                                                                                                "Actual Total Time": 0.022,
                                                                                                                                                "Actual Rows": 1,
                                                                                                                                                "Actual Loops": 1,
                                                                                                                                                "Output": [
                                                                                                                                                    "rt.id"
                                                                                                                                                ],
                                                                                                                                                "Sort Key": [
                                                                                                                                                    "rt.id"
                                                                                                                                                ],
                                                                                                                                                "Sort Method": "quicksort",
                                                                                                                                                "Sort Space Used": 25,
                                                                                                                                                "Sort Space Type": "Memory",
                                                                                                                                                "Plans": [
                                                                                                                                                    {
                                                                                                                                                        "Node Type": "Seq Scan",
                                                                                                                                                        "Parent Relationship": "Outer",
                                                                                                                                                        "Parallel Aware": false,
                                                                                                                                                        "Relation Name": "role_type",
                                                                                                                                                        "Schema": "public",
                                                                                                                                                        "Alias": "rt",
                                                                                                                                                        "Startup Cost": 10000000000.0,
                                                                                                                                                        "Total Cost": 10000000001.15,
                                                                                                                                                        "Plan Rows": 1,
                                                                                                                                                        "Plan Width": 4,
                                                                                                                                                        "Actual Startup Time": 0.012,
                                                                                                                                                        "Actual Total Time": 0.013,
                                                                                                                                                        "Actual Rows": 1,
                                                                                                                                                        "Actual Loops": 1,
                                                                                                                                                        "Output": [
                                                                                                                                                            "rt.id"
                                                                                                                                                        ],
                                                                                                                                                        "Filter": "((rt.role)::text = 'actress'::text)",
                                                                                                                                                        "Rows Removed by Filter": 11
                                                                                                                                                    }
                                                                                                                                                ]
                                                                                                                                            }
                                                                                                                                        ]
                                                                                                                                    }
                                                                                                                                ]
                                                                                                                            }
                                                                                                                        ]
                                                                                                                    },
                                                                                                                    {
                                                                                                                        "Node Type": "Bitmap Heap Scan",
                                                                                                                        "Parent Relationship": "Inner",
                                                                                                                        "Parallel Aware": false,
                                                                                                                        "Relation Name": "aka_name",
                                                                                                                        "Schema": "public",
                                                                                                                        "Alias": "an",
                                                                                                                        "Startup Cost": 0.44,
                                                                                                                        "Total Cost": 4.47,
                                                                                                                        "Plan Rows": 2,
                                                                                                                        "Plan Width": 4,
                                                                                                                        "Actual Startup Time": 0.015,
                                                                                                                        "Actual Total Time": 0.016,
                                                                                                                        "Actual Rows": 3,
                                                                                                                        "Actual Loops": 3,
                                                                                                                        "Output": [
                                                                                                                            "an.id",
                                                                                                                            "an.person_id",
                                                                                                                            "an.name",
                                                                                                                            "an.imdb_index",
                                                                                                                            "an.name_pcode_cf",
                                                                                                                            "an.name_pcode_nf",
                                                                                                                            "an.surname_pcode",
                                                                                                                            "an.md5sum"
                                                                                                                        ],
                                                                                                                        "Recheck Cond": "(an.person_id = pi.person_id)",
                                                                                                                        "Rows Removed by Index Recheck": 0,
                                                                                                                        "Exact Heap Blocks": 6,
                                                                                                                        "Lossy Heap Blocks": 0,
                                                                                                                        "Plans": [
                                                                                                                            {
                                                                                                                                "Node Type": "Bitmap Index Scan",
                                                                                                                                "Parent Relationship": "Outer",
                                                                                                                                "Parallel Aware": false,
                                                                                                                                "Index Name": "person_id_aka_name",
                                                                                                                                "Startup Cost": 0.0,
                                                                                                                                "Total Cost": 0.44,
                                                                                                                                "Plan Rows": 2,
                                                                                                                                "Plan Width": 0,
                                                                                                                                "Actual Startup Time": 0.008,
                                                                                                                                "Actual Total Time": 0.008,
                                                                                                                                "Actual Rows": 3,
                                                                                                                                "Actual Loops": 3,
                                                                                                                                "Index Cond": "(an.person_id = pi.person_id)"
                                                                                                                            }
                                                                                                                        ]
                                                                                                                    }
                                                                                                                ]
                                                                                                            }
                                                                                                        ]
                                                                                                    },
                                                                                                    {
                                                                                                        "Node Type": "Index Scan",
                                                                                                        "Parent Relationship": "Inner",
                                                                                                        "Parallel Aware": false,
                                                                                                        "Scan Direction": "Forward",
                                                                                                        "Index Name": "comp_cast_type_pkey",
                                                                                                        "Relation Name": "comp_cast_type",
                                                                                                        "Schema": "public",
                                                                                                        "Alias": "cct2",
                                                                                                        "Startup Cost": 0.13,
                                                                                                        "Total Cost": 12.2,
                                                                                                        "Plan Rows": 1,
                                                                                                        "Plan Width": 4,
                                                                                                        "Actual Startup Time": 0.014,
                                                                                                        "Actual Total Time": 0.015,
                                                                                                        "Actual Rows": 1,
                                                                                                        "Actual Loops": 1,
                                                                                                        "Output": [
                                                                                                            "cct2.id",
                                                                                                            "cct2.kind"
                                                                                                        ],
                                                                                                        "Filter": "((cct2.kind)::text = 'complete+verified'::text)",
                                                                                                        "Rows Removed by Filter": 3
                                                                                                    }
                                                                                                ]
                                                                                            },
                                                                                            {
                                                                                                "Node Type": "Bitmap Heap Scan",
                                                                                                "Parent Relationship": "Inner",
                                                                                                "Parallel Aware": false,
                                                                                                "Relation Name": "comp_cast_type",
                                                                                                "Schema": "public",
                                                                                                "Alias": "cct1",
                                                                                                "Startup Cost": 0.14,
                                                                                                "Total Cost": 4.15,
                                                                                                "Plan Rows": 1,
                                                                                                "Plan Width": 4,
                                                                                                "Actual Startup Time": 0.003,
                                                                                                "Actual Total Time": 0.004,
                                                                                                "Actual Rows": 1,
                                                                                                "Actual Loops": 3,
                                                                                                "Output": [
                                                                                                    "cct1.id",
                                                                                                    "cct1.kind"
                                                                                                ],
                                                                                                "Recheck Cond": "(cct1.id = cc.subject_id)",
                                                                                                "Rows Removed by Index Recheck": 0,
                                                                                                "Filter": "((cct1.kind)::text = 'cast'::text)",
                                                                                                "Rows Removed by Filter": 0,
                                                                                                "Exact Heap Blocks": 3,
                                                                                                "Lossy Heap Blocks": 0,
                                                                                                "Plans": [
                                                                                                    {
                                                                                                        "Node Type": "Bitmap Index Scan",
                                                                                                        "Parent Relationship": "Outer",
                                                                                                        "Parallel Aware": false,
                                                                                                        "Index Name": "comp_cast_type_pkey",
                                                                                                        "Startup Cost": 0.0,
                                                                                                        "Total Cost": 0.14,
                                                                                                        "Plan Rows": 1,
                                                                                                        "Plan Width": 0,
                                                                                                        "Actual Startup Time": 0.002,
                                                                                                        "Actual Total Time": 0.002,
                                                                                                        "Actual Rows": 1,
                                                                                                        "Actual Loops": 3,
                                                                                                        "Index Cond": "(cct1.id = cc.subject_id)"
                                                                                                    }
                                                                                                ]
                                                                                            }
                                                                                        ]
                                                                                    }
                                                                                ]
                                                                            }
                                                                        ]
                                                                    }
                                                                ]
                                                            }
                                                        ]
                                                    }
                                                ]
                                            },
                                            {
                                                "Node Type": "Sort",
                                                "Parent Relationship": "Inner",
                                                "Parallel Aware": false,
                                                "Startup Cost": 10000322951.0,
                                                "Total Cost": 10000329473.82,
                                                "Plan Rows": 2609129,
                                                "Plan Width": 8,
                                                "Actual Startup Time": 1016.635,
                                                "Actual Total Time": 1088.315,
                                                "Actual Rows": 2129748,
                                                "Actual Loops": 1,
                                                "Output": [
                                                    "mc.movie_id",
                                                    "mc.company_id"
                                                ],
                                                "Sort Key": [
                                                    "mc.movie_id"
                                                ],
                                                "Sort Method": "quicksort",
                                                "Sort Space Used": 220607,
                                                "Sort Space Type": "Memory",
                                                "Plans": [
                                                    {
                                                        "Node Type": "Seq Scan",
                                                        "Parent Relationship": "Outer",
                                                        "Parallel Aware": false,
                                                        "Relation Name": "movie_companies",
                                                        "Schema": "public",
                                                        "Alias": "mc",
                                                        "Startup Cost": 10000000000.0,
                                                        "Total Cost": 10000044881.29,
                                                        "Plan Rows": 2609129,
                                                        "Plan Width": 8,
                                                        "Actual Startup Time": 0.02,
                                                        "Actual Total Time": 400.253,
                                                        "Actual Rows": 2609129,
                                                        "Actual Loops": 1,
                                                        "Output": [
                                                            "mc.movie_id",
                                                            "mc.company_id"
                                                        ]
                                                    }
                                                ]
                                            }
                                        ]
                                    },
                                    {
                                        "Node Type": "Bitmap Heap Scan",
                                        "Parent Relationship": "Inner",
                                        "Parallel Aware": false,
                                        "Relation Name": "company_name",
                                        "Schema": "public",
                                        "Alias": "cn",
                                        "Startup Cost": 0.43,
                                        "Total Cost": 4.44,
                                        "Plan Rows": 1,
                                        "Plan Width": 4,
                                        "Actual Startup Time": 0.003,
                                        "Actual Total Time": 0.003,
                                        "Actual Rows": 0,
                                        "Actual Loops": 7128,
                                        "Output": [
                                            "cn.id",
                                            "cn.name",
                                            "cn.country_code",
                                            "cn.imdb_id",
                                            "cn.name_pcode_nf",
                                            "cn.name_pcode_sf",
                                            "cn.md5sum"
                                        ],
                                        "Recheck Cond": "(cn.id = mc.company_id)",
                                        "Rows Removed by Index Recheck": 0,
                                        "Filter": "((cn.country_code)::text = '[us]'::text)",
                                        "Rows Removed by Filter": 1,
                                        "Exact Heap Blocks": 7128,
                                        "Lossy Heap Blocks": 0,
                                        "Plans": [
                                            {
                                                "Node Type": "Bitmap Index Scan",
                                                "Parent Relationship": "Outer",
                                                "Parallel Aware": false,
                                                "Index Name": "company_name_pkey",
                                                "Startup Cost": 0.0,
                                                "Total Cost": 0.43,
                                                "Plan Rows": 1,
                                                "Plan Width": 0,
                                                "Actual Startup Time": 0.002,
                                                "Actual Total Time": 0.002,
                                                "Actual Rows": 1,
                                                "Actual Loops": 7128,
                                                "Index Cond": "(cn.id = mc.company_id)"
                                            }
                                        ]
                                    }
                                ]
                            },
                            {
                                "Node Type": "Index Scan",
                                "Parent Relationship": "Inner",
                                "Parallel Aware": false,
                                "Scan Direction": "Forward",
                                "Index Name": "keyword_pkey",
                                "Relation Name": "keyword",
                                "Schema": "public",
                                "Alias": "k",
                                "Startup Cost": 0.42,
                                "Total Cost": 0.44,
                                "Plan Rows": 1,
                                "Plan Width": 4,
                                "Actual Startup Time": 0.002,
                                "Actual Total Time": 0.002,
                                "Actual Rows": 0,
                                "Actual Loops": 1620,
                                "Output": [
                                    "k.id",
                                    "k.keyword",
                                    "k.phonetic_code"
                                ],
                                "Index Cond": "(k.id = mk.keyword_id)",
                                "Rows Removed by Index Recheck": 0,
                                "Filter": "(k.keyword = 'computer-animation'::text)",
                                "Rows Removed by Filter": 1
                            }
                        ]
                    },
                    {
                        "Node Type": "Hash",
                        "Parent Relationship": "Inner",
                        "Parallel Aware": false,
                        "Startup Cost": 14.12,
                        "Total Cost": 14.12,
                        "Plan Rows": 1,
                        "Plan Width": 4,
                        "Actual Startup Time": 0.033,
                        "Actual Total Time": 0.033,
                        "Actual Rows": 1,
                        "Actual Loops": 1,
                        "Output": [
                            "it.id"
                        ],
                        "Hash Buckets": 1024,
                        "Original Hash Buckets": 1024,
                        "Hash Batches": 1,
                        "Original Hash Batches": 1,
                        "Peak Memory Usage": 9,
                        "Plans": [
                            {
                                "Node Type": "Index Scan",
                                "Parent Relationship": "Outer",
                                "Parallel Aware": false,
                                "Scan Direction": "Forward",
                                "Index Name": "info_type_pkey",
                                "Relation Name": "info_type",
                                "Schema": "public",
                                "Alias": "it",
                                "Startup Cost": 0.14,
                                "Total Cost": 14.12,
                                "Plan Rows": 1,
                                "Plan Width": 4,
                                "Actual Startup Time": 0.021,
                                "Actual Total Time": 0.031,
                                "Actual Rows": 1,
                                "Actual Loops": 1,
                                "Output": [
                                    "it.id"
                                ],
                                "Filter": "((it.info)::text = 'release dates'::text)",
                                "Rows Removed by Filter": 112
                            }
                        ]
                    }
                ]
            }
        ]
    },
    "Planning Time": 2275.915,
    "Triggers": [],
    "Execution Time": 10531.321
}