[
  {
    "Plan": {
      "Node Type": "Aggregate",
      "Strategy": "Plain",
      "Partial Mode": "Finalize",
      "Parallel Aware": false,
      "Startup Cost": 100170.7,
      "Total Cost": 100170.71,
      "Plan Rows": 1,
      "Plan Width": 8,
      "Actual Startup Time": 555.746,
      "Actual Total Time": 568.343,
      "Actual Rows": 1,
      "Actual Loops": 1,
      "Plans": [
        {
          "Node Type": "Gather",
          "Parent Relationship": "Outer",
          "Parallel Aware": false,
          "Startup Cost": 100170.38,
          "Total Cost": 100170.69,
          "Plan Rows": 3,
          "Plan Width": 8,
          "Actual Startup Time": 549.572,
          "Actual Total Time": 568.335,
          "Actual Rows": 4,
          "Actual Loops": 1,
          "Workers Planned": 3,
          "Workers Launched": 3,
          "Single Copy": false,
          "Plans": [
            {
              "Node Type": "Aggregate",
              "Strategy": "Plain",
              "Partial Mode": "Partial",
              "Parent Relationship": "Outer",
              "Parallel Aware": false,
              "Startup Cost": 99170.38,
              "Total Cost": 99170.39,
              "Plan Rows": 1,
              "Plan Width": 8,
              "Actual Startup Time": 543.09,
              "Actual Total Time": 543.095,
              "Actual Rows": 1,
              "Actual Loops": 4,
              "Plans": [
                {
                  "Node Type": "Hash Join",
                  "Parent Relationship": "Outer",
                  "Parallel Aware": true,
                  "Join Type": "Inner",
                  "Startup Cost": 49954.72,
                  "Total Cost": 96419.27,
                  "Plan Rows": 1100442,
                  "Plan Width": 0,
                  "Actual Startup Time": 256.875,
                  "Actual Total Time": 509.339,
                  "Actual Rows": 793172,
                  "Actual Loops": 4,
                  "Inner Unique": true,
                  "Hash Cond": "(mk.movie_id = t.id)",
                  "Plans": [
                    {
                      "Node Type": "Seq Scan",
                      "Parent Relationship": "Outer",
                      "Parallel Aware": true,
                      "Relation Name": "movie_keyword",
                      "Alias": "mk",
                      "Startup Cost": 0.0,
                      "Total Cost": 42695.65,
                      "Plan Rows": 1435768,
                      "Plan Width": 4,
                      "Actual Startup Time": 0.012,
                      "Actual Total Time": 106.059,
                      "Actual Rows": 1112990,
                      "Actual Loops": 4,
                      "Filter": "(keyword_id > 62)",
                      "Rows Removed by Filter": 17992
                    },
                    {
                      "Node Type": "Hash",
                      "Parent Relationship": "Inner",
                      "Parallel Aware": true,
                      "Startup Cost": 43899.01,
                      "Total Cost": 43899.01,
                      "Plan Rows": 484457,
                      "Plan Width": 4,
                      "Actual Startup Time": 252.34,
                      "Actual Total Time": 252.341,
                      "Actual Rows": 486816,
                      "Actual Loops": 4,
                      "Hash Buckets": 2097152,
                      "Original Hash Buckets": 2097152,
                      "Hash Batches": 1,
                      "Original Hash Batches": 1,
                      "Peak Memory Usage": 92608,
                      "Plans": [
                        {
                          "Node Type": "Seq Scan",
                          "Parent Relationship": "Outer",
                          "Parallel Aware": true,
                          "Relation Name": "title",
                          "Alias": "t",
                          "Startup Cost": 0.0,
                          "Total Cost": 43899.01,
                          "Plan Rows": 484457,
                          "Plan Width": 4,
                          "Actual Startup Time": 0.026,
                          "Actual Total Time": 98.559,
                          "Actual Rows": 486816,
                          "Actual Loops": 4,
                          "Filter": "(production_year > 1979)",
                          "Rows Removed by Filter": 145262
                        }
                      ]
                    }
                  ]
                }
              ]
            }
          ]
        }
      ]
    },
    "Planning Time": 0.265,
    "Triggers": [],
    "Execution Time": 568.375
  }
]