[
  {
    "Plan": {
      "Node Type": "Aggregate",
      "Strategy": "Plain",
      "Partial Mode": "Finalize",
      "Parallel Aware": false,
      "Startup Cost": 124520.34,
      "Total Cost": 124520.35,
      "Plan Rows": 1,
      "Plan Width": 8,
      "Actual Startup Time": 437.645,
      "Actual Total Time": 457.401,
      "Actual Rows": 1,
      "Actual Loops": 1,
      "Plans": [
        {
          "Node Type": "Gather",
          "Parent Relationship": "Outer",
          "Parallel Aware": false,
          "Startup Cost": 124520.02,
          "Total Cost": 124520.33,
          "Plan Rows": 3,
          "Plan Width": 8,
          "Actual Startup Time": 435.698,
          "Actual Total Time": 457.389,
          "Actual Rows": 4,
          "Actual Loops": 1,
          "Workers Planned": 3,
          "Workers Launched": 3,
          "Single Copy": false,
          "Plans": [
            {
              "Node Type": "Aggregate",
              "Strategy": "Plain",
              "Partial Mode": "Partial",
              "Parent Relationship": "Outer",
              "Parallel Aware": false,
              "Startup Cost": 123520.02,
              "Total Cost": 123520.03,
              "Plan Rows": 1,
              "Plan Width": 8,
              "Actual Startup Time": 427.16,
              "Actual Total Time": 427.167,
              "Actual Rows": 1,
              "Actual Loops": 4,
              "Plans": [
                {
                  "Node Type": "Hash Join",
                  "Parent Relationship": "Outer",
                  "Parallel Aware": true,
                  "Join Type": "Inner",
                  "Startup Cost": 78741.57,
                  "Total Cost": 123407.09,
                  "Plan Rows": 45172,
                  "Plan Width": 0,
                  "Actual Startup Time": 243.785,
                  "Actual Total Time": 424.641,
                  "Actual Rows": 56555,
                  "Actual Loops": 4,
                  "Inner Unique": false,
                  "Hash Cond": "(mk.movie_id = t.id)",
                  "Plans": [
                    {
                      "Node Type": "Seq Scan",
                      "Parent Relationship": "Outer",
                      "Parallel Aware": true,
                      "Relation Name": "movie_keyword",
                      "Alias": "mk",
                      "Startup Cost": 0.0,
                      "Total Cost": 39047.32,
                      "Plan Rows": 1459332,
                      "Plan Width": 4,
                      "Actual Startup Time": 0.03,
                      "Actual Total Time": 92.213,
                      "Actual Rows": 1130982,
                      "Actual Loops": 4
                    },
                    {
                      "Node Type": "Hash",
                      "Parent Relationship": "Inner",
                      "Parallel Aware": true,
                      "Startup Cost": 78426.0,
                      "Total Cost": 78426.0,
                      "Plan Rows": 25245,
                      "Plan Width": 8,
                      "Actual Startup Time": 241.694,
                      "Actual Total Time": 241.699,
                      "Actual Rows": 14755,
                      "Actual Loops": 4,
                      "Hash Buckets": 131072,
                      "Original Hash Buckets": 131072,
                      "Hash Batches": 1,
                      "Original Hash Batches": 1,
                      "Peak Memory Usage": 3392,
                      "Plans": [
                        {
                          "Node Type": "Hash Join",
                          "Parent Relationship": "Outer",
                          "Parallel Aware": true,
                          "Join Type": "Inner",
                          "Startup Cost": 46496.62,
                          "Total Cost": 78426.0,
                          "Plan Rows": 25245,
                          "Plan Width": 8,
                          "Actual Startup Time": 135.018,
                          "Actual Total Time": 237.746,
                          "Actual Rows": 14755,
                          "Actual Loops": 4,
                          "Inner Unique": true,
                          "Hash Cond": "(mc.movie_id = t.id)",
                          "Plans": [
                            {
                              "Node Type": "Seq Scan",
                              "Parent Relationship": "Outer",
                              "Parallel Aware": true,
                              "Relation Name": "movie_companies",
                              "Alias": "mc",
                              "Startup Cost": 0.0,
                              "Total Cost": 31414.82,
                              "Plan Rows": 196024,
                              "Plan Width": 4,
                              "Actual Startup Time": 0.021,
                              "Actual Total Time": 67.613,
                              "Actual Rows": 206051,
                              "Actual Loops": 4,
                              "Filter": "((company_id < 11141) AND (company_type_id < 2))",
                              "Rows Removed by Filter": 446231
                            },
                            {
                              "Node Type": "Hash",
                              "Parent Relationship": "Inner",
                              "Parallel Aware": true,
                              "Startup Cost": 45479.1,
                              "Total Cost": 45479.1,
                              "Plan Rows": 81402,
                              "Plan Width": 4,
                              "Actual Startup Time": 132.827,
                              "Actual Total Time": 132.828,
                              "Actual Rows": 87384,
                              "Actual Loops": 4,
                              "Hash Buckets": 524288,
                              "Original Hash Buckets": 524288,
                              "Hash Batches": 1,
                              "Original Hash Batches": 1,
                              "Peak Memory Usage": 17856,
                              "Plans": [
                                {
                                  "Node Type": "Seq Scan",
                                  "Parent Relationship": "Outer",
                                  "Parallel Aware": true,
                                  "Relation Name": "title",
                                  "Alias": "t",
                                  "Startup Cost": 0.0,
                                  "Total Cost": 45479.1,
                                  "Plan Rows": 81402,
                                  "Plan Width": 4,
                                  "Actual Startup Time": 0.04,
                                  "Actual Total Time": 99.689,
                                  "Actual Rows": 87384,
                                  "Actual Loops": 4,
                                  "Filter": "((production_year > 2009) AND (kind_id = 7))",
                                  "Rows Removed by Filter": 544694
                                }
                              ]
                            }
                          ]
                        }
                      ]
                    }
                  ]
                }
              ]
            }
          ]
        }
      ]
    },
    "Planning Time": 1.523,
    "Triggers": [],
    "Execution Time": 457.486
  }
]