[
  {
    "Plan": {
      "Node Type": "Aggregate",
      "Strategy": "Plain",
      "Partial Mode": "Finalize",
      "Parallel Aware": false,
      "Startup Cost": 346626.73,
      "Total Cost": 346626.74,
      "Plan Rows": 1,
      "Plan Width": 8,
      "Actual Startup Time": 707.967,
      "Actual Total Time": 754.117,
      "Actual Rows": 1,
      "Actual Loops": 1,
      "Plans": [
        {
          "Node Type": "Gather",
          "Parent Relationship": "Outer",
          "Parallel Aware": false,
          "Startup Cost": 346626.11,
          "Total Cost": 346626.72,
          "Plan Rows": 6,
          "Plan Width": 8,
          "Actual Startup Time": 707.754,
          "Actual Total Time": 754.105,
          "Actual Rows": 7,
          "Actual Loops": 1,
          "Workers Planned": 6,
          "Workers Launched": 6,
          "Single Copy": false,
          "Plans": [
            {
              "Node Type": "Aggregate",
              "Strategy": "Plain",
              "Partial Mode": "Partial",
              "Parent Relationship": "Outer",
              "Parallel Aware": false,
              "Startup Cost": 345626.11,
              "Total Cost": 345626.12,
              "Plan Rows": 1,
              "Plan Width": 8,
              "Actual Startup Time": 698.213,
              "Actual Total Time": 698.215,
              "Actual Rows": 1,
              "Actual Loops": 7,
              "Plans": [
                {
                  "Node Type": "Seq Scan",
                  "Parent Relationship": "Outer",
                  "Parallel Aware": true,
                  "Relation Name": "cast_info",
                  "Alias": "ci",
                  "Startup Cost": 0.0,
                  "Total Cost": 343316.27,
                  "Plan Rows": 923935,
                  "Plan Width": 0,
                  "Actual Startup Time": 264.932,
                  "Actual Total Time": 679.166,
                  "Actual Rows": 342273,
                  "Actual Loops": 7,
                  "Filter": "((person_id < 845392) AND (role_id > 1))",
                  "Rows Removed by Filter": 4835490
                }
              ]
            }
          ]
        }
      ]
    },
    "Planning Time": 0.2,
    "Triggers": [],
    "Execution Time": 754.18
  }
]