{
  "Plan": {
    "Node Type": "Aggregate",
    "Strategy": "Plain",
    "Partial Mode": "Finalize",
    "Parallel Aware": false,
    "Startup Cost": 324866.33,
    "Total Cost": 324866.34,
    "Plan Rows": 1,
    "Plan Width": 8,
    "Actual Startup Time": 795.904,
    "Actual Total Time": 811.192,
    "Actual Rows": 1,
    "Actual Loops": 1,
    "Plans": [
      {
        "Node Type": "Gather",
        "Parent Relationship": "Outer",
        "Parallel Aware": false,
        "Startup Cost": 324866.21,
        "Total Cost": 324866.32,
        "Plan Rows": 1,
        "Plan Width": 8,
        "Actual Startup Time": 790.38,
        "Actual Total Time": 811.183,
        "Actual Rows": 2,
        "Actual Loops": 1,
        "Workers Planned": 1,
        "Workers Launched": 1,
        "Single Copy": false,
        "Plans": [
          {
            "Node Type": "Aggregate",
            "Strategy": "Plain",
            "Partial Mode": "Partial",
            "Parent Relationship": "Outer",
            "Parallel Aware": false,
            "Startup Cost": 323866.21,
            "Total Cost": 323866.22,
            "Plan Rows": 1,
            "Plan Width": 8,
            "Actual Startup Time": 782.829,
            "Actual Total Time": 782.836,
            "Actual Rows": 1,
            "Actual Loops": 2,
            "Plans": [
              {
                "Node Type": "Merge Join",
                "Parent Relationship": "Outer",
                "Parallel Aware": false,
                "Join Type": "Inner",
                "Startup Cost": 320308.07,
                "Total Cost": 323824.66,
                "Plan Rows": 16622,
                "Plan Width": 0,
                "Actual Startup Time": 754.334,
                "Actual Total Time": 782.475,
                "Actual Rows": 8326,
                "Actual Loops": 2,
                "Inner Unique": false,
                "Merge Cond": "(t.id = mi.movie_id)",
                "Plans": [
                  {
                    "Node Type": "Sort",
                    "Parent Relationship": "Outer",
                    "Parallel Aware": false,
                    "Startup Cost": 185241.45,
                    "Total Cost": 186742.86,
                    "Plan Rows": 600562,
                    "Plan Width": 8,
                    "Actual Startup Time": 729.47,
                    "Actual Total Time": 738.391,
                    "Actual Rows": 257144,
                    "Actual Loops": 2,
                    "Sort Key": [
                      "t.id"
                    ],
                    "Sort Method": "quicksort",
                    "Sort Space Used": 24963,
                    "Sort Space Type": "Memory",
                    "Workers": [
                      {
                        "Worker Number": 0,
                        "Sort Method": "quicksort",
                        "Sort Space Used": 17578,
                        "Sort Space Type": "Memory"
                      }
                    ],
                    "Plans": [
                      {
                        "Node Type": "Hash Join",
                        "Parent Relationship": "Outer",
                        "Parallel Aware": true,
                        "Join Type": "Inner",
                        "Startup Cost": 67635.13,
                        "Total Cost": 127599.65,
                        "Plan Rows": 600562,
                        "Plan Width": 8,
                        "Actual Startup Time": 401.507,
                        "Actual Total Time": 683.4,
                        "Actual Rows": 257144,
                        "Actual Loops": 2,
                        "Inner Unique": true,
                        "Hash Cond": "(mk.movie_id = t.id)",
                        "Plans": [
                          {
                            "Node Type": "Seq Scan",
                            "Parent Relationship": "Outer",
                            "Parallel Aware": true,
                            "Relation Name": "movie_keyword",
                            "Alias": "mk",
                            "Startup Cost": 0.0,
                            "Total Cost": 57718.19,
                            "Plan Rows": 855745,
                            "Plan Width": 4,
                            "Actual Startup Time": 1.073,
                            "Actual Total Time": 166.87,
                            "Actual Rows": 730996,
                            "Actual Loops": 2,
                            "Filter": "(keyword_id > 11348)",
                            "Rows Removed by Filter": 1530970
                          },
                          {
                            "Node Type": "Hash",
                            "Parent Relationship": "Inner",
                            "Parallel Aware": true,
                            "Startup Cost": 54588.39,
                            "Total Cost": 54588.39,
                            "Plan Rows": 1043739,
                            "Plan Width": 4,
                            "Actual Startup Time": 386.29,
                            "Actual Total Time": 386.291,
                            "Actual Rows": 887318,
                            "Actual Loops": 2,
                            "Hash Buckets": 2097152,
                            "Original Hash Buckets": 2097152,
                            "Hash Batches": 1,
                            "Original Hash Batches": 1,
                            "Peak Memory Usage": 85856,
                            "Plans": [
                              {
                                "Node Type": "Seq Scan",
                                "Parent Relationship": "Outer",
                                "Parallel Aware": true,
                                "Relation Name": "title",
                                "Alias": "t",
                                "Startup Cost": 0.0,
                                "Total Cost": 54588.39,
                                "Plan Rows": 1043739,
                                "Plan Width": 4,
                                "Actual Startup Time": 0.027,
                                "Actual Total Time": 157.543,
                                "Actual Rows": 887318,
                                "Actual Loops": 2,
                                "Filter": "(kind_id > 2)",
                                "Rows Removed by Filter": 376838
                              }
                            ]
                          }
                        ]
                      }
                    ]
                  },
                  {
                    "Node Type": "Sort",
                    "Parent Relationship": "Inner",
                    "Parallel Aware": false,
                    "Startup Cost": 135066.56,
                    "Total Cost": 135241.5,
                    "Plan Rows": 69976,
                    "Plan Width": 4,
                    "Actual Startup Time": 24.8,
                    "Actual Total Time": 27.525,
                    "Actual Rows": 75178,
                    "Actual Loops": 2,
                    "Sort Key": [
                      "mi.movie_id"
                    ],
                    "Sort Method": "quicksort",
                    "Sort Space Used": 6261,
                    "Sort Space Type": "Memory",
                    "Workers": [
                      {
                        "Worker Number": 0,
                        "Sort Method": "quicksort",
                        "Sort Space Used": 6261,
                        "Sort Space Type": "Memory"
                      }
                    ],
                    "Plans": [
                      {
                        "Node Type": "Bitmap Heap Scan",
                        "Parent Relationship": "Outer",
                        "Parallel Aware": false,
                        "Relation Name": "movie_info",
                        "Alias": "mi",
                        "Startup Cost": 1270.75,
                        "Total Cost": 129435.39,
                        "Plan Rows": 69976,
                        "Plan Width": 4,
                        "Actual Startup Time": 2.549,
                        "Actual Total Time": 13.512,
                        "Actual Rows": 68025,
                        "Actual Loops": 2,
                        "Recheck Cond": "(info_type_id = 94)",
                        "Rows Removed by Index Recheck": 0,
                        "Exact Heap Blocks": 2221,
                        "Lossy Heap Blocks": 0,
                        "Plans": [
                          {
                            "Node Type": "Bitmap Index Scan",
                            "Parent Relationship": "Outer",
                            "Parallel Aware": false,
                            "Index Name": "info_type_id_movie_info",
                            "Startup Cost": 0.0,
                            "Total Cost": 1253.25,
                            "Plan Rows": 69976,
                            "Plan Width": 0,
                            "Actual Startup Time": 2.322,
                            "Actual Total Time": 2.322,
                            "Actual Rows": 68025,
                            "Actual Loops": 2,
                            "Index Cond": "(info_type_id = 94)"
                          }
                        ]
                      }
                    ]
                  }
                ]
              }
            ]
          }
        ]
      }
    ]
  },
  "Planning Time": 1.048,
  "Triggers": [],
  "Execution Time": 811.304
}