[
    {
        "Bao": {
            "Bao prediction": "NaN",
            "Bao recommended hint": "(no hint)"
        }
    },
    {
        "Plan": {
            "Node Type": "Aggregate",
            "Strategy": "Plain",
            "Partial Mode": "Finalize",
            "Parallel Aware": false,
            "Startup Cost": 32845.64,
            "Total Cost": 32845.65,
            "Plan Rows": 1,
            "Plan Width": 8,
            "Actual Startup Time": 81.336,
            "Actual Total Time": 87.158,
            "Actual Rows": 1,
            "Actual Loops": 1,
            "Output": [
                "count(*)"
            ],
            "Plans": [
                {
                    "Node Type": "Gather",
                    "Parent Relationship": "Outer",
                    "Parallel Aware": false,
                    "Startup Cost": 32845.32,
                    "Total Cost": 32845.63,
                    "Plan Rows": 3,
                    "Plan Width": 8,
                    "Actual Startup Time": 81.232,
                    "Actual Total Time": 87.151,
                    "Actual Rows": 4,
                    "Actual Loops": 1,
                    "Output": [
                        "(PARTIAL count(*))"
                    ],
                    "Workers Planned": 3,
                    "Workers Launched": 3,
                    "Single Copy": false,
                    "Plans": [
                        {
                            "Node Type": "Aggregate",
                            "Strategy": "Plain",
                            "Partial Mode": "Partial",
                            "Parent Relationship": "Outer",
                            "Parallel Aware": false,
                            "Startup Cost": 31845.32,
                            "Total Cost": 31845.33,
                            "Plan Rows": 1,
                            "Plan Width": 8,
                            "Actual Startup Time": 72.939,
                            "Actual Total Time": 72.94,
                            "Actual Rows": 1,
                            "Actual Loops": 4,
                            "Output": [
                                "PARTIAL count(*)"
                            ],
                            "Workers": [
                                {
                                    "Worker Number": 0,
                                    "Actual Startup Time": 70.088,
                                    "Actual Total Time": 70.089,
                                    "Actual Rows": 1,
                                    "Actual Loops": 1
                                },
                                {
                                    "Worker Number": 1,
                                    "Actual Startup Time": 70.189,
                                    "Actual Total Time": 70.191,
                                    "Actual Rows": 1,
                                    "Actual Loops": 1
                                },
                                {
                                    "Worker Number": 2,
                                    "Actual Startup Time": 70.625,
                                    "Actual Total Time": 70.626,
                                    "Actual Rows": 1,
                                    "Actual Loops": 1
                                }
                            ],
                            "Plans": [
                                {
                                    "Node Type": "Seq Scan",
                                    "Parent Relationship": "Outer",
                                    "Parallel Aware": true,
                                    "Relation Name": "movie_companies",
                                    "Schema": "public",
                                    "Alias": "mc",
                                    "Startup Cost": 0.0,
                                    "Total Cost": 31414.82,
                                    "Plan Rows": 172202,
                                    "Plan Width": 0,
                                    "Actual Startup Time": 41.995,
                                    "Actual Total Time": 69.647,
                                    "Actual Rows": 79912,
                                    "Actual Loops": 4,
                                    "Output": [
                                        "id",
                                        "movie_id",
                                        "company_id",
                                        "company_type_id",
                                        "note"
                                    ],
                                    "Filter": "((mc.company_id < 6083) AND (mc.company_type_id > 1))",
                                    "Rows Removed by Filter": 572370,
                                    "Workers": [
                                        {
                                            "Worker Number": 0,
                                            "Actual Startup Time": 39.145,
                                            "Actual Total Time": 66.865,
                                            "Actual Rows": 76323,
                                            "Actual Loops": 1
                                        },
                                        {
                                            "Worker Number": 1,
                                            "Actual Startup Time": 39.245,
                                            "Actual Total Time": 67.012,
                                            "Actual Rows": 74668,
                                            "Actual Loops": 1
                                        },
                                        {
                                            "Worker Number": 2,
                                            "Actual Startup Time": 39.682,
                                            "Actual Total Time": 67.456,
                                            "Actual Rows": 75380,
                                            "Actual Loops": 1
                                        }
                                    ]
                                }
                            ]
                        }
                    ]
                }
            ]
        },
        "Planning Time": 204.635,
        "Triggers": [],
        "Execution Time": 87.237
    }
]