[
  {
    "Plan": {
      "Node Type": "Aggregate",
      "Strategy": "Plain",
      "Partial Mode": "Finalize",
      "Parallel Aware": false,
      "Startup Cost": 31612.25,
      "Total Cost": 31612.26,
      "Plan Rows": 1,
      "Plan Width": 8,
      "Actual Startup Time": 108.372,
      "Actual Total Time": 116.716,
      "Actual Rows": 1,
      "Actual Loops": 1,
      "Plans": [
        {
          "Node Type": "Gather",
          "Parent Relationship": "Outer",
          "Parallel Aware": false,
          "Startup Cost": 31611.93,
          "Total Cost": 31612.24,
          "Plan Rows": 3,
          "Plan Width": 8,
          "Actual Startup Time": 108.266,
          "Actual Total Time": 116.708,
          "Actual Rows": 4,
          "Actual Loops": 1,
          "Workers Planned": 3,
          "Workers Launched": 3,
          "Single Copy": false,
          "Plans": [
            {
              "Node Type": "Aggregate",
              "Strategy": "Plain",
              "Partial Mode": "Partial",
              "Parent Relationship": "Outer",
              "Parallel Aware": false,
              "Startup Cost": 30611.93,
              "Total Cost": 30611.94,
              "Plan Rows": 1,
              "Plan Width": 8,
              "Actual Startup Time": 102.836,
              "Actual Total Time": 102.837,
              "Actual Rows": 1,
              "Actual Loops": 4,
              "Plans": [
                {
                  "Node Type": "Seq Scan",
                  "Parent Relationship": "Outer",
                  "Parallel Aware": true,
                  "Relation Name": "movie_companies",
                  "Alias": "mc",
                  "Startup Cost": 0.0,
                  "Total Cost": 29310.68,
                  "Plan Rows": 520500,
                  "Plan Width": 0,
                  "Actual Startup Time": 0.034,
                  "Actual Total Time": 81.613,
                  "Actual Rows": 400619,
                  "Actual Loops": 4,
                  "Filter": "(company_id < 16439)",
                  "Rows Removed by Filter": 251663
                }
              ]
            }
          ]
        }
      ]
    },
    "Planning Time": 0.117,
    "Triggers": [],
    "Execution Time": 116.757
  }
]