{
  "Plan": {
    "Node Type": "Aggregate",
    "Strategy": "Plain",
    "Partial Mode": "Finalize",
    "Parallel Aware": false,
    "Startup Cost": 122162.22,
    "Total Cost": 122162.23,
    "Plan Rows": 1,
    "Plan Width": 8,
    "Actual Startup Time": 570.421,
    "Actual Total Time": 583.448,
    "Actual Rows": 1,
    "Actual Loops": 1,
    "Plans": [
      {
        "Node Type": "Gather",
        "Parent Relationship": "Outer",
        "Parallel Aware": false,
        "Startup Cost": 122162.11,
        "Total Cost": 122162.22,
        "Plan Rows": 1,
        "Plan Width": 8,
        "Actual Startup Time": 569.186,
        "Actual Total Time": 583.442,
        "Actual Rows": 2,
        "Actual Loops": 1,
        "Workers Planned": 1,
        "Workers Launched": 1,
        "Single Copy": false,
        "Plans": [
          {
            "Node Type": "Aggregate",
            "Strategy": "Plain",
            "Partial Mode": "Partial",
            "Parent Relationship": "Outer",
            "Parallel Aware": false,
            "Startup Cost": 121162.11,
            "Total Cost": 121162.12,
            "Plan Rows": 1,
            "Plan Width": 8,
            "Actual Startup Time": 564.33,
            "Actual Total Time": 564.333,
            "Actual Rows": 1,
            "Actual Loops": 2,
            "Plans": [
              {
                "Node Type": "Hash Join",
                "Parent Relationship": "Outer",
                "Parallel Aware": true,
                "Join Type": "Inner",
                "Startup Cost": 59739.61,
                "Total Cost": 120388.67,
                "Plan Rows": 309377,
                "Plan Width": 0,
                "Actual Startup Time": 250.617,
                "Actual Total Time": 549.165,
                "Actual Rows": 362580,
                "Actual Loops": 2,
                "Inner Unique": true,
                "Hash Cond": "(mk.movie_id = t.id)",
                "Plans": [
                  {
                    "Node Type": "Seq Scan",
                    "Parent Relationship": "Outer",
                    "Parallel Aware": true,
                    "Relation Name": "movie_keyword",
                    "Alias": "mk",
                    "Startup Cost": 0.0,
                    "Total Cost": 57718.19,
                    "Plan Rows": 1116519,
                    "Plan Width": 4,
                    "Actual Startup Time": 0.014,
                    "Actual Total Time": 170.432,
                    "Actual Rows": 952832,
                    "Actual Loops": 2,
                    "Filter": "(keyword_id < 3266)",
                    "Rows Removed by Filter": 1309132
                  },
                  {
                    "Node Type": "Hash",
                    "Parent Relationship": "Inner",
                    "Parallel Aware": true,
                    "Startup Cost": 54588.39,
                    "Total Cost": 54588.39,
                    "Plan Rows": 412098,
                    "Plan Width": 4,
                    "Actual Startup Time": 241.828,
                    "Actual Total Time": 241.829,
                    "Actual Rows": 353593,
                    "Actual Loops": 2,
                    "Hash Buckets": 1048576,
                    "Original Hash Buckets": 1048576,
                    "Hash Batches": 1,
                    "Original Hash Batches": 1,
                    "Peak Memory Usage": 35904,
                    "Plans": [
                      {
                        "Node Type": "Seq Scan",
                        "Parent Relationship": "Outer",
                        "Parallel Aware": true,
                        "Relation Name": "title",
                        "Alias": "t",
                        "Startup Cost": 0.0,
                        "Total Cost": 54588.39,
                        "Plan Rows": 412098,
                        "Plan Width": 4,
                        "Actual Startup Time": 0.044,
                        "Actual Total Time": 146.44,
                        "Actual Rows": 353593,
                        "Actual Loops": 2,
                        "Filter": "(production_year < 1991)",
                        "Rows Removed by Filter": 910563
                      }
                    ]
                  }
                ]
              }
            ]
          }
        ]
      }
    ]
  },
  "Planning Time": 0.434,
  "Triggers": [],
  "Execution Time": 583.514
}