[
    {
        "Bao": {
            "Bao prediction": "NaN",
            "Bao recommended hint": "(no hint)"
        }
    },
    {
        "Plan": {
            "Node Type": "Aggregate",
            "Strategy": "Plain",
            "Partial Mode": "Finalize",
            "Parallel Aware": false,
            "Startup Cost": 69789.28,
            "Total Cost": 69789.29,
            "Plan Rows": 1,
            "Plan Width": 8,
            "Actual Startup Time": 183.877,
            "Actual Total Time": 190.159,
            "Actual Rows": 1,
            "Actual Loops": 1,
            "Output": [
                "count(*)"
            ],
            "Plans": [
                {
                    "Node Type": "Gather",
                    "Parent Relationship": "Outer",
                    "Parallel Aware": false,
                    "Startup Cost": 69788.86,
                    "Total Cost": 69789.27,
                    "Plan Rows": 4,
                    "Plan Width": 8,
                    "Actual Startup Time": 182.944,
                    "Actual Total Time": 190.152,
                    "Actual Rows": 5,
                    "Actual Loops": 1,
                    "Output": [
                        "(PARTIAL count(*))"
                    ],
                    "Workers Planned": 4,
                    "Workers Launched": 4,
                    "Single Copy": false,
                    "Plans": [
                        {
                            "Node Type": "Aggregate",
                            "Strategy": "Plain",
                            "Partial Mode": "Partial",
                            "Parent Relationship": "Outer",
                            "Parallel Aware": false,
                            "Startup Cost": 68788.86,
                            "Total Cost": 68788.87,
                            "Plan Rows": 1,
                            "Plan Width": 8,
                            "Actual Startup Time": 173.203,
                            "Actual Total Time": 173.207,
                            "Actual Rows": 1,
                            "Actual Loops": 5,
                            "Output": [
                                "PARTIAL count(*)"
                            ],
                            "Workers": [
                                {
                                    "Worker Number": 0,
                                    "Actual Startup Time": 170.437,
                                    "Actual Total Time": 170.44,
                                    "Actual Rows": 1,
                                    "Actual Loops": 1
                                },
                                {
                                    "Worker Number": 1,
                                    "Actual Startup Time": 170.818,
                                    "Actual Total Time": 170.821,
                                    "Actual Rows": 1,
                                    "Actual Loops": 1
                                },
                                {
                                    "Worker Number": 2,
                                    "Actual Startup Time": 170.799,
                                    "Actual Total Time": 170.803,
                                    "Actual Rows": 1,
                                    "Actual Loops": 1
                                },
                                {
                                    "Worker Number": 3,
                                    "Actual Startup Time": 171.387,
                                    "Actual Total Time": 171.39,
                                    "Actual Rows": 1,
                                    "Actual Loops": 1
                                }
                            ],
                            "Plans": [
                                {
                                    "Node Type": "Hash Join",
                                    "Parent Relationship": "Outer",
                                    "Parallel Aware": true,
                                    "Join Type": "Inner",
                                    "Startup Cost": 23102.22,
                                    "Total Cost": 68698.29,
                                    "Plan Rows": 36229,
                                    "Plan Width": 0,
                                    "Actual Startup Time": 129.166,
                                    "Actual Total Time": 171.849,
                                    "Actual Rows": 29450,
                                    "Actual Loops": 5,
                                    "Inner Unique": false,
                                    "Hash Cond": "(t.id = mc.movie_id)",
                                    "Workers": [
                                        {
                                            "Worker Number": 0,
                                            "Actual Startup Time": 122.895,
                                            "Actual Total Time": 169.118,
                                            "Actual Rows": 27451,
                                            "Actual Loops": 1
                                        },
                                        {
                                            "Worker Number": 1,
                                            "Actual Startup Time": 130.067,
                                            "Actual Total Time": 169.523,
                                            "Actual Rows": 27435,
                                            "Actual Loops": 1
                                        },
                                        {
                                            "Worker Number": 2,
                                            "Actual Startup Time": 129.953,
                                            "Actual Total Time": 169.471,
                                            "Actual Rows": 28154,
                                            "Actual Loops": 1
                                        },
                                        {
                                            "Worker Number": 3,
                                            "Actual Startup Time": 125.55,
                                            "Actual Total Time": 170.103,
                                            "Actual Rows": 27683,
                                            "Actual Loops": 1
                                        }
                                    ],
                                    "Plans": [
                                        {
                                            "Node Type": "Seq Scan",
                                            "Parent Relationship": "Outer",
                                            "Parallel Aware": true,
                                            "Relation Name": "title",
                                            "Schema": "public",
                                            "Alias": "t",
                                            "Startup Cost": 0.0,
                                            "Total Cost": 42318.81,
                                            "Plan Rows": 632080,
                                            "Plan Width": 4,
                                            "Actual Startup Time": 0.01,
                                            "Actual Total Time": 59.985,
                                            "Actual Rows": 505662,
                                            "Actual Loops": 5,
                                            "Output": [
                                                "t.id",
                                                "t.title",
                                                "t.imdb_index",
                                                "t.kind_id",
                                                "t.production_year",
                                                "t.imdb_id",
                                                "t.phonetic_code",
                                                "t.episode_of_id",
                                                "t.season_nr",
                                                "t.episode_nr",
                                                "t.series_years",
                                                "t.md5sum"
                                            ],
                                            "Workers": [
                                                {
                                                    "Worker Number": 0,
                                                    "Actual Startup Time": 0.013,
                                                    "Actual Total Time": 61.896,
                                                    "Actual Rows": 458856,
                                                    "Actual Loops": 1
                                                },
                                                {
                                                    "Worker Number": 1,
                                                    "Actual Startup Time": 0.012,
                                                    "Actual Total Time": 61.548,
                                                    "Actual Rows": 459965,
                                                    "Actual Loops": 1
                                                },
                                                {
                                                    "Worker Number": 2,
                                                    "Actual Startup Time": 0.011,
                                                    "Actual Total Time": 62.012,
                                                    "Actual Rows": 474183,
                                                    "Actual Loops": 1
                                                },
                                                {
                                                    "Worker Number": 3,
                                                    "Actual Startup Time": 0.008,
                                                    "Actual Total Time": 61.236,
                                                    "Actual Rows": 481314,
                                                    "Actual Loops": 1
                                                }
                                            ]
                                        },
                                        {
                                            "Node Type": "Hash",
                                            "Parent Relationship": "Inner",
                                            "Parallel Aware": true,
                                            "Startup Cost": 22517.88,
                                            "Total Cost": 22517.88,
                                            "Plan Rows": 46747,
                                            "Plan Width": 4,
                                            "Actual Startup Time": 39.744,
                                            "Actual Total Time": 39.745,
                                            "Actual Rows": 29450,
                                            "Actual Loops": 5,
                                            "Output": [
                                                "mc.movie_id"
                                            ],
                                            "Hash Buckets": 262144,
                                            "Original Hash Buckets": 262144,
                                            "Hash Batches": 1,
                                            "Original Hash Batches": 1,
                                            "Peak Memory Usage": 7904,
                                            "Workers": [
                                                {
                                                    "Worker Number": 0,
                                                    "Actual Startup Time": 37.897,
                                                    "Actual Total Time": 37.898,
                                                    "Actual Rows": 18318,
                                                    "Actual Loops": 1
                                                },
                                                {
                                                    "Worker Number": 1,
                                                    "Actual Startup Time": 38.135,
                                                    "Actual Total Time": 38.136,
                                                    "Actual Rows": 18487,
                                                    "Actual Loops": 1
                                                },
                                                {
                                                    "Worker Number": 2,
                                                    "Actual Startup Time": 38.206,
                                                    "Actual Total Time": 38.208,
                                                    "Actual Rows": 21443,
                                                    "Actual Loops": 1
                                                },
                                                {
                                                    "Worker Number": 3,
                                                    "Actual Startup Time": 38.841,
                                                    "Actual Total Time": 38.842,
                                                    "Actual Rows": 19844,
                                                    "Actual Loops": 1
                                                }
                                            ],
                                            "Plans": [
                                                {
                                                    "Node Type": "Bitmap Heap Scan",
                                                    "Parent Relationship": "Outer",
                                                    "Parallel Aware": true,
                                                    "Relation Name": "movie_companies",
                                                    "Schema": "public",
                                                    "Alias": "mc",
                                                    "Startup Cost": 3143.54,
                                                    "Total Cost": 22517.88,
                                                    "Plan Rows": 46747,
                                                    "Plan Width": 4,
                                                    "Actual Startup Time": 5.825,
                                                    "Actual Total Time": 26.955,
                                                    "Actual Rows": 29450,
                                                    "Actual Loops": 5,
                                                    "Output": [
                                                        "mc.movie_id"
                                                    ],
                                                    "Recheck Cond": "(mc.company_id > 133094)",
                                                    "Rows Removed by Index Recheck": 0,
                                                    "Exact Heap Blocks": 1848,
                                                    "Lossy Heap Blocks": 0,
                                                    "Workers": [
                                                        {
                                                            "Worker Number": 0,
                                                            "Actual Startup Time": 4.145,
                                                            "Actual Total Time": 26.059,
                                                            "Actual Rows": 18318,
                                                            "Actual Loops": 1
                                                        },
                                                        {
                                                            "Worker Number": 1,
                                                            "Actual Startup Time": 4.269,
                                                            "Actual Total Time": 26.225,
                                                            "Actual Rows": 18487,
                                                            "Actual Loops": 1
                                                        },
                                                        {
                                                            "Worker Number": 2,
                                                            "Actual Startup Time": 4.3,
                                                            "Actual Total Time": 26.432,
                                                            "Actual Rows": 21443,
                                                            "Actual Loops": 1
                                                        },
                                                        {
                                                            "Worker Number": 3,
                                                            "Actual Startup Time": 4.833,
                                                            "Actual Total Time": 26.642,
                                                            "Actual Rows": 19844,
                                                            "Actual Loops": 1
                                                        }
                                                    ],
                                                    "Plans": [
                                                        {
                                                            "Node Type": "Bitmap Index Scan",
                                                            "Parent Relationship": "Outer",
                                                            "Parallel Aware": false,
                                                            "Index Name": "company_id_movie_companies",
                                                            "Startup Cost": 0.0,
                                                            "Total Cost": 3107.31,
                                                            "Plan Rows": 144917,
                                                            "Plan Width": 0,
                                                            "Actual Startup Time": 10.756,
                                                            "Actual Total Time": 10.756,
                                                            "Actual Rows": 147252,
                                                            "Actual Loops": 1,
                                                            "Index Cond": "(mc.company_id > 133094)"
                                                        }
                                                    ]
                                                }
                                            ]
                                        }
                                    ]
                                }
                            ]
                        }
                    ]
                }
            ]
        },
        "Planning Time": 200.277,
        "Triggers": [],
        "Execution Time": 190.221
    }
]