[
  {
    "Plan": {
      "Node Type": "Aggregate",
      "Strategy": "Plain",
      "Partial Mode": "Finalize",
      "Parallel Aware": false,
      "Startup Cost": 304314.33,
      "Total Cost": 304314.34,
      "Plan Rows": 1,
      "Plan Width": 8,
      "Actual Startup Time": 2559.207,
      "Actual Total Time": 2608.347,
      "Actual Rows": 1,
      "Actual Loops": 1,
      "Plans": [
        {
          "Node Type": "Gather",
          "Parent Relationship": "Outer",
          "Parallel Aware": false,
          "Startup Cost": 304313.81,
          "Total Cost": 304314.32,
          "Plan Rows": 5,
          "Plan Width": 8,
          "Actual Startup Time": 2536.52,
          "Actual Total Time": 2608.318,
          "Actual Rows": 6,
          "Actual Loops": 1,
          "Workers Planned": 5,
          "Workers Launched": 5,
          "Single Copy": false,
          "Plans": [
            {
              "Node Type": "Aggregate",
              "Strategy": "Plain",
              "Partial Mode": "Partial",
              "Parent Relationship": "Outer",
              "Parallel Aware": false,
              "Startup Cost": 303313.81,
              "Total Cost": 303313.82,
              "Plan Rows": 1,
              "Plan Width": 8,
              "Actual Startup Time": 2523.467,
              "Actual Total Time": 2523.798,
              "Actual Rows": 1,
              "Actual Loops": 6,
              "Plans": [
                {
                  "Node Type": "Hash Join",
                  "Parent Relationship": "Outer",
                  "Parallel Aware": true,
                  "Join Type": "Inner",
                  "Startup Cost": 88843.9,
                  "Total Cost": 298227.12,
                  "Plan Rows": 2034674,
                  "Plan Width": 0,
                  "Actual Startup Time": 584.935,
                  "Actual Total Time": 2129.873,
                  "Actual Rows": 7703957,
                  "Actual Loops": 6,
                  "Inner Unique": false,
                  "Hash Cond": "(mi.movie_id = t.id)",
                  "Plans": [
                    {
                      "Node Type": "Seq Scan",
                      "Parent Relationship": "Outer",
                      "Parallel Aware": true,
                      "Relation Name": "movie_info",
                      "Alias": "mi",
                      "Startup Cost": 0.0,
                      "Total Cost": 191685.19,
                      "Plan Rows": 2969219,
                      "Plan Width": 4,
                      "Actual Startup Time": 0.044,
                      "Actual Total Time": 307.462,
                      "Actual Rows": 2472620,
                      "Actual Loops": 6
                    },
                    {
                      "Node Type": "Hash",
                      "Parent Relationship": "Inner",
                      "Parallel Aware": true,
                      "Startup Cost": 81857.55,
                      "Total Cost": 81857.55,
                      "Plan Rows": 558908,
                      "Plan Width": 8,
                      "Actual Startup Time": 578.271,
                      "Actual Total Time": 578.6,
                      "Actual Rows": 258744,
                      "Actual Loops": 6,
                      "Hash Buckets": 2097152,
                      "Original Hash Buckets": 2097152,
                      "Hash Batches": 1,
                      "Original Hash Batches": 1,
                      "Peak Memory Usage": 77248,
                      "Plans": [
                        {
                          "Node Type": "Hash Join",
                          "Parent Relationship": "Outer",
                          "Parallel Aware": true,
                          "Join Type": "Inner",
                          "Startup Cost": 50888.18,
                          "Total Cost": 81857.55,
                          "Plan Rows": 558908,
                          "Plan Width": 8,
                          "Actual Startup Time": 287.079,
                          "Actual Total Time": 470.037,
                          "Actual Rows": 258744,
                          "Actual Loops": 6,
                          "Inner Unique": true,
                          "Hash Cond": "(mc.movie_id = t.id)",
                          "Plans": [
                            {
                              "Node Type": "Seq Scan",
                              "Parent Relationship": "Outer",
                              "Parallel Aware": true,
                              "Relation Name": "movie_companies",
                              "Alias": "mc",
                              "Startup Cost": 0.0,
                              "Total Cost": 29310.68,
                              "Plan Rows": 631879,
                              "Plan Width": 4,
                              "Actual Startup Time": 0.151,
                              "Actual Total Time": 61.702,
                              "Actual Rows": 327816,
                              "Actual Loops": 6,
                              "Filter": "(company_id > 846)",
                              "Rows Removed by Filter": 107038
                            },
                            {
                              "Node Type": "Hash",
                              "Parent Relationship": "Inner",
                              "Parallel Aware": true,
                              "Startup Cost": 43899.32,
                              "Total Cost": 43899.32,
                              "Plan Rows": 559109,
                              "Plan Width": 4,
                              "Actual Startup Time": 282.136,
                              "Actual Total Time": 282.138,
                              "Actual Rows": 370889,
                              "Actual Loops": 6,
                              "Hash Buckets": 4194304,
                              "Original Hash Buckets": 4194304,
                              "Hash Batches": 1,
                              "Original Hash Batches": 1,
                              "Peak Memory Usage": 119936,
                              "Plans": [
                                {
                                  "Node Type": "Seq Scan",
                                  "Parent Relationship": "Outer",
                                  "Parallel Aware": true,
                                  "Relation Name": "title",
                                  "Alias": "t",
                                  "Startup Cost": 0.0,
                                  "Total Cost": 43899.32,
                                  "Plan Rows": 559109,
                                  "Plan Width": 4,
                                  "Actual Startup Time": 0.059,
                                  "Actual Total Time": 98.542,
                                  "Actual Rows": 370889,
                                  "Actual Loops": 6,
                                  "Filter": "(production_year > 1958)",
                                  "Rows Removed by Filter": 50496
                                }
                              ]
                            }
                          ]
                        }
                      ]
                    }
                  ]
                }
              ]
            }
          ]
        }
      ]
    },
    "Planning Time": 1.336,
    "Triggers": [],
    "Execution Time": 2608.441
  }
]