{
  "Plan": {
    "Node Type": "Aggregate",
    "Strategy": "Plain",
    "Partial Mode": "Finalize",
    "Parallel Aware": false,
    "Startup Cost": 418437.59,
    "Total Cost": 418437.6,
    "Plan Rows": 1,
    "Plan Width": 8,
    "Actual Startup Time": 3152.235,
    "Actual Total Time": 3198.863,
    "Actual Rows": 1,
    "Actual Loops": 1,
    "Plans": [
      {
        "Node Type": "Gather",
        "Parent Relationship": "Outer",
        "Parallel Aware": false,
        "Startup Cost": 418437.48,
        "Total Cost": 418437.59,
        "Plan Rows": 1,
        "Plan Width": 8,
        "Actual Startup Time": 3146.875,
        "Actual Total Time": 3198.854,
        "Actual Rows": 2,
        "Actual Loops": 1,
        "Workers Planned": 1,
        "Workers Launched": 1,
        "Single Copy": false,
        "Plans": [
          {
            "Node Type": "Aggregate",
            "Strategy": "Plain",
            "Partial Mode": "Partial",
            "Parent Relationship": "Outer",
            "Parallel Aware": false,
            "Startup Cost": 417437.48,
            "Total Cost": 417437.49,
            "Plan Rows": 1,
            "Plan Width": 8,
            "Actual Startup Time": 3140.275,
            "Actual Total Time": 3140.281,
            "Actual Rows": 1,
            "Actual Loops": 2,
            "Plans": [
              {
                "Node Type": "Hash Join",
                "Parent Relationship": "Outer",
                "Parallel Aware": true,
                "Join Type": "Inner",
                "Startup Cost": 121116.31,
                "Total Cost": 414803.3,
                "Plan Rows": 1053673,
                "Plan Width": 0,
                "Actual Startup Time": 796.22,
                "Actual Total Time": 2707.102,
                "Actual Rows": 10913835,
                "Actual Loops": 2,
                "Inner Unique": false,
                "Hash Cond": "(mi.movie_id = t.id)",
                "Plans": [
                  {
                    "Node Type": "Seq Scan",
                    "Parent Relationship": "Outer",
                    "Parallel Aware": true,
                    "Relation Name": "movie_info",
                    "Alias": "mi",
                    "Startup Cost": 0.0,
                    "Total Cost": 270696.42,
                    "Plan Rows": 4478001,
                    "Plan Width": 4,
                    "Actual Startup Time": 33.278,
                    "Actual Total Time": 681.395,
                    "Actual Rows": 3774428,
                    "Actual Loops": 2,
                    "Filter": "(info_type_id > 7)",
                    "Rows Removed by Filter": 3643432
                  },
                  {
                    "Node Type": "Hash",
                    "Parent Relationship": "Inner",
                    "Parallel Aware": true,
                    "Startup Cost": 116741.99,
                    "Total Cost": 116741.99,
                    "Plan Rows": 349945,
                    "Plan Width": 8,
                    "Actual Startup Time": 754.075,
                    "Actual Total Time": 754.08,
                    "Actual Rows": 358859,
                    "Actual Loops": 2,
                    "Hash Buckets": 1048576,
                    "Original Hash Buckets": 1048576,
                    "Hash Batches": 1,
                    "Original Hash Batches": 1,
                    "Peak Memory Usage": 36288,
                    "Plans": [
                      {
                        "Node Type": "Hash Join",
                        "Parent Relationship": "Outer",
                        "Parallel Aware": true,
                        "Join Type": "Inner",
                        "Startup Cost": 85321.14,
                        "Total Cost": 116741.99,
                        "Plan Rows": 349945,
                        "Plan Width": 8,
                        "Actual Startup Time": 469.534,
                        "Actual Total Time": 677.342,
                        "Actual Rows": 358859,
                        "Actual Loops": 2,
                        "Inner Unique": true,
                        "Hash Cond": "(mk.movie_id = t.id)",
                        "Plans": [
                          {
                            "Node Type": "Bitmap Heap Scan",
                            "Parent Relationship": "Outer",
                            "Parallel Aware": true,
                            "Relation Name": "movie_keyword",
                            "Alias": "mk",
                            "Startup Cost": 16609.08,
                            "Total Cost": 46820.81,
                            "Plan Rows": 460618,
                            "Plan Width": 4,
                            "Actual Startup Time": 42.954,
                            "Actual Total Time": 132.333,
                            "Actual Rows": 397406,
                            "Actual Loops": 2,
                            "Recheck Cond": "(keyword_id < 764)",
                            "Rows Removed by Index Recheck": 0,
                            "Exact Heap Blocks": 12557,
                            "Lossy Heap Blocks": 0,
                            "Plans": [
                              {
                                "Node Type": "Bitmap Index Scan",
                                "Parent Relationship": "Outer",
                                "Parallel Aware": false,
                                "Index Name": "keyword_id_movie_keyword",
                                "Startup Cost": 0.0,
                                "Total Cost": 16413.31,
                                "Plan Rows": 783051,
                                "Plan Width": 0,
                                "Actual Startup Time": 39.333,
                                "Actual Total Time": 39.333,
                                "Actual Rows": 794812,
                                "Actual Loops": 1,
                                "Index Cond": "(keyword_id < 764)"
                              }
                            ]
                          },
                          {
                            "Node Type": "Hash",
                            "Parent Relationship": "Inner",
                            "Parallel Aware": true,
                            "Startup Cost": 54588.39,
                            "Total Cost": 54588.39,
                            "Plan Rows": 1129894,
                            "Plan Width": 4,
                            "Actual Startup Time": 417.493,
                            "Actual Total Time": 417.494,
                            "Actual Rows": 961424,
                            "Actual Loops": 2,
                            "Hash Buckets": 2097152,
                            "Original Hash Buckets": 2097152,
                            "Hash Batches": 1,
                            "Original Hash Batches": 1,
                            "Peak Memory Usage": 91616,
                            "Plans": [
                              {
                                "Node Type": "Seq Scan",
                                "Parent Relationship": "Outer",
                                "Parallel Aware": true,
                                "Relation Name": "title",
                                "Alias": "t",
                                "Startup Cost": 0.0,
                                "Total Cost": 54588.39,
                                "Plan Rows": 1129894,
                                "Plan Width": 4,
                                "Actual Startup Time": 0.036,
                                "Actual Total Time": 175.225,
                                "Actual Rows": 961424,
                                "Actual Loops": 2,
                                "Filter": "(production_year < 2010)",
                                "Rows Removed by Filter": 302732
                              }
                            ]
                          }
                        ]
                      }
                    ]
                  }
                ]
              }
            ]
          }
        ]
      }
    ]
  },
  "Planning Time": 0.987,
  "Triggers": [],
  "Execution Time": 3198.978
}