[
  {
    "Plan": {
      "Node Type": "Aggregate",
      "Strategy": "Plain",
      "Partial Mode": "Finalize",
      "Parallel Aware": false,
      "Startup Cost": 60587.73,
      "Total Cost": 60587.74,
      "Plan Rows": 1,
      "Plan Width": 8,
      "Actual Startup Time": 178.101,
      "Actual Total Time": 191.498,
      "Actual Rows": 1,
      "Actual Loops": 1,
      "Plans": [
        {
          "Node Type": "Gather",
          "Parent Relationship": "Outer",
          "Parallel Aware": false,
          "Startup Cost": 60587.52,
          "Total Cost": 60587.73,
          "Plan Rows": 2,
          "Plan Width": 8,
          "Actual Startup Time": 177.84,
          "Actual Total Time": 191.49,
          "Actual Rows": 3,
          "Actual Loops": 1,
          "Workers Planned": 2,
          "Workers Launched": 2,
          "Single Copy": false,
          "Plans": [
            {
              "Node Type": "Aggregate",
              "Strategy": "Plain",
              "Partial Mode": "Partial",
              "Parent Relationship": "Outer",
              "Parallel Aware": false,
              "Startup Cost": 59587.52,
              "Total Cost": 59587.53,
              "Plan Rows": 1,
              "Plan Width": 8,
              "Actual Startup Time": 170.426,
              "Actual Total Time": 170.429,
              "Actual Rows": 1,
              "Actual Loops": 3,
              "Plans": [
                {
                  "Node Type": "Hash Join",
                  "Parent Relationship": "Outer",
                  "Parallel Aware": true,
                  "Join Type": "Inner",
                  "Startup Cost": 43963.7,
                  "Total Cost": 59583.64,
                  "Plan Rows": 1553,
                  "Plan Width": 0,
                  "Actual Startup Time": 115.764,
                  "Actual Total Time": 170.296,
                  "Actual Rows": 1688,
                  "Actual Loops": 3,
                  "Inner Unique": true,
                  "Hash Cond": "(mi_idx.movie_id = t.id)",
                  "Plans": [
                    {
                      "Node Type": "Seq Scan",
                      "Parent Relationship": "Outer",
                      "Parallel Aware": true,
                      "Relation Name": "movie_info_idx",
                      "Alias": "mi_idx",
                      "Startup Cost": 0.0,
                      "Total Cost": 15122.68,
                      "Plan Rows": 189429,
                      "Plan Width": 4,
                      "Actual Startup Time": 0.024,
                      "Actual Total Time": 38.767,
                      "Actual Rows": 153308,
                      "Actual Loops": 3,
                      "Filter": "(info_type_id < 100)",
                      "Rows Removed by Filter": 306703
                    },
                    {
                      "Node Type": "Hash",
                      "Parent Relationship": "Inner",
                      "Parallel Aware": true,
                      "Startup Cost": 43898.92,
                      "Total Cost": 43898.92,
                      "Plan Rows": 5183,
                      "Plan Width": 4,
                      "Actual Startup Time": 114.539,
                      "Actual Total Time": 114.54,
                      "Actual Rows": 6620,
                      "Actual Loops": 3,
                      "Hash Buckets": 32768,
                      "Original Hash Buckets": 32768,
                      "Hash Batches": 1,
                      "Original Hash Batches": 1,
                      "Peak Memory Usage": 1056,
                      "Plans": [
                        {
                          "Node Type": "Seq Scan",
                          "Parent Relationship": "Outer",
                          "Parallel Aware": true,
                          "Relation Name": "title",
                          "Alias": "t",
                          "Startup Cost": 0.0,
                          "Total Cost": 43898.92,
                          "Plan Rows": 5183,
                          "Plan Width": 4,
                          "Actual Startup Time": 0.095,
                          "Actual Total Time": 111.229,
                          "Actual Rows": 6620,
                          "Actual Loops": 3,
                          "Filter": "(production_year = 1988)",
                          "Rows Removed by Filter": 836150
                        }
                      ]
                    }
                  ]
                }
              ]
            }
          ]
        }
      ]
    },
    "Planning Time": 0.596,
    "Triggers": [],
    "Execution Time": 191.57
  }
]