[
  {
    "Plan": {
      "Node Type": "Aggregate",
      "Strategy": "Plain",
      "Partial Mode": "Finalize",
      "Parallel Aware": false,
      "Startup Cost": 332507.04,
      "Total Cost": 332507.05,
      "Plan Rows": 1,
      "Plan Width": 8,
      "Actual Startup Time": 624.199,
      "Actual Total Time": 669.174,
      "Actual Rows": 1,
      "Actual Loops": 1,
      "Plans": [
        {
          "Node Type": "Gather",
          "Parent Relationship": "Outer",
          "Parallel Aware": false,
          "Startup Cost": 332506.42,
          "Total Cost": 332507.03,
          "Plan Rows": 6,
          "Plan Width": 8,
          "Actual Startup Time": 623.799,
          "Actual Total Time": 669.159,
          "Actual Rows": 7,
          "Actual Loops": 1,
          "Workers Planned": 6,
          "Workers Launched": 6,
          "Single Copy": false,
          "Plans": [
            {
              "Node Type": "Aggregate",
              "Strategy": "Plain",
              "Partial Mode": "Partial",
              "Parent Relationship": "Outer",
              "Parallel Aware": false,
              "Startup Cost": 331506.42,
              "Total Cost": 331506.43,
              "Plan Rows": 1,
              "Plan Width": 8,
              "Actual Startup Time": 616.376,
              "Actual Total Time": 616.377,
              "Actual Rows": 1,
              "Actual Loops": 7,
              "Plans": [
                {
                  "Node Type": "Seq Scan",
                  "Parent Relationship": "Outer",
                  "Parallel Aware": true,
                  "Relation Name": "cast_info",
                  "Alias": "ci",
                  "Startup Cost": 0.0,
                  "Total Cost": 328211.39,
                  "Plan Rows": 1318011,
                  "Plan Width": 0,
                  "Actual Startup Time": 325.37,
                  "Actual Total Time": 558.765,
                  "Actual Rows": 1122511,
                  "Actual Loops": 7,
                  "Filter": "(person_id > 2892165)",
                  "Rows Removed by Filter": 4055252
                }
              ]
            }
          ]
        }
      ]
    },
    "Planning Time": 0.081,
    "Triggers": [],
    "Execution Time": 669.216
  }
]