[
  {
    "Plan": {
      "Node Type": "Aggregate",
      "Strategy": "Plain",
      "Partial Mode": "Finalize",
      "Parallel Aware": false,
      "Startup Cost": 332468.23,
      "Total Cost": 332468.24,
      "Plan Rows": 1,
      "Plan Width": 8,
      "Actual Startup Time": 619.321,
      "Actual Total Time": 676.474,
      "Actual Rows": 1,
      "Actual Loops": 1,
      "Plans": [
        {
          "Node Type": "Gather",
          "Parent Relationship": "Outer",
          "Parallel Aware": false,
          "Startup Cost": 332467.61,
          "Total Cost": 332468.22,
          "Plan Rows": 6,
          "Plan Width": 8,
          "Actual Startup Time": 619.058,
          "Actual Total Time": 676.463,
          "Actual Rows": 7,
          "Actual Loops": 1,
          "Workers Planned": 6,
          "Workers Launched": 6,
          "Single Copy": false,
          "Plans": [
            {
              "Node Type": "Aggregate",
              "Strategy": "Plain",
              "Partial Mode": "Partial",
              "Parent Relationship": "Outer",
              "Parallel Aware": false,
              "Startup Cost": 331467.61,
              "Total Cost": 331467.62,
              "Plan Rows": 1,
              "Plan Width": 8,
              "Actual Startup Time": 608.695,
              "Actual Total Time": 608.696,
              "Actual Rows": 1,
              "Actual Loops": 7,
              "Plans": [
                {
                  "Node Type": "Seq Scan",
                  "Parent Relationship": "Outer",
                  "Parallel Aware": true,
                  "Relation Name": "cast_info",
                  "Alias": "ci",
                  "Startup Cost": 0.0,
                  "Total Cost": 328162.03,
                  "Plan Rows": 1322232,
                  "Plan Width": 0,
                  "Actual Startup Time": 328.452,
                  "Actual Total Time": 559.512,
                  "Actual Rows": 1122511,
                  "Actual Loops": 7,
                  "Filter": "(person_id > 2892165)",
                  "Rows Removed by Filter": 4055252
                }
              ]
            }
          ]
        }
      ]
    },
    "Planning Time": 0.196,
    "Triggers": [],
    "Execution Time": 676.54
  }
]