[
  {
    "Plan": {
      "Node Type": "Aggregate",
      "Strategy": "Plain",
      "Partial Mode": "Finalize",
      "Parallel Aware": false,
      "Startup Cost": 53074.93,
      "Total Cost": 53074.94,
      "Plan Rows": 1,
      "Plan Width": 8,
      "Actual Startup Time": 119.593,
      "Actual Total Time": 133.838,
      "Actual Rows": 1,
      "Actual Loops": 1,
      "Plans": [
        {
          "Node Type": "Gather",
          "Parent Relationship": "Outer",
          "Parallel Aware": false,
          "Startup Cost": 53074.51,
          "Total Cost": 53074.92,
          "Plan Rows": 4,
          "Plan Width": 8,
          "Actual Startup Time": 119.461,
          "Actual Total Time": 133.829,
          "Actual Rows": 5,
          "Actual Loops": 1,
          "Workers Planned": 4,
          "Workers Launched": 4,
          "Single Copy": false,
          "Plans": [
            {
              "Node Type": "Aggregate",
              "Strategy": "Plain",
              "Partial Mode": "Partial",
              "Parent Relationship": "Outer",
              "Parallel Aware": false,
              "Startup Cost": 52074.51,
              "Total Cost": 52074.52,
              "Plan Rows": 1,
              "Plan Width": 8,
              "Actual Startup Time": 110.272,
              "Actual Total Time": 110.274,
              "Actual Rows": 1,
              "Actual Loops": 5,
              "Plans": [
                {
                  "Node Type": "Nested Loop",
                  "Parent Relationship": "Outer",
                  "Parallel Aware": false,
                  "Join Type": "Inner",
                  "Startup Cost": 0.86,
                  "Total Cost": 52071.57,
                  "Plan Rows": 1175,
                  "Plan Width": 0,
                  "Actual Startup Time": 7.62,
                  "Actual Total Time": 108.922,
                  "Actual Rows": 27500,
                  "Actual Loops": 5,
                  "Inner Unique": false,
                  "Join Filter": "(t.id = mc.movie_id)",
                  "Rows Removed by Join Filter": 0,
                  "Plans": [
                    {
                      "Node Type": "Nested Loop",
                      "Parent Relationship": "Outer",
                      "Parallel Aware": false,
                      "Join Type": "Inner",
                      "Startup Cost": 0.43,
                      "Total Cost": 51383.05,
                      "Plan Rows": 1138,
                      "Plan Width": 8,
                      "Actual Startup Time": 7.447,
                      "Actual Total Time": 90.548,
                      "Actual Rows": 3622,
                      "Actual Loops": 5,
                      "Inner Unique": false,
                      "Plans": [
                        {
                          "Node Type": "Seq Scan",
                          "Parent Relationship": "Outer",
                          "Parallel Aware": true,
                          "Relation Name": "title",
                          "Alias": "t",
                          "Startup Cost": 0.0,
                          "Total Cost": 45479.1,
                          "Plan Rows": 636,
                          "Plan Width": 4,
                          "Actual Startup Time": 6.093,
                          "Actual Total Time": 81.104,
                          "Actual Rows": 663,
                          "Actual Loops": 5,
                          "Filter": "((kind_id < 7) AND (production_year = 1955))",
                          "Rows Removed by Filter": 504999
                        },
                        {
                          "Node Type": "Index Only Scan",
                          "Parent Relationship": "Inner",
                          "Parallel Aware": false,
                          "Scan Direction": "Forward",
                          "Index Name": "movie_id_movie_keyword",
                          "Relation Name": "movie_keyword",
                          "Alias": "mk",
                          "Startup Cost": 0.43,
                          "Total Cost": 8.83,
                          "Plan Rows": 45,
                          "Plan Width": 4,
                          "Actual Startup Time": 0.012,
                          "Actual Total Time": 0.013,
                          "Actual Rows": 5,
                          "Actual Loops": 3316,
                          "Index Cond": "(movie_id = t.id)",
                          "Rows Removed by Index Recheck": 0,
                          "Heap Fetches": 18110
                        }
                      ]
                    },
                    {
                      "Node Type": "Index Only Scan",
                      "Parent Relationship": "Inner",
                      "Parallel Aware": false,
                      "Scan Direction": "Forward",
                      "Index Name": "movie_id_movie_companies",
                      "Relation Name": "movie_companies",
                      "Alias": "mc",
                      "Startup Cost": 0.43,
                      "Total Cost": 0.54,
                      "Plan Rows": 5,
                      "Plan Width": 4,
                      "Actual Startup Time": 0.003,
                      "Actual Total Time": 0.004,
                      "Actual Rows": 8,
                      "Actual Loops": 18110,
                      "Index Cond": "(movie_id = mk.movie_id)",
                      "Rows Removed by Index Recheck": 0,
                      "Heap Fetches": 137502
                    }
                  ]
                }
              ]
            }
          ]
        }
      ]
    },
    "Planning Time": 1.334,
    "Triggers": [],
    "Execution Time": 133.918
  }
]