[
  {
    "Plan": {
      "Node Type": "Aggregate",
      "Strategy": "Plain",
      "Partial Mode": "Finalize",
      "Parallel Aware": false,
      "Startup Cost": 32663.35,
      "Total Cost": 32663.36,
      "Plan Rows": 1,
      "Plan Width": 8,
      "Actual Startup Time": 81.054,
      "Actual Total Time": 88.908,
      "Actual Rows": 1,
      "Actual Loops": 1,
      "Plans": [
        {
          "Node Type": "Gather",
          "Parent Relationship": "Outer",
          "Parallel Aware": false,
          "Startup Cost": 32663.03,
          "Total Cost": 32663.34,
          "Plan Rows": 3,
          "Plan Width": 8,
          "Actual Startup Time": 80.952,
          "Actual Total Time": 88.901,
          "Actual Rows": 4,
          "Actual Loops": 1,
          "Workers Planned": 3,
          "Workers Launched": 3,
          "Single Copy": false,
          "Plans": [
            {
              "Node Type": "Aggregate",
              "Strategy": "Plain",
              "Partial Mode": "Partial",
              "Parent Relationship": "Outer",
              "Parallel Aware": false,
              "Startup Cost": 31663.03,
              "Total Cost": 31663.04,
              "Plan Rows": 1,
              "Plan Width": 8,
              "Actual Startup Time": 73.539,
              "Actual Total Time": 73.54,
              "Actual Rows": 1,
              "Actual Loops": 4,
              "Plans": [
                {
                  "Node Type": "Seq Scan",
                  "Parent Relationship": "Outer",
                  "Parallel Aware": true,
                  "Relation Name": "movie_companies",
                  "Alias": "mc",
                  "Startup Cost": 0.0,
                  "Total Cost": 31414.82,
                  "Plan Rows": 99286,
                  "Plan Width": 0,
                  "Actual Startup Time": 38.871,
                  "Actual Total Time": 73.336,
                  "Actual Rows": 3855,
                  "Actual Loops": 4,
                  "Filter": "((company_id > 57775) AND (company_type_id < 2))",
                  "Rows Removed by Filter": 648427
                }
              ]
            }
          ]
        }
      ]
    },
    "Planning Time": 0.212,
    "Triggers": [],
    "Execution Time": 88.988
  }
]