{
  "Plan": {
    "Node Type": "Aggregate",
    "Strategy": "Plain",
    "Partial Mode": "Finalize",
    "Parallel Aware": false,
    "Startup Cost": 169500.05,
    "Total Cost": 169500.06,
    "Plan Rows": 1,
    "Plan Width": 8,
    "Actual Startup Time": 729.526,
    "Actual Total Time": 743.277,
    "Actual Rows": 1,
    "Actual Loops": 1,
    "Plans": [
      {
        "Node Type": "Gather",
        "Parent Relationship": "Outer",
        "Parallel Aware": false,
        "Startup Cost": 169499.94,
        "Total Cost": 169500.05,
        "Plan Rows": 1,
        "Plan Width": 8,
        "Actual Startup Time": 728.24,
        "Actual Total Time": 743.269,
        "Actual Rows": 2,
        "Actual Loops": 1,
        "Workers Planned": 1,
        "Workers Launched": 1,
        "Single Copy": false,
        "Plans": [
          {
            "Node Type": "Aggregate",
            "Strategy": "Plain",
            "Partial Mode": "Partial",
            "Parent Relationship": "Outer",
            "Parallel Aware": false,
            "Startup Cost": 168499.94,
            "Total Cost": 168499.95,
            "Plan Rows": 1,
            "Plan Width": 8,
            "Actual Startup Time": 722.569,
            "Actual Total Time": 722.574,
            "Actual Rows": 1,
            "Actual Loops": 2,
            "Plans": [
              {
                "Node Type": "Hash Join",
                "Parent Relationship": "Outer",
                "Parallel Aware": true,
                "Join Type": "Inner",
                "Startup Cost": 101522.69,
                "Total Cost": 168346.16,
                "Plan Rows": 61512,
                "Plan Width": 0,
                "Actual Startup Time": 383.668,
                "Actual Total Time": 709.548,
                "Actual Rows": 258310,
                "Actual Loops": 2,
                "Inner Unique": false,
                "Hash Cond": "(mk.movie_id = t.id)",
                "Plans": [
                  {
                    "Node Type": "Seq Scan",
                    "Parent Relationship": "Outer",
                    "Parallel Aware": true,
                    "Relation Name": "movie_keyword",
                    "Alias": "mk",
                    "Startup Cost": 0.0,
                    "Total Cost": 57718.19,
                    "Plan Rows": 2331585,
                    "Plan Width": 4,
                    "Actual Startup Time": 0.015,
                    "Actual Total Time": 230.427,
                    "Actual Rows": 1987206,
                    "Actual Loops": 2,
                    "Filter": "(keyword_id < 33529)",
                    "Rows Removed by Filter": 274760
                  },
                  {
                    "Node Type": "Hash",
                    "Parent Relationship": "Inner",
                    "Parallel Aware": true,
                    "Startup Cost": 101032.24,
                    "Total Cost": 101032.24,
                    "Plan Rows": 39236,
                    "Plan Width": 8,
                    "Actual Startup Time": 312.09,
                    "Actual Total Time": 312.092,
                    "Actual Rows": 41775,
                    "Actual Loops": 2,
                    "Hash Buckets": 131072,
                    "Original Hash Buckets": 131072,
                    "Hash Batches": 1,
                    "Original Hash Batches": 1,
                    "Peak Memory Usage": 4320,
                    "Plans": [
                      {
                        "Node Type": "Merge Join",
                        "Parent Relationship": "Outer",
                        "Parallel Aware": false,
                        "Join Type": "Inner",
                        "Startup Cost": 50062.75,
                        "Total Cost": 101032.24,
                        "Plan Rows": 39236,
                        "Plan Width": 8,
                        "Actual Startup Time": 157.547,
                        "Actual Total Time": 302.78,
                        "Actual Rows": 41775,
                        "Actual Loops": 2,
                        "Inner Unique": true,
                        "Merge Cond": "(mi_idx.movie_id = t.id)",
                        "Plans": [
                          {
                            "Node Type": "Index Only Scan",
                            "Parent Relationship": "Outer",
                            "Parallel Aware": true,
                            "Scan Direction": "Forward",
                            "Index Name": "movie_id_movie_info_idx",
                            "Relation Name": "movie_info_idx",
                            "Alias": "mi_idx",
                            "Startup Cost": 0.43,
                            "Total Cost": 47937.73,
                            "Plan Rows": 811785,
                            "Plan Width": 4,
                            "Actual Startup Time": 0.101,
                            "Actual Total Time": 137.705,
                            "Actual Rows": 690018,
                            "Actual Loops": 2,
                            "Heap Fetches": 1380035
                          },
                          {
                            "Node Type": "Sort",
                            "Parent Relationship": "Inner",
                            "Parallel Aware": false,
                            "Startup Cost": 50062.31,
                            "Total Cost": 50367.81,
                            "Plan Rows": 122201,
                            "Plan Width": 4,
                            "Actual Startup Time": 97.132,
                            "Actual Total Time": 112.834,
                            "Actual Rows": 118198,
                            "Actual Loops": 2,
                            "Sort Key": [
                              "t.id"
                            ],
                            "Sort Method": "quicksort",
                            "Sort Space Used": 8615,
                            "Sort Space Type": "Memory",
                            "Workers": [
                              {
                                "Worker Number": 0,
                                "Sort Method": "quicksort",
                                "Sort Space Used": 8615,
                                "Sort Space Type": "Memory"
                              }
                            ],
                            "Plans": [
                              {
                                "Node Type": "Bitmap Heap Scan",
                                "Parent Relationship": "Outer",
                                "Parallel Aware": false,
                                "Relation Name": "title",
                                "Alias": "t",
                                "Startup Cost": 2211.49,
                                "Total Cost": 39737.0,
                                "Plan Rows": 122201,
                                "Plan Width": 4,
                                "Actual Startup Time": 15.97,
                                "Actual Total Time": 63.242,
                                "Actual Rows": 118234,
                                "Actual Loops": 2,
                                "Recheck Cond": "(kind_id = 4)",
                                "Rows Removed by Index Recheck": 0,
                                "Exact Heap Blocks": 12711,
                                "Lossy Heap Blocks": 0,
                                "Plans": [
                                  {
                                    "Node Type": "Bitmap Index Scan",
                                    "Parent Relationship": "Outer",
                                    "Parallel Aware": false,
                                    "Index Name": "kind_id_title",
                                    "Startup Cost": 0.0,
                                    "Total Cost": 2180.94,
                                    "Plan Rows": 122201,
                                    "Plan Width": 0,
                                    "Actual Startup Time": 12.822,
                                    "Actual Total Time": 12.822,
                                    "Actual Rows": 118234,
                                    "Actual Loops": 2,
                                    "Index Cond": "(kind_id = 4)"
                                  }
                                ]
                              }
                            ]
                          }
                        ]
                      }
                    ]
                  }
                ]
              }
            ]
          }
        ]
      }
    ]
  },
  "Planning Time": 0.477,
  "Triggers": [],
  "Execution Time": 743.349
}