[
    {
        "Bao": {
            "Bao prediction": 1309.589,
            "Bao recommended hint": "(no hint)"
        }
    },
    {
        "Plan": {
            "Node Type": "Aggregate",
            "Strategy": "Plain",
            "Partial Mode": "Finalize",
            "Parallel Aware": false,
            "Startup Cost": 654170.21,
            "Total Cost": 654170.22,
            "Plan Rows": 1,
            "Plan Width": 8,
            "Actual Startup Time": 4047.502,
            "Actual Total Time": 4090.132,
            "Actual Rows": 1,
            "Actual Loops": 1,
            "Output": [
                "count(*)"
            ],
            "Plans": [
                {
                    "Node Type": "Gather",
                    "Parent Relationship": "Outer",
                    "Parallel Aware": false,
                    "Startup Cost": 654169.59,
                    "Total Cost": 654170.2,
                    "Plan Rows": 6,
                    "Plan Width": 8,
                    "Actual Startup Time": 4019.372,
                    "Actual Total Time": 4090.122,
                    "Actual Rows": 7,
                    "Actual Loops": 1,
                    "Output": [
                        "(PARTIAL count(*))"
                    ],
                    "Workers Planned": 6,
                    "Workers Launched": 6,
                    "Single Copy": false,
                    "Plans": [
                        {
                            "Node Type": "Aggregate",
                            "Strategy": "Plain",
                            "Partial Mode": "Partial",
                            "Parent Relationship": "Outer",
                            "Parallel Aware": false,
                            "Startup Cost": 653169.59,
                            "Total Cost": 653169.6,
                            "Plan Rows": 1,
                            "Plan Width": 8,
                            "Actual Startup Time": 3987.867,
                            "Actual Total Time": 3988.353,
                            "Actual Rows": 1,
                            "Actual Loops": 7,
                            "Output": [
                                "PARTIAL count(*)"
                            ],
                            "Workers": [
                                {
                                    "Worker Number": 0,
                                    "Actual Startup Time": 3982.176,
                                    "Actual Total Time": 3982.181,
                                    "Actual Rows": 1,
                                    "Actual Loops": 1
                                },
                                {
                                    "Worker Number": 1,
                                    "Actual Startup Time": 3982.43,
                                    "Actual Total Time": 3982.434,
                                    "Actual Rows": 1,
                                    "Actual Loops": 1
                                },
                                {
                                    "Worker Number": 2,
                                    "Actual Startup Time": 3985.24,
                                    "Actual Total Time": 3985.245,
                                    "Actual Rows": 1,
                                    "Actual Loops": 1
                                },
                                {
                                    "Worker Number": 3,
                                    "Actual Startup Time": 3982.218,
                                    "Actual Total Time": 3982.224,
                                    "Actual Rows": 1,
                                    "Actual Loops": 1
                                },
                                {
                                    "Worker Number": 4,
                                    "Actual Startup Time": 3982.409,
                                    "Actual Total Time": 3982.414,
                                    "Actual Rows": 1,
                                    "Actual Loops": 1
                                },
                                {
                                    "Worker Number": 5,
                                    "Actual Startup Time": 3982.308,
                                    "Actual Total Time": 3982.313,
                                    "Actual Rows": 1,
                                    "Actual Loops": 1
                                }
                            ],
                            "Plans": [
                                {
                                    "Node Type": "Hash Join",
                                    "Parent Relationship": "Outer",
                                    "Parallel Aware": true,
                                    "Join Type": "Inner",
                                    "Startup Cost": 267992.08,
                                    "Total Cost": 629679.02,
                                    "Plan Rows": 9396228,
                                    "Plan Width": 0,
                                    "Actual Startup Time": 1553.473,
                                    "Actual Total Time": 3639.036,
                                    "Actual Rows": 7396732,
                                    "Actual Loops": 7,
                                    "Inner Unique": false,
                                    "Hash Cond": "(ci.movie_id = t.id)",
                                    "Workers": [
                                        {
                                            "Worker Number": 0,
                                            "Actual Startup Time": 1548.267,
                                            "Actual Total Time": 3633.488,
                                            "Actual Rows": 7826895,
                                            "Actual Loops": 1
                                        },
                                        {
                                            "Worker Number": 1,
                                            "Actual Startup Time": 1548.268,
                                            "Actual Total Time": 3627.076,
                                            "Actual Rows": 7729024,
                                            "Actual Loops": 1
                                        },
                                        {
                                            "Worker Number": 2,
                                            "Actual Startup Time": 1548.307,
                                            "Actual Total Time": 3643.83,
                                            "Actual Rows": 7409034,
                                            "Actual Loops": 1
                                        },
                                        {
                                            "Worker Number": 3,
                                            "Actual Startup Time": 1548.298,
                                            "Actual Total Time": 3636.595,
                                            "Actual Rows": 7433150,
                                            "Actual Loops": 1
                                        },
                                        {
                                            "Worker Number": 4,
                                            "Actual Startup Time": 1548.436,
                                            "Actual Total Time": 3591.569,
                                            "Actual Rows": 5501421,
                                            "Actual Loops": 1
                                        },
                                        {
                                            "Worker Number": 5,
                                            "Actual Startup Time": 1548.401,
                                            "Actual Total Time": 3640.84,
                                            "Actual Rows": 7575700,
                                            "Actual Loops": 1
                                        }
                                    ],
                                    "Plans": [
                                        {
                                            "Node Type": "Seq Scan",
                                            "Parent Relationship": "Outer",
                                            "Parallel Aware": true,
                                            "Relation Name": "cast_info",
                                            "Schema": "public",
                                            "Alias": "ci",
                                            "Startup Cost": 0.0,
                                            "Total Cost": 328213.62,
                                            "Plan Rows": 3914897,
                                            "Plan Width": 4,
                                            "Actual Startup Time": 265.298,
                                            "Actual Total Time": 722.682,
                                            "Actual Rows": 3367665,
                                            "Actual Loops": 7,
                                            "Output": [
                                                "ci.id",
                                                "ci.person_id",
                                                "ci.movie_id",
                                                "ci.person_role_id",
                                                "ci.note",
                                                "ci.nr_order",
                                                "ci.role_id"
                                            ],
                                            "Filter": "(ci.role_id > 1)",
                                            "Rows Removed by Filter": 1810098,
                                            "Workers": [
                                                {
                                                    "Worker Number": 0,
                                                    "Actual Startup Time": 265.319,
                                                    "Actual Total Time": 723.967,
                                                    "Actual Rows": 3606241,
                                                    "Actual Loops": 1
                                                },
                                                {
                                                    "Worker Number": 1,
                                                    "Actual Startup Time": 265.307,
                                                    "Actual Total Time": 726.069,
                                                    "Actual Rows": 3483102,
                                                    "Actual Loops": 1
                                                },
                                                {
                                                    "Worker Number": 2,
                                                    "Actual Startup Time": 265.315,
                                                    "Actual Total Time": 726.693,
                                                    "Actual Rows": 3366793,
                                                    "Actual Loops": 1
                                                },
                                                {
                                                    "Worker Number": 3,
                                                    "Actual Startup Time": 265.239,
                                                    "Actual Total Time": 725.006,
                                                    "Actual Rows": 3344422,
                                                    "Actual Loops": 1
                                                },
                                                {
                                                    "Worker Number": 4,
                                                    "Actual Startup Time": 265.3,
                                                    "Actual Total Time": 761.446,
                                                    "Actual Rows": 2512160,
                                                    "Actual Loops": 1
                                                },
                                                {
                                                    "Worker Number": 5,
                                                    "Actual Startup Time": 265.306,
                                                    "Actual Total Time": 723.631,
                                                    "Actual Rows": 3458882,
                                                    "Actual Loops": 1
                                                }
                                            ]
                                        },
                                        {
                                            "Node Type": "Hash",
                                            "Parent Relationship": "Inner",
                                            "Parallel Aware": true,
                                            "Startup Cost": 252821.38,
                                            "Total Cost": 252821.38,
                                            "Plan Rows": 1213656,
                                            "Plan Width": 8,
                                            "Actual Startup Time": 1276.297,
                                            "Actual Total Time": 1276.781,
                                            "Actual Rows": 448715,
                                            "Actual Loops": 7,
                                            "Output": [
                                                "t.id",
                                                "mi.movie_id"
                                            ],
                                            "Hash Buckets": 8388608,
                                            "Original Hash Buckets": 8388608,
                                            "Hash Batches": 1,
                                            "Original Hash Batches": 1,
                                            "Peak Memory Usage": 188480,
                                            "Workers": [
                                                {
                                                    "Worker Number": 0,
                                                    "Actual Startup Time": 1282.028,
                                                    "Actual Total Time": 1282.032,
                                                    "Actual Rows": 451999,
                                                    "Actual Loops": 1
                                                },
                                                {
                                                    "Worker Number": 1,
                                                    "Actual Startup Time": 1282.048,
                                                    "Actual Total Time": 1282.051,
                                                    "Actual Rows": 451400,
                                                    "Actual Loops": 1
                                                },
                                                {
                                                    "Worker Number": 2,
                                                    "Actual Startup Time": 1282.151,
                                                    "Actual Total Time": 1282.155,
                                                    "Actual Rows": 433510,
                                                    "Actual Loops": 1
                                                },
                                                {
                                                    "Worker Number": 3,
                                                    "Actual Startup Time": 1282.069,
                                                    "Actual Total Time": 1282.072,
                                                    "Actual Rows": 434019,
                                                    "Actual Loops": 1
                                                },
                                                {
                                                    "Worker Number": 4,
                                                    "Actual Startup Time": 1282.317,
                                                    "Actual Total Time": 1282.321,
                                                    "Actual Rows": 448208,
                                                    "Actual Loops": 1
                                                },
                                                {
                                                    "Worker Number": 5,
                                                    "Actual Startup Time": 1282.306,
                                                    "Actual Total Time": 1282.31,
                                                    "Actual Rows": 436089,
                                                    "Actual Loops": 1
                                                }
                                            ],
                                            "Plans": [
                                                {
                                                    "Node Type": "Hash Join",
                                                    "Parent Relationship": "Outer",
                                                    "Parallel Aware": true,
                                                    "Join Type": "Inner",
                                                    "Startup Cost": 48727.04,
                                                    "Total Cost": 252821.38,
                                                    "Plan Rows": 1213656,
                                                    "Plan Width": 8,
                                                    "Actual Startup Time": 236.25,
                                                    "Actual Total Time": 1033.478,
                                                    "Actual Rows": 448715,
                                                    "Actual Loops": 7,
                                                    "Output": [
                                                        "t.id",
                                                        "mi.movie_id"
                                                    ],
                                                    "Inner Unique": true,
                                                    "Hash Cond": "(mi.movie_id = t.id)",
                                                    "Workers": [
                                                        {
                                                            "Worker Number": 0,
                                                            "Actual Startup Time": 236.276,
                                                            "Actual Total Time": 1033.321,
                                                            "Actual Rows": 451999,
                                                            "Actual Loops": 1
                                                        },
                                                        {
                                                            "Worker Number": 1,
                                                            "Actual Startup Time": 236.287,
                                                            "Actual Total Time": 1033.516,
                                                            "Actual Rows": 451400,
                                                            "Actual Loops": 1
                                                        },
                                                        {
                                                            "Worker Number": 2,
                                                            "Actual Startup Time": 236.282,
                                                            "Actual Total Time": 1032.85,
                                                            "Actual Rows": 433510,
                                                            "Actual Loops": 1
                                                        },
                                                        {
                                                            "Worker Number": 3,
                                                            "Actual Startup Time": 236.252,
                                                            "Actual Total Time": 1034.545,
                                                            "Actual Rows": 434019,
                                                            "Actual Loops": 1
                                                        },
                                                        {
                                                            "Worker Number": 4,
                                                            "Actual Startup Time": 236.168,
                                                            "Actual Total Time": 1034.208,
                                                            "Actual Rows": 448208,
                                                            "Actual Loops": 1
                                                        },
                                                        {
                                                            "Worker Number": 5,
                                                            "Actual Startup Time": 236.089,
                                                            "Actual Total Time": 1032.954,
                                                            "Actual Rows": 436089,
                                                            "Actual Loops": 1
                                                        }
                                                    ],
                                                    "Plans": [
                                                        {
                                                            "Node Type": "Seq Scan",
                                                            "Parent Relationship": "Outer",
                                                            "Parallel Aware": true,
                                                            "Relation Name": "movie_info",
                                                            "Schema": "public",
                                                            "Alias": "mi",
                                                            "Startup Cost": 0.0,
                                                            "Total Cost": 198880.74,
                                                            "Plan Rows": 1986127,
                                                            "Plan Width": 4,
                                                            "Actual Startup Time": 19.493,
                                                            "Actual Total Time": 406.271,
                                                            "Actual Rows": 1415965,
                                                            "Actual Loops": 7,
                                                            "Output": [
                                                                "mi.id",
                                                                "mi.movie_id",
                                                                "mi.info_type_id",
                                                                "mi.info",
                                                                "mi.note"
                                                            ],
                                                            "Filter": "(mi.info_type_id > 4)",
                                                            "Rows Removed by Filter": 703424,
                                                            "Workers": [
                                                                {
                                                                    "Worker Number": 0,
                                                                    "Actual Startup Time": 19.564,
                                                                    "Actual Total Time": 415.104,
                                                                    "Actual Rows": 1409956,
                                                                    "Actual Loops": 1
                                                                },
                                                                {
                                                                    "Worker Number": 1,
                                                                    "Actual Startup Time": 19.479,
                                                                    "Actual Total Time": 415.278,
                                                                    "Actual Rows": 1407288,
                                                                    "Actual Loops": 1
                                                                },
                                                                {
                                                                    "Worker Number": 2,
                                                                    "Actual Startup Time": 19.431,
                                                                    "Actual Total Time": 413.328,
                                                                    "Actual Rows": 1349929,
                                                                    "Actual Loops": 1
                                                                },
                                                                {
                                                                    "Worker Number": 3,
                                                                    "Actual Startup Time": 19.549,
                                                                    "Actual Total Time": 414.291,
                                                                    "Actual Rows": 1358401,
                                                                    "Actual Loops": 1
                                                                },
                                                                {
                                                                    "Worker Number": 4,
                                                                    "Actual Startup Time": 19.482,
                                                                    "Actual Total Time": 414.803,
                                                                    "Actual Rows": 1396870,
                                                                    "Actual Loops": 1
                                                                },
                                                                {
                                                                    "Worker Number": 5,
                                                                    "Actual Startup Time": 19.418,
                                                                    "Actual Total Time": 414.425,
                                                                    "Actual Rows": 1360022,
                                                                    "Actual Loops": 1
                                                                }
                                                            ]
                                                        },
                                                        {
                                                            "Node Type": "Hash",
                                                            "Parent Relationship": "Inner",
                                                            "Parallel Aware": true,
                                                            "Startup Cost": 43899.01,
                                                            "Total Cost": 43899.01,
                                                            "Plan Rows": 386243,
                                                            "Plan Width": 4,
                                                            "Actual Startup Time": 214.252,
                                                            "Actual Total Time": 214.254,
                                                            "Actual Rows": 222266,
                                                            "Actual Loops": 7,
                                                            "Output": [
                                                                "t.id"
                                                            ],
                                                            "Hash Buckets": 2097152,
                                                            "Original Hash Buckets": 2097152,
                                                            "Hash Batches": 1,
                                                            "Original Hash Batches": 1,
                                                            "Peak Memory Usage": 77344,
                                                            "Workers": [
                                                                {
                                                                    "Worker Number": 0,
                                                                    "Actual Startup Time": 216.637,
                                                                    "Actual Total Time": 216.638,
                                                                    "Actual Rows": 212143,
                                                                    "Actual Loops": 1
                                                                },
                                                                {
                                                                    "Worker Number": 1,
                                                                    "Actual Startup Time": 216.574,
                                                                    "Actual Total Time": 216.575,
                                                                    "Actual Rows": 209216,
                                                                    "Actual Loops": 1
                                                                },
                                                                {
                                                                    "Worker Number": 2,
                                                                    "Actual Startup Time": 216.605,
                                                                    "Actual Total Time": 216.607,
                                                                    "Actual Rows": 206886,
                                                                    "Actual Loops": 1
                                                                },
                                                                {
                                                                    "Worker Number": 3,
                                                                    "Actual Startup Time": 216.592,
                                                                    "Actual Total Time": 216.593,
                                                                    "Actual Rows": 208303,
                                                                    "Actual Loops": 1
                                                                },
                                                                {
                                                                    "Worker Number": 4,
                                                                    "Actual Startup Time": 216.429,
                                                                    "Actual Total Time": 216.43,
                                                                    "Actual Rows": 208342,
                                                                    "Actual Loops": 1
                                                                },
                                                                {
                                                                    "Worker Number": 5,
                                                                    "Actual Startup Time": 216.422,
                                                                    "Actual Total Time": 216.423,
                                                                    "Actual Rows": 216280,
                                                                    "Actual Loops": 1
                                                                }
                                                            ],
                                                            "Plans": [
                                                                {
                                                                    "Node Type": "Seq Scan",
                                                                    "Parent Relationship": "Outer",
                                                                    "Parallel Aware": true,
                                                                    "Relation Name": "title",
                                                                    "Schema": "public",
                                                                    "Alias": "t",
                                                                    "Startup Cost": 0.0,
                                                                    "Total Cost": 43899.01,
                                                                    "Plan Rows": 386243,
                                                                    "Plan Width": 4,
                                                                    "Actual Startup Time": 0.055,
                                                                    "Actual Total Time": 92.381,
                                                                    "Actual Rows": 222266,
                                                                    "Actual Loops": 7,
                                                                    "Output": [
                                                                        "t.id"
                                                                    ],
                                                                    "Filter": "(t.kind_id > 4)",
                                                                    "Rows Removed by Filter": 138921,
                                                                    "Workers": [
                                                                        {
                                                                            "Worker Number": 0,
                                                                            "Actual Startup Time": 0.061,
                                                                            "Actual Total Time": 92.902,
                                                                            "Actual Rows": 212143,
                                                                            "Actual Loops": 1
                                                                        },
                                                                        {
                                                                            "Worker Number": 1,
                                                                            "Actual Startup Time": 0.048,
                                                                            "Actual Total Time": 93.276,
                                                                            "Actual Rows": 209216,
                                                                            "Actual Loops": 1
                                                                        },
                                                                        {
                                                                            "Worker Number": 2,
                                                                            "Actual Startup Time": 0.062,
                                                                            "Actual Total Time": 94.894,
                                                                            "Actual Rows": 206886,
                                                                            "Actual Loops": 1
                                                                        },
                                                                        {
                                                                            "Worker Number": 3,
                                                                            "Actual Startup Time": 0.069,
                                                                            "Actual Total Time": 94.813,
                                                                            "Actual Rows": 208303,
                                                                            "Actual Loops": 1
                                                                        },
                                                                        {
                                                                            "Worker Number": 4,
                                                                            "Actual Startup Time": 0.061,
                                                                            "Actual Total Time": 92.968,
                                                                            "Actual Rows": 208342,
                                                                            "Actual Loops": 1
                                                                        },
                                                                        {
                                                                            "Worker Number": 5,
                                                                            "Actual Startup Time": 0.067,
                                                                            "Actual Total Time": 95.329,
                                                                            "Actual Rows": 216280,
                                                                            "Actual Loops": 1
                                                                        }
                                                                    ]
                                                                }
                                                            ]
                                                        }
                                                    ]
                                                }
                                            ]
                                        }
                                    ]
                                }
                            ]
                        }
                    ]
                }
            ]
        },
        "Planning Time": 3373.344,
        "Triggers": [],
        "Execution Time": 4090.26
    }
]