[
  {
    "Plan": {
      "Node Type": "Aggregate",
      "Strategy": "Plain",
      "Partial Mode": "Finalize",
      "Parallel Aware": false,
      "Startup Cost": 46915.45,
      "Total Cost": 46915.46,
      "Plan Rows": 1,
      "Plan Width": 8,
      "Actual Startup Time": 110.468,
      "Actual Total Time": 123.857,
      "Actual Rows": 1,
      "Actual Loops": 1,
      "Plans": [
        {
          "Node Type": "Gather",
          "Parent Relationship": "Outer",
          "Parallel Aware": false,
          "Startup Cost": 46915.03,
          "Total Cost": 46915.44,
          "Plan Rows": 4,
          "Plan Width": 8,
          "Actual Startup Time": 110.304,
          "Actual Total Time": 123.846,
          "Actual Rows": 5,
          "Actual Loops": 1,
          "Workers Planned": 4,
          "Workers Launched": 4,
          "Single Copy": false,
          "Plans": [
            {
              "Node Type": "Aggregate",
              "Strategy": "Plain",
              "Partial Mode": "Partial",
              "Parent Relationship": "Outer",
              "Parallel Aware": false,
              "Startup Cost": 45915.03,
              "Total Cost": 45915.04,
              "Plan Rows": 1,
              "Plan Width": 8,
              "Actual Startup Time": 102.311,
              "Actual Total Time": 102.312,
              "Actual Rows": 1,
              "Actual Loops": 5,
              "Plans": [
                {
                  "Node Type": "Seq Scan",
                  "Parent Relationship": "Outer",
                  "Parallel Aware": true,
                  "Relation Name": "title",
                  "Alias": "t",
                  "Startup Cost": 0.0,
                  "Total Cost": 45479.1,
                  "Plan Rows": 174371,
                  "Plan Width": 0,
                  "Actual Startup Time": 0.04,
                  "Actual Total Time": 95.735,
                  "Actual Rows": 119033,
                  "Actual Loops": 5,
                  "Filter": "((kind_id < 7) AND (production_year > 1989))",
                  "Rows Removed by Filter": 386629
                }
              ]
            }
          ]
        }
      ]
    },
    "Planning Time": 0.158,
    "Triggers": [],
    "Execution Time": 123.939
  }
]