[
    {
        "Bao": {
            "Bao prediction": "NaN",
            "Bao recommended hint": "(no hint)"
        }
    },
    {
        "Plan": {
            "Node Type": "Aggregate",
            "Strategy": "Plain",
            "Partial Mode": "Finalize",
            "Parallel Aware": false,
            "Startup Cost": 74812.22,
            "Total Cost": 74812.23,
            "Plan Rows": 1,
            "Plan Width": 8,
            "Actual Startup Time": 194.139,
            "Actual Total Time": 216.108,
            "Actual Rows": 1,
            "Actual Loops": 1,
            "Output": [
                "count(*)"
            ],
            "Plans": [
                {
                    "Node Type": "Gather",
                    "Parent Relationship": "Outer",
                    "Parallel Aware": false,
                    "Startup Cost": 74811.8,
                    "Total Cost": 74812.21,
                    "Plan Rows": 4,
                    "Plan Width": 8,
                    "Actual Startup Time": 193.619,
                    "Actual Total Time": 216.1,
                    "Actual Rows": 5,
                    "Actual Loops": 1,
                    "Output": [
                        "(PARTIAL count(*))"
                    ],
                    "Workers Planned": 4,
                    "Workers Launched": 4,
                    "Single Copy": false,
                    "Plans": [
                        {
                            "Node Type": "Aggregate",
                            "Strategy": "Plain",
                            "Partial Mode": "Partial",
                            "Parent Relationship": "Outer",
                            "Parallel Aware": false,
                            "Startup Cost": 73811.8,
                            "Total Cost": 73811.81,
                            "Plan Rows": 1,
                            "Plan Width": 8,
                            "Actual Startup Time": 183.755,
                            "Actual Total Time": 183.759,
                            "Actual Rows": 1,
                            "Actual Loops": 5,
                            "Output": [
                                "PARTIAL count(*)"
                            ],
                            "Workers": [
                                {
                                    "Worker Number": 0,
                                    "Actual Startup Time": 181.041,
                                    "Actual Total Time": 181.045,
                                    "Actual Rows": 1,
                                    "Actual Loops": 1
                                },
                                {
                                    "Worker Number": 1,
                                    "Actual Startup Time": 181.073,
                                    "Actual Total Time": 181.077,
                                    "Actual Rows": 1,
                                    "Actual Loops": 1
                                },
                                {
                                    "Worker Number": 2,
                                    "Actual Startup Time": 181.564,
                                    "Actual Total Time": 181.567,
                                    "Actual Rows": 1,
                                    "Actual Loops": 1
                                },
                                {
                                    "Worker Number": 3,
                                    "Actual Startup Time": 181.875,
                                    "Actual Total Time": 181.88,
                                    "Actual Rows": 1,
                                    "Actual Loops": 1
                                }
                            ],
                            "Plans": [
                                {
                                    "Node Type": "Nested Loop",
                                    "Parent Relationship": "Outer",
                                    "Parallel Aware": false,
                                    "Join Type": "Inner",
                                    "Startup Cost": 20023.61,
                                    "Total Cost": 73783.14,
                                    "Plan Rows": 11463,
                                    "Plan Width": 0,
                                    "Actual Startup Time": 63.046,
                                    "Actual Total Time": 182.74,
                                    "Actual Rows": 9870,
                                    "Actual Loops": 5,
                                    "Inner Unique": false,
                                    "Workers": [
                                        {
                                            "Worker Number": 0,
                                            "Actual Startup Time": 60.07,
                                            "Actual Total Time": 179.981,
                                            "Actual Rows": 6848,
                                            "Actual Loops": 1
                                        },
                                        {
                                            "Worker Number": 1,
                                            "Actual Startup Time": 61.393,
                                            "Actual Total Time": 180.0,
                                            "Actual Rows": 6646,
                                            "Actual Loops": 1
                                        },
                                        {
                                            "Worker Number": 2,
                                            "Actual Startup Time": 60.78,
                                            "Actual Total Time": 180.65,
                                            "Actual Rows": 9431,
                                            "Actual Loops": 1
                                        },
                                        {
                                            "Worker Number": 3,
                                            "Actual Startup Time": 61.038,
                                            "Actual Total Time": 180.792,
                                            "Actual Rows": 6318,
                                            "Actual Loops": 1
                                        }
                                    ],
                                    "Plans": [
                                        {
                                            "Node Type": "Hash Join",
                                            "Parent Relationship": "Outer",
                                            "Parallel Aware": true,
                                            "Join Type": "Inner",
                                            "Startup Cost": 20023.04,
                                            "Total Cost": 64769.02,
                                            "Plan Rows": 2413,
                                            "Plan Width": 8,
                                            "Actual Startup Time": 62.29,
                                            "Actual Total Time": 106.53,
                                            "Actual Rows": 309,
                                            "Actual Loops": 5,
                                            "Output": [
                                                "t.id",
                                                "mc.movie_id"
                                            ],
                                            "Inner Unique": false,
                                            "Hash Cond": "(t.id = mc.movie_id)",
                                            "Workers": [
                                                {
                                                    "Worker Number": 0,
                                                    "Actual Startup Time": 59.612,
                                                    "Actual Total Time": 99.436,
                                                    "Actual Rows": 202,
                                                    "Actual Loops": 1
                                                },
                                                {
                                                    "Worker Number": 1,
                                                    "Actual Startup Time": 59.625,
                                                    "Actual Total Time": 97.961,
                                                    "Actual Rows": 178,
                                                    "Actual Loops": 1
                                                },
                                                {
                                                    "Worker Number": 2,
                                                    "Actual Startup Time": 59.828,
                                                    "Actual Total Time": 98.661,
                                                    "Actual Rows": 330,
                                                    "Actual Loops": 1
                                                },
                                                {
                                                    "Worker Number": 3,
                                                    "Actual Startup Time": 60.589,
                                                    "Actual Total Time": 102.123,
                                                    "Actual Rows": 191,
                                                    "Actual Loops": 1
                                                }
                                            ],
                                            "Plans": [
                                                {
                                                    "Node Type": "Seq Scan",
                                                    "Parent Relationship": "Outer",
                                                    "Parallel Aware": true,
                                                    "Relation Name": "title",
                                                    "Schema": "public",
                                                    "Alias": "t",
                                                    "Startup Cost": 0.0,
                                                    "Total Cost": 43899.01,
                                                    "Plan Rows": 167838,
                                                    "Plan Width": 4,
                                                    "Actual Startup Time": 36.544,
                                                    "Actual Total Time": 76.787,
                                                    "Actual Rows": 132565,
                                                    "Actual Loops": 5,
                                                    "Output": [
                                                        "t.id",
                                                        "t.title",
                                                        "t.imdb_index",
                                                        "t.kind_id",
                                                        "t.production_year",
                                                        "t.imdb_id",
                                                        "t.phonetic_code",
                                                        "t.episode_of_id",
                                                        "t.season_nr",
                                                        "t.episode_nr",
                                                        "t.series_years",
                                                        "t.md5sum"
                                                    ],
                                                    "Filter": "(t.kind_id = 1)",
                                                    "Rows Removed by Filter": 373097,
                                                    "Workers": [
                                                        {
                                                            "Worker Number": 0,
                                                            "Actual Startup Time": 44.565,
                                                            "Actual Total Time": 74.461,
                                                            "Actual Rows": 90490,
                                                            "Actual Loops": 1
                                                        },
                                                        {
                                                            "Worker Number": 1,
                                                            "Actual Startup Time": 44.711,
                                                            "Actual Total Time": 73.296,
                                                            "Actual Rows": 85874,
                                                            "Actual Loops": 1
                                                        },
                                                        {
                                                            "Worker Number": 2,
                                                            "Actual Startup Time": 44.723,
                                                            "Actual Total Time": 73.726,
                                                            "Actual Rows": 132368,
                                                            "Actual Loops": 1
                                                        },
                                                        {
                                                            "Worker Number": 3,
                                                            "Actual Startup Time": 44.873,
                                                            "Actual Total Time": 75.093,
                                                            "Actual Rows": 92426,
                                                            "Actual Loops": 1
                                                        }
                                                    ]
                                                },
                                                {
                                                    "Node Type": "Hash",
                                                    "Parent Relationship": "Inner",
                                                    "Parallel Aware": true,
                                                    "Startup Cost": 19876.46,
                                                    "Total Cost": 19876.46,
                                                    "Plan Rows": 11727,
                                                    "Plan Width": 4,
                                                    "Actual Startup Time": 11.275,
                                                    "Actual Total Time": 11.277,
                                                    "Actual Rows": 7227,
                                                    "Actual Loops": 5,
                                                    "Output": [
                                                        "mc.movie_id"
                                                    ],
                                                    "Hash Buckets": 65536,
                                                    "Original Hash Buckets": 65536,
                                                    "Hash Batches": 1,
                                                    "Original Hash Batches": 1,
                                                    "Peak Memory Usage": 1984,
                                                    "Workers": [
                                                        {
                                                            "Worker Number": 0,
                                                            "Actual Startup Time": 8.609,
                                                            "Actual Total Time": 8.611,
                                                            "Actual Rows": 793,
                                                            "Actual Loops": 1
                                                        },
                                                        {
                                                            "Worker Number": 1,
                                                            "Actual Startup Time": 8.602,
                                                            "Actual Total Time": 8.604,
                                                            "Actual Rows": 692,
                                                            "Actual Loops": 1
                                                        },
                                                        {
                                                            "Worker Number": 2,
                                                            "Actual Startup Time": 9.139,
                                                            "Actual Total Time": 9.14,
                                                            "Actual Rows": 951,
                                                            "Actual Loops": 1
                                                        },
                                                        {
                                                            "Worker Number": 3,
                                                            "Actual Startup Time": 9.446,
                                                            "Actual Total Time": 9.448,
                                                            "Actual Rows": 1091,
                                                            "Actual Loops": 1
                                                        }
                                                    ],
                                                    "Plans": [
                                                        {
                                                            "Node Type": "Bitmap Heap Scan",
                                                            "Parent Relationship": "Outer",
                                                            "Parallel Aware": true,
                                                            "Relation Name": "movie_companies",
                                                            "Schema": "public",
                                                            "Alias": "mc",
                                                            "Startup Cost": 790.17,
                                                            "Total Cost": 19876.46,
                                                            "Plan Rows": 11727,
                                                            "Plan Width": 4,
                                                            "Actual Startup Time": 0.873,
                                                            "Actual Total Time": 9.225,
                                                            "Actual Rows": 7227,
                                                            "Actual Loops": 5,
                                                            "Output": [
                                                                "mc.movie_id"
                                                            ],
                                                            "Recheck Cond": "(mc.company_id = 160)",
                                                            "Rows Removed by Index Recheck": 0,
                                                            "Exact Heap Blocks": 3683,
                                                            "Lossy Heap Blocks": 0,
                                                            "Workers": [
                                                                {
                                                                    "Worker Number": 0,
                                                                    "Actual Startup Time": 0.131,
                                                                    "Actual Total Time": 7.494,
                                                                    "Actual Rows": 793,
                                                                    "Actual Loops": 1
                                                                },
                                                                {
                                                                    "Worker Number": 1,
                                                                    "Actual Startup Time": 0.13,
                                                                    "Actual Total Time": 7.456,
                                                                    "Actual Rows": 692,
                                                                    "Actual Loops": 1
                                                                },
                                                                {
                                                                    "Worker Number": 2,
                                                                    "Actual Startup Time": 0.147,
                                                                    "Actual Total Time": 7.91,
                                                                    "Actual Rows": 951,
                                                                    "Actual Loops": 1
                                                                },
                                                                {
                                                                    "Worker Number": 3,
                                                                    "Actual Startup Time": 0.17,
                                                                    "Actual Total Time": 8.143,
                                                                    "Actual Rows": 1091,
                                                                    "Actual Loops": 1
                                                                }
                                                            ],
                                                            "Plans": [
                                                                {
                                                                    "Node Type": "Bitmap Index Scan",
                                                                    "Parent Relationship": "Outer",
                                                                    "Parallel Aware": false,
                                                                    "Index Name": "company_id_movie_companies",
                                                                    "Startup Cost": 0.0,
                                                                    "Total Cost": 781.08,
                                                                    "Plan Rows": 36354,
                                                                    "Plan Width": 0,
                                                                    "Actual Startup Time": 3.102,
                                                                    "Actual Total Time": 3.103,
                                                                    "Actual Rows": 36136,
                                                                    "Actual Loops": 1,
                                                                    "Index Cond": "(mc.company_id = 160)"
                                                                }
                                                            ]
                                                        }
                                                    ]
                                                }
                                            ]
                                        },
                                        {
                                            "Node Type": "Index Scan",
                                            "Parent Relationship": "Inner",
                                            "Parallel Aware": false,
                                            "Scan Direction": "Forward",
                                            "Index Name": "movie_id_cast_info",
                                            "Relation Name": "cast_info",
                                            "Schema": "public",
                                            "Alias": "ci",
                                            "Startup Cost": 0.56,
                                            "Total Cost": 3.61,
                                            "Plan Rows": 13,
                                            "Plan Width": 4,
                                            "Actual Startup Time": 0.157,
                                            "Actual Total Time": 0.243,
                                            "Actual Rows": 32,
                                            "Actual Loops": 1543,
                                            "Output": [
                                                "ci.id",
                                                "ci.person_id",
                                                "ci.movie_id",
                                                "ci.person_role_id",
                                                "ci.note",
                                                "ci.nr_order",
                                                "ci.role_id"
                                            ],
                                            "Index Cond": "(ci.movie_id = t.id)",
                                            "Rows Removed by Index Recheck": 0,
                                            "Filter": "(ci.role_id > 3)",
                                            "Rows Removed by Filter": 47,
                                            "Workers": [
                                                {
                                                    "Worker Number": 0,
                                                    "Actual Startup Time": 0.249,
                                                    "Actual Total Time": 0.392,
                                                    "Actual Rows": 34,
                                                    "Actual Loops": 202
                                                },
                                                {
                                                    "Worker Number": 1,
                                                    "Actual Startup Time": 0.291,
                                                    "Actual Total Time": 0.453,
                                                    "Actual Rows": 37,
                                                    "Actual Loops": 178
                                                },
                                                {
                                                    "Worker Number": 2,
                                                    "Actual Startup Time": 0.165,
                                                    "Actual Total Time": 0.245,
                                                    "Actual Rows": 29,
                                                    "Actual Loops": 330
                                                },
                                                {
                                                    "Worker Number": 3,
                                                    "Actual Startup Time": 0.258,
                                                    "Actual Total Time": 0.405,
                                                    "Actual Rows": 33,
                                                    "Actual Loops": 191
                                                }
                                            ]
                                        }
                                    ]
                                }
                            ]
                        }
                    ]
                }
            ]
        },
        "Planning Time": 196.316,
        "Triggers": [],
        "Execution Time": 216.204
    }
]