[
  {
    "Plan": {
      "Node Type": "Aggregate",
      "Strategy": "Plain",
      "Partial Mode": "Finalize",
      "Parallel Aware": false,
      "Startup Cost": 255029.04,
      "Total Cost": 255029.05,
      "Plan Rows": 1,
      "Plan Width": 8,
      "Actual Startup Time": 983.896,
      "Actual Total Time": 1031.302,
      "Actual Rows": 1,
      "Actual Loops": 1,
      "Plans": [
        {
          "Node Type": "Gather",
          "Parent Relationship": "Outer",
          "Parallel Aware": false,
          "Startup Cost": 255028.52,
          "Total Cost": 255029.03,
          "Plan Rows": 5,
          "Plan Width": 8,
          "Actual Startup Time": 977.923,
          "Actual Total Time": 1031.261,
          "Actual Rows": 6,
          "Actual Loops": 1,
          "Workers Planned": 5,
          "Workers Launched": 5,
          "Single Copy": false,
          "Plans": [
            {
              "Node Type": "Aggregate",
              "Strategy": "Plain",
              "Partial Mode": "Partial",
              "Parent Relationship": "Outer",
              "Parallel Aware": false,
              "Startup Cost": 254028.52,
              "Total Cost": 254028.53,
              "Plan Rows": 1,
              "Plan Width": 8,
              "Actual Startup Time": 966.241,
              "Actual Total Time": 966.244,
              "Actual Rows": 1,
              "Actual Loops": 6,
              "Plans": [
                {
                  "Node Type": "Hash Join",
                  "Parent Relationship": "Outer",
                  "Parallel Aware": true,
                  "Join Type": "Inner",
                  "Startup Cost": 48717.81,
                  "Total Cost": 251749.7,
                  "Plan Rows": 911529,
                  "Plan Width": 0,
                  "Actual Startup Time": 244.931,
                  "Actual Total Time": 943.825,
                  "Actual Rows": 429100,
                  "Actual Loops": 6,
                  "Inner Unique": true,
                  "Hash Cond": "(mi.movie_id = t.id)",
                  "Plans": [
                    {
                      "Node Type": "Seq Scan",
                      "Parent Relationship": "Outer",
                      "Parallel Aware": true,
                      "Relation Name": "movie_info",
                      "Alias": "mi",
                      "Startup Cost": 0.0,
                      "Total Cost": 199108.24,
                      "Plan Rows": 1494718,
                      "Plan Width": 4,
                      "Actual Startup Time": 17.601,
                      "Actual Total Time": 361.166,
                      "Actual Rows": 1258142,
                      "Actual Loops": 6,
                      "Filter": "(info_type_id > 7)",
                      "Rows Removed by Filter": 1214478
                    },
                    {
                      "Node Type": "Hash",
                      "Parent Relationship": "Inner",
                      "Parallel Aware": true,
                      "Startup Cost": 43899.32,
                      "Total Cost": 43899.32,
                      "Plan Rows": 385479,
                      "Plan Width": 4,
                      "Actual Startup Time": 223.039,
                      "Actual Total Time": 223.04,
                      "Actual Rows": 257211,
                      "Actual Loops": 6,
                      "Hash Buckets": 2097152,
                      "Original Hash Buckets": 2097152,
                      "Hash Batches": 1,
                      "Original Hash Batches": 1,
                      "Peak Memory Usage": 76864,
                      "Plans": [
                        {
                          "Node Type": "Seq Scan",
                          "Parent Relationship": "Outer",
                          "Parallel Aware": true,
                          "Relation Name": "title",
                          "Alias": "t",
                          "Startup Cost": 0.0,
                          "Total Cost": 43899.32,
                          "Plan Rows": 385479,
                          "Plan Width": 4,
                          "Actual Startup Time": 0.06,
                          "Actual Total Time": 93.94,
                          "Actual Rows": 257211,
                          "Actual Loops": 6,
                          "Filter": "(kind_id = 7)",
                          "Rows Removed by Filter": 164175
                        }
                      ]
                    }
                  ]
                }
              ]
            }
          ]
        }
      ]
    },
    "Planning Time": 0.376,
    "Triggers": [],
    "Execution Time": 1031.351
  }
]