[
  {
    "Plan": {
      "Node Type": "Aggregate",
      "Strategy": "Plain",
      "Partial Mode": "Finalize",
      "Parallel Aware": false,
      "Startup Cost": 46027.13,
      "Total Cost": 46027.14,
      "Plan Rows": 1,
      "Plan Width": 8,
      "Actual Startup Time": 173.098,
      "Actual Total Time": 183.662,
      "Actual Rows": 1,
      "Actual Loops": 1,
      "Plans": [
        {
          "Node Type": "Gather",
          "Parent Relationship": "Outer",
          "Parallel Aware": false,
          "Startup Cost": 46026.81,
          "Total Cost": 46027.12,
          "Plan Rows": 3,
          "Plan Width": 8,
          "Actual Startup Time": 172.933,
          "Actual Total Time": 183.648,
          "Actual Rows": 4,
          "Actual Loops": 1,
          "Workers Planned": 3,
          "Workers Launched": 3,
          "Single Copy": false,
          "Plans": [
            {
              "Node Type": "Aggregate",
              "Strategy": "Plain",
              "Partial Mode": "Partial",
              "Parent Relationship": "Outer",
              "Parallel Aware": false,
              "Startup Cost": 45026.81,
              "Total Cost": 45026.82,
              "Plan Rows": 1,
              "Plan Width": 8,
              "Actual Startup Time": 168.708,
              "Actual Total Time": 168.709,
              "Actual Rows": 1,
              "Actual Loops": 4,
              "Plans": [
                {
                  "Node Type": "Seq Scan",
                  "Parent Relationship": "Outer",
                  "Parallel Aware": true,
                  "Relation Name": "movie_keyword",
                  "Alias": "mk",
                  "Startup Cost": 0.0,
                  "Total Cost": 42695.65,
                  "Plan Rows": 932462,
                  "Plan Width": 0,
                  "Actual Startup Time": 0.034,
                  "Actual Total Time": 131.325,
                  "Actual Rows": 725449,
                  "Actual Loops": 4,
                  "Filter": "(keyword_id < 9264)",
                  "Rows Removed by Filter": 405534
                }
              ]
            }
          ]
        }
      ]
    },
    "Planning Time": 0.153,
    "Triggers": [],
    "Execution Time": 183.697
  }
]