[
  {
    "Plan": {
      "Node Type": "Aggregate",
      "Strategy": "Plain",
      "Partial Mode": "Finalize",
      "Parallel Aware": false,
      "Startup Cost": 46040.53,
      "Total Cost": 46040.54,
      "Plan Rows": 1,
      "Plan Width": 8,
      "Actual Startup Time": 161.524,
      "Actual Total Time": 171.365,
      "Actual Rows": 1,
      "Actual Loops": 1,
      "Plans": [
        {
          "Node Type": "Gather",
          "Parent Relationship": "Outer",
          "Parallel Aware": false,
          "Startup Cost": 46040.21,
          "Total Cost": 46040.52,
          "Plan Rows": 3,
          "Plan Width": 8,
          "Actual Startup Time": 161.415,
          "Actual Total Time": 171.357,
          "Actual Rows": 4,
          "Actual Loops": 1,
          "Workers Planned": 3,
          "Workers Launched": 3,
          "Single Copy": false,
          "Plans": [
            {
              "Node Type": "Aggregate",
              "Strategy": "Plain",
              "Partial Mode": "Partial",
              "Parent Relationship": "Outer",
              "Parallel Aware": false,
              "Startup Cost": 45040.21,
              "Total Cost": 45040.22,
              "Plan Rows": 1,
              "Plan Width": 8,
              "Actual Startup Time": 154.059,
              "Actual Total Time": 154.06,
              "Actual Rows": 1,
              "Actual Loops": 4,
              "Plans": [
                {
                  "Node Type": "Seq Scan",
                  "Parent Relationship": "Outer",
                  "Parallel Aware": true,
                  "Relation Name": "movie_keyword",
                  "Alias": "mk",
                  "Startup Cost": 0.0,
                  "Total Cost": 42695.65,
                  "Plan Rows": 937824,
                  "Plan Width": 0,
                  "Actual Startup Time": 0.057,
                  "Actual Total Time": 121.038,
                  "Actual Rows": 725449,
                  "Actual Loops": 4,
                  "Filter": "(keyword_id < 9264)",
                  "Rows Removed by Filter": 405534
                }
              ]
            }
          ]
        }
      ]
    },
    "Planning Time": 0.186,
    "Triggers": [],
    "Execution Time": 171.422
  }
]