[
  {
    "Plan": {
      "Node Type": "Aggregate",
      "Strategy": "Plain",
      "Partial Mode": "Finalize",
      "Parallel Aware": false,
      "Startup Cost": 45208.89,
      "Total Cost": 45208.9,
      "Plan Rows": 1,
      "Plan Width": 8,
      "Actual Startup Time": 126.242,
      "Actual Total Time": 135.258,
      "Actual Rows": 1,
      "Actual Loops": 1,
      "Plans": [
        {
          "Node Type": "Gather",
          "Parent Relationship": "Outer",
          "Parallel Aware": false,
          "Startup Cost": 45208.58,
          "Total Cost": 45208.89,
          "Plan Rows": 3,
          "Plan Width": 8,
          "Actual Startup Time": 126.177,
          "Actual Total Time": 135.248,
          "Actual Rows": 4,
          "Actual Loops": 1,
          "Workers Planned": 3,
          "Workers Launched": 3,
          "Single Copy": false,
          "Plans": [
            {
              "Node Type": "Aggregate",
              "Strategy": "Plain",
              "Partial Mode": "Partial",
              "Parent Relationship": "Outer",
              "Parallel Aware": false,
              "Startup Cost": 44208.58,
              "Total Cost": 44208.59,
              "Plan Rows": 1,
              "Plan Width": 8,
              "Actual Startup Time": 121.34,
              "Actual Total Time": 121.342,
              "Actual Rows": 1,
              "Actual Loops": 4,
              "Plans": [
                {
                  "Node Type": "Seq Scan",
                  "Parent Relationship": "Outer",
                  "Parallel Aware": true,
                  "Relation Name": "movie_keyword",
                  "Alias": "mk",
                  "Startup Cost": 0.0,
                  "Total Cost": 42695.65,
                  "Plan Rows": 605169,
                  "Plan Width": 0,
                  "Actual Startup Time": 0.036,
                  "Actual Total Time": 101.218,
                  "Actual Rows": 469040,
                  "Actual Loops": 4,
                  "Filter": "(keyword_id < 3190)",
                  "Rows Removed by Filter": 661943
                }
              ]
            }
          ]
        }
      ]
    },
    "Planning Time": 0.084,
    "Triggers": [],
    "Execution Time": 135.287
  }
]