[
  {
    "Plan": {
      "Node Type": "Aggregate",
      "Strategy": "Plain",
      "Partial Mode": "Finalize",
      "Parallel Aware": false,
      "Startup Cost": 595670.09,
      "Total Cost": 595670.1,
      "Plan Rows": 1,
      "Plan Width": 8,
      "Actual Startup Time": 1478.487,
      "Actual Total Time": 1527.78,
      "Actual Rows": 1,
      "Actual Loops": 1,
      "Plans": [
        {
          "Node Type": "Gather",
          "Parent Relationship": "Outer",
          "Parallel Aware": false,
          "Startup Cost": 595669.56,
          "Total Cost": 595670.07,
          "Plan Rows": 5,
          "Plan Width": 8,
          "Actual Startup Time": 1467.064,
          "Actual Total Time": 1527.763,
          "Actual Rows": 6,
          "Actual Loops": 1,
          "Workers Planned": 5,
          "Workers Launched": 5,
          "Single Copy": false,
          "Plans": [
            {
              "Node Type": "Aggregate",
              "Strategy": "Plain",
              "Partial Mode": "Partial",
              "Parent Relationship": "Outer",
              "Parallel Aware": false,
              "Startup Cost": 594669.56,
              "Total Cost": 594669.57,
              "Plan Rows": 1,
              "Plan Width": 8,
              "Actual Startup Time": 1457.826,
              "Actual Total Time": 1458.032,
              "Actual Rows": 1,
              "Actual Loops": 6,
              "Plans": [
                {
                  "Node Type": "Hash Join",
                  "Parent Relationship": "Outer",
                  "Parallel Aware": true,
                  "Join Type": "Inner",
                  "Startup Cost": 386568.21,
                  "Total Cost": 591500.61,
                  "Plan Rows": 1267582,
                  "Plan Width": 0,
                  "Actual Startup Time": 696.7,
                  "Actual Total Time": 1431.841,
                  "Actual Rows": 539029,
                  "Actual Loops": 6,
                  "Inner Unique": false,
                  "Hash Cond": "(mi.movie_id = t.id)",
                  "Plans": [
                    {
                      "Node Type": "Seq Scan",
                      "Parent Relationship": "Outer",
                      "Parallel Aware": true,
                      "Relation Name": "movie_info",
                      "Alias": "mi",
                      "Startup Cost": 0.0,
                      "Total Cost": 191685.19,
                      "Plan Rows": 2969219,
                      "Plan Width": 4,
                      "Actual Startup Time": 0.027,
                      "Actual Total Time": 288.227,
                      "Actual Rows": 2472620,
                      "Actual Loops": 6
                    },
                    {
                      "Node Type": "Hash",
                      "Parent Relationship": "Inner",
                      "Parallel Aware": true,
                      "Startup Cost": 384319.46,
                      "Total Cost": 384319.46,
                      "Plan Rows": 179900,
                      "Plan Width": 8,
                      "Actual Startup Time": 693.085,
                      "Actual Total Time": 693.29,
                      "Actual Rows": 85803,
                      "Actual Loops": 6,
                      "Hash Buckets": 2097152,
                      "Original Hash Buckets": 2097152,
                      "Hash Batches": 1,
                      "Original Hash Batches": 1,
                      "Peak Memory Usage": 36640,
                      "Plans": [
                        {
                          "Node Type": "Hash Join",
                          "Parent Relationship": "Outer",
                          "Parallel Aware": true,
                          "Join Type": "Inner",
                          "Startup Cost": 122395.14,
                          "Total Cost": 384319.46,
                          "Plan Rows": 179900,
                          "Plan Width": 8,
                          "Actual Startup Time": 529.87,
                          "Actual Total Time": 650.508,
                          "Actual Rows": 85803,
                          "Actual Loops": 6,
                          "Inner Unique": true,
                          "Hash Cond": "(ci.movie_id = t.id)",
                          "Plans": [
                            {
                              "Node Type": "Bitmap Heap Scan",
                              "Parent Relationship": "Outer",
                              "Parallel Aware": true,
                              "Relation Name": "cast_info",
                              "Alias": "ci",
                              "Startup Cost": 72958.51,
                              "Total Cost": 333939.88,
                              "Plan Rows": 359220,
                              "Plan Width": 4,
                              "Actual Startup Time": 329.62,
                              "Actual Total Time": 380.332,
                              "Actual Rows": 160872,
                              "Actual Loops": 6,
                              "Recheck Cond": "(person_id < 330183)",
                              "Rows Removed by Index Recheck": 0,
                              "Filter": "(role_id > 1)",
                              "Rows Removed by Filter": 411790,
                              "Exact Heap Blocks": 6829,
                              "Lossy Heap Blocks": 0,
                              "Plans": [
                                {
                                  "Node Type": "Bitmap Index Scan",
                                  "Parent Relationship": "Outer",
                                  "Parallel Aware": false,
                                  "Index Name": "person_id_cast_info",
                                  "Startup Cost": 0.0,
                                  "Total Cost": 72419.68,
                                  "Plan Rows": 3317748,
                                  "Plan Width": 0,
                                  "Actual Startup Time": 232.334,
                                  "Actual Total Time": 232.335,
                                  "Actual Rows": 3435972,
                                  "Actual Loops": 1,
                                  "Index Cond": "(person_id < 330183)"
                                }
                              ]
                            },
                            {
                              "Node Type": "Hash",
                              "Parent Relationship": "Inner",
                              "Parallel Aware": true,
                              "Startup Cost": 45479.59,
                              "Total Cost": 45479.59,
                              "Plan Rows": 316564,
                              "Plan Width": 4,
                              "Actual Startup Time": 197.811,
                              "Actual Total Time": 197.812,
                              "Actual Rows": 229204,
                              "Actual Loops": 6,
                              "Hash Buckets": 2097152,
                              "Original Hash Buckets": 2097152,
                              "Hash Batches": 1,
                              "Original Hash Batches": 1,
                              "Peak Memory Usage": 70304,
                              "Plans": [
                                {
                                  "Node Type": "Seq Scan",
                                  "Parent Relationship": "Outer",
                                  "Parallel Aware": true,
                                  "Relation Name": "title",
                                  "Alias": "t",
                                  "Startup Cost": 0.0,
                                  "Total Cost": 45479.59,
                                  "Plan Rows": 316564,
                                  "Plan Width": 4,
                                  "Actual Startup Time": 0.058,
                                  "Actual Total Time": 88.411,
                                  "Actual Rows": 229204,
                                  "Actual Loops": 6,
                                  "Filter": "((kind_id > 1) AND (production_year > 1992))",
                                  "Rows Removed by Filter": 192181
                                }
                              ]
                            }
                          ]
                        }
                      ]
                    }
                  ]
                }
              ]
            }
          ]
        }
      ]
    },
    "Planning Time": 0.67,
    "Triggers": [],
    "Execution Time": 1527.871
  }
]