{
    "Plan": {
        "Node Type": "Aggregate",
        "Strategy": "Plain",
        "Partial Mode": "Finalize",
        "Parallel Aware": false,
        "Startup Cost": 379930.57,
        "Total Cost": 379930.58,
        "Plan Rows": 1,
        "Plan Width": 8,
        "Actual Startup Time": 944.982,
        "Actual Total Time": 1006.633,
        "Actual Rows": 1,
        "Actual Loops": 1,
        "Output": [
            "count(*)"
        ],
        "Plans": [
            {
                "Node Type": "Gather",
                "Parent Relationship": "Outer",
                "Parallel Aware": false,
                "Startup Cost": 379930.15,
                "Total Cost": 379930.56,
                "Plan Rows": 4,
                "Plan Width": 8,
                "Actual Startup Time": 941.971,
                "Actual Total Time": 1006.621,
                "Actual Rows": 5,
                "Actual Loops": 1,
                "Output": [
                    "(PARTIAL count(*))"
                ],
                "Workers Planned": 4,
                "Workers Launched": 4,
                "Single Copy": false,
                "Plans": [
                    {
                        "Node Type": "Aggregate",
                        "Strategy": "Plain",
                        "Partial Mode": "Partial",
                        "Parent Relationship": "Outer",
                        "Parallel Aware": false,
                        "Startup Cost": 378930.15,
                        "Total Cost": 378930.16,
                        "Plan Rows": 1,
                        "Plan Width": 8,
                        "Actual Startup Time": 931.922,
                        "Actual Total Time": 931.926,
                        "Actual Rows": 1,
                        "Actual Loops": 5,
                        "Output": [
                            "PARTIAL count(*)"
                        ],
                        "Workers": [
                            {
                                "Worker Number": 0,
                                "Actual Startup Time": 929.28,
                                "Actual Total Time": 929.283,
                                "Actual Rows": 1,
                                "Actual Loops": 1
                            },
                            {
                                "Worker Number": 1,
                                "Actual Startup Time": 929.505,
                                "Actual Total Time": 929.507,
                                "Actual Rows": 1,
                                "Actual Loops": 1
                            },
                            {
                                "Worker Number": 2,
                                "Actual Startup Time": 930.107,
                                "Actual Total Time": 930.111,
                                "Actual Rows": 1,
                                "Actual Loops": 1
                            },
                            {
                                "Worker Number": 3,
                                "Actual Startup Time": 929.578,
                                "Actual Total Time": 929.58,
                                "Actual Rows": 1,
                                "Actual Loops": 1
                            }
                        ],
                        "Plans": [
                            {
                                "Node Type": "Hash Join",
                                "Parent Relationship": "Outer",
                                "Parallel Aware": true,
                                "Join Type": "Inner",
                                "Startup Cost": 329598.24,
                                "Total Cost": 378514.77,
                                "Plan Rows": 166155,
                                "Plan Width": 0,
                                "Actual Startup Time": 701.877,
                                "Actual Total Time": 925.716,
                                "Actual Rows": 144194,
                                "Actual Loops": 5,
                                "Inner Unique": false,
                                "Hash Cond": "(t.id = ci.movie_id)",
                                "Workers": [
                                    {
                                        "Worker Number": 0,
                                        "Actual Startup Time": 699.316,
                                        "Actual Total Time": 923.184,
                                        "Actual Rows": 141025,
                                        "Actual Loops": 1
                                    },
                                    {
                                        "Worker Number": 1,
                                        "Actual Startup Time": 699.549,
                                        "Actual Total Time": 923.514,
                                        "Actual Rows": 140810,
                                        "Actual Loops": 1
                                    },
                                    {
                                        "Worker Number": 2,
                                        "Actual Startup Time": 699.698,
                                        "Actual Total Time": 924.061,
                                        "Actual Rows": 139708,
                                        "Actual Loops": 1
                                    },
                                    {
                                        "Worker Number": 3,
                                        "Actual Startup Time": 699.654,
                                        "Actual Total Time": 923.459,
                                        "Actual Rows": 144719,
                                        "Actual Loops": 1
                                    }
                                ],
                                "Plans": [
                                    {
                                        "Node Type": "Seq Scan",
                                        "Parent Relationship": "Outer",
                                        "Parallel Aware": true,
                                        "Relation Name": "title",
                                        "Schema": "public",
                                        "Alias": "t",
                                        "Startup Cost": 0.0,
                                        "Total Cost": 42318.81,
                                        "Plan Rows": 632080,
                                        "Plan Width": 4,
                                        "Actual Startup Time": 0.011,
                                        "Actual Total Time": 65.062,
                                        "Actual Rows": 505662,
                                        "Actual Loops": 5,
                                        "Output": [
                                            "t.id",
                                            "t.title",
                                            "t.imdb_index",
                                            "t.kind_id",
                                            "t.production_year",
                                            "t.imdb_id",
                                            "t.phonetic_code",
                                            "t.episode_of_id",
                                            "t.season_nr",
                                            "t.episode_nr",
                                            "t.series_years",
                                            "t.md5sum"
                                        ],
                                        "Workers": [
                                            {
                                                "Worker Number": 0,
                                                "Actual Startup Time": 0.013,
                                                "Actual Total Time": 69.165,
                                                "Actual Rows": 493065,
                                                "Actual Loops": 1
                                            },
                                            {
                                                "Worker Number": 1,
                                                "Actual Startup Time": 0.011,
                                                "Actual Total Time": 65.459,
                                                "Actual Rows": 496449,
                                                "Actual Loops": 1
                                            },
                                            {
                                                "Worker Number": 2,
                                                "Actual Startup Time": 0.013,
                                                "Actual Total Time": 69.557,
                                                "Actual Rows": 488968,
                                                "Actual Loops": 1
                                            },
                                            {
                                                "Worker Number": 3,
                                                "Actual Startup Time": 0.015,
                                                "Actual Total Time": 65.708,
                                                "Actual Rows": 505582,
                                                "Actual Loops": 1
                                            }
                                        ]
                                    },
                                    {
                                        "Node Type": "Hash",
                                        "Parent Relationship": "Inner",
                                        "Parallel Aware": true,
                                        "Startup Cost": 328213.62,
                                        "Total Cost": 328213.62,
                                        "Plan Rows": 110770,
                                        "Plan Width": 4,
                                        "Actual Startup Time": 697.499,
                                        "Actual Total Time": 697.5,
                                        "Actual Rows": 144194,
                                        "Actual Loops": 5,
                                        "Output": [
                                            "ci.movie_id"
                                        ],
                                        "Hash Buckets": 1048576,
                                        "Original Hash Buckets": 1048576,
                                        "Hash Batches": 1,
                                        "Original Hash Batches": 1,
                                        "Peak Memory Usage": 36480,
                                        "Workers": [
                                            {
                                                "Worker Number": 0,
                                                "Actual Startup Time": 698.655,
                                                "Actual Total Time": 698.656,
                                                "Actual Rows": 142287,
                                                "Actual Loops": 1
                                            },
                                            {
                                                "Worker Number": 1,
                                                "Actual Startup Time": 698.902,
                                                "Actual Total Time": 698.903,
                                                "Actual Rows": 149114,
                                                "Actual Loops": 1
                                            },
                                            {
                                                "Worker Number": 2,
                                                "Actual Startup Time": 699.103,
                                                "Actual Total Time": 699.104,
                                                "Actual Rows": 124573,
                                                "Actual Loops": 1
                                            },
                                            {
                                                "Worker Number": 3,
                                                "Actual Startup Time": 698.952,
                                                "Actual Total Time": 698.953,
                                                "Actual Rows": 150347,
                                                "Actual Loops": 1
                                            }
                                        ],
                                        "Plans": [
                                            {
                                                "Node Type": "Seq Scan",
                                                "Parent Relationship": "Outer",
                                                "Parallel Aware": true,
                                                "Relation Name": "cast_info",
                                                "Schema": "public",
                                                "Alias": "ci",
                                                "Startup Cost": 0.0,
                                                "Total Cost": 328213.62,
                                                "Plan Rows": 110770,
                                                "Plan Width": 4,
                                                "Actual Startup Time": 607.941,
                                                "Actual Total Time": 641.455,
                                                "Actual Rows": 144194,
                                                "Actual Loops": 5,
                                                "Output": [
                                                    "ci.movie_id"
                                                ],
                                                "Filter": "(ci.person_id > 3923487)",
                                                "Rows Removed by Filter": 7104675,
                                                "Workers": [
                                                    {
                                                        "Worker Number": 0,
                                                        "Actual Startup Time": 607.888,
                                                        "Actual Total Time": 642.737,
                                                        "Actual Rows": 142287,
                                                        "Actual Loops": 1
                                                    },
                                                    {
                                                        "Worker Number": 1,
                                                        "Actual Startup Time": 607.922,
                                                        "Actual Total Time": 640.747,
                                                        "Actual Rows": 149114,
                                                        "Actual Loops": 1
                                                    },
                                                    {
                                                        "Worker Number": 2,
                                                        "Actual Startup Time": 607.935,
                                                        "Actual Total Time": 643.186,
                                                        "Actual Rows": 124573,
                                                        "Actual Loops": 1
                                                    },
                                                    {
                                                        "Worker Number": 3,
                                                        "Actual Startup Time": 607.905,
                                                        "Actual Total Time": 640.403,
                                                        "Actual Rows": 150347,
                                                        "Actual Loops": 1
                                                    }
                                                ]
                                            }
                                        ]
                                    }
                                ]
                            }
                        ]
                    }
                ]
            }
        ]
    },
    "Planning Time": 0.822,
    "Triggers": [],
    "Execution Time": 1006.73
}