[
  {
    "Plan": {
      "Node Type": "Aggregate",
      "Strategy": "Plain",
      "Partial Mode": "Finalize",
      "Parallel Aware": false,
      "Startup Cost": 660471.91,
      "Total Cost": 660471.92,
      "Plan Rows": 1,
      "Plan Width": 8,
      "Actual Startup Time": 5485.766,
      "Actual Total Time": 5582.886,
      "Actual Rows": 1,
      "Actual Loops": 1,
      "Plans": [
        {
          "Node Type": "Gather",
          "Parent Relationship": "Outer",
          "Parallel Aware": false,
          "Startup Cost": 660471.39,
          "Total Cost": 660471.9,
          "Plan Rows": 5,
          "Plan Width": 8,
          "Actual Startup Time": 5414.216,
          "Actual Total Time": 5582.87,
          "Actual Rows": 6,
          "Actual Loops": 1,
          "Workers Planned": 5,
          "Workers Launched": 5,
          "Single Copy": false,
          "Plans": [
            {
              "Node Type": "Aggregate",
              "Strategy": "Plain",
              "Partial Mode": "Partial",
              "Parent Relationship": "Outer",
              "Parallel Aware": false,
              "Startup Cost": 659471.39,
              "Total Cost": 659471.4,
              "Plan Rows": 1,
              "Plan Width": 8,
              "Actual Startup Time": 5389.627,
              "Actual Total Time": 5393.978,
              "Actual Rows": 1,
              "Actual Loops": 6,
              "Plans": [
                {
                  "Node Type": "Hash Join",
                  "Parent Relationship": "Outer",
                  "Parallel Aware": true,
                  "Join Type": "Inner",
                  "Startup Cost": 416779.89,
                  "Total Cost": 635445.34,
                  "Plan Rows": 9610419,
                  "Plan Width": 0,
                  "Actual Startup Time": 2938.273,
                  "Actual Total Time": 5051.435,
                  "Actual Rows": 7709450,
                  "Actual Loops": 6,
                  "Inner Unique": false,
                  "Hash Cond": "(mi.movie_id = t.id)",
                  "Plans": [
                    {
                      "Node Type": "Seq Scan",
                      "Parent Relationship": "Outer",
                      "Parallel Aware": true,
                      "Relation Name": "movie_info",
                      "Alias": "mi",
                      "Startup Cost": 0.0,
                      "Total Cost": 191560.33,
                      "Plan Rows": 2956733,
                      "Plan Width": 4,
                      "Actual Startup Time": 0.036,
                      "Actual Total Time": 319.418,
                      "Actual Rows": 2472620,
                      "Actual Loops": 6
                    },
                    {
                      "Node Type": "Hash",
                      "Parent Relationship": "Inner",
                      "Parallel Aware": true,
                      "Startup Cost": 399659.39,
                      "Total Cost": 399659.39,
                      "Plan Rows": 1369640,
                      "Plan Width": 8,
                      "Actual Startup Time": 2926.409,
                      "Actual Total Time": 2930.758,
                      "Actual Rows": 1553502,
                      "Actual Loops": 6,
                      "Hash Buckets": 16777216,
                      "Original Hash Buckets": 8388608,
                      "Hash Batches": 1,
                      "Original Hash Batches": 1,
                      "Peak Memory Usage": 561376,
                      "Plans": [
                        {
                          "Node Type": "Hash Join",
                          "Parent Relationship": "Outer",
                          "Parallel Aware": true,
                          "Join Type": "Inner",
                          "Startup Cost": 49747.77,
                          "Total Cost": 399659.39,
                          "Plan Rows": 1369640,
                          "Plan Width": 8,
                          "Actual Startup Time": 191.462,
                          "Actual Total Time": 2052.013,
                          "Actual Rows": 1553502,
                          "Actual Loops": 6,
                          "Inner Unique": true,
                          "Hash Cond": "(ci.movie_id = t.id)",
                          "Plans": [
                            {
                              "Node Type": "Seq Scan",
                              "Parent Relationship": "Outer",
                              "Parallel Aware": true,
                              "Relation Name": "cast_info",
                              "Alias": "ci",
                              "Startup Cost": 0.0,
                              "Total Cost": 343257.03,
                              "Plan Rows": 2535076,
                              "Plan Width": 4,
                              "Actual Startup Time": 0.026,
                              "Actual Total Time": 818.427,
                              "Actual Rows": 2957201,
                              "Actual Loops": 6,
                              "Filter": "((person_id < 2006264) AND (role_id < 6))",
                              "Rows Removed by Filter": 3083523
                            },
                            {
                              "Node Type": "Hash",
                              "Parent Relationship": "Inner",
                              "Parallel Aware": true,
                              "Startup Cost": 45479.1,
                              "Total Cost": 45479.1,
                              "Plan Rows": 341494,
                              "Plan Width": 4,
                              "Actual Startup Time": 189.139,
                              "Actual Total Time": 189.141,
                              "Actual Rows": 222933,
                              "Actual Loops": 6,
                              "Hash Buckets": 2097152,
                              "Original Hash Buckets": 2097152,
                              "Hash Batches": 1,
                              "Original Hash Batches": 1,
                              "Peak Memory Usage": 68800,
                              "Plans": [
                                {
                                  "Node Type": "Seq Scan",
                                  "Parent Relationship": "Outer",
                                  "Parallel Aware": true,
                                  "Relation Name": "title",
                                  "Alias": "t",
                                  "Startup Cost": 0.0,
                                  "Total Cost": 45479.1,
                                  "Plan Rows": 341494,
                                  "Plan Width": 4,
                                  "Actual Startup Time": 0.048,
                                  "Actual Total Time": 90.383,
                                  "Actual Rows": 222933,
                                  "Actual Loops": 6,
                                  "Filter": "((kind_id > 3) AND (production_year < 2011))",
                                  "Rows Removed by Filter": 198452
                                }
                              ]
                            }
                          ]
                        }
                      ]
                    }
                  ]
                }
              ]
            }
          ]
        }
      ]
    },
    "Planning Time": 0.596,
    "Triggers": [],
    "Execution Time": 5582.963
  }
]