[
  {
    "Plan": {
      "Node Type": "Aggregate",
      "Strategy": "Plain",
      "Partial Mode": "Finalize",
      "Parallel Aware": false,
      "Startup Cost": 249493.13,
      "Total Cost": 249493.14,
      "Plan Rows": 1,
      "Plan Width": 8,
      "Actual Startup Time": 636.827,
      "Actual Total Time": 678.825,
      "Actual Rows": 1,
      "Actual Loops": 1,
      "Plans": [
        {
          "Node Type": "Gather",
          "Parent Relationship": "Outer",
          "Parallel Aware": false,
          "Startup Cost": 249492.61,
          "Total Cost": 249493.12,
          "Plan Rows": 5,
          "Plan Width": 8,
          "Actual Startup Time": 633.531,
          "Actual Total Time": 678.811,
          "Actual Rows": 6,
          "Actual Loops": 1,
          "Workers Planned": 5,
          "Workers Launched": 5,
          "Single Copy": false,
          "Plans": [
            {
              "Node Type": "Aggregate",
              "Strategy": "Plain",
              "Partial Mode": "Partial",
              "Parent Relationship": "Outer",
              "Parallel Aware": false,
              "Startup Cost": 248492.61,
              "Total Cost": 248492.62,
              "Plan Rows": 1,
              "Plan Width": 8,
              "Actual Startup Time": 623.398,
              "Actual Total Time": 623.405,
              "Actual Rows": 1,
              "Actual Loops": 6,
              "Plans": [
                {
                  "Node Type": "Hash Join",
                  "Parent Relationship": "Outer",
                  "Parallel Aware": true,
                  "Join Type": "Inner",
                  "Startup Cost": 45572.84,
                  "Total Cost": 247826.46,
                  "Plan Rows": 266462,
                  "Plan Width": 0,
                  "Actual Startup Time": 147.458,
                  "Actual Total Time": 615.042,
                  "Actual Rows": 176114,
                  "Actual Loops": 6,
                  "Inner Unique": true,
                  "Hash Cond": "(mi.movie_id = t.id)",
                  "Plans": [
                    {
                      "Node Type": "Seq Scan",
                      "Parent Relationship": "Outer",
                      "Parallel Aware": true,
                      "Relation Name": "movie_info",
                      "Alias": "mi",
                      "Startup Cost": 0.0,
                      "Total Cost": 198952.16,
                      "Plan Rows": 1257696,
                      "Plan Width": 4,
                      "Actual Startup Time": 16.149,
                      "Actual Total Time": 309.748,
                      "Actual Rows": 1037249,
                      "Actual Loops": 6,
                      "Filter": "(info_type_id > 8)",
                      "Rows Removed by Filter": 1435371
                    },
                    {
                      "Node Type": "Hash",
                      "Parent Relationship": "Inner",
                      "Parallel Aware": true,
                      "Startup Cost": 43898.92,
                      "Total Cost": 43898.92,
                      "Plan Rows": 133914,
                      "Plan Width": 4,
                      "Actual Startup Time": 127.232,
                      "Actual Total Time": 127.233,
                      "Actual Rows": 88895,
                      "Actual Loops": 6,
                      "Hash Buckets": 1048576,
                      "Original Hash Buckets": 1048576,
                      "Hash Batches": 1,
                      "Original Hash Batches": 1,
                      "Peak Memory Usage": 29152,
                      "Plans": [
                        {
                          "Node Type": "Seq Scan",
                          "Parent Relationship": "Outer",
                          "Parallel Aware": true,
                          "Relation Name": "title",
                          "Alias": "t",
                          "Startup Cost": 0.0,
                          "Total Cost": 43898.92,
                          "Plan Rows": 133914,
                          "Plan Width": 4,
                          "Actual Startup Time": 0.046,
                          "Actual Total Time": 82.266,
                          "Actual Rows": 88895,
                          "Actual Loops": 6,
                          "Filter": "(production_year > 2009)",
                          "Rows Removed by Filter": 332490
                        }
                      ]
                    }
                  ]
                }
              ]
            }
          ]
        }
      ]
    },
    "Planning Time": 0.555,
    "Triggers": [],
    "Execution Time": 678.904
  }
]