[
  {
    "Plan": {
      "Node Type": "Aggregate",
      "Strategy": "Plain",
      "Partial Mode": "Finalize",
      "Parallel Aware": false,
      "Startup Cost": 468582.43,
      "Total Cost": 468582.44,
      "Plan Rows": 1,
      "Plan Width": 8,
      "Actual Startup Time": 2740.199,
      "Actual Total Time": 2799.193,
      "Actual Rows": 1,
      "Actual Loops": 1,
      "Plans": [
        {
          "Node Type": "Gather",
          "Parent Relationship": "Outer",
          "Parallel Aware": false,
          "Startup Cost": 468581.81,
          "Total Cost": 468582.42,
          "Plan Rows": 6,
          "Plan Width": 8,
          "Actual Startup Time": 2731.633,
          "Actual Total Time": 2799.161,
          "Actual Rows": 7,
          "Actual Loops": 1,
          "Workers Planned": 6,
          "Workers Launched": 6,
          "Single Copy": false,
          "Plans": [
            {
              "Node Type": "Aggregate",
              "Strategy": "Plain",
              "Partial Mode": "Partial",
              "Parent Relationship": "Outer",
              "Parallel Aware": false,
              "Startup Cost": 467581.81,
              "Total Cost": 467581.82,
              "Plan Rows": 1,
              "Plan Width": 8,
              "Actual Startup Time": 2714.556,
              "Actual Total Time": 2715.029,
              "Actual Rows": 1,
              "Actual Loops": 7,
              "Plans": [
                {
                  "Node Type": "Hash Join",
                  "Parent Relationship": "Outer",
                  "Parallel Aware": true,
                  "Join Type": "Inner",
                  "Startup Cost": 101262.74,
                  "Total Cost": 454240.79,
                  "Plan Rows": 5336407,
                  "Plan Width": 0,
                  "Actual Startup Time": 427.159,
                  "Actual Total Time": 2474.021,
                  "Actual Rows": 5358502,
                  "Actual Loops": 7,
                  "Inner Unique": false,
                  "Hash Cond": "(ci.movie_id = t.id)",
                  "Plans": [
                    {
                      "Node Type": "Seq Scan",
                      "Parent Relationship": "Outer",
                      "Parallel Aware": true,
                      "Relation Name": "cast_info",
                      "Alias": "ci",
                      "Startup Cost": 0.0,
                      "Total Cost": 313106.51,
                      "Plan Rows": 6041951,
                      "Plan Width": 4,
                      "Actual Startup Time": 0.055,
                      "Actual Total Time": 550.982,
                      "Actual Rows": 5177763,
                      "Actual Loops": 7
                    },
                    {
                      "Node Type": "Hash",
                      "Parent Relationship": "Inner",
                      "Parallel Aware": true,
                      "Startup Cost": 92258.03,
                      "Total Cost": 92258.03,
                      "Plan Rows": 720377,
                      "Plan Width": 8,
                      "Actual Startup Time": 420.672,
                      "Actual Total Time": 421.142,
                      "Actual Rows": 169949,
                      "Actual Loops": 7,
                      "Hash Buckets": 4194304,
                      "Original Hash Buckets": 4194304,
                      "Hash Batches": 1,
                      "Original Hash Batches": 1,
                      "Peak Memory Usage": 79392,
                      "Plans": [
                        {
                          "Node Type": "Hash Join",
                          "Parent Relationship": "Outer",
                          "Parallel Aware": true,
                          "Join Type": "Inner",
                          "Startup Cost": 49379.95,
                          "Total Cost": 92258.03,
                          "Plan Rows": 720377,
                          "Plan Width": 8,
                          "Actual Startup Time": 199.79,
                          "Actual Total Time": 349.458,
                          "Actual Rows": 169949,
                          "Actual Loops": 7,
                          "Inner Unique": true,
                          "Hash Cond": "(mk.movie_id = t.id)",
                          "Plans": [
                            {
                              "Node Type": "Seq Scan",
                              "Parent Relationship": "Outer",
                              "Parallel Aware": true,
                              "Relation Name": "movie_keyword",
                              "Alias": "mk",
                              "Startup Cost": 0.0,
                              "Total Cost": 39047.32,
                              "Plan Rows": 1459332,
                              "Plan Width": 4,
                              "Actual Startup Time": 0.034,
                              "Actual Total Time": 60.316,
                              "Actual Rows": 646276,
                              "Actual Loops": 7
                            },
                            {
                              "Node Type": "Hash",
                              "Parent Relationship": "Inner",
                              "Parallel Aware": true,
                              "Startup Cost": 45479.59,
                              "Total Cost": 45479.59,
                              "Plan Rows": 312029,
                              "Plan Width": 4,
                              "Actual Startup Time": 196.925,
                              "Actual Total Time": 196.927,
                              "Actual Rows": 193360,
                              "Actual Loops": 7,
                              "Hash Buckets": 2097152,
                              "Original Hash Buckets": 2097152,
                              "Hash Batches": 1,
                              "Original Hash Batches": 1,
                              "Peak Memory Usage": 69472,
                              "Plans": [
                                {
                                  "Node Type": "Seq Scan",
                                  "Parent Relationship": "Outer",
                                  "Parallel Aware": true,
                                  "Relation Name": "title",
                                  "Alias": "t",
                                  "Startup Cost": 0.0,
                                  "Total Cost": 45479.59,
                                  "Plan Rows": 312029,
                                  "Plan Width": 4,
                                  "Actual Startup Time": 0.072,
                                  "Actual Total Time": 87.451,
                                  "Actual Rows": 193360,
                                  "Actual Loops": 7,
                                  "Filter": "((kind_id > 1) AND (production_year > 1993))",
                                  "Rows Removed by Filter": 167827
                                }
                              ]
                            }
                          ]
                        }
                      ]
                    }
                  ]
                }
              ]
            }
          ]
        }
      ]
    },
    "Planning Time": 0.681,
    "Triggers": [],
    "Execution Time": 2799.26
  }
]