[
  {
    "Plan": {
      "Node Type": "Aggregate",
      "Strategy": "Plain",
      "Partial Mode": "Finalize",
      "Parallel Aware": false,
      "Startup Cost": 48301.09,
      "Total Cost": 48301.1,
      "Plan Rows": 1,
      "Plan Width": 8,
      "Actual Startup Time": 74.141,
      "Actual Total Time": 82.535,
      "Actual Rows": 1,
      "Actual Loops": 1,
      "Plans": [
        {
          "Node Type": "Gather",
          "Parent Relationship": "Outer",
          "Parallel Aware": false,
          "Startup Cost": 48300.77,
          "Total Cost": 48301.08,
          "Plan Rows": 3,
          "Plan Width": 8,
          "Actual Startup Time": 73.817,
          "Actual Total Time": 82.53,
          "Actual Rows": 4,
          "Actual Loops": 1,
          "Workers Planned": 3,
          "Workers Launched": 3,
          "Single Copy": false,
          "Plans": [
            {
              "Node Type": "Aggregate",
              "Strategy": "Plain",
              "Partial Mode": "Partial",
              "Parent Relationship": "Outer",
              "Parallel Aware": false,
              "Startup Cost": 47300.77,
              "Total Cost": 47300.78,
              "Plan Rows": 1,
              "Plan Width": 8,
              "Actual Startup Time": 68.503,
              "Actual Total Time": 68.506,
              "Actual Rows": 1,
              "Actual Loops": 4,
              "Plans": [
                {
                  "Node Type": "Hash Join",
                  "Parent Relationship": "Outer",
                  "Parallel Aware": true,
                  "Join Type": "Inner",
                  "Startup Cost": 38149.57,
                  "Total Cost": 47300.13,
                  "Plan Rows": 257,
                  "Plan Width": 0,
                  "Actual Startup Time": 52.243,
                  "Actual Total Time": 68.494,
                  "Actual Rows": 46,
                  "Actual Loops": 4,
                  "Inner Unique": true,
                  "Hash Cond": "(ci.movie_id = t.id)",
                  "Plans": [
                    {
                      "Node Type": "Index Scan",
                      "Parent Relationship": "Outer",
                      "Parallel Aware": true,
                      "Scan Direction": "Forward",
                      "Index Name": "role_id_cast_info",
                      "Relation Name": "cast_info",
                      "Alias": "ci",
                      "Startup Cost": 0.56,
                      "Total Cost": 9091.72,
                      "Plan Rows": 22627,
                      "Plan Width": 4,
                      "Actual Startup Time": 0.106,
                      "Actual Total Time": 15.237,
                      "Actual Rows": 8273,
                      "Actual Loops": 4,
                      "Index Cond": "(role_id > 10)",
                      "Rows Removed by Index Recheck": 0,
                      "Filter": "(person_id < 800106)",
                      "Rows Removed by Filter": 70757
                    },
                    {
                      "Node Type": "Hash",
                      "Parent Relationship": "Inner",
                      "Parallel Aware": true,
                      "Startup Cost": 38059.15,
                      "Total Cost": 38059.15,
                      "Plan Rows": 7189,
                      "Plan Width": 4,
                      "Actual Startup Time": 51.128,
                      "Actual Total Time": 51.129,
                      "Actual Rows": 7064,
                      "Actual Loops": 4,
                      "Hash Buckets": 32768,
                      "Original Hash Buckets": 32768,
                      "Hash Batches": 1,
                      "Original Hash Batches": 1,
                      "Peak Memory Usage": 1440,
                      "Plans": [
                        {
                          "Node Type": "Bitmap Heap Scan",
                          "Parent Relationship": "Outer",
                          "Parallel Aware": true,
                          "Relation Name": "title",
                          "Alias": "t",
                          "Startup Cost": 1704.64,
                          "Total Cost": 38059.15,
                          "Plan Rows": 7189,
                          "Plan Width": 4,
                          "Actual Startup Time": 8.067,
                          "Actual Total Time": 48.338,
                          "Actual Rows": 7064,
                          "Actual Loops": 4,
                          "Recheck Cond": "(kind_id = 2)",
                          "Rows Removed by Index Recheck": 0,
                          "Filter": "(production_year < 1994)",
                          "Rows Removed by Filter": 15648,
                          "Exact Heap Blocks": 12897,
                          "Lossy Heap Blocks": 0,
                          "Plans": [
                            {
                              "Node Type": "Bitmap Index Scan",
                              "Parent Relationship": "Outer",
                              "Parallel Aware": false,
                              "Index Name": "kind_id_title",
                              "Startup Cost": 0.0,
                              "Total Cost": 1697.45,
                              "Plan Rows": 95069,
                              "Plan Width": 0,
                              "Actual Startup Time": 8.985,
                              "Actual Total Time": 8.985,
                              "Actual Rows": 90852,
                              "Actual Loops": 1,
                              "Index Cond": "(kind_id = 2)"
                            }
                          ]
                        }
                      ]
                    }
                  ]
                }
              ]
            }
          ]
        }
      ]
    },
    "Planning Time": 0.256,
    "Triggers": [],
    "Execution Time": 82.573
  }
]