{
  "Plan": {
    "Node Type": "Aggregate",
    "Strategy": "Plain",
    "Partial Mode": "Finalize",
    "Parallel Aware": false,
    "Startup Cost": 427659.47,
    "Total Cost": 427659.48,
    "Plan Rows": 1,
    "Plan Width": 8,
    "Actual Startup Time": 4348.862,
    "Actual Total Time": 4395.068,
    "Actual Rows": 1,
    "Actual Loops": 1,
    "Plans": [
      {
        "Node Type": "Gather",
        "Parent Relationship": "Outer",
        "Parallel Aware": false,
        "Startup Cost": 427659.36,
        "Total Cost": 427659.47,
        "Plan Rows": 1,
        "Plan Width": 8,
        "Actual Startup Time": 4343.566,
        "Actual Total Time": 4395.061,
        "Actual Rows": 2,
        "Actual Loops": 1,
        "Workers Planned": 1,
        "Workers Launched": 1,
        "Single Copy": false,
        "Plans": [
          {
            "Node Type": "Aggregate",
            "Strategy": "Plain",
            "Partial Mode": "Partial",
            "Parent Relationship": "Outer",
            "Parallel Aware": false,
            "Startup Cost": 426659.36,
            "Total Cost": 426659.37,
            "Plan Rows": 1,
            "Plan Width": 8,
            "Actual Startup Time": 4339.507,
            "Actual Total Time": 4339.512,
            "Actual Rows": 1,
            "Actual Loops": 2,
            "Plans": [
              {
                "Node Type": "Hash Join",
                "Parent Relationship": "Outer",
                "Parallel Aware": true,
                "Join Type": "Inner",
                "Startup Cost": 122834.82,
                "Total Cost": 420021.07,
                "Plan Rows": 2655314,
                "Plan Width": 0,
                "Actual Startup Time": 860.481,
                "Actual Total Time": 3695.303,
                "Actual Rows": 16124376,
                "Actual Loops": 2,
                "Inner Unique": false,
                "Hash Cond": "(mi.movie_id = t.id)",
                "Plans": [
                  {
                    "Node Type": "Seq Scan",
                    "Parent Relationship": "Outer",
                    "Parallel Aware": true,
                    "Relation Name": "movie_info",
                    "Alias": "mi",
                    "Startup Cost": 0.0,
                    "Total Cost": 248955.74,
                    "Plan Rows": 8696274,
                    "Plan Width": 4,
                    "Actual Startup Time": 0.02,
                    "Actual Total Time": 603.906,
                    "Actual Rows": 7417860,
                    "Actual Loops": 2
                  },
                  {
                    "Node Type": "Hash",
                    "Parent Relationship": "Inner",
                    "Parallel Aware": true,
                    "Startup Cost": 117158.44,
                    "Total Cost": 117158.44,
                    "Plan Rows": 454110,
                    "Plan Width": 8,
                    "Actual Startup Time": 853.011,
                    "Actual Total Time": 853.015,
                    "Actual Rows": 392234,
                    "Actual Loops": 2,
                    "Hash Buckets": 1048576,
                    "Original Hash Buckets": 1048576,
                    "Hash Batches": 1,
                    "Original Hash Batches": 1,
                    "Peak Memory Usage": 38912,
                    "Plans": [
                      {
                        "Node Type": "Hash Join",
                        "Parent Relationship": "Outer",
                        "Parallel Aware": true,
                        "Join Type": "Inner",
                        "Startup Cost": 85836.03,
                        "Total Cost": 117158.44,
                        "Plan Rows": 454110,
                        "Plan Width": 8,
                        "Actual Startup Time": 561.637,
                        "Actual Total Time": 764.956,
                        "Actual Rows": 392234,
                        "Actual Loops": 2,
                        "Inner Unique": true,
                        "Hash Cond": "(mk.movie_id = t.id)",
                        "Plans": [
                          {
                            "Node Type": "Bitmap Heap Scan",
                            "Parent Relationship": "Outer",
                            "Parallel Aware": true,
                            "Relation Name": "movie_keyword",
                            "Alias": "mk",
                            "Startup Cost": 16375.33,
                            "Total Cost": 46505.71,
                            "Plan Rows": 454110,
                            "Plan Width": 4,
                            "Actual Startup Time": 39.838,
                            "Actual Total Time": 125.492,
                            "Actual Rows": 392234,
                            "Actual Loops": 2,
                            "Recheck Cond": "(keyword_id < 750)",
                            "Rows Removed by Index Recheck": 0,
                            "Exact Heap Blocks": 12926,
                            "Lossy Heap Blocks": 0,
                            "Plans": [
                              {
                                "Node Type": "Bitmap Index Scan",
                                "Parent Relationship": "Outer",
                                "Parallel Aware": false,
                                "Index Name": "keyword_id_movie_keyword",
                                "Startup Cost": 0.0,
                                "Total Cost": 16182.34,
                                "Plan Rows": 771987,
                                "Plan Width": 0,
                                "Actual Startup Time": 36.256,
                                "Actual Total Time": 36.256,
                                "Actual Rows": 784468,
                                "Actual Loops": 1,
                                "Index Cond": "(keyword_id < 750)"
                              }
                            ]
                          },
                          {
                            "Node Type": "Hash",
                            "Parent Relationship": "Inner",
                            "Parallel Aware": true,
                            "Startup Cost": 50870.31,
                            "Total Cost": 50870.31,
                            "Plan Rows": 1487231,
                            "Plan Width": 4,
                            "Actual Startup Time": 506.92,
                            "Actual Total Time": 506.921,
                            "Actual Rows": 1264156,
                            "Actual Loops": 2,
                            "Hash Buckets": 4194304,
                            "Original Hash Buckets": 4194304,
                            "Hash Batches": 1,
                            "Original Hash Batches": 1,
                            "Peak Memory Usage": 131712,
                            "Plans": [
                              {
                                "Node Type": "Seq Scan",
                                "Parent Relationship": "Outer",
                                "Parallel Aware": true,
                                "Relation Name": "title",
                                "Alias": "t",
                                "Startup Cost": 0.0,
                                "Total Cost": 50870.31,
                                "Plan Rows": 1487231,
                                "Plan Width": 4,
                                "Actual Startup Time": 0.026,
                                "Actual Total Time": 149.782,
                                "Actual Rows": 1264156,
                                "Actual Loops": 2
                              }
                            ]
                          }
                        ]
                      }
                    ]
                  }
                ]
              }
            ]
          }
        ]
      }
    ]
  },
  "Planning Time": 0.531,
  "Triggers": [],
  "Execution Time": 4395.144
}