[
  {
    "Plan": {
      "Node Type": "Aggregate",
      "Strategy": "Plain",
      "Partial Mode": "Finalize",
      "Parallel Aware": false,
      "Startup Cost": 346131.53,
      "Total Cost": 346131.54,
      "Plan Rows": 1,
      "Plan Width": 8,
      "Actual Startup Time": 626.306,
      "Actual Total Time": 685.676,
      "Actual Rows": 1,
      "Actual Loops": 1,
      "Plans": [
        {
          "Node Type": "Gather",
          "Parent Relationship": "Outer",
          "Parallel Aware": false,
          "Startup Cost": 346130.91,
          "Total Cost": 346131.52,
          "Plan Rows": 6,
          "Plan Width": 8,
          "Actual Startup Time": 626.069,
          "Actual Total Time": 685.663,
          "Actual Rows": 7,
          "Actual Loops": 1,
          "Workers Planned": 6,
          "Workers Launched": 6,
          "Single Copy": false,
          "Plans": [
            {
              "Node Type": "Aggregate",
              "Strategy": "Plain",
              "Partial Mode": "Partial",
              "Parent Relationship": "Outer",
              "Parallel Aware": false,
              "Startup Cost": 345130.91,
              "Total Cost": 345130.92,
              "Plan Rows": 1,
              "Plan Width": 8,
              "Actual Startup Time": 617.347,
              "Actual Total Time": 617.348,
              "Actual Rows": 1,
              "Actual Loops": 7,
              "Plans": [
                {
                  "Node Type": "Seq Scan",
                  "Parent Relationship": "Outer",
                  "Parallel Aware": true,
                  "Relation Name": "cast_info",
                  "Alias": "ci",
                  "Startup Cost": 0.0,
                  "Total Cost": 343257.03,
                  "Plan Rows": 749552,
                  "Plan Width": 0,
                  "Actual Startup Time": 0.047,
                  "Actual Total Time": 584.213,
                  "Actual Rows": 728549,
                  "Actual Loops": 7,
                  "Filter": "((person_id < 515315) AND (role_id < 10))",
                  "Rows Removed by Filter": 4449214
                }
              ]
            }
          ]
        }
      ]
    },
    "Planning Time": 0.114,
    "Triggers": [],
    "Execution Time": 685.728
  }
]