[
  {
    "Plan": {
      "Node Type": "Aggregate",
      "Strategy": "Plain",
      "Partial Mode": "Finalize",
      "Parallel Aware": false,
      "Startup Cost": 33273.16,
      "Total Cost": 33273.17,
      "Plan Rows": 1,
      "Plan Width": 8,
      "Actual Startup Time": 102.799,
      "Actual Total Time": 109.389,
      "Actual Rows": 1,
      "Actual Loops": 1,
      "Plans": [
        {
          "Node Type": "Gather",
          "Parent Relationship": "Outer",
          "Parallel Aware": false,
          "Startup Cost": 33272.84,
          "Total Cost": 33273.15,
          "Plan Rows": 3,
          "Plan Width": 8,
          "Actual Startup Time": 102.698,
          "Actual Total Time": 109.38,
          "Actual Rows": 4,
          "Actual Loops": 1,
          "Workers Planned": 3,
          "Workers Launched": 3,
          "Single Copy": false,
          "Plans": [
            {
              "Node Type": "Aggregate",
              "Strategy": "Plain",
              "Partial Mode": "Partial",
              "Parent Relationship": "Outer",
              "Parallel Aware": false,
              "Startup Cost": 32272.84,
              "Total Cost": 32272.85,
              "Plan Rows": 1,
              "Plan Width": 8,
              "Actual Startup Time": 96.128,
              "Actual Total Time": 96.129,
              "Actual Rows": 1,
              "Actual Loops": 4,
              "Plans": [
                {
                  "Node Type": "Seq Scan",
                  "Parent Relationship": "Outer",
                  "Parallel Aware": true,
                  "Relation Name": "movie_companies",
                  "Alias": "mc",
                  "Startup Cost": 0.0,
                  "Total Cost": 31414.82,
                  "Plan Rows": 343208,
                  "Plan Width": 0,
                  "Actual Startup Time": 50.728,
                  "Actual Total Time": 87.155,
                  "Actual Rows": 202535,
                  "Actual Loops": 4,
                  "Filter": "((company_id < 73069) AND (company_type_id = 2))",
                  "Rows Removed by Filter": 449747
                }
              ]
            }
          ]
        }
      ]
    },
    "Planning Time": 0.224,
    "Triggers": [],
    "Execution Time": 109.453
  }
]