[
    {
        "Bao": {
            "Bao prediction": 441.613,
            "Bao recommended hint": "(no hint)"
        }
    },
    {
        "Plan": {
            "Node Type": "Aggregate",
            "Strategy": "Plain",
            "Partial Mode": "Finalize",
            "Parallel Aware": false,
            "Startup Cost": 32793.08,
            "Total Cost": 32793.09,
            "Plan Rows": 1,
            "Plan Width": 8,
            "Actual Startup Time": 84.524,
            "Actual Total Time": 89.753,
            "Actual Rows": 1,
            "Actual Loops": 1,
            "Output": [
                "count(*)"
            ],
            "Plans": [
                {
                    "Node Type": "Gather",
                    "Parent Relationship": "Outer",
                    "Parallel Aware": false,
                    "Startup Cost": 32792.76,
                    "Total Cost": 32793.07,
                    "Plan Rows": 3,
                    "Plan Width": 8,
                    "Actual Startup Time": 84.451,
                    "Actual Total Time": 89.747,
                    "Actual Rows": 4,
                    "Actual Loops": 1,
                    "Output": [
                        "(PARTIAL count(*))"
                    ],
                    "Workers Planned": 3,
                    "Workers Launched": 3,
                    "Single Copy": false,
                    "Plans": [
                        {
                            "Node Type": "Aggregate",
                            "Strategy": "Plain",
                            "Partial Mode": "Partial",
                            "Parent Relationship": "Outer",
                            "Parallel Aware": false,
                            "Startup Cost": 31792.76,
                            "Total Cost": 31792.77,
                            "Plan Rows": 1,
                            "Plan Width": 8,
                            "Actual Startup Time": 76.645,
                            "Actual Total Time": 76.646,
                            "Actual Rows": 1,
                            "Actual Loops": 4,
                            "Output": [
                                "PARTIAL count(*)"
                            ],
                            "Workers": [
                                {
                                    "Worker Number": 0,
                                    "Actual Startup Time": 73.984,
                                    "Actual Total Time": 73.985,
                                    "Actual Rows": 1,
                                    "Actual Loops": 1
                                },
                                {
                                    "Worker Number": 1,
                                    "Actual Startup Time": 74.046,
                                    "Actual Total Time": 74.047,
                                    "Actual Rows": 1,
                                    "Actual Loops": 1
                                },
                                {
                                    "Worker Number": 2,
                                    "Actual Startup Time": 74.675,
                                    "Actual Total Time": 74.676,
                                    "Actual Rows": 1,
                                    "Actual Loops": 1
                                }
                            ],
                            "Plans": [
                                {
                                    "Node Type": "Seq Scan",
                                    "Parent Relationship": "Outer",
                                    "Parallel Aware": true,
                                    "Relation Name": "movie_companies",
                                    "Schema": "public",
                                    "Alias": "mc",
                                    "Startup Cost": 0.0,
                                    "Total Cost": 31414.82,
                                    "Plan Rows": 151177,
                                    "Plan Width": 0,
                                    "Actual Startup Time": 47.02,
                                    "Actual Total Time": 73.806,
                                    "Actual Rows": 66438,
                                    "Actual Loops": 4,
                                    "Output": [
                                        "id",
                                        "movie_id",
                                        "company_id",
                                        "company_type_id",
                                        "note"
                                    ],
                                    "Filter": "((mc.company_id < 3111) AND (mc.company_type_id > 1))",
                                    "Rows Removed by Filter": 585844,
                                    "Workers": [
                                        {
                                            "Worker Number": 0,
                                            "Actual Startup Time": 44.355,
                                            "Actual Total Time": 71.267,
                                            "Actual Rows": 62446,
                                            "Actual Loops": 1
                                        },
                                        {
                                            "Worker Number": 1,
                                            "Actual Startup Time": 44.43,
                                            "Actual Total Time": 71.379,
                                            "Actual Rows": 62933,
                                            "Actual Loops": 1
                                        },
                                        {
                                            "Worker Number": 2,
                                            "Actual Startup Time": 45.049,
                                            "Actual Total Time": 71.931,
                                            "Actual Rows": 62882,
                                            "Actual Loops": 1
                                        }
                                    ]
                                }
                            ]
                        }
                    ]
                }
            ]
        },
        "Planning Time": 714.802,
        "Triggers": [],
        "Execution Time": 89.837
    }
]