[
  {
    "Plan": {
      "Node Type": "Aggregate",
      "Strategy": "Plain",
      "Partial Mode": "Finalize",
      "Parallel Aware": false,
      "Startup Cost": 45013.48,
      "Total Cost": 45013.49,
      "Plan Rows": 1,
      "Plan Width": 8,
      "Actual Startup Time": 137.616,
      "Actual Total Time": 147.38,
      "Actual Rows": 1,
      "Actual Loops": 1,
      "Plans": [
        {
          "Node Type": "Gather",
          "Parent Relationship": "Outer",
          "Parallel Aware": false,
          "Startup Cost": 45013.16,
          "Total Cost": 45013.47,
          "Plan Rows": 3,
          "Plan Width": 8,
          "Actual Startup Time": 137.485,
          "Actual Total Time": 147.37,
          "Actual Rows": 4,
          "Actual Loops": 1,
          "Workers Planned": 3,
          "Workers Launched": 3,
          "Single Copy": false,
          "Plans": [
            {
              "Node Type": "Aggregate",
              "Strategy": "Plain",
              "Partial Mode": "Partial",
              "Parent Relationship": "Outer",
              "Parallel Aware": false,
              "Startup Cost": 44013.16,
              "Total Cost": 44013.17,
              "Plan Rows": 1,
              "Plan Width": 8,
              "Actual Startup Time": 131.871,
              "Actual Total Time": 131.872,
              "Actual Rows": 1,
              "Actual Loops": 4,
              "Plans": [
                {
                  "Node Type": "Seq Scan",
                  "Parent Relationship": "Outer",
                  "Parallel Aware": true,
                  "Relation Name": "movie_keyword",
                  "Alias": "mk",
                  "Startup Cost": 0.0,
                  "Total Cost": 42695.65,
                  "Plan Rows": 527004,
                  "Plan Width": 0,
                  "Actual Startup Time": 0.045,
                  "Actual Total Time": 110.765,
                  "Actual Rows": 411845,
                  "Actual Loops": 4,
                  "Filter": "(keyword_id < 2506)",
                  "Rows Removed by Filter": 719138
                }
              ]
            }
          ]
        }
      ]
    },
    "Planning Time": 0.221,
    "Triggers": [],
    "Execution Time": 147.436
  }
]