[
    {
        "Bao": {
            "Bao prediction": "NaN",
            "Bao recommended hint": "(no hint)"
        }
    },
    {
        "Plan": {
            "Node Type": "Aggregate",
            "Strategy": "Plain",
            "Partial Mode": "Finalize",
            "Parallel Aware": false,
            "Startup Cost": 36931.42,
            "Total Cost": 36931.43,
            "Plan Rows": 1,
            "Plan Width": 8,
            "Actual Startup Time": 99.655,
            "Actual Total Time": 106.595,
            "Actual Rows": 1,
            "Actual Loops": 1,
            "Output": [
                "count(*)"
            ],
            "Plans": [
                {
                    "Node Type": "Gather",
                    "Parent Relationship": "Outer",
                    "Parallel Aware": false,
                    "Startup Cost": 36931.1,
                    "Total Cost": 36931.41,
                    "Plan Rows": 3,
                    "Plan Width": 8,
                    "Actual Startup Time": 99.403,
                    "Actual Total Time": 106.587,
                    "Actual Rows": 4,
                    "Actual Loops": 1,
                    "Output": [
                        "(PARTIAL count(*))"
                    ],
                    "Workers Planned": 3,
                    "Workers Launched": 3,
                    "Single Copy": false,
                    "Plans": [
                        {
                            "Node Type": "Aggregate",
                            "Strategy": "Plain",
                            "Partial Mode": "Partial",
                            "Parent Relationship": "Outer",
                            "Parallel Aware": false,
                            "Startup Cost": 35931.1,
                            "Total Cost": 35931.11,
                            "Plan Rows": 1,
                            "Plan Width": 8,
                            "Actual Startup Time": 90.951,
                            "Actual Total Time": 90.955,
                            "Actual Rows": 1,
                            "Actual Loops": 4,
                            "Output": [
                                "PARTIAL count(*)"
                            ],
                            "Workers": [
                                {
                                    "Worker Number": 0,
                                    "Actual Startup Time": 88.021,
                                    "Actual Total Time": 88.032,
                                    "Actual Rows": 1,
                                    "Actual Loops": 1
                                },
                                {
                                    "Worker Number": 1,
                                    "Actual Startup Time": 88.145,
                                    "Actual Total Time": 88.147,
                                    "Actual Rows": 1,
                                    "Actual Loops": 1
                                },
                                {
                                    "Worker Number": 2,
                                    "Actual Startup Time": 88.594,
                                    "Actual Total Time": 88.596,
                                    "Actual Rows": 1,
                                    "Actual Loops": 1
                                }
                            ],
                            "Plans": [
                                {
                                    "Node Type": "Bitmap Heap Scan",
                                    "Parent Relationship": "Outer",
                                    "Parallel Aware": true,
                                    "Relation Name": "movie_keyword",
                                    "Schema": "public",
                                    "Alias": "mk",
                                    "Startup Cost": 9345.9,
                                    "Total Cost": 35575.9,
                                    "Plan Rows": 142080,
                                    "Plan Width": 0,
                                    "Actual Startup Time": 21.853,
                                    "Actual Total Time": 84.985,
                                    "Actual Rows": 107646,
                                    "Actual Loops": 4,
                                    "Recheck Cond": "(mk.keyword_id > 40630)",
                                    "Rows Removed by Index Recheck": 0,
                                    "Exact Heap Blocks": 10458,
                                    "Lossy Heap Blocks": 0,
                                    "Workers": [
                                        {
                                            "Worker Number": 0,
                                            "Actual Startup Time": 19.04,
                                            "Actual Total Time": 82.588,
                                            "Actual Rows": 79861,
                                            "Actual Loops": 1
                                        },
                                        {
                                            "Worker Number": 1,
                                            "Actual Startup Time": 19.239,
                                            "Actual Total Time": 83.024,
                                            "Actual Rows": 74447,
                                            "Actual Loops": 1
                                        },
                                        {
                                            "Worker Number": 2,
                                            "Actual Startup Time": 19.477,
                                            "Actual Total Time": 83.176,
                                            "Actual Rows": 79398,
                                            "Actual Loops": 1
                                        }
                                    ],
                                    "Plans": [
                                        {
                                            "Node Type": "Bitmap Index Scan",
                                            "Parent Relationship": "Outer",
                                            "Parallel Aware": false,
                                            "Index Name": "keyword_id_movie_keyword",
                                            "Startup Cost": 0.0,
                                            "Total Cost": 9235.79,
                                            "Plan Rows": 440448,
                                            "Plan Width": 0,
                                            "Actual Startup Time": 26.354,
                                            "Actual Total Time": 26.354,
                                            "Actual Rows": 430586,
                                            "Actual Loops": 1,
                                            "Index Cond": "(mk.keyword_id > 40630)"
                                        }
                                    ]
                                }
                            ]
                        }
                    ]
                }
            ]
        },
        "Planning Time": 191.694,
        "Triggers": [],
        "Execution Time": 106.691
    }
]