[
  {
    "Plan": {
      "Node Type": "Aggregate",
      "Strategy": "Plain",
      "Partial Mode": "Finalize",
      "Parallel Aware": false,
      "Startup Cost": 173572.74,
      "Total Cost": 173572.75,
      "Plan Rows": 1,
      "Plan Width": 8,
      "Actual Startup Time": 515.053,
      "Actual Total Time": 539.295,
      "Actual Rows": 1,
      "Actual Loops": 1,
      "Plans": [
        {
          "Node Type": "Gather",
          "Parent Relationship": "Outer",
          "Parallel Aware": false,
          "Startup Cost": 173572.32,
          "Total Cost": 173572.73,
          "Plan Rows": 4,
          "Plan Width": 8,
          "Actual Startup Time": 514.859,
          "Actual Total Time": 539.285,
          "Actual Rows": 5,
          "Actual Loops": 1,
          "Workers Planned": 4,
          "Workers Launched": 4,
          "Single Copy": false,
          "Plans": [
            {
              "Node Type": "Aggregate",
              "Strategy": "Plain",
              "Partial Mode": "Partial",
              "Parent Relationship": "Outer",
              "Parallel Aware": false,
              "Startup Cost": 172572.32,
              "Total Cost": 172572.33,
              "Plan Rows": 1,
              "Plan Width": 8,
              "Actual Startup Time": 504.646,
              "Actual Total Time": 504.648,
              "Actual Rows": 1,
              "Actual Loops": 5,
              "Plans": [
                {
                  "Node Type": "Nested Loop",
                  "Parent Relationship": "Outer",
                  "Parallel Aware": false,
                  "Join Type": "Inner",
                  "Startup Cost": 903.03,
                  "Total Cost": 172516.66,
                  "Plan Rows": 22264,
                  "Plan Width": 0,
                  "Actual Startup Time": 4.709,
                  "Actual Total Time": 447.525,
                  "Actual Rows": 852685,
                  "Actual Loops": 5,
                  "Inner Unique": false,
                  "Plans": [
                    {
                      "Node Type": "Nested Loop",
                      "Parent Relationship": "Outer",
                      "Parallel Aware": false,
                      "Join Type": "Inner",
                      "Startup Cost": 902.6,
                      "Total Cost": 150838.12,
                      "Plan Rows": 12443,
                      "Plan Width": 8,
                      "Actual Startup Time": 4.507,
                      "Actual Total Time": 72.904,
                      "Actual Rows": 10053,
                      "Actual Loops": 5,
                      "Inner Unique": true,
                      "Plans": [
                        {
                          "Node Type": "Bitmap Heap Scan",
                          "Parent Relationship": "Outer",
                          "Parallel Aware": true,
                          "Relation Name": "movie_info",
                          "Alias": "mi",
                          "Startup Cost": 902.17,
                          "Total Cost": 106838.88,
                          "Plan Rows": 12443,
                          "Plan Width": 4,
                          "Actual Startup Time": 4.297,
                          "Actual Total Time": 13.325,
                          "Actual Rows": 10053,
                          "Actual Loops": 5,
                          "Recheck Cond": "(info_type_id > 107)",
                          "Rows Removed by Index Recheck": 0,
                          "Exact Heap Blocks": 1117,
                          "Lossy Heap Blocks": 0,
                          "Plans": [
                            {
                              "Node Type": "Bitmap Index Scan",
                              "Parent Relationship": "Outer",
                              "Parallel Aware": false,
                              "Index Name": "info_type_id_movie_info",
                              "Startup Cost": 0.0,
                              "Total Cost": 889.72,
                              "Plan Rows": 49772,
                              "Plan Width": 0,
                              "Actual Startup Time": 11.375,
                              "Actual Total Time": 11.376,
                              "Actual Rows": 50267,
                              "Actual Loops": 1,
                              "Index Cond": "(info_type_id > 107)"
                            }
                          ]
                        },
                        {
                          "Node Type": "Index Only Scan",
                          "Parent Relationship": "Inner",
                          "Parallel Aware": false,
                          "Scan Direction": "Forward",
                          "Index Name": "title_pkey",
                          "Relation Name": "title",
                          "Alias": "t",
                          "Startup Cost": 0.43,
                          "Total Cost": 3.54,
                          "Plan Rows": 1,
                          "Plan Width": 4,
                          "Actual Startup Time": 0.005,
                          "Actual Total Time": 0.005,
                          "Actual Rows": 1,
                          "Actual Loops": 50267,
                          "Index Cond": "(id = mi.movie_id)",
                          "Rows Removed by Index Recheck": 0,
                          "Heap Fetches": 50267
                        }
                      ]
                    },
                    {
                      "Node Type": "Index Only Scan",
                      "Parent Relationship": "Inner",
                      "Parallel Aware": false,
                      "Scan Direction": "Forward",
                      "Index Name": "movie_id_movie_keyword",
                      "Relation Name": "movie_keyword",
                      "Alias": "mk",
                      "Startup Cost": 0.43,
                      "Total Cost": 1.29,
                      "Plan Rows": 45,
                      "Plan Width": 4,
                      "Actual Startup Time": 0.009,
                      "Actual Total Time": 0.028,
                      "Actual Rows": 85,
                      "Actual Loops": 50267,
                      "Index Cond": "(movie_id = t.id)",
                      "Rows Removed by Index Recheck": 0,
                      "Heap Fetches": 4263424
                    }
                  ]
                }
              ]
            }
          ]
        }
      ]
    },
    "Planning Time": 1.332,
    "Triggers": [],
    "Execution Time": 539.409
  }
]