[
  {
    "Plan": {
      "Node Type": "Aggregate",
      "Strategy": "Plain",
      "Partial Mode": "Finalize",
      "Parallel Aware": false,
      "Startup Cost": 429127.57,
      "Total Cost": 429127.58,
      "Plan Rows": 1,
      "Plan Width": 8,
      "Actual Startup Time": 1520.917,
      "Actual Total Time": 1590.638,
      "Actual Rows": 1,
      "Actual Loops": 1,
      "Plans": [
        {
          "Node Type": "Gather",
          "Parent Relationship": "Outer",
          "Parallel Aware": false,
          "Startup Cost": 429126.94,
          "Total Cost": 429127.55,
          "Plan Rows": 6,
          "Plan Width": 8,
          "Actual Startup Time": 1514.706,
          "Actual Total Time": 1590.628,
          "Actual Rows": 7,
          "Actual Loops": 1,
          "Workers Planned": 6,
          "Workers Launched": 6,
          "Single Copy": false,
          "Plans": [
            {
              "Node Type": "Aggregate",
              "Strategy": "Plain",
              "Partial Mode": "Partial",
              "Parent Relationship": "Outer",
              "Parallel Aware": false,
              "Startup Cost": 428126.94,
              "Total Cost": 428126.95,
              "Plan Rows": 1,
              "Plan Width": 8,
              "Actual Startup Time": 1503.529,
              "Actual Total Time": 1503.672,
              "Actual Rows": 1,
              "Actual Loops": 7,
              "Plans": [
                {
                  "Node Type": "Hash Join",
                  "Parent Relationship": "Outer",
                  "Parallel Aware": true,
                  "Join Type": "Inner",
                  "Startup Cost": 82599.81,
                  "Total Cost": 425745.91,
                  "Plan Rows": 952415,
                  "Plan Width": 0,
                  "Actual Startup Time": 438.53,
                  "Actual Total Time": 1462.299,
                  "Actual Rows": 895316,
                  "Actual Loops": 7,
                  "Inner Unique": false,
                  "Hash Cond": "(ci.movie_id = t.id)",
                  "Plans": [
                    {
                      "Node Type": "Seq Scan",
                      "Parent Relationship": "Outer",
                      "Parallel Aware": true,
                      "Relation Name": "cast_info",
                      "Alias": "ci",
                      "Startup Cost": 0.0,
                      "Total Cost": 328162.03,
                      "Plan Rows": 3360810,
                      "Plan Width": 4,
                      "Actual Startup Time": 160.626,
                      "Actual Total Time": 601.308,
                      "Actual Rows": 2884826,
                      "Actual Loops": 7,
                      "Filter": "(person_id > 1588844)",
                      "Rows Removed by Filter": 2292938
                    },
                    {
                      "Node Type": "Hash",
                      "Parent Relationship": "Inner",
                      "Parallel Aware": true,
                      "Startup Cost": 80360.79,
                      "Total Cost": 80360.79,
                      "Plan Rows": 179122,
                      "Plan Width": 8,
                      "Actual Startup Time": 274.561,
                      "Actual Total Time": 274.702,
                      "Actual Rows": 64621,
                      "Actual Loops": 7,
                      "Hash Buckets": 1048576,
                      "Original Hash Buckets": 1048576,
                      "Hash Batches": 1,
                      "Original Hash Batches": 1,
                      "Peak Memory Usage": 26016,
                      "Plans": [
                        {
                          "Node Type": "Hash Join",
                          "Parent Relationship": "Outer",
                          "Parallel Aware": true,
                          "Join Type": "Inner",
                          "Startup Cost": 34303.88,
                          "Total Cost": 80360.79,
                          "Plan Rows": 179122,
                          "Plan Width": 8,
                          "Actual Startup Time": 99.031,
                          "Actual Total Time": 242.271,
                          "Actual Rows": 64621,
                          "Actual Loops": 7,
                          "Inner Unique": false,
                          "Hash Cond": "(t.id = mc.movie_id)",
                          "Plans": [
                            {
                              "Node Type": "Seq Scan",
                              "Parent Relationship": "Outer",
                              "Parallel Aware": true,
                              "Relation Name": "title",
                              "Alias": "t",
                              "Startup Cost": 0.0,
                              "Total Cost": 42318.73,
                              "Plan Rows": 632073,
                              "Plan Width": 4,
                              "Actual Startup Time": 0.013,
                              "Actual Total Time": 56.031,
                              "Actual Rows": 361187,
                              "Actual Loops": 7
                            },
                            {
                              "Node Type": "Hash",
                              "Parent Relationship": "Inner",
                              "Parallel Aware": true,
                              "Startup Cost": 31414.82,
                              "Total Cost": 31414.82,
                              "Plan Rows": 231125,
                              "Plan Width": 4,
                              "Actual Startup Time": 97.331,
                              "Actual Total Time": 97.332,
                              "Actual Rows": 64621,
                              "Actual Loops": 7,
                              "Hash Buckets": 1048576,
                              "Original Hash Buckets": 1048576,
                              "Hash Batches": 1,
                              "Original Hash Batches": 1,
                              "Peak Memory Usage": 26016,
                              "Plans": [
                                {
                                  "Node Type": "Seq Scan",
                                  "Parent Relationship": "Outer",
                                  "Parallel Aware": true,
                                  "Relation Name": "movie_companies",
                                  "Alias": "mc",
                                  "Startup Cost": 0.0,
                                  "Total Cost": 31414.82,
                                  "Plan Rows": 231125,
                                  "Plan Width": 4,
                                  "Actual Startup Time": 39.933,
                                  "Actual Total Time": 63.24,
                                  "Actual Rows": 64621,
                                  "Actual Loops": 7,
                                  "Filter": "((company_id < 12324) AND (company_type_id = 2))",
                                  "Rows Removed by Filter": 308112
                                }
                              ]
                            }
                          ]
                        }
                      ]
                    }
                  ]
                }
              ]
            }
          ]
        }
      ]
    },
    "Planning Time": 1.425,
    "Triggers": [],
    "Execution Time": 1590.744
  }
]