[
  {
    "Plan": {
      "Node Type": "Aggregate",
      "Strategy": "Plain",
      "Partial Mode": "Finalize",
      "Parallel Aware": false,
      "Startup Cost": 268855.59,
      "Total Cost": 268855.6,
      "Plan Rows": 1,
      "Plan Width": 8,
      "Actual Startup Time": 673.985,
      "Actual Total Time": 700.528,
      "Actual Rows": 1,
      "Actual Loops": 1,
      "Plans": [
        {
          "Node Type": "Gather",
          "Parent Relationship": "Outer",
          "Parallel Aware": false,
          "Startup Cost": 268855.27,
          "Total Cost": 268855.58,
          "Plan Rows": 3,
          "Plan Width": 8,
          "Actual Startup Time": 656.92,
          "Actual Total Time": 700.511,
          "Actual Rows": 4,
          "Actual Loops": 1,
          "Workers Planned": 3,
          "Workers Launched": 3,
          "Single Copy": false,
          "Plans": [
            {
              "Node Type": "Aggregate",
              "Strategy": "Plain",
              "Partial Mode": "Partial",
              "Parent Relationship": "Outer",
              "Parallel Aware": false,
              "Startup Cost": 267855.27,
              "Total Cost": 267855.28,
              "Plan Rows": 1,
              "Plan Width": 8,
              "Actual Startup Time": 649.131,
              "Actual Total Time": 649.284,
              "Actual Rows": 1,
              "Actual Loops": 4,
              "Plans": [
                {
                  "Node Type": "Hash Join",
                  "Parent Relationship": "Outer",
                  "Parallel Aware": true,
                  "Join Type": "Inner",
                  "Startup Cost": 240285.51,
                  "Total Cost": 267733.48,
                  "Plan Rows": 48718,
                  "Plan Width": 0,
                  "Actual Startup Time": 532.404,
                  "Actual Total Time": 638.723,
                  "Actual Rows": 224754,
                  "Actual Loops": 4,
                  "Inner Unique": false,
                  "Hash Cond": "(mk.movie_id = t.id)",
                  "Plans": [
                    {
                      "Node Type": "Bitmap Heap Scan",
                      "Parent Relationship": "Outer",
                      "Parallel Aware": true,
                      "Relation Name": "movie_keyword",
                      "Alias": "mk",
                      "Startup Cost": 11722.84,
                      "Total Cost": 38404.94,
                      "Plan Rows": 178248,
                      "Plan Width": 4,
                      "Actual Startup Time": 43.417,
                      "Actual Total Time": 98.847,
                      "Actual Rows": 138489,
                      "Actual Loops": 4,
                      "Recheck Cond": "(keyword_id < 397)",
                      "Rows Removed by Index Recheck": 0,
                      "Exact Heap Blocks": 6437,
                      "Lossy Heap Blocks": 0,
                      "Plans": [
                        {
                          "Node Type": "Bitmap Index Scan",
                          "Parent Relationship": "Outer",
                          "Parallel Aware": false,
                          "Index Name": "keyword_id_movie_keyword",
                          "Startup Cost": 0.0,
                          "Total Cost": 11584.7,
                          "Plan Rows": 552569,
                          "Plan Width": 0,
                          "Actual Startup Time": 39.689,
                          "Actual Total Time": 39.689,
                          "Actual Rows": 553955,
                          "Actual Loops": 1,
                          "Index Cond": "(keyword_id < 397)"
                        }
                      ]
                    },
                    {
                      "Node Type": "Hash",
                      "Parent Relationship": "Inner",
                      "Parallel Aware": true,
                      "Startup Cost": 226835.09,
                      "Total Cost": 226835.09,
                      "Plan Rows": 138206,
                      "Plan Width": 8,
                      "Actual Startup Time": 484.23,
                      "Actual Total Time": 484.381,
                      "Actual Rows": 165231,
                      "Actual Loops": 4,
                      "Hash Buckets": 1048576,
                      "Original Hash Buckets": 1048576,
                      "Hash Batches": 1,
                      "Original Hash Batches": 1,
                      "Peak Memory Usage": 34112,
                      "Plans": [
                        {
                          "Node Type": "Hash Join",
                          "Parent Relationship": "Outer",
                          "Parallel Aware": true,
                          "Join Type": "Inner",
                          "Startup Cost": 62751.72,
                          "Total Cost": 226835.09,
                          "Plan Rows": 138206,
                          "Plan Width": 8,
                          "Actual Startup Time": 345.253,
                          "Actual Total Time": 428.009,
                          "Actual Rows": 165231,
                          "Actual Loops": 4,
                          "Inner Unique": true,
                          "Hash Cond": "(mi.movie_id = t.id)",
                          "Plans": [
                            {
                              "Node Type": "Bitmap Heap Scan",
                              "Parent Relationship": "Outer",
                              "Parallel Aware": true,
                              "Relation Name": "movie_info",
                              "Alias": "mi",
                              "Startup Cost": 12531.92,
                              "Total Cost": 176252.49,
                              "Plan Rows": 138206,
                              "Plan Width": 4,
                              "Actual Startup Time": 20.364,
                              "Actual Total Time": 42.119,
                              "Actual Rows": 165231,
                              "Actual Loops": 4,
                              "Recheck Cond": "(info_type_id = 18)",
                              "Rows Removed by Index Recheck": 0,
                              "Exact Heap Blocks": 1844,
                              "Lossy Heap Blocks": 0,
                              "Plans": [
                                {
                                  "Node Type": "Bitmap Index Scan",
                                  "Parent Relationship": "Outer",
                                  "Parallel Aware": false,
                                  "Index Name": "info_type_id_movie_info",
                                  "Startup Cost": 0.0,
                                  "Total Cost": 12359.16,
                                  "Plan Rows": 691030,
                                  "Plan Width": 0,
                                  "Actual Startup Time": 19.383,
                                  "Actual Total Time": 19.384,
                                  "Actual Rows": 660923,
                                  "Actual Loops": 1,
                                  "Index Cond": "(info_type_id = 18)"
                                }
                              ]
                            },
                            {
                              "Node Type": "Hash",
                              "Parent Relationship": "Inner",
                              "Parallel Aware": true,
                              "Startup Cost": 42318.81,
                              "Total Cost": 42318.81,
                              "Plan Rows": 632080,
                              "Plan Width": 4,
                              "Actual Startup Time": 317.199,
                              "Actual Total Time": 317.2,
                              "Actual Rows": 632078,
                              "Actual Loops": 4,
                              "Hash Buckets": 4194304,
                              "Original Hash Buckets": 4194304,
                              "Hash Batches": 1,
                              "Original Hash Batches": 1,
                              "Peak Memory Usage": 131712,
                              "Plans": [
                                {
                                  "Node Type": "Seq Scan",
                                  "Parent Relationship": "Outer",
                                  "Parallel Aware": true,
                                  "Relation Name": "title",
                                  "Alias": "t",
                                  "Startup Cost": 0.0,
                                  "Total Cost": 42318.81,
                                  "Plan Rows": 632080,
                                  "Plan Width": 4,
                                  "Actual Startup Time": 0.037,
                                  "Actual Total Time": 90.241,
                                  "Actual Rows": 632078,
                                  "Actual Loops": 4
                                }
                              ]
                            }
                          ]
                        }
                      ]
                    }
                  ]
                }
              ]
            }
          ]
        }
      ]
    },
    "Planning Time": 1.365,
    "Triggers": [],
    "Execution Time": 700.637
  }
]