[
  {
    "Plan": {
      "Node Type": "Aggregate",
      "Strategy": "Plain",
      "Partial Mode": "Finalize",
      "Parallel Aware": false,
      "Startup Cost": 32657.63,
      "Total Cost": 32657.64,
      "Plan Rows": 1,
      "Plan Width": 8,
      "Actual Startup Time": 90.853,
      "Actual Total Time": 98.842,
      "Actual Rows": 1,
      "Actual Loops": 1,
      "Plans": [
        {
          "Node Type": "Gather",
          "Parent Relationship": "Outer",
          "Parallel Aware": false,
          "Startup Cost": 32657.31,
          "Total Cost": 32657.62,
          "Plan Rows": 3,
          "Plan Width": 8,
          "Actual Startup Time": 90.727,
          "Actual Total Time": 98.834,
          "Actual Rows": 4,
          "Actual Loops": 1,
          "Workers Planned": 3,
          "Workers Launched": 3,
          "Single Copy": false,
          "Plans": [
            {
              "Node Type": "Aggregate",
              "Strategy": "Plain",
              "Partial Mode": "Partial",
              "Parent Relationship": "Outer",
              "Parallel Aware": false,
              "Startup Cost": 31657.31,
              "Total Cost": 31657.32,
              "Plan Rows": 1,
              "Plan Width": 8,
              "Actual Startup Time": 83.786,
              "Actual Total Time": 83.787,
              "Actual Rows": 1,
              "Actual Loops": 4,
              "Plans": [
                {
                  "Node Type": "Seq Scan",
                  "Parent Relationship": "Outer",
                  "Parallel Aware": true,
                  "Relation Name": "movie_companies",
                  "Alias": "mc",
                  "Startup Cost": 0.0,
                  "Total Cost": 31414.82,
                  "Plan Rows": 96996,
                  "Plan Width": 0,
                  "Actual Startup Time": 46.4,
                  "Actual Total Time": 77.87,
                  "Actual Rows": 149973,
                  "Actual Loops": 4,
                  "Filter": "((company_id > 66042) AND (company_type_id = 2))",
                  "Rows Removed by Filter": 502309
                }
              ]
            }
          ]
        }
      ]
    },
    "Planning Time": 0.213,
    "Triggers": [],
    "Execution Time": 98.896
  }
]