[
  {
    "Plan": {
      "Node Type": "Aggregate",
      "Strategy": "Plain",
      "Partial Mode": "Finalize",
      "Parallel Aware": false,
      "Startup Cost": 236684.59,
      "Total Cost": 236684.6,
      "Plan Rows": 1,
      "Plan Width": 8,
      "Actual Startup Time": 187.861,
      "Actual Total Time": 202.986,
      "Actual Rows": 1,
      "Actual Loops": 1,
      "Plans": [
        {
          "Node Type": "Gather",
          "Parent Relationship": "Outer",
          "Parallel Aware": false,
          "Startup Cost": 236684.06,
          "Total Cost": 236684.57,
          "Plan Rows": 5,
          "Plan Width": 8,
          "Actual Startup Time": 186.611,
          "Actual Total Time": 202.977,
          "Actual Rows": 6,
          "Actual Loops": 1,
          "Workers Planned": 5,
          "Workers Launched": 5,
          "Single Copy": false,
          "Plans": [
            {
              "Node Type": "Aggregate",
              "Strategy": "Plain",
              "Partial Mode": "Partial",
              "Parent Relationship": "Outer",
              "Parallel Aware": false,
              "Startup Cost": 235684.06,
              "Total Cost": 235684.07,
              "Plan Rows": 1,
              "Plan Width": 8,
              "Actual Startup Time": 175.493,
              "Actual Total Time": 175.497,
              "Actual Rows": 1,
              "Actual Loops": 6,
              "Plans": [
                {
                  "Node Type": "Nested Loop",
                  "Parent Relationship": "Outer",
                  "Parallel Aware": false,
                  "Join Type": "Inner",
                  "Startup Cost": 53396.24,
                  "Total Cost": 235654.63,
                  "Plan Rows": 11773,
                  "Plan Width": 0,
                  "Actual Startup Time": 115.974,
                  "Actual Total Time": 173.269,
                  "Actual Rows": 47212,
                  "Actual Loops": 6,
                  "Inner Unique": false,
                  "Join Filter": "(t.id = mk.movie_id)",
                  "Rows Removed by Join Filter": 0,
                  "Plans": [
                    {
                      "Node Type": "Hash Join",
                      "Parent Relationship": "Outer",
                      "Parallel Aware": true,
                      "Join Type": "Inner",
                      "Startup Cost": 53395.81,
                      "Total Cost": 216854.15,
                      "Plan Rows": 8808,
                      "Plan Width": 8,
                      "Actual Startup Time": 115.19,
                      "Actual Total Time": 144.708,
                      "Actual Rows": 2364,
                      "Actual Loops": 6,
                      "Inner Unique": true,
                      "Hash Cond": "(mi.movie_id = t.id)",
                      "Plans": [
                        {
                          "Node Type": "Bitmap Heap Scan",
                          "Parent Relationship": "Outer",
                          "Parallel Aware": true,
                          "Relation Name": "movie_info",
                          "Alias": "mi",
                          "Startup Cost": 8778.62,
                          "Total Cost": 171982.65,
                          "Plan Rows": 96882,
                          "Plan Width": 4,
                          "Actual Startup Time": 17.206,
                          "Actual Total Time": 31.678,
                          "Actual Rows": 81092,
                          "Actual Loops": 6,
                          "Recheck Cond": "(info_type_id = 5)",
                          "Rows Removed by Index Recheck": 0,
                          "Exact Heap Blocks": 1570,
                          "Lossy Heap Blocks": 0,
                          "Plans": [
                            {
                              "Node Type": "Bitmap Index Scan",
                              "Parent Relationship": "Outer",
                              "Parallel Aware": false,
                              "Index Name": "info_type_id_movie_info",
                              "Startup Cost": 0.0,
                              "Total Cost": 8657.52,
                              "Plan Rows": 484411,
                              "Plan Width": 0,
                              "Actual Startup Time": 16.419,
                              "Actual Total Time": 16.419,
                              "Actual Rows": 486554,
                              "Actual Loops": 1,
                              "Index Cond": "(info_type_id = 5)"
                            }
                          ]
                        },
                        {
                          "Node Type": "Hash",
                          "Parent Relationship": "Inner",
                          "Parallel Aware": true,
                          "Startup Cost": 43898.92,
                          "Total Cost": 43898.92,
                          "Plan Rows": 57462,
                          "Plan Width": 4,
                          "Actual Startup Time": 95.668,
                          "Actual Total Time": 95.668,
                          "Actual Rows": 38608,
                          "Actual Loops": 6,
                          "Hash Buckets": 262144,
                          "Original Hash Buckets": 262144,
                          "Hash Batches": 1,
                          "Original Hash Batches": 1,
                          "Peak Memory Usage": 11232,
                          "Plans": [
                            {
                              "Node Type": "Seq Scan",
                              "Parent Relationship": "Outer",
                              "Parallel Aware": true,
                              "Relation Name": "title",
                              "Alias": "t",
                              "Startup Cost": 0.0,
                              "Total Cost": 43898.92,
                              "Plan Rows": 57462,
                              "Plan Width": 4,
                              "Actual Startup Time": 0.037,
                              "Actual Total Time": 78.589,
                              "Actual Rows": 38608,
                              "Actual Loops": 6,
                              "Filter": "(production_year > 2011)",
                              "Rows Removed by Filter": 382777
                            }
                          ]
                        }
                      ]
                    },
                    {
                      "Node Type": "Index Scan",
                      "Parent Relationship": "Inner",
                      "Parallel Aware": false,
                      "Scan Direction": "Forward",
                      "Index Name": "movie_id_movie_keyword",
                      "Relation Name": "movie_keyword",
                      "Alias": "mk",
                      "Startup Cost": 0.43,
                      "Total Cost": 1.71,
                      "Plan Rows": 34,
                      "Plan Width": 4,
                      "Actual Startup Time": 0.006,
                      "Actual Total Time": 0.01,
                      "Actual Rows": 20,
                      "Actual Loops": 14187,
                      "Index Cond": "(movie_id = mi.movie_id)",
                      "Rows Removed by Index Recheck": 0,
                      "Filter": "(keyword_id < 16264)",
                      "Rows Removed by Filter": 8
                    }
                  ]
                }
              ]
            }
          ]
        }
      ]
    },
    "Planning Time": 1.455,
    "Triggers": [],
    "Execution Time": 203.098
  }
]