[
  {
    "Plan": {
      "Node Type": "Aggregate",
      "Strategy": "Plain",
      "Partial Mode": "Finalize",
      "Parallel Aware": false,
      "Startup Cost": 32656.99,
      "Total Cost": 32657.0,
      "Plan Rows": 1,
      "Plan Width": 8,
      "Actual Startup Time": 70.676,
      "Actual Total Time": 75.328,
      "Actual Rows": 1,
      "Actual Loops": 1,
      "Plans": [
        {
          "Node Type": "Gather",
          "Parent Relationship": "Outer",
          "Parallel Aware": false,
          "Startup Cost": 32656.67,
          "Total Cost": 32656.98,
          "Plan Rows": 3,
          "Plan Width": 8,
          "Actual Startup Time": 70.603,
          "Actual Total Time": 75.323,
          "Actual Rows": 4,
          "Actual Loops": 1,
          "Workers Planned": 3,
          "Workers Launched": 3,
          "Single Copy": false,
          "Plans": [
            {
              "Node Type": "Aggregate",
              "Strategy": "Plain",
              "Partial Mode": "Partial",
              "Parent Relationship": "Outer",
              "Parallel Aware": false,
              "Startup Cost": 31656.67,
              "Total Cost": 31656.68,
              "Plan Rows": 1,
              "Plan Width": 8,
              "Actual Startup Time": 67.795,
              "Actual Total Time": 67.796,
              "Actual Rows": 1,
              "Actual Loops": 4,
              "Plans": [
                {
                  "Node Type": "Seq Scan",
                  "Parent Relationship": "Outer",
                  "Parallel Aware": true,
                  "Relation Name": "movie_companies",
                  "Alias": "mc",
                  "Startup Cost": 0.0,
                  "Total Cost": 31414.82,
                  "Plan Rows": 96742,
                  "Plan Width": 0,
                  "Actual Startup Time": 31.387,
                  "Actual Total Time": 61.686,
                  "Actual Rows": 147842,
                  "Actual Loops": 4,
                  "Filter": "((company_id > 69854) AND (company_type_id > 1))",
                  "Rows Removed by Filter": 504441
                }
              ]
            }
          ]
        }
      ]
    },
    "Planning Time": 0.132,
    "Triggers": [],
    "Execution Time": 75.365
  }
]