{
  "Plan": {
    "Node Type": "Aggregate",
    "Strategy": "Plain",
    "Partial Mode": "Finalize",
    "Parallel Aware": false,
    "Startup Cost": 496794.68,
    "Total Cost": 496794.69,
    "Plan Rows": 1,
    "Plan Width": 8,
    "Actual Startup Time": 1026.176,
    "Actual Total Time": 1053.811,
    "Actual Rows": 1,
    "Actual Loops": 1,
    "Plans": [
      {
        "Node Type": "Gather",
        "Parent Relationship": "Outer",
        "Parallel Aware": false,
        "Startup Cost": 496794.57,
        "Total Cost": 496794.68,
        "Plan Rows": 1,
        "Plan Width": 8,
        "Actual Startup Time": 1025.577,
        "Actual Total Time": 1053.802,
        "Actual Rows": 2,
        "Actual Loops": 1,
        "Workers Planned": 1,
        "Workers Launched": 1,
        "Single Copy": false,
        "Plans": [
          {
            "Node Type": "Aggregate",
            "Strategy": "Plain",
            "Partial Mode": "Partial",
            "Parent Relationship": "Outer",
            "Parallel Aware": false,
            "Startup Cost": 495794.57,
            "Total Cost": 495794.58,
            "Plan Rows": 1,
            "Plan Width": 8,
            "Actual Startup Time": 1019.573,
            "Actual Total Time": 1019.576,
            "Actual Rows": 1,
            "Actual Loops": 2,
            "Plans": [
              {
                "Node Type": "Hash Join",
                "Parent Relationship": "Outer",
                "Parallel Aware": true,
                "Join Type": "Inner",
                "Startup Cost": 188952.11,
                "Total Cost": 495601.91,
                "Plan Rows": 77064,
                "Plan Width": 0,
                "Actual Startup Time": 364.301,
                "Actual Total Time": 1016.608,
                "Actual Rows": 59766,
                "Actual Loops": 2,
                "Inner Unique": true,
                "Hash Cond": "(ci.movie_id = t.id)",
                "Plans": [
                  {
                    "Node Type": "Bitmap Heap Scan",
                    "Parent Relationship": "Outer",
                    "Parallel Aware": true,
                    "Relation Name": "cast_info",
                    "Alias": "ci",
                    "Startup Cost": 133962.17,
                    "Total Cost": 431246.51,
                    "Plan Rows": 3567788,
                    "Plan Width": 4,
                    "Actual Startup Time": 220.133,
                    "Actual Total Time": 535.035,
                    "Actual Rows": 3129306,
                    "Actual Loops": 2,
                    "Recheck Cond": "(person_id < 602724)",
                    "Rows Removed by Index Recheck": 0,
                    "Exact Heap Blocks": 37875,
                    "Lossy Heap Blocks": 0,
                    "Plans": [
                      {
                        "Node Type": "Bitmap Index Scan",
                        "Parent Relationship": "Outer",
                        "Parallel Aware": false,
                        "Index Name": "person_id_cast_info",
                        "Startup Cost": 0.0,
                        "Total Cost": 132445.86,
                        "Plan Rows": 6065239,
                        "Plan Width": 0,
                        "Actual Startup Time": 208.747,
                        "Actual Total Time": 208.748,
                        "Actual Rows": 6258611,
                        "Actual Loops": 1,
                        "Index Cond": "(person_id < 602724)"
                      }
                    ]
                  },
                  {
                    "Node Type": "Hash",
                    "Parent Relationship": "Inner",
                    "Parallel Aware": true,
                    "Startup Cost": 54588.39,
                    "Total Cost": 54588.39,
                    "Plan Rows": 32124,
                    "Plan Width": 4,
                    "Actual Startup Time": 142.644,
                    "Actual Total Time": 142.645,
                    "Actual Rows": 25282,
                    "Actual Loops": 2,
                    "Hash Buckets": 65536,
                    "Original Hash Buckets": 65536,
                    "Hash Batches": 1,
                    "Original Hash Batches": 1,
                    "Peak Memory Usage": 2528,
                    "Plans": [
                      {
                        "Node Type": "Seq Scan",
                        "Parent Relationship": "Outer",
                        "Parallel Aware": true,
                        "Relation Name": "title",
                        "Alias": "t",
                        "Startup Cost": 0.0,
                        "Total Cost": 54588.39,
                        "Plan Rows": 32124,
                        "Plan Width": 4,
                        "Actual Startup Time": 0.04,
                        "Actual Total Time": 134.785,
                        "Actual Rows": 25282,
                        "Actual Loops": 2,
                        "Filter": "(production_year = 1999)",
                        "Rows Removed by Filter": 1238874
                      }
                    ]
                  }
                ]
              }
            ]
          }
        ]
      }
    ]
  },
  "Planning Time": 0.454,
  "Triggers": [],
  "Execution Time": 1053.906
}