{
  "Plan": {
    "Node Type": "Aggregate",
    "Strategy": "Plain",
    "Partial Mode": "Simple",
    "Parallel Aware": false,
    "Startup Cost": 1517756.81,
    "Total Cost": 1517756.82,
    "Plan Rows": 1,
    "Plan Width": 96,
    "Actual Startup Time": 27209.841,
    "Actual Total Time": 27210.033,
    "Actual Rows": 1,
    "Actual Loops": 1,
    "Plans": [
      {
        "Node Type": "Nested Loop",
        "Parent Relationship": "Outer",
        "Parallel Aware": false,
        "Join Type": "Inner",
        "Startup Cost": 1428135.77,
        "Total Cost": 1517756.81,
        "Plan Rows": 1,
        "Plan Width": 39,
        "Actual Startup Time": 27159.425,
        "Actual Total Time": 27210.002,
        "Actual Rows": 138,
        "Actual Loops": 1,
        "Inner Unique": false,
        "Join Filter": "(mk.keyword_id = k.id)",
        "Rows Removed by Join Filter": 712862,
        "Plans": [
          {
            "Node Type": "Seq Scan",
            "Parent Relationship": "Outer",
            "Parallel Aware": false,
            "Relation Name": "keyword",
            "Alias": "k",
            "Startup Cost": 0.0,
            "Total Cost": 2961.55,
            "Plan Rows": 4,
            "Plan Width": 4,
            "Actual Startup Time": 0.083,
            "Actual Total Time": 20.055,
            "Actual Rows": 4,
            "Actual Loops": 1,
            "Filter": "(keyword = ANY ('{superhero,marvel-comics,based-on-comic,fight}'::text[]))",
            "Rows Removed by Filter": 134166
          },
          {
            "Node Type": "Materialize",
            "Parent Relationship": "Inner",
            "Parallel Aware": false,
            "Startup Cost": 1428135.77,
            "Total Cost": 1514795.08,
            "Plan Rows": 3,
            "Plan Width": 43,
            "Actual Startup Time": 6640.436,
            "Actual Total Time": 6787.584,
            "Actual Rows": 178250,
            "Actual Loops": 4,
            "Plans": [
              {
                "Node Type": "Nested Loop",
                "Parent Relationship": "Outer",
                "Parallel Aware": false,
                "Join Type": "Inner",
                "Startup Cost": 1428135.77,
                "Total Cost": 1514795.07,
                "Plan Rows": 3,
                "Plan Width": 43,
                "Actual Startup Time": 26561.736,
                "Actual Total Time": 27069.932,
                "Actual Rows": 178250,
                "Actual Loops": 1,
                "Inner Unique": false,
                "Join Filter": "(cc.subject_id = cct1.id)",
                "Rows Removed by Join Filter": 167615,
                "Plans": [
                  {
                    "Node Type": "Seq Scan",
                    "Parent Relationship": "Outer",
                    "Parallel Aware": false,
                    "Relation Name": "comp_cast_type",
                    "Alias": "cct1",
                    "Startup Cost": 0.0,
                    "Total Cost": 1.05,
                    "Plan Rows": 1,
                    "Plan Width": 4,
                    "Actual Startup Time": 0.004,
                    "Actual Total Time": 0.008,
                    "Actual Rows": 1,
                    "Actual Loops": 1,
                    "Filter": "((kind)::text = 'cast'::text)",
                    "Rows Removed by Filter": 3
                  },
                  {
                    "Node Type": "Hash Join",
                    "Parent Relationship": "Inner",
                    "Parallel Aware": false,
                    "Join Type": "Inner",
                    "Startup Cost": 1428135.77,
                    "Total Cost": 1514793.86,
                    "Plan Rows": 13,
                    "Plan Width": 47,
                    "Actual Startup Time": 26561.73,
                    "Actual Total Time": 27048.383,
                    "Actual Rows": 345865,
                    "Actual Loops": 1,
                    "Inner Unique": false,
                    "Hash Cond": "(mk.movie_id = t.id)",
                    "Plans": [
                      {
                        "Node Type": "Seq Scan",
                        "Parent Relationship": "Outer",
                        "Parallel Aware": false,
                        "Relation Name": "movie_keyword",
                        "Alias": "mk",
                        "Startup Cost": 0.0,
                        "Total Cost": 69693.3,
                        "Plan Rows": 4523930,
                        "Plan Width": 8,
                        "Actual Startup Time": 0.007,
                        "Actual Total Time": 293.388,
                        "Actual Rows": 4523930,
                        "Actual Loops": 1
                      },
                      {
                        "Node Type": "Hash",
                        "Parent Relationship": "Inner",
                        "Parallel Aware": false,
                        "Startup Cost": 1428135.73,
                        "Total Cost": 1428135.73,
                        "Plan Rows": 3,
                        "Plan Width": 59,
                        "Actual Startup Time": 26455.422,
                        "Actual Total Time": 26455.61,
                        "Actual Rows": 2539,
                        "Actual Loops": 1,
                        "Hash Buckets": 4096,
                        "Original Hash Buckets": 1024,
                        "Hash Batches": 1,
                        "Original Hash Batches": 1,
                        "Peak Memory Usage": 264,
                        "Plans": [
                          {
                            "Node Type": "Nested Loop",
                            "Parent Relationship": "Outer",
                            "Parallel Aware": false,
                            "Join Type": "Inner",
                            "Startup Cost": 1320545.15,
                            "Total Cost": 1428135.73,
                            "Plan Rows": 3,
                            "Plan Width": 59,
                            "Actual Startup Time": 18759.802,
                            "Actual Total Time": 26454.22,
                            "Actual Rows": 2539,
                            "Actual Loops": 1,
                            "Inner Unique": false,
                            "Join Filter": "(cc.status_id = cct2.id)",
                            "Rows Removed by Join Filter": 2539,
                            "Plans": [
                              {
                                "Node Type": "Seq Scan",
                                "Parent Relationship": "Outer",
                                "Parallel Aware": false,
                                "Relation Name": "comp_cast_type",
                                "Alias": "cct2",
                                "Startup Cost": 0.0,
                                "Total Cost": 1.05,
                                "Plan Rows": 1,
                                "Plan Width": 4,
                                "Actual Startup Time": 0.004,
                                "Actual Total Time": 0.007,
                                "Actual Rows": 2,
                                "Actual Loops": 1,
                                "Filter": "((kind)::text ~~ '%complete%'::text)",
                                "Rows Removed by Filter": 2
                              },
                              {
                                "Node Type": "Hash Join",
                                "Parent Relationship": "Inner",
                                "Parallel Aware": false,
                                "Join Type": "Inner",
                                "Startup Cost": 1320545.15,
                                "Total Cost": 1428134.54,
                                "Plan Rows": 11,
                                "Plan Width": 63,
                                "Actual Startup Time": 9226.835,
                                "Actual Total Time": 13226.746,
                                "Actual Rows": 2539,
                                "Actual Loops": 2,
                                "Inner Unique": true,
                                "Hash Cond": "(t.kind_id = kt.id)",
                                "Plans": [
                                  {
                                    "Node Type": "Nested Loop",
                                    "Parent Relationship": "Outer",
                                    "Parallel Aware": false,
                                    "Join Type": "Inner",
                                    "Startup Cost": 1320544.05,
                                    "Total Cost": 1428133.12,
                                    "Plan Rows": 77,
                                    "Plan Width": 67,
                                    "Actual Startup Time": 9226.82,
                                    "Actual Total Time": 13225.892,
                                    "Actual Rows": 4111,
                                    "Actual Loops": 2,
                                    "Inner Unique": true,
                                    "Plans": [
                                      {
                                        "Node Type": "Nested Loop",
                                        "Parent Relationship": "Outer",
                                        "Parallel Aware": false,
                                        "Join Type": "Inner",
                                        "Startup Cost": 1320543.62,
                                        "Total Cost": 1428040.76,
                                        "Plan Rows": 203,
                                        "Plan Width": 42,
                                        "Actual Startup Time": 9226.764,
                                        "Actual Total Time": 13201.512,
                                        "Actual Rows": 6766,
                                        "Actual Loops": 2,
                                        "Inner Unique": false,
                                        "Join Filter": "(mi_idx.info_type_id = it2.id)",
                                        "Rows Removed by Join Filter": 14117,
                                        "Plans": [
                                          {
                                            "Node Type": "Seq Scan",
                                            "Parent Relationship": "Outer",
                                            "Parallel Aware": false,
                                            "Relation Name": "info_type",
                                            "Alias": "it2",
                                            "Startup Cost": 0.0,
                                            "Total Cost": 2.41,
                                            "Plan Rows": 1,
                                            "Plan Width": 4,
                                            "Actual Startup Time": 0.01,
                                            "Actual Total Time": 0.014,
                                            "Actual Rows": 1,
                                            "Actual Loops": 2,
                                            "Filter": "((info)::text = 'rating'::text)",
                                            "Rows Removed by Filter": 112
                                          },
                                          {
                                            "Node Type": "Hash Join",
                                            "Parent Relationship": "Inner",
                                            "Parallel Aware": false,
                                            "Join Type": "Inner",
                                            "Startup Cost": 1320543.62,
                                            "Total Cost": 1427751.52,
                                            "Plan Rows": 22946,
                                            "Plan Width": 46,
                                            "Actual Startup Time": 9218.601,
                                            "Actual Total Time": 13199.588,
                                            "Actual Rows": 20883,
                                            "Actual Loops": 2,
                                            "Inner Unique": true,
                                            "Hash Cond": "(ci.person_role_id = chn.id)",
                                            "Plans": [
                                              {
                                                "Node Type": "Hash Join",
                                                "Parent Relationship": "Outer",
                                                "Parallel Aware": false,
                                                "Join Type": "Inner",
                                                "Startup Cost": 1239491.85,
                                                "Total Cost": 1346031.2,
                                                "Plan Rows": 254688,
                                                "Plan Width": 34,
                                                "Actual Startup Time": 9082.738,
                                                "Actual Total Time": 12983.765,
                                                "Actual Rows": 598189,
                                                "Actual Loops": 2,
                                                "Inner Unique": false,
                                                "Hash Cond": "(ci.movie_id = mi_idx.movie_id)",
                                                "Plans": [
                                                  {
                                                    "Node Type": "Hash Join",
                                                    "Parent Relationship": "Outer",
                                                    "Parallel Aware": false,
                                                    "Join Type": "Inner",
                                                    "Startup Cost": 1217867.02,
                                                    "Total Cost": 1290294.87,
                                                    "Plan Rows": 5050339,
                                                    "Plan Width": 20,
                                                    "Actual Startup Time": 9033.53,
                                                    "Actual Total Time": 12570.358,
                                                    "Actual Rows": 5212164,
                                                    "Actual Loops": 2,
                                                    "Inner Unique": true,
                                                    "Hash Cond": "(ci.person_id = n.id)",
                                                    "Plans": [
                                                      {
                                                        "Node Type": "Hash Join",
                                                        "Parent Relationship": "Outer",
                                                        "Parallel Aware": false,
                                                        "Join Type": "Inner",
                                                        "Startup Cost": 1068488.04,
                                                        "Total Cost": 1127658.73,
                                                        "Plan Rows": 5050339,
                                                        "Plan Width": 24,
                                                        "Actual Startup Time": 8123.203,
                                                        "Actual Total Time": 9622.706,
                                                        "Actual Rows": 5212164,
                                                        "Actual Loops": 2,
                                                        "Inner Unique": false,
                                                        "Hash Cond": "(cc.movie_id = ci.movie_id)",
                                                        "Plans": [
                                                          {
                                                            "Node Type": "Seq Scan",
                                                            "Parent Relationship": "Outer",
                                                            "Parallel Aware": false,
                                                            "Relation Name": "complete_cast",
                                                            "Alias": "cc",
                                                            "Startup Cost": 0.0,
                                                            "Total Cost": 2081.86,
                                                            "Plan Rows": 135086,
                                                            "Plan Width": 12,
                                                            "Actual Startup Time": 0.021,
                                                            "Actual Total Time": 16.152,
                                                            "Actual Rows": 135086,
                                                            "Actual Loops": 2
                                                          },
                                                          {
                                                            "Node Type": "Hash",
                                                            "Parent Relationship": "Inner",
                                                            "Parallel Aware": false,
                                                            "Startup Cost": 615265.24,
                                                            "Total Cost": 615265.24,
                                                            "Plan Rows": 36257824,
                                                            "Plan Width": 12,
                                                            "Actual Startup Time": 15967.399,
                                                            "Actual Total Time": 15967.4,
                                                            "Actual Rows": 36244344,
                                                            "Actual Loops": 1,
                                                            "Hash Buckets": 67108864,
                                                            "Original Hash Buckets": 67108864,
                                                            "Hash Batches": 1,
                                                            "Original Hash Batches": 1,
                                                            "Peak Memory Usage": 2008722,
                                                            "Plans": [
                                                              {
                                                                "Node Type": "Seq Scan",
                                                                "Parent Relationship": "Outer",
                                                                "Parallel Aware": false,
                                                                "Relation Name": "cast_info",
                                                                "Alias": "ci",
                                                                "Startup Cost": 0.0,
                                                                "Total Cost": 615265.24,
                                                                "Plan Rows": 36257824,
                                                                "Plan Width": 12,
                                                                "Actual Startup Time": 0.024,
                                                                "Actual Total Time": 5034.072,
                                                                "Actual Rows": 36244344,
                                                                "Actual Loops": 1
                                                              }
                                                            ]
                                                          }
                                                        ]
                                                      },
                                                      {
                                                        "Node Type": "Hash",
                                                        "Parent Relationship": "Inner",
                                                        "Parallel Aware": false,
                                                        "Startup Cost": 97286.77,
                                                        "Total Cost": 97286.77,
                                                        "Plan Rows": 4167377,
                                                        "Plan Width": 4,
                                                        "Actual Startup Time": 1802.733,
                                                        "Actual Total Time": 1802.733,
                                                        "Actual Rows": 4167491,
                                                        "Actual Loops": 1,
                                                        "Hash Buckets": 4194304,
                                                        "Original Hash Buckets": 4194304,
                                                        "Hash Batches": 1,
                                                        "Original Hash Batches": 1,
                                                        "Peak Memory Usage": 179282,
                                                        "Plans": [
                                                          {
                                                            "Node Type": "Seq Scan",
                                                            "Parent Relationship": "Outer",
                                                            "Parallel Aware": false,
                                                            "Relation Name": "name",
                                                            "Alias": "n",
                                                            "Startup Cost": 0.0,
                                                            "Total Cost": 97286.77,
                                                            "Plan Rows": 4167377,
                                                            "Plan Width": 4,
                                                            "Actual Startup Time": 0.04,
                                                            "Actual Total Time": 771.621,
                                                            "Actual Rows": 4167491,
                                                            "Actual Loops": 1
                                                          }
                                                        ]
                                                      }
                                                    ]
                                                  },
                                                  {
                                                    "Node Type": "Hash",
                                                    "Parent Relationship": "Inner",
                                                    "Parallel Aware": false,
                                                    "Startup Cost": 21013.48,
                                                    "Total Cost": 21013.48,
                                                    "Plan Rows": 48908,
                                                    "Plan Width": 14,
                                                    "Actual Startup Time": 94.373,
                                                    "Actual Total Time": 94.478,
                                                    "Actual Rows": 52629,
                                                    "Actual Loops": 1,
                                                    "Hash Buckets": 65536,
                                                    "Original Hash Buckets": 65536,
                                                    "Hash Batches": 1,
                                                    "Original Hash Batches": 1,
                                                    "Peak Memory Usage": 2782,
                                                    "Plans": [
                                                      {
                                                        "Node Type": "Gather",
                                                        "Parent Relationship": "Outer",
                                                        "Parallel Aware": false,
                                                        "Startup Cost": 1000.0,
                                                        "Total Cost": 21013.48,
                                                        "Plan Rows": 48908,
                                                        "Plan Width": 14,
                                                        "Actual Startup Time": 0.339,
                                                        "Actual Total Time": 84.094,
                                                        "Actual Rows": 52629,
                                                        "Actual Loops": 1,
                                                        "Workers Planned": 2,
                                                        "Workers Launched": 2,
                                                        "Single Copy": false,
                                                        "Plans": [
                                                          {
                                                            "Node Type": "Seq Scan",
                                                            "Parent Relationship": "Outer",
                                                            "Parallel Aware": true,
                                                            "Relation Name": "movie_info_idx",
                                                            "Alias": "mi_idx",
                                                            "Startup Cost": 0.0,
                                                            "Total Cost": 15122.68,
                                                            "Plan Rows": 20378,
                                                            "Plan Width": 14,
                                                            "Actual Startup Time": 0.081,
                                                            "Actual Total Time": 76.525,
                                                            "Actual Rows": 17543,
                                                            "Actual Loops": 3,
                                                            "Filter": "(info > '8.0'::text)",
                                                            "Rows Removed by Filter": 442469
                                                          }
                                                        ]
                                                      }
                                                    ]
                                                  }
                                                ]
                                              },
                                              {
                                                "Node Type": "Hash",
                                                "Parent Relationship": "Inner",
                                                "Parallel Aware": false,
                                                "Startup Cost": 77515.35,
                                                "Total Cost": 77515.35,
                                                "Plan Rows": 282914,
                                                "Plan Width": 20,
                                                "Actual Startup Time": 269.343,
                                                "Actual Total Time": 269.411,
                                                "Actual Rows": 180152,
                                                "Actual Loops": 1,
                                                "Hash Buckets": 524288,
                                                "Original Hash Buckets": 524288,
                                                "Hash Batches": 1,
                                                "Original Hash Batches": 1,
                                                "Peak Memory Usage": 14028,
                                                "Plans": [
                                                  {
                                                    "Node Type": "Gather",
                                                    "Parent Relationship": "Outer",
                                                    "Parallel Aware": false,
                                                    "Startup Cost": 1000.0,
                                                    "Total Cost": 77515.35,
                                                    "Plan Rows": 282914,
                                                    "Plan Width": 20,
                                                    "Actual Startup Time": 0.487,
                                                    "Actual Total Time": 222.614,
                                                    "Actual Rows": 180152,
                                                    "Actual Loops": 1,
                                                    "Workers Planned": 4,
                                                    "Workers Launched": 4,
                                                    "Single Copy": false,
                                                    "Plans": [
                                                      {
                                                        "Node Type": "Seq Scan",
                                                        "Parent Relationship": "Outer",
                                                        "Parallel Aware": true,
                                                        "Relation Name": "char_name",
                                                        "Alias": "chn",
                                                        "Startup Cost": 0.0,
                                                        "Total Cost": 48223.94,
                                                        "Plan Rows": 70728,
                                                        "Plan Width": 20,
                                                        "Actual Startup Time": 0.085,
                                                        "Actual Total Time": 231.106,
                                                        "Actual Rows": 36030,
                                                        "Actual Loops": 5,
                                                        "Filter": "((name IS NOT NULL) AND ((name ~~ '%man%'::text) OR (name ~~ '%Man%'::text)))",
                                                        "Rows Removed by Filter": 592037
                                                      }
                                                    ]
                                                  }
                                                ]
                                              }
                                            ]
                                          }
                                        ]
                                      },
                                      {
                                        "Node Type": "Index Scan",
                                        "Parent Relationship": "Inner",
                                        "Parallel Aware": false,
                                        "Scan Direction": "Forward",
                                        "Index Name": "title_pkey",
                                        "Relation Name": "title",
                                        "Alias": "t",
                                        "Startup Cost": 0.43,
                                        "Total Cost": 0.45,
                                        "Plan Rows": 1,
                                        "Plan Width": 25,
                                        "Actual Startup Time": 0.003,
                                        "Actual Total Time": 0.003,
                                        "Actual Rows": 1,
                                        "Actual Loops": 13532,
                                        "Index Cond": "(id = ci.movie_id)",
                                        "Rows Removed by Index Recheck": 0,
                                        "Filter": "(production_year < 1999)",
                                        "Rows Removed by Filter": 0
                                      }
                                    ]
                                  },
                                  {
                                    "Node Type": "Hash",
                                    "Parent Relationship": "Inner",
                                    "Parallel Aware": false,
                                    "Startup Cost": 1.09,
                                    "Total Cost": 1.09,
                                    "Plan Rows": 1,
                                    "Plan Width": 4,
                                    "Actual Startup Time": 0.01,
                                    "Actual Total Time": 0.011,
                                    "Actual Rows": 1,
                                    "Actual Loops": 1,
                                    "Hash Buckets": 1024,
                                    "Original Hash Buckets": 1024,
                                    "Hash Batches": 1,
                                    "Original Hash Batches": 1,
                                    "Peak Memory Usage": 9,
                                    "Plans": [
                                      {
                                        "Node Type": "Seq Scan",
                                        "Parent Relationship": "Outer",
                                        "Parallel Aware": false,
                                        "Relation Name": "kind_type",
                                        "Alias": "kt",
                                        "Startup Cost": 0.0,
                                        "Total Cost": 1.09,
                                        "Plan Rows": 1,
                                        "Plan Width": 4,
                                        "Actual Startup Time": 0.004,
                                        "Actual Total Time": 0.006,
                                        "Actual Rows": 1,
                                        "Actual Loops": 1,
                                        "Filter": "((kind)::text = 'movie'::text)",
                                        "Rows Removed by Filter": 6
                                      }
                                    ]
                                  }
                                ]
                              }
                            ]
                          }
                        ]
                      }
                    ]
                  }
                ]
              }
            ]
          }
        ]
      }
    ]
  },
  "Planning Time": 57.401,
  "Triggers": [],
  "Execution Time": 27271.223
}