[
  {
    "Plan": {
      "Node Type": "Aggregate",
      "Strategy": "Plain",
      "Partial Mode": "Finalize",
      "Parallel Aware": false,
      "Startup Cost": 46378.82,
      "Total Cost": 46378.83,
      "Plan Rows": 1,
      "Plan Width": 8,
      "Actual Startup Time": 183.472,
      "Actual Total Time": 193.866,
      "Actual Rows": 1,
      "Actual Loops": 1,
      "Plans": [
        {
          "Node Type": "Gather",
          "Parent Relationship": "Outer",
          "Parallel Aware": false,
          "Startup Cost": 46378.5,
          "Total Cost": 46378.81,
          "Plan Rows": 3,
          "Plan Width": 8,
          "Actual Startup Time": 183.377,
          "Actual Total Time": 193.858,
          "Actual Rows": 4,
          "Actual Loops": 1,
          "Workers Planned": 3,
          "Workers Launched": 3,
          "Single Copy": false,
          "Plans": [
            {
              "Node Type": "Aggregate",
              "Strategy": "Plain",
              "Partial Mode": "Partial",
              "Parent Relationship": "Outer",
              "Parallel Aware": false,
              "Startup Cost": 45378.5,
              "Total Cost": 45378.51,
              "Plan Rows": 1,
              "Plan Width": 8,
              "Actual Startup Time": 175.242,
              "Actual Total Time": 175.243,
              "Actual Rows": 1,
              "Actual Loops": 4,
              "Plans": [
                {
                  "Node Type": "Seq Scan",
                  "Parent Relationship": "Outer",
                  "Parallel Aware": true,
                  "Relation Name": "movie_keyword",
                  "Alias": "mk",
                  "Startup Cost": 0.0,
                  "Total Cost": 42695.65,
                  "Plan Rows": 1073140,
                  "Plan Width": 0,
                  "Actual Startup Time": 0.06,
                  "Actual Total Time": 131.23,
                  "Actual Rows": 830766,
                  "Actual Loops": 4,
                  "Filter": "(keyword_id < 15313)",
                  "Rows Removed by Filter": 300216
                }
              ]
            }
          ]
        }
      ]
    },
    "Planning Time": 0.203,
    "Triggers": [],
    "Execution Time": 193.918
  }
]