[
  {
    "Plan": {
      "Node Type": "Aggregate",
      "Strategy": "Plain",
      "Partial Mode": "Finalize",
      "Parallel Aware": false,
      "Startup Cost": 64713.41,
      "Total Cost": 64713.42,
      "Plan Rows": 1,
      "Plan Width": 8,
      "Actual Startup Time": 433.215,
      "Actual Total Time": 445.636,
      "Actual Rows": 1,
      "Actual Loops": 1,
      "Plans": [
        {
          "Node Type": "Gather",
          "Parent Relationship": "Outer",
          "Parallel Aware": false,
          "Startup Cost": 64713.2,
          "Total Cost": 64713.41,
          "Plan Rows": 2,
          "Plan Width": 8,
          "Actual Startup Time": 430.184,
          "Actual Total Time": 445.628,
          "Actual Rows": 3,
          "Actual Loops": 1,
          "Workers Planned": 2,
          "Workers Launched": 2,
          "Single Copy": false,
          "Plans": [
            {
              "Node Type": "Aggregate",
              "Strategy": "Plain",
              "Partial Mode": "Partial",
              "Parent Relationship": "Outer",
              "Parallel Aware": false,
              "Startup Cost": 63713.2,
              "Total Cost": 63713.21,
              "Plan Rows": 1,
              "Plan Width": 8,
              "Actual Startup Time": 418.733,
              "Actual Total Time": 418.736,
              "Actual Rows": 1,
              "Actual Loops": 3,
              "Plans": [
                {
                  "Node Type": "Hash Join",
                  "Parent Relationship": "Outer",
                  "Parallel Aware": true,
                  "Join Type": "Inner",
                  "Startup Cost": 47807.49,
                  "Total Cost": 63002.05,
                  "Plan Rows": 284459,
                  "Plan Width": 0,
                  "Actual Startup Time": 280.246,
                  "Actual Total Time": 406.907,
                  "Actual Rows": 280043,
                  "Actual Loops": 3,
                  "Inner Unique": true,
                  "Hash Cond": "(mi_idx.movie_id = t.id)",
                  "Plans": [
                    {
                      "Node Type": "Seq Scan",
                      "Parent Relationship": "Outer",
                      "Parallel Aware": true,
                      "Relation Name": "movie_info_idx",
                      "Alias": "mi_idx",
                      "Startup Cost": 0.0,
                      "Total Cost": 13685.15,
                      "Plan Rows": 575015,
                      "Plan Width": 4,
                      "Actual Startup Time": 0.028,
                      "Actual Total Time": 35.665,
                      "Actual Rows": 460012,
                      "Actual Loops": 3
                    },
                    {
                      "Node Type": "Hash",
                      "Parent Relationship": "Inner",
                      "Parallel Aware": true,
                      "Startup Cost": 43898.92,
                      "Total Cost": 43898.92,
                      "Plan Rows": 312686,
                      "Plan Width": 4,
                      "Actual Startup Time": 269.772,
                      "Actual Total Time": 269.773,
                      "Actual Rows": 421233,
                      "Actual Loops": 3,
                      "Hash Buckets": 2097152,
                      "Original Hash Buckets": 2097152,
                      "Hash Batches": 1,
                      "Original Hash Batches": 1,
                      "Peak Memory Usage": 65856,
                      "Plans": [
                        {
                          "Node Type": "Seq Scan",
                          "Parent Relationship": "Outer",
                          "Parallel Aware": true,
                          "Relation Name": "title",
                          "Alias": "t",
                          "Startup Cost": 0.0,
                          "Total Cost": 43898.92,
                          "Plan Rows": 312686,
                          "Plan Width": 4,
                          "Actual Startup Time": 0.033,
                          "Actual Total Time": 127.06,
                          "Actual Rows": 421233,
                          "Actual Loops": 3,
                          "Filter": "(production_year < 2004)",
                          "Rows Removed by Filter": 421537
                        }
                      ]
                    }
                  ]
                }
              ]
            }
          ]
        }
      ]
    },
    "Planning Time": 0.57,
    "Triggers": [],
    "Execution Time": 445.716
  }
]