{
  "Plan": {
    "Node Type": "Aggregate",
    "Strategy": "Plain",
    "Partial Mode": "Finalize",
    "Parallel Aware": false,
    "Startup Cost": 110360.34,
    "Total Cost": 110360.35,
    "Plan Rows": 1,
    "Plan Width": 8,
    "Actual Startup Time": 636.674,
    "Actual Total Time": 652.699,
    "Actual Rows": 1,
    "Actual Loops": 1,
    "Plans": [
      {
        "Node Type": "Gather",
        "Parent Relationship": "Outer",
        "Parallel Aware": false,
        "Startup Cost": 110360.23,
        "Total Cost": 110360.34,
        "Plan Rows": 1,
        "Plan Width": 8,
        "Actual Startup Time": 634.892,
        "Actual Total Time": 652.693,
        "Actual Rows": 2,
        "Actual Loops": 1,
        "Workers Planned": 1,
        "Workers Launched": 1,
        "Single Copy": false,
        "Plans": [
          {
            "Node Type": "Aggregate",
            "Strategy": "Plain",
            "Partial Mode": "Partial",
            "Parent Relationship": "Outer",
            "Parallel Aware": false,
            "Startup Cost": 109360.23,
            "Total Cost": 109360.24,
            "Plan Rows": 1,
            "Plan Width": 8,
            "Actual Startup Time": 629.075,
            "Actual Total Time": 629.079,
            "Actual Rows": 1,
            "Actual Loops": 2,
            "Plans": [
              {
                "Node Type": "Hash Join",
                "Parent Relationship": "Outer",
                "Parallel Aware": true,
                "Join Type": "Inner",
                "Startup Cost": 45260.81,
                "Total Cost": 108795.03,
                "Plan Rows": 226079,
                "Plan Width": 0,
                "Actual Startup Time": 221.129,
                "Actual Total Time": 617.175,
                "Actual Rows": 304138,
                "Actual Loops": 2,
                "Inner Unique": false,
                "Hash Cond": "(t.id = mc.movie_id)",
                "Plans": [
                  {
                    "Node Type": "Seq Scan",
                    "Parent Relationship": "Outer",
                    "Parallel Aware": true,
                    "Relation Name": "title",
                    "Alias": "t",
                    "Startup Cost": 0.0,
                    "Total Cost": 54588.39,
                    "Plan Rows": 1218552,
                    "Plan Width": 4,
                    "Actual Startup Time": 0.015,
                    "Actual Total Time": 151.006,
                    "Actual Rows": 1030173,
                    "Actual Loops": 2,
                    "Filter": "(production_year > 1971)",
                    "Rows Removed by Filter": 233983
                  },
                  {
                    "Node Type": "Hash",
                    "Parent Relationship": "Inner",
                    "Parallel Aware": true,
                    "Startup Cost": 41811.73,
                    "Total Cost": 41811.73,
                    "Plan Rows": 275927,
                    "Plan Width": 4,
                    "Actual Startup Time": 215.595,
                    "Actual Total Time": 215.596,
                    "Actual Rows": 397066,
                    "Actual Loops": 2,
                    "Hash Buckets": 1048576,
                    "Original Hash Buckets": 524288,
                    "Hash Batches": 1,
                    "Original Hash Batches": 1,
                    "Peak Memory Usage": 43360,
                    "Plans": [
                      {
                        "Node Type": "Seq Scan",
                        "Parent Relationship": "Outer",
                        "Parallel Aware": true,
                        "Relation Name": "movie_companies",
                        "Alias": "mc",
                        "Startup Cost": 0.0,
                        "Total Cost": 41811.73,
                        "Plan Rows": 275927,
                        "Plan Width": 4,
                        "Actual Startup Time": 64.579,
                        "Actual Total Time": 133.774,
                        "Actual Rows": 397066,
                        "Actual Loops": 2,
                        "Filter": "((company_id > 19249) AND (company_type_id > 1))",
                        "Rows Removed by Filter": 907498
                      }
                    ]
                  }
                ]
              }
            ]
          }
        ]
      }
    ]
  },
  "Planning Time": 0.482,
  "Triggers": [],
  "Execution Time": 652.773
}