[
  {
    "Plan": {
      "Node Type": "Aggregate",
      "Strategy": "Plain",
      "Partial Mode": "Finalize",
      "Parallel Aware": false,
      "Startup Cost": 91800.07,
      "Total Cost": 91800.08,
      "Plan Rows": 1,
      "Plan Width": 8,
      "Actual Startup Time": 374.936,
      "Actual Total Time": 390.48,
      "Actual Rows": 1,
      "Actual Loops": 1,
      "Plans": [
        {
          "Node Type": "Gather",
          "Parent Relationship": "Outer",
          "Parallel Aware": false,
          "Startup Cost": 91799.75,
          "Total Cost": 91800.06,
          "Plan Rows": 3,
          "Plan Width": 8,
          "Actual Startup Time": 371.715,
          "Actual Total Time": 390.473,
          "Actual Rows": 4,
          "Actual Loops": 1,
          "Workers Planned": 3,
          "Workers Launched": 3,
          "Single Copy": false,
          "Plans": [
            {
              "Node Type": "Aggregate",
              "Strategy": "Plain",
              "Partial Mode": "Partial",
              "Parent Relationship": "Outer",
              "Parallel Aware": false,
              "Startup Cost": 90799.75,
              "Total Cost": 90799.76,
              "Plan Rows": 1,
              "Plan Width": 8,
              "Actual Startup Time": 365.249,
              "Actual Total Time": 365.253,
              "Actual Rows": 1,
              "Actual Loops": 4,
              "Plans": [
                {
                  "Node Type": "Hash Join",
                  "Parent Relationship": "Outer",
                  "Parallel Aware": true,
                  "Join Type": "Inner",
                  "Startup Cost": 47150.26,
                  "Total Cost": 90028.34,
                  "Plan Rows": 308565,
                  "Plan Width": 0,
                  "Actual Startup Time": 169.733,
                  "Actual Total Time": 345.886,
                  "Actual Rows": 481780,
                  "Actual Loops": 4,
                  "Inner Unique": true,
                  "Hash Cond": "(mk.movie_id = t.id)",
                  "Plans": [
                    {
                      "Node Type": "Seq Scan",
                      "Parent Relationship": "Outer",
                      "Parallel Aware": true,
                      "Relation Name": "movie_keyword",
                      "Alias": "mk",
                      "Startup Cost": 0.0,
                      "Total Cost": 39047.32,
                      "Plan Rows": 1459332,
                      "Plan Width": 4,
                      "Actual Startup Time": 0.026,
                      "Actual Total Time": 83.543,
                      "Actual Rows": 1130982,
                      "Actual Loops": 4
                    },
                    {
                      "Node Type": "Hash",
                      "Parent Relationship": "Inner",
                      "Parallel Aware": true,
                      "Startup Cost": 45479.59,
                      "Total Cost": 45479.59,
                      "Plan Rows": 133654,
                      "Plan Width": 4,
                      "Actual Startup Time": 131.933,
                      "Actual Total Time": 131.935,
                      "Actual Rows": 103068,
                      "Actual Loops": 4,
                      "Hash Buckets": 1048576,
                      "Original Hash Buckets": 1048576,
                      "Hash Batches": 1,
                      "Original Hash Batches": 1,
                      "Peak Memory Usage": 24384,
                      "Plans": [
                        {
                          "Node Type": "Seq Scan",
                          "Parent Relationship": "Outer",
                          "Parallel Aware": true,
                          "Relation Name": "title",
                          "Alias": "t",
                          "Startup Cost": 0.0,
                          "Total Cost": 45479.59,
                          "Plan Rows": 133654,
                          "Plan Width": 4,
                          "Actual Startup Time": 41.09,
                          "Actual Total Time": 95.079,
                          "Actual Rows": 103068,
                          "Actual Loops": 4,
                          "Filter": "((production_year > 1973) AND (kind_id = 1))",
                          "Rows Removed by Filter": 529010
                        }
                      ]
                    }
                  ]
                }
              ]
            }
          ]
        }
      ]
    },
    "Planning Time": 0.271,
    "Triggers": [],
    "Execution Time": 390.516
  }
]