{
  "Plan": {
    "Node Type": "Aggregate",
    "Strategy": "Plain",
    "Partial Mode": "Simple",
    "Parallel Aware": false,
    "Startup Cost": 85062.81,
    "Total Cost": 85062.82,
    "Plan Rows": 1,
    "Plan Width": 96,
    "Actual Startup Time": 5461.442,
    "Actual Total Time": 5463.674,
    "Actual Rows": 1,
    "Actual Loops": 1,
    "Plans": [
      {
        "Node Type": "Gather",
        "Parent Relationship": "Outer",
        "Parallel Aware": false,
        "Startup Cost": 21221.16,
        "Total Cost": 85062.81,
        "Plan Rows": 1,
        "Plan Width": 66,
        "Actual Startup Time": 232.442,
        "Actual Total Time": 5461.794,
        "Actual Rows": 7035,
        "Actual Loops": 1,
        "Workers Planned": 1,
        "Workers Launched": 0,
        "Single Copy": false,
        "Plans": [
          {
            "Node Type": "Nested Loop",
            "Parent Relationship": "Outer",
            "Parallel Aware": false,
            "Join Type": "Inner",
            "Startup Cost": 20221.16,
            "Total Cost": 84062.71,
            "Plan Rows": 1,
            "Plan Width": 66,
            "Actual Startup Time": 231.746,
            "Actual Total Time": 5458.05,
            "Actual Rows": 7035,
            "Actual Loops": 1,
            "Inner Unique": true,
            "Plans": [
              {
                "Node Type": "Hash Join",
                "Parent Relationship": "Outer",
                "Parallel Aware": false,
                "Join Type": "Inner",
                "Startup Cost": 20220.73,
                "Total Cost": 84062.19,
                "Plan Rows": 1,
                "Plan Width": 70,
                "Actual Startup Time": 231.611,
                "Actual Total Time": 5260.358,
                "Actual Rows": 40247,
                "Actual Loops": 1,
                "Inner Unique": true,
                "Hash Cond": "(mi.info_type_id = it1.id)",
                "Plans": [
                  {
                    "Node Type": "Nested Loop",
                    "Parent Relationship": "Outer",
                    "Parallel Aware": false,
                    "Join Type": "Inner",
                    "Startup Cost": 20218.3,
                    "Total Cost": 84059.52,
                    "Plan Rows": 91,
                    "Plan Width": 74,
                    "Actual Startup Time": 231.563,
                    "Actual Total Time": 5252.109,
                    "Actual Rows": 40247,
                    "Actual Loops": 1,
                    "Inner Unique": false,
                    "Join Filter": "(t.id = mi.movie_id)",
                    "Rows Removed by Join Filter": 0,
                    "Plans": [
                      {
                        "Node Type": "Nested Loop",
                        "Parent Relationship": "Outer",
                        "Parallel Aware": false,
                        "Join Type": "Inner",
                        "Startup Cost": 20217.87,
                        "Total Cost": 82867.8,
                        "Plan Rows": 840,
                        "Plan Width": 39,
                        "Actual Startup Time": 224.056,
                        "Actual Total Time": 3230.501,
                        "Actual Rows": 271528,
                        "Actual Loops": 1,
                        "Inner Unique": false,
                        "Plans": [
                          {
                            "Node Type": "Hash Join",
                            "Parent Relationship": "Outer",
                            "Parallel Aware": false,
                            "Join Type": "Inner",
                            "Startup Cost": 20217.3,
                            "Total Cost": 81292.02,
                            "Plan Rows": 469,
                            "Plan Width": 31,
                            "Actual Startup Time": 223.963,
                            "Actual Total Time": 817.138,
                            "Actual Rows": 48448,
                            "Actual Loops": 1,
                            "Inner Unique": true,
                            "Hash Cond": "(mi_idx.info_type_id = it2.id)",
                            "Plans": [
                              {
                                "Node Type": "Hash Join",
                                "Parent Relationship": "Outer",
                                "Parallel Aware": true,
                                "Join Type": "Inner",
                                "Startup Cost": 20214.88,
                                "Total Cost": 81145.09,
                                "Plan Rows": 53056,
                                "Plan Width": 35,
                                "Actual Startup Time": 223.896,
                                "Actual Total Time": 806.319,
                                "Actual Rows": 79452,
                                "Actual Loops": 1,
                                "Inner Unique": false,
                                "Hash Cond": "(t.id = mi_idx.movie_id)",
                                "Plans": [
                                  {
                                    "Node Type": "Seq Scan",
                                    "Parent Relationship": "Outer",
                                    "Parallel Aware": true,
                                    "Relation Name": "title",
                                    "Alias": "t",
                                    "Startup Cost": 0.0,
                                    "Total Cost": 58305.62,
                                    "Plan Rows": 462499,
                                    "Plan Width": 21,
                                    "Actual Startup Time": 0.007,
                                    "Actual Total Time": 276.177,
                                    "Actual Rows": 781271,
                                    "Actual Loops": 1,
                                    "Filter": "((production_year >= 2006) AND (production_year <= 2011))",
                                    "Rows Removed by Filter": 1747041
                                  },
                                  {
                                    "Node Type": "Hash",
                                    "Parent Relationship": "Inner",
                                    "Parallel Aware": true,
                                    "Startup Cost": 18082.32,
                                    "Total Cost": 18082.32,
                                    "Plan Rows": 170605,
                                    "Plan Width": 14,
                                    "Actual Startup Time": 215.008,
                                    "Actual Total Time": 215.01,
                                    "Actual Rows": 293832,
                                    "Actual Loops": 1,
                                    "Hash Buckets": 524288,
                                    "Original Hash Buckets": 524288,
                                    "Hash Batches": 1,
                                    "Original Hash Batches": 1,
                                    "Peak Memory Usage": 17920,
                                    "Plans": [
                                      {
                                        "Node Type": "Seq Scan",
                                        "Parent Relationship": "Outer",
                                        "Parallel Aware": true,
                                        "Relation Name": "movie_info_idx",
                                        "Alias": "mi_idx",
                                        "Startup Cost": 0.0,
                                        "Total Cost": 18082.32,
                                        "Plan Rows": 170605,
                                        "Plan Width": 14,
                                        "Actual Startup Time": 0.022,
                                        "Actual Total Time": 142.75,
                                        "Actual Rows": 293832,
                                        "Actual Loops": 1,
                                        "Filter": "(info > '6.6'::text)",
                                        "Rows Removed by Filter": 1086203
                                      }
                                    ]
                                  }
                                ]
                              },
                              {
                                "Node Type": "Hash",
                                "Parent Relationship": "Inner",
                                "Parallel Aware": false,
                                "Startup Cost": 2.41,
                                "Total Cost": 2.41,
                                "Plan Rows": 1,
                                "Plan Width": 4,
                                "Actual Startup Time": 0.033,
                                "Actual Total Time": 0.034,
                                "Actual Rows": 1,
                                "Actual Loops": 1,
                                "Hash Buckets": 1024,
                                "Original Hash Buckets": 1024,
                                "Hash Batches": 1,
                                "Original Hash Batches": 1,
                                "Peak Memory Usage": 9,
                                "Plans": [
                                  {
                                    "Node Type": "Seq Scan",
                                    "Parent Relationship": "Outer",
                                    "Parallel Aware": false,
                                    "Relation Name": "info_type",
                                    "Alias": "it2",
                                    "Startup Cost": 0.0,
                                    "Total Cost": 2.41,
                                    "Plan Rows": 1,
                                    "Plan Width": 4,
                                    "Actual Startup Time": 0.027,
                                    "Actual Total Time": 0.03,
                                    "Actual Rows": 1,
                                    "Actual Loops": 1,
                                    "Filter": "((info)::text = 'rating'::text)",
                                    "Rows Removed by Filter": 112
                                  }
                                ]
                              }
                            ]
                          },
                          {
                            "Node Type": "Index Scan",
                            "Parent Relationship": "Inner",
                            "Parallel Aware": false,
                            "Scan Direction": "Forward",
                            "Index Name": "movie_id_cast_info",
                            "Relation Name": "cast_info",
                            "Alias": "ci",
                            "Startup Cost": 0.56,
                            "Total Cost": 3.32,
                            "Plan Rows": 4,
                            "Plan Width": 8,
                            "Actual Startup Time": 0.019,
                            "Actual Total Time": 0.049,
                            "Actual Rows": 6,
                            "Actual Loops": 48448,
                            "Index Cond": "(movie_id = t.id)",
                            "Rows Removed by Index Recheck": 0,
                            "Filter": "(note = ANY ('{\"(executive producer)\",(voice),(producer),(writer),(uncredited)}'::text[]))",
                            "Rows Removed by Filter": 33
                          }
                        ]
                      },
                      {
                        "Node Type": "Index Scan",
                        "Parent Relationship": "Inner",
                        "Parallel Aware": false,
                        "Scan Direction": "Forward",
                        "Index Name": "movie_id_movie_info",
                        "Relation Name": "movie_info",
                        "Alias": "mi",
                        "Startup Cost": 0.43,
                        "Total Cost": 1.41,
                        "Plan Rows": 1,
                        "Plan Width": 51,
                        "Actual Startup Time": 0.007,
                        "Actual Total Time": 0.007,
                        "Actual Rows": 0,
                        "Actual Loops": 271528,
                        "Index Cond": "(movie_id = ci.movie_id)",
                        "Rows Removed by Index Recheck": 0,
                        "Filter": "((note IS NULL) AND (info = ANY ('{Thriller,Drama}'::text[])))",
                        "Rows Removed by Filter": 27
                      }
                    ]
                  },
                  {
                    "Node Type": "Hash",
                    "Parent Relationship": "Inner",
                    "Parallel Aware": false,
                    "Startup Cost": 2.41,
                    "Total Cost": 2.41,
                    "Plan Rows": 1,
                    "Plan Width": 4,
                    "Actual Startup Time": 0.033,
                    "Actual Total Time": 0.034,
                    "Actual Rows": 1,
                    "Actual Loops": 1,
                    "Hash Buckets": 1024,
                    "Original Hash Buckets": 1024,
                    "Hash Batches": 1,
                    "Original Hash Batches": 1,
                    "Peak Memory Usage": 9,
                    "Plans": [
                      {
                        "Node Type": "Seq Scan",
                        "Parent Relationship": "Outer",
                        "Parallel Aware": false,
                        "Relation Name": "info_type",
                        "Alias": "it1",
                        "Startup Cost": 0.0,
                        "Total Cost": 2.41,
                        "Plan Rows": 1,
                        "Plan Width": 4,
                        "Actual Startup Time": 0.017,
                        "Actual Total Time": 0.029,
                        "Actual Rows": 1,
                        "Actual Loops": 1,
                        "Filter": "((info)::text = 'genres'::text)",
                        "Rows Removed by Filter": 112
                      }
                    ]
                  }
                ]
              },
              {
                "Node Type": "Index Scan",
                "Parent Relationship": "Inner",
                "Parallel Aware": false,
                "Scan Direction": "Forward",
                "Index Name": "name_pkey",
                "Relation Name": "name",
                "Alias": "n",
                "Startup Cost": 0.43,
                "Total Cost": 0.51,
                "Plan Rows": 1,
                "Plan Width": 4,
                "Actual Startup Time": 0.005,
                "Actual Total Time": 0.005,
                "Actual Rows": 0,
                "Actual Loops": 40247,
                "Index Cond": "(id = ci.person_id)",
                "Rows Removed by Index Recheck": 0,
                "Filter": "((gender IS NOT NULL) AND ((gender)::text = 'f'::text))",
                "Rows Removed by Filter": 1
              }
            ]
          }
        ]
      }
    ]
  },
  "Planning Time": 1.701,
  "Triggers": [],
  "Execution Time": 5463.801
}