[
  {
    "Bao": {
      "Bao prediction": 1342.232,
      "Bao recommended hint": "SET enable_nestloop TO off; SET enable_mergejoin TO off; SET enable_indexscan TO off; "
    }
  },
  {
    "Plan": {
      "Node Type": "Aggregate",
      "Strategy": "Plain",
      "Partial Mode": "Simple",
      "Parallel Aware": false,
      "Startup Cost": 127665.14,
      "Total Cost": 127665.15,
      "Plan Rows": 1,
      "Plan Width": 96,
      "Actual Startup Time": 922.46,
      "Actual Total Time": 947.338,
      "Actual Rows": 1,
      "Actual Loops": 1,
      "Plans": [
        {
          "Node Type": "Hash Join",
          "Parent Relationship": "Outer",
          "Parallel Aware": false,
          "Join Type": "Inner",
          "Startup Cost": 122149.09,
          "Total Cost": 127665.13,
          "Plan Rows": 1,
          "Plan Width": 48,
          "Actual Startup Time": 891.653,
          "Actual Total Time": 947.28,
          "Actual Rows": 310,
          "Actual Loops": 1,
          "Inner Unique": true,
          "Hash Cond": "(mc.company_type_id = ct.id)",
          "Plans": [
            {
              "Node Type": "Gather",
              "Parent Relationship": "Outer",
              "Parallel Aware": false,
              "Startup Cost": 122148.03,
              "Total Cost": 127664.07,
              "Plan Rows": 1,
              "Plan Width": 52,
              "Actual Startup Time": 891.58,
              "Actual Total Time": 947.155,
              "Actual Rows": 330,
              "Actual Loops": 1,
              "Workers Planned": 1,
              "Workers Launched": 1,
              "Single Copy": false,
              "Plans": [
                {
                  "Node Type": "Hash Join",
                  "Parent Relationship": "Outer",
                  "Parallel Aware": true,
                  "Join Type": "Inner",
                  "Startup Cost": 121148.03,
                  "Total Cost": 126663.97,
                  "Plan Rows": 1,
                  "Plan Width": 52,
                  "Actual Startup Time": 885.867,
                  "Actual Total Time": 915.248,
                  "Actual Rows": 165,
                  "Actual Loops": 2,
                  "Inner Unique": false,
                  "Hash Cond": "(cn.id = mc.company_id)",
                  "Plans": [
                    {
                      "Node Type": "Seq Scan",
                      "Parent Relationship": "Outer",
                      "Parallel Aware": true,
                      "Relation Name": "company_name",
                      "Alias": "cn",
                      "Startup Cost": 0.0,
                      "Total Cost": 5414.09,
                      "Plan Rows": 27158,
                      "Plan Width": 23,
                      "Actual Startup Time": 0.022,
                      "Actual Total Time": 29.331,
                      "Actual Rows": 24151,
                      "Actual Loops": 2,
                      "Filter": "(((country_code)::text <> '[pl]'::text) AND ((name ~~ '%Film%'::text) OR (name ~~ '%Warner%'::text)))",
                      "Rows Removed by Filter": 93348
                    },
                    {
                      "Node Type": "Hash",
                      "Parent Relationship": "Inner",
                      "Parallel Aware": true,
                      "Startup Cost": 121148.02,
                      "Total Cost": 121148.02,
                      "Plan Rows": 1,
                      "Plan Width": 37,
                      "Actual Startup Time": 882.969,
                      "Actual Total Time": 882.982,
                      "Actual Rows": 352,
                      "Actual Loops": 2,
                      "Hash Buckets": 1024,
                      "Original Hash Buckets": 1024,
                      "Hash Batches": 1,
                      "Original Hash Batches": 1,
                      "Peak Memory Usage": 104,
                      "Plans": [
                        {
                          "Node Type": "Hash Join",
                          "Parent Relationship": "Outer",
                          "Parallel Aware": true,
                          "Join Type": "Inner",
                          "Startup Cost": 92424.27,
                          "Total Cost": 121148.02,
                          "Plan Rows": 1,
                          "Plan Width": 37,
                          "Actual Startup Time": 713.78,
                          "Actual Total Time": 882.82,
                          "Actual Rows": 352,
                          "Actual Loops": 2,
                          "Inner Unique": false,
                          "Hash Cond": "(mc.movie_id = ml.movie_id)",
                          "Plans": [
                            {
                              "Node Type": "Seq Scan",
                              "Parent Relationship": "Outer",
                              "Parallel Aware": true,
                              "Relation Name": "movie_companies",
                              "Alias": "mc",
                              "Startup Cost": 0.0,
                              "Total Cost": 27206.55,
                              "Plan Rows": 404583,
                              "Plan Width": 12,
                              "Actual Startup Time": 0.034,
                              "Actual Total Time": 130.38,
                              "Actual Rows": 635994,
                              "Actual Loops": 2,
                              "Filter": "(note IS NULL)",
                              "Rows Removed by Filter": 668570
                            },
                            {
                              "Node Type": "Hash",
                              "Parent Relationship": "Inner",
                              "Parallel Aware": true,
                              "Startup Cost": 92424.26,
                              "Total Cost": 92424.26,
                              "Plan Rows": 1,
                              "Plan Width": 41,
                              "Actual Startup Time": 712.768,
                              "Actual Total Time": 712.779,
                              "Actual Rows": 76,
                              "Actual Loops": 2,
                              "Hash Buckets": 1024,
                              "Original Hash Buckets": 1024,
                              "Hash Batches": 1,
                              "Original Hash Batches": 1,
                              "Peak Memory Usage": 72,
                              "Plans": [
                                {
                                  "Node Type": "Hash Join",
                                  "Parent Relationship": "Outer",
                                  "Parallel Aware": false,
                                  "Join Type": "Inner",
                                  "Startup Cost": 46086.78,
                                  "Total Cost": 92424.26,
                                  "Plan Rows": 1,
                                  "Plan Width": 41,
                                  "Actual Startup Time": 484.081,
                                  "Actual Total Time": 712.719,
                                  "Actual Rows": 76,
                                  "Actual Loops": 2,
                                  "Inner Unique": false,
                                  "Hash Cond": "(t.id = ml.movie_id)",
                                  "Plans": [
                                    {
                                      "Node Type": "Hash Join",
                                      "Parent Relationship": "Outer",
                                      "Parallel Aware": true,
                                      "Join Type": "Inner",
                                      "Startup Cost": 45504.47,
                                      "Total Cost": 91841.82,
                                      "Plan Rows": 3,
                                      "Plan Width": 25,
                                      "Actual Startup Time": 470.146,
                                      "Actual Total Time": 698.001,
                                      "Actual Rows": 2770,
                                      "Actual Loops": 2,
                                      "Inner Unique": false,
                                      "Hash Cond": "(t.id = mk.movie_id)",
                                      "Plans": [
                                        {
                                          "Node Type": "Seq Scan",
                                          "Parent Relationship": "Outer",
                                          "Parallel Aware": true,
                                          "Relation Name": "title",
                                          "Alias": "t",
                                          "Startup Cost": 0.0,
                                          "Total Cost": 45477.29,
                                          "Plan Rows": 229346,
                                          "Plan Width": 21,
                                          "Actual Startup Time": 0.008,
                                          "Actual Total Time": 175.907,
                                          "Actual Rows": 455290,
                                          "Actual Loops": 2,
                                          "Filter": "((production_year >= 1950) AND (production_year <= 2000))",
                                          "Rows Removed by Filter": 808866
                                        },
                                        {
                                          "Node Type": "Hash",
                                          "Parent Relationship": "Inner",
                                          "Parallel Aware": true,
                                          "Startup Cost": 45504.33,
                                          "Total Cost": 45504.33,
                                          "Plan Rows": 11,
                                          "Plan Width": 4,
                                          "Actual Startup Time": 469.462,
                                          "Actual Total Time": 469.466,
                                          "Actual Rows": 5272,
                                          "Actual Loops": 2,
                                          "Hash Buckets": 16384,
                                          "Original Hash Buckets": 1024,
                                          "Hash Batches": 1,
                                          "Original Hash Batches": 1,
                                          "Peak Memory Usage": 696,
                                          "Plans": [
                                            {
                                              "Node Type": "Hash Join",
                                              "Parent Relationship": "Outer",
                                              "Parallel Aware": false,
                                              "Join Type": "Inner",
                                              "Startup Cost": 2626.14,
                                              "Total Cost": 45504.33,
                                              "Plan Rows": 11,
                                              "Plan Width": 4,
                                              "Actual Startup Time": 19.968,
                                              "Actual Total Time": 396.356,
                                              "Actual Rows": 5272,
                                              "Actual Loops": 2,
                                              "Inner Unique": true,
                                              "Hash Cond": "(mk.keyword_id = k.id)",
                                              "Plans": [
                                                {
                                                  "Node Type": "Seq Scan",
                                                  "Parent Relationship": "Outer",
                                                  "Parallel Aware": true,
                                                  "Relation Name": "movie_keyword",
                                                  "Alias": "mk",
                                                  "Startup Cost": 0.0,
                                                  "Total Cost": 39047.32,
                                                  "Plan Rows": 1459332,
                                                  "Plan Width": 8,
                                                  "Actual Startup Time": 0.016,
                                                  "Actual Total Time": 199.548,
                                                  "Actual Rows": 2261965,
                                                  "Actual Loops": 2
                                                },
                                                {
                                                  "Node Type": "Hash",
                                                  "Parent Relationship": "Inner",
                                                  "Parallel Aware": false,
                                                  "Startup Cost": 2626.12,
                                                  "Total Cost": 2626.12,
                                                  "Plan Rows": 1,
                                                  "Plan Width": 4,
                                                  "Actual Startup Time": 18.407,
                                                  "Actual Total Time": 18.409,
                                                  "Actual Rows": 1,
                                                  "Actual Loops": 2,
                                                  "Hash Buckets": 1024,
                                                  "Original Hash Buckets": 1024,
                                                  "Hash Batches": 1,
                                                  "Original Hash Batches": 1,
                                                  "Peak Memory Usage": 9,
                                                  "Plans": [
                                                    {
                                                      "Node Type": "Seq Scan",
                                                      "Parent Relationship": "Outer",
                                                      "Parallel Aware": false,
                                                      "Relation Name": "keyword",
                                                      "Alias": "k",
                                                      "Startup Cost": 0.0,
                                                      "Total Cost": 2626.12,
                                                      "Plan Rows": 1,
                                                      "Plan Width": 4,
                                                      "Actual Startup Time": 1.279,
                                                      "Actual Total Time": 18.401,
                                                      "Actual Rows": 1,
                                                      "Actual Loops": 2,
                                                      "Filter": "(keyword = 'sequel'::text)",
                                                      "Rows Removed by Filter": 134169
                                                    }
                                                  ]
                                                }
                                              ]
                                            }
                                          ]
                                        }
                                      ]
                                    },
                                    {
                                      "Node Type": "Hash",
                                      "Parent Relationship": "Inner",
                                      "Parallel Aware": false,
                                      "Startup Cost": 561.48,
                                      "Total Cost": 561.48,
                                      "Plan Rows": 1666,
                                      "Plan Width": 16,
                                      "Actual Startup Time": 13.878,
                                      "Actual Total Time": 13.881,
                                      "Actual Rows": 2315,
                                      "Actual Loops": 2,
                                      "Hash Buckets": 4096,
                                      "Original Hash Buckets": 2048,
                                      "Hash Batches": 1,
                                      "Original Hash Batches": 1,
                                      "Peak Memory Usage": 136,
                                      "Plans": [
                                        {
                                          "Node Type": "Hash Join",
                                          "Parent Relationship": "Outer",
                                          "Parallel Aware": false,
                                          "Join Type": "Inner",
                                          "Startup Cost": 1.24,
                                          "Total Cost": 561.48,
                                          "Plan Rows": 1666,
                                          "Plan Width": 16,
                                          "Actual Startup Time": 0.151,
                                          "Actual Total Time": 12.817,
                                          "Actual Rows": 2315,
                                          "Actual Loops": 2,
                                          "Inner Unique": true,
                                          "Hash Cond": "(ml.link_type_id = lt.id)",
                                          "Plans": [
                                            {
                                              "Node Type": "Seq Scan",
                                              "Parent Relationship": "Outer",
                                              "Parallel Aware": false,
                                              "Relation Name": "movie_link",
                                              "Alias": "ml",
                                              "Startup Cost": 0.0,
                                              "Total Cost": 462.97,
                                              "Plan Rows": 29997,
                                              "Plan Width": 8,
                                              "Actual Startup Time": 0.045,
                                              "Actual Total Time": 6.908,
                                              "Actual Rows": 29997,
                                              "Actual Loops": 2
                                            },
                                            {
                                              "Node Type": "Hash",
                                              "Parent Relationship": "Inner",
                                              "Parallel Aware": false,
                                              "Startup Cost": 1.23,
                                              "Total Cost": 1.23,
                                              "Plan Rows": 1,
                                              "Plan Width": 16,
                                              "Actual Startup Time": 0.054,
                                              "Actual Total Time": 0.055,
                                              "Actual Rows": 2,
                                              "Actual Loops": 2,
                                              "Hash Buckets": 1024,
                                              "Original Hash Buckets": 1024,
                                              "Hash Batches": 1,
                                              "Original Hash Batches": 1,
                                              "Peak Memory Usage": 9,
                                              "Plans": [
                                                {
                                                  "Node Type": "Seq Scan",
                                                  "Parent Relationship": "Outer",
                                                  "Parallel Aware": false,
                                                  "Relation Name": "link_type",
                                                  "Alias": "lt",
                                                  "Startup Cost": 0.0,
                                                  "Total Cost": 1.23,
                                                  "Plan Rows": 1,
                                                  "Plan Width": 16,
                                                  "Actual Startup Time": 0.033,
                                                  "Actual Total Time": 0.041,
                                                  "Actual Rows": 2,
                                                  "Actual Loops": 2,
                                                  "Filter": "((link)::text ~~ '%follow%'::text)",
                                                  "Rows Removed by Filter": 16
                                                }
                                              ]
                                            }
                                          ]
                                        }
                                      ]
                                    }
                                  ]
                                }
                              ]
                            }
                          ]
                        }
                      ]
                    }
                  ]
                }
              ]
            },
            {
              "Node Type": "Hash",
              "Parent Relationship": "Inner",
              "Parallel Aware": false,
              "Startup Cost": 1.05,
              "Total Cost": 1.05,
              "Plan Rows": 1,
              "Plan Width": 4,
              "Actual Startup Time": 0.023,
              "Actual Total Time": 0.024,
              "Actual Rows": 1,
              "Actual Loops": 1,
              "Hash Buckets": 1024,
              "Original Hash Buckets": 1024,
              "Hash Batches": 1,
              "Original Hash Batches": 1,
              "Peak Memory Usage": 9,
              "Plans": [
                {
                  "Node Type": "Seq Scan",
                  "Parent Relationship": "Outer",
                  "Parallel Aware": false,
                  "Relation Name": "company_type",
                  "Alias": "ct",
                  "Startup Cost": 0.0,
                  "Total Cost": 1.05,
                  "Plan Rows": 1,
                  "Plan Width": 4,
                  "Actual Startup Time": 0.012,
                  "Actual Total Time": 0.014,
                  "Actual Rows": 1,
                  "Actual Loops": 1,
                  "Filter": "((kind)::text = 'production companies'::text)",
                  "Rows Removed by Filter": 3
                }
              ]
            }
          ]
        }
      ]
    },
    "Planning Time": 388.039,
    "Triggers": [],
    "Execution Time": 948.214
  }
]