{
  "Plan": {
    "Node Type": "Aggregate",
    "Strategy": "Plain",
    "Partial Mode": "Finalize",
    "Parallel Aware": false,
    "Startup Cost": 111953.21,
    "Total Cost": 111953.22,
    "Plan Rows": 1,
    "Plan Width": 8,
    "Actual Startup Time": 727.303,
    "Actual Total Time": 747.726,
    "Actual Rows": 1,
    "Actual Loops": 1,
    "Plans": [
      {
        "Node Type": "Gather",
        "Parent Relationship": "Outer",
        "Parallel Aware": false,
        "Startup Cost": 111953.09,
        "Total Cost": 111953.2,
        "Plan Rows": 1,
        "Plan Width": 8,
        "Actual Startup Time": 720.633,
        "Actual Total Time": 747.717,
        "Actual Rows": 2,
        "Actual Loops": 1,
        "Workers Planned": 1,
        "Workers Launched": 1,
        "Single Copy": false,
        "Plans": [
          {
            "Node Type": "Aggregate",
            "Strategy": "Plain",
            "Partial Mode": "Partial",
            "Parent Relationship": "Outer",
            "Parallel Aware": false,
            "Startup Cost": 110953.09,
            "Total Cost": 110953.1,
            "Plan Rows": 1,
            "Plan Width": 8,
            "Actual Startup Time": 709.032,
            "Actual Total Time": 709.037,
            "Actual Rows": 1,
            "Actual Loops": 2,
            "Plans": [
              {
                "Node Type": "Hash Join",
                "Parent Relationship": "Outer",
                "Parallel Aware": true,
                "Join Type": "Inner",
                "Startup Cost": 80906.04,
                "Total Cost": 110159.75,
                "Plan Rows": 317336,
                "Plan Width": 0,
                "Actual Startup Time": 545.08,
                "Actual Total Time": 696.89,
                "Actual Rows": 277863,
                "Actual Loops": 2,
                "Inner Unique": true,
                "Hash Cond": "(mk.movie_id = t.id)",
                "Plans": [
                  {
                    "Node Type": "Bitmap Heap Scan",
                    "Parent Relationship": "Outer",
                    "Parallel Aware": true,
                    "Relation Name": "movie_keyword",
                    "Alias": "mk",
                    "Startup Cost": 11445.34,
                    "Total Cost": 39866.05,
                    "Plan Rows": 317336,
                    "Plan Width": 4,
                    "Actual Startup Time": 28.934,
                    "Actual Total Time": 95.044,
                    "Actual Rows": 277863,
                    "Actual Loops": 2,
                    "Recheck Cond": "(keyword_id < 398)",
                    "Rows Removed by Index Recheck": 0,
                    "Exact Heap Blocks": 13547,
                    "Lossy Heap Blocks": 0,
                    "Plans": [
                      {
                        "Node Type": "Bitmap Index Scan",
                        "Parent Relationship": "Outer",
                        "Parallel Aware": false,
                        "Index Name": "keyword_id_movie_keyword",
                        "Startup Cost": 0.0,
                        "Total Cost": 11310.47,
                        "Plan Rows": 539472,
                        "Plan Width": 0,
                        "Actual Startup Time": 25.334,
                        "Actual Total Time": 25.335,
                        "Actual Rows": 555726,
                        "Actual Loops": 1,
                        "Index Cond": "(keyword_id < 398)"
                      }
                    ]
                  },
                  {
                    "Node Type": "Hash",
                    "Parent Relationship": "Inner",
                    "Parallel Aware": true,
                    "Startup Cost": 50870.31,
                    "Total Cost": 50870.31,
                    "Plan Rows": 1487231,
                    "Plan Width": 4,
                    "Actual Startup Time": 494.372,
                    "Actual Total Time": 494.373,
                    "Actual Rows": 1264156,
                    "Actual Loops": 2,
                    "Hash Buckets": 4194304,
                    "Original Hash Buckets": 4194304,
                    "Hash Batches": 1,
                    "Original Hash Batches": 1,
                    "Peak Memory Usage": 131712,
                    "Plans": [
                      {
                        "Node Type": "Seq Scan",
                        "Parent Relationship": "Outer",
                        "Parallel Aware": true,
                        "Relation Name": "title",
                        "Alias": "t",
                        "Startup Cost": 0.0,
                        "Total Cost": 50870.31,
                        "Plan Rows": 1487231,
                        "Plan Width": 4,
                        "Actual Startup Time": 0.025,
                        "Actual Total Time": 153.71,
                        "Actual Rows": 1264156,
                        "Actual Loops": 2
                      }
                    ]
                  }
                ]
              }
            ]
          }
        ]
      }
    ]
  },
  "Planning Time": 0.698,
  "Triggers": [],
  "Execution Time": 747.849
}