[
  {
    "Plan": {
      "Node Type": "Aggregate",
      "Strategy": "Plain",
      "Partial Mode": "Simple",
      "Parallel Aware": false,
      "Startup Cost": 6995.43,
      "Total Cost": 6995.44,
      "Plan Rows": 1,
      "Plan Width": 8,
      "Actual Startup Time": 4.1,
      "Actual Total Time": 4.102,
      "Actual Rows": 1,
      "Actual Loops": 1,
      "Plans": [
        {
          "Node Type": "Index Scan",
          "Parent Relationship": "Outer",
          "Parallel Aware": false,
          "Scan Direction": "Forward",
          "Index Name": "company_id_movie_companies",
          "Relation Name": "movie_companies",
          "Alias": "mc",
          "Startup Cost": 0.43,
          "Total Cost": 6991.9,
          "Plan Rows": 1413,
          "Plan Width": 0,
          "Actual Startup Time": 0.232,
          "Actual Total Time": 3.971,
          "Actual Rows": 602,
          "Actual Loops": 1,
          "Index Cond": "(company_id = 708)",
          "Rows Removed by Index Recheck": 0,
          "Filter": "(company_type_id = 1)",
          "Rows Removed by Filter": 1809
        }
      ]
    },
    "Planning Time": 0.202,
    "Triggers": [],
    "Execution Time": 4.155
  }
]