{
  "Plan": {
    "Node Type": "Aggregate",
    "Strategy": "Plain",
    "Partial Mode": "Simple",
    "Parallel Aware": false,
    "Startup Cost": 1105720.31,
    "Total Cost": 1105720.32,
    "Plan Rows": 1,
    "Plan Width": 128,
    "Actual Startup Time": 6265.032,
    "Actual Total Time": 6265.292,
    "Actual Rows": 1,
    "Actual Loops": 1,
    "Plans": [
      {
        "Node Type": "Hash Join",
        "Parent Relationship": "Outer",
        "Parallel Aware": false,
        "Join Type": "Inner",
        "Startup Cost": 991462.92,
        "Total Cost": 1105720.3,
        "Plan Rows": 1,
        "Plan Width": 81,
        "Actual Startup Time": 5465.308,
        "Actual Total Time": 6265.096,
        "Actual Rows": 757,
        "Actual Loops": 1,
        "Inner Unique": false,
        "Hash Cond": "(n.id = ci.person_id)",
        "Plans": [
          {
            "Node Type": "Seq Scan",
            "Parent Relationship": "Outer",
            "Parallel Aware": false,
            "Relation Name": "name",
            "Alias": "n",
            "Startup Cost": 0.0,
            "Total Cost": 107705.21,
            "Plan Rows": 1747242,
            "Plan Width": 19,
            "Actual Startup Time": 0.052,
            "Actual Total Time": 688.338,
            "Actual Rows": 1739579,
            "Actual Loops": 1,
            "Filter": "((gender)::text = 'm'::text)",
            "Rows Removed by Filter": 2427912
          },
          {
            "Node Type": "Hash",
            "Parent Relationship": "Inner",
            "Parallel Aware": false,
            "Startup Cost": 991462.91,
            "Total Cost": 991462.91,
            "Plan Rows": 1,
            "Plan Width": 70,
            "Actual Startup Time": 5463.544,
            "Actual Total Time": 5463.8,
            "Actual Rows": 1021,
            "Actual Loops": 1,
            "Hash Buckets": 1024,
            "Original Hash Buckets": 1024,
            "Hash Batches": 1,
            "Original Hash Batches": 1,
            "Peak Memory Usage": 73,
            "Plans": [
              {
                "Node Type": "Nested Loop",
                "Parent Relationship": "Outer",
                "Parallel Aware": false,
                "Join Type": "Inner",
                "Startup Cost": 519445.65,
                "Total Cost": 991462.91,
                "Plan Rows": 1,
                "Plan Width": 70,
                "Actual Startup Time": 4982.16,
                "Actual Total Time": 5463.429,
                "Actual Rows": 1021,
                "Actual Loops": 1,
                "Inner Unique": true,
                "Plans": [
                  {
                    "Node Type": "Nested Loop",
                    "Parent Relationship": "Outer",
                    "Parallel Aware": false,
                    "Join Type": "Inner",
                    "Startup Cost": 519445.51,
                    "Total Cost": 991462.73,
                    "Plan Rows": 1,
                    "Plan Width": 74,
                    "Actual Startup Time": 4982.139,
                    "Actual Total Time": 5460.336,
                    "Actual Rows": 3073,
                    "Actual Loops": 1,
                    "Inner Unique": false,
                    "Join Filter": "(mi.info_type_id = it1.id)",
                    "Rows Removed by Join Filter": 0,
                    "Plans": [
                      {
                        "Node Type": "Seq Scan",
                        "Parent Relationship": "Outer",
                        "Parallel Aware": false,
                        "Relation Name": "info_type",
                        "Alias": "it1",
                        "Startup Cost": 0.0,
                        "Total Cost": 2.41,
                        "Plan Rows": 1,
                        "Plan Width": 4,
                        "Actual Startup Time": 0.009,
                        "Actual Total Time": 0.018,
                        "Actual Rows": 1,
                        "Actual Loops": 1,
                        "Filter": "((info)::text = 'genres'::text)",
                        "Rows Removed by Filter": 112
                      },
                      {
                        "Node Type": "Nested Loop",
                        "Parent Relationship": "Inner",
                        "Parallel Aware": false,
                        "Join Type": "Inner",
                        "Startup Cost": 519445.51,
                        "Total Cost": 991460.29,
                        "Plan Rows": 2,
                        "Plan Width": 78,
                        "Actual Startup Time": 4982.126,
                        "Actual Total Time": 5459.99,
                        "Actual Rows": 3073,
                        "Actual Loops": 1,
                        "Inner Unique": false,
                        "Join Filter": "(cc.subject_id = cct1.id)",
                        "Rows Removed by Join Filter": 3073,
                        "Plans": [
                          {
                            "Node Type": "Seq Scan",
                            "Parent Relationship": "Outer",
                            "Parallel Aware": false,
                            "Relation Name": "comp_cast_type",
                            "Alias": "cct1",
                            "Startup Cost": 0.0,
                            "Total Cost": 1.05,
                            "Plan Rows": 2,
                            "Plan Width": 4,
                            "Actual Startup Time": 0.008,
                            "Actual Total Time": 0.014,
                            "Actual Rows": 2,
                            "Actual Loops": 1,
                            "Filter": "((kind)::text = ANY ('{cast,crew}'::text[]))",
                            "Rows Removed by Filter": 2
                          },
                          {
                            "Node Type": "Materialize",
                            "Parent Relationship": "Inner",
                            "Parallel Aware": false,
                            "Startup Cost": 519445.51,
                            "Total Cost": 991459.16,
                            "Plan Rows": 3,
                            "Plan Width": 82,
                            "Actual Startup Time": 2491.059,
                            "Actual Total Time": 2729.669,
                            "Actual Rows": 3073,
                            "Actual Loops": 2,
                            "Plans": [
                              {
                                "Node Type": "Hash Join",
                                "Parent Relationship": "Outer",
                                "Parallel Aware": false,
                                "Join Type": "Inner",
                                "Startup Cost": 519445.51,
                                "Total Cost": 991459.14,
                                "Plan Rows": 3,
                                "Plan Width": 82,
                                "Actual Startup Time": 4982.108,
                                "Actual Total Time": 5457.514,
                                "Actual Rows": 3073,
                                "Actual Loops": 1,
                                "Inner Unique": false,
                                "Hash Cond": "(ci.movie_id = t.id)",
                                "Plans": [
                                  {
                                    "Node Type": "Gather",
                                    "Parent Relationship": "Outer",
                                    "Parallel Aware": false,
                                    "Startup Cost": 1000.0,
                                    "Total Cost": 468635.47,
                                    "Plan Rows": 1167502,
                                    "Plan Width": 8,
                                    "Actual Startup Time": 106.727,
                                    "Actual Total Time": 495.882,
                                    "Actual Rows": 1244716,
                                    "Actual Loops": 1,
                                    "Workers Planned": 6,
                                    "Workers Launched": 6,
                                    "Single Copy": false,
                                    "Plans": [
                                      {
                                        "Node Type": "Seq Scan",
                                        "Parent Relationship": "Outer",
                                        "Parallel Aware": true,
                                        "Relation Name": "cast_info",
                                        "Alias": "ci",
                                        "Startup Cost": 0.0,
                                        "Total Cost": 350885.27,
                                        "Plan Rows": 194584,
                                        "Plan Width": 8,
                                        "Actual Startup Time": 153.626,
                                        "Actual Total Time": 1080.396,
                                        "Actual Rows": 177817,
                                        "Actual Loops": 7,
                                        "Filter": "(note = ANY ('{(writer),\"(head writer)\",\"(written by)\",(story),\"(story editor)\"}'::text[]))",
                                        "Rows Removed by Filter": 4999947
                                      }
                                    ]
                                  },
                                  {
                                    "Node Type": "Hash",
                                    "Parent Relationship": "Inner",
                                    "Parallel Aware": false,
                                    "Startup Cost": 518445.42,
                                    "Total Cost": 518445.42,
                                    "Plan Rows": 7,
                                    "Plan Width": 98,
                                    "Actual Startup Time": 4875.269,
                                    "Actual Total Time": 4875.36,
                                    "Actual Rows": 3513,
                                    "Actual Loops": 1,
                                    "Hash Buckets": 4096,
                                    "Original Hash Buckets": 1024,
                                    "Hash Batches": 1,
                                    "Original Hash Batches": 1,
                                    "Peak Memory Usage": 373,
                                    "Plans": [
                                      {
                                        "Node Type": "Nested Loop",
                                        "Parent Relationship": "Outer",
                                        "Parallel Aware": false,
                                        "Join Type": "Inner",
                                        "Startup Cost": 511459.22,
                                        "Total Cost": 518445.42,
                                        "Plan Rows": 7,
                                        "Plan Width": 98,
                                        "Actual Startup Time": 4826.69,
                                        "Actual Total Time": 4874.16,
                                        "Actual Rows": 3513,
                                        "Actual Loops": 1,
                                        "Inner Unique": false,
                                        "Join Filter": "(cc.status_id = cct2.id)",
                                        "Rows Removed by Join Filter": 8534,
                                        "Plans": [
                                          {
                                            "Node Type": "Seq Scan",
                                            "Parent Relationship": "Outer",
                                            "Parallel Aware": false,
                                            "Relation Name": "comp_cast_type",
                                            "Alias": "cct2",
                                            "Startup Cost": 0.0,
                                            "Total Cost": 1.05,
                                            "Plan Rows": 1,
                                            "Plan Width": 4,
                                            "Actual Startup Time": 0.017,
                                            "Actual Total Time": 0.019,
                                            "Actual Rows": 1,
                                            "Actual Loops": 1,
                                            "Filter": "((kind)::text = 'complete+verified'::text)",
                                            "Rows Removed by Filter": 3
                                          },
                                          {
                                            "Node Type": "Merge Join",
                                            "Parent Relationship": "Inner",
                                            "Parallel Aware": false,
                                            "Join Type": "Inner",
                                            "Startup Cost": 511459.22,
                                            "Total Cost": 518444.01,
                                            "Plan Rows": 29,
                                            "Plan Width": 102,
                                            "Actual Startup Time": 4815.988,
                                            "Actual Total Time": 4873.387,
                                            "Actual Rows": 12047,
                                            "Actual Loops": 1,
                                            "Inner Unique": false,
                                            "Merge Cond": "(cc.movie_id = t.id)",
                                            "Plans": [
                                              {
                                                "Node Type": "Index Scan",
                                                "Parent Relationship": "Outer",
                                                "Parallel Aware": false,
                                                "Scan Direction": "Forward",
                                                "Index Name": "movie_id_complete_cast",
                                                "Relation Name": "complete_cast",
                                                "Alias": "cc",
                                                "Startup Cost": 0.42,
                                                "Total Cost": 6650.11,
                                                "Plan Rows": 135086,
                                                "Plan Width": 12,
                                                "Actual Startup Time": 0.031,
                                                "Actual Total Time": 42.526,
                                                "Actual Rows": 132440,
                                                "Actual Loops": 1
                                              },
                                              {
                                                "Node Type": "Sort",
                                                "Parent Relationship": "Inner",
                                                "Parallel Aware": false,
                                                "Startup Cost": 511458.8,
                                                "Total Cost": 511459.0,
                                                "Plan Rows": 78,
                                                "Plan Width": 90,
                                                "Actual Startup Time": 4813.64,
                                                "Actual Total Time": 4817.272,
                                                "Actual Rows": 44871,
                                                "Actual Loops": 1,
                                                "Sort Key": [
                                                  "mk.movie_id"
                                                ],
                                                "Sort Method": "quicksort",
                                                "Sort Space Used": 7246,
                                                "Sort Space Type": "Memory",
                                                "Plans": [
                                                  {
                                                    "Node Type": "Nested Loop",
                                                    "Parent Relationship": "Outer",
                                                    "Parallel Aware": false,
                                                    "Join Type": "Inner",
                                                    "Startup Cost": 507909.0,
                                                    "Total Cost": 511456.35,
                                                    "Plan Rows": 78,
                                                    "Plan Width": 90,
                                                    "Actual Startup Time": 4665.857,
                                                    "Actual Total Time": 4794.132,
                                                    "Actual Rows": 43312,
                                                    "Actual Loops": 1,
                                                    "Inner Unique": false,
                                                    "Join Filter": "(t.id = mi_idx.movie_id)",
                                                    "Rows Removed by Join Filter": 0,
                                                    "Plans": [
                                                      {
                                                        "Node Type": "Hash Join",
                                                        "Parent Relationship": "Outer",
                                                        "Parallel Aware": false,
                                                        "Join Type": "Inner",
                                                        "Startup Cost": 507908.58,
                                                        "Total Cost": 511443.1,
                                                        "Plan Rows": 25,
                                                        "Plan Width": 76,
                                                        "Actual Startup Time": 4665.807,
                                                        "Actual Total Time": 4694.914,
                                                        "Actual Rows": 16404,
                                                        "Actual Loops": 1,
                                                        "Inner Unique": false,
                                                        "Hash Cond": "(k.id = mk.keyword_id)",
                                                        "Plans": [
                                                          {
                                                            "Node Type": "Seq Scan",
                                                            "Parent Relationship": "Outer",
                                                            "Parallel Aware": false,
                                                            "Relation Name": "keyword",
                                                            "Alias": "k",
                                                            "Startup Cost": 0.0,
                                                            "Total Cost": 3464.69,
                                                            "Plan Rows": 7,
                                                            "Plan Width": 4,
                                                            "Actual Startup Time": 0.996,
                                                            "Actual Total Time": 23.21,
                                                            "Actual Rows": 7,
                                                            "Actual Loops": 1,
                                                            "Filter": "(keyword = ANY ('{murder,violence,blood,gore,death,female-nudity,hospital}'::text[]))",
                                                            "Rows Removed by Filter": 134163
                                                          },
                                                          {
                                                            "Node Type": "Hash",
                                                            "Parent Relationship": "Inner",
                                                            "Parallel Aware": false,
                                                            "Startup Cost": 501848.71,
                                                            "Total Cost": 501848.71,
                                                            "Plan Rows": 484789,
                                                            "Plan Width": 80,
                                                            "Actual Startup Time": 4660.859,
                                                            "Actual Total Time": 4660.94,
                                                            "Actual Rows": 449577,
                                                            "Actual Loops": 1,
                                                            "Hash Buckets": 524288,
                                                            "Original Hash Buckets": 524288,
                                                            "Hash Batches": 1,
                                                            "Original Hash Batches": 1,
                                                            "Peak Memory Usage": 39009,
                                                            "Plans": [
                                                              {
                                                                "Node Type": "Hash Join",
                                                                "Parent Relationship": "Outer",
                                                                "Parallel Aware": false,
                                                                "Join Type": "Inner",
                                                                "Startup Cost": 297848.26,
                                                                "Total Cost": 501848.71,
                                                                "Plan Rows": 484789,
                                                                "Plan Width": 80,
                                                                "Actual Startup Time": 2907.816,
                                                                "Actual Total Time": 4514.919,
                                                                "Actual Rows": 449577,
                                                                "Actual Loops": 1,
                                                                "Inner Unique": true,
                                                                "Hash Cond": "(mi.movie_id = t.id)",
                                                                "Plans": [
                                                                  {
                                                                    "Node Type": "Merge Join",
                                                                    "Parent Relationship": "Outer",
                                                                    "Parallel Aware": false,
                                                                    "Join Type": "Inner",
                                                                    "Startup Cost": 212869.06,
                                                                    "Total Cost": 414554.59,
                                                                    "Plan Rows": 881874,
                                                                    "Plan Width": 59,
                                                                    "Actual Startup Time": 1452.219,
                                                                    "Actual Total Time": 2933.826,
                                                                    "Actual Rows": 1017014,
                                                                    "Actual Loops": 1,
                                                                    "Inner Unique": false,
                                                                    "Merge Cond": "(mk.movie_id = mi.movie_id)",
                                                                    "Plans": [
                                                                      {
                                                                        "Node Type": "Index Scan",
                                                                        "Parent Relationship": "Outer",
                                                                        "Parallel Aware": false,
                                                                        "Scan Direction": "Forward",
                                                                        "Index Name": "movie_id_movie_keyword",
                                                                        "Relation Name": "movie_keyword",
                                                                        "Alias": "mk",
                                                                        "Startup Cost": 0.43,
                                                                        "Total Cost": 177148.48,
                                                                        "Plan Rows": 4523930,
                                                                        "Plan Width": 8,
                                                                        "Actual Startup Time": 0.034,
                                                                        "Actual Total Time": 1006.575,
                                                                        "Actual Rows": 4523925,
                                                                        "Actual Loops": 1
                                                                      },
                                                                      {
                                                                        "Node Type": "Sort",
                                                                        "Parent Relationship": "Inner",
                                                                        "Parallel Aware": false,
                                                                        "Startup Cost": 212868.49,
                                                                        "Total Cost": 213044.44,
                                                                        "Plan Rows": 70378,
                                                                        "Plan Width": 51,
                                                                        "Actual Startup Time": 1452.109,
                                                                        "Actual Total Time": 1500.277,
                                                                        "Actual Rows": 1052777,
                                                                        "Actual Loops": 1,
                                                                        "Sort Key": [
                                                                          "mi.movie_id"
                                                                        ],
                                                                        "Sort Method": "quicksort",
                                                                        "Sort Space Used": 7817,
                                                                        "Sort Space Type": "Memory",
                                                                        "Plans": [
                                                                          {
                                                                            "Node Type": "Gather",
                                                                            "Parent Relationship": "Outer",
                                                                            "Parallel Aware": false,
                                                                            "Startup Cost": 1000.0,
                                                                            "Total Cost": 207202.07,
                                                                            "Plan Rows": 70378,
                                                                            "Plan Width": 51,
                                                                            "Actual Startup Time": 938.209,
                                                                            "Actual Total Time": 1432.965,
                                                                            "Actual Rows": 73047,
                                                                            "Actual Loops": 1,
                                                                            "Workers Planned": 5,
                                                                            "Workers Launched": 1,
                                                                            "Single Copy": false,
                                                                            "Plans": [
                                                                              {
                                                                                "Node Type": "Seq Scan",
                                                                                "Parent Relationship": "Outer",
                                                                                "Parallel Aware": true,
                                                                                "Relation Name": "movie_info",
                                                                                "Alias": "mi",
                                                                                "Startup Cost": 0.0,
                                                                                "Total Cost": 199164.27,
                                                                                "Plan Rows": 14076,
                                                                                "Plan Width": 51,
                                                                                "Actual Startup Time": 931.918,
                                                                                "Actual Total Time": 1419.173,
                                                                                "Actual Rows": 36524,
                                                                                "Actual Loops": 2,
                                                                                "Filter": "(info = ANY ('{Horror,Thriller}'::text[]))",
                                                                                "Rows Removed by Filter": 7381336
                                                                              }
                                                                            ]
                                                                          }
                                                                        ]
                                                                      }
                                                                    ]
                                                                  },
                                                                  {
                                                                    "Node Type": "Hash",
                                                                    "Parent Relationship": "Inner",
                                                                    "Parallel Aware": false,
                                                                    "Startup Cost": 67604.36,
                                                                    "Total Cost": 67604.36,
                                                                    "Plan Rows": 1389987,
                                                                    "Plan Width": 21,
                                                                    "Actual Startup Time": 1434.216,
                                                                    "Actual Total Time": 1434.217,
                                                                    "Actual Rows": 1381453,
                                                                    "Actual Loops": 1,
                                                                    "Hash Buckets": 2097152,
                                                                    "Original Hash Buckets": 2097152,
                                                                    "Hash Batches": 1,
                                                                    "Original Hash Batches": 1,
                                                                    "Peak Memory Usage": 90381,
                                                                    "Plans": [
                                                                      {
                                                                        "Node Type": "Seq Scan",
                                                                        "Parent Relationship": "Outer",
                                                                        "Parallel Aware": false,
                                                                        "Relation Name": "title",
                                                                        "Alias": "t",
                                                                        "Startup Cost": 0.0,
                                                                        "Total Cost": 67604.36,
                                                                        "Plan Rows": 1389987,
                                                                        "Plan Width": 21,
                                                                        "Actual Startup Time": 0.053,
                                                                        "Actual Total Time": 782.521,
                                                                        "Actual Rows": 1381453,
                                                                        "Actual Loops": 1,
                                                                        "Filter": "(production_year > 2000)",
                                                                        "Rows Removed by Filter": 1146859
                                                                      }
                                                                    ]
                                                                  }
                                                                ]
                                                              }
                                                            ]
                                                          }
                                                        ]
                                                      },
                                                      {
                                                        "Node Type": "Index Scan",
                                                        "Parent Relationship": "Inner",
                                                        "Parallel Aware": false,
                                                        "Scan Direction": "Forward",
                                                        "Index Name": "movie_id_movie_info_idx",
                                                        "Relation Name": "movie_info_idx",
                                                        "Alias": "mi_idx",
                                                        "Startup Cost": 0.43,
                                                        "Total Cost": 0.49,
                                                        "Plan Rows": 3,
                                                        "Plan Width": 14,
                                                        "Actual Startup Time": 0.005,
                                                        "Actual Total Time": 0.005,
                                                        "Actual Rows": 3,
                                                        "Actual Loops": 16404,
                                                        "Index Cond": "(movie_id = mk.movie_id)",
                                                        "Rows Removed by Index Recheck": 0
                                                      }
                                                    ]
                                                  }
                                                ]
                                              }
                                            ]
                                          }
                                        ]
                                      }
                                    ]
                                  }
                                ]
                              }
                            ]
                          }
                        ]
                      }
                    ]
                  },
                  {
                    "Node Type": "Index Scan",
                    "Parent Relationship": "Inner",
                    "Parallel Aware": false,
                    "Scan Direction": "Forward",
                    "Index Name": "info_type_pkey",
                    "Relation Name": "info_type",
                    "Alias": "it2",
                    "Startup Cost": 0.14,
                    "Total Cost": 0.16,
                    "Plan Rows": 1,
                    "Plan Width": 4,
                    "Actual Startup Time": 0.001,
                    "Actual Total Time": 0.001,
                    "Actual Rows": 0,
                    "Actual Loops": 3073,
                    "Index Cond": "(id = mi_idx.info_type_id)",
                    "Rows Removed by Index Recheck": 0,
                    "Filter": "((info)::text = 'votes'::text)",
                    "Rows Removed by Filter": 1
                  }
                ]
              }
            ]
          }
        ]
      }
    ]
  },
  "Planning Time": 98.966,
  "Triggers": [],
  "Execution Time": 6270.269
}