[
  {
    "Plan": {
      "Node Type": "Aggregate",
      "Strategy": "Plain",
      "Partial Mode": "Finalize",
      "Parallel Aware": false,
      "Startup Cost": 239001.04,
      "Total Cost": 239001.05,
      "Plan Rows": 1,
      "Plan Width": 8,
      "Actual Startup Time": 268.165,
      "Actual Total Time": 297.93,
      "Actual Rows": 1,
      "Actual Loops": 1,
      "Plans": [
        {
          "Node Type": "Gather",
          "Parent Relationship": "Outer",
          "Parallel Aware": false,
          "Startup Cost": 239000.62,
          "Total Cost": 239001.03,
          "Plan Rows": 4,
          "Plan Width": 8,
          "Actual Startup Time": 268.031,
          "Actual Total Time": 297.919,
          "Actual Rows": 5,
          "Actual Loops": 1,
          "Workers Planned": 4,
          "Workers Launched": 4,
          "Single Copy": false,
          "Plans": [
            {
              "Node Type": "Aggregate",
              "Strategy": "Plain",
              "Partial Mode": "Partial",
              "Parent Relationship": "Outer",
              "Parallel Aware": false,
              "Startup Cost": 238000.62,
              "Total Cost": 238000.63,
              "Plan Rows": 1,
              "Plan Width": 8,
              "Actual Startup Time": 258.616,
              "Actual Total Time": 258.617,
              "Actual Rows": 1,
              "Actual Loops": 5,
              "Plans": [
                {
                  "Node Type": "Nested Loop",
                  "Parent Relationship": "Outer",
                  "Parallel Aware": false,
                  "Join Type": "Inner",
                  "Startup Cost": 0.43,
                  "Total Cost": 237901.66,
                  "Plan Rows": 39582,
                  "Plan Width": 0,
                  "Actual Startup Time": 50.863,
                  "Actual Total Time": 250.907,
                  "Actual Rows": 161286,
                  "Actual Loops": 5,
                  "Inner Unique": false,
                  "Plans": [
                    {
                      "Node Type": "Seq Scan",
                      "Parent Relationship": "Outer",
                      "Parallel Aware": true,
                      "Relation Name": "title",
                      "Alias": "t",
                      "Startup Cost": 0.0,
                      "Total Cost": 45479.59,
                      "Plan Rows": 6741,
                      "Plan Width": 4,
                      "Actual Startup Time": 50.746,
                      "Actual Total Time": 75.869,
                      "Actual Rows": 14670,
                      "Actual Loops": 5,
                      "Filter": "((kind_id < 7) AND (production_year < 1917))",
                      "Rows Removed by Filter": 490992
                    },
                    {
                      "Node Type": "Index Only Scan",
                      "Parent Relationship": "Inner",
                      "Parallel Aware": false,
                      "Scan Direction": "Forward",
                      "Index Name": "movie_id_movie_info",
                      "Relation Name": "movie_info",
                      "Alias": "mi",
                      "Startup Cost": 0.43,
                      "Total Cost": 28.14,
                      "Plan Rows": 41,
                      "Plan Width": 4,
                      "Actual Startup Time": 0.004,
                      "Actual Total Time": 0.011,
                      "Actual Rows": 11,
                      "Actual Loops": 73351,
                      "Index Cond": "(movie_id = t.id)",
                      "Rows Removed by Index Recheck": 0,
                      "Heap Fetches": 806432
                    }
                  ]
                }
              ]
            }
          ]
        }
      ]
    },
    "Planning Time": 0.228,
    "Triggers": [],
    "Execution Time": 297.979
  }
]