{
  "Plan": {
    "Node Type": "Aggregate",
    "Strategy": "Plain",
    "Partial Mode": "Finalize",
    "Parallel Aware": false,
    "Startup Cost": 788053.63,
    "Total Cost": 788053.64,
    "Plan Rows": 1,
    "Plan Width": 8,
    "Actual Startup Time": 3361.061,
    "Actual Total Time": 3432.769,
    "Actual Rows": 1,
    "Actual Loops": 1,
    "Plans": [
      {
        "Node Type": "Gather",
        "Parent Relationship": "Outer",
        "Parallel Aware": false,
        "Startup Cost": 788053.52,
        "Total Cost": 788053.63,
        "Plan Rows": 1,
        "Plan Width": 8,
        "Actual Startup Time": 3354.811,
        "Actual Total Time": 3432.757,
        "Actual Rows": 2,
        "Actual Loops": 1,
        "Workers Planned": 1,
        "Workers Launched": 1,
        "Single Copy": false,
        "Plans": [
          {
            "Node Type": "Aggregate",
            "Strategy": "Plain",
            "Partial Mode": "Partial",
            "Parent Relationship": "Outer",
            "Parallel Aware": false,
            "Startup Cost": 787053.52,
            "Total Cost": 787053.53,
            "Plan Rows": 1,
            "Plan Width": 8,
            "Actual Startup Time": 3342.435,
            "Actual Total Time": 3344.626,
            "Actual Rows": 1,
            "Actual Loops": 2,
            "Plans": [
              {
                "Node Type": "Hash Join",
                "Parent Relationship": "Outer",
                "Parallel Aware": true,
                "Join Type": "Inner",
                "Startup Cost": 140764.89,
                "Total Cost": 772650.82,
                "Plan Rows": 5761081,
                "Plan Width": 0,
                "Actual Startup Time": 1389.283,
                "Actual Total Time": 3214.956,
                "Actual Rows": 2657342,
                "Actual Loops": 2,
                "Inner Unique": false,
                "Hash Cond": "(ci.movie_id = t.id)",
                "Plans": [
                  {
                    "Node Type": "Seq Scan",
                    "Parent Relationship": "Outer",
                    "Parallel Aware": true,
                    "Relation Name": "cast_info",
                    "Alias": "ci",
                    "Startup Cost": 0.0,
                    "Total Cost": 572345.93,
                    "Plan Rows": 6840345,
                    "Plan Width": 4,
                    "Actual Startup Time": 512.197,
                    "Actual Total Time": 1586.597,
                    "Actual Rows": 2554519,
                    "Actual Loops": 2,
                    "Filter": "((person_id < 1761406) AND (role_id > 1))",
                    "Rows Removed by Filter": 15567653
                  },
                  {
                    "Node Type": "Hash",
                    "Parent Relationship": "Inner",
                    "Parallel Aware": true,
                    "Startup Cost": 125107.67,
                    "Total Cost": 125107.67,
                    "Plan Rows": 1252577,
                    "Plan Width": 8,
                    "Actual Startup Time": 854.597,
                    "Actual Total Time": 856.786,
                    "Actual Rows": 563008,
                    "Actual Loops": 2,
                    "Hash Buckets": 4194304,
                    "Original Hash Buckets": 4194304,
                    "Hash Batches": 1,
                    "Original Hash Batches": 1,
                    "Peak Memory Usage": 76832,
                    "Plans": [
                      {
                        "Node Type": "Hash Join",
                        "Parent Relationship": "Outer",
                        "Parallel Aware": true,
                        "Join Type": "Inner",
                        "Startup Cost": 67056.83,
                        "Total Cost": 125107.67,
                        "Plan Rows": 1252577,
                        "Plan Width": 8,
                        "Actual Startup Time": 339.584,
                        "Actual Total Time": 745.861,
                        "Actual Rows": 563008,
                        "Actual Loops": 2,
                        "Inner Unique": true,
                        "Hash Cond": "(mk.movie_id = t.id)",
                        "Plans": [
                          {
                            "Node Type": "Seq Scan",
                            "Parent Relationship": "Outer",
                            "Parallel Aware": true,
                            "Relation Name": "movie_keyword",
                            "Alias": "mk",
                            "Startup Cost": 0.0,
                            "Total Cost": 51065.35,
                            "Plan Rows": 2661135,
                            "Plan Width": 4,
                            "Actual Startup Time": 0.01,
                            "Actual Total Time": 153.708,
                            "Actual Rows": 2261965,
                            "Actual Loops": 2
                          },
                          {
                            "Node Type": "Hash",
                            "Parent Relationship": "Inner",
                            "Parallel Aware": true,
                            "Startup Cost": 58306.47,
                            "Total Cost": 58306.47,
                            "Plan Rows": 700029,
                            "Plan Width": 4,
                            "Actual Startup Time": 333.26,
                            "Actual Total Time": 333.261,
                            "Actual Rows": 648990,
                            "Actual Loops": 2,
                            "Hash Buckets": 2097152,
                            "Original Hash Buckets": 2097152,
                            "Hash Batches": 1,
                            "Original Hash Batches": 1,
                            "Peak Memory Usage": 67200,
                            "Plans": [
                              {
                                "Node Type": "Seq Scan",
                                "Parent Relationship": "Outer",
                                "Parallel Aware": true,
                                "Relation Name": "title",
                                "Alias": "t",
                                "Startup Cost": 0.0,
                                "Total Cost": 58306.47,
                                "Plan Rows": 700029,
                                "Plan Width": 4,
                                "Actual Startup Time": 0.04,
                                "Actual Total Time": 165.527,
                                "Actual Rows": 648990,
                                "Actual Loops": 2,
                                "Filter": "((kind_id > 1) AND (production_year > 1995))",
                                "Rows Removed by Filter": 615166
                              }
                            ]
                          }
                        ]
                      }
                    ]
                  }
                ]
              }
            ]
          }
        ]
      }
    ]
  },
  "Planning Time": 1.195,
  "Triggers": [],
  "Execution Time": 3432.881
}