[
    {
        "Bao": {
            "Bao prediction": 719.434,
            "Bao recommended hint": "(no hint)"
        }
    },
    {
        "Plan": {
            "Node Type": "Aggregate",
            "Strategy": "Plain",
            "Partial Mode": "Finalize",
            "Parallel Aware": false,
            "Startup Cost": 397573.06,
            "Total Cost": 397573.07,
            "Plan Rows": 1,
            "Plan Width": 8,
            "Actual Startup Time": 1330.846,
            "Actual Total Time": 1369.697,
            "Actual Rows": 1,
            "Actual Loops": 1,
            "Output": [
                "count(*)"
            ],
            "Plans": [
                {
                    "Node Type": "Gather",
                    "Parent Relationship": "Outer",
                    "Parallel Aware": false,
                    "Startup Cost": 397572.44,
                    "Total Cost": 397573.05,
                    "Plan Rows": 6,
                    "Plan Width": 8,
                    "Actual Startup Time": 1327.538,
                    "Actual Total Time": 1369.684,
                    "Actual Rows": 7,
                    "Actual Loops": 1,
                    "Output": [
                        "(PARTIAL count(*))"
                    ],
                    "Workers Planned": 6,
                    "Workers Launched": 6,
                    "Single Copy": false,
                    "Plans": [
                        {
                            "Node Type": "Aggregate",
                            "Strategy": "Plain",
                            "Partial Mode": "Partial",
                            "Parent Relationship": "Outer",
                            "Parallel Aware": false,
                            "Startup Cost": 396572.44,
                            "Total Cost": 396572.45,
                            "Plan Rows": 1,
                            "Plan Width": 8,
                            "Actual Startup Time": 1317.838,
                            "Actual Total Time": 1317.888,
                            "Actual Rows": 1,
                            "Actual Loops": 7,
                            "Output": [
                                "PARTIAL count(*)"
                            ],
                            "Workers": [
                                {
                                    "Worker Number": 0,
                                    "Actual Startup Time": 1316.458,
                                    "Actual Total Time": 1316.463,
                                    "Actual Rows": 1,
                                    "Actual Loops": 1
                                },
                                {
                                    "Worker Number": 1,
                                    "Actual Startup Time": 1315.956,
                                    "Actual Total Time": 1315.959,
                                    "Actual Rows": 1,
                                    "Actual Loops": 1
                                },
                                {
                                    "Worker Number": 2,
                                    "Actual Startup Time": 1316.251,
                                    "Actual Total Time": 1316.254,
                                    "Actual Rows": 1,
                                    "Actual Loops": 1
                                },
                                {
                                    "Worker Number": 3,
                                    "Actual Startup Time": 1316.183,
                                    "Actual Total Time": 1316.186,
                                    "Actual Rows": 1,
                                    "Actual Loops": 1
                                },
                                {
                                    "Worker Number": 4,
                                    "Actual Startup Time": 1316.43,
                                    "Actual Total Time": 1316.433,
                                    "Actual Rows": 1,
                                    "Actual Loops": 1
                                },
                                {
                                    "Worker Number": 5,
                                    "Actual Startup Time": 1316.95,
                                    "Actual Total Time": 1316.952,
                                    "Actual Rows": 1,
                                    "Actual Loops": 1
                                }
                            ],
                            "Plans": [
                                {
                                    "Node Type": "Hash Join",
                                    "Parent Relationship": "Outer",
                                    "Parallel Aware": true,
                                    "Join Type": "Inner",
                                    "Startup Cost": 46088.57,
                                    "Total Cost": 396082.17,
                                    "Plan Rows": 196106,
                                    "Plan Width": 0,
                                    "Actual Startup Time": 373.755,
                                    "Actual Total Time": 1302.844,
                                    "Actual Rows": 217231,
                                    "Actual Loops": 7,
                                    "Inner Unique": true,
                                    "Hash Cond": "(ci.movie_id = t.id)",
                                    "Workers": [
                                        {
                                            "Worker Number": 0,
                                            "Actual Startup Time": 371.508,
                                            "Actual Total Time": 1301.337,
                                            "Actual Rows": 199610,
                                            "Actual Loops": 1
                                        },
                                        {
                                            "Worker Number": 1,
                                            "Actual Startup Time": 372.235,
                                            "Actual Total Time": 1300.483,
                                            "Actual Rows": 194974,
                                            "Actual Loops": 1
                                        },
                                        {
                                            "Worker Number": 2,
                                            "Actual Startup Time": 372.254,
                                            "Actual Total Time": 1300.769,
                                            "Actual Rows": 203914,
                                            "Actual Loops": 1
                                        },
                                        {
                                            "Worker Number": 3,
                                            "Actual Startup Time": 372.183,
                                            "Actual Total Time": 1300.849,
                                            "Actual Rows": 201746,
                                            "Actual Loops": 1
                                        },
                                        {
                                            "Worker Number": 4,
                                            "Actual Startup Time": 372.41,
                                            "Actual Total Time": 1300.922,
                                            "Actual Rows": 203721,
                                            "Actual Loops": 1
                                        },
                                        {
                                            "Worker Number": 5,
                                            "Actual Startup Time": 373.054,
                                            "Actual Total Time": 1301.934,
                                            "Actual Rows": 197951,
                                            "Actual Loops": 1
                                        }
                                    ],
                                    "Plans": [
                                        {
                                            "Node Type": "Seq Scan",
                                            "Parent Relationship": "Outer",
                                            "Parallel Aware": true,
                                            "Relation Name": "cast_info",
                                            "Schema": "public",
                                            "Alias": "ci",
                                            "Startup Cost": 0.0,
                                            "Total Cost": 343318.94,
                                            "Plan Rows": 2542724,
                                            "Plan Width": 4,
                                            "Actual Startup Time": 262.42,
                                            "Actual Total Time": 817.105,
                                            "Actual Rows": 1957475,
                                            "Actual Loops": 7,
                                            "Output": [
                                                "ci.id",
                                                "ci.person_id",
                                                "ci.movie_id",
                                                "ci.person_role_id",
                                                "ci.note",
                                                "ci.nr_order",
                                                "ci.role_id"
                                            ],
                                            "Filter": "((ci.person_id > 1863110) AND (ci.role_id < 10))",
                                            "Rows Removed by Filter": 3220288,
                                            "Workers": [
                                                {
                                                    "Worker Number": 0,
                                                    "Actual Startup Time": 262.421,
                                                    "Actual Total Time": 822.212,
                                                    "Actual Rows": 1790206,
                                                    "Actual Loops": 1
                                                },
                                                {
                                                    "Worker Number": 1,
                                                    "Actual Startup Time": 262.408,
                                                    "Actual Total Time": 826.649,
                                                    "Actual Rows": 1755381,
                                                    "Actual Loops": 1
                                                },
                                                {
                                                    "Worker Number": 2,
                                                    "Actual Startup Time": 262.421,
                                                    "Actual Total Time": 817.35,
                                                    "Actual Rows": 1830613,
                                                    "Actual Loops": 1
                                                },
                                                {
                                                    "Worker Number": 3,
                                                    "Actual Startup Time": 262.436,
                                                    "Actual Total Time": 818.632,
                                                    "Actual Rows": 1837840,
                                                    "Actual Loops": 1
                                                },
                                                {
                                                    "Worker Number": 4,
                                                    "Actual Startup Time": 262.414,
                                                    "Actual Total Time": 822.35,
                                                    "Actual Rows": 1849182,
                                                    "Actual Loops": 1
                                                },
                                                {
                                                    "Worker Number": 5,
                                                    "Actual Startup Time": 262.436,
                                                    "Actual Total Time": 819.06,
                                                    "Actual Rows": 1787963,
                                                    "Actual Loops": 1
                                                }
                                            ]
                                        },
                                        {
                                            "Node Type": "Hash",
                                            "Parent Relationship": "Inner",
                                            "Parallel Aware": true,
                                            "Startup Cost": 45479.21,
                                            "Total Cost": 45479.21,
                                            "Plan Rows": 48749,
                                            "Plan Width": 4,
                                            "Actual Startup Time": 109.412,
                                            "Actual Total Time": 109.413,
                                            "Actual Rows": 46576,
                                            "Actual Loops": 7,
                                            "Output": [
                                                "t.id"
                                            ],
                                            "Hash Buckets": 524288,
                                            "Original Hash Buckets": 262144,
                                            "Hash Batches": 1,
                                            "Original Hash Batches": 1,
                                            "Peak Memory Usage": 19040,
                                            "Workers": [
                                                {
                                                    "Worker Number": 0,
                                                    "Actual Startup Time": 108.305,
                                                    "Actual Total Time": 108.306,
                                                    "Actual Rows": 42750,
                                                    "Actual Loops": 1
                                                },
                                                {
                                                    "Worker Number": 1,
                                                    "Actual Startup Time": 108.853,
                                                    "Actual Total Time": 108.854,
                                                    "Actual Rows": 41993,
                                                    "Actual Loops": 1
                                                },
                                                {
                                                    "Worker Number": 2,
                                                    "Actual Startup Time": 109.15,
                                                    "Actual Total Time": 109.151,
                                                    "Actual Rows": 42827,
                                                    "Actual Loops": 1
                                                },
                                                {
                                                    "Worker Number": 3,
                                                    "Actual Startup Time": 109.056,
                                                    "Actual Total Time": 109.057,
                                                    "Actual Rows": 41878,
                                                    "Actual Loops": 1
                                                },
                                                {
                                                    "Worker Number": 4,
                                                    "Actual Startup Time": 109.326,
                                                    "Actual Total Time": 109.327,
                                                    "Actual Rows": 42707,
                                                    "Actual Loops": 1
                                                },
                                                {
                                                    "Worker Number": 5,
                                                    "Actual Startup Time": 109.707,
                                                    "Actual Total Time": 109.708,
                                                    "Actual Rows": 40787,
                                                    "Actual Loops": 1
                                                }
                                            ],
                                            "Plans": [
                                                {
                                                    "Node Type": "Seq Scan",
                                                    "Parent Relationship": "Outer",
                                                    "Parallel Aware": true,
                                                    "Relation Name": "title",
                                                    "Schema": "public",
                                                    "Alias": "t",
                                                    "Startup Cost": 0.0,
                                                    "Total Cost": 45479.21,
                                                    "Plan Rows": 48749,
                                                    "Plan Width": 4,
                                                    "Actual Startup Time": 50.598,
                                                    "Actual Total Time": 83.938,
                                                    "Actual Rows": 46576,
                                                    "Actual Loops": 7,
                                                    "Output": [
                                                        "t.id"
                                                    ],
                                                    "Filter": "((t.production_year < 1992) AND (t.kind_id = 1))",
                                                    "Rows Removed by Filter": 314611,
                                                    "Workers": [
                                                        {
                                                            "Worker Number": 0,
                                                            "Actual Startup Time": 49.374,
                                                            "Actual Total Time": 83.689,
                                                            "Actual Rows": 42750,
                                                            "Actual Loops": 1
                                                        },
                                                        {
                                                            "Worker Number": 1,
                                                            "Actual Startup Time": 50.047,
                                                            "Actual Total Time": 84.135,
                                                            "Actual Rows": 41993,
                                                            "Actual Loops": 1
                                                        },
                                                        {
                                                            "Worker Number": 2,
                                                            "Actual Startup Time": 50.242,
                                                            "Actual Total Time": 84.308,
                                                            "Actual Rows": 42827,
                                                            "Actual Loops": 1
                                                        },
                                                        {
                                                            "Worker Number": 3,
                                                            "Actual Startup Time": 50.07,
                                                            "Actual Total Time": 84.158,
                                                            "Actual Rows": 41878,
                                                            "Actual Loops": 1
                                                        },
                                                        {
                                                            "Worker Number": 4,
                                                            "Actual Startup Time": 50.377,
                                                            "Actual Total Time": 84.783,
                                                            "Actual Rows": 42707,
                                                            "Actual Loops": 1
                                                        },
                                                        {
                                                            "Worker Number": 5,
                                                            "Actual Startup Time": 51.584,
                                                            "Actual Total Time": 84.748,
                                                            "Actual Rows": 40787,
                                                            "Actual Loops": 1
                                                        }
                                                    ]
                                                }
                                            ]
                                        }
                                    ]
                                }
                            ]
                        }
                    ]
                }
            ]
        },
        "Planning Time": 912.415,
        "Triggers": [],
        "Execution Time": 1369.818
    }
]