{
  "Plan": {
    "Node Type": "Aggregate",
    "Strategy": "Plain",
    "Partial Mode": "Finalize",
    "Parallel Aware": false,
    "Startup Cost": 857139.46,
    "Total Cost": 857139.47,
    "Plan Rows": 1,
    "Plan Width": 8,
    "Actual Startup Time": 6410.407,
    "Actual Total Time": 6468.812,
    "Actual Rows": 1,
    "Actual Loops": 1,
    "Plans": [
      {
        "Node Type": "Gather",
        "Parent Relationship": "Outer",
        "Parallel Aware": false,
        "Startup Cost": 857139.35,
        "Total Cost": 857139.46,
        "Plan Rows": 1,
        "Plan Width": 8,
        "Actual Startup Time": 6402.196,
        "Actual Total Time": 6468.802,
        "Actual Rows": 2,
        "Actual Loops": 1,
        "Workers Planned": 1,
        "Workers Launched": 1,
        "Single Copy": false,
        "Plans": [
          {
            "Node Type": "Aggregate",
            "Strategy": "Plain",
            "Partial Mode": "Partial",
            "Parent Relationship": "Outer",
            "Parallel Aware": false,
            "Startup Cost": 856139.35,
            "Total Cost": 856139.36,
            "Plan Rows": 1,
            "Plan Width": 8,
            "Actual Startup Time": 6391.093,
            "Actual Total Time": 6392.582,
            "Actual Rows": 1,
            "Actual Loops": 2,
            "Plans": [
              {
                "Node Type": "Hash Join",
                "Parent Relationship": "Outer",
                "Parallel Aware": true,
                "Join Type": "Inner",
                "Startup Cost": 151893.03,
                "Total Cost": 830643.0,
                "Plan Rows": 10198538,
                "Plan Width": 0,
                "Actual Startup Time": 1728.228,
                "Actual Total Time": 5568.607,
                "Actual Rows": 19820544,
                "Actual Loops": 2,
                "Inner Unique": false,
                "Hash Cond": "(ci.movie_id = t.id)",
                "Plans": [
                  {
                    "Node Type": "Seq Scan",
                    "Parent Relationship": "Outer",
                    "Parallel Aware": true,
                    "Relation Name": "cast_info",
                    "Alias": "ci",
                    "Startup Cost": 0.0,
                    "Total Cost": 572345.93,
                    "Plan Rows": 9282531,
                    "Plan Width": 4,
                    "Actual Startup Time": 502.325,
                    "Actual Total Time": 1577.28,
                    "Actual Rows": 5724152,
                    "Actual Loops": 2,
                    "Filter": "((person_id < 2473939) AND (role_id > 1))",
                    "Rows Removed by Filter": 12398020
                  },
                  {
                    "Node Type": "Hash",
                    "Parent Relationship": "Inner",
                    "Parallel Aware": true,
                    "Startup Cost": 131468.13,
                    "Total Cost": 131468.13,
                    "Plan Rows": 1633992,
                    "Plan Width": 8,
                    "Actual Startup Time": 1204.567,
                    "Actual Total Time": 1206.055,
                    "Actual Rows": 1383130,
                    "Actual Loops": 2,
                    "Hash Buckets": 4194304,
                    "Original Hash Buckets": 4194304,
                    "Hash Batches": 1,
                    "Original Hash Batches": 1,
                    "Peak Memory Usage": 141024,
                    "Plans": [
                      {
                        "Node Type": "Hash Join",
                        "Parent Relationship": "Outer",
                        "Parallel Aware": true,
                        "Join Type": "Inner",
                        "Startup Cost": 69460.7,
                        "Total Cost": 131468.13,
                        "Plan Rows": 1633992,
                        "Plan Width": 8,
                        "Actual Startup Time": 499.081,
                        "Actual Total Time": 954.912,
                        "Actual Rows": 1383130,
                        "Actual Loops": 2,
                        "Inner Unique": true,
                        "Hash Cond": "(mk.movie_id = t.id)",
                        "Plans": [
                          {
                            "Node Type": "Seq Scan",
                            "Parent Relationship": "Outer",
                            "Parallel Aware": true,
                            "Relation Name": "movie_keyword",
                            "Alias": "mk",
                            "Startup Cost": 0.0,
                            "Total Cost": 57718.19,
                            "Plan Rows": 1633992,
                            "Plan Width": 4,
                            "Actual Startup Time": 0.251,
                            "Actual Total Time": 205.613,
                            "Actual Rows": 1383130,
                            "Actual Loops": 2,
                            "Filter": "(keyword_id > 2860)",
                            "Rows Removed by Filter": 878836
                          },
                          {
                            "Node Type": "Hash",
                            "Parent Relationship": "Inner",
                            "Parallel Aware": true,
                            "Startup Cost": 50870.31,
                            "Total Cost": 50870.31,
                            "Plan Rows": 1487231,
                            "Plan Width": 4,
                            "Actual Startup Time": 487.36,
                            "Actual Total Time": 487.361,
                            "Actual Rows": 1264156,
                            "Actual Loops": 2,
                            "Hash Buckets": 4194304,
                            "Original Hash Buckets": 4194304,
                            "Hash Batches": 1,
                            "Original Hash Batches": 1,
                            "Peak Memory Usage": 131712,
                            "Plans": [
                              {
                                "Node Type": "Seq Scan",
                                "Parent Relationship": "Outer",
                                "Parallel Aware": true,
                                "Relation Name": "title",
                                "Alias": "t",
                                "Startup Cost": 0.0,
                                "Total Cost": 50870.31,
                                "Plan Rows": 1487231,
                                "Plan Width": 4,
                                "Actual Startup Time": 0.037,
                                "Actual Total Time": 147.011,
                                "Actual Rows": 1264156,
                                "Actual Loops": 2
                              }
                            ]
                          }
                        ]
                      }
                    ]
                  }
                ]
              }
            ]
          }
        ]
      }
    ]
  },
  "Planning Time": 1.011,
  "Triggers": [],
  "Execution Time": 6468.898
}