{
  "Plan": {
    "Node Type": "Aggregate",
    "Strategy": "Plain",
    "Partial Mode": "Finalize",
    "Parallel Aware": false,
    "Startup Cost": 360479.67,
    "Total Cost": 360479.68,
    "Plan Rows": 1,
    "Plan Width": 8,
    "Actual Startup Time": 340.96,
    "Actual Total Time": 355.608,
    "Actual Rows": 1,
    "Actual Loops": 1,
    "Plans": [
      {
        "Node Type": "Gather",
        "Parent Relationship": "Outer",
        "Parallel Aware": false,
        "Startup Cost": 360479.56,
        "Total Cost": 360479.67,
        "Plan Rows": 1,
        "Plan Width": 8,
        "Actual Startup Time": 340.583,
        "Actual Total Time": 355.601,
        "Actual Rows": 2,
        "Actual Loops": 1,
        "Workers Planned": 1,
        "Workers Launched": 1,
        "Single Copy": false,
        "Plans": [
          {
            "Node Type": "Aggregate",
            "Strategy": "Plain",
            "Partial Mode": "Partial",
            "Parent Relationship": "Outer",
            "Parallel Aware": false,
            "Startup Cost": 359479.56,
            "Total Cost": 359479.57,
            "Plan Rows": 1,
            "Plan Width": 8,
            "Actual Startup Time": 335.853,
            "Actual Total Time": 335.857,
            "Actual Rows": 1,
            "Actual Loops": 2,
            "Plans": [
              {
                "Node Type": "Nested Loop",
                "Parent Relationship": "Outer",
                "Parallel Aware": false,
                "Join Type": "Inner",
                "Startup Cost": 79195.74,
                "Total Cost": 359464.28,
                "Plan Rows": 6111,
                "Plan Width": 0,
                "Actual Startup Time": 241.366,
                "Actual Total Time": 335.421,
                "Actual Rows": 7054,
                "Actual Loops": 2,
                "Inner Unique": false,
                "Join Filter": "(t.id = mc.movie_id)",
                "Rows Removed by Join Filter": 0,
                "Plans": [
                  {
                    "Node Type": "Hash Join",
                    "Parent Relationship": "Outer",
                    "Parallel Aware": true,
                    "Join Type": "Inner",
                    "Startup Cost": 79195.31,
                    "Total Cost": 349938.78,
                    "Plan Rows": 14398,
                    "Plan Width": 8,
                    "Actual Startup Time": 241.177,
                    "Actual Total Time": 313.105,
                    "Actual Rows": 4373,
                    "Actual Loops": 2,
                    "Inner Unique": true,
                    "Hash Cond": "(ci.movie_id = t.id)",
                    "Plans": [
                      {
                        "Node Type": "Bitmap Heap Scan",
                        "Parent Relationship": "Outer",
                        "Parallel Aware": true,
                        "Relation Name": "cast_info",
                        "Alias": "ci",
                        "Startup Cost": 40389.75,
                        "Total Cost": 309274.73,
                        "Plan Rows": 707996,
                        "Plan Width": 4,
                        "Actual Startup Time": 167.461,
                        "Actual Total Time": 208.559,
                        "Actual Rows": 262214,
                        "Actual Loops": 2,
                        "Recheck Cond": "(person_id < 183193)",
                        "Rows Removed by Index Recheck": 0,
                        "Filter": "(role_id > 1)",
                        "Rows Removed by Filter": 667370,
                        "Exact Heap Blocks": 11889,
                        "Lossy Heap Blocks": 0,
                        "Plans": [
                          {
                            "Node Type": "Bitmap Index Scan",
                            "Parent Relationship": "Outer",
                            "Parallel Aware": false,
                            "Index Name": "person_id_cast_info",
                            "Startup Cost": 0.0,
                            "Total Cost": 40088.85,
                            "Plan Rows": 1835771,
                            "Plan Width": 0,
                            "Actual Startup Time": 95.794,
                            "Actual Total Time": 95.794,
                            "Actual Rows": 1859169,
                            "Actual Loops": 1,
                            "Index Cond": "(person_id < 183193)"
                          }
                        ]
                      },
                      {
                        "Node Type": "Hash",
                        "Parent Relationship": "Inner",
                        "Parallel Aware": true,
                        "Startup Cost": 38427.52,
                        "Total Cost": 38427.52,
                        "Plan Rows": 30244,
                        "Plan Width": 4,
                        "Actual Startup Time": 72.304,
                        "Actual Total Time": 72.305,
                        "Actual Rows": 28368,
                        "Actual Loops": 2,
                        "Hash Buckets": 65536,
                        "Original Hash Buckets": 65536,
                        "Hash Batches": 1,
                        "Original Hash Batches": 1,
                        "Peak Memory Usage": 2752,
                        "Plans": [
                          {
                            "Node Type": "Bitmap Heap Scan",
                            "Parent Relationship": "Outer",
                            "Parallel Aware": true,
                            "Relation Name": "title",
                            "Alias": "t",
                            "Startup Cost": 1629.39,
                            "Total Cost": 38427.52,
                            "Plan Rows": 30244,
                            "Plan Width": 4,
                            "Actual Startup Time": 23.052,
                            "Actual Total Time": 66.068,
                            "Actual Rows": 28368,
                            "Actual Loops": 2,
                            "Recheck Cond": "(kind_id = 2)",
                            "Rows Removed by Index Recheck": 0,
                            "Filter": "(production_year < 2006)",
                            "Rows Removed by Filter": 17058,
                            "Exact Heap Blocks": 20253,
                            "Lossy Heap Blocks": 0,
                            "Plans": [
                              {
                                "Node Type": "Bitmap Index Scan",
                                "Parent Relationship": "Outer",
                                "Parallel Aware": false,
                                "Index Name": "kind_id_title",
                                "Startup Cost": 0.0,
                                "Total Cost": 1616.54,
                                "Plan Rows": 90681,
                                "Plan Width": 0,
                                "Actual Startup Time": 18.944,
                                "Actual Total Time": 18.944,
                                "Actual Rows": 90852,
                                "Actual Loops": 1,
                                "Index Cond": "(kind_id = 2)"
                              }
                            ]
                          }
                        ]
                      }
                    ]
                  },
                  {
                    "Node Type": "Index Scan",
                    "Parent Relationship": "Inner",
                    "Parallel Aware": false,
                    "Scan Direction": "Forward",
                    "Index Name": "movie_id_movie_companies",
                    "Relation Name": "movie_companies",
                    "Alias": "mc",
                    "Startup Cost": 0.43,
                    "Total Cost": 0.64,
                    "Plan Rows": 2,
                    "Plan Width": 4,
                    "Actual Startup Time": 0.004,
                    "Actual Total Time": 0.005,
                    "Actual Rows": 2,
                    "Actual Loops": 8746,
                    "Index Cond": "(movie_id = ci.movie_id)",
                    "Rows Removed by Index Recheck": 0,
                    "Filter": "((company_id < 78522) AND (company_type_id < 2))",
                    "Rows Removed by Filter": 2
                  }
                ]
              }
            ]
          }
        ]
      }
    ]
  },
  "Planning Time": 1.093,
  "Triggers": [],
  "Execution Time": 355.732
}