{
  "Plan": {
    "Node Type": "Aggregate",
    "Strategy": "Plain",
    "Partial Mode": "Finalize",
    "Parallel Aware": false,
    "Startup Cost": 111100.55,
    "Total Cost": 111100.56,
    "Plan Rows": 1,
    "Plan Width": 8,
    "Actual Startup Time": 456.957,
    "Actual Total Time": 474.924,
    "Actual Rows": 1,
    "Actual Loops": 1,
    "Plans": [
      {
        "Node Type": "Gather",
        "Parent Relationship": "Outer",
        "Parallel Aware": false,
        "Startup Cost": 111100.44,
        "Total Cost": 111100.55,
        "Plan Rows": 1,
        "Plan Width": 8,
        "Actual Startup Time": 455.103,
        "Actual Total Time": 474.913,
        "Actual Rows": 2,
        "Actual Loops": 1,
        "Workers Planned": 1,
        "Workers Launched": 1,
        "Single Copy": false,
        "Plans": [
          {
            "Node Type": "Aggregate",
            "Strategy": "Plain",
            "Partial Mode": "Partial",
            "Parent Relationship": "Outer",
            "Parallel Aware": false,
            "Startup Cost": 110100.44,
            "Total Cost": 110100.45,
            "Plan Rows": 1,
            "Plan Width": 8,
            "Actual Startup Time": 449.16,
            "Actual Total Time": 449.164,
            "Actual Rows": 1,
            "Actual Loops": 2,
            "Plans": [
              {
                "Node Type": "Hash Join",
                "Parent Relationship": "Outer",
                "Parallel Aware": true,
                "Join Type": "Inner",
                "Startup Cost": 77436.76,
                "Total Cost": 109822.67,
                "Plan Rows": 111107,
                "Plan Width": 0,
                "Actual Startup Time": 280.458,
                "Actual Total Time": 447.0,
                "Actual Rows": 41340,
                "Actual Loops": 2,
                "Inner Unique": true,
                "Hash Cond": "(mk.movie_id = t.id)",
                "Plans": [
                  {
                    "Node Type": "Bitmap Heap Scan",
                    "Parent Relationship": "Outer",
                    "Parallel Aware": true,
                    "Relation Name": "movie_keyword",
                    "Alias": "mk",
                    "Startup Cost": 18909.72,
                    "Total Cost": 49919.02,
                    "Plan Rows": 524424,
                    "Plan Width": 4,
                    "Actual Startup Time": 50.992,
                    "Actual Total Time": 139.874,
                    "Actual Rows": 451952,
                    "Actual Loops": 2,
                    "Recheck Cond": "(keyword_id < 858)",
                    "Rows Removed by Index Recheck": 0,
                    "Exact Heap Blocks": 12275,
                    "Lossy Heap Blocks": 0,
                    "Plans": [
                      {
                        "Node Type": "Bitmap Index Scan",
                        "Parent Relationship": "Outer",
                        "Parallel Aware": false,
                        "Index Name": "keyword_id_movie_keyword",
                        "Startup Cost": 0.0,
                        "Total Cost": 18686.84,
                        "Plan Rows": 891521,
                        "Plan Width": 0,
                        "Actual Startup Time": 47.334,
                        "Actual Total Time": 47.335,
                        "Actual Rows": 903904,
                        "Actual Loops": 1,
                        "Index Cond": "(keyword_id < 858)"
                      }
                    ]
                  },
                  {
                    "Node Type": "Hash",
                    "Parent Relationship": "Inner",
                    "Parallel Aware": true,
                    "Startup Cost": 54588.39,
                    "Total Cost": 54588.39,
                    "Plan Rows": 315092,
                    "Plan Width": 4,
                    "Actual Startup Time": 220.685,
                    "Actual Total Time": 220.686,
                    "Actual Rows": 266684,
                    "Actual Loops": 2,
                    "Hash Buckets": 1048576,
                    "Original Hash Buckets": 1048576,
                    "Hash Batches": 1,
                    "Original Hash Batches": 1,
                    "Peak Memory Usage": 29088,
                    "Plans": [
                      {
                        "Node Type": "Seq Scan",
                        "Parent Relationship": "Outer",
                        "Parallel Aware": true,
                        "Relation Name": "title",
                        "Alias": "t",
                        "Startup Cost": 0.0,
                        "Total Cost": 54588.39,
                        "Plan Rows": 315092,
                        "Plan Width": 4,
                        "Actual Startup Time": 0.034,
                        "Actual Total Time": 143.436,
                        "Actual Rows": 266684,
                        "Actual Loops": 2,
                        "Filter": "(production_year > 2009)",
                        "Rows Removed by Filter": 997472
                      }
                    ]
                  }
                ]
              }
            ]
          }
        ]
      }
    ]
  },
  "Planning Time": 0.465,
  "Triggers": [],
  "Execution Time": 475.016
}