[
  {
    "Plan": {
      "Node Type": "Aggregate",
      "Strategy": "Plain",
      "Partial Mode": "Finalize",
      "Parallel Aware": false,
      "Startup Cost": 32713.35,
      "Total Cost": 32713.36,
      "Plan Rows": 1,
      "Plan Width": 8,
      "Actual Startup Time": 70.441,
      "Actual Total Time": 78.103,
      "Actual Rows": 1,
      "Actual Loops": 1,
      "Plans": [
        {
          "Node Type": "Gather",
          "Parent Relationship": "Outer",
          "Parallel Aware": false,
          "Startup Cost": 32713.03,
          "Total Cost": 32713.34,
          "Plan Rows": 3,
          "Plan Width": 8,
          "Actual Startup Time": 70.321,
          "Actual Total Time": 78.091,
          "Actual Rows": 4,
          "Actual Loops": 1,
          "Workers Planned": 3,
          "Workers Launched": 3,
          "Single Copy": false,
          "Plans": [
            {
              "Node Type": "Aggregate",
              "Strategy": "Plain",
              "Partial Mode": "Partial",
              "Parent Relationship": "Outer",
              "Parallel Aware": false,
              "Startup Cost": 31713.03,
              "Total Cost": 31713.04,
              "Plan Rows": 1,
              "Plan Width": 8,
              "Actual Startup Time": 65.505,
              "Actual Total Time": 65.506,
              "Actual Rows": 1,
              "Actual Loops": 4,
              "Plans": [
                {
                  "Node Type": "Seq Scan",
                  "Parent Relationship": "Outer",
                  "Parallel Aware": true,
                  "Relation Name": "movie_companies",
                  "Alias": "mc",
                  "Startup Cost": 0.0,
                  "Total Cost": 31414.82,
                  "Plan Rows": 119284,
                  "Plan Width": 0,
                  "Actual Startup Time": 17.946,
                  "Actual Total Time": 64.799,
                  "Actual Rows": 12997,
                  "Actual Loops": 4,
                  "Filter": "((company_id > 37005) AND (company_type_id < 2))",
                  "Rows Removed by Filter": 639285
                }
              ]
            }
          ]
        }
      ]
    },
    "Planning Time": 0.106,
    "Triggers": [],
    "Execution Time": 78.146
  }
]