[
  {
    "Plan": {
      "Node Type": "Aggregate",
      "Strategy": "Plain",
      "Partial Mode": "Finalize",
      "Parallel Aware": false,
      "Startup Cost": 49370.07,
      "Total Cost": 49370.08,
      "Plan Rows": 1,
      "Plan Width": 8,
      "Actual Startup Time": 93.71,
      "Actual Total Time": 102.398,
      "Actual Rows": 1,
      "Actual Loops": 1,
      "Plans": [
        {
          "Node Type": "Gather",
          "Parent Relationship": "Outer",
          "Parallel Aware": false,
          "Startup Cost": 49369.75,
          "Total Cost": 49370.06,
          "Plan Rows": 3,
          "Plan Width": 8,
          "Actual Startup Time": 93.236,
          "Actual Total Time": 102.39,
          "Actual Rows": 4,
          "Actual Loops": 1,
          "Workers Planned": 3,
          "Workers Launched": 3,
          "Single Copy": false,
          "Plans": [
            {
              "Node Type": "Aggregate",
              "Strategy": "Plain",
              "Partial Mode": "Partial",
              "Parent Relationship": "Outer",
              "Parallel Aware": false,
              "Startup Cost": 48369.75,
              "Total Cost": 48369.76,
              "Plan Rows": 1,
              "Plan Width": 8,
              "Actual Startup Time": 87.097,
              "Actual Total Time": 87.1,
              "Actual Rows": 1,
              "Actual Loops": 4,
              "Plans": [
                {
                  "Node Type": "Nested Loop",
                  "Parent Relationship": "Outer",
                  "Parallel Aware": false,
                  "Join Type": "Inner",
                  "Startup Cost": 38181.19,
                  "Total Cost": 48369.2,
                  "Plan Rows": 220,
                  "Plan Width": 0,
                  "Actual Startup Time": 56.532,
                  "Actual Total Time": 87.065,
                  "Actual Rows": 162,
                  "Actual Loops": 4,
                  "Inner Unique": false,
                  "Join Filter": "(t.id = mi_idx.movie_id)",
                  "Rows Removed by Join Filter": 0,
                  "Plans": [
                    {
                      "Node Type": "Hash Join",
                      "Parent Relationship": "Outer",
                      "Parallel Aware": true,
                      "Join Type": "Inner",
                      "Startup Cost": 38180.76,
                      "Total Cost": 47484.88,
                      "Plan Rows": 1219,
                      "Plan Width": 8,
                      "Actual Startup Time": 56.419,
                      "Actual Total Time": 83.904,
                      "Actual Rows": 275,
                      "Actual Loops": 4,
                      "Inner Unique": true,
                      "Hash Cond": "(ci.movie_id = t.id)",
                      "Plans": [
                        {
                          "Node Type": "Index Scan",
                          "Parent Relationship": "Outer",
                          "Parallel Aware": true,
                          "Scan Direction": "Forward",
                          "Index Name": "role_id_cast_info",
                          "Relation Name": "cast_info",
                          "Alias": "ci",
                          "Startup Cost": 0.56,
                          "Total Cost": 9091.72,
                          "Plan Rows": 81130,
                          "Plan Width": 4,
                          "Actual Startup Time": 0.287,
                          "Actual Total Time": 18.303,
                          "Actual Rows": 71391,
                          "Actual Loops": 4,
                          "Index Cond": "(role_id > 10)",
                          "Rows Removed by Index Recheck": 0,
                          "Filter": "(person_id > 724258)",
                          "Rows Removed by Filter": 7638
                        },
                        {
                          "Node Type": "Hash",
                          "Parent Relationship": "Inner",
                          "Parallel Aware": true,
                          "Startup Cost": 38061.46,
                          "Total Cost": 38061.46,
                          "Plan Rows": 9499,
                          "Plan Width": 4,
                          "Actual Startup Time": 55.369,
                          "Actual Total Time": 55.37,
                          "Actual Rows": 8480,
                          "Actual Loops": 4,
                          "Hash Buckets": 65536,
                          "Original Hash Buckets": 65536,
                          "Hash Batches": 1,
                          "Original Hash Batches": 1,
                          "Peak Memory Usage": 1920,
                          "Plans": [
                            {
                              "Node Type": "Bitmap Heap Scan",
                              "Parent Relationship": "Outer",
                              "Parallel Aware": true,
                              "Relation Name": "title",
                              "Alias": "t",
                              "Startup Cost": 1706.95,
                              "Total Cost": 38061.46,
                              "Plan Rows": 9499,
                              "Plan Width": 4,
                              "Actual Startup Time": 13.158,
                              "Actual Total Time": 52.41,
                              "Actual Rows": 8480,
                              "Actual Loops": 4,
                              "Recheck Cond": "(kind_id = 2)",
                              "Rows Removed by Index Recheck": 0,
                              "Filter": "(production_year > 2005)",
                              "Rows Removed by Filter": 14233,
                              "Exact Heap Blocks": 15379,
                              "Lossy Heap Blocks": 0,
                              "Plans": [
                                {
                                  "Node Type": "Bitmap Index Scan",
                                  "Parent Relationship": "Outer",
                                  "Parallel Aware": false,
                                  "Index Name": "kind_id_title",
                                  "Startup Cost": 0.0,
                                  "Total Cost": 1697.45,
                                  "Plan Rows": 95069,
                                  "Plan Width": 0,
                                  "Actual Startup Time": 12.194,
                                  "Actual Total Time": 12.194,
                                  "Actual Rows": 90852,
                                  "Actual Loops": 1,
                                  "Index Cond": "(kind_id = 2)"
                                }
                              ]
                            }
                          ]
                        }
                      ]
                    },
                    {
                      "Node Type": "Index Scan",
                      "Parent Relationship": "Inner",
                      "Parallel Aware": false,
                      "Scan Direction": "Forward",
                      "Index Name": "movie_id_movie_info_idx",
                      "Relation Name": "movie_info_idx",
                      "Alias": "mi_idx",
                      "Startup Cost": 0.43,
                      "Total Cost": 0.71,
                      "Plan Rows": 1,
                      "Plan Width": 4,
                      "Actual Startup Time": 0.011,
                      "Actual Total Time": 0.011,
                      "Actual Rows": 1,
                      "Actual Loops": 1099,
                      "Index Cond": "(movie_id = ci.movie_id)",
                      "Rows Removed by Index Recheck": 0,
                      "Filter": "(info_type_id = 99)",
                      "Rows Removed by Filter": 1
                    }
                  ]
                }
              ]
            }
          ]
        }
      ]
    },
    "Planning Time": 1.061,
    "Triggers": [],
    "Execution Time": 102.457
  }
]