[
  {
    "Plan": {
      "Node Type": "Aggregate",
      "Strategy": "Plain",
      "Partial Mode": "Finalize",
      "Parallel Aware": false,
      "Startup Cost": 44907.45,
      "Total Cost": 44907.46,
      "Plan Rows": 1,
      "Plan Width": 8,
      "Actual Startup Time": 85.102,
      "Actual Total Time": 96.091,
      "Actual Rows": 1,
      "Actual Loops": 1,
      "Plans": [
        {
          "Node Type": "Gather",
          "Parent Relationship": "Outer",
          "Parallel Aware": false,
          "Startup Cost": 44907.03,
          "Total Cost": 44907.44,
          "Plan Rows": 4,
          "Plan Width": 8,
          "Actual Startup Time": 84.862,
          "Actual Total Time": 96.082,
          "Actual Rows": 5,
          "Actual Loops": 1,
          "Workers Planned": 4,
          "Workers Launched": 4,
          "Single Copy": false,
          "Plans": [
            {
              "Node Type": "Aggregate",
              "Strategy": "Plain",
              "Partial Mode": "Partial",
              "Parent Relationship": "Outer",
              "Parallel Aware": false,
              "Startup Cost": 43907.03,
              "Total Cost": 43907.04,
              "Plan Rows": 1,
              "Plan Width": 8,
              "Actual Startup Time": 79.857,
              "Actual Total Time": 79.858,
              "Actual Rows": 1,
              "Actual Loops": 5,
              "Plans": [
                {
                  "Node Type": "Seq Scan",
                  "Parent Relationship": "Outer",
                  "Parallel Aware": true,
                  "Relation Name": "title",
                  "Alias": "t",
                  "Startup Cost": 0.0,
                  "Total Cost": 43898.92,
                  "Plan Rows": 3245,
                  "Plan Width": 0,
                  "Actual Startup Time": 0.094,
                  "Actual Total Time": 79.524,
                  "Actual Rows": 2811,
                  "Actual Loops": 5,
                  "Filter": "(production_year = 1975)",
                  "Rows Removed by Filter": 502852
                }
              ]
            }
          ]
        }
      ]
    },
    "Planning Time": 0.119,
    "Triggers": [],
    "Execution Time": 96.137
  }
]