[
    {
        "Bao": {
            "Bao prediction": "NaN",
            "Bao recommended hint": "(no hint)"
        }
    },
    {
        "Plan": {
            "Node Type": "Aggregate",
            "Strategy": "Plain",
            "Partial Mode": "Finalize",
            "Parallel Aware": false,
            "Startup Cost": 65527.21,
            "Total Cost": 65527.22,
            "Plan Rows": 1,
            "Plan Width": 8,
            "Actual Startup Time": 62.124,
            "Actual Total Time": 66.458,
            "Actual Rows": 1,
            "Actual Loops": 1,
            "Output": [
                "count(*)"
            ],
            "Plans": [
                {
                    "Node Type": "Gather",
                    "Parent Relationship": "Outer",
                    "Parallel Aware": false,
                    "Startup Cost": 65526.9,
                    "Total Cost": 65527.21,
                    "Plan Rows": 3,
                    "Plan Width": 8,
                    "Actual Startup Time": 61.799,
                    "Actual Total Time": 66.452,
                    "Actual Rows": 4,
                    "Actual Loops": 1,
                    "Output": [
                        "(PARTIAL count(*))"
                    ],
                    "Workers Planned": 3,
                    "Workers Launched": 3,
                    "Single Copy": false,
                    "Plans": [
                        {
                            "Node Type": "Aggregate",
                            "Strategy": "Plain",
                            "Partial Mode": "Partial",
                            "Parent Relationship": "Outer",
                            "Parallel Aware": false,
                            "Startup Cost": 64526.9,
                            "Total Cost": 64526.91,
                            "Plan Rows": 1,
                            "Plan Width": 8,
                            "Actual Startup Time": 52.874,
                            "Actual Total Time": 52.877,
                            "Actual Rows": 1,
                            "Actual Loops": 4,
                            "Output": [
                                "PARTIAL count(*)"
                            ],
                            "Workers": [
                                {
                                    "Worker Number": 0,
                                    "Actual Startup Time": 50.059,
                                    "Actual Total Time": 50.062,
                                    "Actual Rows": 1,
                                    "Actual Loops": 1
                                },
                                {
                                    "Worker Number": 1,
                                    "Actual Startup Time": 49.961,
                                    "Actual Total Time": 49.964,
                                    "Actual Rows": 1,
                                    "Actual Loops": 1
                                },
                                {
                                    "Worker Number": 2,
                                    "Actual Startup Time": 49.962,
                                    "Actual Total Time": 49.965,
                                    "Actual Rows": 1,
                                    "Actual Loops": 1
                                }
                            ],
                            "Plans": [
                                {
                                    "Node Type": "Hash Join",
                                    "Parent Relationship": "Outer",
                                    "Parallel Aware": true,
                                    "Join Type": "Inner",
                                    "Startup Cost": 39307.86,
                                    "Total Cost": 64526.09,
                                    "Plan Rows": 322,
                                    "Plan Width": 0,
                                    "Actual Startup Time": 41.246,
                                    "Actual Total Time": 52.829,
                                    "Actual Rows": 385,
                                    "Actual Loops": 4,
                                    "Inner Unique": true,
                                    "Hash Cond": "(mk.movie_id = t.id)",
                                    "Workers": [
                                        {
                                            "Worker Number": 0,
                                            "Actual Startup Time": 38.426,
                                            "Actual Total Time": 50.018,
                                            "Actual Rows": 250,
                                            "Actual Loops": 1
                                        },
                                        {
                                            "Worker Number": 1,
                                            "Actual Startup Time": 38.35,
                                            "Actual Total Time": 49.923,
                                            "Actual Rows": 277,
                                            "Actual Loops": 1
                                        },
                                        {
                                            "Worker Number": 2,
                                            "Actual Startup Time": 38.323,
                                            "Actual Total Time": 49.92,
                                            "Actual Rows": 296,
                                            "Actual Loops": 1
                                        }
                                    ],
                                    "Plans": [
                                        {
                                            "Node Type": "Bitmap Heap Scan",
                                            "Parent Relationship": "Outer",
                                            "Parallel Aware": true,
                                            "Relation Name": "movie_keyword",
                                            "Schema": "public",
                                            "Alias": "mk",
                                            "Startup Cost": 938.86,
                                            "Total Cost": 26119.67,
                                            "Plan Rows": 14253,
                                            "Plan Width": 4,
                                            "Actual Startup Time": 4.565,
                                            "Actual Total Time": 17.484,
                                            "Actual Rows": 10460,
                                            "Actual Loops": 4,
                                            "Output": [
                                                "mk.id",
                                                "mk.movie_id",
                                                "mk.keyword_id"
                                            ],
                                            "Recheck Cond": "(mk.keyword_id = 117)",
                                            "Rows Removed by Index Recheck": 0,
                                            "Exact Heap Blocks": 5856,
                                            "Lossy Heap Blocks": 0,
                                            "Workers": [
                                                {
                                                    "Worker Number": 0,
                                                    "Actual Startup Time": 4.62,
                                                    "Actual Total Time": 17.764,
                                                    "Actual Rows": 7034,
                                                    "Actual Loops": 1
                                                },
                                                {
                                                    "Worker Number": 1,
                                                    "Actual Startup Time": 4.626,
                                                    "Actual Total Time": 17.812,
                                                    "Actual Rows": 7642,
                                                    "Actual Loops": 1
                                                },
                                                {
                                                    "Worker Number": 2,
                                                    "Actual Startup Time": 4.512,
                                                    "Actual Total Time": 17.781,
                                                    "Actual Rows": 7771,
                                                    "Actual Loops": 1
                                                }
                                            ],
                                            "Plans": [
                                                {
                                                    "Node Type": "Bitmap Index Scan",
                                                    "Parent Relationship": "Outer",
                                                    "Parallel Aware": false,
                                                    "Index Name": "keyword_id_movie_keyword",
                                                    "Startup Cost": 0.0,
                                                    "Total Cost": 927.81,
                                                    "Plan Rows": 44184,
                                                    "Plan Width": 0,
                                                    "Actual Startup Time": 2.941,
                                                    "Actual Total Time": 2.941,
                                                    "Actual Rows": 41840,
                                                    "Actual Loops": 1,
                                                    "Index Cond": "(mk.keyword_id = 117)"
                                                }
                                            ]
                                        },
                                        {
                                            "Node Type": "Hash",
                                            "Parent Relationship": "Inner",
                                            "Parallel Aware": true,
                                            "Startup Cost": 38190.65,
                                            "Total Cost": 38190.65,
                                            "Plan Rows": 14268,
                                            "Plan Width": 4,
                                            "Actual Startup Time": 32.665,
                                            "Actual Total Time": 32.666,
                                            "Actual Rows": 11640,
                                            "Actual Loops": 4,
                                            "Output": [
                                                "t.id"
                                            ],
                                            "Hash Buckets": 65536,
                                            "Original Hash Buckets": 65536,
                                            "Hash Batches": 1,
                                            "Original Hash Batches": 1,
                                            "Peak Memory Usage": 2400,
                                            "Workers": [
                                                {
                                                    "Worker Number": 0,
                                                    "Actual Startup Time": 29.85,
                                                    "Actual Total Time": 29.851,
                                                    "Actual Rows": 4608,
                                                    "Actual Loops": 1
                                                },
                                                {
                                                    "Worker Number": 1,
                                                    "Actual Startup Time": 29.798,
                                                    "Actual Total Time": 29.799,
                                                    "Actual Rows": 5362,
                                                    "Actual Loops": 1
                                                },
                                                {
                                                    "Worker Number": 2,
                                                    "Actual Startup Time": 29.773,
                                                    "Actual Total Time": 29.774,
                                                    "Actual Rows": 5183,
                                                    "Actual Loops": 1
                                                }
                                            ],
                                            "Plans": [
                                                {
                                                    "Node Type": "Bitmap Heap Scan",
                                                    "Parent Relationship": "Outer",
                                                    "Parallel Aware": true,
                                                    "Relation Name": "title",
                                                    "Schema": "public",
                                                    "Alias": "t",
                                                    "Startup Cost": 1814.67,
                                                    "Total Cost": 38190.65,
                                                    "Plan Rows": 14268,
                                                    "Plan Width": 4,
                                                    "Actual Startup Time": 2.124,
                                                    "Actual Total Time": 28.695,
                                                    "Actual Rows": 11640,
                                                    "Actual Loops": 4,
                                                    "Output": [
                                                        "t.id"
                                                    ],
                                                    "Recheck Cond": "(t.kind_id = 3)",
                                                    "Rows Removed by Index Recheck": 0,
                                                    "Filter": "(t.production_year > 1999)",
                                                    "Rows Removed by Filter": 13494,
                                                    "Exact Heap Blocks": 8640,
                                                    "Lossy Heap Blocks": 0,
                                                    "Workers": [
                                                        {
                                                            "Worker Number": 0,
                                                            "Actual Startup Time": 0.288,
                                                            "Actual Total Time": 26.919,
                                                            "Actual Rows": 4608,
                                                            "Actual Loops": 1
                                                        },
                                                        {
                                                            "Worker Number": 1,
                                                            "Actual Startup Time": 0.114,
                                                            "Actual Total Time": 26.196,
                                                            "Actual Rows": 5362,
                                                            "Actual Loops": 1
                                                        },
                                                        {
                                                            "Worker Number": 2,
                                                            "Actual Startup Time": 0.14,
                                                            "Actual Total Time": 26.18,
                                                            "Actual Rows": 5183,
                                                            "Actual Loops": 1
                                                        }
                                                    ],
                                                    "Plans": [
                                                        {
                                                            "Node Type": "Bitmap Index Scan",
                                                            "Parent Relationship": "Outer",
                                                            "Parallel Aware": false,
                                                            "Index Name": "kind_id_title",
                                                            "Startup Cost": 0.0,
                                                            "Total Cost": 1800.4,
                                                            "Plan Rows": 100796,
                                                            "Plan Width": 0,
                                                            "Actual Startup Time": 5.64,
                                                            "Actual Total Time": 5.64,
                                                            "Actual Rows": 100537,
                                                            "Actual Loops": 1,
                                                            "Index Cond": "(t.kind_id = 3)"
                                                        }
                                                    ]
                                                }
                                            ]
                                        }
                                    ]
                                }
                            ]
                        }
                    ]
                }
            ]
        },
        "Planning Time": 197.411,
        "Triggers": [],
        "Execution Time": 66.52
    }
]