[
  {
    "Plan": {
      "Node Type": "Aggregate",
      "Strategy": "Plain",
      "Partial Mode": "Finalize",
      "Parallel Aware": false,
      "Startup Cost": 102578.31,
      "Total Cost": 102578.32,
      "Plan Rows": 1,
      "Plan Width": 8,
      "Actual Startup Time": 688.335,
      "Actual Total Time": 707.417,
      "Actual Rows": 1,
      "Actual Loops": 1,
      "Plans": [
        {
          "Node Type": "Gather",
          "Parent Relationship": "Outer",
          "Parallel Aware": false,
          "Startup Cost": 102578.1,
          "Total Cost": 102578.31,
          "Plan Rows": 2,
          "Plan Width": 8,
          "Actual Startup Time": 679.268,
          "Actual Total Time": 707.408,
          "Actual Rows": 3,
          "Actual Loops": 1,
          "Workers Planned": 2,
          "Workers Launched": 2,
          "Single Copy": false,
          "Plans": [
            {
              "Node Type": "Aggregate",
              "Strategy": "Plain",
              "Partial Mode": "Partial",
              "Parent Relationship": "Outer",
              "Parallel Aware": false,
              "Startup Cost": 101578.1,
              "Total Cost": 101578.11,
              "Plan Rows": 1,
              "Plan Width": 8,
              "Actual Startup Time": 671.272,
              "Actual Total Time": 671.416,
              "Actual Rows": 1,
              "Actual Loops": 3,
              "Plans": [
                {
                  "Node Type": "Hash Join",
                  "Parent Relationship": "Outer",
                  "Parallel Aware": true,
                  "Join Type": "Inner",
                  "Startup Cost": 85278.31,
                  "Total Cost": 101377.98,
                  "Plan Rows": 80048,
                  "Plan Width": 0,
                  "Actual Startup Time": 575.041,
                  "Actual Total Time": 660.761,
                  "Actual Rows": 265271,
                  "Actual Loops": 3,
                  "Inner Unique": false,
                  "Hash Cond": "(mi_idx.movie_id = t.id)",
                  "Plans": [
                    {
                      "Node Type": "Seq Scan",
                      "Parent Relationship": "Outer",
                      "Parallel Aware": true,
                      "Relation Name": "movie_info_idx",
                      "Alias": "mi_idx",
                      "Startup Cost": 0.0,
                      "Total Cost": 13685.15,
                      "Plan Rows": 575015,
                      "Plan Width": 4,
                      "Actual Startup Time": 0.031,
                      "Actual Total Time": 35.662,
                      "Actual Rows": 460012,
                      "Actual Loops": 3
                    },
                    {
                      "Node Type": "Hash",
                      "Parent Relationship": "Inner",
                      "Parallel Aware": true,
                      "Startup Cost": 83859.08,
                      "Total Cost": 83859.08,
                      "Plan Rows": 113538,
                      "Plan Width": 8,
                      "Actual Startup Time": 554.479,
                      "Actual Total Time": 554.621,
                      "Actual Rows": 114076,
                      "Actual Loops": 3,
                      "Hash Buckets": 524288,
                      "Original Hash Buckets": 524288,
                      "Hash Batches": 1,
                      "Original Hash Batches": 1,
                      "Peak Memory Usage": 17536,
                      "Plans": [
                        {
                          "Node Type": "Hash Join",
                          "Parent Relationship": "Outer",
                          "Parallel Aware": true,
                          "Join Type": "Inner",
                          "Startup Cost": 57687.82,
                          "Total Cost": 83859.08,
                          "Plan Rows": 113538,
                          "Plan Width": 8,
                          "Actual Startup Time": 436.799,
                          "Actual Total Time": 524.586,
                          "Actual Rows": 114076,
                          "Actual Loops": 3,
                          "Inner Unique": true,
                          "Hash Cond": "(mk.movie_id = t.id)",
                          "Plans": [
                            {
                              "Node Type": "Bitmap Heap Scan",
                              "Parent Relationship": "Outer",
                              "Parallel Aware": true,
                              "Relation Name": "movie_keyword",
                              "Alias": "mk",
                              "Startup Cost": 7468.18,
                              "Total Cost": 33341.4,
                              "Plan Rows": 113538,
                              "Plan Width": 4,
                              "Actual Startup Time": 23.506,
                              "Actual Total Time": 73.814,
                              "Actual Rows": 114076,
                              "Actual Loops": 3,
                              "Recheck Cond": "(keyword_id > 48543)",
                              "Rows Removed by Index Recheck": 0,
                              "Exact Heap Blocks": 9261,
                              "Lossy Heap Blocks": 0,
                              "Plans": [
                                {
                                  "Node Type": "Bitmap Index Scan",
                                  "Parent Relationship": "Outer",
                                  "Parallel Aware": false,
                                  "Index Name": "keyword_id_movie_keyword",
                                  "Startup Cost": 0.0,
                                  "Total Cost": 7380.19,
                                  "Plan Rows": 351967,
                                  "Plan Width": 0,
                                  "Actual Startup Time": 20.167,
                                  "Actual Total Time": 20.167,
                                  "Actual Rows": 342227,
                                  "Actual Loops": 1,
                                  "Index Cond": "(keyword_id > 48543)"
                                }
                              ]
                            },
                            {
                              "Node Type": "Hash",
                              "Parent Relationship": "Inner",
                              "Parallel Aware": true,
                              "Startup Cost": 42318.73,
                              "Total Cost": 42318.73,
                              "Plan Rows": 632073,
                              "Plan Width": 4,
                              "Actual Startup Time": 401.492,
                              "Actual Total Time": 401.492,
                              "Actual Rows": 842771,
                              "Actual Loops": 3,
                              "Hash Buckets": 4194304,
                              "Original Hash Buckets": 4194304,
                              "Hash Batches": 1,
                              "Original Hash Batches": 1,
                              "Peak Memory Usage": 131712,
                              "Plans": [
                                {
                                  "Node Type": "Seq Scan",
                                  "Parent Relationship": "Outer",
                                  "Parallel Aware": true,
                                  "Relation Name": "title",
                                  "Alias": "t",
                                  "Startup Cost": 0.0,
                                  "Total Cost": 42318.73,
                                  "Plan Rows": 632073,
                                  "Plan Width": 4,
                                  "Actual Startup Time": 0.046,
                                  "Actual Total Time": 115.955,
                                  "Actual Rows": 842771,
                                  "Actual Loops": 3
                                }
                              ]
                            }
                          ]
                        }
                      ]
                    }
                  ]
                }
              ]
            }
          ]
        }
      ]
    },
    "Planning Time": 1.315,
    "Triggers": [],
    "Execution Time": 707.516
  }
]