[
  {
    "Plan": {
      "Node Type": "Aggregate",
      "Strategy": "Plain",
      "Partial Mode": "Finalize",
      "Parallel Aware": false,
      "Startup Cost": 33041.84,
      "Total Cost": 33041.85,
      "Plan Rows": 1,
      "Plan Width": 8,
      "Actual Startup Time": 103.994,
      "Actual Total Time": 109.804,
      "Actual Rows": 1,
      "Actual Loops": 1,
      "Plans": [
        {
          "Node Type": "Gather",
          "Parent Relationship": "Outer",
          "Parallel Aware": false,
          "Startup Cost": 33041.52,
          "Total Cost": 33041.83,
          "Plan Rows": 3,
          "Plan Width": 8,
          "Actual Startup Time": 103.878,
          "Actual Total Time": 109.797,
          "Actual Rows": 4,
          "Actual Loops": 1,
          "Workers Planned": 3,
          "Workers Launched": 3,
          "Single Copy": false,
          "Plans": [
            {
              "Node Type": "Aggregate",
              "Strategy": "Plain",
              "Partial Mode": "Partial",
              "Parent Relationship": "Outer",
              "Parallel Aware": false,
              "Startup Cost": 32041.52,
              "Total Cost": 32041.53,
              "Plan Rows": 1,
              "Plan Width": 8,
              "Actual Startup Time": 96.528,
              "Actual Total Time": 96.529,
              "Actual Rows": 1,
              "Actual Loops": 4,
              "Plans": [
                {
                  "Node Type": "Seq Scan",
                  "Parent Relationship": "Outer",
                  "Parallel Aware": true,
                  "Relation Name": "movie_companies",
                  "Alias": "mc",
                  "Startup Cost": 0.0,
                  "Total Cost": 31414.82,
                  "Plan Rows": 250681,
                  "Plan Width": 0,
                  "Actual Startup Time": 0.043,
                  "Actual Total Time": 80.466,
                  "Actual Rows": 266713,
                  "Actual Loops": 4,
                  "Filter": "((company_id < 15208) AND (company_type_id = 1))",
                  "Rows Removed by Filter": 385570
                }
              ]
            }
          ]
        }
      ]
    },
    "Planning Time": 0.226,
    "Triggers": [],
    "Execution Time": 109.86
  }
]