[
  {
    "Plan": {
      "Node Type": "Aggregate",
      "Strategy": "Plain",
      "Partial Mode": "Finalize",
      "Parallel Aware": false,
      "Startup Cost": 32946.0,
      "Total Cost": 32946.01,
      "Plan Rows": 1,
      "Plan Width": 8,
      "Actual Startup Time": 104.259,
      "Actual Total Time": 112.059,
      "Actual Rows": 1,
      "Actual Loops": 1,
      "Plans": [
        {
          "Node Type": "Gather",
          "Parent Relationship": "Outer",
          "Parallel Aware": false,
          "Startup Cost": 32945.68,
          "Total Cost": 32945.99,
          "Plan Rows": 3,
          "Plan Width": 8,
          "Actual Startup Time": 104.151,
          "Actual Total Time": 112.051,
          "Actual Rows": 4,
          "Actual Loops": 1,
          "Workers Planned": 3,
          "Workers Launched": 3,
          "Single Copy": false,
          "Plans": [
            {
              "Node Type": "Aggregate",
              "Strategy": "Plain",
              "Partial Mode": "Partial",
              "Parent Relationship": "Outer",
              "Parallel Aware": false,
              "Startup Cost": 31945.68,
              "Total Cost": 31945.69,
              "Plan Rows": 1,
              "Plan Width": 8,
              "Actual Startup Time": 96.175,
              "Actual Total Time": 96.176,
              "Actual Rows": 1,
              "Actual Loops": 4,
              "Plans": [
                {
                  "Node Type": "Seq Scan",
                  "Parent Relationship": "Outer",
                  "Parallel Aware": true,
                  "Relation Name": "movie_companies",
                  "Alias": "mc",
                  "Startup Cost": 0.0,
                  "Total Cost": 31414.82,
                  "Plan Rows": 212346,
                  "Plan Width": 0,
                  "Actual Startup Time": 0.054,
                  "Actual Total Time": 82.121,
                  "Actual Rows": 224814,
                  "Actual Loops": 4,
                  "Filter": "((company_id < 11427) AND (company_type_id < 2))",
                  "Rows Removed by Filter": 427468
                }
              ]
            }
          ]
        }
      ]
    },
    "Planning Time": 0.21,
    "Triggers": [],
    "Execution Time": 112.11
  }
]