[
  {
    "Plan": {
      "Node Type": "Aggregate",
      "Strategy": "Plain",
      "Partial Mode": "Simple",
      "Parallel Aware": false,
      "Startup Cost": 3206.26,
      "Total Cost": 3206.27,
      "Plan Rows": 1,
      "Plan Width": 8,
      "Actual Startup Time": 9.741,
      "Actual Total Time": 9.743,
      "Actual Rows": 1,
      "Actual Loops": 1,
      "Plans": [
        {
          "Node Type": "Nested Loop",
          "Parent Relationship": "Outer",
          "Parallel Aware": false,
          "Join Type": "Inner",
          "Startup Cost": 7.23,
          "Total Cost": 3205.31,
          "Plan Rows": 382,
          "Plan Width": 0,
          "Actual Startup Time": 0.673,
          "Actual Total Time": 9.21,
          "Actual Rows": 9930,
          "Actual Loops": 1,
          "Inner Unique": false,
          "Plans": [
            {
              "Node Type": "Nested Loop",
              "Parent Relationship": "Outer",
              "Parallel Aware": false,
              "Join Type": "Inner",
              "Startup Cost": 6.79,
              "Total Cost": 3018.6,
              "Plan Rows": 65,
              "Plan Width": 8,
              "Actual Startup Time": 0.656,
              "Actual Total Time": 1.71,
              "Actual Rows": 84,
              "Actual Loops": 1,
              "Inner Unique": true,
              "Plans": [
                {
                  "Node Type": "Bitmap Heap Scan",
                  "Parent Relationship": "Outer",
                  "Parallel Aware": false,
                  "Relation Name": "movie_keyword",
                  "Alias": "mk",
                  "Startup Cost": 6.36,
                  "Total Cost": 926.55,
                  "Plan Rows": 249,
                  "Plan Width": 4,
                  "Actual Startup Time": 0.165,
                  "Actual Total Time": 0.513,
                  "Actual Rows": 152,
                  "Actual Loops": 1,
                  "Recheck Cond": "(keyword_id = 988)",
                  "Rows Removed by Index Recheck": 0,
                  "Exact Heap Blocks": 141,
                  "Lossy Heap Blocks": 0,
                  "Plans": [
                    {
                      "Node Type": "Bitmap Index Scan",
                      "Parent Relationship": "Outer",
                      "Parallel Aware": false,
                      "Index Name": "keyword_id_movie_keyword",
                      "Startup Cost": 0.0,
                      "Total Cost": 6.3,
                      "Plan Rows": 249,
                      "Plan Width": 0,
                      "Actual Startup Time": 0.149,
                      "Actual Total Time": 0.15,
                      "Actual Rows": 152,
                      "Actual Loops": 1,
                      "Index Cond": "(keyword_id = 988)"
                    }
                  ]
                },
                {
                  "Node Type": "Index Scan",
                  "Parent Relationship": "Inner",
                  "Parallel Aware": false,
                  "Scan Direction": "Forward",
                  "Index Name": "title_pkey",
                  "Relation Name": "title",
                  "Alias": "t",
                  "Startup Cost": 0.43,
                  "Total Cost": 8.4,
                  "Plan Rows": 1,
                  "Plan Width": 4,
                  "Actual Startup Time": 0.008,
                  "Actual Total Time": 0.008,
                  "Actual Rows": 1,
                  "Actual Loops": 152,
                  "Index Cond": "(id = mk.movie_id)",
                  "Rows Removed by Index Recheck": 0,
                  "Filter": "(kind_id < 2)",
                  "Rows Removed by Filter": 0
                }
              ]
            },
            {
              "Node Type": "Index Only Scan",
              "Parent Relationship": "Inner",
              "Parallel Aware": false,
              "Scan Direction": "Forward",
              "Index Name": "movie_id_movie_info",
              "Relation Name": "movie_info",
              "Alias": "mi",
              "Startup Cost": 0.43,
              "Total Cost": 2.46,
              "Plan Rows": 41,
              "Plan Width": 4,
              "Actual Startup Time": 0.028,
              "Actual Total Time": 0.079,
              "Actual Rows": 118,
              "Actual Loops": 84,
              "Index Cond": "(movie_id = t.id)",
              "Rows Removed by Index Recheck": 0,
              "Heap Fetches": 9930
            }
          ]
        }
      ]
    },
    "Planning Time": 0.431,
    "Triggers": [],
    "Execution Time": 9.775
  }
]