[
  {
    "Plan": {
      "Node Type": "Aggregate",
      "Strategy": "Plain",
      "Partial Mode": "Finalize",
      "Parallel Aware": false,
      "Startup Cost": 239323.41,
      "Total Cost": 239323.42,
      "Plan Rows": 1,
      "Plan Width": 8,
      "Actual Startup Time": 1160.833,
      "Actual Total Time": 1206.155,
      "Actual Rows": 1,
      "Actual Loops": 1,
      "Plans": [
        {
          "Node Type": "Gather",
          "Parent Relationship": "Outer",
          "Parallel Aware": false,
          "Startup Cost": 239323.09,
          "Total Cost": 239323.4,
          "Plan Rows": 3,
          "Plan Width": 8,
          "Actual Startup Time": 1149.75,
          "Actual Total Time": 1206.145,
          "Actual Rows": 4,
          "Actual Loops": 1,
          "Workers Planned": 3,
          "Workers Launched": 3,
          "Single Copy": false,
          "Plans": [
            {
              "Node Type": "Aggregate",
              "Strategy": "Plain",
              "Partial Mode": "Partial",
              "Parent Relationship": "Outer",
              "Parallel Aware": false,
              "Startup Cost": 238323.09,
              "Total Cost": 238323.1,
              "Plan Rows": 1,
              "Plan Width": 8,
              "Actual Startup Time": 1138.886,
              "Actual Total Time": 1138.89,
              "Actual Rows": 1,
              "Actual Loops": 4,
              "Plans": [
                {
                  "Node Type": "Nested Loop",
                  "Parent Relationship": "Outer",
                  "Parallel Aware": false,
                  "Join Type": "Inner",
                  "Startup Cost": 55905.56,
                  "Total Cost": 237081.36,
                  "Plan Rows": 496695,
                  "Plan Width": 0,
                  "Actual Startup Time": 340.34,
                  "Actual Total Time": 1083.75,
                  "Actual Rows": 1155698,
                  "Actual Loops": 4,
                  "Inner Unique": false,
                  "Plans": [
                    {
                      "Node Type": "Hash Join",
                      "Parent Relationship": "Outer",
                      "Parallel Aware": true,
                      "Join Type": "Inner",
                      "Startup Cost": 55905.13,
                      "Total Cost": 75974.58,
                      "Plan Rows": 84592,
                      "Plan Width": 8,
                      "Actual Startup Time": 340.234,
                      "Actual Total Time": 416.581,
                      "Actual Rows": 64261,
                      "Actual Loops": 4,
                      "Inner Unique": true,
                      "Hash Cond": "(mc.movie_id = t.id)",
                      "Plans": [
                        {
                          "Node Type": "Bitmap Heap Scan",
                          "Parent Relationship": "Outer",
                          "Parallel Aware": true,
                          "Relation Name": "movie_companies",
                          "Alias": "mc",
                          "Startup Cost": 5684.74,
                          "Total Cost": 25532.14,
                          "Plan Rows": 84592,
                          "Plan Width": 4,
                          "Actual Startup Time": 12.404,
                          "Actual Total Time": 38.214,
                          "Actual Rows": 64261,
                          "Actual Loops": 4,
                          "Recheck Cond": "(company_id < 127)",
                          "Rows Removed by Index Recheck": 0,
                          "Exact Heap Blocks": 5507,
                          "Lossy Heap Blocks": 0,
                          "Plans": [
                            {
                              "Node Type": "Bitmap Index Scan",
                              "Parent Relationship": "Outer",
                              "Parallel Aware": false,
                              "Index Name": "company_id_movie_companies",
                              "Startup Cost": 0.0,
                              "Total Cost": 5619.19,
                              "Plan Rows": 262234,
                              "Plan Width": 0,
                              "Actual Startup Time": 9.881,
                              "Actual Total Time": 9.882,
                              "Actual Rows": 257045,
                              "Actual Loops": 1,
                              "Index Cond": "(company_id < 127)"
                            }
                          ]
                        },
                        {
                          "Node Type": "Hash",
                          "Parent Relationship": "Inner",
                          "Parallel Aware": true,
                          "Startup Cost": 42319.06,
                          "Total Cost": 42319.06,
                          "Plan Rows": 632106,
                          "Plan Width": 4,
                          "Actual Startup Time": 319.943,
                          "Actual Total Time": 319.944,
                          "Actual Rows": 632078,
                          "Actual Loops": 4,
                          "Hash Buckets": 4194304,
                          "Original Hash Buckets": 4194304,
                          "Hash Batches": 1,
                          "Original Hash Batches": 1,
                          "Peak Memory Usage": 131744,
                          "Plans": [
                            {
                              "Node Type": "Seq Scan",
                              "Parent Relationship": "Outer",
                              "Parallel Aware": true,
                              "Relation Name": "title",
                              "Alias": "t",
                              "Startup Cost": 0.0,
                              "Total Cost": 42319.06,
                              "Plan Rows": 632106,
                              "Plan Width": 4,
                              "Actual Startup Time": 0.027,
                              "Actual Total Time": 96.029,
                              "Actual Rows": 632078,
                              "Actual Loops": 4
                            }
                          ]
                        }
                      ]
                    },
                    {
                      "Node Type": "Index Only Scan",
                      "Parent Relationship": "Inner",
                      "Parallel Aware": false,
                      "Scan Direction": "Forward",
                      "Index Name": "movie_id_movie_info",
                      "Relation Name": "movie_info",
                      "Alias": "mi",
                      "Startup Cost": 0.43,
                      "Total Cost": 1.49,
                      "Plan Rows": 41,
                      "Plan Width": 4,
                      "Actual Startup Time": 0.003,
                      "Actual Total Time": 0.009,
                      "Actual Rows": 18,
                      "Actual Loops": 257045,
                      "Index Cond": "(movie_id = t.id)",
                      "Rows Removed by Index Recheck": 0,
                      "Heap Fetches": 4622793
                    }
                  ]
                }
              ]
            }
          ]
        }
      ]
    },
    "Planning Time": 0.551,
    "Triggers": [],
    "Execution Time": 1206.223
  }
]