[
  {
    "Plan": {
      "Node Type": "Aggregate",
      "Strategy": "Plain",
      "Partial Mode": "Finalize",
      "Parallel Aware": false,
      "Startup Cost": 244106.83,
      "Total Cost": 244106.84,
      "Plan Rows": 1,
      "Plan Width": 8,
      "Actual Startup Time": 344.35,
      "Actual Total Time": 356.191,
      "Actual Rows": 1,
      "Actual Loops": 1,
      "Plans": [
        {
          "Node Type": "Gather",
          "Parent Relationship": "Outer",
          "Parallel Aware": false,
          "Startup Cost": 244106.31,
          "Total Cost": 244106.82,
          "Plan Rows": 5,
          "Plan Width": 8,
          "Actual Startup Time": 338.977,
          "Actual Total Time": 356.166,
          "Actual Rows": 6,
          "Actual Loops": 1,
          "Workers Planned": 5,
          "Workers Launched": 5,
          "Single Copy": false,
          "Plans": [
            {
              "Node Type": "Aggregate",
              "Strategy": "Plain",
              "Partial Mode": "Partial",
              "Parent Relationship": "Outer",
              "Parallel Aware": false,
              "Startup Cost": 243106.31,
              "Total Cost": 243106.32,
              "Plan Rows": 1,
              "Plan Width": 8,
              "Actual Startup Time": 329.447,
              "Actual Total Time": 329.451,
              "Actual Rows": 1,
              "Actual Loops": 6,
              "Plans": [
                {
                  "Node Type": "Hash Join",
                  "Parent Relationship": "Outer",
                  "Parallel Aware": true,
                  "Join Type": "Inner",
                  "Startup Cost": 76165.06,
                  "Total Cost": 242840.62,
                  "Plan Rows": 106277,
                  "Plan Width": 0,
                  "Actual Startup Time": 199.815,
                  "Actual Total Time": 317.443,
                  "Actual Rows": 224274,
                  "Actual Loops": 6,
                  "Inner Unique": true,
                  "Hash Cond": "(mi.movie_id = t.id)",
                  "Plans": [
                    {
                      "Node Type": "Bitmap Heap Scan",
                      "Parent Relationship": "Outer",
                      "Parallel Aware": true,
                      "Relation Name": "movie_info",
                      "Alias": "mi",
                      "Startup Cost": 27973.07,
                      "Total Cost": 193835.95,
                      "Plan Rows": 309591,
                      "Plan Width": 4,
                      "Actual Startup Time": 47.961,
                      "Actual Total Time": 83.641,
                      "Actual Rows": 255652,
                      "Actual Loops": 6,
                      "Recheck Cond": "(info_type_id = 3)",
                      "Rows Removed by Index Recheck": 0,
                      "Exact Heap Blocks": 1877,
                      "Lossy Heap Blocks": 0,
                      "Plans": [
                        {
                          "Node Type": "Bitmap Index Scan",
                          "Parent Relationship": "Outer",
                          "Parallel Aware": false,
                          "Index Name": "info_type_id_movie_info",
                          "Startup Cost": 0.0,
                          "Total Cost": 27586.08,
                          "Plan Rows": 1547953,
                          "Plan Width": 0,
                          "Actual Startup Time": 46.379,
                          "Actual Total Time": 46.38,
                          "Actual Rows": 1533909,
                          "Actual Loops": 1,
                          "Index Cond": "(info_type_id = 3)"
                        }
                      ]
                    },
                    {
                      "Node Type": "Hash",
                      "Parent Relationship": "Inner",
                      "Parallel Aware": true,
                      "Startup Cost": 45479.59,
                      "Total Cost": 45479.59,
                      "Plan Rows": 216992,
                      "Plan Width": 4,
                      "Actual Startup Time": 148.254,
                      "Actual Total Time": 148.255,
                      "Actual Rows": 149465,
                      "Actual Loops": 6,
                      "Hash Buckets": 1048576,
                      "Original Hash Buckets": 1048576,
                      "Hash Batches": 1,
                      "Original Hash Batches": 1,
                      "Peak Memory Usage": 43392,
                      "Plans": [
                        {
                          "Node Type": "Seq Scan",
                          "Parent Relationship": "Outer",
                          "Parallel Aware": true,
                          "Relation Name": "title",
                          "Alias": "t",
                          "Startup Cost": 0.0,
                          "Total Cost": 45479.59,
                          "Plan Rows": 216992,
                          "Plan Width": 4,
                          "Actual Startup Time": 0.038,
                          "Actual Total Time": 86.218,
                          "Actual Rows": 149465,
                          "Actual Loops": 6,
                          "Filter": "((kind_id < 7) AND (production_year < 2012))",
                          "Rows Removed by Filter": 271921
                        }
                      ]
                    }
                  ]
                }
              ]
            }
          ]
        }
      ]
    },
    "Planning Time": 0.638,
    "Triggers": [],
    "Execution Time": 356.284
  }
]