[
  {
    "Plan": {
      "Node Type": "Aggregate",
      "Strategy": "Plain",
      "Partial Mode": "Finalize",
      "Parallel Aware": false,
      "Startup Cost": 327174.2,
      "Total Cost": 327174.21,
      "Plan Rows": 1,
      "Plan Width": 8,
      "Actual Startup Time": 406.544,
      "Actual Total Time": 422.066,
      "Actual Rows": 1,
      "Actual Loops": 1,
      "Plans": [
        {
          "Node Type": "Gather",
          "Parent Relationship": "Outer",
          "Parallel Aware": false,
          "Startup Cost": 327173.58,
          "Total Cost": 327174.19,
          "Plan Rows": 6,
          "Plan Width": 8,
          "Actual Startup Time": 393.048,
          "Actual Total Time": 422.022,
          "Actual Rows": 7,
          "Actual Loops": 1,
          "Workers Planned": 6,
          "Workers Launched": 6,
          "Single Copy": false,
          "Plans": [
            {
              "Node Type": "Aggregate",
              "Strategy": "Plain",
              "Partial Mode": "Partial",
              "Parent Relationship": "Outer",
              "Parallel Aware": false,
              "Startup Cost": 326173.58,
              "Total Cost": 326173.59,
              "Plan Rows": 1,
              "Plan Width": 8,
              "Actual Startup Time": 376.372,
              "Actual Total Time": 376.377,
              "Actual Rows": 1,
              "Actual Loops": 7,
              "Plans": [
                {
                  "Node Type": "Hash Join",
                  "Parent Relationship": "Outer",
                  "Parallel Aware": true,
                  "Join Type": "Inner",
                  "Startup Cost": 70712.02,
                  "Total Cost": 325926.46,
                  "Plan Rows": 98846,
                  "Plan Width": 0,
                  "Actual Startup Time": 258.733,
                  "Actual Total Time": 370.325,
                  "Actual Rows": 100380,
                  "Actual Loops": 7,
                  "Inner Unique": true,
                  "Hash Cond": "(ci.movie_id = t.id)",
                  "Plans": [
                    {
                      "Node Type": "Bitmap Heap Scan",
                      "Parent Relationship": "Outer",
                      "Parallel Aware": true,
                      "Relation Name": "cast_info",
                      "Alias": "ci",
                      "Startup Cost": 22138.89,
                      "Total Cost": 276914.69,
                      "Plan Rows": 167104,
                      "Plan Width": 4,
                      "Actual Startup Time": 47.891,
                      "Actual Total Time": 87.491,
                      "Actual Rows": 136825,
                      "Actual Loops": 7,
                      "Recheck Cond": "(person_id > 3877773)",
                      "Rows Removed by Index Recheck": 0,
                      "Exact Heap Blocks": 2840,
                      "Lossy Heap Blocks": 0,
                      "Plans": [
                        {
                          "Node Type": "Bitmap Index Scan",
                          "Parent Relationship": "Outer",
                          "Parallel Aware": false,
                          "Index Name": "person_id_cast_info",
                          "Startup Cost": 0.0,
                          "Total Cost": 21888.24,
                          "Plan Rows": 1002623,
                          "Plan Width": 0,
                          "Actual Startup Time": 45.575,
                          "Actual Total Time": 45.575,
                          "Actual Rows": 957772,
                          "Actual Loops": 1,
                          "Index Cond": "(person_id > 3877773)"
                        }
                      ]
                    },
                    {
                      "Node Type": "Hash",
                      "Parent Relationship": "Inner",
                      "Parallel Aware": true,
                      "Startup Cost": 43899.32,
                      "Total Cost": 43899.32,
                      "Plan Rows": 373904,
                      "Plan Width": 4,
                      "Actual Startup Time": 205.872,
                      "Actual Total Time": 205.873,
                      "Actual Rows": 212147,
                      "Actual Loops": 7,
                      "Hash Buckets": 2097152,
                      "Original Hash Buckets": 2097152,
                      "Hash Batches": 1,
                      "Original Hash Batches": 1,
                      "Peak Memory Usage": 74592,
                      "Plans": [
                        {
                          "Node Type": "Seq Scan",
                          "Parent Relationship": "Outer",
                          "Parallel Aware": true,
                          "Relation Name": "title",
                          "Alias": "t",
                          "Startup Cost": 0.0,
                          "Total Cost": 43899.32,
                          "Plan Rows": 373904,
                          "Plan Width": 4,
                          "Actual Startup Time": 0.054,
                          "Actual Total Time": 89.486,
                          "Actual Rows": 212147,
                          "Actual Loops": 7,
                          "Filter": "(production_year > 1998)",
                          "Rows Removed by Filter": 149040
                        }
                      ]
                    }
                  ]
                }
              ]
            }
          ]
        }
      ]
    },
    "Planning Time": 0.583,
    "Triggers": [],
    "Execution Time": 422.177
  }
]