{
  "Plan": {
    "Node Type": "Aggregate",
    "Strategy": "Plain",
    "Partial Mode": "Finalize",
    "Parallel Aware": false,
    "Startup Cost": 132457.74,
    "Total Cost": 132457.75,
    "Plan Rows": 1,
    "Plan Width": 8,
    "Actual Startup Time": 320.436,
    "Actual Total Time": 336.166,
    "Actual Rows": 1,
    "Actual Loops": 1,
    "Plans": [
      {
        "Node Type": "Gather",
        "Parent Relationship": "Outer",
        "Parallel Aware": false,
        "Startup Cost": 132457.63,
        "Total Cost": 132457.74,
        "Plan Rows": 1,
        "Plan Width": 8,
        "Actual Startup Time": 320.124,
        "Actual Total Time": 336.149,
        "Actual Rows": 2,
        "Actual Loops": 1,
        "Workers Planned": 1,
        "Workers Launched": 1,
        "Single Copy": false,
        "Plans": [
          {
            "Node Type": "Aggregate",
            "Strategy": "Plain",
            "Partial Mode": "Partial",
            "Parent Relationship": "Outer",
            "Parallel Aware": false,
            "Startup Cost": 131457.63,
            "Total Cost": 131457.64,
            "Plan Rows": 1,
            "Plan Width": 8,
            "Actual Startup Time": 313.77,
            "Actual Total Time": 313.775,
            "Actual Rows": 1,
            "Actual Loops": 2,
            "Plans": [
              {
                "Node Type": "Nested Loop",
                "Parent Relationship": "Outer",
                "Parallel Aware": false,
                "Join Type": "Inner",
                "Startup Cost": 76836.48,
                "Total Cost": 131365.06,
                "Plan Rows": 37027,
                "Plan Width": 0,
                "Actual Startup Time": 185.393,
                "Actual Total Time": 313.456,
                "Actual Rows": 4158,
                "Actual Loops": 2,
                "Inner Unique": false,
                "Join Filter": "(t.id = mi.movie_id)",
                "Rows Removed by Join Filter": 0,
                "Plans": [
                  {
                    "Node Type": "Hash Join",
                    "Parent Relationship": "Outer",
                    "Parallel Aware": true,
                    "Join Type": "Inner",
                    "Startup Cost": 76836.04,
                    "Total Cost": 108932.79,
                    "Plan Rows": 8365,
                    "Plan Width": 8,
                    "Actual Startup Time": 185.245,
                    "Actual Total Time": 305.782,
                    "Actual Rows": 1058,
                    "Actual Loops": 2,
                    "Inner Unique": true,
                    "Hash Cond": "(mk.movie_id = t.id)",
                    "Plans": [
                      {
                        "Node Type": "Bitmap Heap Scan",
                        "Parent Relationship": "Outer",
                        "Parallel Aware": true,
                        "Relation Name": "movie_keyword",
                        "Alias": "mk",
                        "Startup Cost": 18221.84,
                        "Total Cost": 48992.16,
                        "Plan Rows": 505306,
                        "Plan Width": 4,
                        "Actual Startup Time": 47.083,
                        "Actual Total Time": 129.372,
                        "Actual Rows": 426129,
                        "Actual Loops": 2,
                        "Recheck Cond": "(keyword_id > 21553)",
                        "Rows Removed by Index Recheck": 0,
                        "Exact Heap Blocks": 14414,
                        "Lossy Heap Blocks": 0,
                        "Plans": [
                          {
                            "Node Type": "Bitmap Index Scan",
                            "Parent Relationship": "Outer",
                            "Parallel Aware": false,
                            "Index Name": "keyword_id_movie_keyword",
                            "Startup Cost": 0.0,
                            "Total Cost": 18007.08,
                            "Plan Rows": 859020,
                            "Plan Width": 0,
                            "Actual Startup Time": 43.49,
                            "Actual Total Time": 43.49,
                            "Actual Rows": 852258,
                            "Actual Loops": 1,
                            "Index Cond": "(keyword_id > 21553)"
                          }
                        ]
                      },
                      {
                        "Node Type": "Hash",
                        "Parent Relationship": "Inner",
                        "Parallel Aware": true,
                        "Startup Cost": 58306.47,
                        "Total Cost": 58306.47,
                        "Plan Rows": 24619,
                        "Plan Width": 4,
                        "Actual Startup Time": 136.658,
                        "Actual Total Time": 136.658,
                        "Actual Rows": 20128,
                        "Actual Loops": 2,
                        "Hash Buckets": 65536,
                        "Original Hash Buckets": 65536,
                        "Hash Batches": 1,
                        "Original Hash Batches": 1,
                        "Peak Memory Usage": 2144,
                        "Plans": [
                          {
                            "Node Type": "Seq Scan",
                            "Parent Relationship": "Outer",
                            "Parallel Aware": true,
                            "Relation Name": "title",
                            "Alias": "t",
                            "Startup Cost": 0.0,
                            "Total Cost": 58306.47,
                            "Plan Rows": 24619,
                            "Plan Width": 4,
                            "Actual Startup Time": 0.057,
                            "Actual Total Time": 130.446,
                            "Actual Rows": 20128,
                            "Actual Loops": 2,
                            "Filter": "((production_year > 2012) AND (kind_id = 7))",
                            "Rows Removed by Filter": 1244028
                          }
                        ]
                      }
                    ]
                  },
                  {
                    "Node Type": "Index Scan",
                    "Parent Relationship": "Inner",
                    "Parallel Aware": false,
                    "Scan Direction": "Forward",
                    "Index Name": "movie_id_movie_info",
                    "Relation Name": "movie_info",
                    "Alias": "mi",
                    "Startup Cost": 0.43,
                    "Total Cost": 2.28,
                    "Plan Rows": 32,
                    "Plan Width": 4,
                    "Actual Startup Time": 0.004,
                    "Actual Total Time": 0.007,
                    "Actual Rows": 4,
                    "Actual Loops": 2116,
                    "Index Cond": "(movie_id = mk.movie_id)",
                    "Rows Removed by Index Recheck": 0,
                    "Filter": "(info_type_id > 3)",
                    "Rows Removed by Filter": 0
                  }
                ]
              }
            ]
          }
        ]
      }
    ]
  },
  "Planning Time": 1.021,
  "Triggers": [],
  "Execution Time": 336.277
}