[
  {
    "Plan": {
      "Node Type": "Aggregate",
      "Strategy": "Plain",
      "Partial Mode": "Finalize",
      "Parallel Aware": false,
      "Startup Cost": 319657.25,
      "Total Cost": 319657.26,
      "Plan Rows": 1,
      "Plan Width": 8,
      "Actual Startup Time": 329.325,
      "Actual Total Time": 340.847,
      "Actual Rows": 1,
      "Actual Loops": 1,
      "Plans": [
        {
          "Node Type": "Gather",
          "Parent Relationship": "Outer",
          "Parallel Aware": false,
          "Startup Cost": 319656.63,
          "Total Cost": 319657.24,
          "Plan Rows": 6,
          "Plan Width": 8,
          "Actual Startup Time": 328.396,
          "Actual Total Time": 340.836,
          "Actual Rows": 7,
          "Actual Loops": 1,
          "Workers Planned": 6,
          "Workers Launched": 6,
          "Single Copy": false,
          "Plans": [
            {
              "Node Type": "Aggregate",
              "Strategy": "Plain",
              "Partial Mode": "Partial",
              "Parent Relationship": "Outer",
              "Parallel Aware": false,
              "Startup Cost": 318656.63,
              "Total Cost": 318656.64,
              "Plan Rows": 1,
              "Plan Width": 8,
              "Actual Startup Time": 318.709,
              "Actual Total Time": 318.71,
              "Actual Rows": 1,
              "Actual Loops": 7,
              "Plans": [
                {
                  "Node Type": "Bitmap Heap Scan",
                  "Parent Relationship": "Outer",
                  "Parallel Aware": true,
                  "Relation Name": "cast_info",
                  "Alias": "ci",
                  "Startup Cost": 58874.64,
                  "Total Cost": 318275.43,
                  "Plan Rows": 152478,
                  "Plan Width": 0,
                  "Actual Startup Time": 168.219,
                  "Actual Total Time": 297.577,
                  "Actual Rows": 364973,
                  "Actual Loops": 7,
                  "Recheck Cond": "(person_id > 3564079)",
                  "Rows Removed by Index Recheck": 0,
                  "Filter": "(role_id > 3)",
                  "Rows Removed by Filter": 0,
                  "Exact Heap Blocks": 6499,
                  "Lossy Heap Blocks": 0,
                  "Plans": [
                    {
                      "Node Type": "Bitmap Index Scan",
                      "Parent Relationship": "Outer",
                      "Parallel Aware": false,
                      "Index Name": "person_id_cast_info",
                      "Startup Cost": 0.0,
                      "Total Cost": 58645.93,
                      "Plan Rows": 2685515,
                      "Plan Width": 0,
                      "Actual Startup Time": 167.066,
                      "Actual Total Time": 167.067,
                      "Actual Rows": 2554808,
                      "Actual Loops": 1,
                      "Index Cond": "(person_id > 3564079)"
                    }
                  ]
                }
              ]
            }
          ]
        }
      ]
    },
    "Planning Time": 0.233,
    "Triggers": [],
    "Execution Time": 340.937
  }
]