{
  "Plan": {
    "Node Type": "Aggregate",
    "Strategy": "Plain",
    "Partial Mode": "Finalize",
    "Parallel Aware": false,
    "Startup Cost": 74392.39,
    "Total Cost": 74392.4,
    "Plan Rows": 1,
    "Plan Width": 8,
    "Actual Startup Time": 153.469,
    "Actual Total Time": 166.922,
    "Actual Rows": 1,
    "Actual Loops": 1,
    "Plans": [
      {
        "Node Type": "Gather",
        "Parent Relationship": "Outer",
        "Parallel Aware": false,
        "Startup Cost": 74392.28,
        "Total Cost": 74392.39,
        "Plan Rows": 1,
        "Plan Width": 8,
        "Actual Startup Time": 153.334,
        "Actual Total Time": 166.914,
        "Actual Rows": 2,
        "Actual Loops": 1,
        "Workers Planned": 1,
        "Workers Launched": 1,
        "Single Copy": false,
        "Plans": [
          {
            "Node Type": "Aggregate",
            "Strategy": "Plain",
            "Partial Mode": "Partial",
            "Parent Relationship": "Outer",
            "Parallel Aware": false,
            "Startup Cost": 73392.28,
            "Total Cost": 73392.29,
            "Plan Rows": 1,
            "Plan Width": 8,
            "Actual Startup Time": 147.363,
            "Actual Total Time": 147.364,
            "Actual Rows": 1,
            "Actual Loops": 2,
            "Plans": [
              {
                "Node Type": "Nested Loop",
                "Parent Relationship": "Outer",
                "Parallel Aware": false,
                "Join Type": "Inner",
                "Startup Cost": 0.43,
                "Total Cost": 73391.26,
                "Plan Rows": 407,
                "Plan Width": 0,
                "Actual Startup Time": 11.832,
                "Actual Total Time": 147.261,
                "Actual Rows": 784,
                "Actual Loops": 2,
                "Inner Unique": false,
                "Plans": [
                  {
                    "Node Type": "Seq Scan",
                    "Parent Relationship": "Outer",
                    "Parallel Aware": true,
                    "Relation Name": "title",
                    "Alias": "t",
                    "Startup Cost": 0.0,
                    "Total Cost": 58306.47,
                    "Plan Rows": 2216,
                    "Plan Width": 4,
                    "Actual Startup Time": 1.314,
                    "Actual Total Time": 136.215,
                    "Actual Rows": 2195,
                    "Actual Loops": 2,
                    "Filter": "((kind_id < 7) AND (production_year = 1962))",
                    "Rows Removed by Filter": 1261961
                  },
                  {
                    "Node Type": "Index Scan",
                    "Parent Relationship": "Inner",
                    "Parallel Aware": false,
                    "Scan Direction": "Forward",
                    "Index Name": "movie_id_movie_info_idx",
                    "Relation Name": "movie_info_idx",
                    "Alias": "mi_idx",
                    "Startup Cost": 0.43,
                    "Total Cost": 6.8,
                    "Plan Rows": 1,
                    "Plan Width": 4,
                    "Actual Startup Time": 0.005,
                    "Actual Total Time": 0.005,
                    "Actual Rows": 0,
                    "Actual Loops": 4390,
                    "Index Cond": "(movie_id = t.id)",
                    "Rows Removed by Index Recheck": 0,
                    "Filter": "(info_type_id = 100)",
                    "Rows Removed by Filter": 1
                  }
                ]
              }
            ]
          }
        ]
      }
    ]
  },
  "Planning Time": 0.495,
  "Triggers": [],
  "Execution Time": 166.992
}