[
  {
    "Plan": {
      "Node Type": "Aggregate",
      "Strategy": "Plain",
      "Partial Mode": "Finalize",
      "Parallel Aware": false,
      "Startup Cost": 210107.2,
      "Total Cost": 210107.21,
      "Plan Rows": 1,
      "Plan Width": 8,
      "Actual Startup Time": 381.332,
      "Actual Total Time": 412.097,
      "Actual Rows": 1,
      "Actual Loops": 1,
      "Plans": [
        {
          "Node Type": "Gather",
          "Parent Relationship": "Outer",
          "Parallel Aware": false,
          "Startup Cost": 210106.58,
          "Total Cost": 210107.19,
          "Plan Rows": 6,
          "Plan Width": 8,
          "Actual Startup Time": 381.212,
          "Actual Total Time": 412.086,
          "Actual Rows": 7,
          "Actual Loops": 1,
          "Workers Planned": 6,
          "Workers Launched": 6,
          "Single Copy": false,
          "Plans": [
            {
              "Node Type": "Aggregate",
              "Strategy": "Plain",
              "Partial Mode": "Partial",
              "Parent Relationship": "Outer",
              "Parallel Aware": false,
              "Startup Cost": 209106.58,
              "Total Cost": 209106.59,
              "Plan Rows": 1,
              "Plan Width": 8,
              "Actual Startup Time": 372.446,
              "Actual Total Time": 372.447,
              "Actual Rows": 1,
              "Actual Loops": 7,
              "Plans": [
                {
                  "Node Type": "Index Scan",
                  "Parent Relationship": "Outer",
                  "Parallel Aware": true,
                  "Scan Direction": "Forward",
                  "Index Name": "role_id_cast_info",
                  "Relation Name": "cast_info",
                  "Alias": "ci",
                  "Startup Cost": 0.56,
                  "Total Cost": 206461.54,
                  "Plan Rows": 1058017,
                  "Plan Width": 0,
                  "Actual Startup Time": 0.141,
                  "Actual Total Time": 311.279,
                  "Actual Rows": 1006426,
                  "Actual Loops": 7,
                  "Index Cond": "(role_id > 6)",
                  "Rows Removed by Index Recheck": 0,
                  "Filter": "(person_id > 623594)",
                  "Rows Removed by Filter": 95379
                }
              ]
            }
          ]
        }
      ]
    },
    "Planning Time": 0.134,
    "Triggers": [],
    "Execution Time": 412.151
  }
]