{
  "Plan": {
    "Node Type": "Aggregate",
    "Strategy": "Plain",
    "Partial Mode": "Finalize",
    "Parallel Aware": false,
    "Startup Cost": 64137.79,
    "Total Cost": 64137.8,
    "Plan Rows": 1,
    "Plan Width": 8,
    "Actual Startup Time": 245.292,
    "Actual Total Time": 254.365,
    "Actual Rows": 1,
    "Actual Loops": 1,
    "Plans": [
      {
        "Node Type": "Gather",
        "Parent Relationship": "Outer",
        "Parallel Aware": false,
        "Startup Cost": 64137.67,
        "Total Cost": 64137.78,
        "Plan Rows": 1,
        "Plan Width": 8,
        "Actual Startup Time": 245.171,
        "Actual Total Time": 254.356,
        "Actual Rows": 2,
        "Actual Loops": 1,
        "Workers Planned": 1,
        "Workers Launched": 1,
        "Single Copy": false,
        "Plans": [
          {
            "Node Type": "Aggregate",
            "Strategy": "Plain",
            "Partial Mode": "Partial",
            "Parent Relationship": "Outer",
            "Parallel Aware": false,
            "Startup Cost": 63137.67,
            "Total Cost": 63137.68,
            "Plan Rows": 1,
            "Plan Width": 8,
            "Actual Startup Time": 240.847,
            "Actual Total Time": 240.851,
            "Actual Rows": 1,
            "Actual Loops": 2,
            "Plans": [
              {
                "Node Type": "Hash Join",
                "Parent Relationship": "Outer",
                "Parallel Aware": false,
                "Join Type": "Inner",
                "Startup Cost": 1389.68,
                "Total Cost": 63137.63,
                "Plan Rows": 16,
                "Plan Width": 0,
                "Actual Startup Time": 46.658,
                "Actual Total Time": 240.833,
                "Actual Rows": 154,
                "Actual Loops": 2,
                "Inner Unique": false,
                "Hash Cond": "(mk.movie_id = t.id)",
                "Plans": [
                  {
                    "Node Type": "Seq Scan",
                    "Parent Relationship": "Outer",
                    "Parallel Aware": true,
                    "Relation Name": "movie_keyword",
                    "Alias": "mk",
                    "Startup Cost": 0.0,
                    "Total Cost": 57718.19,
                    "Plan Rows": 1074560,
                    "Plan Width": 4,
                    "Actual Startup Time": 0.029,
                    "Actual Total Time": 187.027,
                    "Actual Rows": 917802,
                    "Actual Loops": 2,
                    "Filter": "(keyword_id < 3033)",
                    "Rows Removed by Filter": 1344163
                  },
                  {
                    "Node Type": "Hash",
                    "Parent Relationship": "Inner",
                    "Parallel Aware": false,
                    "Startup Cost": 1389.22,
                    "Total Cost": 1389.22,
                    "Plan Rows": 37,
                    "Plan Width": 8,
                    "Actual Startup Time": 3.186,
                    "Actual Total Time": 3.188,
                    "Actual Rows": 159,
                    "Actual Loops": 2,
                    "Hash Buckets": 1024,
                    "Original Hash Buckets": 1024,
                    "Hash Batches": 1,
                    "Original Hash Batches": 1,
                    "Peak Memory Usage": 15,
                    "Plans": [
                      {
                        "Node Type": "Nested Loop",
                        "Parent Relationship": "Outer",
                        "Parallel Aware": false,
                        "Join Type": "Inner",
                        "Startup Cost": 0.99,
                        "Total Cost": 1389.22,
                        "Plan Rows": 37,
                        "Plan Width": 8,
                        "Actual Startup Time": 0.288,
                        "Actual Total Time": 3.042,
                        "Actual Rows": 159,
                        "Actual Loops": 2,
                        "Inner Unique": true,
                        "Plans": [
                          {
                            "Node Type": "Index Scan",
                            "Parent Relationship": "Outer",
                            "Parallel Aware": false,
                            "Scan Direction": "Forward",
                            "Index Name": "person_id_cast_info",
                            "Relation Name": "cast_info",
                            "Alias": "ci",
                            "Startup Cost": 0.56,
                            "Total Cost": 1059.67,
                            "Plan Rows": 39,
                            "Plan Width": 4,
                            "Actual Startup Time": 0.199,
                            "Actual Total Time": 0.37,
                            "Actual Rows": 159,
                            "Actual Loops": 2,
                            "Index Cond": "(person_id = 3205436)",
                            "Rows Removed by Index Recheck": 0,
                            "Filter": "(role_id = 4)",
                            "Rows Removed by Filter": 26
                          },
                          {
                            "Node Type": "Index Scan",
                            "Parent Relationship": "Inner",
                            "Parallel Aware": false,
                            "Scan Direction": "Forward",
                            "Index Name": "title_pkey",
                            "Relation Name": "title",
                            "Alias": "t",
                            "Startup Cost": 0.43,
                            "Total Cost": 8.45,
                            "Plan Rows": 1,
                            "Plan Width": 4,
                            "Actual Startup Time": 0.016,
                            "Actual Total Time": 0.016,
                            "Actual Rows": 1,
                            "Actual Loops": 318,
                            "Index Cond": "(id = ci.movie_id)",
                            "Rows Removed by Index Recheck": 0,
                            "Filter": "(production_year < 2013)",
                            "Rows Removed by Filter": 0
                          }
                        ]
                      }
                    ]
                  }
                ]
              }
            ]
          }
        ]
      }
    ]
  },
  "Planning Time": 1.139,
  "Triggers": [],
  "Execution Time": 254.456
}