[
  {
    "Plan": {
      "Node Type": "Aggregate",
      "Strategy": "Plain",
      "Partial Mode": "Finalize",
      "Parallel Aware": false,
      "Startup Cost": 287801.62,
      "Total Cost": 287801.63,
      "Plan Rows": 1,
      "Plan Width": 8,
      "Actual Startup Time": 2803.919,
      "Actual Total Time": 2874.06,
      "Actual Rows": 1,
      "Actual Loops": 1,
      "Plans": [
        {
          "Node Type": "Gather",
          "Parent Relationship": "Outer",
          "Parallel Aware": false,
          "Startup Cost": 287801.1,
          "Total Cost": 287801.61,
          "Plan Rows": 5,
          "Plan Width": 8,
          "Actual Startup Time": 2794.731,
          "Actual Total Time": 2874.024,
          "Actual Rows": 6,
          "Actual Loops": 1,
          "Workers Planned": 5,
          "Workers Launched": 5,
          "Single Copy": false,
          "Plans": [
            {
              "Node Type": "Aggregate",
              "Strategy": "Plain",
              "Partial Mode": "Partial",
              "Parent Relationship": "Outer",
              "Parallel Aware": false,
              "Startup Cost": 286801.1,
              "Total Cost": 286801.11,
              "Plan Rows": 1,
              "Plan Width": 8,
              "Actual Startup Time": 2784.548,
              "Actual Total Time": 2784.854,
              "Actual Rows": 1,
              "Actual Loops": 6,
              "Plans": [
                {
                  "Node Type": "Hash Join",
                  "Parent Relationship": "Outer",
                  "Parallel Aware": true,
                  "Join Type": "Inner",
                  "Startup Cost": 80656.46,
                  "Total Cost": 285349.39,
                  "Plan Rows": 580682,
                  "Plan Width": 0,
                  "Actual Startup Time": 521.452,
                  "Actual Total Time": 2380.112,
                  "Actual Rows": 5888527,
                  "Actual Loops": 6,
                  "Inner Unique": false,
                  "Hash Cond": "(mi.movie_id = t.id)",
                  "Plans": [
                    {
                      "Node Type": "Seq Scan",
                      "Parent Relationship": "Outer",
                      "Parallel Aware": true,
                      "Relation Name": "movie_info",
                      "Alias": "mi",
                      "Startup Cost": 0.0,
                      "Total Cost": 191685.19,
                      "Plan Rows": 2969219,
                      "Plan Width": 4,
                      "Actual Startup Time": 0.053,
                      "Actual Total Time": 509.367,
                      "Actual Rows": 2472620,
                      "Actual Loops": 6
                    },
                    {
                      "Node Type": "Hash",
                      "Parent Relationship": "Inner",
                      "Parallel Aware": true,
                      "Startup Cost": 78662.6,
                      "Total Cost": 78662.6,
                      "Plan Rows": 159509,
                      "Plan Width": 8,
                      "Actual Startup Time": 517.522,
                      "Actual Total Time": 517.826,
                      "Actual Rows": 118669,
                      "Actual Loops": 6,
                      "Hash Buckets": 1048576,
                      "Original Hash Buckets": 524288,
                      "Hash Batches": 1,
                      "Original Hash Batches": 1,
                      "Peak Memory Usage": 40224,
                      "Plans": [
                        {
                          "Node Type": "Hash Join",
                          "Parent Relationship": "Outer",
                          "Parallel Aware": true,
                          "Join Type": "Inner",
                          "Startup Cost": 48079.35,
                          "Total Cost": 78662.6,
                          "Plan Rows": 159509,
                          "Plan Width": 8,
                          "Actual Startup Time": 234.824,
                          "Actual Total Time": 389.441,
                          "Actual Rows": 118669,
                          "Actual Loops": 6,
                          "Inner Unique": true,
                          "Hash Cond": "(mc.movie_id = t.id)",
                          "Plans": [
                            {
                              "Node Type": "Seq Scan",
                              "Parent Relationship": "Outer",
                              "Parallel Aware": true,
                              "Relation Name": "movie_companies",
                              "Alias": "mc",
                              "Startup Cost": 0.0,
                              "Total Cost": 29310.68,
                              "Plan Rows": 484787,
                              "Plan Width": 4,
                              "Actual Startup Time": 0.02,
                              "Actual Total Time": 70.43,
                              "Actual Rows": 251214,
                              "Actual Loops": 6,
                              "Filter": "(company_id < 14060)",
                              "Rows Removed by Filter": 183641
                            },
                            {
                              "Node Type": "Hash",
                              "Parent Relationship": "Inner",
                              "Parallel Aware": true,
                              "Startup Cost": 45479.59,
                              "Total Cost": 45479.59,
                              "Plan Rows": 207981,
                              "Plan Width": 4,
                              "Actual Startup Time": 230.196,
                              "Actual Total Time": 230.197,
                              "Actual Rows": 124014,
                              "Actual Loops": 6,
                              "Hash Buckets": 1048576,
                              "Original Hash Buckets": 1048576,
                              "Hash Batches": 1,
                              "Original Hash Batches": 1,
                              "Peak Memory Usage": 37408,
                              "Plans": [
                                {
                                  "Node Type": "Seq Scan",
                                  "Parent Relationship": "Outer",
                                  "Parallel Aware": true,
                                  "Relation Name": "title",
                                  "Alias": "t",
                                  "Startup Cost": 0.0,
                                  "Total Cost": 45479.59,
                                  "Plan Rows": 207981,
                                  "Plan Width": 4,
                                  "Actual Startup Time": 0.06,
                                  "Actual Total Time": 104.333,
                                  "Actual Rows": 124014,
                                  "Actual Loops": 6,
                                  "Filter": "((kind_id < 7) AND (production_year > 1967))",
                                  "Rows Removed by Filter": 297371
                                }
                              ]
                            }
                          ]
                        }
                      ]
                    }
                  ]
                }
              ]
            }
          ]
        }
      ]
    },
    "Planning Time": 0.618,
    "Triggers": [],
    "Execution Time": 2874.125
  }
]