[
  {
    "Plan": {
      "Node Type": "Aggregate",
      "Strategy": "Plain",
      "Partial Mode": "Finalize",
      "Parallel Aware": false,
      "Startup Cost": 287702.55,
      "Total Cost": 287702.56,
      "Plan Rows": 1,
      "Plan Width": 8,
      "Actual Startup Time": 2095.519,
      "Actual Total Time": 2147.105,
      "Actual Rows": 1,
      "Actual Loops": 1,
      "Plans": [
        {
          "Node Type": "Gather",
          "Parent Relationship": "Outer",
          "Parallel Aware": false,
          "Startup Cost": 287702.03,
          "Total Cost": 287702.54,
          "Plan Rows": 5,
          "Plan Width": 8,
          "Actual Startup Time": 2085.612,
          "Actual Total Time": 2147.086,
          "Actual Rows": 6,
          "Actual Loops": 1,
          "Workers Planned": 5,
          "Workers Launched": 5,
          "Single Copy": false,
          "Plans": [
            {
              "Node Type": "Aggregate",
              "Strategy": "Plain",
              "Partial Mode": "Partial",
              "Parent Relationship": "Outer",
              "Parallel Aware": false,
              "Startup Cost": 286702.03,
              "Total Cost": 286702.04,
              "Plan Rows": 1,
              "Plan Width": 8,
              "Actual Startup Time": 2075.424,
              "Actual Total Time": 2075.756,
              "Actual Rows": 1,
              "Actual Loops": 6,
              "Plans": [
                {
                  "Node Type": "Hash Join",
                  "Parent Relationship": "Outer",
                  "Parallel Aware": true,
                  "Join Type": "Inner",
                  "Startup Cost": 80702.34,
                  "Total Cost": 285238.65,
                  "Plan Rows": 585350,
                  "Plan Width": 0,
                  "Actual Startup Time": 359.817,
                  "Actual Total Time": 1759.899,
                  "Actual Rows": 5888527,
                  "Actual Loops": 6,
                  "Inner Unique": false,
                  "Hash Cond": "(mi.movie_id = t.id)",
                  "Plans": [
                    {
                      "Node Type": "Seq Scan",
                      "Parent Relationship": "Outer",
                      "Parallel Aware": true,
                      "Relation Name": "movie_info",
                      "Alias": "mi",
                      "Startup Cost": 0.0,
                      "Total Cost": 191560.33,
                      "Plan Rows": 2956733,
                      "Plan Width": 4,
                      "Actual Startup Time": 0.03,
                      "Actual Total Time": 353.042,
                      "Actual Rows": 2472620,
                      "Actual Loops": 6
                    },
                    {
                      "Node Type": "Hash",
                      "Parent Relationship": "Inner",
                      "Parallel Aware": true,
                      "Startup Cost": 78684.07,
                      "Total Cost": 78684.07,
                      "Plan Rows": 161462,
                      "Plan Width": 8,
                      "Actual Startup Time": 355.689,
                      "Actual Total Time": 356.019,
                      "Actual Rows": 118669,
                      "Actual Loops": 6,
                      "Hash Buckets": 1048576,
                      "Original Hash Buckets": 524288,
                      "Hash Batches": 1,
                      "Original Hash Batches": 1,
                      "Peak Memory Usage": 40256,
                      "Plans": [
                        {
                          "Node Type": "Hash Join",
                          "Parent Relationship": "Outer",
                          "Parallel Aware": true,
                          "Join Type": "Inner",
                          "Startup Cost": 48091.57,
                          "Total Cost": 78684.07,
                          "Plan Rows": 161462,
                          "Plan Width": 8,
                          "Actual Startup Time": 160.099,
                          "Actual Total Time": 297.837,
                          "Actual Rows": 118669,
                          "Actual Loops": 6,
                          "Inner Unique": true,
                          "Hash Cond": "(mc.movie_id = t.id)",
                          "Plans": [
                            {
                              "Node Type": "Seq Scan",
                              "Parent Relationship": "Outer",
                              "Parallel Aware": true,
                              "Relation Name": "movie_companies",
                              "Alias": "mc",
                              "Startup Cost": 0.0,
                              "Total Cost": 29310.68,
                              "Plan Rows": 488309,
                              "Plan Width": 4,
                              "Actual Startup Time": 0.025,
                              "Actual Total Time": 59.554,
                              "Actual Rows": 251214,
                              "Actual Loops": 6,
                              "Filter": "(company_id < 14060)",
                              "Rows Removed by Filter": 183641
                            },
                            {
                              "Node Type": "Hash",
                              "Parent Relationship": "Inner",
                              "Parallel Aware": true,
                              "Startup Cost": 45479.1,
                              "Total Cost": 45479.1,
                              "Plan Rows": 208998,
                              "Plan Width": 4,
                              "Actual Startup Time": 157.813,
                              "Actual Total Time": 157.814,
                              "Actual Rows": 124014,
                              "Actual Loops": 6,
                              "Hash Buckets": 1048576,
                              "Original Hash Buckets": 1048576,
                              "Hash Batches": 1,
                              "Original Hash Batches": 1,
                              "Peak Memory Usage": 37376,
                              "Plans": [
                                {
                                  "Node Type": "Seq Scan",
                                  "Parent Relationship": "Outer",
                                  "Parallel Aware": true,
                                  "Relation Name": "title",
                                  "Alias": "t",
                                  "Startup Cost": 0.0,
                                  "Total Cost": 45479.1,
                                  "Plan Rows": 208998,
                                  "Plan Width": 4,
                                  "Actual Startup Time": 0.055,
                                  "Actual Total Time": 92.401,
                                  "Actual Rows": 124014,
                                  "Actual Loops": 6,
                                  "Filter": "((kind_id < 7) AND (production_year > 1967))",
                                  "Rows Removed by Filter": 297371
                                }
                              ]
                            }
                          ]
                        }
                      ]
                    }
                  ]
                }
              ]
            }
          ]
        }
      ]
    },
    "Planning Time": 1.48,
    "Triggers": [],
    "Execution Time": 2147.197
  }
]