[
    {
        "Bao": {
            "Bao prediction": "NaN",
            "Bao recommended hint": "(no hint)"
        }
    },
    {
        "Plan": {
            "Node Type": "Aggregate",
            "Strategy": "Plain",
            "Partial Mode": "Finalize",
            "Parallel Aware": false,
            "Startup Cost": 38908.34,
            "Total Cost": 38908.35,
            "Plan Rows": 1,
            "Plan Width": 8,
            "Actual Startup Time": 113.069,
            "Actual Total Time": 118.663,
            "Actual Rows": 1,
            "Actual Loops": 1,
            "Output": [
                "count(*)"
            ],
            "Plans": [
                {
                    "Node Type": "Gather",
                    "Parent Relationship": "Outer",
                    "Parallel Aware": false,
                    "Startup Cost": 38908.02,
                    "Total Cost": 38908.33,
                    "Plan Rows": 3,
                    "Plan Width": 8,
                    "Actual Startup Time": 112.754,
                    "Actual Total Time": 118.655,
                    "Actual Rows": 4,
                    "Actual Loops": 1,
                    "Output": [
                        "(PARTIAL count(*))"
                    ],
                    "Workers Planned": 3,
                    "Workers Launched": 3,
                    "Single Copy": false,
                    "Plans": [
                        {
                            "Node Type": "Aggregate",
                            "Strategy": "Plain",
                            "Partial Mode": "Partial",
                            "Parent Relationship": "Outer",
                            "Parallel Aware": false,
                            "Startup Cost": 37908.02,
                            "Total Cost": 37908.03,
                            "Plan Rows": 1,
                            "Plan Width": 8,
                            "Actual Startup Time": 104.337,
                            "Actual Total Time": 104.339,
                            "Actual Rows": 1,
                            "Actual Loops": 4,
                            "Output": [
                                "PARTIAL count(*)"
                            ],
                            "Workers": [
                                {
                                    "Worker Number": 0,
                                    "Actual Startup Time": 101.193,
                                    "Actual Total Time": 101.195,
                                    "Actual Rows": 1,
                                    "Actual Loops": 1
                                },
                                {
                                    "Worker Number": 1,
                                    "Actual Startup Time": 101.665,
                                    "Actual Total Time": 101.667,
                                    "Actual Rows": 1,
                                    "Actual Loops": 1
                                },
                                {
                                    "Worker Number": 2,
                                    "Actual Startup Time": 102.017,
                                    "Actual Total Time": 102.019,
                                    "Actual Rows": 1,
                                    "Actual Loops": 1
                                }
                            ],
                            "Plans": [
                                {
                                    "Node Type": "Bitmap Heap Scan",
                                    "Parent Relationship": "Outer",
                                    "Parallel Aware": true,
                                    "Relation Name": "movie_keyword",
                                    "Schema": "public",
                                    "Alias": "mk",
                                    "Startup Cost": 10955.01,
                                    "Total Cost": 37491.52,
                                    "Plan Rows": 166601,
                                    "Plan Width": 0,
                                    "Actual Startup Time": 28.802,
                                    "Actual Total Time": 97.189,
                                    "Actual Rows": 127256,
                                    "Actual Loops": 4,
                                    "Recheck Cond": "(mk.keyword_id > 35674)",
                                    "Rows Removed by Index Recheck": 0,
                                    "Exact Heap Blocks": 10378,
                                    "Lossy Heap Blocks": 0,
                                    "Workers": [
                                        {
                                            "Worker Number": 0,
                                            "Actual Startup Time": 25.812,
                                            "Actual Total Time": 95.05,
                                            "Actual Rows": 92556,
                                            "Actual Loops": 1
                                        },
                                        {
                                            "Worker Number": 1,
                                            "Actual Startup Time": 26.228,
                                            "Actual Total Time": 95.195,
                                            "Actual Rows": 94013,
                                            "Actual Loops": 1
                                        },
                                        {
                                            "Worker Number": 2,
                                            "Actual Startup Time": 26.502,
                                            "Actual Total Time": 95.54,
                                            "Actual Rows": 94096,
                                            "Actual Loops": 1
                                        }
                                    ],
                                    "Plans": [
                                        {
                                            "Node Type": "Bitmap Index Scan",
                                            "Parent Relationship": "Outer",
                                            "Parallel Aware": false,
                                            "Index Name": "keyword_id_movie_keyword",
                                            "Startup Cost": 0.0,
                                            "Total Cost": 10825.9,
                                            "Plan Rows": 516462,
                                            "Plan Width": 0,
                                            "Actual Startup Time": 33.301,
                                            "Actual Total Time": 33.301,
                                            "Actual Rows": 509023,
                                            "Actual Loops": 1,
                                            "Index Cond": "(mk.keyword_id > 35674)"
                                        }
                                    ]
                                }
                            ]
                        }
                    ]
                }
            ]
        },
        "Planning Time": 178.814,
        "Triggers": [],
        "Execution Time": 118.739
    }
]