[
  {
    "Plan": {
      "Node Type": "Aggregate",
      "Strategy": "Plain",
      "Partial Mode": "Finalize",
      "Parallel Aware": false,
      "Startup Cost": 19631.91,
      "Total Cost": 19631.92,
      "Plan Rows": 1,
      "Plan Width": 8,
      "Actual Startup Time": 10.348,
      "Actual Total Time": 12.025,
      "Actual Rows": 1,
      "Actual Loops": 1,
      "Plans": [
        {
          "Node Type": "Gather",
          "Parent Relationship": "Outer",
          "Parallel Aware": false,
          "Startup Cost": 19631.8,
          "Total Cost": 19631.91,
          "Plan Rows": 1,
          "Plan Width": 8,
          "Actual Startup Time": 5.502,
          "Actual Total Time": 12.021,
          "Actual Rows": 2,
          "Actual Loops": 1,
          "Workers Planned": 1,
          "Workers Launched": 1,
          "Single Copy": false,
          "Plans": [
            {
              "Node Type": "Aggregate",
              "Strategy": "Plain",
              "Partial Mode": "Partial",
              "Parent Relationship": "Outer",
              "Parallel Aware": false,
              "Startup Cost": 18631.8,
              "Total Cost": 18631.81,
              "Plan Rows": 1,
              "Plan Width": 8,
              "Actual Startup Time": 2.694,
              "Actual Total Time": 2.696,
              "Actual Rows": 1,
              "Actual Loops": 2,
              "Plans": [
                {
                  "Node Type": "Nested Loop",
                  "Parent Relationship": "Outer",
                  "Parallel Aware": false,
                  "Join Type": "Inner",
                  "Startup Cost": 56.41,
                  "Total Cost": 18631.15,
                  "Plan Rows": 261,
                  "Plan Width": 0,
                  "Actual Startup Time": 0.34,
                  "Actual Total Time": 2.685,
                  "Actual Rows": 88,
                  "Actual Loops": 2,
                  "Inner Unique": true,
                  "Plans": [
                    {
                      "Node Type": "Bitmap Heap Scan",
                      "Parent Relationship": "Outer",
                      "Parallel Aware": true,
                      "Relation Name": "movie_companies",
                      "Alias": "mc",
                      "Startup Cost": 55.98,
                      "Total Cost": 7014.99,
                      "Plan Rows": 1484,
                      "Plan Width": 4,
                      "Actual Startup Time": 0.256,
                      "Actual Total Time": 0.656,
                      "Actual Rows": 1262,
                      "Actual Loops": 2,
                      "Recheck Cond": "(company_id = 10584)",
                      "Rows Removed by Index Recheck": 0,
                      "Exact Heap Blocks": 416,
                      "Lossy Heap Blocks": 0,
                      "Plans": [
                        {
                          "Node Type": "Bitmap Index Scan",
                          "Parent Relationship": "Outer",
                          "Parallel Aware": false,
                          "Index Name": "company_id_movie_companies",
                          "Startup Cost": 0.0,
                          "Total Cost": 55.34,
                          "Plan Rows": 2522,
                          "Plan Width": 0,
                          "Actual Startup Time": 0.404,
                          "Actual Total Time": 0.404,
                          "Actual Rows": 2523,
                          "Actual Loops": 1,
                          "Index Cond": "(company_id = 10584)"
                        }
                      ]
                    },
                    {
                      "Node Type": "Index Scan",
                      "Parent Relationship": "Inner",
                      "Parallel Aware": false,
                      "Scan Direction": "Forward",
                      "Index Name": "title_pkey",
                      "Relation Name": "title",
                      "Alias": "t",
                      "Startup Cost": 0.43,
                      "Total Cost": 7.83,
                      "Plan Rows": 1,
                      "Plan Width": 4,
                      "Actual Startup Time": 0.001,
                      "Actual Total Time": 0.001,
                      "Actual Rows": 0,
                      "Actual Loops": 2523,
                      "Index Cond": "(id = mc.movie_id)",
                      "Rows Removed by Index Recheck": 0,
                      "Filter": "((kind_id < 7) AND (production_year < 2002))",
                      "Rows Removed by Filter": 1
                    }
                  ]
                }
              ]
            }
          ]
        }
      ]
    },
    "Planning Time": 0.209,
    "Triggers": [],
    "Execution Time": 12.052
  }
]