[
  {
    "Plan": {
      "Node Type": "Aggregate",
      "Strategy": "Plain",
      "Partial Mode": "Finalize",
      "Parallel Aware": false,
      "Startup Cost": 45371.75,
      "Total Cost": 45371.76,
      "Plan Rows": 1,
      "Plan Width": 8,
      "Actual Startup Time": 167.259,
      "Actual Total Time": 175.199,
      "Actual Rows": 1,
      "Actual Loops": 1,
      "Plans": [
        {
          "Node Type": "Gather",
          "Parent Relationship": "Outer",
          "Parallel Aware": false,
          "Startup Cost": 45371.43,
          "Total Cost": 45371.74,
          "Plan Rows": 3,
          "Plan Width": 8,
          "Actual Startup Time": 167.122,
          "Actual Total Time": 175.19,
          "Actual Rows": 4,
          "Actual Loops": 1,
          "Workers Planned": 3,
          "Workers Launched": 3,
          "Single Copy": false,
          "Plans": [
            {
              "Node Type": "Aggregate",
              "Strategy": "Plain",
              "Partial Mode": "Partial",
              "Parent Relationship": "Outer",
              "Parallel Aware": false,
              "Startup Cost": 44371.43,
              "Total Cost": 44371.44,
              "Plan Rows": 1,
              "Plan Width": 8,
              "Actual Startup Time": 158.956,
              "Actual Total Time": 158.957,
              "Actual Rows": 1,
              "Actual Loops": 4,
              "Plans": [
                {
                  "Node Type": "Seq Scan",
                  "Parent Relationship": "Outer",
                  "Parallel Aware": true,
                  "Relation Name": "movie_keyword",
                  "Alias": "mk",
                  "Startup Cost": 0.0,
                  "Total Cost": 42695.65,
                  "Plan Rows": 670311,
                  "Plan Width": 0,
                  "Actual Startup Time": 0.918,
                  "Actual Total Time": 130.111,
                  "Actual Rows": 518689,
                  "Actual Loops": 4,
                  "Filter": "(keyword_id > 5839)",
                  "Rows Removed by Filter": 612293
                }
              ]
            }
          ]
        }
      ]
    },
    "Planning Time": 0.186,
    "Triggers": [],
    "Execution Time": 175.265
  }
]