[
  {
    "Plan": {
      "Node Type": "Aggregate",
      "Strategy": "Plain",
      "Partial Mode": "Finalize",
      "Parallel Aware": false,
      "Startup Cost": 351797.44,
      "Total Cost": 351797.45,
      "Plan Rows": 1,
      "Plan Width": 8,
      "Actual Startup Time": 808.034,
      "Actual Total Time": 875.919,
      "Actual Rows": 1,
      "Actual Loops": 1,
      "Plans": [
        {
          "Node Type": "Gather",
          "Parent Relationship": "Outer",
          "Parallel Aware": false,
          "Startup Cost": 351796.82,
          "Total Cost": 351797.43,
          "Plan Rows": 6,
          "Plan Width": 8,
          "Actual Startup Time": 807.93,
          "Actual Total Time": 875.91,
          "Actual Rows": 7,
          "Actual Loops": 1,
          "Workers Planned": 6,
          "Workers Launched": 6,
          "Single Copy": false,
          "Plans": [
            {
              "Node Type": "Aggregate",
              "Strategy": "Plain",
              "Partial Mode": "Partial",
              "Parent Relationship": "Outer",
              "Parallel Aware": false,
              "Startup Cost": 350796.82,
              "Total Cost": 350796.83,
              "Plan Rows": 1,
              "Plan Width": 8,
              "Actual Startup Time": 798.241,
              "Actual Total Time": 798.242,
              "Actual Rows": 1,
              "Actual Loops": 7,
              "Plans": [
                {
                  "Node Type": "Seq Scan",
                  "Parent Relationship": "Outer",
                  "Parallel Aware": true,
                  "Relation Name": "cast_info",
                  "Alias": "ci",
                  "Startup Cost": 0.0,
                  "Total Cost": 343257.03,
                  "Plan Rows": 3015915,
                  "Plan Width": 0,
                  "Actual Startup Time": 0.051,
                  "Actual Total Time": 674.334,
                  "Actual Rows": 2849198,
                  "Actual Loops": 7,
                  "Filter": "((person_id < 2098162) AND (role_id < 10))",
                  "Rows Removed by Filter": 2328565
                }
              ]
            }
          ]
        }
      ]
    },
    "Planning Time": 0.181,
    "Triggers": [],
    "Execution Time": 875.979
  }
]