{
  "Plan": {
    "Node Type": "Aggregate",
    "Strategy": "Plain",
    "Partial Mode": "Finalize",
    "Parallel Aware": false,
    "Startup Cost": 528326.45,
    "Total Cost": 528326.46,
    "Plan Rows": 1,
    "Plan Width": 8,
    "Actual Startup Time": 1530.722,
    "Actual Total Time": 1554.903,
    "Actual Rows": 1,
    "Actual Loops": 1,
    "Plans": [
      {
        "Node Type": "Gather",
        "Parent Relationship": "Outer",
        "Parallel Aware": false,
        "Startup Cost": 528326.33,
        "Total Cost": 528326.44,
        "Plan Rows": 1,
        "Plan Width": 8,
        "Actual Startup Time": 1526.648,
        "Actual Total Time": 1554.894,
        "Actual Rows": 2,
        "Actual Loops": 1,
        "Workers Planned": 1,
        "Workers Launched": 1,
        "Single Copy": false,
        "Plans": [
          {
            "Node Type": "Aggregate",
            "Strategy": "Plain",
            "Partial Mode": "Partial",
            "Parent Relationship": "Outer",
            "Parallel Aware": false,
            "Startup Cost": 527326.33,
            "Total Cost": 527326.34,
            "Plan Rows": 1,
            "Plan Width": 8,
            "Actual Startup Time": 1518.272,
            "Actual Total Time": 1519.066,
            "Actual Rows": 1,
            "Actual Loops": 2,
            "Plans": [
              {
                "Node Type": "Hash Join",
                "Parent Relationship": "Outer",
                "Parallel Aware": true,
                "Join Type": "Inner",
                "Startup Cost": 225019.46,
                "Total Cost": 523184.61,
                "Plan Rows": 1656690,
                "Plan Width": 0,
                "Actual Startup Time": 912.419,
                "Actual Total Time": 1472.39,
                "Actual Rows": 1076338,
                "Actual Loops": 2,
                "Inner Unique": false,
                "Hash Cond": "(ci.movie_id = t.id)",
                "Plans": [
                  {
                    "Node Type": "Bitmap Heap Scan",
                    "Parent Relationship": "Outer",
                    "Parallel Aware": true,
                    "Relation Name": "cast_info",
                    "Alias": "ci",
                    "Startup Cost": 82567.72,
                    "Total Cost": 362741.58,
                    "Plan Rows": 2198949,
                    "Plan Width": 4,
                    "Actual Startup Time": 126.522,
                    "Actual Total Time": 327.9,
                    "Actual Rows": 1797063,
                    "Actual Loops": 2,
                    "Recheck Cond": "(person_id > 3410968)",
                    "Rows Removed by Index Recheck": 0,
                    "Exact Heap Blocks": 27528,
                    "Lossy Heap Blocks": 0,
                    "Plans": [
                      {
                        "Node Type": "Bitmap Index Scan",
                        "Parent Relationship": "Outer",
                        "Parallel Aware": false,
                        "Index Name": "person_id_cast_info",
                        "Startup Cost": 0.0,
                        "Total Cost": 81633.16,
                        "Plan Rows": 3738213,
                        "Plan Width": 0,
                        "Actual Startup Time": 117.22,
                        "Actual Total Time": 117.221,
                        "Actual Rows": 3594126,
                        "Actual Loops": 1,
                        "Index Cond": "(person_id > 3410968)"
                      }
                    ]
                  },
                  {
                    "Node Type": "Hash",
                    "Parent Relationship": "Inner",
                    "Parallel Aware": true,
                    "Startup Cost": 128445.73,
                    "Total Cost": 128445.73,
                    "Plan Rows": 1120481,
                    "Plan Width": 8,
                    "Actual Startup Time": 771.468,
                    "Actual Total Time": 772.259,
                    "Actual Rows": 213432,
                    "Actual Loops": 2,
                    "Hash Buckets": 2097152,
                    "Original Hash Buckets": 2097152,
                    "Hash Batches": 1,
                    "Original Hash Batches": 1,
                    "Peak Memory Usage": 33120,
                    "Plans": [
                      {
                        "Node Type": "Hash Join",
                        "Parent Relationship": "Outer",
                        "Parallel Aware": true,
                        "Join Type": "Inner",
                        "Startup Cost": 65888.86,
                        "Total Cost": 128445.73,
                        "Plan Rows": 1120481,
                        "Plan Width": 8,
                        "Actual Startup Time": 359.493,
                        "Actual Total Time": 725.531,
                        "Actual Rows": 213432,
                        "Actual Loops": 2,
                        "Inner Unique": true,
                        "Hash Cond": "(mk.movie_id = t.id)",
                        "Plans": [
                          {
                            "Node Type": "Seq Scan",
                            "Parent Relationship": "Outer",
                            "Parallel Aware": true,
                            "Relation Name": "movie_keyword",
                            "Alias": "mk",
                            "Startup Cost": 0.0,
                            "Total Cost": 57718.19,
                            "Plan Rows": 1843301,
                            "Plan Width": 4,
                            "Actual Startup Time": 0.014,
                            "Actual Total Time": 188.651,
                            "Actual Rows": 1564723,
                            "Actual Loops": 2,
                            "Filter": "(keyword_id < 12015)",
                            "Rows Removed by Filter": 697242
                          },
                          {
                            "Node Type": "Hash",
                            "Parent Relationship": "Inner",
                            "Parallel Aware": true,
                            "Startup Cost": 54588.39,
                            "Total Cost": 54588.39,
                            "Plan Rows": 904038,
                            "Plan Width": 4,
                            "Actual Startup Time": 352.069,
                            "Actual Total Time": 352.07,
                            "Actual Rows": 771632,
                            "Actual Loops": 2,
                            "Hash Buckets": 2097152,
                            "Original Hash Buckets": 2097152,
                            "Hash Batches": 1,
                            "Original Hash Batches": 1,
                            "Peak Memory Usage": 76768,
                            "Plans": [
                              {
                                "Node Type": "Seq Scan",
                                "Parent Relationship": "Outer",
                                "Parallel Aware": true,
                                "Relation Name": "title",
                                "Alias": "t",
                                "Startup Cost": 0.0,
                                "Total Cost": 54588.39,
                                "Plan Rows": 904038,
                                "Plan Width": 4,
                                "Actual Startup Time": 0.027,
                                "Actual Total Time": 155.212,
                                "Actual Rows": 771632,
                                "Actual Loops": 2,
                                "Filter": "(kind_id = 7)",
                                "Rows Removed by Filter": 492524
                              }
                            ]
                          }
                        ]
                      }
                    ]
                  }
                ]
              }
            ]
          }
        ]
      }
    ]
  },
  "Planning Time": 1.238,
  "Triggers": [],
  "Execution Time": 1555.007
}