{
  "Plan": {
    "Node Type": "Aggregate",
    "Strategy": "Plain",
    "Partial Mode": "Finalize",
    "Parallel Aware": false,
    "Startup Cost": 73878.98,
    "Total Cost": 73878.99,
    "Plan Rows": 1,
    "Plan Width": 8,
    "Actual Startup Time": 238.164,
    "Actual Total Time": 251.112,
    "Actual Rows": 1,
    "Actual Loops": 1,
    "Plans": [
      {
        "Node Type": "Gather",
        "Parent Relationship": "Outer",
        "Parallel Aware": false,
        "Startup Cost": 73878.87,
        "Total Cost": 73878.98,
        "Plan Rows": 1,
        "Plan Width": 8,
        "Actual Startup Time": 238.01,
        "Actual Total Time": 251.105,
        "Actual Rows": 2,
        "Actual Loops": 1,
        "Workers Planned": 1,
        "Workers Launched": 1,
        "Single Copy": false,
        "Plans": [
          {
            "Node Type": "Aggregate",
            "Strategy": "Plain",
            "Partial Mode": "Partial",
            "Parent Relationship": "Outer",
            "Parallel Aware": false,
            "Startup Cost": 72878.87,
            "Total Cost": 72878.88,
            "Plan Rows": 1,
            "Plan Width": 8,
            "Actual Startup Time": 232.474,
            "Actual Total Time": 232.477,
            "Actual Rows": 1,
            "Actual Loops": 2,
            "Plans": [
              {
                "Node Type": "Hash Join",
                "Parent Relationship": "Outer",
                "Parallel Aware": true,
                "Join Type": "Inner",
                "Startup Cost": 54684.58,
                "Total Cost": 72868.37,
                "Plan Rows": 4200,
                "Plan Width": 0,
                "Actual Startup Time": 173.489,
                "Actual Total Time": 232.325,
                "Actual Rows": 3074,
                "Actual Loops": 2,
                "Inner Unique": true,
                "Hash Cond": "(mi_idx.movie_id = t.id)",
                "Plans": [
                  {
                    "Node Type": "Seq Scan",
                    "Parent Relationship": "Outer",
                    "Parallel Aware": true,
                    "Relation Name": "movie_info_idx",
                    "Alias": "mi_idx",
                    "Startup Cost": 0.0,
                    "Total Cost": 16052.85,
                    "Plan Rows": 811785,
                    "Plan Width": 4,
                    "Actual Startup Time": 0.022,
                    "Actual Total Time": 46.449,
                    "Actual Rows": 690018,
                    "Actual Loops": 2
                  },
                  {
                    "Node Type": "Hash",
                    "Parent Relationship": "Inner",
                    "Parallel Aware": true,
                    "Startup Cost": 54588.39,
                    "Total Cost": 54588.39,
                    "Plan Rows": 7695,
                    "Plan Width": 4,
                    "Actual Startup Time": 134.07,
                    "Actual Total Time": 134.07,
                    "Actual Rows": 7494,
                    "Actual Loops": 2,
                    "Hash Buckets": 16384,
                    "Original Hash Buckets": 16384,
                    "Hash Batches": 1,
                    "Original Hash Batches": 1,
                    "Peak Memory Usage": 736,
                    "Plans": [
                      {
                        "Node Type": "Seq Scan",
                        "Parent Relationship": "Outer",
                        "Parallel Aware": true,
                        "Relation Name": "title",
                        "Alias": "t",
                        "Startup Cost": 0.0,
                        "Total Cost": 54588.39,
                        "Plan Rows": 7695,
                        "Plan Width": 4,
                        "Actual Startup Time": 72.91,
                        "Actual Total Time": 132.303,
                        "Actual Rows": 7494,
                        "Actual Loops": 2,
                        "Filter": "(production_year < 1905)",
                        "Rows Removed by Filter": 1256662
                      }
                    ]
                  }
                ]
              }
            ]
          }
        ]
      }
    ]
  },
  "Planning Time": 0.405,
  "Triggers": [],
  "Execution Time": 251.178
}