[
  {
    "Plan": {
      "Node Type": "Aggregate",
      "Strategy": "Plain",
      "Partial Mode": "Finalize",
      "Parallel Aware": false,
      "Startup Cost": 97152.93,
      "Total Cost": 97152.94,
      "Plan Rows": 1,
      "Plan Width": 8,
      "Actual Startup Time": 671.358,
      "Actual Total Time": 688.354,
      "Actual Rows": 1,
      "Actual Loops": 1,
      "Plans": [
        {
          "Node Type": "Gather",
          "Parent Relationship": "Outer",
          "Parallel Aware": false,
          "Startup Cost": 97152.62,
          "Total Cost": 97152.93,
          "Plan Rows": 3,
          "Plan Width": 8,
          "Actual Startup Time": 650.619,
          "Actual Total Time": 688.338,
          "Actual Rows": 4,
          "Actual Loops": 1,
          "Workers Planned": 3,
          "Workers Launched": 3,
          "Single Copy": false,
          "Plans": [
            {
              "Node Type": "Aggregate",
              "Strategy": "Plain",
              "Partial Mode": "Partial",
              "Parent Relationship": "Outer",
              "Parallel Aware": false,
              "Startup Cost": 96152.62,
              "Total Cost": 96152.63,
              "Plan Rows": 1,
              "Plan Width": 8,
              "Actual Startup Time": 642.681,
              "Actual Total Time": 642.685,
              "Actual Rows": 1,
              "Actual Loops": 4,
              "Plans": [
                {
                  "Node Type": "Hash Join",
                  "Parent Relationship": "Outer",
                  "Parallel Aware": true,
                  "Join Type": "Inner",
                  "Startup Cost": 49909.5,
                  "Total Cost": 94662.33,
                  "Plan Rows": 596115,
                  "Plan Width": 0,
                  "Actual Startup Time": 344.132,
                  "Actual Total Time": 612.274,
                  "Actual Rows": 535194,
                  "Actual Loops": 4,
                  "Inner Unique": true,
                  "Hash Cond": "(mk.movie_id = t.id)",
                  "Plans": [
                    {
                      "Node Type": "Seq Scan",
                      "Parent Relationship": "Outer",
                      "Parallel Aware": true,
                      "Relation Name": "movie_keyword",
                      "Alias": "mk",
                      "Startup Cost": 0.0,
                      "Total Cost": 42695.65,
                      "Plan Rows": 783687,
                      "Plan Width": 4,
                      "Actual Startup Time": 0.313,
                      "Actual Total Time": 136.367,
                      "Actual Rows": 604552,
                      "Actual Loops": 4,
                      "Filter": "(keyword_id > 3793)",
                      "Rows Removed by Filter": 526430
                    },
                    {
                      "Node Type": "Hash",
                      "Parent Relationship": "Inner",
                      "Parallel Aware": true,
                      "Startup Cost": 43899.32,
                      "Total Cost": 43899.32,
                      "Plan Rows": 480814,
                      "Plan Width": 4,
                      "Actual Startup Time": 338.345,
                      "Actual Total Time": 338.346,
                      "Actual Rows": 480712,
                      "Actual Loops": 4,
                      "Hash Buckets": 2097152,
                      "Original Hash Buckets": 2097152,
                      "Hash Batches": 1,
                      "Original Hash Batches": 1,
                      "Peak Memory Usage": 91712,
                      "Plans": [
                        {
                          "Node Type": "Seq Scan",
                          "Parent Relationship": "Outer",
                          "Parallel Aware": true,
                          "Relation Name": "title",
                          "Alias": "t",
                          "Startup Cost": 0.0,
                          "Total Cost": 43899.32,
                          "Plan Rows": 480814,
                          "Plan Width": 4,
                          "Actual Startup Time": 0.026,
                          "Actual Total Time": 140.348,
                          "Actual Rows": 480712,
                          "Actual Loops": 4,
                          "Filter": "(production_year < 2010)",
                          "Rows Removed by Filter": 151366
                        }
                      ]
                    }
                  ]
                }
              ]
            }
          ]
        }
      ]
    },
    "Planning Time": 0.297,
    "Triggers": [],
    "Execution Time": 688.402
  }
]