[
  {
    "Plan": {
      "Node Type": "Aggregate",
      "Strategy": "Plain",
      "Partial Mode": "Finalize",
      "Parallel Aware": false,
      "Startup Cost": 97136.5,
      "Total Cost": 97136.51,
      "Plan Rows": 1,
      "Plan Width": 8,
      "Actual Startup Time": 533.408,
      "Actual Total Time": 549.111,
      "Actual Rows": 1,
      "Actual Loops": 1,
      "Plans": [
        {
          "Node Type": "Gather",
          "Parent Relationship": "Outer",
          "Parallel Aware": false,
          "Startup Cost": 97136.18,
          "Total Cost": 97136.49,
          "Plan Rows": 3,
          "Plan Width": 8,
          "Actual Startup Time": 523.715,
          "Actual Total Time": 549.105,
          "Actual Rows": 4,
          "Actual Loops": 1,
          "Workers Planned": 3,
          "Workers Launched": 3,
          "Single Copy": false,
          "Plans": [
            {
              "Node Type": "Aggregate",
              "Strategy": "Plain",
              "Partial Mode": "Partial",
              "Parent Relationship": "Outer",
              "Parallel Aware": false,
              "Startup Cost": 96136.18,
              "Total Cost": 96136.19,
              "Plan Rows": 1,
              "Plan Width": 8,
              "Actual Startup Time": 511.035,
              "Actual Total Time": 511.056,
              "Actual Rows": 1,
              "Actual Loops": 4,
              "Plans": [
                {
                  "Node Type": "Hash Join",
                  "Parent Relationship": "Outer",
                  "Parallel Aware": true,
                  "Join Type": "Inner",
                  "Startup Cost": 49901.48,
                  "Total Cost": 94650.48,
                  "Plan Rows": 594281,
                  "Plan Width": 0,
                  "Actual Startup Time": 284.194,
                  "Actual Total Time": 489.901,
                  "Actual Rows": 535194,
                  "Actual Loops": 4,
                  "Inner Unique": true,
                  "Hash Cond": "(mk.movie_id = t.id)",
                  "Plans": [
                    {
                      "Node Type": "Seq Scan",
                      "Parent Relationship": "Outer",
                      "Parallel Aware": true,
                      "Relation Name": "movie_keyword",
                      "Alias": "mk",
                      "Startup Cost": 0.0,
                      "Total Cost": 42695.65,
                      "Plan Rows": 782227,
                      "Plan Width": 4,
                      "Actual Startup Time": 0.251,
                      "Actual Total Time": 103.351,
                      "Actual Rows": 604552,
                      "Actual Loops": 4,
                      "Filter": "(keyword_id > 3793)",
                      "Rows Removed by Filter": 526430
                    },
                    {
                      "Node Type": "Hash",
                      "Parent Relationship": "Inner",
                      "Parallel Aware": true,
                      "Startup Cost": 43898.92,
                      "Total Cost": 43898.92,
                      "Plan Rows": 480205,
                      "Plan Width": 4,
                      "Actual Startup Time": 276.18,
                      "Actual Total Time": 276.181,
                      "Actual Rows": 480712,
                      "Actual Loops": 4,
                      "Hash Buckets": 2097152,
                      "Original Hash Buckets": 2097152,
                      "Hash Batches": 1,
                      "Original Hash Batches": 1,
                      "Peak Memory Usage": 91712,
                      "Plans": [
                        {
                          "Node Type": "Seq Scan",
                          "Parent Relationship": "Outer",
                          "Parallel Aware": true,
                          "Relation Name": "title",
                          "Alias": "t",
                          "Startup Cost": 0.0,
                          "Total Cost": 43898.92,
                          "Plan Rows": 480205,
                          "Plan Width": 4,
                          "Actual Startup Time": 0.038,
                          "Actual Total Time": 108.758,
                          "Actual Rows": 480712,
                          "Actual Loops": 4,
                          "Filter": "(production_year < 2010)",
                          "Rows Removed by Filter": 151366
                        }
                      ]
                    }
                  ]
                }
              ]
            }
          ]
        }
      ]
    },
    "Planning Time": 0.592,
    "Triggers": [],
    "Execution Time": 549.177
  }
]