[
  {
    "Plan": {
      "Node Type": "Aggregate",
      "Strategy": "Plain",
      "Partial Mode": "Finalize",
      "Parallel Aware": false,
      "Startup Cost": 31761.33,
      "Total Cost": 31761.34,
      "Plan Rows": 1,
      "Plan Width": 8,
      "Actual Startup Time": 113.351,
      "Actual Total Time": 121.458,
      "Actual Rows": 1,
      "Actual Loops": 1,
      "Plans": [
        {
          "Node Type": "Gather",
          "Parent Relationship": "Outer",
          "Parallel Aware": false,
          "Startup Cost": 31761.01,
          "Total Cost": 31761.32,
          "Plan Rows": 3,
          "Plan Width": 8,
          "Actual Startup Time": 113.25,
          "Actual Total Time": 121.451,
          "Actual Rows": 4,
          "Actual Loops": 1,
          "Workers Planned": 3,
          "Workers Launched": 3,
          "Single Copy": false,
          "Plans": [
            {
              "Node Type": "Aggregate",
              "Strategy": "Plain",
              "Partial Mode": "Partial",
              "Parent Relationship": "Outer",
              "Parallel Aware": false,
              "Startup Cost": 30761.01,
              "Total Cost": 30761.02,
              "Plan Rows": 1,
              "Plan Width": 8,
              "Actual Startup Time": 104.837,
              "Actual Total Time": 104.838,
              "Actual Rows": 1,
              "Actual Loops": 4,
              "Plans": [
                {
                  "Node Type": "Seq Scan",
                  "Parent Relationship": "Outer",
                  "Parallel Aware": true,
                  "Relation Name": "movie_companies",
                  "Alias": "mc",
                  "Startup Cost": 0.0,
                  "Total Cost": 29310.68,
                  "Plan Rows": 580132,
                  "Plan Width": 0,
                  "Actual Startup Time": 0.046,
                  "Actual Total Time": 81.135,
                  "Actual Rows": 445892,
                  "Actual Loops": 4,
                  "Filter": "(company_id < 27888)",
                  "Rows Removed by Filter": 206390
                }
              ]
            }
          ]
        }
      ]
    },
    "Planning Time": 0.186,
    "Triggers": [],
    "Execution Time": 121.513
  }
]