[
  {
    "Plan": {
      "Node Type": "Aggregate",
      "Strategy": "Plain",
      "Partial Mode": "Finalize",
      "Parallel Aware": false,
      "Startup Cost": 125107.92,
      "Total Cost": 125107.93,
      "Plan Rows": 1,
      "Plan Width": 8,
      "Actual Startup Time": 554.396,
      "Actual Total Time": 578.103,
      "Actual Rows": 1,
      "Actual Loops": 1,
      "Plans": [
        {
          "Node Type": "Gather",
          "Parent Relationship": "Outer",
          "Parallel Aware": false,
          "Startup Cost": 125107.61,
          "Total Cost": 125107.92,
          "Plan Rows": 3,
          "Plan Width": 8,
          "Actual Startup Time": 551.317,
          "Actual Total Time": 578.094,
          "Actual Rows": 4,
          "Actual Loops": 1,
          "Workers Planned": 3,
          "Workers Launched": 3,
          "Single Copy": false,
          "Plans": [
            {
              "Node Type": "Aggregate",
              "Strategy": "Plain",
              "Partial Mode": "Partial",
              "Parent Relationship": "Outer",
              "Parallel Aware": false,
              "Startup Cost": 124107.61,
              "Total Cost": 124107.62,
              "Plan Rows": 1,
              "Plan Width": 8,
              "Actual Startup Time": 541.787,
              "Actual Total Time": 541.896,
              "Actual Rows": 1,
              "Actual Loops": 4,
              "Plans": [
                {
                  "Node Type": "Hash Join",
                  "Parent Relationship": "Outer",
                  "Parallel Aware": true,
                  "Join Type": "Inner",
                  "Startup Cost": 77028.26,
                  "Total Cost": 123841.2,
                  "Plan Rows": 106562,
                  "Plan Width": 0,
                  "Actual Startup Time": 308.379,
                  "Actual Total Time": 519.528,
                  "Actual Rows": 485288,
                  "Actual Loops": 4,
                  "Inner Unique": false,
                  "Hash Cond": "(mk.movie_id = t.id)",
                  "Plans": [
                    {
                      "Node Type": "Seq Scan",
                      "Parent Relationship": "Outer",
                      "Parallel Aware": true,
                      "Relation Name": "movie_keyword",
                      "Alias": "mk",
                      "Startup Cost": 0.0,
                      "Total Cost": 42695.65,
                      "Plan Rows": 1006276,
                      "Plan Width": 4,
                      "Actual Startup Time": 0.147,
                      "Actual Total Time": 114.722,
                      "Actual Rows": 779036,
                      "Actual Loops": 4,
                      "Filter": "(keyword_id > 1915)",
                      "Rows Removed by Filter": 351946
                    },
                    {
                      "Node Type": "Hash",
                      "Parent Relationship": "Inner",
                      "Parallel Aware": true,
                      "Startup Cost": 75948.61,
                      "Total Cost": 75948.61,
                      "Plan Rows": 86372,
                      "Plan Width": 8,
                      "Actual Startup Time": 305.566,
                      "Actual Total Time": 305.674,
                      "Actual Rows": 42642,
                      "Actual Loops": 4,
                      "Hash Buckets": 524288,
                      "Original Hash Buckets": 524288,
                      "Hash Batches": 1,
                      "Original Hash Batches": 1,
                      "Peak Memory Usage": 10816,
                      "Plans": [
                        {
                          "Node Type": "Hash Join",
                          "Parent Relationship": "Outer",
                          "Parallel Aware": true,
                          "Join Type": "Inner",
                          "Startup Cost": 45557.71,
                          "Total Cost": 75948.61,
                          "Plan Rows": 86372,
                          "Plan Width": 8,
                          "Actual Startup Time": 161.476,
                          "Actual Total Time": 291.44,
                          "Actual Rows": 42642,
                          "Actual Loops": 4,
                          "Inner Unique": true,
                          "Hash Cond": "(mc.movie_id = t.id)",
                          "Plans": [
                            {
                              "Node Type": "Seq Scan",
                              "Parent Relationship": "Outer",
                              "Parallel Aware": true,
                              "Relation Name": "movie_companies",
                              "Alias": "mc",
                              "Startup Cost": 0.0,
                              "Total Cost": 29310.68,
                              "Plan Rows": 411513,
                              "Plan Width": 4,
                              "Actual Startup Time": 0.012,
                              "Actual Total Time": 70.943,
                              "Actual Rows": 318562,
                              "Actual Loops": 4,
                              "Filter": "(company_type_id = 1)",
                              "Rows Removed by Filter": 333721
                            },
                            {
                              "Node Type": "Hash",
                              "Parent Relationship": "Inner",
                              "Parallel Aware": true,
                              "Startup Cost": 43899.32,
                              "Total Cost": 43899.32,
                              "Plan Rows": 132671,
                              "Plan Width": 4,
                              "Actual Startup Time": 158.719,
                              "Actual Total Time": 158.721,
                              "Actual Rows": 133342,
                              "Actual Loops": 4,
                              "Hash Buckets": 1048576,
                              "Original Hash Buckets": 1048576,
                              "Hash Batches": 1,
                              "Original Hash Batches": 1,
                              "Peak Memory Usage": 29120,
                              "Plans": [
                                {
                                  "Node Type": "Seq Scan",
                                  "Parent Relationship": "Outer",
                                  "Parallel Aware": true,
                                  "Relation Name": "title",
                                  "Alias": "t",
                                  "Startup Cost": 0.0,
                                  "Total Cost": 43899.32,
                                  "Plan Rows": 132671,
                                  "Plan Width": 4,
                                  "Actual Startup Time": 0.04,
                                  "Actual Total Time": 104.467,
                                  "Actual Rows": 133342,
                                  "Actual Loops": 4,
                                  "Filter": "(production_year > 2009)",
                                  "Rows Removed by Filter": 498736
                                }
                              ]
                            }
                          ]
                        }
                      ]
                    }
                  ]
                }
              ]
            }
          ]
        }
      ]
    },
    "Planning Time": 0.666,
    "Triggers": [],
    "Execution Time": 578.151
  }
]