{
  "Plan": {
    "Node Type": "Aggregate",
    "Strategy": "Plain",
    "Partial Mode": "Finalize",
    "Parallel Aware": false,
    "Startup Cost": 106050.73,
    "Total Cost": 106050.74,
    "Plan Rows": 1,
    "Plan Width": 8,
    "Actual Startup Time": 623.541,
    "Actual Total Time": 640.947,
    "Actual Rows": 1,
    "Actual Loops": 1,
    "Plans": [
      {
        "Node Type": "Gather",
        "Parent Relationship": "Outer",
        "Parallel Aware": false,
        "Startup Cost": 106050.62,
        "Total Cost": 106050.73,
        "Plan Rows": 1,
        "Plan Width": 8,
        "Actual Startup Time": 621.048,
        "Actual Total Time": 640.936,
        "Actual Rows": 2,
        "Actual Loops": 1,
        "Workers Planned": 1,
        "Workers Launched": 1,
        "Single Copy": false,
        "Plans": [
          {
            "Node Type": "Aggregate",
            "Strategy": "Plain",
            "Partial Mode": "Partial",
            "Parent Relationship": "Outer",
            "Parallel Aware": false,
            "Startup Cost": 105050.62,
            "Total Cost": 105050.63,
            "Plan Rows": 1,
            "Plan Width": 8,
            "Actual Startup Time": 615.628,
            "Actual Total Time": 616.061,
            "Actual Rows": 1,
            "Actual Loops": 2,
            "Plans": [
              {
                "Node Type": "Hash Join",
                "Parent Relationship": "Outer",
                "Parallel Aware": true,
                "Join Type": "Inner",
                "Startup Cost": 44854.5,
                "Total Cost": 104749.57,
                "Plan Rows": 120421,
                "Plan Width": 0,
                "Actual Startup Time": 251.597,
                "Actual Total Time": 605.539,
                "Actual Rows": 201194,
                "Actual Loops": 2,
                "Inner Unique": false,
                "Hash Cond": "(t.id = mc.movie_id)",
                "Plans": [
                  {
                    "Node Type": "Seq Scan",
                    "Parent Relationship": "Outer",
                    "Parallel Aware": true,
                    "Relation Name": "title",
                    "Alias": "t",
                    "Startup Cost": 0.0,
                    "Total Cost": 54588.39,
                    "Plan Rows": 735731,
                    "Plan Width": 4,
                    "Actual Startup Time": 0.01,
                    "Actual Total Time": 167.544,
                    "Actual Rows": 631850,
                    "Actual Loops": 2,
                    "Filter": "(production_year < 2004)",
                    "Rows Removed by Filter": 632306
                  },
                  {
                    "Node Type": "Hash",
                    "Parent Relationship": "Inner",
                    "Parallel Aware": true,
                    "Startup Cost": 41811.73,
                    "Total Cost": 41811.73,
                    "Plan Rows": 243422,
                    "Plan Width": 4,
                    "Actual Startup Time": 245.848,
                    "Actual Total Time": 245.85,
                    "Actual Rows": 372639,
                    "Actual Loops": 2,
                    "Hash Buckets": 1048576,
                    "Original Hash Buckets": 524288,
                    "Hash Batches": 1,
                    "Original Hash Batches": 1,
                    "Peak Memory Usage": 41472,
                    "Plans": [
                      {
                        "Node Type": "Seq Scan",
                        "Parent Relationship": "Outer",
                        "Parallel Aware": true,
                        "Relation Name": "movie_companies",
                        "Alias": "mc",
                        "Startup Cost": 0.0,
                        "Total Cost": 41811.73,
                        "Plan Rows": 243422,
                        "Plan Width": 4,
                        "Actual Startup Time": 69.525,
                        "Actual Total Time": 150.269,
                        "Actual Rows": 372639,
                        "Actual Loops": 2,
                        "Filter": "((company_id > 27439) AND (company_type_id > 1))",
                        "Rows Removed by Filter": 931926
                      }
                    ]
                  }
                ]
              }
            ]
          }
        ]
      }
    ]
  },
  "Planning Time": 0.658,
  "Triggers": [],
  "Execution Time": 641.022
}