[
  {
    "Plan": {
      "Node Type": "Aggregate",
      "Strategy": "Plain",
      "Partial Mode": "Simple",
      "Parallel Aware": false,
      "Startup Cost": 1511.02,
      "Total Cost": 1511.03,
      "Plan Rows": 1,
      "Plan Width": 8,
      "Actual Startup Time": 0.14,
      "Actual Total Time": 0.14,
      "Actual Rows": 1,
      "Actual Loops": 1,
      "Plans": [
        {
          "Node Type": "Nested Loop",
          "Parent Relationship": "Outer",
          "Parallel Aware": false,
          "Join Type": "Inner",
          "Startup Cost": 0.99,
          "Total Cost": 1510.97,
          "Plan Rows": 20,
          "Plan Width": 0,
          "Actual Startup Time": 0.093,
          "Actual Total Time": 0.137,
          "Actual Rows": 7,
          "Actual Loops": 1,
          "Inner Unique": true,
          "Plans": [
            {
              "Node Type": "Index Scan",
              "Parent Relationship": "Outer",
              "Parallel Aware": false,
              "Scan Direction": "Forward",
              "Index Name": "person_id_cast_info",
              "Relation Name": "cast_info",
              "Alias": "ci",
              "Startup Cost": 0.56,
              "Total Cost": 987.07,
              "Plan Rows": 62,
              "Plan Width": 4,
              "Actual Startup Time": 0.078,
              "Actual Total Time": 0.081,
              "Actual Rows": 7,
              "Actual Loops": 1,
              "Index Cond": "(person_id = 68477)",
              "Rows Removed by Index Recheck": 0,
              "Filter": "(role_id > 9)",
              "Rows Removed by Filter": 1
            },
            {
              "Node Type": "Index Scan",
              "Parent Relationship": "Inner",
              "Parallel Aware": false,
              "Scan Direction": "Forward",
              "Index Name": "title_pkey",
              "Relation Name": "title",
              "Alias": "t",
              "Startup Cost": 0.43,
              "Total Cost": 8.45,
              "Plan Rows": 1,
              "Plan Width": 4,
              "Actual Startup Time": 0.007,
              "Actual Total Time": 0.007,
              "Actual Rows": 1,
              "Actual Loops": 7,
              "Index Cond": "(id = ci.movie_id)",
              "Rows Removed by Index Recheck": 0,
              "Filter": "(production_year < 1996)",
              "Rows Removed by Filter": 0
            }
          ]
        }
      ]
    },
    "Planning Time": 0.312,
    "Triggers": [],
    "Execution Time": 0.17
  }
]