[
    {
        "Bao": {
            "Bao prediction": "NaN",
            "Bao recommended hint": "(no hint)"
        }
    },
    {
        "Plan": {
            "Node Type": "Aggregate",
            "Strategy": "Plain",
            "Partial Mode": "Finalize",
            "Parallel Aware": false,
            "Startup Cost": 139113.31,
            "Total Cost": 139113.32,
            "Plan Rows": 1,
            "Plan Width": 8,
            "Actual Startup Time": 478.662,
            "Actual Total Time": 490.449,
            "Actual Rows": 1,
            "Actual Loops": 1,
            "Output": [
                "count(*)"
            ],
            "Plans": [
                {
                    "Node Type": "Gather",
                    "Parent Relationship": "Outer",
                    "Parallel Aware": false,
                    "Startup Cost": 139112.79,
                    "Total Cost": 139113.3,
                    "Plan Rows": 5,
                    "Plan Width": 8,
                    "Actual Startup Time": 474.614,
                    "Actual Total Time": 490.439,
                    "Actual Rows": 6,
                    "Actual Loops": 1,
                    "Output": [
                        "(PARTIAL count(*))"
                    ],
                    "Workers Planned": 5,
                    "Workers Launched": 5,
                    "Single Copy": false,
                    "Plans": [
                        {
                            "Node Type": "Aggregate",
                            "Strategy": "Plain",
                            "Partial Mode": "Partial",
                            "Parent Relationship": "Outer",
                            "Parallel Aware": false,
                            "Startup Cost": 138112.79,
                            "Total Cost": 138112.8,
                            "Plan Rows": 1,
                            "Plan Width": 8,
                            "Actual Startup Time": 463.904,
                            "Actual Total Time": 464.063,
                            "Actual Rows": 1,
                            "Actual Loops": 6,
                            "Output": [
                                "PARTIAL count(*)"
                            ],
                            "Workers": [
                                {
                                    "Worker Number": 0,
                                    "Actual Startup Time": 461.1,
                                    "Actual Total Time": 461.106,
                                    "Actual Rows": 1,
                                    "Actual Loops": 1
                                },
                                {
                                    "Worker Number": 1,
                                    "Actual Startup Time": 461.483,
                                    "Actual Total Time": 461.488,
                                    "Actual Rows": 1,
                                    "Actual Loops": 1
                                },
                                {
                                    "Worker Number": 2,
                                    "Actual Startup Time": 461.703,
                                    "Actual Total Time": 461.71,
                                    "Actual Rows": 1,
                                    "Actual Loops": 1
                                },
                                {
                                    "Worker Number": 3,
                                    "Actual Startup Time": 462.053,
                                    "Actual Total Time": 462.059,
                                    "Actual Rows": 1,
                                    "Actual Loops": 1
                                },
                                {
                                    "Worker Number": 4,
                                    "Actual Startup Time": 463.408,
                                    "Actual Total Time": 463.414,
                                    "Actual Rows": 1,
                                    "Actual Loops": 1
                                }
                            ],
                            "Plans": [
                                {
                                    "Node Type": "Hash Join",
                                    "Parent Relationship": "Outer",
                                    "Parallel Aware": true,
                                    "Join Type": "Inner",
                                    "Startup Cost": 64935.95,
                                    "Total Cost": 137915.55,
                                    "Plan Rows": 78894,
                                    "Plan Width": 0,
                                    "Actual Startup Time": 268.969,
                                    "Actual Total Time": 457.906,
                                    "Actual Rows": 131695,
                                    "Actual Loops": 6,
                                    "Inner Unique": false,
                                    "Hash Cond": "(ci.movie_id = t.id)",
                                    "Workers": [
                                        {
                                            "Worker Number": 0,
                                            "Actual Startup Time": 266.25,
                                            "Actual Total Time": 455.058,
                                            "Actual Rows": 138257,
                                            "Actual Loops": 1
                                        },
                                        {
                                            "Worker Number": 1,
                                            "Actual Startup Time": 266.509,
                                            "Actual Total Time": 455.472,
                                            "Actual Rows": 137700,
                                            "Actual Loops": 1
                                        },
                                        {
                                            "Worker Number": 2,
                                            "Actual Startup Time": 267.339,
                                            "Actual Total Time": 455.703,
                                            "Actual Rows": 136603,
                                            "Actual Loops": 1
                                        },
                                        {
                                            "Worker Number": 3,
                                            "Actual Startup Time": 267.032,
                                            "Actual Total Time": 456.054,
                                            "Actual Rows": 136425,
                                            "Actual Loops": 1
                                        },
                                        {
                                            "Worker Number": 4,
                                            "Actual Startup Time": 267.729,
                                            "Actual Total Time": 456.744,
                                            "Actual Rows": 94745,
                                            "Actual Loops": 1
                                        }
                                    ],
                                    "Plans": [
                                        {
                                            "Node Type": "Index Scan",
                                            "Parent Relationship": "Outer",
                                            "Parallel Aware": true,
                                            "Scan Direction": "Forward",
                                            "Index Name": "role_id_cast_info",
                                            "Relation Name": "cast_info",
                                            "Schema": "public",
                                            "Alias": "ci",
                                            "Startup Cost": 0.56,
                                            "Total Cost": 70799.91,
                                            "Plan Rows": 528807,
                                            "Plan Width": 4,
                                            "Actual Startup Time": 0.159,
                                            "Actual Total Time": 79.444,
                                            "Actual Rows": 454824,
                                            "Actual Loops": 6,
                                            "Output": [
                                                "ci.id",
                                                "ci.person_id",
                                                "ci.movie_id",
                                                "ci.person_role_id",
                                                "ci.note",
                                                "ci.nr_order",
                                                "ci.role_id"
                                            ],
                                            "Index Cond": "(ci.role_id = 4)",
                                            "Rows Removed by Index Recheck": 0,
                                            "Workers": [
                                                {
                                                    "Worker Number": 0,
                                                    "Actual Startup Time": 0.244,
                                                    "Actual Total Time": 80.335,
                                                    "Actual Rows": 472295,
                                                    "Actual Loops": 1
                                                },
                                                {
                                                    "Worker Number": 1,
                                                    "Actual Startup Time": 0.062,
                                                    "Actual Total Time": 80.119,
                                                    "Actual Rows": 474337,
                                                    "Actual Loops": 1
                                                },
                                                {
                                                    "Worker Number": 2,
                                                    "Actual Startup Time": 0.265,
                                                    "Actual Total Time": 80.167,
                                                    "Actual Rows": 475802,
                                                    "Actual Loops": 1
                                                },
                                                {
                                                    "Worker Number": 3,
                                                    "Actual Startup Time": 0.089,
                                                    "Actual Total Time": 79.555,
                                                    "Actual Rows": 473073,
                                                    "Actual Loops": 1
                                                },
                                                {
                                                    "Worker Number": 4,
                                                    "Actual Startup Time": 0.122,
                                                    "Actual Total Time": 82.385,
                                                    "Actual Rows": 324093,
                                                    "Actual Loops": 1
                                                }
                                            ]
                                        },
                                        {
                                            "Node Type": "Hash",
                                            "Parent Relationship": "Inner",
                                            "Parallel Aware": true,
                                            "Startup Cost": 63756.63,
                                            "Total Cost": 63756.63,
                                            "Plan Rows": 94301,
                                            "Plan Width": 8,
                                            "Actual Startup Time": 266.284,
                                            "Actual Total Time": 266.442,
                                            "Actual Rows": 69338,
                                            "Actual Loops": 6,
                                            "Output": [
                                                "t.id",
                                                "mi_idx.movie_id"
                                            ],
                                            "Hash Buckets": 524288,
                                            "Original Hash Buckets": 524288,
                                            "Hash Batches": 1,
                                            "Original Hash Batches": 1,
                                            "Peak Memory Usage": 20512,
                                            "Workers": [
                                                {
                                                    "Worker Number": 0,
                                                    "Actual Startup Time": 265.457,
                                                    "Actual Total Time": 265.461,
                                                    "Actual Rows": 72863,
                                                    "Actual Loops": 1
                                                },
                                                {
                                                    "Worker Number": 1,
                                                    "Actual Startup Time": 265.824,
                                                    "Actual Total Time": 265.828,
                                                    "Actual Rows": 68823,
                                                    "Actual Loops": 1
                                                },
                                                {
                                                    "Worker Number": 2,
                                                    "Actual Startup Time": 266.132,
                                                    "Actual Total Time": 266.136,
                                                    "Actual Rows": 72901,
                                                    "Actual Loops": 1
                                                },
                                                {
                                                    "Worker Number": 3,
                                                    "Actual Startup Time": 266.414,
                                                    "Actual Total Time": 266.418,
                                                    "Actual Rows": 69249,
                                                    "Actual Loops": 1
                                                },
                                                {
                                                    "Worker Number": 4,
                                                    "Actual Startup Time": 266.974,
                                                    "Actual Total Time": 266.978,
                                                    "Actual Rows": 48567,
                                                    "Actual Loops": 1
                                                }
                                            ],
                                            "Plans": [
                                                {
                                                    "Node Type": "Hash Join",
                                                    "Parent Relationship": "Outer",
                                                    "Parallel Aware": true,
                                                    "Join Type": "Inner",
                                                    "Startup Cost": 17531.52,
                                                    "Total Cost": 63756.63,
                                                    "Plan Rows": 94301,
                                                    "Plan Width": 8,
                                                    "Actual Startup Time": 79.52,
                                                    "Actual Total Time": 237.819,
                                                    "Actual Rows": 69338,
                                                    "Actual Loops": 6,
                                                    "Output": [
                                                        "t.id",
                                                        "mi_idx.movie_id"
                                                    ],
                                                    "Inner Unique": false,
                                                    "Hash Cond": "(t.id = mi_idx.movie_id)",
                                                    "Workers": [
                                                        {
                                                            "Worker Number": 0,
                                                            "Actual Startup Time": 78.7,
                                                            "Actual Total Time": 236.643,
                                                            "Actual Rows": 72863,
                                                            "Actual Loops": 1
                                                        },
                                                        {
                                                            "Worker Number": 1,
                                                            "Actual Startup Time": 79.094,
                                                            "Actual Total Time": 237.232,
                                                            "Actual Rows": 68823,
                                                            "Actual Loops": 1
                                                        },
                                                        {
                                                            "Worker Number": 2,
                                                            "Actual Startup Time": 79.353,
                                                            "Actual Total Time": 237.589,
                                                            "Actual Rows": 72901,
                                                            "Actual Loops": 1
                                                        },
                                                        {
                                                            "Worker Number": 3,
                                                            "Actual Startup Time": 79.686,
                                                            "Actual Total Time": 238.107,
                                                            "Actual Rows": 69249,
                                                            "Actual Loops": 1
                                                        },
                                                        {
                                                            "Worker Number": 4,
                                                            "Actual Startup Time": 80.111,
                                                            "Actual Total Time": 240.603,
                                                            "Actual Rows": 48567,
                                                            "Actual Loops": 1
                                                        }
                                                    ],
                                                    "Plans": [
                                                        {
                                                            "Node Type": "Seq Scan",
                                                            "Parent Relationship": "Outer",
                                                            "Parallel Aware": true,
                                                            "Relation Name": "title",
                                                            "Schema": "public",
                                                            "Alias": "t",
                                                            "Startup Cost": 0.0,
                                                            "Total Cost": 43899.01,
                                                            "Plan Rows": 515515,
                                                            "Plan Width": 4,
                                                            "Actual Startup Time": 0.017,
                                                            "Actual Total Time": 70.307,
                                                            "Actual Rows": 344092,
                                                            "Actual Loops": 6,
                                                            "Output": [
                                                                "t.id",
                                                                "t.title",
                                                                "t.imdb_index",
                                                                "t.kind_id",
                                                                "t.production_year",
                                                                "t.imdb_id",
                                                                "t.phonetic_code",
                                                                "t.episode_of_id",
                                                                "t.season_nr",
                                                                "t.episode_nr",
                                                                "t.series_years",
                                                                "t.md5sum"
                                                            ],
                                                            "Filter": "(t.production_year < 2011)",
                                                            "Rows Removed by Filter": 77293,
                                                            "Workers": [
                                                                {
                                                                    "Worker Number": 0,
                                                                    "Actual Startup Time": 0.017,
                                                                    "Actual Total Time": 72.393,
                                                                    "Actual Rows": 360992,
                                                                    "Actual Loops": 1
                                                                },
                                                                {
                                                                    "Worker Number": 1,
                                                                    "Actual Startup Time": 0.017,
                                                                    "Actual Total Time": 70.539,
                                                                    "Actual Rows": 342036,
                                                                    "Actual Loops": 1
                                                                },
                                                                {
                                                                    "Worker Number": 2,
                                                                    "Actual Startup Time": 0.014,
                                                                    "Actual Total Time": 72.584,
                                                                    "Actual Rows": 362210,
                                                                    "Actual Loops": 1
                                                                },
                                                                {
                                                                    "Worker Number": 3,
                                                                    "Actual Startup Time": 0.021,
                                                                    "Actual Total Time": 70.401,
                                                                    "Actual Rows": 340923,
                                                                    "Actual Loops": 1
                                                                },
                                                                {
                                                                    "Worker Number": 4,
                                                                    "Actual Startup Time": 0.024,
                                                                    "Actual Total Time": 76.264,
                                                                    "Actual Rows": 239105,
                                                                    "Actual Loops": 1
                                                                }
                                                            ]
                                                        },
                                                        {
                                                            "Node Type": "Hash",
                                                            "Parent Relationship": "Inner",
                                                            "Parallel Aware": true,
                                                            "Startup Cost": 15122.68,
                                                            "Total Cost": 15122.68,
                                                            "Plan Rows": 192707,
                                                            "Plan Width": 4,
                                                            "Actual Startup Time": 78.222,
                                                            "Actual Total Time": 78.224,
                                                            "Actual Rows": 76654,
                                                            "Actual Loops": 6,
                                                            "Output": [
                                                                "mi_idx.movie_id"
                                                            ],
                                                            "Hash Buckets": 524288,
                                                            "Original Hash Buckets": 524288,
                                                            "Hash Batches": 1,
                                                            "Original Hash Batches": 1,
                                                            "Peak Memory Usage": 22176,
                                                            "Workers": [
                                                                {
                                                                    "Worker Number": 0,
                                                                    "Actual Startup Time": 78.566,
                                                                    "Actual Total Time": 78.568,
                                                                    "Actual Rows": 70505,
                                                                    "Actual Loops": 1
                                                                },
                                                                {
                                                                    "Worker Number": 1,
                                                                    "Actual Startup Time": 79.008,
                                                                    "Actual Total Time": 79.009,
                                                                    "Actual Rows": 69447,
                                                                    "Actual Loops": 1
                                                                },
                                                                {
                                                                    "Worker Number": 2,
                                                                    "Actual Startup Time": 79.249,
                                                                    "Actual Total Time": 79.251,
                                                                    "Actual Rows": 71650,
                                                                    "Actual Loops": 1
                                                                },
                                                                {
                                                                    "Worker Number": 3,
                                                                    "Actual Startup Time": 79.57,
                                                                    "Actual Total Time": 79.571,
                                                                    "Actual Rows": 72176,
                                                                    "Actual Loops": 1
                                                                },
                                                                {
                                                                    "Worker Number": 4,
                                                                    "Actual Startup Time": 79.932,
                                                                    "Actual Total Time": 79.934,
                                                                    "Actual Rows": 57695,
                                                                    "Actual Loops": 1
                                                                }
                                                            ],
                                                            "Plans": [
                                                                {
                                                                    "Node Type": "Seq Scan",
                                                                    "Parent Relationship": "Outer",
                                                                    "Parallel Aware": true,
                                                                    "Relation Name": "movie_info_idx",
                                                                    "Schema": "public",
                                                                    "Alias": "mi_idx",
                                                                    "Startup Cost": 0.0,
                                                                    "Total Cost": 15122.68,
                                                                    "Plan Rows": 192707,
                                                                    "Plan Width": 4,
                                                                    "Actual Startup Time": 0.073,
                                                                    "Actual Total Time": 37.454,
                                                                    "Actual Rows": 76654,
                                                                    "Actual Loops": 6,
                                                                    "Output": [
                                                                        "mi_idx.movie_id"
                                                                    ],
                                                                    "Filter": "(mi_idx.info_type_id = 100)",
                                                                    "Rows Removed by Filter": 153352,
                                                                    "Workers": [
                                                                        {
                                                                            "Worker Number": 0,
                                                                            "Actual Startup Time": 0.081,
                                                                            "Actual Total Time": 38.646,
                                                                            "Actual Rows": 70505,
                                                                            "Actual Loops": 1
                                                                        },
                                                                        {
                                                                            "Worker Number": 1,
                                                                            "Actual Startup Time": 0.078,
                                                                            "Actual Total Time": 37.239,
                                                                            "Actual Rows": 69447,
                                                                            "Actual Loops": 1
                                                                        },
                                                                        {
                                                                            "Worker Number": 2,
                                                                            "Actual Startup Time": 0.079,
                                                                            "Actual Total Time": 38.896,
                                                                            "Actual Rows": 71650,
                                                                            "Actual Loops": 1
                                                                        },
                                                                        {
                                                                            "Worker Number": 3,
                                                                            "Actual Startup Time": 0.081,
                                                                            "Actual Total Time": 37.756,
                                                                            "Actual Rows": 72176,
                                                                            "Actual Loops": 1
                                                                        },
                                                                        {
                                                                            "Worker Number": 4,
                                                                            "Actual Startup Time": 0.093,
                                                                            "Actual Total Time": 38.504,
                                                                            "Actual Rows": 57695,
                                                                            "Actual Loops": 1
                                                                        }
                                                                    ]
                                                                }
                                                            ]
                                                        }
                                                    ]
                                                }
                                            ]
                                        }
                                    ]
                                }
                            ]
                        }
                    ]
                }
            ]
        },
        "Planning Time": 209.541,
        "Triggers": [],
        "Execution Time": 490.574
    }
]