{
    "Plan": {
        "Node Type": "Aggregate",
        "Strategy": "Plain",
        "Partial Mode": "Finalize",
        "Parallel Aware": false,
        "Startup Cost": 77105.85,
        "Total Cost": 77105.86,
        "Plan Rows": 1,
        "Plan Width": 8,
        "Actual Startup Time": 370.769,
        "Actual Total Time": 386.592,
        "Actual Rows": 1,
        "Actual Loops": 1,
        "Output": [
            "count(*)"
        ],
        "Plans": [
            {
                "Node Type": "Gather",
                "Parent Relationship": "Outer",
                "Parallel Aware": false,
                "Startup Cost": 77105.53,
                "Total Cost": 77105.84,
                "Plan Rows": 3,
                "Plan Width": 8,
                "Actual Startup Time": 368.776,
                "Actual Total Time": 386.583,
                "Actual Rows": 4,
                "Actual Loops": 1,
                "Output": [
                    "(PARTIAL count(*))"
                ],
                "Workers Planned": 3,
                "Workers Launched": 3,
                "Single Copy": false,
                "Plans": [
                    {
                        "Node Type": "Aggregate",
                        "Strategy": "Plain",
                        "Partial Mode": "Partial",
                        "Parent Relationship": "Outer",
                        "Parallel Aware": false,
                        "Startup Cost": 76105.53,
                        "Total Cost": 76105.54,
                        "Plan Rows": 1,
                        "Plan Width": 8,
                        "Actual Startup Time": 361.735,
                        "Actual Total Time": 361.74,
                        "Actual Rows": 1,
                        "Actual Loops": 4,
                        "Output": [
                            "PARTIAL count(*)"
                        ],
                        "Workers": [
                            {
                                "Worker Number": 0,
                                "Actual Startup Time": 356.83,
                                "Actual Total Time": 356.833,
                                "Actual Rows": 1,
                                "Actual Loops": 1
                            },
                            {
                                "Worker Number": 1,
                                "Actual Startup Time": 361.088,
                                "Actual Total Time": 361.091,
                                "Actual Rows": 1,
                                "Actual Loops": 1
                            },
                            {
                                "Worker Number": 2,
                                "Actual Startup Time": 360.903,
                                "Actual Total Time": 360.907,
                                "Actual Rows": 1,
                                "Actual Loops": 1
                            }
                        ],
                        "Plans": [
                            {
                                "Node Type": "Hash Join",
                                "Parent Relationship": "Outer",
                                "Parallel Aware": true,
                                "Join Type": "Inner",
                                "Startup Cost": 46435.08,
                                "Total Cost": 75850.97,
                                "Plan Rows": 101825,
                                "Plan Width": 0,
                                "Actual Startup Time": 154.658,
                                "Actual Total Time": 355.28,
                                "Actual Rows": 106084,
                                "Actual Loops": 4,
                                "Inner Unique": true,
                                "Hash Cond": "(mc.movie_id = t.id)",
                                "Workers": [
                                    {
                                        "Worker Number": 0,
                                        "Actual Startup Time": 149.859,
                                        "Actual Total Time": 350.442,
                                        "Actual Rows": 93017,
                                        "Actual Loops": 1
                                    },
                                    {
                                        "Worker Number": 1,
                                        "Actual Startup Time": 154.271,
                                        "Actual Total Time": 354.676,
                                        "Actual Rows": 92329,
                                        "Actual Loops": 1
                                    },
                                    {
                                        "Worker Number": 2,
                                        "Actual Startup Time": 153.757,
                                        "Actual Total Time": 355.204,
                                        "Actual Rows": 132377,
                                        "Actual Loops": 1
                                    }
                                ],
                                "Plans": [
                                    {
                                        "Node Type": "Seq Scan",
                                        "Parent Relationship": "Outer",
                                        "Parallel Aware": true,
                                        "Relation Name": "movie_companies",
                                        "Schema": "public",
                                        "Alias": "mc",
                                        "Startup Cost": 0.0,
                                        "Total Cost": 27206.55,
                                        "Plan Rows": 841655,
                                        "Plan Width": 4,
                                        "Actual Startup Time": 0.026,
                                        "Actual Total Time": 72.607,
                                        "Actual Rows": 652282,
                                        "Actual Loops": 4,
                                        "Output": [
                                            "mc.id",
                                            "mc.movie_id",
                                            "mc.company_id",
                                            "mc.company_type_id",
                                            "mc.note"
                                        ],
                                        "Workers": [
                                            {
                                                "Worker Number": 0,
                                                "Actual Startup Time": 0.032,
                                                "Actual Total Time": 74.193,
                                                "Actual Rows": 568867,
                                                "Actual Loops": 1
                                            },
                                            {
                                                "Worker Number": 1,
                                                "Actual Startup Time": 0.041,
                                                "Actual Total Time": 75.189,
                                                "Actual Rows": 568835,
                                                "Actual Loops": 1
                                            },
                                            {
                                                "Worker Number": 2,
                                                "Actual Startup Time": 0.025,
                                                "Actual Total Time": 72.484,
                                                "Actual Rows": 807140,
                                                "Actual Loops": 1
                                            }
                                        ]
                                    },
                                    {
                                        "Node Type": "Hash",
                                        "Parent Relationship": "Inner",
                                        "Parallel Aware": true,
                                        "Startup Cost": 45479.21,
                                        "Total Cost": 45479.21,
                                        "Plan Rows": 76470,
                                        "Plan Width": 4,
                                        "Actual Startup Time": 151.307,
                                        "Actual Total Time": 151.309,
                                        "Actual Rows": 62550,
                                        "Actual Loops": 4,
                                        "Output": [
                                            "t.id"
                                        ],
                                        "Hash Buckets": 524288,
                                        "Original Hash Buckets": 524288,
                                        "Hash Batches": 1,
                                        "Original Hash Batches": 1,
                                        "Peak Memory Usage": 13952,
                                        "Workers": [
                                            {
                                                "Worker Number": 0,
                                                "Actual Startup Time": 148.969,
                                                "Actual Total Time": 148.97,
                                                "Actual Rows": 59209,
                                                "Actual Loops": 1
                                            },
                                            {
                                                "Worker Number": 1,
                                                "Actual Startup Time": 153.349,
                                                "Actual Total Time": 153.35,
                                                "Actual Rows": 44497,
                                                "Actual Loops": 1
                                            },
                                            {
                                                "Worker Number": 2,
                                                "Actual Startup Time": 153.176,
                                                "Actual Total Time": 153.178,
                                                "Actual Rows": 71697,
                                                "Actual Loops": 1
                                            }
                                        ],
                                        "Plans": [
                                            {
                                                "Node Type": "Seq Scan",
                                                "Parent Relationship": "Outer",
                                                "Parallel Aware": true,
                                                "Relation Name": "title",
                                                "Schema": "public",
                                                "Alias": "t",
                                                "Startup Cost": 0.0,
                                                "Total Cost": 45479.21,
                                                "Plan Rows": 76470,
                                                "Plan Width": 4,
                                                "Actual Startup Time": 0.099,
                                                "Actual Total Time": 121.281,
                                                "Actual Rows": 62550,
                                                "Actual Loops": 4,
                                                "Output": [
                                                    "t.id"
                                                ],
                                                "Filter": "((t.kind_id < 3) AND (t.production_year > 2005))",
                                                "Rows Removed by Filter": 569528,
                                                "Workers": [
                                                    {
                                                        "Worker Number": 0,
                                                        "Actual Startup Time": 0.085,
                                                        "Actual Total Time": 121.197,
                                                        "Actual Rows": 59209,
                                                        "Actual Loops": 1
                                                    },
                                                    {
                                                        "Worker Number": 1,
                                                        "Actual Startup Time": 0.062,
                                                        "Actual Total Time": 123.246,
                                                        "Actual Rows": 44497,
                                                        "Actual Loops": 1
                                                    },
                                                    {
                                                        "Worker Number": 2,
                                                        "Actual Startup Time": 0.193,
                                                        "Actual Total Time": 120.609,
                                                        "Actual Rows": 71697,
                                                        "Actual Loops": 1
                                                    }
                                                ]
                                            }
                                        ]
                                    }
                                ]
                            }
                        ]
                    }
                ]
            }
        ]
    },
    "Planning Time": 0.716,
    "Triggers": [],
    "Execution Time": 386.665
}