[
  {
    "Plan": {
      "Node Type": "Aggregate",
      "Strategy": "Plain",
      "Partial Mode": "Finalize",
      "Parallel Aware": false,
      "Startup Cost": 31538.5,
      "Total Cost": 31538.51,
      "Plan Rows": 1,
      "Plan Width": 8,
      "Actual Startup Time": 107.476,
      "Actual Total Time": 116.17,
      "Actual Rows": 1,
      "Actual Loops": 1,
      "Plans": [
        {
          "Node Type": "Gather",
          "Parent Relationship": "Outer",
          "Parallel Aware": false,
          "Startup Cost": 31538.18,
          "Total Cost": 31538.49,
          "Plan Rows": 3,
          "Plan Width": 8,
          "Actual Startup Time": 107.311,
          "Actual Total Time": 116.163,
          "Actual Rows": 4,
          "Actual Loops": 1,
          "Workers Planned": 3,
          "Workers Launched": 3,
          "Single Copy": false,
          "Plans": [
            {
              "Node Type": "Aggregate",
              "Strategy": "Plain",
              "Partial Mode": "Partial",
              "Parent Relationship": "Outer",
              "Parallel Aware": false,
              "Startup Cost": 30538.18,
              "Total Cost": 30538.19,
              "Plan Rows": 1,
              "Plan Width": 8,
              "Actual Startup Time": 103.614,
              "Actual Total Time": 103.615,
              "Actual Rows": 1,
              "Actual Loops": 4,
              "Plans": [
                {
                  "Node Type": "Seq Scan",
                  "Parent Relationship": "Outer",
                  "Parallel Aware": true,
                  "Relation Name": "movie_companies",
                  "Alias": "mc",
                  "Startup Cost": 0.0,
                  "Total Cost": 29310.68,
                  "Plan Rows": 491001,
                  "Plan Width": 0,
                  "Actual Startup Time": 0.015,
                  "Actual Total Time": 82.881,
                  "Actual Rows": 381774,
                  "Actual Loops": 4,
                  "Filter": "(company_id < 14344)",
                  "Rows Removed by Filter": 270508
                }
              ]
            }
          ]
        }
      ]
    },
    "Planning Time": 0.09,
    "Triggers": [],
    "Execution Time": 116.197
  }
]