[
  {
    "Plan": {
      "Node Type": "Aggregate",
      "Strategy": "Plain",
      "Partial Mode": "Finalize",
      "Parallel Aware": false,
      "Startup Cost": 46569.42,
      "Total Cost": 46569.43,
      "Plan Rows": 1,
      "Plan Width": 8,
      "Actual Startup Time": 155.749,
      "Actual Total Time": 168.578,
      "Actual Rows": 1,
      "Actual Loops": 1,
      "Plans": [
        {
          "Node Type": "Gather",
          "Parent Relationship": "Outer",
          "Parallel Aware": false,
          "Startup Cost": 46569.1,
          "Total Cost": 46569.41,
          "Plan Rows": 3,
          "Plan Width": 8,
          "Actual Startup Time": 155.626,
          "Actual Total Time": 168.564,
          "Actual Rows": 4,
          "Actual Loops": 1,
          "Workers Planned": 3,
          "Workers Launched": 3,
          "Single Copy": false,
          "Plans": [
            {
              "Node Type": "Aggregate",
              "Strategy": "Plain",
              "Partial Mode": "Partial",
              "Parent Relationship": "Outer",
              "Parallel Aware": false,
              "Startup Cost": 45569.1,
              "Total Cost": 45569.11,
              "Plan Rows": 1,
              "Plan Width": 8,
              "Actual Startup Time": 150.605,
              "Actual Total Time": 150.606,
              "Actual Rows": 1,
              "Actual Loops": 4,
              "Plans": [
                {
                  "Node Type": "Seq Scan",
                  "Parent Relationship": "Outer",
                  "Parallel Aware": true,
                  "Relation Name": "movie_keyword",
                  "Alias": "mk",
                  "Startup Cost": 0.0,
                  "Total Cost": 42695.65,
                  "Plan Rows": 1149378,
                  "Plan Width": 0,
                  "Actual Startup Time": 0.037,
                  "Actual Total Time": 113.3,
                  "Actual Rows": 890709,
                  "Actual Loops": 4,
                  "Filter": "(keyword_id < 19778)",
                  "Rows Removed by Filter": 240274
                }
              ]
            }
          ]
        }
      ]
    },
    "Planning Time": 0.222,
    "Triggers": [],
    "Execution Time": 168.637
  }
]