[
  {
    "Plan": {
      "Node Type": "Aggregate",
      "Strategy": "Plain",
      "Partial Mode": "Finalize",
      "Parallel Aware": false,
      "Startup Cost": 46567.83,
      "Total Cost": 46567.84,
      "Plan Rows": 1,
      "Plan Width": 8,
      "Actual Startup Time": 165.7,
      "Actual Total Time": 175.173,
      "Actual Rows": 1,
      "Actual Loops": 1,
      "Plans": [
        {
          "Node Type": "Gather",
          "Parent Relationship": "Outer",
          "Parallel Aware": false,
          "Startup Cost": 46567.51,
          "Total Cost": 46567.82,
          "Plan Rows": 3,
          "Plan Width": 8,
          "Actual Startup Time": 165.608,
          "Actual Total Time": 175.164,
          "Actual Rows": 4,
          "Actual Loops": 1,
          "Workers Planned": 3,
          "Workers Launched": 3,
          "Single Copy": false,
          "Plans": [
            {
              "Node Type": "Aggregate",
              "Strategy": "Plain",
              "Partial Mode": "Partial",
              "Parent Relationship": "Outer",
              "Parallel Aware": false,
              "Startup Cost": 45567.51,
              "Total Cost": 45567.52,
              "Plan Rows": 1,
              "Plan Width": 8,
              "Actual Startup Time": 159.846,
              "Actual Total Time": 159.848,
              "Actual Rows": 1,
              "Actual Loops": 4,
              "Plans": [
                {
                  "Node Type": "Seq Scan",
                  "Parent Relationship": "Outer",
                  "Parallel Aware": true,
                  "Relation Name": "movie_keyword",
                  "Alias": "mk",
                  "Startup Cost": 0.0,
                  "Total Cost": 42695.65,
                  "Plan Rows": 1148744,
                  "Plan Width": 0,
                  "Actual Startup Time": 0.046,
                  "Actual Total Time": 121.047,
                  "Actual Rows": 890709,
                  "Actual Loops": 4,
                  "Filter": "(keyword_id < 19778)",
                  "Rows Removed by Filter": 240274
                }
              ]
            }
          ]
        }
      ]
    },
    "Planning Time": 0.191,
    "Triggers": [],
    "Execution Time": 175.229
  }
]