[
  {
    "Plan": {
      "Node Type": "Aggregate",
      "Strategy": "Plain",
      "Partial Mode": "Finalize",
      "Parallel Aware": false,
      "Startup Cost": 338502.41,
      "Total Cost": 338502.42,
      "Plan Rows": 1,
      "Plan Width": 8,
      "Actual Startup Time": 842.313,
      "Actual Total Time": 890.541,
      "Actual Rows": 1,
      "Actual Loops": 1,
      "Plans": [
        {
          "Node Type": "Gather",
          "Parent Relationship": "Outer",
          "Parallel Aware": false,
          "Startup Cost": 338501.79,
          "Total Cost": 338502.4,
          "Plan Rows": 6,
          "Plan Width": 8,
          "Actual Startup Time": 842.14,
          "Actual Total Time": 890.531,
          "Actual Rows": 7,
          "Actual Loops": 1,
          "Workers Planned": 6,
          "Workers Launched": 6,
          "Single Copy": false,
          "Plans": [
            {
              "Node Type": "Aggregate",
              "Strategy": "Plain",
              "Partial Mode": "Partial",
              "Parent Relationship": "Outer",
              "Parallel Aware": false,
              "Startup Cost": 337501.79,
              "Total Cost": 337501.8,
              "Plan Rows": 1,
              "Plan Width": 8,
              "Actual Startup Time": 833.598,
              "Actual Total Time": 833.599,
              "Actual Rows": 1,
              "Actual Loops": 7,
              "Plans": [
                {
                  "Node Type": "Seq Scan",
                  "Parent Relationship": "Outer",
                  "Parallel Aware": true,
                  "Relation Name": "cast_info",
                  "Alias": "ci",
                  "Startup Cost": 0.0,
                  "Total Cost": 328211.39,
                  "Plan Rows": 3716158,
                  "Plan Width": 0,
                  "Actual Startup Time": 169.346,
                  "Actual Total Time": 664.141,
                  "Actual Rows": 3163244,
                  "Actual Loops": 7,
                  "Filter": "(person_id > 1388860)",
                  "Rows Removed by Filter": 2014519
                }
              ]
            }
          ]
        }
      ]
    },
    "Planning Time": 0.086,
    "Triggers": [],
    "Execution Time": 890.588
  }
]