[
  {
    "Plan": {
      "Node Type": "Aggregate",
      "Strategy": "Plain",
      "Partial Mode": "Finalize",
      "Parallel Aware": false,
      "Startup Cost": 338381.64,
      "Total Cost": 338381.65,
      "Plan Rows": 1,
      "Plan Width": 8,
      "Actual Startup Time": 747.847,
      "Actual Total Time": 804.24,
      "Actual Rows": 1,
      "Actual Loops": 1,
      "Plans": [
        {
          "Node Type": "Gather",
          "Parent Relationship": "Outer",
          "Parallel Aware": false,
          "Startup Cost": 338381.01,
          "Total Cost": 338381.62,
          "Plan Rows": 6,
          "Plan Width": 8,
          "Actual Startup Time": 747.729,
          "Actual Total Time": 804.231,
          "Actual Rows": 7,
          "Actual Loops": 1,
          "Workers Planned": 6,
          "Workers Launched": 6,
          "Single Copy": false,
          "Plans": [
            {
              "Node Type": "Aggregate",
              "Strategy": "Plain",
              "Partial Mode": "Partial",
              "Parent Relationship": "Outer",
              "Parallel Aware": false,
              "Startup Cost": 337381.01,
              "Total Cost": 337381.02,
              "Plan Rows": 1,
              "Plan Width": 8,
              "Actual Startup Time": 739.961,
              "Actual Total Time": 739.962,
              "Actual Rows": 1,
              "Actual Loops": 7,
              "Plans": [
                {
                  "Node Type": "Seq Scan",
                  "Parent Relationship": "Outer",
                  "Parallel Aware": true,
                  "Relation Name": "cast_info",
                  "Alias": "ci",
                  "Startup Cost": 0.0,
                  "Total Cost": 328162.03,
                  "Plan Rows": 3687594,
                  "Plan Width": 0,
                  "Actual Startup Time": 152.23,
                  "Actual Total Time": 604.384,
                  "Actual Rows": 3163244,
                  "Actual Loops": 7,
                  "Filter": "(person_id > 1388860)",
                  "Rows Removed by Filter": 2014519
                }
              ]
            }
          ]
        }
      ]
    },
    "Planning Time": 0.197,
    "Triggers": [],
    "Execution Time": 804.308
  }
]