[
  {
    "Plan": {
      "Node Type": "Aggregate",
      "Strategy": "Plain",
      "Partial Mode": "Simple",
      "Parallel Aware": false,
      "Startup Cost": 38981.25,
      "Total Cost": 38981.26,
      "Plan Rows": 1,
      "Plan Width": 8,
      "Actual Startup Time": 71.189,
      "Actual Total Time": 71.19,
      "Actual Rows": 1,
      "Actual Loops": 1,
      "Plans": [
        {
          "Node Type": "Bitmap Heap Scan",
          "Parent Relationship": "Outer",
          "Parallel Aware": false,
          "Relation Name": "title",
          "Alias": "t",
          "Startup Cost": 1617.13,
          "Total Cost": 38975.34,
          "Plan Rows": 2364,
          "Plan Width": 0,
          "Actual Startup Time": 24.663,
          "Actual Total Time": 71.058,
          "Actual Rows": 2224,
          "Actual Loops": 1,
          "Recheck Cond": "(kind_id = 2)",
          "Rows Removed by Index Recheck": 0,
          "Filter": "(production_year = 2013)",
          "Rows Removed by Filter": 88628,
          "Exact Heap Blocks": 23872,
          "Lossy Heap Blocks": 0,
          "Plans": [
            {
              "Node Type": "Bitmap Index Scan",
              "Parent Relationship": "Outer",
              "Parallel Aware": false,
              "Index Name": "kind_id_title",
              "Startup Cost": 0.0,
              "Total Cost": 1616.54,
              "Plan Rows": 90681,
              "Plan Width": 0,
              "Actual Startup Time": 17.639,
              "Actual Total Time": 17.639,
              "Actual Rows": 90852,
              "Actual Loops": 1,
              "Index Cond": "(kind_id = 2)"
            }
          ]
        }
      ]
    },
    "Planning Time": 0.149,
    "Triggers": [],
    "Execution Time": 71.246
  }
]