[
  {
    "Plan": {
      "Node Type": "Aggregate",
      "Strategy": "Plain",
      "Partial Mode": "Finalize",
      "Parallel Aware": false,
      "Startup Cost": 77137.6,
      "Total Cost": 77137.61,
      "Plan Rows": 1,
      "Plan Width": 8,
      "Actual Startup Time": 187.044,
      "Actual Total Time": 202.641,
      "Actual Rows": 1,
      "Actual Loops": 1,
      "Plans": [
        {
          "Node Type": "Gather",
          "Parent Relationship": "Outer",
          "Parallel Aware": false,
          "Startup Cost": 77137.28,
          "Total Cost": 77137.59,
          "Plan Rows": 3,
          "Plan Width": 8,
          "Actual Startup Time": 186.574,
          "Actual Total Time": 202.633,
          "Actual Rows": 4,
          "Actual Loops": 1,
          "Workers Planned": 3,
          "Workers Launched": 3,
          "Single Copy": false,
          "Plans": [
            {
              "Node Type": "Aggregate",
              "Strategy": "Plain",
              "Partial Mode": "Partial",
              "Parent Relationship": "Outer",
              "Parallel Aware": false,
              "Startup Cost": 76137.28,
              "Total Cost": 76137.29,
              "Plan Rows": 1,
              "Plan Width": 8,
              "Actual Startup Time": 181.402,
              "Actual Total Time": 181.405,
              "Actual Rows": 1,
              "Actual Loops": 4,
              "Plans": [
                {
                  "Node Type": "Hash Join",
                  "Parent Relationship": "Outer",
                  "Parallel Aware": true,
                  "Join Type": "Inner",
                  "Startup Cost": 44091.06,
                  "Total Cost": 76123.02,
                  "Plan Rows": 5705,
                  "Plan Width": 0,
                  "Actual Startup Time": 131.96,
                  "Actual Total Time": 181.228,
                  "Actual Rows": 2370,
                  "Actual Loops": 4,
                  "Inner Unique": true,
                  "Hash Cond": "(mc.movie_id = t.id)",
                  "Plans": [
                    {
                      "Node Type": "Seq Scan",
                      "Parent Relationship": "Outer",
                      "Parallel Aware": true,
                      "Relation Name": "movie_companies",
                      "Alias": "mc",
                      "Startup Cost": 0.0,
                      "Total Cost": 31414.82,
                      "Plan Rows": 235102,
                      "Plan Width": 4,
                      "Actual Startup Time": 33.449,
                      "Actual Total Time": 66.753,
                      "Actual Rows": 114690,
                      "Actual Loops": 4,
                      "Filter": "((company_id < 12727) AND (company_type_id > 1))",
                      "Rows Removed by Filter": 537592
                    },
                    {
                      "Node Type": "Hash",
                      "Parent Relationship": "Inner",
                      "Parallel Aware": true,
                      "Startup Cost": 43899.32,
                      "Total Cost": 43899.32,
                      "Plan Rows": 15339,
                      "Plan Width": 4,
                      "Actual Startup Time": 97.693,
                      "Actual Total Time": 97.694,
                      "Actual Rows": 14648,
                      "Actual Loops": 4,
                      "Hash Buckets": 65536,
                      "Original Hash Buckets": 65536,
                      "Hash Batches": 1,
                      "Original Hash Batches": 1,
                      "Peak Memory Usage": 2848,
                      "Plans": [
                        {
                          "Node Type": "Seq Scan",
                          "Parent Relationship": "Outer",
                          "Parallel Aware": true,
                          "Relation Name": "title",
                          "Alias": "t",
                          "Startup Cost": 0.0,
                          "Total Cost": 43899.32,
                          "Plan Rows": 15339,
                          "Plan Width": 4,
                          "Actual Startup Time": 0.034,
                          "Actual Total Time": 91.409,
                          "Actual Rows": 14648,
                          "Actual Loops": 4,
                          "Filter": "(production_year = 2001)",
                          "Rows Removed by Filter": 617430
                        }
                      ]
                    }
                  ]
                }
              ]
            }
          ]
        }
      ]
    },
    "Planning Time": 0.584,
    "Triggers": [],
    "Execution Time": 202.681
  }
]