[
  {
    "Plan": {
      "Node Type": "Aggregate",
      "Strategy": "Plain",
      "Partial Mode": "Finalize",
      "Parallel Aware": false,
      "Startup Cost": 46356.49,
      "Total Cost": 46356.5,
      "Plan Rows": 1,
      "Plan Width": 8,
      "Actual Startup Time": 189.557,
      "Actual Total Time": 199.174,
      "Actual Rows": 1,
      "Actual Loops": 1,
      "Plans": [
        {
          "Node Type": "Gather",
          "Parent Relationship": "Outer",
          "Parallel Aware": false,
          "Startup Cost": 46356.17,
          "Total Cost": 46356.48,
          "Plan Rows": 3,
          "Plan Width": 8,
          "Actual Startup Time": 189.406,
          "Actual Total Time": 199.165,
          "Actual Rows": 4,
          "Actual Loops": 1,
          "Workers Planned": 3,
          "Workers Launched": 3,
          "Single Copy": false,
          "Plans": [
            {
              "Node Type": "Aggregate",
              "Strategy": "Plain",
              "Partial Mode": "Partial",
              "Parent Relationship": "Outer",
              "Parallel Aware": false,
              "Startup Cost": 45356.17,
              "Total Cost": 45356.18,
              "Plan Rows": 1,
              "Plan Width": 8,
              "Actual Startup Time": 182.118,
              "Actual Total Time": 182.119,
              "Actual Rows": 1,
              "Actual Loops": 4,
              "Plans": [
                {
                  "Node Type": "Seq Scan",
                  "Parent Relationship": "Outer",
                  "Parallel Aware": true,
                  "Relation Name": "movie_keyword",
                  "Alias": "mk",
                  "Startup Cost": 0.0,
                  "Total Cost": 42695.65,
                  "Plan Rows": 1064207,
                  "Plan Width": 0,
                  "Actual Startup Time": 0.055,
                  "Actual Total Time": 138.48,
                  "Actual Rows": 823439,
                  "Actual Loops": 4,
                  "Filter": "(keyword_id < 14742)",
                  "Rows Removed by Filter": 307543
                }
              ]
            }
          ]
        }
      ]
    },
    "Planning Time": 0.174,
    "Triggers": [],
    "Execution Time": 199.22
  }
]