[
  {
    "Plan": {
      "Node Type": "Aggregate",
      "Strategy": "Plain",
      "Partial Mode": "Finalize",
      "Parallel Aware": false,
      "Startup Cost": 393808.59,
      "Total Cost": 393808.6,
      "Plan Rows": 1,
      "Plan Width": 8,
      "Actual Startup Time": 2109.862,
      "Actual Total Time": 2169.892,
      "Actual Rows": 1,
      "Actual Loops": 1,
      "Plans": [
        {
          "Node Type": "Gather",
          "Parent Relationship": "Outer",
          "Parallel Aware": false,
          "Startup Cost": 393807.97,
          "Total Cost": 393808.58,
          "Plan Rows": 6,
          "Plan Width": 8,
          "Actual Startup Time": 2101.87,
          "Actual Total Time": 2169.878,
          "Actual Rows": 7,
          "Actual Loops": 1,
          "Workers Planned": 6,
          "Workers Launched": 6,
          "Single Copy": false,
          "Plans": [
            {
              "Node Type": "Aggregate",
              "Strategy": "Plain",
              "Partial Mode": "Partial",
              "Parent Relationship": "Outer",
              "Parallel Aware": false,
              "Startup Cost": 392807.97,
              "Total Cost": 392807.98,
              "Plan Rows": 1,
              "Plan Width": 8,
              "Actual Startup Time": 2086.494,
              "Actual Total Time": 2086.498,
              "Actual Rows": 1,
              "Actual Loops": 7,
              "Plans": [
                {
                  "Node Type": "Hash Join",
                  "Parent Relationship": "Outer",
                  "Parallel Aware": true,
                  "Join Type": "Inner",
                  "Startup Cost": 47636.2,
                  "Total Cost": 387541.01,
                  "Plan Rows": 2106782,
                  "Plan Width": 0,
                  "Actual Startup Time": 183.664,
                  "Actual Total Time": 1997.242,
                  "Actual Rows": 1861465,
                  "Actual Loops": 7,
                  "Inner Unique": true,
                  "Hash Cond": "(ci.movie_id = t.id)",
                  "Plans": [
                    {
                      "Node Type": "Seq Scan",
                      "Parent Relationship": "Outer",
                      "Parallel Aware": true,
                      "Relation Name": "cast_info",
                      "Alias": "ci",
                      "Startup Cost": 0.0,
                      "Total Cost": 328211.39,
                      "Plan Rows": 4454630,
                      "Plan Width": 4,
                      "Actual Startup Time": 0.026,
                      "Actual Total Time": 669.428,
                      "Actual Rows": 3829622,
                      "Actual Loops": 7,
                      "Filter": "(person_id < 2761611)",
                      "Rows Removed by Filter": 1348141
                    },
                    {
                      "Node Type": "Hash",
                      "Parent Relationship": "Inner",
                      "Parallel Aware": true,
                      "Startup Cost": 43899.32,
                      "Total Cost": 43899.32,
                      "Plan Rows": 298950,
                      "Plan Width": 4,
                      "Actual Startup Time": 178.702,
                      "Actual Total Time": 178.703,
                      "Actual Rows": 170360,
                      "Actual Loops": 7,
                      "Hash Buckets": 2097152,
                      "Original Hash Buckets": 2097152,
                      "Hash Batches": 1,
                      "Original Hash Batches": 1,
                      "Peak Memory Usage": 63104,
                      "Plans": [
                        {
                          "Node Type": "Seq Scan",
                          "Parent Relationship": "Outer",
                          "Parallel Aware": true,
                          "Relation Name": "title",
                          "Alias": "t",
                          "Startup Cost": 0.0,
                          "Total Cost": 43899.32,
                          "Plan Rows": 298950,
                          "Plan Width": 4,
                          "Actual Startup Time": 0.035,
                          "Actual Total Time": 86.28,
                          "Actual Rows": 170360,
                          "Actual Loops": 7,
                          "Filter": "(production_year > 2003)",
                          "Rows Removed by Filter": 190828
                        }
                      ]
                    }
                  ]
                }
              ]
            }
          ]
        }
      ]
    },
    "Planning Time": 0.562,
    "Triggers": [],
    "Execution Time": 2169.978
  }
]