{
  "Plan": {
    "Node Type": "Aggregate",
    "Strategy": "Plain",
    "Partial Mode": "Finalize",
    "Parallel Aware": false,
    "Startup Cost": 1088455.8,
    "Total Cost": 1088455.81,
    "Plan Rows": 1,
    "Plan Width": 8,
    "Actual Startup Time": 19289.517,
    "Actual Total Time": 19377.213,
    "Actual Rows": 1,
    "Actual Loops": 1,
    "Plans": [
      {
        "Node Type": "Gather",
        "Parent Relationship": "Outer",
        "Parallel Aware": false,
        "Startup Cost": 1088455.68,
        "Total Cost": 1088455.79,
        "Plan Rows": 1,
        "Plan Width": 8,
        "Actual Startup Time": 19278.51,
        "Actual Total Time": 19377.202,
        "Actual Rows": 2,
        "Actual Loops": 1,
        "Workers Planned": 1,
        "Workers Launched": 1,
        "Single Copy": false,
        "Plans": [
          {
            "Node Type": "Aggregate",
            "Strategy": "Plain",
            "Partial Mode": "Partial",
            "Parent Relationship": "Outer",
            "Parallel Aware": false,
            "Startup Cost": 1087455.68,
            "Total Cost": 1087455.69,
            "Plan Rows": 1,
            "Plan Width": 8,
            "Actual Startup Time": 19261.226,
            "Actual Total Time": 19262.939,
            "Actual Rows": 1,
            "Actual Loops": 2,
            "Plans": [
              {
                "Node Type": "Hash Join",
                "Parent Relationship": "Outer",
                "Parallel Aware": true,
                "Join Type": "Inner",
                "Startup Cost": 643788.82,
                "Total Cost": 1048836.13,
                "Plan Rows": 15447821,
                "Plan Width": 0,
                "Actual Startup Time": 5139.687,
                "Actual Total Time": 16452.586,
                "Actual Rows": 72781414,
                "Actual Loops": 2,
                "Inner Unique": false,
                "Hash Cond": "(mi.movie_id = t.id)",
                "Plans": [
                  {
                    "Node Type": "Seq Scan",
                    "Parent Relationship": "Outer",
                    "Parallel Aware": true,
                    "Relation Name": "movie_info",
                    "Alias": "mi",
                    "Startup Cost": 0.0,
                    "Total Cost": 248955.74,
                    "Plan Rows": 8696274,
                    "Plan Width": 4,
                    "Actual Startup Time": 0.03,
                    "Actual Total Time": 695.539,
                    "Actual Rows": 7417860,
                    "Actual Loops": 2
                  },
                  {
                    "Node Type": "Hash",
                    "Parent Relationship": "Inner",
                    "Parallel Aware": true,
                    "Startup Cost": 610765.37,
                    "Total Cost": 610765.37,
                    "Plan Rows": 2641876,
                    "Plan Width": 8,
                    "Actual Startup Time": 5103.041,
                    "Actual Total Time": 5104.751,
                    "Actual Rows": 2790390,
                    "Actual Loops": 2,
                    "Hash Buckets": 8388608,
                    "Original Hash Buckets": 8388608,
                    "Hash Batches": 1,
                    "Original Hash Batches": 1,
                    "Peak Memory Usage": 283904,
                    "Plans": [
                      {
                        "Node Type": "Hash Join",
                        "Parent Relationship": "Outer",
                        "Parallel Aware": true,
                        "Join Type": "Inner",
                        "Startup Cost": 62762.29,
                        "Total Cost": 610765.37,
                        "Plan Rows": 2641876,
                        "Plan Width": 8,
                        "Actual Startup Time": 255.266,
                        "Actual Total Time": 4127.838,
                        "Actual Rows": 2790390,
                        "Actual Loops": 2,
                        "Inner Unique": true,
                        "Hash Cond": "(ci.movie_id = t.id)",
                        "Plans": [
                          {
                            "Node Type": "Seq Scan",
                            "Parent Relationship": "Outer",
                            "Parallel Aware": true,
                            "Relation Name": "cast_info",
                            "Alias": "ci",
                            "Startup Cost": 0.0,
                            "Total Cost": 519069.44,
                            "Plan Rows": 11022321,
                            "Plan Width": 4,
                            "Actual Startup Time": 0.011,
                            "Actual Total Time": 1527.533,
                            "Actual Rows": 9394082,
                            "Actual Loops": 2,
                            "Filter": "(person_id < 1872430)",
                            "Rows Removed by Filter": 8728090
                          },
                          {
                            "Node Type": "Hash",
                            "Parent Relationship": "Inner",
                            "Parallel Aware": true,
                            "Startup Cost": 58306.47,
                            "Total Cost": 58306.47,
                            "Plan Rows": 356466,
                            "Plan Width": 4,
                            "Actual Startup Time": 252.423,
                            "Actual Total Time": 252.425,
                            "Actual Rows": 337845,
                            "Actual Loops": 2,
                            "Hash Buckets": 1048576,
                            "Original Hash Buckets": 1048576,
                            "Hash Batches": 1,
                            "Original Hash Batches": 1,
                            "Peak Memory Usage": 34656,
                            "Plans": [
                              {
                                "Node Type": "Seq Scan",
                                "Parent Relationship": "Outer",
                                "Parallel Aware": true,
                                "Relation Name": "title",
                                "Alias": "t",
                                "Startup Cost": 0.0,
                                "Total Cost": 58306.47,
                                "Plan Rows": 356466,
                                "Plan Width": 4,
                                "Actual Startup Time": 0.063,
                                "Actual Total Time": 153.34,
                                "Actual Rows": 337845,
                                "Actual Loops": 2,
                                "Filter": "((kind_id < 7) AND (production_year < 2007))",
                                "Rows Removed by Filter": 926311
                              }
                            ]
                          }
                        ]
                      }
                    ]
                  }
                ]
              }
            ]
          }
        ]
      }
    ]
  },
  "Planning Time": 0.99,
  "Triggers": [],
  "Execution Time": 19377.308
}