[
  {
    "Plan": {
      "Node Type": "Aggregate",
      "Strategy": "Plain",
      "Partial Mode": "Finalize",
      "Parallel Aware": false,
      "Startup Cost": 33052.49,
      "Total Cost": 33052.5,
      "Plan Rows": 1,
      "Plan Width": 8,
      "Actual Startup Time": 101.017,
      "Actual Total Time": 109.665,
      "Actual Rows": 1,
      "Actual Loops": 1,
      "Plans": [
        {
          "Node Type": "Gather",
          "Parent Relationship": "Outer",
          "Parallel Aware": false,
          "Startup Cost": 33052.17,
          "Total Cost": 33052.48,
          "Plan Rows": 3,
          "Plan Width": 8,
          "Actual Startup Time": 100.917,
          "Actual Total Time": 109.654,
          "Actual Rows": 4,
          "Actual Loops": 1,
          "Workers Planned": 3,
          "Workers Launched": 3,
          "Single Copy": false,
          "Plans": [
            {
              "Node Type": "Aggregate",
              "Strategy": "Plain",
              "Partial Mode": "Partial",
              "Parent Relationship": "Outer",
              "Parallel Aware": false,
              "Startup Cost": 32052.17,
              "Total Cost": 32052.18,
              "Plan Rows": 1,
              "Plan Width": 8,
              "Actual Startup Time": 96.983,
              "Actual Total Time": 96.984,
              "Actual Rows": 1,
              "Actual Loops": 4,
              "Plans": [
                {
                  "Node Type": "Seq Scan",
                  "Parent Relationship": "Outer",
                  "Parallel Aware": true,
                  "Relation Name": "movie_companies",
                  "Alias": "mc",
                  "Startup Cost": 0.0,
                  "Total Cost": 31414.82,
                  "Plan Rows": 254940,
                  "Plan Width": 0,
                  "Actual Startup Time": 0.021,
                  "Actual Total Time": 81.933,
                  "Actual Rows": 275379,
                  "Actual Loops": 4,
                  "Filter": "((company_id < 17206) AND (company_type_id < 2))",
                  "Rows Removed by Filter": 376903
                }
              ]
            }
          ]
        }
      ]
    },
    "Planning Time": 0.224,
    "Triggers": [],
    "Execution Time": 109.726
  }
]