[
    {
        "Bao": {
            "Bao prediction": "NaN",
            "Bao recommended hint": "(no hint)"
        }
    },
    {
        "Plan": {
            "Node Type": "Aggregate",
            "Strategy": "Plain",
            "Partial Mode": "Simple",
            "Parallel Aware": false,
            "Startup Cost": 26968.65,
            "Total Cost": 26968.66,
            "Plan Rows": 1,
            "Plan Width": 8,
            "Actual Startup Time": 38.583,
            "Actual Total Time": 38.585,
            "Actual Rows": 1,
            "Actual Loops": 1,
            "Output": [
                "count(*)"
            ],
            "Plans": [
                {
                    "Node Type": "Bitmap Heap Scan",
                    "Parent Relationship": "Outer",
                    "Parallel Aware": false,
                    "Relation Name": "movie_keyword",
                    "Schema": "public",
                    "Alias": "mk",
                    "Startup Cost": 761.7,
                    "Total Cost": 26879.21,
                    "Plan Rows": 35776,
                    "Plan Width": 0,
                    "Actual Startup Time": 12.265,
                    "Actual Total Time": 35.807,
                    "Actual Rows": 33093,
                    "Actual Loops": 1,
                    "Recheck Cond": "(mk.keyword_id > 108599)",
                    "Rows Removed by Index Recheck": 0,
                    "Exact Heap Blocks": 9196,
                    "Lossy Heap Blocks": 0,
                    "Plans": [
                        {
                            "Node Type": "Bitmap Index Scan",
                            "Parent Relationship": "Outer",
                            "Parallel Aware": false,
                            "Index Name": "keyword_id_movie_keyword",
                            "Startup Cost": 0.0,
                            "Total Cost": 752.75,
                            "Plan Rows": 35776,
                            "Plan Width": 0,
                            "Actual Startup Time": 7.891,
                            "Actual Total Time": 7.892,
                            "Actual Rows": 33093,
                            "Actual Loops": 1,
                            "Index Cond": "(mk.keyword_id > 108599)"
                        }
                    ]
                }
            ]
        },
        "Planning Time": 190.642,
        "Triggers": [],
        "Execution Time": 38.664
    }
]