[
  {
    "Plan": {
      "Node Type": "Aggregate",
      "Strategy": "Plain",
      "Partial Mode": "Finalize",
      "Parallel Aware": false,
      "Startup Cost": 630822.37,
      "Total Cost": 630822.38,
      "Plan Rows": 1,
      "Plan Width": 8,
      "Actual Startup Time": 2826.627,
      "Actual Total Time": 2916.401,
      "Actual Rows": 1,
      "Actual Loops": 1,
      "Plans": [
        {
          "Node Type": "Gather",
          "Parent Relationship": "Outer",
          "Parallel Aware": false,
          "Startup Cost": 630821.74,
          "Total Cost": 630822.35,
          "Plan Rows": 6,
          "Plan Width": 8,
          "Actual Startup Time": 2812.425,
          "Actual Total Time": 2916.391,
          "Actual Rows": 7,
          "Actual Loops": 1,
          "Workers Planned": 6,
          "Workers Launched": 6,
          "Single Copy": false,
          "Plans": [
            {
              "Node Type": "Aggregate",
              "Strategy": "Plain",
              "Partial Mode": "Partial",
              "Parent Relationship": "Outer",
              "Parallel Aware": false,
              "Startup Cost": 629821.74,
              "Total Cost": 629821.75,
              "Plan Rows": 1,
              "Plan Width": 8,
              "Actual Startup Time": 2789.407,
              "Actual Total Time": 2789.594,
              "Actual Rows": 1,
              "Actual Loops": 7,
              "Plans": [
                {
                  "Node Type": "Hash Join",
                  "Parent Relationship": "Outer",
                  "Parallel Aware": true,
                  "Join Type": "Inner",
                  "Startup Cost": 259886.66,
                  "Total Cost": 610807.54,
                  "Plan Rows": 7605680,
                  "Plan Width": 0,
                  "Actual Startup Time": 804.863,
                  "Actual Total Time": 2659.442,
                  "Actual Rows": 2985071,
                  "Actual Loops": 7,
                  "Inner Unique": false,
                  "Hash Cond": "(ci.movie_id = t.id)",
                  "Plans": [
                    {
                      "Node Type": "Seq Scan",
                      "Parent Relationship": "Outer",
                      "Parallel Aware": true,
                      "Relation Name": "cast_info",
                      "Alias": "ci",
                      "Startup Cost": 0.0,
                      "Total Cost": 313067.02,
                      "Plan Rows": 6038002,
                      "Plan Width": 4,
                      "Actual Startup Time": 0.031,
                      "Actual Total Time": 547.323,
                      "Actual Rows": 5177763,
                      "Actual Loops": 7
                    },
                    {
                      "Node Type": "Hash",
                      "Parent Relationship": "Inner",
                      "Parallel Aware": true,
                      "Startup Cost": 251924.85,
                      "Total Cost": 251924.85,
                      "Plan Rows": 636945,
                      "Plan Width": 8,
                      "Actual Startup Time": 797.731,
                      "Actual Total Time": 797.916,
                      "Actual Rows": 103261,
                      "Actual Loops": 7,
                      "Hash Buckets": 4194304,
                      "Original Hash Buckets": 4194304,
                      "Hash Batches": 1,
                      "Original Hash Batches": 1,
                      "Peak Memory Usage": 61120,
                      "Plans": [
                        {
                          "Node Type": "Hash Join",
                          "Parent Relationship": "Outer",
                          "Parallel Aware": true,
                          "Join Type": "Inner",
                          "Startup Cost": 48315.82,
                          "Total Cost": 251924.85,
                          "Plan Rows": 636945,
                          "Plan Width": 8,
                          "Actual Startup Time": 143.929,
                          "Actual Total Time": 727.893,
                          "Actual Rows": 103261,
                          "Actual Loops": 7,
                          "Inner Unique": true,
                          "Hash Cond": "(mi.movie_id = t.id)",
                          "Plans": [
                            {
                              "Node Type": "Seq Scan",
                              "Parent Relationship": "Outer",
                              "Parallel Aware": true,
                              "Relation Name": "movie_info",
                              "Alias": "mi",
                              "Startup Cost": 0.0,
                              "Total Cost": 198952.16,
                              "Plan Rows": 1774040,
                              "Plan Width": 4,
                              "Actual Startup Time": 0.031,
                              "Actual Total Time": 298.39,
                              "Actual Rows": 1280956,
                              "Actual Loops": 7,
                              "Filter": "(info_type_id < 15)",
                              "Rows Removed by Filter": 838432
                            },
                            {
                              "Node Type": "Hash",
                              "Parent Relationship": "Inner",
                              "Parallel Aware": true,
                              "Startup Cost": 45479.1,
                              "Total Cost": 45479.1,
                              "Plan Rows": 226938,
                              "Plan Width": 4,
                              "Actual Startup Time": 142.064,
                              "Actual Total Time": 142.065,
                              "Actual Rows": 141725,
                              "Actual Loops": 7,
                              "Hash Buckets": 1048576,
                              "Original Hash Buckets": 1048576,
                              "Hash Batches": 1,
                              "Original Hash Batches": 1,
                              "Peak Memory Usage": 47072,
                              "Plans": [
                                {
                                  "Node Type": "Seq Scan",
                                  "Parent Relationship": "Outer",
                                  "Parallel Aware": true,
                                  "Relation Name": "title",
                                  "Alias": "t",
                                  "Startup Cost": 0.0,
                                  "Total Cost": 45479.1,
                                  "Plan Rows": 226938,
                                  "Plan Width": 4,
                                  "Actual Startup Time": 0.043,
                                  "Actual Total Time": 77.725,
                                  "Actual Rows": 141725,
                                  "Actual Loops": 7,
                                  "Filter": "((production_year > 1998) AND (kind_id = 7))",
                                  "Rows Removed by Filter": 219463
                                }
                              ]
                            }
                          ]
                        }
                      ]
                    }
                  ]
                }
              ]
            }
          ]
        }
      ]
    },
    "Planning Time": 1.351,
    "Triggers": [],
    "Execution Time": 2916.506
  }
]