[
    {
        "Bao": {
            "Bao prediction": 887.034,
            "Bao recommended hint": "(no hint)"
        }
    },
    {
        "Plan": {
            "Node Type": "Aggregate",
            "Strategy": "Plain",
            "Partial Mode": "Finalize",
            "Parallel Aware": false,
            "Startup Cost": 76952.34,
            "Total Cost": 76952.35,
            "Plan Rows": 1,
            "Plan Width": 8,
            "Actual Startup Time": 262.016,
            "Actual Total Time": 269.998,
            "Actual Rows": 1,
            "Actual Loops": 1,
            "Output": [
                "count(*)"
            ],
            "Plans": [
                {
                    "Node Type": "Gather",
                    "Parent Relationship": "Outer",
                    "Parallel Aware": false,
                    "Startup Cost": 76951.92,
                    "Total Cost": 76952.33,
                    "Plan Rows": 4,
                    "Plan Width": 8,
                    "Actual Startup Time": 259.269,
                    "Actual Total Time": 269.985,
                    "Actual Rows": 5,
                    "Actual Loops": 1,
                    "Output": [
                        "(PARTIAL count(*))"
                    ],
                    "Workers Planned": 4,
                    "Workers Launched": 4,
                    "Single Copy": false,
                    "Plans": [
                        {
                            "Node Type": "Aggregate",
                            "Strategy": "Plain",
                            "Partial Mode": "Partial",
                            "Parent Relationship": "Outer",
                            "Parallel Aware": false,
                            "Startup Cost": 75951.92,
                            "Total Cost": 75951.93,
                            "Plan Rows": 1,
                            "Plan Width": 8,
                            "Actual Startup Time": 250.243,
                            "Actual Total Time": 250.246,
                            "Actual Rows": 1,
                            "Actual Loops": 5,
                            "Output": [
                                "PARTIAL count(*)"
                            ],
                            "Workers": [
                                {
                                    "Worker Number": 0,
                                    "Actual Startup Time": 247.626,
                                    "Actual Total Time": 247.63,
                                    "Actual Rows": 1,
                                    "Actual Loops": 1
                                },
                                {
                                    "Worker Number": 1,
                                    "Actual Startup Time": 249.124,
                                    "Actual Total Time": 249.128,
                                    "Actual Rows": 1,
                                    "Actual Loops": 1
                                },
                                {
                                    "Worker Number": 2,
                                    "Actual Startup Time": 247.831,
                                    "Actual Total Time": 247.834,
                                    "Actual Rows": 1,
                                    "Actual Loops": 1
                                },
                                {
                                    "Worker Number": 3,
                                    "Actual Startup Time": 248.163,
                                    "Actual Total Time": 248.167,
                                    "Actual Rows": 1,
                                    "Actual Loops": 1
                                }
                            ],
                            "Plans": [
                                {
                                    "Node Type": "Hash Join",
                                    "Parent Relationship": "Outer",
                                    "Parallel Aware": true,
                                    "Join Type": "Inner",
                                    "Startup Cost": 29815.04,
                                    "Total Cost": 75811.4,
                                    "Plan Rows": 56206,
                                    "Plan Width": 0,
                                    "Actual Startup Time": 132.609,
                                    "Actual Total Time": 249.717,
                                    "Actual Rows": 6153,
                                    "Actual Loops": 5,
                                    "Inner Unique": false,
                                    "Hash Cond": "(t.id = mc.movie_id)",
                                    "Workers": [
                                        {
                                            "Worker Number": 0,
                                            "Actual Startup Time": 143.312,
                                            "Actual Total Time": 247.07,
                                            "Actual Rows": 5452,
                                            "Actual Loops": 1
                                        },
                                        {
                                            "Worker Number": 1,
                                            "Actual Startup Time": 125.046,
                                            "Actual Total Time": 248.576,
                                            "Actual Rows": 5256,
                                            "Actual Loops": 1
                                        },
                                        {
                                            "Worker Number": 2,
                                            "Actual Startup Time": 108.697,
                                            "Actual Total Time": 247.283,
                                            "Actual Rows": 5306,
                                            "Actual Loops": 1
                                        },
                                        {
                                            "Worker Number": 3,
                                            "Actual Startup Time": 144.491,
                                            "Actual Total Time": 247.596,
                                            "Actual Rows": 5446,
                                            "Actual Loops": 1
                                        }
                                    ],
                                    "Plans": [
                                        {
                                            "Node Type": "Seq Scan",
                                            "Parent Relationship": "Outer",
                                            "Parallel Aware": true,
                                            "Relation Name": "title",
                                            "Schema": "public",
                                            "Alias": "t",
                                            "Startup Cost": 0.0,
                                            "Total Cost": 43899.01,
                                            "Plan Rows": 383209,
                                            "Plan Width": 4,
                                            "Actual Startup Time": 0.013,
                                            "Actual Total Time": 88.969,
                                            "Actual Rows": 308653,
                                            "Actual Loops": 5,
                                            "Output": [
                                                "t.id",
                                                "t.title",
                                                "t.imdb_index",
                                                "t.kind_id",
                                                "t.production_year",
                                                "t.imdb_id",
                                                "t.phonetic_code",
                                                "t.episode_of_id",
                                                "t.season_nr",
                                                "t.episode_nr",
                                                "t.series_years",
                                                "t.md5sum"
                                            ],
                                            "Filter": "(t.kind_id > 6)",
                                            "Rows Removed by Filter": 197010,
                                            "Workers": [
                                                {
                                                    "Worker Number": 0,
                                                    "Actual Startup Time": 0.014,
                                                    "Actual Total Time": 91.822,
                                                    "Actual Rows": 275943,
                                                    "Actual Loops": 1
                                                },
                                                {
                                                    "Worker Number": 1,
                                                    "Actual Startup Time": 0.014,
                                                    "Actual Total Time": 90.274,
                                                    "Actual Rows": 261894,
                                                    "Actual Loops": 1
                                                },
                                                {
                                                    "Worker Number": 2,
                                                    "Actual Startup Time": 0.018,
                                                    "Actual Total Time": 89.7,
                                                    "Actual Rows": 260896,
                                                    "Actual Loops": 1
                                                },
                                                {
                                                    "Worker Number": 3,
                                                    "Actual Startup Time": 0.01,
                                                    "Actual Total Time": 91.773,
                                                    "Actual Rows": 269610,
                                                    "Actual Loops": 1
                                                }
                                            ]
                                        },
                                        {
                                            "Node Type": "Hash",
                                            "Parent Relationship": "Inner",
                                            "Parallel Aware": true,
                                            "Startup Cost": 28319.73,
                                            "Total Cost": 28319.73,
                                            "Plan Rows": 119625,
                                            "Plan Width": 4,
                                            "Actual Startup Time": 92.239,
                                            "Actual Total Time": 92.24,
                                            "Actual Rows": 75286,
                                            "Actual Loops": 5,
                                            "Output": [
                                                "mc.movie_id"
                                            ],
                                            "Hash Buckets": 524288,
                                            "Original Hash Buckets": 524288,
                                            "Hash Batches": 1,
                                            "Original Hash Batches": 1,
                                            "Peak Memory Usage": 18912,
                                            "Workers": [
                                                {
                                                    "Worker Number": 0,
                                                    "Actual Startup Time": 91.967,
                                                    "Actual Total Time": 91.968,
                                                    "Actual Rows": 60258,
                                                    "Actual Loops": 1
                                                },
                                                {
                                                    "Worker Number": 1,
                                                    "Actual Startup Time": 93.542,
                                                    "Actual Total Time": 93.544,
                                                    "Actual Rows": 54830,
                                                    "Actual Loops": 1
                                                },
                                                {
                                                    "Worker Number": 2,
                                                    "Actual Startup Time": 92.194,
                                                    "Actual Total Time": 92.195,
                                                    "Actual Rows": 56316,
                                                    "Actual Loops": 1
                                                },
                                                {
                                                    "Worker Number": 3,
                                                    "Actual Startup Time": 92.228,
                                                    "Actual Total Time": 92.229,
                                                    "Actual Rows": 60567,
                                                    "Actual Loops": 1
                                                }
                                            ],
                                            "Plans": [
                                                {
                                                    "Node Type": "Bitmap Heap Scan",
                                                    "Parent Relationship": "Outer",
                                                    "Parallel Aware": true,
                                                    "Relation Name": "movie_companies",
                                                    "Schema": "public",
                                                    "Alias": "mc",
                                                    "Startup Cost": 8034.42,
                                                    "Total Cost": 28319.73,
                                                    "Plan Rows": 119625,
                                                    "Plan Width": 4,
                                                    "Actual Startup Time": 31.097,
                                                    "Actual Total Time": 62.803,
                                                    "Actual Rows": 75286,
                                                    "Actual Loops": 5,
                                                    "Output": [
                                                        "mc.movie_id"
                                                    ],
                                                    "Recheck Cond": "(mc.company_id > 84838)",
                                                    "Rows Removed by Index Recheck": 0,
                                                    "Exact Heap Blocks": 2414,
                                                    "Lossy Heap Blocks": 0,
                                                    "Workers": [
                                                        {
                                                            "Worker Number": 0,
                                                            "Actual Startup Time": 30.975,
                                                            "Actual Total Time": 63.856,
                                                            "Actual Rows": 60258,
                                                            "Actual Loops": 1
                                                        },
                                                        {
                                                            "Worker Number": 1,
                                                            "Actual Startup Time": 31.292,
                                                            "Actual Total Time": 63.887,
                                                            "Actual Rows": 54830,
                                                            "Actual Loops": 1
                                                        },
                                                        {
                                                            "Worker Number": 2,
                                                            "Actual Startup Time": 31.229,
                                                            "Actual Total Time": 63.923,
                                                            "Actual Rows": 56316,
                                                            "Actual Loops": 1
                                                        },
                                                        {
                                                            "Worker Number": 3,
                                                            "Actual Startup Time": 31.013,
                                                            "Actual Total Time": 64.221,
                                                            "Actual Rows": 60567,
                                                            "Actual Loops": 1
                                                        }
                                                    ],
                                                    "Plans": [
                                                        {
                                                            "Node Type": "Bitmap Index Scan",
                                                            "Parent Relationship": "Outer",
                                                            "Parallel Aware": false,
                                                            "Index Name": "company_id_movie_companies",
                                                            "Startup Cost": 0.0,
                                                            "Total Cost": 7941.71,
                                                            "Plan Rows": 370837,
                                                            "Plan Width": 0,
                                                            "Actual Startup Time": 30.055,
                                                            "Actual Total Time": 30.055,
                                                            "Actual Rows": 376432,
                                                            "Actual Loops": 1,
                                                            "Index Cond": "(mc.company_id > 84838)"
                                                        }
                                                    ]
                                                }
                                            ]
                                        }
                                    ]
                                }
                            ]
                        }
                    ]
                }
            ]
        },
        "Planning Time": 736.619,
        "Triggers": [],
        "Execution Time": 270.165
    }
]