[
  {
    "Plan": {
      "Node Type": "Aggregate",
      "Strategy": "Plain",
      "Partial Mode": "Finalize",
      "Parallel Aware": false,
      "Startup Cost": 46639.02,
      "Total Cost": 46639.03,
      "Plan Rows": 1,
      "Plan Width": 8,
      "Actual Startup Time": 110.725,
      "Actual Total Time": 124.321,
      "Actual Rows": 1,
      "Actual Loops": 1,
      "Plans": [
        {
          "Node Type": "Gather",
          "Parent Relationship": "Outer",
          "Parallel Aware": false,
          "Startup Cost": 46638.6,
          "Total Cost": 46639.01,
          "Plan Rows": 4,
          "Plan Width": 8,
          "Actual Startup Time": 110.544,
          "Actual Total Time": 124.311,
          "Actual Rows": 5,
          "Actual Loops": 1,
          "Workers Planned": 4,
          "Workers Launched": 4,
          "Single Copy": false,
          "Plans": [
            {
              "Node Type": "Aggregate",
              "Strategy": "Plain",
              "Partial Mode": "Partial",
              "Parent Relationship": "Outer",
              "Parallel Aware": false,
              "Startup Cost": 45638.6,
              "Total Cost": 45638.61,
              "Plan Rows": 1,
              "Plan Width": 8,
              "Actual Startup Time": 103.008,
              "Actual Total Time": 103.009,
              "Actual Rows": 1,
              "Actual Loops": 5,
              "Plans": [
                {
                  "Node Type": "Nested Loop",
                  "Parent Relationship": "Outer",
                  "Parallel Aware": false,
                  "Join Type": "Inner",
                  "Startup Cost": 0.56,
                  "Total Cost": 45638.57,
                  "Plan Rows": 10,
                  "Plan Width": 0,
                  "Actual Startup Time": 71.384,
                  "Actual Total Time": 102.992,
                  "Actual Rows": 17,
                  "Actual Loops": 5,
                  "Inner Unique": false,
                  "Plans": [
                    {
                      "Node Type": "Seq Scan",
                      "Parent Relationship": "Outer",
                      "Parallel Aware": true,
                      "Relation Name": "title",
                      "Alias": "t",
                      "Startup Cost": 0.0,
                      "Total Cost": 43899.32,
                      "Plan Rows": 12,
                      "Plan Width": 4,
                      "Actual Startup Time": 65.855,
                      "Actual Total Time": 94.587,
                      "Actual Rows": 207,
                      "Actual Loops": 5,
                      "Filter": "(production_year < 1897)",
                      "Rows Removed by Filter": 505455
                    },
                    {
                      "Node Type": "Index Scan",
                      "Parent Relationship": "Inner",
                      "Parallel Aware": false,
                      "Scan Direction": "Forward",
                      "Index Name": "movie_id_cast_info",
                      "Relation Name": "cast_info",
                      "Alias": "ci",
                      "Startup Cost": 0.56,
                      "Total Cost": 144.92,
                      "Plan Rows": 2,
                      "Plan Width": 4,
                      "Actual Startup Time": 0.039,
                      "Actual Total Time": 0.04,
                      "Actual Rows": 0,
                      "Actual Loops": 1036,
                      "Index Cond": "(movie_id = t.id)",
                      "Rows Removed by Index Recheck": 0,
                      "Filter": "((person_id < 653289) AND (role_id = 1))",
                      "Rows Removed by Filter": 2
                    }
                  ]
                }
              ]
            }
          ]
        }
      ]
    },
    "Planning Time": 0.642,
    "Triggers": [],
    "Execution Time": 124.392
  }
]