[
  {
    "Plan": {
      "Node Type": "Aggregate",
      "Strategy": "Plain",
      "Partial Mode": "Finalize",
      "Parallel Aware": false,
      "Startup Cost": 87422.19,
      "Total Cost": 87422.2,
      "Plan Rows": 1,
      "Plan Width": 8,
      "Actual Startup Time": 392.919,
      "Actual Total Time": 435.018,
      "Actual Rows": 1,
      "Actual Loops": 1,
      "Plans": [
        {
          "Node Type": "Gather",
          "Parent Relationship": "Outer",
          "Parallel Aware": false,
          "Startup Cost": 87421.97,
          "Total Cost": 87422.18,
          "Plan Rows": 2,
          "Plan Width": 8,
          "Actual Startup Time": 391.997,
          "Actual Total Time": 435.005,
          "Actual Rows": 3,
          "Actual Loops": 1,
          "Workers Planned": 2,
          "Workers Launched": 2,
          "Single Copy": false,
          "Plans": [
            {
              "Node Type": "Aggregate",
              "Strategy": "Plain",
              "Partial Mode": "Partial",
              "Parent Relationship": "Outer",
              "Parallel Aware": false,
              "Startup Cost": 86421.97,
              "Total Cost": 86421.98,
              "Plan Rows": 1,
              "Plan Width": 8,
              "Actual Startup Time": 386.361,
              "Actual Total Time": 386.365,
              "Actual Rows": 1,
              "Actual Loops": 3,
              "Plans": [
                {
                  "Node Type": "Nested Loop",
                  "Parent Relationship": "Outer",
                  "Parallel Aware": false,
                  "Join Type": "Inner",
                  "Startup Cost": 45632.52,
                  "Total Cost": 86259.07,
                  "Plan Rows": 65163,
                  "Plan Width": 0,
                  "Actual Startup Time": 108.826,
                  "Actual Total Time": 375.091,
                  "Actual Rows": 235577,
                  "Actual Loops": 3,
                  "Inner Unique": false,
                  "Join Filter": "(t.id = mi.movie_id)",
                  "Rows Removed by Join Filter": 0,
                  "Plans": [
                    {
                      "Node Type": "Hash Join",
                      "Parent Relationship": "Outer",
                      "Parallel Aware": true,
                      "Join Type": "Inner",
                      "Startup Cost": 45632.09,
                      "Total Cost": 60826.65,
                      "Plan Rows": 11098,
                      "Plan Width": 8,
                      "Actual Startup Time": 108.742,
                      "Actual Total Time": 186.384,
                      "Actual Rows": 13204,
                      "Actual Loops": 3,
                      "Inner Unique": true,
                      "Hash Cond": "(mi_idx.movie_id = t.id)",
                      "Plans": [
                        {
                          "Node Type": "Seq Scan",
                          "Parent Relationship": "Outer",
                          "Parallel Aware": true,
                          "Relation Name": "movie_info_idx",
                          "Alias": "mi_idx",
                          "Startup Cost": 0.0,
                          "Total Cost": 13685.15,
                          "Plan Rows": 575015,
                          "Plan Width": 4,
                          "Actual Startup Time": 0.032,
                          "Actual Total Time": 35.588,
                          "Actual Rows": 460012,
                          "Actual Loops": 3
                        },
                        {
                          "Node Type": "Hash",
                          "Parent Relationship": "Inner",
                          "Parallel Aware": true,
                          "Startup Cost": 45479.59,
                          "Total Cost": 45479.59,
                          "Plan Rows": 12200,
                          "Plan Width": 4,
                          "Actual Startup Time": 108.122,
                          "Actual Total Time": 108.123,
                          "Actual Rows": 12917,
                          "Actual Loops": 3,
                          "Hash Buckets": 65536,
                          "Original Hash Buckets": 65536,
                          "Hash Batches": 1,
                          "Original Hash Batches": 1,
                          "Peak Memory Usage": 2080,
                          "Plans": [
                            {
                              "Node Type": "Seq Scan",
                              "Parent Relationship": "Outer",
                              "Parallel Aware": true,
                              "Relation Name": "title",
                              "Alias": "t",
                              "Startup Cost": 0.0,
                              "Total Cost": 45479.59,
                              "Plan Rows": 12200,
                              "Plan Width": 4,
                              "Actual Startup Time": 0.143,
                              "Actual Total Time": 103.522,
                              "Actual Rows": 12917,
                              "Actual Loops": 3,
                              "Filter": "((kind_id < 7) AND (production_year = 2008))",
                              "Rows Removed by Filter": 829853
                            }
                          ]
                        }
                      ]
                    },
                    {
                      "Node Type": "Index Only Scan",
                      "Parent Relationship": "Inner",
                      "Parallel Aware": false,
                      "Scan Direction": "Forward",
                      "Index Name": "movie_id_movie_info",
                      "Relation Name": "movie_info",
                      "Alias": "mi",
                      "Startup Cost": 0.43,
                      "Total Cost": 1.78,
                      "Plan Rows": 41,
                      "Plan Width": 4,
                      "Actual Startup Time": 0.004,
                      "Actual Total Time": 0.012,
                      "Actual Rows": 18,
                      "Actual Loops": 39613,
                      "Index Cond": "(movie_id = mi_idx.movie_id)",
                      "Rows Removed by Index Recheck": 0,
                      "Heap Fetches": 706731
                    }
                  ]
                }
              ]
            }
          ]
        }
      ]
    },
    "Planning Time": 0.351,
    "Triggers": [],
    "Execution Time": 435.07
  }
]