[
  {
    "Plan": {
      "Node Type": "Aggregate",
      "Strategy": "Plain",
      "Partial Mode": "Finalize",
      "Parallel Aware": false,
      "Startup Cost": 334333.69,
      "Total Cost": 334333.7,
      "Plan Rows": 1,
      "Plan Width": 8,
      "Actual Startup Time": 4489.534,
      "Actual Total Time": 4532.154,
      "Actual Rows": 1,
      "Actual Loops": 1,
      "Plans": [
        {
          "Node Type": "Gather",
          "Parent Relationship": "Outer",
          "Parallel Aware": false,
          "Startup Cost": 334333.16,
          "Total Cost": 334333.67,
          "Plan Rows": 5,
          "Plan Width": 8,
          "Actual Startup Time": 4465.69,
          "Actual Total Time": 4532.142,
          "Actual Rows": 6,
          "Actual Loops": 1,
          "Workers Planned": 5,
          "Workers Launched": 5,
          "Single Copy": false,
          "Plans": [
            {
              "Node Type": "Aggregate",
              "Strategy": "Plain",
              "Partial Mode": "Partial",
              "Parent Relationship": "Outer",
              "Parallel Aware": false,
              "Startup Cost": 333333.16,
              "Total Cost": 333333.17,
              "Plan Rows": 1,
              "Plan Width": 8,
              "Actual Startup Time": 4445.023,
              "Actual Total Time": 4445.632,
              "Actual Rows": 1,
              "Actual Loops": 6,
              "Plans": [
                {
                  "Node Type": "Hash Join",
                  "Parent Relationship": "Outer",
                  "Parallel Aware": true,
                  "Join Type": "Inner",
                  "Startup Cost": 109362.55,
                  "Total Cost": 324023.33,
                  "Plan Rows": 3723935,
                  "Plan Width": 0,
                  "Actual Startup Time": 573.347,
                  "Actual Total Time": 3302.933,
                  "Actual Rows": 29282055,
                  "Actual Loops": 6,
                  "Inner Unique": false,
                  "Hash Cond": "(mi.movie_id = t.id)",
                  "Plans": [
                    {
                      "Node Type": "Seq Scan",
                      "Parent Relationship": "Outer",
                      "Parallel Aware": true,
                      "Relation Name": "movie_info",
                      "Alias": "mi",
                      "Startup Cost": 0.0,
                      "Total Cost": 191560.33,
                      "Plan Rows": 2956733,
                      "Plan Width": 4,
                      "Actual Startup Time": 0.039,
                      "Actual Total Time": 276.502,
                      "Actual Rows": 2472620,
                      "Actual Loops": 6
                    },
                    {
                      "Node Type": "Hash",
                      "Parent Relationship": "Inner",
                      "Parallel Aware": true,
                      "Startup Cost": 96522.52,
                      "Total Cost": 96522.52,
                      "Plan Rows": 1027202,
                      "Plan Width": 8,
                      "Actual Startup Time": 565.245,
                      "Actual Total Time": 565.853,
                      "Actual Rows": 500592,
                      "Actual Loops": 6,
                      "Hash Buckets": 4194304,
                      "Original Hash Buckets": 4194304,
                      "Hash Batches": 1,
                      "Original Hash Batches": 1,
                      "Peak Memory Usage": 150400,
                      "Plans": [
                        {
                          "Node Type": "Hash Join",
                          "Parent Relationship": "Outer",
                          "Parallel Aware": true,
                          "Join Type": "Inner",
                          "Startup Cost": 50689.64,
                          "Total Cost": 96522.52,
                          "Plan Rows": 1027202,
                          "Plan Width": 8,
                          "Actual Startup Time": 243.385,
                          "Actual Total Time": 431.322,
                          "Actual Rows": 500592,
                          "Actual Loops": 6,
                          "Inner Unique": true,
                          "Hash Cond": "(mk.movie_id = t.id)",
                          "Plans": [
                            {
                              "Node Type": "Seq Scan",
                              "Parent Relationship": "Outer",
                              "Parallel Aware": true,
                              "Relation Name": "movie_keyword",
                              "Alias": "mk",
                              "Startup Cost": 0.0,
                              "Total Cost": 42695.65,
                              "Plan Rows": 1195135,
                              "Plan Width": 4,
                              "Actual Startup Time": 0.054,
                              "Actual Total Time": 84.793,
                              "Actual Rows": 615656,
                              "Actual Loops": 6,
                              "Filter": "(keyword_id > 795)",
                              "Rows Removed by Filter": 138332
                            },
                            {
                              "Node Type": "Hash",
                              "Parent Relationship": "Inner",
                              "Parallel Aware": true,
                              "Startup Cost": 43898.92,
                              "Total Cost": 43898.92,
                              "Plan Rows": 543258,
                              "Plan Width": 4,
                              "Actual Startup Time": 239.381,
                              "Actual Total Time": 239.382,
                              "Actual Rows": 359958,
                              "Actual Loops": 6,
                              "Hash Buckets": 4194304,
                              "Original Hash Buckets": 4194304,
                              "Hash Batches": 1,
                              "Original Hash Batches": 1,
                              "Peak Memory Usage": 117376,
                              "Plans": [
                                {
                                  "Node Type": "Seq Scan",
                                  "Parent Relationship": "Outer",
                                  "Parallel Aware": true,
                                  "Relation Name": "title",
                                  "Alias": "t",
                                  "Startup Cost": 0.0,
                                  "Total Cost": 43898.92,
                                  "Plan Rows": 543258,
                                  "Plan Width": 4,
                                  "Actual Startup Time": 0.051,
                                  "Actual Total Time": 83.547,
                                  "Actual Rows": 359958,
                                  "Actual Loops": 6,
                                  "Filter": "(production_year > 1964)",
                                  "Rows Removed by Filter": 61428
                                }
                              ]
                            }
                          ]
                        }
                      ]
                    }
                  ]
                }
              ]
            }
          ]
        }
      ]
    },
    "Planning Time": 1.383,
    "Triggers": [],
    "Execution Time": 4532.242
  }
]