[
  {
    "Plan": {
      "Node Type": "Aggregate",
      "Strategy": "Plain",
      "Partial Mode": "Finalize",
      "Parallel Aware": false,
      "Startup Cost": 200453.29,
      "Total Cost": 200453.3,
      "Plan Rows": 1,
      "Plan Width": 8,
      "Actual Startup Time": 303.94,
      "Actual Total Time": 317.818,
      "Actual Rows": 1,
      "Actual Loops": 1,
      "Plans": [
        {
          "Node Type": "Gather",
          "Parent Relationship": "Outer",
          "Parallel Aware": false,
          "Startup Cost": 200452.67,
          "Total Cost": 200453.28,
          "Plan Rows": 6,
          "Plan Width": 8,
          "Actual Startup Time": 303.834,
          "Actual Total Time": 317.805,
          "Actual Rows": 7,
          "Actual Loops": 1,
          "Workers Planned": 6,
          "Workers Launched": 6,
          "Single Copy": false,
          "Plans": [
            {
              "Node Type": "Aggregate",
              "Strategy": "Plain",
              "Partial Mode": "Partial",
              "Parent Relationship": "Outer",
              "Parallel Aware": false,
              "Startup Cost": 199452.67,
              "Total Cost": 199452.68,
              "Plan Rows": 1,
              "Plan Width": 8,
              "Actual Startup Time": 293.883,
              "Actual Total Time": 293.885,
              "Actual Rows": 1,
              "Actual Loops": 7,
              "Plans": [
                {
                  "Node Type": "Index Scan",
                  "Parent Relationship": "Outer",
                  "Parallel Aware": true,
                  "Scan Direction": "Forward",
                  "Index Name": "role_id_cast_info",
                  "Relation Name": "cast_info",
                  "Alias": "ci",
                  "Startup Cost": 0.56,
                  "Total Cost": 197877.72,
                  "Plan Rows": 629977,
                  "Plan Width": 0,
                  "Actual Startup Time": 8.259,
                  "Actual Total Time": 242.629,
                  "Actual Rows": 1052185,
                  "Actual Loops": 7,
                  "Index Cond": "(role_id = 2)",
                  "Rows Removed by Index Recheck": 0,
                  "Filter": "(person_id > 1750531)",
                  "Rows Removed by Filter": 12382
                }
              ]
            }
          ]
        }
      ]
    },
    "Planning Time": 0.222,
    "Triggers": [],
    "Execution Time": 317.883
  }
]