[
  {
    "Plan": {
      "Node Type": "Aggregate",
      "Strategy": "Plain",
      "Partial Mode": "Finalize",
      "Parallel Aware": false,
      "Startup Cost": 31321.93,
      "Total Cost": 31321.94,
      "Plan Rows": 1,
      "Plan Width": 8,
      "Actual Startup Time": 92.69,
      "Actual Total Time": 99.705,
      "Actual Rows": 1,
      "Actual Loops": 1,
      "Plans": [
        {
          "Node Type": "Gather",
          "Parent Relationship": "Outer",
          "Parallel Aware": false,
          "Startup Cost": 31321.61,
          "Total Cost": 31321.92,
          "Plan Rows": 3,
          "Plan Width": 8,
          "Actual Startup Time": 92.374,
          "Actual Total Time": 99.697,
          "Actual Rows": 4,
          "Actual Loops": 1,
          "Workers Planned": 3,
          "Workers Launched": 3,
          "Single Copy": false,
          "Plans": [
            {
              "Node Type": "Aggregate",
              "Strategy": "Plain",
              "Partial Mode": "Partial",
              "Parent Relationship": "Outer",
              "Parallel Aware": false,
              "Startup Cost": 30321.61,
              "Total Cost": 30321.62,
              "Plan Rows": 1,
              "Plan Width": 8,
              "Actual Startup Time": 85.664,
              "Actual Total Time": 85.665,
              "Actual Rows": 1,
              "Actual Loops": 4,
              "Plans": [
                {
                  "Node Type": "Bitmap Heap Scan",
                  "Parent Relationship": "Outer",
                  "Parallel Aware": true,
                  "Relation Name": "movie_keyword",
                  "Alias": "mk",
                  "Startup Cost": 4777.86,
                  "Total Cost": 30139.99,
                  "Plan Rows": 72650,
                  "Plan Width": 0,
                  "Actual Startup Time": 26.82,
                  "Actual Total Time": 81.922,
                  "Actual Rows": 53968,
                  "Actual Loops": 4,
                  "Recheck Cond": "(keyword_id > 65473)",
                  "Rows Removed by Index Recheck": 0,
                  "Exact Heap Blocks": 11475,
                  "Lossy Heap Blocks": 0,
                  "Plans": [
                    {
                      "Node Type": "Bitmap Index Scan",
                      "Parent Relationship": "Outer",
                      "Parallel Aware": false,
                      "Index Name": "keyword_id_movie_keyword",
                      "Startup Cost": 0.0,
                      "Total Cost": 4721.55,
                      "Plan Rows": 225216,
                      "Plan Width": 0,
                      "Actual Startup Time": 28.099,
                      "Actual Total Time": 28.099,
                      "Actual Rows": 215870,
                      "Actual Loops": 1,
                      "Index Cond": "(keyword_id > 65473)"
                    }
                  ]
                }
              ]
            }
          ]
        }
      ]
    },
    "Planning Time": 0.122,
    "Triggers": [],
    "Execution Time": 99.756
  }
]