{
    "Plan": {
        "Node Type": "Aggregate",
        "Strategy": "Plain",
        "Partial Mode": "Finalize",
        "Parallel Aware": false,
        "Startup Cost": 245926.73,
        "Total Cost": 245926.74,
        "Plan Rows": 1,
        "Plan Width": 8,
        "Actual Startup Time": 451.56,
        "Actual Total Time": 494.643,
        "Actual Rows": 1,
        "Actual Loops": 1,
        "Output": [
            "count(*)"
        ],
        "Plans": [
            {
                "Node Type": "Gather",
                "Parent Relationship": "Outer",
                "Parallel Aware": false,
                "Startup Cost": 245926.21,
                "Total Cost": 245926.72,
                "Plan Rows": 5,
                "Plan Width": 8,
                "Actual Startup Time": 451.198,
                "Actual Total Time": 494.62,
                "Actual Rows": 6,
                "Actual Loops": 1,
                "Output": [
                    "(PARTIAL count(*))"
                ],
                "Workers Planned": 5,
                "Workers Launched": 5,
                "Single Copy": false,
                "Plans": [
                    {
                        "Node Type": "Aggregate",
                        "Strategy": "Plain",
                        "Partial Mode": "Partial",
                        "Parent Relationship": "Outer",
                        "Parallel Aware": false,
                        "Startup Cost": 244926.21,
                        "Total Cost": 244926.22,
                        "Plan Rows": 1,
                        "Plan Width": 8,
                        "Actual Startup Time": 442.395,
                        "Actual Total Time": 442.4,
                        "Actual Rows": 1,
                        "Actual Loops": 6,
                        "Output": [
                            "PARTIAL count(*)"
                        ],
                        "Workers": [
                            {
                                "Worker Number": 0,
                                "Actual Startup Time": 438.267,
                                "Actual Total Time": 438.27,
                                "Actual Rows": 1,
                                "Actual Loops": 1
                            },
                            {
                                "Worker Number": 1,
                                "Actual Startup Time": 438.584,
                                "Actual Total Time": 438.59,
                                "Actual Rows": 1,
                                "Actual Loops": 1
                            },
                            {
                                "Worker Number": 2,
                                "Actual Startup Time": 443.63,
                                "Actual Total Time": 443.633,
                                "Actual Rows": 1,
                                "Actual Loops": 1
                            },
                            {
                                "Worker Number": 3,
                                "Actual Startup Time": 439.505,
                                "Actual Total Time": 439.511,
                                "Actual Rows": 1,
                                "Actual Loops": 1
                            },
                            {
                                "Worker Number": 4,
                                "Actual Startup Time": 443.876,
                                "Actual Total Time": 443.882,
                                "Actual Rows": 1,
                                "Actual Loops": 1
                            }
                        ],
                        "Plans": [
                            {
                                "Node Type": "Hash Join",
                                "Parent Relationship": "Outer",
                                "Parallel Aware": true,
                                "Join Type": "Inner",
                                "Startup Cost": 45674.16,
                                "Total Cost": 244917.69,
                                "Plan Rows": 3410,
                                "Plan Width": 0,
                                "Actual Startup Time": 109.613,
                                "Actual Total Time": 442.109,
                                "Actual Rows": 4482,
                                "Actual Loops": 6,
                                "Inner Unique": true,
                                "Hash Cond": "(mi.movie_id = t.id)",
                                "Workers": [
                                    {
                                        "Worker Number": 0,
                                        "Actual Startup Time": 105.515,
                                        "Actual Total Time": 437.955,
                                        "Actual Rows": 3294,
                                        "Actual Loops": 1
                                    },
                                    {
                                        "Worker Number": 1,
                                        "Actual Startup Time": 105.868,
                                        "Actual Total Time": 438.287,
                                        "Actual Rows": 4965,
                                        "Actual Loops": 1
                                    },
                                    {
                                        "Worker Number": 2,
                                        "Actual Startup Time": 110.763,
                                        "Actual Total Time": 443.332,
                                        "Actual Rows": 4990,
                                        "Actual Loops": 1
                                    },
                                    {
                                        "Worker Number": 3,
                                        "Actual Startup Time": 106.624,
                                        "Actual Total Time": 439.213,
                                        "Actual Rows": 4807,
                                        "Actual Loops": 1
                                    },
                                    {
                                        "Worker Number": 4,
                                        "Actual Startup Time": 111.0,
                                        "Actual Total Time": 443.579,
                                        "Actual Rows": 5014,
                                        "Actual Loops": 1
                                    }
                                ],
                                "Plans": [
                                    {
                                        "Node Type": "Seq Scan",
                                        "Parent Relationship": "Outer",
                                        "Parallel Aware": true,
                                        "Relation Name": "movie_info",
                                        "Schema": "public",
                                        "Alias": "mi",
                                        "Startup Cost": 0.0,
                                        "Total Cost": 198880.74,
                                        "Plan Rows": 138206,
                                        "Plan Width": 4,
                                        "Actual Startup Time": 17.8,
                                        "Actual Total Time": 335.353,
                                        "Actual Rows": 110154,
                                        "Actual Loops": 6,
                                        "Output": [
                                            "mi.id",
                                            "mi.movie_id",
                                            "mi.info_type_id",
                                            "mi.info",
                                            "mi.note"
                                        ],
                                        "Filter": "(mi.info_type_id = 18)",
                                        "Rows Removed by Filter": 2362466,
                                        "Workers": [
                                            {
                                                "Worker Number": 0,
                                                "Actual Startup Time": 17.765,
                                                "Actual Total Time": 336.102,
                                                "Actual Rows": 85251,
                                                "Actual Loops": 1
                                            },
                                            {
                                                "Worker Number": 1,
                                                "Actual Startup Time": 17.783,
                                                "Actual Total Time": 335.898,
                                                "Actual Rows": 117641,
                                                "Actual Loops": 1
                                            },
                                            {
                                                "Worker Number": 2,
                                                "Actual Startup Time": 17.778,
                                                "Actual Total Time": 335.888,
                                                "Actual Rows": 119446,
                                                "Actual Loops": 1
                                            },
                                            {
                                                "Worker Number": 3,
                                                "Actual Startup Time": 17.771,
                                                "Actual Total Time": 335.948,
                                                "Actual Rows": 119509,
                                                "Actual Loops": 1
                                            },
                                            {
                                                "Worker Number": 4,
                                                "Actual Startup Time": 17.783,
                                                "Actual Total Time": 336.025,
                                                "Actual Rows": 119018,
                                                "Actual Loops": 1
                                            }
                                        ]
                                    },
                                    {
                                        "Node Type": "Hash",
                                        "Parent Relationship": "Inner",
                                        "Parallel Aware": true,
                                        "Startup Cost": 45479.21,
                                        "Total Cost": 45479.21,
                                        "Plan Rows": 15596,
                                        "Plan Width": 4,
                                        "Actual Startup Time": 90.418,
                                        "Actual Total Time": 90.419,
                                        "Actual Rows": 8962,
                                        "Actual Loops": 6,
                                        "Output": [
                                            "t.id"
                                        ],
                                        "Hash Buckets": 65536,
                                        "Original Hash Buckets": 65536,
                                        "Hash Batches": 1,
                                        "Original Hash Batches": 1,
                                        "Peak Memory Usage": 2720,
                                        "Workers": [
                                            {
                                                "Worker Number": 0,
                                                "Actual Startup Time": 86.674,
                                                "Actual Total Time": 86.675,
                                                "Actual Rows": 7145,
                                                "Actual Loops": 1
                                            },
                                            {
                                                "Worker Number": 1,
                                                "Actual Startup Time": 86.984,
                                                "Actual Total Time": 86.987,
                                                "Actual Rows": 8876,
                                                "Actual Loops": 1
                                            },
                                            {
                                                "Worker Number": 2,
                                                "Actual Startup Time": 92.292,
                                                "Actual Total Time": 92.293,
                                                "Actual Rows": 9058,
                                                "Actual Loops": 1
                                            },
                                            {
                                                "Worker Number": 3,
                                                "Actual Startup Time": 87.938,
                                                "Actual Total Time": 87.94,
                                                "Actual Rows": 9007,
                                                "Actual Loops": 1
                                            },
                                            {
                                                "Worker Number": 4,
                                                "Actual Startup Time": 92.49,
                                                "Actual Total Time": 92.492,
                                                "Actual Rows": 9365,
                                                "Actual Loops": 1
                                            }
                                        ],
                                        "Plans": [
                                            {
                                                "Node Type": "Seq Scan",
                                                "Parent Relationship": "Outer",
                                                "Parallel Aware": true,
                                                "Relation Name": "title",
                                                "Schema": "public",
                                                "Alias": "t",
                                                "Startup Cost": 0.0,
                                                "Total Cost": 45479.21,
                                                "Plan Rows": 15596,
                                                "Plan Width": 4,
                                                "Actual Startup Time": 0.154,
                                                "Actual Total Time": 85.909,
                                                "Actual Rows": 8962,
                                                "Actual Loops": 6,
                                                "Output": [
                                                    "t.id"
                                                ],
                                                "Filter": "((t.kind_id < 7) AND (t.production_year = 2011))",
                                                "Rows Removed by Filter": 412424,
                                                "Workers": [
                                                    {
                                                        "Worker Number": 0,
                                                        "Actual Startup Time": 0.188,
                                                        "Actual Total Time": 82.728,
                                                        "Actual Rows": 7145,
                                                        "Actual Loops": 1
                                                    },
                                                    {
                                                        "Worker Number": 1,
                                                        "Actual Startup Time": 0.16,
                                                        "Actual Total Time": 82.681,
                                                        "Actual Rows": 8876,
                                                        "Actual Loops": 1
                                                    },
                                                    {
                                                        "Worker Number": 2,
                                                        "Actual Startup Time": 0.305,
                                                        "Actual Total Time": 87.241,
                                                        "Actual Rows": 9058,
                                                        "Actual Loops": 1
                                                    },
                                                    {
                                                        "Worker Number": 3,
                                                        "Actual Startup Time": 0.072,
                                                        "Actual Total Time": 83.545,
                                                        "Actual Rows": 9007,
                                                        "Actual Loops": 1
                                                    },
                                                    {
                                                        "Worker Number": 4,
                                                        "Actual Startup Time": 0.084,
                                                        "Actual Total Time": 88.006,
                                                        "Actual Rows": 9365,
                                                        "Actual Loops": 1
                                                    }
                                                ]
                                            }
                                        ]
                                    }
                                ]
                            }
                        ]
                    }
                ]
            }
        ]
    },
    "Planning Time": 0.548,
    "Triggers": [],
    "Execution Time": 494.728
}