{
  "Plan": {
    "Node Type": "Aggregate",
    "Strategy": "Plain",
    "Partial Mode": "Finalize",
    "Parallel Aware": false,
    "Startup Cost": 2688366.11,
    "Total Cost": 2688366.12,
    "Plan Rows": 1,
    "Plan Width": 64,
    "Actual Startup Time": 18333.705,
    "Actual Total Time": 18517.215,
    "Actual Rows": 1,
    "Actual Loops": 1,
    "Plans": [
      {
        "Node Type": "Gather",
        "Parent Relationship": "Outer",
        "Parallel Aware": false,
        "Startup Cost": 2688366.0,
        "Total Cost": 2688366.11,
        "Plan Rows": 1,
        "Plan Width": 64,
        "Actual Startup Time": 18291.806,
        "Actual Total Time": 18517.201,
        "Actual Rows": 2,
        "Actual Loops": 1,
        "Workers Planned": 1,
        "Workers Launched": 1,
        "Single Copy": false,
        "Plans": [
          {
            "Node Type": "Aggregate",
            "Strategy": "Plain",
            "Partial Mode": "Partial",
            "Parent Relationship": "Outer",
            "Parallel Aware": false,
            "Startup Cost": 2687366.0,
            "Total Cost": 2687366.01,
            "Plan Rows": 1,
            "Plan Width": 64,
            "Actual Startup Time": 18273.853,
            "Actual Total Time": 18273.866,
            "Actual Rows": 1,
            "Actual Loops": 2,
            "Plans": [
              {
                "Node Type": "Merge Join",
                "Parent Relationship": "Outer",
                "Parallel Aware": false,
                "Join Type": "Inner",
                "Startup Cost": 2682838.15,
                "Total Cost": 2686640.75,
                "Plan Rows": 145050,
                "Plan Width": 33,
                "Actual Startup Time": 17654.842,
                "Actual Total Time": 18180.659,
                "Actual Rows": 1243806,
                "Actual Loops": 2,
                "Inner Unique": true,
                "Merge Cond": "(mc.company_id = cn.id)",
                "Plans": [
                  {
                    "Node Type": "Sort",
                    "Parent Relationship": "Outer",
                    "Parallel Aware": false,
                    "Startup Cost": 2669802.61,
                    "Total Cost": 2670794.29,
                    "Plan Rows": 396671,
                    "Plan Width": 37,
                    "Actual Startup Time": 17611.423,
                    "Actual Total Time": 17842.49,
                    "Actual Rows": 2480714,
                    "Actual Loops": 2,
                    "Sort Key": [
                      "mc.company_id"
                    ],
                    "Sort Method": "quicksort",
                    "Sort Space Used": 327285,
                    "Sort Space Type": "Memory",
                    "Workers": [
                      {
                        "Worker Number": 0,
                        "Sort Method": "quicksort",
                        "Sort Space Used": 321562,
                        "Sort Space Type": "Memory"
                      }
                    ],
                    "Plans": [
                      {
                        "Node Type": "Merge Join",
                        "Parent Relationship": "Outer",
                        "Parallel Aware": false,
                        "Join Type": "Inner",
                        "Startup Cost": 2483906.76,
                        "Total Cost": 2632917.0,
                        "Plan Rows": 396671,
                        "Plan Width": 37,
                        "Actual Startup Time": 15582.552,
                        "Actual Total Time": 16833.609,
                        "Actual Rows": 2480714,
                        "Actual Loops": 2,
                        "Inner Unique": false,
                        "Merge Cond": "(mc.movie_id = ci.movie_id)",
                        "Plans": [
                          {
                            "Node Type": "Index Scan",
                            "Parent Relationship": "Outer",
                            "Parallel Aware": true,
                            "Scan Direction": "Forward",
                            "Index Name": "movie_id_movie_companies",
                            "Relation Name": "movie_companies",
                            "Alias": "mc",
                            "Startup Cost": 0.43,
                            "Total Cost": 129661.29,
                            "Plan Rows": 1534782,
                            "Plan Width": 8,
                            "Actual Startup Time": 0.064,
                            "Actual Total Time": 362.696,
                            "Actual Rows": 1304564,
                            "Actual Loops": 2
                          },
                          {
                            "Node Type": "Sort",
                            "Parent Relationship": "Inner",
                            "Parallel Aware": false,
                            "Startup Cost": 2483906.24,
                            "Total Cost": 2485540.0,
                            "Plan Rows": 653503,
                            "Plan Width": 41,
                            "Actual Startup Time": 15582.378,
                            "Actual Total Time": 15929.877,
                            "Actual Rows": 4083020,
                            "Actual Loops": 2,
                            "Sort Key": [
                              "ci.movie_id"
                            ],
                            "Sort Method": "quicksort",
                            "Sort Space Used": 328391,
                            "Sort Space Type": "Memory",
                            "Workers": [
                              {
                                "Worker Number": 0,
                                "Sort Method": "quicksort",
                                "Sort Space Used": 328391,
                                "Sort Space Type": "Memory"
                              }
                            ],
                            "Plans": [
                              {
                                "Node Type": "Merge Join",
                                "Parent Relationship": "Outer",
                                "Parallel Aware": false,
                                "Join Type": "Inner",
                                "Startup Cost": 2103352.84,
                                "Total Cost": 2420784.93,
                                "Plan Rows": 653503,
                                "Plan Width": 41,
                                "Actual Startup Time": 11089.338,
                                "Actual Total Time": 14723.983,
                                "Actual Rows": 2343724,
                                "Actual Loops": 2,
                                "Inner Unique": false,
                                "Merge Cond": "(n1.id = a1.person_id)",
                                "Plans": [
                                  {
                                    "Node Type": "Merge Join",
                                    "Parent Relationship": "Outer",
                                    "Parallel Aware": false,
                                    "Join Type": "Inner",
                                    "Startup Cost": 2103338.24,
                                    "Total Cost": 2332418.89,
                                    "Plan Rows": 3021485,
                                    "Plan Width": 33,
                                    "Actual Startup Time": 11089.291,
                                    "Actual Total Time": 13496.085,
                                    "Actual Rows": 2728943,
                                    "Actual Loops": 2,
                                    "Inner Unique": false,
                                    "Merge Cond": "(n1.id = ci.person_id)",
                                    "Plans": [
                                      {
                                        "Node Type": "Index Only Scan",
                                        "Parent Relationship": "Outer",
                                        "Parallel Aware": false,
                                        "Scan Direction": "Forward",
                                        "Index Name": "name_pkey",
                                        "Relation Name": "name",
                                        "Alias": "n1",
                                        "Startup Cost": 0.43,
                                        "Total Cost": 178171.22,
                                        "Plan Rows": 4167377,
                                        "Plan Width": 4,
                                        "Actual Startup Time": 0.14,
                                        "Actual Total Time": 1301.863,
                                        "Actual Rows": 3228420,
                                        "Actual Loops": 2,
                                        "Heap Fetches": 6456840
                                      },
                                      {
                                        "Node Type": "Sort",
                                        "Parent Relationship": "Inner",
                                        "Parallel Aware": false,
                                        "Startup Cost": 2103337.51,
                                        "Total Cost": 2110891.22,
                                        "Plan Rows": 3021485,
                                        "Plan Width": 29,
                                        "Actual Startup Time": 11089.097,
                                        "Actual Total Time": 11563.603,
                                        "Actual Rows": 2728943,
                                        "Actual Loops": 2,
                                        "Sort Key": [
                                          "ci.person_id"
                                        ],
                                        "Sort Method": "quicksort",
                                        "Sort Space Used": 320189,
                                        "Sort Space Type": "Memory",
                                        "Workers": [
                                          {
                                            "Worker Number": 0,
                                            "Sort Method": "quicksort",
                                            "Sort Space Used": 320189,
                                            "Sort Space Type": "Memory"
                                          }
                                        ],
                                        "Plans": [
                                          {
                                            "Node Type": "Merge Join",
                                            "Parent Relationship": "Outer",
                                            "Parallel Aware": false,
                                            "Join Type": "Inner",
                                            "Startup Cost": 1616239.8,
                                            "Total Cost": 1778122.6,
                                            "Plan Rows": 3021485,
                                            "Plan Width": 29,
                                            "Actual Startup Time": 7941.015,
                                            "Actual Total Time": 10193.966,
                                            "Actual Rows": 2728943,
                                            "Actual Loops": 2,
                                            "Inner Unique": false,
                                            "Merge Cond": "(t.id = ci.movie_id)",
                                            "Plans": [
                                              {
                                                "Node Type": "Index Scan",
                                                "Parent Relationship": "Outer",
                                                "Parallel Aware": false,
                                                "Scan Direction": "Forward",
                                                "Index Name": "title_pkey",
                                                "Relation Name": "title",
                                                "Alias": "t",
                                                "Startup Cost": 0.43,
                                                "Total Cost": 110359.06,
                                                "Plan Rows": 2528509,
                                                "Plan Width": 21,
                                                "Actual Startup Time": 0.082,
                                                "Actual Total Time": 1250.161,
                                                "Actual Rows": 2525972,
                                                "Actual Loops": 2
                                              },
                                              {
                                                "Node Type": "Sort",
                                                "Parent Relationship": "Inner",
                                                "Parallel Aware": false,
                                                "Startup Cost": 1616236.6,
                                                "Total Cost": 1623790.31,
                                                "Plan Rows": 3021485,
                                                "Plan Width": 8,
                                                "Actual Startup Time": 7940.843,
                                                "Actual Total Time": 8332.922,
                                                "Actual Rows": 2728943,
                                                "Actual Loops": 2,
                                                "Sort Key": [
                                                  "ci.movie_id"
                                                ],
                                                "Sort Method": "quicksort",
                                                "Sort Space Used": 226224,
                                                "Sort Space Type": "Memory",
                                                "Workers": [
                                                  {
                                                    "Worker Number": 0,
                                                    "Sort Method": "quicksort",
                                                    "Sort Space Used": 226224,
                                                    "Sort Space Type": "Memory"
                                                  }
                                                ],
                                                "Plans": [
                                                  {
                                                    "Node Type": "Merge Join",
                                                    "Parent Relationship": "Outer",
                                                    "Parallel Aware": false,
                                                    "Join Type": "Inner",
                                                    "Startup Cost": 0.7,
                                                    "Total Cost": 1291021.68,
                                                    "Plan Rows": 3021485,
                                                    "Plan Width": 8,
                                                    "Actual Startup Time": 6487.265,
                                                    "Actual Total Time": 7242.528,
                                                    "Actual Rows": 2728943,
                                                    "Actual Loops": 2,
                                                    "Inner Unique": false,
                                                    "Merge Cond": "(rt.id = ci.role_id)",
                                                    "Plans": [
                                                      {
                                                        "Node Type": "Index Scan",
                                                        "Parent Relationship": "Outer",
                                                        "Parallel Aware": false,
                                                        "Scan Direction": "Forward",
                                                        "Index Name": "role_type_pkey",
                                                        "Relation Name": "role_type",
                                                        "Alias": "rt",
                                                        "Startup Cost": 0.14,
                                                        "Total Cost": 12.35,
                                                        "Plan Rows": 1,
                                                        "Plan Width": 4,
                                                        "Actual Startup Time": 0.037,
                                                        "Actual Total Time": 0.043,
                                                        "Actual Rows": 1,
                                                        "Actual Loops": 2,
                                                        "Filter": "((role)::text = 'writer'::text)",
                                                        "Rows Removed by Filter": 11
                                                      },
                                                      {
                                                        "Node Type": "Index Scan",
                                                        "Parent Relationship": "Inner",
                                                        "Parallel Aware": false,
                                                        "Scan Direction": "Forward",
                                                        "Index Name": "role_id_cast_info",
                                                        "Relation Name": "cast_info",
                                                        "Alias": "ci",
                                                        "Startup Cost": 0.56,
                                                        "Total Cost": 1170149.92,
                                                        "Plan Rows": 36257824,
                                                        "Plan Width": 12,
                                                        "Actual Startup Time": 0.131,
                                                        "Actual Total Time": 5095.702,
                                                        "Actual Rows": 26859642,
                                                        "Actual Loops": 2
                                                      }
                                                    ]
                                                  }
                                                ]
                                              }
                                            ]
                                          }
                                        ]
                                      }
                                    ]
                                  },
                                  {
                                    "Node Type": "Index Scan",
                                    "Parent Relationship": "Inner",
                                    "Parallel Aware": false,
                                    "Scan Direction": "Forward",
                                    "Index Name": "person_id_aka_name",
                                    "Relation Name": "aka_name",
                                    "Alias": "a1",
                                    "Startup Cost": 0.42,
                                    "Total Cost": 72027.93,
                                    "Plan Rows": 901343,
                                    "Plan Width": 20,
                                    "Actual Startup Time": 0.032,
                                    "Actual Total Time": 732.106,
                                    "Actual Rows": 2866608,
                                    "Actual Loops": 2
                                  }
                                ]
                              }
                            ]
                          }
                        ]
                      }
                    ]
                  },
                  {
                    "Node Type": "Sort",
                    "Parent Relationship": "Inner",
                    "Parallel Aware": false,
                    "Startup Cost": 12974.89,
                    "Total Cost": 13189.72,
                    "Plan Rows": 85931,
                    "Plan Width": 4,
                    "Actual Startup Time": 43.409,
                    "Actual Total Time": 55.38,
                    "Actual Rows": 84843,
                    "Actual Loops": 2,
                    "Sort Key": [
                      "cn.id"
                    ],
                    "Sort Method": "quicksort",
                    "Sort Space Used": 7050,
                    "Sort Space Type": "Memory",
                    "Workers": [
                      {
                        "Worker Number": 0,
                        "Sort Method": "quicksort",
                        "Sort Space Used": 7050,
                        "Sort Space Type": "Memory"
                      }
                    ],
                    "Plans": [
                      {
                        "Node Type": "Seq Scan",
                        "Parent Relationship": "Outer",
                        "Parallel Aware": false,
                        "Relation Name": "company_name",
                        "Alias": "cn",
                        "Startup Cost": 0.0,
                        "Total Cost": 5932.46,
                        "Plan Rows": 85931,
                        "Plan Width": 4,
                        "Actual Startup Time": 0.049,
                        "Actual Total Time": 25.321,
                        "Actual Rows": 84843,
                        "Actual Loops": 2,
                        "Filter": "((country_code)::text = '[us]'::text)",
                        "Rows Removed by Filter": 150154
                      }
                    ]
                  }
                ]
              }
            ]
          }
        ]
      }
    ]
  },
  "Planning Time": 2.215,
  "Triggers": [],
  "Execution Time": 18583.598
}