[
  {
    "Plan": {
      "Node Type": "Aggregate",
      "Strategy": "Plain",
      "Partial Mode": "Simple",
      "Parallel Aware": false,
      "Startup Cost": 18962.96,
      "Total Cost": 18962.97,
      "Plan Rows": 1,
      "Plan Width": 96,
      "Actual Startup Time": 1430.579,
      "Actual Total Time": 1559.523,
      "Actual Rows": 1,
      "Actual Loops": 1,
      "Plans": [
        {
          "Node Type": "Gather",
          "Parent Relationship": "Outer",
          "Parallel Aware": false,
          "Startup Cost": 1006.71,
          "Total Cost": 18962.95,
          "Plan Rows": 1,
          "Plan Width": 65,
          "Actual Startup Time": 24.36,
          "Actual Total Time": 1557.706,
          "Actual Rows": 5685,
          "Actual Loops": 1,
          "Workers Planned": 2,
          "Workers Launched": 2,
          "Single Copy": false,
          "Plans": [
            {
              "Node Type": "Nested Loop",
              "Parent Relationship": "Outer",
              "Parallel Aware": false,
              "Join Type": "Inner",
              "Startup Cost": 6.71,
              "Total Cost": 17962.85,
              "Plan Rows": 1,
              "Plan Width": 65,
              "Actual Startup Time": 15.445,
              "Actual Total Time": 1418.39,
              "Actual Rows": 1895,
              "Actual Loops": 3,
              "Inner Unique": true,
              "Plans": [
                {
                  "Node Type": "Nested Loop",
                  "Parent Relationship": "Outer",
                  "Parallel Aware": false,
                  "Join Type": "Inner",
                  "Startup Cost": 6.28,
                  "Total Cost": 17961.31,
                  "Plan Rows": 3,
                  "Plan Width": 69,
                  "Actual Startup Time": 15.301,
                  "Actual Total Time": 1312.937,
                  "Actual Rows": 9519,
                  "Actual Loops": 3,
                  "Inner Unique": false,
                  "Plans": [
                    {
                      "Node Type": "Hash Join",
                      "Parent Relationship": "Outer",
                      "Parallel Aware": false,
                      "Join Type": "Inner",
                      "Startup Cost": 5.72,
                      "Total Cost": 17958.42,
                      "Plan Rows": 1,
                      "Plan Width": 77,
                      "Actual Startup Time": 4.801,
                      "Actual Total Time": 1013.319,
                      "Actual Rows": 1676,
                      "Actual Loops": 3,
                      "Inner Unique": true,
                      "Hash Cond": "(mi.info_type_id = it1.id)",
                      "Plans": [
                        {
                          "Node Type": "Nested Loop",
                          "Parent Relationship": "Outer",
                          "Parallel Aware": false,
                          "Join Type": "Inner",
                          "Startup Cost": 3.29,
                          "Total Cost": 17955.77,
                          "Plan Rows": 82,
                          "Plan Width": 81,
                          "Actual Startup Time": 4.336,
                          "Actual Total Time": 1011.623,
                          "Actual Rows": 1676,
                          "Actual Loops": 3,
                          "Inner Unique": false,
                          "Plans": [
                            {
                              "Node Type": "Nested Loop",
                              "Parent Relationship": "Outer",
                              "Parallel Aware": false,
                              "Join Type": "Inner",
                              "Startup Cost": 2.86,
                              "Total Cost": 16799.14,
                              "Plan Rows": 555,
                              "Plan Width": 30,
                              "Actual Startup Time": 0.598,
                              "Actual Total Time": 436.329,
                              "Actual Rows": 33292,
                              "Actual Loops": 3,
                              "Inner Unique": true,
                              "Plans": [
                                {
                                  "Node Type": "Hash Join",
                                  "Parent Relationship": "Outer",
                                  "Parallel Aware": false,
                                  "Join Type": "Inner",
                                  "Startup Cost": 2.43,
                                  "Total Cost": 15534.21,
                                  "Plan Rows": 1329,
                                  "Plan Width": 9,
                                  "Actual Startup Time": 0.159,
                                  "Actual Total Time": 110.849,
                                  "Actual Rows": 82518,
                                  "Actual Loops": 3,
                                  "Inner Unique": true,
                                  "Hash Cond": "(mi_idx.info_type_id = it2.id)",
                                  "Plans": [
                                    {
                                      "Node Type": "Seq Scan",
                                      "Parent Relationship": "Outer",
                                      "Parallel Aware": true,
                                      "Relation Name": "movie_info_idx",
                                      "Alias": "mi_idx",
                                      "Startup Cost": 0.0,
                                      "Total Cost": 15122.68,
                                      "Plan Rows": 150218,
                                      "Plan Width": 13,
                                      "Actual Startup Time": 0.054,
                                      "Actual Total Time": 80.776,
                                      "Actual Rows": 120344,
                                      "Actual Loops": 3,
                                      "Filter": "(info > '6.1'::text)",
                                      "Rows Removed by Filter": 339668
                                    },
                                    {
                                      "Node Type": "Hash",
                                      "Parent Relationship": "Inner",
                                      "Parallel Aware": false,
                                      "Startup Cost": 2.41,
                                      "Total Cost": 2.41,
                                      "Plan Rows": 1,
                                      "Plan Width": 4,
                                      "Actual Startup Time": 0.046,
                                      "Actual Total Time": 0.047,
                                      "Actual Rows": 1,
                                      "Actual Loops": 3,
                                      "Hash Buckets": 1024,
                                      "Original Hash Buckets": 1024,
                                      "Hash Batches": 1,
                                      "Original Hash Batches": 1,
                                      "Peak Memory Usage": 9,
                                      "Plans": [
                                        {
                                          "Node Type": "Seq Scan",
                                          "Parent Relationship": "Outer",
                                          "Parallel Aware": false,
                                          "Relation Name": "info_type",
                                          "Alias": "it2",
                                          "Startup Cost": 0.0,
                                          "Total Cost": 2.41,
                                          "Plan Rows": 1,
                                          "Plan Width": 4,
                                          "Actual Startup Time": 0.027,
                                          "Actual Total Time": 0.032,
                                          "Actual Rows": 1,
                                          "Actual Loops": 3,
                                          "Filter": "((info)::text = 'rating'::text)",
                                          "Rows Removed by Filter": 112
                                        }
                                      ]
                                    }
                                  ]
                                },
                                {
                                  "Node Type": "Index Scan",
                                  "Parent Relationship": "Inner",
                                  "Parallel Aware": false,
                                  "Scan Direction": "Forward",
                                  "Index Name": "title_pkey",
                                  "Relation Name": "title",
                                  "Alias": "t",
                                  "Startup Cost": 0.43,
                                  "Total Cost": 0.95,
                                  "Plan Rows": 1,
                                  "Plan Width": 21,
                                  "Actual Startup Time": 0.004,
                                  "Actual Total Time": 0.004,
                                  "Actual Rows": 0,
                                  "Actual Loops": 247555,
                                  "Index Cond": "(id = mi_idx.movie_id)",
                                  "Rows Removed by Index Recheck": 0,
                                  "Filter": "((production_year >= 2000) AND (production_year <= 2010))",
                                  "Rows Removed by Filter": 1
                                }
                              ]
                            },
                            {
                              "Node Type": "Index Scan",
                              "Parent Relationship": "Inner",
                              "Parallel Aware": false,
                              "Scan Direction": "Forward",
                              "Index Name": "movie_id_movie_info",
                              "Relation Name": "movie_info",
                              "Alias": "mi",
                              "Startup Cost": 0.43,
                              "Total Cost": 2.07,
                              "Plan Rows": 1,
                              "Plan Width": 51,
                              "Actual Startup Time": 0.017,
                              "Actual Total Time": 0.017,
                              "Actual Rows": 0,
                              "Actual Loops": 99876,
                              "Index Cond": "(movie_id = t.id)",
                              "Rows Removed by Index Recheck": 0,
                              "Filter": "((note IS NULL) AND (info = ANY ('{Crime,Family}'::text[])))",
                              "Rows Removed by Filter": 16
                            }
                          ]
                        },
                        {
                          "Node Type": "Hash",
                          "Parent Relationship": "Inner",
                          "Parallel Aware": false,
                          "Startup Cost": 2.41,
                          "Total Cost": 2.41,
                          "Plan Rows": 1,
                          "Plan Width": 4,
                          "Actual Startup Time": 0.095,
                          "Actual Total Time": 0.095,
                          "Actual Rows": 1,
                          "Actual Loops": 3,
                          "Hash Buckets": 1024,
                          "Original Hash Buckets": 1024,
                          "Hash Batches": 1,
                          "Original Hash Batches": 1,
                          "Peak Memory Usage": 9,
                          "Plans": [
                            {
                              "Node Type": "Seq Scan",
                              "Parent Relationship": "Outer",
                              "Parallel Aware": false,
                              "Relation Name": "info_type",
                              "Alias": "it1",
                              "Startup Cost": 0.0,
                              "Total Cost": 2.41,
                              "Plan Rows": 1,
                              "Plan Width": 4,
                              "Actual Startup Time": 0.056,
                              "Actual Total Time": 0.075,
                              "Actual Rows": 1,
                              "Actual Loops": 3,
                              "Filter": "((info)::text = 'genres'::text)",
                              "Rows Removed by Filter": 112
                            }
                          ]
                        }
                      ]
                    },
                    {
                      "Node Type": "Index Scan",
                      "Parent Relationship": "Inner",
                      "Parallel Aware": false,
                      "Scan Direction": "Forward",
                      "Index Name": "movie_id_cast_info",
                      "Relation Name": "cast_info",
                      "Alias": "ci",
                      "Startup Cost": 0.56,
                      "Total Cost": 2.85,
                      "Plan Rows": 4,
                      "Plan Width": 8,
                      "Actual Startup Time": 0.072,
                      "Actual Total Time": 0.177,
                      "Actual Rows": 6,
                      "Actual Loops": 5028,
                      "Index Cond": "(movie_id = t.id)",
                      "Rows Removed by Index Recheck": 0,
                      "Filter": "(note = ANY ('{(voice),(writer),(uncredited),(producer),\"(executive producer)\"}'::text[]))",
                      "Rows Removed by Filter": 36
                    }
                  ]
                },
                {
                  "Node Type": "Index Scan",
                  "Parent Relationship": "Inner",
                  "Parallel Aware": false,
                  "Scan Direction": "Forward",
                  "Index Name": "name_pkey",
                  "Relation Name": "name",
                  "Alias": "n",
                  "Startup Cost": 0.43,
                  "Total Cost": 0.51,
                  "Plan Rows": 1,
                  "Plan Width": 4,
                  "Actual Startup Time": 0.01,
                  "Actual Total Time": 0.01,
                  "Actual Rows": 0,
                  "Actual Loops": 28556,
                  "Index Cond": "(id = ci.person_id)",
                  "Rows Removed by Index Recheck": 0,
                  "Filter": "((gender IS NOT NULL) AND ((gender)::text = 'f'::text))",
                  "Rows Removed by Filter": 1
                }
              ]
            }
          ]
        }
      ]
    },
    "Planning Time": 13.026,
    "Triggers": [],
    "Execution Time": 1559.97
  }
]