[
  {
    "Plan": {
      "Node Type": "Aggregate",
      "Strategy": "Plain",
      "Partial Mode": "Finalize",
      "Parallel Aware": false,
      "Startup Cost": 42017.29,
      "Total Cost": 42017.3,
      "Plan Rows": 1,
      "Plan Width": 8,
      "Actual Startup Time": 140.103,
      "Actual Total Time": 148.666,
      "Actual Rows": 1,
      "Actual Loops": 1,
      "Plans": [
        {
          "Node Type": "Gather",
          "Parent Relationship": "Outer",
          "Parallel Aware": false,
          "Startup Cost": 42016.97,
          "Total Cost": 42017.28,
          "Plan Rows": 3,
          "Plan Width": 8,
          "Actual Startup Time": 139.84,
          "Actual Total Time": 148.656,
          "Actual Rows": 4,
          "Actual Loops": 1,
          "Workers Planned": 3,
          "Workers Launched": 3,
          "Single Copy": false,
          "Plans": [
            {
              "Node Type": "Aggregate",
              "Strategy": "Plain",
              "Partial Mode": "Partial",
              "Parent Relationship": "Outer",
              "Parallel Aware": false,
              "Startup Cost": 41016.97,
              "Total Cost": 41016.98,
              "Plan Rows": 1,
              "Plan Width": 8,
              "Actual Startup Time": 132.787,
              "Actual Total Time": 132.788,
              "Actual Rows": 1,
              "Actual Loops": 4,
              "Plans": [
                {
                  "Node Type": "Bitmap Heap Scan",
                  "Parent Relationship": "Outer",
                  "Parallel Aware": true,
                  "Relation Name": "movie_keyword",
                  "Alias": "mk",
                  "Startup Cost": 13487.05,
                  "Total Cost": 40504.32,
                  "Plan Rows": 205062,
                  "Plan Width": 0,
                  "Actual Startup Time": 48.508,
                  "Actual Total Time": 124.587,
                  "Actual Rows": 154310,
                  "Actual Loops": 4,
                  "Recheck Cond": "(keyword_id > 29550)",
                  "Rows Removed by Index Recheck": 0,
                  "Exact Heap Blocks": 9396,
                  "Lossy Heap Blocks": 0,
                  "Plans": [
                    {
                      "Node Type": "Bitmap Index Scan",
                      "Parent Relationship": "Outer",
                      "Parallel Aware": false,
                      "Index Name": "keyword_id_movie_keyword",
                      "Startup Cost": 0.0,
                      "Total Cost": 13328.12,
                      "Plan Rows": 635692,
                      "Plan Width": 0,
                      "Actual Startup Time": 50.968,
                      "Actual Total Time": 50.968,
                      "Actual Rows": 617238,
                      "Actual Loops": 1,
                      "Index Cond": "(keyword_id > 29550)"
                    }
                  ]
                }
              ]
            }
          ]
        }
      ]
    },
    "Planning Time": 0.157,
    "Triggers": [],
    "Execution Time": 148.734
  }
]