{
  "Plan": {
    "Node Type": "Aggregate",
    "Strategy": "Plain",
    "Partial Mode": "Finalize",
    "Parallel Aware": false,
    "Startup Cost": 705606.22,
    "Total Cost": 705606.23,
    "Plan Rows": 1,
    "Plan Width": 8,
    "Actual Startup Time": 6061.706,
    "Actual Total Time": 6115.264,
    "Actual Rows": 1,
    "Actual Loops": 1,
    "Plans": [
      {
        "Node Type": "Gather",
        "Parent Relationship": "Outer",
        "Parallel Aware": false,
        "Startup Cost": 705606.11,
        "Total Cost": 705606.22,
        "Plan Rows": 1,
        "Plan Width": 8,
        "Actual Startup Time": 6057.305,
        "Actual Total Time": 6115.253,
        "Actual Rows": 2,
        "Actual Loops": 1,
        "Workers Planned": 1,
        "Workers Launched": 1,
        "Single Copy": false,
        "Plans": [
          {
            "Node Type": "Aggregate",
            "Strategy": "Plain",
            "Partial Mode": "Partial",
            "Parent Relationship": "Outer",
            "Parallel Aware": false,
            "Startup Cost": 704606.11,
            "Total Cost": 704606.12,
            "Plan Rows": 1,
            "Plan Width": 8,
            "Actual Startup Time": 6049.817,
            "Actual Total Time": 6049.821,
            "Actual Rows": 1,
            "Actual Loops": 2,
            "Plans": [
              {
                "Node Type": "Hash Join",
                "Parent Relationship": "Outer",
                "Parallel Aware": true,
                "Join Type": "Inner",
                "Startup Cost": 112452.85,
                "Total Cost": 699713.22,
                "Plan Rows": 1957155,
                "Plan Width": 0,
                "Actual Startup Time": 960.76,
                "Actual Total Time": 5953.814,
                "Actual Rows": 2311153,
                "Actual Loops": 2,
                "Inner Unique": false,
                "Hash Cond": "(t.id = mc.movie_id)",
                "Plans": [
                  {
                    "Node Type": "Hash Join",
                    "Parent Relationship": "Outer",
                    "Parallel Aware": true,
                    "Join Type": "Inner",
                    "Startup Cost": 62826.15,
                    "Total Cost": 609475.67,
                    "Plan Rows": 4655709,
                    "Plan Width": 8,
                    "Actual Startup Time": 714.041,
                    "Actual Total Time": 4369.589,
                    "Actual Rows": 4676676,
                    "Actual Loops": 2,
                    "Inner Unique": true,
                    "Hash Cond": "(ci.movie_id = t.id)",
                    "Plans": [
                      {
                        "Node Type": "Seq Scan",
                        "Parent Relationship": "Outer",
                        "Parallel Aware": true,
                        "Relation Name": "cast_info",
                        "Alias": "ci",
                        "Startup Cost": 0.0,
                        "Total Cost": 519069.44,
                        "Plan Rows": 10506677,
                        "Plan Width": 4,
                        "Actual Startup Time": 405.99,
                        "Actual Total Time": 1397.349,
                        "Actual Rows": 8929762,
                        "Actual Loops": 2,
                        "Filter": "(person_id > 1827468)",
                        "Rows Removed by Filter": 9192410
                      },
                      {
                        "Node Type": "Hash",
                        "Parent Relationship": "Inner",
                        "Parallel Aware": true,
                        "Startup Cost": 54588.39,
                        "Total Cost": 54588.39,
                        "Plan Rows": 659021,
                        "Plan Width": 4,
                        "Actual Startup Time": 301.996,
                        "Actual Total Time": 301.997,
                        "Actual Rows": 553962,
                        "Actual Loops": 2,
                        "Hash Buckets": 2097152,
                        "Original Hash Buckets": 2097152,
                        "Hash Batches": 1,
                        "Original Hash Batches": 1,
                        "Peak Memory Usage": 59744,
                        "Plans": [
                          {
                            "Node Type": "Seq Scan",
                            "Parent Relationship": "Outer",
                            "Parallel Aware": true,
                            "Relation Name": "title",
                            "Alias": "t",
                            "Startup Cost": 0.0,
                            "Total Cost": 54588.39,
                            "Plan Rows": 659021,
                            "Plan Width": 4,
                            "Actual Startup Time": 0.016,
                            "Actual Total Time": 152.267,
                            "Actual Rows": 553962,
                            "Actual Loops": 2,
                            "Filter": "(production_year > 2004)",
                            "Rows Removed by Filter": 710194
                          }
                        ]
                      }
                    ]
                  },
                  {
                    "Node Type": "Hash",
                    "Parent Relationship": "Inner",
                    "Parallel Aware": true,
                    "Startup Cost": 41811.73,
                    "Total Cost": 41811.73,
                    "Plan Rows": 625198,
                    "Plan Width": 4,
                    "Actual Startup Time": 232.168,
                    "Actual Total Time": 232.169,
                    "Actual Rows": 404312,
                    "Actual Loops": 2,
                    "Hash Buckets": 2097152,
                    "Original Hash Buckets": 2097152,
                    "Hash Batches": 1,
                    "Original Hash Batches": 1,
                    "Peak Memory Usage": 48032,
                    "Plans": [
                      {
                        "Node Type": "Seq Scan",
                        "Parent Relationship": "Outer",
                        "Parallel Aware": true,
                        "Relation Name": "movie_companies",
                        "Alias": "mc",
                        "Startup Cost": 0.0,
                        "Total Cost": 41811.73,
                        "Plan Rows": 625198,
                        "Plan Width": 4,
                        "Actual Startup Time": 64.66,
                        "Actual Total Time": 133.731,
                        "Actual Rows": 404312,
                        "Actual Loops": 2,
                        "Filter": "((company_id < 72947) AND (company_type_id > 1))",
                        "Rows Removed by Filter": 900252
                      }
                    ]
                  }
                ]
              }
            ]
          }
        ]
      }
    ]
  },
  "Planning Time": 1.045,
  "Triggers": [],
  "Execution Time": 6115.353
}