{
  "Plan": {
    "Node Type": "Aggregate",
    "Strategy": "Plain",
    "Partial Mode": "Finalize",
    "Parallel Aware": false,
    "Startup Cost": 140422.02,
    "Total Cost": 140422.03,
    "Plan Rows": 1,
    "Plan Width": 8,
    "Actual Startup Time": 736.454,
    "Actual Total Time": 755.311,
    "Actual Rows": 1,
    "Actual Loops": 1,
    "Plans": [
      {
        "Node Type": "Gather",
        "Parent Relationship": "Outer",
        "Parallel Aware": false,
        "Startup Cost": 140421.91,
        "Total Cost": 140422.02,
        "Plan Rows": 1,
        "Plan Width": 8,
        "Actual Startup Time": 735.347,
        "Actual Total Time": 755.303,
        "Actual Rows": 2,
        "Actual Loops": 1,
        "Workers Planned": 1,
        "Workers Launched": 1,
        "Single Copy": false,
        "Plans": [
          {
            "Node Type": "Aggregate",
            "Strategy": "Plain",
            "Partial Mode": "Partial",
            "Parent Relationship": "Outer",
            "Parallel Aware": false,
            "Startup Cost": 139421.91,
            "Total Cost": 139421.92,
            "Plan Rows": 1,
            "Plan Width": 8,
            "Actual Startup Time": 729.397,
            "Actual Total Time": 729.402,
            "Actual Rows": 1,
            "Actual Loops": 2,
            "Plans": [
              {
                "Node Type": "Hash Join",
                "Parent Relationship": "Outer",
                "Parallel Aware": true,
                "Join Type": "Inner",
                "Startup Cost": 77815.72,
                "Total Cost": 139254.42,
                "Plan Rows": 66995,
                "Plan Width": 0,
                "Actual Startup Time": 311.887,
                "Actual Total Time": 692.537,
                "Actual Rows": 955298,
                "Actual Loops": 2,
                "Inner Unique": false,
                "Hash Cond": "(mk.movie_id = t.id)",
                "Plans": [
                  {
                    "Node Type": "Seq Scan",
                    "Parent Relationship": "Outer",
                    "Parallel Aware": true,
                    "Relation Name": "movie_keyword",
                    "Alias": "mk",
                    "Startup Cost": 0.0,
                    "Total Cost": 51065.35,
                    "Plan Rows": 2661135,
                    "Plan Width": 4,
                    "Actual Startup Time": 0.013,
                    "Actual Total Time": 154.432,
                    "Actual Rows": 2261965,
                    "Actual Loops": 2
                  },
                  {
                    "Node Type": "Hash",
                    "Parent Relationship": "Inner",
                    "Parallel Aware": true,
                    "Startup Cost": 77347.69,
                    "Total Cost": 77347.69,
                    "Plan Rows": 37442,
                    "Plan Width": 8,
                    "Actual Startup Time": 310.094,
                    "Actual Total Time": 310.098,
                    "Actual Rows": 74932,
                    "Actual Loops": 2,
                    "Hash Buckets": 262144,
                    "Original Hash Buckets": 65536,
                    "Hash Batches": 1,
                    "Original Hash Batches": 1,
                    "Peak Memory Usage": 9472,
                    "Plans": [
                      {
                        "Node Type": "Hash Join",
                        "Parent Relationship": "Outer",
                        "Parallel Aware": true,
                        "Join Type": "Inner",
                        "Startup Cost": 59163.91,
                        "Total Cost": 77347.69,
                        "Plan Rows": 37442,
                        "Plan Width": 8,
                        "Actual Startup Time": 169.35,
                        "Actual Total Time": 292.289,
                        "Actual Rows": 74932,
                        "Actual Loops": 2,
                        "Inner Unique": true,
                        "Hash Cond": "(mi_idx.movie_id = t.id)",
                        "Plans": [
                          {
                            "Node Type": "Seq Scan",
                            "Parent Relationship": "Outer",
                            "Parallel Aware": true,
                            "Relation Name": "movie_info_idx",
                            "Alias": "mi_idx",
                            "Startup Cost": 0.0,
                            "Total Cost": 16052.85,
                            "Plan Rows": 811785,
                            "Plan Width": 4,
                            "Actual Startup Time": 0.018,
                            "Actual Total Time": 48.071,
                            "Actual Rows": 690018,
                            "Actual Loops": 2
                          },
                          {
                            "Node Type": "Hash",
                            "Parent Relationship": "Inner",
                            "Parallel Aware": true,
                            "Startup Cost": 58306.47,
                            "Total Cost": 58306.47,
                            "Plan Rows": 68595,
                            "Plan Width": 4,
                            "Actual Startup Time": 167.939,
                            "Actual Total Time": 167.939,
                            "Actual Rows": 111309,
                            "Actual Loops": 2,
                            "Hash Buckets": 262144,
                            "Original Hash Buckets": 131072,
                            "Hash Batches": 1,
                            "Original Hash Batches": 1,
                            "Peak Memory Usage": 11840,
                            "Plans": [
                              {
                                "Node Type": "Seq Scan",
                                "Parent Relationship": "Outer",
                                "Parallel Aware": true,
                                "Relation Name": "title",
                                "Alias": "t",
                                "Startup Cost": 0.0,
                                "Total Cost": 58306.47,
                                "Plan Rows": 68595,
                                "Plan Width": 4,
                                "Actual Startup Time": 0.358,
                                "Actual Total Time": 142.343,
                                "Actual Rows": 111309,
                                "Actual Loops": 2,
                                "Filter": "((kind_id < 7) AND (production_year < 1966))",
                                "Rows Removed by Filter": 1152847
                              }
                            ]
                          }
                        ]
                      }
                    ]
                  }
                ]
              }
            ]
          }
        ]
      }
    ]
  },
  "Planning Time": 0.887,
  "Triggers": [],
  "Execution Time": 755.39
}