[
  {
    "Plan": {
      "Node Type": "Aggregate",
      "Strategy": "Plain",
      "Partial Mode": "Finalize",
      "Parallel Aware": false,
      "Startup Cost": 174873.61,
      "Total Cost": 174873.62,
      "Plan Rows": 1,
      "Plan Width": 8,
      "Actual Startup Time": 77.756,
      "Actual Total Time": 88.58,
      "Actual Rows": 1,
      "Actual Loops": 1,
      "Plans": [
        {
          "Node Type": "Gather",
          "Parent Relationship": "Outer",
          "Parallel Aware": false,
          "Startup Cost": 174873.19,
          "Total Cost": 174873.6,
          "Plan Rows": 4,
          "Plan Width": 8,
          "Actual Startup Time": 77.481,
          "Actual Total Time": 88.573,
          "Actual Rows": 5,
          "Actual Loops": 1,
          "Workers Planned": 4,
          "Workers Launched": 4,
          "Single Copy": false,
          "Plans": [
            {
              "Node Type": "Aggregate",
              "Strategy": "Plain",
              "Partial Mode": "Partial",
              "Parent Relationship": "Outer",
              "Parallel Aware": false,
              "Startup Cost": 173873.19,
              "Total Cost": 173873.2,
              "Plan Rows": 1,
              "Plan Width": 8,
              "Actual Startup Time": 67.605,
              "Actual Total Time": 67.607,
              "Actual Rows": 1,
              "Actual Loops": 5,
              "Plans": [
                {
                  "Node Type": "Nested Loop",
                  "Parent Relationship": "Outer",
                  "Parallel Aware": false,
                  "Join Type": "Inner",
                  "Startup Cost": 1824.87,
                  "Total Cost": 173854.18,
                  "Plan Rows": 7606,
                  "Plan Width": 0,
                  "Actual Startup Time": 13.05,
                  "Actual Total Time": 66.794,
                  "Actual Rows": 5997,
                  "Actual Loops": 5,
                  "Inner Unique": false,
                  "Plans": [
                    {
                      "Node Type": "Bitmap Heap Scan",
                      "Parent Relationship": "Outer",
                      "Parallel Aware": true,
                      "Relation Name": "title",
                      "Alias": "t",
                      "Startup Cost": 1824.43,
                      "Total Cost": 38205.78,
                      "Plan Rows": 1301,
                      "Plan Width": 4,
                      "Actual Startup Time": 12.809,
                      "Actual Total Time": 33.317,
                      "Actual Rows": 724,
                      "Actual Loops": 5,
                      "Recheck Cond": "(kind_id = 3)",
                      "Rows Removed by Index Recheck": 0,
                      "Filter": "(production_year = 2009)",
                      "Rows Removed by Filter": 19384,
                      "Exact Heap Blocks": 7286,
                      "Lossy Heap Blocks": 0,
                      "Plans": [
                        {
                          "Node Type": "Bitmap Index Scan",
                          "Parent Relationship": "Outer",
                          "Parallel Aware": false,
                          "Index Name": "kind_id_title",
                          "Startup Cost": 0.0,
                          "Total Cost": 1823.13,
                          "Plan Rows": 102227,
                          "Plan Width": 0,
                          "Actual Startup Time": 17.208,
                          "Actual Total Time": 17.208,
                          "Actual Rows": 100537,
                          "Actual Loops": 1,
                          "Index Cond": "(kind_id = 3)"
                        }
                      ]
                    },
                    {
                      "Node Type": "Index Only Scan",
                      "Parent Relationship": "Inner",
                      "Parallel Aware": false,
                      "Scan Direction": "Forward",
                      "Index Name": "movie_id_movie_info",
                      "Relation Name": "movie_info",
                      "Alias": "mi",
                      "Startup Cost": 0.43,
                      "Total Cost": 103.84,
                      "Plan Rows": 42,
                      "Plan Width": 4,
                      "Actual Startup Time": 0.017,
                      "Actual Total Time": 0.044,
                      "Actual Rows": 8,
                      "Actual Loops": 3618,
                      "Index Cond": "(movie_id = t.id)",
                      "Rows Removed by Index Recheck": 0,
                      "Heap Fetches": 29985
                    }
                  ]
                }
              ]
            }
          ]
        }
      ]
    },
    "Planning Time": 0.621,
    "Triggers": [],
    "Execution Time": 88.67
  }
]