{
  "Plan": {
    "Node Type": "Aggregate",
    "Strategy": "Plain",
    "Partial Mode": "Finalize",
    "Parallel Aware": false,
    "Startup Cost": 95607.27,
    "Total Cost": 95607.28,
    "Plan Rows": 1,
    "Plan Width": 8,
    "Actual Startup Time": 291.678,
    "Actual Total Time": 307.422,
    "Actual Rows": 1,
    "Actual Loops": 1,
    "Plans": [
      {
        "Node Type": "Gather",
        "Parent Relationship": "Outer",
        "Parallel Aware": false,
        "Startup Cost": 95607.16,
        "Total Cost": 95607.27,
        "Plan Rows": 1,
        "Plan Width": 8,
        "Actual Startup Time": 291.541,
        "Actual Total Time": 307.415,
        "Actual Rows": 2,
        "Actual Loops": 1,
        "Workers Planned": 1,
        "Workers Launched": 1,
        "Single Copy": false,
        "Plans": [
          {
            "Node Type": "Aggregate",
            "Strategy": "Plain",
            "Partial Mode": "Partial",
            "Parent Relationship": "Outer",
            "Parallel Aware": false,
            "Startup Cost": 94607.16,
            "Total Cost": 94607.17,
            "Plan Rows": 1,
            "Plan Width": 8,
            "Actual Startup Time": 285.736,
            "Actual Total Time": 285.74,
            "Actual Rows": 1,
            "Actual Loops": 2,
            "Plans": [
              {
                "Node Type": "Hash Join",
                "Parent Relationship": "Outer",
                "Parallel Aware": true,
                "Join Type": "Inner",
                "Startup Cost": 54643.54,
                "Total Cost": 94601.56,
                "Plan Rows": 2242,
                "Plan Width": 0,
                "Actual Startup Time": 169.581,
                "Actual Total Time": 285.523,
                "Actual Rows": 3700,
                "Actual Loops": 2,
                "Inner Unique": true,
                "Hash Cond": "(mc.movie_id = t.id)",
                "Plans": [
                  {
                    "Node Type": "Seq Scan",
                    "Parent Relationship": "Outer",
                    "Parallel Aware": true,
                    "Relation Name": "movie_companies",
                    "Alias": "mc",
                    "Startup Cost": 0.0,
                    "Total Cost": 37974.77,
                    "Plan Rows": 755522,
                    "Plan Width": 4,
                    "Actual Startup Time": 0.013,
                    "Actual Total Time": 108.538,
                    "Actual Rows": 637123,
                    "Actual Loops": 2,
                    "Filter": "(company_type_id < 2)",
                    "Rows Removed by Filter": 667442
                  },
                  {
                    "Node Type": "Hash",
                    "Parent Relationship": "Inner",
                    "Parallel Aware": true,
                    "Startup Cost": 54588.39,
                    "Total Cost": 54588.39,
                    "Plan Rows": 4412,
                    "Plan Width": 4,
                    "Actual Startup Time": 133.499,
                    "Actual Total Time": 133.5,
                    "Actual Rows": 3835,
                    "Actual Loops": 2,
                    "Hash Buckets": 8192,
                    "Original Hash Buckets": 8192,
                    "Hash Batches": 1,
                    "Original Hash Batches": 1,
                    "Peak Memory Usage": 416,
                    "Plans": [
                      {
                        "Node Type": "Seq Scan",
                        "Parent Relationship": "Outer",
                        "Parallel Aware": true,
                        "Relation Name": "title",
                        "Alias": "t",
                        "Startup Cost": 0.0,
                        "Total Cost": 54588.39,
                        "Plan Rows": 4412,
                        "Plan Width": 4,
                        "Actual Startup Time": 86.246,
                        "Actual Total Time": 132.405,
                        "Actual Rows": 3835,
                        "Actual Loops": 2,
                        "Filter": "(production_year = 1915)",
                        "Rows Removed by Filter": 1260321
                      }
                    ]
                  }
                ]
              }
            ]
          }
        ]
      }
    ]
  },
  "Planning Time": 0.474,
  "Triggers": [],
  "Execution Time": 307.498
}