[
  {
    "Plan": {
      "Node Type": "Aggregate",
      "Strategy": "Plain",
      "Partial Mode": "Finalize",
      "Parallel Aware": false,
      "Startup Cost": 18701.92,
      "Total Cost": 18701.93,
      "Plan Rows": 1,
      "Plan Width": 8,
      "Actual Startup Time": 24.223,
      "Actual Total Time": 27.919,
      "Actual Rows": 1,
      "Actual Loops": 1,
      "Plans": [
        {
          "Node Type": "Gather",
          "Parent Relationship": "Outer",
          "Parallel Aware": false,
          "Startup Cost": 18701.71,
          "Total Cost": 18701.92,
          "Plan Rows": 2,
          "Plan Width": 8,
          "Actual Startup Time": 23.763,
          "Actual Total Time": 27.907,
          "Actual Rows": 3,
          "Actual Loops": 1,
          "Workers Planned": 2,
          "Workers Launched": 2,
          "Single Copy": false,
          "Plans": [
            {
              "Node Type": "Aggregate",
              "Strategy": "Plain",
              "Partial Mode": "Partial",
              "Parent Relationship": "Outer",
              "Parallel Aware": false,
              "Startup Cost": 17701.71,
              "Total Cost": 17701.72,
              "Plan Rows": 1,
              "Plan Width": 8,
              "Actual Startup Time": 15.391,
              "Actual Total Time": 15.393,
              "Actual Rows": 1,
              "Actual Loops": 3,
              "Plans": [
                {
                  "Node Type": "Nested Loop",
                  "Parent Relationship": "Outer",
                  "Parallel Aware": false,
                  "Join Type": "Inner",
                  "Startup Cost": 98.03,
                  "Total Cost": 17700.8,
                  "Plan Rows": 362,
                  "Plan Width": 0,
                  "Actual Startup Time": 5.617,
                  "Actual Total Time": 15.38,
                  "Actual Rows": 7,
                  "Actual Loops": 3,
                  "Inner Unique": true,
                  "Plans": [
                    {
                      "Node Type": "Bitmap Heap Scan",
                      "Parent Relationship": "Outer",
                      "Parallel Aware": true,
                      "Relation Name": "movie_companies",
                      "Alias": "mc",
                      "Startup Cost": 97.6,
                      "Total Cost": 10390.55,
                      "Plan Rows": 926,
                      "Plan Width": 4,
                      "Actual Startup Time": 2.384,
                      "Actual Total Time": 4.888,
                      "Actual Rows": 663,
                      "Actual Loops": 3,
                      "Recheck Cond": "(company_id = 69)",
                      "Rows Removed by Index Recheck": 0,
                      "Filter": "(company_type_id > 1)",
                      "Rows Removed by Filter": 763,
                      "Exact Heap Blocks": 1609,
                      "Lossy Heap Blocks": 0,
                      "Plans": [
                        {
                          "Node Type": "Bitmap Index Scan",
                          "Parent Relationship": "Outer",
                          "Parallel Aware": false,
                          "Index Name": "company_id_movie_companies",
                          "Startup Cost": 0.0,
                          "Total Cost": 97.05,
                          "Plan Rows": 4349,
                          "Plan Width": 0,
                          "Actual Startup Time": 2.651,
                          "Actual Total Time": 2.651,
                          "Actual Rows": 4279,
                          "Actual Loops": 1,
                          "Index Cond": "(company_id = 69)"
                        }
                      ]
                    },
                    {
                      "Node Type": "Index Scan",
                      "Parent Relationship": "Inner",
                      "Parallel Aware": false,
                      "Scan Direction": "Forward",
                      "Index Name": "title_pkey",
                      "Relation Name": "title",
                      "Alias": "t",
                      "Startup Cost": 0.43,
                      "Total Cost": 7.89,
                      "Plan Rows": 1,
                      "Plan Width": 4,
                      "Actual Startup Time": 0.015,
                      "Actual Total Time": 0.015,
                      "Actual Rows": 0,
                      "Actual Loops": 1989,
                      "Index Cond": "(id = mc.movie_id)",
                      "Rows Removed by Index Recheck": 0,
                      "Filter": "((production_year > 1995) AND (kind_id = 7))",
                      "Rows Removed by Filter": 1
                    }
                  ]
                }
              ]
            }
          ]
        }
      ]
    },
    "Planning Time": 0.62,
    "Triggers": [],
    "Execution Time": 28.029
  }
]