[
  {
    "Plan": {
      "Node Type": "Aggregate",
      "Strategy": "Plain",
      "Partial Mode": "Finalize",
      "Parallel Aware": false,
      "Startup Cost": 399518.0,
      "Total Cost": 399518.01,
      "Plan Rows": 1,
      "Plan Width": 8,
      "Actual Startup Time": 1401.317,
      "Actual Total Time": 1470.49,
      "Actual Rows": 1,
      "Actual Loops": 1,
      "Plans": [
        {
          "Node Type": "Gather",
          "Parent Relationship": "Outer",
          "Parallel Aware": false,
          "Startup Cost": 399517.38,
          "Total Cost": 399517.99,
          "Plan Rows": 6,
          "Plan Width": 8,
          "Actual Startup Time": 1394.943,
          "Actual Total Time": 1470.477,
          "Actual Rows": 7,
          "Actual Loops": 1,
          "Workers Planned": 6,
          "Workers Launched": 6,
          "Single Copy": false,
          "Plans": [
            {
              "Node Type": "Aggregate",
              "Strategy": "Plain",
              "Partial Mode": "Partial",
              "Parent Relationship": "Outer",
              "Parallel Aware": false,
              "Startup Cost": 398517.38,
              "Total Cost": 398517.39,
              "Plan Rows": 1,
              "Plan Width": 8,
              "Actual Startup Time": 1383.75,
              "Actual Total Time": 1383.754,
              "Actual Rows": 1,
              "Actual Loops": 7,
              "Plans": [
                {
                  "Node Type": "Hash Join",
                  "Parent Relationship": "Outer",
                  "Parallel Aware": true,
                  "Join Type": "Inner",
                  "Startup Cost": 46533.97,
                  "Total Cost": 396413.78,
                  "Plan Rows": 841438,
                  "Plan Width": 0,
                  "Actual Startup Time": 291.833,
                  "Actual Total Time": 1358.512,
                  "Actual Rows": 560723,
                  "Actual Loops": 7,
                  "Inner Unique": true,
                  "Hash Cond": "(ci.movie_id = t.id)",
                  "Plans": [
                    {
                      "Node Type": "Seq Scan",
                      "Parent Relationship": "Outer",
                      "Parallel Aware": true,
                      "Relation Name": "cast_info",
                      "Alias": "ci",
                      "Startup Cost": 0.0,
                      "Total Cost": 343257.03,
                      "Plan Rows": 2522963,
                      "Plan Width": 4,
                      "Actual Startup Time": 151.257,
                      "Actual Total Time": 660.548,
                      "Actual Rows": 1931970,
                      "Actual Loops": 7,
                      "Filter": "((person_id > 1309319) AND (role_id < 4))",
                      "Rows Removed by Filter": 3245794
                    },
                    {
                      "Node Type": "Hash",
                      "Parent Relationship": "Inner",
                      "Parallel Aware": true,
                      "Startup Cost": 43898.92,
                      "Total Cost": 43898.92,
                      "Plan Rows": 210804,
                      "Plan Width": 4,
                      "Actual Startup Time": 137.102,
                      "Actual Total Time": 137.103,
                      "Actual Rows": 121306,
                      "Actual Loops": 7,
                      "Hash Buckets": 1048576,
                      "Original Hash Buckets": 1048576,
                      "Hash Batches": 1,
                      "Original Hash Batches": 1,
                      "Peak Memory Usage": 41504,
                      "Plans": [
                        {
                          "Node Type": "Seq Scan",
                          "Parent Relationship": "Outer",
                          "Parallel Aware": true,
                          "Relation Name": "title",
                          "Alias": "t",
                          "Startup Cost": 0.0,
                          "Total Cost": 43898.92,
                          "Plan Rows": 210804,
                          "Plan Width": 4,
                          "Actual Startup Time": 0.042,
                          "Actual Total Time": 79.156,
                          "Actual Rows": 121306,
                          "Actual Loops": 7,
                          "Filter": "(production_year < 1996)",
                          "Rows Removed by Filter": 239882
                        }
                      ]
                    }
                  ]
                }
              ]
            }
          ]
        }
      ]
    },
    "Planning Time": 0.63,
    "Triggers": [],
    "Execution Time": 1470.619
  }
]