[
  {
    "Plan": {
      "Node Type": "Aggregate",
      "Strategy": "Plain",
      "Partial Mode": "Finalize",
      "Parallel Aware": false,
      "Startup Cost": 301090.76,
      "Total Cost": 301090.77,
      "Plan Rows": 1,
      "Plan Width": 8,
      "Actual Startup Time": 885.404,
      "Actual Total Time": 930.273,
      "Actual Rows": 1,
      "Actual Loops": 1,
      "Plans": [
        {
          "Node Type": "Gather",
          "Parent Relationship": "Outer",
          "Parallel Aware": false,
          "Startup Cost": 301090.24,
          "Total Cost": 301090.75,
          "Plan Rows": 5,
          "Plan Width": 8,
          "Actual Startup Time": 877.951,
          "Actual Total Time": 930.261,
          "Actual Rows": 6,
          "Actual Loops": 1,
          "Workers Planned": 5,
          "Workers Launched": 5,
          "Single Copy": false,
          "Plans": [
            {
              "Node Type": "Aggregate",
              "Strategy": "Plain",
              "Partial Mode": "Partial",
              "Parent Relationship": "Outer",
              "Parallel Aware": false,
              "Startup Cost": 300090.24,
              "Total Cost": 300090.25,
              "Plan Rows": 1,
              "Plan Width": 8,
              "Actual Startup Time": 869.648,
              "Actual Total Time": 869.749,
              "Actual Rows": 1,
              "Actual Loops": 6,
              "Plans": [
                {
                  "Node Type": "Hash Join",
                  "Parent Relationship": "Outer",
                  "Parallel Aware": true,
                  "Join Type": "Inner",
                  "Startup Cost": 92197.75,
                  "Total Cost": 299402.1,
                  "Plan Rows": 275255,
                  "Plan Width": 0,
                  "Actual Startup Time": 337.572,
                  "Actual Total Time": 861.232,
                  "Actual Rows": 186009,
                  "Actual Loops": 6,
                  "Inner Unique": false,
                  "Hash Cond": "(mi.movie_id = t.id)",
                  "Plans": [
                    {
                      "Node Type": "Seq Scan",
                      "Parent Relationship": "Outer",
                      "Parallel Aware": true,
                      "Relation Name": "movie_info",
                      "Alias": "mi",
                      "Startup Cost": 0.0,
                      "Total Cost": 199108.24,
                      "Plan Rows": 1922185,
                      "Plan Width": 4,
                      "Actual Startup Time": 0.048,
                      "Actual Total Time": 349.005,
                      "Actual Rows": 1594192,
                      "Actual Loops": 6,
                      "Filter": "(info_type_id < 16)",
                      "Rows Removed by Filter": 878428
                    },
                    {
                      "Node Type": "Hash",
                      "Parent Relationship": "Inner",
                      "Parallel Aware": true,
                      "Startup Cost": 90737.8,
                      "Total Cost": 90737.8,
                      "Plan Rows": 116796,
                      "Plan Width": 8,
                      "Actual Startup Time": 335.414,
                      "Actual Total Time": 335.514,
                      "Actual Rows": 27796,
                      "Actual Loops": 6,
                      "Hash Buckets": 524288,
                      "Original Hash Buckets": 524288,
                      "Hash Batches": 1,
                      "Original Hash Batches": 1,
                      "Peak Memory Usage": 10688,
                      "Plans": [
                        {
                          "Node Type": "Hash Join",
                          "Parent Relationship": "Outer",
                          "Parallel Aware": true,
                          "Join Type": "Inner",
                          "Startup Cost": 63255.44,
                          "Total Cost": 90737.8,
                          "Plan Rows": 116796,
                          "Plan Width": 8,
                          "Actual Startup Time": 234.674,
                          "Actual Total Time": 323.869,
                          "Actual Rows": 27796,
                          "Actual Loops": 6,
                          "Inner Unique": true,
                          "Hash Cond": "(mk.movie_id = t.id)",
                          "Plans": [
                            {
                              "Node Type": "Bitmap Heap Scan",
                              "Parent Relationship": "Outer",
                              "Parallel Aware": true,
                              "Relation Name": "movie_keyword",
                              "Alias": "mk",
                              "Startup Cost": 13166.76,
                              "Total Cost": 40123.53,
                              "Plan Rows": 200222,
                              "Plan Width": 4,
                              "Actual Startup Time": 40.992,
                              "Actual Total Time": 92.848,
                              "Actual Rows": 105064,
                              "Actual Loops": 6,
                              "Recheck Cond": "(keyword_id < 492)",
                              "Rows Removed by Index Recheck": 0,
                              "Exact Heap Blocks": 5389,
                              "Lossy Heap Blocks": 0,
                              "Plans": [
                                {
                                  "Node Type": "Bitmap Index Scan",
                                  "Parent Relationship": "Outer",
                                  "Parallel Aware": false,
                                  "Index Name": "keyword_id_movie_keyword",
                                  "Startup Cost": 0.0,
                                  "Total Cost": 13011.59,
                                  "Plan Rows": 620687,
                                  "Plan Width": 0,
                                  "Actual Startup Time": 37.244,
                                  "Actual Total Time": 37.245,
                                  "Actual Rows": 630381,
                                  "Actual Loops": 1,
                                  "Index Cond": "(keyword_id < 492)"
                                }
                              ]
                            },
                            {
                              "Node Type": "Hash",
                              "Parent Relationship": "Inner",
                              "Parallel Aware": true,
                              "Startup Cost": 45479.59,
                              "Total Cost": 45479.59,
                              "Plan Rows": 368728,
                              "Plan Width": 4,
                              "Actual Startup Time": 191.063,
                              "Actual Total Time": 191.065,
                              "Actual Rows": 241879,
                              "Actual Loops": 6,
                              "Hash Buckets": 2097152,
                              "Original Hash Buckets": 2097152,
                              "Hash Batches": 1,
                              "Original Hash Batches": 1,
                              "Peak Memory Usage": 73280,
                              "Plans": [
                                {
                                  "Node Type": "Seq Scan",
                                  "Parent Relationship": "Outer",
                                  "Parallel Aware": true,
                                  "Relation Name": "title",
                                  "Alias": "t",
                                  "Startup Cost": 0.0,
                                  "Total Cost": 45479.59,
                                  "Plan Rows": 368728,
                                  "Plan Width": 4,
                                  "Actual Startup Time": 0.042,
                                  "Actual Total Time": 85.046,
                                  "Actual Rows": 241879,
                                  "Actual Loops": 6,
                                  "Filter": "((kind_id > 3) AND (production_year < 2012))",
                                  "Rows Removed by Filter": 179507
                                }
                              ]
                            }
                          ]
                        }
                      ]
                    }
                  ]
                }
              ]
            }
          ]
        }
      ]
    },
    "Planning Time": 0.565,
    "Triggers": [],
    "Execution Time": 930.347
  }
]