[
  {
    "Plan": {
      "Node Type": "Aggregate",
      "Strategy": "Plain",
      "Partial Mode": "Finalize",
      "Parallel Aware": false,
      "Startup Cost": 300789.04,
      "Total Cost": 300789.05,
      "Plan Rows": 1,
      "Plan Width": 8,
      "Actual Startup Time": 904.14,
      "Actual Total Time": 951.833,
      "Actual Rows": 1,
      "Actual Loops": 1,
      "Plans": [
        {
          "Node Type": "Gather",
          "Parent Relationship": "Outer",
          "Parallel Aware": false,
          "Startup Cost": 300788.52,
          "Total Cost": 300789.03,
          "Plan Rows": 5,
          "Plan Width": 8,
          "Actual Startup Time": 897.252,
          "Actual Total Time": 951.82,
          "Actual Rows": 6,
          "Actual Loops": 1,
          "Workers Planned": 5,
          "Workers Launched": 5,
          "Single Copy": false,
          "Plans": [
            {
              "Node Type": "Aggregate",
              "Strategy": "Plain",
              "Partial Mode": "Partial",
              "Parent Relationship": "Outer",
              "Parallel Aware": false,
              "Startup Cost": 299788.52,
              "Total Cost": 299788.53,
              "Plan Rows": 1,
              "Plan Width": 8,
              "Actual Startup Time": 886.3,
              "Actual Total Time": 886.378,
              "Actual Rows": 1,
              "Actual Loops": 6,
              "Plans": [
                {
                  "Node Type": "Hash Join",
                  "Parent Relationship": "Outer",
                  "Parallel Aware": true,
                  "Join Type": "Inner",
                  "Startup Cost": 92170.8,
                  "Total Cost": 299111.04,
                  "Plan Rows": 270994,
                  "Plan Width": 0,
                  "Actual Startup Time": 357.869,
                  "Actual Total Time": 877.546,
                  "Actual Rows": 186009,
                  "Actual Loops": 6,
                  "Inner Unique": false,
                  "Hash Cond": "(mi.movie_id = t.id)",
                  "Plans": [
                    {
                      "Node Type": "Seq Scan",
                      "Parent Relationship": "Outer",
                      "Parallel Aware": true,
                      "Relation Name": "movie_info",
                      "Alias": "mi",
                      "Startup Cost": 0.0,
                      "Total Cost": 198952.16,
                      "Plan Rows": 1897040,
                      "Plan Width": 4,
                      "Actual Startup Time": 0.047,
                      "Actual Total Time": 339.048,
                      "Actual Rows": 1594192,
                      "Actual Loops": 6,
                      "Filter": "(info_type_id < 16)",
                      "Rows Removed by Filter": 878428
                    },
                    {
                      "Node Type": "Hash",
                      "Parent Relationship": "Inner",
                      "Parallel Aware": true,
                      "Startup Cost": 90714.48,
                      "Total Cost": 90714.48,
                      "Plan Rows": 116506,
                      "Plan Width": 8,
                      "Actual Startup Time": 354.779,
                      "Actual Total Time": 354.855,
                      "Actual Rows": 27796,
                      "Actual Loops": 6,
                      "Hash Buckets": 524288,
                      "Original Hash Buckets": 524288,
                      "Hash Batches": 1,
                      "Original Hash Batches": 1,
                      "Peak Memory Usage": 10720,
                      "Plans": [
                        {
                          "Node Type": "Hash Join",
                          "Parent Relationship": "Outer",
                          "Parallel Aware": true,
                          "Join Type": "Inner",
                          "Startup Cost": 63235.09,
                          "Total Cost": 90714.48,
                          "Plan Rows": 116506,
                          "Plan Width": 8,
                          "Actual Startup Time": 249.796,
                          "Actual Total Time": 343.406,
                          "Actual Rows": 27796,
                          "Actual Loops": 6,
                          "Inner Unique": true,
                          "Hash Cond": "(mk.movie_id = t.id)",
                          "Plans": [
                            {
                              "Node Type": "Bitmap Heap Scan",
                              "Parent Relationship": "Outer",
                              "Parallel Aware": true,
                              "Relation Name": "movie_keyword",
                              "Alias": "mk",
                              "Startup Cost": 13154.05,
                              "Total Cost": 40108.38,
                              "Plan Rows": 200026,
                              "Plan Width": 4,
                              "Actual Startup Time": 41.225,
                              "Actual Total Time": 96.782,
                              "Actual Rows": 105064,
                              "Actual Loops": 6,
                              "Recheck Cond": "(keyword_id < 492)",
                              "Rows Removed by Index Recheck": 0,
                              "Exact Heap Blocks": 5020,
                              "Lossy Heap Blocks": 0,
                              "Plans": [
                                {
                                  "Node Type": "Bitmap Index Scan",
                                  "Parent Relationship": "Outer",
                                  "Parallel Aware": false,
                                  "Index Name": "keyword_id_movie_keyword",
                                  "Startup Cost": 0.0,
                                  "Total Cost": 12999.03,
                                  "Plan Rows": 620080,
                                  "Plan Width": 0,
                                  "Actual Startup Time": 37.572,
                                  "Actual Total Time": 37.572,
                                  "Actual Rows": 630381,
                                  "Actual Loops": 1,
                                  "Index Cond": "(keyword_id < 492)"
                                }
                              ]
                            },
                            {
                              "Node Type": "Hash",
                              "Parent Relationship": "Inner",
                              "Parallel Aware": true,
                              "Startup Cost": 45479.1,
                              "Total Cost": 45479.1,
                              "Plan Rows": 368155,
                              "Plan Width": 4,
                              "Actual Startup Time": 204.601,
                              "Actual Total Time": 204.602,
                              "Actual Rows": 241879,
                              "Actual Loops": 6,
                              "Hash Buckets": 2097152,
                              "Original Hash Buckets": 2097152,
                              "Hash Batches": 1,
                              "Original Hash Batches": 1,
                              "Peak Memory Usage": 73280,
                              "Plans": [
                                {
                                  "Node Type": "Seq Scan",
                                  "Parent Relationship": "Outer",
                                  "Parallel Aware": true,
                                  "Relation Name": "title",
                                  "Alias": "t",
                                  "Startup Cost": 0.0,
                                  "Total Cost": 45479.1,
                                  "Plan Rows": 368155,
                                  "Plan Width": 4,
                                  "Actual Startup Time": 0.057,
                                  "Actual Total Time": 87.264,
                                  "Actual Rows": 241879,
                                  "Actual Loops": 6,
                                  "Filter": "((kind_id > 3) AND (production_year < 2012))",
                                  "Rows Removed by Filter": 179507
                                }
                              ]
                            }
                          ]
                        }
                      ]
                    }
                  ]
                }
              ]
            }
          ]
        }
      ]
    },
    "Planning Time": 1.494,
    "Triggers": [],
    "Execution Time": 951.962
  }
]