[
  {
    "Plan": {
      "Node Type": "Aggregate",
      "Strategy": "Plain",
      "Partial Mode": "Finalize",
      "Parallel Aware": false,
      "Startup Cost": 81047.62,
      "Total Cost": 81047.63,
      "Plan Rows": 1,
      "Plan Width": 8,
      "Actual Startup Time": 222.677,
      "Actual Total Time": 240.419,
      "Actual Rows": 1,
      "Actual Loops": 1,
      "Plans": [
        {
          "Node Type": "Gather",
          "Parent Relationship": "Outer",
          "Parallel Aware": false,
          "Startup Cost": 81047.2,
          "Total Cost": 81047.61,
          "Plan Rows": 4,
          "Plan Width": 8,
          "Actual Startup Time": 221.757,
          "Actual Total Time": 240.412,
          "Actual Rows": 5,
          "Actual Loops": 1,
          "Workers Planned": 4,
          "Workers Launched": 4,
          "Single Copy": false,
          "Plans": [
            {
              "Node Type": "Aggregate",
              "Strategy": "Plain",
              "Partial Mode": "Partial",
              "Parent Relationship": "Outer",
              "Parallel Aware": false,
              "Startup Cost": 80047.2,
              "Total Cost": 80047.21,
              "Plan Rows": 1,
              "Plan Width": 8,
              "Actual Startup Time": 211.735,
              "Actual Total Time": 211.738,
              "Actual Rows": 1,
              "Actual Loops": 5,
              "Plans": [
                {
                  "Node Type": "Nested Loop",
                  "Parent Relationship": "Outer",
                  "Parallel Aware": false,
                  "Join Type": "Inner",
                  "Startup Cost": 21849.91,
                  "Total Cost": 80042.76,
                  "Plan Rows": 1777,
                  "Plan Width": 0,
                  "Actual Startup Time": 107.172,
                  "Actual Total Time": 210.78,
                  "Actual Rows": 15891,
                  "Actual Loops": 5,
                  "Inner Unique": false,
                  "Plans": [
                    {
                      "Node Type": "Hash Join",
                      "Parent Relationship": "Outer",
                      "Parallel Aware": true,
                      "Join Type": "Inner",
                      "Startup Cost": 21849.47,
                      "Total Cost": 68230.06,
                      "Plan Rows": 7149,
                      "Plan Width": 8,
                      "Actual Startup Time": 101.743,
                      "Actual Total Time": 143.231,
                      "Actual Rows": 13366,
                      "Actual Loops": 5,
                      "Inner Unique": false,
                      "Hash Cond": "(t.id = mc.movie_id)",
                      "Plans": [
                        {
                          "Node Type": "Seq Scan",
                          "Parent Relationship": "Outer",
                          "Parallel Aware": true,
                          "Relation Name": "title",
                          "Alias": "t",
                          "Startup Cost": 0.0,
                          "Total Cost": 45479.1,
                          "Plan Rows": 175686,
                          "Plan Width": 4,
                          "Actual Startup Time": 0.021,
                          "Actual Total Time": 76.162,
                          "Actual Rows": 149986,
                          "Actual Loops": 5,
                          "Filter": "((kind_id < 7) AND (production_year < 2009))",
                          "Rows Removed by Filter": 355676
                        },
                        {
                          "Node Type": "Hash",
                          "Parent Relationship": "Inner",
                          "Parallel Aware": true,
                          "Startup Cost": 21434.62,
                          "Total Cost": 21434.62,
                          "Plan Rows": 33188,
                          "Plan Width": 4,
                          "Actual Startup Time": 38.481,
                          "Actual Total Time": 38.482,
                          "Actual Rows": 19475,
                          "Actual Loops": 5,
                          "Hash Buckets": 131072,
                          "Original Hash Buckets": 131072,
                          "Hash Batches": 1,
                          "Original Hash Batches": 1,
                          "Peak Memory Usage": 4896,
                          "Plans": [
                            {
                              "Node Type": "Bitmap Heap Scan",
                              "Parent Relationship": "Outer",
                              "Parallel Aware": true,
                              "Relation Name": "movie_companies",
                              "Alias": "mc",
                              "Startup Cost": 2229.77,
                              "Total Cost": 21434.62,
                              "Plan Rows": 33188,
                              "Plan Width": 4,
                              "Actual Startup Time": 8.863,
                              "Actual Total Time": 27.318,
                              "Actual Rows": 19475,
                              "Actual Loops": 5,
                              "Recheck Cond": "(company_id > 159108)",
                              "Rows Removed by Index Recheck": 0,
                              "Exact Heap Blocks": 1296,
                              "Lossy Heap Blocks": 0,
                              "Plans": [
                                {
                                  "Node Type": "Bitmap Index Scan",
                                  "Parent Relationship": "Outer",
                                  "Parallel Aware": false,
                                  "Index Name": "company_id_movie_companies",
                                  "Startup Cost": 0.0,
                                  "Total Cost": 2204.05,
                                  "Plan Rows": 102883,
                                  "Plan Width": 0,
                                  "Actual Startup Time": 12.341,
                                  "Actual Total Time": 12.342,
                                  "Actual Rows": 97376,
                                  "Actual Loops": 1,
                                  "Index Cond": "(company_id > 159108)"
                                }
                              ]
                            }
                          ]
                        }
                      ]
                    },
                    {
                      "Node Type": "Index Scan",
                      "Parent Relationship": "Inner",
                      "Parallel Aware": false,
                      "Scan Direction": "Forward",
                      "Index Name": "movie_id_movie_keyword",
                      "Relation Name": "movie_keyword",
                      "Alias": "mk",
                      "Startup Cost": 0.43,
                      "Total Cost": 1.59,
                      "Plan Rows": 6,
                      "Plan Width": 4,
                      "Actual Startup Time": 0.004,
                      "Actual Total Time": 0.005,
                      "Actual Rows": 1,
                      "Actual Loops": 66828,
                      "Index Cond": "(movie_id = t.id)",
                      "Rows Removed by Index Recheck": 0,
                      "Filter": "(keyword_id < 496)",
                      "Rows Removed by Filter": 8
                    }
                  ]
                }
              ]
            }
          ]
        }
      ]
    },
    "Planning Time": 1.421,
    "Triggers": [],
    "Execution Time": 240.525
  }
]