[
  {
    "Plan": {
      "Node Type": "Aggregate",
      "Strategy": "Plain",
      "Partial Mode": "Finalize",
      "Parallel Aware": false,
      "Startup Cost": 93855.92,
      "Total Cost": 93855.93,
      "Plan Rows": 1,
      "Plan Width": 8,
      "Actual Startup Time": 450.072,
      "Actual Total Time": 469.642,
      "Actual Rows": 1,
      "Actual Loops": 1,
      "Plans": [
        {
          "Node Type": "Gather",
          "Parent Relationship": "Outer",
          "Parallel Aware": false,
          "Startup Cost": 93855.6,
          "Total Cost": 93855.91,
          "Plan Rows": 3,
          "Plan Width": 8,
          "Actual Startup Time": 444.468,
          "Actual Total Time": 469.634,
          "Actual Rows": 4,
          "Actual Loops": 1,
          "Workers Planned": 3,
          "Workers Launched": 3,
          "Single Copy": false,
          "Plans": [
            {
              "Node Type": "Aggregate",
              "Strategy": "Plain",
              "Partial Mode": "Partial",
              "Parent Relationship": "Outer",
              "Parallel Aware": false,
              "Startup Cost": 92855.6,
              "Total Cost": 92855.61,
              "Plan Rows": 1,
              "Plan Width": 8,
              "Actual Startup Time": 437.441,
              "Actual Total Time": 437.447,
              "Actual Rows": 1,
              "Actual Loops": 4,
              "Plans": [
                {
                  "Node Type": "Hash Join",
                  "Parent Relationship": "Outer",
                  "Parallel Aware": true,
                  "Join Type": "Inner",
                  "Startup Cost": 62223.91,
                  "Total Cost": 92754.75,
                  "Plan Rows": 40341,
                  "Plan Width": 0,
                  "Actual Startup Time": 292.541,
                  "Actual Total Time": 428.444,
                  "Actual Rows": 195378,
                  "Actual Loops": 4,
                  "Inner Unique": false,
                  "Hash Cond": "(mc.movie_id = t.id)",
                  "Plans": [
                    {
                      "Node Type": "Seq Scan",
                      "Parent Relationship": "Outer",
                      "Parallel Aware": true,
                      "Relation Name": "movie_companies",
                      "Alias": "mc",
                      "Startup Cost": 0.0,
                      "Total Cost": 27206.55,
                      "Plan Rows": 841655,
                      "Plan Width": 4,
                      "Actual Startup Time": 0.018,
                      "Actual Total Time": 60.386,
                      "Actual Rows": 652282,
                      "Actual Loops": 4
                    },
                    {
                      "Node Type": "Hash",
                      "Parent Relationship": "Inner",
                      "Parallel Aware": true,
                      "Startup Cost": 61592.71,
                      "Total Cost": 61592.71,
                      "Plan Rows": 50496,
                      "Plan Width": 8,
                      "Actual Startup Time": 263.467,
                      "Actual Total Time": 263.472,
                      "Actual Rows": 52535,
                      "Actual Loops": 4,
                      "Hash Buckets": 262144,
                      "Original Hash Buckets": 131072,
                      "Hash Batches": 1,
                      "Original Hash Batches": 1,
                      "Peak Memory Usage": 11360,
                      "Plans": [
                        {
                          "Node Type": "Hash Join",
                          "Parent Relationship": "Outer",
                          "Parallel Aware": true,
                          "Join Type": "Inner",
                          "Startup Cost": 45962.36,
                          "Total Cost": 61592.71,
                          "Plan Rows": 50496,
                          "Plan Width": 8,
                          "Actual Startup Time": 192.473,
                          "Actual Total Time": 242.438,
                          "Actual Rows": 52535,
                          "Actual Loops": 4,
                          "Inner Unique": true,
                          "Hash Cond": "(mi_idx.movie_id = t.id)",
                          "Plans": [
                            {
                              "Node Type": "Seq Scan",
                              "Parent Relationship": "Outer",
                              "Parallel Aware": true,
                              "Relation Name": "movie_info_idx",
                              "Alias": "mi_idx",
                              "Startup Cost": 0.0,
                              "Total Cost": 15122.68,
                              "Plan Rows": 193397,
                              "Plan Width": 4,
                              "Actual Startup Time": 0.014,
                              "Actual Total Time": 35.733,
                              "Actual Rows": 115046,
                              "Actual Loops": 4,
                              "Filter": "(info_type_id > 100)",
                              "Rows Removed by Filter": 229962
                            },
                            {
                              "Node Type": "Hash",
                              "Parent Relationship": "Inner",
                              "Parallel Aware": true,
                              "Startup Cost": 43899.32,
                              "Total Cost": 43899.32,
                              "Plan Rows": 165043,
                              "Plan Width": 4,
                              "Actual Startup Time": 162.763,
                              "Actual Total Time": 162.764,
                              "Actual Rows": 165706,
                              "Actual Loops": 4,
                              "Hash Buckets": 1048576,
                              "Original Hash Buckets": 1048576,
                              "Hash Batches": 1,
                              "Original Hash Batches": 1,
                              "Peak Memory Usage": 34208,
                              "Plans": [
                                {
                                  "Node Type": "Seq Scan",
                                  "Parent Relationship": "Outer",
                                  "Parallel Aware": true,
                                  "Relation Name": "title",
                                  "Alias": "t",
                                  "Startup Cost": 0.0,
                                  "Total Cost": 43899.32,
                                  "Plan Rows": 165043,
                                  "Plan Width": 4,
                                  "Actual Startup Time": 41.566,
                                  "Actual Total Time": 99.53,
                                  "Actual Rows": 165706,
                                  "Actual Loops": 4,
                                  "Filter": "(kind_id = 1)",
                                  "Rows Removed by Filter": 466372
                                }
                              ]
                            }
                          ]
                        }
                      ]
                    }
                  ]
                }
              ]
            }
          ]
        }
      ]
    },
    "Planning Time": 0.733,
    "Triggers": [],
    "Execution Time": 469.7
  }
]