[
  {
    "Plan": {
      "Node Type": "Aggregate",
      "Strategy": "Plain",
      "Partial Mode": "Finalize",
      "Parallel Aware": false,
      "Startup Cost": 46009.49,
      "Total Cost": 46009.5,
      "Plan Rows": 1,
      "Plan Width": 8,
      "Actual Startup Time": 161.195,
      "Actual Total Time": 171.056,
      "Actual Rows": 1,
      "Actual Loops": 1,
      "Plans": [
        {
          "Node Type": "Gather",
          "Parent Relationship": "Outer",
          "Parallel Aware": false,
          "Startup Cost": 46009.17,
          "Total Cost": 46009.48,
          "Plan Rows": 3,
          "Plan Width": 8,
          "Actual Startup Time": 161.108,
          "Actual Total Time": 171.047,
          "Actual Rows": 4,
          "Actual Loops": 1,
          "Workers Planned": 3,
          "Workers Launched": 3,
          "Single Copy": false,
          "Plans": [
            {
              "Node Type": "Aggregate",
              "Strategy": "Plain",
              "Partial Mode": "Partial",
              "Parent Relationship": "Outer",
              "Parallel Aware": false,
              "Startup Cost": 45009.17,
              "Total Cost": 45009.18,
              "Plan Rows": 1,
              "Plan Width": 8,
              "Actual Startup Time": 153.588,
              "Actual Total Time": 153.59,
              "Actual Rows": 1,
              "Actual Loops": 4,
              "Plans": [
                {
                  "Node Type": "Seq Scan",
                  "Parent Relationship": "Outer",
                  "Parallel Aware": true,
                  "Relation Name": "movie_keyword",
                  "Alias": "mk",
                  "Startup Cost": 0.0,
                  "Total Cost": 42695.65,
                  "Plan Rows": 925408,
                  "Plan Width": 0,
                  "Actual Startup Time": 0.059,
                  "Actual Total Time": 120.819,
                  "Actual Rows": 716696,
                  "Actual Loops": 4,
                  "Filter": "(keyword_id < 8819)",
                  "Rows Removed by Filter": 414287
                }
              ]
            }
          ]
        }
      ]
    },
    "Planning Time": 0.21,
    "Triggers": [],
    "Execution Time": 171.105
  }
]