[
  {
    "Plan": {
      "Node Type": "Aggregate",
      "Strategy": "Plain",
      "Partial Mode": "Finalize",
      "Parallel Aware": false,
      "Startup Cost": 383321.51,
      "Total Cost": 383321.52,
      "Plan Rows": 1,
      "Plan Width": 8,
      "Actual Startup Time": 1197.541,
      "Actual Total Time": 1267.959,
      "Actual Rows": 1,
      "Actual Loops": 1,
      "Plans": [
        {
          "Node Type": "Gather",
          "Parent Relationship": "Outer",
          "Parallel Aware": false,
          "Startup Cost": 383320.89,
          "Total Cost": 383321.5,
          "Plan Rows": 6,
          "Plan Width": 8,
          "Actual Startup Time": 1194.936,
          "Actual Total Time": 1267.948,
          "Actual Rows": 7,
          "Actual Loops": 1,
          "Workers Planned": 6,
          "Workers Launched": 6,
          "Single Copy": false,
          "Plans": [
            {
              "Node Type": "Aggregate",
              "Strategy": "Plain",
              "Partial Mode": "Partial",
              "Parent Relationship": "Outer",
              "Parallel Aware": false,
              "Startup Cost": 382320.89,
              "Total Cost": 382320.9,
              "Plan Rows": 1,
              "Plan Width": 8,
              "Actual Startup Time": 1184.529,
              "Actual Total Time": 1184.532,
              "Actual Rows": 1,
              "Actual Loops": 7,
              "Plans": [
                {
                  "Node Type": "Hash Join",
                  "Parent Relationship": "Outer",
                  "Parallel Aware": true,
                  "Join Type": "Inner",
                  "Startup Cost": 46996.07,
                  "Total Cost": 381213.6,
                  "Plan Rows": 442917,
                  "Plan Width": 0,
                  "Actual Startup Time": 375.591,
                  "Actual Total Time": 1163.594,
                  "Actual Rows": 417347,
                  "Actual Loops": 7,
                  "Inner Unique": true,
                  "Hash Cond": "(ci.movie_id = t.id)",
                  "Plans": [
                    {
                      "Node Type": "Seq Scan",
                      "Parent Relationship": "Outer",
                      "Parallel Aware": true,
                      "Relation Name": "cast_info",
                      "Alias": "ci",
                      "Startup Cost": 0.0,
                      "Total Cost": 328162.03,
                      "Plan Rows": 2306852,
                      "Plan Width": 4,
                      "Actual Startup Time": 239.724,
                      "Actual Total Time": 591.53,
                      "Actual Rows": 1973142,
                      "Actual Loops": 7,
                      "Filter": "(person_id > 2287302)",
                      "Rows Removed by Filter": 3204622
                    },
                    {
                      "Node Type": "Hash",
                      "Parent Relationship": "Inner",
                      "Parallel Aware": true,
                      "Startup Cost": 45479.1,
                      "Total Cost": 45479.1,
                      "Plan Rows": 121358,
                      "Plan Width": 4,
                      "Actual Startup Time": 133.16,
                      "Actual Total Time": 133.161,
                      "Actual Rows": 81468,
                      "Actual Loops": 7,
                      "Hash Buckets": 1048576,
                      "Original Hash Buckets": 524288,
                      "Hash Batches": 1,
                      "Original Hash Batches": 1,
                      "Peak Memory Usage": 34752,
                      "Plans": [
                        {
                          "Node Type": "Seq Scan",
                          "Parent Relationship": "Outer",
                          "Parallel Aware": true,
                          "Relation Name": "title",
                          "Alias": "t",
                          "Startup Cost": 0.0,
                          "Total Cost": 45479.1,
                          "Plan Rows": 121358,
                          "Plan Width": 4,
                          "Actual Startup Time": 0.054,
                          "Actual Total Time": 80.004,
                          "Actual Rows": 81468,
                          "Actual Loops": 7,
                          "Filter": "((kind_id < 4) AND (production_year < 2006))",
                          "Rows Removed by Filter": 279719
                        }
                      ]
                    }
                  ]
                }
              ]
            }
          ]
        }
      ]
    },
    "Planning Time": 0.552,
    "Triggers": [],
    "Execution Time": 1268.039
  }
]