[
  {
    "Plan": {
      "Node Type": "Aggregate",
      "Strategy": "Plain",
      "Partial Mode": "Finalize",
      "Parallel Aware": false,
      "Startup Cost": 47052.98,
      "Total Cost": 47052.99,
      "Plan Rows": 1,
      "Plan Width": 8,
      "Actual Startup Time": 116.515,
      "Actual Total Time": 129.492,
      "Actual Rows": 1,
      "Actual Loops": 1,
      "Plans": [
        {
          "Node Type": "Gather",
          "Parent Relationship": "Outer",
          "Parallel Aware": false,
          "Startup Cost": 47052.56,
          "Total Cost": 47052.97,
          "Plan Rows": 4,
          "Plan Width": 8,
          "Actual Startup Time": 116.25,
          "Actual Total Time": 129.482,
          "Actual Rows": 5,
          "Actual Loops": 1,
          "Workers Planned": 4,
          "Workers Launched": 4,
          "Single Copy": false,
          "Plans": [
            {
              "Node Type": "Aggregate",
              "Strategy": "Plain",
              "Partial Mode": "Partial",
              "Parent Relationship": "Outer",
              "Parallel Aware": false,
              "Startup Cost": 46052.56,
              "Total Cost": 46052.57,
              "Plan Rows": 1,
              "Plan Width": 8,
              "Actual Startup Time": 108.985,
              "Actual Total Time": 108.986,
              "Actual Rows": 1,
              "Actual Loops": 5,
              "Plans": [
                {
                  "Node Type": "Seq Scan",
                  "Parent Relationship": "Outer",
                  "Parallel Aware": true,
                  "Relation Name": "title",
                  "Alias": "t",
                  "Startup Cost": 0.0,
                  "Total Cost": 45479.1,
                  "Plan Rows": 229386,
                  "Plan Width": 0,
                  "Actual Startup Time": 0.035,
                  "Actual Total Time": 96.899,
                  "Actual Rows": 202873,
                  "Actual Loops": 5,
                  "Filter": "((kind_id > 3) AND (production_year > 2000))",
                  "Rows Removed by Filter": 302789
                }
              ]
            }
          ]
        }
      ]
    },
    "Planning Time": 0.198,
    "Triggers": [],
    "Execution Time": 129.557
  }
]