[
  {
    "Plan": {
      "Node Type": "Aggregate",
      "Strategy": "Plain",
      "Partial Mode": "Simple",
      "Parallel Aware": false,
      "Startup Cost": 4055.86,
      "Total Cost": 4055.87,
      "Plan Rows": 1,
      "Plan Width": 8,
      "Actual Startup Time": 9.718,
      "Actual Total Time": 9.72,
      "Actual Rows": 1,
      "Actual Loops": 1,
      "Plans": [
        {
          "Node Type": "Nested Loop",
          "Parent Relationship": "Outer",
          "Parallel Aware": false,
          "Join Type": "Inner",
          "Startup Cost": 0.86,
          "Total Cost": 4054.93,
          "Plan Rows": 369,
          "Plan Width": 0,
          "Actual Startup Time": 0.041,
          "Actual Total Time": 9.504,
          "Actual Rows": 1295,
          "Actual Loops": 1,
          "Inner Unique": true,
          "Plans": [
            {
              "Node Type": "Index Scan",
              "Parent Relationship": "Outer",
              "Parallel Aware": false,
              "Scan Direction": "Forward",
              "Index Name": "company_id_movie_companies",
              "Relation Name": "movie_companies",
              "Alias": "mc",
              "Startup Cost": 0.43,
              "Total Cost": 969.81,
              "Plan Rows": 369,
              "Plan Width": 4,
              "Actual Startup Time": 0.024,
              "Actual Total Time": 1.326,
              "Actual Rows": 1295,
              "Actual Loops": 1,
              "Index Cond": "(company_id < 2)",
              "Rows Removed by Index Recheck": 0
            },
            {
              "Node Type": "Index Only Scan",
              "Parent Relationship": "Inner",
              "Parallel Aware": false,
              "Scan Direction": "Forward",
              "Index Name": "title_pkey",
              "Relation Name": "title",
              "Alias": "t",
              "Startup Cost": 0.43,
              "Total Cost": 8.36,
              "Plan Rows": 1,
              "Plan Width": 4,
              "Actual Startup Time": 0.005,
              "Actual Total Time": 0.005,
              "Actual Rows": 1,
              "Actual Loops": 1295,
              "Index Cond": "(id = mc.movie_id)",
              "Rows Removed by Index Recheck": 0,
              "Heap Fetches": 1295
            }
          ]
        }
      ]
    },
    "Planning Time": 0.576,
    "Triggers": [],
    "Execution Time": 9.769
  }
]