[
  {
    "Plan": {
      "Node Type": "Aggregate",
      "Strategy": "Plain",
      "Partial Mode": "Finalize",
      "Parallel Aware": false,
      "Startup Cost": 30957.41,
      "Total Cost": 30957.42,
      "Plan Rows": 1,
      "Plan Width": 8,
      "Actual Startup Time": 93.666,
      "Actual Total Time": 101.349,
      "Actual Rows": 1,
      "Actual Loops": 1,
      "Plans": [
        {
          "Node Type": "Gather",
          "Parent Relationship": "Outer",
          "Parallel Aware": false,
          "Startup Cost": 30957.09,
          "Total Cost": 30957.4,
          "Plan Rows": 3,
          "Plan Width": 8,
          "Actual Startup Time": 93.565,
          "Actual Total Time": 101.342,
          "Actual Rows": 4,
          "Actual Loops": 1,
          "Workers Planned": 3,
          "Workers Launched": 3,
          "Single Copy": false,
          "Plans": [
            {
              "Node Type": "Aggregate",
              "Strategy": "Plain",
              "Partial Mode": "Partial",
              "Parent Relationship": "Outer",
              "Parallel Aware": false,
              "Startup Cost": 29957.09,
              "Total Cost": 29957.1,
              "Plan Rows": 1,
              "Plan Width": 8,
              "Actual Startup Time": 85.394,
              "Actual Total Time": 85.395,
              "Actual Rows": 1,
              "Actual Loops": 4,
              "Plans": [
                {
                  "Node Type": "Seq Scan",
                  "Parent Relationship": "Outer",
                  "Parallel Aware": true,
                  "Relation Name": "movie_companies",
                  "Alias": "mc",
                  "Startup Cost": 0.0,
                  "Total Cost": 29310.68,
                  "Plan Rows": 258564,
                  "Plan Width": 0,
                  "Actual Startup Time": 26.519,
                  "Actual Total Time": 77.109,
                  "Actual Rows": 204060,
                  "Actual Loops": 4,
                  "Filter": "(company_id > 28533)",
                  "Rows Removed by Filter": 448223
                }
              ]
            }
          ]
        }
      ]
    },
    "Planning Time": 0.189,
    "Triggers": [],
    "Execution Time": 101.404
  }
]