[
  {
    "Plan": {
      "Node Type": "Aggregate",
      "Strategy": "Plain",
      "Partial Mode": "Finalize",
      "Parallel Aware": false,
      "Startup Cost": 73193.41,
      "Total Cost": 73193.42,
      "Plan Rows": 1,
      "Plan Width": 8,
      "Actual Startup Time": 163.691,
      "Actual Total Time": 183.356,
      "Actual Rows": 1,
      "Actual Loops": 1,
      "Plans": [
        {
          "Node Type": "Gather",
          "Parent Relationship": "Outer",
          "Parallel Aware": false,
          "Startup Cost": 73193.09,
          "Total Cost": 73193.4,
          "Plan Rows": 3,
          "Plan Width": 8,
          "Actual Startup Time": 162.727,
          "Actual Total Time": 183.345,
          "Actual Rows": 4,
          "Actual Loops": 1,
          "Workers Planned": 3,
          "Workers Launched": 3,
          "Single Copy": false,
          "Plans": [
            {
              "Node Type": "Aggregate",
              "Strategy": "Plain",
              "Partial Mode": "Partial",
              "Parent Relationship": "Outer",
              "Parallel Aware": false,
              "Startup Cost": 72193.09,
              "Total Cost": 72193.1,
              "Plan Rows": 1,
              "Plan Width": 8,
              "Actual Startup Time": 153.649,
              "Actual Total Time": 153.653,
              "Actual Rows": 1,
              "Actual Loops": 4,
              "Plans": [
                {
                  "Node Type": "Hash Join",
                  "Parent Relationship": "Outer",
                  "Parallel Aware": true,
                  "Join Type": "Inner",
                  "Startup Cost": 47396.07,
                  "Total Cost": 72189.98,
                  "Plan Rows": 1242,
                  "Plan Width": 0,
                  "Actual Startup Time": 121.002,
                  "Actual Total Time": 153.631,
                  "Actual Rows": 152,
                  "Actual Loops": 4,
                  "Inner Unique": true,
                  "Hash Cond": "(mk.movie_id = t.id)",
                  "Plans": [
                    {
                      "Node Type": "Bitmap Heap Scan",
                      "Parent Relationship": "Outer",
                      "Parallel Aware": true,
                      "Relation Name": "movie_keyword",
                      "Alias": "mk",
                      "Startup Cost": 1480.36,
                      "Total Cost": 26215.28,
                      "Plan Rows": 22474,
                      "Plan Width": 4,
                      "Actual Startup Time": 8.963,
                      "Actual Total Time": 37.043,
                      "Actual Rows": 17287,
                      "Actual Loops": 4,
                      "Recheck Cond": "(keyword_id < 62)",
                      "Rows Removed by Index Recheck": 0,
                      "Exact Heap Blocks": 8629,
                      "Lossy Heap Blocks": 0,
                      "Plans": [
                        {
                          "Node Type": "Bitmap Index Scan",
                          "Parent Relationship": "Outer",
                          "Parallel Aware": false,
                          "Index Name": "keyword_id_movie_keyword",
                          "Startup Cost": 0.0,
                          "Total Cost": 1462.94,
                          "Plan Rows": 69668,
                          "Plan Width": 0,
                          "Actual Startup Time": 6.096,
                          "Actual Total Time": 6.097,
                          "Actual Rows": 69147,
                          "Actual Loops": 1,
                          "Index Cond": "(keyword_id < 62)"
                        }
                      ]
                    },
                    {
                      "Node Type": "Hash",
                      "Parent Relationship": "Inner",
                      "Parallel Aware": true,
                      "Startup Cost": 45479.1,
                      "Total Cost": 45479.1,
                      "Plan Rows": 34929,
                      "Plan Width": 4,
                      "Actual Startup Time": 108.576,
                      "Actual Total Time": 108.577,
                      "Actual Rows": 37665,
                      "Actual Loops": 4,
                      "Hash Buckets": 262144,
                      "Original Hash Buckets": 262144,
                      "Hash Batches": 1,
                      "Original Hash Batches": 1,
                      "Peak Memory Usage": 8000,
                      "Plans": [
                        {
                          "Node Type": "Seq Scan",
                          "Parent Relationship": "Outer",
                          "Parallel Aware": true,
                          "Relation Name": "title",
                          "Alias": "t",
                          "Startup Cost": 0.0,
                          "Total Cost": 45479.1,
                          "Plan Rows": 34929,
                          "Plan Width": 4,
                          "Actual Startup Time": 0.041,
                          "Actual Total Time": 94.693,
                          "Actual Rows": 37665,
                          "Actual Loops": 4,
                          "Filter": "((production_year > 2011) AND (kind_id = 7))",
                          "Rows Removed by Filter": 594413
                        }
                      ]
                    }
                  ]
                }
              ]
            }
          ]
        }
      ]
    },
    "Planning Time": 0.61,
    "Triggers": [],
    "Execution Time": 183.442
  }
]