[
    {
        "Bao": {
            "Bao prediction": 443.883,
            "Bao recommended hint": "(no hint)"
        }
    },
    {
        "Plan": {
            "Node Type": "Aggregate",
            "Strategy": "Plain",
            "Partial Mode": "Finalize",
            "Parallel Aware": false,
            "Startup Cost": 44279.18,
            "Total Cost": 44279.19,
            "Plan Rows": 1,
            "Plan Width": 8,
            "Actual Startup Time": 123.287,
            "Actual Total Time": 129.407,
            "Actual Rows": 1,
            "Actual Loops": 1,
            "Output": [
                "count(*)"
            ],
            "Plans": [
                {
                    "Node Type": "Gather",
                    "Parent Relationship": "Outer",
                    "Parallel Aware": false,
                    "Startup Cost": 44278.86,
                    "Total Cost": 44279.17,
                    "Plan Rows": 3,
                    "Plan Width": 8,
                    "Actual Startup Time": 123.208,
                    "Actual Total Time": 129.4,
                    "Actual Rows": 4,
                    "Actual Loops": 1,
                    "Output": [
                        "(PARTIAL count(*))"
                    ],
                    "Workers Planned": 3,
                    "Workers Launched": 3,
                    "Single Copy": false,
                    "Plans": [
                        {
                            "Node Type": "Aggregate",
                            "Strategy": "Plain",
                            "Partial Mode": "Partial",
                            "Parent Relationship": "Outer",
                            "Parallel Aware": false,
                            "Startup Cost": 43278.86,
                            "Total Cost": 43278.87,
                            "Plan Rows": 1,
                            "Plan Width": 8,
                            "Actual Startup Time": 115.507,
                            "Actual Total Time": 115.508,
                            "Actual Rows": 1,
                            "Actual Loops": 4,
                            "Output": [
                                "PARTIAL count(*)"
                            ],
                            "Workers": [
                                {
                                    "Worker Number": 0,
                                    "Actual Startup Time": 112.816,
                                    "Actual Total Time": 112.817,
                                    "Actual Rows": 1,
                                    "Actual Loops": 1
                                },
                                {
                                    "Worker Number": 1,
                                    "Actual Startup Time": 113.102,
                                    "Actual Total Time": 113.103,
                                    "Actual Rows": 1,
                                    "Actual Loops": 1
                                },
                                {
                                    "Worker Number": 2,
                                    "Actual Startup Time": 113.501,
                                    "Actual Total Time": 113.502,
                                    "Actual Rows": 1,
                                    "Actual Loops": 1
                                }
                            ],
                            "Plans": [
                                {
                                    "Node Type": "Seq Scan",
                                    "Parent Relationship": "Outer",
                                    "Parallel Aware": true,
                                    "Relation Name": "movie_keyword",
                                    "Schema": "public",
                                    "Alias": "mk",
                                    "Startup Cost": 0.0,
                                    "Total Cost": 42695.65,
                                    "Plan Rows": 233282,
                                    "Plan Width": 0,
                                    "Actual Startup Time": 6.933,
                                    "Actual Total Time": 105.033,
                                    "Actual Rows": 177982,
                                    "Actual Loops": 4,
                                    "Output": [
                                        "id",
                                        "movie_id",
                                        "keyword_id"
                                    ],
                                    "Filter": "(mk.keyword_id > 26536)",
                                    "Rows Removed by Filter": 953000,
                                    "Workers": [
                                        {
                                            "Worker Number": 0,
                                            "Actual Startup Time": 4.218,
                                            "Actual Total Time": 102.535,
                                            "Actual Rows": 123893,
                                            "Actual Loops": 1
                                        },
                                        {
                                            "Worker Number": 1,
                                            "Actual Startup Time": 4.555,
                                            "Actual Total Time": 103.1,
                                            "Actual Rows": 181232,
                                            "Actual Loops": 1
                                        },
                                        {
                                            "Worker Number": 2,
                                            "Actual Startup Time": 4.942,
                                            "Actual Total Time": 103.304,
                                            "Actual Rows": 176688,
                                            "Actual Loops": 1
                                        }
                                    ]
                                }
                            ]
                        }
                    ]
                }
            ]
        },
        "Planning Time": 445.465,
        "Triggers": [],
        "Execution Time": 129.485
    }
]