[
    {
        "Bao": {
            "Bao prediction": "NaN",
            "Bao recommended hint": "(no hint)"
        }
    },
    {
        "Plan": {
            "Node Type": "Aggregate",
            "Strategy": "Plain",
            "Partial Mode": "Simple",
            "Parallel Aware": false,
            "Startup Cost": 39353.19,
            "Total Cost": 39353.2,
            "Plan Rows": 1,
            "Plan Width": 8,
            "Actual Startup Time": 71.423,
            "Actual Total Time": 71.43,
            "Actual Rows": 1,
            "Actual Loops": 1,
            "Output": [
                "count(*)"
            ],
            "Plans": [
                {
                    "Node Type": "Bitmap Heap Scan",
                    "Parent Relationship": "Outer",
                    "Parallel Aware": false,
                    "Relation Name": "title",
                    "Schema": "public",
                    "Alias": "t",
                    "Startup Cost": 1804.3,
                    "Total Cost": 39314.24,
                    "Plan Rows": 15583,
                    "Plan Width": 0,
                    "Actual Startup Time": 9.633,
                    "Actual Total Time": 69.997,
                    "Actual Rows": 8276,
                    "Actual Loops": 1,
                    "Recheck Cond": "(t.kind_id = 3)",
                    "Rows Removed by Index Recheck": 0,
                    "Filter": "(t.production_year > 2010)",
                    "Rows Removed by Filter": 92261,
                    "Exact Heap Blocks": 12707,
                    "Lossy Heap Blocks": 0,
                    "Plans": [
                        {
                            "Node Type": "Bitmap Index Scan",
                            "Parent Relationship": "Outer",
                            "Parallel Aware": false,
                            "Index Name": "kind_id_title",
                            "Startup Cost": 0.0,
                            "Total Cost": 1800.4,
                            "Plan Rows": 100796,
                            "Plan Width": 0,
                            "Actual Startup Time": 7.097,
                            "Actual Total Time": 7.098,
                            "Actual Rows": 100537,
                            "Actual Loops": 1,
                            "Index Cond": "(t.kind_id = 3)"
                        }
                    ]
                }
            ]
        },
        "Planning Time": 220.462,
        "Triggers": [],
        "Execution Time": 71.511
    }
]