[
  {
    "Plan": {
      "Node Type": "Aggregate",
      "Strategy": "Plain",
      "Partial Mode": "Finalize",
      "Parallel Aware": false,
      "Startup Cost": 66523.22,
      "Total Cost": 66523.23,
      "Plan Rows": 1,
      "Plan Width": 8,
      "Actual Startup Time": 111.784,
      "Actual Total Time": 124.911,
      "Actual Rows": 1,
      "Actual Loops": 1,
      "Plans": [
        {
          "Node Type": "Gather",
          "Parent Relationship": "Outer",
          "Parallel Aware": false,
          "Startup Cost": 66522.8,
          "Total Cost": 66523.21,
          "Plan Rows": 4,
          "Plan Width": 8,
          "Actual Startup Time": 111.306,
          "Actual Total Time": 124.903,
          "Actual Rows": 5,
          "Actual Loops": 1,
          "Workers Planned": 4,
          "Workers Launched": 4,
          "Single Copy": false,
          "Plans": [
            {
              "Node Type": "Aggregate",
              "Strategy": "Plain",
              "Partial Mode": "Partial",
              "Parent Relationship": "Outer",
              "Parallel Aware": false,
              "Startup Cost": 65522.8,
              "Total Cost": 65522.81,
              "Plan Rows": 1,
              "Plan Width": 8,
              "Actual Startup Time": 101.055,
              "Actual Total Time": 101.059,
              "Actual Rows": 1,
              "Actual Loops": 5,
              "Plans": [
                {
                  "Node Type": "Hash Join",
                  "Parent Relationship": "Outer",
                  "Parallel Aware": true,
                  "Join Type": "Inner",
                  "Startup Cost": 19943.86,
                  "Total Cost": 65522.04,
                  "Plan Rows": 301,
                  "Plan Width": 0,
                  "Actual Startup Time": 23.561,
                  "Actual Total Time": 101.035,
                  "Actual Rows": 89,
                  "Actual Loops": 5,
                  "Inner Unique": false,
                  "Hash Cond": "(t.id = mc.movie_id)",
                  "Plans": [
                    {
                      "Node Type": "Seq Scan",
                      "Parent Relationship": "Outer",
                      "Parallel Aware": true,
                      "Relation Name": "title",
                      "Alias": "t",
                      "Startup Cost": 0.0,
                      "Total Cost": 45479.1,
                      "Plan Rows": 19622,
                      "Plan Width": 4,
                      "Actual Startup Time": 0.023,
                      "Actual Total Time": 74.714,
                      "Actual Rows": 17644,
                      "Actual Loops": 5,
                      "Filter": "((kind_id > 2) AND (production_year = 2006))",
                      "Rows Removed by Filter": 488018
                    },
                    {
                      "Node Type": "Hash",
                      "Parent Relationship": "Inner",
                      "Parallel Aware": true,
                      "Startup Cost": 19787.45,
                      "Total Cost": 19787.45,
                      "Plan Rows": 12513,
                      "Plan Width": 4,
                      "Actual Startup Time": 20.258,
                      "Actual Total Time": 20.259,
                      "Actual Rows": 7227,
                      "Actual Loops": 5,
                      "Hash Buckets": 65536,
                      "Original Hash Buckets": 65536,
                      "Hash Batches": 1,
                      "Original Hash Batches": 1,
                      "Peak Memory Usage": 1984,
                      "Plans": [
                        {
                          "Node Type": "Bitmap Heap Scan",
                          "Parent Relationship": "Outer",
                          "Parallel Aware": true,
                          "Relation Name": "movie_companies",
                          "Alias": "mc",
                          "Startup Cost": 841.04,
                          "Total Cost": 19787.45,
                          "Plan Rows": 12513,
                          "Plan Width": 4,
                          "Actual Startup Time": 2.094,
                          "Actual Total Time": 15.89,
                          "Actual Rows": 7227,
                          "Actual Loops": 5,
                          "Recheck Cond": "(company_id = 160)",
                          "Rows Removed by Index Recheck": 0,
                          "Exact Heap Blocks": 2576,
                          "Lossy Heap Blocks": 0,
                          "Plans": [
                            {
                              "Node Type": "Bitmap Index Scan",
                              "Parent Relationship": "Outer",
                              "Parallel Aware": false,
                              "Index Name": "company_id_movie_companies",
                              "Startup Cost": 0.0,
                              "Total Cost": 831.35,
                              "Plan Rows": 38789,
                              "Plan Width": 0,
                              "Actual Startup Time": 6.275,
                              "Actual Total Time": 6.276,
                              "Actual Rows": 36136,
                              "Actual Loops": 1,
                              "Index Cond": "(company_id = 160)"
                            }
                          ]
                        }
                      ]
                    }
                  ]
                }
              ]
            }
          ]
        }
      ]
    },
    "Planning Time": 0.657,
    "Triggers": [],
    "Execution Time": 125.017
  }
]