[
  {
    "Plan": {
      "Node Type": "Aggregate",
      "Strategy": "Plain",
      "Partial Mode": "Finalize",
      "Parallel Aware": false,
      "Startup Cost": 32795.7,
      "Total Cost": 32795.71,
      "Plan Rows": 1,
      "Plan Width": 8,
      "Actual Startup Time": 97.461,
      "Actual Total Time": 105.686,
      "Actual Rows": 1,
      "Actual Loops": 1,
      "Plans": [
        {
          "Node Type": "Gather",
          "Parent Relationship": "Outer",
          "Parallel Aware": false,
          "Startup Cost": 32795.38,
          "Total Cost": 32795.69,
          "Plan Rows": 3,
          "Plan Width": 8,
          "Actual Startup Time": 97.354,
          "Actual Total Time": 105.678,
          "Actual Rows": 4,
          "Actual Loops": 1,
          "Workers Planned": 3,
          "Workers Launched": 3,
          "Single Copy": false,
          "Plans": [
            {
              "Node Type": "Aggregate",
              "Strategy": "Plain",
              "Partial Mode": "Partial",
              "Parent Relationship": "Outer",
              "Parallel Aware": false,
              "Startup Cost": 31795.38,
              "Total Cost": 31795.39,
              "Plan Rows": 1,
              "Plan Width": 8,
              "Actual Startup Time": 89.423,
              "Actual Total Time": 89.424,
              "Actual Rows": 1,
              "Actual Loops": 4,
              "Plans": [
                {
                  "Node Type": "Seq Scan",
                  "Parent Relationship": "Outer",
                  "Parallel Aware": true,
                  "Relation Name": "movie_companies",
                  "Alias": "mc",
                  "Startup Cost": 0.0,
                  "Total Cost": 31414.82,
                  "Plan Rows": 152225,
                  "Plan Width": 0,
                  "Actual Startup Time": 48.585,
                  "Actual Total Time": 81.683,
                  "Actual Rows": 199021,
                  "Actual Loops": 4,
                  "Filter": "((company_id > 18974) AND (company_type_id > 1))",
                  "Rows Removed by Filter": 453261
                }
              ]
            }
          ]
        }
      ]
    },
    "Planning Time": 0.219,
    "Triggers": [],
    "Execution Time": 105.75
  }
]