[
  {
    "Plan": {
      "Node Type": "Aggregate",
      "Strategy": "Plain",
      "Partial Mode": "Finalize",
      "Parallel Aware": false,
      "Startup Cost": 121783.39,
      "Total Cost": 121783.4,
      "Plan Rows": 1,
      "Plan Width": 8,
      "Actual Startup Time": 75.648,
      "Actual Total Time": 84.497,
      "Actual Rows": 1,
      "Actual Loops": 1,
      "Plans": [
        {
          "Node Type": "Gather",
          "Parent Relationship": "Outer",
          "Parallel Aware": false,
          "Startup Cost": 121782.97,
          "Total Cost": 121783.38,
          "Plan Rows": 4,
          "Plan Width": 8,
          "Actual Startup Time": 75.383,
          "Actual Total Time": 84.489,
          "Actual Rows": 5,
          "Actual Loops": 1,
          "Workers Planned": 4,
          "Workers Launched": 4,
          "Single Copy": false,
          "Plans": [
            {
              "Node Type": "Aggregate",
              "Strategy": "Plain",
              "Partial Mode": "Partial",
              "Parent Relationship": "Outer",
              "Parallel Aware": false,
              "Startup Cost": 120782.97,
              "Total Cost": 120782.98,
              "Plan Rows": 1,
              "Plan Width": 8,
              "Actual Startup Time": 68.203,
              "Actual Total Time": 68.205,
              "Actual Rows": 1,
              "Actual Loops": 5,
              "Plans": [
                {
                  "Node Type": "Nested Loop",
                  "Parent Relationship": "Outer",
                  "Parallel Aware": false,
                  "Join Type": "Inner",
                  "Startup Cost": 1698.53,
                  "Total Cost": 120782.07,
                  "Plan Rows": 359,
                  "Plan Width": 0,
                  "Actual Startup Time": 20.609,
                  "Actual Total Time": 68.175,
                  "Actual Rows": 111,
                  "Actual Loops": 5,
                  "Inner Unique": false,
                  "Plans": [
                    {
                      "Node Type": "Bitmap Heap Scan",
                      "Parent Relationship": "Outer",
                      "Parallel Aware": true,
                      "Relation Name": "title",
                      "Alias": "t",
                      "Startup Cost": 1698.1,
                      "Total Cost": 38052.61,
                      "Plan Rows": 651,
                      "Plan Width": 4,
                      "Actual Startup Time": 17.439,
                      "Actual Total Time": 50.846,
                      "Actual Rows": 462,
                      "Actual Loops": 5,
                      "Recheck Cond": "(kind_id = 2)",
                      "Rows Removed by Index Recheck": 0,
                      "Filter": "(production_year > 2012)",
                      "Rows Removed by Filter": 17708,
                      "Exact Heap Blocks": 14040,
                      "Lossy Heap Blocks": 0,
                      "Plans": [
                        {
                          "Node Type": "Bitmap Index Scan",
                          "Parent Relationship": "Outer",
                          "Parallel Aware": false,
                          "Index Name": "kind_id_title",
                          "Startup Cost": 0.0,
                          "Total Cost": 1697.45,
                          "Plan Rows": 95069,
                          "Plan Width": 0,
                          "Actual Startup Time": 15.698,
                          "Actual Total Time": 15.698,
                          "Actual Rows": 90852,
                          "Actual Loops": 1,
                          "Index Cond": "(kind_id = 2)"
                        }
                      ]
                    },
                    {
                      "Node Type": "Index Scan",
                      "Parent Relationship": "Inner",
                      "Parallel Aware": false,
                      "Scan Direction": "Forward",
                      "Index Name": "movie_id_movie_info",
                      "Relation Name": "movie_info",
                      "Alias": "mi",
                      "Startup Cost": 0.43,
                      "Total Cost": 127.04,
                      "Plan Rows": 4,
                      "Plan Width": 4,
                      "Actual Startup Time": 0.033,
                      "Actual Total Time": 0.037,
                      "Actual Rows": 0,
                      "Actual Loops": 2310,
                      "Index Cond": "(movie_id = t.id)",
                      "Rows Removed by Index Recheck": 0,
                      "Filter": "(info_type_id = 7)",
                      "Rows Removed by Filter": 7
                    }
                  ]
                }
              ]
            }
          ]
        }
      ]
    },
    "Planning Time": 0.411,
    "Triggers": [],
    "Execution Time": 84.56
  }
]