[
  {
    "Plan": {
      "Node Type": "Aggregate",
      "Strategy": "Plain",
      "Partial Mode": "Finalize",
      "Parallel Aware": false,
      "Startup Cost": 83025.32,
      "Total Cost": 83025.33,
      "Plan Rows": 1,
      "Plan Width": 8,
      "Actual Startup Time": 155.223,
      "Actual Total Time": 175.311,
      "Actual Rows": 1,
      "Actual Loops": 1,
      "Plans": [
        {
          "Node Type": "Gather",
          "Parent Relationship": "Outer",
          "Parallel Aware": false,
          "Startup Cost": 83024.9,
          "Total Cost": 83025.31,
          "Plan Rows": 4,
          "Plan Width": 8,
          "Actual Startup Time": 155.088,
          "Actual Total Time": 175.303,
          "Actual Rows": 5,
          "Actual Loops": 1,
          "Workers Planned": 4,
          "Workers Launched": 4,
          "Single Copy": false,
          "Plans": [
            {
              "Node Type": "Aggregate",
              "Strategy": "Plain",
              "Partial Mode": "Partial",
              "Parent Relationship": "Outer",
              "Parallel Aware": false,
              "Startup Cost": 82024.9,
              "Total Cost": 82024.91,
              "Plan Rows": 1,
              "Plan Width": 8,
              "Actual Startup Time": 145.327,
              "Actual Total Time": 145.328,
              "Actual Rows": 1,
              "Actual Loops": 5,
              "Plans": [
                {
                  "Node Type": "Nested Loop",
                  "Parent Relationship": "Outer",
                  "Parallel Aware": false,
                  "Join Type": "Inner",
                  "Startup Cost": 0.43,
                  "Total Cost": 82011.04,
                  "Plan Rows": 5546,
                  "Plan Width": 0,
                  "Actual Startup Time": 0.715,
                  "Actual Total Time": 144.955,
                  "Actual Rows": 3877,
                  "Actual Loops": 5,
                  "Inner Unique": false,
                  "Plans": [
                    {
                      "Node Type": "Seq Scan",
                      "Parent Relationship": "Outer",
                      "Parallel Aware": true,
                      "Relation Name": "title",
                      "Alias": "t",
                      "Startup Cost": 0.0,
                      "Total Cost": 45479.1,
                      "Plan Rows": 5133,
                      "Plan Width": 4,
                      "Actual Startup Time": 0.28,
                      "Actual Total Time": 96.906,
                      "Actual Rows": 4866,
                      "Actual Loops": 5,
                      "Filter": "((kind_id < 3) AND (production_year > 2012))",
                      "Rows Removed by Filter": 500796
                    },
                    {
                      "Node Type": "Index Scan",
                      "Parent Relationship": "Inner",
                      "Parallel Aware": false,
                      "Scan Direction": "Forward",
                      "Index Name": "movie_id_movie_keyword",
                      "Relation Name": "movie_keyword",
                      "Alias": "mk",
                      "Startup Cost": 0.43,
                      "Total Cost": 6.85,
                      "Plan Rows": 27,
                      "Plan Width": 4,
                      "Actual Startup Time": 0.009,
                      "Actual Total Time": 0.009,
                      "Actual Rows": 1,
                      "Actual Loops": 24331,
                      "Index Cond": "(movie_id = t.id)",
                      "Rows Removed by Index Recheck": 0,
                      "Filter": "(keyword_id < 7709)",
                      "Rows Removed by Filter": 1
                    }
                  ]
                }
              ]
            }
          ]
        }
      ]
    },
    "Planning Time": 0.546,
    "Triggers": [],
    "Execution Time": 175.376
  }
]