{
    "Plan": {
        "Node Type": "Aggregate",
        "Strategy": "Plain",
        "Partial Mode": "Finalize",
        "Parallel Aware": false,
        "Startup Cost": 66558.77,
        "Total Cost": 66558.78,
        "Plan Rows": 1,
        "Plan Width": 8,
        "Actual Startup Time": 116.056,
        "Actual Total Time": 132.725,
        "Actual Rows": 1,
        "Actual Loops": 1,
        "Output": [
            "count(*)"
        ],
        "Plans": [
            {
                "Node Type": "Gather",
                "Parent Relationship": "Outer",
                "Parallel Aware": false,
                "Startup Cost": 66558.35,
                "Total Cost": 66558.76,
                "Plan Rows": 4,
                "Plan Width": 8,
                "Actual Startup Time": 115.903,
                "Actual Total Time": 132.71,
                "Actual Rows": 5,
                "Actual Loops": 1,
                "Output": [
                    "(PARTIAL count(*))"
                ],
                "Workers Planned": 4,
                "Workers Launched": 4,
                "Single Copy": false,
                "Plans": [
                    {
                        "Node Type": "Aggregate",
                        "Strategy": "Plain",
                        "Partial Mode": "Partial",
                        "Parent Relationship": "Outer",
                        "Parallel Aware": false,
                        "Startup Cost": 65558.35,
                        "Total Cost": 65558.36,
                        "Plan Rows": 1,
                        "Plan Width": 8,
                        "Actual Startup Time": 106.166,
                        "Actual Total Time": 106.168,
                        "Actual Rows": 1,
                        "Actual Loops": 5,
                        "Output": [
                            "PARTIAL count(*)"
                        ],
                        "Workers": [
                            {
                                "Worker Number": 0,
                                "Actual Startup Time": 103.456,
                                "Actual Total Time": 103.457,
                                "Actual Rows": 1,
                                "Actual Loops": 1
                            },
                            {
                                "Worker Number": 1,
                                "Actual Startup Time": 103.456,
                                "Actual Total Time": 103.457,
                                "Actual Rows": 1,
                                "Actual Loops": 1
                            },
                            {
                                "Worker Number": 2,
                                "Actual Startup Time": 104.168,
                                "Actual Total Time": 104.169,
                                "Actual Rows": 1,
                                "Actual Loops": 1
                            },
                            {
                                "Worker Number": 3,
                                "Actual Startup Time": 104.62,
                                "Actual Total Time": 104.621,
                                "Actual Rows": 1,
                                "Actual Loops": 1
                            }
                        ],
                        "Plans": [
                            {
                                "Node Type": "Nested Loop",
                                "Parent Relationship": "Outer",
                                "Parallel Aware": false,
                                "Join Type": "Inner",
                                "Startup Cost": 0.43,
                                "Total Cost": 65556.4,
                                "Plan Rows": 779,
                                "Plan Width": 0,
                                "Actual Startup Time": 59.546,
                                "Actual Total Time": 105.65,
                                "Actual Rows": 5876,
                                "Actual Loops": 5,
                                "Inner Unique": false,
                                "Workers": [
                                    {
                                        "Worker Number": 0,
                                        "Actual Startup Time": 56.877,
                                        "Actual Total Time": 102.939,
                                        "Actual Rows": 4557,
                                        "Actual Loops": 1
                                    },
                                    {
                                        "Worker Number": 1,
                                        "Actual Startup Time": 56.876,
                                        "Actual Total Time": 102.932,
                                        "Actual Rows": 4687,
                                        "Actual Loops": 1
                                    },
                                    {
                                        "Worker Number": 2,
                                        "Actual Startup Time": 57.547,
                                        "Actual Total Time": 103.651,
                                        "Actual Rows": 4898,
                                        "Actual Loops": 1
                                    },
                                    {
                                        "Worker Number": 3,
                                        "Actual Startup Time": 57.978,
                                        "Actual Total Time": 104.051,
                                        "Actual Rows": 5490,
                                        "Actual Loops": 1
                                    }
                                ],
                                "Plans": [
                                    {
                                        "Node Type": "Seq Scan",
                                        "Parent Relationship": "Outer",
                                        "Parallel Aware": true,
                                        "Relation Name": "title",
                                        "Schema": "public",
                                        "Alias": "t",
                                        "Startup Cost": 0.0,
                                        "Total Cost": 45479.21,
                                        "Plan Rows": 134,
                                        "Plan Width": 4,
                                        "Actual Startup Time": 59.432,
                                        "Actual Total Time": 83.338,
                                        "Actual Rows": 508,
                                        "Actual Loops": 5,
                                        "Output": [
                                            "t.id",
                                            "t.title",
                                            "t.imdb_index",
                                            "t.kind_id",
                                            "t.production_year",
                                            "t.imdb_id",
                                            "t.phonetic_code",
                                            "t.episode_of_id",
                                            "t.season_nr",
                                            "t.episode_nr",
                                            "t.series_years",
                                            "t.md5sum"
                                        ],
                                        "Filter": "((t.kind_id = 1) AND (t.production_year = 1930))",
                                        "Rows Removed by Filter": 505154,
                                        "Workers": [
                                            {
                                                "Worker Number": 0,
                                                "Actual Startup Time": 56.751,
                                                "Actual Total Time": 78.907,
                                                "Actual Rows": 424,
                                                "Actual Loops": 1
                                            },
                                            {
                                                "Worker Number": 1,
                                                "Actual Startup Time": 56.714,
                                                "Actual Total Time": 79.476,
                                                "Actual Rows": 401,
                                                "Actual Loops": 1
                                            },
                                            {
                                                "Worker Number": 2,
                                                "Actual Startup Time": 57.442,
                                                "Actual Total Time": 79.872,
                                                "Actual Rows": 419,
                                                "Actual Loops": 1
                                            },
                                            {
                                                "Worker Number": 3,
                                                "Actual Startup Time": 57.835,
                                                "Actual Total Time": 79.468,
                                                "Actual Rows": 434,
                                                "Actual Loops": 1
                                            }
                                        ]
                                    },
                                    {
                                        "Node Type": "Index Only Scan",
                                        "Parent Relationship": "Inner",
                                        "Parallel Aware": false,
                                        "Scan Direction": "Forward",
                                        "Index Name": "movie_id_movie_info",
                                        "Relation Name": "movie_info",
                                        "Schema": "public",
                                        "Alias": "mi",
                                        "Startup Cost": 0.43,
                                        "Total Cost": 149.44,
                                        "Plan Rows": 39,
                                        "Plan Width": 4,
                                        "Actual Startup Time": 0.014,
                                        "Actual Total Time": 0.042,
                                        "Actual Rows": 12,
                                        "Actual Loops": 2540,
                                        "Output": [
                                            "mi.movie_id"
                                        ],
                                        "Index Cond": "(mi.movie_id = t.id)",
                                        "Rows Removed by Index Recheck": 0,
                                        "Heap Fetches": 29382,
                                        "Workers": [
                                            {
                                                "Worker Number": 0,
                                                "Actual Startup Time": 0.019,
                                                "Actual Total Time": 0.055,
                                                "Actual Rows": 11,
                                                "Actual Loops": 424
                                            },
                                            {
                                                "Worker Number": 1,
                                                "Actual Startup Time": 0.019,
                                                "Actual Total Time": 0.057,
                                                "Actual Rows": 12,
                                                "Actual Loops": 401
                                            },
                                            {
                                                "Worker Number": 2,
                                                "Actual Startup Time": 0.018,
                                                "Actual Total Time": 0.055,
                                                "Actual Rows": 12,
                                                "Actual Loops": 419
                                            },
                                            {
                                                "Worker Number": 3,
                                                "Actual Startup Time": 0.018,
                                                "Actual Total Time": 0.055,
                                                "Actual Rows": 13,
                                                "Actual Loops": 434
                                            }
                                        ]
                                    }
                                ]
                            }
                        ]
                    }
                ]
            }
        ]
    },
    "Planning Time": 0.747,
    "Triggers": [],
    "Execution Time": 132.809
}