[
  {
    "Plan": {
      "Node Type": "Aggregate",
      "Strategy": "Plain",
      "Partial Mode": "Finalize",
      "Parallel Aware": false,
      "Startup Cost": 467429.13,
      "Total Cost": 467429.14,
      "Plan Rows": 1,
      "Plan Width": 8,
      "Actual Startup Time": 3944.925,
      "Actual Total Time": 4001.281,
      "Actual Rows": 1,
      "Actual Loops": 1,
      "Plans": [
        {
          "Node Type": "Gather",
          "Parent Relationship": "Outer",
          "Parallel Aware": false,
          "Startup Cost": 467428.51,
          "Total Cost": 467429.12,
          "Plan Rows": 6,
          "Plan Width": 8,
          "Actual Startup Time": 3916.227,
          "Actual Total Time": 4001.266,
          "Actual Rows": 7,
          "Actual Loops": 1,
          "Workers Planned": 6,
          "Workers Launched": 6,
          "Single Copy": false,
          "Plans": [
            {
              "Node Type": "Aggregate",
              "Strategy": "Plain",
              "Partial Mode": "Partial",
              "Parent Relationship": "Outer",
              "Parallel Aware": false,
              "Startup Cost": 466428.51,
              "Total Cost": 466428.52,
              "Plan Rows": 1,
              "Plan Width": 8,
              "Actual Startup Time": 3899.573,
              "Actual Total Time": 3899.579,
              "Actual Rows": 1,
              "Actual Loops": 7,
              "Plans": [
                {
                  "Node Type": "Hash Join",
                  "Parent Relationship": "Outer",
                  "Parallel Aware": true,
                  "Join Type": "Inner",
                  "Startup Cost": 90776.17,
                  "Total Cost": 454022.17,
                  "Plan Rows": 4962533,
                  "Plan Width": 0,
                  "Actual Startup Time": 664.701,
                  "Actual Total Time": 3476.56,
                  "Actual Rows": 9475110,
                  "Actual Loops": 7,
                  "Inner Unique": false,
                  "Hash Cond": "(ci.movie_id = t.id)",
                  "Plans": [
                    {
                      "Node Type": "Seq Scan",
                      "Parent Relationship": "Outer",
                      "Parallel Aware": true,
                      "Relation Name": "cast_info",
                      "Alias": "ci",
                      "Startup Cost": 0.0,
                      "Total Cost": 328211.39,
                      "Plan Rows": 5073717,
                      "Plan Width": 4,
                      "Actual Startup Time": 65.113,
                      "Actual Total Time": 642.369,
                      "Actual Rows": 4318010,
                      "Actual Loops": 7,
                      "Filter": "(person_id > 581513)",
                      "Rows Removed by Filter": 859754
                    },
                    {
                      "Node Type": "Hash",
                      "Parent Relationship": "Inner",
                      "Parallel Aware": true,
                      "Startup Cost": 80804.34,
                      "Total Cost": 80804.34,
                      "Plan Rows": 797747,
                      "Plan Width": 8,
                      "Actual Startup Time": 594.449,
                      "Actual Total Time": 594.453,
                      "Actual Rows": 352601,
                      "Actual Loops": 7,
                      "Hash Buckets": 4194304,
                      "Original Hash Buckets": 4194304,
                      "Hash Batches": 1,
                      "Original Hash Batches": 1,
                      "Peak Memory Usage": 129440,
                      "Plans": [
                        {
                          "Node Type": "Hash Join",
                          "Parent Relationship": "Outer",
                          "Parallel Aware": true,
                          "Join Type": "Inner",
                          "Startup Cost": 51388.45,
                          "Total Cost": 80804.34,
                          "Plan Rows": 797747,
                          "Plan Width": 8,
                          "Actual Startup Time": 263.418,
                          "Actual Total Time": 448.745,
                          "Actual Rows": 352601,
                          "Actual Loops": 7,
                          "Inner Unique": true,
                          "Hash Cond": "(mc.movie_id = t.id)",
                          "Plans": [
                            {
                              "Node Type": "Seq Scan",
                              "Parent Relationship": "Outer",
                              "Parallel Aware": true,
                              "Relation Name": "movie_companies",
                              "Alias": "mc",
                              "Startup Cost": 0.0,
                              "Total Cost": 27206.55,
                              "Plan Rows": 841655,
                              "Plan Width": 4,
                              "Actual Startup Time": 0.01,
                              "Actual Total Time": 43.344,
                              "Actual Rows": 372733,
                              "Actual Loops": 7
                            },
                            {
                              "Node Type": "Hash",
                              "Parent Relationship": "Inner",
                              "Parallel Aware": true,
                              "Startup Cost": 43899.32,
                              "Total Cost": 43899.32,
                              "Plan Rows": 599130,
                              "Plan Width": 4,
                              "Actual Startup Time": 259.637,
                              "Actual Total Time": 259.638,
                              "Actual Rows": 342339,
                              "Actual Loops": 7,
                              "Hash Buckets": 4194304,
                              "Original Hash Buckets": 4194304,
                              "Hash Batches": 1,
                              "Original Hash Batches": 1,
                              "Peak Memory Usage": 126624,
                              "Plans": [
                                {
                                  "Node Type": "Seq Scan",
                                  "Parent Relationship": "Outer",
                                  "Parallel Aware": true,
                                  "Relation Name": "title",
                                  "Alias": "t",
                                  "Startup Cost": 0.0,
                                  "Total Cost": 43899.32,
                                  "Plan Rows": 599130,
                                  "Plan Width": 4,
                                  "Actual Startup Time": 0.068,
                                  "Actual Total Time": 85.674,
                                  "Actual Rows": 342339,
                                  "Actual Loops": 7,
                                  "Filter": "(production_year > 1914)",
                                  "Rows Removed by Filter": 18849
                                }
                              ]
                            }
                          ]
                        }
                      ]
                    }
                  ]
                }
              ]
            }
          ]
        }
      ]
    },
    "Planning Time": 0.447,
    "Triggers": [],
    "Execution Time": 4001.344
  }
]