{
  "Plan": {
    "Node Type": "Aggregate",
    "Strategy": "Plain",
    "Partial Mode": "Finalize",
    "Parallel Aware": false,
    "Startup Cost": 29135.88,
    "Total Cost": 29135.89,
    "Plan Rows": 1,
    "Plan Width": 8,
    "Actual Startup Time": 11.623,
    "Actual Total Time": 13.378,
    "Actual Rows": 1,
    "Actual Loops": 1,
    "Plans": [
      {
        "Node Type": "Gather",
        "Parent Relationship": "Outer",
        "Parallel Aware": false,
        "Startup Cost": 29135.77,
        "Total Cost": 29135.88,
        "Plan Rows": 1,
        "Plan Width": 8,
        "Actual Startup Time": 8.668,
        "Actual Total Time": 13.365,
        "Actual Rows": 2,
        "Actual Loops": 1,
        "Workers Planned": 1,
        "Workers Launched": 1,
        "Single Copy": false,
        "Plans": [
          {
            "Node Type": "Aggregate",
            "Strategy": "Plain",
            "Partial Mode": "Partial",
            "Parent Relationship": "Outer",
            "Parallel Aware": false,
            "Startup Cost": 28135.77,
            "Total Cost": 28135.78,
            "Plan Rows": 1,
            "Plan Width": 8,
            "Actual Startup Time": 4.12,
            "Actual Total Time": 4.123,
            "Actual Rows": 1,
            "Actual Loops": 2,
            "Plans": [
              {
                "Node Type": "Nested Loop",
                "Parent Relationship": "Outer",
                "Parallel Aware": false,
                "Join Type": "Inner",
                "Startup Cost": 143.25,
                "Total Cost": 28130.98,
                "Plan Rows": 1914,
                "Plan Width": 0,
                "Actual Startup Time": 1.595,
                "Actual Total Time": 4.106,
                "Actual Rows": 36,
                "Actual Loops": 2,
                "Inner Unique": true,
                "Plans": [
                  {
                    "Node Type": "Bitmap Heap Scan",
                    "Parent Relationship": "Outer",
                    "Parallel Aware": true,
                    "Relation Name": "movie_companies",
                    "Alias": "mc",
                    "Startup Cost": 142.82,
                    "Total Cost": 13463.55,
                    "Plan Rows": 1914,
                    "Plan Width": 4,
                    "Actual Startup Time": 1.578,
                    "Actual Total Time": 3.578,
                    "Actual Rows": 36,
                    "Actual Loops": 2,
                    "Recheck Cond": "(company_id = 1284)",
                    "Rows Removed by Index Recheck": 0,
                    "Filter": "(company_type_id < 2)",
                    "Rows Removed by Filter": 3141,
                    "Exact Heap Blocks": 719,
                    "Lossy Heap Blocks": 0,
                    "Plans": [
                      {
                        "Node Type": "Bitmap Index Scan",
                        "Parent Relationship": "Outer",
                        "Parallel Aware": false,
                        "Index Name": "company_id_movie_companies",
                        "Startup Cost": 0.0,
                        "Total Cost": 142.0,
                        "Plan Rows": 6610,
                        "Plan Width": 0,
                        "Actual Startup Time": 2.69,
                        "Actual Total Time": 2.691,
                        "Actual Rows": 6354,
                        "Actual Loops": 1,
                        "Index Cond": "(company_id = 1284)"
                      }
                    ]
                  },
                  {
                    "Node Type": "Index Only Scan",
                    "Parent Relationship": "Inner",
                    "Parallel Aware": false,
                    "Scan Direction": "Forward",
                    "Index Name": "title_pkey",
                    "Relation Name": "title",
                    "Alias": "t",
                    "Startup Cost": 0.43,
                    "Total Cost": 7.66,
                    "Plan Rows": 1,
                    "Plan Width": 4,
                    "Actual Startup Time": 0.014,
                    "Actual Total Time": 0.014,
                    "Actual Rows": 1,
                    "Actual Loops": 72,
                    "Index Cond": "(id = mc.movie_id)",
                    "Rows Removed by Index Recheck": 0,
                    "Heap Fetches": 72
                  }
                ]
              }
            ]
          }
        ]
      }
    ]
  },
  "Planning Time": 0.585,
  "Triggers": [],
  "Execution Time": 13.468
}