{
  "Plan": {
    "Node Type": "Aggregate",
    "Strategy": "Plain",
    "Partial Mode": "Finalize",
    "Parallel Aware": false,
    "Startup Cost": 114941.3,
    "Total Cost": 114941.31,
    "Plan Rows": 1,
    "Plan Width": 8,
    "Actual Startup Time": 676.478,
    "Actual Total Time": 688.47,
    "Actual Rows": 1,
    "Actual Loops": 1,
    "Plans": [
      {
        "Node Type": "Gather",
        "Parent Relationship": "Outer",
        "Parallel Aware": false,
        "Startup Cost": 114941.19,
        "Total Cost": 114941.3,
        "Plan Rows": 1,
        "Plan Width": 8,
        "Actual Startup Time": 675.372,
        "Actual Total Time": 688.462,
        "Actual Rows": 2,
        "Actual Loops": 1,
        "Workers Planned": 1,
        "Workers Launched": 1,
        "Single Copy": false,
        "Plans": [
          {
            "Node Type": "Aggregate",
            "Strategy": "Plain",
            "Partial Mode": "Partial",
            "Parent Relationship": "Outer",
            "Parallel Aware": false,
            "Startup Cost": 113941.19,
            "Total Cost": 113941.2,
            "Plan Rows": 1,
            "Plan Width": 8,
            "Actual Startup Time": 669.733,
            "Actual Total Time": 669.737,
            "Actual Rows": 1,
            "Actual Loops": 2,
            "Plans": [
              {
                "Node Type": "Hash Join",
                "Parent Relationship": "Outer",
                "Parallel Aware": true,
                "Join Type": "Inner",
                "Startup Cost": 48973.25,
                "Total Cost": 112508.89,
                "Plan Rows": 572922,
                "Plan Width": 0,
                "Actual Startup Time": 221.811,
                "Actual Total Time": 656.332,
                "Actual Rows": 332664,
                "Actual Loops": 2,
                "Inner Unique": false,
                "Hash Cond": "(t.id = mc.movie_id)",
                "Plans": [
                  {
                    "Node Type": "Seq Scan",
                    "Parent Relationship": "Outer",
                    "Parallel Aware": true,
                    "Relation Name": "title",
                    "Alias": "t",
                    "Startup Cost": 0.0,
                    "Total Cost": 50870.31,
                    "Plan Rows": 1487231,
                    "Plan Width": 4,
                    "Actual Startup Time": 0.009,
                    "Actual Total Time": 120.56,
                    "Actual Rows": 1264156,
                    "Actual Loops": 2
                  },
                  {
                    "Node Type": "Hash",
                    "Parent Relationship": "Inner",
                    "Parallel Aware": true,
                    "Startup Cost": 41811.73,
                    "Total Cost": 41811.73,
                    "Plan Rows": 572922,
                    "Plan Width": 4,
                    "Actual Startup Time": 215.281,
                    "Actual Total Time": 215.282,
                    "Actual Rows": 332664,
                    "Actual Loops": 2,
                    "Hash Buckets": 1048576,
                    "Original Hash Buckets": 1048576,
                    "Hash Batches": 1,
                    "Original Hash Batches": 1,
                    "Peak Memory Usage": 34240,
                    "Plans": [
                      {
                        "Node Type": "Seq Scan",
                        "Parent Relationship": "Outer",
                        "Parallel Aware": true,
                        "Relation Name": "movie_companies",
                        "Alias": "mc",
                        "Startup Cost": 0.0,
                        "Total Cost": 41811.73,
                        "Plan Rows": 572922,
                        "Plan Width": 4,
                        "Actual Startup Time": 63.787,
                        "Actual Total Time": 130.595,
                        "Actual Rows": 332664,
                        "Actual Loops": 2,
                        "Filter": "((company_id < 44527) AND (company_type_id > 1))",
                        "Rows Removed by Filter": 971900
                      }
                    ]
                  }
                ]
              }
            ]
          }
        ]
      }
    ]
  },
  "Planning Time": 0.449,
  "Triggers": [],
  "Execution Time": 688.523
}