[
  {
    "Plan": {
      "Node Type": "Aggregate",
      "Strategy": "Plain",
      "Partial Mode": "Simple",
      "Parallel Aware": false,
      "Startup Cost": 793.54,
      "Total Cost": 793.55,
      "Plan Rows": 1,
      "Plan Width": 8,
      "Actual Startup Time": 34.306,
      "Actual Total Time": 34.307,
      "Actual Rows": 1,
      "Actual Loops": 1,
      "Plans": [
        {
          "Node Type": "Nested Loop",
          "Parent Relationship": "Outer",
          "Parallel Aware": false,
          "Join Type": "Inner",
          "Startup Cost": 1.29,
          "Total Cost": 792.81,
          "Plan Rows": 292,
          "Plan Width": 0,
          "Actual Startup Time": 0.902,
          "Actual Total Time": 32.291,
          "Actual Rows": 17827,
          "Actual Loops": 1,
          "Inner Unique": false,
          "Plans": [
            {
              "Node Type": "Nested Loop",
              "Parent Relationship": "Outer",
              "Parallel Aware": false,
              "Join Type": "Inner",
              "Startup Cost": 0.86,
              "Total Cost": 696.2,
              "Plan Rows": 50,
              "Plan Width": 8,
              "Actual Startup Time": 0.874,
              "Actual Total Time": 6.292,
              "Actual Rows": 464,
              "Actual Loops": 1,
              "Inner Unique": true,
              "Plans": [
                {
                  "Node Type": "Index Scan",
                  "Parent Relationship": "Outer",
                  "Parallel Aware": false,
                  "Scan Direction": "Forward",
                  "Index Name": "company_id_movie_companies",
                  "Relation Name": "movie_companies",
                  "Alias": "mc",
                  "Startup Cost": 0.43,
                  "Total Cost": 273.83,
                  "Plan Rows": 50,
                  "Plan Width": 4,
                  "Actual Startup Time": 0.843,
                  "Actual Total Time": 2.631,
                  "Actual Rows": 464,
                  "Actual Loops": 1,
                  "Index Cond": "(company_id = 11361)",
                  "Rows Removed by Index Recheck": 0,
                  "Filter": "(company_type_id = 1)",
                  "Rows Removed by Filter": 145
                },
                {
                  "Node Type": "Index Only Scan",
                  "Parent Relationship": "Inner",
                  "Parallel Aware": false,
                  "Scan Direction": "Forward",
                  "Index Name": "title_pkey",
                  "Relation Name": "title",
                  "Alias": "t",
                  "Startup Cost": 0.43,
                  "Total Cost": 8.45,
                  "Plan Rows": 1,
                  "Plan Width": 4,
                  "Actual Startup Time": 0.007,
                  "Actual Total Time": 0.007,
                  "Actual Rows": 1,
                  "Actual Loops": 464,
                  "Index Cond": "(id = mc.movie_id)",
                  "Rows Removed by Index Recheck": 0,
                  "Heap Fetches": 464
                }
              ]
            },
            {
              "Node Type": "Index Only Scan",
              "Parent Relationship": "Inner",
              "Parallel Aware": false,
              "Scan Direction": "Forward",
              "Index Name": "movie_id_movie_info",
              "Relation Name": "movie_info",
              "Alias": "mi",
              "Startup Cost": 0.43,
              "Total Cost": 1.51,
              "Plan Rows": 42,
              "Plan Width": 4,
              "Actual Startup Time": 0.011,
              "Actual Total Time": 0.049,
              "Actual Rows": 38,
              "Actual Loops": 464,
              "Index Cond": "(movie_id = t.id)",
              "Rows Removed by Index Recheck": 0,
              "Heap Fetches": 17827
            }
          ]
        }
      ]
    },
    "Planning Time": 1.503,
    "Triggers": [],
    "Execution Time": 34.372
  }
]