[
  {
    "Plan": {
      "Node Type": "Aggregate",
      "Strategy": "Plain",
      "Partial Mode": "Finalize",
      "Parallel Aware": false,
      "Startup Cost": 349845.07,
      "Total Cost": 349845.08,
      "Plan Rows": 1,
      "Plan Width": 8,
      "Actual Startup Time": 879.62,
      "Actual Total Time": 944.189,
      "Actual Rows": 1,
      "Actual Loops": 1,
      "Plans": [
        {
          "Node Type": "Gather",
          "Parent Relationship": "Outer",
          "Parallel Aware": false,
          "Startup Cost": 349844.44,
          "Total Cost": 349845.05,
          "Plan Rows": 6,
          "Plan Width": 8,
          "Actual Startup Time": 879.254,
          "Actual Total Time": 944.174,
          "Actual Rows": 7,
          "Actual Loops": 1,
          "Workers Planned": 6,
          "Workers Launched": 6,
          "Single Copy": false,
          "Plans": [
            {
              "Node Type": "Aggregate",
              "Strategy": "Plain",
              "Partial Mode": "Partial",
              "Parent Relationship": "Outer",
              "Parallel Aware": false,
              "Startup Cost": 348844.44,
              "Total Cost": 348844.45,
              "Plan Rows": 1,
              "Plan Width": 8,
              "Actual Startup Time": 870.645,
              "Actual Total Time": 870.648,
              "Actual Rows": 1,
              "Actual Loops": 7,
              "Plans": [
                {
                  "Node Type": "Seq Scan",
                  "Parent Relationship": "Outer",
                  "Parallel Aware": true,
                  "Relation Name": "cast_info",
                  "Alias": "ci",
                  "Startup Cost": 0.0,
                  "Total Cost": 343316.27,
                  "Plan Rows": 2211268,
                  "Plan Width": 0,
                  "Actual Startup Time": 399.412,
                  "Actual Total Time": 765.017,
                  "Actual Rows": 2047577,
                  "Actual Loops": 7,
                  "Filter": "((person_id > 618421) AND (role_id > 2))",
                  "Rows Removed by Filter": 3130187
                }
              ]
            }
          ]
        }
      ]
    },
    "Planning Time": 0.109,
    "Triggers": [],
    "Execution Time": 944.236
  }
]