[
    {
        "Bao": {
            "Bao prediction": 514.606,
            "Bao recommended hint": "(no hint)"
        }
    },
    {
        "Plan": {
            "Node Type": "Aggregate",
            "Strategy": "Plain",
            "Partial Mode": "Finalize",
            "Parallel Aware": false,
            "Startup Cost": 340549.53,
            "Total Cost": 340549.54,
            "Plan Rows": 1,
            "Plan Width": 8,
            "Actual Startup Time": 1000.71,
            "Actual Total Time": 1032.883,
            "Actual Rows": 1,
            "Actual Loops": 1,
            "Output": [
                "count(*)"
            ],
            "Plans": [
                {
                    "Node Type": "Gather",
                    "Parent Relationship": "Outer",
                    "Parallel Aware": false,
                    "Startup Cost": 340548.91,
                    "Total Cost": 340549.52,
                    "Plan Rows": 6,
                    "Plan Width": 8,
                    "Actual Startup Time": 1000.567,
                    "Actual Total Time": 1032.872,
                    "Actual Rows": 7,
                    "Actual Loops": 1,
                    "Output": [
                        "(PARTIAL count(*))"
                    ],
                    "Workers Planned": 6,
                    "Workers Launched": 6,
                    "Single Copy": false,
                    "Plans": [
                        {
                            "Node Type": "Aggregate",
                            "Strategy": "Plain",
                            "Partial Mode": "Partial",
                            "Parent Relationship": "Outer",
                            "Parallel Aware": false,
                            "Startup Cost": 339548.91,
                            "Total Cost": 339548.92,
                            "Plan Rows": 1,
                            "Plan Width": 8,
                            "Actual Startup Time": 991.094,
                            "Actual Total Time": 991.095,
                            "Actual Rows": 1,
                            "Actual Loops": 7,
                            "Output": [
                                "PARTIAL count(*)"
                            ],
                            "Workers": [
                                {
                                    "Worker Number": 0,
                                    "Actual Startup Time": 989.199,
                                    "Actual Total Time": 989.2,
                                    "Actual Rows": 1,
                                    "Actual Loops": 1
                                },
                                {
                                    "Worker Number": 1,
                                    "Actual Startup Time": 989.612,
                                    "Actual Total Time": 989.613,
                                    "Actual Rows": 1,
                                    "Actual Loops": 1
                                },
                                {
                                    "Worker Number": 2,
                                    "Actual Startup Time": 989.666,
                                    "Actual Total Time": 989.667,
                                    "Actual Rows": 1,
                                    "Actual Loops": 1
                                },
                                {
                                    "Worker Number": 3,
                                    "Actual Startup Time": 989.612,
                                    "Actual Total Time": 989.613,
                                    "Actual Rows": 1,
                                    "Actual Loops": 1
                                },
                                {
                                    "Worker Number": 4,
                                    "Actual Startup Time": 989.897,
                                    "Actual Total Time": 989.898,
                                    "Actual Rows": 1,
                                    "Actual Loops": 1
                                },
                                {
                                    "Worker Number": 5,
                                    "Actual Startup Time": 989.893,
                                    "Actual Total Time": 989.894,
                                    "Actual Rows": 1,
                                    "Actual Loops": 1
                                }
                            ],
                            "Plans": [
                                {
                                    "Node Type": "Seq Scan",
                                    "Parent Relationship": "Outer",
                                    "Parallel Aware": true,
                                    "Relation Name": "cast_info",
                                    "Schema": "public",
                                    "Alias": "ci",
                                    "Startup Cost": 0.0,
                                    "Total Cost": 328213.62,
                                    "Plan Rows": 4534116,
                                    "Plan Width": 0,
                                    "Actual Startup Time": 126.02,
                                    "Actual Total Time": 763.437,
                                    "Actual Rows": 3875160,
                                    "Actual Loops": 7,
                                    "Output": [
                                        "id",
                                        "person_id",
                                        "movie_id",
                                        "person_role_id",
                                        "note",
                                        "nr_order",
                                        "role_id"
                                    ],
                                    "Filter": "(ci.person_id > 897699)",
                                    "Rows Removed by Filter": 1302604,
                                    "Workers": [
                                        {
                                            "Worker Number": 0,
                                            "Actual Startup Time": 124.12,
                                            "Actual Total Time": 765.561,
                                            "Actual Rows": 3396362,
                                            "Actual Loops": 1
                                        },
                                        {
                                            "Worker Number": 1,
                                            "Actual Startup Time": 124.545,
                                            "Actual Total Time": 765.267,
                                            "Actual Rows": 3416327,
                                            "Actual Loops": 1
                                        },
                                        {
                                            "Worker Number": 2,
                                            "Actual Startup Time": 124.581,
                                            "Actual Total Time": 764.777,
                                            "Actual Rows": 3414593,
                                            "Actual Loops": 1
                                        },
                                        {
                                            "Worker Number": 3,
                                            "Actual Startup Time": 124.543,
                                            "Actual Total Time": 764.942,
                                            "Actual Rows": 3413535,
                                            "Actual Loops": 1
                                        },
                                        {
                                            "Worker Number": 4,
                                            "Actual Startup Time": 124.832,
                                            "Actual Total Time": 766.207,
                                            "Actual Rows": 3405127,
                                            "Actual Loops": 1
                                        },
                                        {
                                            "Worker Number": 5,
                                            "Actual Startup Time": 124.819,
                                            "Actual Total Time": 766.496,
                                            "Actual Rows": 3399123,
                                            "Actual Loops": 1
                                        }
                                    ]
                                }
                            ]
                        }
                    ]
                }
            ]
        },
        "Planning Time": 669.16,
        "Triggers": [],
        "Execution Time": 1032.974
    }
]