[
  {
    "Plan": {
      "Node Type": "Aggregate",
      "Strategy": "Plain",
      "Partial Mode": "Simple",
      "Parallel Aware": false,
      "Startup Cost": 20682.3,
      "Total Cost": 20682.31,
      "Plan Rows": 1,
      "Plan Width": 8,
      "Actual Startup Time": 24.649,
      "Actual Total Time": 24.65,
      "Actual Rows": 1,
      "Actual Loops": 1,
      "Plans": [
        {
          "Node Type": "Bitmap Heap Scan",
          "Parent Relationship": "Outer",
          "Parallel Aware": false,
          "Relation Name": "movie_companies",
          "Alias": "mc",
          "Startup Cost": 662.29,
          "Total Cost": 20643.38,
          "Plan Rows": 15568,
          "Plan Width": 0,
          "Actual Startup Time": 4.633,
          "Actual Total Time": 20.445,
          "Actual Rows": 28425,
          "Actual Loops": 1,
          "Recheck Cond": "(company_id > 209035)",
          "Rows Removed by Index Recheck": 0,
          "Filter": "(company_type_id > 1)",
          "Rows Removed by Filter": 0,
          "Exact Heap Blocks": 1173,
          "Lossy Heap Blocks": 0,
          "Plans": [
            {
              "Node Type": "Bitmap Index Scan",
              "Parent Relationship": "Outer",
              "Parallel Aware": false,
              "Index Name": "company_id_movie_companies",
              "Startup Cost": 0.0,
              "Total Cost": 658.4,
              "Plan Rows": 30663,
              "Plan Width": 0,
              "Actual Startup Time": 4.175,
              "Actual Total Time": 4.176,
              "Actual Rows": 28425,
              "Actual Loops": 1,
              "Index Cond": "(company_id > 209035)"
            }
          ]
        }
      ]
    },
    "Planning Time": 0.282,
    "Triggers": [],
    "Execution Time": 24.736
  }
]