[
  {
    "Plan": {
      "Node Type": "Aggregate",
      "Strategy": "Plain",
      "Partial Mode": "Finalize",
      "Parallel Aware": false,
      "Startup Cost": 45161.75,
      "Total Cost": 45161.76,
      "Plan Rows": 1,
      "Plan Width": 8,
      "Actual Startup Time": 85.445,
      "Actual Total Time": 95.471,
      "Actual Rows": 1,
      "Actual Loops": 1,
      "Plans": [
        {
          "Node Type": "Gather",
          "Parent Relationship": "Outer",
          "Parallel Aware": false,
          "Startup Cost": 45161.33,
          "Total Cost": 45161.74,
          "Plan Rows": 4,
          "Plan Width": 8,
          "Actual Startup Time": 85.275,
          "Actual Total Time": 95.458,
          "Actual Rows": 5,
          "Actual Loops": 1,
          "Workers Planned": 4,
          "Workers Launched": 4,
          "Single Copy": false,
          "Plans": [
            {
              "Node Type": "Aggregate",
              "Strategy": "Plain",
              "Partial Mode": "Partial",
              "Parent Relationship": "Outer",
              "Parallel Aware": false,
              "Startup Cost": 44161.33,
              "Total Cost": 44161.34,
              "Plan Rows": 1,
              "Plan Width": 8,
              "Actual Startup Time": 79.658,
              "Actual Total Time": 79.659,
              "Actual Rows": 1,
              "Actual Loops": 5,
              "Plans": [
                {
                  "Node Type": "Seq Scan",
                  "Parent Relationship": "Outer",
                  "Parallel Aware": true,
                  "Relation Name": "title",
                  "Alias": "t",
                  "Startup Cost": 0.0,
                  "Total Cost": 43899.32,
                  "Plan Rows": 104805,
                  "Plan Width": 0,
                  "Actual Startup Time": 0.045,
                  "Actual Total Time": 74.995,
                  "Actual Rows": 87503,
                  "Actual Loops": 5,
                  "Filter": "(production_year < 1975)",
                  "Rows Removed by Filter": 418159
                }
              ]
            }
          ]
        }
      ]
    },
    "Planning Time": 0.158,
    "Triggers": [],
    "Execution Time": 95.528
  }
]