[
  {
    "Plan": {
      "Node Type": "Aggregate",
      "Strategy": "Plain",
      "Partial Mode": "Finalize",
      "Parallel Aware": false,
      "Startup Cost": 45166.31,
      "Total Cost": 45166.32,
      "Plan Rows": 1,
      "Plan Width": 8,
      "Actual Startup Time": 102.576,
      "Actual Total Time": 116.019,
      "Actual Rows": 1,
      "Actual Loops": 1,
      "Plans": [
        {
          "Node Type": "Gather",
          "Parent Relationship": "Outer",
          "Parallel Aware": false,
          "Startup Cost": 45165.89,
          "Total Cost": 45166.3,
          "Plan Rows": 4,
          "Plan Width": 8,
          "Actual Startup Time": 102.424,
          "Actual Total Time": 116.009,
          "Actual Rows": 5,
          "Actual Loops": 1,
          "Workers Planned": 4,
          "Workers Launched": 4,
          "Single Copy": false,
          "Plans": [
            {
              "Node Type": "Aggregate",
              "Strategy": "Plain",
              "Partial Mode": "Partial",
              "Parent Relationship": "Outer",
              "Parallel Aware": false,
              "Startup Cost": 44165.89,
              "Total Cost": 44165.9,
              "Plan Rows": 1,
              "Plan Width": 8,
              "Actual Startup Time": 92.982,
              "Actual Total Time": 92.984,
              "Actual Rows": 1,
              "Actual Loops": 5,
              "Plans": [
                {
                  "Node Type": "Seq Scan",
                  "Parent Relationship": "Outer",
                  "Parallel Aware": true,
                  "Relation Name": "title",
                  "Alias": "t",
                  "Startup Cost": 0.0,
                  "Total Cost": 43898.92,
                  "Plan Rows": 106790,
                  "Plan Width": 0,
                  "Actual Startup Time": 0.043,
                  "Actual Total Time": 88.194,
                  "Actual Rows": 87503,
                  "Actual Loops": 5,
                  "Filter": "(production_year < 1975)",
                  "Rows Removed by Filter": 418159
                }
              ]
            }
          ]
        }
      ]
    },
    "Planning Time": 0.123,
    "Triggers": [],
    "Execution Time": 116.072
  }
]