[
    {
        "Bao": {
            "Bao prediction": 515.809,
            "Bao recommended hint": "(no hint)"
        }
    },
    {
        "Plan": {
            "Node Type": "Aggregate",
            "Strategy": "Plain",
            "Partial Mode": "Simple",
            "Parallel Aware": false,
            "Startup Cost": 11366.83,
            "Total Cost": 11366.84,
            "Plan Rows": 1,
            "Plan Width": 8,
            "Actual Startup Time": 10.968,
            "Actual Total Time": 10.971,
            "Actual Rows": 1,
            "Actual Loops": 1,
            "Output": [
                "count(*)"
            ],
            "Plans": [
                {
                    "Node Type": "Bitmap Heap Scan",
                    "Parent Relationship": "Outer",
                    "Parallel Aware": false,
                    "Relation Name": "movie_companies",
                    "Schema": "public",
                    "Alias": "mc",
                    "Startup Cost": 110.24,
                    "Total Cost": 11360.51,
                    "Plan Rows": 2527,
                    "Plan Width": 0,
                    "Actual Startup Time": 6.669,
                    "Actual Total Time": 10.515,
                    "Actual Rows": 2423,
                    "Actual Loops": 1,
                    "Recheck Cond": "(mc.company_id = 73)",
                    "Rows Removed by Index Recheck": 0,
                    "Filter": "(mc.company_type_id = 2)",
                    "Rows Removed by Filter": 3254,
                    "Exact Heap Blocks": 2528,
                    "Lossy Heap Blocks": 0,
                    "Plans": [
                        {
                            "Node Type": "Bitmap Index Scan",
                            "Parent Relationship": "Outer",
                            "Parallel Aware": false,
                            "Index Name": "company_id_movie_companies",
                            "Startup Cost": 0.0,
                            "Total Cost": 109.61,
                            "Plan Rows": 4957,
                            "Plan Width": 0,
                            "Actual Startup Time": 1.286,
                            "Actual Total Time": 1.287,
                            "Actual Rows": 5677,
                            "Actual Loops": 1,
                            "Index Cond": "(mc.company_id = 73)"
                        }
                    ]
                }
            ]
        },
        "Planning Time": 799.26,
        "Triggers": [],
        "Execution Time": 11.06
    }
]