{
  "Plan": {
    "Node Type": "Aggregate",
    "Strategy": "Plain",
    "Partial Mode": "Finalize",
    "Parallel Aware": false,
    "Startup Cost": 124567.34,
    "Total Cost": 124567.35,
    "Plan Rows": 1,
    "Plan Width": 8,
    "Actual Startup Time": 625.483,
    "Actual Total Time": 638.826,
    "Actual Rows": 1,
    "Actual Loops": 1,
    "Plans": [
      {
        "Node Type": "Gather",
        "Parent Relationship": "Outer",
        "Parallel Aware": false,
        "Startup Cost": 124567.22,
        "Total Cost": 124567.33,
        "Plan Rows": 1,
        "Plan Width": 8,
        "Actual Startup Time": 625.025,
        "Actual Total Time": 638.817,
        "Actual Rows": 2,
        "Actual Loops": 1,
        "Workers Planned": 1,
        "Workers Launched": 1,
        "Single Copy": false,
        "Plans": [
          {
            "Node Type": "Aggregate",
            "Strategy": "Plain",
            "Partial Mode": "Partial",
            "Parent Relationship": "Outer",
            "Parallel Aware": false,
            "Startup Cost": 123567.22,
            "Total Cost": 123567.23,
            "Plan Rows": 1,
            "Plan Width": 8,
            "Actual Startup Time": 619.345,
            "Actual Total Time": 619.349,
            "Actual Rows": 1,
            "Actual Loops": 2,
            "Plans": [
              {
                "Node Type": "Hash Join",
                "Parent Relationship": "Outer",
                "Parallel Aware": true,
                "Join Type": "Inner",
                "Startup Cost": 59960.73,
                "Total Cost": 123107.19,
                "Plan Rows": 184012,
                "Plan Width": 0,
                "Actual Startup Time": 203.12,
                "Actual Total Time": 610.744,
                "Actual Rows": 171129,
                "Actual Loops": 2,
                "Inner Unique": true,
                "Hash Cond": "(mk.movie_id = t.id)",
                "Plans": [
                  {
                    "Node Type": "Seq Scan",
                    "Parent Relationship": "Outer",
                    "Parallel Aware": true,
                    "Relation Name": "movie_keyword",
                    "Alias": "mk",
                    "Startup Cost": 0.0,
                    "Total Cost": 57718.19,
                    "Plan Rows": 2067909,
                    "Plan Width": 4,
                    "Actual Startup Time": 0.086,
                    "Actual Total Time": 238.719,
                    "Actual Rows": 1757018,
                    "Actual Loops": 2,
                    "Filter": "(keyword_id > 978)",
                    "Rows Removed by Filter": 504947
                  },
                  {
                    "Node Type": "Hash",
                    "Parent Relationship": "Inner",
                    "Parallel Aware": true,
                    "Startup Cost": 58306.47,
                    "Total Cost": 58306.47,
                    "Plan Rows": 132341,
                    "Plan Width": 4,
                    "Actual Startup Time": 199.41,
                    "Actual Total Time": 199.411,
                    "Actual Rows": 98603,
                    "Actual Loops": 2,
                    "Hash Buckets": 262144,
                    "Original Hash Buckets": 262144,
                    "Hash Batches": 1,
                    "Original Hash Batches": 1,
                    "Peak Memory Usage": 9792,
                    "Plans": [
                      {
                        "Node Type": "Seq Scan",
                        "Parent Relationship": "Outer",
                        "Parallel Aware": true,
                        "Relation Name": "title",
                        "Alias": "t",
                        "Startup Cost": 0.0,
                        "Total Cost": 58306.47,
                        "Plan Rows": 132341,
                        "Plan Width": 4,
                        "Actual Startup Time": 0.076,
                        "Actual Total Time": 167.018,
                        "Actual Rows": 98603,
                        "Actual Loops": 2,
                        "Filter": "((kind_id < 4) AND (production_year > 2008))",
                        "Rows Removed by Filter": 1165553
                      }
                    ]
                  }
                ]
              }
            ]
          }
        ]
      }
    ]
  },
  "Planning Time": 0.402,
  "Triggers": [],
  "Execution Time": 638.891
}