[
  {
    "Plan": {
      "Node Type": "Aggregate",
      "Strategy": "Plain",
      "Partial Mode": "Finalize",
      "Parallel Aware": false,
      "Startup Cost": 200223.8,
      "Total Cost": 200223.81,
      "Plan Rows": 1,
      "Plan Width": 8,
      "Actual Startup Time": 276.933,
      "Actual Total Time": 291.609,
      "Actual Rows": 1,
      "Actual Loops": 1,
      "Plans": [
        {
          "Node Type": "Gather",
          "Parent Relationship": "Outer",
          "Parallel Aware": false,
          "Startup Cost": 200223.17,
          "Total Cost": 200223.78,
          "Plan Rows": 6,
          "Plan Width": 8,
          "Actual Startup Time": 276.827,
          "Actual Total Time": 291.602,
          "Actual Rows": 7,
          "Actual Loops": 1,
          "Workers Planned": 6,
          "Workers Launched": 6,
          "Single Copy": false,
          "Plans": [
            {
              "Node Type": "Aggregate",
              "Strategy": "Plain",
              "Partial Mode": "Partial",
              "Parent Relationship": "Outer",
              "Parallel Aware": false,
              "Startup Cost": 199223.17,
              "Total Cost": 199223.18,
              "Plan Rows": 1,
              "Plan Width": 8,
              "Actual Startup Time": 266.09,
              "Actual Total Time": 266.091,
              "Actual Rows": 1,
              "Actual Loops": 7,
              "Plans": [
                {
                  "Node Type": "Index Scan",
                  "Parent Relationship": "Outer",
                  "Parallel Aware": true,
                  "Scan Direction": "Forward",
                  "Index Name": "role_id_cast_info",
                  "Relation Name": "cast_info",
                  "Alias": "ci",
                  "Startup Cost": 0.56,
                  "Total Cost": 197877.72,
                  "Plan Rows": 538180,
                  "Plan Width": 0,
                  "Actual Startup Time": 87.797,
                  "Actual Total Time": 234.429,
                  "Actual Rows": 714850,
                  "Actual Loops": 7,
                  "Index Cond": "(role_id = 2)",
                  "Rows Removed by Index Recheck": 0,
                  "Filter": "(person_id > 2048256)",
                  "Rows Removed by Filter": 349718
                }
              ]
            }
          ]
        }
      ]
    },
    "Planning Time": 0.242,
    "Triggers": [],
    "Execution Time": 291.684
  }
]