[
  {
    "Plan": {
      "Node Type": "Aggregate",
      "Strategy": "Plain",
      "Partial Mode": "Finalize",
      "Parallel Aware": false,
      "Startup Cost": 67122.47,
      "Total Cost": 67122.48,
      "Plan Rows": 1,
      "Plan Width": 8,
      "Actual Startup Time": 101.972,
      "Actual Total Time": 114.75,
      "Actual Rows": 1,
      "Actual Loops": 1,
      "Plans": [
        {
          "Node Type": "Gather",
          "Parent Relationship": "Outer",
          "Parallel Aware": false,
          "Startup Cost": 67122.05,
          "Total Cost": 67122.46,
          "Plan Rows": 4,
          "Plan Width": 8,
          "Actual Startup Time": 101.843,
          "Actual Total Time": 114.743,
          "Actual Rows": 5,
          "Actual Loops": 1,
          "Workers Planned": 4,
          "Workers Launched": 4,
          "Single Copy": false,
          "Plans": [
            {
              "Node Type": "Aggregate",
              "Strategy": "Plain",
              "Partial Mode": "Partial",
              "Parent Relationship": "Outer",
              "Parallel Aware": false,
              "Startup Cost": 66122.05,
              "Total Cost": 66122.06,
              "Plan Rows": 1,
              "Plan Width": 8,
              "Actual Startup Time": 94.01,
              "Actual Total Time": 94.011,
              "Actual Rows": 1,
              "Actual Loops": 5,
              "Plans": [
                {
                  "Node Type": "Nested Loop",
                  "Parent Relationship": "Outer",
                  "Parallel Aware": false,
                  "Join Type": "Inner",
                  "Startup Cost": 0.43,
                  "Total Cost": 66119.2,
                  "Plan Rows": 1139,
                  "Plan Width": 0,
                  "Actual Startup Time": 57.906,
                  "Actual Total Time": 93.895,
                  "Actual Rows": 1333,
                  "Actual Loops": 5,
                  "Inner Unique": false,
                  "Plans": [
                    {
                      "Node Type": "Seq Scan",
                      "Parent Relationship": "Outer",
                      "Parallel Aware": true,
                      "Relation Name": "title",
                      "Alias": "t",
                      "Startup Cost": 0.0,
                      "Total Cost": 45479.1,
                      "Plan Rows": 1630,
                      "Plan Width": 4,
                      "Actual Startup Time": 57.797,
                      "Actual Total Time": 82.771,
                      "Actual Rows": 1001,
                      "Actual Loops": 5,
                      "Filter": "((kind_id = 1) AND (production_year = 1991))",
                      "Rows Removed by Filter": 504661
                    },
                    {
                      "Node Type": "Index Scan",
                      "Parent Relationship": "Inner",
                      "Parallel Aware": false,
                      "Scan Direction": "Forward",
                      "Index Name": "movie_id_movie_companies",
                      "Relation Name": "movie_companies",
                      "Alias": "mc",
                      "Startup Cost": 0.43,
                      "Total Cost": 12.62,
                      "Plan Rows": 4,
                      "Plan Width": 4,
                      "Actual Startup Time": 0.009,
                      "Actual Total Time": 0.011,
                      "Actual Rows": 1,
                      "Actual Loops": 5006,
                      "Index Cond": "(movie_id = t.id)",
                      "Rows Removed by Index Recheck": 0,
                      "Filter": "(company_id < 24667)",
                      "Rows Removed by Filter": 1
                    }
                  ]
                }
              ]
            }
          ]
        }
      ]
    },
    "Planning Time": 0.689,
    "Triggers": [],
    "Execution Time": 114.819
  }
]