[
  {
    "Plan": {
      "Node Type": "Aggregate",
      "Strategy": "Plain",
      "Partial Mode": "Simple",
      "Parallel Aware": false,
      "Startup Cost": 6000.06,
      "Total Cost": 6000.07,
      "Plan Rows": 1,
      "Plan Width": 8,
      "Actual Startup Time": 4.046,
      "Actual Total Time": 4.048,
      "Actual Rows": 1,
      "Actual Loops": 1,
      "Plans": [
        {
          "Node Type": "Index Scan",
          "Parent Relationship": "Outer",
          "Parallel Aware": false,
          "Scan Direction": "Forward",
          "Index Name": "company_id_movie_companies",
          "Relation Name": "movie_companies",
          "Alias": "mc",
          "Startup Cost": 0.43,
          "Total Cost": 5997.06,
          "Plan Rows": 1199,
          "Plan Width": 0,
          "Actual Startup Time": 0.199,
          "Actual Total Time": 3.992,
          "Actual Rows": 265,
          "Actual Loops": 1,
          "Index Cond": "(company_id = 14048)",
          "Rows Removed by Index Recheck": 0,
          "Filter": "(company_type_id < 2)",
          "Rows Removed by Filter": 1984
        }
      ]
    },
    "Planning Time": 0.191,
    "Triggers": [],
    "Execution Time": 4.123
  }
]