[
  {
    "Plan": {
      "Node Type": "Aggregate",
      "Strategy": "Plain",
      "Partial Mode": "Finalize",
      "Parallel Aware": false,
      "Startup Cost": 44661.21,
      "Total Cost": 44661.22,
      "Plan Rows": 1,
      "Plan Width": 8,
      "Actual Startup Time": 148.626,
      "Actual Total Time": 160.588,
      "Actual Rows": 1,
      "Actual Loops": 1,
      "Plans": [
        {
          "Node Type": "Gather",
          "Parent Relationship": "Outer",
          "Parallel Aware": false,
          "Startup Cost": 44660.89,
          "Total Cost": 44661.2,
          "Plan Rows": 3,
          "Plan Width": 8,
          "Actual Startup Time": 148.513,
          "Actual Total Time": 160.579,
          "Actual Rows": 4,
          "Actual Loops": 1,
          "Workers Planned": 3,
          "Workers Launched": 3,
          "Single Copy": false,
          "Plans": [
            {
              "Node Type": "Aggregate",
              "Strategy": "Plain",
              "Partial Mode": "Partial",
              "Parent Relationship": "Outer",
              "Parallel Aware": false,
              "Startup Cost": 43660.89,
              "Total Cost": 43660.9,
              "Plan Rows": 1,
              "Plan Width": 8,
              "Actual Startup Time": 143.104,
              "Actual Total Time": 143.105,
              "Actual Rows": 1,
              "Actual Loops": 4,
              "Plans": [
                {
                  "Node Type": "Seq Scan",
                  "Parent Relationship": "Outer",
                  "Parallel Aware": true,
                  "Relation Name": "movie_keyword",
                  "Alias": "mk",
                  "Startup Cost": 0.0,
                  "Total Cost": 42695.65,
                  "Plan Rows": 386095,
                  "Plan Width": 0,
                  "Actual Startup Time": 0.039,
                  "Actual Total Time": 124.706,
                  "Actual Rows": 300828,
                  "Actual Loops": 4,
                  "Filter": "(keyword_id < 1508)",
                  "Rows Removed by Filter": 830154
                }
              ]
            }
          ]
        }
      ]
    },
    "Planning Time": 0.103,
    "Triggers": [],
    "Execution Time": 160.623
  }
]