[
  {
    "Plan": {
      "Node Type": "Aggregate",
      "Strategy": "Plain",
      "Partial Mode": "Finalize",
      "Parallel Aware": false,
      "Startup Cost": 93331.82,
      "Total Cost": 93331.83,
      "Plan Rows": 1,
      "Plan Width": 8,
      "Actual Startup Time": 564.619,
      "Actual Total Time": 642.648,
      "Actual Rows": 1,
      "Actual Loops": 1,
      "Plans": [
        {
          "Node Type": "Gather",
          "Parent Relationship": "Outer",
          "Parallel Aware": false,
          "Startup Cost": 93331.5,
          "Total Cost": 93331.81,
          "Plan Rows": 3,
          "Plan Width": 8,
          "Actual Startup Time": 564.349,
          "Actual Total Time": 642.636,
          "Actual Rows": 4,
          "Actual Loops": 1,
          "Workers Planned": 3,
          "Workers Launched": 3,
          "Single Copy": false,
          "Plans": [
            {
              "Node Type": "Aggregate",
              "Strategy": "Plain",
              "Partial Mode": "Partial",
              "Parent Relationship": "Outer",
              "Parallel Aware": false,
              "Startup Cost": 92331.5,
              "Total Cost": 92331.51,
              "Plan Rows": 1,
              "Plan Width": 8,
              "Actual Startup Time": 554.593,
              "Actual Total Time": 554.596,
              "Actual Rows": 1,
              "Actual Loops": 4,
              "Plans": [
                {
                  "Node Type": "Nested Loop",
                  "Parent Relationship": "Outer",
                  "Parallel Aware": false,
                  "Join Type": "Inner",
                  "Startup Cost": 673.68,
                  "Total Cost": 92166.75,
                  "Plan Rows": 65901,
                  "Plan Width": 0,
                  "Actual Startup Time": 9.222,
                  "Actual Total Time": 548.676,
                  "Actual Rows": 96814,
                  "Actual Loops": 4,
                  "Inner Unique": false,
                  "Plans": [
                    {
                      "Node Type": "Nested Loop",
                      "Parent Relationship": "Outer",
                      "Parallel Aware": false,
                      "Join Type": "Inner",
                      "Startup Cost": 673.12,
                      "Total Cost": 71013.33,
                      "Plan Rows": 10167,
                      "Plan Width": 8,
                      "Actual Startup Time": 8.581,
                      "Actual Total Time": 67.661,
                      "Actual Rows": 7360,
                      "Actual Loops": 4,
                      "Inner Unique": true,
                      "Plans": [
                        {
                          "Node Type": "Bitmap Heap Scan",
                          "Parent Relationship": "Outer",
                          "Parallel Aware": true,
                          "Relation Name": "movie_keyword",
                          "Alias": "mk",
                          "Startup Cost": 672.69,
                          "Total Cost": 26560.77,
                          "Plan Rows": 10167,
                          "Plan Width": 4,
                          "Actual Startup Time": 8.381,
                          "Actual Total Time": 24.146,
                          "Actual Rows": 7360,
                          "Actual Loops": 4,
                          "Recheck Cond": "(keyword_id = 359)",
                          "Rows Removed by Index Recheck": 0,
                          "Exact Heap Blocks": 4735,
                          "Lossy Heap Blocks": 0,
                          "Plans": [
                            {
                              "Node Type": "Bitmap Index Scan",
                              "Parent Relationship": "Outer",
                              "Parallel Aware": false,
                              "Index Name": "keyword_id_movie_keyword",
                              "Startup Cost": 0.0,
                              "Total Cost": 664.81,
                              "Plan Rows": 31517,
                              "Plan Width": 0,
                              "Actual Startup Time": 12.402,
                              "Actual Total Time": 12.402,
                              "Actual Rows": 29440,
                              "Actual Loops": 1,
                              "Index Cond": "(keyword_id = 359)"
                            }
                          ]
                        },
                        {
                          "Node Type": "Index Only Scan",
                          "Parent Relationship": "Inner",
                          "Parallel Aware": false,
                          "Scan Direction": "Forward",
                          "Index Name": "title_pkey",
                          "Relation Name": "title",
                          "Alias": "t",
                          "Startup Cost": 0.43,
                          "Total Cost": 4.37,
                          "Plan Rows": 1,
                          "Plan Width": 4,
                          "Actual Startup Time": 0.005,
                          "Actual Total Time": 0.005,
                          "Actual Rows": 1,
                          "Actual Loops": 29440,
                          "Index Cond": "(id = mk.movie_id)",
                          "Rows Removed by Index Recheck": 0,
                          "Heap Fetches": 29440
                        }
                      ]
                    },
                    {
                      "Node Type": "Index Scan",
                      "Parent Relationship": "Inner",
                      "Parallel Aware": false,
                      "Scan Direction": "Forward",
                      "Index Name": "movie_id_cast_info",
                      "Relation Name": "cast_info",
                      "Alias": "ci",
                      "Startup Cost": 0.56,
                      "Total Cost": 1.91,
                      "Plan Rows": 17,
                      "Plan Width": 4,
                      "Actual Startup Time": 0.042,
                      "Actual Total Time": 0.064,
                      "Actual Rows": 13,
                      "Actual Loops": 29440,
                      "Index Cond": "(movie_id = t.id)",
                      "Rows Removed by Index Recheck": 0,
                      "Filter": "(role_id > 2)",
                      "Rows Removed by Filter": 21
                    }
                  ]
                }
              ]
            }
          ]
        }
      ]
    },
    "Planning Time": 1.289,
    "Triggers": [],
    "Execution Time": 642.773
  }
]