{
  "Plan": {
    "Node Type": "Aggregate",
    "Strategy": "Plain",
    "Partial Mode": "Finalize",
    "Parallel Aware": false,
    "Startup Cost": 378336.82,
    "Total Cost": 378336.83,
    "Plan Rows": 1,
    "Plan Width": 8,
    "Actual Startup Time": 1320.712,
    "Actual Total Time": 1350.697,
    "Actual Rows": 1,
    "Actual Loops": 1,
    "Plans": [
      {
        "Node Type": "Gather",
        "Parent Relationship": "Outer",
        "Parallel Aware": false,
        "Startup Cost": 378336.71,
        "Total Cost": 378336.82,
        "Plan Rows": 1,
        "Plan Width": 8,
        "Actual Startup Time": 1319.327,
        "Actual Total Time": 1350.688,
        "Actual Rows": 2,
        "Actual Loops": 1,
        "Workers Planned": 1,
        "Workers Launched": 1,
        "Single Copy": false,
        "Plans": [
          {
            "Node Type": "Aggregate",
            "Strategy": "Plain",
            "Partial Mode": "Partial",
            "Parent Relationship": "Outer",
            "Parallel Aware": false,
            "Startup Cost": 377336.71,
            "Total Cost": 377336.72,
            "Plan Rows": 1,
            "Plan Width": 8,
            "Actual Startup Time": 1314.654,
            "Actual Total Time": 1314.657,
            "Actual Rows": 1,
            "Actual Loops": 2,
            "Plans": [
              {
                "Node Type": "Hash Join",
                "Parent Relationship": "Outer",
                "Parallel Aware": true,
                "Join Type": "Inner",
                "Startup Cost": 58259.42,
                "Total Cost": 375126.06,
                "Plan Rows": 884258,
                "Plan Width": 0,
                "Actual Startup Time": 209.567,
                "Actual Total Time": 1302.197,
                "Actual Rows": 283843,
                "Actual Loops": 2,
                "Inner Unique": true,
                "Hash Cond": "(ci.movie_id = t.id)",
                "Plans": [
                  {
                    "Node Type": "Index Scan",
                    "Parent Relationship": "Outer",
                    "Parallel Aware": true,
                    "Scan Direction": "Forward",
                    "Index Name": "role_id_cast_info",
                    "Relation Name": "cast_info",
                    "Alias": "ci",
                    "Startup Cost": 0.56,
                    "Total Cost": 305110.75,
                    "Plan Rows": 4478644,
                    "Plan Width": 4,
                    "Actual Startup Time": 0.057,
                    "Actual Total Time": 641.473,
                    "Actual Rows": 1979834,
                    "Actual Loops": 2,
                    "Index Cond": "(role_id > 4)",
                    "Rows Removed by Index Recheck": 0,
                    "Filter": "(person_id < 2961888)",
                    "Rows Removed by Filter": 2712518
                  },
                  {
                    "Node Type": "Hash",
                    "Parent Relationship": "Inner",
                    "Parallel Aware": true,
                    "Startup Cost": 54588.39,
                    "Total Cost": 54588.39,
                    "Plan Rows": 293637,
                    "Plan Width": 4,
                    "Actual Startup Time": 204.126,
                    "Actual Total Time": 204.127,
                    "Actual Rows": 254478,
                    "Actual Loops": 2,
                    "Hash Buckets": 524288,
                    "Original Hash Buckets": 524288,
                    "Hash Batches": 1,
                    "Original Hash Batches": 1,
                    "Peak Memory Usage": 24032,
                    "Plans": [
                      {
                        "Node Type": "Seq Scan",
                        "Parent Relationship": "Outer",
                        "Parallel Aware": true,
                        "Relation Name": "title",
                        "Alias": "t",
                        "Startup Cost": 0.0,
                        "Total Cost": 54588.39,
                        "Plan Rows": 293637,
                        "Plan Width": 4,
                        "Actual Startup Time": 0.027,
                        "Actual Total Time": 145.152,
                        "Actual Rows": 254478,
                        "Actual Loops": 2,
                        "Filter": "(production_year < 1980)",
                        "Rows Removed by Filter": 1009678
                      }
                    ]
                  }
                ]
              }
            ]
          }
        ]
      }
    ]
  },
  "Planning Time": 0.606,
  "Triggers": [],
  "Execution Time": 1350.776
}