[
  {
    "Plan": {
      "Node Type": "Aggregate",
      "Strategy": "Plain",
      "Partial Mode": "Finalize",
      "Parallel Aware": false,
      "Startup Cost": 269760.07,
      "Total Cost": 269760.08,
      "Plan Rows": 1,
      "Plan Width": 8,
      "Actual Startup Time": 786.525,
      "Actual Total Time": 835.848,
      "Actual Rows": 1,
      "Actual Loops": 1,
      "Plans": [
        {
          "Node Type": "Gather",
          "Parent Relationship": "Outer",
          "Parallel Aware": false,
          "Startup Cost": 269759.54,
          "Total Cost": 269760.05,
          "Plan Rows": 5,
          "Plan Width": 8,
          "Actual Startup Time": 778.864,
          "Actual Total Time": 835.831,
          "Actual Rows": 6,
          "Actual Loops": 1,
          "Workers Planned": 5,
          "Workers Launched": 5,
          "Single Copy": false,
          "Plans": [
            {
              "Node Type": "Aggregate",
              "Strategy": "Plain",
              "Partial Mode": "Partial",
              "Parent Relationship": "Outer",
              "Parallel Aware": false,
              "Startup Cost": 268759.54,
              "Total Cost": 268759.55,
              "Plan Rows": 1,
              "Plan Width": 8,
              "Actual Startup Time": 770.019,
              "Actual Total Time": 770.291,
              "Actual Rows": 1,
              "Actual Loops": 6,
              "Plans": [
                {
                  "Node Type": "Hash Join",
                  "Parent Relationship": "Outer",
                  "Parallel Aware": true,
                  "Join Type": "Inner",
                  "Startup Cost": 65947.11,
                  "Total Cost": 268407.8,
                  "Plan Rows": 140698,
                  "Plan Width": 0,
                  "Actual Startup Time": 313.636,
                  "Actual Total Time": 764.744,
                  "Actual Rows": 96526,
                  "Actual Loops": 6,
                  "Inner Unique": false,
                  "Hash Cond": "(mi.movie_id = t.id)",
                  "Plans": [
                    {
                      "Node Type": "Seq Scan",
                      "Parent Relationship": "Outer",
                      "Parallel Aware": true,
                      "Relation Name": "movie_info",
                      "Alias": "mi",
                      "Startup Cost": 0.0,
                      "Total Cost": 199108.24,
                      "Plan Rows": 737655,
                      "Plan Width": 4,
                      "Actual Startup Time": 36.195,
                      "Actual Total Time": 391.771,
                      "Actual Rows": 604163,
                      "Actual Loops": 6,
                      "Filter": "(info_type_id < 4)",
                      "Rows Removed by Filter": 1868457
                    },
                    {
                      "Node Type": "Hash",
                      "Parent Relationship": "Inner",
                      "Parallel Aware": true,
                      "Startup Cost": 63435.32,
                      "Total Cost": 63435.32,
                      "Plan Rows": 200943,
                      "Plan Width": 8,
                      "Actual Startup Time": 275.556,
                      "Actual Total Time": 275.826,
                      "Actual Rows": 54100,
                      "Actual Loops": 6,
                      "Hash Buckets": 524288,
                      "Original Hash Buckets": 524288,
                      "Hash Batches": 1,
                      "Original Hash Batches": 1,
                      "Peak Memory Usage": 16896,
                      "Plans": [
                        {
                          "Node Type": "Hash Join",
                          "Parent Relationship": "Outer",
                          "Parallel Aware": true,
                          "Join Type": "Inner",
                          "Startup Cost": 48240.76,
                          "Total Cost": 63435.32,
                          "Plan Rows": 200943,
                          "Plan Width": 8,
                          "Actual Startup Time": 177.303,
                          "Actual Total Time": 256.115,
                          "Actual Rows": 54100,
                          "Actual Loops": 6,
                          "Inner Unique": true,
                          "Hash Cond": "(mi_idx.movie_id = t.id)",
                          "Plans": [
                            {
                              "Node Type": "Seq Scan",
                              "Parent Relationship": "Outer",
                              "Parallel Aware": true,
                              "Relation Name": "movie_info_idx",
                              "Alias": "mi_idx",
                              "Startup Cost": 0.0,
                              "Total Cost": 13685.15,
                              "Plan Rows": 575015,
                              "Plan Width": 4,
                              "Actual Startup Time": 0.018,
                              "Actual Total Time": 27.592,
                              "Actual Rows": 230006,
                              "Actual Loops": 6
                            },
                            {
                              "Node Type": "Hash",
                              "Parent Relationship": "Inner",
                              "Parallel Aware": true,
                              "Startup Cost": 45479.59,
                              "Total Cost": 45479.59,
                              "Plan Rows": 220894,
                              "Plan Width": 4,
                              "Actual Startup Time": 175.489,
                              "Actual Total Time": 175.49,
                              "Actual Rows": 157955,
                              "Actual Loops": 6,
                              "Hash Buckets": 1048576,
                              "Original Hash Buckets": 1048576,
                              "Hash Batches": 1,
                              "Original Hash Batches": 1,
                              "Peak Memory Usage": 45344,
                              "Plans": [
                                {
                                  "Node Type": "Seq Scan",
                                  "Parent Relationship": "Outer",
                                  "Parallel Aware": true,
                                  "Relation Name": "title",
                                  "Alias": "t",
                                  "Startup Cost": 0.0,
                                  "Total Cost": 45479.59,
                                  "Plan Rows": 220894,
                                  "Plan Width": 4,
                                  "Actual Startup Time": 0.045,
                                  "Actual Total Time": 101.099,
                                  "Actual Rows": 157955,
                                  "Actual Loops": 6,
                                  "Filter": "((kind_id > 1) AND (production_year > 2003))",
                                  "Rows Removed by Filter": 263430
                                }
                              ]
                            }
                          ]
                        }
                      ]
                    }
                  ]
                }
              ]
            }
          ]
        }
      ]
    },
    "Planning Time": 0.65,
    "Triggers": [],
    "Execution Time": 835.918
  }
]