[
  {
    "Plan": {
      "Node Type": "Aggregate",
      "Strategy": "Plain",
      "Partial Mode": "Finalize",
      "Parallel Aware": false,
      "Startup Cost": 336308.85,
      "Total Cost": 336308.86,
      "Plan Rows": 1,
      "Plan Width": 8,
      "Actual Startup Time": 756.401,
      "Actual Total Time": 819.674,
      "Actual Rows": 1,
      "Actual Loops": 1,
      "Plans": [
        {
          "Node Type": "Gather",
          "Parent Relationship": "Outer",
          "Parallel Aware": false,
          "Startup Cost": 336308.23,
          "Total Cost": 336308.84,
          "Plan Rows": 6,
          "Plan Width": 8,
          "Actual Startup Time": 756.18,
          "Actual Total Time": 819.654,
          "Actual Rows": 7,
          "Actual Loops": 1,
          "Workers Planned": 6,
          "Workers Launched": 6,
          "Single Copy": false,
          "Plans": [
            {
              "Node Type": "Aggregate",
              "Strategy": "Plain",
              "Partial Mode": "Partial",
              "Parent Relationship": "Outer",
              "Parallel Aware": false,
              "Startup Cost": 335308.23,
              "Total Cost": 335308.24,
              "Plan Rows": 1,
              "Plan Width": 8,
              "Actual Startup Time": 750.48,
              "Actual Total Time": 750.483,
              "Actual Rows": 1,
              "Actual Loops": 7,
              "Plans": [
                {
                  "Node Type": "Seq Scan",
                  "Parent Relationship": "Outer",
                  "Parallel Aware": true,
                  "Relation Name": "cast_info",
                  "Alias": "ci",
                  "Startup Cost": 0.0,
                  "Total Cost": 328211.39,
                  "Plan Rows": 2838734,
                  "Plan Width": 0,
                  "Actual Startup Time": 0.035,
                  "Actual Total Time": 629.999,
                  "Actual Rows": 2457230,
                  "Actual Loops": 7,
                  "Filter": "(person_id < 1698815)",
                  "Rows Removed by Filter": 2720533
                }
              ]
            }
          ]
        }
      ]
    },
    "Planning Time": 0.102,
    "Triggers": [],
    "Execution Time": 819.721
  }
]