[
  {
    "Plan": {
      "Node Type": "Aggregate",
      "Strategy": "Plain",
      "Partial Mode": "Finalize",
      "Parallel Aware": false,
      "Startup Cost": 46733.18,
      "Total Cost": 46733.19,
      "Plan Rows": 1,
      "Plan Width": 8,
      "Actual Startup Time": 96.4,
      "Actual Total Time": 108.432,
      "Actual Rows": 1,
      "Actual Loops": 1,
      "Plans": [
        {
          "Node Type": "Gather",
          "Parent Relationship": "Outer",
          "Parallel Aware": false,
          "Startup Cost": 46732.76,
          "Total Cost": 46733.17,
          "Plan Rows": 4,
          "Plan Width": 8,
          "Actual Startup Time": 96.122,
          "Actual Total Time": 108.422,
          "Actual Rows": 5,
          "Actual Loops": 1,
          "Workers Planned": 4,
          "Workers Launched": 4,
          "Single Copy": false,
          "Plans": [
            {
              "Node Type": "Aggregate",
              "Strategy": "Plain",
              "Partial Mode": "Partial",
              "Parent Relationship": "Outer",
              "Parallel Aware": false,
              "Startup Cost": 45732.76,
              "Total Cost": 45732.77,
              "Plan Rows": 1,
              "Plan Width": 8,
              "Actual Startup Time": 91.752,
              "Actual Total Time": 91.754,
              "Actual Rows": 1,
              "Actual Loops": 5,
              "Plans": [
                {
                  "Node Type": "Seq Scan",
                  "Parent Relationship": "Outer",
                  "Parallel Aware": true,
                  "Relation Name": "title",
                  "Alias": "t",
                  "Startup Cost": 0.0,
                  "Total Cost": 45479.59,
                  "Plan Rows": 101269,
                  "Plan Width": 0,
                  "Actual Startup Time": 50.001,
                  "Actual Total Time": 87.648,
                  "Actual Rows": 91229,
                  "Actual Loops": 5,
                  "Filter": "((production_year < 2007) AND (kind_id = 1))",
                  "Rows Removed by Filter": 414433
                }
              ]
            }
          ]
        }
      ]
    },
    "Planning Time": 0.099,
    "Triggers": [],
    "Execution Time": 108.465
  }
]