{
  "Plan": {
    "Node Type": "Aggregate",
    "Strategy": "Plain",
    "Partial Mode": "Finalize",
    "Parallel Aware": false,
    "Startup Cost": 193394.52,
    "Total Cost": 193394.53,
    "Plan Rows": 1,
    "Plan Width": 8,
    "Actual Startup Time": 1605.415,
    "Actual Total Time": 1669.184,
    "Actual Rows": 1,
    "Actual Loops": 1,
    "Plans": [
      {
        "Node Type": "Gather",
        "Parent Relationship": "Outer",
        "Parallel Aware": false,
        "Startup Cost": 193394.41,
        "Total Cost": 193394.52,
        "Plan Rows": 1,
        "Plan Width": 8,
        "Actual Startup Time": 1601.407,
        "Actual Total Time": 1669.176,
        "Actual Rows": 2,
        "Actual Loops": 1,
        "Workers Planned": 1,
        "Workers Launched": 1,
        "Single Copy": false,
        "Plans": [
          {
            "Node Type": "Aggregate",
            "Strategy": "Plain",
            "Partial Mode": "Partial",
            "Parent Relationship": "Outer",
            "Parallel Aware": false,
            "Startup Cost": 192394.41,
            "Total Cost": 192394.42,
            "Plan Rows": 1,
            "Plan Width": 8,
            "Actual Startup Time": 1588.864,
            "Actual Total Time": 1588.868,
            "Actual Rows": 1,
            "Actual Loops": 2,
            "Plans": [
              {
                "Node Type": "Nested Loop",
                "Parent Relationship": "Outer",
                "Parallel Aware": false,
                "Join Type": "Inner",
                "Startup Cost": 71239.0,
                "Total Cost": 191673.83,
                "Plan Rows": 288230,
                "Plan Width": 0,
                "Actual Startup Time": 592.144,
                "Actual Total Time": 1502.651,
                "Actual Rows": 1573574,
                "Actual Loops": 2,
                "Inner Unique": false,
                "Plans": [
                  {
                    "Node Type": "Hash Join",
                    "Parent Relationship": "Outer",
                    "Parallel Aware": true,
                    "Join Type": "Inner",
                    "Startup Cost": 71238.57,
                    "Total Cost": 96438.12,
                    "Plan Rows": 49293,
                    "Plan Width": 8,
                    "Actual Startup Time": 592.06,
                    "Actual Total Time": 668.761,
                    "Actual Rows": 45916,
                    "Actual Loops": 2,
                    "Inner Unique": true,
                    "Hash Cond": "(mk.movie_id = t.id)",
                    "Plans": [
                      {
                        "Node Type": "Bitmap Heap Scan",
                        "Parent Relationship": "Outer",
                        "Parallel Aware": true,
                        "Relation Name": "movie_keyword",
                        "Alias": "mk",
                        "Startup Cost": 1777.87,
                        "Total Cost": 26848.03,
                        "Plan Rows": 49293,
                        "Plan Width": 4,
                        "Actual Startup Time": 8.483,
                        "Actual Total Time": 47.927,
                        "Actual Rows": 45916,
                        "Actual Loops": 2,
                        "Recheck Cond": "(keyword_id < 79)",
                        "Rows Removed by Index Recheck": 0,
                        "Exact Heap Blocks": 14248,
                        "Lossy Heap Blocks": 0,
                        "Plans": [
                          {
                            "Node Type": "Bitmap Index Scan",
                            "Parent Relationship": "Outer",
                            "Parallel Aware": false,
                            "Index Name": "keyword_id_movie_keyword",
                            "Startup Cost": 0.0,
                            "Total Cost": 1756.92,
                            "Plan Rows": 83798,
                            "Plan Width": 0,
                            "Actual Startup Time": 5.47,
                            "Actual Total Time": 5.47,
                            "Actual Rows": 91832,
                            "Actual Loops": 1,
                            "Index Cond": "(keyword_id < 79)"
                          }
                        ]
                      },
                      {
                        "Node Type": "Hash",
                        "Parent Relationship": "Inner",
                        "Parallel Aware": true,
                        "Startup Cost": 50870.31,
                        "Total Cost": 50870.31,
                        "Plan Rows": 1487231,
                        "Plan Width": 4,
                        "Actual Startup Time": 562.57,
                        "Actual Total Time": 562.571,
                        "Actual Rows": 1264156,
                        "Actual Loops": 2,
                        "Hash Buckets": 4194304,
                        "Original Hash Buckets": 4194304,
                        "Hash Batches": 1,
                        "Original Hash Batches": 1,
                        "Peak Memory Usage": 131712,
                        "Plans": [
                          {
                            "Node Type": "Seq Scan",
                            "Parent Relationship": "Outer",
                            "Parallel Aware": true,
                            "Relation Name": "title",
                            "Alias": "t",
                            "Startup Cost": 0.0,
                            "Total Cost": 50870.31,
                            "Plan Rows": 1487231,
                            "Plan Width": 4,
                            "Actual Startup Time": 0.024,
                            "Actual Total Time": 177.443,
                            "Actual Rows": 1264156,
                            "Actual Loops": 2
                          }
                        ]
                      }
                    ]
                  },
                  {
                    "Node Type": "Index Only Scan",
                    "Parent Relationship": "Inner",
                    "Parallel Aware": false,
                    "Scan Direction": "Forward",
                    "Index Name": "movie_id_movie_info",
                    "Relation Name": "movie_info",
                    "Alias": "mi",
                    "Startup Cost": 0.43,
                    "Total Cost": 1.51,
                    "Plan Rows": 42,
                    "Plan Width": 4,
                    "Actual Startup Time": 0.004,
                    "Actual Total Time": 0.015,
                    "Actual Rows": 34,
                    "Actual Loops": 91832,
                    "Index Cond": "(movie_id = t.id)",
                    "Rows Removed by Index Recheck": 0,
                    "Heap Fetches": 3147147
                  }
                ]
              }
            ]
          }
        ]
      }
    ]
  },
  "Planning Time": 0.954,
  "Triggers": [],
  "Execution Time": 1669.294
}