{
  "Plan": {
    "Node Type": "Aggregate",
    "Strategy": "Plain",
    "Partial Mode": "Finalize",
    "Parallel Aware": false,
    "Startup Cost": 159998.1,
    "Total Cost": 159998.11,
    "Plan Rows": 1,
    "Plan Width": 8,
    "Actual Startup Time": 187.908,
    "Actual Total Time": 204.932,
    "Actual Rows": 1,
    "Actual Loops": 1,
    "Plans": [
      {
        "Node Type": "Gather",
        "Parent Relationship": "Outer",
        "Parallel Aware": false,
        "Startup Cost": 159997.99,
        "Total Cost": 159998.1,
        "Plan Rows": 1,
        "Plan Width": 8,
        "Actual Startup Time": 187.786,
        "Actual Total Time": 204.926,
        "Actual Rows": 2,
        "Actual Loops": 1,
        "Workers Planned": 1,
        "Workers Launched": 1,
        "Single Copy": false,
        "Plans": [
          {
            "Node Type": "Aggregate",
            "Strategy": "Plain",
            "Partial Mode": "Partial",
            "Parent Relationship": "Outer",
            "Parallel Aware": false,
            "Startup Cost": 158997.99,
            "Total Cost": 158998.0,
            "Plan Rows": 1,
            "Plan Width": 8,
            "Actual Startup Time": 181.869,
            "Actual Total Time": 181.871,
            "Actual Rows": 1,
            "Actual Loops": 2,
            "Plans": [
              {
                "Node Type": "Nested Loop",
                "Parent Relationship": "Outer",
                "Parallel Aware": false,
                "Join Type": "Inner",
                "Startup Cost": 0.43,
                "Total Cost": 158997.11,
                "Plan Rows": 353,
                "Plan Width": 0,
                "Actual Startup Time": 2.314,
                "Actual Total Time": 181.677,
                "Actual Rows": 1734,
                "Actual Loops": 2,
                "Inner Unique": false,
                "Plans": [
                  {
                    "Node Type": "Seq Scan",
                    "Parent Relationship": "Outer",
                    "Parallel Aware": true,
                    "Relation Name": "title",
                    "Alias": "t",
                    "Startup Cost": 0.0,
                    "Total Cost": 58306.47,
                    "Plan Rows": 674,
                    "Plan Width": 4,
                    "Actual Startup Time": 2.099,
                    "Actual Total Time": 139.916,
                    "Actual Rows": 1689,
                    "Actual Loops": 2,
                    "Filter": "((kind_id < 7) AND (production_year > 2013))",
                    "Rows Removed by Filter": 1262467
                  },
                  {
                    "Node Type": "Index Scan",
                    "Parent Relationship": "Inner",
                    "Parallel Aware": false,
                    "Scan Direction": "Forward",
                    "Index Name": "movie_id_movie_info",
                    "Relation Name": "movie_info",
                    "Alias": "mi",
                    "Startup Cost": 0.43,
                    "Total Cost": 149.35,
                    "Plan Rows": 4,
                    "Plan Width": 4,
                    "Actual Startup Time": 0.021,
                    "Actual Total Time": 0.024,
                    "Actual Rows": 1,
                    "Actual Loops": 3378,
                    "Index Cond": "(movie_id = t.id)",
                    "Rows Removed by Index Recheck": 0,
                    "Filter": "(info_type_id = 8)",
                    "Rows Removed by Filter": 6
                  }
                ]
              }
            ]
          }
        ]
      }
    ]
  },
  "Planning Time": 0.475,
  "Triggers": [],
  "Execution Time": 205.008
}