[
  {
    "Plan": {
      "Node Type": "Aggregate",
      "Strategy": "Plain",
      "Partial Mode": "Finalize",
      "Parallel Aware": false,
      "Startup Cost": 72085.55,
      "Total Cost": 72085.56,
      "Plan Rows": 1,
      "Plan Width": 8,
      "Actual Startup Time": 119.24,
      "Actual Total Time": 134.975,
      "Actual Rows": 1,
      "Actual Loops": 1,
      "Plans": [
        {
          "Node Type": "Gather",
          "Parent Relationship": "Outer",
          "Parallel Aware": false,
          "Startup Cost": 72085.13,
          "Total Cost": 72085.54,
          "Plan Rows": 4,
          "Plan Width": 8,
          "Actual Startup Time": 119.067,
          "Actual Total Time": 134.965,
          "Actual Rows": 5,
          "Actual Loops": 1,
          "Workers Planned": 4,
          "Workers Launched": 4,
          "Single Copy": false,
          "Plans": [
            {
              "Node Type": "Aggregate",
              "Strategy": "Plain",
              "Partial Mode": "Partial",
              "Parent Relationship": "Outer",
              "Parallel Aware": false,
              "Startup Cost": 71085.13,
              "Total Cost": 71085.14,
              "Plan Rows": 1,
              "Plan Width": 8,
              "Actual Startup Time": 111.643,
              "Actual Total Time": 111.645,
              "Actual Rows": 1,
              "Actual Loops": 5,
              "Plans": [
                {
                  "Node Type": "Nested Loop",
                  "Parent Relationship": "Outer",
                  "Parallel Aware": false,
                  "Join Type": "Inner",
                  "Startup Cost": 0.43,
                  "Total Cost": 71083.96,
                  "Plan Rows": 466,
                  "Plan Width": 0,
                  "Actual Startup Time": 94.832,
                  "Actual Total Time": 111.63,
                  "Actual Rows": 12,
                  "Actual Loops": 5,
                  "Inner Unique": false,
                  "Plans": [
                    {
                      "Node Type": "Seq Scan",
                      "Parent Relationship": "Outer",
                      "Parallel Aware": true,
                      "Relation Name": "title",
                      "Alias": "t",
                      "Startup Cost": 0.0,
                      "Total Cost": 43899.32,
                      "Plan Rows": 3582,
                      "Plan Width": 4,
                      "Actual Startup Time": 0.134,
                      "Actual Total Time": 86.04,
                      "Actual Rows": 2613,
                      "Actual Loops": 5,
                      "Filter": "(production_year = 1965)",
                      "Rows Removed by Filter": 503050
                    },
                    {
                      "Node Type": "Index Scan",
                      "Parent Relationship": "Inner",
                      "Parallel Aware": false,
                      "Scan Direction": "Forward",
                      "Index Name": "movie_id_movie_companies",
                      "Relation Name": "movie_companies",
                      "Alias": "mc",
                      "Startup Cost": 0.43,
                      "Total Cost": 7.58,
                      "Plan Rows": 1,
                      "Plan Width": 4,
                      "Actual Startup Time": 0.009,
                      "Actual Total Time": 0.009,
                      "Actual Rows": 0,
                      "Actual Loops": 13063,
                      "Index Cond": "(movie_id = t.id)",
                      "Rows Removed by Index Recheck": 0,
                      "Filter": "((company_id > 51289) AND (company_type_id = 1))",
                      "Rows Removed by Filter": 1
                    }
                  ]
                }
              ]
            }
          ]
        }
      ]
    },
    "Planning Time": 0.358,
    "Triggers": [],
    "Execution Time": 135.018
  }
]