[
  {
    "Plan": {
      "Node Type": "Aggregate",
      "Strategy": "Plain",
      "Partial Mode": "Finalize",
      "Parallel Aware": false,
      "Startup Cost": 100293.09,
      "Total Cost": 100293.1,
      "Plan Rows": 1,
      "Plan Width": 8,
      "Actual Startup Time": 727.681,
      "Actual Total Time": 743.867,
      "Actual Rows": 1,
      "Actual Loops": 1,
      "Plans": [
        {
          "Node Type": "Gather",
          "Parent Relationship": "Outer",
          "Parallel Aware": false,
          "Startup Cost": 100292.88,
          "Total Cost": 100293.09,
          "Plan Rows": 2,
          "Plan Width": 8,
          "Actual Startup Time": 721.08,
          "Actual Total Time": 743.842,
          "Actual Rows": 3,
          "Actual Loops": 1,
          "Workers Planned": 2,
          "Workers Launched": 2,
          "Single Copy": false,
          "Plans": [
            {
              "Node Type": "Aggregate",
              "Strategy": "Plain",
              "Partial Mode": "Partial",
              "Parent Relationship": "Outer",
              "Parallel Aware": false,
              "Startup Cost": 99292.88,
              "Total Cost": 99292.89,
              "Plan Rows": 1,
              "Plan Width": 8,
              "Actual Startup Time": 717.274,
              "Actual Total Time": 717.738,
              "Actual Rows": 1,
              "Actual Loops": 3,
              "Plans": [
                {
                  "Node Type": "Hash Join",
                  "Parent Relationship": "Outer",
                  "Parallel Aware": true,
                  "Join Type": "Inner",
                  "Startup Cost": 82677.53,
                  "Total Cost": 98954.98,
                  "Plan Rows": 135159,
                  "Plan Width": 0,
                  "Actual Startup Time": 591.316,
                  "Actual Total Time": 705.37,
                  "Actual Rows": 292865,
                  "Actual Loops": 3,
                  "Inner Unique": false,
                  "Hash Cond": "(mi_idx.movie_id = t.id)",
                  "Plans": [
                    {
                      "Node Type": "Seq Scan",
                      "Parent Relationship": "Outer",
                      "Parallel Aware": true,
                      "Relation Name": "movie_info_idx",
                      "Alias": "mi_idx",
                      "Startup Cost": 0.0,
                      "Total Cost": 13685.15,
                      "Plan Rows": 575015,
                      "Plan Width": 4,
                      "Actual Startup Time": 0.025,
                      "Actual Total Time": 35.32,
                      "Actual Rows": 460012,
                      "Actual Loops": 3
                    },
                    {
                      "Node Type": "Hash",
                      "Parent Relationship": "Inner",
                      "Parallel Aware": true,
                      "Startup Cost": 80281.1,
                      "Total Cost": 80281.1,
                      "Plan Rows": 191714,
                      "Plan Width": 8,
                      "Actual Startup Time": 588.065,
                      "Actual Total Time": 588.527,
                      "Actual Rows": 199426,
                      "Actual Loops": 3,
                      "Hash Buckets": 1048576,
                      "Original Hash Buckets": 1048576,
                      "Hash Batches": 1,
                      "Original Hash Batches": 1,
                      "Peak Memory Usage": 31648,
                      "Plans": [
                        {
                          "Node Type": "Hash Join",
                          "Parent Relationship": "Outer",
                          "Parallel Aware": true,
                          "Join Type": "Inner",
                          "Startup Cost": 50354.42,
                          "Total Cost": 80281.1,
                          "Plan Rows": 191714,
                          "Plan Width": 8,
                          "Actual Startup Time": 378.484,
                          "Actual Total Time": 530.893,
                          "Actual Rows": 199426,
                          "Actual Loops": 3,
                          "Inner Unique": true,
                          "Hash Cond": "(mc.movie_id = t.id)",
                          "Plans": [
                            {
                              "Node Type": "Seq Scan",
                              "Parent Relationship": "Outer",
                              "Parallel Aware": true,
                              "Relation Name": "movie_companies",
                              "Alias": "mc",
                              "Startup Cost": 0.0,
                              "Total Cost": 29310.68,
                              "Plan Rows": 234666,
                              "Plan Width": 4,
                              "Actual Startup Time": 19.14,
                              "Actual Total Time": 78.312,
                              "Actual Rows": 240187,
                              "Actual Loops": 3,
                              "Filter": "(company_id > 42220)",
                              "Rows Removed by Filter": 629523
                            },
                            {
                              "Node Type": "Hash",
                              "Parent Relationship": "Inner",
                              "Parallel Aware": true,
                              "Startup Cost": 43899.32,
                              "Total Cost": 43899.32,
                              "Plan Rows": 516408,
                              "Plan Width": 4,
                              "Actual Startup Time": 355.041,
                              "Actual Total Time": 355.042,
                              "Actual Rows": 688184,
                              "Actual Loops": 3,
                              "Hash Buckets": 2097152,
                              "Original Hash Buckets": 2097152,
                              "Hash Batches": 1,
                              "Original Hash Batches": 1,
                              "Peak Memory Usage": 97184,
                              "Plans": [
                                {
                                  "Node Type": "Seq Scan",
                                  "Parent Relationship": "Outer",
                                  "Parallel Aware": true,
                                  "Relation Name": "title",
                                  "Alias": "t",
                                  "Startup Cost": 0.0,
                                  "Total Cost": 43899.32,
                                  "Plan Rows": 516408,
                                  "Plan Width": 4,
                                  "Actual Startup Time": 0.017,
                                  "Actual Total Time": 141.477,
                                  "Actual Rows": 688184,
                                  "Actual Loops": 3,
                                  "Filter": "(production_year < 2011)",
                                  "Rows Removed by Filter": 154587
                                }
                              ]
                            }
                          ]
                        }
                      ]
                    }
                  ]
                }
              ]
            }
          ]
        }
      ]
    },
    "Planning Time": 0.523,
    "Triggers": [],
    "Execution Time": 743.91
  }
]