{
  "Plan": {
    "Node Type": "Aggregate",
    "Strategy": "Plain",
    "Partial Mode": "Finalize",
    "Parallel Aware": false,
    "Startup Cost": 22062.47,
    "Total Cost": 22062.48,
    "Plan Rows": 1,
    "Plan Width": 8,
    "Actual Startup Time": 115.162,
    "Actual Total Time": 119.901,
    "Actual Rows": 1,
    "Actual Loops": 1,
    "Plans": [
      {
        "Node Type": "Gather",
        "Parent Relationship": "Outer",
        "Parallel Aware": false,
        "Startup Cost": 22062.36,
        "Total Cost": 22062.47,
        "Plan Rows": 1,
        "Plan Width": 8,
        "Actual Startup Time": 115.042,
        "Actual Total Time": 119.894,
        "Actual Rows": 2,
        "Actual Loops": 1,
        "Workers Planned": 1,
        "Workers Launched": 1,
        "Single Copy": false,
        "Plans": [
          {
            "Node Type": "Aggregate",
            "Strategy": "Plain",
            "Partial Mode": "Partial",
            "Parent Relationship": "Outer",
            "Parallel Aware": false,
            "Startup Cost": 21062.36,
            "Total Cost": 21062.37,
            "Plan Rows": 1,
            "Plan Width": 8,
            "Actual Startup Time": 109.146,
            "Actual Total Time": 109.15,
            "Actual Rows": 1,
            "Actual Loops": 2,
            "Plans": [
              {
                "Node Type": "Hash Join",
                "Parent Relationship": "Outer",
                "Parallel Aware": false,
                "Join Type": "Inner",
                "Startup Cost": 1964.89,
                "Total Cost": 21062.28,
                "Plan Rows": 34,
                "Plan Width": 0,
                "Actual Startup Time": 95.477,
                "Actual Total Time": 109.142,
                "Actual Rows": 6,
                "Actual Loops": 2,
                "Inner Unique": false,
                "Hash Cond": "(mi_idx.movie_id = t.id)",
                "Plans": [
                  {
                    "Node Type": "Seq Scan",
                    "Parent Relationship": "Outer",
                    "Parallel Aware": true,
                    "Relation Name": "movie_info_idx",
                    "Alias": "mi_idx",
                    "Startup Cost": 0.0,
                    "Total Cost": 16052.85,
                    "Plan Rows": 811785,
                    "Plan Width": 4,
                    "Actual Startup Time": 0.039,
                    "Actual Total Time": 58.047,
                    "Actual Rows": 690018,
                    "Actual Loops": 2
                  },
                  {
                    "Node Type": "Hash",
                    "Parent Relationship": "Inner",
                    "Parallel Aware": false,
                    "Startup Cost": 1963.55,
                    "Total Cost": 1963.55,
                    "Plan Rows": 107,
                    "Plan Width": 8,
                    "Actual Startup Time": 1.172,
                    "Actual Total Time": 1.174,
                    "Actual Rows": 24,
                    "Actual Loops": 2,
                    "Hash Buckets": 1024,
                    "Original Hash Buckets": 1024,
                    "Hash Batches": 1,
                    "Original Hash Batches": 1,
                    "Peak Memory Usage": 9,
                    "Plans": [
                      {
                        "Node Type": "Nested Loop",
                        "Parent Relationship": "Outer",
                        "Parallel Aware": false,
                        "Join Type": "Inner",
                        "Startup Cost": 0.99,
                        "Total Cost": 1963.55,
                        "Plan Rows": 107,
                        "Plan Width": 8,
                        "Actual Startup Time": 0.482,
                        "Actual Total Time": 1.137,
                        "Actual Rows": 24,
                        "Actual Loops": 2,
                        "Inner Unique": true,
                        "Plans": [
                          {
                            "Node Type": "Index Scan",
                            "Parent Relationship": "Outer",
                            "Parallel Aware": false,
                            "Scan Direction": "Forward",
                            "Index Name": "person_id_cast_info",
                            "Relation Name": "cast_info",
                            "Alias": "ci",
                            "Startup Cost": 0.56,
                            "Total Cost": 1059.67,
                            "Plan Rows": 107,
                            "Plan Width": 4,
                            "Actual Startup Time": 0.342,
                            "Actual Total Time": 0.389,
                            "Actual Rows": 24,
                            "Actual Loops": 2,
                            "Index Cond": "(person_id = 2817744)",
                            "Rows Removed by Index Recheck": 0,
                            "Filter": "(role_id > 6)",
                            "Rows Removed by Filter": 43
                          },
                          {
                            "Node Type": "Index Only Scan",
                            "Parent Relationship": "Inner",
                            "Parallel Aware": false,
                            "Scan Direction": "Forward",
                            "Index Name": "title_pkey",
                            "Relation Name": "title",
                            "Alias": "t",
                            "Startup Cost": 0.43,
                            "Total Cost": 8.45,
                            "Plan Rows": 1,
                            "Plan Width": 4,
                            "Actual Startup Time": 0.029,
                            "Actual Total Time": 0.029,
                            "Actual Rows": 1,
                            "Actual Loops": 48,
                            "Index Cond": "(id = ci.movie_id)",
                            "Rows Removed by Index Recheck": 0,
                            "Heap Fetches": 48
                          }
                        ]
                      }
                    ]
                  }
                ]
              }
            ]
          }
        ]
      }
    ]
  },
  "Planning Time": 1.047,
  "Triggers": [],
  "Execution Time": 119.985
}