{
  "Plan": {
    "Node Type": "Aggregate",
    "Strategy": "Plain",
    "Partial Mode": "Finalize",
    "Parallel Aware": false,
    "Startup Cost": 135177.95,
    "Total Cost": 135177.96,
    "Plan Rows": 1,
    "Plan Width": 8,
    "Actual Startup Time": 654.87,
    "Actual Total Time": 693.91,
    "Actual Rows": 1,
    "Actual Loops": 1,
    "Plans": [
      {
        "Node Type": "Gather",
        "Parent Relationship": "Outer",
        "Parallel Aware": false,
        "Startup Cost": 135177.84,
        "Total Cost": 135177.95,
        "Plan Rows": 1,
        "Plan Width": 8,
        "Actual Startup Time": 654.537,
        "Actual Total Time": 693.901,
        "Actual Rows": 2,
        "Actual Loops": 1,
        "Workers Planned": 1,
        "Workers Launched": 1,
        "Single Copy": false,
        "Plans": [
          {
            "Node Type": "Aggregate",
            "Strategy": "Plain",
            "Partial Mode": "Partial",
            "Parent Relationship": "Outer",
            "Parallel Aware": false,
            "Startup Cost": 134177.84,
            "Total Cost": 134177.85,
            "Plan Rows": 1,
            "Plan Width": 8,
            "Actual Startup Time": 648.236,
            "Actual Total Time": 648.241,
            "Actual Rows": 1,
            "Actual Loops": 2,
            "Plans": [
              {
                "Node Type": "Nested Loop",
                "Parent Relationship": "Outer",
                "Parallel Aware": false,
                "Join Type": "Inner",
                "Startup Cost": 58665.33,
                "Total Cost": 133958.21,
                "Plan Rows": 87851,
                "Plan Width": 0,
                "Actual Startup Time": 215.363,
                "Actual Total Time": 632.121,
                "Actual Rows": 361150,
                "Actual Loops": 2,
                "Inner Unique": false,
                "Join Filter": "(t.id = mi.movie_id)",
                "Rows Removed by Join Filter": 0,
                "Plans": [
                  {
                    "Node Type": "Hash Join",
                    "Parent Relationship": "Outer",
                    "Parallel Aware": true,
                    "Join Type": "Inner",
                    "Startup Cost": 58664.89,
                    "Total Cost": 98685.22,
                    "Plan Rows": 15024,
                    "Plan Width": 8,
                    "Actual Startup Time": 215.285,
                    "Actual Total Time": 346.62,
                    "Actual Rows": 17699,
                    "Actual Loops": 2,
                    "Inner Unique": true,
                    "Hash Cond": "(mc.movie_id = t.id)",
                    "Plans": [
                      {
                        "Node Type": "Seq Scan",
                        "Parent Relationship": "Outer",
                        "Parallel Aware": true,
                        "Relation Name": "movie_companies",
                        "Alias": "mc",
                        "Startup Cost": 0.0,
                        "Total Cost": 37974.77,
                        "Plan Rows": 779260,
                        "Plan Width": 4,
                        "Actual Startup Time": 51.424,
                        "Actual Total Time": 119.355,
                        "Actual Rows": 667442,
                        "Actual Loops": 2,
                        "Filter": "(company_type_id > 1)",
                        "Rows Removed by Filter": 637123
                      },
                      {
                        "Node Type": "Hash",
                        "Parent Relationship": "Inner",
                        "Parallel Aware": true,
                        "Startup Cost": 58306.47,
                        "Total Cost": 58306.47,
                        "Plan Rows": 28674,
                        "Plan Width": 4,
                        "Actual Startup Time": 162.436,
                        "Actual Total Time": 162.437,
                        "Actual Rows": 17744,
                        "Actual Loops": 2,
                        "Hash Buckets": 65536,
                        "Original Hash Buckets": 65536,
                        "Hash Batches": 1,
                        "Original Hash Batches": 1,
                        "Peak Memory Usage": 1952,
                        "Plans": [
                          {
                            "Node Type": "Seq Scan",
                            "Parent Relationship": "Outer",
                            "Parallel Aware": true,
                            "Relation Name": "title",
                            "Alias": "t",
                            "Startup Cost": 0.0,
                            "Total Cost": 58306.47,
                            "Plan Rows": 28674,
                            "Plan Width": 4,
                            "Actual Startup Time": 0.206,
                            "Actual Total Time": 155.947,
                            "Actual Rows": 17744,
                            "Actual Loops": 2,
                            "Filter": "((kind_id < 7) AND (production_year = 2007))",
                            "Rows Removed by Filter": 1246412
                          }
                        ]
                      }
                    ]
                  },
                  {
                    "Node Type": "Index Only Scan",
                    "Parent Relationship": "Inner",
                    "Parallel Aware": false,
                    "Scan Direction": "Forward",
                    "Index Name": "movie_id_movie_info",
                    "Relation Name": "movie_info",
                    "Alias": "mi",
                    "Startup Cost": 0.43,
                    "Total Cost": 1.82,
                    "Plan Rows": 42,
                    "Plan Width": 4,
                    "Actual Startup Time": 0.005,
                    "Actual Total Time": 0.014,
                    "Actual Rows": 20,
                    "Actual Loops": 35398,
                    "Index Cond": "(movie_id = mc.movie_id)",
                    "Rows Removed by Index Recheck": 0,
                    "Heap Fetches": 722301
                  }
                ]
              }
            ]
          }
        ]
      }
    ]
  },
  "Planning Time": 0.982,
  "Triggers": [],
  "Execution Time": 694.009
}