[
  {
    "Plan": {
      "Node Type": "Aggregate",
      "Strategy": "Plain",
      "Partial Mode": "Finalize",
      "Parallel Aware": false,
      "Startup Cost": 30603.53,
      "Total Cost": 30603.54,
      "Plan Rows": 1,
      "Plan Width": 8,
      "Actual Startup Time": 43.75,
      "Actual Total Time": 52.479,
      "Actual Rows": 1,
      "Actual Loops": 1,
      "Plans": [
        {
          "Node Type": "Gather",
          "Parent Relationship": "Outer",
          "Parallel Aware": false,
          "Startup Cost": 30603.32,
          "Total Cost": 30603.53,
          "Plan Rows": 2,
          "Plan Width": 8,
          "Actual Startup Time": 43.611,
          "Actual Total Time": 52.474,
          "Actual Rows": 3,
          "Actual Loops": 1,
          "Workers Planned": 2,
          "Workers Launched": 2,
          "Single Copy": false,
          "Plans": [
            {
              "Node Type": "Aggregate",
              "Strategy": "Plain",
              "Partial Mode": "Partial",
              "Parent Relationship": "Outer",
              "Parallel Aware": false,
              "Startup Cost": 29603.32,
              "Total Cost": 29603.33,
              "Plan Rows": 1,
              "Plan Width": 8,
              "Actual Startup Time": 39.678,
              "Actual Total Time": 39.679,
              "Actual Rows": 1,
              "Actual Loops": 3,
              "Plans": [
                {
                  "Node Type": "Nested Loop",
                  "Parent Relationship": "Outer",
                  "Parallel Aware": false,
                  "Join Type": "Inner",
                  "Startup Cost": 125.1,
                  "Total Cost": 29602.48,
                  "Plan Rows": 336,
                  "Plan Width": 0,
                  "Actual Startup Time": 4.755,
                  "Actual Total Time": 39.28,
                  "Actual Rows": 3598,
                  "Actual Loops": 3,
                  "Inner Unique": false,
                  "Plans": [
                    {
                      "Node Type": "Nested Loop",
                      "Parent Relationship": "Outer",
                      "Parallel Aware": false,
                      "Join Type": "Inner",
                      "Startup Cost": 124.67,
                      "Total Cost": 29236.01,
                      "Plan Rows": 615,
                      "Plan Width": 8,
                      "Actual Startup Time": 4.665,
                      "Actual Total Time": 26.051,
                      "Actual Rows": 1606,
                      "Actual Loops": 3,
                      "Inner Unique": true,
                      "Plans": [
                        {
                          "Node Type": "Bitmap Heap Scan",
                          "Parent Relationship": "Outer",
                          "Parallel Aware": true,
                          "Relation Name": "movie_companies",
                          "Alias": "mc",
                          "Startup Cost": 124.24,
                          "Total Cost": 12270.74,
                          "Plan Rows": 2355,
                          "Plan Width": 4,
                          "Actual Startup Time": 4.035,
                          "Actual Total Time": 11.103,
                          "Actual Rows": 1693,
                          "Actual Loops": 3,
                          "Recheck Cond": "(company_id = 475)",
                          "Rows Removed by Index Recheck": 0,
                          "Exact Heap Blocks": 2080,
                          "Lossy Heap Blocks": 0,
                          "Plans": [
                            {
                              "Node Type": "Bitmap Index Scan",
                              "Parent Relationship": "Outer",
                              "Parallel Aware": false,
                              "Index Name": "company_id_movie_companies",
                              "Startup Cost": 0.0,
                              "Total Cost": 122.83,
                              "Plan Rows": 5653,
                              "Plan Width": 0,
                              "Actual Startup Time": 5.256,
                              "Actual Total Time": 5.257,
                              "Actual Rows": 5080,
                              "Actual Loops": 1,
                              "Index Cond": "(company_id = 475)"
                            }
                          ]
                        },
                        {
                          "Node Type": "Index Scan",
                          "Parent Relationship": "Inner",
                          "Parallel Aware": false,
                          "Scan Direction": "Forward",
                          "Index Name": "title_pkey",
                          "Relation Name": "title",
                          "Alias": "t",
                          "Startup Cost": 0.43,
                          "Total Cost": 7.2,
                          "Plan Rows": 1,
                          "Plan Width": 4,
                          "Actual Startup Time": 0.008,
                          "Actual Total Time": 0.008,
                          "Actual Rows": 1,
                          "Actual Loops": 5080,
                          "Index Cond": "(id = mc.movie_id)",
                          "Rows Removed by Index Recheck": 0,
                          "Filter": "(kind_id = 1)",
                          "Rows Removed by Filter": 0
                        }
                      ]
                    },
                    {
                      "Node Type": "Index Only Scan",
                      "Parent Relationship": "Inner",
                      "Parallel Aware": false,
                      "Scan Direction": "Forward",
                      "Index Name": "movie_id_movie_info_idx",
                      "Relation Name": "movie_info_idx",
                      "Alias": "mi_idx",
                      "Startup Cost": 0.43,
                      "Total Cost": 0.57,
                      "Plan Rows": 3,
                      "Plan Width": 4,
                      "Actual Startup Time": 0.007,
                      "Actual Total Time": 0.008,
                      "Actual Rows": 2,
                      "Actual Loops": 4819,
                      "Index Cond": "(movie_id = t.id)",
                      "Rows Removed by Index Recheck": 0,
                      "Heap Fetches": 10794
                    }
                  ]
                }
              ]
            }
          ]
        }
      ]
    },
    "Planning Time": 1.115,
    "Triggers": [],
    "Execution Time": 52.556
  }
]