[
  {
    "Plan": {
      "Node Type": "Aggregate",
      "Strategy": "Plain",
      "Partial Mode": "Finalize",
      "Parallel Aware": false,
      "Startup Cost": 346851.31,
      "Total Cost": 346851.32,
      "Plan Rows": 1,
      "Plan Width": 8,
      "Actual Startup Time": 496.236,
      "Actual Total Time": 530.692,
      "Actual Rows": 1,
      "Actual Loops": 1,
      "Plans": [
        {
          "Node Type": "Gather",
          "Parent Relationship": "Outer",
          "Parallel Aware": false,
          "Startup Cost": 346850.68,
          "Total Cost": 346851.29,
          "Plan Rows": 6,
          "Plan Width": 8,
          "Actual Startup Time": 496.057,
          "Actual Total Time": 530.679,
          "Actual Rows": 7,
          "Actual Loops": 1,
          "Workers Planned": 6,
          "Workers Launched": 6,
          "Single Copy": false,
          "Plans": [
            {
              "Node Type": "Aggregate",
              "Strategy": "Plain",
              "Partial Mode": "Partial",
              "Parent Relationship": "Outer",
              "Parallel Aware": false,
              "Startup Cost": 345850.68,
              "Total Cost": 345850.69,
              "Plan Rows": 1,
              "Plan Width": 8,
              "Actual Startup Time": 487.683,
              "Actual Total Time": 487.685,
              "Actual Rows": 1,
              "Actual Loops": 7,
              "Plans": [
                {
                  "Node Type": "Index Scan",
                  "Parent Relationship": "Outer",
                  "Parallel Aware": true,
                  "Scan Direction": "Forward",
                  "Index Name": "role_id_cast_info",
                  "Relation Name": "cast_info",
                  "Alias": "ci",
                  "Startup Cost": 0.56,
                  "Total Cost": 341155.22,
                  "Plan Rows": 1878185,
                  "Plan Width": 0,
                  "Actual Startup Time": 107.222,
                  "Actual Total Time": 417.857,
                  "Actual Rows": 1372884,
                  "Actual Loops": 7,
                  "Index Cond": "(role_id = 1)",
                  "Rows Removed by Index Recheck": 0,
                  "Filter": "(person_id > 409242)",
                  "Rows Removed by Filter": 437214
                }
              ]
            }
          ]
        }
      ]
    },
    "Planning Time": 0.101,
    "Triggers": [],
    "Execution Time": 530.737
  }
]