{
  "Plan": {
    "Node Type": "Aggregate",
    "Strategy": "Plain",
    "Partial Mode": "Finalize",
    "Parallel Aware": false,
    "Startup Cost": 69334.01,
    "Total Cost": 69334.02,
    "Plan Rows": 1,
    "Plan Width": 8,
    "Actual Startup Time": 176.602,
    "Actual Total Time": 188.321,
    "Actual Rows": 1,
    "Actual Loops": 1,
    "Plans": [
      {
        "Node Type": "Gather",
        "Parent Relationship": "Outer",
        "Parallel Aware": false,
        "Startup Cost": 69333.9,
        "Total Cost": 69334.01,
        "Plan Rows": 1,
        "Plan Width": 8,
        "Actual Startup Time": 176.276,
        "Actual Total Time": 188.312,
        "Actual Rows": 2,
        "Actual Loops": 1,
        "Workers Planned": 1,
        "Workers Launched": 1,
        "Single Copy": false,
        "Plans": [
          {
            "Node Type": "Aggregate",
            "Strategy": "Plain",
            "Partial Mode": "Partial",
            "Parent Relationship": "Outer",
            "Parallel Aware": false,
            "Startup Cost": 68333.9,
            "Total Cost": 68333.91,
            "Plan Rows": 1,
            "Plan Width": 8,
            "Actual Startup Time": 170.643,
            "Actual Total Time": 170.647,
            "Actual Rows": 1,
            "Actual Loops": 2,
            "Plans": [
              {
                "Node Type": "Hash Join",
                "Parent Relationship": "Outer",
                "Parallel Aware": true,
                "Join Type": "Inner",
                "Startup Cost": 58505.92,
                "Total Cost": 68331.5,
                "Plan Rows": 959,
                "Plan Width": 0,
                "Actual Startup Time": 145.724,
                "Actual Total Time": 170.614,
                "Actual Rows": 492,
                "Actual Loops": 2,
                "Inner Unique": true,
                "Hash Cond": "(ci.movie_id = t.id)",
                "Plans": [
                  {
                    "Node Type": "Index Scan",
                    "Parent Relationship": "Outer",
                    "Parallel Aware": true,
                    "Scan Direction": "Forward",
                    "Index Name": "role_id_cast_info",
                    "Relation Name": "cast_info",
                    "Alias": "ci",
                    "Startup Cost": 0.56,
                    "Total Cost": 9590.86,
                    "Plan Rows": 89634,
                    "Plan Width": 4,
                    "Actual Startup Time": 0.057,
                    "Actual Total Time": 19.933,
                    "Actual Rows": 36414,
                    "Actual Loops": 2,
                    "Index Cond": "(role_id = 11)",
                    "Rows Removed by Index Recheck": 0,
                    "Filter": "(person_id < 1843906)",
                    "Rows Removed by Filter": 121644
                  },
                  {
                    "Node Type": "Hash",
                    "Parent Relationship": "Inner",
                    "Parallel Aware": true,
                    "Startup Cost": 58306.47,
                    "Total Cost": 58306.47,
                    "Plan Rows": 15911,
                    "Plan Width": 4,
                    "Actual Startup Time": 144.113,
                    "Actual Total Time": 144.113,
                    "Actual Rows": 16067,
                    "Actual Loops": 2,
                    "Hash Buckets": 32768,
                    "Original Hash Buckets": 32768,
                    "Hash Batches": 1,
                    "Original Hash Batches": 1,
                    "Peak Memory Usage": 1568,
                    "Plans": [
                      {
                        "Node Type": "Seq Scan",
                        "Parent Relationship": "Outer",
                        "Parallel Aware": true,
                        "Relation Name": "title",
                        "Alias": "t",
                        "Startup Cost": 0.0,
                        "Total Cost": 58306.47,
                        "Plan Rows": 15911,
                        "Plan Width": 4,
                        "Actual Startup Time": 0.068,
                        "Actual Total Time": 139.186,
                        "Actual Rows": 16067,
                        "Actual Loops": 2,
                        "Filter": "((kind_id = 7) AND (production_year = 1998))",
                        "Rows Removed by Filter": 1248089
                      }
                    ]
                  }
                ]
              }
            ]
          }
        ]
      }
    ]
  },
  "Planning Time": 0.552,
  "Triggers": [],
  "Execution Time": 188.403
}