[
  {
    "Plan": {
      "Node Type": "Aggregate",
      "Strategy": "Plain",
      "Partial Mode": "Simple",
      "Parallel Aware": false,
      "Startup Cost": 36365.7,
      "Total Cost": 36365.71,
      "Plan Rows": 1,
      "Plan Width": 64,
      "Actual Startup Time": 1210.215,
      "Actual Total Time": 1314.849,
      "Actual Rows": 1,
      "Actual Loops": 1,
      "Plans": [
        {
          "Node Type": "Nested Loop",
          "Parent Relationship": "Outer",
          "Parallel Aware": false,
          "Join Type": "Inner",
          "Startup Cost": 12630.33,
          "Total Cost": 36365.69,
          "Plan Rows": 1,
          "Plan Width": 32,
          "Actual Startup Time": 1090.027,
          "Actual Total Time": 1314.814,
          "Actual Rows": 45,
          "Actual Loops": 1,
          "Inner Unique": true,
          "Plans": [
            {
              "Node Type": "Gather",
              "Parent Relationship": "Outer",
              "Parallel Aware": false,
              "Startup Cost": 12630.18,
              "Total Cost": 36364.71,
              "Plan Rows": 1,
              "Plan Width": 36,
              "Actual Startup Time": 1089.998,
              "Actual Total Time": 1314.702,
              "Actual Rows": 45,
              "Actual Loops": 1,
              "Workers Planned": 3,
              "Workers Launched": 3,
              "Single Copy": false,
              "Plans": [
                {
                  "Node Type": "Nested Loop",
                  "Parent Relationship": "Outer",
                  "Parallel Aware": false,
                  "Join Type": "Inner",
                  "Startup Cost": 11630.18,
                  "Total Cost": 35364.61,
                  "Plan Rows": 1,
                  "Plan Width": 36,
                  "Actual Startup Time": 1077.164,
                  "Actual Total Time": 1199.257,
                  "Actual Rows": 11,
                  "Actual Loops": 4,
                  "Inner Unique": false,
                  "Join Filter": "(n.id = pi.person_id)",
                  "Rows Removed by Join Filter": 0,
                  "Plans": [
                    {
                      "Node Type": "Nested Loop",
                      "Parent Relationship": "Outer",
                      "Parallel Aware": false,
                      "Join Type": "Inner",
                      "Startup Cost": 11629.75,
                      "Total Cost": 33252.42,
                      "Plan Rows": 2224,
                      "Plan Width": 44,
                      "Actual Startup Time": 951.623,
                      "Actual Total Time": 1090.704,
                      "Actual Rows": 11273,
                      "Actual Loops": 4,
                      "Inner Unique": true,
                      "Join Filter": "(an.person_id = n.id)",
                      "Rows Removed by Join Filter": 0,
                      "Plans": [
                        {
                          "Node Type": "Hash Join",
                          "Parent Relationship": "Outer",
                          "Parallel Aware": false,
                          "Join Type": "Inner",
                          "Startup Cost": 11629.32,
                          "Total Cost": 28777.05,
                          "Plan Rows": 9318,
                          "Plan Width": 25,
                          "Actual Startup Time": 918.915,
                          "Actual Total Time": 987.351,
                          "Actual Rows": 30607,
                          "Actual Loops": 4,
                          "Inner Unique": false,
                          "Hash Cond": "(an.person_id = ci.person_id)",
                          "Plans": [
                            {
                              "Node Type": "Seq Scan",
                              "Parent Relationship": "Outer",
                              "Parallel Aware": true,
                              "Relation Name": "aka_name",
                              "Alias": "an",
                              "Startup Cost": 0.0,
                              "Total Cost": 15030.45,
                              "Plan Rows": 67470,
                              "Plan Width": 4,
                              "Actual Startup Time": 0.044,
                              "Actual Total Time": 40.848,
                              "Actual Rows": 59788,
                              "Actual Loops": 4,
                              "Filter": "(name ~~ '%d%'::text)",
                              "Rows Removed by Filter": 165548
                            },
                            {
                              "Node Type": "Hash",
                              "Parent Relationship": "Inner",
                              "Parallel Aware": false,
                              "Startup Cost": 10980.82,
                              "Total Cost": 10980.82,
                              "Plan Rows": 51880,
                              "Plan Width": 21,
                              "Actual Startup Time": 917.706,
                              "Actual Total Time": 917.712,
                              "Actual Rows": 394026,
                              "Actual Loops": 4,
                              "Hash Buckets": 524288,
                              "Original Hash Buckets": 65536,
                              "Hash Batches": 1,
                              "Original Hash Batches": 1,
                              "Peak Memory Usage": 24898,
                              "Plans": [
                                {
                                  "Node Type": "Nested Loop",
                                  "Parent Relationship": "Outer",
                                  "Parallel Aware": false,
                                  "Join Type": "Inner",
                                  "Startup Cost": 39.81,
                                  "Total Cost": 10980.82,
                                  "Plan Rows": 51880,
                                  "Plan Width": 21,
                                  "Actual Startup Time": 1.483,
                                  "Actual Total Time": 775.979,
                                  "Actual Rows": 394026,
                                  "Actual Loops": 4,
                                  "Inner Unique": false,
                                  "Plans": [
                                    {
                                      "Node Type": "Nested Loop",
                                      "Parent Relationship": "Outer",
                                      "Parallel Aware": false,
                                      "Join Type": "Inner",
                                      "Startup Cost": 39.25,
                                      "Total Cost": 7703.31,
                                      "Plan Rows": 1485,
                                      "Plan Width": 25,
                                      "Actual Startup Time": 1.28,
                                      "Actual Total Time": 53.358,
                                      "Actual Rows": 4814,
                                      "Actual Loops": 4,
                                      "Inner Unique": true,
                                      "Plans": [
                                        {
                                          "Node Type": "Nested Loop",
                                          "Parent Relationship": "Outer",
                                          "Parallel Aware": false,
                                          "Join Type": "Inner",
                                          "Startup Cost": 38.82,
                                          "Total Cost": 245.23,
                                          "Plan Rows": 1666,
                                          "Plan Width": 4,
                                          "Actual Startup Time": 1.042,
                                          "Actual Total Time": 3.586,
                                          "Actual Rows": 5186,
                                          "Actual Loops": 4,
                                          "Inner Unique": false,
                                          "Plans": [
                                            {
                                              "Node Type": "Seq Scan",
                                              "Parent Relationship": "Outer",
                                              "Parallel Aware": false,
                                              "Relation Name": "link_type",
                                              "Alias": "lt",
                                              "Startup Cost": 0.0,
                                              "Total Cost": 1.23,
                                              "Plan Rows": 1,
                                              "Plan Width": 4,
                                              "Actual Startup Time": 0.055,
                                              "Actual Total Time": 0.06,
                                              "Actual Rows": 1,
                                              "Actual Loops": 4,
                                              "Filter": "((link)::text = 'features'::text)",
                                              "Rows Removed by Filter": 17
                                            },
                                            {
                                              "Node Type": "Bitmap Heap Scan",
                                              "Parent Relationship": "Inner",
                                              "Parallel Aware": false,
                                              "Relation Name": "movie_link",
                                              "Alias": "ml",
                                              "Startup Cost": 38.82,
                                              "Total Cost": 225.26,
                                              "Plan Rows": 1875,
                                              "Plan Width": 8,
                                              "Actual Startup Time": 0.976,
                                              "Actual Total Time": 2.618,
                                              "Actual Rows": 5186,
                                              "Actual Loops": 4,
                                              "Recheck Cond": "(link_type_id = lt.id)",
                                              "Rows Removed by Index Recheck": 0,
                                              "Exact Heap Blocks": 132,
                                              "Lossy Heap Blocks": 0,
                                              "Plans": [
                                                {
                                                  "Node Type": "Bitmap Index Scan",
                                                  "Parent Relationship": "Outer",
                                                  "Parallel Aware": false,
                                                  "Index Name": "link_type_id_movie_link",
                                                  "Startup Cost": 0.0,
                                                  "Total Cost": 38.35,
                                                  "Plan Rows": 1875,
                                                  "Plan Width": 0,
                                                  "Actual Startup Time": 0.91,
                                                  "Actual Total Time": 0.91,
                                                  "Actual Rows": 5186,
                                                  "Actual Loops": 4,
                                                  "Index Cond": "(link_type_id = lt.id)"
                                                }
                                              ]
                                            }
                                          ]
                                        },
                                        {
                                          "Node Type": "Index Scan",
                                          "Parent Relationship": "Inner",
                                          "Parallel Aware": false,
                                          "Scan Direction": "Forward",
                                          "Index Name": "title_pkey",
                                          "Relation Name": "title",
                                          "Alias": "t",
                                          "Startup Cost": 0.43,
                                          "Total Cost": 4.48,
                                          "Plan Rows": 1,
                                          "Plan Width": 21,
                                          "Actual Startup Time": 0.009,
                                          "Actual Total Time": 0.009,
                                          "Actual Rows": 1,
                                          "Actual Loops": 20744,
                                          "Index Cond": "(id = ml.linked_movie_id)",
                                          "Rows Removed by Index Recheck": 0,
                                          "Filter": "((production_year >= 1940) AND (production_year <= 2012))",
                                          "Rows Removed by Filter": 0
                                        }
                                      ]
                                    },
                                    {
                                      "Node Type": "Index Scan",
                                      "Parent Relationship": "Inner",
                                      "Parallel Aware": false,
                                      "Scan Direction": "Forward",
                                      "Index Name": "movie_id_cast_info",
                                      "Relation Name": "cast_info",
                                      "Alias": "ci",
                                      "Startup Cost": 0.56,
                                      "Total Cost": 1.86,
                                      "Plan Rows": 35,
                                      "Plan Width": 8,
                                      "Actual Startup Time": 0.013,
                                      "Actual Total Time": 0.137,
                                      "Actual Rows": 82,
                                      "Actual Loops": 19256,
                                      "Index Cond": "(movie_id = t.id)",
                                      "Rows Removed by Index Recheck": 0
                                    }
                                  ]
                                }
                              ]
                            }
                          ]
                        },
                        {
                          "Node Type": "Index Scan",
                          "Parent Relationship": "Inner",
                          "Parallel Aware": false,
                          "Scan Direction": "Forward",
                          "Index Name": "name_pkey",
                          "Relation Name": "name",
                          "Alias": "n",
                          "Startup Cost": 0.43,
                          "Total Cost": 0.47,
                          "Plan Rows": 1,
                          "Plan Width": 19,
                          "Actual Startup Time": 0.003,
                          "Actual Total Time": 0.003,
                          "Actual Rows": 0,
                          "Actual Loops": 122429,
                          "Index Cond": "(id = ci.person_id)",
                          "Rows Removed by Index Recheck": 0,
                          "Filter": "(((name_pcode_cf)::text >= 'H'::text) AND ((name_pcode_cf)::text <= 'U'::text) AND (((gender)::text = 'm'::text) OR (((gender)::text = 'f'::text) AND (name ~~ 'B%'::text))))",
                          "Rows Removed by Filter": 1
                        }
                      ]
                    },
                    {
                      "Node Type": "Index Scan",
                      "Parent Relationship": "Inner",
                      "Parallel Aware": false,
                      "Scan Direction": "Forward",
                      "Index Name": "person_id_person_info",
                      "Relation Name": "person_info",
                      "Alias": "pi",
                      "Startup Cost": 0.43,
                      "Total Cost": 0.94,
                      "Plan Rows": 1,
                      "Plan Width": 8,
                      "Actual Startup Time": 0.009,
                      "Actual Total Time": 0.009,
                      "Actual Rows": 0,
                      "Actual Loops": 45093,
                      "Index Cond": "(person_id = ci.person_id)",
                      "Rows Removed by Index Recheck": 0,
                      "Filter": "(note = 'Volker Boehm'::text)",
                      "Rows Removed by Filter": 41
                    }
                  ]
                }
              ]
            },
            {
              "Node Type": "Index Scan",
              "Parent Relationship": "Inner",
              "Parallel Aware": false,
              "Scan Direction": "Forward",
              "Index Name": "info_type_pkey",
              "Relation Name": "info_type",
              "Alias": "it",
              "Startup Cost": 0.14,
              "Total Cost": 0.56,
              "Plan Rows": 1,
              "Plan Width": 4,
              "Actual Startup Time": 0.002,
              "Actual Total Time": 0.002,
              "Actual Rows": 1,
              "Actual Loops": 45,
              "Index Cond": "(id = pi.info_type_id)",
              "Rows Removed by Index Recheck": 0,
              "Filter": "((info)::text = 'mini biography'::text)",
              "Rows Removed by Filter": 0
            }
          ]
        }
      ]
    },
    "Planning Time": 10.659,
    "Triggers": [],
    "Execution Time": 1316.24
  }
]