[
  {
    "Plan": {
      "Node Type": "Aggregate",
      "Strategy": "Plain",
      "Partial Mode": "Finalize",
      "Parallel Aware": false,
      "Startup Cost": 334568.41,
      "Total Cost": 334568.42,
      "Plan Rows": 1,
      "Plan Width": 8,
      "Actual Startup Time": 803.327,
      "Actual Total Time": 850.55,
      "Actual Rows": 1,
      "Actual Loops": 1,
      "Plans": [
        {
          "Node Type": "Gather",
          "Parent Relationship": "Outer",
          "Parallel Aware": false,
          "Startup Cost": 334567.78,
          "Total Cost": 334568.39,
          "Plan Rows": 6,
          "Plan Width": 8,
          "Actual Startup Time": 803.119,
          "Actual Total Time": 850.524,
          "Actual Rows": 7,
          "Actual Loops": 1,
          "Workers Planned": 6,
          "Workers Launched": 6,
          "Single Copy": false,
          "Plans": [
            {
              "Node Type": "Aggregate",
              "Strategy": "Plain",
              "Partial Mode": "Partial",
              "Parent Relationship": "Outer",
              "Parallel Aware": false,
              "Startup Cost": 333567.78,
              "Total Cost": 333567.79,
              "Plan Rows": 1,
              "Plan Width": 8,
              "Actual Startup Time": 796.149,
              "Actual Total Time": 796.15,
              "Actual Rows": 1,
              "Actual Loops": 7,
              "Plans": [
                {
                  "Node Type": "Seq Scan",
                  "Parent Relationship": "Outer",
                  "Parallel Aware": true,
                  "Relation Name": "cast_info",
                  "Alias": "ci",
                  "Startup Cost": 0.0,
                  "Total Cost": 328211.39,
                  "Plan Rows": 2142557,
                  "Plan Width": 0,
                  "Actual Startup Time": 0.048,
                  "Actual Total Time": 684.461,
                  "Actual Rows": 1849290,
                  "Actual Loops": 7,
                  "Filter": "(person_id < 1279048)",
                  "Rows Removed by Filter": 3328473
                }
              ]
            }
          ]
        }
      ]
    },
    "Planning Time": 0.108,
    "Triggers": [],
    "Execution Time": 850.594
  }
]