[
  {
    "Plan": {
      "Node Type": "Aggregate",
      "Strategy": "Plain",
      "Partial Mode": "Finalize",
      "Parallel Aware": false,
      "Startup Cost": 32970.88,
      "Total Cost": 32970.89,
      "Plan Rows": 1,
      "Plan Width": 8,
      "Actual Startup Time": 95.2,
      "Actual Total Time": 103.447,
      "Actual Rows": 1,
      "Actual Loops": 1,
      "Plans": [
        {
          "Node Type": "Gather",
          "Parent Relationship": "Outer",
          "Parallel Aware": false,
          "Startup Cost": 32970.56,
          "Total Cost": 32970.87,
          "Plan Rows": 3,
          "Plan Width": 8,
          "Actual Startup Time": 95.12,
          "Actual Total Time": 103.437,
          "Actual Rows": 4,
          "Actual Loops": 1,
          "Workers Planned": 3,
          "Workers Launched": 3,
          "Single Copy": false,
          "Plans": [
            {
              "Node Type": "Aggregate",
              "Strategy": "Plain",
              "Partial Mode": "Partial",
              "Parent Relationship": "Outer",
              "Parallel Aware": false,
              "Startup Cost": 31970.56,
              "Total Cost": 31970.57,
              "Plan Rows": 1,
              "Plan Width": 8,
              "Actual Startup Time": 87.854,
              "Actual Total Time": 87.854,
              "Actual Rows": 1,
              "Actual Loops": 4,
              "Plans": [
                {
                  "Node Type": "Seq Scan",
                  "Parent Relationship": "Outer",
                  "Parallel Aware": true,
                  "Relation Name": "movie_companies",
                  "Alias": "mc",
                  "Startup Cost": 0.0,
                  "Total Cost": 31414.82,
                  "Plan Rows": 222296,
                  "Plan Width": 0,
                  "Actual Startup Time": 49.569,
                  "Actual Total Time": 82.769,
                  "Actual Rows": 109962,
                  "Actual Loops": 4,
                  "Filter": "((company_id < 11601) AND (company_type_id = 2))",
                  "Rows Removed by Filter": 542320
                }
              ]
            }
          ]
        }
      ]
    },
    "Planning Time": 0.186,
    "Triggers": [],
    "Execution Time": 103.498
  }
]