[
    {
        "Bao": {
            "Bao prediction": "NaN",
            "Bao recommended hint": "(no hint)"
        }
    },
    {
        "Plan": {
            "Node Type": "Aggregate",
            "Strategy": "Plain",
            "Partial Mode": "Finalize",
            "Parallel Aware": false,
            "Startup Cost": 375895.33,
            "Total Cost": 375895.34,
            "Plan Rows": 1,
            "Plan Width": 8,
            "Actual Startup Time": 723.534,
            "Actual Total Time": 743.674,
            "Actual Rows": 1,
            "Actual Loops": 1,
            "Output": [
                "count(*)"
            ],
            "Plans": [
                {
                    "Node Type": "Gather",
                    "Parent Relationship": "Outer",
                    "Parallel Aware": false,
                    "Startup Cost": 375894.71,
                    "Total Cost": 375895.32,
                    "Plan Rows": 6,
                    "Plan Width": 8,
                    "Actual Startup Time": 711.472,
                    "Actual Total Time": 743.664,
                    "Actual Rows": 7,
                    "Actual Loops": 1,
                    "Output": [
                        "(PARTIAL count(*))"
                    ],
                    "Workers Planned": 6,
                    "Workers Launched": 6,
                    "Single Copy": false,
                    "Plans": [
                        {
                            "Node Type": "Aggregate",
                            "Strategy": "Plain",
                            "Partial Mode": "Partial",
                            "Parent Relationship": "Outer",
                            "Parallel Aware": false,
                            "Startup Cost": 374894.71,
                            "Total Cost": 374894.72,
                            "Plan Rows": 1,
                            "Plan Width": 8,
                            "Actual Startup Time": 700.838,
                            "Actual Total Time": 700.841,
                            "Actual Rows": 1,
                            "Actual Loops": 7,
                            "Output": [
                                "PARTIAL count(*)"
                            ],
                            "Workers": [
                                {
                                    "Worker Number": 0,
                                    "Actual Startup Time": 698.536,
                                    "Actual Total Time": 698.538,
                                    "Actual Rows": 1,
                                    "Actual Loops": 1
                                },
                                {
                                    "Worker Number": 1,
                                    "Actual Startup Time": 699.826,
                                    "Actual Total Time": 699.829,
                                    "Actual Rows": 1,
                                    "Actual Loops": 1
                                },
                                {
                                    "Worker Number": 2,
                                    "Actual Startup Time": 699.023,
                                    "Actual Total Time": 699.025,
                                    "Actual Rows": 1,
                                    "Actual Loops": 1
                                },
                                {
                                    "Worker Number": 3,
                                    "Actual Startup Time": 699.157,
                                    "Actual Total Time": 699.16,
                                    "Actual Rows": 1,
                                    "Actual Loops": 1
                                },
                                {
                                    "Worker Number": 4,
                                    "Actual Startup Time": 699.304,
                                    "Actual Total Time": 699.307,
                                    "Actual Rows": 1,
                                    "Actual Loops": 1
                                },
                                {
                                    "Worker Number": 5,
                                    "Actual Startup Time": 699.142,
                                    "Actual Total Time": 699.146,
                                    "Actual Rows": 1,
                                    "Actual Loops": 1
                                }
                            ],
                            "Plans": [
                                {
                                    "Node Type": "Hash Join",
                                    "Parent Relationship": "Outer",
                                    "Parallel Aware": true,
                                    "Join Type": "Inner",
                                    "Startup Cost": 48689.68,
                                    "Total Cost": 373560.27,
                                    "Plan Rows": 533773,
                                    "Plan Width": 0,
                                    "Actual Startup Time": 173.113,
                                    "Actual Total Time": 689.58,
                                    "Actual Rows": 251139,
                                    "Actual Loops": 7,
                                    "Inner Unique": true,
                                    "Hash Cond": "(ci.movie_id = t.id)",
                                    "Workers": [
                                        {
                                            "Worker Number": 0,
                                            "Actual Startup Time": 170.772,
                                            "Actual Total Time": 687.613,
                                            "Actual Rows": 244019,
                                            "Actual Loops": 1
                                        },
                                        {
                                            "Worker Number": 1,
                                            "Actual Startup Time": 171.293,
                                            "Actual Total Time": 688.464,
                                            "Actual Rows": 256013,
                                            "Actual Loops": 1
                                        },
                                        {
                                            "Worker Number": 2,
                                            "Actual Startup Time": 171.329,
                                            "Actual Total Time": 687.806,
                                            "Actual Rows": 252570,
                                            "Actual Loops": 1
                                        },
                                        {
                                            "Worker Number": 3,
                                            "Actual Startup Time": 171.755,
                                            "Actual Total Time": 688.294,
                                            "Actual Rows": 242197,
                                            "Actual Loops": 1
                                        },
                                        {
                                            "Worker Number": 4,
                                            "Actual Startup Time": 171.663,
                                            "Actual Total Time": 688.329,
                                            "Actual Rows": 245428,
                                            "Actual Loops": 1
                                        },
                                        {
                                            "Worker Number": 5,
                                            "Actual Startup Time": 171.702,
                                            "Actual Total Time": 687.072,
                                            "Actual Rows": 247898,
                                            "Actual Loops": 1
                                        }
                                    ],
                                    "Plans": [
                                        {
                                            "Node Type": "Index Scan",
                                            "Parent Relationship": "Outer",
                                            "Parallel Aware": true,
                                            "Scan Direction": "Forward",
                                            "Index Name": "role_id_cast_info",
                                            "Relation Name": "cast_info",
                                            "Schema": "public",
                                            "Alias": "ci",
                                            "Startup Cost": 0.56,
                                            "Total Cost": 322560.04,
                                            "Plan Rows": 880427,
                                            "Plan Width": 4,
                                            "Actual Startup Time": 0.164,
                                            "Actual Total Time": 335.731,
                                            "Actual Rows": 458126,
                                            "Actual Loops": 7,
                                            "Output": [
                                                "ci.id",
                                                "ci.person_id",
                                                "ci.movie_id",
                                                "ci.person_role_id",
                                                "ci.note",
                                                "ci.nr_order",
                                                "ci.role_id"
                                            ],
                                            "Index Cond": "(ci.role_id > 3)",
                                            "Rows Removed by Index Recheck": 0,
                                            "Filter": "(ci.person_id < 1566603)",
                                            "Rows Removed by Filter": 1272395,
                                            "Workers": [
                                                {
                                                    "Worker Number": 0,
                                                    "Actual Startup Time": 0.132,
                                                    "Actual Total Time": 332.865,
                                                    "Actual Rows": 444781,
                                                    "Actual Loops": 1
                                                },
                                                {
                                                    "Worker Number": 1,
                                                    "Actual Startup Time": 0.11,
                                                    "Actual Total Time": 339.51,
                                                    "Actual Rows": 459341,
                                                    "Actual Loops": 1
                                                },
                                                {
                                                    "Worker Number": 2,
                                                    "Actual Startup Time": 0.084,
                                                    "Actual Total Time": 343.041,
                                                    "Actual Rows": 462664,
                                                    "Actual Loops": 1
                                                },
                                                {
                                                    "Worker Number": 3,
                                                    "Actual Startup Time": 0.277,
                                                    "Actual Total Time": 334.911,
                                                    "Actual Rows": 442822,
                                                    "Actual Loops": 1
                                                },
                                                {
                                                    "Worker Number": 4,
                                                    "Actual Startup Time": 0.15,
                                                    "Actual Total Time": 341.58,
                                                    "Actual Rows": 455406,
                                                    "Actual Loops": 1
                                                },
                                                {
                                                    "Worker Number": 5,
                                                    "Actual Startup Time": 0.228,
                                                    "Actual Total Time": 328.183,
                                                    "Actual Rows": 444711,
                                                    "Actual Loops": 1
                                                }
                                            ]
                                        },
                                        {
                                            "Node Type": "Hash",
                                            "Parent Relationship": "Inner",
                                            "Parallel Aware": true,
                                            "Startup Cost": 43899.01,
                                            "Total Cost": 43899.01,
                                            "Plan Rows": 383209,
                                            "Plan Width": 4,
                                            "Actual Startup Time": 169.944,
                                            "Actual Total Time": 169.945,
                                            "Actual Rows": 220466,
                                            "Actual Loops": 7,
                                            "Output": [
                                                "t.id"
                                            ],
                                            "Hash Buckets": 2097152,
                                            "Original Hash Buckets": 2097152,
                                            "Hash Batches": 1,
                                            "Original Hash Batches": 1,
                                            "Peak Memory Usage": 76832,
                                            "Workers": [
                                                {
                                                    "Worker Number": 0,
                                                    "Actual Startup Time": 170.193,
                                                    "Actual Total Time": 170.194,
                                                    "Actual Rows": 198761,
                                                    "Actual Loops": 1
                                                },
                                                {
                                                    "Worker Number": 1,
                                                    "Actual Startup Time": 170.463,
                                                    "Actual Total Time": 170.464,
                                                    "Actual Rows": 214506,
                                                    "Actual Loops": 1
                                                },
                                                {
                                                    "Worker Number": 2,
                                                    "Actual Startup Time": 170.501,
                                                    "Actual Total Time": 170.502,
                                                    "Actual Rows": 216507,
                                                    "Actual Loops": 1
                                                },
                                                {
                                                    "Worker Number": 3,
                                                    "Actual Startup Time": 170.662,
                                                    "Actual Total Time": 170.663,
                                                    "Actual Rows": 198241,
                                                    "Actual Loops": 1
                                                },
                                                {
                                                    "Worker Number": 4,
                                                    "Actual Startup Time": 170.894,
                                                    "Actual Total Time": 170.896,
                                                    "Actual Rows": 206097,
                                                    "Actual Loops": 1
                                                },
                                                {
                                                    "Worker Number": 5,
                                                    "Actual Startup Time": 170.673,
                                                    "Actual Total Time": 170.674,
                                                    "Actual Rows": 193039,
                                                    "Actual Loops": 1
                                                }
                                            ],
                                            "Plans": [
                                                {
                                                    "Node Type": "Seq Scan",
                                                    "Parent Relationship": "Outer",
                                                    "Parallel Aware": true,
                                                    "Relation Name": "title",
                                                    "Schema": "public",
                                                    "Alias": "t",
                                                    "Startup Cost": 0.0,
                                                    "Total Cost": 43899.01,
                                                    "Plan Rows": 383209,
                                                    "Plan Width": 4,
                                                    "Actual Startup Time": 0.043,
                                                    "Actual Total Time": 71.291,
                                                    "Actual Rows": 220466,
                                                    "Actual Loops": 7,
                                                    "Output": [
                                                        "t.id"
                                                    ],
                                                    "Filter": "(t.kind_id = 7)",
                                                    "Rows Removed by Filter": 140721,
                                                    "Workers": [
                                                        {
                                                            "Worker Number": 0,
                                                            "Actual Startup Time": 0.067,
                                                            "Actual Total Time": 71.29,
                                                            "Actual Rows": 198761,
                                                            "Actual Loops": 1
                                                        },
                                                        {
                                                            "Worker Number": 1,
                                                            "Actual Startup Time": 0.041,
                                                            "Actual Total Time": 73.506,
                                                            "Actual Rows": 214506,
                                                            "Actual Loops": 1
                                                        },
                                                        {
                                                            "Worker Number": 2,
                                                            "Actual Startup Time": 0.049,
                                                            "Actual Total Time": 73.804,
                                                            "Actual Rows": 216507,
                                                            "Actual Loops": 1
                                                        },
                                                        {
                                                            "Worker Number": 3,
                                                            "Actual Startup Time": 0.04,
                                                            "Actual Total Time": 72.05,
                                                            "Actual Rows": 198241,
                                                            "Actual Loops": 1
                                                        },
                                                        {
                                                            "Worker Number": 4,
                                                            "Actual Startup Time": 0.042,
                                                            "Actual Total Time": 73.465,
                                                            "Actual Rows": 206097,
                                                            "Actual Loops": 1
                                                        },
                                                        {
                                                            "Worker Number": 5,
                                                            "Actual Startup Time": 0.047,
                                                            "Actual Total Time": 71.411,
                                                            "Actual Rows": 193039,
                                                            "Actual Loops": 1
                                                        }
                                                    ]
                                                }
                                            ]
                                        }
                                    ]
                                }
                            ]
                        }
                    ]
                }
            ]
        },
        "Planning Time": 186.554,
        "Triggers": [],
        "Execution Time": 743.791
    }
]