{
  "Plan": {
    "Node Type": "Aggregate",
    "Strategy": "Plain",
    "Partial Mode": "Finalize",
    "Parallel Aware": false,
    "Startup Cost": 1023941.7,
    "Total Cost": 1023941.71,
    "Plan Rows": 1,
    "Plan Width": 64,
    "Actual Startup Time": 27054.586,
    "Actual Total Time": 28370.116,
    "Actual Rows": 1,
    "Actual Loops": 1,
    "Plans": [
      {
        "Node Type": "Gather",
        "Parent Relationship": "Outer",
        "Parallel Aware": false,
        "Startup Cost": 1023941.59,
        "Total Cost": 1023941.7,
        "Plan Rows": 1,
        "Plan Width": 64,
        "Actual Startup Time": 26897.541,
        "Actual Total Time": 28370.098,
        "Actual Rows": 2,
        "Actual Loops": 1,
        "Workers Planned": 1,
        "Workers Launched": 1,
        "Single Copy": false,
        "Plans": [
          {
            "Node Type": "Aggregate",
            "Strategy": "Plain",
            "Partial Mode": "Partial",
            "Parent Relationship": "Outer",
            "Parallel Aware": false,
            "Startup Cost": 1022941.59,
            "Total Cost": 1022941.6,
            "Plan Rows": 1,
            "Plan Width": 64,
            "Actual Startup Time": 26840.891,
            "Actual Total Time": 26840.926,
            "Actual Rows": 1,
            "Actual Loops": 2,
            "Plans": [
              {
                "Node Type": "Hash Join",
                "Parent Relationship": "Outer",
                "Parallel Aware": false,
                "Join Type": "Inner",
                "Startup Cost": 845385.68,
                "Total Cost": 1022941.55,
                "Plan Rows": 7,
                "Plan Width": 114,
                "Actual Startup Time": 25107.179,
                "Actual Total Time": 26840.613,
                "Actual Rows": 972,
                "Actual Loops": 2,
                "Inner Unique": true,
                "Hash Cond": "(pi.info_type_id = it1.id)",
                "Plans": [
                  {
                    "Node Type": "Nested Loop",
                    "Parent Relationship": "Outer",
                    "Parallel Aware": false,
                    "Join Type": "Inner",
                    "Startup Cost": 845383.25,
                    "Total Cost": 1022936.88,
                    "Plan Rows": 828,
                    "Plan Width": 118,
                    "Actual Startup Time": 25105.727,
                    "Actual Total Time": 26806.086,
                    "Actual Rows": 206440,
                    "Actual Loops": 2,
                    "Inner Unique": false,
                    "Plans": [
                      {
                        "Node Type": "Hash Join",
                        "Parent Relationship": "Outer",
                        "Parallel Aware": true,
                        "Join Type": "Inner",
                        "Startup Cost": 845383.25,
                        "Total Cost": 1020931.05,
                        "Plan Rows": 828,
                        "Plan Width": 122,
                        "Actual Startup Time": 25105.705,
                        "Actual Total Time": 25406.857,
                        "Actual Rows": 206440,
                        "Actual Loops": 2,
                        "Inner Unique": false,
                        "Hash Cond": "(mi.movie_id = t.id)",
                        "Plans": [
                          {
                            "Node Type": "Bitmap Heap Scan",
                            "Parent Relationship": "Outer",
                            "Parallel Aware": true,
                            "Relation Name": "movie_info",
                            "Alias": "mi",
                            "Startup Cost": 27425.83,
                            "Total Cost": 202963.28,
                            "Plan Rows": 1462,
                            "Plan Width": 8,
                            "Actual Startup Time": 45.12,
                            "Actual Total Time": 213.666,
                            "Actual Rows": 10365,
                            "Actual Loops": 2,
                            "Recheck Cond": "(info_type_id = 3)",
                            "Rows Removed by Index Recheck": 0,
                            "Filter": "(info ~~* '%sci%'::text)",
                            "Rows Removed by Filter": 756590,
                            "Exact Heap Blocks": 4877,
                            "Lossy Heap Blocks": 0,
                            "Plans": [
                              {
                                "Node Type": "Bitmap Index Scan",
                                "Parent Relationship": "Outer",
                                "Parallel Aware": false,
                                "Index Name": "info_type_id_movie_info",
                                "Startup Cost": 0.0,
                                "Total Cost": 27425.21,
                                "Plan Rows": 1535037,
                                "Plan Width": 0,
                                "Actual Startup Time": 43.631,
                                "Actual Total Time": 43.632,
                                "Actual Rows": 1533909,
                                "Actual Loops": 1,
                                "Index Cond": "(info_type_id = 3)"
                              }
                            ]
                          },
                          {
                            "Node Type": "Hash",
                            "Parent Relationship": "Inner",
                            "Parallel Aware": true,
                            "Startup Cost": 807434.19,
                            "Total Cost": 807434.19,
                            "Plan Rows": 841858,
                            "Plan Width": 126,
                            "Actual Startup Time": 25046.544,
                            "Actual Total Time": 25046.557,
                            "Actual Rows": 17113752,
                            "Actual Loops": 2,
                            "Hash Buckets": 67108864,
                            "Original Hash Buckets": 2097152,
                            "Hash Batches": 1,
                            "Original Hash Batches": 1,
                            "Peak Memory Usage": 8635680,
                            "Plans": [
                              {
                                "Node Type": "Hash Join",
                                "Parent Relationship": "Outer",
                                "Parallel Aware": true,
                                "Join Type": "Inner",
                                "Startup Cost": 254564.5,
                                "Total Cost": 807434.19,
                                "Plan Rows": 841858,
                                "Plan Width": 126,
                                "Actual Startup Time": 2452.924,
                                "Actual Total Time": 11793.472,
                                "Actual Rows": 17113752,
                                "Actual Loops": 2,
                                "Inner Unique": true,
                                "Hash Cond": "(ci.movie_id = t.id)",
                                "Plans": [
                                  {
                                    "Node Type": "Hash Join",
                                    "Parent Relationship": "Outer",
                                    "Parallel Aware": true,
                                    "Join Type": "Inner",
                                    "Startup Cost": 185103.8,
                                    "Total Cost": 735763.62,
                                    "Plan Rows": 841858,
                                    "Plan Width": 105,
                                    "Actual Startup Time": 1820.914,
                                    "Actual Total Time": 7068.774,
                                    "Actual Rows": 17113752,
                                    "Actual Loops": 2,
                                    "Inner Unique": false,
                                    "Hash Cond": "(ci.person_id = n.id)",
                                    "Plans": [
                                      {
                                        "Node Type": "Seq Scan",
                                        "Parent Relationship": "Outer",
                                        "Parallel Aware": true,
                                        "Relation Name": "cast_info",
                                        "Alias": "ci",
                                        "Startup Cost": 0.0,
                                        "Total Cost": 465792.95,
                                        "Plan Rows": 21310595,
                                        "Plan Width": 8,
                                        "Actual Startup Time": 0.028,
                                        "Actual Total Time": 1534.52,
                                        "Actual Rows": 18122172,
                                        "Actual Loops": 2
                                      },
                                      {
                                        "Node Type": "Hash",
                                        "Parent Relationship": "Inner",
                                        "Parallel Aware": true,
                                        "Startup Cost": 183893.2,
                                        "Total Cost": 183893.2,
                                        "Plan Rows": 96848,
                                        "Plan Width": 109,
                                        "Actual Startup Time": 1820.245,
                                        "Actual Total Time": 1820.252,
                                        "Actual Rows": 119612,
                                        "Actual Loops": 2,
                                        "Hash Buckets": 262144,
                                        "Original Hash Buckets": 262144,
                                        "Hash Batches": 1,
                                        "Original Hash Batches": 1,
                                        "Peak Memory Usage": 53312,
                                        "Plans": [
                                          {
                                            "Node Type": "Hash Join",
                                            "Parent Relationship": "Outer",
                                            "Parallel Aware": true,
                                            "Join Type": "Inner",
                                            "Startup Cost": 110773.48,
                                            "Total Cost": 183893.2,
                                            "Plan Rows": 96848,
                                            "Plan Width": 109,
                                            "Actual Startup Time": 840.146,
                                            "Actual Total Time": 1746.89,
                                            "Actual Rows": 119612,
                                            "Actual Loops": 2,
                                            "Inner Unique": true,
                                            "Hash Cond": "(pi.person_id = n.id)",
                                            "Plans": [
                                              {
                                                "Node Type": "Seq Scan",
                                                "Parent Relationship": "Outer",
                                                "Parallel Aware": true,
                                                "Relation Name": "person_info",
                                                "Alias": "pi",
                                                "Startup Cost": 0.0,
                                                "Total Cost": 72865.49,
                                                "Plan Rows": 96848,
                                                "Plan Width": 105,
                                                "Actual Startup Time": 0.067,
                                                "Actual Total Time": 843.848,
                                                "Actual Rows": 119612,
                                                "Actual Loops": 2,
                                                "Filter": "(info ~~* '%199%'::text)",
                                                "Rows Removed by Filter": 1362220
                                              },
                                              {
                                                "Node Type": "Hash",
                                                "Parent Relationship": "Inner",
                                                "Parallel Aware": true,
                                                "Startup Cost": 80128.77,
                                                "Total Cost": 80128.77,
                                                "Plan Rows": 2451577,
                                                "Plan Width": 4,
                                                "Actual Startup Time": 828.827,
                                                "Actual Total Time": 828.829,
                                                "Actual Rows": 2083746,
                                                "Actual Loops": 2,
                                                "Hash Buckets": 4194304,
                                                "Original Hash Buckets": 4194304,
                                                "Hash Batches": 1,
                                                "Original Hash Batches": 1,
                                                "Peak Memory Usage": 195808,
                                                "Plans": [
                                                  {
                                                    "Node Type": "Seq Scan",
                                                    "Parent Relationship": "Outer",
                                                    "Parallel Aware": true,
                                                    "Relation Name": "name",
                                                    "Alias": "n",
                                                    "Startup Cost": 0.0,
                                                    "Total Cost": 80128.77,
                                                    "Plan Rows": 2451577,
                                                    "Plan Width": 4,
                                                    "Actual Startup Time": 0.03,
                                                    "Actual Total Time": 261.407,
                                                    "Actual Rows": 2083746,
                                                    "Actual Loops": 2
                                                  }
                                                ]
                                              }
                                            ]
                                          }
                                        ]
                                      }
                                    ]
                                  },
                                  {
                                    "Node Type": "Hash",
                                    "Parent Relationship": "Inner",
                                    "Parallel Aware": true,
                                    "Startup Cost": 50870.31,
                                    "Total Cost": 50870.31,
                                    "Plan Rows": 1487231,
                                    "Plan Width": 21,
                                    "Actual Startup Time": 618.596,
                                    "Actual Total Time": 618.596,
                                    "Actual Rows": 1264156,
                                    "Actual Loops": 2,
                                    "Hash Buckets": 4194304,
                                    "Original Hash Buckets": 4194304,
                                    "Hash Batches": 1,
                                    "Original Hash Batches": 1,
                                    "Peak Memory Usage": 174752,
                                    "Plans": [
                                      {
                                        "Node Type": "Seq Scan",
                                        "Parent Relationship": "Outer",
                                        "Parallel Aware": true,
                                        "Relation Name": "title",
                                        "Alias": "t",
                                        "Startup Cost": 0.0,
                                        "Total Cost": 50870.31,
                                        "Plan Rows": 1487231,
                                        "Plan Width": 21,
                                        "Actual Startup Time": 0.045,
                                        "Actual Total Time": 165.654,
                                        "Actual Rows": 1264156,
                                        "Actual Loops": 2
                                      }
                                    ]
                                  }
                                ]
                              }
                            ]
                          }
                        ]
                      },
                      {
                        "Node Type": "Seq Scan",
                        "Parent Relationship": "Inner",
                        "Parallel Aware": false,
                        "Relation Name": "info_type",
                        "Alias": "it2",
                        "Startup Cost": 0.0,
                        "Total Cost": 2.41,
                        "Plan Rows": 1,
                        "Plan Width": 4,
                        "Actual Startup Time": 0.002,
                        "Actual Total Time": 0.006,
                        "Actual Rows": 1,
                        "Actual Loops": 412880,
                        "Filter": "(id = 3)",
                        "Rows Removed by Filter": 112
                      }
                    ]
                  },
                  {
                    "Node Type": "Hash",
                    "Parent Relationship": "Inner",
                    "Parallel Aware": false,
                    "Startup Cost": 2.41,
                    "Total Cost": 2.41,
                    "Plan Rows": 1,
                    "Plan Width": 4,
                    "Actual Startup Time": 0.152,
                    "Actual Total Time": 0.153,
                    "Actual Rows": 1,
                    "Actual Loops": 2,
                    "Hash Buckets": 1024,
                    "Original Hash Buckets": 1024,
                    "Hash Batches": 1,
                    "Original Hash Batches": 1,
                    "Peak Memory Usage": 9,
                    "Plans": [
                      {
                        "Node Type": "Seq Scan",
                        "Parent Relationship": "Outer",
                        "Parallel Aware": false,
                        "Relation Name": "info_type",
                        "Alias": "it1",
                        "Startup Cost": 0.0,
                        "Total Cost": 2.41,
                        "Plan Rows": 1,
                        "Plan Width": 4,
                        "Actual Startup Time": 0.069,
                        "Actual Total Time": 0.139,
                        "Actual Rows": 1,
                        "Actual Loops": 2,
                        "Filter": "((info)::text ~~* 'birth date'::text)",
                        "Rows Removed by Filter": 112
                      }
                    ]
                  }
                ]
              }
            ]
          }
        ]
      }
    ]
  },
  "Planning Time": 2.396,
  "Triggers": [],
  "Execution Time": 28370.285
}