{
  "Plan": {
    "Node Type": "Aggregate",
    "Strategy": "Plain",
    "Partial Mode": "Finalize",
    "Parallel Aware": false,
    "Startup Cost": 177476.85,
    "Total Cost": 177476.86,
    "Plan Rows": 1,
    "Plan Width": 8,
    "Actual Startup Time": 1795.574,
    "Actual Total Time": 1821.584,
    "Actual Rows": 1,
    "Actual Loops": 1,
    "Plans": [
      {
        "Node Type": "Gather",
        "Parent Relationship": "Outer",
        "Parallel Aware": false,
        "Startup Cost": 177476.74,
        "Total Cost": 177476.85,
        "Plan Rows": 1,
        "Plan Width": 8,
        "Actual Startup Time": 1790.308,
        "Actual Total Time": 1821.576,
        "Actual Rows": 2,
        "Actual Loops": 1,
        "Workers Planned": 1,
        "Workers Launched": 1,
        "Single Copy": false,
        "Plans": [
          {
            "Node Type": "Aggregate",
            "Strategy": "Plain",
            "Partial Mode": "Partial",
            "Parent Relationship": "Outer",
            "Parallel Aware": false,
            "Startup Cost": 176476.74,
            "Total Cost": 176476.75,
            "Plan Rows": 1,
            "Plan Width": 8,
            "Actual Startup Time": 1783.804,
            "Actual Total Time": 1783.808,
            "Actual Rows": 1,
            "Actual Loops": 2,
            "Plans": [
              {
                "Node Type": "Hash Join",
                "Parent Relationship": "Outer",
                "Parallel Aware": true,
                "Join Type": "Inner",
                "Startup Cost": 97550.46,
                "Total Cost": 174109.14,
                "Plan Rows": 947040,
                "Plan Width": 0,
                "Actual Startup Time": 696.329,
                "Actual Total Time": 1648.442,
                "Actual Rows": 3481276,
                "Actual Loops": 2,
                "Inner Unique": false,
                "Hash Cond": "(t.id = mi_idx.movie_id)",
                "Plans": [
                  {
                    "Node Type": "Hash Join",
                    "Parent Relationship": "Outer",
                    "Parallel Aware": true,
                    "Join Type": "Inner",
                    "Startup Cost": 72663.69,
                    "Total Cost": 130714.53,
                    "Plan Rows": 2587402,
                    "Plan Width": 8,
                    "Actual Startup Time": 516.017,
                    "Actual Total Time": 1050.432,
                    "Actual Rows": 2249986,
                    "Actual Loops": 2,
                    "Inner Unique": true,
                    "Hash Cond": "(mk.movie_id = t.id)",
                    "Plans": [
                      {
                        "Node Type": "Seq Scan",
                        "Parent Relationship": "Outer",
                        "Parallel Aware": true,
                        "Relation Name": "movie_keyword",
                        "Alias": "mk",
                        "Startup Cost": 0.0,
                        "Total Cost": 51065.35,
                        "Plan Rows": 2661135,
                        "Plan Width": 4,
                        "Actual Startup Time": 0.013,
                        "Actual Total Time": 163.135,
                        "Actual Rows": 2261965,
                        "Actual Loops": 2
                      },
                      {
                        "Node Type": "Hash",
                        "Parent Relationship": "Inner",
                        "Parallel Aware": true,
                        "Startup Cost": 54588.39,
                        "Total Cost": 54588.39,
                        "Plan Rows": 1446024,
                        "Plan Width": 4,
                        "Actual Startup Time": 504.671,
                        "Actual Total Time": 504.671,
                        "Actual Rows": 1228109,
                        "Actual Loops": 2,
                        "Hash Buckets": 4194304,
                        "Original Hash Buckets": 4194304,
                        "Hash Batches": 1,
                        "Original Hash Batches": 1,
                        "Peak Memory Usage": 128896,
                        "Plans": [
                          {
                            "Node Type": "Seq Scan",
                            "Parent Relationship": "Outer",
                            "Parallel Aware": true,
                            "Relation Name": "title",
                            "Alias": "t",
                            "Startup Cost": 0.0,
                            "Total Cost": 54588.39,
                            "Plan Rows": 1446024,
                            "Plan Width": 4,
                            "Actual Startup Time": 0.022,
                            "Actual Total Time": 175.06,
                            "Actual Rows": 1228109,
                            "Actual Loops": 2,
                            "Filter": "(production_year > 0)",
                            "Rows Removed by Filter": 36047
                          }
                        ]
                      }
                    ]
                  },
                  {
                    "Node Type": "Hash",
                    "Parent Relationship": "Inner",
                    "Parallel Aware": true,
                    "Startup Cost": 18082.32,
                    "Total Cost": 18082.32,
                    "Plan Rows": 544356,
                    "Plan Width": 4,
                    "Actual Startup Time": 171.102,
                    "Actual Total Time": 171.102,
                    "Actual Rows": 460055,
                    "Actual Loops": 2,
                    "Hash Buckets": 1048576,
                    "Original Hash Buckets": 1048576,
                    "Hash Batches": 1,
                    "Original Hash Batches": 1,
                    "Peak Memory Usage": 44224,
                    "Plans": [
                      {
                        "Node Type": "Seq Scan",
                        "Parent Relationship": "Outer",
                        "Parallel Aware": true,
                        "Relation Name": "movie_info_idx",
                        "Alias": "mi_idx",
                        "Startup Cost": 0.0,
                        "Total Cost": 18082.32,
                        "Plan Rows": 544356,
                        "Plan Width": 4,
                        "Actual Startup Time": 0.052,
                        "Actual Total Time": 78.77,
                        "Actual Rows": 460055,
                        "Actual Loops": 2,
                        "Filter": "(info_type_id > 99)",
                        "Rows Removed by Filter": 229962
                      }
                    ]
                  }
                ]
              }
            ]
          }
        ]
      }
    ]
  },
  "Planning Time": 0.867,
  "Triggers": [],
  "Execution Time": 1821.661
}