{
  "Plan": {
    "Node Type": "Aggregate",
    "Strategy": "Plain",
    "Partial Mode": "Simple",
    "Parallel Aware": false,
    "Startup Cost": 175556.51,
    "Total Cost": 175556.52,
    "Plan Rows": 1,
    "Plan Width": 64,
    "Actual Startup Time": 8609.433,
    "Actual Total Time": 8722.917,
    "Actual Rows": 1,
    "Actual Loops": 1,
    "Plans": [
      {
        "Node Type": "Gather",
        "Parent Relationship": "Outer",
        "Parallel Aware": false,
        "Startup Cost": 130850.49,
        "Total Cost": 175556.51,
        "Plan Rows": 1,
        "Plan Width": 32,
        "Actual Startup Time": 4250.992,
        "Actual Total Time": 8720.54,
        "Actual Rows": 19653,
        "Actual Loops": 1,
        "Workers Planned": 3,
        "Workers Launched": 3,
        "Single Copy": false,
        "Plans": [
          {
            "Node Type": "Nested Loop",
            "Parent Relationship": "Outer",
            "Parallel Aware": false,
            "Join Type": "Inner",
            "Startup Cost": 129850.49,
            "Total Cost": 174556.41,
            "Plan Rows": 1,
            "Plan Width": 32,
            "Actual Startup Time": 4238.66,
            "Actual Total Time": 8579.359,
            "Actual Rows": 4913,
            "Actual Loops": 4,
            "Inner Unique": true,
            "Plans": [
              {
                "Node Type": "Hash Join",
                "Parent Relationship": "Outer",
                "Parallel Aware": false,
                "Join Type": "Inner",
                "Startup Cost": 129850.06,
                "Total Cost": 174554.58,
                "Plan Rows": 4,
                "Plan Width": 36,
                "Actual Startup Time": 4238.309,
                "Actual Total Time": 8312.449,
                "Actual Rows": 114937,
                "Actual Loops": 4,
                "Inner Unique": true,
                "Hash Cond": "(mk.keyword_id = k.id)",
                "Plans": [
                  {
                    "Node Type": "Hash Join",
                    "Parent Relationship": "Outer",
                    "Parallel Aware": true,
                    "Join Type": "Inner",
                    "Startup Cost": 125882.11,
                    "Total Cost": 170451.35,
                    "Plan Rows": 51535,
                    "Plan Width": 40,
                    "Actual Startup Time": 4188.716,
                    "Actual Total Time": 7030.801,
                    "Actual Rows": 24578858,
                    "Actual Loops": 4,
                    "Inner Unique": false,
                    "Hash Cond": "(mk.movie_id = t.id)",
                    "Plans": [
                      {
                        "Node Type": "Seq Scan",
                        "Parent Relationship": "Outer",
                        "Parallel Aware": true,
                        "Relation Name": "movie_keyword",
                        "Alias": "mk",
                        "Startup Cost": 0.0,
                        "Total Cost": 39047.32,
                        "Plan Rows": 1459332,
                        "Plan Width": 8,
                        "Actual Startup Time": 0.015,
                        "Actual Total Time": 107.412,
                        "Actual Rows": 1130982,
                        "Actual Loops": 4
                      },
                      {
                        "Node Type": "Hash",
                        "Parent Relationship": "Inner",
                        "Parallel Aware": true,
                        "Startup Cost": 125775.08,
                        "Total Cost": 125775.08,
                        "Plan Rows": 8562,
                        "Plan Width": 48,
                        "Actual Startup Time": 4114.071,
                        "Actual Total Time": 4116.967,
                        "Actual Rows": 480179,
                        "Actual Loops": 4,
                        "Hash Buckets": 2097152,
                        "Original Hash Buckets": 65536,
                        "Hash Batches": 1,
                        "Original Hash Batches": 1,
                        "Peak Memory Usage": 186912,
                        "Plans": [
                          {
                            "Node Type": "Hash Join",
                            "Parent Relationship": "Outer",
                            "Parallel Aware": true,
                            "Join Type": "Inner",
                            "Startup Cost": 53210.72,
                            "Total Cost": 125775.08,
                            "Plan Rows": 8562,
                            "Plan Width": 48,
                            "Actual Startup Time": 2791.209,
                            "Actual Total Time": 3639.68,
                            "Actual Rows": 480179,
                            "Actual Loops": 4,
                            "Inner Unique": false,
                            "Hash Cond": "(n.id = ci.person_id)",
                            "Plans": [
                              {
                                "Node Type": "Seq Scan",
                                "Parent Relationship": "Outer",
                                "Parallel Aware": true,
                                "Relation Name": "name",
                                "Alias": "n",
                                "Startup Cost": 0.0,
                                "Total Cost": 66031.44,
                                "Plan Rows": 1041844,
                                "Plan Width": 19,
                                "Actual Startup Time": 0.016,
                                "Actual Total Time": 160.17,
                                "Actual Rows": 1041873,
                                "Actual Loops": 4
                              },
                              {
                                "Node Type": "Hash",
                                "Parent Relationship": "Inner",
                                "Parallel Aware": true,
                                "Startup Cost": 53103.69,
                                "Total Cost": 53103.69,
                                "Plan Rows": 8562,
                                "Plan Width": 37,
                                "Actual Startup Time": 2790.82,
                                "Actual Total Time": 2790.832,
                                "Actual Rows": 480179,
                                "Actual Loops": 4,
                                "Hash Buckets": 2097152,
                                "Original Hash Buckets": 65536,
                                "Hash Batches": 1,
                                "Original Hash Batches": 1,
                                "Peak Memory Usage": 165472,
                                "Plans": [
                                  {
                                    "Node Type": "Hash Join",
                                    "Parent Relationship": "Outer",
                                    "Parallel Aware": false,
                                    "Join Type": "Inner",
                                    "Startup Cost": 3238.11,
                                    "Total Cost": 53103.69,
                                    "Plan Rows": 8562,
                                    "Plan Width": 37,
                                    "Actual Startup Time": 909.534,
                                    "Actual Total Time": 2331.373,
                                    "Actual Rows": 480179,
                                    "Actual Loops": 4,
                                    "Inner Unique": true,
                                    "Hash Cond": "(t.kind_id = kt.id)",
                                    "Plans": [
                                      {
                                        "Node Type": "Nested Loop",
                                        "Parent Relationship": "Outer",
                                        "Parallel Aware": false,
                                        "Join Type": "Inner",
                                        "Startup Cost": 3237.01,
                                        "Total Cost": 52850.01,
                                        "Plan Rows": 59934,
                                        "Plan Width": 41,
                                        "Actual Startup Time": 81.622,
                                        "Actual Total Time": 2203.71,
                                        "Actual Rows": 800529,
                                        "Actual Loops": 4,
                                        "Inner Unique": false,
                                        "Plans": [
                                          {
                                            "Node Type": "Hash Join",
                                            "Parent Relationship": "Outer",
                                            "Parallel Aware": false,
                                            "Join Type": "Inner",
                                            "Startup Cost": 3236.45,
                                            "Total Cost": 49035.21,
                                            "Plan Rows": 1603,
                                            "Plan Width": 29,
                                            "Actual Startup Time": 81.463,
                                            "Actual Total Time": 410.502,
                                            "Actual Rows": 19924,
                                            "Actual Loops": 4,
                                            "Inner Unique": true,
                                            "Hash Cond": "(cc.subject_id = cct1.id)",
                                            "Plans": [
                                              {
                                                "Node Type": "Hash Join",
                                                "Parent Relationship": "Outer",
                                                "Parallel Aware": false,
                                                "Join Type": "Inner",
                                                "Startup Cost": 3235.39,
                                                "Total Cost": 48999.48,
                                                "Plan Rows": 6412,
                                                "Plan Width": 33,
                                                "Actual Startup Time": 81.401,
                                                "Actual Total Time": 403.782,
                                                "Actual Rows": 30730,
                                                "Actual Loops": 4,
                                                "Inner Unique": false,
                                                "Hash Cond": "(t.id = cc.movie_id)",
                                                "Plans": [
                                                  {
                                                    "Node Type": "Seq Scan",
                                                    "Parent Relationship": "Outer",
                                                    "Parallel Aware": true,
                                                    "Relation Name": "title",
                                                    "Alias": "t",
                                                    "Startup Cost": 0.0,
                                                    "Total Cost": 43899.59,
                                                    "Plan Rows": 480103,
                                                    "Plan Width": 25,
                                                    "Actual Startup Time": 0.027,
                                                    "Actual Total Time": 131.723,
                                                    "Actual Rows": 480712,
                                                    "Actual Loops": 4,
                                                    "Filter": "(production_year < 2010)",
                                                    "Rows Removed by Filter": 151366
                                                  },
                                                  {
                                                    "Node Type": "Hash",
                                                    "Parent Relationship": "Inner",
                                                    "Parallel Aware": false,
                                                    "Startup Cost": 2813.24,
                                                    "Total Cost": 2813.24,
                                                    "Plan Rows": 33772,
                                                    "Plan Width": 8,
                                                    "Actual Startup Time": 80.821,
                                                    "Actual Total Time": 80.825,
                                                    "Actual Rows": 135086,
                                                    "Actual Loops": 4,
                                                    "Hash Buckets": 262144,
                                                    "Original Hash Buckets": 65536,
                                                    "Hash Batches": 1,
                                                    "Original Hash Batches": 1,
                                                    "Peak Memory Usage": 7325,
                                                    "Plans": [
                                                      {
                                                        "Node Type": "Hash Join",
                                                        "Parent Relationship": "Outer",
                                                        "Parallel Aware": false,
                                                        "Join Type": "Inner",
                                                        "Startup Cost": 1.06,
                                                        "Total Cost": 2813.24,
                                                        "Plan Rows": 33772,
                                                        "Plan Width": 8,
                                                        "Actual Startup Time": 0.109,
                                                        "Actual Total Time": 45.29,
                                                        "Actual Rows": 135086,
                                                        "Actual Loops": 4,
                                                        "Inner Unique": true,
                                                        "Hash Cond": "(cc.status_id = cct2.id)",
                                                        "Plans": [
                                                          {
                                                            "Node Type": "Seq Scan",
                                                            "Parent Relationship": "Outer",
                                                            "Parallel Aware": false,
                                                            "Relation Name": "complete_cast",
                                                            "Alias": "cc",
                                                            "Startup Cost": 0.0,
                                                            "Total Cost": 2081.86,
                                                            "Plan Rows": 135086,
                                                            "Plan Width": 12,
                                                            "Actual Startup Time": 0.054,
                                                            "Actual Total Time": 17.288,
                                                            "Actual Rows": 135086,
                                                            "Actual Loops": 4
                                                          },
                                                          {
                                                            "Node Type": "Hash",
                                                            "Parent Relationship": "Inner",
                                                            "Parallel Aware": false,
                                                            "Startup Cost": 1.05,
                                                            "Total Cost": 1.05,
                                                            "Plan Rows": 1,
                                                            "Plan Width": 4,
                                                            "Actual Startup Time": 0.018,
                                                            "Actual Total Time": 0.02,
                                                            "Actual Rows": 2,
                                                            "Actual Loops": 4,
                                                            "Hash Buckets": 1024,
                                                            "Original Hash Buckets": 1024,
                                                            "Hash Batches": 1,
                                                            "Original Hash Batches": 1,
                                                            "Peak Memory Usage": 9,
                                                            "Plans": [
                                                              {
                                                                "Node Type": "Seq Scan",
                                                                "Parent Relationship": "Outer",
                                                                "Parallel Aware": false,
                                                                "Relation Name": "comp_cast_type",
                                                                "Alias": "cct2",
                                                                "Startup Cost": 0.0,
                                                                "Total Cost": 1.05,
                                                                "Plan Rows": 1,
                                                                "Plan Width": 4,
                                                                "Actual Startup Time": 0.007,
                                                                "Actual Total Time": 0.009,
                                                                "Actual Rows": 2,
                                                                "Actual Loops": 4,
                                                                "Filter": "((kind)::text ~~ '%complete%'::text)",
                                                                "Rows Removed by Filter": 2
                                                              }
                                                            ]
                                                          }
                                                        ]
                                                      }
                                                    ]
                                                  }
                                                ]
                                              },
                                              {
                                                "Node Type": "Hash",
                                                "Parent Relationship": "Inner",
                                                "Parallel Aware": false,
                                                "Startup Cost": 1.05,
                                                "Total Cost": 1.05,
                                                "Plan Rows": 1,
                                                "Plan Width": 4,
                                                "Actual Startup Time": 0.026,
                                                "Actual Total Time": 0.027,
                                                "Actual Rows": 1,
                                                "Actual Loops": 4,
                                                "Hash Buckets": 1024,
                                                "Original Hash Buckets": 1024,
                                                "Hash Batches": 1,
                                                "Original Hash Batches": 1,
                                                "Peak Memory Usage": 9,
                                                "Plans": [
                                                  {
                                                    "Node Type": "Seq Scan",
                                                    "Parent Relationship": "Outer",
                                                    "Parallel Aware": false,
                                                    "Relation Name": "comp_cast_type",
                                                    "Alias": "cct1",
                                                    "Startup Cost": 0.0,
                                                    "Total Cost": 1.05,
                                                    "Plan Rows": 1,
                                                    "Plan Width": 4,
                                                    "Actual Startup Time": 0.019,
                                                    "Actual Total Time": 0.021,
                                                    "Actual Rows": 1,
                                                    "Actual Loops": 4,
                                                    "Filter": "((kind)::text = 'cast'::text)",
                                                    "Rows Removed by Filter": 3
                                                  }
                                                ]
                                              }
                                            ]
                                          },
                                          {
                                            "Node Type": "Index Scan",
                                            "Parent Relationship": "Inner",
                                            "Parallel Aware": false,
                                            "Scan Direction": "Forward",
                                            "Index Name": "movie_id_cast_info",
                                            "Relation Name": "cast_info",
                                            "Alias": "ci",
                                            "Startup Cost": 0.56,
                                            "Total Cost": 2.01,
                                            "Plan Rows": 37,
                                            "Plan Width": 12,
                                            "Actual Startup Time": 0.012,
                                            "Actual Total Time": 0.083,
                                            "Actual Rows": 40,
                                            "Actual Loops": 79694,
                                            "Index Cond": "(movie_id = t.id)",
                                            "Rows Removed by Index Recheck": 0
                                          }
                                        ]
                                      },
                                      {
                                        "Node Type": "Hash",
                                        "Parent Relationship": "Inner",
                                        "Parallel Aware": false,
                                        "Startup Cost": 1.09,
                                        "Total Cost": 1.09,
                                        "Plan Rows": 1,
                                        "Plan Width": 4,
                                        "Actual Startup Time": 0.043,
                                        "Actual Total Time": 0.043,
                                        "Actual Rows": 1,
                                        "Actual Loops": 4,
                                        "Hash Buckets": 1024,
                                        "Original Hash Buckets": 1024,
                                        "Hash Batches": 1,
                                        "Original Hash Batches": 1,
                                        "Peak Memory Usage": 9,
                                        "Plans": [
                                          {
                                            "Node Type": "Seq Scan",
                                            "Parent Relationship": "Outer",
                                            "Parallel Aware": false,
                                            "Relation Name": "kind_type",
                                            "Alias": "kt",
                                            "Startup Cost": 0.0,
                                            "Total Cost": 1.09,
                                            "Plan Rows": 1,
                                            "Plan Width": 4,
                                            "Actual Startup Time": 0.032,
                                            "Actual Total Time": 0.034,
                                            "Actual Rows": 1,
                                            "Actual Loops": 4,
                                            "Filter": "((kind)::text = 'movie'::text)",
                                            "Rows Removed by Filter": 6
                                          }
                                        ]
                                      }
                                    ]
                                  }
                                ]
                              }
                            ]
                          }
                        ]
                      }
                    ]
                  },
                  {
                    "Node Type": "Hash",
                    "Parent Relationship": "Inner",
                    "Parallel Aware": false,
                    "Startup Cost": 3967.82,
                    "Total Cost": 3967.82,
                    "Plan Rows": 10,
                    "Plan Width": 4,
                    "Actual Startup Time": 47.201,
                    "Actual Total Time": 47.202,
                    "Actual Rows": 10,
                    "Actual Loops": 4,
                    "Hash Buckets": 1024,
                    "Original Hash Buckets": 1024,
                    "Hash Batches": 1,
                    "Original Hash Batches": 1,
                    "Peak Memory Usage": 9,
                    "Plans": [
                      {
                        "Node Type": "Seq Scan",
                        "Parent Relationship": "Outer",
                        "Parallel Aware": false,
                        "Relation Name": "keyword",
                        "Alias": "k",
                        "Startup Cost": 0.0,
                        "Total Cost": 3967.82,
                        "Plan Rows": 10,
                        "Plan Width": 4,
                        "Actual Startup Time": 0.384,
                        "Actual Total Time": 47.167,
                        "Actual Rows": 10,
                        "Actual Loops": 4,
                        "Filter": "(keyword = ANY ('{superhero,marvel-comics,based-on-comic,tv-special,fight,violence,magnet,web,claw,laser}'::text[]))",
                        "Rows Removed by Filter": 134160
                      }
                    ]
                  }
                ]
              },
              {
                "Node Type": "Index Scan",
                "Parent Relationship": "Inner",
                "Parallel Aware": false,
                "Scan Direction": "Forward",
                "Index Name": "char_name_pkey",
                "Relation Name": "char_name",
                "Alias": "chn",
                "Startup Cost": 0.43,
                "Total Cost": 0.46,
                "Plan Rows": 1,
                "Plan Width": 4,
                "Actual Startup Time": 0.002,
                "Actual Total Time": 0.002,
                "Actual Rows": 0,
                "Actual Loops": 459748,
                "Index Cond": "(id = ci.person_role_id)",
                "Rows Removed by Index Recheck": 0,
                "Filter": "((name IS NOT NULL) AND ((name ~~ '%man%'::text) OR (name ~~ '%Man%'::text)))",
                "Rows Removed by Filter": 0
              }
            ]
          }
        ]
      }
    ]
  },
  "Planning Time": 25.678,
  "Triggers": [],
  "Execution Time": 8724.267
}