[
  {
    "Plan": {
      "Node Type": "Aggregate",
      "Strategy": "Plain",
      "Partial Mode": "Finalize",
      "Parallel Aware": false,
      "Startup Cost": 44637.06,
      "Total Cost": 44637.07,
      "Plan Rows": 1,
      "Plan Width": 8,
      "Actual Startup Time": 130.717,
      "Actual Total Time": 140.249,
      "Actual Rows": 1,
      "Actual Loops": 1,
      "Plans": [
        {
          "Node Type": "Gather",
          "Parent Relationship": "Outer",
          "Parallel Aware": false,
          "Startup Cost": 44636.75,
          "Total Cost": 44637.06,
          "Plan Rows": 3,
          "Plan Width": 8,
          "Actual Startup Time": 130.592,
          "Actual Total Time": 140.24,
          "Actual Rows": 4,
          "Actual Loops": 1,
          "Workers Planned": 3,
          "Workers Launched": 3,
          "Single Copy": false,
          "Plans": [
            {
              "Node Type": "Aggregate",
              "Strategy": "Plain",
              "Partial Mode": "Partial",
              "Parent Relationship": "Outer",
              "Parallel Aware": false,
              "Startup Cost": 43636.75,
              "Total Cost": 43636.76,
              "Plan Rows": 1,
              "Plan Width": 8,
              "Actual Startup Time": 124.343,
              "Actual Total Time": 124.344,
              "Actual Rows": 1,
              "Actual Loops": 4,
              "Plans": [
                {
                  "Node Type": "Seq Scan",
                  "Parent Relationship": "Outer",
                  "Parallel Aware": true,
                  "Relation Name": "movie_keyword",
                  "Alias": "mk",
                  "Startup Cost": 0.0,
                  "Total Cost": 42695.65,
                  "Plan Rows": 376437,
                  "Plan Width": 0,
                  "Actual Startup Time": 0.045,
                  "Actual Total Time": 108.95,
                  "Actual Rows": 294886,
                  "Actual Loops": 4,
                  "Filter": "(keyword_id < 1396)",
                  "Rows Removed by Filter": 836096
                }
              ]
            }
          ]
        }
      ]
    },
    "Planning Time": 0.15,
    "Triggers": [],
    "Execution Time": 140.295
  }
]