[
  {
    "Plan": {
      "Node Type": "Aggregate",
      "Strategy": "Plain",
      "Partial Mode": "Finalize",
      "Parallel Aware": false,
      "Startup Cost": 32385.21,
      "Total Cost": 32385.22,
      "Plan Rows": 1,
      "Plan Width": 8,
      "Actual Startup Time": 123.885,
      "Actual Total Time": 131.824,
      "Actual Rows": 1,
      "Actual Loops": 1,
      "Plans": [
        {
          "Node Type": "Gather",
          "Parent Relationship": "Outer",
          "Parallel Aware": false,
          "Startup Cost": 32384.89,
          "Total Cost": 32385.2,
          "Plan Rows": 3,
          "Plan Width": 8,
          "Actual Startup Time": 123.746,
          "Actual Total Time": 131.814,
          "Actual Rows": 4,
          "Actual Loops": 1,
          "Workers Planned": 3,
          "Workers Launched": 3,
          "Single Copy": false,
          "Plans": [
            {
              "Node Type": "Aggregate",
              "Strategy": "Plain",
              "Partial Mode": "Partial",
              "Parent Relationship": "Outer",
              "Parallel Aware": false,
              "Startup Cost": 31384.89,
              "Total Cost": 31384.9,
              "Plan Rows": 1,
              "Plan Width": 8,
              "Actual Startup Time": 115.373,
              "Actual Total Time": 115.375,
              "Actual Rows": 1,
              "Actual Loops": 4,
              "Plans": [
                {
                  "Node Type": "Seq Scan",
                  "Parent Relationship": "Outer",
                  "Parallel Aware": true,
                  "Relation Name": "movie_companies",
                  "Alias": "mc",
                  "Startup Cost": 0.0,
                  "Total Cost": 29310.68,
                  "Plan Rows": 829683,
                  "Plan Width": 0,
                  "Actual Startup Time": 0.046,
                  "Actual Total Time": 85.031,
                  "Actual Rows": 643636,
                  "Actual Loops": 4,
                  "Filter": "(company_id < 203877)",
                  "Rows Removed by Filter": 8646
                }
              ]
            }
          ]
        }
      ]
    },
    "Planning Time": 0.242,
    "Triggers": [],
    "Execution Time": 131.879
  }
]