[
    {
        "Bao": {
            "Bao prediction": 662.281,
            "Bao recommended hint": "SET enable_nestloop TO off; "
        }
    },
    {
        "Plan": {
            "Node Type": "Aggregate",
            "Strategy": "Plain",
            "Partial Mode": "Simple",
            "Parallel Aware": false,
            "Startup Cost": 93795.2,
            "Total Cost": 93795.21,
            "Plan Rows": 1,
            "Plan Width": 8,
            "Actual Startup Time": 847.03,
            "Actual Total Time": 847.033,
            "Actual Rows": 1,
            "Actual Loops": 1,
            "Output": [
                "count(*)"
            ],
            "Plans": [
                {
                    "Node Type": "Hash Join",
                    "Parent Relationship": "Outer",
                    "Parallel Aware": false,
                    "Join Type": "Inner",
                    "Startup Cost": 92891.57,
                    "Total Cost": 93794.59,
                    "Plan Rows": 244,
                    "Plan Width": 0,
                    "Actual Startup Time": 846.706,
                    "Actual Total Time": 847.019,
                    "Actual Rows": 144,
                    "Actual Loops": 1,
                    "Inner Unique": true,
                    "Hash Cond": "(mk.movie_id = t.id)",
                    "Plans": [
                        {
                            "Node Type": "Bitmap Heap Scan",
                            "Parent Relationship": "Outer",
                            "Parallel Aware": false,
                            "Relation Name": "movie_keyword",
                            "Schema": "public",
                            "Alias": "mk",
                            "Startup Cost": 6.32,
                            "Total Cost": 908.7,
                            "Plan Rows": 244,
                            "Plan Width": 4,
                            "Actual Startup Time": 0.104,
                            "Actual Total Time": 0.337,
                            "Actual Rows": 144,
                            "Actual Loops": 1,
                            "Output": [
                                "mk.id",
                                "mk.movie_id",
                                "mk.keyword_id"
                            ],
                            "Recheck Cond": "(mk.keyword_id = 9087)",
                            "Rows Removed by Index Recheck": 0,
                            "Exact Heap Blocks": 144,
                            "Lossy Heap Blocks": 0,
                            "Plans": [
                                {
                                    "Node Type": "Bitmap Index Scan",
                                    "Parent Relationship": "Outer",
                                    "Parallel Aware": false,
                                    "Index Name": "keyword_id_movie_keyword",
                                    "Startup Cost": 0.0,
                                    "Total Cost": 6.26,
                                    "Plan Rows": 244,
                                    "Plan Width": 0,
                                    "Actual Startup Time": 0.049,
                                    "Actual Total Time": 0.05,
                                    "Actual Rows": 144,
                                    "Actual Loops": 1,
                                    "Index Cond": "(mk.keyword_id = 9087)"
                                }
                            ]
                        },
                        {
                            "Node Type": "Hash",
                            "Parent Relationship": "Inner",
                            "Parallel Aware": false,
                            "Startup Cost": 61281.22,
                            "Total Cost": 61281.22,
                            "Plan Rows": 2528322,
                            "Plan Width": 4,
                            "Actual Startup Time": 811.289,
                            "Actual Total Time": 811.29,
                            "Actual Rows": 2528312,
                            "Actual Loops": 1,
                            "Output": [
                                "t.id"
                            ],
                            "Hash Buckets": 4194304,
                            "Original Hash Buckets": 4194304,
                            "Hash Batches": 1,
                            "Original Hash Batches": 1,
                            "Peak Memory Usage": 121654,
                            "Plans": [
                                {
                                    "Node Type": "Seq Scan",
                                    "Parent Relationship": "Outer",
                                    "Parallel Aware": false,
                                    "Relation Name": "title",
                                    "Schema": "public",
                                    "Alias": "t",
                                    "Startup Cost": 0.0,
                                    "Total Cost": 61281.22,
                                    "Plan Rows": 2528322,
                                    "Plan Width": 4,
                                    "Actual Startup Time": 0.014,
                                    "Actual Total Time": 243.2,
                                    "Actual Rows": 2528312,
                                    "Actual Loops": 1,
                                    "Output": [
                                        "t.id"
                                    ]
                                }
                            ]
                        }
                    ]
                }
            ]
        },
        "Planning Time": 671.644,
        "Triggers": [],
        "Execution Time": 849.717
    }
]