[
  {
    "Plan": {
      "Node Type": "Aggregate",
      "Strategy": "Plain",
      "Partial Mode": "Finalize",
      "Parallel Aware": false,
      "Startup Cost": 405126.35,
      "Total Cost": 405126.36,
      "Plan Rows": 1,
      "Plan Width": 8,
      "Actual Startup Time": 4690.706,
      "Actual Total Time": 4746.837,
      "Actual Rows": 1,
      "Actual Loops": 1,
      "Plans": [
        {
          "Node Type": "Gather",
          "Parent Relationship": "Outer",
          "Parallel Aware": false,
          "Startup Cost": 405125.83,
          "Total Cost": 405126.34,
          "Plan Rows": 5,
          "Plan Width": 8,
          "Actual Startup Time": 4663.589,
          "Actual Total Time": 4746.825,
          "Actual Rows": 6,
          "Actual Loops": 1,
          "Workers Planned": 5,
          "Workers Launched": 5,
          "Single Copy": false,
          "Plans": [
            {
              "Node Type": "Aggregate",
              "Strategy": "Plain",
              "Partial Mode": "Partial",
              "Parent Relationship": "Outer",
              "Parallel Aware": false,
              "Startup Cost": 404125.83,
              "Total Cost": 404125.84,
              "Plan Rows": 1,
              "Plan Width": 8,
              "Actual Startup Time": 4651.177,
              "Actual Total Time": 4652.741,
              "Actual Rows": 1,
              "Actual Loops": 6,
              "Plans": [
                {
                  "Node Type": "Hash Join",
                  "Parent Relationship": "Outer",
                  "Parallel Aware": true,
                  "Join Type": "Inner",
                  "Startup Cost": 179732.7,
                  "Total Cost": 392140.63,
                  "Plan Rows": 4794081,
                  "Plan Width": 0,
                  "Actual Startup Time": 1103.096,
                  "Actual Total Time": 3885.782,
                  "Actual Rows": 18274489,
                  "Actual Loops": 6,
                  "Inner Unique": false,
                  "Hash Cond": "(mi.movie_id = t.id)",
                  "Plans": [
                    {
                      "Node Type": "Seq Scan",
                      "Parent Relationship": "Outer",
                      "Parallel Aware": true,
                      "Relation Name": "movie_info",
                      "Alias": "mi",
                      "Startup Cost": 0.0,
                      "Total Cost": 191685.19,
                      "Plan Rows": 2969219,
                      "Plan Width": 4,
                      "Actual Startup Time": 0.048,
                      "Actual Total Time": 297.569,
                      "Actual Rows": 2472620,
                      "Actual Loops": 6
                    },
                    {
                      "Node Type": "Hash",
                      "Parent Relationship": "Inner",
                      "Parallel Aware": true,
                      "Startup Cost": 169526.76,
                      "Total Cost": 169526.76,
                      "Plan Rows": 816475,
                      "Plan Width": 8,
                      "Actual Startup Time": 1097.244,
                      "Actual Total Time": 1098.806,
                      "Actual Rows": 688886,
                      "Actual Loops": 6,
                      "Hash Buckets": 4194304,
                      "Original Hash Buckets": 4194304,
                      "Hash Batches": 1,
                      "Original Hash Batches": 1,
                      "Peak Memory Usage": 194528,
                      "Plans": [
                        {
                          "Node Type": "Hash Join",
                          "Parent Relationship": "Outer",
                          "Parallel Aware": true,
                          "Join Type": "Inner",
                          "Startup Cost": 51352.01,
                          "Total Cost": 169526.76,
                          "Plan Rows": 816475,
                          "Plan Width": 8,
                          "Actual Startup Time": 290.615,
                          "Actual Total Time": 797.06,
                          "Actual Rows": 688886,
                          "Actual Loops": 6,
                          "Inner Unique": true,
                          "Hash Cond": "(ci.movie_id = t.id)",
                          "Plans": [
                            {
                              "Node Type": "Index Scan",
                              "Parent Relationship": "Outer",
                              "Parallel Aware": true,
                              "Scan Direction": "Forward",
                              "Index Name": "role_id_cast_info",
                              "Relation Name": "cast_info",
                              "Alias": "ci",
                              "Startup Cost": 0.56,
                              "Total Cost": 115902.88,
                              "Plan Rows": 865691,
                              "Plan Width": 4,
                              "Actual Startup Time": 0.159,
                              "Actual Total Time": 159.809,
                              "Actual Rows": 720503,
                              "Actual Loops": 6,
                              "Index Cond": "(role_id = 10)",
                              "Rows Removed by Index Recheck": 0
                            },
                            {
                              "Node Type": "Hash",
                              "Parent Relationship": "Inner",
                              "Parallel Aware": true,
                              "Startup Cost": 43899.32,
                              "Total Cost": 43899.32,
                              "Plan Rows": 596170,
                              "Plan Width": 4,
                              "Actual Startup Time": 285.822,
                              "Actual Total Time": 285.823,
                              "Actual Rows": 398146,
                              "Actual Loops": 6,
                              "Hash Buckets": 4194304,
                              "Original Hash Buckets": 4194304,
                              "Hash Batches": 1,
                              "Original Hash Batches": 1,
                              "Peak Memory Usage": 126368,
                              "Plans": [
                                {
                                  "Node Type": "Seq Scan",
                                  "Parent Relationship": "Outer",
                                  "Parallel Aware": true,
                                  "Relation Name": "title",
                                  "Alias": "t",
                                  "Startup Cost": 0.0,
                                  "Total Cost": 43899.32,
                                  "Plan Rows": 596170,
                                  "Plan Width": 4,
                                  "Actual Startup Time": 0.061,
                                  "Actual Total Time": 93.594,
                                  "Actual Rows": 398146,
                                  "Actual Loops": 6,
                                  "Filter": "(production_year < 2013)",
                                  "Rows Removed by Filter": 23239
                                }
                              ]
                            }
                          ]
                        }
                      ]
                    }
                  ]
                }
              ]
            }
          ]
        }
      ]
    },
    "Planning Time": 0.482,
    "Triggers": [],
    "Execution Time": 4746.901
  }
]