{
    "Plan": {
        "Node Type": "Aggregate",
        "Strategy": "Plain",
        "Partial Mode": "Finalize",
        "Parallel Aware": false,
        "Startup Cost": 248180.8,
        "Total Cost": 248180.81,
        "Plan Rows": 1,
        "Plan Width": 8,
        "Actual Startup Time": 508.888,
        "Actual Total Time": 550.28,
        "Actual Rows": 1,
        "Actual Loops": 1,
        "Output": [
            "count(*)"
        ],
        "Plans": [
            {
                "Node Type": "Gather",
                "Parent Relationship": "Outer",
                "Parallel Aware": false,
                "Startup Cost": 248180.27,
                "Total Cost": 248180.78,
                "Plan Rows": 5,
                "Plan Width": 8,
                "Actual Startup Time": 505.355,
                "Actual Total Time": 550.267,
                "Actual Rows": 6,
                "Actual Loops": 1,
                "Output": [
                    "(PARTIAL count(*))"
                ],
                "Workers Planned": 5,
                "Workers Launched": 5,
                "Single Copy": false,
                "Plans": [
                    {
                        "Node Type": "Aggregate",
                        "Strategy": "Plain",
                        "Partial Mode": "Partial",
                        "Parent Relationship": "Outer",
                        "Parallel Aware": false,
                        "Startup Cost": 247180.27,
                        "Total Cost": 247180.28,
                        "Plan Rows": 1,
                        "Plan Width": 8,
                        "Actual Startup Time": 495.197,
                        "Actual Total Time": 495.2,
                        "Actual Rows": 1,
                        "Actual Loops": 6,
                        "Output": [
                            "PARTIAL count(*)"
                        ],
                        "Workers": [
                            {
                                "Worker Number": 0,
                                "Actual Startup Time": 492.706,
                                "Actual Total Time": 492.71,
                                "Actual Rows": 1,
                                "Actual Loops": 1
                            },
                            {
                                "Worker Number": 1,
                                "Actual Startup Time": 493.618,
                                "Actual Total Time": 493.621,
                                "Actual Rows": 1,
                                "Actual Loops": 1
                            },
                            {
                                "Worker Number": 2,
                                "Actual Startup Time": 493.237,
                                "Actual Total Time": 493.24,
                                "Actual Rows": 1,
                                "Actual Loops": 1
                            },
                            {
                                "Worker Number": 3,
                                "Actual Startup Time": 493.237,
                                "Actual Total Time": 493.24,
                                "Actual Rows": 1,
                                "Actual Loops": 1
                            },
                            {
                                "Worker Number": 4,
                                "Actual Startup Time": 493.888,
                                "Actual Total Time": 493.891,
                                "Actual Rows": 1,
                                "Actual Loops": 1
                            }
                        ],
                        "Plans": [
                            {
                                "Node Type": "Hash Join",
                                "Parent Relationship": "Outer",
                                "Parallel Aware": true,
                                "Join Type": "Inner",
                                "Startup Cost": 47018.68,
                                "Total Cost": 246979.79,
                                "Plan Rows": 80193,
                                "Plan Width": 0,
                                "Actual Startup Time": 138.677,
                                "Actual Total Time": 493.299,
                                "Actual Rows": 37838,
                                "Actual Loops": 6,
                                "Inner Unique": true,
                                "Hash Cond": "(mi.movie_id = t.id)",
                                "Workers": [
                                    {
                                        "Worker Number": 0,
                                        "Actual Startup Time": 136.101,
                                        "Actual Total Time": 490.891,
                                        "Actual Rows": 37208,
                                        "Actual Loops": 1
                                    },
                                    {
                                        "Worker Number": 1,
                                        "Actual Startup Time": 136.955,
                                        "Actual Total Time": 491.6,
                                        "Actual Rows": 31395,
                                        "Actual Loops": 1
                                    },
                                    {
                                        "Worker Number": 2,
                                        "Actual Startup Time": 136.67,
                                        "Actual Total Time": 491.457,
                                        "Actual Rows": 39313,
                                        "Actual Loops": 1
                                    },
                                    {
                                        "Worker Number": 3,
                                        "Actual Startup Time": 136.709,
                                        "Actual Total Time": 491.38,
                                        "Actual Rows": 41270,
                                        "Actual Loops": 1
                                    },
                                    {
                                        "Worker Number": 4,
                                        "Actual Startup Time": 137.646,
                                        "Actual Total Time": 492.036,
                                        "Actual Rows": 37595,
                                        "Actual Loops": 1
                                    }
                                ],
                                "Plans": [
                                    {
                                        "Node Type": "Seq Scan",
                                        "Parent Relationship": "Outer",
                                        "Parallel Aware": true,
                                        "Relation Name": "movie_info",
                                        "Schema": "public",
                                        "Alias": "mi",
                                        "Startup Cost": 0.0,
                                        "Total Cost": 198880.74,
                                        "Plan Rows": 411570,
                                        "Plan Width": 4,
                                        "Actual Startup Time": 30.365,
                                        "Actual Total Time": 312.613,
                                        "Actual Rows": 348511,
                                        "Actual Loops": 6,
                                        "Output": [
                                            "mi.id",
                                            "mi.movie_id",
                                            "mi.info_type_id",
                                            "mi.info",
                                            "mi.note"
                                        ],
                                        "Filter": "(mi.info_type_id < 3)",
                                        "Rows Removed by Filter": 2124109,
                                        "Workers": [
                                            {
                                                "Worker Number": 0,
                                                "Actual Startup Time": 30.293,
                                                "Actual Total Time": 311.967,
                                                "Actual Rows": 341561,
                                                "Actual Loops": 1
                                            },
                                            {
                                                "Worker Number": 1,
                                                "Actual Startup Time": 30.415,
                                                "Actual Total Time": 315.932,
                                                "Actual Rows": 273487,
                                                "Actual Loops": 1
                                            },
                                            {
                                                "Worker Number": 2,
                                                "Actual Startup Time": 30.444,
                                                "Actual Total Time": 313.861,
                                                "Actual Rows": 371415,
                                                "Actual Loops": 1
                                            },
                                            {
                                                "Worker Number": 3,
                                                "Actual Startup Time": 30.313,
                                                "Actual Total Time": 312.826,
                                                "Actual Rows": 365360,
                                                "Actual Loops": 1
                                            },
                                            {
                                                "Worker Number": 4,
                                                "Actual Startup Time": 30.276,
                                                "Actual Total Time": 312.189,
                                                "Actual Rows": 342540,
                                                "Actual Loops": 1
                                            }
                                        ]
                                    },
                                    {
                                        "Node Type": "Hash",
                                        "Parent Relationship": "Inner",
                                        "Parallel Aware": true,
                                        "Startup Cost": 45479.21,
                                        "Total Cost": 45479.21,
                                        "Plan Rows": 123158,
                                        "Plan Width": 4,
                                        "Actual Startup Time": 105.465,
                                        "Actual Total Time": 105.466,
                                        "Actual Rows": 63224,
                                        "Actual Loops": 6,
                                        "Output": [
                                            "t.id"
                                        ],
                                        "Hash Buckets": 524288,
                                        "Original Hash Buckets": 524288,
                                        "Hash Batches": 1,
                                        "Original Hash Batches": 1,
                                        "Peak Memory Usage": 19040,
                                        "Workers": [
                                            {
                                                "Worker Number": 0,
                                                "Actual Startup Time": 104.96,
                                                "Actual Total Time": 104.961,
                                                "Actual Rows": 56970,
                                                "Actual Loops": 1
                                            },
                                            {
                                                "Worker Number": 1,
                                                "Actual Startup Time": 105.528,
                                                "Actual Total Time": 105.529,
                                                "Actual Rows": 49650,
                                                "Actual Loops": 1
                                            },
                                            {
                                                "Worker Number": 2,
                                                "Actual Startup Time": 105.469,
                                                "Actual Total Time": 105.47,
                                                "Actual Rows": 65899,
                                                "Actual Loops": 1
                                            },
                                            {
                                                "Worker Number": 3,
                                                "Actual Startup Time": 105.499,
                                                "Actual Total Time": 105.5,
                                                "Actual Rows": 64256,
                                                "Actual Loops": 1
                                            },
                                            {
                                                "Worker Number": 4,
                                                "Actual Startup Time": 106.197,
                                                "Actual Total Time": 106.198,
                                                "Actual Rows": 56629,
                                                "Actual Loops": 1
                                            }
                                        ],
                                        "Plans": [
                                            {
                                                "Node Type": "Seq Scan",
                                                "Parent Relationship": "Outer",
                                                "Parallel Aware": true,
                                                "Relation Name": "title",
                                                "Schema": "public",
                                                "Alias": "t",
                                                "Startup Cost": 0.0,
                                                "Total Cost": 45479.21,
                                                "Plan Rows": 123158,
                                                "Plan Width": 4,
                                                "Actual Startup Time": 0.066,
                                                "Actual Total Time": 79.321,
                                                "Actual Rows": 63224,
                                                "Actual Loops": 6,
                                                "Output": [
                                                    "t.id"
                                                ],
                                                "Filter": "((t.production_year < 1995) AND (t.kind_id = 7))",
                                                "Rows Removed by Filter": 358161,
                                                "Workers": [
                                                    {
                                                        "Worker Number": 0,
                                                        "Actual Startup Time": 0.07,
                                                        "Actual Total Time": 80.86,
                                                        "Actual Rows": 56970,
                                                        "Actual Loops": 1
                                                    },
                                                    {
                                                        "Worker Number": 1,
                                                        "Actual Startup Time": 0.074,
                                                        "Actual Total Time": 80.721,
                                                        "Actual Rows": 49650,
                                                        "Actual Loops": 1
                                                    },
                                                    {
                                                        "Worker Number": 2,
                                                        "Actual Startup Time": 0.082,
                                                        "Actual Total Time": 79.856,
                                                        "Actual Rows": 65899,
                                                        "Actual Loops": 1
                                                    },
                                                    {
                                                        "Worker Number": 3,
                                                        "Actual Startup Time": 0.083,
                                                        "Actual Total Time": 79.206,
                                                        "Actual Rows": 64256,
                                                        "Actual Loops": 1
                                                    },
                                                    {
                                                        "Worker Number": 4,
                                                        "Actual Startup Time": 0.068,
                                                        "Actual Total Time": 80.201,
                                                        "Actual Rows": 56629,
                                                        "Actual Loops": 1
                                                    }
                                                ]
                                            }
                                        ]
                                    }
                                ]
                            }
                        ]
                    }
                ]
            }
        ]
    },
    "Planning Time": 0.926,
    "Triggers": [],
    "Execution Time": 550.371
}