{
  "Plan": {
    "Node Type": "Aggregate",
    "Strategy": "Plain",
    "Partial Mode": "Finalize",
    "Parallel Aware": false,
    "Startup Cost": 137052.27,
    "Total Cost": 137052.28,
    "Plan Rows": 1,
    "Plan Width": 8,
    "Actual Startup Time": 1123.817,
    "Actual Total Time": 1144.671,
    "Actual Rows": 1,
    "Actual Loops": 1,
    "Plans": [
      {
        "Node Type": "Gather",
        "Parent Relationship": "Outer",
        "Parallel Aware": false,
        "Startup Cost": 137052.16,
        "Total Cost": 137052.27,
        "Plan Rows": 1,
        "Plan Width": 8,
        "Actual Startup Time": 1117.919,
        "Actual Total Time": 1144.662,
        "Actual Rows": 2,
        "Actual Loops": 1,
        "Workers Planned": 1,
        "Workers Launched": 1,
        "Single Copy": false,
        "Plans": [
          {
            "Node Type": "Aggregate",
            "Strategy": "Plain",
            "Partial Mode": "Partial",
            "Parent Relationship": "Outer",
            "Parallel Aware": false,
            "Startup Cost": 136052.16,
            "Total Cost": 136052.17,
            "Plan Rows": 1,
            "Plan Width": 8,
            "Actual Startup Time": 1107.839,
            "Actual Total Time": 1107.842,
            "Actual Rows": 1,
            "Actual Loops": 2,
            "Plans": [
              {
                "Node Type": "Hash Join",
                "Parent Relationship": "Outer",
                "Parallel Aware": true,
                "Join Type": "Inner",
                "Startup Cost": 71830.85,
                "Total Cost": 129881.7,
                "Plan Rows": 2468185,
                "Plan Width": 0,
                "Actual Startup Time": 521.42,
                "Actual Total Time": 1021.592,
                "Actual Rows": 2198962,
                "Actual Loops": 2,
                "Inner Unique": true,
                "Hash Cond": "(mk.movie_id = t.id)",
                "Plans": [
                  {
                    "Node Type": "Seq Scan",
                    "Parent Relationship": "Outer",
                    "Parallel Aware": true,
                    "Relation Name": "movie_keyword",
                    "Alias": "mk",
                    "Startup Cost": 0.0,
                    "Total Cost": 51065.35,
                    "Plan Rows": 2661135,
                    "Plan Width": 4,
                    "Actual Startup Time": 0.012,
                    "Actual Total Time": 150.414,
                    "Actual Rows": 2261965,
                    "Actual Loops": 2
                  },
                  {
                    "Node Type": "Hash",
                    "Parent Relationship": "Inner",
                    "Parallel Aware": true,
                    "Startup Cost": 54588.39,
                    "Total Cost": 54588.39,
                    "Plan Rows": 1379397,
                    "Plan Width": 4,
                    "Actual Startup Time": 500.886,
                    "Actual Total Time": 500.887,
                    "Actual Rows": 1170452,
                    "Actual Loops": 2,
                    "Hash Buckets": 4194304,
                    "Original Hash Buckets": 4194304,
                    "Hash Batches": 1,
                    "Original Hash Batches": 1,
                    "Peak Memory Usage": 124384,
                    "Plans": [
                      {
                        "Node Type": "Seq Scan",
                        "Parent Relationship": "Outer",
                        "Parallel Aware": true,
                        "Relation Name": "title",
                        "Alias": "t",
                        "Startup Cost": 0.0,
                        "Total Cost": 54588.39,
                        "Plan Rows": 1379397,
                        "Plan Width": 4,
                        "Actual Startup Time": 0.026,
                        "Actual Total Time": 178.73,
                        "Actual Rows": 1170452,
                        "Actual Loops": 2,
                        "Filter": "(production_year > 1929)",
                        "Rows Removed by Filter": 93704
                      }
                    ]
                  }
                ]
              }
            ]
          }
        ]
      }
    ]
  },
  "Planning Time": 0.361,
  "Triggers": [],
  "Execution Time": 1144.73
}