{
  "Plan": {
    "Node Type": "Aggregate",
    "Strategy": "Plain",
    "Partial Mode": "Simple",
    "Parallel Aware": false,
    "Startup Cost": 3706463.32,
    "Total Cost": 3706463.33,
    "Plan Rows": 1,
    "Plan Width": 192,
    "Actual Startup Time": 3161.151,
    "Actual Total Time": 3218.734,
    "Actual Rows": 1,
    "Actual Loops": 1,
    "Plans": [
      {
        "Node Type": "Hash Join",
        "Parent Relationship": "Outer",
        "Parallel Aware": false,
        "Join Type": "Inner",
        "Startup Cost": 3673683.8,
        "Total Cost": 3706463.31,
        "Plan Rows": 1,
        "Plan Width": 84,
        "Actual Startup Time": 3116.172,
        "Actual Total Time": 3218.698,
        "Actual Rows": 8,
        "Actual Loops": 1,
        "Inner Unique": true,
        "Hash Cond": "(t1.kind_id = kt1.id)",
        "Plans": [
          {
            "Node Type": "Gather",
            "Parent Relationship": "Outer",
            "Parallel Aware": false,
            "Startup Cost": 3673682.7,
            "Total Cost": 3706462.21,
            "Plan Rows": 1,
            "Plan Width": 88,
            "Actual Startup Time": 3116.002,
            "Actual Total Time": 3218.517,
            "Actual Rows": 8,
            "Actual Loops": 1,
            "Workers Planned": 3,
            "Workers Launched": 3,
            "Single Copy": false,
            "Plans": [
              {
                "Node Type": "Hash Join",
                "Parent Relationship": "Outer",
                "Parallel Aware": true,
                "Join Type": "Inner",
                "Startup Cost": 3672682.7,
                "Total Cost": 3705462.11,
                "Plan Rows": 1,
                "Plan Width": 88,
                "Actual Startup Time": 2991.069,
                "Actual Total Time": 3092.744,
                "Actual Rows": 2,
                "Actual Loops": 4,
                "Inner Unique": false,
                "Hash Cond": "(t1.id = ml.movie_id)",
                "Plans": [
                  {
                    "Node Type": "Hash Join",
                    "Parent Relationship": "Outer",
                    "Parallel Aware": true,
                    "Join Type": "Inner",
                    "Startup Cost": 55575.63,
                    "Total Cost": 87200.91,
                    "Plan Rows": 307766,
                    "Plan Width": 48,
                    "Actual Startup Time": 476.407,
                    "Actual Total Time": 871.88,
                    "Actual Rows": 288450,
                    "Actual Loops": 4,
                    "Inner Unique": true,
                    "Hash Cond": "(mc1.company_id = cn1.id)",
                    "Plans": [
                      {
                        "Node Type": "Hash Join",
                        "Parent Relationship": "Outer",
                        "Parallel Aware": true,
                        "Join Type": "Inner",
                        "Startup Cost": 50220.86,
                        "Total Cost": 79636.75,
                        "Plan Rows": 841655,
                        "Plan Width": 33,
                        "Actual Startup Time": 457.284,
                        "Actual Total Time": 759.692,
                        "Actual Rows": 652282,
                        "Actual Loops": 4,
                        "Inner Unique": true,
                        "Hash Cond": "(mc1.movie_id = t1.id)",
                        "Plans": [
                          {
                            "Node Type": "Seq Scan",
                            "Parent Relationship": "Outer",
                            "Parallel Aware": true,
                            "Relation Name": "movie_companies",
                            "Alias": "mc1",
                            "Startup Cost": 0.0,
                            "Total Cost": 27206.55,
                            "Plan Rows": 841655,
                            "Plan Width": 8,
                            "Actual Startup Time": 0.012,
                            "Actual Total Time": 52.265,
                            "Actual Rows": 652282,
                            "Actual Loops": 4
                          },
                          {
                            "Node Type": "Hash",
                            "Parent Relationship": "Inner",
                            "Parallel Aware": true,
                            "Startup Cost": 42319.27,
                            "Total Cost": 42319.27,
                            "Plan Rows": 632127,
                            "Plan Width": 25,
                            "Actual Startup Time": 450.031,
                            "Actual Total Time": 450.032,
                            "Actual Rows": 632078,
                            "Actual Loops": 4,
                            "Hash Buckets": 4194304,
                            "Original Hash Buckets": 4194304,
                            "Hash Batches": 1,
                            "Original Hash Batches": 1,
                            "Peak Memory Usage": 182912,
                            "Plans": [
                              {
                                "Node Type": "Seq Scan",
                                "Parent Relationship": "Outer",
                                "Parallel Aware": true,
                                "Relation Name": "title",
                                "Alias": "t1",
                                "Startup Cost": 0.0,
                                "Total Cost": 42319.27,
                                "Plan Rows": 632127,
                                "Plan Width": 25,
                                "Actual Startup Time": 0.017,
                                "Actual Total Time": 95.52,
                                "Actual Rows": 632078,
                                "Actual Loops": 4
                              }
                            ]
                          }
                        ]
                      },
                      {
                        "Node Type": "Hash",
                        "Parent Relationship": "Inner",
                        "Parallel Aware": true,
                        "Startup Cost": 4722.92,
                        "Total Cost": 4722.92,
                        "Plan Rows": 50548,
                        "Plan Width": 23,
                        "Actual Startup Time": 18.724,
                        "Actual Total Time": 18.725,
                        "Actual Rows": 21211,
                        "Actual Loops": 4,
                        "Hash Buckets": 131072,
                        "Original Hash Buckets": 131072,
                        "Hash Batches": 1,
                        "Original Hash Batches": 1,
                        "Peak Memory Usage": 6016,
                        "Plans": [
                          {
                            "Node Type": "Seq Scan",
                            "Parent Relationship": "Outer",
                            "Parallel Aware": true,
                            "Relation Name": "company_name",
                            "Alias": "cn1",
                            "Startup Cost": 0.0,
                            "Total Cost": 4722.92,
                            "Plan Rows": 50548,
                            "Plan Width": 23,
                            "Actual Startup Time": 0.017,
                            "Actual Total Time": 10.051,
                            "Actual Rows": 21211,
                            "Actual Loops": 4,
                            "Filter": "((country_code)::text = '[us]'::text)",
                            "Rows Removed by Filter": 37538
                          }
                        ]
                      }
                    ]
                  },
                  {
                    "Node Type": "Hash",
                    "Parent Relationship": "Inner",
                    "Parallel Aware": true,
                    "Startup Cost": 3617107.05,
                    "Total Cost": 3617107.05,
                    "Plan Rows": 1,
                    "Plan Width": 56,
                    "Actual Startup Time": 2204.629,
                    "Actual Total Time": 2204.655,
                    "Actual Rows": 2,
                    "Actual Loops": 4,
                    "Hash Buckets": 1024,
                    "Original Hash Buckets": 1024,
                    "Hash Batches": 1,
                    "Original Hash Batches": 1,
                    "Peak Memory Usage": 104,
                    "Plans": [
                      {
                        "Node Type": "Hash Join",
                        "Parent Relationship": "Outer",
                        "Parallel Aware": false,
                        "Join Type": "Inner",
                        "Startup Cost": 193691.28,
                        "Total Cost": 3617107.05,
                        "Plan Rows": 1,
                        "Plan Width": 56,
                        "Actual Startup Time": 2043.81,
                        "Actual Total Time": 2191.595,
                        "Actual Rows": 2,
                        "Actual Loops": 4,
                        "Inner Unique": false,
                        "Hash Cond": "(mc2.movie_id = t2.id)",
                        "Plans": [
                          {
                            "Node Type": "Hash Join",
                            "Parent Relationship": "Outer",
                            "Parallel Aware": true,
                            "Join Type": "Inner",
                            "Startup Cost": 37727.23,
                            "Total Cost": 3455387.56,
                            "Plan Rows": 1534782,
                            "Plan Width": 23,
                            "Actual Startup Time": 412.905,
                            "Actual Total Time": 569.651,
                            "Actual Rows": 652282,
                            "Actual Loops": 4,
                            "Inner Unique": false,
                            "Hash Cond": "(cn2.id = mc2.company_id)",
                            "Plans": [
                              {
                                "Node Type": "Seq Scan",
                                "Parent Relationship": "Outer",
                                "Parallel Aware": true,
                                "Relation Name": "company_name",
                                "Alias": "cn2",
                                "Startup Cost": 0.0,
                                "Total Cost": 4377.34,
                                "Plan Rows": 138234,
                                "Plan Width": 23,
                                "Actual Startup Time": 0.035,
                                "Actual Total Time": 7.036,
                                "Actual Rows": 58749,
                                "Actual Loops": 4
                              },
                              {
                                "Node Type": "Hash",
                                "Parent Relationship": "Inner",
                                "Parallel Aware": true,
                                "Startup Cost": 27206.55,
                                "Total Cost": 27206.55,
                                "Plan Rows": 841655,
                                "Plan Width": 8,
                                "Actual Startup Time": 400.417,
                                "Actual Total Time": 400.417,
                                "Actual Rows": 652282,
                                "Actual Loops": 4,
                                "Hash Buckets": 4194304,
                                "Original Hash Buckets": 4194304,
                                "Hash Batches": 1,
                                "Original Hash Batches": 1,
                                "Peak Memory Usage": 134912,
                                "Plans": [
                                  {
                                    "Node Type": "Seq Scan",
                                    "Parent Relationship": "Outer",
                                    "Parallel Aware": true,
                                    "Relation Name": "movie_companies",
                                    "Alias": "mc2",
                                    "Startup Cost": 0.0,
                                    "Total Cost": 27206.55,
                                    "Plan Rows": 841655,
                                    "Plan Width": 8,
                                    "Actual Startup Time": 0.111,
                                    "Actual Total Time": 137.739,
                                    "Actual Rows": 652282,
                                    "Actual Loops": 4
                                  }
                                ]
                              }
                            ]
                          },
                          {
                            "Node Type": "Hash",
                            "Parent Relationship": "Inner",
                            "Parallel Aware": false,
                            "Startup Cost": 155964.04,
                            "Total Cost": 155964.04,
                            "Plan Rows": 1,
                            "Plan Width": 49,
                            "Actual Startup Time": 1591.35,
                            "Actual Total Time": 1591.371,
                            "Actual Rows": 5,
                            "Actual Loops": 4,
                            "Hash Buckets": 1024,
                            "Original Hash Buckets": 1024,
                            "Hash Batches": 1,
                            "Original Hash Batches": 1,
                            "Peak Memory Usage": 9,
                            "Plans": [
                              {
                                "Node Type": "Hash Join",
                                "Parent Relationship": "Outer",
                                "Parallel Aware": false,
                                "Join Type": "Inner",
                                "Startup Cost": 155211.37,
                                "Total Cost": 155964.04,
                                "Plan Rows": 1,
                                "Plan Width": 49,
                                "Actual Startup Time": 1590.222,
                                "Actual Total Time": 1591.353,
                                "Actual Rows": 5,
                                "Actual Loops": 4,
                                "Inner Unique": false,
                                "Hash Cond": "(mi_idx1.movie_id = ml.movie_id)",
                                "Plans": [
                                  {
                                    "Node Type": "Hash Join",
                                    "Parent Relationship": "Outer",
                                    "Parallel Aware": false,
                                    "Join Type": "Inner",
                                    "Startup Cost": 38985.79,
                                    "Total Cost": 39692.65,
                                    "Plan Rows": 12213,
                                    "Plan Width": 10,
                                    "Actual Startup Time": 526.375,
                                    "Actual Total Time": 570.899,
                                    "Actual Rows": 459925,
                                    "Actual Loops": 4,
                                    "Inner Unique": false,
                                    "Hash Cond": "(it1.id = mi_idx1.info_type_id)",
                                    "Plans": [
                                      {
                                        "Node Type": "Seq Scan",
                                        "Parent Relationship": "Outer",
                                        "Parallel Aware": false,
                                        "Relation Name": "info_type",
                                        "Alias": "it1",
                                        "Startup Cost": 0.0,
                                        "Total Cost": 2.41,
                                        "Plan Rows": 1,
                                        "Plan Width": 4,
                                        "Actual Startup Time": 0.047,
                                        "Actual Total Time": 0.054,
                                        "Actual Rows": 1,
                                        "Actual Loops": 4,
                                        "Filter": "((info)::text = 'rating'::text COLLATE \"C\")",
                                        "Rows Removed by Filter": 112
                                      },
                                      {
                                        "Node Type": "Hash",
                                        "Parent Relationship": "Inner",
                                        "Parallel Aware": false,
                                        "Startup Cost": 21735.35,
                                        "Total Cost": 21735.35,
                                        "Plan Rows": 1380035,
                                        "Plan Width": 14,
                                        "Actual Startup Time": 508.331,
                                        "Actual Total Time": 508.331,
                                        "Actual Rows": 1380035,
                                        "Actual Loops": 4,
                                        "Hash Buckets": 2097152,
                                        "Original Hash Buckets": 2097152,
                                        "Hash Batches": 1,
                                        "Original Hash Batches": 1,
                                        "Peak Memory Usage": 79357,
                                        "Plans": [
                                          {
                                            "Node Type": "Seq Scan",
                                            "Parent Relationship": "Outer",
                                            "Parallel Aware": false,
                                            "Relation Name": "movie_info_idx",
                                            "Alias": "mi_idx1",
                                            "Startup Cost": 0.0,
                                            "Total Cost": 21735.35,
                                            "Plan Rows": 1380035,
                                            "Plan Width": 14,
                                            "Actual Startup Time": 0.049,
                                            "Actual Total Time": 208.617,
                                            "Actual Rows": 1380035,
                                            "Actual Loops": 4
                                          }
                                        ]
                                      }
                                    ]
                                  },
                                  {
                                    "Node Type": "Hash",
                                    "Parent Relationship": "Inner",
                                    "Parallel Aware": false,
                                    "Startup Cost": 116225.56,
                                    "Total Cost": 116225.56,
                                    "Plan Rows": 2,
                                    "Plan Width": 39,
                                    "Actual Startup Time": 995.84,
                                    "Actual Total Time": 995.857,
                                    "Actual Rows": 6,
                                    "Actual Loops": 4,
                                    "Hash Buckets": 1024,
                                    "Original Hash Buckets": 1024,
                                    "Hash Batches": 1,
                                    "Original Hash Batches": 1,
                                    "Peak Memory Usage": 9,
                                    "Plans": [
                                      {
                                        "Node Type": "Hash Join",
                                        "Parent Relationship": "Outer",
                                        "Parallel Aware": false,
                                        "Join Type": "Inner",
                                        "Startup Cost": 116198.44,
                                        "Total Cost": 116225.56,
                                        "Plan Rows": 2,
                                        "Plan Width": 39,
                                        "Actual Startup Time": 995.445,
                                        "Actual Total Time": 995.847,
                                        "Actual Rows": 6,
                                        "Actual Loops": 4,
                                        "Inner Unique": false,
                                        "Hash Cond": "(t2.id = ml.linked_movie_id)",
                                        "Plans": [
                                          {
                                            "Node Type": "Hash Join",
                                            "Parent Relationship": "Outer",
                                            "Parallel Aware": false,
                                            "Join Type": "Inner",
                                            "Startup Cost": 115214.52,
                                            "Total Cost": 115233.03,
                                            "Plan Rows": 153,
                                            "Plan Width": 31,
                                            "Actual Startup Time": 983.533,
                                            "Actual Total Time": 983.76,
                                            "Actual Rows": 1182,
                                            "Actual Loops": 4,
                                            "Inner Unique": false,
                                            "Hash Cond": "(it2.id = mi_idx2.info_type_id)",
                                            "Plans": [
                                              {
                                                "Node Type": "Seq Scan",
                                                "Parent Relationship": "Outer",
                                                "Parallel Aware": false,
                                                "Relation Name": "info_type",
                                                "Alias": "it2",
                                                "Startup Cost": 0.0,
                                                "Total Cost": 2.41,
                                                "Plan Rows": 1,
                                                "Plan Width": 4,
                                                "Actual Startup Time": 0.023,
                                                "Actual Total Time": 0.028,
                                                "Actual Rows": 1,
                                                "Actual Loops": 4,
                                                "Filter": "((info)::text = 'rating'::text COLLATE \"C\")",
                                                "Rows Removed by Filter": 112
                                              },
                                              {
                                                "Node Type": "Hash",
                                                "Parent Relationship": "Inner",
                                                "Parallel Aware": false,
                                                "Startup Cost": 114998.89,
                                                "Total Cost": 114998.89,
                                                "Plan Rows": 17251,
                                                "Plan Width": 35,
                                                "Actual Startup Time": 983.261,
                                                "Actual Total Time": 983.266,
                                                "Actual Rows": 11458,
                                                "Actual Loops": 4,
                                                "Hash Buckets": 32768,
                                                "Original Hash Buckets": 32768,
                                                "Hash Batches": 1,
                                                "Original Hash Batches": 1,
                                                "Peak Memory Usage": 1063,
                                                "Plans": [
                                                  {
                                                    "Node Type": "Hash Join",
                                                    "Parent Relationship": "Outer",
                                                    "Parallel Aware": false,
                                                    "Join Type": "Inner",
                                                    "Startup Cost": 113218.81,
                                                    "Total Cost": 114998.89,
                                                    "Plan Rows": 17251,
                                                    "Plan Width": 35,
                                                    "Actual Startup Time": 967.668,
                                                    "Actual Total Time": 979.947,
                                                    "Actual Rows": 11458,
                                                    "Actual Loops": 4,
                                                    "Inner Unique": false,
                                                    "Hash Cond": "(t2.id = mi_idx2.movie_id)",
                                                    "Plans": [
                                                      {
                                                        "Node Type": "Hash Join",
                                                        "Parent Relationship": "Outer",
                                                        "Parallel Aware": false,
                                                        "Join Type": "Inner",
                                                        "Startup Cost": 79548.31,
                                                        "Total Cost": 80754.26,
                                                        "Plan Rows": 64259,
                                                        "Plan Width": 21,
                                                        "Actual Startup Time": 529.284,
                                                        "Actual Total Time": 533.105,
                                                        "Actual Rows": 15807,
                                                        "Actual Loops": 4,
                                                        "Inner Unique": false,
                                                        "Hash Cond": "(kt2.id = t2.kind_id)",
                                                        "Plans": [
                                                          {
                                                            "Node Type": "Seq Scan",
                                                            "Parent Relationship": "Outer",
                                                            "Parallel Aware": false,
                                                            "Relation Name": "kind_type",
                                                            "Alias": "kt2",
                                                            "Startup Cost": 0.0,
                                                            "Total Cost": 1.09,
                                                            "Plan Rows": 1,
                                                            "Plan Width": 4,
                                                            "Actual Startup Time": 0.04,
                                                            "Actual Total Time": 0.045,
                                                            "Actual Rows": 1,
                                                            "Actual Loops": 4,
                                                            "Filter": "((kind)::text = 'tv series'::text COLLATE \"C\")",
                                                            "Rows Removed by Filter": 6
                                                          },
                                                          {
                                                            "Node Type": "Hash",
                                                            "Parent Relationship": "Inner",
                                                            "Parallel Aware": false,
                                                            "Startup Cost": 73925.64,
                                                            "Total Cost": 73925.64,
                                                            "Plan Rows": 449814,
                                                            "Plan Width": 25,
                                                            "Actual Startup Time": 526.215,
                                                            "Actual Total Time": 526.216,
                                                            "Actual Rows": 445860,
                                                            "Actual Loops": 4,
                                                            "Hash Buckets": 524288,
                                                            "Original Hash Buckets": 524288,
                                                            "Hash Batches": 1,
                                                            "Original Hash Batches": 1,
                                                            "Peak Memory Usage": 29580,
                                                            "Plans": [
                                                              {
                                                                "Node Type": "Seq Scan",
                                                                "Parent Relationship": "Outer",
                                                                "Parallel Aware": false,
                                                                "Relation Name": "title",
                                                                "Alias": "t2",
                                                                "Startup Cost": 0.0,
                                                                "Total Cost": 73925.64,
                                                                "Plan Rows": 449814,
                                                                "Plan Width": 25,
                                                                "Actual Startup Time": 0.043,
                                                                "Actual Total Time": 413.16,
                                                                "Actual Rows": 445860,
                                                                "Actual Loops": 4,
                                                                "Filter": "((production_year >= 2005) AND (production_year <= 2008))",
                                                                "Rows Removed by Filter": 2082452
                                                              }
                                                            ]
                                                          }
                                                        ]
                                                      },
                                                      {
                                                        "Node Type": "Hash",
                                                        "Parent Relationship": "Inner",
                                                        "Parallel Aware": false,
                                                        "Startup Cost": 25185.44,
                                                        "Total Cost": 25185.44,
                                                        "Plan Rows": 678805,
                                                        "Plan Width": 14,
                                                        "Actual Startup Time": 431.021,
                                                        "Actual Total Time": 431.023,
                                                        "Actual Rows": 674828,
                                                        "Actual Loops": 4,
                                                        "Hash Buckets": 1048576,
                                                        "Original Hash Buckets": 1048576,
                                                        "Hash Batches": 1,
                                                        "Original Hash Batches": 1,
                                                        "Peak Memory Usage": 40659,
                                                        "Plans": [
                                                          {
                                                            "Node Type": "Seq Scan",
                                                            "Parent Relationship": "Outer",
                                                            "Parallel Aware": false,
                                                            "Relation Name": "movie_info_idx",
                                                            "Alias": "mi_idx2",
                                                            "Startup Cost": 0.0,
                                                            "Total Cost": 25185.44,
                                                            "Plan Rows": 678805,
                                                            "Plan Width": 14,
                                                            "Actual Startup Time": 0.021,
                                                            "Actual Total Time": 208.183,
                                                            "Actual Rows": 674828,
                                                            "Actual Loops": 4,
                                                            "Filter": "(info < '3.0'::text)",
                                                            "Rows Removed by Filter": 705207
                                                          }
                                                        ]
                                                      }
                                                    ]
                                                  }
                                                ]
                                              }
                                            ]
                                          },
                                          {
                                            "Node Type": "Hash",
                                            "Parent Relationship": "Inner",
                                            "Parallel Aware": false,
                                            "Startup Cost": 921.41,
                                            "Total Cost": 921.41,
                                            "Plan Rows": 5000,
                                            "Plan Width": 8,
                                            "Actual Startup Time": 11.817,
                                            "Actual Total Time": 11.82,
                                            "Actual Rows": 2315,
                                            "Actual Loops": 4,
                                            "Hash Buckets": 8192,
                                            "Original Hash Buckets": 8192,
                                            "Hash Batches": 1,
                                            "Original Hash Batches": 1,
                                            "Peak Memory Usage": 155,
                                            "Plans": [
                                              {
                                                "Node Type": "Hash Join",
                                                "Parent Relationship": "Outer",
                                                "Parallel Aware": false,
                                                "Join Type": "Inner",
                                                "Startup Cost": 837.93,
                                                "Total Cost": 921.41,
                                                "Plan Rows": 5000,
                                                "Plan Width": 8,
                                                "Actual Startup Time": 11.053,
                                                "Actual Total Time": 11.375,
                                                "Actual Rows": 2315,
                                                "Actual Loops": 4,
                                                "Inner Unique": false,
                                                "Hash Cond": "(lt.id = ml.link_type_id)",
                                                "Plans": [
                                                  {
                                                    "Node Type": "Seq Scan",
                                                    "Parent Relationship": "Outer",
                                                    "Parallel Aware": false,
                                                    "Relation Name": "link_type",
                                                    "Alias": "lt",
                                                    "Startup Cost": 0.0,
                                                    "Total Cost": 1.25,
                                                    "Plan Rows": 3,
                                                    "Plan Width": 4,
                                                    "Actual Startup Time": 0.056,
                                                    "Actual Total Time": 0.062,
                                                    "Actual Rows": 2,
                                                    "Actual Loops": 4,
                                                    "Filter": "((link)::text = ANY ('{sequel,follows,\"followed by\"}'::text[]))",
                                                    "Rows Removed by Filter": 16
                                                  },
                                                  {
                                                    "Node Type": "Hash",
                                                    "Parent Relationship": "Inner",
                                                    "Parallel Aware": false,
                                                    "Startup Cost": 462.97,
                                                    "Total Cost": 462.97,
                                                    "Plan Rows": 29997,
                                                    "Plan Width": 12,
                                                    "Actual Startup Time": 10.76,
                                                    "Actual Total Time": 10.761,
                                                    "Actual Rows": 29997,
                                                    "Actual Loops": 4,
                                                    "Hash Buckets": 32768,
                                                    "Original Hash Buckets": 32768,
                                                    "Hash Batches": 1,
                                                    "Original Hash Batches": 1,
                                                    "Peak Memory Usage": 1545,
                                                    "Plans": [
                                                      {
                                                        "Node Type": "Seq Scan",
                                                        "Parent Relationship": "Outer",
                                                        "Parallel Aware": false,
                                                        "Relation Name": "movie_link",
                                                        "Alias": "ml",
                                                        "Startup Cost": 0.0,
                                                        "Total Cost": 462.97,
                                                        "Plan Rows": 29997,
                                                        "Plan Width": 12,
                                                        "Actual Startup Time": 0.029,
                                                        "Actual Total Time": 4.986,
                                                        "Actual Rows": 29997,
                                                        "Actual Loops": 4
                                                      }
                                                    ]
                                                  }
                                                ]
                                              }
                                            ]
                                          }
                                        ]
                                      }
                                    ]
                                  }
                                ]
                              }
                            ]
                          }
                        ]
                      }
                    ]
                  }
                ]
              }
            ]
          },
          {
            "Node Type": "Hash",
            "Parent Relationship": "Inner",
            "Parallel Aware": false,
            "Startup Cost": 1.09,
            "Total Cost": 1.09,
            "Plan Rows": 1,
            "Plan Width": 4,
            "Actual Startup Time": 0.092,
            "Actual Total Time": 0.094,
            "Actual Rows": 1,
            "Actual Loops": 1,
            "Hash Buckets": 1024,
            "Original Hash Buckets": 1024,
            "Hash Batches": 1,
            "Original Hash Batches": 1,
            "Peak Memory Usage": 9,
            "Plans": [
              {
                "Node Type": "Seq Scan",
                "Parent Relationship": "Outer",
                "Parallel Aware": false,
                "Relation Name": "kind_type",
                "Alias": "kt1",
                "Startup Cost": 0.0,
                "Total Cost": 1.09,
                "Plan Rows": 1,
                "Plan Width": 4,
                "Actual Startup Time": 0.081,
                "Actual Total Time": 0.083,
                "Actual Rows": 1,
                "Actual Loops": 1,
                "Filter": "((kind)::text = 'tv series'::text COLLATE \"C\")",
                "Rows Removed by Filter": 6
              }
            ]
          }
        ]
      }
    ]
  },
  "Planning Time": 362.145,
  "Triggers": [],
  "Execution Time": 3222.687
}