{
    "Plan": {
        "Node Type": "Aggregate",
        "Strategy": "Plain",
        "Partial Mode": "Finalize",
        "Parallel Aware": false,
        "Startup Cost": 76532.09,
        "Total Cost": 76532.1,
        "Plan Rows": 1,
        "Plan Width": 8,
        "Actual Startup Time": 215.87,
        "Actual Total Time": 230.794,
        "Actual Rows": 1,
        "Actual Loops": 1,
        "Output": [
            "count(*)"
        ],
        "Plans": [
            {
                "Node Type": "Gather",
                "Parent Relationship": "Outer",
                "Parallel Aware": false,
                "Startup Cost": 76531.77,
                "Total Cost": 76532.08,
                "Plan Rows": 3,
                "Plan Width": 8,
                "Actual Startup Time": 214.136,
                "Actual Total Time": 230.788,
                "Actual Rows": 4,
                "Actual Loops": 1,
                "Output": [
                    "(PARTIAL count(*))"
                ],
                "Workers Planned": 3,
                "Workers Launched": 3,
                "Single Copy": false,
                "Plans": [
                    {
                        "Node Type": "Aggregate",
                        "Strategy": "Plain",
                        "Partial Mode": "Partial",
                        "Parent Relationship": "Outer",
                        "Parallel Aware": false,
                        "Startup Cost": 75531.77,
                        "Total Cost": 75531.78,
                        "Plan Rows": 1,
                        "Plan Width": 8,
                        "Actual Startup Time": 205.205,
                        "Actual Total Time": 205.265,
                        "Actual Rows": 1,
                        "Actual Loops": 4,
                        "Output": [
                            "PARTIAL count(*)"
                        ],
                        "Workers": [
                            {
                                "Worker Number": 0,
                                "Actual Startup Time": 202.647,
                                "Actual Total Time": 202.65,
                                "Actual Rows": 1,
                                "Actual Loops": 1
                            },
                            {
                                "Worker Number": 1,
                                "Actual Startup Time": 202.349,
                                "Actual Total Time": 202.352,
                                "Actual Rows": 1,
                                "Actual Loops": 1
                            },
                            {
                                "Worker Number": 2,
                                "Actual Startup Time": 202.42,
                                "Actual Total Time": 202.423,
                                "Actual Rows": 1,
                                "Actual Loops": 1
                            }
                        ],
                        "Plans": [
                            {
                                "Node Type": "Hash Join",
                                "Parent Relationship": "Outer",
                                "Parallel Aware": true,
                                "Join Type": "Inner",
                                "Startup Cost": 46088.57,
                                "Total Cost": 75522.71,
                                "Plan Rows": 3627,
                                "Plan Width": 0,
                                "Actual Startup Time": 177.727,
                                "Actual Total Time": 204.765,
                                "Actual Rows": 9921,
                                "Actual Loops": 4,
                                "Inner Unique": true,
                                "Hash Cond": "(mc.movie_id = t.id)",
                                "Workers": [
                                    {
                                        "Worker Number": 0,
                                        "Actual Startup Time": 174.905,
                                        "Actual Total Time": 202.124,
                                        "Actual Rows": 6987,
                                        "Actual Loops": 1
                                    },
                                    {
                                        "Worker Number": 1,
                                        "Actual Startup Time": 174.958,
                                        "Actual Total Time": 201.856,
                                        "Actual Rows": 10942,
                                        "Actual Loops": 1
                                    },
                                    {
                                        "Worker Number": 2,
                                        "Actual Startup Time": 175.024,
                                        "Actual Total Time": 201.978,
                                        "Actual Rows": 9476,
                                        "Actual Loops": 1
                                    }
                                ],
                                "Plans": [
                                    {
                                        "Node Type": "Seq Scan",
                                        "Parent Relationship": "Outer",
                                        "Parallel Aware": true,
                                        "Relation Name": "movie_companies",
                                        "Schema": "public",
                                        "Alias": "mc",
                                        "Startup Cost": 0.0,
                                        "Total Cost": 29310.68,
                                        "Plan Rows": 47030,
                                        "Plan Width": 4,
                                        "Actual Startup Time": 41.95,
                                        "Actual Total Time": 57.205,
                                        "Actual Rows": 37149,
                                        "Actual Loops": 4,
                                        "Output": [
                                            "mc.id",
                                            "mc.movie_id",
                                            "mc.company_id",
                                            "mc.company_type_id",
                                            "mc.note"
                                        ],
                                        "Filter": "(mc.company_id > 132724)",
                                        "Rows Removed by Filter": 615133,
                                        "Workers": [
                                            {
                                                "Worker Number": 0,
                                                "Actual Startup Time": 41.959,
                                                "Actual Total Time": 58.383,
                                                "Actual Rows": 27414,
                                                "Actual Loops": 1
                                            },
                                            {
                                                "Worker Number": 1,
                                                "Actual Startup Time": 41.952,
                                                "Actual Total Time": 57.218,
                                                "Actual Rows": 40738,
                                                "Actual Loops": 1
                                            },
                                            {
                                                "Worker Number": 2,
                                                "Actual Startup Time": 41.947,
                                                "Actual Total Time": 56.724,
                                                "Actual Rows": 35060,
                                                "Actual Loops": 1
                                            }
                                        ]
                                    },
                                    {
                                        "Node Type": "Hash",
                                        "Parent Relationship": "Inner",
                                        "Parallel Aware": true,
                                        "Startup Cost": 45479.21,
                                        "Total Cost": 45479.21,
                                        "Plan Rows": 48749,
                                        "Plan Width": 4,
                                        "Actual Startup Time": 133.536,
                                        "Actual Total Time": 133.537,
                                        "Actual Rows": 81508,
                                        "Actual Loops": 4,
                                        "Output": [
                                            "t.id"
                                        ],
                                        "Hash Buckets": 524288,
                                        "Original Hash Buckets": 262144,
                                        "Hash Batches": 1,
                                        "Original Hash Batches": 1,
                                        "Peak Memory Usage": 18944,
                                        "Workers": [
                                            {
                                                "Worker Number": 0,
                                                "Actual Startup Time": 132.36,
                                                "Actual Total Time": 132.361,
                                                "Actual Rows": 58764,
                                                "Actual Loops": 1
                                            },
                                            {
                                                "Worker Number": 1,
                                                "Actual Startup Time": 132.373,
                                                "Actual Total Time": 132.374,
                                                "Actual Rows": 87775,
                                                "Actual Loops": 1
                                            },
                                            {
                                                "Worker Number": 2,
                                                "Actual Startup Time": 132.432,
                                                "Actual Total Time": 132.433,
                                                "Actual Rows": 76578,
                                                "Actual Loops": 1
                                            }
                                        ],
                                        "Plans": [
                                            {
                                                "Node Type": "Seq Scan",
                                                "Parent Relationship": "Outer",
                                                "Parallel Aware": true,
                                                "Relation Name": "title",
                                                "Schema": "public",
                                                "Alias": "t",
                                                "Startup Cost": 0.0,
                                                "Total Cost": 45479.21,
                                                "Plan Rows": 48749,
                                                "Plan Width": 4,
                                                "Actual Startup Time": 61.596,
                                                "Actual Total Time": 103.046,
                                                "Actual Rows": 81508,
                                                "Actual Loops": 4,
                                                "Output": [
                                                    "t.id"
                                                ],
                                                "Filter": "((t.production_year < 1992) AND (t.kind_id = 1))",
                                                "Rows Removed by Filter": 550570,
                                                "Workers": [
                                                    {
                                                        "Worker Number": 0,
                                                        "Actual Startup Time": 60.466,
                                                        "Actual Total Time": 103.271,
                                                        "Actual Rows": 58764,
                                                        "Actual Loops": 1
                                                    },
                                                    {
                                                        "Worker Number": 1,
                                                        "Actual Startup Time": 60.322,
                                                        "Actual Total Time": 102.653,
                                                        "Actual Rows": 87775,
                                                        "Actual Loops": 1
                                                    },
                                                    {
                                                        "Worker Number": 2,
                                                        "Actual Startup Time": 60.442,
                                                        "Actual Total Time": 101.01,
                                                        "Actual Rows": 76578,
                                                        "Actual Loops": 1
                                                    }
                                                ]
                                            }
                                        ]
                                    }
                                ]
                            }
                        ]
                    }
                ]
            }
        ]
    },
    "Planning Time": 0.697,
    "Triggers": [],
    "Execution Time": 230.863
}