[
    {
        "Bao": {
            "Bao prediction": "NaN",
            "Bao recommended hint": "(no hint)"
        }
    },
    {
        "Plan": {
            "Node Type": "Aggregate",
            "Strategy": "Plain",
            "Partial Mode": "Finalize",
            "Parallel Aware": false,
            "Startup Cost": 351072.52,
            "Total Cost": 351072.53,
            "Plan Rows": 1,
            "Plan Width": 8,
            "Actual Startup Time": 841.644,
            "Actual Total Time": 872.411,
            "Actual Rows": 1,
            "Actual Loops": 1,
            "Output": [
                "count(*)"
            ],
            "Plans": [
                {
                    "Node Type": "Gather",
                    "Parent Relationship": "Outer",
                    "Parallel Aware": false,
                    "Startup Cost": 351071.89,
                    "Total Cost": 351072.5,
                    "Plan Rows": 6,
                    "Plan Width": 8,
                    "Actual Startup Time": 841.543,
                    "Actual Total Time": 872.401,
                    "Actual Rows": 7,
                    "Actual Loops": 1,
                    "Output": [
                        "(PARTIAL count(*))"
                    ],
                    "Workers Planned": 6,
                    "Workers Launched": 6,
                    "Single Copy": false,
                    "Plans": [
                        {
                            "Node Type": "Aggregate",
                            "Strategy": "Plain",
                            "Partial Mode": "Partial",
                            "Parent Relationship": "Outer",
                            "Parallel Aware": false,
                            "Startup Cost": 350071.89,
                            "Total Cost": 350071.9,
                            "Plan Rows": 1,
                            "Plan Width": 8,
                            "Actual Startup Time": 831.437,
                            "Actual Total Time": 831.438,
                            "Actual Rows": 1,
                            "Actual Loops": 7,
                            "Output": [
                                "PARTIAL count(*)"
                            ],
                            "Workers": [
                                {
                                    "Worker Number": 0,
                                    "Actual Startup Time": 829.157,
                                    "Actual Total Time": 829.158,
                                    "Actual Rows": 1,
                                    "Actual Loops": 1
                                },
                                {
                                    "Worker Number": 1,
                                    "Actual Startup Time": 829.101,
                                    "Actual Total Time": 829.103,
                                    "Actual Rows": 1,
                                    "Actual Loops": 1
                                },
                                {
                                    "Worker Number": 2,
                                    "Actual Startup Time": 829.84,
                                    "Actual Total Time": 829.841,
                                    "Actual Rows": 1,
                                    "Actual Loops": 1
                                },
                                {
                                    "Worker Number": 3,
                                    "Actual Startup Time": 830.214,
                                    "Actual Total Time": 830.214,
                                    "Actual Rows": 1,
                                    "Actual Loops": 1
                                },
                                {
                                    "Worker Number": 4,
                                    "Actual Startup Time": 830.28,
                                    "Actual Total Time": 830.281,
                                    "Actual Rows": 1,
                                    "Actual Loops": 1
                                },
                                {
                                    "Worker Number": 5,
                                    "Actual Startup Time": 830.67,
                                    "Actual Total Time": 830.671,
                                    "Actual Rows": 1,
                                    "Actual Loops": 1
                                }
                            ],
                            "Plans": [
                                {
                                    "Node Type": "Seq Scan",
                                    "Parent Relationship": "Outer",
                                    "Parallel Aware": true,
                                    "Relation Name": "cast_info",
                                    "Schema": "public",
                                    "Alias": "ci",
                                    "Startup Cost": 0.0,
                                    "Total Cost": 343318.94,
                                    "Plan Rows": 2701181,
                                    "Plan Width": 0,
                                    "Actual Startup Time": 216.679,
                                    "Actual Total Time": 688.794,
                                    "Actual Rows": 2917524,
                                    "Actual Loops": 7,
                                    "Output": [
                                        "id",
                                        "person_id",
                                        "movie_id",
                                        "person_role_id",
                                        "note",
                                        "nr_order",
                                        "role_id"
                                    ],
                                    "Filter": "((ci.person_id > 1107156) AND (ci.role_id > 1))",
                                    "Rows Removed by Filter": 2260240,
                                    "Workers": [
                                        {
                                            "Worker Number": 0,
                                            "Actual Startup Time": 214.401,
                                            "Actual Total Time": 687.451,
                                            "Actual Rows": 2138079,
                                            "Actual Loops": 1
                                        },
                                        {
                                            "Worker Number": 1,
                                            "Actual Startup Time": 214.351,
                                            "Actual Total Time": 687.946,
                                            "Actual Rows": 2122203,
                                            "Actual Loops": 1
                                        },
                                        {
                                            "Worker Number": 2,
                                            "Actual Startup Time": 215.076,
                                            "Actual Total Time": 690.301,
                                            "Actual Rows": 2109023,
                                            "Actual Loops": 1
                                        },
                                        {
                                            "Worker Number": 3,
                                            "Actual Startup Time": 215.457,
                                            "Actual Total Time": 694.91,
                                            "Actual Rows": 3301038,
                                            "Actual Loops": 1
                                        },
                                        {
                                            "Worker Number": 4,
                                            "Actual Startup Time": 215.535,
                                            "Actual Total Time": 694.384,
                                            "Actual Rows": 3336171,
                                            "Actual Loops": 1
                                        },
                                        {
                                            "Worker Number": 5,
                                            "Actual Startup Time": 215.894,
                                            "Actual Total Time": 690.409,
                                            "Actual Rows": 3406937,
                                            "Actual Loops": 1
                                        }
                                    ]
                                }
                            ]
                        }
                    ]
                }
            ]
        },
        "Planning Time": 185.614,
        "Triggers": [],
        "Execution Time": 872.51
    }
]