[
  {
    "Plan": {
      "Node Type": "Aggregate",
      "Strategy": "Plain",
      "Partial Mode": "Simple",
      "Parallel Aware": false,
      "Startup Cost": 9863.38,
      "Total Cost": 9863.39,
      "Plan Rows": 1,
      "Plan Width": 8,
      "Actual Startup Time": 7.515,
      "Actual Total Time": 7.517,
      "Actual Rows": 1,
      "Actual Loops": 1,
      "Plans": [
        {
          "Node Type": "Index Scan",
          "Parent Relationship": "Outer",
          "Parallel Aware": false,
          "Scan Direction": "Forward",
          "Index Name": "company_id_movie_companies",
          "Relation Name": "movie_companies",
          "Alias": "mc",
          "Startup Cost": 0.43,
          "Total Cost": 9858.24,
          "Plan Rows": 2055,
          "Plan Width": 0,
          "Actual Startup Time": 0.105,
          "Actual Total Time": 6.872,
          "Actual Rows": 3722,
          "Actual Loops": 1,
          "Index Cond": "(company_id = 312)",
          "Rows Removed by Index Recheck": 0,
          "Filter": "(company_type_id = 1)",
          "Rows Removed by Filter": 260
        }
      ]
    },
    "Planning Time": 0.236,
    "Triggers": [],
    "Execution Time": 7.57
  }
]