[
    {
        "Bao": {
            "Bao prediction": "NaN",
            "Bao recommended hint": "(no hint)"
        }
    },
    {
        "Plan": {
            "Node Type": "Aggregate",
            "Strategy": "Plain",
            "Partial Mode": "Finalize",
            "Parallel Aware": false,
            "Startup Cost": 33451.72,
            "Total Cost": 33451.73,
            "Plan Rows": 1,
            "Plan Width": 8,
            "Actual Startup Time": 99.716,
            "Actual Total Time": 104.0,
            "Actual Rows": 1,
            "Actual Loops": 1,
            "Output": [
                "count(*)"
            ],
            "Plans": [
                {
                    "Node Type": "Gather",
                    "Parent Relationship": "Outer",
                    "Parallel Aware": false,
                    "Startup Cost": 33451.4,
                    "Total Cost": 33451.71,
                    "Plan Rows": 3,
                    "Plan Width": 8,
                    "Actual Startup Time": 99.623,
                    "Actual Total Time": 103.993,
                    "Actual Rows": 4,
                    "Actual Loops": 1,
                    "Output": [
                        "(PARTIAL count(*))"
                    ],
                    "Workers Planned": 3,
                    "Workers Launched": 3,
                    "Single Copy": false,
                    "Plans": [
                        {
                            "Node Type": "Aggregate",
                            "Strategy": "Plain",
                            "Partial Mode": "Partial",
                            "Parent Relationship": "Outer",
                            "Parallel Aware": false,
                            "Startup Cost": 32451.4,
                            "Total Cost": 32451.41,
                            "Plan Rows": 1,
                            "Plan Width": 8,
                            "Actual Startup Time": 91.67,
                            "Actual Total Time": 91.671,
                            "Actual Rows": 1,
                            "Actual Loops": 4,
                            "Output": [
                                "PARTIAL count(*)"
                            ],
                            "Workers": [
                                {
                                    "Worker Number": 0,
                                    "Actual Startup Time": 88.959,
                                    "Actual Total Time": 88.96,
                                    "Actual Rows": 1,
                                    "Actual Loops": 1
                                },
                                {
                                    "Worker Number": 1,
                                    "Actual Startup Time": 89.098,
                                    "Actual Total Time": 89.1,
                                    "Actual Rows": 1,
                                    "Actual Loops": 1
                                },
                                {
                                    "Worker Number": 2,
                                    "Actual Startup Time": 89.269,
                                    "Actual Total Time": 89.27,
                                    "Actual Rows": 1,
                                    "Actual Loops": 1
                                }
                            ],
                            "Plans": [
                                {
                                    "Node Type": "Seq Scan",
                                    "Parent Relationship": "Outer",
                                    "Parallel Aware": true,
                                    "Relation Name": "movie_companies",
                                    "Schema": "public",
                                    "Alias": "mc",
                                    "Startup Cost": 0.0,
                                    "Total Cost": 31414.82,
                                    "Plan Rows": 414634,
                                    "Plan Width": 0,
                                    "Actual Startup Time": 40.485,
                                    "Actual Total Time": 77.993,
                                    "Actual Rows": 311262,
                                    "Actual Loops": 4,
                                    "Output": [
                                        "id",
                                        "movie_id",
                                        "company_id",
                                        "company_type_id",
                                        "note"
                                    ],
                                    "Filter": "((mc.company_id < 163808) AND (mc.company_type_id = 2))",
                                    "Rows Removed by Filter": 341020,
                                    "Workers": [
                                        {
                                            "Worker Number": 0,
                                            "Actual Startup Time": 37.766,
                                            "Actual Total Time": 75.325,
                                            "Actual Rows": 331791,
                                            "Actual Loops": 1
                                        },
                                        {
                                            "Worker Number": 1,
                                            "Actual Startup Time": 37.926,
                                            "Actual Total Time": 75.513,
                                            "Actual Rows": 207602,
                                            "Actual Loops": 1
                                        },
                                        {
                                            "Worker Number": 2,
                                            "Actual Startup Time": 38.079,
                                            "Actual Total Time": 75.697,
                                            "Actual Rows": 331672,
                                            "Actual Loops": 1
                                        }
                                    ]
                                }
                            ]
                        }
                    ]
                }
            ]
        },
        "Planning Time": 181.459,
        "Triggers": [],
        "Execution Time": 104.051
    }
]