[
  {
    "Plan": {
      "Node Type": "Aggregate",
      "Strategy": "Plain",
      "Partial Mode": "Finalize",
      "Parallel Aware": false,
      "Startup Cost": 120110.48,
      "Total Cost": 120110.49,
      "Plan Rows": 1,
      "Plan Width": 8,
      "Actual Startup Time": 580.869,
      "Actual Total Time": 598.544,
      "Actual Rows": 1,
      "Actual Loops": 1,
      "Plans": [
        {
          "Node Type": "Gather",
          "Parent Relationship": "Outer",
          "Parallel Aware": false,
          "Startup Cost": 120110.16,
          "Total Cost": 120110.47,
          "Plan Rows": 3,
          "Plan Width": 8,
          "Actual Startup Time": 578.871,
          "Actual Total Time": 598.526,
          "Actual Rows": 4,
          "Actual Loops": 1,
          "Workers Planned": 3,
          "Workers Launched": 3,
          "Single Copy": false,
          "Plans": [
            {
              "Node Type": "Aggregate",
              "Strategy": "Plain",
              "Partial Mode": "Partial",
              "Parent Relationship": "Outer",
              "Parallel Aware": false,
              "Startup Cost": 119110.16,
              "Total Cost": 119110.17,
              "Plan Rows": 1,
              "Plan Width": 8,
              "Actual Startup Time": 571.099,
              "Actual Total Time": 571.415,
              "Actual Rows": 1,
              "Actual Loops": 4,
              "Plans": [
                {
                  "Node Type": "Hash Join",
                  "Parent Relationship": "Outer",
                  "Parallel Aware": true,
                  "Join Type": "Inner",
                  "Startup Cost": 74116.14,
                  "Total Cost": 118873.06,
                  "Plan Rows": 94840,
                  "Plan Width": 0,
                  "Actual Startup Time": 348.513,
                  "Actual Total Time": 543.831,
                  "Actual Rows": 685834,
                  "Actual Loops": 4,
                  "Inner Unique": false,
                  "Hash Cond": "(mk.movie_id = t.id)",
                  "Plans": [
                    {
                      "Node Type": "Seq Scan",
                      "Parent Relationship": "Outer",
                      "Parallel Aware": true,
                      "Relation Name": "movie_keyword",
                      "Alias": "mk",
                      "Startup Cost": 0.0,
                      "Total Cost": 39047.32,
                      "Plan Rows": 1459332,
                      "Plan Width": 4,
                      "Actual Startup Time": 0.026,
                      "Actual Total Time": 86.462,
                      "Actual Rows": 1130982,
                      "Actual Loops": 4
                    },
                    {
                      "Node Type": "Hash",
                      "Parent Relationship": "Inner",
                      "Parallel Aware": true,
                      "Startup Cost": 73602.67,
                      "Total Cost": 73602.67,
                      "Plan Rows": 41078,
                      "Plan Width": 8,
                      "Actual Startup Time": 311.506,
                      "Actual Total Time": 311.821,
                      "Actual Rows": 81996,
                      "Actual Loops": 4,
                      "Hash Buckets": 524288,
                      "Original Hash Buckets": 262144,
                      "Hash Batches": 1,
                      "Original Hash Batches": 1,
                      "Peak Memory Usage": 19008,
                      "Plans": [
                        {
                          "Node Type": "Hash Join",
                          "Parent Relationship": "Outer",
                          "Parallel Aware": true,
                          "Join Type": "Inner",
                          "Startup Cost": 27991.06,
                          "Total Cost": 73602.67,
                          "Plan Rows": 41078,
                          "Plan Width": 8,
                          "Actual Startup Time": 109.08,
                          "Actual Total Time": 282.185,
                          "Actual Rows": 81996,
                          "Actual Loops": 4,
                          "Inner Unique": false,
                          "Hash Cond": "(t.id = mc.movie_id)",
                          "Plans": [
                            {
                              "Node Type": "Seq Scan",
                              "Parent Relationship": "Outer",
                              "Parallel Aware": true,
                              "Relation Name": "title",
                              "Alias": "t",
                              "Startup Cost": 0.0,
                              "Total Cost": 42318.73,
                              "Plan Rows": 632073,
                              "Plan Width": 4,
                              "Actual Startup Time": 0.01,
                              "Actual Total Time": 71.621,
                              "Actual Rows": 632078,
                              "Actual Loops": 4
                            },
                            {
                              "Node Type": "Hash",
                              "Parent Relationship": "Inner",
                              "Parallel Aware": true,
                              "Startup Cost": 27328.51,
                              "Total Cost": 27328.51,
                              "Plan Rows": 53004,
                              "Plan Width": 4,
                              "Actual Startup Time": 91.461,
                              "Actual Total Time": 91.463,
                              "Actual Rows": 81996,
                              "Actual Loops": 4,
                              "Hash Buckets": 524288,
                              "Original Hash Buckets": 262144,
                              "Hash Batches": 1,
                              "Original Hash Batches": 1,
                              "Peak Memory Usage": 19040,
                              "Plans": [
                                {
                                  "Node Type": "Bitmap Heap Scan",
                                  "Parent Relationship": "Outer",
                                  "Parallel Aware": true,
                                  "Relation Name": "movie_companies",
                                  "Alias": "mc",
                                  "Startup Cost": 6972.63,
                                  "Total Cost": 27328.51,
                                  "Plan Rows": 53004,
                                  "Plan Width": 4,
                                  "Actual Startup Time": 26.225,
                                  "Actual Total Time": 57.644,
                                  "Actual Rows": 81996,
                                  "Actual Loops": 4,
                                  "Recheck Cond": "(company_id > 91160)",
                                  "Rows Removed by Index Recheck": 0,
                                  "Filter": "(company_type_id = 2)",
                                  "Rows Removed by Filter": 0,
                                  "Exact Heap Blocks": 1948,
                                  "Lossy Heap Blocks": 0,
                                  "Plans": [
                                    {
                                      "Node Type": "Bitmap Index Scan",
                                      "Parent Relationship": "Outer",
                                      "Parallel Aware": false,
                                      "Index Name": "company_id_movie_companies",
                                      "Startup Cost": 0.0,
                                      "Total Cost": 6931.55,
                                      "Plan Rows": 323616,
                                      "Plan Width": 0,
                                      "Actual Startup Time": 26.274,
                                      "Actual Total Time": 26.275,
                                      "Actual Rows": 327985,
                                      "Actual Loops": 1,
                                      "Index Cond": "(company_id > 91160)"
                                    }
                                  ]
                                }
                              ]
                            }
                          ]
                        }
                      ]
                    }
                  ]
                }
              ]
            }
          ]
        }
      ]
    },
    "Planning Time": 1.393,
    "Triggers": [],
    "Execution Time": 598.654
  }
]