[
  {
    "Plan": {
      "Node Type": "Aggregate",
      "Strategy": "Plain",
      "Partial Mode": "Finalize",
      "Parallel Aware": false,
      "Startup Cost": 73240.11,
      "Total Cost": 73240.12,
      "Plan Rows": 1,
      "Plan Width": 8,
      "Actual Startup Time": 234.67,
      "Actual Total Time": 251.823,
      "Actual Rows": 1,
      "Actual Loops": 1,
      "Plans": [
        {
          "Node Type": "Gather",
          "Parent Relationship": "Outer",
          "Parallel Aware": false,
          "Startup Cost": 73239.69,
          "Total Cost": 73240.1,
          "Plan Rows": 4,
          "Plan Width": 8,
          "Actual Startup Time": 233.788,
          "Actual Total Time": 251.815,
          "Actual Rows": 5,
          "Actual Loops": 1,
          "Workers Planned": 4,
          "Workers Launched": 4,
          "Single Copy": false,
          "Plans": [
            {
              "Node Type": "Aggregate",
              "Strategy": "Plain",
              "Partial Mode": "Partial",
              "Parent Relationship": "Outer",
              "Parallel Aware": false,
              "Startup Cost": 72239.69,
              "Total Cost": 72239.7,
              "Plan Rows": 1,
              "Plan Width": 8,
              "Actual Startup Time": 223.582,
              "Actual Total Time": 223.586,
              "Actual Rows": 1,
              "Actual Loops": 5,
              "Plans": [
                {
                  "Node Type": "Hash Join",
                  "Parent Relationship": "Outer",
                  "Parallel Aware": true,
                  "Join Type": "Inner",
                  "Startup Cost": 26561.9,
                  "Total Cost": 72152.94,
                  "Plan Rows": 34700,
                  "Plan Width": 0,
                  "Actual Startup Time": 77.777,
                  "Actual Total Time": 222.527,
                  "Actual Rows": 12802,
                  "Actual Loops": 5,
                  "Inner Unique": false,
                  "Hash Cond": "(t.id = mc.movie_id)",
                  "Plans": [
                    {
                      "Node Type": "Seq Scan",
                      "Parent Relationship": "Outer",
                      "Parallel Aware": true,
                      "Relation Name": "title",
                      "Alias": "t",
                      "Startup Cost": 0.0,
                      "Total Cost": 42318.73,
                      "Plan Rows": 632073,
                      "Plan Width": 4,
                      "Actual Startup Time": 0.016,
                      "Actual Total Time": 75.458,
                      "Actual Rows": 505662,
                      "Actual Loops": 5
                    },
                    {
                      "Node Type": "Hash",
                      "Parent Relationship": "Inner",
                      "Parallel Aware": true,
                      "Startup Cost": 26002.21,
                      "Total Cost": 26002.21,
                      "Plan Rows": 44775,
                      "Plan Width": 4,
                      "Actual Startup Time": 75.784,
                      "Actual Total Time": 75.786,
                      "Actual Rows": 12802,
                      "Actual Loops": 5,
                      "Hash Buckets": 262144,
                      "Original Hash Buckets": 262144,
                      "Hash Batches": 1,
                      "Original Hash Batches": 1,
                      "Peak Memory Usage": 4608,
                      "Plans": [
                        {
                          "Node Type": "Bitmap Heap Scan",
                          "Parent Relationship": "Outer",
                          "Parallel Aware": true,
                          "Relation Name": "movie_companies",
                          "Alias": "mc",
                          "Startup Cost": 5889.44,
                          "Total Cost": 26002.21,
                          "Plan Rows": 44775,
                          "Plan Width": 4,
                          "Actual Startup Time": 58.912,
                          "Actual Total Time": 71.193,
                          "Actual Rows": 12802,
                          "Actual Loops": 5,
                          "Recheck Cond": "(company_id < 145)",
                          "Rows Removed by Index Recheck": 0,
                          "Filter": "(company_type_id = 2)",
                          "Rows Removed by Filter": 41484,
                          "Exact Heap Blocks": 9742,
                          "Lossy Heap Blocks": 0,
                          "Plans": [
                            {
                              "Node Type": "Bitmap Index Scan",
                              "Parent Relationship": "Outer",
                              "Parallel Aware": false,
                              "Index Name": "company_id_movie_companies",
                              "Startup Cost": 0.0,
                              "Total Cost": 5854.74,
                              "Plan Rows": 273374,
                              "Plan Width": 0,
                              "Actual Startup Time": 25.465,
                              "Actual Total Time": 25.466,
                              "Actual Rows": 271432,
                              "Actual Loops": 1,
                              "Index Cond": "(company_id < 145)"
                            }
                          ]
                        }
                      ]
                    }
                  ]
                }
              ]
            }
          ]
        }
      ]
    },
    "Planning Time": 0.707,
    "Triggers": [],
    "Execution Time": 251.916
  }
]