{
  "Plan": {
    "Node Type": "Aggregate",
    "Strategy": "Plain",
    "Partial Mode": "Finalize",
    "Parallel Aware": false,
    "Startup Cost": 319198.61,
    "Total Cost": 319198.62,
    "Plan Rows": 1,
    "Plan Width": 8,
    "Actual Startup Time": 1332.965,
    "Actual Total Time": 1362.275,
    "Actual Rows": 1,
    "Actual Loops": 1,
    "Plans": [
      {
        "Node Type": "Gather",
        "Parent Relationship": "Outer",
        "Parallel Aware": false,
        "Startup Cost": 319198.5,
        "Total Cost": 319198.61,
        "Plan Rows": 1,
        "Plan Width": 8,
        "Actual Startup Time": 1328.709,
        "Actual Total Time": 1362.266,
        "Actual Rows": 2,
        "Actual Loops": 1,
        "Workers Planned": 1,
        "Workers Launched": 1,
        "Single Copy": false,
        "Plans": [
          {
            "Node Type": "Aggregate",
            "Strategy": "Plain",
            "Partial Mode": "Partial",
            "Parent Relationship": "Outer",
            "Parallel Aware": false,
            "Startup Cost": 318198.5,
            "Total Cost": 318198.51,
            "Plan Rows": 1,
            "Plan Width": 8,
            "Actual Startup Time": 1322.162,
            "Actual Total Time": 1322.169,
            "Actual Rows": 1,
            "Actual Loops": 2,
            "Plans": [
              {
                "Node Type": "Hash Join",
                "Parent Relationship": "Outer",
                "Parallel Aware": true,
                "Join Type": "Inner",
                "Startup Cost": 127879.02,
                "Total Cost": 317561.18,
                "Plan Rows": 254928,
                "Plan Width": 0,
                "Actual Startup Time": 789.818,
                "Actual Total Time": 1317.4,
                "Actual Rows": 88032,
                "Actual Loops": 2,
                "Inner Unique": false,
                "Hash Cond": "(ci.movie_id = t.id)",
                "Plans": [
                  {
                    "Node Type": "Index Scan",
                    "Parent Relationship": "Outer",
                    "Parallel Aware": true,
                    "Scan Direction": "Forward",
                    "Index Name": "role_id_cast_info",
                    "Relation Name": "cast_info",
                    "Alias": "ci",
                    "Startup Cost": 0.56,
                    "Total Cost": 184520.29,
                    "Plan Rows": 976761,
                    "Plan Width": 4,
                    "Actual Startup Time": 0.062,
                    "Actual Total Time": 448.667,
                    "Actual Rows": 293866,
                    "Actual Loops": 2,
                    "Index Cond": "(role_id > 8)",
                    "Rows Removed by Index Recheck": 0,
                    "Filter": "(person_id < 1033156)",
                    "Rows Removed by Filter": 2572480
                  },
                  {
                    "Node Type": "Hash",
                    "Parent Relationship": "Inner",
                    "Parallel Aware": true,
                    "Startup Cost": 123026.48,
                    "Total Cost": 123026.48,
                    "Plan Rows": 388158,
                    "Plan Width": 8,
                    "Actual Startup Time": 780.2,
                    "Actual Total Time": 780.205,
                    "Actual Rows": 89604,
                    "Actual Loops": 2,
                    "Hash Buckets": 1048576,
                    "Original Hash Buckets": 1048576,
                    "Hash Batches": 1,
                    "Original Hash Batches": 1,
                    "Peak Memory Usage": 15232,
                    "Plans": [
                      {
                        "Node Type": "Hash Join",
                        "Parent Relationship": "Outer",
                        "Parallel Aware": true,
                        "Join Type": "Inner",
                        "Startup Cost": 88914.29,
                        "Total Cost": 123026.48,
                        "Plan Rows": 388158,
                        "Plan Width": 8,
                        "Actual Startup Time": 538.162,
                        "Actual Total Time": 753.546,
                        "Actual Rows": 89604,
                        "Actual Loops": 2,
                        "Inner Unique": true,
                        "Hash Cond": "(mk.movie_id = t.id)",
                        "Plans": [
                          {
                            "Node Type": "Bitmap Heap Scan",
                            "Parent Relationship": "Outer",
                            "Parallel Aware": true,
                            "Relation Name": "movie_keyword",
                            "Alias": "mk",
                            "Startup Cost": 23025.43,
                            "Total Cost": 55461.4,
                            "Plan Rows": 638558,
                            "Plan Width": 4,
                            "Actual Startup Time": 100.45,
                            "Actual Total Time": 211.499,
                            "Actual Rows": 544118,
                            "Actual Loops": 2,
                            "Recheck Cond": "(keyword_id > 16264)",
                            "Rows Removed by Index Recheck": 0,
                            "Exact Heap Blocks": 14590,
                            "Lossy Heap Blocks": 0,
                            "Plans": [
                              {
                                "Node Type": "Bitmap Index Scan",
                                "Parent Relationship": "Outer",
                                "Parallel Aware": false,
                                "Index Name": "keyword_id_movie_keyword",
                                "Startup Cost": 0.0,
                                "Total Cost": 22754.04,
                                "Plan Rows": 1085548,
                                "Plan Width": 0,
                                "Actual Startup Time": 94.724,
                                "Actual Total Time": 94.725,
                                "Actual Rows": 1088237,
                                "Actual Loops": 1,
                                "Index Cond": "(keyword_id > 16264)"
                              }
                            ]
                          },
                          {
                            "Node Type": "Hash",
                            "Parent Relationship": "Inner",
                            "Parallel Aware": true,
                            "Startup Cost": 54588.39,
                            "Total Cost": 54588.39,
                            "Plan Rows": 904038,
                            "Plan Width": 4,
                            "Actual Startup Time": 428.122,
                            "Actual Total Time": 428.123,
                            "Actual Rows": 771632,
                            "Actual Loops": 2,
                            "Hash Buckets": 2097152,
                            "Original Hash Buckets": 2097152,
                            "Hash Batches": 1,
                            "Original Hash Batches": 1,
                            "Peak Memory Usage": 76800,
                            "Plans": [
                              {
                                "Node Type": "Seq Scan",
                                "Parent Relationship": "Outer",
                                "Parallel Aware": true,
                                "Relation Name": "title",
                                "Alias": "t",
                                "Startup Cost": 0.0,
                                "Total Cost": 54588.39,
                                "Plan Rows": 904038,
                                "Plan Width": 4,
                                "Actual Startup Time": 0.035,
                                "Actual Total Time": 183.408,
                                "Actual Rows": 771632,
                                "Actual Loops": 2,
                                "Filter": "(kind_id = 7)",
                                "Rows Removed by Filter": 492524
                              }
                            ]
                          }
                        ]
                      }
                    ]
                  }
                ]
              }
            ]
          }
        ]
      }
    ]
  },
  "Planning Time": 1.096,
  "Triggers": [],
  "Execution Time": 1362.388
}