[
  {
    "Plan": {
      "Node Type": "Sort",
      "Parallel Aware": false,
      "Startup Cost": 65504.69,
      "Total Cost": 65504.72,
      "Plan Rows": 10,
      "Plan Width": 23,
      "Actual Startup Time": 1423.948,
      "Actual Total Time": 1473.312,
      "Actual Rows": 219,
      "Actual Loops": 1,
      "Sort Key": [
        "(count(*)) DESC"
      ],
      "Sort Method": "quicksort",
      "Sort Space Used": 41,
      "Sort Space Type": "Memory",
      "Plans": [
        {
          "Node Type": "Aggregate",
          "Strategy": "Sorted",
          "Partial Mode": "Simple",
          "Parent Relationship": "Outer",
          "Parallel Aware": false,
          "Startup Cost": 65504.35,
          "Total Cost": 65504.53,
          "Plan Rows": 10,
          "Plan Width": 23,
          "Actual Startup Time": 1423.689,
          "Actual Total Time": 1473.21,
          "Actual Rows": 219,
          "Actual Loops": 1,
          "Group Key": [
            "n.name"
          ],
          "Plans": [
            {
              "Node Type": "Sort",
              "Parent Relationship": "Outer",
              "Parallel Aware": false,
              "Startup Cost": 65504.35,
              "Total Cost": 65504.38,
              "Plan Rows": 10,
              "Plan Width": 15,
              "Actual Startup Time": 1423.677,
              "Actual Total Time": 1473.069,
              "Actual Rows": 995,
              "Actual Loops": 1,
              "Sort Key": [
                "n.name COLLATE \"C\""
              ],
              "Sort Method": "quicksort",
              "Sort Space Used": 81,
              "Sort Space Type": "Memory",
              "Plans": [
                {
                  "Node Type": "Nested Loop",
                  "Parent Relationship": "Outer",
                  "Parallel Aware": false,
                  "Join Type": "Inner",
                  "Startup Cost": 1004.3,
                  "Total Cost": 65504.19,
                  "Plan Rows": 10,
                  "Plan Width": 15,
                  "Actual Startup Time": 32.816,
                  "Actual Total Time": 1472.354,
                  "Actual Rows": 995,
                  "Actual Loops": 1,
                  "Inner Unique": false,
                  "Plans": [
                    {
                      "Node Type": "Seq Scan",
                      "Parent Relationship": "Outer",
                      "Parallel Aware": false,
                      "Relation Name": "info_type",
                      "Alias": "it1",
                      "Startup Cost": 0.0,
                      "Total Cost": 2.41,
                      "Plan Rows": 1,
                      "Plan Width": 4,
                      "Actual Startup Time": 0.026,
                      "Actual Total Time": 0.036,
                      "Actual Rows": 1,
                      "Actual Loops": 1,
                      "Filter": "(id = 3)",
                      "Rows Removed by Filter": 112
                    },
                    {
                      "Node Type": "Gather",
                      "Parent Relationship": "Inner",
                      "Parallel Aware": false,
                      "Startup Cost": 1004.3,
                      "Total Cost": 65501.67,
                      "Plan Rows": 10,
                      "Plan Width": 19,
                      "Actual Startup Time": 32.786,
                      "Actual Total Time": 1472.159,
                      "Actual Rows": 995,
                      "Actual Loops": 1,
                      "Workers Planned": 4,
                      "Workers Launched": 4,
                      "Single Copy": false,
                      "Plans": [
                        {
                          "Node Type": "Nested Loop",
                          "Parent Relationship": "Outer",
                          "Parallel Aware": false,
                          "Join Type": "Inner",
                          "Startup Cost": 4.3,
                          "Total Cost": 64500.67,
                          "Plan Rows": 2,
                          "Plan Width": 19,
                          "Actual Startup Time": 42.836,
                          "Actual Total Time": 1405.836,
                          "Actual Rows": 199,
                          "Actual Loops": 5,
                          "Inner Unique": true,
                          "Plans": [
                            {
                              "Node Type": "Nested Loop",
                              "Parent Relationship": "Outer",
                              "Parallel Aware": false,
                              "Join Type": "Inner",
                              "Startup Cost": 3.87,
                              "Total Cost": 64497.96,
                              "Plan Rows": 6,
                              "Plan Width": 27,
                              "Actual Startup Time": 42.754,
                              "Actual Total Time": 1402.554,
                              "Actual Rows": 199,
                              "Actual Loops": 5,
                              "Inner Unique": false,
                              "Plans": [
                                {
                                  "Node Type": "Nested Loop",
                                  "Parent Relationship": "Outer",
                                  "Parallel Aware": false,
                                  "Join Type": "Inner",
                                  "Startup Cost": 3.43,
                                  "Total Cost": 62931.3,
                                  "Plan Rows": 1126,
                                  "Plan Width": 19,
                                  "Actual Startup Time": 7.296,
                                  "Actual Total Time": 508.208,
                                  "Actual Rows": 77161,
                                  "Actual Loops": 5,
                                  "Inner Unique": false,
                                  "Plans": [
                                    {
                                      "Node Type": "Nested Loop",
                                      "Parent Relationship": "Outer",
                                      "Parallel Aware": false,
                                      "Join Type": "Inner",
                                      "Startup Cost": 2.87,
                                      "Total Cost": 61058.37,
                                      "Plan Rows": 130,
                                      "Plan Width": 23,
                                      "Actual Startup Time": 6.262,
                                      "Actual Total Time": 454.445,
                                      "Actual Rows": 1260,
                                      "Actual Loops": 5,
                                      "Inner Unique": true,
                                      "Plans": [
                                        {
                                          "Node Type": "Hash Join",
                                          "Parent Relationship": "Outer",
                                          "Parallel Aware": false,
                                          "Join Type": "Inner",
                                          "Startup Cost": 2.44,
                                          "Total Cost": 60325.0,
                                          "Plan Rows": 130,
                                          "Plan Width": 4,
                                          "Actual Startup Time": 6.105,
                                          "Actual Total Time": 439.08,
                                          "Actual Rows": 1260,
                                          "Actual Loops": 5,
                                          "Inner Unique": true,
                                          "Hash Cond": "(pi.info_type_id = it2.id)",
                                          "Plans": [
                                            {
                                              "Node Type": "Seq Scan",
                                              "Parent Relationship": "Outer",
                                              "Parallel Aware": true,
                                              "Relation Name": "person_info",
                                              "Alias": "pi",
                                              "Startup Cost": 0.0,
                                              "Total Cost": 60302.65,
                                              "Plan Rows": 7310,
                                              "Plan Width": 8,
                                              "Actual Startup Time": 2.601,
                                              "Actual Total Time": 437.678,
                                              "Actual Rows": 2943,
                                              "Actual Loops": 5,
                                              "Filter": "(info ~~* '%japan%'::text)",
                                              "Rows Removed by Filter": 589790
                                            },
                                            {
                                              "Node Type": "Hash",
                                              "Parent Relationship": "Inner",
                                              "Parallel Aware": false,
                                              "Startup Cost": 2.41,
                                              "Total Cost": 2.41,
                                              "Plan Rows": 2,
                                              "Plan Width": 4,
                                              "Actual Startup Time": 0.126,
                                              "Actual Total Time": 0.127,
                                              "Actual Rows": 3,
                                              "Actual Loops": 5,
                                              "Hash Buckets": 1024,
                                              "Original Hash Buckets": 1024,
                                              "Hash Batches": 1,
                                              "Original Hash Batches": 1,
                                              "Peak Memory Usage": 9,
                                              "Plans": [
                                                {
                                                  "Node Type": "Seq Scan",
                                                  "Parent Relationship": "Outer",
                                                  "Parallel Aware": false,
                                                  "Relation Name": "info_type",
                                                  "Alias": "it2",
                                                  "Startup Cost": 0.0,
                                                  "Total Cost": 2.41,
                                                  "Plan Rows": 2,
                                                  "Plan Width": 4,
                                                  "Actual Startup Time": 0.051,
                                                  "Actual Total Time": 0.114,
                                                  "Actual Rows": 3,
                                                  "Actual Loops": 5,
                                                  "Filter": "((info)::text ~~* '%birth%'::text)",
                                                  "Rows Removed by Filter": 110
                                                }
                                              ]
                                            }
                                          ]
                                        },
                                        {
                                          "Node Type": "Index Scan",
                                          "Parent Relationship": "Inner",
                                          "Parallel Aware": false,
                                          "Scan Direction": "Forward",
                                          "Index Name": "name_pkey",
                                          "Relation Name": "name",
                                          "Alias": "n",
                                          "Startup Cost": 0.43,
                                          "Total Cost": 5.64,
                                          "Plan Rows": 1,
                                          "Plan Width": 19,
                                          "Actual Startup Time": 0.011,
                                          "Actual Total Time": 0.011,
                                          "Actual Rows": 1,
                                          "Actual Loops": 6300,
                                          "Index Cond": "(id = pi.person_id)",
                                          "Rows Removed by Index Recheck": 0
                                        }
                                      ]
                                    },
                                    {
                                      "Node Type": "Index Scan",
                                      "Parent Relationship": "Inner",
                                      "Parallel Aware": false,
                                      "Scan Direction": "Forward",
                                      "Index Name": "person_id_cast_info",
                                      "Relation Name": "cast_info",
                                      "Alias": "ci",
                                      "Startup Cost": 0.56,
                                      "Total Cost": 9.51,
                                      "Plan Rows": 490,
                                      "Plan Width": 8,
                                      "Actual Startup Time": 0.018,
                                      "Actual Total Time": 0.034,
                                      "Actual Rows": 61,
                                      "Actual Loops": 6300,
                                      "Index Cond": "(person_id = n.id)",
                                      "Rows Removed by Index Recheck": 0
                                    }
                                  ]
                                },
                                {
                                  "Node Type": "Index Scan",
                                  "Parent Relationship": "Inner",
                                  "Parallel Aware": false,
                                  "Scan Direction": "Forward",
                                  "Index Name": "movie_id_movie_info",
                                  "Relation Name": "movie_info",
                                  "Alias": "mi",
                                  "Startup Cost": 0.43,
                                  "Total Cost": 1.38,
                                  "Plan Rows": 1,
                                  "Plan Width": 8,
                                  "Actual Startup Time": 0.011,
                                  "Actual Total Time": 0.011,
                                  "Actual Rows": 0,
                                  "Actual Loops": 385807,
                                  "Index Cond": "(movie_id = ci.movie_id)",
                                  "Rows Removed by Index Recheck": 0,
                                  "Filter": "((info ~~* '%adult%'::text) AND (info_type_id = 3))",
                                  "Rows Removed by Filter": 8
                                }
                              ]
                            },
                            {
                              "Node Type": "Index Only Scan",
                              "Parent Relationship": "Inner",
                              "Parallel Aware": false,
                              "Scan Direction": "Forward",
                              "Index Name": "title_pkey",
                              "Relation Name": "title",
                              "Alias": "t",
                              "Startup Cost": 0.43,
                              "Total Cost": 0.45,
                              "Plan Rows": 1,
                              "Plan Width": 4,
                              "Actual Startup Time": 0.016,
                              "Actual Total Time": 0.016,
                              "Actual Rows": 1,
                              "Actual Loops": 995,
                              "Index Cond": "(id = ci.movie_id)",
                              "Rows Removed by Index Recheck": 0,
                              "Heap Fetches": 995
                            }
                          ]
                        }
                      ]
                    }
                  ]
                }
              ]
            }
          ]
        }
      ]
    },
    "Planning Time": 12.507,
    "Triggers": [],
    "Execution Time": 1473.859
  }
]