[
  {
    "Plan": {
      "Node Type": "Aggregate",
      "Strategy": "Plain",
      "Partial Mode": "Finalize",
      "Parallel Aware": false,
      "Startup Cost": 226778.4,
      "Total Cost": 226778.41,
      "Plan Rows": 1,
      "Plan Width": 8,
      "Actual Startup Time": 164.331,
      "Actual Total Time": 188.184,
      "Actual Rows": 1,
      "Actual Loops": 1,
      "Plans": [
        {
          "Node Type": "Gather",
          "Parent Relationship": "Outer",
          "Parallel Aware": false,
          "Startup Cost": 226777.98,
          "Total Cost": 226778.39,
          "Plan Rows": 4,
          "Plan Width": 8,
          "Actual Startup Time": 164.139,
          "Actual Total Time": 188.168,
          "Actual Rows": 5,
          "Actual Loops": 1,
          "Workers Planned": 4,
          "Workers Launched": 4,
          "Single Copy": false,
          "Plans": [
            {
              "Node Type": "Aggregate",
              "Strategy": "Plain",
              "Partial Mode": "Partial",
              "Parent Relationship": "Outer",
              "Parallel Aware": false,
              "Startup Cost": 225777.98,
              "Total Cost": 225777.99,
              "Plan Rows": 1,
              "Plan Width": 8,
              "Actual Startup Time": 157.105,
              "Actual Total Time": 157.107,
              "Actual Rows": 1,
              "Actual Loops": 5,
              "Plans": [
                {
                  "Node Type": "Nested Loop",
                  "Parent Relationship": "Outer",
                  "Parallel Aware": false,
                  "Join Type": "Inner",
                  "Startup Cost": 0.43,
                  "Total Cost": 225714.71,
                  "Plan Rows": 25306,
                  "Plan Width": 0,
                  "Actual Startup Time": 58.818,
                  "Actual Total Time": 154.872,
                  "Actual Rows": 31651,
                  "Actual Loops": 5,
                  "Inner Unique": false,
                  "Plans": [
                    {
                      "Node Type": "Seq Scan",
                      "Parent Relationship": "Outer",
                      "Parallel Aware": true,
                      "Relation Name": "title",
                      "Alias": "t",
                      "Startup Cost": 0.0,
                      "Total Cost": 43899.32,
                      "Plan Rows": 4310,
                      "Plan Width": 4,
                      "Actual Startup Time": 53.937,
                      "Actual Total Time": 83.156,
                      "Actual Rows": 3378,
                      "Actual Loops": 5,
                      "Filter": "(production_year < 1907)",
                      "Rows Removed by Filter": 502284
                    },
                    {
                      "Node Type": "Index Only Scan",
                      "Parent Relationship": "Inner",
                      "Parallel Aware": false,
                      "Scan Direction": "Forward",
                      "Index Name": "movie_id_movie_info",
                      "Relation Name": "movie_info",
                      "Alias": "mi",
                      "Startup Cost": 0.43,
                      "Total Cost": 41.77,
                      "Plan Rows": 41,
                      "Plan Width": 4,
                      "Actual Startup Time": 0.008,
                      "Actual Total Time": 0.02,
                      "Actual Rows": 9,
                      "Actual Loops": 16892,
                      "Index Cond": "(movie_id = t.id)",
                      "Rows Removed by Index Recheck": 0,
                      "Heap Fetches": 158256
                    }
                  ]
                }
              ]
            }
          ]
        }
      ]
    },
    "Planning Time": 0.382,
    "Triggers": [],
    "Execution Time": 188.24
  }
]