[
  {
    "Plan": {
      "Node Type": "Aggregate",
      "Strategy": "Plain",
      "Partial Mode": "Finalize",
      "Parallel Aware": false,
      "Startup Cost": 333108.07,
      "Total Cost": 333108.08,
      "Plan Rows": 1,
      "Plan Width": 8,
      "Actual Startup Time": 667.349,
      "Actual Total Time": 711.14,
      "Actual Rows": 1,
      "Actual Loops": 1,
      "Plans": [
        {
          "Node Type": "Gather",
          "Parent Relationship": "Outer",
          "Parallel Aware": false,
          "Startup Cost": 333107.44,
          "Total Cost": 333108.05,
          "Plan Rows": 6,
          "Plan Width": 8,
          "Actual Startup Time": 667.12,
          "Actual Total Time": 711.128,
          "Actual Rows": 7,
          "Actual Loops": 1,
          "Workers Planned": 6,
          "Workers Launched": 6,
          "Single Copy": false,
          "Plans": [
            {
              "Node Type": "Aggregate",
              "Strategy": "Plain",
              "Partial Mode": "Partial",
              "Parent Relationship": "Outer",
              "Parallel Aware": false,
              "Startup Cost": 332107.44,
              "Total Cost": 332107.45,
              "Plan Rows": 1,
              "Plan Width": 8,
              "Actual Startup Time": 660.51,
              "Actual Total Time": 660.512,
              "Actual Rows": 1,
              "Actual Loops": 7,
              "Plans": [
                {
                  "Node Type": "Seq Scan",
                  "Parent Relationship": "Outer",
                  "Parallel Aware": true,
                  "Relation Name": "cast_info",
                  "Alias": "ci",
                  "Startup Cost": 0.0,
                  "Total Cost": 328211.39,
                  "Plan Rows": 1558420,
                  "Plan Width": 0,
                  "Actual Startup Time": 0.041,
                  "Actual Total Time": 588.606,
                  "Actual Rows": 1344252,
                  "Actual Loops": 7,
                  "Filter": "(person_id < 926135)",
                  "Rows Removed by Filter": 3833511
                }
              ]
            }
          ]
        }
      ]
    },
    "Planning Time": 0.175,
    "Triggers": [],
    "Execution Time": 711.204
  }
]