[
  {
    "Plan": {
      "Node Type": "Aggregate",
      "Strategy": "Plain",
      "Partial Mode": "Finalize",
      "Parallel Aware": false,
      "Startup Cost": 33077.31,
      "Total Cost": 33077.32,
      "Plan Rows": 1,
      "Plan Width": 8,
      "Actual Startup Time": 102.725,
      "Actual Total Time": 111.796,
      "Actual Rows": 1,
      "Actual Loops": 1,
      "Plans": [
        {
          "Node Type": "Gather",
          "Parent Relationship": "Outer",
          "Parallel Aware": false,
          "Startup Cost": 33077.0,
          "Total Cost": 33077.31,
          "Plan Rows": 3,
          "Plan Width": 8,
          "Actual Startup Time": 102.56,
          "Actual Total Time": 111.789,
          "Actual Rows": 4,
          "Actual Loops": 1,
          "Workers Planned": 3,
          "Workers Launched": 3,
          "Single Copy": false,
          "Plans": [
            {
              "Node Type": "Aggregate",
              "Strategy": "Plain",
              "Partial Mode": "Partial",
              "Parent Relationship": "Outer",
              "Parallel Aware": false,
              "Startup Cost": 32077.0,
              "Total Cost": 32077.01,
              "Plan Rows": 1,
              "Plan Width": 8,
              "Actual Startup Time": 96.478,
              "Actual Total Time": 96.479,
              "Actual Rows": 1,
              "Actual Loops": 4,
              "Plans": [
                {
                  "Node Type": "Seq Scan",
                  "Parent Relationship": "Outer",
                  "Parallel Aware": true,
                  "Relation Name": "movie_companies",
                  "Alias": "mc",
                  "Startup Cost": 0.0,
                  "Total Cost": 31414.82,
                  "Plan Rows": 264871,
                  "Plan Width": 0,
                  "Actual Startup Time": 42.666,
                  "Actual Total Time": 83.805,
                  "Actual Rows": 257546,
                  "Actual Loops": 4,
                  "Filter": "((company_id > 4876) AND (company_type_id > 1))",
                  "Rows Removed by Filter": 394737
                }
              ]
            }
          ]
        }
      ]
    },
    "Planning Time": 0.058,
    "Triggers": [],
    "Execution Time": 111.828
  }
]