[
  {
    "Plan": {
      "Node Type": "Aggregate",
      "Strategy": "Plain",
      "Partial Mode": "Finalize",
      "Parallel Aware": false,
      "Startup Cost": 385874.46,
      "Total Cost": 385874.47,
      "Plan Rows": 1,
      "Plan Width": 8,
      "Actual Startup Time": 1213.79,
      "Actual Total Time": 1282.256,
      "Actual Rows": 1,
      "Actual Loops": 1,
      "Plans": [
        {
          "Node Type": "Gather",
          "Parent Relationship": "Outer",
          "Parallel Aware": false,
          "Startup Cost": 385873.84,
          "Total Cost": 385874.45,
          "Plan Rows": 6,
          "Plan Width": 8,
          "Actual Startup Time": 1211.644,
          "Actual Total Time": 1282.244,
          "Actual Rows": 7,
          "Actual Loops": 1,
          "Workers Planned": 6,
          "Workers Launched": 6,
          "Single Copy": false,
          "Plans": [
            {
              "Node Type": "Aggregate",
              "Strategy": "Plain",
              "Partial Mode": "Partial",
              "Parent Relationship": "Outer",
              "Parallel Aware": false,
              "Startup Cost": 384873.84,
              "Total Cost": 384873.85,
              "Plan Rows": 1,
              "Plan Width": 8,
              "Actual Startup Time": 1201.52,
              "Actual Total Time": 1201.551,
              "Actual Rows": 1,
              "Actual Loops": 7,
              "Plans": [
                {
                  "Node Type": "Hash Join",
                  "Parent Relationship": "Outer",
                  "Parallel Aware": true,
                  "Join Type": "Inner",
                  "Startup Cost": 45852.47,
                  "Total Cost": 384406.15,
                  "Plan Rows": 187076,
                  "Plan Width": 0,
                  "Actual Startup Time": 278.2,
                  "Actual Total Time": 1191.168,
                  "Actual Rows": 238174,
                  "Actual Loops": 7,
                  "Inner Unique": true,
                  "Hash Cond": "(ci.movie_id = t.id)",
                  "Plans": [
                    {
                      "Node Type": "Seq Scan",
                      "Parent Relationship": "Outer",
                      "Parallel Aware": true,
                      "Relation Name": "cast_info",
                      "Alias": "ci",
                      "Startup Cost": 0.0,
                      "Total Cost": 328162.03,
                      "Plan Rows": 3958715,
                      "Plan Width": 4,
                      "Actual Startup Time": 188.943,
                      "Actual Total Time": 630.829,
                      "Actual Rows": 3367665,
                      "Actual Loops": 7,
                      "Filter": "(role_id > 1)",
                      "Rows Removed by Filter": 1810098
                    },
                    {
                      "Node Type": "Hash",
                      "Parent Relationship": "Inner",
                      "Parallel Aware": true,
                      "Startup Cost": 45479.1,
                      "Total Cost": 45479.1,
                      "Plan Rows": 29870,
                      "Plan Width": 4,
                      "Actual Startup Time": 87.566,
                      "Actual Total Time": 87.567,
                      "Actual Rows": 36707,
                      "Actual Loops": 7,
                      "Hash Buckets": 262144,
                      "Original Hash Buckets": 131072,
                      "Hash Batches": 1,
                      "Original Hash Batches": 1,
                      "Peak Memory Usage": 13280,
                      "Plans": [
                        {
                          "Node Type": "Seq Scan",
                          "Parent Relationship": "Outer",
                          "Parallel Aware": true,
                          "Relation Name": "title",
                          "Alias": "t",
                          "Startup Cost": 0.0,
                          "Total Cost": 45479.1,
                          "Plan Rows": 29870,
                          "Plan Width": 4,
                          "Actual Startup Time": 47.569,
                          "Actual Total Time": 72.595,
                          "Actual Rows": 36707,
                          "Actual Loops": 7,
                          "Filter": "((production_year < 1977) AND (kind_id = 1))",
                          "Rows Removed by Filter": 324481
                        }
                      ]
                    }
                  ]
                }
              ]
            }
          ]
        }
      ]
    },
    "Planning Time": 0.627,
    "Triggers": [],
    "Execution Time": 1282.342
  }
]