[
  {
    "Plan": {
      "Node Type": "Aggregate",
      "Strategy": "Plain",
      "Partial Mode": "Finalize",
      "Parallel Aware": false,
      "Startup Cost": 316419.15,
      "Total Cost": 316419.16,
      "Plan Rows": 1,
      "Plan Width": 8,
      "Actual Startup Time": 165.835,
      "Actual Total Time": 187.455,
      "Actual Rows": 1,
      "Actual Loops": 1,
      "Plans": [
        {
          "Node Type": "Gather",
          "Parent Relationship": "Outer",
          "Parallel Aware": false,
          "Startup Cost": 316418.73,
          "Total Cost": 316419.14,
          "Plan Rows": 4,
          "Plan Width": 8,
          "Actual Startup Time": 165.754,
          "Actual Total Time": 187.448,
          "Actual Rows": 5,
          "Actual Loops": 1,
          "Workers Planned": 4,
          "Workers Launched": 4,
          "Single Copy": false,
          "Plans": [
            {
              "Node Type": "Aggregate",
              "Strategy": "Plain",
              "Partial Mode": "Partial",
              "Parent Relationship": "Outer",
              "Parallel Aware": false,
              "Startup Cost": 315418.73,
              "Total Cost": 315418.74,
              "Plan Rows": 1,
              "Plan Width": 8,
              "Actual Startup Time": 160.77,
              "Actual Total Time": 160.771,
              "Actual Rows": 1,
              "Actual Loops": 5,
              "Plans": [
                {
                  "Node Type": "Nested Loop",
                  "Parent Relationship": "Outer",
                  "Parallel Aware": false,
                  "Join Type": "Inner",
                  "Startup Cost": 0.56,
                  "Total Cost": 315359.45,
                  "Plan Rows": 23715,
                  "Plan Width": 0,
                  "Actual Startup Time": 0.457,
                  "Actual Total Time": 159.653,
                  "Actual Rows": 14663,
                  "Actual Loops": 5,
                  "Inner Unique": false,
                  "Plans": [
                    {
                      "Node Type": "Seq Scan",
                      "Parent Relationship": "Outer",
                      "Parallel Aware": true,
                      "Relation Name": "title",
                      "Alias": "t",
                      "Startup Cost": 0.0,
                      "Total Cost": 43899.01,
                      "Plan Rows": 3540,
                      "Plan Width": 4,
                      "Actual Startup Time": 0.17,
                      "Actual Total Time": 54.169,
                      "Actual Rows": 2811,
                      "Actual Loops": 5,
                      "Filter": "(production_year = 1975)",
                      "Rows Removed by Filter": 502852
                    },
                    {
                      "Node Type": "Index Scan",
                      "Parent Relationship": "Inner",
                      "Parallel Aware": false,
                      "Scan Direction": "Forward",
                      "Index Name": "movie_id_cast_info",
                      "Relation Name": "cast_info",
                      "Alias": "ci",
                      "Startup Cost": 0.56,
                      "Total Cost": 76.5,
                      "Plan Rows": 18,
                      "Plan Width": 4,
                      "Actual Startup Time": 0.023,
                      "Actual Total Time": 0.037,
                      "Actual Rows": 5,
                      "Actual Loops": 14054,
                      "Index Cond": "(movie_id = t.id)",
                      "Rows Removed by Index Recheck": 0,
                      "Filter": "(person_id > 1922797)",
                      "Rows Removed by Filter": 9
                    }
                  ]
                }
              ]
            }
          ]
        }
      ]
    },
    "Planning Time": 0.293,
    "Triggers": [],
    "Execution Time": 187.505
  }
]