[
  {
    "Plan": {
      "Node Type": "Aggregate",
      "Strategy": "Plain",
      "Partial Mode": "Finalize",
      "Parallel Aware": false,
      "Startup Cost": 254478.25,
      "Total Cost": 254478.26,
      "Plan Rows": 1,
      "Plan Width": 8,
      "Actual Startup Time": 1110.447,
      "Actual Total Time": 1159.375,
      "Actual Rows": 1,
      "Actual Loops": 1,
      "Plans": [
        {
          "Node Type": "Gather",
          "Parent Relationship": "Outer",
          "Parallel Aware": false,
          "Startup Cost": 254477.72,
          "Total Cost": 254478.23,
          "Plan Rows": 5,
          "Plan Width": 8,
          "Actual Startup Time": 1102.707,
          "Actual Total Time": 1159.36,
          "Actual Rows": 6,
          "Actual Loops": 1,
          "Workers Planned": 5,
          "Workers Launched": 5,
          "Single Copy": false,
          "Plans": [
            {
              "Node Type": "Aggregate",
              "Strategy": "Plain",
              "Partial Mode": "Partial",
              "Parent Relationship": "Outer",
              "Parallel Aware": false,
              "Startup Cost": 253477.72,
              "Total Cost": 253477.73,
              "Plan Rows": 1,
              "Plan Width": 8,
              "Actual Startup Time": 1071.065,
              "Actual Total Time": 1071.069,
              "Actual Rows": 1,
              "Actual Loops": 6,
              "Plans": [
                {
                  "Node Type": "Hash Join",
                  "Parent Relationship": "Outer",
                  "Parallel Aware": true,
                  "Join Type": "Inner",
                  "Startup Cost": 48905.11,
                  "Total Cost": 251880.86,
                  "Plan Rows": 638745,
                  "Plan Width": 0,
                  "Actual Startup Time": 309.126,
                  "Actual Total Time": 1059.859,
                  "Actual Rows": 197840,
                  "Actual Loops": 6,
                  "Inner Unique": true,
                  "Hash Cond": "(mi.movie_id = t.id)",
                  "Plans": [
                    {
                      "Node Type": "Seq Scan",
                      "Parent Relationship": "Outer",
                      "Parallel Aware": true,
                      "Relation Name": "movie_info",
                      "Alias": "mi",
                      "Startup Cost": 0.0,
                      "Total Cost": 199108.24,
                      "Plan Rows": 1473332,
                      "Plan Width": 4,
                      "Actual Startup Time": 0.042,
                      "Actual Total Time": 455.542,
                      "Actual Rows": 1214478,
                      "Actual Loops": 6,
                      "Filter": "(info_type_id < 8)",
                      "Rows Removed by Filter": 1258142
                    },
                    {
                      "Node Type": "Hash",
                      "Parent Relationship": "Inner",
                      "Parallel Aware": true,
                      "Startup Cost": 45479.59,
                      "Total Cost": 45479.59,
                      "Plan Rows": 274042,
                      "Plan Width": 4,
                      "Actual Startup Time": 300.638,
                      "Actual Total Time": 300.639,
                      "Actual Rows": 174037,
                      "Actual Loops": 6,
                      "Hash Buckets": 2097152,
                      "Original Hash Buckets": 2097152,
                      "Hash Batches": 1,
                      "Original Hash Batches": 1,
                      "Peak Memory Usage": 57376,
                      "Plans": [
                        {
                          "Node Type": "Seq Scan",
                          "Parent Relationship": "Outer",
                          "Parallel Aware": true,
                          "Relation Name": "title",
                          "Alias": "t",
                          "Startup Cost": 0.0,
                          "Total Cost": 45479.59,
                          "Plan Rows": 274042,
                          "Plan Width": 4,
                          "Actual Startup Time": 0.073,
                          "Actual Total Time": 127.041,
                          "Actual Rows": 174037,
                          "Actual Loops": 6,
                          "Filter": "((production_year < 2009) AND (kind_id = 7))",
                          "Rows Removed by Filter": 247348
                        }
                      ]
                    }
                  ]
                }
              ]
            }
          ]
        }
      ]
    },
    "Planning Time": 0.366,
    "Triggers": [],
    "Execution Time": 1159.434
  }
]