[
  {
    "Plan": {
      "Node Type": "Aggregate",
      "Strategy": "Plain",
      "Partial Mode": "Finalize",
      "Parallel Aware": false,
      "Startup Cost": 376688.49,
      "Total Cost": 376688.5,
      "Plan Rows": 1,
      "Plan Width": 8,
      "Actual Startup Time": 1370.06,
      "Actual Total Time": 1425.32,
      "Actual Rows": 1,
      "Actual Loops": 1,
      "Plans": [
        {
          "Node Type": "Gather",
          "Parent Relationship": "Outer",
          "Parallel Aware": false,
          "Startup Cost": 376687.87,
          "Total Cost": 376688.48,
          "Plan Rows": 6,
          "Plan Width": 8,
          "Actual Startup Time": 1367.742,
          "Actual Total Time": 1425.306,
          "Actual Rows": 7,
          "Actual Loops": 1,
          "Workers Planned": 6,
          "Workers Launched": 6,
          "Single Copy": false,
          "Plans": [
            {
              "Node Type": "Aggregate",
              "Strategy": "Plain",
              "Partial Mode": "Partial",
              "Parent Relationship": "Outer",
              "Parallel Aware": false,
              "Startup Cost": 375687.87,
              "Total Cost": 375687.88,
              "Plan Rows": 1,
              "Plan Width": 8,
              "Actual Startup Time": 1360.051,
              "Actual Total Time": 1360.054,
              "Actual Rows": 1,
              "Actual Loops": 7,
              "Plans": [
                {
                  "Node Type": "Hash Join",
                  "Parent Relationship": "Outer",
                  "Parallel Aware": true,
                  "Join Type": "Inner",
                  "Startup Cost": 45906.01,
                  "Total Cost": 374872.67,
                  "Plan Rows": 326079,
                  "Plan Width": 0,
                  "Actual Startup Time": 98.114,
                  "Actual Total Time": 1337.986,
                  "Actual Rows": 489980,
                  "Actual Loops": 7,
                  "Inner Unique": true,
                  "Hash Cond": "(ci.movie_id = t.id)",
                  "Plans": [
                    {
                      "Node Type": "Seq Scan",
                      "Parent Relationship": "Outer",
                      "Parallel Aware": true,
                      "Relation Name": "cast_info",
                      "Alias": "ci",
                      "Startup Cost": 0.0,
                      "Total Cost": 313106.51,
                      "Plan Rows": 6041951,
                      "Plan Width": 4,
                      "Actual Startup Time": 0.03,
                      "Actual Total Time": 500.0,
                      "Actual Rows": 5177763,
                      "Actual Loops": 7
                    },
                    {
                      "Node Type": "Hash",
                      "Parent Relationship": "Inner",
                      "Parallel Aware": true,
                      "Startup Cost": 45479.59,
                      "Total Cost": 45479.59,
                      "Plan Rows": 34114,
                      "Plan Width": 4,
                      "Actual Startup Time": 96.409,
                      "Actual Total Time": 96.41,
                      "Actual Rows": 39770,
                      "Actual Loops": 7,
                      "Hash Buckets": 524288,
                      "Original Hash Buckets": 262144,
                      "Hash Batches": 1,
                      "Original Hash Batches": 1,
                      "Peak Memory Usage": 17088,
                      "Plans": [
                        {
                          "Node Type": "Seq Scan",
                          "Parent Relationship": "Outer",
                          "Parallel Aware": true,
                          "Relation Name": "title",
                          "Alias": "t",
                          "Startup Cost": 0.0,
                          "Total Cost": 45479.59,
                          "Plan Rows": 34114,
                          "Plan Width": 4,
                          "Actual Startup Time": 43.279,
                          "Actual Total Time": 71.49,
                          "Actual Rows": 39770,
                          "Actual Loops": 7,
                          "Filter": "((production_year < 1982) AND (kind_id = 1))",
                          "Rows Removed by Filter": 321417
                        }
                      ]
                    }
                  ]
                }
              ]
            }
          ]
        }
      ]
    },
    "Planning Time": 0.679,
    "Triggers": [],
    "Execution Time": 1425.406
  }
]