[
  {
    "Plan": {
      "Node Type": "Aggregate",
      "Strategy": "Plain",
      "Partial Mode": "Finalize",
      "Parallel Aware": false,
      "Startup Cost": 62163.78,
      "Total Cost": 62163.79,
      "Plan Rows": 1,
      "Plan Width": 8,
      "Actual Startup Time": 195.557,
      "Actual Total Time": 208.502,
      "Actual Rows": 1,
      "Actual Loops": 1,
      "Plans": [
        {
          "Node Type": "Gather",
          "Parent Relationship": "Outer",
          "Parallel Aware": false,
          "Startup Cost": 62163.56,
          "Total Cost": 62163.77,
          "Plan Rows": 2,
          "Plan Width": 8,
          "Actual Startup Time": 195.362,
          "Actual Total Time": 208.493,
          "Actual Rows": 3,
          "Actual Loops": 1,
          "Workers Planned": 2,
          "Workers Launched": 2,
          "Single Copy": false,
          "Plans": [
            {
              "Node Type": "Aggregate",
              "Strategy": "Plain",
              "Partial Mode": "Partial",
              "Parent Relationship": "Outer",
              "Parallel Aware": false,
              "Startup Cost": 61163.56,
              "Total Cost": 61163.57,
              "Plan Rows": 1,
              "Plan Width": 8,
              "Actual Startup Time": 187.868,
              "Actual Total Time": 187.871,
              "Actual Rows": 1,
              "Actual Loops": 3,
              "Plans": [
                {
                  "Node Type": "Hash Join",
                  "Parent Relationship": "Outer",
                  "Parallel Aware": true,
                  "Join Type": "Inner",
                  "Startup Cost": 45533.62,
                  "Total Cost": 61160.25,
                  "Plan Rows": 1325,
                  "Plan Width": 0,
                  "Actual Startup Time": 126.019,
                  "Actual Total Time": 187.663,
                  "Actual Rows": 2109,
                  "Actual Loops": 3,
                  "Inner Unique": true,
                  "Hash Cond": "(mi_idx.movie_id = t.id)",
                  "Plans": [
                    {
                      "Node Type": "Seq Scan",
                      "Parent Relationship": "Outer",
                      "Parallel Aware": true,
                      "Relation Name": "movie_info_idx",
                      "Alias": "mi_idx",
                      "Startup Cost": 0.0,
                      "Total Cost": 15122.68,
                      "Plan Rows": 191978,
                      "Plan Width": 4,
                      "Actual Startup Time": 0.025,
                      "Actual Total Time": 45.011,
                      "Actual Rows": 153308,
                      "Actual Loops": 3,
                      "Filter": "(info_type_id = 101)",
                      "Rows Removed by Filter": 306703
                    },
                    {
                      "Node Type": "Hash",
                      "Parent Relationship": "Inner",
                      "Parallel Aware": true,
                      "Startup Cost": 45479.1,
                      "Total Cost": 45479.1,
                      "Plan Rows": 4362,
                      "Plan Width": 4,
                      "Actual Startup Time": 124.708,
                      "Actual Total Time": 124.708,
                      "Actual Rows": 4816,
                      "Actual Loops": 3,
                      "Hash Buckets": 32768,
                      "Original Hash Buckets": 32768,
                      "Hash Batches": 1,
                      "Original Hash Batches": 1,
                      "Peak Memory Usage": 864,
                      "Plans": [
                        {
                          "Node Type": "Seq Scan",
                          "Parent Relationship": "Outer",
                          "Parallel Aware": true,
                          "Relation Name": "title",
                          "Alias": "t",
                          "Startup Cost": 0.0,
                          "Total Cost": 45479.1,
                          "Plan Rows": 4362,
                          "Plan Width": 4,
                          "Actual Startup Time": 0.649,
                          "Actual Total Time": 122.455,
                          "Actual Rows": 4816,
                          "Actual Loops": 3,
                          "Filter": "((kind_id < 7) AND (production_year = 1998))",
                          "Rows Removed by Filter": 837954
                        }
                      ]
                    }
                  ]
                }
              ]
            }
          ]
        }
      ]
    },
    "Planning Time": 0.605,
    "Triggers": [],
    "Execution Time": 208.574
  }
]