[
    {
        "Bao": {
            "Bao prediction": "NaN",
            "Bao recommended hint": "(no hint)"
        }
    },
    {
        "Plan": {
            "Node Type": "Aggregate",
            "Strategy": "Plain",
            "Partial Mode": "Finalize",
            "Parallel Aware": false,
            "Startup Cost": 339805.65,
            "Total Cost": 339805.66,
            "Plan Rows": 1,
            "Plan Width": 8,
            "Actual Startup Time": 849.93,
            "Actual Total Time": 879.412,
            "Actual Rows": 1,
            "Actual Loops": 1,
            "Output": [
                "count(*)"
            ],
            "Plans": [
                {
                    "Node Type": "Gather",
                    "Parent Relationship": "Outer",
                    "Parallel Aware": false,
                    "Startup Cost": 339805.03,
                    "Total Cost": 339805.64,
                    "Plan Rows": 6,
                    "Plan Width": 8,
                    "Actual Startup Time": 849.837,
                    "Actual Total Time": 879.401,
                    "Actual Rows": 7,
                    "Actual Loops": 1,
                    "Output": [
                        "(PARTIAL count(*))"
                    ],
                    "Workers Planned": 6,
                    "Workers Launched": 6,
                    "Single Copy": false,
                    "Plans": [
                        {
                            "Node Type": "Aggregate",
                            "Strategy": "Plain",
                            "Partial Mode": "Partial",
                            "Parent Relationship": "Outer",
                            "Parallel Aware": false,
                            "Startup Cost": 338805.03,
                            "Total Cost": 338805.04,
                            "Plan Rows": 1,
                            "Plan Width": 8,
                            "Actual Startup Time": 839.299,
                            "Actual Total Time": 839.3,
                            "Actual Rows": 1,
                            "Actual Loops": 7,
                            "Output": [
                                "PARTIAL count(*)"
                            ],
                            "Workers": [
                                {
                                    "Worker Number": 0,
                                    "Actual Startup Time": 836.438,
                                    "Actual Total Time": 836.439,
                                    "Actual Rows": 1,
                                    "Actual Loops": 1
                                },
                                {
                                    "Worker Number": 1,
                                    "Actual Startup Time": 836.792,
                                    "Actual Total Time": 836.794,
                                    "Actual Rows": 1,
                                    "Actual Loops": 1
                                },
                                {
                                    "Worker Number": 2,
                                    "Actual Startup Time": 836.807,
                                    "Actual Total Time": 836.809,
                                    "Actual Rows": 1,
                                    "Actual Loops": 1
                                },
                                {
                                    "Worker Number": 3,
                                    "Actual Startup Time": 838.274,
                                    "Actual Total Time": 838.275,
                                    "Actual Rows": 1,
                                    "Actual Loops": 1
                                },
                                {
                                    "Worker Number": 4,
                                    "Actual Startup Time": 838.723,
                                    "Actual Total Time": 838.724,
                                    "Actual Rows": 1,
                                    "Actual Loops": 1
                                },
                                {
                                    "Worker Number": 5,
                                    "Actual Startup Time": 838.733,
                                    "Actual Total Time": 838.734,
                                    "Actual Rows": 1,
                                    "Actual Loops": 1
                                }
                            ],
                            "Plans": [
                                {
                                    "Node Type": "Seq Scan",
                                    "Parent Relationship": "Outer",
                                    "Parallel Aware": true,
                                    "Relation Name": "cast_info",
                                    "Schema": "public",
                                    "Alias": "ci",
                                    "Startup Cost": 0.0,
                                    "Total Cost": 328213.62,
                                    "Plan Rows": 4236565,
                                    "Plan Width": 0,
                                    "Actual Startup Time": 0.075,
                                    "Actual Total Time": 647.199,
                                    "Actual Rows": 3622100,
                                    "Actual Loops": 7,
                                    "Output": [
                                        "id",
                                        "person_id",
                                        "movie_id",
                                        "person_role_id",
                                        "note",
                                        "nr_order",
                                        "role_id"
                                    ],
                                    "Filter": "(ci.person_id < 2617511)",
                                    "Rows Removed by Filter": 1555663,
                                    "Workers": [
                                        {
                                            "Worker Number": 0,
                                            "Actual Startup Time": 0.069,
                                            "Actual Total Time": 648.888,
                                            "Actual Rows": 2770723,
                                            "Actual Loops": 1
                                        },
                                        {
                                            "Worker Number": 1,
                                            "Actual Startup Time": 0.107,
                                            "Actual Total Time": 650.398,
                                            "Actual Rows": 2766392,
                                            "Actual Loops": 1
                                        },
                                        {
                                            "Worker Number": 2,
                                            "Actual Startup Time": 0.107,
                                            "Actual Total Time": 647.752,
                                            "Actual Rows": 2746152,
                                            "Actual Loops": 1
                                        },
                                        {
                                            "Worker Number": 3,
                                            "Actual Startup Time": 0.077,
                                            "Actual Total Time": 653.531,
                                            "Actual Rows": 4418694,
                                            "Actual Loops": 1
                                        },
                                        {
                                            "Worker Number": 4,
                                            "Actual Startup Time": 0.067,
                                            "Actual Total Time": 653.467,
                                            "Actual Rows": 4437063,
                                            "Actual Loops": 1
                                        },
                                        {
                                            "Worker Number": 5,
                                            "Actual Startup Time": 0.077,
                                            "Actual Total Time": 653.347,
                                            "Actual Rows": 4449328,
                                            "Actual Loops": 1
                                        }
                                    ]
                                }
                            ]
                        }
                    ]
                }
            ]
        },
        "Planning Time": 319.214,
        "Triggers": [],
        "Execution Time": 879.49
    }
]