[
  {
    "Plan": {
      "Node Type": "Aggregate",
      "Strategy": "Plain",
      "Partial Mode": "Finalize",
      "Parallel Aware": false,
      "Startup Cost": 33641.86,
      "Total Cost": 33641.87,
      "Plan Rows": 1,
      "Plan Width": 8,
      "Actual Startup Time": 45.822,
      "Actual Total Time": 51.452,
      "Actual Rows": 1,
      "Actual Loops": 1,
      "Plans": [
        {
          "Node Type": "Gather",
          "Parent Relationship": "Outer",
          "Parallel Aware": false,
          "Startup Cost": 33641.65,
          "Total Cost": 33641.86,
          "Plan Rows": 2,
          "Plan Width": 8,
          "Actual Startup Time": 45.552,
          "Actual Total Time": 51.445,
          "Actual Rows": 3,
          "Actual Loops": 1,
          "Workers Planned": 2,
          "Workers Launched": 2,
          "Single Copy": false,
          "Plans": [
            {
              "Node Type": "Aggregate",
              "Strategy": "Plain",
              "Partial Mode": "Partial",
              "Parent Relationship": "Outer",
              "Parallel Aware": false,
              "Startup Cost": 32641.65,
              "Total Cost": 32641.66,
              "Plan Rows": 1,
              "Plan Width": 8,
              "Actual Startup Time": 37.481,
              "Actual Total Time": 37.482,
              "Actual Rows": 1,
              "Actual Loops": 3,
              "Plans": [
                {
                  "Node Type": "Nested Loop",
                  "Parent Relationship": "Outer",
                  "Parallel Aware": false,
                  "Join Type": "Inner",
                  "Startup Cost": 132.78,
                  "Total Cost": 32635.21,
                  "Plan Rows": 2576,
                  "Plan Width": 0,
                  "Actual Startup Time": 2.763,
                  "Actual Total Time": 37.133,
                  "Actual Rows": 1952,
                  "Actual Loops": 3,
                  "Inner Unique": true,
                  "Plans": [
                    {
                      "Node Type": "Bitmap Heap Scan",
                      "Parent Relationship": "Outer",
                      "Parallel Aware": true,
                      "Relation Name": "movie_keyword",
                      "Alias": "mk",
                      "Startup Cost": 132.35,
                      "Total Cost": 14320.78,
                      "Plan Rows": 2576,
                      "Plan Width": 4,
                      "Actual Startup Time": 2.593,
                      "Actual Total Time": 13.158,
                      "Actual Rows": 1952,
                      "Actual Loops": 3,
                      "Recheck Cond": "(keyword_id = 405)",
                      "Rows Removed by Index Recheck": 0,
                      "Exact Heap Blocks": 3781,
                      "Lossy Heap Blocks": 0,
                      "Plans": [
                        {
                          "Node Type": "Bitmap Index Scan",
                          "Parent Relationship": "Outer",
                          "Parallel Aware": false,
                          "Index Name": "keyword_id_movie_keyword",
                          "Startup Cost": 0.0,
                          "Total Cost": 130.81,
                          "Plan Rows": 6183,
                          "Plan Width": 0,
                          "Actual Startup Time": 4.626,
                          "Actual Total Time": 4.626,
                          "Actual Rows": 5857,
                          "Actual Loops": 1,
                          "Index Cond": "(keyword_id = 405)"
                        }
                      ]
                    },
                    {
                      "Node Type": "Index Only Scan",
                      "Parent Relationship": "Inner",
                      "Parallel Aware": false,
                      "Scan Direction": "Forward",
                      "Index Name": "title_pkey",
                      "Relation Name": "title",
                      "Alias": "t",
                      "Startup Cost": 0.43,
                      "Total Cost": 7.11,
                      "Plan Rows": 1,
                      "Plan Width": 4,
                      "Actual Startup Time": 0.011,
                      "Actual Total Time": 0.011,
                      "Actual Rows": 1,
                      "Actual Loops": 5857,
                      "Index Cond": "(id = mk.movie_id)",
                      "Rows Removed by Index Recheck": 0,
                      "Heap Fetches": 5857
                    }
                  ]
                }
              ]
            }
          ]
        }
      ]
    },
    "Planning Time": 0.676,
    "Triggers": [],
    "Execution Time": 51.539
  }
]