[
  {
    "Plan": {
      "Node Type": "Aggregate",
      "Strategy": "Plain",
      "Partial Mode": "Finalize",
      "Parallel Aware": false,
      "Startup Cost": 437506.91,
      "Total Cost": 437506.92,
      "Plan Rows": 1,
      "Plan Width": 8,
      "Actual Startup Time": 1847.291,
      "Actual Total Time": 1916.417,
      "Actual Rows": 1,
      "Actual Loops": 1,
      "Plans": [
        {
          "Node Type": "Gather",
          "Parent Relationship": "Outer",
          "Parallel Aware": false,
          "Startup Cost": 437506.28,
          "Total Cost": 437506.89,
          "Plan Rows": 6,
          "Plan Width": 8,
          "Actual Startup Time": 1840.35,
          "Actual Total Time": 1916.405,
          "Actual Rows": 7,
          "Actual Loops": 1,
          "Workers Planned": 6,
          "Workers Launched": 6,
          "Single Copy": false,
          "Plans": [
            {
              "Node Type": "Aggregate",
              "Strategy": "Plain",
              "Partial Mode": "Partial",
              "Parent Relationship": "Outer",
              "Parallel Aware": false,
              "Startup Cost": 436506.28,
              "Total Cost": 436506.29,
              "Plan Rows": 1,
              "Plan Width": 8,
              "Actual Startup Time": 1828.989,
              "Actual Total Time": 1828.995,
              "Actual Rows": 1,
              "Actual Loops": 7,
              "Plans": [
                {
                  "Node Type": "Hash Join",
                  "Parent Relationship": "Outer",
                  "Parallel Aware": true,
                  "Join Type": "Inner",
                  "Startup Cost": 92874.04,
                  "Total Cost": 433047.07,
                  "Plan Rows": 1383687,
                  "Plan Width": 0,
                  "Actual Startup Time": 259.342,
                  "Actual Total Time": 1693.806,
                  "Actual Rows": 3036301,
                  "Actual Loops": 7,
                  "Inner Unique": false,
                  "Hash Cond": "(ci.movie_id = t.id)",
                  "Plans": [
                    {
                      "Node Type": "Seq Scan",
                      "Parent Relationship": "Outer",
                      "Parallel Aware": true,
                      "Relation Name": "cast_info",
                      "Alias": "ci",
                      "Startup Cost": 0.0,
                      "Total Cost": 313067.02,
                      "Plan Rows": 6038002,
                      "Plan Width": 4,
                      "Actual Startup Time": 0.018,
                      "Actual Total Time": 540.572,
                      "Actual Rows": 5177763,
                      "Actual Loops": 7
                    },
                    {
                      "Node Type": "Hash",
                      "Parent Relationship": "Inner",
                      "Parallel Aware": true,
                      "Startup Cost": 90537.79,
                      "Total Cost": 90537.79,
                      "Plan Rows": 186900,
                      "Plan Width": 8,
                      "Actual Startup Time": 256.058,
                      "Actual Total Time": 256.062,
                      "Actual Rows": 49753,
                      "Actual Loops": 7,
                      "Hash Buckets": 1048576,
                      "Original Hash Buckets": 1048576,
                      "Hash Batches": 1,
                      "Original Hash Batches": 1,
                      "Peak Memory Usage": 21888,
                      "Plans": [
                        {
                          "Node Type": "Hash Join",
                          "Parent Relationship": "Outer",
                          "Parallel Aware": true,
                          "Join Type": "Inner",
                          "Startup Cost": 45975.09,
                          "Total Cost": 90537.79,
                          "Plan Rows": 186900,
                          "Plan Width": 8,
                          "Actual Startup Time": 132.672,
                          "Actual Total Time": 237.794,
                          "Actual Rows": 49753,
                          "Actual Loops": 7,
                          "Inner Unique": true,
                          "Hash Cond": "(mk.movie_id = t.id)",
                          "Plans": [
                            {
                              "Node Type": "Seq Scan",
                              "Parent Relationship": "Outer",
                              "Parallel Aware": true,
                              "Relation Name": "movie_keyword",
                              "Alias": "mk",
                              "Startup Cost": 0.0,
                              "Total Cost": 42695.65,
                              "Plan Rows": 711255,
                              "Plan Width": 4,
                              "Actual Startup Time": 0.217,
                              "Actual Total Time": 67.518,
                              "Actual Rows": 314786,
                              "Actual Loops": 7,
                              "Filter": "(keyword_id > 5059)",
                              "Rows Removed by Filter": 331490
                            },
                            {
                              "Node Type": "Hash",
                              "Parent Relationship": "Inner",
                              "Parallel Aware": true,
                              "Startup Cost": 43898.92,
                              "Total Cost": 43898.92,
                              "Plan Rows": 166094,
                              "Plan Width": 4,
                              "Actual Startup Time": 130.763,
                              "Actual Total Time": 130.764,
                              "Actual Rows": 94581,
                              "Actual Loops": 7,
                              "Hash Buckets": 1048576,
                              "Original Hash Buckets": 1048576,
                              "Hash Batches": 1,
                              "Original Hash Batches": 1,
                              "Peak Memory Usage": 34208,
                              "Plans": [
                                {
                                  "Node Type": "Seq Scan",
                                  "Parent Relationship": "Outer",
                                  "Parallel Aware": true,
                                  "Relation Name": "title",
                                  "Alias": "t",
                                  "Startup Cost": 0.0,
                                  "Total Cost": 43898.92,
                                  "Plan Rows": 166094,
                                  "Plan Width": 4,
                                  "Actual Startup Time": 0.046,
                                  "Actual Total Time": 77.661,
                                  "Actual Rows": 94581,
                                  "Actual Loops": 7,
                                  "Filter": "(production_year > 2008)",
                                  "Rows Removed by Filter": 266607
                                }
                              ]
                            }
                          ]
                        }
                      ]
                    }
                  ]
                }
              ]
            }
          ]
        }
      ]
    },
    "Planning Time": 1.277,
    "Triggers": [],
    "Execution Time": 1916.518
  }
]