{
  "Plan": {
    "Node Type": "Aggregate",
    "Strategy": "Plain",
    "Partial Mode": "Finalize",
    "Parallel Aware": false,
    "Startup Cost": 277714.83,
    "Total Cost": 277714.84,
    "Plan Rows": 1,
    "Plan Width": 8,
    "Actual Startup Time": 654.305,
    "Actual Total Time": 696.383,
    "Actual Rows": 1,
    "Actual Loops": 1,
    "Plans": [
      {
        "Node Type": "Gather",
        "Parent Relationship": "Outer",
        "Parallel Aware": false,
        "Startup Cost": 277714.72,
        "Total Cost": 277714.83,
        "Plan Rows": 1,
        "Plan Width": 8,
        "Actual Startup Time": 649.7,
        "Actual Total Time": 696.373,
        "Actual Rows": 2,
        "Actual Loops": 1,
        "Workers Planned": 1,
        "Workers Launched": 1,
        "Single Copy": false,
        "Plans": [
          {
            "Node Type": "Aggregate",
            "Strategy": "Plain",
            "Partial Mode": "Partial",
            "Parent Relationship": "Outer",
            "Parallel Aware": false,
            "Startup Cost": 276714.72,
            "Total Cost": 276714.73,
            "Plan Rows": 1,
            "Plan Width": 8,
            "Actual Startup Time": 641.435,
            "Actual Total Time": 641.439,
            "Actual Rows": 1,
            "Actual Loops": 2,
            "Plans": [
              {
                "Node Type": "Nested Loop",
                "Parent Relationship": "Outer",
                "Parallel Aware": false,
                "Join Type": "Inner",
                "Startup Cost": 71825.84,
                "Total Cost": 276192.62,
                "Plan Rows": 208842,
                "Plan Width": 0,
                "Actual Startup Time": 407.444,
                "Actual Total Time": 637.045,
                "Actual Rows": 81290,
                "Actual Loops": 2,
                "Inner Unique": false,
                "Plans": [
                  {
                    "Node Type": "Hash Join",
                    "Parent Relationship": "Outer",
                    "Parallel Aware": true,
                    "Join Type": "Inner",
                    "Startup Cost": 71825.4,
                    "Total Cost": 98352.15,
                    "Plan Rows": 90635,
                    "Plan Width": 8,
                    "Actual Startup Time": 407.378,
                    "Actual Total Time": 478.851,
                    "Actual Rows": 16539,
                    "Actual Loops": 2,
                    "Inner Unique": true,
                    "Hash Cond": "(mk.movie_id = t.id)",
                    "Plans": [
                      {
                        "Node Type": "Bitmap Heap Scan",
                        "Parent Relationship": "Outer",
                        "Parallel Aware": true,
                        "Relation Name": "movie_keyword",
                        "Alias": "mk",
                        "Startup Cost": 4941.95,
                        "Total Cost": 31108.96,
                        "Plan Rows": 137041,
                        "Plan Width": 4,
                        "Actual Startup Time": 17.178,
                        "Actual Total Time": 57.574,
                        "Actual Rows": 110934,
                        "Actual Loops": 2,
                        "Recheck Cond": "(keyword_id > 64368)",
                        "Rows Removed by Index Recheck": 0,
                        "Exact Heap Blocks": 13408,
                        "Lossy Heap Blocks": 0,
                        "Plans": [
                          {
                            "Node Type": "Bitmap Index Scan",
                            "Parent Relationship": "Outer",
                            "Parallel Aware": false,
                            "Index Name": "keyword_id_movie_keyword",
                            "Startup Cost": 0.0,
                            "Total Cost": 4883.71,
                            "Plan Rows": 232970,
                            "Plan Width": 0,
                            "Actual Startup Time": 14.087,
                            "Actual Total Time": 14.087,
                            "Actual Rows": 221867,
                            "Actual Loops": 1,
                            "Index Cond": "(keyword_id > 64368)"
                          }
                        ]
                      },
                      {
                        "Node Type": "Hash",
                        "Parent Relationship": "Inner",
                        "Parallel Aware": true,
                        "Startup Cost": 54588.39,
                        "Total Cost": 54588.39,
                        "Plan Rows": 983605,
                        "Plan Width": 4,
                        "Actual Startup Time": 375.555,
                        "Actual Total Time": 375.556,
                        "Actual Rows": 837049,
                        "Actual Loops": 2,
                        "Hash Buckets": 2097152,
                        "Original Hash Buckets": 2097152,
                        "Hash Batches": 1,
                        "Original Hash Batches": 1,
                        "Peak Memory Usage": 81920,
                        "Plans": [
                          {
                            "Node Type": "Seq Scan",
                            "Parent Relationship": "Outer",
                            "Parallel Aware": true,
                            "Relation Name": "title",
                            "Alias": "t",
                            "Startup Cost": 0.0,
                            "Total Cost": 54588.39,
                            "Plan Rows": 983605,
                            "Plan Width": 4,
                            "Actual Startup Time": 0.036,
                            "Actual Total Time": 163.916,
                            "Actual Rows": 837049,
                            "Actual Loops": 2,
                            "Filter": "(kind_id > 3)",
                            "Rows Removed by Filter": 427107
                          }
                        ]
                      }
                    ]
                  },
                  {
                    "Node Type": "Index Scan",
                    "Parent Relationship": "Inner",
                    "Parallel Aware": false,
                    "Scan Direction": "Forward",
                    "Index Name": "movie_id_movie_info",
                    "Relation Name": "movie_info",
                    "Alias": "mi",
                    "Startup Cost": 0.43,
                    "Total Cost": 1.79,
                    "Plan Rows": 17,
                    "Plan Width": 4,
                    "Actual Startup Time": 0.003,
                    "Actual Total Time": 0.009,
                    "Actual Rows": 5,
                    "Actual Loops": 33078,
                    "Index Cond": "(movie_id = t.id)",
                    "Rows Removed by Index Recheck": 0,
                    "Filter": "(info_type_id < 7)",
                    "Rows Removed by Filter": 8
                  }
                ]
              }
            ]
          }
        ]
      }
    ]
  },
  "Planning Time": 1.208,
  "Triggers": [],
  "Execution Time": 696.567
}