[
  {
    "Plan": {
      "Node Type": "Aggregate",
      "Strategy": "Plain",
      "Partial Mode": "Finalize",
      "Parallel Aware": false,
      "Startup Cost": 274956.96,
      "Total Cost": 274956.97,
      "Plan Rows": 1,
      "Plan Width": 8,
      "Actual Startup Time": 846.653,
      "Actual Total Time": 864.684,
      "Actual Rows": 1,
      "Actual Loops": 1,
      "Plans": [
        {
          "Node Type": "Gather",
          "Parent Relationship": "Outer",
          "Parallel Aware": false,
          "Startup Cost": 274956.65,
          "Total Cost": 274956.96,
          "Plan Rows": 3,
          "Plan Width": 8,
          "Actual Startup Time": 838.606,
          "Actual Total Time": 864.674,
          "Actual Rows": 4,
          "Actual Loops": 1,
          "Workers Planned": 3,
          "Workers Launched": 3,
          "Single Copy": false,
          "Plans": [
            {
              "Node Type": "Aggregate",
              "Strategy": "Plain",
              "Partial Mode": "Partial",
              "Parent Relationship": "Outer",
              "Parallel Aware": false,
              "Startup Cost": 273956.65,
              "Total Cost": 273956.66,
              "Plan Rows": 1,
              "Plan Width": 8,
              "Actual Startup Time": 834.888,
              "Actual Total Time": 835.319,
              "Actual Rows": 1,
              "Actual Loops": 4,
              "Plans": [
                {
                  "Node Type": "Hash Join",
                  "Parent Relationship": "Outer",
                  "Parallel Aware": true,
                  "Join Type": "Inner",
                  "Startup Cost": 242097.96,
                  "Total Cost": 273125.57,
                  "Plan Rows": 332430,
                  "Plan Width": 0,
                  "Actual Startup Time": 608.856,
                  "Actual Total Time": 813.473,
                  "Actual Rows": 544521,
                  "Actual Loops": 4,
                  "Inner Unique": false,
                  "Hash Cond": "(mc.movie_id = t.id)",
                  "Plans": [
                    {
                      "Node Type": "Seq Scan",
                      "Parent Relationship": "Outer",
                      "Parallel Aware": true,
                      "Relation Name": "movie_companies",
                      "Alias": "mc",
                      "Startup Cost": 0.0,
                      "Total Cost": 27206.55,
                      "Plan Rows": 841655,
                      "Plan Width": 4,
                      "Actual Startup Time": 0.012,
                      "Actual Total Time": 54.392,
                      "Actual Rows": 652282,
                      "Actual Loops": 4
                    },
                    {
                      "Node Type": "Hash",
                      "Parent Relationship": "Inner",
                      "Parallel Aware": true,
                      "Startup Cost": 239601.32,
                      "Total Cost": 239601.32,
                      "Plan Rows": 199731,
                      "Plan Width": 8,
                      "Actual Startup Time": 606.457,
                      "Actual Total Time": 606.886,
                      "Actual Rows": 270330,
                      "Actual Loops": 4,
                      "Hash Buckets": 2097152,
                      "Original Hash Buckets": 1048576,
                      "Hash Batches": 1,
                      "Original Hash Batches": 1,
                      "Peak Memory Usage": 66944,
                      "Plans": [
                        {
                          "Node Type": "Hash Join",
                          "Parent Relationship": "Outer",
                          "Parallel Aware": true,
                          "Join Type": "Inner",
                          "Startup Cost": 73636.83,
                          "Total Cost": 239601.32,
                          "Plan Rows": 199731,
                          "Plan Width": 8,
                          "Actual Startup Time": 315.804,
                          "Actual Total Time": 495.228,
                          "Actual Rows": 270330,
                          "Actual Loops": 4,
                          "Inner Unique": true,
                          "Hash Cond": "(mi.movie_id = t.id)",
                          "Plans": [
                            {
                              "Node Type": "Bitmap Heap Scan",
                              "Parent Relationship": "Outer",
                              "Parallel Aware": true,
                              "Relation Name": "movie_info",
                              "Alias": "mi",
                              "Startup Cost": 23727.33,
                              "Total Cost": 189002.56,
                              "Plan Rows": 262578,
                              "Plan Width": 4,
                              "Actual Startup Time": 50.346,
                              "Actual Total Time": 85.745,
                              "Actual Rows": 331340,
                              "Actual Loops": 4,
                              "Recheck Cond": "(info_type_id = 8)",
                              "Rows Removed by Index Recheck": 0,
                              "Exact Heap Blocks": 2125,
                              "Lossy Heap Blocks": 0,
                              "Plans": [
                                {
                                  "Node Type": "Bitmap Index Scan",
                                  "Parent Relationship": "Outer",
                                  "Parallel Aware": false,
                                  "Index Name": "info_type_id_movie_info",
                                  "Startup Cost": 0.0,
                                  "Total Cost": 23399.11,
                                  "Plan Rows": 1312890,
                                  "Plan Width": 0,
                                  "Actual Startup Time": 48.959,
                                  "Actual Total Time": 48.96,
                                  "Actual Rows": 1325361,
                                  "Actual Loops": 1,
                                  "Index Cond": "(info_type_id = 8)"
                                }
                              ]
                            },
                            {
                              "Node Type": "Hash",
                              "Parent Relationship": "Inner",
                              "Parallel Aware": true,
                              "Startup Cost": 43899.32,
                              "Total Cost": 43899.32,
                              "Plan Rows": 480814,
                              "Plan Width": 4,
                              "Actual Startup Time": 262.164,
                              "Actual Total Time": 262.165,
                              "Actual Rows": 480712,
                              "Actual Loops": 4,
                              "Hash Buckets": 2097152,
                              "Original Hash Buckets": 2097152,
                              "Hash Batches": 1,
                              "Original Hash Batches": 1,
                              "Peak Memory Usage": 91680,
                              "Plans": [
                                {
                                  "Node Type": "Seq Scan",
                                  "Parent Relationship": "Outer",
                                  "Parallel Aware": true,
                                  "Relation Name": "title",
                                  "Alias": "t",
                                  "Startup Cost": 0.0,
                                  "Total Cost": 43899.32,
                                  "Plan Rows": 480814,
                                  "Plan Width": 4,
                                  "Actual Startup Time": 0.02,
                                  "Actual Total Time": 105.445,
                                  "Actual Rows": 480712,
                                  "Actual Loops": 4,
                                  "Filter": "(production_year < 2010)",
                                  "Rows Removed by Filter": 151366
                                }
                              ]
                            }
                          ]
                        }
                      ]
                    }
                  ]
                }
              ]
            }
          ]
        }
      ]
    },
    "Planning Time": 0.404,
    "Triggers": [],
    "Execution Time": 864.731
  }
]