[
  {
    "Plan": {
      "Node Type": "Aggregate",
      "Strategy": "Plain",
      "Partial Mode": "Finalize",
      "Parallel Aware": false,
      "Startup Cost": 46754.36,
      "Total Cost": 46754.37,
      "Plan Rows": 1,
      "Plan Width": 8,
      "Actual Startup Time": 100.58,
      "Actual Total Time": 112.822,
      "Actual Rows": 1,
      "Actual Loops": 1,
      "Plans": [
        {
          "Node Type": "Gather",
          "Parent Relationship": "Outer",
          "Parallel Aware": false,
          "Startup Cost": 46753.94,
          "Total Cost": 46754.35,
          "Plan Rows": 4,
          "Plan Width": 8,
          "Actual Startup Time": 100.417,
          "Actual Total Time": 112.811,
          "Actual Rows": 5,
          "Actual Loops": 1,
          "Workers Planned": 4,
          "Workers Launched": 4,
          "Single Copy": false,
          "Plans": [
            {
              "Node Type": "Aggregate",
              "Strategy": "Plain",
              "Partial Mode": "Partial",
              "Parent Relationship": "Outer",
              "Parallel Aware": false,
              "Startup Cost": 45753.94,
              "Total Cost": 45753.95,
              "Plan Rows": 1,
              "Plan Width": 8,
              "Actual Startup Time": 94.057,
              "Actual Total Time": 94.059,
              "Actual Rows": 1,
              "Actual Loops": 5,
              "Plans": [
                {
                  "Node Type": "Seq Scan",
                  "Parent Relationship": "Outer",
                  "Parallel Aware": true,
                  "Relation Name": "title",
                  "Alias": "t",
                  "Startup Cost": 0.0,
                  "Total Cost": 45479.1,
                  "Plan Rows": 109935,
                  "Plan Width": 0,
                  "Actual Startup Time": 0.042,
                  "Actual Total Time": 88.826,
                  "Actual Rows": 107372,
                  "Actual Loops": 5,
                  "Filter": "((kind_id < 7) AND (production_year < 2002))",
                  "Rows Removed by Filter": 398290
                }
              ]
            }
          ]
        }
      ]
    },
    "Planning Time": 0.191,
    "Triggers": [],
    "Execution Time": 112.883
  }
]