[
  {
    "Plan": {
      "Node Type": "Aggregate",
      "Strategy": "Plain",
      "Partial Mode": "Finalize",
      "Parallel Aware": false,
      "Startup Cost": 250399.01,
      "Total Cost": 250399.02,
      "Plan Rows": 1,
      "Plan Width": 8,
      "Actual Startup Time": 724.047,
      "Actual Total Time": 746.581,
      "Actual Rows": 1,
      "Actual Loops": 1,
      "Plans": [
        {
          "Node Type": "Gather",
          "Parent Relationship": "Outer",
          "Parallel Aware": false,
          "Startup Cost": 250398.49,
          "Total Cost": 250399.0,
          "Plan Rows": 5,
          "Plan Width": 8,
          "Actual Startup Time": 701.756,
          "Actual Total Time": 746.57,
          "Actual Rows": 6,
          "Actual Loops": 1,
          "Workers Planned": 5,
          "Workers Launched": 5,
          "Single Copy": false,
          "Plans": [
            {
              "Node Type": "Aggregate",
              "Strategy": "Plain",
              "Partial Mode": "Partial",
              "Parent Relationship": "Outer",
              "Parallel Aware": false,
              "Startup Cost": 249398.49,
              "Total Cost": 249398.5,
              "Plan Rows": 1,
              "Plan Width": 8,
              "Actual Startup Time": 680.343,
              "Actual Total Time": 680.347,
              "Actual Rows": 1,
              "Actual Loops": 6,
              "Plans": [
                {
                  "Node Type": "Nested Loop",
                  "Parent Relationship": "Outer",
                  "Parallel Aware": false,
                  "Join Type": "Inner",
                  "Startup Cost": 53827.43,
                  "Total Cost": 249295.76,
                  "Plan Rows": 41090,
                  "Plan Width": 0,
                  "Actual Startup Time": 306.22,
                  "Actual Total Time": 652.683,
                  "Actual Rows": 514260,
                  "Actual Loops": 6,
                  "Inner Unique": false,
                  "Plans": [
                    {
                      "Node Type": "Hash Join",
                      "Parent Relationship": "Outer",
                      "Parallel Aware": true,
                      "Join Type": "Inner",
                      "Startup Cost": 53827.0,
                      "Total Cost": 224916.25,
                      "Plan Rows": 39817,
                      "Plan Width": 8,
                      "Actual Startup Time": 306.102,
                      "Actual Total Time": 335.682,
                      "Actual Rows": 30019,
                      "Actual Loops": 6,
                      "Inner Unique": true,
                      "Hash Cond": "(mi.movie_id = t.id)",
                      "Plans": [
                        {
                          "Node Type": "Bitmap Heap Scan",
                          "Parent Relationship": "Outer",
                          "Parallel Aware": true,
                          "Relation Name": "movie_info",
                          "Alias": "mi",
                          "Startup Cost": 3607.36,
                          "Total Cost": 174592.08,
                          "Plan Rows": 39817,
                          "Plan Width": 4,
                          "Actual Startup Time": 17.028,
                          "Actual Total Time": 28.335,
                          "Actual Rows": 30019,
                          "Actual Loops": 6,
                          "Recheck Cond": "(info_type_id = 13)",
                          "Rows Removed by Index Recheck": 0,
                          "Exact Heap Blocks": 1236,
                          "Lossy Heap Blocks": 0,
                          "Plans": [
                            {
                              "Node Type": "Bitmap Index Scan",
                              "Parent Relationship": "Outer",
                              "Parallel Aware": false,
                              "Index Name": "info_type_id_movie_info",
                              "Startup Cost": 0.0,
                              "Total Cost": 3557.59,
                              "Plan Rows": 199087,
                              "Plan Width": 0,
                              "Actual Startup Time": 15.791,
                              "Actual Total Time": 15.792,
                              "Actual Rows": 180112,
                              "Actual Loops": 1,
                              "Index Cond": "(info_type_id = 13)"
                            }
                          ]
                        },
                        {
                          "Node Type": "Hash",
                          "Parent Relationship": "Inner",
                          "Parallel Aware": true,
                          "Startup Cost": 42318.73,
                          "Total Cost": 42318.73,
                          "Plan Rows": 632073,
                          "Plan Width": 4,
                          "Actual Startup Time": 281.362,
                          "Actual Total Time": 281.363,
                          "Actual Rows": 421385,
                          "Actual Loops": 6,
                          "Hash Buckets": 4194304,
                          "Original Hash Buckets": 4194304,
                          "Hash Batches": 1,
                          "Original Hash Batches": 1,
                          "Peak Memory Usage": 131744,
                          "Plans": [
                            {
                              "Node Type": "Seq Scan",
                              "Parent Relationship": "Outer",
                              "Parallel Aware": true,
                              "Relation Name": "title",
                              "Alias": "t",
                              "Startup Cost": 0.0,
                              "Total Cost": 42318.73,
                              "Plan Rows": 632073,
                              "Plan Width": 4,
                              "Actual Startup Time": 0.037,
                              "Actual Total Time": 85.499,
                              "Actual Rows": 421385,
                              "Actual Loops": 6
                            }
                          ]
                        }
                      ]
                    },
                    {
                      "Node Type": "Index Only Scan",
                      "Parent Relationship": "Inner",
                      "Parallel Aware": false,
                      "Scan Direction": "Forward",
                      "Index Name": "movie_id_movie_companies",
                      "Relation Name": "movie_companies",
                      "Alias": "mc",
                      "Startup Cost": 0.43,
                      "Total Cost": 0.56,
                      "Plan Rows": 5,
                      "Plan Width": 4,
                      "Actual Startup Time": 0.003,
                      "Actual Total Time": 0.009,
                      "Actual Rows": 17,
                      "Actual Loops": 180112,
                      "Index Cond": "(movie_id = t.id)",
                      "Rows Removed by Index Recheck": 0,
                      "Heap Fetches": 3085563
                    }
                  ]
                }
              ]
            }
          ]
        }
      ]
    },
    "Planning Time": 1.402,
    "Triggers": [],
    "Execution Time": 746.69
  }
]