{
  "Plan": {
    "Node Type": "Aggregate",
    "Strategy": "Plain",
    "Partial Mode": "Finalize",
    "Parallel Aware": false,
    "Startup Cost": 144456.49,
    "Total Cost": 144456.5,
    "Plan Rows": 1,
    "Plan Width": 8,
    "Actual Startup Time": 640.756,
    "Actual Total Time": 661.205,
    "Actual Rows": 1,
    "Actual Loops": 1,
    "Plans": [
      {
        "Node Type": "Gather",
        "Parent Relationship": "Outer",
        "Parallel Aware": false,
        "Startup Cost": 144456.38,
        "Total Cost": 144456.49,
        "Plan Rows": 1,
        "Plan Width": 8,
        "Actual Startup Time": 640.399,
        "Actual Total Time": 661.198,
        "Actual Rows": 2,
        "Actual Loops": 1,
        "Workers Planned": 1,
        "Workers Launched": 1,
        "Single Copy": false,
        "Plans": [
          {
            "Node Type": "Aggregate",
            "Strategy": "Plain",
            "Partial Mode": "Partial",
            "Parent Relationship": "Outer",
            "Parallel Aware": false,
            "Startup Cost": 143456.38,
            "Total Cost": 143456.39,
            "Plan Rows": 1,
            "Plan Width": 8,
            "Actual Startup Time": 634.448,
            "Actual Total Time": 634.453,
            "Actual Rows": 1,
            "Actual Loops": 2,
            "Plans": [
              {
                "Node Type": "Hash Join",
                "Parent Relationship": "Outer",
                "Parallel Aware": true,
                "Join Type": "Inner",
                "Startup Cost": 81867.66,
                "Total Cost": 143294.1,
                "Plan Rows": 64911,
                "Plan Width": 0,
                "Actual Startup Time": 483.345,
                "Actual Total Time": 624.65,
                "Actual Rows": 250178,
                "Actual Loops": 2,
                "Inner Unique": false,
                "Hash Cond": "(mk.movie_id = t.id)",
                "Plans": [
                  {
                    "Node Type": "Seq Scan",
                    "Parent Relationship": "Outer",
                    "Parallel Aware": true,
                    "Relation Name": "movie_keyword",
                    "Alias": "mk",
                    "Startup Cost": 0.0,
                    "Total Cost": 51065.35,
                    "Plan Rows": 2661135,
                    "Plan Width": 4,
                    "Actual Startup Time": 0.012,
                    "Actual Total Time": 152.934,
                    "Actual Rows": 2261965,
                    "Actual Loops": 2
                  },
                  {
                    "Node Type": "Hash",
                    "Parent Relationship": "Inner",
                    "Parallel Aware": true,
                    "Startup Cost": 81414.2,
                    "Total Cost": 81414.2,
                    "Plan Rows": 36277,
                    "Plan Width": 8,
                    "Actual Startup Time": 293.103,
                    "Actual Total Time": 293.107,
                    "Actual Rows": 29576,
                    "Actual Loops": 2,
                    "Hash Buckets": 65536,
                    "Original Hash Buckets": 65536,
                    "Hash Batches": 1,
                    "Original Hash Batches": 1,
                    "Peak Memory Usage": 2848,
                    "Plans": [
                      {
                        "Node Type": "Hash Join",
                        "Parent Relationship": "Outer",
                        "Parallel Aware": true,
                        "Join Type": "Inner",
                        "Startup Cost": 21035.31,
                        "Total Cost": 81414.2,
                        "Plan Rows": 36277,
                        "Plan Width": 8,
                        "Actual Startup Time": 197.035,
                        "Actual Total Time": 287.342,
                        "Actual Rows": 29576,
                        "Actual Loops": 2,
                        "Inner Unique": false,
                        "Hash Cond": "(t.id = mc.movie_id)",
                        "Plans": [
                          {
                            "Node Type": "Seq Scan",
                            "Parent Relationship": "Outer",
                            "Parallel Aware": true,
                            "Relation Name": "title",
                            "Alias": "t",
                            "Startup Cost": 0.0,
                            "Total Cost": 50870.31,
                            "Plan Rows": 1487231,
                            "Plan Width": 4,
                            "Actual Startup Time": 0.019,
                            "Actual Total Time": 115.315,
                            "Actual Rows": 1264156,
                            "Actual Loops": 2
                          },
                          {
                            "Node Type": "Hash",
                            "Parent Relationship": "Inner",
                            "Parallel Aware": true,
                            "Startup Cost": 20581.84,
                            "Total Cost": 20581.84,
                            "Plan Rows": 36277,
                            "Plan Width": 4,
                            "Actual Startup Time": 26.874,
                            "Actual Total Time": 26.876,
                            "Actual Rows": 29576,
                            "Actual Loops": 2,
                            "Hash Buckets": 65536,
                            "Original Hash Buckets": 65536,
                            "Hash Batches": 1,
                            "Original Hash Batches": 1,
                            "Peak Memory Usage": 2880,
                            "Plans": [
                              {
                                "Node Type": "Bitmap Heap Scan",
                                "Parent Relationship": "Outer",
                                "Parallel Aware": true,
                                "Relation Name": "movie_companies",
                                "Alias": "mc",
                                "Startup Cost": 1338.38,
                                "Total Cost": 20581.84,
                                "Plan Rows": 36277,
                                "Plan Width": 4,
                                "Actual Startup Time": 3.061,
                                "Actual Total Time": 18.208,
                                "Actual Rows": 29576,
                                "Actual Loops": 2,
                                "Recheck Cond": "(company_id > 184449)",
                                "Rows Removed by Index Recheck": 0,
                                "Exact Heap Blocks": 1672,
                                "Lossy Heap Blocks": 0,
                                "Plans": [
                                  {
                                    "Node Type": "Bitmap Index Scan",
                                    "Parent Relationship": "Outer",
                                    "Parallel Aware": false,
                                    "Index Name": "company_id_movie_companies",
                                    "Startup Cost": 0.0,
                                    "Total Cost": 1322.96,
                                    "Plan Rows": 61671,
                                    "Plan Width": 0,
                                    "Actual Startup Time": 5.336,
                                    "Actual Total Time": 5.336,
                                    "Actual Rows": 59153,
                                    "Actual Loops": 1,
                                    "Index Cond": "(company_id > 184449)"
                                  }
                                ]
                              }
                            ]
                          }
                        ]
                      }
                    ]
                  }
                ]
              }
            ]
          }
        ]
      }
    ]
  },
  "Planning Time": 0.72,
  "Triggers": [],
  "Execution Time": 661.285
}