[
  {
    "Plan": {
      "Node Type": "Aggregate",
      "Strategy": "Plain",
      "Partial Mode": "Simple",
      "Parallel Aware": false,
      "Startup Cost": 119807.73,
      "Total Cost": 119807.74,
      "Plan Rows": 1,
      "Plan Width": 64,
      "Actual Startup Time": 11499.033,
      "Actual Total Time": 11499.038,
      "Actual Rows": 1,
      "Actual Loops": 1,
      "Output": [
        "min(n.name)",
        "min(t.title)"
      ],
      "Plans": [
        {
          "Node Type": "Hash Join",
          "Parent Relationship": "Outer",
          "Parallel Aware": false,
          "Join Type": "Inner",
          "Startup Cost": 6189.74,
          "Total Cost": 119807.34,
          "Plan Rows": 78,
          "Plan Width": 32,
          "Actual Startup Time": 52.014,
          "Actual Total Time": 11480.444,
          "Actual Rows": 85634,
          "Actual Loops": 1,
          "Output": [
            "n.name",
            "t.title"
          ],
          "Inner Unique": true,
          "Hash Cond": "(pi.info_type_id = it2.id)",
          "Plans": [
            {
              "Node Type": "Nested Loop",
              "Parent Relationship": "Outer",
              "Parallel Aware": false,
              "Join Type": "Inner",
              "Startup Cost": 6187.31,
              "Total Cost": 118610.93,
              "Plan Rows": 438400,
              "Plan Width": 36,
              "Actual Startup Time": 51.775,
              "Actual Total Time": 11389.401,
              "Actual Rows": 869770,
              "Actual Loops": 1,
              "Output": [
                "t.title",
                "n.name",
                "pi.info_type_id"
              ],
              "Inner Unique": false,
              "Plans": [
                {
                  "Node Type": "Nested Loop",
                  "Parent Relationship": "Outer",
                  "Parallel Aware": false,
                  "Join Type": "Inner",
                  "Startup Cost": 6186.88,
                  "Total Cost": 61998.71,
                  "Plan Rows": 59766,
                  "Plan Width": 40,
                  "Actual Startup Time": 51.691,
                  "Actual Total Time": 5527.911,
                  "Actual Rows": 564555,
                  "Actual Loops": 1,
                  "Output": [
                    "t.title",
                    "ci.person_id",
                    "n.name",
                    "n.id"
                  ],
                  "Inner Unique": true,
                  "Plans": [
                    {
                      "Node Type": "Nested Loop",
                      "Parent Relationship": "Outer",
                      "Parallel Aware": false,
                      "Join Type": "Inner",
                      "Startup Cost": 6186.45,
                      "Total Cost": 34787.38,
                      "Plan Rows": 59766,
                      "Plan Width": 21,
                      "Actual Startup Time": 51.574,
                      "Actual Total Time": 2526.431,
                      "Actual Rows": 564555,
                      "Actual Loops": 1,
                      "Output": [
                        "t.title",
                        "ci.person_id"
                      ],
                      "Inner Unique": false,
                      "Plans": [
                        {
                          "Node Type": "Nested Loop",
                          "Parent Relationship": "Outer",
                          "Parallel Aware": false,
                          "Join Type": "Inner",
                          "Startup Cost": 6185.88,
                          "Total Cost": 25660.84,
                          "Plan Rows": 4171,
                          "Plan Width": 25,
                          "Actual Startup Time": 51.479,
                          "Actual Total Time": 574.156,
                          "Actual Rows": 25591,
                          "Actual Loops": 1,
                          "Output": [
                            "mii.movie_id",
                            "t.title",
                            "t.id"
                          ],
                          "Inner Unique": true,
                          "Plans": [
                            {
                              "Node Type": "Nested Loop",
                              "Parent Relationship": "Outer",
                              "Parallel Aware": false,
                              "Join Type": "Inner",
                              "Startup Cost": 6185.45,
                              "Total Cost": 22201.31,
                              "Plan Rows": 4171,
                              "Plan Width": 4,
                              "Actual Startup Time": 51.429,
                              "Actual Total Time": 343.904,
                              "Actual Rows": 25591,
                              "Actual Loops": 1,
                              "Output": [
                                "mii.movie_id"
                              ],
                              "Inner Unique": false,
                              "Plans": [
                                {
                                  "Node Type": "Seq Scan",
                                  "Parent Relationship": "Outer",
                                  "Parallel Aware": false,
                                  "Relation Name": "info_type",
                                  "Schema": "public",
                                  "Alias": "it1",
                                  "Startup Cost": 0.0,
                                  "Total Cost": 2.41,
                                  "Plan Rows": 1,
                                  "Plan Width": 4,
                                  "Actual Startup Time": 0.09,
                                  "Actual Total Time": 0.096,
                                  "Actual Rows": 1,
                                  "Actual Loops": 1,
                                  "Output": [
                                    "it1.id",
                                    "it1.info"
                                  ],
                                  "Filter": "((it1.info)::text ~~* 'rating'::text)",
                                  "Rows Removed by Filter": 112
                                },
                                {
                                  "Node Type": "Bitmap Heap Scan",
                                  "Parent Relationship": "Inner",
                                  "Parallel Aware": false,
                                  "Relation Name": "movie_info_idx",
                                  "Schema": "public",
                                  "Alias": "mii",
                                  "Startup Cost": 6185.45,
                                  "Total Cost": 21020.63,
                                  "Plan Rows": 117827,
                                  "Plan Width": 8,
                                  "Actual Startup Time": 51.329,
                                  "Actual Total Time": 339.02,
                                  "Actual Rows": 25591,
                                  "Actual Loops": 1,
                                  "Output": [
                                    "mii.id",
                                    "mii.movie_id",
                                    "mii.info_type_id",
                                    "mii.info",
                                    "mii.note"
                                  ],
                                  "Recheck Cond": "(mii.info_type_id = it1.id)",
                                  "Rows Removed by Index Recheck": 0,
                                  "Filter": "((mii.info ~~* '0%'::text) OR (mii.info ~~* '1%'::text) OR (mii.info ~~* '2%'::text))",
                                  "Rows Removed by Filter": 434334,
                                  "Exact Heap Blocks": 7934,
                                  "Lossy Heap Blocks": 0,
                                  "Plans": [
                                    {
                                      "Node Type": "Bitmap Index Scan",
                                      "Parent Relationship": "Outer",
                                      "Parallel Aware": false,
                                      "Index Name": "info_type_id_movie_info_idx",
                                      "Startup Cost": 0.0,
                                      "Total Cost": 6155.99,
                                      "Plan Rows": 345009,
                                      "Plan Width": 0,
                                      "Actual Startup Time": 49.804,
                                      "Actual Total Time": 49.805,
                                      "Actual Rows": 459925,
                                      "Actual Loops": 1,
                                      "Index Cond": "(mii.info_type_id = it1.id)"
                                    }
                                  ]
                                }
                              ]
                            },
                            {
                              "Node Type": "Index Scan",
                              "Parent Relationship": "Inner",
                              "Parallel Aware": false,
                              "Scan Direction": "Forward",
                              "Index Name": "title_pkey",
                              "Relation Name": "title",
                              "Schema": "public",
                              "Alias": "t",
                              "Startup Cost": 0.43,
                              "Total Cost": 0.83,
                              "Plan Rows": 1,
                              "Plan Width": 21,
                              "Actual Startup Time": 0.008,
                              "Actual Total Time": 0.008,
                              "Actual Rows": 1,
                              "Actual Loops": 25591,
                              "Output": [
                                "t.id",
                                "t.title",
                                "t.imdb_index",
                                "t.kind_id",
                                "t.production_year",
                                "t.imdb_id",
                                "t.phonetic_code",
                                "t.episode_of_id",
                                "t.season_nr",
                                "t.episode_nr",
                                "t.series_years",
                                "t.md5sum"
                              ],
                              "Index Cond": "(t.id = mii.movie_id)",
                              "Rows Removed by Index Recheck": 0
                            }
                          ]
                        },
                        {
                          "Node Type": "Index Scan",
                          "Parent Relationship": "Inner",
                          "Parallel Aware": false,
                          "Scan Direction": "Forward",
                          "Index Name": "movie_id_cast_info",
                          "Relation Name": "cast_info",
                          "Schema": "public",
                          "Alias": "ci",
                          "Startup Cost": 0.56,
                          "Total Cost": 1.82,
                          "Plan Rows": 37,
                          "Plan Width": 8,
                          "Actual Startup Time": 0.016,
                          "Actual Total Time": 0.073,
                          "Actual Rows": 22,
                          "Actual Loops": 25591,
                          "Output": [
                            "ci.id",
                            "ci.person_id",
                            "ci.movie_id",
                            "ci.person_role_id",
                            "ci.note",
                            "ci.nr_order",
                            "ci.role_id"
                          ],
                          "Index Cond": "(ci.movie_id = t.id)",
                          "Rows Removed by Index Recheck": 0
                        }
                      ]
                    },
                    {
                      "Node Type": "Index Scan",
                      "Parent Relationship": "Inner",
                      "Parallel Aware": false,
                      "Scan Direction": "Forward",
                      "Index Name": "name_pkey",
                      "Relation Name": "name",
                      "Schema": "public",
                      "Alias": "n",
                      "Startup Cost": 0.43,
                      "Total Cost": 0.46,
                      "Plan Rows": 1,
                      "Plan Width": 19,
                      "Actual Startup Time": 0.005,
                      "Actual Total Time": 0.005,
                      "Actual Rows": 1,
                      "Actual Loops": 564555,
                      "Output": [
                        "n.id",
                        "n.name",
                        "n.imdb_index",
                        "n.imdb_id",
                        "n.gender",
                        "n.name_pcode_cf",
                        "n.name_pcode_nf",
                        "n.surname_pcode",
                        "n.md5sum"
                      ],
                      "Index Cond": "(n.id = ci.person_id)",
                      "Rows Removed by Index Recheck": 0
                    }
                  ]
                },
                {
                  "Node Type": "Index Scan",
                  "Parent Relationship": "Inner",
                  "Parallel Aware": false,
                  "Scan Direction": "Forward",
                  "Index Name": "person_id_person_info",
                  "Relation Name": "person_info",
                  "Schema": "public",
                  "Alias": "pi",
                  "Startup Cost": 0.43,
                  "Total Cost": 0.92,
                  "Plan Rows": 3,
                  "Plan Width": 8,
                  "Actual Startup Time": 0.006,
                  "Actual Total Time": 0.01,
                  "Actual Rows": 2,
                  "Actual Loops": 564555,
                  "Output": [
                    "pi.id",
                    "pi.person_id",
                    "pi.info_type_id",
                    "pi.info",
                    "pi.note"
                  ],
                  "Index Cond": "(pi.person_id = ci.person_id)",
                  "Rows Removed by Index Recheck": 0,
                  "Filter": "(pi.info ~~* '%USA%'::text)",
                  "Rows Removed by Filter": 6
                }
              ]
            },
            {
              "Node Type": "Hash",
              "Parent Relationship": "Inner",
              "Parallel Aware": false,
              "Startup Cost": 2.41,
              "Total Cost": 2.41,
              "Plan Rows": 2,
              "Plan Width": 4,
              "Actual Startup Time": 0.136,
              "Actual Total Time": 0.137,
              "Actual Rows": 3,
              "Actual Loops": 1,
              "Output": [
                "it2.id"
              ],
              "Hash Buckets": 1024,
              "Original Hash Buckets": 1024,
              "Hash Batches": 1,
              "Original Hash Batches": 1,
              "Peak Memory Usage": 9,
              "Plans": [
                {
                  "Node Type": "Seq Scan",
                  "Parent Relationship": "Outer",
                  "Parallel Aware": false,
                  "Relation Name": "info_type",
                  "Schema": "public",
                  "Alias": "it2",
                  "Startup Cost": 0.0,
                  "Total Cost": 2.41,
                  "Plan Rows": 2,
                  "Plan Width": 4,
                  "Actual Startup Time": 0.046,
                  "Actual Total Time": 0.129,
                  "Actual Rows": 3,
                  "Actual Loops": 1,
                  "Output": [
                    "it2.id"
                  ],
                  "Filter": "((it2.info)::text ~~* '%birth%'::text)",
                  "Rows Removed by Filter": 110
                }
              ]
            }
          ]
        }
      ]
    },
    "Planning Time": 16463.798,
    "Triggers": [],
    "Execution Time": 11499.543
  }
]