[
    {
        "Bao": {
            "Bao prediction": "NaN",
            "Bao recommended hint": "(no hint)"
        }
    },
    {
        "Plan": {
            "Node Type": "Aggregate",
            "Strategy": "Plain",
            "Partial Mode": "Finalize",
            "Parallel Aware": false,
            "Startup Cost": 219593.33,
            "Total Cost": 219593.34,
            "Plan Rows": 1,
            "Plan Width": 8,
            "Actual Startup Time": 1314.074,
            "Actual Total Time": 1375.621,
            "Actual Rows": 1,
            "Actual Loops": 1,
            "Output": [
                "count(*)"
            ],
            "Plans": [
                {
                    "Node Type": "Gather",
                    "Parent Relationship": "Outer",
                    "Parallel Aware": false,
                    "Startup Cost": 219592.81,
                    "Total Cost": 219593.32,
                    "Plan Rows": 5,
                    "Plan Width": 8,
                    "Actual Startup Time": 1310.183,
                    "Actual Total Time": 1375.61,
                    "Actual Rows": 6,
                    "Actual Loops": 1,
                    "Output": [
                        "(PARTIAL count(*))"
                    ],
                    "Workers Planned": 5,
                    "Workers Launched": 5,
                    "Single Copy": false,
                    "Plans": [
                        {
                            "Node Type": "Aggregate",
                            "Strategy": "Plain",
                            "Partial Mode": "Partial",
                            "Parent Relationship": "Outer",
                            "Parallel Aware": false,
                            "Startup Cost": 218592.81,
                            "Total Cost": 218592.82,
                            "Plan Rows": 1,
                            "Plan Width": 8,
                            "Actual Startup Time": 1300.533,
                            "Actual Total Time": 1300.536,
                            "Actual Rows": 1,
                            "Actual Loops": 6,
                            "Output": [
                                "PARTIAL count(*)"
                            ],
                            "Workers": [
                                {
                                    "Worker Number": 0,
                                    "Actual Startup Time": 1299.235,
                                    "Actual Total Time": 1299.238,
                                    "Actual Rows": 1,
                                    "Actual Loops": 1
                                },
                                {
                                    "Worker Number": 1,
                                    "Actual Startup Time": 1298.022,
                                    "Actual Total Time": 1298.025,
                                    "Actual Rows": 1,
                                    "Actual Loops": 1
                                },
                                {
                                    "Worker Number": 2,
                                    "Actual Startup Time": 1299.184,
                                    "Actual Total Time": 1299.186,
                                    "Actual Rows": 1,
                                    "Actual Loops": 1
                                },
                                {
                                    "Worker Number": 3,
                                    "Actual Startup Time": 1298.628,
                                    "Actual Total Time": 1298.631,
                                    "Actual Rows": 1,
                                    "Actual Loops": 1
                                },
                                {
                                    "Worker Number": 4,
                                    "Actual Startup Time": 1298.391,
                                    "Actual Total Time": 1298.395,
                                    "Actual Rows": 1,
                                    "Actual Loops": 1
                                }
                            ],
                            "Plans": [
                                {
                                    "Node Type": "Nested Loop",
                                    "Parent Relationship": "Outer",
                                    "Parallel Aware": false,
                                    "Join Type": "Inner",
                                    "Startup Cost": 92289.98,
                                    "Total Cost": 217568.7,
                                    "Plan Rows": 409643,
                                    "Plan Width": 0,
                                    "Actual Startup Time": 354.521,
                                    "Actual Total Time": 1254.612,
                                    "Actual Rows": 733549,
                                    "Actual Loops": 6,
                                    "Inner Unique": false,
                                    "Join Filter": "(t.id = ci.movie_id)",
                                    "Rows Removed by Join Filter": 0,
                                    "Workers": [
                                        {
                                            "Worker Number": 0,
                                            "Actual Startup Time": 401.197,
                                            "Actual Total Time": 1254.37,
                                            "Actual Rows": 566813,
                                            "Actual Loops": 1
                                        },
                                        {
                                            "Worker Number": 1,
                                            "Actual Startup Time": 401.274,
                                            "Actual Total Time": 1252.689,
                                            "Actual Rows": 569886,
                                            "Actual Loops": 1
                                        },
                                        {
                                            "Worker Number": 2,
                                            "Actual Startup Time": 275.15,
                                            "Actual Total Time": 1254.79,
                                            "Actual Rows": 945897,
                                            "Actual Loops": 1
                                        },
                                        {
                                            "Worker Number": 3,
                                            "Actual Startup Time": 401.959,
                                            "Actual Total Time": 1253.434,
                                            "Actual Rows": 569212,
                                            "Actual Loops": 1
                                        },
                                        {
                                            "Worker Number": 4,
                                            "Actual Startup Time": 402.063,
                                            "Actual Total Time": 1253.408,
                                            "Actual Rows": 571547,
                                            "Actual Loops": 1
                                        }
                                    ],
                                    "Plans": [
                                        {
                                            "Node Type": "Merge Join",
                                            "Parent Relationship": "Outer",
                                            "Parallel Aware": false,
                                            "Join Type": "Inner",
                                            "Startup Cost": 92289.41,
                                            "Total Cost": 137161.77,
                                            "Plan Rows": 28569,
                                            "Plan Width": 8,
                                            "Actual Startup Time": 354.413,
                                            "Actual Total Time": 489.972,
                                            "Actual Rows": 25947,
                                            "Actual Loops": 6,
                                            "Output": [
                                                "t.id",
                                                "mi_idx.movie_id"
                                            ],
                                            "Inner Unique": true,
                                            "Merge Cond": "(mi_idx.movie_id = t.id)",
                                            "Workers": [
                                                {
                                                    "Worker Number": 0,
                                                    "Actual Startup Time": 401.081,
                                                    "Actual Total Time": 521.487,
                                                    "Actual Rows": 18010,
                                                    "Actual Loops": 1
                                                },
                                                {
                                                    "Worker Number": 1,
                                                    "Actual Startup Time": 401.155,
                                                    "Actual Total Time": 518.483,
                                                    "Actual Rows": 17482,
                                                    "Actual Loops": 1
                                                },
                                                {
                                                    "Worker Number": 2,
                                                    "Actual Startup Time": 274.988,
                                                    "Actual Total Time": 424.626,
                                                    "Actual Rows": 34877,
                                                    "Actual Loops": 1
                                                },
                                                {
                                                    "Worker Number": 3,
                                                    "Actual Startup Time": 401.846,
                                                    "Actual Total Time": 520.743,
                                                    "Actual Rows": 17852,
                                                    "Actual Loops": 1
                                                },
                                                {
                                                    "Worker Number": 4,
                                                    "Actual Startup Time": 401.954,
                                                    "Actual Total Time": 522.124,
                                                    "Actual Rows": 17876,
                                                    "Actual Loops": 1
                                                }
                                            ],
                                            "Plans": [
                                                {
                                                    "Node Type": "Index Only Scan",
                                                    "Parent Relationship": "Outer",
                                                    "Parallel Aware": true,
                                                    "Scan Direction": "Forward",
                                                    "Index Name": "movie_id_movie_info_idx",
                                                    "Relation Name": "movie_info_idx",
                                                    "Schema": "public",
                                                    "Alias": "mi_idx",
                                                    "Startup Cost": 0.43,
                                                    "Total Cost": 42590.53,
                                                    "Plan Rows": 276007,
                                                    "Plan Width": 4,
                                                    "Actual Startup Time": 0.121,
                                                    "Actual Total Time": 57.278,
                                                    "Actual Rows": 230006,
                                                    "Actual Loops": 6,
                                                    "Output": [
                                                        "mi_idx.movie_id"
                                                    ],
                                                    "Heap Fetches": 1380035,
                                                    "Workers": [
                                                        {
                                                            "Worker Number": 0,
                                                            "Actual Startup Time": 0.139,
                                                            "Actual Total Time": 42.188,
                                                            "Actual Rows": 116387,
                                                            "Actual Loops": 1
                                                        },
                                                        {
                                                            "Worker Number": 1,
                                                            "Actual Startup Time": 0.148,
                                                            "Actual Total Time": 41.579,
                                                            "Actual Rows": 112007,
                                                            "Actual Loops": 1
                                                        },
                                                        {
                                                            "Worker Number": 2,
                                                            "Actual Startup Time": 0.131,
                                                            "Actual Total Time": 74.536,
                                                            "Actual Rows": 333367,
                                                            "Actual Loops": 1
                                                        },
                                                        {
                                                            "Worker Number": 3,
                                                            "Actual Startup Time": 0.139,
                                                            "Actual Total Time": 42.677,
                                                            "Actual Rows": 116712,
                                                            "Actual Loops": 1
                                                        },
                                                        {
                                                            "Worker Number": 4,
                                                            "Actual Startup Time": 0.146,
                                                            "Actual Total Time": 42.165,
                                                            "Actual Rows": 117181,
                                                            "Actual Loops": 1
                                                        }
                                                    ]
                                                },
                                                {
                                                    "Node Type": "Sort",
                                                    "Parent Relationship": "Inner",
                                                    "Parallel Aware": false,
                                                    "Startup Cost": 92288.36,
                                                    "Total Cost": 92942.62,
                                                    "Plan Rows": 261703,
                                                    "Plan Width": 4,
                                                    "Actual Startup Time": 354.239,
                                                    "Actual Total Time": 394.366,
                                                    "Actual Rows": 227511,
                                                    "Actual Loops": 6,
                                                    "Output": [
                                                        "t.id"
                                                    ],
                                                    "Sort Key": [
                                                        "t.id"
                                                    ],
                                                    "Sort Method": "quicksort",
                                                    "Sort Space Used": 16825,
                                                    "Sort Space Type": "Memory",
                                                    "Workers": [
                                                        {
                                                            "Worker Number": 0,
                                                            "Actual Startup Time": 400.907,
                                                            "Actual Total Time": 442.946,
                                                            "Actual Rows": 227646,
                                                            "Actual Loops": 1
                                                        },
                                                        {
                                                            "Worker Number": 1,
                                                            "Actual Startup Time": 400.971,
                                                            "Actual Total Time": 441.477,
                                                            "Actual Rows": 227395,
                                                            "Actual Loops": 1
                                                        },
                                                        {
                                                            "Worker Number": 2,
                                                            "Actual Startup Time": 274.818,
                                                            "Actual Total Time": 313.11,
                                                            "Actual Rows": 227573,
                                                            "Actual Loops": 1
                                                        },
                                                        {
                                                            "Worker Number": 3,
                                                            "Actual Startup Time": 401.65,
                                                            "Actual Total Time": 442.18,
                                                            "Actual Rows": 227490,
                                                            "Actual Loops": 1
                                                        },
                                                        {
                                                            "Worker Number": 4,
                                                            "Actual Startup Time": 401.679,
                                                            "Actual Total Time": 443.599,
                                                            "Actual Rows": 227459,
                                                            "Actual Loops": 1
                                                        }
                                                    ],
                                                    "Plans": [
                                                        {
                                                            "Node Type": "Bitmap Heap Scan",
                                                            "Parent Relationship": "Outer",
                                                            "Parallel Aware": false,
                                                            "Relation Name": "title",
                                                            "Schema": "public",
                                                            "Alias": "t",
                                                            "Startup Cost": 17807.99,
                                                            "Total Cost": 68738.27,
                                                            "Plan Rows": 261703,
                                                            "Plan Width": 4,
                                                            "Actual Startup Time": 79.023,
                                                            "Actual Total Time": 275.977,
                                                            "Actual Rows": 227847,
                                                            "Actual Loops": 6,
                                                            "Output": [
                                                                "t.id"
                                                            ],
                                                            "Recheck Cond": "(t.kind_id < 7)",
                                                            "Rows Removed by Index Recheck": 0,
                                                            "Filter": "(t.production_year > 2008)",
                                                            "Rows Removed by Filter": 757201,
                                                            "Exact Heap Blocks": 35472,
                                                            "Lossy Heap Blocks": 0,
                                                            "Workers": [
                                                                {
                                                                    "Worker Number": 0,
                                                                    "Actual Startup Time": 87.5,
                                                                    "Actual Total Time": 311.781,
                                                                    "Actual Rows": 227847,
                                                                    "Actual Loops": 1
                                                                },
                                                                {
                                                                    "Worker Number": 1,
                                                                    "Actual Startup Time": 87.663,
                                                                    "Actual Total Time": 312.404,
                                                                    "Actual Rows": 227847,
                                                                    "Actual Loops": 1
                                                                },
                                                                {
                                                                    "Worker Number": 2,
                                                                    "Actual Startup Time": 71.757,
                                                                    "Actual Total Time": 218.756,
                                                                    "Actual Rows": 227847,
                                                                    "Actual Loops": 1
                                                                },
                                                                {
                                                                    "Worker Number": 3,
                                                                    "Actual Startup Time": 88.335,
                                                                    "Actual Total Time": 313.178,
                                                                    "Actual Rows": 227847,
                                                                    "Actual Loops": 1
                                                                },
                                                                {
                                                                    "Worker Number": 4,
                                                                    "Actual Startup Time": 88.332,
                                                                    "Actual Total Time": 312.56,
                                                                    "Actual Rows": 227847,
                                                                    "Actual Loops": 1
                                                                }
                                                            ],
                                                            "Plans": [
                                                                {
                                                                    "Node Type": "Bitmap Index Scan",
                                                                    "Parent Relationship": "Outer",
                                                                    "Parallel Aware": false,
                                                                    "Index Name": "kind_id_title",
                                                                    "Startup Cost": 0.0,
                                                                    "Total Cost": 17742.57,
                                                                    "Plan Rows": 995485,
                                                                    "Plan Width": 0,
                                                                    "Actual Startup Time": 72.101,
                                                                    "Actual Total Time": 72.101,
                                                                    "Actual Rows": 985048,
                                                                    "Actual Loops": 6,
                                                                    "Index Cond": "(t.kind_id < 7)",
                                                                    "Workers": [
                                                                        {
                                                                            "Worker Number": 0,
                                                                            "Actual Startup Time": 79.668,
                                                                            "Actual Total Time": 79.668,
                                                                            "Actual Rows": 985048,
                                                                            "Actual Loops": 1
                                                                        },
                                                                        {
                                                                            "Worker Number": 1,
                                                                            "Actual Startup Time": 79.8,
                                                                            "Actual Total Time": 79.8,
                                                                            "Actual Rows": 985048,
                                                                            "Actual Loops": 1
                                                                        },
                                                                        {
                                                                            "Worker Number": 2,
                                                                            "Actual Startup Time": 66.464,
                                                                            "Actual Total Time": 66.464,
                                                                            "Actual Rows": 985048,
                                                                            "Actual Loops": 1
                                                                        },
                                                                        {
                                                                            "Worker Number": 3,
                                                                            "Actual Startup Time": 80.445,
                                                                            "Actual Total Time": 80.445,
                                                                            "Actual Rows": 985048,
                                                                            "Actual Loops": 1
                                                                        },
                                                                        {
                                                                            "Worker Number": 4,
                                                                            "Actual Startup Time": 80.437,
                                                                            "Actual Total Time": 80.437,
                                                                            "Actual Rows": 985048,
                                                                            "Actual Loops": 1
                                                                        }
                                                                    ]
                                                                }
                                                            ]
                                                        }
                                                    ]
                                                }
                                            ]
                                        },
                                        {
                                            "Node Type": "Index Only Scan",
                                            "Parent Relationship": "Inner",
                                            "Parallel Aware": false,
                                            "Scan Direction": "Forward",
                                            "Index Name": "movie_id_cast_info",
                                            "Relation Name": "cast_info",
                                            "Schema": "public",
                                            "Alias": "ci",
                                            "Startup Cost": 0.56,
                                            "Total Cost": 2.34,
                                            "Plan Rows": 38,
                                            "Plan Width": 4,
                                            "Actual Startup Time": 0.005,
                                            "Actual Total Time": 0.026,
                                            "Actual Rows": 28,
                                            "Actual Loops": 155682,
                                            "Output": [
                                                "ci.movie_id"
                                            ],
                                            "Index Cond": "(ci.movie_id = mi_idx.movie_id)",
                                            "Rows Removed by Index Recheck": 0,
                                            "Heap Fetches": 4401296,
                                            "Workers": [
                                                {
                                                    "Worker Number": 0,
                                                    "Actual Startup Time": 0.007,
                                                    "Actual Total Time": 0.036,
                                                    "Actual Rows": 31,
                                                    "Actual Loops": 18010
                                                },
                                                {
                                                    "Worker Number": 1,
                                                    "Actual Startup Time": 0.007,
                                                    "Actual Total Time": 0.037,
                                                    "Actual Rows": 33,
                                                    "Actual Loops": 17482
                                                },
                                                {
                                                    "Worker Number": 2,
                                                    "Actual Startup Time": 0.005,
                                                    "Actual Total Time": 0.021,
                                                    "Actual Rows": 27,
                                                    "Actual Loops": 34877
                                                },
                                                {
                                                    "Worker Number": 3,
                                                    "Actual Startup Time": 0.007,
                                                    "Actual Total Time": 0.036,
                                                    "Actual Rows": 32,
                                                    "Actual Loops": 17852
                                                },
                                                {
                                                    "Worker Number": 4,
                                                    "Actual Startup Time": 0.007,
                                                    "Actual Total Time": 0.036,
                                                    "Actual Rows": 32,
                                                    "Actual Loops": 17876
                                                }
                                            ]
                                        }
                                    ]
                                }
                            ]
                        }
                    ]
                }
            ]
        },
        "Planning Time": 223.522,
        "Triggers": [],
        "Execution Time": 1379.028
    }
]