{
  "Plan": {
    "Node Type": "Aggregate",
    "Strategy": "Plain",
    "Partial Mode": "Finalize",
    "Parallel Aware": false,
    "Startup Cost": 1306098.63,
    "Total Cost": 1306098.64,
    "Plan Rows": 1,
    "Plan Width": 8,
    "Actual Startup Time": 6437.722,
    "Actual Total Time": 6492.638,
    "Actual Rows": 1,
    "Actual Loops": 1,
    "Plans": [
      {
        "Node Type": "Gather",
        "Parent Relationship": "Outer",
        "Parallel Aware": false,
        "Startup Cost": 1306098.52,
        "Total Cost": 1306098.63,
        "Plan Rows": 1,
        "Plan Width": 8,
        "Actual Startup Time": 6437.497,
        "Actual Total Time": 6492.631,
        "Actual Rows": 2,
        "Actual Loops": 1,
        "Workers Planned": 1,
        "Workers Launched": 1,
        "Single Copy": false,
        "Plans": [
          {
            "Node Type": "Aggregate",
            "Strategy": "Plain",
            "Partial Mode": "Partial",
            "Parent Relationship": "Outer",
            "Parallel Aware": false,
            "Startup Cost": 1305098.52,
            "Total Cost": 1305098.53,
            "Plan Rows": 1,
            "Plan Width": 8,
            "Actual Startup Time": 6431.533,
            "Actual Total Time": 6431.535,
            "Actual Rows": 1,
            "Actual Loops": 2,
            "Plans": [
              {
                "Node Type": "Merge Join",
                "Parent Relationship": "Outer",
                "Parallel Aware": false,
                "Join Type": "Inner",
                "Startup Cost": 7.86,
                "Total Cost": 1294555.66,
                "Plan Rows": 4217142,
                "Plan Width": 0,
                "Actual Startup Time": 6.179,
                "Actual Total Time": 6044.664,
                "Actual Rows": 9267643,
                "Actual Loops": 2,
                "Inner Unique": false,
                "Merge Cond": "(mi.movie_id = t.id)",
                "Plans": [
                  {
                    "Node Type": "Index Only Scan",
                    "Parent Relationship": "Outer",
                    "Parallel Aware": true,
                    "Scan Direction": "Forward",
                    "Index Name": "movie_id_movie_info",
                    "Relation Name": "movie_info",
                    "Alias": "mi",
                    "Startup Cost": 0.43,
                    "Total Cost": 1018223.42,
                    "Plan Rows": 8696274,
                    "Plan Width": 4,
                    "Actual Startup Time": 0.122,
                    "Actual Total Time": 2363.759,
                    "Actual Rows": 7417331,
                    "Actual Loops": 2,
                    "Heap Fetches": 14834662
                  },
                  {
                    "Node Type": "Materialize",
                    "Parent Relationship": "Inner",
                    "Parallel Aware": false,
                    "Startup Cost": 3.31,
                    "Total Cost": 194548.51,
                    "Plan Rows": 1226062,
                    "Plan Width": 8,
                    "Actual Startup Time": 0.303,
                    "Actual Total Time": 2353.695,
                    "Actual Rows": 9897246,
                    "Actual Loops": 2,
                    "Plans": [
                      {
                        "Node Type": "Merge Join",
                        "Parent Relationship": "Outer",
                        "Parallel Aware": false,
                        "Join Type": "Inner",
                        "Startup Cost": 3.31,
                        "Total Cost": 191483.36,
                        "Plan Rows": 1226062,
                        "Plan Width": 8,
                        "Actual Startup Time": 0.293,
                        "Actual Total Time": 1873.325,
                        "Actual Rows": 1260091,
                        "Actual Loops": 2,
                        "Inner Unique": true,
                        "Merge Cond": "(mi_idx.movie_id = t.id)",
                        "Plans": [
                          {
                            "Node Type": "Index Only Scan",
                            "Parent Relationship": "Outer",
                            "Parallel Aware": false,
                            "Scan Direction": "Forward",
                            "Index Name": "movie_id_movie_info_idx",
                            "Relation Name": "movie_info_idx",
                            "Alias": "mi_idx",
                            "Startup Cost": 0.43,
                            "Total Cost": 53620.22,
                            "Plan Rows": 1380035,
                            "Plan Width": 4,
                            "Actual Startup Time": 0.15,
                            "Actual Total Time": 299.651,
                            "Actual Rows": 1380035,
                            "Actual Loops": 2,
                            "Heap Fetches": 2760070
                          },
                          {
                            "Node Type": "Index Scan",
                            "Parent Relationship": "Inner",
                            "Parallel Aware": false,
                            "Scan Direction": "Forward",
                            "Index Name": "title_pkey",
                            "Relation Name": "title",
                            "Alias": "t",
                            "Startup Cost": 0.43,
                            "Total Cost": 116660.7,
                            "Plan Rows": 2246206,
                            "Plan Width": 4,
                            "Actual Startup Time": 0.119,
                            "Actual Total Time": 1294.819,
                            "Actual Rows": 2234091,
                            "Actual Loops": 2,
                            "Filter": "(production_year > 1957)",
                            "Rows Removed by Filter": 291702
                          }
                        ]
                      }
                    ]
                  }
                ]
              }
            ]
          }
        ]
      }
    ]
  },
  "Planning Time": 0.967,
  "Triggers": [],
  "Execution Time": 6492.78
}