[
  {
    "Plan": {
      "Node Type": "Aggregate",
      "Strategy": "Plain",
      "Partial Mode": "Finalize",
      "Parallel Aware": false,
      "Startup Cost": 78509.1,
      "Total Cost": 78509.11,
      "Plan Rows": 1,
      "Plan Width": 8,
      "Actual Startup Time": 168.932,
      "Actual Total Time": 183.09,
      "Actual Rows": 1,
      "Actual Loops": 1,
      "Plans": [
        {
          "Node Type": "Gather",
          "Parent Relationship": "Outer",
          "Parallel Aware": false,
          "Startup Cost": 78508.78,
          "Total Cost": 78509.09,
          "Plan Rows": 3,
          "Plan Width": 8,
          "Actual Startup Time": 168.611,
          "Actual Total Time": 183.082,
          "Actual Rows": 4,
          "Actual Loops": 1,
          "Workers Planned": 3,
          "Workers Launched": 3,
          "Single Copy": false,
          "Plans": [
            {
              "Node Type": "Aggregate",
              "Strategy": "Plain",
              "Partial Mode": "Partial",
              "Parent Relationship": "Outer",
              "Parallel Aware": false,
              "Startup Cost": 77508.78,
              "Total Cost": 77508.79,
              "Plan Rows": 1,
              "Plan Width": 8,
              "Actual Startup Time": 164.004,
              "Actual Total Time": 164.007,
              "Actual Rows": 1,
              "Actual Loops": 4,
              "Plans": [
                {
                  "Node Type": "Hash Join",
                  "Parent Relationship": "Outer",
                  "Parallel Aware": true,
                  "Join Type": "Inner",
                  "Startup Cost": 45758.85,
                  "Total Cost": 77497.87,
                  "Plan Rows": 4365,
                  "Plan Width": 0,
                  "Actual Startup Time": 116.873,
                  "Actual Total Time": 163.978,
                  "Actual Rows": 207,
                  "Actual Loops": 4,
                  "Inner Unique": true,
                  "Hash Cond": "(mc.movie_id = t.id)",
                  "Plans": [
                    {
                      "Node Type": "Seq Scan",
                      "Parent Relationship": "Outer",
                      "Parallel Aware": true,
                      "Relation Name": "movie_companies",
                      "Alias": "mc",
                      "Startup Cost": 0.0,
                      "Total Cost": 31414.82,
                      "Plan Rows": 123505,
                      "Plan Width": 4,
                      "Actual Startup Time": 12.505,
                      "Actual Total Time": 55.69,
                      "Actual Rows": 15443,
                      "Actual Loops": 4,
                      "Filter": "((company_id > 33428) AND (company_type_id = 1))",
                      "Rows Removed by Filter": 636839
                    },
                    {
                      "Node Type": "Hash",
                      "Parent Relationship": "Inner",
                      "Parallel Aware": true,
                      "Startup Cost": 45479.59,
                      "Total Cost": 45479.59,
                      "Plan Rows": 22341,
                      "Plan Width": 4,
                      "Actual Startup Time": 102.554,
                      "Actual Total Time": 102.555,
                      "Actual Rows": 25448,
                      "Actual Loops": 4,
                      "Hash Buckets": 131072,
                      "Original Hash Buckets": 131072,
                      "Hash Batches": 1,
                      "Original Hash Batches": 1,
                      "Peak Memory Usage": 5088,
                      "Plans": [
                        {
                          "Node Type": "Seq Scan",
                          "Parent Relationship": "Outer",
                          "Parallel Aware": true,
                          "Relation Name": "title",
                          "Alias": "t",
                          "Startup Cost": 0.0,
                          "Total Cost": 45479.59,
                          "Plan Rows": 22341,
                          "Plan Width": 4,
                          "Actual Startup Time": 0.03,
                          "Actual Total Time": 92.699,
                          "Actual Rows": 25448,
                          "Actual Loops": 4,
                          "Filter": "((kind_id > 1) AND (production_year = 2007))",
                          "Rows Removed by Filter": 606630
                        }
                      ]
                    }
                  ]
                }
              ]
            }
          ]
        }
      ]
    },
    "Planning Time": 0.7,
    "Triggers": [],
    "Execution Time": 183.162
  }
]