[
  {
    "Plan": {
      "Node Type": "Aggregate",
      "Strategy": "Plain",
      "Partial Mode": "Finalize",
      "Parallel Aware": false,
      "Startup Cost": 46696.44,
      "Total Cost": 46696.45,
      "Plan Rows": 1,
      "Plan Width": 8,
      "Actual Startup Time": 87.116,
      "Actual Total Time": 97.602,
      "Actual Rows": 1,
      "Actual Loops": 1,
      "Plans": [
        {
          "Node Type": "Gather",
          "Parent Relationship": "Outer",
          "Parallel Aware": false,
          "Startup Cost": 46696.02,
          "Total Cost": 46696.43,
          "Plan Rows": 4,
          "Plan Width": 8,
          "Actual Startup Time": 86.922,
          "Actual Total Time": 97.593,
          "Actual Rows": 5,
          "Actual Loops": 1,
          "Workers Planned": 4,
          "Workers Launched": 4,
          "Single Copy": false,
          "Plans": [
            {
              "Node Type": "Aggregate",
              "Strategy": "Plain",
              "Partial Mode": "Partial",
              "Parent Relationship": "Outer",
              "Parallel Aware": false,
              "Startup Cost": 45696.02,
              "Total Cost": 45696.03,
              "Plan Rows": 1,
              "Plan Width": 8,
              "Actual Startup Time": 81.841,
              "Actual Total Time": 81.842,
              "Actual Rows": 1,
              "Actual Loops": 5,
              "Plans": [
                {
                  "Node Type": "Seq Scan",
                  "Parent Relationship": "Outer",
                  "Parallel Aware": true,
                  "Relation Name": "title",
                  "Alias": "t",
                  "Startup Cost": 0.0,
                  "Total Cost": 45479.59,
                  "Plan Rows": 86575,
                  "Plan Width": 0,
                  "Actual Startup Time": 35.765,
                  "Actual Total Time": 79.332,
                  "Actual Rows": 53055,
                  "Actual Loops": 5,
                  "Filter": "((kind_id < 2) AND (production_year > 2001))",
                  "Rows Removed by Filter": 452607
                }
              ]
            }
          ]
        }
      ]
    },
    "Planning Time": 0.092,
    "Triggers": [],
    "Execution Time": 97.634
  }
]