[
    {
        "Bao": {
            "Bao prediction": "NaN",
            "Bao recommended hint": "(no hint)"
        }
    },
    {
        "Plan": {
            "Node Type": "Aggregate",
            "Strategy": "Plain",
            "Partial Mode": "Finalize",
            "Parallel Aware": false,
            "Startup Cost": 206812.21,
            "Total Cost": 206812.22,
            "Plan Rows": 1,
            "Plan Width": 8,
            "Actual Startup Time": 317.128,
            "Actual Total Time": 329.543,
            "Actual Rows": 1,
            "Actual Loops": 1,
            "Output": [
                "count(*)"
            ],
            "Plans": [
                {
                    "Node Type": "Gather",
                    "Parent Relationship": "Outer",
                    "Parallel Aware": false,
                    "Startup Cost": 206811.58,
                    "Total Cost": 206812.19,
                    "Plan Rows": 6,
                    "Plan Width": 8,
                    "Actual Startup Time": 316.98,
                    "Actual Total Time": 329.529,
                    "Actual Rows": 7,
                    "Actual Loops": 1,
                    "Output": [
                        "(PARTIAL count(*))"
                    ],
                    "Workers Planned": 6,
                    "Workers Launched": 6,
                    "Single Copy": false,
                    "Plans": [
                        {
                            "Node Type": "Aggregate",
                            "Strategy": "Plain",
                            "Partial Mode": "Partial",
                            "Parent Relationship": "Outer",
                            "Parallel Aware": false,
                            "Startup Cost": 205811.58,
                            "Total Cost": 205811.59,
                            "Plan Rows": 1,
                            "Plan Width": 8,
                            "Actual Startup Time": 305.603,
                            "Actual Total Time": 305.604,
                            "Actual Rows": 1,
                            "Actual Loops": 7,
                            "Output": [
                                "PARTIAL count(*)"
                            ],
                            "Workers": [
                                {
                                    "Worker Number": 0,
                                    "Actual Startup Time": 303.25,
                                    "Actual Total Time": 303.251,
                                    "Actual Rows": 1,
                                    "Actual Loops": 1
                                },
                                {
                                    "Worker Number": 1,
                                    "Actual Startup Time": 303.315,
                                    "Actual Total Time": 303.316,
                                    "Actual Rows": 1,
                                    "Actual Loops": 1
                                },
                                {
                                    "Worker Number": 2,
                                    "Actual Startup Time": 303.332,
                                    "Actual Total Time": 303.334,
                                    "Actual Rows": 1,
                                    "Actual Loops": 1
                                },
                                {
                                    "Worker Number": 3,
                                    "Actual Startup Time": 303.931,
                                    "Actual Total Time": 303.932,
                                    "Actual Rows": 1,
                                    "Actual Loops": 1
                                },
                                {
                                    "Worker Number": 4,
                                    "Actual Startup Time": 304.367,
                                    "Actual Total Time": 304.368,
                                    "Actual Rows": 1,
                                    "Actual Loops": 1
                                },
                                {
                                    "Worker Number": 5,
                                    "Actual Startup Time": 304.516,
                                    "Actual Total Time": 304.518,
                                    "Actual Rows": 1,
                                    "Actual Loops": 1
                                }
                            ],
                            "Plans": [
                                {
                                    "Node Type": "Index Scan",
                                    "Parent Relationship": "Outer",
                                    "Parallel Aware": true,
                                    "Scan Direction": "Forward",
                                    "Index Name": "role_id_cast_info",
                                    "Relation Name": "cast_info",
                                    "Schema": "public",
                                    "Alias": "ci",
                                    "Startup Cost": 0.56,
                                    "Total Cost": 204547.44,
                                    "Plan Rows": 505657,
                                    "Plan Width": 0,
                                    "Actual Startup Time": 0.193,
                                    "Actual Total Time": 260.333,
                                    "Actual Rows": 811324,
                                    "Actual Loops": 7,
                                    "Output": [
                                        "id",
                                        "person_id",
                                        "movie_id",
                                        "person_role_id",
                                        "note",
                                        "nr_order",
                                        "role_id"
                                    ],
                                    "Index Cond": "(ci.role_id > 6)",
                                    "Rows Removed by Index Recheck": 0,
                                    "Filter": "(ci.person_id > 2203916)",
                                    "Rows Removed by Filter": 290482,
                                    "Workers": [
                                        {
                                            "Worker Number": 0,
                                            "Actual Startup Time": 0.167,
                                            "Actual Total Time": 257.692,
                                            "Actual Rows": 637256,
                                            "Actual Loops": 1
                                        },
                                        {
                                            "Worker Number": 1,
                                            "Actual Startup Time": 0.405,
                                            "Actual Total Time": 257.459,
                                            "Actual Rows": 639573,
                                            "Actual Loops": 1
                                        },
                                        {
                                            "Worker Number": 2,
                                            "Actual Startup Time": 0.239,
                                            "Actual Total Time": 259.082,
                                            "Actual Rows": 895529,
                                            "Actual Loops": 1
                                        },
                                        {
                                            "Worker Number": 3,
                                            "Actual Startup Time": 0.218,
                                            "Actual Total Time": 261.924,
                                            "Actual Rows": 924511,
                                            "Actual Loops": 1
                                        },
                                        {
                                            "Worker Number": 4,
                                            "Actual Startup Time": 0.139,
                                            "Actual Total Time": 261.849,
                                            "Actual Rows": 932299,
                                            "Actual Loops": 1
                                        },
                                        {
                                            "Worker Number": 5,
                                            "Actual Startup Time": 0.132,
                                            "Actual Total Time": 260.323,
                                            "Actual Rows": 891815,
                                            "Actual Loops": 1
                                        }
                                    ]
                                }
                            ]
                        }
                    ]
                }
            ]
        },
        "Planning Time": 287.104,
        "Triggers": [],
        "Execution Time": 329.609
    }
]