[
  {
    "Plan": {
      "Node Type": "Aggregate",
      "Strategy": "Plain",
      "Partial Mode": "Finalize",
      "Parallel Aware": false,
      "Startup Cost": 45783.62,
      "Total Cost": 45783.63,
      "Plan Rows": 1,
      "Plan Width": 8,
      "Actual Startup Time": 215.65,
      "Actual Total Time": 229.147,
      "Actual Rows": 1,
      "Actual Loops": 1,
      "Plans": [
        {
          "Node Type": "Gather",
          "Parent Relationship": "Outer",
          "Parallel Aware": false,
          "Startup Cost": 45783.3,
          "Total Cost": 45783.61,
          "Plan Rows": 3,
          "Plan Width": 8,
          "Actual Startup Time": 215.499,
          "Actual Total Time": 229.136,
          "Actual Rows": 4,
          "Actual Loops": 1,
          "Workers Planned": 3,
          "Workers Launched": 3,
          "Single Copy": false,
          "Plans": [
            {
              "Node Type": "Aggregate",
              "Strategy": "Plain",
              "Partial Mode": "Partial",
              "Parent Relationship": "Outer",
              "Parallel Aware": false,
              "Startup Cost": 44783.3,
              "Total Cost": 44783.31,
              "Plan Rows": 1,
              "Plan Width": 8,
              "Actual Startup Time": 207.134,
              "Actual Total Time": 207.135,
              "Actual Rows": 1,
              "Actual Loops": 4,
              "Plans": [
                {
                  "Node Type": "Seq Scan",
                  "Parent Relationship": "Outer",
                  "Parallel Aware": true,
                  "Relation Name": "movie_keyword",
                  "Alias": "mk",
                  "Startup Cost": 0.0,
                  "Total Cost": 42695.65,
                  "Plan Rows": 835058,
                  "Plan Width": 0,
                  "Actual Startup Time": 0.057,
                  "Actual Total Time": 163.627,
                  "Actual Rows": 646708,
                  "Actual Loops": 4,
                  "Filter": "(keyword_id < 6831)",
                  "Rows Removed by Filter": 484274
                }
              ]
            }
          ]
        }
      ]
    },
    "Planning Time": 0.232,
    "Triggers": [],
    "Execution Time": 229.214
  }
]