[
  {
    "Plan": {
      "Node Type": "Aggregate",
      "Strategy": "Plain",
      "Partial Mode": "Finalize",
      "Parallel Aware": false,
      "Startup Cost": 126051.26,
      "Total Cost": 126051.27,
      "Plan Rows": 1,
      "Plan Width": 8,
      "Actual Startup Time": 874.845,
      "Actual Total Time": 895.233,
      "Actual Rows": 1,
      "Actual Loops": 1,
      "Plans": [
        {
          "Node Type": "Gather",
          "Parent Relationship": "Outer",
          "Parallel Aware": false,
          "Startup Cost": 126050.94,
          "Total Cost": 126051.25,
          "Plan Rows": 3,
          "Plan Width": 8,
          "Actual Startup Time": 870.174,
          "Actual Total Time": 895.226,
          "Actual Rows": 4,
          "Actual Loops": 1,
          "Workers Planned": 3,
          "Workers Launched": 3,
          "Single Copy": false,
          "Plans": [
            {
              "Node Type": "Aggregate",
              "Strategy": "Plain",
              "Partial Mode": "Partial",
              "Parent Relationship": "Outer",
              "Parallel Aware": false,
              "Startup Cost": 125050.94,
              "Total Cost": 125050.95,
              "Plan Rows": 1,
              "Plan Width": 8,
              "Actual Startup Time": 860.622,
              "Actual Total Time": 860.628,
              "Actual Rows": 1,
              "Actual Loops": 4,
              "Plans": [
                {
                  "Node Type": "Hash Join",
                  "Parent Relationship": "Outer",
                  "Parallel Aware": true,
                  "Join Type": "Inner",
                  "Startup Cost": 78883.42,
                  "Total Cost": 124331.52,
                  "Plan Rows": 287767,
                  "Plan Width": 0,
                  "Actual Startup Time": 428.387,
                  "Actual Total Time": 773.073,
                  "Actual Rows": 2240029,
                  "Actual Loops": 4,
                  "Inner Unique": false,
                  "Hash Cond": "(mk.movie_id = t.id)",
                  "Plans": [
                    {
                      "Node Type": "Seq Scan",
                      "Parent Relationship": "Outer",
                      "Parallel Aware": true,
                      "Relation Name": "movie_keyword",
                      "Alias": "mk",
                      "Startup Cost": 0.0,
                      "Total Cost": 39047.32,
                      "Plan Rows": 1459332,
                      "Plan Width": 4,
                      "Actual Startup Time": 0.03,
                      "Actual Total Time": 86.807,
                      "Actual Rows": 1130982,
                      "Actual Loops": 4
                    },
                    {
                      "Node Type": "Hash",
                      "Parent Relationship": "Inner",
                      "Parallel Aware": true,
                      "Startup Cost": 76873.11,
                      "Total Cost": 76873.11,
                      "Plan Rows": 160825,
                      "Plan Width": 8,
                      "Actual Startup Time": 424.661,
                      "Actual Total Time": 424.666,
                      "Actual Rows": 197136,
                      "Actual Loops": 4,
                      "Hash Buckets": 1048576,
                      "Original Hash Buckets": 524288,
                      "Hash Batches": 1,
                      "Original Hash Batches": 1,
                      "Peak Memory Usage": 43168,
                      "Plans": [
                        {
                          "Node Type": "Hash Join",
                          "Parent Relationship": "Outer",
                          "Parallel Aware": true,
                          "Join Type": "Inner",
                          "Startup Cost": 45589.74,
                          "Total Cost": 76873.11,
                          "Plan Rows": 160825,
                          "Plan Width": 8,
                          "Actual Startup Time": 161.249,
                          "Actual Total Time": 354.351,
                          "Actual Rows": 197136,
                          "Actual Loops": 4,
                          "Inner Unique": true,
                          "Hash Cond": "(mc.movie_id = t.id)",
                          "Plans": [
                            {
                              "Node Type": "Seq Scan",
                              "Parent Relationship": "Outer",
                              "Parallel Aware": true,
                              "Relation Name": "movie_companies",
                              "Alias": "mc",
                              "Startup Cost": 0.0,
                              "Total Cost": 29310.68,
                              "Plan Rows": 751501,
                              "Plan Width": 4,
                              "Actual Startup Time": 0.039,
                              "Actual Total Time": 72.562,
                              "Actual Rows": 582873,
                              "Actual Loops": 4,
                              "Filter": "(company_id > 145)",
                              "Rows Removed by Filter": 69409
                            },
                            {
                              "Node Type": "Hash",
                              "Parent Relationship": "Inner",
                              "Parallel Aware": true,
                              "Startup Cost": 43898.92,
                              "Total Cost": 43898.92,
                              "Plan Rows": 135266,
                              "Plan Width": 4,
                              "Actual Startup Time": 157.904,
                              "Actual Total Time": 157.905,
                              "Actual Rows": 138240,
                              "Actual Loops": 4,
                              "Hash Buckets": 1048576,
                              "Original Hash Buckets": 1048576,
                              "Hash Batches": 1,
                              "Original Hash Batches": 1,
                              "Peak Memory Usage": 29888,
                              "Plans": [
                                {
                                  "Node Type": "Seq Scan",
                                  "Parent Relationship": "Outer",
                                  "Parallel Aware": true,
                                  "Relation Name": "title",
                                  "Alias": "t",
                                  "Startup Cost": 0.0,
                                  "Total Cost": 43898.92,
                                  "Plan Rows": 135266,
                                  "Plan Width": 4,
                                  "Actual Startup Time": 0.047,
                                  "Actual Total Time": 99.466,
                                  "Actual Rows": 138240,
                                  "Actual Loops": 4,
                                  "Filter": "(production_year < 1983)",
                                  "Rows Removed by Filter": 493838
                                }
                              ]
                            }
                          ]
                        }
                      ]
                    }
                  ]
                }
              ]
            }
          ]
        }
      ]
    },
    "Planning Time": 1.563,
    "Triggers": [],
    "Execution Time": 895.318
  }
]