[
  {
    "Plan": {
      "Node Type": "Aggregate",
      "Strategy": "Plain",
      "Partial Mode": "Finalize",
      "Parallel Aware": false,
      "Startup Cost": 33239.78,
      "Total Cost": 33239.79,
      "Plan Rows": 1,
      "Plan Width": 8,
      "Actual Startup Time": 96.263,
      "Actual Total Time": 103.781,
      "Actual Rows": 1,
      "Actual Loops": 1,
      "Plans": [
        {
          "Node Type": "Gather",
          "Parent Relationship": "Outer",
          "Parallel Aware": false,
          "Startup Cost": 33239.46,
          "Total Cost": 33239.77,
          "Plan Rows": 3,
          "Plan Width": 8,
          "Actual Startup Time": 96.109,
          "Actual Total Time": 103.773,
          "Actual Rows": 4,
          "Actual Loops": 1,
          "Workers Planned": 3,
          "Workers Launched": 3,
          "Single Copy": false,
          "Plans": [
            {
              "Node Type": "Aggregate",
              "Strategy": "Plain",
              "Partial Mode": "Partial",
              "Parent Relationship": "Outer",
              "Parallel Aware": false,
              "Startup Cost": 32239.46,
              "Total Cost": 32239.47,
              "Plan Rows": 1,
              "Plan Width": 8,
              "Actual Startup Time": 89.175,
              "Actual Total Time": 89.177,
              "Actual Rows": 1,
              "Actual Loops": 4,
              "Plans": [
                {
                  "Node Type": "Seq Scan",
                  "Parent Relationship": "Outer",
                  "Parallel Aware": true,
                  "Relation Name": "movie_companies",
                  "Alias": "mc",
                  "Startup Cost": 0.0,
                  "Total Cost": 31414.82,
                  "Plan Rows": 329857,
                  "Plan Width": 0,
                  "Actual Startup Time": 44.182,
                  "Actual Total Time": 80.827,
                  "Actual Rows": 184146,
                  "Actual Loops": 4,
                  "Filter": "((company_id < 66797) AND (company_type_id > 1))",
                  "Rows Removed by Filter": 468136
                }
              ]
            }
          ]
        }
      ]
    },
    "Planning Time": 0.095,
    "Triggers": [],
    "Execution Time": 103.808
  }
]