{
  "Plan": {
    "Node Type": "Aggregate",
    "Strategy": "Plain",
    "Partial Mode": "Finalize",
    "Parallel Aware": false,
    "Startup Cost": 145446.26,
    "Total Cost": 145446.27,
    "Plan Rows": 1,
    "Plan Width": 8,
    "Actual Startup Time": 875.784,
    "Actual Total Time": 891.539,
    "Actual Rows": 1,
    "Actual Loops": 1,
    "Plans": [
      {
        "Node Type": "Gather",
        "Parent Relationship": "Outer",
        "Parallel Aware": false,
        "Startup Cost": 145446.15,
        "Total Cost": 145446.26,
        "Plan Rows": 1,
        "Plan Width": 8,
        "Actual Startup Time": 872.965,
        "Actual Total Time": 891.53,
        "Actual Rows": 2,
        "Actual Loops": 1,
        "Workers Planned": 1,
        "Workers Launched": 1,
        "Single Copy": false,
        "Plans": [
          {
            "Node Type": "Aggregate",
            "Strategy": "Plain",
            "Partial Mode": "Partial",
            "Parent Relationship": "Outer",
            "Parallel Aware": false,
            "Startup Cost": 144446.15,
            "Total Cost": 144446.16,
            "Plan Rows": 1,
            "Plan Width": 8,
            "Actual Startup Time": 866.887,
            "Actual Total Time": 867.184,
            "Actual Rows": 1,
            "Actual Loops": 2,
            "Plans": [
              {
                "Node Type": "Hash Join",
                "Parent Relationship": "Outer",
                "Parallel Aware": true,
                "Join Type": "Inner",
                "Startup Cost": 81488.54,
                "Total Cost": 144172.59,
                "Plan Rows": 109422,
                "Plan Width": 0,
                "Actual Startup Time": 452.638,
                "Actual Total Time": 814.242,
                "Actual Rows": 1309369,
                "Actual Loops": 2,
                "Inner Unique": false,
                "Hash Cond": "(mk.movie_id = t.id)",
                "Plans": [
                  {
                    "Node Type": "Seq Scan",
                    "Parent Relationship": "Outer",
                    "Parallel Aware": true,
                    "Relation Name": "movie_keyword",
                    "Alias": "mk",
                    "Startup Cost": 0.0,
                    "Total Cost": 57718.19,
                    "Plan Rows": 1152586,
                    "Plan Width": 4,
                    "Actual Startup Time": 0.014,
                    "Actual Total Time": 172.153,
                    "Actual Rows": 985230,
                    "Actual Loops": 2,
                    "Filter": "(keyword_id < 3448)",
                    "Rows Removed by Filter": 1276734
                  },
                  {
                    "Node Type": "Hash",
                    "Parent Relationship": "Inner",
                    "Parallel Aware": true,
                    "Startup Cost": 79723.64,
                    "Total Cost": 79723.64,
                    "Plan Rows": 141192,
                    "Plan Width": 8,
                    "Actual Startup Time": 448.927,
                    "Actual Total Time": 449.222,
                    "Actual Rows": 271450,
                    "Actual Loops": 2,
                    "Hash Buckets": 1048576,
                    "Original Hash Buckets": 262144,
                    "Hash Batches": 1,
                    "Original Hash Batches": 1,
                    "Peak Memory Usage": 35616,
                    "Plans": [
                      {
                        "Node Type": "Hash Join",
                        "Parent Relationship": "Outer",
                        "Parallel Aware": true,
                        "Join Type": "Inner",
                        "Startup Cost": 61539.86,
                        "Total Cost": 79723.64,
                        "Plan Rows": 141192,
                        "Plan Width": 8,
                        "Actual Startup Time": 221.236,
                        "Actual Total Time": 381.712,
                        "Actual Rows": 271450,
                        "Actual Loops": 2,
                        "Inner Unique": true,
                        "Hash Cond": "(mi_idx.movie_id = t.id)",
                        "Plans": [
                          {
                            "Node Type": "Seq Scan",
                            "Parent Relationship": "Outer",
                            "Parallel Aware": true,
                            "Relation Name": "movie_info_idx",
                            "Alias": "mi_idx",
                            "Startup Cost": 0.0,
                            "Total Cost": 16052.85,
                            "Plan Rows": 811785,
                            "Plan Width": 4,
                            "Actual Startup Time": 0.018,
                            "Actual Total Time": 47.856,
                            "Actual Rows": 690018,
                            "Actual Loops": 2
                          },
                          {
                            "Node Type": "Hash",
                            "Parent Relationship": "Inner",
                            "Parallel Aware": true,
                            "Startup Cost": 58306.47,
                            "Total Cost": 58306.47,
                            "Plan Rows": 258671,
                            "Plan Width": 4,
                            "Actual Startup Time": 217.433,
                            "Actual Total Time": 217.434,
                            "Actual Rows": 268430,
                            "Actual Loops": 2,
                            "Hash Buckets": 1048576,
                            "Original Hash Buckets": 524288,
                            "Hash Batches": 1,
                            "Original Hash Batches": 1,
                            "Peak Memory Usage": 33344,
                            "Plans": [
                              {
                                "Node Type": "Seq Scan",
                                "Parent Relationship": "Outer",
                                "Parallel Aware": true,
                                "Relation Name": "title",
                                "Alias": "t",
                                "Startup Cost": 0.0,
                                "Total Cost": 58306.47,
                                "Plan Rows": 258671,
                                "Plan Width": 4,
                                "Actual Startup Time": 0.039,
                                "Actual Total Time": 147.014,
                                "Actual Rows": 268430,
                                "Actual Loops": 2,
                                "Filter": "((kind_id < 7) AND (production_year < 2002))",
                                "Rows Removed by Filter": 995726
                              }
                            ]
                          }
                        ]
                      }
                    ]
                  }
                ]
              }
            ]
          }
        ]
      }
    ]
  },
  "Planning Time": 1.034,
  "Triggers": [],
  "Execution Time": 891.625
}