[
  {
    "Plan": {
      "Node Type": "Aggregate",
      "Strategy": "Plain",
      "Partial Mode": "Finalize",
      "Parallel Aware": false,
      "Startup Cost": 390776.36,
      "Total Cost": 390776.37,
      "Plan Rows": 1,
      "Plan Width": 8,
      "Actual Startup Time": 975.711,
      "Actual Total Time": 1032.728,
      "Actual Rows": 1,
      "Actual Loops": 1,
      "Plans": [
        {
          "Node Type": "Gather",
          "Parent Relationship": "Outer",
          "Parallel Aware": false,
          "Startup Cost": 390775.73,
          "Total Cost": 390776.34,
          "Plan Rows": 6,
          "Plan Width": 8,
          "Actual Startup Time": 974.755,
          "Actual Total Time": 1032.713,
          "Actual Rows": 7,
          "Actual Loops": 1,
          "Workers Planned": 6,
          "Workers Launched": 6,
          "Single Copy": false,
          "Plans": [
            {
              "Node Type": "Aggregate",
              "Strategy": "Plain",
              "Partial Mode": "Partial",
              "Parent Relationship": "Outer",
              "Parallel Aware": false,
              "Startup Cost": 389775.73,
              "Total Cost": 389775.74,
              "Plan Rows": 1,
              "Plan Width": 8,
              "Actual Startup Time": 967.088,
              "Actual Total Time": 967.093,
              "Actual Rows": 1,
              "Actual Loops": 7,
              "Plans": [
                {
                  "Node Type": "Hash Join",
                  "Parent Relationship": "Outer",
                  "Parallel Aware": true,
                  "Join Type": "Inner",
                  "Startup Cost": 44277.27,
                  "Total Cost": 389680.65,
                  "Plan Rows": 38032,
                  "Plan Width": 0,
                  "Actual Startup Time": 420.659,
                  "Actual Total Time": 962.311,
                  "Actual Rows": 81204,
                  "Actual Loops": 7,
                  "Inner Unique": true,
                  "Hash Cond": "(ci.movie_id = t.id)",
                  "Plans": [
                    {
                      "Node Type": "Seq Scan",
                      "Parent Relationship": "Outer",
                      "Parallel Aware": true,
                      "Relation Name": "cast_info",
                      "Alias": "ci",
                      "Startup Cost": 0.0,
                      "Total Cost": 343316.27,
                      "Plan Rows": 795089,
                      "Plan Width": 4,
                      "Actual Startup Time": 338.742,
                      "Actual Total Time": 664.826,
                      "Actual Rows": 1459747,
                      "Actual Loops": 7,
                      "Filter": "((person_id > 2640251) AND (role_id > 2))",
                      "Rows Removed by Filter": 3718016
                    },
                    {
                      "Node Type": "Hash",
                      "Parent Relationship": "Inner",
                      "Parallel Aware": true,
                      "Startup Cost": 43899.32,
                      "Total Cost": 43899.32,
                      "Plan Rows": 30236,
                      "Plan Width": 4,
                      "Actual Startup Time": 80.805,
                      "Actual Total Time": 80.806,
                      "Actual Rows": 17081,
                      "Actual Loops": 7,
                      "Hash Buckets": 131072,
                      "Original Hash Buckets": 131072,
                      "Hash Batches": 1,
                      "Original Hash Batches": 1,
                      "Peak Memory Usage": 5824,
                      "Plans": [
                        {
                          "Node Type": "Seq Scan",
                          "Parent Relationship": "Outer",
                          "Parallel Aware": true,
                          "Relation Name": "title",
                          "Alias": "t",
                          "Startup Cost": 0.0,
                          "Total Cost": 43899.32,
                          "Plan Rows": 30236,
                          "Plan Width": 4,
                          "Actual Startup Time": 0.049,
                          "Actual Total Time": 72.57,
                          "Actual Rows": 17081,
                          "Actual Loops": 7,
                          "Filter": "(production_year = 2007)",
                          "Rows Removed by Filter": 344107
                        }
                      ]
                    }
                  ]
                }
              ]
            }
          ]
        }
      ]
    },
    "Planning Time": 0.508,
    "Triggers": [],
    "Execution Time": 1032.783
  }
]