[
  {
    "Plan": {
      "Node Type": "Aggregate",
      "Strategy": "Plain",
      "Partial Mode": "Finalize",
      "Parallel Aware": false,
      "Startup Cost": 45544.85,
      "Total Cost": 45544.86,
      "Plan Rows": 1,
      "Plan Width": 8,
      "Actual Startup Time": 140.251,
      "Actual Total Time": 147.312,
      "Actual Rows": 1,
      "Actual Loops": 1,
      "Plans": [
        {
          "Node Type": "Gather",
          "Parent Relationship": "Outer",
          "Parallel Aware": false,
          "Startup Cost": 45544.53,
          "Total Cost": 45544.84,
          "Plan Rows": 3,
          "Plan Width": 8,
          "Actual Startup Time": 140.091,
          "Actual Total Time": 147.301,
          "Actual Rows": 4,
          "Actual Loops": 1,
          "Workers Planned": 3,
          "Workers Launched": 3,
          "Single Copy": false,
          "Plans": [
            {
              "Node Type": "Aggregate",
              "Strategy": "Plain",
              "Partial Mode": "Partial",
              "Parent Relationship": "Outer",
              "Parallel Aware": false,
              "Startup Cost": 44544.53,
              "Total Cost": 44544.54,
              "Plan Rows": 1,
              "Plan Width": 8,
              "Actual Startup Time": 135.196,
              "Actual Total Time": 135.198,
              "Actual Rows": 1,
              "Actual Loops": 4,
              "Plans": [
                {
                  "Node Type": "Seq Scan",
                  "Parent Relationship": "Outer",
                  "Parallel Aware": true,
                  "Relation Name": "movie_keyword",
                  "Alias": "mk",
                  "Startup Cost": 0.0,
                  "Total Cost": 42695.65,
                  "Plan Rows": 739552,
                  "Plan Width": 0,
                  "Actual Startup Time": 0.032,
                  "Actual Total Time": 108.618,
                  "Actual Rows": 576765,
                  "Actual Loops": 4,
                  "Filter": "(keyword_id < 4953)",
                  "Rows Removed by Filter": 554218
                }
              ]
            }
          ]
        }
      ]
    },
    "Planning Time": 0.095,
    "Triggers": [],
    "Execution Time": 147.352
  }
]