{
  "Plan": {
    "Node Type": "Aggregate",
    "Strategy": "Plain",
    "Partial Mode": "Finalize",
    "Parallel Aware": false,
    "Startup Cost": 419638.92,
    "Total Cost": 419638.93,
    "Plan Rows": 1,
    "Plan Width": 8,
    "Actual Startup Time": 1544.743,
    "Actual Total Time": 1567.465,
    "Actual Rows": 1,
    "Actual Loops": 1,
    "Plans": [
      {
        "Node Type": "Gather",
        "Parent Relationship": "Outer",
        "Parallel Aware": false,
        "Startup Cost": 419638.8,
        "Total Cost": 419638.91,
        "Plan Rows": 1,
        "Plan Width": 8,
        "Actual Startup Time": 1542.583,
        "Actual Total Time": 1567.455,
        "Actual Rows": 2,
        "Actual Loops": 1,
        "Workers Planned": 1,
        "Workers Launched": 1,
        "Single Copy": false,
        "Plans": [
          {
            "Node Type": "Aggregate",
            "Strategy": "Plain",
            "Partial Mode": "Partial",
            "Parent Relationship": "Outer",
            "Parallel Aware": false,
            "Startup Cost": 418638.8,
            "Total Cost": 418638.81,
            "Plan Rows": 1,
            "Plan Width": 8,
            "Actual Startup Time": 1536.565,
            "Actual Total Time": 1537.075,
            "Actual Rows": 1,
            "Actual Loops": 2,
            "Plans": [
              {
                "Node Type": "Hash Join",
                "Parent Relationship": "Outer",
                "Parallel Aware": true,
                "Join Type": "Inner",
                "Startup Cost": 354424.68,
                "Total Cost": 417693.51,
                "Plan Rows": 378118,
                "Plan Width": 0,
                "Actual Startup Time": 546.658,
                "Actual Total Time": 1311.779,
                "Actual Rows": 5914362,
                "Actual Loops": 2,
                "Inner Unique": false,
                "Hash Cond": "(mk.movie_id = t.id)",
                "Plans": [
                  {
                    "Node Type": "Seq Scan",
                    "Parent Relationship": "Outer",
                    "Parallel Aware": true,
                    "Relation Name": "movie_keyword",
                    "Alias": "mk",
                    "Startup Cost": 0.0,
                    "Total Cost": 51065.35,
                    "Plan Rows": 2661135,
                    "Plan Width": 4,
                    "Actual Startup Time": 0.027,
                    "Actual Total Time": 162.425,
                    "Actual Rows": 2261965,
                    "Actual Loops": 2
                  },
                  {
                    "Node Type": "Hash",
                    "Parent Relationship": "Inner",
                    "Parallel Aware": true,
                    "Startup Cost": 351783.19,
                    "Total Cost": 351783.19,
                    "Plan Rows": 211319,
                    "Plan Width": 8,
                    "Actual Startup Time": 541.023,
                    "Actual Total Time": 541.531,
                    "Actual Rows": 181960,
                    "Actual Loops": 2,
                    "Hash Buckets": 524288,
                    "Original Hash Buckets": 524288,
                    "Hash Batches": 1,
                    "Original Hash Batches": 1,
                    "Peak Memory Usage": 18368,
                    "Plans": [
                      {
                        "Node Type": "Hash Join",
                        "Parent Relationship": "Outer",
                        "Parallel Aware": true,
                        "Join Type": "Inner",
                        "Startup Cost": 89089.48,
                        "Total Cost": 351783.19,
                        "Plan Rows": 211319,
                        "Plan Width": 8,
                        "Actual Startup Time": 291.882,
                        "Actual Total Time": 499.601,
                        "Actual Rows": 181960,
                        "Actual Loops": 2,
                        "Inner Unique": true,
                        "Hash Cond": "(ci.movie_id = t.id)",
                        "Plans": [
                          {
                            "Node Type": "Bitmap Heap Scan",
                            "Parent Relationship": "Outer",
                            "Parallel Aware": true,
                            "Relation Name": "cast_info",
                            "Alias": "ci",
                            "Startup Cost": 24845.15,
                            "Total Cost": 285802.16,
                            "Plan Rows": 661601,
                            "Plan Width": 4,
                            "Actual Startup Time": 40.205,
                            "Actual Total Time": 107.906,
                            "Actual Rows": 545100,
                            "Actual Loops": 2,
                            "Recheck Cond": "(person_id > 3850274)",
                            "Rows Removed by Index Recheck": 0,
                            "Exact Heap Blocks": 8209,
                            "Lossy Heap Blocks": 0,
                            "Plans": [
                              {
                                "Node Type": "Bitmap Index Scan",
                                "Parent Relationship": "Outer",
                                "Parallel Aware": false,
                                "Index Name": "person_id_cast_info",
                                "Startup Cost": 0.0,
                                "Total Cost": 24563.97,
                                "Plan Rows": 1124721,
                                "Plan Width": 0,
                                "Actual Startup Time": 37.818,
                                "Actual Total Time": 37.818,
                                "Actual Rows": 1090200,
                                "Actual Loops": 1,
                                "Index Cond": "(person_id > 3850274)"
                              }
                            ]
                          },
                          {
                            "Node Type": "Hash",
                            "Parent Relationship": "Inner",
                            "Parallel Aware": true,
                            "Startup Cost": 58306.47,
                            "Total Cost": 58306.47,
                            "Plan Rows": 475029,
                            "Plan Width": 4,
                            "Actual Startup Time": 245.186,
                            "Actual Total Time": 245.187,
                            "Actual Rows": 356870,
                            "Actual Loops": 2,
                            "Hash Buckets": 1048576,
                            "Original Hash Buckets": 1048576,
                            "Hash Batches": 1,
                            "Original Hash Batches": 1,
                            "Peak Memory Usage": 36128,
                            "Plans": [
                              {
                                "Node Type": "Seq Scan",
                                "Parent Relationship": "Outer",
                                "Parallel Aware": true,
                                "Relation Name": "title",
                                "Alias": "t",
                                "Startup Cost": 0.0,
                                "Total Cost": 58306.47,
                                "Plan Rows": 475029,
                                "Plan Width": 4,
                                "Actual Startup Time": 0.054,
                                "Actual Total Time": 157.246,
                                "Actual Rows": 356870,
                                "Actual Loops": 2,
                                "Filter": "((kind_id < 7) AND (production_year > 1972))",
                                "Rows Removed by Filter": 907286
                              }
                            ]
                          }
                        ]
                      }
                    ]
                  }
                ]
              }
            ]
          }
        ]
      }
    ]
  },
  "Planning Time": 0.966,
  "Triggers": [],
  "Execution Time": 1567.573
}