[
  {
    "Plan": {
      "Node Type": "Aggregate",
      "Strategy": "Plain",
      "Partial Mode": "Finalize",
      "Parallel Aware": false,
      "Startup Cost": 24360.17,
      "Total Cost": 24360.18,
      "Plan Rows": 1,
      "Plan Width": 8,
      "Actual Startup Time": 50.377,
      "Actual Total Time": 56.451,
      "Actual Rows": 1,
      "Actual Loops": 1,
      "Plans": [
        {
          "Node Type": "Gather",
          "Parent Relationship": "Outer",
          "Parallel Aware": false,
          "Startup Cost": 24359.86,
          "Total Cost": 24360.17,
          "Plan Rows": 3,
          "Plan Width": 8,
          "Actual Startup Time": 50.158,
          "Actual Total Time": 56.443,
          "Actual Rows": 4,
          "Actual Loops": 1,
          "Workers Planned": 3,
          "Workers Launched": 3,
          "Single Copy": false,
          "Plans": [
            {
              "Node Type": "Aggregate",
              "Strategy": "Plain",
              "Partial Mode": "Partial",
              "Parent Relationship": "Outer",
              "Parallel Aware": false,
              "Startup Cost": 23359.86,
              "Total Cost": 23359.87,
              "Plan Rows": 1,
              "Plan Width": 8,
              "Actual Startup Time": 44.563,
              "Actual Total Time": 44.564,
              "Actual Rows": 1,
              "Actual Loops": 4,
              "Plans": [
                {
                  "Node Type": "Bitmap Heap Scan",
                  "Parent Relationship": "Outer",
                  "Parallel Aware": true,
                  "Relation Name": "movie_companies",
                  "Alias": "mc",
                  "Startup Cost": 3676.97,
                  "Total Cost": 23292.58,
                  "Plan Rows": 26911,
                  "Plan Width": 0,
                  "Actual Startup Time": 8.273,
                  "Actual Total Time": 41.897,
                  "Actual Rows": 32388,
                  "Actual Loops": 4,
                  "Recheck Cond": "(company_id < 34)",
                  "Rows Removed by Index Recheck": 0,
                  "Filter": "(company_type_id < 2)",
                  "Rows Removed by Filter": 9539,
                  "Exact Heap Blocks": 6224,
                  "Lossy Heap Blocks": 0,
                  "Plans": [
                    {
                      "Node Type": "Bitmap Index Scan",
                      "Parent Relationship": "Outer",
                      "Parallel Aware": false,
                      "Index Name": "company_id_movie_companies",
                      "Startup Cost": 0.0,
                      "Total Cost": 3656.12,
                      "Plan Rows": 170625,
                      "Plan Width": 0,
                      "Actual Startup Time": 10.409,
                      "Actual Total Time": 10.41,
                      "Actual Rows": 167708,
                      "Actual Loops": 1,
                      "Index Cond": "(company_id < 34)"
                    }
                  ]
                }
              ]
            }
          ]
        }
      ]
    },
    "Planning Time": 0.268,
    "Triggers": [],
    "Execution Time": 56.525
  }
]