[
  {
    "Plan": {
      "Node Type": "Aggregate",
      "Strategy": "Plain",
      "Partial Mode": "Finalize",
      "Parallel Aware": false,
      "Startup Cost": 82386.09,
      "Total Cost": 82386.1,
      "Plan Rows": 1,
      "Plan Width": 8,
      "Actual Startup Time": 423.746,
      "Actual Total Time": 439.652,
      "Actual Rows": 1,
      "Actual Loops": 1,
      "Plans": [
        {
          "Node Type": "Gather",
          "Parent Relationship": "Outer",
          "Parallel Aware": false,
          "Startup Cost": 82385.67,
          "Total Cost": 82386.08,
          "Plan Rows": 4,
          "Plan Width": 8,
          "Actual Startup Time": 415.95,
          "Actual Total Time": 439.641,
          "Actual Rows": 5,
          "Actual Loops": 1,
          "Workers Planned": 4,
          "Workers Launched": 4,
          "Single Copy": false,
          "Plans": [
            {
              "Node Type": "Aggregate",
              "Strategy": "Plain",
              "Partial Mode": "Partial",
              "Parent Relationship": "Outer",
              "Parallel Aware": false,
              "Startup Cost": 81385.67,
              "Total Cost": 81385.68,
              "Plan Rows": 1,
              "Plan Width": 8,
              "Actual Startup Time": 406.617,
              "Actual Total Time": 406.62,
              "Actual Rows": 1,
              "Actual Loops": 5,
              "Plans": [
                {
                  "Node Type": "Hash Join",
                  "Parent Relationship": "Outer",
                  "Parallel Aware": true,
                  "Join Type": "Inner",
                  "Startup Cost": 34729.77,
                  "Total Cost": 80871.86,
                  "Plan Rows": 205527,
                  "Plan Width": 0,
                  "Actual Startup Time": 152.934,
                  "Actual Total Time": 397.157,
                  "Actual Rows": 208016,
                  "Actual Loops": 5,
                  "Inner Unique": false,
                  "Hash Cond": "(t.id = mc.movie_id)",
                  "Plans": [
                    {
                      "Node Type": "Seq Scan",
                      "Parent Relationship": "Outer",
                      "Parallel Aware": true,
                      "Relation Name": "title",
                      "Alias": "t",
                      "Startup Cost": 0.0,
                      "Total Cost": 42318.73,
                      "Plan Rows": 632073,
                      "Plan Width": 4,
                      "Actual Startup Time": 0.016,
                      "Actual Total Time": 69.558,
                      "Actual Rows": 505662,
                      "Actual Loops": 5
                    },
                    {
                      "Node Type": "Hash",
                      "Parent Relationship": "Inner",
                      "Parallel Aware": true,
                      "Startup Cost": 31414.82,
                      "Total Cost": 31414.82,
                      "Plan Rows": 265196,
                      "Plan Width": 4,
                      "Actual Startup Time": 148.572,
                      "Actual Total Time": 148.573,
                      "Actual Rows": 208016,
                      "Actual Loops": 5,
                      "Hash Buckets": 1048576,
                      "Original Hash Buckets": 1048576,
                      "Hash Batches": 1,
                      "Original Hash Batches": 1,
                      "Peak Memory Usage": 48960,
                      "Plans": [
                        {
                          "Node Type": "Seq Scan",
                          "Parent Relationship": "Outer",
                          "Parallel Aware": true,
                          "Relation Name": "movie_companies",
                          "Alias": "mc",
                          "Startup Cost": 0.0,
                          "Total Cost": 31414.82,
                          "Plan Rows": 265196,
                          "Plan Width": 4,
                          "Actual Startup Time": 45.538,
                          "Actual Total Time": 81.369,
                          "Actual Rows": 208016,
                          "Actual Loops": 5,
                          "Filter": "((company_id > 4535) AND (company_type_id = 2))",
                          "Rows Removed by Filter": 313810
                        }
                      ]
                    }
                  ]
                }
              ]
            }
          ]
        }
      ]
    },
    "Planning Time": 0.681,
    "Triggers": [],
    "Execution Time": 439.724
  }
]