{
  "Plan": {
    "Node Type": "Aggregate",
    "Strategy": "Plain",
    "Partial Mode": "Finalize",
    "Parallel Aware": false,
    "Startup Cost": 130293.85,
    "Total Cost": 130293.86,
    "Plan Rows": 1,
    "Plan Width": 8,
    "Actual Startup Time": 632.823,
    "Actual Total Time": 646.57,
    "Actual Rows": 1,
    "Actual Loops": 1,
    "Plans": [
      {
        "Node Type": "Gather",
        "Parent Relationship": "Outer",
        "Parallel Aware": false,
        "Startup Cost": 130293.73,
        "Total Cost": 130293.84,
        "Plan Rows": 1,
        "Plan Width": 8,
        "Actual Startup Time": 631.261,
        "Actual Total Time": 646.55,
        "Actual Rows": 2,
        "Actual Loops": 1,
        "Workers Planned": 1,
        "Workers Launched": 1,
        "Single Copy": false,
        "Plans": [
          {
            "Node Type": "Aggregate",
            "Strategy": "Plain",
            "Partial Mode": "Partial",
            "Parent Relationship": "Outer",
            "Parallel Aware": false,
            "Startup Cost": 129293.73,
            "Total Cost": 129293.74,
            "Plan Rows": 1,
            "Plan Width": 8,
            "Actual Startup Time": 625.618,
            "Actual Total Time": 625.622,
            "Actual Rows": 1,
            "Actual Loops": 2,
            "Plans": [
              {
                "Node Type": "Hash Join",
                "Parent Relationship": "Outer",
                "Parallel Aware": true,
                "Join Type": "Inner",
                "Startup Cost": 64736.89,
                "Total Cost": 127599.14,
                "Plan Rows": 677838,
                "Plan Width": 0,
                "Actual Startup Time": 280.105,
                "Actual Total Time": 619.814,
                "Actual Rows": 149122,
                "Actual Loops": 2,
                "Inner Unique": true,
                "Hash Cond": "(mk.movie_id = t.id)",
                "Plans": [
                  {
                    "Node Type": "Seq Scan",
                    "Parent Relationship": "Outer",
                    "Parallel Aware": true,
                    "Relation Name": "movie_keyword",
                    "Alias": "mk",
                    "Startup Cost": 0.0,
                    "Total Cost": 57718.19,
                    "Plan Rows": 1959636,
                    "Plan Width": 4,
                    "Actual Startup Time": 0.107,
                    "Actual Total Time": 185.496,
                    "Actual Rows": 1661226,
                    "Actual Loops": 2,
                    "Filter": "(keyword_id > 1488)",
                    "Rows Removed by Filter": 600740
                  },
                  {
                    "Node Type": "Hash",
                    "Parent Relationship": "Inner",
                    "Parallel Aware": true,
                    "Startup Cost": 58306.47,
                    "Total Cost": 58306.47,
                    "Plan Rows": 514434,
                    "Plan Width": 4,
                    "Actual Startup Time": 270.639,
                    "Actual Total Time": 270.64,
                    "Actual Rows": 478650,
                    "Actual Loops": 2,
                    "Hash Buckets": 1048576,
                    "Original Hash Buckets": 1048576,
                    "Hash Batches": 1,
                    "Original Hash Batches": 1,
                    "Peak Memory Usage": 45664,
                    "Plans": [
                      {
                        "Node Type": "Seq Scan",
                        "Parent Relationship": "Outer",
                        "Parallel Aware": true,
                        "Relation Name": "title",
                        "Alias": "t",
                        "Startup Cost": 0.0,
                        "Total Cost": 58306.47,
                        "Plan Rows": 514434,
                        "Plan Width": 4,
                        "Actual Startup Time": 0.03,
                        "Actual Total Time": 156.658,
                        "Actual Rows": 478650,
                        "Actual Loops": 2,
                        "Filter": "((production_year > 1999) AND (kind_id = 7))",
                        "Rows Removed by Filter": 785506
                      }
                    ]
                  }
                ]
              }
            ]
          }
        ]
      }
    ]
  },
  "Planning Time": 0.603,
  "Triggers": [],
  "Execution Time": 646.635
}