[
  {
    "Plan": {
      "Node Type": "Aggregate",
      "Strategy": "Plain",
      "Partial Mode": "Finalize",
      "Parallel Aware": false,
      "Startup Cost": 129091.66,
      "Total Cost": 129091.67,
      "Plan Rows": 1,
      "Plan Width": 8,
      "Actual Startup Time": 671.217,
      "Actual Total Time": 691.243,
      "Actual Rows": 1,
      "Actual Loops": 1,
      "Plans": [
        {
          "Node Type": "Gather",
          "Parent Relationship": "Outer",
          "Parallel Aware": false,
          "Startup Cost": 129091.35,
          "Total Cost": 129091.66,
          "Plan Rows": 3,
          "Plan Width": 8,
          "Actual Startup Time": 667.896,
          "Actual Total Time": 691.233,
          "Actual Rows": 4,
          "Actual Loops": 1,
          "Workers Planned": 3,
          "Workers Launched": 3,
          "Single Copy": false,
          "Plans": [
            {
              "Node Type": "Aggregate",
              "Strategy": "Plain",
              "Partial Mode": "Partial",
              "Parent Relationship": "Outer",
              "Parallel Aware": false,
              "Startup Cost": 128091.35,
              "Total Cost": 128091.36,
              "Plan Rows": 1,
              "Plan Width": 8,
              "Actual Startup Time": 659.12,
              "Actual Total Time": 659.251,
              "Actual Rows": 1,
              "Actual Loops": 4,
              "Plans": [
                {
                  "Node Type": "Hash Join",
                  "Parent Relationship": "Outer",
                  "Parallel Aware": true,
                  "Join Type": "Inner",
                  "Startup Cost": 81795.29,
                  "Total Cost": 127203.23,
                  "Plan Rows": 355246,
                  "Plan Width": 0,
                  "Actual Startup Time": 394.178,
                  "Actual Total Time": 635.539,
                  "Actual Rows": 534990,
                  "Actual Loops": 4,
                  "Inner Unique": false,
                  "Hash Cond": "(mk.movie_id = t.id)",
                  "Plans": [
                    {
                      "Node Type": "Seq Scan",
                      "Parent Relationship": "Outer",
                      "Parallel Aware": true,
                      "Relation Name": "movie_keyword",
                      "Alias": "mk",
                      "Startup Cost": 0.0,
                      "Total Cost": 39047.32,
                      "Plan Rows": 1459332,
                      "Plan Width": 4,
                      "Actual Startup Time": 0.035,
                      "Actual Total Time": 92.907,
                      "Actual Rows": 1130982,
                      "Actual Loops": 4
                    },
                    {
                      "Node Type": "Hash",
                      "Parent Relationship": "Inner",
                      "Parallel Aware": true,
                      "Startup Cost": 79871.97,
                      "Total Cost": 79871.97,
                      "Plan Rows": 153866,
                      "Plan Width": 8,
                      "Actual Startup Time": 389.037,
                      "Actual Total Time": 389.167,
                      "Actual Rows": 99688,
                      "Actual Loops": 4,
                      "Hash Buckets": 1048576,
                      "Original Hash Buckets": 1048576,
                      "Hash Batches": 1,
                      "Original Hash Batches": 1,
                      "Peak Memory Usage": 23840,
                      "Plans": [
                        {
                          "Node Type": "Hash Join",
                          "Parent Relationship": "Outer",
                          "Parallel Aware": true,
                          "Join Type": "Inner",
                          "Startup Cost": 33896.53,
                          "Total Cost": 79871.97,
                          "Plan Rows": 153866,
                          "Plan Width": 8,
                          "Actual Startup Time": 124.813,
                          "Actual Total Time": 347.331,
                          "Actual Rows": 99688,
                          "Actual Loops": 4,
                          "Inner Unique": false,
                          "Hash Cond": "(t.id = mc.movie_id)",
                          "Plans": [
                            {
                              "Node Type": "Seq Scan",
                              "Parent Relationship": "Outer",
                              "Parallel Aware": true,
                              "Relation Name": "title",
                              "Alias": "t",
                              "Startup Cost": 0.0,
                              "Total Cost": 42318.73,
                              "Plan Rows": 632073,
                              "Plan Width": 4,
                              "Actual Startup Time": 0.011,
                              "Actual Total Time": 78.439,
                              "Actual Rows": 632078,
                              "Actual Loops": 4
                            },
                            {
                              "Node Type": "Hash",
                              "Parent Relationship": "Inner",
                              "Parallel Aware": true,
                              "Startup Cost": 31414.82,
                              "Total Cost": 31414.82,
                              "Plan Rows": 198537,
                              "Plan Width": 4,
                              "Actual Startup Time": 122.091,
                              "Actual Total Time": 122.093,
                              "Actual Rows": 99688,
                              "Actual Loops": 4,
                              "Hash Buckets": 1048576,
                              "Original Hash Buckets": 1048576,
                              "Hash Batches": 1,
                              "Original Hash Batches": 1,
                              "Peak Memory Usage": 23840,
                              "Plans": [
                                {
                                  "Node Type": "Seq Scan",
                                  "Parent Relationship": "Outer",
                                  "Parallel Aware": true,
                                  "Relation Name": "movie_companies",
                                  "Alias": "mc",
                                  "Startup Cost": 0.0,
                                  "Total Cost": 31414.82,
                                  "Plan Rows": 198537,
                                  "Plan Width": 4,
                                  "Actual Startup Time": 48.607,
                                  "Actual Total Time": 83.315,
                                  "Actual Rows": 99688,
                                  "Actual Loops": 4,
                                  "Filter": "((company_id < 11055) AND (company_type_id > 1))",
                                  "Rows Removed by Filter": 552594
                                }
                              ]
                            }
                          ]
                        }
                      ]
                    }
                  ]
                }
              ]
            }
          ]
        }
      ]
    },
    "Planning Time": 1.437,
    "Triggers": [],
    "Execution Time": 691.329
  }
]