[
  {
    "Plan": {
      "Node Type": "Aggregate",
      "Strategy": "Plain",
      "Partial Mode": "Finalize",
      "Parallel Aware": false,
      "Startup Cost": 88337.1,
      "Total Cost": 88337.11,
      "Plan Rows": 1,
      "Plan Width": 8,
      "Actual Startup Time": 294.89,
      "Actual Total Time": 314.676,
      "Actual Rows": 1,
      "Actual Loops": 1,
      "Plans": [
        {
          "Node Type": "Gather",
          "Parent Relationship": "Outer",
          "Parallel Aware": false,
          "Startup Cost": 88336.78,
          "Total Cost": 88337.09,
          "Plan Rows": 3,
          "Plan Width": 8,
          "Actual Startup Time": 294.185,
          "Actual Total Time": 314.666,
          "Actual Rows": 4,
          "Actual Loops": 1,
          "Workers Planned": 3,
          "Workers Launched": 3,
          "Single Copy": false,
          "Plans": [
            {
              "Node Type": "Aggregate",
              "Strategy": "Plain",
              "Partial Mode": "Partial",
              "Parent Relationship": "Outer",
              "Parallel Aware": false,
              "Startup Cost": 87336.78,
              "Total Cost": 87336.79,
              "Plan Rows": 1,
              "Plan Width": 8,
              "Actual Startup Time": 285.69,
              "Actual Total Time": 285.693,
              "Actual Rows": 1,
              "Actual Loops": 4,
              "Plans": [
                {
                  "Node Type": "Hash Join",
                  "Parent Relationship": "Outer",
                  "Parallel Aware": true,
                  "Join Type": "Inner",
                  "Startup Cost": 44281.87,
                  "Total Cost": 87159.95,
                  "Plan Rows": 70733,
                  "Plan Width": 0,
                  "Actual Startup Time": 137.9,
                  "Actual Total Time": 284.039,
                  "Actual Rows": 37241,
                  "Actual Loops": 4,
                  "Inner Unique": true,
                  "Hash Cond": "(mk.movie_id = t.id)",
                  "Plans": [
                    {
                      "Node Type": "Seq Scan",
                      "Parent Relationship": "Outer",
                      "Parallel Aware": true,
                      "Relation Name": "movie_keyword",
                      "Alias": "mk",
                      "Startup Cost": 0.0,
                      "Total Cost": 39047.32,
                      "Plan Rows": 1459332,
                      "Plan Width": 4,
                      "Actual Startup Time": 0.023,
                      "Actual Total Time": 89.45,
                      "Actual Rows": 1130982,
                      "Actual Loops": 4
                    },
                    {
                      "Node Type": "Hash",
                      "Parent Relationship": "Inner",
                      "Parallel Aware": true,
                      "Startup Cost": 43898.92,
                      "Total Cost": 43898.92,
                      "Plan Rows": 30636,
                      "Plan Width": 4,
                      "Actual Startup Time": 102.314,
                      "Actual Total Time": 102.315,
                      "Actual Rows": 30733,
                      "Actual Loops": 4,
                      "Hash Buckets": 131072,
                      "Original Hash Buckets": 131072,
                      "Hash Batches": 1,
                      "Original Hash Batches": 1,
                      "Peak Memory Usage": 5888,
                      "Plans": [
                        {
                          "Node Type": "Seq Scan",
                          "Parent Relationship": "Outer",
                          "Parallel Aware": true,
                          "Relation Name": "title",
                          "Alias": "t",
                          "Startup Cost": 0.0,
                          "Total Cost": 43898.92,
                          "Plan Rows": 30636,
                          "Plan Width": 4,
                          "Actual Startup Time": 50.086,
                          "Actual Total Time": 93.436,
                          "Actual Rows": 30733,
                          "Actual Loops": 4,
                          "Filter": "(production_year < 1933)",
                          "Rows Removed by Filter": 601345
                        }
                      ]
                    }
                  ]
                }
              ]
            }
          ]
        }
      ]
    },
    "Planning Time": 0.631,
    "Triggers": [],
    "Execution Time": 314.748
  }
]