{
  "Plan": {
    "Node Type": "Aggregate",
    "Strategy": "Plain",
    "Partial Mode": "Finalize",
    "Parallel Aware": false,
    "Startup Cost": 104667.12,
    "Total Cost": 104667.13,
    "Plan Rows": 1,
    "Plan Width": 8,
    "Actual Startup Time": 555.082,
    "Actual Total Time": 568.512,
    "Actual Rows": 1,
    "Actual Loops": 1,
    "Plans": [
      {
        "Node Type": "Gather",
        "Parent Relationship": "Outer",
        "Parallel Aware": false,
        "Startup Cost": 104667.01,
        "Total Cost": 104667.12,
        "Plan Rows": 1,
        "Plan Width": 8,
        "Actual Startup Time": 553.196,
        "Actual Total Time": 568.502,
        "Actual Rows": 2,
        "Actual Loops": 1,
        "Workers Planned": 1,
        "Workers Launched": 1,
        "Single Copy": false,
        "Plans": [
          {
            "Node Type": "Aggregate",
            "Strategy": "Plain",
            "Partial Mode": "Partial",
            "Parent Relationship": "Outer",
            "Parallel Aware": false,
            "Startup Cost": 103667.01,
            "Total Cost": 103667.02,
            "Plan Rows": 1,
            "Plan Width": 8,
            "Actual Startup Time": 547.566,
            "Actual Total Time": 547.89,
            "Actual Rows": 1,
            "Actual Loops": 2,
            "Plans": [
              {
                "Node Type": "Hash Join",
                "Parent Relationship": "Outer",
                "Parallel Aware": true,
                "Join Type": "Inner",
                "Startup Cost": 44679.54,
                "Total Cost": 103442.09,
                "Plan Rows": 89965,
                "Plan Width": 0,
                "Actual Startup Time": 241.719,
                "Actual Total Time": 537.377,
                "Actual Rows": 265140,
                "Actual Loops": 2,
                "Inner Unique": false,
                "Hash Cond": "(t.id = mc.movie_id)",
                "Plans": [
                  {
                    "Node Type": "Seq Scan",
                    "Parent Relationship": "Outer",
                    "Parallel Aware": true,
                    "Relation Name": "title",
                    "Alias": "t",
                    "Startup Cost": 0.0,
                    "Total Cost": 54588.39,
                    "Plan Rows": 583193,
                    "Plan Width": 4,
                    "Actual Startup Time": 0.017,
                    "Actual Total Time": 135.311,
                    "Actual Rows": 492524,
                    "Actual Loops": 2,
                    "Filter": "(kind_id < 7)",
                    "Rows Removed by Filter": 771632
                  },
                  {
                    "Node Type": "Hash",
                    "Parent Relationship": "Inner",
                    "Parallel Aware": true,
                    "Startup Cost": 41811.73,
                    "Total Cost": 41811.73,
                    "Plan Rows": 229425,
                    "Plan Width": 4,
                    "Actual Startup Time": 235.774,
                    "Actual Total Time": 235.775,
                    "Actual Rows": 358639,
                    "Actual Loops": 2,
                    "Hash Buckets": 1048576,
                    "Original Hash Buckets": 524288,
                    "Hash Batches": 1,
                    "Original Hash Batches": 1,
                    "Peak Memory Usage": 40384,
                    "Plans": [
                      {
                        "Node Type": "Seq Scan",
                        "Parent Relationship": "Outer",
                        "Parallel Aware": true,
                        "Relation Name": "movie_companies",
                        "Alias": "mc",
                        "Startup Cost": 0.0,
                        "Total Cost": 41811.73,
                        "Plan Rows": 229425,
                        "Plan Width": 4,
                        "Actual Startup Time": 67.483,
                        "Actual Total Time": 137.797,
                        "Actual Rows": 358639,
                        "Actual Loops": 2,
                        "Filter": "((company_id > 32380) AND (company_type_id > 1))",
                        "Rows Removed by Filter": 945926
                      }
                    ]
                  }
                ]
              }
            ]
          }
        ]
      }
    ]
  },
  "Planning Time": 0.649,
  "Triggers": [],
  "Execution Time": 568.586
}