[
  {
    "Plan": {
      "Node Type": "Aggregate",
      "Strategy": "Plain",
      "Partial Mode": "Finalize",
      "Parallel Aware": false,
      "Startup Cost": 166228.63,
      "Total Cost": 166228.64,
      "Plan Rows": 1,
      "Plan Width": 8,
      "Actual Startup Time": 270.188,
      "Actual Total Time": 289.219,
      "Actual Rows": 1,
      "Actual Loops": 1,
      "Plans": [
        {
          "Node Type": "Gather",
          "Parent Relationship": "Outer",
          "Parallel Aware": false,
          "Startup Cost": 166228.11,
          "Total Cost": 166228.62,
          "Plan Rows": 5,
          "Plan Width": 8,
          "Actual Startup Time": 270.098,
          "Actual Total Time": 289.211,
          "Actual Rows": 6,
          "Actual Loops": 1,
          "Workers Planned": 5,
          "Workers Launched": 5,
          "Single Copy": false,
          "Plans": [
            {
              "Node Type": "Aggregate",
              "Strategy": "Plain",
              "Partial Mode": "Partial",
              "Parent Relationship": "Outer",
              "Parallel Aware": false,
              "Startup Cost": 165228.11,
              "Total Cost": 165228.12,
              "Plan Rows": 1,
              "Plan Width": 8,
              "Actual Startup Time": 259.848,
              "Actual Total Time": 259.851,
              "Actual Rows": 1,
              "Actual Loops": 6,
              "Plans": [
                {
                  "Node Type": "Hash Join",
                  "Parent Relationship": "Outer",
                  "Parallel Aware": true,
                  "Join Type": "Inner",
                  "Startup Cost": 45492.16,
                  "Total Cost": 165224.64,
                  "Plan Rows": 1387,
                  "Plan Width": 0,
                  "Actual Startup Time": 78.976,
                  "Actual Total Time": 259.799,
                  "Actual Rows": 319,
                  "Actual Loops": 6,
                  "Inner Unique": true,
                  "Hash Cond": "(ci.movie_id = t.id)",
                  "Plans": [
                    {
                      "Node Type": "Index Scan",
                      "Parent Relationship": "Outer",
                      "Parallel Aware": true,
                      "Scan Direction": "Forward",
                      "Index Name": "role_id_cast_info",
                      "Relation Name": "cast_info",
                      "Alias": "ci",
                      "Startup Cost": 0.56,
                      "Total Cost": 117431.66,
                      "Plan Rows": 876718,
                      "Plan Width": 4,
                      "Actual Startup Time": 0.105,
                      "Actual Total Time": 117.904,
                      "Actual Rows": 720503,
                      "Actual Loops": 6,
                      "Index Cond": "(role_id = 10)",
                      "Rows Removed by Index Recheck": 0
                    },
                    {
                      "Node Type": "Hash",
                      "Parent Relationship": "Inner",
                      "Parallel Aware": true,
                      "Startup Cost": 45479.1,
                      "Total Cost": 45479.1,
                      "Plan Rows": 1000,
                      "Plan Width": 4,
                      "Actual Startup Time": 75.561,
                      "Actual Total Time": 75.562,
                      "Actual Rows": 613,
                      "Actual Loops": 6,
                      "Hash Buckets": 4096,
                      "Original Hash Buckets": 4096,
                      "Hash Batches": 1,
                      "Original Hash Batches": 1,
                      "Peak Memory Usage": 256,
                      "Plans": [
                        {
                          "Node Type": "Seq Scan",
                          "Parent Relationship": "Outer",
                          "Parallel Aware": true,
                          "Relation Name": "title",
                          "Alias": "t",
                          "Startup Cost": 0.0,
                          "Total Cost": 45479.1,
                          "Plan Rows": 1000,
                          "Plan Width": 4,
                          "Actual Startup Time": 3.227,
                          "Actual Total Time": 75.104,
                          "Actual Rows": 613,
                          "Actual Loops": 6,
                          "Filter": "((kind_id < 7) AND (production_year = 1958))",
                          "Rows Removed by Filter": 420773
                        }
                      ]
                    }
                  ]
                }
              ]
            }
          ]
        }
      ]
    },
    "Planning Time": 0.694,
    "Triggers": [],
    "Execution Time": 289.298
  }
]