[
  {
    "Plan": {
      "Node Type": "Aggregate",
      "Strategy": "Plain",
      "Partial Mode": "Finalize",
      "Parallel Aware": false,
      "Startup Cost": 412982.48,
      "Total Cost": 412982.49,
      "Plan Rows": 1,
      "Plan Width": 8,
      "Actual Startup Time": 2766.466,
      "Actual Total Time": 2822.814,
      "Actual Rows": 1,
      "Actual Loops": 1,
      "Plans": [
        {
          "Node Type": "Gather",
          "Parent Relationship": "Outer",
          "Parallel Aware": false,
          "Startup Cost": 412981.85,
          "Total Cost": 412982.46,
          "Plan Rows": 6,
          "Plan Width": 8,
          "Actual Startup Time": 2758.083,
          "Actual Total Time": 2822.797,
          "Actual Rows": 7,
          "Actual Loops": 1,
          "Workers Planned": 6,
          "Workers Launched": 6,
          "Single Copy": false,
          "Plans": [
            {
              "Node Type": "Aggregate",
              "Strategy": "Plain",
              "Partial Mode": "Partial",
              "Parent Relationship": "Outer",
              "Parallel Aware": false,
              "Startup Cost": 411981.85,
              "Total Cost": 411981.86,
              "Plan Rows": 1,
              "Plan Width": 8,
              "Actual Startup Time": 2749.201,
              "Actual Total Time": 2749.206,
              "Actual Rows": 1,
              "Actual Loops": 7,
              "Plans": [
                {
                  "Node Type": "Hash Join",
                  "Parent Relationship": "Outer",
                  "Parallel Aware": true,
                  "Join Type": "Inner",
                  "Startup Cost": 49125.55,
                  "Total Cost": 404430.02,
                  "Plan Rows": 3020732,
                  "Plan Width": 0,
                  "Actual Startup Time": 195.031,
                  "Actual Total Time": 2613.548,
                  "Actual Rows": 2778017,
                  "Actual Loops": 7,
                  "Inner Unique": true,
                  "Hash Cond": "(ci.movie_id = t.id)",
                  "Plans": [
                    {
                      "Node Type": "Seq Scan",
                      "Parent Relationship": "Outer",
                      "Parallel Aware": true,
                      "Relation Name": "cast_info",
                      "Alias": "ci",
                      "Startup Cost": 0.0,
                      "Total Cost": 343316.27,
                      "Plan Rows": 4566927,
                      "Plan Width": 4,
                      "Actual Startup Time": 0.041,
                      "Actual Total Time": 807.014,
                      "Actual Rows": 4216237,
                      "Actual Loops": 7,
                      "Filter": "((person_id < 3198235) AND (role_id < 10))",
                      "Rows Removed by Filter": 961527
                    },
                    {
                      "Node Type": "Hash",
                      "Parent Relationship": "Inner",
                      "Parallel Aware": true,
                      "Startup Cost": 43899.32,
                      "Total Cost": 43899.32,
                      "Plan Rows": 418098,
                      "Plan Width": 4,
                      "Actual Startup Time": 192.179,
                      "Actual Total Time": 192.181,
                      "Actual Rows": 238756,
                      "Actual Loops": 7,
                      "Hash Buckets": 2097152,
                      "Original Hash Buckets": 2097152,
                      "Hash Batches": 1,
                      "Original Hash Batches": 1,
                      "Peak Memory Usage": 81824,
                      "Plans": [
                        {
                          "Node Type": "Seq Scan",
                          "Parent Relationship": "Outer",
                          "Parallel Aware": true,
                          "Relation Name": "title",
                          "Alias": "t",
                          "Startup Cost": 0.0,
                          "Total Cost": 43899.32,
                          "Plan Rows": 418098,
                          "Plan Width": 4,
                          "Actual Startup Time": 0.041,
                          "Actual Total Time": 82.747,
                          "Actual Rows": 238756,
                          "Actual Loops": 7,
                          "Filter": "(production_year < 2008)",
                          "Rows Removed by Filter": 122431
                        }
                      ]
                    }
                  ]
                }
              ]
            }
          ]
        }
      ]
    },
    "Planning Time": 0.225,
    "Triggers": [],
    "Execution Time": 2822.857
  }
]