[
  {
    "Plan": {
      "Node Type": "Aggregate",
      "Strategy": "Plain",
      "Partial Mode": "Finalize",
      "Parallel Aware": false,
      "Startup Cost": 412771.25,
      "Total Cost": 412771.26,
      "Plan Rows": 1,
      "Plan Width": 8,
      "Actual Startup Time": 2588.782,
      "Actual Total Time": 2650.456,
      "Actual Rows": 1,
      "Actual Loops": 1,
      "Plans": [
        {
          "Node Type": "Gather",
          "Parent Relationship": "Outer",
          "Parallel Aware": false,
          "Startup Cost": 412770.63,
          "Total Cost": 412771.24,
          "Plan Rows": 6,
          "Plan Width": 8,
          "Actual Startup Time": 2573.197,
          "Actual Total Time": 2650.443,
          "Actual Rows": 7,
          "Actual Loops": 1,
          "Workers Planned": 6,
          "Workers Launched": 6,
          "Single Copy": false,
          "Plans": [
            {
              "Node Type": "Aggregate",
              "Strategy": "Plain",
              "Partial Mode": "Partial",
              "Parent Relationship": "Outer",
              "Parallel Aware": false,
              "Startup Cost": 411770.63,
              "Total Cost": 411770.64,
              "Plan Rows": 1,
              "Plan Width": 8,
              "Actual Startup Time": 2559.096,
              "Actual Total Time": 2559.1,
              "Actual Rows": 1,
              "Actual Loops": 7,
              "Plans": [
                {
                  "Node Type": "Hash Join",
                  "Parent Relationship": "Outer",
                  "Parallel Aware": true,
                  "Join Type": "Inner",
                  "Startup Cost": 49116.74,
                  "Total Cost": 404281.29,
                  "Plan Rows": 2995737,
                  "Plan Width": 0,
                  "Actual Startup Time": 199.003,
                  "Actual Total Time": 2436.019,
                  "Actual Rows": 2778017,
                  "Actual Loops": 7,
                  "Inner Unique": true,
                  "Hash Cond": "(ci.movie_id = t.id)",
                  "Plans": [
                    {
                      "Node Type": "Seq Scan",
                      "Parent Relationship": "Outer",
                      "Parallel Aware": true,
                      "Relation Name": "cast_info",
                      "Alias": "ci",
                      "Startup Cost": 0.0,
                      "Total Cost": 343257.03,
                      "Plan Rows": 4536188,
                      "Plan Width": 4,
                      "Actual Startup Time": 0.025,
                      "Actual Total Time": 732.522,
                      "Actual Rows": 4216237,
                      "Actual Loops": 7,
                      "Filter": "((person_id < 3198235) AND (role_id < 10))",
                      "Rows Removed by Filter": 961527
                    },
                    {
                      "Node Type": "Hash",
                      "Parent Relationship": "Inner",
                      "Parallel Aware": true,
                      "Startup Cost": 43898.92,
                      "Total Cost": 43898.92,
                      "Plan Rows": 417426,
                      "Plan Width": 4,
                      "Actual Startup Time": 194.195,
                      "Actual Total Time": 194.196,
                      "Actual Rows": 238756,
                      "Actual Loops": 7,
                      "Hash Buckets": 2097152,
                      "Original Hash Buckets": 2097152,
                      "Hash Batches": 1,
                      "Original Hash Batches": 1,
                      "Peak Memory Usage": 81856,
                      "Plans": [
                        {
                          "Node Type": "Seq Scan",
                          "Parent Relationship": "Outer",
                          "Parallel Aware": true,
                          "Relation Name": "title",
                          "Alias": "t",
                          "Startup Cost": 0.0,
                          "Total Cost": 43898.92,
                          "Plan Rows": 417426,
                          "Plan Width": 4,
                          "Actual Startup Time": 0.039,
                          "Actual Total Time": 80.76,
                          "Actual Rows": 238756,
                          "Actual Loops": 7,
                          "Filter": "(production_year < 2008)",
                          "Rows Removed by Filter": 122431
                        }
                      ]
                    }
                  ]
                }
              ]
            }
          ]
        }
      ]
    },
    "Planning Time": 0.637,
    "Triggers": [],
    "Execution Time": 2650.547
  }
]