{
  "Plan": {
    "Node Type": "Aggregate",
    "Strategy": "Plain",
    "Partial Mode": "Finalize",
    "Parallel Aware": false,
    "Startup Cost": 376759.62,
    "Total Cost": 376759.63,
    "Plan Rows": 1,
    "Plan Width": 8,
    "Actual Startup Time": 761.558,
    "Actual Total Time": 781.011,
    "Actual Rows": 1,
    "Actual Loops": 1,
    "Plans": [
      {
        "Node Type": "Gather",
        "Parent Relationship": "Outer",
        "Parallel Aware": false,
        "Startup Cost": 376759.5,
        "Total Cost": 376759.61,
        "Plan Rows": 1,
        "Plan Width": 8,
        "Actual Startup Time": 757.017,
        "Actual Total Time": 781.004,
        "Actual Rows": 2,
        "Actual Loops": 1,
        "Workers Planned": 1,
        "Workers Launched": 1,
        "Single Copy": false,
        "Plans": [
          {
            "Node Type": "Aggregate",
            "Strategy": "Plain",
            "Partial Mode": "Partial",
            "Parent Relationship": "Outer",
            "Parallel Aware": false,
            "Startup Cost": 375759.5,
            "Total Cost": 375759.51,
            "Plan Rows": 1,
            "Plan Width": 8,
            "Actual Startup Time": 747.091,
            "Actual Total Time": 747.098,
            "Actual Rows": 1,
            "Actual Loops": 2,
            "Plans": [
              {
                "Node Type": "Hash Join",
                "Parent Relationship": "Outer",
                "Parallel Aware": true,
                "Join Type": "Inner",
                "Startup Cost": 349125.2,
                "Total Cost": 375735.58,
                "Plan Rows": 9569,
                "Plan Width": 0,
                "Actual Startup Time": 674.743,
                "Actual Total Time": 745.527,
                "Actual Rows": 28866,
                "Actual Loops": 2,
                "Inner Unique": false,
                "Hash Cond": "(mk.movie_id = t.id)",
                "Plans": [
                  {
                    "Node Type": "Bitmap Heap Scan",
                    "Parent Relationship": "Outer",
                    "Parallel Aware": true,
                    "Relation Name": "movie_keyword",
                    "Alias": "mk",
                    "Startup Cost": 4663.12,
                    "Total Cost": 30732.58,
                    "Plan Rows": 129236,
                    "Plan Width": 4,
                    "Actual Startup Time": 15.719,
                    "Actual Total Time": 61.027,
                    "Actual Rows": 113464,
                    "Actual Loops": 2,
                    "Recheck Cond": "(keyword_id < 186)",
                    "Rows Removed by Index Recheck": 0,
                    "Exact Heap Blocks": 14404,
                    "Lossy Heap Blocks": 0,
                    "Plans": [
                      {
                        "Node Type": "Bitmap Index Scan",
                        "Parent Relationship": "Outer",
                        "Parallel Aware": false,
                        "Index Name": "keyword_id_movie_keyword",
                        "Startup Cost": 0.0,
                        "Total Cost": 4608.2,
                        "Plan Rows": 219702,
                        "Plan Width": 0,
                        "Actual Startup Time": 12.295,
                        "Actual Total Time": 12.296,
                        "Actual Rows": 226927,
                        "Actual Loops": 1,
                        "Index Cond": "(keyword_id < 186)"
                      }
                    ]
                  },
                  {
                    "Node Type": "Hash",
                    "Parent Relationship": "Inner",
                    "Parallel Aware": true,
                    "Startup Cost": 343085.64,
                    "Total Cost": 343085.64,
                    "Plan Rows": 110115,
                    "Plan Width": 8,
                    "Actual Startup Time": 657.361,
                    "Actual Total Time": 657.366,
                    "Actual Rows": 116341,
                    "Actual Loops": 2,
                    "Hash Buckets": 262144,
                    "Original Hash Buckets": 262144,
                    "Hash Batches": 1,
                    "Original Hash Batches": 1,
                    "Peak Memory Usage": 11168,
                    "Plans": [
                      {
                        "Node Type": "Hash Join",
                        "Parent Relationship": "Outer",
                        "Parallel Aware": true,
                        "Join Type": "Inner",
                        "Startup Cost": 75709.43,
                        "Total Cost": 343085.64,
                        "Plan Rows": 110115,
                        "Plan Width": 8,
                        "Actual Startup Time": 550.893,
                        "Actual Total Time": 631.43,
                        "Actual Rows": 116341,
                        "Actual Loops": 2,
                        "Inner Unique": true,
                        "Hash Cond": "(ci.movie_id = t.id)",
                        "Plans": [
                          {
                            "Node Type": "Bitmap Heap Scan",
                            "Parent Relationship": "Outer",
                            "Parallel Aware": true,
                            "Relation Name": "cast_info",
                            "Alias": "ci",
                            "Startup Cost": 6248.73,
                            "Total Cost": 273335.89,
                            "Plan Rows": 110115,
                            "Plan Width": 4,
                            "Actual Startup Time": 9.007,
                            "Actual Total Time": 29.14,
                            "Actual Rows": 116341,
                            "Actual Loops": 2,
                            "Recheck Cond": "(person_id < 33341)",
                            "Rows Removed by Index Recheck": 0,
                            "Filter": "(role_id < 4)",
                            "Rows Removed by Filter": 25900,
                            "Exact Heap Blocks": 1695,
                            "Lossy Heap Blocks": 0,
                            "Plans": [
                              {
                                "Node Type": "Bitmap Index Scan",
                                "Parent Relationship": "Outer",
                                "Parallel Aware": false,
                                "Index Name": "person_id_cast_info",
                                "Startup Cost": 0.0,
                                "Total Cost": 6201.93,
                                "Plan Rows": 283916,
                                "Plan Width": 0,
                                "Actual Startup Time": 8.564,
                                "Actual Total Time": 8.564,
                                "Actual Rows": 284483,
                                "Actual Loops": 1,
                                "Index Cond": "(person_id < 33341)"
                              }
                            ]
                          },
                          {
                            "Node Type": "Hash",
                            "Parent Relationship": "Inner",
                            "Parallel Aware": true,
                            "Startup Cost": 50870.31,
                            "Total Cost": 50870.31,
                            "Plan Rows": 1487231,
                            "Plan Width": 4,
                            "Actual Startup Time": 525.678,
                            "Actual Total Time": 525.679,
                            "Actual Rows": 1264156,
                            "Actual Loops": 2,
                            "Hash Buckets": 4194304,
                            "Original Hash Buckets": 4194304,
                            "Hash Batches": 1,
                            "Original Hash Batches": 1,
                            "Peak Memory Usage": 131712,
                            "Plans": [
                              {
                                "Node Type": "Seq Scan",
                                "Parent Relationship": "Outer",
                                "Parallel Aware": true,
                                "Relation Name": "title",
                                "Alias": "t",
                                "Startup Cost": 0.0,
                                "Total Cost": 50870.31,
                                "Plan Rows": 1487231,
                                "Plan Width": 4,
                                "Actual Startup Time": 0.027,
                                "Actual Total Time": 149.371,
                                "Actual Rows": 1264156,
                                "Actual Loops": 2
                              }
                            ]
                          }
                        ]
                      }
                    ]
                  }
                ]
              }
            ]
          }
        ]
      }
    ]
  },
  "Planning Time": 0.556,
  "Triggers": [],
  "Execution Time": 781.078
}