[
  {
    "Plan": {
      "Node Type": "Aggregate",
      "Strategy": "Plain",
      "Partial Mode": "Simple",
      "Parallel Aware": false,
      "Startup Cost": 10765.96,
      "Total Cost": 10765.97,
      "Plan Rows": 1,
      "Plan Width": 8,
      "Actual Startup Time": 13.196,
      "Actual Total Time": 13.198,
      "Actual Rows": 1,
      "Actual Loops": 1,
      "Plans": [
        {
          "Node Type": "Bitmap Heap Scan",
          "Parent Relationship": "Outer",
          "Parallel Aware": false,
          "Relation Name": "movie_keyword",
          "Alias": "mk",
          "Startup Cost": 87.99,
          "Total Cost": 10755.78,
          "Plan Rows": 4072,
          "Plan Width": 0,
          "Actual Startup Time": 3.055,
          "Actual Total Time": 12.569,
          "Actual Rows": 4904,
          "Actual Loops": 1,
          "Recheck Cond": "(keyword_id = 24382)",
          "Rows Removed by Index Recheck": 0,
          "Exact Heap Blocks": 3692,
          "Lossy Heap Blocks": 0,
          "Plans": [
            {
              "Node Type": "Bitmap Index Scan",
              "Parent Relationship": "Outer",
              "Parallel Aware": false,
              "Index Name": "keyword_id_movie_keyword",
              "Startup Cost": 0.0,
              "Total Cost": 86.97,
              "Plan Rows": 4072,
              "Plan Width": 0,
              "Actual Startup Time": 1.751,
              "Actual Total Time": 1.752,
              "Actual Rows": 4904,
              "Actual Loops": 1,
              "Index Cond": "(keyword_id = 24382)"
            }
          ]
        }
      ]
    },
    "Planning Time": 0.117,
    "Triggers": [],
    "Execution Time": 13.247
  }
]