[
  {
    "Plan": {
      "Node Type": "Aggregate",
      "Strategy": "Plain",
      "Partial Mode": "Finalize",
      "Parallel Aware": false,
      "Startup Cost": 33295.61,
      "Total Cost": 33295.62,
      "Plan Rows": 1,
      "Plan Width": 8,
      "Actual Startup Time": 26.593,
      "Actual Total Time": 32.588,
      "Actual Rows": 1,
      "Actual Loops": 1,
      "Plans": [
        {
          "Node Type": "Gather",
          "Parent Relationship": "Outer",
          "Parallel Aware": false,
          "Startup Cost": 33295.4,
          "Total Cost": 33295.61,
          "Plan Rows": 2,
          "Plan Width": 8,
          "Actual Startup Time": 26.451,
          "Actual Total Time": 32.583,
          "Actual Rows": 3,
          "Actual Loops": 1,
          "Workers Planned": 2,
          "Workers Launched": 2,
          "Single Copy": false,
          "Plans": [
            {
              "Node Type": "Aggregate",
              "Strategy": "Plain",
              "Partial Mode": "Partial",
              "Parent Relationship": "Outer",
              "Parallel Aware": false,
              "Startup Cost": 32295.4,
              "Total Cost": 32295.41,
              "Plan Rows": 1,
              "Plan Width": 8,
              "Actual Startup Time": 22.537,
              "Actual Total Time": 22.54,
              "Actual Rows": 1,
              "Actual Loops": 3,
              "Plans": [
                {
                  "Node Type": "Nested Loop",
                  "Parent Relationship": "Outer",
                  "Parallel Aware": false,
                  "Join Type": "Inner",
                  "Startup Cost": 211.54,
                  "Total Cost": 32294.73,
                  "Plan Rows": 265,
                  "Plan Width": 0,
                  "Actual Startup Time": 9.765,
                  "Actual Total Time": 22.529,
                  "Actual Rows": 44,
                  "Actual Loops": 3,
                  "Inner Unique": false,
                  "Plans": [
                    {
                      "Node Type": "Nested Loop",
                      "Parent Relationship": "Outer",
                      "Parallel Aware": false,
                      "Join Type": "Inner",
                      "Startup Cost": 211.11,
                      "Total Cost": 30945.39,
                      "Plan Rows": 518,
                      "Plan Width": 8,
                      "Actual Startup Time": 9.672,
                      "Actual Total Time": 19.435,
                      "Actual Rows": 35,
                      "Actual Loops": 3,
                      "Inner Unique": true,
                      "Plans": [
                        {
                          "Node Type": "Bitmap Heap Scan",
                          "Parent Relationship": "Outer",
                          "Parallel Aware": true,
                          "Relation Name": "movie_companies",
                          "Alias": "mc",
                          "Startup Cost": 210.68,
                          "Total Cost": 16324.26,
                          "Plan Rows": 1985,
                          "Plan Width": 4,
                          "Actual Startup Time": 0.751,
                          "Actual Total Time": 6.196,
                          "Actual Rows": 1450,
                          "Actual Loops": 3,
                          "Recheck Cond": "(company_id = 225)",
                          "Rows Removed by Index Recheck": 0,
                          "Filter": "(company_type_id = 1)",
                          "Rows Removed by Filter": 1558,
                          "Exact Heap Blocks": 2220,
                          "Lossy Heap Blocks": 0,
                          "Plans": [
                            {
                              "Node Type": "Bitmap Index Scan",
                              "Parent Relationship": "Outer",
                              "Parallel Aware": false,
                              "Index Name": "company_id_movie_companies",
                              "Startup Cost": 0.0,
                              "Total Cost": 209.49,
                              "Plan Rows": 9741,
                              "Plan Width": 0,
                              "Actual Startup Time": 1.494,
                              "Actual Total Time": 1.494,
                              "Actual Rows": 9025,
                              "Actual Loops": 1,
                              "Index Cond": "(company_id = 225)"
                            }
                          ]
                        },
                        {
                          "Node Type": "Index Scan",
                          "Parent Relationship": "Inner",
                          "Parallel Aware": false,
                          "Scan Direction": "Forward",
                          "Index Name": "title_pkey",
                          "Relation Name": "title",
                          "Alias": "t",
                          "Startup Cost": 0.43,
                          "Total Cost": 7.37,
                          "Plan Rows": 1,
                          "Plan Width": 4,
                          "Actual Startup Time": 0.009,
                          "Actual Total Time": 0.009,
                          "Actual Rows": 0,
                          "Actual Loops": 4350,
                          "Index Cond": "(id = mc.movie_id)",
                          "Rows Removed by Index Recheck": 0,
                          "Filter": "(kind_id = 1)",
                          "Rows Removed by Filter": 1
                        }
                      ]
                    },
                    {
                      "Node Type": "Index Scan",
                      "Parent Relationship": "Inner",
                      "Parallel Aware": false,
                      "Scan Direction": "Forward",
                      "Index Name": "movie_id_movie_info",
                      "Relation Name": "movie_info",
                      "Alias": "mi",
                      "Startup Cost": 0.43,
                      "Total Cost": 2.56,
                      "Plan Rows": 4,
                      "Plan Width": 4,
                      "Actual Startup Time": 0.023,
                      "Actual Total Time": 0.087,
                      "Actual Rows": 1,
                      "Actual Loops": 106,
                      "Index Cond": "(movie_id = t.id)",
                      "Rows Removed by Index Recheck": 0,
                      "Filter": "(info_type_id = 4)",
                      "Rows Removed by Filter": 50
                    }
                  ]
                }
              ]
            }
          ]
        }
      ]
    },
    "Planning Time": 1.197,
    "Triggers": [],
    "Execution Time": 32.644
  }
]