[
  {
    "Plan": {
      "Node Type": "Aggregate",
      "Strategy": "Plain",
      "Partial Mode": "Finalize",
      "Parallel Aware": false,
      "Startup Cost": 246138.48,
      "Total Cost": 246138.49,
      "Plan Rows": 1,
      "Plan Width": 8,
      "Actual Startup Time": 299.875,
      "Actual Total Time": 321.152,
      "Actual Rows": 1,
      "Actual Loops": 1,
      "Plans": [
        {
          "Node Type": "Gather",
          "Parent Relationship": "Outer",
          "Parallel Aware": false,
          "Startup Cost": 246137.85,
          "Total Cost": 246138.46,
          "Plan Rows": 6,
          "Plan Width": 8,
          "Actual Startup Time": 298.312,
          "Actual Total Time": 321.139,
          "Actual Rows": 7,
          "Actual Loops": 1,
          "Workers Planned": 6,
          "Workers Launched": 6,
          "Single Copy": false,
          "Plans": [
            {
              "Node Type": "Aggregate",
              "Strategy": "Plain",
              "Partial Mode": "Partial",
              "Parent Relationship": "Outer",
              "Parallel Aware": false,
              "Startup Cost": 245137.85,
              "Total Cost": 245137.86,
              "Plan Rows": 1,
              "Plan Width": 8,
              "Actual Startup Time": 287.631,
              "Actual Total Time": 287.67,
              "Actual Rows": 1,
              "Actual Loops": 7,
              "Plans": [
                {
                  "Node Type": "Hash Join",
                  "Parent Relationship": "Outer",
                  "Parallel Aware": true,
                  "Join Type": "Inner",
                  "Startup Cost": 45823.98,
                  "Total Cost": 245080.6,
                  "Plan Rows": 22901,
                  "Plan Width": 0,
                  "Actual Startup Time": 201.362,
                  "Actual Total Time": 287.661,
                  "Actual Rows": 6,
                  "Actual Loops": 7,
                  "Inner Unique": true,
                  "Hash Cond": "(ci.movie_id = t.id)",
                  "Plans": [
                    {
                      "Node Type": "Index Scan",
                      "Parent Relationship": "Outer",
                      "Parallel Aware": true,
                      "Scan Direction": "Forward",
                      "Index Name": "role_id_cast_info",
                      "Relation Name": "cast_info",
                      "Alias": "ci",
                      "Startup Cost": 0.56,
                      "Total Cost": 197877.72,
                      "Plan Rows": 525510,
                      "Plan Width": 4,
                      "Actual Startup Time": 5.398,
                      "Actual Total Time": 196.191,
                      "Actual Rows": 389,
                      "Actual Loops": 7,
                      "Index Cond": "(role_id = 2)",
                      "Rows Removed by Index Recheck": 0,
                      "Filter": "(person_id < 1525471)",
                      "Rows Removed by Filter": 1064178
                    },
                    {
                      "Node Type": "Hash",
                      "Parent Relationship": "Inner",
                      "Parallel Aware": true,
                      "Startup Cost": 45479.1,
                      "Total Cost": 45479.1,
                      "Plan Rows": 27545,
                      "Plan Width": 4,
                      "Actual Startup Time": 89.412,
                      "Actual Total Time": 89.414,
                      "Actual Rows": 34206,
                      "Actual Loops": 7,
                      "Hash Buckets": 262144,
                      "Original Hash Buckets": 131072,
                      "Hash Batches": 1,
                      "Original Hash Batches": 1,
                      "Peak Memory Usage": 12544,
                      "Plans": [
                        {
                          "Node Type": "Seq Scan",
                          "Parent Relationship": "Outer",
                          "Parallel Aware": true,
                          "Relation Name": "title",
                          "Alias": "t",
                          "Startup Cost": 0.0,
                          "Total Cost": 45479.1,
                          "Plan Rows": 27545,
                          "Plan Width": 4,
                          "Actual Startup Time": 0.199,
                          "Actual Total Time": 73.447,
                          "Actual Rows": 34206,
                          "Actual Loops": 7,
                          "Filter": "((kind_id < 3) AND (production_year < 1971))",
                          "Rows Removed by Filter": 326981
                        }
                      ]
                    }
                  ]
                }
              ]
            }
          ]
        }
      ]
    },
    "Planning Time": 0.682,
    "Triggers": [],
    "Execution Time": 321.23
  }
]