[
  {
    "Plan": {
      "Node Type": "Aggregate",
      "Strategy": "Plain",
      "Partial Mode": "Finalize",
      "Parallel Aware": false,
      "Startup Cost": 53168.56,
      "Total Cost": 53168.57,
      "Plan Rows": 1,
      "Plan Width": 8,
      "Actual Startup Time": 60.49,
      "Actual Total Time": 67.547,
      "Actual Rows": 1,
      "Actual Loops": 1,
      "Plans": [
        {
          "Node Type": "Gather",
          "Parent Relationship": "Outer",
          "Parallel Aware": false,
          "Startup Cost": 53168.24,
          "Total Cost": 53168.55,
          "Plan Rows": 3,
          "Plan Width": 8,
          "Actual Startup Time": 60.046,
          "Actual Total Time": 67.539,
          "Actual Rows": 4,
          "Actual Loops": 1,
          "Workers Planned": 3,
          "Workers Launched": 3,
          "Single Copy": false,
          "Plans": [
            {
              "Node Type": "Aggregate",
              "Strategy": "Plain",
              "Partial Mode": "Partial",
              "Parent Relationship": "Outer",
              "Parallel Aware": false,
              "Startup Cost": 52168.24,
              "Total Cost": 52168.25,
              "Plan Rows": 1,
              "Plan Width": 8,
              "Actual Startup Time": 50.832,
              "Actual Total Time": 50.834,
              "Actual Rows": 1,
              "Actual Loops": 4,
              "Plans": [
                {
                  "Node Type": "Nested Loop",
                  "Parent Relationship": "Outer",
                  "Parallel Aware": false,
                  "Join Type": "Inner",
                  "Startup Cost": 675.31,
                  "Total Cost": 52167.97,
                  "Plan Rows": 108,
                  "Plan Width": 0,
                  "Actual Startup Time": 3.091,
                  "Actual Total Time": 50.731,
                  "Actual Rows": 1034,
                  "Actual Loops": 4,
                  "Inner Unique": false,
                  "Plans": [
                    {
                      "Node Type": "Nested Loop",
                      "Parent Relationship": "Outer",
                      "Parallel Aware": false,
                      "Join Type": "Inner",
                      "Startup Cost": 674.88,
                      "Total Cost": 50375.31,
                      "Plan Rows": 125,
                      "Plan Width": 8,
                      "Actual Startup Time": 2.403,
                      "Actual Total Time": 39.729,
                      "Actual Rows": 169,
                      "Actual Loops": 4,
                      "Inner Unique": true,
                      "Plans": [
                        {
                          "Node Type": "Bitmap Heap Scan",
                          "Parent Relationship": "Outer",
                          "Parallel Aware": true,
                          "Relation Name": "movie_companies",
                          "Alias": "mc",
                          "Startup Cost": 674.45,
                          "Total Cost": 20301.55,
                          "Plan Rows": 5144,
                          "Plan Width": 4,
                          "Actual Startup Time": 0.747,
                          "Actual Total Time": 4.924,
                          "Actual Rows": 7635,
                          "Actual Loops": 4,
                          "Recheck Cond": "(company_id > 207272)",
                          "Rows Removed by Index Recheck": 0,
                          "Filter": "(company_type_id > 1)",
                          "Rows Removed by Filter": 0,
                          "Exact Heap Blocks": 696,
                          "Lossy Heap Blocks": 0,
                          "Plans": [
                            {
                              "Node Type": "Bitmap Index Scan",
                              "Parent Relationship": "Outer",
                              "Parallel Aware": false,
                              "Index Name": "company_id_movie_companies",
                              "Startup Cost": 0.0,
                              "Total Cost": 670.46,
                              "Plan Rows": 31204,
                              "Plan Width": 0,
                              "Actual Startup Time": 2.334,
                              "Actual Total Time": 2.334,
                              "Actual Rows": 30540,
                              "Actual Loops": 1,
                              "Index Cond": "(company_id > 207272)"
                            }
                          ]
                        },
                        {
                          "Node Type": "Index Scan",
                          "Parent Relationship": "Inner",
                          "Parallel Aware": false,
                          "Scan Direction": "Forward",
                          "Index Name": "title_pkey",
                          "Relation Name": "title",
                          "Alias": "t",
                          "Startup Cost": 0.43,
                          "Total Cost": 5.85,
                          "Plan Rows": 1,
                          "Plan Width": 4,
                          "Actual Startup Time": 0.004,
                          "Actual Total Time": 0.004,
                          "Actual Rows": 0,
                          "Actual Loops": 30540,
                          "Index Cond": "(id = mc.movie_id)",
                          "Rows Removed by Index Recheck": 0,
                          "Filter": "(production_year = 2001)",
                          "Rows Removed by Filter": 1
                        }
                      ]
                    },
                    {
                      "Node Type": "Index Scan",
                      "Parent Relationship": "Inner",
                      "Parallel Aware": false,
                      "Scan Direction": "Forward",
                      "Index Name": "movie_id_movie_info",
                      "Relation Name": "movie_info",
                      "Alias": "mi",
                      "Startup Cost": 0.43,
                      "Total Cost": 14.28,
                      "Plan Rows": 6,
                      "Plan Width": 4,
                      "Actual Startup Time": 0.031,
                      "Actual Total Time": 0.064,
                      "Actual Rows": 6,
                      "Actual Loops": 676,
                      "Index Cond": "(movie_id = t.id)",
                      "Rows Removed by Index Recheck": 0,
                      "Filter": "(info_type_id > 16)",
                      "Rows Removed by Filter": 17
                    }
                  ]
                }
              ]
            }
          ]
        }
      ]
    },
    "Planning Time": 0.803,
    "Triggers": [],
    "Execution Time": 67.607
  }
]