[
  {
    "Plan": {
      "Node Type": "Aggregate",
      "Strategy": "Plain",
      "Partial Mode": "Finalize",
      "Parallel Aware": false,
      "Startup Cost": 45130.09,
      "Total Cost": 45130.1,
      "Plan Rows": 1,
      "Plan Width": 8,
      "Actual Startup Time": 143.287,
      "Actual Total Time": 152.791,
      "Actual Rows": 1,
      "Actual Loops": 1,
      "Plans": [
        {
          "Node Type": "Gather",
          "Parent Relationship": "Outer",
          "Parallel Aware": false,
          "Startup Cost": 45129.77,
          "Total Cost": 45130.08,
          "Plan Rows": 3,
          "Plan Width": 8,
          "Actual Startup Time": 143.182,
          "Actual Total Time": 152.783,
          "Actual Rows": 4,
          "Actual Loops": 1,
          "Workers Planned": 3,
          "Workers Launched": 3,
          "Single Copy": false,
          "Plans": [
            {
              "Node Type": "Aggregate",
              "Strategy": "Plain",
              "Partial Mode": "Partial",
              "Parent Relationship": "Outer",
              "Parallel Aware": false,
              "Startup Cost": 44129.77,
              "Total Cost": 44129.78,
              "Plan Rows": 1,
              "Plan Width": 8,
              "Actual Startup Time": 134.688,
              "Actual Total Time": 134.689,
              "Actual Rows": 1,
              "Actual Loops": 4,
              "Plans": [
                {
                  "Node Type": "Seq Scan",
                  "Parent Relationship": "Outer",
                  "Parallel Aware": true,
                  "Relation Name": "movie_keyword",
                  "Alias": "mk",
                  "Startup Cost": 0.0,
                  "Total Cost": 42695.65,
                  "Plan Rows": 573648,
                  "Plan Width": 0,
                  "Actual Startup Time": 0.06,
                  "Actual Total Time": 113.18,
                  "Actual Rows": 448117,
                  "Actual Loops": 4,
                  "Filter": "(keyword_id < 2895)",
                  "Rows Removed by Filter": 682866
                }
              ]
            }
          ]
        }
      ]
    },
    "Planning Time": 0.203,
    "Triggers": [],
    "Execution Time": 152.845
  }
]