[
  {
    "Plan": {
      "Node Type": "Aggregate",
      "Strategy": "Plain",
      "Partial Mode": "Finalize",
      "Parallel Aware": false,
      "Startup Cost": 351565.49,
      "Total Cost": 351565.5,
      "Plan Rows": 1,
      "Plan Width": 8,
      "Actual Startup Time": 799.488,
      "Actual Total Time": 840.999,
      "Actual Rows": 1,
      "Actual Loops": 1,
      "Plans": [
        {
          "Node Type": "Gather",
          "Parent Relationship": "Outer",
          "Parallel Aware": false,
          "Startup Cost": 351564.86,
          "Total Cost": 351565.47,
          "Plan Rows": 6,
          "Plan Width": 8,
          "Actual Startup Time": 799.305,
          "Actual Total Time": 840.988,
          "Actual Rows": 7,
          "Actual Loops": 1,
          "Workers Planned": 6,
          "Workers Launched": 6,
          "Single Copy": false,
          "Plans": [
            {
              "Node Type": "Aggregate",
              "Strategy": "Plain",
              "Partial Mode": "Partial",
              "Parent Relationship": "Outer",
              "Parallel Aware": false,
              "Startup Cost": 350564.86,
              "Total Cost": 350564.87,
              "Plan Rows": 1,
              "Plan Width": 8,
              "Actual Startup Time": 792.879,
              "Actual Total Time": 792.88,
              "Actual Rows": 1,
              "Actual Loops": 7,
              "Plans": [
                {
                  "Node Type": "Seq Scan",
                  "Parent Relationship": "Outer",
                  "Parallel Aware": true,
                  "Relation Name": "cast_info",
                  "Alias": "ci",
                  "Startup Cost": 0.0,
                  "Total Cost": 343316.27,
                  "Plan Rows": 2899437,
                  "Plan Width": 0,
                  "Actual Startup Time": 207.971,
                  "Actual Total Time": 658.523,
                  "Actual Rows": 2983738,
                  "Actual Loops": 7,
                  "Filter": "((person_id > 939132) AND (role_id > 1))",
                  "Rows Removed by Filter": 2194025
                }
              ]
            }
          ]
        }
      ]
    },
    "Planning Time": 0.101,
    "Triggers": [],
    "Execution Time": 841.039
  }
]