[
  {
    "Plan": {
      "Node Type": "Aggregate",
      "Strategy": "Plain",
      "Partial Mode": "Finalize",
      "Parallel Aware": false,
      "Startup Cost": 46736.91,
      "Total Cost": 46736.92,
      "Plan Rows": 1,
      "Plan Width": 8,
      "Actual Startup Time": 168.902,
      "Actual Total Time": 178.514,
      "Actual Rows": 1,
      "Actual Loops": 1,
      "Plans": [
        {
          "Node Type": "Gather",
          "Parent Relationship": "Outer",
          "Parallel Aware": false,
          "Startup Cost": 46736.59,
          "Total Cost": 46736.9,
          "Plan Rows": 3,
          "Plan Width": 8,
          "Actual Startup Time": 168.784,
          "Actual Total Time": 178.504,
          "Actual Rows": 4,
          "Actual Loops": 1,
          "Workers Planned": 3,
          "Workers Launched": 3,
          "Single Copy": false,
          "Plans": [
            {
              "Node Type": "Aggregate",
              "Strategy": "Plain",
              "Partial Mode": "Partial",
              "Parent Relationship": "Outer",
              "Parallel Aware": false,
              "Startup Cost": 45736.59,
              "Total Cost": 45736.6,
              "Plan Rows": 1,
              "Plan Width": 8,
              "Actual Startup Time": 163.601,
              "Actual Total Time": 163.602,
              "Actual Rows": 1,
              "Actual Loops": 4,
              "Plans": [
                {
                  "Node Type": "Seq Scan",
                  "Parent Relationship": "Outer",
                  "Parallel Aware": true,
                  "Relation Name": "movie_keyword",
                  "Alias": "mk",
                  "Startup Cost": 0.0,
                  "Total Cost": 42695.65,
                  "Plan Rows": 1216374,
                  "Plan Width": 0,
                  "Actual Startup Time": 0.091,
                  "Actual Total Time": 121.747,
                  "Actual Rows": 940643,
                  "Actual Loops": 4,
                  "Filter": "(keyword_id > 712)",
                  "Rows Removed by Filter": 190340
                }
              ]
            }
          ]
        }
      ]
    },
    "Planning Time": 0.157,
    "Triggers": [],
    "Execution Time": 178.563
  }
]