{
  "Plan": {
    "Node Type": "Aggregate",
    "Strategy": "Plain",
    "Partial Mode": "Finalize",
    "Parallel Aware": false,
    "Startup Cost": 119528.65,
    "Total Cost": 119528.66,
    "Plan Rows": 1,
    "Plan Width": 8,
    "Actual Startup Time": 366.317,
    "Actual Total Time": 383.492,
    "Actual Rows": 1,
    "Actual Loops": 1,
    "Plans": [
      {
        "Node Type": "Gather",
        "Parent Relationship": "Outer",
        "Parallel Aware": false,
        "Startup Cost": 119528.54,
        "Total Cost": 119528.65,
        "Plan Rows": 1,
        "Plan Width": 8,
        "Actual Startup Time": 366.013,
        "Actual Total Time": 383.484,
        "Actual Rows": 2,
        "Actual Loops": 1,
        "Workers Planned": 1,
        "Workers Launched": 1,
        "Single Copy": false,
        "Plans": [
          {
            "Node Type": "Aggregate",
            "Strategy": "Plain",
            "Partial Mode": "Partial",
            "Parent Relationship": "Outer",
            "Parallel Aware": false,
            "Startup Cost": 118528.54,
            "Total Cost": 118528.55,
            "Plan Rows": 1,
            "Plan Width": 8,
            "Actual Startup Time": 360.263,
            "Actual Total Time": 360.266,
            "Actual Rows": 1,
            "Actual Loops": 2,
            "Plans": [
              {
                "Node Type": "Hash Join",
                "Parent Relationship": "Outer",
                "Parallel Aware": true,
                "Join Type": "Inner",
                "Startup Cost": 58886.54,
                "Total Cost": 118473.02,
                "Plan Rows": 22208,
                "Plan Width": 0,
                "Actual Startup Time": 153.1,
                "Actual Total Time": 360.013,
                "Actual Rows": 5513,
                "Actual Loops": 2,
                "Inner Unique": true,
                "Hash Cond": "(mk.movie_id = t.id)",
                "Plans": [
                  {
                    "Node Type": "Seq Scan",
                    "Parent Relationship": "Outer",
                    "Parallel Aware": true,
                    "Relation Name": "movie_keyword",
                    "Alias": "mk",
                    "Startup Cost": 0.0,
                    "Total Cost": 57718.19,
                    "Plan Rows": 711727,
                    "Plan Width": 4,
                    "Actual Startup Time": 0.015,
                    "Actual Total Time": 155.849,
                    "Actual Rows": 610732,
                    "Actual Loops": 2,
                    "Filter": "(keyword_id < 1537)",
                    "Rows Removed by Filter": 1651234
                  },
                  {
                    "Node Type": "Hash",
                    "Parent Relationship": "Inner",
                    "Parallel Aware": true,
                    "Startup Cost": 58306.47,
                    "Total Cost": 58306.47,
                    "Plan Rows": 46406,
                    "Plan Width": 4,
                    "Actual Startup Time": 150.249,
                    "Actual Total Time": 150.25,
                    "Actual Rows": 42556,
                    "Actual Loops": 2,
                    "Hash Buckets": 131072,
                    "Original Hash Buckets": 131072,
                    "Hash Batches": 1,
                    "Original Hash Batches": 1,
                    "Peak Memory Usage": 4384,
                    "Plans": [
                      {
                        "Node Type": "Seq Scan",
                        "Parent Relationship": "Outer",
                        "Parallel Aware": true,
                        "Relation Name": "title",
                        "Alias": "t",
                        "Startup Cost": 0.0,
                        "Total Cost": 58306.47,
                        "Plan Rows": 46406,
                        "Plan Width": 4,
                        "Actual Startup Time": 0.034,
                        "Actual Total Time": 138.328,
                        "Actual Rows": 42556,
                        "Actual Loops": 2,
                        "Filter": "((kind_id > 4) AND (production_year = 2009))",
                        "Rows Removed by Filter": 1221600
                      }
                    ]
                  }
                ]
              }
            ]
          }
        ]
      }
    ]
  },
  "Planning Time": 0.464,
  "Triggers": [],
  "Execution Time": 383.561
}