{
  "Plan": {
    "Node Type": "Aggregate",
    "Strategy": "Plain",
    "Partial Mode": "Finalize",
    "Parallel Aware": false,
    "Startup Cost": 134706.51,
    "Total Cost": 134706.52,
    "Plan Rows": 1,
    "Plan Width": 8,
    "Actual Startup Time": 979.861,
    "Actual Total Time": 1000.024,
    "Actual Rows": 1,
    "Actual Loops": 1,
    "Plans": [
      {
        "Node Type": "Gather",
        "Parent Relationship": "Outer",
        "Parallel Aware": false,
        "Startup Cost": 134706.4,
        "Total Cost": 134706.51,
        "Plan Rows": 1,
        "Plan Width": 8,
        "Actual Startup Time": 975.312,
        "Actual Total Time": 1000.017,
        "Actual Rows": 2,
        "Actual Loops": 1,
        "Workers Planned": 1,
        "Workers Launched": 1,
        "Single Copy": false,
        "Plans": [
          {
            "Node Type": "Aggregate",
            "Strategy": "Plain",
            "Partial Mode": "Partial",
            "Parent Relationship": "Outer",
            "Parallel Aware": false,
            "Startup Cost": 133706.4,
            "Total Cost": 133706.41,
            "Plan Rows": 1,
            "Plan Width": 8,
            "Actual Startup Time": 962.377,
            "Actual Total Time": 962.381,
            "Actual Rows": 1,
            "Actual Loops": 2,
            "Plans": [
              {
                "Node Type": "Hash Join",
                "Parent Relationship": "Outer",
                "Parallel Aware": true,
                "Join Type": "Inner",
                "Startup Cost": 69460.7,
                "Total Cost": 130522.25,
                "Plan Rows": 1273658,
                "Plan Width": 0,
                "Actual Startup Time": 543.94,
                "Actual Total Time": 920.613,
                "Actual Rows": 1084516,
                "Actual Loops": 2,
                "Inner Unique": true,
                "Hash Cond": "(mk.movie_id = t.id)",
                "Plans": [
                  {
                    "Node Type": "Seq Scan",
                    "Parent Relationship": "Outer",
                    "Parallel Aware": true,
                    "Relation Name": "movie_keyword",
                    "Alias": "mk",
                    "Startup Cost": 0.0,
                    "Total Cost": 57718.19,
                    "Plan Rows": 1273658,
                    "Plan Width": 4,
                    "Actual Startup Time": 0.02,
                    "Actual Total Time": 182.111,
                    "Actual Rows": 1084516,
                    "Actual Loops": 2,
                    "Filter": "(keyword_id < 4196)",
                    "Rows Removed by Filter": 1177449
                  },
                  {
                    "Node Type": "Hash",
                    "Parent Relationship": "Inner",
                    "Parallel Aware": true,
                    "Startup Cost": 50870.31,
                    "Total Cost": 50870.31,
                    "Plan Rows": 1487231,
                    "Plan Width": 4,
                    "Actual Startup Time": 521.791,
                    "Actual Total Time": 521.792,
                    "Actual Rows": 1264156,
                    "Actual Loops": 2,
                    "Hash Buckets": 4194304,
                    "Original Hash Buckets": 4194304,
                    "Hash Batches": 1,
                    "Original Hash Batches": 1,
                    "Peak Memory Usage": 131712,
                    "Plans": [
                      {
                        "Node Type": "Seq Scan",
                        "Parent Relationship": "Outer",
                        "Parallel Aware": true,
                        "Relation Name": "title",
                        "Alias": "t",
                        "Startup Cost": 0.0,
                        "Total Cost": 50870.31,
                        "Plan Rows": 1487231,
                        "Plan Width": 4,
                        "Actual Startup Time": 0.024,
                        "Actual Total Time": 155.237,
                        "Actual Rows": 1264156,
                        "Actual Loops": 2
                      }
                    ]
                  }
                ]
              }
            ]
          }
        ]
      }
    ]
  },
  "Planning Time": 0.655,
  "Triggers": [],
  "Execution Time": 1000.093
}