[
  {
    "Plan": {
      "Node Type": "Aggregate",
      "Strategy": "Plain",
      "Partial Mode": "Finalize",
      "Parallel Aware": false,
      "Startup Cost": 32980.28,
      "Total Cost": 32980.29,
      "Plan Rows": 1,
      "Plan Width": 8,
      "Actual Startup Time": 92.493,
      "Actual Total Time": 98.584,
      "Actual Rows": 1,
      "Actual Loops": 1,
      "Plans": [
        {
          "Node Type": "Gather",
          "Parent Relationship": "Outer",
          "Parallel Aware": false,
          "Startup Cost": 32979.96,
          "Total Cost": 32980.27,
          "Plan Rows": 3,
          "Plan Width": 8,
          "Actual Startup Time": 92.379,
          "Actual Total Time": 98.574,
          "Actual Rows": 4,
          "Actual Loops": 1,
          "Workers Planned": 3,
          "Workers Launched": 3,
          "Single Copy": false,
          "Plans": [
            {
              "Node Type": "Aggregate",
              "Strategy": "Plain",
              "Partial Mode": "Partial",
              "Parent Relationship": "Outer",
              "Parallel Aware": false,
              "Startup Cost": 31979.96,
              "Total Cost": 31979.97,
              "Plan Rows": 1,
              "Plan Width": 8,
              "Actual Startup Time": 86.388,
              "Actual Total Time": 86.389,
              "Actual Rows": 1,
              "Actual Loops": 4,
              "Plans": [
                {
                  "Node Type": "Seq Scan",
                  "Parent Relationship": "Outer",
                  "Parallel Aware": true,
                  "Relation Name": "movie_companies",
                  "Alias": "mc",
                  "Startup Cost": 0.0,
                  "Total Cost": 31414.82,
                  "Plan Rows": 226057,
                  "Plan Width": 0,
                  "Actual Startup Time": 21.117,
                  "Actual Total Time": 80.188,
                  "Actual Rows": 120519,
                  "Actual Loops": 4,
                  "Filter": "((company_id > 10344) AND (company_type_id < 2))",
                  "Rows Removed by Filter": 531764
                }
              ]
            }
          ]
        }
      ]
    },
    "Planning Time": 0.22,
    "Triggers": [],
    "Execution Time": 98.643
  }
]