[
  {
    "Plan": {
      "Node Type": "Aggregate",
      "Strategy": "Plain",
      "Partial Mode": "Finalize",
      "Parallel Aware": false,
      "Startup Cost": 33231.05,
      "Total Cost": 33231.06,
      "Plan Rows": 1,
      "Plan Width": 8,
      "Actual Startup Time": 98.728,
      "Actual Total Time": 105.095,
      "Actual Rows": 1,
      "Actual Loops": 1,
      "Plans": [
        {
          "Node Type": "Gather",
          "Parent Relationship": "Outer",
          "Parallel Aware": false,
          "Startup Cost": 33230.73,
          "Total Cost": 33231.04,
          "Plan Rows": 3,
          "Plan Width": 8,
          "Actual Startup Time": 98.621,
          "Actual Total Time": 105.085,
          "Actual Rows": 4,
          "Actual Loops": 1,
          "Workers Planned": 3,
          "Workers Launched": 3,
          "Single Copy": false,
          "Plans": [
            {
              "Node Type": "Aggregate",
              "Strategy": "Plain",
              "Partial Mode": "Partial",
              "Parent Relationship": "Outer",
              "Parallel Aware": false,
              "Startup Cost": 32230.73,
              "Total Cost": 32230.74,
              "Plan Rows": 1,
              "Plan Width": 8,
              "Actual Startup Time": 93.312,
              "Actual Total Time": 93.313,
              "Actual Rows": 1,
              "Actual Loops": 4,
              "Plans": [
                {
                  "Node Type": "Seq Scan",
                  "Parent Relationship": "Outer",
                  "Parallel Aware": true,
                  "Relation Name": "movie_companies",
                  "Alias": "mc",
                  "Startup Cost": 0.0,
                  "Total Cost": 31414.82,
                  "Plan Rows": 326365,
                  "Plan Width": 0,
                  "Actual Startup Time": 41.183,
                  "Actual Total Time": 80.07,
                  "Actual Rows": 290340,
                  "Actual Loops": 4,
                  "Filter": "((company_id > 784) AND (company_type_id = 2))",
                  "Rows Removed by Filter": 361942
                }
              ]
            }
          ]
        }
      ]
    },
    "Planning Time": 0.236,
    "Triggers": [],
    "Execution Time": 105.153
  }
]