{
  "Plan": {
    "Node Type": "Aggregate",
    "Strategy": "Plain",
    "Partial Mode": "Finalize",
    "Parallel Aware": false,
    "Startup Cost": 1281942.62,
    "Total Cost": 1281942.63,
    "Plan Rows": 1,
    "Plan Width": 8,
    "Actual Startup Time": 11432.506,
    "Actual Total Time": 11534.927,
    "Actual Rows": 1,
    "Actual Loops": 1,
    "Plans": [
      {
        "Node Type": "Gather",
        "Parent Relationship": "Outer",
        "Parallel Aware": false,
        "Startup Cost": 1281942.5,
        "Total Cost": 1281942.61,
        "Plan Rows": 1,
        "Plan Width": 8,
        "Actual Startup Time": 11413.19,
        "Actual Total Time": 11534.917,
        "Actual Rows": 2,
        "Actual Loops": 1,
        "Workers Planned": 1,
        "Workers Launched": 1,
        "Single Copy": false,
        "Plans": [
          {
            "Node Type": "Aggregate",
            "Strategy": "Plain",
            "Partial Mode": "Partial",
            "Parent Relationship": "Outer",
            "Parallel Aware": false,
            "Startup Cost": 1280942.5,
            "Total Cost": 1280942.51,
            "Plan Rows": 1,
            "Plan Width": 8,
            "Actual Startup Time": 11383.761,
            "Actual Total Time": 11383.767,
            "Actual Rows": 1,
            "Actual Loops": 2,
            "Plans": [
              {
                "Node Type": "Hash Join",
                "Parent Relationship": "Outer",
                "Parallel Aware": true,
                "Join Type": "Inner",
                "Startup Cost": 454374.41,
                "Total Cost": 1222334.36,
                "Plan Rows": 23443257,
                "Plan Width": 0,
                "Actual Startup Time": 6398.591,
                "Actual Total Time": 10664.792,
                "Actual Rows": 18413006,
                "Actual Loops": 2,
                "Inner Unique": false,
                "Hash Cond": "(ci.movie_id = t.id)",
                "Plans": [
                  {
                    "Node Type": "Seq Scan",
                    "Parent Relationship": "Outer",
                    "Parallel Aware": true,
                    "Relation Name": "cast_info",
                    "Alias": "ci",
                    "Startup Cost": 0.0,
                    "Total Cost": 572345.93,
                    "Plan Rows": 4617002,
                    "Plan Width": 4,
                    "Actual Startup Time": 619.013,
                    "Actual Total Time": 1655.213,
                    "Actual Rows": 1661876,
                    "Actual Loops": 2,
                    "Filter": "((person_id < 1176521) AND (role_id > 1))",
                    "Rows Removed by Filter": 16460296
                  },
                  {
                    "Node Type": "Hash",
                    "Parent Relationship": "Inner",
                    "Parallel Aware": true,
                    "Startup Cost": 359979.98,
                    "Total Cost": 359979.98,
                    "Plan Rows": 7551554,
                    "Plan Width": 8,
                    "Actual Startup Time": 5724.769,
                    "Actual Total Time": 5724.773,
                    "Actual Rows": 6485044,
                    "Actual Loops": 2,
                    "Hash Buckets": 16777216,
                    "Original Hash Buckets": 16777216,
                    "Hash Batches": 1,
                    "Original Hash Batches": 1,
                    "Peak Memory Usage": 638496,
                    "Plans": [
                      {
                        "Node Type": "Hash Join",
                        "Parent Relationship": "Outer",
                        "Parallel Aware": true,
                        "Join Type": "Inner",
                        "Startup Cost": 69460.7,
                        "Total Cost": 359979.98,
                        "Plan Rows": 7551554,
                        "Plan Width": 8,
                        "Actual Startup Time": 550.447,
                        "Actual Total Time": 3759.81,
                        "Actual Rows": 6485044,
                        "Actual Loops": 2,
                        "Inner Unique": true,
                        "Hash Cond": "(mi.movie_id = t.id)",
                        "Plans": [
                          {
                            "Node Type": "Seq Scan",
                            "Parent Relationship": "Outer",
                            "Parallel Aware": true,
                            "Relation Name": "movie_info",
                            "Alias": "mi",
                            "Startup Cost": 0.0,
                            "Total Cost": 270696.42,
                            "Plan Rows": 7551554,
                            "Plan Width": 4,
                            "Actual Startup Time": 0.022,
                            "Actual Total Time": 938.598,
                            "Actual Rows": 6485044,
                            "Actual Loops": 2,
                            "Filter": "(info_type_id < 18)",
                            "Rows Removed by Filter": 932816
                          },
                          {
                            "Node Type": "Hash",
                            "Parent Relationship": "Inner",
                            "Parallel Aware": true,
                            "Startup Cost": 50870.31,
                            "Total Cost": 50870.31,
                            "Plan Rows": 1487231,
                            "Plan Width": 4,
                            "Actual Startup Time": 539.374,
                            "Actual Total Time": 539.375,
                            "Actual Rows": 1264156,
                            "Actual Loops": 2,
                            "Hash Buckets": 4194304,
                            "Original Hash Buckets": 4194304,
                            "Hash Batches": 1,
                            "Original Hash Batches": 1,
                            "Peak Memory Usage": 131680,
                            "Plans": [
                              {
                                "Node Type": "Seq Scan",
                                "Parent Relationship": "Outer",
                                "Parallel Aware": true,
                                "Relation Name": "title",
                                "Alias": "t",
                                "Startup Cost": 0.0,
                                "Total Cost": 50870.31,
                                "Plan Rows": 1487231,
                                "Plan Width": 4,
                                "Actual Startup Time": 0.049,
                                "Actual Total Time": 156.157,
                                "Actual Rows": 1264156,
                                "Actual Loops": 2
                              }
                            ]
                          }
                        ]
                      }
                    ]
                  }
                ]
              }
            ]
          }
        ]
      }
    ]
  },
  "Planning Time": 0.937,
  "Triggers": [],
  "Execution Time": 11535.028
}