[
  {
    "Plan": {
      "Node Type": "Aggregate",
      "Strategy": "Plain",
      "Partial Mode": "Finalize",
      "Parallel Aware": false,
      "Startup Cost": 31242.5,
      "Total Cost": 31242.51,
      "Plan Rows": 1,
      "Plan Width": 8,
      "Actual Startup Time": 93.23,
      "Actual Total Time": 97.465,
      "Actual Rows": 1,
      "Actual Loops": 1,
      "Plans": [
        {
          "Node Type": "Gather",
          "Parent Relationship": "Outer",
          "Parallel Aware": false,
          "Startup Cost": 31242.18,
          "Total Cost": 31242.49,
          "Plan Rows": 3,
          "Plan Width": 8,
          "Actual Startup Time": 93.086,
          "Actual Total Time": 97.457,
          "Actual Rows": 4,
          "Actual Loops": 1,
          "Workers Planned": 3,
          "Workers Launched": 3,
          "Single Copy": false,
          "Plans": [
            {
              "Node Type": "Aggregate",
              "Strategy": "Plain",
              "Partial Mode": "Partial",
              "Parent Relationship": "Outer",
              "Parallel Aware": false,
              "Startup Cost": 30242.18,
              "Total Cost": 30242.19,
              "Plan Rows": 1,
              "Plan Width": 8,
              "Actual Startup Time": 84.243,
              "Actual Total Time": 84.244,
              "Actual Rows": 1,
              "Actual Loops": 4,
              "Plans": [
                {
                  "Node Type": "Bitmap Heap Scan",
                  "Parent Relationship": "Outer",
                  "Parallel Aware": true,
                  "Relation Name": "movie_companies",
                  "Alias": "mc",
                  "Startup Cost": 9208.73,
                  "Total Cost": 30067.14,
                  "Plan Rows": 70014,
                  "Plan Width": 0,
                  "Actual Startup Time": 36.324,
                  "Actual Total Time": 77.48,
                  "Actual Rows": 108786,
                  "Actual Loops": 4,
                  "Recheck Cond": "(company_id > 78691)",
                  "Rows Removed by Index Recheck": 0,
                  "Filter": "(company_type_id > 1)",
                  "Rows Removed by Filter": 0,
                  "Exact Heap Blocks": 3510,
                  "Lossy Heap Blocks": 0,
                  "Plans": [
                    {
                      "Node Type": "Bitmap Index Scan",
                      "Parent Relationship": "Outer",
                      "Parallel Aware": false,
                      "Index Name": "company_id_movie_companies",
                      "Startup Cost": 0.0,
                      "Total Cost": 9154.47,
                      "Plan Rows": 427472,
                      "Plan Width": 0,
                      "Actual Startup Time": 43.397,
                      "Actual Total Time": 43.397,
                      "Actual Rows": 435146,
                      "Actual Loops": 1,
                      "Index Cond": "(company_id > 78691)"
                    }
                  ]
                }
              ]
            }
          ]
        }
      ]
    },
    "Planning Time": 0.208,
    "Triggers": [],
    "Execution Time": 97.538
  }
]