[
  {
    "Plan": {
      "Node Type": "Aggregate",
      "Strategy": "Plain",
      "Partial Mode": "Finalize",
      "Parallel Aware": false,
      "Startup Cost": 348083.74,
      "Total Cost": 348083.75,
      "Plan Rows": 1,
      "Plan Width": 8,
      "Actual Startup Time": 726.472,
      "Actual Total Time": 787.623,
      "Actual Rows": 1,
      "Actual Loops": 1,
      "Plans": [
        {
          "Node Type": "Gather",
          "Parent Relationship": "Outer",
          "Parallel Aware": false,
          "Startup Cost": 348083.11,
          "Total Cost": 348083.72,
          "Plan Rows": 6,
          "Plan Width": 8,
          "Actual Startup Time": 726.351,
          "Actual Total Time": 787.612,
          "Actual Rows": 7,
          "Actual Loops": 1,
          "Workers Planned": 6,
          "Workers Launched": 6,
          "Single Copy": false,
          "Plans": [
            {
              "Node Type": "Aggregate",
              "Strategy": "Plain",
              "Partial Mode": "Partial",
              "Parent Relationship": "Outer",
              "Parallel Aware": false,
              "Startup Cost": 347083.11,
              "Total Cost": 347083.12,
              "Plan Rows": 1,
              "Plan Width": 8,
              "Actual Startup Time": 716.186,
              "Actual Total Time": 716.187,
              "Actual Rows": 1,
              "Actual Loops": 7,
              "Plans": [
                {
                  "Node Type": "Seq Scan",
                  "Parent Relationship": "Outer",
                  "Parallel Aware": true,
                  "Relation Name": "cast_info",
                  "Alias": "ci",
                  "Startup Cost": 0.0,
                  "Total Cost": 343257.03,
                  "Plan Rows": 1530434,
                  "Plan Width": 0,
                  "Actual Startup Time": 254.408,
                  "Actual Total Time": 687.719,
                  "Actual Rows": 555026,
                  "Actual Loops": 7,
                  "Filter": "((person_id < 1380422) AND (role_id > 1))",
                  "Rows Removed by Filter": 4622738
                }
              ]
            }
          ]
        }
      ]
    },
    "Planning Time": 0.193,
    "Triggers": [],
    "Execution Time": 787.691
  }
]