[
  {
    "Plan": {
      "Node Type": "Aggregate",
      "Strategy": "Plain",
      "Partial Mode": "Finalize",
      "Parallel Aware": false,
      "Startup Cost": 345206.75,
      "Total Cost": 345206.76,
      "Plan Rows": 1,
      "Plan Width": 8,
      "Actual Startup Time": 399.977,
      "Actual Total Time": 437.16,
      "Actual Rows": 1,
      "Actual Loops": 1,
      "Plans": [
        {
          "Node Type": "Gather",
          "Parent Relationship": "Outer",
          "Parallel Aware": false,
          "Startup Cost": 345206.13,
          "Total Cost": 345206.74,
          "Plan Rows": 6,
          "Plan Width": 8,
          "Actual Startup Time": 399.576,
          "Actual Total Time": 437.15,
          "Actual Rows": 7,
          "Actual Loops": 1,
          "Workers Planned": 6,
          "Workers Launched": 6,
          "Single Copy": false,
          "Plans": [
            {
              "Node Type": "Aggregate",
              "Strategy": "Plain",
              "Partial Mode": "Partial",
              "Parent Relationship": "Outer",
              "Parallel Aware": false,
              "Startup Cost": 344206.13,
              "Total Cost": 344206.14,
              "Plan Rows": 1,
              "Plan Width": 8,
              "Actual Startup Time": 392.928,
              "Actual Total Time": 392.931,
              "Actual Rows": 1,
              "Actual Loops": 7,
              "Plans": [
                {
                  "Node Type": "Index Scan",
                  "Parent Relationship": "Outer",
                  "Parallel Aware": true,
                  "Scan Direction": "Forward",
                  "Index Name": "role_id_cast_info",
                  "Relation Name": "cast_info",
                  "Alias": "ci",
                  "Startup Cost": 0.56,
                  "Total Cost": 341155.22,
                  "Plan Rows": 1220364,
                  "Plan Width": 0,
                  "Actual Startup Time": 332.798,
                  "Actual Total Time": 381.828,
                  "Actual Rows": 216779,
                  "Actual Loops": 7,
                  "Index Cond": "(role_id = 1)",
                  "Rows Removed by Index Recheck": 0,
                  "Filter": "(person_id > 1527470)",
                  "Rows Removed by Filter": 1593319
                }
              ]
            }
          ]
        }
      ]
    },
    "Planning Time": 0.111,
    "Triggers": [],
    "Execution Time": 437.207
  }
]