{
  "Plan": {
    "Node Type": "Aggregate",
    "Strategy": "Plain",
    "Partial Mode": "Finalize",
    "Parallel Aware": false,
    "Startup Cost": 626779.01,
    "Total Cost": 626779.02,
    "Plan Rows": 1,
    "Plan Width": 8,
    "Actual Startup Time": 9110.728,
    "Actual Total Time": 9166.044,
    "Actual Rows": 1,
    "Actual Loops": 1,
    "Plans": [
      {
        "Node Type": "Gather",
        "Parent Relationship": "Outer",
        "Parallel Aware": false,
        "Startup Cost": 626778.9,
        "Total Cost": 626779.01,
        "Plan Rows": 1,
        "Plan Width": 8,
        "Actual Startup Time": 9109.005,
        "Actual Total Time": 9166.036,
        "Actual Rows": 2,
        "Actual Loops": 1,
        "Workers Planned": 1,
        "Workers Launched": 1,
        "Single Copy": false,
        "Plans": [
          {
            "Node Type": "Aggregate",
            "Strategy": "Plain",
            "Partial Mode": "Partial",
            "Parent Relationship": "Outer",
            "Parallel Aware": false,
            "Startup Cost": 625778.9,
            "Total Cost": 625778.91,
            "Plan Rows": 1,
            "Plan Width": 8,
            "Actual Startup Time": 9103.445,
            "Actual Total Time": 9103.448,
            "Actual Rows": 1,
            "Actual Loops": 2,
            "Plans": [
              {
                "Node Type": "Hash Join",
                "Parent Relationship": "Outer",
                "Parallel Aware": true,
                "Join Type": "Inner",
                "Startup Cost": 70138.17,
                "Total Cost": 591871.52,
                "Plan Rows": 13562951,
                "Plan Width": 0,
                "Actual Startup Time": 446.858,
                "Actual Total Time": 8582.57,
                "Actual Rows": 12280394,
                "Actual Loops": 2,
                "Inner Unique": true,
                "Hash Cond": "(ci.movie_id = t.id)",
                "Plans": [
                  {
                    "Node Type": "Seq Scan",
                    "Parent Relationship": "Outer",
                    "Parallel Aware": true,
                    "Relation Name": "cast_info",
                    "Alias": "ci",
                    "Startup Cost": 0.0,
                    "Total Cost": 465792.95,
                    "Plan Rows": 21310595,
                    "Plan Width": 4,
                    "Actual Startup Time": 0.014,
                    "Actual Total Time": 1336.954,
                    "Actual Rows": 18122172,
                    "Actual Loops": 2
                  },
                  {
                    "Node Type": "Hash",
                    "Parent Relationship": "Inner",
                    "Parallel Aware": true,
                    "Startup Cost": 58306.47,
                    "Total Cost": 58306.47,
                    "Plan Rows": 946536,
                    "Plan Width": 4,
                    "Actual Startup Time": 437.046,
                    "Actual Total Time": 437.047,
                    "Actual Rows": 852368,
                    "Actual Loops": 2,
                    "Hash Buckets": 2097152,
                    "Original Hash Buckets": 2097152,
                    "Hash Batches": 1,
                    "Original Hash Batches": 1,
                    "Peak Memory Usage": 83104,
                    "Plans": [
                      {
                        "Node Type": "Seq Scan",
                        "Parent Relationship": "Outer",
                        "Parallel Aware": true,
                        "Relation Name": "title",
                        "Alias": "t",
                        "Startup Cost": 0.0,
                        "Total Cost": 58306.47,
                        "Plan Rows": 946536,
                        "Plan Width": 4,
                        "Actual Startup Time": 0.029,
                        "Actual Total Time": 197.971,
                        "Actual Rows": 852368,
                        "Actual Loops": 2,
                        "Filter": "((kind_id > 2) AND (production_year > 1950))",
                        "Rows Removed by Filter": 411788
                      }
                    ]
                  }
                ]
              }
            ]
          }
        ]
      }
    ]
  },
  "Planning Time": 0.318,
  "Triggers": [],
  "Execution Time": 9166.091
}