{
  "Plan": {
    "Node Type": "Aggregate",
    "Strategy": "Plain",
    "Partial Mode": "Finalize",
    "Parallel Aware": false,
    "Startup Cost": 483511.78,
    "Total Cost": 483511.79,
    "Plan Rows": 1,
    "Plan Width": 8,
    "Actual Startup Time": 1293.854,
    "Actual Total Time": 1341.164,
    "Actual Rows": 1,
    "Actual Loops": 1,
    "Plans": [
      {
        "Node Type": "Gather",
        "Parent Relationship": "Outer",
        "Parallel Aware": false,
        "Startup Cost": 483511.66,
        "Total Cost": 483511.77,
        "Plan Rows": 1,
        "Plan Width": 8,
        "Actual Startup Time": 1293.713,
        "Actual Total Time": 1341.156,
        "Actual Rows": 2,
        "Actual Loops": 1,
        "Workers Planned": 1,
        "Workers Launched": 1,
        "Single Copy": false,
        "Plans": [
          {
            "Node Type": "Aggregate",
            "Strategy": "Plain",
            "Partial Mode": "Partial",
            "Parent Relationship": "Outer",
            "Parallel Aware": false,
            "Startup Cost": 482511.66,
            "Total Cost": 482511.67,
            "Plan Rows": 1,
            "Plan Width": 8,
            "Actual Startup Time": 1287.531,
            "Actual Total Time": 1287.535,
            "Actual Rows": 1,
            "Actual Loops": 2,
            "Plans": [
              {
                "Node Type": "Nested Loop",
                "Parent Relationship": "Outer",
                "Parallel Aware": false,
                "Join Type": "Inner",
                "Startup Cost": 54739.25,
                "Total Cost": 482348.66,
                "Plan Rows": 65201,
                "Plan Width": 0,
                "Actual Startup Time": 139.752,
                "Actual Total Time": 1286.726,
                "Actual Rows": 13056,
                "Actual Loops": 2,
                "Inner Unique": false,
                "Join Filter": "(t.id = mi.movie_id)",
                "Rows Removed by Join Filter": 0,
                "Plans": [
                  {
                    "Node Type": "Hash Join",
                    "Parent Relationship": "Outer",
                    "Parallel Aware": true,
                    "Join Type": "Inner",
                    "Startup Cost": 54738.82,
                    "Total Cost": 459346.96,
                    "Plan Rows": 11151,
                    "Plan Width": 8,
                    "Actual Startup Time": 139.677,
                    "Actual Total Time": 1253.106,
                    "Actual Rows": 1139,
                    "Actual Loops": 2,
                    "Inner Unique": true,
                    "Hash Cond": "(ci.movie_id = t.id)",
                    "Plans": [
                      {
                        "Node Type": "Index Scan",
                        "Parent Relationship": "Outer",
                        "Parallel Aware": true,
                        "Scan Direction": "Forward",
                        "Index Name": "role_id_cast_info",
                        "Relation Name": "cast_info",
                        "Alias": "ci",
                        "Startup Cost": 0.56,
                        "Total Cost": 400977.7,
                        "Plan Rows": 1383235,
                        "Plan Width": 4,
                        "Actual Startup Time": 0.045,
                        "Actual Total Time": 875.639,
                        "Actual Rows": 2523958,
                        "Actual Loops": 2,
                        "Index Cond": "(role_id < 2)",
                        "Rows Removed by Index Recheck": 0,
                        "Filter": "(person_id < 677696)",
                        "Rows Removed by Filter": 3811386
                      },
                      {
                        "Node Type": "Hash",
                        "Parent Relationship": "Inner",
                        "Parallel Aware": true,
                        "Startup Cost": 54588.39,
                        "Total Cost": 54588.39,
                        "Plan Rows": 11989,
                        "Plan Width": 4,
                        "Actual Startup Time": 137.221,
                        "Actual Total Time": 137.222,
                        "Actual Rows": 12254,
                        "Actual Loops": 2,
                        "Hash Buckets": 32768,
                        "Original Hash Buckets": 32768,
                        "Hash Batches": 1,
                        "Original Hash Batches": 1,
                        "Peak Memory Usage": 1248,
                        "Plans": [
                          {
                            "Node Type": "Seq Scan",
                            "Parent Relationship": "Outer",
                            "Parallel Aware": true,
                            "Relation Name": "title",
                            "Alias": "t",
                            "Startup Cost": 0.0,
                            "Total Cost": 54588.39,
                            "Plan Rows": 11989,
                            "Plan Width": 4,
                            "Actual Startup Time": 74.083,
                            "Actual Total Time": 134.285,
                            "Actual Rows": 12254,
                            "Actual Loops": 2,
                            "Filter": "(production_year < 1910)",
                            "Rows Removed by Filter": 1251902
                          }
                        ]
                      }
                    ]
                  },
                  {
                    "Node Type": "Index Only Scan",
                    "Parent Relationship": "Inner",
                    "Parallel Aware": false,
                    "Scan Direction": "Forward",
                    "Index Name": "movie_id_movie_info",
                    "Relation Name": "movie_info",
                    "Alias": "mi",
                    "Startup Cost": 0.43,
                    "Total Cost": 1.54,
                    "Plan Rows": 42,
                    "Plan Width": 4,
                    "Actual Startup Time": 0.011,
                    "Actual Total Time": 0.028,
                    "Actual Rows": 11,
                    "Actual Loops": 2278,
                    "Index Cond": "(movie_id = ci.movie_id)",
                    "Rows Removed by Index Recheck": 0,
                    "Heap Fetches": 26112
                  }
                ]
              }
            ]
          }
        ]
      }
    ]
  },
  "Planning Time": 0.988,
  "Triggers": [],
  "Execution Time": 1341.266
}