[
  {
    "Plan": {
      "Node Type": "Aggregate",
      "Strategy": "Plain",
      "Partial Mode": "Simple",
      "Parallel Aware": false,
      "Startup Cost": 3771.33,
      "Total Cost": 3771.34,
      "Plan Rows": 1,
      "Plan Width": 96,
      "Actual Startup Time": 499.122,
      "Actual Total Time": 499.132,
      "Actual Rows": 1,
      "Actual Loops": 1,
      "Plans": [
        {
          "Node Type": "Nested Loop",
          "Parent Relationship": "Outer",
          "Parallel Aware": false,
          "Join Type": "Inner",
          "Startup Cost": 15.45,
          "Total Cost": 3771.32,
          "Plan Rows": 1,
          "Plan Width": 48,
          "Actual Startup Time": 59.092,
          "Actual Total Time": 496.316,
          "Actual Rows": 16308,
          "Actual Loops": 1,
          "Inner Unique": true,
          "Plans": [
            {
              "Node Type": "Nested Loop",
              "Parent Relationship": "Outer",
              "Parallel Aware": false,
              "Join Type": "Inner",
              "Startup Cost": 15.31,
              "Total Cost": 3771.14,
              "Plan Rows": 1,
              "Plan Width": 52,
              "Actual Startup Time": 59.079,
              "Actual Total Time": 482.776,
              "Actual Rows": 16308,
              "Actual Loops": 1,
              "Inner Unique": false,
              "Join Filter": "(t.id = mi.movie_id)",
              "Rows Removed by Join Filter": 0,
              "Plans": [
                {
                  "Node Type": "Nested Loop",
                  "Parent Relationship": "Outer",
                  "Parallel Aware": false,
                  "Join Type": "Inner",
                  "Startup Cost": 14.87,
                  "Total Cost": 3769.62,
                  "Plan Rows": 1,
                  "Plan Width": 68,
                  "Actual Startup Time": 59.008,
                  "Actual Total Time": 189.789,
                  "Actual Rows": 5706,
                  "Actual Loops": 1,
                  "Inner Unique": true,
                  "Plans": [
                    {
                      "Node Type": "Nested Loop",
                      "Parent Relationship": "Outer",
                      "Parallel Aware": false,
                      "Join Type": "Inner",
                      "Startup Cost": 14.45,
                      "Total Cost": 3769.18,
                      "Plan Rows": 1,
                      "Plan Width": 72,
                      "Actual Startup Time": 58.892,
                      "Actual Total Time": 154.087,
                      "Actual Rows": 26268,
                      "Actual Loops": 1,
                      "Inner Unique": false,
                      "Join Filter": "(t.id = mc.movie_id)",
                      "Rows Removed by Join Filter": 0,
                      "Plans": [
                        {
                          "Node Type": "Nested Loop",
                          "Parent Relationship": "Outer",
                          "Parallel Aware": false,
                          "Join Type": "Inner",
                          "Startup Cost": 14.02,
                          "Total Cost": 3768.57,
                          "Plan Rows": 1,
                          "Plan Width": 64,
                          "Actual Startup Time": 58.85,
                          "Actual Total Time": 145.974,
                          "Actual Rows": 1010,
                          "Actual Loops": 1,
                          "Inner Unique": true,
                          "Plans": [
                            {
                              "Node Type": "Nested Loop",
                              "Parent Relationship": "Outer",
                              "Parallel Aware": false,
                              "Join Type": "Inner",
                              "Startup Cost": 13.89,
                              "Total Cost": 3768.4,
                              "Plan Rows": 1,
                              "Plan Width": 68,
                              "Actual Startup Time": 58.836,
                              "Actual Total Time": 144.997,
                              "Actual Rows": 1010,
                              "Actual Loops": 1,
                              "Inner Unique": true,
                              "Join Filter": "(ci.person_id = n.id)",
                              "Rows Removed by Join Filter": 0,
                              "Plans": [
                                {
                                  "Node Type": "Nested Loop",
                                  "Parent Relationship": "Outer",
                                  "Parallel Aware": false,
                                  "Join Type": "Inner",
                                  "Startup Cost": 13.46,
                                  "Total Cost": 3767.84,
                                  "Plan Rows": 1,
                                  "Plan Width": 65,
                                  "Actual Startup Time": 3.842,
                                  "Actual Total Time": 120.865,
                                  "Actual Rows": 14477,
                                  "Actual Loops": 1,
                                  "Inner Unique": true,
                                  "Plans": [
                                    {
                                      "Node Type": "Nested Loop",
                                      "Parent Relationship": "Outer",
                                      "Parallel Aware": false,
                                      "Join Type": "Inner",
                                      "Startup Cost": 13.03,
                                      "Total Cost": 3767.16,
                                      "Plan Rows": 1,
                                      "Plan Width": 53,
                                      "Actual Startup Time": 3.751,
                                      "Actual Total Time": 94.638,
                                      "Actual Rows": 14915,
                                      "Actual Loops": 1,
                                      "Inner Unique": false,
                                      "Join Filter": "(ci.person_id = an.person_id)",
                                      "Rows Removed by Join Filter": 0,
                                      "Plans": [
                                        {
                                          "Node Type": "Nested Loop",
                                          "Parent Relationship": "Outer",
                                          "Parallel Aware": false,
                                          "Join Type": "Inner",
                                          "Startup Cost": 12.6,
                                          "Total Cost": 3766.66,
                                          "Plan Rows": 1,
                                          "Plan Width": 49,
                                          "Actual Startup Time": 3.64,
                                          "Actual Total Time": 73.491,
                                          "Actual Rows": 4840,
                                          "Actual Loops": 1,
                                          "Inner Unique": false,
                                          "Join Filter": "(pi.info_type_id = it3.id)",
                                          "Rows Removed by Join Filter": 11882,
                                          "Plans": [
                                            {
                                              "Node Type": "Seq Scan",
                                              "Parent Relationship": "Outer",
                                              "Parallel Aware": false,
                                              "Relation Name": "info_type",
                                              "Alias": "it3",
                                              "Startup Cost": 0.0,
                                              "Total Cost": 2.41,
                                              "Plan Rows": 1,
                                              "Plan Width": 4,
                                              "Actual Startup Time": 0.012,
                                              "Actual Total Time": 0.018,
                                              "Actual Rows": 1,
                                              "Actual Loops": 1,
                                              "Filter": "((info)::text = 'trivia'::text)",
                                              "Rows Removed by Filter": 112
                                            },
                                            {
                                              "Node Type": "Nested Loop",
                                              "Parent Relationship": "Inner",
                                              "Parallel Aware": false,
                                              "Join Type": "Inner",
                                              "Startup Cost": 12.6,
                                              "Total Cost": 3764.12,
                                              "Plan Rows": 10,
                                              "Plan Width": 53,
                                              "Actual Startup Time": 3.626,
                                              "Actual Total Time": 72.339,
                                              "Actual Rows": 16722,
                                              "Actual Loops": 1,
                                              "Inner Unique": false,
                                              "Plans": [
                                                {
                                                  "Node Type": "Nested Loop",
                                                  "Parent Relationship": "Outer",
                                                  "Parallel Aware": false,
                                                  "Join Type": "Inner",
                                                  "Startup Cost": 12.17,
                                                  "Total Cost": 3762.69,
                                                  "Plan Rows": 1,
                                                  "Plan Width": 45,
                                                  "Actual Startup Time": 3.54,
                                                  "Actual Total Time": 45.188,
                                                  "Actual Rows": 541,
                                                  "Actual Loops": 1,
                                                  "Inner Unique": false,
                                                  "Join Filter": "(t.id = ci.movie_id)",
                                                  "Rows Removed by Join Filter": 0,
                                                  "Plans": [
                                                    {
                                                      "Node Type": "Nested Loop",
                                                      "Parent Relationship": "Outer",
                                                      "Parallel Aware": false,
                                                      "Join Type": "Inner",
                                                      "Startup Cost": 11.61,
                                                      "Total Cost": 3760.92,
                                                      "Plan Rows": 1,
                                                      "Plan Width": 29,
                                                      "Actual Startup Time": 3.33,
                                                      "Actual Total Time": 20.74,
                                                      "Actual Rows": 18,
                                                      "Actual Loops": 1,
                                                      "Inner Unique": true,
                                                      "Plans": [
                                                        {
                                                          "Node Type": "Nested Loop",
                                                          "Parent Relationship": "Outer",
                                                          "Parallel Aware": false,
                                                          "Join Type": "Inner",
                                                          "Startup Cost": 11.18,
                                                          "Total Cost": 3759.44,
                                                          "Plan Rows": 3,
                                                          "Plan Width": 8,
                                                          "Actual Startup Time": 2.378,
                                                          "Actual Total Time": 19.981,
                                                          "Actual Rows": 23,
                                                          "Actual Loops": 1,
                                                          "Inner Unique": false,
                                                          "Join Filter": "(cc.status_id = cct2.id)",
                                                          "Rows Removed by Join Filter": 51,
                                                          "Plans": [
                                                            {
                                                              "Node Type": "Seq Scan",
                                                              "Parent Relationship": "Outer",
                                                              "Parallel Aware": false,
                                                              "Relation Name": "comp_cast_type",
                                                              "Alias": "cct2",
                                                              "Startup Cost": 0.0,
                                                              "Total Cost": 1.05,
                                                              "Plan Rows": 1,
                                                              "Plan Width": 4,
                                                              "Actual Startup Time": 0.007,
                                                              "Actual Total Time": 0.008,
                                                              "Actual Rows": 1,
                                                              "Actual Loops": 1,
                                                              "Filter": "((kind)::text = 'complete+verified'::text)",
                                                              "Rows Removed by Filter": 3
                                                            },
                                                            {
                                                              "Node Type": "Nested Loop",
                                                              "Parent Relationship": "Inner",
                                                              "Parallel Aware": false,
                                                              "Join Type": "Inner",
                                                              "Startup Cost": 11.18,
                                                              "Total Cost": 3758.26,
                                                              "Plan Rows": 11,
                                                              "Plan Width": 12,
                                                              "Actual Startup Time": 0.854,
                                                              "Actual Total Time": 19.958,
                                                              "Actual Rows": 74,
                                                              "Actual Loops": 1,
                                                              "Inner Unique": false,
                                                              "Join Filter": "(cc.subject_id = cct1.id)",
                                                              "Rows Removed by Join Filter": 16,
                                                              "Plans": [
                                                                {
                                                                  "Node Type": "Seq Scan",
                                                                  "Parent Relationship": "Outer",
                                                                  "Parallel Aware": false,
                                                                  "Relation Name": "comp_cast_type",
                                                                  "Alias": "cct1",
                                                                  "Startup Cost": 0.0,
                                                                  "Total Cost": 1.05,
                                                                  "Plan Rows": 1,
                                                                  "Plan Width": 4,
                                                                  "Actual Startup Time": 0.002,
                                                                  "Actual Total Time": 0.004,
                                                                  "Actual Rows": 1,
                                                                  "Actual Loops": 1,
                                                                  "Filter": "((kind)::text = 'cast'::text)",
                                                                  "Rows Removed by Filter": 3
                                                                },
                                                                {
                                                                  "Node Type": "Nested Loop",
                                                                  "Parent Relationship": "Inner",
                                                                  "Parallel Aware": false,
                                                                  "Join Type": "Inner",
                                                                  "Startup Cost": 11.18,
                                                                  "Total Cost": 3756.63,
                                                                  "Plan Rows": 46,
                                                                  "Plan Width": 16,
                                                                  "Actual Startup Time": 0.85,
                                                                  "Actual Total Time": 19.932,
                                                                  "Actual Rows": 90,
                                                                  "Actual Loops": 1,
                                                                  "Inner Unique": false,
                                                                  "Plans": [
                                                                    {
                                                                      "Node Type": "Nested Loop",
                                                                      "Parent Relationship": "Outer",
                                                                      "Parallel Aware": false,
                                                                      "Join Type": "Inner",
                                                                      "Startup Cost": 10.76,
                                                                      "Total Cost": 3740.45,
                                                                      "Plan Rows": 34,
                                                                      "Plan Width": 4,
                                                                      "Actual Startup Time": 0.286,
                                                                      "Actual Total Time": 15.878,
                                                                      "Actual Rows": 414,
                                                                      "Actual Loops": 1,
                                                                      "Inner Unique": false,
                                                                      "Plans": [
                                                                        {
                                                                          "Node Type": "Seq Scan",
                                                                          "Parent Relationship": "Outer",
                                                                          "Parallel Aware": false,
                                                                          "Relation Name": "keyword",
                                                                          "Alias": "k",
                                                                          "Startup Cost": 0.0,
                                                                          "Total Cost": 2626.12,
                                                                          "Plan Rows": 1,
                                                                          "Plan Width": 4,
                                                                          "Actual Startup Time": 0.09,
                                                                          "Actual Total Time": 11.661,
                                                                          "Actual Rows": 1,
                                                                          "Actual Loops": 1,
                                                                          "Filter": "(keyword = 'computer-animation'::text)",
                                                                          "Rows Removed by Filter": 134169
                                                                        },
                                                                        {
                                                                          "Node Type": "Bitmap Heap Scan",
                                                                          "Parent Relationship": "Inner",
                                                                          "Parallel Aware": false,
                                                                          "Relation Name": "movie_keyword",
                                                                          "Alias": "mk",
                                                                          "Startup Cost": 10.76,
                                                                          "Total Cost": 1111.32,
                                                                          "Plan Rows": 300,
                                                                          "Plan Width": 8,
                                                                          "Actual Startup Time": 0.192,
                                                                          "Actual Total Time": 4.112,
                                                                          "Actual Rows": 414,
                                                                          "Actual Loops": 1,
                                                                          "Recheck Cond": "(keyword_id = k.id)",
                                                                          "Rows Removed by Index Recheck": 0,
                                                                          "Exact Heap Blocks": 358,
                                                                          "Lossy Heap Blocks": 0,
                                                                          "Plans": [
                                                                            {
                                                                              "Node Type": "Bitmap Index Scan",
                                                                              "Parent Relationship": "Outer",
                                                                              "Parallel Aware": false,
                                                                              "Index Name": "keyword_id_movie_keyword",
                                                                              "Startup Cost": 0.0,
                                                                              "Total Cost": 10.68,
                                                                              "Plan Rows": 300,
                                                                              "Plan Width": 0,
                                                                              "Actual Startup Time": 0.131,
                                                                              "Actual Total Time": 0.132,
                                                                              "Actual Rows": 414,
                                                                              "Actual Loops": 1,
                                                                              "Index Cond": "(keyword_id = k.id)"
                                                                            }
                                                                          ]
                                                                        }
                                                                      ]
                                                                    },
                                                                    {
                                                                      "Node Type": "Index Scan",
                                                                      "Parent Relationship": "Inner",
                                                                      "Parallel Aware": false,
                                                                      "Scan Direction": "Forward",
                                                                      "Index Name": "movie_id_complete_cast",
                                                                      "Relation Name": "complete_cast",
                                                                      "Alias": "cc",
                                                                      "Startup Cost": 0.42,
                                                                      "Total Cost": 0.46,
                                                                      "Plan Rows": 2,
                                                                      "Plan Width": 12,
                                                                      "Actual Startup Time": 0.009,
                                                                      "Actual Total Time": 0.009,
                                                                      "Actual Rows": 0,
                                                                      "Actual Loops": 414,
                                                                      "Index Cond": "(movie_id = mk.movie_id)",
                                                                      "Rows Removed by Index Recheck": 0
                                                                    }
                                                                  ]
                                                                }
                                                              ]
                                                            }
                                                          ]
                                                        },
                                                        {
                                                          "Node Type": "Index Scan",
                                                          "Parent Relationship": "Inner",
                                                          "Parallel Aware": false,
                                                          "Scan Direction": "Forward",
                                                          "Index Name": "title_pkey",
                                                          "Relation Name": "title",
                                                          "Alias": "t",
                                                          "Startup Cost": 0.43,
                                                          "Total Cost": 0.49,
                                                          "Plan Rows": 1,
                                                          "Plan Width": 21,
                                                          "Actual Startup Time": 0.032,
                                                          "Actual Total Time": 0.032,
                                                          "Actual Rows": 1,
                                                          "Actual Loops": 23,
                                                          "Index Cond": "(id = mk.movie_id)",
                                                          "Rows Removed by Index Recheck": 0,
                                                          "Filter": "((production_year >= 2000) AND (production_year <= 2010))",
                                                          "Rows Removed by Filter": 0
                                                        }
                                                      ]
                                                    },
                                                    {
                                                      "Node Type": "Index Scan",
                                                      "Parent Relationship": "Inner",
                                                      "Parallel Aware": false,
                                                      "Scan Direction": "Forward",
                                                      "Index Name": "movie_id_cast_info",
                                                      "Relation Name": "cast_info",
                                                      "Alias": "ci",
                                                      "Startup Cost": 0.56,
                                                      "Total Cost": 1.76,
                                                      "Plan Rows": 1,
                                                      "Plan Width": 16,
                                                      "Actual Startup Time": 0.16,
                                                      "Actual Total Time": 1.349,
                                                      "Actual Rows": 30,
                                                      "Actual Loops": 18,
                                                      "Index Cond": "(movie_id = mk.movie_id)",
                                                      "Rows Removed by Index Recheck": 0,
                                                      "Filter": "(note = ANY ('{(voice),\"(voice: Japanese version)\",\"(voice) (uncredited)\",\"(voice: English version)\"}'::text[]))",
                                                      "Rows Removed by Filter": 124
                                                    }
                                                  ]
                                                },
                                                {
                                                  "Node Type": "Index Scan",
                                                  "Parent Relationship": "Inner",
                                                  "Parallel Aware": false,
                                                  "Scan Direction": "Forward",
                                                  "Index Name": "person_id_person_info",
                                                  "Relation Name": "person_info",
                                                  "Alias": "pi",
                                                  "Startup Cost": 0.43,
                                                  "Total Cost": 1.18,
                                                  "Plan Rows": 25,
                                                  "Plan Width": 8,
                                                  "Actual Startup Time": 0.03,
                                                  "Actual Total Time": 0.046,
                                                  "Actual Rows": 31,
                                                  "Actual Loops": 541,
                                                  "Index Cond": "(person_id = ci.person_id)",
                                                  "Rows Removed by Index Recheck": 0
                                                }
                                              ]
                                            }
                                          ]
                                        },
                                        {
                                          "Node Type": "Index Only Scan",
                                          "Parent Relationship": "Inner",
                                          "Parallel Aware": false,
                                          "Scan Direction": "Forward",
                                          "Index Name": "person_id_aka_name",
                                          "Relation Name": "aka_name",
                                          "Alias": "an",
                                          "Startup Cost": 0.42,
                                          "Total Cost": 0.48,
                                          "Plan Rows": 2,
                                          "Plan Width": 4,
                                          "Actual Startup Time": 0.003,
                                          "Actual Total Time": 0.004,
                                          "Actual Rows": 3,
                                          "Actual Loops": 4840,
                                          "Index Cond": "(person_id = pi.person_id)",
                                          "Rows Removed by Index Recheck": 0,
                                          "Heap Fetches": 14915
                                        }
                                      ]
                                    },
                                    {
                                      "Node Type": "Index Scan",
                                      "Parent Relationship": "Inner",
                                      "Parallel Aware": false,
                                      "Scan Direction": "Forward",
                                      "Index Name": "char_name_pkey",
                                      "Relation Name": "char_name",
                                      "Alias": "chn",
                                      "Startup Cost": 0.43,
                                      "Total Cost": 0.67,
                                      "Plan Rows": 1,
                                      "Plan Width": 20,
                                      "Actual Startup Time": 0.001,
                                      "Actual Total Time": 0.001,
                                      "Actual Rows": 1,
                                      "Actual Loops": 14915,
                                      "Index Cond": "(id = ci.person_role_id)",
                                      "Rows Removed by Index Recheck": 0
                                    }
                                  ]
                                },
                                {
                                  "Node Type": "Index Scan",
                                  "Parent Relationship": "Inner",
                                  "Parallel Aware": false,
                                  "Scan Direction": "Forward",
                                  "Index Name": "name_pkey",
                                  "Relation Name": "name",
                                  "Alias": "n",
                                  "Startup Cost": 0.43,
                                  "Total Cost": 0.55,
                                  "Plan Rows": 1,
                                  "Plan Width": 19,
                                  "Actual Startup Time": 0.001,
                                  "Actual Total Time": 0.001,
                                  "Actual Rows": 0,
                                  "Actual Loops": 14477,
                                  "Index Cond": "(id = pi.person_id)",
                                  "Rows Removed by Index Recheck": 0,
                                  "Filter": "((name ~~ '%An%'::text) AND ((gender)::text = 'f'::text))",
                                  "Rows Removed by Filter": 1
                                }
                              ]
                            },
                            {
                              "Node Type": "Index Scan",
                              "Parent Relationship": "Inner",
                              "Parallel Aware": false,
                              "Scan Direction": "Forward",
                              "Index Name": "role_type_pkey",
                              "Relation Name": "role_type",
                              "Alias": "rt",
                              "Startup Cost": 0.14,
                              "Total Cost": 0.16,
                              "Plan Rows": 1,
                              "Plan Width": 4,
                              "Actual Startup Time": 0.001,
                              "Actual Total Time": 0.001,
                              "Actual Rows": 1,
                              "Actual Loops": 1010,
                              "Index Cond": "(id = ci.role_id)",
                              "Rows Removed by Index Recheck": 0,
                              "Filter": "((role)::text = 'actress'::text)",
                              "Rows Removed by Filter": 0
                            }
                          ]
                        },
                        {
                          "Node Type": "Index Scan",
                          "Parent Relationship": "Inner",
                          "Parallel Aware": false,
                          "Scan Direction": "Forward",
                          "Index Name": "movie_id_movie_companies",
                          "Relation Name": "movie_companies",
                          "Alias": "mc",
                          "Startup Cost": 0.43,
                          "Total Cost": 0.54,
                          "Plan Rows": 5,
                          "Plan Width": 8,
                          "Actual Startup Time": 0.002,
                          "Actual Total Time": 0.004,
                          "Actual Rows": 26,
                          "Actual Loops": 1010,
                          "Index Cond": "(movie_id = mk.movie_id)",
                          "Rows Removed by Index Recheck": 0
                        }
                      ]
                    },
                    {
                      "Node Type": "Index Scan",
                      "Parent Relationship": "Inner",
                      "Parallel Aware": false,
                      "Scan Direction": "Forward",
                      "Index Name": "company_name_pkey",
                      "Relation Name": "company_name",
                      "Alias": "cn",
                      "Startup Cost": 0.42,
                      "Total Cost": 0.45,
                      "Plan Rows": 1,
                      "Plan Width": 4,
                      "Actual Startup Time": 0.001,
                      "Actual Total Time": 0.001,
                      "Actual Rows": 0,
                      "Actual Loops": 26268,
                      "Index Cond": "(id = mc.company_id)",
                      "Rows Removed by Index Recheck": 0,
                      "Filter": "((country_code)::text = '[us]'::text)",
                      "Rows Removed by Filter": 1
                    }
                  ]
                },
                {
                  "Node Type": "Index Scan",
                  "Parent Relationship": "Inner",
                  "Parallel Aware": false,
                  "Scan Direction": "Forward",
                  "Index Name": "movie_id_movie_info",
                  "Relation Name": "movie_info",
                  "Alias": "mi",
                  "Startup Cost": 0.43,
                  "Total Cost": 1.5,
                  "Plan Rows": 1,
                  "Plan Width": 8,
                  "Actual Startup Time": 0.007,
                  "Actual Total Time": 0.051,
                  "Actual Rows": 3,
                  "Actual Loops": 5706,
                  "Index Cond": "(movie_id = mk.movie_id)",
                  "Rows Removed by Index Recheck": 0,
                  "Filter": "((info IS NOT NULL) AND ((info ~~ 'Japan:%200%'::text) OR (info ~~ 'USA:%200%'::text)))",
                  "Rows Removed by Filter": 302
                }
              ]
            },
            {
              "Node Type": "Index Scan",
              "Parent Relationship": "Inner",
              "Parallel Aware": false,
              "Scan Direction": "Forward",
              "Index Name": "info_type_pkey",
              "Relation Name": "info_type",
              "Alias": "it",
              "Startup Cost": 0.14,
              "Total Cost": 0.16,
              "Plan Rows": 1,
              "Plan Width": 4,
              "Actual Startup Time": 0.001,
              "Actual Total Time": 0.001,
              "Actual Rows": 1,
              "Actual Loops": 16308,
              "Index Cond": "(id = mi.info_type_id)",
              "Rows Removed by Index Recheck": 0,
              "Filter": "((info)::text = 'release dates'::text)",
              "Rows Removed by Filter": 0
            }
          ]
        }
      ]
    },
    "Planning Time": 5773.151,
    "Triggers": [],
    "Execution Time": 499.582
  }
]