[
  {
    "Plan": {
      "Node Type": "Aggregate",
      "Strategy": "Plain",
      "Partial Mode": "Finalize",
      "Parallel Aware": false,
      "Startup Cost": 341022.46,
      "Total Cost": 341022.47,
      "Plan Rows": 1,
      "Plan Width": 8,
      "Actual Startup Time": 753.626,
      "Actual Total Time": 778.796,
      "Actual Rows": 1,
      "Actual Loops": 1,
      "Plans": [
        {
          "Node Type": "Gather",
          "Parent Relationship": "Outer",
          "Parallel Aware": false,
          "Startup Cost": 341021.83,
          "Total Cost": 341022.44,
          "Plan Rows": 6,
          "Plan Width": 8,
          "Actual Startup Time": 753.524,
          "Actual Total Time": 778.789,
          "Actual Rows": 7,
          "Actual Loops": 1,
          "Workers Planned": 6,
          "Workers Launched": 6,
          "Single Copy": false,
          "Plans": [
            {
              "Node Type": "Aggregate",
              "Strategy": "Plain",
              "Partial Mode": "Partial",
              "Parent Relationship": "Outer",
              "Parallel Aware": false,
              "Startup Cost": 340021.83,
              "Total Cost": 340021.84,
              "Plan Rows": 1,
              "Plan Width": 8,
              "Actual Startup Time": 746.986,
              "Actual Total Time": 746.987,
              "Actual Rows": 1,
              "Actual Loops": 7,
              "Plans": [
                {
                  "Node Type": "Seq Scan",
                  "Parent Relationship": "Outer",
                  "Parallel Aware": true,
                  "Relation Name": "cast_info",
                  "Alias": "ci",
                  "Startup Cost": 0.0,
                  "Total Cost": 328213.62,
                  "Plan Rows": 4723287,
                  "Plan Width": 0,
                  "Actual Startup Time": 0.042,
                  "Actual Total Time": 569.147,
                  "Actual Rows": 4049966,
                  "Actual Loops": 7,
                  "Filter": "(person_id < 2888989)",
                  "Rows Removed by Filter": 1127797
                }
              ]
            }
          ]
        }
      ]
    },
    "Planning Time": 0.086,
    "Triggers": [],
    "Execution Time": 778.827
  }
]