{
  "Plan": {
    "Node Type": "Aggregate",
    "Strategy": "Plain",
    "Partial Mode": "Finalize",
    "Parallel Aware": false,
    "Startup Cost": 157833.67,
    "Total Cost": 157833.68,
    "Plan Rows": 1,
    "Plan Width": 8,
    "Actual Startup Time": 627.969,
    "Actual Total Time": 679.194,
    "Actual Rows": 1,
    "Actual Loops": 1,
    "Plans": [
      {
        "Node Type": "Gather",
        "Parent Relationship": "Outer",
        "Parallel Aware": false,
        "Startup Cost": 157833.56,
        "Total Cost": 157833.67,
        "Plan Rows": 1,
        "Plan Width": 8,
        "Actual Startup Time": 627.544,
        "Actual Total Time": 679.185,
        "Actual Rows": 2,
        "Actual Loops": 1,
        "Workers Planned": 1,
        "Workers Launched": 1,
        "Single Copy": false,
        "Plans": [
          {
            "Node Type": "Aggregate",
            "Strategy": "Plain",
            "Partial Mode": "Partial",
            "Parent Relationship": "Outer",
            "Parallel Aware": false,
            "Startup Cost": 156833.56,
            "Total Cost": 156833.57,
            "Plan Rows": 1,
            "Plan Width": 8,
            "Actual Startup Time": 621.427,
            "Actual Total Time": 621.431,
            "Actual Rows": 1,
            "Actual Loops": 2,
            "Plans": [
              {
                "Node Type": "Nested Loop",
                "Parent Relationship": "Outer",
                "Parallel Aware": false,
                "Join Type": "Inner",
                "Startup Cost": 55304.55,
                "Total Cost": 156472.01,
                "Plan Rows": 144621,
                "Plan Width": 0,
                "Actual Startup Time": 164.835,
                "Actual Total Time": 604.005,
                "Actual Rows": 388708,
                "Actual Loops": 2,
                "Inner Unique": false,
                "Join Filter": "(t.id = mi.movie_id)",
                "Rows Removed by Join Filter": 0,
                "Plans": [
                  {
                    "Node Type": "Hash Join",
                    "Parent Relationship": "Outer",
                    "Parallel Aware": true,
                    "Join Type": "Inner",
                    "Startup Cost": 55304.11,
                    "Total Cost": 94965.22,
                    "Plan Rows": 24733,
                    "Plan Width": 8,
                    "Actual Startup Time": 164.752,
                    "Actual Total Time": 324.422,
                    "Actual Rows": 18554,
                    "Actual Loops": 2,
                    "Inner Unique": true,
                    "Hash Cond": "(mc.movie_id = t.id)",
                    "Plans": [
                      {
                        "Node Type": "Seq Scan",
                        "Parent Relationship": "Outer",
                        "Parallel Aware": true,
                        "Relation Name": "movie_companies",
                        "Alias": "mc",
                        "Startup Cost": 0.0,
                        "Total Cost": 37974.77,
                        "Plan Rows": 642413,
                        "Plan Width": 4,
                        "Actual Startup Time": 14.224,
                        "Actual Total Time": 105.31,
                        "Actual Rows": 548995,
                        "Actual Loops": 2,
                        "Filter": "(company_id > 14075)",
                        "Rows Removed by Filter": 755570
                      },
                      {
                        "Node Type": "Hash",
                        "Parent Relationship": "Inner",
                        "Parallel Aware": true,
                        "Startup Cost": 54588.39,
                        "Total Cost": 54588.39,
                        "Plan Rows": 57258,
                        "Plan Width": 4,
                        "Actual Startup Time": 147.95,
                        "Actual Total Time": 147.951,
                        "Actual Rows": 47502,
                        "Actual Loops": 2,
                        "Hash Buckets": 131072,
                        "Original Hash Buckets": 131072,
                        "Hash Batches": 1,
                        "Original Hash Batches": 1,
                        "Peak Memory Usage": 4768,
                        "Plans": [
                          {
                            "Node Type": "Seq Scan",
                            "Parent Relationship": "Outer",
                            "Parallel Aware": true,
                            "Relation Name": "title",
                            "Alias": "t",
                            "Startup Cost": 0.0,
                            "Total Cost": 54588.39,
                            "Plan Rows": 57258,
                            "Plan Width": 4,
                            "Actual Startup Time": 0.048,
                            "Actual Total Time": 134.956,
                            "Actual Rows": 47502,
                            "Actual Loops": 2,
                            "Filter": "(production_year = 2005)",
                            "Rows Removed by Filter": 1216654
                          }
                        ]
                      }
                    ]
                  },
                  {
                    "Node Type": "Index Only Scan",
                    "Parent Relationship": "Inner",
                    "Parallel Aware": false,
                    "Scan Direction": "Forward",
                    "Index Name": "movie_id_movie_info",
                    "Relation Name": "movie_info",
                    "Alias": "mi",
                    "Startup Cost": 0.43,
                    "Total Cost": 1.96,
                    "Plan Rows": 42,
                    "Plan Width": 4,
                    "Actual Startup Time": 0.004,
                    "Actual Total Time": 0.013,
                    "Actual Rows": 21,
                    "Actual Loops": 37108,
                    "Index Cond": "(movie_id = mc.movie_id)",
                    "Rows Removed by Index Recheck": 0,
                    "Heap Fetches": 777416
                  }
                ]
              }
            ]
          }
        ]
      }
    ]
  },
  "Planning Time": 1.022,
  "Triggers": [],
  "Execution Time": 679.292
}