[
  {
    "Plan": {
      "Node Type": "Aggregate",
      "Strategy": "Plain",
      "Partial Mode": "Finalize",
      "Parallel Aware": false,
      "Startup Cost": 61485.96,
      "Total Cost": 61485.97,
      "Plan Rows": 1,
      "Plan Width": 8,
      "Actual Startup Time": 107.692,
      "Actual Total Time": 121.542,
      "Actual Rows": 1,
      "Actual Loops": 1,
      "Plans": [
        {
          "Node Type": "Gather",
          "Parent Relationship": "Outer",
          "Parallel Aware": false,
          "Startup Cost": 61485.54,
          "Total Cost": 61485.95,
          "Plan Rows": 4,
          "Plan Width": 8,
          "Actual Startup Time": 107.557,
          "Actual Total Time": 121.535,
          "Actual Rows": 5,
          "Actual Loops": 1,
          "Workers Planned": 4,
          "Workers Launched": 4,
          "Single Copy": false,
          "Plans": [
            {
              "Node Type": "Aggregate",
              "Strategy": "Plain",
              "Partial Mode": "Partial",
              "Parent Relationship": "Outer",
              "Parallel Aware": false,
              "Startup Cost": 60485.54,
              "Total Cost": 60485.55,
              "Plan Rows": 1,
              "Plan Width": 8,
              "Actual Startup Time": 97.501,
              "Actual Total Time": 97.502,
              "Actual Rows": 1,
              "Actual Loops": 5,
              "Plans": [
                {
                  "Node Type": "Nested Loop",
                  "Parent Relationship": "Outer",
                  "Parallel Aware": false,
                  "Join Type": "Inner",
                  "Startup Cost": 0.43,
                  "Total Cost": 60481.14,
                  "Plan Rows": 1760,
                  "Plan Width": 0,
                  "Actual Startup Time": 0.602,
                  "Actual Total Time": 97.36,
                  "Actual Rows": 1458,
                  "Actual Loops": 5,
                  "Inner Unique": false,
                  "Plans": [
                    {
                      "Node Type": "Seq Scan",
                      "Parent Relationship": "Outer",
                      "Parallel Aware": true,
                      "Relation Name": "title",
                      "Alias": "t",
                      "Startup Cost": 0.0,
                      "Total Cost": 45479.1,
                      "Plan Rows": 3224,
                      "Plan Width": 4,
                      "Actual Startup Time": 0.142,
                      "Actual Total Time": 81.374,
                      "Actual Rows": 2898,
                      "Actual Loops": 5,
                      "Filter": "((kind_id > 2) AND (production_year = 1987))",
                      "Rows Removed by Filter": 502764
                    },
                    {
                      "Node Type": "Index Only Scan",
                      "Parent Relationship": "Inner",
                      "Parallel Aware": false,
                      "Scan Direction": "Forward",
                      "Index Name": "movie_id_movie_info_idx",
                      "Relation Name": "movie_info_idx",
                      "Alias": "mi_idx",
                      "Startup Cost": 0.43,
                      "Total Cost": 4.62,
                      "Plan Rows": 3,
                      "Plan Width": 4,
                      "Actual Startup Time": 0.005,
                      "Actual Total Time": 0.005,
                      "Actual Rows": 1,
                      "Actual Loops": 14491,
                      "Index Cond": "(movie_id = t.id)",
                      "Rows Removed by Index Recheck": 0,
                      "Heap Fetches": 7290
                    }
                  ]
                }
              ]
            }
          ]
        }
      ]
    },
    "Planning Time": 0.599,
    "Triggers": [],
    "Execution Time": 121.614
  }
]