{
  "Plan": {
    "Node Type": "Aggregate",
    "Strategy": "Plain",
    "Partial Mode": "Finalize",
    "Parallel Aware": false,
    "Startup Cost": 514456.96,
    "Total Cost": 514456.97,
    "Plan Rows": 1,
    "Plan Width": 8,
    "Actual Startup Time": 3913.543,
    "Actual Total Time": 3948.131,
    "Actual Rows": 1,
    "Actual Loops": 1,
    "Plans": [
      {
        "Node Type": "Gather",
        "Parent Relationship": "Outer",
        "Parallel Aware": false,
        "Startup Cost": 514456.84,
        "Total Cost": 514456.95,
        "Plan Rows": 1,
        "Plan Width": 8,
        "Actual Startup Time": 3912.302,
        "Actual Total Time": 3948.124,
        "Actual Rows": 2,
        "Actual Loops": 1,
        "Workers Planned": 1,
        "Workers Launched": 1,
        "Single Copy": false,
        "Plans": [
          {
            "Node Type": "Aggregate",
            "Strategy": "Plain",
            "Partial Mode": "Partial",
            "Parent Relationship": "Outer",
            "Parallel Aware": false,
            "Startup Cost": 513456.84,
            "Total Cost": 513456.85,
            "Plan Rows": 1,
            "Plan Width": 8,
            "Actual Startup Time": 3907.021,
            "Actual Total Time": 3907.024,
            "Actual Rows": 1,
            "Actual Loops": 2,
            "Plans": [
              {
                "Node Type": "Merge Join",
                "Parent Relationship": "Outer",
                "Parallel Aware": false,
                "Join Type": "Inner",
                "Startup Cost": 194926.47,
                "Total Cost": 512918.71,
                "Plan Rows": 215252,
                "Plan Width": 0,
                "Actual Startup Time": 214.539,
                "Actual Total Time": 3556.488,
                "Actual Rows": 8961678,
                "Actual Loops": 2,
                "Inner Unique": false,
                "Merge Cond": "(t.id = mi.movie_id)",
                "Plans": [
                  {
                    "Node Type": "Merge Join",
                    "Parent Relationship": "Outer",
                    "Parallel Aware": false,
                    "Join Type": "Inner",
                    "Startup Cost": 13.69,
                    "Total Cost": 308368.17,
                    "Plan Rows": 2661135,
                    "Plan Width": 8,
                    "Actual Startup Time": 4.138,
                    "Actual Total Time": 2277.657,
                    "Actual Rows": 2261832,
                    "Actual Loops": 2,
                    "Inner Unique": true,
                    "Merge Cond": "(mk.movie_id = t.id)",
                    "Plans": [
                      {
                        "Node Type": "Index Only Scan",
                        "Parent Relationship": "Outer",
                        "Parallel Aware": true,
                        "Scan Direction": "Forward",
                        "Index Name": "movie_id_movie_keyword",
                        "Relation Name": "movie_keyword",
                        "Alias": "mk",
                        "Startup Cost": 0.43,
                        "Total Cost": 158560.11,
                        "Plan Rows": 2661135,
                        "Plan Width": 4,
                        "Actual Startup Time": 0.074,
                        "Actual Total Time": 444.432,
                        "Actual Rows": 2261832,
                        "Actual Loops": 2,
                        "Heap Fetches": 4523663
                      },
                      {
                        "Node Type": "Index Only Scan",
                        "Parent Relationship": "Inner",
                        "Parallel Aware": false,
                        "Scan Direction": "Forward",
                        "Index Name": "title_pkey",
                        "Relation Name": "title",
                        "Alias": "t",
                        "Startup Cost": 0.43,
                        "Total Cost": 110339.97,
                        "Plan Rows": 2528293,
                        "Plan Width": 4,
                        "Actual Startup Time": 0.1,
                        "Actual Total Time": 1478.32,
                        "Actual Rows": 2525591,
                        "Actual Loops": 2,
                        "Heap Fetches": 5051182
                      }
                    ]
                  },
                  {
                    "Node Type": "Sort",
                    "Parent Relationship": "Inner",
                    "Parallel Aware": false,
                    "Startup Cost": 194906.38,
                    "Total Cost": 195417.65,
                    "Plan Rows": 204507,
                    "Plan Width": 4,
                    "Actual Startup Time": 84.205,
                    "Actual Total Time": 391.172,
                    "Actual Rows": 9064682,
                    "Actual Loops": 2,
                    "Sort Key": [
                      "mi.movie_id"
                    ],
                    "Sort Method": "quicksort",
                    "Sort Space Used": 15414,
                    "Sort Space Type": "Memory",
                    "Workers": [
                      {
                        "Worker Number": 0,
                        "Sort Method": "quicksort",
                        "Sort Space Used": 15414,
                        "Sort Space Type": "Memory"
                      }
                    ],
                    "Plans": [
                      {
                        "Node Type": "Bitmap Heap Scan",
                        "Parent Relationship": "Outer",
                        "Parallel Aware": false,
                        "Relation Name": "movie_info",
                        "Alias": "mi",
                        "Startup Cost": 3705.36,
                        "Total Cost": 176867.04,
                        "Plan Rows": 204507,
                        "Plan Width": 4,
                        "Actual Startup Time": 16.201,
                        "Actual Total Time": 49.956,
                        "Actual Rows": 197754,
                        "Actual Loops": 2,
                        "Recheck Cond": "(info_type_id > 106)",
                        "Rows Removed by Index Recheck": 0,
                        "Exact Heap Blocks": 4967,
                        "Lossy Heap Blocks": 0,
                        "Plans": [
                          {
                            "Node Type": "Bitmap Index Scan",
                            "Parent Relationship": "Outer",
                            "Parallel Aware": false,
                            "Index Name": "info_type_id_movie_info",
                            "Startup Cost": 0.0,
                            "Total Cost": 3654.24,
                            "Plan Rows": 204507,
                            "Plan Width": 0,
                            "Actual Startup Time": 15.193,
                            "Actual Total Time": 15.193,
                            "Actual Rows": 197754,
                            "Actual Loops": 2,
                            "Index Cond": "(info_type_id > 106)"
                          }
                        ]
                      }
                    ]
                  }
                ]
              }
            ]
          }
        ]
      }
    ]
  },
  "Planning Time": 0.838,
  "Triggers": [],
  "Execution Time": 3948.229
}