{
  "Plan": {
    "Node Type": "Aggregate",
    "Strategy": "Plain",
    "Partial Mode": "Finalize",
    "Parallel Aware": false,
    "Startup Cost": 117542.06,
    "Total Cost": 117542.07,
    "Plan Rows": 1,
    "Plan Width": 8,
    "Actual Startup Time": 437.581,
    "Actual Total Time": 450.596,
    "Actual Rows": 1,
    "Actual Loops": 1,
    "Plans": [
      {
        "Node Type": "Gather",
        "Parent Relationship": "Outer",
        "Parallel Aware": false,
        "Startup Cost": 117541.95,
        "Total Cost": 117542.06,
        "Plan Rows": 1,
        "Plan Width": 8,
        "Actual Startup Time": 437.431,
        "Actual Total Time": 450.589,
        "Actual Rows": 2,
        "Actual Loops": 1,
        "Workers Planned": 1,
        "Workers Launched": 1,
        "Single Copy": false,
        "Plans": [
          {
            "Node Type": "Aggregate",
            "Strategy": "Plain",
            "Partial Mode": "Partial",
            "Parent Relationship": "Outer",
            "Parallel Aware": false,
            "Startup Cost": 116541.95,
            "Total Cost": 116541.96,
            "Plan Rows": 1,
            "Plan Width": 8,
            "Actual Startup Time": 431.84,
            "Actual Total Time": 431.843,
            "Actual Rows": 1,
            "Actual Loops": 2,
            "Plans": [
              {
                "Node Type": "Hash Join",
                "Parent Relationship": "Outer",
                "Parallel Aware": true,
                "Join Type": "Inner",
                "Startup Cost": 58442.44,
                "Total Cost": 116493.29,
                "Plan Rows": 19465,
                "Plan Width": 0,
                "Actual Startup Time": 135.779,
                "Actual Total Time": 430.332,
                "Actual Rows": 34255,
                "Actual Loops": 2,
                "Inner Unique": true,
                "Hash Cond": "(mk.movie_id = t.id)",
                "Plans": [
                  {
                    "Node Type": "Seq Scan",
                    "Parent Relationship": "Outer",
                    "Parallel Aware": true,
                    "Relation Name": "movie_keyword",
                    "Alias": "mk",
                    "Startup Cost": 0.0,
                    "Total Cost": 51065.35,
                    "Plan Rows": 2661135,
                    "Plan Width": 4,
                    "Actual Startup Time": 0.012,
                    "Actual Total Time": 147.261,
                    "Actual Rows": 2261965,
                    "Actual Loops": 2
                  },
                  {
                    "Node Type": "Hash",
                    "Parent Relationship": "Inner",
                    "Parallel Aware": true,
                    "Startup Cost": 58306.47,
                    "Total Cost": 58306.47,
                    "Plan Rows": 10878,
                    "Plan Width": 4,
                    "Actual Startup Time": 134.449,
                    "Actual Total Time": 134.45,
                    "Actual Rows": 6140,
                    "Actual Loops": 2,
                    "Hash Buckets": 32768,
                    "Original Hash Buckets": 32768,
                    "Hash Batches": 1,
                    "Original Hash Batches": 1,
                    "Peak Memory Usage": 768,
                    "Plans": [
                      {
                        "Node Type": "Seq Scan",
                        "Parent Relationship": "Outer",
                        "Parallel Aware": true,
                        "Relation Name": "title",
                        "Alias": "t",
                        "Startup Cost": 0.0,
                        "Total Cost": 58306.47,
                        "Plan Rows": 10878,
                        "Plan Width": 4,
                        "Actual Startup Time": 0.232,
                        "Actual Total Time": 132.233,
                        "Actual Rows": 6140,
                        "Actual Loops": 2,
                        "Filter": "((kind_id < 4) AND (production_year = 1999))",
                        "Rows Removed by Filter": 1258016
                      }
                    ]
                  }
                ]
              }
            ]
          }
        ]
      }
    ]
  },
  "Planning Time": 0.434,
  "Triggers": [],
  "Execution Time": 450.666
}