[
  {
    "Plan": {
      "Node Type": "Aggregate",
      "Strategy": "Plain",
      "Partial Mode": "Finalize",
      "Parallel Aware": false,
      "Startup Cost": 179791.33,
      "Total Cost": 179791.34,
      "Plan Rows": 1,
      "Plan Width": 8,
      "Actual Startup Time": 1531.485,
      "Actual Total Time": 1573.229,
      "Actual Rows": 1,
      "Actual Loops": 1,
      "Plans": [
        {
          "Node Type": "Gather",
          "Parent Relationship": "Outer",
          "Parallel Aware": false,
          "Startup Cost": 179791.11,
          "Total Cost": 179791.32,
          "Plan Rows": 2,
          "Plan Width": 8,
          "Actual Startup Time": 1517.952,
          "Actual Total Time": 1573.219,
          "Actual Rows": 3,
          "Actual Loops": 1,
          "Workers Planned": 2,
          "Workers Launched": 2,
          "Single Copy": false,
          "Plans": [
            {
              "Node Type": "Aggregate",
              "Strategy": "Plain",
              "Partial Mode": "Partial",
              "Parent Relationship": "Outer",
              "Parallel Aware": false,
              "Startup Cost": 178791.11,
              "Total Cost": 178791.12,
              "Plan Rows": 1,
              "Plan Width": 8,
              "Actual Startup Time": 1515.606,
              "Actual Total Time": 1515.714,
              "Actual Rows": 1,
              "Actual Loops": 3,
              "Plans": [
                {
                  "Node Type": "Nested Loop",
                  "Parent Relationship": "Outer",
                  "Parallel Aware": false,
                  "Join Type": "Inner",
                  "Startup Cost": 46187.58,
                  "Total Cost": 178223.33,
                  "Plan Rows": 227114,
                  "Plan Width": 0,
                  "Actual Startup Time": 205.616,
                  "Actual Total Time": 1423.171,
                  "Actual Rows": 1881168,
                  "Actual Loops": 3,
                  "Inner Unique": false,
                  "Join Filter": "(t.id = mi.movie_id)",
                  "Rows Removed by Join Filter": 0,
                  "Plans": [
                    {
                      "Node Type": "Hash Join",
                      "Parent Relationship": "Outer",
                      "Parallel Aware": true,
                      "Join Type": "Inner",
                      "Startup Cost": 46187.15,
                      "Total Cost": 61381.71,
                      "Plan Rows": 51492,
                      "Plan Width": 8,
                      "Actual Startup Time": 205.489,
                      "Actual Total Time": 306.846,
                      "Actual Rows": 109037,
                      "Actual Loops": 3,
                      "Inner Unique": true,
                      "Hash Cond": "(mi_idx.movie_id = t.id)",
                      "Plans": [
                        {
                          "Node Type": "Seq Scan",
                          "Parent Relationship": "Outer",
                          "Parallel Aware": true,
                          "Relation Name": "movie_info_idx",
                          "Alias": "mi_idx",
                          "Startup Cost": 0.0,
                          "Total Cost": 13685.15,
                          "Plan Rows": 575015,
                          "Plan Width": 4,
                          "Actual Startup Time": 0.008,
                          "Actual Total Time": 44.563,
                          "Actual Rows": 460012,
                          "Actual Loops": 3
                        },
                        {
                          "Node Type": "Hash",
                          "Parent Relationship": "Inner",
                          "Parallel Aware": true,
                          "Startup Cost": 45479.59,
                          "Total Cost": 45479.59,
                          "Plan Rows": 56605,
                          "Plan Width": 4,
                          "Actual Startup Time": 164.613,
                          "Actual Total Time": 164.614,
                          "Actual Rows": 117692,
                          "Actual Loops": 3,
                          "Hash Buckets": 524288,
                          "Original Hash Buckets": 262144,
                          "Hash Batches": 1,
                          "Original Hash Batches": 1,
                          "Peak Memory Usage": 20000,
                          "Plans": [
                            {
                              "Node Type": "Seq Scan",
                              "Parent Relationship": "Outer",
                              "Parallel Aware": true,
                              "Relation Name": "title",
                              "Alias": "t",
                              "Startup Cost": 0.0,
                              "Total Cost": 45479.59,
                              "Plan Rows": 56605,
                              "Plan Width": 4,
                              "Actual Startup Time": 68.042,
                              "Actual Total Time": 123.404,
                              "Actual Rows": 117692,
                              "Actual Loops": 3,
                              "Filter": "((production_year < 1997) AND (kind_id = 1))",
                              "Rows Removed by Filter": 725079
                            }
                          ]
                        }
                      ]
                    },
                    {
                      "Node Type": "Index Scan",
                      "Parent Relationship": "Inner",
                      "Parallel Aware": false,
                      "Scan Direction": "Forward",
                      "Index Name": "movie_id_movie_info",
                      "Relation Name": "movie_info",
                      "Alias": "mi",
                      "Startup Cost": 0.43,
                      "Total Cost": 1.88,
                      "Plan Rows": 31,
                      "Plan Width": 4,
                      "Actual Startup Time": 0.002,
                      "Actual Total Time": 0.008,
                      "Actual Rows": 17,
                      "Actual Loops": 327111,
                      "Index Cond": "(movie_id = mi_idx.movie_id)",
                      "Rows Removed by Index Recheck": 0,
                      "Filter": "(info_type_id > 3)",
                      "Rows Removed by Filter": 4
                    }
                  ]
                }
              ]
            }
          ]
        }
      ]
    },
    "Planning Time": 1.049,
    "Triggers": [],
    "Execution Time": 1573.308
  }
]