[
    {
        "Bao": {
            "Bao prediction": "NaN",
            "Bao recommended hint": "(no hint)"
        }
    },
    {
        "Plan": {
            "Node Type": "Aggregate",
            "Strategy": "Plain",
            "Partial Mode": "Finalize",
            "Parallel Aware": false,
            "Startup Cost": 32840.15,
            "Total Cost": 32840.16,
            "Plan Rows": 1,
            "Plan Width": 8,
            "Actual Startup Time": 93.425,
            "Actual Total Time": 97.838,
            "Actual Rows": 1,
            "Actual Loops": 1,
            "Output": [
                "count(*)"
            ],
            "Plans": [
                {
                    "Node Type": "Gather",
                    "Parent Relationship": "Outer",
                    "Parallel Aware": false,
                    "Startup Cost": 32839.84,
                    "Total Cost": 32840.15,
                    "Plan Rows": 3,
                    "Plan Width": 8,
                    "Actual Startup Time": 93.331,
                    "Actual Total Time": 97.829,
                    "Actual Rows": 4,
                    "Actual Loops": 1,
                    "Output": [
                        "(PARTIAL count(*))"
                    ],
                    "Workers Planned": 3,
                    "Workers Launched": 3,
                    "Single Copy": false,
                    "Plans": [
                        {
                            "Node Type": "Aggregate",
                            "Strategy": "Plain",
                            "Partial Mode": "Partial",
                            "Parent Relationship": "Outer",
                            "Parallel Aware": false,
                            "Startup Cost": 31839.84,
                            "Total Cost": 31839.85,
                            "Plan Rows": 1,
                            "Plan Width": 8,
                            "Actual Startup Time": 85.157,
                            "Actual Total Time": 85.158,
                            "Actual Rows": 1,
                            "Actual Loops": 4,
                            "Output": [
                                "PARTIAL count(*)"
                            ],
                            "Workers": [
                                {
                                    "Worker Number": 0,
                                    "Actual Startup Time": 82.416,
                                    "Actual Total Time": 82.418,
                                    "Actual Rows": 1,
                                    "Actual Loops": 1
                                },
                                {
                                    "Worker Number": 1,
                                    "Actual Startup Time": 82.677,
                                    "Actual Total Time": 82.678,
                                    "Actual Rows": 1,
                                    "Actual Loops": 1
                                },
                                {
                                    "Worker Number": 2,
                                    "Actual Startup Time": 82.74,
                                    "Actual Total Time": 82.741,
                                    "Actual Rows": 1,
                                    "Actual Loops": 1
                                }
                            ],
                            "Plans": [
                                {
                                    "Node Type": "Seq Scan",
                                    "Parent Relationship": "Outer",
                                    "Parallel Aware": true,
                                    "Relation Name": "movie_companies",
                                    "Schema": "public",
                                    "Alias": "mc",
                                    "Startup Cost": 0.0,
                                    "Total Cost": 31414.82,
                                    "Plan Rows": 170007,
                                    "Plan Width": 0,
                                    "Actual Startup Time": 48.66,
                                    "Actual Total Time": 80.975,
                                    "Actual Rows": 79092,
                                    "Actual Loops": 4,
                                    "Output": [
                                        "id",
                                        "movie_id",
                                        "company_id",
                                        "company_type_id",
                                        "note"
                                    ],
                                    "Filter": "((mc.company_id < 5806) AND (mc.company_type_id > 1))",
                                    "Rows Removed by Filter": 573190,
                                    "Workers": [
                                        {
                                            "Worker Number": 0,
                                            "Actual Startup Time": 45.924,
                                            "Actual Total Time": 78.318,
                                            "Actual Rows": 93378,
                                            "Actual Loops": 1
                                        },
                                        {
                                            "Worker Number": 1,
                                            "Actual Startup Time": 46.18,
                                            "Actual Total Time": 78.613,
                                            "Actual Rows": 92794,
                                            "Actual Loops": 1
                                        },
                                        {
                                            "Worker Number": 2,
                                            "Actual Startup Time": 46.236,
                                            "Actual Total Time": 78.706,
                                            "Actual Rows": 59127,
                                            "Actual Loops": 1
                                        }
                                    ]
                                }
                            ]
                        }
                    ]
                }
            ]
        },
        "Planning Time": 342.718,
        "Triggers": [],
        "Execution Time": 97.916
    }
]