[
  {
    "Plan": {
      "Node Type": "Aggregate",
      "Strategy": "Plain",
      "Partial Mode": "Finalize",
      "Parallel Aware": false,
      "Startup Cost": 45758.37,
      "Total Cost": 45758.38,
      "Plan Rows": 1,
      "Plan Width": 8,
      "Actual Startup Time": 150.791,
      "Actual Total Time": 157.915,
      "Actual Rows": 1,
      "Actual Loops": 1,
      "Plans": [
        {
          "Node Type": "Gather",
          "Parent Relationship": "Outer",
          "Parallel Aware": false,
          "Startup Cost": 45758.05,
          "Total Cost": 45758.36,
          "Plan Rows": 3,
          "Plan Width": 8,
          "Actual Startup Time": 150.693,
          "Actual Total Time": 157.906,
          "Actual Rows": 4,
          "Actual Loops": 1,
          "Workers Planned": 3,
          "Workers Launched": 3,
          "Single Copy": false,
          "Plans": [
            {
              "Node Type": "Aggregate",
              "Strategy": "Plain",
              "Partial Mode": "Partial",
              "Parent Relationship": "Outer",
              "Parallel Aware": false,
              "Startup Cost": 44758.05,
              "Total Cost": 44758.06,
              "Plan Rows": 1,
              "Plan Width": 8,
              "Actual Startup Time": 145.298,
              "Actual Total Time": 145.299,
              "Actual Rows": 1,
              "Actual Loops": 4,
              "Plans": [
                {
                  "Node Type": "Seq Scan",
                  "Parent Relationship": "Outer",
                  "Parallel Aware": true,
                  "Relation Name": "movie_keyword",
                  "Alias": "mk",
                  "Startup Cost": 0.0,
                  "Total Cost": 42695.65,
                  "Plan Rows": 824960,
                  "Plan Width": 0,
                  "Actual Startup Time": 0.041,
                  "Actual Total Time": 115.641,
                  "Actual Rows": 640046,
                  "Actual Loops": 4,
                  "Filter": "(keyword_id < 6470)",
                  "Rows Removed by Filter": 490937
                }
              ]
            }
          ]
        }
      ]
    },
    "Planning Time": 0.077,
    "Triggers": [],
    "Execution Time": 157.946
  }
]