[
  {
    "Plan": {
      "Node Type": "Aggregate",
      "Strategy": "Plain",
      "Partial Mode": "Finalize",
      "Parallel Aware": false,
      "Startup Cost": 527814.96,
      "Total Cost": 527814.97,
      "Plan Rows": 1,
      "Plan Width": 8,
      "Actual Startup Time": 1514.806,
      "Actual Total Time": 1568.353,
      "Actual Rows": 1,
      "Actual Loops": 1,
      "Plans": [
        {
          "Node Type": "Gather",
          "Parent Relationship": "Outer",
          "Parallel Aware": false,
          "Startup Cost": 527814.34,
          "Total Cost": 527814.95,
          "Plan Rows": 6,
          "Plan Width": 8,
          "Actual Startup Time": 1504.641,
          "Actual Total Time": 1568.343,
          "Actual Rows": 7,
          "Actual Loops": 1,
          "Workers Planned": 6,
          "Workers Launched": 6,
          "Single Copy": false,
          "Plans": [
            {
              "Node Type": "Aggregate",
              "Strategy": "Plain",
              "Partial Mode": "Partial",
              "Parent Relationship": "Outer",
              "Parallel Aware": false,
              "Startup Cost": 526814.34,
              "Total Cost": 526814.35,
              "Plan Rows": 1,
              "Plan Width": 8,
              "Actual Startup Time": 1489.315,
              "Actual Total Time": 1489.318,
              "Actual Rows": 1,
              "Actual Loops": 7,
              "Plans": [
                {
                  "Node Type": "Nested Loop",
                  "Parent Relationship": "Outer",
                  "Parallel Aware": false,
                  "Join Type": "Inner",
                  "Startup Cost": 72415.56,
                  "Total Cost": 525590.74,
                  "Plan Rows": 489437,
                  "Plan Width": 0,
                  "Actual Startup Time": 207.959,
                  "Actual Total Time": 1435.696,
                  "Actual Rows": 1115857,
                  "Actual Loops": 7,
                  "Inner Unique": false,
                  "Plans": [
                    {
                      "Node Type": "Hash Join",
                      "Parent Relationship": "Outer",
                      "Parallel Aware": true,
                      "Join Type": "Inner",
                      "Startup Cost": 72415.12,
                      "Total Cost": 327956.43,
                      "Plan Rows": 83703,
                      "Plan Width": 8,
                      "Actual Startup Time": 207.768,
                      "Actual Total Time": 324.418,
                      "Actual Rows": 76225,
                      "Actual Loops": 7,
                      "Inner Unique": true,
                      "Hash Cond": "(ci.movie_id = t.id)",
                      "Plans": [
                        {
                          "Node Type": "Bitmap Heap Scan",
                          "Parent Relationship": "Outer",
                          "Parallel Aware": true,
                          "Relation Name": "cast_info",
                          "Alias": "ci",
                          "Startup Cost": 25011.8,
                          "Total Cost": 280057.74,
                          "Plan Rows": 188715,
                          "Plan Width": 4,
                          "Actual Startup Time": 41.694,
                          "Actual Total Time": 66.412,
                          "Actual Rows": 163985,
                          "Actual Loops": 7,
                          "Recheck Cond": "(person_id < 116862)",
                          "Rows Removed by Index Recheck": 0,
                          "Exact Heap Blocks": 1996,
                          "Lossy Heap Blocks": 0,
                          "Plans": [
                            {
                              "Node Type": "Bitmap Index Scan",
                              "Parent Relationship": "Outer",
                              "Parallel Aware": false,
                              "Index Name": "person_id_cast_info",
                              "Startup Cost": 0.0,
                              "Total Cost": 24728.73,
                              "Plan Rows": 1132289,
                              "Plan Width": 0,
                              "Actual Startup Time": 39.722,
                              "Actual Total Time": 39.723,
                              "Actual Rows": 1147895,
                              "Actual Loops": 1,
                              "Index Cond": "(person_id < 116862)"
                            }
                          ]
                        },
                        {
                          "Node Type": "Hash",
                          "Parent Relationship": "Inner",
                          "Parallel Aware": true,
                          "Startup Cost": 43898.92,
                          "Total Cost": 43898.92,
                          "Plan Rows": 280352,
                          "Plan Width": 4,
                          "Actual Startup Time": 161.448,
                          "Actual Total Time": 161.448,
                          "Actual Rows": 161908,
                          "Actual Loops": 7,
                          "Hash Buckets": 2097152,
                          "Original Hash Buckets": 2097152,
                          "Hash Batches": 1,
                          "Original Hash Batches": 1,
                          "Peak Memory Usage": 60896,
                          "Plans": [
                            {
                              "Node Type": "Seq Scan",
                              "Parent Relationship": "Outer",
                              "Parallel Aware": true,
                              "Relation Name": "title",
                              "Alias": "t",
                              "Startup Cost": 0.0,
                              "Total Cost": 43898.92,
                              "Plan Rows": 280352,
                              "Plan Width": 4,
                              "Actual Startup Time": 0.071,
                              "Actual Total Time": 78.747,
                              "Actual Rows": 161908,
                              "Actual Loops": 7,
                              "Filter": "(production_year < 2002)",
                              "Rows Removed by Filter": 199280
                            }
                          ]
                        }
                      ]
                    },
                    {
                      "Node Type": "Index Only Scan",
                      "Parent Relationship": "Inner",
                      "Parallel Aware": false,
                      "Scan Direction": "Forward",
                      "Index Name": "movie_id_movie_info",
                      "Relation Name": "movie_info",
                      "Alias": "mi",
                      "Startup Cost": 0.43,
                      "Total Cost": 1.94,
                      "Plan Rows": 42,
                      "Plan Width": 4,
                      "Actual Startup Time": 0.005,
                      "Actual Total Time": 0.013,
                      "Actual Rows": 15,
                      "Actual Loops": 533578,
                      "Index Cond": "(movie_id = t.id)",
                      "Rows Removed by Index Recheck": 0,
                      "Heap Fetches": 7810996
                    }
                  ]
                }
              ]
            }
          ]
        }
      ]
    },
    "Planning Time": 1.329,
    "Triggers": [],
    "Execution Time": 1568.486
  }
]