[
  {
    "Plan": {
      "Node Type": "Aggregate",
      "Strategy": "Plain",
      "Partial Mode": "Finalize",
      "Parallel Aware": false,
      "Startup Cost": 98300.91,
      "Total Cost": 98300.92,
      "Plan Rows": 1,
      "Plan Width": 8,
      "Actual Startup Time": 416.896,
      "Actual Total Time": 426.094,
      "Actual Rows": 1,
      "Actual Loops": 1,
      "Plans": [
        {
          "Node Type": "Gather",
          "Parent Relationship": "Outer",
          "Parallel Aware": false,
          "Startup Cost": 98300.7,
          "Total Cost": 98300.91,
          "Plan Rows": 2,
          "Plan Width": 8,
          "Actual Startup Time": 414.856,
          "Actual Total Time": 426.086,
          "Actual Rows": 3,
          "Actual Loops": 1,
          "Workers Planned": 2,
          "Workers Launched": 2,
          "Single Copy": false,
          "Plans": [
            {
              "Node Type": "Aggregate",
              "Strategy": "Plain",
              "Partial Mode": "Partial",
              "Parent Relationship": "Outer",
              "Parallel Aware": false,
              "Startup Cost": 97300.7,
              "Total Cost": 97300.71,
              "Plan Rows": 1,
              "Plan Width": 8,
              "Actual Startup Time": 412.125,
              "Actual Total Time": 412.214,
              "Actual Rows": 1,
              "Actual Loops": 3,
              "Plans": [
                {
                  "Node Type": "Hash Join",
                  "Parent Relationship": "Outer",
                  "Parallel Aware": true,
                  "Join Type": "Inner",
                  "Startup Cost": 80888.83,
                  "Total Cost": 97015.49,
                  "Plan Rows": 114085,
                  "Plan Width": 0,
                  "Actual Startup Time": 348.251,
                  "Actual Total Time": 407.726,
                  "Actual Rows": 110168,
                  "Actual Loops": 3,
                  "Inner Unique": false,
                  "Hash Cond": "(mi_idx.movie_id = t.id)",
                  "Plans": [
                    {
                      "Node Type": "Seq Scan",
                      "Parent Relationship": "Outer",
                      "Parallel Aware": true,
                      "Relation Name": "movie_info_idx",
                      "Alias": "mi_idx",
                      "Startup Cost": 0.0,
                      "Total Cost": 13685.15,
                      "Plan Rows": 575015,
                      "Plan Width": 4,
                      "Actual Startup Time": 0.022,
                      "Actual Total Time": 34.932,
                      "Actual Rows": 460012,
                      "Actual Loops": 3
                    },
                    {
                      "Node Type": "Hash",
                      "Parent Relationship": "Inner",
                      "Parallel Aware": true,
                      "Startup Cost": 79321.25,
                      "Total Cost": 79321.25,
                      "Plan Rows": 125406,
                      "Plan Width": 8,
                      "Actual Startup Time": 313.112,
                      "Actual Total Time": 313.199,
                      "Actual Rows": 65719,
                      "Actual Loops": 3,
                      "Hash Buckets": 524288,
                      "Original Hash Buckets": 524288,
                      "Hash Batches": 1,
                      "Original Hash Batches": 1,
                      "Peak Memory Usage": 11840,
                      "Plans": [
                        {
                          "Node Type": "Hash Join",
                          "Parent Relationship": "Outer",
                          "Parallel Aware": true,
                          "Join Type": "Inner",
                          "Startup Cost": 33437.51,
                          "Total Cost": 79321.25,
                          "Plan Rows": 125406,
                          "Plan Width": 8,
                          "Actual Startup Time": 202.632,
                          "Actual Total Time": 295.371,
                          "Actual Rows": 65719,
                          "Actual Loops": 3,
                          "Inner Unique": false,
                          "Hash Cond": "(t.id = mc.movie_id)",
                          "Plans": [
                            {
                              "Node Type": "Seq Scan",
                              "Parent Relationship": "Outer",
                              "Parallel Aware": true,
                              "Relation Name": "title",
                              "Alias": "t",
                              "Startup Cost": 0.0,
                              "Total Cost": 42318.81,
                              "Plan Rows": 632080,
                              "Plan Width": 4,
                              "Actual Startup Time": 0.009,
                              "Actual Total Time": 81.288,
                              "Actual Rows": 842771,
                              "Actual Loops": 3
                            },
                            {
                              "Node Type": "Hash",
                              "Parent Relationship": "Inner",
                              "Parallel Aware": true,
                              "Startup Cost": 31414.82,
                              "Total Cost": 31414.82,
                              "Plan Rows": 161815,
                              "Plan Width": 4,
                              "Actual Startup Time": 92.31,
                              "Actual Total Time": 92.311,
                              "Actual Rows": 65719,
                              "Actual Loops": 3,
                              "Hash Buckets": 524288,
                              "Original Hash Buckets": 524288,
                              "Hash Batches": 1,
                              "Original Hash Batches": 1,
                              "Peak Memory Usage": 11840,
                              "Plans": [
                                {
                                  "Node Type": "Seq Scan",
                                  "Parent Relationship": "Outer",
                                  "Parallel Aware": true,
                                  "Relation Name": "movie_companies",
                                  "Alias": "mc",
                                  "Startup Cost": 0.0,
                                  "Total Cost": 31414.82,
                                  "Plan Rows": 161815,
                                  "Plan Width": 4,
                                  "Actual Startup Time": 14.466,
                                  "Actual Total Time": 74.524,
                                  "Actual Rows": 65719,
                                  "Actual Loops": 3,
                                  "Filter": "((company_id > 15768) AND (company_type_id = 1))",
                                  "Rows Removed by Filter": 803991
                                }
                              ]
                            }
                          ]
                        }
                      ]
                    }
                  ]
                }
              ]
            }
          ]
        }
      ]
    },
    "Planning Time": 0.423,
    "Triggers": [],
    "Execution Time": 426.13
  }
]