{
  "Plan": {
    "Node Type": "Aggregate",
    "Strategy": "Plain",
    "Partial Mode": "Finalize",
    "Parallel Aware": false,
    "Startup Cost": 504933.21,
    "Total Cost": 504933.22,
    "Plan Rows": 1,
    "Plan Width": 8,
    "Actual Startup Time": 1128.78,
    "Actual Total Time": 1162.519,
    "Actual Rows": 1,
    "Actual Loops": 1,
    "Plans": [
      {
        "Node Type": "Gather",
        "Parent Relationship": "Outer",
        "Parallel Aware": false,
        "Startup Cost": 504933.1,
        "Total Cost": 504933.21,
        "Plan Rows": 1,
        "Plan Width": 8,
        "Actual Startup Time": 1127.587,
        "Actual Total Time": 1162.51,
        "Actual Rows": 2,
        "Actual Loops": 1,
        "Workers Planned": 1,
        "Workers Launched": 1,
        "Single Copy": false,
        "Plans": [
          {
            "Node Type": "Aggregate",
            "Strategy": "Plain",
            "Partial Mode": "Partial",
            "Parent Relationship": "Outer",
            "Parallel Aware": false,
            "Startup Cost": 503933.1,
            "Total Cost": 503933.11,
            "Plan Rows": 1,
            "Plan Width": 8,
            "Actual Startup Time": 1121.562,
            "Actual Total Time": 1121.566,
            "Actual Rows": 1,
            "Actual Loops": 2,
            "Plans": [
              {
                "Node Type": "Hash Join",
                "Parent Relationship": "Outer",
                "Parallel Aware": true,
                "Join Type": "Inner",
                "Startup Cost": 192954.79,
                "Total Cost": 503811.64,
                "Plan Rows": 48584,
                "Plan Width": 0,
                "Actual Startup Time": 374.979,
                "Actual Total Time": 1116.46,
                "Actual Rows": 106884,
                "Actual Loops": 2,
                "Inner Unique": true,
                "Hash Cond": "(ci.movie_id = t.id)",
                "Plans": [
                  {
                    "Node Type": "Bitmap Heap Scan",
                    "Parent Relationship": "Outer",
                    "Parallel Aware": true,
                    "Relation Name": "cast_info",
                    "Alias": "ci",
                    "Startup Cost": 134092.71,
                    "Total Cost": 440682.39,
                    "Plan Rows": 1625585,
                    "Plan Width": 4,
                    "Actual Startup Time": 219.968,
                    "Actual Total Time": 639.446,
                    "Actual Rows": 2965592,
                    "Actual Loops": 2,
                    "Recheck Cond": "(person_id > 3051592)",
                    "Rows Removed by Index Recheck": 0,
                    "Filter": "(role_id > 2)",
                    "Rows Removed by Filter": 0,
                    "Exact Heap Blocks": 42820,
                    "Lossy Heap Blocks": 0,
                    "Plans": [
                      {
                        "Node Type": "Bitmap Index Scan",
                        "Parent Relationship": "Outer",
                        "Parallel Aware": false,
                        "Index Name": "person_id_cast_info",
                        "Startup Cost": 0.0,
                        "Total Cost": 133401.84,
                        "Plan Rows": 6108970,
                        "Plan Width": 0,
                        "Actual Startup Time": 206.08,
                        "Actual Total Time": 206.08,
                        "Actual Rows": 5931185,
                        "Actual Loops": 1,
                        "Index Cond": "(person_id > 3051592)"
                      }
                    ]
                  },
                  {
                    "Node Type": "Hash",
                    "Parent Relationship": "Inner",
                    "Parallel Aware": true,
                    "Startup Cost": 58306.47,
                    "Total Cost": 58306.47,
                    "Plan Rows": 44449,
                    "Plan Width": 4,
                    "Actual Startup Time": 152.595,
                    "Actual Total Time": 152.596,
                    "Actual Rows": 42038,
                    "Actual Loops": 2,
                    "Hash Buckets": 131072,
                    "Original Hash Buckets": 131072,
                    "Hash Batches": 1,
                    "Original Hash Batches": 1,
                    "Peak Memory Usage": 4320,
                    "Plans": [
                      {
                        "Node Type": "Seq Scan",
                        "Parent Relationship": "Outer",
                        "Parallel Aware": true,
                        "Relation Name": "title",
                        "Alias": "t",
                        "Startup Cost": 0.0,
                        "Total Cost": 58306.47,
                        "Plan Rows": 44449,
                        "Plan Width": 4,
                        "Actual Startup Time": 0.049,
                        "Actual Total Time": 140.846,
                        "Actual Rows": 42038,
                        "Actual Loops": 2,
                        "Filter": "((kind_id = 7) AND (production_year = 2007))",
                        "Rows Removed by Filter": 1222118
                      }
                    ]
                  }
                ]
              }
            ]
          }
        ]
      }
    ]
  },
  "Planning Time": 0.532,
  "Triggers": [],
  "Execution Time": 1162.62
}