[
  {
    "Plan": {
      "Node Type": "Aggregate",
      "Strategy": "Plain",
      "Partial Mode": "Finalize",
      "Parallel Aware": false,
      "Startup Cost": 42545.31,
      "Total Cost": 42545.32,
      "Plan Rows": 1,
      "Plan Width": 8,
      "Actual Startup Time": 147.252,
      "Actual Total Time": 156.178,
      "Actual Rows": 1,
      "Actual Loops": 1,
      "Plans": [
        {
          "Node Type": "Gather",
          "Parent Relationship": "Outer",
          "Parallel Aware": false,
          "Startup Cost": 42544.99,
          "Total Cost": 42545.3,
          "Plan Rows": 3,
          "Plan Width": 8,
          "Actual Startup Time": 146.974,
          "Actual Total Time": 156.164,
          "Actual Rows": 4,
          "Actual Loops": 1,
          "Workers Planned": 3,
          "Workers Launched": 3,
          "Single Copy": false,
          "Plans": [
            {
              "Node Type": "Aggregate",
              "Strategy": "Plain",
              "Partial Mode": "Partial",
              "Parent Relationship": "Outer",
              "Parallel Aware": false,
              "Startup Cost": 41544.99,
              "Total Cost": 41545.0,
              "Plan Rows": 1,
              "Plan Width": 8,
              "Actual Startup Time": 143.021,
              "Actual Total Time": 143.023,
              "Actual Rows": 1,
              "Actual Loops": 4,
              "Plans": [
                {
                  "Node Type": "Bitmap Heap Scan",
                  "Parent Relationship": "Outer",
                  "Parallel Aware": true,
                  "Relation Name": "movie_keyword",
                  "Alias": "mk",
                  "Startup Cost": 13916.66,
                  "Total Cost": 41015.94,
                  "Plan Rows": 211622,
                  "Plan Width": 0,
                  "Actual Startup Time": 58.486,
                  "Actual Total Time": 134.258,
                  "Actual Rows": 165104,
                  "Actual Loops": 4,
                  "Recheck Cond": "(keyword_id > 28455)",
                  "Rows Removed by Index Recheck": 0,
                  "Exact Heap Blocks": 10477,
                  "Lossy Heap Blocks": 0,
                  "Plans": [
                    {
                      "Node Type": "Bitmap Index Scan",
                      "Parent Relationship": "Outer",
                      "Parallel Aware": false,
                      "Index Name": "keyword_id_movie_keyword",
                      "Startup Cost": 0.0,
                      "Total Cost": 13752.65,
                      "Plan Rows": 656029,
                      "Plan Width": 0,
                      "Actual Startup Time": 58.131,
                      "Actual Total Time": 58.132,
                      "Actual Rows": 660415,
                      "Actual Loops": 1,
                      "Index Cond": "(keyword_id > 28455)"
                    }
                  ]
                }
              ]
            }
          ]
        }
      ]
    },
    "Planning Time": 0.186,
    "Triggers": [],
    "Execution Time": 156.254
  }
]