[
  {
    "Plan": {
      "Node Type": "Aggregate",
      "Strategy": "Plain",
      "Partial Mode": "Finalize",
      "Parallel Aware": false,
      "Startup Cost": 42947.73,
      "Total Cost": 42947.74,
      "Plan Rows": 1,
      "Plan Width": 8,
      "Actual Startup Time": 164.697,
      "Actual Total Time": 173.794,
      "Actual Rows": 1,
      "Actual Loops": 1,
      "Plans": [
        {
          "Node Type": "Gather",
          "Parent Relationship": "Outer",
          "Parallel Aware": false,
          "Startup Cost": 42947.41,
          "Total Cost": 42947.72,
          "Plan Rows": 3,
          "Plan Width": 8,
          "Actual Startup Time": 164.429,
          "Actual Total Time": 173.784,
          "Actual Rows": 4,
          "Actual Loops": 1,
          "Workers Planned": 3,
          "Workers Launched": 3,
          "Single Copy": false,
          "Plans": [
            {
              "Node Type": "Aggregate",
              "Strategy": "Plain",
              "Partial Mode": "Partial",
              "Parent Relationship": "Outer",
              "Parallel Aware": false,
              "Startup Cost": 41947.41,
              "Total Cost": 41947.42,
              "Plan Rows": 1,
              "Plan Width": 8,
              "Actual Startup Time": 157.951,
              "Actual Total Time": 157.952,
              "Actual Rows": 1,
              "Actual Loops": 4,
              "Plans": [
                {
                  "Node Type": "Bitmap Heap Scan",
                  "Parent Relationship": "Outer",
                  "Parallel Aware": true,
                  "Relation Name": "movie_keyword",
                  "Alias": "mk",
                  "Startup Cost": 14244.35,
                  "Total Cost": 41405.9,
                  "Plan Rows": 216604,
                  "Plan Width": 0,
                  "Actual Startup Time": 66.294,
                  "Actual Total Time": 147.238,
                  "Actual Rows": 165104,
                  "Actual Loops": 4,
                  "Recheck Cond": "(keyword_id > 28455)",
                  "Rows Removed by Index Recheck": 0,
                  "Exact Heap Blocks": 7463,
                  "Lossy Heap Blocks": 0,
                  "Plans": [
                    {
                      "Node Type": "Bitmap Index Scan",
                      "Parent Relationship": "Outer",
                      "Parallel Aware": false,
                      "Index Name": "keyword_id_movie_keyword",
                      "Startup Cost": 0.0,
                      "Total Cost": 14076.48,
                      "Plan Rows": 671473,
                      "Plan Width": 0,
                      "Actual Startup Time": 66.486,
                      "Actual Total Time": 66.487,
                      "Actual Rows": 660415,
                      "Actual Loops": 1,
                      "Index Cond": "(keyword_id > 28455)"
                    }
                  ]
                }
              ]
            }
          ]
        }
      ]
    },
    "Planning Time": 0.103,
    "Triggers": [],
    "Execution Time": 173.841
  }
]