{
  "Plan": {
    "Node Type": "Aggregate",
    "Strategy": "Plain",
    "Partial Mode": "Finalize",
    "Parallel Aware": false,
    "Startup Cost": 127749.14,
    "Total Cost": 127749.15,
    "Plan Rows": 1,
    "Plan Width": 8,
    "Actual Startup Time": 729.953,
    "Actual Total Time": 778.173,
    "Actual Rows": 1,
    "Actual Loops": 1,
    "Plans": [
      {
        "Node Type": "Gather",
        "Parent Relationship": "Outer",
        "Parallel Aware": false,
        "Startup Cost": 127749.03,
        "Total Cost": 127749.14,
        "Plan Rows": 1,
        "Plan Width": 8,
        "Actual Startup Time": 728.688,
        "Actual Total Time": 778.166,
        "Actual Rows": 2,
        "Actual Loops": 1,
        "Workers Planned": 1,
        "Workers Launched": 1,
        "Single Copy": false,
        "Plans": [
          {
            "Node Type": "Aggregate",
            "Strategy": "Plain",
            "Partial Mode": "Partial",
            "Parent Relationship": "Outer",
            "Parallel Aware": false,
            "Startup Cost": 126749.03,
            "Total Cost": 126749.04,
            "Plan Rows": 1,
            "Plan Width": 8,
            "Actual Startup Time": 722.367,
            "Actual Total Time": 722.371,
            "Actual Rows": 1,
            "Actual Loops": 2,
            "Plans": [
              {
                "Node Type": "Nested Loop",
                "Parent Relationship": "Outer",
                "Parallel Aware": false,
                "Join Type": "Inner",
                "Startup Cost": 62967.8,
                "Total Cost": 126680.51,
                "Plan Rows": 27409,
                "Plan Width": 0,
                "Actual Startup Time": 210.687,
                "Actual Total Time": 699.056,
                "Actual Rows": 506046,
                "Actual Loops": 2,
                "Inner Unique": false,
                "Plans": [
                  {
                    "Node Type": "Hash Join",
                    "Parent Relationship": "Outer",
                    "Parallel Aware": true,
                    "Join Type": "Inner",
                    "Startup Cost": 62967.37,
                    "Total Cost": 88580.9,
                    "Plan Rows": 7812,
                    "Plan Width": 8,
                    "Actual Startup Time": 210.633,
                    "Actual Total Time": 263.707,
                    "Actual Rows": 24298,
                    "Actual Loops": 2,
                    "Inner Unique": true,
                    "Hash Cond": "(mk.movie_id = t.id)",
                    "Plans": [
                      {
                        "Node Type": "Bitmap Heap Scan",
                        "Parent Relationship": "Outer",
                        "Parallel Aware": true,
                        "Relation Name": "movie_keyword",
                        "Alias": "mk",
                        "Startup Cost": 2766.47,
                        "Total Cost": 28178.77,
                        "Plan Rows": 76664,
                        "Plan Width": 4,
                        "Actual Startup Time": 13.521,
                        "Actual Total Time": 47.245,
                        "Actual Rows": 63442,
                        "Actual Loops": 2,
                        "Recheck Cond": "(keyword_id > 76901)",
                        "Rows Removed by Index Recheck": 0,
                        "Exact Heap Blocks": 10742,
                        "Lossy Heap Blocks": 0,
                        "Plans": [
                          {
                            "Node Type": "Bitmap Index Scan",
                            "Parent Relationship": "Outer",
                            "Parallel Aware": false,
                            "Index Name": "keyword_id_movie_keyword",
                            "Startup Cost": 0.0,
                            "Total Cost": 2733.89,
                            "Plan Rows": 130328,
                            "Plan Width": 0,
                            "Actual Startup Time": 10.734,
                            "Actual Total Time": 10.734,
                            "Actual Rows": 126884,
                            "Actual Loops": 1,
                            "Index Cond": "(keyword_id > 76901)"
                          }
                        ]
                      },
                      {
                        "Node Type": "Hash",
                        "Parent Relationship": "Inner",
                        "Parallel Aware": true,
                        "Startup Cost": 58306.47,
                        "Total Cost": 58306.47,
                        "Plan Rows": 151554,
                        "Plan Width": 4,
                        "Actual Startup Time": 193.677,
                        "Actual Total Time": 193.678,
                        "Actual Rows": 186971,
                        "Actual Loops": 2,
                        "Hash Buckets": 524288,
                        "Original Hash Buckets": 262144,
                        "Hash Batches": 1,
                        "Original Hash Batches": 1,
                        "Peak Memory Usage": 20800,
                        "Plans": [
                          {
                            "Node Type": "Seq Scan",
                            "Parent Relationship": "Outer",
                            "Parallel Aware": true,
                            "Relation Name": "title",
                            "Alias": "t",
                            "Startup Cost": 0.0,
                            "Total Cost": 58306.47,
                            "Plan Rows": 151554,
                            "Plan Width": 4,
                            "Actual Startup Time": 0.048,
                            "Actual Total Time": 148.331,
                            "Actual Rows": 186971,
                            "Actual Loops": 2,
                            "Filter": "((kind_id < 7) AND (production_year < 1989))",
                            "Rows Removed by Filter": 1077185
                          }
                        ]
                      }
                    ]
                  },
                  {
                    "Node Type": "Index Scan",
                    "Parent Relationship": "Inner",
                    "Parallel Aware": false,
                    "Scan Direction": "Forward",
                    "Index Name": "movie_id_movie_info",
                    "Relation Name": "movie_info",
                    "Alias": "mi",
                    "Startup Cost": 0.43,
                    "Total Cost": 4.63,
                    "Plan Rows": 25,
                    "Plan Width": 4,
                    "Actual Startup Time": 0.004,
                    "Actual Total Time": 0.016,
                    "Actual Rows": 21,
                    "Actual Loops": 48595,
                    "Index Cond": "(movie_id = t.id)",
                    "Rows Removed by Index Recheck": 0,
                    "Filter": "(info_type_id < 15)",
                    "Rows Removed by Filter": 31
                  }
                ]
              }
            ]
          }
        ]
      }
    ]
  },
  "Planning Time": 0.901,
  "Triggers": [],
  "Execution Time": 778.294
}