[
  {
    "Plan": {
      "Node Type": "Aggregate",
      "Strategy": "Plain",
      "Partial Mode": "Finalize",
      "Parallel Aware": false,
      "Startup Cost": 70917.41,
      "Total Cost": 70917.42,
      "Plan Rows": 1,
      "Plan Width": 8,
      "Actual Startup Time": 196.252,
      "Actual Total Time": 204.732,
      "Actual Rows": 1,
      "Actual Loops": 1,
      "Plans": [
        {
          "Node Type": "Gather",
          "Parent Relationship": "Outer",
          "Parallel Aware": false,
          "Startup Cost": 70917.09,
          "Total Cost": 70917.4,
          "Plan Rows": 3,
          "Plan Width": 8,
          "Actual Startup Time": 195.746,
          "Actual Total Time": 204.724,
          "Actual Rows": 4,
          "Actual Loops": 1,
          "Workers Planned": 3,
          "Workers Launched": 3,
          "Single Copy": false,
          "Plans": [
            {
              "Node Type": "Aggregate",
              "Strategy": "Plain",
              "Partial Mode": "Partial",
              "Parent Relationship": "Outer",
              "Parallel Aware": false,
              "Startup Cost": 69917.09,
              "Total Cost": 69917.1,
              "Plan Rows": 1,
              "Plan Width": 8,
              "Actual Startup Time": 186.989,
              "Actual Total Time": 186.992,
              "Actual Rows": 1,
              "Actual Loops": 4,
              "Plans": [
                {
                  "Node Type": "Hash Join",
                  "Parent Relationship": "Outer",
                  "Parallel Aware": true,
                  "Join Type": "Inner",
                  "Startup Cost": 38979.97,
                  "Total Cost": 69857.16,
                  "Plan Rows": 23973,
                  "Plan Width": 0,
                  "Actual Startup Time": 78.456,
                  "Actual Total Time": 185.4,
                  "Actual Rows": 36716,
                  "Actual Loops": 4,
                  "Inner Unique": true,
                  "Hash Cond": "(mc.movie_id = t.id)",
                  "Plans": [
                    {
                      "Node Type": "Seq Scan",
                      "Parent Relationship": "Outer",
                      "Parallel Aware": true,
                      "Relation Name": "movie_companies",
                      "Alias": "mc",
                      "Startup Cost": 0.0,
                      "Total Cost": 29310.68,
                      "Plan Rows": 596764,
                      "Plan Width": 4,
                      "Actual Startup Time": 0.4,
                      "Actual Total Time": 65.032,
                      "Actual Rows": 463992,
                      "Actual Loops": 4,
                      "Filter": "(company_id > 1475)",
                      "Rows Removed by Filter": 188290
                    },
                    {
                      "Node Type": "Hash",
                      "Parent Relationship": "Inner",
                      "Parallel Aware": true,
                      "Startup Cost": 38662.58,
                      "Total Cost": 38662.58,
                      "Plan Rows": 25391,
                      "Plan Width": 4,
                      "Actual Startup Time": 64.188,
                      "Actual Total Time": 64.189,
                      "Actual Rows": 29478,
                      "Actual Loops": 4,
                      "Hash Buckets": 131072,
                      "Original Hash Buckets": 131072,
                      "Hash Batches": 1,
                      "Original Hash Batches": 1,
                      "Peak Memory Usage": 5696,
                      "Plans": [
                        {
                          "Node Type": "Bitmap Heap Scan",
                          "Parent Relationship": "Outer",
                          "Parallel Aware": true,
                          "Relation Name": "title",
                          "Alias": "t",
                          "Startup Cost": 2206.33,
                          "Total Cost": 38662.58,
                          "Plan Rows": 25391,
                          "Plan Width": 4,
                          "Actual Startup Time": 14.491,
                          "Actual Total Time": 51.318,
                          "Actual Rows": 29478,
                          "Actual Loops": 4,
                          "Recheck Cond": "(kind_id = 4)",
                          "Rows Removed by Index Recheck": 0,
                          "Filter": "(production_year > 1969)",
                          "Rows Removed by Filter": 81,
                          "Exact Heap Blocks": 6292,
                          "Lossy Heap Blocks": 0,
                          "Plans": [
                            {
                              "Node Type": "Bitmap Index Scan",
                              "Parent Relationship": "Outer",
                              "Parallel Aware": false,
                              "Index Name": "kind_id_title",
                              "Startup Cost": 0.0,
                              "Total Cost": 2180.94,
                              "Plan Rows": 122201,
                              "Plan Width": 0,
                              "Actual Startup Time": 14.823,
                              "Actual Total Time": 14.824,
                              "Actual Rows": 118234,
                              "Actual Loops": 1,
                              "Index Cond": "(kind_id = 4)"
                            }
                          ]
                        }
                      ]
                    }
                  ]
                }
              ]
            }
          ]
        }
      ]
    },
    "Planning Time": 0.652,
    "Triggers": [],
    "Execution Time": 204.826
  }
]