[
  {
    "Plan": {
      "Node Type": "Aggregate",
      "Strategy": "Plain",
      "Partial Mode": "Finalize",
      "Parallel Aware": false,
      "Startup Cost": 45604.35,
      "Total Cost": 45604.36,
      "Plan Rows": 1,
      "Plan Width": 8,
      "Actual Startup Time": 142.907,
      "Actual Total Time": 152.107,
      "Actual Rows": 1,
      "Actual Loops": 1,
      "Plans": [
        {
          "Node Type": "Gather",
          "Parent Relationship": "Outer",
          "Parallel Aware": false,
          "Startup Cost": 45604.04,
          "Total Cost": 45604.35,
          "Plan Rows": 3,
          "Plan Width": 8,
          "Actual Startup Time": 142.818,
          "Actual Total Time": 152.099,
          "Actual Rows": 4,
          "Actual Loops": 1,
          "Workers Planned": 3,
          "Workers Launched": 3,
          "Single Copy": false,
          "Plans": [
            {
              "Node Type": "Aggregate",
              "Strategy": "Plain",
              "Partial Mode": "Partial",
              "Parent Relationship": "Outer",
              "Parallel Aware": false,
              "Startup Cost": 44604.04,
              "Total Cost": 44604.05,
              "Plan Rows": 1,
              "Plan Width": 8,
              "Actual Startup Time": 137.523,
              "Actual Total Time": 137.524,
              "Actual Rows": 1,
              "Actual Loops": 4,
              "Plans": [
                {
                  "Node Type": "Seq Scan",
                  "Parent Relationship": "Outer",
                  "Parallel Aware": true,
                  "Relation Name": "movie_keyword",
                  "Alias": "mk",
                  "Startup Cost": 0.0,
                  "Total Cost": 42695.65,
                  "Plan Rows": 763353,
                  "Plan Width": 0,
                  "Actual Startup Time": 0.042,
                  "Actual Total Time": 110.515,
                  "Actual Rows": 591411,
                  "Actual Loops": 4,
                  "Filter": "(keyword_id < 5348)",
                  "Rows Removed by Filter": 539572
                }
              ]
            }
          ]
        }
      ]
    },
    "Planning Time": 0.213,
    "Triggers": [],
    "Execution Time": 152.162
  }
]