[
  {
    "Plan": {
      "Node Type": "Aggregate",
      "Strategy": "Plain",
      "Partial Mode": "Finalize",
      "Parallel Aware": false,
      "Startup Cost": 465063.03,
      "Total Cost": 465063.04,
      "Plan Rows": 1,
      "Plan Width": 8,
      "Actual Startup Time": 5096.78,
      "Actual Total Time": 5131.53,
      "Actual Rows": 1,
      "Actual Loops": 1,
      "Plans": [
        {
          "Node Type": "Gather",
          "Parent Relationship": "Outer",
          "Parallel Aware": false,
          "Startup Cost": 465062.4,
          "Total Cost": 465063.01,
          "Plan Rows": 6,
          "Plan Width": 8,
          "Actual Startup Time": 5076.183,
          "Actual Total Time": 5131.52,
          "Actual Rows": 7,
          "Actual Loops": 1,
          "Workers Planned": 6,
          "Workers Launched": 6,
          "Single Copy": false,
          "Plans": [
            {
              "Node Type": "Aggregate",
              "Strategy": "Plain",
              "Partial Mode": "Partial",
              "Parent Relationship": "Outer",
              "Parallel Aware": false,
              "Startup Cost": 464062.4,
              "Total Cost": 464062.41,
              "Plan Rows": 1,
              "Plan Width": 8,
              "Actual Startup Time": 5061.184,
              "Actual Total Time": 5061.189,
              "Actual Rows": 1,
              "Actual Loops": 7,
              "Plans": [
                {
                  "Node Type": "Hash Join",
                  "Parent Relationship": "Outer",
                  "Parallel Aware": true,
                  "Join Type": "Inner",
                  "Startup Cost": 96303.94,
                  "Total Cost": 456228.93,
                  "Plan Rows": 3133390,
                  "Plan Width": 0,
                  "Actual Startup Time": 521.198,
                  "Actual Total Time": 4057.122,
                  "Actual Rows": 19220183,
                  "Actual Loops": 7,
                  "Inner Unique": false,
                  "Hash Cond": "(ci.movie_id = t.id)",
                  "Plans": [
                    {
                      "Node Type": "Seq Scan",
                      "Parent Relationship": "Outer",
                      "Parallel Aware": true,
                      "Relation Name": "cast_info",
                      "Alias": "ci",
                      "Startup Cost": 0.0,
                      "Total Cost": 328213.62,
                      "Plan Rows": 5760979,
                      "Plan Width": 4,
                      "Actual Startup Time": 0.027,
                      "Actual Total Time": 668.16,
                      "Actual Rows": 4923808,
                      "Actual Loops": 7,
                      "Filter": "(person_id < 3710484)",
                      "Rows Removed by Filter": 253955
                    },
                    {
                      "Node Type": "Hash",
                      "Parent Relationship": "Inner",
                      "Parallel Aware": true,
                      "Startup Cost": 90758.98,
                      "Total Cost": 90758.98,
                      "Plan Rows": 443597,
                      "Plan Width": 8,
                      "Actual Startup Time": 518.439,
                      "Actual Total Time": 518.443,
                      "Actual Rows": 389485,
                      "Actual Loops": 7,
                      "Hash Buckets": 4194304,
                      "Original Hash Buckets": 2097152,
                      "Hash Batches": 1,
                      "Original Hash Batches": 1,
                      "Peak Memory Usage": 155904,
                      "Plans": [
                        {
                          "Node Type": "Hash Join",
                          "Parent Relationship": "Outer",
                          "Parallel Aware": true,
                          "Join Type": "Inner",
                          "Startup Cost": 47880.9,
                          "Total Cost": 90758.98,
                          "Plan Rows": 443597,
                          "Plan Width": 8,
                          "Actual Startup Time": 135.17,
                          "Actual Total Time": 335.755,
                          "Actual Rows": 389485,
                          "Actual Loops": 7,
                          "Inner Unique": true,
                          "Hash Cond": "(mk.movie_id = t.id)",
                          "Plans": [
                            {
                              "Node Type": "Seq Scan",
                              "Parent Relationship": "Outer",
                              "Parallel Aware": true,
                              "Relation Name": "movie_keyword",
                              "Alias": "mk",
                              "Startup Cost": 0.0,
                              "Total Cost": 39047.32,
                              "Plan Rows": 1459332,
                              "Plan Width": 4,
                              "Actual Startup Time": 0.018,
                              "Actual Total Time": 72.956,
                              "Actual Rows": 646276,
                              "Actual Loops": 7
                            },
                            {
                              "Node Type": "Hash",
                              "Parent Relationship": "Inner",
                              "Parallel Aware": true,
                              "Startup Cost": 45479.21,
                              "Total Cost": 45479.21,
                              "Plan Rows": 192135,
                              "Plan Width": 4,
                              "Actual Startup Time": 134.232,
                              "Actual Total Time": 134.233,
                              "Actual Rows": 96733,
                              "Actual Loops": 7,
                              "Hash Buckets": 1048576,
                              "Original Hash Buckets": 1048576,
                              "Hash Batches": 1,
                              "Original Hash Batches": 1,
                              "Peak Memory Usage": 34816,
                              "Plans": [
                                {
                                  "Node Type": "Seq Scan",
                                  "Parent Relationship": "Outer",
                                  "Parallel Aware": true,
                                  "Relation Name": "title",
                                  "Alias": "t",
                                  "Startup Cost": 0.0,
                                  "Total Cost": 45479.21,
                                  "Plan Rows": 192135,
                                  "Plan Width": 4,
                                  "Actual Startup Time": 0.033,
                                  "Actual Total Time": 84.79,
                                  "Actual Rows": 96733,
                                  "Actual Loops": 7,
                                  "Filter": "((kind_id < 7) AND (production_year > 1978))",
                                  "Rows Removed by Filter": 264454
                                }
                              ]
                            }
                          ]
                        }
                      ]
                    }
                  ]
                }
              ]
            }
          ]
        }
      ]
    },
    "Planning Time": 0.36,
    "Triggers": [],
    "Execution Time": 5131.568
  }
]