{
  "Plan": {
    "Node Type": "Aggregate",
    "Strategy": "Plain",
    "Partial Mode": "Finalize",
    "Parallel Aware": false,
    "Startup Cost": 154924.69,
    "Total Cost": 154924.7,
    "Plan Rows": 1,
    "Plan Width": 8,
    "Actual Startup Time": 832.55,
    "Actual Total Time": 888.953,
    "Actual Rows": 1,
    "Actual Loops": 1,
    "Plans": [
      {
        "Node Type": "Gather",
        "Parent Relationship": "Outer",
        "Parallel Aware": false,
        "Startup Cost": 154924.57,
        "Total Cost": 154924.68,
        "Plan Rows": 1,
        "Plan Width": 8,
        "Actual Startup Time": 832.261,
        "Actual Total Time": 888.944,
        "Actual Rows": 2,
        "Actual Loops": 1,
        "Workers Planned": 1,
        "Workers Launched": 1,
        "Single Copy": false,
        "Plans": [
          {
            "Node Type": "Aggregate",
            "Strategy": "Plain",
            "Partial Mode": "Partial",
            "Parent Relationship": "Outer",
            "Parallel Aware": false,
            "Startup Cost": 153924.57,
            "Total Cost": 153924.58,
            "Plan Rows": 1,
            "Plan Width": 8,
            "Actual Startup Time": 826.181,
            "Actual Total Time": 826.184,
            "Actual Rows": 1,
            "Actual Loops": 2,
            "Plans": [
              {
                "Node Type": "Nested Loop",
                "Parent Relationship": "Outer",
                "Parallel Aware": false,
                "Join Type": "Inner",
                "Startup Cost": 58723.64,
                "Total Cost": 153879.53,
                "Plan Rows": 18019,
                "Plan Width": 0,
                "Actual Startup Time": 153.61,
                "Actual Total Time": 822.778,
                "Actual Rows": 45040,
                "Actual Loops": 2,
                "Inner Unique": false,
                "Join Filter": "(t.id = mi.movie_id)",
                "Rows Removed by Join Filter": 0,
                "Plans": [
                  {
                    "Node Type": "Hash Join",
                    "Parent Relationship": "Outer",
                    "Parallel Aware": true,
                    "Join Type": "Inner",
                    "Startup Cost": 58723.21,
                    "Total Cost": 96889.84,
                    "Plan Rows": 34405,
                    "Plan Width": 8,
                    "Actual Startup Time": 153.526,
                    "Actual Total Time": 399.29,
                    "Actual Rows": 37577,
                    "Actual Loops": 2,
                    "Inner Unique": true,
                    "Hash Cond": "(mc.movie_id = t.id)",
                    "Plans": [
                      {
                        "Node Type": "Seq Scan",
                        "Parent Relationship": "Outer",
                        "Parallel Aware": true,
                        "Relation Name": "movie_companies",
                        "Alias": "mc",
                        "Startup Cost": 0.0,
                        "Total Cost": 34137.82,
                        "Plan Rows": 1534782,
                        "Plan Width": 4,
                        "Actual Startup Time": 0.014,
                        "Actual Total Time": 101.832,
                        "Actual Rows": 1304564,
                        "Actual Loops": 2
                      },
                      {
                        "Node Type": "Hash",
                        "Parent Relationship": "Inner",
                        "Parallel Aware": true,
                        "Startup Cost": 58306.47,
                        "Total Cost": 58306.47,
                        "Plan Rows": 33339,
                        "Plan Width": 4,
                        "Actual Startup Time": 152.145,
                        "Actual Total Time": 152.146,
                        "Actual Rows": 24538,
                        "Actual Loops": 2,
                        "Hash Buckets": 65536,
                        "Original Hash Buckets": 65536,
                        "Hash Batches": 1,
                        "Original Hash Batches": 1,
                        "Peak Memory Usage": 2464,
                        "Plans": [
                          {
                            "Node Type": "Seq Scan",
                            "Parent Relationship": "Outer",
                            "Parallel Aware": true,
                            "Relation Name": "title",
                            "Alias": "t",
                            "Startup Cost": 0.0,
                            "Total Cost": 58306.47,
                            "Plan Rows": 33339,
                            "Plan Width": 4,
                            "Actual Startup Time": 0.138,
                            "Actual Total Time": 145.728,
                            "Actual Rows": 24538,
                            "Actual Loops": 2,
                            "Filter": "((kind_id < 7) AND (production_year = 2010))",
                            "Rows Removed by Filter": 1239618
                          }
                        ]
                      }
                    ]
                  },
                  {
                    "Node Type": "Index Scan",
                    "Parent Relationship": "Inner",
                    "Parallel Aware": false,
                    "Scan Direction": "Forward",
                    "Index Name": "movie_id_movie_info",
                    "Relation Name": "movie_info",
                    "Alias": "mi",
                    "Startup Cost": 0.43,
                    "Total Cost": 1.61,
                    "Plan Rows": 4,
                    "Plan Width": 4,
                    "Actual Startup Time": 0.01,
                    "Actual Total Time": 0.011,
                    "Actual Rows": 1,
                    "Actual Loops": 75154,
                    "Index Cond": "(movie_id = mc.movie_id)",
                    "Rows Removed by Index Recheck": 0,
                    "Filter": "(info_type_id = 8)",
                    "Rows Removed by Filter": 29
                  }
                ]
              }
            ]
          }
        ]
      }
    ]
  },
  "Planning Time": 1.051,
  "Triggers": [],
  "Execution Time": 889.049
}