[
    {
        "Bao": {
            "Bao prediction": "NaN",
            "Bao recommended hint": "(no hint)"
        }
    },
    {
        "Plan": {
            "Node Type": "Aggregate",
            "Strategy": "Plain",
            "Partial Mode": "Finalize",
            "Parallel Aware": false,
            "Startup Cost": 33336.87,
            "Total Cost": 33336.88,
            "Plan Rows": 1,
            "Plan Width": 8,
            "Actual Startup Time": 110.202,
            "Actual Total Time": 115.318,
            "Actual Rows": 1,
            "Actual Loops": 1,
            "Output": [
                "count(*)"
            ],
            "Plans": [
                {
                    "Node Type": "Gather",
                    "Parent Relationship": "Outer",
                    "Parallel Aware": false,
                    "Startup Cost": 33336.55,
                    "Total Cost": 33336.86,
                    "Plan Rows": 3,
                    "Plan Width": 8,
                    "Actual Startup Time": 110.109,
                    "Actual Total Time": 115.309,
                    "Actual Rows": 4,
                    "Actual Loops": 1,
                    "Output": [
                        "(PARTIAL count(*))"
                    ],
                    "Workers Planned": 3,
                    "Workers Launched": 3,
                    "Single Copy": false,
                    "Plans": [
                        {
                            "Node Type": "Aggregate",
                            "Strategy": "Plain",
                            "Partial Mode": "Partial",
                            "Parent Relationship": "Outer",
                            "Parallel Aware": false,
                            "Startup Cost": 32336.55,
                            "Total Cost": 32336.56,
                            "Plan Rows": 1,
                            "Plan Width": 8,
                            "Actual Startup Time": 101.701,
                            "Actual Total Time": 101.702,
                            "Actual Rows": 1,
                            "Actual Loops": 4,
                            "Output": [
                                "PARTIAL count(*)"
                            ],
                            "Workers": [
                                {
                                    "Worker Number": 0,
                                    "Actual Startup Time": 98.754,
                                    "Actual Total Time": 98.755,
                                    "Actual Rows": 1,
                                    "Actual Loops": 1
                                },
                                {
                                    "Worker Number": 1,
                                    "Actual Startup Time": 99.237,
                                    "Actual Total Time": 99.238,
                                    "Actual Rows": 1,
                                    "Actual Loops": 1
                                },
                                {
                                    "Worker Number": 2,
                                    "Actual Startup Time": 99.238,
                                    "Actual Total Time": 99.239,
                                    "Actual Rows": 1,
                                    "Actual Loops": 1
                                }
                            ],
                            "Plans": [
                                {
                                    "Node Type": "Seq Scan",
                                    "Parent Relationship": "Outer",
                                    "Parallel Aware": true,
                                    "Relation Name": "movie_companies",
                                    "Schema": "public",
                                    "Alias": "mc",
                                    "Startup Cost": 0.0,
                                    "Total Cost": 31414.82,
                                    "Plan Rows": 368693,
                                    "Plan Width": 0,
                                    "Actual Startup Time": 0.057,
                                    "Actual Total Time": 82.837,
                                    "Actual Rows": 318562,
                                    "Actual Loops": 4,
                                    "Output": [
                                        "id",
                                        "movie_id",
                                        "company_id",
                                        "company_type_id",
                                        "note"
                                    ],
                                    "Filter": "((mc.company_id < 95855) AND (mc.company_type_id < 2))",
                                    "Rows Removed by Filter": 333721,
                                    "Workers": [
                                        {
                                            "Worker Number": 0,
                                            "Actual Startup Time": 0.07,
                                            "Actual Total Time": 81.473,
                                            "Actual Rows": 312913,
                                            "Actual Loops": 1
                                        },
                                        {
                                            "Worker Number": 1,
                                            "Actual Startup Time": 0.074,
                                            "Actual Total Time": 81.875,
                                            "Actual Rows": 314646,
                                            "Actual Loops": 1
                                        },
                                        {
                                            "Worker Number": 2,
                                            "Actual Startup Time": 0.064,
                                            "Actual Total Time": 81.803,
                                            "Actual Rows": 231478,
                                            "Actual Loops": 1
                                        }
                                    ]
                                }
                            ]
                        }
                    ]
                }
            ]
        },
        "Planning Time": 200.057,
        "Triggers": [],
        "Execution Time": 115.403
    }
]