[
  {
    "Plan": {
      "Node Type": "Aggregate",
      "Strategy": "Plain",
      "Partial Mode": "Finalize",
      "Parallel Aware": false,
      "Startup Cost": 95795.21,
      "Total Cost": 95795.22,
      "Plan Rows": 1,
      "Plan Width": 8,
      "Actual Startup Time": 499.723,
      "Actual Total Time": 516.667,
      "Actual Rows": 1,
      "Actual Loops": 1,
      "Plans": [
        {
          "Node Type": "Gather",
          "Parent Relationship": "Outer",
          "Parallel Aware": false,
          "Startup Cost": 95794.89,
          "Total Cost": 95795.2,
          "Plan Rows": 3,
          "Plan Width": 8,
          "Actual Startup Time": 496.159,
          "Actual Total Time": 516.656,
          "Actual Rows": 4,
          "Actual Loops": 1,
          "Workers Planned": 3,
          "Workers Launched": 3,
          "Single Copy": false,
          "Plans": [
            {
              "Node Type": "Aggregate",
              "Strategy": "Plain",
              "Partial Mode": "Partial",
              "Parent Relationship": "Outer",
              "Parallel Aware": false,
              "Startup Cost": 94794.89,
              "Total Cost": 94794.9,
              "Plan Rows": 1,
              "Plan Width": 8,
              "Actual Startup Time": 487.121,
              "Actual Total Time": 487.356,
              "Actual Rows": 1,
              "Actual Loops": 4,
              "Plans": [
                {
                  "Node Type": "Hash Join",
                  "Parent Relationship": "Outer",
                  "Parallel Aware": true,
                  "Join Type": "Inner",
                  "Startup Cost": 64133.34,
                  "Total Cost": 94662.8,
                  "Plan Rows": 52835,
                  "Plan Width": 0,
                  "Actual Startup Time": 359.427,
                  "Actual Total Time": 482.047,
                  "Actual Rows": 126189,
                  "Actual Loops": 4,
                  "Inner Unique": false,
                  "Hash Cond": "(mc.movie_id = t.id)",
                  "Plans": [
                    {
                      "Node Type": "Seq Scan",
                      "Parent Relationship": "Outer",
                      "Parallel Aware": true,
                      "Relation Name": "movie_companies",
                      "Alias": "mc",
                      "Startup Cost": 0.0,
                      "Total Cost": 29310.68,
                      "Plan Rows": 289784,
                      "Plan Width": 4,
                      "Actual Startup Time": 0.038,
                      "Actual Total Time": 63.036,
                      "Actual Rows": 223119,
                      "Actual Loops": 4,
                      "Filter": "(company_id < 2803)",
                      "Rows Removed by Filter": 429163
                    },
                    {
                      "Node Type": "Hash",
                      "Parent Relationship": "Inner",
                      "Parallel Aware": true,
                      "Startup Cost": 62692.79,
                      "Total Cost": 62692.79,
                      "Plan Rows": 115244,
                      "Plan Width": 8,
                      "Actual Startup Time": 355.74,
                      "Actual Total Time": 355.973,
                      "Actual Rows": 115046,
                      "Actual Loops": 4,
                      "Hash Buckets": 524288,
                      "Original Hash Buckets": 524288,
                      "Hash Batches": 1,
                      "Original Hash Batches": 1,
                      "Peak Memory Usage": 22176,
                      "Plans": [
                        {
                          "Node Type": "Hash Join",
                          "Parent Relationship": "Outer",
                          "Parallel Aware": true,
                          "Join Type": "Inner",
                          "Startup Cost": 17523.61,
                          "Total Cost": 62692.79,
                          "Plan Rows": 115244,
                          "Plan Width": 8,
                          "Actual Startup Time": 91.934,
                          "Actual Total Time": 317.244,
                          "Actual Rows": 115046,
                          "Actual Loops": 4,
                          "Inner Unique": false,
                          "Hash Cond": "(t.id = mi_idx.movie_id)",
                          "Plans": [
                            {
                              "Node Type": "Seq Scan",
                              "Parent Relationship": "Outer",
                              "Parallel Aware": true,
                              "Relation Name": "title",
                              "Alias": "t",
                              "Startup Cost": 0.0,
                              "Total Cost": 42318.73,
                              "Plan Rows": 632073,
                              "Plan Width": 4,
                              "Actual Startup Time": 0.011,
                              "Actual Total Time": 76.262,
                              "Actual Rows": 632078,
                              "Actual Loops": 4
                            },
                            {
                              "Node Type": "Hash",
                              "Parent Relationship": "Inner",
                              "Parallel Aware": true,
                              "Startup Cost": 15122.68,
                              "Total Cost": 15122.68,
                              "Plan Rows": 192074,
                              "Plan Width": 4,
                              "Actual Startup Time": 90.168,
                              "Actual Total Time": 90.169,
                              "Actual Rows": 115046,
                              "Actual Loops": 4,
                              "Hash Buckets": 524288,
                              "Original Hash Buckets": 524288,
                              "Hash Batches": 1,
                              "Original Hash Batches": 1,
                              "Peak Memory Usage": 22176,
                              "Plans": [
                                {
                                  "Node Type": "Seq Scan",
                                  "Parent Relationship": "Outer",
                                  "Parallel Aware": true,
                                  "Relation Name": "movie_info_idx",
                                  "Alias": "mi_idx",
                                  "Startup Cost": 0.0,
                                  "Total Cost": 15122.68,
                                  "Plan Rows": 192074,
                                  "Plan Width": 4,
                                  "Actual Startup Time": 0.072,
                                  "Actual Total Time": 44.36,
                                  "Actual Rows": 115046,
                                  "Actual Loops": 4,
                                  "Filter": "(info_type_id > 100)",
                                  "Rows Removed by Filter": 229962
                                }
                              ]
                            }
                          ]
                        }
                      ]
                    }
                  ]
                }
              ]
            }
          ]
        }
      ]
    },
    "Planning Time": 1.448,
    "Triggers": [],
    "Execution Time": 516.749
  }
]