[
  {
    "Plan": {
      "Node Type": "Aggregate",
      "Strategy": "Plain",
      "Partial Mode": "Simple",
      "Parallel Aware": false,
      "Startup Cost": 46522.1,
      "Total Cost": 46522.11,
      "Plan Rows": 1,
      "Plan Width": 8,
      "Actual Startup Time": 98.056,
      "Actual Total Time": 111.88,
      "Actual Rows": 1,
      "Actual Loops": 1,
      "Plans": [
        {
          "Node Type": "Gather",
          "Parent Relationship": "Outer",
          "Parallel Aware": false,
          "Startup Cost": 1000.43,
          "Total Cost": 46522.1,
          "Plan Rows": 1,
          "Plan Width": 0,
          "Actual Startup Time": 67.578,
          "Actual Total Time": 111.859,
          "Actual Rows": 83,
          "Actual Loops": 1,
          "Workers Planned": 4,
          "Workers Launched": 4,
          "Single Copy": false,
          "Plans": [
            {
              "Node Type": "Nested Loop",
              "Parent Relationship": "Outer",
              "Parallel Aware": false,
              "Join Type": "Inner",
              "Startup Cost": 0.43,
              "Total Cost": 45522.0,
              "Plan Rows": 1,
              "Plan Width": 0,
              "Actual Startup Time": 60.867,
              "Actual Total Time": 89.672,
              "Actual Rows": 17,
              "Actual Loops": 5,
              "Inner Unique": false,
              "Plans": [
                {
                  "Node Type": "Seq Scan",
                  "Parent Relationship": "Outer",
                  "Parallel Aware": true,
                  "Relation Name": "title",
                  "Alias": "t",
                  "Startup Cost": 0.0,
                  "Total Cost": 45479.59,
                  "Plan Rows": 2,
                  "Plan Width": 4,
                  "Actual Startup Time": 60.038,
                  "Actual Total Time": 87.703,
                  "Actual Rows": 86,
                  "Actual Loops": 5,
                  "Filter": "((production_year > 2014) AND (kind_id = 1))",
                  "Rows Removed by Filter": 505577
                },
                {
                  "Node Type": "Index Scan",
                  "Parent Relationship": "Inner",
                  "Parallel Aware": false,
                  "Scan Direction": "Forward",
                  "Index Name": "movie_id_movie_companies",
                  "Relation Name": "movie_companies",
                  "Alias": "mc",
                  "Startup Cost": 0.43,
                  "Total Cost": 21.2,
                  "Plan Rows": 1,
                  "Plan Width": 4,
                  "Actual Startup Time": 0.021,
                  "Actual Total Time": 0.022,
                  "Actual Rows": 0,
                  "Actual Loops": 428,
                  "Index Cond": "(movie_id = t.id)",
                  "Rows Removed by Index Recheck": 0,
                  "Filter": "((company_id < 8061) AND (company_type_id < 2))",
                  "Rows Removed by Filter": 2
                }
              ]
            }
          ]
        }
      ]
    },
    "Planning Time": 0.65,
    "Triggers": [],
    "Execution Time": 111.921
  }
]