{
    "Plan": {
        "Node Type": "Aggregate",
        "Strategy": "Plain",
        "Partial Mode": "Finalize",
        "Parallel Aware": false,
        "Startup Cost": 595921.47,
        "Total Cost": 595921.48,
        "Plan Rows": 1,
        "Plan Width": 8,
        "Actual Startup Time": 2326.13,
        "Actual Total Time": 2402.862,
        "Actual Rows": 1,
        "Actual Loops": 1,
        "Output": [
            "count(*)"
        ],
        "Plans": [
            {
                "Node Type": "Gather",
                "Parent Relationship": "Outer",
                "Parallel Aware": false,
                "Startup Cost": 595920.85,
                "Total Cost": 595921.46,
                "Plan Rows": 6,
                "Plan Width": 8,
                "Actual Startup Time": 2303.788,
                "Actual Total Time": 2402.841,
                "Actual Rows": 7,
                "Actual Loops": 1,
                "Output": [
                    "(PARTIAL count(*))"
                ],
                "Workers Planned": 6,
                "Workers Launched": 6,
                "Single Copy": false,
                "Plans": [
                    {
                        "Node Type": "Aggregate",
                        "Strategy": "Plain",
                        "Partial Mode": "Partial",
                        "Parent Relationship": "Outer",
                        "Parallel Aware": false,
                        "Startup Cost": 594920.85,
                        "Total Cost": 594920.86,
                        "Plan Rows": 1,
                        "Plan Width": 8,
                        "Actual Startup Time": 2282.032,
                        "Actual Total Time": 2282.455,
                        "Actual Rows": 1,
                        "Actual Loops": 7,
                        "Output": [
                            "PARTIAL count(*)"
                        ],
                        "Workers": [
                            {
                                "Worker Number": 0,
                                "Actual Startup Time": 2278.128,
                                "Actual Total Time": 2278.133,
                                "Actual Rows": 1,
                                "Actual Loops": 1
                            },
                            {
                                "Worker Number": 1,
                                "Actual Startup Time": 2278.162,
                                "Actual Total Time": 2278.168,
                                "Actual Rows": 1,
                                "Actual Loops": 1
                            },
                            {
                                "Worker Number": 2,
                                "Actual Startup Time": 2278.119,
                                "Actual Total Time": 2278.123,
                                "Actual Rows": 1,
                                "Actual Loops": 1
                            },
                            {
                                "Worker Number": 3,
                                "Actual Startup Time": 2280.615,
                                "Actual Total Time": 2280.62,
                                "Actual Rows": 1,
                                "Actual Loops": 1
                            },
                            {
                                "Worker Number": 4,
                                "Actual Startup Time": 2278.203,
                                "Actual Total Time": 2278.208,
                                "Actual Rows": 1,
                                "Actual Loops": 1
                            },
                            {
                                "Worker Number": 5,
                                "Actual Startup Time": 2278.297,
                                "Actual Total Time": 2278.301,
                                "Actual Rows": 1,
                                "Actual Loops": 1
                            }
                        ],
                        "Plans": [
                            {
                                "Node Type": "Hash Join",
                                "Parent Relationship": "Outer",
                                "Parallel Aware": true,
                                "Join Type": "Inner",
                                "Startup Cost": 255841.56,
                                "Total Cost": 591818.02,
                                "Plan Rows": 1241132,
                                "Plan Width": 0,
                                "Actual Startup Time": 1029.772,
                                "Actual Total Time": 2089.027,
                                "Actual Rows": 4874716,
                                "Actual Loops": 7,
                                "Inner Unique": false,
                                "Hash Cond": "(ci.movie_id = t.id)",
                                "Workers": [
                                    {
                                        "Worker Number": 0,
                                        "Actual Startup Time": 1026.241,
                                        "Actual Total Time": 2087.293,
                                        "Actual Rows": 4782269,
                                        "Actual Loops": 1
                                    },
                                    {
                                        "Worker Number": 1,
                                        "Actual Startup Time": 1026.227,
                                        "Actual Total Time": 2087.266,
                                        "Actual Rows": 4783265,
                                        "Actual Loops": 1
                                    },
                                    {
                                        "Worker Number": 2,
                                        "Actual Startup Time": 1026.228,
                                        "Actual Total Time": 2085.345,
                                        "Actual Rows": 4830062,
                                        "Actual Loops": 1
                                    },
                                    {
                                        "Worker Number": 3,
                                        "Actual Startup Time": 1026.344,
                                        "Actual Total Time": 2090.586,
                                        "Actual Rows": 4761415,
                                        "Actual Loops": 1
                                    },
                                    {
                                        "Worker Number": 4,
                                        "Actual Startup Time": 1026.26,
                                        "Actual Total Time": 2085.463,
                                        "Actual Rows": 4990605,
                                        "Actual Loops": 1
                                    },
                                    {
                                        "Worker Number": 5,
                                        "Actual Startup Time": 1026.376,
                                        "Actual Total Time": 2086.547,
                                        "Actual Rows": 4806452,
                                        "Actual Loops": 1
                                    }
                                ],
                                "Plans": [
                                    {
                                        "Node Type": "Seq Scan",
                                        "Parent Relationship": "Outer",
                                        "Parallel Aware": true,
                                        "Relation Name": "cast_info",
                                        "Schema": "public",
                                        "Alias": "ci",
                                        "Startup Cost": 0.0,
                                        "Total Cost": 328213.62,
                                        "Plan Rows": 1408155,
                                        "Plan Width": 4,
                                        "Actual Startup Time": 285.48,
                                        "Actual Total Time": 520.162,
                                        "Actual Rows": 1202813,
                                        "Actual Loops": 7,
                                        "Output": [
                                            "ci.id",
                                            "ci.person_id",
                                            "ci.movie_id",
                                            "ci.person_role_id",
                                            "ci.note",
                                            "ci.nr_order",
                                            "ci.role_id"
                                        ],
                                        "Filter": "(ci.person_id > 2843072)",
                                        "Rows Removed by Filter": 3974950,
                                        "Workers": [
                                            {
                                                "Worker Number": 0,
                                                "Actual Startup Time": 285.49,
                                                "Actual Total Time": 525.381,
                                                "Actual Rows": 1178175,
                                                "Actual Loops": 1
                                            },
                                            {
                                                "Worker Number": 1,
                                                "Actual Startup Time": 285.485,
                                                "Actual Total Time": 526.793,
                                                "Actual Rows": 1172877,
                                                "Actual Loops": 1
                                            },
                                            {
                                                "Worker Number": 2,
                                                "Actual Startup Time": 285.48,
                                                "Actual Total Time": 526.877,
                                                "Actual Rows": 1185892,
                                                "Actual Loops": 1
                                            },
                                            {
                                                "Worker Number": 3,
                                                "Actual Startup Time": 285.428,
                                                "Actual Total Time": 527.139,
                                                "Actual Rows": 1159844,
                                                "Actual Loops": 1
                                            },
                                            {
                                                "Worker Number": 4,
                                                "Actual Startup Time": 285.499,
                                                "Actual Total Time": 522.697,
                                                "Actual Rows": 1214604,
                                                "Actual Loops": 1
                                            },
                                            {
                                                "Worker Number": 5,
                                                "Actual Startup Time": 285.493,
                                                "Actual Total Time": 528.269,
                                                "Actual Rows": 1200196,
                                                "Actual Loops": 1
                                            }
                                        ]
                                    },
                                    {
                                        "Node Type": "Hash",
                                        "Parent Relationship": "Inner",
                                        "Parallel Aware": true,
                                        "Startup Cost": 250270.47,
                                        "Total Cost": 250270.47,
                                        "Plan Rows": 445687,
                                        "Plan Width": 8,
                                        "Actual Startup Time": 737.526,
                                        "Actual Total Time": 737.947,
                                        "Actual Rows": 319121,
                                        "Actual Loops": 7,
                                        "Output": [
                                            "t.id",
                                            "mi.movie_id"
                                        ],
                                        "Hash Buckets": 4194304,
                                        "Original Hash Buckets": 4194304,
                                        "Hash Batches": 1,
                                        "Original Hash Batches": 1,
                                        "Peak Memory Usage": 120256,
                                        "Workers": [
                                            {
                                                "Worker Number": 0,
                                                "Actual Startup Time": 740.072,
                                                "Actual Total Time": 740.076,
                                                "Actual Rows": 305404,
                                                "Actual Loops": 1
                                            },
                                            {
                                                "Worker Number": 1,
                                                "Actual Startup Time": 740.053,
                                                "Actual Total Time": 740.057,
                                                "Actual Rows": 305648,
                                                "Actual Loops": 1
                                            },
                                            {
                                                "Worker Number": 2,
                                                "Actual Startup Time": 740.112,
                                                "Actual Total Time": 740.116,
                                                "Actual Rows": 309752,
                                                "Actual Loops": 1
                                            },
                                            {
                                                "Worker Number": 3,
                                                "Actual Startup Time": 740.139,
                                                "Actual Total Time": 740.143,
                                                "Actual Rows": 304991,
                                                "Actual Loops": 1
                                            },
                                            {
                                                "Worker Number": 4,
                                                "Actual Startup Time": 740.039,
                                                "Actual Total Time": 740.043,
                                                "Actual Rows": 321959,
                                                "Actual Loops": 1
                                            },
                                            {
                                                "Worker Number": 5,
                                                "Actual Startup Time": 740.261,
                                                "Actual Total Time": 740.264,
                                                "Actual Rows": 308427,
                                                "Actual Loops": 1
                                            }
                                        ],
                                        "Plans": [
                                            {
                                                "Node Type": "Hash Join",
                                                "Parent Relationship": "Outer",
                                                "Parallel Aware": true,
                                                "Join Type": "Inner",
                                                "Startup Cost": 50219.81,
                                                "Total Cost": 250270.47,
                                                "Plan Rows": 445687,
                                                "Plan Width": 8,
                                                "Actual Startup Time": 253.762,
                                                "Actual Total Time": 619.749,
                                                "Actual Rows": 319121,
                                                "Actual Loops": 7,
                                                "Output": [
                                                    "t.id",
                                                    "mi.movie_id"
                                                ],
                                                "Inner Unique": true,
                                                "Hash Cond": "(mi.movie_id = t.id)",
                                                "Workers": [
                                                    {
                                                        "Worker Number": 0,
                                                        "Actual Startup Time": 253.748,
                                                        "Actual Total Time": 620.773,
                                                        "Actual Rows": 305404,
                                                        "Actual Loops": 1
                                                    },
                                                    {
                                                        "Worker Number": 1,
                                                        "Actual Startup Time": 253.761,
                                                        "Actual Total Time": 620.159,
                                                        "Actual Rows": 305648,
                                                        "Actual Loops": 1
                                                    },
                                                    {
                                                        "Worker Number": 2,
                                                        "Actual Startup Time": 253.763,
                                                        "Actual Total Time": 620.838,
                                                        "Actual Rows": 309752,
                                                        "Actual Loops": 1
                                                    },
                                                    {
                                                        "Worker Number": 3,
                                                        "Actual Startup Time": 253.749,
                                                        "Actual Total Time": 622.236,
                                                        "Actual Rows": 304991,
                                                        "Actual Loops": 1
                                                    },
                                                    {
                                                        "Worker Number": 4,
                                                        "Actual Startup Time": 253.723,
                                                        "Actual Total Time": 619.355,
                                                        "Actual Rows": 321959,
                                                        "Actual Loops": 1
                                                    },
                                                    {
                                                        "Worker Number": 5,
                                                        "Actual Startup Time": 253.726,
                                                        "Actual Total Time": 620.615,
                                                        "Actual Rows": 308427,
                                                        "Actual Loops": 1
                                                    }
                                                ],
                                                "Plans": [
                                                    {
                                                        "Node Type": "Seq Scan",
                                                        "Parent Relationship": "Outer",
                                                        "Parallel Aware": true,
                                                        "Relation Name": "movie_info",
                                                        "Schema": "public",
                                                        "Alias": "mi",
                                                        "Startup Cost": 0.0,
                                                        "Total Cost": 198880.74,
                                                        "Plan Rows": 445687,
                                                        "Plan Width": 4,
                                                        "Actual Startup Time": 14.115,
                                                        "Actual Total Time": 269.415,
                                                        "Actual Rows": 319121,
                                                        "Actual Loops": 7,
                                                        "Output": [
                                                            "mi.id",
                                                            "mi.movie_id",
                                                            "mi.info_type_id",
                                                            "mi.info",
                                                            "mi.note"
                                                        ],
                                                        "Filter": "(mi.info_type_id > 16)",
                                                        "Rows Removed by Filter": 1800267,
                                                        "Workers": [
                                                            {
                                                                "Worker Number": 0,
                                                                "Actual Startup Time": 14.107,
                                                                "Actual Total Time": 272.238,
                                                                "Actual Rows": 305404,
                                                                "Actual Loops": 1
                                                            },
                                                            {
                                                                "Worker Number": 1,
                                                                "Actual Startup Time": 14.137,
                                                                "Actual Total Time": 271.926,
                                                                "Actual Rows": 305648,
                                                                "Actual Loops": 1
                                                            },
                                                            {
                                                                "Worker Number": 2,
                                                                "Actual Startup Time": 14.121,
                                                                "Actual Total Time": 272.203,
                                                                "Actual Rows": 309752,
                                                                "Actual Loops": 1
                                                            },
                                                            {
                                                                "Worker Number": 3,
                                                                "Actual Startup Time": 14.128,
                                                                "Actual Total Time": 272.025,
                                                                "Actual Rows": 304991,
                                                                "Actual Loops": 1
                                                            },
                                                            {
                                                                "Worker Number": 4,
                                                                "Actual Startup Time": 14.058,
                                                                "Actual Total Time": 273.419,
                                                                "Actual Rows": 321959,
                                                                "Actual Loops": 1
                                                            },
                                                            {
                                                                "Worker Number": 5,
                                                                "Actual Startup Time": 14.137,
                                                                "Actual Total Time": 272.474,
                                                                "Actual Rows": 308427,
                                                                "Actual Loops": 1
                                                            }
                                                        ]
                                                    },
                                                    {
                                                        "Node Type": "Hash",
                                                        "Parent Relationship": "Inner",
                                                        "Parallel Aware": true,
                                                        "Startup Cost": 42318.81,
                                                        "Total Cost": 42318.81,
                                                        "Plan Rows": 632080,
                                                        "Plan Width": 4,
                                                        "Actual Startup Time": 236.299,
                                                        "Actual Total Time": 236.3,
                                                        "Actual Rows": 361187,
                                                        "Actual Loops": 7,
                                                        "Output": [
                                                            "t.id"
                                                        ],
                                                        "Hash Buckets": 4194304,
                                                        "Original Hash Buckets": 4194304,
                                                        "Hash Batches": 1,
                                                        "Original Hash Batches": 1,
                                                        "Peak Memory Usage": 131808,
                                                        "Workers": [
                                                            {
                                                                "Worker Number": 0,
                                                                "Actual Startup Time": 239.536,
                                                                "Actual Total Time": 239.538,
                                                                "Actual Rows": 343185,
                                                                "Actual Loops": 1
                                                            },
                                                            {
                                                                "Worker Number": 1,
                                                                "Actual Startup Time": 239.554,
                                                                "Actual Total Time": 239.555,
                                                                "Actual Rows": 338547,
                                                                "Actual Loops": 1
                                                            },
                                                            {
                                                                "Worker Number": 2,
                                                                "Actual Startup Time": 239.543,
                                                                "Actual Total Time": 239.544,
                                                                "Actual Rows": 343581,
                                                                "Actual Loops": 1
                                                            },
                                                            {
                                                                "Worker Number": 3,
                                                                "Actual Startup Time": 239.519,
                                                                "Actual Total Time": 239.52,
                                                                "Actual Rows": 339535,
                                                                "Actual Loops": 1
                                                            },
                                                            {
                                                                "Worker Number": 4,
                                                                "Actual Startup Time": 239.36,
                                                                "Actual Total Time": 239.361,
                                                                "Actual Rows": 340472,
                                                                "Actual Loops": 1
                                                            },
                                                            {
                                                                "Worker Number": 5,
                                                                "Actual Startup Time": 239.462,
                                                                "Actual Total Time": 239.463,
                                                                "Actual Rows": 341764,
                                                                "Actual Loops": 1
                                                            }
                                                        ],
                                                        "Plans": [
                                                            {
                                                                "Node Type": "Seq Scan",
                                                                "Parent Relationship": "Outer",
                                                                "Parallel Aware": true,
                                                                "Relation Name": "title",
                                                                "Schema": "public",
                                                                "Alias": "t",
                                                                "Startup Cost": 0.0,
                                                                "Total Cost": 42318.81,
                                                                "Plan Rows": 632080,
                                                                "Plan Width": 4,
                                                                "Actual Startup Time": 0.062,
                                                                "Actual Total Time": 67.753,
                                                                "Actual Rows": 361187,
                                                                "Actual Loops": 7,
                                                                "Output": [
                                                                    "t.id"
                                                                ],
                                                                "Workers": [
                                                                    {
                                                                        "Worker Number": 0,
                                                                        "Actual Startup Time": 0.07,
                                                                        "Actual Total Time": 70.075,
                                                                        "Actual Rows": 343185,
                                                                        "Actual Loops": 1
                                                                    },
                                                                    {
                                                                        "Worker Number": 1,
                                                                        "Actual Startup Time": 0.072,
                                                                        "Actual Total Time": 70.141,
                                                                        "Actual Rows": 338547,
                                                                        "Actual Loops": 1
                                                                    },
                                                                    {
                                                                        "Worker Number": 2,
                                                                        "Actual Startup Time": 0.063,
                                                                        "Actual Total Time": 70.081,
                                                                        "Actual Rows": 343581,
                                                                        "Actual Loops": 1
                                                                    },
                                                                    {
                                                                        "Worker Number": 3,
                                                                        "Actual Startup Time": 0.073,
                                                                        "Actual Total Time": 70.188,
                                                                        "Actual Rows": 339535,
                                                                        "Actual Loops": 1
                                                                    },
                                                                    {
                                                                        "Worker Number": 4,
                                                                        "Actual Startup Time": 0.078,
                                                                        "Actual Total Time": 69.664,
                                                                        "Actual Rows": 340472,
                                                                        "Actual Loops": 1
                                                                    },
                                                                    {
                                                                        "Worker Number": 5,
                                                                        "Actual Startup Time": 0.061,
                                                                        "Actual Total Time": 69.949,
                                                                        "Actual Rows": 341764,
                                                                        "Actual Loops": 1
                                                                    }
                                                                ]
                                                            }
                                                        ]
                                                    }
                                                ]
                                            }
                                        ]
                                    }
                                ]
                            }
                        ]
                    }
                ]
            }
        ]
    },
    "Planning Time": 1.484,
    "Triggers": [],
    "Execution Time": 2402.96
}