[
  {
    "Plan": {
      "Node Type": "Aggregate",
      "Strategy": "Plain",
      "Partial Mode": "Finalize",
      "Parallel Aware": false,
      "Startup Cost": 383974.43,
      "Total Cost": 383974.44,
      "Plan Rows": 1,
      "Plan Width": 8,
      "Actual Startup Time": 1265.32,
      "Actual Total Time": 1323.371,
      "Actual Rows": 1,
      "Actual Loops": 1,
      "Plans": [
        {
          "Node Type": "Gather",
          "Parent Relationship": "Outer",
          "Parallel Aware": false,
          "Startup Cost": 383973.81,
          "Total Cost": 383974.42,
          "Plan Rows": 6,
          "Plan Width": 8,
          "Actual Startup Time": 1254.164,
          "Actual Total Time": 1323.361,
          "Actual Rows": 7,
          "Actual Loops": 1,
          "Workers Planned": 6,
          "Workers Launched": 6,
          "Single Copy": false,
          "Plans": [
            {
              "Node Type": "Aggregate",
              "Strategy": "Plain",
              "Partial Mode": "Partial",
              "Parent Relationship": "Outer",
              "Parallel Aware": false,
              "Startup Cost": 382973.81,
              "Total Cost": 382973.82,
              "Plan Rows": 1,
              "Plan Width": 8,
              "Actual Startup Time": 1238.484,
              "Actual Total Time": 1238.487,
              "Actual Rows": 1,
              "Actual Loops": 7,
              "Plans": [
                {
                  "Node Type": "Hash Join",
                  "Parent Relationship": "Outer",
                  "Parallel Aware": true,
                  "Join Type": "Inner",
                  "Startup Cost": 47598.29,
                  "Total Cost": 380749.16,
                  "Plan Rows": 889858,
                  "Plan Width": 0,
                  "Actual Startup Time": 433.657,
                  "Actual Total Time": 1210.131,
                  "Actual Rows": 613353,
                  "Actual Loops": 7,
                  "Inner Unique": true,
                  "Hash Cond": "(ci.movie_id = t.id)",
                  "Plans": [
                    {
                      "Node Type": "Seq Scan",
                      "Parent Relationship": "Outer",
                      "Parallel Aware": true,
                      "Relation Name": "cast_info",
                      "Alias": "ci",
                      "Startup Cost": 0.0,
                      "Total Cost": 328162.03,
                      "Plan Rows": 1900508,
                      "Plan Width": 4,
                      "Actual Startup Time": 261.206,
                      "Actual Total Time": 552.031,
                      "Actual Rows": 1618160,
                      "Actual Loops": 7,
                      "Filter": "(person_id > 2567136)",
                      "Rows Removed by Filter": 3559603
                    },
                    {
                      "Node Type": "Hash",
                      "Parent Relationship": "Inner",
                      "Parallel Aware": true,
                      "Startup Cost": 43898.92,
                      "Total Cost": 43898.92,
                      "Plan Rows": 295950,
                      "Plan Width": 4,
                      "Actual Startup Time": 167.565,
                      "Actual Total Time": 167.565,
                      "Actual Rows": 170846,
                      "Actual Loops": 7,
                      "Hash Buckets": 2097152,
                      "Original Hash Buckets": 2097152,
                      "Hash Batches": 1,
                      "Original Hash Batches": 1,
                      "Peak Memory Usage": 63264,
                      "Plans": [
                        {
                          "Node Type": "Seq Scan",
                          "Parent Relationship": "Outer",
                          "Parallel Aware": true,
                          "Relation Name": "title",
                          "Alias": "t",
                          "Startup Cost": 0.0,
                          "Total Cost": 43898.92,
                          "Plan Rows": 295950,
                          "Plan Width": 4,
                          "Actual Startup Time": 0.044,
                          "Actual Total Time": 78.824,
                          "Actual Rows": 170846,
                          "Actual Loops": 7,
                          "Filter": "(production_year < 2003)",
                          "Rows Removed by Filter": 190341
                        }
                      ]
                    }
                  ]
                }
              ]
            }
          ]
        }
      ]
    },
    "Planning Time": 0.64,
    "Triggers": [],
    "Execution Time": 1323.459
  }
]