{
  "Plan": {
    "Node Type": "Aggregate",
    "Strategy": "Plain",
    "Partial Mode": "Finalize",
    "Parallel Aware": false,
    "Startup Cost": 123276.87,
    "Total Cost": 123276.88,
    "Plan Rows": 1,
    "Plan Width": 8,
    "Actual Startup Time": 464.074,
    "Actual Total Time": 481.291,
    "Actual Rows": 1,
    "Actual Loops": 1,
    "Plans": [
      {
        "Node Type": "Gather",
        "Parent Relationship": "Outer",
        "Parallel Aware": false,
        "Startup Cost": 123276.76,
        "Total Cost": 123276.87,
        "Plan Rows": 1,
        "Plan Width": 8,
        "Actual Startup Time": 463.894,
        "Actual Total Time": 481.284,
        "Actual Rows": 2,
        "Actual Loops": 1,
        "Workers Planned": 1,
        "Workers Launched": 1,
        "Single Copy": false,
        "Plans": [
          {
            "Node Type": "Aggregate",
            "Strategy": "Plain",
            "Partial Mode": "Partial",
            "Parent Relationship": "Outer",
            "Parallel Aware": false,
            "Startup Cost": 122276.76,
            "Total Cost": 122276.77,
            "Plan Rows": 1,
            "Plan Width": 8,
            "Actual Startup Time": 458.149,
            "Actual Total Time": 458.152,
            "Actual Rows": 1,
            "Actual Loops": 2,
            "Plans": [
              {
                "Node Type": "Hash Join",
                "Parent Relationship": "Outer",
                "Parallel Aware": true,
                "Join Type": "Inner",
                "Startup Cost": 58556.06,
                "Total Cost": 122200.98,
                "Plan Rows": 30312,
                "Plan Width": 0,
                "Actual Startup Time": 153.921,
                "Actual Total Time": 457.511,
                "Actual Rows": 14242,
                "Actual Loops": 2,
                "Inner Unique": true,
                "Hash Cond": "(mk.movie_id = t.id)",
                "Plans": [
                  {
                    "Node Type": "Seq Scan",
                    "Parent Relationship": "Outer",
                    "Parallel Aware": true,
                    "Relation Name": "movie_keyword",
                    "Alias": "mk",
                    "Startup Cost": 0.0,
                    "Total Cost": 57718.19,
                    "Plan Rows": 2257799,
                    "Plan Width": 4,
                    "Actual Startup Time": 0.045,
                    "Actual Total Time": 191.719,
                    "Actual Rows": 1915710,
                    "Actual Loops": 2,
                    "Filter": "(keyword_id > 571)",
                    "Rows Removed by Filter": 346256
                  },
                  {
                    "Node Type": "Hash",
                    "Parent Relationship": "Inner",
                    "Parallel Aware": true,
                    "Startup Cost": 58306.47,
                    "Total Cost": 58306.47,
                    "Plan Rows": 19967,
                    "Plan Width": 4,
                    "Actual Startup Time": 151.903,
                    "Actual Total Time": 151.904,
                    "Actual Rows": 19948,
                    "Actual Loops": 2,
                    "Hash Buckets": 65536,
                    "Original Hash Buckets": 65536,
                    "Hash Batches": 1,
                    "Original Hash Batches": 1,
                    "Peak Memory Usage": 2112,
                    "Plans": [
                      {
                        "Node Type": "Seq Scan",
                        "Parent Relationship": "Outer",
                        "Parallel Aware": true,
                        "Relation Name": "title",
                        "Alias": "t",
                        "Startup Cost": 0.0,
                        "Total Cost": 58306.47,
                        "Plan Rows": 19967,
                        "Plan Width": 4,
                        "Actual Startup Time": 0.054,
                        "Actual Total Time": 145.291,
                        "Actual Rows": 19948,
                        "Actual Loops": 2,
                        "Filter": "((kind_id > 3) AND (production_year = 2000))",
                        "Rows Removed by Filter": 1244208
                      }
                    ]
                  }
                ]
              }
            ]
          }
        ]
      }
    ]
  },
  "Planning Time": 0.466,
  "Triggers": [],
  "Execution Time": 481.36
}