{
  "Plan": {
    "Node Type": "Aggregate",
    "Strategy": "Plain",
    "Partial Mode": "Finalize",
    "Parallel Aware": false,
    "Startup Cost": 156626.68,
    "Total Cost": 156626.69,
    "Plan Rows": 1,
    "Plan Width": 8,
    "Actual Startup Time": 153.464,
    "Actual Total Time": 162.962,
    "Actual Rows": 1,
    "Actual Loops": 1,
    "Plans": [
      {
        "Node Type": "Gather",
        "Parent Relationship": "Outer",
        "Parallel Aware": false,
        "Startup Cost": 156626.57,
        "Total Cost": 156626.68,
        "Plan Rows": 1,
        "Plan Width": 8,
        "Actual Startup Time": 153.3,
        "Actual Total Time": 162.954,
        "Actual Rows": 2,
        "Actual Loops": 1,
        "Workers Planned": 1,
        "Workers Launched": 1,
        "Single Copy": false,
        "Plans": [
          {
            "Node Type": "Aggregate",
            "Strategy": "Plain",
            "Partial Mode": "Partial",
            "Parent Relationship": "Outer",
            "Parallel Aware": false,
            "Startup Cost": 155626.57,
            "Total Cost": 155626.58,
            "Plan Rows": 1,
            "Plan Width": 8,
            "Actual Startup Time": 147.276,
            "Actual Total Time": 147.278,
            "Actual Rows": 1,
            "Actual Loops": 2,
            "Plans": [
              {
                "Node Type": "Nested Loop",
                "Parent Relationship": "Outer",
                "Parallel Aware": false,
                "Join Type": "Inner",
                "Startup Cost": 0.43,
                "Total Cost": 155617.11,
                "Plan Rows": 3784,
                "Plan Width": 0,
                "Actual Startup Time": 121.221,
                "Actual Total Time": 147.27,
                "Actual Rows": 2,
                "Actual Loops": 2,
                "Inner Unique": false,
                "Plans": [
                  {
                    "Node Type": "Seq Scan",
                    "Parent Relationship": "Outer",
                    "Parallel Aware": true,
                    "Relation Name": "title",
                    "Alias": "t",
                    "Startup Cost": 0.0,
                    "Total Cost": 58306.47,
                    "Plan Rows": 647,
                    "Plan Width": 4,
                    "Actual Startup Time": 121.15,
                    "Actual Total Time": 147.183,
                    "Actual Rows": 2,
                    "Actual Loops": 2,
                    "Filter": "((kind_id = 7) AND (production_year = 1944))",
                    "Rows Removed by Filter": 1264154
                  },
                  {
                    "Node Type": "Index Only Scan",
                    "Parent Relationship": "Inner",
                    "Parallel Aware": false,
                    "Scan Direction": "Forward",
                    "Index Name": "movie_id_movie_info",
                    "Relation Name": "movie_info",
                    "Alias": "mi",
                    "Startup Cost": 0.43,
                    "Total Cost": 149.98,
                    "Plan Rows": 42,
                    "Plan Width": 4,
                    "Actual Startup Time": 0.03,
                    "Actual Total Time": 0.031,
                    "Actual Rows": 1,
                    "Actual Loops": 5,
                    "Index Cond": "(movie_id = t.id)",
                    "Rows Removed by Index Recheck": 0,
                    "Heap Fetches": 5
                  }
                ]
              }
            ]
          }
        ]
      }
    ]
  },
  "Planning Time": 0.459,
  "Triggers": [],
  "Execution Time": 163.038
}