[
  {
    "Plan": {
      "Node Type": "Aggregate",
      "Strategy": "Plain",
      "Partial Mode": "Finalize",
      "Parallel Aware": false,
      "Startup Cost": 32011.93,
      "Total Cost": 32011.94,
      "Plan Rows": 1,
      "Plan Width": 8,
      "Actual Startup Time": 105.061,
      "Actual Total Time": 109.72,
      "Actual Rows": 1,
      "Actual Loops": 1,
      "Plans": [
        {
          "Node Type": "Gather",
          "Parent Relationship": "Outer",
          "Parallel Aware": false,
          "Startup Cost": 32011.61,
          "Total Cost": 32011.92,
          "Plan Rows": 3,
          "Plan Width": 8,
          "Actual Startup Time": 104.816,
          "Actual Total Time": 109.712,
          "Actual Rows": 4,
          "Actual Loops": 1,
          "Workers Planned": 3,
          "Workers Launched": 3,
          "Single Copy": false,
          "Plans": [
            {
              "Node Type": "Aggregate",
              "Strategy": "Plain",
              "Partial Mode": "Partial",
              "Parent Relationship": "Outer",
              "Parallel Aware": false,
              "Startup Cost": 31011.61,
              "Total Cost": 31011.62,
              "Plan Rows": 1,
              "Plan Width": 8,
              "Actual Startup Time": 97.125,
              "Actual Total Time": 97.126,
              "Actual Rows": 1,
              "Actual Loops": 4,
              "Plans": [
                {
                  "Node Type": "Bitmap Heap Scan",
                  "Parent Relationship": "Outer",
                  "Parallel Aware": true,
                  "Relation Name": "movie_companies",
                  "Alias": "mc",
                  "Startup Cost": 9831.86,
                  "Total Cost": 30830.41,
                  "Plan Rows": 72480,
                  "Plan Width": 0,
                  "Actual Startup Time": 30.834,
                  "Actual Total Time": 89.963,
                  "Actual Rows": 85245,
                  "Actual Loops": 4,
                  "Recheck Cond": "(company_id < 369)",
                  "Rows Removed by Index Recheck": 0,
                  "Filter": "(company_type_id < 2)",
                  "Rows Removed by Filter": 27271,
                  "Exact Heap Blocks": 7223,
                  "Lossy Heap Blocks": 0,
                  "Plans": [
                    {
                      "Node Type": "Bitmap Index Scan",
                      "Parent Relationship": "Outer",
                      "Parallel Aware": false,
                      "Index Name": "company_id_movie_companies",
                      "Startup Cost": 0.0,
                      "Total Cost": 9775.68,
                      "Plan Rows": 456434,
                      "Plan Width": 0,
                      "Actual Startup Time": 34.804,
                      "Actual Total Time": 34.805,
                      "Actual Rows": 450066,
                      "Actual Loops": 1,
                      "Index Cond": "(company_id < 369)"
                    }
                  ]
                }
              ]
            }
          ]
        }
      ]
    },
    "Planning Time": 0.221,
    "Triggers": [],
    "Execution Time": 109.797
  }
]