[
    {
        "Bao": {
            "Bao prediction": 467.772,
            "Bao recommended hint": "(no hint)"
        }
    },
    {
        "Plan": {
            "Node Type": "Aggregate",
            "Strategy": "Plain",
            "Partial Mode": "Finalize",
            "Parallel Aware": false,
            "Startup Cost": 33406.12,
            "Total Cost": 33406.13,
            "Plan Rows": 1,
            "Plan Width": 8,
            "Actual Startup Time": 116.609,
            "Actual Total Time": 121.737,
            "Actual Rows": 1,
            "Actual Loops": 1,
            "Output": [
                "count(*)"
            ],
            "Plans": [
                {
                    "Node Type": "Gather",
                    "Parent Relationship": "Outer",
                    "Parallel Aware": false,
                    "Startup Cost": 33405.8,
                    "Total Cost": 33406.11,
                    "Plan Rows": 3,
                    "Plan Width": 8,
                    "Actual Startup Time": 116.522,
                    "Actual Total Time": 121.729,
                    "Actual Rows": 4,
                    "Actual Loops": 1,
                    "Output": [
                        "(PARTIAL count(*))"
                    ],
                    "Workers Planned": 3,
                    "Workers Launched": 3,
                    "Single Copy": false,
                    "Plans": [
                        {
                            "Node Type": "Aggregate",
                            "Strategy": "Plain",
                            "Partial Mode": "Partial",
                            "Parent Relationship": "Outer",
                            "Parallel Aware": false,
                            "Startup Cost": 32405.8,
                            "Total Cost": 32405.81,
                            "Plan Rows": 1,
                            "Plan Width": 8,
                            "Actual Startup Time": 108.755,
                            "Actual Total Time": 108.756,
                            "Actual Rows": 1,
                            "Actual Loops": 4,
                            "Output": [
                                "PARTIAL count(*)"
                            ],
                            "Workers": [
                                {
                                    "Worker Number": 0,
                                    "Actual Startup Time": 106.307,
                                    "Actual Total Time": 106.308,
                                    "Actual Rows": 1,
                                    "Actual Loops": 1
                                },
                                {
                                    "Worker Number": 1,
                                    "Actual Startup Time": 106.354,
                                    "Actual Total Time": 106.354,
                                    "Actual Rows": 1,
                                    "Actual Loops": 1
                                },
                                {
                                    "Worker Number": 2,
                                    "Actual Startup Time": 106.449,
                                    "Actual Total Time": 106.451,
                                    "Actual Rows": 1,
                                    "Actual Loops": 1
                                }
                            ],
                            "Plans": [
                                {
                                    "Node Type": "Seq Scan",
                                    "Parent Relationship": "Outer",
                                    "Parallel Aware": true,
                                    "Relation Name": "movie_companies",
                                    "Schema": "public",
                                    "Alias": "mc",
                                    "Startup Cost": 0.0,
                                    "Total Cost": 31414.82,
                                    "Plan Rows": 396393,
                                    "Plan Width": 0,
                                    "Actual Startup Time": 48.856,
                                    "Actual Total Time": 93.172,
                                    "Actual Rows": 283144,
                                    "Actual Loops": 4,
                                    "Output": [
                                        "id",
                                        "movie_id",
                                        "company_id",
                                        "company_type_id",
                                        "note"
                                    ],
                                    "Filter": "((mc.company_id < 112731) AND (mc.company_type_id = 2))",
                                    "Rows Removed by Filter": 369139,
                                    "Workers": [
                                        {
                                            "Worker Number": 0,
                                            "Actual Startup Time": 46.407,
                                            "Actual Total Time": 90.864,
                                            "Actual Rows": 235977,
                                            "Actual Loops": 1
                                        },
                                        {
                                            "Worker Number": 1,
                                            "Actual Startup Time": 46.442,
                                            "Actual Total Time": 90.928,
                                            "Actual Rows": 234925,
                                            "Actual Loops": 1
                                        },
                                        {
                                            "Worker Number": 2,
                                            "Actual Startup Time": 46.567,
                                            "Actual Total Time": 91.061,
                                            "Actual Rows": 233811,
                                            "Actual Loops": 1
                                        }
                                    ]
                                }
                            ]
                        }
                    ]
                }
            ]
        },
        "Planning Time": 1442.584,
        "Triggers": [],
        "Execution Time": 121.828
    }
]