[
  {
    "Plan": {
      "Node Type": "Aggregate",
      "Strategy": "Plain",
      "Partial Mode": "Finalize",
      "Parallel Aware": false,
      "Startup Cost": 307696.75,
      "Total Cost": 307696.76,
      "Plan Rows": 1,
      "Plan Width": 8,
      "Actual Startup Time": 2009.84,
      "Actual Total Time": 2067.235,
      "Actual Rows": 1,
      "Actual Loops": 1,
      "Plans": [
        {
          "Node Type": "Gather",
          "Parent Relationship": "Outer",
          "Parallel Aware": false,
          "Startup Cost": 307696.23,
          "Total Cost": 307696.74,
          "Plan Rows": 5,
          "Plan Width": 8,
          "Actual Startup Time": 1998.35,
          "Actual Total Time": 2067.223,
          "Actual Rows": 6,
          "Actual Loops": 1,
          "Workers Planned": 5,
          "Workers Launched": 5,
          "Single Copy": false,
          "Plans": [
            {
              "Node Type": "Aggregate",
              "Strategy": "Plain",
              "Partial Mode": "Partial",
              "Parent Relationship": "Outer",
              "Parallel Aware": false,
              "Startup Cost": 306696.23,
              "Total Cost": 306696.24,
              "Plan Rows": 1,
              "Plan Width": 8,
              "Actual Startup Time": 1989.506,
              "Actual Total Time": 1989.922,
              "Actual Rows": 1,
              "Actual Loops": 6,
              "Plans": [
                {
                  "Node Type": "Hash Join",
                  "Parent Relationship": "Outer",
                  "Parallel Aware": true,
                  "Join Type": "Inner",
                  "Startup Cost": 96920.79,
                  "Total Cost": 303659.24,
                  "Plan Rows": 1214794,
                  "Plan Width": 0,
                  "Actual Startup Time": 398.075,
                  "Actual Total Time": 1647.198,
                  "Actual Rows": 7330398,
                  "Actual Loops": 6,
                  "Inner Unique": false,
                  "Hash Cond": "(mi.movie_id = t.id)",
                  "Plans": [
                    {
                      "Node Type": "Seq Scan",
                      "Parent Relationship": "Outer",
                      "Parallel Aware": true,
                      "Relation Name": "movie_info",
                      "Alias": "mi",
                      "Startup Cost": 0.0,
                      "Total Cost": 191685.19,
                      "Plan Rows": 2969219,
                      "Plan Width": 4,
                      "Actual Startup Time": 0.039,
                      "Actual Total Time": 294.121,
                      "Actual Rows": 2472620,
                      "Actual Loops": 6
                    },
                    {
                      "Node Type": "Hash",
                      "Parent Relationship": "Inner",
                      "Parallel Aware": true,
                      "Startup Cost": 92749.61,
                      "Total Cost": 92749.61,
                      "Plan Rows": 333694,
                      "Plan Width": 8,
                      "Actual Startup Time": 393.639,
                      "Actual Total Time": 394.053,
                      "Actual Rows": 139261,
                      "Actual Loops": 6,
                      "Hash Buckets": 1048576,
                      "Original Hash Buckets": 1048576,
                      "Hash Batches": 1,
                      "Original Hash Batches": 1,
                      "Peak Memory Usage": 40992,
                      "Plans": [
                        {
                          "Node Type": "Hash Join",
                          "Parent Relationship": "Outer",
                          "Parallel Aware": true,
                          "Join Type": "Inner",
                          "Startup Cost": 48573.12,
                          "Total Cost": 92749.61,
                          "Plan Rows": 333694,
                          "Plan Width": 8,
                          "Actual Startup Time": 208.366,
                          "Actual Total Time": 344.079,
                          "Actual Rows": 139261,
                          "Actual Loops": 6,
                          "Inner Unique": true,
                          "Hash Cond": "(mk.movie_id = t.id)",
                          "Plans": [
                            {
                              "Node Type": "Seq Scan",
                              "Parent Relationship": "Outer",
                              "Parallel Aware": true,
                              "Relation Name": "movie_keyword",
                              "Alias": "mk",
                              "Startup Cost": 0.0,
                              "Total Cost": 42695.65,
                              "Plan Rows": 564129,
                              "Plan Width": 4,
                              "Actual Startup Time": 0.035,
                              "Actual Total Time": 76.724,
                              "Actual Rows": 291967,
                              "Actual Loops": 6,
                              "Filter": "(keyword_id < 2860)",
                              "Rows Removed by Filter": 462022
                            },
                            {
                              "Node Type": "Hash",
                              "Parent Relationship": "Inner",
                              "Parallel Aware": true,
                              "Startup Cost": 43899.32,
                              "Total Cost": 43899.32,
                              "Plan Rows": 373904,
                              "Plan Width": 4,
                              "Actual Startup Time": 204.921,
                              "Actual Total Time": 204.922,
                              "Actual Rows": 247505,
                              "Actual Loops": 6,
                              "Hash Buckets": 2097152,
                              "Original Hash Buckets": 2097152,
                              "Hash Batches": 1,
                              "Original Hash Batches": 1,
                              "Peak Memory Usage": 74624,
                              "Plans": [
                                {
                                  "Node Type": "Seq Scan",
                                  "Parent Relationship": "Outer",
                                  "Parallel Aware": true,
                                  "Relation Name": "title",
                                  "Alias": "t",
                                  "Startup Cost": 0.0,
                                  "Total Cost": 43899.32,
                                  "Plan Rows": 373904,
                                  "Plan Width": 4,
                                  "Actual Startup Time": 0.045,
                                  "Actual Total Time": 85.015,
                                  "Actual Rows": 247505,
                                  "Actual Loops": 6,
                                  "Filter": "(production_year > 1998)",
                                  "Rows Removed by Filter": 173880
                                }
                              ]
                            }
                          ]
                        }
                      ]
                    }
                  ]
                }
              ]
            }
          ]
        }
      ]
    },
    "Planning Time": 1.455,
    "Triggers": [],
    "Execution Time": 2067.335
  }
]