{
    "Plan": {
        "Node Type": "Aggregate",
        "Strategy": "Plain",
        "Partial Mode": "Finalize",
        "Parallel Aware": false,
        "Startup Cost": 105592.7,
        "Total Cost": 105592.71,
        "Plan Rows": 1,
        "Plan Width": 8,
        "Actual Startup Time": 918.81,
        "Actual Total Time": 993.403,
        "Actual Rows": 1,
        "Actual Loops": 1,
        "Output": [
            "count(*)"
        ],
        "Plans": [
            {
                "Node Type": "Gather",
                "Parent Relationship": "Outer",
                "Parallel Aware": false,
                "Startup Cost": 105592.39,
                "Total Cost": 105592.7,
                "Plan Rows": 3,
                "Plan Width": 8,
                "Actual Startup Time": 918.801,
                "Actual Total Time": 993.395,
                "Actual Rows": 4,
                "Actual Loops": 1,
                "Output": [
                    "(PARTIAL count(*))"
                ],
                "Workers Planned": 3,
                "Workers Launched": 3,
                "Single Copy": false,
                "Plans": [
                    {
                        "Node Type": "Aggregate",
                        "Strategy": "Plain",
                        "Partial Mode": "Partial",
                        "Parent Relationship": "Outer",
                        "Parallel Aware": false,
                        "Startup Cost": 104592.39,
                        "Total Cost": 104592.4,
                        "Plan Rows": 1,
                        "Plan Width": 8,
                        "Actual Startup Time": 908.722,
                        "Actual Total Time": 908.726,
                        "Actual Rows": 1,
                        "Actual Loops": 4,
                        "Output": [
                            "PARTIAL count(*)"
                        ],
                        "Workers": [
                            {
                                "Worker Number": 0,
                                "Actual Startup Time": 905.539,
                                "Actual Total Time": 905.542,
                                "Actual Rows": 1,
                                "Actual Loops": 1
                            },
                            {
                                "Worker Number": 1,
                                "Actual Startup Time": 905.95,
                                "Actual Total Time": 905.953,
                                "Actual Rows": 1,
                                "Actual Loops": 1
                            },
                            {
                                "Worker Number": 2,
                                "Actual Startup Time": 905.339,
                                "Actual Total Time": 905.343,
                                "Actual Rows": 1,
                                "Actual Loops": 1
                            }
                        ],
                        "Plans": [
                            {
                                "Node Type": "Nested Loop",
                                "Parent Relationship": "Outer",
                                "Parallel Aware": false,
                                "Join Type": "Inner",
                                "Startup Cost": 45628.89,
                                "Total Cost": 104204.72,
                                "Plan Rows": 155066,
                                "Plan Width": 0,
                                "Actual Startup Time": 103.78,
                                "Actual Total Time": 880.692,
                                "Actual Rows": 560700,
                                "Actual Loops": 4,
                                "Inner Unique": false,
                                "Join Filter": "(t.id = ci.movie_id)",
                                "Rows Removed by Join Filter": 0,
                                "Workers": [
                                    {
                                        "Worker Number": 0,
                                        "Actual Startup Time": 100.705,
                                        "Actual Total Time": 881.289,
                                        "Actual Rows": 509964,
                                        "Actual Loops": 1
                                    },
                                    {
                                        "Worker Number": 1,
                                        "Actual Startup Time": 101.164,
                                        "Actual Total Time": 879.309,
                                        "Actual Rows": 574527,
                                        "Actual Loops": 1
                                    },
                                    {
                                        "Worker Number": 2,
                                        "Actual Startup Time": 100.728,
                                        "Actual Total Time": 877.467,
                                        "Actual Rows": 341401,
                                        "Actual Loops": 1
                                    }
                                ],
                                "Plans": [
                                    {
                                        "Node Type": "Hash Join",
                                        "Parent Relationship": "Outer",
                                        "Parallel Aware": true,
                                        "Join Type": "Inner",
                                        "Startup Cost": 45628.32,
                                        "Total Cost": 76443.17,
                                        "Plan Rows": 10815,
                                        "Plan Width": 8,
                                        "Actual Startup Time": 103.688,
                                        "Actual Total Time": 228.087,
                                        "Actual Rows": 15277,
                                        "Actual Loops": 4,
                                        "Output": [
                                            "t.id",
                                            "mc.movie_id"
                                        ],
                                        "Inner Unique": true,
                                        "Hash Cond": "(mc.movie_id = t.id)",
                                        "Workers": [
                                            {
                                                "Worker Number": 0,
                                                "Actual Startup Time": 100.598,
                                                "Actual Total Time": 215.822,
                                                "Actual Rows": 14103,
                                                "Actual Loops": 1
                                            },
                                            {
                                                "Worker Number": 1,
                                                "Actual Startup Time": 101.061,
                                                "Actual Total Time": 218.098,
                                                "Actual Rows": 15837,
                                                "Actual Loops": 1
                                            },
                                            {
                                                "Worker Number": 2,
                                                "Actual Startup Time": 100.603,
                                                "Actual Total Time": 217.68,
                                                "Actual Rows": 9550,
                                                "Actual Loops": 1
                                            }
                                        ],
                                        "Plans": [
                                            {
                                                "Node Type": "Seq Scan",
                                                "Parent Relationship": "Outer",
                                                "Parallel Aware": true,
                                                "Relation Name": "movie_companies",
                                                "Schema": "public",
                                                "Alias": "mc",
                                                "Startup Cost": 0.0,
                                                "Total Cost": 29310.68,
                                                "Plan Rows": 573016,
                                                "Plan Width": 4,
                                                "Actual Startup Time": 0.669,
                                                "Actual Total Time": 68.471,
                                                "Actual Rows": 444277,
                                                "Actual Loops": 4,
                                                "Output": [
                                                    "mc.id",
                                                    "mc.movie_id",
                                                    "mc.company_id",
                                                    "mc.company_type_id",
                                                    "mc.note"
                                                ],
                                                "Filter": "(mc.company_id > 2065)",
                                                "Rows Removed by Filter": 208006,
                                                "Workers": [
                                                    {
                                                        "Worker Number": 0,
                                                        "Actual Startup Time": 0.658,
                                                        "Actual Total Time": 62.162,
                                                        "Actual Rows": 405236,
                                                        "Actual Loops": 1
                                                    },
                                                    {
                                                        "Worker Number": 1,
                                                        "Actual Startup Time": 0.672,
                                                        "Actual Total Time": 65.056,
                                                        "Actual Rows": 456634,
                                                        "Actual Loops": 1
                                                    },
                                                    {
                                                        "Worker Number": 2,
                                                        "Actual Startup Time": 0.665,
                                                        "Actual Total Time": 64.483,
                                                        "Actual Rows": 277396,
                                                        "Actual Loops": 1
                                                    }
                                                ]
                                            },
                                            {
                                                "Node Type": "Hash",
                                                "Parent Relationship": "Inner",
                                                "Parallel Aware": true,
                                                "Startup Cost": 45479.21,
                                                "Total Cost": 45479.21,
                                                "Plan Rows": 11929,
                                                "Plan Width": 4,
                                                "Actual Startup Time": 101.926,
                                                "Actual Total Time": 101.927,
                                                "Actual Rows": 9688,
                                                "Actual Loops": 4,
                                                "Output": [
                                                    "t.id"
                                                ],
                                                "Hash Buckets": 65536,
                                                "Original Hash Buckets": 65536,
                                                "Hash Batches": 1,
                                                "Original Hash Batches": 1,
                                                "Peak Memory Usage": 2112,
                                                "Workers": [
                                                    {
                                                        "Worker Number": 0,
                                                        "Actual Startup Time": 99.481,
                                                        "Actual Total Time": 99.483,
                                                        "Actual Rows": 9392,
                                                        "Actual Loops": 1
                                                    },
                                                    {
                                                        "Worker Number": 1,
                                                        "Actual Startup Time": 99.909,
                                                        "Actual Total Time": 99.91,
                                                        "Actual Rows": 9872,
                                                        "Actual Loops": 1
                                                    },
                                                    {
                                                        "Worker Number": 2,
                                                        "Actual Startup Time": 99.447,
                                                        "Actual Total Time": 99.449,
                                                        "Actual Rows": 6275,
                                                        "Actual Loops": 1
                                                    }
                                                ],
                                                "Plans": [
                                                    {
                                                        "Node Type": "Seq Scan",
                                                        "Parent Relationship": "Outer",
                                                        "Parallel Aware": true,
                                                        "Relation Name": "title",
                                                        "Schema": "public",
                                                        "Alias": "t",
                                                        "Startup Cost": 0.0,
                                                        "Total Cost": 45479.21,
                                                        "Plan Rows": 11929,
                                                        "Plan Width": 4,
                                                        "Actual Startup Time": 0.364,
                                                        "Actual Total Time": 97.482,
                                                        "Actual Rows": 9688,
                                                        "Actual Loops": 4,
                                                        "Output": [
                                                            "t.id"
                                                        ],
                                                        "Filter": "((t.kind_id < 7) AND (t.production_year = 2008))",
                                                        "Rows Removed by Filter": 622390,
                                                        "Workers": [
                                                            {
                                                                "Worker Number": 0,
                                                                "Actual Startup Time": 0.644,
                                                                "Actual Total Time": 95.553,
                                                                "Actual Rows": 9392,
                                                                "Actual Loops": 1
                                                            },
                                                            {
                                                                "Worker Number": 1,
                                                                "Actual Startup Time": 0.213,
                                                                "Actual Total Time": 95.693,
                                                                "Actual Rows": 9872,
                                                                "Actual Loops": 1
                                                            },
                                                            {
                                                                "Worker Number": 2,
                                                                "Actual Startup Time": 0.466,
                                                                "Actual Total Time": 94.632,
                                                                "Actual Rows": 6275,
                                                                "Actual Loops": 1
                                                            }
                                                        ]
                                                    }
                                                ]
                                            }
                                        ]
                                    },
                                    {
                                        "Node Type": "Index Only Scan",
                                        "Parent Relationship": "Inner",
                                        "Parallel Aware": false,
                                        "Scan Direction": "Forward",
                                        "Index Name": "movie_id_cast_info",
                                        "Relation Name": "cast_info",
                                        "Schema": "public",
                                        "Alias": "ci",
                                        "Startup Cost": 0.56,
                                        "Total Cost": 2.09,
                                        "Plan Rows": 38,
                                        "Plan Width": 4,
                                        "Actual Startup Time": 0.007,
                                        "Actual Total Time": 0.039,
                                        "Actual Rows": 37,
                                        "Actual Loops": 61108,
                                        "Output": [
                                            "ci.movie_id"
                                        ],
                                        "Index Cond": "(ci.movie_id = mc.movie_id)",
                                        "Rows Removed by Index Recheck": 0,
                                        "Heap Fetches": 2242802,
                                        "Workers": [
                                            {
                                                "Worker Number": 0,
                                                "Actual Startup Time": 0.008,
                                                "Actual Total Time": 0.044,
                                                "Actual Rows": 36,
                                                "Actual Loops": 14103
                                            },
                                            {
                                                "Worker Number": 1,
                                                "Actual Startup Time": 0.007,
                                                "Actual Total Time": 0.038,
                                                "Actual Rows": 36,
                                                "Actual Loops": 15837
                                            },
                                            {
                                                "Worker Number": 2,
                                                "Actual Startup Time": 0.011,
                                                "Actual Total Time": 0.063,
                                                "Actual Rows": 36,
                                                "Actual Loops": 9550
                                            }
                                        ]
                                    }
                                ]
                            }
                        ]
                    }
                ]
            }
        ]
    },
    "Planning Time": 1.581,
    "Triggers": [],
    "Execution Time": 993.512
}