[
  {
    "Plan": {
      "Node Type": "Aggregate",
      "Strategy": "Plain",
      "Partial Mode": "Finalize",
      "Parallel Aware": false,
      "Startup Cost": 101989.47,
      "Total Cost": 101989.48,
      "Plan Rows": 1,
      "Plan Width": 8,
      "Actual Startup Time": 746.64,
      "Actual Total Time": 770.099,
      "Actual Rows": 1,
      "Actual Loops": 1,
      "Plans": [
        {
          "Node Type": "Gather",
          "Parent Relationship": "Outer",
          "Parallel Aware": false,
          "Startup Cost": 101989.25,
          "Total Cost": 101989.46,
          "Plan Rows": 2,
          "Plan Width": 8,
          "Actual Startup Time": 737.245,
          "Actual Total Time": 770.085,
          "Actual Rows": 3,
          "Actual Loops": 1,
          "Workers Planned": 2,
          "Workers Launched": 2,
          "Single Copy": false,
          "Plans": [
            {
              "Node Type": "Aggregate",
              "Strategy": "Plain",
              "Partial Mode": "Partial",
              "Parent Relationship": "Outer",
              "Parallel Aware": false,
              "Startup Cost": 100989.25,
              "Total Cost": 100989.26,
              "Plan Rows": 1,
              "Plan Width": 8,
              "Actual Startup Time": 715.148,
              "Actual Total Time": 715.353,
              "Actual Rows": 1,
              "Actual Loops": 3,
              "Plans": [
                {
                  "Node Type": "Hash Join",
                  "Parent Relationship": "Outer",
                  "Parallel Aware": true,
                  "Join Type": "Inner",
                  "Startup Cost": 84713.96,
                  "Total Cost": 100799.83,
                  "Plan Rows": 75771,
                  "Plan Width": 0,
                  "Actual Startup Time": 591.428,
                  "Actual Total Time": 703.991,
                  "Actual Rows": 241839,
                  "Actual Loops": 3,
                  "Inner Unique": false,
                  "Hash Cond": "(mi_idx.movie_id = t.id)",
                  "Plans": [
                    {
                      "Node Type": "Seq Scan",
                      "Parent Relationship": "Outer",
                      "Parallel Aware": true,
                      "Relation Name": "movie_info_idx",
                      "Alias": "mi_idx",
                      "Startup Cost": 0.0,
                      "Total Cost": 13685.15,
                      "Plan Rows": 575015,
                      "Plan Width": 4,
                      "Actual Startup Time": 0.016,
                      "Actual Total Time": 38.892,
                      "Actual Rows": 460012,
                      "Actual Loops": 3
                    },
                    {
                      "Node Type": "Hash",
                      "Parent Relationship": "Inner",
                      "Parallel Aware": true,
                      "Startup Cost": 83370.51,
                      "Total Cost": 83370.51,
                      "Plan Rows": 107476,
                      "Plan Width": 8,
                      "Actual Startup Time": 587.817,
                      "Actual Total Time": 588.021,
                      "Actual Rows": 110436,
                      "Actual Loops": 3,
                      "Hash Buckets": 524288,
                      "Original Hash Buckets": 524288,
                      "Hash Batches": 1,
                      "Original Hash Batches": 1,
                      "Peak Memory Usage": 17120,
                      "Plans": [
                        {
                          "Node Type": "Hash Join",
                          "Parent Relationship": "Outer",
                          "Parallel Aware": true,
                          "Join Type": "Inner",
                          "Startup Cost": 57290.93,
                          "Total Cost": 83370.51,
                          "Plan Rows": 107476,
                          "Plan Width": 8,
                          "Actual Startup Time": 459.897,
                          "Actual Total Time": 555.449,
                          "Actual Rows": 110436,
                          "Actual Loops": 3,
                          "Inner Unique": true,
                          "Hash Cond": "(mk.movie_id = t.id)",
                          "Plans": [
                            {
                              "Node Type": "Bitmap Heap Scan",
                              "Parent Relationship": "Outer",
                              "Parallel Aware": true,
                              "Relation Name": "movie_keyword",
                              "Alias": "mk",
                              "Startup Cost": 7070.55,
                              "Total Cost": 32868.0,
                              "Plan Rows": 107476,
                              "Plan Width": 4,
                              "Actual Startup Time": 21.732,
                              "Actual Total Time": 68.078,
                              "Actual Rows": 110436,
                              "Actual Loops": 3,
                              "Recheck Cond": "(keyword_id < 267)",
                              "Rows Removed by Index Recheck": 0,
                              "Exact Heap Blocks": 7174,
                              "Lossy Heap Blocks": 0,
                              "Plans": [
                                {
                                  "Node Type": "Bitmap Index Scan",
                                  "Parent Relationship": "Outer",
                                  "Parallel Aware": false,
                                  "Index Name": "keyword_id_movie_keyword",
                                  "Startup Cost": 0.0,
                                  "Total Cost": 6987.25,
                                  "Plan Rows": 333176,
                                  "Plan Width": 0,
                                  "Actual Startup Time": 18.225,
                                  "Actual Total Time": 18.225,
                                  "Actual Rows": 331308,
                                  "Actual Loops": 1,
                                  "Index Cond": "(keyword_id < 267)"
                                }
                              ]
                            },
                            {
                              "Node Type": "Hash",
                              "Parent Relationship": "Inner",
                              "Parallel Aware": true,
                              "Startup Cost": 42319.06,
                              "Total Cost": 42319.06,
                              "Plan Rows": 632106,
                              "Plan Width": 4,
                              "Actual Startup Time": 422.69,
                              "Actual Total Time": 422.691,
                              "Actual Rows": 842771,
                              "Actual Loops": 3,
                              "Hash Buckets": 4194304,
                              "Original Hash Buckets": 4194304,
                              "Hash Batches": 1,
                              "Original Hash Batches": 1,
                              "Peak Memory Usage": 131712,
                              "Plans": [
                                {
                                  "Node Type": "Seq Scan",
                                  "Parent Relationship": "Outer",
                                  "Parallel Aware": true,
                                  "Relation Name": "title",
                                  "Alias": "t",
                                  "Startup Cost": 0.0,
                                  "Total Cost": 42319.06,
                                  "Plan Rows": 632106,
                                  "Plan Width": 4,
                                  "Actual Startup Time": 0.046,
                                  "Actual Total Time": 124.291,
                                  "Actual Rows": 842771,
                                  "Actual Loops": 3
                                }
                              ]
                            }
                          ]
                        }
                      ]
                    }
                  ]
                }
              ]
            }
          ]
        }
      ]
    },
    "Planning Time": 1.325,
    "Triggers": [],
    "Execution Time": 770.209
  }
]