[
  {
    "Plan": {
      "Node Type": "Aggregate",
      "Strategy": "Plain",
      "Partial Mode": "Finalize",
      "Parallel Aware": false,
      "Startup Cost": 51099.56,
      "Total Cost": 51099.57,
      "Plan Rows": 1,
      "Plan Width": 8,
      "Actual Startup Time": 101.159,
      "Actual Total Time": 114.212,
      "Actual Rows": 1,
      "Actual Loops": 1,
      "Plans": [
        {
          "Node Type": "Gather",
          "Parent Relationship": "Outer",
          "Parallel Aware": false,
          "Startup Cost": 51099.14,
          "Total Cost": 51099.55,
          "Plan Rows": 4,
          "Plan Width": 8,
          "Actual Startup Time": 101.025,
          "Actual Total Time": 114.205,
          "Actual Rows": 5,
          "Actual Loops": 1,
          "Workers Planned": 4,
          "Workers Launched": 4,
          "Single Copy": false,
          "Plans": [
            {
              "Node Type": "Aggregate",
              "Strategy": "Plain",
              "Partial Mode": "Partial",
              "Parent Relationship": "Outer",
              "Parallel Aware": false,
              "Startup Cost": 50099.14,
              "Total Cost": 50099.15,
              "Plan Rows": 1,
              "Plan Width": 8,
              "Actual Startup Time": 92.151,
              "Actual Total Time": 92.153,
              "Actual Rows": 1,
              "Actual Loops": 5,
              "Plans": [
                {
                  "Node Type": "Nested Loop",
                  "Parent Relationship": "Outer",
                  "Parallel Aware": false,
                  "Join Type": "Inner",
                  "Startup Cost": 0.43,
                  "Total Cost": 50096.94,
                  "Plan Rows": 880,
                  "Plan Width": 0,
                  "Actual Startup Time": 58.97,
                  "Actual Total Time": 92.098,
                  "Actual Rows": 546,
                  "Actual Loops": 5,
                  "Inner Unique": false,
                  "Plans": [
                    {
                      "Node Type": "Seq Scan",
                      "Parent Relationship": "Outer",
                      "Parallel Aware": true,
                      "Relation Name": "title",
                      "Alias": "t",
                      "Startup Cost": 0.0,
                      "Total Cost": 45479.1,
                      "Plan Rows": 492,
                      "Plan Width": 4,
                      "Actual Startup Time": 58.771,
                      "Actual Total Time": 81.093,
                      "Actual Rows": 1537,
                      "Actual Loops": 5,
                      "Filter": "((production_year < 1901) AND (kind_id = 1))",
                      "Rows Removed by Filter": 504125
                    },
                    {
                      "Node Type": "Index Only Scan",
                      "Parent Relationship": "Inner",
                      "Parallel Aware": false,
                      "Scan Direction": "Forward",
                      "Index Name": "movie_id_movie_keyword",
                      "Relation Name": "movie_keyword",
                      "Alias": "mk",
                      "Startup Cost": 0.43,
                      "Total Cost": 8.94,
                      "Plan Rows": 45,
                      "Plan Width": 4,
                      "Actual Startup Time": 0.007,
                      "Actual Total Time": 0.007,
                      "Actual Rows": 0,
                      "Actual Loops": 7687,
                      "Index Cond": "(movie_id = t.id)",
                      "Rows Removed by Index Recheck": 0,
                      "Heap Fetches": 2728
                    }
                  ]
                }
              ]
            }
          ]
        }
      ]
    },
    "Planning Time": 0.601,
    "Triggers": [],
    "Execution Time": 114.282
  }
]