[
  {
    "Plan": {
      "Node Type": "Aggregate",
      "Strategy": "Plain",
      "Partial Mode": "Finalize",
      "Parallel Aware": false,
      "Startup Cost": 46103.63,
      "Total Cost": 46103.64,
      "Plan Rows": 1,
      "Plan Width": 8,
      "Actual Startup Time": 106.405,
      "Actual Total Time": 116.327,
      "Actual Rows": 1,
      "Actual Loops": 1,
      "Plans": [
        {
          "Node Type": "Gather",
          "Parent Relationship": "Outer",
          "Parallel Aware": false,
          "Startup Cost": 46103.42,
          "Total Cost": 46103.63,
          "Plan Rows": 2,
          "Plan Width": 8,
          "Actual Startup Time": 106.256,
          "Actual Total Time": 116.319,
          "Actual Rows": 3,
          "Actual Loops": 1,
          "Workers Planned": 2,
          "Workers Launched": 2,
          "Single Copy": false,
          "Plans": [
            {
              "Node Type": "Aggregate",
              "Strategy": "Plain",
              "Partial Mode": "Partial",
              "Parent Relationship": "Outer",
              "Parallel Aware": false,
              "Startup Cost": 45103.42,
              "Total Cost": 45103.43,
              "Plan Rows": 1,
              "Plan Width": 8,
              "Actual Startup Time": 97.739,
              "Actual Total Time": 97.741,
              "Actual Rows": 1,
              "Actual Loops": 3,
              "Plans": [
                {
                  "Node Type": "Nested Loop",
                  "Parent Relationship": "Outer",
                  "Parallel Aware": false,
                  "Join Type": "Inner",
                  "Startup Cost": 118.94,
                  "Total Cost": 45091.48,
                  "Plan Rows": 4776,
                  "Plan Width": 0,
                  "Actual Startup Time": 1.673,
                  "Actual Total Time": 89.002,
                  "Actual Rows": 160014,
                  "Actual Loops": 3,
                  "Inner Unique": false,
                  "Plans": [
                    {
                      "Node Type": "Nested Loop",
                      "Parent Relationship": "Outer",
                      "Parallel Aware": false,
                      "Join Type": "Inner",
                      "Startup Cost": 118.51,
                      "Total Cost": 40441.47,
                      "Plan Rows": 2669,
                      "Plan Width": 8,
                      "Actual Startup Time": 1.498,
                      "Actual Total Time": 21.218,
                      "Actual Rows": 2091,
                      "Actual Loops": 3,
                      "Inner Unique": true,
                      "Plans": [
                        {
                          "Node Type": "Bitmap Heap Scan",
                          "Parent Relationship": "Outer",
                          "Parallel Aware": true,
                          "Relation Name": "movie_info",
                          "Alias": "mi",
                          "Startup Cost": 118.08,
                          "Total Cost": 21568.2,
                          "Plan Rows": 2669,
                          "Plan Width": 4,
                          "Actual Startup Time": 1.305,
                          "Actual Total Time": 4.7,
                          "Actual Rows": 2091,
                          "Actual Loops": 3,
                          "Recheck Cond": "(info_type_id = 67)",
                          "Rows Removed by Index Recheck": 0,
                          "Exact Heap Blocks": 633,
                          "Lossy Heap Blocks": 0,
                          "Plans": [
                            {
                              "Node Type": "Bitmap Index Scan",
                              "Parent Relationship": "Outer",
                              "Parallel Aware": false,
                              "Index Name": "info_type_id_movie_info",
                              "Startup Cost": 0.0,
                              "Total Cost": 116.48,
                              "Plan Rows": 6406,
                              "Plan Width": 0,
                              "Actual Startup Time": 2.935,
                              "Actual Total Time": 2.936,
                              "Actual Rows": 6272,
                              "Actual Loops": 1,
                              "Index Cond": "(info_type_id = 67)"
                            }
                          ]
                        },
                        {
                          "Node Type": "Index Only Scan",
                          "Parent Relationship": "Inner",
                          "Parallel Aware": false,
                          "Scan Direction": "Forward",
                          "Index Name": "title_pkey",
                          "Relation Name": "title",
                          "Alias": "t",
                          "Startup Cost": 0.43,
                          "Total Cost": 7.07,
                          "Plan Rows": 1,
                          "Plan Width": 4,
                          "Actual Startup Time": 0.007,
                          "Actual Total Time": 0.007,
                          "Actual Rows": 1,
                          "Actual Loops": 6272,
                          "Index Cond": "(id = mi.movie_id)",
                          "Rows Removed by Index Recheck": 0,
                          "Heap Fetches": 6272
                        }
                      ]
                    },
                    {
                      "Node Type": "Index Only Scan",
                      "Parent Relationship": "Inner",
                      "Parallel Aware": false,
                      "Scan Direction": "Forward",
                      "Index Name": "movie_id_movie_keyword",
                      "Relation Name": "movie_keyword",
                      "Alias": "mk",
                      "Startup Cost": 0.43,
                      "Total Cost": 1.29,
                      "Plan Rows": 45,
                      "Plan Width": 4,
                      "Actual Startup Time": 0.011,
                      "Actual Total Time": 0.026,
                      "Actual Rows": 77,
                      "Actual Loops": 6272,
                      "Index Cond": "(movie_id = t.id)",
                      "Rows Removed by Index Recheck": 0,
                      "Heap Fetches": 480042
                    }
                  ]
                }
              ]
            }
          ]
        }
      ]
    },
    "Planning Time": 1.392,
    "Triggers": [],
    "Execution Time": 116.426
  }
]