[
  {
    "Plan": {
      "Node Type": "Aggregate",
      "Strategy": "Plain",
      "Partial Mode": "Finalize",
      "Parallel Aware": false,
      "Startup Cost": 68958.36,
      "Total Cost": 68958.37,
      "Plan Rows": 1,
      "Plan Width": 8,
      "Actual Startup Time": 220.651,
      "Actual Total Time": 234.334,
      "Actual Rows": 1,
      "Actual Loops": 1,
      "Plans": [
        {
          "Node Type": "Gather",
          "Parent Relationship": "Outer",
          "Parallel Aware": false,
          "Startup Cost": 68957.94,
          "Total Cost": 68958.35,
          "Plan Rows": 4,
          "Plan Width": 8,
          "Actual Startup Time": 219.795,
          "Actual Total Time": 234.324,
          "Actual Rows": 5,
          "Actual Loops": 1,
          "Workers Planned": 4,
          "Workers Launched": 4,
          "Single Copy": false,
          "Plans": [
            {
              "Node Type": "Aggregate",
              "Strategy": "Plain",
              "Partial Mode": "Partial",
              "Parent Relationship": "Outer",
              "Parallel Aware": false,
              "Startup Cost": 67957.94,
              "Total Cost": 67957.95,
              "Plan Rows": 1,
              "Plan Width": 8,
              "Actual Startup Time": 209.495,
              "Actual Total Time": 209.499,
              "Actual Rows": 1,
              "Actual Loops": 5,
              "Plans": [
                {
                  "Node Type": "Hash Join",
                  "Parent Relationship": "Outer",
                  "Parallel Aware": true,
                  "Join Type": "Inner",
                  "Startup Cost": 22309.49,
                  "Total Cost": 67883.99,
                  "Plan Rows": 29578,
                  "Plan Width": 0,
                  "Actual Startup Time": 155.64,
                  "Actual Total Time": 208.192,
                  "Actual Rows": 22713,
                  "Actual Loops": 5,
                  "Inner Unique": false,
                  "Hash Cond": "(t.id = mc.movie_id)",
                  "Plans": [
                    {
                      "Node Type": "Seq Scan",
                      "Parent Relationship": "Outer",
                      "Parallel Aware": true,
                      "Relation Name": "title",
                      "Alias": "t",
                      "Startup Cost": 0.0,
                      "Total Cost": 42318.73,
                      "Plan Rows": 632073,
                      "Plan Width": 4,
                      "Actual Startup Time": 0.016,
                      "Actual Total Time": 76.275,
                      "Actual Rows": 505662,
                      "Actual Loops": 5
                    },
                    {
                      "Node Type": "Hash",
                      "Parent Relationship": "Inner",
                      "Parallel Aware": true,
                      "Startup Cost": 21832.42,
                      "Total Cost": 21832.42,
                      "Plan Rows": 38165,
                      "Plan Width": 4,
                      "Actual Startup Time": 45.195,
                      "Actual Total Time": 45.197,
                      "Actual Rows": 22713,
                      "Actual Loops": 5,
                      "Hash Buckets": 131072,
                      "Original Hash Buckets": 131072,
                      "Hash Batches": 1,
                      "Original Hash Batches": 1,
                      "Peak Memory Usage": 5536,
                      "Plans": [
                        {
                          "Node Type": "Bitmap Heap Scan",
                          "Parent Relationship": "Outer",
                          "Parallel Aware": true,
                          "Relation Name": "movie_companies",
                          "Alias": "mc",
                          "Startup Cost": 2565.36,
                          "Total Cost": 21832.42,
                          "Plan Rows": 38165,
                          "Plan Width": 4,
                          "Actual Startup Time": 9.765,
                          "Actual Total Time": 31.007,
                          "Actual Rows": 22713,
                          "Actual Loops": 5,
                          "Recheck Cond": "(company_id > 149889)",
                          "Rows Removed by Index Recheck": 0,
                          "Exact Heap Blocks": 1298,
                          "Lossy Heap Blocks": 0,
                          "Plans": [
                            {
                              "Node Type": "Bitmap Index Scan",
                              "Parent Relationship": "Outer",
                              "Parallel Aware": false,
                              "Index Name": "company_id_movie_companies",
                              "Startup Cost": 0.0,
                              "Total Cost": 2535.78,
                              "Plan Rows": 118313,
                              "Plan Width": 0,
                              "Actual Startup Time": 13.625,
                              "Actual Total Time": 13.626,
                              "Actual Rows": 113565,
                              "Actual Loops": 1,
                              "Index Cond": "(company_id > 149889)"
                            }
                          ]
                        }
                      ]
                    }
                  ]
                }
              ]
            }
          ]
        }
      ]
    },
    "Planning Time": 0.567,
    "Triggers": [],
    "Execution Time": 234.424
  }
]