{
  "Plan": {
    "Node Type": "Aggregate",
    "Strategy": "Plain",
    "Partial Mode": "Finalize",
    "Parallel Aware": false,
    "Startup Cost": 444242.61,
    "Total Cost": 444242.62,
    "Plan Rows": 1,
    "Plan Width": 8,
    "Actual Startup Time": 269.168,
    "Actual Total Time": 308.715,
    "Actual Rows": 1,
    "Actual Loops": 1,
    "Plans": [
      {
        "Node Type": "Gather",
        "Parent Relationship": "Outer",
        "Parallel Aware": false,
        "Startup Cost": 444242.5,
        "Total Cost": 444242.61,
        "Plan Rows": 1,
        "Plan Width": 8,
        "Actual Startup Time": 269.045,
        "Actual Total Time": 308.707,
        "Actual Rows": 2,
        "Actual Loops": 1,
        "Workers Planned": 1,
        "Workers Launched": 1,
        "Single Copy": false,
        "Plans": [
          {
            "Node Type": "Aggregate",
            "Strategy": "Plain",
            "Partial Mode": "Partial",
            "Parent Relationship": "Outer",
            "Parallel Aware": false,
            "Startup Cost": 443242.5,
            "Total Cost": 443242.51,
            "Plan Rows": 1,
            "Plan Width": 8,
            "Actual Startup Time": 262.885,
            "Actual Total Time": 262.886,
            "Actual Rows": 1,
            "Actual Loops": 2,
            "Plans": [
              {
                "Node Type": "Nested Loop",
                "Parent Relationship": "Outer",
                "Parallel Aware": false,
                "Join Type": "Inner",
                "Startup Cost": 0.56,
                "Total Cost": 443197.86,
                "Plan Rows": 17857,
                "Plan Width": 0,
                "Actual Startup Time": 0.525,
                "Actual Total Time": 261.18,
                "Actual Rows": 19352,
                "Actual Loops": 2,
                "Inner Unique": false,
                "Plans": [
                  {
                    "Node Type": "Seq Scan",
                    "Parent Relationship": "Outer",
                    "Parallel Aware": true,
                    "Relation Name": "title",
                    "Alias": "t",
                    "Startup Cost": 0.0,
                    "Total Cost": 54588.39,
                    "Plan Rows": 3619,
                    "Plan Width": 4,
                    "Actual Startup Time": 0.347,
                    "Actual Total Time": 145.043,
                    "Actual Rows": 3173,
                    "Actual Loops": 2,
                    "Filter": "(production_year = 1952)",
                    "Rows Removed by Filter": 1260983
                  },
                  {
                    "Node Type": "Index Scan",
                    "Parent Relationship": "Inner",
                    "Parallel Aware": false,
                    "Scan Direction": "Forward",
                    "Index Name": "movie_id_cast_info",
                    "Relation Name": "cast_info",
                    "Alias": "ci",
                    "Startup Cost": 0.56,
                    "Total Cost": 107.25,
                    "Plan Rows": 13,
                    "Plan Width": 4,
                    "Actual Startup Time": 0.01,
                    "Actual Total Time": 0.035,
                    "Actual Rows": 6,
                    "Actual Loops": 6346,
                    "Index Cond": "(movie_id = t.id)",
                    "Rows Removed by Index Recheck": 0,
                    "Filter": "(role_id = 1)",
                    "Rows Removed by Filter": 6
                  }
                ]
              }
            ]
          }
        ]
      }
    ]
  },
  "Planning Time": 0.531,
  "Triggers": [],
  "Execution Time": 308.795
}