[
  {
    "Plan": {
      "Node Type": "Aggregate",
      "Strategy": "Plain",
      "Partial Mode": "Finalize",
      "Parallel Aware": false,
      "Startup Cost": 592749.23,
      "Total Cost": 592749.24,
      "Plan Rows": 1,
      "Plan Width": 8,
      "Actual Startup Time": 2215.74,
      "Actual Total Time": 2270.311,
      "Actual Rows": 1,
      "Actual Loops": 1,
      "Plans": [
        {
          "Node Type": "Gather",
          "Parent Relationship": "Outer",
          "Parallel Aware": false,
          "Startup Cost": 592748.71,
          "Total Cost": 592749.22,
          "Plan Rows": 5,
          "Plan Width": 8,
          "Actual Startup Time": 2208.848,
          "Actual Total Time": 2270.3,
          "Actual Rows": 6,
          "Actual Loops": 1,
          "Workers Planned": 5,
          "Workers Launched": 5,
          "Single Copy": false,
          "Plans": [
            {
              "Node Type": "Aggregate",
              "Strategy": "Plain",
              "Partial Mode": "Partial",
              "Parent Relationship": "Outer",
              "Parallel Aware": false,
              "Startup Cost": 591748.71,
              "Total Cost": 591748.72,
              "Plan Rows": 1,
              "Plan Width": 8,
              "Actual Startup Time": 2193.692,
              "Actual Total Time": 2193.761,
              "Actual Rows": 1,
              "Actual Loops": 6,
              "Plans": [
                {
                  "Node Type": "Hash Join",
                  "Parent Relationship": "Outer",
                  "Parallel Aware": true,
                  "Join Type": "Inner",
                  "Startup Cost": 383528.35,
                  "Total Cost": 588405.34,
                  "Plan Rows": 1337346,
                  "Plan Width": 0,
                  "Actual Startup Time": 768.709,
                  "Actual Total Time": 2008.203,
                  "Actual Rows": 4158220,
                  "Actual Loops": 6,
                  "Inner Unique": false,
                  "Hash Cond": "(mi.movie_id = t.id)",
                  "Plans": [
                    {
                      "Node Type": "Seq Scan",
                      "Parent Relationship": "Outer",
                      "Parallel Aware": true,
                      "Relation Name": "movie_info",
                      "Alias": "mi",
                      "Startup Cost": 0.0,
                      "Total Cost": 191560.33,
                      "Plan Rows": 2956733,
                      "Plan Width": 4,
                      "Actual Startup Time": 0.051,
                      "Actual Total Time": 316.823,
                      "Actual Rows": 2472620,
                      "Actual Loops": 6
                    },
                    {
                      "Node Type": "Hash",
                      "Parent Relationship": "Inner",
                      "Parallel Aware": true,
                      "Startup Cost": 381145.94,
                      "Total Cost": 381145.94,
                      "Plan Rows": 190593,
                      "Plan Width": 8,
                      "Actual Startup Time": 761.938,
                      "Actual Total Time": 762.006,
                      "Actual Rows": 139665,
                      "Actual Loops": 6,
                      "Hash Buckets": 2097152,
                      "Original Hash Buckets": 2097152,
                      "Hash Batches": 1,
                      "Original Hash Batches": 1,
                      "Peak Memory Usage": 49312,
                      "Plans": [
                        {
                          "Node Type": "Hash Join",
                          "Parent Relationship": "Outer",
                          "Parallel Aware": true,
                          "Join Type": "Inner",
                          "Startup Cost": 47835.95,
                          "Total Cost": 381145.94,
                          "Plan Rows": 190593,
                          "Plan Width": 8,
                          "Actual Startup Time": 144.661,
                          "Actual Total Time": 690.157,
                          "Actual Rows": 139665,
                          "Actual Loops": 6,
                          "Inner Unique": true,
                          "Hash Cond": "(ci.movie_id = t.id)",
                          "Plans": [
                            {
                              "Node Type": "Index Scan",
                              "Parent Relationship": "Outer",
                              "Parallel Aware": true,
                              "Scan Direction": "Forward",
                              "Index Name": "role_id_cast_info",
                              "Relation Name": "cast_info",
                              "Alias": "ci",
                              "Startup Cost": 0.56,
                              "Total Cost": 331632.96,
                              "Plan Rows": 639083,
                              "Plan Width": 4,
                              "Actual Startup Time": 0.247,
                              "Actual Total Time": 399.521,
                              "Actual Rows": 379494,
                              "Actual Loops": 6,
                              "Index Cond": "(role_id > 3)",
                              "Rows Removed by Index Recheck": 0,
                              "Filter": "(person_id < 1105884)",
                              "Rows Removed by Filter": 1639447
                            },
                            {
                              "Node Type": "Hash",
                              "Parent Relationship": "Inner",
                              "Parallel Aware": true,
                              "Startup Cost": 45479.1,
                              "Total Cost": 45479.1,
                              "Plan Rows": 188503,
                              "Plan Width": 4,
                              "Actual Startup Time": 142.941,
                              "Actual Total Time": 142.942,
                              "Actual Rows": 128883,
                              "Actual Loops": 6,
                              "Hash Buckets": 1048576,
                              "Original Hash Buckets": 1048576,
                              "Hash Batches": 1,
                              "Original Hash Batches": 1,
                              "Peak Memory Usage": 38528,
                              "Plans": [
                                {
                                  "Node Type": "Seq Scan",
                                  "Parent Relationship": "Outer",
                                  "Parallel Aware": true,
                                  "Relation Name": "title",
                                  "Alias": "t",
                                  "Startup Cost": 0.0,
                                  "Total Cost": 45479.1,
                                  "Plan Rows": 188503,
                                  "Plan Width": 4,
                                  "Actual Startup Time": 0.043,
                                  "Actual Total Time": 86.868,
                                  "Actual Rows": 128883,
                                  "Actual Loops": 6,
                                  "Filter": "((kind_id < 4) AND (production_year < 2012))",
                                  "Rows Removed by Filter": 292502
                                }
                              ]
                            }
                          ]
                        }
                      ]
                    }
                  ]
                }
              ]
            }
          ]
        }
      ]
    },
    "Planning Time": 1.431,
    "Triggers": [],
    "Execution Time": 2270.419
  }
]