{
  "Plan": {
    "Node Type": "Aggregate",
    "Strategy": "Plain",
    "Partial Mode": "Finalize",
    "Parallel Aware": false,
    "Startup Cost": 472129.04,
    "Total Cost": 472129.05,
    "Plan Rows": 1,
    "Plan Width": 8,
    "Actual Startup Time": 969.36,
    "Actual Total Time": 984.988,
    "Actual Rows": 1,
    "Actual Loops": 1,
    "Plans": [
      {
        "Node Type": "Gather",
        "Parent Relationship": "Outer",
        "Parallel Aware": false,
        "Startup Cost": 472128.93,
        "Total Cost": 472129.04,
        "Plan Rows": 1,
        "Plan Width": 8,
        "Actual Startup Time": 950.256,
        "Actual Total Time": 984.979,
        "Actual Rows": 2,
        "Actual Loops": 1,
        "Workers Planned": 1,
        "Workers Launched": 1,
        "Single Copy": false,
        "Plans": [
          {
            "Node Type": "Aggregate",
            "Strategy": "Plain",
            "Partial Mode": "Partial",
            "Parent Relationship": "Outer",
            "Parallel Aware": false,
            "Startup Cost": 471128.93,
            "Total Cost": 471128.94,
            "Plan Rows": 1,
            "Plan Width": 8,
            "Actual Startup Time": 948.515,
            "Actual Total Time": 948.522,
            "Actual Rows": 1,
            "Actual Loops": 2,
            "Plans": [
              {
                "Node Type": "Merge Join",
                "Parent Relationship": "Outer",
                "Parallel Aware": false,
                "Join Type": "Inner",
                "Startup Cost": 460830.42,
                "Total Cost": 470618.49,
                "Plan Rows": 204178,
                "Plan Width": 0,
                "Actual Startup Time": 909.208,
                "Actual Total Time": 945.072,
                "Actual Rows": 86870,
                "Actual Loops": 2,
                "Inner Unique": false,
                "Merge Cond": "(t.id = mi.movie_id)",
                "Plans": [
                  {
                    "Node Type": "Sort",
                    "Parent Relationship": "Outer",
                    "Parallel Aware": false,
                    "Startup Cost": 238260.93,
                    "Total Cost": 240925.11,
                    "Plan Rows": 1065671,
                    "Plan Width": 8,
                    "Actual Startup Time": 754.848,
                    "Actual Total Time": 762.973,
                    "Actual Rows": 230394,
                    "Actual Loops": 2,
                    "Sort Key": [
                      "t.id"
                    ],
                    "Sort Method": "quicksort",
                    "Sort Space Used": 17462,
                    "Sort Space Type": "Memory",
                    "Workers": [
                      {
                        "Worker Number": 0,
                        "Sort Method": "quicksort",
                        "Sort Space Used": 16426,
                        "Sort Space Type": "Memory"
                      }
                    ],
                    "Plans": [
                      {
                        "Node Type": "Hash Join",
                        "Parent Relationship": "Outer",
                        "Parallel Aware": true,
                        "Join Type": "Inner",
                        "Startup Cost": 68978.22,
                        "Total Cost": 131569.52,
                        "Plan Rows": 1065671,
                        "Plan Width": 8,
                        "Actual Startup Time": 364.055,
                        "Actual Total Time": 716.3,
                        "Actual Rows": 230394,
                        "Actual Loops": 2,
                        "Inner Unique": true,
                        "Hash Cond": "(mk.movie_id = t.id)",
                        "Plans": [
                          {
                            "Node Type": "Seq Scan",
                            "Parent Relationship": "Outer",
                            "Parallel Aware": true,
                            "Relation Name": "movie_keyword",
                            "Alias": "mk",
                            "Startup Cost": 0.0,
                            "Total Cost": 57718.19,
                            "Plan Rows": 1856418,
                            "Plan Width": 4,
                            "Actual Startup Time": 0.171,
                            "Actual Total Time": 190.645,
                            "Actual Rows": 1571136,
                            "Actual Loops": 2,
                            "Filter": "(keyword_id > 1834)",
                            "Rows Removed by Filter": 690828
                          },
                          {
                            "Node Type": "Hash",
                            "Parent Relationship": "Inner",
                            "Parallel Aware": true,
                            "Startup Cost": 58306.47,
                            "Total Cost": 58306.47,
                            "Plan Rows": 853740,
                            "Plan Width": 4,
                            "Actual Startup Time": 349.126,
                            "Actual Total Time": 349.127,
                            "Actual Rows": 719092,
                            "Actual Loops": 2,
                            "Hash Buckets": 2097152,
                            "Original Hash Buckets": 2097152,
                            "Hash Batches": 1,
                            "Original Hash Batches": 1,
                            "Peak Memory Usage": 72704,
                            "Plans": [
                              {
                                "Node Type": "Seq Scan",
                                "Parent Relationship": "Outer",
                                "Parallel Aware": true,
                                "Relation Name": "title",
                                "Alias": "t",
                                "Startup Cost": 0.0,
                                "Total Cost": 58306.47,
                                "Plan Rows": 853740,
                                "Plan Width": 4,
                                "Actual Startup Time": 0.03,
                                "Actual Total Time": 162.272,
                                "Actual Rows": 719092,
                                "Actual Loops": 2,
                                "Filter": "((production_year < 2013) AND (kind_id = 7))",
                                "Rows Removed by Filter": 545064
                              }
                            ]
                          }
                        ]
                      }
                    ]
                  },
                  {
                    "Node Type": "Sort",
                    "Parent Relationship": "Inner",
                    "Parallel Aware": false,
                    "Startup Cost": 222569.38,
                    "Total Cost": 223780.41,
                    "Plan Rows": 484411,
                    "Plan Width": 4,
                    "Actual Startup Time": 154.307,
                    "Actual Total Time": 159.35,
                    "Actual Rows": 152894,
                    "Actual Loops": 2,
                    "Sort Key": [
                      "mi.movie_id"
                    ],
                    "Sort Method": "quicksort",
                    "Sort Space Used": 35096,
                    "Sort Space Type": "Memory",
                    "Workers": [
                      {
                        "Worker Number": 0,
                        "Sort Method": "quicksort",
                        "Sort Space Used": 35096,
                        "Sort Space Type": "Memory"
                      }
                    ],
                    "Plans": [
                      {
                        "Node Type": "Bitmap Heap Scan",
                        "Parent Relationship": "Outer",
                        "Parallel Aware": false,
                        "Relation Name": "movie_info",
                        "Alias": "mi",
                        "Startup Cost": 8778.62,
                        "Total Cost": 176826.76,
                        "Plan Rows": 484411,
                        "Plan Width": 4,
                        "Actual Startup Time": 19.923,
                        "Actual Total Time": 71.523,
                        "Actual Rows": 486554,
                        "Actual Loops": 2,
                        "Recheck Cond": "(info_type_id = 5)",
                        "Rows Removed by Index Recheck": 0,
                        "Exact Heap Blocks": 5146,
                        "Lossy Heap Blocks": 0,
                        "Plans": [
                          {
                            "Node Type": "Bitmap Index Scan",
                            "Parent Relationship": "Outer",
                            "Parallel Aware": false,
                            "Index Name": "info_type_id_movie_info",
                            "Startup Cost": 0.0,
                            "Total Cost": 8657.52,
                            "Plan Rows": 484411,
                            "Plan Width": 0,
                            "Actual Startup Time": 19.35,
                            "Actual Total Time": 19.35,
                            "Actual Rows": 486554,
                            "Actual Loops": 2,
                            "Index Cond": "(info_type_id = 5)"
                          }
                        ]
                      }
                    ]
                  }
                ]
              }
            ]
          }
        ]
      }
    ]
  },
  "Planning Time": 1.131,
  "Triggers": [],
  "Execution Time": 985.149
}