[
  {
    "Plan": {
      "Node Type": "Aggregate",
      "Strategy": "Plain",
      "Partial Mode": "Finalize",
      "Parallel Aware": false,
      "Startup Cost": 347028.05,
      "Total Cost": 347028.07,
      "Plan Rows": 1,
      "Plan Width": 8,
      "Actual Startup Time": 666.558,
      "Actual Total Time": 724.513,
      "Actual Rows": 1,
      "Actual Loops": 1,
      "Plans": [
        {
          "Node Type": "Gather",
          "Parent Relationship": "Outer",
          "Parallel Aware": false,
          "Startup Cost": 347027.43,
          "Total Cost": 347028.04,
          "Plan Rows": 6,
          "Plan Width": 8,
          "Actual Startup Time": 666.426,
          "Actual Total Time": 724.502,
          "Actual Rows": 7,
          "Actual Loops": 1,
          "Workers Planned": 6,
          "Workers Launched": 6,
          "Single Copy": false,
          "Plans": [
            {
              "Node Type": "Aggregate",
              "Strategy": "Plain",
              "Partial Mode": "Partial",
              "Parent Relationship": "Outer",
              "Parallel Aware": false,
              "Startup Cost": 346027.43,
              "Total Cost": 346027.44,
              "Plan Rows": 1,
              "Plan Width": 8,
              "Actual Startup Time": 657.497,
              "Actual Total Time": 657.498,
              "Actual Rows": 1,
              "Actual Loops": 7,
              "Plans": [
                {
                  "Node Type": "Seq Scan",
                  "Parent Relationship": "Outer",
                  "Parallel Aware": true,
                  "Relation Name": "cast_info",
                  "Alias": "ci",
                  "Startup Cost": 0.0,
                  "Total Cost": 343257.03,
                  "Plan Rows": 1108160,
                  "Plan Width": 0,
                  "Actual Startup Time": 315.789,
                  "Actual Total Time": 600.652,
                  "Actual Rows": 1435649,
                  "Actual Loops": 7,
                  "Filter": "((person_id > 2710758) AND (role_id > 1))",
                  "Rows Removed by Filter": 3742115
                }
              ]
            }
          ]
        }
      ]
    },
    "Planning Time": 0.216,
    "Triggers": [],
    "Execution Time": 724.581
  }
]