{
  "Plan": {
    "Node Type": "Aggregate",
    "Strategy": "Plain",
    "Partial Mode": "Finalize",
    "Parallel Aware": false,
    "Startup Cost": 66921.57,
    "Total Cost": 66921.58,
    "Plan Rows": 1,
    "Plan Width": 8,
    "Actual Startup Time": 119.023,
    "Actual Total Time": 124.377,
    "Actual Rows": 1,
    "Actual Loops": 1,
    "Plans": [
      {
        "Node Type": "Gather",
        "Parent Relationship": "Outer",
        "Parallel Aware": false,
        "Startup Cost": 66921.46,
        "Total Cost": 66921.57,
        "Plan Rows": 1,
        "Plan Width": 8,
        "Actual Startup Time": 118.695,
        "Actual Total Time": 124.37,
        "Actual Rows": 2,
        "Actual Loops": 1,
        "Workers Planned": 1,
        "Workers Launched": 1,
        "Single Copy": false,
        "Plans": [
          {
            "Node Type": "Aggregate",
            "Strategy": "Plain",
            "Partial Mode": "Partial",
            "Parent Relationship": "Outer",
            "Parallel Aware": false,
            "Startup Cost": 65921.46,
            "Total Cost": 65921.47,
            "Plan Rows": 1,
            "Plan Width": 8,
            "Actual Startup Time": 112.513,
            "Actual Total Time": 112.517,
            "Actual Rows": 1,
            "Actual Loops": 2,
            "Plans": [
              {
                "Node Type": "Hash Join",
                "Parent Relationship": "Outer",
                "Parallel Aware": true,
                "Join Type": "Inner",
                "Startup Cost": 44844.98,
                "Total Cost": 65917.15,
                "Plan Rows": 1726,
                "Plan Width": 0,
                "Actual Startup Time": 77.255,
                "Actual Total Time": 112.159,
                "Actual Rows": 6384,
                "Actual Loops": 2,
                "Inner Unique": true,
                "Hash Cond": "(mc.movie_id = t.id)",
                "Plans": [
                  {
                    "Node Type": "Bitmap Heap Scan",
                    "Parent Relationship": "Outer",
                    "Parallel Aware": true,
                    "Relation Name": "movie_companies",
                    "Alias": "mc",
                    "Startup Cost": 5120.12,
                    "Total Cost": 26006.06,
                    "Plan Rows": 70945,
                    "Plan Width": 4,
                    "Actual Startup Time": 9.482,
                    "Actual Total Time": 30.516,
                    "Actual Rows": 117804,
                    "Actual Loops": 2,
                    "Recheck Cond": "(company_id > 104026)",
                    "Rows Removed by Index Recheck": 0,
                    "Filter": "(company_type_id > 1)",
                    "Rows Removed by Filter": 0,
                    "Exact Heap Blocks": 2534,
                    "Lossy Heap Blocks": 0,
                    "Plans": [
                      {
                        "Node Type": "Bitmap Index Scan",
                        "Parent Relationship": "Outer",
                        "Parallel Aware": false,
                        "Index Name": "company_id_movie_companies",
                        "Startup Cost": 0.0,
                        "Total Cost": 5089.97,
                        "Plan Rows": 237539,
                        "Plan Width": 0,
                        "Actual Startup Time": 8.851,
                        "Actual Total Time": 8.851,
                        "Actual Rows": 235607,
                        "Actual Loops": 1,
                        "Index Cond": "(company_id > 104026)"
                      }
                    ]
                  },
                  {
                    "Node Type": "Hash",
                    "Parent Relationship": "Inner",
                    "Parallel Aware": true,
                    "Startup Cost": 39272.56,
                    "Total Cost": 39272.56,
                    "Plan Rows": 36184,
                    "Plan Width": 4,
                    "Actual Startup Time": 66.421,
                    "Actual Total Time": 66.422,
                    "Actual Rows": 39289,
                    "Actual Loops": 2,
                    "Hash Buckets": 131072,
                    "Original Hash Buckets": 65536,
                    "Hash Batches": 1,
                    "Original Hash Batches": 1,
                    "Peak Memory Usage": 4640,
                    "Plans": [
                      {
                        "Node Type": "Bitmap Heap Scan",
                        "Parent Relationship": "Outer",
                        "Parallel Aware": true,
                        "Relation Name": "title",
                        "Alias": "t",
                        "Startup Cost": 2196.32,
                        "Total Cost": 39272.56,
                        "Plan Rows": 36184,
                        "Plan Width": 4,
                        "Actual Startup Time": 17.566,
                        "Actual Total Time": 55.029,
                        "Actual Rows": 39289,
                        "Actual Loops": 2,
                        "Recheck Cond": "(kind_id = 4)",
                        "Rows Removed by Index Recheck": 0,
                        "Filter": "(production_year > 2002)",
                        "Rows Removed by Filter": 19828,
                        "Exact Heap Blocks": 9973,
                        "Lossy Heap Blocks": 0,
                        "Plans": [
                          {
                            "Node Type": "Bitmap Index Scan",
                            "Parent Relationship": "Outer",
                            "Parallel Aware": false,
                            "Index Name": "kind_id_title",
                            "Startup Cost": 0.0,
                            "Total Cost": 2180.94,
                            "Plan Rows": 122201,
                            "Plan Width": 0,
                            "Actual Startup Time": 17.521,
                            "Actual Total Time": 17.521,
                            "Actual Rows": 118234,
                            "Actual Loops": 1,
                            "Index Cond": "(kind_id = 4)"
                          }
                        ]
                      }
                    ]
                  }
                ]
              }
            ]
          }
        ]
      }
    ]
  },
  "Planning Time": 0.51,
  "Triggers": [],
  "Execution Time": 124.482
}