[
  {
    "Plan": {
      "Node Type": "Aggregate",
      "Strategy": "Plain",
      "Partial Mode": "Simple",
      "Parallel Aware": false,
      "Startup Cost": 24580.24,
      "Total Cost": 24580.25,
      "Plan Rows": 1,
      "Plan Width": 8,
      "Actual Startup Time": 10.034,
      "Actual Total Time": 10.036,
      "Actual Rows": 1,
      "Actual Loops": 1,
      "Plans": [
        {
          "Node Type": "Bitmap Heap Scan",
          "Parent Relationship": "Outer",
          "Parallel Aware": false,
          "Relation Name": "movie_info",
          "Alias": "mi",
          "Startup Cost": 137.72,
          "Total Cost": 24561.76,
          "Plan Rows": 7392,
          "Plan Width": 0,
          "Actual Startup Time": 2.031,
          "Actual Total Time": 8.917,
          "Actual Rows": 6422,
          "Actual Loops": 1,
          "Recheck Cond": "(info_type_id = 86)",
          "Rows Removed by Index Recheck": 0,
          "Exact Heap Blocks": 1313,
          "Lossy Heap Blocks": 0,
          "Plans": [
            {
              "Node Type": "Bitmap Index Scan",
              "Parent Relationship": "Outer",
              "Parallel Aware": false,
              "Index Name": "info_type_id_movie_info",
              "Startup Cost": 0.0,
              "Total Cost": 135.88,
              "Plan Rows": 7392,
              "Plan Width": 0,
              "Actual Startup Time": 1.512,
              "Actual Total Time": 1.513,
              "Actual Rows": 6422,
              "Actual Loops": 1,
              "Index Cond": "(info_type_id = 86)"
            }
          ]
        }
      ]
    },
    "Planning Time": 0.172,
    "Triggers": [],
    "Execution Time": 10.104
  }
]