[
  {
    "Plan": {
      "Node Type": "Aggregate",
      "Strategy": "Plain",
      "Partial Mode": "Finalize",
      "Parallel Aware": false,
      "Startup Cost": 46249.49,
      "Total Cost": 46249.5,
      "Plan Rows": 1,
      "Plan Width": 8,
      "Actual Startup Time": 157.931,
      "Actual Total Time": 167.644,
      "Actual Rows": 1,
      "Actual Loops": 1,
      "Plans": [
        {
          "Node Type": "Gather",
          "Parent Relationship": "Outer",
          "Parallel Aware": false,
          "Startup Cost": 46249.17,
          "Total Cost": 46249.48,
          "Plan Rows": 3,
          "Plan Width": 8,
          "Actual Startup Time": 157.809,
          "Actual Total Time": 167.635,
          "Actual Rows": 4,
          "Actual Loops": 1,
          "Workers Planned": 3,
          "Workers Launched": 3,
          "Single Copy": false,
          "Plans": [
            {
              "Node Type": "Aggregate",
              "Strategy": "Plain",
              "Partial Mode": "Partial",
              "Parent Relationship": "Outer",
              "Parallel Aware": false,
              "Startup Cost": 45249.17,
              "Total Cost": 45249.18,
              "Plan Rows": 1,
              "Plan Width": 8,
              "Actual Startup Time": 152.464,
              "Actual Total Time": 152.465,
              "Actual Rows": 1,
              "Actual Loops": 4,
              "Plans": [
                {
                  "Node Type": "Seq Scan",
                  "Parent Relationship": "Outer",
                  "Parallel Aware": true,
                  "Relation Name": "movie_keyword",
                  "Alias": "mk",
                  "Startup Cost": 0.0,
                  "Total Cost": 42695.65,
                  "Plan Rows": 1021407,
                  "Plan Width": 0,
                  "Actual Startup Time": 0.043,
                  "Actual Total Time": 117.736,
                  "Actual Rows": 790064,
                  "Actual Loops": 4,
                  "Filter": "(keyword_id < 12297)",
                  "Rows Removed by Filter": 340919
                }
              ]
            }
          ]
        }
      ]
    },
    "Planning Time": 0.149,
    "Triggers": [],
    "Execution Time": 167.692
  }
]