[
    {
        "Bao": {
            "Bao prediction": 464.348,
            "Bao recommended hint": "(no hint)"
        }
    },
    {
        "Plan": {
            "Node Type": "Aggregate",
            "Strategy": "Plain",
            "Partial Mode": "Finalize",
            "Parallel Aware": false,
            "Startup Cost": 33322.93,
            "Total Cost": 33322.94,
            "Plan Rows": 1,
            "Plan Width": 8,
            "Actual Startup Time": 101.445,
            "Actual Total Time": 104.926,
            "Actual Rows": 1,
            "Actual Loops": 1,
            "Output": [
                "count(*)"
            ],
            "Plans": [
                {
                    "Node Type": "Gather",
                    "Parent Relationship": "Outer",
                    "Parallel Aware": false,
                    "Startup Cost": 33322.61,
                    "Total Cost": 33322.92,
                    "Plan Rows": 3,
                    "Plan Width": 8,
                    "Actual Startup Time": 101.381,
                    "Actual Total Time": 104.92,
                    "Actual Rows": 4,
                    "Actual Loops": 1,
                    "Output": [
                        "(PARTIAL count(*))"
                    ],
                    "Workers Planned": 3,
                    "Workers Launched": 3,
                    "Single Copy": false,
                    "Plans": [
                        {
                            "Node Type": "Aggregate",
                            "Strategy": "Plain",
                            "Partial Mode": "Partial",
                            "Parent Relationship": "Outer",
                            "Parallel Aware": false,
                            "Startup Cost": 32322.61,
                            "Total Cost": 32322.62,
                            "Plan Rows": 1,
                            "Plan Width": 8,
                            "Actual Startup Time": 93.89,
                            "Actual Total Time": 93.891,
                            "Actual Rows": 1,
                            "Actual Loops": 4,
                            "Output": [
                                "PARTIAL count(*)"
                            ],
                            "Workers": [
                                {
                                    "Worker Number": 0,
                                    "Actual Startup Time": 91.476,
                                    "Actual Total Time": 91.476,
                                    "Actual Rows": 1,
                                    "Actual Loops": 1
                                },
                                {
                                    "Worker Number": 1,
                                    "Actual Startup Time": 91.646,
                                    "Actual Total Time": 91.648,
                                    "Actual Rows": 1,
                                    "Actual Loops": 1
                                },
                                {
                                    "Worker Number": 2,
                                    "Actual Startup Time": 91.673,
                                    "Actual Total Time": 91.673,
                                    "Actual Rows": 1,
                                    "Actual Loops": 1
                                }
                            ],
                            "Plans": [
                                {
                                    "Node Type": "Seq Scan",
                                    "Parent Relationship": "Outer",
                                    "Parallel Aware": true,
                                    "Relation Name": "movie_companies",
                                    "Schema": "public",
                                    "Alias": "mc",
                                    "Startup Cost": 0.0,
                                    "Total Cost": 31414.82,
                                    "Plan Rows": 363118,
                                    "Plan Width": 0,
                                    "Actual Startup Time": 47.137,
                                    "Actual Total Time": 81.223,
                                    "Actual Rows": 310174,
                                    "Actual Loops": 4,
                                    "Output": [
                                        "id",
                                        "movie_id",
                                        "company_id",
                                        "company_type_id",
                                        "note"
                                    ],
                                    "Filter": "((mc.company_id > 250) AND (mc.company_type_id = 2))",
                                    "Rows Removed by Filter": 342109,
                                    "Workers": [
                                        {
                                            "Worker Number": 0,
                                            "Actual Startup Time": 44.732,
                                            "Actual Total Time": 79.016,
                                            "Actual Rows": 297893,
                                            "Actual Loops": 1
                                        },
                                        {
                                            "Worker Number": 1,
                                            "Actual Startup Time": 44.901,
                                            "Actual Total Time": 79.183,
                                            "Actual Rows": 298708,
                                            "Actual Loops": 1
                                        },
                                        {
                                            "Worker Number": 2,
                                            "Actual Startup Time": 44.906,
                                            "Actual Total Time": 79.209,
                                            "Actual Rows": 298172,
                                            "Actual Loops": 1
                                        }
                                    ]
                                }
                            ]
                        }
                    ]
                }
            ]
        },
        "Planning Time": 285.597,
        "Triggers": [],
        "Execution Time": 105.02
    }
]