[
  {
    "Plan": {
      "Node Type": "Aggregate",
      "Strategy": "Plain",
      "Partial Mode": "Finalize",
      "Parallel Aware": false,
      "Startup Cost": 299162.64,
      "Total Cost": 299162.65,
      "Plan Rows": 1,
      "Plan Width": 8,
      "Actual Startup Time": 2203.646,
      "Actual Total Time": 2260.618,
      "Actual Rows": 1,
      "Actual Loops": 1,
      "Plans": [
        {
          "Node Type": "Gather",
          "Parent Relationship": "Outer",
          "Parallel Aware": false,
          "Startup Cost": 299162.12,
          "Total Cost": 299162.63,
          "Plan Rows": 5,
          "Plan Width": 8,
          "Actual Startup Time": 2197.06,
          "Actual Total Time": 2260.605,
          "Actual Rows": 6,
          "Actual Loops": 1,
          "Workers Planned": 5,
          "Workers Launched": 5,
          "Single Copy": false,
          "Plans": [
            {
              "Node Type": "Aggregate",
              "Strategy": "Plain",
              "Partial Mode": "Partial",
              "Parent Relationship": "Outer",
              "Parallel Aware": false,
              "Startup Cost": 298162.12,
              "Total Cost": 298162.13,
              "Plan Rows": 1,
              "Plan Width": 8,
              "Actual Startup Time": 2187.042,
              "Actual Total Time": 2187.05,
              "Actual Rows": 1,
              "Actual Loops": 6,
              "Plans": [
                {
                  "Node Type": "Hash Join",
                  "Parent Relationship": "Outer",
                  "Parallel Aware": true,
                  "Join Type": "Inner",
                  "Startup Cost": 93083.57,
                  "Total Cost": 297175.89,
                  "Plan Rows": 394491,
                  "Plan Width": 0,
                  "Actual Startup Time": 384.855,
                  "Actual Total Time": 1867.169,
                  "Actual Rows": 4917904,
                  "Actual Loops": 6,
                  "Inner Unique": false,
                  "Hash Cond": "(mi.movie_id = t.id)",
                  "Plans": [
                    {
                      "Node Type": "Seq Scan",
                      "Parent Relationship": "Outer",
                      "Parallel Aware": true,
                      "Relation Name": "movie_info",
                      "Alias": "mi",
                      "Startup Cost": 0.0,
                      "Total Cost": 191685.19,
                      "Plan Rows": 2969219,
                      "Plan Width": 4,
                      "Actual Startup Time": 0.055,
                      "Actual Total Time": 475.023,
                      "Actual Rows": 2472620,
                      "Actual Loops": 6
                    },
                    {
                      "Node Type": "Hash",
                      "Parent Relationship": "Inner",
                      "Parallel Aware": true,
                      "Startup Cost": 91729.02,
                      "Total Cost": 91729.02,
                      "Plan Rows": 108364,
                      "Plan Width": 8,
                      "Actual Startup Time": 380.904,
                      "Actual Total Time": 380.91,
                      "Actual Rows": 67024,
                      "Actual Loops": 6,
                      "Hash Buckets": 524288,
                      "Original Hash Buckets": 524288,
                      "Hash Batches": 1,
                      "Original Hash Batches": 1,
                      "Peak Memory Usage": 19968,
                      "Plans": [
                        {
                          "Node Type": "Hash Join",
                          "Parent Relationship": "Outer",
                          "Parallel Aware": true,
                          "Join Type": "Inner",
                          "Startup Cost": 46302.66,
                          "Total Cost": 91729.02,
                          "Plan Rows": 108364,
                          "Plan Width": 8,
                          "Actual Startup Time": 142.104,
                          "Actual Total Time": 349.065,
                          "Actual Rows": 67024,
                          "Actual Loops": 6,
                          "Inner Unique": true,
                          "Hash Cond": "(mk.movie_id = t.id)",
                          "Plans": [
                            {
                              "Node Type": "Seq Scan",
                              "Parent Relationship": "Outer",
                              "Parallel Aware": true,
                              "Relation Name": "movie_keyword",
                              "Alias": "mk",
                              "Startup Cost": 0.0,
                              "Total Cost": 42695.65,
                              "Plan Rows": 1040267,
                              "Plan Width": 4,
                              "Actual Startup Time": 0.143,
                              "Actual Total Time": 127.403,
                              "Actual Rows": 537016,
                              "Actual Loops": 6,
                              "Filter": "(keyword_id > 1697)",
                              "Rows Removed by Filter": 216972
                            },
                            {
                              "Node Type": "Hash",
                              "Parent Relationship": "Inner",
                              "Parallel Aware": true,
                              "Startup Cost": 45479.59,
                              "Total Cost": 45479.59,
                              "Plan Rows": 65846,
                              "Plan Width": 4,
                              "Actual Startup Time": 140.345,
                              "Actual Total Time": 140.347,
                              "Actual Rows": 37831,
                              "Actual Loops": 6,
                              "Hash Buckets": 524288,
                              "Original Hash Buckets": 524288,
                              "Hash Batches": 1,
                              "Original Hash Batches": 1,
                              "Peak Memory Usage": 13056,
                              "Plans": [
                                {
                                  "Node Type": "Seq Scan",
                                  "Parent Relationship": "Outer",
                                  "Parallel Aware": true,
                                  "Relation Name": "title",
                                  "Alias": "t",
                                  "Startup Cost": 0.0,
                                  "Total Cost": 45479.59,
                                  "Plan Rows": 65846,
                                  "Plan Width": 4,
                                  "Actual Startup Time": 0.103,
                                  "Actual Total Time": 111.086,
                                  "Actual Rows": 37831,
                                  "Actual Loops": 6,
                                  "Filter": "((kind_id < 4) AND (production_year > 2007))",
                                  "Rows Removed by Filter": 383554
                                }
                              ]
                            }
                          ]
                        }
                      ]
                    }
                  ]
                }
              ]
            }
          ]
        }
      ]
    },
    "Planning Time": 1.414,
    "Triggers": [],
    "Execution Time": 2260.719
  }
]