[
  {
    "Plan": {
      "Node Type": "Aggregate",
      "Strategy": "Plain",
      "Partial Mode": "Finalize",
      "Parallel Aware": false,
      "Startup Cost": 356000.38,
      "Total Cost": 356000.39,
      "Plan Rows": 1,
      "Plan Width": 8,
      "Actual Startup Time": 872.981,
      "Actual Total Time": 919.635,
      "Actual Rows": 1,
      "Actual Loops": 1,
      "Plans": [
        {
          "Node Type": "Gather",
          "Parent Relationship": "Outer",
          "Parallel Aware": false,
          "Startup Cost": 355999.76,
          "Total Cost": 356000.37,
          "Plan Rows": 6,
          "Plan Width": 8,
          "Actual Startup Time": 872.752,
          "Actual Total Time": 919.618,
          "Actual Rows": 7,
          "Actual Loops": 1,
          "Workers Planned": 6,
          "Workers Launched": 6,
          "Single Copy": false,
          "Plans": [
            {
              "Node Type": "Aggregate",
              "Strategy": "Plain",
              "Partial Mode": "Partial",
              "Parent Relationship": "Outer",
              "Parallel Aware": false,
              "Startup Cost": 354999.76,
              "Total Cost": 354999.77,
              "Plan Rows": 1,
              "Plan Width": 8,
              "Actual Startup Time": 865.498,
              "Actual Total Time": 865.5,
              "Actual Rows": 1,
              "Actual Loops": 7,
              "Plans": [
                {
                  "Node Type": "Seq Scan",
                  "Parent Relationship": "Outer",
                  "Parallel Aware": true,
                  "Relation Name": "cast_info",
                  "Alias": "ci",
                  "Startup Cost": 0.0,
                  "Total Cost": 343316.27,
                  "Plan Rows": 4673395,
                  "Plan Width": 0,
                  "Actual Startup Time": 61.598,
                  "Actual Total Time": 696.807,
                  "Actual Rows": 3934518,
                  "Actual Loops": 7,
                  "Filter": "((person_id > 409628) AND (role_id < 10))",
                  "Rows Removed by Filter": 1243245
                }
              ]
            }
          ]
        }
      ]
    },
    "Planning Time": 0.097,
    "Triggers": [],
    "Execution Time": 919.678
  }
]