[
  {
    "Plan": {
      "Node Type": "Aggregate",
      "Strategy": "Plain",
      "Partial Mode": "Finalize",
      "Parallel Aware": false,
      "Startup Cost": 38606.66,
      "Total Cost": 38606.67,
      "Plan Rows": 1,
      "Plan Width": 8,
      "Actual Startup Time": 126.989,
      "Actual Total Time": 140.699,
      "Actual Rows": 1,
      "Actual Loops": 1,
      "Plans": [
        {
          "Node Type": "Gather",
          "Parent Relationship": "Outer",
          "Parallel Aware": false,
          "Startup Cost": 38606.35,
          "Total Cost": 38606.66,
          "Plan Rows": 3,
          "Plan Width": 8,
          "Actual Startup Time": 126.631,
          "Actual Total Time": 140.683,
          "Actual Rows": 4,
          "Actual Loops": 1,
          "Workers Planned": 3,
          "Workers Launched": 3,
          "Single Copy": false,
          "Plans": [
            {
              "Node Type": "Aggregate",
              "Strategy": "Plain",
              "Partial Mode": "Partial",
              "Parent Relationship": "Outer",
              "Parallel Aware": false,
              "Startup Cost": 37606.35,
              "Total Cost": 37606.36,
              "Plan Rows": 1,
              "Plan Width": 8,
              "Actual Startup Time": 120.847,
              "Actual Total Time": 120.849,
              "Actual Rows": 1,
              "Actual Loops": 4,
              "Plans": [
                {
                  "Node Type": "Bitmap Heap Scan",
                  "Parent Relationship": "Outer",
                  "Parallel Aware": true,
                  "Relation Name": "movie_keyword",
                  "Alias": "mk",
                  "Startup Cost": 10709.33,
                  "Total Cost": 37199.18,
                  "Plan Rows": 162868,
                  "Plan Width": 0,
                  "Actual Startup Time": 31.524,
                  "Actual Total Time": 112.565,
                  "Actual Rows": 125658,
                  "Actual Loops": 4,
                  "Recheck Cond": "(keyword_id < 365)",
                  "Rows Removed by Index Recheck": 0,
                  "Exact Heap Blocks": 11160,
                  "Lossy Heap Blocks": 0,
                  "Plans": [
                    {
                      "Node Type": "Bitmap Index Scan",
                      "Parent Relationship": "Outer",
                      "Parallel Aware": false,
                      "Index Name": "keyword_id_movie_keyword",
                      "Startup Cost": 0.0,
                      "Total Cost": 10583.11,
                      "Plan Rows": 504890,
                      "Plan Width": 0,
                      "Actual Startup Time": 33.323,
                      "Actual Total Time": 33.324,
                      "Actual Rows": 502634,
                      "Actual Loops": 1,
                      "Index Cond": "(keyword_id < 365)"
                    }
                  ]
                }
              ]
            }
          ]
        }
      ]
    },
    "Planning Time": 0.11,
    "Triggers": [],
    "Execution Time": 140.748
  }
]