[
  {
    "Plan": {
      "Node Type": "Aggregate",
      "Strategy": "Plain",
      "Partial Mode": "Finalize",
      "Parallel Aware": false,
      "Startup Cost": 568678.95,
      "Total Cost": 568678.96,
      "Plan Rows": 1,
      "Plan Width": 8,
      "Actual Startup Time": 1453.839,
      "Actual Total Time": 1495.546,
      "Actual Rows": 1,
      "Actual Loops": 1,
      "Plans": [
        {
          "Node Type": "Gather",
          "Parent Relationship": "Outer",
          "Parallel Aware": false,
          "Startup Cost": 568678.43,
          "Total Cost": 568678.94,
          "Plan Rows": 5,
          "Plan Width": 8,
          "Actual Startup Time": 1430.171,
          "Actual Total Time": 1495.521,
          "Actual Rows": 6,
          "Actual Loops": 1,
          "Workers Planned": 5,
          "Workers Launched": 5,
          "Single Copy": false,
          "Plans": [
            {
              "Node Type": "Aggregate",
              "Strategy": "Plain",
              "Partial Mode": "Partial",
              "Parent Relationship": "Outer",
              "Parallel Aware": false,
              "Startup Cost": 567678.43,
              "Total Cost": 567678.44,
              "Plan Rows": 1,
              "Plan Width": 8,
              "Actual Startup Time": 1419.707,
              "Actual Total Time": 1419.821,
              "Actual Rows": 1,
              "Actual Loops": 6,
              "Plans": [
                {
                  "Node Type": "Hash Join",
                  "Parent Relationship": "Outer",
                  "Parallel Aware": true,
                  "Join Type": "Inner",
                  "Startup Cost": 358139.38,
                  "Total Cost": 563646.86,
                  "Plan Rows": 1612627,
                  "Plan Width": 0,
                  "Actual Startup Time": 543.62,
                  "Actual Total Time": 1357.959,
                  "Actual Rows": 1423544,
                  "Actual Loops": 6,
                  "Inner Unique": false,
                  "Hash Cond": "(mi.movie_id = t.id)",
                  "Plans": [
                    {
                      "Node Type": "Seq Scan",
                      "Parent Relationship": "Outer",
                      "Parallel Aware": true,
                      "Relation Name": "movie_info",
                      "Alias": "mi",
                      "Startup Cost": 0.0,
                      "Total Cost": 191685.19,
                      "Plan Rows": 2969219,
                      "Plan Width": 4,
                      "Actual Startup Time": 0.042,
                      "Actual Total Time": 283.255,
                      "Actual Rows": 2472620,
                      "Actual Loops": 6
                    },
                    {
                      "Node Type": "Hash",
                      "Parent Relationship": "Inner",
                      "Parallel Aware": true,
                      "Startup Cost": 355278.49,
                      "Total Cost": 355278.49,
                      "Plan Rows": 228871,
                      "Plan Width": 8,
                      "Actual Startup Time": 539.463,
                      "Actual Total Time": 539.574,
                      "Actual Rows": 103747,
                      "Actual Loops": 6,
                      "Hash Buckets": 2097152,
                      "Original Hash Buckets": 2097152,
                      "Hash Batches": 1,
                      "Original Hash Batches": 1,
                      "Peak Memory Usage": 40832,
                      "Plans": [
                        {
                          "Node Type": "Hash Join",
                          "Parent Relationship": "Outer",
                          "Parallel Aware": true,
                          "Join Type": "Inner",
                          "Startup Cost": 96706.09,
                          "Total Cost": 355278.49,
                          "Plan Rows": 228871,
                          "Plan Width": 8,
                          "Actual Startup Time": 398.454,
                          "Actual Total Time": 483.168,
                          "Actual Rows": 103747,
                          "Actual Loops": 6,
                          "Inner Unique": true,
                          "Hash Cond": "(ci.movie_id = t.id)",
                          "Plans": [
                            {
                              "Node Type": "Bitmap Heap Scan",
                              "Parent Relationship": "Outer",
                              "Parallel Aware": true,
                              "Relation Name": "cast_info",
                              "Alias": "ci",
                              "Startup Cost": 46485.71,
                              "Total Cost": 304457.32,
                              "Plan Rows": 228871,
                              "Plan Width": 4,
                              "Actual Startup Time": 128.842,
                              "Actual Total Time": 157.124,
                              "Actual Rows": 103747,
                              "Actual Loops": 6,
                              "Recheck Cond": "(person_id < 212475)",
                              "Rows Removed by Index Recheck": 0,
                              "Filter": "(role_id > 1)",
                              "Rows Removed by Filter": 257979,
                              "Exact Heap Blocks": 4247,
                              "Lossy Heap Blocks": 0,
                              "Plans": [
                                {
                                  "Node Type": "Bitmap Index Scan",
                                  "Parent Relationship": "Outer",
                                  "Parallel Aware": false,
                                  "Index Name": "person_id_cast_info",
                                  "Startup Cost": 0.0,
                                  "Total Cost": 46142.4,
                                  "Plan Rows": 2113845,
                                  "Plan Width": 0,
                                  "Actual Startup Time": 72.84,
                                  "Actual Total Time": 72.841,
                                  "Actual Rows": 2170353,
                                  "Actual Loops": 1,
                                  "Index Cond": "(person_id < 212475)"
                                }
                              ]
                            },
                            {
                              "Node Type": "Hash",
                              "Parent Relationship": "Inner",
                              "Parallel Aware": true,
                              "Startup Cost": 42319.06,
                              "Total Cost": 42319.06,
                              "Plan Rows": 632106,
                              "Plan Width": 4,
                              "Actual Startup Time": 265.165,
                              "Actual Total Time": 265.166,
                              "Actual Rows": 421385,
                              "Actual Loops": 6,
                              "Hash Buckets": 4194304,
                              "Original Hash Buckets": 4194304,
                              "Hash Batches": 1,
                              "Original Hash Batches": 1,
                              "Peak Memory Usage": 131840,
                              "Plans": [
                                {
                                  "Node Type": "Seq Scan",
                                  "Parent Relationship": "Outer",
                                  "Parallel Aware": true,
                                  "Relation Name": "title",
                                  "Alias": "t",
                                  "Startup Cost": 0.0,
                                  "Total Cost": 42319.06,
                                  "Plan Rows": 632106,
                                  "Plan Width": 4,
                                  "Actual Startup Time": 0.085,
                                  "Actual Total Time": 76.684,
                                  "Actual Rows": 421385,
                                  "Actual Loops": 6
                                }
                              ]
                            }
                          ]
                        }
                      ]
                    }
                  ]
                }
              ]
            }
          ]
        }
      ]
    },
    "Planning Time": 1.068,
    "Triggers": [],
    "Execution Time": 1495.614
  }
]