[
  {
    "Plan": {
      "Node Type": "Aggregate",
      "Strategy": "Plain",
      "Partial Mode": "Finalize",
      "Parallel Aware": false,
      "Startup Cost": 570399.09,
      "Total Cost": 570399.1,
      "Plan Rows": 1,
      "Plan Width": 8,
      "Actual Startup Time": 1618.833,
      "Actual Total Time": 1671.754,
      "Actual Rows": 1,
      "Actual Loops": 1,
      "Plans": [
        {
          "Node Type": "Gather",
          "Parent Relationship": "Outer",
          "Parallel Aware": false,
          "Startup Cost": 570398.57,
          "Total Cost": 570399.08,
          "Plan Rows": 5,
          "Plan Width": 8,
          "Actual Startup Time": 1598.63,
          "Actual Total Time": 1671.738,
          "Actual Rows": 6,
          "Actual Loops": 1,
          "Workers Planned": 5,
          "Workers Launched": 5,
          "Single Copy": false,
          "Plans": [
            {
              "Node Type": "Aggregate",
              "Strategy": "Plain",
              "Partial Mode": "Partial",
              "Parent Relationship": "Outer",
              "Parallel Aware": false,
              "Startup Cost": 569398.57,
              "Total Cost": 569398.58,
              "Plan Rows": 1,
              "Plan Width": 8,
              "Actual Startup Time": 1583.224,
              "Actual Total Time": 1583.332,
              "Actual Rows": 1,
              "Actual Loops": 6,
              "Plans": [
                {
                  "Node Type": "Hash Join",
                  "Parent Relationship": "Outer",
                  "Parallel Aware": true,
                  "Join Type": "Inner",
                  "Startup Cost": 359800.78,
                  "Total Cost": 565228.74,
                  "Plan Rows": 1667933,
                  "Plan Width": 0,
                  "Actual Startup Time": 602.336,
                  "Actual Total Time": 1516.696,
                  "Actual Rows": 1423544,
                  "Actual Loops": 6,
                  "Inner Unique": false,
                  "Hash Cond": "(mi.movie_id = t.id)",
                  "Plans": [
                    {
                      "Node Type": "Seq Scan",
                      "Parent Relationship": "Outer",
                      "Parallel Aware": true,
                      "Relation Name": "movie_info",
                      "Alias": "mi",
                      "Startup Cost": 0.0,
                      "Total Cost": 191560.33,
                      "Plan Rows": 2956733,
                      "Plan Width": 4,
                      "Actual Startup Time": 0.032,
                      "Actual Total Time": 317.621,
                      "Actual Rows": 2472620,
                      "Actual Loops": 6
                    },
                    {
                      "Node Type": "Hash",
                      "Parent Relationship": "Inner",
                      "Parallel Aware": true,
                      "Startup Cost": 356829.44,
                      "Total Cost": 356829.44,
                      "Plan Rows": 237707,
                      "Plan Width": 8,
                      "Actual Startup Time": 596.842,
                      "Actual Total Time": 596.947,
                      "Actual Rows": 103747,
                      "Actual Loops": 6,
                      "Hash Buckets": 2097152,
                      "Original Hash Buckets": 2097152,
                      "Hash Batches": 1,
                      "Original Hash Batches": 1,
                      "Peak Memory Usage": 40832,
                      "Plans": [
                        {
                          "Node Type": "Hash Join",
                          "Parent Relationship": "Outer",
                          "Parallel Aware": true,
                          "Join Type": "Inner",
                          "Startup Cost": 98080.04,
                          "Total Cost": 356829.44,
                          "Plan Rows": 237707,
                          "Plan Width": 8,
                          "Actual Startup Time": 441.812,
                          "Actual Total Time": 537.078,
                          "Actual Rows": 103747,
                          "Actual Loops": 6,
                          "Inner Unique": true,
                          "Hash Cond": "(ci.movie_id = t.id)",
                          "Plans": [
                            {
                              "Node Type": "Bitmap Heap Scan",
                              "Parent Relationship": "Outer",
                              "Parallel Aware": true,
                              "Relation Name": "cast_info",
                              "Alias": "ci",
                              "Startup Cost": 47860.39,
                              "Total Cost": 305985.82,
                              "Plan Rows": 237707,
                              "Plan Width": 4,
                              "Actual Startup Time": 143.597,
                              "Actual Total Time": 174.947,
                              "Actual Rows": 103747,
                              "Actual Loops": 6,
                              "Recheck Cond": "(person_id < 212475)",
                              "Rows Removed by Index Recheck": 0,
                              "Filter": "(role_id > 1)",
                              "Rows Removed by Filter": 257979,
                              "Exact Heap Blocks": 3401,
                              "Lossy Heap Blocks": 0,
                              "Plans": [
                                {
                                  "Node Type": "Bitmap Index Scan",
                                  "Parent Relationship": "Outer",
                                  "Parallel Aware": false,
                                  "Index Name": "person_id_cast_info",
                                  "Startup Cost": 0.0,
                                  "Total Cost": 47503.83,
                                  "Plan Rows": 2175369,
                                  "Plan Width": 0,
                                  "Actual Startup Time": 83.786,
                                  "Actual Total Time": 83.787,
                                  "Actual Rows": 2170353,
                                  "Actual Loops": 1,
                                  "Index Cond": "(person_id < 212475)"
                                }
                              ]
                            },
                            {
                              "Node Type": "Hash",
                              "Parent Relationship": "Inner",
                              "Parallel Aware": true,
                              "Startup Cost": 42318.73,
                              "Total Cost": 42318.73,
                              "Plan Rows": 632073,
                              "Plan Width": 4,
                              "Actual Startup Time": 292.293,
                              "Actual Total Time": 292.294,
                              "Actual Rows": 421385,
                              "Actual Loops": 6,
                              "Hash Buckets": 4194304,
                              "Original Hash Buckets": 4194304,
                              "Hash Batches": 1,
                              "Original Hash Batches": 1,
                              "Peak Memory Usage": 131808,
                              "Plans": [
                                {
                                  "Node Type": "Seq Scan",
                                  "Parent Relationship": "Outer",
                                  "Parallel Aware": true,
                                  "Relation Name": "title",
                                  "Alias": "t",
                                  "Startup Cost": 0.0,
                                  "Total Cost": 42318.73,
                                  "Plan Rows": 632073,
                                  "Plan Width": 4,
                                  "Actual Startup Time": 0.046,
                                  "Actual Total Time": 82.955,
                                  "Actual Rows": 421385,
                                  "Actual Loops": 6
                                }
                              ]
                            }
                          ]
                        }
                      ]
                    }
                  ]
                }
              ]
            }
          ]
        }
      ]
    },
    "Planning Time": 1.424,
    "Triggers": [],
    "Execution Time": 1671.87
  }
]