[
  {
    "Plan": {
      "Node Type": "Aggregate",
      "Strategy": "Plain",
      "Partial Mode": "Finalize",
      "Parallel Aware": false,
      "Startup Cost": 755198.92,
      "Total Cost": 755198.93,
      "Plan Rows": 1,
      "Plan Width": 64,
      "Actual Startup Time": 3881.061,
      "Actual Total Time": 4072.576,
      "Actual Rows": 1,
      "Actual Loops": 1,
      "Plans": [
        {
          "Node Type": "Gather",
          "Parent Relationship": "Outer",
          "Parallel Aware": false,
          "Startup Cost": 755198.81,
          "Total Cost": 755198.92,
          "Plan Rows": 1,
          "Plan Width": 64,
          "Actual Startup Time": 3880.857,
          "Actual Total Time": 4072.553,
          "Actual Rows": 2,
          "Actual Loops": 1,
          "Workers Planned": 1,
          "Workers Launched": 1,
          "Single Copy": false,
          "Plans": [
            {
              "Node Type": "Aggregate",
              "Strategy": "Plain",
              "Partial Mode": "Partial",
              "Parent Relationship": "Outer",
              "Parallel Aware": false,
              "Startup Cost": 754198.81,
              "Total Cost": 754198.82,
              "Plan Rows": 1,
              "Plan Width": 64,
              "Actual Startup Time": 3873.926,
              "Actual Total Time": 3873.953,
              "Actual Rows": 1,
              "Actual Loops": 2,
              "Plans": [
                {
                  "Node Type": "Hash Join",
                  "Parent Relationship": "Outer",
                  "Parallel Aware": false,
                  "Join Type": "Inner",
                  "Startup Cost": 749287.85,
                  "Total Cost": 754198.8,
                  "Plan Rows": 1,
                  "Plan Width": 32,
                  "Actual Startup Time": 3867.187,
                  "Actual Total Time": 3873.942,
                  "Actual Rows": 2,
                  "Actual Loops": 2,
                  "Inner Unique": true,
                  "Hash Cond": "(ci.role_id = rt.id)",
                  "Plans": [
                    {
                      "Node Type": "Hash Join",
                      "Parent Relationship": "Outer",
                      "Parallel Aware": true,
                      "Join Type": "Inner",
                      "Startup Cost": 749286.69,
                      "Total Cost": 754197.64,
                      "Plan Rows": 1,
                      "Plan Width": 36,
                      "Actual Startup Time": 3866.71,
                      "Actual Total Time": 3873.462,
                      "Actual Rows": 2,
                      "Actual Loops": 2,
                      "Inner Unique": false,
                      "Hash Cond": "(cn.id = mc.company_id)",
                      "Plans": [
                        {
                          "Node Type": "Seq Scan",
                          "Parent Relationship": "Outer",
                          "Parallel Aware": true,
                          "Relation Name": "company_name",
                          "Alias": "cn",
                          "Startup Cost": 0.0,
                          "Total Cost": 4722.92,
                          "Plan Rows": 50137,
                          "Plan Width": 4,
                          "Actual Startup Time": 0.013,
                          "Actual Total Time": 14.98,
                          "Actual Rows": 42422,
                          "Actual Loops": 2,
                          "Filter": "((country_code)::text = '[us]'::text)",
                          "Rows Removed by Filter": 75077
                        },
                        {
                          "Node Type": "Hash",
                          "Parent Relationship": "Inner",
                          "Parallel Aware": true,
                          "Startup Cost": 749286.68,
                          "Total Cost": 749286.68,
                          "Plan Rows": 1,
                          "Plan Width": 40,
                          "Actual Startup Time": 3855.686,
                          "Actual Total Time": 3855.709,
                          "Actual Rows": 2,
                          "Actual Loops": 2,
                          "Hash Buckets": 1024,
                          "Original Hash Buckets": 1024,
                          "Hash Batches": 1,
                          "Original Hash Batches": 1,
                          "Peak Memory Usage": 40,
                          "Plans": [
                            {
                              "Node Type": "Hash Join",
                              "Parent Relationship": "Outer",
                              "Parallel Aware": true,
                              "Join Type": "Inner",
                              "Startup Cost": 715648.71,
                              "Total Cost": 749286.68,
                              "Plan Rows": 1,
                              "Plan Width": 40,
                              "Actual Startup Time": 3761.775,
                              "Actual Total Time": 3855.649,
                              "Actual Rows": 2,
                              "Actual Loops": 2,
                              "Inner Unique": false,
                              "Hash Cond": "(mc.movie_id = t.id)",
                              "Plans": [
                                {
                                  "Node Type": "Seq Scan",
                                  "Parent Relationship": "Outer",
                                  "Parallel Aware": true,
                                  "Relation Name": "movie_companies",
                                  "Alias": "mc",
                                  "Startup Cost": 0.0,
                                  "Total Cost": 33518.95,
                                  "Plan Rows": 31735,
                                  "Plan Width": 8,
                                  "Actual Startup Time": 0.017,
                                  "Actual Total Time": 183.332,
                                  "Actual Rows": 99260,
                                  "Actual Loops": 2,
                                  "Filter": "((note ~~ '%(200%)%'::text) AND ((note ~~ '%(USA)%'::text) OR (note ~~ '%(worldwide)%'::text)))",
                                  "Rows Removed by Filter": 1205305
                                },
                                {
                                  "Node Type": "Hash",
                                  "Parent Relationship": "Inner",
                                  "Parallel Aware": true,
                                  "Startup Cost": 715648.7,
                                  "Total Cost": 715648.7,
                                  "Plan Rows": 1,
                                  "Plan Width": 48,
                                  "Actual Startup Time": 3666.185,
                                  "Actual Total Time": 3666.202,
                                  "Actual Rows": 2,
                                  "Actual Loops": 2,
                                  "Hash Buckets": 1024,
                                  "Original Hash Buckets": 1024,
                                  "Hash Batches": 1,
                                  "Original Hash Batches": 1,
                                  "Peak Memory Usage": 40,
                                  "Plans": [
                                    {
                                      "Node Type": "Hash Join",
                                      "Parent Relationship": "Outer",
                                      "Parallel Aware": true,
                                      "Join Type": "Inner",
                                      "Startup Cost": 668377.43,
                                      "Total Cost": 715648.7,
                                      "Plan Rows": 1,
                                      "Plan Width": 48,
                                      "Actual Startup Time": 3643.931,
                                      "Actual Total Time": 3666.183,
                                      "Actual Rows": 2,
                                      "Actual Loops": 2,
                                      "Inner Unique": false,
                                      "Hash Cond": "(chn.id = ci.person_role_id)",
                                      "Plans": [
                                        {
                                          "Node Type": "Seq Scan",
                                          "Parent Relationship": "Outer",
                                          "Parallel Aware": true,
                                          "Relation Name": "char_name",
                                          "Alias": "chn",
                                          "Startup Cost": 0.0,
                                          "Total Cost": 44325.46,
                                          "Plan Rows": 785546,
                                          "Plan Width": 4,
                                          "Actual Startup Time": 0.01,
                                          "Actual Total Time": 172.051,
                                          "Actual Rows": 1570170,
                                          "Actual Loops": 2
                                        },
                                        {
                                          "Node Type": "Hash",
                                          "Parent Relationship": "Inner",
                                          "Parallel Aware": true,
                                          "Startup Cost": 668377.42,
                                          "Total Cost": 668377.42,
                                          "Plan Rows": 1,
                                          "Plan Width": 52,
                                          "Actual Startup Time": 3401.735,
                                          "Actual Total Time": 3401.749,
                                          "Actual Rows": 2,
                                          "Actual Loops": 2,
                                          "Hash Buckets": 1024,
                                          "Original Hash Buckets": 1024,
                                          "Hash Batches": 1,
                                          "Original Hash Batches": 1,
                                          "Peak Memory Usage": 40,
                                          "Plans": [
                                            {
                                              "Node Type": "Hash Join",
                                              "Parent Relationship": "Outer",
                                              "Parallel Aware": true,
                                              "Join Type": "Inner",
                                              "Startup Cost": 461866.79,
                                              "Total Cost": 668377.42,
                                              "Plan Rows": 1,
                                              "Plan Width": 52,
                                              "Actual Startup Time": 3004.285,
                                              "Actual Total Time": 3401.711,
                                              "Actual Rows": 2,
                                              "Actual Loops": 2,
                                              "Inner Unique": false,
                                              "Hash Cond": "(mi.movie_id = t.id)",
                                              "Plans": [
                                                {
                                                  "Node Type": "Hash Join",
                                                  "Parent Relationship": "Outer",
                                                  "Parallel Aware": false,
                                                  "Join Type": "Inner",
                                                  "Startup Cost": 2.43,
                                                  "Total Cost": 206513.03,
                                                  "Plan Rows": 3,
                                                  "Plan Width": 4,
                                                  "Actual Startup Time": 298.36,
                                                  "Actual Total Time": 1095.062,
                                                  "Actual Rows": 34739,
                                                  "Actual Loops": 2,
                                                  "Inner Unique": true,
                                                  "Hash Cond": "(mi.info_type_id = it.id)",
                                                  "Plans": [
                                                    {
                                                      "Node Type": "Seq Scan",
                                                      "Parent Relationship": "Outer",
                                                      "Parallel Aware": true,
                                                      "Relation Name": "movie_info",
                                                      "Alias": "mi",
                                                      "Startup Cost": 0.0,
                                                      "Total Cost": 206509.76,
                                                      "Plan Rows": 309,
                                                      "Plan Width": 8,
                                                      "Actual Startup Time": 298.284,
                                                      "Actual Total Time": 1089.45,
                                                      "Actual Rows": 34739,
                                                      "Actual Loops": 2,
                                                      "Filter": "((info IS NOT NULL) AND ((info ~~ 'Japan:%2007%'::text) OR (info ~~ 'USA:%2008%'::text)))",
                                                      "Rows Removed by Filter": 7383121
                                                    },
                                                    {
                                                      "Node Type": "Hash",
                                                      "Parent Relationship": "Inner",
                                                      "Parallel Aware": false,
                                                      "Startup Cost": 2.41,
                                                      "Total Cost": 2.41,
                                                      "Plan Rows": 1,
                                                      "Plan Width": 4,
                                                      "Actual Startup Time": 0.041,
                                                      "Actual Total Time": 0.043,
                                                      "Actual Rows": 1,
                                                      "Actual Loops": 2,
                                                      "Hash Buckets": 1024,
                                                      "Original Hash Buckets": 1024,
                                                      "Hash Batches": 1,
                                                      "Original Hash Batches": 1,
                                                      "Peak Memory Usage": 9,
                                                      "Plans": [
                                                        {
                                                          "Node Type": "Seq Scan",
                                                          "Parent Relationship": "Outer",
                                                          "Parallel Aware": false,
                                                          "Relation Name": "info_type",
                                                          "Alias": "it",
                                                          "Startup Cost": 0.0,
                                                          "Total Cost": 2.41,
                                                          "Plan Rows": 1,
                                                          "Plan Width": 4,
                                                          "Actual Startup Time": 0.029,
                                                          "Actual Total Time": 0.033,
                                                          "Actual Rows": 1,
                                                          "Actual Loops": 2,
                                                          "Filter": "((info)::text = 'release dates'::text)",
                                                          "Rows Removed by Filter": 112
                                                        }
                                                      ]
                                                    }
                                                  ]
                                                },
                                                {
                                                  "Node Type": "Hash",
                                                  "Parent Relationship": "Inner",
                                                  "Parallel Aware": true,
                                                  "Startup Cost": 461864.35,
                                                  "Total Cost": 461864.35,
                                                  "Plan Rows": 1,
                                                  "Plan Width": 48,
                                                  "Actual Startup Time": 2304.119,
                                                  "Actual Total Time": 2304.128,
                                                  "Actual Rows": 2,
                                                  "Actual Loops": 2,
                                                  "Hash Buckets": 1024,
                                                  "Original Hash Buckets": 1024,
                                                  "Hash Batches": 1,
                                                  "Original Hash Batches": 1,
                                                  "Peak Memory Usage": 40,
                                                  "Plans": [
                                                    {
                                                      "Node Type": "Hash Join",
                                                      "Parent Relationship": "Outer",
                                                      "Parallel Aware": true,
                                                      "Join Type": "Inner",
                                                      "Startup Cost": 133398.52,
                                                      "Total Cost": 461864.35,
                                                      "Plan Rows": 1,
                                                      "Plan Width": 48,
                                                      "Actual Startup Time": 1835.559,
                                                      "Actual Total Time": 2304.103,
                                                      "Actual Rows": 2,
                                                      "Actual Loops": 2,
                                                      "Inner Unique": false,
                                                      "Hash Cond": "(ci.person_id = n.id)",
                                                      "Plans": [
                                                        {
                                                          "Node Type": "Hash Join",
                                                          "Parent Relationship": "Outer",
                                                          "Parallel Aware": true,
                                                          "Join Type": "Inner",
                                                          "Startup Cost": 47091.24,
                                                          "Total Cost": 375555.31,
                                                          "Plan Rows": 468,
                                                          "Plan Width": 37,
                                                          "Actual Startup Time": 243.4,
                                                          "Actual Total Time": 1889.584,
                                                          "Actual Rows": 489,
                                                          "Actual Loops": 2,
                                                          "Inner Unique": true,
                                                          "Hash Cond": "(ci.movie_id = t.id)",
                                                          "Plans": [
                                                            {
                                                              "Node Type": "Seq Scan",
                                                              "Parent Relationship": "Outer",
                                                              "Parallel Aware": true,
                                                              "Relation Name": "cast_info",
                                                              "Alias": "ci",
                                                              "Startup Cost": 0.0,
                                                              "Total Cost": 328163.97,
                                                              "Plan Rows": 114322,
                                                              "Plan Width": 16,
                                                              "Actual Startup Time": 0.021,
                                                              "Actual Total Time": 1608.43,
                                                              "Actual Rows": 335861,
                                                              "Actual Loops": 2,
                                                              "Filter": "(note = '(uncredited)'::text)",
                                                              "Rows Removed by Filter": 17786311
                                                            },
                                                            {
                                                              "Node Type": "Hash",
                                                              "Parent Relationship": "Inner",
                                                              "Parallel Aware": true,
                                                              "Startup Cost": 47058.86,
                                                              "Total Cost": 47058.86,
                                                              "Plan Rows": 2590,
                                                              "Plan Width": 21,
                                                              "Actual Startup Time": 241.542,
                                                              "Actual Total Time": 241.543,
                                                              "Actual Rows": 1405,
                                                              "Actual Loops": 2,
                                                              "Hash Buckets": 16384,
                                                              "Original Hash Buckets": 16384,
                                                              "Hash Batches": 1,
                                                              "Original Hash Batches": 1,
                                                              "Peak Memory Usage": 384,
                                                              "Plans": [
                                                                {
                                                                  "Node Type": "Seq Scan",
                                                                  "Parent Relationship": "Outer",
                                                                  "Parallel Aware": true,
                                                                  "Relation Name": "title",
                                                                  "Alias": "t",
                                                                  "Startup Cost": 0.0,
                                                                  "Total Cost": 47058.86,
                                                                  "Plan Rows": 2590,
                                                                  "Plan Width": 21,
                                                                  "Actual Startup Time": 0.081,
                                                                  "Actual Total Time": 240.387,
                                                                  "Actual Rows": 1405,
                                                                  "Actual Loops": 2,
                                                                  "Filter": "((title ~~ '%His%'::text) AND (production_year >= 2005) AND (production_year <= 2013))",
                                                                  "Rows Removed by Filter": 1262751
                                                                }
                                                              ]
                                                            }
                                                          ]
                                                        },
                                                        {
                                                          "Node Type": "Hash",
                                                          "Parent Relationship": "Inner",
                                                          "Parallel Aware": true,
                                                          "Startup Cost": 86307.19,
                                                          "Total Cost": 86307.19,
                                                          "Plan Rows": 7,
                                                          "Plan Width": 23,
                                                          "Actual Startup Time": 414.254,
                                                          "Actual Total Time": 414.257,
                                                          "Actual Rows": 32,
                                                          "Actual Loops": 2,
                                                          "Hash Buckets": 1024,
                                                          "Original Hash Buckets": 1024,
                                                          "Hash Batches": 1,
                                                          "Original Hash Batches": 1,
                                                          "Peak Memory Usage": 72,
                                                          "Plans": [
                                                            {
                                                              "Node Type": "Hash Join",
                                                              "Parent Relationship": "Outer",
                                                              "Parallel Aware": true,
                                                              "Join Type": "Inner",
                                                              "Startup Cost": 71240.4,
                                                              "Total Cost": 86307.19,
                                                              "Plan Rows": 7,
                                                              "Plan Width": 23,
                                                              "Actual Startup Time": 339.704,
                                                              "Actual Total Time": 414.165,
                                                              "Actual Rows": 32,
                                                              "Actual Loops": 2,
                                                              "Inner Unique": true,
                                                              "Hash Cond": "(an.person_id = n.id)",
                                                              "Plans": [
                                                                {
                                                                  "Node Type": "Seq Scan",
                                                                  "Parent Relationship": "Outer",
                                                                  "Parallel Aware": true,
                                                                  "Relation Name": "aka_name",
                                                                  "Alias": "an",
                                                                  "Startup Cost": 0.0,
                                                                  "Total Cost": 14303.56,
                                                                  "Plan Rows": 290756,
                                                                  "Plan Width": 4,
                                                                  "Actual Startup Time": 0.018,
                                                                  "Actual Total Time": 61.353,
                                                                  "Actual Rows": 450672,
                                                                  "Actual Loops": 2
                                                                },
                                                                {
                                                                  "Node Type": "Hash",
                                                                  "Parent Relationship": "Inner",
                                                                  "Parallel Aware": true,
                                                                  "Startup Cost": 71240.1,
                                                                  "Total Cost": 71240.1,
                                                                  "Plan Rows": 24,
                                                                  "Plan Width": 19,
                                                                  "Actual Startup Time": 321.847,
                                                                  "Actual Total Time": 321.848,
                                                                  "Actual Rows": 146,
                                                                  "Actual Loops": 2,
                                                                  "Hash Buckets": 1024,
                                                                  "Original Hash Buckets": 1024,
                                                                  "Hash Batches": 1,
                                                                  "Original Hash Batches": 1,
                                                                  "Peak Memory Usage": 72,
                                                                  "Plans": [
                                                                    {
                                                                      "Node Type": "Seq Scan",
                                                                      "Parent Relationship": "Outer",
                                                                      "Parallel Aware": true,
                                                                      "Relation Name": "name",
                                                                      "Alias": "n",
                                                                      "Startup Cost": 0.0,
                                                                      "Total Cost": 71240.1,
                                                                      "Plan Rows": 24,
                                                                      "Plan Width": 19,
                                                                      "Actual Startup Time": 155.858,
                                                                      "Actual Total Time": 321.756,
                                                                      "Actual Rows": 146,
                                                                      "Actual Loops": 2,
                                                                      "Filter": "((name ~~ '%George,%'::text) AND ((gender)::text = 'f'::text))",
                                                                      "Rows Removed by Filter": 2083599
                                                                    }
                                                                  ]
                                                                }
                                                              ]
                                                            }
                                                          ]
                                                        }
                                                      ]
                                                    }
                                                  ]
                                                }
                                              ]
                                            }
                                          ]
                                        }
                                      ]
                                    }
                                  ]
                                }
                              ]
                            }
                          ]
                        }
                      ]
                    },
                    {
                      "Node Type": "Hash",
                      "Parent Relationship": "Inner",
                      "Parallel Aware": false,
                      "Startup Cost": 1.15,
                      "Total Cost": 1.15,
                      "Plan Rows": 1,
                      "Plan Width": 4,
                      "Actual Startup Time": 0.071,
                      "Actual Total Time": 0.072,
                      "Actual Rows": 1,
                      "Actual Loops": 2,
                      "Hash Buckets": 1024,
                      "Original Hash Buckets": 1024,
                      "Hash Batches": 1,
                      "Original Hash Batches": 1,
                      "Peak Memory Usage": 9,
                      "Plans": [
                        {
                          "Node Type": "Seq Scan",
                          "Parent Relationship": "Outer",
                          "Parallel Aware": false,
                          "Relation Name": "role_type",
                          "Alias": "rt",
                          "Startup Cost": 0.0,
                          "Total Cost": 1.15,
                          "Plan Rows": 1,
                          "Plan Width": 4,
                          "Actual Startup Time": 0.053,
                          "Actual Total Time": 0.057,
                          "Actual Rows": 1,
                          "Actual Loops": 2,
                          "Filter": "((role)::text = 'actress'::text)",
                          "Rows Removed by Filter": 11
                        }
                      ]
                    }
                  ]
                }
              ]
            }
          ]
        }
      ]
    },
    "Planning Time": 26.808,
    "Triggers": [],
    "Execution Time": 4072.966
  }
]