[
  {
    "Plan": {
      "Node Type": "Aggregate",
      "Strategy": "Plain",
      "Partial Mode": "Finalize",
      "Parallel Aware": false,
      "Startup Cost": 44798.46,
      "Total Cost": 44798.47,
      "Plan Rows": 1,
      "Plan Width": 8,
      "Actual Startup Time": 140.561,
      "Actual Total Time": 151.022,
      "Actual Rows": 1,
      "Actual Loops": 1,
      "Plans": [
        {
          "Node Type": "Gather",
          "Parent Relationship": "Outer",
          "Parallel Aware": false,
          "Startup Cost": 44798.14,
          "Total Cost": 44798.45,
          "Plan Rows": 3,
          "Plan Width": 8,
          "Actual Startup Time": 140.399,
          "Actual Total Time": 151.011,
          "Actual Rows": 4,
          "Actual Loops": 1,
          "Workers Planned": 3,
          "Workers Launched": 3,
          "Single Copy": false,
          "Plans": [
            {
              "Node Type": "Aggregate",
              "Strategy": "Plain",
              "Partial Mode": "Partial",
              "Parent Relationship": "Outer",
              "Parallel Aware": false,
              "Startup Cost": 43798.14,
              "Total Cost": 43798.15,
              "Plan Rows": 1,
              "Plan Width": 8,
              "Actual Startup Time": 136.111,
              "Actual Total Time": 136.112,
              "Actual Rows": 1,
              "Actual Loops": 4,
              "Plans": [
                {
                  "Node Type": "Seq Scan",
                  "Parent Relationship": "Outer",
                  "Parallel Aware": true,
                  "Relation Name": "movie_keyword",
                  "Alias": "mk",
                  "Startup Cost": 0.0,
                  "Total Cost": 42695.65,
                  "Plan Rows": 440996,
                  "Plan Width": 0,
                  "Actual Startup Time": 0.034,
                  "Actual Total Time": 117.138,
                  "Actual Rows": 343270,
                  "Actual Loops": 4,
                  "Filter": "(keyword_id < 1809)",
                  "Rows Removed by Filter": 787712
                }
              ]
            }
          ]
        }
      ]
    },
    "Planning Time": 0.305,
    "Triggers": [],
    "Execution Time": 151.088
  }
]