[
    {
        "Bao": {
            "Bao prediction": "NaN",
            "Bao recommended hint": "(no hint)"
        }
    },
    {
        "Plan": {
            "Node Type": "Aggregate",
            "Strategy": "Plain",
            "Partial Mode": "Finalize",
            "Parallel Aware": false,
            "Startup Cost": 32143.59,
            "Total Cost": 32143.6,
            "Plan Rows": 1,
            "Plan Width": 8,
            "Actual Startup Time": 93.819,
            "Actual Total Time": 97.181,
            "Actual Rows": 1,
            "Actual Loops": 1,
            "Output": [
                "count(*)"
            ],
            "Plans": [
                {
                    "Node Type": "Gather",
                    "Parent Relationship": "Outer",
                    "Parallel Aware": false,
                    "Startup Cost": 32143.27,
                    "Total Cost": 32143.58,
                    "Plan Rows": 3,
                    "Plan Width": 8,
                    "Actual Startup Time": 93.552,
                    "Actual Total Time": 97.173,
                    "Actual Rows": 4,
                    "Actual Loops": 1,
                    "Output": [
                        "(PARTIAL count(*))"
                    ],
                    "Workers Planned": 3,
                    "Workers Launched": 3,
                    "Single Copy": false,
                    "Plans": [
                        {
                            "Node Type": "Aggregate",
                            "Strategy": "Plain",
                            "Partial Mode": "Partial",
                            "Parent Relationship": "Outer",
                            "Parallel Aware": false,
                            "Startup Cost": 31143.27,
                            "Total Cost": 31143.28,
                            "Plan Rows": 1,
                            "Plan Width": 8,
                            "Actual Startup Time": 84.913,
                            "Actual Total Time": 84.914,
                            "Actual Rows": 1,
                            "Actual Loops": 4,
                            "Output": [
                                "PARTIAL count(*)"
                            ],
                            "Workers": [
                                {
                                    "Worker Number": 0,
                                    "Actual Startup Time": 81.871,
                                    "Actual Total Time": 81.872,
                                    "Actual Rows": 1,
                                    "Actual Loops": 1
                                },
                                {
                                    "Worker Number": 1,
                                    "Actual Startup Time": 82.144,
                                    "Actual Total Time": 82.145,
                                    "Actual Rows": 1,
                                    "Actual Loops": 1
                                },
                                {
                                    "Worker Number": 2,
                                    "Actual Startup Time": 82.417,
                                    "Actual Total Time": 82.418,
                                    "Actual Rows": 1,
                                    "Actual Loops": 1
                                }
                            ],
                            "Plans": [
                                {
                                    "Node Type": "Bitmap Heap Scan",
                                    "Parent Relationship": "Outer",
                                    "Parallel Aware": true,
                                    "Relation Name": "movie_companies",
                                    "Schema": "public",
                                    "Alias": "mc",
                                    "Startup Cost": 9932.92,
                                    "Total Cost": 30953.72,
                                    "Plan Rows": 75822,
                                    "Plan Width": 0,
                                    "Actual Startup Time": 29.559,
                                    "Actual Total Time": 76.226,
                                    "Actual Rows": 116477,
                                    "Actual Loops": 4,
                                    "Recheck Cond": "(mc.company_id > 76295)",
                                    "Rows Removed by Index Recheck": 0,
                                    "Filter": "(mc.company_type_id > 1)",
                                    "Rows Removed by Filter": 0,
                                    "Exact Heap Blocks": 2824,
                                    "Lossy Heap Blocks": 0,
                                    "Workers": [
                                        {
                                            "Worker Number": 0,
                                            "Actual Startup Time": 26.554,
                                            "Actual Total Time": 73.912,
                                            "Actual Rows": 98803,
                                            "Actual Loops": 1
                                        },
                                        {
                                            "Worker Number": 1,
                                            "Actual Startup Time": 26.947,
                                            "Actual Total Time": 74.137,
                                            "Actual Rows": 95881,
                                            "Actual Loops": 1
                                        },
                                        {
                                            "Worker Number": 2,
                                            "Actual Startup Time": 27.111,
                                            "Actual Total Time": 74.419,
                                            "Actual Rows": 97222,
                                            "Actual Loops": 1
                                        }
                                    ],
                                    "Plans": [
                                        {
                                            "Node Type": "Bitmap Index Scan",
                                            "Parent Relationship": "Outer",
                                            "Parallel Aware": false,
                                            "Index Name": "company_id_movie_companies",
                                            "Startup Cost": 0.0,
                                            "Total Cost": 9874.16,
                                            "Plan Rows": 461031,
                                            "Plan Width": 0,
                                            "Actual Startup Time": 36.058,
                                            "Actual Total Time": 36.058,
                                            "Actual Rows": 465909,
                                            "Actual Loops": 1,
                                            "Index Cond": "(mc.company_id > 76295)"
                                        }
                                    ]
                                }
                            ]
                        }
                    ]
                }
            ]
        },
        "Planning Time": 343.988,
        "Triggers": [],
        "Execution Time": 97.246
    }
]