{
    "Plan": {
        "Node Type": "Aggregate",
        "Strategy": "Plain",
        "Partial Mode": "Finalize",
        "Parallel Aware": false,
        "Startup Cost": 165383.46,
        "Total Cost": 165383.47,
        "Plan Rows": 1,
        "Plan Width": 8,
        "Actual Startup Time": 543.693,
        "Actual Total Time": 568.503,
        "Actual Rows": 1,
        "Actual Loops": 1,
        "Output": [
            "count(*)"
        ],
        "Plans": [
            {
                "Node Type": "Gather",
                "Parent Relationship": "Outer",
                "Parallel Aware": false,
                "Startup Cost": 165382.94,
                "Total Cost": 165383.45,
                "Plan Rows": 5,
                "Plan Width": 8,
                "Actual Startup Time": 540.526,
                "Actual Total Time": 568.492,
                "Actual Rows": 6,
                "Actual Loops": 1,
                "Output": [
                    "(PARTIAL count(*))"
                ],
                "Workers Planned": 5,
                "Workers Launched": 5,
                "Single Copy": false,
                "Plans": [
                    {
                        "Node Type": "Aggregate",
                        "Strategy": "Plain",
                        "Partial Mode": "Partial",
                        "Parent Relationship": "Outer",
                        "Parallel Aware": false,
                        "Startup Cost": 164382.94,
                        "Total Cost": 164382.95,
                        "Plan Rows": 1,
                        "Plan Width": 8,
                        "Actual Startup Time": 531.976,
                        "Actual Total Time": 531.979,
                        "Actual Rows": 1,
                        "Actual Loops": 6,
                        "Output": [
                            "PARTIAL count(*)"
                        ],
                        "Workers": [
                            {
                                "Worker Number": 0,
                                "Actual Startup Time": 531.294,
                                "Actual Total Time": 531.296,
                                "Actual Rows": 1,
                                "Actual Loops": 1
                            },
                            {
                                "Worker Number": 1,
                                "Actual Startup Time": 528.206,
                                "Actual Total Time": 528.209,
                                "Actual Rows": 1,
                                "Actual Loops": 1
                            },
                            {
                                "Worker Number": 2,
                                "Actual Startup Time": 529.161,
                                "Actual Total Time": 529.164,
                                "Actual Rows": 1,
                                "Actual Loops": 1
                            },
                            {
                                "Worker Number": 3,
                                "Actual Startup Time": 531.84,
                                "Actual Total Time": 531.843,
                                "Actual Rows": 1,
                                "Actual Loops": 1
                            },
                            {
                                "Worker Number": 4,
                                "Actual Startup Time": 531.259,
                                "Actual Total Time": 531.262,
                                "Actual Rows": 1,
                                "Actual Loops": 1
                            }
                        ],
                        "Plans": [
                            {
                                "Node Type": "Hash Join",
                                "Parent Relationship": "Outer",
                                "Parallel Aware": true,
                                "Join Type": "Inner",
                                "Startup Cost": 47924.85,
                                "Total Cost": 163726.64,
                                "Plan Rows": 262522,
                                "Plan Width": 0,
                                "Actual Startup Time": 145.308,
                                "Actual Total Time": 517.681,
                                "Actual Rows": 337518,
                                "Actual Loops": 6,
                                "Inner Unique": true,
                                "Hash Cond": "(ci.movie_id = t.id)",
                                "Workers": [
                                    {
                                        "Worker Number": 0,
                                        "Actual Startup Time": 144.739,
                                        "Actual Total Time": 516.885,
                                        "Actual Rows": 341249,
                                        "Actual Loops": 1
                                    },
                                    {
                                        "Worker Number": 1,
                                        "Actual Startup Time": 141.739,
                                        "Actual Total Time": 514.495,
                                        "Actual Rows": 323541,
                                        "Actual Loops": 1
                                    },
                                    {
                                        "Worker Number": 2,
                                        "Actual Startup Time": 142.486,
                                        "Actual Total Time": 514.879,
                                        "Actual Rows": 338483,
                                        "Actual Loops": 1
                                    },
                                    {
                                        "Worker Number": 3,
                                        "Actual Startup Time": 144.605,
                                        "Actual Total Time": 518.458,
                                        "Actual Rows": 316711,
                                        "Actual Loops": 1
                                    },
                                    {
                                        "Worker Number": 4,
                                        "Actual Startup Time": 144.735,
                                        "Actual Total Time": 517.742,
                                        "Actual Rows": 319735,
                                        "Actual Loops": 1
                                    }
                                ],
                                "Plans": [
                                    {
                                        "Node Type": "Index Scan",
                                        "Parent Relationship": "Outer",
                                        "Parallel Aware": true,
                                        "Scan Direction": "Forward",
                                        "Index Name": "role_id_cast_info",
                                        "Relation Name": "cast_info",
                                        "Schema": "public",
                                        "Alias": "ci",
                                        "Startup Cost": 0.56,
                                        "Total Cost": 113575.53,
                                        "Plan Rows": 848315,
                                        "Plan Width": 4,
                                        "Actual Startup Time": 0.174,
                                        "Actual Total Time": 146.248,
                                        "Actual Rows": 720503,
                                        "Actual Loops": 6,
                                        "Output": [
                                            "ci.id",
                                            "ci.person_id",
                                            "ci.movie_id",
                                            "ci.person_role_id",
                                            "ci.note",
                                            "ci.nr_order",
                                            "ci.role_id"
                                        ],
                                        "Index Cond": "(ci.role_id = 10)",
                                        "Rows Removed by Index Recheck": 0,
                                        "Workers": [
                                            {
                                                "Worker Number": 0,
                                                "Actual Startup Time": 0.21,
                                                "Actual Total Time": 153.369,
                                                "Actual Rows": 725031,
                                                "Actual Loops": 1
                                            },
                                            {
                                                "Worker Number": 1,
                                                "Actual Startup Time": 0.257,
                                                "Actual Total Time": 149.472,
                                                "Actual Rows": 689540,
                                                "Actual Loops": 1
                                            },
                                            {
                                                "Worker Number": 2,
                                                "Actual Startup Time": 0.081,
                                                "Actual Total Time": 153.487,
                                                "Actual Rows": 726589,
                                                "Actual Loops": 1
                                            },
                                            {
                                                "Worker Number": 3,
                                                "Actual Startup Time": 0.13,
                                                "Actual Total Time": 148.977,
                                                "Actual Rows": 682142,
                                                "Actual Loops": 1
                                            },
                                            {
                                                "Worker Number": 4,
                                                "Actual Startup Time": 0.135,
                                                "Actual Total Time": 147.7,
                                                "Actual Rows": 677833,
                                                "Actual Loops": 1
                                            }
                                        ]
                                    },
                                    {
                                        "Node Type": "Hash",
                                        "Parent Relationship": "Inner",
                                        "Parallel Aware": true,
                                        "Startup Cost": 45479.21,
                                        "Total Cost": 45479.21,
                                        "Plan Rows": 195606,
                                        "Plan Width": 4,
                                        "Actual Startup Time": 142.282,
                                        "Actual Total Time": 142.283,
                                        "Actual Rows": 145407,
                                        "Actual Loops": 6,
                                        "Output": [
                                            "t.id"
                                        ],
                                        "Hash Buckets": 1048576,
                                        "Original Hash Buckets": 1048576,
                                        "Hash Batches": 1,
                                        "Original Hash Batches": 1,
                                        "Peak Memory Usage": 42432,
                                        "Workers": [
                                            {
                                                "Worker Number": 0,
                                                "Actual Startup Time": 144.024,
                                                "Actual Total Time": 144.024,
                                                "Actual Rows": 144399,
                                                "Actual Loops": 1
                                            },
                                            {
                                                "Worker Number": 1,
                                                "Actual Startup Time": 140.878,
                                                "Actual Total Time": 140.879,
                                                "Actual Rows": 129964,
                                                "Actual Loops": 1
                                            },
                                            {
                                                "Worker Number": 2,
                                                "Actual Startup Time": 141.789,
                                                "Actual Total Time": 141.79,
                                                "Actual Rows": 138545,
                                                "Actual Loops": 1
                                            },
                                            {
                                                "Worker Number": 3,
                                                "Actual Startup Time": 144.166,
                                                "Actual Total Time": 144.167,
                                                "Actual Rows": 122946,
                                                "Actual Loops": 1
                                            },
                                            {
                                                "Worker Number": 4,
                                                "Actual Startup Time": 144.007,
                                                "Actual Total Time": 144.008,
                                                "Actual Rows": 125282,
                                                "Actual Loops": 1
                                            }
                                        ],
                                        "Plans": [
                                            {
                                                "Node Type": "Seq Scan",
                                                "Parent Relationship": "Outer",
                                                "Parallel Aware": true,
                                                "Relation Name": "title",
                                                "Schema": "public",
                                                "Alias": "t",
                                                "Startup Cost": 0.0,
                                                "Total Cost": 45479.21,
                                                "Plan Rows": 195606,
                                                "Plan Width": 4,
                                                "Actual Startup Time": 0.052,
                                                "Actual Total Time": 80.644,
                                                "Actual Rows": 145407,
                                                "Actual Loops": 6,
                                                "Output": [
                                                    "t.id"
                                                ],
                                                "Filter": "((t.kind_id > 3) AND (t.production_year > 2003))",
                                                "Rows Removed by Filter": 275979,
                                                "Workers": [
                                                    {
                                                        "Worker Number": 0,
                                                        "Actual Startup Time": 0.056,
                                                        "Actual Total Time": 82.962,
                                                        "Actual Rows": 144399,
                                                        "Actual Loops": 1
                                                    },
                                                    {
                                                        "Worker Number": 1,
                                                        "Actual Startup Time": 0.084,
                                                        "Actual Total Time": 81.13,
                                                        "Actual Rows": 129964,
                                                        "Actual Loops": 1
                                                    },
                                                    {
                                                        "Worker Number": 2,
                                                        "Actual Startup Time": 0.06,
                                                        "Actual Total Time": 82.733,
                                                        "Actual Rows": 138545,
                                                        "Actual Loops": 1
                                                    },
                                                    {
                                                        "Worker Number": 3,
                                                        "Actual Startup Time": 0.048,
                                                        "Actual Total Time": 82.235,
                                                        "Actual Rows": 122946,
                                                        "Actual Loops": 1
                                                    },
                                                    {
                                                        "Worker Number": 4,
                                                        "Actual Startup Time": 0.048,
                                                        "Actual Total Time": 82.399,
                                                        "Actual Rows": 125282,
                                                        "Actual Loops": 1
                                                    }
                                                ]
                                            }
                                        ]
                                    }
                                ]
                            }
                        ]
                    }
                ]
            }
        ]
    },
    "Planning Time": 0.391,
    "Triggers": [],
    "Execution Time": 568.554
}