[
  {
    "Plan": {
      "Node Type": "Aggregate",
      "Strategy": "Plain",
      "Partial Mode": "Finalize",
      "Parallel Aware": false,
      "Startup Cost": 28925.08,
      "Total Cost": 28925.09,
      "Plan Rows": 1,
      "Plan Width": 8,
      "Actual Startup Time": 360.478,
      "Actual Total Time": 414.445,
      "Actual Rows": 1,
      "Actual Loops": 1,
      "Plans": [
        {
          "Node Type": "Gather",
          "Parent Relationship": "Outer",
          "Parallel Aware": false,
          "Startup Cost": 28924.86,
          "Total Cost": 28925.07,
          "Plan Rows": 2,
          "Plan Width": 8,
          "Actual Startup Time": 360.387,
          "Actual Total Time": 414.436,
          "Actual Rows": 3,
          "Actual Loops": 1,
          "Workers Planned": 2,
          "Workers Launched": 2,
          "Single Copy": false,
          "Plans": [
            {
              "Node Type": "Aggregate",
              "Strategy": "Plain",
              "Partial Mode": "Partial",
              "Parent Relationship": "Outer",
              "Parallel Aware": false,
              "Startup Cost": 27924.86,
              "Total Cost": 27924.87,
              "Plan Rows": 1,
              "Plan Width": 8,
              "Actual Startup Time": 356.624,
              "Actual Total Time": 356.627,
              "Actual Rows": 1,
              "Actual Loops": 3,
              "Plans": [
                {
                  "Node Type": "Nested Loop",
                  "Parent Relationship": "Outer",
                  "Parallel Aware": false,
                  "Join Type": "Inner",
                  "Startup Cost": 94.15,
                  "Total Cost": 27880.11,
                  "Plan Rows": 17902,
                  "Plan Width": 0,
                  "Actual Startup Time": 95.831,
                  "Actual Total Time": 351.854,
                  "Actual Rows": 58220,
                  "Actual Loops": 3,
                  "Inner Unique": false,
                  "Plans": [
                    {
                      "Node Type": "Nested Loop",
                      "Parent Relationship": "Outer",
                      "Parallel Aware": false,
                      "Join Type": "Inner",
                      "Startup Cost": 93.58,
                      "Total Cost": 24150.03,
                      "Plan Rows": 1759,
                      "Plan Width": 8,
                      "Actual Startup Time": 95.621,
                      "Actual Total Time": 116.646,
                      "Actual Rows": 1630,
                      "Actual Loops": 3,
                      "Inner Unique": true,
                      "Plans": [
                        {
                          "Node Type": "Bitmap Heap Scan",
                          "Parent Relationship": "Outer",
                          "Parallel Aware": true,
                          "Relation Name": "movie_keyword",
                          "Alias": "mk",
                          "Startup Cost": 93.15,
                          "Total Cost": 11014.05,
                          "Plan Rows": 1759,
                          "Plan Width": 4,
                          "Actual Startup Time": 95.432,
                          "Actual Total Time": 101.715,
                          "Actual Rows": 1630,
                          "Actual Loops": 3,
                          "Recheck Cond": "(keyword_id = 1962)",
                          "Rows Removed by Index Recheck": 0,
                          "Exact Heap Blocks": 2278,
                          "Lossy Heap Blocks": 0,
                          "Plans": [
                            {
                              "Node Type": "Bitmap Index Scan",
                              "Parent Relationship": "Outer",
                              "Parallel Aware": false,
                              "Index Name": "keyword_id_movie_keyword",
                              "Startup Cost": 0.0,
                              "Total Cost": 92.1,
                              "Plan Rows": 4222,
                              "Plan Width": 0,
                              "Actual Startup Time": 96.623,
                              "Actual Total Time": 96.624,
                              "Actual Rows": 4889,
                              "Actual Loops": 1,
                              "Index Cond": "(keyword_id = 1962)"
                            }
                          ]
                        },
                        {
                          "Node Type": "Index Only Scan",
                          "Parent Relationship": "Inner",
                          "Parallel Aware": false,
                          "Scan Direction": "Forward",
                          "Index Name": "title_pkey",
                          "Relation Name": "title",
                          "Alias": "t",
                          "Startup Cost": 0.43,
                          "Total Cost": 7.47,
                          "Plan Rows": 1,
                          "Plan Width": 4,
                          "Actual Startup Time": 0.008,
                          "Actual Total Time": 0.008,
                          "Actual Rows": 1,
                          "Actual Loops": 4889,
                          "Index Cond": "(id = mk.movie_id)",
                          "Rows Removed by Index Recheck": 0,
                          "Heap Fetches": 4889
                        }
                      ]
                    },
                    {
                      "Node Type": "Index Scan",
                      "Parent Relationship": "Inner",
                      "Parallel Aware": false,
                      "Scan Direction": "Forward",
                      "Index Name": "movie_id_cast_info",
                      "Relation Name": "cast_info",
                      "Alias": "ci",
                      "Startup Cost": 0.56,
                      "Total Cost": 1.87,
                      "Plan Rows": 25,
                      "Plan Width": 4,
                      "Actual Startup Time": 0.012,
                      "Actual Total Time": 0.14,
                      "Actual Rows": 36,
                      "Actual Loops": 4889,
                      "Index Cond": "(movie_id = t.id)",
                      "Rows Removed by Index Recheck": 0,
                      "Filter": "(person_id < 2671797)",
                      "Rows Removed by Filter": 15
                    }
                  ]
                }
              ]
            }
          ]
        }
      ]
    },
    "Planning Time": 0.672,
    "Triggers": [],
    "Execution Time": 414.516
  }
]