[
  {
    "Plan": {
      "Node Type": "Aggregate",
      "Strategy": "Plain",
      "Partial Mode": "Finalize",
      "Parallel Aware": false,
      "Startup Cost": 32191.17,
      "Total Cost": 32191.18,
      "Plan Rows": 1,
      "Plan Width": 8,
      "Actual Startup Time": 119.792,
      "Actual Total Time": 127.889,
      "Actual Rows": 1,
      "Actual Loops": 1,
      "Plans": [
        {
          "Node Type": "Gather",
          "Parent Relationship": "Outer",
          "Parallel Aware": false,
          "Startup Cost": 32190.85,
          "Total Cost": 32191.16,
          "Plan Rows": 3,
          "Plan Width": 8,
          "Actual Startup Time": 119.692,
          "Actual Total Time": 127.879,
          "Actual Rows": 4,
          "Actual Loops": 1,
          "Workers Planned": 3,
          "Workers Launched": 3,
          "Single Copy": false,
          "Plans": [
            {
              "Node Type": "Aggregate",
              "Strategy": "Plain",
              "Partial Mode": "Partial",
              "Parent Relationship": "Outer",
              "Parallel Aware": false,
              "Startup Cost": 31190.85,
              "Total Cost": 31190.86,
              "Plan Rows": 1,
              "Plan Width": 8,
              "Actual Startup Time": 112.916,
              "Actual Total Time": 112.917,
              "Actual Rows": 1,
              "Actual Loops": 4,
              "Plans": [
                {
                  "Node Type": "Seq Scan",
                  "Parent Relationship": "Outer",
                  "Parallel Aware": true,
                  "Relation Name": "movie_companies",
                  "Alias": "mc",
                  "Startup Cost": 0.0,
                  "Total Cost": 29310.68,
                  "Plan Rows": 752067,
                  "Plan Width": 0,
                  "Actual Startup Time": 0.038,
                  "Actual Total Time": 84.493,
                  "Actual Rows": 583448,
                  "Actual Loops": 4,
                  "Filter": "(company_id < 96551)",
                  "Rows Removed by Filter": 68834
                }
              ]
            }
          ]
        }
      ]
    },
    "Planning Time": 0.187,
    "Triggers": [],
    "Execution Time": 127.952
  }
]