{
  "Plan": {
    "Node Type": "Aggregate",
    "Strategy": "Plain",
    "Partial Mode": "Simple",
    "Parallel Aware": false,
    "Startup Cost": 227649.35,
    "Total Cost": 227649.36,
    "Plan Rows": 1,
    "Plan Width": 96,
    "Actual Startup Time": 3184.808,
    "Actual Total Time": 3184.818,
    "Actual Rows": 1,
    "Actual Loops": 1,
    "Plans": [
      {
        "Node Type": "Nested Loop",
        "Parent Relationship": "Outer",
        "Parallel Aware": false,
        "Join Type": "Inner",
        "Startup Cost": 224681.29,
        "Total Cost": 227649.34,
        "Plan Rows": 1,
        "Plan Width": 60,
        "Actual Startup Time": 3145.468,
        "Actual Total Time": 3183.631,
        "Actual Rows": 6946,
        "Actual Loops": 1,
        "Inner Unique": true,
        "Plans": [
          {
            "Node Type": "Hash Join",
            "Parent Relationship": "Outer",
            "Parallel Aware": false,
            "Join Type": "Inner",
            "Startup Cost": 224680.87,
            "Total Cost": 227624.69,
            "Plan Rows": 54,
            "Plan Width": 45,
            "Actual Startup Time": 3144.48,
            "Actual Total Time": 3163.657,
            "Actual Rows": 14916,
            "Actual Loops": 1,
            "Inner Unique": false,
            "Hash Cond": "(k.id = mk.keyword_id)",
            "Plans": [
              {
                "Node Type": "Seq Scan",
                "Parent Relationship": "Outer",
                "Parallel Aware": false,
                "Relation Name": "keyword",
                "Alias": "k",
                "Startup Cost": 0.0,
                "Total Cost": 2793.84,
                "Plan Rows": 3,
                "Plan Width": 4,
                "Actual Startup Time": 2.096,
                "Actual Total Time": 19.381,
                "Actual Rows": 3,
                "Actual Loops": 1,
                "Filter": "(keyword = ANY ('{sequel,revenge,based-on-novel}'::text[]))",
                "Rows Removed by Filter": 134167
              },
              {
                "Node Type": "Hash",
                "Parent Relationship": "Inner",
                "Parallel Aware": false,
                "Startup Cost": 194307.87,
                "Total Cost": 194307.87,
                "Plan Rows": 2429840,
                "Plan Width": 49,
                "Actual Startup Time": 3115.301,
                "Actual Total Time": 3115.31,
                "Actual Rows": 3221910,
                "Actual Loops": 1,
                "Hash Buckets": 4194304,
                "Original Hash Buckets": 4194304,
                "Hash Batches": 1,
                "Original Hash Batches": 1,
                "Peak Memory Usage": 295711,
                "Plans": [
                  {
                    "Node Type": "Hash Join",
                    "Parent Relationship": "Outer",
                    "Parallel Aware": false,
                    "Join Type": "Inner",
                    "Startup Cost": 99700.39,
                    "Total Cost": 194307.87,
                    "Plan Rows": 2429840,
                    "Plan Width": 49,
                    "Actual Startup Time": 1388.042,
                    "Actual Total Time": 2478.161,
                    "Actual Rows": 3221910,
                    "Actual Loops": 1,
                    "Inner Unique": true,
                    "Hash Cond": "(mc.company_type_id = ct.id)",
                    "Plans": [
                      {
                        "Node Type": "Merge Join",
                        "Parent Relationship": "Outer",
                        "Parallel Aware": false,
                        "Join Type": "Inner",
                        "Startup Cost": 99699.3,
                        "Total Cost": 176791.79,
                        "Plan Rows": 3239766,
                        "Plan Width": 53,
                        "Actual Startup Time": 1387.985,
                        "Actual Total Time": 2059.217,
                        "Actual Rows": 3405648,
                        "Actual Loops": 1,
                        "Inner Unique": false,
                        "Merge Cond": "(mc.movie_id = ml.movie_id)",
                        "Plans": [
                          {
                            "Node Type": "Index Scan",
                            "Parent Relationship": "Outer",
                            "Parallel Aware": false,
                            "Scan Direction": "Forward",
                            "Index Name": "movie_id_movie_companies",
                            "Relation Name": "movie_companies",
                            "Alias": "mc",
                            "Startup Cost": 0.43,
                            "Total Cost": 140404.76,
                            "Plan Rows": 1339266,
                            "Plan Width": 36,
                            "Actual Startup Time": 0.023,
                            "Actual Total Time": 29.154,
                            "Actual Rows": 43436,
                            "Actual Loops": 1,
                            "Filter": "(note IS NOT NULL)",
                            "Rows Removed by Filter": 42804
                          },
                          {
                            "Node Type": "Materialize",
                            "Parent Relationship": "Inner",
                            "Parallel Aware": false,
                            "Startup Cost": 99689.91,
                            "Total Cost": 125735.06,
                            "Plan Rows": 1261891,
                            "Plan Width": 33,
                            "Actual Startup Time": 1387.956,
                            "Actual Total Time": 1639.025,
                            "Actual Rows": 3429750,
                            "Actual Loops": 1,
                            "Plans": [
                              {
                                "Node Type": "Merge Join",
                                "Parent Relationship": "Outer",
                                "Parallel Aware": false,
                                "Join Type": "Inner",
                                "Startup Cost": 99689.91,
                                "Total Cost": 122580.33,
                                "Plan Rows": 1261891,
                                "Plan Width": 33,
                                "Actual Startup Time": 1387.948,
                                "Actual Total Time": 1465.21,
                                "Actual Rows": 286392,
                                "Actual Loops": 1,
                                "Inner Unique": false,
                                "Merge Cond": "(mk.movie_id = ml.movie_id)",
                                "Plans": [
                                  {
                                    "Node Type": "Index Scan",
                                    "Parent Relationship": "Outer",
                                    "Parallel Aware": false,
                                    "Scan Direction": "Forward",
                                    "Index Name": "movie_id_movie_keyword",
                                    "Relation Name": "movie_keyword",
                                    "Alias": "mk",
                                    "Startup Cost": 0.43,
                                    "Total Cost": 177148.48,
                                    "Plan Rows": 4523930,
                                    "Plan Width": 8,
                                    "Actual Startup Time": 0.016,
                                    "Actual Total Time": 23.709,
                                    "Actual Rows": 97855,
                                    "Actual Loops": 1
                                  },
                                  {
                                    "Node Type": "Sort",
                                    "Parent Relationship": "Inner",
                                    "Parallel Aware": false,
                                    "Startup Cost": 99684.86,
                                    "Total Cost": 99752.87,
                                    "Plan Rows": 27206,
                                    "Plan Width": 25,
                                    "Actual Startup Time": 1387.924,
                                    "Actual Total Time": 1401.12,
                                    "Actual Rows": 299538,
                                    "Actual Loops": 1,
                                    "Sort Key": [
                                      "ml.movie_id"
                                    ],
                                    "Sort Method": "quicksort",
                                    "Sort Space Used": 3126,
                                    "Sort Space Type": "Memory",
                                    "Plans": [
                                      {
                                        "Node Type": "Hash Join",
                                        "Parent Relationship": "Outer",
                                        "Parallel Aware": false,
                                        "Join Type": "Inner",
                                        "Startup Cost": 97107.63,
                                        "Total Cost": 97680.91,
                                        "Plan Rows": 27206,
                                        "Plan Width": 25,
                                        "Actual Startup Time": 1368.964,
                                        "Actual Total Time": 1380.689,
                                        "Actual Rows": 29726,
                                        "Actual Loops": 1,
                                        "Inner Unique": true,
                                        "Hash Cond": "(ml.movie_id = t.id)",
                                        "Plans": [
                                          {
                                            "Node Type": "Hash Join",
                                            "Parent Relationship": "Outer",
                                            "Parallel Aware": false,
                                            "Join Type": "Inner",
                                            "Startup Cost": 837.93,
                                            "Total Cost": 1332.47,
                                            "Plan Rows": 29997,
                                            "Plan Width": 4,
                                            "Actual Startup Time": 11.287,
                                            "Actual Total Time": 14.173,
                                            "Actual Rows": 29997,
                                            "Actual Loops": 1,
                                            "Inner Unique": false,
                                            "Hash Cond": "(lt.id = ml.link_type_id)",
                                            "Plans": [
                                              {
                                                "Node Type": "Seq Scan",
                                                "Parent Relationship": "Outer",
                                                "Parallel Aware": false,
                                                "Relation Name": "link_type",
                                                "Alias": "lt",
                                                "Startup Cost": 0.0,
                                                "Total Cost": 1.18,
                                                "Plan Rows": 18,
                                                "Plan Width": 4,
                                                "Actual Startup Time": 0.007,
                                                "Actual Total Time": 0.015,
                                                "Actual Rows": 18,
                                                "Actual Loops": 1
                                              },
                                              {
                                                "Node Type": "Hash",
                                                "Parent Relationship": "Inner",
                                                "Parallel Aware": false,
                                                "Startup Cost": 462.97,
                                                "Total Cost": 462.97,
                                                "Plan Rows": 29997,
                                                "Plan Width": 8,
                                                "Actual Startup Time": 11.102,
                                                "Actual Total Time": 11.104,
                                                "Actual Rows": 29997,
                                                "Actual Loops": 1,
                                                "Hash Buckets": 32768,
                                                "Original Hash Buckets": 32768,
                                                "Hash Batches": 1,
                                                "Original Hash Batches": 1,
                                                "Peak Memory Usage": 1428,
                                                "Plans": [
                                                  {
                                                    "Node Type": "Seq Scan",
                                                    "Parent Relationship": "Outer",
                                                    "Parallel Aware": false,
                                                    "Relation Name": "movie_link",
                                                    "Alias": "ml",
                                                    "Startup Cost": 0.0,
                                                    "Total Cost": 462.97,
                                                    "Plan Rows": 29997,
                                                    "Plan Width": 8,
                                                    "Actual Startup Time": 0.038,
                                                    "Actual Total Time": 7.268,
                                                    "Actual Rows": 29997,
                                                    "Actual Loops": 1
                                                  }
                                                ]
                                              }
                                            ]
                                          },
                                          {
                                            "Node Type": "Hash",
                                            "Parent Relationship": "Inner",
                                            "Parallel Aware": false,
                                            "Startup Cost": 67604.36,
                                            "Total Cost": 67604.36,
                                            "Plan Rows": 2293227,
                                            "Plan Width": 21,
                                            "Actual Startup Time": 1337.143,
                                            "Actual Total Time": 1337.144,
                                            "Actual Rows": 2287271,
                                            "Actual Loops": 1,
                                            "Hash Buckets": 4194304,
                                            "Original Hash Buckets": 4194304,
                                            "Hash Batches": 1,
                                            "Original Hash Batches": 1,
                                            "Peak Memory Usage": 155384,
                                            "Plans": [
                                              {
                                                "Node Type": "Seq Scan",
                                                "Parent Relationship": "Outer",
                                                "Parallel Aware": false,
                                                "Relation Name": "title",
                                                "Alias": "t",
                                                "Startup Cost": 0.0,
                                                "Total Cost": 67604.36,
                                                "Plan Rows": 2293227,
                                                "Plan Width": 21,
                                                "Actual Startup Time": 0.044,
                                                "Actual Total Time": 554.268,
                                                "Actual Rows": 2287271,
                                                "Actual Loops": 1,
                                                "Filter": "(production_year > 1950)",
                                                "Rows Removed by Filter": 241041
                                              }
                                            ]
                                          }
                                        ]
                                      }
                                    ]
                                  }
                                ]
                              }
                            ]
                          }
                        ]
                      },
                      {
                        "Node Type": "Hash",
                        "Parent Relationship": "Inner",
                        "Parallel Aware": false,
                        "Startup Cost": 1.05,
                        "Total Cost": 1.05,
                        "Plan Rows": 3,
                        "Plan Width": 4,
                        "Actual Startup Time": 0.03,
                        "Actual Total Time": 0.03,
                        "Actual Rows": 3,
                        "Actual Loops": 1,
                        "Hash Buckets": 1024,
                        "Original Hash Buckets": 1024,
                        "Hash Batches": 1,
                        "Original Hash Batches": 1,
                        "Peak Memory Usage": 9,
                        "Plans": [
                          {
                            "Node Type": "Seq Scan",
                            "Parent Relationship": "Outer",
                            "Parallel Aware": false,
                            "Relation Name": "company_type",
                            "Alias": "ct",
                            "Startup Cost": 0.0,
                            "Total Cost": 1.05,
                            "Plan Rows": 3,
                            "Plan Width": 4,
                            "Actual Startup Time": 0.02,
                            "Actual Total Time": 0.022,
                            "Actual Rows": 3,
                            "Actual Loops": 1,
                            "Filter": "((kind IS NOT NULL) AND ((kind)::text <> 'production companies'::text))",
                            "Rows Removed by Filter": 1
                          }
                        ]
                      }
                    ]
                  }
                ]
              }
            ]
          },
          {
            "Node Type": "Index Scan",
            "Parent Relationship": "Inner",
            "Parallel Aware": false,
            "Scan Direction": "Forward",
            "Index Name": "company_name_pkey",
            "Relation Name": "company_name",
            "Alias": "cn",
            "Startup Cost": 0.42,
            "Total Cost": 0.46,
            "Plan Rows": 1,
            "Plan Width": 23,
            "Actual Startup Time": 0.001,
            "Actual Total Time": 0.001,
            "Actual Rows": 0,
            "Actual Loops": 14916,
            "Index Cond": "(id = mc.company_id)",
            "Rows Removed by Index Recheck": 0,
            "Filter": "(((country_code)::text <> '[pl]'::text) AND ((name ~~ '20th Century Fox%'::text) OR (name ~~ 'Twentieth Century Fox%'::text)))",
            "Rows Removed by Filter": 1
          }
        ]
      }
    ]
  },
  "Planning Time": 17.198,
  "Triggers": [],
  "Execution Time": 3195.758
}