[
  {
    "Plan": {
      "Node Type": "Aggregate",
      "Strategy": "Plain",
      "Partial Mode": "Finalize",
      "Parallel Aware": false,
      "Startup Cost": 330088.86,
      "Total Cost": 330088.87,
      "Plan Rows": 1,
      "Plan Width": 8,
      "Actual Startup Time": 1470.3,
      "Actual Total Time": 1555.885,
      "Actual Rows": 1,
      "Actual Loops": 1,
      "Plans": [
        {
          "Node Type": "Gather",
          "Parent Relationship": "Outer",
          "Parallel Aware": false,
          "Startup Cost": 330088.34,
          "Total Cost": 330088.85,
          "Plan Rows": 5,
          "Plan Width": 8,
          "Actual Startup Time": 1466.14,
          "Actual Total Time": 1555.876,
          "Actual Rows": 6,
          "Actual Loops": 1,
          "Workers Planned": 5,
          "Workers Launched": 5,
          "Single Copy": false,
          "Plans": [
            {
              "Node Type": "Aggregate",
              "Strategy": "Plain",
              "Partial Mode": "Partial",
              "Parent Relationship": "Outer",
              "Parallel Aware": false,
              "Startup Cost": 329088.34,
              "Total Cost": 329088.35,
              "Plan Rows": 1,
              "Plan Width": 8,
              "Actual Startup Time": 1459.399,
              "Actual Total Time": 1459.403,
              "Actual Rows": 1,
              "Actual Loops": 6,
              "Plans": [
                {
                  "Node Type": "Nested Loop",
                  "Parent Relationship": "Outer",
                  "Parallel Aware": false,
                  "Join Type": "Inner",
                  "Startup Cost": 64841.73,
                  "Total Cost": 328380.82,
                  "Plan Rows": 283007,
                  "Plan Width": 0,
                  "Actual Startup Time": 220.459,
                  "Actual Total Time": 1424.575,
                  "Actual Rows": 565024,
                  "Actual Loops": 6,
                  "Inner Unique": false,
                  "Join Filter": "(t.id = ci.movie_id)",
                  "Rows Removed by Join Filter": 0,
                  "Plans": [
                    {
                      "Node Type": "Hash Join",
                      "Parent Relationship": "Outer",
                      "Parallel Aware": true,
                      "Join Type": "Inner",
                      "Startup Cost": 64841.16,
                      "Total Cost": 230136.27,
                      "Plan Rows": 33529,
                      "Plan Width": 8,
                      "Actual Startup Time": 220.318,
                      "Actual Total Time": 319.043,
                      "Actual Rows": 22583,
                      "Actual Loops": 6,
                      "Inner Unique": true,
                      "Hash Cond": "(mi.movie_id = t.id)",
                      "Plans": [
                        {
                          "Node Type": "Bitmap Heap Scan",
                          "Parent Relationship": "Outer",
                          "Parallel Aware": true,
                          "Relation Name": "movie_info",
                          "Alias": "mi",
                          "Startup Cost": 19728.37,
                          "Total Cost": 184450.38,
                          "Plan Rows": 218321,
                          "Plan Width": 4,
                          "Actual Startup Time": 79.418,
                          "Actual Total Time": 143.256,
                          "Actual Rows": 181585,
                          "Actual Loops": 6,
                          "Recheck Cond": "(info_type_id > 67)",
                          "Rows Removed by Index Recheck": 0,
                          "Exact Heap Blocks": 7840,
                          "Lossy Heap Blocks": 0,
                          "Plans": [
                            {
                              "Node Type": "Bitmap Index Scan",
                              "Parent Relationship": "Outer",
                              "Parallel Aware": false,
                              "Index Name": "info_type_id_movie_info",
                              "Startup Cost": 0.0,
                              "Total Cost": 19455.47,
                              "Plan Rows": 1091604,
                              "Plan Width": 0,
                              "Actual Startup Time": 70.363,
                              "Actual Total Time": 70.363,
                              "Actual Rows": 1089512,
                              "Actual Loops": 1,
                              "Index Cond": "(info_type_id > 67)"
                            }
                          ]
                        },
                        {
                          "Node Type": "Hash",
                          "Parent Relationship": "Inner",
                          "Parallel Aware": true,
                          "Startup Cost": 43899.32,
                          "Total Cost": 43899.32,
                          "Plan Rows": 97078,
                          "Plan Width": 4,
                          "Actual Startup Time": 113.218,
                          "Actual Total Time": 113.219,
                          "Actual Rows": 65278,
                          "Actual Loops": 6,
                          "Hash Buckets": 524288,
                          "Original Hash Buckets": 524288,
                          "Hash Batches": 1,
                          "Original Hash Batches": 1,
                          "Peak Memory Usage": 19488,
                          "Plans": [
                            {
                              "Node Type": "Seq Scan",
                              "Parent Relationship": "Outer",
                              "Parallel Aware": true,
                              "Relation Name": "title",
                              "Alias": "t",
                              "Startup Cost": 0.0,
                              "Total Cost": 43899.32,
                              "Plan Rows": 97078,
                              "Plan Width": 4,
                              "Actual Startup Time": 0.044,
                              "Actual Total Time": 83.337,
                              "Actual Rows": 65278,
                              "Actual Loops": 6,
                              "Filter": "(production_year > 2010)",
                              "Rows Removed by Filter": 356108
                            }
                          ]
                        }
                      ]
                    },
                    {
                      "Node Type": "Index Scan",
                      "Parent Relationship": "Inner",
                      "Parallel Aware": false,
                      "Scan Direction": "Forward",
                      "Index Name": "movie_id_cast_info",
                      "Relation Name": "cast_info",
                      "Alias": "ci",
                      "Startup Cost": 0.56,
                      "Total Cost": 2.67,
                      "Plan Rows": 21,
                      "Plan Width": 4,
                      "Actual Startup Time": 0.007,
                      "Actual Total Time": 0.046,
                      "Actual Rows": 25,
                      "Actual Loops": 135497,
                      "Index Cond": "(movie_id = mi.movie_id)",
                      "Rows Removed by Index Recheck": 0,
                      "Filter": "(person_id < 2191913)",
                      "Rows Removed by Filter": 23
                    }
                  ]
                }
              ]
            }
          ]
        }
      ]
    },
    "Planning Time": 0.584,
    "Triggers": [],
    "Execution Time": 1555.978
  }
]