[
  {
    "Plan": {
      "Node Type": "Aggregate",
      "Strategy": "Plain",
      "Partial Mode": "Finalize",
      "Parallel Aware": false,
      "Startup Cost": 96757.74,
      "Total Cost": 96757.75,
      "Plan Rows": 1,
      "Plan Width": 8,
      "Actual Startup Time": 511.089,
      "Actual Total Time": 526.909,
      "Actual Rows": 1,
      "Actual Loops": 1,
      "Plans": [
        {
          "Node Type": "Gather",
          "Parent Relationship": "Outer",
          "Parallel Aware": false,
          "Startup Cost": 96757.52,
          "Total Cost": 96757.73,
          "Plan Rows": 2,
          "Plan Width": 8,
          "Actual Startup Time": 507.357,
          "Actual Total Time": 526.902,
          "Actual Rows": 3,
          "Actual Loops": 1,
          "Workers Planned": 2,
          "Workers Launched": 2,
          "Single Copy": false,
          "Plans": [
            {
              "Node Type": "Aggregate",
              "Strategy": "Plain",
              "Partial Mode": "Partial",
              "Parent Relationship": "Outer",
              "Parallel Aware": false,
              "Startup Cost": 95757.52,
              "Total Cost": 95757.53,
              "Plan Rows": 1,
              "Plan Width": 8,
              "Actual Startup Time": 497.986,
              "Actual Total Time": 497.992,
              "Actual Rows": 1,
              "Actual Loops": 3,
              "Plans": [
                {
                  "Node Type": "Hash Join",
                  "Parent Relationship": "Outer",
                  "Parallel Aware": true,
                  "Join Type": "Inner",
                  "Startup Cost": 79719.38,
                  "Total Cost": 95671.64,
                  "Plan Rows": 34352,
                  "Plan Width": 0,
                  "Actual Startup Time": 411.022,
                  "Actual Total Time": 485.821,
                  "Actual Rows": 322035,
                  "Actual Loops": 3,
                  "Inner Unique": false,
                  "Hash Cond": "(mi_idx.movie_id = t.id)",
                  "Plans": [
                    {
                      "Node Type": "Seq Scan",
                      "Parent Relationship": "Outer",
                      "Parallel Aware": true,
                      "Relation Name": "movie_info_idx",
                      "Alias": "mi_idx",
                      "Startup Cost": 0.0,
                      "Total Cost": 13685.15,
                      "Plan Rows": 575015,
                      "Plan Width": 4,
                      "Actual Startup Time": 0.028,
                      "Actual Total Time": 34.864,
                      "Actual Rows": 460012,
                      "Actual Loops": 3
                    },
                    {
                      "Node Type": "Hash",
                      "Parent Relationship": "Inner",
                      "Parallel Aware": true,
                      "Startup Cost": 79110.33,
                      "Total Cost": 79110.33,
                      "Plan Rows": 48724,
                      "Plan Width": 8,
                      "Actual Startup Time": 371.991,
                      "Actual Total Time": 371.995,
                      "Actual Rows": 145071,
                      "Actual Loops": 3,
                      "Hash Buckets": 524288,
                      "Original Hash Buckets": 262144,
                      "Hash Batches": 1,
                      "Original Hash Batches": 1,
                      "Peak Memory Usage": 23200,
                      "Plans": [
                        {
                          "Node Type": "Hash Join",
                          "Parent Relationship": "Outer",
                          "Parallel Aware": true,
                          "Join Type": "Inner",
                          "Startup Cost": 47053.77,
                          "Total Cost": 79110.33,
                          "Plan Rows": 48724,
                          "Plan Width": 8,
                          "Actual Startup Time": 215.519,
                          "Actual Total Time": 330.949,
                          "Actual Rows": 145071,
                          "Actual Loops": 3,
                          "Inner Unique": true,
                          "Hash Cond": "(mc.movie_id = t.id)",
                          "Plans": [
                            {
                              "Node Type": "Seq Scan",
                              "Parent Relationship": "Outer",
                              "Parallel Aware": true,
                              "Relation Name": "movie_companies",
                              "Alias": "mc",
                              "Startup Cost": 0.0,
                              "Total Cost": 31414.82,
                              "Plan Rows": 244472,
                              "Plan Width": 4,
                              "Actual Startup Time": 0.022,
                              "Actual Total Time": 84.195,
                              "Actual Rows": 346548,
                              "Actual Loops": 3,
                              "Filter": "((company_id < 14412) AND (company_type_id = 1))",
                              "Rows Removed by Filter": 523162
                            },
                            {
                              "Node Type": "Hash",
                              "Parent Relationship": "Inner",
                              "Parallel Aware": true,
                              "Startup Cost": 45479.1,
                              "Total Cost": 45479.1,
                              "Plan Rows": 125974,
                              "Plan Width": 4,
                              "Actual Startup Time": 169.208,
                              "Actual Total Time": 169.209,
                              "Actual Rows": 174710,
                              "Actual Loops": 3,
                              "Hash Buckets": 524288,
                              "Original Hash Buckets": 524288,
                              "Hash Batches": 1,
                              "Original Hash Batches": 1,
                              "Peak Memory Usage": 24640,
                              "Plans": [
                                {
                                  "Node Type": "Seq Scan",
                                  "Parent Relationship": "Outer",
                                  "Parallel Aware": true,
                                  "Relation Name": "title",
                                  "Alias": "t",
                                  "Startup Cost": 0.0,
                                  "Total Cost": 45479.1,
                                  "Plan Rows": 125974,
                                  "Plan Width": 4,
                                  "Actual Startup Time": 68.432,
                                  "Actual Total Time": 120.085,
                                  "Actual Rows": 174710,
                                  "Actual Loops": 3,
                                  "Filter": "((production_year < 2010) AND (kind_id = 1))",
                                  "Rows Removed by Filter": 668061
                                }
                              ]
                            }
                          ]
                        }
                      ]
                    }
                  ]
                }
              ]
            }
          ]
        }
      ]
    },
    "Planning Time": 1.42,
    "Triggers": [],
    "Execution Time": 526.989
  }
]