[
  {
    "Plan": {
      "Node Type": "Aggregate",
      "Strategy": "Plain",
      "Partial Mode": "Finalize",
      "Parallel Aware": false,
      "Startup Cost": 53790.51,
      "Total Cost": 53790.52,
      "Plan Rows": 1,
      "Plan Width": 8,
      "Actual Startup Time": 141.657,
      "Actual Total Time": 167.433,
      "Actual Rows": 1,
      "Actual Loops": 1,
      "Plans": [
        {
          "Node Type": "Gather",
          "Parent Relationship": "Outer",
          "Parallel Aware": false,
          "Startup Cost": 53790.3,
          "Total Cost": 53790.51,
          "Plan Rows": 2,
          "Plan Width": 8,
          "Actual Startup Time": 141.488,
          "Actual Total Time": 167.424,
          "Actual Rows": 3,
          "Actual Loops": 1,
          "Workers Planned": 2,
          "Workers Launched": 2,
          "Single Copy": false,
          "Plans": [
            {
              "Node Type": "Aggregate",
              "Strategy": "Plain",
              "Partial Mode": "Partial",
              "Parent Relationship": "Outer",
              "Parallel Aware": false,
              "Startup Cost": 52790.3,
              "Total Cost": 52790.31,
              "Plan Rows": 1,
              "Plan Width": 8,
              "Actual Startup Time": 138.135,
              "Actual Total Time": 138.139,
              "Actual Rows": 1,
              "Actual Loops": 3,
              "Plans": [
                {
                  "Node Type": "Nested Loop",
                  "Parent Relationship": "Outer",
                  "Parallel Aware": false,
                  "Join Type": "Inner",
                  "Startup Cost": 208.09,
                  "Total Cost": 52731.27,
                  "Plan Rows": 23612,
                  "Plan Width": 0,
                  "Actual Startup Time": 0.925,
                  "Actual Total Time": 133.043,
                  "Actual Rows": 103019,
                  "Actual Loops": 3,
                  "Inner Unique": false,
                  "Plans": [
                    {
                      "Node Type": "Nested Loop",
                      "Parent Relationship": "Outer",
                      "Parallel Aware": false,
                      "Join Type": "Inner",
                      "Startup Cost": 207.66,
                      "Total Cost": 45073.21,
                      "Plan Rows": 4021,
                      "Plan Width": 8,
                      "Actual Startup Time": 0.822,
                      "Actual Total Time": 26.429,
                      "Actual Rows": 2564,
                      "Actual Loops": 3,
                      "Inner Unique": true,
                      "Plans": [
                        {
                          "Node Type": "Bitmap Heap Scan",
                          "Parent Relationship": "Outer",
                          "Parallel Aware": true,
                          "Relation Name": "movie_keyword",
                          "Alias": "mk",
                          "Startup Cost": 207.23,
                          "Total Cost": 18617.01,
                          "Plan Rows": 4021,
                          "Plan Width": 4,
                          "Actual Startup Time": 0.736,
                          "Actual Total Time": 8.763,
                          "Actual Rows": 2564,
                          "Actual Loops": 3,
                          "Recheck Cond": "(keyword_id = 186)",
                          "Rows Removed by Index Recheck": 0,
                          "Exact Heap Blocks": 2854,
                          "Lossy Heap Blocks": 0,
                          "Plans": [
                            {
                              "Node Type": "Bitmap Index Scan",
                              "Parent Relationship": "Outer",
                              "Parallel Aware": false,
                              "Index Name": "keyword_id_movie_keyword",
                              "Startup Cost": 0.0,
                              "Total Cost": 204.81,
                              "Plan Rows": 9651,
                              "Plan Width": 0,
                              "Actual Startup Time": 1.412,
                              "Actual Total Time": 1.413,
                              "Actual Rows": 7692,
                              "Actual Loops": 1,
                              "Index Cond": "(keyword_id = 186)"
                            }
                          ]
                        },
                        {
                          "Node Type": "Index Only Scan",
                          "Parent Relationship": "Inner",
                          "Parallel Aware": false,
                          "Scan Direction": "Forward",
                          "Index Name": "title_pkey",
                          "Relation Name": "title",
                          "Alias": "t",
                          "Startup Cost": 0.43,
                          "Total Cost": 6.58,
                          "Plan Rows": 1,
                          "Plan Width": 4,
                          "Actual Startup Time": 0.006,
                          "Actual Total Time": 0.006,
                          "Actual Rows": 1,
                          "Actual Loops": 7692,
                          "Index Cond": "(id = mk.movie_id)",
                          "Rows Removed by Index Recheck": 0,
                          "Heap Fetches": 7692
                        }
                      ]
                    },
                    {
                      "Node Type": "Index Only Scan",
                      "Parent Relationship": "Inner",
                      "Parallel Aware": false,
                      "Scan Direction": "Forward",
                      "Index Name": "movie_id_movie_info",
                      "Relation Name": "movie_info",
                      "Alias": "mi",
                      "Startup Cost": 0.43,
                      "Total Cost": 1.49,
                      "Plan Rows": 41,
                      "Plan Width": 4,
                      "Actual Startup Time": 0.011,
                      "Actual Total Time": 0.038,
                      "Actual Rows": 40,
                      "Actual Loops": 7692,
                      "Index Cond": "(movie_id = t.id)",
                      "Rows Removed by Index Recheck": 0,
                      "Heap Fetches": 309058
                    }
                  ]
                }
              ]
            }
          ]
        }
      ]
    },
    "Planning Time": 1.031,
    "Triggers": [],
    "Execution Time": 167.488
  }
]