[
  {
    "Plan": {
      "Node Type": "Aggregate",
      "Strategy": "Plain",
      "Partial Mode": "Finalize",
      "Parallel Aware": false,
      "Startup Cost": 85053.88,
      "Total Cost": 85053.89,
      "Plan Rows": 1,
      "Plan Width": 8,
      "Actual Startup Time": 395.72,
      "Actual Total Time": 413.965,
      "Actual Rows": 1,
      "Actual Loops": 1,
      "Plans": [
        {
          "Node Type": "Gather",
          "Parent Relationship": "Outer",
          "Parallel Aware": false,
          "Startup Cost": 85053.56,
          "Total Cost": 85053.87,
          "Plan Rows": 3,
          "Plan Width": 8,
          "Actual Startup Time": 391.672,
          "Actual Total Time": 413.955,
          "Actual Rows": 4,
          "Actual Loops": 1,
          "Workers Planned": 3,
          "Workers Launched": 3,
          "Single Copy": false,
          "Plans": [
            {
              "Node Type": "Aggregate",
              "Strategy": "Plain",
              "Partial Mode": "Partial",
              "Parent Relationship": "Outer",
              "Parallel Aware": false,
              "Startup Cost": 84053.56,
              "Total Cost": 84053.57,
              "Plan Rows": 1,
              "Plan Width": 8,
              "Actual Startup Time": 383.178,
              "Actual Total Time": 383.183,
              "Actual Rows": 1,
              "Actual Loops": 4,
              "Plans": [
                {
                  "Node Type": "Hash Join",
                  "Parent Relationship": "Outer",
                  "Parallel Aware": true,
                  "Join Type": "Inner",
                  "Startup Cost": 57651.16,
                  "Total Cost": 83888.87,
                  "Plan Rows": 65879,
                  "Plan Width": 0,
                  "Actual Startup Time": 293.405,
                  "Actual Total Time": 381.953,
                  "Actual Rows": 12842,
                  "Actual Loops": 4,
                  "Inner Unique": true,
                  "Hash Cond": "(mk.movie_id = t.id)",
                  "Plans": [
                    {
                      "Node Type": "Bitmap Heap Scan",
                      "Parent Relationship": "Outer",
                      "Parallel Aware": true,
                      "Relation Name": "movie_keyword",
                      "Alias": "mk",
                      "Startup Cost": 7757.72,
                      "Total Cost": 33685.86,
                      "Plan Rows": 117931,
                      "Plan Width": 4,
                      "Actual Startup Time": 41.085,
                      "Actual Total Time": 95.774,
                      "Actual Rows": 90923,
                      "Actual Loops": 4,
                      "Recheck Cond": "(keyword_id < 335)",
                      "Rows Removed by Index Recheck": 0,
                      "Exact Heap Blocks": 8341,
                      "Lossy Heap Blocks": 0,
                      "Plans": [
                        {
                          "Node Type": "Bitmap Index Scan",
                          "Parent Relationship": "Outer",
                          "Parallel Aware": false,
                          "Index Name": "keyword_id_movie_keyword",
                          "Startup Cost": 0.0,
                          "Total Cost": 7666.33,
                          "Plan Rows": 365586,
                          "Plan Width": 0,
                          "Actual Startup Time": 35.372,
                          "Actual Total Time": 35.373,
                          "Actual Rows": 363692,
                          "Actual Loops": 1,
                          "Index Cond": "(keyword_id < 335)"
                        }
                      ]
                    },
                    {
                      "Node Type": "Hash",
                      "Parent Relationship": "Inner",
                      "Parallel Aware": true,
                      "Startup Cost": 45479.59,
                      "Total Cost": 45479.59,
                      "Plan Rows": 353108,
                      "Plan Width": 4,
                      "Actual Startup Time": 247.134,
                      "Actual Total Time": 247.135,
                      "Actual Rows": 369599,
                      "Actual Loops": 4,
                      "Hash Buckets": 2097152,
                      "Original Hash Buckets": 2097152,
                      "Hash Batches": 1,
                      "Original Hash Batches": 1,
                      "Peak Memory Usage": 74272,
                      "Plans": [
                        {
                          "Node Type": "Seq Scan",
                          "Parent Relationship": "Outer",
                          "Parallel Aware": true,
                          "Relation Name": "title",
                          "Alias": "t",
                          "Startup Cost": 0.0,
                          "Total Cost": 45479.59,
                          "Plan Rows": 353108,
                          "Plan Width": 4,
                          "Actual Startup Time": 0.035,
                          "Actual Total Time": 114.539,
                          "Actual Rows": 369599,
                          "Actual Loops": 4,
                          "Filter": "((production_year > 1943) AND (kind_id = 7))",
                          "Rows Removed by Filter": 262479
                        }
                      ]
                    }
                  ]
                }
              ]
            }
          ]
        }
      ]
    },
    "Planning Time": 0.245,
    "Triggers": [],
    "Execution Time": 414.009
  }
]