[
  {
    "Plan": {
      "Node Type": "Aggregate",
      "Strategy": "Plain",
      "Partial Mode": "Finalize",
      "Parallel Aware": false,
      "Startup Cost": 84476.25,
      "Total Cost": 84476.26,
      "Plan Rows": 1,
      "Plan Width": 8,
      "Actual Startup Time": 403.709,
      "Actual Total Time": 422.006,
      "Actual Rows": 1,
      "Actual Loops": 1,
      "Plans": [
        {
          "Node Type": "Gather",
          "Parent Relationship": "Outer",
          "Parallel Aware": false,
          "Startup Cost": 84475.94,
          "Total Cost": 84476.25,
          "Plan Rows": 3,
          "Plan Width": 8,
          "Actual Startup Time": 394.442,
          "Actual Total Time": 421.996,
          "Actual Rows": 4,
          "Actual Loops": 1,
          "Workers Planned": 3,
          "Workers Launched": 3,
          "Single Copy": false,
          "Plans": [
            {
              "Node Type": "Aggregate",
              "Strategy": "Plain",
              "Partial Mode": "Partial",
              "Parent Relationship": "Outer",
              "Parallel Aware": false,
              "Startup Cost": 83475.94,
              "Total Cost": 83475.95,
              "Plan Rows": 1,
              "Plan Width": 8,
              "Actual Startup Time": 384.568,
              "Actual Total Time": 384.572,
              "Actual Rows": 1,
              "Actual Loops": 4,
              "Plans": [
                {
                  "Node Type": "Hash Join",
                  "Parent Relationship": "Outer",
                  "Parallel Aware": true,
                  "Join Type": "Inner",
                  "Startup Cost": 57184.41,
                  "Total Cost": 83321.45,
                  "Plan Rows": 61793,
                  "Plan Width": 0,
                  "Actual Startup Time": 294.148,
                  "Actual Total Time": 383.313,
                  "Actual Rows": 12842,
                  "Actual Loops": 4,
                  "Inner Unique": true,
                  "Hash Cond": "(mk.movie_id = t.id)",
                  "Plans": [
                    {
                      "Node Type": "Bitmap Heap Scan",
                      "Parent Relationship": "Outer",
                      "Parallel Aware": true,
                      "Relation Name": "movie_keyword",
                      "Alias": "mk",
                      "Startup Cost": 7317.83,
                      "Total Cost": 33162.77,
                      "Plan Rows": 111275,
                      "Plan Width": 4,
                      "Actual Startup Time": 44.101,
                      "Actual Total Time": 98.461,
                      "Actual Rows": 90923,
                      "Actual Loops": 4,
                      "Recheck Cond": "(keyword_id < 335)",
                      "Rows Removed by Index Recheck": 0,
                      "Exact Heap Blocks": 8195,
                      "Lossy Heap Blocks": 0,
                      "Plans": [
                        {
                          "Node Type": "Bitmap Index Scan",
                          "Parent Relationship": "Outer",
                          "Parallel Aware": false,
                          "Index Name": "keyword_id_movie_keyword",
                          "Startup Cost": 0.0,
                          "Total Cost": 7231.59,
                          "Plan Rows": 344954,
                          "Plan Width": 0,
                          "Actual Startup Time": 38.287,
                          "Actual Total Time": 38.288,
                          "Actual Rows": 363692,
                          "Actual Loops": 1,
                          "Index Cond": "(keyword_id < 335)"
                        }
                      ]
                    },
                    {
                      "Node Type": "Hash",
                      "Parent Relationship": "Inner",
                      "Parallel Aware": true,
                      "Startup Cost": 45479.1,
                      "Total Cost": 45479.1,
                      "Plan Rows": 350999,
                      "Plan Width": 4,
                      "Actual Startup Time": 242.955,
                      "Actual Total Time": 242.956,
                      "Actual Rows": 369599,
                      "Actual Loops": 4,
                      "Hash Buckets": 2097152,
                      "Original Hash Buckets": 2097152,
                      "Hash Batches": 1,
                      "Original Hash Batches": 1,
                      "Peak Memory Usage": 74272,
                      "Plans": [
                        {
                          "Node Type": "Seq Scan",
                          "Parent Relationship": "Outer",
                          "Parallel Aware": true,
                          "Relation Name": "title",
                          "Alias": "t",
                          "Startup Cost": 0.0,
                          "Total Cost": 45479.1,
                          "Plan Rows": 350999,
                          "Plan Width": 4,
                          "Actual Startup Time": 0.038,
                          "Actual Total Time": 112.272,
                          "Actual Rows": 369599,
                          "Actual Loops": 4,
                          "Filter": "((production_year > 1943) AND (kind_id = 7))",
                          "Rows Removed by Filter": 262479
                        }
                      ]
                    }
                  ]
                }
              ]
            }
          ]
        }
      ]
    },
    "Planning Time": 0.46,
    "Triggers": [],
    "Execution Time": 422.08
  }
]