[
  {
    "Plan": {
      "Node Type": "Aggregate",
      "Strategy": "Plain",
      "Partial Mode": "Finalize",
      "Parallel Aware": false,
      "Startup Cost": 33408.56,
      "Total Cost": 33408.57,
      "Plan Rows": 1,
      "Plan Width": 8,
      "Actual Startup Time": 94.87,
      "Actual Total Time": 102.708,
      "Actual Rows": 1,
      "Actual Loops": 1,
      "Plans": [
        {
          "Node Type": "Gather",
          "Parent Relationship": "Outer",
          "Parallel Aware": false,
          "Startup Cost": 33408.24,
          "Total Cost": 33408.55,
          "Plan Rows": 3,
          "Plan Width": 8,
          "Actual Startup Time": 94.636,
          "Actual Total Time": 102.698,
          "Actual Rows": 4,
          "Actual Loops": 1,
          "Workers Planned": 3,
          "Workers Launched": 3,
          "Single Copy": false,
          "Plans": [
            {
              "Node Type": "Aggregate",
              "Strategy": "Plain",
              "Partial Mode": "Partial",
              "Parent Relationship": "Outer",
              "Parallel Aware": false,
              "Startup Cost": 32408.24,
              "Total Cost": 32408.25,
              "Plan Rows": 1,
              "Plan Width": 8,
              "Actual Startup Time": 90.056,
              "Actual Total Time": 90.057,
              "Actual Rows": 1,
              "Actual Loops": 4,
              "Plans": [
                {
                  "Node Type": "Seq Scan",
                  "Parent Relationship": "Outer",
                  "Parallel Aware": true,
                  "Relation Name": "movie_companies",
                  "Alias": "mc",
                  "Startup Cost": 0.0,
                  "Total Cost": 31414.82,
                  "Plan Rows": 397369,
                  "Plan Width": 0,
                  "Actual Startup Time": 0.026,
                  "Actual Total Time": 75.276,
                  "Actual Rows": 318562,
                  "Actual Loops": 4,
                  "Filter": "((company_id < 156867) AND (company_type_id = 1))",
                  "Rows Removed by Filter": 333721
                }
              ]
            }
          ]
        }
      ]
    },
    "Planning Time": 0.222,
    "Triggers": [],
    "Execution Time": 102.763
  }
]