[
  {
    "Plan": {
      "Node Type": "Aggregate",
      "Strategy": "Plain",
      "Partial Mode": "Finalize",
      "Parallel Aware": false,
      "Startup Cost": 316662.5,
      "Total Cost": 316662.51,
      "Plan Rows": 1,
      "Plan Width": 8,
      "Actual Startup Time": 1128.743,
      "Actual Total Time": 1175.841,
      "Actual Rows": 1,
      "Actual Loops": 1,
      "Plans": [
        {
          "Node Type": "Gather",
          "Parent Relationship": "Outer",
          "Parallel Aware": false,
          "Startup Cost": 316661.97,
          "Total Cost": 316662.48,
          "Plan Rows": 5,
          "Plan Width": 8,
          "Actual Startup Time": 1117.53,
          "Actual Total Time": 1175.824,
          "Actual Rows": 6,
          "Actual Loops": 1,
          "Workers Planned": 5,
          "Workers Launched": 5,
          "Single Copy": false,
          "Plans": [
            {
              "Node Type": "Aggregate",
              "Strategy": "Plain",
              "Partial Mode": "Partial",
              "Parent Relationship": "Outer",
              "Parallel Aware": false,
              "Startup Cost": 315661.97,
              "Total Cost": 315661.98,
              "Plan Rows": 1,
              "Plan Width": 8,
              "Actual Startup Time": 1107.869,
              "Actual Total Time": 1108.284,
              "Actual Rows": 1,
              "Actual Loops": 6,
              "Plans": [
                {
                  "Node Type": "Hash Join",
                  "Parent Relationship": "Outer",
                  "Parallel Aware": true,
                  "Join Type": "Inner",
                  "Startup Cost": 101741.23,
                  "Total Cost": 310815.07,
                  "Plan Rows": 1938763,
                  "Plan Width": 0,
                  "Actual Startup Time": 386.942,
                  "Actual Total Time": 1074.125,
                  "Actual Rows": 770538,
                  "Actual Loops": 6,
                  "Inner Unique": false,
                  "Hash Cond": "(mi.movie_id = t.id)",
                  "Plans": [
                    {
                      "Node Type": "Seq Scan",
                      "Parent Relationship": "Outer",
                      "Parallel Aware": true,
                      "Relation Name": "movie_info",
                      "Alias": "mi",
                      "Startup Cost": 0.0,
                      "Total Cost": 191685.19,
                      "Plan Rows": 2969219,
                      "Plan Width": 4,
                      "Actual Startup Time": 0.031,
                      "Actual Total Time": 296.631,
                      "Actual Rows": 2472620,
                      "Actual Loops": 6
                    },
                    {
                      "Node Type": "Hash",
                      "Parent Relationship": "Inner",
                      "Parallel Aware": true,
                      "Startup Cost": 95084.21,
                      "Total Cost": 95084.21,
                      "Plan Rows": 532562,
                      "Plan Width": 8,
                      "Actual Startup Time": 382.582,
                      "Actual Total Time": 382.994,
                      "Actual Rows": 73317,
                      "Actual Loops": 6,
                      "Hash Buckets": 2097152,
                      "Original Hash Buckets": 2097152,
                      "Hash Batches": 1,
                      "Original Hash Batches": 1,
                      "Peak Memory Usage": 33728,
                      "Plans": [
                        {
                          "Node Type": "Hash Join",
                          "Parent Relationship": "Outer",
                          "Parallel Aware": true,
                          "Join Type": "Inner",
                          "Startup Cost": 49876.19,
                          "Total Cost": 95084.21,
                          "Plan Rows": 532562,
                          "Plan Width": 8,
                          "Actual Startup Time": 201.257,
                          "Actual Total Time": 348.477,
                          "Actual Rows": 73317,
                          "Actual Loops": 6,
                          "Inner Unique": true,
                          "Hash Cond": "(mk.movie_id = t.id)",
                          "Plans": [
                            {
                              "Node Type": "Seq Scan",
                              "Parent Relationship": "Outer",
                              "Parallel Aware": true,
                              "Relation Name": "movie_keyword",
                              "Alias": "mk",
                              "Startup Cost": 0.0,
                              "Total Cost": 42695.65,
                              "Plan Rows": 957092,
                              "Plan Width": 4,
                              "Actual Startup Time": 0.107,
                              "Actual Total Time": 82.673,
                              "Actual Rows": 494948,
                              "Actual Loops": 6,
                              "Filter": "(keyword_id > 2298)",
                              "Rows Removed by Filter": 259041
                            },
                            {
                              "Node Type": "Hash",
                              "Parent Relationship": "Inner",
                              "Parallel Aware": true,
                              "Startup Cost": 45479.59,
                              "Total Cost": 45479.59,
                              "Plan Rows": 351728,
                              "Plan Width": 4,
                              "Actual Startup Time": 198.65,
                              "Actual Total Time": 198.652,
                              "Actual Rows": 246277,
                              "Actual Loops": 6,
                              "Hash Buckets": 2097152,
                              "Original Hash Buckets": 2097152,
                              "Hash Batches": 1,
                              "Original Hash Batches": 1,
                              "Peak Memory Usage": 74272,
                              "Plans": [
                                {
                                  "Node Type": "Seq Scan",
                                  "Parent Relationship": "Outer",
                                  "Parallel Aware": true,
                                  "Relation Name": "title",
                                  "Alias": "t",
                                  "Startup Cost": 0.0,
                                  "Total Cost": 45479.59,
                                  "Plan Rows": 351728,
                                  "Plan Width": 4,
                                  "Actual Startup Time": 0.056,
                                  "Actual Total Time": 87.559,
                                  "Actual Rows": 246277,
                                  "Actual Loops": 6,
                                  "Filter": "((production_year > 1948) AND (kind_id = 7))",
                                  "Rows Removed by Filter": 175108
                                }
                              ]
                            }
                          ]
                        }
                      ]
                    }
                  ]
                }
              ]
            }
          ]
        }
      ]
    },
    "Planning Time": 0.63,
    "Triggers": [],
    "Execution Time": 1175.892
  }
]