[
  {
    "Plan": {
      "Node Type": "Aggregate",
      "Strategy": "Plain",
      "Partial Mode": "Finalize",
      "Parallel Aware": false,
      "Startup Cost": 93121.15,
      "Total Cost": 93121.16,
      "Plan Rows": 1,
      "Plan Width": 8,
      "Actual Startup Time": 299.176,
      "Actual Total Time": 318.347,
      "Actual Rows": 1,
      "Actual Loops": 1,
      "Plans": [
        {
          "Node Type": "Gather",
          "Parent Relationship": "Outer",
          "Parallel Aware": false,
          "Startup Cost": 93120.84,
          "Total Cost": 93121.15,
          "Plan Rows": 3,
          "Plan Width": 8,
          "Actual Startup Time": 297.975,
          "Actual Total Time": 318.326,
          "Actual Rows": 4,
          "Actual Loops": 1,
          "Workers Planned": 3,
          "Workers Launched": 3,
          "Single Copy": false,
          "Plans": [
            {
              "Node Type": "Aggregate",
              "Strategy": "Plain",
              "Partial Mode": "Partial",
              "Parent Relationship": "Outer",
              "Parallel Aware": false,
              "Startup Cost": 92120.84,
              "Total Cost": 92120.85,
              "Plan Rows": 1,
              "Plan Width": 8,
              "Actual Startup Time": 289.478,
              "Actual Total Time": 289.481,
              "Actual Rows": 1,
              "Actual Loops": 4,
              "Plans": [
                {
                  "Node Type": "Hash Join",
                  "Parent Relationship": "Outer",
                  "Parallel Aware": true,
                  "Join Type": "Inner",
                  "Startup Cost": 46957.65,
                  "Total Cost": 91747.58,
                  "Plan Rows": 149301,
                  "Plan Width": 0,
                  "Actual Startup Time": 130.999,
                  "Actual Total Time": 288.275,
                  "Actual Rows": 28230,
                  "Actual Loops": 4,
                  "Inner Unique": true,
                  "Hash Cond": "(mk.movie_id = t.id)",
                  "Plans": [
                    {
                      "Node Type": "Seq Scan",
                      "Parent Relationship": "Outer",
                      "Parallel Aware": true,
                      "Relation Name": "movie_keyword",
                      "Alias": "mk",
                      "Startup Cost": 0.0,
                      "Total Cost": 42695.65,
                      "Plan Rows": 797822,
                      "Plan Width": 4,
                      "Actual Startup Time": 0.233,
                      "Actual Total Time": 100.857,
                      "Actual Rows": 619304,
                      "Actual Loops": 4,
                      "Filter": "(keyword_id > 3654)",
                      "Rows Removed by Filter": 511679
                    },
                    {
                      "Node Type": "Hash",
                      "Parent Relationship": "Inner",
                      "Parallel Aware": true,
                      "Startup Cost": 45479.1,
                      "Total Cost": 45479.1,
                      "Plan Rows": 118284,
                      "Plan Width": 4,
                      "Actual Startup Time": 127.081,
                      "Actual Total Time": 127.082,
                      "Actual Rows": 90115,
                      "Actual Loops": 4,
                      "Hash Buckets": 524288,
                      "Original Hash Buckets": 524288,
                      "Hash Batches": 1,
                      "Original Hash Batches": 1,
                      "Peak Memory Usage": 18272,
                      "Plans": [
                        {
                          "Node Type": "Seq Scan",
                          "Parent Relationship": "Outer",
                          "Parallel Aware": true,
                          "Relation Name": "title",
                          "Alias": "t",
                          "Startup Cost": 0.0,
                          "Total Cost": 45479.1,
                          "Plan Rows": 118284,
                          "Plan Width": 4,
                          "Actual Startup Time": 0.038,
                          "Actual Total Time": 95.549,
                          "Actual Rows": 90115,
                          "Actual Loops": 4,
                          "Filter": "((production_year < 1994) AND (kind_id = 7))",
                          "Rows Removed by Filter": 541963
                        }
                      ]
                    }
                  ]
                }
              ]
            }
          ]
        }
      ]
    },
    "Planning Time": 0.637,
    "Triggers": [],
    "Execution Time": 318.416
  }
]