{
  "Plan": {
    "Node Type": "Aggregate",
    "Strategy": "Plain",
    "Partial Mode": "Finalize",
    "Parallel Aware": false,
    "Startup Cost": 123000.75,
    "Total Cost": 123000.76,
    "Plan Rows": 1,
    "Plan Width": 8,
    "Actual Startup Time": 437.203,
    "Actual Total Time": 456.928,
    "Actual Rows": 1,
    "Actual Loops": 1,
    "Plans": [
      {
        "Node Type": "Gather",
        "Parent Relationship": "Outer",
        "Parallel Aware": false,
        "Startup Cost": 123000.64,
        "Total Cost": 123000.75,
        "Plan Rows": 1,
        "Plan Width": 8,
        "Actual Startup Time": 436.746,
        "Actual Total Time": 456.92,
        "Actual Rows": 2,
        "Actual Loops": 1,
        "Workers Planned": 1,
        "Workers Launched": 1,
        "Single Copy": false,
        "Plans": [
          {
            "Node Type": "Aggregate",
            "Strategy": "Plain",
            "Partial Mode": "Partial",
            "Parent Relationship": "Outer",
            "Parallel Aware": false,
            "Startup Cost": 122000.64,
            "Total Cost": 122000.65,
            "Plan Rows": 1,
            "Plan Width": 8,
            "Actual Startup Time": 431.049,
            "Actual Total Time": 431.052,
            "Actual Rows": 1,
            "Actual Loops": 2,
            "Plans": [
              {
                "Node Type": "Hash Join",
                "Parent Relationship": "Outer",
                "Parallel Aware": true,
                "Join Type": "Inner",
                "Startup Cost": 59893.78,
                "Total Cost": 121670.6,
                "Plan Rows": 132015,
                "Plan Width": 0,
                "Actual Startup Time": 156.652,
                "Actual Total Time": 430.146,
                "Actual Rows": 21710,
                "Actual Loops": 2,
                "Inner Unique": true,
                "Hash Cond": "(mk.movie_id = t.id)",
                "Plans": [
                  {
                    "Node Type": "Seq Scan",
                    "Parent Relationship": "Outer",
                    "Parallel Aware": true,
                    "Relation Name": "movie_keyword",
                    "Alias": "mk",
                    "Startup Cost": 0.0,
                    "Total Cost": 57718.19,
                    "Plan Rows": 1546141,
                    "Plan Width": 4,
                    "Actual Startup Time": 0.335,
                    "Actual Total Time": 184.874,
                    "Actual Rows": 1311327,
                    "Actual Loops": 2,
                    "Filter": "(keyword_id > 3259)",
                    "Rows Removed by Filter": 950638
                  },
                  {
                    "Node Type": "Hash",
                    "Parent Relationship": "Inner",
                    "Parallel Aware": true,
                    "Startup Cost": 58306.47,
                    "Total Cost": 58306.47,
                    "Plan Rows": 126985,
                    "Plan Width": 4,
                    "Actual Startup Time": 152.151,
                    "Actual Total Time": 152.152,
                    "Actual Rows": 60394,
                    "Actual Loops": 2,
                    "Hash Buckets": 262144,
                    "Original Hash Buckets": 262144,
                    "Hash Batches": 1,
                    "Original Hash Batches": 1,
                    "Peak Memory Usage": 6816,
                    "Plans": [
                      {
                        "Node Type": "Seq Scan",
                        "Parent Relationship": "Outer",
                        "Parallel Aware": true,
                        "Relation Name": "title",
                        "Alias": "t",
                        "Startup Cost": 0.0,
                        "Total Cost": 58306.47,
                        "Plan Rows": 126985,
                        "Plan Width": 4,
                        "Actual Startup Time": 0.046,
                        "Actual Total Time": 136.583,
                        "Actual Rows": 60394,
                        "Actual Loops": 2,
                        "Filter": "((production_year < 1970) AND (kind_id = 7))",
                        "Rows Removed by Filter": 1203762
                      }
                    ]
                  }
                ]
              }
            ]
          }
        ]
      }
    ]
  },
  "Planning Time": 0.486,
  "Triggers": [],
  "Execution Time": 457.002
}