[
  {
    "Plan": {
      "Node Type": "Aggregate",
      "Strategy": "Plain",
      "Partial Mode": "Finalize",
      "Parallel Aware": false,
      "Startup Cost": 46925.2,
      "Total Cost": 46925.21,
      "Plan Rows": 1,
      "Plan Width": 8,
      "Actual Startup Time": 91.446,
      "Actual Total Time": 102.928,
      "Actual Rows": 1,
      "Actual Loops": 1,
      "Plans": [
        {
          "Node Type": "Gather",
          "Parent Relationship": "Outer",
          "Parallel Aware": false,
          "Startup Cost": 46924.78,
          "Total Cost": 46925.19,
          "Plan Rows": 4,
          "Plan Width": 8,
          "Actual Startup Time": 91.277,
          "Actual Total Time": 102.917,
          "Actual Rows": 5,
          "Actual Loops": 1,
          "Workers Planned": 4,
          "Workers Launched": 4,
          "Single Copy": false,
          "Plans": [
            {
              "Node Type": "Aggregate",
              "Strategy": "Plain",
              "Partial Mode": "Partial",
              "Parent Relationship": "Outer",
              "Parallel Aware": false,
              "Startup Cost": 45924.78,
              "Total Cost": 45924.79,
              "Plan Rows": 1,
              "Plan Width": 8,
              "Actual Startup Time": 86.019,
              "Actual Total Time": 86.02,
              "Actual Rows": 1,
              "Actual Loops": 5,
              "Plans": [
                {
                  "Node Type": "Seq Scan",
                  "Parent Relationship": "Outer",
                  "Parallel Aware": true,
                  "Relation Name": "title",
                  "Alias": "t",
                  "Startup Cost": 0.0,
                  "Total Cost": 45479.59,
                  "Plan Rows": 178076,
                  "Plan Width": 0,
                  "Actual Startup Time": 0.033,
                  "Actual Total Time": 79.383,
                  "Actual Rows": 144527,
                  "Actual Loops": 5,
                  "Filter": "((kind_id < 3) AND (production_year < 2013))",
                  "Rows Removed by Filter": 361135
                }
              ]
            }
          ]
        }
      ]
    },
    "Planning Time": 0.185,
    "Triggers": [],
    "Execution Time": 102.99
  }
]