[
  {
    "Plan": {
      "Node Type": "Aggregate",
      "Strategy": "Plain",
      "Partial Mode": "Finalize",
      "Parallel Aware": false,
      "Startup Cost": 627973.2,
      "Total Cost": 627973.21,
      "Plan Rows": 1,
      "Plan Width": 8,
      "Actual Startup Time": 4783.296,
      "Actual Total Time": 4863.439,
      "Actual Rows": 1,
      "Actual Loops": 1,
      "Plans": [
        {
          "Node Type": "Gather",
          "Parent Relationship": "Outer",
          "Parallel Aware": false,
          "Startup Cost": 627972.68,
          "Total Cost": 627973.19,
          "Plan Rows": 5,
          "Plan Width": 8,
          "Actual Startup Time": 4745.326,
          "Actual Total Time": 4863.428,
          "Actual Rows": 6,
          "Actual Loops": 1,
          "Workers Planned": 5,
          "Workers Launched": 5,
          "Single Copy": false,
          "Plans": [
            {
              "Node Type": "Aggregate",
              "Strategy": "Plain",
              "Partial Mode": "Partial",
              "Parent Relationship": "Outer",
              "Parallel Aware": false,
              "Startup Cost": 626972.68,
              "Total Cost": 626972.69,
              "Plan Rows": 1,
              "Plan Width": 8,
              "Actual Startup Time": 4726.343,
              "Actual Total Time": 4726.376,
              "Actual Rows": 1,
              "Actual Loops": 6,
              "Plans": [
                {
                  "Node Type": "Hash Join",
                  "Parent Relationship": "Outer",
                  "Parallel Aware": true,
                  "Join Type": "Inner",
                  "Startup Cost": 404140.72,
                  "Total Cost": 614965.37,
                  "Plan Rows": 4802924,
                  "Plan Width": 0,
                  "Actual Startup Time": 1988.066,
                  "Actual Total Time": 4293.967,
                  "Actual Rows": 10678620,
                  "Actual Loops": 6,
                  "Inner Unique": false,
                  "Hash Cond": "(mi.movie_id = t.id)",
                  "Plans": [
                    {
                      "Node Type": "Seq Scan",
                      "Parent Relationship": "Outer",
                      "Parallel Aware": true,
                      "Relation Name": "movie_info",
                      "Alias": "mi",
                      "Startup Cost": 0.0,
                      "Total Cost": 191685.19,
                      "Plan Rows": 2969219,
                      "Plan Width": 4,
                      "Actual Startup Time": 0.033,
                      "Actual Total Time": 283.956,
                      "Actual Rows": 2472620,
                      "Actual Loops": 6
                    },
                    {
                      "Node Type": "Hash",
                      "Parent Relationship": "Inner",
                      "Parallel Aware": true,
                      "Startup Cost": 395620.09,
                      "Total Cost": 395620.09,
                      "Plan Rows": 681651,
                      "Plan Width": 8,
                      "Actual Startup Time": 1982.235,
                      "Actual Total Time": 1982.261,
                      "Actual Rows": 878462,
                      "Actual Loops": 6,
                      "Hash Buckets": 8388608,
                      "Original Hash Buckets": 4194304,
                      "Hash Batches": 1,
                      "Original Hash Batches": 1,
                      "Peak Memory Usage": 304640,
                      "Plans": [
                        {
                          "Node Type": "Hash Join",
                          "Parent Relationship": "Outer",
                          "Parallel Aware": true,
                          "Join Type": "Inner",
                          "Startup Cost": 49977.95,
                          "Total Cost": 395620.09,
                          "Plan Rows": 681651,
                          "Plan Width": 8,
                          "Actual Startup Time": 240.628,
                          "Actual Total Time": 1431.586,
                          "Actual Rows": 878462,
                          "Actual Loops": 6,
                          "Inner Unique": true,
                          "Hash Cond": "(ci.movie_id = t.id)",
                          "Plans": [
                            {
                              "Node Type": "Seq Scan",
                              "Parent Relationship": "Outer",
                              "Parallel Aware": true,
                              "Relation Name": "cast_info",
                              "Alias": "ci",
                              "Startup Cost": 0.0,
                              "Total Cost": 343316.27,
                              "Plan Rows": 886045,
                              "Plan Width": 4,
                              "Actual Startup Time": 0.038,
                              "Actual Total Time": 671.866,
                              "Actual Rows": 1151944,
                              "Actual Loops": 6,
                              "Filter": "((person_id < 944851) AND (role_id < 3))",
                              "Rows Removed by Filter": 4888780
                            },
                            {
                              "Node Type": "Hash",
                              "Parent Relationship": "Inner",
                              "Parallel Aware": true,
                              "Startup Cost": 43899.32,
                              "Total Cost": 43899.32,
                              "Plan Rows": 486290,
                              "Plan Width": 4,
                              "Actual Startup Time": 238.217,
                              "Actual Total Time": 238.239,
                              "Actual Rows": 322081,
                              "Actual Loops": 6,
                              "Hash Buckets": 2097152,
                              "Original Hash Buckets": 2097152,
                              "Hash Batches": 1,
                              "Original Hash Batches": 1,
                              "Peak Memory Usage": 92096,
                              "Plans": [
                                {
                                  "Node Type": "Seq Scan",
                                  "Parent Relationship": "Outer",
                                  "Parallel Aware": true,
                                  "Relation Name": "title",
                                  "Alias": "t",
                                  "Startup Cost": 0.0,
                                  "Total Cost": 43899.32,
                                  "Plan Rows": 486290,
                                  "Plan Width": 4,
                                  "Actual Startup Time": 0.061,
                                  "Actual Total Time": 89.701,
                                  "Actual Rows": 322081,
                                  "Actual Loops": 6,
                                  "Filter": "(production_year > 1980)",
                                  "Rows Removed by Filter": 99305
                                }
                              ]
                            }
                          ]
                        }
                      ]
                    }
                  ]
                }
              ]
            }
          ]
        }
      ]
    },
    "Planning Time": 0.351,
    "Triggers": [],
    "Execution Time": 4863.485
  }
]