[
  {
    "Plan": {
      "Node Type": "Aggregate",
      "Strategy": "Plain",
      "Partial Mode": "Finalize",
      "Parallel Aware": false,
      "Startup Cost": 337288.52,
      "Total Cost": 337288.53,
      "Plan Rows": 1,
      "Plan Width": 8,
      "Actual Startup Time": 778.917,
      "Actual Total Time": 835.275,
      "Actual Rows": 1,
      "Actual Loops": 1,
      "Plans": [
        {
          "Node Type": "Gather",
          "Parent Relationship": "Outer",
          "Parallel Aware": false,
          "Startup Cost": 337287.9,
          "Total Cost": 337288.51,
          "Plan Rows": 6,
          "Plan Width": 8,
          "Actual Startup Time": 778.801,
          "Actual Total Time": 835.264,
          "Actual Rows": 7,
          "Actual Loops": 1,
          "Workers Planned": 6,
          "Workers Launched": 6,
          "Single Copy": false,
          "Plans": [
            {
              "Node Type": "Aggregate",
              "Strategy": "Plain",
              "Partial Mode": "Partial",
              "Parent Relationship": "Outer",
              "Parallel Aware": false,
              "Startup Cost": 336287.9,
              "Total Cost": 336287.91,
              "Plan Rows": 1,
              "Plan Width": 8,
              "Actual Startup Time": 769.732,
              "Actual Total Time": 769.733,
              "Actual Rows": 1,
              "Actual Loops": 7,
              "Plans": [
                {
                  "Node Type": "Seq Scan",
                  "Parent Relationship": "Outer",
                  "Parallel Aware": true,
                  "Relation Name": "cast_info",
                  "Alias": "ci",
                  "Startup Cost": 0.0,
                  "Total Cost": 328162.03,
                  "Plan Rows": 3250349,
                  "Plan Width": 0,
                  "Actual Startup Time": 190.117,
                  "Actual Total Time": 638.749,
                  "Actual Rows": 2787702,
                  "Actual Loops": 7,
                  "Filter": "(person_id > 1656070)",
                  "Rows Removed by Filter": 2390061
                }
              ]
            }
          ]
        }
      ]
    },
    "Planning Time": 0.211,
    "Triggers": [],
    "Execution Time": 835.344
  }
]