[
  {
    "Plan": {
      "Node Type": "Aggregate",
      "Strategy": "Plain",
      "Partial Mode": "Finalize",
      "Parallel Aware": false,
      "Startup Cost": 103866.07,
      "Total Cost": 103866.08,
      "Plan Rows": 1,
      "Plan Width": 8,
      "Actual Startup Time": 768.271,
      "Actual Total Time": 784.85,
      "Actual Rows": 1,
      "Actual Loops": 1,
      "Plans": [
        {
          "Node Type": "Gather",
          "Parent Relationship": "Outer",
          "Parallel Aware": false,
          "Startup Cost": 103865.86,
          "Total Cost": 103866.07,
          "Plan Rows": 2,
          "Plan Width": 8,
          "Actual Startup Time": 762.146,
          "Actual Total Time": 784.842,
          "Actual Rows": 3,
          "Actual Loops": 1,
          "Workers Planned": 2,
          "Workers Launched": 2,
          "Single Copy": false,
          "Plans": [
            {
              "Node Type": "Aggregate",
              "Strategy": "Plain",
              "Partial Mode": "Partial",
              "Parent Relationship": "Outer",
              "Parallel Aware": false,
              "Startup Cost": 102865.86,
              "Total Cost": 102865.87,
              "Plan Rows": 1,
              "Plan Width": 8,
              "Actual Startup Time": 752.282,
              "Actual Total Time": 752.677,
              "Actual Rows": 1,
              "Actual Loops": 3,
              "Plans": [
                {
                  "Node Type": "Hash Join",
                  "Parent Relationship": "Outer",
                  "Parallel Aware": true,
                  "Join Type": "Inner",
                  "Startup Cost": 85758.59,
                  "Total Cost": 102232.95,
                  "Plan Rows": 253162,
                  "Plan Width": 0,
                  "Actual Startup Time": 608.723,
                  "Actual Total Time": 737.239,
                  "Actual Rows": 390210,
                  "Actual Loops": 3,
                  "Inner Unique": false,
                  "Hash Cond": "(mi_idx.movie_id = t.id)",
                  "Plans": [
                    {
                      "Node Type": "Seq Scan",
                      "Parent Relationship": "Outer",
                      "Parallel Aware": true,
                      "Relation Name": "movie_info_idx",
                      "Alias": "mi_idx",
                      "Startup Cost": 0.0,
                      "Total Cost": 13685.15,
                      "Plan Rows": 575015,
                      "Plan Width": 4,
                      "Actual Startup Time": 0.028,
                      "Actual Total Time": 34.1,
                      "Actual Rows": 460012,
                      "Actual Loops": 3
                    },
                    {
                      "Node Type": "Hash",
                      "Parent Relationship": "Inner",
                      "Parallel Aware": true,
                      "Startup Cost": 82280.04,
                      "Total Cost": 82280.04,
                      "Plan Rows": 278284,
                      "Plan Width": 8,
                      "Actual Startup Time": 599.093,
                      "Actual Total Time": 599.487,
                      "Actual Rows": 303864,
                      "Actual Loops": 3,
                      "Hash Buckets": 2097152,
                      "Original Hash Buckets": 2097152,
                      "Hash Batches": 1,
                      "Original Hash Batches": 1,
                      "Peak Memory Usage": 52096,
                      "Plans": [
                        {
                          "Node Type": "Hash Join",
                          "Parent Relationship": "Outer",
                          "Parallel Aware": true,
                          "Join Type": "Inner",
                          "Startup Cost": 35903.26,
                          "Total Cost": 82280.04,
                          "Plan Rows": 278284,
                          "Plan Width": 8,
                          "Actual Startup Time": 186.379,
                          "Actual Total Time": 507.498,
                          "Actual Rows": 303864,
                          "Actual Loops": 3,
                          "Inner Unique": false,
                          "Hash Cond": "(t.id = mc.movie_id)",
                          "Plans": [
                            {
                              "Node Type": "Seq Scan",
                              "Parent Relationship": "Outer",
                              "Parallel Aware": true,
                              "Relation Name": "title",
                              "Alias": "t",
                              "Startup Cost": 0.0,
                              "Total Cost": 42318.73,
                              "Plan Rows": 632073,
                              "Plan Width": 4,
                              "Actual Startup Time": 0.008,
                              "Actual Total Time": 85.009,
                              "Actual Rows": 842771,
                              "Actual Loops": 3
                            },
                            {
                              "Node Type": "Hash",
                              "Parent Relationship": "Inner",
                              "Parallel Aware": true,
                              "Startup Cost": 31414.82,
                              "Total Cost": 31414.82,
                              "Plan Rows": 359075,
                              "Plan Width": 4,
                              "Actual Startup Time": 181.4,
                              "Actual Total Time": 181.401,
                              "Actual Rows": 303864,
                              "Actual Loops": 3,
                              "Hash Buckets": 2097152,
                              "Original Hash Buckets": 2097152,
                              "Hash Batches": 1,
                              "Original Hash Batches": 1,
                              "Peak Memory Usage": 52064,
                              "Plans": [
                                {
                                  "Node Type": "Seq Scan",
                                  "Parent Relationship": "Outer",
                                  "Parallel Aware": true,
                                  "Relation Name": "movie_companies",
                                  "Alias": "mc",
                                  "Startup Cost": 0.0,
                                  "Total Cost": 31414.82,
                                  "Plan Rows": 359075,
                                  "Plan Width": 4,
                                  "Actual Startup Time": 52.683,
                                  "Actual Total Time": 101.106,
                                  "Actual Rows": 303864,
                                  "Actual Loops": 3,
                                  "Filter": "((company_id < 79838) AND (company_type_id = 2))",
                                  "Rows Removed by Filter": 565845
                                }
                              ]
                            }
                          ]
                        }
                      ]
                    }
                  ]
                }
              ]
            }
          ]
        }
      ]
    },
    "Planning Time": 1.44,
    "Triggers": [],
    "Execution Time": 784.932
  }
]