{
  "Plan": {
    "Node Type": "Aggregate",
    "Strategy": "Plain",
    "Partial Mode": "Finalize",
    "Parallel Aware": false,
    "Startup Cost": 431756.08,
    "Total Cost": 431756.09,
    "Plan Rows": 1,
    "Plan Width": 8,
    "Actual Startup Time": 1218.222,
    "Actual Total Time": 1236.826,
    "Actual Rows": 1,
    "Actual Loops": 1,
    "Plans": [
      {
        "Node Type": "Gather",
        "Parent Relationship": "Outer",
        "Parallel Aware": false,
        "Startup Cost": 431755.97,
        "Total Cost": 431756.08,
        "Plan Rows": 1,
        "Plan Width": 8,
        "Actual Startup Time": 1215.901,
        "Actual Total Time": 1236.815,
        "Actual Rows": 2,
        "Actual Loops": 1,
        "Workers Planned": 1,
        "Workers Launched": 1,
        "Single Copy": false,
        "Plans": [
          {
            "Node Type": "Aggregate",
            "Strategy": "Plain",
            "Partial Mode": "Partial",
            "Parent Relationship": "Outer",
            "Parallel Aware": false,
            "Startup Cost": 430755.97,
            "Total Cost": 430755.98,
            "Plan Rows": 1,
            "Plan Width": 8,
            "Actual Startup Time": 1210.104,
            "Actual Total Time": 1210.108,
            "Actual Rows": 1,
            "Actual Loops": 2,
            "Plans": [
              {
                "Node Type": "Hash Join",
                "Parent Relationship": "Outer",
                "Parallel Aware": true,
                "Join Type": "Inner",
                "Startup Cost": 143190.92,
                "Total Cost": 428632.94,
                "Plan Rows": 849212,
                "Plan Width": 0,
                "Actual Startup Time": 447.867,
                "Actual Total Time": 1183.023,
                "Actual Rows": 641168,
                "Actual Loops": 2,
                "Inner Unique": true,
                "Hash Cond": "(ci.movie_id = t.id)",
                "Plans": [
                  {
                    "Node Type": "Bitmap Heap Scan",
                    "Parent Relationship": "Outer",
                    "Parallel Aware": true,
                    "Relation Name": "cast_info",
                    "Alias": "ci",
                    "Startup Cost": 81312.62,
                    "Total Cost": 361069.87,
                    "Plan Rows": 2165621,
                    "Plan Width": 4,
                    "Actual Startup Time": 137.326,
                    "Actual Total Time": 363.858,
                    "Actual Rows": 1765560,
                    "Actual Loops": 2,
                    "Recheck Cond": "(person_id > 3419831)",
                    "Rows Removed by Index Recheck": 0,
                    "Exact Heap Blocks": 27257,
                    "Lossy Heap Blocks": 0,
                    "Plans": [
                      {
                        "Node Type": "Bitmap Index Scan",
                        "Parent Relationship": "Outer",
                        "Parallel Aware": false,
                        "Index Name": "person_id_cast_info",
                        "Startup Cost": 0.0,
                        "Total Cost": 80392.23,
                        "Plan Rows": 3681555,
                        "Plan Width": 0,
                        "Actual Startup Time": 128.213,
                        "Actual Total Time": 128.213,
                        "Actual Rows": 3531121,
                        "Actual Loops": 1,
                        "Index Cond": "(person_id > 3419831)"
                      }
                    ]
                  },
                  {
                    "Node Type": "Hash",
                    "Parent Relationship": "Inner",
                    "Parallel Aware": true,
                    "Startup Cost": 54588.39,
                    "Total Cost": 54588.39,
                    "Plan Rows": 583193,
                    "Plan Width": 4,
                    "Actual Startup Time": 301.594,
                    "Actual Total Time": 301.595,
                    "Actual Rows": 492524,
                    "Actual Loops": 2,
                    "Hash Buckets": 1048576,
                    "Original Hash Buckets": 1048576,
                    "Hash Batches": 1,
                    "Original Hash Batches": 1,
                    "Peak Memory Usage": 46752,
                    "Plans": [
                      {
                        "Node Type": "Seq Scan",
                        "Parent Relationship": "Outer",
                        "Parallel Aware": true,
                        "Relation Name": "title",
                        "Alias": "t",
                        "Startup Cost": 0.0,
                        "Total Cost": 54588.39,
                        "Plan Rows": 583193,
                        "Plan Width": 4,
                        "Actual Startup Time": 0.033,
                        "Actual Total Time": 159.981,
                        "Actual Rows": 492524,
                        "Actual Loops": 2,
                        "Filter": "(kind_id < 7)",
                        "Rows Removed by Filter": 771632
                      }
                    ]
                  }
                ]
              }
            ]
          }
        ]
      }
    ]
  },
  "Planning Time": 0.698,
  "Triggers": [],
  "Execution Time": 1236.923
}