[
  {
    "Plan": {
      "Node Type": "Aggregate",
      "Strategy": "Plain",
      "Partial Mode": "Finalize",
      "Parallel Aware": false,
      "Startup Cost": 372585.02,
      "Total Cost": 372585.03,
      "Plan Rows": 1,
      "Plan Width": 8,
      "Actual Startup Time": 505.884,
      "Actual Total Time": 526.615,
      "Actual Rows": 1,
      "Actual Loops": 1,
      "Plans": [
        {
          "Node Type": "Gather",
          "Parent Relationship": "Outer",
          "Parallel Aware": false,
          "Startup Cost": 372584.39,
          "Total Cost": 372585.0,
          "Plan Rows": 6,
          "Plan Width": 8,
          "Actual Startup Time": 499.173,
          "Actual Total Time": 526.608,
          "Actual Rows": 7,
          "Actual Loops": 1,
          "Workers Planned": 6,
          "Workers Launched": 6,
          "Single Copy": false,
          "Plans": [
            {
              "Node Type": "Aggregate",
              "Strategy": "Plain",
              "Partial Mode": "Partial",
              "Parent Relationship": "Outer",
              "Parallel Aware": false,
              "Startup Cost": 371584.39,
              "Total Cost": 371584.4,
              "Plan Rows": 1,
              "Plan Width": 8,
              "Actual Startup Time": 487.453,
              "Actual Total Time": 487.457,
              "Actual Rows": 1,
              "Actual Loops": 7,
              "Plans": [
                {
                  "Node Type": "Hash Join",
                  "Parent Relationship": "Outer",
                  "Parallel Aware": true,
                  "Join Type": "Inner",
                  "Startup Cost": 111296.65,
                  "Total Cost": 371224.49,
                  "Plan Rows": 143960,
                  "Plan Width": 0,
                  "Actual Startup Time": 262.026,
                  "Actual Total Time": 480.743,
                  "Actual Rows": 112849,
                  "Actual Loops": 7,
                  "Inner Unique": true,
                  "Hash Cond": "(ci.movie_id = t.id)",
                  "Plans": [
                    {
                      "Node Type": "Bitmap Heap Scan",
                      "Parent Relationship": "Outer",
                      "Parallel Aware": true,
                      "Relation Name": "cast_info",
                      "Alias": "ci",
                      "Startup Cost": 63441.67,
                      "Total Cost": 322112.83,
                      "Plan Rows": 478733,
                      "Plan Width": 4,
                      "Actual Startup Time": 118.671,
                      "Actual Total Time": 212.785,
                      "Actual Rows": 416019,
                      "Actual Loops": 7,
                      "Recheck Cond": "(person_id < 283209)",
                      "Rows Removed by Index Recheck": 0,
                      "Exact Heap Blocks": 6075,
                      "Lossy Heap Blocks": 0,
                      "Plans": [
                        {
                          "Node Type": "Bitmap Index Scan",
                          "Parent Relationship": "Outer",
                          "Parallel Aware": false,
                          "Index Name": "person_id_cast_info",
                          "Startup Cost": 0.0,
                          "Total Cost": 62723.57,
                          "Plan Rows": 2872400,
                          "Plan Width": 0,
                          "Actual Startup Time": 113.305,
                          "Actual Total Time": 113.306,
                          "Actual Rows": 2912136,
                          "Actual Loops": 1,
                          "Index Cond": "(person_id < 283209)"
                        }
                      ]
                    },
                    {
                      "Node Type": "Hash",
                      "Parent Relationship": "Inner",
                      "Parallel Aware": true,
                      "Startup Cost": 45479.1,
                      "Total Cost": 45479.1,
                      "Plan Rows": 190071,
                      "Plan Width": 4,
                      "Actual Startup Time": 140.003,
                      "Actual Total Time": 140.004,
                      "Actual Rows": 97469,
                      "Actual Loops": 7,
                      "Hash Buckets": 1048576,
                      "Original Hash Buckets": 1048576,
                      "Hash Batches": 1,
                      "Original Hash Batches": 1,
                      "Peak Memory Usage": 34976,
                      "Plans": [
                        {
                          "Node Type": "Seq Scan",
                          "Parent Relationship": "Outer",
                          "Parallel Aware": true,
                          "Relation Name": "title",
                          "Alias": "t",
                          "Startup Cost": 0.0,
                          "Total Cost": 45479.1,
                          "Plan Rows": 190071,
                          "Plan Width": 4,
                          "Actual Startup Time": 0.045,
                          "Actual Total Time": 85.401,
                          "Actual Rows": 97469,
                          "Actual Loops": 7,
                          "Filter": "((production_year < 2004) AND (kind_id = 7))",
                          "Rows Removed by Filter": 263719
                        }
                      ]
                    }
                  ]
                }
              ]
            }
          ]
        }
      ]
    },
    "Planning Time": 0.626,
    "Triggers": [],
    "Execution Time": 526.712
  }
]