[
  {
    "Plan": {
      "Node Type": "Aggregate",
      "Strategy": "Plain",
      "Partial Mode": "Finalize",
      "Parallel Aware": false,
      "Startup Cost": 36462.25,
      "Total Cost": 36462.26,
      "Plan Rows": 1,
      "Plan Width": 8,
      "Actual Startup Time": 119.709,
      "Actual Total Time": 125.951,
      "Actual Rows": 1,
      "Actual Loops": 1,
      "Plans": [
        {
          "Node Type": "Gather",
          "Parent Relationship": "Outer",
          "Parallel Aware": false,
          "Startup Cost": 36461.93,
          "Total Cost": 36462.24,
          "Plan Rows": 3,
          "Plan Width": 8,
          "Actual Startup Time": 119.527,
          "Actual Total Time": 125.943,
          "Actual Rows": 4,
          "Actual Loops": 1,
          "Workers Planned": 3,
          "Workers Launched": 3,
          "Single Copy": false,
          "Plans": [
            {
              "Node Type": "Aggregate",
              "Strategy": "Plain",
              "Partial Mode": "Partial",
              "Parent Relationship": "Outer",
              "Parallel Aware": false,
              "Startup Cost": 35461.93,
              "Total Cost": 35461.94,
              "Plan Rows": 1,
              "Plan Width": 8,
              "Actual Startup Time": 112.377,
              "Actual Total Time": 112.379,
              "Actual Rows": 1,
              "Actual Loops": 4,
              "Plans": [
                {
                  "Node Type": "Bitmap Heap Scan",
                  "Parent Relationship": "Outer",
                  "Parallel Aware": true,
                  "Relation Name": "movie_keyword",
                  "Alias": "mk",
                  "Startup Cost": 8963.28,
                  "Total Cost": 35121.16,
                  "Plan Rows": 136310,
                  "Plan Width": 0,
                  "Actual Startup Time": 43.995,
                  "Actual Total Time": 105.758,
                  "Actual Rows": 109405,
                  "Actual Loops": 4,
                  "Recheck Cond": "(keyword_id < 338)",
                  "Rows Removed by Index Recheck": 0,
                  "Exact Heap Blocks": 11193,
                  "Lossy Heap Blocks": 0,
                  "Plans": [
                    {
                      "Node Type": "Bitmap Index Scan",
                      "Parent Relationship": "Outer",
                      "Parallel Aware": false,
                      "Index Name": "keyword_id_movie_keyword",
                      "Startup Cost": 0.0,
                      "Total Cost": 8857.64,
                      "Plan Rows": 422561,
                      "Plan Width": 0,
                      "Actual Startup Time": 46.771,
                      "Actual Total Time": 46.771,
                      "Actual Rows": 437621,
                      "Actual Loops": 1,
                      "Index Cond": "(keyword_id < 338)"
                    }
                  ]
                }
              ]
            }
          ]
        }
      ]
    },
    "Planning Time": 0.183,
    "Triggers": [],
    "Execution Time": 126.027
  }
]