{
  "Plan": {
    "Node Type": "Aggregate",
    "Strategy": "Plain",
    "Partial Mode": "Finalize",
    "Parallel Aware": false,
    "Startup Cost": 78147.91,
    "Total Cost": 78147.92,
    "Plan Rows": 1,
    "Plan Width": 8,
    "Actual Startup Time": 214.317,
    "Actual Total Time": 224.331,
    "Actual Rows": 1,
    "Actual Loops": 1,
    "Plans": [
      {
        "Node Type": "Gather",
        "Parent Relationship": "Outer",
        "Parallel Aware": false,
        "Startup Cost": 78147.8,
        "Total Cost": 78147.91,
        "Plan Rows": 1,
        "Plan Width": 8,
        "Actual Startup Time": 214.18,
        "Actual Total Time": 224.325,
        "Actual Rows": 2,
        "Actual Loops": 1,
        "Workers Planned": 1,
        "Workers Launched": 1,
        "Single Copy": false,
        "Plans": [
          {
            "Node Type": "Aggregate",
            "Strategy": "Plain",
            "Partial Mode": "Partial",
            "Parent Relationship": "Outer",
            "Parallel Aware": false,
            "Startup Cost": 77147.8,
            "Total Cost": 77147.81,
            "Plan Rows": 1,
            "Plan Width": 8,
            "Actual Startup Time": 208.624,
            "Actual Total Time": 208.626,
            "Actual Rows": 1,
            "Actual Loops": 2,
            "Plans": [
              {
                "Node Type": "Hash Join",
                "Parent Relationship": "Outer",
                "Parallel Aware": true,
                "Join Type": "Inner",
                "Startup Cost": 58346.87,
                "Total Cost": 77146.32,
                "Plan Rows": 594,
                "Plan Width": 0,
                "Actual Startup Time": 165.527,
                "Actual Total Time": 208.544,
                "Actual Rows": 1087,
                "Actual Loops": 2,
                "Inner Unique": true,
                "Hash Cond": "(mi_idx.movie_id = t.id)",
                "Plans": [
                  {
                    "Node Type": "Seq Scan",
                    "Parent Relationship": "Outer",
                    "Parallel Aware": true,
                    "Relation Name": "movie_info_idx",
                    "Alias": "mi_idx",
                    "Startup Cost": 0.0,
                    "Total Cost": 18082.32,
                    "Plan Rows": 273193,
                    "Plan Width": 4,
                    "Actual Startup Time": 0.022,
                    "Actual Total Time": 50.681,
                    "Actual Rows": 229962,
                    "Actual Loops": 2,
                    "Filter": "(info_type_id = 100)",
                    "Rows Removed by Filter": 460055
                  },
                  {
                    "Node Type": "Hash",
                    "Parent Relationship": "Inner",
                    "Parallel Aware": true,
                    "Startup Cost": 58306.47,
                    "Total Cost": 58306.47,
                    "Plan Rows": 3232,
                    "Plan Width": 4,
                    "Actual Startup Time": 136.159,
                    "Actual Total Time": 136.16,
                    "Actual Rows": 7894,
                    "Actual Loops": 2,
                    "Hash Buckets": 16384,
                    "Original Hash Buckets": 8192,
                    "Hash Batches": 1,
                    "Original Hash Batches": 1,
                    "Peak Memory Usage": 832,
                    "Plans": [
                      {
                        "Node Type": "Seq Scan",
                        "Parent Relationship": "Outer",
                        "Parallel Aware": true,
                        "Relation Name": "title",
                        "Alias": "t",
                        "Startup Cost": 0.0,
                        "Total Cost": 58306.47,
                        "Plan Rows": 3232,
                        "Plan Width": 4,
                        "Actual Startup Time": 89.793,
                        "Actual Total Time": 132.977,
                        "Actual Rows": 7894,
                        "Actual Loops": 2,
                        "Filter": "((kind_id < 7) AND (production_year < 1906))",
                        "Rows Removed by Filter": 1256262
                      }
                    ]
                  }
                ]
              }
            ]
          }
        ]
      }
    ]
  },
  "Planning Time": 0.457,
  "Triggers": [],
  "Execution Time": 224.4
}