[
  {
    "Plan": {
      "Node Type": "Aggregate",
      "Strategy": "Plain",
      "Partial Mode": "Finalize",
      "Parallel Aware": false,
      "Startup Cost": 39943.65,
      "Total Cost": 39943.66,
      "Plan Rows": 1,
      "Plan Width": 8,
      "Actual Startup Time": 146.754,
      "Actual Total Time": 155.451,
      "Actual Rows": 1,
      "Actual Loops": 1,
      "Plans": [
        {
          "Node Type": "Gather",
          "Parent Relationship": "Outer",
          "Parallel Aware": false,
          "Startup Cost": 39943.33,
          "Total Cost": 39943.64,
          "Plan Rows": 3,
          "Plan Width": 8,
          "Actual Startup Time": 146.403,
          "Actual Total Time": 155.44,
          "Actual Rows": 4,
          "Actual Loops": 1,
          "Workers Planned": 3,
          "Workers Launched": 3,
          "Single Copy": false,
          "Plans": [
            {
              "Node Type": "Aggregate",
              "Strategy": "Plain",
              "Partial Mode": "Partial",
              "Parent Relationship": "Outer",
              "Parallel Aware": false,
              "Startup Cost": 38943.33,
              "Total Cost": 38943.34,
              "Plan Rows": 1,
              "Plan Width": 8,
              "Actual Startup Time": 138.182,
              "Actual Total Time": 138.183,
              "Actual Rows": 1,
              "Actual Loops": 4,
              "Plans": [
                {
                  "Node Type": "Bitmap Heap Scan",
                  "Parent Relationship": "Outer",
                  "Parallel Aware": true,
                  "Relation Name": "movie_keyword",
                  "Alias": "mk",
                  "Startup Cost": 11798.4,
                  "Total Cost": 38494.84,
                  "Plan Rows": 179395,
                  "Plan Width": 0,
                  "Actual Startup Time": 53.738,
                  "Actual Total Time": 129.493,
                  "Actual Rows": 136029,
                  "Actual Loops": 4,
                  "Recheck Cond": "(keyword_id > 33772)",
                  "Rows Removed by Index Recheck": 0,
                  "Exact Heap Blocks": 7771,
                  "Lossy Heap Blocks": 0,
                  "Plans": [
                    {
                      "Node Type": "Bitmap Index Scan",
                      "Parent Relationship": "Outer",
                      "Parallel Aware": false,
                      "Index Name": "keyword_id_movie_keyword",
                      "Startup Cost": 0.0,
                      "Total Cost": 11659.37,
                      "Plan Rows": 556125,
                      "Plan Width": 0,
                      "Actual Startup Time": 55.515,
                      "Actual Total Time": 55.515,
                      "Actual Rows": 544115,
                      "Actual Loops": 1,
                      "Index Cond": "(keyword_id > 33772)"
                    }
                  ]
                }
              ]
            }
          ]
        }
      ]
    },
    "Planning Time": 0.147,
    "Triggers": [],
    "Execution Time": 155.514
  }
]