[
  {
    "Plan": {
      "Node Type": "Aggregate",
      "Strategy": "Plain",
      "Partial Mode": "Finalize",
      "Parallel Aware": false,
      "Startup Cost": 79955.85,
      "Total Cost": 79955.86,
      "Plan Rows": 1,
      "Plan Width": 8,
      "Actual Startup Time": 240.653,
      "Actual Total Time": 256.96,
      "Actual Rows": 1,
      "Actual Loops": 1,
      "Plans": [
        {
          "Node Type": "Gather",
          "Parent Relationship": "Outer",
          "Parallel Aware": false,
          "Startup Cost": 79955.43,
          "Total Cost": 79955.84,
          "Plan Rows": 4,
          "Plan Width": 8,
          "Actual Startup Time": 239.376,
          "Actual Total Time": 256.949,
          "Actual Rows": 5,
          "Actual Loops": 1,
          "Workers Planned": 4,
          "Workers Launched": 4,
          "Single Copy": false,
          "Plans": [
            {
              "Node Type": "Aggregate",
              "Strategy": "Plain",
              "Partial Mode": "Partial",
              "Parent Relationship": "Outer",
              "Parallel Aware": false,
              "Startup Cost": 78955.43,
              "Total Cost": 78955.44,
              "Plan Rows": 1,
              "Plan Width": 8,
              "Actual Startup Time": 229.902,
              "Actual Total Time": 229.905,
              "Actual Rows": 1,
              "Actual Loops": 5,
              "Plans": [
                {
                  "Node Type": "Hash Join",
                  "Parent Relationship": "Outer",
                  "Parallel Aware": true,
                  "Join Type": "Inner",
                  "Startup Cost": 32936.23,
                  "Total Cost": 78719.61,
                  "Plan Rows": 94328,
                  "Plan Width": 0,
                  "Actual Startup Time": 85.038,
                  "Actual Total Time": 227.637,
                  "Actual Rows": 43637,
                  "Actual Loops": 5,
                  "Inner Unique": false,
                  "Hash Cond": "(t.id = mc.movie_id)",
                  "Plans": [
                    {
                      "Node Type": "Seq Scan",
                      "Parent Relationship": "Outer",
                      "Parallel Aware": true,
                      "Relation Name": "title",
                      "Alias": "t",
                      "Startup Cost": 0.0,
                      "Total Cost": 42318.73,
                      "Plan Rows": 632073,
                      "Plan Width": 4,
                      "Actual Startup Time": 0.013,
                      "Actual Total Time": 64.702,
                      "Actual Rows": 505662,
                      "Actual Loops": 5
                    },
                    {
                      "Node Type": "Hash",
                      "Parent Relationship": "Inner",
                      "Parallel Aware": true,
                      "Startup Cost": 31414.82,
                      "Total Cost": 31414.82,
                      "Plan Rows": 121713,
                      "Plan Width": 4,
                      "Actual Startup Time": 81.833,
                      "Actual Total Time": 81.834,
                      "Actual Rows": 43637,
                      "Actual Loops": 5,
                      "Hash Buckets": 524288,
                      "Original Hash Buckets": 524288,
                      "Hash Batches": 1,
                      "Original Hash Batches": 1,
                      "Peak Memory Usage": 12736,
                      "Plans": [
                        {
                          "Node Type": "Seq Scan",
                          "Parent Relationship": "Outer",
                          "Parallel Aware": true,
                          "Relation Name": "movie_companies",
                          "Alias": "mc",
                          "Startup Cost": 0.0,
                          "Total Cost": 31414.82,
                          "Plan Rows": 121713,
                          "Plan Width": 4,
                          "Actual Startup Time": 42.482,
                          "Actual Total Time": 66.924,
                          "Actual Rows": 43637,
                          "Actual Loops": 5,
                          "Filter": "((company_id < 1451) AND (company_type_id = 2))",
                          "Rows Removed by Filter": 478189
                        }
                      ]
                    }
                  ]
                }
              ]
            }
          ]
        }
      ]
    },
    "Planning Time": 0.588,
    "Triggers": [],
    "Execution Time": 257.027
  }
]