{
  "Plan": {
    "Node Type": "Aggregate",
    "Strategy": "Plain",
    "Partial Mode": "Finalize",
    "Parallel Aware": false,
    "Startup Cost": 617709.96,
    "Total Cost": 617709.97,
    "Plan Rows": 1,
    "Plan Width": 8,
    "Actual Startup Time": 5375.302,
    "Actual Total Time": 5470.451,
    "Actual Rows": 1,
    "Actual Loops": 1,
    "Plans": [
      {
        "Node Type": "Gather",
        "Parent Relationship": "Outer",
        "Parallel Aware": false,
        "Startup Cost": 617709.85,
        "Total Cost": 617709.96,
        "Plan Rows": 1,
        "Plan Width": 8,
        "Actual Startup Time": 5373.892,
        "Actual Total Time": 5470.443,
        "Actual Rows": 2,
        "Actual Loops": 1,
        "Workers Planned": 1,
        "Workers Launched": 1,
        "Single Copy": false,
        "Plans": [
          {
            "Node Type": "Aggregate",
            "Strategy": "Plain",
            "Partial Mode": "Partial",
            "Parent Relationship": "Outer",
            "Parallel Aware": false,
            "Startup Cost": 616709.85,
            "Total Cost": 616709.86,
            "Plan Rows": 1,
            "Plan Width": 8,
            "Actual Startup Time": 5367.368,
            "Actual Total Time": 5367.372,
            "Actual Rows": 1,
            "Actual Loops": 2,
            "Plans": [
              {
                "Node Type": "Nested Loop",
                "Parent Relationship": "Outer",
                "Parallel Aware": false,
                "Join Type": "Inner",
                "Startup Cost": 40610.22,
                "Total Cost": 610029.33,
                "Plan Rows": 2672206,
                "Plan Width": 0,
                "Actual Startup Time": 195.975,
                "Actual Total Time": 5135.55,
                "Actual Rows": 5068029,
                "Actual Loops": 2,
                "Inner Unique": false,
                "Plans": [
                  {
                    "Node Type": "Hash Join",
                    "Parent Relationship": "Outer",
                    "Parallel Aware": true,
                    "Join Type": "Inner",
                    "Startup Cost": 40609.65,
                    "Total Cost": 101207.32,
                    "Plan Rows": 186489,
                    "Plan Width": 8,
                    "Actual Startup Time": 195.881,
                    "Actual Total Time": 646.688,
                    "Actual Rows": 192673,
                    "Actual Loops": 2,
                    "Inner Unique": false,
                    "Hash Cond": "(t.id = mc.movie_id)",
                    "Plans": [
                      {
                        "Node Type": "Seq Scan",
                        "Parent Relationship": "Outer",
                        "Parallel Aware": true,
                        "Relation Name": "title",
                        "Alias": "t",
                        "Startup Cost": 0.0,
                        "Total Cost": 54588.39,
                        "Plan Rows": 785966,
                        "Plan Width": 4,
                        "Actual Startup Time": 0.019,
                        "Actual Total Time": 167.3,
                        "Actual Rows": 674146,
                        "Actual Loops": 2,
                        "Filter": "(production_year < 2005)",
                        "Rows Removed by Filter": 590010
                      },
                      {
                        "Node Type": "Hash",
                        "Parent Relationship": "Inner",
                        "Parallel Aware": true,
                        "Startup Cost": 36198.64,
                        "Total Cost": 36198.64,
                        "Plan Rows": 352881,
                        "Plan Width": 4,
                        "Actual Startup Time": 186.943,
                        "Actual Total Time": 186.944,
                        "Actual Rows": 296733,
                        "Actual Loops": 2,
                        "Hash Buckets": 1048576,
                        "Original Hash Buckets": 1048576,
                        "Hash Batches": 1,
                        "Original Hash Batches": 1,
                        "Peak Memory Usage": 31456,
                        "Plans": [
                          {
                            "Node Type": "Bitmap Heap Scan",
                            "Parent Relationship": "Outer",
                            "Parallel Aware": true,
                            "Relation Name": "movie_companies",
                            "Alias": "mc",
                            "Startup Cost": 12997.63,
                            "Total Cost": 36198.64,
                            "Plan Rows": 352881,
                            "Plan Width": 4,
                            "Actual Startup Time": 36.814,
                            "Actual Total Time": 113.134,
                            "Actual Rows": 296733,
                            "Actual Loops": 2,
                            "Recheck Cond": "(company_id < 686)",
                            "Rows Removed by Index Recheck": 0,
                            "Exact Heap Blocks": 12651,
                            "Lossy Heap Blocks": 0,
                            "Plans": [
                              {
                                "Node Type": "Bitmap Index Scan",
                                "Parent Relationship": "Outer",
                                "Parallel Aware": false,
                                "Index Name": "company_id_movie_companies",
                                "Startup Cost": 0.0,
                                "Total Cost": 12847.66,
                                "Plan Rows": 599897,
                                "Plan Width": 0,
                                "Actual Startup Time": 33.992,
                                "Actual Total Time": 33.992,
                                "Actual Rows": 593466,
                                "Actual Loops": 1,
                                "Index Cond": "(company_id < 686)"
                              }
                            ]
                          }
                        ]
                      }
                    ]
                  },
                  {
                    "Node Type": "Index Only Scan",
                    "Parent Relationship": "Inner",
                    "Parallel Aware": false,
                    "Scan Direction": "Forward",
                    "Index Name": "movie_id_cast_info",
                    "Relation Name": "cast_info",
                    "Alias": "ci",
                    "Startup Cost": 0.56,
                    "Total Cost": 2.36,
                    "Plan Rows": 37,
                    "Plan Width": 4,
                    "Actual Startup Time": 0.004,
                    "Actual Total Time": 0.021,
                    "Actual Rows": 26,
                    "Actual Loops": 385346,
                    "Index Cond": "(movie_id = t.id)",
                    "Rows Removed by Index Recheck": 0,
                    "Heap Fetches": 10136058
                  }
                ]
              }
            ]
          }
        ]
      }
    ]
  },
  "Planning Time": 0.986,
  "Triggers": [],
  "Execution Time": 5470.582
}