[
    {
        "Bao": {
            "Bao prediction": "NaN",
            "Bao recommended hint": "(no hint)"
        }
    },
    {
        "Plan": {
            "Node Type": "Aggregate",
            "Strategy": "Plain",
            "Partial Mode": "Finalize",
            "Parallel Aware": false,
            "Startup Cost": 114037.0,
            "Total Cost": 114037.01,
            "Plan Rows": 1,
            "Plan Width": 8,
            "Actual Startup Time": 115.011,
            "Actual Total Time": 129.009,
            "Actual Rows": 1,
            "Actual Loops": 1,
            "Output": [
                "count(*)"
            ],
            "Plans": [
                {
                    "Node Type": "Gather",
                    "Parent Relationship": "Outer",
                    "Parallel Aware": false,
                    "Startup Cost": 114036.58,
                    "Total Cost": 114036.99,
                    "Plan Rows": 4,
                    "Plan Width": 8,
                    "Actual Startup Time": 114.897,
                    "Actual Total Time": 129.003,
                    "Actual Rows": 5,
                    "Actual Loops": 1,
                    "Output": [
                        "(PARTIAL count(*))"
                    ],
                    "Workers Planned": 4,
                    "Workers Launched": 4,
                    "Single Copy": false,
                    "Plans": [
                        {
                            "Node Type": "Aggregate",
                            "Strategy": "Plain",
                            "Partial Mode": "Partial",
                            "Parent Relationship": "Outer",
                            "Parallel Aware": false,
                            "Startup Cost": 113036.58,
                            "Total Cost": 113036.59,
                            "Plan Rows": 1,
                            "Plan Width": 8,
                            "Actual Startup Time": 105.71,
                            "Actual Total Time": 105.711,
                            "Actual Rows": 1,
                            "Actual Loops": 5,
                            "Output": [
                                "PARTIAL count(*)"
                            ],
                            "Workers": [
                                {
                                    "Worker Number": 0,
                                    "Actual Startup Time": 102.882,
                                    "Actual Total Time": 102.884,
                                    "Actual Rows": 1,
                                    "Actual Loops": 1
                                },
                                {
                                    "Worker Number": 1,
                                    "Actual Startup Time": 103.388,
                                    "Actual Total Time": 103.389,
                                    "Actual Rows": 1,
                                    "Actual Loops": 1
                                },
                                {
                                    "Worker Number": 2,
                                    "Actual Startup Time": 103.708,
                                    "Actual Total Time": 103.71,
                                    "Actual Rows": 1,
                                    "Actual Loops": 1
                                },
                                {
                                    "Worker Number": 3,
                                    "Actual Startup Time": 103.97,
                                    "Actual Total Time": 103.972,
                                    "Actual Rows": 1,
                                    "Actual Loops": 1
                                }
                            ],
                            "Plans": [
                                {
                                    "Node Type": "Nested Loop",
                                    "Parent Relationship": "Outer",
                                    "Parallel Aware": false,
                                    "Join Type": "Inner",
                                    "Startup Cost": 0.56,
                                    "Total Cost": 113034.84,
                                    "Plan Rows": 697,
                                    "Plan Width": 0,
                                    "Actual Startup Time": 36.704,
                                    "Actual Total Time": 105.582,
                                    "Actual Rows": 1186,
                                    "Actual Loops": 5,
                                    "Inner Unique": false,
                                    "Workers": [
                                        {
                                            "Worker Number": 0,
                                            "Actual Startup Time": 3.534,
                                            "Actual Total Time": 102.755,
                                            "Actual Rows": 657,
                                            "Actual Loops": 1
                                        },
                                        {
                                            "Worker Number": 1,
                                            "Actual Startup Time": 49.405,
                                            "Actual Total Time": 103.256,
                                            "Actual Rows": 1033,
                                            "Actual Loops": 1
                                        },
                                        {
                                            "Worker Number": 2,
                                            "Actual Startup Time": 39.901,
                                            "Actual Total Time": 103.584,
                                            "Actual Rows": 950,
                                            "Actual Loops": 1
                                        },
                                        {
                                            "Worker Number": 3,
                                            "Actual Startup Time": 39.563,
                                            "Actual Total Time": 103.839,
                                            "Actual Rows": 1006,
                                            "Actual Loops": 1
                                        }
                                    ],
                                    "Plans": [
                                        {
                                            "Node Type": "Seq Scan",
                                            "Parent Relationship": "Outer",
                                            "Parallel Aware": true,
                                            "Relation Name": "title",
                                            "Schema": "public",
                                            "Alias": "t",
                                            "Startup Cost": 0.0,
                                            "Total Cost": 43899.01,
                                            "Plan Rows": 503,
                                            "Plan Width": 4,
                                            "Actual Startup Time": 32.096,
                                            "Actual Total Time": 70.125,
                                            "Actual Rows": 497,
                                            "Actual Loops": 5,
                                            "Output": [
                                                "t.id",
                                                "t.title",
                                                "t.imdb_index",
                                                "t.kind_id",
                                                "t.production_year",
                                                "t.imdb_id",
                                                "t.phonetic_code",
                                                "t.episode_of_id",
                                                "t.season_nr",
                                                "t.episode_nr",
                                                "t.series_years",
                                                "t.md5sum"
                                            ],
                                            "Filter": "(t.production_year = 1939)",
                                            "Rows Removed by Filter": 505166,
                                            "Workers": [
                                                {
                                                    "Worker Number": 0,
                                                    "Actual Startup Time": 3.209,
                                                    "Actual Total Time": 64.161,
                                                    "Actual Rows": 308,
                                                    "Actual Loops": 1
                                                },
                                                {
                                                    "Worker Number": 1,
                                                    "Actual Startup Time": 33.446,
                                                    "Actual Total Time": 65.133,
                                                    "Actual Rows": 410,
                                                    "Actual Loops": 1
                                                },
                                                {
                                                    "Worker Number": 2,
                                                    "Actual Startup Time": 39.83,
                                                    "Actual Total Time": 66.85,
                                                    "Actual Rows": 412,
                                                    "Actual Loops": 1
                                                },
                                                {
                                                    "Worker Number": 3,
                                                    "Actual Startup Time": 39.474,
                                                    "Actual Total Time": 65.852,
                                                    "Actual Rows": 406,
                                                    "Actual Loops": 1
                                                }
                                            ]
                                        },
                                        {
                                            "Node Type": "Index Scan",
                                            "Parent Relationship": "Inner",
                                            "Parallel Aware": false,
                                            "Scan Direction": "Forward",
                                            "Index Name": "movie_id_cast_info",
                                            "Relation Name": "cast_info",
                                            "Schema": "public",
                                            "Alias": "ci",
                                            "Startup Cost": 0.56,
                                            "Total Cost": 137.41,
                                            "Plan Rows": 4,
                                            "Plan Width": 4,
                                            "Actual Startup Time": 0.061,
                                            "Actual Total Time": 0.071,
                                            "Actual Rows": 2,
                                            "Actual Loops": 2483,
                                            "Output": [
                                                "ci.id",
                                                "ci.person_id",
                                                "ci.movie_id",
                                                "ci.person_role_id",
                                                "ci.note",
                                                "ci.nr_order",
                                                "ci.role_id"
                                            ],
                                            "Index Cond": "(ci.movie_id = t.id)",
                                            "Rows Removed by Index Recheck": 0,
                                            "Filter": "((ci.person_id > 3122130) AND (ci.role_id > 1))",
                                            "Rows Removed by Filter": 19,
                                            "Workers": [
                                                {
                                                    "Worker Number": 0,
                                                    "Actual Startup Time": 0.108,
                                                    "Actual Total Time": 0.124,
                                                    "Actual Rows": 2,
                                                    "Actual Loops": 308
                                                },
                                                {
                                                    "Worker Number": 1,
                                                    "Actual Startup Time": 0.078,
                                                    "Actual Total Time": 0.092,
                                                    "Actual Rows": 3,
                                                    "Actual Loops": 410
                                                },
                                                {
                                                    "Worker Number": 2,
                                                    "Actual Startup Time": 0.075,
                                                    "Actual Total Time": 0.088,
                                                    "Actual Rows": 2,
                                                    "Actual Loops": 412
                                                },
                                                {
                                                    "Worker Number": 3,
                                                    "Actual Startup Time": 0.079,
                                                    "Actual Total Time": 0.093,
                                                    "Actual Rows": 2,
                                                    "Actual Loops": 406
                                                }
                                            ]
                                        }
                                    ]
                                }
                            ]
                        }
                    ]
                }
            ]
        },
        "Planning Time": 199.2,
        "Triggers": [],
        "Execution Time": 129.06
    }
]