{
  "Plan": {
    "Node Type": "Aggregate",
    "Strategy": "Plain",
    "Partial Mode": "Finalize",
    "Parallel Aware": false,
    "Startup Cost": 245877.53,
    "Total Cost": 245877.54,
    "Plan Rows": 1,
    "Plan Width": 8,
    "Actual Startup Time": 1453.444,
    "Actual Total Time": 1476.282,
    "Actual Rows": 1,
    "Actual Loops": 1,
    "Plans": [
      {
        "Node Type": "Gather",
        "Parent Relationship": "Outer",
        "Parallel Aware": false,
        "Startup Cost": 245877.42,
        "Total Cost": 245877.53,
        "Plan Rows": 1,
        "Plan Width": 8,
        "Actual Startup Time": 1451.848,
        "Actual Total Time": 1476.276,
        "Actual Rows": 2,
        "Actual Loops": 1,
        "Workers Planned": 1,
        "Workers Launched": 1,
        "Single Copy": false,
        "Plans": [
          {
            "Node Type": "Aggregate",
            "Strategy": "Plain",
            "Partial Mode": "Partial",
            "Parent Relationship": "Outer",
            "Parallel Aware": false,
            "Startup Cost": 244877.42,
            "Total Cost": 244877.43,
            "Plan Rows": 1,
            "Plan Width": 8,
            "Actual Startup Time": 1445.002,
            "Actual Total Time": 1445.006,
            "Actual Rows": 1,
            "Actual Loops": 2,
            "Plans": [
              {
                "Node Type": "Nested Loop",
                "Parent Relationship": "Outer",
                "Parallel Aware": false,
                "Join Type": "Inner",
                "Startup Cost": 64030.54,
                "Total Cost": 244560.0,
                "Plan Rows": 126968,
                "Plan Width": 0,
                "Actual Startup Time": 281.146,
                "Actual Total Time": 1406.565,
                "Actual Rows": 654836,
                "Actual Loops": 2,
                "Inner Unique": false,
                "Join Filter": "(t.id = mc.movie_id)",
                "Rows Removed by Join Filter": 0,
                "Plans": [
                  {
                    "Node Type": "Hash Join",
                    "Parent Relationship": "Outer",
                    "Parallel Aware": true,
                    "Join Type": "Inner",
                    "Startup Cost": 64030.11,
                    "Total Cost": 82213.89,
                    "Plan Rows": 249934,
                    "Plan Width": 8,
                    "Actual Startup Time": 281.094,
                    "Actual Total Time": 502.437,
                    "Actual Rows": 361824,
                    "Actual Loops": 2,
                    "Inner Unique": true,
                    "Hash Cond": "(mi_idx.movie_id = t.id)",
                    "Plans": [
                      {
                        "Node Type": "Seq Scan",
                        "Parent Relationship": "Outer",
                        "Parallel Aware": true,
                        "Relation Name": "movie_info_idx",
                        "Alias": "mi_idx",
                        "Startup Cost": 0.0,
                        "Total Cost": 16052.85,
                        "Plan Rows": 811785,
                        "Plan Width": 4,
                        "Actual Startup Time": 0.028,
                        "Actual Total Time": 60.15,
                        "Actual Rows": 690018,
                        "Actual Loops": 2
                      },
                      {
                        "Node Type": "Hash",
                        "Parent Relationship": "Inner",
                        "Parallel Aware": true,
                        "Startup Cost": 58306.47,
                        "Total Cost": 58306.47,
                        "Plan Rows": 457891,
                        "Plan Width": 4,
                        "Actual Startup Time": 271.607,
                        "Actual Total Time": 271.607,
                        "Actual Rows": 341731,
                        "Actual Loops": 2,
                        "Hash Buckets": 1048576,
                        "Original Hash Buckets": 1048576,
                        "Hash Batches": 1,
                        "Original Hash Batches": 1,
                        "Peak Memory Usage": 34944,
                        "Plans": [
                          {
                            "Node Type": "Seq Scan",
                            "Parent Relationship": "Outer",
                            "Parallel Aware": true,
                            "Relation Name": "title",
                            "Alias": "t",
                            "Startup Cost": 0.0,
                            "Total Cost": 58306.47,
                            "Plan Rows": 457891,
                            "Plan Width": 4,
                            "Actual Startup Time": 0.04,
                            "Actual Total Time": 177.231,
                            "Actual Rows": 341731,
                            "Actual Loops": 2,
                            "Filter": "((kind_id < 7) AND (production_year > 1977))",
                            "Rows Removed by Filter": 922425
                          }
                        ]
                      }
                    ]
                  },
                  {
                    "Node Type": "Index Scan",
                    "Parent Relationship": "Inner",
                    "Parallel Aware": false,
                    "Scan Direction": "Forward",
                    "Index Name": "movie_id_movie_companies",
                    "Relation Name": "movie_companies",
                    "Alias": "mc",
                    "Startup Cost": 0.43,
                    "Total Cost": 0.61,
                    "Plan Rows": 3,
                    "Plan Width": 4,
                    "Actual Startup Time": 0.002,
                    "Actual Total Time": 0.002,
                    "Actual Rows": 2,
                    "Actual Loops": 723649,
                    "Index Cond": "(movie_id = mi_idx.movie_id)",
                    "Rows Removed by Index Recheck": 0,
                    "Filter": "(company_type_id < 2)",
                    "Rows Removed by Filter": 1
                  }
                ]
              }
            ]
          }
        ]
      }
    ]
  },
  "Planning Time": 1.136,
  "Triggers": [],
  "Execution Time": 1476.367
}