[
  {
    "Plan": {
      "Node Type": "Aggregate",
      "Strategy": "Plain",
      "Partial Mode": "Finalize",
      "Parallel Aware": false,
      "Startup Cost": 30851.73,
      "Total Cost": 30851.74,
      "Plan Rows": 1,
      "Plan Width": 8,
      "Actual Startup Time": 195.756,
      "Actual Total Time": 204.369,
      "Actual Rows": 1,
      "Actual Loops": 1,
      "Plans": [
        {
          "Node Type": "Gather",
          "Parent Relationship": "Outer",
          "Parallel Aware": false,
          "Startup Cost": 30851.51,
          "Total Cost": 30851.72,
          "Plan Rows": 2,
          "Plan Width": 8,
          "Actual Startup Time": 195.464,
          "Actual Total Time": 204.359,
          "Actual Rows": 3,
          "Actual Loops": 1,
          "Workers Planned": 2,
          "Workers Launched": 2,
          "Single Copy": false,
          "Plans": [
            {
              "Node Type": "Aggregate",
              "Strategy": "Plain",
              "Partial Mode": "Partial",
              "Parent Relationship": "Outer",
              "Parallel Aware": false,
              "Startup Cost": 29851.51,
              "Total Cost": 29851.52,
              "Plan Rows": 1,
              "Plan Width": 8,
              "Actual Startup Time": 191.075,
              "Actual Total Time": 191.078,
              "Actual Rows": 1,
              "Actual Loops": 3,
              "Plans": [
                {
                  "Node Type": "Nested Loop",
                  "Parent Relationship": "Outer",
                  "Parallel Aware": false,
                  "Join Type": "Inner",
                  "Startup Cost": 120.53,
                  "Total Cost": 29850.46,
                  "Plan Rows": 419,
                  "Plan Width": 0,
                  "Actual Startup Time": 135.519,
                  "Actual Total Time": 190.626,
                  "Actual Rows": 1693,
                  "Actual Loops": 3,
                  "Inner Unique": true,
                  "Plans": [
                    {
                      "Node Type": "Nested Loop",
                      "Parent Relationship": "Outer",
                      "Parallel Aware": false,
                      "Join Type": "Inner",
                      "Startup Cost": 120.1,
                      "Total Cost": 27854.82,
                      "Plan Rows": 2368,
                      "Plan Width": 8,
                      "Actual Startup Time": 135.305,
                      "Actual Total Time": 171.593,
                      "Actual Rows": 1693,
                      "Actual Loops": 3,
                      "Inner Unique": false,
                      "Plans": [
                        {
                          "Node Type": "Bitmap Heap Scan",
                          "Parent Relationship": "Outer",
                          "Parallel Aware": true,
                          "Relation Name": "movie_keyword",
                          "Alias": "mk",
                          "Startup Cost": 119.68,
                          "Total Cost": 13383.74,
                          "Plan Rows": 2325,
                          "Plan Width": 4,
                          "Actual Startup Time": 135.055,
                          "Actual Total Time": 146.22,
                          "Actual Rows": 2558,
                          "Actual Loops": 3,
                          "Recheck Cond": "(keyword_id = 7078)",
                          "Rows Removed by Index Recheck": 0,
                          "Exact Heap Blocks": 3521,
                          "Lossy Heap Blocks": 0,
                          "Plans": [
                            {
                              "Node Type": "Bitmap Index Scan",
                              "Parent Relationship": "Outer",
                              "Parallel Aware": false,
                              "Index Name": "keyword_id_movie_keyword",
                              "Startup Cost": 0.0,
                              "Total Cost": 118.28,
                              "Plan Rows": 5580,
                              "Plan Width": 0,
                              "Actual Startup Time": 135.628,
                              "Actual Total Time": 135.629,
                              "Actual Rows": 7673,
                              "Actual Loops": 1,
                              "Index Cond": "(keyword_id = 7078)"
                            }
                          ]
                        },
                        {
                          "Node Type": "Index Scan",
                          "Parent Relationship": "Inner",
                          "Parallel Aware": false,
                          "Scan Direction": "Forward",
                          "Index Name": "movie_id_movie_info_idx",
                          "Relation Name": "movie_info_idx",
                          "Alias": "mi_idx",
                          "Startup Cost": 0.43,
                          "Total Cost": 6.21,
                          "Plan Rows": 1,
                          "Plan Width": 4,
                          "Actual Startup Time": 0.009,
                          "Actual Total Time": 0.009,
                          "Actual Rows": 1,
                          "Actual Loops": 7673,
                          "Index Cond": "(movie_id = mk.movie_id)",
                          "Rows Removed by Index Recheck": 0,
                          "Filter": "(info_type_id = 99)",
                          "Rows Removed by Filter": 1
                        }
                      ]
                    },
                    {
                      "Node Type": "Index Only Scan",
                      "Parent Relationship": "Inner",
                      "Parallel Aware": false,
                      "Scan Direction": "Forward",
                      "Index Name": "title_pkey",
                      "Relation Name": "title",
                      "Alias": "t",
                      "Startup Cost": 0.43,
                      "Total Cost": 0.84,
                      "Plan Rows": 1,
                      "Plan Width": 4,
                      "Actual Startup Time": 0.01,
                      "Actual Total Time": 0.01,
                      "Actual Rows": 1,
                      "Actual Loops": 5079,
                      "Index Cond": "(id = mi_idx.movie_id)",
                      "Rows Removed by Index Recheck": 0,
                      "Heap Fetches": 5079
                    }
                  ]
                }
              ]
            }
          ]
        }
      ]
    },
    "Planning Time": 1.408,
    "Triggers": [],
    "Execution Time": 204.473
  }
]