[
  {
    "Plan": {
      "Node Type": "Aggregate",
      "Strategy": "Plain",
      "Partial Mode": "Finalize",
      "Parallel Aware": false,
      "Startup Cost": 435937.03,
      "Total Cost": 435937.04,
      "Plan Rows": 1,
      "Plan Width": 8,
      "Actual Startup Time": 1388.303,
      "Actual Total Time": 1462.968,
      "Actual Rows": 1,
      "Actual Loops": 1,
      "Plans": [
        {
          "Node Type": "Gather",
          "Parent Relationship": "Outer",
          "Parallel Aware": false,
          "Startup Cost": 435936.4,
          "Total Cost": 435937.01,
          "Plan Rows": 6,
          "Plan Width": 8,
          "Actual Startup Time": 1383.331,
          "Actual Total Time": 1462.958,
          "Actual Rows": 7,
          "Actual Loops": 1,
          "Workers Planned": 6,
          "Workers Launched": 6,
          "Single Copy": false,
          "Plans": [
            {
              "Node Type": "Aggregate",
              "Strategy": "Plain",
              "Partial Mode": "Partial",
              "Parent Relationship": "Outer",
              "Parallel Aware": false,
              "Startup Cost": 434936.4,
              "Total Cost": 434936.41,
              "Plan Rows": 1,
              "Plan Width": 8,
              "Actual Startup Time": 1372.578,
              "Actual Total Time": 1372.65,
              "Actual Rows": 1,
              "Actual Loops": 7,
              "Plans": [
                {
                  "Node Type": "Hash Join",
                  "Parent Relationship": "Outer",
                  "Parallel Aware": true,
                  "Join Type": "Inner",
                  "Startup Cost": 93395.27,
                  "Total Cost": 432390.21,
                  "Plan Rows": 1018478,
                  "Plan Width": 0,
                  "Actual Startup Time": 239.43,
                  "Actual Total Time": 1353.84,
                  "Actual Rows": 414828,
                  "Actual Loops": 7,
                  "Inner Unique": false,
                  "Hash Cond": "(ci.movie_id = t.id)",
                  "Plans": [
                    {
                      "Node Type": "Seq Scan",
                      "Parent Relationship": "Outer",
                      "Parallel Aware": true,
                      "Relation Name": "cast_info",
                      "Alias": "ci",
                      "Startup Cost": 0.0,
                      "Total Cost": 313067.02,
                      "Plan Rows": 6038002,
                      "Plan Width": 4,
                      "Actual Startup Time": 0.019,
                      "Actual Total Time": 518.095,
                      "Actual Rows": 5177763,
                      "Actual Loops": 7
                    },
                    {
                      "Node Type": "Hash",
                      "Parent Relationship": "Inner",
                      "Parallel Aware": true,
                      "Startup Cost": 91675.65,
                      "Total Cost": 91675.65,
                      "Plan Rows": 137570,
                      "Plan Width": 8,
                      "Actual Startup Time": 236.972,
                      "Actual Total Time": 237.042,
                      "Actual Rows": 19999,
                      "Actual Loops": 7,
                      "Hash Buckets": 524288,
                      "Original Hash Buckets": 524288,
                      "Hash Batches": 1,
                      "Original Hash Batches": 1,
                      "Peak Memory Usage": 9664,
                      "Plans": [
                        {
                          "Node Type": "Hash Join",
                          "Parent Relationship": "Outer",
                          "Parallel Aware": true,
                          "Join Type": "Inner",
                          "Startup Cost": 47688.75,
                          "Total Cost": 91675.65,
                          "Plan Rows": 137570,
                          "Plan Width": 8,
                          "Actual Startup Time": 130.863,
                          "Actual Total Time": 228.628,
                          "Actual Rows": 19999,
                          "Actual Loops": 7,
                          "Inner Unique": true,
                          "Hash Cond": "(mk.movie_id = t.id)",
                          "Plans": [
                            {
                              "Node Type": "Seq Scan",
                              "Parent Relationship": "Outer",
                              "Parallel Aware": true,
                              "Relation Name": "movie_keyword",
                              "Alias": "mk",
                              "Startup Cost": 0.0,
                              "Total Cost": 42695.65,
                              "Plan Rows": 491903,
                              "Plan Width": 4,
                              "Actual Startup Time": 0.033,
                              "Actual Total Time": 65.816,
                              "Actual Rows": 220592,
                              "Actual Loops": 7,
                              "Filter": "(keyword_id < 2276)",
                              "Rows Removed by Filter": 425684
                            },
                            {
                              "Node Type": "Hash",
                              "Parent Relationship": "Inner",
                              "Parallel Aware": true,
                              "Startup Cost": 45479.1,
                              "Total Cost": 45479.1,
                              "Plan Rows": 176772,
                              "Plan Width": 4,
                              "Actual Startup Time": 128.533,
                              "Actual Total Time": 128.535,
                              "Actual Rows": 84918,
                              "Actual Loops": 7,
                              "Hash Buckets": 1048576,
                              "Original Hash Buckets": 1048576,
                              "Hash Batches": 1,
                              "Original Hash Batches": 1,
                              "Peak Memory Usage": 31552,
                              "Plans": [
                                {
                                  "Node Type": "Seq Scan",
                                  "Parent Relationship": "Outer",
                                  "Parallel Aware": true,
                                  "Relation Name": "title",
                                  "Alias": "t",
                                  "Startup Cost": 0.0,
                                  "Total Cost": 45479.1,
                                  "Plan Rows": 176772,
                                  "Plan Width": 4,
                                  "Actual Startup Time": 0.046,
                                  "Actual Total Time": 77.294,
                                  "Actual Rows": 84918,
                                  "Actual Loops": 7,
                                  "Filter": "((kind_id > 3) AND (production_year < 2001))",
                                  "Rows Removed by Filter": 276269
                                }
                              ]
                            }
                          ]
                        }
                      ]
                    }
                  ]
                }
              ]
            }
          ]
        }
      ]
    },
    "Planning Time": 1.311,
    "Triggers": [],
    "Execution Time": 1463.069
  }
]