[
  {
    "Plan": {
      "Node Type": "Aggregate",
      "Strategy": "Plain",
      "Partial Mode": "Finalize",
      "Parallel Aware": false,
      "Startup Cost": 33408.85,
      "Total Cost": 33408.86,
      "Plan Rows": 1,
      "Plan Width": 8,
      "Actual Startup Time": 111.74,
      "Actual Total Time": 121.215,
      "Actual Rows": 1,
      "Actual Loops": 1,
      "Plans": [
        {
          "Node Type": "Gather",
          "Parent Relationship": "Outer",
          "Parallel Aware": false,
          "Startup Cost": 33408.54,
          "Total Cost": 33408.85,
          "Plan Rows": 3,
          "Plan Width": 8,
          "Actual Startup Time": 111.487,
          "Actual Total Time": 121.208,
          "Actual Rows": 4,
          "Actual Loops": 1,
          "Workers Planned": 3,
          "Workers Launched": 3,
          "Single Copy": false,
          "Plans": [
            {
              "Node Type": "Aggregate",
              "Strategy": "Plain",
              "Partial Mode": "Partial",
              "Parent Relationship": "Outer",
              "Parallel Aware": false,
              "Startup Cost": 32408.54,
              "Total Cost": 32408.55,
              "Plan Rows": 1,
              "Plan Width": 8,
              "Actual Startup Time": 103.168,
              "Actual Total Time": 103.169,
              "Actual Rows": 1,
              "Actual Loops": 4,
              "Plans": [
                {
                  "Node Type": "Seq Scan",
                  "Parent Relationship": "Outer",
                  "Parallel Aware": true,
                  "Relation Name": "movie_companies",
                  "Alias": "mc",
                  "Startup Cost": 0.0,
                  "Total Cost": 31414.82,
                  "Plan Rows": 397487,
                  "Plan Width": 0,
                  "Actual Startup Time": 49.483,
                  "Actual Total Time": 89.706,
                  "Actual Rows": 285069,
                  "Actual Loops": 4,
                  "Filter": "((company_id < 115199) AND (company_type_id > 1))",
                  "Rows Removed by Filter": 367213
                }
              ]
            }
          ]
        }
      ]
    },
    "Planning Time": 0.138,
    "Triggers": [],
    "Execution Time": 121.252
  }
]