[
  {
    "Plan": {
      "Node Type": "Aggregate",
      "Strategy": "Plain",
      "Partial Mode": "Finalize",
      "Parallel Aware": false,
      "Startup Cost": 96070.23,
      "Total Cost": 96070.24,
      "Plan Rows": 1,
      "Plan Width": 8,
      "Actual Startup Time": 436.526,
      "Actual Total Time": 453.998,
      "Actual Rows": 1,
      "Actual Loops": 1,
      "Plans": [
        {
          "Node Type": "Gather",
          "Parent Relationship": "Outer",
          "Parallel Aware": false,
          "Startup Cost": 96069.91,
          "Total Cost": 96070.22,
          "Plan Rows": 3,
          "Plan Width": 8,
          "Actual Startup Time": 433.046,
          "Actual Total Time": 453.99,
          "Actual Rows": 4,
          "Actual Loops": 1,
          "Workers Planned": 3,
          "Workers Launched": 3,
          "Single Copy": false,
          "Plans": [
            {
              "Node Type": "Aggregate",
              "Strategy": "Plain",
              "Partial Mode": "Partial",
              "Parent Relationship": "Outer",
              "Parallel Aware": false,
              "Startup Cost": 95069.91,
              "Total Cost": 95069.92,
              "Plan Rows": 1,
              "Plan Width": 8,
              "Actual Startup Time": 426.271,
              "Actual Total Time": 426.274,
              "Actual Rows": 1,
              "Actual Loops": 4,
              "Plans": [
                {
                  "Node Type": "Hash Join",
                  "Parent Relationship": "Outer",
                  "Parallel Aware": true,
                  "Join Type": "Inner",
                  "Startup Cost": 48230.39,
                  "Total Cost": 94038.07,
                  "Plan Rows": 412738,
                  "Plan Width": 0,
                  "Actual Startup Time": 195.736,
                  "Actual Total Time": 422.566,
                  "Actual Rows": 74188,
                  "Actual Loops": 4,
                  "Inner Unique": true,
                  "Hash Cond": "(mk.movie_id = t.id)",
                  "Plans": [
                    {
                      "Node Type": "Seq Scan",
                      "Parent Relationship": "Outer",
                      "Parallel Aware": true,
                      "Relation Name": "movie_keyword",
                      "Alias": "mk",
                      "Startup Cost": 0.0,
                      "Total Cost": 42695.65,
                      "Plan Rows": 1185535,
                      "Plan Width": 4,
                      "Actual Startup Time": 0.066,
                      "Actual Total Time": 126.646,
                      "Actual Rows": 919089,
                      "Actual Loops": 4,
                      "Filter": "(keyword_id > 807)",
                      "Rows Removed by Filter": 211894
                    },
                    {
                      "Node Type": "Hash",
                      "Parent Relationship": "Inner",
                      "Parallel Aware": true,
                      "Startup Cost": 45479.59,
                      "Total Cost": 45479.59,
                      "Plan Rows": 220064,
                      "Plan Width": 4,
                      "Actual Startup Time": 192.004,
                      "Actual Total Time": 192.005,
                      "Actual Rows": 200378,
                      "Actual Loops": 4,
                      "Hash Buckets": 1048576,
                      "Original Hash Buckets": 1048576,
                      "Hash Batches": 1,
                      "Original Hash Batches": 1,
                      "Peak Memory Usage": 39648,
                      "Plans": [
                        {
                          "Node Type": "Seq Scan",
                          "Parent Relationship": "Outer",
                          "Parallel Aware": true,
                          "Relation Name": "title",
                          "Alias": "t",
                          "Startup Cost": 0.0,
                          "Total Cost": 45479.59,
                          "Plan Rows": 220064,
                          "Plan Width": 4,
                          "Actual Startup Time": 0.032,
                          "Actual Total Time": 114.92,
                          "Actual Rows": 200378,
                          "Actual Loops": 4,
                          "Filter": "((production_year < 2006) AND (kind_id = 7))",
                          "Rows Removed by Filter": 431700
                        }
                      ]
                    }
                  ]
                }
              ]
            }
          ]
        }
      ]
    },
    "Planning Time": 0.304,
    "Triggers": [],
    "Execution Time": 454.04
  }
]