[
  {
    "Plan": {
      "Node Type": "Aggregate",
      "Strategy": "Plain",
      "Partial Mode": "Finalize",
      "Parallel Aware": false,
      "Startup Cost": 32751.41,
      "Total Cost": 32751.42,
      "Plan Rows": 1,
      "Plan Width": 8,
      "Actual Startup Time": 87.962,
      "Actual Total Time": 96.026,
      "Actual Rows": 1,
      "Actual Loops": 1,
      "Plans": [
        {
          "Node Type": "Gather",
          "Parent Relationship": "Outer",
          "Parallel Aware": false,
          "Startup Cost": 32751.09,
          "Total Cost": 32751.4,
          "Plan Rows": 3,
          "Plan Width": 8,
          "Actual Startup Time": 87.863,
          "Actual Total Time": 96.016,
          "Actual Rows": 4,
          "Actual Loops": 1,
          "Workers Planned": 3,
          "Workers Launched": 3,
          "Single Copy": false,
          "Plans": [
            {
              "Node Type": "Aggregate",
              "Strategy": "Plain",
              "Partial Mode": "Partial",
              "Parent Relationship": "Outer",
              "Parallel Aware": false,
              "Startup Cost": 31751.09,
              "Total Cost": 31751.1,
              "Plan Rows": 1,
              "Plan Width": 8,
              "Actual Startup Time": 80.44,
              "Actual Total Time": 80.441,
              "Actual Rows": 1,
              "Actual Loops": 4,
              "Plans": [
                {
                  "Node Type": "Seq Scan",
                  "Parent Relationship": "Outer",
                  "Parallel Aware": true,
                  "Relation Name": "movie_companies",
                  "Alias": "mc",
                  "Startup Cost": 0.0,
                  "Total Cost": 31414.82,
                  "Plan Rows": 134510,
                  "Plan Width": 0,
                  "Actual Startup Time": 25.642,
                  "Actual Total Time": 79.026,
                  "Actual Rows": 24960,
                  "Actual Loops": 4,
                  "Filter": "((company_id > 24289) AND (company_type_id = 1))",
                  "Rows Removed by Filter": 627322
                }
              ]
            }
          ]
        }
      ]
    },
    "Planning Time": 0.222,
    "Triggers": [],
    "Execution Time": 96.091
  }
]