[
  {
    "Plan": {
      "Node Type": "Aggregate",
      "Strategy": "Plain",
      "Partial Mode": "Finalize",
      "Parallel Aware": false,
      "Startup Cost": 32766.64,
      "Total Cost": 32766.65,
      "Plan Rows": 1,
      "Plan Width": 8,
      "Actual Startup Time": 76.569,
      "Actual Total Time": 84.706,
      "Actual Rows": 1,
      "Actual Loops": 1,
      "Plans": [
        {
          "Node Type": "Gather",
          "Parent Relationship": "Outer",
          "Parallel Aware": false,
          "Startup Cost": 32766.33,
          "Total Cost": 32766.64,
          "Plan Rows": 3,
          "Plan Width": 8,
          "Actual Startup Time": 76.441,
          "Actual Total Time": 84.697,
          "Actual Rows": 4,
          "Actual Loops": 1,
          "Workers Planned": 3,
          "Workers Launched": 3,
          "Single Copy": false,
          "Plans": [
            {
              "Node Type": "Aggregate",
              "Strategy": "Plain",
              "Partial Mode": "Partial",
              "Parent Relationship": "Outer",
              "Parallel Aware": false,
              "Startup Cost": 31766.33,
              "Total Cost": 31766.34,
              "Plan Rows": 1,
              "Plan Width": 8,
              "Actual Startup Time": 73.197,
              "Actual Total Time": 73.198,
              "Actual Rows": 1,
              "Actual Loops": 4,
              "Plans": [
                {
                  "Node Type": "Seq Scan",
                  "Parent Relationship": "Outer",
                  "Parallel Aware": true,
                  "Relation Name": "movie_companies",
                  "Alias": "mc",
                  "Startup Cost": 0.0,
                  "Total Cost": 31414.82,
                  "Plan Rows": 140603,
                  "Plan Width": 0,
                  "Actual Startup Time": 0.012,
                  "Actual Total Time": 65.879,
                  "Actual Rows": 157942,
                  "Actual Loops": 4,
                  "Filter": "((company_id < 2784) AND (company_type_id < 2))",
                  "Rows Removed by Filter": 494340
                }
              ]
            }
          ]
        }
      ]
    },
    "Planning Time": 0.093,
    "Triggers": [],
    "Execution Time": 84.732
  }
]