[
  {
    "Plan": {
      "Node Type": "Aggregate",
      "Strategy": "Plain",
      "Partial Mode": "Finalize",
      "Parallel Aware": false,
      "Startup Cost": 333514.48,
      "Total Cost": 333514.49,
      "Plan Rows": 1,
      "Plan Width": 8,
      "Actual Startup Time": 678.634,
      "Actual Total Time": 727.21,
      "Actual Rows": 1,
      "Actual Loops": 1,
      "Plans": [
        {
          "Node Type": "Gather",
          "Parent Relationship": "Outer",
          "Parallel Aware": false,
          "Startup Cost": 333513.85,
          "Total Cost": 333514.46,
          "Plan Rows": 6,
          "Plan Width": 8,
          "Actual Startup Time": 678.332,
          "Actual Total Time": 727.199,
          "Actual Rows": 7,
          "Actual Loops": 1,
          "Workers Planned": 6,
          "Workers Launched": 6,
          "Single Copy": false,
          "Plans": [
            {
              "Node Type": "Aggregate",
              "Strategy": "Plain",
              "Partial Mode": "Partial",
              "Parent Relationship": "Outer",
              "Parallel Aware": false,
              "Startup Cost": 332513.85,
              "Total Cost": 332513.86,
              "Plan Rows": 1,
              "Plan Width": 8,
              "Actual Startup Time": 671.887,
              "Actual Total Time": 671.888,
              "Actual Rows": 1,
              "Actual Loops": 7,
              "Plans": [
                {
                  "Node Type": "Seq Scan",
                  "Parent Relationship": "Outer",
                  "Parallel Aware": true,
                  "Relation Name": "cast_info",
                  "Alias": "ci",
                  "Startup Cost": 0.0,
                  "Total Cost": 328211.39,
                  "Plan Rows": 1720984,
                  "Plan Width": 0,
                  "Actual Startup Time": 309.371,
                  "Actual Total Time": 597.623,
                  "Actual Rows": 1458865,
                  "Actual Loops": 7,
                  "Filter": "(person_id > 2693414)",
                  "Rows Removed by Filter": 3718899
                }
              ]
            }
          ]
        }
      ]
    },
    "Planning Time": 0.099,
    "Triggers": [],
    "Execution Time": 727.252
  }
]