[
  {
    "Plan": {
      "Node Type": "Aggregate",
      "Strategy": "Plain",
      "Partial Mode": "Finalize",
      "Parallel Aware": false,
      "Startup Cost": 80035.12,
      "Total Cost": 80035.13,
      "Plan Rows": 1,
      "Plan Width": 8,
      "Actual Startup Time": 423.923,
      "Actual Total Time": 437.801,
      "Actual Rows": 1,
      "Actual Loops": 1,
      "Plans": [
        {
          "Node Type": "Gather",
          "Parent Relationship": "Outer",
          "Parallel Aware": false,
          "Startup Cost": 80034.8,
          "Total Cost": 80035.11,
          "Plan Rows": 3,
          "Plan Width": 8,
          "Actual Startup Time": 415.865,
          "Actual Total Time": 437.793,
          "Actual Rows": 4,
          "Actual Loops": 1,
          "Workers Planned": 3,
          "Workers Launched": 3,
          "Single Copy": false,
          "Plans": [
            {
              "Node Type": "Aggregate",
              "Strategy": "Plain",
              "Partial Mode": "Partial",
              "Parent Relationship": "Outer",
              "Parallel Aware": false,
              "Startup Cost": 79034.8,
              "Total Cost": 79034.81,
              "Plan Rows": 1,
              "Plan Width": 8,
              "Actual Startup Time": 396.587,
              "Actual Total Time": 396.591,
              "Actual Rows": 1,
              "Actual Loops": 4,
              "Plans": [
                {
                  "Node Type": "Hash Join",
                  "Parent Relationship": "Outer",
                  "Parallel Aware": true,
                  "Join Type": "Inner",
                  "Startup Cost": 53659.68,
                  "Total Cost": 78904.14,
                  "Plan Rows": 52262,
                  "Plan Width": 0,
                  "Actual Startup Time": 348.033,
                  "Actual Total Time": 394.615,
                  "Actual Rows": 38822,
                  "Actual Loops": 4,
                  "Inner Unique": true,
                  "Hash Cond": "(mk.movie_id = t.id)",
                  "Plans": [
                    {
                      "Node Type": "Bitmap Heap Scan",
                      "Parent Relationship": "Outer",
                      "Parallel Aware": true,
                      "Relation Name": "movie_keyword",
                      "Alias": "mk",
                      "Startup Cost": 3440.03,
                      "Total Cost": 28547.31,
                      "Plan Rows": 52262,
                      "Plan Width": 4,
                      "Actual Startup Time": 12.175,
                      "Actual Total Time": 44.009,
                      "Actual Rows": 38822,
                      "Actual Loops": 4,
                      "Recheck Cond": "(keyword_id > 73287)",
                      "Rows Removed by Index Recheck": 0,
                      "Exact Heap Blocks": 6615,
                      "Lossy Heap Blocks": 0,
                      "Plans": [
                        {
                          "Node Type": "Bitmap Index Scan",
                          "Parent Relationship": "Outer",
                          "Parallel Aware": false,
                          "Index Name": "keyword_id_movie_keyword",
                          "Startup Cost": 0.0,
                          "Total Cost": 3399.53,
                          "Plan Rows": 162013,
                          "Plan Width": 0,
                          "Actual Startup Time": 9.313,
                          "Actual Total Time": 9.314,
                          "Actual Rows": 155289,
                          "Actual Loops": 1,
                          "Index Cond": "(keyword_id > 73287)"
                        }
                      ]
                    },
                    {
                      "Node Type": "Hash",
                      "Parent Relationship": "Inner",
                      "Parallel Aware": true,
                      "Startup Cost": 42318.73,
                      "Total Cost": 42318.73,
                      "Plan Rows": 632073,
                      "Plan Width": 4,
                      "Actual Startup Time": 324.258,
                      "Actual Total Time": 324.259,
                      "Actual Rows": 632078,
                      "Actual Loops": 4,
                      "Hash Buckets": 4194304,
                      "Original Hash Buckets": 4194304,
                      "Hash Batches": 1,
                      "Original Hash Batches": 1,
                      "Peak Memory Usage": 131744,
                      "Plans": [
                        {
                          "Node Type": "Seq Scan",
                          "Parent Relationship": "Outer",
                          "Parallel Aware": true,
                          "Relation Name": "title",
                          "Alias": "t",
                          "Startup Cost": 0.0,
                          "Total Cost": 42318.73,
                          "Plan Rows": 632073,
                          "Plan Width": 4,
                          "Actual Startup Time": 0.04,
                          "Actual Total Time": 95.982,
                          "Actual Rows": 632078,
                          "Actual Loops": 4
                        }
                      ]
                    }
                  ]
                }
              ]
            }
          ]
        }
      ]
    },
    "Planning Time": 0.613,
    "Triggers": [],
    "Execution Time": 437.893
  }
]