[
  {
    "Plan": {
      "Node Type": "Aggregate",
      "Strategy": "Plain",
      "Partial Mode": "Finalize",
      "Parallel Aware": false,
      "Startup Cost": 31083.08,
      "Total Cost": 31083.09,
      "Plan Rows": 1,
      "Plan Width": 8,
      "Actual Startup Time": 123.513,
      "Actual Total Time": 136.483,
      "Actual Rows": 1,
      "Actual Loops": 1,
      "Plans": [
        {
          "Node Type": "Gather",
          "Parent Relationship": "Outer",
          "Parallel Aware": false,
          "Startup Cost": 31082.76,
          "Total Cost": 31083.07,
          "Plan Rows": 3,
          "Plan Width": 8,
          "Actual Startup Time": 123.331,
          "Actual Total Time": 136.472,
          "Actual Rows": 4,
          "Actual Loops": 1,
          "Workers Planned": 3,
          "Workers Launched": 3,
          "Single Copy": false,
          "Plans": [
            {
              "Node Type": "Aggregate",
              "Strategy": "Plain",
              "Partial Mode": "Partial",
              "Parent Relationship": "Outer",
              "Parallel Aware": false,
              "Startup Cost": 30082.76,
              "Total Cost": 30082.77,
              "Plan Rows": 1,
              "Plan Width": 8,
              "Actual Startup Time": 117.161,
              "Actual Total Time": 117.162,
              "Actual Rows": 1,
              "Actual Loops": 4,
              "Plans": [
                {
                  "Node Type": "Seq Scan",
                  "Parent Relationship": "Outer",
                  "Parallel Aware": true,
                  "Relation Name": "movie_companies",
                  "Alias": "mc",
                  "Startup Cost": 0.0,
                  "Total Cost": 29310.68,
                  "Plan Rows": 308832,
                  "Plan Width": 0,
                  "Actual Startup Time": 20.774,
                  "Actual Total Time": 101.31,
                  "Actual Rows": 237343,
                  "Actual Loops": 4,
                  "Filter": "(company_id > 18630)",
                  "Rows Removed by Filter": 414939
                }
              ]
            }
          ]
        }
      ]
    },
    "Planning Time": 0.196,
    "Triggers": [],
    "Execution Time": 136.545
  }
]