{
  "Plan": {
    "Node Type": "Aggregate",
    "Strategy": "Plain",
    "Partial Mode": "Finalize",
    "Parallel Aware": false,
    "Startup Cost": 355429.3,
    "Total Cost": 355429.31,
    "Plan Rows": 1,
    "Plan Width": 8,
    "Actual Startup Time": 533.239,
    "Actual Total Time": 546.526,
    "Actual Rows": 1,
    "Actual Loops": 1,
    "Plans": [
      {
        "Node Type": "Gather",
        "Parent Relationship": "Outer",
        "Parallel Aware": false,
        "Startup Cost": 355429.19,
        "Total Cost": 355429.3,
        "Plan Rows": 1,
        "Plan Width": 8,
        "Actual Startup Time": 532.333,
        "Actual Total Time": 546.517,
        "Actual Rows": 2,
        "Actual Loops": 1,
        "Workers Planned": 1,
        "Workers Launched": 1,
        "Single Copy": false,
        "Plans": [
          {
            "Node Type": "Aggregate",
            "Strategy": "Plain",
            "Partial Mode": "Partial",
            "Parent Relationship": "Outer",
            "Parallel Aware": false,
            "Startup Cost": 354429.19,
            "Total Cost": 354429.2,
            "Plan Rows": 1,
            "Plan Width": 8,
            "Actual Startup Time": 529.064,
            "Actual Total Time": 529.068,
            "Actual Rows": 1,
            "Actual Loops": 2,
            "Plans": [
              {
                "Node Type": "Hash Join",
                "Parent Relationship": "Outer",
                "Parallel Aware": true,
                "Join Type": "Inner",
                "Startup Cost": 89905.74,
                "Total Cost": 354124.72,
                "Plan Rows": 121788,
                "Plan Width": 0,
                "Actual Startup Time": 262.144,
                "Actual Total Time": 518.81,
                "Actual Rows": 179560,
                "Actual Loops": 2,
                "Inner Unique": true,
                "Hash Cond": "(ci.movie_id = t.id)",
                "Plans": [
                  {
                    "Node Type": "Bitmap Heap Scan",
                    "Parent Relationship": "Outer",
                    "Parallel Aware": true,
                    "Relation Name": "cast_info",
                    "Alias": "ci",
                    "Startup Cost": 28629.78,
                    "Total Cost": 290847.35,
                    "Plan Rows": 762445,
                    "Plan Width": 4,
                    "Actual Startup Time": 47.681,
                    "Actual Total Time": 132.274,
                    "Actual Rows": 639806,
                    "Actual Loops": 2,
                    "Recheck Cond": "(person_id > 3814207)",
                    "Rows Removed by Index Recheck": 0,
                    "Exact Heap Blocks": 7622,
                    "Lossy Heap Blocks": 0,
                    "Plans": [
                      {
                        "Node Type": "Bitmap Index Scan",
                        "Parent Relationship": "Outer",
                        "Parallel Aware": false,
                        "Index Name": "person_id_cast_info",
                        "Startup Cost": 0.0,
                        "Total Cost": 28305.74,
                        "Plan Rows": 1296157,
                        "Plan Width": 0,
                        "Actual Startup Time": 44.842,
                        "Actual Total Time": 44.843,
                        "Actual Rows": 1279612,
                        "Actual Loops": 1,
                        "Index Cond": "(person_id > 3814207)"
                      }
                    ]
                  },
                  {
                    "Node Type": "Hash",
                    "Parent Relationship": "Inner",
                    "Parallel Aware": true,
                    "Startup Cost": 58306.47,
                    "Total Cost": 58306.47,
                    "Plan Rows": 237559,
                    "Plan Width": 4,
                    "Actual Startup Time": 211.753,
                    "Actual Total Time": 211.753,
                    "Actual Rows": 217109,
                    "Actual Loops": 2,
                    "Hash Buckets": 524288,
                    "Original Hash Buckets": 524288,
                    "Hash Batches": 1,
                    "Original Hash Batches": 1,
                    "Peak Memory Usage": 21120,
                    "Plans": [
                      {
                        "Node Type": "Seq Scan",
                        "Parent Relationship": "Outer",
                        "Parallel Aware": true,
                        "Relation Name": "title",
                        "Alias": "t",
                        "Startup Cost": 0.0,
                        "Total Cost": 58306.47,
                        "Plan Rows": 237559,
                        "Plan Width": 4,
                        "Actual Startup Time": 0.018,
                        "Actual Total Time": 157.048,
                        "Actual Rows": 217109,
                        "Actual Loops": 2,
                        "Filter": "((production_year > 2008) AND (kind_id = 7))",
                        "Rows Removed by Filter": 1047047
                      }
                    ]
                  }
                ]
              }
            ]
          }
        ]
      }
    ]
  },
  "Planning Time": 0.236,
  "Triggers": [],
  "Execution Time": 546.581
}