[
  {
    "Plan": {
      "Node Type": "Aggregate",
      "Strategy": "Plain",
      "Partial Mode": "Finalize",
      "Parallel Aware": false,
      "Startup Cost": 97489.28,
      "Total Cost": 97489.29,
      "Plan Rows": 1,
      "Plan Width": 8,
      "Actual Startup Time": 215.485,
      "Actual Total Time": 240.452,
      "Actual Rows": 1,
      "Actual Loops": 1,
      "Plans": [
        {
          "Node Type": "Gather",
          "Parent Relationship": "Outer",
          "Parallel Aware": false,
          "Startup Cost": 97488.96,
          "Total Cost": 97489.27,
          "Plan Rows": 3,
          "Plan Width": 8,
          "Actual Startup Time": 214.593,
          "Actual Total Time": 240.441,
          "Actual Rows": 4,
          "Actual Loops": 1,
          "Workers Planned": 3,
          "Workers Launched": 3,
          "Single Copy": false,
          "Plans": [
            {
              "Node Type": "Aggregate",
              "Strategy": "Plain",
              "Partial Mode": "Partial",
              "Parent Relationship": "Outer",
              "Parallel Aware": false,
              "Startup Cost": 96488.96,
              "Total Cost": 96488.97,
              "Plan Rows": 1,
              "Plan Width": 8,
              "Actual Startup Time": 204.831,
              "Actual Total Time": 204.836,
              "Actual Rows": 1,
              "Actual Loops": 4,
              "Plans": [
                {
                  "Node Type": "Nested Loop",
                  "Parent Relationship": "Outer",
                  "Parallel Aware": false,
                  "Join Type": "Inner",
                  "Startup Cost": 48389.4,
                  "Total Cost": 96480.62,
                  "Plan Rows": 3336,
                  "Plan Width": 0,
                  "Actual Startup Time": 130.162,
                  "Actual Total Time": 204.401,
                  "Actual Rows": 7603,
                  "Actual Loops": 4,
                  "Inner Unique": false,
                  "Join Filter": "(t.id = mi.movie_id)",
                  "Rows Removed by Join Filter": 0,
                  "Plans": [
                    {
                      "Node Type": "Hash Join",
                      "Parent Relationship": "Outer",
                      "Parallel Aware": true,
                      "Join Type": "Inner",
                      "Startup Cost": 48388.97,
                      "Total Cost": 73760.26,
                      "Plan Rows": 3839,
                      "Plan Width": 8,
                      "Actual Startup Time": 129.882,
                      "Actual Total Time": 172.111,
                      "Actual Rows": 770,
                      "Actual Loops": 4,
                      "Inner Unique": true,
                      "Hash Cond": "(mk.movie_id = t.id)",
                      "Plans": [
                        {
                          "Node Type": "Bitmap Heap Scan",
                          "Parent Relationship": "Outer",
                          "Parallel Aware": true,
                          "Relation Name": "movie_keyword",
                          "Alias": "mk",
                          "Startup Cost": 3989.49,
                          "Total Cost": 29201.59,
                          "Plan Rows": 60648,
                          "Plan Width": 4,
                          "Actual Startup Time": 15.214,
                          "Actual Total Time": 46.454,
                          "Actual Rows": 47194,
                          "Actual Loops": 4,
                          "Recheck Cond": "(keyword_id < 137)",
                          "Rows Removed by Index Recheck": 0,
                          "Exact Heap Blocks": 10634,
                          "Lossy Heap Blocks": 0,
                          "Plans": [
                            {
                              "Node Type": "Bitmap Index Scan",
                              "Parent Relationship": "Outer",
                              "Parallel Aware": false,
                              "Index Name": "keyword_id_movie_keyword",
                              "Startup Cost": 0.0,
                              "Total Cost": 3942.49,
                              "Plan Rows": 188008,
                              "Plan Width": 0,
                              "Actual Startup Time": 11.748,
                              "Actual Total Time": 11.749,
                              "Actual Rows": 188777,
                              "Actual Loops": 1,
                              "Index Cond": "(keyword_id < 137)"
                            }
                          ]
                        },
                        {
                          "Node Type": "Hash",
                          "Parent Relationship": "Inner",
                          "Parallel Aware": true,
                          "Startup Cost": 43899.32,
                          "Total Cost": 43899.32,
                          "Plan Rows": 40012,
                          "Plan Width": 4,
                          "Actual Startup Time": 112.342,
                          "Actual Total Time": 112.343,
                          "Actual Rows": 41077,
                          "Actual Loops": 4,
                          "Hash Buckets": 262144,
                          "Original Hash Buckets": 262144,
                          "Hash Batches": 1,
                          "Original Hash Batches": 1,
                          "Peak Memory Usage": 8576,
                          "Plans": [
                            {
                              "Node Type": "Seq Scan",
                              "Parent Relationship": "Outer",
                              "Parallel Aware": true,
                              "Relation Name": "title",
                              "Alias": "t",
                              "Startup Cost": 0.0,
                              "Total Cost": 43899.32,
                              "Plan Rows": 40012,
                              "Plan Width": 4,
                              "Actual Startup Time": 0.044,
                              "Actual Total Time": 96.541,
                              "Actual Rows": 41077,
                              "Actual Loops": 4,
                              "Filter": "(production_year = 2012)",
                              "Rows Removed by Filter": 591001
                            }
                          ]
                        }
                      ]
                    },
                    {
                      "Node Type": "Index Scan",
                      "Parent Relationship": "Inner",
                      "Parallel Aware": false,
                      "Scan Direction": "Forward",
                      "Index Name": "movie_id_movie_info",
                      "Relation Name": "movie_info",
                      "Alias": "mi",
                      "Startup Cost": 0.43,
                      "Total Cost": 5.84,
                      "Plan Rows": 6,
                      "Plan Width": 4,
                      "Actual Startup Time": 0.02,
                      "Actual Total Time": 0.041,
                      "Actual Rows": 10,
                      "Actual Loops": 3082,
                      "Index Cond": "(movie_id = mk.movie_id)",
                      "Rows Removed by Index Recheck": 0,
                      "Filter": "(info_type_id > 16)",
                      "Rows Removed by Filter": 22
                    }
                  ]
                }
              ]
            }
          ]
        }
      ]
    },
    "Planning Time": 1.515,
    "Triggers": [],
    "Execution Time": 240.582
  }
]