[
  {
    "Plan": {
      "Node Type": "Aggregate",
      "Strategy": "Plain",
      "Partial Mode": "Finalize",
      "Parallel Aware": false,
      "Startup Cost": 259452.2,
      "Total Cost": 259452.21,
      "Plan Rows": 1,
      "Plan Width": 8,
      "Actual Startup Time": 548.34,
      "Actual Total Time": 561.777,
      "Actual Rows": 1,
      "Actual Loops": 1,
      "Plans": [
        {
          "Node Type": "Gather",
          "Parent Relationship": "Outer",
          "Parallel Aware": false,
          "Startup Cost": 259451.68,
          "Total Cost": 259452.19,
          "Plan Rows": 5,
          "Plan Width": 8,
          "Actual Startup Time": 539.695,
          "Actual Total Time": 561.762,
          "Actual Rows": 6,
          "Actual Loops": 1,
          "Workers Planned": 5,
          "Workers Launched": 5,
          "Single Copy": false,
          "Plans": [
            {
              "Node Type": "Aggregate",
              "Strategy": "Plain",
              "Partial Mode": "Partial",
              "Parent Relationship": "Outer",
              "Parallel Aware": false,
              "Startup Cost": 258451.68,
              "Total Cost": 258451.69,
              "Plan Rows": 1,
              "Plan Width": 8,
              "Actual Startup Time": 529.101,
              "Actual Total Time": 529.347,
              "Actual Rows": 1,
              "Actual Loops": 6,
              "Plans": [
                {
                  "Node Type": "Hash Join",
                  "Parent Relationship": "Outer",
                  "Parallel Aware": true,
                  "Join Type": "Inner",
                  "Startup Cost": 91784.14,
                  "Total Cost": 258217.3,
                  "Plan Rows": 93753,
                  "Plan Width": 0,
                  "Actual Startup Time": 413.499,
                  "Actual Total Time": 521.83,
                  "Actual Rows": 142460,
                  "Actual Loops": 6,
                  "Inner Unique": false,
                  "Hash Cond": "(mi.movie_id = t.id)",
                  "Plans": [
                    {
                      "Node Type": "Bitmap Heap Scan",
                      "Parent Relationship": "Outer",
                      "Parallel Aware": true,
                      "Relation Name": "movie_info",
                      "Alias": "mi",
                      "Startup Cost": 23385.59,
                      "Total Cost": 188613.81,
                      "Plan Rows": 258817,
                      "Plan Width": 4,
                      "Actual Startup Time": 41.364,
                      "Actual Total Time": 71.117,
                      "Actual Rows": 216498,
                      "Actual Loops": 6,
                      "Recheck Cond": "(info_type_id = 4)",
                      "Rows Removed by Index Recheck": 0,
                      "Exact Heap Blocks": 1352,
                      "Lossy Heap Blocks": 0,
                      "Plans": [
                        {
                          "Node Type": "Bitmap Index Scan",
                          "Parent Relationship": "Outer",
                          "Parallel Aware": false,
                          "Index Name": "info_type_id_movie_info",
                          "Startup Cost": 0.0,
                          "Total Cost": 23062.07,
                          "Plan Rows": 1294085,
                          "Plan Width": 0,
                          "Actual Startup Time": 40.008,
                          "Actual Total Time": 40.008,
                          "Actual Rows": 1298989,
                          "Actual Loops": 1,
                          "Index Cond": "(info_type_id = 4)"
                        }
                      ]
                    },
                    {
                      "Node Type": "Hash",
                      "Parent Relationship": "Inner",
                      "Parallel Aware": true,
                      "Startup Cost": 65536.41,
                      "Total Cost": 65536.41,
                      "Plan Rows": 228971,
                      "Plan Width": 8,
                      "Actual Startup Time": 366.489,
                      "Actual Total Time": 366.733,
                      "Actual Rows": 153308,
                      "Actual Loops": 6,
                      "Hash Buckets": 1048576,
                      "Original Hash Buckets": 1048576,
                      "Hash Batches": 1,
                      "Original Hash Batches": 1,
                      "Peak Memory Usage": 44256,
                      "Plans": [
                        {
                          "Node Type": "Hash Join",
                          "Parent Relationship": "Outer",
                          "Parallel Aware": true,
                          "Join Type": "Inner",
                          "Startup Cost": 19892.91,
                          "Total Cost": 65536.41,
                          "Plan Rows": 228971,
                          "Plan Width": 8,
                          "Actual Startup Time": 108.108,
                          "Actual Total Time": 309.731,
                          "Actual Rows": 153308,
                          "Actual Loops": 6,
                          "Inner Unique": false,
                          "Hash Cond": "(t.id = mi_idx.movie_id)",
                          "Plans": [
                            {
                              "Node Type": "Seq Scan",
                              "Parent Relationship": "Outer",
                              "Parallel Aware": true,
                              "Relation Name": "title",
                              "Alias": "t",
                              "Startup Cost": 0.0,
                              "Total Cost": 42319.06,
                              "Plan Rows": 632106,
                              "Plan Width": 4,
                              "Actual Startup Time": 0.014,
                              "Actual Total Time": 61.435,
                              "Actual Rows": 421385,
                              "Actual Loops": 6
                            },
                            {
                              "Node Type": "Hash",
                              "Parent Relationship": "Inner",
                              "Parallel Aware": true,
                              "Startup Cost": 15122.68,
                              "Total Cost": 15122.68,
                              "Plan Rows": 381618,
                              "Plan Width": 4,
                              "Actual Startup Time": 106.253,
                              "Actual Total Time": 106.254,
                              "Actual Rows": 153308,
                              "Actual Loops": 6,
                              "Hash Buckets": 1048576,
                              "Original Hash Buckets": 1048576,
                              "Hash Batches": 1,
                              "Original Hash Batches": 1,
                              "Peak Memory Usage": 44256,
                              "Plans": [
                                {
                                  "Node Type": "Seq Scan",
                                  "Parent Relationship": "Outer",
                                  "Parallel Aware": true,
                                  "Relation Name": "movie_info_idx",
                                  "Alias": "mi_idx",
                                  "Startup Cost": 0.0,
                                  "Total Cost": 15122.68,
                                  "Plan Rows": 381618,
                                  "Plan Width": 4,
                                  "Actual Startup Time": 0.077,
                                  "Actual Total Time": 40.869,
                                  "Actual Rows": 153308,
                                  "Actual Loops": 6,
                                  "Filter": "(info_type_id < 101)",
                                  "Rows Removed by Filter": 76698
                                }
                              ]
                            }
                          ]
                        }
                      ]
                    }
                  ]
                }
              ]
            }
          ]
        }
      ]
    },
    "Planning Time": 1.181,
    "Triggers": [],
    "Execution Time": 561.955
  }
]