[
  {
    "Plan": {
      "Node Type": "Aggregate",
      "Strategy": "Plain",
      "Partial Mode": "Finalize",
      "Parallel Aware": false,
      "Startup Cost": 191121.38,
      "Total Cost": 191121.39,
      "Plan Rows": 1,
      "Plan Width": 8,
      "Actual Startup Time": 178.368,
      "Actual Total Time": 212.534,
      "Actual Rows": 1,
      "Actual Loops": 1,
      "Plans": [
        {
          "Node Type": "Gather",
          "Parent Relationship": "Outer",
          "Parallel Aware": false,
          "Startup Cost": 191120.96,
          "Total Cost": 191121.37,
          "Plan Rows": 4,
          "Plan Width": 8,
          "Actual Startup Time": 178.086,
          "Actual Total Time": 212.523,
          "Actual Rows": 5,
          "Actual Loops": 1,
          "Workers Planned": 4,
          "Workers Launched": 4,
          "Single Copy": false,
          "Plans": [
            {
              "Node Type": "Aggregate",
              "Strategy": "Plain",
              "Partial Mode": "Partial",
              "Parent Relationship": "Outer",
              "Parallel Aware": false,
              "Startup Cost": 190120.96,
              "Total Cost": 190120.97,
              "Plan Rows": 1,
              "Plan Width": 8,
              "Actual Startup Time": 173.352,
              "Actual Total Time": 173.354,
              "Actual Rows": 1,
              "Actual Loops": 5,
              "Plans": [
                {
                  "Node Type": "Nested Loop",
                  "Parent Relationship": "Outer",
                  "Parallel Aware": false,
                  "Join Type": "Inner",
                  "Startup Cost": 0.56,
                  "Total Cost": 190108.35,
                  "Plan Rows": 5044,
                  "Plan Width": 0,
                  "Actual Startup Time": 0.509,
                  "Actual Total Time": 172.587,
                  "Actual Rows": 7128,
                  "Actual Loops": 5,
                  "Inner Unique": false,
                  "Plans": [
                    {
                      "Node Type": "Seq Scan",
                      "Parent Relationship": "Outer",
                      "Parallel Aware": true,
                      "Relation Name": "title",
                      "Alias": "t",
                      "Startup Cost": 0.0,
                      "Total Cost": 45479.59,
                      "Plan Rows": 1348,
                      "Plan Width": 4,
                      "Actual Startup Time": 0.197,
                      "Actual Total Time": 72.431,
                      "Actual Rows": 1330,
                      "Actual Loops": 5,
                      "Filter": "((kind_id < 7) AND (production_year = 1981))",
                      "Rows Removed by Filter": 504332
                    },
                    {
                      "Node Type": "Index Scan",
                      "Parent Relationship": "Inner",
                      "Parallel Aware": false,
                      "Scan Direction": "Forward",
                      "Index Name": "movie_id_cast_info",
                      "Relation Name": "cast_info",
                      "Alias": "ci",
                      "Startup Cost": 0.56,
                      "Total Cost": 107.2,
                      "Plan Rows": 9,
                      "Plan Width": 4,
                      "Actual Startup Time": 0.047,
                      "Actual Total Time": 0.074,
                      "Actual Rows": 5,
                      "Actual Loops": 6650,
                      "Index Cond": "(movie_id = t.id)",
                      "Rows Removed by Index Recheck": 0,
                      "Filter": "((person_id > 2233822) AND (role_id > 1))",
                      "Rows Removed by Filter": 11
                    }
                  ]
                }
              ]
            }
          ]
        }
      ]
    },
    "Planning Time": 0.261,
    "Triggers": [],
    "Execution Time": 212.606
  }
]