[
  {
    "Plan": {
      "Node Type": "Aggregate",
      "Strategy": "Plain",
      "Partial Mode": "Finalize",
      "Parallel Aware": false,
      "Startup Cost": 200691.04,
      "Total Cost": 200691.05,
      "Plan Rows": 1,
      "Plan Width": 8,
      "Actual Startup Time": 189.494,
      "Actual Total Time": 221.346,
      "Actual Rows": 1,
      "Actual Loops": 1,
      "Plans": [
        {
          "Node Type": "Gather",
          "Parent Relationship": "Outer",
          "Parallel Aware": false,
          "Startup Cost": 200690.62,
          "Total Cost": 200691.03,
          "Plan Rows": 4,
          "Plan Width": 8,
          "Actual Startup Time": 189.375,
          "Actual Total Time": 221.336,
          "Actual Rows": 5,
          "Actual Loops": 1,
          "Workers Planned": 4,
          "Workers Launched": 4,
          "Single Copy": false,
          "Plans": [
            {
              "Node Type": "Aggregate",
              "Strategy": "Plain",
              "Partial Mode": "Partial",
              "Parent Relationship": "Outer",
              "Parallel Aware": false,
              "Startup Cost": 199690.62,
              "Total Cost": 199690.63,
              "Plan Rows": 1,
              "Plan Width": 8,
              "Actual Startup Time": 179.249,
              "Actual Total Time": 179.25,
              "Actual Rows": 1,
              "Actual Loops": 5,
              "Plans": [
                {
                  "Node Type": "Nested Loop",
                  "Parent Relationship": "Outer",
                  "Parallel Aware": false,
                  "Join Type": "Inner",
                  "Startup Cost": 0.56,
                  "Total Cost": 199677.63,
                  "Plan Rows": 5193,
                  "Plan Width": 0,
                  "Actual Startup Time": 1.836,
                  "Actual Total Time": 178.46,
                  "Actual Rows": 7128,
                  "Actual Loops": 5,
                  "Inner Unique": false,
                  "Plans": [
                    {
                      "Node Type": "Seq Scan",
                      "Parent Relationship": "Outer",
                      "Parallel Aware": true,
                      "Relation Name": "title",
                      "Alias": "t",
                      "Startup Cost": 0.0,
                      "Total Cost": 45479.1,
                      "Plan Rows": 1396,
                      "Plan Width": 4,
                      "Actual Startup Time": 1.003,
                      "Actual Total Time": 78.995,
                      "Actual Rows": 1330,
                      "Actual Loops": 5,
                      "Filter": "((kind_id < 7) AND (production_year = 1981))",
                      "Rows Removed by Filter": 504332
                    },
                    {
                      "Node Type": "Index Scan",
                      "Parent Relationship": "Inner",
                      "Parallel Aware": false,
                      "Scan Direction": "Forward",
                      "Index Name": "movie_id_cast_info",
                      "Relation Name": "cast_info",
                      "Alias": "ci",
                      "Startup Cost": 0.56,
                      "Total Cost": 110.36,
                      "Plan Rows": 10,
                      "Plan Width": 4,
                      "Actual Startup Time": 0.047,
                      "Actual Total Time": 0.074,
                      "Actual Rows": 5,
                      "Actual Loops": 6650,
                      "Index Cond": "(movie_id = t.id)",
                      "Rows Removed by Index Recheck": 0,
                      "Filter": "((person_id > 2233822) AND (role_id > 1))",
                      "Rows Removed by Filter": 11
                    }
                  ]
                }
              ]
            }
          ]
        }
      ]
    },
    "Planning Time": 0.709,
    "Triggers": [],
    "Execution Time": 221.429
  }
]