{
    "Plan": {
        "Node Type": "Aggregate",
        "Strategy": "Plain",
        "Partial Mode": "Simple",
        "Parallel Aware": false,
        "Startup Cost": 50003475995.88,
        "Total Cost": 50003475995.89,
        "Plan Rows": 1,
        "Plan Width": 64,
        "Actual Startup Time": 10314.077,
        "Actual Total Time": 10320.741,
        "Actual Rows": 1,
        "Actual Loops": 1,
        "Output": [
            "min(n.name)",
            "min(t.title)"
        ],
        "Plans": [
            {
                "Node Type": "Nested Loop",
                "Parent Relationship": "Outer",
                "Parallel Aware": false,
                "Join Type": "Inner",
                "Startup Cost": 50003396357.02,
                "Total Cost": 50003475995.88,
                "Plan Rows": 1,
                "Plan Width": 32,
                "Actual Startup Time": 9859.534,
                "Actual Total Time": 10320.635,
                "Actual Rows": 293,
                "Actual Loops": 1,
                "Output": [
                    "n.name",
                    "t.title"
                ],
                "Inner Unique": true,
                "Plans": [
                    {
                        "Node Type": "Nested Loop",
                        "Parent Relationship": "Outer",
                        "Parallel Aware": false,
                        "Join Type": "Inner",
                        "Startup Cost": 40003396356.87,
                        "Total Cost": 40003475987.7,
                        "Plan Rows": 1,
                        "Plan Width": 36,
                        "Actual Startup Time": 9859.519,
                        "Actual Total Time": 10319.336,
                        "Actual Rows": 293,
                        "Actual Loops": 1,
                        "Output": [
                            "mi.info_type_id",
                            "n.name",
                            "t.title"
                        ],
                        "Inner Unique": false,
                        "Join Filter": "(t.id = mi.movie_id)",
                        "Rows Removed by Join Filter": 0,
                        "Plans": [
                            {
                                "Node Type": "Hash Join",
                                "Parent Relationship": "Outer",
                                "Parallel Aware": false,
                                "Join Type": "Inner",
                                "Startup Cost": 30003396356.07,
                                "Total Cost": 30003475982.2,
                                "Plan Rows": 1,
                                "Plan Width": 44,
                                "Actual Startup Time": 9859.449,
                                "Actual Total Time": 10315.434,
                                "Actual Rows": 155,
                                "Actual Loops": 1,
                                "Output": [
                                    "ci.movie_id",
                                    "mc.movie_id",
                                    "n.name",
                                    "t.title",
                                    "t.id"
                                ],
                                "Inner Unique": false,
                                "Hash Cond": "(chn.id = ci.person_role_id)",
                                "Plans": [
                                    {
                                        "Node Type": "Seq Scan",
                                        "Parent Relationship": "Outer",
                                        "Parallel Aware": false,
                                        "Relation Name": "char_name",
                                        "Schema": "public",
                                        "Alias": "chn",
                                        "Startup Cost": 0.0,
                                        "Total Cost": 67850.27,
                                        "Plan Rows": 3140227,
                                        "Plan Width": 4,
                                        "Actual Startup Time": 0.035,
                                        "Actual Total Time": 272.89,
                                        "Actual Rows": 3140339,
                                        "Actual Loops": 1,
                                        "Output": [
                                            "chn.id",
                                            "chn.name",
                                            "chn.imdb_index",
                                            "chn.imdb_id",
                                            "chn.name_pcode_nf",
                                            "chn.surname_pcode",
                                            "chn.md5sum"
                                        ]
                                    },
                                    {
                                        "Node Type": "Hash",
                                        "Parent Relationship": "Inner",
                                        "Parallel Aware": false,
                                        "Startup Cost": 30003396356.06,
                                        "Total Cost": 30003396356.06,
                                        "Plan Rows": 1,
                                        "Plan Width": 48,
                                        "Actual Startup Time": 9858.753,
                                        "Actual Total Time": 9865.412,
                                        "Actual Rows": 155,
                                        "Actual Loops": 1,
                                        "Output": [
                                            "ci.movie_id",
                                            "ci.person_role_id",
                                            "mc.movie_id",
                                            "n.name",
                                            "t.title",
                                            "t.id"
                                        ],
                                        "Hash Buckets": 1024,
                                        "Original Hash Buckets": 1024,
                                        "Hash Batches": 1,
                                        "Original Hash Batches": 1,
                                        "Peak Memory Usage": 22,
                                        "Plans": [
                                            {
                                                "Node Type": "Hash Join",
                                                "Parent Relationship": "Outer",
                                                "Parallel Aware": false,
                                                "Join Type": "Inner",
                                                "Startup Cost": 30003372566.58,
                                                "Total Cost": 30003396356.06,
                                                "Plan Rows": 1,
                                                "Plan Width": 48,
                                                "Actual Startup Time": 9735.737,
                                                "Actual Total Time": 9865.357,
                                                "Actual Rows": 155,
                                                "Actual Loops": 1,
                                                "Output": [
                                                    "ci.movie_id",
                                                    "ci.person_role_id",
                                                    "mc.movie_id",
                                                    "n.name",
                                                    "t.title",
                                                    "t.id"
                                                ],
                                                "Inner Unique": true,
                                                "Hash Cond": "(mc.movie_id = t.id)",
                                                "Plans": [
                                                    {
                                                        "Node Type": "Hash Join",
                                                        "Parent Relationship": "Outer",
                                                        "Parallel Aware": false,
                                                        "Join Type": "Inner",
                                                        "Startup Cost": 30003239352.42,
                                                        "Total Cost": 30003263141.9,
                                                        "Plan Rows": 2,
                                                        "Plan Width": 27,
                                                        "Actual Startup Time": 8440.646,
                                                        "Actual Total Time": 8575.033,
                                                        "Actual Rows": 255,
                                                        "Actual Loops": 1,
                                                        "Output": [
                                                            "ci.movie_id",
                                                            "ci.person_role_id",
                                                            "mc.movie_id",
                                                            "n.name"
                                                        ],
                                                        "Inner Unique": false,
                                                        "Hash Cond": "(an.person_id = n.id)",
                                                        "Plans": [
                                                            {
                                                                "Node Type": "Seq Scan",
                                                                "Parent Relationship": "Outer",
                                                                "Parallel Aware": false,
                                                                "Relation Name": "aka_name",
                                                                "Schema": "public",
                                                                "Alias": "an",
                                                                "Startup Cost": 10000000000.0,
                                                                "Total Cost": 10000020409.43,
                                                                "Plan Rows": 901343,
                                                                "Plan Width": 4,
                                                                "Actual Startup Time": 0.016,
                                                                "Actual Total Time": 81.793,
                                                                "Actual Rows": 901343,
                                                                "Actual Loops": 1,
                                                                "Output": [
                                                                    "an.id",
                                                                    "an.person_id",
                                                                    "an.name",
                                                                    "an.imdb_index",
                                                                    "an.name_pcode_cf",
                                                                    "an.name_pcode_nf",
                                                                    "an.surname_pcode",
                                                                    "an.md5sum"
                                                                ]
                                                            },
                                                            {
                                                                "Node Type": "Hash",
                                                                "Parent Relationship": "Inner",
                                                                "Parallel Aware": false,
                                                                "Startup Cost": 20003239352.41,
                                                                "Total Cost": 20003239352.41,
                                                                "Plan Rows": 1,
                                                                "Plan Width": 35,
                                                                "Actual Startup Time": 8433.862,
                                                                "Actual Total Time": 8440.516,
                                                                "Actual Rows": 143,
                                                                "Actual Loops": 1,
                                                                "Output": [
                                                                    "ci.movie_id",
                                                                    "ci.person_id",
                                                                    "ci.person_role_id",
                                                                    "mc.movie_id",
                                                                    "n.name",
                                                                    "n.id"
                                                                ],
                                                                "Hash Buckets": 1024,
                                                                "Original Hash Buckets": 1024,
                                                                "Hash Batches": 1,
                                                                "Original Hash Batches": 1,
                                                                "Peak Memory Usage": 19,
                                                                "Plans": [
                                                                    {
                                                                        "Node Type": "Hash Join",
                                                                        "Parent Relationship": "Outer",
                                                                        "Parallel Aware": false,
                                                                        "Join Type": "Inner",
                                                                        "Startup Cost": 20003239351.24,
                                                                        "Total Cost": 20003239352.41,
                                                                        "Plan Rows": 1,
                                                                        "Plan Width": 35,
                                                                        "Actual Startup Time": 8433.816,
                                                                        "Actual Total Time": 8440.491,
                                                                        "Actual Rows": 143,
                                                                        "Actual Loops": 1,
                                                                        "Output": [
                                                                            "ci.movie_id",
                                                                            "ci.person_id",
                                                                            "ci.person_role_id",
                                                                            "mc.movie_id",
                                                                            "n.name",
                                                                            "n.id"
                                                                        ],
                                                                        "Inner Unique": false,
                                                                        "Hash Cond": "(rt.id = ci.role_id)",
                                                                        "Plans": [
                                                                            {
                                                                                "Node Type": "Seq Scan",
                                                                                "Parent Relationship": "Outer",
                                                                                "Parallel Aware": false,
                                                                                "Relation Name": "role_type",
                                                                                "Schema": "public",
                                                                                "Alias": "rt",
                                                                                "Startup Cost": 10000000000.0,
                                                                                "Total Cost": 10000000001.15,
                                                                                "Plan Rows": 1,
                                                                                "Plan Width": 4,
                                                                                "Actual Startup Time": 0.009,
                                                                                "Actual Total Time": 0.014,
                                                                                "Actual Rows": 1,
                                                                                "Actual Loops": 1,
                                                                                "Output": [
                                                                                    "rt.id",
                                                                                    "rt.role"
                                                                                ],
                                                                                "Filter": "((rt.role)::text = 'actress'::text)",
                                                                                "Rows Removed by Filter": 11
                                                                            },
                                                                            {
                                                                                "Node Type": "Hash",
                                                                                "Parent Relationship": "Inner",
                                                                                "Parallel Aware": false,
                                                                                "Startup Cost": 10003239351.14,
                                                                                "Total Cost": 10003239351.14,
                                                                                "Plan Rows": 8,
                                                                                "Plan Width": 39,
                                                                                "Actual Startup Time": 8433.801,
                                                                                "Actual Total Time": 8440.453,
                                                                                "Actual Rows": 277,
                                                                                "Actual Loops": 1,
                                                                                "Output": [
                                                                                    "ci.movie_id",
                                                                                    "ci.person_id",
                                                                                    "ci.role_id",
                                                                                    "ci.person_role_id",
                                                                                    "mc.movie_id",
                                                                                    "n.name",
                                                                                    "n.id"
                                                                                ],
                                                                                "Hash Buckets": 1024,
                                                                                "Original Hash Buckets": 1024,
                                                                                "Hash Batches": 1,
                                                                                "Original Hash Batches": 1,
                                                                                "Peak Memory Usage": 28,
                                                                                "Plans": [
                                                                                    {
                                                                                        "Node Type": "Hash Join",
                                                                                        "Parent Relationship": "Outer",
                                                                                        "Parallel Aware": false,
                                                                                        "Join Type": "Inner",
                                                                                        "Startup Cost": 10003087039.53,
                                                                                        "Total Cost": 10003239351.14,
                                                                                        "Plan Rows": 8,
                                                                                        "Plan Width": 39,
                                                                                        "Actual Startup Time": 8433.162,
                                                                                        "Actual Total Time": 8440.405,
                                                                                        "Actual Rows": 277,
                                                                                        "Actual Loops": 1,
                                                                                        "Output": [
                                                                                            "ci.movie_id",
                                                                                            "ci.person_id",
                                                                                            "ci.role_id",
                                                                                            "ci.person_role_id",
                                                                                            "mc.movie_id",
                                                                                            "n.name",
                                                                                            "n.id"
                                                                                        ],
                                                                                        "Inner Unique": false,
                                                                                        "Hash Cond": "(n.id = ci.person_id)",
                                                                                        "Plans": [
                                                                                            {
                                                                                                "Node Type": "Gather Merge",
                                                                                                "Parent Relationship": "Outer",
                                                                                                "Parallel Aware": false,
                                                                                                "Startup Cost": 1000.49,
                                                                                                "Total Cost": 153137.88,
                                                                                                "Plan Rows": 94,
                                                                                                "Plan Width": 19,
                                                                                                "Actual Startup Time": 239.388,
                                                                                                "Actual Total Time": 239.83,
                                                                                                "Actual Rows": 1361,
                                                                                                "Actual Loops": 1,
                                                                                                "Output": [
                                                                                                    "n.name",
                                                                                                    "n.id"
                                                                                                ],
                                                                                                "Workers Planned": 4,
                                                                                                "Workers Launched": 4,
                                                                                                "Plans": [
                                                                                                    {
                                                                                                        "Node Type": "Index Scan",
                                                                                                        "Parent Relationship": "Outer",
                                                                                                        "Parallel Aware": true,
                                                                                                        "Scan Direction": "Forward",
                                                                                                        "Index Name": "name_pkey",
                                                                                                        "Relation Name": "name",
                                                                                                        "Schema": "public",
                                                                                                        "Alias": "n",
                                                                                                        "Startup Cost": 0.43,
                                                                                                        "Total Cost": 152126.62,
                                                                                                        "Plan Rows": 24,
                                                                                                        "Plan Width": 19,
                                                                                                        "Actual Startup Time": 229.437,
                                                                                                        "Actual Total Time": 542.555,
                                                                                                        "Actual Rows": 272,
                                                                                                        "Actual Loops": 5,
                                                                                                        "Output": [
                                                                                                            "n.name",
                                                                                                            "n.id"
                                                                                                        ],
                                                                                                        "Filter": "((n.name ~~ '%Kimberly%'::text) AND ((n.gender)::text = 'f'::text))",
                                                                                                        "Rows Removed by Filter": 833226,
                                                                                                        "Workers": [
                                                                                                            {
                                                                                                                "Worker Number": 0,
                                                                                                                "Actual Startup Time": 226.733,
                                                                                                                "Actual Total Time": 618.385,
                                                                                                                "Actual Rows": 325,
                                                                                                                "Actual Loops": 1
                                                                                                            },
                                                                                                            {
                                                                                                                "Worker Number": 1,
                                                                                                                "Actual Startup Time": 226.729,
                                                                                                                "Actual Total Time": 618.664,
                                                                                                                "Actual Rows": 296,
                                                                                                                "Actual Loops": 1
                                                                                                            },
                                                                                                            {
                                                                                                                "Worker Number": 2,
                                                                                                                "Actual Startup Time": 228.497,
                                                                                                                "Actual Total Time": 618.936,
                                                                                                                "Actual Rows": 413,
                                                                                                                "Actual Loops": 1
                                                                                                            },
                                                                                                            {
                                                                                                                "Worker Number": 3,
                                                                                                                "Actual Startup Time": 227.696,
                                                                                                                "Actual Total Time": 619.172,
                                                                                                                "Actual Rows": 326,
                                                                                                                "Actual Loops": 1
                                                                                                            }
                                                                                                        ]
                                                                                                    }
                                                                                                ]
                                                                                            },
                                                                                            {
                                                                                                "Node Type": "Hash",
                                                                                                "Parent Relationship": "Inner",
                                                                                                "Parallel Aware": false,
                                                                                                "Startup Cost": 10003081742.32,
                                                                                                "Total Cost": 10003081742.32,
                                                                                                "Plan Rows": 343738,
                                                                                                "Plan Width": 20,
                                                                                                "Actual Startup Time": 8193.147,
                                                                                                "Actual Total Time": 8199.686,
                                                                                                "Actual Rows": 1135451,
                                                                                                "Actual Loops": 1,
                                                                                                "Output": [
                                                                                                    "ci.movie_id",
                                                                                                    "ci.person_id",
                                                                                                    "ci.role_id",
                                                                                                    "ci.person_role_id",
                                                                                                    "mc.movie_id"
                                                                                                ],
                                                                                                "Hash Buckets": 2097152,
                                                                                                "Original Hash Buckets": 524288,
                                                                                                "Hash Batches": 1,
                                                                                                "Original Hash Batches": 1,
                                                                                                "Peak Memory Usage": 70414,
                                                                                                "Plans": [
                                                                                                    {
                                                                                                        "Node Type": "Merge Join",
                                                                                                        "Parent Relationship": "Outer",
                                                                                                        "Parallel Aware": false,
                                                                                                        "Join Type": "Inner",
                                                                                                        "Startup Cost": 10003061156.14,
                                                                                                        "Total Cost": 10003081742.32,
                                                                                                        "Plan Rows": 343738,
                                                                                                        "Plan Width": 20,
                                                                                                        "Actual Startup Time": 7238.119,
                                                                                                        "Actual Total Time": 8015.143,
                                                                                                        "Actual Rows": 1135451,
                                                                                                        "Actual Loops": 1,
                                                                                                        "Output": [
                                                                                                            "ci.movie_id",
                                                                                                            "ci.person_id",
                                                                                                            "ci.role_id",
                                                                                                            "ci.person_role_id",
                                                                                                            "mc.movie_id"
                                                                                                        ],
                                                                                                        "Inner Unique": false,
                                                                                                        "Merge Cond": "(ci.movie_id = mc.movie_id)",
                                                                                                        "Plans": [
                                                                                                            {
                                                                                                                "Node Type": "Sort",
                                                                                                                "Parent Relationship": "Outer",
                                                                                                                "Parallel Aware": false,
                                                                                                                "Startup Cost": 10001684010.34,
                                                                                                                "Total Cost": 10001691726.27,
                                                                                                                "Plan Rows": 3086374,
                                                                                                                "Plan Width": 16,
                                                                                                                "Actual Startup Time": 6000.881,
                                                                                                                "Actual Total Time": 6304.179,
                                                                                                                "Actual Rows": 3092610,
                                                                                                                "Actual Loops": 1,
                                                                                                                "Output": [
                                                                                                                    "ci.movie_id",
                                                                                                                    "ci.person_id",
                                                                                                                    "ci.role_id",
                                                                                                                    "ci.person_role_id"
                                                                                                                ],
                                                                                                                "Sort Key": [
                                                                                                                    "ci.movie_id"
                                                                                                                ],
                                                                                                                "Sort Method": "quicksort",
                                                                                                                "Sort Space Used": 243294,
                                                                                                                "Sort Space Type": "Memory",
                                                                                                                "Plans": [
                                                                                                                    {
                                                                                                                        "Node Type": "Index Scan",
                                                                                                                        "Parent Relationship": "Outer",
                                                                                                                        "Parallel Aware": false,
                                                                                                                        "Scan Direction": "Forward",
                                                                                                                        "Index Name": "role_id_cast_info",
                                                                                                                        "Relation Name": "cast_info",
                                                                                                                        "Schema": "public",
                                                                                                                        "Alias": "ci",
                                                                                                                        "Startup Cost": 10000000000.57,
                                                                                                                        "Total Cost": 10001351338.09,
                                                                                                                        "Plan Rows": 3086374,
                                                                                                                        "Plan Width": 16,
                                                                                                                        "Actual Startup Time": 0.034,
                                                                                                                        "Actual Total Time": 5284.39,
                                                                                                                        "Actual Rows": 3093118,
                                                                                                                        "Actual Loops": 1,
                                                                                                                        "Output": [
                                                                                                                            "ci.movie_id",
                                                                                                                            "ci.person_id",
                                                                                                                            "ci.role_id",
                                                                                                                            "ci.person_role_id"
                                                                                                                        ],
                                                                                                                        "Filter": "(ci.note = ANY ('{(producer),(voice),\"(executive producer)\",\"(as Kimberly) (credit only)\"}'::text[]))",
                                                                                                                        "Rows Removed by Filter": 33151226
                                                                                                                    }
                                                                                                                ]
                                                                                                            },
                                                                                                            {
                                                                                                                "Node Type": "Sort",
                                                                                                                "Parent Relationship": "Inner",
                                                                                                                "Parallel Aware": false,
                                                                                                                "Startup Cost": 1377145.75,
                                                                                                                "Total Cost": 1377408.5,
                                                                                                                "Plan Rows": 105099,
                                                                                                                "Plan Width": 4,
                                                                                                                "Actual Startup Time": 1237.213,
                                                                                                                "Actual Total Time": 1348.044,
                                                                                                                "Actual Rows": 1301220,
                                                                                                                "Actual Loops": 1,
                                                                                                                "Output": [
                                                                                                                    "mc.movie_id"
                                                                                                                ],
                                                                                                                "Sort Key": [
                                                                                                                    "mc.movie_id"
                                                                                                                ],
                                                                                                                "Sort Method": "quicksort",
                                                                                                                "Sort Space Used": 49987,
                                                                                                                "Sort Space Type": "Memory",
                                                                                                                "Plans": [
                                                                                                                    {
                                                                                                                        "Node Type": "Gather",
                                                                                                                        "Parent Relationship": "Outer",
                                                                                                                        "Parallel Aware": false,
                                                                                                                        "Startup Cost": 119731.07,
                                                                                                                        "Total Cost": 1368379.76,
                                                                                                                        "Plan Rows": 105099,
                                                                                                                        "Plan Width": 4,
                                                                                                                        "Actual Startup Time": 1013.393,
                                                                                                                        "Actual Total Time": 1142.067,
                                                                                                                        "Actual Rows": 542096,
                                                                                                                        "Actual Loops": 1,
                                                                                                                        "Output": [
                                                                                                                            "mc.movie_id"
                                                                                                                        ],
                                                                                                                        "Workers Planned": 1,
                                                                                                                        "Workers Launched": 1,
                                                                                                                        "Single Copy": false,
                                                                                                                        "Plans": [
                                                                                                                            {
                                                                                                                                "Node Type": "Hash Join",
                                                                                                                                "Parent Relationship": "Outer",
                                                                                                                                "Parallel Aware": true,
                                                                                                                                "Join Type": "Inner",
                                                                                                                                "Startup Cost": 118731.07,
                                                                                                                                "Total Cost": 1356869.86,
                                                                                                                                "Plan Rows": 61823,
                                                                                                                                "Plan Width": 4,
                                                                                                                                "Actual Startup Time": 1007.761,
                                                                                                                                "Actual Total Time": 1064.738,
                                                                                                                                "Actual Rows": 271048,
                                                                                                                                "Actual Loops": 2,
                                                                                                                                "Output": [
                                                                                                                                    "mc.movie_id"
                                                                                                                                ],
                                                                                                                                "Inner Unique": false,
                                                                                                                                "Hash Cond": "(cn.id = mc.company_id)",
                                                                                                                                "Workers": [
                                                                                                                                    {
                                                                                                                                        "Worker Number": 0,
                                                                                                                                        "Actual Startup Time": 1002.442,
                                                                                                                                        "Actual Total Time": 1069.713,
                                                                                                                                        "Actual Rows": 303986,
                                                                                                                                        "Actual Loops": 1
                                                                                                                                    }
                                                                                                                                ],
                                                                                                                                "Plans": [
                                                                                                                                    {
                                                                                                                                        "Node Type": "Seq Scan",
                                                                                                                                        "Parent Relationship": "Outer",
                                                                                                                                        "Parallel Aware": true,
                                                                                                                                        "Relation Name": "company_name",
                                                                                                                                        "Schema": "public",
                                                                                                                                        "Alias": "cn",
                                                                                                                                        "Startup Cost": 0.0,
                                                                                                                                        "Total Cost": 4722.92,
                                                                                                                                        "Plan Rows": 49589,
                                                                                                                                        "Plan Width": 4,
                                                                                                                                        "Actual Startup Time": 0.019,
                                                                                                                                        "Actual Total Time": 17.607,
                                                                                                                                        "Actual Rows": 42422,
                                                                                                                                        "Actual Loops": 2,
                                                                                                                                        "Output": [
                                                                                                                                            "cn.id",
                                                                                                                                            "cn.name",
                                                                                                                                            "cn.country_code",
                                                                                                                                            "cn.imdb_id",
                                                                                                                                            "cn.name_pcode_nf",
                                                                                                                                            "cn.name_pcode_sf",
                                                                                                                                            "cn.md5sum"
                                                                                                                                        ],
                                                                                                                                        "Filter": "((cn.country_code)::text = '[us]'::text)",
                                                                                                                                        "Rows Removed by Filter": 75077,
                                                                                                                                        "Workers": [
                                                                                                                                            {
                                                                                                                                                "Worker Number": 0,
                                                                                                                                                "Actual Startup Time": 0.029,
                                                                                                                                                "Actual Total Time": 18.952,
                                                                                                                                                "Actual Rows": 33453,
                                                                                                                                                "Actual Loops": 1
                                                                                                                                            }
                                                                                                                                        ]
                                                                                                                                    },
                                                                                                                                    {
                                                                                                                                        "Node Type": "Hash",
                                                                                                                                        "Parent Relationship": "Inner",
                                                                                                                                        "Parallel Aware": true,
                                                                                                                                        "Startup Cost": 117549.73,
                                                                                                                                        "Total Cost": 117549.73,
                                                                                                                                        "Plan Rows": 94507,
                                                                                                                                        "Plan Width": 8,
                                                                                                                                        "Actual Startup Time": 1005.485,
                                                                                                                                        "Actual Total Time": 1005.486,
                                                                                                                                        "Actual Rows": 295497,
                                                                                                                                        "Actual Loops": 2,
                                                                                                                                        "Output": [
                                                                                                                                            "mc.movie_id",
                                                                                                                                            "mc.company_id"
                                                                                                                                        ],
                                                                                                                                        "Hash Buckets": 1048576,
                                                                                                                                        "Original Hash Buckets": 524288,
                                                                                                                                        "Hash Batches": 1,
                                                                                                                                        "Original Hash Batches": 1,
                                                                                                                                        "Peak Memory Usage": 35456,
                                                                                                                                        "Workers": [
                                                                                                                                            {
                                                                                                                                                "Worker Number": 0,
                                                                                                                                                "Actual Startup Time": 1001.701,
                                                                                                                                                "Actual Total Time": 1001.702,
                                                                                                                                                "Actual Rows": 208063,
                                                                                                                                                "Actual Loops": 1
                                                                                                                                            }
                                                                                                                                        ],
                                                                                                                                        "Plans": [
                                                                                                                                            {
                                                                                                                                                "Node Type": "Index Scan",
                                                                                                                                                "Parent Relationship": "Outer",
                                                                                                                                                "Parallel Aware": true,
                                                                                                                                                "Scan Direction": "Forward",
                                                                                                                                                "Index Name": "company_id_movie_companies",
                                                                                                                                                "Relation Name": "movie_companies",
                                                                                                                                                "Schema": "public",
                                                                                                                                                "Alias": "mc",
                                                                                                                                                "Startup Cost": 0.43,
                                                                                                                                                "Total Cost": 117549.73,
                                                                                                                                                "Plan Rows": 94507,
                                                                                                                                                "Plan Width": 8,
                                                                                                                                                "Actual Startup Time": 0.102,
                                                                                                                                                "Actual Total Time": 908.675,
                                                                                                                                                "Actual Rows": 295497,
                                                                                                                                                "Actual Loops": 2,
                                                                                                                                                "Output": [
                                                                                                                                                    "mc.movie_id",
                                                                                                                                                    "mc.company_id"
                                                                                                                                                ],
                                                                                                                                                "Filter": "((mc.note IS NOT NULL) AND ((mc.note ~~ '%(USA)%'::text) OR (mc.note ~~ '%(worldwide)%'::text)))",
                                                                                                                                                "Rows Removed by Filter": 1009068,
                                                                                                                                                "Workers": [
                                                                                                                                                    {
                                                                                                                                                        "Worker Number": 0,
                                                                                                                                                        "Actual Startup Time": 0.163,
                                                                                                                                                        "Actual Total Time": 908.587,
                                                                                                                                                        "Actual Rows": 208063,
                                                                                                                                                        "Actual Loops": 1
                                                                                                                                                    }
                                                                                                                                                ]
                                                                                                                                            }
                                                                                                                                        ]
                                                                                                                                    }
                                                                                                                                ]
                                                                                                                            }
                                                                                                                        ]
                                                                                                                    }
                                                                                                                ]
                                                                                                            }
                                                                                                        ]
                                                                                                    }
                                                                                                ]
                                                                                            }
                                                                                        ]
                                                                                    }
                                                                                ]
                                                                            }
                                                                        ]
                                                                    }
                                                                ]
                                                            }
                                                        ]
                                                    },
                                                    {
                                                        "Node Type": "Hash",
                                                        "Parent Relationship": "Inner",
                                                        "Parallel Aware": false,
                                                        "Startup Cost": 122983.71,
                                                        "Total Cost": 122983.71,
                                                        "Plan Rows": 818436,
                                                        "Plan Width": 21,
                                                        "Actual Startup Time": 1289.036,
                                                        "Actual Total Time": 1289.037,
                                                        "Actual Rows": 822965,
                                                        "Actual Loops": 1,
                                                        "Output": [
                                                            "t.title",
                                                            "t.id"
                                                        ],
                                                        "Hash Buckets": 1048576,
                                                        "Original Hash Buckets": 1048576,
                                                        "Hash Batches": 1,
                                                        "Original Hash Batches": 1,
                                                        "Peak Memory Usage": 52028,
                                                        "Plans": [
                                                            {
                                                                "Node Type": "Index Scan",
                                                                "Parent Relationship": "Outer",
                                                                "Parallel Aware": false,
                                                                "Scan Direction": "Forward",
                                                                "Index Name": "title_pkey",
                                                                "Relation Name": "title",
                                                                "Schema": "public",
                                                                "Alias": "t",
                                                                "Startup Cost": 0.43,
                                                                "Total Cost": 122983.71,
                                                                "Plan Rows": 818436,
                                                                "Plan Width": 21,
                                                                "Actual Startup Time": 0.046,
                                                                "Actual Total Time": 1076.46,
                                                                "Actual Rows": 822965,
                                                                "Actual Loops": 1,
                                                                "Output": [
                                                                    "t.title",
                                                                    "t.id"
                                                                ],
                                                                "Filter": "((t.production_year >= 1999) AND (t.production_year <= 2008))",
                                                                "Rows Removed by Filter": 1705347
                                                            }
                                                        ]
                                                    }
                                                ]
                                            }
                                        ]
                                    }
                                ]
                            },
                            {
                                "Node Type": "Bitmap Heap Scan",
                                "Parent Relationship": "Inner",
                                "Parallel Aware": false,
                                "Relation Name": "movie_info",
                                "Schema": "public",
                                "Alias": "mi",
                                "Startup Cost": 0.8,
                                "Total Cost": 5.48,
                                "Plan Rows": 1,
                                "Plan Width": 8,
                                "Actual Startup Time": 0.01,
                                "Actual Total Time": 0.022,
                                "Actual Rows": 2,
                                "Actual Loops": 155,
                                "Output": [
                                    "mi.id",
                                    "mi.movie_id",
                                    "mi.info_type_id",
                                    "mi.info",
                                    "mi.note"
                                ],
                                "Recheck Cond": "(mi.movie_id = ci.movie_id)",
                                "Rows Removed by Index Recheck": 0,
                                "Filter": "((mi.info IS NOT NULL) AND ((mi.info ~~ 'Japan:%200%'::text) OR (mi.info ~~ 'USA:%200%'::text)))",
                                "Rows Removed by Filter": 68,
                                "Exact Heap Blocks": 1916,
                                "Lossy Heap Blocks": 0,
                                "Plans": [
                                    {
                                        "Node Type": "Bitmap Index Scan",
                                        "Parent Relationship": "Outer",
                                        "Parallel Aware": false,
                                        "Index Name": "movie_id_movie_info",
                                        "Startup Cost": 0.0,
                                        "Total Cost": 0.8,
                                        "Plan Rows": 39,
                                        "Plan Width": 0,
                                        "Actual Startup Time": 0.005,
                                        "Actual Total Time": 0.005,
                                        "Actual Rows": 70,
                                        "Actual Loops": 155,
                                        "Index Cond": "(mi.movie_id = ci.movie_id)"
                                    }
                                ]
                            }
                        ]
                    },
                    {
                        "Node Type": "Bitmap Heap Scan",
                        "Parent Relationship": "Inner",
                        "Parallel Aware": false,
                        "Relation Name": "info_type",
                        "Schema": "public",
                        "Alias": "it",
                        "Startup Cost": 0.15,
                        "Total Cost": 4.17,
                        "Plan Rows": 1,
                        "Plan Width": 4,
                        "Actual Startup Time": 0.002,
                        "Actual Total Time": 0.002,
                        "Actual Rows": 1,
                        "Actual Loops": 293,
                        "Output": [
                            "it.id",
                            "it.info"
                        ],
                        "Recheck Cond": "(it.id = mi.info_type_id)",
                        "Rows Removed by Index Recheck": 0,
                        "Filter": "((it.info)::text = 'release dates'::text)",
                        "Rows Removed by Filter": 0,
                        "Exact Heap Blocks": 293,
                        "Lossy Heap Blocks": 0,
                        "Plans": [
                            {
                                "Node Type": "Bitmap Index Scan",
                                "Parent Relationship": "Outer",
                                "Parallel Aware": false,
                                "Index Name": "info_type_pkey",
                                "Startup Cost": 0.0,
                                "Total Cost": 0.15,
                                "Plan Rows": 1,
                                "Plan Width": 0,
                                "Actual Startup Time": 0.001,
                                "Actual Total Time": 0.001,
                                "Actual Rows": 1,
                                "Actual Loops": 293,
                                "Index Cond": "(it.id = mi.info_type_id)"
                            }
                        ]
                    }
                ]
            }
        ]
    },
    "Planning Time": 23.711,
    "Triggers": [],
    "Execution Time": 10321.857
}