{
  "Plan": {
    "Node Type": "Aggregate",
    "Strategy": "Plain",
    "Partial Mode": "Simple",
    "Parallel Aware": false,
    "Startup Cost": 583966.88,
    "Total Cost": 583966.89,
    "Plan Rows": 1,
    "Plan Width": 96,
    "Actual Startup Time": 6863.522,
    "Actual Total Time": 6875.117,
    "Actual Rows": 1,
    "Actual Loops": 1,
    "Plans": [
      {
        "Node Type": "Hash Join",
        "Parent Relationship": "Outer",
        "Parallel Aware": false,
        "Join Type": "Inner",
        "Startup Cost": 583964.44,
        "Total Cost": 583966.87,
        "Plan Rows": 1,
        "Plan Width": 42,
        "Actual Startup Time": 6859.796,
        "Actual Total Time": 6873.153,
        "Actual Rows": 21489,
        "Actual Loops": 1,
        "Inner Unique": false,
        "Hash Cond": "(it1.id = mi.info_type_id)",
        "Plans": [
          {
            "Node Type": "Seq Scan",
            "Parent Relationship": "Outer",
            "Parallel Aware": false,
            "Relation Name": "info_type",
            "Alias": "it1",
            "Startup Cost": 0.0,
            "Total Cost": 2.41,
            "Plan Rows": 1,
            "Plan Width": 4,
            "Actual Startup Time": 0.026,
            "Actual Total Time": 0.035,
            "Actual Rows": 1,
            "Actual Loops": 1,
            "Filter": "((info)::text = 'countries'::text)",
            "Rows Removed by Filter": 112
          },
          {
            "Node Type": "Hash",
            "Parent Relationship": "Inner",
            "Parallel Aware": false,
            "Startup Cost": 583964.43,
            "Total Cost": 583964.43,
            "Plan Rows": 1,
            "Plan Width": 46,
            "Actual Startup Time": 6859.736,
            "Actual Total Time": 6871.329,
            "Actual Rows": 24612,
            "Actual Loops": 1,
            "Hash Buckets": 32768,
            "Original Hash Buckets": 1024,
            "Hash Batches": 1,
            "Original Hash Batches": 1,
            "Peak Memory Usage": 2141,
            "Plans": [
              {
                "Node Type": "Hash Join",
                "Parent Relationship": "Outer",
                "Parallel Aware": false,
                "Join Type": "Inner",
                "Startup Cost": 581001.79,
                "Total Cost": 583964.43,
                "Plan Rows": 1,
                "Plan Width": 46,
                "Actual Startup Time": 6829.697,
                "Actual Total Time": 6863.507,
                "Actual Rows": 24612,
                "Actual Loops": 1,
                "Inner Unique": false,
                "Hash Cond": "(k.id = mk.keyword_id)",
                "Plans": [
                  {
                    "Node Type": "Seq Scan",
                    "Parent Relationship": "Outer",
                    "Parallel Aware": false,
                    "Relation Name": "keyword",
                    "Alias": "k",
                    "Startup Cost": 0.0,
                    "Total Cost": 2961.55,
                    "Plan Rows": 4,
                    "Plan Width": 4,
                    "Actual Startup Time": 0.92,
                    "Actual Total Time": 15.546,
                    "Actual Rows": 3,
                    "Actual Loops": 1,
                    "Filter": "(keyword = ANY ('{murder,murder-in-title,blood,violence}'::text[]))",
                    "Rows Removed by Filter": 134167
                  },
                  {
                    "Node Type": "Hash",
                    "Parent Relationship": "Inner",
                    "Parallel Aware": false,
                    "Startup Cost": 580956.77,
                    "Total Cost": 580956.77,
                    "Plan Rows": 3601,
                    "Plan Width": 50,
                    "Actual Startup Time": 6828.74,
                    "Actual Total Time": 6840.332,
                    "Actual Rows": 3016943,
                    "Actual Loops": 1,
                    "Hash Buckets": 4194304,
                    "Original Hash Buckets": 4096,
                    "Hash Batches": 1,
                    "Original Hash Batches": 1,
                    "Peak Memory Usage": 277437,
                    "Plans": [
                      {
                        "Node Type": "Hash Join",
                        "Parent Relationship": "Outer",
                        "Parallel Aware": false,
                        "Join Type": "Inner",
                        "Startup Cost": 281421.09,
                        "Total Cost": 580956.77,
                        "Plan Rows": 3601,
                        "Plan Width": 50,
                        "Actual Startup Time": 4805.41,
                        "Actual Total Time": 6108.766,
                        "Actual Rows": 3016943,
                        "Actual Loops": 1,
                        "Inner Unique": false,
                        "Hash Cond": "(mi.movie_id = t.id)",
                        "Plans": [
                          {
                            "Node Type": "Gather",
                            "Parent Relationship": "Outer",
                            "Parallel Aware": false,
                            "Startup Cost": 1000.0,
                            "Total Cost": 297977.68,
                            "Plan Rows": 680764,
                            "Plan Width": 8,
                            "Actual Startup Time": 2.043,
                            "Actual Total Time": 795.371,
                            "Actual Rows": 716210,
                            "Actual Loops": 1,
                            "Workers Planned": 5,
                            "Workers Launched": 5,
                            "Single Copy": false,
                            "Plans": [
                              {
                                "Node Type": "Seq Scan",
                                "Parent Relationship": "Outer",
                                "Parallel Aware": true,
                                "Relation Name": "movie_info",
                                "Alias": "mi",
                                "Startup Cost": 0.0,
                                "Total Cost": 228901.28,
                                "Plan Rows": 136153,
                                "Plan Width": 8,
                                "Actual Startup Time": 0.398,
                                "Actual Total Time": 1018.191,
                                "Actual Rows": 119368,
                                "Actual Loops": 6,
                                "Filter": "(info = ANY ('{Sweden,Norway,Germany,Denmark,Swedish,Danish,Norwegian,German,USA,American}'::text[]))",
                                "Rows Removed by Filter": 2353252
                              }
                            ]
                          },
                          {
                            "Node Type": "Hash",
                            "Parent Relationship": "Inner",
                            "Parallel Aware": false,
                            "Startup Cost": 280397.23,
                            "Total Cost": 280397.23,
                            "Plan Rows": 1909,
                            "Plan Width": 62,
                            "Actual Startup Time": 4803.188,
                            "Actual Total Time": 4814.647,
                            "Actual Rows": 2808890,
                            "Actual Loops": 1,
                            "Hash Buckets": 4194304,
                            "Original Hash Buckets": 2048,
                            "Hash Batches": 1,
                            "Original Hash Batches": 1,
                            "Peak Memory Usage": 294720,
                            "Plans": [
                              {
                                "Node Type": "Hash Join",
                                "Parent Relationship": "Outer",
                                "Parallel Aware": false,
                                "Join Type": "Inner",
                                "Startup Cost": 280360.34,
                                "Total Cost": 280397.23,
                                "Plan Rows": 1909,
                                "Plan Width": 62,
                                "Actual Startup Time": 3686.645,
                                "Actual Total Time": 4034.249,
                                "Actual Rows": 2808890,
                                "Actual Loops": 1,
                                "Inner Unique": false,
                                "Hash Cond": "(kt.id = t.kind_id)",
                                "Plans": [
                                  {
                                    "Node Type": "Seq Scan",
                                    "Parent Relationship": "Outer",
                                    "Parallel Aware": false,
                                    "Relation Name": "kind_type",
                                    "Alias": "kt",
                                    "Startup Cost": 0.0,
                                    "Total Cost": 1.09,
                                    "Plan Rows": 2,
                                    "Plan Width": 4,
                                    "Actual Startup Time": 0.019,
                                    "Actual Total Time": 0.029,
                                    "Actual Rows": 2,
                                    "Actual Loops": 1,
                                    "Filter": "((kind)::text = ANY ('{movie,episode}'::text[]))",
                                    "Rows Removed by Filter": 5
                                  },
                                  {
                                    "Node Type": "Hash",
                                    "Parent Relationship": "Inner",
                                    "Parallel Aware": false,
                                    "Startup Cost": 280276.8,
                                    "Total Cost": 280276.8,
                                    "Plan Rows": 6683,
                                    "Plan Width": 66,
                                    "Actual Startup Time": 3686.551,
                                    "Actual Total Time": 3698.007,
                                    "Actual Rows": 2962310,
                                    "Actual Loops": 1,
                                    "Hash Buckets": 4194304,
                                    "Original Hash Buckets": 8192,
                                    "Hash Batches": 1,
                                    "Original Hash Batches": 1,
                                    "Peak Memory Usage": 321061,
                                    "Plans": [
                                      {
                                        "Node Type": "Hash Join",
                                        "Parent Relationship": "Outer",
                                        "Parallel Aware": false,
                                        "Join Type": "Inner",
                                        "Startup Cost": 208065.46,
                                        "Total Cost": 280276.8,
                                        "Plan Rows": 6683,
                                        "Plan Width": 66,
                                        "Actual Startup Time": 1915.318,
                                        "Actual Total Time": 2811.513,
                                        "Actual Rows": 2962310,
                                        "Actual Loops": 1,
                                        "Inner Unique": false,
                                        "Hash Cond": "(t.id = mk.movie_id)",
                                        "Plans": [
                                          {
                                            "Node Type": "Hash Join",
                                            "Parent Relationship": "Outer",
                                            "Parallel Aware": false,
                                            "Join Type": "Inner",
                                            "Startup Cost": 81823.04,
                                            "Total Cost": 153267.38,
                                            "Plan Rows": 666,
                                            "Plan Width": 58,
                                            "Actual Startup Time": 761.795,
                                            "Actual Total Time": 1330.721,
                                            "Actual Rows": 71709,
                                            "Actual Loops": 1,
                                            "Inner Unique": false,
                                            "Hash Cond": "(t.id = mi_idx.movie_id)",
                                            "Plans": [
                                              {
                                                "Node Type": "Seq Scan",
                                                "Parent Relationship": "Outer",
                                                "Parallel Aware": false,
                                                "Relation Name": "title",
                                                "Alias": "t",
                                                "Startup Cost": 0.0,
                                                "Total Cost": 67604.36,
                                                "Plan Rows": 1022218,
                                                "Plan Width": 25,
                                                "Actual Startup Time": 0.031,
                                                "Actual Total Time": 347.802,
                                                "Actual Rows": 1012920,
                                                "Actual Loops": 1,
                                                "Filter": "(production_year > 2005)",
                                                "Rows Removed by Filter": 1515392
                                              },
                                              {
                                                "Node Type": "Hash",
                                                "Parent Relationship": "Inner",
                                                "Parallel Aware": false,
                                                "Startup Cost": 81802.44,
                                                "Total Cost": 81802.44,
                                                "Plan Rows": 1648,
                                                "Plan Width": 33,
                                                "Actual Startup Time": 761.675,
                                                "Actual Total Time": 773.116,
                                                "Actual Rows": 178762,
                                                "Actual Loops": 1,
                                                "Hash Buckets": 262144,
                                                "Original Hash Buckets": 2048,
                                                "Hash Batches": 1,
                                                "Original Hash Batches": 1,
                                                "Peak Memory Usage": 13255,
                                                "Plans": [
                                                  {
                                                    "Node Type": "Hash Join",
                                                    "Parent Relationship": "Outer",
                                                    "Parallel Aware": false,
                                                    "Join Type": "Inner",
                                                    "Startup Cost": 81704.95,
                                                    "Total Cost": 81802.44,
                                                    "Plan Rows": 1648,
                                                    "Plan Width": 33,
                                                    "Actual Startup Time": 706.592,
                                                    "Actual Total Time": 737.183,
                                                    "Actual Rows": 178762,
                                                    "Actual Loops": 1,
                                                    "Inner Unique": false,
                                                    "Hash Cond": "(it2.id = mi_idx.info_type_id)",
                                                    "Plans": [
                                                      {
                                                        "Node Type": "Seq Scan",
                                                        "Parent Relationship": "Outer",
                                                        "Parallel Aware": false,
                                                        "Relation Name": "info_type",
                                                        "Alias": "it2",
                                                        "Startup Cost": 0.0,
                                                        "Total Cost": 2.41,
                                                        "Plan Rows": 1,
                                                        "Plan Width": 4,
                                                        "Actual Startup Time": 0.018,
                                                        "Actual Total Time": 0.027,
                                                        "Actual Rows": 1,
                                                        "Actual Loops": 1,
                                                        "Filter": "((info)::text = 'rating'::text)",
                                                        "Rows Removed by Filter": 112
                                                      },
                                                      {
                                                        "Node Type": "Hash",
                                                        "Parent Relationship": "Inner",
                                                        "Parallel Aware": false,
                                                        "Startup Cost": 79376.62,
                                                        "Total Cost": 79376.62,
                                                        "Plan Rows": 186266,
                                                        "Plan Width": 37,
                                                        "Actual Startup Time": 705.428,
                                                        "Actual Total Time": 716.865,
                                                        "Actual Rows": 532608,
                                                        "Actual Loops": 1,
                                                        "Hash Buckets": 1048576,
                                                        "Original Hash Buckets": 262144,
                                                        "Hash Batches": 1,
                                                        "Original Hash Batches": 1,
                                                        "Peak Memory Usage": 45367,
                                                        "Plans": [
                                                          {
                                                            "Node Type": "Gather",
                                                            "Parent Relationship": "Outer",
                                                            "Parallel Aware": false,
                                                            "Startup Cost": 28756.04,
                                                            "Total Cost": 79376.62,
                                                            "Plan Rows": 186266,
                                                            "Plan Width": 37,
                                                            "Actual Startup Time": 278.959,
                                                            "Actual Total Time": 611.58,
                                                            "Actual Rows": 532608,
                                                            "Actual Loops": 1,
                                                            "Workers Planned": 3,
                                                            "Workers Launched": 2,
                                                            "Single Copy": false,
                                                            "Plans": [
                                                              {
                                                                "Node Type": "Hash Join",
                                                                "Parent Relationship": "Outer",
                                                                "Parallel Aware": true,
                                                                "Join Type": "Inner",
                                                                "Startup Cost": 27756.04,
                                                                "Total Cost": 59750.02,
                                                                "Plan Rows": 60086,
                                                                "Plan Width": 37,
                                                                "Actual Startup Time": 272.608,
                                                                "Actual Total Time": 519.793,
                                                                "Actual Rows": 177536,
                                                                "Actual Loops": 3,
                                                                "Inner Unique": false,
                                                                "Hash Cond": "(mc.movie_id = mi_idx.movie_id)",
                                                                "Plans": [
                                                                  {
                                                                    "Node Type": "Hash Join",
                                                                    "Parent Relationship": "Outer",
                                                                    "Parallel Aware": false,
                                                                    "Join Type": "Inner",
                                                                    "Startup Cost": 5646.61,
                                                                    "Total Cost": 37302.61,
                                                                    "Plan Rows": 23365,
                                                                    "Plan Width": 23,
                                                                    "Actual Startup Time": 27.845,
                                                                    "Actual Total Time": 222.57,
                                                                    "Actual Rows": 82796,
                                                                    "Actual Loops": 3,
                                                                    "Inner Unique": true,
                                                                    "Hash Cond": "(mc.company_type_id = ct.id)",
                                                                    "Plans": [
                                                                      {
                                                                        "Node Type": "Hash Join",
                                                                        "Parent Relationship": "Outer",
                                                                        "Parallel Aware": true,
                                                                        "Join Type": "Inner",
                                                                        "Startup Cost": 5645.52,
                                                                        "Total Cost": 37175.21,
                                                                        "Plan Rows": 23365,
                                                                        "Plan Width": 27,
                                                                        "Actual Startup Time": 27.775,
                                                                        "Actual Total Time": 209.716,
                                                                        "Actual Rows": 82796,
                                                                        "Actual Loops": 3,
                                                                        "Inner Unique": true,
                                                                        "Hash Cond": "(mc.company_id = cn.id)",
                                                                        "Plans": [
                                                                          {
                                                                            "Node Type": "Seq Scan",
                                                                            "Parent Relationship": "Outer",
                                                                            "Parallel Aware": true,
                                                                            "Relation Name": "movie_companies",
                                                                            "Alias": "mc",
                                                                            "Startup Cost": 0.0,
                                                                            "Total Cost": 31414.82,
                                                                            "Plan Rows": 43760,
                                                                            "Plan Width": 12,
                                                                            "Actual Startup Time": 0.013,
                                                                            "Actual Total Time": 153.537,
                                                                            "Actual Rows": 101090,
                                                                            "Actual Loops": 3,
                                                                            "Filter": "((note !~~ '%(USA)%'::text) AND (note ~~ '%(200%)%'::text))",
                                                                            "Rows Removed by Filter": 768619
                                                                          },
                                                                          {
                                                                            "Node Type": "Hash",
                                                                            "Parent Relationship": "Inner",
                                                                            "Parallel Aware": true,
                                                                            "Startup Cost": 4722.92,
                                                                            "Total Cost": 4722.92,
                                                                            "Plan Rows": 73808,
                                                                            "Plan Width": 23,
                                                                            "Actual Startup Time": 27.538,
                                                                            "Actual Total Time": 27.539,
                                                                            "Actual Rows": 42077,
                                                                            "Actual Loops": 3,
                                                                            "Hash Buckets": 131072,
                                                                            "Original Hash Buckets": 131072,
                                                                            "Hash Batches": 1,
                                                                            "Original Hash Batches": 1,
                                                                            "Peak Memory Usage": 8256,
                                                                            "Plans": [
                                                                              {
                                                                                "Node Type": "Seq Scan",
                                                                                "Parent Relationship": "Outer",
                                                                                "Parallel Aware": true,
                                                                                "Relation Name": "company_name",
                                                                                "Alias": "cn",
                                                                                "Startup Cost": 0.0,
                                                                                "Total Cost": 4722.92,
                                                                                "Plan Rows": 73808,
                                                                                "Plan Width": 23,
                                                                                "Actual Startup Time": 0.026,
                                                                                "Actual Total Time": 13.8,
                                                                                "Actual Rows": 42077,
                                                                                "Actual Loops": 3,
                                                                                "Filter": "((country_code)::text <> '[us]'::text)",
                                                                                "Rows Removed by Filter": 36256
                                                                              }
                                                                            ]
                                                                          }
                                                                        ]
                                                                      },
                                                                      {
                                                                        "Node Type": "Hash",
                                                                        "Parent Relationship": "Inner",
                                                                        "Parallel Aware": false,
                                                                        "Startup Cost": 1.04,
                                                                        "Total Cost": 1.04,
                                                                        "Plan Rows": 4,
                                                                        "Plan Width": 4,
                                                                        "Actual Startup Time": 0.032,
                                                                        "Actual Total Time": 0.033,
                                                                        "Actual Rows": 4,
                                                                        "Actual Loops": 3,
                                                                        "Hash Buckets": 1024,
                                                                        "Original Hash Buckets": 1024,
                                                                        "Hash Batches": 1,
                                                                        "Original Hash Batches": 1,
                                                                        "Peak Memory Usage": 9,
                                                                        "Plans": [
                                                                          {
                                                                            "Node Type": "Seq Scan",
                                                                            "Parent Relationship": "Outer",
                                                                            "Parallel Aware": false,
                                                                            "Relation Name": "company_type",
                                                                            "Alias": "ct",
                                                                            "Startup Cost": 0.0,
                                                                            "Total Cost": 1.04,
                                                                            "Plan Rows": 4,
                                                                            "Plan Width": 4,
                                                                            "Actual Startup Time": 0.023,
                                                                            "Actual Total Time": 0.024,
                                                                            "Actual Rows": 4,
                                                                            "Actual Loops": 3
                                                                          }
                                                                        ]
                                                                      }
                                                                    ]
                                                                  },
                                                                  {
                                                                    "Node Type": "Hash",
                                                                    "Parent Relationship": "Inner",
                                                                    "Parallel Aware": true,
                                                                    "Startup Cost": 15122.68,
                                                                    "Total Cost": 15122.68,
                                                                    "Plan Rows": 558940,
                                                                    "Plan Width": 14,
                                                                    "Actual Startup Time": 239.145,
                                                                    "Actual Total Time": 239.145,
                                                                    "Actual Rows": 445878,
                                                                    "Actual Loops": 3,
                                                                    "Hash Buckets": 2097152,
                                                                    "Original Hash Buckets": 2097152,
                                                                    "Hash Batches": 1,
                                                                    "Original Hash Batches": 1,
                                                                    "Peak Memory Usage": 82816,
                                                                    "Plans": [
                                                                      {
                                                                        "Node Type": "Seq Scan",
                                                                        "Parent Relationship": "Outer",
                                                                        "Parallel Aware": true,
                                                                        "Relation Name": "movie_info_idx",
                                                                        "Alias": "mi_idx",
                                                                        "Startup Cost": 0.0,
                                                                        "Total Cost": 15122.68,
                                                                        "Plan Rows": 558940,
                                                                        "Plan Width": 14,
                                                                        "Actual Startup Time": 0.042,
                                                                        "Actual Total Time": 88.558,
                                                                        "Actual Rows": 445878,
                                                                        "Actual Loops": 3,
                                                                        "Filter": "(info < '8.5'::text)",
                                                                        "Rows Removed by Filter": 14134
                                                                      }
                                                                    ]
                                                                  }
                                                                ]
                                                              }
                                                            ]
                                                          }
                                                        ]
                                                      }
                                                    ]
                                                  }
                                                ]
                                              }
                                            ]
                                          },
                                          {
                                            "Node Type": "Hash",
                                            "Parent Relationship": "Inner",
                                            "Parallel Aware": false,
                                            "Startup Cost": 69693.3,
                                            "Total Cost": 69693.3,
                                            "Plan Rows": 4523930,
                                            "Plan Width": 8,
                                            "Actual Startup Time": 1107.939,
                                            "Actual Total Time": 1107.951,
                                            "Actual Rows": 4523930,
                                            "Actual Loops": 1,
                                            "Hash Buckets": 8388608,
                                            "Original Hash Buckets": 8388608,
                                            "Hash Batches": 1,
                                            "Original Hash Batches": 1,
                                            "Peak Memory Usage": 242253,
                                            "Plans": [
                                              {
                                                "Node Type": "Seq Scan",
                                                "Parent Relationship": "Outer",
                                                "Parallel Aware": false,
                                                "Relation Name": "movie_keyword",
                                                "Alias": "mk",
                                                "Startup Cost": 0.0,
                                                "Total Cost": 69693.3,
                                                "Plan Rows": 4523930,
                                                "Plan Width": 8,
                                                "Actual Startup Time": 0.037,
                                                "Actual Total Time": 450.048,
                                                "Actual Rows": 4523930,
                                                "Actual Loops": 1
                                              }
                                            ]
                                          }
                                        ]
                                      }
                                    ]
                                  }
                                ]
                              }
                            ]
                          }
                        ]
                      }
                    ]
                  }
                ]
              }
            ]
          }
        ]
      }
    ]
  },
  "Planning Time": 21.477,
  "Triggers": [],
  "Execution Time": 6896.872
}