[
    {
        "Bao": {
            "Bao prediction": "NaN",
            "Bao recommended hint": "(no hint)"
        }
    },
    {
        "Plan": {
            "Node Type": "Aggregate",
            "Strategy": "Plain",
            "Partial Mode": "Finalize",
            "Parallel Aware": false,
            "Startup Cost": 33079.07,
            "Total Cost": 33079.08,
            "Plan Rows": 1,
            "Plan Width": 8,
            "Actual Startup Time": 96.951,
            "Actual Total Time": 103.0,
            "Actual Rows": 1,
            "Actual Loops": 1,
            "Output": [
                "count(*)"
            ],
            "Plans": [
                {
                    "Node Type": "Gather",
                    "Parent Relationship": "Outer",
                    "Parallel Aware": false,
                    "Startup Cost": 33078.76,
                    "Total Cost": 33079.07,
                    "Plan Rows": 3,
                    "Plan Width": 8,
                    "Actual Startup Time": 96.816,
                    "Actual Total Time": 102.993,
                    "Actual Rows": 4,
                    "Actual Loops": 1,
                    "Output": [
                        "(PARTIAL count(*))"
                    ],
                    "Workers Planned": 3,
                    "Workers Launched": 3,
                    "Single Copy": false,
                    "Plans": [
                        {
                            "Node Type": "Aggregate",
                            "Strategy": "Plain",
                            "Partial Mode": "Partial",
                            "Parent Relationship": "Outer",
                            "Parallel Aware": false,
                            "Startup Cost": 32078.76,
                            "Total Cost": 32078.77,
                            "Plan Rows": 1,
                            "Plan Width": 8,
                            "Actual Startup Time": 88.666,
                            "Actual Total Time": 88.667,
                            "Actual Rows": 1,
                            "Actual Loops": 4,
                            "Output": [
                                "PARTIAL count(*)"
                            ],
                            "Workers": [
                                {
                                    "Worker Number": 0,
                                    "Actual Startup Time": 85.809,
                                    "Actual Total Time": 85.811,
                                    "Actual Rows": 1,
                                    "Actual Loops": 1
                                },
                                {
                                    "Worker Number": 1,
                                    "Actual Startup Time": 86.105,
                                    "Actual Total Time": 86.105,
                                    "Actual Rows": 1,
                                    "Actual Loops": 1
                                },
                                {
                                    "Worker Number": 2,
                                    "Actual Startup Time": 86.539,
                                    "Actual Total Time": 86.54,
                                    "Actual Rows": 1,
                                    "Actual Loops": 1
                                }
                            ],
                            "Plans": [
                                {
                                    "Node Type": "Seq Scan",
                                    "Parent Relationship": "Outer",
                                    "Parallel Aware": true,
                                    "Relation Name": "movie_companies",
                                    "Schema": "public",
                                    "Alias": "mc",
                                    "Startup Cost": 0.0,
                                    "Total Cost": 31414.82,
                                    "Plan Rows": 265575,
                                    "Plan Width": 0,
                                    "Actual Startup Time": 3.092,
                                    "Actual Total Time": 80.646,
                                    "Actual Rows": 154374,
                                    "Actual Loops": 4,
                                    "Output": [
                                        "id",
                                        "movie_id",
                                        "company_id",
                                        "company_type_id",
                                        "note"
                                    ],
                                    "Filter": "((mc.company_id > 3266) AND (mc.company_type_id < 2))",
                                    "Rows Removed by Filter": 497908,
                                    "Workers": [
                                        {
                                            "Worker Number": 0,
                                            "Actual Startup Time": 0.238,
                                            "Actual Total Time": 78.214,
                                            "Actual Rows": 148100,
                                            "Actual Loops": 1
                                        },
                                        {
                                            "Worker Number": 1,
                                            "Actual Startup Time": 0.535,
                                            "Actual Total Time": 78.192,
                                            "Actual Rows": 150013,
                                            "Actual Loops": 1
                                        },
                                        {
                                            "Worker Number": 2,
                                            "Actual Startup Time": 0.981,
                                            "Actual Total Time": 78.548,
                                            "Actual Rows": 153003,
                                            "Actual Loops": 1
                                        }
                                    ]
                                }
                            ]
                        }
                    ]
                }
            ]
        },
        "Planning Time": 190.502,
        "Triggers": [],
        "Execution Time": 103.153
    }
]