{
  "Plan": {
    "Node Type": "Aggregate",
    "Strategy": "Plain",
    "Partial Mode": "Finalize",
    "Parallel Aware": false,
    "Startup Cost": 1064541.66,
    "Total Cost": 1064541.67,
    "Plan Rows": 1,
    "Plan Width": 8,
    "Actual Startup Time": 9592.909,
    "Actual Total Time": 9671.956,
    "Actual Rows": 1,
    "Actual Loops": 1,
    "Plans": [
      {
        "Node Type": "Gather",
        "Parent Relationship": "Outer",
        "Parallel Aware": false,
        "Startup Cost": 1064541.55,
        "Total Cost": 1064541.66,
        "Plan Rows": 1,
        "Plan Width": 8,
        "Actual Startup Time": 9584.475,
        "Actual Total Time": 9671.946,
        "Actual Rows": 2,
        "Actual Loops": 1,
        "Workers Planned": 1,
        "Workers Launched": 1,
        "Single Copy": false,
        "Plans": [
          {
            "Node Type": "Aggregate",
            "Strategy": "Plain",
            "Partial Mode": "Partial",
            "Parent Relationship": "Outer",
            "Parallel Aware": false,
            "Startup Cost": 1063541.55,
            "Total Cost": 1063541.56,
            "Plan Rows": 1,
            "Plan Width": 8,
            "Actual Startup Time": 9575.394,
            "Actual Total Time": 9575.811,
            "Actual Rows": 1,
            "Actual Loops": 2,
            "Plans": [
              {
                "Node Type": "Hash Join",
                "Parent Relationship": "Outer",
                "Parallel Aware": true,
                "Join Type": "Inner",
                "Startup Cost": 637347.55,
                "Total Cost": 1033375.24,
                "Plan Rows": 12066525,
                "Plan Width": 0,
                "Actual Startup Time": 4257.448,
                "Actual Total Time": 8891.069,
                "Actual Rows": 16098281,
                "Actual Loops": 2,
                "Inner Unique": false,
                "Hash Cond": "(mi.movie_id = t.id)",
                "Plans": [
                  {
                    "Node Type": "Seq Scan",
                    "Parent Relationship": "Outer",
                    "Parallel Aware": true,
                    "Relation Name": "movie_info",
                    "Alias": "mi",
                    "Startup Cost": 0.0,
                    "Total Cost": 248955.74,
                    "Plan Rows": 8696274,
                    "Plan Width": 4,
                    "Actual Startup Time": 0.015,
                    "Actual Total Time": 657.302,
                    "Actual Rows": 7417860,
                    "Actual Loops": 2
                  },
                  {
                    "Node Type": "Hash",
                    "Parent Relationship": "Inner",
                    "Parallel Aware": true,
                    "Startup Cost": 611552.44,
                    "Total Cost": 611552.44,
                    "Plan Rows": 2063609,
                    "Plan Width": 8,
                    "Actual Startup Time": 4235.78,
                    "Actual Total Time": 4236.195,
                    "Actual Rows": 1983463,
                    "Actual Loops": 2,
                    "Hash Buckets": 4194304,
                    "Original Hash Buckets": 4194304,
                    "Hash Batches": 1,
                    "Original Hash Batches": 1,
                    "Peak Memory Usage": 188000,
                    "Plans": [
                      {
                        "Node Type": "Hash Join",
                        "Parent Relationship": "Outer",
                        "Parallel Aware": true,
                        "Join Type": "Inner",
                        "Startup Cost": 57464.09,
                        "Total Cost": 611552.44,
                        "Plan Rows": 2063609,
                        "Plan Width": 8,
                        "Actual Startup Time": 472.111,
                        "Actual Total Time": 3644.956,
                        "Actual Rows": 1983463,
                        "Actual Loops": 2,
                        "Inner Unique": true,
                        "Hash Cond": "(ci.movie_id = t.id)",
                        "Plans": [
                          {
                            "Node Type": "Seq Scan",
                            "Parent Relationship": "Outer",
                            "Parallel Aware": true,
                            "Relation Name": "cast_info",
                            "Alias": "ci",
                            "Startup Cost": 0.0,
                            "Total Cost": 519069.44,
                            "Plan Rows": 13340516,
                            "Plan Width": 4,
                            "Actual Startup Time": 290.712,
                            "Actual Total Time": 1464.41,
                            "Actual Rows": 11343809,
                            "Actual Loops": 2,
                            "Filter": "(person_id > 1335854)",
                            "Rows Removed by Filter": 6778363
                          },
                          {
                            "Node Type": "Hash",
                            "Parent Relationship": "Inner",
                            "Parallel Aware": true,
                            "Startup Cost": 54588.39,
                            "Total Cost": 54588.39,
                            "Plan Rows": 230056,
                            "Plan Width": 4,
                            "Actual Startup Time": 179.929,
                            "Actual Total Time": 179.93,
                            "Actual Rows": 195833,
                            "Actual Loops": 2,
                            "Hash Buckets": 524288,
                            "Original Hash Buckets": 524288,
                            "Hash Batches": 1,
                            "Original Hash Batches": 1,
                            "Peak Memory Usage": 19456,
                            "Plans": [
                              {
                                "Node Type": "Seq Scan",
                                "Parent Relationship": "Outer",
                                "Parallel Aware": true,
                                "Relation Name": "title",
                                "Alias": "t",
                                "Startup Cost": 0.0,
                                "Total Cost": 54588.39,
                                "Plan Rows": 230056,
                                "Plan Width": 4,
                                "Actual Startup Time": 0.027,
                                "Actual Total Time": 132.58,
                                "Actual Rows": 195833,
                                "Actual Loops": 2,
                                "Filter": "(production_year > 2010)",
                                "Rows Removed by Filter": 1068323
                              }
                            ]
                          }
                        ]
                      }
                    ]
                  }
                ]
              }
            ]
          }
        ]
      }
    ]
  },
  "Planning Time": 0.647,
  "Triggers": [],
  "Execution Time": 9672.027
}