[
    {
        "Bao": {
            "Bao prediction": "NaN",
            "Bao recommended hint": "(no hint)"
        }
    },
    {
        "Plan": {
            "Node Type": "Aggregate",
            "Strategy": "Plain",
            "Partial Mode": "Simple",
            "Parallel Aware": false,
            "Startup Cost": 6264.95,
            "Total Cost": 6264.96,
            "Plan Rows": 1,
            "Plan Width": 8,
            "Actual Startup Time": 2.008,
            "Actual Total Time": 2.01,
            "Actual Rows": 1,
            "Actual Loops": 1,
            "Output": [
                "count(*)"
            ],
            "Plans": [
                {
                    "Node Type": "Index Only Scan",
                    "Parent Relationship": "Outer",
                    "Parallel Aware": false,
                    "Scan Direction": "Forward",
                    "Index Name": "company_id_movie_companies",
                    "Relation Name": "movie_companies",
                    "Schema": "public",
                    "Alias": "mc",
                    "Startup Cost": 0.43,
                    "Total Cost": 6258.65,
                    "Plan Rows": 2522,
                    "Plan Width": 0,
                    "Actual Startup Time": 0.14,
                    "Actual Total Time": 1.758,
                    "Actual Rows": 2523,
                    "Actual Loops": 1,
                    "Output": [
                        "company_id"
                    ],
                    "Index Cond": "(mc.company_id = 10584)",
                    "Rows Removed by Index Recheck": 0,
                    "Heap Fetches": 2523
                }
            ]
        },
        "Planning Time": 276.382,
        "Triggers": [],
        "Execution Time": 2.084
    }
]