[
  {
    "Plan": {
      "Node Type": "Aggregate",
      "Strategy": "Plain",
      "Partial Mode": "Finalize",
      "Parallel Aware": false,
      "Startup Cost": 32055.51,
      "Total Cost": 32055.52,
      "Plan Rows": 1,
      "Plan Width": 8,
      "Actual Startup Time": 115.662,
      "Actual Total Time": 123.985,
      "Actual Rows": 1,
      "Actual Loops": 1,
      "Plans": [
        {
          "Node Type": "Gather",
          "Parent Relationship": "Outer",
          "Parallel Aware": false,
          "Startup Cost": 32055.19,
          "Total Cost": 32055.5,
          "Plan Rows": 3,
          "Plan Width": 8,
          "Actual Startup Time": 115.549,
          "Actual Total Time": 123.975,
          "Actual Rows": 4,
          "Actual Loops": 1,
          "Workers Planned": 3,
          "Workers Launched": 3,
          "Single Copy": false,
          "Plans": [
            {
              "Node Type": "Aggregate",
              "Strategy": "Plain",
              "Partial Mode": "Partial",
              "Parent Relationship": "Outer",
              "Parallel Aware": false,
              "Startup Cost": 31055.19,
              "Total Cost": 31055.2,
              "Plan Rows": 1,
              "Plan Width": 8,
              "Actual Startup Time": 109.582,
              "Actual Total Time": 109.583,
              "Actual Rows": 1,
              "Actual Loops": 4,
              "Plans": [
                {
                  "Node Type": "Seq Scan",
                  "Parent Relationship": "Outer",
                  "Parallel Aware": true,
                  "Relation Name": "movie_companies",
                  "Alias": "mc",
                  "Startup Cost": 0.0,
                  "Total Cost": 29310.68,
                  "Plan Rows": 697804,
                  "Plan Width": 0,
                  "Actual Startup Time": 0.121,
                  "Actual Total Time": 84.179,
                  "Actual Rows": 541508,
                  "Actual Loops": 4,
                  "Filter": "(company_id > 329)",
                  "Rows Removed by Filter": 110774
                }
              ]
            }
          ]
        }
      ]
    },
    "Planning Time": 0.143,
    "Triggers": [],
    "Execution Time": 124.032
  }
]