{
  "Plan": {
    "Node Type": "Aggregate",
    "Strategy": "Plain",
    "Partial Mode": "Finalize",
    "Parallel Aware": false,
    "Startup Cost": 691034.11,
    "Total Cost": 691034.12,
    "Plan Rows": 1,
    "Plan Width": 8,
    "Actual Startup Time": 4264.869,
    "Actual Total Time": 4318.441,
    "Actual Rows": 1,
    "Actual Loops": 1,
    "Plans": [
      {
        "Node Type": "Gather",
        "Parent Relationship": "Outer",
        "Parallel Aware": false,
        "Startup Cost": 691033.99,
        "Total Cost": 691034.1,
        "Plan Rows": 1,
        "Plan Width": 8,
        "Actual Startup Time": 4237.982,
        "Actual Total Time": 4318.43,
        "Actual Rows": 2,
        "Actual Loops": 1,
        "Workers Planned": 1,
        "Workers Launched": 1,
        "Single Copy": false,
        "Plans": [
          {
            "Node Type": "Aggregate",
            "Strategy": "Plain",
            "Partial Mode": "Partial",
            "Parent Relationship": "Outer",
            "Parallel Aware": false,
            "Startup Cost": 690033.99,
            "Total Cost": 690034.0,
            "Plan Rows": 1,
            "Plan Width": 8,
            "Actual Startup Time": 4235.759,
            "Actual Total Time": 4235.768,
            "Actual Rows": 1,
            "Actual Loops": 2,
            "Plans": [
              {
                "Node Type": "Merge Join",
                "Parent Relationship": "Outer",
                "Parallel Aware": false,
                "Join Type": "Inner",
                "Startup Cost": 668347.57,
                "Total Cost": 688350.98,
                "Plan Rows": 673204,
                "Plan Width": 0,
                "Actual Startup Time": 2952.059,
                "Actual Total Time": 3984.017,
                "Actual Rows": 6104841,
                "Actual Loops": 2,
                "Inner Unique": false,
                "Merge Cond": "(t.id = mc.movie_id)",
                "Plans": [
                  {
                    "Node Type": "Sort",
                    "Parent Relationship": "Outer",
                    "Parallel Aware": false,
                    "Startup Cost": 454921.14,
                    "Total Cost": 457624.38,
                    "Plan Rows": 1081294,
                    "Plan Width": 8,
                    "Actual Startup Time": 2405.711,
                    "Actual Total Time": 2498.615,
                    "Actual Rows": 2340170,
                    "Actual Loops": 2,
                    "Sort Key": [
                      "mi.movie_id"
                    ],
                    "Sort Method": "quicksort",
                    "Sort Space Used": 209645,
                    "Sort Space Type": "Memory",
                    "Workers": [
                      {
                        "Worker Number": 0,
                        "Sort Method": "quicksort",
                        "Sort Space Used": 206357,
                        "Sort Space Type": "Memory"
                      }
                    ],
                    "Plans": [
                      {
                        "Node Type": "Hash Join",
                        "Parent Relationship": "Outer",
                        "Parallel Aware": true,
                        "Join Type": "Inner",
                        "Startup Cost": 62159.02,
                        "Total Cost": 346552.09,
                        "Plan Rows": 1081294,
                        "Plan Width": 8,
                        "Actual Startup Time": 234.711,
                        "Actual Total Time": 1896.272,
                        "Actual Rows": 2340192,
                        "Actual Loops": 2,
                        "Inner Unique": true,
                        "Hash Cond": "(mi.movie_id = t.id)",
                        "Plans": [
                          {
                            "Node Type": "Seq Scan",
                            "Parent Relationship": "Outer",
                            "Parallel Aware": true,
                            "Relation Name": "movie_info",
                            "Alias": "mi",
                            "Startup Cost": 0.0,
                            "Total Cost": 270696.42,
                            "Plan Rows": 5217764,
                            "Plan Width": 4,
                            "Actual Startup Time": 0.013,
                            "Actual Total Time": 748.527,
                            "Actual Rows": 4483347,
                            "Actual Loops": 2,
                            "Filter": "(info_type_id < 15)",
                            "Rows Removed by Filter": 2934513
                          },
                          {
                            "Node Type": "Hash",
                            "Parent Relationship": "Inner",
                            "Parallel Aware": true,
                            "Startup Cost": 58306.47,
                            "Total Cost": 58306.47,
                            "Plan Rows": 308204,
                            "Plan Width": 4,
                            "Actual Startup Time": 227.945,
                            "Actual Total Time": 227.947,
                            "Actual Rows": 304766,
                            "Actual Loops": 2,
                            "Hash Buckets": 1048576,
                            "Original Hash Buckets": 524288,
                            "Hash Batches": 1,
                            "Original Hash Batches": 1,
                            "Peak Memory Usage": 36160,
                            "Plans": [
                              {
                                "Node Type": "Seq Scan",
                                "Parent Relationship": "Outer",
                                "Parallel Aware": true,
                                "Relation Name": "title",
                                "Alias": "t",
                                "Startup Cost": 0.0,
                                "Total Cost": 58306.47,
                                "Plan Rows": 308204,
                                "Plan Width": 4,
                                "Actual Startup Time": 0.033,
                                "Actual Total Time": 153.939,
                                "Actual Rows": 304766,
                                "Actual Loops": 2,
                                "Filter": "((kind_id < 7) AND (production_year < 2005))",
                                "Rows Removed by Filter": 959390
                              }
                            ]
                          }
                        ]
                      }
                    ]
                  },
                  {
                    "Node Type": "Sort",
                    "Parent Relationship": "Inner",
                    "Parallel Aware": false,
                    "Startup Cost": 213426.32,
                    "Total Cost": 217361.55,
                    "Plan Rows": 1574094,
                    "Plan Width": 4,
                    "Actual Startup Time": 546.319,
                    "Actual Total Time": 776.035,
                    "Actual Rows": 6942125,
                    "Actual Loops": 2,
                    "Sort Key": [
                      "mc.movie_id"
                    ],
                    "Sort Method": "quicksort",
                    "Sort Space Used": 122443,
                    "Sort Space Type": "Memory",
                    "Workers": [
                      {
                        "Worker Number": 0,
                        "Sort Method": "quicksort",
                        "Sort Space Used": 122443,
                        "Sort Space Type": "Memory"
                      }
                    ],
                    "Plans": [
                      {
                        "Node Type": "Seq Scan",
                        "Parent Relationship": "Outer",
                        "Parallel Aware": false,
                        "Relation Name": "movie_companies",
                        "Alias": "mc",
                        "Startup Cost": 0.0,
                        "Total Cost": 51404.11,
                        "Plan Rows": 1574094,
                        "Plan Width": 4,
                        "Actual Startup Time": 0.035,
                        "Actual Total Time": 230.594,
                        "Actual Rows": 1563520,
                        "Actual Loops": 2,
                        "Filter": "(company_id < 15095)",
                        "Rows Removed by Filter": 1045609
                      }
                    ]
                  }
                ]
              }
            ]
          }
        ]
      }
    ]
  },
  "Planning Time": 1.136,
  "Triggers": [],
  "Execution Time": 4350.075
}