[
  {
    "Plan": {
      "Node Type": "Aggregate",
      "Strategy": "Plain",
      "Partial Mode": "Finalize",
      "Parallel Aware": false,
      "Startup Cost": 32626.84,
      "Total Cost": 32626.85,
      "Plan Rows": 1,
      "Plan Width": 8,
      "Actual Startup Time": 96.177,
      "Actual Total Time": 104.126,
      "Actual Rows": 1,
      "Actual Loops": 1,
      "Plans": [
        {
          "Node Type": "Gather",
          "Parent Relationship": "Outer",
          "Parallel Aware": false,
          "Startup Cost": 32626.53,
          "Total Cost": 32626.84,
          "Plan Rows": 3,
          "Plan Width": 8,
          "Actual Startup Time": 96.096,
          "Actual Total Time": 104.117,
          "Actual Rows": 4,
          "Actual Loops": 1,
          "Workers Planned": 3,
          "Workers Launched": 3,
          "Single Copy": false,
          "Plans": [
            {
              "Node Type": "Aggregate",
              "Strategy": "Plain",
              "Partial Mode": "Partial",
              "Parent Relationship": "Outer",
              "Parallel Aware": false,
              "Startup Cost": 31626.53,
              "Total Cost": 31626.54,
              "Plan Rows": 1,
              "Plan Width": 8,
              "Actual Startup Time": 88.591,
              "Actual Total Time": 88.592,
              "Actual Rows": 1,
              "Actual Loops": 4,
              "Plans": [
                {
                  "Node Type": "Seq Scan",
                  "Parent Relationship": "Outer",
                  "Parallel Aware": true,
                  "Relation Name": "movie_companies",
                  "Alias": "mc",
                  "Startup Cost": 0.0,
                  "Total Cost": 31414.82,
                  "Plan Rows": 84683,
                  "Plan Width": 0,
                  "Actual Startup Time": 48.364,
                  "Actual Total Time": 82.591,
                  "Actual Rows": 131960,
                  "Actual Loops": 4,
                  "Filter": "((company_id > 72874) AND (company_type_id = 2))",
                  "Rows Removed by Filter": 520322
                }
              ]
            }
          ]
        }
      ]
    },
    "Planning Time": 0.23,
    "Triggers": [],
    "Execution Time": 104.196
  }
]