[
  {
    "Plan": {
      "Node Type": "Aggregate",
      "Strategy": "Plain",
      "Partial Mode": "Finalize",
      "Parallel Aware": false,
      "Startup Cost": 46471.41,
      "Total Cost": 46471.42,
      "Plan Rows": 1,
      "Plan Width": 8,
      "Actual Startup Time": 162.403,
      "Actual Total Time": 172.402,
      "Actual Rows": 1,
      "Actual Loops": 1,
      "Plans": [
        {
          "Node Type": "Gather",
          "Parent Relationship": "Outer",
          "Parallel Aware": false,
          "Startup Cost": 46471.09,
          "Total Cost": 46471.4,
          "Plan Rows": 3,
          "Plan Width": 8,
          "Actual Startup Time": 162.31,
          "Actual Total Time": 172.394,
          "Actual Rows": 4,
          "Actual Loops": 1,
          "Workers Planned": 3,
          "Workers Launched": 3,
          "Single Copy": false,
          "Plans": [
            {
              "Node Type": "Aggregate",
              "Strategy": "Plain",
              "Partial Mode": "Partial",
              "Parent Relationship": "Outer",
              "Parallel Aware": false,
              "Startup Cost": 45471.09,
              "Total Cost": 45471.1,
              "Plan Rows": 1,
              "Plan Width": 8,
              "Actual Startup Time": 156.005,
              "Actual Total Time": 156.006,
              "Actual Rows": 1,
              "Actual Loops": 4,
              "Plans": [
                {
                  "Node Type": "Seq Scan",
                  "Parent Relationship": "Outer",
                  "Parallel Aware": true,
                  "Relation Name": "movie_keyword",
                  "Alias": "mk",
                  "Startup Cost": 0.0,
                  "Total Cost": 42695.65,
                  "Plan Rows": 1110174,
                  "Plan Width": 0,
                  "Actual Startup Time": 0.123,
                  "Actual Total Time": 118.402,
                  "Actual Rows": 856862,
                  "Actual Loops": 4,
                  "Filter": "(keyword_id > 1120)",
                  "Rows Removed by Filter": 274120
                }
              ]
            }
          ]
        }
      ]
    },
    "Planning Time": 0.117,
    "Triggers": [],
    "Execution Time": 172.444
  }
]