[
  {
    "Plan": {
      "Node Type": "Aggregate",
      "Strategy": "Plain",
      "Partial Mode": "Finalize",
      "Parallel Aware": false,
      "Startup Cost": 186657.11,
      "Total Cost": 186657.12,
      "Plan Rows": 1,
      "Plan Width": 8,
      "Actual Startup Time": 162.674,
      "Actual Total Time": 173.585,
      "Actual Rows": 1,
      "Actual Loops": 1,
      "Plans": [
        {
          "Node Type": "Gather",
          "Parent Relationship": "Outer",
          "Parallel Aware": false,
          "Startup Cost": 186656.59,
          "Total Cost": 186657.1,
          "Plan Rows": 5,
          "Plan Width": 8,
          "Actual Startup Time": 161.831,
          "Actual Total Time": 173.57,
          "Actual Rows": 6,
          "Actual Loops": 1,
          "Workers Planned": 5,
          "Workers Launched": 5,
          "Single Copy": false,
          "Plans": [
            {
              "Node Type": "Aggregate",
              "Strategy": "Plain",
              "Partial Mode": "Partial",
              "Parent Relationship": "Outer",
              "Parallel Aware": false,
              "Startup Cost": 185656.59,
              "Total Cost": 185656.6,
              "Plan Rows": 1,
              "Plan Width": 8,
              "Actual Startup Time": 156.398,
              "Actual Total Time": 156.4,
              "Actual Rows": 1,
              "Actual Loops": 6,
              "Plans": [
                {
                  "Node Type": "Bitmap Heap Scan",
                  "Parent Relationship": "Outer",
                  "Parallel Aware": true,
                  "Relation Name": "movie_info",
                  "Alias": "mi",
                  "Startup Cost": 20294.89,
                  "Total Cost": 185095.14,
                  "Plan Rows": 224580,
                  "Plan Width": 0,
                  "Actual Startup Time": 61.549,
                  "Actual Total Time": 144.472,
                  "Actual Rows": 185897,
                  "Actual Loops": 6,
                  "Recheck Cond": "(info_type_id > 63)",
                  "Rows Removed by Index Recheck": 0,
                  "Exact Heap Blocks": 10432,
                  "Lossy Heap Blocks": 0,
                  "Plans": [
                    {
                      "Node Type": "Bitmap Index Scan",
                      "Parent Relationship": "Outer",
                      "Parallel Aware": false,
                      "Index Name": "info_type_id_movie_info",
                      "Startup Cost": 0.0,
                      "Total Cost": 20014.17,
                      "Plan Rows": 1122898,
                      "Plan Width": 0,
                      "Actual Startup Time": 60.355,
                      "Actual Total Time": 60.356,
                      "Actual Rows": 1115380,
                      "Actual Loops": 1,
                      "Index Cond": "(info_type_id > 63)"
                    }
                  ]
                }
              ]
            }
          ]
        }
      ]
    },
    "Planning Time": 0.229,
    "Triggers": [],
    "Execution Time": 173.662
  }
]