{
  "Plan": {
    "Node Type": "Aggregate",
    "Strategy": "Plain",
    "Partial Mode": "Finalize",
    "Parallel Aware": false,
    "Startup Cost": 305765.74,
    "Total Cost": 305765.75,
    "Plan Rows": 1,
    "Plan Width": 8,
    "Actual Startup Time": 818.899,
    "Actual Total Time": 846.57,
    "Actual Rows": 1,
    "Actual Loops": 1,
    "Plans": [
      {
        "Node Type": "Gather",
        "Parent Relationship": "Outer",
        "Parallel Aware": false,
        "Startup Cost": 305765.63,
        "Total Cost": 305765.74,
        "Plan Rows": 1,
        "Plan Width": 8,
        "Actual Startup Time": 814.559,
        "Actual Total Time": 846.559,
        "Actual Rows": 2,
        "Actual Loops": 1,
        "Workers Planned": 1,
        "Workers Launched": 1,
        "Single Copy": false,
        "Plans": [
          {
            "Node Type": "Aggregate",
            "Strategy": "Plain",
            "Partial Mode": "Partial",
            "Parent Relationship": "Outer",
            "Parallel Aware": false,
            "Startup Cost": 304765.63,
            "Total Cost": 304765.64,
            "Plan Rows": 1,
            "Plan Width": 8,
            "Actual Startup Time": 807.041,
            "Actual Total Time": 807.045,
            "Actual Rows": 1,
            "Actual Loops": 2,
            "Plans": [
              {
                "Node Type": "Hash Join",
                "Parent Relationship": "Outer",
                "Parallel Aware": true,
                "Join Type": "Inner",
                "Startup Cost": 65889.43,
                "Total Cost": 303961.21,
                "Plan Rows": 321766,
                "Plan Width": 0,
                "Actual Startup Time": 367.172,
                "Actual Total Time": 807.015,
                "Actual Rows": 310,
                "Actual Loops": 2,
                "Inner Unique": true,
                "Hash Cond": "(ci.movie_id = t.id)",
                "Plans": [
                  {
                    "Node Type": "Index Scan",
                    "Parent Relationship": "Outer",
                    "Parallel Aware": true,
                    "Scan Direction": "Forward",
                    "Index Name": "role_id_cast_info",
                    "Relation Name": "cast_info",
                    "Alias": "ci",
                    "Startup Cost": 0.56,
                    "Total Cost": 236682.84,
                    "Plan Rows": 529338,
                    "Plan Width": 4,
                    "Actual Startup Time": 0.497,
                    "Actual Total Time": 438.764,
                    "Actual Rows": 586,
                    "Actual Loops": 2,
                    "Index Cond": "(role_id = 2)",
                    "Rows Removed by Index Recheck": 0,
                    "Filter": "(person_id < 437264)",
                    "Rows Removed by Filter": 3725400
                  },
                  {
                    "Node Type": "Hash",
                    "Parent Relationship": "Inner",
                    "Parallel Aware": true,
                    "Startup Cost": 54588.39,
                    "Total Cost": 54588.39,
                    "Plan Rows": 904038,
                    "Plan Width": 4,
                    "Actual Startup Time": 352.093,
                    "Actual Total Time": 352.094,
                    "Actual Rows": 771632,
                    "Actual Loops": 2,
                    "Hash Buckets": 2097152,
                    "Original Hash Buckets": 2097152,
                    "Hash Batches": 1,
                    "Original Hash Batches": 1,
                    "Peak Memory Usage": 76768,
                    "Plans": [
                      {
                        "Node Type": "Seq Scan",
                        "Parent Relationship": "Outer",
                        "Parallel Aware": true,
                        "Relation Name": "title",
                        "Alias": "t",
                        "Startup Cost": 0.0,
                        "Total Cost": 54588.39,
                        "Plan Rows": 904038,
                        "Plan Width": 4,
                        "Actual Startup Time": 0.026,
                        "Actual Total Time": 157.651,
                        "Actual Rows": 771632,
                        "Actual Loops": 2,
                        "Filter": "(kind_id = 7)",
                        "Rows Removed by Filter": 492524
                      }
                    ]
                  }
                ]
              }
            ]
          }
        ]
      }
    ]
  },
  "Planning Time": 0.759,
  "Triggers": [],
  "Execution Time": 846.646
}