[
  {
    "Plan": {
      "Node Type": "Aggregate",
      "Strategy": "Plain",
      "Partial Mode": "Finalize",
      "Parallel Aware": false,
      "Startup Cost": 31855.09,
      "Total Cost": 31855.1,
      "Plan Rows": 1,
      "Plan Width": 8,
      "Actual Startup Time": 102.586,
      "Actual Total Time": 110.137,
      "Actual Rows": 1,
      "Actual Loops": 1,
      "Plans": [
        {
          "Node Type": "Gather",
          "Parent Relationship": "Outer",
          "Parallel Aware": false,
          "Startup Cost": 31854.77,
          "Total Cost": 31855.08,
          "Plan Rows": 3,
          "Plan Width": 8,
          "Actual Startup Time": 102.478,
          "Actual Total Time": 110.127,
          "Actual Rows": 4,
          "Actual Loops": 1,
          "Workers Planned": 3,
          "Workers Launched": 3,
          "Single Copy": false,
          "Plans": [
            {
              "Node Type": "Aggregate",
              "Strategy": "Plain",
              "Partial Mode": "Partial",
              "Parent Relationship": "Outer",
              "Parallel Aware": false,
              "Startup Cost": 30854.77,
              "Total Cost": 30854.78,
              "Plan Rows": 1,
              "Plan Width": 8,
              "Actual Startup Time": 97.578,
              "Actual Total Time": 97.58,
              "Actual Rows": 1,
              "Actual Loops": 4,
              "Plans": [
                {
                  "Node Type": "Seq Scan",
                  "Parent Relationship": "Outer",
                  "Parallel Aware": true,
                  "Relation Name": "movie_companies",
                  "Alias": "mc",
                  "Startup Cost": 0.0,
                  "Total Cost": 29310.68,
                  "Plan Rows": 617637,
                  "Plan Width": 0,
                  "Actual Startup Time": 0.271,
                  "Actual Total Time": 75.83,
                  "Actual Rows": 479568,
                  "Actual Loops": 4,
                  "Filter": "(company_id > 1263)",
                  "Rows Removed by Filter": 172714
                }
              ]
            }
          ]
        }
      ]
    },
    "Planning Time": 0.098,
    "Triggers": [],
    "Execution Time": 110.165
  }
]