[
  {
    "Plan": {
      "Node Type": "Aggregate",
      "Strategy": "Plain",
      "Partial Mode": "Finalize",
      "Parallel Aware": false,
      "Startup Cost": 32636.47,
      "Total Cost": 32636.48,
      "Plan Rows": 1,
      "Plan Width": 8,
      "Actual Startup Time": 83.681,
      "Actual Total Time": 91.679,
      "Actual Rows": 1,
      "Actual Loops": 1,
      "Plans": [
        {
          "Node Type": "Gather",
          "Parent Relationship": "Outer",
          "Parallel Aware": false,
          "Startup Cost": 32636.15,
          "Total Cost": 32636.46,
          "Plan Rows": 3,
          "Plan Width": 8,
          "Actual Startup Time": 83.518,
          "Actual Total Time": 91.671,
          "Actual Rows": 4,
          "Actual Loops": 1,
          "Workers Planned": 3,
          "Workers Launched": 3,
          "Single Copy": false,
          "Plans": [
            {
              "Node Type": "Aggregate",
              "Strategy": "Plain",
              "Partial Mode": "Partial",
              "Parent Relationship": "Outer",
              "Parallel Aware": false,
              "Startup Cost": 31636.15,
              "Total Cost": 31636.16,
              "Plan Rows": 1,
              "Plan Width": 8,
              "Actual Startup Time": 79.55,
              "Actual Total Time": 79.551,
              "Actual Rows": 1,
              "Actual Loops": 4,
              "Plans": [
                {
                  "Node Type": "Seq Scan",
                  "Parent Relationship": "Outer",
                  "Parallel Aware": true,
                  "Relation Name": "movie_companies",
                  "Alias": "mc",
                  "Startup Cost": 0.0,
                  "Total Cost": 31414.82,
                  "Plan Rows": 88532,
                  "Plan Width": 0,
                  "Actual Startup Time": 0.019,
                  "Actual Total Time": 72.7,
                  "Actual Rows": 102957,
                  "Actual Loops": 4,
                  "Filter": "((company_id < 583) AND (company_type_id = 1))",
                  "Rows Removed by Filter": 549325
                }
              ]
            }
          ]
        }
      ]
    },
    "Planning Time": 0.186,
    "Triggers": [],
    "Execution Time": 91.726
  }
]