[
  {
    "Plan": {
      "Node Type": "Aggregate",
      "Strategy": "Plain",
      "Partial Mode": "Finalize",
      "Parallel Aware": false,
      "Startup Cost": 47149.15,
      "Total Cost": 47149.16,
      "Plan Rows": 1,
      "Plan Width": 8,
      "Actual Startup Time": 188.333,
      "Actual Total Time": 196.892,
      "Actual Rows": 1,
      "Actual Loops": 1,
      "Plans": [
        {
          "Node Type": "Gather",
          "Parent Relationship": "Outer",
          "Parallel Aware": false,
          "Startup Cost": 47148.83,
          "Total Cost": 47149.14,
          "Plan Rows": 3,
          "Plan Width": 8,
          "Actual Startup Time": 188.173,
          "Actual Total Time": 196.881,
          "Actual Rows": 4,
          "Actual Loops": 1,
          "Workers Planned": 3,
          "Workers Launched": 3,
          "Single Copy": false,
          "Plans": [
            {
              "Node Type": "Aggregate",
              "Strategy": "Plain",
              "Partial Mode": "Partial",
              "Parent Relationship": "Outer",
              "Parallel Aware": false,
              "Startup Cost": 46148.83,
              "Total Cost": 46148.84,
              "Plan Rows": 1,
              "Plan Width": 8,
              "Actual Startup Time": 180.843,
              "Actual Total Time": 180.844,
              "Actual Rows": 1,
              "Actual Loops": 4,
              "Plans": [
                {
                  "Node Type": "Seq Scan",
                  "Parent Relationship": "Outer",
                  "Parallel Aware": true,
                  "Relation Name": "movie_keyword",
                  "Alias": "mk",
                  "Startup Cost": 0.0,
                  "Total Cost": 42695.65,
                  "Plan Rows": 1381272,
                  "Plan Width": 0,
                  "Actual Startup Time": 0.073,
                  "Actual Total Time": 131.821,
                  "Actual Rows": 1069362,
                  "Actual Loops": 4,
                  "Filter": "(keyword_id > 212)",
                  "Rows Removed by Filter": 61621
                }
              ]
            }
          ]
        }
      ]
    },
    "Planning Time": 0.19,
    "Triggers": [],
    "Execution Time": 196.951
  }
]