{
  "Plan": {
    "Node Type": "Aggregate",
    "Strategy": "Plain",
    "Partial Mode": "Finalize",
    "Parallel Aware": false,
    "Startup Cost": 339448.01,
    "Total Cost": 339448.02,
    "Plan Rows": 1,
    "Plan Width": 8,
    "Actual Startup Time": 2346.311,
    "Actual Total Time": 2396.827,
    "Actual Rows": 1,
    "Actual Loops": 1,
    "Plans": [
      {
        "Node Type": "Gather",
        "Parent Relationship": "Outer",
        "Parallel Aware": false,
        "Startup Cost": 339447.9,
        "Total Cost": 339448.01,
        "Plan Rows": 1,
        "Plan Width": 8,
        "Actual Startup Time": 2344.412,
        "Actual Total Time": 2396.82,
        "Actual Rows": 2,
        "Actual Loops": 1,
        "Workers Planned": 1,
        "Workers Launched": 1,
        "Single Copy": false,
        "Plans": [
          {
            "Node Type": "Aggregate",
            "Strategy": "Plain",
            "Partial Mode": "Partial",
            "Parent Relationship": "Outer",
            "Parallel Aware": false,
            "Startup Cost": 338447.9,
            "Total Cost": 338447.91,
            "Plan Rows": 1,
            "Plan Width": 8,
            "Actual Startup Time": 2338.809,
            "Actual Total Time": 2338.813,
            "Actual Rows": 1,
            "Actual Loops": 2,
            "Plans": [
              {
                "Node Type": "Hash Join",
                "Parent Relationship": "Outer",
                "Parallel Aware": true,
                "Join Type": "Inner",
                "Startup Cost": 62159.02,
                "Total Cost": 333942.51,
                "Plan Rows": 1802156,
                "Plan Width": 0,
                "Actual Startup Time": 236.94,
                "Actual Total Time": 2202.76,
                "Actual Rows": 3475984,
                "Actual Loops": 2,
                "Inner Unique": true,
                "Hash Cond": "(mi.movie_id = t.id)",
                "Plans": [
                  {
                    "Node Type": "Seq Scan",
                    "Parent Relationship": "Outer",
                    "Parallel Aware": true,
                    "Relation Name": "movie_info",
                    "Alias": "mi",
                    "Startup Cost": 0.0,
                    "Total Cost": 248955.74,
                    "Plan Rows": 8696274,
                    "Plan Width": 4,
                    "Actual Startup Time": 0.014,
                    "Actual Total Time": 611.718,
                    "Actual Rows": 7417860,
                    "Actual Loops": 2
                  },
                  {
                    "Node Type": "Hash",
                    "Parent Relationship": "Inner",
                    "Parallel Aware": true,
                    "Startup Cost": 58306.47,
                    "Total Cost": 58306.47,
                    "Plan Rows": 308204,
                    "Plan Width": 4,
                    "Actual Startup Time": 229.955,
                    "Actual Total Time": 229.956,
                    "Actual Rows": 304766,
                    "Actual Loops": 2,
                    "Hash Buckets": 1048576,
                    "Original Hash Buckets": 524288,
                    "Hash Batches": 1,
                    "Original Hash Batches": 1,
                    "Peak Memory Usage": 36160,
                    "Plans": [
                      {
                        "Node Type": "Seq Scan",
                        "Parent Relationship": "Outer",
                        "Parallel Aware": true,
                        "Relation Name": "title",
                        "Alias": "t",
                        "Startup Cost": 0.0,
                        "Total Cost": 58306.47,
                        "Plan Rows": 308204,
                        "Plan Width": 4,
                        "Actual Startup Time": 0.037,
                        "Actual Total Time": 153.589,
                        "Actual Rows": 304766,
                        "Actual Loops": 2,
                        "Filter": "((kind_id < 7) AND (production_year < 2005))",
                        "Rows Removed by Filter": 959390
                      }
                    ]
                  }
                ]
              }
            ]
          }
        ]
      }
    ]
  },
  "Planning Time": 0.586,
  "Triggers": [],
  "Execution Time": 2396.902
}