[
  {
    "Plan": {
      "Node Type": "Aggregate",
      "Strategy": "Plain",
      "Partial Mode": "Finalize",
      "Parallel Aware": false,
      "Startup Cost": 347689.42,
      "Total Cost": 347689.43,
      "Plan Rows": 1,
      "Plan Width": 8,
      "Actual Startup Time": 682.428,
      "Actual Total Time": 751.305,
      "Actual Rows": 1,
      "Actual Loops": 1,
      "Plans": [
        {
          "Node Type": "Gather",
          "Parent Relationship": "Outer",
          "Parallel Aware": false,
          "Startup Cost": 347688.8,
          "Total Cost": 347689.41,
          "Plan Rows": 6,
          "Plan Width": 8,
          "Actual Startup Time": 682.311,
          "Actual Total Time": 751.294,
          "Actual Rows": 7,
          "Actual Loops": 1,
          "Workers Planned": 6,
          "Workers Launched": 6,
          "Single Copy": false,
          "Plans": [
            {
              "Node Type": "Aggregate",
              "Strategy": "Plain",
              "Partial Mode": "Partial",
              "Parent Relationship": "Outer",
              "Parallel Aware": false,
              "Startup Cost": 346688.8,
              "Total Cost": 346688.81,
              "Plan Rows": 1,
              "Plan Width": 8,
              "Actual Startup Time": 673.31,
              "Actual Total Time": 673.312,
              "Actual Rows": 1,
              "Actual Loops": 7,
              "Plans": [
                {
                  "Node Type": "Seq Scan",
                  "Parent Relationship": "Outer",
                  "Parallel Aware": true,
                  "Relation Name": "cast_info",
                  "Alias": "ci",
                  "Startup Cost": 0.0,
                  "Total Cost": 343257.03,
                  "Plan Rows": 1372707,
                  "Plan Width": 0,
                  "Actual Startup Time": 319.53,
                  "Actual Total Time": 609.922,
                  "Actual Rows": 1594179,
                  "Actual Loops": 7,
                  "Filter": "((person_id > 1790855) AND (role_id > 2))",
                  "Rows Removed by Filter": 3583585
                }
              ]
            }
          ]
        }
      ]
    },
    "Planning Time": 0.182,
    "Triggers": [],
    "Execution Time": 751.369
  }
]