{
  "Plan": {
    "Node Type": "Aggregate",
    "Strategy": "Plain",
    "Partial Mode": "Finalize",
    "Parallel Aware": false,
    "Startup Cost": 188631.47,
    "Total Cost": 188631.48,
    "Plan Rows": 1,
    "Plan Width": 8,
    "Actual Startup Time": 1117.726,
    "Actual Total Time": 1138.258,
    "Actual Rows": 1,
    "Actual Loops": 1,
    "Plans": [
      {
        "Node Type": "Gather",
        "Parent Relationship": "Outer",
        "Parallel Aware": false,
        "Startup Cost": 188631.35,
        "Total Cost": 188631.46,
        "Plan Rows": 1,
        "Plan Width": 8,
        "Actual Startup Time": 1113.652,
        "Actual Total Time": 1138.251,
        "Actual Rows": 2,
        "Actual Loops": 1,
        "Workers Planned": 1,
        "Workers Launched": 1,
        "Single Copy": false,
        "Plans": [
          {
            "Node Type": "Aggregate",
            "Strategy": "Plain",
            "Partial Mode": "Partial",
            "Parent Relationship": "Outer",
            "Parallel Aware": false,
            "Startup Cost": 187631.35,
            "Total Cost": 187631.36,
            "Plan Rows": 1,
            "Plan Width": 8,
            "Actual Startup Time": 1107.105,
            "Actual Total Time": 1107.111,
            "Actual Rows": 1,
            "Actual Loops": 2,
            "Plans": [
              {
                "Node Type": "Hash Join",
                "Parent Relationship": "Outer",
                "Parallel Aware": true,
                "Join Type": "Inner",
                "Startup Cost": 125060.0,
                "Total Cost": 187111.24,
                "Plan Rows": 208046,
                "Plan Width": 0,
                "Actual Startup Time": 784.584,
                "Actual Total Time": 1083.545,
                "Actual Rows": 603527,
                "Actual Loops": 2,
                "Inner Unique": false,
                "Hash Cond": "(mk.movie_id = t.id)",
                "Plans": [
                  {
                    "Node Type": "Seq Scan",
                    "Parent Relationship": "Outer",
                    "Parallel Aware": true,
                    "Relation Name": "movie_keyword",
                    "Alias": "mk",
                    "Startup Cost": 0.0,
                    "Total Cost": 57718.19,
                    "Plan Rows": 829134,
                    "Plan Width": 4,
                    "Actual Startup Time": 1.155,
                    "Actual Total Time": 163.268,
                    "Actual Rows": 706476,
                    "Actual Loops": 2,
                    "Filter": "(keyword_id > 11824)",
                    "Rows Removed by Filter": 1555488
                  },
                  {
                    "Node Type": "Hash",
                    "Parent Relationship": "Inner",
                    "Parallel Aware": true,
                    "Startup Cost": 120395.3,
                    "Total Cost": 120395.3,
                    "Plan Rows": 373176,
                    "Plan Width": 8,
                    "Actual Startup Time": 773.716,
                    "Actual Total Time": 773.72,
                    "Actual Rows": 432409,
                    "Actual Loops": 2,
                    "Hash Buckets": 1048576,
                    "Original Hash Buckets": 1048576,
                    "Hash Batches": 1,
                    "Original Hash Batches": 1,
                    "Peak Memory Usage": 42048,
                    "Plans": [
                      {
                        "Node Type": "Hash Join",
                        "Parent Relationship": "Outer",
                        "Parallel Aware": true,
                        "Join Type": "Inner",
                        "Startup Cost": 65189.52,
                        "Total Cost": 120395.3,
                        "Plan Rows": 373176,
                        "Plan Width": 8,
                        "Actual Startup Time": 270.151,
                        "Actual Total Time": 662.631,
                        "Actual Rows": 432409,
                        "Actual Loops": 2,
                        "Inner Unique": true,
                        "Hash Cond": "(ci.movie_id = t.id)",
                        "Plans": [
                          {
                            "Node Type": "Index Scan",
                            "Parent Relationship": "Outer",
                            "Parallel Aware": true,
                            "Scan Direction": "Forward",
                            "Index Name": "role_id_cast_info",
                            "Relation Name": "cast_info",
                            "Alias": "ci",
                            "Startup Cost": 0.56,
                            "Total Cost": 52560.36,
                            "Plan Rows": 1007991,
                            "Plan Width": 4,
                            "Actual Startup Time": 0.065,
                            "Actual Total Time": 116.068,
                            "Actual Rows": 851772,
                            "Actual Loops": 2,
                            "Index Cond": "(role_id = 8)",
                            "Rows Removed by Index Recheck": 0
                          },
                          {
                            "Node Type": "Hash",
                            "Parent Relationship": "Inner",
                            "Parallel Aware": true,
                            "Startup Cost": 58306.47,
                            "Total Cost": 58306.47,
                            "Plan Rows": 550599,
                            "Plan Width": 4,
                            "Actual Startup Time": 264.838,
                            "Actual Total Time": 264.839,
                            "Actual Rows": 452214,
                            "Actual Loops": 2,
                            "Hash Buckets": 1048576,
                            "Original Hash Buckets": 1048576,
                            "Hash Batches": 1,
                            "Original Hash Batches": 1,
                            "Peak Memory Usage": 43584,
                            "Plans": [
                              {
                                "Node Type": "Seq Scan",
                                "Parent Relationship": "Outer",
                                "Parallel Aware": true,
                                "Relation Name": "title",
                                "Alias": "t",
                                "Startup Cost": 0.0,
                                "Total Cost": 58306.47,
                                "Plan Rows": 550599,
                                "Plan Width": 4,
                                "Actual Startup Time": 0.034,
                                "Actual Total Time": 159.432,
                                "Actual Rows": 452214,
                                "Actual Loops": 2,
                                "Filter": "((kind_id < 7) AND (production_year > 1916))",
                                "Rows Removed by Filter": 811942
                              }
                            ]
                          }
                        ]
                      }
                    ]
                  }
                ]
              }
            ]
          }
        ]
      }
    ]
  },
  "Planning Time": 0.92,
  "Triggers": [],
  "Execution Time": 1138.343
}