[
  {
    "Plan": {
      "Node Type": "Aggregate",
      "Strategy": "Plain",
      "Partial Mode": "Finalize",
      "Parallel Aware": false,
      "Startup Cost": 340610.11,
      "Total Cost": 340610.12,
      "Plan Rows": 1,
      "Plan Width": 8,
      "Actual Startup Time": 348.341,
      "Actual Total Time": 387.649,
      "Actual Rows": 1,
      "Actual Loops": 1,
      "Plans": [
        {
          "Node Type": "Gather",
          "Parent Relationship": "Outer",
          "Parallel Aware": false,
          "Startup Cost": 340609.58,
          "Total Cost": 340610.09,
          "Plan Rows": 5,
          "Plan Width": 8,
          "Actual Startup Time": 344.304,
          "Actual Total Time": 387.638,
          "Actual Rows": 6,
          "Actual Loops": 1,
          "Workers Planned": 5,
          "Workers Launched": 5,
          "Single Copy": false,
          "Plans": [
            {
              "Node Type": "Aggregate",
              "Strategy": "Plain",
              "Partial Mode": "Partial",
              "Parent Relationship": "Outer",
              "Parallel Aware": false,
              "Startup Cost": 339609.58,
              "Total Cost": 339609.59,
              "Plan Rows": 1,
              "Plan Width": 8,
              "Actual Startup Time": 336.309,
              "Actual Total Time": 336.312,
              "Actual Rows": 1,
              "Actual Loops": 6,
              "Plans": [
                {
                  "Node Type": "Nested Loop",
                  "Parent Relationship": "Outer",
                  "Parallel Aware": false,
                  "Join Type": "Inner",
                  "Startup Cost": 57577.18,
                  "Total Cost": 338460.2,
                  "Plan Rows": 459754,
                  "Plan Width": 0,
                  "Actual Startup Time": 151.424,
                  "Actual Total Time": 331.032,
                  "Actual Rows": 78828,
                  "Actual Loops": 6,
                  "Inner Unique": false,
                  "Plans": [
                    {
                      "Node Type": "Hash Join",
                      "Parent Relationship": "Outer",
                      "Parallel Aware": true,
                      "Join Type": "Inner",
                      "Startup Cost": 57576.62,
                      "Total Cost": 221192.94,
                      "Plan Rows": 32569,
                      "Plan Width": 8,
                      "Actual Startup Time": 151.316,
                      "Actual Total Time": 179.335,
                      "Actual Rows": 2496,
                      "Actual Loops": 6,
                      "Inner Unique": true,
                      "Hash Cond": "(mi.movie_id = t.id)",
                      "Plans": [
                        {
                          "Node Type": "Bitmap Heap Scan",
                          "Parent Relationship": "Outer",
                          "Parallel Aware": true,
                          "Relation Name": "movie_info",
                          "Alias": "mi",
                          "Startup Cost": 9699.36,
                          "Total Cost": 173033.94,
                          "Plan Rows": 107327,
                          "Plan Width": 4,
                          "Actual Startup Time": 18.841,
                          "Actual Total Time": 32.305,
                          "Actual Rows": 90561,
                          "Actual Loops": 6,
                          "Recheck Cond": "(info_type_id > 98)",
                          "Rows Removed by Index Recheck": 0,
                          "Exact Heap Blocks": 1671,
                          "Lossy Heap Blocks": 0,
                          "Plans": [
                            {
                              "Node Type": "Bitmap Index Scan",
                              "Parent Relationship": "Outer",
                              "Parallel Aware": false,
                              "Index Name": "info_type_id_movie_info",
                              "Startup Cost": 0.0,
                              "Total Cost": 9565.2,
                              "Plan Rows": 536635,
                              "Plan Width": 0,
                              "Actual Startup Time": 17.903,
                              "Actual Total Time": 17.903,
                              "Actual Rows": 543367,
                              "Actual Loops": 1,
                              "Index Cond": "(info_type_id > 98)"
                            }
                          ]
                        },
                        {
                          "Node Type": "Hash",
                          "Parent Relationship": "Inner",
                          "Parallel Aware": true,
                          "Startup Cost": 45479.59,
                          "Total Cost": 45479.59,
                          "Plan Rows": 191814,
                          "Plan Width": 4,
                          "Actual Startup Time": 124.811,
                          "Actual Total Time": 124.811,
                          "Actual Rows": 113714,
                          "Actual Loops": 6,
                          "Hash Buckets": 1048576,
                          "Original Hash Buckets": 1048576,
                          "Hash Batches": 1,
                          "Original Hash Batches": 1,
                          "Peak Memory Usage": 34976,
                          "Plans": [
                            {
                              "Node Type": "Seq Scan",
                              "Parent Relationship": "Outer",
                              "Parallel Aware": true,
                              "Relation Name": "title",
                              "Alias": "t",
                              "Startup Cost": 0.0,
                              "Total Cost": 45479.59,
                              "Plan Rows": 191814,
                              "Plan Width": 4,
                              "Actual Startup Time": 0.034,
                              "Actual Total Time": 77.942,
                              "Actual Rows": 113714,
                              "Actual Loops": 6,
                              "Filter": "((production_year < 2004) AND (kind_id = 7))",
                              "Rows Removed by Filter": 307672
                            }
                          ]
                        }
                      ]
                    },
                    {
                      "Node Type": "Index Scan",
                      "Parent Relationship": "Inner",
                      "Parallel Aware": false,
                      "Scan Direction": "Forward",
                      "Index Name": "movie_id_cast_info",
                      "Relation Name": "cast_info",
                      "Alias": "ci",
                      "Startup Cost": 0.56,
                      "Total Cost": 3.26,
                      "Plan Rows": 34,
                      "Plan Width": 4,
                      "Actual Startup Time": 0.008,
                      "Actual Total Time": 0.058,
                      "Actual Rows": 32,
                      "Actual Loops": 14975,
                      "Index Cond": "(movie_id = t.id)",
                      "Rows Removed by Index Recheck": 0,
                      "Filter": "(person_id < 3964474)",
                      "Rows Removed by Filter": 1
                    }
                  ]
                }
              ]
            }
          ]
        }
      ]
    },
    "Planning Time": 0.55,
    "Triggers": [],
    "Execution Time": 387.72
  }
]