[
    {
        "Bao": {
            "Bao prediction": 538.873,
            "Bao recommended hint": "SET enable_mergejoin TO off; SET enable_indexscan TO off; "
        }
    },
    {
        "Plan": {
            "Node Type": "Aggregate",
            "Strategy": "Plain",
            "Partial Mode": "Simple",
            "Parallel Aware": false,
            "Startup Cost": 38205.7,
            "Total Cost": 38205.71,
            "Plan Rows": 1,
            "Plan Width": 96,
            "Actual Startup Time": 215.001,
            "Actual Total Time": 230.361,
            "Actual Rows": 1,
            "Actual Loops": 1,
            "Output": [
                "min(mi.info)",
                "min(miidx.info)",
                "min(t.title)"
            ],
            "Plans": [
                {
                    "Node Type": "Gather",
                    "Parent Relationship": "Outer",
                    "Parallel Aware": false,
                    "Startup Cost": 5737.03,
                    "Total Cost": 38205.69,
                    "Plan Rows": 2,
                    "Plan Width": 65,
                    "Actual Startup Time": 64.215,
                    "Actual Total Time": 229.067,
                    "Actual Rows": 10839,
                    "Actual Loops": 1,
                    "Output": [
                        "mi.info",
                        "miidx.info",
                        "t.title"
                    ],
                    "Workers Planned": 3,
                    "Workers Launched": 3,
                    "Single Copy": false,
                    "Plans": [
                        {
                            "Node Type": "Hash Join",
                            "Parent Relationship": "Outer",
                            "Parallel Aware": false,
                            "Join Type": "Inner",
                            "Startup Cost": 4737.03,
                            "Total Cost": 37205.49,
                            "Plan Rows": 1,
                            "Plan Width": 65,
                            "Actual Startup Time": 52.535,
                            "Actual Total Time": 201.527,
                            "Actual Rows": 2710,
                            "Actual Loops": 4,
                            "Output": [
                                "mi.info",
                                "miidx.info",
                                "t.title"
                            ],
                            "Inner Unique": true,
                            "Hash Cond": "(mi.info_type_id = it2.id)",
                            "Workers": [
                                {
                                    "Worker Number": 0,
                                    "Actual Startup Time": 49.163,
                                    "Actual Total Time": 198.507,
                                    "Actual Rows": 2491,
                                    "Actual Loops": 1
                                },
                                {
                                    "Worker Number": 1,
                                    "Actual Startup Time": 49.294,
                                    "Actual Total Time": 198.508,
                                    "Actual Rows": 2613,
                                    "Actual Loops": 1
                                },
                                {
                                    "Worker Number": 2,
                                    "Actual Startup Time": 49.381,
                                    "Actual Total Time": 198.759,
                                    "Actual Rows": 2325,
                                    "Actual Loops": 1
                                }
                            ],
                            "Plans": [
                                {
                                    "Node Type": "Nested Loop",
                                    "Parent Relationship": "Outer",
                                    "Parallel Aware": false,
                                    "Join Type": "Inner",
                                    "Startup Cost": 4734.61,
                                    "Total Cost": 37202.86,
                                    "Plan Rows": 74,
                                    "Plan Width": 69,
                                    "Actual Startup Time": 52.028,
                                    "Actual Total Time": 199.497,
                                    "Actual Rows": 10813,
                                    "Actual Loops": 4,
                                    "Output": [
                                        "mi.info",
                                        "mi.info_type_id",
                                        "miidx.info",
                                        "t.title"
                                    ],
                                    "Inner Unique": false,
                                    "Workers": [
                                        {
                                            "Worker Number": 0,
                                            "Actual Startup Time": 48.576,
                                            "Actual Total Time": 196.343,
                                            "Actual Rows": 10462,
                                            "Actual Loops": 1
                                        },
                                        {
                                            "Worker Number": 1,
                                            "Actual Startup Time": 48.791,
                                            "Actual Total Time": 196.421,
                                            "Actual Rows": 9373,
                                            "Actual Loops": 1
                                        },
                                        {
                                            "Worker Number": 2,
                                            "Actual Startup Time": 48.736,
                                            "Actual Total Time": 196.569,
                                            "Actual Rows": 9795,
                                            "Actual Loops": 1
                                        }
                                    ],
                                    "Plans": [
                                        {
                                            "Node Type": "Hash Join",
                                            "Parent Relationship": "Outer",
                                            "Parallel Aware": false,
                                            "Join Type": "Inner",
                                            "Startup Cost": 4733.77,
                                            "Total Cost": 37191.34,
                                            "Plan Rows": 2,
                                            "Plan Width": 34,
                                            "Actual Startup Time": 51.932,
                                            "Actual Total Time": 177.578,
                                            "Actual Rows": 135,
                                            "Actual Loops": 4,
                                            "Output": [
                                                "mc.movie_id",
                                                "miidx.info",
                                                "miidx.movie_id",
                                                "t.title",
                                                "t.id"
                                            ],
                                            "Inner Unique": true,
                                            "Hash Cond": "(t.kind_id = kt.id)",
                                            "Workers": [
                                                {
                                                    "Worker Number": 0,
                                                    "Actual Startup Time": 48.46,
                                                    "Actual Total Time": 174.33,
                                                    "Actual Rows": 130,
                                                    "Actual Loops": 1
                                                },
                                                {
                                                    "Worker Number": 1,
                                                    "Actual Startup Time": 48.699,
                                                    "Actual Total Time": 174.82,
                                                    "Actual Rows": 121,
                                                    "Actual Loops": 1
                                                },
                                                {
                                                    "Worker Number": 2,
                                                    "Actual Startup Time": 48.614,
                                                    "Actual Total Time": 175.115,
                                                    "Actual Rows": 114,
                                                    "Actual Loops": 1
                                                }
                                            ],
                                            "Plans": [
                                                {
                                                    "Node Type": "Nested Loop",
                                                    "Parent Relationship": "Outer",
                                                    "Parallel Aware": false,
                                                    "Join Type": "Inner",
                                                    "Startup Cost": 4732.67,
                                                    "Total Cost": 37190.17,
                                                    "Plan Rows": 16,
                                                    "Plan Width": 38,
                                                    "Actual Startup Time": 22.063,
                                                    "Actual Total Time": 177.349,
                                                    "Actual Rows": 211,
                                                    "Actual Loops": 4,
                                                    "Output": [
                                                        "mc.movie_id",
                                                        "miidx.info",
                                                        "miidx.movie_id",
                                                        "t.title",
                                                        "t.id",
                                                        "t.kind_id"
                                                    ],
                                                    "Inner Unique": true,
                                                    "Workers": [
                                                        {
                                                            "Worker Number": 0,
                                                            "Actual Startup Time": 18.553,
                                                            "Actual Total Time": 174.097,
                                                            "Actual Rows": 201,
                                                            "Actual Loops": 1
                                                        },
                                                        {
                                                            "Worker Number": 1,
                                                            "Actual Startup Time": 18.645,
                                                            "Actual Total Time": 174.594,
                                                            "Actual Rows": 188,
                                                            "Actual Loops": 1
                                                        },
                                                        {
                                                            "Worker Number": 2,
                                                            "Actual Startup Time": 19.248,
                                                            "Actual Total Time": 174.858,
                                                            "Actual Rows": 188,
                                                            "Actual Loops": 1
                                                        }
                                                    ],
                                                    "Plans": [
                                                        {
                                                            "Node Type": "Hash Join",
                                                            "Parent Relationship": "Outer",
                                                            "Parallel Aware": false,
                                                            "Join Type": "Inner",
                                                            "Startup Cost": 4732.22,
                                                            "Total Cost": 37118.75,
                                                            "Plan Rows": 16,
                                                            "Plan Width": 13,
                                                            "Actual Startup Time": 21.95,
                                                            "Actual Total Time": 171.909,
                                                            "Actual Rows": 211,
                                                            "Actual Loops": 4,
                                                            "Output": [
                                                                "mc.movie_id",
                                                                "miidx.info",
                                                                "miidx.movie_id"
                                                            ],
                                                            "Inner Unique": true,
                                                            "Hash Cond": "(miidx.info_type_id = it.id)",
                                                            "Workers": [
                                                                {
                                                                    "Worker Number": 0,
                                                                    "Actual Startup Time": 18.398,
                                                                    "Actual Total Time": 168.599,
                                                                    "Actual Rows": 201,
                                                                    "Actual Loops": 1
                                                                },
                                                                {
                                                                    "Worker Number": 1,
                                                                    "Actual Startup Time": 18.505,
                                                                    "Actual Total Time": 169.061,
                                                                    "Actual Rows": 188,
                                                                    "Actual Loops": 1
                                                                },
                                                                {
                                                                    "Worker Number": 2,
                                                                    "Actual Startup Time": 19.137,
                                                                    "Actual Total Time": 169.353,
                                                                    "Actual Rows": 188,
                                                                    "Actual Loops": 1
                                                                }
                                                            ],
                                                            "Plans": [
                                                                {
                                                                    "Node Type": "Nested Loop",
                                                                    "Parent Relationship": "Outer",
                                                                    "Parallel Aware": false,
                                                                    "Join Type": "Inner",
                                                                    "Startup Cost": 4729.79,
                                                                    "Total Cost": 37111.5,
                                                                    "Plan Rows": 1770,
                                                                    "Plan Width": 17,
                                                                    "Actual Startup Time": 21.848,
                                                                    "Actual Total Time": 171.623,
                                                                    "Actual Rows": 636,
                                                                    "Actual Loops": 4,
                                                                    "Output": [
                                                                        "mc.movie_id",
                                                                        "miidx.info",
                                                                        "miidx.movie_id",
                                                                        "miidx.info_type_id"
                                                                    ],
                                                                    "Inner Unique": false,
                                                                    "Workers": [
                                                                        {
                                                                            "Worker Number": 0,
                                                                            "Actual Startup Time": 18.304,
                                                                            "Actual Total Time": 168.309,
                                                                            "Actual Rows": 605,
                                                                            "Actual Loops": 1
                                                                        },
                                                                        {
                                                                            "Worker Number": 1,
                                                                            "Actual Startup Time": 18.418,
                                                                            "Actual Total Time": 168.79,
                                                                            "Actual Rows": 567,
                                                                            "Actual Loops": 1
                                                                        },
                                                                        {
                                                                            "Worker Number": 2,
                                                                            "Actual Startup Time": 19.022,
                                                                            "Actual Total Time": 169.046,
                                                                            "Actual Rows": 568,
                                                                            "Actual Loops": 1
                                                                        }
                                                                    ],
                                                                    "Plans": [
                                                                        {
                                                                            "Node Type": "Hash Join",
                                                                            "Parent Relationship": "Outer",
                                                                            "Parallel Aware": false,
                                                                            "Join Type": "Inner",
                                                                            "Startup Cost": 4729.33,
                                                                            "Total Cost": 34159.36,
                                                                            "Plan Rows": 652,
                                                                            "Plan Width": 4,
                                                                            "Actual Startup Time": 21.692,
                                                                            "Actual Total Time": 163.838,
                                                                            "Actual Rows": 383,
                                                                            "Actual Loops": 4,
                                                                            "Output": [
                                                                                "mc.movie_id"
                                                                            ],
                                                                            "Inner Unique": true,
                                                                            "Hash Cond": "(mc.company_type_id = ct.id)",
                                                                            "Workers": [
                                                                                {
                                                                                    "Worker Number": 0,
                                                                                    "Actual Startup Time": 18.119,
                                                                                    "Actual Total Time": 160.584,
                                                                                    "Actual Rows": 369,
                                                                                    "Actual Loops": 1
                                                                                },
                                                                                {
                                                                                    "Worker Number": 1,
                                                                                    "Actual Startup Time": 18.198,
                                                                                    "Actual Total Time": 161.13,
                                                                                    "Actual Rows": 299,
                                                                                    "Actual Loops": 1
                                                                                },
                                                                                {
                                                                                    "Worker Number": 2,
                                                                                    "Actual Startup Time": 18.867,
                                                                                    "Actual Total Time": 161.053,
                                                                                    "Actual Rows": 382,
                                                                                    "Actual Loops": 1
                                                                                }
                                                                            ],
                                                                            "Plans": [
                                                                                {
                                                                                    "Node Type": "Hash Join",
                                                                                    "Parent Relationship": "Outer",
                                                                                    "Parallel Aware": true,
                                                                                    "Join Type": "Inner",
                                                                                    "Startup Cost": 4728.27,
                                                                                    "Total Cost": 34144.2,
                                                                                    "Plan Rows": 2607,
                                                                                    "Plan Width": 8,
                                                                                    "Actual Startup Time": 21.604,
                                                                                    "Actual Total Time": 163.503,
                                                                                    "Actual Rows": 957,
                                                                                    "Actual Loops": 4,
                                                                                    "Output": [
                                                                                        "mc.movie_id",
                                                                                        "mc.company_type_id"
                                                                                    ],
                                                                                    "Inner Unique": true,
                                                                                    "Hash Cond": "(mc.company_id = cn.id)",
                                                                                    "Workers": [
                                                                                        {
                                                                                            "Worker Number": 0,
                                                                                            "Actual Startup Time": 18.035,
                                                                                            "Actual Total Time": 160.249,
                                                                                            "Actual Rows": 824,
                                                                                            "Actual Loops": 1
                                                                                        },
                                                                                        {
                                                                                            "Worker Number": 1,
                                                                                            "Actual Startup Time": 18.115,
                                                                                            "Actual Total Time": 160.813,
                                                                                            "Actual Rows": 784,
                                                                                            "Actual Loops": 1
                                                                                        },
                                                                                        {
                                                                                            "Worker Number": 2,
                                                                                            "Actual Startup Time": 18.763,
                                                                                            "Actual Total Time": 160.69,
                                                                                            "Actual Rows": 918,
                                                                                            "Actual Loops": 1
                                                                                        }
                                                                                    ],
                                                                                    "Plans": [
                                                                                        {
                                                                                            "Node Type": "Seq Scan",
                                                                                            "Parent Relationship": "Outer",
                                                                                            "Parallel Aware": true,
                                                                                            "Relation Name": "movie_companies",
                                                                                            "Schema": "public",
                                                                                            "Alias": "mc",
                                                                                            "Startup Cost": 0.0,
                                                                                            "Total Cost": 27206.55,
                                                                                            "Plan Rows": 841655,
                                                                                            "Plan Width": 12,
                                                                                            "Actual Startup Time": 0.025,
                                                                                            "Actual Total Time": 73.773,
                                                                                            "Actual Rows": 652282,
                                                                                            "Actual Loops": 4,
                                                                                            "Output": [
                                                                                                "mc.id",
                                                                                                "mc.movie_id",
                                                                                                "mc.company_id",
                                                                                                "mc.company_type_id",
                                                                                                "mc.note"
                                                                                            ],
                                                                                            "Workers": [
                                                                                                {
                                                                                                    "Worker Number": 0,
                                                                                                    "Actual Startup Time": 0.03,
                                                                                                    "Actual Total Time": 73.415,
                                                                                                    "Actual Rows": 575853,
                                                                                                    "Actual Loops": 1
                                                                                                },
                                                                                                {
                                                                                                    "Worker Number": 1,
                                                                                                    "Actual Startup Time": 0.031,
                                                                                                    "Actual Total Time": 73.502,
                                                                                                    "Actual Rows": 578353,
                                                                                                    "Actual Loops": 1
                                                                                                },
                                                                                                {
                                                                                                    "Worker Number": 2,
                                                                                                    "Actual Startup Time": 0.02,
                                                                                                    "Actual Total Time": 73.635,
                                                                                                    "Actual Rows": 574818,
                                                                                                    "Actual Loops": 1
                                                                                                }
                                                                                            ]
                                                                                        },
                                                                                        {
                                                                                            "Node Type": "Hash",
                                                                                            "Parent Relationship": "Inner",
                                                                                            "Parallel Aware": true,
                                                                                            "Startup Cost": 4722.92,
                                                                                            "Total Cost": 4722.92,
                                                                                            "Plan Rows": 428,
                                                                                            "Plan Width": 4,
                                                                                            "Actual Startup Time": 20.389,
                                                                                            "Actual Total Time": 20.39,
                                                                                            "Actual Rows": 186,
                                                                                            "Actual Loops": 4,
                                                                                            "Output": [
                                                                                                "cn.id"
                                                                                            ],
                                                                                            "Hash Buckets": 1024,
                                                                                            "Original Hash Buckets": 1024,
                                                                                            "Hash Batches": 1,
                                                                                            "Original Hash Batches": 1,
                                                                                            "Peak Memory Usage": 136,
                                                                                            "Workers": [
                                                                                                {
                                                                                                    "Worker Number": 0,
                                                                                                    "Actual Startup Time": 17.801,
                                                                                                    "Actual Total Time": 17.801,
                                                                                                    "Actual Rows": 155,
                                                                                                    "Actual Loops": 1
                                                                                                },
                                                                                                {
                                                                                                    "Worker Number": 1,
                                                                                                    "Actual Startup Time": 17.902,
                                                                                                    "Actual Total Time": 17.904,
                                                                                                    "Actual Rows": 176,
                                                                                                    "Actual Loops": 1
                                                                                                },
                                                                                                {
                                                                                                    "Worker Number": 2,
                                                                                                    "Actual Startup Time": 17.84,
                                                                                                    "Actual Total Time": 17.841,
                                                                                                    "Actual Rows": 144,
                                                                                                    "Actual Loops": 1
                                                                                                }
                                                                                            ],
                                                                                            "Plans": [
                                                                                                {
                                                                                                    "Node Type": "Seq Scan",
                                                                                                    "Parent Relationship": "Outer",
                                                                                                    "Parallel Aware": true,
                                                                                                    "Relation Name": "company_name",
                                                                                                    "Schema": "public",
                                                                                                    "Alias": "cn",
                                                                                                    "Startup Cost": 0.0,
                                                                                                    "Total Cost": 4722.92,
                                                                                                    "Plan Rows": 428,
                                                                                                    "Plan Width": 4,
                                                                                                    "Actual Startup Time": 0.202,
                                                                                                    "Actual Total Time": 20.066,
                                                                                                    "Actual Rows": 186,
                                                                                                    "Actual Loops": 4,
                                                                                                    "Output": [
                                                                                                        "cn.id"
                                                                                                    ],
                                                                                                    "Filter": "((cn.country_code)::text = '[il]'::text)",
                                                                                                    "Rows Removed by Filter": 58563,
                                                                                                    "Workers": [
                                                                                                        {
                                                                                                            "Worker Number": 0,
                                                                                                            "Actual Startup Time": 0.176,
                                                                                                            "Actual Total Time": 17.526,
                                                                                                            "Actual Rows": 155,
                                                                                                            "Actual Loops": 1
                                                                                                        },
                                                                                                        {
                                                                                                            "Worker Number": 1,
                                                                                                            "Actual Startup Time": 0.167,
                                                                                                            "Actual Total Time": 17.584,
                                                                                                            "Actual Rows": 176,
                                                                                                            "Actual Loops": 1
                                                                                                        },
                                                                                                        {
                                                                                                            "Worker Number": 2,
                                                                                                            "Actual Startup Time": 0.392,
                                                                                                            "Actual Total Time": 17.529,
                                                                                                            "Actual Rows": 144,
                                                                                                            "Actual Loops": 1
                                                                                                        }
                                                                                                    ]
                                                                                                }
                                                                                            ]
                                                                                        }
                                                                                    ]
                                                                                },
                                                                                {
                                                                                    "Node Type": "Hash",
                                                                                    "Parent Relationship": "Inner",
                                                                                    "Parallel Aware": false,
                                                                                    "Startup Cost": 1.05,
                                                                                    "Total Cost": 1.05,
                                                                                    "Plan Rows": 1,
                                                                                    "Plan Width": 4,
                                                                                    "Actual Startup Time": 0.04,
                                                                                    "Actual Total Time": 0.041,
                                                                                    "Actual Rows": 1,
                                                                                    "Actual Loops": 4,
                                                                                    "Output": [
                                                                                        "ct.id"
                                                                                    ],
                                                                                    "Hash Buckets": 1024,
                                                                                    "Original Hash Buckets": 1024,
                                                                                    "Hash Batches": 1,
                                                                                    "Original Hash Batches": 1,
                                                                                    "Peak Memory Usage": 9,
                                                                                    "Workers": [
                                                                                        {
                                                                                            "Worker Number": 0,
                                                                                            "Actual Startup Time": 0.04,
                                                                                            "Actual Total Time": 0.041,
                                                                                            "Actual Rows": 1,
                                                                                            "Actual Loops": 1
                                                                                        },
                                                                                        {
                                                                                            "Worker Number": 1,
                                                                                            "Actual Startup Time": 0.039,
                                                                                            "Actual Total Time": 0.04,
                                                                                            "Actual Rows": 1,
                                                                                            "Actual Loops": 1
                                                                                        },
                                                                                        {
                                                                                            "Worker Number": 2,
                                                                                            "Actual Startup Time": 0.05,
                                                                                            "Actual Total Time": 0.051,
                                                                                            "Actual Rows": 1,
                                                                                            "Actual Loops": 1
                                                                                        }
                                                                                    ],
                                                                                    "Plans": [
                                                                                        {
                                                                                            "Node Type": "Seq Scan",
                                                                                            "Parent Relationship": "Outer",
                                                                                            "Parallel Aware": false,
                                                                                            "Relation Name": "company_type",
                                                                                            "Schema": "public",
                                                                                            "Alias": "ct",
                                                                                            "Startup Cost": 0.0,
                                                                                            "Total Cost": 1.05,
                                                                                            "Plan Rows": 1,
                                                                                            "Plan Width": 4,
                                                                                            "Actual Startup Time": 0.026,
                                                                                            "Actual Total Time": 0.029,
                                                                                            "Actual Rows": 1,
                                                                                            "Actual Loops": 4,
                                                                                            "Output": [
                                                                                                "ct.id"
                                                                                            ],
                                                                                            "Filter": "((ct.kind)::text = 'distributors'::text)",
                                                                                            "Rows Removed by Filter": 3,
                                                                                            "Workers": [
                                                                                                {
                                                                                                    "Worker Number": 0,
                                                                                                    "Actual Startup Time": 0.029,
                                                                                                    "Actual Total Time": 0.032,
                                                                                                    "Actual Rows": 1,
                                                                                                    "Actual Loops": 1
                                                                                                },
                                                                                                {
                                                                                                    "Worker Number": 1,
                                                                                                    "Actual Startup Time": 0.028,
                                                                                                    "Actual Total Time": 0.03,
                                                                                                    "Actual Rows": 1,
                                                                                                    "Actual Loops": 1
                                                                                                },
                                                                                                {
                                                                                                    "Worker Number": 2,
                                                                                                    "Actual Startup Time": 0.035,
                                                                                                    "Actual Total Time": 0.038,
                                                                                                    "Actual Rows": 1,
                                                                                                    "Actual Loops": 1
                                                                                                }
                                                                                            ]
                                                                                        }
                                                                                    ]
                                                                                }
                                                                            ]
                                                                        },
                                                                        {
                                                                            "Node Type": "Bitmap Heap Scan",
                                                                            "Parent Relationship": "Inner",
                                                                            "Parallel Aware": false,
                                                                            "Relation Name": "movie_info_idx",
                                                                            "Schema": "public",
                                                                            "Alias": "miidx",
                                                                            "Startup Cost": 0.46,
                                                                            "Total Cost": 4.5,
                                                                            "Plan Rows": 3,
                                                                            "Plan Width": 13,
                                                                            "Actual Startup Time": 0.017,
                                                                            "Actual Total Time": 0.017,
                                                                            "Actual Rows": 2,
                                                                            "Actual Loops": 1531,
                                                                            "Output": [
                                                                                "miidx.id",
                                                                                "miidx.movie_id",
                                                                                "miidx.info_type_id",
                                                                                "miidx.info",
                                                                                "miidx.note"
                                                                            ],
                                                                            "Recheck Cond": "(miidx.movie_id = mc.movie_id)",
                                                                            "Rows Removed by Index Recheck": 0,
                                                                            "Exact Heap Blocks": 273,
                                                                            "Lossy Heap Blocks": 0,
                                                                            "Workers": [
                                                                                {
                                                                                    "Worker Number": 0,
                                                                                    "Actual Startup Time": 0.017,
                                                                                    "Actual Total Time": 0.018,
                                                                                    "Actual Rows": 2,
                                                                                    "Actual Loops": 369
                                                                                },
                                                                                {
                                                                                    "Worker Number": 1,
                                                                                    "Actual Startup Time": 0.022,
                                                                                    "Actual Total Time": 0.022,
                                                                                    "Actual Rows": 2,
                                                                                    "Actual Loops": 299
                                                                                },
                                                                                {
                                                                                    "Worker Number": 2,
                                                                                    "Actual Startup Time": 0.017,
                                                                                    "Actual Total Time": 0.018,
                                                                                    "Actual Rows": 1,
                                                                                    "Actual Loops": 382
                                                                                }
                                                                            ],
                                                                            "Plans": [
                                                                                {
                                                                                    "Node Type": "Bitmap Index Scan",
                                                                                    "Parent Relationship": "Outer",
                                                                                    "Parallel Aware": false,
                                                                                    "Index Name": "movie_id_movie_info_idx",
                                                                                    "Startup Cost": 0.0,
                                                                                    "Total Cost": 0.46,
                                                                                    "Plan Rows": 3,
                                                                                    "Plan Width": 0,
                                                                                    "Actual Startup Time": 0.012,
                                                                                    "Actual Total Time": 0.012,
                                                                                    "Actual Rows": 2,
                                                                                    "Actual Loops": 1531,
                                                                                    "Index Cond": "(miidx.movie_id = mc.movie_id)",
                                                                                    "Workers": [
                                                                                        {
                                                                                            "Worker Number": 0,
                                                                                            "Actual Startup Time": 0.012,
                                                                                            "Actual Total Time": 0.012,
                                                                                            "Actual Rows": 2,
                                                                                            "Actual Loops": 369
                                                                                        },
                                                                                        {
                                                                                            "Worker Number": 1,
                                                                                            "Actual Startup Time": 0.015,
                                                                                            "Actual Total Time": 0.015,
                                                                                            "Actual Rows": 2,
                                                                                            "Actual Loops": 299
                                                                                        },
                                                                                        {
                                                                                            "Worker Number": 2,
                                                                                            "Actual Startup Time": 0.012,
                                                                                            "Actual Total Time": 0.012,
                                                                                            "Actual Rows": 1,
                                                                                            "Actual Loops": 382
                                                                                        }
                                                                                    ]
                                                                                }
                                                                            ]
                                                                        }
                                                                    ]
                                                                },
                                                                {
                                                                    "Node Type": "Hash",
                                                                    "Parent Relationship": "Inner",
                                                                    "Parallel Aware": false,
                                                                    "Startup Cost": 2.41,
                                                                    "Total Cost": 2.41,
                                                                    "Plan Rows": 1,
                                                                    "Plan Width": 4,
                                                                    "Actual Startup Time": 0.048,
                                                                    "Actual Total Time": 0.049,
                                                                    "Actual Rows": 1,
                                                                    "Actual Loops": 4,
                                                                    "Output": [
                                                                        "it.id"
                                                                    ],
                                                                    "Hash Buckets": 1024,
                                                                    "Original Hash Buckets": 1024,
                                                                    "Hash Batches": 1,
                                                                    "Original Hash Batches": 1,
                                                                    "Peak Memory Usage": 9,
                                                                    "Workers": [
                                                                        {
                                                                            "Worker Number": 0,
                                                                            "Actual Startup Time": 0.046,
                                                                            "Actual Total Time": 0.046,
                                                                            "Actual Rows": 1,
                                                                            "Actual Loops": 1
                                                                        },
                                                                        {
                                                                            "Worker Number": 1,
                                                                            "Actual Startup Time": 0.041,
                                                                            "Actual Total Time": 0.042,
                                                                            "Actual Rows": 1,
                                                                            "Actual Loops": 1
                                                                        },
                                                                        {
                                                                            "Worker Number": 2,
                                                                            "Actual Startup Time": 0.057,
                                                                            "Actual Total Time": 0.058,
                                                                            "Actual Rows": 1,
                                                                            "Actual Loops": 1
                                                                        }
                                                                    ],
                                                                    "Plans": [
                                                                        {
                                                                            "Node Type": "Seq Scan",
                                                                            "Parent Relationship": "Outer",
                                                                            "Parallel Aware": false,
                                                                            "Relation Name": "info_type",
                                                                            "Schema": "public",
                                                                            "Alias": "it",
                                                                            "Startup Cost": 0.0,
                                                                            "Total Cost": 2.41,
                                                                            "Plan Rows": 1,
                                                                            "Plan Width": 4,
                                                                            "Actual Startup Time": 0.034,
                                                                            "Actual Total Time": 0.038,
                                                                            "Actual Rows": 1,
                                                                            "Actual Loops": 4,
                                                                            "Output": [
                                                                                "it.id"
                                                                            ],
                                                                            "Filter": "((it.info)::text = 'rating'::text)",
                                                                            "Rows Removed by Filter": 112,
                                                                            "Workers": [
                                                                                {
                                                                                    "Worker Number": 0,
                                                                                    "Actual Startup Time": 0.032,
                                                                                    "Actual Total Time": 0.036,
                                                                                    "Actual Rows": 1,
                                                                                    "Actual Loops": 1
                                                                                },
                                                                                {
                                                                                    "Worker Number": 1,
                                                                                    "Actual Startup Time": 0.029,
                                                                                    "Actual Total Time": 0.033,
                                                                                    "Actual Rows": 1,
                                                                                    "Actual Loops": 1
                                                                                },
                                                                                {
                                                                                    "Worker Number": 2,
                                                                                    "Actual Startup Time": 0.04,
                                                                                    "Actual Total Time": 0.045,
                                                                                    "Actual Rows": 1,
                                                                                    "Actual Loops": 1
                                                                                }
                                                                            ]
                                                                        }
                                                                    ]
                                                                }
                                                            ]
                                                        },
                                                        {
                                                            "Node Type": "Bitmap Heap Scan",
                                                            "Parent Relationship": "Inner",
                                                            "Parallel Aware": false,
                                                            "Relation Name": "title",
                                                            "Schema": "public",
                                                            "Alias": "t",
                                                            "Startup Cost": 0.45,
                                                            "Total Cost": 4.46,
                                                            "Plan Rows": 1,
                                                            "Plan Width": 25,
                                                            "Actual Startup Time": 0.023,
                                                            "Actual Total Time": 0.023,
                                                            "Actual Rows": 1,
                                                            "Actual Loops": 845,
                                                            "Output": [
                                                                "t.id",
                                                                "t.title",
                                                                "t.imdb_index",
                                                                "t.kind_id",
                                                                "t.production_year",
                                                                "t.imdb_id",
                                                                "t.phonetic_code",
                                                                "t.episode_of_id",
                                                                "t.season_nr",
                                                                "t.episode_nr",
                                                                "t.series_years",
                                                                "t.md5sum"
                                                            ],
                                                            "Recheck Cond": "(t.id = mc.movie_id)",
                                                            "Rows Removed by Index Recheck": 0,
                                                            "Exact Heap Blocks": 268,
                                                            "Lossy Heap Blocks": 0,
                                                            "Workers": [
                                                                {
                                                                    "Worker Number": 0,
                                                                    "Actual Startup Time": 0.024,
                                                                    "Actual Total Time": 0.024,
                                                                    "Actual Rows": 1,
                                                                    "Actual Loops": 201
                                                                },
                                                                {
                                                                    "Worker Number": 1,
                                                                    "Actual Startup Time": 0.026,
                                                                    "Actual Total Time": 0.026,
                                                                    "Actual Rows": 1,
                                                                    "Actual Loops": 188
                                                                },
                                                                {
                                                                    "Worker Number": 2,
                                                                    "Actual Startup Time": 0.026,
                                                                    "Actual Total Time": 0.026,
                                                                    "Actual Rows": 1,
                                                                    "Actual Loops": 188
                                                                }
                                                            ],
                                                            "Plans": [
                                                                {
                                                                    "Node Type": "Bitmap Index Scan",
                                                                    "Parent Relationship": "Outer",
                                                                    "Parallel Aware": false,
                                                                    "Index Name": "title_pkey",
                                                                    "Startup Cost": 0.0,
                                                                    "Total Cost": 0.45,
                                                                    "Plan Rows": 1,
                                                                    "Plan Width": 0,
                                                                    "Actual Startup Time": 0.013,
                                                                    "Actual Total Time": 0.013,
                                                                    "Actual Rows": 1,
                                                                    "Actual Loops": 845,
                                                                    "Index Cond": "(t.id = mc.movie_id)",
                                                                    "Workers": [
                                                                        {
                                                                            "Worker Number": 0,
                                                                            "Actual Startup Time": 0.013,
                                                                            "Actual Total Time": 0.013,
                                                                            "Actual Rows": 1,
                                                                            "Actual Loops": 201
                                                                        },
                                                                        {
                                                                            "Worker Number": 1,
                                                                            "Actual Startup Time": 0.015,
                                                                            "Actual Total Time": 0.015,
                                                                            "Actual Rows": 1,
                                                                            "Actual Loops": 188
                                                                        },
                                                                        {
                                                                            "Worker Number": 2,
                                                                            "Actual Startup Time": 0.014,
                                                                            "Actual Total Time": 0.014,
                                                                            "Actual Rows": 1,
                                                                            "Actual Loops": 188
                                                                        }
                                                                    ]
                                                                }
                                                            ]
                                                        }
                                                    ]
                                                },
                                                {
                                                    "Node Type": "Hash",
                                                    "Parent Relationship": "Inner",
                                                    "Parallel Aware": false,
                                                    "Startup Cost": 1.09,
                                                    "Total Cost": 1.09,
                                                    "Plan Rows": 1,
                                                    "Plan Width": 4,
                                                    "Actual Startup Time": 0.052,
                                                    "Actual Total Time": 0.053,
                                                    "Actual Rows": 1,
                                                    "Actual Loops": 4,
                                                    "Output": [
                                                        "kt.id"
                                                    ],
                                                    "Hash Buckets": 1024,
                                                    "Original Hash Buckets": 1024,
                                                    "Hash Batches": 1,
                                                    "Original Hash Batches": 1,
                                                    "Peak Memory Usage": 9,
                                                    "Workers": [
                                                        {
                                                            "Worker Number": 0,
                                                            "Actual Startup Time": 0.052,
                                                            "Actual Total Time": 0.052,
                                                            "Actual Rows": 1,
                                                            "Actual Loops": 1
                                                        },
                                                        {
                                                            "Worker Number": 1,
                                                            "Actual Startup Time": 0.054,
                                                            "Actual Total Time": 0.055,
                                                            "Actual Rows": 1,
                                                            "Actual Loops": 1
                                                        },
                                                        {
                                                            "Worker Number": 2,
                                                            "Actual Startup Time": 0.071,
                                                            "Actual Total Time": 0.072,
                                                            "Actual Rows": 1,
                                                            "Actual Loops": 1
                                                        }
                                                    ],
                                                    "Plans": [
                                                        {
                                                            "Node Type": "Seq Scan",
                                                            "Parent Relationship": "Outer",
                                                            "Parallel Aware": false,
                                                            "Relation Name": "kind_type",
                                                            "Schema": "public",
                                                            "Alias": "kt",
                                                            "Startup Cost": 0.0,
                                                            "Total Cost": 1.09,
                                                            "Plan Rows": 1,
                                                            "Plan Width": 4,
                                                            "Actual Startup Time": 0.035,
                                                            "Actual Total Time": 0.039,
                                                            "Actual Rows": 1,
                                                            "Actual Loops": 4,
                                                            "Output": [
                                                                "kt.id"
                                                            ],
                                                            "Filter": "((kt.kind)::text = 'movie'::text)",
                                                            "Rows Removed by Filter": 6,
                                                            "Workers": [
                                                                {
                                                                    "Worker Number": 0,
                                                                    "Actual Startup Time": 0.036,
                                                                    "Actual Total Time": 0.039,
                                                                    "Actual Rows": 1,
                                                                    "Actual Loops": 1
                                                                },
                                                                {
                                                                    "Worker Number": 1,
                                                                    "Actual Startup Time": 0.039,
                                                                    "Actual Total Time": 0.042,
                                                                    "Actual Rows": 1,
                                                                    "Actual Loops": 1
                                                                },
                                                                {
                                                                    "Worker Number": 2,
                                                                    "Actual Startup Time": 0.052,
                                                                    "Actual Total Time": 0.056,
                                                                    "Actual Rows": 1,
                                                                    "Actual Loops": 1
                                                                }
                                                            ]
                                                        }
                                                    ]
                                                }
                                            ]
                                        },
                                        {
                                            "Node Type": "Bitmap Heap Scan",
                                            "Parent Relationship": "Inner",
                                            "Parallel Aware": false,
                                            "Relation Name": "movie_info",
                                            "Schema": "public",
                                            "Alias": "mi",
                                            "Startup Cost": 0.84,
                                            "Total Cost": 5.35,
                                            "Plan Rows": 41,
                                            "Plan Width": 51,
                                            "Actual Startup Time": 0.036,
                                            "Actual Total Time": 0.146,
                                            "Actual Rows": 80,
                                            "Actual Loops": 541,
                                            "Output": [
                                                "mi.id",
                                                "mi.movie_id",
                                                "mi.info_type_id",
                                                "mi.info",
                                                "mi.note"
                                            ],
                                            "Recheck Cond": "(mi.movie_id = t.id)",
                                            "Rows Removed by Index Recheck": 0,
                                            "Exact Heap Blocks": 2446,
                                            "Lossy Heap Blocks": 0,
                                            "Workers": [
                                                {
                                                    "Worker Number": 0,
                                                    "Actual Startup Time": 0.037,
                                                    "Actual Total Time": 0.151,
                                                    "Actual Rows": 80,
                                                    "Actual Loops": 130
                                                },
                                                {
                                                    "Worker Number": 1,
                                                    "Actual Startup Time": 0.04,
                                                    "Actual Total Time": 0.161,
                                                    "Actual Rows": 77,
                                                    "Actual Loops": 121
                                                },
                                                {
                                                    "Worker Number": 2,
                                                    "Actual Startup Time": 0.042,
                                                    "Actual Total Time": 0.169,
                                                    "Actual Rows": 86,
                                                    "Actual Loops": 114
                                                }
                                            ],
                                            "Plans": [
                                                {
                                                    "Node Type": "Bitmap Index Scan",
                                                    "Parent Relationship": "Outer",
                                                    "Parallel Aware": false,
                                                    "Index Name": "movie_id_movie_info",
                                                    "Startup Cost": 0.0,
                                                    "Total Cost": 0.83,
                                                    "Plan Rows": 41,
                                                    "Plan Width": 0,
                                                    "Actual Startup Time": 0.026,
                                                    "Actual Total Time": 0.026,
                                                    "Actual Rows": 80,
                                                    "Actual Loops": 541,
                                                    "Index Cond": "(mi.movie_id = t.id)",
                                                    "Workers": [
                                                        {
                                                            "Worker Number": 0,
                                                            "Actual Startup Time": 0.026,
                                                            "Actual Total Time": 0.026,
                                                            "Actual Rows": 80,
                                                            "Actual Loops": 130
                                                        },
                                                        {
                                                            "Worker Number": 1,
                                                            "Actual Startup Time": 0.028,
                                                            "Actual Total Time": 0.028,
                                                            "Actual Rows": 77,
                                                            "Actual Loops": 121
                                                        },
                                                        {
                                                            "Worker Number": 2,
                                                            "Actual Startup Time": 0.03,
                                                            "Actual Total Time": 0.03,
                                                            "Actual Rows": 86,
                                                            "Actual Loops": 114
                                                        }
                                                    ]
                                                }
                                            ]
                                        }
                                    ]
                                },
                                {
                                    "Node Type": "Hash",
                                    "Parent Relationship": "Inner",
                                    "Parallel Aware": false,
                                    "Startup Cost": 2.41,
                                    "Total Cost": 2.41,
                                    "Plan Rows": 1,
                                    "Plan Width": 4,
                                    "Actual Startup Time": 0.092,
                                    "Actual Total Time": 0.093,
                                    "Actual Rows": 1,
                                    "Actual Loops": 4,
                                    "Output": [
                                        "it2.id"
                                    ],
                                    "Hash Buckets": 1024,
                                    "Original Hash Buckets": 1024,
                                    "Hash Batches": 1,
                                    "Original Hash Batches": 1,
                                    "Peak Memory Usage": 9,
                                    "Workers": [
                                        {
                                            "Worker Number": 0,
                                            "Actual Startup Time": 0.085,
                                            "Actual Total Time": 0.086,
                                            "Actual Rows": 1,
                                            "Actual Loops": 1
                                        },
                                        {
                                            "Worker Number": 1,
                                            "Actual Startup Time": 0.082,
                                            "Actual Total Time": 0.083,
                                            "Actual Rows": 1,
                                            "Actual Loops": 1
                                        },
                                        {
                                            "Worker Number": 2,
                                            "Actual Startup Time": 0.111,
                                            "Actual Total Time": 0.112,
                                            "Actual Rows": 1,
                                            "Actual Loops": 1
                                        }
                                    ],
                                    "Plans": [
                                        {
                                            "Node Type": "Seq Scan",
                                            "Parent Relationship": "Outer",
                                            "Parallel Aware": false,
                                            "Relation Name": "info_type",
                                            "Schema": "public",
                                            "Alias": "it2",
                                            "Startup Cost": 0.0,
                                            "Total Cost": 2.41,
                                            "Plan Rows": 1,
                                            "Plan Width": 4,
                                            "Actual Startup Time": 0.05,
                                            "Actual Total Time": 0.074,
                                            "Actual Rows": 1,
                                            "Actual Loops": 4,
                                            "Output": [
                                                "it2.id"
                                            ],
                                            "Filter": "((it2.info)::text = 'release dates'::text)",
                                            "Rows Removed by Filter": 112,
                                            "Workers": [
                                                {
                                                    "Worker Number": 0,
                                                    "Actual Startup Time": 0.05,
                                                    "Actual Total Time": 0.067,
                                                    "Actual Rows": 1,
                                                    "Actual Loops": 1
                                                },
                                                {
                                                    "Worker Number": 1,
                                                    "Actual Startup Time": 0.05,
                                                    "Actual Total Time": 0.065,
                                                    "Actual Rows": 1,
                                                    "Actual Loops": 1
                                                },
                                                {
                                                    "Worker Number": 2,
                                                    "Actual Startup Time": 0.067,
                                                    "Actual Total Time": 0.088,
                                                    "Actual Rows": 1,
                                                    "Actual Loops": 1
                                                }
                                            ]
                                        }
                                    ]
                                }
                            ]
                        }
                    ]
                }
            ]
        },
        "Planning Time": 1859.567,
        "Triggers": [],
        "Execution Time": 231.36
    }
]