[
    {
        "Bao": {
            "Bao prediction": "NaN",
            "Bao recommended hint": "(no hint)"
        }
    },
    {
        "Plan": {
            "Node Type": "Aggregate",
            "Strategy": "Plain",
            "Partial Mode": "Finalize",
            "Parallel Aware": false,
            "Startup Cost": 33385.32,
            "Total Cost": 33385.33,
            "Plan Rows": 1,
            "Plan Width": 8,
            "Actual Startup Time": 94.425,
            "Actual Total Time": 100.49,
            "Actual Rows": 1,
            "Actual Loops": 1,
            "Output": [
                "count(*)"
            ],
            "Plans": [
                {
                    "Node Type": "Gather",
                    "Parent Relationship": "Outer",
                    "Parallel Aware": false,
                    "Startup Cost": 33385.0,
                    "Total Cost": 33385.31,
                    "Plan Rows": 3,
                    "Plan Width": 8,
                    "Actual Startup Time": 94.332,
                    "Actual Total Time": 100.483,
                    "Actual Rows": 4,
                    "Actual Loops": 1,
                    "Output": [
                        "(PARTIAL count(*))"
                    ],
                    "Workers Planned": 3,
                    "Workers Launched": 3,
                    "Single Copy": false,
                    "Plans": [
                        {
                            "Node Type": "Aggregate",
                            "Strategy": "Plain",
                            "Partial Mode": "Partial",
                            "Parent Relationship": "Outer",
                            "Parallel Aware": false,
                            "Startup Cost": 32385.0,
                            "Total Cost": 32385.01,
                            "Plan Rows": 1,
                            "Plan Width": 8,
                            "Actual Startup Time": 86.497,
                            "Actual Total Time": 86.498,
                            "Actual Rows": 1,
                            "Actual Loops": 4,
                            "Output": [
                                "PARTIAL count(*)"
                            ],
                            "Workers": [
                                {
                                    "Worker Number": 0,
                                    "Actual Startup Time": 83.802,
                                    "Actual Total Time": 83.803,
                                    "Actual Rows": 1,
                                    "Actual Loops": 1
                                },
                                {
                                    "Worker Number": 1,
                                    "Actual Startup Time": 83.859,
                                    "Actual Total Time": 83.86,
                                    "Actual Rows": 1,
                                    "Actual Loops": 1
                                },
                                {
                                    "Worker Number": 2,
                                    "Actual Startup Time": 84.235,
                                    "Actual Total Time": 84.236,
                                    "Actual Rows": 1,
                                    "Actual Loops": 1
                                }
                            ],
                            "Plans": [
                                {
                                    "Node Type": "Seq Scan",
                                    "Parent Relationship": "Outer",
                                    "Parallel Aware": true,
                                    "Relation Name": "movie_companies",
                                    "Schema": "public",
                                    "Alias": "mc",
                                    "Startup Cost": 0.0,
                                    "Total Cost": 31414.82,
                                    "Plan Rows": 388072,
                                    "Plan Width": 0,
                                    "Actual Startup Time": 41.728,
                                    "Actual Total Time": 75.673,
                                    "Actual Rows": 270586,
                                    "Actual Loops": 4,
                                    "Output": [
                                        "id",
                                        "movie_id",
                                        "company_id",
                                        "company_type_id",
                                        "note"
                                    ],
                                    "Filter": "((mc.company_id < 100724) AND (mc.company_type_id = 2))",
                                    "Rows Removed by Filter": 381696,
                                    "Workers": [
                                        {
                                            "Worker Number": 0,
                                            "Actual Startup Time": 39.039,
                                            "Actual Total Time": 73.106,
                                            "Actual Rows": 263237,
                                            "Actual Loops": 1
                                        },
                                        {
                                            "Worker Number": 1,
                                            "Actual Startup Time": 39.081,
                                            "Actual Total Time": 73.227,
                                            "Actual Rows": 260651,
                                            "Actual Loops": 1
                                        },
                                        {
                                            "Worker Number": 2,
                                            "Actual Startup Time": 39.473,
                                            "Actual Total Time": 73.922,
                                            "Actual Rows": 257051,
                                            "Actual Loops": 1
                                        }
                                    ]
                                }
                            ]
                        }
                    ]
                }
            ]
        },
        "Planning Time": 179.106,
        "Triggers": [],
        "Execution Time": 100.527
    }
]