{
  "Plan": {
    "Node Type": "Aggregate",
    "Strategy": "Plain",
    "Partial Mode": "Finalize",
    "Parallel Aware": false,
    "Startup Cost": 289035.87,
    "Total Cost": 289035.88,
    "Plan Rows": 1,
    "Plan Width": 8,
    "Actual Startup Time": 2220.128,
    "Actual Total Time": 2257.337,
    "Actual Rows": 1,
    "Actual Loops": 1,
    "Plans": [
      {
        "Node Type": "Gather",
        "Parent Relationship": "Outer",
        "Parallel Aware": false,
        "Startup Cost": 289035.76,
        "Total Cost": 289035.87,
        "Plan Rows": 1,
        "Plan Width": 8,
        "Actual Startup Time": 2219.435,
        "Actual Total Time": 2257.329,
        "Actual Rows": 2,
        "Actual Loops": 1,
        "Workers Planned": 1,
        "Workers Launched": 1,
        "Single Copy": false,
        "Plans": [
          {
            "Node Type": "Aggregate",
            "Strategy": "Plain",
            "Partial Mode": "Partial",
            "Parent Relationship": "Outer",
            "Parallel Aware": false,
            "Startup Cost": 288035.76,
            "Total Cost": 288035.77,
            "Plan Rows": 1,
            "Plan Width": 8,
            "Actual Startup Time": 2213.287,
            "Actual Total Time": 2213.291,
            "Actual Rows": 1,
            "Actual Loops": 2,
            "Plans": [
              {
                "Node Type": "Nested Loop",
                "Parent Relationship": "Outer",
                "Parallel Aware": false,
                "Join Type": "Inner",
                "Startup Cost": 55490.75,
                "Total Cost": 286803.26,
                "Plan Rows": 492999,
                "Plan Width": 0,
                "Actual Startup Time": 136.263,
                "Actual Total Time": 2039.429,
                "Actual Rows": 4277642,
                "Actual Loops": 2,
                "Inner Unique": false,
                "Join Filter": "(t.id = mi.movie_id)",
                "Rows Removed by Join Filter": 0,
                "Plans": [
                  {
                    "Node Type": "Hash Join",
                    "Parent Relationship": "Outer",
                    "Parallel Aware": true,
                    "Join Type": "Inner",
                    "Startup Cost": 55490.31,
                    "Total Cost": 95806.22,
                    "Plan Rows": 84312,
                    "Plan Width": 8,
                    "Actual Startup Time": 136.196,
                    "Actual Total Time": 414.836,
                    "Actual Rows": 125428,
                    "Actual Loops": 2,
                    "Inner Unique": true,
                    "Hash Cond": "(mc.movie_id = t.id)",
                    "Plans": [
                      {
                        "Node Type": "Seq Scan",
                        "Parent Relationship": "Outer",
                        "Parallel Aware": true,
                        "Relation Name": "movie_companies",
                        "Alias": "mc",
                        "Startup Cost": 0.0,
                        "Total Cost": 37974.77,
                        "Plan Rows": 891862,
                        "Plan Width": 4,
                        "Actual Startup Time": 6.263,
                        "Actual Total Time": 115.301,
                        "Actual Rows": 759038,
                        "Actual Loops": 2,
                        "Filter": "(company_id > 7276)",
                        "Rows Removed by Filter": 545526
                      },
                      {
                        "Node Type": "Hash",
                        "Parent Relationship": "Inner",
                        "Parallel Aware": true,
                        "Startup Cost": 53732.86,
                        "Total Cost": 53732.86,
                        "Plan Rows": 140596,
                        "Plan Width": 4,
                        "Actual Startup Time": 117.331,
                        "Actual Total Time": 117.333,
                        "Actual Rows": 100082,
                        "Actual Loops": 2,
                        "Hash Buckets": 262144,
                        "Original Hash Buckets": 262144,
                        "Hash Batches": 1,
                        "Original Hash Batches": 1,
                        "Peak Memory Usage": 9888,
                        "Plans": [
                          {
                            "Node Type": "Bitmap Heap Scan",
                            "Parent Relationship": "Outer",
                            "Parallel Aware": true,
                            "Relation Name": "title",
                            "Alias": "t",
                            "Startup Cost": 11882.6,
                            "Total Cost": 53732.86,
                            "Plan Rows": 140596,
                            "Plan Width": 4,
                            "Actual Startup Time": 35.174,
                            "Actual Total Time": 95.702,
                            "Actual Rows": 100082,
                            "Actual Loops": 2,
                            "Recheck Cond": "(kind_id = 1)",
                            "Rows Removed by Index Recheck": 0,
                            "Filter": "(production_year > 2006)",
                            "Rows Removed by Filter": 231330,
                            "Exact Heap Blocks": 8519,
                            "Lossy Heap Blocks": 0,
                            "Plans": [
                              {
                                "Node Type": "Bitmap Index Scan",
                                "Parent Relationship": "Outer",
                                "Parallel Aware": false,
                                "Index Name": "kind_id_title",
                                "Startup Cost": 0.0,
                                "Total Cost": 11822.85,
                                "Plan Rows": 663256,
                                "Plan Width": 0,
                                "Actual Startup Time": 35.862,
                                "Actual Total Time": 35.862,
                                "Actual Rows": 662825,
                                "Actual Loops": 1,
                                "Index Cond": "(kind_id = 1)"
                              }
                            ]
                          }
                        ]
                      }
                    ]
                  },
                  {
                    "Node Type": "Index Only Scan",
                    "Parent Relationship": "Inner",
                    "Parallel Aware": false,
                    "Scan Direction": "Forward",
                    "Index Name": "movie_id_movie_info",
                    "Relation Name": "movie_info",
                    "Alias": "mi",
                    "Startup Cost": 0.43,
                    "Total Cost": 1.74,
                    "Plan Rows": 42,
                    "Plan Width": 4,
                    "Actual Startup Time": 0.003,
                    "Actual Total Time": 0.01,
                    "Actual Rows": 34,
                    "Actual Loops": 250855,
                    "Index Cond": "(movie_id = mc.movie_id)",
                    "Rows Removed by Index Recheck": 0,
                    "Heap Fetches": 8555284
                  }
                ]
              }
            ]
          }
        ]
      }
    ]
  },
  "Planning Time": 0.996,
  "Triggers": [],
  "Execution Time": 2257.458
}