[
  {
    "Plan": {
      "Node Type": "Aggregate",
      "Strategy": "Plain",
      "Partial Mode": "Finalize",
      "Parallel Aware": false,
      "Startup Cost": 46131.13,
      "Total Cost": 46131.14,
      "Plan Rows": 1,
      "Plan Width": 8,
      "Actual Startup Time": 143.213,
      "Actual Total Time": 152.517,
      "Actual Rows": 1,
      "Actual Loops": 1,
      "Plans": [
        {
          "Node Type": "Gather",
          "Parent Relationship": "Outer",
          "Parallel Aware": false,
          "Startup Cost": 46130.82,
          "Total Cost": 46131.13,
          "Plan Rows": 3,
          "Plan Width": 8,
          "Actual Startup Time": 143.108,
          "Actual Total Time": 152.508,
          "Actual Rows": 4,
          "Actual Loops": 1,
          "Workers Planned": 3,
          "Workers Launched": 3,
          "Single Copy": false,
          "Plans": [
            {
              "Node Type": "Aggregate",
              "Strategy": "Plain",
              "Partial Mode": "Partial",
              "Parent Relationship": "Outer",
              "Parallel Aware": false,
              "Startup Cost": 45130.82,
              "Total Cost": 45130.83,
              "Plan Rows": 1,
              "Plan Width": 8,
              "Actual Startup Time": 138.806,
              "Actual Total Time": 138.807,
              "Actual Rows": 1,
              "Actual Loops": 4,
              "Plans": [
                {
                  "Node Type": "Seq Scan",
                  "Parent Relationship": "Outer",
                  "Parallel Aware": true,
                  "Relation Name": "movie_keyword",
                  "Alias": "mk",
                  "Startup Cost": 0.0,
                  "Total Cost": 42695.65,
                  "Plan Rows": 974065,
                  "Plan Width": 0,
                  "Actual Startup Time": 0.036,
                  "Actual Total Time": 107.756,
                  "Actual Rows": 758341,
                  "Actual Loops": 4,
                  "Filter": "(keyword_id < 10921)",
                  "Rows Removed by Filter": 372642
                }
              ]
            }
          ]
        }
      ]
    },
    "Planning Time": 0.193,
    "Triggers": [],
    "Execution Time": 152.572
  }
]