{
    "Plan": {
        "Node Type": "Aggregate",
        "Strategy": "Plain",
        "Partial Mode": "Simple",
        "Parallel Aware": false,
        "Startup Cost": 80000894457.44,
        "Total Cost": 80000894457.45,
        "Plan Rows": 1,
        "Plan Width": 96,
        "Actual Startup Time": 7558.038,
        "Actual Total Time": 7558.075,
        "Actual Rows": 1,
        "Actual Loops": 1,
        "Output": [
            "min(cn.name)",
            "min(mi_idx.info)",
            "min(t.title)"
        ],
        "Plans": [
            {
                "Node Type": "Nested Loop",
                "Parent Relationship": "Outer",
                "Parallel Aware": false,
                "Join Type": "Inner",
                "Startup Cost": 80000894422.69,
                "Total Cost": 80000894457.44,
                "Plan Rows": 1,
                "Plan Width": 41,
                "Actual Startup Time": 6652.623,
                "Actual Total Time": 7557.644,
                "Actual Rows": 1329,
                "Actual Loops": 1,
                "Output": [
                    "cn.name",
                    "mi_idx.info",
                    "t.title"
                ],
                "Inner Unique": true,
                "Plans": [
                    {
                        "Node Type": "Merge Join",
                        "Parent Relationship": "Outer",
                        "Parallel Aware": false,
                        "Join Type": "Inner",
                        "Startup Cost": 70000894422.26,
                        "Total Cost": 70000894438.05,
                        "Plan Rows": 4,
                        "Plan Width": 45,
                        "Actual Startup Time": 6647.884,
                        "Actual Total Time": 6720.896,
                        "Actual Rows": 172155,
                        "Actual Loops": 1,
                        "Output": [
                            "cn.name",
                            "mi_idx.info",
                            "mk.keyword_id",
                            "t.title"
                        ],
                        "Inner Unique": true,
                        "Merge Cond": "(mi.info_type_id = it1.id)",
                        "Plans": [
                            {
                                "Node Type": "Sort",
                                "Parent Relationship": "Outer",
                                "Parallel Aware": false,
                                "Startup Cost": 70000894422.12,
                                "Total Cost": 70000894423.01,
                                "Plan Rows": 355,
                                "Plan Width": 49,
                                "Actual Startup Time": 6582.916,
                                "Actual Total Time": 6643.626,
                                "Actual Rows": 933490,
                                "Actual Loops": 1,
                                "Output": [
                                    "cn.name",
                                    "mi.info_type_id",
                                    "mi_idx.info",
                                    "mk.keyword_id",
                                    "t.title"
                                ],
                                "Sort Key": [
                                    "mi.info_type_id"
                                ],
                                "Sort Method": "quicksort",
                                "Sort Space Used": 127842,
                                "Sort Space Type": "Memory",
                                "Plans": [
                                    {
                                        "Node Type": "Hash Join",
                                        "Parent Relationship": "Outer",
                                        "Parallel Aware": false,
                                        "Join Type": "Inner",
                                        "Startup Cost": 70000894389.99,
                                        "Total Cost": 70000894407.08,
                                        "Plan Rows": 355,
                                        "Plan Width": 49,
                                        "Actual Startup Time": 6287.468,
                                        "Actual Total Time": 6394.097,
                                        "Actual Rows": 939314,
                                        "Actual Loops": 1,
                                        "Output": [
                                            "cn.name",
                                            "mi.info_type_id",
                                            "mi_idx.info",
                                            "mk.keyword_id",
                                            "t.title"
                                        ],
                                        "Inner Unique": false,
                                        "Hash Cond": "(cct2.id = cc.status_id)",
                                        "Plans": [
                                            {
                                                "Node Type": "Index Scan",
                                                "Parent Relationship": "Outer",
                                                "Parallel Aware": false,
                                                "Scan Direction": "Forward",
                                                "Index Name": "comp_cast_type_pkey",
                                                "Relation Name": "comp_cast_type",
                                                "Schema": "public",
                                                "Alias": "cct2",
                                                "Startup Cost": 0.13,
                                                "Total Cost": 12.2,
                                                "Plan Rows": 3,
                                                "Plan Width": 4,
                                                "Actual Startup Time": 0.017,
                                                "Actual Total Time": 0.042,
                                                "Actual Rows": 3,
                                                "Actual Loops": 1,
                                                "Output": [
                                                    "cct2.id",
                                                    "cct2.kind"
                                                ],
                                                "Filter": "((cct2.kind)::text <> 'complete+verified'::text)",
                                                "Rows Removed by Filter": 1
                                            },
                                            {
                                                "Node Type": "Hash",
                                                "Parent Relationship": "Inner",
                                                "Parallel Aware": false,
                                                "Startup Cost": 70000894383.93,
                                                "Total Cost": 70000894383.93,
                                                "Plan Rows": 474,
                                                "Plan Width": 53,
                                                "Actual Startup Time": 6287.415,
                                                "Actual Total Time": 6287.447,
                                                "Actual Rows": 1109697,
                                                "Actual Loops": 1,
                                                "Output": [
                                                    "cc.status_id",
                                                    "cn.name",
                                                    "mi.info_type_id",
                                                    "mi_idx.info",
                                                    "mk.keyword_id",
                                                    "t.title"
                                                ],
                                                "Hash Buckets": 2097152,
                                                "Original Hash Buckets": 1024,
                                                "Hash Batches": 1,
                                                "Original Hash Batches": 1,
                                                "Peak Memory Usage": 109693,
                                                "Plans": [
                                                    {
                                                        "Node Type": "Merge Join",
                                                        "Parent Relationship": "Outer",
                                                        "Parallel Aware": false,
                                                        "Join Type": "Inner",
                                                        "Startup Cost": 70000881615.73,
                                                        "Total Cost": 70000894383.93,
                                                        "Plan Rows": 474,
                                                        "Plan Width": 53,
                                                        "Actual Startup Time": 5822.314,
                                                        "Actual Total Time": 6073.845,
                                                        "Actual Rows": 1109697,
                                                        "Actual Loops": 1,
                                                        "Output": [
                                                            "cc.status_id",
                                                            "cn.name",
                                                            "mi.info_type_id",
                                                            "mi_idx.info",
                                                            "mk.keyword_id",
                                                            "t.title"
                                                        ],
                                                        "Inner Unique": true,
                                                        "Merge Cond": "(mc.company_id = cn.id)",
                                                        "Plans": [
                                                            {
                                                                "Node Type": "Sort",
                                                                "Parent Relationship": "Outer",
                                                                "Parallel Aware": false,
                                                                "Startup Cost": 70000881615.2,
                                                                "Total Cost": 70000881617.4,
                                                                "Plan Rows": 883,
                                                                "Plan Width": 38,
                                                                "Actual Startup Time": 5822.216,
                                                                "Actual Total Time": 5885.869,
                                                                "Actual Rows": 1142937,
                                                                "Actual Loops": 1,
                                                                "Output": [
                                                                    "cc.status_id",
                                                                    "mc.company_id",
                                                                    "mi.info_type_id",
                                                                    "mi_idx.info",
                                                                    "mk.keyword_id",
                                                                    "t.title"
                                                                ],
                                                                "Sort Key": [
                                                                    "mc.company_id"
                                                                ],
                                                                "Sort Method": "quicksort",
                                                                "Sort Space Used": 143260,
                                                                "Sort Space Type": "Memory",
                                                                "Plans": [
                                                                    {
                                                                        "Node Type": "Nested Loop",
                                                                        "Parent Relationship": "Outer",
                                                                        "Parallel Aware": false,
                                                                        "Join Type": "Inner",
                                                                        "Startup Cost": 70000881141.22,
                                                                        "Total Cost": 70000881571.99,
                                                                        "Plan Rows": 883,
                                                                        "Plan Width": 38,
                                                                        "Actual Startup Time": 5326.177,
                                                                        "Actual Total Time": 5609.421,
                                                                        "Actual Rows": 1142937,
                                                                        "Actual Loops": 1,
                                                                        "Output": [
                                                                            "cc.status_id",
                                                                            "mc.company_id",
                                                                            "mi.info_type_id",
                                                                            "mi_idx.info",
                                                                            "mk.keyword_id",
                                                                            "t.title"
                                                                        ],
                                                                        "Inner Unique": false,
                                                                        "Plans": [
                                                                            {
                                                                                "Node Type": "Hash Join",
                                                                                "Parent Relationship": "Outer",
                                                                                "Parallel Aware": false,
                                                                                "Join Type": "Inner",
                                                                                "Startup Cost": 60000881140.37,
                                                                                "Total Cost": 60000881142.51,
                                                                                "Plan Rows": 73,
                                                                                "Plan Width": 54,
                                                                                "Actual Startup Time": 5325.701,
                                                                                "Actual Total Time": 5329.44,
                                                                                "Actual Rows": 13475,
                                                                                "Actual Loops": 1,
                                                                                "Output": [
                                                                                    "cc.movie_id",
                                                                                    "cc.status_id",
                                                                                    "mc.movie_id",
                                                                                    "mc.company_id",
                                                                                    "mi.movie_id",
                                                                                    "mi.info_type_id",
                                                                                    "mi_idx.info",
                                                                                    "mi_idx.movie_id",
                                                                                    "t.title",
                                                                                    "t.id"
                                                                                ],
                                                                                "Inner Unique": false,
                                                                                "Hash Cond": "(ct.id = mc.company_type_id)",
                                                                                "Plans": [
                                                                                    {
                                                                                        "Node Type": "Seq Scan",
                                                                                        "Parent Relationship": "Outer",
                                                                                        "Parallel Aware": false,
                                                                                        "Relation Name": "company_type",
                                                                                        "Schema": "public",
                                                                                        "Alias": "ct",
                                                                                        "Startup Cost": 0.0,
                                                                                        "Total Cost": 1.04,
                                                                                        "Plan Rows": 4,
                                                                                        "Plan Width": 4,
                                                                                        "Actual Startup Time": 0.009,
                                                                                        "Actual Total Time": 0.013,
                                                                                        "Actual Rows": 4,
                                                                                        "Actual Loops": 1,
                                                                                        "Output": [
                                                                                            "ct.id",
                                                                                            "ct.kind"
                                                                                        ]
                                                                                    },
                                                                                    {
                                                                                        "Node Type": "Hash",
                                                                                        "Parent Relationship": "Inner",
                                                                                        "Parallel Aware": false,
                                                                                        "Startup Cost": 60000881139.46,
                                                                                        "Total Cost": 60000881139.46,
                                                                                        "Plan Rows": 73,
                                                                                        "Plan Width": 58,
                                                                                        "Actual Startup Time": 5325.669,
                                                                                        "Actual Total Time": 5325.691,
                                                                                        "Actual Rows": 13475,
                                                                                        "Actual Loops": 1,
                                                                                        "Output": [
                                                                                            "cc.movie_id",
                                                                                            "cc.status_id",
                                                                                            "mc.movie_id",
                                                                                            "mc.company_type_id",
                                                                                            "mc.company_id",
                                                                                            "mi.movie_id",
                                                                                            "mi.info_type_id",
                                                                                            "mi_idx.info",
                                                                                            "mi_idx.movie_id",
                                                                                            "t.title",
                                                                                            "t.id"
                                                                                        ],
                                                                                        "Hash Buckets": 16384,
                                                                                        "Original Hash Buckets": 1024,
                                                                                        "Hash Batches": 1,
                                                                                        "Original Hash Batches": 1,
                                                                                        "Peak Memory Usage": 1300,
                                                                                        "Plans": [
                                                                                            {
                                                                                                "Node Type": "Nested Loop",
                                                                                                "Parent Relationship": "Outer",
                                                                                                "Parallel Aware": false,
                                                                                                "Join Type": "Inner",
                                                                                                "Startup Cost": 60000390246.42,
                                                                                                "Total Cost": 60000881139.46,
                                                                                                "Plan Rows": 73,
                                                                                                "Plan Width": 58,
                                                                                                "Actual Startup Time": 2515.897,
                                                                                                "Actual Total Time": 5318.561,
                                                                                                "Actual Rows": 13475,
                                                                                                "Actual Loops": 1,
                                                                                                "Output": [
                                                                                                    "cc.movie_id",
                                                                                                    "cc.status_id",
                                                                                                    "mc.movie_id",
                                                                                                    "mc.company_type_id",
                                                                                                    "mc.company_id",
                                                                                                    "mi.movie_id",
                                                                                                    "mi.info_type_id",
                                                                                                    "mi_idx.info",
                                                                                                    "mi_idx.movie_id",
                                                                                                    "t.title",
                                                                                                    "t.id"
                                                                                                ],
                                                                                                "Inner Unique": false,
                                                                                                "Plans": [
                                                                                                    {
                                                                                                        "Node Type": "Nested Loop",
                                                                                                        "Parent Relationship": "Outer",
                                                                                                        "Parallel Aware": false,
                                                                                                        "Join Type": "Inner",
                                                                                                        "Startup Cost": 50000390245.54,
                                                                                                        "Total Cost": 50000880898.6,
                                                                                                        "Plan Rows": 41,
                                                                                                        "Plan Width": 50,
                                                                                                        "Actual Startup Time": 2515.736,
                                                                                                        "Actual Total Time": 4710.97,
                                                                                                        "Actual Rows": 11994,
                                                                                                        "Actual Loops": 1,
                                                                                                        "Output": [
                                                                                                            "cc.movie_id",
                                                                                                            "cc.status_id",
                                                                                                            "mc.movie_id",
                                                                                                            "mc.company_type_id",
                                                                                                            "mc.company_id",
                                                                                                            "mi_idx.info",
                                                                                                            "mi_idx.movie_id",
                                                                                                            "t.title",
                                                                                                            "t.id"
                                                                                                        ],
                                                                                                        "Inner Unique": true,
                                                                                                        "Plans": [
                                                                                                            {
                                                                                                                "Node Type": "Merge Join",
                                                                                                                "Parent Relationship": "Outer",
                                                                                                                "Parallel Aware": false,
                                                                                                                "Join Type": "Inner",
                                                                                                                "Startup Cost": 40000390245.4,
                                                                                                                "Total Cost": 40000880331.04,
                                                                                                                "Plan Rows": 143,
                                                                                                                "Plan Width": 54,
                                                                                                                "Actual Startup Time": 2515.644,
                                                                                                                "Actual Total Time": 4659.316,
                                                                                                                "Actual Rows": 12634,
                                                                                                                "Actual Loops": 1,
                                                                                                                "Output": [
                                                                                                                    "cc.movie_id",
                                                                                                                    "cc.status_id",
                                                                                                                    "mc.movie_id",
                                                                                                                    "mc.company_type_id",
                                                                                                                    "mc.company_id",
                                                                                                                    "mi_idx.info",
                                                                                                                    "mi_idx.movie_id",
                                                                                                                    "t.title",
                                                                                                                    "t.kind_id",
                                                                                                                    "t.id"
                                                                                                                ],
                                                                                                                "Inner Unique": false,
                                                                                                                "Merge Cond": "(mi_idx.movie_id = t.id)",
                                                                                                                "Plans": [
                                                                                                                    {
                                                                                                                        "Node Type": "Nested Loop",
                                                                                                                        "Parent Relationship": "Outer",
                                                                                                                        "Parallel Aware": false,
                                                                                                                        "Join Type": "Inner",
                                                                                                                        "Startup Cost": 30000176274.09,
                                                                                                                        "Total Cost": 30000659207.99,
                                                                                                                        "Plan Rows": 252,
                                                                                                                        "Plan Width": 29,
                                                                                                                        "Actual Startup Time": 1405.834,
                                                                                                                        "Actual Total Time": 3105.7,
                                                                                                                        "Actual Rows": 27109,
                                                                                                                        "Actual Loops": 1,
                                                                                                                        "Output": [
                                                                                                                            "cc.movie_id",
                                                                                                                            "cc.status_id",
                                                                                                                            "mc.movie_id",
                                                                                                                            "mc.company_type_id",
                                                                                                                            "mc.company_id",
                                                                                                                            "mi_idx.info",
                                                                                                                            "mi_idx.movie_id"
                                                                                                                        ],
                                                                                                                        "Inner Unique": true,
                                                                                                                        "Plans": [
                                                                                                                            {
                                                                                                                                "Node Type": "Nested Loop",
                                                                                                                                "Parent Relationship": "Outer",
                                                                                                                                "Parallel Aware": false,
                                                                                                                                "Join Type": "Inner",
                                                                                                                                "Startup Cost": 20000176273.95,
                                                                                                                                "Total Cost": 20000655015.29,
                                                                                                                                "Plan Rows": 1009,
                                                                                                                                "Plan Width": 33,
                                                                                                                                "Actual Startup Time": 1405.816,
                                                                                                                                "Actual Total Time": 2729.37,
                                                                                                                                "Actual Rows": 96715,
                                                                                                                                "Actual Loops": 1,
                                                                                                                                "Output": [
                                                                                                                                    "cc.movie_id",
                                                                                                                                    "cc.subject_id",
                                                                                                                                    "cc.status_id",
                                                                                                                                    "mc.movie_id",
                                                                                                                                    "mc.company_type_id",
                                                                                                                                    "mc.company_id",
                                                                                                                                    "mi_idx.info",
                                                                                                                                    "mi_idx.movie_id"
                                                                                                                                ],
                                                                                                                                "Inner Unique": true,
                                                                                                                                "Plans": [
                                                                                                                                    {
                                                                                                                                        "Node Type": "Merge Join",
                                                                                                                                        "Parent Relationship": "Outer",
                                                                                                                                        "Parallel Aware": false,
                                                                                                                                        "Join Type": "Inner",
                                                                                                                                        "Startup Cost": 10000176273.8,
                                                                                                                                        "Total Cost": 10000180003.57,
                                                                                                                                        "Plan Rows": 114039,
                                                                                                                                        "Plan Width": 37,
                                                                                                                                        "Actual Startup Time": 1405.749,
                                                                                                                                        "Actual Total Time": 1592.028,
                                                                                                                                        "Actual Rows": 290554,
                                                                                                                                        "Actual Loops": 1,
                                                                                                                                        "Output": [
                                                                                                                                            "cc.movie_id",
                                                                                                                                            "cc.subject_id",
                                                                                                                                            "cc.status_id",
                                                                                                                                            "mc.movie_id",
                                                                                                                                            "mc.company_type_id",
                                                                                                                                            "mc.company_id",
                                                                                                                                            "mi_idx.info",
                                                                                                                                            "mi_idx.movie_id",
                                                                                                                                            "mi_idx.info_type_id"
                                                                                                                                        ],
                                                                                                                                        "Inner Unique": false,
                                                                                                                                        "Merge Cond": "(mi_idx.movie_id = mc.movie_id)",
                                                                                                                                        "Plans": [
                                                                                                                                            {
                                                                                                                                                "Node Type": "Sort",
                                                                                                                                                "Parent Relationship": "Outer",
                                                                                                                                                "Parallel Aware": false,
                                                                                                                                                "Startup Cost": 105557.32,
                                                                                                                                                "Total Cost": 106484.38,
                                                                                                                                                "Plan Rows": 370824,
                                                                                                                                                "Plan Width": 25,
                                                                                                                                                "Actual Startup Time": 738.947,
                                                                                                                                                "Actual Total Time": 760.32,
                                                                                                                                                "Actual Rows": 277356,
                                                                                                                                                "Actual Loops": 1,
                                                                                                                                                "Output": [
                                                                                                                                                    "cc.movie_id",
                                                                                                                                                    "cc.subject_id",
                                                                                                                                                    "cc.status_id",
                                                                                                                                                    "mi_idx.info",
                                                                                                                                                    "mi_idx.movie_id",
                                                                                                                                                    "mi_idx.info_type_id"
                                                                                                                                                ],
                                                                                                                                                "Sort Key": [
                                                                                                                                                    "cc.movie_id"
                                                                                                                                                ],
                                                                                                                                                "Sort Method": "quicksort",
                                                                                                                                                "Sort Space Used": 33957,
                                                                                                                                                "Sort Space Type": "Memory",
                                                                                                                                                "Plans": [
                                                                                                                                                    {
                                                                                                                                                        "Node Type": "Hash Join",
                                                                                                                                                        "Parent Relationship": "Outer",
                                                                                                                                                        "Parallel Aware": false,
                                                                                                                                                        "Join Type": "Inner",
                                                                                                                                                        "Startup Cost": 3770.86,
                                                                                                                                                        "Total Cost": 71255.41,
                                                                                                                                                        "Plan Rows": 370824,
                                                                                                                                                        "Plan Width": 25,
                                                                                                                                                        "Actual Startup Time": 45.928,
                                                                                                                                                        "Actual Total Time": 676.35,
                                                                                                                                                        "Actual Rows": 277356,
                                                                                                                                                        "Actual Loops": 1,
                                                                                                                                                        "Output": [
                                                                                                                                                            "cc.movie_id",
                                                                                                                                                            "cc.subject_id",
                                                                                                                                                            "cc.status_id",
                                                                                                                                                            "mi_idx.info",
                                                                                                                                                            "mi_idx.movie_id",
                                                                                                                                                            "mi_idx.info_type_id"
                                                                                                                                                        ],
                                                                                                                                                        "Inner Unique": false,
                                                                                                                                                        "Hash Cond": "(mi_idx.movie_id = cc.movie_id)",
                                                                                                                                                        "Plans": [
                                                                                                                                                            {
                                                                                                                                                                "Node Type": "Index Scan",
                                                                                                                                                                "Parent Relationship": "Outer",
                                                                                                                                                                "Parallel Aware": false,
                                                                                                                                                                "Scan Direction": "Forward",
                                                                                                                                                                "Index Name": "movie_id_movie_info_idx",
                                                                                                                                                                "Relation Name": "movie_info_idx",
                                                                                                                                                                "Schema": "public",
                                                                                                                                                                "Alias": "mi_idx",
                                                                                                                                                                "Startup Cost": 0.43,
                                                                                                                                                                "Total Cost": 57080.9,
                                                                                                                                                                "Plan Rows": 1339166,
                                                                                                                                                                "Plan Width": 13,
                                                                                                                                                                "Actual Startup Time": 0.022,
                                                                                                                                                                "Actual Total Time": 374.37,
                                                                                                                                                                "Actual Rows": 1337634,
                                                                                                                                                                "Actual Loops": 1,
                                                                                                                                                                "Output": [
                                                                                                                                                                    "mi_idx.id",
                                                                                                                                                                    "mi_idx.movie_id",
                                                                                                                                                                    "mi_idx.info_type_id",
                                                                                                                                                                    "mi_idx.info",
                                                                                                                                                                    "mi_idx.note"
                                                                                                                                                                ],
                                                                                                                                                                "Filter": "(mi_idx.info < '8.5'::text)",
                                                                                                                                                                "Rows Removed by Filter": 42401
                                                                                                                                                            },
                                                                                                                                                            {
                                                                                                                                                                "Node Type": "Hash",
                                                                                                                                                                "Parent Relationship": "Inner",
                                                                                                                                                                "Parallel Aware": false,
                                                                                                                                                                "Startup Cost": 2081.86,
                                                                                                                                                                "Total Cost": 2081.86,
                                                                                                                                                                "Plan Rows": 135086,
                                                                                                                                                                "Plan Width": 12,
                                                                                                                                                                "Actual Startup Time": 45.47,
                                                                                                                                                                "Actual Total Time": 45.472,
                                                                                                                                                                "Actual Rows": 135086,
                                                                                                                                                                "Actual Loops": 1,
                                                                                                                                                                "Output": [
                                                                                                                                                                    "cc.movie_id",
                                                                                                                                                                    "cc.subject_id",
                                                                                                                                                                    "cc.status_id"
                                                                                                                                                                ],
                                                                                                                                                                "Hash Buckets": 262144,
                                                                                                                                                                "Original Hash Buckets": 262144,
                                                                                                                                                                "Hash Batches": 1,
                                                                                                                                                                "Original Hash Batches": 1,
                                                                                                                                                                "Peak Memory Usage": 7853,
                                                                                                                                                                "Plans": [
                                                                                                                                                                    {
                                                                                                                                                                        "Node Type": "Seq Scan",
                                                                                                                                                                        "Parent Relationship": "Outer",
                                                                                                                                                                        "Parallel Aware": false,
                                                                                                                                                                        "Relation Name": "complete_cast",
                                                                                                                                                                        "Schema": "public",
                                                                                                                                                                        "Alias": "cc",
                                                                                                                                                                        "Startup Cost": 0.0,
                                                                                                                                                                        "Total Cost": 2081.86,
                                                                                                                                                                        "Plan Rows": 135086,
                                                                                                                                                                        "Plan Width": 12,
                                                                                                                                                                        "Actual Startup Time": 0.019,
                                                                                                                                                                        "Actual Total Time": 20.86,
                                                                                                                                                                        "Actual Rows": 135086,
                                                                                                                                                                        "Actual Loops": 1,
                                                                                                                                                                        "Output": [
                                                                                                                                                                            "cc.movie_id",
                                                                                                                                                                            "cc.subject_id",
                                                                                                                                                                            "cc.status_id"
                                                                                                                                                                        ]
                                                                                                                                                                    }
                                                                                                                                                                ]
                                                                                                                                                            }
                                                                                                                                                        ]
                                                                                                                                                    }
                                                                                                                                                ]
                                                                                                                                            },
                                                                                                                                            {
                                                                                                                                                "Node Type": "Sort",
                                                                                                                                                "Parent Relationship": "Inner",
                                                                                                                                                "Parallel Aware": false,
                                                                                                                                                "Startup Cost": 10000070716.41,
                                                                                                                                                "Total Cost": 10000071088.55,
                                                                                                                                                "Plan Rows": 148857,
                                                                                                                                                "Plan Width": 12,
                                                                                                                                                "Actual Startup Time": 666.723,
                                                                                                                                                "Actual Total Time": 730.768,
                                                                                                                                                "Actual Rows": 521759,
                                                                                                                                                "Actual Loops": 1,
                                                                                                                                                "Output": [
                                                                                                                                                    "mc.movie_id",
                                                                                                                                                    "mc.company_type_id",
                                                                                                                                                    "mc.company_id"
                                                                                                                                                ],
                                                                                                                                                "Sort Key": [
                                                                                                                                                    "mc.movie_id"
                                                                                                                                                ],
                                                                                                                                                "Sort Method": "quicksort",
                                                                                                                                                "Sort Space Used": 26504,
                                                                                                                                                "Sort Space Type": "Memory",
                                                                                                                                                "Plans": [
                                                                                                                                                    {
                                                                                                                                                        "Node Type": "Seq Scan",
                                                                                                                                                        "Parent Relationship": "Outer",
                                                                                                                                                        "Parallel Aware": false,
                                                                                                                                                        "Relation Name": "movie_companies",
                                                                                                                                                        "Schema": "public",
                                                                                                                                                        "Alias": "mc",
                                                                                                                                                        "Startup Cost": 10000000000.0,
                                                                                                                                                        "Total Cost": 10000057926.93,
                                                                                                                                                        "Plan Rows": 148857,
                                                                                                                                                        "Plan Width": 12,
                                                                                                                                                        "Actual Startup Time": 0.041,
                                                                                                                                                        "Actual Total Time": 592.629,
                                                                                                                                                        "Actual Rows": 303271,
                                                                                                                                                        "Actual Loops": 1,
                                                                                                                                                        "Output": [
                                                                                                                                                            "mc.movie_id",
                                                                                                                                                            "mc.company_type_id",
                                                                                                                                                            "mc.company_id"
                                                                                                                                                        ],
                                                                                                                                                        "Filter": "((mc.note !~~ '%(USA)%'::text) AND (mc.note ~~ '%(200%)%'::text))",
                                                                                                                                                        "Rows Removed by Filter": 2305858
                                                                                                                                                    }
                                                                                                                                                ]
                                                                                                                                            }
                                                                                                                                        ]
                                                                                                                                    },
                                                                                                                                    {
                                                                                                                                        "Node Type": "Bitmap Heap Scan",
                                                                                                                                        "Parent Relationship": "Inner",
                                                                                                                                        "Parallel Aware": false,
                                                                                                                                        "Relation Name": "info_type",
                                                                                                                                        "Schema": "public",
                                                                                                                                        "Alias": "it2",
                                                                                                                                        "Startup Cost": 0.15,
                                                                                                                                        "Total Cost": 4.17,
                                                                                                                                        "Plan Rows": 1,
                                                                                                                                        "Plan Width": 4,
                                                                                                                                        "Actual Startup Time": 0.002,
                                                                                                                                        "Actual Total Time": 0.002,
                                                                                                                                        "Actual Rows": 0,
                                                                                                                                        "Actual Loops": 290554,
                                                                                                                                        "Output": [
                                                                                                                                            "it2.id",
                                                                                                                                            "it2.info"
                                                                                                                                        ],
                                                                                                                                        "Recheck Cond": "(it2.id = mi_idx.info_type_id)",
                                                                                                                                        "Rows Removed by Index Recheck": 0,
                                                                                                                                        "Filter": "((it2.info)::text = 'rating'::text)",
                                                                                                                                        "Rows Removed by Filter": 1,
                                                                                                                                        "Exact Heap Blocks": 290554,
                                                                                                                                        "Lossy Heap Blocks": 0,
                                                                                                                                        "Plans": [
                                                                                                                                            {
                                                                                                                                                "Node Type": "Bitmap Index Scan",
                                                                                                                                                "Parent Relationship": "Outer",
                                                                                                                                                "Parallel Aware": false,
                                                                                                                                                "Index Name": "info_type_pkey",
                                                                                                                                                "Startup Cost": 0.0,
                                                                                                                                                "Total Cost": 0.15,
                                                                                                                                                "Plan Rows": 1,
                                                                                                                                                "Plan Width": 0,
                                                                                                                                                "Actual Startup Time": 0.001,
                                                                                                                                                "Actual Total Time": 0.001,
                                                                                                                                                "Actual Rows": 1,
                                                                                                                                                "Actual Loops": 290554,
                                                                                                                                                "Index Cond": "(it2.id = mi_idx.info_type_id)"
                                                                                                                                            }
                                                                                                                                        ]
                                                                                                                                    }
                                                                                                                                ]
                                                                                                                            },
                                                                                                                            {
                                                                                                                                "Node Type": "Bitmap Heap Scan",
                                                                                                                                "Parent Relationship": "Inner",
                                                                                                                                "Parallel Aware": false,
                                                                                                                                "Relation Name": "comp_cast_type",
                                                                                                                                "Schema": "public",
                                                                                                                                "Alias": "cct1",
                                                                                                                                "Startup Cost": 0.14,
                                                                                                                                "Total Cost": 4.15,
                                                                                                                                "Plan Rows": 1,
                                                                                                                                "Plan Width": 4,
                                                                                                                                "Actual Startup Time": 0.002,
                                                                                                                                "Actual Total Time": 0.002,
                                                                                                                                "Actual Rows": 0,
                                                                                                                                "Actual Loops": 96715,
                                                                                                                                "Output": [
                                                                                                                                    "cct1.id",
                                                                                                                                    "cct1.kind"
                                                                                                                                ],
                                                                                                                                "Recheck Cond": "(cct1.id = cc.subject_id)",
                                                                                                                                "Rows Removed by Index Recheck": 0,
                                                                                                                                "Filter": "((cct1.kind)::text = 'crew'::text)",
                                                                                                                                "Rows Removed by Filter": 1,
                                                                                                                                "Exact Heap Blocks": 96715,
                                                                                                                                "Lossy Heap Blocks": 0,
                                                                                                                                "Plans": [
                                                                                                                                    {
                                                                                                                                        "Node Type": "Bitmap Index Scan",
                                                                                                                                        "Parent Relationship": "Outer",
                                                                                                                                        "Parallel Aware": false,
                                                                                                                                        "Index Name": "comp_cast_type_pkey",
                                                                                                                                        "Startup Cost": 0.0,
                                                                                                                                        "Total Cost": 0.14,
                                                                                                                                        "Plan Rows": 1,
                                                                                                                                        "Plan Width": 0,
                                                                                                                                        "Actual Startup Time": 0.001,
                                                                                                                                        "Actual Total Time": 0.001,
                                                                                                                                        "Actual Rows": 1,
                                                                                                                                        "Actual Loops": 96715,
                                                                                                                                        "Index Cond": "(cct1.id = cc.subject_id)"
                                                                                                                                    }
                                                                                                                                ]
                                                                                                                            }
                                                                                                                        ]
                                                                                                                    },
                                                                                                                    {
                                                                                                                        "Node Type": "Sort",
                                                                                                                        "Parent Relationship": "Inner",
                                                                                                                        "Parallel Aware": false,
                                                                                                                        "Startup Cost": 10000213970.59,
                                                                                                                        "Total Cost": 10000217549.44,
                                                                                                                        "Plan Rows": 1431538,
                                                                                                                        "Plan Width": 25,
                                                                                                                        "Actual Startup Time": 1109.302,
                                                                                                                        "Actual Total Time": 1372.821,
                                                                                                                        "Actual Rows": 1443277,
                                                                                                                        "Actual Loops": 1,
                                                                                                                        "Output": [
                                                                                                                            "t.title",
                                                                                                                            "t.kind_id",
                                                                                                                            "t.id"
                                                                                                                        ],
                                                                                                                        "Sort Key": [
                                                                                                                            "t.id"
                                                                                                                        ],
                                                                                                                        "Sort Method": "quicksort",
                                                                                                                        "Sort Space Used": 157768,
                                                                                                                        "Sort Space Type": "Memory",
                                                                                                                        "Plans": [
                                                                                                                            {
                                                                                                                                "Node Type": "Seq Scan",
                                                                                                                                "Parent Relationship": "Outer",
                                                                                                                                "Parallel Aware": false,
                                                                                                                                "Relation Name": "title",
                                                                                                                                "Schema": "public",
                                                                                                                                "Alias": "t",
                                                                                                                                "Startup Cost": 10000000000.0,
                                                                                                                                "Total Cost": 10000067602.02,
                                                                                                                                "Plan Rows": 1431538,
                                                                                                                                "Plan Width": 25,
                                                                                                                                "Actual Startup Time": 0.013,
                                                                                                                                "Actual Total Time": 599.489,
                                                                                                                                "Actual Rows": 1434466,
                                                                                                                                "Actual Loops": 1,
                                                                                                                                "Output": [
                                                                                                                                    "t.title",
                                                                                                                                    "t.kind_id",
                                                                                                                                    "t.id"
                                                                                                                                ],
                                                                                                                                "Filter": "(t.production_year > 1999)",
                                                                                                                                "Rows Removed by Filter": 1093846
                                                                                                                            }
                                                                                                                        ]
                                                                                                                    }
                                                                                                                ]
                                                                                                            },
                                                                                                            {
                                                                                                                "Node Type": "Bitmap Heap Scan",
                                                                                                                "Parent Relationship": "Inner",
                                                                                                                "Parallel Aware": false,
                                                                                                                "Relation Name": "kind_type",
                                                                                                                "Schema": "public",
                                                                                                                "Alias": "kt",
                                                                                                                "Startup Cost": 0.14,
                                                                                                                "Total Cost": 4.16,
                                                                                                                "Plan Rows": 1,
                                                                                                                "Plan Width": 4,
                                                                                                                "Actual Startup Time": 0.002,
                                                                                                                "Actual Total Time": 0.002,
                                                                                                                "Actual Rows": 1,
                                                                                                                "Actual Loops": 12634,
                                                                                                                "Output": [
                                                                                                                    "kt.id",
                                                                                                                    "kt.kind"
                                                                                                                ],
                                                                                                                "Recheck Cond": "(kt.id = t.kind_id)",
                                                                                                                "Rows Removed by Index Recheck": 0,
                                                                                                                "Filter": "((kt.kind)::text = ANY ('{movie,episode}'::text[]))",
                                                                                                                "Rows Removed by Filter": 0,
                                                                                                                "Exact Heap Blocks": 12634,
                                                                                                                "Lossy Heap Blocks": 0,
                                                                                                                "Plans": [
                                                                                                                    {
                                                                                                                        "Node Type": "Bitmap Index Scan",
                                                                                                                        "Parent Relationship": "Outer",
                                                                                                                        "Parallel Aware": false,
                                                                                                                        "Index Name": "kind_type_pkey",
                                                                                                                        "Startup Cost": 0.0,
                                                                                                                        "Total Cost": 0.14,
                                                                                                                        "Plan Rows": 1,
                                                                                                                        "Plan Width": 0,
                                                                                                                        "Actual Startup Time": 0.001,
                                                                                                                        "Actual Total Time": 0.001,
                                                                                                                        "Actual Rows": 1,
                                                                                                                        "Actual Loops": 12634,
                                                                                                                        "Index Cond": "(kt.id = t.kind_id)"
                                                                                                                    }
                                                                                                                ]
                                                                                                            }
                                                                                                        ]
                                                                                                    },
                                                                                                    {
                                                                                                        "Node Type": "Bitmap Heap Scan",
                                                                                                        "Parent Relationship": "Inner",
                                                                                                        "Parallel Aware": false,
                                                                                                        "Relation Name": "movie_info",
                                                                                                        "Schema": "public",
                                                                                                        "Alias": "mi",
                                                                                                        "Startup Cost": 0.88,
                                                                                                        "Total Cost": 5.85,
                                                                                                        "Plan Rows": 2,
                                                                                                        "Plan Width": 8,
                                                                                                        "Actual Startup Time": 0.014,
                                                                                                        "Actual Total Time": 0.048,
                                                                                                        "Actual Rows": 1,
                                                                                                        "Actual Loops": 11994,
                                                                                                        "Output": [
                                                                                                            "mi.id",
                                                                                                            "mi.movie_id",
                                                                                                            "mi.info_type_id",
                                                                                                            "mi.info",
                                                                                                            "mi.note"
                                                                                                        ],
                                                                                                        "Recheck Cond": "(mi.movie_id = t.id)",
                                                                                                        "Rows Removed by Index Recheck": 0,
                                                                                                        "Filter": "(mi.info = ANY ('{German,Danish,Bulgaria,Sweden,Norwegian,Germany,Swedish,Denish,American,English}'::text[]))",
                                                                                                        "Rows Removed by Filter": 144,
                                                                                                        "Exact Heap Blocks": 212321,
                                                                                                        "Lossy Heap Blocks": 0,
                                                                                                        "Plans": [
                                                                                                            {
                                                                                                                "Node Type": "Bitmap Index Scan",
                                                                                                                "Parent Relationship": "Outer",
                                                                                                                "Parallel Aware": false,
                                                                                                                "Index Name": "movie_id_movie_info",
                                                                                                                "Startup Cost": 0.0,
                                                                                                                "Total Cost": 0.88,
                                                                                                                "Plan Rows": 39,
                                                                                                                "Plan Width": 0,
                                                                                                                "Actual Startup Time": 0.007,
                                                                                                                "Actual Total Time": 0.007,
                                                                                                                "Actual Rows": 145,
                                                                                                                "Actual Loops": 11994,
                                                                                                                "Index Cond": "(mi.movie_id = t.id)"
                                                                                                            }
                                                                                                        ]
                                                                                                    }
                                                                                                ]
                                                                                            }
                                                                                        ]
                                                                                    }
                                                                                ]
                                                                            },
                                                                            {
                                                                                "Node Type": "Bitmap Heap Scan",
                                                                                "Parent Relationship": "Inner",
                                                                                "Parallel Aware": false,
                                                                                "Relation Name": "movie_keyword",
                                                                                "Schema": "public",
                                                                                "Alias": "mk",
                                                                                "Startup Cost": 0.85,
                                                                                "Total Cost": 5.42,
                                                                                "Plan Rows": 46,
                                                                                "Plan Width": 8,
                                                                                "Actual Startup Time": 0.007,
                                                                                "Actual Total Time": 0.012,
                                                                                "Actual Rows": 85,
                                                                                "Actual Loops": 13475,
                                                                                "Output": [
                                                                                    "mk.id",
                                                                                    "mk.movie_id",
                                                                                    "mk.keyword_id"
                                                                                ],
                                                                                "Recheck Cond": "(mk.movie_id = t.id)",
                                                                                "Rows Removed by Index Recheck": 0,
                                                                                "Exact Heap Blocks": 17363,
                                                                                "Lossy Heap Blocks": 0,
                                                                                "Plans": [
                                                                                    {
                                                                                        "Node Type": "Bitmap Index Scan",
                                                                                        "Parent Relationship": "Outer",
                                                                                        "Parallel Aware": false,
                                                                                        "Index Name": "movie_id_movie_keyword",
                                                                                        "Startup Cost": 0.0,
                                                                                        "Total Cost": 0.84,
                                                                                        "Plan Rows": 46,
                                                                                        "Plan Width": 0,
                                                                                        "Actual Startup Time": 0.004,
                                                                                        "Actual Total Time": 0.004,
                                                                                        "Actual Rows": 85,
                                                                                        "Actual Loops": 13475,
                                                                                        "Index Cond": "(mk.movie_id = t.id)"
                                                                                    }
                                                                                ]
                                                                            }
                                                                        ]
                                                                    }
                                                                ]
                                                            },
                                                            {
                                                                "Node Type": "Index Scan",
                                                                "Parent Relationship": "Inner",
                                                                "Parallel Aware": false,
                                                                "Scan Direction": "Forward",
                                                                "Index Name": "company_name_pkey",
                                                                "Relation Name": "company_name",
                                                                "Schema": "public",
                                                                "Alias": "cn",
                                                                "Startup Cost": 0.42,
                                                                "Total Cost": 12454.44,
                                                                "Plan Rows": 126107,
                                                                "Plan Width": 23,
                                                                "Actual Startup Time": 0.076,
                                                                "Actual Total Time": 44.705,
                                                                "Actual Rows": 38375,
                                                                "Actual Loops": 1,
                                                                "Output": [
                                                                    "cn.id",
                                                                    "cn.name",
                                                                    "cn.country_code",
                                                                    "cn.imdb_id",
                                                                    "cn.name_pcode_nf",
                                                                    "cn.name_pcode_sf",
                                                                    "cn.md5sum"
                                                                ],
                                                                "Filter": "((cn.country_code)::text <> '[us]'::text)",
                                                                "Rows Removed by Filter": 31376
                                                            }
                                                        ]
                                                    }
                                                ]
                                            }
                                        ]
                                    }
                                ]
                            },
                            {
                                "Node Type": "Index Scan",
                                "Parent Relationship": "Inner",
                                "Parallel Aware": false,
                                "Scan Direction": "Forward",
                                "Index Name": "info_type_pkey",
                                "Relation Name": "info_type",
                                "Schema": "public",
                                "Alias": "it1",
                                "Startup Cost": 0.14,
                                "Total Cost": 14.12,
                                "Plan Rows": 1,
                                "Plan Width": 4,
                                "Actual Startup Time": 0.034,
                                "Actual Total Time": 0.05,
                                "Actual Rows": 1,
                                "Actual Loops": 1,
                                "Output": [
                                    "it1.id",
                                    "it1.info"
                                ],
                                "Filter": "((it1.info)::text = 'countries'::text)",
                                "Rows Removed by Filter": 112
                            }
                        ]
                    },
                    {
                        "Node Type": "Bitmap Heap Scan",
                        "Parent Relationship": "Inner",
                        "Parallel Aware": false,
                        "Relation Name": "keyword",
                        "Schema": "public",
                        "Alias": "k",
                        "Startup Cost": 0.43,
                        "Total Cost": 4.45,
                        "Plan Rows": 1,
                        "Plan Width": 4,
                        "Actual Startup Time": 0.003,
                        "Actual Total Time": 0.003,
                        "Actual Rows": 0,
                        "Actual Loops": 172155,
                        "Output": [
                            "k.id",
                            "k.keyword",
                            "k.phonetic_code"
                        ],
                        "Recheck Cond": "(k.id = mk.keyword_id)",
                        "Rows Removed by Index Recheck": 0,
                        "Filter": "(k.keyword = ANY ('{murder,murder-in-title,blood,violence}'::text[]))",
                        "Rows Removed by Filter": 1,
                        "Exact Heap Blocks": 172155,
                        "Lossy Heap Blocks": 0,
                        "Plans": [
                            {
                                "Node Type": "Bitmap Index Scan",
                                "Parent Relationship": "Outer",
                                "Parallel Aware": false,
                                "Index Name": "keyword_pkey",
                                "Startup Cost": 0.0,
                                "Total Cost": 0.43,
                                "Plan Rows": 1,
                                "Plan Width": 0,
                                "Actual Startup Time": 0.002,
                                "Actual Total Time": 0.002,
                                "Actual Rows": 1,
                                "Actual Loops": 172155,
                                "Index Cond": "(k.id = mk.keyword_id)"
                            }
                        ]
                    }
                ]
            }
        ]
    },
    "Planning Time": 139.762,
    "Triggers": [],
    "Execution Time": 7559.737
}