{
  "Plan": {
    "Node Type": "Aggregate",
    "Strategy": "Plain",
    "Partial Mode": "Finalize",
    "Parallel Aware": false,
    "Startup Cost": 961759.54,
    "Total Cost": 961759.55,
    "Plan Rows": 1,
    "Plan Width": 8,
    "Actual Startup Time": 6127.372,
    "Actual Total Time": 6207.339,
    "Actual Rows": 1,
    "Actual Loops": 1,
    "Plans": [
      {
        "Node Type": "Gather",
        "Parent Relationship": "Outer",
        "Parallel Aware": false,
        "Startup Cost": 961759.42,
        "Total Cost": 961759.53,
        "Plan Rows": 1,
        "Plan Width": 8,
        "Actual Startup Time": 6125.878,
        "Actual Total Time": 6207.33,
        "Actual Rows": 2,
        "Actual Loops": 1,
        "Workers Planned": 1,
        "Workers Launched": 1,
        "Single Copy": false,
        "Plans": [
          {
            "Node Type": "Aggregate",
            "Strategy": "Plain",
            "Partial Mode": "Partial",
            "Parent Relationship": "Outer",
            "Parallel Aware": false,
            "Startup Cost": 960759.42,
            "Total Cost": 960759.43,
            "Plan Rows": 1,
            "Plan Width": 8,
            "Actual Startup Time": 6120.071,
            "Actual Total Time": 6120.077,
            "Actual Rows": 1,
            "Actual Loops": 2,
            "Plans": [
              {
                "Node Type": "Hash Join",
                "Parent Relationship": "Outer",
                "Parallel Aware": true,
                "Join Type": "Inner",
                "Startup Cost": 584982.76,
                "Total Cost": 955355.96,
                "Plan Rows": 2161386,
                "Plan Width": 0,
                "Actual Startup Time": 3263.626,
                "Actual Total Time": 5785.614,
                "Actual Rows": 8235203,
                "Actual Loops": 2,
                "Inner Unique": false,
                "Hash Cond": "(mi.movie_id = t.id)",
                "Plans": [
                  {
                    "Node Type": "Seq Scan",
                    "Parent Relationship": "Outer",
                    "Parallel Aware": true,
                    "Relation Name": "movie_info",
                    "Alias": "mi",
                    "Startup Cost": 0.0,
                    "Total Cost": 248955.74,
                    "Plan Rows": 8696274,
                    "Plan Width": 4,
                    "Actual Startup Time": 0.011,
                    "Actual Total Time": 615.288,
                    "Actual Rows": 7417860,
                    "Actual Loops": 2
                  },
                  {
                    "Node Type": "Hash",
                    "Parent Relationship": "Inner",
                    "Parallel Aware": true,
                    "Startup Cost": 580362.27,
                    "Total Cost": 580362.27,
                    "Plan Rows": 369639,
                    "Plan Width": 8,
                    "Actual Startup Time": 3252.531,
                    "Actual Total Time": 3252.535,
                    "Actual Rows": 285392,
                    "Actual Loops": 2,
                    "Hash Buckets": 1048576,
                    "Original Hash Buckets": 1048576,
                    "Hash Batches": 1,
                    "Original Hash Batches": 1,
                    "Peak Memory Usage": 30560,
                    "Plans": [
                      {
                        "Node Type": "Hash Join",
                        "Parent Relationship": "Outer",
                        "Parallel Aware": true,
                        "Join Type": "Inner",
                        "Startup Cost": 58628.92,
                        "Total Cost": 580362.27,
                        "Plan Rows": 369639,
                        "Plan Width": 8,
                        "Actual Startup Time": 136.812,
                        "Actual Total Time": 3157.101,
                        "Actual Rows": 285392,
                        "Actual Loops": 2,
                        "Inner Unique": true,
                        "Hash Cond": "(ci.movie_id = t.id)",
                        "Plans": [
                          {
                            "Node Type": "Seq Scan",
                            "Parent Relationship": "Outer",
                            "Parallel Aware": true,
                            "Relation Name": "cast_info",
                            "Alias": "ci",
                            "Startup Cost": 0.0,
                            "Total Cost": 465792.95,
                            "Plan Rows": 21310595,
                            "Plan Width": 4,
                            "Actual Startup Time": 0.012,
                            "Actual Total Time": 1287.873,
                            "Actual Rows": 18122172,
                            "Actual Loops": 2
                          },
                          {
                            "Node Type": "Hash",
                            "Parent Relationship": "Inner",
                            "Parallel Aware": true,
                            "Startup Cost": 58306.47,
                            "Total Cost": 58306.47,
                            "Plan Rows": 25796,
                            "Plan Width": 4,
                            "Actual Startup Time": 136.458,
                            "Actual Total Time": 136.459,
                            "Actual Rows": 16952,
                            "Actual Loops": 2,
                            "Hash Buckets": 65536,
                            "Original Hash Buckets": 65536,
                            "Hash Batches": 1,
                            "Original Hash Batches": 1,
                            "Peak Memory Usage": 1888,
                            "Plans": [
                              {
                                "Node Type": "Seq Scan",
                                "Parent Relationship": "Outer",
                                "Parallel Aware": true,
                                "Relation Name": "title",
                                "Alias": "t",
                                "Startup Cost": 0.0,
                                "Total Cost": 58306.47,
                                "Plan Rows": 25796,
                                "Plan Width": 4,
                                "Actual Startup Time": 0.074,
                                "Actual Total Time": 131.463,
                                "Actual Rows": 16952,
                                "Actual Loops": 2,
                                "Filter": "((kind_id < 7) AND (production_year = 2006))",
                                "Rows Removed by Filter": 1247204
                              }
                            ]
                          }
                        ]
                      }
                    ]
                  }
                ]
              }
            ]
          }
        ]
      }
    ]
  },
  "Planning Time": 0.985,
  "Triggers": [],
  "Execution Time": 6207.442
}