[
  {
    "Plan": {
      "Node Type": "Aggregate",
      "Strategy": "Plain",
      "Partial Mode": "Finalize",
      "Parallel Aware": false,
      "Startup Cost": 44822.33,
      "Total Cost": 44822.34,
      "Plan Rows": 1,
      "Plan Width": 8,
      "Actual Startup Time": 131.934,
      "Actual Total Time": 141.56,
      "Actual Rows": 1,
      "Actual Loops": 1,
      "Plans": [
        {
          "Node Type": "Gather",
          "Parent Relationship": "Outer",
          "Parallel Aware": false,
          "Startup Cost": 44822.01,
          "Total Cost": 44822.32,
          "Plan Rows": 3,
          "Plan Width": 8,
          "Actual Startup Time": 131.809,
          "Actual Total Time": 141.552,
          "Actual Rows": 4,
          "Actual Loops": 1,
          "Workers Planned": 3,
          "Workers Launched": 3,
          "Single Copy": false,
          "Plans": [
            {
              "Node Type": "Aggregate",
              "Strategy": "Plain",
              "Partial Mode": "Partial",
              "Parent Relationship": "Outer",
              "Parallel Aware": false,
              "Startup Cost": 43822.01,
              "Total Cost": 43822.02,
              "Plan Rows": 1,
              "Plan Width": 8,
              "Actual Startup Time": 125.043,
              "Actual Total Time": 125.044,
              "Actual Rows": 1,
              "Actual Loops": 4,
              "Plans": [
                {
                  "Node Type": "Seq Scan",
                  "Parent Relationship": "Outer",
                  "Parallel Aware": true,
                  "Relation Name": "movie_keyword",
                  "Alias": "mk",
                  "Startup Cost": 0.0,
                  "Total Cost": 42695.65,
                  "Plan Rows": 450543,
                  "Plan Width": 0,
                  "Actual Startup Time": 0.057,
                  "Actual Total Time": 107.626,
                  "Actual Rows": 352097,
                  "Actual Loops": 4,
                  "Filter": "(keyword_id < 1920)",
                  "Rows Removed by Filter": 778886
                }
              ]
            }
          ]
        }
      ]
    },
    "Planning Time": 0.179,
    "Triggers": [],
    "Execution Time": 141.615
  }
]