[
  {
    "Plan": {
      "Node Type": "Aggregate",
      "Strategy": "Plain",
      "Partial Mode": "Finalize",
      "Parallel Aware": false,
      "Startup Cost": 322159.94,
      "Total Cost": 322159.95,
      "Plan Rows": 1,
      "Plan Width": 8,
      "Actual Startup Time": 122.713,
      "Actual Total Time": 142.445,
      "Actual Rows": 1,
      "Actual Loops": 1,
      "Plans": [
        {
          "Node Type": "Gather",
          "Parent Relationship": "Outer",
          "Parallel Aware": false,
          "Startup Cost": 322159.52,
          "Total Cost": 322159.93,
          "Plan Rows": 4,
          "Plan Width": 8,
          "Actual Startup Time": 122.516,
          "Actual Total Time": 142.433,
          "Actual Rows": 5,
          "Actual Loops": 1,
          "Workers Planned": 4,
          "Workers Launched": 4,
          "Single Copy": false,
          "Plans": [
            {
              "Node Type": "Aggregate",
              "Strategy": "Plain",
              "Partial Mode": "Partial",
              "Parent Relationship": "Outer",
              "Parallel Aware": false,
              "Startup Cost": 321159.52,
              "Total Cost": 321159.53,
              "Plan Rows": 1,
              "Plan Width": 8,
              "Actual Startup Time": 116.276,
              "Actual Total Time": 116.278,
              "Actual Rows": 1,
              "Actual Loops": 5,
              "Plans": [
                {
                  "Node Type": "Nested Loop",
                  "Parent Relationship": "Outer",
                  "Parallel Aware": false,
                  "Join Type": "Inner",
                  "Startup Cost": 0.56,
                  "Total Cost": 321104.97,
                  "Plan Rows": 21819,
                  "Plan Width": 0,
                  "Actual Startup Time": 53.281,
                  "Actual Total Time": 116.179,
                  "Actual Rows": 741,
                  "Actual Loops": 5,
                  "Inner Unique": false,
                  "Plans": [
                    {
                      "Node Type": "Seq Scan",
                      "Parent Relationship": "Outer",
                      "Parallel Aware": true,
                      "Relation Name": "title",
                      "Alias": "t",
                      "Startup Cost": 0.0,
                      "Total Cost": 43899.32,
                      "Plan Rows": 4728,
                      "Plan Width": 4,
                      "Actual Startup Time": 47.831,
                      "Actual Total Time": 76.332,
                      "Actual Rows": 4218,
                      "Actual Loops": 5,
                      "Filter": "(production_year < 1909)",
                      "Rows Removed by Filter": 501444
                    },
                    {
                      "Node Type": "Index Scan",
                      "Parent Relationship": "Inner",
                      "Parallel Aware": false,
                      "Scan Direction": "Forward",
                      "Index Name": "movie_id_cast_info",
                      "Relation Name": "cast_info",
                      "Alias": "ci",
                      "Startup Cost": 0.56,
                      "Total Cost": 58.52,
                      "Plan Rows": 11,
                      "Plan Width": 4,
                      "Actual Startup Time": 0.008,
                      "Actual Total Time": 0.009,
                      "Actual Rows": 0,
                      "Actual Loops": 21091,
                      "Index Cond": "(movie_id = t.id)",
                      "Rows Removed by Index Recheck": 0,
                      "Filter": "((person_id < 3521351) AND (role_id = 1))",
                      "Rows Removed by Filter": 1
                    }
                  ]
                }
              ]
            }
          ]
        }
      ]
    },
    "Planning Time": 0.328,
    "Triggers": [],
    "Execution Time": 142.49
  }
]