{
    "Plan": {
        "Node Type": "Aggregate",
        "Strategy": "Plain",
        "Partial Mode": "Simple",
        "Parallel Aware": false,
        "Startup Cost": 50003703632.21,
        "Total Cost": 50003703632.22,
        "Plan Rows": 1,
        "Plan Width": 96,
        "Actual Startup Time": 9852.603,
        "Actual Total Time": 9852.617,
        "Actual Rows": 1,
        "Actual Loops": 1,
        "Output": [
            "min(cn.name)",
            "min((lt.link)::text)",
            "min(t.title)"
        ],
        "Plans": [
            {
                "Node Type": "Nested Loop",
                "Parent Relationship": "Outer",
                "Parallel Aware": false,
                "Join Type": "Inner",
                "Startup Cost": 50003703357.12,
                "Total Cost": 50003703632.2,
                "Plan Rows": 1,
                "Plan Width": 48,
                "Actual Startup Time": 9852.598,
                "Actual Total Time": 9852.611,
                "Actual Rows": 0,
                "Actual Loops": 1,
                "Output": [
                    "cn.name",
                    "lt.link",
                    "t.title"
                ],
                "Inner Unique": true,
                "Plans": [
                    {
                        "Node Type": "Nested Loop",
                        "Parent Relationship": "Outer",
                        "Parallel Aware": false,
                        "Join Type": "Inner",
                        "Startup Cost": 40003703356.97,
                        "Total Cost": 40003703624.02,
                        "Plan Rows": 1,
                        "Plan Width": 40,
                        "Actual Startup Time": 9852.598,
                        "Actual Total Time": 9852.609,
                        "Actual Rows": 0,
                        "Actual Loops": 1,
                        "Output": [
                            "cn.name",
                            "ml.link_type_id",
                            "t.title"
                        ],
                        "Inner Unique": false,
                        "Join Filter": "(t.id = ml.movie_id)",
                        "Rows Removed by Join Filter": 0,
                        "Plans": [
                            {
                                "Node Type": "Hash Join",
                                "Parent Relationship": "Outer",
                                "Parallel Aware": false,
                                "Join Type": "Inner",
                                "Startup Cost": 30003703356.64,
                                "Total Cost": 30003703610.67,
                                "Plan Rows": 3,
                                "Plan Width": 52,
                                "Actual Startup Time": 9841.238,
                                "Actual Total Time": 9851.528,
                                "Actual Rows": 312,
                                "Actual Loops": 1,
                                "Output": [
                                    "cn.name",
                                    "mc.movie_id",
                                    "mi.movie_id",
                                    "mk.movie_id",
                                    "t.title",
                                    "t.id"
                                ],
                                "Inner Unique": false,
                                "Hash Cond": "(mc.company_type_id = ct.id)",
                                "Plans": [
                                    {
                                        "Node Type": "Merge Join",
                                        "Parent Relationship": "Outer",
                                        "Parallel Aware": false,
                                        "Join Type": "Inner",
                                        "Startup Cost": 30003703355.58,
                                        "Total Cost": 30003703609.53,
                                        "Plan Rows": 12,
                                        "Plan Width": 56,
                                        "Actual Startup Time": 9841.172,
                                        "Actual Total Time": 9851.364,
                                        "Actual Rows": 323,
                                        "Actual Loops": 1,
                                        "Output": [
                                            "cn.name",
                                            "mc.movie_id",
                                            "mc.company_type_id",
                                            "mi.movie_id",
                                            "mk.movie_id",
                                            "t.title",
                                            "t.id"
                                        ],
                                        "Inner Unique": false,
                                        "Merge Cond": "(mc.company_id = cn.id)",
                                        "Plans": [
                                            {
                                                "Node Type": "Sort",
                                                "Parent Relationship": "Outer",
                                                "Parallel Aware": false,
                                                "Startup Cost": 30003692283.26,
                                                "Total Cost": 30003692283.44,
                                                "Plan Rows": 70,
                                                "Plan Width": 41,
                                                "Actual Startup Time": 9787.478,
                                                "Actual Total Time": 9787.671,
                                                "Actual Rows": 1343,
                                                "Actual Loops": 1,
                                                "Output": [
                                                    "mk.movie_id",
                                                    "mc.movie_id",
                                                    "mc.company_type_id",
                                                    "mc.company_id",
                                                    "mi.movie_id",
                                                    "t.title",
                                                    "t.id"
                                                ],
                                                "Sort Key": [
                                                    "mc.company_id"
                                                ],
                                                "Sort Method": "quicksort",
                                                "Sort Space Used": 196,
                                                "Sort Space Type": "Memory",
                                                "Plans": [
                                                    {
                                                        "Node Type": "Merge Join",
                                                        "Parent Relationship": "Outer",
                                                        "Parallel Aware": false,
                                                        "Join Type": "Inner",
                                                        "Startup Cost": 30003685953.7,
                                                        "Total Cost": 30003692281.12,
                                                        "Plan Rows": 70,
                                                        "Plan Width": 41,
                                                        "Actual Startup Time": 9708.781,
                                                        "Actual Total Time": 9787.144,
                                                        "Actual Rows": 1343,
                                                        "Actual Loops": 1,
                                                        "Output": [
                                                            "mk.movie_id",
                                                            "mc.movie_id",
                                                            "mc.company_type_id",
                                                            "mc.company_id",
                                                            "mi.movie_id",
                                                            "t.title",
                                                            "t.id"
                                                        ],
                                                        "Inner Unique": false,
                                                        "Merge Cond": "(mc.movie_id = t.id)",
                                                        "Plans": [
                                                            {
                                                                "Node Type": "Sort",
                                                                "Parent Relationship": "Outer",
                                                                "Parallel Aware": false,
                                                                "Startup Cost": 10000173139.97,
                                                                "Total Cost": 10000176303.54,
                                                                "Plan Rows": 1265428,
                                                                "Plan Width": 12,
                                                                "Actual Startup Time": 701.812,
                                                                "Actual Total Time": 743.963,
                                                                "Actual Rows": 1271971,
                                                                "Actual Loops": 1,
                                                                "Output": [
                                                                    "mc.movie_id",
                                                                    "mc.company_type_id",
                                                                    "mc.company_id"
                                                                ],
                                                                "Sort Key": [
                                                                    "mc.movie_id"
                                                                ],
                                                                "Sort Method": "quicksort",
                                                                "Sort Space Used": 108777,
                                                                "Sort Space Type": "Memory",
                                                                "Plans": [
                                                                    {
                                                                        "Node Type": "Seq Scan",
                                                                        "Parent Relationship": "Outer",
                                                                        "Parallel Aware": false,
                                                                        "Relation Name": "movie_companies",
                                                                        "Schema": "public",
                                                                        "Alias": "mc",
                                                                        "Startup Cost": 10000000000.0,
                                                                        "Total Cost": 10000044881.29,
                                                                        "Plan Rows": 1265428,
                                                                        "Plan Width": 12,
                                                                        "Actual Startup Time": 0.029,
                                                                        "Actual Total Time": 351.213,
                                                                        "Actual Rows": 1271989,
                                                                        "Actual Loops": 1,
                                                                        "Output": [
                                                                            "mc.movie_id",
                                                                            "mc.company_type_id",
                                                                            "mc.company_id"
                                                                        ],
                                                                        "Filter": "(mc.note IS NULL)",
                                                                        "Rows Removed by Filter": 1337140
                                                                    }
                                                                ]
                                                            },
                                                            {
                                                                "Node Type": "Sort",
                                                                "Parent Relationship": "Inner",
                                                                "Parallel Aware": false,
                                                                "Startup Cost": 20003512813.73,
                                                                "Total Cost": 20003512813.8,
                                                                "Plan Rows": 27,
                                                                "Plan Width": 29,
                                                                "Actual Startup Time": 8981.749,
                                                                "Actual Total Time": 8981.949,
                                                                "Actual Rows": 1594,
                                                                "Actual Loops": 1,
                                                                "Output": [
                                                                    "mk.movie_id",
                                                                    "mi.movie_id",
                                                                    "t.title",
                                                                    "t.id"
                                                                ],
                                                                "Sort Key": [
                                                                    "mk.movie_id"
                                                                ],
                                                                "Sort Method": "quicksort",
                                                                "Sort Space Used": 143,
                                                                "Sort Space Type": "Memory",
                                                                "Plans": [
                                                                    {
                                                                        "Node Type": "Merge Join",
                                                                        "Parent Relationship": "Outer",
                                                                        "Parallel Aware": false,
                                                                        "Join Type": "Inner",
                                                                        "Startup Cost": 20003489641.68,
                                                                        "Total Cost": 20003512813.09,
                                                                        "Plan Rows": 27,
                                                                        "Plan Width": 29,
                                                                        "Actual Startup Time": 8945.644,
                                                                        "Actual Total Time": 8981.483,
                                                                        "Actual Rows": 1078,
                                                                        "Actual Loops": 1,
                                                                        "Output": [
                                                                            "mk.movie_id",
                                                                            "mi.movie_id",
                                                                            "t.title",
                                                                            "t.id"
                                                                        ],
                                                                        "Inner Unique": false,
                                                                        "Merge Cond": "(k.id = mk.keyword_id)",
                                                                        "Plans": [
                                                                            {
                                                                                "Node Type": "Index Scan",
                                                                                "Parent Relationship": "Outer",
                                                                                "Parallel Aware": false,
                                                                                "Scan Direction": "Forward",
                                                                                "Index Name": "keyword_pkey",
                                                                                "Relation Name": "keyword",
                                                                                "Schema": "public",
                                                                                "Alias": "k",
                                                                                "Startup Cost": 10000000000.42,
                                                                                "Total Cost": 10000005342.92,
                                                                                "Plan Rows": 1,
                                                                                "Plan Width": 4,
                                                                                "Actual Startup Time": 0.331,
                                                                                "Actual Total Time": 35.739,
                                                                                "Actual Rows": 1,
                                                                                "Actual Loops": 1,
                                                                                "Output": [
                                                                                    "k.id",
                                                                                    "k.keyword",
                                                                                    "k.phonetic_code"
                                                                                ],
                                                                                "Filter": "(k.keyword = 'sequel'::text)",
                                                                                "Rows Removed by Filter": 134169
                                                                            },
                                                                            {
                                                                                "Node Type": "Sort",
                                                                                "Parent Relationship": "Inner",
                                                                                "Parallel Aware": false,
                                                                                "Startup Cost": 10003489641.26,
                                                                                "Total Cost": 10003498555.57,
                                                                                "Plan Rows": 3565727,
                                                                                "Plan Width": 33,
                                                                                "Actual Startup Time": 8913.626,
                                                                                "Actual Total Time": 8935.179,
                                                                                "Actual Rows": 105854,
                                                                                "Actual Loops": 1,
                                                                                "Output": [
                                                                                    "mi.movie_id",
                                                                                    "mk.movie_id",
                                                                                    "mk.keyword_id",
                                                                                    "t.title",
                                                                                    "t.id"
                                                                                ],
                                                                                "Sort Key": [
                                                                                    "mk.keyword_id"
                                                                                ],
                                                                                "Sort Method": "quicksort",
                                                                                "Sort Space Used": 109054,
                                                                                "Sort Space Type": "Memory",
                                                                                "Plans": [
                                                                                    {
                                                                                        "Node Type": "Nested Loop",
                                                                                        "Parent Relationship": "Outer",
                                                                                        "Parallel Aware": false,
                                                                                        "Join Type": "Inner",
                                                                                        "Startup Cost": 10000080867.61,
                                                                                        "Total Cost": 10003101587.38,
                                                                                        "Plan Rows": 3565727,
                                                                                        "Plan Width": 33,
                                                                                        "Actual Startup Time": 563.302,
                                                                                        "Actual Total Time": 8634.87,
                                                                                        "Actual Rows": 1007974,
                                                                                        "Actual Loops": 1,
                                                                                        "Output": [
                                                                                            "mi.movie_id",
                                                                                            "mk.movie_id",
                                                                                            "mk.keyword_id",
                                                                                            "t.title",
                                                                                            "t.id"
                                                                                        ],
                                                                                        "Inner Unique": false,
                                                                                        "Plans": [
                                                                                            {
                                                                                                "Node Type": "Hash Join",
                                                                                                "Parent Relationship": "Outer",
                                                                                                "Parallel Aware": false,
                                                                                                "Join Type": "Inner",
                                                                                                "Startup Cost": 80866.66,
                                                                                                "Total Cost": 1333298.15,
                                                                                                "Plan Rows": 295866,
                                                                                                "Plan Width": 25,
                                                                                                "Actual Startup Time": 563.259,
                                                                                                "Actual Total Time": 7038.883,
                                                                                                "Actual Rows": 302065,
                                                                                                "Actual Loops": 1,
                                                                                                "Output": [
                                                                                                    "mi.movie_id",
                                                                                                    "t.title",
                                                                                                    "t.id"
                                                                                                ],
                                                                                                "Inner Unique": false,
                                                                                                "Hash Cond": "(mi.movie_id = t.id)",
                                                                                                "Plans": [
                                                                                                    {
                                                                                                        "Node Type": "Index Scan",
                                                                                                        "Parent Relationship": "Outer",
                                                                                                        "Parallel Aware": false,
                                                                                                        "Scan Direction": "Forward",
                                                                                                        "Index Name": "movie_id_movie_info",
                                                                                                        "Relation Name": "movie_info",
                                                                                                        "Schema": "public",
                                                                                                        "Alias": "mi",
                                                                                                        "Startup Cost": 0.43,
                                                                                                        "Total Cost": 1244423.19,
                                                                                                        "Plan Rows": 1346684,
                                                                                                        "Plan Width": 4,
                                                                                                        "Actual Startup Time": 0.042,
                                                                                                        "Actual Total Time": 5914.201,
                                                                                                        "Actual Rows": 1417160,
                                                                                                        "Actual Loops": 1,
                                                                                                        "Output": [
                                                                                                            "mi.id",
                                                                                                            "mi.movie_id",
                                                                                                            "mi.info_type_id",
                                                                                                            "mi.info",
                                                                                                            "mi.note"
                                                                                                        ],
                                                                                                        "Filter": "(mi.info = ANY ('{Danish,Swedish,English,American,Norway,Sweden,USA,Germany,Denish}'::text[]))",
                                                                                                        "Rows Removed by Filter": 13418560
                                                                                                    },
                                                                                                    {
                                                                                                        "Node Type": "Hash",
                                                                                                        "Parent Relationship": "Inner",
                                                                                                        "Parallel Aware": false,
                                                                                                        "Startup Cost": 73922.83,
                                                                                                        "Total Cost": 73922.83,
                                                                                                        "Plan Rows": 555472,
                                                                                                        "Plan Width": 21,
                                                                                                        "Actual Startup Time": 561.998,
                                                                                                        "Actual Total Time": 561.998,
                                                                                                        "Actual Rows": 553277,
                                                                                                        "Actual Loops": 1,
                                                                                                        "Output": [
                                                                                                            "t.title",
                                                                                                            "t.id"
                                                                                                        ],
                                                                                                        "Hash Buckets": 1048576,
                                                                                                        "Original Hash Buckets": 1048576,
                                                                                                        "Hash Batches": 1,
                                                                                                        "Original Hash Batches": 1,
                                                                                                        "Peak Memory Usage": 37871,
                                                                                                        "Plans": [
                                                                                                            {
                                                                                                                "Node Type": "Seq Scan",
                                                                                                                "Parent Relationship": "Outer",
                                                                                                                "Parallel Aware": false,
                                                                                                                "Relation Name": "title",
                                                                                                                "Schema": "public",
                                                                                                                "Alias": "t",
                                                                                                                "Startup Cost": 0.0,
                                                                                                                "Total Cost": 73922.83,
                                                                                                                "Plan Rows": 555472,
                                                                                                                "Plan Width": 21,
                                                                                                                "Actual Startup Time": 0.022,
                                                                                                                "Actual Total Time": 370.157,
                                                                                                                "Actual Rows": 553277,
                                                                                                                "Actual Loops": 1,
                                                                                                                "Output": [
                                                                                                                    "t.title",
                                                                                                                    "t.id"
                                                                                                                ],
                                                                                                                "Filter": "((t.production_year >= 2008) AND (t.production_year <= 2011))",
                                                                                                                "Rows Removed by Filter": 1975035
                                                                                                            }
                                                                                                        ]
                                                                                                    }
                                                                                                ]
                                                                                            },
                                                                                            {
                                                                                                "Node Type": "Bitmap Heap Scan",
                                                                                                "Parent Relationship": "Inner",
                                                                                                "Parallel Aware": false,
                                                                                                "Relation Name": "movie_keyword",
                                                                                                "Schema": "public",
                                                                                                "Alias": "mk",
                                                                                                "Startup Cost": 0.94,
                                                                                                "Total Cost": 5.52,
                                                                                                "Plan Rows": 46,
                                                                                                "Plan Width": 8,
                                                                                                "Actual Startup Time": 0.003,
                                                                                                "Actual Total Time": 0.003,
                                                                                                "Actual Rows": 3,
                                                                                                "Actual Loops": 302065,
                                                                                                "Output": [
                                                                                                    "mk.id",
                                                                                                    "mk.movie_id",
                                                                                                    "mk.keyword_id"
                                                                                                ],
                                                                                                "Recheck Cond": "(mk.movie_id = t.id)",
                                                                                                "Rows Removed by Index Recheck": 0,
                                                                                                "Exact Heap Blocks": 101324,
                                                                                                "Lossy Heap Blocks": 0,
                                                                                                "Plans": [
                                                                                                    {
                                                                                                        "Node Type": "Bitmap Index Scan",
                                                                                                        "Parent Relationship": "Outer",
                                                                                                        "Parallel Aware": false,
                                                                                                        "Index Name": "movie_id_movie_keyword",
                                                                                                        "Startup Cost": 0.0,
                                                                                                        "Total Cost": 0.93,
                                                                                                        "Plan Rows": 46,
                                                                                                        "Plan Width": 0,
                                                                                                        "Actual Startup Time": 0.002,
                                                                                                        "Actual Total Time": 0.002,
                                                                                                        "Actual Rows": 3,
                                                                                                        "Actual Loops": 302065,
                                                                                                        "Index Cond": "(mk.movie_id = t.id)"
                                                                                                    }
                                                                                                ]
                                                                                            }
                                                                                        ]
                                                                                    }
                                                                                ]
                                                                            }
                                                                        ]
                                                                    }
                                                                ]
                                                            }
                                                        ]
                                                    }
                                                ]
                                            },
                                            {
                                                "Node Type": "Sort",
                                                "Parent Relationship": "Inner",
                                                "Parallel Aware": false,
                                                "Startup Cost": 11072.31,
                                                "Total Cost": 11199.14,
                                                "Plan Rows": 50732,
                                                "Plan Width": 23,
                                                "Actual Startup Time": 53.684,
                                                "Actual Total Time": 59.112,
                                                "Actual Rows": 48310,
                                                "Actual Loops": 1,
                                                "Output": [
                                                    "cn.name",
                                                    "cn.id"
                                                ],
                                                "Sort Key": [
                                                    "cn.id"
                                                ],
                                                "Sort Method": "quicksort",
                                                "Sort Space Used": 5023,
                                                "Sort Space Type": "Memory",
                                                "Plans": [
                                                    {
                                                        "Node Type": "Seq Scan",
                                                        "Parent Relationship": "Outer",
                                                        "Parallel Aware": false,
                                                        "Relation Name": "company_name",
                                                        "Schema": "public",
                                                        "Alias": "cn",
                                                        "Startup Cost": 0.0,
                                                        "Total Cost": 7107.45,
                                                        "Plan Rows": 50732,
                                                        "Plan Width": 23,
                                                        "Actual Startup Time": 0.029,
                                                        "Actual Total Time": 42.341,
                                                        "Actual Rows": 48302,
                                                        "Actual Loops": 1,
                                                        "Output": [
                                                            "cn.name",
                                                            "cn.id"
                                                        ],
                                                        "Filter": "(((cn.country_code)::text <> '[pl]'::text) AND ((cn.name ~~ '%Film%'::text) OR (cn.name ~~ '%Warner%'::text)))",
                                                        "Rows Removed by Filter": 186695
                                                    }
                                                ]
                                            }
                                        ]
                                    },
                                    {
                                        "Node Type": "Hash",
                                        "Parent Relationship": "Inner",
                                        "Parallel Aware": false,
                                        "Startup Cost": 1.05,
                                        "Total Cost": 1.05,
                                        "Plan Rows": 1,
                                        "Plan Width": 4,
                                        "Actual Startup Time": 0.029,
                                        "Actual Total Time": 0.03,
                                        "Actual Rows": 1,
                                        "Actual Loops": 1,
                                        "Output": [
                                            "ct.id"
                                        ],
                                        "Hash Buckets": 1024,
                                        "Original Hash Buckets": 1024,
                                        "Hash Batches": 1,
                                        "Original Hash Batches": 1,
                                        "Peak Memory Usage": 9,
                                        "Plans": [
                                            {
                                                "Node Type": "Seq Scan",
                                                "Parent Relationship": "Outer",
                                                "Parallel Aware": false,
                                                "Relation Name": "company_type",
                                                "Schema": "public",
                                                "Alias": "ct",
                                                "Startup Cost": 0.0,
                                                "Total Cost": 1.05,
                                                "Plan Rows": 1,
                                                "Plan Width": 4,
                                                "Actual Startup Time": 0.022,
                                                "Actual Total Time": 0.024,
                                                "Actual Rows": 1,
                                                "Actual Loops": 1,
                                                "Output": [
                                                    "ct.id"
                                                ],
                                                "Filter": "((ct.kind)::text = 'production companies'::text)",
                                                "Rows Removed by Filter": 3
                                            }
                                        ]
                                    }
                                ]
                            },
                            {
                                "Node Type": "Bitmap Heap Scan",
                                "Parent Relationship": "Inner",
                                "Parallel Aware": false,
                                "Relation Name": "movie_link",
                                "Schema": "public",
                                "Alias": "ml",
                                "Startup Cost": 0.33,
                                "Total Cost": 4.39,
                                "Plan Rows": 5,
                                "Plan Width": 8,
                                "Actual Startup Time": 0.002,
                                "Actual Total Time": 0.002,
                                "Actual Rows": 0,
                                "Actual Loops": 312,
                                "Output": [
                                    "ml.id",
                                    "ml.movie_id",
                                    "ml.linked_movie_id",
                                    "ml.link_type_id"
                                ],
                                "Recheck Cond": "(ml.movie_id = mk.movie_id)",
                                "Rows Removed by Index Recheck": 0,
                                "Exact Heap Blocks": 0,
                                "Lossy Heap Blocks": 0,
                                "Plans": [
                                    {
                                        "Node Type": "Bitmap Index Scan",
                                        "Parent Relationship": "Outer",
                                        "Parallel Aware": false,
                                        "Index Name": "movie_id_movie_link",
                                        "Startup Cost": 0.0,
                                        "Total Cost": 0.33,
                                        "Plan Rows": 5,
                                        "Plan Width": 0,
                                        "Actual Startup Time": 0.001,
                                        "Actual Total Time": 0.001,
                                        "Actual Rows": 0,
                                        "Actual Loops": 312,
                                        "Index Cond": "(ml.movie_id = mk.movie_id)"
                                    }
                                ]
                            }
                        ]
                    },
                    {
                        "Node Type": "Bitmap Heap Scan",
                        "Parent Relationship": "Inner",
                        "Parallel Aware": false,
                        "Relation Name": "link_type",
                        "Schema": "public",
                        "Alias": "lt",
                        "Startup Cost": 0.15,
                        "Total Cost": 4.16,
                        "Plan Rows": 1,
                        "Plan Width": 16,
                        "Actual Startup Time": 0.0,
                        "Actual Total Time": 0.0,
                        "Actual Rows": 0,
                        "Actual Loops": 0,
                        "Output": [
                            "lt.id",
                            "lt.link"
                        ],
                        "Recheck Cond": "(lt.id = ml.link_type_id)",
                        "Rows Removed by Index Recheck": 0,
                        "Filter": "((lt.link)::text ~~ '%follow%'::text)",
                        "Rows Removed by Filter": 0,
                        "Exact Heap Blocks": 0,
                        "Lossy Heap Blocks": 0,
                        "Plans": [
                            {
                                "Node Type": "Bitmap Index Scan",
                                "Parent Relationship": "Outer",
                                "Parallel Aware": false,
                                "Index Name": "link_type_pkey",
                                "Startup Cost": 0.0,
                                "Total Cost": 0.15,
                                "Plan Rows": 1,
                                "Plan Width": 0,
                                "Actual Startup Time": 0.0,
                                "Actual Total Time": 0.0,
                                "Actual Rows": 0,
                                "Actual Loops": 0,
                                "Index Cond": "(lt.id = ml.link_type_id)"
                            }
                        ]
                    }
                ]
            }
        ]
    },
    "Planning Time": 13.697,
    "Triggers": [],
    "Execution Time": 9853.128
}