[
  {
    "Plan": {
      "Node Type": "Aggregate",
      "Strategy": "Plain",
      "Partial Mode": "Finalize",
      "Parallel Aware": false,
      "Startup Cost": 30949.58,
      "Total Cost": 30949.59,
      "Plan Rows": 1,
      "Plan Width": 8,
      "Actual Startup Time": 87.362,
      "Actual Total Time": 95.407,
      "Actual Rows": 1,
      "Actual Loops": 1,
      "Plans": [
        {
          "Node Type": "Gather",
          "Parent Relationship": "Outer",
          "Parallel Aware": false,
          "Startup Cost": 30949.27,
          "Total Cost": 30949.58,
          "Plan Rows": 3,
          "Plan Width": 8,
          "Actual Startup Time": 87.254,
          "Actual Total Time": 95.4,
          "Actual Rows": 4,
          "Actual Loops": 1,
          "Workers Planned": 3,
          "Workers Launched": 3,
          "Single Copy": false,
          "Plans": [
            {
              "Node Type": "Aggregate",
              "Strategy": "Plain",
              "Partial Mode": "Partial",
              "Parent Relationship": "Outer",
              "Parallel Aware": false,
              "Startup Cost": 29949.27,
              "Total Cost": 29949.28,
              "Plan Rows": 1,
              "Plan Width": 8,
              "Actual Startup Time": 81.617,
              "Actual Total Time": 81.618,
              "Actual Rows": 1,
              "Actual Loops": 4,
              "Plans": [
                {
                  "Node Type": "Seq Scan",
                  "Parent Relationship": "Outer",
                  "Parallel Aware": true,
                  "Relation Name": "movie_companies",
                  "Alias": "mc",
                  "Startup Cost": 0.0,
                  "Total Cost": 29310.68,
                  "Plan Rows": 255434,
                  "Plan Width": 0,
                  "Actual Startup Time": 23.512,
                  "Actual Total Time": 73.261,
                  "Actual Rows": 201547,
                  "Actual Loops": 4,
                  "Filter": "(company_id > 29711)",
                  "Rows Removed by Filter": 450735
                }
              ]
            }
          ]
        }
      ]
    },
    "Planning Time": 0.119,
    "Triggers": [],
    "Execution Time": 95.453
  }
]