{
  "Plan": {
    "Node Type": "Aggregate",
    "Strategy": "Plain",
    "Partial Mode": "Finalize",
    "Parallel Aware": false,
    "Startup Cost": 94743.98,
    "Total Cost": 94743.99,
    "Plan Rows": 1,
    "Plan Width": 8,
    "Actual Startup Time": 398.762,
    "Actual Total Time": 414.545,
    "Actual Rows": 1,
    "Actual Loops": 1,
    "Plans": [
      {
        "Node Type": "Gather",
        "Parent Relationship": "Outer",
        "Parallel Aware": false,
        "Startup Cost": 94743.87,
        "Total Cost": 94743.98,
        "Plan Rows": 1,
        "Plan Width": 8,
        "Actual Startup Time": 398.37,
        "Actual Total Time": 414.538,
        "Actual Rows": 2,
        "Actual Loops": 1,
        "Workers Planned": 1,
        "Workers Launched": 1,
        "Single Copy": false,
        "Plans": [
          {
            "Node Type": "Aggregate",
            "Strategy": "Plain",
            "Partial Mode": "Partial",
            "Parent Relationship": "Outer",
            "Parallel Aware": false,
            "Startup Cost": 93743.87,
            "Total Cost": 93743.88,
            "Plan Rows": 1,
            "Plan Width": 8,
            "Actual Startup Time": 392.803,
            "Actual Total Time": 392.806,
            "Actual Rows": 1,
            "Actual Loops": 2,
            "Plans": [
              {
                "Node Type": "Hash Join",
                "Parent Relationship": "Outer",
                "Parallel Aware": true,
                "Join Type": "Inner",
                "Startup Cost": 55408.06,
                "Total Cost": 93574.7,
                "Plan Rows": 67670,
                "Plan Width": 0,
                "Actual Startup Time": 190.358,
                "Actual Total Time": 388.557,
                "Actual Rows": 106656,
                "Actual Loops": 2,
                "Inner Unique": true,
                "Hash Cond": "(mc.movie_id = t.id)",
                "Plans": [
                  {
                    "Node Type": "Seq Scan",
                    "Parent Relationship": "Outer",
                    "Parallel Aware": true,
                    "Relation Name": "movie_companies",
                    "Alias": "mc",
                    "Startup Cost": 0.0,
                    "Total Cost": 34137.82,
                    "Plan Rows": 1534782,
                    "Plan Width": 4,
                    "Actual Startup Time": 0.012,
                    "Actual Total Time": 95.384,
                    "Actual Rows": 1304564,
                    "Actual Loops": 2
                  },
                  {
                    "Node Type": "Hash",
                    "Parent Relationship": "Inner",
                    "Parallel Aware": true,
                    "Startup Cost": 54588.39,
                    "Total Cost": 54588.39,
                    "Plan Rows": 65574,
                    "Plan Width": 4,
                    "Actual Startup Time": 148.682,
                    "Actual Total Time": 148.683,
                    "Actual Rows": 56258,
                    "Actual Loops": 2,
                    "Hash Buckets": 131072,
                    "Original Hash Buckets": 131072,
                    "Hash Batches": 1,
                    "Original Hash Batches": 1,
                    "Peak Memory Usage": 5440,
                    "Plans": [
                      {
                        "Node Type": "Seq Scan",
                        "Parent Relationship": "Outer",
                        "Parallel Aware": true,
                        "Relation Name": "title",
                        "Alias": "t",
                        "Startup Cost": 0.0,
                        "Total Cost": 54588.39,
                        "Plan Rows": 65574,
                        "Plan Width": 4,
                        "Actual Startup Time": 71.581,
                        "Actual Total Time": 136.652,
                        "Actual Rows": 56258,
                        "Actual Loops": 2,
                        "Filter": "(production_year < 1929)",
                        "Rows Removed by Filter": 1207898
                      }
                    ]
                  }
                ]
              }
            ]
          }
        ]
      }
    ]
  },
  "Planning Time": 0.459,
  "Triggers": [],
  "Execution Time": 414.619
}