{
  "Plan": {
    "Node Type": "Aggregate",
    "Strategy": "Plain",
    "Partial Mode": "Finalize",
    "Parallel Aware": false,
    "Startup Cost": 558312.13,
    "Total Cost": 558312.14,
    "Plan Rows": 1,
    "Plan Width": 8,
    "Actual Startup Time": 2610.721,
    "Actual Total Time": 2652.263,
    "Actual Rows": 1,
    "Actual Loops": 1,
    "Plans": [
      {
        "Node Type": "Gather",
        "Parent Relationship": "Outer",
        "Parallel Aware": false,
        "Startup Cost": 558312.02,
        "Total Cost": 558312.13,
        "Plan Rows": 1,
        "Plan Width": 8,
        "Actual Startup Time": 2608.128,
        "Actual Total Time": 2652.251,
        "Actual Rows": 2,
        "Actual Loops": 1,
        "Workers Planned": 1,
        "Workers Launched": 1,
        "Single Copy": false,
        "Plans": [
          {
            "Node Type": "Aggregate",
            "Strategy": "Plain",
            "Partial Mode": "Partial",
            "Parent Relationship": "Outer",
            "Parallel Aware": false,
            "Startup Cost": 557312.02,
            "Total Cost": 557312.03,
            "Plan Rows": 1,
            "Plan Width": 8,
            "Actual Startup Time": 2602.22,
            "Actual Total Time": 2602.87,
            "Actual Rows": 1,
            "Actual Loops": 2,
            "Plans": [
              {
                "Node Type": "Hash Join",
                "Parent Relationship": "Outer",
                "Parallel Aware": true,
                "Join Type": "Inner",
                "Startup Cost": 127716.8,
                "Total Cost": 550198.19,
                "Plan Rows": 2845533,
                "Plan Width": 0,
                "Actual Startup Time": 622.743,
                "Actual Total Time": 2496.986,
                "Actual Rows": 2216588,
                "Actual Loops": 2,
                "Inner Unique": false,
                "Hash Cond": "(ci.movie_id = t.id)",
                "Plans": [
                  {
                    "Node Type": "Index Scan",
                    "Parent Relationship": "Outer",
                    "Parallel Aware": true,
                    "Scan Direction": "Forward",
                    "Index Name": "role_id_cast_info",
                    "Relation Name": "cast_info",
                    "Alias": "ci",
                    "Startup Cost": 0.56,
                    "Total Cost": 378519.23,
                    "Plan Rows": 7259809,
                    "Plan Width": 4,
                    "Actual Startup Time": 0.082,
                    "Actual Total Time": 885.996,
                    "Actual Rows": 6056823,
                    "Actual Loops": 2,
                    "Index Cond": "(role_id > 3)",
                    "Rows Removed by Index Recheck": 0
                  },
                  {
                    "Node Type": "Hash",
                    "Parent Relationship": "Inner",
                    "Parallel Aware": true,
                    "Startup Cost": 120429.6,
                    "Total Cost": 120429.6,
                    "Plan Rows": 582931,
                    "Plan Width": 8,
                    "Actual Startup Time": 613.195,
                    "Actual Total Time": 613.843,
                    "Actual Rows": 123822,
                    "Actual Loops": 2,
                    "Hash Buckets": 1048576,
                    "Original Hash Buckets": 1048576,
                    "Hash Batches": 1,
                    "Original Hash Batches": 1,
                    "Peak Memory Usage": 17920,
                    "Plans": [
                      {
                        "Node Type": "Hash Join",
                        "Parent Relationship": "Outer",
                        "Parallel Aware": true,
                        "Join Type": "Inner",
                        "Startup Cost": 62378.76,
                        "Total Cost": 120429.6,
                        "Plan Rows": 582931,
                        "Plan Width": 8,
                        "Actual Startup Time": 231.152,
                        "Actual Total Time": 587.528,
                        "Actual Rows": 123822,
                        "Actual Loops": 2,
                        "Inner Unique": true,
                        "Hash Cond": "(mk.movie_id = t.id)",
                        "Plans": [
                          {
                            "Node Type": "Seq Scan",
                            "Parent Relationship": "Outer",
                            "Parallel Aware": true,
                            "Relation Name": "movie_keyword",
                            "Alias": "mk",
                            "Startup Cost": 0.0,
                            "Total Cost": 51065.35,
                            "Plan Rows": 2661135,
                            "Plan Width": 4,
                            "Actual Startup Time": 0.013,
                            "Actual Total Time": 153.735,
                            "Actual Rows": 2261965,
                            "Actual Loops": 2
                          },
                          {
                            "Node Type": "Hash",
                            "Parent Relationship": "Inner",
                            "Parallel Aware": true,
                            "Startup Cost": 58306.47,
                            "Total Cost": 58306.47,
                            "Plan Rows": 325783,
                            "Plan Width": 4,
                            "Actual Startup Time": 225.561,
                            "Actual Total Time": 225.562,
                            "Actual Rows": 301202,
                            "Actual Loops": 2,
                            "Hash Buckets": 1048576,
                            "Original Hash Buckets": 1048576,
                            "Hash Batches": 1,
                            "Original Hash Batches": 1,
                            "Peak Memory Usage": 31776,
                            "Plans": [
                              {
                                "Node Type": "Seq Scan",
                                "Parent Relationship": "Outer",
                                "Parallel Aware": true,
                                "Relation Name": "title",
                                "Alias": "t",
                                "Startup Cost": 0.0,
                                "Total Cost": 58306.47,
                                "Plan Rows": 325783,
                                "Plan Width": 4,
                                "Actual Startup Time": 0.033,
                                "Actual Total Time": 147.913,
                                "Actual Rows": 301202,
                                "Actual Loops": 2,
                                "Filter": "((kind_id > 6) AND (production_year > 2006))",
                                "Rows Removed by Filter": 962954
                              }
                            ]
                          }
                        ]
                      }
                    ]
                  }
                ]
              }
            ]
          }
        ]
      }
    ]
  },
  "Planning Time": 0.927,
  "Triggers": [],
  "Execution Time": 2652.383
}