[
  {
    "Plan": {
      "Node Type": "Aggregate",
      "Strategy": "Plain",
      "Partial Mode": "Finalize",
      "Parallel Aware": false,
      "Startup Cost": 98830.96,
      "Total Cost": 98830.97,
      "Plan Rows": 1,
      "Plan Width": 8,
      "Actual Startup Time": 447.375,
      "Actual Total Time": 465.358,
      "Actual Rows": 1,
      "Actual Loops": 1,
      "Plans": [
        {
          "Node Type": "Gather",
          "Parent Relationship": "Outer",
          "Parallel Aware": false,
          "Startup Cost": 98830.74,
          "Total Cost": 98830.95,
          "Plan Rows": 2,
          "Plan Width": 8,
          "Actual Startup Time": 445.769,
          "Actual Total Time": 465.349,
          "Actual Rows": 3,
          "Actual Loops": 1,
          "Workers Planned": 2,
          "Workers Launched": 2,
          "Single Copy": false,
          "Plans": [
            {
              "Node Type": "Aggregate",
              "Strategy": "Plain",
              "Partial Mode": "Partial",
              "Parent Relationship": "Outer",
              "Parallel Aware": false,
              "Startup Cost": 97830.74,
              "Total Cost": 97830.75,
              "Plan Rows": 1,
              "Plan Width": 8,
              "Actual Startup Time": 438.244,
              "Actual Total Time": 438.354,
              "Actual Rows": 1,
              "Actual Loops": 3,
              "Plans": [
                {
                  "Node Type": "Hash Join",
                  "Parent Relationship": "Outer",
                  "Parallel Aware": true,
                  "Join Type": "Inner",
                  "Startup Cost": 80891.85,
                  "Total Cost": 97640.65,
                  "Plan Rows": 76037,
                  "Plan Width": 0,
                  "Actual Startup Time": 384.834,
                  "Actual Total Time": 435.408,
                  "Actual Rows": 75119,
                  "Actual Loops": 3,
                  "Inner Unique": false,
                  "Hash Cond": "(mi_idx.movie_id = t.id)",
                  "Plans": [
                    {
                      "Node Type": "Seq Scan",
                      "Parent Relationship": "Outer",
                      "Parallel Aware": true,
                      "Relation Name": "movie_info_idx",
                      "Alias": "mi_idx",
                      "Startup Cost": 0.0,
                      "Total Cost": 15122.68,
                      "Plan Rows": 382940,
                      "Plan Width": 4,
                      "Actual Startup Time": 0.031,
                      "Actual Total Time": 41.394,
                      "Actual Rows": 306617,
                      "Actual Loops": 3,
                      "Filter": "(info_type_id < 101)",
                      "Rows Removed by Filter": 153395
                    },
                    {
                      "Node Type": "Hash",
                      "Parent Relationship": "Inner",
                      "Parallel Aware": true,
                      "Startup Cost": 79323.04,
                      "Total Cost": 79323.04,
                      "Plan Rows": 125505,
                      "Plan Width": 8,
                      "Actual Startup Time": 349.122,
                      "Actual Total Time": 349.231,
                      "Actual Rows": 67044,
                      "Actual Loops": 3,
                      "Hash Buckets": 524288,
                      "Original Hash Buckets": 524288,
                      "Hash Batches": 1,
                      "Original Hash Batches": 1,
                      "Peak Memory Usage": 12032,
                      "Plans": [
                        {
                          "Node Type": "Hash Join",
                          "Parent Relationship": "Outer",
                          "Parallel Aware": true,
                          "Join Type": "Inner",
                          "Startup Cost": 33439.09,
                          "Total Cost": 79323.04,
                          "Plan Rows": 125505,
                          "Plan Width": 8,
                          "Actual Startup Time": 233.377,
                          "Actual Total Time": 329.528,
                          "Actual Rows": 67044,
                          "Actual Loops": 3,
                          "Inner Unique": false,
                          "Hash Cond": "(t.id = mc.movie_id)",
                          "Plans": [
                            {
                              "Node Type": "Seq Scan",
                              "Parent Relationship": "Outer",
                              "Parallel Aware": true,
                              "Relation Name": "title",
                              "Alias": "t",
                              "Startup Cost": 0.0,
                              "Total Cost": 42318.73,
                              "Plan Rows": 632073,
                              "Plan Width": 4,
                              "Actual Startup Time": 0.009,
                              "Actual Total Time": 89.267,
                              "Actual Rows": 842771,
                              "Actual Loops": 3
                            },
                            {
                              "Node Type": "Hash",
                              "Parent Relationship": "Inner",
                              "Parallel Aware": true,
                              "Startup Cost": 31414.82,
                              "Total Cost": 31414.82,
                              "Plan Rows": 161942,
                              "Plan Width": 4,
                              "Actual Startup Time": 114.982,
                              "Actual Total Time": 114.983,
                              "Actual Rows": 67044,
                              "Actual Loops": 3,
                              "Hash Buckets": 524288,
                              "Original Hash Buckets": 524288,
                              "Hash Batches": 1,
                              "Original Hash Batches": 1,
                              "Peak Memory Usage": 12000,
                              "Plans": [
                                {
                                  "Node Type": "Seq Scan",
                                  "Parent Relationship": "Outer",
                                  "Parallel Aware": true,
                                  "Relation Name": "movie_companies",
                                  "Alias": "mc",
                                  "Startup Cost": 0.0,
                                  "Total Cost": 31414.82,
                                  "Plan Rows": 161942,
                                  "Plan Width": 4,
                                  "Actual Startup Time": 26.067,
                                  "Actual Total Time": 91.417,
                                  "Actual Rows": 67044,
                                  "Actual Loops": 3,
                                  "Filter": "((company_id > 15549) AND (company_type_id < 2))",
                                  "Rows Removed by Filter": 802666
                                }
                              ]
                            }
                          ]
                        }
                      ]
                    }
                  ]
                }
              ]
            }
          ]
        }
      ]
    },
    "Planning Time": 1.309,
    "Triggers": [],
    "Execution Time": 465.437
  }
]