[
  {
    "Plan": {
      "Node Type": "Aggregate",
      "Strategy": "Plain",
      "Partial Mode": "Finalize",
      "Parallel Aware": false,
      "Startup Cost": 45350.67,
      "Total Cost": 45350.68,
      "Plan Rows": 1,
      "Plan Width": 8,
      "Actual Startup Time": 153.67,
      "Actual Total Time": 163.389,
      "Actual Rows": 1,
      "Actual Loops": 1,
      "Plans": [
        {
          "Node Type": "Gather",
          "Parent Relationship": "Outer",
          "Parallel Aware": false,
          "Startup Cost": 45350.36,
          "Total Cost": 45350.67,
          "Plan Rows": 3,
          "Plan Width": 8,
          "Actual Startup Time": 153.554,
          "Actual Total Time": 163.379,
          "Actual Rows": 4,
          "Actual Loops": 1,
          "Workers Planned": 3,
          "Workers Launched": 3,
          "Single Copy": false,
          "Plans": [
            {
              "Node Type": "Aggregate",
              "Strategy": "Plain",
              "Partial Mode": "Partial",
              "Parent Relationship": "Outer",
              "Parallel Aware": false,
              "Startup Cost": 44350.36,
              "Total Cost": 44350.37,
              "Plan Rows": 1,
              "Plan Width": 8,
              "Actual Startup Time": 146.977,
              "Actual Total Time": 146.978,
              "Actual Rows": 1,
              "Actual Loops": 4,
              "Plans": [
                {
                  "Node Type": "Seq Scan",
                  "Parent Relationship": "Outer",
                  "Parallel Aware": true,
                  "Relation Name": "movie_keyword",
                  "Alias": "mk",
                  "Startup Cost": 0.0,
                  "Total Cost": 42695.65,
                  "Plan Rows": 661881,
                  "Plan Width": 0,
                  "Actual Startup Time": 0.722,
                  "Actual Total Time": 121.003,
                  "Actual Rows": 512618,
                  "Actual Loops": 4,
                  "Filter": "(keyword_id > 5970)",
                  "Rows Removed by Filter": 618365
                }
              ]
            }
          ]
        }
      ]
    },
    "Planning Time": 0.152,
    "Triggers": [],
    "Execution Time": 163.444
  }
]