{
  "Plan": {
    "Node Type": "Aggregate",
    "Strategy": "Plain",
    "Partial Mode": "Simple",
    "Parallel Aware": false,
    "Startup Cost": 136418.58,
    "Total Cost": 136418.59,
    "Plan Rows": 1,
    "Plan Width": 8,
    "Actual Startup Time": 1526.919,
    "Actual Total Time": 1526.923,
    "Actual Rows": 1,
    "Actual Loops": 1,
    "Plans": [
      {
        "Node Type": "Hash Join",
        "Parent Relationship": "Outer",
        "Parallel Aware": false,
        "Join Type": "Inner",
        "Startup Cost": 135499.34,
        "Total Cost": 136418.25,
        "Plan Rows": 135,
        "Plan Width": 0,
        "Actual Startup Time": 1525.433,
        "Actual Total Time": 1526.853,
        "Actual Rows": 1556,
        "Actual Loops": 1,
        "Inner Unique": false,
        "Hash Cond": "(mk.movie_id = t.id)",
        "Plans": [
          {
            "Node Type": "Bitmap Heap Scan",
            "Parent Relationship": "Outer",
            "Parallel Aware": false,
            "Relation Name": "movie_keyword",
            "Alias": "mk",
            "Startup Cost": 6.35,
            "Total Cost": 922.98,
            "Plan Rows": 248,
            "Plan Width": 4,
            "Actual Startup Time": 0.629,
            "Actual Total Time": 1.664,
            "Actual Rows": 602,
            "Actual Loops": 1,
            "Recheck Cond": "(keyword_id = 7794)",
            "Rows Removed by Index Recheck": 0,
            "Exact Heap Blocks": 589,
            "Lossy Heap Blocks": 0,
            "Plans": [
              {
                "Node Type": "Bitmap Index Scan",
                "Parent Relationship": "Outer",
                "Parallel Aware": false,
                "Index Name": "keyword_id_movie_keyword",
                "Startup Cost": 0.0,
                "Total Cost": 6.29,
                "Plan Rows": 248,
                "Plan Width": 0,
                "Actual Startup Time": 0.412,
                "Actual Total Time": 0.413,
                "Actual Rows": 602,
                "Actual Loops": 1,
                "Index Cond": "(keyword_id = 7794)"
              }
            ]
          },
          {
            "Node Type": "Hash",
            "Parent Relationship": "Inner",
            "Parallel Aware": false,
            "Startup Cost": 118242.55,
            "Total Cost": 118242.55,
            "Plan Rows": 1380035,
            "Plan Width": 8,
            "Actual Startup Time": 1503.102,
            "Actual Total Time": 1503.104,
            "Actual Rows": 1380035,
            "Actual Loops": 1,
            "Hash Buckets": 2097152,
            "Original Hash Buckets": 2097152,
            "Hash Batches": 1,
            "Original Hash Batches": 1,
            "Peak Memory Usage": 70292,
            "Plans": [
              {
                "Node Type": "Hash Join",
                "Parent Relationship": "Outer",
                "Parallel Aware": false,
                "Join Type": "Inner",
                "Startup Cost": 92884.59,
                "Total Cost": 118242.55,
                "Plan Rows": 1380035,
                "Plan Width": 8,
                "Actual Startup Time": 866.487,
                "Actual Total Time": 1280.48,
                "Actual Rows": 1380035,
                "Actual Loops": 1,
                "Inner Unique": true,
                "Hash Cond": "(mi_idx.movie_id = t.id)",
                "Plans": [
                  {
                    "Node Type": "Seq Scan",
                    "Parent Relationship": "Outer",
                    "Parallel Aware": false,
                    "Relation Name": "movie_info_idx",
                    "Alias": "mi_idx",
                    "Startup Cost": 0.0,
                    "Total Cost": 21735.35,
                    "Plan Rows": 1380035,
                    "Plan Width": 4,
                    "Actual Startup Time": 0.021,
                    "Actual Total Time": 92.126,
                    "Actual Rows": 1380035,
                    "Actual Loops": 1
                  },
                  {
                    "Node Type": "Hash",
                    "Parent Relationship": "Inner",
                    "Parallel Aware": false,
                    "Startup Cost": 61280.93,
                    "Total Cost": 61280.93,
                    "Plan Rows": 2528293,
                    "Plan Width": 4,
                    "Actual Startup Time": 842.645,
                    "Actual Total Time": 842.645,
                    "Actual Rows": 2528312,
                    "Actual Loops": 1,
                    "Hash Buckets": 4194304,
                    "Original Hash Buckets": 4194304,
                    "Hash Batches": 1,
                    "Original Hash Batches": 1,
                    "Peak Memory Usage": 121654,
                    "Plans": [
                      {
                        "Node Type": "Seq Scan",
                        "Parent Relationship": "Outer",
                        "Parallel Aware": false,
                        "Relation Name": "title",
                        "Alias": "t",
                        "Startup Cost": 0.0,
                        "Total Cost": 61280.93,
                        "Plan Rows": 2528293,
                        "Plan Width": 4,
                        "Actual Startup Time": 0.013,
                        "Actual Total Time": 285.065,
                        "Actual Rows": 2528312,
                        "Actual Loops": 1
                      }
                    ]
                  }
                ]
              }
            ]
          }
        ]
      }
    ]
  },
  "Planning Time": 0.996,
  "Triggers": [],
  "Execution Time": 1539.711
}