[
    {
        "Bao": {
            "Bao prediction": "NaN",
            "Bao recommended hint": "(no hint)"
        }
    },
    {
        "Plan": {
            "Node Type": "Aggregate",
            "Strategy": "Plain",
            "Partial Mode": "Finalize",
            "Parallel Aware": false,
            "Startup Cost": 32928.34,
            "Total Cost": 32928.35,
            "Plan Rows": 1,
            "Plan Width": 8,
            "Actual Startup Time": 88.204,
            "Actual Total Time": 93.967,
            "Actual Rows": 1,
            "Actual Loops": 1,
            "Output": [
                "count(*)"
            ],
            "Plans": [
                {
                    "Node Type": "Gather",
                    "Parent Relationship": "Outer",
                    "Parallel Aware": false,
                    "Startup Cost": 32928.03,
                    "Total Cost": 32928.34,
                    "Plan Rows": 3,
                    "Plan Width": 8,
                    "Actual Startup Time": 88.093,
                    "Actual Total Time": 93.961,
                    "Actual Rows": 4,
                    "Actual Loops": 1,
                    "Output": [
                        "(PARTIAL count(*))"
                    ],
                    "Workers Planned": 3,
                    "Workers Launched": 3,
                    "Single Copy": false,
                    "Plans": [
                        {
                            "Node Type": "Aggregate",
                            "Strategy": "Plain",
                            "Partial Mode": "Partial",
                            "Parent Relationship": "Outer",
                            "Parallel Aware": false,
                            "Startup Cost": 31928.03,
                            "Total Cost": 31928.04,
                            "Plan Rows": 1,
                            "Plan Width": 8,
                            "Actual Startup Time": 80.012,
                            "Actual Total Time": 80.013,
                            "Actual Rows": 1,
                            "Actual Loops": 4,
                            "Output": [
                                "PARTIAL count(*)"
                            ],
                            "Workers": [
                                {
                                    "Worker Number": 0,
                                    "Actual Startup Time": 77.31,
                                    "Actual Total Time": 77.311,
                                    "Actual Rows": 1,
                                    "Actual Loops": 1
                                },
                                {
                                    "Worker Number": 1,
                                    "Actual Startup Time": 77.337,
                                    "Actual Total Time": 77.339,
                                    "Actual Rows": 1,
                                    "Actual Loops": 1
                                },
                                {
                                    "Worker Number": 2,
                                    "Actual Startup Time": 77.587,
                                    "Actual Total Time": 77.588,
                                    "Actual Rows": 1,
                                    "Actual Loops": 1
                                }
                            ],
                            "Plans": [
                                {
                                    "Node Type": "Seq Scan",
                                    "Parent Relationship": "Outer",
                                    "Parallel Aware": true,
                                    "Relation Name": "movie_companies",
                                    "Schema": "public",
                                    "Alias": "mc",
                                    "Startup Cost": 0.0,
                                    "Total Cost": 31414.82,
                                    "Plan Rows": 205283,
                                    "Plan Width": 0,
                                    "Actual Startup Time": 16.617,
                                    "Actual Total Time": 74.69,
                                    "Actual Rows": 98562,
                                    "Actual Loops": 4,
                                    "Output": [
                                        "id",
                                        "movie_id",
                                        "company_id",
                                        "company_type_id",
                                        "note"
                                    ],
                                    "Filter": "((mc.company_id > 11319) AND (mc.company_type_id < 2))",
                                    "Rows Removed by Filter": 553721,
                                    "Workers": [
                                        {
                                            "Worker Number": 0,
                                            "Actual Startup Time": 13.916,
                                            "Actual Total Time": 72.129,
                                            "Actual Rows": 66418,
                                            "Actual Loops": 1
                                        },
                                        {
                                            "Worker Number": 1,
                                            "Actual Startup Time": 13.95,
                                            "Actual Total Time": 72.152,
                                            "Actual Rows": 84921,
                                            "Actual Loops": 1
                                        },
                                        {
                                            "Worker Number": 2,
                                            "Actual Startup Time": 14.191,
                                            "Actual Total Time": 72.556,
                                            "Actual Rows": 90524,
                                            "Actual Loops": 1
                                        }
                                    ]
                                }
                            ]
                        }
                    ]
                }
            ]
        },
        "Planning Time": 186.417,
        "Triggers": [],
        "Execution Time": 94.01
    }
]