{
  "Plan": {
    "Node Type": "Aggregate",
    "Strategy": "Plain",
    "Partial Mode": "Finalize",
    "Parallel Aware": false,
    "Startup Cost": 325395.55,
    "Total Cost": 325395.56,
    "Plan Rows": 1,
    "Plan Width": 8,
    "Actual Startup Time": 1122.753,
    "Actual Total Time": 1156.634,
    "Actual Rows": 1,
    "Actual Loops": 1,
    "Plans": [
      {
        "Node Type": "Gather",
        "Parent Relationship": "Outer",
        "Parallel Aware": false,
        "Startup Cost": 325395.43,
        "Total Cost": 325395.54,
        "Plan Rows": 1,
        "Plan Width": 8,
        "Actual Startup Time": 1122.56,
        "Actual Total Time": 1156.627,
        "Actual Rows": 2,
        "Actual Loops": 1,
        "Workers Planned": 1,
        "Workers Launched": 1,
        "Single Copy": false,
        "Plans": [
          {
            "Node Type": "Aggregate",
            "Strategy": "Plain",
            "Partial Mode": "Partial",
            "Parent Relationship": "Outer",
            "Parallel Aware": false,
            "Startup Cost": 324395.43,
            "Total Cost": 324395.44,
            "Plan Rows": 1,
            "Plan Width": 8,
            "Actual Startup Time": 1118.511,
            "Actual Total Time": 1118.515,
            "Actual Rows": 1,
            "Actual Loops": 2,
            "Plans": [
              {
                "Node Type": "Hash Join",
                "Parent Relationship": "Outer",
                "Parallel Aware": true,
                "Join Type": "Inner",
                "Startup Cost": 38965.0,
                "Total Cost": 324220.96,
                "Plan Rows": 69788,
                "Plan Width": 0,
                "Actual Startup Time": 116.579,
                "Actual Total Time": 1116.56,
                "Actual Rows": 38166,
                "Actual Loops": 2,
                "Inner Unique": true,
                "Hash Cond": "(mi.movie_id = t.id)",
                "Plans": [
                  {
                    "Node Type": "Seq Scan",
                    "Parent Relationship": "Outer",
                    "Parallel Aware": true,
                    "Relation Name": "movie_info",
                    "Alias": "mi",
                    "Startup Cost": 0.0,
                    "Total Cost": 270696.42,
                    "Plan Rows": 5546484,
                    "Plan Width": 4,
                    "Actual Startup Time": 35.099,
                    "Actual Total Time": 726.621,
                    "Actual Rows": 4712600,
                    "Actual Loops": 2,
                    "Filter": "(info_type_id > 5)",
                    "Rows Removed by Filter": 2705260
                  },
                  {
                    "Node Type": "Hash",
                    "Parent Relationship": "Inner",
                    "Parallel Aware": true,
                    "Startup Cost": 38731.09,
                    "Total Cost": 38731.09,
                    "Plan Rows": 18713,
                    "Plan Width": 4,
                    "Actual Startup Time": 58.737,
                    "Actual Total Time": 58.739,
                    "Actual Rows": 9412,
                    "Actual Loops": 2,
                    "Hash Buckets": 32768,
                    "Original Hash Buckets": 32768,
                    "Hash Batches": 1,
                    "Original Hash Batches": 1,
                    "Peak Memory Usage": 1024,
                    "Plans": [
                      {
                        "Node Type": "Bitmap Heap Scan",
                        "Parent Relationship": "Outer",
                        "Parallel Aware": true,
                        "Relation Name": "title",
                        "Alias": "t",
                        "Startup Cost": 1831.09,
                        "Total Cost": 38731.09,
                        "Plan Rows": 18713,
                        "Plan Width": 4,
                        "Actual Startup Time": 18.869,
                        "Actual Total Time": 55.679,
                        "Actual Rows": 9412,
                        "Actual Loops": 2,
                        "Recheck Cond": "(kind_id = 3)",
                        "Rows Removed by Index Recheck": 0,
                        "Filter": "(production_year > 2007)",
                        "Rows Removed by Filter": 40857,
                        "Exact Heap Blocks": 10643,
                        "Lossy Heap Blocks": 0,
                        "Plans": [
                          {
                            "Node Type": "Bitmap Index Scan",
                            "Parent Relationship": "Outer",
                            "Parallel Aware": false,
                            "Index Name": "kind_id_title",
                            "Startup Cost": 0.0,
                            "Total Cost": 1823.13,
                            "Plan Rows": 102227,
                            "Plan Width": 0,
                            "Actual Startup Time": 17.286,
                            "Actual Total Time": 17.286,
                            "Actual Rows": 100537,
                            "Actual Loops": 1,
                            "Index Cond": "(kind_id = 3)"
                          }
                        ]
                      }
                    ]
                  }
                ]
              }
            ]
          }
        ]
      }
    ]
  },
  "Planning Time": 0.504,
  "Triggers": [],
  "Execution Time": 1156.718
}