[
  {
    "Plan": {
      "Node Type": "Aggregate",
      "Strategy": "Plain",
      "Partial Mode": "Finalize",
      "Parallel Aware": false,
      "Startup Cost": 100967.06,
      "Total Cost": 100967.07,
      "Plan Rows": 1,
      "Plan Width": 8,
      "Actual Startup Time": 557.735,
      "Actual Total Time": 574.823,
      "Actual Rows": 1,
      "Actual Loops": 1,
      "Plans": [
        {
          "Node Type": "Gather",
          "Parent Relationship": "Outer",
          "Parallel Aware": false,
          "Startup Cost": 100966.74,
          "Total Cost": 100967.05,
          "Plan Rows": 3,
          "Plan Width": 8,
          "Actual Startup Time": 552.033,
          "Actual Total Time": 574.813,
          "Actual Rows": 4,
          "Actual Loops": 1,
          "Workers Planned": 3,
          "Workers Launched": 3,
          "Single Copy": false,
          "Plans": [
            {
              "Node Type": "Aggregate",
              "Strategy": "Plain",
              "Partial Mode": "Partial",
              "Parent Relationship": "Outer",
              "Parallel Aware": false,
              "Startup Cost": 99966.74,
              "Total Cost": 99966.75,
              "Plan Rows": 1,
              "Plan Width": 8,
              "Actual Startup Time": 539.217,
              "Actual Total Time": 539.22,
              "Actual Rows": 1,
              "Actual Loops": 4,
              "Plans": [
                {
                  "Node Type": "Hash Join",
                  "Parent Relationship": "Outer",
                  "Parallel Aware": true,
                  "Join Type": "Inner",
                  "Startup Cost": 51120.15,
                  "Total Cost": 97477.13,
                  "Plan Rows": 995844,
                  "Plan Width": 0,
                  "Actual Startup Time": 281.106,
                  "Actual Total Time": 523.577,
                  "Actual Rows": 396300,
                  "Actual Loops": 4,
                  "Inner Unique": true,
                  "Hash Cond": "(mk.movie_id = t.id)",
                  "Plans": [
                    {
                      "Node Type": "Seq Scan",
                      "Parent Relationship": "Outer",
                      "Parallel Aware": true,
                      "Relation Name": "movie_keyword",
                      "Alias": "mk",
                      "Startup Cost": 0.0,
                      "Total Cost": 42695.65,
                      "Plan Rows": 1394788,
                      "Plan Width": 4,
                      "Actual Startup Time": 0.025,
                      "Actual Total Time": 112.435,
                      "Actual Rows": 1081537,
                      "Actual Loops": 4,
                      "Filter": "(keyword_id < 69222)",
                      "Rows Removed by Filter": 49445
                    },
                    {
                      "Node Type": "Hash",
                      "Parent Relationship": "Inner",
                      "Parallel Aware": true,
                      "Startup Cost": 45479.1,
                      "Total Cost": 45479.1,
                      "Plan Rows": 451284,
                      "Plan Width": 4,
                      "Actual Startup Time": 273.061,
                      "Actual Total Time": 273.062,
                      "Actual Rows": 449976,
                      "Actual Loops": 4,
                      "Hash Buckets": 2097152,
                      "Original Hash Buckets": 2097152,
                      "Hash Batches": 1,
                      "Original Hash Batches": 1,
                      "Peak Memory Usage": 86848,
                      "Plans": [
                        {
                          "Node Type": "Seq Scan",
                          "Parent Relationship": "Outer",
                          "Parallel Aware": true,
                          "Relation Name": "title",
                          "Alias": "t",
                          "Startup Cost": 0.0,
                          "Total Cost": 45479.1,
                          "Plan Rows": 451284,
                          "Plan Width": 4,
                          "Actual Startup Time": 0.037,
                          "Actual Total Time": 112.424,
                          "Actual Rows": 449976,
                          "Actual Loops": 4,
                          "Filter": "((kind_id > 1) AND (production_year > 1902))",
                          "Rows Removed by Filter": 182102
                        }
                      ]
                    }
                  ]
                }
              ]
            }
          ]
        }
      ]
    },
    "Planning Time": 0.578,
    "Triggers": [],
    "Execution Time": 574.892
  }
]