[
  {
    "Plan": {
      "Node Type": "Aggregate",
      "Strategy": "Plain",
      "Partial Mode": "Finalize",
      "Parallel Aware": false,
      "Startup Cost": 31825.52,
      "Total Cost": 31825.53,
      "Plan Rows": 1,
      "Plan Width": 8,
      "Actual Startup Time": 128.743,
      "Actual Total Time": 138.873,
      "Actual Rows": 1,
      "Actual Loops": 1,
      "Plans": [
        {
          "Node Type": "Gather",
          "Parent Relationship": "Outer",
          "Parallel Aware": false,
          "Startup Cost": 31825.2,
          "Total Cost": 31825.51,
          "Plan Rows": 3,
          "Plan Width": 8,
          "Actual Startup Time": 128.625,
          "Actual Total Time": 138.863,
          "Actual Rows": 4,
          "Actual Loops": 1,
          "Workers Planned": 3,
          "Workers Launched": 3,
          "Single Copy": false,
          "Plans": [
            {
              "Node Type": "Aggregate",
              "Strategy": "Plain",
              "Partial Mode": "Partial",
              "Parent Relationship": "Outer",
              "Parallel Aware": false,
              "Startup Cost": 30825.2,
              "Total Cost": 30825.21,
              "Plan Rows": 1,
              "Plan Width": 8,
              "Actual Startup Time": 120.075,
              "Actual Total Time": 120.076,
              "Actual Rows": 1,
              "Actual Loops": 4,
              "Plans": [
                {
                  "Node Type": "Seq Scan",
                  "Parent Relationship": "Outer",
                  "Parallel Aware": true,
                  "Relation Name": "movie_companies",
                  "Alias": "mc",
                  "Startup Cost": 0.0,
                  "Total Cost": 29310.68,
                  "Plan Rows": 605809,
                  "Plan Width": 0,
                  "Actual Startup Time": 0.044,
                  "Actual Total Time": 92.694,
                  "Actual Rows": 465986,
                  "Actual Loops": 4,
                  "Filter": "(company_id < 37820)",
                  "Rows Removed by Filter": 186296
                }
              ]
            }
          ]
        }
      ]
    },
    "Planning Time": 0.175,
    "Triggers": [],
    "Execution Time": 138.936
  }
]