[
  {
    "Plan": {
      "Node Type": "Aggregate",
      "Strategy": "Plain",
      "Partial Mode": "Finalize",
      "Parallel Aware": false,
      "Startup Cost": 46682.96,
      "Total Cost": 46682.97,
      "Plan Rows": 1,
      "Plan Width": 8,
      "Actual Startup Time": 92.923,
      "Actual Total Time": 105.882,
      "Actual Rows": 1,
      "Actual Loops": 1,
      "Plans": [
        {
          "Node Type": "Gather",
          "Parent Relationship": "Outer",
          "Parallel Aware": false,
          "Startup Cost": 46682.54,
          "Total Cost": 46682.95,
          "Plan Rows": 4,
          "Plan Width": 8,
          "Actual Startup Time": 92.78,
          "Actual Total Time": 105.874,
          "Actual Rows": 5,
          "Actual Loops": 1,
          "Workers Planned": 4,
          "Workers Launched": 4,
          "Single Copy": false,
          "Plans": [
            {
              "Node Type": "Aggregate",
              "Strategy": "Plain",
              "Partial Mode": "Partial",
              "Parent Relationship": "Outer",
              "Parallel Aware": false,
              "Startup Cost": 45682.54,
              "Total Cost": 45682.55,
              "Plan Rows": 1,
              "Plan Width": 8,
              "Actual Startup Time": 86.743,
              "Actual Total Time": 86.745,
              "Actual Rows": 1,
              "Actual Loops": 5,
              "Plans": [
                {
                  "Node Type": "Seq Scan",
                  "Parent Relationship": "Outer",
                  "Parallel Aware": true,
                  "Relation Name": "title",
                  "Alias": "t",
                  "Startup Cost": 0.0,
                  "Total Cost": 45479.59,
                  "Plan Rows": 81180,
                  "Plan Width": 0,
                  "Actual Startup Time": 0.047,
                  "Actual Total Time": 82.556,
                  "Actual Rows": 89039,
                  "Actual Loops": 5,
                  "Filter": "((kind_id < 7) AND (production_year < 1996))",
                  "Rows Removed by Filter": 416624
                }
              ]
            }
          ]
        }
      ]
    },
    "Planning Time": 0.194,
    "Triggers": [],
    "Execution Time": 105.951
  }
]