[
  {
    "Plan": {
      "Node Type": "Aggregate",
      "Strategy": "Plain",
      "Partial Mode": "Finalize",
      "Parallel Aware": false,
      "Startup Cost": 46686.18,
      "Total Cost": 46686.19,
      "Plan Rows": 1,
      "Plan Width": 8,
      "Actual Startup Time": 99.212,
      "Actual Total Time": 111.293,
      "Actual Rows": 1,
      "Actual Loops": 1,
      "Plans": [
        {
          "Node Type": "Gather",
          "Parent Relationship": "Outer",
          "Parallel Aware": false,
          "Startup Cost": 46685.76,
          "Total Cost": 46686.17,
          "Plan Rows": 4,
          "Plan Width": 8,
          "Actual Startup Time": 99.08,
          "Actual Total Time": 111.284,
          "Actual Rows": 5,
          "Actual Loops": 1,
          "Workers Planned": 4,
          "Workers Launched": 4,
          "Single Copy": false,
          "Plans": [
            {
              "Node Type": "Aggregate",
              "Strategy": "Plain",
              "Partial Mode": "Partial",
              "Parent Relationship": "Outer",
              "Parallel Aware": false,
              "Startup Cost": 45685.76,
              "Total Cost": 45685.77,
              "Plan Rows": 1,
              "Plan Width": 8,
              "Actual Startup Time": 89.905,
              "Actual Total Time": 89.906,
              "Actual Rows": 1,
              "Actual Loops": 5,
              "Plans": [
                {
                  "Node Type": "Seq Scan",
                  "Parent Relationship": "Outer",
                  "Parallel Aware": true,
                  "Relation Name": "title",
                  "Alias": "t",
                  "Startup Cost": 0.0,
                  "Total Cost": 45479.1,
                  "Plan Rows": 82663,
                  "Plan Width": 0,
                  "Actual Startup Time": 0.055,
                  "Actual Total Time": 85.788,
                  "Actual Rows": 89039,
                  "Actual Loops": 5,
                  "Filter": "((kind_id < 7) AND (production_year < 1996))",
                  "Rows Removed by Filter": 416624
                }
              ]
            }
          ]
        }
      ]
    },
    "Planning Time": 0.159,
    "Triggers": [],
    "Execution Time": 111.356
  }
]