[
  {
    "Plan": {
      "Node Type": "Aggregate",
      "Strategy": "Plain",
      "Partial Mode": "Finalize",
      "Parallel Aware": false,
      "Startup Cost": 101543.22,
      "Total Cost": 101543.23,
      "Plan Rows": 1,
      "Plan Width": 8,
      "Actual Startup Time": 388.533,
      "Actual Total Time": 407.974,
      "Actual Rows": 1,
      "Actual Loops": 1,
      "Plans": [
        {
          "Node Type": "Gather",
          "Parent Relationship": "Outer",
          "Parallel Aware": false,
          "Startup Cost": 101542.91,
          "Total Cost": 101543.22,
          "Plan Rows": 3,
          "Plan Width": 8,
          "Actual Startup Time": 386.186,
          "Actual Total Time": 407.963,
          "Actual Rows": 4,
          "Actual Loops": 1,
          "Workers Planned": 3,
          "Workers Launched": 3,
          "Single Copy": false,
          "Plans": [
            {
              "Node Type": "Aggregate",
              "Strategy": "Plain",
              "Partial Mode": "Partial",
              "Parent Relationship": "Outer",
              "Parallel Aware": false,
              "Startup Cost": 100542.91,
              "Total Cost": 100542.92,
              "Plan Rows": 1,
              "Plan Width": 8,
              "Actual Startup Time": 375.752,
              "Actual Total Time": 376.035,
              "Actual Rows": 1,
              "Actual Loops": 4,
              "Plans": [
                {
                  "Node Type": "Hash Join",
                  "Parent Relationship": "Outer",
                  "Parallel Aware": true,
                  "Join Type": "Inner",
                  "Startup Cost": 73861.22,
                  "Total Cost": 100513.12,
                  "Plan Rows": 11914,
                  "Plan Width": 0,
                  "Actual Startup Time": 303.926,
                  "Actual Total Time": 375.562,
                  "Actual Rows": 5971,
                  "Actual Loops": 4,
                  "Inner Unique": false,
                  "Hash Cond": "(mk.movie_id = t.id)",
                  "Plans": [
                    {
                      "Node Type": "Bitmap Heap Scan",
                      "Parent Relationship": "Outer",
                      "Parallel Aware": true,
                      "Relation Name": "movie_keyword",
                      "Alias": "mk",
                      "Startup Cost": 8773.92,
                      "Total Cost": 34895.7,
                      "Plan Rows": 133423,
                      "Plan Width": 4,
                      "Actual Startup Time": 28.901,
                      "Actual Total Time": 83.082,
                      "Actual Rows": 100991,
                      "Actual Loops": 4,
                      "Recheck Cond": "(keyword_id > 43043)",
                      "Rows Removed by Index Recheck": 0,
                      "Exact Heap Blocks": 5626,
                      "Lossy Heap Blocks": 0,
                      "Plans": [
                        {
                          "Node Type": "Bitmap Index Scan",
                          "Parent Relationship": "Outer",
                          "Parallel Aware": false,
                          "Index Name": "keyword_id_movie_keyword",
                          "Startup Cost": 0.0,
                          "Total Cost": 8670.52,
                          "Plan Rows": 413611,
                          "Plan Width": 0,
                          "Actual Startup Time": 25.461,
                          "Actual Total Time": 25.462,
                          "Actual Rows": 403964,
                          "Actual Loops": 1,
                          "Index Cond": "(keyword_id > 43043)"
                        }
                      ]
                    },
                    {
                      "Node Type": "Hash",
                      "Parent Relationship": "Inner",
                      "Parallel Aware": true,
                      "Startup Cost": 64381.81,
                      "Total Cost": 64381.81,
                      "Plan Rows": 56439,
                      "Plan Width": 8,
                      "Actual Startup Time": 272.683,
                      "Actual Total Time": 272.962,
                      "Actual Rows": 30885,
                      "Actual Loops": 4,
                      "Hash Buckets": 262144,
                      "Original Hash Buckets": 262144,
                      "Hash Batches": 1,
                      "Original Hash Batches": 1,
                      "Peak Memory Usage": 6976,
                      "Plans": [
                        {
                          "Node Type": "Hash Join",
                          "Parent Relationship": "Outer",
                          "Parallel Aware": true,
                          "Join Type": "Inner",
                          "Startup Cost": 17490.54,
                          "Total Cost": 64381.81,
                          "Plan Rows": 56439,
                          "Plan Width": 8,
                          "Actual Startup Time": 90.602,
                          "Actual Total Time": 261.909,
                          "Actual Rows": 30885,
                          "Actual Loops": 4,
                          "Inner Unique": false,
                          "Hash Cond": "(t.id = mi_idx.movie_id)",
                          "Plans": [
                            {
                              "Node Type": "Seq Scan",
                              "Parent Relationship": "Outer",
                              "Parallel Aware": true,
                              "Relation Name": "title",
                              "Alias": "t",
                              "Startup Cost": 0.0,
                              "Total Cost": 45479.1,
                              "Plan Rows": 313869,
                              "Plan Width": 4,
                              "Actual Startup Time": 0.011,
                              "Actual Total Time": 96.963,
                              "Actual Rows": 305384,
                              "Actual Loops": 4,
                              "Filter": "((production_year < 2011) AND (kind_id = 7))",
                              "Rows Removed by Filter": 326694
                            },
                            {
                              "Node Type": "Hash",
                              "Parent Relationship": "Inner",
                              "Parallel Aware": true,
                              "Startup Cost": 15122.68,
                              "Total Cost": 15122.68,
                              "Plan Rows": 189429,
                              "Plan Width": 4,
                              "Actual Startup Time": 88.705,
                              "Actual Total Time": 88.706,
                              "Actual Rows": 114981,
                              "Actual Loops": 4,
                              "Hash Buckets": 524288,
                              "Original Hash Buckets": 524288,
                              "Hash Batches": 1,
                              "Original Hash Batches": 1,
                              "Peak Memory Usage": 22176,
                              "Plans": [
                                {
                                  "Node Type": "Seq Scan",
                                  "Parent Relationship": "Outer",
                                  "Parallel Aware": true,
                                  "Relation Name": "movie_info_idx",
                                  "Alias": "mi_idx",
                                  "Startup Cost": 0.0,
                                  "Total Cost": 15122.68,
                                  "Plan Rows": 189429,
                                  "Plan Width": 4,
                                  "Actual Startup Time": 0.059,
                                  "Actual Total Time": 46.431,
                                  "Actual Rows": 114981,
                                  "Actual Loops": 4,
                                  "Filter": "(info_type_id < 100)",
                                  "Rows Removed by Filter": 230028
                                }
                              ]
                            }
                          ]
                        }
                      ]
                    }
                  ]
                }
              ]
            }
          ]
        }
      ]
    },
    "Planning Time": 1.379,
    "Triggers": [],
    "Execution Time": 408.086
  }
]