[
  {
    "Plan": {
      "Node Type": "Aggregate",
      "Strategy": "Plain",
      "Partial Mode": "Finalize",
      "Parallel Aware": false,
      "Startup Cost": 269980.73,
      "Total Cost": 269980.74,
      "Plan Rows": 1,
      "Plan Width": 8,
      "Actual Startup Time": 855.379,
      "Actual Total Time": 895.56,
      "Actual Rows": 1,
      "Actual Loops": 1,
      "Plans": [
        {
          "Node Type": "Gather",
          "Parent Relationship": "Outer",
          "Parallel Aware": false,
          "Startup Cost": 269980.52,
          "Total Cost": 269980.73,
          "Plan Rows": 2,
          "Plan Width": 8,
          "Actual Startup Time": 851.037,
          "Actual Total Time": 895.548,
          "Actual Rows": 3,
          "Actual Loops": 1,
          "Workers Planned": 2,
          "Workers Launched": 2,
          "Single Copy": false,
          "Plans": [
            {
              "Node Type": "Aggregate",
              "Strategy": "Plain",
              "Partial Mode": "Partial",
              "Parent Relationship": "Outer",
              "Parallel Aware": false,
              "Startup Cost": 268980.52,
              "Total Cost": 268980.53,
              "Plan Rows": 1,
              "Plan Width": 8,
              "Actual Startup Time": 841.273,
              "Actual Total Time": 841.28,
              "Actual Rows": 1,
              "Actual Loops": 3,
              "Plans": [
                {
                  "Node Type": "Hash Join",
                  "Parent Relationship": "Outer",
                  "Parallel Aware": true,
                  "Join Type": "Inner",
                  "Startup Cost": 252164.09,
                  "Total Cost": 268395.54,
                  "Plan Rows": 233992,
                  "Plan Width": 0,
                  "Actual Startup Time": 745.468,
                  "Actual Total Time": 841.226,
                  "Actual Rows": 502,
                  "Actual Loops": 3,
                  "Inner Unique": false,
                  "Hash Cond": "(mi_idx.movie_id = t.id)",
                  "Plans": [
                    {
                      "Node Type": "Seq Scan",
                      "Parent Relationship": "Outer",
                      "Parallel Aware": true,
                      "Relation Name": "movie_info_idx",
                      "Alias": "mi_idx",
                      "Startup Cost": 0.0,
                      "Total Cost": 13685.15,
                      "Plan Rows": 575015,
                      "Plan Width": 4,
                      "Actual Startup Time": 0.022,
                      "Actual Total Time": 46.357,
                      "Actual Rows": 460012,
                      "Actual Loops": 3
                    },
                    {
                      "Node Type": "Hash",
                      "Parent Relationship": "Inner",
                      "Parallel Aware": true,
                      "Startup Cost": 250020.56,
                      "Total Cost": 250020.56,
                      "Plan Rows": 171483,
                      "Plan Width": 8,
                      "Actual Startup Time": 735.13,
                      "Actual Total Time": 735.135,
                      "Actual Rows": 302,
                      "Actual Loops": 3,
                      "Hash Buckets": 1048576,
                      "Original Hash Buckets": 1048576,
                      "Hash Batches": 1,
                      "Original Hash Batches": 1,
                      "Peak Memory Usage": 8288,
                      "Plans": [
                        {
                          "Node Type": "Hash Join",
                          "Parent Relationship": "Outer",
                          "Parallel Aware": true,
                          "Join Type": "Inner",
                          "Startup Cost": 46982.71,
                          "Total Cost": 250020.56,
                          "Plan Rows": 171483,
                          "Plan Width": 8,
                          "Actual Startup Time": 280.113,
                          "Actual Total Time": 729.114,
                          "Actual Rows": 302,
                          "Actual Loops": 3,
                          "Inner Unique": true,
                          "Hash Cond": "(ci.movie_id = t.id)",
                          "Plans": [
                            {
                              "Node Type": "Index Scan",
                              "Parent Relationship": "Outer",
                              "Parallel Aware": true,
                              "Scan Direction": "Forward",
                              "Index Name": "role_id_cast_info",
                              "Relation Name": "cast_info",
                              "Alias": "ci",
                              "Startup Cost": 0.56,
                              "Total Cost": 201884.69,
                              "Plan Rows": 439512,
                              "Plan Width": 4,
                              "Actual Startup Time": 2.091,
                              "Actual Total Time": 451.135,
                              "Actual Rows": 743,
                              "Actual Loops": 3,
                              "Index Cond": "(role_id = 2)",
                              "Rows Removed by Index Recheck": 0,
                              "Filter": "(person_id < 1266667)",
                              "Rows Removed by Filter": 2483248
                            },
                            {
                              "Node Type": "Hash",
                              "Parent Relationship": "Inner",
                              "Parallel Aware": true,
                              "Startup Cost": 43899.32,
                              "Total Cost": 43899.32,
                              "Plan Rows": 246626,
                              "Plan Width": 4,
                              "Actual Startup Time": 271.366,
                              "Actual Total Time": 271.368,
                              "Actual Rows": 328349,
                              "Actual Loops": 3,
                              "Hash Buckets": 1048576,
                              "Original Hash Buckets": 1048576,
                              "Hash Batches": 1,
                              "Original Hash Batches": 1,
                              "Peak Memory Usage": 46752,
                              "Plans": [
                                {
                                  "Node Type": "Seq Scan",
                                  "Parent Relationship": "Outer",
                                  "Parallel Aware": true,
                                  "Relation Name": "title",
                                  "Alias": "t",
                                  "Startup Cost": 0.0,
                                  "Total Cost": 43899.32,
                                  "Plan Rows": 246626,
                                  "Plan Width": 4,
                                  "Actual Startup Time": 0.051,
                                  "Actual Total Time": 146.32,
                                  "Actual Rows": 328349,
                                  "Actual Loops": 3,
                                  "Filter": "(kind_id < 7)",
                                  "Rows Removed by Filter": 514421
                                }
                              ]
                            }
                          ]
                        }
                      ]
                    }
                  ]
                }
              ]
            }
          ]
        }
      ]
    },
    "Planning Time": 1.511,
    "Triggers": [],
    "Execution Time": 895.68
  }
]