[
  {
    "Plan": {
      "Node Type": "Aggregate",
      "Strategy": "Plain",
      "Partial Mode": "Finalize",
      "Parallel Aware": false,
      "Startup Cost": 45617.25,
      "Total Cost": 45617.26,
      "Plan Rows": 1,
      "Plan Width": 8,
      "Actual Startup Time": 133.431,
      "Actual Total Time": 142.273,
      "Actual Rows": 1,
      "Actual Loops": 1,
      "Plans": [
        {
          "Node Type": "Gather",
          "Parent Relationship": "Outer",
          "Parallel Aware": false,
          "Startup Cost": 45616.93,
          "Total Cost": 45617.24,
          "Plan Rows": 3,
          "Plan Width": 8,
          "Actual Startup Time": 133.332,
          "Actual Total Time": 142.264,
          "Actual Rows": 4,
          "Actual Loops": 1,
          "Workers Planned": 3,
          "Workers Launched": 3,
          "Single Copy": false,
          "Plans": [
            {
              "Node Type": "Aggregate",
              "Strategy": "Plain",
              "Partial Mode": "Partial",
              "Parent Relationship": "Outer",
              "Parallel Aware": false,
              "Startup Cost": 44616.93,
              "Total Cost": 44616.94,
              "Plan Rows": 1,
              "Plan Width": 8,
              "Actual Startup Time": 128.152,
              "Actual Total Time": 128.153,
              "Actual Rows": 1,
              "Actual Loops": 4,
              "Plans": [
                {
                  "Node Type": "Seq Scan",
                  "Parent Relationship": "Outer",
                  "Parallel Aware": true,
                  "Relation Name": "movie_keyword",
                  "Alias": "mk",
                  "Startup Cost": 0.0,
                  "Total Cost": 42695.65,
                  "Plan Rows": 768512,
                  "Plan Width": 0,
                  "Actual Startup Time": 0.037,
                  "Actual Total Time": 102.939,
                  "Actual Rows": 598580,
                  "Actual Loops": 4,
                  "Filter": "(keyword_id < 5558)",
                  "Rows Removed by Filter": 532402
                }
              ]
            }
          ]
        }
      ]
    },
    "Planning Time": 0.178,
    "Triggers": [],
    "Execution Time": 142.326
  }
]