[
  {
    "Plan": {
      "Node Type": "Aggregate",
      "Strategy": "Plain",
      "Partial Mode": "Finalize",
      "Parallel Aware": false,
      "Startup Cost": 132190.7,
      "Total Cost": 132190.71,
      "Plan Rows": 1,
      "Plan Width": 8,
      "Actual Startup Time": 815.887,
      "Actual Total Time": 834.291,
      "Actual Rows": 1,
      "Actual Loops": 1,
      "Plans": [
        {
          "Node Type": "Gather",
          "Parent Relationship": "Outer",
          "Parallel Aware": false,
          "Startup Cost": 132190.38,
          "Total Cost": 132190.69,
          "Plan Rows": 3,
          "Plan Width": 8,
          "Actual Startup Time": 810.448,
          "Actual Total Time": 834.28,
          "Actual Rows": 4,
          "Actual Loops": 1,
          "Workers Planned": 3,
          "Workers Launched": 3,
          "Single Copy": false,
          "Plans": [
            {
              "Node Type": "Aggregate",
              "Strategy": "Plain",
              "Partial Mode": "Partial",
              "Parent Relationship": "Outer",
              "Parallel Aware": false,
              "Startup Cost": 131190.38,
              "Total Cost": 131190.39,
              "Plan Rows": 1,
              "Plan Width": 8,
              "Actual Startup Time": 801.115,
              "Actual Total Time": 801.224,
              "Actual Rows": 1,
              "Actual Loops": 4,
              "Plans": [
                {
                  "Node Type": "Hash Join",
                  "Parent Relationship": "Outer",
                  "Parallel Aware": true,
                  "Join Type": "Inner",
                  "Startup Cost": 82676.96,
                  "Total Cost": 130384.87,
                  "Plan Rows": 322203,
                  "Plan Width": 0,
                  "Actual Startup Time": 405.519,
                  "Actual Total Time": 713.73,
                  "Actual Rows": 2233892,
                  "Actual Loops": 4,
                  "Inner Unique": false,
                  "Hash Cond": "(mk.movie_id = t.id)",
                  "Plans": [
                    {
                      "Node Type": "Seq Scan",
                      "Parent Relationship": "Outer",
                      "Parallel Aware": true,
                      "Relation Name": "movie_keyword",
                      "Alias": "mk",
                      "Startup Cost": 0.0,
                      "Total Cost": 42695.65,
                      "Plan Rows": 1121800,
                      "Plan Width": 4,
                      "Actual Startup Time": 0.033,
                      "Actual Total Time": 106.349,
                      "Actual Rows": 868596,
                      "Actual Loops": 4,
                      "Filter": "(keyword_id < 16905)",
                      "Rows Removed by Filter": 262387
                    },
                    {
                      "Node Type": "Hash",
                      "Parent Relationship": "Inner",
                      "Parallel Aware": true,
                      "Startup Cost": 80407.66,
                      "Total Cost": 80407.66,
                      "Plan Rows": 181544,
                      "Plan Width": 8,
                      "Actual Startup Time": 378.6,
                      "Actual Total Time": 378.707,
                      "Actual Rows": 127388,
                      "Actual Loops": 4,
                      "Hash Buckets": 1048576,
                      "Original Hash Buckets": 1048576,
                      "Hash Batches": 1,
                      "Original Hash Batches": 1,
                      "Peak Memory Usage": 28192,
                      "Plans": [
                        {
                          "Node Type": "Hash Join",
                          "Parent Relationship": "Outer",
                          "Parallel Aware": true,
                          "Join Type": "Inner",
                          "Startup Cost": 34342.94,
                          "Total Cost": 80407.66,
                          "Plan Rows": 181544,
                          "Plan Width": 8,
                          "Actual Startup Time": 152.842,
                          "Actual Total Time": 337.502,
                          "Actual Rows": 127388,
                          "Actual Loops": 4,
                          "Inner Unique": false,
                          "Hash Cond": "(t.id = mc.movie_id)",
                          "Plans": [
                            {
                              "Node Type": "Seq Scan",
                              "Parent Relationship": "Outer",
                              "Parallel Aware": true,
                              "Relation Name": "title",
                              "Alias": "t",
                              "Startup Cost": 0.0,
                              "Total Cost": 42318.73,
                              "Plan Rows": 632073,
                              "Plan Width": 4,
                              "Actual Startup Time": 0.013,
                              "Actual Total Time": 73.452,
                              "Actual Rows": 632078,
                              "Actual Loops": 4
                            },
                            {
                              "Node Type": "Hash",
                              "Parent Relationship": "Inner",
                              "Parallel Aware": true,
                              "Startup Cost": 31414.82,
                              "Total Cost": 31414.82,
                              "Plan Rows": 234250,
                              "Plan Width": 4,
                              "Actual Startup Time": 123.008,
                              "Actual Total Time": 123.01,
                              "Actual Rows": 127388,
                              "Actual Loops": 4,
                              "Hash Buckets": 1048576,
                              "Original Hash Buckets": 1048576,
                              "Hash Batches": 1,
                              "Original Hash Batches": 1,
                              "Peak Memory Usage": 28192,
                              "Plans": [
                                {
                                  "Node Type": "Seq Scan",
                                  "Parent Relationship": "Outer",
                                  "Parallel Aware": true,
                                  "Relation Name": "movie_companies",
                                  "Alias": "mc",
                                  "Startup Cost": 0.0,
                                  "Total Cost": 31414.82,
                                  "Plan Rows": 234250,
                                  "Plan Width": 4,
                                  "Actual Startup Time": 12.897,
                                  "Actual Total Time": 78.994,
                                  "Actual Rows": 127388,
                                  "Actual Loops": 4,
                                  "Filter": "((company_id > 8286) AND (company_type_id = 1))",
                                  "Rows Removed by Filter": 524894
                                }
                              ]
                            }
                          ]
                        }
                      ]
                    }
                  ]
                }
              ]
            }
          ]
        }
      ]
    },
    "Planning Time": 1.488,
    "Triggers": [],
    "Execution Time": 834.374
  }
]