[
  {
    "Plan": {
      "Node Type": "Aggregate",
      "Strategy": "Plain",
      "Partial Mode": "Finalize",
      "Parallel Aware": false,
      "Startup Cost": 343156.17,
      "Total Cost": 343156.18,
      "Plan Rows": 1,
      "Plan Width": 8,
      "Actual Startup Time": 1035.75,
      "Actual Total Time": 1105.899,
      "Actual Rows": 1,
      "Actual Loops": 1,
      "Plans": [
        {
          "Node Type": "Gather",
          "Parent Relationship": "Outer",
          "Parallel Aware": false,
          "Startup Cost": 343155.54,
          "Total Cost": 343156.15,
          "Plan Rows": 6,
          "Plan Width": 8,
          "Actual Startup Time": 1035.619,
          "Actual Total Time": 1105.886,
          "Actual Rows": 7,
          "Actual Loops": 1,
          "Workers Planned": 6,
          "Workers Launched": 6,
          "Single Copy": false,
          "Plans": [
            {
              "Node Type": "Aggregate",
              "Strategy": "Plain",
              "Partial Mode": "Partial",
              "Parent Relationship": "Outer",
              "Parallel Aware": false,
              "Startup Cost": 342155.54,
              "Total Cost": 342155.55,
              "Plan Rows": 1,
              "Plan Width": 8,
              "Actual Startup Time": 1026.991,
              "Actual Total Time": 1026.993,
              "Actual Rows": 1,
              "Actual Loops": 7,
              "Plans": [
                {
                  "Node Type": "Seq Scan",
                  "Parent Relationship": "Outer",
                  "Parallel Aware": true,
                  "Relation Name": "cast_info",
                  "Alias": "ci",
                  "Startup Cost": 0.0,
                  "Total Cost": 328162.03,
                  "Plan Rows": 5597406,
                  "Plan Width": 0,
                  "Actual Startup Time": 45.066,
                  "Actual Total Time": 777.941,
                  "Actual Rows": 4790776,
                  "Actual Loops": 7,
                  "Filter": "(person_id > 259511)",
                  "Rows Removed by Filter": 386988
                }
              ]
            }
          ]
        }
      ]
    },
    "Planning Time": 0.198,
    "Triggers": [],
    "Execution Time": 1105.974
  }
]