[
  {
    "Plan": {
      "Node Type": "Aggregate",
      "Strategy": "Plain",
      "Partial Mode": "Finalize",
      "Parallel Aware": false,
      "Startup Cost": 32724.22,
      "Total Cost": 32724.23,
      "Plan Rows": 1,
      "Plan Width": 8,
      "Actual Startup Time": 74.668,
      "Actual Total Time": 79.077,
      "Actual Rows": 1,
      "Actual Loops": 1,
      "Plans": [
        {
          "Node Type": "Gather",
          "Parent Relationship": "Outer",
          "Parallel Aware": false,
          "Startup Cost": 32723.9,
          "Total Cost": 32724.21,
          "Plan Rows": 3,
          "Plan Width": 8,
          "Actual Startup Time": 74.575,
          "Actual Total Time": 79.071,
          "Actual Rows": 4,
          "Actual Loops": 1,
          "Workers Planned": 3,
          "Workers Launched": 3,
          "Single Copy": false,
          "Plans": [
            {
              "Node Type": "Aggregate",
              "Strategy": "Plain",
              "Partial Mode": "Partial",
              "Parent Relationship": "Outer",
              "Parallel Aware": false,
              "Startup Cost": 31723.9,
              "Total Cost": 31723.91,
              "Plan Rows": 1,
              "Plan Width": 8,
              "Actual Startup Time": 71.382,
              "Actual Total Time": 71.382,
              "Actual Rows": 1,
              "Actual Loops": 4,
              "Plans": [
                {
                  "Node Type": "Seq Scan",
                  "Parent Relationship": "Outer",
                  "Parallel Aware": true,
                  "Relation Name": "movie_companies",
                  "Alias": "mc",
                  "Startup Cost": 0.0,
                  "Total Cost": 31414.82,
                  "Plan Rows": 123634,
                  "Plan Width": 0,
                  "Actual Startup Time": 0.022,
                  "Actual Total Time": 63.656,
                  "Actual Rows": 136356,
                  "Actual Loops": 4,
                  "Filter": "((company_id < 1684) AND (company_type_id = 1))",
                  "Rows Removed by Filter": 515926
                }
              ]
            }
          ]
        }
      ]
    },
    "Planning Time": 0.143,
    "Triggers": [],
    "Execution Time": 79.115
  }
]