{
  "Plan": {
    "Node Type": "Aggregate",
    "Strategy": "Plain",
    "Partial Mode": "Finalize",
    "Parallel Aware": false,
    "Startup Cost": 122692.8,
    "Total Cost": 122692.81,
    "Plan Rows": 1,
    "Plan Width": 8,
    "Actual Startup Time": 453.163,
    "Actual Total Time": 470.344,
    "Actual Rows": 1,
    "Actual Loops": 1,
    "Plans": [
      {
        "Node Type": "Gather",
        "Parent Relationship": "Outer",
        "Parallel Aware": false,
        "Startup Cost": 122692.69,
        "Total Cost": 122692.8,
        "Plan Rows": 1,
        "Plan Width": 8,
        "Actual Startup Time": 452.26,
        "Actual Total Time": 470.338,
        "Actual Rows": 2,
        "Actual Loops": 1,
        "Workers Planned": 1,
        "Workers Launched": 1,
        "Single Copy": false,
        "Plans": [
          {
            "Node Type": "Aggregate",
            "Strategy": "Plain",
            "Partial Mode": "Partial",
            "Parent Relationship": "Outer",
            "Parallel Aware": false,
            "Startup Cost": 121692.69,
            "Total Cost": 121692.7,
            "Plan Rows": 1,
            "Plan Width": 8,
            "Actual Startup Time": 446.68,
            "Actual Total Time": 446.684,
            "Actual Rows": 1,
            "Actual Loops": 2,
            "Plans": [
              {
                "Node Type": "Hash Join",
                "Parent Relationship": "Outer",
                "Parallel Aware": true,
                "Join Type": "Inner",
                "Startup Cost": 61211.88,
                "Total Cost": 121334.77,
                "Plan Rows": 143169,
                "Plan Width": 0,
                "Actual Startup Time": 198.747,
                "Actual Total Time": 445.189,
                "Actual Rows": 34723,
                "Actual Loops": 2,
                "Inner Unique": true,
                "Hash Cond": "(mk.movie_id = t.id)",
                "Plans": [
                  {
                    "Node Type": "Seq Scan",
                    "Parent Relationship": "Outer",
                    "Parallel Aware": true,
                    "Relation Name": "movie_keyword",
                    "Alias": "mk",
                    "Startup Cost": 0.0,
                    "Total Cost": 57718.19,
                    "Plan Rows": 916075,
                    "Plan Width": 4,
                    "Actual Startup Time": 0.012,
                    "Actual Total Time": 164.313,
                    "Actual Rows": 786186,
                    "Actual Loops": 2,
                    "Filter": "(keyword_id < 2375)",
                    "Rows Removed by Filter": 1475779
                  },
                  {
                    "Node Type": "Hash",
                    "Parent Relationship": "Inner",
                    "Parallel Aware": true,
                    "Startup Cost": 58306.47,
                    "Total Cost": 58306.47,
                    "Plan Rows": 232433,
                    "Plan Width": 4,
                    "Actual Startup Time": 193.035,
                    "Actual Total Time": 193.036,
                    "Actual Rows": 200594,
                    "Actual Loops": 2,
                    "Hash Buckets": 524288,
                    "Original Hash Buckets": 524288,
                    "Hash Batches": 1,
                    "Original Hash Batches": 1,
                    "Peak Memory Usage": 19840,
                    "Plans": [
                      {
                        "Node Type": "Seq Scan",
                        "Parent Relationship": "Outer",
                        "Parallel Aware": true,
                        "Relation Name": "title",
                        "Alias": "t",
                        "Startup Cost": 0.0,
                        "Total Cost": 58306.47,
                        "Plan Rows": 232433,
                        "Plan Width": 4,
                        "Actual Startup Time": 0.025,
                        "Actual Total Time": 146.733,
                        "Actual Rows": 200594,
                        "Actual Loops": 2,
                        "Filter": "((kind_id > 1) AND (production_year > 2009))",
                        "Rows Removed by Filter": 1063562
                      }
                    ]
                  }
                ]
              }
            ]
          }
        ]
      }
    ]
  },
  "Planning Time": 0.602,
  "Triggers": [],
  "Execution Time": 470.412
}