[
  {
    "Plan": {
      "Node Type": "Aggregate",
      "Strategy": "Plain",
      "Partial Mode": "Finalize",
      "Parallel Aware": false,
      "Startup Cost": 92025.69,
      "Total Cost": 92025.7,
      "Plan Rows": 1,
      "Plan Width": 8,
      "Actual Startup Time": 414.246,
      "Actual Total Time": 437.113,
      "Actual Rows": 1,
      "Actual Loops": 1,
      "Plans": [
        {
          "Node Type": "Gather",
          "Parent Relationship": "Outer",
          "Parallel Aware": false,
          "Startup Cost": 92025.37,
          "Total Cost": 92025.68,
          "Plan Rows": 3,
          "Plan Width": 8,
          "Actual Startup Time": 410.566,
          "Actual Total Time": 437.101,
          "Actual Rows": 4,
          "Actual Loops": 1,
          "Workers Planned": 3,
          "Workers Launched": 3,
          "Single Copy": false,
          "Plans": [
            {
              "Node Type": "Aggregate",
              "Strategy": "Plain",
              "Partial Mode": "Partial",
              "Parent Relationship": "Outer",
              "Parallel Aware": false,
              "Startup Cost": 91025.37,
              "Total Cost": 91025.38,
              "Plan Rows": 1,
              "Plan Width": 8,
              "Actual Startup Time": 403.839,
              "Actual Total Time": 403.843,
              "Actual Rows": 1,
              "Actual Loops": 4,
              "Plans": [
                {
                  "Node Type": "Hash Join",
                  "Parent Relationship": "Outer",
                  "Parallel Aware": true,
                  "Join Type": "Inner",
                  "Startup Cost": 45991.9,
                  "Total Cost": 90554.48,
                  "Plan Rows": 188357,
                  "Plan Width": 0,
                  "Actual Startup Time": 185.91,
                  "Actual Total Time": 393.609,
                  "Actual Rows": 202717,
                  "Actual Loops": 4,
                  "Inner Unique": true,
                  "Hash Cond": "(mk.movie_id = t.id)",
                  "Plans": [
                    {
                      "Node Type": "Seq Scan",
                      "Parent Relationship": "Outer",
                      "Parallel Aware": true,
                      "Relation Name": "movie_keyword",
                      "Alias": "mk",
                      "Startup Cost": 0.0,
                      "Total Cost": 42695.65,
                      "Plan Rows": 711212,
                      "Plan Width": 4,
                      "Actual Startup Time": 0.03,
                      "Actual Total Time": 120.157,
                      "Actual Rows": 554708,
                      "Actual Loops": 4,
                      "Filter": "(keyword_id < 4519)",
                      "Rows Removed by Filter": 576275
                    },
                    {
                      "Node Type": "Hash",
                      "Parent Relationship": "Inner",
                      "Parallel Aware": true,
                      "Startup Cost": 43899.32,
                      "Total Cost": 43899.32,
                      "Plan Rows": 167406,
                      "Plan Width": 4,
                      "Actual Startup Time": 181.375,
                      "Actual Total Time": 181.377,
                      "Actual Rows": 171036,
                      "Actual Loops": 4,
                      "Hash Buckets": 1048576,
                      "Original Hash Buckets": 1048576,
                      "Hash Batches": 1,
                      "Original Hash Batches": 1,
                      "Peak Memory Usage": 35040,
                      "Plans": [
                        {
                          "Node Type": "Seq Scan",
                          "Parent Relationship": "Outer",
                          "Parallel Aware": true,
                          "Relation Name": "title",
                          "Alias": "t",
                          "Startup Cost": 0.0,
                          "Total Cost": 43899.32,
                          "Plan Rows": 167406,
                          "Plan Width": 4,
                          "Actual Startup Time": 0.032,
                          "Actual Total Time": 110.132,
                          "Actual Rows": 171036,
                          "Actual Loops": 4,
                          "Filter": "(production_year < 1990)",
                          "Rows Removed by Filter": 461042
                        }
                      ]
                    }
                  ]
                }
              ]
            }
          ]
        }
      ]
    },
    "Planning Time": 0.402,
    "Triggers": [],
    "Execution Time": 437.182
  }
]