[
    {
        "Bao": {
            "Bao prediction": "NaN",
            "Bao recommended hint": "(no hint)"
        }
    },
    {
        "Plan": {
            "Node Type": "Aggregate",
            "Strategy": "Plain",
            "Partial Mode": "Finalize",
            "Parallel Aware": false,
            "Startup Cost": 38698.35,
            "Total Cost": 38698.36,
            "Plan Rows": 1,
            "Plan Width": 8,
            "Actual Startup Time": 159.333,
            "Actual Total Time": 168.037,
            "Actual Rows": 1,
            "Actual Loops": 1,
            "Output": [
                "count(*)"
            ],
            "Plans": [
                {
                    "Node Type": "Gather",
                    "Parent Relationship": "Outer",
                    "Parallel Aware": false,
                    "Startup Cost": 38698.03,
                    "Total Cost": 38698.34,
                    "Plan Rows": 3,
                    "Plan Width": 8,
                    "Actual Startup Time": 159.058,
                    "Actual Total Time": 168.026,
                    "Actual Rows": 4,
                    "Actual Loops": 1,
                    "Output": [
                        "(PARTIAL count(*))"
                    ],
                    "Workers Planned": 3,
                    "Workers Launched": 3,
                    "Single Copy": false,
                    "Plans": [
                        {
                            "Node Type": "Aggregate",
                            "Strategy": "Plain",
                            "Partial Mode": "Partial",
                            "Parent Relationship": "Outer",
                            "Parallel Aware": false,
                            "Startup Cost": 37698.03,
                            "Total Cost": 37698.04,
                            "Plan Rows": 1,
                            "Plan Width": 8,
                            "Actual Startup Time": 149.959,
                            "Actual Total Time": 149.96,
                            "Actual Rows": 1,
                            "Actual Loops": 4,
                            "Output": [
                                "PARTIAL count(*)"
                            ],
                            "Workers": [
                                {
                                    "Worker Number": 0,
                                    "Actual Startup Time": 148.101,
                                    "Actual Total Time": 148.103,
                                    "Actual Rows": 1,
                                    "Actual Loops": 1
                                },
                                {
                                    "Worker Number": 1,
                                    "Actual Startup Time": 147.895,
                                    "Actual Total Time": 147.897,
                                    "Actual Rows": 1,
                                    "Actual Loops": 1
                                },
                                {
                                    "Worker Number": 2,
                                    "Actual Startup Time": 146.739,
                                    "Actual Total Time": 146.741,
                                    "Actual Rows": 1,
                                    "Actual Loops": 1
                                }
                            ],
                            "Plans": [
                                {
                                    "Node Type": "Bitmap Heap Scan",
                                    "Parent Relationship": "Outer",
                                    "Parallel Aware": true,
                                    "Relation Name": "movie_keyword",
                                    "Schema": "public",
                                    "Alias": "mk",
                                    "Startup Cost": 10784.22,
                                    "Total Cost": 37288.06,
                                    "Plan Rows": 163987,
                                    "Plan Width": 0,
                                    "Actual Startup Time": 55.858,
                                    "Actual Total Time": 139.934,
                                    "Actual Rows": 125658,
                                    "Actual Loops": 4,
                                    "Recheck Cond": "(mk.keyword_id < 365)",
                                    "Rows Removed by Index Recheck": 0,
                                    "Exact Heap Blocks": 9887,
                                    "Lossy Heap Blocks": 0,
                                    "Workers": [
                                        {
                                            "Worker Number": 0,
                                            "Actual Startup Time": 54.064,
                                            "Actual Total Time": 139.169,
                                            "Actual Rows": 102105,
                                            "Actual Loops": 1
                                        },
                                        {
                                            "Worker Number": 1,
                                            "Actual Startup Time": 53.99,
                                            "Actual Total Time": 138.972,
                                            "Actual Rows": 103267,
                                            "Actual Loops": 1
                                        },
                                        {
                                            "Worker Number": 2,
                                            "Actual Startup Time": 52.674,
                                            "Actual Total Time": 138.378,
                                            "Actual Rows": 95205,
                                            "Actual Loops": 1
                                        }
                                    ],
                                    "Plans": [
                                        {
                                            "Node Type": "Bitmap Index Scan",
                                            "Parent Relationship": "Outer",
                                            "Parallel Aware": false,
                                            "Index Name": "keyword_id_movie_keyword",
                                            "Startup Cost": 0.0,
                                            "Total Cost": 10657.13,
                                            "Plan Rows": 508360,
                                            "Plan Width": 0,
                                            "Actual Startup Time": 57.113,
                                            "Actual Total Time": 57.113,
                                            "Actual Rows": 502634,
                                            "Actual Loops": 1,
                                            "Index Cond": "(mk.keyword_id < 365)"
                                        }
                                    ]
                                }
                            ]
                        }
                    ]
                }
            ]
        },
        "Planning Time": 182.107,
        "Triggers": [],
        "Execution Time": 168.134
    }
]