[
  {
    "Plan": {
      "Node Type": "Aggregate",
      "Strategy": "Plain",
      "Partial Mode": "Finalize",
      "Parallel Aware": false,
      "Startup Cost": 46765.62,
      "Total Cost": 46765.63,
      "Plan Rows": 1,
      "Plan Width": 8,
      "Actual Startup Time": 176.75,
      "Actual Total Time": 186.527,
      "Actual Rows": 1,
      "Actual Loops": 1,
      "Plans": [
        {
          "Node Type": "Gather",
          "Parent Relationship": "Outer",
          "Parallel Aware": false,
          "Startup Cost": 46765.3,
          "Total Cost": 46765.61,
          "Plan Rows": 3,
          "Plan Width": 8,
          "Actual Startup Time": 176.623,
          "Actual Total Time": 186.518,
          "Actual Rows": 4,
          "Actual Loops": 1,
          "Workers Planned": 3,
          "Workers Launched": 3,
          "Single Copy": false,
          "Plans": [
            {
              "Node Type": "Aggregate",
              "Strategy": "Plain",
              "Partial Mode": "Partial",
              "Parent Relationship": "Outer",
              "Parallel Aware": false,
              "Startup Cost": 45765.3,
              "Total Cost": 45765.31,
              "Plan Rows": 1,
              "Plan Width": 8,
              "Actual Startup Time": 169.856,
              "Actual Total Time": 169.857,
              "Actual Rows": 1,
              "Actual Loops": 4,
              "Plans": [
                {
                  "Node Type": "Seq Scan",
                  "Parent Relationship": "Outer",
                  "Parallel Aware": true,
                  "Relation Name": "movie_keyword",
                  "Alias": "mk",
                  "Startup Cost": 0.0,
                  "Total Cost": 42695.65,
                  "Plan Rows": 1227859,
                  "Plan Width": 0,
                  "Actual Startup Time": 0.054,
                  "Actual Total Time": 125.837,
                  "Actual Rows": 953456,
                  "Actual Loops": 4,
                  "Filter": "(keyword_id < 26613)",
                  "Rows Removed by Filter": 177526
                }
              ]
            }
          ]
        }
      ]
    },
    "Planning Time": 0.162,
    "Triggers": [],
    "Execution Time": 187.082
  }
]