[
  {
    "Plan": {
      "Node Type": "Aggregate",
      "Strategy": "Plain",
      "Partial Mode": "Finalize",
      "Parallel Aware": false,
      "Startup Cost": 28967.14,
      "Total Cost": 28967.15,
      "Plan Rows": 1,
      "Plan Width": 8,
      "Actual Startup Time": 101.037,
      "Actual Total Time": 113.697,
      "Actual Rows": 1,
      "Actual Loops": 1,
      "Plans": [
        {
          "Node Type": "Gather",
          "Parent Relationship": "Outer",
          "Parallel Aware": false,
          "Startup Cost": 28966.82,
          "Total Cost": 28967.13,
          "Plan Rows": 3,
          "Plan Width": 8,
          "Actual Startup Time": 100.484,
          "Actual Total Time": 113.684,
          "Actual Rows": 4,
          "Actual Loops": 1,
          "Workers Planned": 3,
          "Workers Launched": 3,
          "Single Copy": false,
          "Plans": [
            {
              "Node Type": "Aggregate",
              "Strategy": "Plain",
              "Partial Mode": "Partial",
              "Parent Relationship": "Outer",
              "Parallel Aware": false,
              "Startup Cost": 27966.82,
              "Total Cost": 27966.83,
              "Plan Rows": 1,
              "Plan Width": 8,
              "Actual Startup Time": 91.225,
              "Actual Total Time": 91.227,
              "Actual Rows": 1,
              "Actual Loops": 4,
              "Plans": [
                {
                  "Node Type": "Bitmap Heap Scan",
                  "Parent Relationship": "Outer",
                  "Parallel Aware": true,
                  "Relation Name": "movie_keyword",
                  "Alias": "mk",
                  "Startup Cost": 2860.78,
                  "Total Cost": 27858.15,
                  "Plan Rows": 43469,
                  "Plan Width": 0,
                  "Actual Startup Time": 24.274,
                  "Actual Total Time": 88.153,
                  "Actual Rows": 33070,
                  "Actual Loops": 4,
                  "Recheck Cond": "(keyword_id > 76018)",
                  "Rows Removed by Index Recheck": 0,
                  "Exact Heap Blocks": 9893,
                  "Lossy Heap Blocks": 0,
                  "Plans": [
                    {
                      "Node Type": "Bitmap Index Scan",
                      "Parent Relationship": "Outer",
                      "Parallel Aware": false,
                      "Index Name": "keyword_id_movie_keyword",
                      "Startup Cost": 0.0,
                      "Total Cost": 2827.09,
                      "Plan Rows": 134755,
                      "Plan Width": 0,
                      "Actual Startup Time": 27.828,
                      "Actual Total Time": 27.828,
                      "Actual Rows": 132281,
                      "Actual Loops": 1,
                      "Index Cond": "(keyword_id > 76018)"
                    }
                  ]
                }
              ]
            }
          ]
        }
      ]
    },
    "Planning Time": 0.219,
    "Triggers": [],
    "Execution Time": 113.797
  }
]