[
  {
    "Plan": {
      "Node Type": "Aggregate",
      "Strategy": "Plain",
      "Partial Mode": "Finalize",
      "Parallel Aware": false,
      "Startup Cost": 32828.22,
      "Total Cost": 32828.23,
      "Plan Rows": 1,
      "Plan Width": 8,
      "Actual Startup Time": 99.275,
      "Actual Total Time": 106.696,
      "Actual Rows": 1,
      "Actual Loops": 1,
      "Plans": [
        {
          "Node Type": "Gather",
          "Parent Relationship": "Outer",
          "Parallel Aware": false,
          "Startup Cost": 32827.9,
          "Total Cost": 32828.21,
          "Plan Rows": 3,
          "Plan Width": 8,
          "Actual Startup Time": 99.165,
          "Actual Total Time": 106.688,
          "Actual Rows": 4,
          "Actual Loops": 1,
          "Workers Planned": 3,
          "Workers Launched": 3,
          "Single Copy": false,
          "Plans": [
            {
              "Node Type": "Aggregate",
              "Strategy": "Plain",
              "Partial Mode": "Partial",
              "Parent Relationship": "Outer",
              "Parallel Aware": false,
              "Startup Cost": 31827.9,
              "Total Cost": 31827.91,
              "Plan Rows": 1,
              "Plan Width": 8,
              "Actual Startup Time": 92.43,
              "Actual Total Time": 92.431,
              "Actual Rows": 1,
              "Actual Loops": 4,
              "Plans": [
                {
                  "Node Type": "Seq Scan",
                  "Parent Relationship": "Outer",
                  "Parallel Aware": true,
                  "Relation Name": "movie_companies",
                  "Alias": "mc",
                  "Startup Cost": 0.0,
                  "Total Cost": 31414.82,
                  "Plan Rows": 165232,
                  "Plan Width": 0,
                  "Actual Startup Time": 47.942,
                  "Actual Total Time": 83.642,
                  "Actual Rows": 206585,
                  "Actual Loops": 4,
                  "Filter": "((company_id > 15985) AND (company_type_id = 2))",
                  "Rows Removed by Filter": 445698
                }
              ]
            }
          ]
        }
      ]
    },
    "Planning Time": 0.219,
    "Triggers": [],
    "Execution Time": 106.754
  }
]