[
  {
    "Plan": {
      "Node Type": "Aggregate",
      "Strategy": "Plain",
      "Partial Mode": "Finalize",
      "Parallel Aware": false,
      "Startup Cost": 32933.22,
      "Total Cost": 32933.23,
      "Plan Rows": 1,
      "Plan Width": 8,
      "Actual Startup Time": 82.41,
      "Actual Total Time": 86.957,
      "Actual Rows": 1,
      "Actual Loops": 1,
      "Plans": [
        {
          "Node Type": "Gather",
          "Parent Relationship": "Outer",
          "Parallel Aware": false,
          "Startup Cost": 32932.9,
          "Total Cost": 32933.21,
          "Plan Rows": 3,
          "Plan Width": 8,
          "Actual Startup Time": 82.326,
          "Actual Total Time": 86.95,
          "Actual Rows": 4,
          "Actual Loops": 1,
          "Workers Planned": 3,
          "Workers Launched": 3,
          "Single Copy": false,
          "Plans": [
            {
              "Node Type": "Aggregate",
              "Strategy": "Plain",
              "Partial Mode": "Partial",
              "Parent Relationship": "Outer",
              "Parallel Aware": false,
              "Startup Cost": 31932.9,
              "Total Cost": 31932.91,
              "Plan Rows": 1,
              "Plan Width": 8,
              "Actual Startup Time": 78.024,
              "Actual Total Time": 78.024,
              "Actual Rows": 1,
              "Actual Loops": 4,
              "Plans": [
                {
                  "Node Type": "Seq Scan",
                  "Parent Relationship": "Outer",
                  "Parallel Aware": true,
                  "Relation Name": "movie_companies",
                  "Alias": "mc",
                  "Startup Cost": 0.0,
                  "Total Cost": 31414.82,
                  "Plan Rows": 207234,
                  "Plan Width": 0,
                  "Actual Startup Time": 36.414,
                  "Actual Total Time": 68.862,
                  "Actual Rows": 224113,
                  "Actual Loops": 4,
                  "Filter": "((company_id > 11513) AND (company_type_id > 1))",
                  "Rows Removed by Filter": 428169
                }
              ]
            }
          ]
        }
      ]
    },
    "Planning Time": 0.123,
    "Triggers": [],
    "Execution Time": 86.993
  }
]