[
  {
    "Plan": {
      "Node Type": "Aggregate",
      "Strategy": "Plain",
      "Partial Mode": "Finalize",
      "Parallel Aware": false,
      "Startup Cost": 33250.17,
      "Total Cost": 33250.18,
      "Plan Rows": 1,
      "Plan Width": 8,
      "Actual Startup Time": 92.379,
      "Actual Total Time": 99.895,
      "Actual Rows": 1,
      "Actual Loops": 1,
      "Plans": [
        {
          "Node Type": "Gather",
          "Parent Relationship": "Outer",
          "Parallel Aware": false,
          "Startup Cost": 33249.85,
          "Total Cost": 33250.16,
          "Plan Rows": 3,
          "Plan Width": 8,
          "Actual Startup Time": 92.238,
          "Actual Total Time": 99.884,
          "Actual Rows": 4,
          "Actual Loops": 1,
          "Workers Planned": 3,
          "Workers Launched": 3,
          "Single Copy": false,
          "Plans": [
            {
              "Node Type": "Aggregate",
              "Strategy": "Plain",
              "Partial Mode": "Partial",
              "Parent Relationship": "Outer",
              "Parallel Aware": false,
              "Startup Cost": 32249.85,
              "Total Cost": 32249.86,
              "Plan Rows": 1,
              "Plan Width": 8,
              "Actual Startup Time": 88.208,
              "Actual Total Time": 88.209,
              "Actual Rows": 1,
              "Actual Loops": 4,
              "Plans": [
                {
                  "Node Type": "Seq Scan",
                  "Parent Relationship": "Outer",
                  "Parallel Aware": true,
                  "Relation Name": "movie_companies",
                  "Alias": "mc",
                  "Startup Cost": 0.0,
                  "Total Cost": 31414.82,
                  "Plan Rows": 334014,
                  "Plan Width": 0,
                  "Actual Startup Time": 39.076,
                  "Actual Total Time": 78.755,
                  "Actual Rows": 187450,
                  "Actual Loops": 4,
                  "Filter": "((company_id < 70940) AND (company_type_id > 1))",
                  "Rows Removed by Filter": 464832
                }
              ]
            }
          ]
        }
      ]
    },
    "Planning Time": 0.194,
    "Triggers": [],
    "Execution Time": 99.956
  }
]