{
  "Plan": {
    "Node Type": "Aggregate",
    "Strategy": "Plain",
    "Partial Mode": "Finalize",
    "Parallel Aware": false,
    "Startup Cost": 1095556.51,
    "Total Cost": 1095556.52,
    "Plan Rows": 1,
    "Plan Width": 8,
    "Actual Startup Time": 8938.69,
    "Actual Total Time": 9000.927,
    "Actual Rows": 1,
    "Actual Loops": 1,
    "Plans": [
      {
        "Node Type": "Gather",
        "Parent Relationship": "Outer",
        "Parallel Aware": false,
        "Startup Cost": 1095556.4,
        "Total Cost": 1095556.51,
        "Plan Rows": 1,
        "Plan Width": 8,
        "Actual Startup Time": 8932.657,
        "Actual Total Time": 9000.921,
        "Actual Rows": 2,
        "Actual Loops": 1,
        "Workers Planned": 1,
        "Workers Launched": 1,
        "Single Copy": false,
        "Plans": [
          {
            "Node Type": "Aggregate",
            "Strategy": "Plain",
            "Partial Mode": "Partial",
            "Parent Relationship": "Outer",
            "Parallel Aware": false,
            "Startup Cost": 1094556.4,
            "Total Cost": 1094556.41,
            "Plan Rows": 1,
            "Plan Width": 8,
            "Actual Startup Time": 8928.247,
            "Actual Total Time": 8928.251,
            "Actual Rows": 1,
            "Actual Loops": 2,
            "Plans": [
              {
                "Node Type": "Merge Join",
                "Parent Relationship": "Outer",
                "Parallel Aware": false,
                "Join Type": "Inner",
                "Startup Cost": 913227.5,
                "Total Cost": 1092253.36,
                "Plan Rows": 921215,
                "Plan Width": 0,
                "Actual Startup Time": 7216.641,
                "Actual Total Time": 8680.92,
                "Actual Rows": 6510577,
                "Actual Loops": 2,
                "Inner Unique": false,
                "Merge Cond": "(mk.movie_id = t.id)",
                "Plans": [
                  {
                    "Node Type": "Index Only Scan",
                    "Parent Relationship": "Outer",
                    "Parallel Aware": true,
                    "Scan Direction": "Forward",
                    "Index Name": "movie_id_movie_keyword",
                    "Relation Name": "movie_keyword",
                    "Alias": "mk",
                    "Startup Cost": 0.43,
                    "Total Cost": 158560.11,
                    "Plan Rows": 2661135,
                    "Plan Width": 4,
                    "Actual Startup Time": 0.065,
                    "Actual Total Time": 396.31,
                    "Actual Rows": 2261965,
                    "Actual Loops": 2,
                    "Heap Fetches": 4523930
                  },
                  {
                    "Node Type": "Sort",
                    "Parent Relationship": "Inner",
                    "Parallel Aware": false,
                    "Startup Cost": 913226.58,
                    "Total Cost": 915414.65,
                    "Plan Rows": 875229,
                    "Plan Width": 8,
                    "Actual Startup Time": 7111.581,
                    "Actual Total Time": 7533.329,
                    "Actual Rows": 7510576,
                    "Actual Loops": 2,
                    "Sort Key": [
                      "ci.movie_id"
                    ],
                    "Sort Method": "quicksort",
                    "Sort Space Used": 114178,
                    "Sort Space Type": "Memory",
                    "Workers": [
                      {
                        "Worker Number": 0,
                        "Sort Method": "quicksort",
                        "Sort Space Used": 114178,
                        "Sort Space Type": "Memory"
                      }
                    ],
                    "Plans": [
                      {
                        "Node Type": "Hash Join",
                        "Parent Relationship": "Outer",
                        "Parallel Aware": false,
                        "Join Type": "Inner",
                        "Startup Cost": 58957.52,
                        "Total Cost": 826844.53,
                        "Plan Rows": 875229,
                        "Plan Width": 8,
                        "Actual Startup Time": 1030.575,
                        "Actual Total Time": 6761.615,
                        "Actual Rows": 1387206,
                        "Actual Loops": 2,
                        "Inner Unique": true,
                        "Hash Cond": "(ci.movie_id = t.id)",
                        "Plans": [
                          {
                            "Node Type": "Seq Scan",
                            "Parent Relationship": "Outer",
                            "Parallel Aware": false,
                            "Relation Name": "cast_info",
                            "Alias": "ci",
                            "Startup Cost": 0.0,
                            "Total Cost": 705537.15,
                            "Plan Rows": 23752292,
                            "Plan Width": 4,
                            "Actual Startup Time": 886.198,
                            "Actual Total Time": 3317.704,
                            "Actual Rows": 23573656,
                            "Actual Loops": 2,
                            "Filter": "(role_id > 1)",
                            "Rows Removed by Filter": 12670688
                          },
                          {
                            "Node Type": "Hash",
                            "Parent Relationship": "Inner",
                            "Parallel Aware": false,
                            "Startup Cost": 57792.98,
                            "Total Cost": 57792.98,
                            "Plan Rows": 93163,
                            "Plan Width": 4,
                            "Actual Startup Time": 143.941,
                            "Actual Total Time": 143.943,
                            "Actual Rows": 226456,
                            "Actual Loops": 2,
                            "Hash Buckets": 262144,
                            "Original Hash Buckets": 131072,
                            "Hash Batches": 1,
                            "Original Hash Batches": 1,
                            "Peak Memory Usage": 10010,
                            "Plans": [
                              {
                                "Node Type": "Bitmap Heap Scan",
                                "Parent Relationship": "Outer",
                                "Parallel Aware": false,
                                "Relation Name": "title",
                                "Alias": "t",
                                "Startup Cost": 11846.14,
                                "Total Cost": 57792.98,
                                "Plan Rows": 93163,
                                "Plan Width": 4,
                                "Actual Startup Time": 20.527,
                                "Actual Total Time": 109.204,
                                "Actual Rows": 226456,
                                "Actual Loops": 2,
                                "Recheck Cond": "(kind_id = 1)",
                                "Rows Removed by Index Recheck": 0,
                                "Filter": "(production_year < 1970)",
                                "Rows Removed by Filter": 436369,
                                "Exact Heap Blocks": 12863,
                                "Lossy Heap Blocks": 0,
                                "Plans": [
                                  {
                                    "Node Type": "Bitmap Index Scan",
                                    "Parent Relationship": "Outer",
                                    "Parallel Aware": false,
                                    "Index Name": "kind_id_title",
                                    "Startup Cost": 0.0,
                                    "Total Cost": 11822.85,
                                    "Plan Rows": 663256,
                                    "Plan Width": 0,
                                    "Actual Startup Time": 19.055,
                                    "Actual Total Time": 19.055,
                                    "Actual Rows": 662825,
                                    "Actual Loops": 2,
                                    "Index Cond": "(kind_id = 1)"
                                  }
                                ]
                              }
                            ]
                          }
                        ]
                      }
                    ]
                  }
                ]
              }
            ]
          }
        ]
      }
    ]
  },
  "Planning Time": 0.544,
  "Triggers": [],
  "Execution Time": 9012.894
}