[
  {
    "Plan": {
      "Node Type": "Aggregate",
      "Strategy": "Plain",
      "Partial Mode": "Finalize",
      "Parallel Aware": false,
      "Startup Cost": 33161.8,
      "Total Cost": 33161.81,
      "Plan Rows": 1,
      "Plan Width": 8,
      "Actual Startup Time": 98.419,
      "Actual Total Time": 105.788,
      "Actual Rows": 1,
      "Actual Loops": 1,
      "Plans": [
        {
          "Node Type": "Gather",
          "Parent Relationship": "Outer",
          "Parallel Aware": false,
          "Startup Cost": 33161.48,
          "Total Cost": 33161.79,
          "Plan Rows": 3,
          "Plan Width": 8,
          "Actual Startup Time": 98.143,
          "Actual Total Time": 105.778,
          "Actual Rows": 4,
          "Actual Loops": 1,
          "Workers Planned": 3,
          "Workers Launched": 3,
          "Single Copy": false,
          "Plans": [
            {
              "Node Type": "Aggregate",
              "Strategy": "Plain",
              "Partial Mode": "Partial",
              "Parent Relationship": "Outer",
              "Parallel Aware": false,
              "Startup Cost": 32161.48,
              "Total Cost": 32161.49,
              "Plan Rows": 1,
              "Plan Width": 8,
              "Actual Startup Time": 90.784,
              "Actual Total Time": 90.785,
              "Actual Rows": 1,
              "Actual Loops": 4,
              "Plans": [
                {
                  "Node Type": "Bitmap Heap Scan",
                  "Parent Relationship": "Outer",
                  "Parallel Aware": true,
                  "Relation Name": "movie_keyword",
                  "Alias": "mk",
                  "Startup Cost": 6276.46,
                  "Total Cost": 31922.98,
                  "Plan Rows": 95402,
                  "Plan Width": 0,
                  "Actual Startup Time": 25.819,
                  "Actual Total Time": 86.075,
                  "Actual Rows": 74928,
                  "Actual Loops": 4,
                  "Recheck Cond": "(keyword_id > 53930)",
                  "Rows Removed by Index Recheck": 0,
                  "Exact Heap Blocks": 10908,
                  "Lossy Heap Blocks": 0,
                  "Plans": [
                    {
                      "Node Type": "Bitmap Index Scan",
                      "Parent Relationship": "Outer",
                      "Parallel Aware": false,
                      "Index Name": "keyword_id_movie_keyword",
                      "Startup Cost": 0.0,
                      "Total Cost": 6202.52,
                      "Plan Rows": 295745,
                      "Plan Width": 0,
                      "Actual Startup Time": 29.347,
                      "Actual Total Time": 29.347,
                      "Actual Rows": 299711,
                      "Actual Loops": 1,
                      "Index Cond": "(keyword_id > 53930)"
                    }
                  ]
                }
              ]
            }
          ]
        }
      ]
    },
    "Planning Time": 0.139,
    "Triggers": [],
    "Execution Time": 105.855
  }
]