[
  {
    "Plan": {
      "Node Type": "Aggregate",
      "Strategy": "Plain",
      "Partial Mode": "Finalize",
      "Parallel Aware": false,
      "Startup Cost": 255844.19,
      "Total Cost": 255844.2,
      "Plan Rows": 1,
      "Plan Width": 8,
      "Actual Startup Time": 1769.784,
      "Actual Total Time": 1816.63,
      "Actual Rows": 1,
      "Actual Loops": 1,
      "Plans": [
        {
          "Node Type": "Gather",
          "Parent Relationship": "Outer",
          "Parallel Aware": false,
          "Startup Cost": 255843.97,
          "Total Cost": 255844.18,
          "Plan Rows": 2,
          "Plan Width": 8,
          "Actual Startup Time": 1745.388,
          "Actual Total Time": 1816.616,
          "Actual Rows": 3,
          "Actual Loops": 1,
          "Workers Planned": 2,
          "Workers Launched": 2,
          "Single Copy": false,
          "Plans": [
            {
              "Node Type": "Aggregate",
              "Strategy": "Plain",
              "Partial Mode": "Partial",
              "Parent Relationship": "Outer",
              "Parallel Aware": false,
              "Startup Cost": 254843.97,
              "Total Cost": 254843.98,
              "Plan Rows": 1,
              "Plan Width": 8,
              "Actual Startup Time": 1730.003,
              "Actual Total Time": 1730.014,
              "Actual Rows": 1,
              "Actual Loops": 3,
              "Plans": [
                {
                  "Node Type": "Hash Join",
                  "Parent Relationship": "Outer",
                  "Parallel Aware": true,
                  "Join Type": "Inner",
                  "Startup Cost": 237889.06,
                  "Total Cost": 254225.39,
                  "Plan Rows": 247434,
                  "Plan Width": 0,
                  "Actual Startup Time": 1390.172,
                  "Actual Total Time": 1675.405,
                  "Actual Rows": 816087,
                  "Actual Loops": 3,
                  "Inner Unique": false,
                  "Hash Cond": "(mi_idx.movie_id = t.id)",
                  "Plans": [
                    {
                      "Node Type": "Seq Scan",
                      "Parent Relationship": "Outer",
                      "Parallel Aware": true,
                      "Relation Name": "movie_info_idx",
                      "Alias": "mi_idx",
                      "Startup Cost": 0.0,
                      "Total Cost": 13685.15,
                      "Plan Rows": 575015,
                      "Plan Width": 4,
                      "Actual Startup Time": 0.032,
                      "Actual Total Time": 64.607,
                      "Actual Rows": 460012,
                      "Actual Loops": 3
                    },
                    {
                      "Node Type": "Hash",
                      "Parent Relationship": "Inner",
                      "Parallel Aware": true,
                      "Startup Cost": 235169.05,
                      "Total Cost": 235169.05,
                      "Plan Rows": 217601,
                      "Plan Width": 8,
                      "Actual Startup Time": 1378.819,
                      "Actual Total Time": 1378.827,
                      "Actual Rows": 361055,
                      "Actual Loops": 3,
                      "Hash Buckets": 2097152,
                      "Original Hash Buckets": 2097152,
                      "Hash Batches": 1,
                      "Original Hash Batches": 1,
                      "Peak Memory Usage": 58816,
                      "Plans": [
                        {
                          "Node Type": "Hash Join",
                          "Parent Relationship": "Outer",
                          "Parallel Aware": true,
                          "Join Type": "Inner",
                          "Startup Cost": 69884.84,
                          "Total Cost": 235169.05,
                          "Plan Rows": 217601,
                          "Plan Width": 8,
                          "Actual Startup Time": 809.404,
                          "Actual Total Time": 1187.959,
                          "Actual Rows": 361055,
                          "Actual Loops": 3,
                          "Inner Unique": true,
                          "Hash Cond": "(mi.movie_id = t.id)",
                          "Plans": [
                            {
                              "Node Type": "Bitmap Heap Scan",
                              "Parent Relationship": "Outer",
                              "Parallel Aware": true,
                              "Relation Name": "movie_info",
                              "Alias": "mi",
                              "Startup Cost": 19664.46,
                              "Total Cost": 184377.47,
                              "Plan Rows": 217601,
                              "Plan Width": 4,
                              "Actual Startup Time": 67.182,
                              "Actual Total Time": 211.746,
                              "Actual Rows": 361055,
                              "Actual Loops": 3,
                              "Recheck Cond": "(info_type_id > 70)",
                              "Rows Removed by Index Recheck": 0,
                              "Exact Heap Blocks": 13280,
                              "Lossy Heap Blocks": 0,
                              "Plans": [
                                {
                                  "Node Type": "Bitmap Index Scan",
                                  "Parent Relationship": "Outer",
                                  "Parallel Aware": false,
                                  "Index Name": "info_type_id_movie_info",
                                  "Startup Cost": 0.0,
                                  "Total Cost": 19392.46,
                                  "Plan Rows": 1088003,
                                  "Plan Width": 0,
                                  "Actual Startup Time": 57.925,
                                  "Actual Total Time": 57.926,
                                  "Actual Rows": 1083166,
                                  "Actual Loops": 1,
                                  "Index Cond": "(info_type_id > 70)"
                                }
                              ]
                            },
                            {
                              "Node Type": "Hash",
                              "Parent Relationship": "Inner",
                              "Parallel Aware": true,
                              "Startup Cost": 42319.06,
                              "Total Cost": 42319.06,
                              "Plan Rows": 632106,
                              "Plan Width": 4,
                              "Actual Startup Time": 727.429,
                              "Actual Total Time": 727.431,
                              "Actual Rows": 842771,
                              "Actual Loops": 3,
                              "Hash Buckets": 4194304,
                              "Original Hash Buckets": 4194304,
                              "Hash Batches": 1,
                              "Original Hash Batches": 1,
                              "Peak Memory Usage": 131712,
                              "Plans": [
                                {
                                  "Node Type": "Seq Scan",
                                  "Parent Relationship": "Outer",
                                  "Parallel Aware": true,
                                  "Relation Name": "title",
                                  "Alias": "t",
                                  "Startup Cost": 0.0,
                                  "Total Cost": 42319.06,
                                  "Plan Rows": 632106,
                                  "Plan Width": 4,
                                  "Actual Startup Time": 0.071,
                                  "Actual Total Time": 195.835,
                                  "Actual Rows": 842771,
                                  "Actual Loops": 3
                                }
                              ]
                            }
                          ]
                        }
                      ]
                    }
                  ]
                }
              ]
            }
          ]
        }
      ]
    },
    "Planning Time": 1.527,
    "Triggers": [],
    "Execution Time": 1816.759
  }
]