[
  {
    "Plan": {
      "Node Type": "Aggregate",
      "Strategy": "Plain",
      "Partial Mode": "Finalize",
      "Parallel Aware": false,
      "Startup Cost": 89534.78,
      "Total Cost": 89534.79,
      "Plan Rows": 1,
      "Plan Width": 8,
      "Actual Startup Time": 267.2,
      "Actual Total Time": 283.259,
      "Actual Rows": 1,
      "Actual Loops": 1,
      "Plans": [
        {
          "Node Type": "Gather",
          "Parent Relationship": "Outer",
          "Parallel Aware": false,
          "Startup Cost": 89534.46,
          "Total Cost": 89534.77,
          "Plan Rows": 3,
          "Plan Width": 8,
          "Actual Startup Time": 266.872,
          "Actual Total Time": 283.248,
          "Actual Rows": 4,
          "Actual Loops": 1,
          "Workers Planned": 3,
          "Workers Launched": 3,
          "Single Copy": false,
          "Plans": [
            {
              "Node Type": "Aggregate",
              "Strategy": "Plain",
              "Partial Mode": "Partial",
              "Parent Relationship": "Outer",
              "Parallel Aware": false,
              "Startup Cost": 88534.46,
              "Total Cost": 88534.47,
              "Plan Rows": 1,
              "Plan Width": 8,
              "Actual Startup Time": 261.557,
              "Actual Total Time": 261.56,
              "Actual Rows": 1,
              "Actual Loops": 4,
              "Plans": [
                {
                  "Node Type": "Hash Join",
                  "Parent Relationship": "Outer",
                  "Parallel Aware": true,
                  "Join Type": "Inner",
                  "Startup Cost": 45600.54,
                  "Total Cost": 88478.62,
                  "Plan Rows": 22339,
                  "Plan Width": 0,
                  "Actual Startup Time": 92.526,
                  "Actual Total Time": 259.892,
                  "Actual Rows": 36567,
                  "Actual Loops": 4,
                  "Inner Unique": true,
                  "Hash Cond": "(mk.movie_id = t.id)",
                  "Plans": [
                    {
                      "Node Type": "Seq Scan",
                      "Parent Relationship": "Outer",
                      "Parallel Aware": true,
                      "Relation Name": "movie_keyword",
                      "Alias": "mk",
                      "Startup Cost": 0.0,
                      "Total Cost": 39047.32,
                      "Plan Rows": 1459332,
                      "Plan Width": 4,
                      "Actual Startup Time": 0.028,
                      "Actual Total Time": 88.072,
                      "Actual Rows": 1130982,
                      "Actual Loops": 4
                    },
                    {
                      "Node Type": "Hash",
                      "Parent Relationship": "Inner",
                      "Parallel Aware": true,
                      "Startup Cost": 45479.59,
                      "Total Cost": 45479.59,
                      "Plan Rows": 9676,
                      "Plan Width": 4,
                      "Actual Startup Time": 91.731,
                      "Actual Total Time": 91.732,
                      "Actual Rows": 8063,
                      "Actual Loops": 4,
                      "Hash Buckets": 65536,
                      "Original Hash Buckets": 65536,
                      "Hash Batches": 1,
                      "Original Hash Batches": 1,
                      "Peak Memory Usage": 1856,
                      "Plans": [
                        {
                          "Node Type": "Seq Scan",
                          "Parent Relationship": "Outer",
                          "Parallel Aware": true,
                          "Relation Name": "title",
                          "Alias": "t",
                          "Startup Cost": 0.0,
                          "Total Cost": 45479.59,
                          "Plan Rows": 9676,
                          "Plan Width": 4,
                          "Actual Startup Time": 0.062,
                          "Actual Total Time": 88.566,
                          "Actual Rows": 8063,
                          "Actual Loops": 4,
                          "Filter": "((kind_id < 7) AND (production_year = 2005))",
                          "Rows Removed by Filter": 624015
                        }
                      ]
                    }
                  ]
                }
              ]
            }
          ]
        }
      ]
    },
    "Planning Time": 0.387,
    "Triggers": [],
    "Execution Time": 283.307
  }
]