[
  {
    "Plan": {
      "Node Type": "Aggregate",
      "Strategy": "Plain",
      "Partial Mode": "Finalize",
      "Parallel Aware": false,
      "Startup Cost": 395261.14,
      "Total Cost": 395261.15,
      "Plan Rows": 1,
      "Plan Width": 8,
      "Actual Startup Time": 3761.919,
      "Actual Total Time": 3859.383,
      "Actual Rows": 1,
      "Actual Loops": 1,
      "Plans": [
        {
          "Node Type": "Gather",
          "Parent Relationship": "Outer",
          "Parallel Aware": false,
          "Startup Cost": 395260.72,
          "Total Cost": 395261.13,
          "Plan Rows": 4,
          "Plan Width": 8,
          "Actual Startup Time": 3758.685,
          "Actual Total Time": 3859.374,
          "Actual Rows": 5,
          "Actual Loops": 1,
          "Workers Planned": 4,
          "Workers Launched": 4,
          "Single Copy": false,
          "Plans": [
            {
              "Node Type": "Aggregate",
              "Strategy": "Plain",
              "Partial Mode": "Partial",
              "Parent Relationship": "Outer",
              "Parallel Aware": false,
              "Startup Cost": 394260.72,
              "Total Cost": 394260.73,
              "Plan Rows": 1,
              "Plan Width": 8,
              "Actual Startup Time": 3749.619,
              "Actual Total Time": 3749.621,
              "Actual Rows": 1,
              "Actual Loops": 5,
              "Plans": [
                {
                  "Node Type": "Nested Loop",
                  "Parent Relationship": "Outer",
                  "Parallel Aware": false,
                  "Join Type": "Inner",
                  "Startup Cost": 12.68,
                  "Total Cost": 391125.18,
                  "Plan Rows": 1254217,
                  "Plan Width": 0,
                  "Actual Startup Time": 2.357,
                  "Actual Total Time": 3591.401,
                  "Actual Rows": 3269082,
                  "Actual Loops": 5,
                  "Inner Unique": false,
                  "Join Filter": "(t.id = ci.movie_id)",
                  "Rows Removed by Join Filter": 0,
                  "Plans": [
                    {
                      "Node Type": "Merge Join",
                      "Parent Relationship": "Outer",
                      "Parallel Aware": false,
                      "Join Type": "Inner",
                      "Startup Cost": 12.11,
                      "Total Cost": 152795.67,
                      "Plan Rows": 87477,
                      "Plan Width": 8,
                      "Actual Startup Time": 1.994,
                      "Actual Total Time": 763.05,
                      "Actual Rows": 118395,
                      "Actual Loops": 5,
                      "Inner Unique": false,
                      "Merge Cond": "(t.id = mi_idx.movie_id)",
                      "Plans": [
                        {
                          "Node Type": "Index Scan",
                          "Parent Relationship": "Outer",
                          "Parallel Aware": true,
                          "Scan Direction": "Forward",
                          "Index Name": "title_pkey",
                          "Relation Name": "title",
                          "Alias": "t",
                          "Startup Cost": 0.43,
                          "Total Cost": 94549.76,
                          "Plan Rows": 160270,
                          "Plan Width": 4,
                          "Actual Startup Time": 0.519,
                          "Actual Total Time": 393.873,
                          "Actual Rows": 105303,
                          "Actual Loops": 5,
                          "Filter": "((kind_id < 3) AND (production_year > 1966))",
                          "Rows Removed by Filter": 399884
                        },
                        {
                          "Node Type": "Index Only Scan",
                          "Parent Relationship": "Inner",
                          "Parallel Aware": false,
                          "Scan Direction": "Forward",
                          "Index Name": "movie_id_movie_info_idx",
                          "Relation Name": "movie_info_idx",
                          "Alias": "mi_idx",
                          "Startup Cost": 0.43,
                          "Total Cost": 53621.69,
                          "Plan Rows": 1380035,
                          "Plan Width": 4,
                          "Actual Startup Time": 0.187,
                          "Actual Total Time": 282.031,
                          "Actual Rows": 1380035,
                          "Actual Loops": 5,
                          "Heap Fetches": 6900175
                        }
                      ]
                    },
                    {
                      "Node Type": "Index Only Scan",
                      "Parent Relationship": "Inner",
                      "Parallel Aware": false,
                      "Scan Direction": "Forward",
                      "Index Name": "movie_id_cast_info",
                      "Relation Name": "cast_info",
                      "Alias": "ci",
                      "Startup Cost": 0.56,
                      "Total Cost": 2.29,
                      "Plan Rows": 35,
                      "Plan Width": 4,
                      "Actual Startup Time": 0.004,
                      "Actual Total Time": 0.021,
                      "Actual Rows": 28,
                      "Actual Loops": 591975,
                      "Index Cond": "(movie_id = mi_idx.movie_id)",
                      "Rows Removed by Index Recheck": 0,
                      "Heap Fetches": 16345411
                    }
                  ]
                }
              ]
            }
          ]
        }
      ]
    },
    "Planning Time": 1.102,
    "Triggers": [],
    "Execution Time": 3859.469
  }
]