[
  {
    "Plan": {
      "Node Type": "Aggregate",
      "Strategy": "Plain",
      "Partial Mode": "Finalize",
      "Parallel Aware": false,
      "Startup Cost": 449959.94,
      "Total Cost": 449959.95,
      "Plan Rows": 1,
      "Plan Width": 8,
      "Actual Startup Time": 2605.988,
      "Actual Total Time": 2665.534,
      "Actual Rows": 1,
      "Actual Loops": 1,
      "Plans": [
        {
          "Node Type": "Gather",
          "Parent Relationship": "Outer",
          "Parallel Aware": false,
          "Startup Cost": 449959.31,
          "Total Cost": 449959.92,
          "Plan Rows": 6,
          "Plan Width": 8,
          "Actual Startup Time": 2588.284,
          "Actual Total Time": 2665.521,
          "Actual Rows": 7,
          "Actual Loops": 1,
          "Workers Planned": 6,
          "Workers Launched": 6,
          "Single Copy": false,
          "Plans": [
            {
              "Node Type": "Aggregate",
              "Strategy": "Plain",
              "Partial Mode": "Partial",
              "Parent Relationship": "Outer",
              "Parallel Aware": false,
              "Startup Cost": 448959.31,
              "Total Cost": 448959.32,
              "Plan Rows": 1,
              "Plan Width": 8,
              "Actual Startup Time": 2577.271,
              "Actual Total Time": 2577.413,
              "Actual Rows": 1,
              "Actual Loops": 7,
              "Plans": [
                {
                  "Node Type": "Hash Join",
                  "Parent Relationship": "Outer",
                  "Parallel Aware": true,
                  "Join Type": "Inner",
                  "Startup Cost": 92549.03,
                  "Total Cost": 447209.84,
                  "Plan Rows": 699787,
                  "Plan Width": 0,
                  "Actual Startup Time": 617.822,
                  "Actual Total Time": 2237.239,
                  "Actual Rows": 8575539,
                  "Actual Loops": 7,
                  "Inner Unique": false,
                  "Hash Cond": "(ci.movie_id = t.id)",
                  "Plans": [
                    {
                      "Node Type": "Seq Scan",
                      "Parent Relationship": "Outer",
                      "Parallel Aware": true,
                      "Relation Name": "cast_info",
                      "Alias": "ci",
                      "Startup Cost": 0.0,
                      "Total Cost": 343257.03,
                      "Plan Rows": 2439041,
                      "Plan Width": 4,
                      "Actual Startup Time": 197.0,
                      "Actual Total Time": 639.217,
                      "Actual Rows": 2816045,
                      "Actual Loops": 7,
                      "Filter": "((person_id > 1371747) AND (role_id > 1))",
                      "Rows Removed by Filter": 2361718
                    },
                    {
                      "Node Type": "Hash",
                      "Parent Relationship": "Inner",
                      "Parallel Aware": true,
                      "Startup Cost": 89624.05,
                      "Total Cost": 89624.05,
                      "Plan Rows": 233998,
                      "Plan Width": 8,
                      "Actual Startup Time": 417.483,
                      "Actual Total Time": 417.624,
                      "Actual Rows": 326777,
                      "Actual Loops": 7,
                      "Hash Buckets": 4194304,
                      "Original Hash Buckets": 1048576,
                      "Hash Batches": 1,
                      "Original Hash Batches": 1,
                      "Peak Memory Usage": 146976,
                      "Plans": [
                        {
                          "Node Type": "Hash Join",
                          "Parent Relationship": "Outer",
                          "Parallel Aware": true,
                          "Join Type": "Inner",
                          "Startup Cost": 46745.97,
                          "Total Cost": 89624.05,
                          "Plan Rows": 233998,
                          "Plan Width": 8,
                          "Actual Startup Time": 130.911,
                          "Actual Total Time": 256.641,
                          "Actual Rows": 326777,
                          "Actual Loops": 7,
                          "Inner Unique": true,
                          "Hash Cond": "(mk.movie_id = t.id)",
                          "Plans": [
                            {
                              "Node Type": "Seq Scan",
                              "Parent Relationship": "Outer",
                              "Parallel Aware": true,
                              "Relation Name": "movie_keyword",
                              "Alias": "mk",
                              "Startup Cost": 0.0,
                              "Total Cost": 39047.32,
                              "Plan Rows": 1459332,
                              "Plan Width": 4,
                              "Actual Startup Time": 0.025,
                              "Actual Total Time": 58.033,
                              "Actual Rows": 646276,
                              "Actual Loops": 7
                            },
                            {
                              "Node Type": "Hash",
                              "Parent Relationship": "Inner",
                              "Parallel Aware": true,
                              "Startup Cost": 45479.1,
                              "Total Cost": 45479.1,
                              "Plan Rows": 101350,
                              "Plan Width": 4,
                              "Actual Startup Time": 106.862,
                              "Actual Total Time": 106.863,
                              "Actual Rows": 65164,
                              "Actual Loops": 7,
                              "Hash Buckets": 524288,
                              "Original Hash Buckets": 524288,
                              "Hash Batches": 1,
                              "Original Hash Batches": 1,
                              "Peak Memory Usage": 22080,
                              "Plans": [
                                {
                                  "Node Type": "Seq Scan",
                                  "Parent Relationship": "Outer",
                                  "Parallel Aware": true,
                                  "Relation Name": "title",
                                  "Alias": "t",
                                  "Startup Cost": 0.0,
                                  "Total Cost": 45479.1,
                                  "Plan Rows": 101350,
                                  "Plan Width": 4,
                                  "Actual Startup Time": 50.039,
                                  "Actual Total Time": 78.235,
                                  "Actual Rows": 65164,
                                  "Actual Loops": 7,
                                  "Filter": "((production_year < 2007) AND (kind_id = 1))",
                                  "Rows Removed by Filter": 296024
                                }
                              ]
                            }
                          ]
                        }
                      ]
                    }
                  ]
                }
              ]
            }
          ]
        }
      ]
    },
    "Planning Time": 1.239,
    "Triggers": [],
    "Execution Time": 2665.624
  }
]