[
    {
        "Bao": {
            "Bao prediction": "NaN",
            "Bao recommended hint": "(no hint)"
        }
    },
    {
        "Plan": {
            "Node Type": "Aggregate",
            "Strategy": "Plain",
            "Partial Mode": "Finalize",
            "Parallel Aware": false,
            "Startup Cost": 25556.23,
            "Total Cost": 25556.24,
            "Plan Rows": 1,
            "Plan Width": 8,
            "Actual Startup Time": 55.189,
            "Actual Total Time": 59.847,
            "Actual Rows": 1,
            "Actual Loops": 1,
            "Output": [
                "count(*)"
            ],
            "Plans": [
                {
                    "Node Type": "Gather",
                    "Parent Relationship": "Outer",
                    "Parallel Aware": false,
                    "Startup Cost": 25555.92,
                    "Total Cost": 25556.23,
                    "Plan Rows": 3,
                    "Plan Width": 8,
                    "Actual Startup Time": 54.826,
                    "Actual Total Time": 59.84,
                    "Actual Rows": 4,
                    "Actual Loops": 1,
                    "Output": [
                        "(PARTIAL count(*))"
                    ],
                    "Workers Planned": 3,
                    "Workers Launched": 3,
                    "Single Copy": false,
                    "Plans": [
                        {
                            "Node Type": "Aggregate",
                            "Strategy": "Plain",
                            "Partial Mode": "Partial",
                            "Parent Relationship": "Outer",
                            "Parallel Aware": false,
                            "Startup Cost": 24555.92,
                            "Total Cost": 24555.93,
                            "Plan Rows": 1,
                            "Plan Width": 8,
                            "Actual Startup Time": 46.357,
                            "Actual Total Time": 46.359,
                            "Actual Rows": 1,
                            "Actual Loops": 4,
                            "Output": [
                                "PARTIAL count(*)"
                            ],
                            "Workers": [
                                {
                                    "Worker Number": 0,
                                    "Actual Startup Time": 43.169,
                                    "Actual Total Time": 43.171,
                                    "Actual Rows": 1,
                                    "Actual Loops": 1
                                },
                                {
                                    "Worker Number": 1,
                                    "Actual Startup Time": 43.781,
                                    "Actual Total Time": 43.784,
                                    "Actual Rows": 1,
                                    "Actual Loops": 1
                                },
                                {
                                    "Worker Number": 2,
                                    "Actual Startup Time": 43.919,
                                    "Actual Total Time": 43.921,
                                    "Actual Rows": 1,
                                    "Actual Loops": 1
                                }
                            ],
                            "Plans": [
                                {
                                    "Node Type": "Bitmap Heap Scan",
                                    "Parent Relationship": "Outer",
                                    "Parallel Aware": true,
                                    "Relation Name": "movie_companies",
                                    "Schema": "public",
                                    "Alias": "mc",
                                    "Startup Cost": 4636.84,
                                    "Total Cost": 24467.49,
                                    "Plan Rows": 35370,
                                    "Plan Width": 0,
                                    "Actual Startup Time": 34.907,
                                    "Actual Total Time": 45.543,
                                    "Actual Rows": 12039,
                                    "Actual Loops": 4,
                                    "Recheck Cond": "(mc.company_id < 73)",
                                    "Rows Removed by Index Recheck": 0,
                                    "Filter": "(mc.company_type_id = 2)",
                                    "Rows Removed by Filter": 41762,
                                    "Exact Heap Blocks": 11239,
                                    "Lossy Heap Blocks": 0,
                                    "Workers": [
                                        {
                                            "Worker Number": 0,
                                            "Actual Startup Time": 31.719,
                                            "Actual Total Time": 42.516,
                                            "Actual Rows": 7273,
                                            "Actual Loops": 1
                                        },
                                        {
                                            "Worker Number": 1,
                                            "Actual Startup Time": 32.34,
                                            "Actual Total Time": 43.054,
                                            "Actual Rows": 7606,
                                            "Actual Loops": 1
                                        },
                                        {
                                            "Worker Number": 2,
                                            "Actual Startup Time": 32.464,
                                            "Actual Total Time": 43.154,
                                            "Actual Rows": 7913,
                                            "Actual Loops": 1
                                        }
                                    ],
                                    "Plans": [
                                        {
                                            "Node Type": "Bitmap Index Scan",
                                            "Parent Relationship": "Outer",
                                            "Parallel Aware": false,
                                            "Index Name": "company_id_movie_companies",
                                            "Startup Cost": 0.0,
                                            "Total Cost": 4609.43,
                                            "Plan Rows": 215067,
                                            "Plan Width": 0,
                                            "Actual Startup Time": 12.394,
                                            "Actual Total Time": 12.394,
                                            "Actual Rows": 215203,
                                            "Actual Loops": 1,
                                            "Index Cond": "(mc.company_id < 73)"
                                        }
                                    ]
                                }
                            ]
                        }
                    ]
                }
            ]
        },
        "Planning Time": 221.753,
        "Triggers": [],
        "Execution Time": 59.898
    }
]