[
  {
    "Plan": {
      "Node Type": "Aggregate",
      "Strategy": "Plain",
      "Partial Mode": "Finalize",
      "Parallel Aware": false,
      "Startup Cost": 349105.11,
      "Total Cost": 349105.12,
      "Plan Rows": 1,
      "Plan Width": 8,
      "Actual Startup Time": 628.297,
      "Actual Total Time": 686.659,
      "Actual Rows": 1,
      "Actual Loops": 1,
      "Plans": [
        {
          "Node Type": "Gather",
          "Parent Relationship": "Outer",
          "Parallel Aware": false,
          "Startup Cost": 349104.49,
          "Total Cost": 349105.1,
          "Plan Rows": 6,
          "Plan Width": 8,
          "Actual Startup Time": 628.16,
          "Actual Total Time": 686.648,
          "Actual Rows": 7,
          "Actual Loops": 1,
          "Workers Planned": 6,
          "Workers Launched": 6,
          "Single Copy": false,
          "Plans": [
            {
              "Node Type": "Aggregate",
              "Strategy": "Plain",
              "Partial Mode": "Partial",
              "Parent Relationship": "Outer",
              "Parallel Aware": false,
              "Startup Cost": 348104.49,
              "Total Cost": 348104.5,
              "Plan Rows": 1,
              "Plan Width": 8,
              "Actual Startup Time": 618.571,
              "Actual Total Time": 618.572,
              "Actual Rows": 1,
              "Actual Loops": 7,
              "Plans": [
                {
                  "Node Type": "Seq Scan",
                  "Parent Relationship": "Outer",
                  "Parallel Aware": true,
                  "Relation Name": "cast_info",
                  "Alias": "ci",
                  "Startup Cost": 0.0,
                  "Total Cost": 343257.03,
                  "Plan Rows": 1938983,
                  "Plan Width": 0,
                  "Actual Startup Time": 218.765,
                  "Actual Total Time": 588.901,
                  "Actual Rows": 730944,
                  "Actual Loops": 7,
                  "Filter": "((person_id < 1762249) AND (role_id > 1))",
                  "Rows Removed by Filter": 4446819
                }
              ]
            }
          ]
        }
      ]
    },
    "Planning Time": 0.232,
    "Triggers": [],
    "Execution Time": 686.736
  }
]