[
  {
    "Plan": {
      "Node Type": "Aggregate",
      "Strategy": "Plain",
      "Partial Mode": "Finalize",
      "Parallel Aware": false,
      "Startup Cost": 32947.57,
      "Total Cost": 32947.58,
      "Plan Rows": 1,
      "Plan Width": 8,
      "Actual Startup Time": 93.46,
      "Actual Total Time": 101.508,
      "Actual Rows": 1,
      "Actual Loops": 1,
      "Plans": [
        {
          "Node Type": "Gather",
          "Parent Relationship": "Outer",
          "Parallel Aware": false,
          "Startup Cost": 32947.26,
          "Total Cost": 32947.57,
          "Plan Rows": 3,
          "Plan Width": 8,
          "Actual Startup Time": 93.297,
          "Actual Total Time": 101.496,
          "Actual Rows": 4,
          "Actual Loops": 1,
          "Workers Planned": 3,
          "Workers Launched": 3,
          "Single Copy": false,
          "Plans": [
            {
              "Node Type": "Aggregate",
              "Strategy": "Plain",
              "Partial Mode": "Partial",
              "Parent Relationship": "Outer",
              "Parallel Aware": false,
              "Startup Cost": 31947.26,
              "Total Cost": 31947.27,
              "Plan Rows": 1,
              "Plan Width": 8,
              "Actual Startup Time": 89.275,
              "Actual Total Time": 89.276,
              "Actual Rows": 1,
              "Actual Loops": 4,
              "Plans": [
                {
                  "Node Type": "Seq Scan",
                  "Parent Relationship": "Outer",
                  "Parallel Aware": true,
                  "Relation Name": "movie_companies",
                  "Alias": "mc",
                  "Startup Cost": 0.0,
                  "Total Cost": 31414.82,
                  "Plan Rows": 212975,
                  "Plan Width": 0,
                  "Actual Startup Time": 0.019,
                  "Actual Total Time": 76.743,
                  "Actual Rows": 229084,
                  "Actual Loops": 4,
                  "Filter": "((company_id < 11662) AND (company_type_id < 2))",
                  "Rows Removed by Filter": 423199
                }
              ]
            }
          ]
        }
      ]
    },
    "Planning Time": 0.131,
    "Triggers": [],
    "Execution Time": 101.547
  }
]