{
  "Plan": {
    "Node Type": "Aggregate",
    "Strategy": "Plain",
    "Partial Mode": "Finalize",
    "Parallel Aware": false,
    "Startup Cost": 648207.1,
    "Total Cost": 648207.11,
    "Plan Rows": 1,
    "Plan Width": 8,
    "Actual Startup Time": 3375.181,
    "Actual Total Time": 3443.188,
    "Actual Rows": 1,
    "Actual Loops": 1,
    "Plans": [
      {
        "Node Type": "Gather",
        "Parent Relationship": "Outer",
        "Parallel Aware": false,
        "Startup Cost": 648206.99,
        "Total Cost": 648207.1,
        "Plan Rows": 1,
        "Plan Width": 8,
        "Actual Startup Time": 3373.83,
        "Actual Total Time": 3443.177,
        "Actual Rows": 2,
        "Actual Loops": 1,
        "Workers Planned": 1,
        "Workers Launched": 1,
        "Single Copy": false,
        "Plans": [
          {
            "Node Type": "Aggregate",
            "Strategy": "Plain",
            "Partial Mode": "Partial",
            "Parent Relationship": "Outer",
            "Parallel Aware": false,
            "Startup Cost": 647206.99,
            "Total Cost": 647207.0,
            "Plan Rows": 1,
            "Plan Width": 8,
            "Actual Startup Time": 3367.523,
            "Actual Total Time": 3367.529,
            "Actual Rows": 1,
            "Actual Loops": 2,
            "Plans": [
              {
                "Node Type": "Hash Join",
                "Parent Relationship": "Outer",
                "Parallel Aware": true,
                "Join Type": "Inner",
                "Startup Cost": 93229.4,
                "Total Cost": 644740.52,
                "Plan Rows": 986588,
                "Plan Width": 0,
                "Actual Startup Time": 383.773,
                "Actual Total Time": 3346.28,
                "Actual Rows": 469576,
                "Actual Loops": 2,
                "Inner Unique": false,
                "Hash Cond": "(ci.movie_id = t.id)",
                "Plans": [
                  {
                    "Node Type": "Seq Scan",
                    "Parent Relationship": "Outer",
                    "Parallel Aware": true,
                    "Relation Name": "cast_info",
                    "Alias": "ci",
                    "Startup Cost": 0.0,
                    "Total Cost": 465792.95,
                    "Plan Rows": 21310595,
                    "Plan Width": 4,
                    "Actual Startup Time": 0.014,
                    "Actual Total Time": 1316.974,
                    "Actual Rows": 18122172,
                    "Actual Loops": 2
                  },
                  {
                    "Node Type": "Hash",
                    "Parent Relationship": "Inner",
                    "Parallel Aware": true,
                    "Startup Cost": 92368.75,
                    "Total Cost": 92368.75,
                    "Plan Rows": 68852,
                    "Plan Width": 8,
                    "Actual Startup Time": 380.843,
                    "Actual Total Time": 380.848,
                    "Actual Rows": 18023,
                    "Actual Loops": 2,
                    "Hash Buckets": 131072,
                    "Original Hash Buckets": 131072,
                    "Hash Batches": 1,
                    "Original Hash Batches": 1,
                    "Peak Memory Usage": 2464,
                    "Plans": [
                      {
                        "Node Type": "Hash Join",
                        "Parent Relationship": "Outer",
                        "Parallel Aware": true,
                        "Join Type": "Inner",
                        "Startup Cost": 31725.11,
                        "Total Cost": 92368.75,
                        "Plan Rows": 68852,
                        "Plan Width": 8,
                        "Actual Startup Time": 162.345,
                        "Actual Total Time": 375.846,
                        "Actual Rows": 18023,
                        "Actual Loops": 2,
                        "Inner Unique": false,
                        "Hash Cond": "(t.id = mc.movie_id)",
                        "Plans": [
                          {
                            "Node Type": "Seq Scan",
                            "Parent Relationship": "Outer",
                            "Parallel Aware": true,
                            "Relation Name": "title",
                            "Alias": "t",
                            "Startup Cost": 0.0,
                            "Total Cost": 54588.39,
                            "Plan Rows": 904038,
                            "Plan Width": 4,
                            "Actual Startup Time": 0.011,
                            "Actual Total Time": 135.147,
                            "Actual Rows": 771632,
                            "Actual Loops": 2,
                            "Filter": "(kind_id = 7)",
                            "Rows Removed by Filter": 492524
                          },
                          {
                            "Node Type": "Hash",
                            "Parent Relationship": "Inner",
                            "Parallel Aware": true,
                            "Startup Cost": 30309.25,
                            "Total Cost": 30309.25,
                            "Plan Rows": 113269,
                            "Plan Width": 4,
                            "Actual Startup Time": 118.96,
                            "Actual Total Time": 118.961,
                            "Actual Rows": 192506,
                            "Actual Loops": 2,
                            "Hash Buckets": 524288,
                            "Original Hash Buckets": 262144,
                            "Hash Batches": 1,
                            "Original Hash Batches": 1,
                            "Peak Memory Usage": 21216,
                            "Plans": [
                              {
                                "Node Type": "Bitmap Heap Scan",
                                "Parent Relationship": "Outer",
                                "Parallel Aware": true,
                                "Relation Name": "movie_companies",
                                "Alias": "mc",
                                "Startup Cost": 8172.94,
                                "Total Cost": 30309.25,
                                "Plan Rows": 113269,
                                "Plan Width": 4,
                                "Actual Startup Time": 31.229,
                                "Actual Total Time": 75.67,
                                "Actual Rows": 192506,
                                "Actual Loops": 2,
                                "Recheck Cond": "(company_id > 83684)",
                                "Rows Removed by Index Recheck": 0,
                                "Filter": "(company_type_id = 2)",
                                "Rows Removed by Filter": 0,
                                "Exact Heap Blocks": 4008,
                                "Lossy Heap Blocks": 0,
                                "Plans": [
                                  {
                                    "Node Type": "Bitmap Index Scan",
                                    "Parent Relationship": "Outer",
                                    "Parallel Aware": false,
                                    "Index Name": "company_id_movie_companies",
                                    "Startup Cost": 0.0,
                                    "Total Cost": 8124.8,
                                    "Plan Rows": 379249,
                                    "Plan Width": 0,
                                    "Actual Startup Time": 31.915,
                                    "Actual Total Time": 31.916,
                                    "Actual Rows": 385013,
                                    "Actual Loops": 1,
                                    "Index Cond": "(company_id > 83684)"
                                  }
                                ]
                              }
                            ]
                          }
                        ]
                      }
                    ]
                  }
                ]
              }
            ]
          }
        ]
      }
    ]
  },
  "Planning Time": 1.077,
  "Triggers": [],
  "Execution Time": 3443.323
}