{
    "Plan": {
        "Node Type": "Aggregate",
        "Strategy": "Plain",
        "Partial Mode": "Finalize",
        "Parallel Aware": false,
        "Startup Cost": 643488.57,
        "Total Cost": 643488.58,
        "Plan Rows": 1,
        "Plan Width": 8,
        "Actual Startup Time": 3059.55,
        "Actual Total Time": 3156.297,
        "Actual Rows": 1,
        "Actual Loops": 1,
        "Output": [
            "count(*)"
        ],
        "Plans": [
            {
                "Node Type": "Gather",
                "Parent Relationship": "Outer",
                "Parallel Aware": false,
                "Startup Cost": 643488.15,
                "Total Cost": 643488.56,
                "Plan Rows": 4,
                "Plan Width": 8,
                "Actual Startup Time": 3001.315,
                "Actual Total Time": 3156.28,
                "Actual Rows": 5,
                "Actual Loops": 1,
                "Output": [
                    "(PARTIAL count(*))"
                ],
                "Workers Planned": 4,
                "Workers Launched": 4,
                "Single Copy": false,
                "Plans": [
                    {
                        "Node Type": "Aggregate",
                        "Strategy": "Plain",
                        "Partial Mode": "Partial",
                        "Parent Relationship": "Outer",
                        "Parallel Aware": false,
                        "Startup Cost": 642488.15,
                        "Total Cost": 642488.16,
                        "Plan Rows": 1,
                        "Plan Width": 8,
                        "Actual Startup Time": 2956.352,
                        "Actual Total Time": 2956.361,
                        "Actual Rows": 1,
                        "Actual Loops": 5,
                        "Output": [
                            "PARTIAL count(*)"
                        ],
                        "Workers": [
                            {
                                "Worker Number": 0,
                                "Actual Startup Time": 2952.039,
                                "Actual Total Time": 2952.045,
                                "Actual Rows": 1,
                                "Actual Loops": 1
                            },
                            {
                                "Worker Number": 1,
                                "Actual Startup Time": 2943.283,
                                "Actual Total Time": 2943.288,
                                "Actual Rows": 1,
                                "Actual Loops": 1
                            },
                            {
                                "Worker Number": 2,
                                "Actual Startup Time": 2943.279,
                                "Actual Total Time": 2943.286,
                                "Actual Rows": 1,
                                "Actual Loops": 1
                            },
                            {
                                "Worker Number": 3,
                                "Actual Startup Time": 2943.28,
                                "Actual Total Time": 2943.286,
                                "Actual Rows": 1,
                                "Actual Loops": 1
                            }
                        ],
                        "Plans": [
                            {
                                "Node Type": "Hash Join",
                                "Parent Relationship": "Outer",
                                "Parallel Aware": true,
                                "Join Type": "Inner",
                                "Startup Cost": 597458.2,
                                "Total Cost": 641794.52,
                                "Plan Rows": 277452,
                                "Plan Width": 0,
                                "Actual Startup Time": 2569.39,
                                "Actual Total Time": 2924.28,
                                "Actual Rows": 524896,
                                "Actual Loops": 5,
                                "Inner Unique": false,
                                "Hash Cond": "(t.id = ci.movie_id)",
                                "Workers": [
                                    {
                                        "Worker Number": 0,
                                        "Actual Startup Time": 2557.94,
                                        "Actual Total Time": 2918.509,
                                        "Actual Rows": 495040,
                                        "Actual Loops": 1
                                    },
                                    {
                                        "Worker Number": 1,
                                        "Actual Startup Time": 2558.295,
                                        "Actual Total Time": 2910.133,
                                        "Actual Rows": 490135,
                                        "Actual Loops": 1
                                    },
                                    {
                                        "Worker Number": 2,
                                        "Actual Startup Time": 2558.229,
                                        "Actual Total Time": 2910.275,
                                        "Actual Rows": 481884,
                                        "Actual Loops": 1
                                    },
                                    {
                                        "Worker Number": 3,
                                        "Actual Startup Time": 2558.098,
                                        "Actual Total Time": 2910.166,
                                        "Actual Rows": 474727,
                                        "Actual Loops": 1
                                    }
                                ],
                                "Plans": [
                                    {
                                        "Node Type": "Hash Join",
                                        "Parent Relationship": "Outer",
                                        "Parallel Aware": true,
                                        "Join Type": "Inner",
                                        "Startup Cost": 77899.38,
                                        "Total Cost": 121189.16,
                                        "Plan Rows": 58412,
                                        "Plan Width": 8,
                                        "Actual Startup Time": 318.693,
                                        "Actual Total Time": 500.299,
                                        "Actual Rows": 47342,
                                        "Actual Loops": 5,
                                        "Output": [
                                            "t.id",
                                            "mc.movie_id"
                                        ],
                                        "Inner Unique": false,
                                        "Hash Cond": "(t.id = mc.movie_id)",
                                        "Workers": [
                                            {
                                                "Worker Number": 0,
                                                "Actual Startup Time": 318.726,
                                                "Actual Total Time": 497.869,
                                                "Actual Rows": 44920,
                                                "Actual Loops": 1
                                            },
                                            {
                                                "Worker Number": 1,
                                                "Actual Startup Time": 318.836,
                                                "Actual Total Time": 497.716,
                                                "Actual Rows": 44681,
                                                "Actual Loops": 1
                                            },
                                            {
                                                "Worker Number": 2,
                                                "Actual Startup Time": 318.792,
                                                "Actual Total Time": 499.48,
                                                "Actual Rows": 43542,
                                                "Actual Loops": 1
                                            },
                                            {
                                                "Worker Number": 3,
                                                "Actual Startup Time": 318.659,
                                                "Actual Total Time": 498.086,
                                                "Actual Rows": 42235,
                                                "Actual Loops": 1
                                            }
                                        ],
                                        "Plans": [
                                            {
                                                "Node Type": "Bitmap Heap Scan",
                                                "Parent Relationship": "Outer",
                                                "Parallel Aware": true,
                                                "Relation Name": "title",
                                                "Schema": "public",
                                                "Alias": "t",
                                                "Startup Cost": 27591.75,
                                                "Total Cost": 69337.89,
                                                "Plan Rows": 271042,
                                                "Plan Width": 4,
                                                "Actual Startup Time": 125.88,
                                                "Actual Total Time": 221.048,
                                                "Actual Rows": 208844,
                                                "Actual Loops": 5,
                                                "Output": [
                                                    "t.id",
                                                    "t.title",
                                                    "t.imdb_index",
                                                    "t.kind_id",
                                                    "t.production_year",
                                                    "t.imdb_id",
                                                    "t.phonetic_code",
                                                    "t.episode_of_id",
                                                    "t.season_nr",
                                                    "t.episode_nr",
                                                    "t.series_years",
                                                    "t.md5sum"
                                                ],
                                                "Recheck Cond": "(t.kind_id = 7)",
                                                "Rows Removed by Index Recheck": 0,
                                                "Filter": "(t.production_year < 2009)",
                                                "Rows Removed by Filter": 99808,
                                                "Exact Heap Blocks": 6392,
                                                "Lossy Heap Blocks": 0,
                                                "Workers": [
                                                    {
                                                        "Worker Number": 0,
                                                        "Actual Startup Time": 125.958,
                                                        "Actual Total Time": 222.108,
                                                        "Actual Rows": 198614,
                                                        "Actual Loops": 1
                                                    },
                                                    {
                                                        "Worker Number": 1,
                                                        "Actual Startup Time": 126.023,
                                                        "Actual Total Time": 222.027,
                                                        "Actual Rows": 195661,
                                                        "Actual Loops": 1
                                                    },
                                                    {
                                                        "Worker Number": 2,
                                                        "Actual Startup Time": 125.957,
                                                        "Actual Total Time": 220.82,
                                                        "Actual Rows": 192112,
                                                        "Actual Loops": 1
                                                    },
                                                    {
                                                        "Worker Number": 3,
                                                        "Actual Startup Time": 125.872,
                                                        "Actual Total Time": 220.603,
                                                        "Actual Rows": 187296,
                                                        "Actual Loops": 1
                                                    }
                                                ],
                                                "Plans": [
                                                    {
                                                        "Node Type": "Bitmap Index Scan",
                                                        "Parent Relationship": "Outer",
                                                        "Parallel Aware": false,
                                                        "Index Name": "kind_id_title",
                                                        "Startup Cost": 0.0,
                                                        "Total Cost": 27320.71,
                                                        "Plan Rows": 1532837,
                                                        "Plan Width": 0,
                                                        "Actual Startup Time": 121.951,
                                                        "Actual Total Time": 121.953,
                                                        "Actual Rows": 1543264,
                                                        "Actual Loops": 1,
                                                        "Index Cond": "(t.kind_id = 7)"
                                                    }
                                                ]
                                            },
                                            {
                                                "Node Type": "Hash",
                                                "Parent Relationship": "Inner",
                                                "Parallel Aware": true,
                                                "Startup Cost": 48110.54,
                                                "Total Cost": 48110.54,
                                                "Plan Rows": 175767,
                                                "Plan Width": 4,
                                                "Actual Startup Time": 191.906,
                                                "Actual Total Time": 191.908,
                                                "Actual Rows": 151510,
                                                "Actual Loops": 5,
                                                "Output": [
                                                    "mc.movie_id"
                                                ],
                                                "Hash Buckets": 1048576,
                                                "Original Hash Buckets": 1048576,
                                                "Hash Batches": 1,
                                                "Original Hash Batches": 1,
                                                "Peak Memory Usage": 37888,
                                                "Workers": [
                                                    {
                                                        "Worker Number": 0,
                                                        "Actual Startup Time": 192.687,
                                                        "Actual Total Time": 192.689,
                                                        "Actual Rows": 132537,
                                                        "Actual Loops": 1
                                                    },
                                                    {
                                                        "Worker Number": 1,
                                                        "Actual Startup Time": 192.659,
                                                        "Actual Total Time": 192.659,
                                                        "Actual Rows": 131423,
                                                        "Actual Loops": 1
                                                    },
                                                    {
                                                        "Worker Number": 2,
                                                        "Actual Startup Time": 192.66,
                                                        "Actual Total Time": 192.662,
                                                        "Actual Rows": 133184,
                                                        "Actual Loops": 1
                                                    },
                                                    {
                                                        "Worker Number": 3,
                                                        "Actual Startup Time": 192.668,
                                                        "Actual Total Time": 192.67,
                                                        "Actual Rows": 130573,
                                                        "Actual Loops": 1
                                                    }
                                                ],
                                                "Plans": [
                                                    {
                                                        "Node Type": "Bitmap Heap Scan",
                                                        "Parent Relationship": "Outer",
                                                        "Parallel Aware": true,
                                                        "Relation Name": "movie_companies",
                                                        "Schema": "public",
                                                        "Alias": "mc",
                                                        "Startup Cost": 23941.76,
                                                        "Total Cost": 48110.54,
                                                        "Plan Rows": 175767,
                                                        "Plan Width": 4,
                                                        "Actual Startup Time": 53.103,
                                                        "Actual Total Time": 142.006,
                                                        "Actual Rows": 151510,
                                                        "Actual Loops": 5,
                                                        "Output": [
                                                            "mc.movie_id"
                                                        ],
                                                        "Recheck Cond": "(mc.company_id < 7848)",
                                                        "Rows Removed by Index Recheck": 0,
                                                        "Filter": "(mc.company_type_id < 2)",
                                                        "Rows Removed by Filter": 71112,
                                                        "Exact Heap Blocks": 5100,
                                                        "Lossy Heap Blocks": 0,
                                                        "Workers": [
                                                            {
                                                                "Worker Number": 0,
                                                                "Actual Startup Time": 53.215,
                                                                "Actual Total Time": 141.238,
                                                                "Actual Rows": 132537,
                                                                "Actual Loops": 1
                                                            },
                                                            {
                                                                "Worker Number": 1,
                                                                "Actual Startup Time": 53.3,
                                                                "Actual Total Time": 141.486,
                                                                "Actual Rows": 131423,
                                                                "Actual Loops": 1
                                                            },
                                                            {
                                                                "Worker Number": 2,
                                                                "Actual Startup Time": 53.121,
                                                                "Actual Total Time": 142.42,
                                                                "Actual Rows": 133184,
                                                                "Actual Loops": 1
                                                            },
                                                            {
                                                                "Worker Number": 3,
                                                                "Actual Startup Time": 53.025,
                                                                "Actual Total Time": 142.562,
                                                                "Actual Rows": 130573,
                                                                "Actual Loops": 1
                                                            }
                                                        ],
                                                        "Plans": [
                                                            {
                                                                "Node Type": "Bitmap Index Scan",
                                                                "Parent Relationship": "Outer",
                                                                "Parallel Aware": false,
                                                                "Index Name": "company_id_movie_companies",
                                                                "Startup Cost": 0.0,
                                                                "Total Cost": 23805.54,
                                                                "Plan Rows": 1111615,
                                                                "Plan Width": 0,
                                                                "Actual Startup Time": 50.058,
                                                                "Actual Total Time": 50.058,
                                                                "Actual Rows": 1113113,
                                                                "Actual Loops": 1,
                                                                "Index Cond": "(mc.company_id < 7848)"
                                                            }
                                                        ]
                                                    }
                                                ]
                                            }
                                        ]
                                    },
                                    {
                                        "Node Type": "Hash",
                                        "Parent Relationship": "Inner",
                                        "Parallel Aware": true,
                                        "Startup Cost": 494539.37,
                                        "Total Cost": 494539.37,
                                        "Plan Rows": 2001556,
                                        "Plan Width": 4,
                                        "Actual Startup Time": 2226.397,
                                        "Actual Total Time": 2226.398,
                                        "Actual Rows": 2422729,
                                        "Actual Loops": 5,
                                        "Output": [
                                            "ci.movie_id"
                                        ],
                                        "Hash Buckets": 16777216,
                                        "Original Hash Buckets": 16777216,
                                        "Hash Batches": 1,
                                        "Original Hash Batches": 1,
                                        "Peak Memory Usage": 605024,
                                        "Workers": [
                                            {
                                                "Worker Number": 0,
                                                "Actual Startup Time": 2238.55,
                                                "Actual Total Time": 2238.551,
                                                "Actual Rows": 2265797,
                                                "Actual Loops": 1
                                            },
                                            {
                                                "Worker Number": 1,
                                                "Actual Startup Time": 2238.791,
                                                "Actual Total Time": 2238.792,
                                                "Actual Rows": 2287407,
                                                "Actual Loops": 1
                                            },
                                            {
                                                "Worker Number": 2,
                                                "Actual Startup Time": 2238.721,
                                                "Actual Total Time": 2238.722,
                                                "Actual Rows": 2281789,
                                                "Actual Loops": 1
                                            },
                                            {
                                                "Worker Number": 3,
                                                "Actual Startup Time": 2238.704,
                                                "Actual Total Time": 2238.704,
                                                "Actual Rows": 2248039,
                                                "Actual Loops": 1
                                            }
                                        ],
                                        "Plans": [
                                            {
                                                "Node Type": "Bitmap Heap Scan",
                                                "Parent Relationship": "Outer",
                                                "Parallel Aware": true,
                                                "Relation Name": "cast_info",
                                                "Schema": "public",
                                                "Alias": "ci",
                                                "Startup Cost": 216832.92,
                                                "Total Cost": 494539.37,
                                                "Plan Rows": 2001556,
                                                "Plan Width": 4,
                                                "Actual Startup Time": 413.886,
                                                "Actual Total Time": 986.313,
                                                "Actual Rows": 2422729,
                                                "Actual Loops": 5,
                                                "Output": [
                                                    "ci.movie_id"
                                                ],
                                                "Recheck Cond": "(ci.role_id > 3)",
                                                "Rows Removed by Index Recheck": 0,
                                                "Exact Heap Blocks": 21853,
                                                "Lossy Heap Blocks": 0,
                                                "Workers": [
                                                    {
                                                        "Worker Number": 0,
                                                        "Actual Startup Time": 413.842,
                                                        "Actual Total Time": 993.131,
                                                        "Actual Rows": 2265797,
                                                        "Actual Loops": 1
                                                    },
                                                    {
                                                        "Worker Number": 1,
                                                        "Actual Startup Time": 413.911,
                                                        "Actual Total Time": 993.564,
                                                        "Actual Rows": 2287407,
                                                        "Actual Loops": 1
                                                    },
                                                    {
                                                        "Worker Number": 2,
                                                        "Actual Startup Time": 414.046,
                                                        "Actual Total Time": 994.887,
                                                        "Actual Rows": 2281789,
                                                        "Actual Loops": 1
                                                    },
                                                    {
                                                        "Worker Number": 3,
                                                        "Actual Startup Time": 414.052,
                                                        "Actual Total Time": 991.506,
                                                        "Actual Rows": 2248039,
                                                        "Actual Loops": 1
                                                    }
                                                ],
                                                "Plans": [
                                                    {
                                                        "Node Type": "Bitmap Index Scan",
                                                        "Parent Relationship": "Outer",
                                                        "Parallel Aware": false,
                                                        "Index Name": "role_id_cast_info",
                                                        "Startup Cost": 0.0,
                                                        "Total Cost": 213830.58,
                                                        "Plan Rows": 12009336,
                                                        "Plan Width": 0,
                                                        "Actual Startup Time": 398.438,
                                                        "Actual Total Time": 398.438,
                                                        "Actual Rows": 12113646,
                                                        "Actual Loops": 1,
                                                        "Index Cond": "(ci.role_id > 3)"
                                                    }
                                                ]
                                            }
                                        ]
                                    }
                                ]
                            }
                        ]
                    }
                ]
            }
        ]
    },
    "Planning Time": 4.26,
    "Triggers": [],
    "Execution Time": 3156.931
}