[
  {
    "Plan": {
      "Node Type": "Aggregate",
      "Strategy": "Plain",
      "Partial Mode": "Finalize",
      "Parallel Aware": false,
      "Startup Cost": 120669.77,
      "Total Cost": 120669.78,
      "Plan Rows": 1,
      "Plan Width": 8,
      "Actual Startup Time": 61.109,
      "Actual Total Time": 68.539,
      "Actual Rows": 1,
      "Actual Loops": 1,
      "Plans": [
        {
          "Node Type": "Gather",
          "Parent Relationship": "Outer",
          "Parallel Aware": false,
          "Startup Cost": 120669.35,
          "Total Cost": 120669.76,
          "Plan Rows": 4,
          "Plan Width": 8,
          "Actual Startup Time": 60.925,
          "Actual Total Time": 68.531,
          "Actual Rows": 5,
          "Actual Loops": 1,
          "Workers Planned": 4,
          "Workers Launched": 4,
          "Single Copy": false,
          "Plans": [
            {
              "Node Type": "Aggregate",
              "Strategy": "Plain",
              "Partial Mode": "Partial",
              "Parent Relationship": "Outer",
              "Parallel Aware": false,
              "Startup Cost": 119669.35,
              "Total Cost": 119669.36,
              "Plan Rows": 1,
              "Plan Width": 8,
              "Actual Startup Time": 50.191,
              "Actual Total Time": 50.192,
              "Actual Rows": 1,
              "Actual Loops": 5,
              "Plans": [
                {
                  "Node Type": "Nested Loop",
                  "Parent Relationship": "Outer",
                  "Parallel Aware": false,
                  "Join Type": "Inner",
                  "Startup Cost": 601.18,
                  "Total Cost": 119660.18,
                  "Plan Rows": 3670,
                  "Plan Width": 0,
                  "Actual Startup Time": 43.929,
                  "Actual Total Time": 50.185,
                  "Actual Rows": 14,
                  "Actual Loops": 5,
                  "Inner Unique": false,
                  "Plans": [
                    {
                      "Node Type": "Nested Loop",
                      "Parent Relationship": "Outer",
                      "Parallel Aware": false,
                      "Join Type": "Inner",
                      "Startup Cost": 600.75,
                      "Total Cost": 117272.5,
                      "Plan Rows": 3556,
                      "Plan Width": 8,
                      "Actual Startup Time": 43.896,
                      "Actual Total Time": 50.11,
                      "Actual Rows": 2,
                      "Actual Loops": 5,
                      "Inner Unique": true,
                      "Plans": [
                        {
                          "Node Type": "Bitmap Heap Scan",
                          "Parent Relationship": "Outer",
                          "Parallel Aware": true,
                          "Relation Name": "movie_info",
                          "Alias": "mi",
                          "Startup Cost": 600.32,
                          "Total Cost": 81898.52,
                          "Plan Rows": 8254,
                          "Plan Width": 4,
                          "Actual Startup Time": 2.447,
                          "Actual Total Time": 8.802,
                          "Actual Rows": 6411,
                          "Actual Loops": 5,
                          "Recheck Cond": "(info_type_id > 108)",
                          "Rows Removed by Index Recheck": 0,
                          "Exact Heap Blocks": 1459,
                          "Lossy Heap Blocks": 0,
                          "Plans": [
                            {
                              "Node Type": "Bitmap Index Scan",
                              "Parent Relationship": "Outer",
                              "Parallel Aware": false,
                              "Index Name": "info_type_id_movie_info",
                              "Startup Cost": 0.0,
                              "Total Cost": 592.06,
                              "Plan Rows": 33017,
                              "Plan Width": 0,
                              "Actual Startup Time": 9.864,
                              "Actual Total Time": 9.864,
                              "Actual Rows": 32053,
                              "Actual Loops": 1,
                              "Index Cond": "(info_type_id > 108)"
                            }
                          ]
                        },
                        {
                          "Node Type": "Index Scan",
                          "Parent Relationship": "Inner",
                          "Parallel Aware": false,
                          "Scan Direction": "Forward",
                          "Index Name": "title_pkey",
                          "Relation Name": "title",
                          "Alias": "t",
                          "Startup Cost": 0.43,
                          "Total Cost": 4.29,
                          "Plan Rows": 1,
                          "Plan Width": 4,
                          "Actual Startup Time": 0.006,
                          "Actual Total Time": 0.006,
                          "Actual Rows": 0,
                          "Actual Loops": 32053,
                          "Index Cond": "(id = mi.movie_id)",
                          "Rows Removed by Index Recheck": 0,
                          "Filter": "((production_year < 2009) AND (kind_id = 7))",
                          "Rows Removed by Filter": 1
                        }
                      ]
                    },
                    {
                      "Node Type": "Index Only Scan",
                      "Parent Relationship": "Inner",
                      "Parallel Aware": false,
                      "Scan Direction": "Forward",
                      "Index Name": "movie_id_movie_companies",
                      "Relation Name": "movie_companies",
                      "Alias": "mc",
                      "Startup Cost": 0.43,
                      "Total Cost": 0.62,
                      "Plan Rows": 5,
                      "Plan Width": 4,
                      "Actual Startup Time": 0.035,
                      "Actual Total Time": 0.044,
                      "Actual Rows": 9,
                      "Actual Loops": 8,
                      "Index Cond": "(movie_id = t.id)",
                      "Rows Removed by Index Recheck": 0,
                      "Heap Fetches": 71
                    }
                  ]
                }
              ]
            }
          ]
        }
      ]
    },
    "Planning Time": 1.467,
    "Triggers": [],
    "Execution Time": 68.642
  }
]