[
    {
        "Bao": {
            "Bao prediction": "NaN",
            "Bao recommended hint": "(no hint)"
        }
    },
    {
        "Plan": {
            "Node Type": "Aggregate",
            "Strategy": "Plain",
            "Partial Mode": "Finalize",
            "Parallel Aware": false,
            "Startup Cost": 349310.39,
            "Total Cost": 349310.4,
            "Plan Rows": 1,
            "Plan Width": 8,
            "Actual Startup Time": 861.74,
            "Actual Total Time": 898.734,
            "Actual Rows": 1,
            "Actual Loops": 1,
            "Output": [
                "count(*)"
            ],
            "Plans": [
                {
                    "Node Type": "Gather",
                    "Parent Relationship": "Outer",
                    "Parallel Aware": false,
                    "Startup Cost": 349309.77,
                    "Total Cost": 349310.38,
                    "Plan Rows": 6,
                    "Plan Width": 8,
                    "Actual Startup Time": 861.62,
                    "Actual Total Time": 898.723,
                    "Actual Rows": 7,
                    "Actual Loops": 1,
                    "Output": [
                        "(PARTIAL count(*))"
                    ],
                    "Workers Planned": 6,
                    "Workers Launched": 6,
                    "Single Copy": false,
                    "Plans": [
                        {
                            "Node Type": "Aggregate",
                            "Strategy": "Plain",
                            "Partial Mode": "Partial",
                            "Parent Relationship": "Outer",
                            "Parallel Aware": false,
                            "Startup Cost": 348309.77,
                            "Total Cost": 348309.78,
                            "Plan Rows": 1,
                            "Plan Width": 8,
                            "Actual Startup Time": 851.661,
                            "Actual Total Time": 851.663,
                            "Actual Rows": 1,
                            "Actual Loops": 7,
                            "Output": [
                                "PARTIAL count(*)"
                            ],
                            "Workers": [
                                {
                                    "Worker Number": 0,
                                    "Actual Startup Time": 849.391,
                                    "Actual Total Time": 849.393,
                                    "Actual Rows": 1,
                                    "Actual Loops": 1
                                },
                                {
                                    "Worker Number": 1,
                                    "Actual Startup Time": 849.567,
                                    "Actual Total Time": 849.569,
                                    "Actual Rows": 1,
                                    "Actual Loops": 1
                                },
                                {
                                    "Worker Number": 2,
                                    "Actual Startup Time": 850.148,
                                    "Actual Total Time": 850.149,
                                    "Actual Rows": 1,
                                    "Actual Loops": 1
                                },
                                {
                                    "Worker Number": 3,
                                    "Actual Startup Time": 850.173,
                                    "Actual Total Time": 850.174,
                                    "Actual Rows": 1,
                                    "Actual Loops": 1
                                },
                                {
                                    "Worker Number": 4,
                                    "Actual Startup Time": 850.172,
                                    "Actual Total Time": 850.174,
                                    "Actual Rows": 1,
                                    "Actual Loops": 1
                                },
                                {
                                    "Worker Number": 5,
                                    "Actual Startup Time": 850.999,
                                    "Actual Total Time": 851.0,
                                    "Actual Rows": 1,
                                    "Actual Loops": 1
                                }
                            ],
                            "Plans": [
                                {
                                    "Node Type": "Seq Scan",
                                    "Parent Relationship": "Outer",
                                    "Parallel Aware": true,
                                    "Relation Name": "cast_info",
                                    "Schema": "public",
                                    "Alias": "ci",
                                    "Startup Cost": 0.0,
                                    "Total Cost": 343318.94,
                                    "Plan Rows": 1996330,
                                    "Plan Width": 0,
                                    "Actual Startup Time": 378.047,
                                    "Actual Total Time": 742.625,
                                    "Actual Rows": 1934039,
                                    "Actual Loops": 7,
                                    "Output": [
                                        "id",
                                        "person_id",
                                        "movie_id",
                                        "person_role_id",
                                        "note",
                                        "nr_order",
                                        "role_id"
                                    ],
                                    "Filter": "((ci.person_id > 904481) AND (ci.role_id > 2))",
                                    "Rows Removed by Filter": 3243725,
                                    "Workers": [
                                        {
                                            "Worker Number": 0,
                                            "Actual Startup Time": 375.79,
                                            "Actual Total Time": 742.061,
                                            "Actual Rows": 1619694,
                                            "Actual Loops": 1
                                        },
                                        {
                                            "Worker Number": 1,
                                            "Actual Startup Time": 375.968,
                                            "Actual Total Time": 742.138,
                                            "Actual Rows": 1618416,
                                            "Actual Loops": 1
                                        },
                                        {
                                            "Worker Number": 2,
                                            "Actual Startup Time": 376.512,
                                            "Actual Total Time": 743.84,
                                            "Actual Rows": 1602174,
                                            "Actual Loops": 1
                                        },
                                        {
                                            "Worker Number": 3,
                                            "Actual Startup Time": 376.558,
                                            "Actual Total Time": 745.618,
                                            "Actual Rows": 2571077,
                                            "Actual Loops": 1
                                        },
                                        {
                                            "Worker Number": 4,
                                            "Actual Startup Time": 376.555,
                                            "Actual Total Time": 744.252,
                                            "Actual Rows": 1598078,
                                            "Actual Loops": 1
                                        },
                                        {
                                            "Worker Number": 5,
                                            "Actual Startup Time": 377.384,
                                            "Actual Total Time": 743.155,
                                            "Actual Rows": 2516828,
                                            "Actual Loops": 1
                                        }
                                    ]
                                }
                            ]
                        }
                    ]
                }
            ]
        },
        "Planning Time": 301.043,
        "Triggers": [],
        "Execution Time": 898.801
    }
]