[
  {
    "Plan": {
      "Node Type": "Aggregate",
      "Strategy": "Plain",
      "Partial Mode": "Finalize",
      "Parallel Aware": false,
      "Startup Cost": 365532.55,
      "Total Cost": 365532.56,
      "Plan Rows": 1,
      "Plan Width": 8,
      "Actual Startup Time": 1761.535,
      "Actual Total Time": 1847.16,
      "Actual Rows": 1,
      "Actual Loops": 1,
      "Plans": [
        {
          "Node Type": "Gather",
          "Parent Relationship": "Outer",
          "Parallel Aware": false,
          "Startup Cost": 365532.23,
          "Total Cost": 365532.54,
          "Plan Rows": 3,
          "Plan Width": 8,
          "Actual Startup Time": 1757.317,
          "Actual Total Time": 1847.145,
          "Actual Rows": 4,
          "Actual Loops": 1,
          "Workers Planned": 3,
          "Workers Launched": 3,
          "Single Copy": false,
          "Plans": [
            {
              "Node Type": "Aggregate",
              "Strategy": "Plain",
              "Partial Mode": "Partial",
              "Parent Relationship": "Outer",
              "Parallel Aware": false,
              "Startup Cost": 364532.23,
              "Total Cost": 364532.24,
              "Plan Rows": 1,
              "Plan Width": 8,
              "Actual Startup Time": 1748.805,
              "Actual Total Time": 1748.811,
              "Actual Rows": 1,
              "Actual Loops": 4,
              "Plans": [
                {
                  "Node Type": "Nested Loop",
                  "Parent Relationship": "Outer",
                  "Parallel Aware": false,
                  "Join Type": "Inner",
                  "Startup Cost": 48667.28,
                  "Total Cost": 362822.08,
                  "Plan Rows": 684063,
                  "Plan Width": 0,
                  "Actual Startup Time": 215.92,
                  "Actual Total Time": 1708.871,
                  "Actual Rows": 670445,
                  "Actual Loops": 4,
                  "Inner Unique": false,
                  "Plans": [
                    {
                      "Node Type": "Hash Join",
                      "Parent Relationship": "Outer",
                      "Parallel Aware": true,
                      "Join Type": "Inner",
                      "Startup Cost": 48666.71,
                      "Total Cost": 80686.74,
                      "Plan Rows": 92998,
                      "Plan Width": 8,
                      "Actual Startup Time": 215.801,
                      "Actual Total Time": 379.624,
                      "Actual Rows": 56226,
                      "Actual Loops": 4,
                      "Inner Unique": true,
                      "Hash Cond": "(mc.movie_id = t.id)",
                      "Plans": [
                        {
                          "Node Type": "Seq Scan",
                          "Parent Relationship": "Outer",
                          "Parallel Aware": true,
                          "Relation Name": "movie_companies",
                          "Alias": "mc",
                          "Startup Cost": 0.0,
                          "Total Cost": 31414.82,
                          "Plan Rows": 230555,
                          "Plan Width": 4,
                          "Actual Startup Time": 0.01,
                          "Actual Total Time": 78.483,
                          "Actual Rows": 249820,
                          "Actual Loops": 4,
                          "Filter": "((company_id < 13351) AND (company_type_id < 2))",
                          "Rows Removed by Filter": 402462
                        },
                        {
                          "Node Type": "Hash",
                          "Parent Relationship": "Inner",
                          "Parallel Aware": true,
                          "Startup Cost": 45479.59,
                          "Total Cost": 45479.59,
                          "Plan Rows": 254970,
                          "Plan Width": 4,
                          "Actual Startup Time": 210.824,
                          "Actual Total Time": 210.825,
                          "Actual Rows": 240028,
                          "Actual Loops": 4,
                          "Hash Buckets": 1048576,
                          "Original Hash Buckets": 1048576,
                          "Hash Batches": 1,
                          "Original Hash Batches": 1,
                          "Peak Memory Usage": 45824,
                          "Plans": [
                            {
                              "Node Type": "Seq Scan",
                              "Parent Relationship": "Outer",
                              "Parallel Aware": true,
                              "Relation Name": "title",
                              "Alias": "t",
                              "Startup Cost": 0.0,
                              "Total Cost": 45479.59,
                              "Plan Rows": 254970,
                              "Plan Width": 4,
                              "Actual Startup Time": 0.042,
                              "Actual Total Time": 116.074,
                              "Actual Rows": 240028,
                              "Actual Loops": 4,
                              "Filter": "((production_year < 2008) AND (kind_id = 7))",
                              "Rows Removed by Filter": 392050
                            }
                          ]
                        }
                      ]
                    },
                    {
                      "Node Type": "Index Scan",
                      "Parent Relationship": "Inner",
                      "Parallel Aware": false,
                      "Scan Direction": "Forward",
                      "Index Name": "movie_id_cast_info",
                      "Relation Name": "cast_info",
                      "Alias": "ci",
                      "Startup Cost": 0.56,
                      "Total Cost": 2.85,
                      "Plan Rows": 18,
                      "Plan Width": 4,
                      "Actual Startup Time": 0.007,
                      "Actual Total Time": 0.022,
                      "Actual Rows": 12,
                      "Actual Loops": 224904,
                      "Index Cond": "(movie_id = t.id)",
                      "Rows Removed by Index Recheck": 0,
                      "Filter": "((person_id > 825497) AND (role_id < 4))",
                      "Rows Removed by Filter": 16
                    }
                  ]
                }
              ]
            }
          ]
        }
      ]
    },
    "Planning Time": 1.454,
    "Triggers": [],
    "Execution Time": 1847.326
  }
]