{
  "Plan": {
    "Node Type": "Aggregate",
    "Strategy": "Plain",
    "Partial Mode": "Finalize",
    "Parallel Aware": false,
    "Startup Cost": 60327.67,
    "Total Cost": 60327.68,
    "Plan Rows": 1,
    "Plan Width": 8,
    "Actual Startup Time": 152.222,
    "Actual Total Time": 165.613,
    "Actual Rows": 1,
    "Actual Loops": 1,
    "Plans": [
      {
        "Node Type": "Gather",
        "Parent Relationship": "Outer",
        "Parallel Aware": false,
        "Startup Cost": 60327.56,
        "Total Cost": 60327.67,
        "Plan Rows": 1,
        "Plan Width": 8,
        "Actual Startup Time": 152.068,
        "Actual Total Time": 165.605,
        "Actual Rows": 2,
        "Actual Loops": 1,
        "Workers Planned": 1,
        "Workers Launched": 1,
        "Single Copy": false,
        "Plans": [
          {
            "Node Type": "Aggregate",
            "Strategy": "Plain",
            "Partial Mode": "Partial",
            "Parent Relationship": "Outer",
            "Parallel Aware": false,
            "Startup Cost": 59327.56,
            "Total Cost": 59327.57,
            "Plan Rows": 1,
            "Plan Width": 8,
            "Actual Startup Time": 146.099,
            "Actual Total Time": 146.101,
            "Actual Rows": 1,
            "Actual Loops": 2,
            "Plans": [
              {
                "Node Type": "Nested Loop",
                "Parent Relationship": "Outer",
                "Parallel Aware": false,
                "Join Type": "Inner",
                "Startup Cost": 0.56,
                "Total Cost": 59327.49,
                "Plan Rows": 27,
                "Plan Width": 0,
                "Actual Startup Time": 96.841,
                "Actual Total Time": 146.081,
                "Actual Rows": 42,
                "Actual Loops": 2,
                "Inner Unique": false,
                "Plans": [
                  {
                    "Node Type": "Seq Scan",
                    "Parent Relationship": "Outer",
                    "Parallel Aware": true,
                    "Relation Name": "title",
                    "Alias": "t",
                    "Startup Cost": 0.0,
                    "Total Cost": 54588.39,
                    "Plan Rows": 31,
                    "Plan Width": 4,
                    "Actual Startup Time": 95.321,
                    "Actual Total Time": 138.978,
                    "Actual Rows": 518,
                    "Actual Loops": 2,
                    "Filter": "(production_year < 1897)",
                    "Rows Removed by Filter": 1263638
                  },
                  {
                    "Node Type": "Index Scan",
                    "Parent Relationship": "Inner",
                    "Parallel Aware": false,
                    "Scan Direction": "Forward",
                    "Index Name": "movie_id_cast_info",
                    "Relation Name": "cast_info",
                    "Alias": "ci",
                    "Startup Cost": 0.56,
                    "Total Cost": 152.85,
                    "Plan Rows": 2,
                    "Plan Width": 4,
                    "Actual Startup Time": 0.013,
                    "Actual Total Time": 0.013,
                    "Actual Rows": 0,
                    "Actual Loops": 1036,
                    "Index Cond": "(movie_id = t.id)",
                    "Rows Removed by Index Recheck": 0,
                    "Filter": "((person_id < 653289) AND (role_id = 1))",
                    "Rows Removed by Filter": 2
                  }
                ]
              }
            ]
          }
        ]
      }
    ]
  },
  "Planning Time": 0.484,
  "Triggers": [],
  "Execution Time": 165.688
}