[
    {
        "Bao": {
            "Bao prediction": "NaN",
            "Bao recommended hint": "(no hint)"
        }
    },
    {
        "Plan": {
            "Node Type": "Aggregate",
            "Strategy": "Plain",
            "Partial Mode": "Finalize",
            "Parallel Aware": false,
            "Startup Cost": 81787.79,
            "Total Cost": 81787.8,
            "Plan Rows": 1,
            "Plan Width": 8,
            "Actual Startup Time": 394.7,
            "Actual Total Time": 404.579,
            "Actual Rows": 1,
            "Actual Loops": 1,
            "Output": [
                "count(*)"
            ],
            "Plans": [
                {
                    "Node Type": "Gather",
                    "Parent Relationship": "Outer",
                    "Parallel Aware": false,
                    "Startup Cost": 81787.37,
                    "Total Cost": 81787.78,
                    "Plan Rows": 4,
                    "Plan Width": 8,
                    "Actual Startup Time": 388.851,
                    "Actual Total Time": 404.568,
                    "Actual Rows": 5,
                    "Actual Loops": 1,
                    "Output": [
                        "(PARTIAL count(*))"
                    ],
                    "Workers Planned": 4,
                    "Workers Launched": 4,
                    "Single Copy": false,
                    "Plans": [
                        {
                            "Node Type": "Aggregate",
                            "Strategy": "Plain",
                            "Partial Mode": "Partial",
                            "Parent Relationship": "Outer",
                            "Parallel Aware": false,
                            "Startup Cost": 80787.37,
                            "Total Cost": 80787.38,
                            "Plan Rows": 1,
                            "Plan Width": 8,
                            "Actual Startup Time": 380.019,
                            "Actual Total Time": 380.023,
                            "Actual Rows": 1,
                            "Actual Loops": 5,
                            "Output": [
                                "PARTIAL count(*)"
                            ],
                            "Workers": [
                                {
                                    "Worker Number": 0,
                                    "Actual Startup Time": 376.979,
                                    "Actual Total Time": 376.982,
                                    "Actual Rows": 1,
                                    "Actual Loops": 1
                                },
                                {
                                    "Worker Number": 1,
                                    "Actual Startup Time": 378.582,
                                    "Actual Total Time": 378.585,
                                    "Actual Rows": 1,
                                    "Actual Loops": 1
                                },
                                {
                                    "Worker Number": 2,
                                    "Actual Startup Time": 377.853,
                                    "Actual Total Time": 377.855,
                                    "Actual Rows": 1,
                                    "Actual Loops": 1
                                },
                                {
                                    "Worker Number": 3,
                                    "Actual Startup Time": 378.146,
                                    "Actual Total Time": 378.149,
                                    "Actual Rows": 1,
                                    "Actual Loops": 1
                                }
                            ],
                            "Plans": [
                                {
                                    "Node Type": "Hash Join",
                                    "Parent Relationship": "Outer",
                                    "Parallel Aware": true,
                                    "Join Type": "Inner",
                                    "Startup Cost": 34288.14,
                                    "Total Cost": 80342.01,
                                    "Plan Rows": 178146,
                                    "Plan Width": 0,
                                    "Actual Startup Time": 134.832,
                                    "Actual Total Time": 369.659,
                                    "Actual Rows": 196661,
                                    "Actual Loops": 5,
                                    "Inner Unique": false,
                                    "Hash Cond": "(t.id = mc.movie_id)",
                                    "Workers": [
                                        {
                                            "Worker Number": 0,
                                            "Actual Startup Time": 132.0,
                                            "Actual Total Time": 365.76,
                                            "Actual Rows": 151460,
                                            "Actual Loops": 1
                                        },
                                        {
                                            "Worker Number": 1,
                                            "Actual Startup Time": 132.791,
                                            "Actual Total Time": 366.963,
                                            "Actual Rows": 157273,
                                            "Actual Loops": 1
                                        },
                                        {
                                            "Worker Number": 2,
                                            "Actual Startup Time": 132.81,
                                            "Actual Total Time": 367.976,
                                            "Actual Rows": 219655,
                                            "Actual Loops": 1
                                        },
                                        {
                                            "Worker Number": 3,
                                            "Actual Startup Time": 133.1,
                                            "Actual Total Time": 368.401,
                                            "Actual Rows": 216071,
                                            "Actual Loops": 1
                                        }
                                    ],
                                    "Plans": [
                                        {
                                            "Node Type": "Seq Scan",
                                            "Parent Relationship": "Outer",
                                            "Parallel Aware": true,
                                            "Relation Name": "title",
                                            "Schema": "public",
                                            "Alias": "t",
                                            "Startup Cost": 0.0,
                                            "Total Cost": 42318.81,
                                            "Plan Rows": 632080,
                                            "Plan Width": 4,
                                            "Actual Startup Time": 0.014,
                                            "Actual Total Time": 65.306,
                                            "Actual Rows": 505662,
                                            "Actual Loops": 5,
                                            "Output": [
                                                "t.id",
                                                "t.title",
                                                "t.imdb_index",
                                                "t.kind_id",
                                                "t.production_year",
                                                "t.imdb_id",
                                                "t.phonetic_code",
                                                "t.episode_of_id",
                                                "t.season_nr",
                                                "t.episode_nr",
                                                "t.series_years",
                                                "t.md5sum"
                                            ],
                                            "Workers": [
                                                {
                                                    "Worker Number": 0,
                                                    "Actual Startup Time": 0.019,
                                                    "Actual Total Time": 73.348,
                                                    "Actual Rows": 390703,
                                                    "Actual Loops": 1
                                                },
                                                {
                                                    "Worker Number": 1,
                                                    "Actual Startup Time": 0.014,
                                                    "Actual Total Time": 72.276,
                                                    "Actual Rows": 403533,
                                                    "Actual Loops": 1
                                                },
                                                {
                                                    "Worker Number": 2,
                                                    "Actual Startup Time": 0.016,
                                                    "Actual Total Time": 64.809,
                                                    "Actual Rows": 563706,
                                                    "Actual Loops": 1
                                                },
                                                {
                                                    "Worker Number": 3,
                                                    "Actual Startup Time": 0.015,
                                                    "Actual Total Time": 64.762,
                                                    "Actual Rows": 558550,
                                                    "Actual Loops": 1
                                                }
                                            ]
                                        },
                                        {
                                            "Node Type": "Hash",
                                            "Parent Relationship": "Inner",
                                            "Parallel Aware": true,
                                            "Startup Cost": 31414.82,
                                            "Total Cost": 31414.82,
                                            "Plan Rows": 229866,
                                            "Plan Width": 4,
                                            "Actual Startup Time": 132.199,
                                            "Actual Total Time": 132.2,
                                            "Actual Rows": 196661,
                                            "Actual Loops": 5,
                                            "Output": [
                                                "mc.movie_id"
                                            ],
                                            "Hash Buckets": 1048576,
                                            "Original Hash Buckets": 1048576,
                                            "Hash Batches": 1,
                                            "Original Hash Batches": 1,
                                            "Peak Memory Usage": 46752,
                                            "Workers": [
                                                {
                                                    "Worker Number": 0,
                                                    "Actual Startup Time": 131.069,
                                                    "Actual Total Time": 131.07,
                                                    "Actual Rows": 144838,
                                                    "Actual Loops": 1
                                                },
                                                {
                                                    "Worker Number": 1,
                                                    "Actual Startup Time": 131.981,
                                                    "Actual Total Time": 131.982,
                                                    "Actual Rows": 149661,
                                                    "Actual Loops": 1
                                                },
                                                {
                                                    "Worker Number": 2,
                                                    "Actual Startup Time": 132.02,
                                                    "Actual Total Time": 132.021,
                                                    "Actual Rows": 203248,
                                                    "Actual Loops": 1
                                                },
                                                {
                                                    "Worker Number": 3,
                                                    "Actual Startup Time": 132.291,
                                                    "Actual Total Time": 132.292,
                                                    "Actual Rows": 208210,
                                                    "Actual Loops": 1
                                                }
                                            ],
                                            "Plans": [
                                                {
                                                    "Node Type": "Seq Scan",
                                                    "Parent Relationship": "Outer",
                                                    "Parallel Aware": true,
                                                    "Relation Name": "movie_companies",
                                                    "Schema": "public",
                                                    "Alias": "mc",
                                                    "Startup Cost": 0.0,
                                                    "Total Cost": 31414.82,
                                                    "Plan Rows": 229866,
                                                    "Plan Width": 4,
                                                    "Actual Startup Time": 0.056,
                                                    "Actual Total Time": 70.239,
                                                    "Actual Rows": 196661,
                                                    "Actual Loops": 5,
                                                    "Output": [
                                                        "mc.movie_id"
                                                    ],
                                                    "Filter": "((mc.company_id < 12929) AND (mc.company_type_id < 2))",
                                                    "Rows Removed by Filter": 325165,
                                                    "Workers": [
                                                        {
                                                            "Worker Number": 0,
                                                            "Actual Startup Time": 0.075,
                                                            "Actual Total Time": 71.888,
                                                            "Actual Rows": 144838,
                                                            "Actual Loops": 1
                                                        },
                                                        {
                                                            "Worker Number": 1,
                                                            "Actual Startup Time": 0.062,
                                                            "Actual Total Time": 72.095,
                                                            "Actual Rows": 149661,
                                                            "Actual Loops": 1
                                                        },
                                                        {
                                                            "Worker Number": 2,
                                                            "Actual Startup Time": 0.07,
                                                            "Actual Total Time": 70.801,
                                                            "Actual Rows": 203248,
                                                            "Actual Loops": 1
                                                        },
                                                        {
                                                            "Worker Number": 3,
                                                            "Actual Startup Time": 0.056,
                                                            "Actual Total Time": 70.714,
                                                            "Actual Rows": 208210,
                                                            "Actual Loops": 1
                                                        }
                                                    ]
                                                }
                                            ]
                                        }
                                    ]
                                }
                            ]
                        }
                    ]
                }
            ]
        },
        "Planning Time": 203.251,
        "Triggers": [],
        "Execution Time": 404.633
    }
]