{
  "Plan": {
    "Node Type": "Aggregate",
    "Strategy": "Plain",
    "Partial Mode": "Finalize",
    "Parallel Aware": false,
    "Startup Cost": 256963.45,
    "Total Cost": 256963.46,
    "Plan Rows": 1,
    "Plan Width": 8,
    "Actual Startup Time": 641.624,
    "Actual Total Time": 660.289,
    "Actual Rows": 1,
    "Actual Loops": 1,
    "Plans": [
      {
        "Node Type": "Gather",
        "Parent Relationship": "Outer",
        "Parallel Aware": false,
        "Startup Cost": 256963.34,
        "Total Cost": 256963.45,
        "Plan Rows": 1,
        "Plan Width": 8,
        "Actual Startup Time": 638.237,
        "Actual Total Time": 660.281,
        "Actual Rows": 2,
        "Actual Loops": 1,
        "Workers Planned": 1,
        "Workers Launched": 1,
        "Single Copy": false,
        "Plans": [
          {
            "Node Type": "Aggregate",
            "Strategy": "Plain",
            "Partial Mode": "Partial",
            "Parent Relationship": "Outer",
            "Parallel Aware": false,
            "Startup Cost": 255963.34,
            "Total Cost": 255963.35,
            "Plan Rows": 1,
            "Plan Width": 8,
            "Actual Startup Time": 632.242,
            "Actual Total Time": 632.253,
            "Actual Rows": 1,
            "Actual Loops": 2,
            "Plans": [
              {
                "Node Type": "Hash Join",
                "Parent Relationship": "Outer",
                "Parallel Aware": true,
                "Join Type": "Inner",
                "Startup Cost": 83498.07,
                "Total Cost": 255171.76,
                "Plan Rows": 316630,
                "Plan Width": 0,
                "Actual Startup Time": 394.966,
                "Actual Total Time": 619.583,
                "Actual Rows": 270946,
                "Actual Loops": 2,
                "Inner Unique": true,
                "Hash Cond": "(mi.movie_id = t.id)",
                "Plans": [
                  {
                    "Node Type": "Bitmap Heap Scan",
                    "Parent Relationship": "Outer",
                    "Parallel Aware": true,
                    "Relation Name": "movie_info",
                    "Alias": "mi",
                    "Startup Cost": 19713.04,
                    "Total Cost": 189706.61,
                    "Plan Rows": 640046,
                    "Plan Width": 4,
                    "Actual Startup Time": 41.953,
                    "Actual Total Time": 131.881,
                    "Actual Rows": 516396,
                    "Actual Loops": 2,
                    "Recheck Cond": "(info_type_id > 82)",
                    "Rows Removed by Index Recheck": 0,
                    "Exact Heap Blocks": 19138,
                    "Lossy Heap Blocks": 0,
                    "Plans": [
                      {
                        "Node Type": "Bitmap Index Scan",
                        "Parent Relationship": "Outer",
                        "Parallel Aware": false,
                        "Index Name": "info_type_id_movie_info",
                        "Startup Cost": 0.0,
                        "Total Cost": 19441.02,
                        "Plan Rows": 1088078,
                        "Plan Width": 0,
                        "Actual Startup Time": 36.386,
                        "Actual Total Time": 36.401,
                        "Actual Rows": 1032791,
                        "Actual Loops": 1,
                        "Index Cond": "(info_type_id > 82)"
                      }
                    ]
                  },
                  {
                    "Node Type": "Hash",
                    "Parent Relationship": "Inner",
                    "Parallel Aware": true,
                    "Startup Cost": 54588.39,
                    "Total Cost": 54588.39,
                    "Plan Rows": 735731,
                    "Plan Width": 4,
                    "Actual Startup Time": 341.8,
                    "Actual Total Time": 341.8,
                    "Actual Rows": 631850,
                    "Actual Loops": 2,
                    "Hash Buckets": 2097152,
                    "Original Hash Buckets": 2097152,
                    "Hash Batches": 1,
                    "Original Hash Batches": 1,
                    "Peak Memory Usage": 65856,
                    "Plans": [
                      {
                        "Node Type": "Seq Scan",
                        "Parent Relationship": "Outer",
                        "Parallel Aware": true,
                        "Relation Name": "title",
                        "Alias": "t",
                        "Startup Cost": 0.0,
                        "Total Cost": 54588.39,
                        "Plan Rows": 735731,
                        "Plan Width": 4,
                        "Actual Startup Time": 0.026,
                        "Actual Total Time": 169.045,
                        "Actual Rows": 631850,
                        "Actual Loops": 2,
                        "Filter": "(production_year < 2004)",
                        "Rows Removed by Filter": 632306
                      }
                    ]
                  }
                ]
              }
            ]
          }
        ]
      }
    ]
  },
  "Planning Time": 0.309,
  "Triggers": [],
  "Execution Time": 660.343
}