[
  {
    "Plan": {
      "Node Type": "Aggregate",
      "Strategy": "Plain",
      "Partial Mode": "Simple",
      "Parallel Aware": false,
      "Startup Cost": 1060.49,
      "Total Cost": 1060.5,
      "Plan Rows": 1,
      "Plan Width": 8,
      "Actual Startup Time": 1.425,
      "Actual Total Time": 1.427,
      "Actual Rows": 1,
      "Actual Loops": 1,
      "Plans": [
        {
          "Node Type": "Index Scan",
          "Parent Relationship": "Outer",
          "Parallel Aware": false,
          "Scan Direction": "Forward",
          "Index Name": "person_id_cast_info",
          "Relation Name": "cast_info",
          "Alias": "ci",
          "Startup Cost": 0.56,
          "Total Cost": 1059.67,
          "Plan Rows": 326,
          "Plan Width": 0,
          "Actual Startup Time": 0.208,
          "Actual Total Time": 1.159,
          "Actual Rows": 1531,
          "Actual Loops": 1,
          "Index Cond": "(person_id = 153744)",
          "Rows Removed by Index Recheck": 0,
          "Filter": "(role_id > 1)",
          "Rows Removed by Filter": 2
        }
      ]
    },
    "Planning Time": 0.218,
    "Triggers": [],
    "Execution Time": 1.478
  }
]