{
  "Plan": {
    "Node Type": "Aggregate",
    "Strategy": "Plain",
    "Partial Mode": "Finalize",
    "Parallel Aware": false,
    "Startup Cost": 131183.49,
    "Total Cost": 131183.5,
    "Plan Rows": 1,
    "Plan Width": 8,
    "Actual Startup Time": 842.691,
    "Actual Total Time": 862.978,
    "Actual Rows": 1,
    "Actual Loops": 1,
    "Plans": [
      {
        "Node Type": "Gather",
        "Parent Relationship": "Outer",
        "Parallel Aware": false,
        "Startup Cost": 131183.37,
        "Total Cost": 131183.48,
        "Plan Rows": 1,
        "Plan Width": 8,
        "Actual Startup Time": 836.102,
        "Actual Total Time": 862.969,
        "Actual Rows": 2,
        "Actual Loops": 1,
        "Workers Planned": 1,
        "Workers Launched": 1,
        "Single Copy": false,
        "Plans": [
          {
            "Node Type": "Aggregate",
            "Strategy": "Plain",
            "Partial Mode": "Partial",
            "Parent Relationship": "Outer",
            "Parallel Aware": false,
            "Startup Cost": 130183.37,
            "Total Cost": 130183.38,
            "Plan Rows": 1,
            "Plan Width": 8,
            "Actual Startup Time": 826.502,
            "Actual Total Time": 826.506,
            "Actual Rows": 1,
            "Actual Loops": 2,
            "Plans": [
              {
                "Node Type": "Hash Join",
                "Parent Relationship": "Outer",
                "Parallel Aware": true,
                "Join Type": "Inner",
                "Startup Cost": 93822.06,
                "Total Cost": 128494.39,
                "Plan Rows": 675592,
                "Plan Width": 0,
                "Actual Startup Time": 582.566,
                "Actual Total Time": 801.465,
                "Actual Rows": 574662,
                "Actual Loops": 2,
                "Inner Unique": true,
                "Hash Cond": "(mk.movie_id = t.id)",
                "Plans": [
                  {
                    "Node Type": "Bitmap Heap Scan",
                    "Parent Relationship": "Outer",
                    "Parallel Aware": true,
                    "Relation Name": "movie_keyword",
                    "Alias": "mk",
                    "Startup Cost": 24361.36,
                    "Total Cost": 57260.27,
                    "Plan Rows": 675592,
                    "Plan Width": 4,
                    "Actual Startup Time": 66.667,
                    "Actual Total Time": 159.499,
                    "Actual Rows": 574662,
                    "Actual Loops": 2,
                    "Recheck Cond": "(keyword_id > 16195)",
                    "Rows Removed by Index Recheck": 0,
                    "Exact Heap Blocks": 13178,
                    "Lossy Heap Blocks": 0,
                    "Plans": [
                      {
                        "Node Type": "Bitmap Index Scan",
                        "Parent Relationship": "Outer",
                        "Parallel Aware": false,
                        "Index Name": "keyword_id_movie_keyword",
                        "Startup Cost": 0.0,
                        "Total Cost": 24074.23,
                        "Plan Rows": 1148507,
                        "Plan Width": 0,
                        "Actual Startup Time": 63.038,
                        "Actual Total Time": 63.038,
                        "Actual Rows": 1149325,
                        "Actual Loops": 1,
                        "Index Cond": "(keyword_id > 16195)"
                      }
                    ]
                  },
                  {
                    "Node Type": "Hash",
                    "Parent Relationship": "Inner",
                    "Parallel Aware": true,
                    "Startup Cost": 50870.31,
                    "Total Cost": 50870.31,
                    "Plan Rows": 1487231,
                    "Plan Width": 4,
                    "Actual Startup Time": 495.06,
                    "Actual Total Time": 495.061,
                    "Actual Rows": 1264156,
                    "Actual Loops": 2,
                    "Hash Buckets": 4194304,
                    "Original Hash Buckets": 4194304,
                    "Hash Batches": 1,
                    "Original Hash Batches": 1,
                    "Peak Memory Usage": 131712,
                    "Plans": [
                      {
                        "Node Type": "Seq Scan",
                        "Parent Relationship": "Outer",
                        "Parallel Aware": true,
                        "Relation Name": "title",
                        "Alias": "t",
                        "Startup Cost": 0.0,
                        "Total Cost": 50870.31,
                        "Plan Rows": 1487231,
                        "Plan Width": 4,
                        "Actual Startup Time": 0.028,
                        "Actual Total Time": 152.695,
                        "Actual Rows": 1264156,
                        "Actual Loops": 2
                      }
                    ]
                  }
                ]
              }
            ]
          }
        ]
      }
    ]
  },
  "Planning Time": 0.661,
  "Triggers": [],
  "Execution Time": 863.065
}