[
  {
    "Plan": {
      "Node Type": "Aggregate",
      "Strategy": "Plain",
      "Partial Mode": "Simple",
      "Parallel Aware": false,
      "Startup Cost": 8359.48,
      "Total Cost": 8359.49,
      "Plan Rows": 1,
      "Plan Width": 8,
      "Actual Startup Time": 3.455,
      "Actual Total Time": 3.456,
      "Actual Rows": 1,
      "Actual Loops": 1,
      "Plans": [
        {
          "Node Type": "Index Scan",
          "Parent Relationship": "Outer",
          "Parallel Aware": false,
          "Scan Direction": "Forward",
          "Index Name": "company_id_movie_companies",
          "Relation Name": "movie_companies",
          "Alias": "mc",
          "Startup Cost": 0.43,
          "Total Cost": 8355.2,
          "Plan Rows": 1713,
          "Plan Width": 0,
          "Actual Startup Time": 0.082,
          "Actual Total Time": 3.208,
          "Actual Rows": 1741,
          "Actual Loops": 1,
          "Index Cond": "(company_id = 92)",
          "Rows Removed by Index Recheck": 0,
          "Filter": "(company_type_id < 2)",
          "Rows Removed by Filter": 1320
        }
      ]
    },
    "Planning Time": 0.164,
    "Triggers": [],
    "Execution Time": 3.498
  }
]