[
  {
    "Plan": {
      "Node Type": "Aggregate",
      "Strategy": "Plain",
      "Partial Mode": "Finalize",
      "Parallel Aware": false,
      "Startup Cost": 30710.35,
      "Total Cost": 30710.36,
      "Plan Rows": 1,
      "Plan Width": 8,
      "Actual Startup Time": 102.157,
      "Actual Total Time": 111.352,
      "Actual Rows": 1,
      "Actual Loops": 1,
      "Plans": [
        {
          "Node Type": "Gather",
          "Parent Relationship": "Outer",
          "Parallel Aware": false,
          "Startup Cost": 30710.03,
          "Total Cost": 30710.34,
          "Plan Rows": 3,
          "Plan Width": 8,
          "Actual Startup Time": 101.91,
          "Actual Total Time": 111.339,
          "Actual Rows": 4,
          "Actual Loops": 1,
          "Workers Planned": 3,
          "Workers Launched": 3,
          "Single Copy": false,
          "Plans": [
            {
              "Node Type": "Aggregate",
              "Strategy": "Plain",
              "Partial Mode": "Partial",
              "Parent Relationship": "Outer",
              "Parallel Aware": false,
              "Startup Cost": 29710.03,
              "Total Cost": 29710.04,
              "Plan Rows": 1,
              "Plan Width": 8,
              "Actual Startup Time": 93.136,
              "Actual Total Time": 93.137,
              "Actual Rows": 1,
              "Actual Loops": 4,
              "Plans": [
                {
                  "Node Type": "Seq Scan",
                  "Parent Relationship": "Outer",
                  "Parallel Aware": true,
                  "Relation Name": "movie_companies",
                  "Alias": "mc",
                  "Startup Cost": 0.0,
                  "Total Cost": 29310.68,
                  "Plan Rows": 159739,
                  "Plan Width": 0,
                  "Actual Startup Time": 0.061,
                  "Actual Total Time": 83.438,
                  "Actual Rows": 121839,
                  "Actual Loops": 4,
                  "Filter": "(company_id < 426)",
                  "Rows Removed by Filter": 530444
                }
              ]
            }
          ]
        }
      ]
    },
    "Planning Time": 0.196,
    "Triggers": [],
    "Execution Time": 111.409
  }
]