[
  {
    "Plan": {
      "Node Type": "Aggregate",
      "Strategy": "Plain",
      "Partial Mode": "Finalize",
      "Parallel Aware": false,
      "Startup Cost": 30705.01,
      "Total Cost": 30705.02,
      "Plan Rows": 1,
      "Plan Width": 8,
      "Actual Startup Time": 85.947,
      "Actual Total Time": 93.759,
      "Actual Rows": 1,
      "Actual Loops": 1,
      "Plans": [
        {
          "Node Type": "Gather",
          "Parent Relationship": "Outer",
          "Parallel Aware": false,
          "Startup Cost": 30704.69,
          "Total Cost": 30705.0,
          "Plan Rows": 3,
          "Plan Width": 8,
          "Actual Startup Time": 85.843,
          "Actual Total Time": 93.75,
          "Actual Rows": 4,
          "Actual Loops": 1,
          "Workers Planned": 3,
          "Workers Launched": 3,
          "Single Copy": false,
          "Plans": [
            {
              "Node Type": "Aggregate",
              "Strategy": "Plain",
              "Partial Mode": "Partial",
              "Parent Relationship": "Outer",
              "Parallel Aware": false,
              "Startup Cost": 29704.69,
              "Total Cost": 29704.7,
              "Plan Rows": 1,
              "Plan Width": 8,
              "Actual Startup Time": 80.351,
              "Actual Total Time": 80.352,
              "Actual Rows": 1,
              "Actual Loops": 4,
              "Plans": [
                {
                  "Node Type": "Seq Scan",
                  "Parent Relationship": "Outer",
                  "Parallel Aware": true,
                  "Relation Name": "movie_companies",
                  "Alias": "mc",
                  "Startup Cost": 0.0,
                  "Total Cost": 29310.68,
                  "Plan Rows": 157604,
                  "Plan Width": 0,
                  "Actual Startup Time": 0.032,
                  "Actual Total Time": 71.992,
                  "Actual Rows": 121839,
                  "Actual Loops": 4,
                  "Filter": "(company_id < 426)",
                  "Rows Removed by Filter": 530444
                }
              ]
            }
          ]
        }
      ]
    },
    "Planning Time": 0.2,
    "Triggers": [],
    "Execution Time": 93.82
  }
]