[
  {
    "Plan": {
      "Node Type": "Aggregate",
      "Strategy": "Plain",
      "Partial Mode": "Finalize",
      "Parallel Aware": false,
      "Startup Cost": 42812.22,
      "Total Cost": 42812.23,
      "Plan Rows": 1,
      "Plan Width": 8,
      "Actual Startup Time": 130.773,
      "Actual Total Time": 139.439,
      "Actual Rows": 1,
      "Actual Loops": 1,
      "Plans": [
        {
          "Node Type": "Gather",
          "Parent Relationship": "Outer",
          "Parallel Aware": false,
          "Startup Cost": 42812.01,
          "Total Cost": 42812.22,
          "Plan Rows": 2,
          "Plan Width": 8,
          "Actual Startup Time": 130.433,
          "Actual Total Time": 139.432,
          "Actual Rows": 3,
          "Actual Loops": 1,
          "Workers Planned": 2,
          "Workers Launched": 2,
          "Single Copy": false,
          "Plans": [
            {
              "Node Type": "Aggregate",
              "Strategy": "Plain",
              "Partial Mode": "Partial",
              "Parent Relationship": "Outer",
              "Parallel Aware": false,
              "Startup Cost": 41812.01,
              "Total Cost": 41812.02,
              "Plan Rows": 1,
              "Plan Width": 8,
              "Actual Startup Time": 122.221,
              "Actual Total Time": 122.225,
              "Actual Rows": 1,
              "Actual Loops": 3,
              "Plans": [
                {
                  "Node Type": "Nested Loop",
                  "Parent Relationship": "Outer",
                  "Parallel Aware": false,
                  "Join Type": "Inner",
                  "Startup Cost": 17348.34,
                  "Total Cost": 41805.63,
                  "Plan Rows": 2552,
                  "Plan Width": 0,
                  "Actual Startup Time": 8.242,
                  "Actual Total Time": 121.584,
                  "Actual Rows": 7245,
                  "Actual Loops": 3,
                  "Inner Unique": true,
                  "Join Filter": "(mc.movie_id = t.id)",
                  "Rows Removed by Join Filter": 0,
                  "Plans": [
                    {
                      "Node Type": "Hash Join",
                      "Parent Relationship": "Outer",
                      "Parallel Aware": true,
                      "Join Type": "Inner",
                      "Startup Cost": 17347.91,
                      "Total Cost": 33963.48,
                      "Plan Rows": 13282,
                      "Plan Width": 8,
                      "Actual Startup Time": 8.092,
                      "Actual Total Time": 92.172,
                      "Actual Rows": 7245,
                      "Actual Loops": 3,
                      "Inner Unique": false,
                      "Hash Cond": "(mi_idx.movie_id = mc.movie_id)",
                      "Plans": [
                        {
                          "Node Type": "Seq Scan",
                          "Parent Relationship": "Outer",
                          "Parallel Aware": true,
                          "Relation Name": "movie_info_idx",
                          "Alias": "mi_idx",
                          "Startup Cost": 0.0,
                          "Total Cost": 13685.15,
                          "Plan Rows": 575015,
                          "Plan Width": 4,
                          "Actual Startup Time": 0.048,
                          "Actual Total Time": 42.554,
                          "Actual Rows": 460012,
                          "Actual Loops": 3
                        },
                        {
                          "Node Type": "Hash",
                          "Parent Relationship": "Inner",
                          "Parallel Aware": true,
                          "Startup Cost": 17289.47,
                          "Total Cost": 17289.47,
                          "Plan Rows": 4675,
                          "Plan Width": 4,
                          "Actual Startup Time": 6.343,
                          "Actual Total Time": 6.344,
                          "Actual Rows": 3556,
                          "Actual Loops": 3,
                          "Hash Buckets": 16384,
                          "Original Hash Buckets": 16384,
                          "Hash Batches": 1,
                          "Original Hash Batches": 1,
                          "Peak Memory Usage": 576,
                          "Plans": [
                            {
                              "Node Type": "Bitmap Heap Scan",
                              "Parent Relationship": "Outer",
                              "Parallel Aware": true,
                              "Relation Name": "movie_companies",
                              "Alias": "mc",
                              "Startup Cost": 247.38,
                              "Total Cost": 17289.47,
                              "Plan Rows": 4675,
                              "Plan Width": 4,
                              "Actual Startup Time": 0.901,
                              "Actual Total Time": 4.618,
                              "Actual Rows": 3556,
                              "Actual Loops": 3,
                              "Recheck Cond": "(company_id = 11)",
                              "Rows Removed by Index Recheck": 0,
                              "Exact Heap Blocks": 1149,
                              "Lossy Heap Blocks": 0,
                              "Plans": [
                                {
                                  "Node Type": "Bitmap Index Scan",
                                  "Parent Relationship": "Outer",
                                  "Parallel Aware": false,
                                  "Index Name": "company_id_movie_companies",
                                  "Startup Cost": 0.0,
                                  "Total Cost": 244.57,
                                  "Plan Rows": 11219,
                                  "Plan Width": 0,
                                  "Actual Startup Time": 1.895,
                                  "Actual Total Time": 1.895,
                                  "Actual Rows": 10667,
                                  "Actual Loops": 1,
                                  "Index Cond": "(company_id = 11)"
                                }
                              ]
                            }
                          ]
                        }
                      ]
                    },
                    {
                      "Node Type": "Index Only Scan",
                      "Parent Relationship": "Inner",
                      "Parallel Aware": false,
                      "Scan Direction": "Forward",
                      "Index Name": "title_pkey",
                      "Relation Name": "title",
                      "Alias": "t",
                      "Startup Cost": 0.43,
                      "Total Cost": 0.58,
                      "Plan Rows": 1,
                      "Plan Width": 4,
                      "Actual Startup Time": 0.004,
                      "Actual Total Time": 0.004,
                      "Actual Rows": 1,
                      "Actual Loops": 21736,
                      "Index Cond": "(id = mi_idx.movie_id)",
                      "Rows Removed by Index Recheck": 0,
                      "Heap Fetches": 21736
                    }
                  ]
                }
              ]
            }
          ]
        }
      ]
    },
    "Planning Time": 1.405,
    "Triggers": [],
    "Execution Time": 139.563
  }
]