{
  "Plan": {
    "Node Type": "Aggregate",
    "Strategy": "Plain",
    "Partial Mode": "Finalize",
    "Parallel Aware": false,
    "Startup Cost": 33277.38,
    "Total Cost": 33277.39,
    "Plan Rows": 1,
    "Plan Width": 8,
    "Actual Startup Time": 39.947,
    "Actual Total Time": 45.591,
    "Actual Rows": 1,
    "Actual Loops": 1,
    "Plans": [
      {
        "Node Type": "Gather",
        "Parent Relationship": "Outer",
        "Parallel Aware": false,
        "Startup Cost": 33277.27,
        "Total Cost": 33277.38,
        "Plan Rows": 1,
        "Plan Width": 8,
        "Actual Startup Time": 39.82,
        "Actual Total Time": 45.585,
        "Actual Rows": 2,
        "Actual Loops": 1,
        "Workers Planned": 1,
        "Workers Launched": 1,
        "Single Copy": false,
        "Plans": [
          {
            "Node Type": "Aggregate",
            "Strategy": "Plain",
            "Partial Mode": "Partial",
            "Parent Relationship": "Outer",
            "Parallel Aware": false,
            "Startup Cost": 32277.27,
            "Total Cost": 32277.28,
            "Plan Rows": 1,
            "Plan Width": 8,
            "Actual Startup Time": 33.581,
            "Actual Total Time": 33.583,
            "Actual Rows": 1,
            "Actual Loops": 2,
            "Plans": [
              {
                "Node Type": "Nested Loop",
                "Parent Relationship": "Outer",
                "Parallel Aware": false,
                "Join Type": "Inner",
                "Startup Cost": 101.52,
                "Total Cost": 32277.12,
                "Plan Rows": 61,
                "Plan Width": 0,
                "Actual Startup Time": 6.251,
                "Actual Total Time": 33.494,
                "Actual Rows": 567,
                "Actual Loops": 2,
                "Inner Unique": false,
                "Plans": [
                  {
                    "Node Type": "Nested Loop",
                    "Parent Relationship": "Outer",
                    "Parallel Aware": false,
                    "Join Type": "Inner",
                    "Startup Cost": 101.09,
                    "Total Cost": 32158.94,
                    "Plan Rows": 111,
                    "Plan Width": 8,
                    "Actual Startup Time": 6.033,
                    "Actual Total Time": 30.543,
                    "Actual Rows": 278,
                    "Actual Loops": 2,
                    "Inner Unique": true,
                    "Plans": [
                      {
                        "Node Type": "Bitmap Heap Scan",
                        "Parent Relationship": "Outer",
                        "Parallel Aware": true,
                        "Relation Name": "movie_keyword",
                        "Alias": "mk",
                        "Startup Cost": 100.66,
                        "Total Cost": 11857.91,
                        "Plan Rows": 2750,
                        "Plan Width": 4,
                        "Actual Startup Time": 2.994,
                        "Actual Total Time": 10.778,
                        "Actual Rows": 2258,
                        "Actual Loops": 2,
                        "Recheck Cond": "(keyword_id = 115)",
                        "Rows Removed by Index Recheck": 0,
                        "Exact Heap Blocks": 3106,
                        "Lossy Heap Blocks": 0,
                        "Plans": [
                          {
                            "Node Type": "Bitmap Index Scan",
                            "Parent Relationship": "Outer",
                            "Parallel Aware": false,
                            "Index Name": "keyword_id_movie_keyword",
                            "Startup Cost": 0.0,
                            "Total Cost": 99.5,
                            "Plan Rows": 4675,
                            "Plan Width": 0,
                            "Actual Startup Time": 3.94,
                            "Actual Total Time": 3.941,
                            "Actual Rows": 4517,
                            "Actual Loops": 1,
                            "Index Cond": "(keyword_id = 115)"
                          }
                        ]
                      },
                      {
                        "Node Type": "Index Scan",
                        "Parent Relationship": "Inner",
                        "Parallel Aware": false,
                        "Scan Direction": "Forward",
                        "Index Name": "title_pkey",
                        "Relation Name": "title",
                        "Alias": "t",
                        "Startup Cost": 0.43,
                        "Total Cost": 7.38,
                        "Plan Rows": 1,
                        "Plan Width": 4,
                        "Actual Startup Time": 0.008,
                        "Actual Total Time": 0.008,
                        "Actual Rows": 0,
                        "Actual Loops": 4517,
                        "Index Cond": "(id = mk.movie_id)",
                        "Rows Removed by Index Recheck": 0,
                        "Filter": "(kind_id = 3)",
                        "Rows Removed by Filter": 1
                      }
                    ]
                  },
                  {
                    "Node Type": "Index Only Scan",
                    "Parent Relationship": "Inner",
                    "Parallel Aware": false,
                    "Scan Direction": "Forward",
                    "Index Name": "movie_id_movie_info_idx",
                    "Relation Name": "movie_info_idx",
                    "Alias": "mi_idx",
                    "Startup Cost": 0.43,
                    "Total Cost": 1.03,
                    "Plan Rows": 3,
                    "Plan Width": 4,
                    "Actual Startup Time": 0.009,
                    "Actual Total Time": 0.01,
                    "Actual Rows": 2,
                    "Actual Loops": 556,
                    "Index Cond": "(movie_id = t.id)",
                    "Rows Removed by Index Recheck": 0,
                    "Heap Fetches": 1134
                  }
                ]
              }
            ]
          }
        ]
      }
    ]
  },
  "Planning Time": 1.019,
  "Triggers": [],
  "Execution Time": 45.685
}