[
    {
        "Bao": {
            "Bao prediction": 1930.85,
            "Bao recommended hint": "SET enable_nestloop TO off; "
        }
    },
    {
        "Plan": {
            "Node Type": "Aggregate",
            "Strategy": "Plain",
            "Partial Mode": "Finalize",
            "Parallel Aware": false,
            "Startup Cost": 500695.97,
            "Total Cost": 500695.98,
            "Plan Rows": 1,
            "Plan Width": 96,
            "Actual Startup Time": 3196.485,
            "Actual Total Time": 3265.638,
            "Actual Rows": 1,
            "Actual Loops": 1,
            "Output": [
                "min(k.keyword)",
                "min(n.name)",
                "min(t.title)"
            ],
            "Plans": [
                {
                    "Node Type": "Gather",
                    "Parent Relationship": "Outer",
                    "Parallel Aware": false,
                    "Startup Cost": 500695.53,
                    "Total Cost": 500695.94,
                    "Plan Rows": 4,
                    "Plan Width": 96,
                    "Actual Startup Time": 3184.016,
                    "Actual Total Time": 3265.617,
                    "Actual Rows": 5,
                    "Actual Loops": 1,
                    "Output": [
                        "(PARTIAL min(k.keyword))",
                        "(PARTIAL min(n.name))",
                        "(PARTIAL min(t.title))"
                    ],
                    "Workers Planned": 4,
                    "Workers Launched": 4,
                    "Single Copy": false,
                    "Plans": [
                        {
                            "Node Type": "Aggregate",
                            "Strategy": "Plain",
                            "Partial Mode": "Partial",
                            "Parent Relationship": "Outer",
                            "Parallel Aware": false,
                            "Startup Cost": 499695.53,
                            "Total Cost": 499695.54,
                            "Plan Rows": 1,
                            "Plan Width": 96,
                            "Actual Startup Time": 3173.135,
                            "Actual Total Time": 3173.671,
                            "Actual Rows": 1,
                            "Actual Loops": 5,
                            "Output": [
                                "PARTIAL min(k.keyword)",
                                "PARTIAL min(n.name)",
                                "PARTIAL min(t.title)"
                            ],
                            "Workers": [
                                {
                                    "Worker Number": 0,
                                    "Actual Startup Time": 3169.674,
                                    "Actual Total Time": 3169.686,
                                    "Actual Rows": 1,
                                    "Actual Loops": 1
                                },
                                {
                                    "Worker Number": 1,
                                    "Actual Startup Time": 3169.978,
                                    "Actual Total Time": 3169.989,
                                    "Actual Rows": 1,
                                    "Actual Loops": 1
                                },
                                {
                                    "Worker Number": 2,
                                    "Actual Startup Time": 3172.818,
                                    "Actual Total Time": 3172.83,
                                    "Actual Rows": 1,
                                    "Actual Loops": 1
                                },
                                {
                                    "Worker Number": 3,
                                    "Actual Startup Time": 3170.83,
                                    "Actual Total Time": 3170.84,
                                    "Actual Rows": 1,
                                    "Actual Loops": 1
                                }
                            ],
                            "Plans": [
                                {
                                    "Node Type": "Hash Join",
                                    "Parent Relationship": "Outer",
                                    "Parallel Aware": true,
                                    "Join Type": "Inner",
                                    "Startup Cost": 428441.8,
                                    "Total Cost": 499685.45,
                                    "Plan Rows": 1344,
                                    "Plan Width": 48,
                                    "Actual Startup Time": 2682.489,
                                    "Actual Total Time": 3126.833,
                                    "Actual Rows": 287898,
                                    "Actual Loops": 5,
                                    "Output": [
                                        "k.keyword",
                                        "n.name",
                                        "t.title"
                                    ],
                                    "Inner Unique": false,
                                    "Hash Cond": "(n.id = ci.person_id)",
                                    "Workers": [
                                        {
                                            "Worker Number": 0,
                                            "Actual Startup Time": 2679.488,
                                            "Actual Total Time": 3121.573,
                                            "Actual Rows": 272659,
                                            "Actual Loops": 1
                                        },
                                        {
                                            "Worker Number": 1,
                                            "Actual Startup Time": 2679.778,
                                            "Actual Total Time": 3123.593,
                                            "Actual Rows": 269060,
                                            "Actual Loops": 1
                                        },
                                        {
                                            "Worker Number": 2,
                                            "Actual Startup Time": 2680.334,
                                            "Actual Total Time": 3124.233,
                                            "Actual Rows": 270269,
                                            "Actual Loops": 1
                                        },
                                        {
                                            "Worker Number": 3,
                                            "Actual Startup Time": 2680.614,
                                            "Actual Total Time": 3130.052,
                                            "Actual Rows": 378210,
                                            "Actual Loops": 1
                                        }
                                    ],
                                    "Plans": [
                                        {
                                            "Node Type": "Seq Scan",
                                            "Parent Relationship": "Outer",
                                            "Parallel Aware": true,
                                            "Relation Name": "name",
                                            "Schema": "public",
                                            "Alias": "n",
                                            "Startup Cost": 0.0,
                                            "Total Cost": 66031.94,
                                            "Plan Rows": 1041894,
                                            "Plan Width": 19,
                                            "Actual Startup Time": 0.033,
                                            "Actual Total Time": 131.12,
                                            "Actual Rows": 833498,
                                            "Actual Loops": 5,
                                            "Output": [
                                                "n.id",
                                                "n.name",
                                                "n.imdb_index",
                                                "n.imdb_id",
                                                "n.gender",
                                                "n.name_pcode_cf",
                                                "n.name_pcode_nf",
                                                "n.surname_pcode",
                                                "n.md5sum"
                                            ],
                                            "Workers": [
                                                {
                                                    "Worker Number": 0,
                                                    "Actual Startup Time": 0.03,
                                                    "Actual Total Time": 130.953,
                                                    "Actual Rows": 784898,
                                                    "Actual Loops": 1
                                                },
                                                {
                                                    "Worker Number": 1,
                                                    "Actual Startup Time": 0.04,
                                                    "Actual Total Time": 131.542,
                                                    "Actual Rows": 783798,
                                                    "Actual Loops": 1
                                                },
                                                {
                                                    "Worker Number": 2,
                                                    "Actual Startup Time": 0.041,
                                                    "Actual Total Time": 130.891,
                                                    "Actual Rows": 779367,
                                                    "Actual Loops": 1
                                                },
                                                {
                                                    "Worker Number": 3,
                                                    "Actual Startup Time": 0.033,
                                                    "Actual Total Time": 117.812,
                                                    "Actual Rows": 1093161,
                                                    "Actual Loops": 1
                                                }
                                            ]
                                        },
                                        {
                                            "Node Type": "Hash",
                                            "Parent Relationship": "Inner",
                                            "Parallel Aware": true,
                                            "Startup Cost": 428430.6,
                                            "Total Cost": 428430.6,
                                            "Plan Rows": 896,
                                            "Plan Width": 37,
                                            "Actual Startup Time": 2681.012,
                                            "Actual Total Time": 2681.546,
                                            "Actual Rows": 287898,
                                            "Actual Loops": 5,
                                            "Output": [
                                                "ci.person_id",
                                                "k.keyword",
                                                "t.title"
                                            ],
                                            "Hash Buckets": 2097152,
                                            "Original Hash Buckets": 8192,
                                            "Hash Batches": 1,
                                            "Original Hash Batches": 1,
                                            "Peak Memory Usage": 124384,
                                            "Workers": [
                                                {
                                                    "Worker Number": 0,
                                                    "Actual Startup Time": 2678.701,
                                                    "Actual Total Time": 2678.71,
                                                    "Actual Rows": 258820,
                                                    "Actual Loops": 1
                                                },
                                                {
                                                    "Worker Number": 1,
                                                    "Actual Startup Time": 2679.025,
                                                    "Actual Total Time": 2679.034,
                                                    "Actual Rows": 255666,
                                                    "Actual Loops": 1
                                                },
                                                {
                                                    "Worker Number": 2,
                                                    "Actual Startup Time": 2679.692,
                                                    "Actual Total Time": 2679.702,
                                                    "Actual Rows": 259822,
                                                    "Actual Loops": 1
                                                },
                                                {
                                                    "Worker Number": 3,
                                                    "Actual Startup Time": 2679.942,
                                                    "Actual Total Time": 2679.951,
                                                    "Actual Rows": 381790,
                                                    "Actual Loops": 1
                                                }
                                            ],
                                            "Plans": [
                                                {
                                                    "Node Type": "Hash Join",
                                                    "Parent Relationship": "Outer",
                                                    "Parallel Aware": true,
                                                    "Join Type": "Inner",
                                                    "Startup Cost": 92665.86,
                                                    "Total Cost": 428430.6,
                                                    "Plan Rows": 896,
                                                    "Plan Width": 37,
                                                    "Actual Startup Time": 429.822,
                                                    "Actual Total Time": 2451.314,
                                                    "Actual Rows": 287898,
                                                    "Actual Loops": 5,
                                                    "Output": [
                                                        "ci.person_id",
                                                        "k.keyword",
                                                        "t.title"
                                                    ],
                                                    "Inner Unique": false,
                                                    "Hash Cond": "(ci.movie_id = t.id)",
                                                    "Workers": [
                                                        {
                                                            "Worker Number": 0,
                                                            "Actual Startup Time": 427.522,
                                                            "Actual Total Time": 2450.177,
                                                            "Actual Rows": 258820,
                                                            "Actual Loops": 1
                                                        },
                                                        {
                                                            "Worker Number": 1,
                                                            "Actual Startup Time": 427.846,
                                                            "Actual Total Time": 2452.542,
                                                            "Actual Rows": 255666,
                                                            "Actual Loops": 1
                                                        },
                                                        {
                                                            "Worker Number": 2,
                                                            "Actual Startup Time": 428.422,
                                                            "Actual Total Time": 2459.524,
                                                            "Actual Rows": 259822,
                                                            "Actual Loops": 1
                                                        },
                                                        {
                                                            "Worker Number": 3,
                                                            "Actual Startup Time": 428.656,
                                                            "Actual Total Time": 2443.445,
                                                            "Actual Rows": 381790,
                                                            "Actual Loops": 1
                                                        }
                                                    ],
                                                    "Plans": [
                                                        {
                                                            "Node Type": "Seq Scan",
                                                            "Parent Relationship": "Outer",
                                                            "Parallel Aware": true,
                                                            "Relation Name": "cast_info",
                                                            "Schema": "public",
                                                            "Alias": "ci",
                                                            "Startup Cost": 0.0,
                                                            "Total Cost": 313106.51,
                                                            "Plan Rows": 6041951,
                                                            "Plan Width": 8,
                                                            "Actual Startup Time": 0.015,
                                                            "Actual Total Time": 842.393,
                                                            "Actual Rows": 7248869,
                                                            "Actual Loops": 5,
                                                            "Output": [
                                                                "ci.id",
                                                                "ci.person_id",
                                                                "ci.movie_id",
                                                                "ci.person_role_id",
                                                                "ci.note",
                                                                "ci.nr_order",
                                                                "ci.role_id"
                                                            ],
                                                            "Workers": [
                                                                {
                                                                    "Worker Number": 0,
                                                                    "Actual Startup Time": 0.014,
                                                                    "Actual Total Time": 834.22,
                                                                    "Actual Rows": 6540662,
                                                                    "Actual Loops": 1
                                                                },
                                                                {
                                                                    "Worker Number": 1,
                                                                    "Actual Startup Time": 0.013,
                                                                    "Actual Total Time": 830.326,
                                                                    "Actual Rows": 6389668,
                                                                    "Actual Loops": 1
                                                                },
                                                                {
                                                                    "Worker Number": 2,
                                                                    "Actual Startup Time": 0.017,
                                                                    "Actual Total Time": 833.068,
                                                                    "Actual Rows": 6433328,
                                                                    "Actual Loops": 1
                                                                },
                                                                {
                                                                    "Worker Number": 3,
                                                                    "Actual Startup Time": 0.014,
                                                                    "Actual Total Time": 838.383,
                                                                    "Actual Rows": 9599369,
                                                                    "Actual Loops": 1
                                                                }
                                                            ]
                                                        },
                                                        {
                                                            "Node Type": "Hash",
                                                            "Parent Relationship": "Inner",
                                                            "Parallel Aware": true,
                                                            "Startup Cost": 92665.38,
                                                            "Total Cost": 92665.38,
                                                            "Plan Rows": 38,
                                                            "Plan Width": 41,
                                                            "Actual Startup Time": 429.621,
                                                            "Actual Total Time": 430.153,
                                                            "Actual Rows": 5623,
                                                            "Actual Loops": 5,
                                                            "Output": [
                                                                "k.keyword",
                                                                "mk.movie_id",
                                                                "t.title",
                                                                "t.id"
                                                            ],
                                                            "Hash Buckets": 32768,
                                                            "Original Hash Buckets": 1024,
                                                            "Hash Batches": 1,
                                                            "Original Hash Batches": 1,
                                                            "Peak Memory Usage": 2552,
                                                            "Workers": [
                                                                {
                                                                    "Worker Number": 0,
                                                                    "Actual Startup Time": 427.3,
                                                                    "Actual Total Time": 427.308,
                                                                    "Actual Rows": 3419,
                                                                    "Actual Loops": 1
                                                                },
                                                                {
                                                                    "Worker Number": 1,
                                                                    "Actual Startup Time": 427.507,
                                                                    "Actual Total Time": 427.513,
                                                                    "Actual Rows": 5754,
                                                                    "Actual Loops": 1
                                                                },
                                                                {
                                                                    "Worker Number": 2,
                                                                    "Actual Startup Time": 428.298,
                                                                    "Actual Total Time": 428.305,
                                                                    "Actual Rows": 3865,
                                                                    "Actual Loops": 1
                                                                },
                                                                {
                                                                    "Worker Number": 3,
                                                                    "Actual Startup Time": 428.52,
                                                                    "Actual Total Time": 428.527,
                                                                    "Actual Rows": 6655,
                                                                    "Actual Loops": 1
                                                                }
                                                            ],
                                                            "Plans": [
                                                                {
                                                                    "Node Type": "Hash Join",
                                                                    "Parent Relationship": "Outer",
                                                                    "Parallel Aware": true,
                                                                    "Join Type": "Inner",
                                                                    "Startup Cost": 46511.78,
                                                                    "Total Cost": 92665.38,
                                                                    "Plan Rows": 38,
                                                                    "Plan Width": 41,
                                                                    "Actual Startup Time": 233.829,
                                                                    "Actual Total Time": 380.998,
                                                                    "Actual Rows": 5623,
                                                                    "Actual Loops": 5,
                                                                    "Output": [
                                                                        "k.keyword",
                                                                        "mk.movie_id",
                                                                        "t.title",
                                                                        "t.id"
                                                                    ],
                                                                    "Inner Unique": false,
                                                                    "Hash Cond": "(t.id = mk.movie_id)",
                                                                    "Workers": [
                                                                        {
                                                                            "Worker Number": 0,
                                                                            "Actual Startup Time": 231.449,
                                                                            "Actual Total Time": 355.526,
                                                                            "Actual Rows": 3419,
                                                                            "Actual Loops": 1
                                                                        },
                                                                        {
                                                                            "Worker Number": 1,
                                                                            "Actual Startup Time": 232.287,
                                                                            "Actual Total Time": 381.212,
                                                                            "Actual Rows": 5754,
                                                                            "Actual Loops": 1
                                                                        },
                                                                        {
                                                                            "Worker Number": 2,
                                                                            "Actual Startup Time": 232.547,
                                                                            "Actual Total Time": 366.199,
                                                                            "Actual Rows": 3865,
                                                                            "Actual Loops": 1
                                                                        },
                                                                        {
                                                                            "Worker Number": 3,
                                                                            "Actual Startup Time": 232.483,
                                                                            "Actual Total Time": 385.742,
                                                                            "Actual Rows": 6655,
                                                                            "Actual Loops": 1
                                                                        }
                                                                    ],
                                                                    "Plans": [
                                                                        {
                                                                            "Node Type": "Seq Scan",
                                                                            "Parent Relationship": "Outer",
                                                                            "Parallel Aware": true,
                                                                            "Relation Name": "title",
                                                                            "Schema": "public",
                                                                            "Alias": "t",
                                                                            "Startup Cost": 0.0,
                                                                            "Total Cost": 43899.32,
                                                                            "Plan Rows": 360666,
                                                                            "Plan Width": 21,
                                                                            "Actual Startup Time": 0.026,
                                                                            "Actual Total Time": 94.688,
                                                                            "Actual Rows": 286893,
                                                                            "Actual Loops": 5,
                                                                            "Output": [
                                                                                "t.id",
                                                                                "t.title",
                                                                                "t.imdb_index",
                                                                                "t.kind_id",
                                                                                "t.production_year",
                                                                                "t.imdb_id",
                                                                                "t.phonetic_code",
                                                                                "t.episode_of_id",
                                                                                "t.season_nr",
                                                                                "t.episode_nr",
                                                                                "t.series_years",
                                                                                "t.md5sum"
                                                                            ],
                                                                            "Filter": "(t.production_year > 1999)",
                                                                            "Rows Removed by Filter": 218769,
                                                                            "Workers": [
                                                                                {
                                                                                    "Worker Number": 0,
                                                                                    "Actual Startup Time": 0.033,
                                                                                    "Actual Total Time": 81.144,
                                                                                    "Actual Rows": 180777,
                                                                                    "Actual Loops": 1
                                                                                },
                                                                                {
                                                                                    "Worker Number": 1,
                                                                                    "Actual Startup Time": 0.031,
                                                                                    "Actual Total Time": 95.969,
                                                                                    "Actual Rows": 251725,
                                                                                    "Actual Loops": 1
                                                                                },
                                                                                {
                                                                                    "Worker Number": 2,
                                                                                    "Actual Startup Time": 0.027,
                                                                                    "Actual Total Time": 86.954,
                                                                                    "Actual Rows": 193660,
                                                                                    "Actual Loops": 1
                                                                                },
                                                                                {
                                                                                    "Worker Number": 3,
                                                                                    "Actual Startup Time": 0.023,
                                                                                    "Actual Total Time": 98.778,
                                                                                    "Actual Rows": 357877,
                                                                                    "Actual Loops": 1
                                                                                }
                                                                            ]
                                                                        },
                                                                        {
                                                                            "Node Type": "Hash",
                                                                            "Parent Relationship": "Inner",
                                                                            "Parallel Aware": true,
                                                                            "Startup Cost": 46510.69,
                                                                            "Total Cost": 46510.69,
                                                                            "Plan Rows": 87,
                                                                            "Plan Width": 20,
                                                                            "Actual Startup Time": 233.335,
                                                                            "Actual Total Time": 233.339,
                                                                            "Actual Rows": 13306,
                                                                            "Actual Loops": 5,
                                                                            "Output": [
                                                                                "k.keyword",
                                                                                "mk.movie_id"
                                                                            ],
                                                                            "Hash Buckets": 65536,
                                                                            "Original Hash Buckets": 1024,
                                                                            "Hash Batches": 1,
                                                                            "Original Hash Batches": 1,
                                                                            "Peak Memory Usage": 4376,
                                                                            "Workers": [
                                                                                {
                                                                                    "Worker Number": 0,
                                                                                    "Actual Startup Time": 231.025,
                                                                                    "Actual Total Time": 231.029,
                                                                                    "Actual Rows": 10776,
                                                                                    "Actual Loops": 1
                                                                                },
                                                                                {
                                                                                    "Worker Number": 1,
                                                                                    "Actual Startup Time": 231.326,
                                                                                    "Actual Total Time": 231.33,
                                                                                    "Actual Rows": 10764,
                                                                                    "Actual Loops": 1
                                                                                },
                                                                                {
                                                                                    "Worker Number": 2,
                                                                                    "Actual Startup Time": 231.944,
                                                                                    "Actual Total Time": 231.948,
                                                                                    "Actual Rows": 10082,
                                                                                    "Actual Loops": 1
                                                                                },
                                                                                {
                                                                                    "Worker Number": 3,
                                                                                    "Actual Startup Time": 232.234,
                                                                                    "Actual Total Time": 232.238,
                                                                                    "Actual Rows": 17280,
                                                                                    "Actual Loops": 1
                                                                                }
                                                                            ],
                                                                            "Plans": [
                                                                                {
                                                                                    "Node Type": "Hash Join",
                                                                                    "Parent Relationship": "Outer",
                                                                                    "Parallel Aware": false,
                                                                                    "Join Type": "Inner",
                                                                                    "Startup Cost": 3632.5,
                                                                                    "Total Cost": 46510.69,
                                                                                    "Plan Rows": 87,
                                                                                    "Plan Width": 20,
                                                                                    "Actual Startup Time": 42.855,
                                                                                    "Actual Total Time": 204.889,
                                                                                    "Actual Rows": 13306,
                                                                                    "Actual Loops": 5,
                                                                                    "Output": [
                                                                                        "k.keyword",
                                                                                        "mk.movie_id"
                                                                                    ],
                                                                                    "Inner Unique": true,
                                                                                    "Hash Cond": "(mk.keyword_id = k.id)",
                                                                                    "Workers": [
                                                                                        {
                                                                                            "Worker Number": 0,
                                                                                            "Actual Startup Time": 44.014,
                                                                                            "Actual Total Time": 206.73,
                                                                                            "Actual Rows": 10776,
                                                                                            "Actual Loops": 1
                                                                                        },
                                                                                        {
                                                                                            "Worker Number": 1,
                                                                                            "Actual Startup Time": 44.343,
                                                                                            "Actual Total Time": 206.769,
                                                                                            "Actual Rows": 10764,
                                                                                            "Actual Loops": 1
                                                                                        },
                                                                                        {
                                                                                            "Worker Number": 2,
                                                                                            "Actual Startup Time": 44.079,
                                                                                            "Actual Total Time": 191.888,
                                                                                            "Actual Rows": 10082,
                                                                                            "Actual Loops": 1
                                                                                        },
                                                                                        {
                                                                                            "Worker Number": 3,
                                                                                            "Actual Startup Time": 39.694,
                                                                                            "Actual Total Time": 199.466,
                                                                                            "Actual Rows": 17280,
                                                                                            "Actual Loops": 1
                                                                                        }
                                                                                    ],
                                                                                    "Plans": [
                                                                                        {
                                                                                            "Node Type": "Seq Scan",
                                                                                            "Parent Relationship": "Outer",
                                                                                            "Parallel Aware": true,
                                                                                            "Relation Name": "movie_keyword",
                                                                                            "Schema": "public",
                                                                                            "Alias": "mk",
                                                                                            "Startup Cost": 0.0,
                                                                                            "Total Cost": 39047.32,
                                                                                            "Plan Rows": 1459332,
                                                                                            "Plan Width": 8,
                                                                                            "Actual Startup Time": 0.057,
                                                                                            "Actual Total Time": 87.388,
                                                                                            "Actual Rows": 904786,
                                                                                            "Actual Loops": 5,
                                                                                            "Output": [
                                                                                                "mk.id",
                                                                                                "mk.movie_id",
                                                                                                "mk.keyword_id"
                                                                                            ],
                                                                                            "Workers": [
                                                                                                {
                                                                                                    "Worker Number": 0,
                                                                                                    "Actual Startup Time": 0.059,
                                                                                                    "Actual Total Time": 87.284,
                                                                                                    "Actual Rows": 747770,
                                                                                                    "Actual Loops": 1
                                                                                                },
                                                                                                {
                                                                                                    "Worker Number": 1,
                                                                                                    "Actual Startup Time": 0.098,
                                                                                                    "Actual Total Time": 87.741,
                                                                                                    "Actual Rows": 731305,
                                                                                                    "Actual Loops": 1
                                                                                                },
                                                                                                {
                                                                                                    "Worker Number": 2,
                                                                                                    "Actual Startup Time": 0.054,
                                                                                                    "Actual Total Time": 79.774,
                                                                                                    "Actual Rows": 658600,
                                                                                                    "Actual Loops": 1
                                                                                                },
                                                                                                {
                                                                                                    "Worker Number": 3,
                                                                                                    "Actual Startup Time": 0.055,
                                                                                                    "Actual Total Time": 85.519,
                                                                                                    "Actual Rows": 1136210,
                                                                                                    "Actual Loops": 1
                                                                                                }
                                                                                            ]
                                                                                        },
                                                                                        {
                                                                                            "Node Type": "Hash",
                                                                                            "Parent Relationship": "Inner",
                                                                                            "Parallel Aware": false,
                                                                                            "Startup Cost": 3632.4,
                                                                                            "Total Cost": 3632.4,
                                                                                            "Plan Rows": 8,
                                                                                            "Plan Width": 20,
                                                                                            "Actual Startup Time": 42.708,
                                                                                            "Actual Total Time": 42.709,
                                                                                            "Actual Rows": 8,
                                                                                            "Actual Loops": 5,
                                                                                            "Output": [
                                                                                                "k.keyword",
                                                                                                "k.id"
                                                                                            ],
                                                                                            "Hash Buckets": 1024,
                                                                                            "Original Hash Buckets": 1024,
                                                                                            "Hash Batches": 1,
                                                                                            "Original Hash Batches": 1,
                                                                                            "Peak Memory Usage": 9,
                                                                                            "Workers": [
                                                                                                {
                                                                                                    "Worker Number": 0,
                                                                                                    "Actual Startup Time": 43.831,
                                                                                                    "Actual Total Time": 43.831,
                                                                                                    "Actual Rows": 8,
                                                                                                    "Actual Loops": 1
                                                                                                },
                                                                                                {
                                                                                                    "Worker Number": 1,
                                                                                                    "Actual Startup Time": 44.187,
                                                                                                    "Actual Total Time": 44.188,
                                                                                                    "Actual Rows": 8,
                                                                                                    "Actual Loops": 1
                                                                                                },
                                                                                                {
                                                                                                    "Worker Number": 2,
                                                                                                    "Actual Startup Time": 43.947,
                                                                                                    "Actual Total Time": 43.948,
                                                                                                    "Actual Rows": 8,
                                                                                                    "Actual Loops": 1
                                                                                                },
                                                                                                {
                                                                                                    "Worker Number": 3,
                                                                                                    "Actual Startup Time": 39.523,
                                                                                                    "Actual Total Time": 39.524,
                                                                                                    "Actual Rows": 8,
                                                                                                    "Actual Loops": 1
                                                                                                }
                                                                                            ],
                                                                                            "Plans": [
                                                                                                {
                                                                                                    "Node Type": "Seq Scan",
                                                                                                    "Parent Relationship": "Outer",
                                                                                                    "Parallel Aware": false,
                                                                                                    "Relation Name": "keyword",
                                                                                                    "Schema": "public",
                                                                                                    "Alias": "k",
                                                                                                    "Startup Cost": 0.0,
                                                                                                    "Total Cost": 3632.4,
                                                                                                    "Plan Rows": 8,
                                                                                                    "Plan Width": 20,
                                                                                                    "Actual Startup Time": 1.658,
                                                                                                    "Actual Total Time": 42.664,
                                                                                                    "Actual Rows": 8,
                                                                                                    "Actual Loops": 5,
                                                                                                    "Output": [
                                                                                                        "k.keyword",
                                                                                                        "k.id"
                                                                                                    ],
                                                                                                    "Filter": "(k.keyword = ANY ('{marvel-cinematic-universe,\"10,000-mile-club\",sequel,superhero,female-nudity,blood,murder,fight}'::text[]))",
                                                                                                    "Rows Removed by Filter": 134162,
                                                                                                    "Workers": [
                                                                                                        {
                                                                                                            "Worker Number": 0,
                                                                                                            "Actual Startup Time": 1.712,
                                                                                                            "Actual Total Time": 43.785,
                                                                                                            "Actual Rows": 8,
                                                                                                            "Actual Loops": 1
                                                                                                        },
                                                                                                        {
                                                                                                            "Worker Number": 1,
                                                                                                            "Actual Startup Time": 1.718,
                                                                                                            "Actual Total Time": 44.143,
                                                                                                            "Actual Rows": 8,
                                                                                                            "Actual Loops": 1
                                                                                                        },
                                                                                                        {
                                                                                                            "Worker Number": 2,
                                                                                                            "Actual Startup Time": 1.552,
                                                                                                            "Actual Total Time": 43.908,
                                                                                                            "Actual Rows": 8,
                                                                                                            "Actual Loops": 1
                                                                                                        },
                                                                                                        {
                                                                                                            "Worker Number": 3,
                                                                                                            "Actual Startup Time": 1.569,
                                                                                                            "Actual Total Time": 39.483,
                                                                                                            "Actual Rows": 8,
                                                                                                            "Actual Loops": 1
                                                                                                        }
                                                                                                    ]
                                                                                                }
                                                                                            ]
                                                                                        }
                                                                                    ]
                                                                                }
                                                                            ]
                                                                        }
                                                                    ]
                                                                }
                                                            ]
                                                        }
                                                    ]
                                                }
                                            ]
                                        }
                                    ]
                                }
                            ]
                        }
                    ]
                }
            ]
        },
        "Planning Time": 289.67,
        "Triggers": [],
        "Execution Time": 3266.348
    }
]