{
  "Plan": {
    "Node Type": "Aggregate",
    "Strategy": "Plain",
    "Partial Mode": "Finalize",
    "Parallel Aware": false,
    "Startup Cost": 930909.06,
    "Total Cost": 930909.07,
    "Plan Rows": 1,
    "Plan Width": 8,
    "Actual Startup Time": 19057.013,
    "Actual Total Time": 19118.668,
    "Actual Rows": 1,
    "Actual Loops": 1,
    "Plans": [
      {
        "Node Type": "Gather",
        "Parent Relationship": "Outer",
        "Parallel Aware": false,
        "Startup Cost": 930908.95,
        "Total Cost": 930909.06,
        "Plan Rows": 1,
        "Plan Width": 8,
        "Actual Startup Time": 19051.283,
        "Actual Total Time": 19118.66,
        "Actual Rows": 2,
        "Actual Loops": 1,
        "Workers Planned": 1,
        "Workers Launched": 1,
        "Single Copy": false,
        "Plans": [
          {
            "Node Type": "Aggregate",
            "Strategy": "Plain",
            "Partial Mode": "Partial",
            "Parent Relationship": "Outer",
            "Parallel Aware": false,
            "Startup Cost": 929908.95,
            "Total Cost": 929908.96,
            "Plan Rows": 1,
            "Plan Width": 8,
            "Actual Startup Time": 19042.655,
            "Actual Total Time": 19042.659,
            "Actual Rows": 1,
            "Actual Loops": 2,
            "Plans": [
              {
                "Node Type": "Hash Join",
                "Parent Relationship": "Outer",
                "Parallel Aware": true,
                "Join Type": "Inner",
                "Startup Cost": 121051.03,
                "Total Cost": 894569.06,
                "Plan Rows": 14135958,
                "Plan Width": 0,
                "Actual Startup Time": 920.859,
                "Actual Total Time": 17909.767,
                "Actual Rows": 27270407,
                "Actual Loops": 2,
                "Inner Unique": false,
                "Hash Cond": "(t.id = mc.movie_id)",
                "Plans": [
                  {
                    "Node Type": "Hash Join",
                    "Parent Relationship": "Outer",
                    "Parallel Aware": true,
                    "Join Type": "Inner",
                    "Startup Cost": 69460.7,
                    "Total Cost": 639195.18,
                    "Plan Rows": 19300932,
                    "Plan Width": 8,
                    "Actual Startup Time": 563.823,
                    "Actual Total Time": 9565.852,
                    "Actual Rows": 16351156,
                    "Actual Loops": 2,
                    "Inner Unique": true,
                    "Hash Cond": "(ci.movie_id = t.id)",
                    "Plans": [
                      {
                        "Node Type": "Seq Scan",
                        "Parent Relationship": "Outer",
                        "Parallel Aware": true,
                        "Relation Name": "cast_info",
                        "Alias": "ci",
                        "Startup Cost": 0.0,
                        "Total Cost": 519069.44,
                        "Plan Rows": 19300932,
                        "Plan Width": 4,
                        "Actual Startup Time": 74.876,
                        "Actual Total Time": 1672.997,
                        "Actual Rows": 16351156,
                        "Actual Loops": 2,
                        "Filter": "(person_id > 338678)",
                        "Rows Removed by Filter": 1771016
                      },
                      {
                        "Node Type": "Hash",
                        "Parent Relationship": "Inner",
                        "Parallel Aware": true,
                        "Startup Cost": 50870.31,
                        "Total Cost": 50870.31,
                        "Plan Rows": 1487231,
                        "Plan Width": 4,
                        "Actual Startup Time": 477.723,
                        "Actual Total Time": 477.724,
                        "Actual Rows": 1264156,
                        "Actual Loops": 2,
                        "Hash Buckets": 4194304,
                        "Original Hash Buckets": 4194304,
                        "Hash Batches": 1,
                        "Original Hash Batches": 1,
                        "Peak Memory Usage": 131712,
                        "Plans": [
                          {
                            "Node Type": "Seq Scan",
                            "Parent Relationship": "Outer",
                            "Parallel Aware": true,
                            "Relation Name": "title",
                            "Alias": "t",
                            "Startup Cost": 0.0,
                            "Total Cost": 50870.31,
                            "Plan Rows": 1487231,
                            "Plan Width": 4,
                            "Actual Startup Time": 0.02,
                            "Actual Total Time": 142.033,
                            "Actual Rows": 1264156,
                            "Actual Loops": 2
                          }
                        ]
                      }
                    ]
                  },
                  {
                    "Node Type": "Hash",
                    "Parent Relationship": "Inner",
                    "Parallel Aware": true,
                    "Startup Cost": 37974.77,
                    "Total Cost": 37974.77,
                    "Plan Rows": 1089245,
                    "Plan Width": 4,
                    "Actual Startup Time": 342.608,
                    "Actual Total Time": 342.608,
                    "Actual Rows": 918320,
                    "Actual Loops": 2,
                    "Hash Buckets": 2097152,
                    "Original Hash Buckets": 2097152,
                    "Hash Batches": 1,
                    "Original Hash Batches": 1,
                    "Peak Memory Usage": 88256,
                    "Plans": [
                      {
                        "Node Type": "Seq Scan",
                        "Parent Relationship": "Outer",
                        "Parallel Aware": true,
                        "Relation Name": "movie_companies",
                        "Alias": "mc",
                        "Startup Cost": 0.0,
                        "Total Cost": 37974.77,
                        "Plan Rows": 1089245,
                        "Plan Width": 4,
                        "Actual Startup Time": 0.038,
                        "Actual Total Time": 139.893,
                        "Actual Rows": 918320,
                        "Actual Loops": 2,
                        "Filter": "(company_id < 33715)",
                        "Rows Removed by Filter": 386244
                      }
                    ]
                  }
                ]
              }
            ]
          }
        ]
      }
    ]
  },
  "Planning Time": 0.853,
  "Triggers": [],
  "Execution Time": 19118.756
}