[
  {
    "Plan": {
      "Node Type": "Aggregate",
      "Strategy": "Plain",
      "Partial Mode": "Finalize",
      "Parallel Aware": false,
      "Startup Cost": 255306.92,
      "Total Cost": 255306.93,
      "Plan Rows": 1,
      "Plan Width": 8,
      "Actual Startup Time": 985.071,
      "Actual Total Time": 1037.828,
      "Actual Rows": 1,
      "Actual Loops": 1,
      "Plans": [
        {
          "Node Type": "Gather",
          "Parent Relationship": "Outer",
          "Parallel Aware": false,
          "Startup Cost": 255306.39,
          "Total Cost": 255306.9,
          "Plan Rows": 5,
          "Plan Width": 8,
          "Actual Startup Time": 963.257,
          "Actual Total Time": 1037.812,
          "Actual Rows": 6,
          "Actual Loops": 1,
          "Workers Planned": 5,
          "Workers Launched": 5,
          "Single Copy": false,
          "Plans": [
            {
              "Node Type": "Aggregate",
              "Strategy": "Plain",
              "Partial Mode": "Partial",
              "Parent Relationship": "Outer",
              "Parallel Aware": false,
              "Startup Cost": 254306.39,
              "Total Cost": 254306.4,
              "Plan Rows": 1,
              "Plan Width": 8,
              "Actual Startup Time": 949.029,
              "Actual Total Time": 949.033,
              "Actual Rows": 1,
              "Actual Loops": 6,
              "Plans": [
                {
                  "Node Type": "Hash Join",
                  "Parent Relationship": "Outer",
                  "Parallel Aware": true,
                  "Join Type": "Inner",
                  "Startup Cost": 49975.6,
                  "Total Cost": 252032.33,
                  "Plan Rows": 909624,
                  "Plan Width": 0,
                  "Actual Startup Time": 262.566,
                  "Actual Total Time": 910.497,
                  "Actual Rows": 762958,
                  "Actual Loops": 6,
                  "Inner Unique": true,
                  "Hash Cond": "(mi.movie_id = t.id)",
                  "Plans": [
                    {
                      "Node Type": "Seq Scan",
                      "Parent Relationship": "Outer",
                      "Parallel Aware": true,
                      "Relation Name": "movie_info",
                      "Alias": "mi",
                      "Startup Cost": 0.0,
                      "Total Cost": 198952.16,
                      "Plan Rows": 1182693,
                      "Plan Width": 4,
                      "Actual Startup Time": 18.059,
                      "Actual Total Time": 347.956,
                      "Actual Rows": 978171,
                      "Actual Loops": 6,
                      "Filter": "(info_type_id > 13)",
                      "Rows Removed by Filter": 1494449
                    },
                    {
                      "Node Type": "Hash",
                      "Parent Relationship": "Inner",
                      "Parallel Aware": true,
                      "Startup Cost": 43898.92,
                      "Total Cost": 43898.92,
                      "Plan Rows": 486135,
                      "Plan Width": 4,
                      "Actual Startup Time": 239.031,
                      "Actual Total Time": 239.032,
                      "Actual Rows": 322081,
                      "Actual Loops": 6,
                      "Hash Buckets": 2097152,
                      "Original Hash Buckets": 2097152,
                      "Hash Batches": 1,
                      "Original Hash Batches": 1,
                      "Peak Memory Usage": 92128,
                      "Plans": [
                        {
                          "Node Type": "Seq Scan",
                          "Parent Relationship": "Outer",
                          "Parallel Aware": true,
                          "Relation Name": "title",
                          "Alias": "t",
                          "Startup Cost": 0.0,
                          "Total Cost": 43898.92,
                          "Plan Rows": 486135,
                          "Plan Width": 4,
                          "Actual Startup Time": 0.04,
                          "Actual Total Time": 96.298,
                          "Actual Rows": 322081,
                          "Actual Loops": 6,
                          "Filter": "(production_year > 1980)",
                          "Rows Removed by Filter": 99305
                        }
                      ]
                    }
                  ]
                }
              ]
            }
          ]
        }
      ]
    },
    "Planning Time": 0.645,
    "Triggers": [],
    "Execution Time": 1037.914
  }
]