[
    {
        "Bao": {
            "Bao prediction": 575.758,
            "Bao recommended hint": "(no hint)"
        }
    },
    {
        "Plan": {
            "Node Type": "Aggregate",
            "Strategy": "Plain",
            "Partial Mode": "Finalize",
            "Parallel Aware": false,
            "Startup Cost": 282015.42,
            "Total Cost": 282015.43,
            "Plan Rows": 1,
            "Plan Width": 8,
            "Actual Startup Time": 852.779,
            "Actual Total Time": 875.691,
            "Actual Rows": 1,
            "Actual Loops": 1,
            "Output": [
                "count(*)"
            ],
            "Plans": [
                {
                    "Node Type": "Gather",
                    "Parent Relationship": "Outer",
                    "Parallel Aware": false,
                    "Startup Cost": 282014.8,
                    "Total Cost": 282015.41,
                    "Plan Rows": 6,
                    "Plan Width": 8,
                    "Actual Startup Time": 837.039,
                    "Actual Total Time": 875.68,
                    "Actual Rows": 7,
                    "Actual Loops": 1,
                    "Output": [
                        "(PARTIAL count(*))"
                    ],
                    "Workers Planned": 6,
                    "Workers Launched": 6,
                    "Single Copy": false,
                    "Plans": [
                        {
                            "Node Type": "Aggregate",
                            "Strategy": "Plain",
                            "Partial Mode": "Partial",
                            "Parent Relationship": "Outer",
                            "Parallel Aware": false,
                            "Startup Cost": 281014.8,
                            "Total Cost": 281014.81,
                            "Plan Rows": 1,
                            "Plan Width": 8,
                            "Actual Startup Time": 812.783,
                            "Actual Total Time": 812.786,
                            "Actual Rows": 1,
                            "Actual Loops": 7,
                            "Output": [
                                "PARTIAL count(*)"
                            ],
                            "Workers": [
                                {
                                    "Worker Number": 0,
                                    "Actual Startup Time": 808.883,
                                    "Actual Total Time": 808.885,
                                    "Actual Rows": 1,
                                    "Actual Loops": 1
                                },
                                {
                                    "Worker Number": 1,
                                    "Actual Startup Time": 808.843,
                                    "Actual Total Time": 808.846,
                                    "Actual Rows": 1,
                                    "Actual Loops": 1
                                },
                                {
                                    "Worker Number": 2,
                                    "Actual Startup Time": 808.859,
                                    "Actual Total Time": 808.862,
                                    "Actual Rows": 1,
                                    "Actual Loops": 1
                                },
                                {
                                    "Worker Number": 3,
                                    "Actual Startup Time": 808.856,
                                    "Actual Total Time": 808.859,
                                    "Actual Rows": 1,
                                    "Actual Loops": 1
                                },
                                {
                                    "Worker Number": 4,
                                    "Actual Startup Time": 808.921,
                                    "Actual Total Time": 808.923,
                                    "Actual Rows": 1,
                                    "Actual Loops": 1
                                },
                                {
                                    "Worker Number": 5,
                                    "Actual Startup Time": 809.014,
                                    "Actual Total Time": 809.018,
                                    "Actual Rows": 1,
                                    "Actual Loops": 1
                                }
                            ],
                            "Plans": [
                                {
                                    "Node Type": "Hash Join",
                                    "Parent Relationship": "Outer",
                                    "Parallel Aware": true,
                                    "Join Type": "Inner",
                                    "Startup Cost": 50220.37,
                                    "Total Cost": 278818.97,
                                    "Plan Rows": 878333,
                                    "Plan Width": 0,
                                    "Actual Startup Time": 285.342,
                                    "Actual Total Time": 788.24,
                                    "Actual Rows": 341394,
                                    "Actual Loops": 7,
                                    "Inner Unique": true,
                                    "Hash Cond": "(ci.movie_id = t.id)",
                                    "Workers": [
                                        {
                                            "Worker Number": 0,
                                            "Actual Startup Time": 281.591,
                                            "Actual Total Time": 784.127,
                                            "Actual Rows": 337106,
                                            "Actual Loops": 1
                                        },
                                        {
                                            "Worker Number": 1,
                                            "Actual Startup Time": 281.764,
                                            "Actual Total Time": 784.071,
                                            "Actual Rows": 337789,
                                            "Actual Loops": 1
                                        },
                                        {
                                            "Worker Number": 2,
                                            "Actual Startup Time": 281.627,
                                            "Actual Total Time": 784.13,
                                            "Actual Rows": 337331,
                                            "Actual Loops": 1
                                        },
                                        {
                                            "Worker Number": 3,
                                            "Actual Startup Time": 281.65,
                                            "Actual Total Time": 784.184,
                                            "Actual Rows": 336873,
                                            "Actual Loops": 1
                                        },
                                        {
                                            "Worker Number": 4,
                                            "Actual Startup Time": 281.765,
                                            "Actual Total Time": 784.342,
                                            "Actual Rows": 335752,
                                            "Actual Loops": 1
                                        },
                                        {
                                            "Worker Number": 5,
                                            "Actual Startup Time": 281.751,
                                            "Actual Total Time": 784.615,
                                            "Actual Rows": 333400,
                                            "Actual Loops": 1
                                        }
                                    ],
                                    "Plans": [
                                        {
                                            "Node Type": "Index Scan",
                                            "Parent Relationship": "Outer",
                                            "Parallel Aware": true,
                                            "Scan Direction": "Forward",
                                            "Index Name": "role_id_cast_info",
                                            "Relation Name": "cast_info",
                                            "Schema": "public",
                                            "Alias": "ci",
                                            "Startup Cost": 0.56,
                                            "Total Cost": 226293.54,
                                            "Plan Rows": 878333,
                                            "Plan Width": 4,
                                            "Actual Startup Time": 0.13,
                                            "Actual Total Time": 299.415,
                                            "Actual Rows": 341394,
                                            "Actual Loops": 7,
                                            "Output": [
                                                "ci.id",
                                                "ci.person_id",
                                                "ci.movie_id",
                                                "ci.person_role_id",
                                                "ci.note",
                                                "ci.nr_order",
                                                "ci.role_id"
                                            ],
                                            "Index Cond": "(ci.role_id > 5)",
                                            "Rows Removed by Index Recheck": 0,
                                            "Filter": "(ci.person_id < 2301878)",
                                            "Rows Removed by Filter": 870936,
                                            "Workers": [
                                                {
                                                    "Worker Number": 0,
                                                    "Actual Startup Time": 0.104,
                                                    "Actual Total Time": 301.555,
                                                    "Actual Rows": 337106,
                                                    "Actual Loops": 1
                                                },
                                                {
                                                    "Worker Number": 1,
                                                    "Actual Startup Time": 0.179,
                                                    "Actual Total Time": 299.547,
                                                    "Actual Rows": 337789,
                                                    "Actual Loops": 1
                                                },
                                                {
                                                    "Worker Number": 2,
                                                    "Actual Startup Time": 0.071,
                                                    "Actual Total Time": 301.899,
                                                    "Actual Rows": 337331,
                                                    "Actual Loops": 1
                                                },
                                                {
                                                    "Worker Number": 3,
                                                    "Actual Startup Time": 0.121,
                                                    "Actual Total Time": 304.184,
                                                    "Actual Rows": 336873,
                                                    "Actual Loops": 1
                                                },
                                                {
                                                    "Worker Number": 4,
                                                    "Actual Startup Time": 0.125,
                                                    "Actual Total Time": 300.731,
                                                    "Actual Rows": 335752,
                                                    "Actual Loops": 1
                                                },
                                                {
                                                    "Worker Number": 5,
                                                    "Actual Startup Time": 0.133,
                                                    "Actual Total Time": 304.496,
                                                    "Actual Rows": 333400,
                                                    "Actual Loops": 1
                                                }
                                            ]
                                        },
                                        {
                                            "Node Type": "Hash",
                                            "Parent Relationship": "Inner",
                                            "Parallel Aware": true,
                                            "Startup Cost": 42318.81,
                                            "Total Cost": 42318.81,
                                            "Plan Rows": 632080,
                                            "Plan Width": 4,
                                            "Actual Startup Time": 277.827,
                                            "Actual Total Time": 277.828,
                                            "Actual Rows": 361187,
                                            "Actual Loops": 7,
                                            "Output": [
                                                "t.id"
                                            ],
                                            "Hash Buckets": 4194304,
                                            "Original Hash Buckets": 4194304,
                                            "Hash Batches": 1,
                                            "Original Hash Batches": 1,
                                            "Peak Memory Usage": 131776,
                                            "Workers": [
                                                {
                                                    "Worker Number": 0,
                                                    "Actual Startup Time": 280.783,
                                                    "Actual Total Time": 280.784,
                                                    "Actual Rows": 348880,
                                                    "Actual Loops": 1
                                                },
                                                {
                                                    "Worker Number": 1,
                                                    "Actual Startup Time": 280.858,
                                                    "Actual Total Time": 280.859,
                                                    "Actual Rows": 350239,
                                                    "Actual Loops": 1
                                                },
                                                {
                                                    "Worker Number": 2,
                                                    "Actual Startup Time": 280.817,
                                                    "Actual Total Time": 280.819,
                                                    "Actual Rows": 348998,
                                                    "Actual Loops": 1
                                                },
                                                {
                                                    "Worker Number": 3,
                                                    "Actual Startup Time": 280.931,
                                                    "Actual Total Time": 280.932,
                                                    "Actual Rows": 342254,
                                                    "Actual Loops": 1
                                                },
                                                {
                                                    "Worker Number": 4,
                                                    "Actual Startup Time": 280.981,
                                                    "Actual Total Time": 280.982,
                                                    "Actual Rows": 348079,
                                                    "Actual Loops": 1
                                                },
                                                {
                                                    "Worker Number": 5,
                                                    "Actual Startup Time": 281.177,
                                                    "Actual Total Time": 281.178,
                                                    "Actual Rows": 340791,
                                                    "Actual Loops": 1
                                                }
                                            ],
                                            "Plans": [
                                                {
                                                    "Node Type": "Seq Scan",
                                                    "Parent Relationship": "Outer",
                                                    "Parallel Aware": true,
                                                    "Relation Name": "title",
                                                    "Schema": "public",
                                                    "Alias": "t",
                                                    "Startup Cost": 0.0,
                                                    "Total Cost": 42318.81,
                                                    "Plan Rows": 632080,
                                                    "Plan Width": 4,
                                                    "Actual Startup Time": 0.038,
                                                    "Actual Total Time": 82.921,
                                                    "Actual Rows": 361187,
                                                    "Actual Loops": 7,
                                                    "Output": [
                                                        "t.id"
                                                    ],
                                                    "Workers": [
                                                        {
                                                            "Worker Number": 0,
                                                            "Actual Startup Time": 0.06,
                                                            "Actual Total Time": 85.716,
                                                            "Actual Rows": 348880,
                                                            "Actual Loops": 1
                                                        },
                                                        {
                                                            "Worker Number": 1,
                                                            "Actual Startup Time": 0.044,
                                                            "Actual Total Time": 86.267,
                                                            "Actual Rows": 350239,
                                                            "Actual Loops": 1
                                                        },
                                                        {
                                                            "Worker Number": 2,
                                                            "Actual Startup Time": 0.043,
                                                            "Actual Total Time": 85.793,
                                                            "Actual Rows": 348998,
                                                            "Actual Loops": 1
                                                        },
                                                        {
                                                            "Worker Number": 3,
                                                            "Actual Startup Time": 0.024,
                                                            "Actual Total Time": 84.754,
                                                            "Actual Rows": 342254,
                                                            "Actual Loops": 1
                                                        },
                                                        {
                                                            "Worker Number": 4,
                                                            "Actual Startup Time": 0.043,
                                                            "Actual Total Time": 85.714,
                                                            "Actual Rows": 348079,
                                                            "Actual Loops": 1
                                                        },
                                                        {
                                                            "Worker Number": 5,
                                                            "Actual Startup Time": 0.039,
                                                            "Actual Total Time": 84.212,
                                                            "Actual Rows": 340791,
                                                            "Actual Loops": 1
                                                        }
                                                    ]
                                                }
                                            ]
                                        }
                                    ]
                                }
                            ]
                        }
                    ]
                }
            ]
        },
        "Planning Time": 2314.748,
        "Triggers": [],
        "Execution Time": 875.849
    }
]