[
    {
        "Bao": {
            "Bao prediction": "NaN",
            "Bao recommended hint": "(no hint)"
        }
    },
    {
        "Plan": {
            "Node Type": "Aggregate",
            "Strategy": "Plain",
            "Partial Mode": "Finalize",
            "Parallel Aware": false,
            "Startup Cost": 40401.65,
            "Total Cost": 40401.66,
            "Plan Rows": 1,
            "Plan Width": 8,
            "Actual Startup Time": 119.011,
            "Actual Total Time": 126.457,
            "Actual Rows": 1,
            "Actual Loops": 1,
            "Output": [
                "count(*)"
            ],
            "Plans": [
                {
                    "Node Type": "Gather",
                    "Parent Relationship": "Outer",
                    "Parallel Aware": false,
                    "Startup Cost": 40401.33,
                    "Total Cost": 40401.64,
                    "Plan Rows": 3,
                    "Plan Width": 8,
                    "Actual Startup Time": 118.79,
                    "Actual Total Time": 126.449,
                    "Actual Rows": 4,
                    "Actual Loops": 1,
                    "Output": [
                        "(PARTIAL count(*))"
                    ],
                    "Workers Planned": 3,
                    "Workers Launched": 3,
                    "Single Copy": false,
                    "Plans": [
                        {
                            "Node Type": "Aggregate",
                            "Strategy": "Plain",
                            "Partial Mode": "Partial",
                            "Parent Relationship": "Outer",
                            "Parallel Aware": false,
                            "Startup Cost": 39401.33,
                            "Total Cost": 39401.34,
                            "Plan Rows": 1,
                            "Plan Width": 8,
                            "Actual Startup Time": 110.109,
                            "Actual Total Time": 110.111,
                            "Actual Rows": 1,
                            "Actual Loops": 4,
                            "Output": [
                                "PARTIAL count(*)"
                            ],
                            "Workers": [
                                {
                                    "Worker Number": 0,
                                    "Actual Startup Time": 107.103,
                                    "Actual Total Time": 107.105,
                                    "Actual Rows": 1,
                                    "Actual Loops": 1
                                },
                                {
                                    "Worker Number": 1,
                                    "Actual Startup Time": 107.227,
                                    "Actual Total Time": 107.229,
                                    "Actual Rows": 1,
                                    "Actual Loops": 1
                                },
                                {
                                    "Worker Number": 2,
                                    "Actual Startup Time": 107.598,
                                    "Actual Total Time": 107.6,
                                    "Actual Rows": 1,
                                    "Actual Loops": 1
                                }
                            ],
                            "Plans": [
                                {
                                    "Node Type": "Bitmap Heap Scan",
                                    "Parent Relationship": "Outer",
                                    "Parallel Aware": true,
                                    "Relation Name": "movie_keyword",
                                    "Schema": "public",
                                    "Alias": "mk",
                                    "Startup Cost": 12171.07,
                                    "Total Cost": 38938.62,
                                    "Plan Rows": 185084,
                                    "Plan Width": 0,
                                    "Actual Startup Time": 30.21,
                                    "Actual Total Time": 102.12,
                                    "Actual Rows": 144409,
                                    "Actual Loops": 4,
                                    "Recheck Cond": "(mk.keyword_id < 408)",
                                    "Rows Removed by Index Recheck": 0,
                                    "Exact Heap Blocks": 10555,
                                    "Lossy Heap Blocks": 0,
                                    "Workers": [
                                        {
                                            "Worker Number": 0,
                                            "Actual Startup Time": 27.299,
                                            "Actual Total Time": 100.057,
                                            "Actual Rows": 108447,
                                            "Actual Loops": 1
                                        },
                                        {
                                            "Worker Number": 1,
                                            "Actual Startup Time": 27.518,
                                            "Actual Total Time": 100.377,
                                            "Actual Rows": 108133,
                                            "Actual Loops": 1
                                        },
                                        {
                                            "Worker Number": 2,
                                            "Actual Startup Time": 27.753,
                                            "Actual Total Time": 100.318,
                                            "Actual Rows": 110818,
                                            "Actual Loops": 1
                                        }
                                    ],
                                    "Plans": [
                                        {
                                            "Node Type": "Bitmap Index Scan",
                                            "Parent Relationship": "Outer",
                                            "Parallel Aware": false,
                                            "Index Name": "keyword_id_movie_keyword",
                                            "Startup Cost": 0.0,
                                            "Total Cost": 12027.63,
                                            "Plan Rows": 573760,
                                            "Plan Width": 0,
                                            "Actual Startup Time": 34.729,
                                            "Actual Total Time": 34.729,
                                            "Actual Rows": 577636,
                                            "Actual Loops": 1,
                                            "Index Cond": "(mk.keyword_id < 408)"
                                        }
                                    ]
                                }
                            ]
                        }
                    ]
                }
            ]
        },
        "Planning Time": 177.177,
        "Triggers": [],
        "Execution Time": 126.514
    }
]