[
  {
    "Plan": {
      "Node Type": "Aggregate",
      "Strategy": "Plain",
      "Partial Mode": "Finalize",
      "Parallel Aware": false,
      "Startup Cost": 111110.93,
      "Total Cost": 111110.94,
      "Plan Rows": 1,
      "Plan Width": 8,
      "Actual Startup Time": 993.751,
      "Actual Total Time": 1023.965,
      "Actual Rows": 1,
      "Actual Loops": 1,
      "Plans": [
        {
          "Node Type": "Gather",
          "Parent Relationship": "Outer",
          "Parallel Aware": false,
          "Startup Cost": 111110.61,
          "Total Cost": 111110.92,
          "Plan Rows": 3,
          "Plan Width": 8,
          "Actual Startup Time": 989.935,
          "Actual Total Time": 1023.954,
          "Actual Rows": 4,
          "Actual Loops": 1,
          "Workers Planned": 3,
          "Workers Launched": 3,
          "Single Copy": false,
          "Plans": [
            {
              "Node Type": "Aggregate",
              "Strategy": "Plain",
              "Partial Mode": "Partial",
              "Parent Relationship": "Outer",
              "Parallel Aware": false,
              "Startup Cost": 110110.61,
              "Total Cost": 110110.62,
              "Plan Rows": 1,
              "Plan Width": 8,
              "Actual Startup Time": 983.177,
              "Actual Total Time": 983.181,
              "Actual Rows": 1,
              "Actual Loops": 4,
              "Plans": [
                {
                  "Node Type": "Nested Loop",
                  "Parent Relationship": "Outer",
                  "Parallel Aware": false,
                  "Join Type": "Inner",
                  "Startup Cost": 45582.62,
                  "Total Cost": 109968.55,
                  "Plan Rows": 56822,
                  "Plan Width": 0,
                  "Actual Startup Time": 146.798,
                  "Actual Total Time": 906.817,
                  "Actual Rows": 1332678,
                  "Actual Loops": 4,
                  "Inner Unique": false,
                  "Join Filter": "(t.id = mi.movie_id)",
                  "Rows Removed by Join Filter": 0,
                  "Plans": [
                    {
                      "Node Type": "Hash Join",
                      "Parent Relationship": "Outer",
                      "Parallel Aware": true,
                      "Join Type": "Inner",
                      "Startup Cost": 45582.19,
                      "Total Cost": 90234.09,
                      "Plan Rows": 9677,
                      "Plan Width": 8,
                      "Actual Startup Time": 146.652,
                      "Actual Total Time": 301.424,
                      "Actual Rows": 15662,
                      "Actual Loops": 4,
                      "Inner Unique": true,
                      "Hash Cond": "(mk.movie_id = t.id)",
                      "Plans": [
                        {
                          "Node Type": "Seq Scan",
                          "Parent Relationship": "Outer",
                          "Parallel Aware": true,
                          "Relation Name": "movie_keyword",
                          "Alias": "mk",
                          "Startup Cost": 0.0,
                          "Total Cost": 42695.65,
                          "Plan Rows": 745237,
                          "Plan Width": 4,
                          "Actual Startup Time": 0.356,
                          "Actual Total Time": 133.338,
                          "Actual Rows": 573979,
                          "Actual Loops": 4,
                          "Filter": "(keyword_id > 4577)",
                          "Rows Removed by Filter": 557004
                        },
                        {
                          "Node Type": "Hash",
                          "Parent Relationship": "Inner",
                          "Parallel Aware": true,
                          "Startup Cost": 45479.59,
                          "Total Cost": 45479.59,
                          "Plan Rows": 8208,
                          "Plan Width": 4,
                          "Actual Startup Time": 110.914,
                          "Actual Total Time": 110.915,
                          "Actual Rows": 7026,
                          "Actual Loops": 4,
                          "Hash Buckets": 65536,
                          "Original Hash Buckets": 65536,
                          "Hash Batches": 1,
                          "Original Hash Batches": 1,
                          "Peak Memory Usage": 1664,
                          "Plans": [
                            {
                              "Node Type": "Seq Scan",
                              "Parent Relationship": "Outer",
                              "Parallel Aware": true,
                              "Relation Name": "title",
                              "Alias": "t",
                              "Startup Cost": 0.0,
                              "Total Cost": 45479.59,
                              "Plan Rows": 8208,
                              "Plan Width": 4,
                              "Actual Startup Time": 65.774,
                              "Actual Total Time": 107.673,
                              "Actual Rows": 7026,
                              "Actual Loops": 4,
                              "Filter": "((kind_id = 1) AND (production_year = 2009))",
                              "Rows Removed by Filter": 625052
                            }
                          ]
                        }
                      ]
                    },
                    {
                      "Node Type": "Index Only Scan",
                      "Parent Relationship": "Inner",
                      "Parallel Aware": false,
                      "Scan Direction": "Forward",
                      "Index Name": "movie_id_movie_info",
                      "Relation Name": "movie_info",
                      "Alias": "mi",
                      "Startup Cost": 0.43,
                      "Total Cost": 1.53,
                      "Plan Rows": 41,
                      "Plan Width": 4,
                      "Actual Startup Time": 0.006,
                      "Actual Total Time": 0.029,
                      "Actual Rows": 85,
                      "Actual Loops": 62646,
                      "Index Cond": "(movie_id = mk.movie_id)",
                      "Rows Removed by Index Recheck": 0,
                      "Heap Fetches": 5330712
                    }
                  ]
                }
              ]
            }
          ]
        }
      ]
    },
    "Planning Time": 0.635,
    "Triggers": [],
    "Execution Time": 1024.026
  }
]