[
  {
    "Plan": {
      "Node Type": "Aggregate",
      "Strategy": "Plain",
      "Partial Mode": "Finalize",
      "Parallel Aware": false,
      "Startup Cost": 44918.74,
      "Total Cost": 44918.75,
      "Plan Rows": 1,
      "Plan Width": 8,
      "Actual Startup Time": 118.453,
      "Actual Total Time": 126.994,
      "Actual Rows": 1,
      "Actual Loops": 1,
      "Plans": [
        {
          "Node Type": "Gather",
          "Parent Relationship": "Outer",
          "Parallel Aware": false,
          "Startup Cost": 44918.42,
          "Total Cost": 44918.73,
          "Plan Rows": 3,
          "Plan Width": 8,
          "Actual Startup Time": 118.345,
          "Actual Total Time": 126.987,
          "Actual Rows": 4,
          "Actual Loops": 1,
          "Workers Planned": 3,
          "Workers Launched": 3,
          "Single Copy": false,
          "Plans": [
            {
              "Node Type": "Aggregate",
              "Strategy": "Plain",
              "Partial Mode": "Partial",
              "Parent Relationship": "Outer",
              "Parallel Aware": false,
              "Startup Cost": 43918.42,
              "Total Cost": 43918.43,
              "Plan Rows": 1,
              "Plan Width": 8,
              "Actual Startup Time": 113.884,
              "Actual Total Time": 113.886,
              "Actual Rows": 1,
              "Actual Loops": 4,
              "Plans": [
                {
                  "Node Type": "Seq Scan",
                  "Parent Relationship": "Outer",
                  "Parallel Aware": true,
                  "Relation Name": "movie_keyword",
                  "Alias": "mk",
                  "Startup Cost": 0.0,
                  "Total Cost": 42695.65,
                  "Plan Rows": 489106,
                  "Plan Width": 0,
                  "Actual Startup Time": 0.522,
                  "Actual Total Time": 97.159,
                  "Actual Rows": 375942,
                  "Actual Loops": 4,
                  "Filter": "(keyword_id > 10775)",
                  "Rows Removed by Filter": 755041
                }
              ]
            }
          ]
        }
      ]
    },
    "Planning Time": 0.065,
    "Triggers": [],
    "Execution Time": 127.016
  }
]