[
  {
    "Plan": {
      "Node Type": "Aggregate",
      "Strategy": "Plain",
      "Partial Mode": "Finalize",
      "Parallel Aware": false,
      "Startup Cost": 210154.21,
      "Total Cost": 210154.22,
      "Plan Rows": 1,
      "Plan Width": 8,
      "Actual Startup Time": 589.687,
      "Actual Total Time": 618.56,
      "Actual Rows": 1,
      "Actual Loops": 1,
      "Plans": [
        {
          "Node Type": "Gather",
          "Parent Relationship": "Outer",
          "Parallel Aware": false,
          "Startup Cost": 210153.89,
          "Total Cost": 210154.2,
          "Plan Rows": 3,
          "Plan Width": 8,
          "Actual Startup Time": 587.987,
          "Actual Total Time": 618.55,
          "Actual Rows": 4,
          "Actual Loops": 1,
          "Workers Planned": 3,
          "Workers Launched": 3,
          "Single Copy": false,
          "Plans": [
            {
              "Node Type": "Aggregate",
              "Strategy": "Plain",
              "Partial Mode": "Partial",
              "Parent Relationship": "Outer",
              "Parallel Aware": false,
              "Startup Cost": 209153.89,
              "Total Cost": 209153.9,
              "Plan Rows": 1,
              "Plan Width": 8,
              "Actual Startup Time": 578.131,
              "Actual Total Time": 578.213,
              "Actual Rows": 1,
              "Actual Loops": 4,
              "Plans": [
                {
                  "Node Type": "Hash Join",
                  "Parent Relationship": "Outer",
                  "Parallel Aware": true,
                  "Join Type": "Inner",
                  "Startup Cost": 161344.59,
                  "Total Cost": 208863.73,
                  "Plan Rows": 116065,
                  "Plan Width": 0,
                  "Actual Startup Time": 379.302,
                  "Actual Total Time": 571.064,
                  "Actual Rows": 167478,
                  "Actual Loops": 4,
                  "Inner Unique": false,
                  "Hash Cond": "(mk.movie_id = t.id)",
                  "Plans": [
                    {
                      "Node Type": "Seq Scan",
                      "Parent Relationship": "Outer",
                      "Parallel Aware": true,
                      "Relation Name": "movie_keyword",
                      "Alias": "mk",
                      "Startup Cost": 0.0,
                      "Total Cost": 42695.65,
                      "Plan Rows": 1208887,
                      "Plan Width": 4,
                      "Actual Startup Time": 0.025,
                      "Actual Total Time": 111.023,
                      "Actual Rows": 939488,
                      "Actual Loops": 4,
                      "Filter": "(keyword_id < 24415)",
                      "Rows Removed by Filter": 191495
                    },
                    {
                      "Node Type": "Hash",
                      "Parent Relationship": "Inner",
                      "Parallel Aware": true,
                      "Startup Cost": 160586.03,
                      "Total Cost": 160586.03,
                      "Plan Rows": 60685,
                      "Plan Width": 8,
                      "Actual Startup Time": 376.877,
                      "Actual Total Time": 376.958,
                      "Actual Rows": 43708,
                      "Actual Loops": 4,
                      "Hash Buckets": 262144,
                      "Original Hash Buckets": 262144,
                      "Hash Batches": 1,
                      "Original Hash Batches": 1,
                      "Peak Memory Usage": 8928,
                      "Plans": [
                        {
                          "Node Type": "Hash Join",
                          "Parent Relationship": "Outer",
                          "Parallel Aware": true,
                          "Join Type": "Inner",
                          "Startup Cost": 111035.11,
                          "Total Cost": 160586.03,
                          "Plan Rows": 60685,
                          "Plan Width": 8,
                          "Actual Startup Time": 190.566,
                          "Actual Total Time": 362.45,
                          "Actual Rows": 43708,
                          "Actual Loops": 4,
                          "Inner Unique": false,
                          "Hash Cond": "(t.id = ci.movie_id)",
                          "Plans": [
                            {
                              "Node Type": "Seq Scan",
                              "Parent Relationship": "Outer",
                              "Parallel Aware": true,
                              "Relation Name": "title",
                              "Alias": "t",
                              "Startup Cost": 0.0,
                              "Total Cost": 42318.73,
                              "Plan Rows": 632073,
                              "Plan Width": 4,
                              "Actual Startup Time": 0.01,
                              "Actual Total Time": 73.877,
                              "Actual Rows": 632078,
                              "Actual Loops": 4
                            },
                            {
                              "Node Type": "Hash",
                              "Parent Relationship": "Inner",
                              "Parallel Aware": true,
                              "Startup Cost": 110428.26,
                              "Total Cost": 110428.26,
                              "Plan Rows": 48548,
                              "Plan Width": 4,
                              "Actual Startup Time": 189.308,
                              "Actual Total Time": 189.309,
                              "Actual Rows": 43708,
                              "Actual Loops": 4,
                              "Hash Buckets": 262144,
                              "Original Hash Buckets": 262144,
                              "Hash Batches": 1,
                              "Original Hash Batches": 1,
                              "Peak Memory Usage": 8960,
                              "Plans": [
                                {
                                  "Node Type": "Index Scan",
                                  "Parent Relationship": "Outer",
                                  "Parallel Aware": true,
                                  "Scan Direction": "Forward",
                                  "Index Name": "role_id_cast_info",
                                  "Relation Name": "cast_info",
                                  "Alias": "ci",
                                  "Startup Cost": 0.56,
                                  "Total Cost": 110428.26,
                                  "Plan Rows": 48548,
                                  "Plan Width": 4,
                                  "Actual Startup Time": 0.263,
                                  "Actual Total Time": 174.153,
                                  "Actual Rows": 43708,
                                  "Actual Loops": 4,
                                  "Index Cond": "(role_id = 3)",
                                  "Rows Removed by Index Recheck": 0,
                                  "Filter": "(person_id < 212283)",
                                  "Rows Removed by Filter": 958302
                                }
                              ]
                            }
                          ]
                        }
                      ]
                    }
                  ]
                }
              ]
            }
          ]
        }
      ]
    },
    "Planning Time": 1.352,
    "Triggers": [],
    "Execution Time": 618.704
  }
]