[
  {
    "Plan": {
      "Node Type": "Aggregate",
      "Strategy": "Plain",
      "Partial Mode": "Finalize",
      "Parallel Aware": false,
      "Startup Cost": 51814.26,
      "Total Cost": 51814.27,
      "Plan Rows": 1,
      "Plan Width": 8,
      "Actual Startup Time": 88.139,
      "Actual Total Time": 102.158,
      "Actual Rows": 1,
      "Actual Loops": 1,
      "Plans": [
        {
          "Node Type": "Gather",
          "Parent Relationship": "Outer",
          "Parallel Aware": false,
          "Startup Cost": 51813.84,
          "Total Cost": 51814.25,
          "Plan Rows": 4,
          "Plan Width": 8,
          "Actual Startup Time": 87.966,
          "Actual Total Time": 102.148,
          "Actual Rows": 5,
          "Actual Loops": 1,
          "Workers Planned": 4,
          "Workers Launched": 4,
          "Single Copy": false,
          "Plans": [
            {
              "Node Type": "Aggregate",
              "Strategy": "Plain",
              "Partial Mode": "Partial",
              "Parent Relationship": "Outer",
              "Parallel Aware": false,
              "Startup Cost": 50813.84,
              "Total Cost": 50813.85,
              "Plan Rows": 1,
              "Plan Width": 8,
              "Actual Startup Time": 83.281,
              "Actual Total Time": 83.283,
              "Actual Rows": 1,
              "Actual Loops": 5,
              "Plans": [
                {
                  "Node Type": "Nested Loop",
                  "Parent Relationship": "Outer",
                  "Parallel Aware": false,
                  "Join Type": "Inner",
                  "Startup Cost": 0.43,
                  "Total Cost": 50812.86,
                  "Plan Rows": 391,
                  "Plan Width": 0,
                  "Actual Startup Time": 42.059,
                  "Actual Total Time": 83.155,
                  "Actual Rows": 1490,
                  "Actual Loops": 5,
                  "Inner Unique": false,
                  "Plans": [
                    {
                      "Node Type": "Seq Scan",
                      "Parent Relationship": "Outer",
                      "Parallel Aware": true,
                      "Relation Name": "title",
                      "Alias": "t",
                      "Startup Cost": 0.0,
                      "Total Cost": 43899.32,
                      "Plan Rows": 379,
                      "Plan Width": 4,
                      "Actual Startup Time": 33.441,
                      "Actual Total Time": 74.671,
                      "Actual Rows": 497,
                      "Actual Loops": 5,
                      "Filter": "(production_year = 1939)",
                      "Rows Removed by Filter": 505166
                    },
                    {
                      "Node Type": "Index Only Scan",
                      "Parent Relationship": "Inner",
                      "Parallel Aware": false,
                      "Scan Direction": "Forward",
                      "Index Name": "movie_id_movie_companies",
                      "Relation Name": "movie_companies",
                      "Alias": "mc",
                      "Startup Cost": 0.43,
                      "Total Cost": 18.19,
                      "Plan Rows": 5,
                      "Plan Width": 4,
                      "Actual Startup Time": 0.013,
                      "Actual Total Time": 0.016,
                      "Actual Rows": 3,
                      "Actual Loops": 2483,
                      "Index Cond": "(movie_id = t.id)",
                      "Rows Removed by Index Recheck": 0,
                      "Heap Fetches": 7448
                    }
                  ]
                }
              ]
            }
          ]
        }
      ]
    },
    "Planning Time": 0.337,
    "Triggers": [],
    "Execution Time": 102.202
  }
]