{
  "Plan": {
    "Node Type": "Aggregate",
    "Strategy": "Plain",
    "Partial Mode": "Finalize",
    "Parallel Aware": false,
    "Startup Cost": 555063.8,
    "Total Cost": 555063.81,
    "Plan Rows": 1,
    "Plan Width": 8,
    "Actual Startup Time": 2791.862,
    "Actual Total Time": 2822.67,
    "Actual Rows": 1,
    "Actual Loops": 1,
    "Plans": [
      {
        "Node Type": "Gather",
        "Parent Relationship": "Outer",
        "Parallel Aware": false,
        "Startup Cost": 555063.69,
        "Total Cost": 555063.8,
        "Plan Rows": 1,
        "Plan Width": 8,
        "Actual Startup Time": 2785.823,
        "Actual Total Time": 2822.66,
        "Actual Rows": 2,
        "Actual Loops": 1,
        "Workers Planned": 1,
        "Workers Launched": 1,
        "Single Copy": false,
        "Plans": [
          {
            "Node Type": "Aggregate",
            "Strategy": "Plain",
            "Partial Mode": "Partial",
            "Parent Relationship": "Outer",
            "Parallel Aware": false,
            "Startup Cost": 554063.69,
            "Total Cost": 554063.7,
            "Plan Rows": 1,
            "Plan Width": 8,
            "Actual Startup Time": 2772.849,
            "Actual Total Time": 2772.853,
            "Actual Rows": 1,
            "Actual Loops": 2,
            "Plans": [
              {
                "Node Type": "Hash Join",
                "Parent Relationship": "Outer",
                "Parallel Aware": true,
                "Join Type": "Inner",
                "Startup Cost": 227290.21,
                "Total Cost": 543554.97,
                "Plan Rows": 4203487,
                "Plan Width": 0,
                "Actual Startup Time": 797.554,
                "Actual Total Time": 2627.894,
                "Actual Rows": 3505087,
                "Actual Loops": 2,
                "Inner Unique": true,
                "Hash Cond": "(ci.movie_id = t.id)",
                "Plans": [
                  {
                    "Node Type": "Bitmap Heap Scan",
                    "Parent Relationship": "Outer",
                    "Parallel Aware": true,
                    "Relation Name": "cast_info",
                    "Alias": "ci",
                    "Startup Cost": 157829.51,
                    "Total Cost": 463060.1,
                    "Plan Rows": 4203487,
                    "Plan Width": 4,
                    "Actual Startup Time": 264.582,
                    "Actual Total Time": 646.868,
                    "Actual Rows": 3505087,
                    "Actual Loops": 2,
                    "Recheck Cond": "(person_id > 2964199)",
                    "Rows Removed by Index Recheck": 0,
                    "Exact Heap Blocks": 44435,
                    "Lossy Heap Blocks": 0,
                    "Plans": [
                      {
                        "Node Type": "Bitmap Index Scan",
                        "Parent Relationship": "Outer",
                        "Parallel Aware": false,
                        "Index Name": "person_id_cast_info",
                        "Startup Cost": 0.0,
                        "Total Cost": 156043.02,
                        "Plan Rows": 7145928,
                        "Plan Width": 0,
                        "Actual Startup Time": 249.349,
                        "Actual Total Time": 249.349,
                        "Actual Rows": 7010174,
                        "Actual Loops": 1,
                        "Index Cond": "(person_id > 2964199)"
                      }
                    ]
                  },
                  {
                    "Node Type": "Hash",
                    "Parent Relationship": "Inner",
                    "Parallel Aware": true,
                    "Startup Cost": 50870.31,
                    "Total Cost": 50870.31,
                    "Plan Rows": 1487231,
                    "Plan Width": 4,
                    "Actual Startup Time": 510.142,
                    "Actual Total Time": 510.142,
                    "Actual Rows": 1264156,
                    "Actual Loops": 2,
                    "Hash Buckets": 4194304,
                    "Original Hash Buckets": 4194304,
                    "Hash Batches": 1,
                    "Original Hash Batches": 1,
                    "Peak Memory Usage": 131712,
                    "Plans": [
                      {
                        "Node Type": "Seq Scan",
                        "Parent Relationship": "Outer",
                        "Parallel Aware": true,
                        "Relation Name": "title",
                        "Alias": "t",
                        "Startup Cost": 0.0,
                        "Total Cost": 50870.31,
                        "Plan Rows": 1487231,
                        "Plan Width": 4,
                        "Actual Startup Time": 0.026,
                        "Actual Total Time": 150.091,
                        "Actual Rows": 1264156,
                        "Actual Loops": 2
                      }
                    ]
                  }
                ]
              }
            ]
          }
        ]
      }
    ]
  },
  "Planning Time": 0.733,
  "Triggers": [],
  "Execution Time": 2822.763
}