[
    {
        "Bao": {
            "Bao prediction": 246.242,
            "Bao recommended hint": "SET enable_mergejoin TO off; SET enable_indexscan TO off; "
        }
    },
    {
        "Plan": {
            "Node Type": "Aggregate",
            "Strategy": "Plain",
            "Partial Mode": "Simple",
            "Parallel Aware": false,
            "Startup Cost": 53096.2,
            "Total Cost": 53096.21,
            "Plan Rows": 1,
            "Plan Width": 64,
            "Actual Startup Time": 273.02,
            "Actual Total Time": 282.249,
            "Actual Rows": 1,
            "Actual Loops": 1,
            "Output": [
                "min((kt.kind)::text)",
                "min(t.title)"
            ],
            "Plans": [
                {
                    "Node Type": "Nested Loop",
                    "Parent Relationship": "Outer",
                    "Parallel Aware": false,
                    "Join Type": "Inner",
                    "Startup Cost": 4239.58,
                    "Total Cost": 53096.19,
                    "Plan Rows": 1,
                    "Plan Width": 27,
                    "Actual Startup Time": 254.847,
                    "Actual Total Time": 281.868,
                    "Actual Rows": 618,
                    "Actual Loops": 1,
                    "Output": [
                        "kt.kind",
                        "t.title"
                    ],
                    "Inner Unique": true,
                    "Plans": [
                        {
                            "Node Type": "Nested Loop",
                            "Parent Relationship": "Outer",
                            "Parallel Aware": false,
                            "Join Type": "Inner",
                            "Startup Cost": 4239.15,
                            "Total Cost": 53091.75,
                            "Plan Rows": 1,
                            "Plan Width": 31,
                            "Actual Startup Time": 254.807,
                            "Actual Total Time": 276.2,
                            "Actual Rows": 618,
                            "Actual Loops": 1,
                            "Output": [
                                "mk.keyword_id",
                                "t.title",
                                "kt.kind"
                            ],
                            "Inner Unique": true,
                            "Join Filter": "(mc.company_type_id = ct.id)",
                            "Rows Removed by Join Filter": 615,
                            "Plans": [
                                {
                                    "Node Type": "Nested Loop",
                                    "Parent Relationship": "Outer",
                                    "Parallel Aware": false,
                                    "Join Type": "Inner",
                                    "Startup Cost": 4239.15,
                                    "Total Cost": 53090.66,
                                    "Plan Rows": 1,
                                    "Plan Width": 35,
                                    "Actual Startup Time": 254.797,
                                    "Actual Total Time": 273.646,
                                    "Actual Rows": 618,
                                    "Actual Loops": 1,
                                    "Output": [
                                        "mc.company_type_id",
                                        "mk.keyword_id",
                                        "t.title",
                                        "kt.kind"
                                    ],
                                    "Inner Unique": true,
                                    "Plans": [
                                        {
                                            "Node Type": "Nested Loop",
                                            "Parent Relationship": "Outer",
                                            "Parallel Aware": false,
                                            "Join Type": "Inner",
                                            "Startup Cost": 4238.72,
                                            "Total Cost": 53086.22,
                                            "Plan Rows": 1,
                                            "Plan Width": 39,
                                            "Actual Startup Time": 254.733,
                                            "Actual Total Time": 268.948,
                                            "Actual Rows": 618,
                                            "Actual Loops": 1,
                                            "Output": [
                                                "mc.company_id",
                                                "mc.company_type_id",
                                                "mk.keyword_id",
                                                "t.title",
                                                "kt.kind"
                                            ],
                                            "Inner Unique": false,
                                            "Join Filter": "(t.id = mc.movie_id)",
                                            "Rows Removed by Join Filter": 0,
                                            "Plans": [
                                                {
                                                    "Node Type": "Nested Loop",
                                                    "Parent Relationship": "Outer",
                                                    "Parallel Aware": false,
                                                    "Join Type": "Inner",
                                                    "Startup Cost": 4238.25,
                                                    "Total Cost": 53081.61,
                                                    "Plan Rows": 1,
                                                    "Plan Width": 47,
                                                    "Actual Startup Time": 254.679,
                                                    "Actual Total Time": 264.294,
                                                    "Actual Rows": 615,
                                                    "Actual Loops": 1,
                                                    "Output": [
                                                        "cc.movie_id",
                                                        "mi.movie_id",
                                                        "mk.movie_id",
                                                        "mk.keyword_id",
                                                        "t.title",
                                                        "t.id",
                                                        "kt.kind"
                                                    ],
                                                    "Inner Unique": false,
                                                    "Plans": [
                                                        {
                                                            "Node Type": "Gather",
                                                            "Parent Relationship": "Outer",
                                                            "Parallel Aware": false,
                                                            "Startup Cost": 4237.39,
                                                            "Total Cost": 53075.73,
                                                            "Plan Rows": 1,
                                                            "Plan Width": 39,
                                                            "Actual Startup Time": 254.608,
                                                            "Actual Total Time": 263.841,
                                                            "Actual Rows": 5,
                                                            "Actual Loops": 1,
                                                            "Output": [
                                                                "cc.movie_id",
                                                                "mi.movie_id",
                                                                "t.title",
                                                                "t.id",
                                                                "kt.kind"
                                                            ],
                                                            "Workers Planned": 4,
                                                            "Workers Launched": 4,
                                                            "Single Copy": false,
                                                            "Plans": [
                                                                {
                                                                    "Node Type": "Nested Loop",
                                                                    "Parent Relationship": "Outer",
                                                                    "Parallel Aware": false,
                                                                    "Join Type": "Inner",
                                                                    "Startup Cost": 3237.39,
                                                                    "Total Cost": 52075.63,
                                                                    "Plan Rows": 1,
                                                                    "Plan Width": 39,
                                                                    "Actual Startup Time": 235.05,
                                                                    "Actual Total Time": 242.549,
                                                                    "Actual Rows": 1,
                                                                    "Actual Loops": 5,
                                                                    "Output": [
                                                                        "cc.movie_id",
                                                                        "mi.movie_id",
                                                                        "t.title",
                                                                        "t.id",
                                                                        "kt.kind"
                                                                    ],
                                                                    "Inner Unique": true,
                                                                    "Join Filter": "(mi.info_type_id = it1.id)",
                                                                    "Rows Removed by Join Filter": 0,
                                                                    "Workers": [
                                                                        {
                                                                            "Worker Number": 0,
                                                                            "Actual Startup Time": 219.063,
                                                                            "Actual Total Time": 239.553,
                                                                            "Actual Rows": 4,
                                                                            "Actual Loops": 1
                                                                        },
                                                                        {
                                                                            "Worker Number": 1,
                                                                            "Actual Startup Time": 239.992,
                                                                            "Actual Total Time": 239.999,
                                                                            "Actual Rows": 0,
                                                                            "Actual Loops": 1
                                                                        },
                                                                        {
                                                                            "Worker Number": 2,
                                                                            "Actual Startup Time": 223.027,
                                                                            "Actual Total Time": 239.99,
                                                                            "Actual Rows": 1,
                                                                            "Actual Loops": 1
                                                                        },
                                                                        {
                                                                            "Worker Number": 3,
                                                                            "Actual Startup Time": 240.444,
                                                                            "Actual Total Time": 240.451,
                                                                            "Actual Rows": 0,
                                                                            "Actual Loops": 1
                                                                        }
                                                                    ],
                                                                    "Plans": [
                                                                        {
                                                                            "Node Type": "Nested Loop",
                                                                            "Parent Relationship": "Outer",
                                                                            "Parallel Aware": false,
                                                                            "Join Type": "Inner",
                                                                            "Startup Cost": 3237.39,
                                                                            "Total Cost": 52073.2,
                                                                            "Plan Rows": 1,
                                                                            "Plan Width": 43,
                                                                            "Actual Startup Time": 235.031,
                                                                            "Actual Total Time": 242.525,
                                                                            "Actual Rows": 1,
                                                                            "Actual Loops": 5,
                                                                            "Output": [
                                                                                "cc.movie_id",
                                                                                "mi.movie_id",
                                                                                "mi.info_type_id",
                                                                                "t.title",
                                                                                "t.id",
                                                                                "kt.kind"
                                                                            ],
                                                                            "Inner Unique": false,
                                                                            "Workers": [
                                                                                {
                                                                                    "Worker Number": 0,
                                                                                    "Actual Startup Time": 219.015,
                                                                                    "Actual Total Time": 239.482,
                                                                                    "Actual Rows": 4,
                                                                                    "Actual Loops": 1
                                                                                },
                                                                                {
                                                                                    "Worker Number": 1,
                                                                                    "Actual Startup Time": 239.991,
                                                                                    "Actual Total Time": 239.997,
                                                                                    "Actual Rows": 0,
                                                                                    "Actual Loops": 1
                                                                                },
                                                                                {
                                                                                    "Worker Number": 2,
                                                                                    "Actual Startup Time": 222.986,
                                                                                    "Actual Total Time": 239.948,
                                                                                    "Actual Rows": 1,
                                                                                    "Actual Loops": 1
                                                                                },
                                                                                {
                                                                                    "Worker Number": 3,
                                                                                    "Actual Startup Time": 240.443,
                                                                                    "Actual Total Time": 240.449,
                                                                                    "Actual Rows": 0,
                                                                                    "Actual Loops": 1
                                                                                }
                                                                            ],
                                                                            "Plans": [
                                                                                {
                                                                                    "Node Type": "Hash Join",
                                                                                    "Parent Relationship": "Outer",
                                                                                    "Parallel Aware": false,
                                                                                    "Join Type": "Inner",
                                                                                    "Startup Cost": 3236.49,
                                                                                    "Total Cost": 48442.18,
                                                                                    "Plan Rows": 633,
                                                                                    "Plan Width": 35,
                                                                                    "Actual Startup Time": 156.57,
                                                                                    "Actual Total Time": 206.239,
                                                                                    "Actual Rows": 171,
                                                                                    "Actual Loops": 5,
                                                                                    "Output": [
                                                                                        "cc.movie_id",
                                                                                        "t.title",
                                                                                        "t.id",
                                                                                        "kt.kind"
                                                                                    ],
                                                                                    "Inner Unique": true,
                                                                                    "Hash Cond": "(t.kind_id = kt.id)",
                                                                                    "Workers": [
                                                                                        {
                                                                                            "Worker Number": 0,
                                                                                            "Actual Startup Time": 152.995,
                                                                                            "Actual Total Time": 200.855,
                                                                                            "Actual Rows": 177,
                                                                                            "Actual Loops": 1
                                                                                        },
                                                                                        {
                                                                                            "Worker Number": 1,
                                                                                            "Actual Startup Time": 153.669,
                                                                                            "Actual Total Time": 203.813,
                                                                                            "Actual Rows": 165,
                                                                                            "Actual Loops": 1
                                                                                        },
                                                                                        {
                                                                                            "Worker Number": 2,
                                                                                            "Actual Startup Time": 154.322,
                                                                                            "Actual Total Time": 204.818,
                                                                                            "Actual Rows": 167,
                                                                                            "Actual Loops": 1
                                                                                        },
                                                                                        {
                                                                                            "Worker Number": 3,
                                                                                            "Actual Startup Time": 154.152,
                                                                                            "Actual Total Time": 207.595,
                                                                                            "Actual Rows": 157,
                                                                                            "Actual Loops": 1
                                                                                        }
                                                                                    ],
                                                                                    "Plans": [
                                                                                        {
                                                                                            "Node Type": "Hash Join",
                                                                                            "Parent Relationship": "Outer",
                                                                                            "Parallel Aware": false,
                                                                                            "Join Type": "Inner",
                                                                                            "Startup Cost": 3235.39,
                                                                                            "Total Cost": 48422.42,
                                                                                            "Plan Rows": 4429,
                                                                                            "Plan Width": 29,
                                                                                            "Actual Startup Time": 49.082,
                                                                                            "Actual Total Time": 205.546,
                                                                                            "Actual Rows": 373,
                                                                                            "Actual Loops": 5,
                                                                                            "Output": [
                                                                                                "cc.movie_id",
                                                                                                "t.title",
                                                                                                "t.kind_id",
                                                                                                "t.id"
                                                                                            ],
                                                                                            "Inner Unique": false,
                                                                                            "Hash Cond": "(t.id = cc.movie_id)",
                                                                                            "Workers": [
                                                                                                {
                                                                                                    "Worker Number": 0,
                                                                                                    "Actual Startup Time": 47.352,
                                                                                                    "Actual Total Time": 200.104,
                                                                                                    "Actual Rows": 352,
                                                                                                    "Actual Loops": 1
                                                                                                },
                                                                                                {
                                                                                                    "Worker Number": 1,
                                                                                                    "Actual Startup Time": 48.541,
                                                                                                    "Actual Total Time": 202.993,
                                                                                                    "Actual Rows": 372,
                                                                                                    "Actual Loops": 1
                                                                                                },
                                                                                                {
                                                                                                    "Worker Number": 2,
                                                                                                    "Actual Startup Time": 48.532,
                                                                                                    "Actual Total Time": 203.991,
                                                                                                    "Actual Rows": 372,
                                                                                                    "Actual Loops": 1
                                                                                                },
                                                                                                {
                                                                                                    "Worker Number": 3,
                                                                                                    "Actual Startup Time": 46.796,
                                                                                                    "Actual Total Time": 206.865,
                                                                                                    "Actual Rows": 366,
                                                                                                    "Actual Loops": 1
                                                                                                }
                                                                                            ],
                                                                                            "Plans": [
                                                                                                {
                                                                                                    "Node Type": "Seq Scan",
                                                                                                    "Parent Relationship": "Outer",
                                                                                                    "Parallel Aware": true,
                                                                                                    "Relation Name": "title",
                                                                                                    "Schema": "public",
                                                                                                    "Alias": "t",
                                                                                                    "Startup Cost": 0.0,
                                                                                                    "Total Cost": 43899.32,
                                                                                                    "Plan Rows": 331578,
                                                                                                    "Plan Width": 25,
                                                                                                    "Actual Startup Time": 0.064,
                                                                                                    "Actual Total Time": 114.076,
                                                                                                    "Actual Rows": 264573,
                                                                                                    "Actual Loops": 5,
                                                                                                    "Output": [
                                                                                                        "t.id",
                                                                                                        "t.title",
                                                                                                        "t.imdb_index",
                                                                                                        "t.kind_id",
                                                                                                        "t.production_year",
                                                                                                        "t.imdb_id",
                                                                                                        "t.phonetic_code",
                                                                                                        "t.episode_of_id",
                                                                                                        "t.season_nr",
                                                                                                        "t.episode_nr",
                                                                                                        "t.series_years",
                                                                                                        "t.md5sum"
                                                                                                    ],
                                                                                                    "Filter": "(t.production_year > 2001)",
                                                                                                    "Rows Removed by Filter": 241090,
                                                                                                    "Workers": [
                                                                                                        {
                                                                                                            "Worker Number": 0,
                                                                                                            "Actual Startup Time": 0.071,
                                                                                                            "Actual Total Time": 110.655,
                                                                                                            "Actual Rows": 255101,
                                                                                                            "Actual Loops": 1
                                                                                                        },
                                                                                                        {
                                                                                                            "Worker Number": 1,
                                                                                                            "Actual Startup Time": 0.081,
                                                                                                            "Actual Total Time": 113.308,
                                                                                                            "Actual Rows": 262733,
                                                                                                            "Actual Loops": 1
                                                                                                        },
                                                                                                        {
                                                                                                            "Worker Number": 2,
                                                                                                            "Actual Startup Time": 0.071,
                                                                                                            "Actual Total Time": 114.023,
                                                                                                            "Actual Rows": 264061,
                                                                                                            "Actual Loops": 1
                                                                                                        },
                                                                                                        {
                                                                                                            "Worker Number": 3,
                                                                                                            "Actual Startup Time": 0.07,
                                                                                                            "Actual Total Time": 116.342,
                                                                                                            "Actual Rows": 270280,
                                                                                                            "Actual Loops": 1
                                                                                                        }
                                                                                                    ]
                                                                                                },
                                                                                                {
                                                                                                    "Node Type": "Hash",
                                                                                                    "Parent Relationship": "Inner",
                                                                                                    "Parallel Aware": false,
                                                                                                    "Startup Cost": 2813.24,
                                                                                                    "Total Cost": 2813.24,
                                                                                                    "Plan Rows": 33772,
                                                                                                    "Plan Width": 4,
                                                                                                    "Actual Startup Time": 47.807,
                                                                                                    "Actual Total Time": 47.811,
                                                                                                    "Actual Rows": 24592,
                                                                                                    "Actual Loops": 5,
                                                                                                    "Output": [
                                                                                                        "cc.movie_id"
                                                                                                    ],
                                                                                                    "Hash Buckets": 65536,
                                                                                                    "Original Hash Buckets": 65536,
                                                                                                    "Hash Batches": 1,
                                                                                                    "Original Hash Batches": 1,
                                                                                                    "Peak Memory Usage": 1377,
                                                                                                    "Workers": [
                                                                                                        {
                                                                                                            "Worker Number": 0,
                                                                                                            "Actual Startup Time": 46.194,
                                                                                                            "Actual Total Time": 46.198,
                                                                                                            "Actual Rows": 24592,
                                                                                                            "Actual Loops": 1
                                                                                                        },
                                                                                                        {
                                                                                                            "Worker Number": 1,
                                                                                                            "Actual Startup Time": 47.153,
                                                                                                            "Actual Total Time": 47.157,
                                                                                                            "Actual Rows": 24592,
                                                                                                            "Actual Loops": 1
                                                                                                        },
                                                                                                        {
                                                                                                            "Worker Number": 2,
                                                                                                            "Actual Startup Time": 47.083,
                                                                                                            "Actual Total Time": 47.087,
                                                                                                            "Actual Rows": 24592,
                                                                                                            "Actual Loops": 1
                                                                                                        },
                                                                                                        {
                                                                                                            "Worker Number": 3,
                                                                                                            "Actual Startup Time": 45.529,
                                                                                                            "Actual Total Time": 45.532,
                                                                                                            "Actual Rows": 24592,
                                                                                                            "Actual Loops": 1
                                                                                                        }
                                                                                                    ],
                                                                                                    "Plans": [
                                                                                                        {
                                                                                                            "Node Type": "Hash Join",
                                                                                                            "Parent Relationship": "Outer",
                                                                                                            "Parallel Aware": false,
                                                                                                            "Join Type": "Inner",
                                                                                                            "Startup Cost": 1.06,
                                                                                                            "Total Cost": 2813.24,
                                                                                                            "Plan Rows": 33772,
                                                                                                            "Plan Width": 4,
                                                                                                            "Actual Startup Time": 0.193,
                                                                                                            "Actual Total Time": 41.031,
                                                                                                            "Actual Rows": 24592,
                                                                                                            "Actual Loops": 5,
                                                                                                            "Output": [
                                                                                                                "cc.movie_id"
                                                                                                            ],
                                                                                                            "Inner Unique": true,
                                                                                                            "Hash Cond": "(cc.status_id = cct1.id)",
                                                                                                            "Workers": [
                                                                                                                {
                                                                                                                    "Worker Number": 0,
                                                                                                                    "Actual Startup Time": 0.23,
                                                                                                                    "Actual Total Time": 39.61,
                                                                                                                    "Actual Rows": 24592,
                                                                                                                    "Actual Loops": 1
                                                                                                                },
                                                                                                                {
                                                                                                                    "Worker Number": 1,
                                                                                                                    "Actual Startup Time": 0.205,
                                                                                                                    "Actual Total Time": 40.618,
                                                                                                                    "Actual Rows": 24592,
                                                                                                                    "Actual Loops": 1
                                                                                                                },
                                                                                                                {
                                                                                                                    "Worker Number": 2,
                                                                                                                    "Actual Startup Time": 0.167,
                                                                                                                    "Actual Total Time": 40.484,
                                                                                                                    "Actual Rows": 24592,
                                                                                                                    "Actual Loops": 1
                                                                                                                },
                                                                                                                {
                                                                                                                    "Worker Number": 3,
                                                                                                                    "Actual Startup Time": 0.227,
                                                                                                                    "Actual Total Time": 38.948,
                                                                                                                    "Actual Rows": 24592,
                                                                                                                    "Actual Loops": 1
                                                                                                                }
                                                                                                            ],
                                                                                                            "Plans": [
                                                                                                                {
                                                                                                                    "Node Type": "Seq Scan",
                                                                                                                    "Parent Relationship": "Outer",
                                                                                                                    "Parallel Aware": false,
                                                                                                                    "Relation Name": "complete_cast",
                                                                                                                    "Schema": "public",
                                                                                                                    "Alias": "cc",
                                                                                                                    "Startup Cost": 0.0,
                                                                                                                    "Total Cost": 2081.86,
                                                                                                                    "Plan Rows": 135086,
                                                                                                                    "Plan Width": 8,
                                                                                                                    "Actual Startup Time": 0.07,
                                                                                                                    "Actual Total Time": 19.913,
                                                                                                                    "Actual Rows": 135086,
                                                                                                                    "Actual Loops": 5,
                                                                                                                    "Output": [
                                                                                                                        "cc.id",
                                                                                                                        "cc.movie_id",
                                                                                                                        "cc.subject_id",
                                                                                                                        "cc.status_id"
                                                                                                                    ],
                                                                                                                    "Workers": [
                                                                                                                        {
                                                                                                                            "Worker Number": 0,
                                                                                                                            "Actual Startup Time": 0.084,
                                                                                                                            "Actual Total Time": 18.985,
                                                                                                                            "Actual Rows": 135086,
                                                                                                                            "Actual Loops": 1
                                                                                                                        },
                                                                                                                        {
                                                                                                                            "Worker Number": 1,
                                                                                                                            "Actual Startup Time": 0.092,
                                                                                                                            "Actual Total Time": 20.313,
                                                                                                                            "Actual Rows": 135086,
                                                                                                                            "Actual Loops": 1
                                                                                                                        },
                                                                                                                        {
                                                                                                                            "Worker Number": 2,
                                                                                                                            "Actual Startup Time": 0.061,
                                                                                                                            "Actual Total Time": 20.155,
                                                                                                                            "Actual Rows": 135086,
                                                                                                                            "Actual Loops": 1
                                                                                                                        },
                                                                                                                        {
                                                                                                                            "Worker Number": 3,
                                                                                                                            "Actual Startup Time": 0.08,
                                                                                                                            "Actual Total Time": 18.28,
                                                                                                                            "Actual Rows": 135086,
                                                                                                                            "Actual Loops": 1
                                                                                                                        }
                                                                                                                    ]
                                                                                                                },
                                                                                                                {
                                                                                                                    "Node Type": "Hash",
                                                                                                                    "Parent Relationship": "Inner",
                                                                                                                    "Parallel Aware": false,
                                                                                                                    "Startup Cost": 1.05,
                                                                                                                    "Total Cost": 1.05,
                                                                                                                    "Plan Rows": 1,
                                                                                                                    "Plan Width": 4,
                                                                                                                    "Actual Startup Time": 0.074,
                                                                                                                    "Actual Total Time": 0.075,
                                                                                                                    "Actual Rows": 1,
                                                                                                                    "Actual Loops": 5,
                                                                                                                    "Output": [
                                                                                                                        "cct1.id"
                                                                                                                    ],
                                                                                                                    "Hash Buckets": 1024,
                                                                                                                    "Original Hash Buckets": 1024,
                                                                                                                    "Hash Batches": 1,
                                                                                                                    "Original Hash Batches": 1,
                                                                                                                    "Peak Memory Usage": 9,
                                                                                                                    "Workers": [
                                                                                                                        {
                                                                                                                            "Worker Number": 0,
                                                                                                                            "Actual Startup Time": 0.092,
                                                                                                                            "Actual Total Time": 0.094,
                                                                                                                            "Actual Rows": 1,
                                                                                                                            "Actual Loops": 1
                                                                                                                        },
                                                                                                                        {
                                                                                                                            "Worker Number": 1,
                                                                                                                            "Actual Startup Time": 0.072,
                                                                                                                            "Actual Total Time": 0.073,
                                                                                                                            "Actual Rows": 1,
                                                                                                                            "Actual Loops": 1
                                                                                                                        },
                                                                                                                        {
                                                                                                                            "Worker Number": 2,
                                                                                                                            "Actual Startup Time": 0.065,
                                                                                                                            "Actual Total Time": 0.066,
                                                                                                                            "Actual Rows": 1,
                                                                                                                            "Actual Loops": 1
                                                                                                                        },
                                                                                                                        {
                                                                                                                            "Worker Number": 3,
                                                                                                                            "Actual Startup Time": 0.094,
                                                                                                                            "Actual Total Time": 0.095,
                                                                                                                            "Actual Rows": 1,
                                                                                                                            "Actual Loops": 1
                                                                                                                        }
                                                                                                                    ],
                                                                                                                    "Plans": [
                                                                                                                        {
                                                                                                                            "Node Type": "Seq Scan",
                                                                                                                            "Parent Relationship": "Outer",
                                                                                                                            "Parallel Aware": false,
                                                                                                                            "Relation Name": "comp_cast_type",
                                                                                                                            "Schema": "public",
                                                                                                                            "Alias": "cct1",
                                                                                                                            "Startup Cost": 0.0,
                                                                                                                            "Total Cost": 1.05,
                                                                                                                            "Plan Rows": 1,
                                                                                                                            "Plan Width": 4,
                                                                                                                            "Actual Startup Time": 0.058,
                                                                                                                            "Actual Total Time": 0.06,
                                                                                                                            "Actual Rows": 1,
                                                                                                                            "Actual Loops": 5,
                                                                                                                            "Output": [
                                                                                                                                "cct1.id"
                                                                                                                            ],
                                                                                                                            "Filter": "((cct1.kind)::text = 'complete+verified'::text)",
                                                                                                                            "Rows Removed by Filter": 3,
                                                                                                                            "Workers": [
                                                                                                                                {
                                                                                                                                    "Worker Number": 0,
                                                                                                                                    "Actual Startup Time": 0.078,
                                                                                                                                    "Actual Total Time": 0.08,
                                                                                                                                    "Actual Rows": 1,
                                                                                                                                    "Actual Loops": 1
                                                                                                                                },
                                                                                                                                {
                                                                                                                                    "Worker Number": 1,
                                                                                                                                    "Actual Startup Time": 0.062,
                                                                                                                                    "Actual Total Time": 0.063,
                                                                                                                                    "Actual Rows": 1,
                                                                                                                                    "Actual Loops": 1
                                                                                                                                },
                                                                                                                                {
                                                                                                                                    "Worker Number": 2,
                                                                                                                                    "Actual Startup Time": 0.055,
                                                                                                                                    "Actual Total Time": 0.057,
                                                                                                                                    "Actual Rows": 1,
                                                                                                                                    "Actual Loops": 1
                                                                                                                                },
                                                                                                                                {
                                                                                                                                    "Worker Number": 3,
                                                                                                                                    "Actual Startup Time": 0.08,
                                                                                                                                    "Actual Total Time": 0.082,
                                                                                                                                    "Actual Rows": 1,
                                                                                                                                    "Actual Loops": 1
                                                                                                                                }
                                                                                                                            ]
                                                                                                                        }
                                                                                                                    ]
                                                                                                                }
                                                                                                            ]
                                                                                                        }
                                                                                                    ]
                                                                                                }
                                                                                            ]
                                                                                        },
                                                                                        {
                                                                                            "Node Type": "Hash",
                                                                                            "Parent Relationship": "Inner",
                                                                                            "Parallel Aware": false,
                                                                                            "Startup Cost": 1.09,
                                                                                            "Total Cost": 1.09,
                                                                                            "Plan Rows": 1,
                                                                                            "Plan Width": 14,
                                                                                            "Actual Startup Time": 0.094,
                                                                                            "Actual Total Time": 0.095,
                                                                                            "Actual Rows": 1,
                                                                                            "Actual Loops": 5,
                                                                                            "Output": [
                                                                                                "kt.kind",
                                                                                                "kt.id"
                                                                                            ],
                                                                                            "Hash Buckets": 1024,
                                                                                            "Original Hash Buckets": 1024,
                                                                                            "Hash Batches": 1,
                                                                                            "Original Hash Batches": 1,
                                                                                            "Peak Memory Usage": 9,
                                                                                            "Workers": [
                                                                                                {
                                                                                                    "Worker Number": 0,
                                                                                                    "Actual Startup Time": 0.096,
                                                                                                    "Actual Total Time": 0.097,
                                                                                                    "Actual Rows": 1,
                                                                                                    "Actual Loops": 1
                                                                                                },
                                                                                                {
                                                                                                    "Worker Number": 1,
                                                                                                    "Actual Startup Time": 0.107,
                                                                                                    "Actual Total Time": 0.108,
                                                                                                    "Actual Rows": 1,
                                                                                                    "Actual Loops": 1
                                                                                                },
                                                                                                {
                                                                                                    "Worker Number": 2,
                                                                                                    "Actual Startup Time": 0.115,
                                                                                                    "Actual Total Time": 0.116,
                                                                                                    "Actual Rows": 1,
                                                                                                    "Actual Loops": 1
                                                                                                },
                                                                                                {
                                                                                                    "Worker Number": 3,
                                                                                                    "Actual Startup Time": 0.097,
                                                                                                    "Actual Total Time": 0.098,
                                                                                                    "Actual Rows": 1,
                                                                                                    "Actual Loops": 1
                                                                                                }
                                                                                            ],
                                                                                            "Plans": [
                                                                                                {
                                                                                                    "Node Type": "Seq Scan",
                                                                                                    "Parent Relationship": "Outer",
                                                                                                    "Parallel Aware": false,
                                                                                                    "Relation Name": "kind_type",
                                                                                                    "Schema": "public",
                                                                                                    "Alias": "kt",
                                                                                                    "Startup Cost": 0.0,
                                                                                                    "Total Cost": 1.09,
                                                                                                    "Plan Rows": 1,
                                                                                                    "Plan Width": 14,
                                                                                                    "Actual Startup Time": 0.065,
                                                                                                    "Actual Total Time": 0.07,
                                                                                                    "Actual Rows": 1,
                                                                                                    "Actual Loops": 5,
                                                                                                    "Output": [
                                                                                                        "kt.kind",
                                                                                                        "kt.id"
                                                                                                    ],
                                                                                                    "Filter": "((kt.kind)::text = 'movie'::text)",
                                                                                                    "Rows Removed by Filter": 6,
                                                                                                    "Workers": [
                                                                                                        {
                                                                                                            "Worker Number": 0,
                                                                                                            "Actual Startup Time": 0.067,
                                                                                                            "Actual Total Time": 0.072,
                                                                                                            "Actual Rows": 1,
                                                                                                            "Actual Loops": 1
                                                                                                        },
                                                                                                        {
                                                                                                            "Worker Number": 1,
                                                                                                            "Actual Startup Time": 0.078,
                                                                                                            "Actual Total Time": 0.083,
                                                                                                            "Actual Rows": 1,
                                                                                                            "Actual Loops": 1
                                                                                                        },
                                                                                                        {
                                                                                                            "Worker Number": 2,
                                                                                                            "Actual Startup Time": 0.087,
                                                                                                            "Actual Total Time": 0.092,
                                                                                                            "Actual Rows": 1,
                                                                                                            "Actual Loops": 1
                                                                                                        },
                                                                                                        {
                                                                                                            "Worker Number": 3,
                                                                                                            "Actual Startup Time": 0.069,
                                                                                                            "Actual Total Time": 0.074,
                                                                                                            "Actual Rows": 1,
                                                                                                            "Actual Loops": 1
                                                                                                        }
                                                                                                    ]
                                                                                                }
                                                                                            ]
                                                                                        }
                                                                                    ]
                                                                                },
                                                                                {
                                                                                    "Node Type": "Bitmap Heap Scan",
                                                                                    "Parent Relationship": "Inner",
                                                                                    "Parallel Aware": false,
                                                                                    "Relation Name": "movie_info",
                                                                                    "Schema": "public",
                                                                                    "Alias": "mi",
                                                                                    "Startup Cost": 0.91,
                                                                                    "Total Cost": 5.73,
                                                                                    "Plan Rows": 1,
                                                                                    "Plan Width": 8,
                                                                                    "Actual Startup Time": 0.209,
                                                                                    "Actual Total Time": 0.209,
                                                                                    "Actual Rows": 0,
                                                                                    "Actual Loops": 853,
                                                                                    "Output": [
                                                                                        "mi.id",
                                                                                        "mi.movie_id",
                                                                                        "mi.info_type_id",
                                                                                        "mi.info",
                                                                                        "mi.note"
                                                                                    ],
                                                                                    "Recheck Cond": "(mi.movie_id = t.id)",
                                                                                    "Rows Removed by Index Recheck": 0,
                                                                                    "Filter": "((mi.info IS NOT NULL) AND (mi.note ~~ '%internet%'::text) AND ((mi.info ~~ 'USA:% 199%'::text) OR (mi.info ~~ 'USA:% 200%'::text)))",
                                                                                    "Rows Removed by Filter": 214,
                                                                                    "Exact Heap Blocks": 4326,
                                                                                    "Lossy Heap Blocks": 0,
                                                                                    "Workers": [
                                                                                        {
                                                                                            "Worker Number": 0,
                                                                                            "Actual Startup Time": 0.214,
                                                                                            "Actual Total Time": 0.215,
                                                                                            "Actual Rows": 0,
                                                                                            "Actual Loops": 177
                                                                                        },
                                                                                        {
                                                                                            "Worker Number": 1,
                                                                                            "Actual Startup Time": 0.216,
                                                                                            "Actual Total Time": 0.216,
                                                                                            "Actual Rows": 0,
                                                                                            "Actual Loops": 165
                                                                                        },
                                                                                        {
                                                                                            "Worker Number": 2,
                                                                                            "Actual Startup Time": 0.207,
                                                                                            "Actual Total Time": 0.207,
                                                                                            "Actual Rows": 0,
                                                                                            "Actual Loops": 167
                                                                                        },
                                                                                        {
                                                                                            "Worker Number": 3,
                                                                                            "Actual Startup Time": 0.206,
                                                                                            "Actual Total Time": 0.206,
                                                                                            "Actual Rows": 0,
                                                                                            "Actual Loops": 157
                                                                                        }
                                                                                    ],
                                                                                    "Plans": [
                                                                                        {
                                                                                            "Node Type": "Bitmap Index Scan",
                                                                                            "Parent Relationship": "Outer",
                                                                                            "Parallel Aware": false,
                                                                                            "Index Name": "movie_id_movie_info",
                                                                                            "Startup Cost": 0.0,
                                                                                            "Total Cost": 0.91,
                                                                                            "Plan Rows": 41,
                                                                                            "Plan Width": 0,
                                                                                            "Actual Startup Time": 0.035,
                                                                                            "Actual Total Time": 0.035,
                                                                                            "Actual Rows": 214,
                                                                                            "Actual Loops": 853,
                                                                                            "Index Cond": "(mi.movie_id = t.id)",
                                                                                            "Workers": [
                                                                                                {
                                                                                                    "Worker Number": 0,
                                                                                                    "Actual Startup Time": 0.035,
                                                                                                    "Actual Total Time": 0.035,
                                                                                                    "Actual Rows": 225,
                                                                                                    "Actual Loops": 177
                                                                                                },
                                                                                                {
                                                                                                    "Worker Number": 1,
                                                                                                    "Actual Startup Time": 0.036,
                                                                                                    "Actual Total Time": 0.036,
                                                                                                    "Actual Rows": 209,
                                                                                                    "Actual Loops": 165
                                                                                                },
                                                                                                {
                                                                                                    "Worker Number": 2,
                                                                                                    "Actual Startup Time": 0.035,
                                                                                                    "Actual Total Time": 0.035,
                                                                                                    "Actual Rows": 200,
                                                                                                    "Actual Loops": 167
                                                                                                },
                                                                                                {
                                                                                                    "Worker Number": 3,
                                                                                                    "Actual Startup Time": 0.035,
                                                                                                    "Actual Total Time": 0.035,
                                                                                                    "Actual Rows": 208,
                                                                                                    "Actual Loops": 157
                                                                                                }
                                                                                            ]
                                                                                        }
                                                                                    ]
                                                                                }
                                                                            ]
                                                                        },
                                                                        {
                                                                            "Node Type": "Seq Scan",
                                                                            "Parent Relationship": "Inner",
                                                                            "Parallel Aware": false,
                                                                            "Relation Name": "info_type",
                                                                            "Schema": "public",
                                                                            "Alias": "it1",
                                                                            "Startup Cost": 0.0,
                                                                            "Total Cost": 2.41,
                                                                            "Plan Rows": 1,
                                                                            "Plan Width": 4,
                                                                            "Actual Startup Time": 0.019,
                                                                            "Actual Total Time": 0.019,
                                                                            "Actual Rows": 1,
                                                                            "Actual Loops": 5,
                                                                            "Output": [
                                                                                "it1.id",
                                                                                "it1.info"
                                                                            ],
                                                                            "Filter": "((it1.info)::text = 'release dates'::text)",
                                                                            "Rows Removed by Filter": 15,
                                                                            "Workers": [
                                                                                {
                                                                                    "Worker Number": 0,
                                                                                    "Actual Startup Time": 0.014,
                                                                                    "Actual Total Time": 0.014,
                                                                                    "Actual Rows": 1,
                                                                                    "Actual Loops": 4
                                                                                },
                                                                                {
                                                                                    "Worker Number": 2,
                                                                                    "Actual Startup Time": 0.037,
                                                                                    "Actual Total Time": 0.037,
                                                                                    "Actual Rows": 1,
                                                                                    "Actual Loops": 1
                                                                                }
                                                                            ]
                                                                        }
                                                                    ]
                                                                }
                                                            ]
                                                        },
                                                        {
                                                            "Node Type": "Bitmap Heap Scan",
                                                            "Parent Relationship": "Inner",
                                                            "Parallel Aware": false,
                                                            "Relation Name": "movie_keyword",
                                                            "Schema": "public",
                                                            "Alias": "mk",
                                                            "Startup Cost": 0.85,
                                                            "Total Cost": 5.43,
                                                            "Plan Rows": 46,
                                                            "Plan Width": 8,
                                                            "Actual Startup Time": 0.031,
                                                            "Actual Total Time": 0.056,
                                                            "Actual Rows": 123,
                                                            "Actual Loops": 5,
                                                            "Output": [
                                                                "mk.id",
                                                                "mk.movie_id",
                                                                "mk.keyword_id"
                                                            ],
                                                            "Recheck Cond": "(mk.movie_id = t.id)",
                                                            "Rows Removed by Index Recheck": 0,
                                                            "Exact Heap Blocks": 9,
                                                            "Lossy Heap Blocks": 0,
                                                            "Plans": [
                                                                {
                                                                    "Node Type": "Bitmap Index Scan",
                                                                    "Parent Relationship": "Outer",
                                                                    "Parallel Aware": false,
                                                                    "Index Name": "movie_id_movie_keyword",
                                                                    "Startup Cost": 0.0,
                                                                    "Total Cost": 0.84,
                                                                    "Plan Rows": 46,
                                                                    "Plan Width": 0,
                                                                    "Actual Startup Time": 0.02,
                                                                    "Actual Total Time": 0.02,
                                                                    "Actual Rows": 123,
                                                                    "Actual Loops": 5,
                                                                    "Index Cond": "(mk.movie_id = t.id)"
                                                                }
                                                            ]
                                                        }
                                                    ]
                                                },
                                                {
                                                    "Node Type": "Bitmap Heap Scan",
                                                    "Parent Relationship": "Inner",
                                                    "Parallel Aware": false,
                                                    "Relation Name": "movie_companies",
                                                    "Schema": "public",
                                                    "Alias": "mc",
                                                    "Startup Cost": 0.48,
                                                    "Total Cost": 4.54,
                                                    "Plan Rows": 5,
                                                    "Plan Width": 12,
                                                    "Actual Startup Time": 0.004,
                                                    "Actual Total Time": 0.005,
                                                    "Actual Rows": 1,
                                                    "Actual Loops": 615,
                                                    "Output": [
                                                        "mc.id",
                                                        "mc.movie_id",
                                                        "mc.company_id",
                                                        "mc.company_type_id",
                                                        "mc.note"
                                                    ],
                                                    "Recheck Cond": "(mc.movie_id = mk.movie_id)",
                                                    "Rows Removed by Index Recheck": 0,
                                                    "Exact Heap Blocks": 618,
                                                    "Lossy Heap Blocks": 0,
                                                    "Plans": [
                                                        {
                                                            "Node Type": "Bitmap Index Scan",
                                                            "Parent Relationship": "Outer",
                                                            "Parallel Aware": false,
                                                            "Index Name": "movie_id_movie_companies",
                                                            "Startup Cost": 0.0,
                                                            "Total Cost": 0.48,
                                                            "Plan Rows": 5,
                                                            "Plan Width": 0,
                                                            "Actual Startup Time": 0.003,
                                                            "Actual Total Time": 0.003,
                                                            "Actual Rows": 1,
                                                            "Actual Loops": 615,
                                                            "Index Cond": "(mc.movie_id = mk.movie_id)"
                                                        }
                                                    ]
                                                }
                                            ]
                                        },
                                        {
                                            "Node Type": "Bitmap Heap Scan",
                                            "Parent Relationship": "Inner",
                                            "Parallel Aware": false,
                                            "Relation Name": "company_name",
                                            "Schema": "public",
                                            "Alias": "cn",
                                            "Startup Cost": 0.43,
                                            "Total Cost": 4.44,
                                            "Plan Rows": 1,
                                            "Plan Width": 4,
                                            "Actual Startup Time": 0.005,
                                            "Actual Total Time": 0.005,
                                            "Actual Rows": 1,
                                            "Actual Loops": 618,
                                            "Output": [
                                                "cn.id",
                                                "cn.name",
                                                "cn.country_code",
                                                "cn.imdb_id",
                                                "cn.name_pcode_nf",
                                                "cn.name_pcode_sf",
                                                "cn.md5sum"
                                            ],
                                            "Recheck Cond": "(cn.id = mc.company_id)",
                                            "Rows Removed by Index Recheck": 0,
                                            "Filter": "((cn.country_code)::text = '[us]'::text)",
                                            "Rows Removed by Filter": 0,
                                            "Exact Heap Blocks": 618,
                                            "Lossy Heap Blocks": 0,
                                            "Plans": [
                                                {
                                                    "Node Type": "Bitmap Index Scan",
                                                    "Parent Relationship": "Outer",
                                                    "Parallel Aware": false,
                                                    "Index Name": "company_name_pkey",
                                                    "Startup Cost": 0.0,
                                                    "Total Cost": 0.43,
                                                    "Plan Rows": 1,
                                                    "Plan Width": 0,
                                                    "Actual Startup Time": 0.003,
                                                    "Actual Total Time": 0.003,
                                                    "Actual Rows": 1,
                                                    "Actual Loops": 618,
                                                    "Index Cond": "(cn.id = mc.company_id)"
                                                }
                                            ]
                                        }
                                    ]
                                },
                                {
                                    "Node Type": "Seq Scan",
                                    "Parent Relationship": "Inner",
                                    "Parallel Aware": false,
                                    "Relation Name": "company_type",
                                    "Schema": "public",
                                    "Alias": "ct",
                                    "Startup Cost": 0.0,
                                    "Total Cost": 1.04,
                                    "Plan Rows": 4,
                                    "Plan Width": 4,
                                    "Actual Startup Time": 0.001,
                                    "Actual Total Time": 0.001,
                                    "Actual Rows": 2,
                                    "Actual Loops": 618,
                                    "Output": [
                                        "ct.id",
                                        "ct.kind"
                                    ]
                                }
                            ]
                        },
                        {
                            "Node Type": "Bitmap Heap Scan",
                            "Parent Relationship": "Inner",
                            "Parallel Aware": false,
                            "Relation Name": "keyword",
                            "Schema": "public",
                            "Alias": "k",
                            "Startup Cost": 0.43,
                            "Total Cost": 4.44,
                            "Plan Rows": 1,
                            "Plan Width": 4,
                            "Actual Startup Time": 0.006,
                            "Actual Total Time": 0.006,
                            "Actual Rows": 1,
                            "Actual Loops": 618,
                            "Output": [
                                "k.id",
                                "k.keyword",
                                "k.phonetic_code"
                            ],
                            "Recheck Cond": "(k.id = mk.keyword_id)",
                            "Rows Removed by Index Recheck": 0,
                            "Exact Heap Blocks": 618,
                            "Lossy Heap Blocks": 0,
                            "Plans": [
                                {
                                    "Node Type": "Bitmap Index Scan",
                                    "Parent Relationship": "Outer",
                                    "Parallel Aware": false,
                                    "Index Name": "keyword_pkey",
                                    "Startup Cost": 0.0,
                                    "Total Cost": 0.43,
                                    "Plan Rows": 1,
                                    "Plan Width": 0,
                                    "Actual Startup Time": 0.004,
                                    "Actual Total Time": 0.004,
                                    "Actual Rows": 1,
                                    "Actual Loops": 618,
                                    "Index Cond": "(k.id = mk.keyword_id)"
                                }
                            ]
                        }
                    ]
                }
            ]
        },
        "Planning Time": 1355.91,
        "Triggers": [],
        "Execution Time": 283.505
    }
]