[
  {
    "Plan": {
      "Node Type": "Aggregate",
      "Strategy": "Plain",
      "Partial Mode": "Finalize",
      "Parallel Aware": false,
      "Startup Cost": 347143.19,
      "Total Cost": 347143.2,
      "Plan Rows": 1,
      "Plan Width": 8,
      "Actual Startup Time": 608.237,
      "Actual Total Time": 650.544,
      "Actual Rows": 1,
      "Actual Loops": 1,
      "Plans": [
        {
          "Node Type": "Gather",
          "Parent Relationship": "Outer",
          "Parallel Aware": false,
          "Startup Cost": 347142.57,
          "Total Cost": 347143.18,
          "Plan Rows": 6,
          "Plan Width": 8,
          "Actual Startup Time": 608.029,
          "Actual Total Time": 650.535,
          "Actual Rows": 7,
          "Actual Loops": 1,
          "Workers Planned": 6,
          "Workers Launched": 6,
          "Single Copy": false,
          "Plans": [
            {
              "Node Type": "Aggregate",
              "Strategy": "Plain",
              "Partial Mode": "Partial",
              "Parent Relationship": "Outer",
              "Parallel Aware": false,
              "Startup Cost": 346142.57,
              "Total Cost": 346142.58,
              "Plan Rows": 1,
              "Plan Width": 8,
              "Actual Startup Time": 601.048,
              "Actual Total Time": 601.05,
              "Actual Rows": 1,
              "Actual Loops": 7,
              "Plans": [
                {
                  "Node Type": "Seq Scan",
                  "Parent Relationship": "Outer",
                  "Parallel Aware": true,
                  "Relation Name": "cast_info",
                  "Alias": "ci",
                  "Startup Cost": 0.0,
                  "Total Cost": 343316.27,
                  "Plan Rows": 1130519,
                  "Plan Width": 0,
                  "Actual Startup Time": 338.107,
                  "Actual Total Time": 576.541,
                  "Actual Rows": 540406,
                  "Actual Loops": 7,
                  "Filter": "((person_id > 2839944) AND (role_id < 8))",
                  "Rows Removed by Filter": 4637358
                }
              ]
            }
          ]
        }
      ]
    },
    "Planning Time": 0.09,
    "Triggers": [],
    "Execution Time": 650.587
  }
]