{
  "Plan": {
    "Node Type": "Aggregate",
    "Strategy": "Plain",
    "Partial Mode": "Finalize",
    "Parallel Aware": false,
    "Startup Cost": 101513.22,
    "Total Cost": 101513.23,
    "Plan Rows": 1,
    "Plan Width": 8,
    "Actual Startup Time": 392.732,
    "Actual Total Time": 408.088,
    "Actual Rows": 1,
    "Actual Loops": 1,
    "Plans": [
      {
        "Node Type": "Gather",
        "Parent Relationship": "Outer",
        "Parallel Aware": false,
        "Startup Cost": 101513.11,
        "Total Cost": 101513.22,
        "Plan Rows": 1,
        "Plan Width": 8,
        "Actual Startup Time": 392.492,
        "Actual Total Time": 408.079,
        "Actual Rows": 2,
        "Actual Loops": 1,
        "Workers Planned": 1,
        "Workers Launched": 1,
        "Single Copy": false,
        "Plans": [
          {
            "Node Type": "Aggregate",
            "Strategy": "Plain",
            "Partial Mode": "Partial",
            "Parent Relationship": "Outer",
            "Parallel Aware": false,
            "Startup Cost": 100513.11,
            "Total Cost": 100513.12,
            "Plan Rows": 1,
            "Plan Width": 8,
            "Actual Startup Time": 386.679,
            "Actual Total Time": 386.682,
            "Actual Rows": 1,
            "Actual Loops": 2,
            "Plans": [
              {
                "Node Type": "Hash Join",
                "Parent Relationship": "Outer",
                "Parallel Aware": true,
                "Join Type": "Inner",
                "Startup Cost": 58540.02,
                "Total Cost": 100465.83,
                "Plan Rows": 18909,
                "Plan Width": 0,
                "Actual Startup Time": 156.987,
                "Actual Total Time": 386.402,
                "Actual Rows": 5666,
                "Actual Loops": 2,
                "Inner Unique": true,
                "Hash Cond": "(mc.movie_id = t.id)",
                "Plans": [
                  {
                    "Node Type": "Seq Scan",
                    "Parent Relationship": "Outer",
                    "Parallel Aware": true,
                    "Relation Name": "movie_companies",
                    "Alias": "mc",
                    "Startup Cost": 0.0,
                    "Total Cost": 37974.77,
                    "Plan Rows": 1505155,
                    "Plan Width": 4,
                    "Actual Startup Time": 0.015,
                    "Actual Total Time": 128.996,
                    "Actual Rows": 1280744,
                    "Actual Loops": 2,
                    "Filter": "(company_id < 193307)",
                    "Rows Removed by Filter": 23820
                  },
                  {
                    "Node Type": "Hash",
                    "Parent Relationship": "Inner",
                    "Parallel Aware": true,
                    "Startup Cost": 58306.47,
                    "Total Cost": 58306.47,
                    "Plan Rows": 18684,
                    "Plan Width": 4,
                    "Actual Startup Time": 155.17,
                    "Actual Total Time": 155.171,
                    "Actual Rows": 19849,
                    "Actual Loops": 2,
                    "Hash Buckets": 65536,
                    "Original Hash Buckets": 32768,
                    "Hash Batches": 1,
                    "Original Hash Batches": 1,
                    "Peak Memory Usage": 2368,
                    "Plans": [
                      {
                        "Node Type": "Seq Scan",
                        "Parent Relationship": "Outer",
                        "Parallel Aware": true,
                        "Relation Name": "title",
                        "Alias": "t",
                        "Startup Cost": 0.0,
                        "Total Cost": 58306.47,
                        "Plan Rows": 18684,
                        "Plan Width": 4,
                        "Actual Startup Time": 0.052,
                        "Actual Total Time": 145.354,
                        "Actual Rows": 19849,
                        "Actual Loops": 2,
                        "Filter": "((kind_id = 7) AND (production_year = 2001))",
                        "Rows Removed by Filter": 1244307
                      }
                    ]
                  }
                ]
              }
            ]
          }
        ]
      }
    ]
  },
  "Planning Time": 0.507,
  "Triggers": [],
  "Execution Time": 408.179
}