[
  {
    "Plan": {
      "Node Type": "Aggregate",
      "Strategy": "Plain",
      "Partial Mode": "Finalize",
      "Parallel Aware": false,
      "Startup Cost": 337431.35,
      "Total Cost": 337431.36,
      "Plan Rows": 1,
      "Plan Width": 8,
      "Actual Startup Time": 561.75,
      "Actual Total Time": 576.033,
      "Actual Rows": 1,
      "Actual Loops": 1,
      "Plans": [
        {
          "Node Type": "Gather",
          "Parent Relationship": "Outer",
          "Parallel Aware": false,
          "Startup Cost": 337430.93,
          "Total Cost": 337431.34,
          "Plan Rows": 4,
          "Plan Width": 8,
          "Actual Startup Time": 552.277,
          "Actual Total Time": 576.022,
          "Actual Rows": 5,
          "Actual Loops": 1,
          "Workers Planned": 4,
          "Workers Launched": 4,
          "Single Copy": false,
          "Plans": [
            {
              "Node Type": "Aggregate",
              "Strategy": "Plain",
              "Partial Mode": "Partial",
              "Parent Relationship": "Outer",
              "Parallel Aware": false,
              "Startup Cost": 336430.93,
              "Total Cost": 336430.94,
              "Plan Rows": 1,
              "Plan Width": 8,
              "Actual Startup Time": 542.659,
              "Actual Total Time": 542.85,
              "Actual Rows": 1,
              "Actual Loops": 5,
              "Plans": [
                {
                  "Node Type": "Hash Join",
                  "Parent Relationship": "Outer",
                  "Parallel Aware": true,
                  "Join Type": "Inner",
                  "Startup Cost": 287151.94,
                  "Total Cost": 336047.21,
                  "Plan Rows": 153486,
                  "Plan Width": 0,
                  "Actual Startup Time": 260.9,
                  "Actual Total Time": 530.745,
                  "Actual Rows": 268911,
                  "Actual Loops": 5,
                  "Inner Unique": false,
                  "Hash Cond": "(t.id = ci.movie_id)",
                  "Plans": [
                    {
                      "Node Type": "Seq Scan",
                      "Parent Relationship": "Outer",
                      "Parallel Aware": true,
                      "Relation Name": "title",
                      "Alias": "t",
                      "Startup Cost": 0.0,
                      "Total Cost": 42318.73,
                      "Plan Rows": 632073,
                      "Plan Width": 4,
                      "Actual Startup Time": 0.012,
                      "Actual Total Time": 68.783,
                      "Actual Rows": 505662,
                      "Actual Loops": 5
                    },
                    {
                      "Node Type": "Hash",
                      "Parent Relationship": "Inner",
                      "Parallel Aware": true,
                      "Startup Cost": 285872.89,
                      "Total Cost": 285872.89,
                      "Plan Rows": 102324,
                      "Plan Width": 4,
                      "Actual Startup Time": 256.936,
                      "Actual Total Time": 256.938,
                      "Actual Rows": 268911,
                      "Actual Loops": 5,
                      "Hash Buckets": 2097152,
                      "Original Hash Buckets": 1048576,
                      "Hash Batches": 1,
                      "Original Hash Batches": 1,
                      "Peak Memory Usage": 77248,
                      "Plans": [
                        {
                          "Node Type": "Bitmap Heap Scan",
                          "Parent Relationship": "Outer",
                          "Parallel Aware": true,
                          "Relation Name": "cast_info",
                          "Alias": "ci",
                          "Startup Cost": 29792.93,
                          "Total Cost": 285872.89,
                          "Plan Rows": 102324,
                          "Plan Width": 4,
                          "Actual Startup Time": 53.539,
                          "Actual Total Time": 130.028,
                          "Actual Rows": 268911,
                          "Actual Loops": 5,
                          "Recheck Cond": "(person_id > 3801368)",
                          "Rows Removed by Index Recheck": 0,
                          "Filter": "(role_id > 2)",
                          "Rows Removed by Filter": 0,
                          "Exact Heap Blocks": 5457,
                          "Lossy Heap Blocks": 0,
                          "Plans": [
                            {
                              "Node Type": "Bitmap Index Scan",
                              "Parent Relationship": "Outer",
                              "Parallel Aware": false,
                              "Index Name": "person_id_cast_info",
                              "Startup Cost": 0.0,
                              "Total Cost": 29639.44,
                              "Plan Rows": 1357184,
                              "Plan Width": 0,
                              "Actual Startup Time": 50.532,
                              "Actual Total Time": 50.532,
                              "Actual Rows": 1344556,
                              "Actual Loops": 1,
                              "Index Cond": "(person_id > 3801368)"
                            }
                          ]
                        }
                      ]
                    }
                  ]
                }
              ]
            }
          ]
        }
      ]
    },
    "Planning Time": 0.642,
    "Triggers": [],
    "Execution Time": 576.128
  }
]