[
  {
    "Plan": {
      "Node Type": "Aggregate",
      "Strategy": "Plain",
      "Partial Mode": "Finalize",
      "Parallel Aware": false,
      "Startup Cost": 349868.4,
      "Total Cost": 349868.41,
      "Plan Rows": 1,
      "Plan Width": 8,
      "Actual Startup Time": 873.729,
      "Actual Total Time": 939.183,
      "Actual Rows": 1,
      "Actual Loops": 1,
      "Plans": [
        {
          "Node Type": "Gather",
          "Parent Relationship": "Outer",
          "Parallel Aware": false,
          "Startup Cost": 349867.77,
          "Total Cost": 349868.38,
          "Plan Rows": 6,
          "Plan Width": 8,
          "Actual Startup Time": 873.548,
          "Actual Total Time": 939.172,
          "Actual Rows": 7,
          "Actual Loops": 1,
          "Workers Planned": 6,
          "Workers Launched": 6,
          "Single Copy": false,
          "Plans": [
            {
              "Node Type": "Aggregate",
              "Strategy": "Plain",
              "Partial Mode": "Partial",
              "Parent Relationship": "Outer",
              "Parallel Aware": false,
              "Startup Cost": 348867.77,
              "Total Cost": 348867.78,
              "Plan Rows": 1,
              "Plan Width": 8,
              "Actual Startup Time": 864.154,
              "Actual Total Time": 864.156,
              "Actual Rows": 1,
              "Actual Loops": 7,
              "Plans": [
                {
                  "Node Type": "Seq Scan",
                  "Parent Relationship": "Outer",
                  "Parallel Aware": true,
                  "Relation Name": "cast_info",
                  "Alias": "ci",
                  "Startup Cost": 0.0,
                  "Total Cost": 343316.27,
                  "Plan Rows": 2220601,
                  "Plan Width": 0,
                  "Actual Startup Time": 273.896,
                  "Actual Total Time": 790.929,
                  "Actual Rows": 1161470,
                  "Actual Loops": 7,
                  "Filter": "((person_id < 2095902) AND (role_id > 1))",
                  "Rows Removed by Filter": 4016293
                }
              ]
            }
          ]
        }
      ]
    },
    "Planning Time": 0.226,
    "Triggers": [],
    "Execution Time": 939.262
  }
]