[
  {
    "Plan": {
      "Node Type": "Aggregate",
      "Strategy": "Plain",
      "Partial Mode": "Finalize",
      "Parallel Aware": false,
      "Startup Cost": 332493.3,
      "Total Cost": 332493.31,
      "Plan Rows": 1,
      "Plan Width": 8,
      "Actual Startup Time": 669.661,
      "Actual Total Time": 729.747,
      "Actual Rows": 1,
      "Actual Loops": 1,
      "Plans": [
        {
          "Node Type": "Gather",
          "Parent Relationship": "Outer",
          "Parallel Aware": false,
          "Startup Cost": 332492.68,
          "Total Cost": 332493.29,
          "Plan Rows": 6,
          "Plan Width": 8,
          "Actual Startup Time": 669.519,
          "Actual Total Time": 729.737,
          "Actual Rows": 7,
          "Actual Loops": 1,
          "Workers Planned": 6,
          "Workers Launched": 6,
          "Single Copy": false,
          "Plans": [
            {
              "Node Type": "Aggregate",
              "Strategy": "Plain",
              "Partial Mode": "Partial",
              "Parent Relationship": "Outer",
              "Parallel Aware": false,
              "Startup Cost": 331492.68,
              "Total Cost": 331492.69,
              "Plan Rows": 1,
              "Plan Width": 8,
              "Actual Startup Time": 659.74,
              "Actual Total Time": 659.741,
              "Actual Rows": 1,
              "Actual Loops": 7,
              "Plans": [
                {
                  "Node Type": "Seq Scan",
                  "Parent Relationship": "Outer",
                  "Parallel Aware": true,
                  "Relation Name": "cast_info",
                  "Alias": "ci",
                  "Startup Cost": 0.0,
                  "Total Cost": 328162.03,
                  "Plan Rows": 1332260,
                  "Plan Width": 0,
                  "Actual Startup Time": 0.057,
                  "Actual Total Time": 600.448,
                  "Actual Rows": 1164487,
                  "Actual Loops": 7,
                  "Filter": "(person_id < 796810)",
                  "Rows Removed by Filter": 4013277
                }
              ]
            }
          ]
        }
      ]
    },
    "Planning Time": 0.21,
    "Triggers": [],
    "Execution Time": 729.828
  }
]