{
  "Plan": {
    "Node Type": "Aggregate",
    "Strategy": "Plain",
    "Partial Mode": "Finalize",
    "Parallel Aware": false,
    "Startup Cost": 335975.97,
    "Total Cost": 335975.98,
    "Plan Rows": 1,
    "Plan Width": 8,
    "Actual Startup Time": 223.224,
    "Actual Total Time": 237.59,
    "Actual Rows": 1,
    "Actual Loops": 1,
    "Plans": [
      {
        "Node Type": "Gather",
        "Parent Relationship": "Outer",
        "Parallel Aware": false,
        "Startup Cost": 335975.86,
        "Total Cost": 335975.97,
        "Plan Rows": 1,
        "Plan Width": 8,
        "Actual Startup Time": 222.753,
        "Actual Total Time": 237.583,
        "Actual Rows": 2,
        "Actual Loops": 1,
        "Workers Planned": 1,
        "Workers Launched": 1,
        "Single Copy": false,
        "Plans": [
          {
            "Node Type": "Aggregate",
            "Strategy": "Plain",
            "Partial Mode": "Partial",
            "Parent Relationship": "Outer",
            "Parallel Aware": false,
            "Startup Cost": 334975.86,
            "Total Cost": 334975.87,
            "Plan Rows": 1,
            "Plan Width": 8,
            "Actual Startup Time": 216.652,
            "Actual Total Time": 216.656,
            "Actual Rows": 1,
            "Actual Loops": 2,
            "Plans": [
              {
                "Node Type": "Nested Loop",
                "Parent Relationship": "Outer",
                "Parallel Aware": false,
                "Join Type": "Inner",
                "Startup Cost": 67637.56,
                "Total Cost": 334962.57,
                "Plan Rows": 5315,
                "Plan Width": 0,
                "Actual Startup Time": 184.417,
                "Actual Total Time": 216.517,
                "Actual Rows": 1822,
                "Actual Loops": 2,
                "Inner Unique": false,
                "Join Filter": "(t.id = mc.movie_id)",
                "Rows Removed by Join Filter": 0,
                "Plans": [
                  {
                    "Node Type": "Hash Join",
                    "Parent Relationship": "Outer",
                    "Parallel Aware": true,
                    "Join Type": "Inner",
                    "Startup Cost": 67637.13,
                    "Total Cost": 325747.09,
                    "Plan Rows": 10463,
                    "Plan Width": 8,
                    "Actual Startup Time": 184.362,
                    "Actual Total Time": 206.708,
                    "Actual Rows": 1350,
                    "Actual Loops": 2,
                    "Inner Unique": true,
                    "Hash Cond": "(ci.movie_id = t.id)",
                    "Plans": [
                      {
                        "Node Type": "Bitmap Heap Scan",
                        "Parent Relationship": "Outer",
                        "Parallel Aware": true,
                        "Relation Name": "cast_info",
                        "Alias": "ci",
                        "Startup Cost": 12134.01,
                        "Total Cost": 269685.8,
                        "Plan Rows": 212635,
                        "Plan Width": 4,
                        "Actual Startup Time": 36.476,
                        "Actual Total Time": 47.918,
                        "Actual Rows": 67776,
                        "Actual Loops": 2,
                        "Recheck Cond": "(person_id < 58839)",
                        "Rows Removed by Index Recheck": 0,
                        "Filter": "(role_id > 1)",
                        "Rows Removed by Filter": 199818,
                        "Exact Heap Blocks": 3518,
                        "Lossy Heap Blocks": 0,
                        "Plans": [
                          {
                            "Node Type": "Bitmap Index Scan",
                            "Parent Relationship": "Outer",
                            "Parallel Aware": false,
                            "Index Name": "person_id_cast_info",
                            "Startup Cost": 0.0,
                            "Total Cost": 12043.64,
                            "Plan Rows": 551343,
                            "Plan Width": 0,
                            "Actual Startup Time": 15.919,
                            "Actual Total Time": 15.919,
                            "Actual Rows": 535188,
                            "Actual Loops": 1,
                            "Index Cond": "(person_id < 58839)"
                          }
                        ]
                      },
                      {
                        "Node Type": "Hash",
                        "Parent Relationship": "Inner",
                        "Parallel Aware": true,
                        "Startup Cost": 54588.39,
                        "Total Cost": 54588.39,
                        "Plan Rows": 73179,
                        "Plan Width": 4,
                        "Actual Startup Time": 145.252,
                        "Actual Total Time": 145.253,
                        "Actual Rows": 62682,
                        "Actual Loops": 2,
                        "Hash Buckets": 131072,
                        "Original Hash Buckets": 131072,
                        "Hash Batches": 1,
                        "Original Hash Batches": 1,
                        "Peak Memory Usage": 5952,
                        "Plans": [
                          {
                            "Node Type": "Seq Scan",
                            "Parent Relationship": "Outer",
                            "Parallel Aware": true,
                            "Relation Name": "title",
                            "Alias": "t",
                            "Startup Cost": 0.0,
                            "Total Cost": 54588.39,
                            "Plan Rows": 73179,
                            "Plan Width": 4,
                            "Actual Startup Time": 67.644,
                            "Actual Total Time": 132.388,
                            "Actual Rows": 62682,
                            "Actual Loops": 2,
                            "Filter": "(production_year < 1934)",
                            "Rows Removed by Filter": 1201474
                          }
                        ]
                      }
                    ]
                  },
                  {
                    "Node Type": "Index Scan",
                    "Parent Relationship": "Inner",
                    "Parallel Aware": false,
                    "Scan Direction": "Forward",
                    "Index Name": "movie_id_movie_companies",
                    "Relation Name": "movie_companies",
                    "Alias": "mc",
                    "Startup Cost": 0.43,
                    "Total Cost": 0.84,
                    "Plan Rows": 3,
                    "Plan Width": 4,
                    "Actual Startup Time": 0.005,
                    "Actual Total Time": 0.007,
                    "Actual Rows": 1,
                    "Actual Loops": 2701,
                    "Index Cond": "(movie_id = ci.movie_id)",
                    "Rows Removed by Index Recheck": 0,
                    "Filter": "(company_type_id < 2)",
                    "Rows Removed by Filter": 1
                  }
                ]
              }
            ]
          }
        ]
      }
    ]
  },
  "Planning Time": 0.977,
  "Triggers": [],
  "Execution Time": 237.693
}