[
  {
    "Plan": {
      "Node Type": "Aggregate",
      "Strategy": "Plain",
      "Partial Mode": "Finalize",
      "Parallel Aware": false,
      "Startup Cost": 290327.9,
      "Total Cost": 290327.91,
      "Plan Rows": 1,
      "Plan Width": 8,
      "Actual Startup Time": 830.929,
      "Actual Total Time": 848.704,
      "Actual Rows": 1,
      "Actual Loops": 1,
      "Plans": [
        {
          "Node Type": "Gather",
          "Parent Relationship": "Outer",
          "Parallel Aware": false,
          "Startup Cost": 290327.58,
          "Total Cost": 290327.89,
          "Plan Rows": 3,
          "Plan Width": 8,
          "Actual Startup Time": 822.324,
          "Actual Total Time": 848.696,
          "Actual Rows": 4,
          "Actual Loops": 1,
          "Workers Planned": 3,
          "Workers Launched": 3,
          "Single Copy": false,
          "Plans": [
            {
              "Node Type": "Aggregate",
              "Strategy": "Plain",
              "Partial Mode": "Partial",
              "Parent Relationship": "Outer",
              "Parallel Aware": false,
              "Startup Cost": 289327.58,
              "Total Cost": 289327.59,
              "Plan Rows": 1,
              "Plan Width": 8,
              "Actual Startup Time": 819.208,
              "Actual Total Time": 819.46,
              "Actual Rows": 1,
              "Actual Loops": 4,
              "Plans": [
                {
                  "Node Type": "Hash Join",
                  "Parent Relationship": "Outer",
                  "Parallel Aware": true,
                  "Join Type": "Inner",
                  "Startup Cost": 239606.8,
                  "Total Cost": 288189.22,
                  "Plan Rows": 455344,
                  "Plan Width": 0,
                  "Actual Startup Time": 513.473,
                  "Actual Total Time": 778.616,
                  "Actual Rows": 1007614,
                  "Actual Loops": 4,
                  "Inner Unique": false,
                  "Hash Cond": "(mk.movie_id = t.id)",
                  "Plans": [
                    {
                      "Node Type": "Seq Scan",
                      "Parent Relationship": "Outer",
                      "Parallel Aware": true,
                      "Relation Name": "movie_keyword",
                      "Alias": "mk",
                      "Startup Cost": 0.0,
                      "Total Cost": 42695.65,
                      "Plan Rows": 1326954,
                      "Plan Width": 4,
                      "Actual Startup Time": 0.017,
                      "Actual Total Time": 104.774,
                      "Actual Rows": 1030185,
                      "Actual Loops": 4,
                      "Filter": "(keyword_id < 43069)",
                      "Rows Removed by Filter": 100798
                    },
                    {
                      "Node Type": "Hash",
                      "Parent Relationship": "Inner",
                      "Parallel Aware": true,
                      "Startup Cost": 237437.81,
                      "Total Cost": 237437.81,
                      "Plan Rows": 173519,
                      "Plan Width": 8,
                      "Actual Startup Time": 511.565,
                      "Actual Total Time": 511.817,
                      "Actual Rows": 252051,
                      "Actual Loops": 4,
                      "Hash Buckets": 1048576,
                      "Original Hash Buckets": 1048576,
                      "Hash Batches": 1,
                      "Original Hash Batches": 1,
                      "Peak Memory Usage": 47680,
                      "Plans": [
                        {
                          "Node Type": "Hash Join",
                          "Parent Relationship": "Outer",
                          "Parallel Aware": true,
                          "Join Type": "Inner",
                          "Startup Cost": 71734.23,
                          "Total Cost": 237437.81,
                          "Plan Rows": 173519,
                          "Plan Width": 8,
                          "Actual Startup Time": 273.556,
                          "Actual Total Time": 432.839,
                          "Actual Rows": 252051,
                          "Actual Loops": 4,
                          "Inner Unique": true,
                          "Hash Cond": "(mi.movie_id = t.id)",
                          "Plans": [
                            {
                              "Node Type": "Bitmap Heap Scan",
                              "Parent Relationship": "Outer",
                              "Parallel Aware": true,
                              "Relation Name": "movie_info",
                              "Alias": "mi",
                              "Startup Cost": 22246.9,
                              "Total Cost": 187306.49,
                              "Plan Rows": 245328,
                              "Plan Width": 4,
                              "Actual Startup Time": 37.986,
                              "Actual Total Time": 72.446,
                              "Actual Rows": 324747,
                              "Actual Loops": 4,
                              "Recheck Cond": "(info_type_id = 4)",
                              "Rows Removed by Index Recheck": 0,
                              "Exact Heap Blocks": 2206,
                              "Lossy Heap Blocks": 0,
                              "Plans": [
                                {
                                  "Node Type": "Bitmap Index Scan",
                                  "Parent Relationship": "Outer",
                                  "Parallel Aware": false,
                                  "Index Name": "info_type_id_movie_info",
                                  "Startup Cost": 0.0,
                                  "Total Cost": 21940.24,
                                  "Plan Rows": 1226640,
                                  "Plan Width": 0,
                                  "Actual Startup Time": 36.722,
                                  "Actual Total Time": 36.723,
                                  "Actual Rows": 1298989,
                                  "Actual Loops": 1,
                                  "Index Cond": "(info_type_id = 4)"
                                }
                              ]
                            },
                            {
                              "Node Type": "Hash",
                              "Parent Relationship": "Inner",
                              "Parallel Aware": true,
                              "Startup Cost": 43899.01,
                              "Total Cost": 43899.01,
                              "Plan Rows": 447066,
                              "Plan Width": 4,
                              "Actual Startup Time": 232.638,
                              "Actual Total Time": 232.639,
                              "Actual Rows": 448538,
                              "Actual Loops": 4,
                              "Hash Buckets": 2097152,
                              "Original Hash Buckets": 2097152,
                              "Hash Batches": 1,
                              "Original Hash Batches": 1,
                              "Peak Memory Usage": 86624,
                              "Plans": [
                                {
                                  "Node Type": "Seq Scan",
                                  "Parent Relationship": "Outer",
                                  "Parallel Aware": true,
                                  "Relation Name": "title",
                                  "Alias": "t",
                                  "Startup Cost": 0.0,
                                  "Total Cost": 43899.01,
                                  "Plan Rows": 447066,
                                  "Plan Width": 4,
                                  "Actual Startup Time": 0.013,
                                  "Actual Total Time": 94.096,
                                  "Actual Rows": 448538,
                                  "Actual Loops": 4,
                                  "Filter": "(production_year < 2009)",
                                  "Rows Removed by Filter": 183540
                                }
                              ]
                            }
                          ]
                        }
                      ]
                    }
                  ]
                }
              ]
            }
          ]
        }
      ]
    },
    "Planning Time": 0.412,
    "Triggers": [],
    "Execution Time": 848.744
  }
]