[
  {
    "Plan": {
      "Node Type": "Aggregate",
      "Strategy": "Plain",
      "Partial Mode": "Finalize",
      "Parallel Aware": false,
      "Startup Cost": 98171.66,
      "Total Cost": 98171.67,
      "Plan Rows": 1,
      "Plan Width": 8,
      "Actual Startup Time": 833.847,
      "Actual Total Time": 856.732,
      "Actual Rows": 1,
      "Actual Loops": 1,
      "Plans": [
        {
          "Node Type": "Gather",
          "Parent Relationship": "Outer",
          "Parallel Aware": false,
          "Startup Cost": 98171.44,
          "Total Cost": 98171.65,
          "Plan Rows": 2,
          "Plan Width": 8,
          "Actual Startup Time": 818.502,
          "Actual Total Time": 856.718,
          "Actual Rows": 3,
          "Actual Loops": 1,
          "Workers Planned": 2,
          "Workers Launched": 2,
          "Single Copy": false,
          "Plans": [
            {
              "Node Type": "Aggregate",
              "Strategy": "Plain",
              "Partial Mode": "Partial",
              "Parent Relationship": "Outer",
              "Parallel Aware": false,
              "Startup Cost": 97171.44,
              "Total Cost": 97171.45,
              "Plan Rows": 1,
              "Plan Width": 8,
              "Actual Startup Time": 800.257,
              "Actual Total Time": 800.264,
              "Actual Rows": 1,
              "Actual Loops": 3,
              "Plans": [
                {
                  "Node Type": "Hash Join",
                  "Parent Relationship": "Outer",
                  "Parallel Aware": true,
                  "Join Type": "Inner",
                  "Startup Cost": 81054.3,
                  "Total Cost": 97051.07,
                  "Plan Rows": 48149,
                  "Plan Width": 0,
                  "Actual Startup Time": 671.358,
                  "Actual Total Time": 792.138,
                  "Actual Rows": 144428,
                  "Actual Loops": 3,
                  "Inner Unique": false,
                  "Hash Cond": "(mi_idx.movie_id = t.id)",
                  "Plans": [
                    {
                      "Node Type": "Seq Scan",
                      "Parent Relationship": "Outer",
                      "Parallel Aware": true,
                      "Relation Name": "movie_info_idx",
                      "Alias": "mi_idx",
                      "Startup Cost": 0.0,
                      "Total Cost": 13685.15,
                      "Plan Rows": 575015,
                      "Plan Width": 4,
                      "Actual Startup Time": 0.026,
                      "Actual Total Time": 46.052,
                      "Actual Rows": 460012,
                      "Actual Loops": 3
                    },
                    {
                      "Node Type": "Hash",
                      "Parent Relationship": "Inner",
                      "Parallel Aware": true,
                      "Startup Cost": 80200.6,
                      "Total Cost": 80200.6,
                      "Plan Rows": 68296,
                      "Plan Width": 8,
                      "Actual Startup Time": 668.79,
                      "Actual Total Time": 668.795,
                      "Actual Rows": 69528,
                      "Actual Loops": 3,
                      "Hash Buckets": 262144,
                      "Original Hash Buckets": 262144,
                      "Hash Batches": 1,
                      "Original Hash Batches": 1,
                      "Peak Memory Usage": 10240,
                      "Plans": [
                        {
                          "Node Type": "Hash Join",
                          "Parent Relationship": "Outer",
                          "Parallel Aware": true,
                          "Join Type": "Inner",
                          "Startup Cost": 54713.62,
                          "Total Cost": 80200.6,
                          "Plan Rows": 68296,
                          "Plan Width": 8,
                          "Actual Startup Time": 545.723,
                          "Actual Total Time": 641.813,
                          "Actual Rows": 69528,
                          "Actual Loops": 3,
                          "Inner Unique": true,
                          "Hash Cond": "(mk.movie_id = t.id)",
                          "Plans": [
                            {
                              "Node Type": "Bitmap Heap Scan",
                              "Parent Relationship": "Outer",
                              "Parallel Aware": true,
                              "Relation Name": "movie_keyword",
                              "Alias": "mk",
                              "Startup Cost": 4493.24,
                              "Total Cost": 29800.94,
                              "Plan Rows": 68296,
                              "Plan Width": 4,
                              "Actual Startup Time": 23.895,
                              "Actual Total Time": 75.272,
                              "Actual Rows": 69528,
                              "Actual Loops": 3,
                              "Recheck Cond": "(keyword_id < 140)",
                              "Rows Removed by Index Recheck": 0,
                              "Exact Heap Blocks": 11777,
                              "Lossy Heap Blocks": 0,
                              "Plans": [
                                {
                                  "Node Type": "Bitmap Index Scan",
                                  "Parent Relationship": "Outer",
                                  "Parallel Aware": false,
                                  "Index Name": "keyword_id_movie_keyword",
                                  "Startup Cost": 0.0,
                                  "Total Cost": 4440.31,
                                  "Plan Rows": 211717,
                                  "Plan Width": 0,
                                  "Actual Startup Time": 18.308,
                                  "Actual Total Time": 18.308,
                                  "Actual Rows": 208584,
                                  "Actual Loops": 1,
                                  "Index Cond": "(keyword_id < 140)"
                                }
                              ]
                            },
                            {
                              "Node Type": "Hash",
                              "Parent Relationship": "Inner",
                              "Parallel Aware": true,
                              "Startup Cost": 42319.06,
                              "Total Cost": 42319.06,
                              "Plan Rows": 632106,
                              "Plan Width": 4,
                              "Actual Startup Time": 509.304,
                              "Actual Total Time": 509.305,
                              "Actual Rows": 842771,
                              "Actual Loops": 3,
                              "Hash Buckets": 4194304,
                              "Original Hash Buckets": 4194304,
                              "Hash Batches": 1,
                              "Original Hash Batches": 1,
                              "Peak Memory Usage": 131712,
                              "Plans": [
                                {
                                  "Node Type": "Seq Scan",
                                  "Parent Relationship": "Outer",
                                  "Parallel Aware": true,
                                  "Relation Name": "title",
                                  "Alias": "t",
                                  "Startup Cost": 0.0,
                                  "Total Cost": 42319.06,
                                  "Plan Rows": 632106,
                                  "Plan Width": 4,
                                  "Actual Startup Time": 0.052,
                                  "Actual Total Time": 150.709,
                                  "Actual Rows": 842771,
                                  "Actual Loops": 3
                                }
                              ]
                            }
                          ]
                        }
                      ]
                    }
                  ]
                }
              ]
            }
          ]
        }
      ]
    },
    "Planning Time": 1.028,
    "Triggers": [],
    "Execution Time": 856.816
  }
]