[
  {
    "Plan": {
      "Node Type": "Aggregate",
      "Strategy": "Plain",
      "Partial Mode": "Finalize",
      "Parallel Aware": false,
      "Startup Cost": 120723.17,
      "Total Cost": 120723.18,
      "Plan Rows": 1,
      "Plan Width": 8,
      "Actual Startup Time": 529.049,
      "Actual Total Time": 549.993,
      "Actual Rows": 1,
      "Actual Loops": 1,
      "Plans": [
        {
          "Node Type": "Gather",
          "Parent Relationship": "Outer",
          "Parallel Aware": false,
          "Startup Cost": 120722.85,
          "Total Cost": 120723.16,
          "Plan Rows": 3,
          "Plan Width": 8,
          "Actual Startup Time": 527.479,
          "Actual Total Time": 549.982,
          "Actual Rows": 4,
          "Actual Loops": 1,
          "Workers Planned": 3,
          "Workers Launched": 3,
          "Single Copy": false,
          "Plans": [
            {
              "Node Type": "Aggregate",
              "Strategy": "Plain",
              "Partial Mode": "Partial",
              "Parent Relationship": "Outer",
              "Parallel Aware": false,
              "Startup Cost": 119722.85,
              "Total Cost": 119722.86,
              "Plan Rows": 1,
              "Plan Width": 8,
              "Actual Startup Time": 517.82,
              "Actual Total Time": 517.826,
              "Actual Rows": 1,
              "Actual Loops": 4,
              "Plans": [
                {
                  "Node Type": "Hash Join",
                  "Parent Relationship": "Outer",
                  "Parallel Aware": true,
                  "Join Type": "Inner",
                  "Startup Cost": 74194.45,
                  "Total Cost": 119532.28,
                  "Plan Rows": 76226,
                  "Plan Width": 0,
                  "Actual Startup Time": 334.82,
                  "Actual Total Time": 507.595,
                  "Actual Rows": 238132,
                  "Actual Loops": 4,
                  "Inner Unique": false,
                  "Hash Cond": "(mk.movie_id = t.id)",
                  "Plans": [
                    {
                      "Node Type": "Seq Scan",
                      "Parent Relationship": "Outer",
                      "Parallel Aware": true,
                      "Relation Name": "movie_keyword",
                      "Alias": "mk",
                      "Startup Cost": 0.0,
                      "Total Cost": 42695.65,
                      "Plan Rows": 653763,
                      "Plan Width": 4,
                      "Actual Startup Time": 0.411,
                      "Actual Total Time": 105.59,
                      "Actual Rows": 505534,
                      "Actual Loops": 4,
                      "Filter": "(keyword_id > 6115)",
                      "Rows Removed by Filter": 625449
                    },
                    {
                      "Node Type": "Hash",
                      "Parent Relationship": "Inner",
                      "Parallel Aware": true,
                      "Startup Cost": 73273.22,
                      "Total Cost": 73273.22,
                      "Plan Rows": 73698,
                      "Plan Width": 8,
                      "Actual Startup Time": 331.085,
                      "Actual Total Time": 331.089,
                      "Actual Rows": 73219,
                      "Actual Loops": 4,
                      "Hash Buckets": 524288,
                      "Original Hash Buckets": 524288,
                      "Hash Batches": 1,
                      "Original Hash Batches": 1,
                      "Peak Memory Usage": 15616,
                      "Plans": [
                        {
                          "Node Type": "Hash Join",
                          "Parent Relationship": "Outer",
                          "Parallel Aware": true,
                          "Join Type": "Inner",
                          "Startup Cost": 27556.4,
                          "Total Cost": 73273.22,
                          "Plan Rows": 73698,
                          "Plan Width": 8,
                          "Actual Startup Time": 112.576,
                          "Actual Total Time": 308.983,
                          "Actual Rows": 73219,
                          "Actual Loops": 4,
                          "Inner Unique": false,
                          "Hash Cond": "(t.id = mc.movie_id)",
                          "Plans": [
                            {
                              "Node Type": "Seq Scan",
                              "Parent Relationship": "Outer",
                              "Parallel Aware": true,
                              "Relation Name": "title",
                              "Alias": "t",
                              "Startup Cost": 0.0,
                              "Total Cost": 42318.73,
                              "Plan Rows": 632073,
                              "Plan Width": 4,
                              "Actual Startup Time": 0.013,
                              "Actual Total Time": 76.185,
                              "Actual Rows": 632078,
                              "Actual Loops": 4
                            },
                            {
                              "Node Type": "Hash",
                              "Parent Relationship": "Inner",
                              "Parallel Aware": true,
                              "Startup Cost": 26367.72,
                              "Total Cost": 26367.72,
                              "Plan Rows": 95094,
                              "Plan Width": 4,
                              "Actual Startup Time": 110.795,
                              "Actual Total Time": 110.797,
                              "Actual Rows": 73219,
                              "Actual Loops": 4,
                              "Hash Buckets": 524288,
                              "Original Hash Buckets": 524288,
                              "Hash Batches": 1,
                              "Original Hash Batches": 1,
                              "Peak Memory Usage": 15616,
                              "Plans": [
                                {
                                  "Node Type": "Bitmap Heap Scan",
                                  "Parent Relationship": "Outer",
                                  "Parallel Aware": true,
                                  "Relation Name": "movie_companies",
                                  "Alias": "mc",
                                  "Startup Cost": 6389.05,
                                  "Total Cost": 26367.72,
                                  "Plan Rows": 95094,
                                  "Plan Width": 4,
                                  "Actual Startup Time": 27.842,
                                  "Actual Total Time": 76.231,
                                  "Actual Rows": 73219,
                                  "Actual Loops": 4,
                                  "Recheck Cond": "(company_id < 160)",
                                  "Rows Removed by Index Recheck": 0,
                                  "Exact Heap Blocks": 5530,
                                  "Lossy Heap Blocks": 0,
                                  "Plans": [
                                    {
                                      "Node Type": "Bitmap Index Scan",
                                      "Parent Relationship": "Outer",
                                      "Parallel Aware": false,
                                      "Index Name": "company_id_movie_companies",
                                      "Startup Cost": 0.0,
                                      "Total Cost": 6315.35,
                                      "Plan Rows": 294790,
                                      "Plan Width": 0,
                                      "Actual Startup Time": 23.532,
                                      "Actual Total Time": 23.533,
                                      "Actual Rows": 292877,
                                      "Actual Loops": 1,
                                      "Index Cond": "(company_id < 160)"
                                    }
                                  ]
                                }
                              ]
                            }
                          ]
                        }
                      ]
                    }
                  ]
                }
              ]
            }
          ]
        }
      ]
    },
    "Planning Time": 1.444,
    "Triggers": [],
    "Execution Time": 550.119
  }
]