{
  "Plan": {
    "Node Type": "Aggregate",
    "Strategy": "Plain",
    "Partial Mode": "Finalize",
    "Parallel Aware": false,
    "Startup Cost": 472582.72,
    "Total Cost": 472582.73,
    "Plan Rows": 1,
    "Plan Width": 8,
    "Actual Startup Time": 1293.154,
    "Actual Total Time": 1316.265,
    "Actual Rows": 1,
    "Actual Loops": 1,
    "Plans": [
      {
        "Node Type": "Gather",
        "Parent Relationship": "Outer",
        "Parallel Aware": false,
        "Startup Cost": 472582.6,
        "Total Cost": 472582.71,
        "Plan Rows": 1,
        "Plan Width": 8,
        "Actual Startup Time": 1291.172,
        "Actual Total Time": 1316.256,
        "Actual Rows": 2,
        "Actual Loops": 1,
        "Workers Planned": 1,
        "Workers Launched": 1,
        "Single Copy": false,
        "Plans": [
          {
            "Node Type": "Aggregate",
            "Strategy": "Plain",
            "Partial Mode": "Partial",
            "Parent Relationship": "Outer",
            "Parallel Aware": false,
            "Startup Cost": 471582.6,
            "Total Cost": 471582.61,
            "Plan Rows": 1,
            "Plan Width": 8,
            "Actual Startup Time": 1286.565,
            "Actual Total Time": 1286.57,
            "Actual Rows": 1,
            "Actual Loops": 2,
            "Plans": [
              {
                "Node Type": "Hash Join",
                "Parent Relationship": "Outer",
                "Parallel Aware": true,
                "Join Type": "Inner",
                "Startup Cost": 167897.43,
                "Total Cost": 470260.27,
                "Plan Rows": 528934,
                "Plan Width": 0,
                "Actual Startup Time": 466.942,
                "Actual Total Time": 1260.829,
                "Actual Rows": 606018,
                "Actual Loops": 2,
                "Inner Unique": true,
                "Hash Cond": "(ci.movie_id = t.id)",
                "Plans": [
                  {
                    "Node Type": "Bitmap Heap Scan",
                    "Parent Relationship": "Outer",
                    "Parallel Aware": true,
                    "Relation Name": "cast_info",
                    "Alias": "ci",
                    "Startup Cost": 107745.04,
                    "Total Cost": 403539.04,
                    "Plan Rows": 2502409,
                    "Plan Width": 4,
                    "Actual Startup Time": 247.818,
                    "Actual Total Time": 604.464,
                    "Actual Rows": 2419599,
                    "Actual Loops": 2,
                    "Recheck Cond": "(person_id < 488684)",
                    "Rows Removed by Index Recheck": 0,
                    "Filter": "(role_id < 10)",
                    "Rows Removed by Filter": 107418,
                    "Exact Heap Blocks": 28722,
                    "Lossy Heap Blocks": 0,
                    "Plans": [
                      {
                        "Node Type": "Bitmap Index Scan",
                        "Parent Relationship": "Outer",
                        "Parallel Aware": false,
                        "Index Name": "person_id_cast_info",
                        "Startup Cost": 0.0,
                        "Total Cost": 106681.51,
                        "Plan Rows": 4885460,
                        "Plan Width": 0,
                        "Actual Startup Time": 238.764,
                        "Actual Total Time": 238.764,
                        "Actual Rows": 5054033,
                        "Actual Loops": 1,
                        "Index Cond": "(person_id < 488684)"
                      }
                    ]
                  },
                  {
                    "Node Type": "Hash",
                    "Parent Relationship": "Inner",
                    "Parallel Aware": true,
                    "Startup Cost": 56222.94,
                    "Total Cost": 56222.94,
                    "Plan Rows": 314356,
                    "Plan Width": 4,
                    "Actual Startup Time": 210.197,
                    "Actual Total Time": 210.198,
                    "Actual Rows": 282472,
                    "Actual Loops": 2,
                    "Hash Buckets": 1048576,
                    "Original Hash Buckets": 1048576,
                    "Hash Batches": 1,
                    "Original Hash Batches": 1,
                    "Peak Memory Usage": 30304,
                    "Plans": [
                      {
                        "Node Type": "Bitmap Heap Scan",
                        "Parent Relationship": "Outer",
                        "Parallel Aware": true,
                        "Relation Name": "title",
                        "Alias": "t",
                        "Startup Cost": 13572.56,
                        "Total Cost": 56222.94,
                        "Plan Rows": 314356,
                        "Plan Width": 4,
                        "Actual Startup Time": 43.721,
                        "Actual Total Time": 144.115,
                        "Actual Rows": 282472,
                        "Actual Loops": 2,
                        "Recheck Cond": "(kind_id < 3)",
                        "Rows Removed by Index Recheck": 0,
                        "Filter": "(production_year < 2009)",
                        "Rows Removed by Filter": 94367,
                        "Exact Heap Blocks": 25803,
                        "Lossy Heap Blocks": 0,
                        "Plans": [
                          {
                            "Node Type": "Bitmap Index Scan",
                            "Parent Relationship": "Outer",
                            "Parallel Aware": false,
                            "Index Name": "kind_id_title",
                            "Startup Cost": 0.0,
                            "Total Cost": 13438.96,
                            "Plan Rows": 753937,
                            "Plan Width": 0,
                            "Actual Startup Time": 37.922,
                            "Actual Total Time": 37.922,
                            "Actual Rows": 753677,
                            "Actual Loops": 1,
                            "Index Cond": "(kind_id < 3)"
                          }
                        ]
                      }
                    ]
                  }
                ]
              }
            ]
          }
        ]
      }
    ]
  },
  "Planning Time": 0.667,
  "Triggers": [],
  "Execution Time": 1316.356
}