[
  {
    "Plan": {
      "Node Type": "Aggregate",
      "Strategy": "Plain",
      "Partial Mode": "Finalize",
      "Parallel Aware": false,
      "Startup Cost": 47312.04,
      "Total Cost": 47312.05,
      "Plan Rows": 1,
      "Plan Width": 8,
      "Actual Startup Time": 180.774,
      "Actual Total Time": 190.865,
      "Actual Rows": 1,
      "Actual Loops": 1,
      "Plans": [
        {
          "Node Type": "Gather",
          "Parent Relationship": "Outer",
          "Parallel Aware": false,
          "Startup Cost": 47311.72,
          "Total Cost": 47312.03,
          "Plan Rows": 3,
          "Plan Width": 8,
          "Actual Startup Time": 180.676,
          "Actual Total Time": 190.857,
          "Actual Rows": 4,
          "Actual Loops": 1,
          "Workers Planned": 3,
          "Workers Launched": 3,
          "Single Copy": false,
          "Plans": [
            {
              "Node Type": "Aggregate",
              "Strategy": "Plain",
              "Partial Mode": "Partial",
              "Parent Relationship": "Outer",
              "Parallel Aware": false,
              "Startup Cost": 46311.72,
              "Total Cost": 46311.73,
              "Plan Rows": 1,
              "Plan Width": 8,
              "Actual Startup Time": 173.496,
              "Actual Total Time": 173.497,
              "Actual Rows": 1,
              "Actual Loops": 4,
              "Plans": [
                {
                  "Node Type": "Seq Scan",
                  "Parent Relationship": "Outer",
                  "Parallel Aware": true,
                  "Relation Name": "movie_keyword",
                  "Alias": "mk",
                  "Startup Cost": 0.0,
                  "Total Cost": 42695.65,
                  "Plan Rows": 1446426,
                  "Plan Width": 0,
                  "Actual Startup Time": 0.055,
                  "Actual Total Time": 124.718,
                  "Actual Rows": 1120930,
                  "Actual Loops": 4,
                  "Filter": "(keyword_id < 104508)",
                  "Rows Removed by Filter": 10052
                }
              ]
            }
          ]
        }
      ]
    },
    "Planning Time": 0.312,
    "Triggers": [],
    "Execution Time": 190.921
  }
]