{
  "Plan": {
    "Node Type": "Aggregate",
    "Strategy": "Plain",
    "Partial Mode": "Finalize",
    "Parallel Aware": false,
    "Startup Cost": 436174.54,
    "Total Cost": 436174.55,
    "Plan Rows": 1,
    "Plan Width": 8,
    "Actual Startup Time": 229.845,
    "Actual Total Time": 261.188,
    "Actual Rows": 1,
    "Actual Loops": 1,
    "Plans": [
      {
        "Node Type": "Gather",
        "Parent Relationship": "Outer",
        "Parallel Aware": false,
        "Startup Cost": 436174.43,
        "Total Cost": 436174.54,
        "Plan Rows": 1,
        "Plan Width": 8,
        "Actual Startup Time": 229.717,
        "Actual Total Time": 261.18,
        "Actual Rows": 2,
        "Actual Loops": 1,
        "Workers Planned": 1,
        "Workers Launched": 1,
        "Single Copy": false,
        "Plans": [
          {
            "Node Type": "Aggregate",
            "Strategy": "Plain",
            "Partial Mode": "Partial",
            "Parent Relationship": "Outer",
            "Parallel Aware": false,
            "Startup Cost": 435174.43,
            "Total Cost": 435174.44,
            "Plan Rows": 1,
            "Plan Width": 8,
            "Actual Startup Time": 223.874,
            "Actual Total Time": 223.876,
            "Actual Rows": 1,
            "Actual Loops": 2,
            "Plans": [
              {
                "Node Type": "Nested Loop",
                "Parent Relationship": "Outer",
                "Parallel Aware": false,
                "Join Type": "Inner",
                "Startup Cost": 0.56,
                "Total Cost": 435131.69,
                "Plan Rows": 17096,
                "Plan Width": 0,
                "Actual Startup Time": 0.34,
                "Actual Total Time": 222.551,
                "Actual Rows": 15977,
                "Actual Loops": 2,
                "Inner Unique": false,
                "Plans": [
                  {
                    "Node Type": "Seq Scan",
                    "Parent Relationship": "Outer",
                    "Parallel Aware": true,
                    "Relation Name": "title",
                    "Alias": "t",
                    "Startup Cost": 0.0,
                    "Total Cost": 58306.47,
                    "Plan Rows": 3465,
                    "Plan Width": 4,
                    "Actual Startup Time": 0.06,
                    "Actual Total Time": 138.904,
                    "Actual Rows": 2960,
                    "Actual Loops": 2,
                    "Filter": "((kind_id > 4) AND (production_year = 1962))",
                    "Rows Removed by Filter": 1261196
                  },
                  {
                    "Node Type": "Index Scan",
                    "Parent Relationship": "Inner",
                    "Parallel Aware": false,
                    "Scan Direction": "Forward",
                    "Index Name": "movie_id_cast_info",
                    "Relation Name": "cast_info",
                    "Alias": "ci",
                    "Startup Cost": 0.56,
                    "Total Cost": 108.62,
                    "Plan Rows": 13,
                    "Plan Width": 4,
                    "Actual Startup Time": 0.007,
                    "Actual Total Time": 0.027,
                    "Actual Rows": 5,
                    "Actual Loops": 5919,
                    "Index Cond": "(movie_id = t.id)",
                    "Rows Removed by Index Recheck": 0,
                    "Filter": "(role_id < 2)",
                    "Rows Removed by Filter": 6
                  }
                ]
              }
            ]
          }
        ]
      }
    ]
  },
  "Planning Time": 0.483,
  "Triggers": [],
  "Execution Time": 261.266
}