[
    {
        "Bao": {
            "Bao prediction": "NaN",
            "Bao recommended hint": "(no hint)"
        }
    },
    {
        "Plan": {
            "Node Type": "Aggregate",
            "Strategy": "Plain",
            "Partial Mode": "Finalize",
            "Parallel Aware": false,
            "Startup Cost": 31179.75,
            "Total Cost": 31179.76,
            "Plan Rows": 1,
            "Plan Width": 8,
            "Actual Startup Time": 88.009,
            "Actual Total Time": 93.03,
            "Actual Rows": 1,
            "Actual Loops": 1,
            "Output": [
                "count(*)"
            ],
            "Plans": [
                {
                    "Node Type": "Gather",
                    "Parent Relationship": "Outer",
                    "Parallel Aware": false,
                    "Startup Cost": 31179.43,
                    "Total Cost": 31179.74,
                    "Plan Rows": 3,
                    "Plan Width": 8,
                    "Actual Startup Time": 87.756,
                    "Actual Total Time": 93.022,
                    "Actual Rows": 4,
                    "Actual Loops": 1,
                    "Output": [
                        "(PARTIAL count(*))"
                    ],
                    "Workers Planned": 3,
                    "Workers Launched": 3,
                    "Single Copy": false,
                    "Plans": [
                        {
                            "Node Type": "Aggregate",
                            "Strategy": "Plain",
                            "Partial Mode": "Partial",
                            "Parent Relationship": "Outer",
                            "Parallel Aware": false,
                            "Startup Cost": 30179.43,
                            "Total Cost": 30179.44,
                            "Plan Rows": 1,
                            "Plan Width": 8,
                            "Actual Startup Time": 79.081,
                            "Actual Total Time": 79.083,
                            "Actual Rows": 1,
                            "Actual Loops": 4,
                            "Output": [
                                "PARTIAL count(*)"
                            ],
                            "Workers": [
                                {
                                    "Worker Number": 0,
                                    "Actual Startup Time": 76.376,
                                    "Actual Total Time": 76.378,
                                    "Actual Rows": 1,
                                    "Actual Loops": 1
                                },
                                {
                                    "Worker Number": 1,
                                    "Actual Startup Time": 76.411,
                                    "Actual Total Time": 76.413,
                                    "Actual Rows": 1,
                                    "Actual Loops": 1
                                },
                                {
                                    "Worker Number": 2,
                                    "Actual Startup Time": 76.16,
                                    "Actual Total Time": 76.162,
                                    "Actual Rows": 1,
                                    "Actual Loops": 1
                                }
                            ],
                            "Plans": [
                                {
                                    "Node Type": "Bitmap Heap Scan",
                                    "Parent Relationship": "Outer",
                                    "Parallel Aware": true,
                                    "Relation Name": "movie_keyword",
                                    "Schema": "public",
                                    "Alias": "mk",
                                    "Startup Cost": 4662.65,
                                    "Total Cost": 30002.3,
                                    "Plan Rows": 70852,
                                    "Plan Width": 0,
                                    "Actual Startup Time": 23.295,
                                    "Actual Total Time": 75.536,
                                    "Actual Rows": 53968,
                                    "Actual Loops": 4,
                                    "Recheck Cond": "(mk.keyword_id > 65473)",
                                    "Rows Removed by Index Recheck": 0,
                                    "Exact Heap Blocks": 11595,
                                    "Lossy Heap Blocks": 0,
                                    "Workers": [
                                        {
                                            "Worker Number": 0,
                                            "Actual Startup Time": 20.774,
                                            "Actual Total Time": 73.292,
                                            "Actual Rows": 28404,
                                            "Actual Loops": 1
                                        },
                                        {
                                            "Worker Number": 1,
                                            "Actual Startup Time": 20.695,
                                            "Actual Total Time": 73.319,
                                            "Actual Rows": 34421,
                                            "Actual Loops": 1
                                        },
                                        {
                                            "Worker Number": 2,
                                            "Actual Startup Time": 20.449,
                                            "Actual Total Time": 73.342,
                                            "Actual Rows": 31844,
                                            "Actual Loops": 1
                                        }
                                    ],
                                    "Plans": [
                                        {
                                            "Node Type": "Bitmap Index Scan",
                                            "Parent Relationship": "Outer",
                                            "Parallel Aware": false,
                                            "Index Name": "keyword_id_movie_keyword",
                                            "Startup Cost": 0.0,
                                            "Total Cost": 4607.74,
                                            "Plan Rows": 219641,
                                            "Plan Width": 0,
                                            "Actual Startup Time": 26.745,
                                            "Actual Total Time": 26.746,
                                            "Actual Rows": 215870,
                                            "Actual Loops": 1,
                                            "Index Cond": "(mk.keyword_id > 65473)"
                                        }
                                    ]
                                }
                            ]
                        }
                    ]
                }
            ]
        },
        "Planning Time": 178.891,
        "Triggers": [],
        "Execution Time": 93.107
    }
]