[
  {
    "Plan": {
      "Node Type": "Aggregate",
      "Strategy": "Plain",
      "Partial Mode": "Finalize",
      "Parallel Aware": false,
      "Startup Cost": 46982.61,
      "Total Cost": 46982.62,
      "Plan Rows": 1,
      "Plan Width": 8,
      "Actual Startup Time": 131.652,
      "Actual Total Time": 151.831,
      "Actual Rows": 1,
      "Actual Loops": 1,
      "Plans": [
        {
          "Node Type": "Gather",
          "Parent Relationship": "Outer",
          "Parallel Aware": false,
          "Startup Cost": 46982.19,
          "Total Cost": 46982.6,
          "Plan Rows": 4,
          "Plan Width": 8,
          "Actual Startup Time": 131.377,
          "Actual Total Time": 151.817,
          "Actual Rows": 5,
          "Actual Loops": 1,
          "Workers Planned": 4,
          "Workers Launched": 4,
          "Single Copy": false,
          "Plans": [
            {
              "Node Type": "Aggregate",
              "Strategy": "Plain",
              "Partial Mode": "Partial",
              "Parent Relationship": "Outer",
              "Parallel Aware": false,
              "Startup Cost": 45982.19,
              "Total Cost": 45982.2,
              "Plan Rows": 1,
              "Plan Width": 8,
              "Actual Startup Time": 124.249,
              "Actual Total Time": 124.251,
              "Actual Rows": 1,
              "Actual Loops": 5,
              "Plans": [
                {
                  "Node Type": "Seq Scan",
                  "Parent Relationship": "Outer",
                  "Parallel Aware": true,
                  "Relation Name": "title",
                  "Alias": "t",
                  "Startup Cost": 0.0,
                  "Total Cost": 45479.59,
                  "Plan Rows": 201040,
                  "Plan Width": 0,
                  "Actual Startup Time": 0.041,
                  "Actual Total Time": 114.235,
                  "Actual Rows": 142748,
                  "Actual Loops": 5,
                  "Filter": "((kind_id < 7) AND (production_year > 1972))",
                  "Rows Removed by Filter": 362914
                }
              ]
            }
          ]
        }
      ]
    },
    "Planning Time": 0.116,
    "Triggers": [],
    "Execution Time": 151.875
  }
]