[
  {
    "Plan": {
      "Node Type": "Aggregate",
      "Strategy": "Plain",
      "Partial Mode": "Finalize",
      "Parallel Aware": false,
      "Startup Cost": 46984.24,
      "Total Cost": 46984.25,
      "Plan Rows": 1,
      "Plan Width": 8,
      "Actual Startup Time": 97.724,
      "Actual Total Time": 109.85,
      "Actual Rows": 1,
      "Actual Loops": 1,
      "Plans": [
        {
          "Node Type": "Gather",
          "Parent Relationship": "Outer",
          "Parallel Aware": false,
          "Startup Cost": 46983.82,
          "Total Cost": 46984.23,
          "Plan Rows": 4,
          "Plan Width": 8,
          "Actual Startup Time": 97.406,
          "Actual Total Time": 109.843,
          "Actual Rows": 5,
          "Actual Loops": 1,
          "Workers Planned": 4,
          "Workers Launched": 4,
          "Single Copy": false,
          "Plans": [
            {
              "Node Type": "Aggregate",
              "Strategy": "Plain",
              "Partial Mode": "Partial",
              "Parent Relationship": "Outer",
              "Parallel Aware": false,
              "Startup Cost": 45983.82,
              "Total Cost": 45983.83,
              "Plan Rows": 1,
              "Plan Width": 8,
              "Actual Startup Time": 90.713,
              "Actual Total Time": 90.714,
              "Actual Rows": 1,
              "Actual Loops": 5,
              "Plans": [
                {
                  "Node Type": "Seq Scan",
                  "Parent Relationship": "Outer",
                  "Parallel Aware": true,
                  "Relation Name": "title",
                  "Alias": "t",
                  "Startup Cost": 0.0,
                  "Total Cost": 45479.1,
                  "Plan Rows": 201888,
                  "Plan Width": 0,
                  "Actual Startup Time": 0.032,
                  "Actual Total Time": 84.357,
                  "Actual Rows": 142748,
                  "Actual Loops": 5,
                  "Filter": "((kind_id < 7) AND (production_year > 1972))",
                  "Rows Removed by Filter": 362914
                }
              ]
            }
          ]
        }
      ]
    },
    "Planning Time": 0.117,
    "Triggers": [],
    "Execution Time": 109.89
  }
]