[
  {
    "Plan": {
      "Node Type": "Aggregate",
      "Strategy": "Plain",
      "Partial Mode": "Simple",
      "Parallel Aware": false,
      "Startup Cost": 5594.51,
      "Total Cost": 5594.52,
      "Plan Rows": 1,
      "Plan Width": 8,
      "Actual Startup Time": 5.775,
      "Actual Total Time": 5.777,
      "Actual Rows": 1,
      "Actual Loops": 1,
      "Plans": [
        {
          "Node Type": "Index Scan",
          "Parent Relationship": "Outer",
          "Parallel Aware": false,
          "Scan Direction": "Forward",
          "Index Name": "company_id_movie_companies",
          "Relation Name": "movie_companies",
          "Alias": "mc",
          "Startup Cost": 0.43,
          "Total Cost": 5591.64,
          "Plan Rows": 1148,
          "Plan Width": 0,
          "Actual Startup Time": 1.464,
          "Actual Total Time": 5.373,
          "Actual Rows": 2411,
          "Actual Loops": 1,
          "Index Cond": "(company_id = 68)",
          "Rows Removed by Index Recheck": 0,
          "Filter": "(company_type_id = 2)",
          "Rows Removed by Filter": 683
        }
      ]
    },
    "Planning Time": 0.218,
    "Triggers": [],
    "Execution Time": 5.858
  }
]