{
  "Plan": {
    "Node Type": "Aggregate",
    "Strategy": "Plain",
    "Partial Mode": "Finalize",
    "Parallel Aware": false,
    "Startup Cost": 42511.6,
    "Total Cost": 42511.61,
    "Plan Rows": 1,
    "Plan Width": 8,
    "Actual Startup Time": 31.064,
    "Actual Total Time": 34.464,
    "Actual Rows": 1,
    "Actual Loops": 1,
    "Plans": [
      {
        "Node Type": "Gather",
        "Parent Relationship": "Outer",
        "Parallel Aware": false,
        "Startup Cost": 42511.49,
        "Total Cost": 42511.6,
        "Plan Rows": 1,
        "Plan Width": 8,
        "Actual Startup Time": 30.334,
        "Actual Total Time": 34.458,
        "Actual Rows": 2,
        "Actual Loops": 1,
        "Workers Planned": 1,
        "Workers Launched": 1,
        "Single Copy": false,
        "Plans": [
          {
            "Node Type": "Aggregate",
            "Strategy": "Plain",
            "Partial Mode": "Partial",
            "Parent Relationship": "Outer",
            "Parallel Aware": false,
            "Startup Cost": 41511.49,
            "Total Cost": 41511.5,
            "Plan Rows": 1,
            "Plan Width": 8,
            "Actual Startup Time": 24.895,
            "Actual Total Time": 24.896,
            "Actual Rows": 1,
            "Actual Loops": 2,
            "Plans": [
              {
                "Node Type": "Nested Loop",
                "Parent Relationship": "Outer",
                "Parallel Aware": false,
                "Join Type": "Inner",
                "Startup Cost": 246.64,
                "Total Cost": 41509.71,
                "Plan Rows": 712,
                "Plan Width": 0,
                "Actual Startup Time": 1.459,
                "Actual Total Time": 24.704,
                "Actual Rows": 1268,
                "Actual Loops": 2,
                "Inner Unique": true,
                "Plans": [
                  {
                    "Node Type": "Bitmap Heap Scan",
                    "Parent Relationship": "Outer",
                    "Parallel Aware": true,
                    "Relation Name": "movie_companies",
                    "Alias": "mc",
                    "Startup Cost": 246.21,
                    "Total Cost": 17345.21,
                    "Plan Rows": 3359,
                    "Plan Width": 4,
                    "Actual Startup Time": 0.878,
                    "Actual Total Time": 3.501,
                    "Actual Rows": 5094,
                    "Actual Loops": 2,
                    "Recheck Cond": "(company_id > 225271)",
                    "Rows Removed by Index Recheck": 0,
                    "Filter": "(company_type_id > 1)",
                    "Rows Removed by Filter": 0,
                    "Exact Heap Blocks": 415,
                    "Lossy Heap Blocks": 0,
                    "Plans": [
                      {
                        "Node Type": "Bitmap Index Scan",
                        "Parent Relationship": "Outer",
                        "Parallel Aware": false,
                        "Index Name": "company_id_movie_companies",
                        "Startup Cost": 0.0,
                        "Total Cost": 244.78,
                        "Plan Rows": 11247,
                        "Plan Width": 0,
                        "Actual Startup Time": 1.456,
                        "Actual Total Time": 1.456,
                        "Actual Rows": 10189,
                        "Actual Loops": 1,
                        "Index Cond": "(company_id > 225271)"
                      }
                    ]
                  },
                  {
                    "Node Type": "Index Scan",
                    "Parent Relationship": "Inner",
                    "Parallel Aware": false,
                    "Scan Direction": "Forward",
                    "Index Name": "title_pkey",
                    "Relation Name": "title",
                    "Alias": "t",
                    "Startup Cost": 0.43,
                    "Total Cost": 7.19,
                    "Plan Rows": 1,
                    "Plan Width": 4,
                    "Actual Startup Time": 0.004,
                    "Actual Total Time": 0.004,
                    "Actual Rows": 0,
                    "Actual Loops": 10189,
                    "Index Cond": "(id = mc.movie_id)",
                    "Rows Removed by Index Recheck": 0,
                    "Filter": "(production_year > 2009)",
                    "Rows Removed by Filter": 1
                  }
                ]
              }
            ]
          }
        ]
      }
    ]
  },
  "Planning Time": 0.411,
  "Triggers": [],
  "Execution Time": 34.525
}