[
  {
    "Plan": {
      "Node Type": "Aggregate",
      "Strategy": "Plain",
      "Partial Mode": "Finalize",
      "Parallel Aware": false,
      "Startup Cost": 212527.15,
      "Total Cost": 212527.16,
      "Plan Rows": 1,
      "Plan Width": 8,
      "Actual Startup Time": 129.63,
      "Actual Total Time": 143.356,
      "Actual Rows": 1,
      "Actual Loops": 1,
      "Plans": [
        {
          "Node Type": "Gather",
          "Parent Relationship": "Outer",
          "Parallel Aware": false,
          "Startup Cost": 212526.63,
          "Total Cost": 212527.14,
          "Plan Rows": 5,
          "Plan Width": 8,
          "Actual Startup Time": 128.615,
          "Actual Total Time": 143.349,
          "Actual Rows": 6,
          "Actual Loops": 1,
          "Workers Planned": 5,
          "Workers Launched": 5,
          "Single Copy": false,
          "Plans": [
            {
              "Node Type": "Aggregate",
              "Strategy": "Plain",
              "Partial Mode": "Partial",
              "Parent Relationship": "Outer",
              "Parallel Aware": false,
              "Startup Cost": 211526.63,
              "Total Cost": 211526.64,
              "Plan Rows": 1,
              "Plan Width": 8,
              "Actual Startup Time": 117.859,
              "Actual Total Time": 117.862,
              "Actual Rows": 1,
              "Actual Loops": 6,
              "Plans": [
                {
                  "Node Type": "Hash Join",
                  "Parent Relationship": "Outer",
                  "Parallel Aware": true,
                  "Join Type": "Inner",
                  "Startup Cost": 47302.82,
                  "Total Cost": 211519.24,
                  "Plan Rows": 2955,
                  "Plan Width": 0,
                  "Actual Startup Time": 107.038,
                  "Actual Total Time": 117.642,
                  "Actual Rows": 3824,
                  "Actual Loops": 6,
                  "Inner Unique": true,
                  "Hash Cond": "(mi.movie_id = t.id)",
                  "Plans": [
                    {
                      "Node Type": "Bitmap Heap Scan",
                      "Parent Relationship": "Outer",
                      "Parallel Aware": true,
                      "Relation Name": "movie_info",
                      "Alias": "mi",
                      "Startup Cost": 2584.16,
                      "Total Cost": 166725.81,
                      "Plan Rows": 28483,
                      "Plan Width": 4,
                      "Actual Startup Time": 4.47,
                      "Actual Total Time": 9.706,
                      "Actual Rows": 23344,
                      "Actual Loops": 6,
                      "Recheck Cond": "(info_type_id = 9)",
                      "Rows Removed by Index Recheck": 0,
                      "Exact Heap Blocks": 409,
                      "Lossy Heap Blocks": 0,
                      "Plans": [
                        {
                          "Node Type": "Bitmap Index Scan",
                          "Parent Relationship": "Outer",
                          "Parallel Aware": false,
                          "Index Name": "info_type_id_movie_info",
                          "Startup Cost": 0.0,
                          "Total Cost": 2548.55,
                          "Plan Rows": 142416,
                          "Plan Width": 0,
                          "Actual Startup Time": 4.213,
                          "Actual Total Time": 4.214,
                          "Actual Rows": 140065,
                          "Actual Loops": 1,
                          "Index Cond": "(info_type_id = 9)"
                        }
                      ]
                    },
                    {
                      "Node Type": "Hash",
                      "Parent Relationship": "Inner",
                      "Parallel Aware": true,
                      "Startup Cost": 43898.92,
                      "Total Cost": 43898.92,
                      "Plan Rows": 65580,
                      "Plan Width": 4,
                      "Actual Startup Time": 99.747,
                      "Actual Total Time": 99.748,
                      "Actual Rows": 45650,
                      "Actual Loops": 6,
                      "Hash Buckets": 524288,
                      "Original Hash Buckets": 524288,
                      "Hash Batches": 1,
                      "Original Hash Batches": 1,
                      "Peak Memory Usage": 14944,
                      "Plans": [
                        {
                          "Node Type": "Seq Scan",
                          "Parent Relationship": "Outer",
                          "Parallel Aware": true,
                          "Relation Name": "title",
                          "Alias": "t",
                          "Startup Cost": 0.0,
                          "Total Cost": 43898.92,
                          "Plan Rows": 65580,
                          "Plan Width": 4,
                          "Actual Startup Time": 0.059,
                          "Actual Total Time": 80.772,
                          "Actual Rows": 45650,
                          "Actual Loops": 6,
                          "Filter": "(production_year < 1963)",
                          "Rows Removed by Filter": 375735
                        }
                      ]
                    }
                  ]
                }
              ]
            }
          ]
        }
      ]
    },
    "Planning Time": 0.662,
    "Triggers": [],
    "Execution Time": 143.447
  }
]