[
  {
    "Plan": {
      "Node Type": "Aggregate",
      "Strategy": "Plain",
      "Partial Mode": "Finalize",
      "Parallel Aware": false,
      "Startup Cost": 44747.97,
      "Total Cost": 44747.98,
      "Plan Rows": 1,
      "Plan Width": 8,
      "Actual Startup Time": 132.639,
      "Actual Total Time": 141.599,
      "Actual Rows": 1,
      "Actual Loops": 1,
      "Plans": [
        {
          "Node Type": "Gather",
          "Parent Relationship": "Outer",
          "Parallel Aware": false,
          "Startup Cost": 44747.65,
          "Total Cost": 44747.96,
          "Plan Rows": 3,
          "Plan Width": 8,
          "Actual Startup Time": 132.479,
          "Actual Total Time": 141.588,
          "Actual Rows": 4,
          "Actual Loops": 1,
          "Workers Planned": 3,
          "Workers Launched": 3,
          "Single Copy": false,
          "Plans": [
            {
              "Node Type": "Aggregate",
              "Strategy": "Plain",
              "Partial Mode": "Partial",
              "Parent Relationship": "Outer",
              "Parallel Aware": false,
              "Startup Cost": 43747.65,
              "Total Cost": 43747.66,
              "Plan Rows": 1,
              "Plan Width": 8,
              "Actual Startup Time": 126.438,
              "Actual Total Time": 126.44,
              "Actual Rows": 1,
              "Actual Loops": 4,
              "Plans": [
                {
                  "Node Type": "Seq Scan",
                  "Parent Relationship": "Outer",
                  "Parallel Aware": true,
                  "Relation Name": "movie_keyword",
                  "Alias": "mk",
                  "Startup Cost": 0.0,
                  "Total Cost": 42695.65,
                  "Plan Rows": 420800,
                  "Plan Width": 0,
                  "Actual Startup Time": 1.412,
                  "Actual Total Time": 109.995,
                  "Actual Rows": 326411,
                  "Actual Loops": 4,
                  "Filter": "(keyword_id > 13463)",
                  "Rows Removed by Filter": 804572
                }
              ]
            }
          ]
        }
      ]
    },
    "Planning Time": 0.163,
    "Triggers": [],
    "Execution Time": 141.649
  }
]