{
  "Plan": {
    "Node Type": "Aggregate",
    "Strategy": "Plain",
    "Partial Mode": "Simple",
    "Parallel Aware": false,
    "Startup Cost": 275920.53,
    "Total Cost": 275920.54,
    "Plan Rows": 1,
    "Plan Width": 32,
    "Actual Startup Time": 1738.33,
    "Actual Total Time": 1821.102,
    "Actual Rows": 1,
    "Actual Loops": 1,
    "Plans": [
      {
        "Node Type": "Gather",
        "Parent Relationship": "Outer",
        "Parallel Aware": false,
        "Startup Cost": 3628.41,
        "Total Cost": 275920.53,
        "Plan Rows": 1,
        "Plan Width": 15,
        "Actual Startup Time": 24.604,
        "Actual Total Time": 1816.492,
        "Actual Rows": 49975,
        "Actual Loops": 1,
        "Workers Planned": 1,
        "Workers Launched": 1,
        "Single Copy": false,
        "Plans": [
          {
            "Node Type": "Nested Loop",
            "Parent Relationship": "Outer",
            "Parallel Aware": false,
            "Join Type": "Inner",
            "Startup Cost": 2628.41,
            "Total Cost": 274920.43,
            "Plan Rows": 1,
            "Plan Width": 15,
            "Actual Startup Time": 26.854,
            "Actual Total Time": 1722.033,
            "Actual Rows": 24988,
            "Actual Loops": 2,
            "Inner Unique": true,
            "Plans": [
              {
                "Node Type": "Nested Loop",
                "Parent Relationship": "Outer",
                "Parallel Aware": false,
                "Join Type": "Inner",
                "Startup Cost": 2627.99,
                "Total Cost": 274919.99,
                "Plan Rows": 1,
                "Plan Width": 19,
                "Actual Startup Time": 26.777,
                "Actual Total Time": 1643.331,
                "Actual Rows": 24988,
                "Actual Loops": 2,
                "Inner Unique": false,
                "Plans": [
                  {
                    "Node Type": "Hash Join",
                    "Parent Relationship": "Outer",
                    "Parallel Aware": false,
                    "Join Type": "Inner",
                    "Startup Cost": 2627.56,
                    "Total Cost": 274919.42,
                    "Plan Rows": 1,
                    "Plan Width": 27,
                    "Actual Startup Time": 26.725,
                    "Actual Total Time": 1610.832,
                    "Actual Rows": 2750,
                    "Actual Loops": 2,
                    "Inner Unique": true,
                    "Hash Cond": "(mk.keyword_id = k.id)",
                    "Plans": [
                      {
                        "Node Type": "Nested Loop",
                        "Parent Relationship": "Outer",
                        "Parallel Aware": false,
                        "Join Type": "Inner",
                        "Startup Cost": 1.43,
                        "Total Cost": 272283.26,
                        "Plan Rows": 3816,
                        "Plan Width": 31,
                        "Actual Startup Time": 0.611,
                        "Actual Total Time": 1533.483,
                        "Actual Rows": 704591,
                        "Actual Loops": 2,
                        "Inner Unique": false,
                        "Plans": [
                          {
                            "Node Type": "Nested Loop",
                            "Parent Relationship": "Outer",
                            "Parallel Aware": false,
                            "Join Type": "Inner",
                            "Startup Cost": 0.99,
                            "Total Cost": 268653.45,
                            "Plan Rows": 2132,
                            "Plan Width": 23,
                            "Actual Startup Time": 0.452,
                            "Actual Total Time": 991.03,
                            "Actual Rows": 120752,
                            "Actual Loops": 2,
                            "Inner Unique": true,
                            "Plans": [
                              {
                                "Node Type": "Nested Loop",
                                "Parent Relationship": "Outer",
                                "Parallel Aware": false,
                                "Join Type": "Inner",
                                "Startup Cost": 0.56,
                                "Total Cost": 267688.78,
                                "Plan Rows": 2132,
                                "Plan Width": 19,
                                "Actual Startup Time": 0.289,
                                "Actual Total Time": 488.12,
                                "Actual Rows": 120752,
                                "Actual Loops": 2,
                                "Inner Unique": false,
                                "Plans": [
                                  {
                                    "Node Type": "Seq Scan",
                                    "Parent Relationship": "Outer",
                                    "Parallel Aware": true,
                                    "Relation Name": "name",
                                    "Alias": "n",
                                    "Startup Cost": 0.0,
                                    "Total Cost": 86254.38,
                                    "Plan Rows": 245,
                                    "Plan Width": 19,
                                    "Actual Startup Time": 0.105,
                                    "Actual Total Time": 307.21,
                                    "Actual Rows": 15272,
                                    "Actual Loops": 2,
                                    "Filter": "(name ~~ '%Alex%'::text)",
                                    "Rows Removed by Filter": 2068473
                                  },
                                  {
                                    "Node Type": "Index Scan",
                                    "Parent Relationship": "Inner",
                                    "Parallel Aware": false,
                                    "Scan Direction": "Forward",
                                    "Index Name": "person_id_cast_info",
                                    "Relation Name": "cast_info",
                                    "Alias": "ci",
                                    "Startup Cost": 0.56,
                                    "Total Cost": 735.45,
                                    "Plan Rows": 510,
                                    "Plan Width": 8,
                                    "Actual Startup Time": 0.008,
                                    "Actual Total Time": 0.01,
                                    "Actual Rows": 8,
                                    "Actual Loops": 30545,
                                    "Index Cond": "(person_id = n.id)",
                                    "Rows Removed by Index Recheck": 0
                                  }
                                ]
                              },
                              {
                                "Node Type": "Index Only Scan",
                                "Parent Relationship": "Inner",
                                "Parallel Aware": false,
                                "Scan Direction": "Forward",
                                "Index Name": "title_pkey",
                                "Relation Name": "title",
                                "Alias": "t",
                                "Startup Cost": 0.43,
                                "Total Cost": 0.45,
                                "Plan Rows": 1,
                                "Plan Width": 4,
                                "Actual Startup Time": 0.004,
                                "Actual Total Time": 0.004,
                                "Actual Rows": 1,
                                "Actual Loops": 241505,
                                "Index Cond": "(id = ci.movie_id)",
                                "Rows Removed by Index Recheck": 0,
                                "Heap Fetches": 241505
                              }
                            ]
                          },
                          {
                            "Node Type": "Index Scan",
                            "Parent Relationship": "Inner",
                            "Parallel Aware": false,
                            "Scan Direction": "Forward",
                            "Index Name": "movie_id_movie_keyword",
                            "Relation Name": "movie_keyword",
                            "Alias": "mk",
                            "Startup Cost": 0.43,
                            "Total Cost": 1.24,
                            "Plan Rows": 46,
                            "Plan Width": 8,
                            "Actual Startup Time": 0.003,
                            "Actual Total Time": 0.004,
                            "Actual Rows": 6,
                            "Actual Loops": 241505,
                            "Index Cond": "(movie_id = ci.movie_id)",
                            "Rows Removed by Index Recheck": 0
                          }
                        ]
                      },
                      {
                        "Node Type": "Hash",
                        "Parent Relationship": "Inner",
                        "Parallel Aware": false,
                        "Startup Cost": 2626.12,
                        "Total Cost": 2626.12,
                        "Plan Rows": 1,
                        "Plan Width": 4,
                        "Actual Startup Time": 24.042,
                        "Actual Total Time": 24.043,
                        "Actual Rows": 1,
                        "Actual Loops": 2,
                        "Hash Buckets": 1024,
                        "Original Hash Buckets": 1024,
                        "Hash Batches": 1,
                        "Original Hash Batches": 1,
                        "Peak Memory Usage": 9,
                        "Plans": [
                          {
                            "Node Type": "Seq Scan",
                            "Parent Relationship": "Outer",
                            "Parallel Aware": false,
                            "Relation Name": "keyword",
                            "Alias": "k",
                            "Startup Cost": 0.0,
                            "Total Cost": 2626.12,
                            "Plan Rows": 1,
                            "Plan Width": 4,
                            "Actual Startup Time": 1.464,
                            "Actual Total Time": 24.028,
                            "Actual Rows": 1,
                            "Actual Loops": 2,
                            "Filter": "(keyword = 'character-name-in-title'::text)",
                            "Rows Removed by Filter": 134169
                          }
                        ]
                      }
                    ]
                  },
                  {
                    "Node Type": "Index Scan",
                    "Parent Relationship": "Inner",
                    "Parallel Aware": false,
                    "Scan Direction": "Forward",
                    "Index Name": "movie_id_movie_companies",
                    "Relation Name": "movie_companies",
                    "Alias": "mc",
                    "Startup Cost": 0.43,
                    "Total Cost": 0.52,
                    "Plan Rows": 5,
                    "Plan Width": 8,
                    "Actual Startup Time": 0.007,
                    "Actual Total Time": 0.01,
                    "Actual Rows": 9,
                    "Actual Loops": 5500,
                    "Index Cond": "(movie_id = ci.movie_id)",
                    "Rows Removed by Index Recheck": 0
                  }
                ]
              },
              {
                "Node Type": "Index Only Scan",
                "Parent Relationship": "Inner",
                "Parallel Aware": false,
                "Scan Direction": "Forward",
                "Index Name": "company_name_pkey",
                "Relation Name": "company_name",
                "Alias": "cn",
                "Startup Cost": 0.42,
                "Total Cost": 0.44,
                "Plan Rows": 1,
                "Plan Width": 4,
                "Actual Startup Time": 0.003,
                "Actual Total Time": 0.003,
                "Actual Rows": 1,
                "Actual Loops": 49975,
                "Index Cond": "(id = mc.company_id)",
                "Rows Removed by Index Recheck": 0,
                "Heap Fetches": 49975
              }
            ]
          }
        ]
      }
    ]
  },
  "Planning Time": 1.836,
  "Triggers": [],
  "Execution Time": 1821.273
}