{
  "Plan": {
    "Node Type": "Aggregate",
    "Strategy": "Plain",
    "Partial Mode": "Finalize",
    "Parallel Aware": false,
    "Startup Cost": 99826.09,
    "Total Cost": 99826.1,
    "Plan Rows": 1,
    "Plan Width": 8,
    "Actual Startup Time": 393.305,
    "Actual Total Time": 436.443,
    "Actual Rows": 1,
    "Actual Loops": 1,
    "Plans": [
      {
        "Node Type": "Gather",
        "Parent Relationship": "Outer",
        "Parallel Aware": false,
        "Startup Cost": 99825.98,
        "Total Cost": 99826.09,
        "Plan Rows": 1,
        "Plan Width": 8,
        "Actual Startup Time": 392.964,
        "Actual Total Time": 436.433,
        "Actual Rows": 2,
        "Actual Loops": 1,
        "Workers Planned": 1,
        "Workers Launched": 1,
        "Single Copy": false,
        "Plans": [
          {
            "Node Type": "Aggregate",
            "Strategy": "Plain",
            "Partial Mode": "Partial",
            "Parent Relationship": "Outer",
            "Parallel Aware": false,
            "Startup Cost": 98825.98,
            "Total Cost": 98825.99,
            "Plan Rows": 1,
            "Plan Width": 8,
            "Actual Startup Time": 386.601,
            "Actual Total Time": 386.606,
            "Actual Rows": 1,
            "Actual Loops": 2,
            "Plans": [
              {
                "Node Type": "Nested Loop",
                "Parent Relationship": "Outer",
                "Parallel Aware": false,
                "Join Type": "Inner",
                "Startup Cost": 64960.04,
                "Total Cost": 98804.96,
                "Plan Rows": 8409,
                "Plan Width": 0,
                "Actual Startup Time": 173.087,
                "Actual Total Time": 383.283,
                "Actual Rows": 63920,
                "Actual Loops": 2,
                "Inner Unique": false,
                "Join Filter": "(t.id = ci.movie_id)",
                "Rows Removed by Join Filter": 0,
                "Plans": [
                  {
                    "Node Type": "Hash Join",
                    "Parent Relationship": "Outer",
                    "Parallel Aware": true,
                    "Join Type": "Inner",
                    "Startup Cost": 64959.48,
                    "Total Cost": 92159.9,
                    "Plan Rows": 1018,
                    "Plan Width": 8,
                    "Actual Startup Time": 172.929,
                    "Actual Total Time": 243.953,
                    "Actual Rows": 2280,
                    "Actual Loops": 2,
                    "Inner Unique": true,
                    "Hash Cond": "(mk.movie_id = t.id)",
                    "Plans": [
                      {
                        "Node Type": "Bitmap Heap Scan",
                        "Parent Relationship": "Outer",
                        "Parallel Aware": true,
                        "Relation Name": "movie_keyword",
                        "Alias": "mk",
                        "Startup Cost": 6548.77,
                        "Total Cost": 33272.54,
                        "Plan Rows": 181582,
                        "Plan Width": 4,
                        "Actual Startup Time": 23.626,
                        "Actual Total Time": 77.778,
                        "Actual Rows": 162630,
                        "Actual Loops": 2,
                        "Recheck Cond": "(keyword_id < 263)",
                        "Rows Removed by Index Recheck": 0,
                        "Exact Heap Blocks": 17388,
                        "Lossy Heap Blocks": 0,
                        "Plans": [
                          {
                            "Node Type": "Bitmap Index Scan",
                            "Parent Relationship": "Outer",
                            "Parallel Aware": false,
                            "Index Name": "keyword_id_movie_keyword",
                            "Startup Cost": 0.0,
                            "Total Cost": 6471.6,
                            "Plan Rows": 308689,
                            "Plan Width": 0,
                            "Actual Startup Time": 20.063,
                            "Actual Total Time": 20.064,
                            "Actual Rows": 325260,
                            "Actual Loops": 1,
                            "Index Cond": "(keyword_id < 263)"
                          }
                        ]
                      },
                      {
                        "Node Type": "Hash",
                        "Parent Relationship": "Inner",
                        "Parallel Aware": true,
                        "Startup Cost": 58306.47,
                        "Total Cost": 58306.47,
                        "Plan Rows": 8339,
                        "Plan Width": 4,
                        "Actual Startup Time": 148.431,
                        "Actual Total Time": 148.432,
                        "Actual Rows": 5918,
                        "Actual Loops": 2,
                        "Hash Buckets": 16384,
                        "Original Hash Buckets": 16384,
                        "Hash Batches": 1,
                        "Original Hash Batches": 1,
                        "Peak Memory Usage": 640,
                        "Plans": [
                          {
                            "Node Type": "Seq Scan",
                            "Parent Relationship": "Outer",
                            "Parallel Aware": true,
                            "Relation Name": "title",
                            "Alias": "t",
                            "Startup Cost": 0.0,
                            "Total Cost": 58306.47,
                            "Plan Rows": 8339,
                            "Plan Width": 4,
                            "Actual Startup Time": 0.625,
                            "Actual Total Time": 146.114,
                            "Actual Rows": 5918,
                            "Actual Loops": 2,
                            "Filter": "((kind_id < 7) AND (production_year = 1995))",
                            "Rows Removed by Filter": 1258238
                          }
                        ]
                      }
                    ]
                  },
                  {
                    "Node Type": "Index Scan",
                    "Parent Relationship": "Inner",
                    "Parallel Aware": false,
                    "Scan Direction": "Forward",
                    "Index Name": "movie_id_cast_info",
                    "Relation Name": "cast_info",
                    "Alias": "ci",
                    "Startup Cost": 0.56,
                    "Total Cost": 6.27,
                    "Plan Rows": 21,
                    "Plan Width": 4,
                    "Actual Startup Time": 0.009,
                    "Actual Total Time": 0.058,
                    "Actual Rows": 28,
                    "Actual Loops": 4560,
                    "Index Cond": "(movie_id = mk.movie_id)",
                    "Rows Removed by Index Recheck": 0,
                    "Filter": "(person_id < 2110762)",
                    "Rows Removed by Filter": 21
                  }
                ]
              }
            ]
          }
        ]
      }
    ]
  },
  "Planning Time": 0.98,
  "Triggers": [],
  "Execution Time": 436.561
}