{
  "Plan": {
    "Node Type": "Aggregate",
    "Strategy": "Plain",
    "Partial Mode": "Finalize",
    "Parallel Aware": false,
    "Startup Cost": 160074.89,
    "Total Cost": 160074.9,
    "Plan Rows": 1,
    "Plan Width": 8,
    "Actual Startup Time": 183.221,
    "Actual Total Time": 205.915,
    "Actual Rows": 1,
    "Actual Loops": 1,
    "Plans": [
      {
        "Node Type": "Gather",
        "Parent Relationship": "Outer",
        "Parallel Aware": false,
        "Startup Cost": 160074.78,
        "Total Cost": 160074.89,
        "Plan Rows": 1,
        "Plan Width": 8,
        "Actual Startup Time": 183.118,
        "Actual Total Time": 205.907,
        "Actual Rows": 2,
        "Actual Loops": 1,
        "Workers Planned": 1,
        "Workers Launched": 1,
        "Single Copy": false,
        "Plans": [
          {
            "Node Type": "Aggregate",
            "Strategy": "Plain",
            "Partial Mode": "Partial",
            "Parent Relationship": "Outer",
            "Parallel Aware": false,
            "Startup Cost": 159074.78,
            "Total Cost": 159074.79,
            "Plan Rows": 1,
            "Plan Width": 8,
            "Actual Startup Time": 177.315,
            "Actual Total Time": 177.317,
            "Actual Rows": 1,
            "Actual Loops": 2,
            "Plans": [
              {
                "Node Type": "Nested Loop",
                "Parent Relationship": "Outer",
                "Parallel Aware": false,
                "Join Type": "Inner",
                "Startup Cost": 0.43,
                "Total Cost": 159071.25,
                "Plan Rows": 1412,
                "Plan Width": 0,
                "Actual Startup Time": 8.892,
                "Actual Total Time": 177.015,
                "Actual Rows": 3864,
                "Actual Loops": 2,
                "Inner Unique": false,
                "Plans": [
                  {
                    "Node Type": "Seq Scan",
                    "Parent Relationship": "Outer",
                    "Parallel Aware": true,
                    "Relation Name": "title",
                    "Alias": "t",
                    "Startup Cost": 0.0,
                    "Total Cost": 58306.47,
                    "Plan Rows": 674,
                    "Plan Width": 4,
                    "Actual Startup Time": 8.783,
                    "Actual Total Time": 138.344,
                    "Actual Rows": 1689,
                    "Actual Loops": 2,
                    "Filter": "((kind_id < 7) AND (production_year > 2013))",
                    "Rows Removed by Filter": 1262467
                  },
                  {
                    "Node Type": "Index Scan",
                    "Parent Relationship": "Inner",
                    "Parallel Aware": false,
                    "Scan Direction": "Forward",
                    "Index Name": "movie_id_movie_info",
                    "Relation Name": "movie_info",
                    "Alias": "mi",
                    "Startup Cost": 0.43,
                    "Total Cost": 149.35,
                    "Plan Rows": 15,
                    "Plan Width": 4,
                    "Actual Startup Time": 0.013,
                    "Actual Total Time": 0.022,
                    "Actual Rows": 2,
                    "Actual Loops": 3378,
                    "Index Cond": "(movie_id = t.id)",
                    "Rows Removed by Index Recheck": 0,
                    "Filter": "(info_type_id > 15)",
                    "Rows Removed by Filter": 5
                  }
                ]
              }
            ]
          }
        ]
      }
    ]
  },
  "Planning Time": 0.459,
  "Triggers": [],
  "Execution Time": 205.996
}