{
  "Plan": {
    "Node Type": "Aggregate",
    "Strategy": "Plain",
    "Partial Mode": "Finalize",
    "Parallel Aware": false,
    "Startup Cost": 593321.86,
    "Total Cost": 593321.87,
    "Plan Rows": 1,
    "Plan Width": 8,
    "Actual Startup Time": 2109.692,
    "Actual Total Time": 2172.575,
    "Actual Rows": 1,
    "Actual Loops": 1,
    "Plans": [
      {
        "Node Type": "Gather",
        "Parent Relationship": "Outer",
        "Parallel Aware": false,
        "Startup Cost": 593321.75,
        "Total Cost": 593321.86,
        "Plan Rows": 1,
        "Plan Width": 8,
        "Actual Startup Time": 2108.986,
        "Actual Total Time": 2172.566,
        "Actual Rows": 2,
        "Actual Loops": 1,
        "Workers Planned": 1,
        "Workers Launched": 1,
        "Single Copy": false,
        "Plans": [
          {
            "Node Type": "Aggregate",
            "Strategy": "Plain",
            "Partial Mode": "Partial",
            "Parent Relationship": "Outer",
            "Parallel Aware": false,
            "Startup Cost": 592321.75,
            "Total Cost": 592321.76,
            "Plan Rows": 1,
            "Plan Width": 8,
            "Actual Startup Time": 2102.585,
            "Actual Total Time": 2102.59,
            "Actual Rows": 1,
            "Actual Loops": 2,
            "Plans": [
              {
                "Node Type": "Hash Join",
                "Parent Relationship": "Outer",
                "Parallel Aware": true,
                "Join Type": "Inner",
                "Startup Cost": 54998.21,
                "Total Cost": 591197.16,
                "Plan Rows": 449834,
                "Plan Width": 0,
                "Actual Startup Time": 719.093,
                "Actual Total Time": 2081.387,
                "Actual Rows": 492758,
                "Actual Loops": 2,
                "Inner Unique": true,
                "Hash Cond": "(ci.movie_id = t.id)",
                "Plans": [
                  {
                    "Node Type": "Seq Scan",
                    "Parent Relationship": "Outer",
                    "Parallel Aware": true,
                    "Relation Name": "cast_info",
                    "Alias": "ci",
                    "Startup Cost": 0.0,
                    "Total Cost": 519069.44,
                    "Plan Rows": 6525518,
                    "Plan Width": 4,
                    "Actual Startup Time": 595.113,
                    "Actual Total Time": 1298.807,
                    "Actual Rows": 5498456,
                    "Actual Loops": 2,
                    "Filter": "(person_id > 2604757)",
                    "Rows Removed by Filter": 12623716
                  },
                  {
                    "Node Type": "Hash",
                    "Parent Relationship": "Inner",
                    "Parallel Aware": true,
                    "Startup Cost": 53716.68,
                    "Total Cost": 53716.68,
                    "Plan Rows": 102522,
                    "Plan Width": 4,
                    "Actual Startup Time": 120.119,
                    "Actual Total Time": 120.121,
                    "Actual Rows": 80143,
                    "Actual Loops": 2,
                    "Hash Buckets": 262144,
                    "Original Hash Buckets": 262144,
                    "Hash Batches": 1,
                    "Original Hash Batches": 1,
                    "Peak Memory Usage": 8352,
                    "Plans": [
                      {
                        "Node Type": "Bitmap Heap Scan",
                        "Parent Relationship": "Outer",
                        "Parallel Aware": true,
                        "Relation Name": "title",
                        "Alias": "t",
                        "Startup Cost": 11866.42,
                        "Total Cost": 53716.68,
                        "Plan Rows": 102522,
                        "Plan Width": 4,
                        "Actual Startup Time": 37.693,
                        "Actual Total Time": 101.959,
                        "Actual Rows": 80143,
                        "Actual Loops": 2,
                        "Recheck Cond": "(kind_id = 1)",
                        "Rows Removed by Index Recheck": 0,
                        "Filter": "(production_year > 2008)",
                        "Rows Removed by Filter": 251270,
                        "Exact Heap Blocks": 8530,
                        "Lossy Heap Blocks": 0,
                        "Plans": [
                          {
                            "Node Type": "Bitmap Index Scan",
                            "Parent Relationship": "Outer",
                            "Parallel Aware": false,
                            "Index Name": "kind_id_title",
                            "Startup Cost": 0.0,
                            "Total Cost": 11822.85,
                            "Plan Rows": 663256,
                            "Plan Width": 0,
                            "Actual Startup Time": 38.167,
                            "Actual Total Time": 38.167,
                            "Actual Rows": 662825,
                            "Actual Loops": 1,
                            "Index Cond": "(kind_id = 1)"
                          }
                        ]
                      }
                    ]
                  }
                ]
              }
            ]
          }
        ]
      }
    ]
  },
  "Planning Time": 0.628,
  "Triggers": [],
  "Execution Time": 2172.68
}