[
  {
    "Plan": {
      "Node Type": "Aggregate",
      "Strategy": "Plain",
      "Partial Mode": "Finalize",
      "Parallel Aware": false,
      "Startup Cost": 10304.35,
      "Total Cost": 10304.36,
      "Plan Rows": 1,
      "Plan Width": 8,
      "Actual Startup Time": 28.077,
      "Actual Total Time": 30.631,
      "Actual Rows": 1,
      "Actual Loops": 1,
      "Plans": [
        {
          "Node Type": "Gather",
          "Parent Relationship": "Outer",
          "Parallel Aware": false,
          "Startup Cost": 10304.04,
          "Total Cost": 10304.35,
          "Plan Rows": 3,
          "Plan Width": 8,
          "Actual Startup Time": 28.033,
          "Actual Total Time": 30.625,
          "Actual Rows": 4,
          "Actual Loops": 1,
          "Workers Planned": 3,
          "Workers Launched": 3,
          "Single Copy": false,
          "Plans": [
            {
              "Node Type": "Aggregate",
              "Strategy": "Plain",
              "Partial Mode": "Partial",
              "Parent Relationship": "Outer",
              "Parallel Aware": false,
              "Startup Cost": 9304.04,
              "Total Cost": 9304.05,
              "Plan Rows": 1,
              "Plan Width": 8,
              "Actual Startup Time": 24.008,
              "Actual Total Time": 24.009,
              "Actual Rows": 1,
              "Actual Loops": 4,
              "Plans": [
                {
                  "Node Type": "Index Scan",
                  "Parent Relationship": "Outer",
                  "Parallel Aware": true,
                  "Scan Direction": "Forward",
                  "Index Name": "role_id_cast_info",
                  "Relation Name": "cast_info",
                  "Alias": "ci",
                  "Startup Cost": 0.56,
                  "Total Cost": 9091.72,
                  "Plan Rows": 84925,
                  "Plan Width": 0,
                  "Actual Startup Time": 0.176,
                  "Actual Total Time": 22.083,
                  "Actual Rows": 27131,
                  "Actual Loops": 4,
                  "Index Cond": "(role_id > 10)",
                  "Rows Removed by Index Recheck": 0,
                  "Filter": "(person_id < 3053959)",
                  "Rows Removed by Filter": 51898
                }
              ]
            }
          ]
        }
      ]
    },
    "Planning Time": 0.116,
    "Triggers": [],
    "Execution Time": 30.667
  }
]