[
  {
    "Plan": {
      "Node Type": "Aggregate",
      "Strategy": "Plain",
      "Partial Mode": "Finalize",
      "Parallel Aware": false,
      "Startup Cost": 9800.8,
      "Total Cost": 9800.81,
      "Plan Rows": 1,
      "Plan Width": 8,
      "Actual Startup Time": 27.326,
      "Actual Total Time": 29.1,
      "Actual Rows": 1,
      "Actual Loops": 1,
      "Plans": [
        {
          "Node Type": "Gather",
          "Parent Relationship": "Outer",
          "Parallel Aware": false,
          "Startup Cost": 9800.48,
          "Total Cost": 9800.79,
          "Plan Rows": 3,
          "Plan Width": 8,
          "Actual Startup Time": 27.207,
          "Actual Total Time": 29.092,
          "Actual Rows": 4,
          "Actual Loops": 1,
          "Workers Planned": 3,
          "Workers Launched": 3,
          "Single Copy": false,
          "Plans": [
            {
              "Node Type": "Aggregate",
              "Strategy": "Plain",
              "Partial Mode": "Partial",
              "Parent Relationship": "Outer",
              "Parallel Aware": false,
              "Startup Cost": 8800.48,
              "Total Cost": 8800.49,
              "Plan Rows": 1,
              "Plan Width": 8,
              "Actual Startup Time": 22.77,
              "Actual Total Time": 22.771,
              "Actual Rows": 1,
              "Actual Loops": 4,
              "Plans": [
                {
                  "Node Type": "Index Scan",
                  "Parent Relationship": "Outer",
                  "Parallel Aware": true,
                  "Scan Direction": "Forward",
                  "Index Name": "role_id_cast_info",
                  "Relation Name": "cast_info",
                  "Alias": "ci",
                  "Startup Cost": 0.56,
                  "Total Cost": 8600.37,
                  "Plan Rows": 80044,
                  "Plan Width": 0,
                  "Actual Startup Time": 0.127,
                  "Actual Total Time": 20.803,
                  "Actual Rows": 27131,
                  "Actual Loops": 4,
                  "Index Cond": "(role_id > 10)",
                  "Rows Removed by Index Recheck": 0,
                  "Filter": "(person_id < 3053959)",
                  "Rows Removed by Filter": 51898
                }
              ]
            }
          ]
        }
      ]
    },
    "Planning Time": 0.177,
    "Triggers": [],
    "Execution Time": 29.148
  }
]