{
  "Plan": {
    "Node Type": "Aggregate",
    "Strategy": "Plain",
    "Partial Mode": "Finalize",
    "Parallel Aware": false,
    "Startup Cost": 340099.38,
    "Total Cost": 340099.39,
    "Plan Rows": 1,
    "Plan Width": 64,
    "Actual Startup Time": 7511.934,
    "Actual Total Time": 7512.794,
    "Actual Rows": 1,
    "Actual Loops": 1,
    "Plans": [
      {
        "Node Type": "Gather",
        "Parent Relationship": "Outer",
        "Parallel Aware": false,
        "Startup Cost": 340099.26,
        "Total Cost": 340099.37,
        "Plan Rows": 1,
        "Plan Width": 64,
        "Actual Startup Time": 7511.927,
        "Actual Total Time": 7512.787,
        "Actual Rows": 1,
        "Actual Loops": 1,
        "Workers Planned": 1,
        "Workers Launched": 0,
        "Single Copy": false,
        "Plans": [
          {
            "Node Type": "Aggregate",
            "Strategy": "Plain",
            "Partial Mode": "Partial",
            "Parent Relationship": "Outer",
            "Parallel Aware": false,
            "Startup Cost": 339099.26,
            "Total Cost": 339099.27,
            "Plan Rows": 1,
            "Plan Width": 64,
            "Actual Startup Time": 7510.624,
            "Actual Total Time": 7510.632,
            "Actual Rows": 1,
            "Actual Loops": 1,
            "Plans": [
              {
                "Node Type": "Hash Join",
                "Parent Relationship": "Outer",
                "Parallel Aware": false,
                "Join Type": "Inner",
                "Startup Cost": 143158.8,
                "Total Cost": 339097.2,
                "Plan Rows": 413,
                "Plan Width": 32,
                "Actual Startup Time": 1286.148,
                "Actual Total Time": 7441.766,
                "Actual Rows": 745328,
                "Actual Loops": 1,
                "Inner Unique": true,
                "Hash Cond": "(mi.info_type_id = it.id)",
                "Plans": [
                  {
                    "Node Type": "Nested Loop",
                    "Parent Relationship": "Outer",
                    "Parallel Aware": false,
                    "Join Type": "Inner",
                    "Startup Cost": 143156.38,
                    "Total Cost": 338967.65,
                    "Plan Rows": 46678,
                    "Plan Width": 36,
                    "Actual Startup Time": 1286.078,
                    "Actual Total Time": 7014.209,
                    "Actual Rows": 6777775,
                    "Actual Loops": 1,
                    "Inner Unique": false,
                    "Plans": [
                      {
                        "Node Type": "Nested Loop",
                        "Parent Relationship": "Outer",
                        "Parallel Aware": false,
                        "Join Type": "Inner",
                        "Startup Cost": 143155.94,
                        "Total Cost": 323722.97,
                        "Plan Rows": 7934,
                        "Plan Width": 44,
                        "Actual Startup Time": 1286.062,
                        "Actual Total Time": 4931.29,
                        "Actual Rows": 181356,
                        "Actual Loops": 1,
                        "Inner Unique": true,
                        "Plans": [
                          {
                            "Node Type": "Nested Loop",
                            "Parent Relationship": "Outer",
                            "Parallel Aware": false,
                            "Join Type": "Inner",
                            "Startup Cost": 143155.51,
                            "Total Cost": 312848.57,
                            "Plan Rows": 20953,
                            "Plan Width": 23,
                            "Actual Startup Time": 1286.003,
                            "Actual Total Time": 4145.175,
                            "Actual Rows": 483082,
                            "Actual Loops": 1,
                            "Inner Unique": true,
                            "Plans": [
                              {
                                "Node Type": "Hash Join",
                                "Parent Relationship": "Outer",
                                "Parallel Aware": true,
                                "Join Type": "Inner",
                                "Startup Cost": 143155.08,
                                "Total Cost": 298870.6,
                                "Plan Rows": 20953,
                                "Plan Width": 27,
                                "Actual Startup Time": 1285.984,
                                "Actual Total Time": 3363.925,
                                "Actual Rows": 505134,
                                "Actual Loops": 1,
                                "Inner Unique": true,
                                "Hash Cond": "(mc.company_id = cn.id)",
                                "Plans": [
                                  {
                                    "Node Type": "Nested Loop",
                                    "Parent Relationship": "Outer",
                                    "Parallel Aware": false,
                                    "Join Type": "Inner",
                                    "Startup Cost": 137806.77,
                                    "Total Cost": 293370.33,
                                    "Plan Rows": 57892,
                                    "Plan Width": 31,
                                    "Actual Startup Time": 1222.835,
                                    "Actual Total Time": 3124.411,
                                    "Actual Rows": 960723,
                                    "Actual Loops": 1,
                                    "Inner Unique": false,
                                    "Plans": [
                                      {
                                        "Node Type": "Nested Loop",
                                        "Parent Relationship": "Outer",
                                        "Parallel Aware": false,
                                        "Join Type": "Inner",
                                        "Startup Cost": 137806.34,
                                        "Total Cost": 277145.95,
                                        "Plan Rows": 23248,
                                        "Plan Width": 23,
                                        "Actual Startup Time": 1222.813,
                                        "Actual Total Time": 2100.841,
                                        "Actual Rows": 503022,
                                        "Actual Loops": 1,
                                        "Inner Unique": true,
                                        "Plans": [
                                          {
                                            "Node Type": "Merge Join",
                                            "Parent Relationship": "Outer",
                                            "Parallel Aware": false,
                                            "Join Type": "Inner",
                                            "Startup Cost": 137805.91,
                                            "Total Cost": 199133.69,
                                            "Plan Rows": 100627,
                                            "Plan Width": 16,
                                            "Actual Startup Time": 1090.66,
                                            "Actual Total Time": 1421.609,
                                            "Actual Rows": 503508,
                                            "Actual Loops": 1,
                                            "Inner Unique": false,
                                            "Merge Cond": "(an.person_id = ci.person_id)",
                                            "Plans": [
                                              {
                                                "Node Type": "Index Only Scan",
                                                "Parent Relationship": "Outer",
                                                "Parallel Aware": true,
                                                "Scan Direction": "Forward",
                                                "Index Name": "person_id_aka_name",
                                                "Relation Name": "aka_name",
                                                "Alias": "an",
                                                "Startup Cost": 0.42,
                                                "Total Cost": 68275.39,
                                                "Plan Rows": 530202,
                                                "Plan Width": 4,
                                                "Actual Startup Time": 0.026,
                                                "Actual Total Time": 186.594,
                                                "Actual Rows": 578828,
                                                "Actual Loops": 1,
                                                "Heap Fetches": 578828
                                              },
                                              {
                                                "Node Type": "Sort",
                                                "Parent Relationship": "Inner",
                                                "Parallel Aware": false,
                                                "Startup Cost": 137799.98,
                                                "Total Cost": 137980.92,
                                                "Plan Rows": 72377,
                                                "Plan Width": 12,
                                                "Actual Startup Time": 1090.316,
                                                "Actual Total Time": 1132.485,
                                                "Actual Rows": 621321,
                                                "Actual Loops": 1,
                                                "Sort Key": [
                                                  "ci.person_id"
                                                ],
                                                "Sort Method": "quicksort",
                                                "Sort Space Used": 25234,
                                                "Sort Space Type": "Memory",
                                                "Plans": [
                                                  {
                                                    "Node Type": "Nested Loop",
                                                    "Parent Relationship": "Outer",
                                                    "Parallel Aware": false,
                                                    "Join Type": "Inner",
                                                    "Startup Cost": 0.56,
                                                    "Total Cost": 131957.98,
                                                    "Plan Rows": 72377,
                                                    "Plan Width": 12,
                                                    "Actual Startup Time": 0.175,
                                                    "Actual Total Time": 1033.059,
                                                    "Actual Rows": 276166,
                                                    "Actual Loops": 1,
                                                    "Inner Unique": false,
                                                    "Plans": [
                                                      {
                                                        "Node Type": "Seq Scan",
                                                        "Parent Relationship": "Outer",
                                                        "Parallel Aware": false,
                                                        "Relation Name": "role_type",
                                                        "Alias": "rt",
                                                        "Startup Cost": 0.0,
                                                        "Total Cost": 1.15,
                                                        "Plan Rows": 1,
                                                        "Plan Width": 4,
                                                        "Actual Startup Time": 0.013,
                                                        "Actual Total Time": 0.018,
                                                        "Actual Rows": 1,
                                                        "Actual Loops": 1,
                                                        "Filter": "((role)::text = 'actress'::text)",
                                                        "Rows Removed by Filter": 11
                                                      },
                                                      {
                                                        "Node Type": "Index Scan",
                                                        "Parent Relationship": "Inner",
                                                        "Parallel Aware": false,
                                                        "Scan Direction": "Forward",
                                                        "Index Name": "role_id_cast_info",
                                                        "Relation Name": "cast_info",
                                                        "Alias": "ci",
                                                        "Startup Cost": 0.56,
                                                        "Total Cost": 131167.27,
                                                        "Plan Rows": 78956,
                                                        "Plan Width": 16,
                                                        "Actual Startup Time": 0.156,
                                                        "Actual Total Time": 1011.592,
                                                        "Actual Rows": 276166,
                                                        "Actual Loops": 1,
                                                        "Index Cond": "(role_id = rt.id)",
                                                        "Rows Removed by Index Recheck": 0,
                                                        "Filter": "(note = ANY ('{(voice),\"(voice: Japanese version)\",\"(voice) (uncredited)\",\"(voice: English version)\"}'::text[]))",
                                                        "Rows Removed by Filter": 7175807
                                                      }
                                                    ]
                                                  }
                                                ]
                                              }
                                            ]
                                          },
                                          {
                                            "Node Type": "Index Scan",
                                            "Parent Relationship": "Inner",
                                            "Parallel Aware": false,
                                            "Scan Direction": "Forward",
                                            "Index Name": "name_pkey",
                                            "Relation Name": "name",
                                            "Alias": "n",
                                            "Startup Cost": 0.43,
                                            "Total Cost": 0.78,
                                            "Plan Rows": 1,
                                            "Plan Width": 19,
                                            "Actual Startup Time": 0.001,
                                            "Actual Total Time": 0.001,
                                            "Actual Rows": 1,
                                            "Actual Loops": 503508,
                                            "Index Cond": "(id = ci.person_id)",
                                            "Rows Removed by Index Recheck": 0,
                                            "Filter": "((gender)::text = 'f'::text)",
                                            "Rows Removed by Filter": 0
                                          }
                                        ]
                                      },
                                      {
                                        "Node Type": "Index Scan",
                                        "Parent Relationship": "Inner",
                                        "Parallel Aware": false,
                                        "Scan Direction": "Forward",
                                        "Index Name": "movie_id_movie_companies",
                                        "Relation Name": "movie_companies",
                                        "Alias": "mc",
                                        "Startup Cost": 0.43,
                                        "Total Cost": 0.65,
                                        "Plan Rows": 5,
                                        "Plan Width": 8,
                                        "Actual Startup Time": 0.001,
                                        "Actual Total Time": 0.002,
                                        "Actual Rows": 2,
                                        "Actual Loops": 503022,
                                        "Index Cond": "(movie_id = ci.movie_id)",
                                        "Rows Removed by Index Recheck": 0
                                      }
                                    ]
                                  },
                                  {
                                    "Node Type": "Hash",
                                    "Parent Relationship": "Inner",
                                    "Parallel Aware": true,
                                    "Startup Cost": 4722.92,
                                    "Total Cost": 4722.92,
                                    "Plan Rows": 50031,
                                    "Plan Width": 4,
                                    "Actual Startup Time": 59.829,
                                    "Actual Total Time": 59.829,
                                    "Actual Rows": 84843,
                                    "Actual Loops": 1,
                                    "Hash Buckets": 131072,
                                    "Original Hash Buckets": 131072,
                                    "Hash Batches": 1,
                                    "Original Hash Batches": 1,
                                    "Peak Memory Usage": 4352,
                                    "Plans": [
                                      {
                                        "Node Type": "Seq Scan",
                                        "Parent Relationship": "Outer",
                                        "Parallel Aware": true,
                                        "Relation Name": "company_name",
                                        "Alias": "cn",
                                        "Startup Cost": 0.0,
                                        "Total Cost": 4722.92,
                                        "Plan Rows": 50031,
                                        "Plan Width": 4,
                                        "Actual Startup Time": 0.019,
                                        "Actual Total Time": 38.797,
                                        "Actual Rows": 84843,
                                        "Actual Loops": 1,
                                        "Filter": "((country_code)::text = '[us]'::text)",
                                        "Rows Removed by Filter": 150154
                                      }
                                    ]
                                  }
                                ]
                              },
                              {
                                "Node Type": "Index Only Scan",
                                "Parent Relationship": "Inner",
                                "Parallel Aware": false,
                                "Scan Direction": "Forward",
                                "Index Name": "char_name_pkey",
                                "Relation Name": "char_name",
                                "Alias": "chn",
                                "Startup Cost": 0.43,
                                "Total Cost": 0.67,
                                "Plan Rows": 1,
                                "Plan Width": 4,
                                "Actual Startup Time": 0.001,
                                "Actual Total Time": 0.001,
                                "Actual Rows": 1,
                                "Actual Loops": 505134,
                                "Index Cond": "(id = ci.person_role_id)",
                                "Rows Removed by Index Recheck": 0,
                                "Heap Fetches": 483082
                              }
                            ]
                          },
                          {
                            "Node Type": "Index Scan",
                            "Parent Relationship": "Inner",
                            "Parallel Aware": false,
                            "Scan Direction": "Forward",
                            "Index Name": "title_pkey",
                            "Relation Name": "title",
                            "Alias": "t",
                            "Startup Cost": 0.43,
                            "Total Cost": 0.52,
                            "Plan Rows": 1,
                            "Plan Width": 21,
                            "Actual Startup Time": 0.001,
                            "Actual Total Time": 0.001,
                            "Actual Rows": 0,
                            "Actual Loops": 483082,
                            "Index Cond": "(id = mc.movie_id)",
                            "Rows Removed by Index Recheck": 0,
                            "Filter": "(production_year < 1999)",
                            "Rows Removed by Filter": 1
                          }
                        ]
                      },
                      {
                        "Node Type": "Index Scan",
                        "Parent Relationship": "Inner",
                        "Parallel Aware": false,
                        "Scan Direction": "Forward",
                        "Index Name": "movie_id_movie_info",
                        "Relation Name": "movie_info",
                        "Alias": "mi",
                        "Startup Cost": 0.43,
                        "Total Cost": 1.5,
                        "Plan Rows": 42,
                        "Plan Width": 8,
                        "Actual Startup Time": 0.002,
                        "Actual Total Time": 0.008,
                        "Actual Rows": 37,
                        "Actual Loops": 181356,
                        "Index Cond": "(movie_id = mc.movie_id)",
                        "Rows Removed by Index Recheck": 0
                      }
                    ]
                  },
                  {
                    "Node Type": "Hash",
                    "Parent Relationship": "Inner",
                    "Parallel Aware": false,
                    "Startup Cost": 2.41,
                    "Total Cost": 2.41,
                    "Plan Rows": 1,
                    "Plan Width": 4,
                    "Actual Startup Time": 0.056,
                    "Actual Total Time": 0.056,
                    "Actual Rows": 1,
                    "Actual Loops": 1,
                    "Hash Buckets": 1024,
                    "Original Hash Buckets": 1024,
                    "Hash Batches": 1,
                    "Original Hash Batches": 1,
                    "Peak Memory Usage": 9,
                    "Plans": [
                      {
                        "Node Type": "Seq Scan",
                        "Parent Relationship": "Outer",
                        "Parallel Aware": false,
                        "Relation Name": "info_type",
                        "Alias": "it",
                        "Startup Cost": 0.0,
                        "Total Cost": 2.41,
                        "Plan Rows": 1,
                        "Plan Width": 4,
                        "Actual Startup Time": 0.031,
                        "Actual Total Time": 0.05,
                        "Actual Rows": 1,
                        "Actual Loops": 1,
                        "Filter": "((info)::text = 'release dates'::text)",
                        "Rows Removed by Filter": 112
                      }
                    ]
                  }
                ]
              }
            ]
          }
        ]
      }
    ]
  },
  "Planning Time": 3.425,
  "Triggers": [],
  "Execution Time": 7513.946
}