{
  "Plan": {
    "Node Type": "Aggregate",
    "Strategy": "Plain",
    "Partial Mode": "Simple",
    "Parallel Aware": false,
    "Startup Cost": 4349.39,
    "Total Cost": 4349.4,
    "Plan Rows": 1,
    "Plan Width": 96,
    "Actual Startup Time": 30.7,
    "Actual Total Time": 30.706,
    "Actual Rows": 1,
    "Actual Loops": 1,
    "Plans": [
      {
        "Node Type": "Hash Join",
        "Parent Relationship": "Outer",
        "Parallel Aware": false,
        "Join Type": "Inner",
        "Startup Cost": 3769.87,
        "Total Cost": 4349.38,
        "Plan Rows": 1,
        "Plan Width": 46,
        "Actual Startup Time": 30.696,
        "Actual Total Time": 30.701,
        "Actual Rows": 0,
        "Actual Loops": 1,
        "Inner Unique": true,
        "Hash Cond": "(ml.link_type_id = lt.id)",
        "Plans": [
          {
            "Node Type": "Nested Loop",
            "Parent Relationship": "Outer",
            "Parallel Aware": false,
            "Join Type": "Inner",
            "Startup Cost": 3768.46,
            "Total Cost": 4347.97,
            "Plan Rows": 1,
            "Plan Width": 38,
            "Actual Startup Time": 30.645,
            "Actual Total Time": 30.649,
            "Actual Rows": 0,
            "Actual Loops": 1,
            "Inner Unique": true,
            "Plans": [
              {
                "Node Type": "Hash Join",
                "Parent Relationship": "Outer",
                "Parallel Aware": false,
                "Join Type": "Inner",
                "Startup Cost": 3768.03,
                "Total Cost": 4343.5,
                "Plan Rows": 1,
                "Plan Width": 25,
                "Actual Startup Time": 30.643,
                "Actual Total Time": 30.647,
                "Actual Rows": 0,
                "Actual Loops": 1,
                "Inner Unique": false,
                "Hash Cond": "(ml.movie_id = t1.id)",
                "Plans": [
                  {
                    "Node Type": "Seq Scan",
                    "Parent Relationship": "Outer",
                    "Parallel Aware": false,
                    "Relation Name": "movie_link",
                    "Alias": "ml",
                    "Startup Cost": 0.0,
                    "Total Cost": 462.97,
                    "Plan Rows": 29997,
                    "Plan Width": 12,
                    "Actual Startup Time": 0.017,
                    "Actual Total Time": 3.255,
                    "Actual Rows": 29997,
                    "Actual Loops": 1
                  },
                  {
                    "Node Type": "Hash",
                    "Parent Relationship": "Inner",
                    "Parallel Aware": false,
                    "Startup Cost": 3767.61,
                    "Total Cost": 3767.61,
                    "Plan Rows": 34,
                    "Plan Width": 25,
                    "Actual Startup Time": 24.268,
                    "Actual Total Time": 24.27,
                    "Actual Rows": 1,
                    "Actual Loops": 1,
                    "Hash Buckets": 1024,
                    "Original Hash Buckets": 1024,
                    "Hash Batches": 1,
                    "Original Hash Batches": 1,
                    "Peak Memory Usage": 9,
                    "Plans": [
                      {
                        "Node Type": "Nested Loop",
                        "Parent Relationship": "Outer",
                        "Parallel Aware": false,
                        "Join Type": "Inner",
                        "Startup Cost": 11.21,
                        "Total Cost": 3767.61,
                        "Plan Rows": 34,
                        "Plan Width": 25,
                        "Actual Startup Time": 23.858,
                        "Actual Total Time": 24.265,
                        "Actual Rows": 1,
                        "Actual Loops": 1,
                        "Inner Unique": true,
                        "Plans": [
                          {
                            "Node Type": "Nested Loop",
                            "Parent Relationship": "Outer",
                            "Parallel Aware": false,
                            "Join Type": "Inner",
                            "Startup Cost": 10.78,
                            "Total Cost": 3751.04,
                            "Plan Rows": 34,
                            "Plan Width": 4,
                            "Actual Startup Time": 23.841,
                            "Actual Total Time": 24.246,
                            "Actual Rows": 1,
                            "Actual Loops": 1,
                            "Inner Unique": false,
                            "Plans": [
                              {
                                "Node Type": "Seq Scan",
                                "Parent Relationship": "Outer",
                                "Parallel Aware": false,
                                "Relation Name": "keyword",
                                "Alias": "k",
                                "Startup Cost": 0.0,
                                "Total Cost": 2626.12,
                                "Plan Rows": 1,
                                "Plan Width": 4,
                                "Actual Startup Time": 23.8,
                                "Actual Total Time": 24.203,
                                "Actual Rows": 1,
                                "Actual Loops": 1,
                                "Filter": "(keyword = '10,000-mile-club'::text)",
                                "Rows Removed by Filter": 134169
                              },
                              {
                                "Node Type": "Bitmap Heap Scan",
                                "Parent Relationship": "Inner",
                                "Parallel Aware": false,
                                "Relation Name": "movie_keyword",
                                "Alias": "mk",
                                "Startup Cost": 10.78,
                                "Total Cost": 1121.89,
                                "Plan Rows": 303,
                                "Plan Width": 8,
                                "Actual Startup Time": 0.028,
                                "Actual Total Time": 0.03,
                                "Actual Rows": 1,
                                "Actual Loops": 1,
                                "Recheck Cond": "(keyword_id = k.id)",
                                "Rows Removed by Index Recheck": 0,
                                "Exact Heap Blocks": 1,
                                "Lossy Heap Blocks": 0,
                                "Plans": [
                                  {
                                    "Node Type": "Bitmap Index Scan",
                                    "Parent Relationship": "Outer",
                                    "Parallel Aware": false,
                                    "Index Name": "keyword_id_movie_keyword",
                                    "Startup Cost": 0.0,
                                    "Total Cost": 10.71,
                                    "Plan Rows": 303,
                                    "Plan Width": 0,
                                    "Actual Startup Time": 0.019,
                                    "Actual Total Time": 0.019,
                                    "Actual Rows": 1,
                                    "Actual Loops": 1,
                                    "Index Cond": "(keyword_id = k.id)"
                                  }
                                ]
                              }
                            ]
                          },
                          {
                            "Node Type": "Index Scan",
                            "Parent Relationship": "Inner",
                            "Parallel Aware": false,
                            "Scan Direction": "Forward",
                            "Index Name": "title_pkey",
                            "Relation Name": "title",
                            "Alias": "t1",
                            "Startup Cost": 0.43,
                            "Total Cost": 0.49,
                            "Plan Rows": 1,
                            "Plan Width": 21,
                            "Actual Startup Time": 0.014,
                            "Actual Total Time": 0.014,
                            "Actual Rows": 1,
                            "Actual Loops": 1,
                            "Index Cond": "(id = mk.movie_id)",
                            "Rows Removed by Index Recheck": 0
                          }
                        ]
                      }
                    ]
                  }
                ]
              },
              {
                "Node Type": "Index Scan",
                "Parent Relationship": "Inner",
                "Parallel Aware": false,
                "Scan Direction": "Forward",
                "Index Name": "title_pkey",
                "Relation Name": "title",
                "Alias": "t2",
                "Startup Cost": 0.43,
                "Total Cost": 4.47,
                "Plan Rows": 1,
                "Plan Width": 21,
                "Actual Startup Time": 0.0,
                "Actual Total Time": 0.0,
                "Actual Rows": 0,
                "Actual Loops": 0,
                "Index Cond": "(id = ml.linked_movie_id)",
                "Rows Removed by Index Recheck": 0
              }
            ]
          },
          {
            "Node Type": "Hash",
            "Parent Relationship": "Inner",
            "Parallel Aware": false,
            "Startup Cost": 1.18,
            "Total Cost": 1.18,
            "Plan Rows": 18,
            "Plan Width": 16,
            "Actual Startup Time": 0.042,
            "Actual Total Time": 0.043,
            "Actual Rows": 18,
            "Actual Loops": 1,
            "Hash Buckets": 1024,
            "Original Hash Buckets": 1024,
            "Hash Batches": 1,
            "Original Hash Batches": 1,
            "Peak Memory Usage": 9,
            "Plans": [
              {
                "Node Type": "Seq Scan",
                "Parent Relationship": "Outer",
                "Parallel Aware": false,
                "Relation Name": "link_type",
                "Alias": "lt",
                "Startup Cost": 0.0,
                "Total Cost": 1.18,
                "Plan Rows": 18,
                "Plan Width": 16,
                "Actual Startup Time": 0.018,
                "Actual Total Time": 0.025,
                "Actual Rows": 18,
                "Actual Loops": 1
              }
            ]
          }
        ]
      }
    ]
  },
  "Planning Time": 1.458,
  "Triggers": [],
  "Execution Time": 30.845
}