{
  "Plan": {
    "Node Type": "Aggregate",
    "Strategy": "Plain",
    "Partial Mode": "Finalize",
    "Parallel Aware": false,
    "Startup Cost": 113750.75,
    "Total Cost": 113750.76,
    "Plan Rows": 1,
    "Plan Width": 8,
    "Actual Startup Time": 600.146,
    "Actual Total Time": 614.633,
    "Actual Rows": 1,
    "Actual Loops": 1,
    "Plans": [
      {
        "Node Type": "Gather",
        "Parent Relationship": "Outer",
        "Parallel Aware": false,
        "Startup Cost": 113750.64,
        "Total Cost": 113750.75,
        "Plan Rows": 1,
        "Plan Width": 8,
        "Actual Startup Time": 597.328,
        "Actual Total Time": 614.627,
        "Actual Rows": 2,
        "Actual Loops": 1,
        "Workers Planned": 1,
        "Workers Launched": 1,
        "Single Copy": false,
        "Plans": [
          {
            "Node Type": "Aggregate",
            "Strategy": "Plain",
            "Partial Mode": "Partial",
            "Parent Relationship": "Outer",
            "Parallel Aware": false,
            "Startup Cost": 112750.64,
            "Total Cost": 112750.65,
            "Plan Rows": 1,
            "Plan Width": 8,
            "Actual Startup Time": 591.498,
            "Actual Total Time": 591.502,
            "Actual Rows": 1,
            "Actual Loops": 2,
            "Plans": [
              {
                "Node Type": "Hash Join",
                "Parent Relationship": "Outer",
                "Parallel Aware": true,
                "Join Type": "Inner",
                "Startup Cost": 81898.16,
                "Total Cost": 112055.27,
                "Plan Rows": 278148,
                "Plan Width": 0,
                "Actual Startup Time": 449.685,
                "Actual Total Time": 586.463,
                "Actual Rows": 97804,
                "Actual Loops": 2,
                "Inner Unique": true,
                "Hash Cond": "(mk.movie_id = t.id)",
                "Plans": [
                  {
                    "Node Type": "Bitmap Heap Scan",
                    "Parent Relationship": "Outer",
                    "Parallel Aware": true,
                    "Relation Name": "movie_keyword",
                    "Alias": "mk",
                    "Startup Cost": 13596.26,
                    "Total Cost": 42763.57,
                    "Plan Rows": 377065,
                    "Plan Width": 4,
                    "Actual Startup Time": 44.185,
                    "Actual Total Time": 114.235,
                    "Actual Rows": 312398,
                    "Actual Loops": 2,
                    "Recheck Cond": "(keyword_id > 29319)",
                    "Rows Removed by Index Recheck": 0,
                    "Exact Heap Blocks": 13446,
                    "Lossy Heap Blocks": 0,
                    "Plans": [
                      {
                        "Node Type": "Bitmap Index Scan",
                        "Parent Relationship": "Outer",
                        "Parallel Aware": false,
                        "Index Name": "keyword_id_movie_keyword",
                        "Startup Cost": 0.0,
                        "Total Cost": 13436.01,
                        "Plan Rows": 641010,
                        "Plan Width": 0,
                        "Actual Startup Time": 40.629,
                        "Actual Total Time": 40.63,
                        "Actual Rows": 624796,
                        "Actual Loops": 1,
                        "Index Cond": "(keyword_id > 29319)"
                      }
                    ]
                  },
                  {
                    "Node Type": "Hash",
                    "Parent Relationship": "Inner",
                    "Parallel Aware": true,
                    "Startup Cost": 54588.39,
                    "Total Cost": 54588.39,
                    "Plan Rows": 1097081,
                    "Plan Width": 4,
                    "Actual Startup Time": 396.312,
                    "Actual Total Time": 396.313,
                    "Actual Rows": 932744,
                    "Actual Loops": 2,
                    "Hash Buckets": 2097152,
                    "Original Hash Buckets": 2097152,
                    "Hash Batches": 1,
                    "Original Hash Batches": 1,
                    "Peak Memory Usage": 89408,
                    "Plans": [
                      {
                        "Node Type": "Seq Scan",
                        "Parent Relationship": "Outer",
                        "Parallel Aware": true,
                        "Relation Name": "title",
                        "Alias": "t",
                        "Startup Cost": 0.0,
                        "Total Cost": 54588.39,
                        "Plan Rows": 1097081,
                        "Plan Width": 4,
                        "Actual Startup Time": 0.033,
                        "Actual Total Time": 159.774,
                        "Actual Rows": 932744,
                        "Actual Loops": 2,
                        "Filter": "(kind_id > 1)",
                        "Rows Removed by Filter": 331412
                      }
                    ]
                  }
                ]
              }
            ]
          }
        ]
      }
    ]
  },
  "Planning Time": 0.341,
  "Triggers": [],
  "Execution Time": 614.686
}