[
  {
    "Plan": {
      "Node Type": "Aggregate",
      "Strategy": "Plain",
      "Partial Mode": "Finalize",
      "Parallel Aware": false,
      "Startup Cost": 598602.69,
      "Total Cost": 598602.7,
      "Plan Rows": 1,
      "Plan Width": 8,
      "Actual Startup Time": 1402.153,
      "Actual Total Time": 1501.147,
      "Actual Rows": 1,
      "Actual Loops": 1,
      "Plans": [
        {
          "Node Type": "Gather",
          "Parent Relationship": "Outer",
          "Parallel Aware": false,
          "Startup Cost": 598602.07,
          "Total Cost": 598602.68,
          "Plan Rows": 6,
          "Plan Width": 8,
          "Actual Startup Time": 1400.289,
          "Actual Total Time": 1501.124,
          "Actual Rows": 7,
          "Actual Loops": 1,
          "Workers Planned": 6,
          "Workers Launched": 6,
          "Single Copy": false,
          "Plans": [
            {
              "Node Type": "Aggregate",
              "Strategy": "Plain",
              "Partial Mode": "Partial",
              "Parent Relationship": "Outer",
              "Parallel Aware": false,
              "Startup Cost": 597602.07,
              "Total Cost": 597602.08,
              "Plan Rows": 1,
              "Plan Width": 8,
              "Actual Startup Time": 1389.061,
              "Actual Total Time": 1389.064,
              "Actual Rows": 1,
              "Actual Loops": 7,
              "Plans": [
                {
                  "Node Type": "Nested Loop",
                  "Parent Relationship": "Outer",
                  "Parallel Aware": false,
                  "Join Type": "Inner",
                  "Startup Cost": 44617.63,
                  "Total Cost": 595948.73,
                  "Plan Rows": 661334,
                  "Plan Width": 0,
                  "Actual Startup Time": 308.705,
                  "Actual Total Time": 1367.707,
                  "Actual Rows": 374151,
                  "Actual Loops": 7,
                  "Inner Unique": false,
                  "Join Filter": "(t.id = mi.movie_id)",
                  "Rows Removed by Join Filter": 0,
                  "Plans": [
                    {
                      "Node Type": "Hash Join",
                      "Parent Relationship": "Outer",
                      "Parallel Aware": true,
                      "Join Type": "Inner",
                      "Startup Cost": 44617.19,
                      "Total Cost": 391139.98,
                      "Plan Rows": 113101,
                      "Plan Width": 8,
                      "Actual Startup Time": 308.6,
                      "Actual Total Time": 823.586,
                      "Actual Rows": 42301,
                      "Actual Loops": 7,
                      "Inner Unique": true,
                      "Hash Cond": "(ci.movie_id = t.id)",
                      "Plans": [
                        {
                          "Node Type": "Seq Scan",
                          "Parent Relationship": "Outer",
                          "Parallel Aware": true,
                          "Relation Name": "cast_info",
                          "Alias": "ci",
                          "Startup Cost": 0.0,
                          "Total Cost": 343257.03,
                          "Plan Rows": 1244098,
                          "Plan Width": 4,
                          "Actual Startup Time": 216.506,
                          "Actual Total Time": 608.553,
                          "Actual Rows": 453955,
                          "Actual Loops": 7,
                          "Filter": "((person_id < 1118873) AND (role_id > 1))",
                          "Rows Removed by Filter": 4723809
                        },
                        {
                          "Node Type": "Hash",
                          "Parent Relationship": "Inner",
                          "Parallel Aware": true,
                          "Startup Cost": 43898.92,
                          "Total Cost": 43898.92,
                          "Plan Rows": 57462,
                          "Plan Width": 4,
                          "Actual Startup Time": 88.503,
                          "Actual Total Time": 88.504,
                          "Actual Rows": 33093,
                          "Actual Loops": 7,
                          "Hash Buckets": 262144,
                          "Original Hash Buckets": 262144,
                          "Hash Batches": 1,
                          "Original Hash Batches": 1,
                          "Peak Memory Usage": 11232,
                          "Plans": [
                            {
                              "Node Type": "Seq Scan",
                              "Parent Relationship": "Outer",
                              "Parallel Aware": true,
                              "Relation Name": "title",
                              "Alias": "t",
                              "Startup Cost": 0.0,
                              "Total Cost": 43898.92,
                              "Plan Rows": 57462,
                              "Plan Width": 4,
                              "Actual Startup Time": 0.039,
                              "Actual Total Time": 73.733,
                              "Actual Rows": 33093,
                              "Actual Loops": 7,
                              "Filter": "(production_year > 2011)",
                              "Rows Removed by Filter": 328095
                            }
                          ]
                        }
                      ]
                    },
                    {
                      "Node Type": "Index Only Scan",
                      "Parent Relationship": "Inner",
                      "Parallel Aware": false,
                      "Scan Direction": "Forward",
                      "Index Name": "movie_id_movie_info",
                      "Relation Name": "movie_info",
                      "Alias": "mi",
                      "Startup Cost": 0.43,
                      "Total Cost": 1.29,
                      "Plan Rows": 42,
                      "Plan Width": 4,
                      "Actual Startup Time": 0.005,
                      "Actual Total Time": 0.012,
                      "Actual Rows": 9,
                      "Actual Loops": 296108,
                      "Index Cond": "(movie_id = ci.movie_id)",
                      "Rows Removed by Index Recheck": 0,
                      "Heap Fetches": 2619059
                    }
                  ]
                }
              ]
            }
          ]
        }
      ]
    },
    "Planning Time": 1.309,
    "Triggers": [],
    "Execution Time": 1501.257
  }
]