{
    "Plan": {
        "Node Type": "Aggregate",
        "Strategy": "Plain",
        "Partial Mode": "Simple",
        "Parallel Aware": false,
        "Startup Cost": 10000592410.38,
        "Total Cost": 10000592410.39,
        "Plan Rows": 1,
        "Plan Width": 8,
        "Actual Startup Time": 3011.088,
        "Actual Total Time": 3011.093,
        "Actual Rows": 1,
        "Actual Loops": 1,
        "Output": [
            "count(*)"
        ],
        "Plans": [
            {
                "Node Type": "Hash Join",
                "Parent Relationship": "Outer",
                "Parallel Aware": false,
                "Join Type": "Inner",
                "Startup Cost": 10000362561.89,
                "Total Cost": 10000592363.79,
                "Plan Rows": 18638,
                "Plan Width": 0,
                "Actual Startup Time": 2738.582,
                "Actual Total Time": 3008.27,
                "Actual Rows": 40782,
                "Actual Loops": 1,
                "Inner Unique": false,
                "Hash Cond": "(t.id = mi.movie_id)",
                "Plans": [
                    {
                        "Node Type": "Hash Join",
                        "Parent Relationship": "Outer",
                        "Parallel Aware": false,
                        "Join Type": "Inner",
                        "Startup Cost": 10000134376.6,
                        "Total Cost": 10000156245.73,
                        "Plan Rows": 30709,
                        "Plan Width": 8,
                        "Actual Startup Time": 1883.785,
                        "Actual Total Time": 2137.01,
                        "Actual Rows": 34068,
                        "Actual Loops": 1,
                        "Output": [
                            "t.id",
                            "mi_idx.movie_id"
                        ],
                        "Inner Unique": true,
                        "Hash Cond": "(mi_idx.movie_id = t.id)",
                        "Plans": [
                            {
                                "Node Type": "Bitmap Heap Scan",
                                "Parent Relationship": "Outer",
                                "Parallel Aware": false,
                                "Relation Name": "movie_info_idx",
                                "Schema": "public",
                                "Alias": "mi_idx",
                                "Startup Cost": 16660.23,
                                "Total Cost": 36111.04,
                                "Plan Rows": 921265,
                                "Plan Width": 4,
                                "Actual Startup Time": 44.215,
                                "Actual Total Time": 164.637,
                                "Actual Rows": 919850,
                                "Actual Loops": 1,
                                "Output": [
                                    "mi_idx.id",
                                    "mi_idx.movie_id",
                                    "mi_idx.info_type_id",
                                    "mi_idx.info",
                                    "mi_idx.note"
                                ],
                                "Recheck Cond": "(mi_idx.info_type_id < 101)",
                                "Rows Removed by Index Recheck": 0,
                                "Exact Heap Blocks": 7934,
                                "Lossy Heap Blocks": 0,
                                "Plans": [
                                    {
                                        "Node Type": "Bitmap Index Scan",
                                        "Parent Relationship": "Outer",
                                        "Parallel Aware": false,
                                        "Index Name": "info_type_id_movie_info_idx",
                                        "Startup Cost": 0.0,
                                        "Total Cost": 16429.92,
                                        "Plan Rows": 921265,
                                        "Plan Width": 0,
                                        "Actual Startup Time": 42.722,
                                        "Actual Total Time": 42.723,
                                        "Actual Rows": 919850,
                                        "Actual Loops": 1,
                                        "Index Cond": "(mi_idx.info_type_id < 101)"
                                    }
                                ]
                            },
                            {
                                "Node Type": "Hash",
                                "Parent Relationship": "Inner",
                                "Parallel Aware": false,
                                "Startup Cost": 10000116662.9,
                                "Total Cost": 10000116662.9,
                                "Plan Rows": 84277,
                                "Plan Width": 4,
                                "Actual Startup Time": 1838.839,
                                "Actual Total Time": 1838.84,
                                "Actual Rows": 84593,
                                "Actual Loops": 1,
                                "Output": [
                                    "t.id"
                                ],
                                "Hash Buckets": 131072,
                                "Original Hash Buckets": 131072,
                                "Hash Batches": 1,
                                "Original Hash Batches": 1,
                                "Peak Memory Usage": 3998,
                                "Plans": [
                                    {
                                        "Node Type": "Index Scan",
                                        "Parent Relationship": "Outer",
                                        "Parallel Aware": false,
                                        "Scan Direction": "Forward",
                                        "Index Name": "title_pkey",
                                        "Relation Name": "title",
                                        "Schema": "public",
                                        "Alias": "t",
                                        "Startup Cost": 10000000000.43,
                                        "Total Cost": 10000116662.9,
                                        "Plan Rows": 84277,
                                        "Plan Width": 4,
                                        "Actual Startup Time": 0.885,
                                        "Actual Total Time": 1804.594,
                                        "Actual Rows": 84593,
                                        "Actual Loops": 1,
                                        "Output": [
                                            "t.id"
                                        ],
                                        "Filter": "(t.production_year = 2004)",
                                        "Rows Removed by Filter": 2443719
                                    }
                                ]
                            }
                        ]
                    },
                    {
                        "Node Type": "Hash",
                        "Parent Relationship": "Inner",
                        "Parallel Aware": false,
                        "Startup Cost": 209003.67,
                        "Total Cost": 209003.67,
                        "Plan Rows": 1534530,
                        "Plan Width": 4,
                        "Actual Startup Time": 838.301,
                        "Actual Total Time": 838.302,
                        "Actual Rows": 1533909,
                        "Actual Loops": 1,
                        "Output": [
                            "mi.movie_id"
                        ],
                        "Hash Buckets": 2097152,
                        "Original Hash Buckets": 2097152,
                        "Hash Batches": 1,
                        "Original Hash Batches": 1,
                        "Peak Memory Usage": 70311,
                        "Plans": [
                            {
                                "Node Type": "Bitmap Heap Scan",
                                "Parent Relationship": "Outer",
                                "Parallel Aware": false,
                                "Relation Name": "movie_info",
                                "Schema": "public",
                                "Alias": "mi",
                                "Startup Cost": 27829.04,
                                "Total Cost": 209003.67,
                                "Plan Rows": 1534530,
                                "Plan Width": 4,
                                "Actual Startup Time": 80.491,
                                "Actual Total Time": 404.795,
                                "Actual Rows": 1533909,
                                "Actual Loops": 1,
                                "Output": [
                                    "mi.movie_id"
                                ],
                                "Recheck Cond": "(mi.info_type_id = 3)",
                                "Rows Removed by Index Recheck": 0,
                                "Exact Heap Blocks": 9770,
                                "Lossy Heap Blocks": 0,
                                "Plans": [
                                    {
                                        "Node Type": "Bitmap Index Scan",
                                        "Parent Relationship": "Outer",
                                        "Parallel Aware": false,
                                        "Index Name": "info_type_id_movie_info",
                                        "Startup Cost": 0.0,
                                        "Total Cost": 27445.41,
                                        "Plan Rows": 1534530,
                                        "Plan Width": 0,
                                        "Actual Startup Time": 78.647,
                                        "Actual Total Time": 78.647,
                                        "Actual Rows": 1533909,
                                        "Actual Loops": 1,
                                        "Index Cond": "(mi.info_type_id = 3)"
                                    }
                                ]
                            }
                        ]
                    }
                ]
            }
        ]
    },
    "Planning Time": 2.316,
    "Triggers": [],
    "Execution Time": 3013.479
}