[
  {
    "Plan": {
      "Node Type": "Aggregate",
      "Strategy": "Plain",
      "Partial Mode": "Finalize",
      "Parallel Aware": false,
      "Startup Cost": 45271.49,
      "Total Cost": 45271.5,
      "Plan Rows": 1,
      "Plan Width": 8,
      "Actual Startup Time": 147.158,
      "Actual Total Time": 156.99,
      "Actual Rows": 1,
      "Actual Loops": 1,
      "Plans": [
        {
          "Node Type": "Gather",
          "Parent Relationship": "Outer",
          "Parallel Aware": false,
          "Startup Cost": 45271.17,
          "Total Cost": 45271.48,
          "Plan Rows": 3,
          "Plan Width": 8,
          "Actual Startup Time": 147.018,
          "Actual Total Time": 156.982,
          "Actual Rows": 4,
          "Actual Loops": 1,
          "Workers Planned": 3,
          "Workers Launched": 3,
          "Single Copy": false,
          "Plans": [
            {
              "Node Type": "Aggregate",
              "Strategy": "Plain",
              "Partial Mode": "Partial",
              "Parent Relationship": "Outer",
              "Parallel Aware": false,
              "Startup Cost": 44271.17,
              "Total Cost": 44271.18,
              "Plan Rows": 1,
              "Plan Width": 8,
              "Actual Startup Time": 140.554,
              "Actual Total Time": 140.555,
              "Actual Rows": 1,
              "Actual Loops": 4,
              "Plans": [
                {
                  "Node Type": "Seq Scan",
                  "Parent Relationship": "Outer",
                  "Parallel Aware": true,
                  "Relation Name": "movie_keyword",
                  "Alias": "mk",
                  "Startup Cost": 0.0,
                  "Total Cost": 42695.65,
                  "Plan Rows": 630208,
                  "Plan Width": 0,
                  "Actual Startup Time": 0.996,
                  "Actual Total Time": 116.592,
                  "Actual Rows": 487810,
                  "Actual Loops": 4,
                  "Filter": "(keyword_id > 6616)",
                  "Rows Removed by Filter": 643172
                }
              ]
            }
          ]
        }
      ]
    },
    "Planning Time": 0.188,
    "Triggers": [],
    "Execution Time": 157.045
  }
]