{
  "Plan": {
    "Node Type": "Aggregate",
    "Strategy": "Plain",
    "Partial Mode": "Finalize",
    "Parallel Aware": false,
    "Startup Cost": 505788.82,
    "Total Cost": 505788.83,
    "Plan Rows": 1,
    "Plan Width": 8,
    "Actual Startup Time": 1121.924,
    "Actual Total Time": 1147.781,
    "Actual Rows": 1,
    "Actual Loops": 1,
    "Plans": [
      {
        "Node Type": "Gather",
        "Parent Relationship": "Outer",
        "Parallel Aware": false,
        "Startup Cost": 505788.71,
        "Total Cost": 505788.82,
        "Plan Rows": 1,
        "Plan Width": 8,
        "Actual Startup Time": 1121.046,
        "Actual Total Time": 1147.774,
        "Actual Rows": 2,
        "Actual Loops": 1,
        "Workers Planned": 1,
        "Workers Launched": 1,
        "Single Copy": false,
        "Plans": [
          {
            "Node Type": "Aggregate",
            "Strategy": "Plain",
            "Partial Mode": "Partial",
            "Parent Relationship": "Outer",
            "Parallel Aware": false,
            "Startup Cost": 504788.71,
            "Total Cost": 504788.72,
            "Plan Rows": 1,
            "Plan Width": 8,
            "Actual Startup Time": 1115.251,
            "Actual Total Time": 1115.255,
            "Actual Rows": 1,
            "Actual Loops": 2,
            "Plans": [
              {
                "Node Type": "Hash Join",
                "Parent Relationship": "Outer",
                "Parallel Aware": true,
                "Join Type": "Inner",
                "Startup Cost": 195322.82,
                "Total Cost": 504338.09,
                "Plan Rows": 180250,
                "Plan Width": 0,
                "Actual Startup Time": 372.96,
                "Actual Total Time": 1107.743,
                "Actual Rows": 163582,
                "Actual Loops": 2,
                "Inner Unique": true,
                "Hash Cond": "(ci.movie_id = t.id)",
                "Plans": [
                  {
                    "Node Type": "Bitmap Heap Scan",
                    "Parent Relationship": "Outer",
                    "Parallel Aware": true,
                    "Relation Name": "cast_info",
                    "Alias": "ci",
                    "Startup Cost": 139834.66,
                    "Total Cost": 439073.93,
                    "Plan Rows": 3724182,
                    "Plan Width": 4,
                    "Actual Startup Time": 229.883,
                    "Actual Total Time": 542.949,
                    "Actual Rows": 3265696,
                    "Actual Loops": 2,
                    "Recheck Cond": "(person_id < 630538)",
                    "Rows Removed by Index Recheck": 0,
                    "Exact Heap Blocks": 36970,
                    "Lossy Heap Blocks": 0,
                    "Plans": [
                      {
                        "Node Type": "Bitmap Index Scan",
                        "Parent Relationship": "Outer",
                        "Parallel Aware": false,
                        "Index Name": "person_id_cast_info",
                        "Startup Cost": 0.0,
                        "Total Cost": 138251.88,
                        "Plan Rows": 6331109,
                        "Plan Width": 0,
                        "Actual Startup Time": 218.121,
                        "Actual Total Time": 218.122,
                        "Actual Rows": 6531392,
                        "Actual Loops": 1,
                        "Index Cond": "(person_id < 630538)"
                      }
                    ]
                  },
                  {
                    "Node Type": "Hash",
                    "Parent Relationship": "Inner",
                    "Parallel Aware": true,
                    "Startup Cost": 54588.39,
                    "Total Cost": 54588.39,
                    "Plan Rows": 71982,
                    "Plan Width": 4,
                    "Actual Startup Time": 142.033,
                    "Actual Total Time": 142.034,
                    "Actual Rows": 61430,
                    "Actual Loops": 2,
                    "Hash Buckets": 131072,
                    "Original Hash Buckets": 131072,
                    "Hash Batches": 1,
                    "Original Hash Batches": 1,
                    "Peak Memory Usage": 5856,
                    "Plans": [
                      {
                        "Node Type": "Seq Scan",
                        "Parent Relationship": "Outer",
                        "Parallel Aware": true,
                        "Relation Name": "title",
                        "Alias": "t",
                        "Startup Cost": 0.0,
                        "Total Cost": 54588.39,
                        "Plan Rows": 71982,
                        "Plan Width": 4,
                        "Actual Startup Time": 0.031,
                        "Actual Total Time": 127.065,
                        "Actual Rows": 61430,
                        "Actual Loops": 2,
                        "Filter": "(production_year = 2008)",
                        "Rows Removed by Filter": 1202726
                      }
                    ]
                  }
                ]
              }
            ]
          }
        ]
      }
    ]
  },
  "Planning Time": 0.236,
  "Triggers": [],
  "Execution Time": 1147.838
}