[
    {
        "Bao": {
            "Bao prediction": "NaN",
            "Bao recommended hint": "(no hint)"
        }
    },
    {
        "Plan": {
            "Node Type": "Aggregate",
            "Strategy": "Plain",
            "Partial Mode": "Finalize",
            "Parallel Aware": false,
            "Startup Cost": 290472.3,
            "Total Cost": 290472.31,
            "Plan Rows": 1,
            "Plan Width": 8,
            "Actual Startup Time": 186.624,
            "Actual Total Time": 192.628,
            "Actual Rows": 1,
            "Actual Loops": 1,
            "Output": [
                "count(*)"
            ],
            "Plans": [
                {
                    "Node Type": "Gather",
                    "Parent Relationship": "Outer",
                    "Parallel Aware": false,
                    "Startup Cost": 290471.67,
                    "Total Cost": 290472.28,
                    "Plan Rows": 6,
                    "Plan Width": 8,
                    "Actual Startup Time": 186.128,
                    "Actual Total Time": 192.619,
                    "Actual Rows": 7,
                    "Actual Loops": 1,
                    "Output": [
                        "(PARTIAL count(*))"
                    ],
                    "Workers Planned": 6,
                    "Workers Launched": 6,
                    "Single Copy": false,
                    "Plans": [
                        {
                            "Node Type": "Aggregate",
                            "Strategy": "Plain",
                            "Partial Mode": "Partial",
                            "Parent Relationship": "Outer",
                            "Parallel Aware": false,
                            "Startup Cost": 289471.67,
                            "Total Cost": 289471.68,
                            "Plan Rows": 1,
                            "Plan Width": 8,
                            "Actual Startup Time": 175.855,
                            "Actual Total Time": 175.857,
                            "Actual Rows": 1,
                            "Actual Loops": 7,
                            "Output": [
                                "PARTIAL count(*)"
                            ],
                            "Workers": [
                                {
                                    "Worker Number": 0,
                                    "Actual Startup Time": 173.482,
                                    "Actual Total Time": 173.484,
                                    "Actual Rows": 1,
                                    "Actual Loops": 1
                                },
                                {
                                    "Worker Number": 1,
                                    "Actual Startup Time": 173.731,
                                    "Actual Total Time": 173.732,
                                    "Actual Rows": 1,
                                    "Actual Loops": 1
                                },
                                {
                                    "Worker Number": 2,
                                    "Actual Startup Time": 174.141,
                                    "Actual Total Time": 174.142,
                                    "Actual Rows": 1,
                                    "Actual Loops": 1
                                },
                                {
                                    "Worker Number": 3,
                                    "Actual Startup Time": 173.933,
                                    "Actual Total Time": 173.935,
                                    "Actual Rows": 1,
                                    "Actual Loops": 1
                                },
                                {
                                    "Worker Number": 4,
                                    "Actual Startup Time": 174.847,
                                    "Actual Total Time": 174.849,
                                    "Actual Rows": 1,
                                    "Actual Loops": 1
                                },
                                {
                                    "Worker Number": 5,
                                    "Actual Startup Time": 175.107,
                                    "Actual Total Time": 175.108,
                                    "Actual Rows": 1,
                                    "Actual Loops": 1
                                }
                            ],
                            "Plans": [
                                {
                                    "Node Type": "Bitmap Heap Scan",
                                    "Parent Relationship": "Outer",
                                    "Parallel Aware": true,
                                    "Relation Name": "cast_info",
                                    "Schema": "public",
                                    "Alias": "ci",
                                    "Startup Cost": 33043.18,
                                    "Total Cost": 288848.09,
                                    "Plan Rows": 249433,
                                    "Plan Width": 0,
                                    "Actual Startup Time": 78.456,
                                    "Actual Total Time": 159.686,
                                    "Actual Rows": 224338,
                                    "Actual Loops": 7,
                                    "Recheck Cond": "(ci.person_id > 3751104)",
                                    "Rows Removed by Index Recheck": 0,
                                    "Exact Heap Blocks": 4645,
                                    "Lossy Heap Blocks": 0,
                                    "Workers": [
                                        {
                                            "Worker Number": 0,
                                            "Actual Startup Time": 76.397,
                                            "Actual Total Time": 157.702,
                                            "Actual Rows": 199349,
                                            "Actual Loops": 1
                                        },
                                        {
                                            "Worker Number": 1,
                                            "Actual Startup Time": 76.241,
                                            "Actual Total Time": 157.811,
                                            "Actual Rows": 198976,
                                            "Actual Loops": 1
                                        },
                                        {
                                            "Worker Number": 2,
                                            "Actual Startup Time": 77.274,
                                            "Actual Total Time": 158.296,
                                            "Actual Rows": 200322,
                                            "Actual Loops": 1
                                        },
                                        {
                                            "Worker Number": 3,
                                            "Actual Startup Time": 76.392,
                                            "Actual Total Time": 159.071,
                                            "Actual Rows": 184692,
                                            "Actual Loops": 1
                                        },
                                        {
                                            "Worker Number": 4,
                                            "Actual Startup Time": 77.428,
                                            "Actual Total Time": 159.144,
                                            "Actual Rows": 198558,
                                            "Actual Loops": 1
                                        },
                                        {
                                            "Worker Number": 5,
                                            "Actual Startup Time": 77.609,
                                            "Actual Total Time": 159.343,
                                            "Actual Rows": 270876,
                                            "Actual Loops": 1
                                        }
                                    ],
                                    "Plans": [
                                        {
                                            "Node Type": "Bitmap Index Scan",
                                            "Parent Relationship": "Outer",
                                            "Parallel Aware": false,
                                            "Index Name": "person_id_cast_info",
                                            "Startup Cost": 0.0,
                                            "Total Cost": 32669.03,
                                            "Plan Rows": 1496596,
                                            "Plan Width": 0,
                                            "Actual Startup Time": 82.53,
                                            "Actual Total Time": 82.531,
                                            "Actual Rows": 1570367,
                                            "Actual Loops": 1,
                                            "Index Cond": "(ci.person_id > 3751104)"
                                        }
                                    ]
                                }
                            ]
                        }
                    ]
                }
            ]
        },
        "Planning Time": 288.697,
        "Triggers": [],
        "Execution Time": 192.685
    }
]