[
  {
    "Plan": {
      "Node Type": "Aggregate",
      "Strategy": "Plain",
      "Partial Mode": "Finalize",
      "Parallel Aware": false,
      "Startup Cost": 38244.13,
      "Total Cost": 38244.14,
      "Plan Rows": 1,
      "Plan Width": 8,
      "Actual Startup Time": 98.932,
      "Actual Total Time": 107.478,
      "Actual Rows": 1,
      "Actual Loops": 1,
      "Plans": [
        {
          "Node Type": "Gather",
          "Parent Relationship": "Outer",
          "Parallel Aware": false,
          "Startup Cost": 38243.91,
          "Total Cost": 38244.12,
          "Plan Rows": 2,
          "Plan Width": 8,
          "Actual Startup Time": 98.794,
          "Actual Total Time": 107.47,
          "Actual Rows": 3,
          "Actual Loops": 1,
          "Workers Planned": 2,
          "Workers Launched": 2,
          "Single Copy": false,
          "Plans": [
            {
              "Node Type": "Aggregate",
              "Strategy": "Plain",
              "Partial Mode": "Partial",
              "Parent Relationship": "Outer",
              "Parallel Aware": false,
              "Startup Cost": 37243.91,
              "Total Cost": 37243.92,
              "Plan Rows": 1,
              "Plan Width": 8,
              "Actual Startup Time": 90.353,
              "Actual Total Time": 90.357,
              "Actual Rows": 1,
              "Actual Loops": 3,
              "Plans": [
                {
                  "Node Type": "Nested Loop",
                  "Parent Relationship": "Outer",
                  "Parallel Aware": false,
                  "Join Type": "Inner",
                  "Startup Cost": 17348.34,
                  "Total Cost": 37243.89,
                  "Plan Rows": 10,
                  "Plan Width": 0,
                  "Actual Startup Time": 26.832,
                  "Actual Total Time": 90.343,
                  "Actual Rows": 60,
                  "Actual Loops": 3,
                  "Inner Unique": true,
                  "Join Filter": "(mc.movie_id = t.id)",
                  "Rows Removed by Join Filter": 0,
                  "Plans": [
                    {
                      "Node Type": "Hash Join",
                      "Parent Relationship": "Outer",
                      "Parallel Aware": true,
                      "Join Type": "Inner",
                      "Startup Cost": 17347.91,
                      "Total Cost": 33448.96,
                      "Plan Rows": 4435,
                      "Plan Width": 8,
                      "Actual Startup Time": 9.36,
                      "Actual Total Time": 70.825,
                      "Actual Rows": 2415,
                      "Actual Loops": 3,
                      "Inner Unique": false,
                      "Hash Cond": "(mi_idx.movie_id = mc.movie_id)",
                      "Plans": [
                        {
                          "Node Type": "Seq Scan",
                          "Parent Relationship": "Outer",
                          "Parallel Aware": true,
                          "Relation Name": "movie_info_idx",
                          "Alias": "mi_idx",
                          "Startup Cost": 0.0,
                          "Total Cost": 15122.68,
                          "Plan Rows": 191978,
                          "Plan Width": 4,
                          "Actual Startup Time": 0.068,
                          "Actual Total Time": 45.51,
                          "Actual Rows": 153308,
                          "Actual Loops": 3,
                          "Filter": "(info_type_id = 101)",
                          "Rows Removed by Filter": 306703
                        },
                        {
                          "Node Type": "Hash",
                          "Parent Relationship": "Inner",
                          "Parallel Aware": true,
                          "Startup Cost": 17289.47,
                          "Total Cost": 17289.47,
                          "Plan Rows": 4675,
                          "Plan Width": 4,
                          "Actual Startup Time": 7.735,
                          "Actual Total Time": 7.737,
                          "Actual Rows": 3556,
                          "Actual Loops": 3,
                          "Hash Buckets": 16384,
                          "Original Hash Buckets": 16384,
                          "Hash Batches": 1,
                          "Original Hash Batches": 1,
                          "Peak Memory Usage": 608,
                          "Plans": [
                            {
                              "Node Type": "Bitmap Heap Scan",
                              "Parent Relationship": "Outer",
                              "Parallel Aware": true,
                              "Relation Name": "movie_companies",
                              "Alias": "mc",
                              "Startup Cost": 247.38,
                              "Total Cost": 17289.47,
                              "Plan Rows": 4675,
                              "Plan Width": 4,
                              "Actual Startup Time": 0.959,
                              "Actual Total Time": 5.653,
                              "Actual Rows": 3556,
                              "Actual Loops": 3,
                              "Recheck Cond": "(company_id = 11)",
                              "Rows Removed by Index Recheck": 0,
                              "Exact Heap Blocks": 1095,
                              "Lossy Heap Blocks": 0,
                              "Plans": [
                                {
                                  "Node Type": "Bitmap Index Scan",
                                  "Parent Relationship": "Outer",
                                  "Parallel Aware": false,
                                  "Index Name": "company_id_movie_companies",
                                  "Startup Cost": 0.0,
                                  "Total Cost": 244.57,
                                  "Plan Rows": 11219,
                                  "Plan Width": 0,
                                  "Actual Startup Time": 2.119,
                                  "Actual Total Time": 2.119,
                                  "Actual Rows": 10667,
                                  "Actual Loops": 1,
                                  "Index Cond": "(company_id = 11)"
                                }
                              ]
                            }
                          ]
                        }
                      ]
                    },
                    {
                      "Node Type": "Index Scan",
                      "Parent Relationship": "Inner",
                      "Parallel Aware": false,
                      "Scan Direction": "Forward",
                      "Index Name": "title_pkey",
                      "Relation Name": "title",
                      "Alias": "t",
                      "Startup Cost": 0.43,
                      "Total Cost": 0.84,
                      "Plan Rows": 1,
                      "Plan Width": 4,
                      "Actual Startup Time": 0.008,
                      "Actual Total Time": 0.008,
                      "Actual Rows": 0,
                      "Actual Loops": 7245,
                      "Index Cond": "(id = mi_idx.movie_id)",
                      "Rows Removed by Index Recheck": 0,
                      "Filter": "((kind_id = 7) AND (production_year = 2000))",
                      "Rows Removed by Filter": 1
                    }
                  ]
                }
              ]
            }
          ]
        }
      ]
    },
    "Planning Time": 1.513,
    "Triggers": [],
    "Execution Time": 107.585
  }
]