[
  {
    "Plan": {
      "Node Type": "Aggregate",
      "Strategy": "Plain",
      "Partial Mode": "Finalize",
      "Parallel Aware": false,
      "Startup Cost": 32982.68,
      "Total Cost": 32982.69,
      "Plan Rows": 1,
      "Plan Width": 8,
      "Actual Startup Time": 95.296,
      "Actual Total Time": 103.046,
      "Actual Rows": 1,
      "Actual Loops": 1,
      "Plans": [
        {
          "Node Type": "Gather",
          "Parent Relationship": "Outer",
          "Parallel Aware": false,
          "Startup Cost": 32982.36,
          "Total Cost": 32982.67,
          "Plan Rows": 3,
          "Plan Width": 8,
          "Actual Startup Time": 95.032,
          "Actual Total Time": 103.036,
          "Actual Rows": 4,
          "Actual Loops": 1,
          "Workers Planned": 3,
          "Workers Launched": 3,
          "Single Copy": false,
          "Plans": [
            {
              "Node Type": "Aggregate",
              "Strategy": "Plain",
              "Partial Mode": "Partial",
              "Parent Relationship": "Outer",
              "Parallel Aware": false,
              "Startup Cost": 31982.36,
              "Total Cost": 31982.37,
              "Plan Rows": 1,
              "Plan Width": 8,
              "Actual Startup Time": 86.046,
              "Actual Total Time": 86.048,
              "Actual Rows": 1,
              "Actual Loops": 4,
              "Plans": [
                {
                  "Node Type": "Seq Scan",
                  "Parent Relationship": "Outer",
                  "Parallel Aware": true,
                  "Relation Name": "movie_companies",
                  "Alias": "mc",
                  "Startup Cost": 0.0,
                  "Total Cost": 31414.82,
                  "Plan Rows": 227017,
                  "Plan Width": 0,
                  "Actual Startup Time": 11.332,
                  "Actual Total Time": 79.35,
                  "Actual Rows": 120976,
                  "Actual Loops": 4,
                  "Filter": "((company_id > 10175) AND (company_type_id < 2))",
                  "Rows Removed by Filter": 531306
                }
              ]
            }
          ]
        }
      ]
    },
    "Planning Time": 0.082,
    "Triggers": [],
    "Execution Time": 103.071
  }
]