{
  "Plan": {
    "Node Type": "Aggregate",
    "Strategy": "Plain",
    "Partial Mode": "Finalize",
    "Parallel Aware": false,
    "Startup Cost": 198940.65,
    "Total Cost": 198940.66,
    "Plan Rows": 1,
    "Plan Width": 8,
    "Actual Startup Time": 959.533,
    "Actual Total Time": 1002.929,
    "Actual Rows": 1,
    "Actual Loops": 1,
    "Plans": [
      {
        "Node Type": "Gather",
        "Parent Relationship": "Outer",
        "Parallel Aware": false,
        "Startup Cost": 198940.54,
        "Total Cost": 198940.65,
        "Plan Rows": 1,
        "Plan Width": 8,
        "Actual Startup Time": 958.426,
        "Actual Total Time": 1002.92,
        "Actual Rows": 2,
        "Actual Loops": 1,
        "Workers Planned": 1,
        "Workers Launched": 1,
        "Single Copy": false,
        "Plans": [
          {
            "Node Type": "Aggregate",
            "Strategy": "Plain",
            "Partial Mode": "Partial",
            "Parent Relationship": "Outer",
            "Parallel Aware": false,
            "Startup Cost": 197940.54,
            "Total Cost": 197940.55,
            "Plan Rows": 1,
            "Plan Width": 8,
            "Actual Startup Time": 952.022,
            "Actual Total Time": 952.027,
            "Actual Rows": 1,
            "Actual Loops": 2,
            "Plans": [
              {
                "Node Type": "Nested Loop",
                "Parent Relationship": "Outer",
                "Parallel Aware": false,
                "Join Type": "Inner",
                "Startup Cost": 65828.82,
                "Total Cost": 197870.81,
                "Plan Rows": 27893,
                "Plan Width": 0,
                "Actual Startup Time": 235.946,
                "Actual Total Time": 926.567,
                "Actual Rows": 566636,
                "Actual Loops": 2,
                "Inner Unique": false,
                "Join Filter": "(t.id = mi.movie_id)",
                "Rows Removed by Join Filter": 0,
                "Plans": [
                  {
                    "Node Type": "Hash Join",
                    "Parent Relationship": "Outer",
                    "Parallel Aware": true,
                    "Join Type": "Inner",
                    "Startup Cost": 65828.38,
                    "Total Cost": 94039.85,
                    "Plan Rows": 30448,
                    "Plan Width": 8,
                    "Actual Startup Time": 235.887,
                    "Actual Total Time": 341.642,
                    "Actual Rows": 45130,
                    "Actual Loops": 2,
                    "Inner Unique": true,
                    "Hash Cond": "(mk.movie_id = t.id)",
                    "Plans": [
                      {
                        "Node Type": "Bitmap Heap Scan",
                        "Parent Relationship": "Outer",
                        "Parallel Aware": true,
                        "Relation Name": "movie_keyword",
                        "Alias": "mk",
                        "Startup Cost": 8961.47,
                        "Total Cost": 36520.81,
                        "Plan Rows": 248428,
                        "Plan Width": 4,
                        "Actual Startup Time": 33.513,
                        "Actual Total Time": 95.856,
                        "Actual Rows": 204485,
                        "Actual Loops": 2,
                        "Recheck Cond": "(keyword_id > 42278)",
                        "Rows Removed by Index Recheck": 0,
                        "Exact Heap Blocks": 12997,
                        "Lossy Heap Blocks": 0,
                        "Plans": [
                          {
                            "Node Type": "Bitmap Index Scan",
                            "Parent Relationship": "Outer",
                            "Parallel Aware": false,
                            "Index Name": "keyword_id_movie_keyword",
                            "Startup Cost": 0.0,
                            "Total Cost": 8855.89,
                            "Plan Rows": 422327,
                            "Plan Width": 0,
                            "Actual Startup Time": 30.185,
                            "Actual Total Time": 30.185,
                            "Actual Rows": 408970,
                            "Actual Loops": 1,
                            "Index Cond": "(keyword_id > 42278)"
                          }
                        ]
                      },
                      {
                        "Node Type": "Hash",
                        "Parent Relationship": "Inner",
                        "Parallel Aware": true,
                        "Startup Cost": 54588.39,
                        "Total Cost": 54588.39,
                        "Plan Rows": 182282,
                        "Plan Width": 4,
                        "Actual Startup Time": 196.335,
                        "Actual Total Time": 196.336,
                        "Actual Rows": 161622,
                        "Actual Loops": 2,
                        "Hash Buckets": 524288,
                        "Original Hash Buckets": 524288,
                        "Hash Batches": 1,
                        "Original Hash Batches": 1,
                        "Peak Memory Usage": 16768,
                        "Plans": [
                          {
                            "Node Type": "Seq Scan",
                            "Parent Relationship": "Outer",
                            "Parallel Aware": true,
                            "Relation Name": "title",
                            "Alias": "t",
                            "Startup Cost": 0.0,
                            "Total Cost": 54588.39,
                            "Plan Rows": 182282,
                            "Plan Width": 4,
                            "Actual Startup Time": 0.031,
                            "Actual Total Time": 146.586,
                            "Actual Rows": 161622,
                            "Actual Loops": 2,
                            "Filter": "(production_year < 1967)",
                            "Rows Removed by Filter": 1102534
                          }
                        ]
                      }
                    ]
                  },
                  {
                    "Node Type": "Index Scan",
                    "Parent Relationship": "Inner",
                    "Parallel Aware": false,
                    "Scan Direction": "Forward",
                    "Index Name": "movie_id_movie_info",
                    "Relation Name": "movie_info",
                    "Alias": "mi",
                    "Startup Cost": 0.43,
                    "Total Cost": 3.32,
                    "Plan Rows": 7,
                    "Plan Width": 4,
                    "Actual Startup Time": 0.005,
                    "Actual Total Time": 0.012,
                    "Actual Rows": 13,
                    "Actual Loops": 90260,
                    "Index Cond": "(movie_id = mk.movie_id)",
                    "Rows Removed by Index Recheck": 0,
                    "Filter": "(info_type_id > 16)",
                    "Rows Removed by Filter": 26
                  }
                ]
              }
            ]
          }
        ]
      }
    ]
  },
  "Planning Time": 0.978,
  "Triggers": [],
  "Execution Time": 1003.047
}