[
  {
    "Plan": {
      "Node Type": "Aggregate",
      "Strategy": "Plain",
      "Partial Mode": "Finalize",
      "Parallel Aware": false,
      "Startup Cost": 345731.69,
      "Total Cost": 345731.7,
      "Plan Rows": 1,
      "Plan Width": 8,
      "Actual Startup Time": 642.979,
      "Actual Total Time": 689.685,
      "Actual Rows": 1,
      "Actual Loops": 1,
      "Plans": [
        {
          "Node Type": "Gather",
          "Parent Relationship": "Outer",
          "Parallel Aware": false,
          "Startup Cost": 345731.07,
          "Total Cost": 345731.67,
          "Plan Rows": 6,
          "Plan Width": 8,
          "Actual Startup Time": 642.818,
          "Actual Total Time": 689.668,
          "Actual Rows": 7,
          "Actual Loops": 1,
          "Workers Planned": 6,
          "Workers Launched": 6,
          "Single Copy": false,
          "Plans": [
            {
              "Node Type": "Aggregate",
              "Strategy": "Plain",
              "Partial Mode": "Partial",
              "Parent Relationship": "Outer",
              "Parallel Aware": false,
              "Startup Cost": 344731.07,
              "Total Cost": 344731.08,
              "Plan Rows": 1,
              "Plan Width": 8,
              "Actual Startup Time": 635.565,
              "Actual Total Time": 635.567,
              "Actual Rows": 1,
              "Actual Loops": 7,
              "Plans": [
                {
                  "Node Type": "Seq Scan",
                  "Parent Relationship": "Outer",
                  "Parallel Aware": true,
                  "Relation Name": "cast_info",
                  "Alias": "ci",
                  "Startup Cost": 0.0,
                  "Total Cost": 343316.27,
                  "Plan Rows": 565918,
                  "Plan Width": 0,
                  "Actual Startup Time": 415.058,
                  "Actual Total Time": 601.31,
                  "Actual Rows": 740743,
                  "Actual Loops": 7,
                  "Filter": "((person_id > 3146075) AND (role_id > 1))",
                  "Rows Removed by Filter": 4437020
                }
              ]
            }
          ]
        }
      ]
    },
    "Planning Time": 0.283,
    "Triggers": [],
    "Execution Time": 689.759
  }
]