[
  {
    "Plan": {
      "Node Type": "Aggregate",
      "Strategy": "Plain",
      "Partial Mode": "Finalize",
      "Parallel Aware": false,
      "Startup Cost": 172556.6,
      "Total Cost": 172556.61,
      "Plan Rows": 1,
      "Plan Width": 8,
      "Actual Startup Time": 49.932,
      "Actual Total Time": 53.513,
      "Actual Rows": 1,
      "Actual Loops": 1,
      "Plans": [
        {
          "Node Type": "Gather",
          "Parent Relationship": "Outer",
          "Parallel Aware": false,
          "Startup Cost": 172556.07,
          "Total Cost": 172556.58,
          "Plan Rows": 5,
          "Plan Width": 8,
          "Actual Startup Time": 49.784,
          "Actual Total Time": 53.507,
          "Actual Rows": 6,
          "Actual Loops": 1,
          "Workers Planned": 5,
          "Workers Launched": 5,
          "Single Copy": false,
          "Plans": [
            {
              "Node Type": "Aggregate",
              "Strategy": "Plain",
              "Partial Mode": "Partial",
              "Parent Relationship": "Outer",
              "Parallel Aware": false,
              "Startup Cost": 171556.07,
              "Total Cost": 171556.08,
              "Plan Rows": 1,
              "Plan Width": 8,
              "Actual Startup Time": 43.377,
              "Actual Total Time": 43.378,
              "Actual Rows": 1,
              "Actual Loops": 6,
              "Plans": [
                {
                  "Node Type": "Bitmap Heap Scan",
                  "Parent Relationship": "Outer",
                  "Parallel Aware": true,
                  "Relation Name": "movie_info",
                  "Alias": "mi",
                  "Startup Cost": 8201.59,
                  "Total Cost": 171329.16,
                  "Plan Rows": 90765,
                  "Plan Width": 0,
                  "Actual Startup Time": 15.637,
                  "Actual Total Time": 38.368,
                  "Actual Rows": 77606,
                  "Actual Loops": 6,
                  "Recheck Cond": "(info_type_id > 103)",
                  "Rows Removed by Index Recheck": 0,
                  "Exact Heap Blocks": 2171,
                  "Lossy Heap Blocks": 0,
                  "Plans": [
                    {
                      "Node Type": "Bitmap Index Scan",
                      "Parent Relationship": "Outer",
                      "Parallel Aware": false,
                      "Index Name": "info_type_id_movie_info",
                      "Startup Cost": 0.0,
                      "Total Cost": 8088.14,
                      "Plan Rows": 453827,
                      "Plan Width": 0,
                      "Actual Startup Time": 20.588,
                      "Actual Total Time": 20.589,
                      "Actual Rows": 465636,
                      "Actual Loops": 1,
                      "Index Cond": "(info_type_id > 103)"
                    }
                  ]
                }
              ]
            }
          ]
        }
      ]
    },
    "Planning Time": 0.118,
    "Triggers": [],
    "Execution Time": 53.547
  }
]