[
  {
    "Plan": {
      "Node Type": "Aggregate",
      "Strategy": "Plain",
      "Partial Mode": "Finalize",
      "Parallel Aware": false,
      "Startup Cost": 27905.19,
      "Total Cost": 27905.2,
      "Plan Rows": 1,
      "Plan Width": 8,
      "Actual Startup Time": 37.086,
      "Actual Total Time": 41.225,
      "Actual Rows": 1,
      "Actual Loops": 1,
      "Plans": [
        {
          "Node Type": "Gather",
          "Parent Relationship": "Outer",
          "Parallel Aware": false,
          "Startup Cost": 27904.97,
          "Total Cost": 27905.18,
          "Plan Rows": 2,
          "Plan Width": 8,
          "Actual Startup Time": 36.948,
          "Actual Total Time": 41.22,
          "Actual Rows": 3,
          "Actual Loops": 1,
          "Workers Planned": 2,
          "Workers Launched": 2,
          "Single Copy": false,
          "Plans": [
            {
              "Node Type": "Aggregate",
              "Strategy": "Plain",
              "Partial Mode": "Partial",
              "Parent Relationship": "Outer",
              "Parallel Aware": false,
              "Startup Cost": 26904.97,
              "Total Cost": 26904.98,
              "Plan Rows": 1,
              "Plan Width": 8,
              "Actual Startup Time": 28.796,
              "Actual Total Time": 28.799,
              "Actual Rows": 1,
              "Actual Loops": 3,
              "Plans": [
                {
                  "Node Type": "Nested Loop",
                  "Parent Relationship": "Outer",
                  "Parallel Aware": false,
                  "Join Type": "Inner",
                  "Startup Cost": 106.26,
                  "Total Cost": 26904.9,
                  "Plan Rows": 29,
                  "Plan Width": 0,
                  "Actual Startup Time": 4.502,
                  "Actual Total Time": 28.777,
                  "Actual Rows": 38,
                  "Actual Loops": 3,
                  "Inner Unique": true,
                  "Plans": [
                    {
                      "Node Type": "Bitmap Heap Scan",
                      "Parent Relationship": "Outer",
                      "Parallel Aware": true,
                      "Relation Name": "movie_keyword",
                      "Alias": "mk",
                      "Startup Cost": 105.83,
                      "Total Cost": 12117.13,
                      "Plan Rows": 2011,
                      "Plan Width": 4,
                      "Actual Startup Time": 2.341,
                      "Actual Total Time": 10.551,
                      "Actual Rows": 1751,
                      "Actual Loops": 3,
                      "Recheck Cond": "(keyword_id = 3311)",
                      "Rows Removed by Index Recheck": 0,
                      "Exact Heap Blocks": 3004,
                      "Lossy Heap Blocks": 0,
                      "Plans": [
                        {
                          "Node Type": "Bitmap Index Scan",
                          "Parent Relationship": "Outer",
                          "Parallel Aware": false,
                          "Index Name": "keyword_id_movie_keyword",
                          "Startup Cost": 0.0,
                          "Total Cost": 104.63,
                          "Plan Rows": 4826,
                          "Plan Width": 0,
                          "Actual Startup Time": 5.043,
                          "Actual Total Time": 5.048,
                          "Actual Rows": 5252,
                          "Actual Loops": 1,
                          "Index Cond": "(keyword_id = 3311)"
                        }
                      ]
                    },
                    {
                      "Node Type": "Index Scan",
                      "Parent Relationship": "Inner",
                      "Parallel Aware": false,
                      "Scan Direction": "Forward",
                      "Index Name": "title_pkey",
                      "Relation Name": "title",
                      "Alias": "t",
                      "Startup Cost": 0.43,
                      "Total Cost": 7.35,
                      "Plan Rows": 1,
                      "Plan Width": 4,
                      "Actual Startup Time": 0.01,
                      "Actual Total Time": 0.01,
                      "Actual Rows": 0,
                      "Actual Loops": 5252,
                      "Index Cond": "(id = mk.movie_id)",
                      "Rows Removed by Index Recheck": 0,
                      "Filter": "(production_year = 1995)",
                      "Rows Removed by Filter": 1
                    }
                  ]
                }
              ]
            }
          ]
        }
      ]
    },
    "Planning Time": 0.556,
    "Triggers": [],
    "Execution Time": 41.308
  }
]