{
    "Plan": {
        "Node Type": "Aggregate",
        "Strategy": "Plain",
        "Partial Mode": "Simple",
        "Parallel Aware": false,
        "Startup Cost": 70015495466.93,
        "Total Cost": 70015495466.94,
        "Plan Rows": 1,
        "Plan Width": 64,
        "Actual Startup Time": 11611.549,
        "Actual Total Time": 11710.814,
        "Actual Rows": 1,
        "Actual Loops": 1,
        "Output": [
            "min((kt.kind)::text)",
            "min(t.title)"
        ],
        "Plans": [
            {
                "Node Type": "Nested Loop",
                "Parent Relationship": "Outer",
                "Parallel Aware": false,
                "Join Type": "Inner",
                "Startup Cost": 70015495414.84,
                "Total Cost": 70015495466.93,
                "Plan Rows": 1,
                "Plan Width": 27,
                "Actual Startup Time": 10138.903,
                "Actual Total Time": 11710.269,
                "Actual Rows": 628,
                "Actual Loops": 1,
                "Output": [
                    "kt.kind",
                    "t.title"
                ],
                "Inner Unique": true,
                "Plans": [
                    {
                        "Node Type": "Gather",
                        "Parent Relationship": "Outer",
                        "Parallel Aware": false,
                        "Startup Cost": 60015495414.7,
                        "Total Cost": 60015495454.61,
                        "Plan Rows": 2,
                        "Plan Width": 31,
                        "Actual Startup Time": 10136.871,
                        "Actual Total Time": 11700.032,
                        "Actual Rows": 706,
                        "Actual Loops": 1,
                        "Output": [
                            "cc.status_id",
                            "t.title",
                            "kt.kind"
                        ],
                        "Workers Planned": 1,
                        "Workers Launched": 1,
                        "Single Copy": false,
                        "Plans": [
                            {
                                "Node Type": "Nested Loop",
                                "Parent Relationship": "Outer",
                                "Parallel Aware": false,
                                "Join Type": "Inner",
                                "Startup Cost": 60015494414.7,
                                "Total Cost": 60015494454.41,
                                "Plan Rows": 1,
                                "Plan Width": 31,
                                "Actual Startup Time": 10838.918,
                                "Actual Total Time": 10847.904,
                                "Actual Rows": 353,
                                "Actual Loops": 2,
                                "Output": [
                                    "cc.status_id",
                                    "t.title",
                                    "kt.kind"
                                ],
                                "Inner Unique": false,
                                "Join Filter": "(t.id = cc.movie_id)",
                                "Rows Removed by Join Filter": 0,
                                "Workers": [
                                    {
                                        "Worker Number": 0,
                                        "Actual Startup Time": 11541.626,
                                        "Actual Total Time": 11555.752,
                                        "Actual Rows": 664,
                                        "Actual Loops": 1
                                    }
                                ],
                                "Plans": [
                                    {
                                        "Node Type": "Hash Join",
                                        "Parent Relationship": "Outer",
                                        "Parallel Aware": false,
                                        "Join Type": "Inner",
                                        "Startup Cost": 50015494414.26,
                                        "Total Cost": 50015494436.46,
                                        "Plan Rows": 4,
                                        "Plan Width": 43,
                                        "Actual Startup Time": 10837.851,
                                        "Actual Total Time": 10839.728,
                                        "Actual Rows": 1917,
                                        "Actual Loops": 2,
                                        "Output": [
                                            "mc.movie_id",
                                            "mi.movie_id",
                                            "mk.movie_id",
                                            "t.title",
                                            "t.id",
                                            "kt.kind"
                                        ],
                                        "Inner Unique": true,
                                        "Hash Cond": "(mi.info_type_id = it1.id)",
                                        "Workers": [
                                            {
                                                "Worker Number": 0,
                                                "Actual Startup Time": 11541.501,
                                                "Actual Total Time": 11544.122,
                                                "Actual Rows": 2743,
                                                "Actual Loops": 1
                                            }
                                        ],
                                        "Plans": [
                                            {
                                                "Node Type": "Hash Join",
                                                "Parent Relationship": "Outer",
                                                "Parallel Aware": false,
                                                "Join Type": "Inner",
                                                "Startup Cost": 40015494400.13,
                                                "Total Cost": 40015494421.29,
                                                "Plan Rows": 382,
                                                "Plan Width": 47,
                                                "Actual Startup Time": 10837.391,
                                                "Actual Total Time": 10838.788,
                                                "Actual Rows": 1917,
                                                "Actual Loops": 2,
                                                "Output": [
                                                    "mc.movie_id",
                                                    "mi.movie_id",
                                                    "mi.info_type_id",
                                                    "mk.movie_id",
                                                    "t.title",
                                                    "t.id",
                                                    "kt.kind"
                                                ],
                                                "Inner Unique": true,
                                                "Hash Cond": "(mc.company_type_id = ct.id)",
                                                "Workers": [
                                                    {
                                                        "Worker Number": 0,
                                                        "Actual Startup Time": 11540.632,
                                                        "Actual Total Time": 11542.579,
                                                        "Actual Rows": 2743,
                                                        "Actual Loops": 1
                                                    }
                                                ],
                                                "Plans": [
                                                    {
                                                        "Node Type": "Merge Join",
                                                        "Parent Relationship": "Outer",
                                                        "Parallel Aware": false,
                                                        "Join Type": "Inner",
                                                        "Startup Cost": 30015494387.89,
                                                        "Total Cost": 30015494406.98,
                                                        "Plan Rows": 382,
                                                        "Plan Width": 51,
                                                        "Actual Startup Time": 10837.271,
                                                        "Actual Total Time": 10838.195,
                                                        "Actual Rows": 1917,
                                                        "Actual Loops": 2,
                                                        "Output": [
                                                            "mc.movie_id",
                                                            "mc.company_type_id",
                                                            "mi.movie_id",
                                                            "mi.info_type_id",
                                                            "mk.movie_id",
                                                            "t.title",
                                                            "t.id",
                                                            "kt.kind"
                                                        ],
                                                        "Inner Unique": false,
                                                        "Merge Cond": "(t.kind_id = kt.id)",
                                                        "Workers": [
                                                            {
                                                                "Worker Number": 0,
                                                                "Actual Startup Time": 11540.41,
                                                                "Actual Total Time": 11541.712,
                                                                "Actual Rows": 2743,
                                                                "Actual Loops": 1
                                                            }
                                                        ],
                                                        "Plans": [
                                                            {
                                                                "Node Type": "Sort",
                                                                "Parent Relationship": "Outer",
                                                                "Parallel Aware": false,
                                                                "Startup Cost": 30015494386.79,
                                                                "Total Cost": 30015494393.47,
                                                                "Plan Rows": 2671,
                                                                "Plan Width": 45,
                                                                "Actual Startup Time": 10837.21,
                                                                "Actual Total Time": 10837.547,
                                                                "Actual Rows": 1918,
                                                                "Actual Loops": 2,
                                                                "Output": [
                                                                    "mc.movie_id",
                                                                    "mc.company_type_id",
                                                                    "mi.movie_id",
                                                                    "mi.info_type_id",
                                                                    "mk.movie_id",
                                                                    "t.title",
                                                                    "t.kind_id",
                                                                    "t.id"
                                                                ],
                                                                "Sort Key": [
                                                                    "t.kind_id"
                                                                ],
                                                                "Sort Method": "quicksort",
                                                                "Sort Space Used": 336,
                                                                "Sort Space Type": "Memory",
                                                                "Workers": [
                                                                    {
                                                                        "Worker Number": 0,
                                                                        "Actual Startup Time": 11540.326,
                                                                        "Actual Total Time": 11540.786,
                                                                        "Actual Rows": 2744,
                                                                        "Actual Loops": 1
                                                                    }
                                                                ],
                                                                "Plans": [
                                                                    {
                                                                        "Node Type": "Hash Join",
                                                                        "Parent Relationship": "Outer",
                                                                        "Parallel Aware": true,
                                                                        "Join Type": "Inner",
                                                                        "Startup Cost": 30015209632.57,
                                                                        "Total Cost": 30015494234.77,
                                                                        "Plan Rows": 2671,
                                                                        "Plan Width": 45,
                                                                        "Actual Startup Time": 9685.061,
                                                                        "Actual Total Time": 10835.638,
                                                                        "Actual Rows": 3967,
                                                                        "Actual Loops": 2,
                                                                        "Output": [
                                                                            "mc.movie_id",
                                                                            "mc.company_type_id",
                                                                            "mi.movie_id",
                                                                            "mi.info_type_id",
                                                                            "mk.movie_id",
                                                                            "t.title",
                                                                            "t.kind_id",
                                                                            "t.id"
                                                                        ],
                                                                        "Inner Unique": false,
                                                                        "Hash Cond": "(t.id = mi.movie_id)",
                                                                        "Workers": [
                                                                            {
                                                                                "Worker Number": 0,
                                                                                "Actual Startup Time": 10072.786,
                                                                                "Actual Total Time": 11537.759,
                                                                                "Actual Rows": 5460,
                                                                                "Actual Loops": 1
                                                                            }
                                                                        ],
                                                                        "Plans": [
                                                                            {
                                                                                "Node Type": "Hash Join",
                                                                                "Parent Relationship": "Outer",
                                                                                "Parallel Aware": false,
                                                                                "Join Type": "Inner",
                                                                                "Startup Cost": 30014292108.45,
                                                                                "Total Cost": 30014319986.78,
                                                                                "Plan Rows": 3111795,
                                                                                "Plan Width": 37,
                                                                                "Actual Startup Time": 7507.735,
                                                                                "Actual Total Time": 8520.203,
                                                                                "Actual Rows": 2590524,
                                                                                "Actual Loops": 2,
                                                                                "Output": [
                                                                                    "mc.movie_id",
                                                                                    "mc.company_type_id",
                                                                                    "mk.movie_id",
                                                                                    "t.title",
                                                                                    "t.kind_id",
                                                                                    "t.id"
                                                                                ],
                                                                                "Inner Unique": false,
                                                                                "Hash Cond": "(mc.movie_id = t.id)",
                                                                                "Workers": [
                                                                                    {
                                                                                        "Worker Number": 0,
                                                                                        "Actual Startup Time": 7909.037,
                                                                                        "Actual Total Time": 9167.352,
                                                                                        "Actual Rows": 3731403,
                                                                                        "Actual Loops": 1
                                                                                    }
                                                                                ],
                                                                                "Plans": [
                                                                                    {
                                                                                        "Node Type": "Merge Join",
                                                                                        "Parent Relationship": "Outer",
                                                                                        "Parallel Aware": false,
                                                                                        "Join Type": "Inner",
                                                                                        "Startup Cost": 10000371809.75,
                                                                                        "Total Cost": 10000390289.55,
                                                                                        "Plan Rows": 550576,
                                                                                        "Plan Width": 8,
                                                                                        "Actual Startup Time": 1242.945,
                                                                                        "Actual Total Time": 1852.49,
                                                                                        "Actual Rows": 576899,
                                                                                        "Actual Loops": 2,
                                                                                        "Output": [
                                                                                            "mc.movie_id",
                                                                                            "mc.company_type_id"
                                                                                        ],
                                                                                        "Inner Unique": false,
                                                                                        "Merge Cond": "(cn.id = mc.company_id)",
                                                                                        "Workers": [
                                                                                            {
                                                                                                "Worker Number": 0,
                                                                                                "Actual Startup Time": 1093.595,
                                                                                                "Actual Total Time": 1766.4,
                                                                                                "Actual Rows": 823079,
                                                                                                "Actual Loops": 1
                                                                                            }
                                                                                        ],
                                                                                        "Plans": [
                                                                                            {
                                                                                                "Node Type": "Sort",
                                                                                                "Parent Relationship": "Outer",
                                                                                                "Parallel Aware": false,
                                                                                                "Startup Cost": 10000008590.3,
                                                                                                "Total Cost": 10000008714.27,
                                                                                                "Plan Rows": 49589,
                                                                                                "Plan Width": 4,
                                                                                                "Actual Startup Time": 34.835,
                                                                                                "Actual Total Time": 42.893,
                                                                                                "Actual Rows": 42422,
                                                                                                "Actual Loops": 2,
                                                                                                "Output": [
                                                                                                    "cn.id"
                                                                                                ],
                                                                                                "Sort Key": [
                                                                                                    "cn.id"
                                                                                                ],
                                                                                                "Sort Method": "quicksort",
                                                                                                "Sort Space Used": 2032,
                                                                                                "Sort Space Type": "Memory",
                                                                                                "Workers": [
                                                                                                    {
                                                                                                        "Worker Number": 0,
                                                                                                        "Actual Startup Time": 35.62,
                                                                                                        "Actual Total Time": 47.68,
                                                                                                        "Actual Rows": 57897,
                                                                                                        "Actual Loops": 1
                                                                                                    }
                                                                                                ],
                                                                                                "Plans": [
                                                                                                    {
                                                                                                        "Node Type": "Seq Scan",
                                                                                                        "Parent Relationship": "Outer",
                                                                                                        "Parallel Aware": true,
                                                                                                        "Relation Name": "company_name",
                                                                                                        "Schema": "public",
                                                                                                        "Alias": "cn",
                                                                                                        "Startup Cost": 10000000000.0,
                                                                                                        "Total Cost": 10000004722.92,
                                                                                                        "Plan Rows": 49589,
                                                                                                        "Plan Width": 4,
                                                                                                        "Actual Startup Time": 0.031,
                                                                                                        "Actual Total Time": 21.944,
                                                                                                        "Actual Rows": 42422,
                                                                                                        "Actual Loops": 2,
                                                                                                        "Output": [
                                                                                                            "cn.id"
                                                                                                        ],
                                                                                                        "Filter": "((cn.country_code)::text = '[us]'::text)",
                                                                                                        "Rows Removed by Filter": 75077,
                                                                                                        "Workers": [
                                                                                                            {
                                                                                                                "Worker Number": 0,
                                                                                                                "Actual Startup Time": 0.04,
                                                                                                                "Actual Total Time": 21.47,
                                                                                                                "Actual Rows": 57897,
                                                                                                                "Actual Loops": 1
                                                                                                            }
                                                                                                        ]
                                                                                                    }
                                                                                                ]
                                                                                            },
                                                                                            {
                                                                                                "Node Type": "Sort",
                                                                                                "Parent Relationship": "Inner",
                                                                                                "Parallel Aware": false,
                                                                                                "Startup Cost": 362900.07,
                                                                                                "Total Cost": 369422.9,
                                                                                                "Plan Rows": 2609129,
                                                                                                "Plan Width": 12,
                                                                                                "Actual Startup Time": 1207.933,
                                                                                                "Actual Total Time": 1585.042,
                                                                                                "Actual Rows": 2609026,
                                                                                                "Actual Loops": 2,
                                                                                                "Output": [
                                                                                                    "mc.movie_id",
                                                                                                    "mc.company_id",
                                                                                                    "mc.company_type_id"
                                                                                                ],
                                                                                                "Sort Key": [
                                                                                                    "mc.company_id"
                                                                                                ],
                                                                                                "Sort Method": "quicksort",
                                                                                                "Sort Space Used": 220607,
                                                                                                "Sort Space Type": "Memory",
                                                                                                "Workers": [
                                                                                                    {
                                                                                                        "Worker Number": 0,
                                                                                                        "Actual Startup Time": 1057.638,
                                                                                                        "Actual Total Time": 1465.981,
                                                                                                        "Actual Rows": 2609129,
                                                                                                        "Actual Loops": 1
                                                                                                    }
                                                                                                ],
                                                                                                "Plans": [
                                                                                                    {
                                                                                                        "Node Type": "Index Scan",
                                                                                                        "Parent Relationship": "Outer",
                                                                                                        "Parallel Aware": false,
                                                                                                        "Scan Direction": "Forward",
                                                                                                        "Index Name": "company_type_id_movie_companies",
                                                                                                        "Relation Name": "movie_companies",
                                                                                                        "Schema": "public",
                                                                                                        "Alias": "mc",
                                                                                                        "Startup Cost": 0.43,
                                                                                                        "Total Cost": 84830.36,
                                                                                                        "Plan Rows": 2609129,
                                                                                                        "Plan Width": 12,
                                                                                                        "Actual Startup Time": 1.585,
                                                                                                        "Actual Total Time": 541.94,
                                                                                                        "Actual Rows": 2609129,
                                                                                                        "Actual Loops": 2,
                                                                                                        "Output": [
                                                                                                            "mc.movie_id",
                                                                                                            "mc.company_id",
                                                                                                            "mc.company_type_id"
                                                                                                        ],
                                                                                                        "Workers": [
                                                                                                            {
                                                                                                                "Worker Number": 0,
                                                                                                                "Actual Startup Time": 3.145,
                                                                                                                "Actual Total Time": 468.461,
                                                                                                                "Actual Rows": 2609129,
                                                                                                                "Actual Loops": 1
                                                                                                            }
                                                                                                        ]
                                                                                                    }
                                                                                                ]
                                                                                            }
                                                                                        ]
                                                                                    },
                                                                                    {
                                                                                        "Node Type": "Hash",
                                                                                        "Parent Relationship": "Inner",
                                                                                        "Parallel Aware": false,
                                                                                        "Startup Cost": 20013886102.0,
                                                                                        "Total Cost": 20013886102.0,
                                                                                        "Plan Rows": 2735736,
                                                                                        "Plan Width": 29,
                                                                                        "Actual Startup Time": 6255.189,
                                                                                        "Actual Total Time": 6255.195,
                                                                                        "Actual Rows": 2269483,
                                                                                        "Actual Loops": 2,
                                                                                        "Output": [
                                                                                            "mk.movie_id",
                                                                                            "t.title",
                                                                                            "t.kind_id",
                                                                                            "t.id"
                                                                                        ],
                                                                                        "Hash Buckets": 4194304,
                                                                                        "Original Hash Buckets": 4194304,
                                                                                        "Hash Batches": 1,
                                                                                        "Original Hash Batches": 1,
                                                                                        "Peak Memory Usage": 174040,
                                                                                        "Workers": [
                                                                                            {
                                                                                                "Worker Number": 0,
                                                                                                "Actual Startup Time": 6800.498,
                                                                                                "Actual Total Time": 6800.502,
                                                                                                "Actual Rows": 2269483,
                                                                                                "Actual Loops": 1
                                                                                            }
                                                                                        ],
                                                                                        "Plans": [
                                                                                            {
                                                                                                "Node Type": "Merge Join",
                                                                                                "Parent Relationship": "Outer",
                                                                                                "Parallel Aware": false,
                                                                                                "Join Type": "Inner",
                                                                                                "Startup Cost": 20013822456.57,
                                                                                                "Total Cost": 20013886102.0,
                                                                                                "Plan Rows": 2735736,
                                                                                                "Plan Width": 29,
                                                                                                "Actual Startup Time": 3972.964,
                                                                                                "Actual Total Time": 5818.715,
                                                                                                "Actual Rows": 2269483,
                                                                                                "Actual Loops": 2,
                                                                                                "Output": [
                                                                                                    "mk.movie_id",
                                                                                                    "t.title",
                                                                                                    "t.kind_id",
                                                                                                    "t.id"
                                                                                                ],
                                                                                                "Inner Unique": false,
                                                                                                "Merge Cond": "(mk.movie_id = t.id)",
                                                                                                "Workers": [
                                                                                                    {
                                                                                                        "Worker Number": 0,
                                                                                                        "Actual Startup Time": 4322.162,
                                                                                                        "Actual Total Time": 6302.081,
                                                                                                        "Actual Rows": 2269483,
                                                                                                        "Actual Loops": 1
                                                                                                    }
                                                                                                ],
                                                                                                "Plans": [
                                                                                                    {
                                                                                                        "Node Type": "Sort",
                                                                                                        "Parent Relationship": "Outer",
                                                                                                        "Parallel Aware": false,
                                                                                                        "Startup Cost": 20013597798.8,
                                                                                                        "Total Cost": 20013609108.63,
                                                                                                        "Plan Rows": 4523930,
                                                                                                        "Plan Width": 4,
                                                                                                        "Actual Startup Time": 3187.611,
                                                                                                        "Actual Total Time": 4005.066,
                                                                                                        "Actual Rows": 4523930,
                                                                                                        "Actual Loops": 2,
                                                                                                        "Output": [
                                                                                                            "mk.movie_id"
                                                                                                        ],
                                                                                                        "Sort Key": [
                                                                                                            "mk.movie_id"
                                                                                                        ],
                                                                                                        "Sort Method": "quicksort",
                                                                                                        "Sort Space Used": 408668,
                                                                                                        "Sort Space Type": "Memory",
                                                                                                        "Workers": [
                                                                                                            {
                                                                                                                "Worker Number": 0,
                                                                                                                "Actual Startup Time": 3447.116,
                                                                                                                "Actual Total Time": 4348.161,
                                                                                                                "Actual Rows": 4523930,
                                                                                                                "Actual Loops": 1
                                                                                                            }
                                                                                                        ],
                                                                                                        "Plans": [
                                                                                                            {
                                                                                                                "Node Type": "Hash Join",
                                                                                                                "Parent Relationship": "Outer",
                                                                                                                "Parallel Aware": false,
                                                                                                                "Join Type": "Inner",
                                                                                                                "Startup Cost": 20000126242.42,
                                                                                                                "Total Cost": 20013097697.67,
                                                                                                                "Plan Rows": 4523930,
                                                                                                                "Plan Width": 4,
                                                                                                                "Actual Startup Time": 1170.232,
                                                                                                                "Actual Total Time": 2268.587,
                                                                                                                "Actual Rows": 4523930,
                                                                                                                "Actual Loops": 2,
                                                                                                                "Output": [
                                                                                                                    "mk.movie_id"
                                                                                                                ],
                                                                                                                "Inner Unique": false,
                                                                                                                "Hash Cond": "(k.id = mk.keyword_id)",
                                                                                                                "Workers": [
                                                                                                                    {
                                                                                                                        "Worker Number": 0,
                                                                                                                        "Actual Startup Time": 1256.686,
                                                                                                                        "Actual Total Time": 2425.061,
                                                                                                                        "Actual Rows": 4523930,
                                                                                                                        "Actual Loops": 1
                                                                                                                    }
                                                                                                                ],
                                                                                                                "Plans": [
                                                                                                                    {
                                                                                                                        "Node Type": "Seq Scan",
                                                                                                                        "Parent Relationship": "Outer",
                                                                                                                        "Parallel Aware": false,
                                                                                                                        "Relation Name": "keyword",
                                                                                                                        "Schema": "public",
                                                                                                                        "Alias": "k",
                                                                                                                        "Startup Cost": 10000000000.0,
                                                                                                                        "Total Cost": 10000002290.7,
                                                                                                                        "Plan Rows": 134170,
                                                                                                                        "Plan Width": 4,
                                                                                                                        "Actual Startup Time": 0.049,
                                                                                                                        "Actual Total Time": 14.582,
                                                                                                                        "Actual Rows": 134170,
                                                                                                                        "Actual Loops": 2,
                                                                                                                        "Output": [
                                                                                                                            "k.id",
                                                                                                                            "k.keyword",
                                                                                                                            "k.phonetic_code"
                                                                                                                        ],
                                                                                                                        "Workers": [
                                                                                                                            {
                                                                                                                                "Worker Number": 0,
                                                                                                                                "Actual Startup Time": 0.075,
                                                                                                                                "Actual Total Time": 15.693,
                                                                                                                                "Actual Rows": 134170,
                                                                                                                                "Actual Loops": 1
                                                                                                                            }
                                                                                                                        ]
                                                                                                                    },
                                                                                                                    {
                                                                                                                        "Node Type": "Hash",
                                                                                                                        "Parent Relationship": "Inner",
                                                                                                                        "Parallel Aware": false,
                                                                                                                        "Startup Cost": 10000069693.3,
                                                                                                                        "Total Cost": 10000069693.3,
                                                                                                                        "Plan Rows": 4523930,
                                                                                                                        "Plan Width": 8,
                                                                                                                        "Actual Startup Time": 1148.957,
                                                                                                                        "Actual Total Time": 1148.958,
                                                                                                                        "Actual Rows": 4523930,
                                                                                                                        "Actual Loops": 2,
                                                                                                                        "Output": [
                                                                                                                            "mk.movie_id",
                                                                                                                            "mk.keyword_id"
                                                                                                                        ],
                                                                                                                        "Hash Buckets": 8388608,
                                                                                                                        "Original Hash Buckets": 8388608,
                                                                                                                        "Hash Batches": 1,
                                                                                                                        "Original Hash Batches": 1,
                                                                                                                        "Peak Memory Usage": 242253,
                                                                                                                        "Workers": [
                                                                                                                            {
                                                                                                                                "Worker Number": 0,
                                                                                                                                "Actual Startup Time": 1222.823,
                                                                                                                                "Actual Total Time": 1222.824,
                                                                                                                                "Actual Rows": 4523930,
                                                                                                                                "Actual Loops": 1
                                                                                                                            }
                                                                                                                        ],
                                                                                                                        "Plans": [
                                                                                                                            {
                                                                                                                                "Node Type": "Seq Scan",
                                                                                                                                "Parent Relationship": "Outer",
                                                                                                                                "Parallel Aware": false,
                                                                                                                                "Relation Name": "movie_keyword",
                                                                                                                                "Schema": "public",
                                                                                                                                "Alias": "mk",
                                                                                                                                "Startup Cost": 10000000000.0,
                                                                                                                                "Total Cost": 10000069693.3,
                                                                                                                                "Plan Rows": 4523930,
                                                                                                                                "Plan Width": 8,
                                                                                                                                "Actual Startup Time": 0.041,
                                                                                                                                "Actual Total Time": 442.469,
                                                                                                                                "Actual Rows": 4523930,
                                                                                                                                "Actual Loops": 2,
                                                                                                                                "Output": [
                                                                                                                                    "mk.movie_id",
                                                                                                                                    "mk.keyword_id"
                                                                                                                                ],
                                                                                                                                "Workers": [
                                                                                                                                    {
                                                                                                                                        "Worker Number": 0,
                                                                                                                                        "Actual Startup Time": 0.06,
                                                                                                                                        "Actual Total Time": 435.937,
                                                                                                                                        "Actual Rows": 4523930,
                                                                                                                                        "Actual Loops": 1
                                                                                                                                    }
                                                                                                                                ]
                                                                                                                            }
                                                                                                                        ]
                                                                                                                    }
                                                                                                                ]
                                                                                                            }
                                                                                                        ]
                                                                                                    },
                                                                                                    {
                                                                                                        "Node Type": "Sort",
                                                                                                        "Parent Relationship": "Inner",
                                                                                                        "Parallel Aware": false,
                                                                                                        "Startup Cost": 224655.62,
                                                                                                        "Total Cost": 228477.97,
                                                                                                        "Plan Rows": 1528941,
                                                                                                        "Plan Width": 25,
                                                                                                        "Actual Startup Time": 785.338,
                                                                                                        "Actual Total Time": 1106.886,
                                                                                                        "Actual Rows": 3557454,
                                                                                                        "Actual Loops": 2,
                                                                                                        "Output": [
                                                                                                            "t.title",
                                                                                                            "t.kind_id",
                                                                                                            "t.id"
                                                                                                        ],
                                                                                                        "Sort Key": [
                                                                                                            "t.id"
                                                                                                        ],
                                                                                                        "Sort Method": "quicksort",
                                                                                                        "Sort Space Used": 165150,
                                                                                                        "Sort Space Type": "Memory",
                                                                                                        "Workers": [
                                                                                                            {
                                                                                                                "Worker Number": 0,
                                                                                                                "Actual Startup Time": 875.029,
                                                                                                                "Actual Total Time": 1208.188,
                                                                                                                "Actual Rows": 3557454,
                                                                                                                "Actual Loops": 1
                                                                                                            }
                                                                                                        ],
                                                                                                        "Plans": [
                                                                                                            {
                                                                                                                "Node Type": "Seq Scan",
                                                                                                                "Parent Relationship": "Outer",
                                                                                                                "Parallel Aware": false,
                                                                                                                "Relation Name": "title",
                                                                                                                "Schema": "public",
                                                                                                                "Alias": "t",
                                                                                                                "Startup Cost": 0.0,
                                                                                                                "Total Cost": 67602.02,
                                                                                                                "Plan Rows": 1528941,
                                                                                                                "Plan Width": 25,
                                                                                                                "Actual Startup Time": 0.063,
                                                                                                                "Actual Total Time": 324.547,
                                                                                                                "Actual Rows": 1531613,
                                                                                                                "Actual Loops": 2,
                                                                                                                "Output": [
                                                                                                                    "t.title",
                                                                                                                    "t.kind_id",
                                                                                                                    "t.id"
                                                                                                                ],
                                                                                                                "Filter": "(t.production_year > 1997)",
                                                                                                                "Rows Removed by Filter": 996699,
                                                                                                                "Workers": [
                                                                                                                    {
                                                                                                                        "Worker Number": 0,
                                                                                                                        "Actual Startup Time": 0.104,
                                                                                                                        "Actual Total Time": 361.342,
                                                                                                                        "Actual Rows": 1531613,
                                                                                                                        "Actual Loops": 1
                                                                                                                    }
                                                                                                                ]
                                                                                                            }
                                                                                                        ]
                                                                                                    }
                                                                                                ]
                                                                                            }
                                                                                        ]
                                                                                    }
                                                                                ]
                                                                            },
                                                                            {
                                                                                "Node Type": "Hash",
                                                                                "Parent Relationship": "Inner",
                                                                                "Parallel Aware": true,
                                                                                "Startup Cost": 917523.32,
                                                                                "Total Cost": 917523.32,
                                                                                "Plan Rows": 64,
                                                                                "Plan Width": 8,
                                                                                "Actual Startup Time": 2170.574,
                                                                                "Actual Total Time": 2170.575,
                                                                                "Actual Rows": 892,
                                                                                "Actual Loops": 2,
                                                                                "Output": [
                                                                                    "mi.movie_id",
                                                                                    "mi.info_type_id"
                                                                                ],
                                                                                "Hash Buckets": 2048,
                                                                                "Original Hash Buckets": 1024,
                                                                                "Hash Batches": 1,
                                                                                "Original Hash Batches": 1,
                                                                                "Peak Memory Usage": 152,
                                                                                "Workers": [
                                                                                    {
                                                                                        "Worker Number": 0,
                                                                                        "Actual Startup Time": 2163.583,
                                                                                        "Actual Total Time": 2163.584,
                                                                                        "Actual Rows": 963,
                                                                                        "Actual Loops": 1
                                                                                    }
                                                                                ],
                                                                                "Plans": [
                                                                                    {
                                                                                        "Node Type": "Index Scan",
                                                                                        "Parent Relationship": "Outer",
                                                                                        "Parallel Aware": true,
                                                                                        "Scan Direction": "Forward",
                                                                                        "Index Name": "info_type_id_movie_info",
                                                                                        "Relation Name": "movie_info",
                                                                                        "Schema": "public",
                                                                                        "Alias": "mi",
                                                                                        "Startup Cost": 0.43,
                                                                                        "Total Cost": 917523.32,
                                                                                        "Plan Rows": 64,
                                                                                        "Plan Width": 8,
                                                                                        "Actual Startup Time": 1051.881,
                                                                                        "Actual Total Time": 1780.159,
                                                                                        "Actual Rows": 892,
                                                                                        "Actual Loops": 2,
                                                                                        "Output": [
                                                                                            "mi.movie_id",
                                                                                            "mi.info_type_id"
                                                                                        ],
                                                                                        "Filter": "((mi.info IS NOT NULL) AND (mi.note ~~ '%internet%'::text) AND ((mi.info ~~ 'USA:% 199%'::text) OR (mi.info ~~ 'USA:% 200%'::text)))",
                                                                                        "Rows Removed by Filter": 7416968,
                                                                                        "Workers": [
                                                                                            {
                                                                                                "Worker Number": 0,
                                                                                                "Actual Startup Time": 1045.051,
                                                                                                "Actual Total Time": 2161.897,
                                                                                                "Actual Rows": 963,
                                                                                                "Actual Loops": 1
                                                                                            }
                                                                                        ]
                                                                                    }
                                                                                ]
                                                                            }
                                                                        ]
                                                                    }
                                                                ]
                                                            },
                                                            {
                                                                "Node Type": "Materialize",
                                                                "Parent Relationship": "Inner",
                                                                "Parallel Aware": false,
                                                                "Startup Cost": 1.1,
                                                                "Total Cost": 1.1,
                                                                "Plan Rows": 1,
                                                                "Plan Width": 14,
                                                                "Actual Startup Time": 0.056,
                                                                "Actual Total Time": 0.124,
                                                                "Actual Rows": 1,
                                                                "Actual Loops": 2,
                                                                "Output": [
                                                                    "kt.kind",
                                                                    "kt.id"
                                                                ],
                                                                "Workers": [
                                                                    {
                                                                        "Worker Number": 0,
                                                                        "Actual Startup Time": 0.079,
                                                                        "Actual Total Time": 0.177,
                                                                        "Actual Rows": 1,
                                                                        "Actual Loops": 1
                                                                    }
                                                                ],
                                                                "Plans": [
                                                                    {
                                                                        "Node Type": "Sort",
                                                                        "Parent Relationship": "Outer",
                                                                        "Parallel Aware": false,
                                                                        "Startup Cost": 1.1,
                                                                        "Total Cost": 1.1,
                                                                        "Plan Rows": 1,
                                                                        "Plan Width": 14,
                                                                        "Actual Startup Time": 0.053,
                                                                        "Actual Total Time": 0.054,
                                                                        "Actual Rows": 1,
                                                                        "Actual Loops": 2,
                                                                        "Output": [
                                                                            "kt.kind",
                                                                            "kt.id"
                                                                        ],
                                                                        "Sort Key": [
                                                                            "kt.id"
                                                                        ],
                                                                        "Sort Method": "quicksort",
                                                                        "Sort Space Used": 25,
                                                                        "Sort Space Type": "Memory",
                                                                        "Workers": [
                                                                            {
                                                                                "Worker Number": 0,
                                                                                "Actual Startup Time": 0.075,
                                                                                "Actual Total Time": 0.076,
                                                                                "Actual Rows": 1,
                                                                                "Actual Loops": 1
                                                                            }
                                                                        ],
                                                                        "Plans": [
                                                                            {
                                                                                "Node Type": "Seq Scan",
                                                                                "Parent Relationship": "Outer",
                                                                                "Parallel Aware": false,
                                                                                "Relation Name": "kind_type",
                                                                                "Schema": "public",
                                                                                "Alias": "kt",
                                                                                "Startup Cost": 0.0,
                                                                                "Total Cost": 1.09,
                                                                                "Plan Rows": 1,
                                                                                "Plan Width": 14,
                                                                                "Actual Startup Time": 0.042,
                                                                                "Actual Total Time": 0.043,
                                                                                "Actual Rows": 1,
                                                                                "Actual Loops": 2,
                                                                                "Output": [
                                                                                    "kt.kind",
                                                                                    "kt.id"
                                                                                ],
                                                                                "Filter": "((kt.kind)::text = 'movie'::text)",
                                                                                "Rows Removed by Filter": 6,
                                                                                "Workers": [
                                                                                    {
                                                                                        "Worker Number": 0,
                                                                                        "Actual Startup Time": 0.062,
                                                                                        "Actual Total Time": 0.064,
                                                                                        "Actual Rows": 1,
                                                                                        "Actual Loops": 1
                                                                                    }
                                                                                ]
                                                                            }
                                                                        ]
                                                                    }
                                                                ]
                                                            }
                                                        ]
                                                    },
                                                    {
                                                        "Node Type": "Hash",
                                                        "Parent Relationship": "Inner",
                                                        "Parallel Aware": false,
                                                        "Startup Cost": 10000000012.19,
                                                        "Total Cost": 10000000012.19,
                                                        "Plan Rows": 4,
                                                        "Plan Width": 4,
                                                        "Actual Startup Time": 0.09,
                                                        "Actual Total Time": 0.091,
                                                        "Actual Rows": 4,
                                                        "Actual Loops": 2,
                                                        "Output": [
                                                            "ct.id"
                                                        ],
                                                        "Hash Buckets": 1024,
                                                        "Original Hash Buckets": 1024,
                                                        "Hash Batches": 1,
                                                        "Original Hash Batches": 1,
                                                        "Peak Memory Usage": 9,
                                                        "Workers": [
                                                            {
                                                                "Worker Number": 0,
                                                                "Actual Startup Time": 0.17,
                                                                "Actual Total Time": 0.171,
                                                                "Actual Rows": 4,
                                                                "Actual Loops": 1
                                                            }
                                                        ],
                                                        "Plans": [
                                                            {
                                                                "Node Type": "Index Scan",
                                                                "Parent Relationship": "Outer",
                                                                "Parallel Aware": false,
                                                                "Scan Direction": "Forward",
                                                                "Index Name": "company_type_pkey",
                                                                "Relation Name": "company_type",
                                                                "Schema": "public",
                                                                "Alias": "ct",
                                                                "Startup Cost": 10000000000.13,
                                                                "Total Cost": 10000000012.19,
                                                                "Plan Rows": 4,
                                                                "Plan Width": 4,
                                                                "Actual Startup Time": 0.08,
                                                                "Actual Total Time": 0.083,
                                                                "Actual Rows": 4,
                                                                "Actual Loops": 2,
                                                                "Output": [
                                                                    "ct.id"
                                                                ],
                                                                "Workers": [
                                                                    {
                                                                        "Worker Number": 0,
                                                                        "Actual Startup Time": 0.152,
                                                                        "Actual Total Time": 0.157,
                                                                        "Actual Rows": 4,
                                                                        "Actual Loops": 1
                                                                    }
                                                                ]
                                                            }
                                                        ]
                                                    }
                                                ]
                                            },
                                            {
                                                "Node Type": "Hash",
                                                "Parent Relationship": "Inner",
                                                "Parallel Aware": false,
                                                "Startup Cost": 10000000014.12,
                                                "Total Cost": 10000000014.12,
                                                "Plan Rows": 1,
                                                "Plan Width": 4,
                                                "Actual Startup Time": 0.156,
                                                "Actual Total Time": 0.157,
                                                "Actual Rows": 1,
                                                "Actual Loops": 2,
                                                "Output": [
                                                    "it1.id"
                                                ],
                                                "Hash Buckets": 1024,
                                                "Original Hash Buckets": 1024,
                                                "Hash Batches": 1,
                                                "Original Hash Batches": 1,
                                                "Peak Memory Usage": 9,
                                                "Workers": [
                                                    {
                                                        "Worker Number": 0,
                                                        "Actual Startup Time": 0.269,
                                                        "Actual Total Time": 0.27,
                                                        "Actual Rows": 1,
                                                        "Actual Loops": 1
                                                    }
                                                ],
                                                "Plans": [
                                                    {
                                                        "Node Type": "Index Scan",
                                                        "Parent Relationship": "Outer",
                                                        "Parallel Aware": false,
                                                        "Scan Direction": "Forward",
                                                        "Index Name": "info_type_pkey",
                                                        "Relation Name": "info_type",
                                                        "Schema": "public",
                                                        "Alias": "it1",
                                                        "Startup Cost": 10000000000.14,
                                                        "Total Cost": 10000000014.12,
                                                        "Plan Rows": 1,
                                                        "Plan Width": 4,
                                                        "Actual Startup Time": 0.11,
                                                        "Actual Total Time": 0.139,
                                                        "Actual Rows": 1,
                                                        "Actual Loops": 2,
                                                        "Output": [
                                                            "it1.id"
                                                        ],
                                                        "Filter": "((it1.info)::text = 'release dates'::text)",
                                                        "Rows Removed by Filter": 112,
                                                        "Workers": [
                                                            {
                                                                "Worker Number": 0,
                                                                "Actual Startup Time": 0.198,
                                                                "Actual Total Time": 0.238,
                                                                "Actual Rows": 1,
                                                                "Actual Loops": 1
                                                            }
                                                        ]
                                                    }
                                                ]
                                            }
                                        ]
                                    },
                                    {
                                        "Node Type": "Bitmap Heap Scan",
                                        "Parent Relationship": "Inner",
                                        "Parallel Aware": false,
                                        "Relation Name": "complete_cast",
                                        "Schema": "public",
                                        "Alias": "cc",
                                        "Startup Cost": 0.44,
                                        "Total Cost": 4.46,
                                        "Plan Rows": 2,
                                        "Plan Width": 8,
                                        "Actual Startup Time": 0.003,
                                        "Actual Total Time": 0.003,
                                        "Actual Rows": 0,
                                        "Actual Loops": 3834,
                                        "Output": [
                                            "cc.id",
                                            "cc.movie_id",
                                            "cc.subject_id",
                                            "cc.status_id"
                                        ],
                                        "Recheck Cond": "(cc.movie_id = mk.movie_id)",
                                        "Rows Removed by Index Recheck": 0,
                                        "Exact Heap Blocks": 42,
                                        "Lossy Heap Blocks": 0,
                                        "Workers": [
                                            {
                                                "Worker Number": 0,
                                                "Actual Startup Time": 0.003,
                                                "Actual Total Time": 0.003,
                                                "Actual Rows": 0,
                                                "Actual Loops": 2743
                                            }
                                        ],
                                        "Plans": [
                                            {
                                                "Node Type": "Bitmap Index Scan",
                                                "Parent Relationship": "Outer",
                                                "Parallel Aware": false,
                                                "Index Name": "movie_id_complete_cast",
                                                "Startup Cost": 0.0,
                                                "Total Cost": 0.44,
                                                "Plan Rows": 2,
                                                "Plan Width": 0,
                                                "Actual Startup Time": 0.002,
                                                "Actual Total Time": 0.002,
                                                "Actual Rows": 0,
                                                "Actual Loops": 3834,
                                                "Index Cond": "(cc.movie_id = mk.movie_id)",
                                                "Workers": [
                                                    {
                                                        "Worker Number": 0,
                                                        "Actual Startup Time": 0.002,
                                                        "Actual Total Time": 0.002,
                                                        "Actual Rows": 0,
                                                        "Actual Loops": 2743
                                                    }
                                                ]
                                            }
                                        ]
                                    }
                                ]
                            }
                        ]
                    },
                    {
                        "Node Type": "Bitmap Heap Scan",
                        "Parent Relationship": "Inner",
                        "Parallel Aware": false,
                        "Relation Name": "comp_cast_type",
                        "Schema": "public",
                        "Alias": "cct1",
                        "Startup Cost": 0.14,
                        "Total Cost": 4.15,
                        "Plan Rows": 1,
                        "Plan Width": 4,
                        "Actual Startup Time": 0.007,
                        "Actual Total Time": 0.007,
                        "Actual Rows": 1,
                        "Actual Loops": 706,
                        "Output": [
                            "cct1.id",
                            "cct1.kind"
                        ],
                        "Recheck Cond": "(cct1.id = cc.status_id)",
                        "Rows Removed by Index Recheck": 0,
                        "Filter": "((cct1.kind)::text = 'complete+verified'::text)",
                        "Rows Removed by Filter": 0,
                        "Exact Heap Blocks": 706,
                        "Lossy Heap Blocks": 0,
                        "Plans": [
                            {
                                "Node Type": "Bitmap Index Scan",
                                "Parent Relationship": "Outer",
                                "Parallel Aware": false,
                                "Index Name": "comp_cast_type_pkey",
                                "Startup Cost": 0.0,
                                "Total Cost": 0.14,
                                "Plan Rows": 1,
                                "Plan Width": 0,
                                "Actual Startup Time": 0.003,
                                "Actual Total Time": 0.003,
                                "Actual Rows": 1,
                                "Actual Loops": 706,
                                "Index Cond": "(cct1.id = cc.status_id)"
                            }
                        ]
                    }
                ]
            }
        ]
    },
    "Planning Time": 28.697,
    "Triggers": [],
    "Execution Time": 11715.027
}