{
    "Plan": {
        "Node Type": "Aggregate",
        "Strategy": "Plain",
        "Partial Mode": "Finalize",
        "Parallel Aware": false,
        "Startup Cost": 390535.61,
        "Total Cost": 390535.62,
        "Plan Rows": 1,
        "Plan Width": 8,
        "Actual Startup Time": 1948.582,
        "Actual Total Time": 1995.944,
        "Actual Rows": 1,
        "Actual Loops": 1,
        "Output": [
            "count(*)"
        ],
        "Plans": [
            {
                "Node Type": "Gather",
                "Parent Relationship": "Outer",
                "Parallel Aware": false,
                "Startup Cost": 390534.98,
                "Total Cost": 390535.59,
                "Plan Rows": 6,
                "Plan Width": 8,
                "Actual Startup Time": 1941.924,
                "Actual Total Time": 1995.933,
                "Actual Rows": 7,
                "Actual Loops": 1,
                "Output": [
                    "(PARTIAL count(*))"
                ],
                "Workers Planned": 6,
                "Workers Launched": 6,
                "Single Copy": false,
                "Plans": [
                    {
                        "Node Type": "Aggregate",
                        "Strategy": "Plain",
                        "Partial Mode": "Partial",
                        "Parent Relationship": "Outer",
                        "Parallel Aware": false,
                        "Startup Cost": 389534.98,
                        "Total Cost": 389534.99,
                        "Plan Rows": 1,
                        "Plan Width": 8,
                        "Actual Startup Time": 1932.751,
                        "Actual Total Time": 1932.754,
                        "Actual Rows": 1,
                        "Actual Loops": 7,
                        "Output": [
                            "PARTIAL count(*)"
                        ],
                        "Workers": [
                            {
                                "Worker Number": 0,
                                "Actual Startup Time": 1929.665,
                                "Actual Total Time": 1929.668,
                                "Actual Rows": 1,
                                "Actual Loops": 1
                            },
                            {
                                "Worker Number": 1,
                                "Actual Startup Time": 1929.848,
                                "Actual Total Time": 1929.851,
                                "Actual Rows": 1,
                                "Actual Loops": 1
                            },
                            {
                                "Worker Number": 2,
                                "Actual Startup Time": 1929.748,
                                "Actual Total Time": 1929.75,
                                "Actual Rows": 1,
                                "Actual Loops": 1
                            },
                            {
                                "Worker Number": 3,
                                "Actual Startup Time": 1932.597,
                                "Actual Total Time": 1932.6,
                                "Actual Rows": 1,
                                "Actual Loops": 1
                            },
                            {
                                "Worker Number": 4,
                                "Actual Startup Time": 1933.036,
                                "Actual Total Time": 1933.038,
                                "Actual Rows": 1,
                                "Actual Loops": 1
                            },
                            {
                                "Worker Number": 5,
                                "Actual Startup Time": 1932.981,
                                "Actual Total Time": 1932.984,
                                "Actual Rows": 1,
                                "Actual Loops": 1
                            }
                        ],
                        "Plans": [
                            {
                                "Node Type": "Hash Join",
                                "Parent Relationship": "Outer",
                                "Parallel Aware": true,
                                "Join Type": "Inner",
                                "Startup Cost": 47090.87,
                                "Total Cost": 385581.11,
                                "Plan Rows": 1581548,
                                "Plan Width": 0,
                                "Actual Startup Time": 353.426,
                                "Actual Total Time": 1878.114,
                                "Actual Rows": 1157456,
                                "Actual Loops": 7,
                                "Inner Unique": true,
                                "Hash Cond": "(ci.movie_id = t.id)",
                                "Workers": [
                                    {
                                        "Worker Number": 0,
                                        "Actual Startup Time": 350.34,
                                        "Actual Total Time": 1870.072,
                                        "Actual Rows": 921566,
                                        "Actual Loops": 1
                                    },
                                    {
                                        "Worker Number": 1,
                                        "Actual Startup Time": 350.541,
                                        "Actual Total Time": 1879.399,
                                        "Actual Rows": 1189780,
                                        "Actual Loops": 1
                                    },
                                    {
                                        "Worker Number": 2,
                                        "Actual Startup Time": 350.429,
                                        "Actual Total Time": 1879.254,
                                        "Actual Rows": 1182596,
                                        "Actual Loops": 1
                                    },
                                    {
                                        "Worker Number": 3,
                                        "Actual Startup Time": 352.853,
                                        "Actual Total Time": 1871.83,
                                        "Actual Rows": 936298,
                                        "Actual Loops": 1
                                    },
                                    {
                                        "Worker Number": 4,
                                        "Actual Startup Time": 353.695,
                                        "Actual Total Time": 1882.188,
                                        "Actual Rows": 1202588,
                                        "Actual Loops": 1
                                    },
                                    {
                                        "Worker Number": 5,
                                        "Actual Startup Time": 354.066,
                                        "Actual Total Time": 1882.318,
                                        "Actual Rows": 1272293,
                                        "Actual Loops": 1
                                    }
                                ],
                                "Plans": [
                                    {
                                        "Node Type": "Seq Scan",
                                        "Parent Relationship": "Outer",
                                        "Parallel Aware": true,
                                        "Relation Name": "cast_info",
                                        "Schema": "public",
                                        "Alias": "ci",
                                        "Startup Cost": 0.0,
                                        "Total Cost": 328213.62,
                                        "Plan Rows": 3914897,
                                        "Plan Width": 4,
                                        "Actual Startup Time": 210.941,
                                        "Actual Total Time": 715.445,
                                        "Actual Rows": 3367665,
                                        "Actual Loops": 7,
                                        "Output": [
                                            "ci.id",
                                            "ci.person_id",
                                            "ci.movie_id",
                                            "ci.person_role_id",
                                            "ci.note",
                                            "ci.nr_order",
                                            "ci.role_id"
                                        ],
                                        "Filter": "(ci.role_id > 1)",
                                        "Rows Removed by Filter": 1810098,
                                        "Workers": [
                                            {
                                                "Worker Number": 0,
                                                "Actual Startup Time": 210.895,
                                                "Actual Total Time": 755.127,
                                                "Actual Rows": 2654806,
                                                "Actual Loops": 1
                                            },
                                            {
                                                "Worker Number": 1,
                                                "Actual Startup Time": 210.916,
                                                "Actual Total Time": 714.733,
                                                "Actual Rows": 3459245,
                                                "Actual Loops": 1
                                            },
                                            {
                                                "Worker Number": 2,
                                                "Actual Startup Time": 210.943,
                                                "Actual Total Time": 716.305,
                                                "Actual Rows": 3451517,
                                                "Actual Loops": 1
                                            },
                                            {
                                                "Worker Number": 3,
                                                "Actual Startup Time": 210.894,
                                                "Actual Total Time": 752.699,
                                                "Actual Rows": 2716961,
                                                "Actual Loops": 1
                                            },
                                            {
                                                "Worker Number": 4,
                                                "Actual Startup Time": 211.012,
                                                "Actual Total Time": 716.661,
                                                "Actual Rows": 3488710,
                                                "Actual Loops": 1
                                            },
                                            {
                                                "Worker Number": 5,
                                                "Actual Startup Time": 210.934,
                                                "Actual Total Time": 699.043,
                                                "Actual Rows": 3685778,
                                                "Actual Loops": 1
                                            }
                                        ]
                                    },
                                    {
                                        "Node Type": "Hash",
                                        "Parent Relationship": "Inner",
                                        "Parallel Aware": true,
                                        "Startup Cost": 43899.01,
                                        "Total Cost": 43899.01,
                                        "Plan Rows": 255349,
                                        "Plan Width": 4,
                                        "Actual Startup Time": 139.608,
                                        "Actual Total Time": 139.609,
                                        "Actual Rows": 145965,
                                        "Actual Loops": 7,
                                        "Output": [
                                            "t.id"
                                        ],
                                        "Hash Buckets": 1048576,
                                        "Original Hash Buckets": 1048576,
                                        "Hash Batches": 1,
                                        "Original Hash Batches": 1,
                                        "Peak Memory Usage": 48256,
                                        "Workers": [
                                            {
                                                "Worker Number": 0,
                                                "Actual Startup Time": 138.582,
                                                "Actual Total Time": 138.583,
                                                "Actual Rows": 111770,
                                                "Actual Loops": 1
                                            },
                                            {
                                                "Worker Number": 1,
                                                "Actual Startup Time": 138.809,
                                                "Actual Total Time": 138.81,
                                                "Actual Rows": 144122,
                                                "Actual Loops": 1
                                            },
                                            {
                                                "Worker Number": 2,
                                                "Actual Startup Time": 138.575,
                                                "Actual Total Time": 138.576,
                                                "Actual Rows": 146064,
                                                "Actual Loops": 1
                                            },
                                            {
                                                "Worker Number": 3,
                                                "Actual Startup Time": 140.576,
                                                "Actual Total Time": 140.577,
                                                "Actual Rows": 110423,
                                                "Actual Loops": 1
                                            },
                                            {
                                                "Worker Number": 4,
                                                "Actual Startup Time": 142.183,
                                                "Actual Total Time": 142.184,
                                                "Actual Rows": 147275,
                                                "Actual Loops": 1
                                            },
                                            {
                                                "Worker Number": 5,
                                                "Actual Startup Time": 141.887,
                                                "Actual Total Time": 141.887,
                                                "Actual Rows": 145537,
                                                "Actual Loops": 1
                                            }
                                        ],
                                        "Plans": [
                                            {
                                                "Node Type": "Seq Scan",
                                                "Parent Relationship": "Outer",
                                                "Parallel Aware": true,
                                                "Relation Name": "title",
                                                "Schema": "public",
                                                "Alias": "t",
                                                "Startup Cost": 0.0,
                                                "Total Cost": 43899.01,
                                                "Plan Rows": 255349,
                                                "Plan Width": 4,
                                                "Actual Startup Time": 0.062,
                                                "Actual Total Time": 76.318,
                                                "Actual Rows": 145965,
                                                "Actual Loops": 7,
                                                "Output": [
                                                    "t.id"
                                                ],
                                                "Filter": "(t.production_year < 2000)",
                                                "Rows Removed by Filter": 215223,
                                                "Workers": [
                                                    {
                                                        "Worker Number": 0,
                                                        "Actual Startup Time": 0.073,
                                                        "Actual Total Time": 78.759,
                                                        "Actual Rows": 111770,
                                                        "Actual Loops": 1
                                                    },
                                                    {
                                                        "Worker Number": 1,
                                                        "Actual Startup Time": 0.077,
                                                        "Actual Total Time": 77.582,
                                                        "Actual Rows": 144122,
                                                        "Actual Loops": 1
                                                    },
                                                    {
                                                        "Worker Number": 2,
                                                        "Actual Startup Time": 0.067,
                                                        "Actual Total Time": 78.247,
                                                        "Actual Rows": 146064,
                                                        "Actual Loops": 1
                                                    },
                                                    {
                                                        "Worker Number": 3,
                                                        "Actual Startup Time": 0.088,
                                                        "Actual Total Time": 79.192,
                                                        "Actual Rows": 110423,
                                                        "Actual Loops": 1
                                                    },
                                                    {
                                                        "Worker Number": 4,
                                                        "Actual Startup Time": 0.059,
                                                        "Actual Total Time": 78.28,
                                                        "Actual Rows": 147275,
                                                        "Actual Loops": 1
                                                    },
                                                    {
                                                        "Worker Number": 5,
                                                        "Actual Startup Time": 0.053,
                                                        "Actual Total Time": 76.15,
                                                        "Actual Rows": 145537,
                                                        "Actual Loops": 1
                                                    }
                                                ]
                                            }
                                        ]
                                    }
                                ]
                            }
                        ]
                    }
                ]
            }
        ]
    },
    "Planning Time": 0.433,
    "Triggers": [],
    "Execution Time": 1996.008
}