{
  "Plan": {
    "Node Type": "Aggregate",
    "Strategy": "Plain",
    "Partial Mode": "Finalize",
    "Parallel Aware": false,
    "Startup Cost": 657253.33,
    "Total Cost": 657253.34,
    "Plan Rows": 1,
    "Plan Width": 8,
    "Actual Startup Time": 2395.689,
    "Actual Total Time": 2450.128,
    "Actual Rows": 1,
    "Actual Loops": 1,
    "Plans": [
      {
        "Node Type": "Gather",
        "Parent Relationship": "Outer",
        "Parallel Aware": false,
        "Startup Cost": 657253.22,
        "Total Cost": 657253.33,
        "Plan Rows": 1,
        "Plan Width": 8,
        "Actual Startup Time": 2395.332,
        "Actual Total Time": 2450.119,
        "Actual Rows": 2,
        "Actual Loops": 1,
        "Workers Planned": 1,
        "Workers Launched": 1,
        "Single Copy": false,
        "Plans": [
          {
            "Node Type": "Aggregate",
            "Strategy": "Plain",
            "Partial Mode": "Partial",
            "Parent Relationship": "Outer",
            "Parallel Aware": false,
            "Startup Cost": 656253.22,
            "Total Cost": 656253.23,
            "Plan Rows": 1,
            "Plan Width": 8,
            "Actual Startup Time": 2389.775,
            "Actual Total Time": 2389.78,
            "Actual Rows": 1,
            "Actual Loops": 2,
            "Plans": [
              {
                "Node Type": "Hash Join",
                "Parent Relationship": "Outer",
                "Parallel Aware": true,
                "Join Type": "Inner",
                "Startup Cost": 58601.03,
                "Total Cost": 655877.01,
                "Plan Rows": 150483,
                "Plan Width": 0,
                "Actual Startup Time": 697.588,
                "Actual Total Time": 2385.559,
                "Actual Rows": 87169,
                "Actual Loops": 2,
                "Inner Unique": true,
                "Hash Cond": "(ci.movie_id = t.id)",
                "Plans": [
                  {
                    "Node Type": "Seq Scan",
                    "Parent Relationship": "Outer",
                    "Parallel Aware": true,
                    "Relation Name": "cast_info",
                    "Alias": "ci",
                    "Startup Cost": 0.0,
                    "Total Cost": 572345.93,
                    "Plan Rows": 9497147,
                    "Plan Width": 4,
                    "Actual Startup Time": 544.845,
                    "Actual Total Time": 1679.526,
                    "Actual Rows": 6015062,
                    "Actual Loops": 2,
                    "Filter": "((person_id < 2542577) AND (role_id > 1))",
                    "Rows Removed by Filter": 12107110
                  },
                  {
                    "Node Type": "Hash",
                    "Parent Relationship": "Inner",
                    "Parallel Aware": true,
                    "Startup Cost": 58306.47,
                    "Total Cost": 58306.47,
                    "Plan Rows": 23565,
                    "Plan Width": 4,
                    "Actual Startup Time": 151.05,
                    "Actual Total Time": 151.051,
                    "Actual Rows": 20060,
                    "Actual Loops": 2,
                    "Hash Buckets": 65536,
                    "Original Hash Buckets": 65536,
                    "Hash Batches": 1,
                    "Original Hash Batches": 1,
                    "Peak Memory Usage": 2112,
                    "Plans": [
                      {
                        "Node Type": "Seq Scan",
                        "Parent Relationship": "Outer",
                        "Parallel Aware": true,
                        "Relation Name": "title",
                        "Alias": "t",
                        "Startup Cost": 0.0,
                        "Total Cost": 58306.47,
                        "Plan Rows": 23565,
                        "Plan Width": 4,
                        "Actual Startup Time": 0.081,
                        "Actual Total Time": 143.394,
                        "Actual Rows": 20060,
                        "Actual Loops": 2,
                        "Filter": "((kind_id = 7) AND (production_year = 2013))",
                        "Rows Removed by Filter": 1244096
                      }
                    ]
                  }
                ]
              }
            ]
          }
        ]
      }
    ]
  },
  "Planning Time": 0.5,
  "Triggers": [],
  "Execution Time": 2450.207
}