[
  {
    "Plan": {
      "Node Type": "Aggregate",
      "Strategy": "Plain",
      "Partial Mode": "Finalize",
      "Parallel Aware": false,
      "Startup Cost": 183352.3,
      "Total Cost": 183352.31,
      "Plan Rows": 1,
      "Plan Width": 8,
      "Actual Startup Time": 938.648,
      "Actual Total Time": 977.07,
      "Actual Rows": 1,
      "Actual Loops": 1,
      "Plans": [
        {
          "Node Type": "Gather",
          "Parent Relationship": "Outer",
          "Parallel Aware": false,
          "Startup Cost": 183351.98,
          "Total Cost": 183352.29,
          "Plan Rows": 3,
          "Plan Width": 8,
          "Actual Startup Time": 923.648,
          "Actual Total Time": 977.057,
          "Actual Rows": 4,
          "Actual Loops": 1,
          "Workers Planned": 3,
          "Workers Launched": 3,
          "Single Copy": false,
          "Plans": [
            {
              "Node Type": "Aggregate",
              "Strategy": "Plain",
              "Partial Mode": "Partial",
              "Parent Relationship": "Outer",
              "Parallel Aware": false,
              "Startup Cost": 182351.98,
              "Total Cost": 182351.99,
              "Plan Rows": 1,
              "Plan Width": 8,
              "Actual Startup Time": 906.806,
              "Actual Total Time": 906.811,
              "Actual Rows": 1,
              "Actual Loops": 4,
              "Plans": [
                {
                  "Node Type": "Nested Loop",
                  "Parent Relationship": "Outer",
                  "Parallel Aware": false,
                  "Join Type": "Inner",
                  "Startup Cost": 54025.74,
                  "Total Cost": 181520.72,
                  "Plan Rows": 332504,
                  "Plan Width": 0,
                  "Actual Startup Time": 366.501,
                  "Actual Total Time": 870.374,
                  "Actual Rows": 747606,
                  "Actual Loops": 4,
                  "Inner Unique": false,
                  "Plans": [
                    {
                      "Node Type": "Hash Join",
                      "Parent Relationship": "Outer",
                      "Parallel Aware": true,
                      "Join Type": "Inner",
                      "Startup Cost": 54025.31,
                      "Total Cost": 73671.81,
                      "Plan Rows": 56628,
                      "Plan Width": 8,
                      "Actual Startup Time": 366.369,
                      "Actual Total Time": 406.86,
                      "Actual Rows": 42917,
                      "Actual Loops": 4,
                      "Inner Unique": true,
                      "Hash Cond": "(mc.movie_id = t.id)",
                      "Plans": [
                        {
                          "Node Type": "Bitmap Heap Scan",
                          "Parent Relationship": "Outer",
                          "Parallel Aware": true,
                          "Relation Name": "movie_companies",
                          "Alias": "mc",
                          "Startup Cost": 3804.93,
                          "Total Cost": 23302.78,
                          "Plan Rows": 56628,
                          "Plan Width": 4,
                          "Actual Startup Time": 6.636,
                          "Actual Total Time": 18.575,
                          "Actual Rows": 42917,
                          "Actual Loops": 4,
                          "Recheck Cond": "(company_id > 123217)",
                          "Rows Removed by Index Recheck": 0,
                          "Exact Heap Blocks": 1344,
                          "Lossy Heap Blocks": 0,
                          "Plans": [
                            {
                              "Node Type": "Bitmap Index Scan",
                              "Parent Relationship": "Outer",
                              "Parallel Aware": false,
                              "Index Name": "company_id_movie_companies",
                              "Startup Cost": 0.0,
                              "Total Cost": 3761.04,
                              "Plan Rows": 175548,
                              "Plan Width": 0,
                              "Actual Startup Time": 6.035,
                              "Actual Total Time": 6.035,
                              "Actual Rows": 171669,
                              "Actual Loops": 1,
                              "Index Cond": "(company_id > 123217)"
                            }
                          ]
                        },
                        {
                          "Node Type": "Hash",
                          "Parent Relationship": "Inner",
                          "Parallel Aware": true,
                          "Startup Cost": 42319.06,
                          "Total Cost": 42319.06,
                          "Plan Rows": 632106,
                          "Plan Width": 4,
                          "Actual Startup Time": 348.648,
                          "Actual Total Time": 348.649,
                          "Actual Rows": 632078,
                          "Actual Loops": 4,
                          "Hash Buckets": 4194304,
                          "Original Hash Buckets": 4194304,
                          "Hash Batches": 1,
                          "Original Hash Batches": 1,
                          "Peak Memory Usage": 131712,
                          "Plans": [
                            {
                              "Node Type": "Seq Scan",
                              "Parent Relationship": "Outer",
                              "Parallel Aware": true,
                              "Relation Name": "title",
                              "Alias": "t",
                              "Startup Cost": 0.0,
                              "Total Cost": 42319.06,
                              "Plan Rows": 632106,
                              "Plan Width": 4,
                              "Actual Startup Time": 0.045,
                              "Actual Total Time": 102.184,
                              "Actual Rows": 632078,
                              "Actual Loops": 4
                            }
                          ]
                        }
                      ]
                    },
                    {
                      "Node Type": "Index Only Scan",
                      "Parent Relationship": "Inner",
                      "Parallel Aware": false,
                      "Scan Direction": "Forward",
                      "Index Name": "movie_id_movie_info",
                      "Relation Name": "movie_info",
                      "Alias": "mi",
                      "Startup Cost": 0.43,
                      "Total Cost": 1.49,
                      "Plan Rows": 41,
                      "Plan Width": 4,
                      "Actual Startup Time": 0.003,
                      "Actual Total Time": 0.009,
                      "Actual Rows": 17,
                      "Actual Loops": 171669,
                      "Index Cond": "(movie_id = t.id)",
                      "Rows Removed by Index Recheck": 0,
                      "Heap Fetches": 2990425
                    }
                  ]
                }
              ]
            }
          ]
        }
      ]
    },
    "Planning Time": 1.219,
    "Triggers": [],
    "Execution Time": 977.179
  }
]