{
  "Plan": {
    "Node Type": "Aggregate",
    "Strategy": "Plain",
    "Partial Mode": "Finalize",
    "Parallel Aware": false,
    "Startup Cost": 665585.14,
    "Total Cost": 665585.15,
    "Plan Rows": 1,
    "Plan Width": 8,
    "Actual Startup Time": 2575.628,
    "Actual Total Time": 2631.573,
    "Actual Rows": 1,
    "Actual Loops": 1,
    "Plans": [
      {
        "Node Type": "Gather",
        "Parent Relationship": "Outer",
        "Parallel Aware": false,
        "Startup Cost": 665585.02,
        "Total Cost": 665585.13,
        "Plan Rows": 1,
        "Plan Width": 8,
        "Actual Startup Time": 2574.783,
        "Actual Total Time": 2631.566,
        "Actual Rows": 2,
        "Actual Loops": 1,
        "Workers Planned": 1,
        "Workers Launched": 1,
        "Single Copy": false,
        "Plans": [
          {
            "Node Type": "Aggregate",
            "Strategy": "Plain",
            "Partial Mode": "Partial",
            "Parent Relationship": "Outer",
            "Parallel Aware": false,
            "Startup Cost": 664585.02,
            "Total Cost": 664585.03,
            "Plan Rows": 1,
            "Plan Width": 8,
            "Actual Startup Time": 2570.9,
            "Actual Total Time": 2570.904,
            "Actual Rows": 1,
            "Actual Loops": 2,
            "Plans": [
              {
                "Node Type": "Nested Loop",
                "Parent Relationship": "Outer",
                "Parallel Aware": false,
                "Join Type": "Inner",
                "Startup Cost": 208966.32,
                "Total Cost": 663457.72,
                "Plan Rows": 450922,
                "Plan Width": 0,
                "Actual Startup Time": 437.261,
                "Actual Total Time": 2487.9,
                "Actual Rows": 1926656,
                "Actual Loops": 2,
                "Inner Unique": false,
                "Join Filter": "(t.id = mi.movie_id)",
                "Rows Removed by Join Filter": 0,
                "Plans": [
                  {
                    "Node Type": "Hash Join",
                    "Parent Relationship": "Outer",
                    "Parallel Aware": true,
                    "Join Type": "Inner",
                    "Startup Cost": 208965.89,
                    "Total Cost": 523088.57,
                    "Plan Rows": 77116,
                    "Plan Width": 8,
                    "Actual Startup Time": 437.192,
                    "Actual Total Time": 1200.31,
                    "Actual Rows": 72276,
                    "Actual Loops": 2,
                    "Inner Unique": true,
                    "Hash Cond": "(ci.movie_id = t.id)",
                    "Plans": [
                      {
                        "Node Type": "Bitmap Heap Scan",
                        "Parent Relationship": "Outer",
                        "Parallel Aware": true,
                        "Relation Name": "cast_info",
                        "Alias": "ci",
                        "Startup Cost": 152511.59,
                        "Total Cost": 455971.87,
                        "Plan Rows": 4061862,
                        "Plan Width": 4,
                        "Actual Startup Time": 294.441,
                        "Actual Total Time": 644.34,
                        "Actual Rows": 3376868,
                        "Actual Loops": 2,
                        "Recheck Cond": "(person_id > 2986124)",
                        "Rows Removed by Index Recheck": 0,
                        "Exact Heap Blocks": 45521,
                        "Lossy Heap Blocks": 0,
                        "Plans": [
                          {
                            "Node Type": "Bitmap Index Scan",
                            "Parent Relationship": "Outer",
                            "Parallel Aware": false,
                            "Index Name": "person_id_cast_info",
                            "Startup Cost": 0.0,
                            "Total Cost": 150785.3,
                            "Plan Rows": 6905165,
                            "Plan Width": 0,
                            "Actual Startup Time": 279.59,
                            "Actual Total Time": 279.591,
                            "Actual Rows": 6753737,
                            "Actual Loops": 1,
                            "Index Cond": "(person_id > 2986124)"
                          }
                        ]
                      },
                      {
                        "Node Type": "Hash",
                        "Parent Relationship": "Inner",
                        "Parallel Aware": true,
                        "Startup Cost": 56101.34,
                        "Total Cost": 56101.34,
                        "Plan Rows": 28236,
                        "Plan Width": 4,
                        "Actual Startup Time": 141.131,
                        "Actual Total Time": 141.131,
                        "Actual Rows": 22550,
                        "Actual Loops": 2,
                        "Hash Buckets": 65536,
                        "Original Hash Buckets": 65536,
                        "Hash Batches": 1,
                        "Original Hash Batches": 1,
                        "Peak Memory Usage": 2304,
                        "Plans": [
                          {
                            "Node Type": "Bitmap Heap Scan",
                            "Parent Relationship": "Outer",
                            "Parallel Aware": true,
                            "Relation Name": "title",
                            "Alias": "t",
                            "Startup Cost": 13450.96,
                            "Total Cost": 56101.34,
                            "Plan Rows": 28236,
                            "Plan Width": 4,
                            "Actual Startup Time": 51.651,
                            "Actual Total Time": 135.688,
                            "Actual Rows": 22550,
                            "Actual Loops": 2,
                            "Recheck Cond": "(kind_id < 3)",
                            "Rows Removed by Index Recheck": 0,
                            "Filter": "(production_year = 2012)",
                            "Rows Removed by Filter": 354288,
                            "Exact Heap Blocks": 27878,
                            "Lossy Heap Blocks": 0,
                            "Plans": [
                              {
                                "Node Type": "Bitmap Index Scan",
                                "Parent Relationship": "Outer",
                                "Parallel Aware": false,
                                "Index Name": "kind_id_title",
                                "Startup Cost": 0.0,
                                "Total Cost": 13438.96,
                                "Plan Rows": 753937,
                                "Plan Width": 0,
                                "Actual Startup Time": 47.368,
                                "Actual Total Time": 47.368,
                                "Actual Rows": 753677,
                                "Actual Loops": 1,
                                "Index Cond": "(kind_id < 3)"
                              }
                            ]
                          }
                        ]
                      }
                    ]
                  },
                  {
                    "Node Type": "Index Only Scan",
                    "Parent Relationship": "Inner",
                    "Parallel Aware": false,
                    "Scan Direction": "Forward",
                    "Index Name": "movie_id_movie_info",
                    "Relation Name": "movie_info",
                    "Alias": "mi",
                    "Startup Cost": 0.43,
                    "Total Cost": 1.3,
                    "Plan Rows": 42,
                    "Plan Width": 4,
                    "Actual Startup Time": 0.005,
                    "Actual Total Time": 0.015,
                    "Actual Rows": 27,
                    "Actual Loops": 144553,
                    "Index Cond": "(movie_id = ci.movie_id)",
                    "Rows Removed by Index Recheck": 0,
                    "Heap Fetches": 3853312
                  }
                ]
              }
            ]
          }
        ]
      }
    ]
  },
  "Planning Time": 0.946,
  "Triggers": [],
  "Execution Time": 2631.711
}