{
  "Plan": {
    "Node Type": "Aggregate",
    "Strategy": "Plain",
    "Partial Mode": "Finalize",
    "Parallel Aware": false,
    "Startup Cost": 426510.74,
    "Total Cost": 426510.75,
    "Plan Rows": 1,
    "Plan Width": 8,
    "Actual Startup Time": 4554.446,
    "Actual Total Time": 4608.873,
    "Actual Rows": 1,
    "Actual Loops": 1,
    "Plans": [
      {
        "Node Type": "Gather",
        "Parent Relationship": "Outer",
        "Parallel Aware": false,
        "Startup Cost": 426510.63,
        "Total Cost": 426510.74,
        "Plan Rows": 1,
        "Plan Width": 8,
        "Actual Startup Time": 4548.995,
        "Actual Total Time": 4608.862,
        "Actual Rows": 2,
        "Actual Loops": 1,
        "Workers Planned": 1,
        "Workers Launched": 1,
        "Single Copy": false,
        "Plans": [
          {
            "Node Type": "Aggregate",
            "Strategy": "Plain",
            "Partial Mode": "Partial",
            "Parent Relationship": "Outer",
            "Parallel Aware": false,
            "Startup Cost": 425510.63,
            "Total Cost": 425510.64,
            "Plan Rows": 1,
            "Plan Width": 8,
            "Actual Startup Time": 4544.115,
            "Actual Total Time": 4544.126,
            "Actual Rows": 1,
            "Actual Loops": 2,
            "Plans": [
              {
                "Node Type": "Hash Join",
                "Parent Relationship": "Outer",
                "Parallel Aware": true,
                "Join Type": "Inner",
                "Startup Cost": 127669.32,
                "Total Cost": 423308.15,
                "Plan Rows": 880992,
                "Plan Width": 0,
                "Actual Startup Time": 741.838,
                "Actual Total Time": 3624.073,
                "Actual Rows": 23565228,
                "Actual Loops": 2,
                "Inner Unique": false,
                "Hash Cond": "(mi.movie_id = t.id)",
                "Plans": [
                  {
                    "Node Type": "Seq Scan",
                    "Parent Relationship": "Outer",
                    "Parallel Aware": true,
                    "Relation Name": "movie_info",
                    "Alias": "mi",
                    "Startup Cost": 0.0,
                    "Total Cost": 270696.42,
                    "Plan Rows": 5269362,
                    "Plan Width": 4,
                    "Actual Startup Time": 34.699,
                    "Actual Total Time": 727.073,
                    "Actual Rows": 4475378,
                    "Actual Loops": 2,
                    "Filter": "(info_type_id > 6)",
                    "Rows Removed by Filter": 2942482
                  },
                  {
                    "Node Type": "Hash",
                    "Parent Relationship": "Inner",
                    "Parallel Aware": true,
                    "Startup Cost": 124561.17,
                    "Total Cost": 124561.17,
                    "Plan Rows": 248652,
                    "Plan Width": 8,
                    "Actual Startup Time": 699.759,
                    "Actual Total Time": 699.767,
                    "Actual Rows": 475548,
                    "Actual Loops": 2,
                    "Hash Buckets": 1048576,
                    "Original Hash Buckets": 524288,
                    "Hash Batches": 1,
                    "Original Hash Batches": 1,
                    "Peak Memory Usage": 49504,
                    "Plans": [
                      {
                        "Node Type": "Hash Join",
                        "Parent Relationship": "Outer",
                        "Parallel Aware": true,
                        "Join Type": "Inner",
                        "Startup Cost": 65041.27,
                        "Total Cost": 124561.17,
                        "Plan Rows": 248652,
                        "Plan Width": 8,
                        "Actual Startup Time": 296.467,
                        "Actual Total Time": 591.599,
                        "Actual Rows": 475548,
                        "Actual Loops": 2,
                        "Inner Unique": true,
                        "Hash Cond": "(mk.movie_id = t.id)",
                        "Plans": [
                          {
                            "Node Type": "Seq Scan",
                            "Parent Relationship": "Outer",
                            "Parallel Aware": true,
                            "Relation Name": "movie_keyword",
                            "Alias": "mk",
                            "Startup Cost": 0.0,
                            "Total Cost": 57718.19,
                            "Plan Rows": 686367,
                            "Plan Width": 4,
                            "Actual Startup Time": 1.822,
                            "Actual Total Time": 172.648,
                            "Actual Rows": 586032,
                            "Actual Loops": 2,
                            "Filter": "(keyword_id > 15901)",
                            "Rows Removed by Filter": 1675932
                          },
                          {
                            "Node Type": "Hash",
                            "Parent Relationship": "Inner",
                            "Parallel Aware": true,
                            "Startup Cost": 58306.47,
                            "Total Cost": 58306.47,
                            "Plan Rows": 538784,
                            "Plan Width": 4,
                            "Actual Startup Time": 288.893,
                            "Actual Total Time": 288.895,
                            "Actual Rows": 427424,
                            "Actual Loops": 2,
                            "Hash Buckets": 1048576,
                            "Original Hash Buckets": 1048576,
                            "Hash Batches": 1,
                            "Original Hash Batches": 1,
                            "Peak Memory Usage": 41664,
                            "Plans": [
                              {
                                "Node Type": "Seq Scan",
                                "Parent Relationship": "Outer",
                                "Parallel Aware": true,
                                "Relation Name": "title",
                                "Alias": "t",
                                "Startup Cost": 0.0,
                                "Total Cost": 58306.47,
                                "Plan Rows": 538784,
                                "Plan Width": 4,
                                "Actual Startup Time": 0.045,
                                "Actual Total Time": 161.354,
                                "Actual Rows": 427424,
                                "Actual Loops": 2,
                                "Filter": "((kind_id < 7) AND (production_year > 1932))",
                                "Rows Removed by Filter": 836732
                              }
                            ]
                          }
                        ]
                      }
                    ]
                  }
                ]
              }
            ]
          }
        ]
      }
    ]
  },
  "Planning Time": 0.65,
  "Triggers": [],
  "Execution Time": 4608.94
}