{
  "Plan": {
    "Node Type": "Aggregate",
    "Strategy": "Plain",
    "Partial Mode": "Finalize",
    "Parallel Aware": false,
    "Startup Cost": 444461.52,
    "Total Cost": 444461.53,
    "Plan Rows": 1,
    "Plan Width": 8,
    "Actual Startup Time": 9556.696,
    "Actual Total Time": 9612.34,
    "Actual Rows": 1,
    "Actual Loops": 1,
    "Plans": [
      {
        "Node Type": "Gather",
        "Parent Relationship": "Outer",
        "Parallel Aware": false,
        "Startup Cost": 444461.41,
        "Total Cost": 444461.52,
        "Plan Rows": 1,
        "Plan Width": 8,
        "Actual Startup Time": 9550.668,
        "Actual Total Time": 9612.333,
        "Actual Rows": 2,
        "Actual Loops": 1,
        "Workers Planned": 1,
        "Workers Launched": 1,
        "Single Copy": false,
        "Plans": [
          {
            "Node Type": "Aggregate",
            "Strategy": "Plain",
            "Partial Mode": "Partial",
            "Parent Relationship": "Outer",
            "Parallel Aware": false,
            "Startup Cost": 443461.41,
            "Total Cost": 443461.42,
            "Plan Rows": 1,
            "Plan Width": 8,
            "Actual Startup Time": 9544.017,
            "Actual Total Time": 9544.023,
            "Actual Rows": 1,
            "Actual Loops": 2,
            "Plans": [
              {
                "Node Type": "Hash Join",
                "Parent Relationship": "Outer",
                "Parallel Aware": true,
                "Join Type": "Inner",
                "Startup Cost": 133964.85,
                "Total Cost": 435131.47,
                "Plan Rows": 3331976,
                "Plan Width": 0,
                "Actual Startup Time": 896.285,
                "Actual Total Time": 7069.869,
                "Actual Rows": 61516608,
                "Actual Loops": 2,
                "Inner Unique": false,
                "Hash Cond": "(mi.movie_id = t.id)",
                "Plans": [
                  {
                    "Node Type": "Seq Scan",
                    "Parent Relationship": "Outer",
                    "Parallel Aware": true,
                    "Relation Name": "movie_info",
                    "Alias": "mi",
                    "Startup Cost": 0.0,
                    "Total Cost": 248955.74,
                    "Plan Rows": 8696274,
                    "Plan Width": 4,
                    "Actual Startup Time": 0.016,
                    "Actual Total Time": 629.608,
                    "Actual Rows": 7417860,
                    "Actual Loops": 2
                  },
                  {
                    "Node Type": "Hash",
                    "Parent Relationship": "Inner",
                    "Parallel Aware": true,
                    "Startup Cost": 126841.95,
                    "Total Cost": 126841.95,
                    "Plan Rows": 569832,
                    "Plan Width": 8,
                    "Actual Startup Time": 885.438,
                    "Actual Total Time": 885.442,
                    "Actual Rows": 1010135,
                    "Actual Loops": 2,
                    "Hash Buckets": 2097152,
                    "Original Hash Buckets": 1048576,
                    "Hash Batches": 1,
                    "Original Hash Batches": 1,
                    "Peak Memory Usage": 103616,
                    "Plans": [
                      {
                        "Node Type": "Hash Join",
                        "Parent Relationship": "Outer",
                        "Parallel Aware": true,
                        "Join Type": "Inner",
                        "Startup Cost": 64917.48,
                        "Total Cost": 126841.95,
                        "Plan Rows": 569832,
                        "Plan Width": 8,
                        "Actual Startup Time": 258.842,
                        "Actual Total Time": 675.466,
                        "Actual Rows": 1010135,
                        "Actual Loops": 2,
                        "Inner Unique": true,
                        "Hash Cond": "(mk.movie_id = t.id)",
                        "Plans": [
                          {
                            "Node Type": "Seq Scan",
                            "Parent Relationship": "Outer",
                            "Parallel Aware": true,
                            "Relation Name": "movie_keyword",
                            "Alias": "mk",
                            "Startup Cost": 0.0,
                            "Total Cost": 57718.19,
                            "Plan Rows": 1602389,
                            "Plan Width": 4,
                            "Actual Startup Time": 0.014,
                            "Actual Total Time": 199.992,
                            "Actual Rows": 1358900,
                            "Actual Loops": 2,
                            "Filter": "(keyword_id < 7682)",
                            "Rows Removed by Filter": 903064
                          },
                          {
                            "Node Type": "Hash",
                            "Parent Relationship": "Inner",
                            "Parallel Aware": true,
                            "Startup Cost": 58306.47,
                            "Total Cost": 58306.47,
                            "Plan Rows": 528881,
                            "Plan Width": 4,
                            "Actual Startup Time": 253.291,
                            "Actual Total Time": 253.292,
                            "Actual Rows": 406423,
                            "Actual Loops": 2,
                            "Hash Buckets": 1048576,
                            "Original Hash Buckets": 1048576,
                            "Hash Batches": 1,
                            "Original Hash Batches": 1,
                            "Peak Memory Usage": 40000,
                            "Plans": [
                              {
                                "Node Type": "Seq Scan",
                                "Parent Relationship": "Outer",
                                "Parallel Aware": true,
                                "Relation Name": "title",
                                "Alias": "t",
                                "Startup Cost": 0.0,
                                "Total Cost": 58306.47,
                                "Plan Rows": 528881,
                                "Plan Width": 4,
                                "Actual Startup Time": 0.038,
                                "Actual Total Time": 153.716,
                                "Actual Rows": 406423,
                                "Actual Loops": 2,
                                "Filter": "((kind_id < 7) AND (production_year > 1950))",
                                "Rows Removed by Filter": 857733
                              }
                            ]
                          }
                        ]
                      }
                    ]
                  }
                ]
              }
            ]
          }
        ]
      }
    ]
  },
  "Planning Time": 0.972,
  "Triggers": [],
  "Execution Time": 9612.435
}