{
  "Plan": {
    "Node Type": "Aggregate",
    "Strategy": "Plain",
    "Partial Mode": "Finalize",
    "Parallel Aware": false,
    "Startup Cost": 93890.45,
    "Total Cost": 93890.46,
    "Plan Rows": 1,
    "Plan Width": 8,
    "Actual Startup Time": 354.719,
    "Actual Total Time": 370.303,
    "Actual Rows": 1,
    "Actual Loops": 1,
    "Plans": [
      {
        "Node Type": "Gather",
        "Parent Relationship": "Outer",
        "Parallel Aware": false,
        "Startup Cost": 93890.33,
        "Total Cost": 93890.44,
        "Plan Rows": 1,
        "Plan Width": 8,
        "Actual Startup Time": 354.445,
        "Actual Total Time": 370.295,
        "Actual Rows": 2,
        "Actual Loops": 1,
        "Workers Planned": 1,
        "Workers Launched": 1,
        "Single Copy": false,
        "Plans": [
          {
            "Node Type": "Aggregate",
            "Strategy": "Plain",
            "Partial Mode": "Partial",
            "Parent Relationship": "Outer",
            "Parallel Aware": false,
            "Startup Cost": 92890.33,
            "Total Cost": 92890.34,
            "Plan Rows": 1,
            "Plan Width": 8,
            "Actual Startup Time": 348.776,
            "Actual Total Time": 348.779,
            "Actual Rows": 1,
            "Actual Loops": 2,
            "Plans": [
              {
                "Node Type": "Hash Join",
                "Parent Relationship": "Outer",
                "Parallel Aware": true,
                "Join Type": "Inner",
                "Startup Cost": 54700.55,
                "Total Cost": 92867.18,
                "Plan Rows": 9260,
                "Plan Width": 0,
                "Actual Startup Time": 142.124,
                "Actual Total Time": 348.286,
                "Actual Rows": 9398,
                "Actual Loops": 2,
                "Inner Unique": true,
                "Hash Cond": "(mc.movie_id = t.id)",
                "Plans": [
                  {
                    "Node Type": "Seq Scan",
                    "Parent Relationship": "Outer",
                    "Parallel Aware": true,
                    "Relation Name": "movie_companies",
                    "Alias": "mc",
                    "Startup Cost": 0.0,
                    "Total Cost": 34137.82,
                    "Plan Rows": 1534782,
                    "Plan Width": 4,
                    "Actual Startup Time": 0.013,
                    "Actual Total Time": 100.953,
                    "Actual Rows": 1304564,
                    "Actual Loops": 2
                  },
                  {
                    "Node Type": "Hash",
                    "Parent Relationship": "Inner",
                    "Parallel Aware": true,
                    "Startup Cost": 54588.39,
                    "Total Cost": 54588.39,
                    "Plan Rows": 8973,
                    "Plan Width": 4,
                    "Actual Startup Time": 140.561,
                    "Actual Total Time": 140.562,
                    "Actual Rows": 6997,
                    "Actual Loops": 2,
                    "Hash Buckets": 16384,
                    "Original Hash Buckets": 16384,
                    "Hash Batches": 1,
                    "Original Hash Batches": 1,
                    "Peak Memory Usage": 704,
                    "Plans": [
                      {
                        "Node Type": "Seq Scan",
                        "Parent Relationship": "Outer",
                        "Parallel Aware": true,
                        "Relation Name": "title",
                        "Alias": "t",
                        "Startup Cost": 0.0,
                        "Total Cost": 54588.39,
                        "Plan Rows": 8973,
                        "Plan Width": 4,
                        "Actual Startup Time": 0.14,
                        "Actual Total Time": 137.876,
                        "Actual Rows": 6997,
                        "Actual Loops": 2,
                        "Filter": "(production_year = 1976)",
                        "Rows Removed by Filter": 1257159
                      }
                    ]
                  }
                ]
              }
            ]
          }
        ]
      }
    ]
  },
  "Planning Time": 0.346,
  "Triggers": [],
  "Execution Time": 370.367
}