{
  "Plan": {
    "Node Type": "Aggregate",
    "Strategy": "Plain",
    "Partial Mode": "Simple",
    "Parallel Aware": false,
    "Startup Cost": 3169.28,
    "Total Cost": 3169.29,
    "Plan Rows": 1,
    "Plan Width": 8,
    "Actual Startup Time": 2.969,
    "Actual Total Time": 2.972,
    "Actual Rows": 1,
    "Actual Loops": 1,
    "Plans": [
      {
        "Node Type": "Nested Loop",
        "Parent Relationship": "Outer",
        "Parallel Aware": false,
        "Join Type": "Inner",
        "Startup Cost": 7.22,
        "Total Cost": 3168.79,
        "Plan Rows": 196,
        "Plan Width": 0,
        "Actual Startup Time": 0.693,
        "Actual Total Time": 2.914,
        "Actual Rows": 263,
        "Actual Loops": 1,
        "Inner Unique": false,
        "Plans": [
          {
            "Node Type": "Nested Loop",
            "Parent Relationship": "Outer",
            "Parallel Aware": false,
            "Join Type": "Inner",
            "Startup Cost": 6.78,
            "Total Cost": 3006.58,
            "Plan Rows": 50,
            "Plan Width": 8,
            "Actual Startup Time": 0.659,
            "Actual Total Time": 1.673,
            "Actual Rows": 21,
            "Actual Loops": 1,
            "Inner Unique": true,
            "Plans": [
              {
                "Node Type": "Bitmap Heap Scan",
                "Parent Relationship": "Outer",
                "Parallel Aware": false,
                "Relation Name": "movie_keyword",
                "Alias": "mk",
                "Startup Cost": 6.35,
                "Total Cost": 922.98,
                "Plan Rows": 248,
                "Plan Width": 4,
                "Actual Startup Time": 0.129,
                "Actual Total Time": 0.363,
                "Actual Rows": 94,
                "Actual Loops": 1,
                "Recheck Cond": "(keyword_id = 4641)",
                "Rows Removed by Index Recheck": 0,
                "Exact Heap Blocks": 60,
                "Lossy Heap Blocks": 0,
                "Plans": [
                  {
                    "Node Type": "Bitmap Index Scan",
                    "Parent Relationship": "Outer",
                    "Parallel Aware": false,
                    "Index Name": "keyword_id_movie_keyword",
                    "Startup Cost": 0.0,
                    "Total Cost": 6.29,
                    "Plan Rows": 248,
                    "Plan Width": 0,
                    "Actual Startup Time": 0.104,
                    "Actual Total Time": 0.104,
                    "Actual Rows": 94,
                    "Actual Loops": 1,
                    "Index Cond": "(keyword_id = 4641)"
                  }
                ]
              },
              {
                "Node Type": "Index Scan",
                "Parent Relationship": "Inner",
                "Parallel Aware": false,
                "Scan Direction": "Forward",
                "Index Name": "title_pkey",
                "Relation Name": "title",
                "Alias": "t",
                "Startup Cost": 0.43,
                "Total Cost": 8.4,
                "Plan Rows": 1,
                "Plan Width": 4,
                "Actual Startup Time": 0.013,
                "Actual Total Time": 0.013,
                "Actual Rows": 0,
                "Actual Loops": 94,
                "Index Cond": "(id = mk.movie_id)",
                "Rows Removed by Index Recheck": 0,
                "Filter": "(production_year < 1981)",
                "Rows Removed by Filter": 1
              }
            ]
          },
          {
            "Node Type": "Index Scan",
            "Parent Relationship": "Inner",
            "Parallel Aware": false,
            "Scan Direction": "Forward",
            "Index Name": "movie_id_movie_info",
            "Relation Name": "movie_info",
            "Alias": "mi",
            "Startup Cost": 0.43,
            "Total Cost": 2.96,
            "Plan Rows": 28,
            "Plan Width": 4,
            "Actual Startup Time": 0.022,
            "Actual Total Time": 0.055,
            "Actual Rows": 13,
            "Actual Loops": 21,
            "Index Cond": "(movie_id = t.id)",
            "Rows Removed by Index Recheck": 0,
            "Filter": "(info_type_id > 4)",
            "Rows Removed by Filter": 4
          }
        ]
      }
    ]
  },
  "Planning Time": 0.784,
  "Triggers": [],
  "Execution Time": 3.062
}