[
  {
    "Plan": {
      "Node Type": "Aggregate",
      "Strategy": "Plain",
      "Partial Mode": "Finalize",
      "Parallel Aware": false,
      "Startup Cost": 120362.79,
      "Total Cost": 120362.8,
      "Plan Rows": 1,
      "Plan Width": 128,
      "Actual Startup Time": 435.697,
      "Actual Total Time": 467.949,
      "Actual Rows": 1,
      "Actual Loops": 1,
      "Plans": [
        {
          "Node Type": "Gather",
          "Parent Relationship": "Outer",
          "Parallel Aware": false,
          "Startup Cost": 120362.45,
          "Total Cost": 120362.76,
          "Plan Rows": 3,
          "Plan Width": 128,
          "Actual Startup Time": 435.676,
          "Actual Total Time": 467.937,
          "Actual Rows": 4,
          "Actual Loops": 1,
          "Workers Planned": 3,
          "Workers Launched": 3,
          "Single Copy": false,
          "Plans": [
            {
              "Node Type": "Aggregate",
              "Strategy": "Plain",
              "Partial Mode": "Partial",
              "Parent Relationship": "Outer",
              "Parallel Aware": false,
              "Startup Cost": 119362.45,
              "Total Cost": 119362.46,
              "Plan Rows": 1,
              "Plan Width": 128,
              "Actual Startup Time": 423.321,
              "Actual Total Time": 423.328,
              "Actual Rows": 1,
              "Actual Loops": 4,
              "Plans": [
                {
                  "Node Type": "Nested Loop",
                  "Parent Relationship": "Outer",
                  "Parallel Aware": false,
                  "Join Type": "Inner",
                  "Startup Cost": 71336.6,
                  "Total Cost": 119347.22,
                  "Plan Rows": 1523,
                  "Plan Width": 64,
                  "Actual Startup Time": 280.991,
                  "Actual Total Time": 422.66,
                  "Actual Rows": 1551,
                  "Actual Loops": 4,
                  "Inner Unique": true,
                  "Plans": [
                    {
                      "Node Type": "Nested Loop",
                      "Parent Relationship": "Outer",
                      "Parallel Aware": false,
                      "Join Type": "Inner",
                      "Startup Cost": 71336.17,
                      "Total Cost": 118590.9,
                      "Plan Rows": 1523,
                      "Plan Width": 55,
                      "Actual Startup Time": 280.909,
                      "Actual Total Time": 414.855,
                      "Actual Rows": 1551,
                      "Actual Loops": 4,
                      "Inner Unique": true,
                      "Plans": [
                        {
                          "Node Type": "Nested Loop",
                          "Parent Relationship": "Outer",
                          "Parallel Aware": false,
                          "Join Type": "Inner",
                          "Startup Cost": 71335.74,
                          "Total Cost": 117830.13,
                          "Plan Rows": 1523,
                          "Plan Width": 43,
                          "Actual Startup Time": 279.863,
                          "Actual Total Time": 407.658,
                          "Actual Rows": 1797,
                          "Actual Loops": 4,
                          "Inner Unique": true,
                          "Plans": [
                            {
                              "Node Type": "Nested Loop",
                              "Parent Relationship": "Outer",
                              "Parallel Aware": false,
                              "Join Type": "Inner",
                              "Startup Cost": 71335.32,
                              "Total Cost": 115962.06,
                              "Plan Rows": 4189,
                              "Plan Width": 47,
                              "Actual Startup Time": 279.398,
                              "Actual Total Time": 392.577,
                              "Actual Rows": 4161,
                              "Actual Loops": 4,
                              "Inner Unique": false,
                              "Plans": [
                                {
                                  "Node Type": "Hash Join",
                                  "Parent Relationship": "Outer",
                                  "Parallel Aware": false,
                                  "Join Type": "Inner",
                                  "Startup Cost": 71334.89,
                                  "Total Cost": 114965.15,
                                  "Plan Rows": 1666,
                                  "Plan Width": 39,
                                  "Actual Startup Time": 276.406,
                                  "Actual Total Time": 380.837,
                                  "Actual Rows": 1838,
                                  "Actual Loops": 4,
                                  "Inner Unique": true,
                                  "Hash Cond": "(ci.role_id = rt.id)",
                                  "Plans": [
                                    {
                                      "Node Type": "Nested Loop",
                                      "Parent Relationship": "Outer",
                                      "Parallel Aware": false,
                                      "Join Type": "Inner",
                                      "Startup Cost": 71333.73,
                                      "Total Cost": 114892.97,
                                      "Plan Rows": 19993,
                                      "Plan Width": 43,
                                      "Actual Startup Time": 274.17,
                                      "Actual Total Time": 379.72,
                                      "Actual Rows": 3321,
                                      "Actual Loops": 4,
                                      "Inner Unique": false,
                                      "Join Filter": "(n.id = ci.person_id)",
                                      "Rows Removed by Join Filter": 0,
                                      "Plans": [
                                        {
                                          "Node Type": "Hash Join",
                                          "Parent Relationship": "Outer",
                                          "Parallel Aware": true,
                                          "Join Type": "Inner",
                                          "Startup Cost": 71333.16,
                                          "Total Cost": 86399.96,
                                          "Plan Rows": 2048,
                                          "Plan Width": 39,
                                          "Actual Startup Time": 269.809,
                                          "Actual Total Time": 341.626,
                                          "Actual Rows": 1316,
                                          "Actual Loops": 4,
                                          "Inner Unique": true,
                                          "Hash Cond": "(an.person_id = n.id)",
                                          "Plans": [
                                            {
                                              "Node Type": "Seq Scan",
                                              "Parent Relationship": "Outer",
                                              "Parallel Aware": true,
                                              "Relation Name": "aka_name",
                                              "Alias": "an",
                                              "Startup Cost": 0.0,
                                              "Total Cost": 14303.56,
                                              "Plan Rows": 290756,
                                              "Plan Width": 20,
                                              "Actual Startup Time": 0.014,
                                              "Actual Total Time": 34.718,
                                              "Actual Rows": 225336,
                                              "Actual Loops": 4
                                            },
                                            {
                                              "Node Type": "Hash",
                                              "Parent Relationship": "Inner",
                                              "Parallel Aware": true,
                                              "Startup Cost": 71241.41,
                                              "Total Cost": 71241.41,
                                              "Plan Rows": 7340,
                                              "Plan Width": 19,
                                              "Actual Startup Time": 268.761,
                                              "Actual Total Time": 268.762,
                                              "Actual Rows": 6088,
                                              "Actual Loops": 4,
                                              "Hash Buckets": 32768,
                                              "Original Hash Buckets": 32768,
                                              "Hash Batches": 1,
                                              "Original Hash Batches": 1,
                                              "Peak Memory Usage": 1632,
                                              "Plans": [
                                                {
                                                  "Node Type": "Seq Scan",
                                                  "Parent Relationship": "Outer",
                                                  "Parallel Aware": true,
                                                  "Relation Name": "name",
                                                  "Alias": "n",
                                                  "Startup Cost": 0.0,
                                                  "Total Cost": 71241.41,
                                                  "Plan Rows": 7340,
                                                  "Plan Width": 19,
                                                  "Actual Startup Time": 120.563,
                                                  "Actual Total Time": 264.555,
                                                  "Actual Rows": 6088,
                                                  "Actual Loops": 4,
                                                  "Filter": "((name ~~ '%Br%'::text) AND ((gender)::text = 'f'::text))",
                                                  "Rows Removed by Filter": 1035784
                                                }
                                              ]
                                            }
                                          ]
                                        },
                                        {
                                          "Node Type": "Index Scan",
                                          "Parent Relationship": "Inner",
                                          "Parallel Aware": false,
                                          "Scan Direction": "Forward",
                                          "Index Name": "person_id_cast_info",
                                          "Relation Name": "cast_info",
                                          "Alias": "ci",
                                          "Startup Cost": 0.56,
                                          "Total Cost": 13.29,
                                          "Plan Rows": 50,
                                          "Plan Width": 16,
                                          "Actual Startup Time": 0.024,
                                          "Actual Total Time": 0.028,
                                          "Actual Rows": 3,
                                          "Actual Loops": 5265,
                                          "Index Cond": "(person_id = an.person_id)",
                                          "Rows Removed by Index Recheck": 0,
                                          "Filter": "(note = ANY ('{(producer),(voice),\"(executive producer)\",(writer)}'::text[]))",
                                          "Rows Removed by Filter": 46
                                        }
                                      ]
                                    },
                                    {
                                      "Node Type": "Hash",
                                      "Parent Relationship": "Inner",
                                      "Parallel Aware": false,
                                      "Startup Cost": 1.15,
                                      "Total Cost": 1.15,
                                      "Plan Rows": 1,
                                      "Plan Width": 4,
                                      "Actual Startup Time": 0.09,
                                      "Actual Total Time": 0.09,
                                      "Actual Rows": 1,
                                      "Actual Loops": 4,
                                      "Hash Buckets": 1024,
                                      "Original Hash Buckets": 1024,
                                      "Hash Batches": 1,
                                      "Original Hash Batches": 1,
                                      "Peak Memory Usage": 9,
                                      "Plans": [
                                        {
                                          "Node Type": "Seq Scan",
                                          "Parent Relationship": "Outer",
                                          "Parallel Aware": false,
                                          "Relation Name": "role_type",
                                          "Alias": "rt",
                                          "Startup Cost": 0.0,
                                          "Total Cost": 1.15,
                                          "Plan Rows": 1,
                                          "Plan Width": 4,
                                          "Actual Startup Time": 0.066,
                                          "Actual Total Time": 0.071,
                                          "Actual Rows": 1,
                                          "Actual Loops": 4,
                                          "Filter": "((role)::text = 'actress'::text)",
                                          "Rows Removed by Filter": 11
                                        }
                                      ]
                                    }
                                  ]
                                },
                                {
                                  "Node Type": "Index Scan",
                                  "Parent Relationship": "Inner",
                                  "Parallel Aware": false,
                                  "Scan Direction": "Forward",
                                  "Index Name": "movie_id_movie_companies",
                                  "Relation Name": "movie_companies",
                                  "Alias": "mc",
                                  "Startup Cost": 0.43,
                                  "Total Cost": 0.55,
                                  "Plan Rows": 5,
                                  "Plan Width": 8,
                                  "Actual Startup Time": 0.005,
                                  "Actual Total Time": 0.006,
                                  "Actual Rows": 2,
                                  "Actual Loops": 7351,
                                  "Index Cond": "(movie_id = ci.movie_id)",
                                  "Rows Removed by Index Recheck": 0
                                }
                              ]
                            },
                            {
                              "Node Type": "Index Scan",
                              "Parent Relationship": "Inner",
                              "Parallel Aware": false,
                              "Scan Direction": "Forward",
                              "Index Name": "company_name_pkey",
                              "Relation Name": "company_name",
                              "Alias": "cn",
                              "Startup Cost": 0.42,
                              "Total Cost": 0.45,
                              "Plan Rows": 1,
                              "Plan Width": 4,
                              "Actual Startup Time": 0.003,
                              "Actual Total Time": 0.003,
                              "Actual Rows": 0,
                              "Actual Loops": 16643,
                              "Index Cond": "(id = mc.company_id)",
                              "Rows Removed by Index Recheck": 0,
                              "Filter": "((country_code)::text = '[us]'::text)",
                              "Rows Removed by Filter": 1
                            }
                          ]
                        },
                        {
                          "Node Type": "Index Scan",
                          "Parent Relationship": "Inner",
                          "Parallel Aware": false,
                          "Scan Direction": "Forward",
                          "Index Name": "char_name_pkey",
                          "Relation Name": "char_name",
                          "Alias": "chn",
                          "Startup Cost": 0.43,
                          "Total Cost": 0.5,
                          "Plan Rows": 1,
                          "Plan Width": 20,
                          "Actual Startup Time": 0.003,
                          "Actual Total Time": 0.003,
                          "Actual Rows": 1,
                          "Actual Loops": 7187,
                          "Index Cond": "(id = ci.person_role_id)",
                          "Rows Removed by Index Recheck": 0
                        }
                      ]
                    },
                    {
                      "Node Type": "Index Scan",
                      "Parent Relationship": "Inner",
                      "Parallel Aware": false,
                      "Scan Direction": "Forward",
                      "Index Name": "title_pkey",
                      "Relation Name": "title",
                      "Alias": "t",
                      "Startup Cost": 0.43,
                      "Total Cost": 0.5,
                      "Plan Rows": 1,
                      "Plan Width": 21,
                      "Actual Startup Time": 0.004,
                      "Actual Total Time": 0.004,
                      "Actual Rows": 1,
                      "Actual Loops": 6204,
                      "Index Cond": "(id = ci.movie_id)",
                      "Rows Removed by Index Recheck": 0
                    }
                  ]
                }
              ]
            }
          ]
        }
      ]
    },
    "Planning Time": 16.005,
    "Triggers": [],
    "Execution Time": 468.445
  }
]