[
  {
    "Plan": {
      "Node Type": "Aggregate",
      "Strategy": "Plain",
      "Partial Mode": "Finalize",
      "Parallel Aware": false,
      "Startup Cost": 343226.99,
      "Total Cost": 343227.0,
      "Plan Rows": 1,
      "Plan Width": 8,
      "Actual Startup Time": 839.214,
      "Actual Total Time": 898.663,
      "Actual Rows": 1,
      "Actual Loops": 1,
      "Plans": [
        {
          "Node Type": "Gather",
          "Parent Relationship": "Outer",
          "Parallel Aware": false,
          "Startup Cost": 343226.36,
          "Total Cost": 343226.97,
          "Plan Rows": 6,
          "Plan Width": 8,
          "Actual Startup Time": 839.126,
          "Actual Total Time": 898.633,
          "Actual Rows": 7,
          "Actual Loops": 1,
          "Workers Planned": 6,
          "Workers Launched": 6,
          "Single Copy": false,
          "Plans": [
            {
              "Node Type": "Aggregate",
              "Strategy": "Plain",
              "Partial Mode": "Partial",
              "Parent Relationship": "Outer",
              "Parallel Aware": false,
              "Startup Cost": 342226.36,
              "Total Cost": 342226.37,
              "Plan Rows": 1,
              "Plan Width": 8,
              "Actual Startup Time": 828.923,
              "Actual Total Time": 828.924,
              "Actual Rows": 1,
              "Actual Loops": 7,
              "Plans": [
                {
                  "Node Type": "Seq Scan",
                  "Parent Relationship": "Outer",
                  "Parallel Aware": true,
                  "Relation Name": "cast_info",
                  "Alias": "ci",
                  "Startup Cost": 0.0,
                  "Total Cost": 328162.03,
                  "Plan Rows": 5625734,
                  "Plan Width": 0,
                  "Actual Startup Time": 0.057,
                  "Actual Total Time": 628.434,
                  "Actual Rows": 4838138,
                  "Actual Loops": 7,
                  "Filter": "(person_id < 3597778)",
                  "Rows Removed by Filter": 339625
                }
              ]
            }
          ]
        }
      ]
    },
    "Planning Time": 0.187,
    "Triggers": [],
    "Execution Time": 898.781
  }
]