{
  "Plan": {
    "Node Type": "Aggregate",
    "Strategy": "Plain",
    "Partial Mode": "Finalize",
    "Parallel Aware": false,
    "Startup Cost": 163563.11,
    "Total Cost": 163563.12,
    "Plan Rows": 1,
    "Plan Width": 8,
    "Actual Startup Time": 971.261,
    "Actual Total Time": 988.902,
    "Actual Rows": 1,
    "Actual Loops": 1,
    "Plans": [
      {
        "Node Type": "Gather",
        "Parent Relationship": "Outer",
        "Parallel Aware": false,
        "Startup Cost": 163563.0,
        "Total Cost": 163563.11,
        "Plan Rows": 1,
        "Plan Width": 8,
        "Actual Startup Time": 969.604,
        "Actual Total Time": 988.893,
        "Actual Rows": 2,
        "Actual Loops": 1,
        "Workers Planned": 1,
        "Workers Launched": 1,
        "Single Copy": false,
        "Plans": [
          {
            "Node Type": "Aggregate",
            "Strategy": "Plain",
            "Partial Mode": "Partial",
            "Parent Relationship": "Outer",
            "Parallel Aware": false,
            "Startup Cost": 162563.0,
            "Total Cost": 162563.01,
            "Plan Rows": 1,
            "Plan Width": 8,
            "Actual Startup Time": 965.439,
            "Actual Total Time": 965.602,
            "Actual Rows": 1,
            "Actual Loops": 2,
            "Plans": [
              {
                "Node Type": "Hash Join",
                "Parent Relationship": "Outer",
                "Parallel Aware": true,
                "Join Type": "Inner",
                "Startup Cost": 93734.36,
                "Total Cost": 162097.0,
                "Plan Rows": 186399,
                "Plan Width": 0,
                "Actual Startup Time": 506.729,
                "Actual Total Time": 923.725,
                "Actual Rows": 975678,
                "Actual Loops": 2,
                "Inner Unique": false,
                "Hash Cond": "(mk.movie_id = t.id)",
                "Plans": [
                  {
                    "Node Type": "Seq Scan",
                    "Parent Relationship": "Outer",
                    "Parallel Aware": true,
                    "Relation Name": "movie_keyword",
                    "Alias": "mk",
                    "Startup Cost": 0.0,
                    "Total Cost": 57718.19,
                    "Plan Rows": 2546128,
                    "Plan Width": 4,
                    "Actual Startup Time": 0.021,
                    "Actual Total Time": 195.772,
                    "Actual Rows": 2157812,
                    "Actual Loops": 2,
                    "Filter": "(keyword_id > 137)",
                    "Rows Removed by Filter": 104152
                  },
                  {
                    "Node Type": "Hash",
                    "Parent Relationship": "Inner",
                    "Parallel Aware": true,
                    "Startup Cost": 92373.37,
                    "Total Cost": 92373.37,
                    "Plan Rows": 108879,
                    "Plan Width": 8,
                    "Actual Startup Time": 503.379,
                    "Actual Total Time": 503.541,
                    "Actual Rows": 143690,
                    "Actual Loops": 2,
                    "Hash Buckets": 524288,
                    "Original Hash Buckets": 262144,
                    "Hash Batches": 1,
                    "Original Hash Batches": 1,
                    "Peak Memory Usage": 17440,
                    "Plans": [
                      {
                        "Node Type": "Hash Join",
                        "Parent Relationship": "Outer",
                        "Parallel Aware": true,
                        "Join Type": "Inner",
                        "Startup Cost": 31567.4,
                        "Total Cost": 92373.37,
                        "Plan Rows": 108879,
                        "Plan Width": 8,
                        "Actual Startup Time": 124.983,
                        "Actual Total Time": 461.616,
                        "Actual Rows": 143690,
                        "Actual Loops": 2,
                        "Inner Unique": false,
                        "Hash Cond": "(t.id = mc.movie_id)",
                        "Plans": [
                          {
                            "Node Type": "Seq Scan",
                            "Parent Relationship": "Outer",
                            "Parallel Aware": true,
                            "Relation Name": "title",
                            "Alias": "t",
                            "Startup Cost": 0.0,
                            "Total Cost": 50870.31,
                            "Plan Rows": 1487231,
                            "Plan Width": 4,
                            "Actual Startup Time": 0.01,
                            "Actual Total Time": 117.29,
                            "Actual Rows": 1264156,
                            "Actual Loops": 2
                          },
                          {
                            "Node Type": "Hash",
                            "Parent Relationship": "Inner",
                            "Parallel Aware": true,
                            "Startup Cost": 30206.42,
                            "Total Cost": 30206.42,
                            "Plan Rows": 108879,
                            "Plan Width": 4,
                            "Actual Startup Time": 122.988,
                            "Actual Total Time": 122.99,
                            "Actual Rows": 143690,
                            "Actual Loops": 2,
                            "Hash Buckets": 524288,
                            "Original Hash Buckets": 262144,
                            "Hash Batches": 1,
                            "Original Hash Batches": 1,
                            "Peak Memory Usage": 17408,
                            "Plans": [
                              {
                                "Node Type": "Bitmap Heap Scan",
                                "Parent Relationship": "Outer",
                                "Parallel Aware": true,
                                "Relation Name": "movie_companies",
                                "Alias": "mc",
                                "Startup Cost": 8098.73,
                                "Total Cost": 30206.42,
                                "Plan Rows": 108879,
                                "Plan Width": 4,
                                "Actual Startup Time": 30.419,
                                "Actual Total Time": 87.108,
                                "Actual Rows": 143690,
                                "Actual Loops": 2,
                                "Recheck Cond": "(company_id < 213)",
                                "Rows Removed by Index Recheck": 0,
                                "Filter": "(company_type_id < 2)",
                                "Rows Removed by Filter": 43130,
                                "Exact Heap Blocks": 11521,
                                "Lossy Heap Blocks": 0,
                                "Plans": [
                                  {
                                    "Node Type": "Bitmap Index Scan",
                                    "Parent Relationship": "Outer",
                                    "Parallel Aware": false,
                                    "Index Name": "company_id_movie_companies",
                                    "Startup Cost": 0.0,
                                    "Total Cost": 8052.46,
                                    "Plan Rows": 376004,
                                    "Plan Width": 0,
                                    "Actual Startup Time": 27.472,
                                    "Actual Total Time": 27.472,
                                    "Actual Rows": 373640,
                                    "Actual Loops": 1,
                                    "Index Cond": "(company_id < 213)"
                                  }
                                ]
                              }
                            ]
                          }
                        ]
                      }
                    ]
                  }
                ]
              }
            ]
          }
        ]
      }
    ]
  },
  "Planning Time": 0.934,
  "Triggers": [],
  "Execution Time": 989.007
}