[
  {
    "Plan": {
      "Node Type": "Aggregate",
      "Strategy": "Plain",
      "Partial Mode": "Finalize",
      "Parallel Aware": false,
      "Startup Cost": 47229.81,
      "Total Cost": 47229.82,
      "Plan Rows": 1,
      "Plan Width": 8,
      "Actual Startup Time": 170.156,
      "Actual Total Time": 178.76,
      "Actual Rows": 1,
      "Actual Loops": 1,
      "Plans": [
        {
          "Node Type": "Gather",
          "Parent Relationship": "Outer",
          "Parallel Aware": false,
          "Startup Cost": 47229.49,
          "Total Cost": 47229.8,
          "Plan Rows": 3,
          "Plan Width": 8,
          "Actual Startup Time": 170.047,
          "Actual Total Time": 178.752,
          "Actual Rows": 4,
          "Actual Loops": 1,
          "Workers Planned": 3,
          "Workers Launched": 3,
          "Single Copy": false,
          "Plans": [
            {
              "Node Type": "Aggregate",
              "Strategy": "Plain",
              "Partial Mode": "Partial",
              "Parent Relationship": "Outer",
              "Parallel Aware": false,
              "Startup Cost": 46229.49,
              "Total Cost": 46229.5,
              "Plan Rows": 1,
              "Plan Width": 8,
              "Actual Startup Time": 163.864,
              "Actual Total Time": 163.865,
              "Actual Rows": 1,
              "Actual Loops": 4,
              "Plans": [
                {
                  "Node Type": "Seq Scan",
                  "Parent Relationship": "Outer",
                  "Parallel Aware": true,
                  "Relation Name": "movie_keyword",
                  "Alias": "mk",
                  "Startup Cost": 0.0,
                  "Total Cost": 42695.65,
                  "Plan Rows": 1413536,
                  "Plan Width": 0,
                  "Actual Startup Time": 0.047,
                  "Actual Total Time": 118.739,
                  "Actual Rows": 1096134,
                  "Actual Loops": 4,
                  "Filter": "(keyword_id < 75116)",
                  "Rows Removed by Filter": 34848
                }
              ]
            }
          ]
        }
      ]
    },
    "Planning Time": 0.181,
    "Triggers": [],
    "Execution Time": 178.814
  }
]