[
  {
    "Plan": {
      "Node Type": "Aggregate",
      "Strategy": "Plain",
      "Partial Mode": "Finalize",
      "Parallel Aware": false,
      "Startup Cost": 44968.3,
      "Total Cost": 44968.31,
      "Plan Rows": 1,
      "Plan Width": 8,
      "Actual Startup Time": 93.885,
      "Actual Total Time": 106.939,
      "Actual Rows": 1,
      "Actual Loops": 1,
      "Plans": [
        {
          "Node Type": "Gather",
          "Parent Relationship": "Outer",
          "Parallel Aware": false,
          "Startup Cost": 44967.88,
          "Total Cost": 44968.29,
          "Plan Rows": 4,
          "Plan Width": 8,
          "Actual Startup Time": 93.757,
          "Actual Total Time": 106.933,
          "Actual Rows": 5,
          "Actual Loops": 1,
          "Workers Planned": 4,
          "Workers Launched": 4,
          "Single Copy": false,
          "Plans": [
            {
              "Node Type": "Aggregate",
              "Strategy": "Plain",
              "Partial Mode": "Partial",
              "Parent Relationship": "Outer",
              "Parallel Aware": false,
              "Startup Cost": 43967.88,
              "Total Cost": 43967.89,
              "Plan Rows": 1,
              "Plan Width": 8,
              "Actual Startup Time": 84.048,
              "Actual Total Time": 84.05,
              "Actual Rows": 1,
              "Actual Loops": 5,
              "Plans": [
                {
                  "Node Type": "Nested Loop",
                  "Parent Relationship": "Outer",
                  "Parallel Aware": false,
                  "Join Type": "Inner",
                  "Startup Cost": 0.43,
                  "Total Cost": 43967.85,
                  "Plan Rows": 12,
                  "Plan Width": 0,
                  "Actual Startup Time": 54.848,
                  "Actual Total Time": 84.026,
                  "Actual Rows": 211,
                  "Actual Loops": 5,
                  "Inner Unique": false,
                  "Plans": [
                    {
                      "Node Type": "Seq Scan",
                      "Parent Relationship": "Outer",
                      "Parallel Aware": true,
                      "Relation Name": "title",
                      "Alias": "t",
                      "Startup Cost": 0.0,
                      "Total Cost": 43898.92,
                      "Plan Rows": 7,
                      "Plan Width": 4,
                      "Actual Startup Time": 44.049,
                      "Actual Total Time": 82.408,
                      "Actual Rows": 88,
                      "Actual Loops": 5,
                      "Filter": "(production_year > 2014)",
                      "Rows Removed by Filter": 505575
                    },
                    {
                      "Node Type": "Index Only Scan",
                      "Parent Relationship": "Inner",
                      "Parallel Aware": false,
                      "Scan Direction": "Forward",
                      "Index Name": "movie_id_movie_keyword",
                      "Relation Name": "movie_keyword",
                      "Alias": "mk",
                      "Startup Cost": 0.43,
                      "Total Cost": 9.4,
                      "Plan Rows": 45,
                      "Plan Width": 4,
                      "Actual Startup Time": 0.017,
                      "Actual Total Time": 0.018,
                      "Actual Rows": 2,
                      "Actual Loops": 438,
                      "Index Cond": "(movie_id = t.id)",
                      "Rows Removed by Index Recheck": 0,
                      "Heap Fetches": 1054
                    }
                  ]
                }
              ]
            }
          ]
        }
      ]
    },
    "Planning Time": 0.404,
    "Triggers": [],
    "Execution Time": 106.991
  }
]