{
  "Plan": {
    "Node Type": "Aggregate",
    "Strategy": "Plain",
    "Partial Mode": "Finalize",
    "Parallel Aware": false,
    "Startup Cost": 349126.27,
    "Total Cost": 349126.28,
    "Plan Rows": 1,
    "Plan Width": 8,
    "Actual Startup Time": 2545.773,
    "Actual Total Time": 2579.248,
    "Actual Rows": 1,
    "Actual Loops": 1,
    "Plans": [
      {
        "Node Type": "Gather",
        "Parent Relationship": "Outer",
        "Parallel Aware": false,
        "Startup Cost": 349126.16,
        "Total Cost": 349126.27,
        "Plan Rows": 1,
        "Plan Width": 8,
        "Actual Startup Time": 2537.432,
        "Actual Total Time": 2579.241,
        "Actual Rows": 2,
        "Actual Loops": 1,
        "Workers Planned": 1,
        "Workers Launched": 1,
        "Single Copy": false,
        "Plans": [
          {
            "Node Type": "Aggregate",
            "Strategy": "Plain",
            "Partial Mode": "Partial",
            "Parent Relationship": "Outer",
            "Parallel Aware": false,
            "Startup Cost": 348126.16,
            "Total Cost": 348126.17,
            "Plan Rows": 1,
            "Plan Width": 8,
            "Actual Startup Time": 2528.89,
            "Actual Total Time": 2528.896,
            "Actual Rows": 1,
            "Actual Loops": 2,
            "Plans": [
              {
                "Node Type": "Hash Join",
                "Parent Relationship": "Outer",
                "Parallel Aware": true,
                "Join Type": "Inner",
                "Startup Cost": 298330.68,
                "Total Cost": 345172.86,
                "Plan Rows": 1181319,
                "Plan Width": 0,
                "Actual Startup Time": 1256.31,
                "Actual Total Time": 2191.51,
                "Actual Rows": 8435896,
                "Actual Loops": 2,
                "Inner Unique": false,
                "Hash Cond": "(mc.movie_id = t.id)",
                "Plans": [
                  {
                    "Node Type": "Seq Scan",
                    "Parent Relationship": "Outer",
                    "Parallel Aware": true,
                    "Relation Name": "movie_companies",
                    "Alias": "mc",
                    "Startup Cost": 0.0,
                    "Total Cost": 34137.82,
                    "Plan Rows": 1534782,
                    "Plan Width": 4,
                    "Actual Startup Time": 0.015,
                    "Actual Total Time": 98.929,
                    "Actual Rows": 1304564,
                    "Actual Loops": 2
                  },
                  {
                    "Node Type": "Hash",
                    "Parent Relationship": "Inner",
                    "Parallel Aware": true,
                    "Startup Cost": 284021.69,
                    "Total Cost": 284021.69,
                    "Plan Rows": 1144719,
                    "Plan Width": 8,
                    "Actual Startup Time": 1241.754,
                    "Actual Total Time": 1241.758,
                    "Actual Rows": 932816,
                    "Actual Loops": 2,
                    "Hash Buckets": 2097152,
                    "Original Hash Buckets": 2097152,
                    "Hash Batches": 1,
                    "Original Hash Batches": 1,
                    "Peak Memory Usage": 89408,
                    "Plans": [
                      {
                        "Node Type": "Hash Join",
                        "Parent Relationship": "Outer",
                        "Parallel Aware": true,
                        "Join Type": "Inner",
                        "Startup Cost": 104714.81,
                        "Total Cost": 284021.69,
                        "Plan Rows": 1144719,
                        "Plan Width": 8,
                        "Actual Startup Time": 590.539,
                        "Actual Total Time": 1028.325,
                        "Actual Rows": 932816,
                        "Actual Loops": 2,
                        "Inner Unique": true,
                        "Hash Cond": "(mi.movie_id = t.id)",
                        "Plans": [
                          {
                            "Node Type": "Bitmap Heap Scan",
                            "Parent Relationship": "Outer",
                            "Parallel Aware": true,
                            "Relation Name": "movie_info",
                            "Alias": "mi",
                            "Startup Cost": 35254.11,
                            "Total Cost": 211556.11,
                            "Plan Rows": 1144719,
                            "Plan Width": 4,
                            "Actual Startup Time": 70.538,
                            "Actual Total Time": 214.086,
                            "Actual Rows": 932816,
                            "Actual Loops": 2,
                            "Recheck Cond": "(info_type_id > 17)",
                            "Rows Removed by Index Recheck": 0,
                            "Exact Heap Blocks": 21771,
                            "Lossy Heap Blocks": 0,
                            "Plans": [
                              {
                                "Node Type": "Bitmap Index Scan",
                                "Parent Relationship": "Outer",
                                "Parallel Aware": false,
                                "Index Name": "info_type_id_movie_info",
                                "Startup Cost": 0.0,
                                "Total Cost": 34767.61,
                                "Plan Rows": 1946023,
                                "Plan Width": 0,
                                "Actual Startup Time": 63.829,
                                "Actual Total Time": 63.829,
                                "Actual Rows": 1865632,
                                "Actual Loops": 1,
                                "Index Cond": "(info_type_id > 17)"
                              }
                            ]
                          },
                          {
                            "Node Type": "Hash",
                            "Parent Relationship": "Inner",
                            "Parallel Aware": true,
                            "Startup Cost": 50870.31,
                            "Total Cost": 50870.31,
                            "Plan Rows": 1487231,
                            "Plan Width": 4,
                            "Actual Startup Time": 506.26,
                            "Actual Total Time": 506.261,
                            "Actual Rows": 1264156,
                            "Actual Loops": 2,
                            "Hash Buckets": 4194304,
                            "Original Hash Buckets": 4194304,
                            "Hash Batches": 1,
                            "Original Hash Batches": 1,
                            "Peak Memory Usage": 131712,
                            "Plans": [
                              {
                                "Node Type": "Seq Scan",
                                "Parent Relationship": "Outer",
                                "Parallel Aware": true,
                                "Relation Name": "title",
                                "Alias": "t",
                                "Startup Cost": 0.0,
                                "Total Cost": 50870.31,
                                "Plan Rows": 1487231,
                                "Plan Width": 4,
                                "Actual Startup Time": 0.028,
                                "Actual Total Time": 158.085,
                                "Actual Rows": 1264156,
                                "Actual Loops": 2
                              }
                            ]
                          }
                        ]
                      }
                    ]
                  }
                ]
              }
            ]
          }
        ]
      }
    ]
  },
  "Planning Time": 1.037,
  "Triggers": [],
  "Execution Time": 2579.351
}