{
  "Plan": {
    "Node Type": "Aggregate",
    "Strategy": "Plain",
    "Partial Mode": "Finalize",
    "Parallel Aware": false,
    "Startup Cost": 724735.54,
    "Total Cost": 724735.55,
    "Plan Rows": 1,
    "Plan Width": 8,
    "Actual Startup Time": 2875.717,
    "Actual Total Time": 2949.86,
    "Actual Rows": 1,
    "Actual Loops": 1,
    "Plans": [
      {
        "Node Type": "Gather",
        "Parent Relationship": "Outer",
        "Parallel Aware": false,
        "Startup Cost": 724735.43,
        "Total Cost": 724735.54,
        "Plan Rows": 1,
        "Plan Width": 8,
        "Actual Startup Time": 2874.061,
        "Actual Total Time": 2949.852,
        "Actual Rows": 2,
        "Actual Loops": 1,
        "Workers Planned": 1,
        "Workers Launched": 1,
        "Single Copy": false,
        "Plans": [
          {
            "Node Type": "Aggregate",
            "Strategy": "Plain",
            "Partial Mode": "Partial",
            "Parent Relationship": "Outer",
            "Parallel Aware": false,
            "Startup Cost": 723735.43,
            "Total Cost": 723735.44,
            "Plan Rows": 1,
            "Plan Width": 8,
            "Actual Startup Time": 2867.896,
            "Actual Total Time": 2867.9,
            "Actual Rows": 1,
            "Actual Loops": 2,
            "Plans": [
              {
                "Node Type": "Hash Join",
                "Parent Relationship": "Outer",
                "Parallel Aware": true,
                "Join Type": "Inner",
                "Startup Cost": 651128.19,
                "Total Cost": 721279.01,
                "Plan Rows": 982567,
                "Plan Width": 0,
                "Actual Startup Time": 2494.469,
                "Actual Total Time": 2855.269,
                "Actual Rows": 296654,
                "Actual Loops": 2,
                "Inner Unique": false,
                "Hash Cond": "(mk.movie_id = t.id)",
                "Plans": [
                  {
                    "Node Type": "Seq Scan",
                    "Parent Relationship": "Outer",
                    "Parallel Aware": true,
                    "Relation Name": "movie_keyword",
                    "Alias": "mk",
                    "Startup Cost": 0.0,
                    "Total Cost": 51065.35,
                    "Plan Rows": 2661135,
                    "Plan Width": 4,
                    "Actual Startup Time": 0.011,
                    "Actual Total Time": 154.525,
                    "Actual Rows": 2261965,
                    "Actual Loops": 2
                  },
                  {
                    "Node Type": "Hash",
                    "Parent Relationship": "Inner",
                    "Parallel Aware": true,
                    "Startup Cost": 644264.09,
                    "Total Cost": 644264.09,
                    "Plan Rows": 549128,
                    "Plan Width": 8,
                    "Actual Startup Time": 2485.165,
                    "Actual Total Time": 2485.168,
                    "Actual Rows": 218930,
                    "Actual Loops": 2,
                    "Hash Buckets": 1048576,
                    "Original Hash Buckets": 1048576,
                    "Hash Batches": 1,
                    "Original Hash Batches": 1,
                    "Peak Memory Usage": 25344,
                    "Plans": [
                      {
                        "Node Type": "Hash Join",
                        "Parent Relationship": "Outer",
                        "Parallel Aware": true,
                        "Join Type": "Inner",
                        "Startup Cost": 60693.92,
                        "Total Cost": 644264.09,
                        "Plan Rows": 549128,
                        "Plan Width": 8,
                        "Actual Startup Time": 926.409,
                        "Actual Total Time": 2412.55,
                        "Actual Rows": 218930,
                        "Actual Loops": 2,
                        "Inner Unique": true,
                        "Hash Cond": "(ci.movie_id = t.id)",
                        "Plans": [
                          {
                            "Node Type": "Seq Scan",
                            "Parent Relationship": "Outer",
                            "Parallel Aware": true,
                            "Relation Name": "cast_info",
                            "Alias": "ci",
                            "Startup Cost": 0.0,
                            "Total Cost": 572345.93,
                            "Plan Rows": 4275892,
                            "Plan Width": 4,
                            "Actual Startup Time": 749.735,
                            "Actual Total Time": 1583.278,
                            "Actual Rows": 5493646,
                            "Actual Loops": 2,
                            "Filter": "((person_id > 2605524) AND (role_id > 1))",
                            "Rows Removed by Filter": 12628526
                          },
                          {
                            "Node Type": "Hash",
                            "Parent Relationship": "Inner",
                            "Parallel Aware": true,
                            "Startup Cost": 58306.47,
                            "Total Cost": 58306.47,
                            "Plan Rows": 190996,
                            "Plan Width": 4,
                            "Actual Startup Time": 172.858,
                            "Actual Total Time": 172.859,
                            "Actual Rows": 99494,
                            "Actual Loops": 2,
                            "Hash Buckets": 524288,
                            "Original Hash Buckets": 524288,
                            "Hash Batches": 1,
                            "Original Hash Batches": 1,
                            "Peak Memory Usage": 11904,
                            "Plans": [
                              {
                                "Node Type": "Seq Scan",
                                "Parent Relationship": "Outer",
                                "Parallel Aware": true,
                                "Relation Name": "title",
                                "Alias": "t",
                                "Startup Cost": 0.0,
                                "Total Cost": 58306.47,
                                "Plan Rows": 190996,
                                "Plan Width": 4,
                                "Actual Startup Time": 0.061,
                                "Actual Total Time": 141.842,
                                "Actual Rows": 99494,
                                "Actual Loops": 2,
                                "Filter": "((kind_id > 1) AND (production_year < 1976))",
                                "Rows Removed by Filter": 1164662
                              }
                            ]
                          }
                        ]
                      }
                    ]
                  }
                ]
              }
            ]
          }
        ]
      }
    ]
  },
  "Planning Time": 1.109,
  "Triggers": [],
  "Execution Time": 2949.959
}