[
  {
    "Plan": {
      "Node Type": "Aggregate",
      "Strategy": "Plain",
      "Partial Mode": "Finalize",
      "Parallel Aware": false,
      "Startup Cost": 33094.37,
      "Total Cost": 33094.38,
      "Plan Rows": 1,
      "Plan Width": 8,
      "Actual Startup Time": 92.217,
      "Actual Total Time": 101.225,
      "Actual Rows": 1,
      "Actual Loops": 1,
      "Plans": [
        {
          "Node Type": "Gather",
          "Parent Relationship": "Outer",
          "Parallel Aware": false,
          "Startup Cost": 33094.06,
          "Total Cost": 33094.37,
          "Plan Rows": 3,
          "Plan Width": 8,
          "Actual Startup Time": 92.03,
          "Actual Total Time": 101.211,
          "Actual Rows": 4,
          "Actual Loops": 1,
          "Workers Planned": 3,
          "Workers Launched": 3,
          "Single Copy": false,
          "Plans": [
            {
              "Node Type": "Aggregate",
              "Strategy": "Plain",
              "Partial Mode": "Partial",
              "Parent Relationship": "Outer",
              "Parallel Aware": false,
              "Startup Cost": 32094.06,
              "Total Cost": 32094.07,
              "Plan Rows": 1,
              "Plan Width": 8,
              "Actual Startup Time": 86.553,
              "Actual Total Time": 86.554,
              "Actual Rows": 1,
              "Actual Loops": 4,
              "Plans": [
                {
                  "Node Type": "Seq Scan",
                  "Parent Relationship": "Outer",
                  "Parallel Aware": true,
                  "Relation Name": "movie_companies",
                  "Alias": "mc",
                  "Startup Cost": 0.0,
                  "Total Cost": 31414.82,
                  "Plan Rows": 271695,
                  "Plan Width": 0,
                  "Actual Startup Time": 45.325,
                  "Actual Total Time": 80.244,
                  "Actual Rows": 133609,
                  "Actual Loops": 4,
                  "Filter": "((company_id < 18490) AND (company_type_id = 2))",
                  "Rows Removed by Filter": 518674
                }
              ]
            }
          ]
        }
      ]
    },
    "Planning Time": 0.227,
    "Triggers": [],
    "Execution Time": 101.282
  }
]